TRXV5
3
4
4
9
string Extension=J
integer IsArchMeasurement=1
integer IsSpherical=1
string Generator=SPM
string GeneratorVersion=1.3.1 Dev
double ArchRadius=0.449999988079071
integer FrequencyAxisIndex=0
integer AzimuthAxisIndex=1
integer ElevationAxisIndex=2
Frequency
5 201 700000000 800000000 LIN
Azimuth
7 8 0 2.74889357189107 LIN
Elevation
7 15 -2.74889357189107 2.74889357189107 LIN
Polar H Real Part
13
Polar H Imaginary Part
14
Polar V Real Part
13
Polar V Imaginary Part
14
Polar H Magnitude (dB)
12 0xC0000002 0 1
Polar H Phase
7 0xC0000003 0 1
Polar V Magnitude (dB)
12 0xC0000002 2 3
Polar V Phase
7 0xC0000003 2 3
0.0306129455566406 -0.0118446350097656 -0.285888671875 -0.035552978515625
-0.00356483459472656 0.0156059265136719 -0.15496826171875 -0.301849365234375
0.00560569763183594 0.0275821685791016 0.17840576171875 -0.44317626953125
-0.0188064575195313 0.0157756805419922 0.58740234375 -0.2479248046875
-0.0410995483398438 -0.00723648071289063 0.5845947265625 0.41693115234375
-0.0146484375 -0.0265388488769531 0.050048828125 0.873046875
-0.00287055969238281 0.0298709869384766 -0.39324951171875 0.56524658203125
-0.00878143310546875 0.0431327819824219 -0.014678955078125 0.0748138427734375
-0.00237274169921875 0.0177898406982422 0.487213134765625 -0.480804443359375
0.00987911224365234 0.000561714172363281 0.0722045898437501 -0.92919921875
-0.0237560272216797 -0.00881767272949218 -0.650390625 -0.50347900390625
-0.0267448425292969 -0.00334548950195312 -0.61260986328125 0.21148681640625
-0.00337600708007812 0.0234718322753906 -0.209747314453125 0.441986083984375
-0.0106220245361328 0.0148649215698242 0.17230224609375 0.284759521484375
0.0188312530517578 -0.0187587738037109 0.295166015625 0.038604736328125
0.0279483795166016 -0.0171146392822266 -0.279693603515625 -0.0374145507812501
-0.000699996948242188 0.00744247436523437 -0.135589599609375 -0.301849365234375
0.0112781524658203 0.020904541015625 0.209686279296875 -0.429443359375
-0.0106477737426758 0.0150651931762695 0.6109619140625 -0.19769287109375
-0.0362548828125 -0.0053863525390625 0.55340576171875 0.476593017578125
-0.0164041519165039 -0.016357421875 -0.0181274414062501 0.887939453125
-0.0190925598144531 0.0396575927734375 -0.416778564453125 0.53863525390625
-0.0270500183105469 0.0472984313964844 0.00859832763671875 0.0555648803710938
-0.0169315338134766 0.0237865447998047 0.465606689453125 -0.514129638671875
0.00275230407714844 0.0103225708007813 -0.000549316406250001 -0.92315673828125
-0.015904426574707 -0.000754356384277342 -0.67962646484375 -0.4365234375
-0.0137214660644531 -0.00448417663574219 -0.5869140625 0.2587890625
0.00635719299316406 0.0182571411132812 -0.17620849609375 0.456329345703125
-0.00785589218139648 0.00857162475585938 0.192138671875 0.2813720703125
0.0165424346923828 -0.0247402191162109 0.3018798828125 0.0391845703125
0.026702880859375 -0.0204086303710938 -0.27423095703125 -0.039825439453125
0.00417709350585938 0.000710010528564453 -0.1175537109375 -0.30609130859375
0.0224151611328125 0.0132656097412109 0.24127197265625 -0.41339111328125
0.000672340393066407 0.0151948928833008 0.6280517578125 -0.14483642578125
-0.0303306579589844 0.000465393066406245 0.51556396484375 0.5355224609375
-0.0195846557617187 -0.0105609893798828 -0.0896606445312499 0.89501953125
-0.0288887023925781 0.0416526794433594 -0.436553955078125 0.502593994140625
-0.0342216491699219 0.0441322326660156 0.0378532409667969 0.0355758666992188
-0.0261478424072266 0.0232143402099609 0.442169189453125 -0.551300048828125
0.000944137573242186 0.0156936645507812 -0.0725708007812501 -0.9066162109375
-0.00528860092163086 0.00702857971191406 -0.70550537109375 -0.36859130859375
-0.00160074234008789 -0.00531196594238281 -0.5556640625 0.30419921875
0.0162553787231445 0.0118122100830078 -0.142608642578125 0.46685791015625
-0.00290203094482422 -0.000590324401855469 0.208724975585938 0.2734375
0.0140190124511719 -0.0309886932373047 0.30902099609375 0.036895751953125
0.0239315032958984 -0.0248546600341797 -0.271575927734375 -0.0471954345703125
0.0132589340209961 -0.00837898254394531 -0.102752685546875 -0.310821533203125
0.0357856750488281 0.0062103271484375 0.263458251953125 -0.397613525390625
0.0115652084350586 0.0167646408081055 0.64166259765625 -0.09710693359375
-0.0235271453857422 0.00506401062011719 0.48138427734375 0.581787109375
-0.0211544036865234 -0.0111656188964844 -0.148681640625 0.89434814453125
-0.0315437316894531 0.0353927612304688 -0.446380615234375 0.469970703125
-0.0284805297851563 0.0363807678222656 0.0684318542480469 0.0153465270996094
-0.0266189575195313 0.0195808410644531 0.42529296875 -0.5836181640625
-0.000946044921875001 0.0173349380493164 -0.12652587890625 -0.8907470703125
0.00401973724365234 0.0117816925048828 -0.7174072265625 -0.30987548828125
0.0108957290649414 -0.00940990447998047 -0.52655029296875 0.3365478515625
0.0258827209472656 0.001922607421875 -0.11083984375 0.470367431640625
0.00223350524902344 -0.00887680053710938 0.221633911132813 0.264678955078125
0.0103549957275391 -0.0334892272949219 0.311065673828125 0.030059814453125
0.0237312316894531 -0.0272045135498047 -0.272064208984375 -0.0538330078125
0.0210742950439453 -0.0172691345214844 -0.09967041015625 -0.315826416015625
0.0466690063476563 0.00072479248046875 0.275421142578125 -0.38671875
0.0231704711914063 0.0234165191650391 0.64678955078125 -0.067626953125
-0.0183334350585937 0.0125389099121094 0.4554443359375 0.61065673828125
-0.0178337097167969 -0.0114097595214844 -0.181884765625 0.88848876953125
-0.022705078125 0.0224609375 -0.44439697265625 0.445159912109375
-0.0151939392089844 0.0245170593261719 0.0944595336914062 -0.0015106201171875
-0.0225772857666016 0.00754928588867187 0.41876220703125 -0.6051025390625
-0.00116157531738281 0.0151529312133789 -0.15936279296875 -0.8809814453125
0.0119266510009766 0.0147161483764648 -0.72119140625 -0.27197265625
0.0213718414306641 -0.0139713287353516 -0.5057373046875 0.35723876953125
0.0344448089599609 -0.0080413818359375 -0.093536376953125 0.4742431640625
0.00768661499023437 -0.0200557708740234 0.224655151367188 0.255538940429688
0.00783920288085938 -0.0354843139648438 0.311126708984375 0.023712158203125
0.0235919952392578 -0.0283470153808594 -0.275543212890625 -0.0641632080078125
0.0292243957519531 -0.0228481292724609 -0.0997314453125 -0.32208251953125
0.056549072265625 -0.003936767578125 0.27880859375 -0.385101318359375
0.0302238464355469 0.0251712799072266 0.6513671875 -0.05511474609375
-0.0165033340454102 0.0129566192626953 0.44866943359375 0.623291015625
-0.0126304626464844 -0.0211200714111328 -0.19012451171875 0.8839111328125
-0.0052790641784668 0.00636863708496094 -0.436309814453125 0.4278564453125
0.0073699951171875 0.0113248825073242 0.114280700683594 -0.012542724609375
-0.0110816955566406 -0.00656795501708984 0.4178466796875 -0.61944580078125
0.000155448913574218 0.0108499526977539 -0.1717529296875 -0.8763427734375
0.0145368576049805 0.0173053741455078 -0.72076416015625 -0.25604248046875
0.0272064208984375 -0.0146331787109375 -0.495208740234375 0.36602783203125
0.04193115234375 -0.0154914855957031 -0.08740234375 0.47076416015625
0.0130290985107422 -0.0271034240722656 0.221054077148438 0.249603271484375
0.00775718688964844 -0.0333194732666016 0.306610107421875 0.0145263671875
0.0248813629150391 -0.0242671966552734 -0.280929565429687 -0.074920654296875
0.0344200134277344 -0.0284214019775391 -0.106903076171875 -0.329193115234375
0.0591888427734375 -0.00690460205078125 0.27398681640625 -0.388092041015625
0.031982421875 0.0281734466552734 0.6527099609375 -0.05438232421875
-0.0172576904296875 0.0100879669189453 0.44793701171875 0.6248779296875
-0.00304031372070313 -0.035858154296875 -0.18475341796875 0.8818359375
0.0224895477294922 -0.0134010314941406 -0.420989990234375 0.42034912109375
0.0424423217773438 -0.00469207763671875 0.128852844238281 -0.0218429565429687
0.00568199157714844 -0.0248088836669922 0.42254638671875 -0.630859375
0.00384426116943359 -0.00116324424743652 -0.17230224609375 -0.87646484375
0.014373779296875 0.0166225433349609 -0.72027587890625 -0.253662109375
0.0282993316650391 -0.0145111083984375 -0.493072509765625 0.36492919921875
0.0456161499023438 -0.0180435180664063 -0.088897705078125 0.468994140625
0.0166854858398437 -0.0316905975341797 0.213943481445313 0.242263793945313
0.00938034057617187 -0.0306434631347656 0.300750732421875 0.003875732421875
0.0250434875488281 -0.0193290710449219 -0.2879638671875 -0.0803222656249999
0.0352287292480469 -0.0294036865234375 -0.12664794921875 -0.335235595703125
0.0562171936035156 -0.00915145874023438 0.256011962890625 -0.401397705078125
0.0267677307128906 0.0254859924316406 0.64459228515625 -0.0867919921875
-0.0191612243652344 0.00465774536132813 0.47796630859375 0.59429931640625
0.004638671875 -0.0556182861328125 -0.13507080078125 0.87750244140625
0.0517921447753906 -0.0387725830078125 -0.403350830078125 0.4344482421875
0.08251953125 -0.0227813720703125 0.123703002929688 -0.0160369873046875
0.03277587890625 -0.0460128784179688 0.4439697265625 -0.62030029296875
0.00650691986083984 -0.0148715972900391 -0.131103515625 -0.8941650390625
0.00843143463134766 0.0146055221557617 -0.71246337890625 -0.2918701171875
0.0262928009033203 -0.0109577178955078 -0.51202392578125 0.343231201171875
0.048004150390625 -0.01751708984375 -0.108154296875 0.463653564453125
0.0214767456054687 -0.0300559997558594 0.197402954101563 0.243057250976563
0.0107631683349609 -0.0243263244628906 0.292633056640625 -0.002838134765625
0.0294284820556641 -0.0116901397705078 -0.287811279296875 -0.0352172851562499
-0.00160026550292969 0.0166482925415039 -0.15704345703125 -0.3021240234375
0.00408935546875 0.0277442932128906 0.178619384765625 -0.4451904296875
-0.0198440551757813 0.0170993804931641 0.588623046875 -0.24700927734375
-0.0420379638671875 -0.00786209106445313 0.584228515625 0.422119140625
-0.0137424468994141 -0.0265731811523437 0.0494384765625 0.87884521484375
-0.00297737121582031 0.0295391082763672 -0.40008544921875 0.56512451171875
-0.00805282592773438 0.0449028015136719 -0.0158920288085937 0.0756607055664063
-0.00217437744140625 0.0189781188964844 0.4918212890625 -0.480133056640625
0.00993156433105469 0.000115394592285156 0.0755615234374999 -0.9334716796875
-0.0237407684326172 -0.00765419006347656 -0.65228271484375 -0.50653076171875
-0.0274677276611328 -0.0019989013671875 -0.6165771484375 0.21197509765625
-0.00351333618164062 0.0234355926513672 -0.212432861328125 0.4453125
-0.0118379592895508 0.015411376953125 0.172149658203125 0.285308837890625
0.0181598663330078 -0.0176219940185547 0.298797607421875 0.03936767578125
0.0285453796386719 -0.0172653198242187 -0.280914306640625 -0.0377655029296875
-0.00166845321655273 0.00826406478881836 -0.138092041015625 -0.302459716796875
0.0107040405273437 0.0211906433105469 0.211273193359375 -0.430328369140625
-0.0110788345336914 0.0151119232177734 0.6116943359375 -0.19647216796875
-0.036468505859375 -0.0046539306640625 0.553466796875 0.482940673828125
-0.0178699493408203 -0.0177803039550781 -0.02105712890625 0.89190673828125
-0.0192298889160156 0.0392799377441406 -0.42144775390625 0.539031982421875
-0.0278778076171875 0.0489349365234375 0.00755691528320312 0.0575942993164063
-0.0177936553955078 0.0237102508544922 0.468170166015625 -0.51409912109375
0.00500965118408203 0.00996494293212891 0.00225830078125005 -0.9248046875
-0.0159845352172852 -2.86102294921901E-05 -0.68316650390625 -0.44061279296875
-0.0148839950561523 -0.00156497955322265 -0.58929443359375 0.25927734375
0.00625991821289062 0.0184535980224609 -0.178924560546875 0.459197998046875
-0.008087158203125 0.00928401947021484 0.192535400390625 0.282684326171875
0.0166416168212891 -0.0236663818359375 0.30487060546875 0.040008544921875
0.0262355804443359 -0.0209312438964844 -0.275955200195312 -0.040191650390625
0.00399518013000488 0.00147414207458496 -0.118896484375 -0.306610107421875
0.0223712921142578 0.0144596099853516 0.239105224609375 -0.41351318359375
0.00103378295898438 0.0157318115234375 0.6302490234375 -0.14208984375
-0.0290126800537109 0.000677108764648439 0.51556396484375 0.539703369140625
-0.0187664031982422 -0.0104866027832031 -0.0919799804687501 0.89971923828125
-0.0298995971679687 0.0411109924316406 -0.44061279296875 0.50311279296875
-0.0344314575195312 0.0454483032226563 0.0379066467285156 0.0352706909179688
-0.0263042449951172 0.0249195098876953 0.445953369140625 -0.551849365234375
0.000535964965820312 0.0153932571411133 -0.0703735351562501 -0.9110107421875
-0.00655889511108398 0.00728273391723633 -0.7076416015625 -0.37078857421875
-0.00147676467895508 -0.00595712661743164 -0.557830810546875 0.30377197265625
0.0170774459838867 0.0111255645751953 -0.141357421875 0.46771240234375
-0.00397086143493652 -0.000597000122070312 0.20770263671875 0.274948120117188
0.0131931304931641 -0.0306682586669922 0.3096923828125 0.037139892578125
0.0247554779052734 -0.02557373046875 -0.2725830078125 -0.045806884765625
0.0133638381958008 -0.00702095031738281 -0.105224609375 -0.311126708984375
0.0343971252441406 0.00697135925292969 0.262786865234375 -0.3988037109375
0.0139274597167969 0.0200023651123047 0.64361572265625 -0.09576416015625
-0.0240821838378906 0.00731658935546875 0.480712890625 0.58624267578125
-0.0198497772216797 -0.00963973999023438 -0.1510009765625 0.8988037109375
-0.0312213897705078 0.0345878601074219 -0.4500732421875 0.471771240234375
-0.0306205749511719 0.0365943908691406 0.0678901672363281 0.0155525207519531
-0.0280075073242188 0.0194416046142578 0.4283447265625 -0.58172607421875
0.000962257385253906 0.0171537399291992 -0.1251220703125 -0.8944091796875
0.003814697265625 0.0137481689453125 -0.71923828125 -0.3133544921875
0.011347770690918 -0.0104274749755859 -0.529541015625 0.33709716796875
0.0260734558105469 0.00273323059082031 -0.111572265625 0.47283935546875
0.00216770172119141 -0.00966072082519531 0.222991943359375 0.267776489257813
0.0119361877441406 -0.0347690582275391 0.31292724609375 0.030731201171875
0.0230464935302734 -0.027069091796875 -0.273544311523438 -0.0538635253906249
0.0205192565917969 -0.0159435272216797 -0.09930419921875 -0.317291259765625
0.0473251342773438 0.00136184692382813 0.2744140625 -0.38897705078125
0.0237865447998047 0.0229434967041016 0.6495361328125 -0.06561279296875
-0.0199527740478516 0.0117359161376953 0.45501708984375 0.6158447265625
-0.0189380645751953 -0.0141410827636719 -0.18463134765625 0.89337158203125
-0.0212802886962891 0.0230255126953125 -0.447509765625 0.4464111328125
-0.0152568817138672 0.0258388519287109 0.0945892333984375 -0.00168609619140625
-0.0228099822998047 0.00887870788574219 0.42071533203125 -0.60577392578125
0.00107002258300781 0.0165567398071289 -0.15936279296875 -0.88421630859375
0.012115478515625 0.0155477523803711 -0.724365234375 -0.27471923828125
0.0228424072265625 -0.0135936737060547 -0.508056640625 0.356658935546875
0.0349750518798828 -0.00751686096191406 -0.092041015625 0.476043701171875
0.00858306884765625 -0.0184841156005859 0.22589111328125 0.257354736328125
0.00778961181640625 -0.0351600646972656 0.31256103515625 0.022674560546875
0.0234203338623047 -0.0269908905029297 -0.275970458984375 -0.0639190673828125
0.0286865234375 -0.0233688354492187 -0.102081298828125 -0.325531005859375
0.0550384521484375 -0.0041656494140625 0.2786865234375 -0.385467529296875
0.0292911529541016 0.0257606506347656 0.6531982421875 -0.05242919921875
-0.0154714584350586 0.0145969390869141 0.44464111328125 0.62939453125
-0.0123310089111328 -0.0221366882324219 -0.1947021484375 0.8878173828125
-0.00532150268554688 0.00647974014282227 -0.438720703125 0.43011474609375
0.0088796615600586 0.0124282836914063 0.113510131835938 -0.014068603515625
-0.0131521224975586 -0.0058126449584961 0.4202880859375 -0.61993408203125
0.00259685516357422 0.0104970932006836 -0.1700439453125 -0.87823486328125
0.0154838562011719 0.0164461135864258 -0.7227783203125 -0.25634765625
0.0269393920898438 -0.0163803100585938 -0.497955322265625 0.366607666015625
0.0425758361816406 -0.0146141052246094 -0.089599609375 0.473114013671875
0.0127925872802734 -0.0255775451660156 0.222183227539063 0.25067138671875
0.00694084167480468 -0.0343074798583984 0.308013916015625 0.01348876953125
0.0235576629638672 -0.0242290496826172 -0.283294677734375 -0.0746154785156249
0.03564453125 -0.0273475646972656 -0.1103515625 -0.33123779296875
0.0577964782714844 -0.00698089599609375 0.275787353515625 -0.387298583984375
0.0315341949462891 0.0273609161376953 0.65423583984375 -0.0526123046875
-0.016047477722168 0.0118951797485352 0.44671630859375 0.6282958984375
-0.00397872924804687 -0.0371856689453125 -0.188720703125 0.8856201171875
0.0218544006347656 -0.0138816833496094 -0.42584228515625 0.420379638671875
0.0429267883300781 -0.00395584106445313 0.128898620605469 -0.0214385986328125
0.00480461120605469 -0.0246124267578125 0.4261474609375 -0.63067626953125
0.00431728363037109 0.000520706176757813 -0.1712646484375 -0.88018798828125
0.0157699584960938 0.0170087814331055 -0.72216796875 -0.25604248046875
0.0290317535400391 -0.0140438079833984 -0.495941162109375 0.3681640625
0.0461997985839844 -0.0186843872070313 -0.090850830078125 0.471527099609375
0.0177726745605469 -0.0297775268554687 0.214630126953125 0.2449951171875
0.00946044921875 -0.0289459228515625 0.30218505859375 0.00494384765625
0.0245914459228516 -0.0196418762207031 -0.288970947265625 -0.0809020996093751
0.0357818603515625 -0.0288429260253906 -0.12469482421875 -0.336883544921875
0.0552597045898437 -0.00819015502929688 0.255218505859375 -0.402435302734375
0.0274314880371094 0.0269279479980469 0.64495849609375 -0.0855712890625
-0.019287109375 0.00557708740234375 0.47869873046875 0.59710693359375
0.00526046752929687 -0.0555839538574219 -0.1395263671875 0.88299560546875
0.0526962280273438 -0.0373802185058594 -0.40740966796875 0.43292236328125
0.0827407836914062 -0.0225143432617187 0.12200927734375 -0.01641845703125
0.03143310546875 -0.0471458435058594 0.44805908203125 -0.61920166015625
0.00735855102539062 -0.0168895721435547 -0.12884521484375 -0.898681640625
0.00913238525390625 0.0147686004638672 -0.71209716796875 -0.29461669921875
0.0262432098388672 -0.0101871490478516 -0.51251220703125 0.34478759765625
0.0481224060058594 -0.0185165405273438 -0.110076904296875 0.464447021484375
0.0224361419677734 -0.0312461853027344 0.1986083984375 0.244918823242188
0.0105838775634766 -0.0252933502197266 0.295654296875 -0.0010986328125
0.0292301177978516 -0.0111789703369141 -0.29022216796875 -0.03533935546875
-0.00275230407714844 0.0170249938964844 -0.1590576171875 -0.30157470703125
0.00369071960449219 0.0280914306640625 0.18017578125 -0.44561767578125
-0.0201625823974609 0.0176010131835938 0.59075927734375 -0.24798583984375
-0.0426216125488281 -0.00817489624023437 0.58660888671875 0.42706298828125
-0.0154533386230469 -0.0268020629882813 0.04766845703125 0.88525390625
-0.00305938720703125 0.0298614501953125 -0.4036865234375 0.5673828125
-0.00973129272460938 0.0458946228027344 -0.0166015625 0.0755081176757813
-0.00292778015136719 0.0196762084960937 0.495880126953125 -0.4814453125
0.0112667083740234 0.00149059295654297 0.0779418945312501 -0.9373779296875
-0.0245628356933594 -0.00699043273925781 -0.65618896484375 -0.5107421875
-0.0280303955078125 -0.00214767456054688 -0.619873046875 0.2135009765625
-0.00336456298828125 0.0233917236328125 -0.214324951171875 0.447967529296875
-0.0114059448242188 0.0163908004760742 0.172210693359375 0.285308837890625
0.0182781219482422 -0.0180931091308594 0.299835205078125 0.040252685546875
0.0296497344970703 -0.0175533294677734 -0.282989501953125 -0.0367431640625001
-0.000975131988525391 0.00855302810668945 -0.140045166015625 -0.3043212890625
0.0122051239013672 0.0213890075683594 0.21173095703125 -0.4327392578125
-0.0115194320678711 0.0154428482055664 0.6148681640625 -0.19659423828125
-0.0367546081542969 -0.00414657592773438 0.556427001953125 0.48675537109375
-0.0163116455078125 -0.0179386138916016 -0.0250854492187499 0.8975830078125
-0.0205459594726562 0.0406723022460938 -0.428619384765625 0.539703369140625
-0.0287246704101562 0.0479202270507813 0.006500244140625 0.0573158264160156
-0.0192356109619141 0.0251407623291016 0.471771240234375 -0.516571044921875
0.00394535064697266 0.0101480484008789 0.0029296874999999 -0.92919921875
-0.0163364410400391 0.000699996948242187 -0.68499755859375 -0.4432373046875
-0.0153751373291016 -0.00308990478515625 -0.59271240234375 0.26141357421875
0.00520706176757813 0.0200309753417969 -0.179718017578125 0.46240234375
-0.00879478454589844 0.00964832305908203 0.19293212890625 0.28375244140625
0.0157070159912109 -0.0252285003662109 0.308258056640625 0.040557861328125
0.0257606506347656 -0.0218563079833984 -0.278854370117188 -0.0404052734375
0.00377368927001953 0.00136280059814453 -0.121063232421875 -0.306549072265625
0.0232696533203125 0.0145397186279297 0.239501953125 -0.416656494140625
0.00107860565185547 0.015925407409668 0.63446044921875 -0.14154052734375
-0.0297660827636719 0.00108528137207031 0.5172119140625 0.546875
-0.0194759368896484 -0.0107479095458984 -0.0940551757812501 0.90582275390625
-0.0301246643066406 0.0422782897949219 -0.44622802734375 0.50579833984375
-0.0349960327148437 0.0453910827636719 0.0378189086914063 0.0360794067382813
-0.0274677276611328 0.0254478454589844 0.449493408203125 -0.552398681640625
-0.000412940979003908 0.0167865753173828 -0.0690917968749999 -0.91448974609375
-0.00538110733032226 0.00732660293579102 -0.71173095703125 -0.37457275390625
-0.00134754180908203 -0.00559663772583008 -0.56195068359375 0.304443359375
0.0164127349853516 0.0118131637573242 -0.1422119140625 0.4732666015625
-0.00328445434570313 -9.01222229003905E-05 0.211624145507813 0.276840209960938
0.0120334625244141 -0.0301704406738281 0.3131103515625 0.03656005859375
0.0229072570800781 -0.0272140502929688 -0.275909423828125 -0.0460968017578125
0.012263298034668 -0.00676536560058594 -0.107177734375 -0.3123779296875
0.0361671447753906 0.00732803344726563 0.2642822265625 -0.399200439453125
0.0121726989746094 0.0194263458251953 0.6466064453125 -0.09576416015625
-0.0243358612060547 0.00649070739746094 0.482666015625 0.5908203125
-0.0198402404785156 -0.00996017456054688 -0.15350341796875 0.90447998046875
-0.0321083068847656 0.0356788635253906 -0.454742431640625 0.47314453125
-0.0307960510253906 0.0380020141601562 0.0670127868652344 0.0150032043457031
-0.0288619995117188 0.0192337036132812 0.4327392578125 -0.583251953125
0.00122451782226562 0.0179214477539063 -0.120849609375 -0.89794921875
0.00360584259033203 0.0130271911621094 -0.72369384765625 -0.317138671875
0.0101699829101563 -0.00923252105712891 -0.531646728515625 0.339691162109375
0.0268955230712891 0.00206756591796875 -0.1126708984375 0.476776123046875
0.00254535675048828 -0.00933170318603516 0.223068237304688 0.267929077148438
0.00936508178710937 -0.0341472625732422 0.315032958984375 0.031036376953125
0.0228767395019531 -0.0282306671142578 -0.276123046875 -0.0545196533203125
0.0212821960449219 -0.0164375305175781 -0.10174560546875 -0.3177490234375
0.0471611022949219 0.00137710571289063 0.277099609375 -0.389862060546875
0.0245265960693359 0.0229263305664062 0.65283203125 -0.06451416015625
-0.0193958282470703 0.0118637084960938 0.45635986328125 0.6221923828125
-0.0188407897949219 -0.013671875 -0.18841552734375 0.89764404296875
-0.0231266021728516 0.0231533050537109 -0.45220947265625 0.446746826171875
-0.0161991119384766 0.0273017883300781 0.0938796997070313 -0.0016021728515625
-0.0242176055908203 0.00831031799316406 0.42596435546875 -0.6070556640625
0.00163841247558594 0.0180854797363281 -0.15679931640625 -0.8896484375
0.0134449005126953 0.016016960144043 -0.72662353515625 -0.27716064453125
0.0215091705322266 -0.0135746002197266 -0.51104736328125 0.358734130859375
0.0364570617675781 -0.00725173950195313 -0.0953369140625 0.47808837890625
0.00804710388183594 -0.0187664031982422 0.22698974609375 0.257858276367188
0.0074005126953125 -0.035247802734375 0.315093994140625 0.02392578125
0.0231609344482422 -0.0281085968017578 -0.279495239257813 -0.06427001953125
0.0289440155029297 -0.0236873626708984 -0.103912353515625 -0.3250732421875
0.0567550659179688 -0.00458526611328125 0.279693603515625 -0.38739013671875
0.0300998687744141 0.0270061492919922 0.6561279296875 -0.05010986328125
-0.0169029235839844 0.0140962600708008 0.4462890625 0.63525390625
-0.0123691558837891 -0.022064208984375 -0.1973876953125 0.8944091796875
-0.00626182556152344 0.00689458847045899 -0.442596435546875 0.430816650390625
0.0074310302734375 0.012272834777832 0.11419677734375 -0.0130233764648438
-0.0138101577758789 -0.00434684753417969 0.42431640625 -0.62078857421875
0.00270175933837891 0.0106000900268555 -0.16778564453125 -0.8837890625
0.0160942077636719 0.0179271697998047 -0.72711181640625 -0.26116943359375
0.0263767242431641 -0.0149459838867188 -0.50006103515625 0.3675537109375
0.0437088012695313 -0.0156173706054688 -0.0889892578125 0.475189208984375
0.0124549865722656 -0.0262699127197266 0.224273681640625 0.253219604492188
0.00735092163085938 -0.0332393646240234 0.311065673828125 0.013214111328125
0.0250225067138672 -0.0247001647949219 -0.284698486328125 -0.07452392578125
0.0347709655761719 -0.0270137786865234 -0.111328125 -0.332427978515625
0.0595703125 -0.0077056884765625 0.277191162109375 -0.389007568359375
0.0319004058837891 0.0284442901611328 0.65814208984375 -0.05120849609375
-0.0167970657348633 0.0117263793945312 0.44964599609375 0.63714599609375
-0.00265121459960938 -0.0357933044433594 -0.19189453125 0.89093017578125
0.0226039886474609 -0.0128955841064453 -0.43133544921875 0.420257568359375
0.0429801940917969 -0.0040435791015625 0.127716064453125 -0.0209808349609375
0.00533485412597656 -0.0243129730224609 0.43072509765625 -0.63092041015625
0.00578212738037109 0.000347614288330078 -0.16815185546875 -0.88677978515625
0.0155830383300781 0.0175638198852539 -0.7264404296875 -0.25762939453125
0.0282230377197266 -0.0141925811767578 -0.498382568359375 0.369842529296875
0.0476150512695313 -0.0187301635742188 -0.0897216796875 0.4739990234375
0.0179805755615234 -0.0307998657226563 0.215805053710938 0.24688720703125
0.00808525085449219 -0.0301799774169922 0.305145263671875 0.00439453125
0.0235614776611328 -0.0197544097900391 -0.29193115234375 -0.0804443359375
0.0360946655273438 -0.0292854309082031 -0.12786865234375 -0.33782958984375
0.0560989379882813 -0.00842666625976563 0.256439208984375 -0.402679443359375
0.0280055999755859 0.0266380310058594 0.6495361328125 -0.0841064453125
-0.018707275390625 0.00538063049316406 0.47955322265625 0.6053466796875
0.00640869140625 -0.0566825866699219 -0.14373779296875 0.8895263671875
0.0525321960449219 -0.0380973815917969 -0.413299560546875 0.435821533203125
0.0841751098632813 -0.0217208862304688 0.122642517089844 -0.0165863037109375
0.0319328308105469 -0.0461235046386719 0.4525146484375 -0.6234130859375
0.00932216644287109 -0.0146541595458984 -0.126220703125 -0.9041748046875
0.00835323333740234 0.0147724151611328 -0.71728515625 -0.2965087890625
0.0256385803222656 -0.00905418395996094 -0.517303466796875 0.346099853515625
0.0484352111816406 -0.0191383361816406 -0.111114501953125 0.467376708984375
0.0219783782958984 -0.0305995941162109 0.199478149414063 0.247360229492188
0.0108604431152344 -0.0251369476318359 0.299224853515625 -0.002227783203125
0.0296115875244141 -0.0128765106201172 -0.291748046875 -0.035003662109375
-0.00385761260986328 0.0175571441650391 -0.160369873046875 -0.303558349609375
0.00481414794921875 0.0292396545410156 0.1790771484375 -0.448394775390625
-0.0194129943847656 0.0195026397705078 0.59539794921875 -0.2474365234375
-0.042449951171875 -0.00698471069335938 0.5904541015625 0.431884765625
-0.0141525268554688 -0.0281181335449219 0.046630859375 0.89227294921875
-0.00385284423828125 0.0298995971679688 -0.4073486328125 0.572265625
-0.01031494140625 0.0470733642578125 -0.018310546875 0.076141357421875
-0.00346183776855469 0.0208988189697266 0.498687744140625 -0.484771728515625
0.0106945037841797 0.00155830383300781 0.0806884765625 -0.94232177734375
-0.0230655670166016 -0.00849342346191406 -0.65863037109375 -0.51519775390625
-0.0297336578369141 -0.00193977355957032 -0.62176513671875 0.2144775390625
-0.0035858154296875 0.0243301391601563 -0.214630126953125 0.4522705078125
-0.011383056640625 0.0171175003051758 0.1746826171875 0.288330078125
0.0174007415771484 -0.0185756683349609 0.302398681640625 0.038818359375
0.0284080505371094 -0.0170974731445313 -0.285125732421875 -0.0360717773437501
-0.000326156616210937 0.00904083251953125 -0.141998291015625 -0.30548095703125
0.0114326477050781 0.0218620300292969 0.21051025390625 -0.433929443359375
-0.0109977722167969 0.0166473388671875 0.6182861328125 -0.196533203125
-0.0375137329101563 -0.00391769409179688 0.5576171875 0.491058349609375
-0.0153474807739258 -0.0172004699707031 -0.0233154296875 0.9068603515625
-0.019866943359375 0.0407752990722656 -0.432220458984375 0.545501708984375
-0.0286331176757813 0.049896240234375 0.00620651245117187 0.0574951171875
-0.0192584991455078 0.0266380310058594 0.474853515625 -0.519256591796875
0.00482940673828125 0.0108022689819336 0.00494384765625007 -0.93560791015625
-0.0151853561401367 0.000537872314453127 -0.69171142578125 -0.44744873046875
-0.0154314041137695 -0.00270271301269531 -0.59771728515625 0.263427734375
0.00630378723144531 0.0196552276611328 -0.179290771484375 0.465484619140625
-0.00838470458984375 0.00972652435302735 0.195709228515625 0.28704833984375
0.0145244598388672 -0.0260181427001953 0.309844970703125 0.03997802734375
0.0260066986083984 -0.0206813812255859 -0.281280517578125 -0.03924560546875
0.00416946411132812 0.00196290016174316 -0.122161865234375 -0.308258056640625
0.0234966278076172 0.0140476226806641 0.24029541015625 -0.418182373046875
0.000291824340820312 0.01806640625 0.6380615234375 -0.141845703125
-0.0291233062744141 0.00227737426757813 0.520050048828125 0.550537109375
-0.0202579498291016 -0.0116405487060547 -0.0947265625000001 0.9117431640625
-0.0311431884765625 0.0411033630371094 -0.449554443359375 0.509521484375
-0.0374984741210937 0.046630859375 0.0363197326660156 0.0365753173828125
-0.0281715393066406 0.0262069702148438 0.452972412109375 -0.5562744140625
0.00216102600097656 0.0169000625610352 -0.0667114257812499 -0.9215087890625
-0.00444221496582031 0.00814580917358398 -0.71746826171875 -0.3768310546875
-0.00260734558105469 -0.00562000274658203 -0.56439208984375 0.3089599609375
0.0178165435791016 0.0117816925048828 -0.143096923828125 0.477325439453125
-0.0025937557220459 0.000295162200927735 0.2122802734375 0.280548095703125
0.0118694305419922 -0.0305709838867188 0.317291259765625 0.037872314453125
0.0232181549072266 -0.0256423950195313 -0.278701782226563 -0.0456085205078125
0.0122051239013672 -0.00649929046630859 -0.1099853515625 -0.314849853515625
0.0358085632324219 0.00731277465820312 0.2642822265625 -0.40228271484375
0.0126857757568359 0.0197696685791016 0.64996337890625 -0.09515380859375
-0.0233631134033203 0.00867843627929687 0.484375 0.59759521484375
-0.0192489624023438 -0.00982284545898437 -0.15472412109375 0.9122314453125
-0.0328025817871094 0.0373611450195312 -0.460113525390625 0.47564697265625
-0.0328788757324219 0.0396461486816406 0.0670013427734375 0.0140571594238281
-0.0302295684814453 0.0204944610595703 0.4354248046875 -0.58599853515625
0.000661849975585939 0.0187454223632813 -0.12542724609375 -0.90576171875
0.00560665130615234 0.0129642486572266 -0.72833251953125 -0.3184814453125
0.010502815246582 -0.00983333587646484 -0.535003662109375 0.341644287109375
0.026885986328125 0.00167083740234375 -0.11248779296875 0.48046875
0.00234508514404297 -0.00967121124267578 0.22564697265625 0.271041870117188
0.00832557678222656 -0.0341224670410156 0.317535400390625 0.030914306640625
0.0229015350341797 -0.0293102264404297 -0.279083251953125 -0.0540161132812501
0.0209503173828125 -0.0144233703613281 -0.103790283203125 -0.318511962890625
0.0469779968261719 0.0008392333984375 0.2772216796875 -0.39251708984375
0.0237655639648437 0.0238094329833984 0.6561279296875 -0.06298828125
-0.0204200744628906 0.0123462677001953 0.45947265625 0.62841796875
-0.0164985656738281 -0.0137062072753906 -0.18853759765625 0.9056396484375
-0.0230617523193359 0.0227699279785156 -0.457855224609375 0.45062255859375
-0.0160617828369141 0.0268840789794922 0.0927505493164063 -0.000541687011718748
-0.0235309600830078 0.00956916809082031 0.42828369140625 -0.611083984375
0.000673294067382811 0.0165176391601563 -0.15789794921875 -0.89599609375
0.0132579803466797 0.0160503387451172 -0.73248291015625 -0.27801513671875
0.0201377868652344 -0.0134429931640625 -0.513824462890625 0.364013671875
0.0358772277832031 -0.008209228515625 -0.093231201171875 0.481964111328125
0.00860404968261719 -0.0185203552246094 0.229232788085938 0.259246826171875
0.00611114501953125 -0.0350894927978516 0.317840576171875 0.02215576171875
0.0240306854248047 -0.0286121368408203 -0.281494140625 -0.06365966796875
0.0295009613037109 -0.0219249725341797 -0.105499267578125 -0.32574462890625
0.0563278198242188 -0.0037689208984375 0.281951904296875 -0.390106201171875
0.0306663513183594 0.0264244079589844 0.65966796875 -0.04931640625
-0.0171175003051758 0.0137128829956055 0.44952392578125 0.64007568359375
-0.0114326477050781 -0.0221786499023438 -0.19976806640625 0.90081787109375
-0.00610685348510742 0.00637578964233399 -0.44696044921875 0.4324951171875
0.00641345977783203 0.0122308731079102 0.114646911621094 -0.01373291015625
-0.0128955841064453 -0.00432205200195312 0.42742919921875 -0.623779296875
0.00321292877197266 0.012303352355957 -0.16949462890625 -0.89141845703125
0.0163459777832031 0.0180568695068359 -0.73443603515625 -0.26300048828125
0.0258903503417969 -0.0145816802978516 -0.50372314453125 0.37054443359375
0.0446014404296875 -0.0156478881835937 -0.088714599609375 0.4803466796875
0.0131664276123047 -0.0263595581054688 0.225830078125 0.254547119140625
0.00634384155273438 -0.0336437225341797 0.3138427734375 0.013427734375
0.0237388610839844 -0.0248832702636719 -0.287261962890625 -0.074493408203125
0.035430908203125 -0.0272026062011719 -0.112548828125 -0.335968017578125
0.059417724609375 -0.0078125 0.277740478515625 -0.390960693359375
0.0320091247558594 0.0291786193847656 0.6611328125 -0.050537109375
-0.016667366027832 0.0113506317138672 0.45233154296875 0.6417236328125
-0.00327682495117187 -0.0370864868164063 -0.19305419921875 0.89971923828125
0.0200004577636719 -0.0133495330810547 -0.43450927734375 0.426422119140625
0.0436973571777344 -0.00454330444335938 0.127754211425781 -0.0218276977539063
0.00396919250488281 -0.0229892730712891 0.43194580078125 -0.63616943359375
0.00542736053466797 0.000223159790039063 -0.16845703125 -0.89324951171875
0.0159778594970703 0.0179538726806641 -0.73004150390625 -0.25848388671875
0.0281734466552734 -0.0139999389648438 -0.50213623046875 0.37286376953125
0.0464706420898438 -0.019317626953125 -0.09051513671875 0.476043701171875
0.0169639587402344 -0.0304031372070312 0.217910766601563 0.247543334960938
0.00850868225097657 -0.030029296875 0.308013916015625 0.003448486328125
0.0233154296875 -0.0193233489990234 -0.29620361328125 -0.0799560546875
0.0365219116210938 -0.0281486511230469 -0.131134033203125 -0.339447021484375
0.0568656921386719 -0.0098724365234375 0.256134033203125 -0.4051513671875
0.0286464691162109 0.0269813537597656 0.653076171875 -0.0855712890625
-0.0175399780273438 0.00517940521240234 0.4830322265625 0.60858154296875
0.00580978393554688 -0.0570411682128906 -0.14398193359375 0.89453125
0.0529632568359375 -0.0383758544921875 -0.4168701171875 0.437469482421875
0.0839080810546875 -0.021026611328125 0.121208190917969 -0.0152969360351563
0.0309906005859375 -0.0459709167480469 0.455322265625 -0.62469482421875
0.00991249084472656 -0.0147209167480469 -0.12860107421875 -0.909912109375
0.00865840911865234 0.0150480270385742 -0.72174072265625 -0.30072021484375
0.0256061553955078 -0.00830841064453125 -0.521697998046875 0.3486328125
0.0491218566894531 -0.0188751220703125 -0.1123046875 0.472991943359375
0.0216445922851562 -0.0311832427978516 0.20111083984375 0.247329711914063
0.00919342041015625 -0.0243244171142578 0.3006591796875 -0.0029296875
0.0308361053466797 -0.0129547119140625 -0.2945556640625 -0.03271484375
-0.00259971618652344 0.0193061828613281 -0.1650390625 -0.3046875
0.00375747680664063 0.0293922424316406 0.179351806640625 -0.454345703125
-0.0212039947509766 0.0196666717529297 0.59857177734375 -0.25274658203125
-0.0445404052734375 -0.00617218017578126 0.5987548828125 0.4332275390625
-0.0128631591796875 -0.0281200408935547 0.04766845703125 0.89898681640625
-0.0046844482421875 0.0322036743164063 -0.41064453125 0.5771484375
-0.0102882385253906 0.0472908020019531 -0.0199737548828125 0.07635498046875
-0.00481033325195313 0.0230731964111328 0.503173828125 -0.4876708984375
0.0119972229003906 0.00234794616699219 0.08050537109375 -0.95068359375
-0.023101806640625 -0.00833511352539062 -0.665771484375 -0.51727294921875
-0.0288562774658203 -0.00168991088867188 -0.62750244140625 0.2181396484375
-0.00269889831542969 0.0235977172851563 -0.2154541015625 0.457489013671875
-0.0109176635742188 0.0177536010742188 0.17596435546875 0.289886474609375
0.01678466796875 -0.0179595947265625 0.30548095703125 0.03875732421875
0.0297183990478516 -0.0183391571044922 -0.289520263671875 -0.033721923828125
-0.000652313232421875 0.0103416442871094 -0.147186279296875 -0.30596923828125
0.013153076171875 0.0224666595458984 0.20965576171875 -0.43792724609375
-0.0120172500610352 0.0175619125366211 0.62213134765625 -0.19970703125
-0.0369644165039063 -0.00379943847656251 0.56304931640625 0.49639892578125
-0.0164089202880859 -0.0169610977172852 -0.0228271484375 0.91522216796875
-0.0195770263671875 0.0413398742675781 -0.4345703125 0.54962158203125
-0.0294303894042969 0.0498085021972656 0.00562667846679688 0.0569992065429688
-0.0192756652832031 0.0271701812744141 0.478607177734375 -0.522247314453125
0.00596523284912109 0.012232780456543 0.00274658203124996 -0.9429931640625
-0.0158281326293945 0.00100326538085938 -0.697509765625 -0.44793701171875
-0.0161752700805664 -0.0014047622680664 -0.60101318359375 0.26702880859375
0.00708389282226562 0.0180873870849609 -0.178955078125 0.470001220703125
-0.00892162322998047 0.0102252960205078 0.196441650390625 0.287384033203125
0.0141754150390625 -0.0260829925537109 0.314178466796875 0.03961181640625
0.0253925323486328 -0.0242671966552734 -0.28582763671875 -0.038330078125
0.0037844181060791 0.00268650054931641 -0.125732421875 -0.309783935546875
0.0243015289306641 0.0141735076904297 0.24078369140625 -0.420379638671875
0.000905990600585938 0.0171451568603516 0.6402587890625 -0.14520263671875
-0.0297279357910156 0.00250434875488281 0.526519775390625 0.553741455078125
-0.01904296875 -0.0106315612792969 -0.0947265625 0.92242431640625
-0.0310096740722656 0.04241943359375 -0.45458984375 0.514678955078125
-0.0365142822265625 0.0473785400390625 0.0360145568847656 0.0357933044433594
-0.0283489227294922 0.026611328125 0.45635986328125 -0.560577392578125
0.00265216827392578 0.0174770355224609 -0.0697021484374999 -0.9273681640625
-0.00424337387084961 0.00786924362182617 -0.7230224609375 -0.379150390625
-0.0027310848236084 -0.00428962707519531 -0.5677490234375 0.31231689453125
0.0179347991943359 0.0114059448242188 -0.140472412109375 0.481536865234375
-0.00390434265136719 0.00040888786315918 0.215438842773438 0.280715942382813
0.011016845703125 -0.0312595367431641 0.3197021484375 0.036956787109375
0.0240879058837891 -0.0265121459960938 -0.281280517578125 -0.044677734375
0.0116119384765625 -0.00694847106933594 -0.112335205078125 -0.315277099609375
0.0376853942871094 0.00674057006835938 0.264007568359375 -0.405059814453125
0.0139427185058594 0.02069091796875 0.65380859375 -0.096923828125
-0.0245857238769531 0.00765419006347657 0.48895263671875 0.6029052734375
-0.0194759368896484 -0.00951576232910156 -0.15545654296875 0.9200439453125
-0.0328636169433594 0.0367393493652344 -0.462066650390625 0.47918701171875
-0.0336380004882813 0.0409164428710938 0.0672683715820313 0.01580810546875
-0.0312118530273437 0.0226993560791016 0.43865966796875 -0.591064453125
0.00138282775878906 0.01934814453125 -0.12493896484375 -0.91412353515625
0.00514125823974609 0.0133037567138672 -0.7344970703125 -0.319091796875
0.0109748840332031 -0.00974941253662109 -0.5394287109375 0.347015380859375
0.0269699096679687 0.00148582458496094 -0.111846923828125 0.4859619140625
0.00296688079833984 -0.00967693328857422 0.228790283203125 0.271270751953125
0.00842475891113281 -0.0346622467041016 0.322174072265625 0.030364990234375
0.0228252410888672 -0.0294837951660156 -0.282012939453125 -0.051544189453125
0.02081298828125 -0.0140399932861328 -0.10650634765625 -0.32098388671875
0.0487594604492188 0.0017852783203125 0.27716064453125 -0.39630126953125
0.0245132446289063 0.0259075164794922 0.66217041015625 -0.06646728515625
-0.0192985534667969 0.0123805999755859 0.46466064453125 0.63330078125
-0.0168523788452148 -0.0146579742431641 -0.18878173828125 0.91552734375
-0.0243682861328125 0.0235195159912109 -0.462860107421875 0.454833984375
-0.0176296234130859 0.0272331237792969 0.0917892456054687 -0.00276947021484375
-0.0242824554443359 0.010833740234375 0.42974853515625 -0.6151123046875
0.00193405151367187 0.0182781219482422 -0.159423828125 -0.900634765625
0.0143594741821289 0.0167083740234375 -0.73736572265625 -0.2802734375
0.0208778381347656 -0.0130329132080078 -0.517974853515625 0.368011474609375
0.0374336242675781 -0.00773239135742188 -0.091644287109375 0.4873046875
0.00876617431640625 -0.0189781188964844 0.233078002929688 0.262161254882813
0.00657272338867188 -0.0359039306640625 0.3214111328125 0.02099609375
0.0230197906494141 -0.0279712677001953 -0.285308837890625 -0.064056396484375
0.0302505493164063 -0.0216007232666016 -0.10955810546875 -0.32843017578125
0.0569725036621094 -0.0043182373046875 0.280975341796875 -0.392608642578125
0.0304470062255859 0.0270595550537109 0.66375732421875 -0.04986572265625
-0.0165948867797852 0.0153284072875977 0.45526123046875 0.64764404296875
-0.0133800506591797 -0.0232658386230469 -0.19903564453125 0.911376953125
-0.00549411773681641 0.00725078582763672 -0.4525146484375 0.437957763671875
0.00738239288330078 0.0132837295532227 0.112663269042969 -0.0136566162109375
-0.0136556625366211 -0.00221061706542969 0.42938232421875 -0.62908935546875
0.00310420989990234 0.0120487213134766 -0.1702880859375 -0.896484375
0.017425537109375 0.018310546875 -0.7398681640625 -0.2630615234375
0.025726318359375 -0.015472412109375 -0.507232666015625 0.374908447265625
0.0436210632324219 -0.014678955078125 -0.0865783691406249 0.48297119140625
0.014373779296875 -0.0258197784423828 0.227737426757813 0.25433349609375
0.00574111938476563 -0.0352821350097656 0.318389892578125 0.01220703125
0.0235671997070313 -0.0255451202392578 -0.2913818359375 -0.07403564453125
0.0366287231445312 -0.0263824462890625 -0.115234375 -0.336578369140625
0.0607147216796875 -0.00738906860351563 0.27740478515625 -0.394439697265625
0.0327568054199219 0.0294570922851563 0.66571044921875 -0.05230712890625
-0.0176868438720703 0.0132083892822266 0.45770263671875 0.64727783203125
-0.00320053100585938 -0.0388221740722656 -0.1929931640625 0.907958984375
0.0219764709472656 -0.0142021179199219 -0.437408447265625 0.429534912109375
0.0428428649902344 -0.00340652465820313 0.127716064453125 -0.021881103515625
0.00477981567382813 -0.0231437683105469 0.4344482421875 -0.64044189453125
0.00537300109863281 0.00192070007324219 -0.170166015625 -0.898681640625
0.0165672302246094 0.0163669586181641 -0.73779296875 -0.2593994140625
0.0285930633544922 -0.0139293670654297 -0.50567626953125 0.37567138671875
0.0478668212890625 -0.020233154296875 -0.0889892578124999 0.480499267578125
0.0177459716796875 -0.0316104888916016 0.220611572265625 0.248672485351563
0.00653457641601563 -0.0300083160400391 0.311737060546875 0.001861572265625
0.0233402252197266 -0.0203456878662109 -0.299102783203125 -0.081329345703125
0.0380477905273438 -0.0273475646972656 -0.13470458984375 -0.33984375
0.0578231811523438 -0.009735107421875 0.25616455078125 -0.408905029296875
0.0276985168457031 0.0282917022705078 0.6590576171875 -0.08551025390625
-0.0186176300048828 0.00514793395996094 0.4888916015625 0.61590576171875
0.00524139404296875 -0.0562057495117188 -0.14300537109375 0.90362548828125
0.0535011291503906 -0.0387153625488281 -0.42095947265625 0.443359375
0.0855178833007813 -0.0212554931640625 0.122085571289063 -0.0165863037109375
0.0307235717773437 -0.0461997985839844 0.45745849609375 -0.62945556640625
0.00999355316162109 -0.0145559310913086 -0.12835693359375 -0.916748046875
0.00975990295410156 0.0158853530883789 -0.72772216796875 -0.30023193359375
0.0251426696777344 -0.010498046875 -0.523193359375 0.352935791015625
0.0485191345214844 -0.0197715759277344 -0.110870361328125 0.474945068359375
0.02130126953125 -0.0318393707275391 0.203781127929688 0.248779296875
0.00880813598632813 -0.0248355865478516 0.304168701171875 -0.00408935546875
0.0294933319091797 -0.0125980377197266 -0.298248291015625 -0.0308837890625
-0.00157356262207031 0.0193042755126953 -0.1712646484375 -0.306549072265625
0.00485801696777343 0.0305824279785156 0.174957275390625 -0.45721435546875
-0.0217838287353516 0.0194683074951172 0.60211181640625 -0.25341796875
-0.043609619140625 -0.00669479370117187 0.6043701171875 0.43682861328125
-0.0137538909912109 -0.0279483795166016 0.0523681640624999 0.90814208984375
-0.00392913818359375 0.0310726165771484 -0.41351318359375 0.58349609375
-0.0115013122558594 0.0491180419921875 -0.0206756591796875 0.0778884887695313
-0.00416755676269531 0.0235614776611328 0.5040283203125 -0.493133544921875
0.0121603012084961 0.00308513641357422 0.0781860351562499 -0.9605712890625
-0.0226116180419922 -0.00718307495117188 -0.6763916015625 -0.51800537109375
-0.0307750701904297 -0.000471115112304692 -0.6322021484375 0.22393798828125
-0.00316047668457031 0.0241622924804688 -0.212310791015625 0.46209716796875
-0.0111923217773438 0.0181331634521484 0.17852783203125 0.292816162109375
0.0161094665527344 -0.0195999145507813 0.30853271484375 0.0374755859375
0.0283908843994141 -0.0180721282958984 -0.292755126953125 -0.032135009765625
-0.00126457214355469 0.0105428695678711 -0.150634765625 -0.307830810546875
0.0125255584716797 0.0221958160400391 0.2095947265625 -0.44195556640625
-0.0127058029174805 0.0175247192382813 0.62457275390625 -0.2017822265625
-0.0365753173828125 -0.00285720825195313 0.56903076171875 0.50030517578125
-0.0167131423950195 -0.0171298980712891 -0.0181274414062501 0.92388916015625
-0.0205268859863281 0.0420150756835938 -0.438568115234375 0.557220458984375
-0.0292892456054688 0.0519027709960938 0.00464630126953125 0.0588302612304688
-0.0208492279052734 0.0285263061523437 0.480926513671875 -0.52801513671875
0.0065765380859375 0.0126504898071289 0.00177001953125007 -0.95111083984375
-0.0150251388549805 0.00172901153564453 -0.70672607421875 -0.4503173828125
-0.0172758102416992 -0.0015106201171875 -0.603759765625 0.273193359375
0.00590133666992188 0.0197429656982422 -0.176666259765625 0.47503662109375
-0.00809192657470703 0.0113620758056641 0.20074462890625 0.28839111328125
0.0135498046875 -0.0261688232421875 0.316986083984375 0.036956787109375
0.0260543823242188 -0.02337646484375 -0.289215087890625 -0.035888671875
0.00467348098754883 0.00363683700561523 -0.131072998046875 -0.3109130859375
0.0253067016601563 0.0135860443115234 0.240631103515625 -0.4254150390625
0.000667572021484376 0.0196266174316406 0.6461181640625 -0.1474609375
-0.0304985046386719 0.00267410278320313 0.53167724609375 0.560577392578125
-0.0193443298339844 -0.0103988647460938 -0.0904541015624999 0.9293212890625
-0.0315361022949219 0.0444755554199219 -0.45770263671875 0.520782470703125
-0.0378913879394531 0.0489501953125 0.0349712371826172 0.0350513458251953
-0.0285129547119141 0.0283622741699219 0.4573974609375 -0.5638427734375
0.00296783447265625 0.0186691284179688 -0.07354736328125 -0.93658447265625
-0.00370025634765625 0.00806903839111328 -0.730224609375 -0.3800048828125
-0.00397777557373047 -0.00476837158203125 -0.57098388671875 0.31793212890625
0.0176792144775391 0.0111885070800781 -0.139434814453125 0.485748291015625
-0.00332307815551758 0.00131726264953613 0.21881103515625 0.281768798828125
0.0104770660400391 -0.0311832427978516 0.32281494140625 0.034332275390625
0.0240459442138672 -0.0273418426513672 -0.285919189453125 -0.043121337890625
0.0124998092651367 -0.00507831573486328 -0.1158447265625 -0.3157958984375
0.0372276306152344 0.00616455078125 0.263702392578125 -0.407257080078125
0.0128326416015625 0.0222110748291016 0.65924072265625 -0.09771728515625
-0.0243701934814453 0.00832176208496094 0.49609375 0.6065673828125
-0.0185813903808594 -0.0101108551025391 -0.1512451171875 0.9293212890625
-0.0331916809082031 0.0362510681152344 -0.466339111328125 0.4864501953125
-0.0326385498046875 0.0410995483398438 0.0662574768066406 0.0147857666015625
-0.0301227569580078 0.0230388641357422 0.44000244140625 -0.5970458984375
0.00235366821289062 0.0207252502441406 -0.1317138671875 -0.91937255859375
0.006103515625 0.0126876831054687 -0.742919921875 -0.31915283203125
0.010746955871582 -0.00764274597167969 -0.540802001953125 0.350555419921875
0.0286960601806641 0.000322341918945313 -0.1087646484375 0.489776611328125
0.00135135650634766 -0.00957012176513672 0.232452392578125 0.272735595703125
0.00744056701660156 -0.0336856842041016 0.32598876953125 0.027679443359375
0.0233592987060547 -0.0272312164306641 -0.286102294921875 -0.0517578125000001
0.0213623046875 -0.0143108367919922 -0.109832763671875 -0.3221435546875
0.04876708984375 -1.52587890625E-05 0.27642822265625 -0.4005126953125
0.0240554809570313 0.0251483917236328 0.66754150390625 -0.06719970703125
-0.0192165374755859 0.0129776000976562 0.4708251953125 0.637939453125
-0.0178642272949219 -0.0141525268554687 -0.18658447265625 0.92486572265625
-0.0255413055419922 0.0233230590820313 -0.46575927734375 0.458770751953125
-0.0180854797363281 0.0285072326660156 0.092559814453125 -0.0015869140625
-0.0242195129394531 0.0120620727539062 0.431396484375 -0.61968994140625
0.00202560424804688 0.0195751190185547 -0.16455078125 -0.90814208984375
0.0149946212768555 0.0160865783691406 -0.74591064453125 -0.28057861328125
0.0215816497802734 -0.012420654296875 -0.521453857421875 0.375
0.0368423461914063 -0.00848388671875 -0.089996337890625 0.49078369140625
0.00711631774902344 -0.0192050933837891 0.23492431640625 0.264511108398438
0.004913330078125 -0.0357589721679688 0.325164794921875 0.019500732421875
0.0222759246826172 -0.0286064147949219 -0.289642333984375 -0.0609130859375
0.0292949676513672 -0.0216312408447266 -0.113128662109375 -0.330108642578125
0.0575942993164063 -0.00428009033203125 0.28082275390625 -0.395538330078125
0.0310802459716797 0.0285816192626953 0.670654296875 -0.0540771484375
-0.0167350769042969 0.0152606964111328 0.4615478515625 0.6497802734375
-0.0125350952148438 -0.0241203308105469 -0.197021484375 0.919921875
-0.00673580169677735 0.00883960723876953 -0.455230712890625 0.442138671875
0.00753498077392578 0.0148754119873047 0.114036560058594 -0.0141143798828125
-0.0135488510131836 -0.00254154205322266 0.43316650390625 -0.63592529296875
0.00384998321533203 0.0128641128540039 -0.17523193359375 -0.9031982421875
0.0186519622802734 0.0179939270019531 -0.7486572265625 -0.2645263671875
0.0276889801025391 -0.0141792297363281 -0.51116943359375 0.380523681640625
0.0430183410644531 -0.0154914855957031 -0.08331298828125 0.487701416015625
0.0141582489013672 -0.0258827209472656 0.23345947265625 0.256820678710938
0.00635910034179687 -0.0336265563964844 0.321563720703125 0.01104736328125
0.0234489440917969 -0.0253715515136719 -0.295867919921875 -0.0717773437500001
0.0353622436523438 -0.0261344909667969 -0.120330810546875 -0.337738037109375
0.0603675842285156 -0.00811767578125 0.27667236328125 -0.397064208984375
0.0329780578613281 0.0305252075195312 0.67193603515625 -0.05224609375
-0.0165939331054688 0.0122842788696289 0.4637451171875 0.654541015625
-0.00238037109375 -0.0385169982910156 -0.1905517578125 0.91632080078125
0.021484375 -0.0147781372070313 -0.441253662109375 0.43408203125
0.0431709289550781 -0.003814697265625 0.128829956054688 -0.0220794677734375
0.00473403930664063 -0.0213985443115234 0.43511962890625 -0.64825439453125
0.00687503814697266 0.00220823287963867 -0.17620849609375 -0.9075927734375
0.0181674957275391 0.0169677734375 -0.74591064453125 -0.26129150390625
0.0286273956298828 -0.0142974853515625 -0.507904052734375 0.3814697265625
0.0473213195800781 -0.0202217102050781 -0.087005615234375 0.486114501953125
0.0184440612792969 -0.030517578125 0.223312377929687 0.249862670898437
0.00581741333007812 -0.0311946868896484 0.31524658203125 -0.000701904296875002
0.0239601135253906 -0.0205612182617188 -0.303955078125 -0.0788574218749999
0.0365791320800781 -0.0272865295410156 -0.137725830078125 -0.34100341796875
0.05889892578125 -0.00881576538085938 0.25640869140625 -0.410980224609375
0.0298233032226563 0.02825927734375 0.6640625 -0.08807373046875
-0.018310546875 0.004547119140625 0.49383544921875 0.619873046875
0.0072174072265625 -0.0577392578125 -0.14093017578125 0.9140625
0.0529136657714844 -0.040252685546875 -0.424560546875 0.44708251953125
0.0854110717773438 -0.0200042724609375 0.121986389160156 -0.0166015625
0.0299911499023438 -0.0448760986328125 0.45928955078125 -0.6365966796875
0.0107622146606445 -0.014857292175293 -0.13214111328125 -0.9246826171875
0.0117835998535156 0.0142555236816406 -0.73736572265625 -0.3023681640625
0.0251827239990234 -0.00881767272949219 -0.526458740234375 0.35809326171875
0.0488967895507813 -0.0213890075683594 -0.107635498046875 0.478668212890625
0.0215511322021484 -0.0328254699707031 0.207504272460938 0.250686645507813
0.00812911987304688 -0.0248374938964844 0.306610107421875 -0.006256103515625
0.0313682556152344 -0.0119113922119141 -0.300994873046875 -0.029144287109375
-6.86645507812506E-05 0.0207386016845703 -0.1748046875 -0.3060302734375
0.00557899475097656 0.0280303955078125 0.17218017578125 -0.46038818359375
-0.0206756591796875 0.0216655731201172 0.60394287109375 -0.25811767578125
-0.0438041687011719 -0.00541687011718749 0.61065673828125 0.440673828125
-0.0148563385009766 -0.0278205871582031 0.058837890625 0.91650390625
-0.00218772888183594 0.0338001251220703 -0.4140625 0.59112548828125
-0.00916290283203125 0.0506629943847656 -0.0212936401367188 0.0797576904296875
-0.00416374206542969 0.0221920013427734 0.50726318359375 -0.499664306640625
0.0136489868164063 0.00157833099365234 0.0750732421875001 -0.96868896484375
-0.0218429565429687 -0.00732994079589844 -0.68377685546875 -0.521484375
-0.0308074951171875 -0.00126075744628906 -0.63739013671875 0.22955322265625
-0.00303459167480469 0.0234470367431641 -0.2099609375 0.4700927734375
-0.0104541778564453 0.0194969177246094 0.183258056640625 0.29522705078125
0.0175418853759766 -0.0212078094482422 0.313079833984375 0.034881591796875
0.0288143157958984 -0.0188407897949219 -0.2962646484375 -0.0284423828125001
0.000195503234863281 0.0117130279541016 -0.154022216796875 -0.306915283203125
0.0123577117919922 0.0235252380371094 0.207000732421875 -0.447021484375
-0.0119113922119141 0.0195350646972656 0.626953125 -0.20892333984375
-0.0384635925292969 -0.00292587280273438 0.5806884765625 0.500732421875
-0.0167140960693359 -0.0189247131347656 -0.0157470703124999 0.93487548828125
-0.0190315246582031 0.0427780151367188 -0.44012451171875 0.5633544921875
-0.0309982299804688 0.0526084899902344 0.00172042846679688 0.0619316101074219
-0.0198249816894531 0.0301742553710938 0.4830322265625 -0.534454345703125
0.00750255584716797 0.0106372833251953 -0.0047607421875001 -0.95843505859375
-0.0146398544311523 0.00127696990966797 -0.713623046875 -0.44830322265625
-0.017425537109375 -0.00173282623291016 -0.60760498046875 0.279052734375
0.00727462768554688 0.0192470550537109 -0.176300048828125 0.48175048828125
-0.00714683532714844 0.011418342590332 0.20501708984375 0.28814697265625
0.0131702423095703 -0.0249881744384766 0.321502685546875 0.036102294921875
0.0263767242431641 -0.0238666534423828 -0.29193115234375 -0.033538818359375
0.00389289855957031 0.00394201278686523 -0.13427734375 -0.31353759765625
0.026458740234375 0.0136985778808594 0.235504150390625 -0.429107666015625
0.000497817993164064 0.0186347961425781 0.6510009765625 -0.1513671875
-0.0320606231689453 0.00323104858398437 0.53912353515625 0.561126708984375
-0.0195846557617188 -0.0131244659423828 -0.08575439453125 0.9403076171875
-0.0314979553222656 0.0440483093261719 -0.460693359375 0.525238037109375
-0.0399398803710938 0.0500907897949219 0.0341682434082031 0.0365943908691406
-0.0281276702880859 0.0314807891845703 0.45892333984375 -0.57244873046875
0.00239753723144531 0.0194492340087891 -0.0797119140625 -0.9423828125
-0.00384759902954102 0.00795650482177734 -0.73858642578125 -0.37615966796875
-0.00339412689208984 -0.00485467910766602 -0.5751953125 0.3226318359375
0.017521858215332 0.0115861892700195 -0.138153076171875 0.493133544921875
-0.00454425811767578 0.0024566650390625 0.223541259765625 0.283416748046875
0.00937271118164063 -0.0302524566650391 0.32769775390625 0.034454345703125
0.0249404907226563 -0.0269412994384766 -0.289459228515625 -0.03955078125
0.0114307403564453 -0.00495719909667969 -0.120452880859375 -0.316619873046875
0.037109375 0.007476806640625 0.262725830078125 -0.414398193359375
0.013214111328125 0.0234031677246094 0.662841796875 -0.1025390625
-0.0227890014648437 0.00683784484863281 0.50274658203125 0.61077880859375
-0.017512321472168 -0.0111827850341797 -0.14837646484375 0.93701171875
-0.0344505310058594 0.0386276245117187 -0.470062255859375 0.49468994140625
-0.0330390930175781 0.04083251953125 0.0672607421875 0.0148468017578125
-0.0321235656738281 0.0236988067626953 0.440185546875 -0.6048583984375
0.00357437133789062 0.0206356048583984 -0.13397216796875 -0.9276123046875
0.00623416900634766 0.0124187469482422 -0.75079345703125 -0.3170166015625
0.0113077163696289 -0.00987625122070313 -0.5439453125 0.35919189453125
0.0287189483642578 0.0019073486328125 -0.10711669921875 0.495849609375
0.00278711318969727 -0.00764274597167969 0.238037109375 0.275100708007813
0.00585746765136719 -0.0342388153076172 0.331146240234375 0.025848388671875
0.0247898101806641 -0.0291500091552734 -0.289093017578125 -0.048248291015625
0.0222244262695313 -0.0139617919921875 -0.11572265625 -0.32159423828125
0.05120849609375 0.00054931640625 0.275177001953125 -0.402923583984375
0.0241680145263672 0.0253467559814453 0.67120361328125 -0.07049560546875
-0.0201835632324219 0.0125827789306641 0.47662353515625 0.64361572265625
-0.0185832977294922 -0.0144824981689453 -0.1837158203125 0.93511962890625
-0.0245342254638672 0.025115966796875 -0.470428466796875 0.465972900390625
-0.0169315338134766 0.0270729064941406 0.093780517578125 -0.00234222412109375
-0.0257854461669922 0.011627197265625 0.43133544921875 -0.63031005859375
0.00330543518066406 0.0183086395263672 -0.17010498046875 -0.91448974609375
0.0155277252197266 0.0175390243530273 -0.75439453125 -0.27484130859375
0.0203723907470703 -0.0112991333007813 -0.524322509765625 0.38092041015625
0.0383224487304688 -0.00827789306640625 -0.086700439453125 0.49615478515625
0.00987911224365235 -0.0175561904907227 0.239395141601562 0.264389038085938
0.00528526306152344 -0.0348873138427734 0.328704833984375 0.016998291015625
0.0228996276855469 -0.0290203094482422 -0.290069580078125 -0.059112548828125
0.0292873382568359 -0.0217533111572266 -0.118072509765625 -0.329437255859375
0.058746337890625 -0.00424575805664063 0.279937744140625 -0.400390625
0.0320320129394531 0.0301551818847656 0.67724609375 -0.0552978515625
-0.0168323516845703 0.0175600051879883 0.470703125 0.656005859375
-0.0117645263671875 -0.0208415985107422 -0.19293212890625 0.92730712890625
-0.00808000564575195 0.00837993621826172 -0.4586181640625 0.447845458984375
0.00749969482421875 0.0139894485473633 0.114753723144531 -0.0159988403320313
-0.0143394470214844 -0.000867843627929689 0.43109130859375 -0.64447021484375
0.00465869903564453 0.00986003875732422 -0.1796875 -0.9112548828125
0.0194320678710938 0.0166873931884766 -0.75860595703125 -0.26116943359375
0.0260562896728516 -0.0150127410888672 -0.513763427734375 0.3857421875
0.0444488525390625 -0.0178604125976563 -0.0818481445312501 0.4954833984375
0.0121631622314453 -0.0252838134765625 0.238372802734375 0.258071899414063
0.00553131103515625 -0.0351600646972656 0.324249267578125 0.00860595703125
0.0235157012939453 -0.0261192321777344 -0.299591064453125 -0.0709228515625
0.0362396240234375 -0.0282554626464844 -0.125579833984375 -0.336151123046875
0.0595207214355469 -0.00789642333984375 0.27716064453125 -0.402099609375
0.0344390869140625 0.0303955078125 0.67742919921875 -0.05712890625
-0.0161342620849609 0.0128421783447266 0.46978759765625 0.6549072265625
-0.00315475463867187 -0.0390052795410156 -0.18621826171875 0.926513671875
0.0213623046875 -0.0153484344482422 -0.445526123046875 0.43975830078125
0.0432243347167969 -0.0016937255859375 0.13067626953125 -0.0215301513671875
0.00445556640625 -0.0220279693603516 0.43780517578125 -0.6531982421875
0.00938224792480469 0.00090789794921875 -0.18243408203125 -0.912109375
0.0202159881591797 0.017120361328125 -0.75299072265625 -0.2593994140625
0.0276565551757812 -0.0147762298583984 -0.507537841796875 0.38861083984375
0.0486297607421875 -0.0182380676269531 -0.084442138671875 0.491607666015625
0.0191421508789063 -0.0320835113525391 0.22845458984375 0.250595092773438
0.00465774536132812 -0.0293350219726563 0.317047119140625 -0.00347900390625
0.0255603790283203 -0.0210971832275391 -0.307769775390625 -0.0758972167968751
0.0371360778808594 -0.0270538330078125 -0.142059326171875 -0.3426513671875
0.0591392517089844 -0.0098876953125 0.25531005859375 -0.416259765625
0.0302658081054688 0.0283870697021484 0.66912841796875 -0.0927734375
-0.0175704956054688 0.00531482696533203 0.50311279296875 0.62530517578125
0.00736618041992188 -0.058197021484375 -0.13641357421875 0.92364501953125
0.0535163879394531 -0.0403900146484375 -0.426483154296875 0.45379638671875
0.0843734741210938 -0.0191268920898438 0.120903015136719 -0.017852783203125
0.0297927856445313 -0.0444183349609375 0.4605712890625 -0.6441650390625
0.0110034942626953 -0.0152769088745117 -0.1383056640625 -0.93304443359375
0.0110111236572266 0.0148305892944336 -0.7423095703125 -0.299560546875
0.0249671936035156 -0.0113182067871094 -0.5286865234375 0.367340087890625
0.0507278442382813 -0.0204048156738281 -0.104827880859375 0.483795166015625
0.0204448699951172 -0.0325946807861328 0.2108154296875 0.251739501953125
0.00699234008789062 -0.0255508422851562 0.31024169921875 -0.009002685546875
0.0314426422119141 -0.0128707885742188 -0.305877685546875 -0.025299072265625
-0.000604629516601564 0.0205726623535156 -0.179931640625 -0.307220458984375
0.00581932067871094 0.0301742553710937 0.1705322265625 -0.46685791015625
-0.0207328796386719 0.0223541259765625 0.60723876953125 -0.265869140625
-0.0449028015136719 -0.00532150268554687 0.620361328125 0.438232421875
-0.0121040344238281 -0.0289115905761719 0.0671386718750001 0.92474365234375
-0.00291633605957031 0.0327205657958984 -0.41497802734375 0.59991455078125
-0.0107154846191406 0.0505523681640625 -0.0221176147460937 0.08123779296875
-0.00427436828613281 0.0246658325195313 0.507781982421875 -0.507110595703125
0.0139455795288086 0.00360298156738281 0.06646728515625 -0.9771728515625
-0.0238533020019531 -0.00734901428222657 -0.693115234375 -0.5169677734375
-0.0320377349853516 0.000116348266601565 -0.640380859375 0.2374267578125
-0.00416374206542969 0.0249404907226563 -0.207366943359375 0.474029541015625
-0.0107994079589844 0.0187110900878906 0.18798828125 0.2947998046875
0.01544189453125 -0.0193672180175781 0.31689453125 0.033416748046875
0.0289974212646484 -0.0174827575683594 -0.300079345703125 -0.02734375
0.000133514404296876 0.0123414993286133 -0.161376953125 -0.308746337890625
0.0140552520751953 0.0231781005859375 0.20489501953125 -0.452178955078125
-0.0110263824462891 0.020416259765625 0.6324462890625 -0.21319580078125
-0.0381278991699219 -0.0032501220703125 0.58807373046875 0.5015869140625
-0.0162868499755859 -0.0179538726806641 -0.00408935546874997 0.94390869140625
-0.0204887390136719 0.0418663024902344 -0.44189453125 0.5709228515625
-0.0292205810546875 0.0551910400390625 0.00221252441406249 0.0611839294433594
-0.0205669403076172 0.0302276611328125 0.484222412109375 -0.543365478515625
0.00753688812255859 0.0119876861572266 -0.0100097656250001 -0.96453857421875
-0.013275146484375 0.00125312805175781 -0.7239990234375 -0.45013427734375
-0.0187110900878906 -0.00127220153808594 -0.612060546875 0.28778076171875
0.00737762451171875 0.0195541381835938 -0.17218017578125 0.486114501953125
-0.00652885437011718 0.0123825073242188 0.209075927734375 0.291259765625
0.0115699768066406 -0.0258731842041016 0.324310302734375 0.03314208984375
0.0259246826171875 -0.0260143280029297 -0.29583740234375 -0.03070068359375
0.00595808029174805 0.00504970550537109 -0.141998291015625 -0.3134765625
0.0245037078857422 0.0149917602539063 0.234405517578125 -0.435394287109375
0.000522613525390627 0.0190086364746094 0.6514892578125 -0.15771484375
-0.0300827026367188 0.00401115417480469 0.54901123046875 0.5654296875
-0.0184364318847656 -0.0106945037841797 -0.08050537109375 0.94940185546875
-0.0315017700195313 0.0451812744140625 -0.46087646484375 0.532440185546875
-0.0387115478515625 0.0511970520019531 0.0351486206054688 0.0370407104492188
-0.0287742614746094 0.0313205718994141 0.45855712890625 -0.580322265625
0.00392532348632812 0.0206565856933594 -0.0856323242187501 -0.95074462890625
-0.00238227844238281 0.00873041152954101 -0.74920654296875 -0.373291015625
-0.0030522346496582 -0.00464153289794922 -0.57769775390625 0.33270263671875
0.0166425704956055 0.0120248794555664 -0.134521484375 0.495513916015625
-0.00367569923400879 0.00188803672790527 0.226715087890625 0.283172607421875
0.00864791870117187 -0.0323619842529297 0.330352783203125 0.030181884765625
0.0241184234619141 -0.0284137725830078 -0.29351806640625 -0.034820556640625
0.0139608383178711 -0.00505924224853516 -0.125579833984375 -0.317962646484375
0.0385360717773438 0.00891876220703125 0.26141357421875 -0.41827392578125
0.0133075714111328 0.021759033203125 0.66815185546875 -0.1083984375
-0.0242862701416016 0.00861930847167969 0.51446533203125 0.61431884765625
-0.0197238922119141 -0.00974273681640625 -0.14263916015625 0.95013427734375
-0.0341453552246094 0.0373077392578125 -0.471160888671875 0.50067138671875
-0.0328483581542969 0.044708251953125 0.0651435852050781 0.0148162841796875
-0.0318183898925781 0.0256690979003906 0.44146728515625 -0.6124267578125
0.0029449462890625 0.0195350646972656 -0.14111328125 -0.93255615234375
0.0082387924194336 0.0138330459594727 -0.76263427734375 -0.3143310546875
0.00914096832275391 -0.007293701171875 -0.546112060546875 0.36614990234375
0.0283470153808594 0.000324249267578125 -0.10174560546875 0.500457763671875
0.00166082382202148 -0.00851678848266602 0.241104125976562 0.273223876953125
0.00634384155273437 -0.0343341827392578 0.33184814453125 0.021514892578125
0.0235061645507813 -0.0257778167724609 -0.29388427734375 -0.0450439453125
0.0222892761230469 -0.0138568878173828 -0.1207275390625 -0.323974609375
0.0518646240234375 -0.000537872314453125 0.275634765625 -0.407684326171875
0.0250949859619141 0.0259761810302734 0.67681884765625 -0.07611083984375
-0.0203399658203125 0.0146598815917969 0.4876708984375 0.64453125
-0.0187168121337891 -0.0151252746582031 -0.17864990234375 0.94573974609375
-0.0247783660888672 0.0255661010742188 -0.468963623046875 0.47503662109375
-0.0191688537597656 0.0302867889404297 0.093017578125 -0.00295257568359375
-0.0261802673339844 0.0149078369140625 0.43133544921875 -0.6363525390625
0.0030670166015625 0.0177211761474609 -0.17828369140625 -0.92120361328125
0.0149621963500977 0.0160665512084961 -0.76519775390625 -0.271484375
0.0212650299072266 -0.0126762390136719 -0.5224609375 0.387939453125
0.0379524230957031 -0.00970840454101562 -0.08526611328125 0.502227783203125
0.00939178466796875 -0.0172090530395508 0.243331909179687 0.264938354492188
0.00324630737304688 -0.035736083984375 0.331146240234375 0.0128173828125
0.020904541015625 -0.0279979705810547 -0.297943115234375 -0.0556335449218751
0.0296916961669922 -0.0208110809326172 -0.12164306640625 -0.33282470703125
0.0581321716308594 -0.00531387329101563 0.278472900390625 -0.40362548828125
0.0328845977783203 0.0282249450683594 0.68231201171875 -0.06317138671875
-0.0159950256347656 0.0175638198852539 0.479248046875 0.66107177734375
-0.0139789581298828 -0.0244941711425781 -0.18798828125 0.9400634765625
-0.00667428970336914 0.00639915466308594 -0.460601806640625 0.4561767578125
0.00739955902099609 0.0148506164550781 0.1136474609375 -0.0147628784179688
-0.0129833221435547 -0.000617027282714842 0.43218994140625 -0.65155029296875
0.00629806518554688 0.012690544128418 -0.189697265625 -0.91632080078125
0.0206966400146484 0.0162620544433594 -0.76397705078125 -0.25909423828125
0.0258235931396484 -0.0148162841796875 -0.51220703125 0.393463134765625
0.0456886291503906 -0.0153160095214844 -0.075408935546875 0.49957275390625
0.0149383544921875 -0.0271701812744141 0.239364624023438 0.25787353515625
0.00343894958496093 -0.0350761413574219 0.330230712890625 0.00390625
0.0235843658447266 -0.0281124114990234 -0.3043212890625 -0.067718505859375
0.0376777648925781 -0.0278282165527344 -0.130706787109375 -0.3375244140625
0.0627098083496094 -0.0084686279296875 0.274566650390625 -0.4066162109375
0.0339183807373047 0.0310916900634766 0.68243408203125 -0.0615234375
-0.0158920288085938 0.0119733810424805 0.4825439453125 0.661865234375
-0.00185775756835937 -0.0410957336425781 -0.18359375 0.93804931640625
0.0224094390869141 -0.0139217376708984 -0.444580078125 0.44915771484375
0.0427589416503906 -0.00371170043945313 0.127265930175781 -0.025115966796875
0.00344657897949219 -0.0213947296142578 0.43585205078125 -0.66009521484375
0.00771522521972656 0.000831127166748047 -0.1871337890625 -0.9189453125
0.0184040069580078 0.0181674957275391 -0.76165771484375 -0.253662109375
0.0281181335449219 -0.0133075714111328 -0.510711669921875 0.397125244140625
0.0490875244140625 -0.0232162475585938 -0.078887939453125 0.4952392578125
0.0191078186035156 -0.0305347442626953 0.232711791992187 0.251510620117188
0.004669189453125 -0.0288047790527344 0.31884765625 -0.0062255859375
0.0243034362792969 -0.0204010009765625 -0.31219482421875 -0.0735778808593749
0.0381622314453125 -0.0278091430664063 -0.150390625 -0.342681884765625
0.0586357116699219 -0.0111160278320313 0.252716064453125 -0.420196533203125
0.0307388305664063 0.0307159423828125 0.67608642578125 -0.09686279296875
-0.0178279876708984 0.00541877746582032 0.51141357421875 0.62591552734375
0.00606155395507813 -0.0578880310058594 -0.12896728515625 0.93218994140625
0.0527877807617187 -0.0405197143554688 -0.427154541015625 0.462371826171875
0.0852508544921875 -0.018310546875 0.122085571289062 -0.0160980224609375
0.0310287475585938 -0.0426559448242188 0.46075439453125 -0.6529541015625
0.0126562118530273 -0.0169601440429688 -0.14630126953125 -0.938232421875
0.0111684799194336 0.0163564682006836 -0.7550048828125 -0.29595947265625
0.0255756378173828 -0.00740432739257813 -0.52789306640625 0.373046875
0.0502433776855469 -0.0223350524902344 -0.100830078125 0.4910888671875
0.0212459564208984 -0.0330524444580078 0.216552734375 0.252532958984375
0.00549125671386719 -0.0247611999511719 0.31378173828125 -0.01397705078125
0.0301971435546875 -0.0148067474365234 -0.30908203125 -0.020843505859375
-0.000211715698242188 0.0216274261474609 -0.188262939453125 -0.305633544921875
0.00735282897949219 0.0284328460693359 0.166046142578125 -0.469207763671875
-0.0208702087402344 0.0242691040039063 0.60772705078125 -0.27630615234375
-0.0449485778808594 -0.00477218627929687 0.63067626953125 0.4356689453125
-0.0144920349121094 -0.0287914276123047 0.07586669921875 0.931884765625
-0.00252532958984375 0.0337657928466797 -0.41485595703125 0.611083984375
-0.0132293701171875 0.053619384765625 -0.0220870971679687 0.0826187133789063
-0.00403976440429688 0.0259227752685547 0.50732421875 -0.515350341796875
0.0147180557250977 0.00269889831542969 0.0599365234374999 -0.984130859375
-0.0211563110351563 -0.00579643249511719 -0.70489501953125 -0.51568603515625
-0.0314121246337891 0.00211906433105469 -0.64300537109375 0.245361328125
-0.00228691101074219 0.0253772735595703 -0.204437255859375 0.480255126953125
-0.01068115234375 0.0204200744628906 0.192291259765625 0.295989990234375
0.0153923034667969 -0.0202045440673828 0.32080078125 0.029083251953125
0.0271873474121094 -0.0207862854003906 -0.303314208984375 -0.022705078125
0.000815391540527345 0.0130348205566406 -0.166595458984375 -0.307373046875
0.0144882202148438 0.0231857299804687 0.198486328125 -0.4559326171875
-0.0124053955078125 0.0207767486572266 0.63531494140625 -0.22314453125
-0.0397453308105469 -0.00305557250976563 0.59759521484375 0.502197265625
-0.0165138244628906 -0.0169878005981445 0.00244140624999991 0.952392578125
-0.0211982727050781 0.0441246032714844 -0.43988037109375 0.58050537109375
-0.0300140380859375 0.0561790466308594 0.00268554687499999 0.0613365173339844
-0.0200748443603516 0.0321025848388672 0.481658935546875 -0.5491943359375
0.00803852081298828 0.0136499404907227 -0.0186157226562501 -0.97381591796875
-0.0129680633544922 0.000362396240234373 -0.73809814453125 -0.44378662109375
-0.0187587738037109 -0.000686645507812497 -0.61279296875 0.29583740234375
0.00613784790039063 0.0192031860351563 -0.16845703125 0.492950439453125
-0.00645256042480469 0.0140237808227539 0.213348388671875 0.2901611328125
0.0123271942138672 -0.0267829895019531 0.32659912109375 0.028533935546875
0.0257091522216797 -0.0252723693847656 -0.300567626953125 -0.0277099609375
0.00412368774414063 0.00505399703979492 -0.147247314453125 -0.312591552734375
0.0263748168945313 0.0139312744140625 0.231536865234375 -0.43939208984375
0.00148582458496094 0.0222320556640625 0.6583251953125 -0.165283203125
-0.0301914215087891 0.00408172607421875 0.55889892578125 0.5670166015625
-0.0183315277099609 -0.0112361907958984 -0.072021484375 0.96038818359375
-0.0329818725585937 0.0468521118164063 -0.46240234375 0.54345703125
-0.0377769470214844 0.0537452697753906 0.0340347290039063 0.0372581481933594
-0.0310211181640625 0.0319709777832031 0.455810546875 -0.5899658203125
0.00623893737792969 0.0178413391113281 -0.0949707031250001 -0.9581298828125
-0.00289011001586914 0.0081486701965332 -0.758544921875 -0.36962890625
-0.00311040878295898 -0.00468349456787109 -0.57855224609375 0.34100341796875
0.0183982849121094 0.0101890563964844 -0.129669189453125 0.50323486328125
-0.00337409973144531 0.00341510772705078 0.233306884765625 0.282562255859375
0.0069122314453125 -0.0315628051757813 0.33447265625 0.025970458984375
0.0231342315673828 -0.0294475555419922 -0.29742431640625 -0.034393310546875
0.0141029357910156 -0.00471115112304688 -0.132080078125 -0.3192138671875
0.0379219055175781 0.00737762451171875 0.256988525390625 -0.423797607421875
0.0134563446044922 0.0224514007568359 0.67333984375 -0.11395263671875
-0.0262699127197266 0.0115566253662109 0.52197265625 0.61834716796875
-0.0195369720458984 -0.0102386474609375 -0.13323974609375 0.96002197265625
-0.0352897644042969 0.0389785766601563 -0.47137451171875 0.50897216796875
-0.0328598022460938 0.0458335876464844 0.0651626586914063 0.0152778625488281
-0.0307292938232422 0.0290126800537109 0.4378662109375 -0.620849609375
0.00247001647949219 0.0211238861083984 -0.1552734375 -0.93865966796875
0.00744056701660156 0.0147943496704102 -0.76837158203125 -0.3099365234375
0.00943660736083984 -0.00863838195800781 -0.547393798828125 0.375823974609375
0.0284347534179688 0.000108718872070313 -0.09521484375 0.506500244140625
0.00274991989135742 -0.00876331329345703 0.243576049804688 0.272445678710938
0.0039215087890625 -0.0349578857421875 0.337188720703125 0.0189208984375
0.0216751098632813 -0.03094482421875 -0.297027587890625 -0.041900634765625
0.0213680267333984 -0.0142745971679688 -0.125701904296875 -0.324432373046875
0.0497093200683594 -0.000576019287109375 0.271453857421875 -0.413116455078125
0.0278358459472656 0.0273704528808594 0.6810302734375 -0.08221435546875
-0.0210895538330078 0.0137920379638672 0.4971923828125 0.6475830078125
-0.0202884674072266 -0.0138835906982422 -0.17095947265625 0.95611572265625
-0.0272655487060547 0.0255088806152344 -0.471832275390625 0.48309326171875
-0.0166854858398438 0.0301227569580078 0.0932846069335938 -0.00323486328125
-0.0255699157714844 0.0168285369873047 0.42999267578125 -0.64459228515625
0.00617599487304688 0.0185565948486328 -0.18603515625 -0.92706298828125
0.0167474746704102 0.0159587860107422 -0.7728271484375 -0.267333984375
0.0193824768066406 -0.0141696929931641 -0.524688720703125 0.39764404296875
0.0369758605957031 -0.0100593566894531 -0.07733154296875 0.50665283203125
0.00791358947753906 -0.0183868408203125 0.24737548828125 0.265396118164063
0.00162887573242187 -0.0366897583007813 0.335968017578125 0.01129150390625
0.0224246978759766 -0.0297088623046875 -0.300872802734375 -0.0529479980468751
0.0321197509765625 -0.0221900939941406 -0.12896728515625 -0.331024169921875
0.0582199096679688 -0.00560760498046875 0.27886962890625 -0.40887451171875
0.0353813171386719 0.027923583984375 0.68560791015625 -0.068603515625
-0.0161409378051758 0.0172843933105469 0.48834228515625 0.66156005859375
-0.0112972259521484 -0.0237884521484375 -0.18109130859375 0.951416015625
-0.00767612457275391 0.00870943069458008 -0.462738037109375 0.46417236328125
0.00742912292480469 0.0175323486328125 0.110649108886719 -0.0145797729492187
-0.0138273239135742 0.00234222412109375 0.4285888671875 -0.66241455078125
0.00648117065429688 0.0132179260253906 -0.19818115234375 -0.92144775390625
0.0195178985595703 0.0177021026611328 -0.773681640625 -0.2520751953125
0.0254898071289063 -0.0155429840087891 -0.51312255859375 0.405517578125
0.0465545654296875 -0.0202369689941406 -0.07061767578125 0.50445556640625
0.0143032073974609 -0.0286960601806641 0.24713134765625 0.257827758789063
0.001800537109375 -0.0322437286376953 0.328704833984375 -0.000793457031250002
0.0227184295654297 -0.0275020599365234 -0.308319091796875 -0.06341552734375
0.0363044738769531 -0.0275459289550781 -0.138580322265625 -0.338836669921875
0.0630683898925781 -0.00963211059570313 0.271209716796875 -0.41094970703125
0.0356979370117188 0.03167724609375 0.68658447265625 -0.06866455078125
-0.016510009765625 0.0143184661865234 0.4930419921875 0.66314697265625
-0.0019683837890625 -0.0399093627929688 -0.1722412109375 0.94866943359375
0.0195045471191406 -0.0143566131591797 -0.447265625 0.45611572265625
0.0438156127929687 -0.0008392333984375 0.128067016601563 -0.0249176025390625
0.00573158264160156 -0.0201568603515625 0.43218994140625 -0.67254638671875
0.00849485397338867 0.00242424011230469 -0.19793701171875 -0.9259033203125
0.0204181671142578 0.0166988372802734 -0.76910400390625 -0.2496337890625
0.0289173126220703 -0.0133457183837891 -0.50970458984375 0.40606689453125
0.0484237670898438 -0.0232582092285156 -0.0734558105468749 0.50164794921875
0.0177650451660156 -0.0324859619140625 0.23553466796875 0.251846313476563
0.00535774230957032 -0.0291194915771484 0.324127197265625 -0.010009765625
0.0230045318603516 -0.0210590362548828 -0.31707763671875 -0.0695800781250001
0.0378456115722656 -0.0287322998046875 -0.155242919921875 -0.344024658203125
0.0608787536621094 -0.0106582641601563 0.249969482421875 -0.424468994140625
0.0326957702636719 0.0296878814697266 0.68023681640625 -0.10479736328125
-0.0169801712036133 0.0055093765258789 0.52545166015625 0.627685546875
0.00659942626953125 -0.0610885620117188 -0.123046875 0.9407958984375
0.0516586303710938 -0.0418548583984375 -0.427734375 0.469482421875
0.0864028930664063 -0.0205078125 0.121475219726563 -0.0179595947265625
0.0311470031738281 -0.0441017150878906 0.45703125 -0.66082763671875
0.0125827789306641 -0.0156641006469727 -0.1563720703125 -0.9434814453125
0.0141305923461914 0.0147228240966797 -0.76116943359375 -0.2899169921875
0.0263423919677734 -0.0100326538085938 -0.52984619140625 0.38250732421875
0.050018310546875 -0.0225715637207031 -0.095062255859375 0.495391845703125
0.0219516754150391 -0.0319900512695313 0.220626831054688 0.252182006835938
0.00736236572265625 -0.0240039825439453 0.316314697265625 -0.016754150390625
0.0312023162841797 -0.0127334594726563 -0.311553955078125 -0.0161743164062499
0.000949859619140625 0.0213413238525391 -0.194915771484375 -0.304901123046875
0.00642585754394531 0.0303726196289062 0.15911865234375 -0.475250244140625
-0.0213298797607422 0.0241355895996094 0.60992431640625 -0.28173828125
-0.0451622009277344 -0.00378417968750001 0.64178466796875 0.4349365234375
-0.0132522583007812 -0.0291786193847656 0.09075927734375 0.939208984375
-0.00399971008300781 0.0348587036132813 -0.41119384765625 0.61639404296875
-0.0118293762207031 0.054443359375 -0.0221328735351562 0.0829391479492188
-0.00655555725097656 0.0296249389648437 0.503387451171875 -0.52099609375
0.0167675018310547 0.00236606597900391 0.0515136718750001 -0.990966796875
-0.0228614807128906 -0.00587844848632813 -0.71624755859375 -0.50872802734375
-0.0323314666748047 0.00131416320800781 -0.64373779296875 0.25567626953125
-0.00220489501953125 0.0229721069335938 -0.199615478515625 0.486846923828125
-0.00882530212402344 0.0199928283691406 0.198150634765625 0.29473876953125
0.0151443481445312 -0.0202445983886719 0.32305908203125 0.025177001953125
0.0292549133300781 -0.0197315216064453 -0.307861328125 -0.0158691406249999
-0.00143527984619141 0.014190673828125 -0.174560546875 -0.304840087890625
0.0138587951660156 0.023468017578125 0.19305419921875 -0.4599609375
-0.0107784271240234 0.0186309814453125 0.63812255859375 -0.22711181640625
-0.0391654968261719 -0.00169754028320312 0.6072998046875 0.50201416015625
-0.0158042907714844 -0.0188007354736328 0.0159912109374999 0.95849609375
-0.0196380615234375 0.04388427734375 -0.43865966796875 0.59112548828125
-0.0299606323242188 0.0554428100585937 0.00242233276367187 0.0625190734863281
-0.0209083557128906 0.0307044982910156 0.478271484375 -0.561737060546875
0.00852298736572266 0.0125818252563477 -0.0280761718750001 -0.980224609375
-0.0127439498901367 0.00214385986328125 -0.74554443359375 -0.4378662109375
-0.0184535980224609 -4.19616699218716E-05 -0.6124267578125 0.304931640625
0.00804328918457031 0.0188694000244141 -0.159332275390625 0.503021240234375
-0.00910663604736328 0.0139703750610352 0.21856689453125 0.29058837890625
0.0109729766845703 -0.0254917144775391 0.332763671875 0.02520751953125
0.0255508422851562 -0.0255680084228516 -0.30328369140625 -0.0203857421874999
0.00444698333740234 0.00609827041625977 -0.150726318359375 -0.3118896484375
0.0277194976806641 0.0148582458496094 0.22576904296875 -0.443634033203125
0.000623703002929687 0.0209751129150391 0.65850830078125 -0.17230224609375
-0.0321025848388672 0.00528526306152344 0.57037353515625 0.5643310546875
-0.0167293548583984 -0.0113716125488281 -0.0614624023437501 0.96722412109375
-0.0331954956054687 0.0485191345214844 -0.460693359375 0.553619384765625
-0.0377578735351563 0.0562248229980469 0.0346603393554688 0.0372505187988281
-0.0307464599609375 0.0357513427734375 0.453369140625 -0.59783935546875
0.00891876220703125 0.0188312530517578 -0.10577392578125 -0.96380615234375
-0.00128459930419922 0.0101108551025391 -0.76861572265625 -0.3643798828125
-0.00330162048339844 -0.00578403472900391 -0.57757568359375 0.350830078125
0.0190620422363281 0.0105190277099609 -0.1231689453125 0.508270263671875
-0.00222635269165039 0.00151801109313965 0.23809814453125 0.281463623046875
0.00613212585449219 -0.0310745239257813 0.337799072265625 0.020843505859375
0.0229339599609375 -0.0301704406738281 -0.30133056640625 -0.030487060546875
0.0164508819580078 -0.00553321838378906 -0.138916015625 -0.314605712890625
0.041412353515625 0.00563430786132813 0.254608154296875 -0.428314208984375
0.0166873931884766 0.0214347839355469 0.67706298828125 -0.1231689453125
-0.025299072265625 0.00937080383300781 0.53497314453125 0.61181640625
-0.0210227966308594 -0.0102634429931641 -0.1248779296875 0.9700927734375
-0.0366096496582031 0.0413818359375 -0.470947265625 0.519561767578125
-0.0345001220703125 0.044952392578125 0.0658073425292969 0.0135345458984375
-0.0305843353271484 0.0285434722900391 0.435302734375 -0.6256103515625
0.00541877746582031 0.0209312438964844 -0.1617431640625 -0.94195556640625
0.00913238525390625 0.0127220153808594 -0.7772216796875 -0.300048828125
0.00825595855712891 -0.00978469848632813 -0.544952392578125 0.3828125
0.0297679901123047 0.000585556030273438 -0.08990478515625 0.510772705078125
0.00137186050415039 -0.00750207901000977 0.250350952148438 0.273040771484375
0.00368118286132813 -0.0348472595214844 0.33642578125 0.013427734375
0.0213642120361328 -0.0331230163574219 -0.30145263671875 -0.038787841796875
0.0218601226806641 -0.0138511657714844 -0.13201904296875 -0.3232421875
0.0526504516601563 0.001190185546875 0.266937255859375 -0.41815185546875
0.0276546478271484 0.0277385711669922 0.6866455078125 -0.08917236328125
-0.0198993682861328 0.0129299163818359 0.5101318359375 0.64874267578125
-0.0167093276977539 -0.0144643783569336 -0.16217041015625 0.9669189453125
-0.0263385772705078 0.0286521911621094 -0.46966552734375 0.489501953125
-0.0185050964355469 0.0332450866699219 0.0921096801757813 -0.00498199462890625
-0.0249252319335938 0.017303466796875 0.42584228515625 -0.65435791015625
0.00504589080810547 0.0172719955444336 -0.19842529296875 -0.930908203125
0.0175666809082031 0.0157451629638672 -0.78338623046875 -0.26116943359375
0.0220317840576172 -0.0141773223876953 -0.5233154296875 0.406402587890625
0.0384101867675781 -0.00980377197265625 -0.06866455078125 0.510223388671875
0.00827217102050781 -0.0171146392822266 0.253768920898438 0.26348876953125
0.000976562500000003 -0.0349025726318359 0.340118408203125 0.007232666015625
0.0227832794189453 -0.0307521820068359 -0.305755615234375 -0.0491027832031249
0.0293216705322266 -0.0227222442626953 -0.13299560546875 -0.332366943359375
0.05902099609375 -0.0080108642578125 0.271026611328125 -0.413116455078125
0.0362510681152344 0.0321273803710938 0.68743896484375 -0.0777587890625
-0.0160694122314453 0.0161638259887695 0.5001220703125 0.6607666015625
-0.0134563446044922 -0.0238456726074219 -0.17218017578125 0.95758056640625
-0.00720787048339844 0.0101613998413086 -0.461761474609375 0.4742431640625
0.00847911834716797 0.0157222747802734 0.111335754394531 -0.0175018310546875
-0.0148773193359375 0.003082275390625 0.42425537109375 -0.66900634765625
0.00715351104736328 0.0125942230224609 -0.20977783203125 -0.9248046875
0.02227783203125 0.0180511474609375 -0.782470703125 -0.2451171875
0.0275211334228516 -0.0135440826416016 -0.512359619140625 0.413818359375
0.0447425842285156 -0.0185203552246094 -0.066162109375 0.509185791015625
0.0140819549560547 -0.0254764556884766 0.2509765625 0.25628662109375
0.000782012939453123 -0.0334796905517578 0.333404541015625 -0.0047607421875
0.0217037200927734 -0.0278987884521484 -0.31109619140625 -0.059356689453125
0.0379371643066406 -0.028564453125 -0.142425537109375 -0.336212158203125
0.06341552734375 -0.00972366333007813 0.268585205078125 -0.416412353515625
0.0367927551269531 0.0340499877929688 0.6923828125 -0.07806396484375
-0.0158596038818359 0.0114288330078125 0.5020751953125 0.6639404296875
-0.00283050537109375 -0.040924072265625 -0.16290283203125 0.9556884765625
0.0181331634521484 -0.0151271820068359 -0.446319580078125 0.46356201171875
0.0420036315917969 -3.0517578125E-05 0.1256103515625 -0.0262603759765625
0.00335311889648438 -0.0182914733886719 0.43170166015625 -0.68145751953125
0.010380744934082 0.00240898132324219 -0.208984375 -0.9278564453125
0.0186119079589844 0.0162715911865234 -0.7806396484375 -0.241943359375
0.0264739990234375 -0.0121707916259766 -0.5087890625 0.415496826171875
0.0494194030761719 -0.0234146118164063 -0.06658935546875 0.5074462890625
0.0212154388427734 -0.0321197509765625 0.243179321289063 0.25201416015625
0.00380325317382813 -0.0311374664306641 0.325408935546875 -0.015960693359375
0.0255584716796875 -0.0200214385986328 -0.31982421875 -0.0659179687500001
0.0399208068847656 -0.0265693664550781 -0.160369873046875 -0.342620849609375
0.0594902038574219 -0.0117301940917969 0.246551513671875 -0.43170166015625
0.0332660675048828 0.0291175842285156 0.68231201171875 -0.11285400390625
-0.0160045623779297 0.00738430023193359 0.5369873046875 0.62786865234375
0.0057373046875 -0.0615043640136719 -0.10894775390625 0.950439453125
0.0521926879882813 -0.0422439575195313 -0.42791748046875 0.477996826171875
0.086151123046875 -0.0202484130859375 0.122749328613281 -0.0184249877929688
0.0291671752929688 -0.0432624816894531 0.451416015625 -0.66943359375
0.0120973587036133 -0.0168228149414063 -0.16790771484375 -0.9483642578125
0.0139799118041992 0.0166339874267578 -0.77069091796875 -0.28619384765625
0.0255928039550781 -0.0114307403564453 -0.529998779296875 0.39556884765625
0.0502433776855469 -0.0238761901855469 -0.092193603515625 0.499908447265625
0.0219478607177734 -0.032379150390625 0.2276611328125 0.250503540039062
0.00635337829589844 -0.0249500274658203 0.3201904296875 -0.02142333984375
0.0309486389160156 -0.0134830474853516 -0.313690185546875 -0.011749267578125
0.000888824462890624 0.0226001739501953 -0.199554443359375 -0.3018798828125
0.00930404663085937 0.0307407379150391 0.15228271484375 -0.47467041015625
-0.01995849609375 0.0268421173095703 0.6087646484375 -0.2904052734375
-0.0447959899902344 -0.00458526611328125 0.64910888671875 0.4296875
-0.0164890289306641 -0.0293102264404297 0.10333251953125 0.94573974609375
-0.00066375732421875 0.0362396240234375 -0.40673828125 0.6258544921875
-0.0102005004882812 0.055938720703125 -0.0208053588867188 0.0819244384765625
-0.00522804260253906 0.0279731750488281 0.50152587890625 -0.529571533203125
0.0144882202148437 0.00307750701904297 0.03863525390625 -0.997802734375
-0.0206031799316406 -0.00804901123046875 -0.72833251953125 -0.50396728515625
-0.0349693298339844 0.00211715698242187 -0.64263916015625 0.2646484375
-0.000505447387695313 0.0254058837890625 -0.191009521484375 0.49102783203125
-0.00929450988769531 0.0194835662841797 0.205047607421875 0.295623779296875
0.0163383483886719 -0.0195980072021484 0.3262939453125 0.01904296875
0.0265274047851563 -0.0219135284423828 -0.30755615234375 -0.01068115234375
0.00222969055175781 0.0154285430908203 -0.179534912109375 -0.303802490234375
0.0159244537353516 0.0220813751220703 0.18603515625 -0.4656982421875
-0.0102806091308594 0.0219993591308594 0.636962890625 -0.23455810546875
-0.0378036499023437 -0.00078582763671875 0.61920166015625 0.49761962890625
-0.0166053771972656 -0.0185413360595703 0.0275878906249999 0.96343994140625
-0.0220298767089844 0.0462989807128906 -0.43572998046875 0.6005859375
-0.0284004211425781 0.0581703186035156 0.00556182861328124 0.0596275329589844
-0.0212421417236328 0.0346565246582031 0.47564697265625 -0.5682373046875
0.0115423202514648 0.0153942108154297 -0.0421142578125001 -0.98468017578125
-0.0119848251342773 0.00285816192626953 -0.75335693359375 -0.4263916015625
-0.0211868286132813 -0.000312805175781251 -0.61328125 0.314208984375
0.00677585601806641 0.0171403884887695 -0.155487060546875 0.505157470703125
-0.005218505859375 0.0121355056762695 0.224884033203125 0.287261962890625
0.00899887084960938 -0.0280990600585938 0.333526611328125 0.01971435546875
0.0248260498046875 -0.02752685546875 -0.30535888671875 -0.0137023925781249
0.00777387619018555 0.00385618209838867 -0.158721923828125 -0.310638427734375
0.0260066986083984 0.0151138305664063 0.219512939453125 -0.447998046875
0.00130462646484375 0.0221519470214844 0.6614990234375 -0.18084716796875
-0.0311756134033203 0.00417518615722656 0.579833984375 0.5592041015625
-0.0179939270019531 -0.0124454498291016 -0.0465087890625 0.9716796875
-0.033294677734375 0.0506820678710938 -0.45660400390625 0.561279296875
-0.0362968444824219 0.0576400756835938 0.034759521484375 0.0386428833007813
-0.0293502807617187 0.0353622436523438 0.44866943359375 -0.6038818359375
0.00980758666992188 0.0177707672119141 -0.1170654296875 -0.96502685546875
-0.00150632858276367 0.00861310958862305 -0.7750244140625 -0.35614013671875
-0.0063776969909668 -0.00404453277587891 -0.5743408203125 0.35986328125
0.0214557647705078 0.00936126708984375 -0.113037109375 0.51214599609375
-0.00198698043823242 0.00434017181396484 0.243392944335937 0.279281616210937
0.00797843933105469 -0.0336418151855469 0.3387451171875 0.014739990234375
0.0236663818359375 -0.0310745239257812 -0.303009033203125 -0.024993896484375
0.0143251419067383 -0.00464534759521484 -0.143402099609375 -0.316070556640625
0.0395927429199219 0.00457000732421875 0.24810791015625 -0.431884765625
0.0141105651855469 0.025299072265625 0.677490234375 -0.13238525390625
-0.0243072509765625 0.0105209350585938 0.54541015625 0.6129150390625
-0.020599365234375 -0.0103912353515625 -0.1099853515625 0.97760009765625
-0.0319061279296875 0.0397415161132813 -0.46514892578125 0.525726318359375
-0.0343399047851563 0.0502967834472656 0.0657997131347656 0.0141487121582031
-0.031463623046875 0.0302448272705078 0.42779541015625 -0.63720703125
0.00408554077148437 0.0189743041992188 -0.17816162109375 -0.9462890625
0.0103282928466797 0.0134944915771484 -0.784912109375 -0.29461669921875
0.00759315490722656 -0.00729227066040039 -0.542327880859375 0.39788818359375
0.0305671691894531 -4.57763671875E-05 -0.08135986328125 0.514984130859375
0.00248908996582031 -0.0090475082397461 0.25677490234375 0.273605346679688
0.00301742553710938 -0.0358390808105469 0.342681884765625 0.008331298828125
0.02215576171875 -0.0333747863769531 -0.30352783203125 -0.032379150390625
0.0249290466308594 -0.0138282775878906 -0.1373291015625 -0.322265625
0.0524215698242188 -1.1444091796875E-05 0.2613525390625 -0.42279052734375
0.0304985046386719 0.0268535614013672 0.687744140625 -0.09771728515625
-0.0185565948486328 0.0145149230957031 0.51947021484375 0.6468505859375
-0.0183982849121094 -0.0159473419189453 -0.1485595703125 0.9720458984375
-0.0245552062988281 0.0261249542236328 -0.4671630859375 0.500701904296875
-0.0198554992675781 0.0358009338378906 0.0924758911132813 -0.00608062744140625
-0.0270576477050781 0.0188446044921875 0.41888427734375 -0.66021728515625
0.00683021545410156 0.0204639434814453 -0.2122802734375 -0.934326171875
0.0182971954345703 0.0168819427490234 -0.7889404296875 -0.2537841796875
0.0178432464599609 -0.0139331817626953 -0.5179443359375 0.416656494140625
0.0397071838378906 -0.00872421264648438 -0.061370849609375 0.514373779296875
0.00868606567382812 -0.0182209014892578 0.2611083984375 0.26043701171875
0.00220870971679688 -0.0374832153320313 0.3411865234375 9.15527343749977E-05
0.0227375030517578 -0.0316066741943359 -0.307403564453125 -0.042633056640625
0.0305767059326172 -0.0229377746582031 -0.141357421875 -0.330169677734375
0.0621070861816406 -0.0101242065429687 0.266998291015625 -0.4193115234375
0.03521728515625 0.0299301147460938 0.6923828125 -0.08502197265625
-0.0135898590087891 0.0188503265380859 0.51153564453125 0.66064453125
-0.0130233764648437 -0.0258960723876953 -0.157470703125 0.9661865234375
-0.00808000564575195 0.0087423324584961 -0.45709228515625 0.483795166015625
0.00908470153808594 0.0185394287109375 0.110313415527344 -0.0180130004882813
-0.0179367065429688 3.05175781250036E-05 0.41656494140625 -0.67535400390625
0.00639533996582031 0.0125598907470703 -0.2215576171875 -0.9248046875
0.0215187072753906 0.0190773010253906 -0.789306640625 -0.23681640625
0.0265598297119141 -0.0161819458007813 -0.5068359375 0.421783447265625
0.0495796203613281 -0.0192832946777344 -0.05645751953125 0.51312255859375
0.0132732391357422 -0.0293045043945312 0.255294799804688 0.256149291992188
0.000215530395507809 -0.0345058441162109 0.3353271484375 -0.009765625
0.0224075317382813 -0.0283336639404297 -0.316070556640625 -0.05487060546875
0.0326976776123047 -0.028167724609375 -0.1502685546875 -0.336822509765625
0.0645179748535156 -0.0102653503417969 0.263916015625 -0.4208984375
0.0368080139160156 0.033447265625 0.69525146484375 -0.084716796875
-0.0148286819458008 0.0138063430786133 0.5162353515625 0.66107177734375
-0.00202560424804688 -0.0386772155761719 -0.15234375 0.95947265625
0.0198020935058594 -0.0147056579589844 -0.443939208984375 0.471954345703125
0.0447349548339844 -0.00208282470703125 0.125274658203125 -0.0280380249023437
0.000764846801757811 -0.0194416046142578 0.42144775390625 -0.687744140625
0.0101432800292969 0.00161361694335937 -0.22271728515625 -0.92962646484375
0.0209369659423828 0.0156822204589844 -0.78662109375 -0.234619140625
0.0289134979248047 -0.0159778594970703 -0.50885009765625 0.4239501953125
0.0511741638183594 -0.0256271362304688 -0.057769775390625 0.510650634765625
0.0171165466308594 -0.0326995849609375 0.248458862304687 0.247299194335938
0.000564575195312498 -0.0308017730712891 0.3299560546875 -0.019134521484375
0.0222911834716797 -0.0229930877685547 -0.3236083984375 -0.0599365234375
0.0361480712890625 -0.0293960571289063 -0.16876220703125 -0.3392333984375
0.0592308044433594 -0.0125198364257813 0.23992919921875 -0.433258056640625
0.034210205078125 0.0307846069335938 0.68609619140625 -0.12152099609375
-0.0182342529296875 0.00698089599609375 0.54595947265625 0.62408447265625
0.00301361083984375 -0.0615272521972656 -0.09808349609375 0.9588623046875
0.0504035949707031 -0.0428848266601563 -0.4232177734375 0.48724365234375
0.0894393920898438 -0.0233230590820313 0.120536804199219 -0.0204315185546875
0.0311431884765625 -0.0469436645507813 0.445068359375 -0.67864990234375
0.0122718811035156 -0.0160617828369141 -0.17779541015625 -0.9510498046875
0.0153493881225586 0.0154275894165039 -0.77667236328125 -0.27496337890625
0.0266399383544922 -0.0079193115234375 -0.52740478515625 0.401336669921875
0.0487709045410156 -0.0235328674316406 -0.081573486328125 0.50634765625
0.0217418670654297 -0.0323028564453125 0.22906494140625 0.248687744140625
0.00491523742675781 -0.0226154327392578 0.322357177734375 -0.02471923828125
0.0309543609619141 -0.0161685943603516 -0.3160400390625 -0.00610351562500006
0.00255775451660156 0.0218677520751953 -0.203948974609375 -0.29833984375
0.0102806091308594 0.0306835174560547 0.1444091796875 -0.481414794921875
-0.02008056640625 0.0258255004882813 0.60467529296875 -0.29931640625
-0.0459938049316406 -0.0025634765625 0.65716552734375 0.42315673828125
-0.0138626098632813 -0.0287399291992188 0.11474609375 0.9466552734375
-0.00337791442871094 0.0340442657470703 -0.39971923828125 0.63470458984375
-0.00959014892578126 0.0579910278320312 -0.0209732055664063 0.0855941772460937
-0.00421142578125 0.0294151306152344 0.4942626953125 -0.5384521484375
0.0162744522094727 0.00184440612792969 0.02471923828125 -0.9996337890625
-0.0204315185546875 -0.00628852844238281 -0.73577880859375 -0.49468994140625
-0.0328006744384766 0.00290298461914063 -0.64202880859375 0.2784423828125
0.0001068115234375 0.0232810974121094 -0.18634033203125 0.496856689453125
-0.00819778442382813 0.0226707458496094 0.207000732421875 0.292449951171875
0.0139808654785156 -0.0201663970947266 0.329742431640625 0.01446533203125
0.0273838043212891 -0.0216903686523438 -0.31329345703125 -0.00625610351562503
0.00174522399902344 0.0143442153930664 -0.18621826171875 -0.300567626953125
0.0164279937744141 0.0228252410888672 0.1802978515625 -0.467987060546875
-0.0123348236083984 0.021453857421875 0.634033203125 -0.246826171875
-0.0397300720214844 0.00128936767578125 0.627685546875 0.48956298828125
-0.0158348083496094 -0.0187892913818359 0.0405883789062499 0.9666748046875
-0.0207366943359375 0.0474510192871094 -0.4283447265625 0.60693359375
-0.0268974304199219 0.0622291564941406 0.003570556640625 0.0629501342773438
-0.02178955078125 0.0351181030273437 0.46636962890625 -0.57708740234375
0.0108518600463867 0.0140399932861328 -0.0548095703125001 -0.98614501953125
-0.0108423233032227 0.00336074829101563 -0.76373291015625 -0.41912841796875
-0.0205249786376953 -0.00100898742675781 -0.60919189453125 0.32568359375
0.00954055786132813 0.0190105438232422 -0.147308349609375 0.507904052734375
-0.00586128234863281 0.0145978927612305 0.229949951171875 0.285888671875
0.009979248046875 -0.0263919830322266 0.33551025390625 0.01593017578125
0.0249423980712891 -0.0290279388427734 -0.30810546875 -0.00949096679687499
0.00721836090087891 0.00482416152954101 -0.165771484375 -0.307037353515625
0.0265541076660156 0.0146141052246094 0.213226318359375 -0.451507568359375
0.001739501953125 0.0214118957519531 0.6612548828125 -0.19091796875
-0.0315608978271484 0.00522613525390625 0.58929443359375 0.553955078125
-0.0178127288818359 -0.0127067565917969 -0.03314208984375 0.97802734375
-0.0313796997070312 0.0498046875 -0.45013427734375 0.57061767578125
-0.0365333557128906 0.0587501525878906 0.0342559814453125 0.0371818542480469
-0.0318412780761719 0.0385284423828125 0.44244384765625 -0.611572265625
0.00839805603027344 0.0186653137207031 -0.12921142578125 -0.96673583984375
0.000461578369140625 0.007598876953125 -0.787353515625 -0.345947265625
-0.00437331199645996 -0.00200557708740234 -0.57177734375 0.37109375
0.0189495086669922 0.00907516479492188 -0.107269287109375 0.517425537109375
-0.00130724906921387 0.00237417221069336 0.248916625976563 0.277511596679688
0.00579452514648438 -0.0314388275146484 0.34246826171875 0.01031494140625
0.0209484100341797 -0.0295734405517578 -0.3050537109375 -0.0179443359375001
0.0144567489624023 -0.00364398956298828 -0.149932861328125 -0.31292724609375
0.0416336059570313 0.00371170043945313 0.241241455078125 -0.435882568359375
0.0161418914794922 0.0244235992431641 0.6776123046875 -0.14251708984375
-0.0245513916015625 0.00992965698242187 0.55633544921875 0.60809326171875
-0.0193386077880859 -0.0120887756347656 -0.0971069335937501 0.981201171875
-0.0331039428710938 0.0420188903808594 -0.462738037109375 0.535888671875
-0.0321235656738281 0.0502281188964844 0.0655708312988281 0.0134658813476563
-0.0318050384521484 0.0329380035400391 0.419189453125 -0.64581298828125
0.00654029846191406 0.0234241485595703 -0.1888427734375 -0.94671630859375
0.0116643905639648 0.0107431411743164 -0.79241943359375 -0.28399658203125
0.0078277587890625 -0.0063328742980957 -0.5382080078125 0.403778076171875
0.0308570861816406 -0.00224113464355469 -0.074951171875 0.516265869140625
0.00305366516113281 -0.00790166854858399 0.261856079101563 0.267486572265625
0.00327301025390625 -0.0352096557617188 0.343414306640625 0.00396728515625
0.0206470489501953 -0.0313320159912109 -0.30511474609375 -0.02801513671875
0.0246772766113281 -0.0147876739501953 -0.145172119140625 -0.31976318359375
0.0532798767089844 -0.001129150390625 0.25726318359375 -0.427459716796875
0.0288772583007813 0.0283660888671875 0.69012451171875 -0.1085205078125
-0.0186691284179687 0.0164508819580078 0.533935546875 0.64111328125
-0.0165481567382813 -0.0153293609619141 -0.13397216796875 0.97833251953125
-0.0257225036621094 0.0290431976318359 -0.46331787109375 0.5089111328125
-0.0160560607910156 0.0375175476074219 0.0909652709960938 -0.0064544677734375
-0.0262184143066406 0.0197010040283203 0.4114990234375 -0.66900634765625
0.00638771057128906 0.0203933715820313 -0.22271728515625 -0.9344482421875
0.0195884704589844 0.0133342742919922 -0.79425048828125 -0.2396240234375
0.0212764739990234 -0.0139732360839844 -0.515655517578125 0.42724609375
0.0390090942382813 -0.0113372802734375 -0.0538330078125 0.518951416015625
0.00795745849609375 -0.0185909271240234 0.267013549804688 0.258407592773438
-0.000194549560546875 -0.0351600646972656 0.342864990234375 -0.00408935546875
0.0213813781738281 -0.0326862335205078 -0.309417724609375 -0.0379638671875
0.0338497161865234 -0.0238609313964844 -0.147308349609375 -0.3271484375
0.0599708557128906 -0.00610733032226562 0.261688232421875 -0.424896240234375
0.0357322692871094 0.0292091369628906 0.69354248046875 -0.0931396484375
-0.0164012908935547 0.0174722671508789 0.52337646484375 0.65545654296875
-0.0124359130859375 -0.0259590148925781 -0.14337158203125 0.97259521484375
-0.00992107391357422 0.00967693328857422 -0.455718994140625 0.4896240234375
0.00843620300292969 0.0199222564697266 0.112998962402344 -0.01861572265625
-0.0173625946044922 0.00486660003662109 0.41107177734375 -0.685791015625
0.00918865203857422 0.0129013061523438 -0.23150634765625 -0.928466796875
0.0221004486083984 0.0158576965332031 -0.79296875 -0.22430419921875
0.0239028930664063 -0.0154609680175781 -0.504180908203125 0.430755615234375
0.0439338684082031 -0.0200996398925781 -0.048919677734375 0.514373779296875
0.0156040191650391 -0.0271492004394531 0.26116943359375 0.250885009765625
0.000537872314453126 -0.0351219177246094 0.3394775390625 -0.014404296875
0.0210418701171875 -0.0293598175048828 -0.319061279296875 -0.047760009765625
0.0363883972167969 -0.0278511047363281 -0.15582275390625 -0.334136962890625
0.0639266967773438 -0.0129318237304688 0.25848388671875 -0.426025390625
0.0400390625 0.0324020385742188 0.69659423828125 -0.09619140625
-0.0153493881225586 0.0138015747070313 0.5272216796875 0.6568603515625
-0.0037078857421875 -0.0413017272949219 -0.14056396484375 0.9677734375
0.0198326110839844 -0.0149250030517578 -0.439117431640625 0.4814453125
0.0443687438964844 -0.000995635986328125 0.125907897949219 -0.028045654296875
0.00235176086425781 -0.0157718658447266 0.41351318359375 -0.6978759765625
0.0103940963745117 0.00269031524658203 -0.2325439453125 -0.933349609375
0.0217609405517578 0.0156440734863281 -0.7904052734375 -0.22332763671875
0.0261478424072266 -0.0161857604980469 -0.50250244140625 0.4342041015625
0.0497932434082031 -0.0276603698730469 -0.05108642578125 0.513275146484375
0.0177364349365234 -0.0323085784912109 0.25189208984375 0.243942260742188
0.00361442565917969 -0.0293712615966797 0.32958984375 -0.0245361328125
0.0221099853515625 -0.0221138000488281 -0.326873779296875 -0.056365966796875
0.0392951965332031 -0.0282211303710937 -0.175628662109375 -0.336334228515625
0.0594139099121094 -0.0143775939941406 0.23486328125 -0.438507080078125
0.0346088409423828 0.0272483825683594 0.686767578125 -0.13201904296875
-0.0174245834350586 0.00581836700439453 0.55694580078125 0.62054443359375
0.00451278686523437 -0.0636482238769531 -0.0869140624999999 0.96319580078125
0.0516090393066406 -0.0408515930175781 -0.418182373046875 0.496002197265625
0.0889358520507813 -0.0229568481445313 0.11883544921875 -0.0226821899414062
0.03021240234375 -0.0443611145019531 0.44024658203125 -0.68695068359375
0.0146408081054688 -0.0157279968261719 -0.19134521484375 -0.95184326171875
0.0158920288085937 0.012660026550293 -0.7850341796875 -0.26483154296875
0.0239124298095703 -0.00951194763183594 -0.522918701171875 0.410675048828125
0.0501213073730469 -0.0261917114257813 -0.073516845703125 0.508148193359375
0.0212783813476563 -0.0337467193603516 0.235183715820313 0.247787475585938
0.00561714172363281 -0.0234642028808594 0.3238525390625 -0.031219482421875
0.0287799835205078 -0.0172824859619141 -0.319091796875 0.00189208984374998
0.00129890441894531 0.0222206115722656 -0.210235595703125 -0.29119873046875
0.0091094970703125 0.0313644409179688 0.136871337890625 -0.48358154296875
-0.0218372344970703 0.0255336761474609 0.6014404296875 -0.30987548828125
-0.044525146484375 -0.00120162963867188 0.66680908203125 0.41351318359375
-0.0139999389648437 -0.0285301208496094 0.13427734375 0.94757080078125
-0.00438117980957031 0.03509521484375 -0.392333984375 0.64056396484375
-0.00948715209960937 0.0600204467773437 -0.0207290649414063 0.0885009765625
-0.00490379333496094 0.0309123992919922 0.485565185546875 -0.54742431640625
0.0175018310546875 0.00162506103515625 0.0121459960937501 -1.00189208984375
-0.02197265625 -0.00630950927734375 -0.74530029296875 -0.48291015625
-0.0320243835449219 0.00363540649414063 -0.6395263671875 0.28717041015625
0.000947952270507814 0.0240516662597656 -0.177001953125 0.498809814453125
-0.00665283203125 0.022979736328125 0.213653564453125 0.28814697265625
0.0106658935546875 -0.0205440521240234 0.33160400390625 0.00726318359375
0.0278568267822266 -0.0219478607177734 -0.316009521484375 -0.000610351562500046
0.0035400390625 0.0157814025878906 -0.191253662109375 -0.298980712890625
0.0165843963623047 0.0204982757568359 0.169830322265625 -0.470672607421875
-0.0104427337646484 0.0233592987060547 0.6343994140625 -0.25518798828125
-0.0388374328613281 -0.000583648681640617 0.63531494140625 0.4808349609375
-0.0176982879638672 -0.0190505981445313 0.0573120117187501 0.96990966796875
-0.0197906494140625 0.0488739013671875 -0.4212646484375 0.61090087890625
-0.0287132263183594 0.0607872009277344 0.00724029541015625 0.062225341796875
-0.0198173522949219 0.038787841796875 0.45965576171875 -0.58319091796875
0.00985336303710938 0.0143728256225586 -0.06842041015625 -0.98553466796875
-0.0122852325439453 0.0025320053100586 -0.77288818359375 -0.406982421875
-0.0207977294921875 -0.000381469726562496 -0.6046142578125 0.33599853515625
0.006072998046875 0.0177822113037109 -0.136566162109375 0.51153564453125
-0.00295925140380859 0.0154590606689453 0.232025146484375 0.284393310546875
0.00862312316894531 -0.0266532897949219 0.338043212890625 0.011566162109375
0.0211563110351563 -0.0268993377685547 -0.3092041015625 -0.00555419921875
0.00389719009399414 0.00660085678100586 -0.172760009765625 -0.30255126953125
0.0243473052978516 0.01318359375 0.206390380859375 -0.4542236328125
0.00469207763671875 0.0241928100585938 0.65887451171875 -0.20233154296875
-0.0321903228759766 0.00484657287597657 0.60308837890625 0.5531005859375
-0.0165462493896484 -0.0119848251342773 -0.0186157226562501 0.980712890625
-0.0302085876464844 0.0496063232421875 -0.44366455078125 0.5772705078125
-0.0365524291992188 0.0586013793945313 0.0335617065429688 0.0352592468261719
-0.031036376953125 0.0390281677246094 0.43328857421875 -0.619384765625
0.00925445556640625 0.0176296234130859 -0.14508056640625 -0.96710205078125
0.000644683837890625 0.00779104232788086 -0.7926025390625 -0.33245849609375
-0.00460910797119141 -0.00631284713745117 -0.567138671875 0.3814697265625
0.0216922760009766 0.0102653503417969 -0.098419189453125 0.51788330078125
-0.0028691291809082 0.00646829605102539 0.251815795898438 0.274368286132813
0.00582122802734375 -0.0322647094726563 0.343292236328125 0.005157470703125
0.0231819152832031 -0.0312614440917969 -0.30389404296875 -0.012176513671875
0.0111188888549805 -0.00098419189453125 -0.156585693359375 -0.30828857421875
0.0399665832519531 0.00412750244140625 0.234527587890625 -0.43792724609375
0.016326904296875 0.0251846313476562 0.677490234375 -0.14776611328125
-0.0244293212890625 0.0140361785888672 0.567138671875 0.60260009765625
-0.0201091766357422 -0.00807380676269531 -0.0808105468749999 0.98486328125
-0.0343093872070312 0.0434112548828125 -0.45489501953125 0.542388916015625
-0.031494140625 0.0509757995605469 0.0634803771972656 0.0126686096191406
-0.0308761596679687 0.0368614196777344 0.41217041015625 -0.65093994140625
0.00627708435058594 0.0240974426269531 -0.1983642578125 -0.9427490234375
0.00917434692382813 0.0103721618652344 -0.79736328125 -0.271484375
0.00606250762939453 -0.00880241394042969 -0.536102294921875 0.415008544921875
0.0292320251464844 -0.000856399536132813 -0.066070556640625 0.51885986328125
0.00317192077636719 -0.00908851623535156 0.270156860351562 0.262191772460938
0.00114822387695313 -0.0358467102050781 0.348114013671875 -0.00164794921875
0.0209140777587891 -0.032440185546875 -0.3092041015625 -0.022857666015625
0.0225200653076172 -0.0136432647705078 -0.151458740234375 -0.31640625
0.0535507202148438 -0.00186538696289062 0.249664306640625 -0.427581787109375
0.030120849609375 0.028839111328125 0.68780517578125 -0.1204833984375
-0.0200576782226563 0.0143222808837891 0.54345703125 0.63629150390625
-0.0200214385986328 -0.0147342681884766 -0.1201171875 0.98626708984375
-0.0235576629638672 0.0292873382568359 -0.457733154296875 0.519134521484375
-0.015533447265625 0.0366287231445313 0.0897903442382812 -0.0095062255859375
-0.0260906219482422 0.0235328674316406 0.40081787109375 -0.673095703125
0.00831794738769531 0.0207481384277344 -0.23486328125 -0.93157958984375
0.0195770263671875 0.0118808746337891 -0.80108642578125 -0.22601318359375
0.0174779891967773 -0.0155210494995117 -0.5072021484375 0.434173583984375
0.0383377075195313 -0.0141716003417969 -0.045166015625 0.518402099609375
0.00757026672363281 -0.0166120529174805 0.272201538085938 0.253768920898438
-0.00348663330078125 -0.0382080078125 0.3470458984375 -0.010711669921875
0.0195713043212891 -0.0312881469726563 -0.31317138671875 -0.0291748046875
0.0296897888183594 -0.0250358581542969 -0.15460205078125 -0.325347900390625
0.0633163452148438 -0.00926589965820313 0.25238037109375 -0.428985595703125
0.0342826843261719 0.0342578887939453 0.69189453125 -0.10247802734375
-0.0141668319702148 0.0165166854858398 0.53326416015625 0.6485595703125
-0.0144996643066406 -0.0273189544677734 -0.1275634765625 0.9776611328125
-0.00859832763671875 0.0101184844970703 -0.450592041015625 0.4957275390625
0.00993156433105469 0.0229263305664063 0.112190246582031 -0.0187530517578125
-0.0147075653076172 0.00854110717773438 0.399658203125 -0.6905517578125
0.00784206390380859 0.0144481658935547 -0.24517822265625 -0.92877197265625
0.0240268707275391 0.0131626129150391 -0.797607421875 -0.213134765625
0.0281257629394531 -0.0178661346435547 -0.498565673828125 0.4429931640625
0.0462150573730469 -0.0229988098144531 -0.03924560546875 0.513763427734375
0.0131454467773438 -0.0293331146240234 0.267669677734375 0.248367309570312
-0.00012969970703125 -0.0348606109619141 0.33740234375 -0.0198974609375
0.021636962890625 -0.0297012329101562 -0.319488525390625 -0.045318603515625
0.0351047515869141 -0.0283126831054688 -0.165191650390625 -0.329315185546875
0.065185546875 -0.0118484497070312 0.249725341796875 -0.42999267578125
0.043701171875 0.0303268432617188 0.69677734375 -0.107421875
-0.0145654678344727 0.0147323608398438 0.53546142578125 0.6494140625
-0.0030517578125 -0.0445289611816406 -0.123046875 0.9703369140625
0.0214385986328125 -0.0160026550292969 -0.436859130859375 0.48980712890625
0.0449981689453125 -0.00153732299804687 0.124534606933594 -0.0289840698242188
0.00519180297851563 -0.0184497833251953 0.40570068359375 -0.69915771484375
0.00976371765136719 0.000871658325195313 -0.24639892578125 -0.92578125
0.0192451477050781 0.0152263641357422 -0.797119140625 -0.21234130859375
0.0256900787353516 -0.0125236511230469 -0.493011474609375 0.443115234375
0.0482063293457031 -0.0291252136230469 -0.042327880859375 0.508941650390625
0.0153465270996094 -0.0310955047607422 0.257583618164063 0.241729736328125
0.00223541259765625 -0.0291881561279297 0.329864501953125 -0.02923583984375
0.0258827209472656 -0.0256786346435547 -0.326019287109375 -0.04931640625
0.0401077270507812 -0.0304374694824219 -0.181121826171875 -0.330841064453125
0.0599899291992188 -0.0162239074707031 0.229583740234375 -0.4427490234375
0.0354690551757813 0.0276336669921875 0.6893310546875 -0.13983154296875
-0.0186996459960938 0.0101242065429688 0.57012939453125 0.614013671875
0.00362396240234376 -0.0643806457519531 -0.0714721679687499 0.9644775390625
0.0522537231445313 -0.0414085388183594 -0.415679931640625 0.500518798828125
0.0882034301757812 -0.0192794799804687 0.117774963378906 -0.0208816528320313
0.0323600769042969 -0.0432701110839844 0.42803955078125 -0.691650390625
0.0122566223144531 -0.0119800567626953 -0.2061767578125 -0.95013427734375
0.0142087936401367 0.0152378082275391 -0.78857421875 -0.2523193359375
0.0266838073730469 -0.0120334625244141 -0.515960693359375 0.42108154296875
0.0489768981933594 -0.0284805297851563 -0.06744384765625 0.50897216796875
0.0231361389160156 -0.0363540649414063 0.238601684570313 0.242904663085938
0.0073089599609375 -0.0246715545654297 0.321990966796875 -0.0384521484375
0.0300445556640625 -0.0176715850830078 -0.31689453125 0.00857543945312503
0.002777099609375 0.0206298828125 -0.21929931640625 -0.287017822265625
0.0101909637451172 0.0301265716552734 0.12908935546875 -0.482086181640625
-0.0226078033447266 0.0270538330078125 0.593994140625 -0.31719970703125
-0.0452728271484375 0.000934600830078128 0.6676025390625 0.40582275390625
-0.0110816955566406 -0.0290050506591797 0.1414794921875 0.9415283203125
-0.00402259826660156 0.0349769592285156 -0.38128662109375 0.6439208984375
-0.00860214233398437 0.0564231872558594 -0.01904296875 0.086456298828125
-0.00491905212402344 0.0325927734375 0.477691650390625 -0.548675537109375
0.0181865692138672 0.00321578979492188 -0.000671386718750007 -0.99749755859375
-0.0194091796875 -0.0073089599609375 -0.74700927734375 -0.46923828125
-0.0357208251953125 0.00617599487304687 -0.6341552734375 0.29718017578125
-0.000576019287109374 0.0251483917236328 -0.165252685546875 0.5023193359375
-0.00651931762695312 0.0223827362060547 0.216827392578125 0.285858154296875
0.0161113739013672 -0.0156745910644531 0.330780029296875 0.0064697265625
0.0274715423583984 -0.0235080718994141 -0.3160400390625 0.00381469726562497
0.000461578369140625 0.0140104293823242 -0.199310302734375 -0.292144775390625
0.0178585052490234 0.0249042510986328 0.16363525390625 -0.4688720703125
-0.0110607147216797 0.0200290679931641 0.62847900390625 -0.26220703125
-0.0361557006835938 0.00103759765625 0.64117431640625 0.4742431640625
-0.0160198211669922 -0.0194911956787109 0.0689697265625001 0.96630859375
-0.0172767639160156 0.0496864318847656 -0.41217041015625 0.616943359375
-0.025787353515625 0.0631103515625 0.0040130615234375 0.0666427612304687
-0.0212898254394531 0.0382881164550781 0.45263671875 -0.587890625
0.0109806060791016 0.0117874145507813 -0.07879638671875 -0.98455810546875
-0.00867652893066406 0.00245809555053711 -0.7767333984375 -0.3995361328125
-0.0232906341552734 0.00116729736328125 -0.59686279296875 0.34716796875
0.00874710083007812 0.0188884735107422 -0.1307373046875 0.5130615234375
-0.0038137435913086 0.0147514343261719 0.240249633789063 0.279556274414063
0.00881385803222656 -0.0272159576416016 0.332855224609375 0.003631591796875
0.0238933563232422 -0.0283470153808594 -0.310089111328125 0.00299072265625004
0.0074467658996582 0.00539779663085937 -0.177520751953125 -0.296112060546875
0.0301113128662109 0.0116939544677734 0.199005126953125 -0.455291748046875
0.00262641906738281 0.0217056274414063 0.65606689453125 -0.21405029296875
-0.0308628082275391 0.00515747070312501 0.6063232421875 0.54364013671875
-0.0168581008911133 -0.012425422668457 -0.00225830078124998 0.98199462890625
-0.0299873352050781 0.0522270202636719 -0.436767578125 0.5845947265625
-0.0343818664550781 0.0605545043945313 0.0351448059082031 0.0382118225097656
-0.0283088684082031 0.0417289733886719 0.4234619140625 -0.62457275390625
0.0091094970703125 0.0208053588867188 -0.1607666015625 -0.96044921875
-0.000117301940917968 0.00912666320800781 -0.79534912109375 -0.322265625
-0.00585317611694336 -0.00535106658935547 -0.560821533203125 0.390472412109375
0.0173711776733398 0.00846099853515625 -0.091766357421875 0.51983642578125
-0.00122666358947754 0.00416254997253418 0.263214111328125 0.273361206054688
0.00522041320800781 -0.0326614379882813 0.341094970703125 0.001190185546875
0.0213909149169922 -0.0283889770507813 -0.310638427734375 -0.00418090820312499
0.0166997909545898 -0.000781059265136719 -0.163482666015625 -0.3046875
0.0418243408203125 0.003570556640625 0.226226806640625 -0.44036865234375
0.0182819366455078 0.0256557464599609 0.67303466796875 -0.16070556640625
-0.0243301391601563 0.0101604461669922 0.57733154296875 0.59381103515625
-0.0209789276123047 -0.0117301940917969 -0.0673828125 0.98272705078125
-0.0322952270507813 0.0446853637695313 -0.446624755859375 0.550567626953125
-0.0310287475585938 0.05938720703125 0.0637550354003906 0.0107765197753906
-0.03192138671875 0.0348320007324219 0.40362548828125 -0.65301513671875
0.0072174072265625 0.0222988128662109 -0.21630859375 -0.938720703125
0.0119695663452148 0.0136499404907227 -0.80322265625 -0.25604248046875
0.00619792938232422 -0.00613689422607422 -0.5252685546875 0.421630859375
0.0326137542724609 -0.00377655029296875 -0.06109619140625 0.522491455078125
0.00392007827758789 -0.00806856155395508 0.275146484375 0.259368896484375
0.00322151184082031 -0.0331745147705078 0.346923828125 -0.008636474609375
0.0232982635498047 -0.0312976837158203 -0.308502197265625 -0.014923095703125
0.0246677398681641 -0.0176048278808594 -0.156158447265625 -0.30987548828125
0.05340576171875 -0.00640869140625 0.24407958984375 -0.43280029296875
0.0328273773193359 0.0279884338378906 0.68145751953125 -0.1282958984375
-0.0160350799560547 0.0162477493286133 0.5535888671875 0.629638671875
-0.0170173645019531 -0.014556884765625 -0.10394287109375 0.98541259765625
-0.0256214141845703 0.0316295623779297 -0.45269775390625 0.522125244140625
-0.0144462585449219 0.0364341735839844 0.090606689453125 -0.0120162963867187
-0.0216197967529297 0.0244674682617187 0.3890380859375 -0.68145751953125
0.00984764099121094 0.0193424224853516 -0.24957275390625 -0.921875
0.0177497863769531 0.0150508880615234 -0.8023681640625 -0.21588134765625
0.0192165374755859 -0.0118446350097656 -0.503997802734375 0.4461669921875
0.0399742126464844 -0.014556884765625 -0.033721923828125 0.517578125
0.00964260101318359 -0.0140495300292969 0.27349853515625 0.246627807617187
-0.000102996826171876 -0.0356674194335937 0.345794677734375 -0.0142822265625
0.0216064453125 -0.0302448272705078 -0.309844970703125 -0.02569580078125
0.0292587280273438 -0.0238857269287109 -0.16168212890625 -0.313446044921875
0.0588455200195313 -0.0113792419433594 0.24652099609375 -0.429779052734375
0.0382308959960938 0.0302276611328125 0.68939208984375 -0.11248779296875
-0.0123004913330078 0.0195560455322266 0.546875 0.6417236328125
-0.0105800628662109 -0.0228099822998047 -0.11553955078125 0.9810791015625
-0.0111494064331055 0.00908184051513672 -0.4451904296875 0.5067138671875
0.00712013244628906 0.0184555053710938 0.109207153320313 -0.0210189819335938
-0.0101814270019531 0.00217723846435547 0.39276123046875 -0.69659423828125
0.00765323638916016 0.0133285522460938 -0.2542724609375 -0.92181396484375
0.0263557434082031 0.0146675109863281 -0.7996826171875 -0.20318603515625
0.027252197265625 -0.0136222839355469 -0.488128662109375 0.449493408203125
0.04547119140625 -0.0213470458984375 -0.031494140625 0.51824951171875
0.0150470733642578 -0.0291996002197266 0.2669677734375 0.24169921875
-0.00469398498535157 -0.0337104797363281 0.344390869140625 -0.029510498046875
0.0202980041503906 -0.0304698944091797 -0.318450927734375 -0.0346069335937501
0.0374984741210937 -0.0295333862304687 -0.169281005859375 -0.32537841796875
0.0631523132324219 -0.0119438171386719 0.246795654296875 -0.42926025390625
0.0417633056640625 0.0311050415039062 0.69293212890625 -0.11370849609375
-0.0147705078125 0.0135374069213867 0.544677734375 0.6414794921875
-0.00391387939453125 -0.0438117980957031 -0.11114501953125 0.97174072265625
0.021270751953125 -0.0138473510742187 -0.43267822265625 0.4925537109375
0.0472564697265625 -0.00268173217773438 0.123542785644531 -0.0317153930664063
0.00396442413330078 -0.0127334594726563 0.397705078125 -0.708740234375
0.0121593475341797 1.9073486328125E-06 -0.2581787109375 -0.9210205078125
0.0265312194824219 0.0136356353759766 -0.7999267578125 -0.1973876953125
0.0273532867431641 -0.0160427093505859 -0.4879150390625 0.448699951171875
0.0510711669921875 -0.0263175964355469 -0.0320129394531249 0.5126953125
0.0195751190185547 -0.0320358276367188 0.261611938476563 0.236068725585938
0.000743865966796873 -0.0274639129638672 0.33465576171875 -0.03350830078125
0.0207729339599609 -0.0249786376953125 -0.331390380859375 -0.03753662109375
0.0382156372070313 -0.0288352966308594 -0.189300537109375 -0.328033447265625
0.0595817565917969 -0.0175323486328125 0.219635009765625 -0.4468994140625
0.0370330810546875 0.0258331298828125 0.68280029296875 -0.1495361328125
-0.0176124572753906 0.00763702392578125 0.5806884765625 0.60546875
0.00269317626953125 -0.0621452331542969 -0.05743408203125 0.9630126953125
0.0504570007324219 -0.0384254455566406 -0.409088134765625 0.50341796875
0.0893630981445313 -0.0238265991210938 0.114166259765625 -0.024139404296875
0.0306243896484375 -0.0438423156738281 0.42376708984375 -0.69464111328125
0.0143222808837891 -0.0176830291748047 -0.21160888671875 -0.9471435546875
0.0162887573242188 0.0144624710083008 -0.7928466796875 -0.24078369140625
0.0246009826660156 -0.0113849639892578 -0.5101318359375 0.429656982421875
0.0507774353027344 -0.0263481140136719 -0.057464599609375 0.50787353515625
0.0236186981201172 -0.0347309112548828 0.245376586914062 0.241790771484375
0.00630950927734375 -0.0246448516845703 0.320892333984375 -0.04193115234375
0.0295696258544922 -0.0188617706298828 -0.317535400390625 0.012725830078125
0.00444984436035156 0.0219612121582031 -0.22314453125 -0.283172607421875
0.0103912353515625 0.0314197540283203 0.120025634765625 -0.480133056640625
-0.0174179077148438 0.0281257629394531 0.5877685546875 -0.3243408203125
-0.0439682006835938 -0.00160598754882812 0.6737060546875 0.39447021484375
-0.0122795104980469 -0.0297069549560547 0.15814208984375 0.939697265625
-0.00158309936523438 0.0366325378417969 -0.37530517578125 0.64862060546875
-0.00590896606445312 0.0584907531738281 -0.0180511474609375 0.0872268676757813
-0.00345802307128906 0.0328712463378906 0.47064208984375 -0.554840087890625
0.0184326171875 0.00284385681152344 -0.0145263671875001 -0.9979248046875
-0.0218067169189453 -0.00576591491699219 -0.75396728515625 -0.4588623046875
-0.0334987640380859 0.00360870361328125 -0.6253662109375 0.30438232421875
-0.000274658203124998 0.0229072570800781 -0.160919189453125 0.50421142578125
-0.00565147399902344 0.0225296020507813 0.2230224609375 0.281890869140625
0.0120925903320313 -0.0207805633544922 0.3310546875 -0.0013427734375
0.0253887176513672 -0.0246524810791016 -0.311920166015625 0.0111083984375001
0.00206089019775391 0.0146646499633789 -0.19964599609375 -0.285675048828125
0.0181407928466797 0.0229854583740234 0.15582275390625 -0.469940185546875
-0.00732040405273438 0.0251903533935547 0.61956787109375 -0.2728271484375
-0.0382881164550781 0.00136184692382812 0.64825439453125 0.4644775390625
-0.0169410705566406 -0.018798828125 0.08447265625 0.9630126953125
-0.0183601379394531 0.0496559143066406 -0.4049072265625 0.6224365234375
-0.0235519409179687 0.06463623046875 0.00441360473632812 0.0629463195800781
-0.0207901000976562 0.0408287048339844 0.4423828125 -0.59197998046875
0.0115480422973633 0.012761116027832 -0.09442138671875 -0.97979736328125
-0.0131464004516602 0.00253009796142578 -0.777099609375 -0.38397216796875
-0.0217075347900391 0.00123214721679688 -0.5921630859375 0.35491943359375
0.00906181335449219 0.0155267715454102 -0.12042236328125 0.51513671875
-0.00422573089599609 0.0157594680786133 0.245132446289063 0.274826049804688
0.00773239135742187 -0.0273685455322266 0.338897705078125 -0.00201416015625
0.0231113433837891 -0.0273780822753906 -0.308349609375 0.00503540039062494
0.00808954238891602 0.00518894195556641 -0.1810302734375 -0.29193115234375
0.0272293090820313 0.0125732421875 0.19036865234375 -0.455810546875
0.00384712219238282 0.0220432281494141 0.6485595703125 -0.2196044921875
-0.0306034088134766 0.00727653503417969 0.61328125 0.5289306640625
-0.0189132690429688 -0.0126380920410156 0.0102539062499999 0.97845458984375
-0.0284080505371094 0.0501899719238281 -0.4290771484375 0.5894775390625
-0.0332984924316406 0.062774658203125 0.034088134765625 0.0354118347167969
-0.0267601013183594 0.0430335998535156 0.4151611328125 -0.629638671875
0.0112590789794922 0.0203971862792969 -0.16900634765625 -0.95904541015625
0.000274658203124999 0.00641059875488281 -0.79486083984375 -0.30718994140625
-0.00574159622192383 -0.00262212753295898 -0.552398681640625 0.39691162109375
0.0212821960449219 0.00852584838867188 -0.080657958984375 0.5186767578125
0.000763654708862305 0.00423789024353027 0.258926391601563 0.266082763671875
0.00390052795410157 -0.0314922332763672 0.342529296875 -0.006683349609375
0.0194511413574219 -0.0326519012451172 -0.307281494140625 0.000885009765624998
0.0149469375610352 -0.00572776794433594 -0.169952392578125 -0.299560546875
0.0422286987304688 0.00422286987304688 0.2188720703125 -0.442047119140625
0.0195236206054688 0.0231857299804688 0.66949462890625 -0.169189453125
-0.0237979888916016 0.0120773315429688 0.5841064453125 0.58575439453125
-0.0198078155517578 -0.0107765197753906 -0.0536499023437501 0.9813232421875
-0.03363037109375 0.0457229614257813 -0.44097900390625 0.550689697265625
-0.0290565490722656 0.0526504516601563 0.0644721984863281 0.0104789733886719
-0.0295143127441406 0.0369911193847656 0.39178466796875 -0.65869140625
0.00934410095214844 0.0202789306640625 -0.22369384765625 -0.93341064453125
0.00950908660888672 0.0101661682128906 -0.8013916015625 -0.2469482421875
0.00745105743408203 -0.00896835327148438 -0.51678466796875 0.428680419921875
0.0291900634765625 -0.00361251831054688 -0.046630859375 0.518798828125
0.00484752655029297 -0.00847005844116211 0.273452758789063 0.251724243164063
-0.00154304504394532 -0.0349597930908203 0.344635009765625 -0.012725830078125
0.0195446014404297 -0.0347003936767578 -0.3092041015625 -0.0101318359375
0.0245914459228516 -0.0149955749511719 -0.1627197265625 -0.307403564453125
0.0533828735351563 -0.00464248657226563 0.23260498046875 -0.433258056640625
0.0302696228027344 0.0264682769775391 0.67999267578125 -0.135986328125
-0.0187206268310547 0.0170459747314453 0.561767578125 0.61846923828125
-0.0186557769775391 -0.0162582397460938 -0.0935058593750001 0.98162841796875
-0.0238189697265625 0.0311832427978516 -0.442596435546875 0.52874755859375
-0.0136146545410156 0.0395355224609375 0.0873641967773437 -0.00966644287109375
-0.0243263244628906 0.0252361297607422 0.38116455078125 -0.6807861328125
0.00905227661132812 0.0185089111328125 -0.25732421875 -0.9205322265625
0.0205421447753906 0.0125312805175781 -0.80291748046875 -0.20318603515625
0.0194149017333984 -0.0142650604248047 -0.49493408203125 0.448333740234375
0.03704833984375 -0.0145606994628906 -0.0277099609375 0.517669677734375
0.00781822204589844 -0.0181827545166016 0.277313232421875 0.245376586914063
-0.00326156616210937 -0.0355606079101563 0.343048095703125 -0.022674560546875
0.020599365234375 -0.0328617095947266 -0.31378173828125 -0.0190734863281249
0.0318164825439453 -0.0251865386962891 -0.163909912109375 -0.314300537109375
0.0605697631835937 -0.0104179382324219 0.240264892578125 -0.4298095703125
0.0392189025878906 0.0308151245117187 0.6866455078125 -0.1240234375
-0.0144729614257812 0.0188007354736328 0.5540771484375 0.635986328125
-0.0117530822753906 -0.0262603759765625 -0.0993041992187499 0.97650146484375
-0.00712966918945312 0.0113792419433594 -0.433197021484375 0.508544921875
0.0100040435791016 0.0192050933837891 0.106216430664063 -0.0232467651367188
-0.0137596130371094 0.00819873809814453 0.38067626953125 -0.69598388671875
0.0105419158935547 0.0134420394897461 -0.2686767578125 -0.91253662109375
0.0240345001220703 0.0133438110351563 -0.7999267578125 -0.1871337890625
0.0234394073486328 -0.0168952941894531 -0.4822998046875 0.45556640625
0.0448417663574219 -0.0247421264648438 -0.02203369140625 0.51373291015625
0.0127334594726562 -0.0272750854492188 0.2713623046875 0.239547729492188
-0.00312614440917969 -0.0339851379394531 0.3382568359375 -0.0321044921875
0.0206184387207031 -0.0305519104003906 -0.321044921875 -0.0295104980468751
0.0374908447265625 -0.02947998046875 -0.173980712890625 -0.3197021484375
0.0633010864257813 -0.01593017578125 0.236083984375 -0.431976318359375
0.0433845520019531 0.0320320129394531 0.69189453125 -0.12408447265625
-0.0156459808349609 0.0137271881103516 0.55517578125 0.6337890625
-0.0050048828125 -0.0421981811523438 -0.09521484375 0.97119140625
0.019134521484375 -0.0158214569091797 -0.4224853515625 0.49658203125
0.0463485717773438 -0.001861572265625 0.122703552246094 -0.0330581665039062
0.00369358062744141 -0.0161571502685547 0.38372802734375 -0.70965576171875
0.0105857849121094 -0.00118923187255859 -0.27099609375 -0.9202880859375
0.0218372344970703 0.0136203765869141 -0.79974365234375 -0.18719482421875
0.0275802612304687 -0.0166835784912109 -0.479522705078125 0.4556884765625
0.047637939453125 -0.0303764343261719 -0.02386474609375 0.512359619140625
0.0150470733642578 -0.0320529937744141 0.263717651367188 0.233078002929688
0.00147438049316406 -0.0299949645996094 0.331085205078125 -0.03961181640625
0.0204181671142578 -0.0235576629638672 -0.329559326171875 -0.036346435546875
0.0383377075195313 -0.0327911376953125 -0.1912841796875 -0.32135009765625
0.0598602294921875 -0.0153770446777344 0.214019775390625 -0.442657470703125
0.0379714965820313 0.031219482421875 0.6783447265625 -0.16046142578125
-0.0164337158203125 0.00651454925537109 0.58544921875 0.5982666015625
0.00434494018554688 -0.0634498596191406 -0.0420532226562499 0.96246337890625
0.0509147644042969 -0.0420188903808594 -0.400390625 0.51104736328125
0.0878829956054688 -0.0229034423828125 0.116325378417969 -0.0238113403320312
0.0307960510253906 -0.0423583984375 0.40887451171875 -0.69842529296875
0.0126895904541016 -0.0176315307617188 -0.22930908203125 -0.939697265625
0.0169486999511719 0.0137996673583984 -0.79400634765625 -0.23046875
0.0233688354492187 -0.0104942321777344 -0.501220703125 0.43292236328125
0.0468254089355469 -0.0292739868164062 -0.0504760742187501 0.510162353515625
0.0204734802246094 -0.0333271026611328 0.246017456054688 0.237045288085938
0.00394248962402344 -0.0235939025878906 0.32177734375 -0.045684814453125
0.0305194854736328 -0.0186080932617188 -0.31634521484375 0.0170593261718751
0.00540733337402344 0.0220069885253906 -0.225372314453125 -0.276962280273438
0.0110855102539063 0.0273151397705078 0.11175537109375 -0.479278564453125
-0.0180263519287109 0.0267868041992188 0.581787109375 -0.33074951171875
-0.045257568359375 0.00142288208007812 0.67730712890625 0.38531494140625
-0.0139980316162109 -0.0301513671875 0.1693115234375 0.93365478515625
0.000160217285156248 0.0377311706542969 -0.3660888671875 0.6510009765625
-0.00543594360351562 0.058746337890625 -0.018096923828125 0.087249755859375
-0.00434494018554687 0.0345592498779297 0.46221923828125 -0.558258056640625
0.0185623168945313 0.00185966491699219 -0.0274658203125001 -0.9898681640625
-0.020965576171875 -0.00567054748535157 -0.75579833984375 -0.4478759765625
-0.0324535369873047 0.00593185424804687 -0.619140625 0.30987548828125
-0.000957489013671876 0.0234699249267578 -0.151824951171875 0.504241943359375
-0.0060577392578125 0.0241279602050781 0.223281860351563 0.278244018554688
0.0110874176025391 -0.0205154418945313 0.328826904296875 -0.006744384765625
0.0252056121826172 -0.0259170532226563 -0.312408447265625 0.016204833984375
0.00300121307373047 0.0142059326171875 -0.205337524414063 -0.280105590820312
0.0188922882080078 0.0202751159667969 0.14776611328125 -0.470245361328125
-0.00913429260253906 0.0242710113525391 0.61346435546875 -0.27899169921875
-0.0382194519042969 0.00191497802734376 0.65234375 0.45391845703125
-0.0173225402832031 -0.0198230743408203 0.0964965820312501 0.95611572265625
-0.0174598693847656 0.0487213134765625 -0.39617919921875 0.6236572265625
-0.0241851806640625 0.0656318664550781 0.00648117065429688 0.0640449523925781
-0.0179443359375 0.0420761108398438 0.43316650390625 -0.59307861328125
0.0127182006835938 0.0127544403076172 -0.1044921875 -0.97265625
-0.0113029479980469 0.000560760498046873 -0.77996826171875 -0.3731689453125
-0.0206832885742188 0.00326156616210937 -0.58428955078125 0.35894775390625
0.00964450836181641 0.0170001983642578 -0.113067626953125 0.513641357421875
-0.00263214111328125 0.0152969360351563 0.245468139648438 0.270309448242188
0.00778961181640625 -0.0266170501708984 0.33642578125 -0.007354736328125
0.0225391387939453 -0.0283546447753906 -0.30743408203125 0.011383056640625
0.00627279281616211 0.00564479827880859 -0.1856689453125 -0.2886962890625
0.0298004150390625 0.0115776062011719 0.1844482421875 -0.454559326171875
0.00466537475585937 0.0227375030517578 0.6441650390625 -0.22442626953125
-0.0297718048095703 0.00730514526367187 0.61956787109375 0.52166748046875
-0.0186653137207031 -0.013397216796875 0.02264404296875 0.9736328125
-0.0286979675292969 0.0541725158691406 -0.42071533203125 0.59124755859375
-0.0317916870117188 0.0617637634277344 0.0353622436523438 0.0357093811035156
-0.0265846252441406 0.0432777404785156 0.40594482421875 -0.62823486328125
0.0111885070800781 0.0191555023193359 -0.18035888671875 -0.9495849609375
0.000555992126464844 0.00649547576904297 -0.79644775390625 -0.29730224609375
-0.00564241409301758 -0.00170993804931641 -0.54638671875 0.4005126953125
0.0213546752929688 0.00732803344726562 -0.072784423828125 0.519378662109375
-0.000366449356079101 0.00412964820861816 0.265151977539063 0.26220703125
0.00221061706542969 -0.0321826934814453 0.341766357421875 -0.0123291015625
0.0192661285400391 -0.0337982177734375 -0.306427001953125 0.00509643554687502
0.0150556564331055 -0.00478172302246094 -0.17327880859375 -0.293914794921875
0.04132080078125 0.0035858154296875 0.211517333984375 -0.442352294921875
0.0182571411132812 0.0248947143554687 0.6632080078125 -0.17706298828125
-0.0228309631347656 0.0125999450683594 0.58575439453125 0.575927734375
-0.0179805755615234 -0.0102272033691406 -0.0417480468750001 0.97943115234375
-0.0305900573730469 0.0469894409179688 -0.435699462890625 0.55584716796875
-0.0288124084472656 0.0531730651855469 0.0616493225097656 0.0107574462890625
-0.0277519226074219 0.0374755859375 0.38397216796875 -0.66009521484375
0.00963020324707031 0.01995849609375 -0.23309326171875 -0.92681884765625
0.00946712493896485 0.0102434158325195 -0.80224609375 -0.234130859375
0.00647115707397461 -0.00738763809204102 -0.509185791015625 0.436065673828125
0.0306491851806641 -0.00277519226074219 -0.04180908203125 0.5174560546875
0.00448513031005859 -0.00781011581420898 0.276092529296875 0.248748779296875
-0.00176620483398438 -0.0337371826171875 0.344451904296875 -0.01849365234375
0.017425537109375 -0.0352287292480469 -0.30865478515625 -0.00375366210937495
0.0237274169921875 -0.0153465270996094 -0.167510986328125 -0.301513671875
0.0516433715820313 -0.00467681884765625 0.226409912109375 -0.432403564453125
0.0317096710205078 0.0265464782714844 0.6773681640625 -0.1458740234375
-0.0187797546386719 0.0180892944335938 0.5655517578125 0.6090087890625
-0.0163764953613281 -0.0150480270385742 -0.08026123046875 0.9779052734375
-0.0235385894775391 0.0322761535644531 -0.435760498046875 0.53057861328125
-0.0141029357910156 0.0403556823730469 0.0853805541992188 -0.0102005004882812
-0.0240154266357422 0.0244197845458984 0.37127685546875 -0.68267822265625
0.00922584533691406 0.0187721252441406 -0.26763916015625 -0.91448974609375
0.0204067230224609 0.0110034942626953 -0.80157470703125 -0.19366455078125
0.0190925598144531 -0.0134525299072266 -0.487091064453125 0.453887939453125
0.0385360717773438 -0.01470947265625 -0.021453857421875 0.51629638671875
0.00990104675292969 -0.0202732086181641 0.279495239257813 0.238922119140625
-0.00429916381835937 -0.0341758728027344 0.34246826171875 -0.026519775390625
0.0214252471923828 -0.0341014862060547 -0.313690185546875 -0.014404296875
0.0286140441894531 -0.0267124176025391 -0.16943359375 -0.30975341796875
0.0626335144042969 -0.0120391845703125 0.23431396484375 -0.43048095703125
0.0388107299804687 0.0284233093261719 0.68505859375 -0.13134765625
-0.0126495361328125 0.0195446014404297 0.55877685546875 0.62445068359375
-0.0125370025634766 -0.0263462066650391 -0.0906982421875 0.97247314453125
-0.00714588165283203 0.0116100311279297 -0.426055908203125 0.51239013671875
0.0111598968505859 0.0221004486083984 0.105377197265625 -0.0251312255859375
-0.0138254165649414 0.00950241088867188 0.37255859375 -0.69842529296875
0.0105810165405273 0.0119819641113281 -0.279052734375 -0.9083251953125
0.0248794555664063 0.0127639770507813 -0.80096435546875 -0.1787109375
0.0247859954833984 -0.0165119171142578 -0.470794677734375 0.4591064453125
0.0439872741699219 -0.0265693664550781 -0.013946533203125 0.511932373046875
0.0143146514892578 -0.0277462005615234 0.275833129882813 0.234222412109375
-0.00260353088378907 -0.0339908599853516 0.335845947265625 -0.035888671875
0.0209369659423828 -0.03094482421875 -0.32086181640625 -0.026275634765625
0.0347843170166016 -0.0308208465576172 -0.17974853515625 -0.314971923828125
0.0640296936035156 -0.0147972106933594 0.230133056640625 -0.4332275390625
0.04315185546875 0.0303955078125 0.684814453125 -0.13409423828125
-0.0144481658935547 0.0142974853515625 0.55963134765625 0.6239013671875
-0.00579452514648438 -0.0428962707519531 -0.0830078125 0.9693603515625
0.0189685821533203 -0.0116710662841797 -0.4149169921875 0.501800537109375
0.044647216796875 -6.4849853515625E-05 0.118675231933594 -0.0339889526367188
0.00627517700195312 -0.0144643783569336 0.37548828125 -0.70928955078125
0.0125999450683594 0.000326156616210937 -0.279296875 -0.911376953125
0.0244007110595703 0.0142574310302734 -0.79595947265625 -0.173583984375
0.0252170562744141 -0.015228271484375 -0.471466064453125 0.45965576171875
0.0468063354492188 -0.0297355651855469 -0.016265869140625 0.509857177734375
0.0170040130615234 -0.0333957672119141 0.265289306640625 0.228652954101563
-0.00096893310546875 -0.0282497406005859 0.3271484375 -0.04547119140625
0.0214366912841797 -0.0240974426269531 -0.330352783203125 -0.030059814453125
0.037994384765625 -0.0319366455078125 -0.197967529296875 -0.317718505859375
0.0599288940429688 -0.0178260803222656 0.208282470703125 -0.444915771484375
0.0362205505371094 0.0284194946289063 0.6715087890625 -0.16925048828125
-0.0159378051757812 0.00857734680175781 0.5892333984375 0.58746337890625
0.000953674316406253 -0.0656013488769531 -0.0289306640625 0.9578857421875
0.0490837097167969 -0.0437469482421875 -0.392669677734375 0.514312744140625
0.0886917114257813 -0.0240554809570313 0.113533020019531 -0.0255966186523438
0.0292396545410156 -0.0412521362304687 0.39837646484375 -0.701416015625
0.0153923034667969 -0.0183334350585938 -0.23773193359375 -0.936767578125
0.0182132720947266 0.0106544494628906 -0.79156494140625 -0.219970703125
0.0241794586181641 -0.0109481811523438 -0.49530029296875 0.4384765625
0.0482635498046875 -0.030029296875 -0.039764404296875 0.507568359375
0.0207347869873047 -0.0348072052001953 0.25018310546875 0.2315673828125
0.00126457214355469 -0.0238761901855469 0.319366455078125 -0.051544189453125
0.0300712585449219 -0.0181808471679688 -0.314697265625 0.0209655761718751
0.00651741027832031 0.0220775604248047 -0.22998046875 -0.272201538085938
0.00951004028320313 0.0290260314941406 0.105224609375 -0.47650146484375
-0.0189361572265625 0.02850341796875 0.57708740234375 -0.334716796875
-0.0432624816894531 0.00236892700195312 0.67803955078125 0.37548828125
-0.0142841339111328 -0.030487060546875 0.17730712890625 0.92498779296875
0.000377655029296874 0.0380821228027344 -0.3560791015625 0.65142822265625
-0.00413131713867188 0.0609359741210938 -0.0166854858398437 0.0849380493164062
-0.00150489807128906 0.0348491668701172 0.45245361328125 -0.5577392578125
0.0186672210693359 0.000448226928710938 -0.0366821289062499 -0.98712158203125
-0.0199508666992188 -0.00602531433105469 -0.75518798828125 -0.4366455078125
-0.0339488983154297 0.00514793395996094 -0.6141357421875 0.31903076171875
0.000848770141601565 0.0234241485595703 -0.142974853515625 0.502716064453125
-0.00431632995605469 0.0229129791259766 0.225784301757813 0.274139404296875
0.0110416412353516 -0.0213565826416016 0.32928466796875 -0.01141357421875
0.0253467559814453 -0.0250225067138672 -0.309417724609375 0.021514892578125
0.00348567962646484 0.0140190124511719 -0.210418701171875 -0.273483276367188
0.0163440704345703 0.0206985473632813 0.141571044921875 -0.465850830078125
-0.00651359558105469 0.0249576568603516 0.6068115234375 -0.2835693359375
-0.0368270874023438 0.00437545776367188 0.651123046875 0.44488525390625
-0.0162067413330078 -0.0197772979736328 0.106201171875 0.95147705078125
-0.0163421630859375 0.0489082336425781 -0.38604736328125 0.626953125
-0.0226860046386719 0.06463623046875 0.00510787963867187 0.0610466003417969
-0.0192680358886719 0.0442886352539063 0.42437744140625 -0.59521484375
0.0156888961791992 0.0113677978515625 -0.1131591796875 -0.967041015625
-0.0105047225952148 -3.81469726562679E-06 -0.77801513671875 -0.3594970703125
-0.0206012725830078 0.00383567810058594 -0.57672119140625 0.365234375
0.008544921875 0.0188179016113281 -0.1041259765625 0.511871337890625
-0.00185871124267578 0.0146951675415039 0.247894287109375 0.267013549804687
0.00664138793945312 -0.0256309509277344 0.3341064453125 -0.010498046875
0.0201511383056641 -0.0293006896972656 -0.308349609375 0.016357421875
0.00819158554077148 0.0072169303894043 -0.18865966796875 -0.2830810546875
0.0310001373291016 0.0115470886230469 0.1773681640625 -0.453521728515625
0.00485992431640625 0.0227088928222656 0.63470458984375 -0.2310791015625
-0.0293674468994141 0.00768089294433594 0.62335205078125 0.5113525390625
-0.0167722702026367 -0.0136222839355469 0.0358886718750001 0.96807861328125
-0.0268287658691406 0.0533676147460937 -0.412353515625 0.59271240234375
-0.0297203063964844 0.0646286010742188 0.0324020385742188 0.0356025695800781
-0.0276908874511719 0.0449066162109375 0.39654541015625 -0.62664794921875
0.0100765228271484 0.0180835723876953 -0.1885986328125 -0.9454345703125
0.000457286834716797 0.00670623779296875 -0.7965087890625 -0.285400390625
-0.00611305236816406 -0.000750541687011718 -0.536895751953125 0.4073486328125
0.0202102661132813 0.00848579406738281 -0.065399169921875 0.515960693359375
-2.55107879638668E-05 0.00336265563964844 0.267166137695313 0.25494384765625
0.00140571594238281 -0.0290660858154297 0.341949462890625 -0.016510009765625
0.0167961120605469 -0.0334529876708984 -0.303924560546875 0.0117797851562499
0.0143337249755859 -0.00528144836425781 -0.17413330078125 -0.288848876953125
0.0412864685058594 0.00289154052734375 0.202545166015625 -0.44049072265625
0.0191364288330078 0.0230426788330078 0.65411376953125 -0.18359375
-0.0248966217041016 0.0115737915039062 0.59210205078125 0.56451416015625
-0.0197372436523437 -0.0122299194335938 -0.0268554687499999 0.9742431640625
-0.0300941467285156 0.0461273193359375 -0.424560546875 0.559356689453125
-0.0274505615234375 0.0532798767089844 0.0599174499511719 0.0109024047851563
-0.0272064208984375 0.0392608642578125 0.37579345703125 -0.65838623046875
0.00994873046875 0.0200824737548828 -0.24200439453125 -0.9190673828125
0.0108795166015625 0.00966739654541016 -0.79925537109375 -0.2232666015625
0.00694084167480469 -0.0100803375244141 -0.5020751953125 0.436798095703125
0.0281562805175781 -0.006256103515625 -0.031646728515625 0.5137939453125
0.00461101531982422 -0.00696754455566406 0.278411865234375 0.243759155273438
-0.00298690795898438 -0.0333251953125 0.34210205078125 -0.024200439453125
0.0169162750244141 -0.0344505310058594 -0.305511474609375 0.00244140625
0.0237655639648438 -0.0157604217529297 -0.173431396484375 -0.29595947265625
0.0525169372558594 -0.00589370727539063 0.219482421875 -0.430450439453125
0.0323467254638672 0.0277862548828125 0.669921875 -0.15234375
-0.0173740386962891 0.0180740356445313 0.5712890625 0.60137939453125
-0.0175018310546875 -0.0173158645629883 -0.0656127929687499 0.97161865234375
-0.0213451385498047 0.0314044952392578 -0.425689697265625 0.52813720703125
-0.0117149353027344 0.0384407043457031 0.08544921875 -0.0110931396484375
-0.0236244201660156 0.0258312225341797 0.36187744140625 -0.68072509765625
0.0112991333007813 0.0191936492919922 -0.275390625 -0.90509033203125
0.0212688446044922 0.0122737884521484 -0.80010986328125 -0.183349609375
0.0185337066650391 -0.0110454559326172 -0.477020263671875 0.45556640625
0.0390205383300781 -0.01568603515625 -0.010528564453125 0.514434814453125
0.0100154876708984 -0.0182704925537109 0.28106689453125 0.2335205078125
-0.00521278381347657 -0.0339508056640625 0.341156005859375 -0.032257080078125
0.0169277191162109 -0.0348834991455078 -0.31134033203125 -0.00927734374999997
0.0295963287353516 -0.0268745422363281 -0.172760009765625 -0.30206298828125
0.0607147216796875 -0.0110588073730469 0.226165771484375 -0.430206298828125
0.0422935485839844 0.0282096862792969 0.67950439453125 -0.13848876953125
-0.0147209167480469 0.0188121795654297 0.5621337890625 0.6153564453125
-0.0118389129638672 -0.0242805480957031 -0.0768432617187501 0.968994140625
-0.00577640533447266 0.0126276016235352 -0.42144775390625 0.51348876953125
0.0126438140869141 0.0211219787597656 0.104026794433594 -0.0227127075195313
-0.0127553939819336 0.00875186920166015 0.3624267578125 -0.696533203125
0.0104656219482422 0.0100622177124023 -0.28570556640625 -0.89898681640625
0.0237350463867188 0.0123863220214844 -0.7967529296875 -0.166015625
0.0236492156982422 -0.0171699523925781 -0.46368408203125 0.46527099609375
0.0444984436035156 -0.024261474609375 -0.00851440429687503 0.50909423828125
0.0141792297363281 -0.0259971618652344 0.27838134765625 0.226318359375
-0.00338935852050782 -0.0305385589599609 0.334228515625 -0.0394287109375
0.0186500549316406 -0.0307140350341797 -0.31951904296875 -0.0186157226562501
0.0348529815673828 -0.0290412902832031 -0.182281494140625 -0.30889892578125
0.0644416809082031 -0.0172767639160156 0.225189208984375 -0.433929443359375
0.0426445007324219 0.0303726196289063 0.67864990234375 -0.13983154296875
-0.0125036239624023 0.0133371353149414 0.56427001953125 0.6142578125
-0.00394439697265625 -0.0435600280761719 -0.0708618164062499 0.962158203125
0.0205936431884766 -0.0134334564208984 -0.4093017578125 0.503173828125
0.0455856323242188 0.00080108642578125 0.117965698242188 -0.033935546875
0.00420284271240234 -0.0126743316650391 0.36279296875 -0.7110595703125
0.0113229751586914 0.00179481506347656 -0.28839111328125 -0.90252685546875
0.0235710144042969 0.0125560760498047 -0.7955322265625 -0.162841796875
0.02435302734375 -0.0140819549560547 -0.460968017578125 0.46405029296875
0.0452232360839844 -0.0312881469726563 -0.00866699218749997 0.507080078125
0.0179004669189453 -0.0324611663818359 0.268020629882813 0.220962524414063
-0.00234222412109375 -0.0294151306152344 0.326171875 -0.049102783203125
0.0183391571044922 -0.0228652954101563 -0.331207275390625 -0.0252685546875
0.0374183654785156 -0.03125 -0.20111083984375 -0.312255859375
0.0600929260253906 -0.01678466796875 0.200775146484375 -0.438995361328125
0.0384788513183594 0.0280609130859375 0.66986083984375 -0.17254638671875
-0.0170154571533203 0.00791740417480468 0.593994140625 0.5792236328125
0.00131988525390625 -0.06591796875 -0.0162353515625001 0.95257568359375
0.0471687316894531 -0.044219970703125 -0.38531494140625 0.5147705078125
0.088104248046875 -0.0237045288085937 0.112716674804688 -0.0283050537109375
0.0291481018066406 -0.041656494140625 0.38763427734375 -0.70074462890625
0.0146217346191406 -0.0183753967285156 -0.24737548828125 -0.92657470703125
0.0180206298828125 0.0118026733398438 -0.79254150390625 -0.20562744140625
0.0226554870605469 -0.0107765197753906 -0.486083984375 0.440765380859375
0.0473251342773438 -0.0313034057617188 -0.033416748046875 0.5025634765625
0.0189762115478516 -0.0346012115478516 0.251495361328125 0.228256225585938
0.00129890441894531 -0.0230846405029297 0.317657470703125 -0.054168701171875
0.0285587310791016 -0.0180454254150391 -0.31146240234375 0.027618408203125
0.0054473876953125 0.0207500457763672 -0.230606079101563 -0.265090942382813
0.0116004943847656 0.0293025970458984 0.09844970703125 -0.470550537109375
-0.0163478851318359 0.0286731719970703 0.56591796875 -0.338623046875
-0.0470962524414063 0.00227737426757813 0.677001953125 0.36566162109375
-0.0147037506103516 -0.0318927764892578 0.18878173828125 0.91790771484375
-0.000885009765624998 0.0392990112304688 -0.35052490234375 0.6533203125
-0.00223159790039063 0.0601615905761719 -0.0165023803710938 0.0866775512695312
-0.00275802612304687 0.036041259765625 0.4461669921875 -0.558929443359375
0.0191097259521484 0.000104904174804687 -0.0428466796875001 -0.97900390625
-0.0195903778076172 -0.00683975219726562 -0.75384521484375 -0.42559814453125
-0.0349636077880859 0.00714492797851562 -0.60467529296875 0.3228759765625
-0.000339508056640626 0.0225315093994141 -0.136444091796875 0.499298095703125
-0.00481796264648438 0.0226211547851562 0.229949951171875 0.27099609375
0.00898551940917969 -0.0204296112060547 0.325408935546875 -0.0155029296875
0.0256862640380859 -0.0245304107666016 -0.306427001953125 0.025909423828125
0.00341701507568359 0.0133953094482422 -0.209457397460938 -0.268325805664062
0.0185203552246094 0.0202465057373047 0.1343994140625 -0.4644775390625
-0.00750732421875 0.02545166015625 0.59918212890625 -0.2879638671875
-0.0381317138671875 0.0051116943359375 0.6529541015625 0.43682861328125
-0.0143070220947266 -0.0197620391845703 0.11529541015625 0.94384765625
-0.0140228271484375 0.0503463745117187 -0.3790283203125 0.62432861328125
-0.0216865539550781 0.0652694702148438 0.00433349609374999 0.0631141662597656
-0.0165786743164062 0.0423088073730469 0.416259765625 -0.5928955078125
0.013519287109375 0.0117378234863281 -0.120849609375 -0.95849609375
-0.00919342041015625 0.000282287597656251 -0.77655029296875 -0.35247802734375
-0.0205612182617188 0.00340843200683593 -0.568603515625 0.36859130859375
0.00890922546386719 0.0154027938842773 -0.0986328125 0.509490966796875
-0.0013723373413086 0.0154876708984375 0.249114990234375 0.261474609375
0.00583648681640625 -0.0260410308837891 0.333953857421875 -0.01556396484375
0.02166748046875 -0.0296478271484375 -0.30389404296875 0.0207519531249999
0.00834846496582031 0.00551414489746094 -0.191696166992187 -0.275680541992188
0.0287876129150391 0.0106029510498047 0.1702880859375 -0.449737548828125
0.00620841979980469 0.0234451293945313 0.6298828125 -0.234375
-0.0314407348632813 0.00852012634277343 0.6224365234375 0.50274658203125
-0.0183029174804688 -0.0133152008056641 0.0421752929687499 0.96051025390625
-0.0253257751464844 0.053497314453125 -0.40350341796875 0.59136962890625
-0.0286369323730469 0.0649223327636719 0.0341854095458984 0.0344486236572266
-0.0265922546386719 0.0445518493652344 0.38800048828125 -0.6275634765625
0.0122394561767578 0.0186958312988281 -0.19451904296875 -0.93560791015625
0.000626564025878906 0.00515365600585938 -0.7940673828125 -0.27496337890625
-0.00652170181274414 -0.000106334686279297 -0.52862548828125 0.41021728515625
0.0193881988525391 0.00855445861816406 -0.0582275390625 0.5137939453125
0.000809192657470703 0.00475549697875976 0.267227172851563 0.249649047851563
0.00183868408203125 -0.0318622589111328 0.33905029296875 -0.019256591796875
0.0175933837890625 -0.0325260162353516 -0.303497314453125 0.0137939453125
0.0148534774780273 -0.00391197204589844 -0.178680419921875 -0.2838134765625
0.04107666015625 0.0013427734375 0.19854736328125 -0.436279296875
0.0181388854980469 0.0230331420898438 0.65179443359375 -0.1890869140625
-0.0235252380371094 0.0127849578857422 0.591796875 0.554931640625
-0.0194282531738281 -0.0121288299560547 -0.01971435546875 0.9676513671875
-0.030364990234375 0.0463371276855469 -0.418670654296875 0.56060791015625
-0.0250625610351563 0.0553703308105469 0.0606346130371094 0.00854492187500001
-0.0277900695800781 0.0402069091796875 0.366455078125 -0.656494140625
0.00852203369140625 0.0221004486083984 -0.2469482421875 -0.91064453125
0.0106029510498047 0.00879764556884765 -0.7967529296875 -0.21466064453125
0.00675678253173828 -0.00561857223510742 -0.490966796875 0.441802978515625
0.0283927917480469 -0.00492095947265625 -0.0260009765625 0.511138916015625
0.00518798828125 -0.00690698623657227 0.2796630859375 0.238327026367187
-0.003082275390625 -0.0338363647460938 0.339691162109375 -0.027862548828125
0.0168018341064453 -0.0342922210693359 -0.30389404296875 0.00604248046874994
0.0237903594970703 -0.0158786773681641 -0.172607421875 -0.2913818359375
0.0530052185058594 -0.0055084228515625 0.21417236328125 -0.428741455078125
0.0334644317626953 0.0275993347167969 0.66522216796875 -0.157958984375
-0.0179634094238281 0.0180492401123047 0.5721435546875 0.5904541015625
-0.0205802917480469 -0.0169830322265625 -0.0548706054687501 0.9661865234375
-0.0230312347412109 0.0328178405761719 -0.422119140625 0.53277587890625
-0.0107192993164063 0.0394515991210938 0.0843505859375 -0.0111236572265625
-0.0233592987060547 0.0269489288330078 0.35382080078125 -0.68109130859375
0.0113658905029297 0.0185375213623047 -0.28125 -0.89642333984375
0.0196552276611328 0.0113887786865234 -0.7940673828125 -0.171875
0.0164566040039063 -0.0131950378417969 -0.46746826171875 0.45947265625
0.0377197265625 -0.015899658203125 -0.00534057617187502 0.5093994140625
0.00826644897460938 -0.019317626953125 0.2818603515625 0.228973388671875
-0.00507354736328125 -0.033905029296875 0.33843994140625 -0.036712646484375
0.0173988342285156 -0.0341415405273438 -0.311431884765625 -0.00405883789062495
0.0307445526123047 -0.0252132415771484 -0.1748046875 -0.29998779296875
0.0613555908203125 -0.0133094787597656 0.220947265625 -0.42681884765625
0.0406417846679688 0.0295639038085938 0.673583984375 -0.14532470703125
-0.0150108337402344 0.0175666809082031 0.564453125 0.60711669921875
-0.0145816802978516 -0.0255413055419922 -0.06732177734375 0.961181640625
-0.00747871398925781 0.0136861801147461 -0.414764404296875 0.512847900390625
0.0122833251953125 0.0222911834716797 0.101242065429688 -0.025146484375
-0.0104789733886719 0.00997161865234375 0.35205078125 -0.69415283203125
0.0107555389404297 0.0115680694580078 -0.29132080078125 -0.89068603515625
0.0246963500976562 0.0130119323730469 -0.79266357421875 -0.15869140625
0.021392822265625 -0.0159015655517578 -0.4566650390625 0.462799072265625
0.0422821044921875 -0.0253639221191406 -0.000244140624999958 0.5054931640625
0.0135478973388672 -0.0247764587402344 0.275665283203125 0.223037719726563
-0.00438499450683594 -0.0314083099365234 0.331451416015625 -0.045684814453125
0.0183315277099609 -0.0298652648925781 -0.31982421875 -0.0145874023437499
0.0344142913818359 -0.0313129425048828 -0.181854248046875 -0.304534912109375
0.0630989074707031 -0.0164146423339844 0.21978759765625 -0.426788330078125
0.0436668395996094 0.0301475524902344 0.67364501953125 -0.14508056640625
-0.0140981674194336 0.0153512954711914 0.5662841796875 0.60626220703125
-0.00522232055664062 -0.0433425903320313 -0.06109619140625 0.958740234375
0.0183200836181641 -0.0138778686523438 -0.39971923828125 0.5040283203125
0.0474624633789062 -0.000255584716796875 0.118011474609375 -0.0343399047851563
0.00654315948486328 -0.0126171112060547 0.35546875 -0.70635986328125
0.0130863189697266 -0.00057220458984375 -0.2926025390625 -0.89312744140625
0.0222797393798828 0.0113906860351563 -0.78997802734375 -0.15460205078125
0.0259513854980469 -0.0135936737060547 -0.453704833984375 0.46514892578125
0.0451889038085938 -0.0313568115234375 -0.00332641601562502 0.501922607421875
0.0164566040039063 -0.0321044921875 0.268234252929688 0.218902587890625
-0.00252723693847656 -0.0289077758789063 0.32293701171875 -0.054229736328125
0.020965576171875 -0.0252552032470703 -0.328399658203125 -0.0219116210937499
0.0361862182617188 -0.0324058532714844 -0.200531005859375 -0.305419921875
0.0599136352539063 -0.0196456909179688 0.1968994140625 -0.4376220703125
0.0397453308105469 0.0264205932617187 0.66229248046875 -0.17913818359375
-0.0162639617919922 0.0077667236328125 0.5960693359375 0.56817626953125
0.000297546386718747 -0.0652427673339844 -0.00799560546874992 0.94610595703125
0.0472488403320312 -0.0432510375976563 -0.379486083984375 0.514739990234375
0.0871047973632813 -0.0243911743164063 0.109367370605469 -0.027984619140625
0.0291252136230469 -0.04095458984375 0.38104248046875 -0.699462890625
0.0135536193847656 -0.0185451507568359 -0.2520751953125 -0.919189453125
0.0182590484619141 0.00988006591796875 -0.78729248046875 -0.1956787109375
0.0230731964111328 -0.0101108551025391 -0.4766845703125 0.444000244140625
0.0463485717773438 -0.0307083129882812 -0.027069091796875 0.500030517578125
0.0199661254882813 -0.0331192016601563 0.250564575195313 0.222747802734375
0.000913619995117187 -0.0224552154541016 0.316009521484375 -0.05841064453125
0.0280303955078125 -0.0196075439453125 -0.30963134765625 0.030364990234375
0.00732803344726563 0.019927978515625 -0.230056762695313 -0.261215209960937
0.0116786956787109 0.0280952453613281 0.093780517578125 -0.46990966796875
-0.0160865783691406 0.0284252166748047 0.558349609375 -0.338134765625
-0.0443534851074219 0.00211334228515625 0.67486572265625 0.35943603515625
-0.0152645111083984 -0.0313148498535156 0.19476318359375 0.9088134765625
0.00183486938476562 0.0383644104003906 -0.34320068359375 0.650146484375
-0.00233078002929687 0.0621871948242188 -0.0163040161132813 0.08636474609375
-0.00226593017578125 0.035552978515625 0.4368896484375 -0.557830810546875
0.0200080871582031 3.24249267578125E-05 -0.05169677734375 -0.9697265625
-0.0192584991455078 -0.00630569458007813 -0.75384521484375 -0.4154052734375
-0.0340194702148438 0.00836563110351563 -0.59716796875 0.32452392578125
0.000568389892578123 0.0223217010498047 -0.13055419921875 0.4967041015625
-0.00320816040039063 0.0219745635986328 0.22967529296875 0.26568603515625
0.00827407836914063 -0.0216236114501953 0.323699951171875 -0.01904296875
0.0246238708496094 -0.0251712799072266 -0.3056640625 0.028839111328125
0.00499057769775391 0.0152730941772461 -0.2110595703125 -0.263153076171875
0.0190906524658203 0.0200786590576172 0.1297607421875 -0.460540771484375
-0.00560569763183594 0.0256805419921875 0.59307861328125 -0.2906494140625
-0.0379638671875 0.0046539306640625 0.6507568359375 0.42724609375
-0.0169506072998047 -0.0201625823974609 0.1234130859375 0.935791015625
-0.0144500732421875 0.0505867004394531 -0.3719482421875 0.624755859375
-0.0200996398925781 0.0674247741699219 0.0048065185546875 0.0623550415039063
-0.0158462524414063 0.0444297790527344 0.40899658203125 -0.590576171875
0.0139369964599609 0.0111494064331055 -0.12664794921875 -0.95123291015625
-0.0101737976074219 0.00118732452392578 -0.7738037109375 -0.34149169921875
-0.0216617584228516 0.004974365234375 -0.561248779296875 0.368865966796875
0.0100526809692383 0.016016960144043 -0.0907897949218751 0.505462646484375
-0.00261974334716797 0.0145196914672852 0.250198364257813 0.2564697265625
0.00423049926757813 -0.0264739990234375 0.330657958984375 -0.0194091796875
0.0205554962158203 -0.0304489135742188 -0.302947998046875 0.0255126953125
0.00871419906616211 0.00645256042480469 -0.1927490234375 -0.270782470703125
0.0286865234375 0.0107364654541016 0.163421630859375 -0.445526123046875
0.00719070434570313 0.0235481262207031 0.6229248046875 -0.23583984375
-0.0303211212158203 0.00838279724121093 0.6226806640625 0.4949951171875
-0.0188083648681641 -0.0132217407226563 0.0512695312499999 0.9520263671875
-0.026458740234375 0.0538368225097656 -0.39691162109375 0.591552734375
-0.0286140441894531 0.0641860961914062 0.0316123962402344 0.0357856750488281
-0.0241279602050781 0.0459136962890625 0.3798828125 -0.62554931640625
0.0111322402954102 0.0170574188232422 -0.20001220703125 -0.92608642578125
0.000590801239013673 0.0064234733581543 -0.78759765625 -0.267822265625
-0.00713300704956055 -0.000421524047851563 -0.520843505859375 0.41156005859375
0.0196552276611328 0.00590133666992187 -0.051422119140625 0.50909423828125
0.0013120174407959 0.00398588180541992 0.268234252929688 0.247039794921875
0.000192642211914064 -0.0301837921142578 0.337005615234375 -0.02337646484375
0.0165996551513672 -0.033050537109375 -0.30108642578125 0.0178222656249999
0.0152921676635742 -0.00417518615722656 -0.179092407226563 -0.277969360351563
0.0407981872558594 0.00117874145507813 0.19268798828125 -0.4371337890625
0.0201644897460938 0.0239429473876953 0.64642333984375 -0.19097900390625
-0.023345947265625 0.012359619140625 0.592529296875 0.549072265625
-0.0193405151367187 -0.0126552581787109 -0.0115356445312501 0.96142578125
-0.0288162231445312 0.0468330383300781 -0.41094970703125 0.557952880859375
-0.0252914428710938 0.055389404296875 0.0584220886230469 0.009490966796875
-0.0259552001953125 0.0410346984863281 0.3580322265625 -0.6556396484375
0.0105857849121094 0.0200519561767578 -0.2513427734375 -0.90264892578125
0.01129150390625 0.00930404663085938 -0.79132080078125 -0.20416259765625
0.00461578369140625 -0.00761127471923828 -0.483795166015625 0.440826416015625
0.0286979675292969 -0.00543403625488281 -0.020294189453125 0.507598876953125
0.00439119338989258 -0.0081787109375 0.279037475585938 0.235015869140625
-0.00452041625976563 -0.0323925018310547 0.339630126953125 -0.030914306640625
0.0162258148193359 -0.0347614288330078 -0.304046630859375 0.00949096679687501
0.0234603881835938 -0.0163745880126953 -0.174041748046875 -0.28521728515625
0.0521736145019531 -0.00932693481445313 0.210113525390625 -0.4271240234375
0.0326919555664063 0.0251598358154297 0.65966796875 -0.1610107421875
-0.0179691314697266 0.0170249938964844 0.57257080078125 0.58172607421875
-0.0187358856201172 -0.0162582397460938 -0.0470581054687499 0.9595947265625
-0.0210647583007813 0.0331172943115234 -0.413970947265625 0.5301513671875
-0.0107345581054688 0.0407257080078125 0.0834121704101563 -0.01251220703125
-0.0222740173339844 0.028839111328125 0.34710693359375 -0.676513671875
0.0111770629882813 0.0171947479248047 -0.285888671875 -0.8857421875
0.0192794799804688 0.01092529296875 -0.79046630859375 -0.16534423828125
0.0151767730712891 -0.012303352355957 -0.45916748046875 0.45947265625
0.03717041015625 -0.0169219970703125 -6.10351562500316E-05 0.505462646484375
0.00818443298339844 -0.0177822113037109 0.28265380859375 0.225311279296875
-0.00654792785644531 -0.0326976776123047 0.33685302734375 -0.03985595703125
0.0174274444580078 -0.0327396392822266 -0.308258056640625 0.000854492187500013
0.0303230285644531 -0.024810791015625 -0.176727294921875 -0.29254150390625
0.0596542358398438 -0.0133094787597656 0.21636962890625 -0.424896240234375
0.0410537719726563 0.0283470153808594 0.66741943359375 -0.14630126953125
-0.0133686065673828 0.0174503326416016 0.56597900390625 0.5968017578125
-0.0143394470214844 -0.0270233154296875 -0.05902099609375 0.95709228515625
-0.00572109222412109 0.0117130279541016 -0.40753173828125 0.51251220703125
0.0122222900390625 0.0218791961669922 0.100250244140625 -0.0255279541015625
-0.011077880859375 0.0107889175415039 0.34368896484375 -0.69244384765625
0.0120935440063477 0.0112276077270508 -0.2962646484375 -0.8826904296875
0.0236606597900391 0.0108566284179688 -0.78753662109375 -0.1494140625
0.0213336944580078 -0.0162944793701172 -0.448699951171875 0.465728759765625
0.0430679321289062 -0.0260124206542969 0.00534057617187504 0.50189208984375
0.0128726959228516 -0.0277671813964844 0.277725219726563 0.219833374023438
-0.00601959228515625 -0.0309391021728516 0.33123779296875 -0.046600341796875
0.0183658599853516 -0.0290470123291016 -0.316558837890625 -0.0115356445312501
0.0347728729248047 -0.0307731628417969 -0.1851806640625 -0.297027587890625
0.06268310546875 -0.0177421569824219 0.21514892578125 -0.42510986328125
0.0442161560058594 0.0283050537109375 0.6688232421875 -0.1494140625
-0.0139789581298828 0.01422119140625 0.568359375 0.598388671875
-0.00722122192382812 -0.0434646606445313 -0.052001953125 0.9495849609375
0.0191860198974609 -0.0127906799316406 -0.395111083984375 0.501678466796875
0.0459747314453125 1.1444091796875E-05 0.114143371582031 -0.03460693359375
0.00491142272949219 -0.0119256973266602 0.34674072265625 -0.70477294921875
0.0131998062133789 -0.000640869140625 -0.2977294921875 -0.8858642578125
0.0236549377441406 0.01239013671875 -0.78533935546875 -0.1475830078125
0.0246047973632813 -0.0147285461425781 -0.444580078125 0.465850830078125
0.0451126098632813 -0.0314178466796875 0.00201416015625005 0.4976806640625
0.0158042907714844 -0.0316925048828125 0.267547607421875 0.214874267578125
-0.00367355346679687 -0.0268287658691406 0.32159423828125 -0.05615234375
0.0193061828613281 -0.0242404937744141 -0.32586669921875 -0.0164184570312499
0.0347423553466797 -0.0328865051269531 -0.2039794921875 -0.299957275390625
0.0585556030273438 -0.0189247131347656 0.190032958984375 -0.437286376953125
0.0405158996582031 0.0267562866210938 0.65606689453125 -0.18377685546875
-0.0164060592651367 0.00860309600830078 0.596923828125 0.5601806640625
-0.001007080078125 -0.0649375915527344 -0.000244140624999899 0.9383544921875
0.0472908020019531 -0.0439682006835938 -0.375640869140625 0.51483154296875
0.087554931640625 -0.0244369506835938 0.10858154296875 -0.0289154052734375
0.0296897888183594 -0.0410423278808594 0.37042236328125 -0.6953125
0.0146923065185547 -0.0181884765625 -0.25823974609375 -0.91033935546875
0.0169572830200195 0.0100345611572266 -0.78167724609375 -0.19000244140625
0.0240955352783203 -0.0101299285888672 -0.470703125 0.444732666015625
0.045379638671875 -0.0313644409179688 -0.022247314453125 0.496826171875
0.0194091796875 -0.0341796875 0.251571655273438 0.21771240234375
-0.00114822387695313 -0.0225467681884766 0.31317138671875 -0.061126708984375
0.0274982452392578 -0.0202293395996094 -0.308197021484375 0.033538818359375
0.00708580017089843 0.0211067199707031 -0.2315673828125 -0.25390625
0.0119228363037109 0.0276908874511719 0.0894470214843751 -0.46441650390625
-0.0146884918212891 0.0281143188476563 0.55322265625 -0.33917236328125
-0.0443038940429687 0.00207138061523437 0.67388916015625 0.35430908203125
-0.0157947540283203 -0.0310497283935547 0.1983642578125 0.90118408203125
0.00347137451171875 0.038665771484375 -0.33612060546875 0.6474609375
-0.000778198242187497 0.0613136291503906 -0.016510009765625 0.086669921875
-0.00105667114257813 0.0362701416015625 0.4326171875 -0.554412841796875
0.0192108154296875 -1.71661376953125E-05 -0.0550537109375 -0.96270751953125
-0.0187835693359375 -0.00634193420410156 -0.7491455078125 -0.40850830078125
-0.0351753234863281 0.00863647460937499 -0.58929443359375 0.328125
0.000253677368164062 0.0223331451416016 -0.12335205078125 0.495880126953125
-0.00250434875488281 0.0217571258544922 0.230422973632813 0.261550903320313
0.00825119018554688 -0.021270751953125 0.321319580078125 -0.020172119140625
0.0228080749511719 -0.0254268646240234 -0.303314208984375 0.0325927734375
0.00386238098144531 0.0136222839355469 -0.211135864257813 -0.258499145507813
0.0171852111816406 0.0188159942626953 0.125518798828125 -0.457122802734375
-0.00571823120117187 0.0254707336425781 0.58563232421875 -0.29229736328125
-0.0367927551269531 0.00511932373046875 0.65032958984375 0.42095947265625
-0.0163631439208984 -0.0204753875732422 0.1278076171875 0.92730712890625
-0.014373779296875 0.0511093139648437 -0.367431640625 0.62237548828125
-0.0188369750976562 0.0657310485839844 0.00510025024414062 0.0618400573730469
-0.0156402587890625 0.0447883605957031 0.40118408203125 -0.58782958984375
0.0145015716552734 0.0116710662841797 -0.130126953125 -0.94158935546875
-0.0108423233032227 0.00147914886474609 -0.769287109375 -0.33343505859375
-0.0217094421386719 0.00454330444335938 -0.552337646484375 0.37152099609375
0.00989723205566406 0.015141487121582 -0.086029052734375 0.502349853515625
-0.00126171112060547 0.0149106979370117 0.249603271484375 0.2532958984375
0.00181388854980469 -0.0262222290039063 0.32769775390625 -0.02264404296875
0.0194873809814453 -0.0302162170410156 -0.29949951171875 0.028564453125
0.00862360000610351 0.00558996200561523 -0.19305419921875 -0.266006469726563
0.0298805236816406 0.00899696350097656 0.1607666015625 -0.4429931640625
0.00776481628417969 0.0237522125244141 0.61639404296875 -0.23980712890625
-0.0297393798828125 0.00890922546386719 0.61993408203125 0.48785400390625
-0.019500732421875 -0.0136985778808594 0.0573730468750001 0.94451904296875
-0.0256309509277344 0.0536842346191406 -0.39111328125 0.5875244140625
-0.0270843505859375 0.0642013549804688 0.0310916900634766 0.0340118408203125
-0.0235252380371094 0.0468864440917969 0.37371826171875 -0.6214599609375
0.0129022598266602 0.0168914794921875 -0.2015380859375 -0.91961669921875
0.000517368316650391 0.00542211532592773 -0.78369140625 -0.26043701171875
-0.00606632232666016 1.47819519042958E-05 -0.515106201171875 0.41143798828125
0.0191936492919922 0.00637435913085938 -0.04766845703125 0.505035400390625
0.00122332572937012 0.00417423248291016 0.268035888671875 0.243057250976563
-0.00126457214355469 -0.0292224884033203 0.3353271484375 -0.025604248046875
0.0175399780273438 -0.0341930389404297 -0.299774169921875 0.022735595703125
0.0152168273925781 -0.00535964965820313 -0.180099487304687 -0.272857666015625
0.0413475036621094 0.00107574462890625 0.189056396484375 -0.431243896484375
0.0211982727050781 0.0235881805419922 0.6397705078125 -0.1943359375
-0.0232219696044922 0.0131721496582031 0.59234619140625 0.54241943359375
-0.0198783874511719 -0.0109977722167969 -0.00561523437500006 0.95245361328125
-0.0283966064453125 0.0470237731933594 -0.4056396484375 0.55810546875
-0.0230865478515625 0.0550956726074219 0.0573463439941406 0.00919723510742188
-0.0264015197753906 0.04150390625 0.35040283203125 -0.65069580078125
0.0111370086669922 0.0193347930908203 -0.25360107421875 -0.89324951171875
0.0117244720458984 0.00917625427246094 -0.78558349609375 -0.1978759765625
0.00562286376953125 -0.00832462310791016 -0.47747802734375 0.443084716796875
0.0289554595947266 -0.00594902038574219 -0.014434814453125 0.503021240234375
0.00545167922973633 -0.00555038452148438 0.2803955078125 0.23260498046875
-0.005218505859375 -0.0319347381591797 0.336181640625 -0.03338623046875
0.0149326324462891 -0.0341835021972656 -0.300384521484375 0.012786865234375
0.0231151580810547 -0.0160980224609375 -0.17535400390625 -0.280487060546875
0.0519981384277344 -0.00720977783203125 0.205078125 -0.423858642578125
0.0348606109619141 0.0258865356445313 0.6552734375 -0.16363525390625
-0.0173368453979492 0.0172204971313477 0.57257080078125 0.57489013671875
-0.0181903839111328 -0.0166893005371094 -0.0408325195312501 0.95135498046875
-0.0223426818847656 0.0328788757324219 -0.40875244140625 0.52960205078125
-0.009429931640625 0.0403556823730469 0.080230712890625 -0.0111160278320312
-0.0204105377197266 0.0292453765869141 0.3399658203125 -0.67437744140625
0.0107583999633789 0.0175666809082031 -0.2899169921875 -0.8798828125
0.0192489624023438 0.0103034973144531 -0.784423828125 -0.15789794921875
0.0158777236938477 -0.0117807388305664 -0.454559326171875 0.460601806640625
0.0361824035644531 -0.017425537109375 0.00402832031250004 0.5006103515625
0.00867652893066406 -0.0179004669189453 0.281051635742188 0.2213134765625
-0.00722503662109375 -0.0333232879638672 0.33306884765625 -0.0419921875
0.0158176422119141 -0.0343151092529297 -0.3067626953125 0.00241088867187503
0.0288257598876953 -0.0241603851318359 -0.17742919921875 -0.28680419921875
0.0606727600097656 -0.0155029296875 0.2119140625 -0.4205322265625
0.0432090759277344 0.0271072387695313 0.66180419921875 -0.1507568359375
-0.0134639739990234 0.0176029205322266 0.5665283203125 0.5914306640625
-0.0133323669433594 -0.0265522003173828 -0.05340576171875 0.94744873046875
-0.0056924819946289 0.0134792327880859 -0.40313720703125 0.511199951171875
0.0136394500732422 0.0218791961669922 0.0987319946289063 -0.0265884399414063
-0.0104885101318359 0.0109634399414063 0.3358154296875 -0.68829345703125
0.0117950439453125 0.011113166809082 -0.29888916015625 -0.8753662109375
0.0235271453857422 0.0117073059082031 -0.7816162109375 -0.14453125
0.0214805603027344 -0.0157947540283203 -0.442718505859375 0.46441650390625
0.0424537658691406 -0.0270576477050781 0.00750732421874998 0.496826171875
0.0137729644775391 -0.0269813537597656 0.278244018554688 0.216888427734375
-0.00479507446289062 -0.0304107666015625 0.327728271484375 -0.049957275390625
0.0170631408691406 -0.0296878814697266 -0.31427001953125 -0.00671386718749999
0.033935546875 -0.0307083129882813 -0.185455322265625 -0.29217529296875
0.0621070861816406 -0.0186500549316406 0.209503173828125 -0.42364501953125
0.0445518493652344 0.0284423828125 0.6629638671875 -0.1522216796875
-0.0142650604248047 0.0152263641357422 0.56829833984375 0.58966064453125
-0.0072784423828125 -0.0442123413085938 -0.0458984375000001 0.94354248046875
0.0188674926757813 -0.0117511749267578 -0.3892822265625 0.5009765625
0.047210693359375 -0.00060272216796875 0.111396789550781 -0.0361328125
0.00482559204101563 -0.0105609893798828 0.34014892578125 -0.7010498046875
0.013026237487793 -0.000346183776855469 -0.29888916015625 -0.8760986328125
0.0232295989990234 0.0108680725097656 -0.78118896484375 -0.14117431640625
0.024078369140625 -0.0148963928222656 -0.43914794921875 0.4656982421875
0.0456962585449219 -0.0319480895996094 0.007110595703125 0.495513916015625
0.0153179168701172 -0.0326919555664063 0.267990112304687 0.211257934570312
-0.00433921813964844 -0.0260982513427734 0.31890869140625 -0.05908203125
0.0188007354736328 -0.0241260528564453 -0.3232421875 -0.0128173828125
0.0354843139648438 -0.0312843322753906 -0.20452880859375 -0.294586181640625
0.0593147277832031 -0.0197601318359375 0.1854248046875 -0.432861328125
0.0409011840820313 0.0260581970214844 0.64990234375 -0.188232421875
-0.0169496536254883 0.00818538665771485 0.59649658203125 0.55303955078125
-0.00128173828124999 -0.0653572082519531 0.00506591796875004 0.93316650390625
0.0465888977050781 -0.0430641174316406 -0.369781494140625 0.51177978515625
0.0870285034179688 -0.0249710083007813 0.106437683105469 -0.027252197265625
0.0299491882324219 -0.0395965576171875 0.365478515625 -0.69171142578125
0.0148296356201172 -0.0179290771484375 -0.2593994140625 -0.90118408203125
0.0172328948974609 0.00995540618896484 -0.7769775390625 -0.18316650390625
0.0229034423828125 -0.00989913940429688 -0.46246337890625 0.4444580078125
0.0443649291992188 -0.0318412780761719 -0.01788330078125 0.49224853515625
0.0186824798583984 -0.0349807739257813 0.252197265625 0.21453857421875
-0.000484466552734376 -0.0206508636474609 0.31097412109375 -0.0638427734375
0.0277252197265625 -0.0209789276123047 -0.305450439453125 0.0362548828125
0.00652313232421875 0.0193023681640625 -0.231399536132812 -0.250106811523438
0.0117969512939453 0.0277271270751953 0.086639404296875 -0.461151123046875
-0.0156593322753906 0.0290260314941406 0.545989990234375 -0.339447021484375
-0.0436325073242188 0.002227783203125 0.6689453125 0.34649658203125
-0.0146579742431641 -0.0323143005371094 0.19970703125 0.89544677734375
0.00252532958984375 0.0372047424316406 -0.332275390625 0.6427001953125
-0.000453948974609375 0.061279296875 -0.0154876708984375 0.08563232421875
0.000156402587890629 0.0367164611816406 0.426055908203125 -0.5511474609375
0.0187740325927734 -0.000101089477539063 -0.0560302734375001 -0.95709228515625
-0.0187244415283203 -0.00553703308105469 -0.74560546875 -0.40277099609375
-0.0339889526367187 0.00950050354003906 -0.5831298828125 0.328369140625
0.000246047973632815 0.0214443206787109 -0.120361328125 0.492401123046875
-0.00104904174804687 0.0222644805908203 0.229141235351563 0.259017944335938
0.00775146484375 -0.0204963684082031 0.319183349609375 -0.022918701171875
0.022552490234375 -0.0261936187744141 -0.302276611328125 0.034759521484375
0.00520801544189453 0.0138025283813477 -0.212158203125 -0.253433227539063
0.0176849365234375 0.0192928314208984 0.122589111328125 -0.45404052734375
-0.00474357604980469 0.0249538421630859 0.58123779296875 -0.2904052734375
-0.0372428894042969 0.00508499145507813 0.64715576171875 0.416748046875
-0.0161514282226563 -0.0219173431396484 0.12957763671875 0.918212890625
-0.0129814147949219 0.0517539978027344 -0.36248779296875 0.61907958984375
-0.01849365234375 0.0663337707519531 0.0048065185546875 0.0607757568359375
-0.0147552490234375 0.046051025390625 0.39654541015625 -0.58526611328125
0.0142898559570312 0.0109310150146484 -0.1326904296875 -0.93572998046875
-0.00970172882080078 -0.0001373291015625 -0.764892578125 -0.3287353515625
-0.0211315155029297 0.00464630126953125 -0.547119140625 0.372772216796875
0.00918292999267578 0.0152626037597656 -0.08245849609375 0.498321533203125
-0.00023174285888672 0.0145196914672852 0.249526977539063 0.250457763671875
0.00313758850097656 -0.0247478485107422 0.32745361328125 -0.024078369140625
0.0192680358886719 -0.0292320251464844 -0.298736572265625 0.03155517578125
0.00958728790283203 0.00543117523193359 -0.194732666015625 -0.261871337890625
0.02886962890625 0.00951004028320313 0.159271240234375 -0.440673828125
0.00707054138183594 0.0232906341552734 0.6114501953125 -0.2406005859375
-0.0290775299072266 0.00820159912109374 0.6187744140625 0.48223876953125
-0.0186119079589844 -0.0143814086914062 0.0596313476562499 0.9381103515625
-0.0242042541503906 0.0541267395019531 -0.38812255859375 0.58636474609375
-0.0258979797363281 0.0651283264160156 0.030303955078125 0.0342426300048828
-0.0234756469726562 0.0465316772460937 0.36883544921875 -0.618896484375
0.013279914855957 0.0167808532714844 -0.20379638671875 -0.91143798828125
0.0012211799621582 0.00544834136962891 -0.78082275390625 -0.25445556640625
-0.00770044326782226 -0.000154972076416017 -0.506561279296875 0.41302490234375
0.0197067260742188 0.00581169128417969 -0.04248046875 0.50103759765625
0.00122594833374023 0.00451183319091797 0.267196655273438 0.239334106445313
-0.00184059143066406 -0.0298404693603516 0.33160400390625 -0.02789306640625
0.0168113708496094 -0.0337409973144531 -0.29840087890625 0.0234680175781249
0.0148286819458008 -0.00462818145751953 -0.180892944335937 -0.2677001953125
0.0410194396972656 0.00030517578125 0.1849365234375 -0.42828369140625
0.0214214324951172 0.0248374938964844 0.63360595703125 -0.19586181640625
-0.0231132507324219 0.0141258239746094 0.5909423828125 0.53558349609375
-0.01953125 -0.0128707885742188 -0.00140380859374996 0.94403076171875
-0.0287132263183594 0.0476837158203125 -0.401214599609375 0.5548095703125
-0.0235557556152344 0.0550880432128906 0.0564422607421875 0.00829315185546875
-0.0246353149414062 0.0422744750976563 0.3460693359375 -0.64508056640625
0.0109424591064453 0.0191402435302734 -0.2559814453125 -0.88714599609375
0.0110559463500977 0.00920867919921875 -0.78076171875 -0.19403076171875
0.0041508674621582 -0.00643634796142578 -0.470977783203125 0.439727783203125
0.0293235778808594 -0.00643539428710938 -0.01336669921875 0.498626708984375
0.00551939010620117 -0.00819015502929688 0.27923583984375 0.22882080078125
-0.00562286376953125 -0.0314865112304688 0.335205078125 -0.03521728515625
0.0159549713134766 -0.0341529846191406 -0.299530029296875 0.016571044921875
0.0231895446777344 -0.0153007507324219 -0.176071166992187 -0.275115966796875
0.0515213012695313 -0.00859832763671875 0.20147705078125 -0.4219970703125
0.034759521484375 0.0252113342285156 0.64886474609375 -0.164306640625
-0.0168781280517578 0.0164861679077148 0.56976318359375 0.5697021484375
-0.0191154479980469 -0.0173168182373047 -0.0391845703125001 0.946533203125
-0.0217227935791016 0.0329666137695313 -0.40460205078125 0.5283203125
-0.00885391235351563 0.0411033630371094 0.0797882080078125 -0.0120086669921875
-0.0201148986816406 0.0288238525390625 0.3348388671875 -0.668701171875
0.0119466781616211 0.0171613693237305 -0.2890625 -0.8726806640625
0.0189266204833984 0.00976371765136719 -0.78033447265625 -0.1552734375
0.0140781402587891 -0.0116796493530273 -0.448028564453125 0.45831298828125
0.0353012084960938 -0.0179290771484375 0.00625610351562498 0.496002197265625
0.00699043273925781 -0.0189266204833984 0.282318115234375 0.21844482421875
-0.00665473937988282 -0.0311508178710938 0.332366943359375 -0.044677734375
0.0164833068847656 -0.0333347320556641 -0.30535888671875 0.00653076171874999
0.0296993255615234 -0.0253810882568359 -0.179168701171875 -0.283172607421875
0.0596389770507813 -0.0151519775390625 0.20751953125 -0.4185791015625
0.0426521301269531 0.0270309448242188 0.65484619140625 -0.15216064453125
-0.0134544372558594 0.0179634094238281 0.56463623046875 0.58453369140625
-0.0143814086914063 -0.0266227722167969 -0.0488281249999999 0.93963623046875
-0.00547981262207031 0.0138921737670898 -0.398284912109375 0.509521484375
0.0138816833496094 0.0220298767089844 0.0975265502929688 -0.0268707275390625
-0.011077880859375 0.0134506225585937 0.33221435546875 -0.683837890625
0.0122976303100586 0.0123682022094727 -0.299560546875 -0.86895751953125
0.0251121520996094 0.0105571746826172 -0.7767333984375 -0.13983154296875
0.0221176147460938 -0.014739990234375 -0.436431884765625 0.463714599609375
0.0420646667480469 -0.0265998840332031 0.0113525390625 0.493133544921875
0.0127220153808594 -0.0275955200195313 0.277969360351563 0.212539672851563
-0.007110595703125 -0.0300941467285156 0.3255615234375 -0.052001953125
0.0172443389892578 -0.0291194915771484 -0.313140869140625 -0.00363159179687502
0.0333518981933594 -0.0300045013427734 -0.186737060546875 -0.28857421875
0.0626640319824219 -0.0182914733886719 0.2059326171875 -0.421875
0.0450325012207031 0.0282859802246094 0.65789794921875 -0.15283203125
-0.0132122039794922 0.0133533477783203 0.5682373046875 0.585205078125
-0.00693893432617188 -0.0440254211425781 -0.04302978515625 0.93560791015625
0.0183582305908203 -0.0129222869873047 -0.3861083984375 0.499420166015625
0.046844482421875 -1.52587890625E-05 0.109954833984375 -0.0355300903320313
0.00704765319824219 -0.010554313659668 0.33612060546875 -0.69488525390625
0.0130510330200195 -0.000325202941894531 -0.30010986328125 -0.8699951171875
0.0233345031738281 0.0114994049072266 -0.77447509765625 -0.1353759765625
0.0231285095214844 -0.0146713256835938 -0.43170166015625 0.464996337890625
0.0439033508300781 -0.0319442749023438 0.0106201171875001 0.489837646484375
0.0162448883056641 -0.0324878692626953 0.267318725585938 0.20867919921875
-0.00494766235351562 -0.0261001586914063 0.3160400390625 -0.06103515625
0.0194721221923828 -0.0237922668457031 -0.3211669921875 -0.00863647460937494
0.0355758666992188 -0.0325965881347656 -0.204315185546875 -0.291015625
0.0584602355957031 -0.0197105407714844 0.182647705078125 -0.431304931640625
0.040618896484375 0.0263252258300781 0.6444091796875 -0.1885986328125
-0.0160036087036133 0.00749588012695313 0.595458984375 0.5467529296875
-0.000404357910156244 -0.0654144287109375 0.0100708007812499 0.92529296875
0.0465278625488281 -0.0432281494140625 -0.365142822265625 0.5113525390625
0.08697509765625 -0.0238876342773437 0.10479736328125 -0.02691650390625
0.0297584533691406 -0.0377349853515625 0.359619140625 -0.68841552734375
0.0150032043457031 -0.0186519622802734 -0.26263427734375 -0.89569091796875
0.016352653503418 0.00945568084716797 -0.77215576171875 -0.17852783203125
0.0222034454345703 -0.00914192199707031 -0.45758056640625 0.44287109375
0.0451698303222656 -0.0320167541503906 -0.013946533203125 0.4881591796875
0.0172653198242188 -0.0349140167236328 0.250885009765625 0.211746215820313
-0.00117301940917969 -0.0191211700439453 0.30804443359375 -0.065185546875
0.0281352996826172 -0.0201854705810547 -0.30328369140625 0.0368652343749999
0.00701522827148438 0.01983642578125 -0.2322998046875 -0.2467041015625
0.0126113891601563 0.0279045104980469 0.084259033203125 -0.45648193359375
-0.0151939392089844 0.0287036895751953 0.54058837890625 -0.337860107421875
-0.0439109802246094 0.00235366821289063 0.66619873046875 0.34552001953125
-0.0160732269287109 -0.0323982238769531 0.199951171875 0.8876953125
0.00261688232421875 0.0376930236816406 -0.33001708984375 0.63934326171875
0.000663757324218743 0.0615730285644531 -0.016326904296875 0.0847091674804688
-0.000469207763671872 0.0376434326171875 0.422821044921875 -0.549896240234375
0.0198078155517578 0.000364303588867187 -0.05902099609375 -0.94921875
-0.0195579528808594 -0.00567054748535156 -0.7401123046875 -0.396484375
-0.0344619750976563 0.00982475280761718 -0.5772705078125 0.3271484375
0.000617980957031248 0.0212478637695313 -0.117401123046875 0.4888916015625
-0.00138092041015625 0.0218696594238281 0.228713989257812 0.256851196289063
0.00629234313964844 -0.0206050872802734 0.31768798828125 -0.023590087890625
0.0229682922363281 -0.0265121459960938 -0.299713134765625 0.03692626953125
0.00668430328369141 0.0147905349731445 -0.2110595703125 -0.25
0.0185451507568359 0.0191993713378906 0.119476318359375 -0.448150634765625
-0.0048065185546875 0.0257015228271484 0.574462890625 -0.29095458984375
-0.0365753173828125 0.00474929809570313 0.64459228515625 0.41290283203125
-0.0170001983642578 -0.0215129852294922 0.13043212890625 0.914306640625
-0.0123329162597656 0.0502281188964844 -0.35931396484375 0.616455078125
-0.0170783996582031 0.0663566589355469 0.00398254394531251 0.0612831115722656
-0.0150604248046875 0.0457649230957031 0.39312744140625 -0.58197021484375
0.0146112442016602 0.0112028121948242 -0.1334228515625 -0.92840576171875
-0.0105695724487305 0.000535011291503906 -0.76104736328125 -0.32391357421875
-0.0215091705322266 0.00588035583496094 -0.542938232421875 0.371337890625
0.00966453552246094 0.0148115158081055 -0.079986572265625 0.495086669921875
-1.62124633789053E-05 0.0143375396728516 0.24908447265625 0.248184204101563
0.00169563293457031 -0.0247459411621094 0.32586669921875 -0.025115966796875
0.0186843872070313 -0.0305976867675781 -0.295196533203125 0.033233642578125
0.00887966156005859 0.00572872161865234 -0.19287109375 -0.257461547851563
0.0291309356689453 0.00890731811523438 0.154266357421875 -0.437255859375
0.00756645202636719 0.0227737426757813 0.606201171875 -0.23956298828125
-0.0290431976318359 0.00889396667480468 0.61676025390625 0.4776611328125
-0.019744873046875 -0.0144138336181641 0.0602416992187501 0.932861328125
-0.0240097045898437 0.0540428161621094 -0.38458251953125 0.5830078125
-0.0252151489257813 0.0644798278808594 0.0297355651855469 0.0351943969726563
-0.0220718383789062 0.0475730895996094 0.36529541015625 -0.614990234375
0.0127134323120117 0.0161600112915039 -0.203857421875 -0.90618896484375
0.000827789306640625 0.00545120239257813 -0.773681640625 -0.2510986328125
-0.00739097595214844 0.00055551528930664 -0.502410888671875 0.411376953125
0.0187892913818359 0.00567436218261719 -0.04071044921875 0.49822998046875
0.0028228759765625 0.00393247604370117 0.26727294921875 0.236648559570313
-0.00235748291015625 -0.0300674438476562 0.330474853515625 -0.02972412109375
0.0159549713134766 -0.0329570770263672 -0.295013427734375 0.0259704589843749
0.0157051086425781 -0.00493621826171875 -0.180816650390625 -0.264877319335938
0.0414543151855469 -0.000476837158203125 0.182525634765625 -0.4251708984375
0.0219688415527344 0.0233421325683594 0.62847900390625 -0.19403076171875
-0.0216770172119141 0.0138492584228516 0.58795166015625 0.532470703125
-0.0202503204345703 -0.0127410888671875 0.00061035156249992 0.93927001953125
-0.0269737243652344 0.0471305847167969 -0.398651123046875 0.55169677734375
-0.0221900939941406 0.0553054809570313 0.0556068420410156 0.0084075927734375
-0.0242767333984375 0.042083740234375 0.34173583984375 -0.64349365234375
0.0120220184326172 0.0197467803955078 -0.25628662109375 -0.88140869140625
0.0122890472412109 0.008270263671875 -0.7774658203125 -0.19073486328125
0.00516796112060547 -0.00566959381103516 -0.467071533203125 0.440704345703125
0.0287513732910156 -0.00696182250976562 -0.00976562499999995 0.495819091796875
0.00537633895874023 -0.00864362716674805 0.276992797851563 0.2264404296875
-0.00661277770996093 -0.0325069427490234 0.332427978515625 -0.037078857421875
0.0148067474365234 -0.0343952178955078 -0.2978515625 0.017578125
0.0225677490234375 -0.01611328125 -0.175735473632813 -0.272048950195312
0.0515594482421875 -0.00922012329101563 0.1986083984375 -0.41839599609375
0.0346889495849609 0.0253925323486328 0.64410400390625 -0.16461181640625
-0.0172204971313477 0.0165128707885742 0.56842041015625 0.56414794921875
-0.0189018249511719 -0.0172061920166016 -0.0339965820312501 0.93890380859375
-0.0207767486572266 0.0327415466308594 -0.40277099609375 0.525634765625
-0.00830841064453125 0.0401420593261719 0.077789306640625 -0.0116195678710937
-0.0186347961425781 0.0300960540771484 0.332275390625 -0.6658935546875
0.0122909545898438 0.0173883438110352 -0.2877197265625 -0.8670654296875
0.0196857452392578 0.00960922241210938 -0.77313232421875 -0.149658203125
0.0147676467895508 -0.0122852325439453 -0.44305419921875 0.45684814453125
0.0352783203125 -0.0187416076660156 0.00942993164062504 0.49200439453125
0.00955009460449219 -0.0191879272460938 0.281951904296875 0.215911865234375
-0.00763893127441406 -0.0310382843017578 0.329620361328125 -0.044769287109375
0.0154266357421875 -0.0329513549804688 -0.303680419921875 0.00802612304687505
0.0299930572509766 -0.0237751007080078 -0.177719116210938 -0.279769897460937
0.0595664978027344 -0.0148658752441406 0.20703125 -0.415313720703125
0.0432319641113281 0.02667236328125 0.6505126953125 -0.15301513671875
-0.0134086608886719 0.0177593231201172 0.562255859375 0.57958984375
-0.0151424407958984 -0.0279884338378906 -0.04656982421875 0.93609619140625
-0.00481033325195313 0.013453483581543 -0.396575927734375 0.50714111328125
0.014129638671875 0.0225238800048828 0.0948486328125 -0.0254440307617188
-0.00978565216064453 0.0131797790527344 0.32708740234375 -0.678955078125
0.0126676559448242 0.0111885070800781 -0.29840087890625 -0.861083984375
0.0230808258056641 0.0107364654541016 -0.7725830078125 -0.1370849609375
0.0214996337890625 -0.0153160095214844 -0.4312744140625 0.461822509765625
0.0406265258789062 -0.0262641906738281 0.013763427734375 0.488800048828125
0.0130481719970703 -0.0273342132568359 0.276809692382813 0.210464477539063
-0.00741386413574219 -0.0292758941650391 0.323089599609375 -0.05242919921875
0.0177078247070312 -0.0296630859375 -0.3121337890625 -0.00253295898437505
0.0340309143066406 -0.0310192108154297 -0.18634033203125 -0.284881591796875
0.0614280700683594 -0.0183563232421875 0.2032470703125 -0.418121337890625
0.044891357421875 0.0278739929199219 0.65167236328125 -0.15447998046875
-0.0131673812866211 0.0144634246826172 0.56591796875 0.579345703125
-0.00871658325195313 -0.0448112487792969 -0.039306640625 0.92681884765625
0.0178966522216797 -0.0125198364257813 -0.38397216796875 0.49700927734375
0.0471343994140625 -0.00020599365234375 0.108146667480469 -0.0347442626953125
0.00655460357666016 -0.00951290130615234 0.33233642578125 -0.69268798828125
0.0132436752319336 -9.82284545898438E-05 -0.2994384765625 -0.8646240234375
0.0226802825927734 0.010040283203125 -0.769775390625 -0.1328125
0.0240516662597656 -0.0143642425537109 -0.427764892578125 0.464599609375
0.0439605712890625 -0.0314216613769531 0.01226806640625 0.4874267578125
0.0163078308105469 -0.0321426391601563 0.266571044921875 0.206192016601563
-0.00545883178710938 -0.0247592926025391 0.31500244140625 -0.0615234375
0.0190563201904297 -0.0236949920654297 -0.319976806640625 -0.00662231445312497
0.0351982116699219 -0.0322494506835938 -0.2034912109375 -0.286163330078125
0.057647705078125 -0.0203819274902344 0.18194580078125 -0.42669677734375
0.0408439636230469 0.0253868103027344 0.6412353515625 -0.18896484375
-0.0162754058837891 0.00782394409179688 0.59222412109375 0.54217529296875
-0.00226211547851563 -0.0652351379394531 0.00982666015624994 0.9178466796875
0.0460700988769531 -0.0422515869140625 -0.362701416015625 0.509490966796875
0.0866241455078125 -0.0242538452148437 0.103340148925781 -0.0272369384765625
0.0304374694824219 -0.0379142761230469 0.35675048828125 -0.6824951171875
0.0146331787109375 -0.018646240234375 -0.25823974609375 -0.88873291015625
0.016789436340332 0.00820255279541016 -0.76715087890625 -0.1746826171875
0.0222911834716797 -0.00913810729980469 -0.453155517578125 0.442169189453125
0.0441398620605469 -0.0317649841308594 -0.0109863281249999 0.484710693359375
0.0191917419433594 -0.0330715179443359 0.2503662109375 0.209930419921875
-0.00130653381347656 -0.0204734802246094 0.3072509765625 -0.065765380859375
0.0276355743408203 -0.0192661285400391 -0.301361083984375 0.038482666015625
0.00756072998046875 0.0194644927978516 -0.230606079101563 -0.243576049804687
0.0125217437744141 0.0268802642822266 0.08306884765625 -0.453460693359375
-0.0140628814697266 0.0288600921630859 0.5372314453125 -0.33544921875
-0.0429801940917969 0.00251388549804687 0.66229248046875 0.3433837890625
-0.0159034729003906 -0.0319938659667969 0.19964599609375 0.88311767578125
0.00372314453125 0.0376777648925781 -0.32818603515625 0.63653564453125
0.00148391723632812 0.0616607666015625 -0.0166397094726563 0.0850372314453125
0.000560760498046875 0.0381088256835938 0.41949462890625 -0.54510498046875
0.019561767578125 5.340576171875E-05 -0.0574340820312499 -0.94482421875
-0.0185070037841797 -0.00592613220214844 -0.7353515625 -0.39385986328125
-0.0351905822753906 0.00996017456054687 -0.57342529296875 0.32623291015625
0.000751495361328125 0.0203800201416016 -0.115478515625 0.485443115234375
-0.00110626220703125 0.0215167999267578 0.228836059570312 0.2542724609375
0.00613212585449219 -0.0195903778076172 0.31573486328125 -0.02435302734375
0.0223426818847656 -0.0265083312988281 -0.297210693359375 0.0389709472656251
0.00642585754394531 0.0149765014648438 -0.210861206054688 -0.246688842773438
0.0185165405273438 0.0203342437744141 0.118011474609375 -0.4453125
-0.00437545776367187 0.0254077911376953 0.5721435546875 -0.28814697265625
-0.037384033203125 0.00494003295898438 0.64166259765625 0.40985107421875
-0.0169868469238281 -0.0216560363769531 0.13079833984375 0.909912109375
-0.0126724243164063 0.050262451171875 -0.35906982421875 0.61419677734375
-0.0174293518066406 0.0669059753417969 0.00268936157226563 0.0605506896972656
-0.0135574340820312 0.0466842651367188 0.3905029296875 -0.577880859375
0.0147371292114258 0.0103473663330078 -0.132080078125 -0.9241943359375
-0.00979328155517578 0.00116539001464844 -0.75494384765625 -0.3216552734375
-0.0214366912841797 0.00704574584960937 -0.53924560546875 0.3699951171875
0.00956439971923828 0.014988899230957 -0.077911376953125 0.492584228515625
0.000279426574707033 0.0140542984008789 0.248764038085937 0.246505737304688
0.00148963928222656 -0.0240459442138672 0.32427978515625 -0.0263671875
0.0185756683349609 -0.0297222137451172 -0.29461669921875 0.034423828125
0.00950717926025391 0.00644302368164062 -0.192184448242187 -0.254562377929688
0.0292110443115234 0.00864028930664063 0.152679443359375 -0.433685302734375
0.00878715515136719 0.0226726531982422 0.60296630859375 -0.2384033203125
-0.0292301177978516 0.00864601135253907 0.6142578125 0.47589111328125
-0.0188579559326172 -0.0155696868896484 0.0614624023437501 0.92547607421875
-0.0237579345703125 0.0550880432128906 -0.3822021484375 0.57958984375
-0.0249137878417969 0.0648002624511719 0.0284271240234375 0.0349159240722656
-0.021759033203125 0.0488166809082031 0.3634033203125 -0.61126708984375
0.0124721527099609 0.017064094543457 -0.20281982421875 -0.90087890625
0.000702381134033203 0.00469064712524414 -0.769287109375 -0.24884033203125
-0.00798511505126953 0.00105524063110352 -0.4974365234375 0.410491943359375
0.0192604064941406 0.0048065185546875 -0.038482666015625 0.494476318359375
0.00305271148681641 0.00332140922546387 0.266799926757813 0.23541259765625
-0.00325584411621094 -0.0293178558349609 0.329833984375 -0.03021240234375
0.0159053802490234 -0.0326309204101563 -0.29339599609375 0.027984619140625
0.0156784057617188 -0.00393009185791016 -0.17987060546875 -0.261032104492187
0.0402412414550781 0.000362396240234375 0.180389404296875 -0.423248291015625
0.0221881866455078 0.0231208801269531 0.62554931640625 -0.1949462890625
-0.0224285125732422 0.0127239227294922 0.58709716796875 0.529052734375
-0.0201873779296875 -0.0136299133300781 0.0025024414062501 0.934814453125
-0.0276603698730469 0.0473175048828125 -0.39678955078125 0.54876708984375
-0.0217781066894531 0.0550651550292969 0.0543212890625 0.00904464721679688
-0.0231208801269531 0.0423240661621094 0.33984375 -0.6405029296875
0.0117092132568359 0.0190944671630859 -0.25433349609375 -0.8782958984375
0.0110645294189453 0.00815582275390625 -0.77191162109375 -0.18743896484375
0.00504398345947266 -0.00573062896728516 -0.46337890625 0.439117431640625
0.0282230377197266 -0.00605392456054687 -0.00836181640625001 0.4931640625
0.00561380386352539 -0.00812911987304688 0.27679443359375 0.225265502929687
-0.00654220581054688 -0.0315074920654297 0.331756591796875 -0.037445068359375
0.0149745941162109 -0.0342636108398438 -0.296295166015625 0.020263671875
0.0236301422119141 -0.0150375366210938 -0.173995971679688 -0.26898193359375
0.0513420104980469 -0.00914764404296875 0.19805908203125 -0.41552734375
0.0346908569335938 0.0250625610351563 0.639892578125 -0.16485595703125
-0.0170974731445313 0.0162200927734375 0.567626953125 0.56402587890625
-0.0198421478271484 -0.0181732177734375 -0.0345458984375 0.934814453125
-0.0201015472412109 0.0333728790283203 -0.40093994140625 0.52313232421875
-0.007659912109375 0.0399513244628906 0.0763015747070313 -0.0113143920898438
-0.0182666778564453 0.030731201171875 0.3282470703125 -0.66326904296875
0.0131769180297852 0.0170364379882813 -0.28570556640625 -0.8636474609375
0.0193920135498047 0.00923538208007813 -0.76983642578125 -0.1494140625
0.014460563659668 -0.0111560821533203 -0.43975830078125 0.456512451171875
0.0354728698730469 -0.0177688598632812 0.011627197265625 0.4893798828125
0.00862312316894531 -0.0192070007324219 0.280838012695313 0.213790893554687
-0.00849151611328125 -0.0303611755371094 0.3284912109375 -0.046173095703125
0.0146846771240234 -0.0325126647949219 -0.301849365234375 0.00958251953125
0.0293827056884766 -0.0248489379882813 -0.177627563476563 -0.275421142578125
0.0585060119628906 -0.0152778625488281 0.20330810546875 -0.41162109375
0.0425605773925781 0.0260391235351563 0.64703369140625 -0.15234375
-0.0137062072753906 0.0184135437011719 0.5604248046875 0.57763671875
-0.0155887603759766 -0.0277900695800781 -0.0457763671875 0.92901611328125
-0.00592136383056641 0.0144777297973633 -0.394683837890625 0.505279541015625
0.0148773193359375 0.0224876403808594 0.093780517578125 -0.0242996215820313
-0.00901508331298828 0.0142393112182617 0.32562255859375 -0.676025390625
0.0132951736450195 0.011113166809082 -0.2972412109375 -0.85638427734375
0.0238780975341797 0.0104084014892578 -0.7672119140625 -0.13433837890625
0.020843505859375 -0.0144805908203125 -0.429168701171875 0.46099853515625
0.0404052734375 -0.0268325805664063 0.015777587890625 0.484588623046875
0.0127239227294922 -0.0282154083251953 0.275100708007813 0.208816528320313
-0.00799751281738281 -0.0287742614746094 0.322052001953125 -0.05487060546875
0.0175914764404297 -0.0297527313232422 -0.3092041015625 -0.000732421874999944
0.0334300994873047 -0.0300121307373047 -0.185699462890625 -0.281524658203125
0.0620231628417969 -0.0186920166015625 0.202911376953125 -0.41522216796875
0.0453605651855469 0.026397705078125 0.65032958984375 -0.15338134765625
-0.0135917663574219 0.0138959884643555 0.563232421875 0.57574462890625
-0.00819778442382813 -0.0443572998046875 -0.0394897460937499 0.9249267578125
0.0187568664550781 -0.0123386383056641 -0.3812255859375 0.495758056640625
0.0468635559082031 -0.0004425048828125 0.106964111328125 -0.0340728759765625
0.0077972412109375 -0.00961875915527344 0.33056640625 -0.68780517578125
0.0132827758789062 -0.001312255859375 -0.29693603515625 -0.86016845703125
0.0227508544921875 0.00999259948730469 -0.76446533203125 -0.1314697265625
0.0232009887695313 -0.0141048431396484 -0.42462158203125 0.462249755859375
0.0438308715820313 -0.0320243835449219 0.014251708984375 0.4833984375
0.015533447265625 -0.0330867767333984 0.265777587890625 0.204513549804688
-0.00542259216308594 -0.0244922637939453 0.31402587890625 -0.061370849609375
0.0183601379394531 -0.0228805541992188 -0.318450927734375 -0.00546264648437505
0.0352592468261719 -0.0321197509765625 -0.20465087890625 -0.282470703125
0.0587959289550781 -0.0203399658203125 0.1798095703125 -0.424835205078125
0.0421028137207031 0.0263862609863281 0.63763427734375 -0.1865234375
-0.0169601440429687 0.00748252868652344 0.59130859375 0.5389404296875
-0.0031890869140625 -0.0657806396484375 0.0108032226562499 0.91217041015625
0.0458450317382813 -0.0418205261230469 -0.360809326171875 0.507568359375
0.0870513916015625 -0.0235443115234375 0.102775573730469 -0.0268096923828125
0.0304374694824219 -0.0367584228515625 0.35369873046875 -0.67987060546875
0.0146446228027344 -0.0192317962646484 -0.2598876953125 -0.88232421875
0.0161113739013672 0.00916767120361328 -0.76263427734375 -0.17315673828125
0.0214366912841797 -0.00884628295898438 -0.447998046875 0.441436767578125
0.044219970703125 -0.0320587158203125 -0.00921630859375003 0.48101806640625
0.0191440582275391 -0.0336036682128906 0.25079345703125 0.2083740234375
-0.001434326171875 -0.0193881988525391 0.305084228515625 -0.067657470703125
0.0278377532958984 -0.0213050842285156 -0.300567626953125 0.03912353515625
0.00770187377929688 0.0191173553466797 -0.23095703125 -0.24114990234375
0.0130958557128906 0.0274658203125 0.081787109375 -0.4505615234375
-0.0131816864013672 0.0280551910400391 0.53424072265625 -0.3330078125
-0.0441551208496094 0.00269317626953125 0.66046142578125 0.3428955078125
-0.0168037414550781 -0.0330238342285156 0.20098876953125 0.8778076171875
0.00384521484375 0.0373802185058594 -0.3292236328125 0.6351318359375
0.00209426879882812 0.0601730346679688 -0.0178909301757813 0.0843429565429688
0.00133132934570313 0.037933349609375 0.417144775390625 -0.543182373046875
0.020477294921875 -0.000856399536132813 -0.05615234375 -0.93927001953125
-0.0185928344726563 -0.0067291259765625 -0.73358154296875 -0.391357421875
-0.0348091125488281 0.00955009460449219 -0.57122802734375 0.323974609375
0.000238418579101563 0.0208263397216797 -0.111907958984375 0.483367919921875
-0.0007171630859375 0.0211219787597656 0.228179931640625 0.253341674804688
0.00531196594238281 -0.0198841094970703 0.3150634765625 -0.025054931640625
0.0218086242675781 -0.0259475708007812 -0.29608154296875 0.03997802734375
0.00616264343261719 0.0143203735351563 -0.21014404296875 -0.243545532226563
0.0190219879150391 0.0183753967285156 0.117523193359375 -0.44317626953125
-0.00336837768554687 0.0246562957763672 0.5689697265625 -0.28607177734375
-0.0362167358398438 0.00448226928710937 0.63690185546875 0.4085693359375
-0.0178184509277344 -0.0218524932861328 0.1309814453125 0.904541015625
-0.0120353698730469 0.0497703552246094 -0.3565673828125 0.61077880859375
-0.0161705017089844 0.0666618347167969 0.0030364990234375 0.0612411499023438
-0.0140914916992187 0.0467262268066406 0.38848876953125 -0.5743408203125
0.0148725509643555 0.0104007720947266 -0.12969970703125 -0.91949462890625
-0.0101356506347656 0.000915527343750001 -0.753173828125 -0.31903076171875
-0.0219860076904297 0.00680923461914062 -0.535980224609375 0.36944580078125
0.0103607177734375 0.0146398544311523 -0.07598876953125 0.489013671875
0.000247955322265624 0.0127525329589844 0.248153686523438 0.245513916015625
0.000804901123046874 -0.0241203308105469 0.32269287109375 -0.027435302734375
0.0187320709228516 -0.0315303802490234 -0.292877197265625 0.035614013671875
0.0107040405273438 0.00519657135009766 -0.192367553710937 -0.251434326171875
0.0295467376708984 0.00883865356445313 0.15277099609375 -0.430999755859375
0.00839424133300781 0.0224285125732422 0.59991455078125 -0.2371826171875
-0.0287723541259766 0.00871658325195312 0.61053466796875 0.47454833984375
-0.0187301635742188 -0.0151882171630859 0.0617065429687501 0.92340087890625
-0.0235939025878906 0.0534019470214844 -0.38201904296875 0.5780029296875
-0.0230979919433594 0.06463623046875 0.0275917053222656 0.0349464416503906
-0.0207138061523438 0.0487442016601562 0.36151123046875 -0.6090087890625
0.0125875473022461 0.0160503387451172 -0.2015380859375 -0.89654541015625
0.000263690948486329 0.00573921203613281 -0.76641845703125 -0.2489013671875
-0.00740480422973633 0.00123929977416992 -0.49560546875 0.408782958984375
0.0193080902099609 0.00498580932617188 -0.038055419921875 0.492889404296875
0.00277209281921387 0.00277924537658691 0.265548706054688 0.233749389648438
-0.00336647033691406 -0.0287380218505859 0.32708740234375 -0.03143310546875
0.0156726837158203 -0.0340080261230469 -0.292236328125 0.029632568359375
0.0162057876586914 -0.00505638122558594 -0.179611206054687 -0.25897216796875
0.0401458740234375 -0.00035858154296875 0.180877685546875 -0.419769287109375
0.0230770111083984 0.0231914520263672 0.62200927734375 -0.192626953125
-0.0227146148681641 0.0129165649414063 0.584228515625 0.52667236328125
-0.0212001800537109 -0.0140495300292969 0.00103759765624993 0.9300537109375
-0.0275993347167969 0.0476188659667969 -0.396209716796875 0.54681396484375
-0.0216484069824219 0.0548057556152344 0.0533256530761719 0.0100326538085938
-0.0221214294433594 0.0438613891601563 0.3397216796875 -0.63665771484375
0.0116844177246094 0.0193538665771484 -0.2529296875 -0.872802734375
0.0116910934448242 0.00785446166992188 -0.76953125 -0.18853759765625
0.00392723083496094 -0.00461530685424805 -0.458770751953125 0.43597412109375
0.0274219512939453 -0.00723457336425781 -0.00802612304687501 0.489776611328125
0.00584602355957031 -0.00793886184692383 0.276702880859375 0.222793579101563
-0.00709152221679687 -0.0305118560791016 0.3297119140625 -0.038116455078125
0.0142498016357422 -0.0346279144287109 -0.294586181640625 0.021697998046875
0.0231895446777344 -0.0150833129882813 -0.174880981445312 -0.265701293945313
0.0508155822753906 -0.00815582275390625 0.195465087890625 -0.413055419921875
0.0352020263671875 0.02532958984375 0.6378173828125 -0.1636962890625
-0.0157690048217773 0.0160799026489258 0.56500244140625 0.55938720703125
-0.0207023620605469 -0.0191802978515625 -0.03424072265625 0.92974853515625
-0.0209674835205078 0.0333366394042969 -0.40045166015625 0.519989013671875
-0.00634765625 0.0398635864257813 0.0752334594726562 -0.0111770629882812
-0.0175971984863281 0.0305500030517578 0.32830810546875 -0.6590576171875
0.0118331909179688 0.0170888900756836 -0.28399658203125 -0.86016845703125
0.0191135406494141 0.00975990295410156 -0.7667236328125 -0.1473388671875
0.0140008926391602 -0.0110664367675781 -0.43597412109375 0.45465087890625
0.0351142883300781 -0.0188674926757813 0.01177978515625 0.486480712890625
0.00930023193359375 -0.0186290740966797 0.279678344726563 0.213027954101563
-0.00860786437988281 -0.0298519134521484 0.327117919921875 -0.04534912109375
0.014739990234375 -0.0327129364013672 -0.30120849609375 0.01171875
0.028839111328125 -0.0243129730224609 -0.177032470703125 -0.273147583007813
0.0593376159667969 -0.0159645080566406 0.204254150390625 -0.409332275390625
0.0435943603515625 0.026397705078125 0.64398193359375 -0.1502685546875
-0.0129251480102539 0.0166397094726562 0.55816650390625 0.57427978515625
-0.0155773162841797 -0.0290679931640625 -0.046630859375 0.9249267578125
-0.00486087799072265 0.0127325057983398 -0.39508056640625 0.502716064453125
0.0154781341552734 0.0227031707763672 0.0922622680664063 -0.024627685546875
-0.00841140747070313 0.013331413269043 0.3255615234375 -0.6729736328125
0.0127944946289063 0.0109100341796875 -0.29412841796875 -0.8538818359375
0.0231704711914063 0.0102405548095703 -0.7630615234375 -0.1317138671875
0.0206985473632812 -0.0139446258544922 -0.42626953125 0.45947265625
0.040130615234375 -0.0264968872070313 0.01568603515625 0.483154296875
0.0126514434814453 -0.0278873443603516 0.275558471679688 0.206771850585938
-0.0088348388671875 -0.0276832580566406 0.320404052734375 -0.054962158203125
0.0167694091796875 -0.0300922393798828 -0.30859375 0.000762939453124946
0.033294677734375 -0.0295429229736328 -0.184097290039063 -0.278549194335938
0.0618743896484375 -0.0193595886230469 0.203216552734375 -0.412445068359375
0.0453872680664062 0.0267181396484375 0.64794921875 -0.1517333984375
-0.0141286849975586 0.0140361785888672 0.5604248046875 0.57586669921875
-0.00919342041015625 -0.0453948974609375 -0.03961181640625 0.92047119140625
0.0191993713378906 -0.0111713409423828 -0.381103515625 0.492706298828125
0.0475082397460937 0.00028228759765625 0.105720520019531 -0.0332794189453125
0.00834178924560547 -0.0096435546875 0.32952880859375 -0.68280029296875
0.0139083862304688 -0.00211715698242188 -0.29730224609375 -0.8580322265625
0.0233325958251953 0.0100917816162109 -0.76214599609375 -0.1318359375
0.023712158203125 -0.0135440826416016 -0.422698974609375 0.458984375
0.0428695678710938 -0.0322837829589844 0.013916015625 0.48052978515625
0.0160045623779297 -0.0333538055419922 0.265167236328125 0.202667236328125
-0.00510787963867187 -0.0234642028808594 0.312591552734375 -0.063140869140625
0.0180511474609375 -0.023956298828125 -0.316925048828125 -0.00402832031249997
0.0343360900878906 -0.0318794250488281 -0.203125 -0.279449462890625
0.0583686828613281 -0.0206565856933594 0.1796875 -0.421295166015625
0.0413246154785156 0.0244369506835937 0.635009765625 -0.18609619140625
-0.0171823501586914 0.00822067260742188 0.58892822265625 0.53662109375
-0.00172805786132813 -0.066009521484375 0.0111694335937501 0.90985107421875
0.0464897155761719 -0.0422134399414063 -0.36016845703125 0.504364013671875
0.087188720703125 -0.0240631103515625 0.100883483886719 -0.0255889892578125
0.0317192077636719 -0.0367774963378906 0.353515625 -0.67572021484375
0.0150394439697266 -0.0187129974365234 -0.2562255859375 -0.88092041015625
0.0152645111083984 0.00841712951660156 -0.759765625 -0.17352294921875
0.0220603942871094 -0.00905799865722656 -0.446380615234375 0.43817138671875
0.0427627563476563 -0.03179931640625 -0.00915527343749995 0.477447509765625
0.0194053649902344 -0.0339698791503906 0.25018310546875 0.206985473632812
-0.00165557861328125 -0.0189189910888672 0.304901123046875 -0.067596435546875
0.0280342102050781 -0.0220527648925781 -0.29913330078125 0.041351318359375
0.00815010070800781 0.0194435119628906 -0.229827880859375 -0.238815307617187
0.0128040313720703 0.0270729064941406 0.081787109375 -0.44903564453125
-0.0122165679931641 0.0285148620605469 0.533172607421875 -0.331878662109375
-0.0434188842773438 0.00263595581054687 0.658447265625 0.34259033203125
-0.0173511505126953 -0.0336132049560547 0.19842529296875 0.87774658203125
0.00400543212890625 0.0380172729492188 -0.3284912109375 0.63287353515625
0.00183486938476563 0.0610389709472656 -0.0180282592773438 0.0844268798828125
0.00144577026367188 0.0383987426757813 0.41827392578125 -0.53961181640625
0.0195903778076172 -0.00154495239257812 -0.0534057617187501 -0.93756103515625
-0.0182437896728516 -0.00560760498046875 -0.73004150390625 -0.3916015625
-0.0348148345947266 0.0107383728027344 -0.56805419921875 0.3236083984375
0.000400543212890624 0.0203914642333984 -0.11175537109375 0.48089599609375
-1.90734863281454E-06 0.0207710266113281 0.227127075195313 0.253677368164063
0.0052490234375 -0.0184745788574219 0.316131591796875 -0.025909423828125
0.0216560363769531 -0.0269203186035156 -0.294891357421875 0.041839599609375
0.007110595703125 0.0148191452026367 -0.209808349609375 -0.241119384765625
0.0195980072021484 0.0184307098388672 0.116943359375 -0.4403076171875
-0.003204345703125 0.025146484375 0.56732177734375 -0.2855224609375
-0.0362091064453125 0.0041351318359375 0.63665771484375 0.40838623046875
-0.0174713134765625 -0.0226726531982422 0.13055419921875 0.90216064453125
-0.01141357421875 0.0511245727539063 -0.358154296875 0.60919189453125
-0.0149688720703125 0.0664253234863281 0.00211715698242187 0.0614204406738281
-0.0134353637695313 0.047393798828125 0.38873291015625 -0.57244873046875
0.0150871276855469 0.0099639892578125 -0.1282958984375 -0.91778564453125
-0.010310173034668 0.000199317932128908 -0.75030517578125 -0.31982421875
-0.0226287841796875 0.00766754150390624 -0.533660888671875 0.36700439453125
0.00954627990722656 0.0147037506103516 -0.07666015625 0.487518310546875
0.000705718994140624 0.0129566192626953 0.246749877929688 0.244827270507812
0.000780105590820313 -0.0238571166992188 0.322509765625 -0.0269775390625
0.0194549560546875 -0.0299472808837891 -0.2926025390625 0.0364990234375
0.0103063583374023 0.00489425659179688 -0.191574096679688 -0.24932861328125
0.0290012359619141 0.00977325439453125 0.15234375 -0.428802490234375
0.00915718078613281 0.0227031707763672 0.59912109375 -0.23565673828125
-0.0288181304931641 0.00889205932617187 0.60919189453125 0.473876953125
-0.019287109375 -0.0162239074707031 0.060791015625 0.9202880859375
-0.0233345031738281 0.0533638000488281 -0.38299560546875 0.57666015625
-0.0244369506835937 0.0647048950195313 0.026611328125 0.0345783233642578
-0.0204849243164062 0.0485038757324219 0.36138916015625 -0.60467529296875
0.0131053924560547 0.0171184539794922 -0.1983642578125 -0.8955078125
0.000954151153564453 0.00485467910766602 -0.7642822265625 -0.24603271484375
-0.00793838500976563 0.00197029113769531 -0.492706298828125 0.4073486328125
0.0192890167236328 0.00452423095703125 -0.03607177734375 0.48968505859375
0.00371050834655762 0.00317978858947754 0.264846801757813 0.232574462890625
-0.0044708251953125 -0.0285701751708984 0.32830810546875 -0.031402587890625
0.0152015686035156 -0.0329418182373047 -0.2919921875 0.0301818847656251
0.0159883499145508 -0.00493335723876953 -0.178756713867188 -0.257247924804687
0.0399894714355469 -0.0008697509765625 0.179412841796875 -0.416900634765625
0.0230979919433594 0.02386474609375 0.620849609375 -0.19012451171875
-0.0220451354980469 0.012969970703125 0.5836181640625 0.5264892578125
-0.0220966339111328 -0.0138778686523438 -0.000488281250000073 0.92767333984375
-0.0253677368164062 0.0472488403320313 -0.397247314453125 0.54559326171875
-0.0202827453613281 0.0550003051757813 0.0512962341308594 0.00986480712890625
-0.0221099853515625 0.0437774658203125 0.33892822265625 -0.63189697265625
0.0122108459472656 0.0187778472900391 -0.24957275390625 -0.87237548828125
0.0117921829223633 0.00733470916748047 -0.7657470703125 -0.1873779296875
0.00398445129394531 -0.00503730773925781 -0.45751953125 0.43463134765625
0.0279312133789063 -0.00774383544921875 -0.00747680664062505 0.4871826171875
0.00603103637695313 -0.00900936126708984 0.275863647460937 0.222381591796875
-0.00763893127441406 -0.0299072265625 0.329803466796875 -0.038543701171875
0.0152397155761719 -0.0352096557617187 -0.295013427734375 0.021270751953125
0.0225543975830078 -0.0149040222167969 -0.174148559570313 -0.264068603515625
0.0515289306640625 -0.00860977172851563 0.197296142578125 -0.411224365234375
0.0351200103759766 0.0244941711425781 0.6365966796875 -0.16131591796875
-0.0166797637939453 0.0164766311645508 0.5633544921875 0.56072998046875
-0.0200099945068359 -0.0188426971435547 -0.0362548828125001 0.927490234375
-0.0204620361328125 0.0320186614990234 -0.399993896484375 0.517913818359375
-0.00621414184570312 0.0393180847167969 0.0745086669921875 -0.0108489990234375
-0.016693115234375 0.0312862396240234 0.32611083984375 -0.6546630859375
0.0122480392456055 0.0173768997192383 -0.28289794921875 -0.85906982421875
0.0197830200195313 0.008941650390625 -0.76385498046875 -0.14862060546875
0.0144453048706055 -0.0103425979614258 -0.434844970703125 0.453277587890625
0.0352973937988281 -0.0189285278320313 0.011871337890625 0.484954833984375
0.00959968566894531 -0.0191097259521484 0.279312133789063 0.212371826171875
-0.0088043212890625 -0.0295200347900391 0.32757568359375 -0.047698974609375
0.0152549743652344 -0.0338058471679688 -0.30010986328125 0.01287841796875
0.0301494598388672 -0.0240440368652344 -0.176101684570313 -0.269500732421875
0.0585594177246094 -0.0156211853027344 0.20367431640625 -0.408660888671875
0.0439529418945312 0.026123046875 0.64337158203125 -0.14947509765625
-0.012786865234375 0.0176258087158203 0.55780029296875 0.57391357421875
-0.0152339935302734 -0.02874755859375 -0.0472412109375001 0.9228515625
-0.00533866882324219 0.0134153366088867 -0.39410400390625 0.501312255859375
0.0158634185791016 0.0218772888183594 0.0914077758789063 -0.023162841796875
-0.00656604766845703 0.0146045684814453 0.32708740234375 -0.66839599609375
0.0130748748779297 0.0100269317626953 -0.291015625 -0.8524169921875
0.0249481201171875 0.0101432800292969 -0.7620849609375 -0.1337890625
0.0217819213867188 -0.0132713317871094 -0.4227294921875 0.457855224609375
0.0394363403320312 -0.0273284912109375 0.0169677734375 0.4810791015625
0.0136089324951172 -0.0275611877441406 0.274383544921875 0.207443237304687
-0.00768280029296875 -0.0271644592285156 0.32098388671875 -0.055633544921875
0.0168704986572266 -0.0295562744140625 -0.307769775390625 0.00207519531249998
0.0342483520507813 -0.0303535461425781 -0.184463500976562 -0.275680541992188
0.0618133544921875 -0.0189971923828125 0.201629638671875 -0.41021728515625
0.046478271484375 0.0263023376464844 0.64569091796875 -0.15234375
-0.0135841369628906 0.0138483047485352 0.55938720703125 0.57513427734375
-0.00932693481445313 -0.0455474853515625 -0.0414428710937499 0.916748046875
0.0187568664550781 -0.0117721557617187 -0.380950927734375 0.49114990234375
0.0483932495117188 0.000904083251953125 0.104110717773437 -0.0333023071289063
0.00888538360595703 -0.00877761840820313 0.328125 -0.67987060546875
0.0136299133300781 -0.00142955780029297 -0.293701171875 -0.85595703125
0.0233478546142578 0.0105571746826172 -0.760009765625 -0.13226318359375
0.02337646484375 -0.0134410858154297 -0.42059326171875 0.458770751953125
0.0429878234863281 -0.0319480895996094 0.013671875 0.47918701171875
0.0162773132324219 -0.0330142974853516 0.263702392578125 0.202102661132813
-0.00575065612792969 -0.0230941772460938 0.3126220703125 -0.062896728515625
0.0184173583984375 -0.0241794586181641 -0.316070556640625 -0.00363159179687504
0.0345191955566406 -0.0325870513916016 -0.202301025390625 -0.277740478515625
0.05804443359375 -0.0204620361328125 0.17889404296875 -0.41925048828125
0.0428962707519531 0.0243606567382812 0.6334228515625 -0.185791015625
-0.016265869140625 0.00752544403076172 0.58734130859375 0.53729248046875
-0.00405120849609375 -0.0666885375976562 0.00952148437499998 0.9061279296875
0.0459098815917969 -0.0415382385253906 -0.3594970703125 0.502471923828125
0.0872955322265625 -0.0236892700195313 0.0998458862304688 -0.0240707397460938
0.0322990417480469 -0.0371055603027344 0.35357666015625 -0.67364501953125
0.0159378051757813 -0.0186481475830078 -0.25518798828125 -0.880615234375
0.0160083770751953 0.00853061676025391 -0.756103515625 -0.17303466796875
0.0212802886962891 -0.00827217102050781 -0.445037841796875 0.437408447265625
0.0427970886230469 -0.031890869140625 -0.00643920898437505 0.476654052734375
0.0189990997314453 -0.0342731475830078 0.249099731445313 0.20660400390625
-0.00314712524414063 -0.0177745819091797 0.304656982421875 -0.0673828125
0.0279369354248047 -0.0218906402587891 -0.298736572265625 0.0415954589843749
0.00805473327636719 0.0194587707519531 -0.229721069335938 -0.237045288085938
0.0123062133789063 0.0260219573974609 0.081512451171875 -0.44647216796875
-0.0126018524169922 0.0279083251953125 0.534515380859375 -0.33056640625
-0.0418243408203125 0.00276184082031249 0.657958984375 0.34478759765625
-0.0171623229980469 -0.0339202880859375 0.19659423828125 0.8765869140625
0.00342559814453125 0.0387420654296875 -0.330078125 0.6318359375
0.00242233276367188 0.0608787536621094 -0.0192108154296875 0.0840530395507813
0.00165939331054688 0.0394096374511719 0.418304443359375 -0.538726806640625
0.0194931030273438 -0.000822067260742188 -0.0518798828124999 -0.93768310546875
-0.0187854766845703 -0.00638198852539063 -0.72808837890625 -0.39276123046875
-0.0349864959716797 0.0108604431152344 -0.567626953125 0.3231201171875
0.000255584716796875 0.0205783843994141 -0.112030029296875 0.48052978515625
-0.000535964965820313 0.0206737518310547 0.227737426757813 0.252960205078125
0.00437736511230469 -0.0185031890869141 0.314483642578125 -0.026092529296875
0.0223331451416016 -0.0267791748046875 -0.294342041015625 0.0416259765625
0.00655460357666016 0.0135526657104492 -0.209243774414062 -0.241058349609375
0.0195636749267578 0.0190029144287109 0.11810302734375 -0.43865966796875
-0.00288772583007813 0.0251407623291016 0.5667724609375 -0.28399658203125
-0.0370292663574219 0.00464630126953124 0.6348876953125 0.4110107421875
-0.0188446044921875 -0.0247306823730469 0.12823486328125 0.90185546875
-0.0114059448242187 0.0503158569335937 -0.3590087890625 0.60833740234375
-0.015533447265625 0.0666427612304687 0.000522613525390618 0.0605888366699219
-0.0124664306640625 0.0476875305175781 0.38916015625 -0.570068359375
0.0152406692504883 0.00998115539550781 -0.12579345703125 -0.9166259765625
-0.0107297897338867 0.000329971313476564 -0.74908447265625 -0.32098388671875
-0.0221042633056641 0.0071563720703125 -0.533111572265625 0.367218017578125
0.00893115997314453 0.0142698287963867 -0.074066162109375 0.486083984375
0.00105667114257812 0.0125703811645508 0.247406005859375 0.244308471679688
-0.000307083129882811 -0.02276611328125 0.3226318359375 -0.02734375
0.0182991027832031 -0.0298976898193359 -0.291015625 0.037109375
0.00974655151367188 0.00599002838134766 -0.190750122070313 -0.248367309570313
0.0292587280273438 0.00935173034667969 0.15155029296875 -0.427642822265625
0.00990104675292969 0.0231819152832031 0.597412109375 -0.23358154296875
-0.029296875 0.00828170776367188 0.60791015625 0.4759521484375
-0.0206165313720703 -0.0166339874267578 0.058349609375 0.9185791015625
-0.0224494934082031 0.0539436340332031 -0.384765625 0.575927734375
-0.0233802795410156 0.0645561218261719 0.0252952575683594 0.0347785949707031
-0.0199737548828125 0.0492668151855469 0.36163330078125 -0.60272216796875
0.0124626159667969 0.0173377990722656 -0.19659423828125 -0.89520263671875
0.00101804733276367 0.00453567504882813 -0.76123046875 -0.24737548828125
-0.00814199447631836 0.00195074081420898 -0.49365234375 0.40576171875
0.0189456939697266 0.00430488586425781 -0.03656005859375 0.488372802734375
0.00368475914001465 0.00202131271362305 0.26568603515625 0.233261108398438
-0.0045166015625 -0.0278816223144531 0.32806396484375 -0.031494140625
0.01544189453125 -0.0347080230712891 -0.2913818359375 0.031494140625
0.0167341232299805 -0.00540733337402344 -0.178924560546875 -0.25567626953125
0.0405197143554688 -0.00028228759765625 0.179534912109375 -0.416046142578125
0.0237312316894531 0.0237560272216797 0.620361328125 -0.188720703125
-0.0231952667236328 0.0123233795166016 0.5797119140625 0.52587890625
-0.0223884582519531 -0.0145473480224609 -0.00183105468750002 0.9261474609375
-0.0259666442871094 0.0469551086425781 -0.399993896484375 0.54449462890625
-0.0197715759277344 0.0549430847167969 0.0509414672851563 0.010009765625
-0.0212860107421875 0.0427284240722656 0.34033203125 -0.63165283203125
0.0125694274902344 0.0186691284179688 -0.24847412109375 -0.8717041015625
0.0114650726318359 0.00794792175292969 -0.76519775390625 -0.18792724609375
0.0042870044708252 -0.00322842597961426 -0.458984375 0.435699462890625
0.0287361145019531 -0.00616073608398438 -0.00631713867187496 0.487060546875
0.00583839416503906 -0.00855112075805664 0.274505615234375 0.222686767578125
-0.00757789611816407 -0.0290756225585938 0.330535888671875 -0.037994384765625
0.0147304534912109 -0.0347156524658203 -0.2939453125 0.0224609375
0.0227699279785156 -0.0151615142822266 -0.174575805664063 -0.262481689453125
0.0515670776367188 -0.0090789794921875 0.19757080078125 -0.409820556640625
0.0357742309570313 0.02423095703125 0.63507080078125 -0.16168212890625
-0.0174894332885742 0.0157384872436523 0.561431884765625 0.56103515625
-0.0205268859863281 -0.0196971893310547 -0.0384521484375 0.92596435546875
-0.0195350646972656 0.0330963134765625 -0.400726318359375 0.516937255859375
-0.00669097900390625 0.0403518676757813 0.0736541748046875 -0.00945281982421875
-0.0174083709716797 0.0317230224609375 0.32806396484375 -0.65557861328125
0.0127973556518555 0.0160531997680664 -0.27911376953125 -0.85845947265625
0.0202560424804688 0.00939369201660156 -0.76287841796875 -0.15081787109375
0.0146932601928711 -0.0105953216552734 -0.4342041015625 0.451568603515625
0.0352401733398437 -0.0195655822753906 0.01190185546875 0.483612060546875
0.00974273681640625 -0.0200023651123047 0.27789306640625 0.213302612304688
-0.0104045867919922 -0.0286102294921875 0.3271484375 -0.04705810546875
0.0147132873535156 -0.0345668792724609 -0.2994384765625 0.013580322265625
0.0296287536621094 -0.0249366760253906 -0.17584228515625 -0.2696533203125
0.0599899291992188 -0.0153732299804688 0.203826904296875 -0.4071044921875
0.0447540283203125 0.0253143310546875 0.64251708984375 -0.14776611328125
-0.0136318206787109 0.0177288055419922 0.55682373046875 0.57586669921875
-0.0162944793701172 -0.0294246673583984 -0.0477905273437501 0.9215087890625
-0.00470829010009766 0.0138654708862305 -0.395538330078125 0.5003662109375
0.0159320831298828 0.0222301483154297 0.0916061401367187 -0.022552490234375
-0.00775718688964844 0.0157375335693359 0.3267822265625 -0.6676025390625
0.0137176513671875 0.0102930068969727 -0.290771484375 -0.85321044921875
0.0236320495605469 0.0104541778564453 -0.76080322265625 -0.1357421875
0.0216197967529297 -0.0130443572998047 -0.4234619140625 0.45562744140625
0.039886474609375 -0.0280189514160156 0.016448974609375 0.47882080078125
0.0125217437744141 -0.0282459259033203 0.273880004882812 0.207061767578125
-0.00977897644042969 -0.0270347595214844 0.32110595703125 -0.054931640625
0.0161037445068359 -0.0296440124511719 -0.308013916015625 0.00390625000000003
0.0342578887939453 -0.0295963287353516 -0.183547973632812 -0.274154663085938
0.0627937316894531 -0.0195541381835938 0.201324462890625 -0.408294677734375
0.0471305847167969 0.0264091491699219 0.64532470703125 -0.14892578125
-0.0131635665893555 0.0130815505981445 0.5576171875 0.5753173828125
-0.00886917114257812 -0.0460319519042969 -0.0421142578125 0.91583251953125
0.0186061859130859 -0.0109767913818359 -0.3812255859375 0.489501953125
0.0476264953613281 -0.0001983642578125 0.102836608886719 -0.0323410034179688
0.00911045074462891 -0.00828075408935547 0.330810546875 -0.67822265625
0.0145149230957031 -0.00110244750976562 -0.2901611328125 -0.85772705078125
0.0234031677246094 0.00991630554199219 -0.75872802734375 -0.1336669921875
0.0235214233398438 -0.0134181976318359 -0.42108154296875 0.457763671875
0.0417213439941406 -0.0333518981933594 0.015472412109375 0.47589111328125
0.0161991119384766 -0.0330257415771484 0.264923095703125 0.202850341796875
-0.00575065612792969 -0.0221271514892578 0.31219482421875 -0.064208984375
0.0180416107177734 -0.0236434936523438 -0.316192626953125 -0.00210571289062502
0.0344886779785156 -0.0328350067138672 -0.200942993164063 -0.276046752929688
0.0592613220214844 -0.0199356079101563 0.1796875 -0.417724609375
0.0426483154296875 0.0240592956542969 0.6331787109375 -0.1851806640625
-0.015899658203125 0.00679111480712891 0.58575439453125 0.5380859375
-0.00290298461914062 -0.0664558410644531 0.00781250000000008 0.90496826171875
0.0470733642578125 -0.0412826538085937 -0.36083984375 0.50341796875
0.0882568359375 -0.0224761962890625 0.0992050170898437 -0.0243148803710938
0.0330429077148438 -0.0356178283691406 0.35321044921875 -0.67108154296875
0.0161819458007813 -0.0187664031982422 -0.25164794921875 -0.8809814453125
0.016301155090332 0.00867748260498047 -0.75567626953125 -0.17437744140625
0.0220451354980469 -0.007659912109375 -0.444427490234375 0.43585205078125
0.042144775390625 -0.0327072143554688 -0.00927734374999995 0.474822998046875
0.0198516845703125 -0.0343742370605469 0.249435424804688 0.20648193359375
-0.0032958984375 -0.0174522399902344 0.30401611328125 -0.067169189453125
0.0276241302490234 -0.0230579376220703 -0.29833984375 0.041656494140625
0.00798225402832032 0.0187301635742188 -0.228515625 -0.236953735351562
0.0138492584228516 0.0269622802734375 0.081939697265625 -0.44512939453125
-0.0122165679931641 0.0280075073242188 0.53460693359375 -0.329071044921875
-0.0430068969726563 0.00237274169921875 0.65887451171875 0.34698486328125
-0.0172805786132813 -0.0344619750976563 0.193359375 0.87884521484375
0.00500106811523437 0.0375099182128906 -0.3316650390625 0.6328125
0.00305175781249999 0.0620002746582031 -0.01922607421875 0.0845413208007813
0.000453948974609372 0.0396041870117187 0.420562744140625 -0.538330078125
0.0206890106201172 -0.000368118286132813 -0.0498046875 -0.93927001953125
-0.0188388824462891 -0.0068206787109375 -0.72900390625 -0.392822265625
-0.03509521484375 0.0116615295410156 -0.56878662109375 0.322998046875
-0.000455856323242188 0.0200042724609375 -0.110931396484375 0.480743408203125
4.19616699218757E-05 0.0193767547607422 0.2269287109375 0.253585815429688
0.004364013671875 -0.0179481506347656 0.316375732421875 -0.02630615234375
0.0218601226806641 -0.0280876159667969 -0.294189453125 0.04339599609375
0.00769996643066406 0.0146026611328125 -0.208526611328125 -0.2393798828125
0.0193843841552734 0.0191268920898438 0.1187744140625 -0.437713623046875
-0.0028076171875 0.0250053405761719 0.56842041015625 -0.28271484375
-0.03643798828125 0.00457382202148437 0.6356201171875 0.41302490234375
-0.0193061828613281 -0.0243740081787109 0.12786865234375 0.90185546875
-0.0115699768066406 0.0510520935058594 -0.362548828125 0.60736083984375
-0.0151176452636719 0.0660552978515625 0.000171661376953129 0.0615692138671875
-0.0129127502441406 0.0488052368164063 0.390869140625 -0.56890869140625
0.0149755477905273 0.00937843322753906 -0.12359619140625 -0.91949462890625
-0.00954437255859375 0.000452995300292967 -0.74810791015625 -0.3211669921875
-0.0222301483154297 0.00860595703125 -0.533660888671875 0.366851806640625
0.00893783569335938 0.0135459899902344 -0.0753173828125 0.485992431640625
0.001495361328125 0.0116405487060547 0.247039794921875 0.244155883789063
-0.000400543212890625 -0.0236015319824219 0.323455810546875 -0.0289306640625
0.0177059173583984 -0.0316886901855469 -0.2918701171875 0.039947509765625
0.0109167098999023 0.00540065765380859 -0.190658569335938 -0.248245239257812
0.0297966003417969 0.0098114013671875 0.15277099609375 -0.42626953125
0.00983047485351563 0.0231781005859375 0.59942626953125 -0.232177734375
-0.0292911529541016 0.00780868530273437 0.608154296875 0.47760009765625
-0.0216770172119141 -0.01678466796875 0.0565795898437501 0.91949462890625
-0.0223960876464844 0.0530776977539063 -0.38641357421875 0.5750732421875
-0.0226974487304687 0.0645637512207031 0.0247211456298828 0.0350570678710938
-0.0198631286621094 0.0497894287109375 0.36322021484375 -0.6011962890625
0.0134611129760742 0.0165815353393555 -0.1932373046875 -0.8963623046875
0.00116634368896484 0.00517082214355469 -0.7607421875 -0.2496337890625
-0.00882911682128906 0.0025320053100586 -0.49383544921875 0.405975341796875
0.0185699462890625 0.00401496887207031 -0.035980224609375 0.488250732421875
0.0041966438293457 0.00292277336120605 0.265411376953125 0.2340087890625
-0.00495529174804688 -0.026641845703125 0.328582763671875 -0.03173828125
0.0145435333251953 -0.0339298248291016 -0.2918701171875 0.032012939453125
0.0169811248779297 -0.00443744659423828 -0.178878784179688 -0.254623413085937
0.0419464111328125 -0.00101470947265625 0.179931640625 -0.41680908203125
0.0232009887695313 0.0226879119873047 0.6229248046875 -0.1883544921875
-0.0228614807128906 0.01287841796875 0.58245849609375 0.52874755859375
-0.0217800140380859 -0.01580810546875 -0.0040283203124999 0.92681884765625
-0.0264434814453125 0.0473594665527344 -0.398590087890625 0.542938232421875
-0.0185813903808594 0.0559005737304688 0.0508995056152344 0.0109176635742188
-0.0207290649414063 0.0447998046875 0.3408203125 -0.63043212890625
0.0122718811035156 0.0193538665771484 -0.24603271484375 -0.87420654296875
0.0105094909667969 0.00724029541015625 -0.764892578125 -0.1890869140625
0.00434279441833496 -0.00384187698364258 -0.45806884765625 0.43560791015625
0.0277385711669922 -0.00765228271484375 -0.00640869140625001 0.48724365234375
0.00597524642944336 -0.00864887237548828 0.275527954101563 0.221939086914063
-0.00798797607421875 -0.0285854339599609 0.329864501953125 -0.0394287109375
0.0140438079833984 -0.0340480804443359 -0.29388427734375 0.022613525390625
0.0222339630126953 -0.0157451629638672 -0.173904418945313 -0.261154174804687
0.0526924133300781 -0.0086669921875 0.197601318359375 -0.408477783203125
0.0363388061523438 0.0245018005371094 0.63677978515625 -0.15875244140625
-0.0169258117675781 0.0155401229858398 0.56304931640625 0.56280517578125
-0.0213642120361328 -0.019378662109375 -0.0397949218749999 0.926513671875
-0.0194911956787109 0.0338764190673828 -0.404052734375 0.51849365234375
-0.00605010986328125 0.0407028198242188 0.0721588134765625 -0.0095367431640625
-0.0159568786621094 0.0319881439208984 0.33001708984375 -0.6534423828125
0.0134096145629883 0.0157041549682617 -0.278564453125 -0.8602294921875
0.0192413330078125 0.00973892211914062 -0.76220703125 -0.1510009765625
0.0143680572509766 -0.0101413726806641 -0.436065673828125 0.451904296875
0.0350856781005859 -0.0199604034423828 0.011962890625 0.483062744140625
0.00938796997070313 -0.0200176239013672 0.279525756835938 0.212982177734375
-0.00914192199707031 -0.028961181640625 0.328125 -0.0477294921875
0.0156707763671875 -0.0342521667480469 -0.299285888671875 0.014068603515625
0.0298690795898437 -0.0252895355224609 -0.175949096679688 -0.268661499023437
0.060516357421875 -0.0161056518554688 0.205108642578125 -0.407257080078125
0.0446319580078125 0.0248603820800781 0.64447021484375 -0.14739990234375
-0.0132083892822266 0.0173797607421875 0.55535888671875 0.577880859375
-0.0180454254150391 -0.0293407440185547 -0.0507812499999999 0.92236328125
-0.00467586517333984 0.0138349533081055 -0.39666748046875 0.50030517578125
0.0162639617919922 0.0223960876464844 0.0891036987304688 -0.0224838256835938
-0.00731754302978516 0.0156879425048828 0.32965087890625 -0.666748046875
0.0132932662963867 0.011260986328125 -0.28814697265625 -0.85443115234375
0.023895263671875 0.00975418090820313 -0.76129150390625 -0.135986328125
0.0204544067382813 -0.0129356384277344 -0.42431640625 0.457061767578125
0.03961181640625 -0.0287666320800781 0.016845703125 0.478668212890625
0.0129718780517578 -0.0283317565917969 0.2738037109375 0.20623779296875
-0.00850677490234375 -0.0268287658691406 0.322265625 -0.05548095703125
0.0169754028320313 -0.0307540893554688 -0.307891845703125 0.005096435546875
0.0343799591064453 -0.0301704406738281 -0.1842041015625 -0.273284912109375
0.0631256103515625 -0.0203437805175781 0.203460693359375 -0.408172607421875
0.0477371215820313 0.0263175964355469 0.64813232421875 -0.14923095703125
-0.013728141784668 0.0136709213256836 0.5595703125 0.57666015625
-0.0106239318847656 -0.0457191467285156 -0.04498291015625 0.9151611328125
0.0189113616943359 -0.0104465484619141 -0.3839111328125 0.4912109375
0.0493583679199219 1.1444091796875E-05 0.10284423828125 -0.0303802490234375
0.0100564956665039 -0.00840377807617188 0.333251953125 -0.678466796875
0.0137176513671875 -0.00170230865478516 -0.28985595703125 -0.85760498046875
0.0232868194580078 0.00901031494140625 -0.7589111328125 -0.1346435546875
0.0236225128173828 -0.0117816925048828 -0.421142578125 0.457427978515625
0.0427093505859375 -0.0330543518066406 0.01434326171875 0.4783935546875
0.0159435272216797 -0.03289794921875 0.264678955078125 0.203231811523438
-0.00589752197265625 -0.022735595703125 0.31353759765625 -0.06353759765625
0.0180149078369141 -0.0234794616699219 -0.316619873046875 -0.00201416015624999
0.0343589782714844 -0.0326881408691406 -0.202011108398438 -0.276123046875
0.059234619140625 -0.021453857421875 0.181488037109375 -0.41827392578125
0.0439262390136719 0.0245742797851563 0.633056640625 -0.18243408203125
-0.0168628692626953 0.00748538970947266 0.5859375 0.5390625
-0.0040130615234375 -0.0672492980957031 0.00720214843750001 0.90557861328125
0.04705810546875 -0.0408058166503906 -0.3634033203125 0.50372314453125
0.0889816284179687 -0.0237503051757813 0.09820556640625 -0.023040771484375
0.0337028503417969 -0.0353469848632813 0.35614013671875 -0.6697998046875
0.016387939453125 -0.0190334320068359 -0.24981689453125 -0.882568359375
0.0168218612670898 0.00896739959716797 -0.755859375 -0.1746826171875
0.0228481292724609 -0.00832176208496094 -0.4447021484375 0.436614990234375
0.0426559448242188 -0.0327911376953125 -0.00836181640625005 0.474853515625
0.0187301635742188 -0.0347003936767578 0.249298095703125 0.207122802734375
-0.00271320343017578 -0.0167503356933594 0.3045654296875 -0.068634033203125
0.0273075103759766 -0.0225296020507813 -0.29937744140625 0.04150390625
0.0079345703125 0.0178279876708984 -0.229995727539062 -0.237091064453125
0.0138092041015625 0.0275859832763672 0.08331298828125 -0.445404052734375
-0.0121822357177734 0.0278968811035156 0.536376953125 -0.3304443359375
-0.0439796447753906 0.00124359130859374 0.6593017578125 0.3485107421875
-0.0197620391845703 -0.0350227355957031 0.19342041015625 0.8807373046875
0.00508880615234375 0.0384063720703125 -0.3355712890625 0.63360595703125
0.00339126586914062 0.0624732971191406 -0.0214996337890625 0.0835494995117188
0.00193405151367187 0.0397300720214844 0.421142578125 -0.536529541015625
0.0210952758789063 -0.000972747802734375 -0.0452880859375 -0.94183349609375
-0.0196781158447266 -0.00595664978027344 -0.7283935546875 -0.3944091796875
-0.0344657897949219 0.0121650695800781 -0.57049560546875 0.3228759765625
0.000904083251953125 0.0184860229492188 -0.1107177734375 0.480377197265625
0.000267028808593751 0.0199775695800781 0.228195190429688 0.254013061523438
0.00359344482421875 -0.0178451538085937 0.31640625 -0.02734375
0.0215511322021484 -0.0281467437744141 -0.295440673828125 0.0426025390625
0.00748157501220703 0.0142326354980469 -0.20806884765625 -0.23883056640625
0.0197067260742188 0.0196208953857422 0.118316650390625 -0.437835693359375
-0.00248527526855469 0.0241756439208984 0.57061767578125 -0.28253173828125
-0.0367393493652344 0.00357818603515625 0.636474609375 0.415283203125
-0.0203914642333984 -0.0248432159423828 0.12481689453125 0.905517578125
-0.0108184814453125 0.0509567260742187 -0.36456298828125 0.6114501953125
-0.0134849548339844 0.0674324035644531 -0.000732421874999998 0.0621261596679688
-0.0124855041503906 0.0494499206542969 0.39373779296875 -0.57061767578125
0.0171165466308594 0.00995826721191406 -0.1204833984375 -0.92230224609375
-0.00904750823974609 0.000732421875000001 -0.750244140625 -0.3253173828125
-0.0222988128662109 0.00805854797363281 -0.534637451171875 0.366180419921875
0.00872802734375 0.0131025314331055 -0.075042724609375 0.487884521484375
0.00222969055175781 0.0130062103271484 0.248123168945313 0.245773315429688
-0.00078582763671875 -0.0222377777099609 0.326141357421875 -0.027587890625
0.017730712890625 -0.0327129364013672 -0.292572021484375 0.0404357910156251
0.0112457275390625 0.00544548034667969 -0.191558837890625 -0.246963500976563
0.0301761627197266 0.0108070373535156 0.15386962890625 -0.42742919921875
0.0106773376464844 0.0238170623779297 0.60150146484375 -0.23321533203125
-0.0285930633544922 0.00847244262695313 0.60919189453125 0.47894287109375
-0.0225009918212891 -0.0182228088378906 0.054443359375 0.921875
-0.0223274230957031 0.0532684326171875 -0.38800048828125 0.5762939453125
-0.0231208801269531 0.0649833679199219 0.0232048034667969 0.0353546142578125
-0.0189971923828125 0.0491561889648437 0.36688232421875 -0.60394287109375
0.0142192840576172 0.0165920257568359 -0.1922607421875 -0.89990234375
0.000980377197265625 0.00521659851074219 -0.762451171875 -0.251220703125
-0.00958347320556641 0.00285053253173828 -0.49444580078125 0.405120849609375
0.0189571380615234 0.00411605834960938 -0.036407470703125 0.489410400390625
0.00396108627319336 0.00203084945678711 0.265365600585938 0.233474731445313
-0.0045623779296875 -0.0266056060791016 0.330657958984375 -0.032012939453125
0.0163555145263672 -0.0347023010253906 -0.292144775390625 0.032684326171875
0.0170660018920898 -0.00571632385253906 -0.18035888671875 -0.254119873046875
0.0418243408203125 -0.00111007690429688 0.181549072265625 -0.414642333984375
0.0252017974853516 0.0222377777099609 0.6229248046875 -0.188232421875
-0.0225963592529297 0.0120525360107422 0.58367919921875 0.5323486328125
-0.0247631072998047 -0.0165081024169922 -0.00622558593749999 0.92816162109375
-0.0251693725585938 0.0469779968261719 -0.40399169921875 0.54461669921875
-0.0203819274902344 0.0554695129394531 0.0499496459960938 0.0112495422363281
-0.0199623107910156 0.0434112548828125 0.34405517578125 -0.63189697265625
0.0120124816894531 0.0182037353515625 -0.24432373046875 -0.87725830078125
0.0118885040283203 0.00757408142089844 -0.76446533203125 -0.19097900390625
0.005157470703125 -0.00330448150634766 -0.458831787109375 0.433502197265625
0.0280838012695312 -0.00893974304199219 -0.00506591796875003 0.48785400390625
0.00717353820800781 -0.00983524322509766 0.276641845703125 0.222854614257813
-0.00788116455078125 -0.0276298522949219 0.333038330078125 -0.03961181640625
0.0143356323242187 -0.0356941223144531 -0.294830322265625 0.02386474609375
0.0240612030029297 -0.0167369842529297 -0.174163818359375 -0.262176513671875
0.0537796020507812 -0.00887298583984375 0.19873046875 -0.408905029296875
0.0362586975097656 0.0236549377441406 0.63848876953125 -0.1583251953125
-0.0182209014892578 0.0150623321533203 0.564453125 0.5673828125
-0.0216560363769531 -0.0203132629394531 -0.0415649414062501 0.92730712890625
-0.01904296875 0.0339145660400391 -0.405517578125 0.518310546875
-0.00589752197265625 0.0397911071777344 0.07275390625 -0.00740814208984375
-0.0166301727294922 0.0336894989013672 0.33209228515625 -0.65234375
0.0124969482421875 0.0176029205322266 -0.276611328125 -0.8612060546875
0.0193634033203125 0.00937461853027344 -0.76348876953125 -0.15301513671875
0.0140666961669922 -0.00969123840332031 -0.435821533203125 0.45245361328125
0.0361480712890625 -0.0190887451171875 0.0126953125 0.485015869140625
0.00899887084960938 -0.0196475982666016 0.279205322265625 0.212356567382812
-0.0105457305908203 -0.0290126800537109 0.329437255859375 -0.047943115234375
0.0143146514892578 -0.0337276458740234 -0.29925537109375 0.01470947265625
0.0280628204345703 -0.0237388610839844 -0.176559448242188 -0.26800537109375
0.0601272583007813 -0.0158653259277344 0.20635986328125 -0.40655517578125
0.0448722839355469 0.0256538391113281 0.64691162109375 -0.146728515625
-0.0132837295532227 0.0157814025878906 0.55596923828125 0.5789794921875
-0.0172767639160156 -0.0289821624755859 -0.0529174804687501 0.925048828125
-0.00457286834716797 0.014164924621582 -0.399993896484375 0.501190185546875
0.0172576904296875 0.0212879180908203 0.0885543823242188 -0.0215530395507813
-0.00594425201416016 0.015620231628418 0.330078125 -0.66796875
0.0144071578979492 0.0104274749755859 -0.287353515625 -0.85748291015625
0.0228748321533203 0.0103225708007813 -0.76165771484375 -0.13739013671875
0.0201759338378906 -0.0114097595214844 -0.42608642578125 0.45770263671875
0.0400810241699219 -0.0292167663574219 0.016815185546875 0.480316162109375
0.0140590667724609 -0.0282478332519531 0.27398681640625 0.207534790039062
-0.00804328918457031 -0.0251598358154297 0.323760986328125 -0.056121826171875
0.0159854888916016 -0.0312595367431641 -0.30999755859375 0.00393676757812497
0.0338115692138672 -0.0307025909423828 -0.183868408203125 -0.27410888671875
0.0634956359863281 -0.0200386047363281 0.205291748046875 -0.40863037109375
0.0475616455078125 0.0257835388183594 0.6484375 -0.14990234375
-0.0140132904052734 0.0133275985717773 0.5601806640625 0.57861328125
-0.0112342834472656 -0.0461578369140625 -0.0480957031250001 0.91876220703125
0.0203742980957031 -0.0109024047851563 -0.386871337890625 0.49053955078125
0.0495071411132813 0.00048065185546875 0.102394104003906 -0.0299758911132813
0.010472297668457 -0.00847625732421875 0.33575439453125 -0.67889404296875
0.0137100219726562 -0.000644683837890625 -0.28802490234375 -0.86505126953125
0.0234203338623047 0.00962448120117187 -0.759033203125 -0.13458251953125
0.0236110687255859 -0.011688232421875 -0.42205810546875 0.4573974609375
0.0422744750976563 -0.0331993103027344 0.013763427734375 0.47650146484375
0.0153884887695312 -0.0333385467529297 0.26629638671875 0.203353881835938
-0.00699424743652344 -0.0216865539550781 0.314483642578125 -0.063995361328125
0.0169639587402344 -0.0251312255859375 -0.317840576171875 -0.000488281250000041
0.0356101989746094 -0.0315704345703125 -0.201400756835938 -0.276809692382812
0.0605697631835938 -0.0214080810546875 0.181793212890625 -0.416961669921875
0.0439414978027344 0.0242042541503906 0.63641357421875 -0.18414306640625
-0.016728401184082 0.00721073150634765 0.58642578125 0.5416259765625
-0.00581741333007812 -0.0678329467773438 0.00305175781250007 0.90814208984375
0.0460586547851563 -0.0406150817871094 -0.364776611328125 0.50347900390625
0.0895767211914063 -0.0236740112304688 0.09722900390625 -0.0224533081054688
0.0337677001953125 -0.0353851318359375 0.35821533203125 -0.67132568359375
0.0170021057128906 -0.0200309753417969 -0.25067138671875 -0.88507080078125
0.0163841247558594 0.00931262969970703 -0.75762939453125 -0.17596435546875
0.0217723846435547 -0.00776100158691406 -0.44512939453125 0.438018798828125
0.0425567626953125 -0.0332984924316406 -0.00894165039062501 0.474395751953125
0.018341064453125 -0.0350265502929688 0.249252319335938 0.206924438476563
-0.00310993194580078 -0.0165386199951172 0.306793212890625 -0.070098876953125
0.0260124206542969 -0.0243930816650391 -0.300140380859375 0.0430603027343749
0.0081634521484375 0.0189666748046875 -0.231002807617188 -0.236083984375
0.0138092041015625 0.0276832580566406 0.086212158203125 -0.447296142578125
-0.0123672485351563 0.0282115936279297 0.5386962890625 -0.32891845703125
-0.0436897277832031 0.00220870971679687 0.66253662109375 0.351806640625
-0.0191879272460938 -0.0352745056152344 0.1947021484375 0.8848876953125
0.00540924072265625 0.0374221801757813 -0.33770751953125 0.635986328125
0.00436782836914062 0.0622787475585937 -0.0214385986328125 0.084320068359375
0.00309371948242188 0.0415878295898438 0.423828125 -0.538055419921875
0.0208110809326172 -0.00183677673339844 -0.0451049804687499 -0.94586181640625
-0.0183944702148438 -0.00647735595703125 -0.7315673828125 -0.39813232421875
-0.0348148345947266 0.0125217437744141 -0.572021484375 0.324462890625
-0.000539779663085937 0.019744873046875 -0.11175537109375 0.481414794921875
-0.000501632690429687 0.0202064514160156 0.229080200195313 0.254180908203125
0.00339221954345703 -0.0171146392822266 0.319244384765625 -0.02642822265625
0.0215206146240234 -0.0284519195556641 -0.296234130859375 0.04461669921875
0.00859355926513672 0.0143394470214844 -0.209487915039062 -0.23907470703125
0.0210475921630859 0.0187129974365234 0.12005615234375 -0.438323974609375
-0.00291252136230469 0.0246906280517578 0.572265625 -0.28076171875
-0.0367774963378906 0.00373077392578125 0.641357421875 0.41864013671875
-0.0203475952148438 -0.0250587463378906 0.1263427734375 0.9105224609375
-0.0114173889160156 0.0504417419433594 -0.36749267578125 0.612060546875
-0.0141143798828125 0.0678291320800781 -0.00173950195312501 0.0619773864746094
-0.0115699768066406 0.0497169494628906 0.39501953125 -0.570068359375
0.0160036087036133 0.0100278854370117 -0.120849609375 -0.92755126953125
-0.00973892211914062 0.000208854675292969 -0.75238037109375 -0.32611083984375
-0.021697998046875 0.00910568237304688 -0.53692626953125 0.36712646484375
0.00875377655029297 0.0137252807617188 -0.074371337890625 0.490264892578125
0.00187587738037109 0.0121164321899414 0.247894287109375 0.247161865234375
-0.000738143920898439 -0.0223007202148438 0.326904296875 -0.02813720703125
0.0170059204101563 -0.0318222045898438 -0.29443359375 0.040802001953125
0.0109014511108398 0.00497817993164063 -0.192413330078125 -0.247146606445313
0.0303554534912109 0.00921440124511719 0.155242919921875 -0.427978515625
0.0116195678710937 0.0224704742431641 0.60406494140625 -0.23162841796875
-0.0301265716552734 0.00819587707519531 0.61224365234375 0.48388671875
-0.0236473083496094 -0.0178012847900391 0.05438232421875 0.9261474609375
-0.022674560546875 0.0545616149902344 -0.3919677734375 0.57904052734375
-0.0220680236816406 0.0655975341796875 0.0237388610839844 0.0362930297851563
-0.019866943359375 0.051239013671875 0.36798095703125 -0.60498046875
0.0132904052734375 0.0156412124633789 -0.192138671875 -0.9053955078125
0.00164127349853516 0.00447177886962891 -0.76507568359375 -0.253173828125
-0.00907135009765625 0.00427722930908203 -0.498260498046875 0.4080810546875
0.0184726715087891 0.00304985046386719 -0.03662109375 0.489288330078125
0.00410127639770508 0.000984668731689453 0.267410278320312 0.234909057617188
-0.006011962890625 -0.0265293121337891 0.332305908203125 -0.03277587890625
0.014739990234375 -0.0351066589355469 -0.293548583984375 0.03387451171875
0.0171365737915039 -0.00542163848876953 -0.178573608398438 -0.254409790039062
0.0427055358886719 -0.000278472900390625 0.1837158203125 -0.415618896484375
0.0256061553955078 0.0220489501953125 0.62762451171875 -0.18768310546875
-0.0229244232177734 0.0114898681640625 0.586181640625 0.535888671875
-0.0236930847167969 -0.0169219970703125 -0.00769042968750007 0.935302734375
-0.0254631042480469 0.0481605529785156 -0.406036376953125 0.54583740234375
-0.0193939208984375 0.0561599731445313 0.0490264892578125 0.0110511779785156
-0.0207290649414063 0.0456123352050781 0.345947265625 -0.63287353515625
0.0127849578857422 0.0198402404785156 -0.24298095703125 -0.88104248046875
0.0115766525268555 0.00811672210693359 -0.76873779296875 -0.19378662109375
0.00441360473632812 -0.00308465957641602 -0.46282958984375 0.436004638671875
0.02789306640625 -0.00832748413085938 -0.00460815429687503 0.48956298828125
0.00633907318115234 -0.0100221633911133 0.2779541015625 0.2237548828125
-0.00835990905761719 -0.0281543731689453 0.333892822265625 -0.04046630859375
0.0146446228027344 -0.0364761352539063 -0.295989990234375 0.0247802734375
0.0242767333984375 -0.0166740417480469 -0.174591064453125 -0.262130737304688
0.0544319152832031 -0.0099945068359375 0.200653076171875 -0.409332275390625
0.0378875732421875 0.0240669250488281 0.6429443359375 -0.1588134765625
-0.0185337066650391 0.0153999328613281 0.56640625 0.571533203125
-0.02313232421875 -0.0202808380126953 -0.0433349609375001 0.933837890625
-0.0196075439453125 0.0333957672119141 -0.41082763671875 0.51849365234375
-0.00457382202148437 0.0411262512207031 0.0717620849609375 -0.00775909423828125
-0.0151214599609375 0.0338592529296875 0.3355712890625 -0.6546630859375
0.0130338668823242 0.0160112380981445 -0.2750244140625 -0.86834716796875
0.0197620391845703 0.00926589965820313 -0.7684326171875 -0.1541748046875
0.0144691467285156 -0.008758544921875 -0.4384765625 0.453643798828125
0.0351123809814453 -0.0194797515869141 0.0120849609375 0.485687255859375
0.00966835021972656 -0.0206680297851562 0.281112670898438 0.213577270507813
-0.00931549072265625 -0.0271282196044922 0.330963134765625 -0.049041748046875
0.0154266357421875 -0.0352630615234375 -0.3009033203125 0.015106201171875
0.0301876068115234 -0.0251121520996094 -0.177154541015625 -0.268173217773437
0.0609893798828125 -0.016571044921875 0.20928955078125 -0.4080810546875
0.0459136962890625 0.0248146057128906 0.65106201171875 -0.14654541015625
-0.0144739151000977 0.0160121917724609 0.55859375 0.583984375
-0.0189704895019531 -0.0307846069335937 -0.0552368164062501 0.92803955078125
-0.00447273254394531 0.0135726928710938 -0.403167724609375 0.502105712890625
0.0188350677490234 0.0220184326171875 0.0893325805664063 -0.02197265625
-0.00525093078613281 0.0161294937133789 0.3338623046875 -0.6688232421875
0.0140504837036133 0.010533332824707 -0.2864990234375 -0.86181640625
0.0242195129394531 0.0101985931396484 -0.76470947265625 -0.14117431640625
0.0208930969238281 -0.0122165679931641 -0.4273681640625 0.458404541015625
0.0399742126464844 -0.0276527404785156 0.018829345703125 0.482635498046875
0.0134506225585938 -0.0291767120361328 0.275588989257813 0.209304809570313
-0.00940132141113282 -0.0253887176513672 0.32464599609375 -0.055755615234375
0.0166816711425781 -0.0306339263916016 -0.311248779296875 0.00634765624999995
0.0343818664550781 -0.0303916931152344 -0.184555053710938 -0.27410888671875
0.0639686584472656 -0.0207290649414062 0.207244873046875 -0.409820556640625
0.0485496520996094 0.025054931640625 0.65185546875 -0.14666748046875
-0.0144214630126953 0.0138559341430664 0.5635986328125 0.584228515625
-0.012115478515625 -0.0472946166992188 -0.0481567382812501 0.9229736328125
0.0202293395996094 -0.012451171875 -0.389923095703125 0.494415283203125
0.0497589111328125 9.918212890625E-05 0.101463317871094 -0.02911376953125
0.0116739273071289 -0.00629234313964844 0.33770751953125 -0.678955078125
0.0155057907104492 -0.00134563446044922 -0.28790283203125 -0.867431640625
0.0222930908203125 0.00942230224609375 -0.76348876953125 -0.13751220703125
0.0232791900634766 -0.0110511779785156 -0.424041748046875 0.460205078125
0.0422439575195313 -0.0330619812011719 0.015716552734375 0.479400634765625
0.0157699584960938 -0.0343780517578125 0.2669677734375 0.203887939453125
-0.00617599487304687 -0.0215816497802734 0.317108154296875 -0.064666748046875
0.0166225433349609 -0.0244846343994141 -0.318939208984375 0.000244140624999995
0.0352859497070313 -0.0338134765625 -0.20343017578125 -0.276565551757813
0.0604133605957031 -0.0228385925292969 0.18487548828125 -0.420013427734375
0.0446739196777344 0.0241928100585938 0.64031982421875 -0.18194580078125
-0.0168952941894531 0.00649070739746094 0.59136962890625 0.546875
-0.00631332397460938 -0.0673370361328125 0.00189208984375007 0.9111328125
0.048004150390625 -0.0406608581542969 -0.368316650390625 0.504608154296875
0.08892822265625 -0.0233001708984375 0.09576416015625 -0.0209579467773438
0.0355758666992188 -0.0362548828125 0.36053466796875 -0.671875
0.0170326232910156 -0.0200176239013672 -0.24920654296875 -0.88885498046875
0.016510009765625 0.00826168060302734 -0.75909423828125 -0.1781005859375
0.0225315093994141 -0.00692367553710938 -0.447235107421875 0.438079833984375
0.0423812866210938 -0.0329818725585938 -0.00817871093749995 0.47821044921875
0.0199508666992187 -0.0355186462402344 0.251693725585938 0.20916748046875
-0.00322532653808594 -0.0148458480834961 0.30859375 -0.068267822265625
0.0265007019042969 -0.0243663787841797 -0.30206298828125 0.045166015625
0.00812149047851563 0.0181446075439453 -0.232528686523438 -0.23614501953125
0.0146675109863281 0.0278434753417969 0.08441162109375 -0.4488525390625
-0.0114898681640625 0.0288925170898438 0.541168212890625 -0.32940673828125
-0.0442466735839844 0.00136184692382813 0.66656494140625 0.35467529296875
-0.0201644897460938 -0.0354652404785156 0.19525146484375 0.88751220703125
0.00516891479492188 0.0387039184570313 -0.34002685546875 0.64154052734375
0.00475692749023438 0.0621070861816406 -0.0226821899414062 0.08660888671875
0.00249099731445312 0.0418777465820313 0.426116943359375 -0.541595458984375
0.0210628509521484 -0.00108528137207031 -0.0437622070312501 -0.95294189453125
-0.0193595886230469 -0.00683784484863281 -0.7344970703125 -0.39935302734375
-0.0362815856933594 0.0138397216796875 -0.573974609375 0.32568359375
-0.000391006469726561 0.0194664001464844 -0.112274169921875 0.4842529296875
0.000392913818359377 0.0189056396484375 0.230880737304687 0.255462646484375
0.00272369384765625 -0.0177822113037109 0.321044921875 -0.0272216796875
0.0209484100341797 -0.0289287567138672 -0.298858642578125 0.045867919921875
0.00785732269287109 0.0133256912231445 -0.211227416992188 -0.23870849609375
0.0204849243164063 0.0185585021972656 0.1212158203125 -0.44146728515625
-0.00201797485351563 0.0243396759033203 0.57647705078125 -0.2840576171875
-0.0367279052734375 0.00365829467773438 0.64398193359375 0.4227294921875
-0.0219593048095703 -0.0256519317626953 0.125244140625 0.914306640625
-0.0115432739257813 0.0513801574707031 -0.3692626953125 0.615478515625
-0.0140724182128906 0.0675010681152344 -0.003387451171875 0.0627975463867188
-0.0111045837402344 0.0501708984375 0.39892578125 -0.573486328125
0.0162830352783203 0.00955104827880859 -0.11883544921875 -0.93280029296875
-0.00946426391601563 -0.000640869140624998 -0.7574462890625 -0.32708740234375
-0.0224647521972656 0.00946617126464844 -0.5384521484375 0.370330810546875
0.00800800323486328 0.0130767822265625 -0.074005126953125 0.491607666015625
0.00197315216064453 0.0109987258911133 0.2510986328125 0.248092651367187
-0.000751495361328123 -0.0218677520751953 0.329559326171875 -0.029571533203125
0.0173187255859375 -0.0329093933105469 -0.295379638671875 0.0416564941406249
0.0119657516479492 0.00438308715820313 -0.19317626953125 -0.247177124023438
0.0307598114013672 0.00813674926757812 0.156768798828125 -0.42950439453125
0.0118732452392578 0.0221805572509766 0.6070556640625 -0.23388671875
-0.0300426483154297 0.00847244262695312 0.61663818359375 0.48724365234375
-0.0240325927734375 -0.0184326171875 0.0546264648437501 0.93206787109375
-0.0221748352050781 0.0549278259277344 -0.39471435546875 0.58258056640625
-0.0220794677734375 0.065093994140625 0.0222740173339844 0.0369110107421875
-0.01837158203125 0.0524864196777344 0.3707275390625 -0.60650634765625
0.0132379531860352 0.0160417556762695 -0.19207763671875 -0.91217041015625
0.00139141082763672 0.00513792037963867 -0.77008056640625 -0.25335693359375
-0.00901412963867188 0.00418472290039063 -0.49957275390625 0.409912109375
0.0183506011962891 0.00345230102539063 -0.03546142578125 0.4931640625
0.00426054000854492 0.00116395950317383 0.269775390625 0.23529052734375
-0.00525856018066406 -0.0262508392333984 0.334197998046875 -0.034210205078125
0.0144119262695313 -0.0354766845703125 -0.294891357421875 0.03466796875
0.0177803039550781 -0.00595474243164062 -0.180816650390625 -0.253982543945313
0.0431556701660156 -0.0010833740234375 0.18475341796875 -0.41839599609375
0.0253067016601562 0.0220451354980469 0.63153076171875 -0.1883544921875
-0.0244140625 0.0122623443603516 0.58905029296875 0.54034423828125
-0.02569580078125 -0.0164508819580078 -0.00561523437500005 0.9381103515625
-0.0259284973144531 0.0481986999511719 -0.40875244140625 0.549407958984375
-0.0187492370605469 0.0560455322265625 0.0475196838378906 0.0128364562988281
-0.0200996398925781 0.04595947265625 0.34991455078125 -0.636962890625
0.0126972198486328 0.0184097290039063 -0.24365234375 -0.88800048828125
0.0114202499389648 0.00804424285888672 -0.77288818359375 -0.19342041015625
0.00286722183227539 -0.0022737979888916 -0.46466064453125 0.440643310546875
0.0268516540527344 -0.00871467590332031 -0.00427246093749995 0.49090576171875
0.00620365142822266 -0.0106868743896484 0.280548095703125 0.226333618164063
-0.00810623168945312 -0.0278167724609375 0.336883544921875 -0.041168212890625
0.0141525268554688 -0.0358657836914062 -0.2977294921875 0.0256042480468749
0.0241508483886719 -0.0159034729003906 -0.175872802734375 -0.261566162109375
0.0538825988769531 -0.00987625122070313 0.201446533203125 -0.41131591796875
0.038238525390625 0.0236358642578125 0.64776611328125 -0.16107177734375
-0.0177593231201172 0.016265869140625 0.56878662109375 0.57501220703125
-0.0234832763671875 -0.0201778411865234 -0.0449829101562499 0.93670654296875
-0.0190505981445313 0.0336742401123047 -0.412750244140625 0.524322509765625
-0.0044708251953125 0.0403823852539063 0.0710678100585938 -0.0076904296875
-0.01519775390625 0.0339775085449219 0.33795166015625 -0.65771484375
0.0134983062744141 0.0170049667358398 -0.276611328125 -0.87384033203125
0.0198040008544922 0.00996780395507812 -0.771728515625 -0.1546630859375
0.0144386291503906 -0.00891685485839844 -0.440673828125 0.456756591796875
0.0346107482910156 -0.0201702117919922 0.01458740234375 0.488128662109375
0.00987625122070313 -0.0213222503662109 0.284149169921875 0.213897705078125
-0.0113449096679687 -0.02716064453125 0.333892822265625 -0.05029296875
0.0136470794677734 -0.0348281860351563 -0.304046630859375 0.01708984375
0.0309047698974609 -0.0254077911376953 -0.179168701171875 -0.268829345703125
0.0620765686035156 -0.0169105529785156 0.21002197265625 -0.410400390625
0.0470428466796875 0.02471923828125 0.654296875 -0.14691162109375
-0.0149087905883789 0.0166692733764648 0.5643310546875 0.5892333984375
-0.0198993682861328 -0.0311069488525391 -0.0546875 0.93328857421875
-0.00367355346679688 0.0152873992919922 -0.40521240234375 0.506317138671875
0.0176830291748047 0.0221939086914062 0.0875778198242188 -0.0203628540039063
-0.00418567657470703 0.0160093307495117 0.33599853515625 -0.67364501953125
0.0135631561279297 0.0104532241821289 -0.2886962890625 -0.87005615234375
0.0245571136474609 0.0104255676269531 -0.76885986328125 -0.1400146484375
0.0214805603027344 -0.0123157501220703 -0.430328369140625 0.461334228515625
0.0397186279296875 -0.0296058654785156 0.018218994140625 0.48309326171875
0.0129528045654297 -0.0297489166259766 0.278564453125 0.209426879882813
-0.009063720703125 -0.0246791839599609 0.3271484375 -0.059051513671875
0.0159721374511719 -0.0306644439697266 -0.311431884765625 0.00726318359375005
0.0340976715087891 -0.0319328308105469 -0.186447143554687 -0.273895263671875
0.0649833679199219 -0.0213813781738281 0.20867919921875 -0.412200927734375
0.0493049621582031 0.0257492065429688 0.657470703125 -0.14947509765625
-0.0156030654907227 0.0134248733520508 0.56744384765625 0.5882568359375
-0.0123939514160156 -0.0476875305175781 -0.04827880859375 0.9276123046875
0.0205287933349609 -0.0121269226074219 -0.392364501953125 0.495880126953125
0.0506973266601562 0.000324249267578125 0.101860046386719 -0.0290145874023438
0.0116653442382813 -0.00673675537109375 0.33856201171875 -0.68310546875
0.0149564743041992 -0.00132465362548828 -0.289794921875 -0.873046875
0.0240573883056641 0.00974273681640625 -0.7684326171875 -0.137939453125
0.0237331390380859 -0.0114898681640625 -0.42596435546875 0.461944580078125
0.0428848266601563 -0.0344390869140625 0.01544189453125 0.479522705078125
0.0155982971191406 -0.0341949462890625 0.269500732421875 0.20501708984375
-0.00683975219726563 -0.0216083526611328 0.319183349609375 -0.065399169921875
0.0181636810302734 -0.0247993469238281 -0.320709228515625 0.00155639648437506
0.0351142883300781 -0.0337505340576172 -0.204330444335938 -0.27685546875
0.0614700317382813 -0.0223846435546875 0.186309814453125 -0.42156982421875
0.0451736450195312 0.0243568420410156 0.64373779296875 -0.18408203125
-0.0174331665039063 0.00676345825195312 0.595458984375 0.5509033203125
-0.00698089599609374 -0.0676994323730469 0.00323486328124992 0.9169921875
0.0487289428710938 -0.0410919189453125 -0.371063232421875 0.508148193359375
0.0900497436523437 -0.0229110717773437 0.0963821411132813 -0.0197677612304688
0.0355644226074219 -0.0351829528808594 0.363037109375 -0.67529296875
0.0171260833740234 -0.0192832946777344 -0.2509765625 -0.89617919921875
0.0172557830810547 0.00841045379638672 -0.76458740234375 -0.1802978515625
0.0220069885253906 -0.00748252868652344 -0.450225830078125 0.441375732421875
0.0430374145507813 -0.0338935852050781 -0.00851440429687499 0.478668212890625
0.0190544128417969 -0.0360679626464844 0.253738403320313 0.209823608398438
-0.0028839111328125 -0.0153770446777344 0.310455322265625 -0.07061767578125
0.0269660949707031 -0.0252227783203125 -0.303802490234375 0.046173095703125
0.00847053527832031 0.0183219909667969 -0.234878540039063 -0.236663818359375
0.0146083831787109 0.0279483795166016 0.084228515625 -0.4510498046875
-0.0106868743896484 0.0280914306640625 0.54498291015625 -0.333465576171875
-0.0449943542480469 0.00168228149414062 0.67462158203125 0.35687255859375
-0.0217018127441406 -0.0370635986328125 0.1976318359375 0.8953857421875
0.00531387329101562 0.0391693115234375 -0.3421630859375 0.64617919921875
0.00460052490234375 0.0632743835449219 -0.0235366821289063 0.0867156982421875
0.00291061401367188 0.0418472290039063 0.42730712890625 -0.544097900390625
0.020965576171875 -0.00132942199707031 -0.04644775390625 -0.95904541015625
-0.019317626953125 -0.00652885437011719 -0.74163818359375 -0.40289306640625
-0.0354804992675781 0.0145606994628906 -0.57904052734375 0.32977294921875
-0.000352859497070313 0.0200939178466797 -0.110382080078125 0.486846923828125
0.000949859619140625 0.0186195373535156 0.234100341796875 0.258819580078125
0.0027313232421875 -0.0170888900756836 0.323486328125 -0.02880859375
0.0207252502441406 -0.0300464630126953 -0.298980712890625 0.0468444824218749
0.00780105590820312 0.0136384963989258 -0.21337890625 -0.240020751953125
0.0218791961669922 0.0189170837402344 0.120758056640625 -0.444122314453125
-0.00093650817871094 0.0235176086425781 0.58135986328125 -0.2864990234375
-0.0382575988769531 0.00439453125000001 0.6514892578125 0.42364501953125
-0.0229301452636719 -0.0263385772705078 0.12823486328125 0.921875
-0.0106620788574219 0.05133056640625 -0.37237548828125 0.62060546875
-0.0131797790527344 0.0680923461914063 -0.00363540649414063 0.0640907287597656
-0.0101127624511719 0.0512504577636719 0.40045166015625 -0.576171875
0.015559196472168 0.00969028472900391 -0.12213134765625 -0.94146728515625
-0.0107011795043945 0.000484466552734376 -0.76214599609375 -0.32861328125
-0.0229377746582031 0.0106143951416016 -0.54241943359375 0.37457275390625
0.00883960723876953 0.0125312805175781 -0.073333740234375 0.49530029296875
0.00227451324462891 0.0112667083740234 0.253738403320313 0.249038696289063
-0.00134658813476563 -0.0219020843505859 0.333160400390625 -0.031036376953125
0.0171604156494141 -0.0339469909667969 -0.29815673828125 0.0429687499999999
0.0116643905639648 0.00512409210205078 -0.19580078125 -0.2481689453125
0.0312252044677734 0.00895500183105469 0.15606689453125 -0.432281494140625
0.0121707916259766 0.0219402313232422 0.61224365234375 -0.23553466796875
-0.0305309295654297 0.0073394775390625 0.6236572265625 0.49163818359375
-0.0250720977783203 -0.0186672210693359 0.0556030273437501 0.936767578125
-0.022705078125 0.0550384521484375 -0.39727783203125 0.587158203125
-0.022125244140625 0.0655136108398438 0.0216827392578125 0.0379791259765625
-0.0193519592285156 0.0535469055175781 0.37298583984375 -0.611328125
0.0138893127441406 0.0165872573852539 -0.19287109375 -0.9188232421875
0.00171041488647461 0.00440406799316406 -0.77630615234375 -0.25469970703125
-0.00897407531738281 0.00385475158691406 -0.502899169921875 0.41461181640625
0.0187149047851563 0.00281143188476563 -0.0336303710937501 0.496002197265625
0.00385594367980957 0.0011286735534668 0.2713623046875 0.2366943359375
-0.00577735900878906 -0.0257282257080078 0.336822509765625 -0.03521728515625
0.0137825012207031 -0.0373573303222656 -0.297882080078125 0.0361328125
0.0173206329345703 -0.00515079498291016 -0.181655883789062 -0.2552490234375
0.0442848205566406 -0.00212478637695313 0.18499755859375 -0.419921875
0.0255699157714844 0.0218124389648438 0.63812255859375 -0.19091796875
-0.0245132446289063 0.0126819610595703 0.594970703125 0.54388427734375
-0.0263175964355469 -0.0168533325195312 -0.00482177734375005 0.94464111328125
-0.0256996154785156 0.0476913452148438 -0.41229248046875 0.55401611328125
-0.0182228088378906 0.0558357238769531 0.048370361328125 0.0124855041503906
-0.0194931030273438 0.0477523803710938 0.350341796875 -0.63916015625
0.0136890411376953 0.0197315216064453 -0.248046875 -0.894287109375
0.0116434097290039 0.00761032104492188 -0.779541015625 -0.19378662109375
0.00415229797363281 -0.00226664543151855 -0.4666748046875 0.442291259765625
0.0280170440673828 -0.00879287719726562 -0.00350952148437499 0.4942626953125
0.00655937194824219 -0.0113754272460937 0.282867431640625 0.2252197265625
-0.00916099548339844 -0.0283679962158203 0.338897705078125 -0.042572021484375
0.0133094787597656 -0.0374336242675781 -0.299163818359375 0.0281066894531249
0.0239009857177734 -0.0176296234130859 -0.17779541015625 -0.262222290039062
0.05511474609375 -0.011322021484375 0.2037353515625 -0.41455078125
0.0395927429199219 0.0229377746582031 0.6527099609375 -0.16192626953125
-0.0187931060791016 0.015838623046875 0.5751953125 0.57843017578125
-0.0246791839599609 -0.0223903656005859 -0.0426025390624999 0.94525146484375
-0.0194301605224609 0.0338954925537109 -0.416351318359375 0.52734375
-0.00349044799804687 0.0415306091308594 0.0699729919433594 -0.00727462768554687
-0.0141410827636719 0.0354804992675781 0.33880615234375 -0.66241455078125
0.0136575698852539 0.0157222747802734 -0.2794189453125 -0.88079833984375
0.0193405151367188 0.00886726379394531 -0.77691650390625 -0.15447998046875
0.0151491165161133 -0.00797462463378906 -0.442169189453125 0.460662841796875
0.0356674194335938 -0.0199432373046875 0.014495849609375 0.4918212890625
0.00966835021972656 -0.0219669342041016 0.286529541015625 0.215087890625
-0.00979804992675782 -0.0259132385253906 0.3367919921875 -0.0516357421875
0.0141525268554687 -0.0358695983886719 -0.306304931640625 0.019378662109375
0.0304660797119141 -0.0263824462890625 -0.17889404296875 -0.268585205078125
0.0627288818359375 -0.0173759460449219 0.20989990234375 -0.411590576171875
0.0480728149414063 0.0251502990722656 0.65924072265625 -0.150146484375
-0.0152778625488281 0.0176601409912109 0.5684814453125 0.59381103515625
-0.0204582214355469 -0.0316238403320313 -0.0543823242187501 0.93890380859375
-0.00466060638427734 0.014033317565918 -0.408233642578125 0.5101318359375
0.0186538696289063 0.0220737457275391 0.0874786376953125 -0.0193023681640625
-0.00459384918212891 0.0163726806640625 0.33685302734375 -0.67840576171875
0.0146608352661133 0.0105819702148438 -0.2906494140625 -0.87542724609375
0.0254001617431641 0.0107269287109375 -0.7740478515625 -0.1397705078125
0.0220451354980469 -0.0112018585205078 -0.431427001953125 0.465484619140625
0.040252685546875 -0.0304679870605469 0.020599365234375 0.487091064453125
0.0131607055664063 -0.0296440124511719 0.280960083007813 0.210647583007813
-0.0103092193603516 -0.0247402191162109 0.330413818359375 -0.05908203125
0.0154495239257813 -0.0312900543212891 -0.313690185546875 0.00985717773437505
0.0347194671630859 -0.0321636199951172 -0.187911987304688 -0.2750244140625
0.0656585693359375 -0.0214195251464844 0.20989990234375 -0.41497802734375
0.0500335693359375 0.024871826171875 0.662109375 -0.15118408203125
-0.0151901245117187 0.0128402709960938 0.572021484375 0.59161376953125
-0.0136070251464844 -0.0474967956542969 -0.04608154296875 0.9346923828125
0.0204505920410156 -0.0112323760986328 -0.3951416015625 0.5010986328125
0.0515594482421875 8.392333984375E-05 0.101463317871094 -0.0285186767578125
0.0130729675292969 -0.00723457336425781 0.3409423828125 -0.6883544921875
0.0153923034667969 -0.00193881988525391 -0.29180908203125 -0.87969970703125
0.0234298706054688 0.00937271118164063 -0.7724609375 -0.138427734375
0.025146484375 -0.0112037658691406 -0.428802490234375 0.4676513671875
0.04217529296875 -0.0352401733398438 0.018585205078125 0.48431396484375
0.0159416198730469 -0.0349445343017578 0.272720336914063 0.205718994140625
-0.00761985778808594 -0.0207328796386719 0.32061767578125 -0.06854248046875
0.0172405242919922 -0.0250835418701172 -0.323211669921875 0.00289916992187498
0.0351219177246094 -0.0341548919677734 -0.206573486328125 -0.27679443359375
0.0614471435546875 -0.0227775573730469 0.187652587890625 -0.424560546875
0.0466995239257813 0.0223159790039063 0.64862060546875 -0.18707275390625
-0.0183639526367188 0.00662422180175781 0.600341796875 0.5531005859375
-0.00778961181640625 -0.0696144104003906 0.00457763671875007 0.922607421875
0.0480804443359375 -0.0417861938476563 -0.37255859375 0.51434326171875
0.092315673828125 -0.0232086181640625 0.0962600708007813 -0.0195083618164063
0.0367393493652344 -0.0356712341308594 0.3656005859375 -0.67987060546875
0.0170841217041016 -0.0206661224365234 -0.2537841796875 -0.90283203125
0.0182285308837891 0.00897216796875 -0.77227783203125 -0.180419921875
0.0229034423828125 -0.00610160827636719 -0.451995849609375 0.446441650390625
0.0430870056152344 -0.0337142944335938 -0.00756835937500003 0.4813232421875
0.0190010070800781 -0.0366058349609375 0.255905151367187 0.210479736328125
-0.00299644470214844 -0.0148983001708984 0.31195068359375 -0.072540283203125
0.0264625549316406 -0.0266342163085938 -0.305694580078125 0.048675537109375
0.00919532775878906 0.0180282592773438 -0.23724365234375 -0.236770629882812
0.0156383514404297 0.027496337890625 0.08349609375 -0.453765869140625
-0.0101070404052734 0.0281791687011719 0.54931640625 -0.338775634765625
-0.0453109741210938 0.00146865844726562 0.6812744140625 0.35711669921875
-0.0226974487304687 -0.0375213623046875 0.20343017578125 0.90191650390625
0.00545120239257813 0.0384101867675781 -0.3455810546875 0.65228271484375
0.00584793090820313 0.0635910034179687 -0.0239181518554688 0.0871658325195313
0.00446701049804688 0.0438041687011719 0.4312744140625 -0.54876708984375
0.0214385986328125 -0.00105667114257812 -0.04833984375 -0.96759033203125
-0.0181407928466797 -0.00632286071777344 -0.74755859375 -0.40283203125
-0.0365524291992187 0.0139656066894531 -0.58197021484375 0.33392333984375
-0.000692367553710939 0.0191650390625 -0.110076904296875 0.49169921875
0.000452041625976564 0.0195598602294922 0.2371826171875 0.259246826171875
0.00334358215332031 -0.017125129699707 0.326263427734375 -0.031036376953125
0.0210437774658203 -0.0302829742431641 -0.303131103515625 0.04974365234375
0.00817775726318359 0.0141391754150391 -0.215850830078125 -0.2406005859375
0.0213794708251953 0.0182456970214844 0.1199951171875 -0.445892333984375
-0.000736236572265626 0.02435302734375 0.5845947265625 -0.28912353515625
-0.0387191772460938 0.00355529785156249 0.658203125 0.4266357421875
-0.0241909027099609 -0.0264816284179687 0.1328125 0.92822265625
-0.0103874206542969 0.0514945983886719 -0.37432861328125 0.62738037109375
-0.0127182006835937 0.0679817199707031 -0.004669189453125 0.0647926330566406
-0.0114479064941406 0.0529212951660156 0.40216064453125 -0.58331298828125
0.0159053802490234 0.00937747955322266 -0.125732421875 -0.94708251953125
-0.0100669860839844 -0.00014972686767578 -0.769287109375 -0.32989501953125
-0.0229053497314453 0.0114631652832031 -0.54559326171875 0.378662109375
0.00844287872314453 0.0124292373657227 -0.07073974609375 0.498382568359375
0.00174140930175781 0.0107841491699219 0.258331298828125 0.250350952148438
-0.000837326049804687 -0.0210151672363281 0.33544921875 -0.03350830078125
0.0165939331054688 -0.0347003936767578 -0.299957275390625 0.047027587890625
0.0123605728149414 0.00394630432128906 -0.197647094726563 -0.247909545898437
0.0327434539794922 0.00751495361328125 0.157684326171875 -0.434814453125
0.0126266479492188 0.0215415954589844 0.61663818359375 -0.23992919921875
-0.031158447265625 0.0083770751953125 0.6292724609375 0.494873046875
-0.0262470245361328 -0.0184612274169922 0.06005859375 0.9453125
-0.0221176147460937 0.0547714233398438 -0.39923095703125 0.59375
-0.0214042663574219 0.0657806396484375 0.020904541015625 0.0384368896484375
-0.0188674926757813 0.0539016723632813 0.3729248046875 -0.615234375
0.0137519836425781 0.0164384841918945 -0.19866943359375 -0.925537109375
0.00188779830932617 0.0048828125 -0.78204345703125 -0.25543212890625
-0.00840568542480469 0.00490045547485351 -0.5054931640625 0.4200439453125
0.0188179016113281 0.00168800354003906 -0.031890869140625 0.4989013671875
0.00340175628662109 0.00045013427734375 0.274932861328125 0.237762451171875
-0.00689888000488281 -0.0255031585693359 0.340179443359375 -0.037261962890625
0.0139274597167969 -0.0365982055664063 -0.2996826171875 0.038787841796875
0.0179195404052734 -0.00681495666503906 -0.184722900390625 -0.256195068359375
0.0438957214355469 -0.0018310546875 0.184417724609375 -0.42364501953125
0.0270729064941406 0.0220508575439453 0.6412353515625 -0.195068359375
-0.0252399444580078 0.0120697021484375 0.602294921875 0.547119140625
-0.0264244079589844 -0.0171394348144531 -0.0030517578124999 0.9532470703125
-0.025604248046875 0.0480117797851562 -0.413848876953125 0.559356689453125
-0.0182952880859375 0.0567512512207031 0.04730224609375 0.0130119323730469
-0.0184173583984375 0.04766845703125 0.35113525390625 -0.646484375
0.0141830444335938 0.0189895629882812 -0.2520751953125 -0.901123046875
0.0119762420654297 0.00770473480224609 -0.7852783203125 -0.193359375
0.00390219688415527 -0.00314521789550781 -0.468597412109375 0.450042724609375
0.0277156829833984 -0.00955772399902344 -0.000610351562499995 0.497467041015625
0.00679874420166016 -0.0123176574707031 0.2864990234375 0.22686767578125
-0.0110321044921875 -0.0269508361816406 0.341796875 -0.04534912109375
0.0117263793945313 -0.0382423400878906 -0.302398681640625 0.0319824218750001
0.0244026184082031 -0.0171318054199219 -0.179702758789062 -0.2626953125
0.055145263671875 -0.0116806030273438 0.204376220703125 -0.417236328125
0.0407943725585938 0.02117919921875 0.65643310546875 -0.16363525390625
-0.0199851989746094 0.015533447265625 0.58245849609375 0.58135986328125
-0.0262279510498047 -0.0217018127441406 -0.03973388671875 0.95123291015625
-0.0194377899169922 0.03436279296875 -0.4183349609375 0.534637451171875
-0.00337982177734375 0.040618896484375 0.0695114135742188 -0.006011962890625
-0.0136566162109375 0.0349235534667969 0.3409423828125 -0.669677734375
0.0138063430786133 0.0159769058227539 -0.2835693359375 -0.88720703125
0.0211601257324219 0.00945281982421875 -0.7855224609375 -0.1544189453125
0.0151958465576172 -0.00870227813720703 -0.444854736328125 0.465728759765625
0.0352325439453125 -0.0210456848144531 0.017303466796875 0.493988037109375
0.009185791015625 -0.0220317840576172 0.29010009765625 0.216583251953125
-0.0110988616943359 -0.0263328552246094 0.3387451171875 -0.053802490234375
0.0137100219726562 -0.0368118286132813 -0.3084716796875 0.01995849609375
0.0304164886474609 -0.0261878967285156 -0.181854248046875 -0.269546508789062
0.0636558532714844 -0.0195960998535156 0.21246337890625 -0.416351318359375
0.0490036010742188 0.0229911804199219 0.66412353515625 -0.15234375
-0.01513671875 0.0165367126464844 0.57720947265625 0.59564208984375
-0.0217761993408203 -0.0318984985351563 -0.052001953125 0.9481201171875
-0.00469398498535156 0.0142488479614258 -0.4111328125 0.515655517578125
0.0194931030273438 0.0227203369140625 0.0872802734375 -0.0199508666992187
-0.00412559509277344 0.0177536010742188 0.33941650390625 -0.6842041015625
0.0147504806518555 0.0104084014892578 -0.2950439453125 -0.88238525390625
0.0262203216552734 0.0104732513427734 -0.7806396484375 -0.13922119140625
0.0219211578369141 -0.01123046875 -0.4337158203125 0.4715576171875
0.0401458740234375 -0.0304183959960938 0.024139404296875 0.489654541015625
0.0116863250732422 -0.0306720733642578 0.285888671875 0.211029052734375
-0.0102386474609375 -0.0241928100585938 0.333221435546875 -0.061065673828125
0.0147018432617188 -0.0320930480957031 -0.316314697265625 0.00958251953125007
0.0349941253662109 -0.0327339172363281 -0.19061279296875 -0.275985717773438
0.0668067932128906 -0.0223121643066406 0.2110595703125 -0.4171142578125
0.0509033203125 0.0241889953613281 0.66717529296875 -0.15478515625
-0.0152645111083984 0.0140419006347656 0.580322265625 0.5955810546875
-0.0137290954589844 -0.0487213134765625 -0.0455932617187501 0.941650390625
0.0211048126220703 -0.0117931365966797 -0.39874267578125 0.50634765625
0.0526351928710937 0.000213623046875 0.101593017578125 -0.0275497436523438
0.0137109756469727 -0.00791835784912109 0.34173583984375 -0.69403076171875
0.0158319473266602 -0.00185775756835938 -0.29833984375 -0.88580322265625
0.0253028869628906 0.00909042358398438 -0.77978515625 -0.136474609375
0.0253543853759766 -0.011810302734375 -0.42913818359375 0.471099853515625
0.043060302734375 -0.0353965759277344 0.0198974609375 0.487274169921875
0.0161247253417969 -0.0362739562988281 0.275360107421875 0.206497192382813
-0.00745582580566406 -0.0199527740478516 0.323638916015625 -0.069915771484375
0.0173511505126953 -0.0257110595703125 -0.32635498046875 0.00408935546874998
0.0353736877441406 -0.0356979370117187 -0.209030151367188 -0.277297973632813
0.0624313354492188 -0.023712158203125 0.18646240234375 -0.428955078125
0.0475234985351563 0.0233039855957031 0.6544189453125 -0.1905517578125
-0.0181999206542969 0.00626564025878906 0.60723876953125 0.55633544921875
-0.00883865356445312 -0.0691642761230469 0.00726318359374998 0.9312744140625
0.048614501953125 -0.0429840087890625 -0.37518310546875 0.51898193359375
0.09344482421875 -0.0247650146484375 0.0973129272460938 -0.0199661254882813
0.0373764038085938 -0.0358619689941406 0.3663330078125 -0.68634033203125
0.0173683166503906 -0.0208225250244141 -0.2578125 -0.9105224609375
0.0185890197753906 0.00823211669921875 -0.777587890625 -0.17913818359375
0.0233039855957031 -0.00554656982421875 -0.45391845703125 0.45074462890625
0.0431938171386719 -0.034820556640625 -0.00384521484375 0.485382080078125
0.0190353393554687 -0.0371131896972656 0.259780883789063 0.209884643554688
-0.00383281707763672 -0.0139560699462891 0.314727783203125 -0.07568359375
0.0255565643310547 -0.0262718200683594 -0.308746337890625 0.0505371093749999
0.00877189636230469 0.018280029296875 -0.241134643554688 -0.236648559570313
0.0156230926513672 0.0271568298339844 0.08282470703125 -0.457305908203125
-0.0104808807373047 0.0286769866943359 0.552093505859375 -0.342254638671875
-0.0459709167480469 0.00220108032226563 0.690185546875 0.35784912109375
-0.0235519409179688 -0.0374298095703125 0.2088623046875 0.9093017578125
0.00554656982421875 0.0392303466796875 -0.3448486328125 0.6600341796875
0.00709152221679688 0.0636978149414063 -0.0246124267578125 0.0898208618164063
0.004638671875 0.0445365905761719 0.432769775390625 -0.55572509765625
0.0219078063964844 -0.00075531005859375 -0.0530395507812499 -0.9755859375
-0.0190067291259766 -0.0065460205078125 -0.7559814453125 -0.4033203125
-0.0355453491210938 0.0154304504394531 -0.5849609375 0.340087890625
-0.000860214233398439 0.0197982788085937 -0.106414794921875 0.495635986328125
5.34057617187499E-05 0.0177135467529297 0.241546630859375 0.26031494140625
0.00208568572998047 -0.0168685913085938 0.329833984375 -0.0345458984375
0.0201053619384766 -0.0308074951171875 -0.303192138671875 0.052825927734375
0.0080413818359375 0.0139636993408203 -0.219558715820313 -0.23956298828125
0.0224552154541016 0.0180110931396484 0.11865234375 -0.451507568359375
-0.000448226928710939 0.024078369140625 0.58856201171875 -0.29571533203125
-0.0387649536132813 0.00395202636718751 0.667236328125 0.42755126953125
-0.0246486663818359 -0.0269393920898438 0.1368408203125 0.93548583984375
-0.0103721618652344 0.0519905090332031 -0.375 0.63458251953125
-0.0119743347167969 0.06817626953125 -0.0047760009765625 0.0660591125488281
-0.0102500915527344 0.0533027648925781 0.40380859375 -0.5894775390625
0.0169544219970703 0.00972747802734375 -0.130859375 -0.9549560546875
-0.00986576080322265 -0.000446319580078126 -0.77618408203125 -0.32861328125
-0.0225105285644531 0.0118865966796875 -0.547271728515625 0.38592529296875
0.00816249847412109 0.0125808715820312 -0.068878173828125 0.501800537109375
0.00151252746582031 0.0109472274780273 0.261611938476563 0.250656127929688
-0.00189781188964844 -0.0208816528320313 0.338104248046875 -0.0361328125
0.0160331726074219 -0.0355491638183594 -0.301025390625 0.048919677734375
0.0120763778686523 0.00468254089355469 -0.200851440429688 -0.247970581054687
0.0326728820800781 0.00755500793457031 0.15765380859375 -0.43902587890625
0.0132579803466797 0.0213966369628906 0.62213134765625 -0.242919921875
-0.0316200256347656 0.00761604309082031 0.6385498046875 0.496826171875
-0.027557373046875 -0.0191669464111328 0.06396484375 0.95269775390625
-0.0221023559570313 0.0555191040039063 -0.4017333984375 0.6009521484375
-0.0202140808105469 0.066497802734375 0.0197296142578125 0.0390167236328125
-0.0172462463378906 0.055633544921875 0.3729248046875 -0.62298583984375
0.014470100402832 0.0171213150024414 -0.20501708984375 -0.933837890625
0.000957489013671874 0.00551700592041016 -0.79010009765625 -0.25360107421875
-0.00841093063354492 0.00644397735595703 -0.506927490234375 0.426025390625
0.0180244445800781 0.00153732299804688 -0.028900146484375 0.503448486328125
0.0036461353302002 -0.000731706619262695 0.27935791015625 0.238815307617188
-0.00686454772949219 -0.0254688262939453 0.3436279296875 -0.041229248046875
0.0129318237304688 -0.0376167297363281 -0.3016357421875 0.041748046875
0.0176849365234375 -0.00662040710449219 -0.18817138671875 -0.25518798828125
0.0436744689941406 -0.0037994384765625 0.18670654296875 -0.42840576171875
0.0277290344238281 0.0215110778808594 0.647216796875 -0.19805908203125
-0.0254325866699219 0.0118389129638672 0.609619140625 0.54962158203125
-0.0290775299072266 -0.0166244506835937 0.000488281249999971 0.96075439453125
-0.0258255004882813 0.0488967895507813 -0.41497802734375 0.569580078125
-0.0173683166503906 0.0569190979003906 0.0461273193359375 0.0137557983398438
-0.0182533264160156 0.0487480163574219 0.351318359375 -0.65264892578125
0.0136985778808594 0.0193309783935547 -0.25762939453125 -0.9080810546875
0.0123577117919922 0.00748920440673828 -0.79486083984375 -0.19024658203125
0.0049891471862793 -0.00142097473144531 -0.469451904296875 0.45440673828125
0.0276527404785156 -0.0104522705078125 0.00265502929687497 0.50079345703125
0.00648975372314453 -0.0115718841552734 0.290435791015625 0.22711181640625
-0.0105113983154297 -0.0270175933837891 0.3450927734375 -0.048431396484375
0.0125160217285156 -0.0379714965820313 -0.30450439453125 0.03271484375
0.0245952606201172 -0.0181045532226563 -0.182632446289063 -0.262527465820313
0.055694580078125 -0.0122451782226563 0.203765869140625 -0.421112060546875
0.0417747497558594 0.02203369140625 0.66326904296875 -0.16998291015625
-0.0194721221923828 0.0156593322753906 0.591552734375 0.58477783203125
-0.0275154113769531 -0.0217552185058594 -0.0354614257812501 0.96148681640625
-0.0195674896240234 0.0347785949707031 -0.41827392578125 0.5396728515625
-0.00242233276367188 0.0417366027832031 0.0690383911132813 -0.0052337646484375
-0.0134048461914063 0.0365028381347656 0.3394775390625 -0.6756591796875
0.0144596099853516 0.0171241760253906 -0.294189453125 -0.89306640625
0.0201492309570313 0.00933074951171875 -0.79205322265625 -0.151123046875
0.0146446228027344 -0.00838565826416016 -0.446624755859375 0.47247314453125
0.0346565246582031 -0.0218963623046875 0.021270751953125 0.49688720703125
0.00946807861328125 -0.0232410430908203 0.29351806640625 0.21575927734375
-0.0115814208984375 -0.0259246826171875 0.34307861328125 -0.056549072265625
0.0129814147949219 -0.0369071960449219 -0.31060791015625 0.0237121582031251
0.0305233001708984 -0.0276546478271484 -0.185272216796875 -0.269744873046875
0.0638923645019531 -0.0201988220214844 0.211700439453125 -0.419830322265625
0.0497550964355469 0.0227165222167969 0.67034912109375 -0.1558837890625
-0.016484260559082 0.0168161392211914 0.58489990234375 0.59820556640625
-0.0230979919433594 -0.03125 -0.04876708984375 0.95501708984375
-0.00417327880859375 0.0143051147460937 -0.412994384765625 0.52288818359375
0.0201435089111328 0.0224590301513672 0.0870590209960938 -0.0179519653320313
-0.00288772583007813 0.0183429718017578 0.33831787109375 -0.69024658203125
0.0153379440307617 0.0110054016113281 -0.302001953125 -0.889404296875
0.0255603790283203 0.00993728637695313 -0.789794921875 -0.13616943359375
0.0226669311523438 -0.0110740661621094 -0.43389892578125 0.47821044921875
0.0399436950683594 -0.0312652587890625 0.025238037109375 0.492950439453125
0.0129890441894531 -0.031005859375 0.28985595703125 0.2095947265625
-0.0117588043212891 -0.0231971740722656 0.335601806640625 -0.065460205078125
0.0154342651367188 -0.0315589904785156 -0.319488525390625 0.013702392578125
0.0344581604003906 -0.0337009429931641 -0.19366455078125 -0.276077270507813
0.0663223266601563 -0.0237998962402344 0.210906982421875 -0.421295166015625
0.0524826049804688 0.0231475830078125 0.67266845703125 -0.15924072265625
-0.0161943435668945 0.0140933990478516 0.5885009765625 0.5980224609375
-0.0153656005859375 -0.0481452941894531 -0.0411376953125 0.94696044921875
0.0201053619384766 -0.0125312805175781 -0.399139404296875 0.51348876953125
0.0532341003417969 -0.00101089477539062 0.100860595703125 -0.0274429321289063
0.0138311386108398 -0.00691890716552734 0.3416748046875 -0.70147705078125
0.0161762237548828 -0.00154972076416016 -0.3033447265625 -0.89202880859375
0.0246429443359375 0.00973129272460938 -0.786865234375 -0.13311767578125
0.0250034332275391 -0.0116748809814453 -0.42962646484375 0.478912353515625
0.0423660278320313 -0.0370979309082031 0.0230712890625001 0.490875244140625
0.015380859375 -0.0373573303222656 0.279144287109375 0.206558227539063
-0.00756263732910156 -0.0193138122558594 0.326416015625 -0.0733642578125
0.0168590545654297 -0.0256385803222656 -0.32879638671875 0.00793457031249996
0.0351524353027344 -0.0346603393554688 -0.212493896484375 -0.276947021484375
0.0621681213378906 -0.0248146057128906 0.18719482421875 -0.4327392578125
0.0479545593261719 0.0208587646484375 0.65966796875 -0.1942138671875
-0.0186080932617188 0.00787162780761719 0.61614990234375 0.55865478515625
-0.00913238525390626 -0.0702972412109375 0.01214599609375 0.9384765625
0.0487937927246094 -0.0430908203125 -0.377105712890625 0.5250244140625
0.094329833984375 -0.0249862670898438 0.096527099609375 -0.0183639526367188
0.0380210876464844 -0.0369949340820313 0.36602783203125 -0.69256591796875
0.01788330078125 -0.0213241577148438 -0.263427734375 -0.91741943359375
0.0184192657470703 0.00819015502929688 -0.7841796875 -0.17596435546875
0.0232353210449219 -0.00732612609863281 -0.454620361328125 0.457763671875
0.0433425903320313 -0.035614013671875 0.000427246093749982 0.489105224609375
0.0187644958496094 -0.038421630859375 0.263031005859375 0.211517333984375
-0.00390911102294922 -0.014369010925293 0.3173828125 -0.077850341796875
0.0244884490966797 -0.0283031463623047 -0.310882568359375 0.0548095703125
0.00909614562988281 0.0182209014892578 -0.2452392578125 -0.235992431640625
0.0173625946044922 0.026611328125 0.07965087890625 -0.46099853515625
-0.0102138519287109 0.0286884307861328 0.554473876953125 -0.347625732421875
-0.0468025207519531 0.00205230712890625 0.69842529296875 0.356201171875
-0.0257759094238281 -0.0379066467285156 0.21624755859375 0.9156494140625
0.00677108764648437 0.0390090942382813 -0.34320068359375 0.66864013671875
0.008056640625 0.0633583068847656 -0.02520751953125 0.0907363891601563
0.0053863525390625 0.045257568359375 0.43109130859375 -0.56256103515625
0.0219955444335938 -0.00186538696289063 -0.0582275390624999 -0.98370361328125
-0.0190334320068359 -0.00674057006835938 -0.764404296875 -0.40057373046875
-0.0355186462402344 0.0164680480957031 -0.58795166015625 0.3486328125
-0.00114631652832031 0.0197067260742188 -0.103240966796875 0.499603271484375
0.00107765197753906 0.0180511474609375 0.244903564453125 0.260574340820313
0.00224399566650391 -0.0161066055297852 0.33319091796875 -0.037567138671875
0.0194606781005859 -0.0319881439208984 -0.30609130859375 0.05645751953125
0.00871849060058593 0.013606071472168 -0.22393798828125 -0.239059448242188
0.0230026245117188 0.016876220703125 0.117095947265625 -0.454803466796875
-0.000591278076171875 0.0235595703125 0.5926513671875 -0.3009033203125
-0.040557861328125 0.00450515747070313 0.6778564453125 0.4287109375
-0.026641845703125 -0.0270195007324219 0.1444091796875 0.942138671875
-0.00961685180664063 0.0521278381347656 -0.37420654296875 0.64288330078125
-0.0105209350585938 0.0688362121582031 -0.00584793090820312 0.0675048828125
-0.00925827026367188 0.0546379089355469 0.4019775390625 -0.59710693359375
0.0167398452758789 0.00925254821777344 -0.13818359375 -0.96435546875
-0.010167121887207 -3.43322753906246E-05 -0.78656005859375 -0.32562255859375
-0.0224475860595703 0.0124263763427734 -0.549407958984375 0.39306640625
0.00895977020263672 0.0123071670532227 -0.0645751953125 0.50726318359375
0.00172805786132813 0.0108222961425781 0.2652587890625 0.251235961914063
-0.0030670166015625 -0.0207557678222656 0.34222412109375 -0.039398193359375
0.0163192749023438 -0.0352439880371094 -0.30438232421875 0.0524597167968751
0.0131549835205078 0.00456142425537109 -0.204025268554687 -0.246917724609375
0.0330162048339844 0.00701522827148438 0.154144287109375 -0.444305419921875
0.0139446258544922 0.0211086273193359 0.625732421875 -0.25115966796875
-0.0328140258789063 0.00791358947753906 0.64801025390625 0.4949951171875
-0.0285453796386719 -0.0186614990234375 0.071044921875 0.96185302734375
-0.02166748046875 0.0557785034179688 -0.40081787109375 0.609619140625
-0.0196418762207031 0.0673789978027344 0.0210227966308594 0.0400238037109375
-0.018035888671875 0.0552825927734375 0.37359619140625 -0.6300048828125
0.0148944854736328 0.0168685913085938 -0.2117919921875 -0.93914794921875
0.00139522552490234 0.00565481185913086 -0.798583984375 -0.25048828125
-0.00801372528076172 0.00638532638549805 -0.50726318359375 0.4329833984375
0.017791748046875 0.00188446044921875 -0.024505615234375 0.507476806640625
0.00363516807556152 2.52723693847656E-05 0.284271240234375 0.237548828125
-0.00704765319824219 -0.0244503021240234 0.34661865234375 -0.04461669921875
0.0132522583007812 -0.0372161865234375 -0.30328369140625 0.0455017089843751
0.0182209014892578 -0.00710487365722656 -0.190872192382813 -0.255569458007812
0.0450096130371094 -0.00455856323242188 0.184814453125 -0.43365478515625
0.0283851623535156 0.0204296112060547 0.653076171875 -0.20318603515625
-0.0254955291748047 0.012298583984375 0.62127685546875 0.5504150390625
-0.0299453735351562 -0.0160942077636719 0.00885009765625007 0.96807861328125
-0.0254936218261719 0.0485343933105469 -0.4154052734375 0.57586669921875
-0.0161170959472656 0.0577659606933594 0.0470428466796875 0.0145912170410156
-0.0179977416992188 0.0489006042480469 0.3497314453125 -0.65960693359375
0.0140819549560547 0.0187664031982422 -0.26666259765625 -0.91485595703125
0.012537956237793 0.00805282592773438 -0.8011474609375 -0.18780517578125
0.00616312026977539 -0.000939846038818359 -0.469573974609375 0.463531494140625
0.0269966125488281 -0.0105094909667969 0.00671386718749999 0.505035400390625
0.00552654266357422 -0.0116710662841797 0.294769287109375 0.226715087890625
-0.0111865997314453 -0.0265254974365234 0.347900390625 -0.053253173828125
0.0111236572265625 -0.0387649536132813 -0.306304931640625 0.0357666015625
0.0246410369873047 -0.0186634063720703 -0.185943603515625 -0.262969970703125
0.0565605163574219 -0.0134963989257813 0.203704833984375 -0.426483154296875
0.0416450500488281 0.0216026306152344 0.66778564453125 -0.17645263671875
-0.0198650360107422 0.0168685913085938 0.59991455078125 0.5853271484375
-0.0279655456542969 -0.0217800140380859 -0.02899169921875 0.9681396484375
-0.0198574066162109 0.0341644287109375 -0.41796875 0.548370361328125
-0.0031585693359375 0.0409393310546875 0.069305419921875 -0.0050201416015625
-0.012420654296875 0.0363922119140625 0.34002685546875 -0.68475341796875
0.0147056579589844 0.0166912078857422 -0.30010986328125 -0.9005126953125
0.0219898223876953 0.00836944580078125 -0.800048828125 -0.14874267578125
0.0159940719604492 -0.00722789764404297 -0.446319580078125 0.4801025390625
0.0340461730957031 -0.0219497680664063 0.02642822265625 0.501129150390625
0.0090789794921875 -0.0236930847167969 0.297821044921875 0.215667724609375
-0.0109024047851562 -0.0257625579833984 0.345672607421875 -0.06134033203125
0.0113029479980469 -0.0374984741210938 -0.31292724609375 0.0271911621093751
0.0300273895263672 -0.0274734497070313 -0.188308715820313 -0.270431518554687
0.064910888671875 -0.0208244323730469 0.21234130859375 -0.424530029296875
0.0511703491210938 0.0230522155761719 0.67535400390625 -0.1622314453125
-0.0164766311645508 0.0169677734375 0.59478759765625 0.60052490234375
-0.0240802764892578 -0.0317821502685547 -0.0407104492187499 0.96307373046875
-0.00398826599121094 0.0140142440795898 -0.413299560546875 0.53082275390625
0.0209083557128906 0.0209140777587891 0.087127685546875 -0.0185775756835938
-0.00221443176269531 0.0178318023681641 0.33697509765625 -0.697265625
0.0161161422729492 0.0106420516967773 -0.3115234375 -0.89569091796875
0.0265216827392578 0.0105037689208984 -0.79656982421875 -0.13177490234375
0.0230636596679688 -0.0109596252441406 -0.43389892578125 0.4835205078125
0.0400619506835938 -0.0317535400390625 0.029449462890625 0.497802734375
0.0123348236083984 -0.0317649841308594 0.293487548828125 0.210113525390625
-0.0102634429931641 -0.0235691070556641 0.339141845703125 -0.068695068359375
0.0142078399658203 -0.0325508117675781 -0.32281494140625 0.016815185546875
0.0337486267089844 -0.0341873168945313 -0.197158813476563 -0.27569580078125
0.0677490234375 -0.0255775451660156 0.2103271484375 -0.428009033203125
0.0532264709472656 0.0228347778320313 0.67950439453125 -0.16644287109375
-0.0163497924804687 0.0143585205078125 0.59808349609375 0.60089111328125
-0.0167579650878906 -0.0492324829101563 -0.034912109375 0.95721435546875
0.0206298828125 -0.0128078460693359 -0.39886474609375 0.520782470703125
0.0552177429199219 -0.00139999389648438 0.101181030273438 -0.0277175903320313
0.0148410797119141 -0.00674819946289063 0.34039306640625 -0.70941162109375
0.0165557861328125 -0.00257587432861328 -0.31304931640625 -0.8992919921875
0.0250988006591797 0.00960731506347656 -0.7943115234375 -0.12939453125
0.0251274108886719 -0.0113105773925781 -0.430450439453125 0.48480224609375
0.0421905517578125 -0.0369377136230469 0.028045654296875 0.49432373046875
0.0161209106445313 -0.0367889404296875 0.2840576171875 0.20562744140625
-0.00837135314941406 -0.0183238983154297 0.32916259765625 -0.078399658203125
0.01593017578125 -0.0263862609863281 -0.33148193359375 0.0104675292968749
0.035125732421875 -0.0356407165527344 -0.217514038085937 -0.2772216796875
0.0635299682617188 -0.0264053344726562 0.186309814453125 -0.43817138671875
0.0489845275878906 0.02178955078125 0.66424560546875 -0.2015380859375
-0.0196170806884766 0.00792694091796875 0.62652587890625 0.5595703125
-0.011260986328125 -0.0710220336914063 0.0188598632812499 0.94525146484375
0.0489311218261719 -0.0437583923339844 -0.375518798828125 0.53302001953125
0.0953369140625 -0.0260467529296875 0.096923828125 -0.0187301635742188
0.0389251708984375 -0.0368423461914063 0.36468505859375 -0.69989013671875
0.0175437927246094 -0.020660400390625 -0.2718505859375 -0.9244384765625
0.0178871154785156 0.00771522521972656 -0.792236328125 -0.17315673828125
0.0247631072998047 -0.00685501098632812 -0.455810546875 0.46270751953125
0.0426101684570313 -0.0371017456054688 0.00283813476562499 0.4913330078125
0.0182838439941406 -0.0385284423828125 0.267837524414063 0.211166381835937
-0.00291824340820312 -0.0134658813476563 0.320098876953125 -0.0821533203125
0.0244159698486328 -0.0286636352539063 -0.3126220703125 0.0581054687499999
0.00882339477539063 0.0177555084228516 -0.249465942382813 -0.233261108398438
0.0178737640380859 0.0277061462402344 0.07672119140625 -0.46466064453125
-0.00921630859375 0.0277881622314453 0.558258056640625 -0.35662841796875
-0.04730224609375 0.00238418579101564 0.70928955078125 0.35516357421875
-0.0270271301269531 -0.0374069213867188 0.2276611328125 0.92041015625
0.00706863403320313 0.0385551452636719 -0.3419189453125 0.6795654296875
0.00796890258789062 0.0642242431640625 -0.0250778198242187 0.092498779296875
0.00603485107421875 0.0452842712402344 0.431640625 -0.57110595703125
0.0226688385009766 -0.00201034545898438 -0.0682373046875001 -0.99462890625
-0.0191631317138672 -0.00619888305664063 -0.77606201171875 -0.3975830078125
-0.0363883972167969 0.017486572265625 -0.590087890625 0.3553466796875
-0.0015106201171875 0.0197010040283203 -0.099822998046875 0.50421142578125
0.000699996948242188 0.0175533294677734 0.249374389648438 0.260543823242188
0.00195121765136719 -0.016118049621582 0.3372802734375 -0.0411376953125
0.0195236206054688 -0.0331134796142578 -0.3079833984375 0.059356689453125
0.00948905944824219 0.0132427215576172 -0.226211547851563 -0.237945556640625
0.0240554809570313 0.0174579620361328 0.11383056640625 -0.4581298828125
0.00137901306152344 0.0235977172851563 0.595947265625 -0.30950927734375
-0.0404281616210938 0.00462341308593749 0.68817138671875 0.42669677734375
-0.0276870727539063 -0.0263710021972656 0.15234375 0.94940185546875
-0.00912857055664062 0.0525779724121094 -0.37359619140625 0.65118408203125
-0.00949478149414063 0.0695571899414063 -0.00527572631835937 0.0690383911132813
-0.0076141357421875 0.055023193359375 0.40069580078125 -0.6046142578125
0.0183944702148438 0.00890159606933594 -0.14691162109375 -0.97265625
-0.010162353515625 -9.53674316404152E-07 -0.79638671875 -0.32049560546875
-0.0224742889404297 0.0130081176757812 -0.551361083984375 0.401580810546875
0.00780773162841797 0.0120525360107422 -0.060394287109375 0.511444091796875
0.00127124786376953 0.010009765625 0.271774291992188 0.250808715820313
-0.00351333618164062 -0.0207748413085938 0.34423828125 -0.044189453125
0.0145683288574219 -0.0363388061523438 -0.305511474609375 0.055816650390625
0.0125188827514648 0.00401592254638672 -0.20648193359375 -0.246841430664062
0.0340538024902344 0.00591087341308594 0.153778076171875 -0.44781494140625
0.0146045684814453 0.020782470703125 0.62908935546875 -0.25811767578125
-0.0341510772705078 0.00879859924316406 0.66033935546875 0.495849609375
-0.0302257537841797 -0.0190200805664063 0.0800170898437499 0.969482421875
-0.0216560363769531 0.0554122924804688 -0.399658203125 0.619873046875
-0.018798828125 0.0674858093261719 0.0195121765136719 0.0408592224121094
-0.0156784057617188 0.0567970275878906 0.37139892578125 -0.6383056640625
0.0155534744262695 0.015869140625 -0.220703125 -0.9468994140625
0.00190019607543945 0.00560617446899414 -0.80828857421875 -0.24505615234375
-0.00923633575439453 0.00669670104980469 -0.50823974609375 0.441497802734375
0.0189361572265625 0.00093841552734375 -0.019805908203125 0.51239013671875
0.00336980819702148 -0.000649929046630859 0.290191650390625 0.238128662109375
-0.00798416137695313 -0.0239925384521484 0.35125732421875 -0.04962158203125
0.0120391845703125 -0.0388259887695312 -0.306365966796875 0.049072265625
0.0174312591552734 -0.00786876678466797 -0.195632934570313 -0.254776000976563
0.0456733703613281 -0.00550079345703125 0.182891845703125 -0.438629150390625
0.0300197601318359 0.0204734802246094 0.6563720703125 -0.211181640625
-0.0251293182373047 0.0136756896972656 0.63311767578125 0.5521240234375
-0.0311927795410156 -0.0168056488037109 0.01568603515625 0.976806640625
-0.0252037048339844 0.0501060485839844 -0.4149169921875 0.583251953125
-0.0165290832519531 0.0583839416503906 0.0457687377929688 0.0152816772460938
-0.0177841186523438 0.051239013671875 0.34832763671875 -0.66778564453125
0.0158119201660156 0.0193996429443359 -0.27685546875 -0.9234619140625
0.0134525299072266 0.00788784027099609 -0.80859375 -0.1812744140625
0.00509977340698242 -0.000343799591064453 -0.469757080078125 0.471588134765625
0.0268898010253906 -0.0111961364746094 0.012451171875 0.509765625
0.00606155395507813 -0.0128583908081055 0.30010986328125 0.22589111328125
-0.0107135772705078 -0.0251712799072266 0.350433349609375 -0.057586669921875
0.0112991333007813 -0.0390090942382813 -0.30908203125 0.04034423828125
0.024139404296875 -0.0183811187744141 -0.190155029296875 -0.262130737304687
0.057464599609375 -0.0146026611328125 0.202880859375 -0.431304931640625
0.0425643920898438 0.021087646484375 0.67303466796875 -0.18377685546875
-0.0205783843994141 0.0171699523925781 0.612548828125 0.586181640625
-0.0301475524902344 -0.0216274261474609 -0.02142333984375 0.975830078125
-0.0186500549316406 0.0345439910888672 -0.419830322265625 0.55792236328125
-0.00134658813476563 0.0417594909667969 0.0691909790039063 -0.00464630126953125
-0.0126686096191406 0.0374908447265625 0.33660888671875 -0.69146728515625
0.0155878067016602 0.0168046951293945 -0.30999755859375 -0.90869140625
0.0218582153320313 0.00804519653320313 -0.80767822265625 -0.13995361328125
0.0151033401489258 -0.00726795196533203 -0.4447021484375 0.488983154296875
0.0346908569335938 -0.0229530334472656 0.0304870605468751 0.50384521484375
0.00903511047363281 -0.0237827301025391 0.3037109375 0.21392822265625
-0.0126361846923828 -0.0244483947753906 0.348114013671875 -0.06512451171875
0.0115165710449219 -0.0378265380859375 -0.3170166015625 0.0313110351562501
0.0307750701904297 -0.0293388366699219 -0.192550659179688 -0.270370483398438
0.0652046203613281 -0.0225105285644531 0.20977783203125 -0.42999267578125
0.0523338317871094 0.0219535827636719 0.68084716796875 -0.17144775390625
-0.0178451538085938 0.0171279907226563 0.6072998046875 0.60015869140625
-0.0245246887207031 -0.0306396484375 -0.0346679687500001 0.97174072265625
-0.00453853607177734 0.0138731002807617 -0.411590576171875 0.537750244140625
0.0211143493652344 0.0212287902832031 0.0868377685546875 -0.0183944702148438
-0.00121307373046875 0.0185165405273438 0.3349609375 -0.70709228515625
0.0161714553833008 0.0104446411132813 -0.321533203125 -0.90252685546875
0.0259380340576172 0.0111560821533203 -0.8055419921875 -0.12811279296875
0.0242958068847656 -0.0110740661621094 -0.433807373046875 0.493072509765625
0.0392341613769531 -0.0326766967773437 0.036376953125 0.498504638671875
0.0114345550537109 -0.0323638916015625 0.298095703125 0.209686279296875
-0.0112533569335937 -0.0231361389160156 0.34246826171875 -0.074371337890625
0.0141677856445313 -0.0327854156494141 -0.32391357421875 0.021759033203125
0.0346775054931641 -0.0341606140136719 -0.20074462890625 -0.275146484375
0.0672264099121094 -0.0259628295898438 0.20855712890625 -0.433349609375
0.0546913146972656 0.0221977233886719 0.6827392578125 -0.17279052734375
-0.0165309906005859 0.0133304595947266 0.6087646484375 0.598876953125
-0.0185508728027344 -0.0481452941894531 -0.0260009765625 0.96466064453125
0.0195407867431641 -0.0134334564208984 -0.39947509765625 0.528228759765625
0.0553932189941406 -0.00311660766601563 0.100135803222656 -0.02764892578125
0.0155515670776367 -0.00683879852294922 0.33880615234375 -0.7183837890625
0.0165081024169922 -0.00190067291259766 -0.32421875 -0.9056396484375
0.0263347625732422 0.00919151306152344 -0.80291748046875 -0.12371826171875
0.0260906219482422 -0.0118598937988281 -0.42926025390625 0.49542236328125
0.0421333312988281 -0.0383338928222656 0.03277587890625 0.497344970703125
0.0148239135742188 -0.0381317138671875 0.28863525390625 0.203826904296875
-0.00773048400878906 -0.0179519653320312 0.33203125 -0.08282470703125
0.016448974609375 -0.0255641937255859 -0.33447265625 0.014129638671875
0.0342636108398438 -0.0365028381347656 -0.220458984375 -0.275787353515625
0.0629425048828125 -0.0281295776367188 0.18670654296875 -0.4412841796875
0.0491752624511719 0.0204010009765625 0.66864013671875 -0.20770263671875
-0.0201854705810547 0.0071868896484375 0.6380615234375 0.56048583984375
-0.0123519897460937 -0.0706787109375 0.0266723632812501 0.95367431640625
0.0494308471679688 -0.0449333190917969 -0.375335693359375 0.54052734375
0.0960464477539063 -0.0269012451171875 0.0972976684570313 -0.01806640625
0.0391159057617187 -0.0383110046386719 0.36297607421875 -0.71038818359375
0.0180568695068359 -0.0209503173828125 -0.28277587890625 -0.93060302734375
0.0179443359375 0.00781440734863281 -0.79901123046875 -0.1661376953125
0.024810791015625 -0.00731277465820312 -0.456787109375 0.473114013671875
0.0413169860839844 -0.0370521545410156 0.00741577148437497 0.49774169921875
0.0166168212890625 -0.0393714904785156 0.271682739257813 0.209854125976562
-0.00402259826660156 -0.013218879699707 0.322113037109375 -0.085784912109375
0.0249595642089844 -0.0292949676513672 -0.314727783203125 0.0632324218749999
0.00859260559082031 0.0173635482788086 -0.255691528320313 -0.233139038085937
0.0179882049560547 0.02593994140625 0.07220458984375 -0.469635009765625
-0.00859451293945313 0.0282249450683594 0.557952880859375 -0.364227294921875
-0.0489692687988281 0.00241851806640626 0.71917724609375 0.349853515625
-0.0289306640625 -0.0377426147460938 0.23590087890625 0.92529296875
0.00728607177734375 0.0383186340332031 -0.337890625 0.68798828125
0.0100555419921875 0.0640182495117187 -0.0259475708007813 0.0944137573242187
0.00816726684570312 0.0471954345703125 0.4288330078125 -0.578857421875
0.0220794677734375 -0.00268363952636719 -0.0782470703125 -1.0015869140625
-0.0196113586425781 -0.00665092468261719 -0.785888671875 -0.390869140625
-0.0350151062011719 0.0181159973144531 -0.58966064453125 0.366455078125
-0.00156211853027344 0.0200157165527344 -0.096221923828125 0.509185791015625
0.000694274902343749 0.0176486968994141 0.2554931640625 0.259536743164062
0.0014810562133789 -0.0157375335693359 0.33953857421875 -0.04608154296875
0.0178031921386719 -0.0319499969482422 -0.31011962890625 0.064208984375
0.00870418548583985 0.0132331848144531 -0.231719970703125 -0.23699951171875
0.0250034332275391 0.0173168182373047 0.11175537109375 -0.46282958984375
0.00141525268554688 0.0237255096435547 0.5968017578125 -0.31744384765625
-0.0419502258300781 0.00469970703125 0.69757080078125 0.42236328125
-0.030487060546875 -0.0262928009033203 0.1651611328125 0.9537353515625
-0.00823593139648438 0.0527305603027344 -0.36859130859375 0.659912109375
-0.00927352905273438 0.0699195861816406 -0.00571060180664062 0.0702629089355469
-0.0076141357421875 0.0558815002441406 0.39630126953125 -0.61273193359375
0.0187759399414063 0.00941085815429688 -0.1593017578125 -0.977783203125
-0.0102176666259766 0.000198364257812501 -0.803955078125 -0.31610107421875
-0.0229377746582031 0.0138111114501953 -0.5513916015625 0.410675048828125
0.00780200958251953 0.0132293701171875 -0.0543212890625 0.515289306640625
0.00174713134765625 0.0100393295288086 0.275070190429688 0.24859619140625
-0.00364303588867188 -0.0199718475341797 0.347320556640625 -0.0479736328125
0.0140876770019531 -0.0373725891113281 -0.307281494140625 0.060791015625
0.0123386383056641 0.00324440002441406 -0.212356567382813 -0.245529174804687
0.0349254608154297 0.00457954406738281 0.148101806640625 -0.452850341796875
0.0154075622558594 0.0203876495361328 0.6343994140625 -0.265380859375
-0.0343437194824219 0.00900459289550782 0.6708984375 0.49285888671875
-0.0316677093505859 -0.0183773040771484 0.0906982421875001 0.973876953125
-0.0207786560058594 0.0563545227050781 -0.39593505859375 0.62750244140625
-0.0182075500488281 0.0680885314941406 0.0197563171386719 0.0417327880859375
-0.0153083801269531 0.0575332641601562 0.36688232421875 -0.6483154296875
0.0159091949462891 0.0168170928955078 -0.233154296875 -0.95233154296875
0.00156497955322266 0.00533151626586914 -0.816650390625 -0.23785400390625
-0.00798892974853515 0.00667905807495117 -0.50665283203125 0.451202392578125
0.0183525085449219 0.000551223754882813 -0.01336669921875 0.51580810546875
0.0036773681640625 -0.000879287719726563 0.29547119140625 0.23614501953125
-0.00767326354980469 -0.0238609313964844 0.353057861328125 -0.05352783203125
0.0109367370605469 -0.0396041870117188 -0.308135986328125 0.053863525390625
0.0175266265869141 -0.00807476043701172 -0.199951171875 -0.252899169921875
0.0457267761230469 -0.00635147094726563 0.180633544921875 -0.443572998046875
0.0294914245605469 0.0193557739257812 0.6593017578125 -0.22003173828125
-0.0266456604003906 0.0137004852294922 0.64447021484375 0.5511474609375
-0.0326499938964844 -0.0153598785400391 0.02606201171875 0.98455810546875
-0.0254631042480469 0.0502395629882813 -0.41290283203125 0.59375
-0.0149154663085937 0.0586662292480469 0.0460586547851563 0.01641845703125
-0.0161781311035156 0.0523529052734375 0.34503173828125 -0.6778564453125
0.0154361724853516 0.0185298919677734 -0.28826904296875 -0.92608642578125
0.0131969451904297 0.00785541534423828 -0.8172607421875 -0.1749267578125
0.00552511215209961 -0.000878810882568359 -0.467803955078125 0.479766845703125
0.0262699127197266 -0.0117111206054688 0.017822265625 0.511566162109375
0.00605678558349609 -0.0136070251464844 0.30560302734375 0.223480224609375
-0.0115680694580078 -0.0249900817871094 0.354156494140625 -0.06243896484375
0.00918197631835938 -0.0394401550292969 -0.3104248046875 0.04510498046875
0.0249233245849609 -0.0199337005615234 -0.194381713867187 -0.26068115234375
0.0572509765625 -0.0163993835449219 0.199951171875 -0.437469482421875
0.0436172485351563 0.0214118957519531 0.67596435546875 -0.19091796875
-0.0215435028076172 0.0168380737304688 0.6236572265625 0.5855712890625
-0.0315666198730469 -0.0205974578857422 -0.0115966796874999 0.98388671875
-0.0200366973876953 0.0348529815673828 -0.4149169921875 0.56414794921875
-0.000679016113281249 0.0415763854980469 0.0688438415527344 -0.00436782836914062
-0.0102272033691406 0.0380401611328125 0.329833984375 -0.7001953125
0.0159463882446289 0.0161247253417969 -0.3226318359375 -0.91259765625
0.0218963623046875 0.00878524780273438 -0.81500244140625 -0.1336669921875
0.0161342620849609 -0.00706005096435547 -0.44195556640625 0.497406005859375
0.0346775054931641 -0.0247917175292969 0.03717041015625 0.508544921875
0.00853729248046875 -0.0242214202880859 0.308624267578125 0.213134765625
-0.0129318237304687 -0.0240917205810547 0.350128173828125 -0.07080078125
0.00989532470703125 -0.0386695861816406 -0.316925048828125 0.036712646484375
0.0308055877685547 -0.028900146484375 -0.197021484375 -0.268600463867188
0.0640640258789062 -0.023956298828125 0.208343505859375 -0.436798095703125
0.0526847839355469 0.0206146240234375 0.6864013671875 -0.180419921875
-0.0180778503417969 0.0184326171875 0.6180419921875 0.59906005859375
-0.0267963409423828 -0.0321311950683594 -0.0234985351562499 0.97894287109375
-0.00433444976806641 0.0138769149780273 -0.40899658203125 0.54718017578125
0.0228538513183594 0.0211887359619141 0.0878982543945313 -0.0181427001953125
-0.000946044921874999 0.0186710357666016 0.33026123046875 -0.7164306640625
0.0166482925415039 0.0100421905517578 -0.33203125 -0.90423583984375
0.0268707275390625 0.00909233093261719 -0.8126220703125 -0.117919921875
0.0236225128173828 -0.0113754272460938 -0.430938720703125 0.501373291015625
0.0390815734863281 -0.033843994140625 0.042510986328125 0.502197265625
0.0117702484130859 -0.0330429077148438 0.304931640625 0.207489013671875
-0.0124797821044922 -0.0221900939941406 0.343536376953125 -0.0794677734375
0.0125064849853516 -0.0339088439941406 -0.32843017578125 0.025390625
0.0321426391601563 -0.0352020263671875 -0.20599365234375 -0.2755126953125
0.0688362121582031 -0.0279350280761719 0.20623779296875 -0.439300537109375
0.0547752380371094 0.0205268859863281 0.6885986328125 -0.18243408203125
-0.0176677703857422 0.0145492553710937 0.6240234375 0.59783935546875
-0.0208969116210938 -0.0492362976074219 -0.0181274414062499 0.9715576171875
0.0200557708740234 -0.0135860443115234 -0.3966064453125 0.535064697265625
0.0565986633300781 -0.00351333618164063 0.100929260253906 -0.0276565551757813
0.0167551040649414 -0.0080108642578125 0.33404541015625 -0.7274169921875
0.0173530578613281 -0.00318622589111328 -0.33551025390625 -0.9110107421875
0.0267410278320313 0.00964736938476563 -0.8116455078125 -0.11572265625
0.026092529296875 -0.0117073059082031 -0.42724609375 0.503387451171875
0.0417327880859375 -0.0394020080566406 0.03997802734375 0.500518798828125
0.0137863159179688 -0.0391311645507813 0.292816162109375 0.20318603515625
-0.00848388671875 -0.0180263519287109 0.333251953125 -0.087432861328125
0.0158557891845703 -0.0259513854980469 -0.3365478515625 0.019927978515625
0.03485107421875 -0.0376510620117188 -0.225570678710937 -0.276077270507813
0.0639114379882813 -0.0303726196289063 0.183135986328125 -0.4503173828125
0.0504531860351562 0.0210838317871094 0.6728515625 -0.218994140625
-0.0204086303710938 0.00855064392089844 0.6505126953125 0.5562744140625
-0.0140380859375 -0.0711135864257813 0.0360717773437501 0.959716796875
0.0488357543945313 -0.0463218688964844 -0.373626708984375 0.54998779296875
0.0976486206054688 -0.0295257568359375 0.0969696044921875 -0.0186691284179688
0.0406455993652344 -0.0387039184570313 0.3583984375 -0.71734619140625
0.0181541442871094 -0.0224361419677734 -0.29473876953125 -0.93597412109375
0.0200119018554688 0.00803375244140625 -0.8087158203125 -0.160400390625
0.0254497528076172 -0.00648117065429688 -0.453216552734375 0.480743408203125
0.0416374206542969 -0.0379371643066406 0.014556884765625 0.499359130859375
0.0174636840820313 -0.0401115417480469 0.276580810546875 0.208465576171875
-0.00361156463623047 -0.0124292373657227 0.3245849609375 -0.090911865234375
0.0232124328613281 -0.0305194854736328 -0.31610107421875 0.0687561035156251
0.00862503051757813 0.0177459716796875 -0.2596435546875 -0.230178833007813
0.0193557739257813 0.02532958984375 0.06658935546875 -0.472930908203125
-0.00937461853027344 0.0275688171386719 0.556976318359375 -0.37384033203125
-0.0493431091308594 0.00330352783203124 0.729736328125 0.34356689453125
-0.030517578125 -0.0373382568359375 0.25048828125 0.92901611328125
0.00791168212890625 0.0400581359863281 -0.33203125 0.697021484375
0.0119514465332031 0.0643196105957031 -0.0244140625 0.095062255859375
0.00840377807617187 0.0466117858886719 0.42315673828125 -0.5870361328125
0.0230350494384766 -0.00251960754394531 -0.0903930664062501 -1.00543212890625
-0.0193309783935547 -0.00689125061035156 -0.79449462890625 -0.38446044921875
-0.03533935546875 0.0195350646972656 -0.5880126953125 0.3748779296875
-0.0015716552734375 0.0199337005615234 -0.08636474609375 0.512237548828125
0.000219345092773439 0.0178794860839844 0.26025390625 0.257766723632813
0.00111579895019531 -0.0153236389160156 0.34002685546875 -0.05194091796875
0.0158290863037109 -0.0332241058349609 -0.310791015625 0.0696411132812499
0.00919342041015625 0.0129108428955078 -0.2352294921875 -0.233810424804687
0.0242252349853516 0.0156173706054688 0.1072998046875 -0.466339111328125
0.00145149230957031 0.0227909088134766 0.59710693359375 -0.32659912109375
-0.0422515869140625 0.00475311279296875 0.70953369140625 0.416259765625
-0.0303192138671875 -0.026519775390625 0.1767578125 0.9578857421875
-0.00866699218749999 0.0528411865234375 -0.3641357421875 0.67041015625
-0.00782775878906249 0.0695915222167969 -0.00606536865234375 0.0711517333984375
-0.00614166259765625 0.0562896728515625 0.3929443359375 -0.62066650390625
0.0180912017822266 0.00897789001464844 -0.17041015625 -0.98236083984375
-0.00971126556396484 0.000555038452148437 -0.81439208984375 -0.30743408203125
-0.0226192474365234 0.0146007537841797 -0.5491943359375 0.420379638671875
0.00777435302734375 0.0121021270751953 -0.04718017578125 0.51806640625
0.00217914581298828 0.00997161865234375 0.280975341796875 0.2467041015625
-0.00348091125488281 -0.0197391510009766 0.349029541015625 -0.053558349609375
0.0130500793457031 -0.0374794006347656 -0.308380126953125 0.065887451171875
0.0121030807495117 0.00349140167236328 -0.216629028320312 -0.243392944335938
0.0352935791015625 0.00424957275390625 0.1446533203125 -0.4571533203125
0.0153179168701172 0.0191135406494141 0.63507080078125 -0.2760009765625
-0.0342044830322266 0.00955390930175781 0.68084716796875 0.4879150390625
-0.0331707000732422 -0.0186843872070313 0.1021728515625 0.9814453125
-0.01983642578125 0.0579147338867188 -0.39239501953125 0.63592529296875
-0.0170440673828125 0.06829833984375 0.0204887390136719 0.0428276062011719
-0.0141868591308594 0.0581474304199219 0.36199951171875 -0.65570068359375
0.0163068771362305 0.0168161392211914 -0.244384765625 -0.9556884765625
0.00173044204711914 0.00502300262451172 -0.825439453125 -0.2305908203125
-0.0075383186340332 0.00785064697265625 -0.503509521484375 0.460296630859375
0.0179996490478516 -0.000211715698242188 -0.00573730468750005 0.517913818359375
0.00292801856994629 -0.00162196159362793 0.29913330078125 0.233245849609375
-0.009185791015625 -0.0235671997070313 0.353759765625 -0.059600830078125
0.0095977783203125 -0.0396690368652344 -0.30853271484375 0.0589599609375
0.0175800323486328 -0.00800895690917969 -0.203811645507813 -0.251510620117188
0.0459060668945313 -0.00757598876953125 0.176788330078125 -0.447998046875
0.0304508209228516 0.0189933776855469 0.66204833984375 -0.23046875
-0.0275287628173828 0.0137805938720703 0.654541015625 0.54510498046875
-0.0342769622802734 -0.0164508819580078 0.0382080078125001 0.98907470703125
-0.0258140563964844 0.0505332946777344 -0.40826416015625 0.6021728515625
-0.014068603515625 0.0578651428222656 0.0465126037597656 0.0160064697265625
-0.01422119140625 0.0525665283203125 0.3389892578125 -0.68353271484375
0.0157546997070313 0.019622802734375 -0.30218505859375 -0.9302978515625
0.013432502746582 0.00697135925292969 -0.82574462890625 -0.164794921875
0.00602293014526367 -0.000476360321044922 -0.46392822265625 0.4893798828125
0.0260219573974609 -0.0128593444824219 0.0263671875 0.513214111328125
0.00493335723876953 -0.0136690139770508 0.310699462890625 0.2205810546875
-0.0125408172607422 -0.0247802734375 0.356231689453125 -0.068267822265625
0.00904464721679687 -0.0399589538574219 -0.312774658203125 0.04962158203125
0.0243625640869141 -0.0193347930908203 -0.199066162109375 -0.259658813476563
0.0569534301757812 -0.0189971923828125 0.19476318359375 -0.44232177734375
0.0448188781738281 0.0182838439941406 0.6802978515625 -0.20068359375
-0.0213050842285156 0.0172309875488281 0.63616943359375 0.58245849609375
-0.0333919525146484 -0.0194740295410156 -0.00140380859374999 0.98907470703125
-0.0183258056640625 0.0349750518798828 -0.4139404296875 0.5733642578125
0.00101089477539062 0.0412139892578125 0.0693626403808594 -0.00495147705078125
-0.009521484375 0.0384674072265625 0.325439453125 -0.70684814453125
0.0169496536254883 0.0160989761352539 -0.3353271484375 -0.9144287109375
0.02178955078125 0.00798416137695313 -0.82275390625 -0.1234130859375
0.0162181854248047 -0.00732517242431641 -0.4385986328125 0.505218505859375
0.0329093933105469 -0.0252361297607422 0.045074462890625 0.50921630859375
0.00782585144042969 -0.0249385833740234 0.3134765625 0.20977783203125
-0.0131816864013672 -0.0231895446777344 0.352691650390625 -0.0771484375
0.0094146728515625 -0.0387763977050781 -0.319000244140625 0.039520263671875
0.0296077728271484 -0.0302200317382813 -0.202301025390625 -0.266555786132812
0.0648384094238281 -0.0253639221191406 0.20361328125 -0.44195556640625
0.0539093017578125 0.0191192626953125 0.68951416015625 -0.18994140625
-0.0178775787353516 0.0190563201904297 0.62945556640625 0.594970703125
-0.0284461975097656 -0.0305366516113281 -0.0120239257812499 0.98345947265625
-0.00356674194335938 0.0138492584228516 -0.406707763671875 0.553985595703125
0.0223846435546875 0.0203971862792969 0.087432861328125 -0.0183029174804688
0.000633239746093751 0.0186119079589844 0.32415771484375 -0.7230224609375
0.0174331665039063 0.00946712493896484 -0.345458984375 -0.9091796875
0.0278949737548828 0.00883293151855469 -0.81976318359375 -0.1087646484375
0.0243492126464844 -0.0113239288330078 -0.4263916015625 0.511077880859375
0.0386505126953125 -0.0347709655761719 0.048065185546875 0.50616455078125
0.0102691650390625 -0.033782958984375 0.308502197265625 0.202911376953125
-0.0120716094970703 -0.0208740234375 0.34490966796875 -0.085174560546875
0.0120220184326172 -0.0338344573974609 -0.32904052734375 0.0306396484375
0.0330162048339844 -0.0361900329589844 -0.2119140625 -0.272018432617187
0.0674629211425781 -0.0291862487792969 0.202301025390625 -0.445098876953125
0.0561180114746094 0.01953125 0.690185546875 -0.19219970703125
-0.0175437927246094 0.0157842636108398 0.6331787109375 0.59381103515625
-0.0213737487792969 -0.0482063293457031 -0.00726318359374994 0.97845458984375
0.0200290679931641 -0.0141143798828125 -0.39471435546875 0.544464111328125
0.0565109252929688 -0.004119873046875 0.1011962890625 -0.0277328491210937
0.0175533294677734 -0.00719165802001953 0.326171875 -0.73455810546875
0.0179023742675781 -0.00231361389160156 -0.348876953125 -0.91082763671875
0.0266742706298828 0.00779342651367188 -0.8157958984375 -0.10711669921875
0.0262813568115234 -0.0114765167236328 -0.42376708984375 0.51171875
0.0410041809082031 -0.0390281677246094 0.046051025390625 0.501495361328125
0.0137748718261719 -0.0382652282714844 0.297821044921875 0.200347900390625
-0.00854110717773438 -0.0180702209472656 0.3350830078125 -0.0927734375
0.0146331787109375 -0.0268363952636719 -0.338836669921875 0.0252685546875001
0.0344047546386719 -0.0385360717773438 -0.230560302734375 -0.27301025390625
0.063751220703125 -0.0306282043457031 0.177581787109375 -0.454010009765625
0.0515289306640625 0.0187149047851563 0.6748046875 -0.2281494140625
-0.0216808319091797 0.00848960876464844 0.66119384765625 0.55316162109375
-0.0154495239257812 -0.0707244873046875 0.04766845703125 0.96405029296875
0.0489349365234375 -0.0459480285644531 -0.370697021484375 0.557037353515625
0.0973587036132813 -0.0302886962890625 0.0967025756835938 -0.0186233520507813
0.0406417846679687 -0.0396766662597656 0.353271484375 -0.72576904296875
0.0185680389404297 -0.0231094360351563 -0.30706787109375 -0.939453125
0.0201015472412109 0.00778961181640625 -0.81549072265625 -0.1517333984375
0.0250644683837891 -0.00686073303222656 -0.45050048828125 0.490203857421875
0.0410957336425781 -0.038604736328125 0.019744873046875 0.50018310546875
0.017303466796875 -0.0409431457519531 0.28228759765625 0.207275390625
-0.00358200073242187 -0.0115652084350586 0.325439453125 -0.09698486328125
0.0216503143310547 -0.0312461853027344 -0.316680908203125 0.074432373046875
0.0097503662109375 0.0172195434570313 -0.264404296875 -0.226943969726563
0.0190792083740234 0.0248031616210938 0.06048583984375 -0.475860595703125
-0.00868034362792969 0.0280342102050781 0.55474853515625 -0.38323974609375
-0.0498046875 0.00389480590820313 0.737548828125 0.337890625
-0.032135009765625 -0.0369606018066406 0.26397705078125 0.92913818359375
0.007843017578125 0.0386085510253906 -0.32257080078125 0.70306396484375
0.0130157470703125 0.0642929077148438 -0.023834228515625 0.0966644287109375
0.00930023193359374 0.0468330383300781 0.41778564453125 -0.59478759765625
0.0229473114013672 -0.00358200073242188 -0.10516357421875 -1.0111083984375
-0.0195541381835938 -0.00671768188476562 -0.80413818359375 -0.37579345703125
-0.0350971221923828 0.0210304260253906 -0.58599853515625 0.38665771484375
-0.00152397155761719 0.0188179016113281 -0.0791015625 0.51556396484375
0.00096416473388672 0.0173730850219727 0.265731811523438 0.254974365234375
0.00121402740478516 -0.0147838592529297 0.3416748046875 -0.058319091796875
0.0160694122314453 -0.0344181060791016 -0.311126708984375 0.075439453125
0.00965213775634766 0.0132923126220703 -0.239990234375 -0.231216430664063
0.0246753692626953 0.01513671875 0.101104736328125 -0.470001220703125
0.00167465209960938 0.0224285125732422 0.59619140625 -0.33697509765625
-0.0422554016113281 0.00622558593749999 0.71954345703125 0.40850830078125
-0.032806396484375 -0.0255622863769531 0.1923828125 0.96099853515625
-0.00791931152343751 0.0534172058105469 -0.35687255859375 0.67974853515625
-0.00651168823242188 0.070098876953125 -0.00502014160156251 0.0716934204101563
-0.00473403930664063 0.0576896667480469 0.3873291015625 -0.6285400390625
0.0183982849121094 0.00879478454589844 -0.18377685546875 -0.985595703125
-0.00995349884033203 -2.28881835937512E-05 -0.82208251953125 -0.29736328125
-0.0219688415527344 0.0157527923583984 -0.5460205078125 0.43060302734375
0.00744247436523437 0.0122013092041016 -0.0401611328125 0.51983642578125
0.00210285186767578 0.00973701477050781 0.28839111328125 0.24359130859375
-0.00376701354980469 -0.0192298889160156 0.3502197265625 -0.060821533203125
0.0121726989746094 -0.0382003784179688 -0.30877685546875 0.07220458984375
0.0127019882202148 0.00317287445068359 -0.221160888671875 -0.240692138671875
0.0345230102539063 0.00255203247070313 0.14019775390625 -0.4609375
0.0160064697265625 0.0186595916748047 0.63433837890625 -0.2860107421875
-0.0351600646972656 0.0103187561035156 0.69281005859375 0.48028564453125
-0.0339679718017578 -0.0165824890136719 0.11627197265625 0.98370361328125
-0.0200614929199219 0.0575599670410156 -0.38580322265625 0.64459228515625
-0.0152549743652344 0.0684852600097656 0.0203132629394531 0.0428047180175781
-0.0129508972167969 0.0599822998046875 0.35552978515625 -0.662353515625
0.0172176361083984 0.0164976119995117 -0.2596435546875 -0.9580078125
0.00244808197021484 0.00574159622192383 -0.83209228515625 -0.21875
-0.00679111480712891 0.00851964950561523 -0.499542236328125 0.469970703125
0.0171747207641602 -3.4332275390625E-05 0.00125122070312503 0.52008056640625
0.00354456901550293 -0.00191378593444824 0.30389404296875 0.230133056640625
-0.00903701782226563 -0.0231857299804688 0.35540771484375 -0.065643310546875
0.00884246826171875 -0.0403022766113281 -0.308074951171875 0.064453125
0.0165719985961914 -0.0082244873046875 -0.2091064453125 -0.248550415039063
0.0470123291015625 -0.00904083251953125 0.173004150390625 -0.4527587890625
0.0307407379150391 0.0177803039550781 0.6624755859375 -0.24102783203125
-0.0276222229003906 0.0142250061035156 0.66656494140625 0.5374755859375
-0.0357742309570313 -0.0157661437988281 0.0524291992187501 0.991943359375
-0.024444580078125 0.0510215759277344 -0.40203857421875 0.609619140625
-0.012725830078125 0.0585746765136719 0.0455894470214844 0.0165939331054688
-0.01348876953125 0.0523147583007813 0.3302001953125 -0.69158935546875
0.016998291015625 0.0189266204833984 -0.3150634765625 -0.93084716796875
0.0132064819335938 0.00699806213378906 -0.83184814453125 -0.15496826171875
0.00716781616210938 -0.000236034393310547 -0.459930419921875 0.498138427734375
0.0257415771484375 -0.0131969451904297 0.034515380859375 0.513641357421875
0.00514030456542969 -0.014185905456543 0.315765380859375 0.21612548828125
-0.0123386383056641 -0.0243606567382812 0.35650634765625 -0.073486328125
0.0069427490234375 -0.0404701232910156 -0.3128662109375 0.05657958984375
0.0237960815429688 -0.0210018157958984 -0.204345703125 -0.257369995117188
0.0574913024902344 -0.0191726684570313 0.191925048828125 -0.447601318359375
0.0461349487304688 0.017852783203125 0.67987060546875 -0.21197509765625
-0.0228519439697266 0.0180492401123047 0.64862060546875 0.57403564453125
-0.0347118377685547 -0.0197811126708984 0.012451171875 0.99420166015625
-0.0188369750976563 0.0358200073242187 -0.40838623046875 0.58203125
0.0010528564453125 0.0407562255859375 0.0689315795898438 -0.00513458251953125
-0.0089569091796875 0.039764404296875 0.31854248046875 -0.71527099609375
0.0167341232299805 0.0163469314575195 -0.34857177734375 -0.91558837890625
0.0227203369140625 0.00816726684570313 -0.82843017578125 -0.11383056640625
0.0165748596191406 -0.00773239135742188 -0.4322509765625 0.51513671875
0.0327529907226563 -0.0259513854980469 0.052490234375 0.51007080078125
0.00695419311523438 -0.0247898101806641 0.31927490234375 0.20489501953125
-0.0137825012207031 -0.0226573944091797 0.35394287109375 -0.083526611328125
0.00818634033203125 -0.0381889343261719 -0.32037353515625 0.045806884765625
0.0291385650634766 -0.0306663513183594 -0.206069946289063 -0.264312744140625
0.0651741027832031 -0.0278358459472656 0.199737548828125 -0.4454345703125
0.0540351867675781 0.0190353393554688 0.6893310546875 -0.1990966796875
-0.0183029174804688 0.0196933746337891 0.6441650390625 0.5902099609375
-0.0291805267333984 -0.0301761627197266 0.000183105468750096 0.989501953125
-0.00383567810058594 0.0141077041625977 -0.40142822265625 0.563232421875
0.0239944458007812 0.0204830169677734 0.086334228515625 -0.0191192626953125
0.00153350830078125 0.0192985534667969 0.3154296875 -0.72991943359375
0.0183601379394531 0.00988197326660156 -0.3594970703125 -0.90728759765625
0.0277996063232422 0.00762939453125 -0.82568359375 -0.0986938476562501
0.0238838195800781 -0.0124015808105469 -0.4212646484375 0.518402099609375
0.0387496948242188 -0.0356979370117188 0.058074951171875 0.50616455078125
0.00942039489746094 -0.035125732421875 0.313385009765625 0.201019287109375
-0.0124340057373047 -0.0210304260253906 0.344573974609375 -0.092010498046875
0.0109825134277344 -0.0335483551025391 -0.330322265625 0.036041259765625
0.032318115234375 -0.0363731384277344 -0.215805053710938 -0.2701416015625
0.0670394897460938 -0.0318641662597656 0.198974609375 -0.44989013671875
0.0563583374023438 0.017669677734375 0.69287109375 -0.204345703125
-0.017578125 0.0160999298095703 0.6466064453125 0.589111328125
-0.0231513977050781 -0.0489082336425781 0.00616455078124994 0.98297119140625
0.0196247100830078 -0.0151195526123047 -0.38848876953125 0.55169677734375
0.0568885803222656 -0.00537872314453125 0.101371765136719 -0.02825927734375
0.0180873870849609 -0.00783538818359375 0.3192138671875 -0.7423095703125
0.0186252593994141 -0.00344276428222656 -0.3631591796875 -0.91290283203125
0.0263118743896484 0.007781982421875 -0.822509765625 -0.0952758789062498
0.02728271484375 -0.0129318237304688 -0.4188232421875 0.519500732421875
0.0396385192871094 -0.0407981872558594 0.0541992187499999 0.5032958984375
0.0115814208984375 -0.0396270751953125 0.303375244140625 0.1968994140625
-0.00837326049804688 -0.0170955657958984 0.334808349609375 -0.099151611328125
0.0137042999267578 -0.0279293060302734 -0.34033203125 0.03045654296875
0.0329627990722656 -0.0389671325683594 -0.235946655273437 -0.269989013671875
0.0631027221679688 -0.032806396484375 0.173797607421875 -0.45867919921875
0.0516395568847656 0.0172920227050781 0.67572021484375 -0.23895263671875
-0.0218029022216797 0.00961303710937499 0.67425537109375 0.54638671875
-0.017578125 -0.07080078125 0.059814453125 0.9677734375
0.0481796264648438 -0.0484199523925781 -0.3638916015625 0.56524658203125
0.0984649658203125 -0.0330963134765625 0.0968856811523437 -0.0191879272460938
0.0415534973144531 -0.0406341552734375 0.34381103515625 -0.73516845703125
0.0179786682128906 -0.0229988098144531 -0.3209228515625 -0.93890380859375
0.01995849609375 0.00761604309082031 -0.8218994140625 -0.14080810546875
0.0260677337646484 -0.00721168518066406 -0.4443359375 0.498321533203125
0.0404510498046875 -0.0397300720214844 0.02880859375 0.50250244140625
0.0158920288085938 -0.04083251953125 0.286041259765625 0.20269775390625
-0.00402641296386719 -0.0109529495239258 0.325439453125 -0.1029052734375
0.0205001831054687 -0.0315113067626953 -0.315948486328125 0.07904052734375
0.00959110260009766 0.0168676376342773 -0.268890380859375 -0.221359252929687
0.0195140838623047 0.0232448577880859 0.053375244140625 -0.475982666015625
-0.00809478759765625 0.0273780822753906 0.550994873046875 -0.393707275390625
-0.0499534606933594 0.00478363037109376 0.74603271484375 0.32611083984375
-0.0346031188964844 -0.0363235473632813 0.27923583984375 0.9283447265625
0.00822830200195312 0.0386848449707031 -0.31494140625 0.71197509765625
0.0137290954589844 0.0629768371582031 -0.0242156982421875 0.097869873046875
0.0102691650390625 0.0476303100585938 0.41009521484375 -0.60137939453125
0.0228786468505859 -0.00336265563964844 -0.12005615234375 -1.0133056640625
-0.0197944641113281 -0.00652885437011719 -0.8115234375 -0.3653564453125
-0.0353851318359375 0.0211639404296875 -0.58148193359375 0.3966064453125
-0.00143814086914063 0.0188121795654297 -0.0731201171875 0.517730712890625
0.00107192993164063 0.0166778564453125 0.271148681640625 0.251312255859375
0.001251220703125 -0.0145626068115234 0.342529296875 -0.063995361328125
0.0143756866455078 -0.0349197387695313 -0.310333251953125 0.081024169921875
0.00913524627685547 0.0122127532958984 -0.244842529296875 -0.227157592773438
0.0257110595703125 0.0144538879394531 0.09503173828125 -0.4735107421875
0.00228691101074219 0.0222759246826172 0.59417724609375 -0.34686279296875
-0.0434455871582031 0.00721740722656249 0.72760009765625 0.40130615234375
-0.0344028472900391 -0.0245647430419922 0.20611572265625 0.962646484375
-0.00792694091796875 0.0528717041015625 -0.34796142578125 0.68548583984375
-0.00505828857421875 0.0702400207519531 -0.0035400390625 0.0728836059570313
-0.00370025634765625 0.0575904846191406 0.3778076171875 -0.635498046875
0.0187625885009766 0.00758171081542969 -0.19964599609375 -0.9854736328125
-0.00972747802734375 0.000221252441406251 -0.83026123046875 -0.28546142578125
-0.0213642120361328 0.0152378082275391 -0.539581298828125 0.441680908203125
0.00773811340332031 0.0117511749267578 -0.03265380859375 0.521484375
0.00170469284057617 0.00841808319091797 0.292724609375 0.2396240234375
-0.00460243225097656 -0.0187282562255859 0.350677490234375 -0.066497802734375
0.01031494140625 -0.0383033752441406 -0.3084716796875 0.076507568359375
0.0121564865112305 0.0025482177734375 -0.225814819335937 -0.237274169921875
0.0350532531738281 0.00176811218261719 0.133880615234375 -0.465240478515625
0.0162391662597656 0.0178794860839844 0.63177490234375 -0.2962646484375
-0.035888671875 0.0102081298828125 0.70281982421875 0.4713134765625
-0.0356483459472656 -0.0168800354003906 0.129150390625 0.98431396484375
-0.02020263671875 0.0581436157226563 -0.3780517578125 0.651611328125
-0.01373291015625 0.0686798095703125 0.0211372375488281 0.0438652038574219
-0.011199951171875 0.0605583190917969 0.346923828125 -0.67041015625
0.01715087890625 0.0164270401000977 -0.2750244140625 -0.95684814453125
0.00283002853393555 0.00517606735229492 -0.83819580078125 -0.20703125
-0.00713348388671875 0.00867462158203125 -0.494140625 0.4794921875
0.0168304443359375 -0.000226974487304688 0.00952148437500001 0.519927978515625
0.00348472595214844 -0.00260472297668457 0.309722900390625 0.22625732421875
-0.00852584838867187 -0.0224895477294922 0.35662841796875 -0.07275390625
0.00768280029296875 -0.0404090881347656 -0.309356689453125 0.0697021484375001
0.0169887542724609 -0.00881290435791016 -0.213714599609375 -0.245864868164063
0.0470046997070313 -0.00981521606445313 0.166473388671875 -0.45709228515625
0.0309066772460937 0.0163116455078125 0.662353515625 -0.25048828125
-0.0283660888671875 0.0153293609619141 0.67779541015625 0.52838134765625
-0.0364952087402344 -0.0145912170410156 0.0670166015624999 0.9930419921875
-0.0238037109375 0.051727294921875 -0.39544677734375 0.61749267578125
-0.0121612548828125 0.057769775390625 0.0457725524902344 0.0166893005371094
-0.0122871398925781 0.0539741516113281 0.32177734375 -0.69775390625
0.0175647735595703 0.0189075469970703 -0.33013916015625 -0.9293212890625
0.0140371322631836 0.00651359558105469 -0.83477783203125 -0.1416015625
0.00664663314819336 -0.000478267669677734 -0.45306396484375 0.50738525390625
0.0258045196533203 -0.0139141082763672 0.041534423828125 0.51513671875
0.00433158874511719 -0.01519775390625 0.321044921875 0.212249755859375
-0.0127010345458984 -0.0234527587890625 0.356597900390625 -0.080963134765625
0.00639724731445312 -0.0405311584472656 -0.31268310546875 0.0614013671875
0.0223674774169922 -0.0214405059814453 -0.20806884765625 -0.25482177734375
0.0576858520507813 -0.0209617614746094 0.185394287109375 -0.45159912109375
0.0452651977539063 0.01617431640625 0.6810302734375 -0.2237548828125
-0.0218257904052734 0.0194244384765625 0.6585693359375 0.567138671875
-0.0352706909179688 -0.018585205078125 0.0258789062499999 0.996337890625
-0.0192375183105469 0.0363349914550781 -0.4007568359375 0.59014892578125
0.00233078002929688 0.0407981872558594 0.0680999755859375 -0.00465011596679687
-0.00689315795898437 0.0390243530273438 0.30908203125 -0.72320556640625
0.0172395706176758 0.0169706344604492 -0.3631591796875 -0.91363525390625
0.0226993560791016 0.00670051574707031 -0.8323974609375 -0.10205078125
0.0172510147094727 -0.00823688507080078 -0.4251708984375 0.522735595703125
0.0325527191162109 -0.0266380310058594 0.0611572265625 0.510223388671875
0.00669097900390625 -0.0264072418212891 0.32269287109375 0.20123291015625
-0.0132312774658203 -0.0226707458496094 0.353118896484375 -0.0902099609375
0.00790405273437499 -0.0379829406738281 -0.32037353515625 0.0526428222656249
0.0278949737548828 -0.0304355621337891 -0.211746215820313 -0.261672973632813
0.0646209716796875 -0.0289306640625 0.193756103515625 -0.4501953125
0.0554313659667969 0.0158615112304687 0.69256591796875 -0.21197509765625
-0.0175075531005859 0.0198879241943359 0.65521240234375 0.58087158203125
-0.0311698913574219 -0.0289630889892578 0.0134277343750001 0.99237060546875
-0.00489997863769531 0.0139379501342773 -0.3939208984375 0.57171630859375
0.0248565673828125 0.0196952819824219 0.0864486694335938 -0.0195236206054688
0.00274085998535156 0.0193042755126953 0.30474853515625 -0.737548828125
0.0184364318847656 0.0097808837890625 -0.37457275390625 -0.90679931640625
0.0279178619384766 0.00795555114746094 -0.82818603515625 -0.0857543945312498
0.0253524780273438 -0.0118083953857422 -0.414886474609375 0.5272216796875
0.0373878479003906 -0.0367050170898437 0.0643310546875 0.50604248046875
0.00852584838867187 -0.0349311828613281 0.317413330078125 0.196502685546875
-0.011932373046875 -0.0204811096191406 0.345458984375 -0.097412109375
0.0100727081298828 -0.0346088409423828 -0.330108642578125 0.042266845703125
0.0310745239257813 -0.0371246337890625 -0.220703125 -0.267608642578125
0.0672836303710938 -0.0341072082519531 0.193115234375 -0.454620361328125
0.0574951171875 0.016357421875 0.69287109375 -0.21441650390625
-0.0178585052490234 0.0162334442138672 0.65716552734375 0.58056640625
-0.0248947143554688 -0.0474281311035156 0.02069091796875 0.983642578125
0.0191001892089844 -0.0153713226318359 -0.38323974609375 0.559783935546875
0.0571937561035156 -0.00676345825195312 0.100395202636719 -0.0281448364257812
0.0182113647460938 -0.00732994079589844 0.309326171875 -0.7479248046875
0.0187320709228516 -0.00406455993652344 -0.376220703125 -0.909423828125
0.0274124145507813 0.00679397583007813 -0.82598876953125 -0.0833740234374999
0.0280055999755859 -0.0128345489501953 -0.410919189453125 0.52764892578125
0.0387420654296875 -0.0419273376464844 0.061767578125 0.50390625
0.0114669799804688 -0.0409812927246094 0.307403564453125 0.19207763671875
-0.00832748413085938 -0.0160932540893555 0.334686279296875 -0.106353759765625
0.0135498046875 -0.0277671813964844 -0.340728759765625 0.03643798828125
0.0323486328125 -0.0395088195800781 -0.239349365234375 -0.266891479492187
0.06292724609375 -0.0341415405273437 0.167236328125 -0.463775634765625
0.0514259338378906 0.015625 0.6748046875 -0.250732421875
-0.0223293304443359 0.00963783264160156 0.68267822265625 0.53753662109375
-0.0195159912109375 -0.0702400207519531 0.0747070312499999 0.9677734375
0.0464134216308594 -0.0498199462890625 -0.35748291015625 0.57257080078125
0.0974960327148438 -0.0352325439453125 0.0969009399414063 -0.0185699462890625
0.0406417846679688 -0.0418357849121094 0.33599853515625 -0.7403564453125
0.0195598602294922 -0.0231113433837891 -0.33697509765625 -0.9373779296875
0.0204658508300781 0.00704002380371094 -0.82598876953125 -0.12884521484375
0.0265331268310547 -0.00762939453125 -0.438018798828125 0.507781982421875
0.040191650390625 -0.0404510498046875 0.03582763671875 0.503326416015625
0.0147781372070312 -0.0424118041992188 0.290283203125 0.199859619140625
-0.00390625 -0.0108461380004883 0.325775146484375 -0.10943603515625
0.0191516876220703 -0.0317020416259766 -0.31597900390625 0.085601806640625
0.0097341537475586 0.0172138214111328 -0.27325439453125 -0.216278076171875
0.0199451446533203 0.0225982666015625 0.046630859375 -0.4783935546875
-0.00794792175292968 0.0269622802734375 0.546905517578125 -0.4031982421875
-0.0508499145507813 0.00576400756835938 0.7548828125 0.31353759765625
-0.0352630615234375 -0.0346527099609375 0.29205322265625 0.9267578125
0.00897979736328125 0.038818359375 -0.3060302734375 0.7174072265625
0.0151824951171875 0.0629463195800781 -0.0222549438476563 0.0995254516601563
0.0120735168457031 0.0485496520996094 0.40167236328125 -0.6085205078125
0.0232524871826172 -0.00444984436035156 -0.13531494140625 -1.01300048828125
-0.0195884704589844 -0.00615692138671875 -0.8172607421875 -0.354248046875
-0.0336456298828125 0.0216999053955078 -0.57513427734375 0.4053955078125
-0.00157928466796875 0.0192413330078125 -0.063232421875 0.518798828125
0.00119686126708984 0.0165624618530273 0.275253295898438 0.247283935546875
0.000439643859863283 -0.0142583847045898 0.342254638671875 -0.070159912109375
0.0133075714111328 -0.0350875854492187 -0.310333251953125 0.086883544921875
0.0101308822631836 0.0125818252563477 -0.248199462890625 -0.223129272460937
0.0252895355224609 0.0131950378417969 0.087371826171875 -0.47393798828125
0.00196456909179687 0.0210170745849609 0.5889892578125 -0.35601806640625
-0.0440750122070313 0.007659912109375 0.7366943359375 0.38946533203125
-0.0351600646972656 -0.0238265991210938 0.22125244140625 0.958740234375
-0.007171630859375 0.0533103942871094 -0.3385009765625 0.6923828125
-0.0034637451171875 0.0704421997070312 -0.00453948974609375 0.074371337890625
-0.00200653076171875 0.0581436157226563 0.36932373046875 -0.64141845703125
0.0192012786865234 0.00799179077148438 -0.2156982421875 -0.98565673828125
-0.00991630554199219 0.000540733337402346 -0.8350830078125 -0.2747802734375
-0.0209026336669922 0.0167121887207031 -0.533203125 0.44921875
0.00788307189941406 0.0112161636352539 -0.023101806640625 0.5218505859375
0.00137519836425781 0.00883960723876953 0.2965087890625 0.235260009765625
-0.00404739379882812 -0.018280029296875 0.35015869140625 -0.07391357421875
0.0098876953125 -0.03924560546875 -0.306976318359375 0.0831909179687499
0.0113086700439453 0.00306987762451172 -0.229782104492187 -0.233078002929687
0.0347576141357422 0.000553131103515625 0.127105712890625 -0.46722412109375
0.0162773132324219 0.0175914764404297 0.630126953125 -0.306640625
-0.0369224548339844 0.0114784240722656 0.713623046875 0.46142578125
-0.0373077392578125 -0.0149116516113281 0.14581298828125 0.98236083984375
-0.0179557800292969 0.0578765869140625 -0.3671875 0.65924072265625
-0.0127983093261719 0.0679397583007813 0.0202751159667969 0.0450325012207031
-0.00951004028320313 0.0611076354980469 0.33709716796875 -0.67431640625
0.0179080963134766 0.0161361694335938 -0.28857421875 -0.95452880859375
0.0021662712097168 0.00426459312438965 -0.8431396484375 -0.19451904296875
-0.00656032562255859 0.00890731811523438 -0.4859619140625 0.487091064453125
0.0168771743774414 -0.000521659851074219 0.018951416015625 0.520355224609375
0.0018535852432251 -0.00203335285186768 0.31561279296875 0.2203369140625
-0.00927925109863281 -0.0215015411376953 0.35614013671875 -0.07861328125
0.0067901611328125 -0.0399551391601563 -0.3079833984375 0.075347900390625
0.0172014236450195 -0.00970077514648438 -0.217178344726563 -0.241973876953125
0.0458831787109375 -0.0120925903320312 0.1590576171875 -0.459320068359375
0.0317401885986328 0.0158271789550781 0.65899658203125 -0.2625732421875
-0.0285415649414063 0.0160083770751953 0.6875 0.51922607421875
-0.0383567810058594 -0.0126304626464844 0.0809326171875001 0.994140625
-0.0239219665527344 0.0522003173828125 -0.3885498046875 0.62530517578125
-0.0110321044921875 0.0576133728027344 0.0460624694824219 0.0164909362792969
-0.01080322265625 0.0540275573730469 0.31207275390625 -0.70294189453125
0.0169582366943359 0.0184173583984375 -0.3441162109375 -0.92626953125
0.0143880844116211 0.00581455230712891 -0.83966064453125 -0.1287841796875
0.0071568489074707 -0.000559329986572266 -0.44512939453125 0.514129638671875
0.0251579284667969 -0.0144615173339844 0.0499267578125001 0.51373291015625
0.00364303588867187 -0.0146427154541016 0.325103759765625 0.20751953125
-0.0129241943359375 -0.0225791931152344 0.35626220703125 -0.0885009765625
0.00508499145507813 -0.03985595703125 -0.312530517578125 0.06756591796875
0.0225906372070313 -0.0209941864013672 -0.212738037109375 -0.250030517578125
0.056854248046875 -0.022857666015625 0.179107666015625 -0.454376220703125
0.0457267761230469 0.014495849609375 0.6790771484375 -0.234619140625
-0.0219402313232422 0.0201816558837891 0.67022705078125 0.55908203125
-0.0373306274414062 -0.0179481506347656 0.03973388671875 0.9981689453125
-0.0187034606933594 0.0361862182617187 -0.39300537109375 0.5972900390625
0.00212478637695313 0.0397377014160156 0.06829833984375 -0.00478363037109375
-0.00600433349609375 0.0403175354003906 0.2979736328125 -0.72686767578125
0.0187759399414063 0.0159702301025391 -0.37982177734375 -0.90985107421875
0.0242958068847656 0.00752067565917969 -0.83392333984375 -0.0886230468750001
0.0177211761474609 -0.00776290893554687 -0.417877197265625 0.53009033203125
0.0307140350341797 -0.0275154113769531 0.0701293945312499 0.50848388671875
0.00478363037109375 -0.0270366668701172 0.327850341796875 0.196380615234375
-0.0135498046875 -0.0219459533691406 0.3521728515625 -0.0958251953125
0.0063934326171875 -0.0386772155761719 -0.320098876953125 0.0581054687499999
0.0283069610595703 -0.0314655303955078 -0.215988159179687 -0.258285522460938
0.0641860961914063 -0.0306930541992188 0.18682861328125 -0.45526123046875
0.0552406311035156 0.0150108337402344 0.6884765625 -0.22210693359375
-0.0182151794433594 0.0203361511230469 0.6644287109375 0.5733642578125
-0.0320930480957031 -0.0281772613525391 0.0282592773437501 0.9906005859375
-0.00493717193603516 0.0137386322021484 -0.38720703125 0.57763671875
0.0250492095947266 0.0187530517578125 0.0856475830078125 -0.019195556640625
0.00406455993652344 0.0190982818603516 0.295166015625 -0.74176025390625
0.0185832977294922 0.0091552734375 -0.38983154296875 -0.90228271484375
0.0281982421875 0.00683784484863281 -0.83148193359375 -0.0734863281250001
0.0246143341064453 -0.0119743347167969 -0.40625 0.535064697265625
0.0359954833984375 -0.0369224548339844 0.07354736328125 0.5050048828125
0.00780296325683593 -0.0350856781005859 0.321990966796875 0.190643310546875
-0.0124320983886719 -0.01947021484375 0.34478759765625 -0.104461669921875
0.00948715209960938 -0.0328807830810547 -0.33013916015625 0.0484619140625
0.0305709838867187 -0.0375289916992188 -0.224746704101563 -0.262542724609375
0.0659103393554688 -0.0352783203125 0.1866455078125 -0.459014892578125
0.0579681396484375 0.0156669616699219 0.6917724609375 -0.22705078125
-0.0193939208984375 0.0171165466308594 0.66815185546875 0.57171630859375
-0.0264015197753906 -0.0463066101074219 0.0354003906249999 0.98504638671875
0.0193881988525391 -0.0159225463867188 -0.37518310546875 0.56536865234375
0.0577278137207031 -0.00780105590820313 0.0999908447265625 -0.028564453125
0.0195484161376953 -0.00838088989257813 0.29718017578125 -0.75341796875
0.0189437866210937 -0.00307655334472656 -0.3927001953125 -0.90576171875
0.0273780822753906 0.00726127624511719 -0.8294677734375 -0.07037353515625
0.0273609161376953 -0.0128040313720703 -0.402435302734375 0.53515625
0.0384025573730469 -0.0423583984375 0.071014404296875 0.501739501953125
0.0106430053710938 -0.0402030944824219 0.311065673828125 0.18768310546875
-0.00878810882568359 -0.014923095703125 0.333282470703125 -0.1126708984375
0.0124492645263672 -0.0275802612304688 -0.341156005859375 0.043060302734375
0.0321884155273438 -0.0390968322753906 -0.243759155273438 -0.261810302734375
0.0614547729492188 -0.0359725952148438 0.1610107421875 -0.467620849609375
0.0523834228515625 0.0135269165039063 0.67333984375 -0.26220703125
-0.0228672027587891 0.0106430053710937 0.694091796875 0.5277099609375
-0.0219841003417969 -0.0689430236816406 0.0881958007812501 0.96673583984375
0.0462417602539063 -0.0493621826171875 -0.350341796875 0.57794189453125
0.0969924926757813 -0.0368423461914063 0.0961456298828125 -0.0193710327148438
0.0413970947265625 -0.0420188903808594 0.32305908203125 -0.74615478515625
0.0186271667480469 -0.0245800018310547 -0.35260009765625 -0.9342041015625
0.0208892822265625 0.00571632385253906 -0.830078125 -0.1173095703125
0.0265102386474609 -0.00816154479980469 -0.42950439453125 0.515838623046875
0.0389595031738281 -0.0412330627441406 0.0435180664062499 0.50164794921875
0.0137100219726563 -0.0427322387695313 0.295654296875 0.1947021484375
-0.00341892242431641 -0.00977802276611328 0.324615478515625 -0.1151123046875
0.0182285308837891 -0.0320758819580078 -0.31390380859375 0.09063720703125
0.00904560089111328 0.0163211822509766 -0.276702880859375 -0.211105346679687
0.0203151702880859 0.0215263366699219 0.039031982421875 -0.47821044921875
-0.00750541687011719 0.0267658233642578 0.53973388671875 -0.410430908203125
-0.0516128540039063 0.00730514526367187 0.75885009765625 0.30279541015625
-0.0369491577148438 -0.0331764221191406 0.30694580078125 0.92010498046875
0.00931930541992187 0.0382156372070313 -0.29449462890625 0.72137451171875
0.0165748596191406 0.0626258850097656 -0.0218963623046875 0.0997390747070313
0.0134315490722656 0.0477828979492188 0.3931884765625 -0.614501953125
0.0234508514404297 -0.00434112548828125 -0.153076171875 -1.01080322265625
-0.0191898345947266 -0.00584220886230469 -0.82330322265625 -0.3394775390625
-0.0329208374023438 0.0229530334472656 -0.56768798828125 0.41436767578125
-0.00130844116210938 0.019287109375 -0.054901123046875 0.5174560546875
0.000654220581054689 0.0164003372192383 0.279052734375 0.242828369140625
0.000931739807128907 -0.0129594802856445 0.3404541015625 -0.07647705078125
0.0124130249023437 -0.03570556640625 -0.307708740234375 0.092010498046875
0.00984382629394531 0.011784553527832 -0.251358032226563 -0.217758178710938
0.0258522033691406 0.0117111206054688 0.081146240234375 -0.4757080078125
0.00216293334960937 0.0207157135009766 0.58489990234375 -0.36456298828125
-0.0448760986328125 0.00890731811523436 0.74249267578125 0.37744140625
-0.0370140075683594 -0.0220909118652344 0.23468017578125 0.95538330078125
-0.0059814453125 0.0537986755371094 -0.32794189453125 0.69818115234375
-0.00266265869140625 0.0694122314453125 -0.00299072265625 0.0745925903320313
-0.0011444091796875 0.0585060119628906 0.35955810546875 -0.6463623046875
0.0196819305419922 0.00775718688964844 -0.22900390625 -0.98260498046875
-0.00885391235351563 0.000914573669433594 -0.83868408203125 -0.26043701171875
-0.0200061798095703 0.0172634124755859 -0.524261474609375 0.457855224609375
0.00745868682861328 0.0114030838012695 -0.013885498046875 0.52081298828125
0.00135993957519531 0.0084691047668457 0.30010986328125 0.230224609375
-0.00469779968261719 -0.0179901123046875 0.34881591796875 -0.079833984375
0.00825119018554687 -0.0382766723632813 -0.30572509765625 0.08831787109375
0.0119619369506836 0.00297069549560547 -0.233795166015625 -0.227920532226563
0.0348987579345703 -0.000431060791015625 0.120513916015625 -0.46917724609375
0.0168991088867188 0.0161495208740234 0.6248779296875 -0.3167724609375
-0.0364837646484375 0.0121841430664063 0.7197265625 0.45001220703125
-0.0379562377929688 -0.0145263671875 0.15985107421875 0.97894287109375
-0.01837158203125 0.0584945678710938 -0.35845947265625 0.6634521484375
-0.0115432739257812 0.0678443908691406 0.0209999084472656 0.0450096130371094
-0.00770187377929688 0.0611686706542969 0.32537841796875 -0.678466796875
0.0181503295898438 0.015960693359375 -0.3038330078125 -0.9490966796875
0.00215053558349609 0.00473833084106445 -0.8450927734375 -0.17999267578125
-0.00537967681884765 0.00940704345703125 -0.47711181640625 0.49468994140625
0.0166473388671875 -0.000743865966796875 0.027191162109375 0.51885986328125
0.00174713134765625 -0.00295567512512207 0.318084716796875 0.215301513671875
-0.0097503662109375 -0.0208663940429688 0.353912353515625 -0.085601806640625
0.00510406494140625 -0.0399551391601563 -0.307525634765625 0.080963134765625
0.0165157318115234 -0.00891399383544922 -0.221343994140625 -0.237777709960938
0.0456886291503906 -0.0132102966308594 0.15191650390625 -0.4619140625
0.0313816070556641 0.0145549774169922 0.6552734375 -0.27313232421875
-0.0290699005126953 0.0161380767822266 0.6976318359375 0.50921630859375
-0.039154052734375 -0.0122222900390625 0.0958251953125001 0.99371337890625
-0.0224761962890625 0.0528564453125 -0.376953125 0.62957763671875
-0.00938796997070313 0.0572853088378906 0.0456123352050781 0.0163917541503906
-0.00942230224609375 0.0542869567871094 0.30072021484375 -0.70770263671875
0.0178108215332031 0.0180683135986328 -0.35784912109375 -0.919921875
0.0142049789428711 0.005706787109375 -0.8414306640625 -0.1165771484375
0.00795745849609375 6.4849853515625E-05 -0.4359130859375 0.521820068359375
0.0251884460449219 -0.0146770477294922 0.058685302734375 0.51190185546875
0.00306510925292969 -0.015167236328125 0.327606201171875 0.201904296875
-0.0126399993896484 -0.0219745635986328 0.3544921875 -0.0948486328125
0.00460433959960938 -0.0407638549804688 -0.310699462890625 0.073211669921875
0.0221977233886719 -0.0213737487792969 -0.217330932617188 -0.245559692382812
0.0562896728515625 -0.0241661071777344 0.17303466796875 -0.457855224609375
0.0457992553710938 0.0134010314941406 0.67510986328125 -0.2454833984375
-0.0222358703613281 0.0199527740478516 0.679443359375 0.545654296875
-0.03717041015625 -0.01708984375 0.0545654296874999 0.99432373046875
-0.0176315307617188 0.035858154296875 -0.38482666015625 0.60186767578125
0.00318145751953125 0.0394020080566406 0.0680351257324219 -0.00532913208007812
-0.00493240356445313 0.0395889282226563 0.28662109375 -0.73065185546875
0.0188732147216797 0.0161838531494141 -0.39251708984375 -0.90228271484375
0.0233974456787109 0.00597381591796875 -0.83514404296875 -0.0758056640625001
0.017669677734375 -0.00858306884765625 -0.40777587890625 0.53643798828125
0.0311222076416016 -0.0277481079101563 0.078033447265625 0.505615234375
0.00463485717773438 -0.0264167785644531 0.329559326171875 0.190032958984375
-0.0144519805908203 -0.0212879180908203 0.35003662109375 -0.10345458984375
0.005828857421875 -0.0386505126953125 -0.318939208984375 0.064117431640625
0.0267276763916016 -0.0314083099365234 -0.219802856445312 -0.252197265625
0.06304931640625 -0.0328102111816406 0.181182861328125 -0.45855712890625
0.0540199279785156 0.0139236450195313 0.6851806640625 -0.23675537109375
-0.0186977386474609 0.0206489562988281 0.67388916015625 0.56134033203125
-0.0331478118896484 -0.0268535614013672 0.0438232421875001 0.990234375
-0.00402164459228516 0.0143241882324219 -0.379150390625 0.584228515625
0.0254306793212891 0.0171527862548828 0.085723876953125 -0.0194015502929688
0.00382804870605469 0.0194339752197266 0.28289794921875 -0.745361328125
0.0190410614013672 0.00841903686523438 -0.40423583984375 -0.89642333984375
0.0289154052734375 0.00624847412109375 -0.8310546875 -0.0602416992187501
0.0241413116455078 -0.0136337280273437 -0.396026611328125 0.53955078125
0.0357818603515625 -0.0378913879394531 0.0819091796874999 0.501129150390625
0.00718116760253906 -0.0342788696289063 0.324981689453125 0.186187744140625
-0.0130329132080078 -0.0184478759765625 0.342926025390625 -0.111236572265625
0.00822830200195313 -0.0338535308837891 -0.330169677734375 0.055084228515625
0.0299758911132813 -0.0385513305664063 -0.229110717773437 -0.258148193359375
0.0651817321777344 -0.0366897583007813 0.17901611328125 -0.4620361328125
0.0572547912597656 0.0136184692382813 0.6864013671875 -0.23785400390625
-0.0191421508789063 0.018035888671875 0.677001953125 0.560791015625
-0.0272216796875 -0.0452651977539063 0.0488281249999999 0.98150634765625
0.0183906555175781 -0.0166358947753906 -0.36541748046875 0.5709228515625
0.0574722290039063 -0.00971603393554688 0.0998992919921875 -0.0296478271484375
0.0198040008544922 -0.00939369201660156 0.285400390625 -0.75665283203125
0.0189170837402344 -0.00441169738769531 -0.40643310546875 -0.898681640625
0.0278224945068359 0.00580596923828125 -0.82843017578125 -0.0566406250000001
0.0269298553466797 -0.0136909484863281 -0.394317626953125 0.5418701171875
0.0368423461914062 -0.0437850952148438 0.080413818359375 0.49932861328125
0.009521484375 -0.0411605834960938 0.3145751953125 0.181976318359375
-0.00917339324951172 -0.0142917633056641 0.331878662109375 -0.118865966796875
0.0118083953857422 -0.0271129608154297 -0.339569091796875 0.049530029296875
0.0306434631347656 -0.0407447814941406 -0.248214721679688 -0.256240844726563
0.0602645874023438 -0.0382347106933594 0.15423583984375 -0.470947265625
0.0519561767578125 0.0128669738769531 0.66876220703125 -0.2738037109375
-0.0227203369140625 0.0109939575195312 0.70208740234375 0.5152587890625
-0.0230255126953125 -0.0680923461914063 0.10107421875 0.96600341796875
0.0446243286132813 -0.050872802734375 -0.3414306640625 0.58258056640625
0.0974349975585938 -0.0388870239257813 0.0962982177734375 -0.0206375122070313
0.0412750244140625 -0.0438079833984375 0.31268310546875 -0.7503662109375
0.0183010101318359 -0.02423095703125 -0.36541748046875 -0.92901611328125
0.0209598541259766 0.005767822265625 -0.8310546875 -0.10223388671875
0.0266666412353516 -0.00830078125 -0.421142578125 0.52117919921875
0.0378913879394531 -0.0426712036132812 0.052978515625 0.500030517578125
0.01275634765625 -0.041839599609375 0.297393798828125 0.19024658203125
-0.00418281555175781 -0.00998020172119141 0.322235107421875 -0.120819091796875
0.0176353454589844 -0.0317344665527344 -0.31219482421875 0.09515380859375
0.00894355773925781 0.0161266326904297 -0.278564453125 -0.204910278320313
0.0209865570068359 0.0209083557128906 0.031494140625 -0.477294921875
-0.00789451599121094 0.0264244079589844 0.533935546875 -0.418701171875
-0.0522804260253906 0.00804519653320311 0.76275634765625 0.289794921875
-0.037750244140625 -0.0326499938964844 0.31781005859375 0.9127197265625
0.00973129272460938 0.037994384765625 -0.2818603515625 0.72332763671875
0.0170097351074219 0.0609626770019531 -0.0203399658203125 0.100616455078125
0.0149688720703125 0.047637939453125 0.38067626953125 -0.61639404296875
0.0227375030517578 -0.0048370361328125 -0.1654052734375 -1.00469970703125
-0.0204849243164062 -0.00532150268554687 -0.82635498046875 -0.32623291015625
-0.0326900482177734 0.0235233306884766 -0.5596923828125 0.420867919921875
-0.00124168395996094 0.0188503265380859 -0.04620361328125 0.51678466796875
0.000554084777832031 0.015655517578125 0.281982421875 0.23797607421875
0.00117111206054688 -0.0125341415405273 0.338531494140625 -0.083282470703125
0.0111541748046875 -0.0354347229003906 -0.306060791015625 0.096710205078125
0.0094146728515625 0.0121784210205078 -0.254348754882813 -0.212677001953125
0.0254745483398438 0.0112056732177734 0.0736083984375 -0.476318359375
0.00217819213867188 0.0199604034423828 0.5775146484375 -0.37420654296875
-0.0448493957519531 0.00989151000976563 0.74658203125 0.365234375
-0.03729248046875 -0.0212516784667969 0.24847412109375 0.9466552734375
-0.00553894042968751 0.0529365539550781 -0.3172607421875 0.69970703125
-0.000743865966796875 0.0685386657714844 -0.00131988525390625 0.0747299194335938
0.00112533569335938 0.0584068298339844 0.3477783203125 -0.648193359375
0.0196170806884766 0.00753593444824219 -0.2427978515625 -0.9771728515625
-0.00963211059570312 0.000160217285156249 -0.83984375 -0.24853515625
-0.0192337036132813 0.0178489685058594 -0.515838623046875 0.465545654296875
0.00725650787353516 0.010716438293457 -0.006622314453125 0.518707275390625
0.00101232528686523 0.00806045532226563 0.304779052734375 0.225616455078125
-0.0047760009765625 -0.0176963806152344 0.347137451171875 -0.086212158203125
0.00763320922851562 -0.0384521484375 -0.301849365234375 0.0930786132812501
0.0124473571777344 0.00211429595947266 -0.236724853515625 -0.223770141601562
0.0337810516357422 -0.000928878784179688 0.1138916015625 -0.470123291015625
0.0166835784912109 0.0154228210449219 0.61968994140625 -0.32598876953125
-0.0368270874023437 0.0128707885742188 0.72650146484375 0.43902587890625
-0.0387763977050781 -0.0125961303710937 0.173828125 0.97454833984375
-0.0184211730957031 0.0576896667480469 -0.3489990234375 0.6685791015625
-0.0105476379394531 0.0679855346679687 0.0211067199707031 0.0448837280273438
-0.006683349609375 0.0615615844726563 0.31634521484375 -0.67919921875
0.0181732177734375 0.0153141021728516 -0.3182373046875 -0.94366455078125
0.00303483009338379 0.00426220893859863 -0.84521484375 -0.1668701171875
-0.00565338134765625 0.00964069366455078 -0.467529296875 0.501068115234375
0.0163555145263672 -0.0018310546875 0.03485107421875 0.51513671875
0.00178289413452148 -0.0033562183380127 0.320831298828125 0.21044921875
-0.0098876953125 -0.020721435546875 0.351776123046875 -0.091339111328125
0.00404739379882812 -0.0407257080078125 -0.305023193359375 0.086822509765625
0.0156517028808594 -0.0093994140625 -0.224502563476562 -0.233505249023438
0.0440902709960938 -0.014923095703125 0.144866943359375 -0.462982177734375
0.0321445465087891 0.0132617950439453 0.6513671875 -0.28369140625
-0.0290336608886719 0.0175132751464844 0.70318603515625 0.49609375
-0.0402107238769531 -0.0106277465820312 0.10919189453125 0.9859619140625
-0.0230712890625 0.0519371032714844 -0.3682861328125 0.6331787109375
-0.00798034667968751 0.0566673278808594 0.0453643798828125 0.0167007446289063
-0.00831222534179687 0.05438232421875 0.289794921875 -0.70941162109375
0.018829345703125 0.0181121826171875 -0.3729248046875 -0.91387939453125
0.0152502059936523 0.00479221343994141 -0.84173583984375 -0.102783203125
0.00802040100097656 -0.000415802001953125 -0.425872802734375 0.527008056640625
0.0242595672607422 -0.0148334503173828 0.067779541015625 0.507598876953125
0.00249195098876953 -0.0146198272705078 0.33184814453125 0.195709228515625
-0.0132408142089844 -0.0216178894042969 0.351806640625 -0.1005859375
0.00329208374023438 -0.0394134521484375 -0.309417724609375 0.0787963867187501
0.0211715698242188 -0.0222339630126953 -0.220428466796875 -0.241317749023438
0.05511474609375 -0.0252456665039063 0.165863037109375 -0.45953369140625
0.0458145141601563 0.0113143920898438 0.6710205078125 -0.25616455078125
-0.0221214294433594 0.0208759307861328 0.68798828125 0.53546142578125
-0.0382041931152344 -0.0149307250976562 0.0681762695312501 0.9908447265625
-0.0181541442871094 0.0362930297851562 -0.376220703125 0.6058349609375
0.00440216064453125 0.0390357971191406 0.0674896240234375 -0.00518798828125
-0.00297164916992187 0.0399017333984375 0.275146484375 -0.732177734375
0.0191326141357422 0.0158863067626953 -0.40582275390625 -0.8946533203125
0.0237407684326172 0.00556373596191406 -0.8336181640625 -0.0624999999999999
0.0182819366455078 -0.00864791870117188 -0.398406982421875 0.54266357421875
0.0298061370849609 -0.0279369354248047 0.087158203125 0.50311279296875
0.00395774841308594 -0.0267181396484375 0.332000732421875 0.184173583984375
-0.0140914916992187 -0.0200061798095703 0.347320556640625 -0.1092529296875
0.00533676147460938 -0.0387458801269531 -0.317535400390625 0.0694580078125
0.0260353088378906 -0.0320968627929688 -0.223281860351563 -0.247833251953125
0.0627899169921875 -0.0336265563964844 0.17376708984375 -0.458587646484375
0.0547981262207031 0.0124130249023438 0.67950439453125 -0.244140625
-0.0181331634521484 0.021484375 0.6806640625 0.55029296875
-0.0345611572265625 -0.0255565643310547 0.0563964843749999 0.98681640625
-0.00423812866210937 0.0132331848144531 -0.36865234375 0.587890625
0.0260791778564453 0.0173149108886719 0.0842971801757812 -0.0200576782226562
0.00478744506835938 0.018463134765625 0.272216796875 -0.7469482421875
0.02001953125 0.0085296630859375 -0.414306640625 -0.88739013671875
0.0282745361328125 0.00591659545898437 -0.82989501953125 -0.0451660156250001
0.0246963500976563 -0.0130081176757813 -0.38623046875 0.54541015625
0.033782958984375 -0.0389747619628906 0.090301513671875 0.499542236328125
0.00652313232421875 -0.0361213684082031 0.327423095703125 0.179840087890625
-0.0128421783447266 -0.0178203582763672 0.33966064453125 -0.117218017578125
0.00777244567871094 -0.034027099609375 -0.327789306640625 0.0609130859375
0.0296821594238281 -0.0383033752441406 -0.233108520507813 -0.252273559570313
0.0640182495117187 -0.0378799438476562 0.172943115234375 -0.46246337890625
0.0571517944335938 0.0125389099121094 0.68231201171875 -0.24951171875
-0.0183334350585938 0.0188579559326172 0.683837890625 0.54864501953125
-0.0293502807617187 -0.0434913635253906 0.0623779296875 0.97869873046875
0.017115592956543 -0.0164508819580078 -0.3565673828125 0.57574462890625
0.0573387145996094 -0.0112113952636719 0.0975875854492188 -0.03033447265625
0.0200462341308594 -0.0100727081298828 0.274169921875 -0.759033203125
0.0196323394775391 -0.004852294921875 -0.417724609375 -0.89208984375
0.0285301208496094 0.00489234924316406 -0.8287353515625 -0.0439453124999999
0.0273933410644531 -0.0136985778808594 -0.383544921875 0.54461669921875
0.0356292724609375 -0.0439033508300781 0.085723876953125 0.495269775390625
0.00814437866210938 -0.041534423828125 0.3155517578125 0.17626953125
-0.00808238983154297 -0.0136737823486328 0.329681396484375 -0.1234130859375
0.0107021331787109 -0.0268478393554688 -0.338409423828125 0.0548095703125
0.0295181274414062 -0.0398941040039063 -0.251617431640625 -0.252593994140625
0.0595016479492188 -0.0392227172851563 0.14569091796875 -0.470977783203125
0.0522651672363281 0.0106964111328125 0.662109375 -0.282958984375
-0.0222587585449219 0.012054443359375 0.70941162109375 0.50445556640625
-0.0241584777832031 -0.0662040710449219 0.1156005859375 0.9603271484375
0.0431594848632813 -0.0513916015625 -0.3328857421875 0.58636474609375
0.0966415405273438 -0.0411376953125 0.0955429077148437 -0.0204315185546875
0.0411643981933594 -0.0435791015625 0.30084228515625 -0.75189208984375
0.0185699462890625 -0.0259494781494141 -0.38031005859375 -0.923095703125
0.0210037231445313 0.00431442260742188 -0.830322265625 -0.090576171875
0.0266056060791016 -0.00882339477539063 -0.412872314453125 0.525787353515625
0.0366783142089844 -0.0427742004394531 0.059539794921875 0.4964599609375
0.0116081237792969 -0.0423698425292969 0.300811767578125 0.184417724609375
-0.00369787216186523 -0.00830602645874023 0.319488525390625 -0.126495361328125
0.0159816741943359 -0.0330581665039063 -0.309234619140625 0.100616455078125
0.00991535186767578 0.0157155990600586 -0.281097412109375 -0.199172973632813
0.0216178894042969 0.0197639465332031 0.02496337890625 -0.4747314453125
-0.00762176513671875 0.0261917114257813 0.52606201171875 -0.4244384765625
-0.052337646484375 0.00892257690429688 0.76446533203125 0.27734375
-0.039581298828125 -0.0306167602539063 0.3297119140625 0.903564453125
0.00963592529296875 0.0364799499511719 -0.272216796875 0.72430419921875
0.018463134765625 0.0602226257324219 -0.0190048217773437 0.100753784179688
0.0165634155273438 0.0471878051757812 0.3712158203125 -0.61883544921875
0.0226554870605469 -0.00563240051269531 -0.17816162109375 -0.9986572265625
-0.0206260681152344 -0.00633811950683594 -0.8270263671875 -0.31427001953125
-0.0315666198730469 0.0236587524414062 -0.54998779296875 0.427459716796875
-0.0017852783203125 0.0188827514648438 -0.038726806640625 0.512176513671875
-0.000321388244628908 0.0155982971191406 0.2861328125 0.232757568359375
0.000586509704589842 -0.0134973526000977 0.335906982421875 -0.087646484375
0.009918212890625 -0.0351448059082031 -0.30230712890625 0.10211181640625
0.00969982147216797 0.0116567611694336 -0.256607055664062 -0.207687377929688
0.0250339508056641 0.010650634765625 0.06591796875 -0.473907470703125
0.00255203247070312 0.0200843811035156 0.5701904296875 -0.381103515625
-0.044769287109375 0.00975799560546875 0.75103759765625 0.35101318359375
-0.0393257141113281 -0.0192832946777344 0.25982666015625 0.93841552734375
-0.00597381591796876 0.0532073974609375 -0.30645751953125 0.7017822265625
-0.000286102294921875 0.0678482055664063 -0.00153350830078125 0.0755386352539063
0.00260925292968749 0.0579376220703125 0.33782958984375 -0.64813232421875
0.0194416046142578 0.00799179077148438 -0.255126953125 -0.96673583984375
-0.00862550735473633 0.000135898590087891 -0.83843994140625 -0.23370361328125
-0.0185565948486328 0.0174312591552734 -0.505706787109375 0.468994140625
0.00721836090087891 0.0112485885620117 0.0023193359375 0.514984130859375
0.000442028045654297 0.00787019729614258 0.305908203125 0.21868896484375
-0.00440120697021484 -0.0165719985961914 0.344329833984375 -0.09234619140625
0.00711441040039063 -0.0378684997558594 -0.3004150390625 0.098480224609375
0.0121526718139648 0.00171089172363281 -0.23828125 -0.217361450195313
0.0338459014892578 -0.0020294189453125 0.1064453125 -0.46783447265625
0.0158319473266602 0.0149955749511719 0.61236572265625 -0.33349609375
-0.0367813110351563 0.0144119262695313 0.7301025390625 0.42486572265625
-0.0392684936523438 -0.0113067626953125 0.18487548828125 0.96575927734375
-0.0172271728515625 0.0588798522949219 -0.33740234375 0.6683349609375
-0.00920867919921874 0.0669593811035156 0.0214157104492187 0.044891357421875
-0.00560379028320313 0.0606880187988281 0.30340576171875 -0.681640625
0.0184116363525391 0.0152015686035156 -0.328125 -0.9345703125
0.00339245796203613 0.00344777107238769 -0.8441162109375 -0.153564453125
-0.00505828857421875 0.0101470947265625 -0.456939697265625 0.50592041015625
0.016474723815918 -0.00154781341552734 0.044189453125 0.51092529296875
0.000931501388549805 -0.00372934341430664 0.321563720703125 0.2037353515625
-0.00971221923828125 -0.0192203521728516 0.34796142578125 -0.097381591796875
0.0026092529296875 -0.0399627685546875 -0.301971435546875 0.0914306640625
0.0160551071166992 -0.0102882385253906 -0.226577758789063 -0.227645874023437
0.0445289611816406 -0.0154876708984375 0.13763427734375 -0.462158203125
0.0304756164550781 0.0122852325439453 0.64288330078125 -0.2923583984375
-0.0297088623046875 0.017669677734375 0.707275390625 0.48297119140625
-0.0400924682617188 -0.00942993164062501 0.12225341796875 0.98016357421875
-0.0225868225097656 0.0515518188476563 -0.35931396484375 0.634765625
-0.00732421875 0.055877685546875 0.045379638671875 0.01690673828125
-0.00574493408203125 0.0541305541992188 0.27947998046875 -0.70904541015625
0.0193386077880859 0.0174484252929688 -0.3836669921875 -0.90423583984375
0.0149450302124023 0.00471019744873047 -0.83624267578125 -0.0902099609375
0.00770950317382813 0.000243663787841797 -0.416412353515625 0.530303955078125
0.0236930847167969 -0.0156764984130859 0.07470703125 0.503997802734375
0.00135993957519531 -0.0152339935302734 0.33135986328125 0.18939208984375
-0.0140399932861328 -0.0205516815185547 0.3486328125 -0.1063232421875
0.00258255004882813 -0.0408058166503906 -0.3057861328125 0.08331298828125
0.0197792053222656 -0.0219955444335938 -0.22186279296875 -0.235488891601563
0.0536384582519531 -0.0266189575195313 0.1583251953125 -0.460235595703125
0.0453033447265625 0.01123046875 0.66455078125 -0.26513671875
-0.0220184326171875 0.0215053558349609 0.69171142578125 0.5216064453125
-0.0393486022949219 -0.0140419006347656 0.0822143554687501 0.984375
-0.0180816650390625 0.0369033813476563 -0.3653564453125 0.607666015625
0.00409317016601563 0.0379600524902344 0.066680908203125 -0.00533294677734375
-0.00226211547851563 0.0391006469726563 0.2640380859375 -0.7322998046875
0.0205001831054688 0.0146427154541016 -0.41717529296875 -0.8848876953125
0.0242176055908203 0.00392723083496094 -0.83062744140625 -0.0494995117187498
0.017913818359375 -0.00920486450195313 -0.386962890625 0.544921875
0.0294475555419922 -0.0290470123291016 0.093109130859375 0.497650146484375
0.00349617004394531 -0.0268020629882813 0.334747314453125 0.179443359375
-0.0150032043457031 -0.0199565887451172 0.344970703125 -0.114471435546875
0.00403976440429687 -0.037872314453125 -0.31512451171875 0.0750732421875
0.0256481170654297 -0.0320243835449219 -0.225906372070313 -0.24249267578125
0.0610580444335938 -0.0351066589355469 0.16680908203125 -0.460540771484375
0.0550003051757813 0.0109024047851563 0.67413330078125 -0.25628662109375
-0.0180015563964844 0.0223674774169922 0.68572998046875 0.5362548828125
-0.0348758697509766 -0.0243759155273437 0.0682983398437501 0.97991943359375
-0.0050811767578125 0.0132980346679688 -0.3607177734375 0.58905029296875
0.0261993408203125 0.0151405334472656 0.0832138061523438 -0.020355224609375
0.00583076477050781 0.0183067321777344 0.26165771484375 -0.7469482421875
0.0203418731689453 0.00781059265136719 -0.4263916015625 -0.8773193359375
0.0289039611816406 0.00552940368652344 -0.82537841796875 -0.0336914062500001
0.024749755859375 -0.0145282745361328 -0.37677001953125 0.54766845703125
0.0326576232910156 -0.0394172668457031 0.0966796875 0.49310302734375
0.00536727905273438 -0.0355796813964844 0.3292236328125 0.173980712890625
-0.0115604400634766 -0.0171585083007813 0.33673095703125 -0.123382568359375
0.00722312927246094 -0.0327396392822266 -0.3258056640625 0.066162109375
0.0281600952148438 -0.0390739440917969 -0.235397338867188 -0.24713134765625
0.0634422302246094 -0.0398216247558594 0.164947509765625 -0.463287353515625
0.0569038391113281 0.0104026794433594 0.67718505859375 -0.2581787109375
-0.0181789398193359 0.0188255310058594 0.689697265625 0.5369873046875
-0.0299720764160156 -0.0421791076660156 0.0753173828124999 0.9739990234375
0.0171003341674805 -0.0170373916625977 -0.34844970703125 0.57647705078125
0.0569000244140625 -0.0125236511230469 0.0967330932617188 -0.0303726196289062
0.0206890106201172 -0.0112934112548828 0.26251220703125 -0.75799560546875
0.0185394287109375 -0.00502395629882813 -0.42938232421875 -0.882080078125
0.0277194976806641 0.00494194030761719 -0.82318115234375 -0.0324096679687499
0.0270709991455078 -0.0139694213867188 -0.372894287109375 0.549224853515625
0.0348281860351563 -0.0443916320800781 0.092987060546875 0.491363525390625
0.00715255737304687 -0.0404396057128906 0.318267822265625 0.171600341796875
-0.00892162322998047 -0.0131425857543945 0.325286865234375 -0.129425048828125
0.00986480712890625 -0.0267486572265625 -0.33642578125 0.06134033203125
0.0286788940429687 -0.039886474609375 -0.254135131835937 -0.246490478515625
0.0585098266601563 -0.0401725769042969 0.139556884765625 -0.471893310546875
0.0521354675292969 0.0101356506347656 0.65594482421875 -0.29254150390625
-0.0223579406738281 0.0134429931640625 0.71392822265625 0.4913330078125
-0.0255050659179687 -0.06646728515625 0.1260986328125 0.95245361328125
0.043182373046875 -0.0511207580566406 -0.32305908203125 0.587890625
0.0951995849609375 -0.0421600341796875 0.0949783325195313 -0.0206832885742188
0.0403556823730469 -0.0449333190917969 0.28948974609375 -0.75244140625
0.0180263519287109 -0.0254421234130859 -0.39013671875 -0.91168212890625
0.0202407836914063 0.00401496887207031 -0.82672119140625 -0.07666015625
0.0276565551757813 -0.00915718078613281 -0.401214599609375 0.531158447265625
0.0352706909179687 -0.0429153442382813 0.067047119140625 0.492950439453125
0.0102958679199219 -0.0419807434082031 0.3018798828125 0.17864990234375
-0.00336217880249024 -0.00762176513671875 0.31451416015625 -0.1317138671875
0.0146827697753906 -0.0332126617431641 -0.306182861328125 0.104644775390625
0.00919723510742187 0.0158529281616211 -0.281494140625 -0.193359375
0.0211372375488281 0.0185565948486328 0.01971435546875 -0.472625732421875
-0.00694656372070313 0.0258445739746094 0.518035888671875 -0.428741455078125
-0.0524406433105469 0.0101242065429688 0.762451171875 0.26483154296875
-0.0394020080566406 -0.0294456481933594 0.3408203125 0.89239501953125
0.0104789733886719 0.0368843078613281 -0.26055908203125 0.72369384765625
0.0187339782714844 0.0590019226074219 -0.0187835693359375 0.100791931152344
0.0179290771484375 0.046234130859375 0.359375 -0.61871337890625
0.0232925415039063 -0.00591850280761719 -0.19061279296875 -0.99005126953125
-0.0186939239501953 -0.00479698181152344 -0.8253173828125 -0.298828125
-0.0306205749511719 0.0243396759033203 -0.540679931640625 0.431182861328125
-0.00125503540039062 0.0183963775634766 -0.03070068359375 0.509490966796875
0.000419616699218749 0.0157814025878906 0.287750244140625 0.226226806640625
-0.000222206115722658 -0.0124740600585938 0.33282470703125 -0.092803955078125
0.0101509094238281 -0.0342540740966797 -0.2999267578125 0.106597900390625
0.0101127624511719 0.011444091796875 -0.2578125 -0.201385498046875
0.0251522064208984 0.00879096984863281 0.06036376953125 -0.4716796875
0.00247955322265625 0.0191097259521484 0.56231689453125 -0.385986328125
-0.0445022583007813 0.0112152099609375 0.7493896484375 0.34136962890625
-0.0399856567382813 -0.0177459716796875 0.26947021484375 0.92913818359375
-0.00486373901367188 0.0530738830566406 -0.29498291015625 0.7008056640625
0.00110244750976563 0.0673141479492188 -9.15527343750025E-05 0.0756378173828125
0.00431442260742187 0.0582809448242188 0.32501220703125 -0.64849853515625
0.0203723907470703 0.00702667236328125 -0.26580810546875 -0.95806884765625
-0.00893974304199219 0.000199317932128907 -0.8363037109375 -0.21917724609375
-0.0178718566894531 0.0190925598144531 -0.4967041015625 0.47418212890625
0.00713253021240234 0.0102729797363281 0.00885009765625005 0.511810302734375
1.00135803222655E-05 0.00716972351074219 0.306854248046875 0.212188720703125
-0.00512886047363281 -0.0166893005371094 0.34002685546875 -0.096649169921875
0.00511550903320312 -0.0367240905761719 -0.297882080078125 0.102142333984375
0.0110769271850586 0.00172710418701172 -0.240036010742188 -0.212493896484375
0.0334148406982422 -0.00362777709960937 0.0998840332031251 -0.4661865234375
0.0158061981201172 0.0134525299072266 0.60406494140625 -0.3394775390625
-0.0370864868164063 0.0146064758300781 0.731689453125 0.41302490234375
-0.0407485961914063 -0.00997924804687501 0.19757080078125 0.95751953125
-0.0175361633300781 0.0585289001464844 -0.32843017578125 0.6676025390625
-0.00968933105468749 0.0652580261230469 0.0216217041015625 0.0449790954589844
-0.00376129150390625 0.0607452392578125 0.29412841796875 -0.67987060546875
0.0193710327148438 0.0141429901123047 -0.337890625 -0.92510986328125
0.00248003005981445 0.00401878356933594 -0.8394775390625 -0.14154052734375
-0.00461101531982422 0.0101613998413086 -0.44781494140625 0.508544921875
0.0156116485595703 -0.00152015686035156 0.04974365234375 0.506866455078125
-3.67164611816409E-05 -0.00272703170776367 0.32373046875 0.1986083984375
-0.0103626251220703 -0.0190162658691406 0.34478759765625 -0.1025390625
0.0028839111328125 -0.0390090942382812 -0.2991943359375 0.094635009765625
0.0150995254516602 -0.00943374633789063 -0.2274169921875 -0.221664428710938
0.044891357421875 -0.0160446166992188 0.131591796875 -0.462066650390625
0.0315475463867188 0.0108566284179688 0.6361083984375 -0.29925537109375
-0.0290031433105469 0.0180587768554688 0.70953369140625 0.4716796875
-0.0414352416992188 -0.00788116455078124 0.13165283203125 0.97283935546875
-0.0213623046875 0.05224609375 -0.3466796875 0.63604736328125
-0.0067291259765625 0.0553512573242187 0.0450706481933594 0.0177879333496094
-0.00483322143554688 0.052703857421875 0.2669677734375 -0.70819091796875
0.0191612243652344 0.0165538787841797 -0.391845703125 -0.89239501953125
0.0142898559570313 0.00507354736328125 -0.8331298828125 -0.0778808593749999
0.00839805603027344 0.000475883483886719 -0.40496826171875 0.531951904296875
0.0223007202148438 -0.0160198211669922 0.0803222656250001 0.498260498046875
0.00179767608642578 -0.0154838562011719 0.331878662109375 0.183502197265625
-0.0135059356689453 -0.0195732116699219 0.345458984375 -0.111724853515625
0.00160980224609375 -0.0386085510253906 -0.303558349609375 0.087615966796875
0.0197372436523438 -0.0220851898193359 -0.224838256835938 -0.230560302734375
0.0528411865234375 -0.0279045104980469 0.150909423828125 -0.459381103515625
0.04473876953125 0.0100975036621094 0.65625 -0.2730712890625
-0.0239295959472656 0.0215873718261719 0.69384765625 0.50921630859375
-0.040313720703125 -0.0123176574707031 0.0945434570312499 0.97625732421875
-0.0174369812011719 0.0364952087402344 -0.35528564453125 0.6083984375
0.0052337646484375 0.0368194580078125 0.0659980773925781 -0.00547027587890625
-0.000236511230468747 0.0395011901855469 0.252685546875 -0.73016357421875
0.0197067260742188 0.0145740509033203 -0.42425537109375 -0.87371826171875
0.0240230560302734 0.00428009033203125 -0.8253173828125 -0.0389404296875
0.0174322128295898 -0.00966167449951172 -0.377410888671875 0.546844482421875
0.0279312133789063 -0.0293483734130859 0.0997314453125 0.492462158203125
0.00133323669433594 -0.0270671844482422 0.33587646484375 0.17291259765625
-0.0136165618896484 -0.0184612274169922 0.34136962890625 -0.11968994140625
0.0020904541015625 -0.037841796875 -0.311492919921875 0.0792236328125
0.0242996215820313 -0.0317325592041016 -0.22821044921875 -0.237136840820312
0.0596771240234375 -0.0361137390136719 0.158538818359375 -0.4599609375
0.0529861450195313 0.0087127685546875 0.66644287109375 -0.26251220703125
-0.0185527801513672 0.0220279693603516 0.69110107421875 0.52447509765625
-0.03607177734375 -0.0226020812988281 0.07958984375 0.97247314453125
-0.00511264801025391 0.0142307281494141 -0.350341796875 0.58941650390625
0.0258979797363281 0.0146160125732422 0.082763671875 -0.0203628540039063
0.00743484497070312 0.018463134765625 0.2498779296875 -0.74432373046875
0.0193157196044922 0.00758743286132813 -0.43548583984375 -0.866943359375
0.0283622741699219 0.004364013671875 -0.8214111328125 -0.0235595703125
0.0247421264648438 -0.0145339965820313 -0.365325927734375 0.5494384765625
0.0322380065917969 -0.0388832092285156 0.103515625 0.488433837890625
0.00339126586914063 -0.0354957580566406 0.329803466796875 0.167205810546875
-0.0132389068603516 -0.0161333084106445 0.33233642578125 -0.12744140625
0.00573539733886718 -0.0332584381103516 -0.3233642578125 0.07000732421875
0.0273056030273437 -0.037322998046875 -0.237564086914062 -0.241409301757813
0.0619659423828125 -0.0409927368164063 0.158172607421875 -0.462493896484375
0.0571708679199219 0.0100898742675781 0.66900634765625 -0.26641845703125
-0.0183963775634766 0.019439697265625 0.6927490234375 0.52313232421875
-0.0314140319824219 -0.0411453247070312 0.0864868164062499 0.9632568359375
0.016571044921875 -0.0170717239379883 -0.33935546875 0.57647705078125
0.0563774108886719 -0.0126152038574219 0.096343994140625 -0.030181884765625
0.0202178955078125 -0.0118427276611328 0.2513427734375 -0.75616455078125
0.0187778472900391 -0.00618743896484375 -0.43646240234375 -0.87091064453125
0.0277996063232422 0.00415802001953125 -0.82000732421875 -0.0203857421875
0.0268630981445313 -0.0150375366210937 -0.3631591796875 0.548858642578125
0.0328750610351562 -0.0441246032714844 0.099029541015625 0.486053466796875
0.00665283203125 -0.0407791137695312 0.31768798828125 0.165802001953125
-0.00764369964599609 -0.0132112503051758 0.321533203125 -0.133209228515625
0.00942802429199219 -0.0263347625732422 -0.33221435546875 0.065521240234375
0.0273551940917969 -0.0402145385742188 -0.255859375 -0.2391357421875
0.0567970275878906 -0.0413017272949219 0.13177490234375 -0.471282958984375
0.0509986877441406 0.00838851928710938 0.648681640625 -0.2998046875
-0.0224723815917969 0.0132808685302734 0.71533203125 0.47796630859375
-0.0269813537597656 -0.0640487670898438 0.1380615234375 0.945068359375
0.0411033630371094 -0.0514335632324219 -0.3140869140625 0.58831787109375
0.0950775146484375 -0.044097900390625 0.0938949584960938 -0.020477294921875
0.0399894714355469 -0.0460700988769531 0.2764892578125 -0.7508544921875
0.0178451538085938 -0.0254154205322266 -0.3985595703125 -0.90087890625
0.0205764770507813 0.00366973876953125 -0.8232421875 -0.0664062500000001
0.0273647308349609 -0.010589599609375 -0.393218994140625 0.5308837890625
0.034637451171875 -0.0439491271972656 0.072235107421875 0.487518310546875
0.00916671752929688 -0.042022705078125 0.302581787109375 0.1734619140625
-0.00268411636352539 -0.00729560852050781 0.311370849609375 -0.136077880859375
0.0139179229736328 -0.0317821502685547 -0.30206298828125 0.108062744140625
0.00834465026855469 0.0148458480834961 -0.2825927734375 -0.18670654296875
0.0195121765136719 0.0184860229492188 0.012908935546875 -0.469085693359375
-0.00750541687011719 0.024658203125 0.50921630859375 -0.43121337890625
-0.0520896911621094 0.0109634399414063 0.7613525390625 0.25494384765625
-0.0403404235839844 -0.0275688171386719 0.3455810546875 0.88214111328125
0.00983047485351563 0.0374374389648438 -0.251708984375 0.7213134765625
0.0196151733398438 0.0577316284179688 -0.0175094604492188 0.100982666015625
0.0170936584472656 0.0461463928222656 0.35174560546875 -0.61639404296875
0.0231342315673828 -0.00540351867675781 -0.19818115234375 -0.9796142578125
-0.0194854736328125 -0.00560188293457031 -0.8203125 -0.2886962890625
-0.0292930603027344 0.0248165130615234 -0.531463623046875 0.43463134765625
-0.00176620483398438 0.0184955596923828 -0.0255432128906249 0.503448486328125
-0.000455856323242187 0.0143041610717773 0.2882080078125 0.222747802734375
0.000483512878417968 -0.0119504928588867 0.32861328125 -0.09698486328125
0.008544921875 -0.0346126556396484 -0.295806884765625 0.1092529296875
0.00880050659179688 0.0112762451171875 -0.258560180664063 -0.195541381835937
0.0249099731445312 0.00866508483886719 0.0537109375 -0.469085693359375
0.00261116027832031 0.0181293487548828 0.554168701171875 -0.389739990234375
-0.04541015625 0.0120353698730469 0.750732421875 0.32861328125
-0.0398330688476563 -0.0166778564453125 0.2772216796875 0.91912841796875
-0.00437927246093751 0.0526504516601563 -0.2860107421875 0.6981201171875
0.00154495239257813 0.0659599304199219 -0.00101470947265625 0.0753021240234375
0.00510025024414062 0.0573768615722656 0.3172607421875 -0.64617919921875
0.0199031829833984 0.00683403015136719 -0.276611328125 -0.94720458984375
-0.00916957855224609 0.000336647033691408 -0.83111572265625 -0.21014404296875
-0.0178623199462891 0.0184307098388672 -0.48681640625 0.474273681640625
0.00686359405517578 0.0105352401733398 0.014892578125 0.50579833984375
-3.1471252441406E-05 0.00676298141479492 0.307647705078125 0.207000732421875
-0.00499057769775391 -0.0162143707275391 0.336181640625 -0.100494384765625
0.00399017333984375 -0.0381660461425781 -0.293670654296875 0.105010986328125
0.0113582611083984 0.00168895721435547 -0.241439819335938 -0.207138061523437
0.0331592559814453 -0.00359916687011719 0.092041015625 -0.46435546875
0.0153141021728516 0.013697624206543 0.59527587890625 -0.34613037109375
-0.0365715026855469 0.0157508850097656 0.72967529296875 0.4014892578125
-0.0406074523925781 -0.00823211669921874 0.205078125 0.946533203125
-0.0167312622070312 0.0577201843261719 -0.31805419921875 0.66668701171875
-0.00789260864257812 0.0650253295898438 0.0215873718261719 0.0452423095703125
-0.002227783203125 0.0596542358398438 0.2835693359375 -0.67730712890625
0.0199222564697266 0.0142440795898438 -0.34722900390625 -0.91326904296875
0.00303483009338379 0.0030512809753418 -0.83453369140625 -0.13128662109375
-0.00427436828613281 0.00995349884033203 -0.43743896484375 0.510345458984375
0.0145206451416016 -0.00173568725585938 0.05450439453125 0.50103759765625
-0.00019216537475586 -0.00359582901000977 0.323577880859375 0.19195556640625
-0.00941276550292969 -0.0183506011962891 0.341339111328125 -0.106231689453125
0.00163650512695312 -0.0391159057617188 -0.29522705078125 0.09930419921875
0.0151815414428711 -0.0096893310546875 -0.22979736328125 -0.216964721679688
0.043548583984375 -0.0173454284667969 0.1251220703125 -0.459869384765625
0.0310497283935547 0.0104408264160156 0.62921142578125 -0.30401611328125
-0.0294933319091797 0.0190277099609375 0.71075439453125 0.4573974609375
-0.0408554077148438 -0.00763702392578125 0.14080810546875 0.96209716796875
-0.02197265625 0.0515670776367188 -0.338134765625 0.6348876953125
-0.00588226318359375 0.0542945861816406 0.0449447631835937 0.0179595947265625
-0.00319290161132812 0.053863525390625 0.25726318359375 -0.7042236328125
0.0195350646972656 0.016571044921875 -0.399658203125 -0.88262939453125
0.0150423049926758 0.0038909912109375 -0.82635498046875 -0.0686035156250001
0.00834131240844727 -0.000460624694824219 -0.396087646484375 0.533172607421875
0.0214290618896484 -0.0166091918945312 0.08660888671875 0.493011474609375
5.81741333007804E-05 -0.0151662826538086 0.333984375 0.178070068359375
-0.0133323669433594 -0.0194263458251953 0.34027099609375 -0.1153564453125
0.00110244750976563 -0.0386199951171875 -0.300079345703125 0.0919189453125
0.0197830200195312 -0.0220432281494141 -0.225311279296875 -0.22552490234375
0.0518264770507813 -0.0284576416015625 0.145477294921875 -0.458984375
0.0444679260253906 0.00826263427734375 0.64788818359375 -0.2796630859375
-0.0225372314453125 0.0224609375 0.695556640625 0.49700927734375
-0.0399513244628906 -0.0100288391113281 0.10284423828125 0.96636962890625
-0.0172195434570313 0.0369606018066406 -0.3460693359375 0.60736083984375
0.00511932373046875 0.0364456176757813 0.0654106140136719 -0.00531005859375
-0.000217437744140622 0.037628173828125 0.24273681640625 -0.72711181640625
0.0210151672363281 0.01416015625 -0.432861328125 -0.8612060546875
0.0239334106445313 0.00406646728515625 -0.8204345703125 -0.0274658203124999
0.0181007385253906 -0.00909233093261719 -0.36810302734375 0.54638671875
0.02685546875 -0.0295982360839844 0.10357666015625 0.4854736328125
0.00156784057617188 -0.0260257720947266 0.335113525390625 0.1666259765625
-0.0140552520751953 -0.0181732177734375 0.33673095703125 -0.123748779296875
0.0018310546875 -0.0372505187988281 -0.308349609375 0.0825805664062501
0.0229969024658203 -0.0325927734375 -0.228775024414062 -0.231903076171875
0.0583686828613281 -0.0377426147460938 0.153045654296875 -0.458831787109375
0.0538978576660156 0.00915908813476563 0.65875244140625 -0.26922607421875
-0.0184040069580078 0.0235385894775391 0.69268798828125 0.51226806640625
-0.0367584228515625 -0.0210189819335937 0.09051513671875 0.96356201171875
-0.00516891479492187 0.0147504806518555 -0.3408203125 0.58782958984375
0.0263595581054688 0.0139389038085938 0.0819625854492188 -0.0211410522460938
0.00782203674316406 0.0167770385742187 0.23724365234375 -0.7398681640625
0.0203323364257813 0.00662040710449219 -0.4427490234375 -0.8551025390625
0.0283107757568359 0.00362396240234375 -0.81365966796875 -0.0145263671875
0.0248336791992188 -0.0145225524902344 -0.356842041015625 0.549163818359375
0.0306472778320313 -0.0391960144042969 0.1075439453125 0.481597900390625
0.00307464599609375 -0.0350513458251953 0.32843017578125 0.163116455078125
-0.0128240585327148 -0.0159788131713867 0.32861328125 -0.1297607421875
0.00530815124511719 -0.032928466796875 -0.31951904296875 0.0743408203125
0.0266838073730469 -0.0377616882324219 -0.237777709960938 -0.235092163085937
0.0597114562988281 -0.0424232482910156 0.151580810546875 -0.462615966796875
0.0554580688476562 0.0077667236328125 0.66064453125 -0.27166748046875
-0.0183849334716797 0.0196094512939453 0.694091796875 0.51068115234375
-0.0305023193359375 -0.0392570495605469 0.0939941406250001 0.9556884765625
0.0156965255737305 -0.0154914855957031 -0.32977294921875 0.57684326171875
0.0557479858398438 -0.0141716003417969 0.0948104858398437 -0.0301666259765625
0.0207862854003906 -0.0110969543457031 0.24200439453125 -0.7523193359375
0.0189933776855469 -0.00675010681152344 -0.44439697265625 -0.8583984375
0.0279312133789063 0.00326728820800781 -0.81280517578125 -0.0109252929687501
0.0269107818603516 -0.0157337188720703 -0.3538818359375 0.550262451171875
0.0316581726074219 -0.0449028015136719 0.10382080078125 0.47882080078125
0.00440597534179687 -0.0406265258789062 0.3192138671875 0.159881591796875
-0.00833797454833984 -0.0118961334228516 0.317138671875 -0.13671875
0.00934028625488281 -0.0262241363525391 -0.330657958984375 0.070953369140625
0.0259475708007813 -0.039459228515625 -0.256546020507812 -0.233978271484375
0.055816650390625 -0.0420417785644531 0.12493896484375 -0.469482421875
0.0515403747558594 0.00701522827148438 0.63983154296875 -0.306884765625
-0.0221595764160156 0.0136032104492188 0.7158203125 0.4658203125
-0.0276870727539062 -0.0627593994140625 0.146240234375 0.9354248046875
0.0395584106445313 -0.0507431030273438 -0.3055419921875 0.5875244140625
0.0929031372070313 -0.0454635620117188 0.0929031372070313 -0.0205917358398438
0.0396270751953125 -0.0464324951171875 0.2667236328125 -0.7470703125
0.0178565979003906 -0.0268344879150391 -0.40521240234375 -0.8916015625
0.0209007263183594 0.00300979614257813 -0.81640625 -0.0557861328124999
0.0264415740966797 -0.0104293823242187 -0.381744384765625 0.530609130859375
0.0323028564453125 -0.042877197265625 0.078582763671875 0.4818115234375
0.00796127319335937 -0.0424919128417969 0.30389404296875 0.16827392578125
-0.00341367721557617 -0.00682878494262695 0.30657958984375 -0.13775634765625
0.0128726959228516 -0.0319118499755859 -0.299102783203125 0.110260009765625
0.00858020782470703 0.0144729614257813 -0.28216552734375 -0.18115234375
0.020599365234375 0.017547607421875 0.00930786132812501 -0.464263916015625
-0.00716781616210938 0.0243396759033203 0.50079345703125 -0.433807373046875
-0.0516738891601563 0.0117454528808594 0.75787353515625 0.2452392578125
-0.0406303405761719 -0.02532958984375 0.34954833984375 0.87005615234375
0.00889205932617188 0.0371437072753906 -0.2447509765625 0.71636962890625
0.0191764831542969 0.0569953918457031 -0.0176544189453125 0.100997924804688
0.0194320678710938 0.0456047058105469 0.343017578125 -0.61407470703125
0.0230979919433594 -0.00568771362304688 -0.2066650390625 -0.969970703125
-0.0190334320068359 -0.00535964965820313 -0.8182373046875 -0.27825927734375
-0.029083251953125 0.0243911743164063 -0.52264404296875 0.436004638671875
-0.00258445739746094 0.0185966491699219 -0.019287109375 0.50103759765625
-0.000355720520019532 0.0146875381469727 0.28790283203125 0.215576171875
0.000192642211914062 -0.0119905471801758 0.3248291015625 -0.09912109375
0.00775718688964844 -0.0334320068359375 -0.29290771484375 0.112548828125
0.00884628295898438 0.010807991027832 -0.258621215820313 -0.190383911132812
0.0247478485107422 0.00714874267578125 0.049591064453125 -0.465301513671875
0.00136947631835938 0.0181636810302734 0.546417236328125 -0.392242431640625
-0.0445709228515625 0.0136375427246094 0.7467041015625 0.3193359375
-0.04052734375 -0.0152397155761719 0.28369140625 0.907958984375
-0.00424575805664063 0.052490234375 -0.2779541015625 0.69488525390625
0.00230789184570312 0.0651626586914063 0.000679016113281249 0.07525634765625
0.00585174560546874 0.0565910339355469 0.30682373046875 -0.64349365234375
0.0204582214355469 0.00646018981933594 -0.28131103515625 -0.9381103515625
-0.00864887237548828 5.10215759277329E-05 -0.82708740234375 -0.19927978515625
-0.0163230895996094 0.0182590484619141 -0.477081298828125 0.47625732421875
0.00615978240966797 0.0096893310546875 0.019317626953125 0.5001220703125
9.58442687988282E-05 0.00748109817504883 0.307159423828125 0.202423095703125
-0.00503826141357422 -0.0150108337402344 0.332611083984375 -0.10406494140625
0.00328445434570312 -0.0368995666503906 -0.290435791015625 0.10791015625
0.0110654830932617 0.00139236450195313 -0.241928100585938 -0.20281982421875
0.0323677062988281 -0.00599861145019531 0.0882568359375 -0.461456298828125
0.0152416229248047 0.011744499206543 0.588623046875 -0.34814453125
-0.0362014770507812 0.01666259765625 0.728271484375 0.3902587890625
-0.0411605834960938 -0.00736236572265625 0.21173095703125 0.93670654296875
-0.0160408020019531 0.0579376220703125 -0.30999755859375 0.6630859375
-0.00732040405273437 0.064666748046875 0.021728515625 0.0456809997558594
-0.000438690185546873 0.0588874816894531 0.27630615234375 -0.674072265625
0.0190010070800781 0.0143585205078125 -0.3514404296875 -0.9024658203125
0.0025475025177002 0.00261640548706055 -0.82666015625 -0.121337890625
-0.00264072418212891 0.0104484558105469 -0.428924560546875 0.508544921875
0.0143680572509766 -0.00291919708251953 0.059844970703125 0.495391845703125
-0.000735282897949218 -0.0043940544128418 0.32220458984375 0.18804931640625
-0.00943756103515625 -0.0179309844970703 0.337005615234375 -0.110076904296875
0.001190185546875 -0.0376777648925781 -0.29290771484375 0.101837158203125
0.014857292175293 -0.0106039047241211 -0.228668212890625 -0.212722778320312
0.0421180725097656 -0.0185699462890625 0.120391845703125 -0.457611083984375
0.0300788879394531 0.00940704345703125 0.62127685546875 -0.30950927734375
-0.0288352966308594 0.0192298889160156 0.7083740234375 0.44921875
-0.0410957336425781 -0.00495147705078125 0.14801025390625 0.9527587890625
-0.021881103515625 0.0522232055664063 -0.33099365234375 0.6314697265625
-0.00562667846679688 0.0540084838867188 0.0437393188476563 0.0172767639160156
-0.00254440307617188 0.0524368286132813 0.2481689453125 -0.698974609375
0.0207405090332031 0.0159072875976563 -0.4029541015625 -0.8712158203125
0.0140066146850586 0.00278091430664063 -0.82061767578125 -0.0595703124999999
0.00862598419189453 9.5367431640625E-05 -0.386138916015625 0.530181884765625
0.0205974578857422 -0.0162105560302734 0.089599609375 0.485992431640625
0.000311851501464843 -0.0154409408569336 0.331146240234375 0.173248291015625
-0.0132350921630859 -0.0189247131347656 0.337310791015625 -0.117706298828125
-0.000507354736328127 -0.037811279296875 -0.295654296875 0.095062255859375
0.0187702178955078 -0.0216884613037109 -0.22564697265625 -0.220260620117187
0.0506706237792969 -0.0297203063964844 0.14019775390625 -0.455078125
0.0439453125 0.00767898559570313 0.64111328125 -0.28472900390625
-0.0224227905273438 0.0230121612548828 0.6953125 0.48638916015625
-0.0404319763183594 -0.010284423828125 0.10986328125 0.9586181640625
-0.0182228088378906 0.0358848571777344 -0.338623046875 0.60528564453125
0.00586509704589844 0.0348491668701172 0.0642433166503906 -0.00485992431640625
0.000934600830078125 0.0374259948730469 0.23175048828125 -0.72198486328125
0.0202751159667969 0.0132102966308594 -0.4359130859375 -0.8497314453125
0.0235881805419922 0.00289726257324219 -0.812255859375 -0.0205078125000001
0.0175971984863281 -0.00945091247558594 -0.35821533203125 0.544708251953125
0.0251522064208984 -0.0283946990966797 0.10772705078125 0.47906494140625
3.2424926757815E-05 -0.02630615234375 0.332733154296875 0.1614990234375
-0.013946533203125 -0.0181865692138672 0.33203125 -0.127532958984375
0.0014495849609375 -0.036834716796875 -0.3060302734375 0.0866699218750001
0.0223674774169922 -0.0317955017089844 -0.22869873046875 -0.228118896484375
0.0577278137207031 -0.038787841796875 0.147613525390625 -0.45751953125
0.0531501770019531 0.00688552856445312 0.65032958984375 -0.27386474609375
-0.0191364288330078 0.0229892730712891 0.69091796875 0.50079345703125
-0.0364227294921875 -0.0202407836914063 0.0963745117187499 0.954345703125
-0.00633144378662109 0.013524055480957 -0.33477783203125 0.58648681640625
0.0252857208251953 0.0121059417724609 0.0807266235351563 -0.0194625854492188
0.00750446319580078 0.0166702270507813 0.22955322265625 -0.73638916015625
0.0214862823486328 0.00497245788574219 -0.44659423828125 -0.842041015625
0.0294151306152344 0.0029449462890625 -0.80810546875 -0.00366210937500007
0.0245628356933594 -0.0155239105224609 -0.347137451171875 0.547607421875
0.0302352905273438 -0.0391578674316406 0.112152099609375 0.476104736328125
0.00258255004882813 -0.0349941253662109 0.3275146484375 0.156585693359375
-0.0118255615234375 -0.0150365829467773 0.3231201171875 -0.133056640625
0.00475502014160157 -0.0327930450439453 -0.3173828125 0.0792236328125001
0.0249900817871094 -0.03887939453125 -0.239013671875 -0.231246948242188
0.0586280822753906 -0.042449951171875 0.146759033203125 -0.45965576171875
0.05511474609375 0.00627899169921875 0.652099609375 -0.2781982421875
-0.0180187225341797 0.0201473236083984 0.69390869140625 0.5
-0.0312232971191406 -0.0375785827636719 0.10205078125 0.9456787109375
0.0142335891723633 -0.0161333084106445 -0.321533203125 0.5726318359375
0.0545616149902344 -0.0152664184570312 0.0942916870117188 -0.0302963256835938
0.0202064514160156 -0.0120182037353516 0.23284912109375 -0.7469482421875
0.0197982788085938 -0.00732994079589844 -0.4478759765625 -0.84722900390625
0.0274200439453125 0.00280570983886719 -0.8043212890625 -0.00311279296874995
0.0270290374755859 -0.0151538848876953 -0.344451904296875 0.54815673828125
0.031768798828125 -0.0438957214355469 0.106842041015625 0.47283935546875
0.00491714477539062 -0.040802001953125 0.317596435546875 0.155670166015625
-0.00695514678955078 -0.0124568939208984 0.31390380859375 -0.14007568359375
0.00928688049316407 -0.0259475708007813 -0.32696533203125 0.0730590820312501
0.0249404907226563 -0.0398712158203125 -0.25775146484375 -0.228836059570313
0.0545196533203125 -0.0422172546386719 0.1201171875 -0.4676513671875
0.0506439208984375 0.00609207153320312 0.6312255859375 -0.30950927734375
-0.0220088958740234 0.0150527954101563 0.7158203125 0.45465087890625
-0.02825927734375 -0.0604476928710938 0.15350341796875 0.927001953125
0.0392265319824219 -0.051605224609375 -0.2979736328125 0.5831298828125
0.0920562744140625 -0.046112060546875 0.0915985107421875 -0.0212554931640625
0.0401954650878906 -0.0470123291015625 0.2576904296875 -0.74176025390625
0.017608642578125 -0.0268993377685547 -0.41070556640625 -0.87921142578125
0.0202159881591797 0.00160980224609375 -0.8082275390625 -0.0484619140625
0.0264930725097656 -0.0114669799804688 -0.372711181640625 0.531341552734375
0.0323333740234375 -0.0436286926269531 0.0827026367187499 0.475738525390625
0.00760269165039063 -0.0418930053710938 0.302032470703125 0.16339111328125
-0.00218486785888672 -0.00673055648803711 0.30279541015625 -0.141510009765625
0.0116367340087891 -0.0307826995849609 -0.29510498046875 0.11279296875
0.00844764709472656 0.014683723449707 -0.280593872070313 -0.176025390625
0.0199470520019531 0.0170345306396484 0.00482177734375004 -0.461578369140625
-0.00803756713867188 0.0238990783691406 0.4923095703125 -0.4332275390625
-0.051910400390625 0.0127067565917969 0.75262451171875 0.23638916015625
-0.040863037109375 -0.0248794555664062 0.3525390625 0.85943603515625
0.00960159301757812 0.0362663269042969 -0.23748779296875 0.71148681640625
0.0203018188476562 0.0552215576171875 -0.0158004760742188 0.100311279296875
0.0201568603515625 0.0447921752929687 0.3353271484375 -0.6102294921875
0.0227413177490234 -0.00712203979492188 -0.21307373046875 -0.95977783203125
-0.0195255279541016 -0.0058441162109375 -0.81072998046875 -0.26922607421875
-0.0281620025634766 0.0246601104736328 -0.51336669921875 0.435638427734375
-0.00253486633300781 0.0177688598632813 -0.016815185546875 0.494384765625
-0.00121593475341797 0.0129842758178711 0.28631591796875 0.212005615234375
0.000364303588867187 -0.0111608505249023 0.3214111328125 -0.101837158203125
0.00680923461914062 -0.0336513519287109 -0.28839111328125 0.11395263671875
0.00933170318603516 0.0109195709228516 -0.257125854492187 -0.186325073242188
0.0242748260498047 0.00765037536621094 0.04534912109375 -0.462005615234375
0.00164604187011719 0.0180854797363281 0.539031982421875 -0.39422607421875
-0.0442695617675781 0.0136260986328125 0.7431640625 0.3095703125
-0.0408515930175781 -0.0143508911132813 0.28582763671875 0.8961181640625
-0.00380325317382813 0.0518264770507813 -0.2713623046875 0.69091796875
0.00243377685546874 0.0636634826660156 0.000320434570312494 0.07568359375
0.00754928588867187 0.0558624267578125 0.30035400390625 -0.6383056640625
0.0203037261962891 0.00576400756835937 -0.28619384765625 -0.9273681640625
-0.00953865051269531 -0.000308036804199217 -0.81884765625 -0.19244384765625
-0.016357421875 0.0191059112548828 -0.469696044921875 0.474365234375
0.00611114501953125 0.009674072265625 0.0240478515625 0.49310302734375
-5.960464477539E-05 0.00647878646850586 0.305419921875 0.19903564453125
-0.00527191162109375 -0.0148382186889648 0.32855224609375 -0.106719970703125
0.003143310546875 -0.0360679626464844 -0.2867431640625 0.110198974609375
0.0108747482299805 0.000939369201660156 -0.24072265625 -0.197463989257813
0.0326156616210938 -0.00622749328613281 0.085540771484375 -0.458648681640625
0.015625 0.0127086639404297 0.58160400390625 -0.34954833984375
-0.0372734069824219 0.0168228149414062 0.7257080078125 0.380615234375
-0.0407180786132813 -0.00652694702148438 0.21453857421875 0.9273681640625
-0.0158309936523438 0.0579948425292969 -0.3038330078125 0.6593017578125
-0.00704574584960937 0.0630531311035156 0.0221290588378906 0.0454444885253906
0.000282287597656253 0.0580482482910156 0.2672119140625 -0.6673583984375
0.0200843811035156 0.0134181976318359 -0.35504150390625 -0.89263916015625
0.00284433364868164 0.00199627876281738 -0.81915283203125 -0.1136474609375
-0.00285816192626953 0.00915718078613281 -0.42083740234375 0.505950927734375
0.0141544342041016 -0.00332450866699219 0.062286376953125 0.489227294921875
-0.00061798095703125 -0.0045628547668457 0.323028564453125 0.18328857421875
-0.00909614562988282 -0.0174360275268555 0.33294677734375 -0.11285400390625
-0.000617980957031253 -0.0376663208007813 -0.288421630859375 0.10369873046875
0.014185905456543 -0.00977802276611328 -0.228775024414063 -0.207534790039062
0.0417137145996094 -0.0194778442382813 0.115325927734375 -0.455322265625
0.0305099487304687 0.00817489624023437 0.613037109375 -0.31109619140625
-0.0285205841064453 0.0204963684082031 0.70819091796875 0.4388427734375
-0.0416946411132813 -0.00415420532226562 0.1517333984375 0.9447021484375
-0.0212364196777344 0.051361083984375 -0.3248291015625 0.628173828125
-0.00501251220703125 0.0520248413085937 0.0448951721191406 0.0177841186523438
-0.000995635986328121 0.0514907836914063 0.2413330078125 -0.69500732421875
0.020263671875 0.0156936645507813 -0.40753173828125 -0.86077880859375
0.0138454437255859 0.0025787353515625 -0.81243896484375 -0.0521240234374999
0.00824880599975586 -0.000656604766845703 -0.378173828125 0.528045654296875
0.0202846527099609 -0.0160942077636719 0.092742919921875 0.47991943359375
-0.00106525421142578 -0.0155630111694336 0.33050537109375 0.1690673828125
-0.0131063461303711 -0.0174217224121094 0.33203125 -0.12060546875
-0.00133514404296875 -0.037841796875 -0.29351806640625 0.09674072265625
0.0182952880859375 -0.0220184326171875 -0.223983764648438 -0.215957641601563
0.0483779907226563 -0.0304756164550781 0.134552001953125 -0.453521728515625
0.0421028137207031 0.00671768188476562 0.63372802734375 -0.2867431640625
-0.0223217010498047 0.0235805511474609 0.6917724609375 0.47613525390625
-0.0397911071777344 -0.00731658935546875 0.114990234375 0.94677734375
-0.0184822082519531 0.0366134643554688 -0.332763671875 0.60174560546875
0.00579452514648437 0.0350303649902344 0.0645179748535156 -0.00401687622070312
0.000488281250000003 0.0365371704101563 0.22540283203125 -0.7166748046875
0.0205879211425781 0.0119228363037109 -0.43804931640625 -0.840087890625
0.0227909088134766 0.00333786010742188 -0.8045654296875 -0.0148315429687502
0.0183219909667969 -0.00953102111816406 -0.350494384765625 0.54266357421875
0.0261554718017578 -0.0302696228027344 0.10943603515625 0.474365234375
2.67028808593773E-05 -0.0254402160644531 0.3311767578125 0.157562255859375
-0.0143299102783203 -0.0172147750854492 0.32952880859375 -0.128204345703125
0.0013427734375 -0.0345878601074219 -0.300567626953125 0.0892333984375
0.0224399566650391 -0.0314826965332031 -0.227859497070313 -0.221908569335938
0.0567550659179688 -0.0389442443847656 0.143646240234375 -0.454833984375
0.0526771545410156 0.00508499145507813 0.6427001953125 -0.2777099609375
-0.0177230834960937 0.0242996215820313 0.6888427734375 0.49163818359375
-0.0373687744140625 -0.0188980102539063 0.1011962890625 0.94659423828125
-0.00518035888671875 0.0144510269165039 -0.328125 0.58282470703125
0.0254497528076172 0.0108318328857422 0.0802383422851563 -0.0195159912109375
0.00839996337890625 0.0159692764282227 0.22216796875 -0.7293701171875
0.0213336944580078 0.00509071350097656 -0.4483642578125 -0.834716796875
0.0273399353027344 0.00212669372558594 -0.80120849609375 0.00122070312500011
0.0240612030029297 -0.0152015686035156 -0.3392333984375 0.546539306640625
0.0286941528320312 -0.0389289855957031 0.113311767578125 0.46917724609375
0.00224113464355468 -0.0348758697509766 0.32598876953125 0.1533203125
-0.0120258331298828 -0.0142822265625 0.318939208984375 -0.135528564453125
0.00424385070800781 -0.0305919647216797 -0.31304931640625 0.0799560546875
0.0254402160644531 -0.0375137329101563 -0.23785400390625 -0.225570678710938
0.0565223693847656 -0.0422248840332031 0.142486572265625 -0.45745849609375
0.0542984008789062 0.00580215454101562 0.64434814453125 -0.2813720703125
-0.0180301666259766 0.0207271575927734 0.69122314453125 0.48974609375
-0.0311241149902344 -0.0363922119140625 0.1044921875 0.93585205078125
0.0138397216796875 -0.0160636901855469 -0.3175048828125 0.57196044921875
0.0548439025878906 -0.0160636901855469 0.092987060546875 -0.0301132202148437
0.0209980010986328 -0.0141811370849609 0.2239990234375 -0.7401123046875
0.0191917419433594 -0.00727081298828125 -0.4501953125 -0.836181640625
0.0274200439453125 0.0024871826171875 -0.7960205078125 0.00305175781250012
0.0269565582275391 -0.0164470672607422 -0.33563232421875 0.546295166015625
0.0300064086914063 -0.0437393188476563 0.109100341796875 0.46746826171875
0.0036773681640625 -0.0391921997070313 0.315948486328125 0.1510009765625
-0.007537841796875 -0.0108413696289062 0.309814453125 -0.1416015625
0.00786399841308594 -0.0259933471679688 -0.323760986328125 0.0756225585937501
0.0241165161132813 -0.0399971008300781 -0.256362915039063 -0.223861694335937
0.0530586242675781 -0.0428276062011719 0.115753173828125 -0.46453857421875
0.0491752624511719 0.00537109375 0.6243896484375 -0.31341552734375
-0.0223388671875 0.0162925720214844 0.713134765625 0.44537353515625
-0.0288467407226563 -0.0587120056152344 0.15570068359375 0.91632080078125
0.0374031066894531 -0.0502052307128906 -0.29229736328125 0.58056640625
0.0910186767578125 -0.0460357666015625 0.0901565551757813 -0.0203781127929688
0.0381622314453125 -0.0462799072265625 0.25091552734375 -0.73614501953125
0.0176429748535156 -0.0271892547607422 -0.414794921875 -0.866943359375
0.02154541015625 0.003265380859375 -0.80426025390625 -0.0416259765625001
0.0270652770996094 -0.0115604400634766 -0.365325927734375 0.5274658203125
0.0312004089355469 -0.0428123474121094 0.08514404296875 0.469329833984375
0.0057525634765625 -0.0410270690917969 0.301055908203125 0.15899658203125
-0.00207805633544922 -0.00600051879882813 0.298583984375 -0.14300537109375
0.0107154846191406 -0.0309162139892578 -0.292205810546875 0.11328125
0.00848674774169922 0.0147857666015625 -0.279266357421875 -0.172012329101563
0.0190048217773438 0.0156459808349609 0.00390624999999996 -0.4578857421875
-0.00710678100585938 0.0235710144042969 0.487579345703125 -0.43389892578125
-0.0523033142089844 0.0134468078613281 0.7474365234375 0.230712890625
-0.0416488647460938 -0.0228538513183594 0.35345458984375 0.85009765625
0.00905990600585938 0.0364837646484375 -0.23175048828125 0.7069091796875
0.0205802917480469 0.0550346374511719 -0.0159149169921875 0.0994796752929688
0.0199851989746094 0.0443382263183594 0.3282470703125 -0.604736328125
0.0223007202148438 -0.00692939758300781 -0.2149658203125 -0.95062255859375
-0.0193634033203125 -0.00599479675292968 -0.80487060546875 -0.263427734375
-0.0271034240722656 0.0250988006591797 -0.50537109375 0.434295654296875
-0.00246620178222657 0.0181293487548828 -0.013885498046875 0.488861083984375
-0.000724792480468748 0.0144023895263672 0.28668212890625 0.208648681640625
0.000619888305664063 -0.010441780090332 0.317169189453125 -0.1046142578125
0.00612640380859375 -0.0334453582763672 -0.285797119140625 0.11517333984375
0.00935077667236328 0.0105218887329102 -0.25604248046875 -0.181777954101562
0.0242366790771484 0.00611114501953125 0.042755126953125 -0.4586181640625
0.00189590454101563 0.0164804458618164 0.531341552734375 -0.393768310546875
-0.0451316833496094 0.0144004821777344 0.73638916015625 0.30108642578125
-0.0405807495117188 -0.0123367309570312 0.287353515625 0.88812255859375
-0.00449752807617188 0.0520858764648438 -0.26544189453125 0.68646240234375
0.00278472900390625 0.0624809265136719 0.000663757324218743 0.0742645263671875
0.00749206542968751 0.0550880432128906 0.29400634765625 -0.63348388671875
0.0193634033203125 0.00567626953125 -0.2874755859375 -0.917724609375
-0.00923728942871094 -0.00026226043701172 -0.81304931640625 -0.18536376953125
-0.0148763656616211 0.0171966552734375 -0.461944580078125 0.4718017578125
0.00464820861816406 0.00903606414794922 0.025482177734375 0.48809814453125
-0.00140762329101563 0.00606727600097656 0.304656982421875 0.19403076171875
-0.00519466400146484 -0.0139570236206055 0.32415771484375 -0.107513427734375
0.00197219848632813 -0.0357208251953125 -0.282867431640625 0.111602783203125
0.00995063781738281 0.00146102905273437 -0.240005493164063 -0.192977905273437
0.0313549041748047 -0.00619316101074219 0.08123779296875 -0.4559326171875
0.0150384902954102 0.0109920501708984 0.57366943359375 -0.351318359375
-0.0357818603515625 0.0168724060058594 0.720947265625 0.373291015625
-0.0411338806152344 -0.00438690185546875 0.21868896484375 0.916259765625
-0.0160484313964844 0.0573501586914063 -0.29913330078125 0.65631103515625
-0.00664138793945312 0.0618133544921875 0.0216102600097656 0.0455169677734375
0.000511169433593749 0.0576629638671875 0.26239013671875 -0.662109375
0.0204963684082031 0.0116252899169922 -0.35687255859375 -0.88116455078125
0.00351715087890625 0.00184965133666992 -0.81195068359375 -0.1090087890625
-0.00365543365478516 0.00904941558837891 -0.413818359375 0.505218505859375
0.0126323699951172 -0.00305461883544922 0.0646362304687501 0.4833984375
-0.00137853622436523 -0.00419211387634277 0.32061767578125 0.179779052734375
-0.00934791564941406 -0.0181255340576172 0.32891845703125 -0.114471435546875
-0.000545501708984373 -0.037506103515625 -0.28533935546875 0.1051025390625
0.0137786865234375 -0.00907325744628906 -0.228347778320313 -0.203048706054688
0.0406494140625 -0.0187187194824219 0.112701416015625 -0.452667236328125
0.0297088623046875 0.00780105590820313 0.60626220703125 -0.31329345703125
-0.0289230346679687 0.0203037261962891 0.70379638671875 0.43017578125
-0.041351318359375 -0.00226974487304687 0.156982421875 0.9329833984375
-0.0210952758789063 0.0521965026855469 -0.3199462890625 0.6248779296875
-0.0054473876953125 0.0508079528808594 0.0433845520019531 0.0173835754394531
-0.00118255615234375 0.0503768920898438 0.23590087890625 -0.6893310546875
0.0200099945068359 0.0145778656005859 -0.4068603515625 -0.85247802734375
0.0147018432617188 0.00317001342773438 -0.80462646484375 -0.04736328125
0.009063720703125 -0.000704765319824219 -0.372833251953125 0.527130126953125
0.0187187194824219 -0.0162754058837891 0.095123291015625 0.47418212890625
-0.00171089172363281 -0.0151348114013672 0.329071044921875 0.164794921875
-0.0129585266113281 -0.0180721282958984 0.3287353515625 -0.123077392578125
-0.00131607055664062 -0.0368995666503906 -0.28924560546875 0.097259521484375
0.016876220703125 -0.0219764709472656 -0.224807739257813 -0.212005615234375
0.0494575500488281 -0.0306167602539062 0.131988525390625 -0.450225830078125
0.0418815612792969 0.00565338134765625 0.62774658203125 -0.28973388671875
-0.0226058959960938 0.0239734649658203 0.68902587890625 0.4669189453125
-0.0399894714355469 -0.00760650634765625 0.11712646484375 0.93701171875
-0.0181541442871094 0.0366935729980469 -0.32861328125 0.59771728515625
0.00549507141113281 0.0336627960205078 0.0642051696777344 -0.00397491455078125
0.00240707397460938 0.0359268188476563 0.22125244140625 -0.70977783203125
0.0204906463623047 0.012115478515625 -0.43902587890625 -0.83233642578125
0.0230808258056641 0.00253105163574219 -0.79901123046875 -0.00946044921874985
0.0176811218261719 -0.0106067657470703 -0.345001220703125 0.53955078125
0.0239238739013672 -0.0299415588378906 0.11138916015625 0.467620849609375
-3.43322753906229E-05 -0.0269012451171875 0.3292236328125 0.15325927734375
-0.0132780075073242 -0.0164642333984375 0.3243408203125 -0.13037109375
0.000684738159179686 -0.0343151092529297 -0.298309326171875 0.090179443359375
0.0211277008056641 -0.0315189361572266 -0.2275390625 -0.2177734375
0.0546417236328125 -0.0382270812988281 0.138885498046875 -0.450927734375
0.0517654418945313 0.00455093383789063 0.63494873046875 -0.278564453125
-0.0181007385253906 0.0243053436279297 0.6854248046875 0.482421875
-0.0363693237304688 -0.0180130004882812 0.10345458984375 0.93511962890625
-0.00631523132324219 0.0141563415527344 -0.32318115234375 0.58013916015625
0.0247211456298828 0.0107784271240234 0.0791473388671875 -0.0196533203125
0.00869274139404297 0.01507568359375 0.21771240234375 -0.72576904296875
0.0212593078613281 0.00485801696777344 -0.4493408203125 -0.82470703125
0.0271835327148438 0.00269699096679688 -0.7935791015625 0.00531005859374997
0.0234298706054688 -0.0153942108154297 -0.332672119140625 0.5418701171875
0.0274848937988281 -0.0381660461425781 0.114990234375 0.46533203125
0.000644683837890622 -0.0346546173095703 0.324066162109375 0.149017333984375
-0.0114040374755859 -0.0140295028686523 0.3160400390625 -0.136016845703125
0.00384902954101562 -0.0306301116943359 -0.30914306640625 0.08270263671875
0.0239677429199219 -0.0375137329101563 -0.237548828125 -0.221725463867187
0.0562210083007813 -0.0438766479492188 0.13787841796875 -0.455169677734375
0.0539321899414063 0.00555038452148438 0.6380615234375 -0.2822265625
-0.0175666809082031 0.0208816528320313 0.686279296875 0.48211669921875
-0.0311279296875 -0.0354766845703125 0.1077880859375 0.9263916015625
0.0139970779418945 -0.0155391693115234 -0.31317138671875 0.56829833984375
0.0540695190429688 -0.0162811279296875 0.0921783447265625 -0.0293655395507813
0.0212860107421875 -0.0138416290283203 0.21893310546875 -0.73638916015625
0.0193443298339844 -0.00785446166992188 -0.45098876953125 -0.8282470703125
0.0272235870361328 0.00239753723144531 -0.79052734375 0.00659179687499997
0.02740478515625 -0.0165824890136719 -0.328643798828125 0.54150390625
0.0290718078613281 -0.0435714721679688 0.111175537109375 0.46173095703125
0.00360488891601563 -0.0386962890625 0.314666748046875 0.14739990234375
-0.00751209259033203 -0.0108795166015625 0.304718017578125 -0.142608642578125
0.00824165344238281 -0.0241413116455078 -0.31964111328125 0.078155517578125
0.0238761901855469 -0.0388145446777344 -0.257247924804688 -0.2203369140625
0.0510826110839844 -0.0436935424804688 0.11322021484375 -0.46136474609375
0.0481033325195313 0.0047454833984375 0.61810302734375 -0.31463623046875
-0.0215415954589844 0.0154285430908203 0.70947265625 0.43865966796875
-0.0296096801757812 -0.058258056640625 0.15826416015625 0.907958984375
0.0362930297851563 -0.0491065979003906 -0.2879638671875 0.57720947265625
0.0885009765625 -0.046844482421875 0.0902175903320312 -0.0201950073242188
0.038848876953125 -0.0486526489257813 0.24554443359375 -0.730224609375
0.0167560577392578 -0.0276432037353516 -0.41754150390625 -0.85931396484375
0.0203132629394531 0.00116729736328125 -0.79534912109375 -0.0349731445312501
0.0259265899658203 -0.0118370056152344 -0.358245849609375 0.5252685546875
0.0302238464355469 -0.0430946350097656 0.086822509765625 0.464752197265625
0.006011962890625 -0.0415611267089844 0.299957275390625 0.15667724609375
-0.00172519683837891 -0.0062556266784668 0.296417236328125 -0.144439697265625
0.0105571746826172 -0.0315074920654297 -0.2901611328125 0.1141357421875
0.00858497619628906 0.0144462585449219 -0.279129028320313 -0.168792724609375
0.0188217163085938 0.0141429901123047 0.00247192382812503 -0.454376220703125
-0.00665855407714844 0.0235843658447266 0.481292724609375 -0.43267822265625
-0.0518150329589844 0.0145492553710938 0.7432861328125 0.22674560546875
-0.0417823791503906 -0.02197265625 0.35308837890625 0.8428955078125
0.00893402099609375 0.0362548828125 -0.22991943359375 0.70062255859375
0.0201263427734375 0.0534172058105469 -0.0153732299804687 0.0998306274414063
0.0201759338378906 0.0437088012695313 0.32470703125 -0.60076904296875
0.0219535827636719 -0.00728607177734375 -0.21612548828125 -0.94390869140625
-0.0197410583496094 -0.00624275207519532 -0.79913330078125 -0.2589111328125
-0.0269641876220703 0.0233402252197266 -0.50048828125 0.4312744140625
-0.00187873840332031 0.0170402526855469 -0.01251220703125 0.483612060546875
-0.00174808502197266 0.0145959854125977 0.28582763671875 0.20587158203125
0.000810623168945313 -0.0113315582275391 0.314605712890625 -0.10467529296875
0.0059356689453125 -0.0335235595703125 -0.28326416015625 0.116455078125
0.007965087890625 0.0108156204223633 -0.255599975585938 -0.180068969726562
0.0236072540283203 0.00519943237304688 0.04180908203125 -0.45416259765625
0.00132656097412109 0.0167598724365234 0.52667236328125 -0.393280029296875
-0.045135498046875 0.0156478881835937 0.733154296875 0.295166015625
-0.0411567687988281 -0.011871337890625 0.2874755859375 0.8795166015625
-0.00522613525390625 0.0515518188476562 -0.2635498046875 0.68231201171875
0.00370788574218749 0.06158447265625 -0.000373840332031256 0.0747528076171875
0.0076904296875 0.0546112060546875 0.2904052734375 -0.62896728515625
0.0199527740478516 0.00503730773925781 -0.28863525390625 -0.90875244140625
-0.00837039947509766 -0.000891685485839843 -0.80615234375 -0.18255615234375
-0.0145645141601563 0.0180816650390625 -0.45623779296875 0.47039794921875
0.00529289245605469 0.00935554504394531 0.02630615234375 0.483367919921875
-0.00203704833984375 0.00612354278564453 0.304168701171875 0.191009521484375
-0.00554847717285156 -0.0144004821777344 0.321990966796875 -0.10858154296875
0.000888824462890628 -0.0352363586425781 -0.282012939453125 0.11224365234375
0.0105609893798828 0.00169754028320313 -0.238540649414062 -0.190826416015625
0.0303096771240234 -0.00702857971191406 0.07843017578125 -0.4530029296875
0.0142269134521484 0.0103054046630859 0.56683349609375 -0.3516845703125
-0.0367164611816406 0.0182609558105469 0.71771240234375 0.36700439453125
-0.0408096313476562 -0.00252151489257813 0.2158203125 0.908935546875
-0.0156974792480469 0.0575180053710937 -0.29541015625 0.650634765625
-0.00649261474609375 0.0606765747070312 0.0217666625976563 0.0456008911132813
0.000831604003906256 0.0568428039550781 0.2601318359375 -0.6575927734375
0.0196285247802734 0.0116691589355469 -0.357666015625 -0.87286376953125
0.00292491912841797 0.00267529487609863 -0.80694580078125 -0.1043701171875
-0.00195980072021484 0.00962257385253906 -0.407806396484375 0.50238037109375
0.0129432678222656 -0.00321865081787109 0.065216064453125 0.4775390625
-0.00204586982727051 -0.00325536727905273 0.318328857421875 0.17645263671875
-0.00984668731689453 -0.0167655944824219 0.326690673828125 -0.11578369140625
-0.00129318237304688 -0.0361709594726562 -0.283477783203125 0.106048583984375
0.0135288238525391 -0.0110578536987305 -0.226470947265625 -0.199935913085938
0.0397605895996094 -0.02069091796875 0.10980224609375 -0.448516845703125
0.0294456481933594 0.00720405578613281 0.60052490234375 -0.31329345703125
-0.0289707183837891 0.0217781066894531 0.69866943359375 0.4246826171875
-0.0416755676269531 -0.00157928466796876 0.15618896484375 0.92547607421875
-0.0211944580078125 0.0525283813476562 -0.31488037109375 0.62054443359375
-0.00586700439453126 0.0501136779785156 0.043060302734375 0.0189018249511719
8.3923339843746E-05 0.0504417419433594 0.23248291015625 -0.683837890625
0.0200557708740234 0.0149612426757813 -0.408203125 -0.84283447265625
0.0145425796508789 0.00188255310058594 -0.7998046875 -0.0447998046874999
0.00890064239501953 -0.00108242034912109 -0.367340087890625 0.52337646484375
0.0188770294189453 -0.0161151885986328 0.095062255859375 0.46917724609375
-0.00253105163574219 -0.0148181915283203 0.327117919921875 0.162567138671875
-0.0124273300170898 -0.016632080078125 0.32586669921875 -0.122955322265625
-0.00108718872070312 -0.0363731384277344 -0.287322998046875 0.098663330078125
0.0168857574462891 -0.0221920013427734 -0.223800659179687 -0.20782470703125
0.0481834411621094 -0.0314216613769531 0.129638671875 -0.448089599609375
0.0421104431152344 0.00542449951171875 0.6209716796875 -0.289794921875
-0.0227565765380859 0.0245380401611328 0.68359375 0.461669921875
-0.0409469604492188 -0.00653076171875 0.11724853515625 0.930419921875
-0.0178680419921875 0.0365066528320313 -0.324462890625 0.59576416015625
0.00530242919921875 0.0324535369873047 0.0628814697265625 -0.00339889526367187
0.00201034545898437 0.0357780456542969 0.21722412109375 -0.7034912109375
0.0210685729980469 0.0112533569335937 -0.44000244140625 -0.82464599609375
0.0228824615478516 0.00157737731933594 -0.7890625 -0.0076293945312501
0.0178489685058594 -0.0103073120117188 -0.338775634765625 0.53594970703125
0.0248050689697266 -0.0283794403076172 0.112884521484375 0.46051025390625
-0.00109100341796875 -0.0254669189453125 0.328277587890625 0.152069091796875
-0.0131368637084961 -0.0160923004150391 0.320343017578125 -0.130828857421875
0.000530242919921873 -0.0342578887939453 -0.295562744140625 0.09149169921875
0.0200557708740234 -0.0312156677246094 -0.226654052734375 -0.21435546875
0.0538101196289062 -0.03924560546875 0.13641357421875 -0.448577880859375
0.0511589050292969 0.00454330444335938 0.630615234375 -0.28057861328125
-0.0174484252929687 0.0245037078857422 0.681884765625 0.47650146484375
-0.0374832153320313 -0.0176506042480469 0.105224609375 0.92779541015625
-0.0055999755859375 0.0152263641357422 -0.32000732421875 0.5772705078125
0.0245704650878906 0.0100803375244141 0.0783920288085937 -0.0196151733398437
0.00894737243652344 0.0146150588989258 0.21380615234375 -0.71856689453125
0.0208511352539063 0.00455284118652344 -0.44757080078125 -0.81634521484375
0.02716064453125 0.0016632080078125 -0.78472900390625 0.00866699218749994
0.0237922668457031 -0.0152397155761719 -0.32830810546875 0.537750244140625
0.0269241333007813 -0.0388641357421875 0.114013671875 0.4591064453125
0.000547409057617189 -0.0342941284179688 0.3231201171875 0.148345947265625
-0.0111894607543945 -0.0136842727661133 0.31353759765625 -0.13690185546875
0.00363731384277343 -0.0297908782958984 -0.30694580078125 0.08282470703125
0.0236434936523438 -0.036346435546875 -0.235748291015625 -0.21759033203125
0.0546722412109375 -0.0436897277832031 0.135284423828125 -0.4527587890625
0.0534477233886719 0.00405120849609375 0.63043212890625 -0.28204345703125
-0.0181522369384766 0.0223350524902344 0.68402099609375 0.47589111328125
-0.0316371917724609 -0.0348587036132813 0.10906982421875 0.920166015625
0.0125627517700195 -0.0143918991088867 -0.3092041015625 0.56402587890625
0.05340576171875 -0.0178298950195313 0.0913848876953125 -0.0290298461914063
0.020782470703125 -0.0146541595458984 0.21575927734375 -0.72943115234375
0.0199565887451172 -0.00830459594726563 -0.44940185546875 -0.82049560546875
0.0263099670410156 0.0016632080078125 -0.78350830078125 0.0100097656250001
0.0266094207763672 -0.0164413452148438 -0.326690673828125 0.537811279296875
0.0274200439453125 -0.0435676574707031 0.112518310546875 0.458099365234375
0.00217056274414062 -0.0396728515625 0.31256103515625 0.145751953125
-0.00618648529052734 -0.0105495452880859 0.301910400390625 -0.143310546875
0.00736808776855468 -0.0232200622558594 -0.317352294921875 0.0791320800781249
0.0234603881835938 -0.0388069152832031 -0.2537841796875 -0.216537475585937
0.0502243041992187 -0.0437965393066406 0.1102294921875 -0.459075927734375
0.0479240417480469 0.00286483764648437 0.6109619140625 -0.315185546875
-0.0220661163330078 0.0167293548583984 0.7042236328125 0.43115234375
-0.0290908813476562 -0.05621337890625 0.1578369140625 0.89947509765625
0.0355949401855469 -0.0488929748535156 -0.28436279296875 0.5743408203125
0.0881576538085938 -0.048248291015625 0.08905029296875 -0.0196456909179688
0.0385360717773438 -0.04876708984375 0.2412109375 -0.7249755859375
0.0169315338134766 -0.0278072357177734 -0.414794921875 -0.8519287109375
0.0210323333740234 0.00197982788085937 -0.78778076171875 -0.0331420898437498
0.0273857116699219 -0.0118885040283203 -0.35479736328125 0.5211181640625
0.0295791625976563 -0.0438156127929687 0.08612060546875 0.4595947265625
0.0048980712890625 -0.0410842895507813 0.298095703125 0.15380859375
-0.00197219848632813 -0.00674676895141602 0.292938232421875 -0.144500732421875
0.00945281982421875 -0.0302047729492188 -0.287872314453125 0.1151123046875
0.00815963745117188 0.0147256851196289 -0.2760009765625 -0.166244506835937
0.0184974670410156 0.0141429901123047 -0.00070190429687496 -0.450439453125
-0.00778770446777344 0.0225868225097656 0.475982666015625 -0.4317626953125
-0.0517425537109375 0.0145645141601563 0.739013671875 0.2218017578125
-0.0416259765625 -0.0200424194335938 0.3511962890625 0.8375244140625
0.00784683227539062 0.0364189147949219 -0.22467041015625 0.696533203125
0.0196647644042969 0.0527458190917969 -0.0162811279296875 0.0992050170898438
0.0191688537597656 0.042724609375 0.32171630859375 -0.5966796875
0.0218219757080078 -0.00626754760742187 -0.21514892578125 -0.9346923828125
-0.0194473266601563 -0.00551986694335937 -0.79241943359375 -0.25506591796875
-0.0271263122558594 0.0240020751953125 -0.49658203125 0.430084228515625
-0.00405311584472656 0.0176448822021484 -0.011016845703125 0.479705810546875
-0.00214385986328125 0.0141983032226563 0.283172607421875 0.20343017578125
0.00149822235107422 -0.0108623504638672 0.31207275390625 -0.1055908203125
0.00535392761230469 -0.0328254699707031 -0.280715942382813 0.116363525390625
0.0092315673828125 0.0102920532226563 -0.253158569335938 -0.176910400390625
0.0231781005859375 0.00506019592285156 0.03936767578125 -0.4521484375
0.00115585327148438 0.017064094543457 0.5213623046875 -0.392059326171875
-0.0447425842285156 0.0161895751953125 0.72955322265625 0.2943115234375
-0.0409164428710938 -0.00936508178710937 0.28448486328125 0.873779296875
-0.00559616088867188 0.0512161254882813 -0.260009765625 0.67669677734375
0.00229263305664062 0.0614013671875 -0.000228881835937492 0.0748519897460938
0.00887298583984375 0.053466796875 0.2880859375 -0.62451171875
0.0199317932128906 0.00408172607421875 -0.2879638671875 -0.9022216796875
-0.00892353057861328 -0.000648498535156252 -0.7998046875 -0.1785888671875
-0.0147533416748047 0.0176906585693359 -0.452117919921875 0.467193603515625
0.00514698028564453 0.00887680053710938 0.027069091796875 0.4796142578125
-0.00209283828735352 0.00615739822387695 0.302093505859375 0.190338134765625
-0.00502490997314453 -0.0149164199829102 0.319061279296875 -0.1092529296875
0.00135231018066406 -0.0346584320068359 -0.278305053710937 0.113571166992188
0.00958061218261719 0.000706672668457031 -0.236862182617188 -0.187698364257813
0.03009033203125 -0.00723648071289063 0.0772705078125 -0.44866943359375
0.0141677856445313 0.0111112594604492 0.56396484375 -0.35064697265625
-0.0371818542480469 0.0191268920898438 0.71392822265625 0.36212158203125
-0.0408859252929688 -0.00261306762695312 0.21630859375 0.90264892578125
-0.0168228149414062 0.0568580627441406 -0.2928466796875 0.6466064453125
-0.00653457641601563 0.0597419738769531 0.0205345153808594 0.0461578369140625
0.00199127197265625 0.0566062927246094 0.2559814453125 -0.65234375
0.0204143524169922 0.0119419097900391 -0.3564453125 -0.86798095703125
0.00263333320617676 0.00231122970581055 -0.79925537109375 -0.1029052734375
-0.00170707702636719 0.00828742980957031 -0.404998779296875 0.499542236328125
0.0115938186645508 -0.003875732421875 0.065521240234375 0.473052978515625
-0.00241231918334961 -0.00348091125488281 0.31646728515625 0.17340087890625
-0.00916671752929687 -0.0154256820678711 0.322662353515625 -0.115692138671875
-0.00108718872070313 -0.0363082885742188 -0.280349731445313 0.10638427734375
0.0121431350708008 -0.00983238220214844 -0.226150512695313 -0.197830200195313
0.0385208129882813 -0.020263671875 0.10748291015625 -0.4466552734375
0.0282611846923828 0.00641250610351563 0.5968017578125 -0.31292724609375
-0.0296669006347656 0.0222434997558594 0.696044921875 0.42083740234375
-0.0405464172363281 -0.000282287597656242 0.1546630859375 0.91839599609375
-0.0215950012207031 0.0523490905761719 -0.3128662109375 0.616943359375
-0.00466537475585938 0.04962158203125 0.0430183410644531 0.0180740356445313
0.0003662109375 0.0498390197753906 0.2293701171875 -0.67755126953125
0.0198535919189453 0.0133476257324219 -0.40484619140625 -0.83721923828125
0.0138578414916992 0.00175857543945313 -0.79315185546875 -0.0427856445312498
0.00892162322998047 -0.000983238220214844 -0.36322021484375 0.5213623046875
0.0176677703857422 -0.0160808563232422 0.09466552734375 0.465423583984375
-0.00240421295166015 -0.0149135589599609 0.326171875 0.1600341796875
-0.0122051239013672 -0.0167226791381836 0.322296142578125 -0.124481201171875
-0.0017547607421875 -0.0358657836914063 -0.28509521484375 0.098663330078125
0.0168781280517578 -0.0206375122070313 -0.222015380859375 -0.205673217773437
0.0466766357421875 -0.0318756103515625 0.1273193359375 -0.4456787109375
0.0412826538085937 0.00453948974609375 0.6168212890625 -0.28961181640625
-0.0231380462646484 0.0250701904296875 0.681640625 0.45709228515625
-0.0403976440429688 -0.00588226318359375 0.1192626953125 0.92413330078125
-0.0175628662109375 0.0371513366699219 -0.32177734375 0.59124755859375
0.00592613220214844 0.0322017669677734 0.0621261596679688 -0.00291824340820312
0.00282859802246094 0.0345478057861328 0.21490478515625 -0.69830322265625
0.0206451416015625 0.0114631652832031 -0.435546875 -0.81866455078125
0.0215873718261719 0.00207710266113281 -0.78326416015625 -0.00408935546875011
0.0173978805541992 -0.0102081298828125 -0.33636474609375 0.53155517578125
0.0226459503173828 -0.0288467407226563 0.11212158203125 0.4588623046875
-0.00146865844726562 -0.0256080627441406 0.32672119140625 0.149169921875
-0.0124855041503906 -0.0163211822509766 0.31756591796875 -0.131378173828125
-0.000204086303710939 -0.0335540771484375 -0.293609619140625 0.092254638671875
0.0197849273681641 -0.0309371948242187 -0.225128173828125 -0.211929321289062
0.0526466369628906 -0.0388336181640625 0.13458251953125 -0.445648193359375
0.0506553649902344 0.00339508056640625 0.62384033203125 -0.28070068359375
-0.0183029174804688 0.0250778198242187 0.67742919921875 0.471923828125
-0.0367851257324219 -0.0145950317382813 0.104736328125 0.92132568359375
-0.00801849365234375 0.015873908996582 -0.317626953125 0.5726318359375
0.0247344970703125 0.00968360900878906 0.0779876708984375 -0.0182952880859375
0.00958442687988281 0.0125331878662109 0.21136474609375 -0.71295166015625
0.0214023590087891 0.00420188903808594 -0.4461669921875 -0.81121826171875
0.0273780822753906 0.00127410888671875 -0.77947998046875 0.00897216796875015
0.0244827270507812 -0.0160388946533203 -0.324188232421875 0.5347900390625
0.0265426635742188 -0.0380058288574219 0.114898681640625 0.454864501953125
0.000303268432617186 -0.0333919525146484 0.321044921875 0.144073486328125
-0.0110177993774414 -0.0135288238525391 0.3104248046875 -0.138763427734375
0.00417709350585937 -0.0300216674804688 -0.304412841796875 0.083343505859375
0.0219001770019531 -0.0363883972167969 -0.235488891601563 -0.215927124023438
0.0546112060546875 -0.0443649291992188 0.132232666015625 -0.449676513671875
0.0525283813476562 0.0029449462890625 0.62640380859375 -0.28271484375
-0.0174217224121094 0.0221080780029297 0.6796875 0.46942138671875
-0.0311069488525391 -0.0334053039550781 0.1092529296875 0.91357421875
0.0131158828735352 -0.0137548446655273 -0.305999755859375 0.56109619140625
0.052520751953125 -0.0180320739746094 0.0905838012695312 -0.0279464721679687
0.0206813812255859 -0.0147953033447266 0.213623046875 -0.7242431640625
0.0197029113769531 -0.008148193359375 -0.4490966796875 -0.814453125
0.0262336730957031 0.0011444091796875 -0.7772216796875 0.0108642578124999
0.0270366668701172 -0.0159187316894531 -0.32244873046875 0.534271240234375
0.028045654296875 -0.043609619140625 0.110809326171875 0.453033447265625
0.00100326538085937 -0.0393867492675781 0.31121826171875 0.143951416015625
-0.0069417953491211 -0.00914287567138672 0.298858642578125 -0.14410400390625
0.00786209106445313 -0.0240802764892578 -0.3157958984375 0.07965087890625
0.0227127075195313 -0.0385055541992188 -0.2540283203125 -0.213973999023438
0.0498199462890625 -0.0438957214355469 0.1090087890625 -0.456146240234375
0.0477027893066406 0.00341796875 0.60528564453125 -0.313232421875
-0.0206146240234375 0.0169563293457031 0.70068359375 0.4259033203125
-0.0280189514160156 -0.055267333984375 0.1588134765625 0.8919677734375
0.0360679626464844 -0.0492897033691406 -0.281982421875 0.57012939453125
0.0876235961914062 -0.047943115234375 0.08935546875 -0.01953125
0.038604736328125 -0.0486183166503906 0.23870849609375 -0.71881103515625
0.0168590545654297 -0.0272331237792969 -0.413818359375 -0.84429931640625
0.0197849273681641 0.00161361694335938 -0.78240966796875 -0.03125
0.0262336730957031 -0.01165771484375 -0.35107421875 0.51898193359375
0.0285110473632813 -0.041351318359375 0.08612060546875 0.45611572265625
0.00388336181640625 -0.0403060913085938 0.296722412109375 0.15118408203125
-0.000434398651123046 -0.0061030387878418 0.290008544921875 -0.145538330078125
0.00946807861328125 -0.0296306610107422 -0.28662109375 0.1158447265625
0.00757026672363281 0.013972282409668 -0.274215698242188 -0.164291381835937
0.0179519653320313 0.0126438140869141 -0.000457763671875009 -0.448333740234375
-0.00861167907714844 0.0228672027587891 0.47412109375 -0.428802490234375
-0.0519180297851563 0.0155258178710937 0.73626708984375 0.220458984375
-0.041900634765625 -0.0196418762207031 0.3477783203125 0.8323974609375
0.007781982421875 0.0359611511230469 -0.22509765625 0.692138671875
0.0201530456542969 0.0513648986816406 -0.0152435302734375 0.0993270874023438
0.0217208862304688 0.0429267883300781 0.31927490234375 -0.59136962890625
0.0219039916992188 -0.00719261169433594 -0.21539306640625 -0.93011474609375
-0.0196857452392578 -0.00554466247558593 -0.7874755859375 -0.25225830078125
-0.0263099670410156 0.0239753723144531 -0.49212646484375 0.42742919921875
-0.00342750549316406 0.0177116394042969 -0.01104736328125 0.47564697265625
-0.00203514099121094 0.0135898590087891 0.282806396484375 0.2010498046875
4.10079956054695E-05 -0.0110626220703125 0.309478759765625 -0.103759765625
0.00472640991210937 -0.0320281982421875 -0.278488159179688 0.115951538085937
0.00831794738769531 0.00969028472900391 -0.251602172851562 -0.173095703125
0.0220184326171875 0.00464057922363281 0.037200927734375 -0.449462890625
0.00159740447998047 0.015620231628418 0.518768310546875 -0.39190673828125
-0.0452880859375 0.0161552429199219 0.7265625 0.29119873046875
-0.0406417846679687 -0.00899124145507813 0.2835693359375 0.8692626953125
-0.00527572631835937 0.0512962341308594 -0.2598876953125 0.6724853515625
0.00238418579101563 0.0594291687011719 -0.000511169433593742 0.074920654296875
0.00993347167968751 0.0535125732421875 0.287353515625 -0.618896484375
0.0193233489990234 0.00458717346191406 -0.28582763671875 -0.89764404296875
-0.0086674690246582 -0.000384807586669921 -0.7947998046875 -0.17852783203125
-0.0140857696533203 0.0175933837890625 -0.447998046875 0.464569091796875
0.00399589538574219 0.00899219512939453 0.027679443359375 0.4749755859375
-0.0028839111328125 0.00647974014282226 0.30078125 0.18817138671875
-0.00431442260742188 -0.0139455795288086 0.3165283203125 -0.109954833984375
0.000589370727539062 -0.0344638824462891 -0.277328491210938 0.112396240234375
0.00890064239501953 0.00127887725830078 -0.2354736328125 -0.18634033203125
0.0292243957519531 -0.00856971740722656 0.076507568359375 -0.446929931640625
0.0134286880493164 0.0104846954345703 0.56072998046875 -0.348114013671875
-0.037017822265625 0.0189170837402344 0.70947265625 0.35992431640625
-0.0412712097167969 -0.00191879272460938 0.21484375 0.8958740234375
-0.0159759521484375 0.0569190979003906 -0.29052734375 0.64398193359375
-0.00619125366210938 0.0584754943847656 0.0206222534179688 0.0453376770019531
0.00249862670898437 0.0551071166992188 0.25421142578125 -0.64825439453125
0.0192699432373047 0.0113391876220703 -0.3543701171875 -0.864013671875
0.00315928459167481 0.00121259689331055 -0.7958984375 -0.10223388671875
-0.00200653076171875 0.00832700729370117 -0.40069580078125 0.49639892578125
0.0109186172485352 -0.00320243835449219 0.06591796875 0.46942138671875
-0.00236392021179199 -0.00371837615966797 0.31512451171875 0.172027587890625
-0.00865936279296875 -0.0162725448608398 0.321380615234375 -0.11614990234375
-0.00135421752929687 -0.0361480712890625 -0.278671264648438 0.106842041015625
0.0127296447753906 -0.00985527038574219 -0.224105834960938 -0.1956787109375
0.0379905700683594 -0.0205650329589844 0.10699462890625 -0.44378662109375
0.0279293060302734 0.00619697570800781 0.592041015625 -0.31280517578125
-0.0299854278564453 0.0223464965820313 0.69268798828125 0.41864013671875
-0.04107666015625 0.00015640258789063 0.15411376953125 0.91241455078125
-0.021484375 0.0517997741699219 -0.3125 0.61419677734375
-0.00555038452148438 0.049102783203125 0.0414161682128906 0.0190773010253906
0.00127410888671875 0.0484542846679688 0.227294921875 -0.67431640625
0.0206813812255859 0.0130996704101563 -0.4029541015625 -0.832763671875
0.0135974884033203 0.00235366821289063 -0.78509521484375 -0.0407104492187498
0.00847673416137695 -0.00131845474243164 -0.360992431640625 0.51708984375
0.0176353454589844 -0.0168991088867188 0.093597412109375 0.46099853515625
-0.00285148620605469 -0.0156850814819336 0.324462890625 0.158172607421875
-0.0122766494750977 -0.0167703628540039 0.320465087890625 -0.124114990234375
-0.00135040283203125 -0.03582763671875 -0.283966064453125 0.099761962890625
0.016204833984375 -0.0210723876953125 -0.221038818359375 -0.20361328125
0.0466194152832031 -0.0312652587890625 0.12567138671875 -0.4420166015625
0.04168701171875 0.00440597534179688 0.612548828125 -0.28753662109375
-0.0230445861816406 0.0249748229980469 0.67816162109375 0.4549560546875
-0.0403900146484375 -0.00370407104492188 0.114013671875 0.91705322265625
-0.0173988342285156 0.0368843078613281 -0.32025146484375 0.58746337890625
0.004791259765625 0.0315933227539063 0.0622711181640625 -0.00172042846679687
0.00271797180175781 0.0338592529296875 0.2127685546875 -0.69384765625
0.0208568572998047 0.0106735229492188 -0.4349365234375 -0.8126220703125
0.0218982696533203 0.00127792358398437 -0.77783203125 -0.00518798828124985
0.0180110931396484 -0.0101127624511719 -0.332427978515625 0.528411865234375
0.02203369140625 -0.0293006896972656 0.11029052734375 0.454742431640625
-0.00274276733398437 -0.0252933502197266 0.326141357421875 0.1480712890625
-0.0121498107910156 -0.0154867172241211 0.316253662109375 -0.132843017578125
-8.39233398437536E-05 -0.0335369110107422 -0.2916259765625 0.09222412109375
0.0198478698730469 -0.0318126678466797 -0.224807739257812 -0.21026611328125
0.0519790649414063 -0.0401992797851563 0.13385009765625 -0.444854736328125
0.0490226745605469 0.00378799438476563 0.620849609375 -0.2803955078125
-0.0186614990234375 0.0266265869140625 0.673583984375 0.46826171875
-0.0361709594726563 -0.0145492553710937 0.10137939453125 0.91522216796875
-0.00698566436767578 0.0149688720703125 -0.31488037109375 0.56951904296875
0.0242195129394531 0.00838279724121094 0.0779876708984375 -0.0182571411132813
0.00973129272460938 0.0142879486083984 0.2099609375 -0.70880126953125
0.0210170745849609 0.00283241271972656 -0.445068359375 -0.8055419921875
0.0267047882080078 0.000211715698242188 -0.773681640625 0.0101318359375001
0.0242843627929688 -0.0158290863037109 -0.323272705078125 0.5335693359375
0.0254325866699219 -0.0386543273925781 0.114837646484375 0.45001220703125
-0.000118255615234378 -0.0330867767333984 0.3206787109375 0.143707275390625
-0.010676383972168 -0.0135259628295898 0.308074951171875 -0.139190673828125
0.00267601013183594 -0.0292854309082031 -0.30352783203125 0.083953857421875
0.023590087890625 -0.0363616943359375 -0.233474731445313 -0.213058471679688
0.052001953125 -0.0447120666503906 0.13201904296875 -0.449066162109375
0.0511856079101562 0.00283432006835938 0.6229248046875 -0.28265380859375
-0.0167922973632813 0.0230445861816406 0.67578125 0.46661376953125
-0.0314712524414062 -0.0328006744384766 0.108642578125 0.90576171875
0.0129518508911133 -0.0129280090332031 -0.3050537109375 0.557586669921875
0.0520362854003906 -0.0189666748046875 0.0909881591796875 -0.0270767211914063
0.0209426879882813 -0.0151653289794922 0.21221923828125 -0.7193603515625
0.0189380645751953 -0.0092620849609375 -0.445556640625 -0.80926513671875
0.027130126953125 0.000629425048828125 -0.77252197265625 0.0119018554687499
0.0259494781494141 -0.0165386199951172 -0.319793701171875 0.531890869140625
0.0268440246582031 -0.0436019897460938 0.11053466796875 0.44921875
0.00199508666992187 -0.0382347106933594 0.30914306640625 0.140869140625
-0.00622367858886719 -0.0108957290649414 0.29766845703125 -0.14501953125
0.00759506225585938 -0.0229606628417969 -0.313629150390625 0.080352783203125
0.0222396850585938 -0.0386924743652344 -0.251388549804687 -0.211990356445313
0.0481758117675781 -0.0430412292480469 0.105621337890625 -0.454010009765625
0.0467529296875 0.00333404541015625 0.60235595703125 -0.314453125
-0.0216064453125 0.01763916015625 0.69482421875 0.423828125
-0.0279273986816406 -0.0545692443847656 0.1549072265625 0.8875732421875
0.0350303649902344 -0.04766845703125 -0.28076171875 0.56683349609375
0.0868301391601563 -0.0482406616210938 0.087432861328125 -0.0184860229492188
0.0374107360839844 -0.0487861633300781 0.2376708984375 -0.71392822265625
0.0162105560302734 -0.0287113189697266 -0.4112548828125 -0.83978271484375
0.0194835662841797 0.00112152099609375 -0.7783203125 -0.0298461914062502
0.0256938934326172 -0.0121059417724609 -0.348052978515625 0.516265869140625
0.0275917053222656 -0.0423049926757813 0.085540771484375 0.453704833984375
0.00322723388671875 -0.0399513244628906 0.295867919921875 0.1495361328125
-0.000555038452148438 -0.00490140914916992 0.28759765625 -0.144775390625
0.00846099853515625 -0.0297012329101563 -0.28424072265625 0.1153564453125
0.00655364990234375 0.0146694183349609 -0.272933959960938 -0.161361694335937
0.0175085067749023 0.0124692916870117 -0.000366210937499974 -0.446380615234375
-0.00856971740722656 0.0224857330322266 0.4727783203125 -0.42755126953125
-0.0516586303710938 0.0164375305175781 0.73114013671875 0.21893310546875
-0.0419120788574219 -0.0189323425292969 0.34490966796875 0.82904052734375
0.00762557983398437 0.0369720458984375 -0.22576904296875 0.6907958984375
0.0190963745117187 0.0513038635253906 -0.0158767700195313 0.0994796752929688
0.0209693908691406 0.0423545837402344 0.319580078125 -0.58819580078125
0.0218944549560547 -0.00759506225585938 -0.212646484375 -0.926025390625
-0.0190372467041016 -0.00585365295410156 -0.78204345703125 -0.2528076171875
-0.0252590179443359 0.0235939025878906 -0.490142822265625 0.424835205078125
-0.00436687469482422 0.0169639587402344 -0.011871337890625 0.473236083984375
-0.00266456604003906 0.0138998031616211 0.2813720703125 0.2015380859375
0.000626564025878906 -0.0103969573974609 0.30804443359375 -0.105316162109375
0.00432968139648438 -0.0316982269287109 -0.2784423828125 0.115982055664063
0.00782966613769531 0.0104503631591797 -0.251083374023438 -0.172637939453125
0.0216026306152344 0.00335884094238281 0.03875732421875 -0.44744873046875
0.000500679016113283 0.0149736404418945 0.517547607421875 -0.38958740234375
-0.0451164245605469 0.0168685913085937 0.72259521484375 0.29046630859375
-0.0412368774414063 -0.00766372680664062 0.27886962890625 0.8636474609375
-0.00571441650390625 0.0508193969726563 -0.26019287109375 0.67138671875
0.00181198120117188 0.059234619140625 -8.39233398437501E-05 0.0743942260742188
0.00901031494140625 0.0523452758789063 0.28619384765625 -0.615966796875
0.0198402404785156 0.00391006469726562 -0.2845458984375 -0.893798828125
-0.00903129577636719 -0.00119495391845703 -0.78857421875 -0.1766357421875
-0.0140533447265625 0.0177555084228516 -0.445831298828125 0.4625244140625
0.00415706634521484 0.0089569091796875 0.025634765625 0.472198486328125
-0.00307798385620117 0.00620651245117188 0.2994384765625 0.187347412109375
-0.00406742095947266 -0.0138778686523438 0.31561279296875 -0.109161376953125
0.00119400024414063 -0.0337142944335938 -0.276397705078125 0.112884521484375
0.00963973999023437 0.00130844116210937 -0.234115600585938 -0.185272216796875
0.0289478302001953 -0.00915336608886719 0.076934814453125 -0.444854736328125
0.0129127502441406 0.00938129425048828 0.55810546875 -0.348846435546875
-0.0364990234375 0.0197105407714844 0.7061767578125 0.359130859375
-0.0411720275878906 -0.000526428222656242 0.20989990234375 0.8939208984375
-0.0162353515625 0.0573158264160156 -0.291015625 0.63922119140625
-0.0068206787109375 0.0583000183105469 0.0206527709960937 0.0460090637207031
0.00240325927734375 0.0555648803710938 0.25323486328125 -0.6451416015625
0.0193843841552734 0.0108013153076172 -0.35272216796875 -0.85845947265625
0.00286316871643066 0.00141024589538574 -0.79034423828125 -0.10205078125
-0.000977993011474609 0.00775814056396484 -0.3992919921875 0.49298095703125
0.0111103057861328 -0.00333976745605469 0.0650634765625 0.466796875
-0.00328660011291504 -0.00282907485961914 0.314544677734375 0.171173095703125
-0.00897598266601562 -0.0156288146972656 0.31915283203125 -0.11651611328125
-0.00187301635742187 -0.0361061096191406 -0.277069091796875 0.106277465820312
0.0118894577026367 -0.00906944274902344 -0.22369384765625 -0.19390869140625
0.0373382568359375 -0.021087646484375 0.10693359375 -0.441925048828125
0.0269699096679687 0.0055694580078125 0.5902099609375 -0.3123779296875
-0.028778076171875 0.0235671997070313 0.68878173828125 0.414794921875
-0.0414352416992188 0.000640869140624997 0.15008544921875 0.90966796875
-0.0218315124511719 0.0526962280273438 -0.31103515625 0.60955810546875
-0.00618743896484375 0.0475883483886719 0.0421218872070313 0.0189247131347656
0.00101470947265625 0.0479049682617188 0.22918701171875 -0.6695556640625
0.01995849609375 0.0133304595947266 -0.3985595703125 -0.82830810546875
0.0130901336669922 0.00107669830322266 -0.78265380859375 -0.0421142578125
0.00881767272949219 -0.00119876861572266 -0.358795166015625 0.5125732421875
0.0165195465087891 -0.0164299011230469 0.092742919921875 0.457855224609375
-0.00363063812255859 -0.0143947601318359 0.32257080078125 0.157745361328125
-0.012272834777832 -0.0161638259887695 0.318328857421875 -0.12451171875
-0.00285720825195313 -0.0355339050292969 -0.28240966796875 0.100006103515625
0.0157814025878906 -0.0206508636474609 -0.220291137695313 -0.20233154296875
0.04498291015625 -0.0327224731445313 0.12542724609375 -0.44097900390625
0.0403480529785156 0.00409698486328125 0.60955810546875 -0.289306640625
-0.0224800109863281 0.0255966186523438 0.6746826171875 0.45172119140625
-0.0411720275878906 -0.00302886962890624 0.11358642578125 0.9149169921875
-0.0180625915527344 0.0368194580078125 -0.3203125 0.584228515625
0.00485420227050781 0.0308551788330078 0.0620231628417969 -0.0030364990234375
0.00415420532226562 0.0334205627441406 0.21295166015625 -0.69024658203125
0.019805908203125 0.0104141235351563 -0.43145751953125 -0.81011962890625
0.0217666625976562 0.00155067443847656 -0.7750244140625 -0.00433349609375015
0.0176448822021484 -0.0106086730957031 -0.331756591796875 0.525909423828125
0.0217990875244141 -0.0284824371337891 0.11090087890625 0.452545166015625
-0.00274467468261719 -0.0252780914306641 0.323944091796875 0.14697265625
-0.0123395919799805 -0.0151796340942383 0.314361572265625 -0.13165283203125
-0.000705718994140624 -0.0333290100097656 -0.290496826171875 0.092193603515625
0.0195178985595703 -0.0308361053466797 -0.223709106445313 -0.207931518554688
0.0510826110839844 -0.0408973693847656 0.133575439453125 -0.4412841796875
0.0493507385253906 0.00263214111328125 0.6173095703125 -0.27972412109375
-0.0170116424560547 0.0260353088378906 0.669921875 0.46539306640625
-0.03692626953125 -0.0138893127441406 0.0989990234375 0.91156005859375
-0.00728130340576172 0.0156383514404297 -0.3157958984375 0.56646728515625
0.0231075286865234 0.00892448425292969 0.0773239135742187 -0.0170135498046875
0.0100345611572266 0.0124969482421875 0.2100830078125 -0.70367431640625
0.0203227996826172 0.00338554382324219 -0.442138671875 -0.80322265625
0.02679443359375 0.000768661499023437 -0.76934814453125 0.00787353515624995
0.0245914459228516 -0.0171756744384766 -0.32080078125 0.527099609375
0.0254898071289063 -0.0374908447265625 0.11328125 0.447906494140625
-0.00101280212402344 -0.0331916809082031 0.319061279296875 0.142181396484375
-0.00994205474853516 -0.0133123397827148 0.306304931640625 -0.13775634765625
0.00317764282226562 -0.0289669036865234 -0.300994873046875 0.084625244140625
0.0218696594238281 -0.0358924865722656 -0.232620239257813 -0.21209716796875
0.052703857421875 -0.0437126159667969 0.13226318359375 -0.44610595703125
0.0508308410644531 0.00366592407226562 0.62017822265625 -0.2825927734375
-0.0180568695068359 0.0231513977050781 0.67169189453125 0.46539306640625
-0.0310134887695313 -0.0314254760742187 0.10504150390625 0.9019775390625
0.0125751495361328 -0.0126590728759766 -0.30487060546875 0.55413818359375
0.0515556335449219 -0.0197029113769531 0.0901718139648438 -0.0262374877929688
0.0209712982177734 -0.0155849456787109 0.2113037109375 -0.71502685546875
0.0186710357666016 -0.00912094116210938 -0.4449462890625 -0.8055419921875
0.0266437530517578 0.00041961669921875 -0.76837158203125 0.00994873046875013
0.0265140533447266 -0.0172080993652344 -0.317108154296875 0.52764892578125
0.0261459350585937 -0.0422821044921875 0.10986328125 0.445892333984375
0.000541687011718754 -0.0376548767089844 0.308502197265625 0.140869140625
-0.00569915771484375 -0.009124755859375 0.295989990234375 -0.14324951171875
0.00739288330078125 -0.0236473083496094 -0.312347412109375 0.081207275390625
0.0222854614257812 -0.0363883972167969 -0.250167846679688 -0.210159301757813
0.0479660034179688 -0.0437736511230469 0.106781005859375 -0.45245361328125
0.0462837219238281 0.00264358520507813 0.599609375 -0.3134765625
-0.02142333984375 0.0176830291748047 0.69354248046875 0.4222412109375
-0.0284194946289063 -0.0536231994628906 0.1536865234375 0.88262939453125
0.0343246459960938 -0.0472679138183594 -0.2803955078125 0.56439208984375
0.0857391357421875 -0.0481185913085938 0.0875320434570312 -0.017364501953125
0.037567138671875 -0.0496063232421875 0.2374267578125 -0.70977783203125
0.0164031982421875 -0.0285091400146484 -0.4071044921875 -0.83636474609375
0.0208511352539063 0.000810623168945313 -0.77294921875 -0.031494140625
0.0255050659179687 -0.0117855072021484 -0.34716796875 0.511810302734375
0.0271797180175781 -0.0420417785644531 0.0854797363281249 0.44903564453125
0.00310134887695312 -0.0392799377441406 0.2945556640625 0.1495361328125
-0.00066995620727539 -0.00535249710083008 0.286041259765625 -0.14483642578125
0.00882720947265625 -0.029052734375 -0.283447265625 0.115997314453125
0.00643444061279297 0.0146541595458984 -0.271713256835937 -0.160324096679688
0.0175638198852539 0.0127086639404297 0.001708984375 -0.44525146484375
-0.0092315673828125 0.0222549438476563 0.472320556640625 -0.426361083984375
-0.0516929626464844 0.01666259765625 0.72882080078125 0.2193603515625
-0.0418663024902344 -0.0178451538085938 0.34210205078125 0.8270263671875
0.00797653198242188 0.0368843078613281 -0.22772216796875 0.68768310546875
0.0192642211914063 0.0506935119628906 -0.016448974609375 0.0996017456054688
0.0209007263183594 0.0408134460449219 0.32049560546875 -0.58514404296875
0.0216312408447266 -0.006866455078125 -0.21044921875 -0.92620849609375
-0.0191211700439453 -0.00669097900390625 -0.7803955078125 -0.25433349609375
-0.0258674621582031 0.0229911804199219 -0.488922119140625 0.421966552734375
-0.00418758392333984 0.0172224044799805 -0.012725830078125 0.471160888671875
-0.00325870513916015 0.0134687423706055 0.281463623046875 0.199737548828125
0.000985145568847657 -0.0113115310668945 0.307281494140625 -0.105499267578125
0.00441551208496094 -0.0311775207519531 -0.277206420898438 0.116836547851563
0.00767803192138672 0.0101346969604492 -0.250274658203125 -0.171371459960938
0.0212516784667969 0.003021240234375 0.038787841796875 -0.44677734375
-0.000173568725585938 0.0143651962280273 0.516143798828125 -0.388397216796875
-0.0444602966308594 0.0176277160644531 0.71966552734375 0.28863525390625
-0.0405769348144531 -0.00701522827148437 0.2767333984375 0.8641357421875
-0.00606155395507813 0.0523338317871094 -0.26043701171875 0.66705322265625
0.00226593017578125 0.0583915710449219 -0.000167846679687494 0.0748291015625
0.0096435546875 0.0515708923339844 0.28607177734375 -0.6126708984375
0.0191249847412109 0.00425338745117188 -0.28271484375 -0.89190673828125
-0.00961208343505859 -0.00145912170410156 -0.78704833984375 -0.17840576171875
-0.0135793685913086 0.0168323516845703 -0.446319580078125 0.46002197265625
0.00389194488525391 0.009368896484375 0.025115966796875 0.4698486328125
-0.00367164611816406 0.00625896453857422 0.298797607421875 0.186737060546875
-0.00406074523925781 -0.014369010925293 0.314788818359375 -0.109954833984375
-0.00029563903808594 -0.0339145660400391 -0.275466918945312 0.112564086914063
0.00836372375488281 0.000920295715332031 -0.232681274414063 -0.18316650390625
0.0276870727539063 -0.00851631164550781 0.076629638671875 -0.444305419921875
0.0124244689941406 0.00912761688232422 0.556060791015625 -0.348419189453125
-0.0364952087402344 0.0194129943847656 0.70294189453125 0.3585205078125
-0.0419960021972656 9.91821289062432E-05 0.20745849609375 0.88958740234375
-0.0169525146484375 0.05731201171875 -0.29302978515625 0.63726806640625
-0.00662612915039062 0.0577545166015625 0.0196952819824219 0.0462875366210938
0.00228500366210937 0.0539932250976562 0.25445556640625 -0.64202880859375
0.0195693969726563 0.0113105773925781 -0.3480224609375 -0.857666015625
0.0027005672454834 0.00112533569335938 -0.7860107421875 -0.1024169921875
-0.00169467926025391 0.00778007507324219 -0.39849853515625 0.48980712890625
0.0108213424682617 -0.00341129302978516 0.06256103515625 0.4638671875
-0.00418925285339356 -0.00411796569824219 0.31427001953125 0.1708984375
-0.00789737701416015 -0.0158529281616211 0.318572998046875 -0.115631103515625
-0.00201034545898438 -0.0358772277832031 -0.276748657226563 0.1064453125
0.0113487243652344 -0.00908184051513672 -0.22265625 -0.1923828125
0.0367851257324219 -0.0221328735351563 0.107696533203125 -0.442413330078125
0.026092529296875 0.00537872314453125 0.5882568359375 -0.30877685546875
-0.028839111328125 0.0232944488525391 0.685302734375 0.41680908203125
-0.0417747497558594 0.00261688232421875 0.14739990234375 0.90728759765625
-0.0215492248535156 0.0522003173828125 -0.31304931640625 0.607177734375
-0.00552749633789062 0.0470619201660156 0.0416030883789063 0.0191726684570313
0.00112533569335937 0.0470161437988281 0.22845458984375 -0.6654052734375
0.0197944641113281 0.0124893188476563 -0.3988037109375 -0.82708740234375
0.0131959915161133 0.00137424468994141 -0.77923583984375 -0.0444335937499999
0.00946235656738281 -0.00287914276123047 -0.357025146484375 0.509857177734375
0.0171213150024414 -0.016265869140625 0.091796875 0.456329345703125
-0.00372982025146485 -0.0148944854736328 0.32281494140625 0.157196044921875
-0.0115785598754883 -0.0161266326904297 0.317718505859375 -0.12432861328125
-0.00153541564941406 -0.0349349975585938 -0.28228759765625 0.100677490234375
0.0167579650878906 -0.0218086242675781 -0.21881103515625 -0.2000732421875
0.0451278686523437 -0.0325584411621094 0.12579345703125 -0.4407958984375
0.0399055480957031 0.00325393676757813 0.60723876953125 -0.28692626953125
-0.0212116241455078 0.02545166015625 0.6712646484375 0.451416015625
-0.03961181640625 -0.00223159790039063 0.10968017578125 0.9122314453125
-0.0181961059570313 0.0380821228027344 -0.32135009765625 0.5810546875
0.00450325012207031 0.0301284790039063 0.0609893798828125 -0.0012664794921875
0.00389289855957031 0.0325164794921875 0.2125244140625 -0.68701171875
0.0199871063232422 0.00981903076171875 -0.4298095703125 -0.80731201171875
0.0215740203857422 0.000875473022460938 -0.77117919921875 -0.0054931640624999
0.0189704895019531 -0.0104522705078125 -0.331207275390625 0.524139404296875
0.0211448669433594 -0.0286846160888672 0.108978271484375 0.45013427734375
-0.00260353088378906 -0.0255641937255859 0.323028564453125 0.147186279296875
-0.0109338760375977 -0.0149326324462891 0.313018798828125 -0.132232666015625
-0.000696182250976562 -0.0323600769042969 -0.28948974609375 0.092071533203125
0.0188770294189453 -0.0299510955810547 -0.22149658203125 -0.207229614257813
0.0498847961425781 -0.0396881103515625 0.131866455078125 -0.442596435546875
0.0480232238769531 0.00225830078125 0.61590576171875 -0.27935791015625
-0.0179214477539063 0.0263328552246094 0.6671142578125 0.4658203125
-0.0363502502441406 -0.0130462646484375 0.096435546875 0.909423828125
-0.00818252563476563 0.0152721405029297 -0.31610107421875 0.56451416015625
0.0233402252197266 0.00751495361328125 0.0763168334960938 -0.0157928466796875
0.0101709365844727 0.0122385025024414 0.2119140625 -0.70159912109375
0.0208606719970703 0.00248908996582031 -0.43756103515625 -0.8017578125
0.0269279479980469 0.00086212158203125 -0.76641845703125 0.00860595703125004
0.0238132476806641 -0.0160160064697266 -0.318939208984375 0.52593994140625
0.0248794555664063 -0.0383567810058594 0.111541748046875 0.446746826171875
-0.00194168090820312 -0.0329761505126953 0.318115234375 0.14306640625
-0.00989151000976563 -0.0123786926269531 0.305206298828125 -0.1387939453125
0.00354766845703125 -0.0286598205566406 -0.300567626953125 0.084228515625
0.0209770202636719 -0.0350780487060547 -0.231170654296875 -0.21038818359375
0.0516700744628906 -0.043914794921875 0.131561279296875 -0.44464111328125
0.0514183044433594 0.00181961059570313 0.61724853515625 -0.282958984375
-0.0170993804931641 0.023834228515625 0.6710205078125 0.463623046875
-0.0304603576660156 -0.0307197570800781 0.1009521484375 0.90191650390625
0.0122261047363281 -0.012481689453125 -0.30523681640625 0.551605224609375
0.0511817932128906 -0.0183601379394531 0.0899810791015625 -0.026275634765625
0.0213375091552734 -0.0164909362792969 0.2120361328125 -0.7117919921875
0.0185546875 -0.0100746154785156 -0.44195556640625 -0.80322265625
0.0255069732666016 0.0001983642578125 -0.7642822265625 0.00909423828125014
0.0261726379394531 -0.0175514221191406 -0.31719970703125 0.526611328125
0.026336669921875 -0.0426177978515625 0.10736083984375 0.444366455078125
-0.000522613525390626 -0.0374908447265625 0.308197021484375 0.1407470703125
-0.00447654724121094 -0.00989627838134766 0.2940673828125 -0.14422607421875
0.00657463073730469 -0.0216217041015625 -0.311004638671875 0.0812683105468751
0.022216796875 -0.0368843078613281 -0.249771118164062 -0.207778930664063
0.0472984313964844 -0.0442581176757812 0.106170654296875 -0.452117919921875
0.0454444885253906 0.00110244750976562 0.59857177734375 -0.31396484375
-0.0208244323730469 0.01739501953125 0.6893310546875 0.4222412109375
-0.027557373046875 -0.05255126953125 0.14971923828125 0.88104248046875
0.0343246459960938 -0.0464019775390625 -0.2816162109375 0.562042236328125
0.0853729248046875 -0.0477676391601562 0.0869064331054688 -0.0177459716796875
0.0377120971679688 -0.0497474670410156 0.2381591796875 -0.70697021484375
0.0170764923095703 -0.0293197631835938 -0.4068603515625 -0.83465576171875
0.0202865600585938 0.00023651123046875 -0.76971435546875 -0.0339965820312499
0.0261898040771484 -0.0127849578857422 -0.345306396484375 0.510650634765625
0.0267677307128906 -0.041534423828125 0.0838623046875 0.44683837890625
0.00250244140625 -0.0389976501464844 0.293853759765625 0.149658203125
-0.00038909912109375 -0.00527524948120117 0.285858154296875 -0.144683837890625
0.00825881958007813 -0.0290756225585938 -0.28411865234375 0.1153564453125
0.00683784484863281 0.0146570205688477 -0.271331787109375 -0.159103393554688
0.0154600143432617 0.012542724609375 0.00100708007812497 -0.44390869140625
-0.00920486450195312 0.0217037200927734 0.472015380859375 -0.425872802734375
-0.0515213012695313 0.0167503356933594 0.72906494140625 0.21966552734375
-0.0419540405273437 -0.0168609619140625 0.33917236328125 0.82550048828125
0.00744628906250001 0.0368843078613281 -0.22906494140625 0.68597412109375
0.0181808471679687 0.0495948791503906 -0.0173568725585938 0.09881591796875
0.0221023559570312 0.0413475036621094 0.31878662109375 -0.5814208984375
0.0212059020996094 -0.00729179382324219 -0.20849609375 -0.924072265625
-0.0197887420654297 -0.00635147094726562 -0.777587890625 -0.2542724609375
-0.0254669189453125 0.0228443145751953 -0.489959716796875 0.4202880859375
-0.00439739227294922 0.0168485641479492 -0.01446533203125 0.468780517578125
-0.00410842895507813 0.014216423034668 0.2803955078125 0.1998291015625
0.00152206420898437 -0.0101327896118164 0.306884765625 -0.10614013671875
0.003143310546875 -0.0321483612060547 -0.277130126953125 0.116043090820312
0.00706291198730469 0.0101108551025391 -0.248916625976563 -0.1708984375
0.0206317901611328 0.00302505493164063 0.040557861328125 -0.445556640625
-0.000530242919921874 0.0145149230957031 0.51519775390625 -0.3873291015625
-0.0446014404296875 0.0176429748535156 0.71832275390625 0.29022216796875
-0.0412521362304687 -0.0066680908203125 0.27252197265625 0.8626708984375
-0.0058135986328125 0.052154541015625 -0.261962890625 0.66650390625
0.00162124633789062 0.0584068298339844 -0.001434326171875 0.0748977661132813
0.00946807861328124 0.0514030456542969 0.2879638671875 -0.61004638671875
0.0193977355957031 0.00335121154785156 -0.280517578125 -0.89080810546875
-0.00901317596435547 -0.00178241729736328 -0.78350830078125 -0.1800537109375
-0.0129499435424805 0.0170803070068359 -0.445098876953125 0.456787109375
0.00314998626708984 0.00909423828125 0.023468017578125 0.46795654296875
-0.00380468368530274 0.0068359375 0.298492431640625 0.185699462890625
-0.003936767578125 -0.0130949020385742 0.313873291015625 -0.110107421875
0.000335693359375001 -0.0334815979003906 -0.275283813476563 0.112991333007813
0.00813388824462891 0.00125932693481445 -0.232574462890625 -0.182449340820313
0.0279369354248047 -0.00946426391601563 0.0767822265625 -0.444091796875
0.0118989944458008 0.0093231201171875 0.557037353515625 -0.34710693359375
-0.036041259765625 0.0204582214355469 0.70263671875 0.35858154296875
-0.0410652160644531 0.000793457031250007 0.20477294921875 0.8905029296875
-0.017181396484375 0.0574111938476562 -0.29449462890625 0.63568115234375
-0.00780487060546875 0.0568695068359375 0.0191497802734375 0.0468330383300781
0.00307464599609375 0.0536766052246094 0.2548828125 -0.63922119140625
0.0194721221923828 0.0103302001953125 -0.34710693359375 -0.85693359375
0.00264549255371094 0.000378131866455078 -0.78570556640625 -0.1051025390625
-0.00122261047363281 0.00729846954345703 -0.399139404296875 0.48846435546875
0.0103597640991211 -0.00285911560058594 0.061279296875 0.4627685546875
-0.00481271743774414 -0.00402545928955078 0.313568115234375 0.17047119140625
-0.00826263427734375 -0.0161962509155273 0.317840576171875 -0.11663818359375
-0.00266075134277344 -0.0350265502929688 -0.276229858398438 0.107757568359375
0.0112934112548828 -0.0100765228271484 -0.222335815429688 -0.192596435546875
0.0359764099121094 -0.0220527648925781 0.107330322265625 -0.44110107421875
0.0264625549316406 0.00460243225097656 0.58795166015625 -0.3099365234375
-0.0287723541259766 0.0237655639648437 0.68463134765625 0.4161376953125
-0.0413818359375 0.0034942626953125 0.14385986328125 0.906005859375
-0.0217857360839844 0.0531806945800781 -0.31439208984375 0.60638427734375
-0.00658035278320313 0.0456390380859375 0.0410003662109375 0.0199241638183594
0.0013427734375 0.046783447265625 0.230712890625 -0.66436767578125
0.0202140808105469 0.0124092102050781 -0.3966064453125 -0.82666015625
0.0131406784057617 0.000884056091308594 -0.77764892578125 -0.04534912109375
0.00999069213867188 -0.00232124328613281 -0.358306884765625 0.510223388671875
0.0166740417480469 -0.0161266326904297 0.0899658203125001 0.45513916015625
-0.00389289855957031 -0.0144681930541992 0.32208251953125 0.1558837890625
-0.0100841522216797 -0.016575813293457 0.317352294921875 -0.12420654296875
-0.00270271301269531 -0.0343990325927734 -0.28076171875 0.10040283203125
0.0156059265136719 -0.0207538604736328 -0.218414306640625 -0.199569702148438
0.0434646606445313 -0.0323143005371094 0.12579345703125 -0.440826416015625
0.0393218994140625 0.00284194946289063 0.60821533203125 -0.2874755859375
-0.0217876434326172 0.0267658233642578 0.66949462890625 0.45245361328125
-0.0406417846679688 -0.0020599365234375 0.10418701171875 0.911376953125
-0.0180816650390625 0.037933349609375 -0.32293701171875 0.58001708984375
0.00420379638671875 0.0292510986328125 0.0608482360839844 -0.000873565673828123
0.00341415405273438 0.0327186584472656 0.217041015625 -0.68438720703125
0.0208950042724609 0.009765625 -0.42633056640625 -0.8067626953125
0.0213909149169922 0.000745773315429688 -0.76776123046875 -0.00756835937500005
0.0179367065429688 -0.0111427307128906 -0.331817626953125 0.521148681640625
0.0204048156738281 -0.0286979675292969 0.107696533203125 0.44964599609375
-0.00361061096191406 -0.0242671966552734 0.322784423828125 0.14666748046875
-0.0114192962646484 -0.0149326324462891 0.31231689453125 -0.1317138671875
-0.00116157531738281 -0.0329132080078125 -0.2896728515625 0.0927734374999999
0.0196323394775391 -0.0296878814697266 -0.221939086914063 -0.206298828125
0.0496101379394531 -0.0409889221191406 0.132781982421875 -0.442047119140625
0.0485076904296875 0.00189590454101563 0.615478515625 -0.27783203125
-0.0173263549804688 0.0271358489990234 0.66668701171875 0.466064453125
-0.0356979370117188 -0.0118408203125 0.09381103515625 0.90765380859375
-0.00802326202392578 0.0164833068847656 -0.31854248046875 0.56298828125
0.0225200653076172 0.00759315490722656 0.0767059326171875 -0.0155792236328125
0.00995349884033203 0.011540412902832 0.21240234375 -0.698486328125
0.0201072692871094 0.00232696533203125 -0.43597412109375 -0.80035400390625
0.0267429351806641 0.000461578369140625 -0.76385498046875 0.00463867187500016
0.0236911773681641 -0.0163898468017578 -0.32159423828125 0.525177001953125
0.0234031677246094 -0.0370559692382813 0.111114501953125 0.445068359375
-0.00255012512207031 -0.0327224731445313 0.318389892578125 0.143402099609375
-0.00900077819824219 -0.013127326965332 0.30462646484375 -0.138336181640625
0.00340080261230469 -0.0288619995117188 -0.300628662109375 0.08502197265625
0.0212554931640625 -0.0351943969726563 -0.231369018554688 -0.210342407226562
0.051300048828125 -0.0440864562988281 0.131866455078125 -0.443939208984375
0.0505027770996094 0.0019683837890625 0.61572265625 -0.28070068359375
-0.0168323516845703 0.0234489440917969 0.66851806640625 0.46533203125
-0.0304813385009766 -0.0303573608398437 0.0981445312499999 0.90008544921875
0.011871337890625 -0.0127229690551758 -0.306884765625 0.55120849609375
0.0504302978515625 -0.0199775695800781 0.0891647338867187 -0.0250625610351562
0.0210361480712891 -0.0165596008300781 0.215087890625 -0.71063232421875
0.0190658569335938 -0.0104713439941406 -0.43951416015625 -0.80364990234375
0.0257930755615234 0.000562667846679688 -0.76361083984375 0.00781249999999984
0.0264663696289063 -0.0171318054199219 -0.318023681640625 0.524383544921875
0.0256500244140625 -0.0421829223632812 0.10723876953125 0.444091796875
0.000278472900390624 -0.0375022888183594 0.3092041015625 0.14111328125
-0.00519943237304687 -0.00961589813232422 0.294830322265625 -0.14373779296875
0.00731658935546875 -0.0222835540771484 -0.3109130859375 0.081512451171875
0.02166748046875 -0.0372505187988281 -0.24908447265625 -0.20709228515625
0.0469627380371094 -0.044189453125 0.1058349609375 -0.451507568359375
0.0445709228515625 0.00145721435546875 0.59619140625 -0.31170654296875
-0.02099609375 0.0186614990234375 0.68792724609375 0.42230224609375
-0.0283317565917969 -0.0521278381347656 0.14599609375 0.87945556640625
0.0347404479980469 -0.0464744567871094 -0.28424072265625 0.560821533203125
0.0852432250976563 -0.0489730834960937 0.0871047973632813 -0.0165557861328125
0.0378990173339844 -0.0504112243652344 0.2388916015625 -0.70404052734375
0.0161056518554688 -0.029327392578125 -0.4027099609375 -0.83392333984375
0.0199775695800781 3.0517578125E-05 -0.76727294921875 -0.0346069335937501
0.0263156890869141 -0.0132541656494141 -0.346405029296875 0.507904052734375
0.0261802673339844 -0.0409393310546875 0.08111572265625 0.44775390625
0.00278854370117187 -0.0389976501464844 0.29315185546875 0.14990234375
5.76972961425779E-05 -0.00503969192504883 0.28460693359375 -0.145416259765625
0.00785064697265625 -0.0305423736572266 -0.2847900390625 0.115814208984375
0.00573062896728516 0.0144214630126953 -0.271224975585938 -0.158843994140625
0.0162448883056641 0.0114612579345703 0.00183105468749996 -0.44500732421875
-0.00898933410644531 0.0216560363769531 0.4730224609375 -0.426483154296875
-0.0517578125 0.0180282592773438 0.72882080078125 0.221923828125
-0.0416030883789062 -0.0162506103515625 0.3375244140625 0.82806396484375
0.00702285766601563 0.0369949340820313 -0.2330322265625 0.6859130859375
0.0182342529296875 0.04986572265625 -0.0173187255859375 0.09991455078125
0.0204887390136719 0.0416679382324219 0.32147216796875 -0.58087158203125
0.0213623046875 -0.00838851928710938 -0.205078125 -0.9249267578125
-0.0189762115478516 -0.00687026977539063 -0.77679443359375 -0.25823974609375
-0.0251998901367188 0.0219707489013672 -0.4893798828125 0.419219970703125
-0.00526809692382813 0.0171308517456055 -0.016510009765625 0.46759033203125
-0.00450038909912109 0.0146341323852539 0.282196044921875 0.2008056640625
0.00178337097167969 -0.0107927322387695 0.307830810546875 -0.106414794921875
0.00335693359375 -0.0321273803710938 -0.27734375 0.116531372070313
0.00703811645507812 0.0102558135986328 -0.248428344726563 -0.171401977539062
0.0205764770507813 0.00259971618652344 0.040435791015625 -0.4466552734375
-0.00113296508789063 0.0143270492553711 0.517608642578125 -0.387939453125
-0.0446395874023437 0.0186691284179688 0.71929931640625 0.29193115234375
-0.0411300659179688 -0.00556182861328124 0.2713623046875 0.8636474609375
-0.0063323974609375 0.0525474548339844 -0.2657470703125 0.6654052734375
0.00107955932617188 0.057037353515625 -0.00157928466796876 0.0753936767578125
0.00963592529296875 0.051239013671875 0.28961181640625 -0.608642578125
0.0192279815673828 0.00358390808105469 -0.27825927734375 -0.8935546875
-0.0090780258178711 -0.00157356262207031 -0.7843017578125 -0.18133544921875
-0.0141754150390625 0.0166015625 -0.44580078125 0.455047607421875
0.00210762023925781 0.00898933410644531 0.023468017578125 0.4686279296875
-0.0049595832824707 0.00706624984741211 0.299774169921875 0.18621826171875
-0.00301170349121094 -0.0133800506591797 0.314117431640625 -0.109344482421875
-0.00027275085449219 -0.0345058441162109 -0.275741577148437 0.113754272460938
0.00888347625732422 0.0018768310546875 -0.232452392578125 -0.182647705078125
0.0272235870361328 -0.00973892211914063 0.078369140625 -0.4447021484375
0.0120077133178711 0.00860309600830078 0.557708740234375 -0.347747802734375
-0.0364227294921875 0.0214157104492187 0.70343017578125 0.36077880859375
-0.0403633117675781 0.00149154663085938 0.2027587890625 0.891357421875
-0.017303466796875 0.0584030151367188 -0.29571533203125 0.6356201171875
-0.00844192504882812 0.05560302734375 0.0191612243652344 0.0468330383300781
0.00244903564453125 0.0533714294433594 0.25665283203125 -0.63763427734375
0.0183010101318359 0.0109043121337891 -0.34686279296875 -0.8580322265625
0.00140821933746338 0.00104296207427978 -0.7841796875 -0.10723876953125
-0.00102329254150391 0.00762367248535156 -0.400238037109375 0.4879150390625
0.00990581512451172 -0.00281715393066406 0.060394287109375 0.462677001953125
-0.00447845458984375 -0.00377321243286133 0.313568115234375 0.172119140625
-0.00777244567871094 -0.0161046981811523 0.318115234375 -0.116790771484375
-0.00316238403320312 -0.0347881317138672 -0.276123046875 0.107559204101562
0.0112628936767578 -0.00923633575439453 -0.220504760742188 -0.19183349609375
0.0356712341308594 -0.0230026245117188 0.1090087890625 -0.44183349609375
0.0260181427001953 0.00485801696777344 0.58935546875 -0.31005859375
-0.0287227630615234 0.0239067077636719 0.683837890625 0.4173583984375
-0.0420722961425781 0.00345993041992187 0.142333984375 0.9075927734375
-0.0223655700683594 0.0526847839355469 -0.31732177734375 0.6060791015625
-0.00575637817382812 0.0462875366210938 0.0414810180664062 0.0200614929199219
0.00123214721679687 0.0461006164550781 0.233154296875 -0.66412353515625
0.0194625854492188 0.0118846893310547 -0.39483642578125 -0.8287353515625
0.0123920440673828 -7.72476196289063E-05 -0.77679443359375 -0.0477294921874999
0.00920963287353516 -0.00249958038330078 -0.359893798828125 0.50799560546875
0.0157756805419922 -0.0152397155761719 0.0892333984375 0.4539794921875
-0.00524806976318359 -0.0142383575439453 0.3228759765625 0.157440185546875
-0.0104227066040039 -0.0162630081176758 0.31719970703125 -0.124969482421875
-0.00272178649902344 -0.0345172882080078 -0.281341552734375 0.10107421875
0.0146923065185547 -0.0206356048583984 -0.216964721679688 -0.20062255859375
0.0443038940429688 -0.0322113037109375 0.127166748046875 -0.44036865234375
0.0395164489746094 0.00229263305664062 0.60791015625 -0.286376953125
-0.0222396850585938 0.0261077880859375 0.6688232421875 0.4537353515625
-0.0406303405761719 -0.00107192993164062 0.10198974609375 0.91278076171875
-0.0189399719238281 0.0384025573730469 -0.325439453125 0.57958984375
0.00328826904296875 0.0283432006835938 0.0612831115722656 -0.000263214111328123
0.00406837463378907 0.0316925048828125 0.218505859375 -0.68536376953125
0.0205955505371094 0.00963401794433594 -0.4259033203125 -0.80828857421875
0.0217685699462891 0.000415802001953125 -0.76788330078125 -0.00964355468749997
0.0177459716796875 -0.0114707946777344 -0.33233642578125 0.520660400390625
0.0199527740478516 -0.0289039611816406 0.10693359375 0.448089599609375
-0.00420570373535157 -0.0241622924804688 0.322479248046875 0.1470947265625
-0.0107793807983398 -0.0150089263916016 0.31298828125 -0.132568359375
-0.000852584838867185 -0.0330734252929687 -0.2900390625 0.09271240234375
0.0190944671630859 -0.0288734436035156 -0.221389770507813 -0.205886840820313
0.0494384765625 -0.0408439636230469 0.135467529296875 -0.442413330078125
0.0470848083496094 0.00143051147460938 0.6163330078125 -0.27874755859375
-0.017120361328125 0.0276851654052734 0.665771484375 0.46710205078125
-0.0358963012695313 -0.0110855102539062 0.09033203125 0.90716552734375
-0.00742912292480469 0.0171012878417969 -0.320220947265625 0.561492919921875
0.0227737426757813 0.00597000122070313 0.0770950317382813 -0.0150680541992188
0.00905227661132813 0.0101242065429688 0.21478271484375 -0.69793701171875
0.0203819274902344 0.00266075134277344 -0.4368896484375 -0.8043212890625
0.0265579223632812 0.000406265258789062 -0.7655029296875 0.00372314453124994
0.0236415863037109 -0.0176906585693359 -0.32196044921875 0.52349853515625
0.0236892700195313 -0.0379142761230469 0.10955810546875 0.446014404296875
-0.0023040771484375 -0.0325469970703125 0.31903076171875 0.142303466796875
-0.00892066955566406 -0.0134353637695312 0.30450439453125 -0.138092041015625
0.00297355651855469 -0.0288066864013672 -0.30157470703125 0.086395263671875
0.0215473175048828 -0.034912109375 -0.229385375976563 -0.210113525390625
0.0503311157226563 -0.0455474853515625 0.131561279296875 -0.4449462890625
0.0491943359375 0.00205612182617188 0.618408203125 -0.28155517578125
-0.0161628723144531 0.0242366790771484 0.66729736328125 0.467041015625
-0.0301132202148438 -0.0303459167480469 0.0936889648437501 0.89959716796875
0.0118980407714844 -0.0116291046142578 -0.310028076171875 0.55096435546875
0.0499000549316406 -0.0199050903320313 0.0893096923828125 -0.0254898071289063
0.0209064483642578 -0.0174140930175781 0.21636962890625 -0.70916748046875
0.0190372467041016 -0.0114326477050781 -0.43756103515625 -0.80682373046875
0.0253562927246094 4.57763671875E-05 -0.76300048828125 0.00653076171874988
0.0274028778076172 -0.0170211791992188 -0.319915771484375 0.523834228515625
0.0253753662109375 -0.0422248840332031 0.105255126953125 0.44427490234375
-0.000865936279296879 -0.036956787109375 0.308074951171875 0.141265869140625
-0.00451564788818359 -0.0101299285888672 0.29449462890625 -0.14337158203125
0.00721931457519531 -0.0216884613037109 -0.312225341796875 0.0812683105468751
0.0218849182128906 -0.03692626953125 -0.248382568359375 -0.207199096679688
0.0459442138671875 -0.04522705078125 0.10760498046875 -0.45196533203125
0.0449485778808594 0.00164794921875 0.59783935546875 -0.31097412109375
-0.0206508636474609 0.0183219909667969 0.6875 0.42340087890625
-0.0280685424804687 -0.0514717102050781 0.142578125 0.8819580078125
0.0350112915039063 -0.0452308654785156 -0.28582763671875 0.560302734375
0.0844955444335938 -0.0497360229492187 0.0869369506835938 -0.0155868530273438
0.03790283203125 -0.0515213012695313 0.2413330078125 -0.7042236328125
0.01629638671875 -0.0293598175048828 -0.402587890625 -0.83551025390625
0.0195045471191406 -0.000995635986328125 -0.769287109375 -0.0370483398437499
0.0260772705078125 -0.0139865875244141 -0.348297119140625 0.50799560546875
0.0261993408203125 -0.041473388671875 0.081512451171875 0.446746826171875
0.0016937255859375 -0.0378189086914063 0.294342041015625 0.150115966796875
0.00155401229858398 -0.0046238899230957 0.284637451171875 -0.1444091796875
0.00784492492675781 -0.0280704498291016 -0.28607177734375 0.11669921875
0.00670909881591797 0.0158109664916992 -0.270736694335938 -0.159164428710937
0.0156230926513672 0.0100374221801758 0.003631591796875 -0.446075439453125
-0.0109024047851562 0.0224037170410156 0.474151611328125 -0.427459716796875
-0.0518646240234375 0.0178871154785156 0.729736328125 0.22271728515625
-0.0416984558105469 -0.0147972106933594 0.33697509765625 0.83258056640625
0.00732803344726563 0.0383834838867188 -0.2320556640625 0.688232421875
0.0175704956054688 0.0482749938964844 -0.0178604125976563 0.100944519042969
0.0200462341308594 0.0386581420898438 0.32342529296875 -0.58148193359375
0.0215301513671875 -0.00830078125 -0.20428466796875 -0.92681884765625
-0.0201435089111328 -0.00598907470703125 -0.77569580078125 -0.26007080078125
-0.024993896484375 0.0223712921142578 -0.492218017578125 0.418487548828125
-0.00634002685546875 0.0180778503417969 -0.017425537109375 0.470123291015625
-0.00496196746826172 0.0146493911743164 0.280975341796875 0.201614379882813
0.00157928466796875 -0.0113096237182617 0.307220458984375 -0.10601806640625
0.00275802612304687 -0.0320987701416016 -0.278121948242187 0.117401123046875
0.00617599487304688 0.0100603103637695 -0.24896240234375 -0.171600341796875
0.0189914703369141 0.001678466796875 0.042572021484375 -0.44757080078125
-0.000493049621582031 0.014862060546875 0.5174560546875 -0.38934326171875
-0.0442085266113281 0.0191116333007813 0.71893310546875 0.29193115234375
-0.0408134460449219 -0.00478363037109374 0.2664794921875 0.86578369140625
-0.006805419921875 0.0535469055175781 -0.26806640625 0.66619873046875
0.000465393066406251 0.0564765930175781 -0.00270843505859376 0.0777053833007812
0.0108375549316406 0.0491943359375 0.2900390625 -0.60772705078125
0.0195064544677734 0.00396156311035156 -0.27606201171875 -0.896728515625
-0.0101709365844727 -0.00182151794433594 -0.78546142578125 -0.1839599609375
-0.0138788223266602 0.0167875289916992 -0.4476318359375 0.455841064453125
0.00115108489990234 0.00941181182861328 0.020751953125 0.47039794921875
-0.00556755065917969 0.00799417495727539 0.2989501953125 0.187164306640625
-0.00317478179931641 -0.0139446258544922 0.31475830078125 -0.11102294921875
0.000419616699218753 -0.0342273712158203 -0.276046752929688 0.113845825195313
0.00843143463134765 0.000523567199707031 -0.23272705078125 -0.182632446289062
0.0256824493408203 -0.0112781524658203 0.078765869140625 -0.446624755859375
0.0100488662719727 0.00776958465576172 0.55841064453125 -0.3482666015625
-0.0370903015136719 0.0220565795898437 0.70458984375 0.36077880859375
-0.0403327941894531 0.00157546997070312 0.1993408203125 0.8941650390625
-0.0173912048339844 0.0585975646972656 -0.29791259765625 0.63739013671875
-0.00823211669921876 0.05499267578125 0.0192604064941406 0.047393798828125
0.00213241577148438 0.0523490905761719 0.2606201171875 -0.63677978515625
0.0189990997314453 0.0103302001953125 -0.34393310546875 -0.86053466796875
0.00113475322723389 0.00112068653106689 -0.78411865234375 -0.109619140625
-0.00115728378295898 0.00752878189086914 -0.4014892578125 0.4879150390625
0.0102062225341797 -0.00257015228271484 0.0589599609375 0.46490478515625
-0.00484657287597656 -0.00235700607299805 0.313140869140625 0.17059326171875
-0.00823116302490234 -0.015376091003418 0.31951904296875 -0.117340087890625
-0.00244140625 -0.0359954833984375 -0.277755737304688 0.108367919921875
0.0110931396484375 -0.00958538055419922 -0.220489501953125 -0.192398071289063
0.0347080230712891 -0.0233802795410156 0.109100341796875 -0.4429931640625
0.0256309509277344 0.00475120544433594 0.58929443359375 -0.31005859375
-0.0290050506591797 0.0250797271728516 0.68499755859375 0.41998291015625
-0.041259765625 0.00447463989257813 0.13946533203125 0.9093017578125
-0.0223350524902344 0.0524177551269531 -0.31903076171875 0.6063232421875
-0.00832366943359375 0.0447502136230469 0.0406913757324219 0.0216484069824219
0.000690460205078125 0.0457344055175781 0.23590087890625 -0.66424560546875
0.0192623138427734 0.0134544372558594 -0.39483642578125 -0.8310546875
0.0123205184936523 0.000150680541992188 -0.77838134765625 -0.0512084960937501
0.00958538055419922 -0.00340747833251953 -0.3612060546875 0.50994873046875
0.0155744552612305 -0.0156173706054688 0.088134765625 0.455322265625
-0.00479698181152344 -0.0131263732910156 0.32281494140625 0.158782958984375
-0.0108747482299805 -0.0163278579711914 0.319061279296875 -0.1243896484375
-0.0024566650390625 -0.0338420867919922 -0.282684326171875 0.101104736328125
0.0156440734863281 -0.0203952789306641 -0.217864990234375 -0.199630737304688
0.0422782897949219 -0.0334548950195313 0.1287841796875 -0.44189453125
0.0384712219238281 0.00248336791992188 0.61077880859375 -0.2861328125
-0.0231819152832031 0.0273399353027344 0.6700439453125 0.4559326171875
-0.0399856567382813 0.000587463378906257 0.09942626953125 0.912109375
-0.0199089050292969 0.0389747619628906 -0.32598876953125 0.58056640625
0.00280570983886719 0.0291767120361328 0.0615653991699219 -0.000717163085937498
0.00350379943847656 0.0297164916992188 0.21844482421875 -0.68511962890625
0.0207595825195313 0.00857734680175781 -0.424560546875 -0.81219482421875
0.0212631225585938 0.000539779663085938 -0.77020263671875 -0.01263427734375
0.0170469284057617 -0.0119485855102539 -0.335174560546875 0.520355224609375
0.0210781097412109 -0.0277671813964844 0.10498046875 0.4493408203125
-0.00327491760253906 -0.0244178771972656 0.324737548828125 0.146942138671875
-0.00982189178466797 -0.0157089233398438 0.31439208984375 -0.131866455078125
-0.00163841247558593 -0.03240966796875 -0.291961669921875 0.0943603515625
0.0199851989746094 -0.0293045043945313 -0.22174072265625 -0.206146240234375
0.0489120483398438 -0.040252685546875 0.136322021484375 -0.44189453125
0.0470314025878906 0.00232315063476563 0.617919921875 -0.2801513671875
-0.0166130065917969 0.0278453826904297 0.6669921875 0.4686279296875
-0.0354881286621094 -0.00980758666992187 0.0872802734374999 0.91204833984375
-0.00831222534179688 0.0175714492797852 -0.3240966796875 0.5635986328125
0.0230045318603516 0.00638198852539063 0.076507568359375 -0.0143661499023438
0.00835704803466797 0.0100927352905273 0.216796875 -0.69830322265625
0.0205211639404297 0.00235366821289063 -0.43701171875 -0.80767822265625
0.0267524719238281 0.0006256103515625 -0.765625 0.00170898437500007
0.02545166015625 -0.0179443359375 -0.323638916015625 0.5242919921875
0.0230636596679688 -0.0382041931152344 0.107421875 0.44500732421875
-0.00287055969238281 -0.0322360992431641 0.320343017578125 0.14324951171875
-0.00802421569824219 -0.0126428604125977 0.305267333984375 -0.139007568359375
0.00279426574707031 -0.0298938751220703 -0.301544189453125 0.0866088867187499
0.0211906433105469 -0.0348606109619141 -0.230636596679688 -0.210922241210938
0.0495948791503906 -0.0448951721191406 0.134033203125 -0.447296142578125
0.0491600036621094 0.00176620483398438 0.619140625 -0.28070068359375
-0.0173873901367187 0.02386474609375 0.6676025390625 0.4697265625
-0.0303096771240234 -0.0282821655273438 0.0896606445312499 0.9033203125
0.0115079879760742 -0.0105361938476563 -0.312652587890625 0.5526123046875
0.0497589111328125 -0.0212135314941406 0.0890274047851563 -0.0236663818359375
0.020751953125 -0.0184803009033203 0.22039794921875 -0.7083740234375
0.0188236236572266 -0.0114250183105469 -0.43743896484375 -0.8104248046875
0.0253524780273438 -0.0002288818359375 -0.7657470703125 0.00512695312499996
0.0261554718017578 -0.0181179046630859 -0.31939697265625 0.52496337890625
0.0252876281738281 -0.042327880859375 0.10455322265625 0.444580078125
-0.00159835815429687 -0.0362014770507813 0.309844970703125 0.14080810546875
-0.00402593612670898 -0.00850248336791992 0.29437255859375 -0.142822265625
0.00639533996582031 -0.0223522186279297 -0.31317138671875 0.08172607421875
0.0221977233886719 -0.0374488830566406 -0.249008178710938 -0.207244873046875
0.045654296875 -0.0448074340820313 0.106842041015625 -0.45184326171875
0.0430221557617188 0.000728607177734375 0.5980224609375 -0.312744140625
-0.0214881896972656 0.0187473297119141 0.68841552734375 0.4261474609375
-0.0255928039550781 -0.051605224609375 0.14044189453125 0.88397216796875
0.0341529846191406 -0.0454292297363281 -0.28857421875 0.561004638671875
0.084808349609375 -0.05010986328125 0.08758544921875 -0.0141143798828125
0.0383987426757812 -0.0520553588867187 0.24322509765625 -0.70367431640625
0.0162296295166016 -0.0299720764160156 -0.40252685546875 -0.83734130859375
0.0200614929199219 0.000301361083984375 -0.769287109375 -0.0396118164062501
0.0259246826171875 -0.0138931274414063 -0.349151611328125 0.509490966796875
0.0255699157714844 -0.0413055419921875 0.079010009765625 0.4482421875
0.00212860107421875 -0.0383377075195313 0.294586181640625 0.150970458984375
0.0016331672668457 -0.00538921356201172 0.286041259765625 -0.144500732421875
0.00779914855957031 -0.0282058715820313 -0.286712646484375 0.117523193359375
0.00650405883789063 0.0151996612548828 -0.272933959960938 -0.159378051757812
0.0141706466674805 0.00932121276855469 0.003265380859375 -0.447845458984375
-0.00964546203613281 0.0213088989257813 0.476226806640625 -0.4283447265625
-0.0507965087890625 0.0183143615722656 0.73089599609375 0.22442626953125
-0.0421371459960938 -0.0141983032226563 0.3345947265625 0.83453369140625
0.00728988647460937 0.0388565063476563 -0.23431396484375 0.68902587890625
0.0168075561523438 0.0492630004882813 -0.019012451171875 0.101737976074219
0.021636962890625 0.0397605895996094 0.32635498046875 -0.5814208984375
0.0213623046875 -0.00757789611816406 -0.20452880859375 -0.930419921875
-0.0209636688232422 -0.00720787048339843 -0.77947998046875 -0.26177978515625
-0.0249423980712891 0.0221366882324219 -0.49505615234375 0.4183349609375
-0.00735664367675781 0.0178756713867188 -0.017852783203125 0.471649169921875
-0.00621891021728516 0.0139923095703125 0.2822265625 0.20196533203125
0.00196266174316406 -0.0111894607543945 0.3084716796875 -0.10784912109375
0.00250625610351563 -0.0303192138671875 -0.279632568359375 0.118087768554688
0.00559425354003906 0.0100584030151367 -0.24884033203125 -0.171600341796875
0.0192279815673828 0.00115585327148438 0.04150390625 -0.44921875
-0.00151538848876953 0.0141916275024414 0.51953125 -0.39031982421875
-0.0457801818847656 0.0199851989746094 0.722900390625 0.296630859375
-0.0414085388183594 -0.00334548950195313 0.26953125 0.8699951171875
-0.00730133056640625 0.0535812377929688 -0.27166748046875 0.6678466796875
-0.000396728515624999 0.0566177368164063 -0.00228118896484375 0.0767822265625
0.0102272033691406 0.0513839721679688 0.293212890625 -0.6092529296875
0.0199337005615234 0.00430488586425781 -0.278076171875 -0.8978271484375
-0.00902175903320313 -0.00168800354003906 -0.7855224609375 -0.18792724609375
-0.013667106628418 0.0157299041748047 -0.449127197265625 0.4554443359375
0.00144100189208984 0.00929355621337891 0.021209716796875 0.469970703125
-0.00607442855834961 0.00718259811401367 0.301727294921875 0.188385009765625
-0.00238513946533203 -0.014521598815918 0.316070556640625 -0.11077880859375
-0.000316619873046873 -0.0332660675048828 -0.277816772460938 0.114486694335938
0.00822067260742188 0.00162363052368164 -0.233856201171875 -0.182861328125
0.0259628295898438 -0.0109710693359375 0.08056640625 -0.4478759765625
0.0109539031982422 0.00788784027099609 0.561279296875 -0.349700927734375
-0.0361671447753906 0.0219306945800781 0.70648193359375 0.3656005859375
-0.0413818359375 0.00368499755859375 0.19854736328125 0.89666748046875
-0.0179557800292969 0.0595741271972656 -0.3013916015625 0.63787841796875
-0.00951004028320312 0.0552101135253906 0.0187149047851563 0.0485115051269531
0.00246810913085938 0.0529212951660156 0.26214599609375 -0.6390380859375
0.0197772979736328 0.0105419158935547 -0.34527587890625 -0.865966796875
0.00129008293151855 -0.000836610794067383 -0.78857421875 -0.111083984375
-0.0011754035949707 0.00691795349121094 -0.40252685546875 0.4896240234375
0.00835752487182617 -0.00193309783935547 0.0580139160156249 0.464630126953125
-0.00550937652587891 -0.0026392936706543 0.316162109375 0.171783447265625
-0.00746917724609375 -0.0160312652587891 0.31988525390625 -0.11749267578125
-0.00329971313476562 -0.035186767578125 -0.278823852539062 0.108963012695313
0.0100669860839844 -0.00878143310546875 -0.220916748046875 -0.192947387695313
0.0352058410644531 -0.0232620239257813 0.110748291015625 -0.445098876953125
0.0249004364013672 0.00423812866210938 0.5936279296875 -0.3101806640625
-0.0286788940429687 0.0264759063720703 0.68798828125 0.421875
-0.0409507751464844 0.00449752807617187 0.13885498046875 0.91424560546875
-0.0227165222167969 0.0532760620117188 -0.3218994140625 0.60791015625
-0.00860214233398438 0.0449295043945313 0.0408248901367188 0.0216903686523438
0.00151824951171875 0.0461196899414063 0.2366943359375 -0.66497802734375
0.0198936462402344 0.0119037628173828 -0.392822265625 -0.83465576171875
0.012476921081543 0.000146865844726563 -0.78033447265625 -0.0517578124999999
0.00978183746337891 -0.00327110290527344 -0.362945556640625 0.509490966796875
0.0153570175170898 -0.0166025161743164 0.087310791015625 0.455902099609375
-0.00514793395996094 -0.0149145126342773 0.324310302734375 0.159423828125
-0.00977802276611328 -0.0159358978271484 0.319732666015625 -0.125762939453125
-0.00464248657226562 -0.0339527130126953 -0.28399658203125 0.1029052734375
0.0153293609619141 -0.0202980041503906 -0.218917846679687 -0.199920654296875
0.04302978515625 -0.033905029296875 0.127593994140625 -0.44403076171875
0.03814697265625 0.0015869140625 0.61248779296875 -0.28802490234375
-0.02099609375 0.0275211334228516 0.67138671875 0.458251953125
-0.0392799377441406 0.000179290771484368 0.0971069335937499 0.91705322265625
-0.0201644897460938 0.0394172668457031 -0.33001708984375 0.5816650390625
0.00304031372070312 0.0279293060302734 0.0610084533691406 0.000141143798828127
0.00341606140136719 0.0306472778320313 0.22186279296875 -0.68658447265625
0.0202598571777344 0.00921440124511719 -0.42498779296875 -0.8153076171875
0.0211315155029297 2.86102294921875E-05 -0.77130126953125 -0.0140380859374999
0.0178871154785156 -0.0119037628173828 -0.337646484375 0.521484375
0.0189609527587891 -0.0278491973876953 0.104644775390625 0.450927734375
-0.00450706481933594 -0.0232563018798828 0.325653076171875 0.147552490234375
-0.00967788696289062 -0.015315055847168 0.31427001953125 -0.133514404296875
-0.000616073608398435 -0.0325164794921875 -0.2916259765625 0.093780517578125
0.0180454254150391 -0.0289096832275391 -0.22149658203125 -0.206741333007812
0.0487174987792969 -0.0424003601074219 0.13568115234375 -0.444976806640625
0.0480422973632813 0.00149154663085938 0.619873046875 -0.2801513671875
-0.0181541442871094 0.0281791687011719 0.66754150390625 0.4732666015625
-0.0363731384277344 -0.0107383728027344 0.08392333984375 0.915771484375
-0.00753021240234375 0.0181694030761719 -0.32696533203125 0.56573486328125
0.0230827331542969 0.00539016723632812 0.0766830444335938 -0.0143280029296875
0.00999546051025391 0.00864315032958984 0.21923828125 -0.7003173828125
0.0200634002685547 0.00300979614257813 -0.436279296875 -0.8101806640625
0.0261821746826172 0.000225067138671875 -0.76800537109375 -0.000976562500000155
0.0236854553222656 -0.0173168182373047 -0.325897216796875 0.5257568359375
0.023468017578125 -0.0368690490722656 0.10748291015625 0.44769287109375
-0.00269889831542969 -0.0316658020019531 0.321624755859375 0.1456298828125
-0.00812339782714844 -0.0131912231445313 0.30645751953125 -0.139373779296875
0.00445365905761718 -0.0274772644042969 -0.30340576171875 0.0859375
0.0206699371337891 -0.0348396301269531 -0.230392456054688 -0.210556030273438
0.0494499206542969 -0.0447540283203125 0.135009765625 -0.449951171875
0.0486602783203125 0.00138473510742188 0.6217041015625 -0.28106689453125
-0.0164318084716797 0.0254344940185547 0.67169189453125 0.47100830078125
-0.0297164916992187 -0.0298805236816406 0.0897827148437499 0.90765380859375
0.0120096206665039 -0.0110569000244141 -0.314849853515625 0.553375244140625
0.0497817993164063 -0.0216407775878906 0.0914077758789062 -0.023284912109375
0.0198707580566406 -0.0186443328857422 0.221435546875 -0.7103271484375
0.0195827484130859 -0.0114994049072266 -0.43829345703125 -0.81378173828125
0.025665283203125 -0.000102996826171875 -0.76544189453125 0.00225830078124997
0.0274620056152344 -0.0183029174804688 -0.324066162109375 0.525054931640625
0.0249252319335937 -0.041900634765625 0.103485107421875 0.446044921875
-0.00150299072265625 -0.0365715026855469 0.310882568359375 0.1434326171875
-0.00430011749267578 -0.00904083251953125 0.295867919921875 -0.14422607421875
0.007049560546875 -0.0216350555419922 -0.31341552734375 0.0833435058593749
0.0204391479492188 -0.0355377197265625 -0.249832153320312 -0.20849609375
0.0441970825195313 -0.044952392578125 0.108856201171875 -0.455230712890625
0.0442924499511719 0.00016021728515625 0.60150146484375 -0.31414794921875
-0.0211505889892578 0.0185585021972656 0.6910400390625 0.42938232421875
-0.0272026062011719 -0.0508689880371094 0.137939453125 0.8873291015625
0.035858154296875 -0.0451698303222656 -0.28961181640625 0.5631103515625
0.0843353271484375 -0.0508651733398438 0.08740234375 -0.0160369873046875
0.0379791259765625 -0.0527229309082031 0.24505615234375 -0.7052001953125
0.0167560577392578 -0.0296497344970703 -0.40264892578125 -0.84234619140625
0.0186595916748047 -0.00096893310546875 -0.77227783203125 -0.0415039062499998
0.0253314971923828 -0.0143356323242188 -0.35205078125 0.509185791015625
0.0247383117675781 -0.0409431457519531 0.07843017578125 0.449249267578125
0.0010223388671875 -0.0381546020507813 0.296478271484375 0.150543212890625
0.00232887268066406 -0.00529718399047852 0.2872314453125 -0.1463623046875
0.00723838806152344 -0.0275592803955078 -0.28802490234375 0.1187744140625
0.00571537017822266 0.0157623291015625 -0.2734375 -0.159423828125
0.0139255523681641 0.0101404190063477 0.00164794921874996 -0.451171875
-0.0111579895019531 0.0212802886962891 0.478271484375 -0.43212890625
-0.0534439086914063 0.0191001892089844 0.7369384765625 0.2244873046875
-0.0417938232421875 -0.0131797790527344 0.33502197265625 0.8394775390625
0.00655746459960937 0.0388145446777344 -0.238037109375 0.69305419921875
0.0162734985351563 0.04876708984375 -0.0190277099609375 0.101974487304688
0.02154541015625 0.0392494201660156 0.3275146484375 -0.58447265625
0.0217628479003906 -0.00816917419433594 -0.203857421875 -0.93536376953125
-0.0203647613525391 -0.00695610046386719 -0.78302001953125 -0.2647705078125
-0.0253753662109375 0.0221042633056641 -0.4969482421875 0.4215087890625
-0.00589942932128906 0.017669677734375 -0.019378662109375 0.472625732421875
-0.00695514678955078 0.0150327682495117 0.285614013671875 0.202972412109375
0.00171756744384766 -0.0114173889160156 0.30999755859375 -0.10784912109375
0.00255203247070313 -0.0322494506835938 -0.281082153320312 0.118545532226563
0.00555992126464844 0.0100746154785156 -0.251373291015625 -0.171340942382812
0.0178813934326172 0.00125503540039062 0.041351318359375 -0.45172119140625
-0.00215435028076172 0.0140352249145508 0.522552490234375 -0.393096923828125
-0.0444297790527344 0.0208473205566406 0.72650146484375 0.29583740234375
-0.0406990051269531 -0.00185012817382813 0.26776123046875 0.87548828125
-0.00653457641601563 0.0551300048828125 -0.27288818359375 0.67431640625
-0.000392913818359369 0.0562515258789063 -0.002532958984375 0.0772018432617188
0.0100288391113281 0.0503311157226563 0.2945556640625 -0.6112060546875
0.0192146301269531 0.00326347351074219 -0.27691650390625 -0.9033203125
-0.00969219207763672 -0.00182247161865234 -0.79052734375 -0.18731689453125
-0.0128602981567383 0.0157327651977539 -0.45281982421875 0.45733642578125
0.000978469848632811 0.0103425979614258 0.0189208984375 0.473297119140625
-0.00573873519897461 0.00738525390625 0.303375244140625 0.188568115234375
-0.00278377532958984 -0.0147266387939453 0.316986083984375 -0.112457275390625
-0.00014495849609375 -0.0341701507568359 -0.278839111328125 0.116485595703125
0.00719070434570313 0.00110769271850586 -0.234283447265625 -0.182449340820313
0.0256156921386719 -0.0112648010253906 0.0791320800781251 -0.450592041015625
0.0104732513427734 0.00785255432128906 0.564697265625 -0.3504638671875
-0.03570556640625 0.0233612060546875 0.70965576171875 0.36639404296875
-0.0413970947265625 0.00410842895507813 0.19927978515625 0.90301513671875
-0.0185546875 0.0604515075683594 -0.3038330078125 0.6417236328125
-0.00968551635742188 0.054718017578125 0.0180091857910156 0.0494270324707031
0.002716064453125 0.0528144836425781 0.26177978515625 -0.64068603515625
0.0196609497070313 0.0105056762695313 -0.34625244140625 -0.869873046875
0.00100678205490112 0.000294327735900879 -0.791748046875 -0.11138916015625
-0.000811100006103515 0.00697183609008789 -0.4051513671875 0.490234375
0.00821828842163086 -0.00248813629150391 0.057769775390625 0.46795654296875
-0.00630092620849609 -0.00294733047485352 0.31768798828125 0.17291259765625
-0.00820255279541015 -0.0168552398681641 0.322509765625 -0.119171142578125
-0.00331497192382813 -0.0343780517578125 -0.280593872070313 0.110366821289062
0.0105381011962891 -0.00815773010253906 -0.223861694335938 -0.193496704101563
0.0334224700927734 -0.0237045288085938 0.111083984375 -0.447906494140625
0.0253925323486328 0.00374794006347656 0.59466552734375 -0.31451416015625
-0.0284900665283203 0.0252399444580078 0.69091796875 0.42333984375
-0.0416488647460938 0.00624465942382813 0.13507080078125 0.91912841796875
-0.0221786499023438 0.0553016662597656 -0.3243408203125 0.61273193359375
-0.00846481323242188 0.0455551147460938 0.0405235290527344 0.0220451354980469
0.000843048095703123 0.046417236328125 0.2386474609375 -0.66790771484375
0.0197086334228516 0.0117244720458984 -0.39501953125 -0.84002685546875
0.0130491256713867 0.00108051300048828 -0.7847900390625 -0.0518188476562499
0.0100345611572266 -0.00370025634765625 -0.364532470703125 0.51214599609375
0.0150985717773437 -0.016108512878418 0.088409423828125 0.459564208984375
-0.00601673126220703 -0.0129919052124023 0.325714111328125 0.159210205078125
-0.00911903381347656 -0.0159482955932617 0.32073974609375 -0.126922607421875
-0.00351715087890625 -0.0349521636962891 -0.284637451171875 0.103546142578125
0.0141506195068359 -0.0194091796875 -0.219955444335938 -0.201400756835937
0.0421676635742188 -0.034271240234375 0.128814697265625 -0.447265625
0.0376091003417969 0.001373291015625 0.6148681640625 -0.29034423828125
-0.0209846496582031 0.0286102294921875 0.675048828125 0.46136474609375
-0.0398216247558594 0.00141143798828125 0.09564208984375 0.9239501953125
-0.0190811157226562 0.0399742126464844 -0.3343505859375 0.58648681640625
0.00289726257324219 0.0270557403564453 0.0598640441894531 0.00124359130859375
0.00376701354980469 0.0310688018798828 0.22271728515625 -0.68890380859375
0.0212230682373047 0.00806999206542969 -0.42828369140625 -0.82159423828125
0.0218067169189453 -0.00147819519042969 -0.775634765625 -0.0146484375
0.0176792144775391 -0.0126209259033203 -0.337738037109375 0.524505615234375
0.0196075439453125 -0.0275344848632813 0.104705810546875 0.45263671875
-0.00442123413085937 -0.0234756469726563 0.32855224609375 0.14862060546875
-0.00989532470703125 -0.0160255432128906 0.316009521484375 -0.1351318359375
-0.00132179260253906 -0.0320205688476563 -0.294342041015625 0.095062255859375
0.0185260772705078 -0.0296363830566406 -0.2237548828125 -0.207595825195313
0.0477828979492188 -0.0423545837402344 0.135711669921875 -0.44793701171875
0.0457496643066406 0.000675201416015625 0.6240234375 -0.28289794921875
-0.0171470642089844 0.0288162231445313 0.67144775390625 0.476318359375
-0.0360183715820313 -0.00953674316406251 0.0832519531250001 0.920654296875
-0.00772285461425781 0.017791748046875 -0.32861328125 0.5679931640625
0.0219841003417969 0.00501823425292969 0.076934814453125 -0.0128021240234375
0.00953197479248047 0.00917434692382813 0.22003173828125 -0.70318603515625
0.0212688446044922 0.000719070434570313 -0.4383544921875 -0.8126220703125
0.0266513824462891 -0.000101089477539063 -0.77325439453125 -0.00219726562500002
0.0239486694335938 -0.0175533294677734 -0.327484130859375 0.526947021484375
0.0223426818847656 -0.0371627807617188 0.10894775390625 0.449066162109375
-0.0028076171875 -0.0320949554443359 0.322296142578125 0.145843505859375
-0.00777053833007813 -0.0138406753540039 0.3072509765625 -0.141510009765625
0.00250816345214844 -0.0284290313720703 -0.305145263671875 0.0882873535156249
0.0218296051025391 -0.0344448089599609 -0.23138427734375 -0.211334228515625
0.0490341186523438 -0.0454940795898438 0.13555908203125 -0.452972412109375
0.048492431640625 0.00127410888671875 0.623046875 -0.28472900390625
-0.0168228149414063 0.0258979797363281 0.6741943359375 0.4732666015625
-0.0300006866455078 -0.0294742584228516 0.0869140624999999 0.91265869140625
0.0122013092041016 -0.010554313659668 -0.317718505859375 0.556854248046875
0.0494918823242187 -0.0216789245605469 0.090362548828125 -0.0238723754882812
0.01959228515625 -0.0194568634033203 0.22186279296875 -0.714111328125
0.0183639526367188 -0.0124893188476563 -0.44049072265625 -0.81658935546875
0.0256767272949219 -0.0004425048828125 -0.76995849609375 0.00183105468749995
0.0263805389404297 -0.0186901092529297 -0.32366943359375 0.52880859375
0.0247840881347656 -0.0413284301757813 0.10357666015625 0.448394775390625
-0.00113296508789062 -0.036468505859375 0.313385009765625 0.1429443359375
-0.00333213806152344 -0.0110416412353516 0.2982177734375 -0.1473388671875
0.00736427307128906 -0.0217151641845703 -0.315765380859375 0.0838623046875
0.0214576721191406 -0.03668212890625 -0.250534057617188 -0.208587646484375
0.0446052551269531 -0.0457534790039063 0.108795166015625 -0.458892822265625
0.0433769226074219 0.000125885009765625 0.60430908203125 -0.315673828125
-0.0193214416503906 0.0194530487060547 0.69390869140625 0.42864990234375
-0.0265464782714844 -0.0521278381347656 0.13885498046875 0.89422607421875
0.0353469848632812 -0.044586181640625 -0.2911376953125 0.56488037109375
0.0846176147460938 -0.0509033203125 0.0879974365234375 -0.0134811401367188
0.0363883972167969 -0.0542984008789062 0.24664306640625 -0.70843505859375
0.0159912109375 -0.031982421875 -0.4052734375 -0.8463134765625
0.0189838409423828 -0.000835418701171875 -0.7750244140625 -0.040283203125
0.0259284973144531 -0.0136394500732422 -0.3529052734375 0.5107421875
0.0250511169433594 -0.040863037109375 0.079010009765625 0.450408935546875
0.000682830810546878 -0.0377578735351563 0.299224853515625 0.150909423828125
0.00205707550048828 -0.00493192672729492 0.287689208984375 -0.147308349609375
0.00639152526855469 -0.0286998748779297 -0.289581298828125 0.1192626953125
0.006805419921875 0.0160036087036133 -0.275146484375 -0.158660888671875
0.0130424499511719 0.00981616973876953 0.00140380859375002 -0.45196533203125
-0.011688232421875 0.0213069915771484 0.4813232421875 -0.43499755859375
-0.0523643493652344 0.0202064514160156 0.74237060546875 0.2242431640625
-0.0419921875 -0.0130043029785156 0.33551025390625 0.84466552734375
0.00790786743164063 0.0394210815429688 -0.24053955078125 0.6976318359375
0.0173988342285156 0.0485191345214844 -0.0190658569335938 0.102401733398437
0.0219955444335938 0.0395164489746094 0.3292236328125 -0.58721923828125
0.0209083557128906 -0.0093231201171875 -0.202880859375 -0.94061279296875
-0.0211868286132813 -0.00743293762207032 -0.7860107421875 -0.26568603515625
-0.0260009765625 0.0215587615966797 -0.499237060546875 0.422760009765625
-0.00715446472167969 0.0186405181884766 -0.0191650390625 0.47503662109375
-0.006866455078125 0.0157852172851563 0.28668212890625 0.20294189453125
0.00295257568359375 -0.0107822418212891 0.31243896484375 -0.10955810546875
0.00278091430664063 -0.0310268402099609 -0.282745361328125 0.1204833984375
0.0048818588256836 0.0107765197753906 -0.253158569335938 -0.17181396484375
0.0180644989013672 0.00055694580078125 0.041046142578125 -0.455657958984375
-0.00137138366699219 0.0134191513061523 0.524383544921875 -0.3963623046875
-0.0451736450195313 0.0216217041015625 0.73187255859375 0.296630859375
-0.0416755676269531 -0.00201797485351563 0.26861572265625 0.88116455078125
-0.00662994384765625 0.0549049377441406 -0.2724609375 0.6788330078125
-0.0006256103515625 0.0556449890136719 -0.00321960449218749 0.0785903930664063
0.0104484558105469 0.0499305725097656 0.298095703125 -0.615478515625
0.0189762115478516 0.00345230102539063 -0.2796630859375 -0.90869140625
-0.0110836029052734 -0.00217247009277344 -0.7947998046875 -0.1904296875
-0.0136909484863281 0.0150852203369141 -0.454559326171875 0.46197509765625
0.00206661224365234 0.0106191635131836 0.020843505859375 0.47503662109375
-0.00677776336669922 0.0073857307434082 0.3062744140625 0.187774658203125
-0.00299263000488281 -0.0142822265625 0.319183349609375 -0.113861083984375
-0.00153160095214844 -0.0335292816162109 -0.280288696289063 0.117950439453125
0.00745916366577148 0.00261449813842773 -0.234756469726563 -0.182479858398438
0.0252532958984375 -0.011322021484375 0.0791015625 -0.4542236328125
0.00970840454101563 0.00710105895996094 0.5665283203125 -0.35345458984375
-0.0372962951660156 0.0240592956542969 0.71551513671875 0.3687744140625
-0.0404052734375 0.00472640991210937 0.197998046875 0.9078369140625
-0.0166702270507813 0.0615158081054687 -0.3046875 0.64654541015625
-0.0105476379394531 0.0552940368652344 0.0183906555175781 0.0496406555175781
0.00291824340820312 0.0515403747558594 0.26690673828125 -0.64459228515625
0.017578125 0.00923538208007813 -0.34783935546875 -0.87408447265625
0.00287175178527832 -0.000158071517944336 -0.79718017578125 -0.1138916015625
-0.000896930694580078 0.00715875625610352 -0.406585693359375 0.493377685546875
0.00921535491943359 -0.00200080871582031 0.058807373046875 0.46954345703125
-0.00673055648803711 -0.00188636779785156 0.321258544921875 0.173065185546875
-0.00706386566162109 -0.0159702301025391 0.3231201171875 -0.121337890625
-0.00389480590820312 -0.0356063842773438 -0.282470703125 0.111541748046875
0.00970458984375 -0.00916290283203125 -0.2249755859375 -0.193496704101562
0.0318031311035156 -0.0248088836669922 0.110595703125 -0.450958251953125
0.0247402191162109 0.0033721923828125 0.5966796875 -0.3172607421875
-0.0277500152587891 0.0264511108398438 0.6956787109375 0.42657470703125
-0.0415267944335938 0.00571060180664063 0.1370849609375 0.92559814453125
-0.0233154296875 0.0560455322265625 -0.326904296875 0.6160888671875
-0.00827789306640625 0.0454254150390625 0.041351318359375 0.0236587524414063
0.0013427734375 0.04583740234375 0.24163818359375 -0.67047119140625
0.0197696685791016 0.0104961395263672 -0.39910888671875 -0.84588623046875
0.0120525360107422 -0.000267982482910156 -0.78826904296875 -0.0520019531250001
0.0104665756225586 -0.00310993194580078 -0.365966796875 0.516265869140625
0.0138845443725586 -0.014826774597168 0.087554931640625 0.46112060546875
-0.00648880004882812 -0.0132064819335938 0.3289794921875 0.159820556640625
-0.00942802429199219 -0.0179634094238281 0.32244873046875 -0.1295166015625
-0.00383567810058594 -0.0340023040771484 -0.2864990234375 0.1053466796875
0.0126571655273438 -0.0194644927978516 -0.221221923828125 -0.200790405273438
0.0415382385253906 -0.0354690551757813 0.13067626953125 -0.450347900390625
0.0388145446777344 0.0011138916015625 0.61669921875 -0.293212890625
-0.0215625762939453 0.0284614562988281 0.6817626953125 0.46295166015625
-0.0391807556152344 0.00223159790039063 0.0968017578125001 0.92962646484375
-0.0183601379394531 0.04119873046875 -0.33587646484375 0.58966064453125
0.00150108337402344 0.0264015197753906 0.0604171752929688 0.00122451782226563
0.00276756286621093 0.0296077728271484 0.22381591796875 -0.69256591796875
0.0188198089599609 0.00841140747070313 -0.4315185546875 -0.82537841796875
0.0225639343261719 -0.0008544921875 -0.779296875 -0.01226806640625
0.0179615020751953 -0.0129108428955078 -0.339599609375 0.528076171875
0.0197677612304688 -0.0291748046875 0.106231689453125 0.455108642578125
-0.00592231750488281 -0.0245037078857422 0.331207275390625 0.14947509765625
-0.00983715057373047 -0.0156736373901367 0.317413330078125 -0.137176513671875
-0.000974655151367188 -0.0334205627441406 -0.294464111328125 0.096710205078125
0.0190544128417969 -0.0299491882324219 -0.223617553710938 -0.208511352539063
0.0479660034179688 -0.0423164367675781 0.137451171875 -0.45196533203125
0.0473175048828125 -3.814697265625E-05 0.6263427734375 -0.283447265625
-0.0174236297607422 0.0294609069824219 0.6781005859375 0.47772216796875
-0.0353927612304688 -0.00984573364257813 0.08306884765625 0.92657470703125
-0.00670051574707032 0.0194416046142578 -0.33184814453125 0.57305908203125
0.0211772918701172 0.00471687316894531 0.077423095703125 -0.0142898559570313
0.00946712493896484 0.0083913803100586 0.2218017578125 -0.70648193359375
0.0204086303710938 0.000911712646484375 -0.44183349609375 -0.8179931640625
0.0255413055419922 -0.00160408020019531 -0.77484130859375 -0.00134277343750006
0.0235366821289063 -0.0192184448242188 -0.327850341796875 0.53009033203125
0.0217475891113281 -0.0368881225585937 0.109130859375 0.45184326171875
-0.00349617004394531 -0.0322036743164063 0.324127197265625 0.14501953125
-0.00828075408935547 -0.0140790939331055 0.30975341796875 -0.144195556640625
0.00207710266113281 -0.0290851593017578 -0.306182861328125 0.0900268554687499
0.0192298889160156 -0.0357208251953125 -0.233505249023438 -0.212310791015625
0.0478668212890625 -0.045684814453125 0.13385009765625 -0.45477294921875
0.0490379333496094 -8.392333984375E-05 0.62799072265625 -0.2889404296875
-0.0161304473876953 0.0257568359375 0.67999267578125 0.47796630859375
-0.0301094055175781 -0.0286045074462891 0.0889892578125 0.91778564453125
0.0123577117919922 -0.0102863311767578 -0.319610595703125 0.558807373046875
0.0493507385253906 -0.0224037170410156 0.0909194946289063 -0.0230026245117188
0.0198230743408203 -0.0211944580078125 0.22259521484375 -0.716796875
0.0181179046630859 -0.0123271942138672 -0.44354248046875 -0.821533203125
0.0256099700927734 -0.00192451477050781 -0.7747802734375 0.00299072265624998
0.0255584716796875 -0.0191516876220703 -0.325927734375 0.5308837890625
0.0245437622070313 -0.0419883728027344 0.105255126953125 0.451690673828125
-0.00252151489257812 -0.0370597839355469 0.314239501953125 0.14239501953125
-0.00409221649169922 -0.00915908813476562 0.29766845703125 -0.148834228515625
0.00710487365722656 -0.0227508544921875 -0.31719970703125 0.08441162109375
0.0211715698242187 -0.0349330902099609 -0.252593994140625 -0.208175659179687
0.0446929931640625 -0.0463714599609375 0.108642578125 -0.461883544921875
0.0444450378417969 -0.000957489013671875 0.60699462890625 -0.31719970703125
-0.0185070037841797 0.0204830169677734 0.699462890625 0.4320068359375
-0.027587890625 -0.0511322021484375 0.1385498046875 0.9007568359375
0.036163330078125 -0.0433464050292969 -0.29583740234375 0.5714111328125
0.0843505859375 -0.051177978515625 0.088897705078125 -0.013946533203125
0.0377235412597656 -0.0549774169921875 0.24725341796875 -0.7119140625
0.0162277221679688 -0.0320186614990234 -0.4068603515625 -0.8519287109375
0.0188541412353516 -0.000614166259765625 -0.77996826171875 -0.0419311523437499
0.0261478424072266 -0.0154495239257812 -0.354736328125 0.513427734375
0.0244674682617188 -0.0409317016601563 0.079071044921875 0.4544677734375
0.00154495239257812 -0.0368728637695313 0.302734375 0.1510009765625
0.00319719314575195 -0.0050811767578125 0.28985595703125 -0.149078369140625
0.00492095947265625 -0.0282249450683594 -0.290985107421875 0.123626708984375
0.00537490844726562 0.0165529251098633 -0.277847290039063 -0.15802001953125
0.0118780136108398 0.00880718231201172 0.000518798828125007 -0.456787109375
-0.0110893249511719 0.0218524932861328 0.48211669921875 -0.441619873046875
-0.0514335632324219 0.0207366943359375 0.74810791015625 0.224365234375
-0.0414237976074219 -0.0120964050292969 0.34222412109375 0.84906005859375
0.00785064697265625 0.040802001953125 -0.241455078125 0.70489501953125
0.0173530578613281 0.047393798828125 -0.0201568603515625 0.103805541992187
0.0230064392089844 0.0388679504394531 0.331298828125 -0.59002685546875
0.0208702087402344 -0.00880622863769531 -0.210205078125 -0.94775390625
-0.0210037231445313 -0.00770187377929688 -0.791748046875 -0.26458740234375
-0.0252685546875 0.0220870971679687 -0.502227783203125 0.427642822265625
-0.00674629211425781 0.0177593231201172 -0.020233154296875 0.477294921875
-0.00578880310058594 0.0156784057617188 0.289337158203125 0.203887939453125
0.00295448303222656 -0.0121698379516602 0.313812255859375 -0.112579345703125
0.00207138061523438 -0.0314750671386719 -0.2847900390625 0.123565673828125
0.00400829315185547 0.0111417770385742 -0.255859375 -0.17156982421875
0.0170507431030273 2.288818359375E-05 0.04083251953125 -0.458984375
-0.00290203094482422 0.0140504837036133 0.52728271484375 -0.399993896484375
-0.0455970764160156 0.0226364135742187 0.73773193359375 0.29705810546875
-0.0415191650390625 -0.00148773193359374 0.2724609375 0.8863525390625
-0.00644302368164062 0.0560836791992188 -0.27447509765625 0.68206787109375
-0.00172042846679687 0.0555419921875 -0.00413513183593751 0.079315185546875
0.0104255676269531 0.0500221252441406 0.298583984375 -0.61956787109375
0.0196723937988281 0.00277137756347656 -0.281982421875 -0.91448974609375
-0.0102396011352539 -0.00185871124267578 -0.80035400390625 -0.18939208984375
-0.0129985809326172 0.0162973403930664 -0.45819091796875 0.4659423828125
0.00012969970703125 0.0102624893188477 0.0206298828125 0.477386474609375
-0.00643825531005859 0.00820779800415039 0.309295654296875 0.18902587890625
-0.00257587432861328 -0.0146455764770508 0.319793701171875 -0.116668701171875
-0.00156211853027344 -0.0333938598632812 -0.28192138671875 0.120819091796875
0.00672388076782227 0.00213003158569336 -0.24029541015625 -0.182769775390625
0.0248584747314453 -0.01214599609375 0.07904052734375 -0.457183837890625
0.0102338790893555 0.00666141510009766 0.56768798828125 -0.360595703125
-0.0363883972167969 0.0239181518554688 0.72076416015625 0.36871337890625
-0.0401992797851563 0.00579071044921875 0.2039794921875 0.91583251953125
-0.0181121826171875 0.06170654296875 -0.30657958984375 0.65191650390625
-0.0104713439941406 0.054229736328125 0.0178565979003906 0.0512199401855469
0.00208663940429687 0.05291748046875 0.26580810546875 -0.64971923828125
0.0189361572265625 0.00952339172363281 -0.35296630859375 -0.880615234375
0.000888526439666748 0.000239372253417969 -0.80230712890625 -0.1119384765625
-0.00160074234008789 0.00547027587890625 -0.408721923828125 0.497894287109375
0.00854063034057617 -0.00143623352050781 0.059844970703125 0.469940185546875
-0.00749921798706055 -0.00206804275512695 0.32489013671875 0.175445556640625
-0.00705623626708985 -0.017481803894043 0.325103759765625 -0.12310791015625
-0.00394439697265625 -0.0355873107910156 -0.283660888671875 0.115386962890625
0.010584831237793 -0.00830650329589844 -0.227249145507812 -0.193756103515625
0.0321521759033203 -0.0251064300537109 0.1097412109375 -0.454559326171875
0.0252094268798828 0.00312423706054687 0.60101318359375 -0.3221435546875
-0.0288314819335937 0.0255775451660156 0.70343017578125 0.4276123046875
-0.0415611267089844 0.00843429565429687 0.13800048828125 0.930419921875
-0.0228004455566406 0.0567131042480469 -0.32757568359375 0.62347412109375
-0.00994873046875001 0.0444259643554688 0.0417442321777344 0.0229263305664063
0.00115203857421875 0.0449256896972656 0.24151611328125 -0.67578125
0.0197372436523438 0.0118503570556641 -0.40325927734375 -0.84991455078125
0.0123519897460938 -5.05447387695313E-05 -0.79583740234375 -0.0495605468750001
0.0104351043701172 -0.00631332397460938 -0.36785888671875 0.519622802734375
0.0154275894165039 -0.0149774551391602 0.089569091796875 0.463836669921875
-0.00613880157470703 -0.0135917663574219 0.3326416015625 0.15814208984375
-0.00998497009277343 -0.0177040100097656 0.32305908203125 -0.1317138671875
-0.004608154296875 -0.03350830078125 -0.290191650390625 0.108062744140625
0.0136928558349609 -0.0208778381347656 -0.223724365234375 -0.200927734375
0.0424041748046875 -0.0352439880371094 0.129791259765625 -0.453826904296875
0.0371017456054688 -0.000270843505859375 0.62158203125 -0.2974853515625
-0.0222301483154297 0.0292625427246094 0.68572998046875 0.463623046875
-0.0398063659667969 0.00222778320312499 0.0991821289062499 0.93743896484375
-0.0200424194335938 0.0427017211914063 -0.33697509765625 0.59490966796875
0.00099754333496094 0.0263900756835938 0.0614891052246094 0.00100326538085938
0.00379180908203125 0.0300388336181641 0.225341796875 -0.69769287109375
0.0195407867431641 0.00792121887207031 -0.43353271484375 -0.830322265625
0.0221195220947266 -0.000417709350585937 -0.78509521484375 -0.01458740234375
0.0188941955566406 -0.0117301940917969 -0.34130859375 0.534149169921875
0.0190296173095703 -0.0282230377197266 0.107147216796875 0.45782470703125
-0.00552177429199219 -0.0233173370361328 0.33526611328125 0.149505615234375
-0.00976657867431641 -0.0155658721923828 0.320404052734375 -0.140228271484375
-0.0016632080078125 -0.0317401885986328 -0.299285888671875 0.100555419921875
0.0186767578125 -0.0289783477783203 -0.226638793945313 -0.207382202148437
0.0465431213378906 -0.0422248840332031 0.13433837890625 -0.45416259765625
0.0474777221679687 -0.00093841552734375 0.6302490234375 -0.28875732421875
-0.0171394348144531 0.0311012268066406 0.681884765625 0.47869873046875
-0.0349674224853516 -0.00947761535644531 0.085205078125 0.93487548828125
-0.0077056884765625 0.0186634063720703 -0.33416748046875 0.57574462890625
0.0204410552978516 0.00575447082519531 0.0773468017578125 -0.0136642456054688
0.00759506225585938 0.00844717025756836 0.2216796875 -0.71099853515625
0.0192222595214844 0.00046539306640625 -0.44573974609375 -0.822265625
0.0261192321777344 -0.00127220153808594 -0.7808837890625 0.00207519531250015
0.0246944427490234 -0.0183429718017578 -0.328826904296875 0.537628173828125
0.0220146179199219 -0.0377120971679688 0.110443115234375 0.454681396484375
-0.00342750549316406 -0.0320415496826172 0.3287353515625 0.143524169921875
-0.00616264343261719 -0.0142965316772461 0.311676025390625 -0.14630126953125
0.00290870666503906 -0.02734375 -0.3095703125 0.0923461914062501
0.0205917358398438 -0.0342998504638672 -0.237274169921875 -0.2113037109375
0.0482902526855469 -0.0472869873046875 0.133392333984375 -0.459381103515625
0.047821044921875 -0.0012969970703125 0.630126953125 -0.291748046875
-0.0158100128173828 0.0258998870849609 0.6854248046875 0.47650146484375
-0.0296688079833984 -0.0284843444824219 0.0882568359375 0.92669677734375
0.0125274658203125 -0.00992965698242188 -0.3211669921875 0.564697265625
0.0491409301757813 -0.0236892700195313 0.0911636352539063 -0.0235366821289062
0.0192031860351563 -0.0215435028076172 0.22381591796875 -0.72430419921875
0.0199508666992188 -0.0142822265625 -0.44940185546875 -0.8258056640625
0.0259056091308594 -0.00185394287109375 -0.7783203125 0.00305175781249992
0.0268325805664063 -0.0207023620605469 -0.32635498046875 0.53668212890625
0.0238418579101563 -0.0439071655273438 0.1070556640625 0.454010009765625
-0.00261688232421875 -0.0367927551269531 0.3197021484375 0.142120361328125
-0.00401973724365234 -0.0101919174194336 0.30035400390625 -0.1512451171875
0.00728225708007813 -0.0209541320800781 -0.31890869140625 0.0881347656250001
0.0210952758789062 -0.0355644226074219 -0.2540283203125 -0.209991455078125
0.0444793701171875 -0.0459556579589844 0.105712890625 -0.464324951171875
0.04217529296875 -0.000926971435546875 0.61236572265625 -0.324462890625
-0.0205001831054688 0.0199222564697266 0.7052001953125 0.4346923828125
-0.0274238586425781 -0.04986572265625 0.1385498046875 0.9066162109375
0.0360260009765625 -0.0447235107421875 -0.29644775390625 0.57476806640625
0.0847930908203125 -0.05224609375 0.0902481079101563 -0.012725830078125
0.0375442504882813 -0.0568351745605469 0.2498779296875 -0.71673583984375
0.0166130065917969 -0.0326023101806641 -0.4127197265625 -0.85693359375
0.0199623107910156 -0.00173568725585938 -0.78533935546875 -0.0405883789062501
0.0261135101318359 -0.0163116455078125 -0.357177734375 0.52069091796875
0.0242347717285156 -0.0415077209472656 0.080047607421875 0.457275390625
0.000480651855468748 -0.0373954772949219 0.306732177734375 0.151336669921875
0.00277423858642578 -0.00610208511352539 0.29217529296875 -0.15277099609375
0.00698280334472656 -0.0279941558837891 -0.29254150390625 0.12664794921875
0.00474834442138672 0.01708984375 -0.280807495117188 -0.157669067382813
0.0126285552978516 0.00883102416992188 -0.00326538085937502 -0.4609375
-0.0112476348876953 0.020904541015625 0.48260498046875 -0.445953369140625
-0.0526962280273438 0.0215835571289063 0.7562255859375 0.22149658203125
-0.0417098999023437 -0.01190185546875 0.34698486328125 0.8564453125
0.00701141357421875 0.0406303405761719 -0.2384033203125 0.71136474609375
0.0169563293457031 0.0478096008300781 -0.0191574096679688 0.104942321777344
0.0225830078125 0.0391387939453125 0.33062744140625 -0.595703125
0.0205631256103516 -0.00872421264648438 -0.21575927734375 -0.95465087890625
-0.0210533142089844 -0.00672340393066406 -0.79901123046875 -0.26434326171875
-0.0247917175292969 0.0220699310302734 -0.503875732421875 0.4332275390625
-0.00790214538574219 0.0191402435302734 -0.01611328125 0.483245849609375
-0.00704479217529297 0.0160589218139648 0.29449462890625 0.203948974609375
0.00300312042236328 -0.0122871398925781 0.314605712890625 -0.116058349609375
0.00189208984375 -0.0304450988769531 -0.285797119140625 0.127197265625
0.00469398498535156 0.0119285583496094 -0.258468627929688 -0.17047119140625
0.0165081024169922 -0.00011444091796875 0.037384033203125 -0.4620361328125
-0.00253200531005859 0.0135669708251953 0.529022216796875 -0.40692138671875
-0.0454292297363281 0.0230827331542969 0.74493408203125 0.2962646484375
-0.0403938293457031 -0.00114440917968751 0.2784423828125 0.8922119140625
-0.00553512573242188 0.0559310913085938 -0.2744140625 0.69036865234375
-0.00159072875976562 0.0559272766113281 -0.00336456298828124 0.0801315307617188
0.010223388671875 0.0505523681640625 0.2962646484375 -0.62542724609375
0.0195388793945312 0.00271797180175781 -0.28924560546875 -0.92083740234375
-0.0116386413574219 -0.00231170654296875 -0.80755615234375 -0.18768310546875
-0.0127668380737305 0.0155344009399414 -0.459320068359375 0.471649169921875
8.29696655273438E-05 0.00935077667236328 0.021240234375 0.4813232421875
-0.00710105895996094 0.00883293151855469 0.313262939453125 0.190216064453125
-0.00261306762695313 -0.0155706405639648 0.322662353515625 -0.120025634765625
-0.00227737426757812 -0.0332508087158203 -0.283355712890625 0.123046875
0.00650215148925781 0.00211334228515625 -0.240402221679687 -0.182815551757813
0.0231170654296875 -0.0127124786376953 0.076629638671875 -0.461395263671875
0.0103464126586914 0.00682735443115234 0.57086181640625 -0.365966796875
-0.0367546081542969 0.0247268676757813 0.72955322265625 0.36773681640625
-0.0417633056640625 0.00661849975585938 0.205810546875 0.9244384765625
-0.0175018310546875 0.0621185302734375 -0.30712890625 0.6591796875
-0.0111503601074219 0.0555953979492187 0.018646240234375 0.051727294921875
0.0021514892578125 0.0521697998046875 0.264892578125 -0.6556396484375
0.0183296203613281 0.0102291107177734 -0.35797119140625 -0.885009765625
0.00180041790008545 -0.000984549522399902 -0.807861328125 -0.11114501953125
-0.000795841217041016 0.00560712814331055 -0.409912109375 0.50274658203125
0.00758266448974609 -0.00223302841186523 0.062286376953125 0.475555419921875
-0.00630283355712891 -0.00156641006469726 0.329193115234375 0.173187255859375
-0.00657749176025391 -0.0166254043579102 0.32635498046875 -0.12744140625
-0.00454330444335937 -0.0346755981445313 -0.284576416015625 0.1175537109375
0.0084381103515625 -0.00911808013916016 -0.229782104492188 -0.193023681640625
0.0328578948974609 -0.0250568389892578 0.108978271484375 -0.459014892578125
0.0242290496826172 0.00276565551757813 0.60479736328125 -0.32696533203125
-0.0286617279052734 0.0279216766357422 0.71038818359375 0.426513671875
-0.0410423278808594 0.00849151611328124 0.143310546875 0.93865966796875
-0.0226402282714844 0.0569343566894531 -0.3287353515625 0.627197265625
-0.00920486450195312 0.0443534851074219 0.0402565002441406 0.0239753723144531
0.000137329101562498 0.0458259582519531 0.23956298828125 -0.68084716796875
0.0194492340087891 0.0112838745117188 -0.41094970703125 -0.854248046875
0.0131797790527344 1.62124633789063E-05 -0.79876708984375 -0.0488891601562501
0.0101566314697266 -0.00481224060058594 -0.368682861328125 0.525421142578125
0.0143194198608398 -0.0151243209838867 0.0916442871093751 0.466552734375
-0.00693702697753906 -0.0128011703491211 0.337799072265625 0.158843994140625
-0.0103282928466797 -0.0177936553955078 0.32550048828125 -0.135711669921875
-0.00438690185546875 -0.0336093902587891 -0.2901611328125 0.110076904296875
0.0135421752929688 -0.0196342468261719 -0.225677490234375 -0.201019287109375
0.0405197143554688 -0.0357856750488281 0.128509521484375 -0.45794677734375
0.0378684997558594 0.000640869140625 0.6234130859375 -0.30316162109375
-0.0209922790527344 0.0304203033447266 0.6934814453125 0.464599609375
-0.0403480529785156 0.00337600708007813 0.10150146484375 0.94464111328125
-0.0186996459960937 0.0423088073730469 -0.33807373046875 0.601318359375
0.000837326049804687 0.0255718231201172 0.0619926452636719 0.00208663940429688
0.00218772888183594 0.0300178527832031 0.2239990234375 -0.7020263671875
0.0213165283203125 0.00782585144042969 -0.442626953125 -0.83428955078125
0.0219898223876953 -0.00147628784179688 -0.79315185546875 -0.00964355468750007
0.0180301666259766 -0.0137767791748047 -0.34130859375 0.539642333984375
0.0181751251220703 -0.0279579162597656 0.10931396484375 0.461334228515625
-0.00599479675292969 -0.0243511199951172 0.33697509765625 0.14581298828125
-0.0102758407592773 -0.0168313980102539 0.320281982421875 -0.143646240234375
-0.00196456909179688 -0.0311508178710938 -0.300048828125 0.10272216796875
0.0177230834960937 -0.0290164947509766 -0.229721069335938 -0.207382202148437
0.0467300415039063 -0.0443954467773438 0.133697509765625 -0.46142578125
0.0468368530273438 -0.000820159912109375 0.6329345703125 -0.295654296875
-0.0171222686767578 0.0307998657226562 0.6905517578125 0.479736328125
-0.0360832214355469 -0.0078125 0.0876464843749999 0.94207763671875
-0.00706672668457031 0.0200138092041016 -0.3328857421875 0.582275390625
0.0209197998046875 0.00371551513671875 0.07855224609375 -0.0120773315429688
0.00866889953613281 0.00694751739501953 0.2213134765625 -0.7191162109375
0.0206680297851563 0.000675201416015625 -0.45318603515625 -0.82684326171875
0.0264511108398438 -0.001007080078125 -0.78656005859375 0.00488281249999989
0.02392578125 -0.0202579498291016 -0.32867431640625 0.541229248046875
0.0220985412597656 -0.0381584167480469 0.1121826171875 0.459075927734375
-0.0040283203125 -0.0321464538574219 0.332855224609375 0.142913818359375
-0.00819492340087891 -0.0139598846435547 0.312286376953125 -0.15032958984375
0.00311470031738281 -0.0280017852783203 -0.311737060546875 0.095947265625
0.0203571319580078 -0.0341148376464844 -0.238571166992188 -0.211395263671875
0.0472869873046875 -0.0480003356933594 0.13275146484375 -0.4644775390625
0.0480613708496094 -0.000827789306640625 0.6337890625 -0.2962646484375
-0.0166187286376953 0.0266551971435547 0.693603515625 0.478515625
-0.0309600830078125 -0.0279216766357422 0.0933837890624999 0.9329833984375
0.0128507614135742 -0.0101833343505859 -0.32177734375 0.57159423828125
0.0479736328125 -0.0234413146972656 0.0926361083984375 -0.022979736328125
0.0197544097900391 -0.0209999084472656 0.22265625 -0.72979736328125
0.0190792083740234 -0.0131397247314453 -0.45501708984375 -0.830322265625
0.0259838104248047 -0.00108528137207031 -0.7841796875 0.00610351562499992
0.0260639190673828 -0.0205230712890625 -0.327667236328125 0.54132080078125
0.0234222412109375 -0.0426063537597656 0.109649658203125 0.456787109375
-0.00269317626953125 -0.0360832214355469 0.322906494140625 0.141082763671875
-0.00267696380615234 -0.0113744735717773 0.302154541015625 -0.155120849609375
0.0077972412109375 -0.0220489501953125 -0.321685791015625 0.0909423828124999
0.0206718444824219 -0.0356254577636719 -0.258163452148438 -0.209060668945313
0.0433731079101563 -0.0474472045898438 0.106109619140625 -0.470062255859375
0.0438308715820313 -0.00156021118164063 0.61181640625 -0.32958984375
-0.0199203491210937 0.0211563110351563 0.7130126953125 0.43511962890625
-0.026702880859375 -0.0500030517578125 0.1422119140625 0.91473388671875
0.0371551513671875 -0.04473876953125 -0.296142578125 0.5821533203125
0.0849533081054688 -0.0535354614257813 0.0894317626953125 -0.0129470825195313
0.0369796752929688 -0.0559120178222656 0.24798583984375 -0.7230224609375
0.0154151916503906 -0.0321578979492188 -0.4195556640625 -0.8621826171875
0.0201015472412109 -0.00183486938476562 -0.7906494140625 -0.03729248046875
0.0252151489257813 -0.0154018402099609 -0.356842041015625 0.5252685546875
0.0243759155273437 -0.0415000915527344 0.082794189453125 0.460174560546875
0.0007171630859375 -0.0376243591308594 0.308441162109375 0.150054931640625
0.00230121612548828 -0.00610685348510742 0.29156494140625 -0.154541015625
0.00476455688476563 -0.0278778076171875 -0.294281005859375 0.129791259765625
0.0040130615234375 0.0177326202392578 -0.28411865234375 -0.156707763671875
0.0126848220825195 0.00893688201904297 -0.00531005859374999 -0.46466064453125
-0.0112495422363281 0.0207843780517578 0.483642578125 -0.4521484375
-0.0535240173339844 0.0225410461425781 0.76171875 0.21917724609375
-0.0425910949707031 -0.0106925964355469 0.3551025390625 0.86102294921875
0.00845718383789063 0.0415229797363281 -0.2391357421875 0.718994140625
0.0166511535644531 0.0477256774902344 -0.019073486328125 0.106338500976563
0.0233840942382813 0.0380821228027344 0.33062744140625 -0.602294921875
0.0205707550048828 -0.00983810424804687 -0.22271728515625 -0.95928955078125
-0.0215721130371094 -0.00717353820800782 -0.80718994140625 -0.262939453125
-0.025054931640625 0.0214557647705078 -0.50592041015625 0.439117431640625
-0.00745964050292969 0.0197391510009766 -0.015106201171875 0.486572265625
-0.00692844390869141 0.0172491073608398 0.299468994140625 0.20245361328125
0.00287818908691406 -0.0126571655273438 0.317291259765625 -0.118896484375
0.00136947631835937 -0.0308094024658203 -0.2874755859375 0.1317138671875
0.00459671020507813 0.0110979080200195 -0.261398315429688 -0.170013427734375
0.0165596008300781 -0.00100994110107422 0.03564453125 -0.46722412109375
-0.00323963165283203 0.013737678527832 0.52972412109375 -0.4158935546875
-0.0458564758300781 0.0228271484375 0.7545166015625 0.29290771484375
-0.0416946411132813 0.000732421875 0.28594970703125 0.8997802734375
-0.00560760498046875 0.0585861206054688 -0.2738037109375 0.69805908203125
-0.00116729736328125 0.0566253662109375 -0.00386810302734376 0.0814132690429687
0.00938796997070313 0.0496139526367188 0.29705810546875 -0.63140869140625
0.0197792053222656 0.00287628173828125 -0.296875 -0.92742919921875
-0.0110349655151367 -0.00219821929931641 -0.81317138671875 -0.18487548828125
-0.0139303207397461 0.0157232284545898 -0.459320068359375 0.47723388671875
-0.000905036926269531 0.0114908218383789 0.025665283203125 0.484344482421875
-0.00690889358520508 0.00800275802612305 0.3177490234375 0.187896728515625
-0.00244522094726563 -0.015620231628418 0.324676513671875 -0.123870849609375
-0.00354766845703125 -0.0328598022460938 -0.285736083984375 0.12603759765625
0.00681018829345703 0.00346279144287109 -0.244247436523438 -0.181915283203125
0.0227928161621094 -0.0140342712402344 0.07452392578125 -0.46673583984375
0.00934410095214844 0.00702095031738281 0.57366943359375 -0.37359619140625
-0.0368003845214844 0.0258560180664062 0.73785400390625 0.3668212890625
-0.0410842895507813 0.00717163085937501 0.211669921875 0.93115234375
-0.0172882080078125 0.063262939453125 -0.30670166015625 0.6666259765625
-0.011383056640625 0.05487060546875 0.0184669494628906 0.0516204833984375
0.0025177001953125 0.0521469116210938 0.26361083984375 -0.6610107421875
0.0198402404785156 0.00951385498046875 -0.369140625 -0.89068603515625
0.00177919864654541 -0.000935792922973633 -0.81536865234375 -0.10723876953125
-0.000844478607177735 0.00631475448608398 -0.4107666015625 0.50970458984375
0.00813102722167969 -0.000831127166748047 0.065673828125 0.47943115234375
-0.00764131546020508 -0.00182723999023438 0.3330078125 0.172760009765625
-0.00739002227783203 -0.0174503326416016 0.32855224609375 -0.13092041015625
-0.00449943542480469 -0.0338459014892578 -0.286346435546875 0.120208740234375
0.00877141952514648 -0.00798273086547852 -0.23284912109375 -0.192184448242187
0.0317955017089844 -0.0259933471679688 0.105224609375 -0.464324951171875
0.0246028900146484 0.00155067443847656 0.60601806640625 -0.335205078125
-0.0286521911621094 0.0290164947509766 0.71875 0.42669677734375
-0.0415725708007812 0.00846099853515625 0.14886474609375 0.94610595703125
-0.0229568481445313 0.0585975646972656 -0.3297119140625 0.6346435546875
-0.0103073120117188 0.0449295043945313 0.0413589477539062 0.0243721008300781
0.000854492187499995 0.0454216003417969 0.238037109375 -0.686767578125
0.0200386047363281 0.0109577178955078 -0.418212890625 -0.856689453125
0.0121097564697266 -0.000571250915527344 -0.8065185546875 -0.0460815429687499
0.00941658020019531 -0.00470256805419922 -0.368438720703125 0.5321044921875
0.01434326171875 -0.0145473480224609 0.094757080078125 0.4708251953125
-0.00727939605712891 -0.0128211975097656 0.34130859375 0.157501220703125
-0.0106592178344727 -0.0174989700317383 0.328369140625 -0.140228271484375
-0.00462532043457031 -0.0334930419921875 -0.29107666015625 0.114105224609375
0.0131359100341797 -0.0206890106201172 -0.229415893554688 -0.200942993164063
0.0393180847167969 -0.0382919311523438 0.12554931640625 -0.464569091796875
0.0379562377929688 -3.814697265625E-06 0.62677001953125 -0.310302734375
-0.0210437774658203 0.0309467315673828 0.702880859375 0.465576171875
-0.0401687622070313 0.00315093994140625 0.10760498046875 0.95318603515625
-0.0186119079589844 0.0428810119628906 -0.33856201171875 0.609375
-0.000175476074218748 0.0264816284179688 0.0617027282714844 0.0023345947265625
0.00285911560058594 0.0298824310302734 0.2239990234375 -0.7095947265625
0.0210819244384766 0.00737953186035156 -0.4517822265625 -0.83953857421875
0.0214653015136719 -0.00134658813476563 -0.7991943359375 -0.00567626953124983
0.0186862945556641 -0.0145130157470703 -0.339630126953125 0.54541015625
0.0187644958496094 -0.0277671813964844 0.114166259765625 0.462371826171875
-0.00614356994628906 -0.0229835510253906 0.342559814453125 0.1455078125
-0.00928020477294922 -0.016139030456543 0.3216552734375 -0.147186279296875
-0.00188827514648438 -0.0311279296875 -0.301422119140625 0.106964111328125
0.0169544219970703 -0.0288887023925781 -0.233230590820313 -0.206527709960938
0.045654296875 -0.0458450317382812 0.132110595703125 -0.465484619140625
0.0460128784179688 -0.00203704833984375 0.63531494140625 -0.3016357421875
-0.0165519714355469 0.0312423706054688 0.6993408203125 0.47998046875
-0.0359420776367188 -0.00720977783203125 0.09405517578125 0.9486083984375
-0.00726318359375 0.0207557678222656 -0.33465576171875 0.58978271484375
0.0189075469970703 0.00322341918945313 0.0785064697265625 -0.0138626098632813
0.00880622863769531 0.00770473480224609 0.2174072265625 -0.7244873046875
0.019927978515625 0.000288009643554688 -0.4609375 -0.83270263671875
0.0264492034912109 -0.00148391723632813 -0.79290771484375 0.00787353515624986
0.0243797302246094 -0.0203971862792969 -0.328582763671875 0.547637939453125
0.0221023559570312 -0.0381851196289063 0.116363525390625 0.46038818359375
-0.00495719909667968 -0.0301704406738281 0.33758544921875 0.142547607421875
-0.00756359100341797 -0.0143251419067383 0.3134765625 -0.153839111328125
0.00282096862792969 -0.0270633697509766 -0.313232421875 0.098602294921875
0.0195426940917969 -0.0345344543457031 -0.241729736328125 -0.21099853515625
0.0471992492675781 -0.0482635498046875 0.12969970703125 -0.469268798828125
0.0478668212890625 -0.0026397705078125 0.63739013671875 -0.30419921875
-0.0157527923583984 0.0275650024414063 0.70159912109375 0.47943115234375
-0.0304241180419922 -0.0272159576416016 0.09796142578125 0.9415283203125
0.0126209259033203 -0.00969505310058594 -0.3226318359375 0.578369140625
0.0479011535644531 -0.0248031616210938 0.0927581787109375 -0.022003173828125
0.0185337066650391 -0.0230140686035156 0.22064208984375 -0.7354736328125
0.0187892913818359 -0.0144329071044922 -0.46490478515625 -0.83392333984375
0.0261306762695313 -0.00147056579589844 -0.7918701171875 0.00994873046875006
0.0266246795654297 -0.0213737487792969 -0.326080322265625 0.548095703125
0.0237007141113281 -0.0427207946777344 0.11328125 0.46112060546875
-0.00235366821289062 -0.0360031127929688 0.327239990234375 0.140228271484375
-0.002227783203125 -0.0113992691040039 0.301971435546875 -0.159088134765625
0.00722885131835938 -0.0214271545410156 -0.324798583984375 0.0949401855468749
0.0199737548828125 -0.0361289978027344 -0.261199951171875 -0.208114624023437
0.0424728393554688 -0.0487403869628906 0.104095458984375 -0.476654052734375
0.0435104370117188 -0.00246047973632813 0.61529541015625 -0.33587646484375
-0.0203533172607422 0.0215244293212891 0.72314453125 0.432861328125
-0.0271682739257812 -0.0507354736328125 0.14886474609375 0.92156982421875
0.03662109375 -0.044891357421875 -0.29595947265625 0.58782958984375
0.0849151611328125 -0.0545654296875 0.0898513793945312 -0.013397216796875
0.0367774963378906 -0.0572357177734375 0.2451171875 -0.730712890625
0.0161380767822266 -0.0333957672119141 -0.42755126953125 -0.8668212890625
0.0202388763427734 -0.00199699401855469 -0.79632568359375 -0.0328979492187499
0.0245380401611328 -0.0174007415771484 -0.35638427734375 0.52996826171875
0.0240364074707031 -0.04095458984375 0.08758544921875 0.46307373046875
-6.86645507812536E-05 -0.03753662109375 0.313232421875 0.14892578125
0.00263071060180664 -0.00647687911987305 0.2935791015625 -0.159027099609375
0.00618743896484375 -0.0269660949707031 -0.2967529296875 0.13397216796875
0.00499725341796875 0.0178050994873047 -0.28753662109375 -0.154632568359375
0.0114870071411133 0.00882339477539063 -0.010498046875 -0.468597412109375
-0.0129241943359375 0.021881103515625 0.484100341796875 -0.462646484375
-0.0530204772949219 0.0243453979492188 0.77166748046875 0.21612548828125
-0.0421791076660156 -0.0101051330566406 0.36376953125 0.86505126953125
0.00944137573242188 0.0416030883789063 -0.234375 0.726806640625
0.016937255859375 0.047882080078125 -0.0197372436523437 0.107879638671875
0.0222549438476563 0.0384941101074219 0.32757568359375 -0.6083984375
0.0212650299072266 -0.0100765228271484 -0.23040771484375 -0.96490478515625
-0.0216426849365234 -0.00740814208984375 -0.81402587890625 -0.25927734375
-0.0251502990722656 0.0216407775878906 -0.505157470703125 0.447052001953125
-0.0085601806640625 0.0205783843994141 -0.011260986328125 0.489105224609375
-0.00717258453369141 0.0171184539794922 0.30218505859375 0.201934814453125
0.00202178955078125 -0.0131397247314453 0.317779541015625 -0.1241455078125
0.000816345214843751 -0.0300006866455078 -0.288818359375 0.134674072265625
0.00481891632080078 0.0123691558837891 -0.264068603515625 -0.169036865234375
0.0145120620727539 -0.000918388366699219 0.030670166015625 -0.47125244140625
-0.00324630737304688 0.0138072967529297 0.5302734375 -0.4217529296875
-0.045806884765625 0.02392578125 0.76312255859375 0.29010009765625
-0.0413436889648438 0.00111007690429688 0.29632568359375 0.9046630859375
-0.0052947998046875 0.0589675903320313 -0.27142333984375 0.70538330078125
-0.00056076049804688 0.0567703247070313 -0.00204467773437499 0.0831985473632813
0.0103034973144531 0.0503311157226562 0.29425048828125 -0.63818359375
0.0192813873291016 0.00195503234863281 -0.30572509765625 -0.930908203125
-0.0113344192504883 -0.00197410583496094 -0.82171630859375 -0.17999267578125
-0.0134363174438477 0.014923095703125 -0.45928955078125 0.48419189453125
-0.000315666198730469 0.0111141204833984 0.029541015625 0.4891357421875
-0.00745964050292969 0.00943374633789063 0.32196044921875 0.18646240234375
-0.00304794311523437 -0.0162277221679688 0.3250732421875 -0.128631591796875
-0.002899169921875 -0.0325241088867188 -0.286041259765625 0.131103515625
0.00632619857788086 0.00408077239990234 -0.24774169921875 -0.180877685546875
0.0220851898193359 -0.0138568878173828 0.070404052734375 -0.470458984375
0.00900459289550781 0.00554370880126953 0.57476806640625 -0.37982177734375
-0.0362358093261719 0.0266494750976562 0.74658203125 0.3629150390625
-0.0413017272949219 0.00898742675781249 0.22113037109375 0.93670654296875
-0.0165977478027344 0.0642662048339844 -0.30426025390625 0.6746826171875
-0.0113906860351563 0.0548171997070313 0.01885986328125 0.0526885986328125
0.00260162353515625 0.0530776977539063 0.2611083984375 -0.66851806640625
0.0190181732177734 0.00966835021972656 -0.3775634765625 -0.8946533203125
0.000846326351165772 -0.000310659408569336 -0.821044921875 -0.1033935546875
-0.000736713409423828 0.0058588981628418 -0.410369873046875 0.517364501953125
0.00725603103637695 -0.00122213363647461 0.0697021484375 0.48211669921875
-0.00791645050048828 -0.000994682312011717 0.336700439453125 0.16973876953125
-0.00719451904296875 -0.0182075500488281 0.329132080078125 -0.135833740234375
-0.0050506591796875 -0.0340824127197266 -0.288421630859375 0.12469482421875
0.00922298431396484 -0.00734043121337891 -0.236221313476563 -0.191558837890625
0.0310821533203125 -0.027862548828125 0.101409912109375 -0.46929931640625
0.024078369140625 0.00187492370605469 0.6075439453125 -0.34161376953125
-0.0285091400146484 0.0292530059814453 0.72784423828125 0.422119140625
-0.0411796569824219 0.00999832153320313 0.1568603515625 0.95416259765625
-0.0212440490722656 0.0598182678222656 -0.32708740234375 0.64263916015625
-0.0104598999023438 0.0449752807617188 0.0409965515136719 0.0247344970703125
0.00103759765625 0.0445632934570313 0.234130859375 -0.6943359375
0.0211219787597656 0.0106983184814453 -0.4285888671875 -0.861083984375
0.0119342803955078 -0.000225067138671875 -0.81201171875 -0.0391235351562499
0.00967884063720703 -0.00590896606445312 -0.3663330078125 0.539031982421875
0.0141239166259766 -0.0146760940551758 0.10040283203125 0.473846435546875
-0.0078277587890625 -0.0129585266113281 0.34588623046875 0.154754638671875
-0.00961494445800781 -0.0188484191894531 0.328338623046875 -0.143951416015625
-0.0049591064453125 -0.0334129333496094 -0.29345703125 0.118194580078125
0.0127735137939453 -0.0193920135498047 -0.232086181640625 -0.199615478515625
0.0389060974121094 -0.0373191833496094 0.121368408203125 -0.46893310546875
0.0369415283203125 -0.00100326538085938 0.62872314453125 -0.3187255859375
-0.0207939147949219 0.0313777923583984 0.71343994140625 0.4638671875
-0.03961181640625 0.00461196899414062 0.1148681640625 0.95941162109375
-0.01898193359375 0.0440177917480469 -0.33587646484375 0.61517333984375
-4.95910644531233E-05 0.0264968872070313 0.0627593994140625 0.00234222412109375
0.00262641906738281 0.0291862487792969 0.2176513671875 -0.71636962890625
0.0210838317871094 0.00759696960449219 -0.46197509765625 -0.84075927734375
0.0218067169189453 -0.00144195556640625 -0.8033447265625 -0.00146484375000004
0.0182037353515625 -0.0153923034667969 -0.337371826171875 0.552093505859375
0.0181293487548828 -0.0285263061523438 0.11700439453125 0.465545654296875
-0.00644111633300781 -0.0228271484375 0.347015380859375 0.143341064453125
-0.00995922088623047 -0.017247200012207 0.323028564453125 -0.152740478515625
-0.000988006591796872 -0.0323047637939453 -0.302459716796875 0.10992431640625
0.0167999267578125 -0.0280094146728516 -0.236358642578125 -0.206298828125
0.0447807312011719 -0.0469856262207031 0.129608154296875 -0.4700927734375
0.0456008911132813 -0.00217437744140625 0.63922119140625 -0.307373046875
-0.0151748657226563 0.0319309234619141 0.707763671875 0.4774169921875
-0.0368461608886719 -0.00667190551757812 0.0996093749999999 0.95648193359375
-0.00579071044921875 0.020599365234375 -0.3309326171875 0.59710693359375
0.0189266204833984 0.00366401672363281 0.0799942016601562 -0.012451171875
0.0077366828918457 0.00704097747802735 0.21636962890625 -0.73065185546875
0.0206966400146484 -0.000759124755859375 -0.47174072265625 -0.835693359375
0.02716064453125 -0.00197601318359375 -0.7982177734375 0.01434326171875
0.023284912109375 -0.0212154388427734 -0.327789306640625 0.553741455078125
0.0215835571289063 -0.0381660461425781 0.1202392578125 0.462554931640625
-0.00530052185058594 -0.0313377380371094 0.34130859375 0.139739990234375
-0.00771427154541016 -0.0146913528442383 0.314239501953125 -0.157470703125
0.00245285034179687 -0.0274944305419922 -0.31488037109375 0.1025390625
0.0200099945068359 -0.0340213775634766 -0.245803833007813 -0.21063232421875
0.0459861755371094 -0.0497894287109375 0.12664794921875 -0.47381591796875
0.0472869873046875 -0.0024566650390625 0.6396484375 -0.3126220703125
-0.0156784057617188 0.0281333923339844 0.71185302734375 0.4774169921875
-0.0303936004638672 -0.0262985229492188 0.10595703125 0.9481201171875
0.0137529373168945 -0.00955963134765625 -0.3193359375 0.5853271484375
0.0474052429199219 -0.0246467590332031 0.0934219360351563 -0.0234832763671875
0.0185756683349609 -0.0237312316894531 0.21722412109375 -0.741943359375
0.0180568695068359 -0.0141086578369141 -0.47344970703125 -0.83929443359375
0.0270671844482422 -0.00307655334472656 -0.79693603515625 0.0146484375000001
0.0256195068359375 -0.0217361450195313 -0.324554443359375 0.5545654296875
0.0226516723632813 -0.0428543090820313 0.11749267578125 0.46160888671875
-0.00329971313476563 -0.035247802734375 0.3310546875 0.137603759765625
-0.00307941436767578 -0.011688232421875 0.3038330078125 -0.162811279296875
0.00767898559570313 -0.0208473205566406 -0.32672119140625 0.0989074707031251
0.0201950073242188 -0.0361595153808594 -0.265213012695313 -0.206954956054687
0.0421524047851563 -0.0495567321777344 0.0999755859375 -0.48077392578125
0.0430145263671875 -0.00225067138671875 0.61651611328125 -0.34429931640625
-0.0189533233642578 0.0219917297363281 0.7315673828125 0.4327392578125
-0.0279502868652344 -0.0502243041992188 0.15625 0.927490234375
0.0364189147949219 -0.0458564758300781 -0.29388427734375 0.5948486328125
0.0829010009765625 -0.0566864013671875 0.0910491943359375 -0.013275146484375
0.0350685119628906 -0.0582275390625 0.24505615234375 -0.7373046875
0.0156230926513672 -0.0348567962646484 -0.43829345703125 -0.868896484375
0.0203781127929688 -0.00259017944335938 -0.80279541015625 -0.02691650390625
0.0255680084228516 -0.0182132720947266 -0.354248046875 0.53729248046875
0.0235214233398438 -0.0419197082519531 0.090667724609375 0.46484375
-0.000267028808593752 -0.0374908447265625 0.317596435546875 0.146453857421875
0.00309467315673828 -0.00689697265625 0.293609619140625 -0.16326904296875
0.00603866577148438 -0.0273952484130859 -0.296783447265625 0.13922119140625
0.00494384765625 0.0186252593994141 -0.291259765625 -0.1512451171875
0.0108499526977539 0.00844669342041016 -0.013671875 -0.47161865234375
-0.0121879577636719 0.0214290618896484 0.4813232421875 -0.47003173828125
-0.0527839660644531 0.0247344970703125 0.77728271484375 0.20947265625
-0.0420265197753906 -0.0091552734375 0.37359619140625 0.86846923828125
0.009521484375 0.0422515869140625 -0.22869873046875 0.7342529296875
0.0166435241699219 0.0477371215820313 -0.0185317993164062 0.1094970703125
0.0227890014648438 0.038116455078125 0.32550048828125 -0.61468505859375
0.0216312408447266 -0.0105800628662109 -0.24139404296875 -0.9700927734375
-0.0225677490234375 -0.00583648681640625 -0.82244873046875 -0.25439453125
-0.0254325866699219 0.0222816467285156 -0.50543212890625 0.45428466796875
-0.00799942016601563 0.0201778411865234 -0.00653076171875004 0.492706298828125
-0.00731277465820313 0.0182838439941406 0.30877685546875 0.198944091796875
0.00237560272216797 -0.0137310028076172 0.318939208984375 -0.12811279296875
-0.000490188598632813 -0.0301666259765625 -0.28955078125 0.13897705078125
0.0039520263671875 0.0121946334838867 -0.267242431640625 -0.16607666015625
0.0147619247436523 -0.000948905944824219 0.0269165039062499 -0.476226806640625
-0.00436115264892578 0.0132856369018555 0.529052734375 -0.4307861328125
-0.0450668334960938 0.0246124267578125 0.77069091796875 0.2852783203125
-0.0409049987792969 0.00201797485351563 0.30413818359375 0.9091796875
-0.004364013671875 0.0587425231933594 -0.26513671875 0.71331787109375
-0.001007080078125 0.0556297302246094 -0.00196075439453125 0.082550048828125
0.0104598999023437 0.0504074096679688 0.29180908203125 -0.64263916015625
0.0191497802734375 0.00183486938476563 -0.31732177734375 -0.93475341796875
-0.0122518539428711 -0.00234794616699219 -0.82952880859375 -0.1749267578125
-0.0134916305541992 0.0151119232177734 -0.45770263671875 0.49237060546875
-0.000457763671874999 0.0123739242553711 0.03326416015625 0.490325927734375
-0.00790309906005859 0.00954627990722656 0.32769775390625 0.185699462890625
-0.0033721923828125 -0.0164375305175781 0.32568359375 -0.13275146484375
-0.00404930114746094 -0.0325527191162109 -0.287200927734375 0.13543701171875
0.00631952285766602 0.00364160537719727 -0.251083374023438 -0.178558349609375
0.0211830139160156 -0.0144138336181641 0.0658569335937499 -0.475067138671875
0.00868034362792969 0.00679636001586914 0.5728759765625 -0.38787841796875
-0.0363388061523437 0.0277976989746094 0.75482177734375 0.35791015625
-0.0418281555175781 0.00984954833984376 0.2318115234375 0.940673828125
-0.0158157348632812 0.0658073425292969 -0.30023193359375 0.68292236328125
-0.0108985900878906 0.0548248291015625 0.0193023681640625 0.053466796875
0.00348281860351562 0.0530433654785156 0.2576904296875 -0.67364501953125
0.0188922882080078 0.00888633728027344 -0.38739013671875 -0.89654541015625
0.000734865665435791 -0.000340640544891357 -0.8262939453125 -0.0947875976562502
-0.00122737884521484 0.0051116943359375 -0.408203125 0.523895263671875
0.00692129135131836 -0.00109195709228516 0.0751953125 0.4844970703125
-0.00773191452026367 -0.000421047210693358 0.341949462890625 0.167755126953125
-0.00753974914550781 -0.0185585021972656 0.329376220703125 -0.139739990234375
-0.00577926635742188 -0.0338535308837891 -0.2890625 0.128875732421875
0.00833606719970703 -0.00668239593505859 -0.239242553710937 -0.189926147460938
0.0306682586669922 -0.0272350311279297 0.097564697265625 -0.472320556640625
0.0240898132324219 0.00153350830078125 0.6072998046875 -0.350341796875
-0.0279331207275391 0.0304088592529297 0.73626708984375 0.41912841796875
-0.041595458984375 0.0109786987304688 0.16668701171875 0.95947265625
-0.0211296081542969 0.0597114562988281 -0.32373046875 0.649658203125
-0.0113639831542969 0.0444450378417969 0.0421142578125 0.0256004333496094
0.000305175781250002 0.0457649230957031 0.22955322265625 -0.70135498046875
0.0199661254882813 0.0102424621582031 -0.4385986328125 -0.86480712890625
0.0128698348999023 -0.00101470947265625 -0.81744384765625 -0.0330810546874999
0.00964546203613281 -0.00624942779541016 -0.3641357421875 0.545440673828125
0.0134429931640625 -0.0144872665405273 0.1051025390625 0.475341796875
-0.00770378112792969 -0.0123300552368164 0.349334716796875 0.151885986328125
-0.0100746154785156 -0.0186862945556641 0.328643798828125 -0.14971923828125
-0.00531768798828125 -0.0334033966064453 -0.2938232421875 0.122406005859375
0.0135021209716797 -0.0192470550537109 -0.236190795898438 -0.198806762695313
0.0382308959960938 -0.0387458801269531 0.1180419921875 -0.47332763671875
0.0367660522460937 -0.00131988525390625 0.62847900390625 -0.326904296875
-0.0204944610595703 0.0324840545654297 0.720703125 0.45953369140625
-0.0397796630859375 0.00581359863281249 0.12457275390625 0.96453857421875
-0.0173072814941406 0.0452766418457031 -0.3330078125 0.62353515625
-0.000587463378906251 0.0272979736328125 0.0626754760742188 0.00244140625
0.00241279602050781 0.0292110443115234 0.214599609375 -0.72216796875
0.0204811096191406 0.00765419006347656 -0.47235107421875 -0.84344482421875
0.0202770233154297 -0.00158309936523438 -0.80877685546875 0.00677490234374989
0.0181770324707031 -0.0147705078125 -0.33575439453125 0.5576171875
0.0184764862060547 -0.0280418395996094 0.1231689453125 0.468292236328125
-0.00675010681152344 -0.0229930877685547 0.351593017578125 0.14068603515625
-0.00963020324707031 -0.0180397033691406 0.3231201171875 -0.15740966796875
-0.00200462341308594 -0.0310306549072266 -0.303955078125 0.11474609375
0.01715087890625 -0.0290584564208984 -0.239334106445313 -0.204818725585938
0.0435562133789063 -0.0465621948242187 0.124359130859375 -0.476348876953125
0.0462570190429688 -0.00288009643554688 0.6376953125 -0.3182373046875
-0.0162639617919922 0.0319747924804688 0.7186279296875 0.47412109375
-0.0358924865722656 -0.00609970092773437 0.1104736328125 0.96282958984375
-0.00613212585449219 0.0217685699462891 -0.3302001953125 0.60418701171875
0.0192165374755859 0.00261116027832031 0.079010009765625 -0.0133438110351563
0.00774955749511719 0.00719308853149414 0.212158203125 -0.73687744140625
0.0210247039794922 -0.00176048278808594 -0.48162841796875 -0.83612060546875
0.0272045135498047 -0.00194740295410156 -0.8043212890625 0.02313232421875
0.0233058929443359 -0.022216796875 -0.323272705078125 0.5621337890625
0.0218353271484375 -0.0375137329101563 0.126129150390625 0.464385986328125
-0.00495147705078125 -0.0310554504394531 0.34527587890625 0.136688232421875
-0.00743389129638672 -0.0150508880615234 0.31353759765625 -0.16326904296875
0.00331497192382812 -0.0274009704589844 -0.316131591796875 0.1072998046875
0.0195808410644531 -0.0337867736816406 -0.249923706054688 -0.208709716796875
0.0448265075683594 -0.0501594543457031 0.1221923828125 -0.479583740234375
0.048248291015625 -0.00321578979492188 0.6397705078125 -0.3212890625
-0.0152530670166016 0.0288982391357422 0.72064208984375 0.4752197265625
-0.0307750701904297 -0.0260772705078125 0.1123046875 0.95452880859375
0.014002799987793 -0.00937175750732422 -0.316650390625 0.59375
0.0460281372070313 -0.0266838073730469 0.0934295654296875 -0.0242538452148438
0.0181980133056641 -0.0239009857177734 0.21282958984375 -0.74932861328125
0.0188751220703125 -0.0147647857666016 -0.48638916015625 -0.83819580078125
0.0268535614013672 -0.00282478332519531 -0.80047607421875 0.0235595703125
0.0265274047851562 -0.0225315093994141 -0.321136474609375 0.56134033203125
0.0223846435546875 -0.0431480407714844 0.121734619140625 0.464202880859375
-0.00355911254882813 -0.0359458923339844 0.3360595703125 0.13446044921875
-0.00274753570556641 -0.0119314193725586 0.303375244140625 -0.16741943359375
0.00827217102050781 -0.0207271575927734 -0.32733154296875 0.10406494140625
0.0198287963867188 -0.035675048828125 -0.269088745117188 -0.204910278320313
0.0398330688476563 -0.0503616333007813 0.0959472656250001 -0.485504150390625
0.042205810546875 -0.00327682495117188 0.6180419921875 -0.3526611328125
-0.0193214416503906 0.0233249664306641 0.74090576171875 0.42724609375
-0.0284004211425781 -0.050140380859375 0.166015625 0.9332275390625
0.0374946594238281 -0.0449638366699219 -0.29119873046875 0.6021728515625
0.0826187133789062 -0.0579605102539062 0.091278076171875 -0.0141220092773438
0.0334968566894531 -0.0588531494140625 0.240234375 -0.7432861328125
0.015167236328125 -0.0354385375976563 -0.44781494140625 -0.87078857421875
0.0202541351318359 -0.00333023071289063 -0.80853271484375 -0.0213623046875001
0.0259017944335938 -0.0178604125976563 -0.35162353515625 0.543365478515625
0.023681640625 -0.0424079895019531 0.09552001953125 0.467864990234375
-0.000934600830078129 -0.0374298095703125 0.321380615234375 0.144683837890625
0.00290966033935547 -0.00755167007446289 0.29388427734375 -0.16815185546875
0.00545692443847656 -0.0256690979003906 -0.297332763671875 0.143157958984375
0.00438499450683594 0.0190258026123047 -0.29461669921875 -0.149200439453125
0.00936603546142578 0.00847244262695313 -0.020965576171875 -0.473541259765625
-0.0131721496582031 0.0208930969238281 0.4779052734375 -0.477264404296875
-0.0533065795898438 0.0254287719726562 0.7852783203125 0.20208740234375
-0.0419158935546875 -0.00794219970703124 0.38720703125 0.87109375
0.0113983154296875 0.042816162109375 -0.22332763671875 0.7403564453125
0.0164947509765625 0.0468292236328125 -0.0176925659179687 0.110237121582031
0.0232887268066406 0.0377998352050781 0.3194580078125 -0.620361328125
0.0205440521240234 -0.00941658020019531 -0.25274658203125 -0.9725341796875
-0.0215320587158203 -0.0056915283203125 -0.82843017578125 -0.247314453125
-0.0251445770263672 0.0238170623779297 -0.50341796875 0.462738037109375
-0.00795364379882813 0.0211620330810547 -0.001922607421875 0.496368408203125
-0.0069122314453125 0.0178966522216797 0.313079833984375 0.196441650390625
0.002471923828125 -0.0130157470703125 0.319244384765625 -0.133056640625
1.14440917968767E-05 -0.0297470092773438 -0.288787841796875 0.14349365234375
0.00362110137939453 0.0134296417236328 -0.271499633789063 -0.163894653320313
0.0140609741210938 -0.00200176239013672 0.0208740234375 -0.4781494140625
-0.00425243377685547 0.0129737854003906 0.526702880859375 -0.438629150390625
-0.0446090698242188 0.0264472961425781 0.7789306640625 0.27667236328125
-0.0420455932617188 0.00334548950195313 0.31610107421875 0.91033935546875
-0.00333023071289063 0.0605049133300781 -0.25933837890625 0.7197265625
-0.00174713134765625 0.0563735961914063 -0.00141143798828126 0.0845870971679688
0.0107498168945313 0.0509834289550781 0.28582763671875 -0.64971923828125
0.0189266204833984 0.00135993957519531 -0.327392578125 -0.93695068359375
-0.0122671127319336 -0.0023040771484375 -0.834228515625 -0.167236328125
-0.0122098922729492 0.0150279998779297 -0.45599365234375 0.500152587890625
-0.000780105590820313 0.0124340057373047 0.03924560546875 0.493072509765625
-0.00796985626220703 0.009521484375 0.331695556640625 0.181365966796875
-0.00331687927246094 -0.0157909393310547 0.326080322265625 -0.138275146484375
-0.00383758544921875 -0.0325183868408203 -0.286590576171875 0.140716552734375
0.00533580780029297 0.00462055206298828 -0.255157470703125 -0.177322387695312
0.0202999114990234 -0.015106201171875 0.0606384277343751 -0.47760009765625
0.00787544250488281 0.00571775436401367 0.57147216796875 -0.397705078125
-0.0358161926269531 0.0284233093261719 0.7628173828125 0.3526611328125
-0.04083251953125 0.0114898681640625 0.24169921875 0.9454345703125
-0.014556884765625 0.0661506652832031 -0.29547119140625 0.68914794921875
-0.01239013671875 0.0561332702636719 0.0193367004394531 0.0542068481445313
0.00347900390625 0.053070068359375 0.2509765625 -0.68096923828125
0.0207576751708984 0.00787162780761719 -0.39971923828125 -0.89739990234375
0.000759899616241455 4.16040420532227E-05 -0.8321533203125 -0.0879516601562501
-0.0014801025390625 0.00491094589233398 -0.4039306640625 0.530975341796875
0.0080251693725586 -0.000873088836669922 0.07958984375 0.4853515625
-0.00782442092895508 -0.000890254974365236 0.346435546875 0.164337158203125
-0.007415771484375 -0.0189361572265625 0.32940673828125 -0.146331787109375
-0.00714111328125 -0.0334339141845703 -0.2886962890625 0.13433837890625
0.00919628143310547 -0.00740814208984375 -0.242385864257812 -0.18829345703125
0.0279331207275391 -0.0274543762207031 0.0927734375 -0.47698974609375
0.0225276947021484 0.00112152099609375 0.60711669921875 -0.360107421875
-0.0271797180175781 0.0312232971191406 0.7459716796875 0.41400146484375
-0.041229248046875 0.01275634765625 0.17523193359375 0.9622802734375
-0.020263671875 0.0614776611328125 -0.31842041015625 0.6578369140625
-0.010711669921875 0.0448837280273438 0.0420799255371094 0.0252113342285156
0.00164413452148437 0.0451087951660156 0.2236328125 -0.706298828125
0.0208606719970703 0.00993919372558594 -0.45123291015625 -0.8643798828125
0.0123205184936523 -0.00190258026123047 -0.82269287109375 -0.0253906250000001
0.00964832305908203 -0.00672721862792969 -0.3609619140625 0.554168701171875
0.0122709274291992 -0.014216423034668 0.11138916015625 0.47637939453125
-0.00772762298583984 -0.0126609802246094 0.354827880859375 0.14764404296875
-0.0100479125976563 -0.0187587738037109 0.328338623046875 -0.1544189453125
-0.00524711608886719 -0.0332965850830078 -0.2940673828125 0.127838134765625
0.0129528045654297 -0.0195217132568359 -0.23907470703125 -0.196685791015625
0.0369758605957031 -0.0386886596679688 0.113677978515625 -0.478546142578125
0.036163330078125 -0.00176620483398438 0.628173828125 -0.33563232421875
-0.0203838348388672 0.0333995819091797 0.7314453125 0.45428466796875
-0.039794921875 0.00720977783203125 0.13323974609375 0.9700927734375
-0.0161209106445313 0.0446319580078125 -0.327880859375 0.6302490234375
-1.33514404296881E-05 0.0257587432861328 0.0632667541503906 0.00150680541992188
0.00267791748046875 0.0292072296142578 0.206787109375 -0.728515625
0.0207672119140625 0.0060272216796875 -0.48358154296875 -0.8392333984375
0.0214385986328125 -0.00217437744140625 -0.8138427734375 0.0141601562499999
0.0175046920776367 -0.0158138275146484 -0.33154296875 0.5643310546875
0.0171031951904297 -0.0288658142089844 0.12750244140625 0.4698486328125
-0.00750923156738281 -0.0237827301025391 0.3555908203125 0.137054443359375
-0.0105142593383789 -0.0170068740844727 0.321990966796875 -0.1630859375
-0.00226974487304687 -0.031097412109375 -0.30426025390625 0.120025634765625
0.0165061950683594 -0.0284252166748047 -0.244598388671875 -0.20172119140625
0.0430145263671875 -0.0476799011230469 0.119598388671875 -0.480926513671875
0.0451507568359375 -0.00387191772460938 0.63812255859375 -0.32916259765625
-0.0155849456787109 0.0340976715087891 0.7286376953125 0.4693603515625
-0.0373077392578125 -0.00622177124023438 0.11907958984375 0.96795654296875
-0.00523185729980469 0.022216796875 -0.32501220703125 0.612060546875
0.0176410675048828 0.00319099426269531 0.079803466796875 -0.0131454467773438
0.00712776184082031 0.00700521469116211 0.20391845703125 -0.74371337890625
0.0209674835205078 -0.00164413452148437 -0.49395751953125 -0.8345947265625
0.0271873474121094 -0.00403022766113281 -0.8065185546875 0.0304565429687498
0.0225601196289063 -0.0224132537841797 -0.31951904296875 0.56756591796875
0.0202255249023438 -0.0382041931152344 0.13177490234375 0.466796875
-0.00616264343261719 -0.0308628082275391 0.3515625 0.132537841796875
-0.00750732421875 -0.014826774597168 0.313812255859375 -0.169036865234375
0.00286102294921875 -0.0271835327148438 -0.317108154296875 0.11224365234375
0.0195713043212891 -0.0338859558105469 -0.254180908203125 -0.206192016601563
0.0438346862792969 -0.0504570007324219 0.11712646484375 -0.484619140625
0.0475654602050781 -0.00426864624023438 0.6383056640625 -0.32989501953125
-0.0149726867675781 0.0297050476074219 0.7313232421875 0.46875
-0.0312290191650391 -0.0254745483398437 0.12371826171875 0.9603271484375
0.0132303237915039 -0.0106391906738281 -0.314208984375 0.59967041015625
0.0470352172851563 -0.0270538330078125 0.09344482421875 -0.0236740112304688
0.0172977447509766 -0.0246715545654297 0.207763671875 -0.75469970703125
0.0172672271728516 -0.0154638290405273 -0.49505615234375 -0.8365478515625
0.0268936157226563 -0.00322914123535156 -0.80535888671875 0.0305786132812499
0.0264835357666016 -0.0239772796630859 -0.31622314453125 0.56756591796875
0.0209579467773438 -0.0438156127929688 0.128143310546875 0.465179443359375
-0.00442123413085937 -0.0364837646484375 0.34149169921875 0.131500244140625
-0.00306034088134766 -0.011805534362793 0.30224609375 -0.17132568359375
0.00842094421386719 -0.0202617645263672 -0.328887939453125 0.109710693359375
0.0211734771728516 -0.0341625213623047 -0.27227783203125 -0.203033447265625
0.039337158203125 -0.0507125854492187 0.090118408203125 -0.4903564453125
0.0430221557617188 -0.00312423706054687 0.61651611328125 -0.3623046875
-0.0190029144287109 0.0228958129882812 0.75006103515625 0.42169189453125
-0.0283088684082031 -0.0489006042480469 0.17572021484375 0.93780517578125
0.0374565124511719 -0.0463485717773438 -0.2861328125 0.60919189453125
0.0822906494140625 -0.0585708618164063 0.0911102294921875 -0.015045166015625
0.0329627990722656 -0.0602836608886719 0.232421875 -0.7493896484375
0.01470947265625 -0.0359153747558594 -0.4609375 -0.86962890625
0.0202255249023438 -0.00268173217773438 -0.81390380859375 -0.0134277343749998
0.0253543853759766 -0.0192794799804688 -0.34808349609375 0.552703857421875
0.0226898193359375 -0.0420989990234375 0.10052490234375 0.468109130859375
-0.00188446044921875 -0.0375175476074219 0.325531005859375 0.141143798828125
0.004364013671875 -0.00863885879516602 0.293487548828125 -0.172332763671875
0.00526046752929688 -0.0265865325927734 -0.29705810546875 0.149261474609375
0.00519371032714844 0.0197277069091797 -0.29736328125 -0.14483642578125
0.0100297927856445 0.00790023803710938 -0.026031494140625 -0.47564697265625
-0.0135879516601562 0.0209522247314453 0.474151611328125 -0.48590087890625
-0.0529212951660156 0.0273933410644531 0.79205322265625 0.19287109375
-0.0417518615722656 -0.00701522827148438 0.39605712890625 0.870361328125
0.0106582641601563 0.0427093505859375 -0.2154541015625 0.7476806640625
0.0167388916015625 0.0470199584960937 -0.0169754028320312 0.112762451171875
0.0232467651367188 0.0378837585449219 0.31402587890625 -0.626708984375
0.0206699371337891 -0.0105018615722656 -0.26531982421875 -0.975341796875
-0.0231151580810547 -0.00600433349609375 -0.83551025390625 -0.23895263671875
-0.0243682861328125 0.0217933654785156 -0.500579833984375 0.470489501953125
-0.00780868530273438 0.0226612091064453 0.00378417968750002 0.497344970703125
-0.00715827941894531 0.0181369781494141 0.31829833984375 0.193359375
0.00253486633300781 -0.0147037506103516 0.3175048828125 -0.13763427734375
-0.00115776062011719 -0.0299701690673828 -0.288360595703125 0.14898681640625
0.00374221801757813 0.0149993896484375 -0.27484130859375 -0.160003662109375
0.0132226943969727 -0.00220870971679688 0.013946533203125 -0.4796142578125
-0.00503826141357422 0.0128011703491211 0.5223388671875 -0.446502685546875
-0.0445556640625 0.0265731811523438 0.78570556640625 0.26861572265625
-0.0411796569824219 0.00447845458984375 0.327880859375 0.911376953125
-0.0019378662109375 0.0588302612304688 -0.25323486328125 0.7279052734375
-0.00179290771484376 0.05645751953125 -0.000877380371093743 0.0855560302734375
0.0117073059082031 0.0499114990234375 0.27813720703125 -0.65557861328125
0.0189228057861328 0.00128555297851563 -0.34271240234375 -0.9365234375
-0.0113925933837891 -0.00218486785888672 -0.83831787109375 -0.1575927734375
-0.0127897262573242 0.0147514343261719 -0.450439453125 0.507293701171875
-0.00153732299804688 0.0121240615844727 0.0451965332031251 0.495452880859375
-0.00809478759765625 0.0110511779785156 0.3353271484375 0.177459716796875
-0.00275707244873047 -0.0173177719116211 0.325408935546875 -0.143707275390625
-0.00475502014160156 -0.0322265625 -0.2869873046875 0.14495849609375
0.00541114807128906 0.00469446182250977 -0.2581787109375 -0.173583984375
0.0196876525878906 -0.0157108306884766 0.05389404296875 -0.483184814453125
0.00857639312744141 0.00579118728637695 0.56927490234375 -0.40667724609375
-0.0358657836914062 0.0291938781738281 0.77227783203125 0.34442138671875
-0.041015625 0.012969970703125 0.25244140625 0.94622802734375
-0.0144004821777344 0.0665206909179688 -0.28851318359375 0.696044921875
-0.0113677978515625 0.0549430847167969 0.020599365234375 0.0540924072265625
0.00406265258789063 0.0532722473144531 0.2445068359375 -0.6845703125
0.0201339721679688 0.00797843933105469 -0.412109375 -0.895263671875
0.000997424125671387 -0.00128316879272461 -0.836669921875 -0.07733154296875
-0.00109696388244629 0.00421953201293945 -0.400390625 0.539337158203125
0.006805419921875 -0.000742435455322266 0.085601806640625 0.48748779296875
-0.00838327407836914 -0.000159740447998048 0.350677490234375 0.1600341796875
-0.00763702392578125 -0.0192203521728516 0.3287353515625 -0.15087890625
-0.00584220886230469 -0.0334873199462891 -0.28814697265625 0.139678955078125
0.00853443145751953 -0.00651884078979492 -0.24725341796875 -0.185302734375
0.0285224914550781 -0.0278663635253906 0.08721923828125 -0.480316162109375
0.0225772857666016 0.000272750854492188 0.60662841796875 -0.369384765625
-0.0255508422851563 0.0328750610351563 0.755615234375 0.40777587890625
-0.0405082702636719 0.0146827697753906 0.18829345703125 0.9661865234375
-0.0185508728027344 0.0616226196289063 -0.31268310546875 0.6649169921875
-0.0103721618652344 0.044891357421875 0.0427665710449219 0.0259742736816406
0.00208282470703125 0.0448379516601563 0.216064453125 -0.71112060546875
0.0204696655273438 0.00979804992675781 -0.46441650390625 -0.86126708984375
0.0115509033203125 -0.00133132934570312 -0.825927734375 -0.0162353515625001
0.00862979888916016 -0.00666189193725586 -0.354278564453125 0.561004638671875
0.0127019882202148 -0.0150337219238281 0.117279052734375 0.47711181640625
-0.00699520111083984 -0.011469841003418 0.3580322265625 0.142913818359375
-0.0108776092529297 -0.0176753997802734 0.326629638671875 -0.15997314453125
-0.00566482543945313 -0.0320796966552734 -0.294342041015625 0.13250732421875
0.0113544464111328 -0.0194168090820313 -0.243377685546875 -0.19342041015625
0.0362167358398438 -0.0396232604980469 0.106414794921875 -0.481536865234375
0.0370025634765625 -0.00337982177734375 0.6280517578125 -0.34735107421875
-0.0199642181396484 0.033935546875 0.7410888671875 0.446044921875
-0.0394172668457031 0.00887298583984375 0.144775390625 0.9736328125
-0.0155715942382813 0.0465736389160156 -0.32177734375 0.63677978515625
-0.000194549560546875 0.0262355804443359 0.0632514953613281 0.00218582153320313
0.00256919860839844 0.0289325714111328 0.20062255859375 -0.7327880859375
0.0216464996337891 0.00632286071777344 -0.49664306640625 -0.83966064453125
0.0224761962890625 -0.00303459167480469 -0.816650390625 0.0242919921875001
0.0178680419921875 -0.0171737670898438 -0.3251953125 0.5718994140625
0.0167293548583984 -0.0283031463623047 0.136077880859375 0.469757080078125
-0.00779342651367188 -0.0225009918212891 0.359710693359375 0.133087158203125
-0.0104856491088867 -0.0173730850219727 0.32135009765625 -0.167449951171875
-0.00196647644042968 -0.0313549041748047 -0.303131103515625 0.125396728515625
0.0164337158203125 -0.0277023315429688 -0.24658203125 -0.200286865234375
0.0423812866210938 -0.0481491088867188 0.114410400390625 -0.483917236328125
0.0456695556640625 -0.004608154296875 0.637451171875 -0.3375244140625
-0.0140399932861328 0.0339813232421875 0.73834228515625 0.46282958984375
-0.0361404418945313 -0.00383758544921875 0.13134765625 0.97125244140625
-0.00535964965820313 0.0217018127441406 -0.31884765625 0.6190185546875
0.0174236297607422 0.00229454040527344 0.0811843872070313 -0.0137939453125
0.0079498291015625 0.0065760612487793 0.19720458984375 -0.74920654296875
0.0201148986816406 -0.00194931030273438 -0.50555419921875 -0.83404541015625
0.0276508331298828 -0.00382804870605469 -0.81097412109375 0.0399780273437501
0.0232162475585937 -0.0227298736572266 -0.31427001953125 0.573486328125
0.0205192565917969 -0.038116455078125 0.137420654296875 0.465728759765625
-0.00634193420410156 -0.031402587890625 0.355377197265625 0.12811279296875
-0.00803947448730469 -0.0156641006469727 0.3118896484375 -0.173187255859375
0.0037384033203125 -0.0269355773925781 -0.31689453125 0.11920166015625
0.0186309814453125 -0.0332679748535156 -0.257614135742187 -0.204513549804688
0.0428390502929688 -0.0507392883300781 0.112091064453125 -0.4881591796875
0.0465240478515625 -0.00423812866210938 0.63812255859375 -0.33856201171875
-0.0140876770019531 0.030303955078125 0.74163818359375 0.46173095703125
-0.0316257476806641 -0.0257892608642578 0.13592529296875 0.96087646484375
0.014678955078125 -0.00978279113769531 -0.30731201171875 0.6058349609375
0.0460739135742188 -0.0276527404785156 0.0945053100585937 -0.0243988037109375
0.0171966552734375 -0.0258388519287109 0.198486328125 -0.75946044921875
0.0173282623291016 -0.0155010223388672 -0.50897216796875 -0.836669921875
0.0273246765136719 -0.00431442260742188 -0.8084716796875 0.0405273437500002
0.0254268646240234 -0.0235424041748047 -0.310546875 0.57476806640625
0.0226516723632812 -0.0431594848632813 0.131744384765625 0.465667724609375
-0.00510787963867187 -0.0360145568847656 0.34283447265625 0.126556396484375
-0.00326728820800781 -0.012028694152832 0.30145263671875 -0.1781005859375
0.00844764709472656 -0.0210971832275391 -0.32891845703125 0.115325927734375
0.019317626953125 -0.0351905822753906 -0.276535034179688 -0.199432373046875
0.0381507873535156 -0.0513381958007812 0.082427978515625 -0.49237060546875
0.0411415100097656 -0.00510406494140625 0.6124267578125 -0.37091064453125
-0.0184822082519531 0.0242671966552734 0.75958251953125 0.41473388671875
-0.0295944213867188 -0.0497779846191406 0.187255859375 0.9415283203125
0.0369682312011719 -0.0467796325683594 -0.2802734375 0.6165771484375
0.082275390625 -0.0597686767578125 0.0925445556640625 -0.0155487060546875
0.0309791564941406 -0.06097412109375 0.22412109375 -0.75421142578125
0.0138282775878906 -0.0369987487792969 -0.47332763671875 -0.86920166015625
0.0209865570068359 -0.00323486328125 -0.81707763671875 -0.00366210937499998
0.0251502990722656 -0.0193920135498047 -0.3441162109375 0.55755615234375
0.02313232421875 -0.0408706665039063 0.10736083984375 0.469146728515625
-0.00213623046875 -0.0381355285644531 0.329010009765625 0.1361083984375
0.00390911102294922 -0.00882911682128906 0.29254150390625 -0.178314208984375
0.00546646118164063 -0.0271835327148438 -0.294342041015625 0.155242919921875
0.00584602355957031 0.0218505859375 -0.299530029296875 -0.14044189453125
0.00854253768920898 0.0075531005859375 -0.034759521484375 -0.476898193359375
-0.0116920471191406 0.0196399688720703 0.470123291015625 -0.49420166015625
-0.0507621765136719 0.0278701782226562 0.79632568359375 0.1812744140625
-0.04193115234375 -0.00529098510742188 0.408935546875 0.8665771484375
0.0129737854003906 0.04296875 -0.20697021484375 0.75274658203125
0.0176315307617187 0.0480499267578125 -0.01324462890625 0.113601684570312
0.0235595703125 0.0380287170410156 0.30743408203125 -0.63238525390625
0.0211296081542969 -0.0115146636962891 -0.278564453125 -0.97320556640625
-0.0225143432617188 -0.00623893737792968 -0.84161376953125 -0.2293701171875
-0.0244312286376953 0.0230121612548828 -0.495941162109375 0.477813720703125
-0.00969886779785156 0.0222244262695312 0.00827026367187499 0.500579833984375
-0.00710105895996094 0.0185623168945313 0.320648193359375 0.18817138671875
0.000250816345214844 -0.015324592590332 0.319122314453125 -0.142730712890625
-0.000936508178710939 -0.0304851531982422 -0.28826904296875 0.152862548828125
0.00397014617919922 0.0150165557861328 -0.277328491210938 -0.1566162109375
0.011418342590332 -0.00298881530761719 0.00857543945312499 -0.4814453125
-0.00422286987304687 0.0131998062133789 0.5185546875 -0.455169677734375
-0.0450325012207031 0.0286865234375 0.79095458984375 0.25616455078125
-0.0408859252929688 0.00519180297851562 0.339599609375 0.90936279296875
-0.000576019287109381 0.0604667663574219 -0.2454833984375 0.7333984375
-0.00368881225585937 0.0566444396972656 -0.00126647949218751 0.0875473022460938
0.0115013122558594 0.0497627258300781 0.2711181640625 -0.65948486328125
0.0178718566894531 0.00129127502441406 -0.35430908203125 -0.93560791015625
-0.010986328125 -0.00207996368408203 -0.84246826171875 -0.14886474609375
-0.0132465362548828 0.0144786834716797 -0.44549560546875 0.513763427734375
-0.000685691833496094 0.0132894515991211 0.05224609375 0.4942626953125
-0.00754833221435547 0.0106687545776367 0.339752197265625 0.17059326171875
-0.00226593017578125 -0.0170745849609375 0.325103759765625 -0.1500244140625
-0.00480842590332031 -0.0326957702636719 -0.2867431640625 0.152099609375
0.00463199615478516 0.00517082214355469 -0.262313842773438 -0.170684814453125
0.0185375213623047 -0.0161514282226563 0.048675537109375 -0.48443603515625
0.00691843032836914 0.00596094131469727 0.56597900390625 -0.4156494140625
-0.0364952087402344 0.0293807983398438 0.77777099609375 0.33526611328125
-0.0404281616210938 0.01202392578125 0.26702880859375 0.94500732421875
-0.0144729614257812 0.0672683715820313 -0.28057861328125 0.7021484375
-0.0111808776855469 0.0557136535644531 0.0208473205566406 0.0545005798339844
0.00408172607421875 0.0527572631835938 0.23663330078125 -0.68792724609375
0.0197887420654297 0.00688934326171875 -0.4215087890625 -0.8946533203125
0.0011298656463623 -0.000584602355957031 -0.83953857421875 -0.0685424804687498
-0.000302314758300781 0.0050206184387207 -0.39300537109375 0.5447998046875
0.00701904296875 -0.00150489807128906 0.09326171875 0.4873046875
-0.00803947448730469 0.000135421752929688 0.354217529296875 0.154510498046875
-0.00944709777832032 -0.0186939239501953 0.32647705078125 -0.156158447265625
-0.00717926025390625 -0.0325107574462891 -0.28656005859375 0.142120361328125
0.00819921493530273 -0.00601673126220703 -0.249649047851563 -0.1842041015625
0.0276641845703125 -0.0282230377197266 0.0823974609375 -0.485992431640625
0.0234279632568359 0.000696182250976563 0.600341796875 -0.37890625
-0.0251655578613281 0.0328655242919922 0.76312255859375 0.39697265625
-0.0411911010742188 0.0147857666015625 0.19854736328125 0.9666748046875
-0.0172691345214844 0.0621376037597656 -0.30462646484375 0.67120361328125
-0.0113525390625 0.0441398620605469 0.0420951843261719 0.02630615234375
0.002471923828125 0.0471305847167969 0.20916748046875 -0.71734619140625
0.0199527740478516 0.0103397369384766 -0.4761962890625 -0.8604736328125
0.0115032196044922 -0.00210094451904297 -0.8258056640625 -0.00738525390625009
0.00790214538574219 -0.00702476501464844 -0.3482666015625 0.56463623046875
0.0125675201416016 -0.0165157318115234 0.124908447265625 0.4752197265625
-0.00897121429443359 -0.0103006362915039 0.35931396484375 0.13812255859375
-0.00906944274902344 -0.0180473327636719 0.325042724609375 -0.164764404296875
-0.00668144226074219 -0.0314369201660156 -0.29266357421875 0.1385498046875
0.0142154693603516 -0.0192489624023438 -0.247604370117187 -0.19140625
0.0341072082519531 -0.0413169860839844 0.101104736328125 -0.485321044921875
0.0346660614013672 -0.002960205078125 0.621826171875 -0.35711669921875
-0.0189971923828125 0.0328178405761719 0.7486572265625 0.43829345703125
-0.0415725708007813 0.00763320922851563 0.158203125 0.9759521484375
-0.0154228210449219 0.0473480224609375 -0.31494140625 0.64453125
-0.000848770141601565 0.0268001556396484 0.0630989074707031 0.00402069091796875
0.00489234924316407 0.0277557373046875 0.1915283203125 -0.73712158203125
0.0211391448974609 0.00629997253417969 -0.50823974609375 -0.83819580078125
0.0220565795898438 -0.00264930725097656 -0.8187255859375 0.0340576171875001
0.0172548294067383 -0.016911506652832 -0.3192138671875 0.5771484375
0.0159168243408203 -0.0283641815185547 0.13885498046875 0.468170166015625
-0.00934791564941406 -0.0221233367919922 0.360076904296875 0.127349853515625
-0.01416015625 -0.0182037353515625 0.31866455078125 -0.17425537109375
-0.00321388244628906 -0.0327987670898438 -0.30108642578125 0.129791259765625
0.0170516967773438 -0.0280818939208984 -0.2510986328125 -0.196578979492188
0.042144775390625 -0.0480461120605469 0.10858154296875 -0.487060546875
0.0449981689453125 -0.00445938110351563 0.633544921875 -0.34759521484375
-0.012603759765625 0.0360260009765625 0.74407958984375 0.4534912109375
-0.0361900329589844 -0.00410842895507812 0.143798828125 0.97454833984375
-0.00435256958007812 0.0221328735351563 -0.31414794921875 0.626953125
0.0171871185302734 0.00350570678710938 0.0817794799804688 -0.0146484375
0.00687551498413086 0.00676536560058594 0.1903076171875 -0.75177001953125
0.0206661224365234 -0.00107765197753906 -0.51873779296875 -0.8284912109375
0.02783203125 -0.00342369079589844 -0.81243896484375 0.0516967773437499
0.0221462249755859 -0.0225009918212891 -0.30804443359375 0.57977294921875
0.01702880859375 -0.038116455078125 0.14263916015625 0.46636962890625
-0.00784492492675781 -0.0306472778320313 0.356536865234375 0.121337890625
-0.00756359100341797 -0.0145664215087891 0.310821533203125 -0.180419921875
0.0016632080078125 -0.0273799896240234 -0.316192626953125 0.122955322265625
0.0181522369384766 -0.0333595275878906 -0.25946044921875 -0.199417114257813
0.0400886535644531 -0.0517463684082031 0.10748291015625 -0.491607666015625
0.0469627380371094 -0.00587844848632812 0.63494873046875 -0.34820556640625
-0.0135116577148438 0.0312099456787109 0.7491455078125 0.45526123046875
-0.0313796997070313 -0.0234546661376953 0.14788818359375 0.96563720703125
0.0147380828857422 -0.0100908279418945 -0.29949951171875 0.6116943359375
0.0435104370117188 -0.027069091796875 0.0937881469726563 -0.0246658325195312
0.0146312713623047 -0.0260639190673828 0.1915283203125 -0.76361083984375
0.0183238983154297 -0.0157451629638672 -0.52056884765625 -0.83172607421875
0.0248985290527344 -0.004150390625 -0.81134033203125 0.0504150390625
0.0245380401611328 -0.0253982543945313 -0.30340576171875 0.5777587890625
0.0217666625976563 -0.0451927185058594 0.1427001953125 0.464569091796875
-0.00449752807617187 -0.0348281860351563 0.347320556640625 0.12164306640625
-0.00279712677001953 -0.0124292373657227 0.301300048828125 -0.18267822265625
0.0100059509277344 -0.0214443206787109 -0.327667236328125 0.122283935546875
0.0175743103027344 -0.0358009338378906 -0.279876708984375 -0.196044921875
0.0366439819335938 -0.0514488220214844 0.079681396484375 -0.493927001953125
0.0414505004882813 -0.00677490234375 0.6114501953125 -0.37860107421875
-0.0184116363525391 0.0258197784423828 0.7685546875 0.4049072265625
-0.0305213928222656 -0.0485687255859375 0.198486328125 0.9407958984375
0.0380783081054688 -0.0471534729003906 -0.2735595703125 0.6199951171875
0.0781936645507813 -0.0603408813476563 0.0912322998046875 -0.016387939453125
0.032623291015625 -0.0608978271484375 0.21417236328125 -0.75775146484375
0.0140838623046875 -0.0364265441894531 -0.4842529296875 -0.86712646484375
0.0205268859863281 -0.00367927551269531 -0.8192138671875 0.005126953125
0.0255069732666016 -0.0205001831054687 -0.336181640625 0.56390380859375
0.0210838317871094 -0.0421409606933594 0.113525390625 0.4705810546875
-0.00207138061523438 -0.0385704040527344 0.3314208984375 0.133575439453125
0.00293540954589844 -0.0100126266479492 0.291595458984375 -0.181976318359375
0.00554084777832031 -0.0253410339355469 -0.294219970703125 0.160919189453125
0.00475120544433594 0.0216617584228516 -0.30242919921875 -0.1346435546875
0.00760364532470703 0.00836181640625 -0.0421142578125 -0.477203369140625
-0.0140857696533203 0.0230979919433594 0.463470458984375 -0.500457763671875
-0.0528526306152344 0.0291595458984375 0.79986572265625 0.1719970703125
-0.0415191650390625 -0.00327682495117187 0.419677734375 0.86395263671875
0.0114479064941406 0.0415840148925781 -0.19842529296875 0.75665283203125
0.0164222717285156 0.0466804504394531 -0.0142135620117188 0.114311218261719
0.0260276794433594 0.0361862182617188 0.2989501953125 -0.63555908203125
0.0194721221923828 -0.0112705230712891 -0.287841796875 -0.97119140625
-0.0215339660644531 -0.00605583190917969 -0.845947265625 -0.2215576171875
-0.0251331329345703 0.0228252410888672 -0.489471435546875 0.484619140625
-0.00945854187011718 0.0227432250976563 0.015533447265625 0.499603271484375
-0.00695610046386718 0.019866943359375 0.32440185546875 0.18414306640625
0.000311851501464844 -0.0147485733032227 0.315338134765625 -0.14813232421875
-0.000993728637695313 -0.0293445587158203 -0.285736083984375 0.15771484375
0.00528240203857422 0.0165328979492188 -0.280838012695313 -0.151992797851563
0.0127143859863281 -0.00155830383300781 0.0018310546875 -0.482696533203125
-0.00462436676025391 0.0121498107910156 0.51324462890625 -0.46453857421875
-0.0441474914550781 0.0296592712402344 0.79644775390625 0.25042724609375
-0.0405197143554688 0.00608062744140624 0.3529052734375 0.90960693359375
0.000778198242187505 0.0602569580078125 -0.23443603515625 0.73736572265625
0.000213623046875002 0.0555992126464844 0.000938415527343757 0.0872116088867188
0.0109138488769531 0.0510292053222656 0.26220703125 -0.66375732421875
0.0195369720458984 -0.000148773193359375 -0.3660888671875 -0.93304443359375
-0.0129451751708984 -0.00275993347167969 -0.8480224609375 -0.14068603515625
-0.0137300491333008 0.0173759460449219 -0.440673828125 0.522613525390625
-0.00145816802978516 0.0145053863525391 0.0594787597656251 0.495361328125
-0.00782394409179687 0.0108623504638672 0.343536376953125 0.16650390625
-0.00585365295410156 -0.0166149139404297 0.32269287109375 -0.155029296875
-0.00428962707519531 -0.0309181213378906 -0.284454345703125 0.15472412109375
0.00567770004272461 0.00567388534545898 -0.2647705078125 -0.164962768554688
0.0173130035400391 -0.0150852203369141 0.04083251953125 -0.4873046875
0.00739192962646484 0.00437021255493164 0.562042236328125 -0.423431396484375
-0.0348854064941406 0.0304756164550781 0.78546142578125 0.3267822265625
-0.0412330627441406 0.0149917602539063 0.2802734375 0.944091796875
-0.0105514526367187 0.0674896240234375 -0.27349853515625 0.70745849609375
-0.0109634399414063 0.0554618835449219 0.0213279724121094 0.0569076538085938
0.00505447387695312 0.0528984069824219 0.2281494140625 -0.6927490234375
0.0201396942138672 0.00882720947265625 -0.4342041015625 -0.88873291015625
0.000245332717895508 -0.00113284587860107 -0.8436279296875 -0.05914306640625
-0.00171422958374023 0.00516414642333984 -0.386993408203125 0.55126953125
0.00687694549560547 -0.000609397888183594 0.0982055664062499 0.487213134765625
-0.00868463516235352 0.00163698196411133 0.3580322265625 0.148101806640625
-0.0105876922607422 -0.0172491073608398 0.325439453125 -0.161346435546875
-0.00774574279785156 -0.0323638916015625 -0.286285400390625 0.148101806640625
0.00838613510131836 -0.00570154190063477 -0.25384521484375 -0.1768798828125
0.0246124267578125 -0.0310916900634766 0.07366943359375 -0.486083984375
0.0224990844726563 0.000116348266601563 0.59674072265625 -0.3873291015625
-0.0237808227539062 0.0346908569335938 0.7708740234375 0.38861083984375
-0.0394096374511719 0.0152969360351562 0.214111328125 0.96551513671875
-0.0163497924804688 0.0630912780761719 -0.2962646484375 0.67584228515625
-0.0116958618164062 0.0447845458984375 0.0434989929199219 0.0255012512207031
0.00337982177734375 0.0428428649902344 0.2000732421875 -0.71722412109375
0.0199260711669922 0.0111331939697266 -0.48675537109375 -0.8553466796875
0.013371467590332 -0.00292682647705078 -0.828369140625 0.00512695312499993
0.00843238830566406 -0.0102787017822266 -0.34002685546875 0.57098388671875
0.0128259658813477 -0.0142278671264648 0.13031005859375 0.47393798828125
-0.00834465026855469 -0.0106134414672852 0.364593505859375 0.134124755859375
-0.0112285614013672 -0.0197315216064453 0.324859619140625 -0.171478271484375
-0.00501632690429688 -0.0307903289794922 -0.291656494140625 0.142730712890625
0.01263427734375 -0.0169858932495117 -0.24957275390625 -0.187088012695313
0.0343437194824219 -0.0418167114257813 0.0946044921875 -0.486114501953125
0.0338382720947266 -0.00449752807617188 0.6187744140625 -0.36749267578125
-0.0192680358886719 0.0357437133789063 0.75445556640625 0.43072509765625
-0.0385055541992188 0.011383056640625 0.170166015625 0.9749755859375
-0.0137672424316406 0.0464210510253906 -0.309814453125 0.65087890625
-0.00189208984375 0.0263042449951172 0.0632820129394531 0.000812530517578127
0.00438308715820312 0.0283126831054688 0.18145751953125 -0.74114990234375
0.0218448638916016 0.00699996948242188 -0.51739501953125 -0.8310546875
0.0224437713623047 -0.00547599792480469 -0.819580078125 0.0440063476562498
0.0165081024169922 -0.0178699493408203 -0.31219482421875 0.58355712890625
0.0163478851318359 -0.0271282196044922 0.1451416015625 0.468292236328125
-0.010040283203125 -0.0222587585449219 0.366119384765625 0.122161865234375
-0.0115375518798828 -0.0176410675048828 0.319122314453125 -0.17840576171875
-0.00255203247070313 -0.0290794372558594 -0.301422119140625 0.1353759765625
0.01531982421875 -0.0268402099609375 -0.252456665039063 -0.190673828125
0.0404205322265625 -0.0473899841308594 0.10205078125 -0.489044189453125
0.0427589416503906 -0.0053253173828125 0.63165283203125 -0.35748291015625
-0.0145130157470703 0.0347118377685547 0.7525634765625 0.4456787109375
-0.0364303588867188 -0.00221633911132812 0.15545654296875 0.97491455078125
-0.004638671875 0.0235404968261719 -0.3043212890625 0.6312255859375
0.0162544250488281 0.00106048583984375 0.0810089111328125 -0.0128021240234375
0.00827646255493164 0.00514125823974609 0.17962646484375 -0.75701904296875
0.021209716796875 -0.00282478332519531 -0.52947998046875 -0.8248291015625
0.0275192260742188 -0.00497817993164063 -0.8150634765625 0.0598144531249999
0.0245227813720703 -0.0230388641357422 -0.300537109375 0.58636474609375
0.020355224609375 -0.0392341613769531 0.14813232421875 0.46356201171875
-0.00818252563476562 -0.0296783447265625 0.359832763671875 0.11767578125
-0.00956153869628906 -0.0157155990600586 0.307098388671875 -0.183380126953125
0.00372123718261719 -0.0259761810302734 -0.31622314453125 0.130157470703125
0.0194435119628906 -0.0340366363525391 -0.263900756835938 -0.196578979492188
0.0393714904785156 -0.0530433654785156 0.099578857421875 -0.4949951171875
0.0453300476074219 -0.00432968139648438 0.6317138671875 -0.35968017578125
-0.0131740570068359 0.0328941345214844 0.75555419921875 0.4429931640625
-0.0302410125732422 -0.0240974426269531 0.15899658203125 0.9658203125
0.0150518417358398 -0.00938129425048828 -0.2919921875 0.6153564453125
0.0433769226074219 -0.0297050476074219 0.095123291015625 -0.025115966796875
0.0154266357421875 -0.0247402191162109 0.1796875 -0.766845703125
0.0159492492675781 -0.014979362487793 -0.5325927734375 -0.82666015625
0.0265960693359375 -0.00673294067382813 -0.8115234375 0.06024169921875
0.0242233276367188 -0.0246562957763672 -0.297607421875 0.58441162109375
0.0177040100097656 -0.0428276062011719 0.146148681640625 0.463775634765625
-0.00610542297363281 -0.0348453521728516 0.35076904296875 0.118743896484375
-0.00452136993408203 -0.0133724212646484 0.2962646484375 -0.187225341796875
0.00779151916503906 -0.0227394104003906 -0.327606201171875 0.12640380859375
0.0194454193115234 -0.0350265502929688 -0.283966064453125 -0.190887451171875
0.0369987487792969 -0.0508995056152344 0.069976806640625 -0.498626708984375
0.0390243530273438 -0.00683212280273437 0.6058349609375 -0.39141845703125
-0.0177707672119141 0.0248622894287109 0.77508544921875 0.39630126953125
-0.0298004150390625 -0.0471229553222656 0.211181640625 0.94073486328125
0.0378456115722656 -0.0488853454589844 -0.267333984375 0.62408447265625
0.0782623291015625 -0.0622177124023438 0.0915908813476563 -0.0158920288085938
0.0299148559570312 -0.0621910095214844 0.20928955078125 -0.7611083984375
0.0127067565917969 -0.0357742309570313 -0.50030517578125 -0.86163330078125
0.0214710235595703 -0.00458908081054687 -0.82080078125 0.01495361328125
0.0237884521484375 -0.0198650360107422 -0.33111572265625 0.56939697265625
0.0201644897460937 -0.0426559448242188 0.121673583984375 0.4697265625
-0.00381851196289063 -0.0350246429443359 0.33551025390625 0.126861572265625
0.0027918815612793 -0.00741100311279297 0.28765869140625 -0.187835693359375
0.00611305236816406 -0.0246963500976563 -0.290863037109375 0.164459228515625
0.00574684143066406 0.0230770111083984 -0.303863525390625 -0.1298828125
0.00812625885009766 0.00797939300537109 -0.046722412109375 -0.477508544921875
-0.0134487152099609 0.0222053527832031 0.45684814453125 -0.505035400390625
-0.0505638122558594 0.030029296875 0.802001953125 0.1593017578125
-0.0422248840332031 -0.00346374511718751 0.4324951171875 0.86016845703125
0.0157012939453125 0.0430564880371094 -0.18792724609375 0.76177978515625
0.0165443420410156 0.0455245971679688 -0.0112762451171875 0.115333557128906
0.0250663757324219 0.0378646850585938 0.29290771484375 -0.6373291015625
0.0188541412353516 -0.0124378204345703 -0.3006591796875 -0.96722412109375
-0.0230388641357422 -0.00574302673339843 -0.8475341796875 -0.21087646484375
-0.0248908996582031 0.0231285095214844 -0.48443603515625 0.49169921875
-0.00887107849121093 0.0240650177001953 0.0216064453125 0.50006103515625
-0.0061492919921875 0.0200309753417969 0.328704833984375 0.178619384765625
0.000196456909179688 -0.0160140991210938 0.3118896484375 -0.153411865234375
-0.00135993957519532 -0.0283889770507813 -0.284759521484375 0.162841796875
0.00403308868408203 0.0162372589111328 -0.281112670898438 -0.147415161132812
0.0105676651000977 -0.00317955017089844 -0.00628662109375 -0.4832763671875
-0.0052642822265625 0.0142450332641602 0.507537841796875 -0.46929931640625
-0.0430526733398438 0.0308647155761719 0.800537109375 0.23675537109375
-0.0405731201171875 0.007476806640625 0.36468505859375 0.905029296875
0.00144195556640625 0.0604133605957031 -0.22509765625 0.74078369140625
-0.00177001953125 0.0565299987792969 0.00237274169921875 0.0871124267578125
0.0138206481933594 0.0499076843261719 0.25616455078125 -0.665283203125
0.0192337036132813 -0.000101089477539063 -0.3780517578125 -0.92596435546875
-0.0128173828125 -0.00203704833984375 -0.84912109375 -0.128662109375
-0.0127334594726562 0.0154027938842773 -0.43353271484375 0.527069091796875
-0.000594139099121093 0.0129919052124023 0.064056396484375 0.493682861328125
-0.00826835632324219 0.0109596252441406 0.346038818359375 0.160858154296875
-0.00574302673339844 -0.0170106887817383 0.3193359375 -0.15887451171875
-0.0045928955078125 -0.0300483703613281 -0.282806396484375 0.159942626953125
0.00616598129272461 0.00670671463012695 -0.26495361328125 -0.162857055664063
0.0177726745605469 -0.0155563354492188 0.034332275390625 -0.485565185546875
0.00739049911499024 0.00446462631225586 0.554840087890625 -0.43115234375
-0.0335941314697266 0.0319194793701172 0.789306640625 0.31243896484375
-0.0405502319335938 0.0169830322265625 0.28961181640625 0.9422607421875
-0.0100059509277344 0.0686225891113281 -0.26336669921875 0.7120361328125
-0.00958251953125 0.0560226440429687 0.0222206115722656 0.0553092956542969
0.00529098510742187 0.0526885986328125 0.22015380859375 -0.693115234375
0.0200881958007813 0.00724029541015625 -0.4476318359375 -0.884765625
0.00159180164337158 -0.000283241271972656 -0.84173583984375 -0.0485229492187498
-0.00235176086425781 0.00389981269836426 -0.378997802734375 0.556060791015625
0.00644636154174805 0.000284194946289063 0.105255126953125 0.484619140625
-0.00843477249145508 0.00149393081665039 0.359344482421875 0.14337158203125
-0.0101470947265625 -0.0193138122558594 0.321929931640625 -0.1658935546875
-0.00646209716796875 -0.0311813354492188 -0.284393310546875 0.15533447265625
0.00862312316894531 -0.00450229644775391 -0.254837036132813 -0.17498779296875
0.0248241424560547 -0.0303211212158203 0.0676269531250001 -0.487884521484375
0.0200557708740234 -0.00216484069824219 0.59033203125 -0.396240234375
-0.0260906219482422 0.0342979431152344 0.775146484375 0.37689208984375
-0.0394668579101563 0.0181808471679687 0.22515869140625 0.9644775390625
-0.015167236328125 0.0635032653808594 -0.28778076171875 0.6800537109375
-0.0117568969726563 0.0455131530761719 0.0447845458984375 0.0255889892578125
0.00461196899414063 0.045257568359375 0.19219970703125 -0.7196044921875
0.0211944580078125 0.00860786437988281 -0.4971923828125 -0.84661865234375
0.0129032135009766 -0.00275802612304688 -0.82806396484375 0.0145874023437499
0.0100603103637695 -0.00831699371337891 -0.33453369140625 0.57415771484375
0.0125617980957031 -0.013371467590332 0.1353759765625 0.473724365234375
-0.00814056396484375 -0.0100717544555664 0.36627197265625 0.12738037109375
-0.0108585357666016 -0.0206432342529297 0.321136474609375 -0.175048828125
-0.00541496276855468 -0.0313320159912109 -0.288177490234375 0.14794921875
0.0120964050292969 -0.0190067291259766 -0.25152587890625 -0.184097290039063
0.0313644409179688 -0.04052734375 0.0865478515625 -0.488983154296875
0.0347061157226563 -0.00591850280761719 0.6143798828125 -0.37188720703125
-0.0171241760253906 0.0360908508300781 0.76141357421875 0.420654296875
-0.0376052856445313 0.00992202758789063 0.18243408203125 0.97296142578125
-0.0133781433105469 0.0457878112792969 -0.29925537109375 0.65460205078125
-0.00119972229003906 0.0252513885498047 0.0636177062988281 0.00250244140625
0.00326347351074218 0.0281696319580078 0.17462158203125 -0.74267578125
0.0201129913330078 0.00339698791503906 -0.52728271484375 -0.824462890625
0.0226039886474609 -0.00305747985839844 -0.818359375 0.05303955078125
0.0173568725585938 -0.0177650451660156 -0.30438232421875 0.588623046875
0.0164985656738281 -0.0284900665283203 0.152801513671875 0.4654541015625
-0.00959587097167969 -0.0213813781738281 0.36572265625 0.115264892578125
-0.0125207901000977 -0.0169782638549805 0.31414794921875 -0.183349609375
-0.00219917297363282 -0.029449462890625 -0.29974365234375 0.14141845703125
0.016510009765625 -0.02569580078125 -0.255828857421875 -0.189956665039062
0.0378036499023438 -0.0497856140136719 0.093719482421875 -0.493621826171875
0.0436058044433594 -0.00621414184570312 0.6260986328125 -0.3642578125
-0.0122299194335937 0.0362586975097656 0.758544921875 0.43682861328125
-0.0364227294921875 -0.00108718872070313 0.1683349609375 0.97174072265625
-0.00392341613769531 0.0218544006347656 -0.29742431640625 0.6334228515625
0.0176868438720703 -2.86102294921875E-05 0.080322265625 -0.014251708984375
0.00641059875488281 0.00660324096679687 0.16796875 -0.75616455078125
0.0205097198486328 -0.00427818298339844 -0.5404052734375 -0.81573486328125
0.0283641815185547 -0.00681495666503906 -0.81304931640625 0.0695800781249999
0.0222091674804688 -0.0239276885986328 -0.2930908203125 0.58837890625
0.018280029296875 -0.0396537780761719 0.156768798828125 0.46160888671875
-0.00908279418945313 -0.0307197570800781 0.361907958984375 0.112457275390625
-0.00827598571777343 -0.0158271789550781 0.306396484375 -0.1873779296875
0.0038299560546875 -0.0260181427001953 -0.313018798828125 0.134979248046875
0.0176525115966797 -0.033050537109375 -0.2662353515625 -0.191940307617188
0.0402183532714844 -0.0542030334472656 0.092681884765625 -0.496063232421875
0.0447959899902344 -0.0079345703125 0.62640380859375 -0.366455078125
-0.0124130249023437 0.0311470031738281 0.76263427734375 0.43359375
-0.0317401885986328 -0.0231895446777344 0.1728515625 0.9644775390625
0.0140867233276367 -0.010441780090332 -0.28631591796875 0.62225341796875
0.0426101684570312 -0.0295944213867188 0.0932693481445313 -0.0262832641601563
0.0160236358642578 -0.0255184173583984 0.17108154296875 -0.7698974609375
0.0170202255249023 -0.0172109603881836 -0.54266357421875 -0.82098388671875
0.0247478485107422 -0.00490951538085938 -0.81085205078125 0.072998046875
0.0225830078125 -0.0258960723876953 -0.28955078125 0.58837890625
0.0181236267089844 -0.0428352355957031 0.153533935546875 0.46014404296875
-0.00579452514648437 -0.0344676971435547 0.350860595703125 0.112060546875
-0.00351715087890625 -0.0135269165039062 0.29351806640625 -0.192230224609375
0.00852012634277344 -0.0200538635253906 -0.326019287109375 0.133026123046875
0.0179080963134766 -0.0344963073730469 -0.2843017578125 -0.18780517578125
0.0346145629882813 -0.0533638000488281 0.06488037109375 -0.4998779296875
0.0407638549804688 -0.005828857421875 0.6004638671875 -0.3992919921875
-0.016387939453125 0.0246143341064453 0.77984619140625 0.38665771484375
-0.0293655395507812 -0.0466079711914063 0.223388671875 0.9368896484375
0.0363845825195313 -0.04742431640625 -0.2567138671875 0.63037109375
0.0768661499023438 -0.0634689331054688 0.0914459228515625 -0.0181808471679688
0.0276527404785156 -0.0631370544433594 0.198974609375 -0.7647705078125
0.0123863220214844 -0.0381317138671875 -0.50726318359375 -0.85394287109375
0.0205078125 -0.00563621520996094 -0.81927490234375 0.025146484375
0.0235919952392578 -0.0203742980957031 -0.32177734375 0.57562255859375
0.0196075439453125 -0.0426025390625 0.126068115234375 0.4678955078125
-0.00342178344726563 -0.0368118286132813 0.337677001953125 0.121063232421875
0.00345420837402344 -0.00911235809326172 0.284393310546875 -0.192962646484375
0.00470924377441406 -0.0245037078857422 -0.28851318359375 0.16851806640625
0.00553131103515625 0.0216999053955078 -0.305267333984375 -0.12548828125
0.00556039810180664 0.00841760635375977 -0.052703857421875 -0.477264404296875
-0.0128021240234375 0.0236721038818359 0.4473876953125 -0.510040283203125
-0.0483779907226563 0.0318336486816406 0.80523681640625 0.14935302734375
-0.0400657653808594 -0.00255966186523438 0.43963623046875 0.85211181640625
0.0136985778808594 0.0430488586425781 -0.176513671875 0.76214599609375
0.0174064636230469 0.045562744140625 -0.009490966796875 0.114242553710937
0.0251922607421875 0.0370864868164063 0.2823486328125 -0.63824462890625
0.0185890197753906 -0.0126495361328125 -0.3125 -0.95892333984375
-0.0235443115234375 -0.00573539733886719 -0.84722900390625 -0.2020263671875
-0.0244178771972656 0.02398681640625 -0.479034423828125 0.496246337890625
-0.00803947448730469 0.0227565765380859 0.027679443359375 0.499481201171875
-0.00949859619140625 0.0195503234863281 0.328277587890625 0.171905517578125
-9.44137573242199E-05 -0.0166664123535156 0.30950927734375 -0.156982421875
-0.00139999389648437 -0.0268440246582031 -0.282196044921875 0.170257568359375
0.00582599639892578 0.0165843963623047 -0.2841796875 -0.1444091796875
0.0109653472900391 -0.00394344329833984 -0.014495849609375 -0.47979736328125
-0.00616931915283203 0.0124139785766602 0.49853515625 -0.47705078125
-0.0432014465332031 0.030792236328125 0.80291748046875 0.228759765625
-0.0364036560058594 0.009124755859375 0.37530517578125 0.8984375
0.00233840942382813 0.05963134765625 -0.215576171875 0.741943359375
-0.00115966796875 0.0564651489257813 0.00194549560546875 0.088043212890625
0.0136375427246094 0.0504074096679688 0.24627685546875 -0.6683349609375
0.0184822082519531 0.000286102294921875 -0.3858642578125 -0.91937255859375
-0.0115871429443359 -0.00197887420654297 -0.84771728515625 -0.1180419921875
-0.0135622024536133 0.0124073028564453 -0.424072265625 0.533538818359375
-0.000238418579101561 0.0133676528930664 0.069305419921875 0.49224853515625
-0.00769805908203125 0.0127639770507813 0.346710205078125 0.159912109375
-0.00585651397705078 -0.016972541809082 0.314239501953125 -0.161529541015625
-0.00464439392089844 -0.0295200347900391 -0.279388427734375 0.163558959960938
0.00633001327514648 0.00590181350708008 -0.267181396484375 -0.157485961914063
0.015355110168457 -0.016301155090332 0.028533935546875 -0.48760986328125
0.00575494766235352 0.00459718704223633 0.549591064453125 -0.437744140625
-0.0328865051269531 0.0315933227539063 0.7904052734375 0.302734375
-0.0382766723632813 0.0218696594238281 0.30279541015625 0.93658447265625
-0.00886917114257813 0.067230224609375 -0.25494384765625 0.7135009765625
-0.011138916015625 0.0564041137695313 0.0229606628417969 0.0547409057617188
0.00537109375 0.0535469055175781 0.2110595703125 -0.69415283203125
0.0188407897949219 0.00617027282714844 -0.45721435546875 -0.8770751953125
-0.000162005424499512 0.000925302505493164 -0.8397216796875 -0.0383300781249999
-0.00240802764892578 0.00708484649658203 -0.372711181640625 0.56024169921875
0.00715303421020508 0.001068115234375 0.10980224609375 0.482269287109375
-0.00809097290039063 0.00269365310668945 0.36041259765625 0.137237548828125
-0.012359619140625 -0.0190467834472656 0.319488525390625 -0.1732177734375
-0.00638389587402344 -0.0325145721435547 -0.2801513671875 0.158905029296875
0.00897979736328125 -0.00515270233154297 -0.259033203125 -0.167694091796875
0.0234737396240234 -0.0274448394775391 0.061492919921875 -0.491058349609375
0.0212135314941406 -0.00254440307617188 0.58587646484375 -0.40423583984375
-0.0237274169921875 0.0366859436035156 0.77972412109375 0.36566162109375
-0.0377388000488281 0.0192070007324219 0.23455810546875 0.96209716796875
-0.0137825012207031 0.0625877380371094 -0.28076171875 0.681884765625
-0.00999069213867188 0.0428504943847656 0.0430335998535156 0.0257720947265625
0.00395584106445312 0.0449066162109375 0.1826171875 -0.719970703125
0.0202121734619141 0.00767898559570313 -0.50762939453125 -0.84149169921875
0.0134973526000977 -0.00375175476074219 -0.8275146484375 0.025146484375
0.00963020324707031 -0.00883579254150391 -0.32696533203125 0.57867431640625
0.0122032165527344 -0.0144138336181641 0.142059326171875 0.470123291015625
-0.00869464874267578 -0.00955581665039063 0.367279052734375 0.121246337890625
-0.0123119354248047 -0.0184192657470703 0.315093994140625 -0.180389404296875
-0.00596237182617187 -0.028778076171875 -0.286468505859375 0.153350830078125
0.0129919052124023 -0.0168008804321289 -0.253646850585938 -0.180267333984375
0.0319023132324219 -0.0426216125488281 0.07952880859375 -0.490814208984375
0.0330295562744141 -0.00443077087402344 0.6065673828125 -0.382080078125
-0.0145378112792969 0.0361366271972656 0.76519775390625 0.40679931640625
-0.0376815795898437 0.0119857788085938 0.19451904296875 0.97052001953125
-0.013336181640625 0.0453376770019531 -0.289794921875 0.65625
-0.00240898132324219 0.0233325958251953 0.0631256103515625 0.00265121459960938
0.00304031372070313 0.0278148651123047 0.16717529296875 -0.74371337890625
0.0206108093261719 0.00290107727050781 -0.53704833984375 -0.8170166015625
0.0241222381591797 -0.00288963317871094 -0.81329345703125 0.0612182617187501
0.0152406692504883 -0.015869140625 -0.29400634765625 0.59112548828125
0.0165233612060547 -0.0270614624023438 0.1588134765625 0.46270751953125
-0.0109481811523438 -0.0214023590087891 0.369232177734375 0.110809326171875
-0.0125694274902344 -0.0187339782714844 0.3106689453125 -0.1876220703125
-0.002227783203125 -0.0303993225097656 -0.297393798828125 0.144439697265625
0.0170497894287109 -0.0266628265380859 -0.256668090820313 -0.181854248046875
0.0348052978515625 -0.0474662780761719 0.086151123046875 -0.492431640625
0.0435066223144531 -0.0078582763671875 0.61932373046875 -0.37225341796875
-0.0110359191894531 0.038177490234375 0.76434326171875 0.42333984375
-0.0328540802001953 0.000190734863281248 0.17987060546875 0.96978759765625
-0.00194168090820312 0.0230121612548828 -0.290283203125 0.63525390625
0.0150890350341797 0.000950813293457031 0.0791778564453125 -0.0153427124023438
0.00600910186767578 0.00542497634887695 0.1605224609375 -0.7581787109375
0.0176200866699219 -0.00430870056152344 -0.546875 -0.8065185546875
0.0266609191894531 -0.00562477111816406 -0.8089599609375 0.0800170898437501
0.0223445892333984 -0.0262870788574219 -0.28692626953125 0.590087890625
0.0171470642089844 -0.0382194519042969 0.161468505859375 0.457489013671875
-0.00823020935058594 -0.0292320251464844 0.365478515625 0.104705810546875
-0.00971412658691406 -0.0162372589111328 0.299285888671875 -0.192657470703125
0.00560569763183594 -0.0250892639160156 -0.311065673828125 0.140594482421875
0.0169715881347656 -0.0326118469238281 -0.271194458007812 -0.18804931640625
0.0381622314453125 -0.0526885986328125 0.084197998046875 -0.495941162109375
0.0457992553710938 -0.00634765625 0.6195068359375 -0.37506103515625
-0.0105800628662109 0.0326156616210938 0.76776123046875 0.42340087890625
-0.03265380859375 -0.0196037292480469 0.18402099609375 0.9600830078125
0.0161676406860352 -0.00758075714111328 -0.27667236328125 0.62481689453125
0.0420379638671875 -0.0300216674804688 0.0915145874023438 -0.0257492065429688
0.0150928497314453 -0.0267353057861328 0.16180419921875 -0.7701416015625
0.0173225402832031 -0.0188770294189453 -0.5504150390625 -0.8128662109375
0.0272121429443359 -0.00570106506347656 -0.80828857421875 0.0838012695312498
0.0253105163574219 -0.0244121551513672 -0.282470703125 0.59234619140625
0.0194854736328125 -0.0414237976074219 0.15850830078125 0.45880126953125
-0.00819778442382813 -0.034149169921875 0.35235595703125 0.1038818359375
-0.00466537475585938 -0.0125665664672852 0.29302978515625 -0.1954345703125
0.0128345489501953 -0.0213088989257813 -0.323150634765625 0.13653564453125
0.0206260681152344 -0.0316295623779297 -0.28759765625 -0.181671142578125
0.032470703125 -0.0508766174316406 0.056488037109375 -0.500701904296875
0.0387954711914063 -0.009185791015625 0.59332275390625 -0.40576171875
-0.0155773162841797 0.0252933502197266 0.78485107421875 0.3743896484375
-0.031463623046875 -0.0463943481445313 0.233642578125 0.93463134765625
0.035675048828125 -0.0508041381835938 -0.247802734375 0.63201904296875
0.0768508911132813 -0.0634231567382813 0.09130859375 -0.0176925659179688
0.0271377563476562 -0.0635948181152344 0.18853759765625 -0.76666259765625
0.0122032165527344 -0.0374870300292969 -0.51678466796875 -0.8466796875
0.0206146240234375 -0.00642585754394531 -0.82049560546875 0.0341796875
0.0238914489746094 -0.0204296112060547 -0.3145751953125 0.575927734375
0.0186004638671875 -0.0422477722167969 0.131256103515625 0.46527099609375
-0.0037689208984375 -0.03594970703125 0.33880615234375 0.1158447265625
0.00370025634765625 -0.0102262496948242 0.280776977539062 -0.191650390625
0.00433158874511719 -0.0247039794921875 -0.285888671875 0.17193603515625
0.00718879699707031 0.0242996215820313 -0.30609130859375 -0.119232177734375
0.00411653518676758 0.00674343109130859 -0.060028076171875 -0.469268798828125
-0.0153160095214844 0.0234127044677734 0.43939208984375 -0.514739990234375
-0.0475196838378906 0.0323677062988281 0.80462646484375 0.14117431640625
-0.0410194396972656 -0.00125503540039063 0.4505615234375 0.845703125
0.0154342651367188 0.0429039001464844 -0.16668701171875 0.75909423828125
0.015380859375 0.0458221435546875 -0.00876617431640625 0.115264892578125
0.0254440307617188 0.0363540649414063 0.27593994140625 -0.64007568359375
0.0186176300048828 -0.0108604431152344 -0.32196044921875 -0.9522705078125
-0.0213203430175781 -0.00433158874511718 -0.84747314453125 -0.18701171875
-0.0247268676757812 0.0231857299804688 -0.4696044921875 0.50140380859375
-0.00470542907714844 0.0250816345214844 0.034637451171875 0.49603271484375
-0.00453758239746094 0.0202579498291016 0.32977294921875 0.167510986328125
0.000250816345214844 -0.0139732360839844 0.305206298828125 -0.159271240234375
0.00197982788085937 -0.0267658233642578 -0.274917602539063 0.170913696289063
0.00579929351806641 0.0158901214599609 -0.285186767578125 -0.13775634765625
0.00956153869628906 -0.00507545471191406 -0.01800537109375 -0.482208251953125
-0.00516319274902344 0.0143642425537109 0.491180419921875 -0.47906494140625
-0.0406608581542969 0.0326423645019531 0.80078125 0.2178955078125
-0.037628173828125 0.0121726989746094 0.38427734375 0.892578125
0.0028228759765625 0.0596771240234375 -0.20770263671875 0.74169921875
0.00110626220703125 0.0559730529785156 0.00376129150390625 0.087615966796875
0.0126380920410156 0.0484657287597656 0.23773193359375 -0.66943359375
0.0187034606933594 0.000896453857421875 -0.39959716796875 -0.91143798828125
-0.00927543640136719 -0.000130653381347655 -0.846923828125 -0.10650634765625
-0.0126867294311523 0.0151472091674805 -0.41796875 0.53363037109375
7.53402709960947E-05 0.0145463943481445 0.0753173828125 0.49005126953125
-0.00867938995361328 0.0118265151977539 0.3477783203125 0.1505126953125
-0.00535106658935547 -0.0157842636108398 0.314117431640625 -0.1680908203125
-0.00372886657714844 -0.0301265716552734 -0.27703857421875 0.168838500976562
0.00561761856079102 0.0056610107421875 -0.267410278320313 -0.1539306640625
0.0147428512573242 -0.0153083801269531 0.01910400390625 -0.48712158203125
0.00614595413208008 0.00511026382446289 0.54217529296875 -0.44189453125
-0.0313186645507813 0.0329875946044922 0.7916259765625 0.28985595703125
-0.0389328002929688 0.0181121826171875 0.311767578125 0.928955078125
-0.00733566284179688 0.0682640075683594 -0.24407958984375 0.712890625
-0.010284423828125 0.0539932250976563 0.0244636535644531 0.0550041198730469
0.00737762451171875 0.0526313781738281 0.2032470703125 -0.69439697265625
0.0189170837402344 0.00742340087890625 -0.46771240234375 -0.8677978515625
0.00126016139984131 -0.00167369842529297 -0.8389892578125 -0.0295410156250001
-0.00188589096069336 0.00440883636474609 -0.3623046875 0.5601806640625
0.00542259216308594 -0.00173521041870117 0.11480712890625 0.479461669921875
-0.00943183898925781 0.00208759307861328 0.36322021484375 0.132354736328125
-0.00997352600097656 -0.0191802978515625 0.315032958984375 -0.173095703125
-0.00645065307617188 -0.0295829772949219 -0.279541015625 0.162429809570313
0.00899600982666015 -0.00598430633544922 -0.256057739257813 -0.1641845703125
0.0221519470214844 -0.0290393829345703 0.055755615234375 -0.48602294921875
0.0202445983886719 -0.00246620178222656 0.57843017578125 -0.407958984375
-0.0239810943603516 0.0345268249511719 0.7783203125 0.3541259765625
-0.0378494262695313 0.0195579528808594 0.24658203125 0.95599365234375
-0.0124244689941406 0.0642204284667969 -0.26983642578125 0.68341064453125
-0.00921249389648438 0.043060302734375 0.0436744689941406 0.0265731811523438
0.00534439086914063 0.0460281372070313 0.1724853515625 -0.7203369140625
0.0219917297363281 0.01068115234375 -0.51483154296875 -0.8326416015625
0.0106382369995117 -0.00276565551757813 -0.82470703125 0.03363037109375
0.00611591339111328 -0.00445270538330078 -0.3172607421875 0.581298828125
0.0112876892089844 -0.0141048431396484 0.146881103515625 0.466094970703125
-0.00929641723632812 -0.00763511657714844 0.3680419921875 0.1143798828125
-0.0127487182617187 -0.0194053649902344 0.313323974609375 -0.183807373046875
-0.00777053833007812 -0.0308952331542969 -0.282440185546875 0.1534423828125
0.0121603012084961 -0.0173616409301758 -0.255783081054687 -0.173797607421875
0.0275459289550781 -0.0390663146972656 0.07550048828125 -0.489105224609375
0.0349216461181641 -0.00667762756347656 0.6044921875 -0.38616943359375
-0.0137557983398438 0.0371437072753906 0.7681884765625 0.39654541015625
-0.0370750427246094 0.0167007446289063 0.203125 0.96112060546875
-0.0134696960449219 0.045806884765625 -0.283447265625 0.6568603515625
-0.00122833251953125 0.0261077880859375 0.067718505859375 0.0013275146484375
0.00309562683105469 0.0257415771484375 0.15460205078125 -0.74005126953125
0.0196418762207031 0.00459861755371094 -0.54595947265625 -0.8070068359375
0.0192604064941406 -0.00766181945800781 -0.81005859375 0.0728759765625001
0.0147418975830078 -0.017277717590332 -0.2884521484375 0.59259033203125
0.0150394439697266 -0.0280342102050781 0.1649169921875 0.458282470703125
-0.00934219360351563 -0.0183582305908203 0.3681640625 0.105224609375
-0.0107078552246094 -0.0185394287109375 0.307037353515625 -0.19281005859375
-0.0029296875 -0.0309677124023438 -0.294525146484375 0.15057373046875
0.0127639770507812 -0.0282344818115234 -0.256256103515625 -0.177505493164063
0.0373992919921875 -0.0504341125488281 0.08209228515625 -0.49139404296875
0.0457000732421875 -0.00679779052734375 0.6114501953125 -0.37841796875
-0.0103874206542969 0.0371284484863281 0.7655029296875 0.41302490234375
-0.0336971282958984 -0.000656127929687501 0.1873779296875 0.9635009765625
-0.00398826599121094 0.0223636627197266 -0.28021240234375 0.638671875
0.0143251419067383 0.00153064727783203 0.0794525146484375 -0.0156402587890625
0.0064997673034668 0.0043339729309082 0.153076171875 -0.75286865234375
0.0180549621582031 -0.00111007690429687 -0.55511474609375 -0.79937744140625
0.0250301361083984 -0.00614166259765625 -0.8013916015625 0.0873413085937501
0.02325439453125 -0.0242824554443359 -0.27325439453125 0.592041015625
0.0182075500488281 -0.0391159057617187 0.16815185546875 0.454925537109375
-0.00923728942871094 -0.0277442932128906 0.362152099609375 0.101409912109375
-0.00946903228759765 -0.0167112350463867 0.29638671875 -0.195831298828125
0.00249099731445312 -0.0241870880126953 -0.307098388671875 0.14190673828125
0.0192184448242187 -0.0333423614501953 -0.270538330078125 -0.1806640625
0.0350074768066406 -0.0523567199707031 0.077117919921875 -0.492095947265625
0.0428619384765625 -0.00820541381835938 0.61505126953125 -0.38494873046875
-0.00903892517089843 0.0328559875488281 0.77117919921875 0.41046142578125
-0.0300006866455078 -0.0203514099121094 0.19366455078125 0.953857421875
0.0137166976928711 -0.00873374938964844 -0.2674560546875 0.6263427734375
0.042877197265625 -0.0321998596191406 0.0934066772460938 -0.0246734619140625
0.0132045745849609 -0.0246829986572266 0.1517333984375 -0.764892578125
0.0145721435546875 -0.0174598693847656 -0.55908203125 -0.80499267578125
0.0219707489013672 -0.00794601440429688 -0.8026123046875 0.0894165039062499
0.0241832733154297 -0.0272998809814453 -0.275146484375 0.5924072265625
0.0186843872070313 -0.0424880981445313 0.1630859375 0.455657958984375
-0.00879096984863281 -0.0342864990234375 0.3524169921875 0.102325439453125
-0.00269889831542969 -0.0131072998046875 0.28533935546875 -0.200836181640625
0.0105133056640625 -0.0191192626953125 -0.317840576171875 0.14080810546875
0.0188426971435547 -0.0316658020019531 -0.290496826171875 -0.1771240234375
0.0321083068847656 -0.0508003234863281 0.04949951171875 -0.499359130859375
0.0399436950683594 -0.0092010498046875 0.5855712890625 -0.41217041015625
-0.0153045654296875 0.0279483795166016 0.78472900390625 0.363525390625
-0.0321846008300781 -0.0463752746582031 0.24609375 0.9276123046875
0.0360374450683594 -0.0493545532226563 -0.2406005859375 0.63323974609375
0.0751800537109375 -0.0652999877929688 0.0922317504882813 -0.0172195434570313
0.0269927978515625 -0.0612258911132812 0.17938232421875 -0.76409912109375
0.0130538940429688 -0.03863525390625 -0.52435302734375 -0.83538818359375
0.0182743072509766 -0.00662994384765625 -0.8150634765625 0.0449218749999998
0.0211658477783203 -0.0207099914550781 -0.30816650390625 0.5782470703125
0.0198326110839844 -0.0412025451660156 0.13470458984375 0.46112060546875
-0.00457000732421875 -0.0352439880371094 0.3392333984375 0.113067626953125
0.00187492370605469 -0.0100555419921875 0.27935791015625 -0.197433471679688
0.00612831115722656 -0.0245513916015625 -0.281463623046875 0.17681884765625
0.00739288330078125 0.0226421356201172 -0.3055419921875 -0.115234375
0.00672674179077149 0.00749969482421875 -0.06378173828125 -0.4703369140625
-0.0131874084472656 0.0231819152832031 0.4334716796875 -0.516387939453125
-0.0478401184082031 0.0349197387695312 0.80108642578125 0.12786865234375
-0.03900146484375 0.000965118408203119 0.45745849609375 0.83563232421875
0.0174980163574219 0.0425224304199219 -0.15911865234375 0.7591552734375
0.0160942077636719 0.0450363159179687 -0.00731658935546875 0.1151123046875
0.0239372253417969 0.0368461608886719 0.2674560546875 -0.63702392578125
0.0186939239501953 -0.0134925842285156 -0.33087158203125 -0.94671630859375
-0.0234947204589844 -0.00449752807617187 -0.84686279296875 -0.18133544921875
-0.0243492126464844 0.0234642028808594 -0.4619140625 0.50360107421875
-0.00734901428222656 0.0253410339355469 0.0379333496093749 0.492095947265625
-0.00580215454101562 0.019927978515625 0.331756591796875 0.161865234375
-0.000820159912109374 -0.0156021118164063 0.303985595703125 -0.164093017578125
-0.00111579895019531 -0.0267963409423828 -0.272781372070313 0.175918579101563
0.0065155029296875 0.0172853469848633 -0.284820556640625 -0.134002685546875
0.00877571105957031 -0.00153875350952148 -0.024261474609375 -0.478271484375
-0.00733852386474609 0.0128612518310547 0.48553466796875 -0.48333740234375
-0.0412521362304688 0.0348014831542969 0.800048828125 0.205322265625
-0.0373001098632813 0.0101280212402344 0.39117431640625 0.883544921875
0.00484085083007812 0.0601081848144531 -0.19903564453125 0.74267578125
0.000362396240234369 0.0539321899414063 0.00566864013671875 0.0896530151367187
0.0151405334472656 0.0482521057128906 0.2315673828125 -0.66595458984375
0.0183944702148438 0.000272750854492188 -0.4053955078125 -0.90380859375
-0.0124473571777344 -0.00173091888427734 -0.84442138671875 -0.0982055664062501
-0.01068115234375 0.0154151916503906 -0.4105224609375 0.538177490234375
0.000768661499023439 0.0161647796630859 0.08184814453125 0.486419677734375
-0.00739002227783203 0.0127706527709961 0.348785400390625 0.144134521484375
-0.00593185424804688 -0.0177764892578125 0.3082275390625 -0.169281005859375
-0.00428009033203125 -0.028594970703125 -0.272293090820313 0.172515869140625
0.00648307800292969 0.00877761840820313 -0.268173217773438 -0.14874267578125
0.0151128768920898 -0.015777587890625 0.01556396484375 -0.482177734375
0.00665378570556641 0.00593042373657227 0.533660888671875 -0.44671630859375
-0.0320873260498047 0.0338840484619141 0.79083251953125 0.28076171875
-0.0368194580078125 0.0192832946777344 0.31951904296875 0.92327880859375
-0.00551605224609376 0.068267822265625 -0.23529052734375 0.711669921875
-0.0107879638671875 0.0537605285644531 0.0242462158203125 0.0563545227050781
0.0072174072265625 0.0510482788085938 0.19586181640625 -0.69158935546875
0.020050048828125 0.00810813903808594 -0.4715576171875 -0.860107421875
4.61339950561524E-05 -0.0017317533493042 -0.8348388671875 -0.0184936523437499
-0.000905990600585937 0.00281572341918945 -0.35516357421875 0.56378173828125
0.00786018371582031 0.000272274017333984 0.120819091796875 0.474822998046875
-0.00952434539794922 0.00145149230957031 0.363128662109375 0.125762939453125
-0.0104885101318359 -0.0186080932617188 0.310455322265625 -0.177215576171875
-0.00485801696777344 -0.0300998687744141 -0.273544311523437 0.16632080078125
0.00888442993164062 -0.00299358367919922 -0.259628295898438 -0.161407470703125
0.0208797454833984 -0.0291233062744141 0.047271728515625 -0.484039306640625
0.0196647644042969 -0.00115966796875 0.57354736328125 -0.4140625
-0.0228271484375 0.0370979309082031 0.7802734375 0.34619140625
-0.0372772216796875 0.0196304321289062 0.2537841796875 0.947265625
-0.0114364624023438 0.0625495910644531 -0.26239013671875 0.68426513671875
-0.00994873046874999 0.0436744689941406 0.0447349548339844 0.0255622863769531
0.0039215087890625 0.0453453063964844 0.1644287109375 -0.7188720703125
0.0226535797119141 0.00790977478027344 -0.521240234375 -0.8221435546875
0.0120563507080078 -0.00246810913085938 -0.818603515625 0.0428466796875
0.00763082504272461 -0.00768136978149414 -0.31048583984375 0.58062744140625
0.0117559432983398 -0.0134315490722656 0.150238037109375 0.46307373046875
-0.0115175247192383 -0.00951957702636719 0.36895751953125 0.110443115234375
-0.0125293731689453 -0.0204963684082031 0.309417724609375 -0.186004638671875
-0.00527381896972656 -0.0294284820556641 -0.28173828125 0.158233642578125
0.0115966796875 -0.0160741806030273 -0.255935668945313 -0.170074462890625
0.0279769897460938 -0.0401268005371094 0.068115234375 -0.4873046875
0.0337257385253906 -0.00501251220703125 0.5953369140625 -0.39208984375
-0.0137138366699219 0.0359382629394531 0.7701416015625 0.386474609375
-0.0354232788085938 0.013671875 0.21380615234375 0.958740234375
-0.00989151000976562 0.0468025207519531 -0.2734375 0.6590576171875
-0.00384330749511719 0.0254554748535156 0.0636711120605469 -0.001220703125
0.00368881225585938 0.0291728973388672 0.14874267578125 -0.7376708984375
0.0201587677001953 0.00397682189941406 -0.55157470703125 -0.79644775390625
0.0217666625976562 -0.00605201721191406 -0.80816650390625 0.07965087890625
0.0144920349121094 -0.0192890167236328 -0.27984619140625 0.5926513671875
0.0150184631347656 -0.0268459320068359 0.167633056640625 0.454345703125
-0.0105609893798828 -0.0189800262451172 0.369415283203125 0.098052978515625
-0.0132637023925781 -0.0167989730834961 0.302276611328125 -0.19281005859375
-0.000116348266601565 -0.0283851623535156 -0.29083251953125 0.153594970703125
0.0168209075927734 -0.02490234375 -0.259521484375 -0.17535400390625
0.0340652465820312 -0.0514411926269531 0.07403564453125 -0.492645263671875
0.0407257080078125 -0.00761032104492188 0.6055908203125 -0.384765625
-0.0106620788574219 0.0367660522460938 0.76837158203125 0.4039306640625
-0.0333843231201172 0.00104331970214844 0.1988525390625 0.95697021484375
-0.00172233581542969 0.0221996307373047 -0.2728271484375 0.6380615234375
0.014556884765625 0.00123882293701172 0.0801925659179688 -0.0166473388671875
0.00648307800292969 0.00556182861328125 0.14385986328125 -0.75408935546875
0.0192546844482422 -0.00368118286132812 -0.56256103515625 -0.789306640625
0.0261993408203125 -0.00683212280273438 -0.79827880859375 0.09649658203125
0.0198860168457031 -0.0248298645019531 -0.2674560546875 0.5928955078125
0.0155830383300781 -0.0384063720703125 0.169921875 0.4508056640625
-0.00886917114257813 -0.0272312164306641 0.363800048828125 0.0950927734375
-0.00920772552490235 -0.0145034790039063 0.29345703125 -0.197662353515625
0.00554275512695312 -0.0274505615234375 -0.30291748046875 0.14703369140625
0.0186595916748047 -0.0332965850830078 -0.2705078125 -0.180526733398438
0.0347404479980469 -0.0544281005859375 0.0704345703125 -0.494384765625
0.0432586669921875 -0.005950927734375 0.60760498046875 -0.38494873046875
-0.00999641418457031 0.0347747802734375 0.7716064453125 0.40234375
-0.0301494598388672 -0.0187816619873047 0.2021484375 0.9521484375
0.0158786773681641 -0.0103130340576172 -0.26141357421875 0.62457275390625
0.0406303405761719 -0.0301284790039063 0.0931243896484375 -0.02813720703125
0.0124225616455078 -0.0269088745117188 0.1455078125 -0.7659912109375
0.0166740417480469 -0.0190200805664063 -0.56524658203125 -0.79193115234375
0.0260334014892578 -0.00690841674804688 -0.80047607421875 0.0965576171875001
0.0225715637207031 -0.0257301330566406 -0.264892578125 0.591796875
0.0173568725585938 -0.0425682067871094 0.1676025390625 0.44927978515625
-0.00747108459472657 -0.0336093902587891 0.3531494140625 0.09381103515625
-0.00490665435791016 -0.0124673843383789 0.28289794921875 -0.2012939453125
0.0106544494628906 -0.0216484069824219 -0.317596435546875 0.145904541015625
0.0210838317871094 -0.0346622467041016 -0.29119873046875 -0.17108154296875
0.0299186706542969 -0.0516471862792969 0.04266357421875 -0.498321533203125
0.0379409790039063 -0.00673675537109375 0.58013916015625 -0.41680908203125
-0.0140724182128906 0.0277843475341797 0.78826904296875 0.350341796875
-0.0300140380859375 -0.0436286926269531 0.2513427734375 0.92242431640625
0.0341873168945313 -0.0484466552734375 -0.2327880859375 0.63128662109375
0.0705947875976563 -0.06689453125 0.0895538330078125 -0.01910400390625
0.0255088806152344 -0.0631980895996094 0.171630859375 -0.7589111328125
0.00923538208007812 -0.0388374328613281 -0.52899169921875 -0.82965087890625
0.0204830169677734 -0.00698661804199219 -0.81024169921875 0.0545654296875
0.0225257873535156 -0.0202999114990234 -0.29840087890625 0.5789794921875
0.0194168090820312 -0.0417327880859375 0.140594482421875 0.458587646484375
-0.00474166870117188 -0.0345115661621094 0.3419189453125 0.103912353515625
0.00273513793945313 -0.00943565368652344 0.272720336914063 -0.201324462890625
0.00658798217773437 -0.0274906158447266 -0.276870727539063 0.180709838867188
0.00906753540039063 0.0226516723632813 -0.303497314453125 -0.108673095703125
0.00422906875610352 0.0059814453125 -0.07098388671875 -0.46710205078125
-0.0131320953369141 0.0208702087402344 0.42578125 -0.516448974609375
-0.0458793640136719 0.0373001098632813 0.7989501953125 0.12322998046875
-0.0411720275878906 -0.000373840332031252 0.46142578125 0.82806396484375
0.0177230834960937 0.04327392578125 -0.1529541015625 0.7574462890625
0.0193595886230469 0.0426216125488281 -0.00652313232421875 0.113807678222656
0.0273189544677734 0.0343132019042969 0.26165771484375 -0.638671875
0.015568733215332 -0.010833740234375 -0.34075927734375 -0.94091796875
-0.0234470367431641 -0.00554656982421875 -0.8404541015625 -0.1719970703125
-0.0233860015869141 0.0243415832519531 -0.451873779296875 0.504547119140625
-0.00782966613769531 0.0265846252441406 0.041351318359375 0.4888916015625
-0.00586318969726563 0.0207767486572266 0.3304443359375 0.158233642578125
-0.0021219253540039 -0.0163793563842773 0.297149658203125 -0.1676025390625
-0.000102996826171878 -0.0282478332519531 -0.268829345703125 0.178146362304687
0.0092315673828125 0.0191326141357422 -0.285675048828125 -0.128997802734375
0.00594043731689453 -0.000803947448730469 -0.0274658203125 -0.47674560546875
-0.00671005249023438 0.011134147644043 0.476837158203125 -0.48486328125
-0.0415306091308594 0.0350151062011719 0.7965087890625 0.1942138671875
-0.0349807739257812 0.0129642486572266 0.39971923828125 0.87744140625
0.00499343872070313 0.06182861328125 -0.19287109375 0.737548828125
-0.00119400024414063 0.0524864196777344 0.00342559814453125 0.0902328491210938
0.0160408020019531 0.05096435546875 0.2235107421875 -0.66656494140625
0.0202426910400391 -0.00064849853515625 -0.4102783203125 -0.89849853515625
-0.00955581665039063 -0.00322246551513672 -0.8387451171875 -0.09130859375
-0.0131731033325195 0.0136661529541016 -0.402740478515625 0.53778076171875
0.00181770324707031 0.0136594772338867 0.08306884765625 0.48248291015625
-0.00776100158691406 0.0140714645385742 0.351409912109375 0.137847900390625
-0.00905036926269531 -0.0148963928222656 0.3060302734375 -0.1728515625
-0.00258255004882813 -0.0293159484863281 -0.268310546875 0.17474365234375
0.0098724365234375 0.00707054138183594 -0.267166137695313 -0.146102905273437
0.0118083953857422 -0.0147294998168945 0.00872802734374997 -0.481292724609375
0.00457334518432617 0.00641775131225586 0.52398681640625 -0.450958251953125
-0.0292625427246094 0.0352706909179688 0.791748046875 0.27337646484375
-0.0369834899902344 0.0194053649902344 0.32501220703125 0.9163818359375
-0.00678634643554688 0.0687637329101562 -0.228515625 0.71075439453125
-0.00951004028320313 0.0577850341796875 0.02471923828125 0.0548934936523438
0.00925445556640625 0.0496101379394531 0.18829345703125 -0.68951416015625
0.018218994140625 0.00506973266601562 -0.476806640625 -0.85235595703125
0.000642657279968262 -0.00020676851272583 -0.82879638671875 -0.011474609375
-0.00147032737731934 0.00374484062194824 -0.3487548828125 0.56646728515625
0.00496864318847656 0.0043940544128418 0.123046875 0.471221923828125
-0.00714015960693359 0.00100421905517578 0.363616943359375 0.119873046875
-0.0134010314941406 -0.0177516937255859 0.307708740234375 -0.180267333984375
-0.00698471069335938 -0.0283069610595703 -0.273529052734375 0.170013427734375
0.0105571746826172 -0.00457668304443359 -0.260223388671875 -0.154388427734375
0.0200634002685547 -0.0281772613525391 0.04205322265625 -0.4803466796875
0.0210704803466797 -0.00231742858886719 0.56561279296875 -0.41546630859375
-0.021759033203125 0.035614013671875 0.78338623046875 0.33612060546875
-0.0352973937988281 0.0228157043457031 0.2650146484375 0.9415283203125
-0.0120353698730469 0.0605201721191406 -0.2548828125 0.684326171875
-0.00949859619140625 0.0418205261230469 0.0480079650878906 0.0266647338867188
0.00675201416015625 0.0465126037597656 0.1558837890625 -0.71697998046875
0.0205726623535156 0.0111446380615234 -0.5230712890625 -0.81439208984375
0.0112094879150391 -0.00493717193603516 -0.81085205078125 0.0458984374999999
0.00864887237548828 -0.0105257034301758 -0.3004150390625 0.57891845703125
0.011906623840332 -0.0123434066772461 0.15399169921875 0.460235595703125
-0.0106725692749023 -0.0118741989135742 0.369171142578125 0.103302001953125
-0.0148410797119141 -0.0176010131835937 0.29998779296875 -0.1875
-0.00426101684570312 -0.0272235870361328 -0.2803955078125 0.160629272460937
0.0161409378051758 -0.0123195648193359 -0.258804321289063 -0.16607666015625
0.0278549194335937 -0.0384445190429688 0.065032958984375 -0.48309326171875
0.0309715270996094 -0.00335502624511719 0.5858154296875 -0.3984375
-0.00906753540039063 0.0361824035644531 0.7672119140625 0.37939453125
-0.0319080352783203 0.0162410736083984 0.22412109375 0.9541015625
-0.0106430053710938 0.0485115051269531 -0.26727294921875 0.65985107421875
-0.00131034851074219 0.0204868316650391 0.064727783203125 -0.000564575195312499
0.00484848022460938 0.0292911529541016 0.1424560546875 -0.73382568359375
0.0229377746582031 0.00548171997070313 -0.5556640625 -0.788330078125
0.0198764801025391 -0.00838279724121094 -0.80078125 0.0870971679687499
0.0159549713134766 -0.0192489624023438 -0.27325439453125 0.5908203125
0.0130081176757812 -0.0262260437011719 0.168121337890625 0.448760986328125
-0.0107650756835938 -0.0175228118896484 0.36761474609375 0.09130859375
-0.0142269134521484 -0.0188522338867187 0.30108642578125 -0.194366455078125
-0.000982284545898437 -0.0291862487792969 -0.28790283203125 0.157745361328125
0.0164413452148438 -0.028594970703125 -0.2618408203125 -0.173828125
0.0322036743164063 -0.0471954345703125 0.06884765625 -0.49267578125
0.0433616638183594 -0.00905227661132813 0.60174560546875 -0.390380859375
-0.0101890563964844 0.0369338989257813 0.7681884765625 0.3927001953125
-0.03094482421875 -0.000598907470703122 0.20556640625 0.94866943359375
-0.00310325622558594 0.0211467742919922 -0.264404296875 0.63482666015625
0.0143365859985352 0.00241661071777344 0.0775909423828125 -0.016632080078125
0.00735855102539062 0.00781869888305664 0.13916015625 -0.74786376953125
0.0202579498291016 -0.00385284423828125 -0.56597900390625 -0.77984619140625
0.0240097045898438 -0.00914573669433594 -0.7957763671875 0.10003662109375
0.0185756683349609 -0.0275688171386719 -0.2593994140625 0.59088134765625
0.0126571655273438 -0.0397300720214844 0.172027587890625 0.446014404296875
-0.00967025756835938 -0.0300521850585938 0.3626708984375 0.091094970703125
-0.0111370086669922 -0.0154361724853516 0.28961181640625 -0.202239990234375
0.00424003601074219 -0.0263843536376953 -0.301849365234375 0.1494140625
0.0188484191894531 -0.0319423675537109 -0.268692016601563 -0.174484252929688
0.0349655151367187 -0.0505180358886719 0.06494140625 -0.49493408203125
0.0425567626953125 -0.0103340148925781 0.59783935546875 -0.3919677734375
-0.0096282958984375 0.0344181060791016 0.77337646484375 0.3900146484375
-0.0305957794189453 -0.0202045440673828 0.21099853515625 0.94354248046875
0.0131521224975586 -0.0102806091308594 -0.2523193359375 0.6258544921875
0.0377388000488281 -0.0350151062011719 0.0918502807617188 -0.0279388427734375
0.0102214813232422 -0.0263423919677734 0.1373291015625 -0.75750732421875
0.0136051177978516 -0.01947021484375 -0.5679931640625 -0.7840576171875
0.0264854431152344 -0.00859260559082031 -0.793701171875 0.10247802734375
0.0232315063476563 -0.0264873504638672 -0.25909423828125 0.59246826171875
0.0194206237792969 -0.0438461303710938 0.1678466796875 0.44390869140625
-0.00721931457519531 -0.0340156555175781 0.350860595703125 0.089691162109375
-0.00443458557128906 -0.0100555419921875 0.2794189453125 -0.205978393554688
0.00881767272949219 -0.0223350524902344 -0.31402587890625 0.147979736328125
0.0175132751464844 -0.0319480895996094 -0.287109375 -0.16668701171875
0.0316505432128906 -0.0503578186035156 0.03460693359375 -0.496978759765625
0.03826904296875 -0.00972366333007812 0.5704345703125 -0.4180908203125
-0.0109767913818359 0.0281047821044922 0.782958984375 0.3450927734375
-0.0272712707519531 -0.0430030822753906 0.2620849609375 0.91485595703125
0.0344047546386719 -0.0470809936523438 -0.22552490234375 0.6312255859375
0.0734329223632812 -0.0644989013671875 0.0899734497070313 -0.0202789306640625
0.0244483947753906 -0.0610809326171875 0.16229248046875 -0.76055908203125
0.00931549072265625 -0.0372581481933594 -0.53143310546875 -0.81915283203125
0.0203094482421875 -0.00700759887695313 -0.8076171875 0.0614624023437499
0.0207176208496094 -0.0237102508544922 -0.2906494140625 0.578857421875
0.021484375 -0.0381393432617188 0.1451416015625 0.454010009765625
-0.008026123046875 -0.0323696136474609 0.338836669921875 0.096710205078125
0.00114631652832031 -0.0076603889465332 0.267044067382813 -0.203887939453125
0.00902748107910156 -0.0212535858154297 -0.274688720703125 0.180526733398438
0.0133075714111328 0.024444580078125 -0.305389404296875 -0.1070556640625
0.00551795959472656 0.0101175308227539 -0.073822021484375 -0.46197509765625
-0.0150871276855469 0.0226764678955078 0.41796875 -0.517059326171875
-0.0463409423828125 0.032684326171875 0.79376220703125 0.1114501953125
-0.036224365234375 0.00265884399414063 0.46881103515625 0.8134765625
0.0180320739746094 0.0421218872070313 -0.14208984375 0.7529296875
0.0196304321289062 0.044830322265625 -0.00700378417968751 0.115127563476563
0.0265159606933594 0.0356712341308594 0.25543212890625 -0.63653564453125
0.0208721160888672 -0.0123710632324219 -0.34417724609375 -0.92767333984375
-0.0216083526611328 -0.00330162048339844 -0.83868408203125 -0.16741943359375
-0.0221309661865234 0.0192184448242188 -0.447509765625 0.50360107421875
-0.00536346435546875 0.0233821868896484 0.045318603515625 0.487060546875
-0.0047149658203125 0.0223178863525391 0.330963134765625 0.154205322265625
-0.000918388366699219 -0.0175313949584961 0.299468994140625 -0.171356201171875
-0.00128173828125 -0.0254974365234375 -0.26678466796875 0.175430297851563
0.00886154174804688 0.0188999176025391 -0.283355712890625 -0.125732421875
0.00362658500671387 -0.0014650821685791 -0.032684326171875 -0.47418212890625
-0.00526618957519531 0.0123929977416992 0.470428466796875 -0.4879150390625
-0.0384902954101563 0.0352783203125 0.79736328125 0.186767578125
-0.0331745147705078 0.0143508911132813 0.40093994140625 0.8665771484375
0.00707626342773437 0.0597114562988281 -0.18389892578125 0.74066162109375
0.000579833984375004 0.0567665100097656 0.00531768798828125 0.0906143188476563
0.0145950317382813 0.0461997985839844 0.21728515625 -0.6610107421875
0.0175876617431641 -0.00121879577636719 -0.41839599609375 -0.8851318359375
-0.0130167007446289 -0.00194358825683594 -0.8372802734375 -0.0844116210937499
-0.0154247283935547 0.0176658630371094 -0.3966064453125 0.53509521484375
-0.000254631042480469 0.0146541595458984 0.0873718261718751 0.48101806640625
-0.00679492950439453 0.0106973648071289 0.347747802734375 0.135986328125
-0.00751113891601562 -0.0150651931762695 0.30078125 -0.175872802734375
-0.00614738464355468 -0.0270023345947266 -0.268142700195313 0.17474365234375
0.011754035949707 0.00824069976806641 -0.265716552734375 -0.140380859375
0.0118312835693359 -0.0169906616210938 0.00491333007812497 -0.476715087890625
0.00494766235351563 0.00168609619140625 0.521484375 -0.451812744140625
-0.0294418334960937 0.0388717651367188 0.78887939453125 0.26776123046875
-0.0336799621582031 0.0202350616455078 0.32843017578125 0.90716552734375
-0.0035400390625 0.0642585754394531 -0.22216796875 0.7081298828125
-0.0114288330078125 0.0550651550292969 0.0253868103027344 0.0553359985351562
0.00727462768554687 0.0509872436523437 0.17755126953125 -0.68548583984375
0.0184898376464844 0.00488090515136719 -0.4798583984375 -0.83782958984375
-0.0030665397644043 -0.00261521339416504 -0.8282470703125 -0.00683593749999999
-0.00318765640258789 0.0047297477722168 -0.3411865234375 0.56536865234375
0.00579214096069336 0.00181913375854492 0.125823974609375 0.470489501953125
-0.00861024856567383 0.00104236602783203 0.361175537109375 0.1190185546875
-0.0122890472412109 -0.0166959762573242 0.302764892578125 -0.184356689453125
-0.00478172302246094 -0.0306816101074219 -0.26654052734375 0.168548583984375
0.00827217102050781 -0.000673770904541016 -0.26385498046875 -0.14727783203125
0.0198307037353516 -0.0294380187988281 0.035003662109375 -0.480194091796875
0.0209541320800781 -0.00176429748535156 0.552154541015625 -0.422210693359375
-0.0176353454589844 0.0373344421386719 0.77587890625 0.326904296875
-0.0346946716308594 0.0209217071533203 0.270263671875 0.9327392578125
-0.0091552734375 0.0605583190917969 -0.2451171875 0.67999267578125
-0.012420654296875 0.0451278686523438 0.0420913696289063 0.0241127014160156
0.00548171997070313 0.0417060852050781 0.154296875 -0.7095947265625
0.01959228515625 0.00849723815917969 -0.5284423828125 -0.8040771484375
0.0177650451660156 -0.002960205078125 -0.8095703125 0.0534667968750001
0.00698232650756836 -0.0081782341003418 -0.29681396484375 0.57958984375
0.010127067565918 -0.0136432647705078 0.157928466796875 0.454559326171875
-0.0112133026123047 -0.00816154479980469 0.367523193359375 0.09942626953125
-0.0137443542480469 -0.019927978515625 0.30133056640625 -0.192962646484375
-0.00633049011230469 -0.0268478393554687 -0.27392578125 0.161026000976562
0.0131044387817383 -0.0149927139282227 -0.251449584960938 -0.16265869140625
0.0242729187011719 -0.044281005859375 0.056060791015625 -0.488555908203125
0.0309886932373047 -0.00413894653320313 0.5772705078125 -0.4005126953125
-0.0131874084472656 0.0378189086914063 0.76678466796875 0.36962890625
-0.0336170196533203 0.0186100006103516 0.22650146484375 0.94873046875
-0.00836181640625 0.0458602905273438 -0.26318359375 0.65570068359375
-0.00605583190917969 0.0269546508789063 0.0616302490234375 -0.000400543212890623
0.00203323364257812 0.0275650024414063 0.13861083984375 -0.737548828125
0.0185394287109375 0.00255966186523438 -0.56170654296875 -0.77911376953125
0.0189342498779297 -0.00681304931640625 -0.794921875 0.0938720703125001
0.0131263732910156 -0.0140800476074219 -0.2659912109375 0.589111328125
0.0145454406738281 -0.0270862579345703 0.173492431640625 0.44525146484375
-0.0121059417724609 -0.0183906555175781 0.368194580078125 0.088592529296875
-0.0124225616455078 -0.0161991119384766 0.292724609375 -0.19793701171875
0.000671386718749998 -0.0302505493164063 -0.2860107421875 0.161376953125
0.0180130004882813 -0.0271091461181641 -0.2586669921875 -0.167266845703125
0.0305213928222656 -0.0490760803222656 0.06036376953125 -0.482574462890625
0.0411376953125 -0.00445938110351563 0.59130859375 -0.38983154296875
-0.0100364685058594 0.0375022888183594 0.763671875 0.38775634765625
-0.0326805114746094 0.000791549682617182 0.21527099609375 0.94635009765625
-0.00208854675292969 0.0198440551757813 -0.26080322265625 0.63714599609375
0.0112485885620117 -0.000121116638183594 0.0779876708984375 -0.019805908203125
0.00862407684326172 0.00655031204223633 0.1282958984375 -0.743408203125
0.0170488357543945 -0.00458335876464844 -0.56768798828125 -0.77325439453125
0.0231113433837891 -0.00436782836914063 -0.785888671875 0.10614013671875
0.0180759429931641 -0.028045654296875 -0.25518798828125 0.58642578125
0.0157890319824219 -0.0382766723632813 0.1751708984375 0.44769287109375
-0.0120429992675781 -0.0247745513916016 0.362060546875 0.08599853515625
-0.0100879669189453 -0.0160388946533203 0.287200927734375 -0.20025634765625
0.00366783142089844 -0.0246849060058594 -0.298126220703125 0.15496826171875
0.0176124572753906 -0.0319976806640625 -0.268829345703125 -0.171615600585938
0.0333251953125 -0.0527687072753906 0.0588073730468749 -0.4932861328125
0.0391845703125 -0.00985336303710938 0.5921630859375 -0.393798828125
-0.00390625 0.0323085784912109 0.77593994140625 0.38104248046875
-0.0272026062011719 -0.0186233520507813 0.21588134765625 0.93255615234375
0.0173397064208984 -0.0101108551025391 -0.2509765625 0.624267578125
0.0393562316894531 -0.03411865234375 0.0897750854492187 -0.0289764404296875
0.0115127563476563 -0.0251712799072266 0.133056640625 -0.75726318359375
0.0141620635986328 -0.0175094604492188 -0.57061767578125 -0.7742919921875
0.0246334075927734 -0.00810623168945313 -0.78857421875 0.1072998046875
0.0213699340820312 -0.0292434692382812 -0.25469970703125 0.59014892578125
0.0175552368164063 -0.0403594970703125 0.169525146484375 0.441162109375
-0.0074462890625 -0.0290374755859375 0.35247802734375 0.0897216796875
-0.00428485870361328 -0.0134773254394531 0.274978637695313 -0.204315185546875
0.00834083557128906 -0.0192489624023438 -0.308807373046875 0.152374267578125
0.0197906494140625 -0.0317916870117188 -0.28924560546875 -0.163482666015625
0.0319137573242188 -0.05255126953125 0.033355712890625 -0.493255615234375
0.0381660461425781 -0.00722503662109375 0.56634521484375 -0.42340087890625
-0.0123291015625 0.0255546569824219 0.78240966796875 0.3343505859375
-0.0305099487304687 -0.0433692932128906 0.26519775390625 0.91107177734375
0.0307235717773438 -0.0494956970214844 -0.217529296875 0.625732421875
0.0703506469726563 -0.0644989013671875 0.0946578979492188 -0.0220184326171875
0.0235977172851563 -0.0662384033203125 0.1588134765625 -0.75640869140625
0.00689697265625 -0.0387763977050781 -0.537353515625 -0.8065185546875
0.0185546875 -0.00589179992675781 -0.80267333984375 0.0666503906249999
0.0225982666015625 -0.0237789154052734 -0.284423828125 0.576416015625
0.0187950134277344 -0.0391960144042969 0.146453857421875 0.448974609375
-0.00597000122070312 -0.0346755981445313 0.341552734375 0.0941162109375
0.000149726867675781 -0.0086979866027832 0.265335083007813 -0.20391845703125
0.00470161437988282 -0.0243244171142578 -0.274093627929688 0.184371948242188
0.00987052917480469 0.0233440399169922 -0.302001953125 -0.102935791015625
0.00471401214599609 0.00891304016113281 -0.075927734375 -0.46014404296875
-0.0144138336181641 0.021514892578125 0.4130859375 -0.519317626953125
-0.0457954406738281 0.0349845886230469 0.79071044921875 0.109619140625
-0.035552978515625 0.00342559814453125 0.467041015625 0.8121337890625
0.0190887451171875 0.0413284301757813 -0.13861083984375 0.7486572265625
0.017547607421875 0.0429763793945313 -0.00464630126953126 0.114280700683594
0.0265884399414062 0.0382041931152344 0.24957275390625 -0.632568359375
0.017974853515625 -0.0107192993164063 -0.34918212890625 -0.92315673828125
-0.0223331451416016 -0.00589752197265626 -0.83447265625 -0.15899658203125
-0.0237140655517578 0.024261474609375 -0.440277099609375 0.503265380859375
-0.0067291259765625 0.0253181457519531 0.047271728515625 0.484710693359375
-0.00555419921875 0.0211658477783203 0.33233642578125 0.1495361328125
-0.000455856323242188 -0.014491081237793 0.291412353515625 -0.168426513671875
0.000200271606445315 -0.0267887115478516 -0.264541625976563 0.182281494140625
0.00813484191894531 0.0185146331787109 -0.283416748046875 -0.121978759765625
0.00693464279174805 -0.00296497344970703 -0.03533935546875 -0.467193603515625
-0.00654315948486328 0.0142927169799805 0.464508056640625 -0.4884033203125
-0.03619384765625 0.034881591796875 0.79107666015625 0.18206787109375
-0.0347118377685547 0.0137920379638672 0.405517578125 0.86029052734375
0.00642776489257813 0.0587196350097656 -0.1761474609375 0.73284912109375
0.000549316406250001 0.0544471740722656 0.00787353515624999 0.0872955322265625
0.0156898498535156 0.0478858947753906 0.21319580078125 -0.656494140625
0.0193881988525391 0.00119781494140625 -0.42059326171875 -0.878662109375
-0.0127754211425781 -0.00118446350097657 -0.83172607421875 -0.0799560546875
-0.0110588073730469 0.0132656097412109 -0.39007568359375 0.535736083984375
0.00151252746582031 0.0132913589477539 0.090057373046875 0.477294921875
-0.008148193359375 0.0140829086303711 0.348388671875 0.13165283203125
-0.00753402709960938 -0.0183982849121094 0.299774169921875 -0.173828125
-0.00356483459472656 -0.0289669036865234 -0.263107299804688 0.178756713867187
0.00754642486572266 0.0095672607421875 -0.267181396484375 -0.137161254882813
0.0119533538818359 -0.014643669128418 0.00131225585937496 -0.473724365234375
0.00429248809814453 0.00572681427001953 0.51226806640625 -0.45440673828125
-0.0278244018554688 0.0363197326660156 0.78570556640625 0.25714111328125
-0.0342006683349609 0.0226707458496094 0.33544921875 0.90167236328125
-0.0017242431640625 0.0665283203125 -0.21612548828125 0.70599365234375
-0.0100746154785156 0.0542678833007813 0.0252914428710937 0.0571365356445313
0.00938034057617187 0.0515937805175781 0.17852783203125 -0.68389892578125
0.0181541442871094 0.006561279296875 -0.48272705078125 -0.837890625
7.33137130737307E-05 -0.00188517570495605 -0.82147216796875 -0.00189208984375017
-0.00162625312805176 0.00373101234436035 -0.333251953125 0.56243896484375
0.00597286224365234 0.00292634963989258 0.12786865234375 0.46240234375
-0.00793075561523438 0.00383710861206055 0.360260009765625 0.114837646484375
-0.0117282867431641 -0.02001953125 0.300079345703125 -0.182220458984375
-0.00377655029296875 -0.0296077728271484 -0.265426635742187 0.172866821289063
0.0107145309448242 -0.00197219848632813 -0.258575439453125 -0.149703979492188
0.0179996490478516 -0.0275611877441406 0.033966064453125 -0.47906494140625
0.0193424224853516 -0.00237846374511719 0.551177978515625 -0.420166015625
-0.0194053649902344 0.0388870239257813 0.77587890625 0.3209228515625
-0.0345363616943359 0.0236625671386719 0.269775390625 0.92791748046875
-0.00957489013671875 0.0600738525390625 -0.241943359375 0.67572021484375
-0.010986328125 0.0414161682128906 0.0454978942871094 0.0239372253417969
0.004364013671875 0.0455131530761719 0.14910888671875 -0.708251953125
0.0194664001464844 0.00814247131347656 -0.52911376953125 -0.79541015625
0.0100069046020508 -0.00383758544921875 -0.80377197265625 0.0593261718749999
0.00694942474365234 -0.00806760787963867 -0.29229736328125 0.58056640625
0.0122575759887695 -0.0127849578857422 0.15643310546875 0.452667236328125
-0.00919342041015625 -0.00824260711669922 0.365264892578125 0.098297119140625
-0.0133876800537109 -0.0171365737915039 0.2994384765625 -0.192108154296875
-0.00333595275878906 -0.0315113067626953 -0.271240234375 0.167648315429688
0.013671875 -0.0122060775756836 -0.254974365234375 -0.157958984375
0.0250434875488281 -0.0374832153320313 0.05303955078125 -0.482940673828125
0.0307178497314453 -0.00569725036621094 0.57586669921875 -0.4010009765625
-0.0113296508789063 0.0384979248046875 0.7650146484375 0.35968017578125
-0.0330619812011719 0.0151958465576172 0.23193359375 0.93939208984375
-0.00806045532226562 0.0464973449707031 -0.255126953125 0.6539306640625
-0.0041351318359375 0.0227108001708984 0.06304931640625 0.00127410888671875
0.00551223754882812 0.0290985107421875 0.1298828125 -0.7275390625
0.0209159851074219 0.0035247802734375 -0.55853271484375 -0.77337646484375
0.0174713134765625 -0.00676918029785156 -0.79046630859375 0.0965576171875
0.01226806640625 -0.0196990966796875 -0.26025390625 0.58966064453125
0.0141334533691406 -0.0258808135986328 0.174224853515625 0.44342041015625
-0.0109996795654297 -0.0182991027832031 0.366851806640625 0.085296630859375
-0.0129127502441406 -0.0180854797363281 0.29119873046875 -0.199310302734375
0.00164031982421875 -0.0288791656494141 -0.28155517578125 0.161468505859375
0.0169658660888672 -0.0257720947265625 -0.261154174804688 -0.164291381835937
0.031524658203125 -0.0479965209960938 0.05950927734375 -0.484527587890625
0.0406723022460938 -0.0105323791503906 0.58447265625 -0.39306640625
-0.00664138793945313 0.0372390747070313 0.7645263671875 0.37841796875
-0.0312252044677734 0.00424003601074219 0.2158203125 0.940185546875
0.000804901123046873 0.0204696655273438 -0.25262451171875 0.63409423828125
0.0133733749389648 0.00055694580078125 0.0788650512695313 -0.0165863037109375
0.0055084228515625 0.00429534912109375 0.12493896484375 -0.74139404296875
0.0184860229492188 -0.0042877197265625 -0.5706787109375 -0.763427734375
0.0256462097167969 -0.00629615783691406 -0.7847900390625 0.11016845703125
0.0201663970947266 -0.0276279449462891 -0.24761962890625 0.58807373046875
0.0174102783203125 -0.0360984802246094 0.17816162109375 0.4407958984375
-0.0109405517578125 -0.0280189514160156 0.35992431640625 0.08148193359375
-0.0103273391723633 -0.0142526626586914 0.283477783203125 -0.203857421875
0.00480461120605469 -0.0270824432373047 -0.293548583984375 0.157135009765625
0.0190143585205078 -0.0295333862304688 -0.271087646484375 -0.167251586914062
0.031585693359375 -0.0515060424804688 0.056976318359375 -0.48785400390625
0.0414009094238281 -0.0104598999023438 0.58453369140625 -0.39508056640625
-0.00824165344238281 0.0344429016113281 0.77001953125 0.3763427734375
-0.0273704528808594 -0.0176792144775391 0.219482421875 0.931640625
0.0163602828979492 -0.011204719543457 -0.241943359375 0.6195068359375
0.035491943359375 -0.0321464538574219 0.0919189453125 -0.0297927856445313
0.0122337341308594 -0.0259838104248047 0.128173828125 -0.75286865234375
0.0157604217529297 -0.0191326141357422 -0.571533203125 -0.76788330078125
0.0257759094238281 -0.00848960876464844 -0.7841796875 0.11181640625
0.0201492309570313 -0.0251140594482422 -0.24615478515625 0.58660888671875
0.01739501953125 -0.0418434143066406 0.175140380859375 0.439422607421875
-0.0084686279296875 -0.0310840606689453 0.35015869140625 0.080963134765625
-0.00278282165527344 -0.0121355056762695 0.271224975585938 -0.205917358398438
0.0115623474121094 -0.0221996307373047 -0.3060302734375 0.15460205078125
0.0191402435302734 -0.0303115844726563 -0.289215087890625 -0.160736083984375
0.0300750732421875 -0.0506744384765625 0.029052734375 -0.49078369140625
0.0354118347167969 -0.00853347778320313 0.561370849609375 -0.422882080078125
-0.0107841491699219 0.03045654296875 0.7823486328125 0.32562255859375
-0.0294075012207031 -0.0415687561035156 0.266357421875 0.902587890625
0.0351943969726563 -0.05023193359375 -0.213623046875 0.62554931640625
0.0697669982910156 -0.0682144165039063 0.0906448364257813 -0.0164031982421875
0.02313232421875 -0.0631103515625 0.1519775390625 -0.74786376953125
0.00830459594726562 -0.0375137329101563 -0.5406494140625 -0.80194091796875
0.0181446075439453 -0.00754928588867187 -0.79376220703125 0.0699462890625001
0.0205192565917969 -0.0240001678466797 -0.27935791015625 0.5777587890625
0.0183372497558594 -0.0409584045410156 0.150604248046875 0.4483642578125
-0.0050506591796875 -0.03314208984375 0.337799072265625 0.09552001953125
0.00282621383666992 -0.00844192504882813 0.261993408203125 -0.20458984375
0.00740242004394531 -0.0246372222900391 -0.269775390625 0.1846923828125
0.0108718872070313 0.0241374969482422 -0.300567626953125 -0.098297119140625
0.00235462188720703 0.00900173187255859 -0.07940673828125 -0.45599365234375
-0.0140323638916016 0.0225791931152344 0.408721923828125 -0.517425537109375
-0.0414314270019531 0.03704833984375 0.78546142578125 0.10321044921875
-0.0353813171386719 0.00389480590820312 0.4674072265625 0.80413818359375
0.0179214477539062 0.0405426025390625 -0.134521484375 0.745361328125
0.0160408020019531 0.0427017211914063 -0.00446319580078124 0.114288330078125
0.0255546569824219 0.0350723266601563 0.24639892578125 -0.62811279296875
0.0170478820800781 -0.0109748840332031 -0.34967041015625 -0.91546630859375
-0.0223159790039062 -0.00459098815917969 -0.83050537109375 -0.1561279296875
-0.02239990234375 0.02130126953125 -0.438262939453125 0.504058837890625
-0.00455665588378907 0.0271625518798828 0.05029296875 0.48175048828125
-0.00673294067382813 0.0220623016357422 0.331573486328125 0.14630126953125
-0.00204277038574219 -0.0153884887695312 0.28997802734375 -0.1685791015625
6.10351562499977E-05 -0.0258903503417969 -0.262603759765625 0.182723999023438
0.00629425048828125 0.0191230773925781 -0.28265380859375 -0.11920166015625
0.00599765777587891 -0.000330924987792969 -0.04046630859375 -0.467071533203125
-0.00701141357421875 0.0147304534912109 0.460235595703125 -0.48736572265625
-0.0369110107421875 0.0369300842285156 0.78729248046875 0.177001953125
-0.0330123901367187 0.0150871276855469 0.4052734375 0.85430908203125
0.007781982421875 0.057586669921875 -0.17156982421875 0.729736328125
-0.000152587890625005 0.0525474548339844 0.00812530517578126 0.0878524780273438
0.0157203674316406 0.0472030639648438 0.20928955078125 -0.655029296875
0.0172100067138672 0.000993728637695313 -0.41925048828125 -0.87237548828125
-0.0109834671020508 -0.00192928314208984 -0.8248291015625 -0.0758666992187501
-0.0128202438354492 0.0154933929443359 -0.384521484375 0.5357666015625
0.00232601165771484 0.0153656005859375 0.09051513671875 0.473052978515625
-0.00651454925537109 0.0142335891723633 0.347381591796875 0.12725830078125
-0.00876617431640625 -0.0162343978881836 0.2952880859375 -0.174346923828125
-0.00263023376464844 -0.0284442901611328 -0.260040283203125 0.180007934570313
0.00895881652832031 0.00786685943603516 -0.266754150390625 -0.135787963867188
0.0112600326538086 -0.0127172470092773 -0.000549316406250029 -0.472320556640625
0.00409221649169922 0.00474643707275391 0.50799560546875 -0.453399658203125
-0.0261993408203125 0.0358009338378906 0.78350830078125 0.2529296875
-0.0325374603271484 0.0214366912841797 0.3348388671875 0.8931884765625
-0.00463485717773437 0.0649261474609375 -0.2108154296875 0.70379638671875
-0.0103302001953125 0.052490234375 0.0266609191894531 0.0561103820800781
0.00838851928710938 0.0511512756347656 0.17303466796875 -0.6795654296875
0.0197811126708984 0.00677299499511719 -0.48455810546875 -0.8280029296875
-0.000230669975280762 -0.00131416320800781 -0.81536865234375 0.00115966796875002
-0.00146389007568359 0.00335860252380371 -0.329376220703125 0.55908203125
0.00652360916137695 0.00383663177490234 0.12945556640625 0.462982177734375
-0.00834035873413086 0.00341415405273438 0.3592529296875 0.10870361328125
-0.0125236511230469 -0.0183563232421875 0.2977294921875 -0.18438720703125
-0.00308799743652344 -0.0312004089355469 -0.262435913085938 0.17254638671875
0.0116739273071289 -0.00169754028320313 -0.257217407226563 -0.146697998046875
0.0166168212890625 -0.0276222229003906 0.032379150390625 -0.47576904296875
0.0179729461669922 -0.000494003295898438 0.545379638671875 -0.422210693359375
-0.0171737670898437 0.0378341674804688 0.773681640625 0.3138427734375
-0.0319862365722656 0.0240211486816406 0.274169921875 0.92034912109375
-0.00997161865234374 0.0613059997558594 -0.23883056640625 0.67572021484375
-0.0130348205566406 0.0445213317871094 0.0446128845214844 0.0248641967773438
0.00634002685546875 0.0424385070800781 0.1463623046875 -0.7049560546875
0.0211677551269531 0.00674819946289063 -0.5286865234375 -0.7894287109375
0.0120258331298828 -0.00356197357177734 -0.8006591796875 0.0625000000000001
0.00659656524658203 -0.00655841827392578 -0.28619384765625 0.57794189453125
0.0124034881591797 -0.0115957260131836 0.158538818359375 0.449859619140625
-0.0107269287109375 -0.00824165344238281 0.365753173828125 0.094329833984375
-0.012934684753418 -0.0164041519165039 0.29437255859375 -0.1904296875
-0.00340652465820312 -0.0301837921142578 -0.269515991210938 0.169082641601563
0.0144710540771484 -0.0142707824707031 -0.255538940429688 -0.1551513671875
0.0241737365722656 -0.0391159057617187 0.049591064453125 -0.48199462890625
0.0292778015136719 -0.00385284423828125 0.56884765625 -0.40057373046875
-0.0102500915527344 0.0403022766113281 0.763427734375 0.3538818359375
-0.0313892364501953 0.0169296264648438 0.23394775390625 0.935546875
-0.00741958618164063 0.04412841796875 -0.25128173828125 0.65008544921875
-0.00439834594726563 0.0244655609130859 0.062255859375 0.0014495849609375
0.00384140014648437 0.0277328491210938 0.1282958984375 -0.7235107421875
0.0213279724121094 0.00322151184082031 -0.55792236328125 -0.7652587890625
0.0195865631103516 -0.00663566589355469 -0.78668212890625 0.0998535156249999
0.0141220092773438 -0.0188961029052734 -0.2564697265625 0.58544921875
0.0148677825927734 -0.0258865356445313 0.1748046875 0.441314697265625
-0.00991630554199218 -0.0182323455810547 0.36297607421875 0.0826416015625
-0.0120315551757813 -0.0167837142944336 0.288055419921875 -0.20037841796875
-0.00216865539550781 -0.0283412933349609 -0.276962280273438 0.161911010742187
0.0166759490966797 -0.0225048065185547 -0.259811401367188 -0.160995483398437
0.0313911437988281 -0.0467185974121094 0.05462646484375 -0.483795166015625
0.0400123596191406 -0.00851821899414063 0.57891845703125 -0.3948974609375
-0.00496673583984375 0.0382881164550781 0.762939453125 0.371826171875
-0.0307521820068359 0.00675201416015625 0.2183837890625 0.93499755859375
0.00201416015625 0.0216407775878906 -0.24932861328125 0.63092041015625
0.0116090774536133 -0.000200271606445313 0.07867431640625 -0.01641845703125
0.00616645812988281 0.00550365447998047 0.1224365234375 -0.73760986328125
0.0188388824462891 -0.00460433959960938 -0.56768798828125 -0.75848388671875
0.0257434844970703 -0.0092926025390625 -0.77838134765625 0.112060546875
0.0190086364746094 -0.0242671966552734 -0.24481201171875 0.5860595703125
0.0165481567382812 -0.0348110198974609 0.179290771484375 0.4359130859375
-0.00938224792480469 -0.0253391265869141 0.359771728515625 0.078399658203125
-0.00912094116210938 -0.0145845413208008 0.278396606445313 -0.201751708984375
0.00789070129394531 -0.0281333923339844 -0.291748046875 0.158782958984375
0.0188369750976563 -0.0311660766601563 -0.270339965820313 -0.16156005859375
0.0325698852539063 -0.0520858764648438 0.05206298828125 -0.490264892578125
0.0417938232421875 -0.00914382934570313 0.58056640625 -0.3966064453125
-0.00594520568847656 0.0337390899658203 0.767333984375 0.370361328125
-0.0278949737548828 -0.0172176361083984 0.22210693359375 0.9239501953125
0.0171537399291992 -0.0121793746948242 -0.2393798828125 0.6182861328125
0.036712646484375 -0.0334701538085938 0.0920639038085938 -0.0263137817382813
0.0117321014404297 -0.0233154296875 0.1219482421875 -0.74761962890625
0.0141258239746094 -0.0184135437011719 -0.57177734375 -0.7591552734375
0.0259513854980469 -0.00905990600585938 -0.77825927734375 0.11358642578125
0.0203723907470703 -0.0258750915527344 -0.24200439453125 0.5858154296875
0.0177955627441406 -0.0404510498046875 0.175048828125 0.4356689453125
-0.00806236267089844 -0.0312366485595703 0.34954833984375 0.07830810546875
-0.00374126434326172 -0.0113954544067383 0.267684936523438 -0.2064208984375
0.0133094787597656 -0.0231723785400391 -0.3050537109375 0.156158447265625
0.0186100006103516 -0.0310173034667969 -0.28717041015625 -0.1583251953125
0.0265960693359375 -0.0493812561035156 0.024139404296875 -0.489501953125
0.0377883911132813 -0.00746917724609375 0.555023193359375 -0.42425537109375
-0.0110492706298828 0.0293998718261719 0.77801513671875 0.3218994140625
-0.0248641967773438 -0.0387496948242187 0.27093505859375 0.898681640625
0.034454345703125 -0.0507774353027344 -0.21148681640625 0.62255859375
0.0668830871582031 -0.0669593811035156 0.0904083251953125 -0.02001953125
0.0221786499023438 -0.0622138977050781 0.14898681640625 -0.74749755859375
0.009490966796875 -0.0385818481445313 -0.54156494140625 -0.7958984375
0.0162315368652344 -0.00887107849121094 -0.7916259765625 0.0715332031250002
0.019378662109375 -0.02288818359375 -0.27655029296875 0.57244873046875
0.0181846618652344 -0.0405426025390625 0.14794921875 0.444000244140625
-0.00734138488769532 -0.0329933166503906 0.336029052734375 0.090362548828125
0.00382614135742187 -0.00951576232910156 0.259872436523438 -0.203811645507813
0.00978660583496094 -0.024139404296875 -0.266647338867188 0.184860229492187
0.0124568939208984 0.0259742736816406 -0.299774169921875 -0.098419189453125
0.00477218627929688 0.0106048583984375 -0.08160400390625 -0.454681396484375
-0.0143852233886719 0.0219573974609375 0.4061279296875 -0.51641845703125
-0.041351318359375 0.0380706787109375 0.7835693359375 0.0997314453125
-0.0335502624511719 0.00446319580078125 0.4700927734375 0.799072265625
0.0186119079589844 0.0389022827148438 -0.13067626953125 0.7430419921875
0.0157661437988281 0.041290283203125 -0.00394439697265625 0.114524841308594
0.0257911682128906 0.0345516204833984 0.24346923828125 -0.625244140625
0.0192909240722656 -0.0121955871582031 -0.34844970703125 -0.909423828125
-0.0226936340332031 -0.00634765625 -0.82794189453125 -0.15386962890625
-0.0219841003417969 0.0214252471923828 -0.433197021484375 0.503265380859375
-0.0062255859375 0.0256576538085938 0.05108642578125 0.477508544921875
-0.00587272644042968 0.0221958160400391 0.331207275390625 0.14434814453125
-0.00275802612304687 -0.0147123336791992 0.28662109375 -0.167388916015625
-9.72747802734366E-05 -0.0252494812011719 -0.258514404296875 0.184188842773438
0.00896072387695313 0.0180683135986328 -0.282562255859375 -0.1158447265625
0.00540447235107422 0.000850677490234375 -0.041473388671875 -0.4644775390625
-0.00724887847900391 0.0155630111694336 0.455413818359375 -0.48724365234375
-0.0329360961914063 0.0347328186035156 0.7833251953125 0.17205810546875
-0.0336093902587891 0.0148391723632813 0.40606689453125 0.84942626953125
0.0073394775390625 0.058563232421875 -0.1705322265625 0.72607421875
-0.00249099731445313 0.0523147583007813 0.00997161865234376 0.0877456665039063
0.01580810546875 0.0475997924804688 0.20648193359375 -0.6514892578125
0.0175876617431641 -0.00042724609375 -0.42059326171875 -0.8685302734375
-0.011256217956543 -0.00373268127441406 -0.82098388671875 -0.07318115234375
-0.0098876953125 0.013951301574707 -0.380035400390625 0.535430908203125
0.00182914733886719 0.0160093307495117 0.0907897949218749 0.472198486328125
-0.00659084320068359 0.0135469436645508 0.344482421875 0.126190185546875
-0.00845050811767578 -0.017338752746582 0.292877197265625 -0.176666259765625
-0.00252532958984375 -0.0282115936279297 -0.256179809570313 0.180801391601563
0.00823974609375 0.00959587097167969 -0.264938354492187 -0.132492065429688
0.00904560089111328 -0.0125656127929687 -0.00503540039062497 -0.470672607421875
0.00387096405029297 0.00595808029174805 0.5050048828125 -0.45330810546875
-0.0248184204101563 0.0379257202148438 0.778564453125 0.249755859375
-0.03021240234375 0.0242881774902344 0.336669921875 0.89044189453125
-0.00162124633789062 0.0653190612792969 -0.2080078125 0.70001220703125
-0.0122909545898438 0.0537300109863281 0.0274734497070313 0.0545501708984375
0.00897216796874999 0.0500068664550781 0.16925048828125 -0.67584228515625
0.0195865631103516 0.00665855407714844 -0.484375 -0.82171630859375
0.000598311424255371 -0.00204694271087646 -0.81085205078125 0.00140380859374986
0.000195026397705078 0.00290918350219727 -0.329559326171875 0.5570068359375
0.00694751739501953 0.00322151184082031 0.130218505859375 0.459075927734375
-0.00825262069702148 0.00493955612182617 0.35845947265625 0.105377197265625
-0.0114402770996094 -0.0191268920898438 0.296539306640625 -0.1822509765625
-0.00464820861816406 -0.0288372039794922 -0.258575439453125 0.177001953125
0.012725830078125 -0.000750541687011719 -0.25677490234375 -0.14422607421875
0.0173759460449219 -0.0278034210205078 0.02978515625 -0.47442626953125
0.0180130004882813 -0.00196075439453125 0.541595458984375 -0.420440673828125
-0.0159111022949219 0.0358810424804688 0.76885986328125 0.31024169921875
-0.0315589904785156 0.02398681640625 0.2735595703125 0.9166259765625
-0.00872421264648438 0.060272216796875 -0.23309326171875 0.6741943359375
-0.0103263854980469 0.043670654296875 0.0454139709472656 0.0242424011230469
0.00683212280273437 0.0433235168457031 0.1446533203125 -0.69915771484375
0.0204505920410156 0.00619888305664062 -0.53118896484375 -0.7833251953125
0.0126771926879883 -0.004425048828125 -0.79547119140625 0.0637817382812498
0.00625991821289063 -0.00860166549682617 -0.28070068359375 0.5732421875
0.0123977661132813 -0.0119400024414063 0.1607666015625 0.447418212890625
-0.00843238830566406 -0.00795412063598633 0.3641357421875 0.091888427734375
-0.0145673751831055 -0.0156097412109375 0.293304443359375 -0.191375732421875
-0.00156593322753906 -0.0310153961181641 -0.268051147460938 0.171615600585938
0.0133867263793945 -0.0113906860351563 -0.253311157226563 -0.152374267578125
0.0245437622070313 -0.0387763977050781 0.04522705078125 -0.479095458984375
0.0311489105224609 -0.00519180297851563 0.56573486328125 -0.4014892578125
-0.0118217468261719 0.038116455078125 0.75921630859375 0.3529052734375
-0.0305995941162109 0.0181598663330078 0.23358154296875 0.92626953125
-0.00897598266601562 0.045654296875 -0.248291015625 0.6466064453125
-0.00594329833984375 0.0249843597412109 0.0639114379882813 -0.000377655029296874
0.00384140014648438 0.0291481018066406 0.12518310546875 -0.719482421875
0.0203590393066406 0.00223159790039063 -0.5595703125 -0.76092529296875
0.0197334289550781 -0.00688934326171875 -0.78131103515625 0.0985107421874998
0.0143070220947266 -0.0188941955566406 -0.25250244140625 0.5838623046875
0.0124340057373047 -0.0250701904296875 0.174407958984375 0.43829345703125
-0.0111007690429688 -0.0173206329345703 0.363433837890625 0.080352783203125
-0.0106906890869141 -0.0143661499023438 0.2843017578125 -0.198944091796875
0.00244331359863282 -0.0297470092773438 -0.275634765625 0.16351318359375
0.0178127288818359 -0.0227031707763672 -0.257171630859375 -0.159042358398438
0.0298614501953125 -0.0461273193359375 0.052093505859375 -0.48077392578125
0.0371475219726563 -0.00838851928710938 0.57666015625 -0.39178466796875
-0.00312042236328125 0.0353164672851563 0.7596435546875 0.36529541015625
-0.0290565490722656 0.00391197204589843 0.21978759765625 0.9285888671875
0.00101661682128906 0.0204582214355469 -0.2470703125 0.62823486328125
0.0100507736206055 -0.000440597534179687 0.0777130126953125 -0.0161590576171875
0.00521612167358398 0.00605916976928711 0.12359619140625 -0.734619140625
0.018096923828125 -0.00410079956054688 -0.56988525390625 -0.7525634765625
0.0266227722167969 -0.00836753845214844 -0.775390625 0.1153564453125
0.0206317901611328 -0.0237407684326172 -0.23974609375 0.5855712890625
0.0155220031738281 -0.0327205657958984 0.179168701171875 0.432769775390625
-0.0106391906738281 -0.0229930877685547 0.358184814453125 0.07568359375
-0.0103816986083984 -0.0146808624267578 0.27618408203125 -0.203201293945313
0.006195068359375 -0.0284652709960938 -0.2896728515625 0.160430908203125
0.0191192626953125 -0.0303001403808594 -0.268814086914062 -0.16058349609375
0.03057861328125 -0.0489234924316406 0.0491943359375 -0.4832763671875
0.0407295227050781 -0.00770187377929688 0.57733154296875 -0.39703369140625
-0.00477409362792969 0.034454345703125 0.762451171875 0.36383056640625
-0.0254535675048828 -0.0147647857666016 0.2237548828125 0.92010498046875
0.0166940689086914 -0.0142736434936523 -0.23651123046875 0.61444091796875
0.0355300903320313 -0.0311431884765625 0.09063720703125 -0.0295639038085938
0.0126609802246094 -0.0258369445800781 0.1217041015625 -0.743408203125
0.0151653289794922 -0.0208415985107422 -0.572998046875 -0.7574462890625
0.0222129821777344 -0.00908279418945313 -0.77630615234375 0.11572265625
0.0206813812255859 -0.0271472930908203 -0.2391357421875 0.58148193359375
0.0180587768554688 -0.0404205322265625 0.175933837890625 0.432769775390625
-0.00746726989746094 -0.0306434631347656 0.348663330078125 0.07635498046875
-0.00337886810302734 -0.0122442245483398 0.266021728515625 -0.206695556640625
0.0143070220947266 -0.0244655609130859 -0.3028564453125 0.15826416015625
0.0188255310058594 -0.0302963256835938 -0.28607177734375 -0.153594970703125
0.0253105163574219 -0.0486869812011719 0.020751953125 -0.48748779296875
0.0363502502441406 -0.00945663452148438 0.55218505859375 -0.423828125
-0.00895309448242188 0.0270500183105469 0.77825927734375 0.318359375
-0.0258903503417969 -0.0384101867675781 0.271240234375 0.8939208984375
0.0334281921386719 -0.0505523681640625 -0.20831298828125 0.62017822265625
0.0661277770996094 -0.066680908203125 0.0919570922851563 -0.0211410522460938
0.0224800109863281 -0.0624275207519531 0.14422607421875 -0.74224853515625
0.00837326049804687 -0.0370979309082031 -0.54150390625 -0.78997802734375
0.0175876617431641 -0.00684547424316406 -0.7867431640625 0.0718383789062502
0.0201549530029297 -0.0218830108642578 -0.27203369140625 0.5697021484375
0.0199203491210938 -0.0407829284667969 0.150115966796875 0.44085693359375
-0.00617218017578125 -0.0305194854736328 0.334686279296875 0.088134765625
0.000482559204101564 -0.010411262512207 0.257476806640625 -0.205276489257813
0.00774765014648438 -0.0251426696777344 -0.265060424804688 0.1859130859375
0.0121784210205078 0.0243110656738281 -0.297576904296875 -0.095947265625
0.00288772583007813 0.0118818283081055 -0.081634521484375 -0.4527587890625
-0.0147266387939453 0.0234546661376953 0.403045654296875 -0.51727294921875
-0.0414924621582031 0.0367698669433594 0.77813720703125 0.0965576171875
-0.0334091186523438 0.00475502014160157 0.46783447265625 0.79473876953125
0.0191764831542969 0.0391349792480469 -0.12762451171875 0.739013671875
0.015655517578125 0.0421600341796875 -0.0042877197265625 0.115577697753906
0.0260543823242188 0.0342350006103516 0.2418212890625 -0.621337890625
0.0181961059570312 -0.0107040405273438 -0.34814453125 -0.908935546875
-0.0231266021728516 -0.00500679016113282 -0.82171630859375 -0.1519775390625
-0.0226898193359375 0.0223731994628906 -0.428558349609375 0.501861572265625
-0.00324821472167968 0.0266571044921875 0.048980712890625 0.477142333984375
-0.00547599792480469 0.0213108062744141 0.329010009765625 0.14190673828125
-0.00191020965576172 -0.0146522521972656 0.284912109375 -0.170501708984375
0.000555038452148435 -0.0270214080810547 -0.256072998046875 0.184906005859375
0.0103225708007813 0.0215740203857422 -0.278732299804688 -0.115081787109375
0.00549697875976563 1.57356262207031E-05 -0.04278564453125 -0.46173095703125
-0.00588512420654297 0.0129909515380859 0.45355224609375 -0.487274169921875
-0.0345001220703125 0.0355987548828125 0.78240966796875 0.1697998046875
-0.0291767120361328 0.0160636901855469 0.40802001953125 0.84588623046875
0.0074310302734375 0.0564765930175781 -0.1668701171875 0.72320556640625
-0.00126266479492188 0.0518226623535156 0.008544921875 0.0864715576171875
0.0166893005371094 0.0472526550292969 0.20587158203125 -0.6483154296875
0.0172672271728516 -0.00180721282958984 -0.4161376953125 -0.8648681640625
-0.0128650665283203 -0.00234127044677734 -0.8203125 -0.07073974609375
-0.0117425918579102 0.0141611099243164 -0.37774658203125 0.533599853515625
0.00174140930175781 0.0146188735961914 0.0931701660156251 0.469482421875
-0.00664710998535156 0.0138921737670898 0.345306396484375 0.125335693359375
-0.00897502899169922 -0.0148639678955078 0.2899169921875 -0.17706298828125
-0.00214767456054688 -0.0296382904052734 -0.256622314453125 0.181716918945313
0.00998497009277344 0.0110559463500977 -0.266204833984375 -0.129791259765625
0.010162353515625 -0.0130043029785156 -0.005462646484375 -0.468597412109375
0.00371837615966797 0.00591516494750977 0.501708984375 -0.452484130859375
-0.0253143310546875 0.0370559692382813 0.77679443359375 0.24432373046875
-0.0306491851806641 0.0231781005859375 0.337646484375 0.88677978515625
-0.00272369384765625 0.0642547607421875 -0.2054443359375 0.6982421875
-0.0114326477050781 0.0518875122070313 0.0267715454101563 0.0558357238769531
0.00963973999023437 0.0503349304199219 0.170654296875 -0.6734619140625
0.0200271606445313 0.00766754150390625 -0.48272705078125 -0.81781005859375
-0.000840187072753906 -0.0027616024017334 -0.80877685546875 0.00421142578124994
-0.00224518775939941 0.00401997566223145 -0.323944091796875 0.556732177734375
0.007537841796875 0.00264644622802734 0.129852294921875 0.45684814453125
-0.00828266143798828 0.00480222702026367 0.356414794921875 0.10540771484375
-0.0120983123779297 -0.0183773040771484 0.292510986328125 -0.18359375
-0.00301933288574219 -0.0310688018798828 -0.257080078125 0.1771240234375
0.0122957229614258 -0.00159931182861328 -0.256103515625 -0.141708374023438
0.0171604156494141 -0.0267829895019531 0.02386474609375 -0.47064208984375
0.0162992477416992 0.000459671020507813 0.539215087890625 -0.421905517578125
-0.0162391662597656 0.0407676696777344 0.7672119140625 0.3062744140625
-0.0321044921875 0.0233497619628906 0.2762451171875 0.91278076171875
-0.0089263916015625 0.0593032836914063 -0.23162841796875 0.66876220703125
-0.0126228332519531 0.0408287048339844 0.0463027954101562 0.0265731811523438
0.00693893432617187 0.0441055297851563 0.13983154296875 -0.6959228515625
0.0181293487548828 0.00833320617675781 -0.5302734375 -0.78070068359375
0.0103759765625 -0.00381565093994141 -0.7913818359375 0.0615234374999999
0.00750875473022461 -0.00866079330444336 -0.27813720703125 0.57257080078125
0.0113401412963867 -0.0120925903320312 0.15924072265625 0.4449462890625
-0.00954151153564453 -0.00681495666503906 0.363189697265625 0.088897705078125
-0.0145969390869141 -0.01788330078125 0.28973388671875 -0.1917724609375
-0.00236129760742187 -0.0312175750732422 -0.265182495117188 0.168777465820313
0.014460563659668 -0.0133142471313477 -0.253814697265625 -0.1519775390625
0.0245552062988281 -0.0386161804199219 0.044281005859375 -0.474212646484375
0.0294094085693359 -0.0051727294921875 0.565185546875 -0.39996337890625
-0.00785446166992187 0.0394020080566406 0.75885009765625 0.34796142578125
-0.0299930572509766 0.0175819396972656 0.23492431640625 0.92498779296875
-0.00798416137695312 0.0434188842773438 -0.24700927734375 0.64581298828125
-0.00477790832519531 0.0242500305175781 0.0627708435058594 0.000270843505859376
0.00310897827148438 0.0289306640625 0.12353515625 -0.71380615234375
0.0192775726318359 0.00364494323730469 -0.5574951171875 -0.756591796875
0.0195236206054688 -0.0068817138671875 -0.776123046875 0.10052490234375
0.0128173828125 -0.0201015472412109 -0.2510986328125 0.5811767578125
0.0160999298095703 -0.0241909027099609 0.175689697265625 0.434600830078125
-0.00954341888427735 -0.0167112350463867 0.363739013671875 0.078155517578125
-0.0137062072753906 -0.0167312622070313 0.282012939453125 -0.197540283203125
0.00240898132324218 -0.0303211212158203 -0.273269653320313 0.165390014648437
0.0181808471679688 -0.0224666595458984 -0.257186889648437 -0.15740966796875
0.0288200378417969 -0.0471534729003906 0.050750732421875 -0.478546142578125
0.0372276306152344 -0.00696182250976563 0.57342529296875 -0.39398193359375
-0.00397109985351563 0.0381050109863281 0.7581787109375 0.3629150390625
-0.0279903411865234 0.00538825988769531 0.218505859375 0.92498779296875
0.000518798828125 0.0191402435302734 -0.24383544921875 0.62451171875
0.00999736785888672 -0.000393867492675781 0.0768051147460938 -0.01568603515625
0.00794410705566406 0.0045924186706543 0.11956787109375 -0.73175048828125
0.018463134765625 -0.00586318969726563 -0.5675048828125 -0.7489013671875
0.0247688293457031 -0.00885963439941406 -0.77044677734375 0.1170654296875
0.0195579528808594 -0.0266895294189453 -0.239013671875 0.58135986328125
0.0168857574462891 -0.0343856811523438 0.178741455078125 0.432159423828125
-0.00960922241210938 -0.02490234375 0.356048583984375 0.074554443359375
-0.00909042358398438 -0.01513671875 0.275161743164062 -0.202880859375
0.00706672668457031 -0.0279998779296875 -0.287933349609375 0.161224365234375
0.0202846527099609 -0.0299186706542969 -0.266677856445313 -0.159271240234375
0.0289802551269531 -0.0498695373535156 0.047515869140625 -0.48272705078125
0.0400123596191406 -0.008026123046875 0.5733642578125 -0.39801025390625
-0.0035858154296875 0.0351123809814453 0.760986328125 0.36273193359375
-0.0269203186035156 -0.0162448883056641 0.22064208984375 0.917236328125
0.0149955749511719 -0.012354850769043 -0.23150634765625 0.61187744140625
0.0350475311279297 -0.0321369171142578 0.0911331176757813 -0.0283126831054688
0.0110244750976563 -0.0254764556884766 0.1181640625 -0.74224853515625
0.0136241912841797 -0.0174169540405273 -0.57110595703125 -0.75164794921875
0.0232925415039063 -0.0112571716308594 -0.7703857421875 0.115478515625
0.0203151702880859 -0.0264434814453125 -0.235107421875 0.581787109375
0.0176124572753906 -0.0401802062988281 0.176544189453125 0.43072509765625
-0.00846481323242187 -0.0297908782958984 0.346771240234375 0.073883056640625
-0.00354385375976562 -0.0119724273681641 0.263885498046875 -0.205810546875
0.0137100219726563 -0.02337646484375 -0.298828125 0.159210205078125
0.0217132568359375 -0.0308685302734375 -0.287872314453125 -0.152374267578125
0.0263824462890625 -0.0466499328613281 0.022064208984375 -0.486114501953125
0.0346508026123047 -0.00713348388671875 0.546539306640625 -0.4228515625
-0.00822257995605469 0.0278434753417969 0.774658203125 0.31243896484375
-0.0262947082519531 -0.0391769409179688 0.27099609375 0.88946533203125
0.0332984924316406 -0.049652099609375 -0.20703125 0.61785888671875
0.0650596618652344 -0.0646476745605469 0.0895233154296875 -0.0188140869140625
0.0208969116210938 -0.0622940063476563 0.1446533203125 -0.739013671875
0.00834274291992188 -0.0385322570800781 -0.5394287109375 -0.78668212890625
0.0179882049560547 -0.007904052734375 -0.781982421875 0.0745239257812501
0.0205001831054688 -0.0201606750488281 -0.26904296875 0.5711669921875
0.0188484191894531 -0.0390129089355469 0.153411865234375 0.439178466796875
-0.00521278381347657 -0.0338020324707031 0.33465576171875 0.08428955078125
0.00300312042236328 -0.00968837738037109 0.256271362304688 -0.203536987304688
0.00880622863769531 -0.0256843566894531 -0.263229370117188 0.188064575195312
0.0121345520019531 0.0235729217529297 -0.297515869140625 -0.094085693359375
0.00209808349609375 0.0110073089599609 -0.08331298828125 -0.451019287109375
-0.0143833160400391 0.0235385894775391 0.400054931640625 -0.515167236328125
-0.0406112670898438 0.0376396179199219 0.7769775390625 0.09576416015625
-0.0325679779052734 0.00477790832519531 0.46722412109375 0.7921142578125
0.0194091796875 0.039306640625 -0.1273193359375 0.73773193359375
0.0144500732421875 0.0418128967285156 -0.00312042236328125 0.114891052246094
0.0264129638671875 0.0342979431152344 0.2410888671875 -0.61865234375
0.0185108184814453 -0.011322021484375 -0.34820556640625 -0.90264892578125
-0.0226001739501953 -0.00394821166992188 -0.81890869140625 -0.15093994140625
-0.0220928192138672 0.0228519439697266 -0.42840576171875 0.499969482421875
-0.00472831726074219 0.0263957977294922 0.0516357421875 0.4754638671875
-0.00535202026367188 0.0225925445556641 0.329559326171875 0.13995361328125
-0.00232219696044922 -0.0139074325561523 0.2835693359375 -0.170379638671875
0.00263404846191406 -0.0266380310058594 -0.255615234375 0.18609619140625
0.0119247436523438 0.0204143524169922 -0.279693603515625 -0.112686157226562
0.00361180305480957 0.000287771224975586 -0.0447998046875 -0.46026611328125
-0.00785636901855469 0.0143890380859375 0.451812744140625 -0.486114501953125
-0.0336990356445313 0.0360260009765625 0.7794189453125 0.16925048828125
-0.0308208465576172 0.01617431640625 0.4052734375 0.84228515625
0.00771713256835937 0.0569343566894531 -0.16729736328125 0.72015380859375
-0.00277328491210937 0.0509529113769531 0.0102081298828125 0.0877609252929688
0.0168113708496094 0.0467185974121094 0.2047119140625 -0.64459228515625
0.0184001922607422 0.00101280212402344 -0.419189453125 -0.86041259765625
-0.0124959945678711 -0.00176143646240234 -0.8173828125 -0.0714721679687502
-0.0115423202514648 0.0143051147460938 -0.3763427734375 0.53192138671875
0.00303554534912109 0.0162582397460938 0.092987060546875 0.46697998046875
-0.00656318664550781 0.0149936676025391 0.343109130859375 0.121612548828125
-0.00752925872802734 -0.0164813995361328 0.28875732421875 -0.175933837890625
-0.001953125 -0.0296211242675781 -0.254058837890625 0.182342529296875
0.0105962753295898 0.0114097595214844 -0.265304565429688 -0.1278076171875
0.00858592987060547 -0.0120716094970703 -0.00753784179687502 -0.46710205078125
0.00467967987060547 0.00560283660888672 0.5001220703125 -0.4512939453125
-0.023773193359375 0.0367774963378906 0.77569580078125 0.2430419921875
-0.0291767120361328 0.0227317810058594 0.3365478515625 0.884765625
-0.00192260742187499 0.0639495849609375 -0.20233154296875 0.69635009765625
-0.0118217468261719 0.052276611328125 0.0275382995605469 0.0562782287597656
0.0101127624511719 0.0503463745117187 0.16864013671875 -0.67169189453125
0.0199832916259766 0.007080078125 -0.48004150390625 -0.81536865234375
-0.000172138214111328 -0.00170624256134033 -0.8046875 0.00457763671874995
-0.0020747184753418 0.00237321853637695 -0.32232666015625 0.556671142578125
0.00797557830810547 0.00309276580810547 0.130462646484375 0.4559326171875
-0.00939178466796875 0.00474834442138672 0.356597900390625 0.10443115234375
-0.0127124786376953 -0.0169467926025391 0.291229248046875 -0.183349609375
-0.00371932983398438 -0.0307865142822266 -0.256362915039063 0.177322387695312
0.0139122009277344 -4.76837158203125E-06 -0.255111694335938 -0.140579223632813
0.0156021118164063 -0.0255718231201172 0.023468017578125 -0.471405029296875
0.0158863067626953 -0.00129890441894531 0.53729248046875 -0.42230224609375
-0.0150070190429687 0.0386924743652344 0.7662353515625 0.30523681640625
-0.0304412841796875 0.0238914489746094 0.2750244140625 0.9078369140625
-0.00778961181640625 0.0605545043945313 -0.2330322265625 0.667724609375
-0.013031005859375 0.0437469482421875 0.0456161499023438 0.0253715515136719
0.00545120239257812 0.0426559448242187 0.1412353515625 -0.69366455078125
0.0192222595214844 0.00545310974121094 -0.52911376953125 -0.7763671875
0.0106725692749023 -0.00481700897216797 -0.78851318359375 0.0632324218749999
0.00685977935791016 -0.00825214385986328 -0.27874755859375 0.5716552734375
0.0119752883911133 -0.0113906860351563 0.15936279296875 0.442901611328125
-0.0106449127197266 -0.00600528717041016 0.36297607421875 0.08782958984375
-0.0145416259765625 -0.0170660018920898 0.28759765625 -0.192230224609375
-0.00278282165527343 -0.0317459106445313 -0.262832641601562 0.172286987304688
0.0155124664306641 -0.0129537582397461 -0.253067016601563 -0.149551391601562
0.0234489440917969 -0.0380821228027344 0.04248046875 -0.474456787109375
0.0291919708251953 -0.00620651245117188 0.560455322265625 -0.402557373046875
-0.00774002075195312 0.0377311706542969 0.7574462890625 0.34515380859375
-0.0284233093261719 0.0185089111328125 0.23388671875 0.9210205078125
-0.00701141357421875 0.0443229675292969 -0.2431640625 0.64251708984375
-0.00492286682128907 0.0238323211669922 0.0634078979492188 0.00122451782226563
0.00447654724121094 0.0264129638671875 0.12158203125 -0.712158203125
0.01947021484375 0.00314521789550781 -0.55633544921875 -0.75421142578125
0.0187950134277344 -0.00664138793945313 -0.77655029296875 0.10028076171875
0.0130901336669922 -0.018524169921875 -0.2490234375 0.57867431640625
0.0142421722412109 -0.0258407592773437 0.176666259765625 0.432952880859375
-0.0106515884399414 -0.0165815353393555 0.3599853515625 0.07623291015625
-0.0134525299072266 -0.0161762237548828 0.28131103515625 -0.198516845703125
0.00186920166015625 -0.0306529998779297 -0.271697998046875 0.167434692382813
0.0183067321777344 -0.0225582122802734 -0.25799560546875 -0.15533447265625
0.0289497375488281 -0.0449295043945313 0.04833984375 -0.478912353515625
0.0378227233886719 -0.009063720703125 0.57098388671875 -0.39422607421875
-0.00170135498046875 0.0377235412597656 0.75872802734375 0.36065673828125
-0.0278339385986328 0.00553321838378906 0.2198486328125 0.92236328125
0.00118064880371094 0.0208759307861328 -0.24285888671875 0.62359619140625
0.00947952270507813 -0.00140857696533203 0.0783157348632812 -0.0157241821289062
0.00591421127319336 0.00505590438842774 0.117431640625 -0.72808837890625
0.0185890197753906 -0.00494956970214844 -0.5677490234375 -0.7451171875
0.0250682830810547 -0.00947952270507813 -0.77032470703125 0.11529541015625
0.0179233551025391 -0.0259590148925781 -0.23541259765625 0.58001708984375
0.0173110961914063 -0.0346393585205078 0.17913818359375 0.429718017578125
-0.00989532470703125 -0.0245437622070312 0.355438232421875 0.070831298828125
-0.00985336303710938 -0.0141096115112305 0.272384643554688 -0.202850341796875
0.00815963745117188 -0.0286846160888672 -0.285797119140625 0.161834716796875
0.0207672119140625 -0.0293807983398437 -0.267852783203125 -0.155975341796875
0.02923583984375 -0.0482368469238281 0.04559326171875 -0.4825439453125
0.0395164489746094 -0.0090484619140625 0.57177734375 -0.39715576171875
-0.001861572265625 0.0342235565185547 0.7608642578125 0.3599853515625
-0.0256595611572266 -0.0150642395019531 0.225341796875 0.9144287109375
0.0165290832519531 -0.0120468139648438 -0.231689453125 0.613037109375
0.0337677001953125 -0.0315780639648438 0.090118408203125 -0.0281448364257813
0.0109481811523438 -0.0262413024902344 0.1185302734375 -0.7381591796875
0.01409912109375 -0.0189743041992188 -0.5704345703125 -0.74798583984375
0.02459716796875 -0.00953292846679688 -0.76776123046875 0.11572265625
0.0199260711669922 -0.0260772705078125 -0.2330322265625 0.5811767578125
0.017852783203125 -0.0401992797851562 0.17620849609375 0.428680419921875
-0.008270263671875 -0.0290317535400391 0.346405029296875 0.07293701171875
-0.00462818145751953 -0.0126399993896484 0.261978149414063 -0.20562744140625
0.0137214660644531 -0.02459716796875 -0.29736328125 0.16058349609375
0.0210475921630859 -0.0304489135742188 -0.285491943359375 -0.149658203125
0.0250511169433594 -0.0475654602050781 0.0171508789062501 -0.48419189453125
0.0343704223632813 -0.00695610046386719 0.545318603515625 -0.425567626953125
-0.00639915466308594 0.0287570953369141 0.77337646484375 0.31201171875
-0.0263023376464844 -0.0387306213378906 0.2724609375 0.88677978515625
0.0339622497558594 -0.0504264831542969 -0.2052001953125 0.6162109375
0.0651092529296875 -0.0653266906738281 0.0908279418945313 -0.0187149047851563
0.0218696594238281 -0.0619277954101563 0.14404296875 -0.7366943359375
0.0077362060546875 -0.0370292663574219 -0.53802490234375 -0.7828369140625
0.0181617736816406 -0.0096282958984375 -0.78118896484375 0.0740356445312501
0.0197257995605469 -0.0219955444335938 -0.26678466796875 0.56787109375
0.0196342468261719 -0.0395965576171875 0.153289794921875 0.4384765625
-0.00570487976074219 -0.0303020477294922 0.33380126953125 0.08355712890625
0.00254535675048828 -0.00937080383300781 0.2548828125 -0.203781127929687
0.00990104675292969 -0.0255928039550781 -0.262405395507813 0.189285278320312
0.0139122009277344 0.0232982635498047 -0.296875 -0.092529296875
0.00234889984130859 0.0118560791015625 -0.08428955078125 -0.448822021484375
-0.0149517059326172 0.0230846405029297 0.397979736328125 -0.514495849609375
-0.0394973754882813 0.0381088256835938 0.77783203125 0.0947265625
-0.0324821472167969 0.00580215454101562 0.46661376953125 0.7904052734375
0.0192794799804687 0.0395126342773438 -0.12628173828125 0.73626708984375
0.0137252807617188 0.0406112670898438 -0.00296783447265625 0.115531921386719
0.0267086029052734 0.0336189270019531 0.23968505859375 -0.61871337890625
0.0179977416992188 -0.0107784271240234 -0.348876953125 -0.90118408203125
-0.0220088958740234 -0.00471115112304688 -0.81829833984375 -0.15191650390625
-0.0230331420898437 0.0217037200927734 -0.4266357421875 0.499664306640625
-0.00357627868652344 0.0252761840820313 0.05194091796875 0.475341796875
-0.00441360473632813 0.022613525390625 0.32904052734375 0.13970947265625
-0.00273990631103516 -0.0142803192138672 0.2840576171875 -0.169342041015625
0.00279426574707032 -0.0268344879150391 -0.254486083984375 0.186767578125
0.0126476287841797 0.0210475921630859 -0.279159545898437 -0.111984252929687
0.00341224670410156 0.00127506256103516 -0.046539306640625 -0.4588623046875
-0.00947475433349609 0.0127954483032227 0.44927978515625 -0.48486328125
-0.0318450927734375 0.0369949340820312 0.7799072265625 0.16729736328125
-0.0290374755859375 0.0172824859619141 0.4058837890625 0.8409423828125
0.00812530517578126 0.0568084716796875 -0.16583251953125 0.71978759765625
-0.00162506103515625 0.0516471862792969 0.0106658935546875 0.0882034301757813
0.0169639587402344 0.0468025207519531 0.2037353515625 -0.64422607421875
0.0184803009033203 0.00152587890625 -0.4176025390625 -0.85906982421875
-0.0117015838623047 -0.00124073028564453 -0.81610107421875 -0.0714721679687499
-0.0120115280151367 0.0139932632446289 -0.3748779296875 0.531036376953125
0.00237178802490234 0.01593017578125 0.0921630859375 0.4659423828125
-0.00697040557861328 0.0151557922363281 0.344482421875 0.121337890625
-0.00875568389892578 -0.0154752731323242 0.28875732421875 -0.176025390625
-0.000341415405273439 -0.0297431945800781 -0.251876831054688 0.183761596679687
0.0115127563476563 0.0111370086669922 -0.26556396484375 -0.1268310546875
0.00968360900878906 -0.0129690170288086 -0.00720214843749998 -0.465606689453125
0.00384688377380371 0.00421690940856934 0.4979248046875 -0.45233154296875
-0.0233535766601563 0.0370864868164062 0.77392578125 0.24237060546875
-0.0294361114501953 0.0238742828369141 0.33709716796875 0.88262939453125
-0.00217819213867188 0.0648422241210937 -0.2037353515625 0.6951904296875
-0.0116844177246094 0.0524101257324219 0.0276641845703125 0.0564994812011719
0.0101394653320312 0.0506401062011719 0.1685791015625 -0.66998291015625
0.0189018249511719 0.00738906860351562 -0.48028564453125 -0.8140869140625
-0.000521421432495117 -0.00243997573852539 -0.80487060546875 0.00469970703125001
-0.00150036811828613 0.00303936004638672 -0.32147216796875 0.55535888671875
0.00874185562133789 0.00315046310424805 0.13140869140625 0.45550537109375
-0.00791168212890625 0.00498723983764648 0.354766845703125 0.102325439453125
-0.0122480392456055 -0.0169343948364258 0.289581298828125 -0.182891845703125
-0.00164222717285156 -0.0297069549560547 -0.255126953125 0.179275512695313
0.0137538909912109 -0.000638008117675781 -0.25518798828125 -0.138290405273438
0.0157890319824219 -0.0257091522216797 0.023040771484375 -0.470123291015625
0.0166530609130859 -0.00166034698486328 0.5360107421875 -0.421539306640625
-0.0144081115722656 0.0385322570800781 0.766357421875 0.303955078125
-0.0292949676513672 0.0250892639160156 0.273193359375 0.90936279296875
-0.00829696655273438 0.0601387023925781 -0.23065185546875 0.6656494140625
-0.0124397277832031 0.0424423217773438 0.0457725524902344 0.0259284973144531
0.00587081909179688 0.0440711975097656 0.1412353515625 -0.69232177734375
0.0203437805175781 0.00711250305175781 -0.5284423828125 -0.77679443359375
0.00990962982177734 -0.00432109832763672 -0.78936767578125 0.0634765624999999
0.00716161727905273 -0.00870513916015625 -0.27685546875 0.5709228515625
0.0123434066772461 -0.0112991333007812 0.15850830078125 0.441192626953125
-0.00991916656494141 -0.00628376007080078 0.362274169921875 0.08587646484375
-0.0137233734130859 -0.0178298950195313 0.286529541015625 -0.1920166015625
-0.000789642333984373 -0.0320205688476563 -0.261184692382813 0.172500610351562
0.0166120529174805 -0.0124969482421875 -0.252105712890625 -0.148101806640625
0.0224037170410156 -0.0364799499511719 0.0416259765625 -0.47454833984375
0.0277633666992188 -0.00612068176269531 0.559417724609375 -0.40093994140625
-0.00634384155273437 0.0396156311035156 0.755126953125 0.34429931640625
-0.0270156860351563 0.0196456909179687 0.23492431640625 0.92218017578125
-0.00664138793945312 0.0441703796386719 -0.24249267578125 0.64007568359375
-0.00505447387695312 0.0233840942382813 0.0627861022949219 0.00107955932617188
0.00441169738769531 0.0280132293701172 0.12188720703125 -0.71246337890625
0.0199222564697266 0.00295829772949219 -0.5572509765625 -0.75152587890625
0.0190944671630859 -0.00916671752929688 -0.774169921875 0.099609375
0.0132675170898438 -0.0198135375976563 -0.24798583984375 0.57861328125
0.0153694152832031 -0.0250301361083984 0.175537109375 0.43243408203125
-0.00986194610595703 -0.0170364379882812 0.361175537109375 0.075042724609375
-0.0120840072631836 -0.0163660049438477 0.28192138671875 -0.19708251953125
0.00296211242675781 -0.0313205718994141 -0.27130126953125 0.167800903320313
0.0179500579833984 -0.0234451293945313 -0.258041381835938 -0.152740478515625
0.026947021484375 -0.0448417663574219 0.046661376953125 -0.477020263671875
0.0377197265625 -0.007476806640625 0.5697021484375 -0.3934326171875
-0.00152587890625 0.0380172729492188 0.7557373046875 0.35955810546875
-0.0275402069091797 0.00631904602050781 0.21856689453125 0.92156982421875
0.000709533691406248 0.0212249755859375 -0.24237060546875 0.6226806640625
0.0088958740234375 -0.00128746032714844 0.0784683227539063 -0.0156478881835938
0.00588846206665039 0.00493097305297852 0.11712646484375 -0.72637939453125
0.0182647705078125 -0.00554847717285156 -0.56695556640625 -0.74456787109375
0.0234031677246094 -0.00896644592285156 -0.76715087890625 0.114501953125
0.0170116424560547 -0.0253753662109375 -0.235107421875 0.57916259765625
0.0179901123046875 -0.0347747802734375 0.178619384765625 0.428619384765625
-0.00849342346191406 -0.0246219635009766 0.355133056640625 0.07098388671875
-0.00918197631835937 -0.0142040252685547 0.270843505859375 -0.203216552734375
0.0081634521484375 -0.0293369293212891 -0.28436279296875 0.1624755859375
0.0205802917480469 -0.0288333892822266 -0.26715087890625 -0.155776977539063
0.0287704467773437 -0.0488853454589844 0.04547119140625 -0.480865478515625
0.0401039123535156 -0.00916290283203125 0.5697021484375 -0.397705078125
-0.00168418884277343 0.0348300933837891 0.7601318359375 0.357421875
-0.0252132415771484 -0.0154781341552734 0.22381591796875 0.9130859375
0.0154151916503906 -0.0122995376586914 -0.2318115234375 0.6104736328125
0.0339622497558594 -0.0315132141113281 0.0907363891601563 -0.0276947021484375
0.0112171173095703 -0.0257568359375 0.11767578125 -0.73736572265625
0.0139713287353516 -0.0193328857421875 -0.56854248046875 -0.7470703125
0.0238552093505859 -0.00979995727539062 -0.767578125 0.11572265625
0.0200176239013672 -0.0271072387695313 -0.23406982421875 0.57952880859375
0.0180931091308594 -0.0394172668457031 0.176513671875 0.428863525390625
-0.00759506225585938 -0.0291805267333984 0.34600830078125 0.07110595703125
-0.00278854370117187 -0.0118474960327148 0.261825561523437 -0.205963134765625
0.01385498046875 -0.0238380432128906 -0.29608154296875 0.161865234375
0.0223350524902344 -0.0310344696044922 -0.2857666015625 -0.14813232421875
0.0245170593261719 -0.0473861694335938 0.018524169921875 -0.483978271484375
0.0343818664550781 -0.00634765625 0.54351806640625 -0.425567626953125
-0.00669288635253906 0.0288333892822266 0.7708740234375 0.3104248046875
-0.0248985290527344 -0.0383720397949219 0.27154541015625 0.88568115234375
0.0342559814453125 -0.0505447387695313 -0.20361328125 0.6163330078125
0.0638504028320313 -0.0655899047851563 0.0897216796875 -0.018402099609375
0.0209236145019531 -0.0615692138671875 0.14398193359375 -0.7344970703125
0.00663375854492187 -0.0377426147460938 -0.5382080078125 -0.780517578125
0.0185737609863281 -0.00855445861816406 -0.78070068359375 0.07537841796875
0.0202751159667969 -0.0220851898193359 -0.2645263671875 0.56781005859375
0.0195121765136719 -0.0383338928222656 0.151336669921875 0.437347412109375
-0.00433921813964844 -0.0303211212158203 0.33343505859375 0.082550048828125
0.00285243988037109 -0.00987052917480469 0.2540283203125 -0.20404052734375
0.0100727081298828 -0.0269985198974609 -0.26190185546875 0.189590454101562
0.0143032073974609 0.02484130859375 -0.29595947265625 -0.090728759765625
0.00136947631835938 0.0110654830932617 -0.08465576171875 -0.450042724609375
-0.015228271484375 0.023529052734375 0.398468017578125 -0.515625
-0.0382156372070313 0.0375900268554688 0.7760009765625 0.09423828125
-0.0301990509033203 0.00612449645996094 0.46636962890625 0.79071044921875
0.01947021484375 0.0384178161621094 -0.126220703125 0.7359619140625
0.0145149230957031 0.0409622192382812 -0.00173950195312499 0.1151123046875
0.0261955261230469 0.0345554351806641 0.24053955078125 -0.61663818359375
0.0178356170654297 -0.0104446411132812 -0.34765625 -0.90289306640625
-0.0226917266845703 -0.00447654724121094 -0.81927490234375 -0.15155029296875
-0.0235233306884766 0.0229778289794922 -0.426483154296875 0.500030517578125
-0.00339889526367188 0.0258827209472656 0.05194091796875 0.47564697265625
-0.00510597229003906 0.0223579406738281 0.328765869140625 0.1385498046875
-0.00330066680908203 -0.01422119140625 0.282318115234375 -0.170074462890625
0.00361824035644531 -0.026885986328125 -0.2530517578125 0.18731689453125
0.0137004852294922 0.0213909149169922 -0.279144287109375 -0.111083984375
0.0029900074005127 0.00159049034118652 -0.046844482421875 -0.458831787109375
-0.0082244873046875 0.0144453048706055 0.451019287109375 -0.48822021484375
-0.0302047729492188 0.0360450744628906 0.778564453125 0.1688232421875
-0.0293712615966797 0.0169219970703125 0.40460205078125 0.84027099609375
0.0086517333984375 0.0577507019042969 -0.16632080078125 0.720703125
-0.002777099609375 0.0519142150878906 0.0107574462890625 0.0888748168945313
0.0166091918945313 0.0464363098144531 0.203369140625 -0.64288330078125
0.0176582336425781 0.001373291015625 -0.4183349609375 -0.85626220703125
-0.0127038955688477 -0.00209522247314453 -0.81658935546875 -0.0739135742187498
-0.012751579284668 0.0132741928100586 -0.373931884765625 0.52996826171875
0.00274276733398438 0.016632080078125 0.092071533203125 0.467315673828125
-0.00625896453857422 0.0155525207519531 0.345123291015625 0.120635986328125
-0.00865268707275391 -0.0158395767211914 0.288665771484375 -0.176025390625
-0.000545501708984378 -0.0300979614257813 -0.251052856445313 0.184280395507812
0.0120820999145508 0.0105218887329102 -0.263992309570313 -0.125961303710937
0.00695419311523437 -0.0128078460693359 -0.00823974609375003 -0.465728759765625
0.00308942794799805 0.00576353073120117 0.499176025390625 -0.452362060546875
-0.0218849182128906 0.0375328063964844 0.77557373046875 0.2432861328125
-0.0278778076171875 0.0244369506835938 0.3349609375 0.88262939453125
-0.00222015380859375 0.0638084411621094 -0.20355224609375 0.6937255859375
-0.0127487182617187 0.0516853332519531 0.0265350341796875 0.05609130859375
0.0100746154785156 0.0501785278320313 0.1697998046875 -0.668212890625
0.0193595886230469 0.00671577453613281 -0.4820556640625 -0.81414794921875
-0.000251531600952148 -0.00189948081970215 -0.80419921875 0.00402832031249998
-0.00205445289611816 0.00300908088684082 -0.320526123046875 0.55596923828125
0.00885200500488281 0.00298309326171875 0.13043212890625 0.45501708984375
-0.00772476196289062 0.00526571273803711 0.355804443359375 0.10052490234375
-0.0116424560546875 -0.0166072845458984 0.2896728515625 -0.183074951171875
-0.00338935852050781 -0.0315494537353516 -0.254074096679687 0.179550170898438
0.0147562026977539 -0.000707626342773438 -0.25616455078125 -0.138626098632813
0.0153217315673828 -0.0250301361083984 0.0218505859375 -0.470947265625
0.0164413452148438 -0.000902175903320313 0.535125732421875 -0.421112060546875
-0.013214111328125 0.0391273498535156 0.76641845703125 0.303466796875
-0.0280876159667969 0.0253219604492187 0.2734375 0.907958984375
-0.0076904296875 0.0584373474121094 -0.2298583984375 0.66552734375
-0.0135917663574219 0.0428810119628906 0.0457839965820313 0.0264701843261719
0.00582504272460938 0.0438575744628906 0.140625 -0.69183349609375
0.0193328857421875 0.00619316101074219 -0.5269775390625 -0.7764892578125
0.00966167449951172 -0.00431346893310547 -0.78741455078125 0.06341552734375
0.00759553909301758 -0.00876331329345703 -0.27667236328125 0.56939697265625
0.0132789611816406 -0.0116729736328125 0.159393310546875 0.44024658203125
-0.00898838043212891 -0.00566387176513672 0.36199951171875 0.0850830078125
-0.0134515762329102 -0.0175180435180664 0.286712646484375 -0.19232177734375
-0.00153732299804687 -0.0321750640869141 -0.26080322265625 0.172409057617188
0.0169486999511719 -0.0117206573486328 -0.252471923828125 -0.146713256835938
0.0226593017578125 -0.0351352691650391 0.040679931640625 -0.47418212890625
0.0278129577636719 -0.0061798095703125 0.55999755859375 -0.404327392578125
-0.00610733032226562 0.0391120910644531 0.7572021484375 0.34503173828125
-0.0279064178466797 0.019317626953125 0.23223876953125 0.92144775390625
-0.006500244140625 0.0447883605957031 -0.24420166015625 0.64080810546875
-0.00687217712402344 0.0228404998779297 0.06341552734375 0.000774383544921876
0.00412750244140625 0.0266780853271484 0.12298583984375 -0.71063232421875
0.0201015472412109 0.0028076171875 -0.5572509765625 -0.75115966796875
0.0188255310058594 -0.00747489929199219 -0.77496337890625 0.0986938476562502
0.0132999420166016 -0.0195980072021484 -0.246826171875 0.577880859375
0.0168399810791016 -0.0245494842529297 0.177337646484375 0.432403564453125
-0.00998783111572266 -0.0156612396240234 0.36083984375 0.074249267578125
-0.0123071670532227 -0.0160493850708008 0.281951904296875 -0.197357177734375
0.00327301025390625 -0.0329647064208984 -0.269546508789063 0.168792724609375
0.0198822021484375 -0.0226955413818359 -0.258743286132813 -0.152542114257813
0.0264129638671875 -0.0440864562988281 0.046417236328125 -0.478179931640625
0.0373687744140625 -0.007965087890625 0.56982421875 -0.395263671875
-0.000556945800781253 0.0372123718261719 0.75689697265625 0.36077880859375
-0.0256004333496094 0.00546646118164063 0.2196044921875 0.92083740234375
0.00127792358398438 0.0208282470703125 -0.24176025390625 0.62164306640625
0.00945186614990235 -0.000802993774414063 0.07733154296875 -0.0151138305664063
0.00504779815673828 0.00509262084960938 0.11773681640625 -0.7275390625
0.0182952880859375 -0.00448799133300781 -0.56658935546875 -0.74456787109375
0.0236129760742188 -0.00953865051269531 -0.7685546875 0.11407470703125
0.0182132720947266 -0.0249214172363281 -0.2347412109375 0.5806884765625
0.0175819396972656 -0.0346488952636719 0.1802978515625 0.4281005859375
-0.00937080383300781 -0.0233325958251953 0.35516357421875 0.068756103515625
-0.00908470153808594 -0.0132169723510742 0.272994995117188 -0.203964233398438
0.00966835021972656 -0.0290908813476563 -0.282745361328125 0.16424560546875
0.0219554901123047 -0.0283164978027344 -0.266815185546875 -0.153472900390625
0.0280113220214844 -0.0480690002441406 0.043731689453125 -0.482086181640625
0.0387802124023437 -0.00944137573242188 0.5709228515625 -0.39910888671875
-0.00154685974121094 0.0336341857910156 0.760009765625 0.356201171875
-0.0231246948242188 -0.0153923034667969 0.22271728515625 0.91351318359375
0.0165386199951172 -0.0126123428344727 -0.23150634765625 0.60980224609375
0.0324611663818359 -0.0316696166992188 0.0905838012695313 -0.027374267578125
0.0113773345947266 -0.0259475708007812 0.1182861328125 -0.73590087890625
0.0132122039794922 -0.0180530548095703 -0.5692138671875 -0.74615478515625
0.0236396789550781 -0.00926971435546875 -0.76702880859375 0.11517333984375
0.0193843841552734 -0.0271682739257813 -0.23419189453125 0.57952880859375
0.0189933776855469 -0.0404777526855469 0.176605224609375 0.4278564453125
-0.00789642333984375 -0.0286445617675781 0.34649658203125 0.070404052734375
-0.00378513336181641 -0.0124063491821289 0.262069702148438 -0.207122802734375
0.0152873992919922 -0.0250701904296875 -0.295257568359375 0.162261962890625
0.022796630859375 -0.0299434661865234 -0.28521728515625 -0.146636962890625
0.0249404907226563 -0.0477409362792969 0.0164794921875 -0.48199462890625
0.0339469909667969 -0.00821304321289063 0.54541015625 -0.425567626953125
-0.00515937805175781 0.0283985137939453 0.77239990234375 0.30828857421875
-0.0242729187011719 -0.0395927429199219 0.27032470703125 0.88641357421875
0.0345878601074219 -0.0508651733398438 -0.2042236328125 0.61480712890625
0.0641326904296875 -0.0652122497558594 0.090362548828125 -0.0178909301757813
0.021392822265625 -0.06231689453125 0.1429443359375 -0.735595703125
0.00771331787109375 -0.0379753112792969 -0.53778076171875 -0.7833251953125
0.0174074172973633 -0.00806903839111328 -0.781494140625 0.0751953125000001
0.0195560455322266 -0.0228786468505859 -0.26690673828125 0.56781005859375
0.0201988220214844 -0.0386543273925781 0.154327392578125 0.43743896484375
-0.00467109680175781 -0.0288963317871094 0.334625244140625 0.08154296875
0.00291252136230469 -0.00950431823730469 0.254547119140625 -0.204376220703125
0.0100955963134766 -0.0267219543457031 -0.260833740234375 0.190582275390625
0.0149345397949219 0.0251998901367187 -0.29656982421875 -0.0899658203125
0.000855445861816407 0.0115060806274414 -0.086700439453125 -0.4503173828125
-0.0149688720703125 0.023193359375 0.3980712890625 -0.515350341796875
-0.0379638671875 0.0368537902832031 0.77691650390625 0.093505859375
-0.0295162200927734 0.00623703002929687 0.46636962890625 0.79339599609375
0.0193710327148438 0.0384674072265625 -0.125244140625 0.73553466796875
0.0130844116210938 0.0413017272949219 -0.00177001953125001 0.114837646484375
0.0272178649902344 0.0338478088378906 0.240966796875 -0.61773681640625
0.0175046920776367 -0.010462760925293 -0.34832763671875 -0.9013671875
-0.0223884582519531 -0.00399589538574219 -0.818359375 -0.151611328125
-0.0226821899414063 0.0211582183837891 -0.427276611328125 0.500030517578125
-0.00315093994140625 0.0265445709228516 0.05157470703125 0.475982666015625
-0.00479888916015625 0.0233821868896484 0.3299560546875 0.13763427734375
-0.00295829772949219 -0.0139522552490234 0.28326416015625 -0.170257568359375
0.00400161743164062 -0.0273876190185547 -0.252700805664063 0.1893310546875
0.0142726898193359 0.0211734771728516 -0.2801513671875 -0.109848022460938
0.00295543670654297 0.00188851356506348 -0.047821044921875 -0.45941162109375
-0.00786399841308594 0.0148735046386719 0.44964599609375 -0.48699951171875
-0.0299530029296875 0.0369338989257813 0.78076171875 0.16754150390625
-0.0283470153808594 0.0177211761474609 0.40399169921875 0.8408203125
0.00874710083007813 0.0568389892578125 -0.16741943359375 0.72076416015625
-0.003509521484375 0.0513877868652344 0.00992584228515626 0.0888519287109375
0.0161399841308594 0.0463142395019531 0.2047119140625 -0.64227294921875
0.0184364318847656 0.000392913818359375 -0.41705322265625 -0.861083984375
-0.0128898620605469 -0.00230026245117187 -0.81561279296875 -0.0726318359375001
-0.0122652053833008 0.0134286880493164 -0.375213623046875 0.531036376953125
0.00369453430175781 0.0166778564453125 0.093017578125 0.46893310546875
-0.00572872161865234 0.0160446166992188 0.345703125 0.118865966796875
-0.00846672058105469 -0.0162258148193359 0.28851318359375 -0.1763916015625
-0.000175476074218753 -0.0296421051025391 -0.250930786132812 0.185791015625
0.0139780044555664 0.0107583999633789 -0.265640258789063 -0.12469482421875
0.00725269317626953 -0.0110902786254883 -0.00949096679687505 -0.4664306640625
0.00227117538452148 0.00599575042724609 0.497955322265625 -0.45294189453125
-0.0210418701171875 0.0371589660644531 0.77374267578125 0.24212646484375
-0.0266361236572266 0.0248737335205078 0.33349609375 0.88275146484375
-0.00249099731445312 0.0642204284667969 -0.20458984375 0.69439697265625
-0.0132408142089844 0.0520706176757813 0.0278396606445312 0.0566291809082031
0.00992584228515625 0.050262451171875 0.17138671875 -0.6685791015625
0.0185565948486328 0.00695419311523438 -0.482666015625 -0.81634521484375
-0.00069129467010498 -0.00196826457977295 -0.8048095703125 0.00286865234375017
-0.00191283226013184 0.00295424461364746 -0.321624755859375 0.55621337890625
0.00945186614990235 0.00305747985839844 0.130767822265625 0.45550537109375
-0.00834083557128906 0.00521612167358398 0.3570556640625 0.101348876953125
-0.0126314163208008 -0.0161867141723633 0.290191650390625 -0.184326171875
-0.00103187561035156 -0.0320720672607422 -0.253280639648438 0.1807861328125
0.0148077011108398 -0.000604629516601563 -0.255462646484375 -0.13690185546875
0.0150775909423828 -0.0242824554443359 0.02105712890625 -0.470977783203125
0.0158319473266602 -0.00134658813476563 0.536407470703125 -0.42315673828125
-0.0126533508300781 0.0382957458496094 0.76556396484375 0.304443359375
-0.0265274047851563 0.0254688262939453 0.2733154296875 0.910400390625
-0.00761032104492187 0.0594902038574219 -0.2308349609375 0.6661376953125
-0.0136337280273438 0.0422477722167969 0.0461349487304687 0.0254783630371094
0.0064544677734375 0.0422782897949219 0.14111328125 -0.69219970703125
0.0194683074951172 0.00723457336425781 -0.5281982421875 -0.77703857421875
0.009246826171875 -0.00423526763916016 -0.78851318359375 0.0615844726562501
0.00662612915039063 -0.00892543792724609 -0.27752685546875 0.5701904296875
0.0131893157958984 -0.0112409591674805 0.160003662109375 0.442291259765625
-0.0092620849609375 -0.00478363037109375 0.36297607421875 0.084320068359375
-0.0140199661254883 -0.0166988372802734 0.286865234375 -0.191650390625
-0.000978469848632809 -0.0331344604492188 -0.259674072265625 0.17529296875
0.017460823059082 -0.0123443603515625 -0.252822875976563 -0.14605712890625
0.0213832855224609 -0.0349922180175781 0.039703369140625 -0.473724365234375
0.0283184051513672 -0.0063629150390625 0.5618896484375 -0.403106689453125
-0.00439071655273438 0.038970947265625 0.7587890625 0.343994140625
-0.0267238616943359 0.0194606781005859 0.23382568359375 0.92352294921875
-0.0065765380859375 0.0447273254394531 -0.24395751953125 0.641357421875
-0.0076904296875 0.0236492156982422 0.0642852783203125 0.00127410888671875
0.00406646728515625 0.0266551971435547 0.1224365234375 -0.7119140625
0.0196399688720703 0.00303840637207031 -0.5567626953125 -0.7523193359375
0.0185756683349609 -0.00751686096191406 -0.7755126953125 0.0997314453125001
0.0132961273193359 -0.0192337036132813 -0.2467041015625 0.57916259765625
0.0160064697265625 -0.0243244171142578 0.176849365234375 0.43341064453125
-0.00996112823486328 -0.0152044296264648 0.362060546875 0.07269287109375
-0.0133419036865234 -0.0160074234008789 0.281051635742188 -0.198532104492188
0.00271987915039062 -0.0322074890136719 -0.269927978515625 0.1705322265625
0.0202350616455078 -0.0232791900634766 -0.2576904296875 -0.15093994140625
0.0263824462890625 -0.0439262390136719 0.046295166015625 -0.4765625
0.0368766784667969 -0.00806427001953125 0.57159423828125 -0.3963623046875
3.81469726562222E-06 0.0385208129882812 0.7559814453125 0.360107421875
-0.0246391296386719 0.00664329528808594 0.21978759765625 0.92230224609375
0.00139427185058594 0.0204734802246094 -0.2423095703125 0.6236572265625
0.00855493545532227 -0.00108909606933594 0.0790176391601563 -0.015838623046875
0.00633573532104492 0.0044407844543457 0.12005615234375 -0.7275390625
0.0175609588623047 -0.00519943237304688 -0.56707763671875 -0.74444580078125
0.0234947204589844 -0.00971603393554688 -0.7689208984375 0.11407470703125
0.0180816650390625 -0.026580810546875 -0.2347412109375 0.57928466796875
0.0189170837402344 -0.0352439880371094 0.180023193359375 0.4288330078125
-0.0102958679199219 -0.0230884552001953 0.357757568359375 0.069183349609375
-0.00925731658935547 -0.0149421691894531 0.272476196289063 -0.203170776367188
0.00884437561035156 -0.0306186676025391 -0.28253173828125 0.164520263671875
0.02203369140625 -0.0290260314941406 -0.26824951171875 -0.152923583984375
0.0280227661132813 -0.0472183227539063 0.04248046875 -0.48211669921875
0.0389900207519531 -0.00780105590820312 0.5701904296875 -0.39898681640625
0.000513076782226562 0.0334739685058594 0.760498046875 0.357666015625
-0.022491455078125 -0.0150337219238281 0.222900390625 0.91339111328125
0.0169391632080078 -0.0127201080322266 -0.23284912109375 0.61163330078125
0.0323600769042969 -0.0312843322753906 0.0908432006835938 -0.0268478393554688
0.0107288360595703 -0.0257625579833984 0.11859130859375 -0.73614501953125
0.0129165649414063 -0.0189838409423828 -0.569580078125 -0.7462158203125
0.0237407684326172 -0.00956153869628906 -0.7672119140625 0.1151123046875
0.0200462341308594 -0.0272502899169922 -0.232666015625 0.58026123046875
0.0192604064941406 -0.0396537780761719 0.17694091796875 0.42926025390625
-0.00733757019042968 -0.0268287658691406 0.3470458984375 0.069671630859375
-0.00323963165283203 -0.0113058090209961 0.261016845703125 -0.206710815429687
0.0149097442626953 -0.0258026123046875 -0.294403076171875 0.164093017578125
0.0233802795410156 -0.0313911437988281 -0.285552978515625 -0.1458740234375
0.0240440368652344 -0.0462608337402344 0.0166015625 -0.4837646484375
0.0346336364746094 -0.00737762451171875 0.543365478515625 -0.426513671875
-0.00431060791015625 0.0288829803466797 0.771240234375 0.30950927734375
-0.0240936279296875 -0.0391006469726563 0.27081298828125 0.887451171875
0.033843994140625 -0.0499382019042969 -0.20489501953125 0.614990234375
0.0628433227539063 -0.0655136108398438 0.090118408203125 -0.0179595947265625
0.0215530395507812 -0.0618972778320312 0.14532470703125 -0.734375
0.00782394409179688 -0.0383758544921875 -0.53997802734375 -0.78302001953125
0.0177764892578125 -0.00908279418945313 -0.78179931640625 0.0744018554687498
0.0198726654052734 -0.0221061706542969 -0.2669677734375 0.56866455078125
0.0194435119628906 -0.0387649536132813 0.154388427734375 0.437103271484375
-0.00502967834472656 -0.0294303894042969 0.334625244140625 0.079315185546875
0.00251865386962891 -0.00940608978271484 0.253097534179688 -0.20538330078125
0.0108604431152344 -0.028289794921875 -0.261306762695313 0.192703247070313
0.0161628723144531 0.0249996185302734 -0.296173095703125 -0.0887451171875
0.000683784484863281 0.0129003524780273 -0.08642578125 -0.4515380859375
-0.0149936676025391 0.0230331420898438 0.400482177734375 -0.518035888671875
-0.0363693237304688 0.0376167297363281 0.779052734375 0.09228515625
-0.02874755859375 0.00732612609863281 0.4674072265625 0.793701171875
0.0199356079101563 0.0387077331542969 -0.12548828125 0.7371826171875
0.0130844116210937 0.0412979125976563 -0.002349853515625 0.115554809570313
0.0268039703369141 0.0339107513427734 0.24224853515625 -0.617431640625
0.0187053680419922 -0.0107021331787109 -0.349853515625 -0.904541015625
-0.0228271484375 -0.00452041625976563 -0.82171630859375 -0.15386962890625
-0.0221233367919922 0.0211563110351563 -0.428253173828125 0.501556396484375
-0.00339317321777344 0.0263538360595703 0.0531005859375 0.477691650390625
-0.00393486022949219 0.0232372283935547 0.3309326171875 0.13671875
-0.00263690948486328 -0.0145139694213867 0.283477783203125 -0.170562744140625
0.00495338439941406 -0.0281085968017578 -0.252120971679688 0.190261840820312
0.0145149230957031 0.0213775634765625 -0.279861450195313 -0.108749389648438
0.00286245346069336 0.00234675407409668 -0.048583984375 -0.460357666015625
-0.00844192504882812 0.0146684646606445 0.4512939453125 -0.487579345703125
-0.0292549133300781 0.0369300842285156 0.781494140625 0.16802978515625
-0.0276832580566406 0.0182933807373047 0.404541015625 0.8443603515625
0.00868225097656251 0.0564308166503906 -0.167236328125 0.72161865234375
-0.00354766845703125 0.0517082214355469 0.0106048583984375 0.088348388671875
0.0172691345214844 0.0461387634277344 0.20416259765625 -0.642578125
0.0188636779785156 0.00118255615234375 -0.41815185546875 -0.8614501953125
-0.0120620727539062 -0.00183200836181641 -0.817138671875 -0.0726318359375002
-0.0116205215454102 0.0132675170898437 -0.37481689453125 0.532196044921875
0.00392055511474609 0.016387939453125 0.0930175781250001 0.469970703125
-0.00643730163574219 0.0156164169311523 0.347381591796875 0.11846923828125
-0.00887870788574219 -0.0156335830688477 0.288970947265625 -0.176971435546875
0.00100898742675782 -0.0308132171630859 -0.25054931640625 0.187347412109375
0.0144662857055664 0.0120878219604492 -0.265457153320313 -0.123428344726562
0.00746536254882813 -0.00980567932128906 -0.00979614257812503 -0.466552734375
0.00264501571655273 0.00580739974975586 0.500823974609375 -0.455596923828125
-0.0197296142578125 0.0369796752929688 0.7774658203125 0.24267578125
-0.0260944366455078 0.02557373046875 0.33514404296875 0.88458251953125
-0.0016021728515625 0.0649070739746094 -0.2037353515625 0.69549560546875
-0.0142631530761719 0.0527000427246094 0.0279197692871094 0.0565338134765625
0.0106849670410156 0.0495071411132812 0.17010498046875 -0.6683349609375
0.0192451477050781 0.00632095336914063 -0.48358154296875 -0.81591796875
-0.000881433486938476 -0.00186383724212647 -0.80780029296875 0.00225830078125013
-0.00171136856079102 0.00257325172424316 -0.32171630859375 0.556365966796875
0.00911903381347656 0.00314426422119141 0.130950927734375 0.45721435546875
-0.00751495361328125 0.00592803955078125 0.356964111328125 0.100006103515625
-0.0126543045043945 -0.0162954330444336 0.290618896484375 -0.18463134765625
-0.00115203857421875 -0.0333137512207031 -0.253372192382813 0.1826171875
0.0162067413330078 -0.000894546508789063 -0.255508422851562 -0.13519287109375
0.0143833160400391 -0.0232429504394531 0.020660400390625 -0.47125244140625
0.0159807205200195 -0.00141334533691406 0.537017822265625 -0.42413330078125
-0.010833740234375 0.0380935668945313 0.76812744140625 0.30450439453125
-0.0261039733886719 0.0267562866210938 0.27386474609375 0.91314697265625
-0.0069732666015625 0.0596923828125 -0.23260498046875 0.66815185546875
-0.0144996643066406 0.0424270629882813 0.0466995239257813 0.0262298583984375
0.00612258911132812 0.0423622131347656 0.14129638671875 -0.6951904296875
0.0201950073242187 0.00748252868652344 -0.528076171875 -0.7786865234375
0.0101375579833984 -0.00424766540527344 -0.79046630859375 0.06280517578125
0.00660610198974609 -0.00889682769775391 -0.27630615234375 0.57281494140625
0.0137662887573242 -0.0117607116699219 0.159759521484375 0.4439697265625
-0.00878810882568359 -0.00455856323242187 0.364471435546875 0.083770751953125
-0.0134172439575195 -0.016627311706543 0.28741455078125 -0.192840576171875
-0.000314712524414059 -0.0330276489257813 -0.257980346679688 0.176300048828125
0.0186786651611328 -0.0130538940429687 -0.253875732421875 -0.1455078125
0.0220050811767578 -0.0346794128417969 0.0390625 -0.476226806640625
0.0286769866943359 -0.00609588623046875 0.5606689453125 -0.405731201171875
-0.00357437133789062 0.0391693115234375 0.75958251953125 0.34552001953125
-0.0262584686279297 0.0194015502929687 0.23382568359375 0.92755126953125
-0.0059967041015625 0.0439224243164063 -0.24420166015625 0.64227294921875
-0.00789070129394531 0.0229949951171875 0.0645523071289063 0.00136947631835938
0.00501823425292969 0.0268516540527344 0.1229248046875 -0.712646484375
0.0196456909179688 0.00325965881347656 -0.55908203125 -0.75494384765625
0.0185794830322266 -0.00774765014648438 -0.7769775390625 0.09942626953125
0.0128650665283203 -0.0190105438232422 -0.24713134765625 0.58111572265625
0.0161361694335938 -0.0247173309326172 0.176513671875 0.4346923828125
-0.0100164413452148 -0.014984130859375 0.3626708984375 0.072357177734375
-0.0126485824584961 -0.0158319473266602 0.281524658203125 -0.199493408203125
0.00247383117675782 -0.0337200164794922 -0.268783569335938 0.171432495117188
0.0213127136230469 -0.0227813720703125 -0.258270263671875 -0.150146484375
0.0257148742675781 -0.0432014465332031 0.0460205078125 -0.478302001953125
0.0365829467773438 -0.00812911987304688 0.56988525390625 -0.39788818359375
0.0007781982421875 0.0379753112792969 0.75872802734375 0.3599853515625
-0.0248775482177734 0.00604057312011719 0.2196044921875 0.92626953125
0.00164413452148437 0.0202713012695312 -0.24298095703125 0.62432861328125
0.00754165649414063 -0.000986099243164063 0.07928466796875 -0.0156097412109375
0.00632095336914063 0.00401878356933594 0.12109375 -0.72705078125
0.0178375244140625 -0.00485992431640625 -0.57025146484375 -0.74652099609375
0.0234718322753906 -0.00916099548339844 -0.77099609375 0.1146240234375
0.0179023742675781 -0.0261173248291016 -0.23443603515625 0.5823974609375
0.0184593200683594 -0.0340061187744141 0.180999755859375 0.430328369140625
-0.00948143005371094 -0.0228080749511719 0.358245849609375 0.068145751953125
-0.00901031494140625 -0.0144309997558594 0.272628784179688 -0.203964233398437
0.00882148742675781 -0.0312290191650391 -0.281494140625 0.1661376953125
0.0232887268066406 -0.0284690856933594 -0.26763916015625 -0.15216064453125
0.0271110534667969 -0.046783447265625 0.042877197265625 -0.481964111328125
0.0383758544921875 -0.00905227661132813 0.57196044921875 -0.40142822265625
0.00187110900878906 0.0332584381103516 0.7613525390625 0.35791015625
-0.0216159820556641 -0.0144443511962891 0.222900390625 0.9171142578125
0.0167407989501953 -0.0124416351318359 -0.232666015625 0.61273193359375
0.0311241149902344 -0.0317249298095703 0.0918121337890625 -0.0271759033203125
0.0110073089599609 -0.0265846252441406 0.11932373046875 -0.7381591796875
0.0144786834716797 -0.0197334289550781 -0.57025146484375 -0.74908447265625
0.0232925415039063 -0.0099945068359375 -0.76910400390625 0.114990234375
0.0197238922119141 -0.0275325775146484 -0.2344970703125 0.58038330078125
0.0188827514648438 -0.0406112670898438 0.177825927734375 0.4305419921875
-0.00749588012695312 -0.0272464752197266 0.348297119140625 0.06793212890625
-0.00335884094238281 -0.0120763778686523 0.26214599609375 -0.207611083984375
0.0158805847167969 -0.0275650024414063 -0.294281005859375 0.165191650390625
0.0240688323974609 -0.0311298370361328 -0.28619384765625 -0.14599609375
0.0243949890136719 -0.0454902648925781 0.014892578125 -0.48455810546875
0.0343055725097656 -0.00739479064941406 0.5450439453125 -0.42852783203125
-0.00316619873046875 0.0276603698730469 0.77520751953125 0.30877685546875
-0.0221290588378906 -0.0394172668457031 0.27056884765625 0.8892822265625
0.0345191955566406 -0.0503730773925781 -0.20391845703125 0.61669921875
0.0619010925292969 -0.0655746459960938 0.09063720703125 -0.0183181762695313
0.021209716796875 -0.0630416870117188 0.14569091796875 -0.7352294921875
0.00716781616210938 -0.0380096435546875 -0.5406494140625 -0.7828369140625
0.017608642578125 -0.00900077819824219 -0.78271484375 0.0729980468750002
0.0194625854492188 -0.0227451324462891 -0.2672119140625 0.56927490234375
0.0195541381835938 -0.0396804809570312 0.154144287109375 0.43927001953125
-0.00381660461425781 -0.0292453765869141 0.336151123046875 0.0791015625
0.00217342376708985 -0.00934219360351563 0.2545166015625 -0.206863403320312
0.0115642547607422 -0.0288619995117187 -0.260635375976563 0.194534301757813
0.01666259765625 0.0243911743164063 -0.297210693359375 -0.08758544921875
9.15527343750009E-05 0.0134592056274414 -0.0882568359375 -0.4508056640625
-0.0160102844238281 0.0235080718994141 0.400604248046875 -0.52020263671875
-0.0352249145507813 0.0376129150390625 0.78277587890625 0.093994140625
-0.0276355743408203 0.00689697265625 0.468505859375 0.79730224609375
0.0203170776367187 0.0387420654296875 -0.12628173828125 0.74072265625
0.0125503540039063 0.0416908264160156 -0.00145721435546876 0.116134643554688
0.0273666381835938 0.0332164764404297 0.2425537109375 -0.62030029296875
0.0182399749755859 -0.0101604461669922 -0.3502197265625 -0.9066162109375
-0.0229110717773437 -0.004119873046875 -0.82537841796875 -0.15185546875
-0.0226631164550781 0.0213794708251953 -0.42840576171875 0.5032958984375
-0.00303459167480469 0.0260543823242188 0.0538330078125 0.480072021484375
-0.00445938110351563 0.0241355895996094 0.332855224609375 0.13555908203125
-0.0034646987915039 -0.0136451721191406 0.28436279296875 -0.171051025390625
0.00420570373535156 -0.0289440155029297 -0.251800537109375 0.192459106445313
0.0152873992919922 0.0208091735839844 -0.281829833984375 -0.107025146484375
0.00260496139526367 0.00324177742004395 -0.0503234863281251 -0.460601806640625
-0.00830745697021484 0.0143194198608398 0.45208740234375 -0.49267578125
-0.0282173156738281 0.0372772216796875 0.78472900390625 0.16650390625
-0.0255775451660156 0.0186595916748047 0.40521240234375 0.8460693359375
0.009246826171875 0.0567207336425781 -0.16729736328125 0.72332763671875
-0.00408554077148438 0.0522727966308594 0.0111007690429687 0.0892257690429688
0.0176162719726563 0.0460243225097656 0.20672607421875 -0.64617919921875
0.0181713104248047 0.00176811218261719 -0.42083740234375 -0.86419677734375
-0.0123205184936523 -0.00141334533691406 -0.8214111328125 -0.0737915039062501
-0.0123586654663086 0.0128755569458008 -0.3759765625 0.534027099609375
0.00420379638671875 0.0174875259399414 0.094512939453125 0.47186279296875
-0.00571250915527344 0.016632080078125 0.347686767578125 0.118133544921875
-0.00820541381835938 -0.0158872604370117 0.2890625 -0.178558349609375
0.00106048583984375 -0.0318508148193359 -0.250335693359375 0.189498901367188
0.0160760879516602 0.0110931396484375 -0.266998291015625 -0.122177124023438
0.0068359375 -0.00970840454101562 -0.0115966796875 -0.46905517578125
0.00324535369873047 0.00558948516845703 0.501800537109375 -0.4583740234375
-0.0194931030273438 0.037445068359375 0.78070068359375 0.24212646484375
-0.0247344970703125 0.0261783599853516 0.33795166015625 0.8873291015625
-0.00166702270507812 0.0646209716796875 -0.205810546875 0.698974609375
-0.0147857666015625 0.0522804260253906 0.02801513671875 0.0568809509277344
0.0102462768554687 0.0494728088378906 0.1705322265625 -0.67169189453125
0.0200538635253906 0.00650215148925781 -0.4862060546875 -0.8192138671875
-0.000925540924072266 -0.00214362144470215 -0.810791015625 0.00299072265625005
-0.00193881988525391 0.00276088714599609 -0.321197509765625 0.55914306640625
0.0104131698608398 0.00305366516113281 0.132598876953125 0.45855712890625
-0.00741195678710938 0.00634765625 0.358551025390625 0.099029541015625
-0.0126771926879883 -0.0173625946044922 0.290863037109375 -0.18572998046875
-0.000423431396484373 -0.0337791442871094 -0.252349853515625 0.183502197265625
0.0173368453979492 0.000101089477539063 -0.256820678710938 -0.134552001953125
0.0137863159179687 -0.0230865478515625 0.02044677734375 -0.472564697265625
0.0161218643188477 -0.00104808807373047 0.5399169921875 -0.42669677734375
-0.0104255676269531 0.03839111328125 0.7711181640625 0.3045654296875
-0.0249233245849609 0.0262203216552734 0.27484130859375 0.91729736328125
-0.00731277465820313 0.0597763061523437 -0.2322998046875 0.6710205078125
-0.0148811340332031 0.0430984497070313 0.0472297668457031 0.0262031555175781
0.0057373046875 0.0429344177246094 0.14093017578125 -0.6949462890625
0.0206851959228516 0.00686836242675781 -0.53192138671875 -0.78106689453125
0.0100908279418945 -0.00473403930664063 -0.79315185546875 0.0637207031249999
0.00658321380615234 -0.0093231201171875 -0.27764892578125 0.57440185546875
0.0137290954589844 -0.0114431381225586 0.1627197265625 0.446075439453125
-0.00949668884277344 -0.00439643859863281 0.365936279296875 0.081817626953125
-0.0142335891723633 -0.0156087875366211 0.288238525390625 -0.193634033203125
-9.72747802734387E-05 -0.0348472595214844 -0.258956909179688 0.178497314453125
0.01947021484375 -0.0127067565917969 -0.254913330078125 -0.1441650390625
0.0217323303222656 -0.0346164703369141 0.038909912109375 -0.47625732421875
0.0290641784667969 -0.00623703002929687 0.5633544921875 -0.4066162109375
-0.00268936157226562 0.0385971069335938 0.76373291015625 0.34521484375
-0.0244922637939453 0.0204906463623047 0.23492431640625 0.92974853515625
-0.00692367553710937 0.0440826416015625 -0.2452392578125 0.6455078125
-0.00869560241699219 0.0243244171142578 0.0648002624511719 0.00188827514648438
0.00460243225097656 0.0269584655761719 0.12493896484375 -0.7152099609375
0.0199317932128906 0.0023193359375 -0.56103515625 -0.7572021484375
0.0184173583984375 -0.00693321228027344 -0.7802734375 0.0997924804687501
0.0127029418945313 -0.0192356109619141 -0.24737548828125 0.58203125
0.0172023773193359 -0.025238037109375 0.1785888671875 0.43756103515625
-0.0101604461669922 -0.0141716003417969 0.36431884765625 0.070281982421875
-0.0134096145629883 -0.0160093307495117 0.282196044921875 -0.2010498046875
0.00363922119140625 -0.0345993041992188 -0.269943237304688 0.173660278320313
0.0214443206787109 -0.0233612060546875 -0.25848388671875 -0.149383544921875
0.0263938903808594 -0.0428543090820313 0.04412841796875 -0.4793701171875
0.0367927551269531 -0.00864410400390625 0.57257080078125 -0.4007568359375
0.0022735595703125 0.0371780395507812 0.76287841796875 0.359375
-0.0231666564941406 0.00628662109375 0.2213134765625 0.92901611328125
0.00112724304199219 0.0200233459472656 -0.2430419921875 0.62640380859375
0.00692462921142578 -0.0011591911315918 0.079132080078125 -0.0149002075195313
0.00577163696289063 0.00359582901000977 0.11944580078125 -0.729736328125
0.018035888671875 -0.00542068481445313 -0.570068359375 -0.7489013671875
0.0229301452636719 -0.00938224792480469 -0.77215576171875 0.11322021484375
0.0178852081298828 -0.0258293151855469 -0.2357177734375 0.5843505859375
0.0186614990234375 -0.0354423522949219 0.182647705078125 0.431793212890625
-0.00907325744628907 -0.0231227874755859 0.359954833984375 0.06719970703125
-0.0094442367553711 -0.014404296875 0.27349853515625 -0.205795288085938
0.00945472717285157 -0.0324420928955078 -0.28277587890625 0.16876220703125
0.0240268707275391 -0.0293331146240234 -0.268783569335938 -0.1513671875
0.0279617309570312 -0.046112060546875 0.040985107421875 -0.48419189453125
0.038421630859375 -0.00860977172851563 0.57379150390625 -0.40557861328125
0.00213241577148438 0.0333614349365234 0.76739501953125 0.3580322265625
-0.0218296051025391 -0.0148582458496094 0.22393798828125 0.92120361328125
0.0162868499755859 -0.0132226943969727 -0.232421875 0.6134033203125
0.0310382843017578 -0.032135009765625 0.0920486450195313 -0.0270538330078125
0.0112514495849609 -0.0270404815673828 0.12017822265625 -0.7393798828125
0.0140953063964844 -0.0197467803955078 -0.57562255859375 -0.75140380859375
0.0234031677246094 -0.00974464416503906 -0.77166748046875 0.11572265625
0.0188331604003906 -0.0279197692871094 -0.2332763671875 0.58355712890625
0.0197525024414062 -0.04052734375 0.179473876953125 0.431304931640625
-0.00732994079589844 -0.02691650390625 0.349639892578125 0.067474365234375
-0.00391864776611328 -0.0126972198486328 0.261810302734375 -0.20855712890625
0.0159435272216797 -0.0274333953857422 -0.294769287109375 0.16827392578125
0.0250873565673828 -0.0312156677246094 -0.286651611328125 -0.144500732421875
0.0246620178222656 -0.0447196960449219 0.012054443359375 -0.485382080078125
0.0334339141845703 -0.00777816772460937 0.54669189453125 -0.432342529296875
-0.00213432312011719 0.0270824432373047 0.7783203125 0.309814453125
-0.0213699340820312 -0.0397262573242188 0.27215576171875 0.8934326171875
0.0345611572265625 -0.051300048828125 -0.20550537109375 0.6187744140625
0.0618019104003906 -0.0648841857910156 0.0921478271484375 -0.0178604125976563
0.0210838317871094 -0.063262939453125 0.14666748046875 -0.7362060546875
0.00788497924804688 -0.0390167236328125 -0.5423583984375 -0.78643798828125
0.0166044235229492 -0.00963973999023438 -0.785400390625 0.0746459960937498
0.0194034576416016 -0.0225925445556641 -0.26708984375 0.57196044921875
0.021026611328125 -0.0401115417480469 0.155303955078125 0.440338134765625
-0.00417327880859375 -0.0290660858154297 0.3375244140625 0.077850341796875
0.00282573699951172 -0.00943279266357422 0.254547119140625 -0.207275390625
0.0112419128417969 -0.0296764373779297 -0.260330200195313 0.196701049804688
0.0175895690917969 0.0246028900146484 -0.299835205078125 -0.0857849121093749
-0.000349044799804687 0.0138788223266602 -0.0906066894531251 -0.453826904296875
-0.0165596008300781 0.0246295928955078 0.401885986328125 -0.52471923828125
-0.0344009399414063 0.0384521484375 0.78656005859375 0.0924072265625
-0.0266208648681641 0.00834465026855468 0.473388671875 0.80059814453125
0.0200729370117188 0.038818359375 -0.12591552734375 0.74444580078125
0.0118598937988281 0.0417709350585938 -0.00138854980468751 0.116661071777344
0.0273571014404297 0.0328998565673828 0.2430419921875 -0.6217041015625
0.0189342498779297 -0.0105018615722656 -0.35394287109375 -0.91058349609375
-0.0232028961181641 -0.00403594970703126 -0.83038330078125 -0.15240478515625
-0.0230865478515625 0.0212345123291016 -0.4288330078125 0.5074462890625
-0.00149917602539062 0.0262794494628906 0.05584716796875 0.483001708984375
-0.00412178039550781 0.0243816375732422 0.33599853515625 0.13543701171875
-0.00347709655761719 -0.0142803192138672 0.285308837890625 -0.1734619140625
0.00518035888671875 -0.0293350219726563 -0.25274658203125 0.19500732421875
0.0166034698486328 0.0206241607666016 -0.28265380859375 -0.10650634765625
0.00209474563598633 0.00400519371032715 -0.052154541015625 -0.463134765625
-0.00893211364746094 0.0156707763671875 0.454681396484375 -0.494842529296875
-0.0266876220703125 0.0366706848144531 0.7882080078125 0.16595458984375
-0.0251541137695312 0.0192108154296875 0.40936279296875 0.8509521484375
0.00819778442382813 0.0565414428710938 -0.1671142578125 0.72686767578125
-0.00471115112304688 0.0523452758789062 0.0113449096679687 0.08905029296875
0.018524169921875 0.0458106994628906 0.2061767578125 -0.64825439453125
0.0184955596923828 0.000318527221679688 -0.42315673828125 -0.86676025390625
-0.0127468109130859 -0.000941276550292968 -0.82501220703125 -0.0736083984374998
-0.0129032135009766 0.0129642486572266 -0.376983642578125 0.538177490234375
0.00362491607666016 0.017268180847168 0.095977783203125 0.474700927734375
-0.00539112091064453 0.0163965225219727 0.35101318359375 0.11590576171875
-0.00847339630126953 -0.0159397125244141 0.29058837890625 -0.180511474609375
0.00123977661132813 -0.0326461791992188 -0.249664306640625 0.1915283203125
0.0170011520385742 0.012019157409668 -0.2681884765625 -0.122100830078125
0.00744533538818359 -0.00944995880126953 -0.013824462890625 -0.471160888671875
0.00160884857177734 0.00603389739990234 0.502197265625 -0.462799072265625
-0.0181846618652344 0.0367164611816406 0.78546142578125 0.2408447265625
-0.023162841796875 0.026397705078125 0.34075927734375 0.89215087890625
-0.00122833251953125 0.0643463134765625 -0.2039794921875 0.70257568359375
-0.0155677795410156 0.0523262023925781 0.0290374755859375 0.0579719543457031
0.0106391906738281 0.0491828918457031 0.16949462890625 -0.674072265625
0.0198459625244141 0.00697517395019531 -0.49041748046875 -0.8206787109375
-0.000901222229003906 -0.00280570983886719 -0.81414794921875 0.00524902343750017
-0.00239014625549316 0.00254273414611816 -0.32220458984375 0.562286376953125
0.0100088119506836 0.00340557098388672 0.13470458984375 0.461883544921875
-0.00787162780761719 0.00686931610107422 0.36248779296875 0.09771728515625
-0.0125217437744141 -0.0165214538574219 0.29229736328125 -0.18798828125
-0.000635147094726561 -0.0348663330078125 -0.252883911132813 0.185562133789063
0.0184288024902344 0.000448226928710938 -0.259262084960938 -0.133193969726562
0.0141391754150391 -0.0225448608398438 0.01873779296875 -0.474884033203125
0.0158214569091797 -0.00119400024414063 0.540283203125 -0.4320068359375
-0.00922012329101563 0.0383644104003906 0.775634765625 0.3038330078125
-0.0246086120605469 0.0274486541748047 0.27789306640625 0.92095947265625
-0.0083465576171875 0.0595970153808594 -0.23211669921875 0.6728515625
-0.016632080078125 0.0431251525878906 0.0467147827148438 0.0260009765625
0.0065460205078125 0.0419692993164062 0.1419677734375 -0.69830322265625
0.0213794708251953 0.00687980651855469 -0.5355224609375 -0.78509521484375
0.00909614562988281 -0.00453853607177734 -0.796630859375 0.06524658203125
0.00549697875976562 -0.00979709625244141 -0.27685546875 0.57763671875
0.0147562026977539 -0.0113935470581055 0.16326904296875 0.447784423828125
-0.00826072692871094 -0.0041661262512207 0.36767578125 0.07989501953125
-0.0139474868774414 -0.0160255432128906 0.28887939453125 -0.196044921875
0.000450134277343753 -0.0359153747558594 -0.259796142578125 0.180679321289062
0.0203151702880859 -0.0133495330810547 -0.255889892578125 -0.143218994140625
0.0219078063964844 -0.0341396331787109 0.036590576171875 -0.47796630859375
0.0281162261962891 -0.00580787658691406 0.5648193359375 -0.41204833984375
-0.00201034545898437 0.0388069152832031 0.76739501953125 0.34381103515625
-0.0245609283447266 0.0205421447753906 0.23779296875 0.9326171875
-0.00628280639648438 0.0446205139160156 -0.24609375 0.64801025390625
-0.00875663757324219 0.0239963531494141 0.065338134765625 0.00122833251953125
0.00507926940917969 0.0264377593994141 0.124267578125 -0.71978759765625
0.0191020965576172 0.00304794311523438 -0.5650634765625 -0.76068115234375
0.0180339813232422 -0.00734329223632813 -0.78448486328125 0.10198974609375
0.0127639770507813 -0.0201015472412109 -0.2464599609375 0.58685302734375
0.0170574188232422 -0.0251197814941406 0.181060791015625 0.4378662109375
-0.00997638702392578 -0.0147619247436523 0.36737060546875 0.0704345703125
-0.0129108428955078 -0.0156335830688477 0.282012939453125 -0.20233154296875
0.00406265258789063 -0.0365028381347656 -0.268905639648437 0.175933837890625
0.0224113464355469 -0.0219993591308594 -0.260406494140625 -0.147720336914063
0.0262222290039063 -0.0422515869140625 0.0424804687499999 -0.48272705078125
0.03680419921875 -0.00907516479492187 0.5743408203125 -0.4066162109375
0.0026702880859375 0.0368270874023438 0.767822265625 0.35943603515625
-0.023040771484375 0.0062713623046875 0.2232666015625 0.93359375
0.00162124633789062 0.0200881958007813 -0.24346923828125 0.629638671875
0.00600147247314453 0.000188350677490234 0.0804977416992188 -0.0158462524414063
0.00543642044067383 0.00407838821411133 0.11962890625 -0.73272705078125
0.0179595947265625 -0.00505638122558594 -0.57440185546875 -0.75079345703125
0.0234336853027344 -0.00945091247558594 -0.7772216796875 0.11578369140625
0.0169391632080078 -0.0264072418212891 -0.2342529296875 0.588134765625
0.0185832977294922 -0.0350131988525391 0.185211181640625 0.43353271484375
-0.00922584533691406 -0.0218467712402344 0.362762451171875 0.066131591796875
-0.010096549987793 -0.0150175094604492 0.27362060546875 -0.207168579101563
0.00883293151855469 -0.0338001251220703 -0.282684326171875 0.171234130859375
0.0246925354003906 -0.0292396545410156 -0.26995849609375 -0.150238037109375
0.0276947021484375 -0.0460052490234375 0.0382995605468749 -0.486968994140625
0.0378875732421875 -0.00851058959960938 0.576171875 -0.40777587890625
0.00349044799804688 0.0337200164794922 0.7716064453125 0.3577880859375
-0.0198936462402344 -0.0147914886474609 0.22808837890625 0.92559814453125
0.0167856216430664 -0.0123720169067383 -0.23223876953125 0.616455078125
0.0300006866455078 -0.0317268371582031 0.0919036865234375 -0.0276031494140625
0.0106830596923828 -0.0268478393554688 0.1202392578125 -0.74420166015625
0.0131511688232422 -0.0196533203125 -0.577880859375 -0.75201416015625
0.0236492156982422 -0.0104026794433594 -0.7764892578125 0.1187744140625
0.0190067291259766 -0.0280780792236328 -0.23358154296875 0.5858154296875
0.0198326110839844 -0.0407371520996094 0.18060302734375 0.43365478515625
-0.00617218017578125 -0.0280838012695313 0.352447509765625 0.06463623046875
-0.00394248962402344 -0.0123376846313477 0.262557983398437 -0.21002197265625
0.0159702301025391 -0.0307159423828125 -0.294586181640625 0.170623779296875
0.0265331268310547 -0.0321178436279297 -0.288177490234375 -0.143341064453125
0.0245552062988281 -0.0449142456054687 0.012542724609375 -0.488616943359375
0.0329971313476563 -0.00710868835449219 0.548492431640625 -0.435272216796875
-0.00197029113769531 0.0264739990234375 0.78375244140625 0.3101806640625
-0.02099609375 -0.0393028259277344 0.27691650390625 0.89886474609375
0.0344314575195313 -0.050872802734375 -0.20440673828125 0.62158203125
0.06158447265625 -0.0660057067871094 0.0924530029296875 -0.0186767578125
0.0206985473632813 -0.0638771057128906 0.1455078125 -0.73992919921875
0.006103515625 -0.0389175415039062 -0.54644775390625 -0.78857421875
0.0173883438110352 -0.00956344604492188 -0.78948974609375 0.0759277343750001
0.0198726654052734 -0.0237884521484375 -0.2655029296875 0.57611083984375
0.0209159851074219 -0.0403404235839844 0.157745361328125 0.441864013671875
-0.00397491455078125 -0.0287456512451172 0.339447021484375 0.07635498046875
0.00261020660400391 -0.00966930389404297 0.25579833984375 -0.209396362304688
0.0124168395996094 -0.0306682586669922 -0.26104736328125 0.200088500976563
0.0193634033203125 0.0248546600341797 -0.2999267578125 -0.083984375
-0.000257492065429688 0.0154685974121094 -0.092987060546875 -0.4547119140625
-0.0164566040039063 0.0236625671386719 0.402374267578125 -0.530181884765625
-0.0335617065429688 0.0387306213378906 0.7919921875 0.0904541015625
-0.0257625579833984 0.00854110717773437 0.478515625 0.80267333984375
0.0197410583496094 0.0385551452636719 -0.12261962890625 0.74822998046875
0.0119667053222656 0.0411224365234375 -0.000717163085937499 0.117828369140625
0.0274639129638672 0.0325775146484375 0.2427978515625 -0.62481689453125
0.0189857482910156 -0.0107364654541016 -0.35888671875 -0.9151611328125
-0.0238208770751953 -0.00441741943359375 -0.83392333984375 -0.1534423828125
-0.0231761932373047 0.0226516723632812 -0.430511474609375 0.5101318359375
-0.002044677734375 0.0273361206054688 0.056488037109375 0.485107421875
-0.00429153442382812 0.0241336822509766 0.338531494140625 0.13287353515625
-0.00347328186035156 -0.0138072967529297 0.286529541015625 -0.17584228515625
0.00545310974121094 -0.0308113098144531 -0.252334594726563 0.1982421875
0.0185394287109375 0.0214557647705078 -0.28448486328125 -0.105255126953125
0.00211286544799805 0.00413084030151367 -0.052947998046875 -0.46441650390625
-0.00955963134765625 0.0146417617797852 0.454742431640625 -0.502197265625
-0.0270957946777344 0.0363578796386719 0.7940673828125 0.16387939453125
-0.0237159729003906 0.0190277099609375 0.41455078125 0.85382080078125
0.00941848754882812 0.056884765625 -0.16497802734375 0.732421875
-0.00475311279296875 0.0530357360839844 0.0125045776367188 0.0896377563476562
0.0177841186523437 0.045928955078125 0.20489501953125 -0.65185546875
0.0191726684570313 0.00116348266601563 -0.42779541015625 -0.8717041015625
-0.013031005859375 -0.0011444091796875 -0.82958984375 -0.07171630859375
-0.0124578475952148 0.0129909515380859 -0.376953125 0.542388916015625
0.00488376617431641 0.0162944793701172 0.09698486328125 0.47625732421875
-0.00443553924560547 0.0173912048339844 0.35369873046875 0.114593505859375
-0.008544921875 -0.0162115097045898 0.29156494140625 -0.181304931640625
0.00165367126464844 -0.0334281921386719 -0.249771118164062 0.193740844726563
0.0184345245361328 0.011260986328125 -0.269515991210937 -0.120635986328125
0.00664615631103516 -0.00829315185546875 -0.0162353515625 -0.47271728515625
0.00247907638549805 0.00574207305908203 0.50421142578125 -0.46783447265625
-0.0168037414550781 0.036651611328125 0.79095458984375 0.2396240234375
-0.0231513977050781 0.0267581939697266 0.34405517578125 0.89703369140625
-0.00075149536132813 0.0646400451660156 -0.20343017578125 0.70623779296875
-0.0160140991210938 0.05303955078125 0.0291061401367188 0.0581779479980469
0.0103187561035156 0.0490341186523438 0.1689453125 -0.677734375
0.0203800201416016 0.007843017578125 -0.49566650390625 -0.82513427734375
-0.00152373313903809 -0.00288248062133789 -0.818359375 0.00579833984374991
-0.00284123420715332 0.00211954116821289 -0.32183837890625 0.56695556640625
0.0103750228881836 0.00298881530761719 0.1375732421875 0.463348388671875
-0.00713157653808594 0.00757598876953125 0.36419677734375 0.0968017578125
-0.0129108428955078 -0.0168285369873047 0.29296875 -0.18963623046875
-0.000194549560546874 -0.0356216430664062 -0.252655029296875 0.189590454101563
0.019439697265625 -0.000713348388671875 -0.258987426757812 -0.1324462890625
0.0140571594238281 -0.0224380493164063 0.015625 -0.477783203125
0.0151557922363281 -0.00160694122314453 0.542510986328125 -0.437835693359375
-0.00835800170898438 0.0389671325683594 0.78076171875 0.30181884765625
-0.0239982604980469 0.0279464721679688 0.28106689453125 0.92681884765625
-0.00689697265625 0.0602493286132812 -0.2298583984375 0.6788330078125
-0.0171585083007812 0.0437660217285156 0.0482025146484375 0.0263519287109375
0.00699234008789062 0.0417976379394531 0.14093017578125 -0.702880859375
0.0204010009765625 0.00727272033691406 -0.5404052734375 -0.78558349609375
0.00991916656494141 -0.00458049774169922 -0.8021240234375 0.0662841796874999
0.00632762908935547 -0.00918865203857422 -0.2769775390625 0.5833740234375
0.014765739440918 -0.0122041702270508 0.167022705078125 0.44964599609375
-0.00798988342285156 -0.00302505493164062 0.36981201171875 0.0794677734375
-0.0144281387329102 -0.016082763671875 0.2889404296875 -0.198272705078125
-0.000370025634765628 -0.0362472534179688 -0.2591552734375 0.18389892578125
0.0214653015136719 -0.0128860473632813 -0.257720947265625 -0.141433715820313
0.0216522216796875 -0.0336093902587891 0.034210205078125 -0.48126220703125
0.0281200408935547 -0.00588798522949219 0.5673828125 -0.41815185546875
-0.000221252441406249 0.0383033752441406 0.774658203125 0.34466552734375
-0.0229129791259766 0.0210056304931641 0.24237060546875 0.9383544921875
-0.00532913208007813 0.0444450378417969 -0.2459716796875 0.6531982421875
-0.00988960266113281 0.0240287780761719 0.0652542114257813 0.00235366821289063
0.00380897521972656 0.0260581970214844 0.12200927734375 -0.72283935546875
0.0206279754638672 0.00372314453125 -0.57183837890625 -0.7615966796875
0.018157958984375 -0.00751876831054687 -0.78778076171875 0.10369873046875
0.0121440887451172 -0.0206432342529297 -0.24713134765625 0.5897216796875
0.0176334381103516 -0.0248794555664063 0.1845703125 0.439727783203125
-0.00989627838134765 -0.0137186050415039 0.36932373046875 0.0672607421875
-0.0138826370239258 -0.0158243179321289 0.28369140625 -0.20501708984375
0.00299072265625 -0.0365371704101563 -0.269424438476563 0.178375244140625
0.0234470367431641 -0.0237712860107422 -0.261947631835938 -0.147384643554688
0.0265769958496094 -0.0426902770996094 0.0414428710937499 -0.484649658203125
0.0367927551269531 -0.00880813598632813 0.57666015625 -0.40899658203125
0.0042266845703125 0.0374107360839844 0.77337646484375 0.359619140625
-0.0212593078613281 0.00686073303222656 0.22735595703125 0.9381103515625
0.0023040771484375 0.0203952789306641 -0.24365234375 0.63458251953125
0.00482177734375 -0.00074005126953125 0.0803451538085938 -0.0159378051757813
0.00634479522705078 0.00433635711669922 0.1185302734375 -0.73651123046875
0.0186958312988281 -0.00555610656738281 -0.58154296875 -0.7515869140625
0.0224189758300781 -0.0109100341796875 -0.78204345703125 0.1204833984375
0.0176506042480469 -0.0274105072021484 -0.23388671875 0.59185791015625
0.0188331604003906 -0.0357818603515625 0.187835693359375 0.43585205078125
-0.00840568542480469 -0.0221805572509766 0.364471435546875 0.062530517578125
-0.00944805145263672 -0.014491081237793 0.274993896484375 -0.210250854492188
0.00933456420898437 -0.0357551574707031 -0.282318115234375 0.173126220703125
0.02655029296875 -0.0303535461425781 -0.272674560546875 -0.1492919921875
0.0281295776367188 -0.0451202392578125 0.037109375 -0.488922119140625
0.0375480651855469 -0.00870513916015625 0.5762939453125 -0.41314697265625
0.00399208068847656 0.0325355529785156 0.7769775390625 0.35723876953125
-0.0190505981445313 -0.0156021118164062 0.23040771484375 0.9306640625
0.0173168182373047 -0.0136499404907227 -0.232421875 0.6214599609375
0.0296306610107422 -0.0314350128173828 0.0927352905273438 -0.0277175903320313
0.0101203918457031 -0.0271663665771484 0.11895751953125 -0.748046875
0.0132846832275391 -0.01995849609375 -0.5845947265625 -0.75604248046875
0.0229396820068359 -0.0103263854980469 -0.77972412109375 0.1221923828125
0.0188865661621094 -0.0284519195556641 -0.233154296875 0.5919189453125
0.0197868347167969 -0.0410957336425781 0.18450927734375 0.43646240234375
-0.00696945190429688 -0.0273532867431641 0.354583740234375 0.0628662109375
-0.00327396392822265 -0.0125494003295898 0.26239013671875 -0.212371826171875
0.0157413482666016 -0.0309104919433594 -0.295257568359375 0.172576904296875
0.0265922546386719 -0.0327625274658203 -0.290679931640625 -0.14166259765625
0.0238418579101563 -0.0448341369628906 0.00924682617187504 -0.4896240234375
0.0330429077148438 -0.00781631469726563 0.550262451171875 -0.439971923828125
-0.000326156616210935 0.0267124176025391 0.7890625 0.30694580078125
-0.0206832885742187 -0.0399436950683594 0.27874755859375 0.9027099609375
0.0355987548828125 -0.0520401000976563 -0.20404052734375 0.62652587890625
0.0611228942871094 -0.0658950805664063 0.0926666259765625 -0.0184783935546875
0.0200881958007813 -0.063720703125 0.14501953125 -0.744873046875
0.00751495361328125 -0.0382919311523438 -0.5528564453125 -0.79058837890625
0.0175237655639648 -0.0100698471069336 -0.79486083984375 0.078857421875
0.0186424255371094 -0.0231876373291016 -0.265869140625 0.58050537109375
0.021453857421875 -0.0409431457519531 0.161102294921875 0.444091796875
-0.00410842895507812 -0.0288982391357422 0.342376708984375 0.074462890625
0.00399875640869141 -0.0101280212402344 0.256072998046875 -0.211532592773438
0.0117511749267578 -0.03314208984375 -0.260055541992188 0.203948974609375
0.0199794769287109 0.0242996215820313 -0.30218505859375 -0.0814208984375001
-0.000164985656738282 0.0164127349853516 -0.096435546875 -0.456787109375
-0.0170440673828125 0.0241355895996094 0.403594970703125 -0.53656005859375
-0.0330772399902344 0.0375938415527344 0.79681396484375 0.0865478515625
-0.0243072509765625 0.00817108154296875 0.48388671875 0.80670166015625
0.0212135314941406 0.0389823913574219 -0.1217041015625 0.75421142578125
0.0111808776855469 0.0416908264160156 0.000373840332031257 0.118621826171875
0.0285263061523438 0.0321502685546875 0.24151611328125 -0.63043212890625
0.0186748504638672 -0.0109062194824219 -0.36553955078125 -0.92022705078125
-0.0237922668457031 -0.00352287292480469 -0.84014892578125 -0.15057373046875
-0.0238704681396484 0.0221405029296875 -0.430450439453125 0.51690673828125
-0.00067901611328125 0.0273265838623047 0.059600830078125 0.4869384765625
-0.00367355346679687 0.0246715545654297 0.340576171875 0.131683349609375
-0.00393009185791016 -0.0138702392578125 0.28814697265625 -0.177886962890625
0.005279541015625 -0.0329875946044922 -0.251846313476562 0.201644897460938
0.0197200775146484 0.0209884643554688 -0.286376953125 -0.102691650390625
0.00195121765136719 0.00567865371704102 -0.05712890625 -0.467376708984375
-0.00982379913330078 0.0149240493774414 0.454833984375 -0.507171630859375
-0.0257034301757813 0.0369300842285156 0.80120849609375 0.1617431640625
-0.0228939056396484 0.0202255249023438 0.41986083984375 0.85858154296875
0.00986099243164063 0.0572471618652344 -0.1632080078125 0.73638916015625
-0.00569534301757812 0.0531768798828125 0.0123367309570313 0.0898056030273438
0.0185394287109375 0.0456123352050781 0.204833984375 -0.65496826171875
0.0194320678710937 0.00118827819824219 -0.435546875 -0.8739013671875
-0.013117790222168 -0.00154209136962891 -0.8358154296875 -0.0684204101562498
-0.0128374099731445 0.0138750076293945 -0.37896728515625 0.547576904296875
0.00563144683837891 0.0164031982421875 0.101226806640625 0.479339599609375
-0.00457668304443359 0.0173978805541992 0.356903076171875 0.112457275390625
-0.00846099853515625 -0.0153398513793945 0.293426513671875 -0.1851806640625
0.00196266174316406 -0.0349788665771484 -0.249603271484375 0.196929931640625
0.0196113586425781 0.0112857818603516 -0.271820068359375 -0.118789672851563
0.00786733627319336 -0.00825166702270508 -0.01910400390625 -0.47650146484375
0.00139331817626953 0.00651836395263672 0.50457763671875 -0.475128173828125
-0.0163764953613281 0.0366363525390625 0.79888916015625 0.23785400390625
-0.0217227935791016 0.0274238586425781 0.34954833984375 0.90277099609375
-8.39233398437446E-05 0.0658950805664063 -0.20233154296875 0.71173095703125
-0.0165214538574219 0.0527534484863281 0.02984619140625 0.0575370788574219
0.0111618041992187 0.049041748046875 0.16937255859375 -0.68304443359375
0.0203361511230469 0.00692176818847656 -0.5015869140625 -0.82867431640625
-0.000769615173339844 -0.00222063064575195 -0.82342529296875 0.0088500976562499
-0.00230026245117187 0.00149106979370117 -0.32147216796875 0.57281494140625
0.0118246078491211 0.00238513946533203 0.141357421875 0.46673583984375
-0.0061030387878418 0.00727033615112305 0.368133544921875 0.09466552734375
-0.0129985809326172 -0.0166254043579102 0.2945556640625 -0.19195556640625
-0.000961303710937501 -0.036895751953125 -0.252639770507813 0.1917724609375
0.0204849243164063 -0.00111961364746094 -0.262435913085938 -0.13189697265625
0.0138626098632812 -0.0208244323730469 0.01275634765625 -0.480072021484375
0.0143947601318359 -0.00137805938720703 0.5433349609375 -0.442901611328125
-0.00747299194335937 0.0378570556640625 0.7884521484375 0.30169677734375
-0.0222225189208984 0.0280704498291016 0.2882080078125 0.93121337890625
-0.00632095336914062 0.0600624084472656 -0.2294921875 0.683837890625
-0.0172386169433594 0.0437545776367188 0.0486412048339844 0.0269279479980469
0.00677490234375001 0.04193115234375 0.13922119140625 -0.70697021484375
0.0210819244384766 0.00741386413574219 -0.54888916015625 -0.79071044921875
0.0100774765014648 -0.0052490234375 -0.80596923828125 0.07080078125
0.0055999755859375 -0.00952434539794922 -0.2747802734375 0.58831787109375
0.0153360366821289 -0.0122184753417969 0.170257568359375 0.45196533203125
-0.00827598571777344 -0.0046849250793457 0.37347412109375 0.077301025390625
-0.0149116516113281 -0.0163183212280273 0.29058837890625 -0.201568603515625
-5.34057617187534E-05 -0.0381965637207031 -0.2589111328125 0.186294555664063
0.0217761993408203 -0.0139923095703125 -0.259979248046875 -0.140213012695313
0.0210151672363281 -0.0327091217041016 0.031890869140625 -0.484100341796875
0.0268898010253906 -0.00593185424804688 0.56787109375 -0.4234619140625
0.000164031982421873 0.0379142761230469 0.78216552734375 0.34161376953125
-0.0220432281494141 0.0206661224365234 0.2469482421875 0.9449462890625
-0.00508499145507813 0.0447883605957031 -0.24371337890625 0.65899658203125
-0.00950241088867188 0.0245399475097656 0.0658531188964844 0.000999450683593752
0.00442123413085938 0.0263175964355469 0.12078857421875 -0.72760009765625
0.0208988189697266 0.00257110595703125 -0.57745361328125 -0.7633056640625
0.0183696746826172 -0.008636474609375 -0.7918701171875 0.1080322265625
0.0124855041503906 -0.0203418731689453 -0.2454833984375 0.59600830078125
0.0180702209472656 -0.0260887145996094 0.187042236328125 0.442626953125
-0.00942039489746094 -0.0141506195068359 0.372528076171875 0.064239501953125
-0.0131645202636719 -0.0159797668457031 0.28564453125 -0.20794677734375
0.00341796875 -0.0371894836425781 -0.269378662109375 0.181594848632812
0.0242938995361328 -0.0242214202880859 -0.263870239257813 -0.1466064453125
0.0261116027832031 -0.0421104431152344 0.038970947265625 -0.489166259765625
0.0368003845214844 -0.00862884521484375 0.5784912109375 -0.4168701171875
0.00518417358398437 0.0368995666503906 0.78057861328125 0.3570556640625
-0.0209159851074219 0.00678825378417969 0.2332763671875 0.94482421875
0.00288009643554687 0.0198211669921875 -0.24212646484375 0.6400146484375
0.00533008575439453 -0.000515937805175781 0.0813217163085938 -0.01519775390625
0.00554704666137695 0.00384283065795898 0.11602783203125 -0.74127197265625
0.0181198120117188 -0.00625801086425781 -0.588623046875 -0.756103515625
0.0237503051757813 -0.00990867614746094 -0.7857666015625 0.12322998046875
0.01702880859375 -0.0274238586425781 -0.23199462890625 0.59637451171875
0.0198135375976562 -0.0365676879882813 0.190887451171875 0.43792724609375
-0.00837516784667969 -0.0224380493164063 0.36749267578125 0.0599365234375
-0.00907802581787109 -0.0150842666625977 0.275100708007813 -0.212615966796875
0.00991439819335937 -0.0359725952148438 -0.283538818359375 0.17657470703125
0.0261268615722656 -0.0305042266845703 -0.274200439453125 -0.147247314453125
0.0277214050292969 -0.0456390380859375 0.0334472656250001 -0.4927978515625
0.0378227233886719 -0.00952911376953125 0.57989501953125 -0.42041015625
0.00475120544433594 0.0324611663818359 0.78497314453125 0.3548583984375
-0.0184040069580078 -0.0150604248046875 0.23614501953125 0.93560791015625
0.0181102752685547 -0.0135269165039063 -0.23193359375 0.62554931640625
0.0298442840576172 -0.0319290161132813 0.0941009521484375 -0.0281295776367188
0.0107173919677734 -0.0278759002685547 0.11767578125 -0.7540283203125
0.0134525299072266 -0.0195827484130859 -0.59271240234375 -0.7596435546875
0.0238552093505859 -0.0109481811523438 -0.7857666015625 0.12396240234375
0.0190029144287109 -0.0288124084472656 -0.23016357421875 0.59686279296875
0.0203437805175781 -0.0417671203613281 0.18951416015625 0.43719482421875
-0.0063934326171875 -0.0277099609375 0.358062744140625 0.061279296875
-0.00362014770507813 -0.0128002166748047 0.263839721679688 -0.215118408203125
0.0158920288085938 -0.0318164825439453 -0.29669189453125 0.176239013671875
0.0276470184326172 -0.0324211120605469 -0.29217529296875 -0.139984130859375
0.0247573852539062 -0.0445289611816406 0.00668334960937495 -0.493927001953125
0.0328445434570312 -0.00792121887207031 0.551055908203125 -0.446807861328125
0.000400543212890625 0.0269355773925781 0.7974853515625 0.30670166015625
-0.0193672180175781 -0.0407638549804688 0.283935546875 0.90850830078125
0.0347366333007813 -0.0522918701171875 -0.20281982421875 0.631103515625
0.0599136352539063 -0.0656242370605469 0.0919036865234375 -0.0196990966796875
0.0194625854492188 -0.0656356811523438 0.14215087890625 -0.7496337890625
0.00717926025390625 -0.0392227172851562 -0.5611572265625 -0.79327392578125
0.0182914733886719 -0.00975418090820313 -0.79913330078125 0.0833129882812499
0.018798828125 -0.0243816375732422 -0.2650146484375 0.58551025390625
0.0210494995117188 -0.0404739379882813 0.163909912109375 0.446075439453125
-0.00312042236328125 -0.0285930633544922 0.3447265625 0.072174072265625
0.00314903259277344 -0.0110511779785156 0.256515502929687 -0.215286254882812
0.0119724273681641 -0.0335216522216797 -0.259674072265625 0.207656860351562
0.0209217071533203 0.0243091583251953 -0.30438232421875 -0.078277587890625
-0.00126838684082031 0.0165624618530273 -0.099090576171875 -0.459991455078125
-0.0165939331054688 0.0238265991210938 0.401611328125 -0.542266845703125
-0.0318870544433594 0.0374221801757813 0.80450439453125 0.08154296875
-0.0236072540283203 0.00901222229003906 0.49072265625 0.81024169921875
0.0211296081542969 0.0392189025878906 -0.117431640625 0.75885009765625
0.0103492736816406 0.0428619384765625 0.00120544433593749 0.119117736816406
0.0283699035644531 0.0317249298095703 0.23944091796875 -0.635009765625
0.0189685821533203 -0.00942039489746094 -0.37310791015625 -0.92388916015625
-0.0235595703125 -0.00354766845703125 -0.8475341796875 -0.14788818359375
-0.0242252349853516 0.0221309661865234 -0.43096923828125 0.520721435546875
-0.000478744506835939 0.0273513793945313 0.063568115234375 0.492156982421875
-0.00299263000488281 0.0256824493408203 0.343536376953125 0.129913330078125
-0.00368118286132812 -0.0139141082763672 0.287841796875 -0.180755615234375
0.00542449951171875 -0.0333328247070313 -0.250778198242188 0.204910278320313
0.0199985504150391 0.0204124450683594 -0.2894287109375 -0.1016845703125
0.00149869918823242 0.00625276565551758 -0.060546875 -0.469482421875
-0.0102653503417969 0.0152511596679687 0.45538330078125 -0.513946533203125
-0.0245857238769531 0.0363922119140625 0.80755615234375 0.15838623046875
-0.0208377838134766 0.0199546813964844 0.427001953125 0.86322021484375
0.0111083984375 0.0581474304199219 -0.16119384765625 0.7431640625
-0.00727462768554688 0.0533714294433594 0.0131149291992187 0.0902481079101563
0.0195541381835938 0.0456771850585937 0.203125 -0.66082763671875
0.0199165344238281 0.000925064086914063 -0.444580078125 -0.87908935546875
-0.0137443542480469 -0.00158596038818359 -0.8414306640625 -0.0649414062499999
-0.0132694244384766 0.0146379470825195 -0.377197265625 0.55322265625
0.00449371337890625 0.0162696838378906 0.10595703125 0.48291015625
-0.00398349761962891 0.0168876647949219 0.360198974609375 0.11029052734375
-0.00916290283203125 -0.0163869857788086 0.293426513671875 -0.188690185546875
0.00135421752929687 -0.0367698669433594 -0.249984741210938 0.201416015625
0.0198268890380859 0.0102519989013672 -0.274932861328125 -0.116867065429688
0.00741100311279297 -0.00681018829345703 -0.02252197265625 -0.47760009765625
0.00171995162963867 0.00674295425415039 0.50628662109375 -0.48065185546875
-0.0157966613769531 0.0363273620605469 0.80499267578125 0.2337646484375
-0.0208625793457031 0.0277652740478516 0.35748291015625 0.90753173828125
3.94321526817882E-18 0.0643997192382813 -0.199462890625 0.7176513671875
-0.0169715881347656 0.0551910400390625 0.0309333801269531 0.0580253601074219
0.0116119384765625 0.0489120483398438 0.1641845703125 -0.687744140625
0.0206794738769531 0.00650596618652344 -0.50970458984375 -0.83209228515625
-0.00189065933227539 -0.00285482406616211 -0.8297119140625 0.0128784179687499
-0.00421023368835449 0.00170731544494629 -0.3197021484375 0.57952880859375
0.011439323425293 0.00245761871337891 0.14544677734375 0.468505859375
-0.00611257553100586 0.0080561637878418 0.371826171875 0.091644287109375
-0.0132455825805664 -0.0169172286987305 0.2950439453125 -0.196258544921875
-0.0007171630859375 -0.0384254455566406 -0.252227783203125 0.195785522460938
0.0212974548339844 -0.00162315368652344 -0.264907836914062 -0.1297607421875
0.0126266479492188 -0.02130126953125 0.010345458984375 -0.48297119140625
0.0146007537841797 -0.00200366973876953 0.54473876953125 -0.449798583984375
-0.00701141357421875 0.0375099182128906 0.7958984375 0.29827880859375
-0.0212917327880859 0.0283584594726562 0.294189453125 0.9366455078125
-0.00511932373046876 0.0616912841796875 -0.22900390625 0.6883544921875
-0.0178031921386719 0.044281005859375 0.0481147766113281 0.0265464782714844
0.00627517700195313 0.0416030883789063 0.13604736328125 -0.71380615234375
0.02142333984375 0.00743865966796875 -0.55731201171875 -0.79180908203125
0.00998306274414063 -0.00552940368652344 -0.81317138671875 0.0754394531250001
0.00507354736328125 -0.00944900512695313 -0.2735595703125 0.5938720703125
0.0156631469726563 -0.0122041702270508 0.17431640625 0.454132080078125
-0.00820398330688477 -0.00380563735961914 0.37786865234375 0.07440185546875
-0.0140323638916016 -0.0165596008300781 0.2911376953125 -0.203369140625
0.00018310546875 -0.0391578674316406 -0.259933471679688 0.191055297851562
0.0224037170410156 -0.0138950347900391 -0.261795043945313 -0.138763427734375
0.0216655731201172 -0.0323123931884766 0.028106689453125 -0.4871826171875
0.0274219512939453 -0.00680160522460937 0.5682373046875 -0.43231201171875
0.00136566162109375 0.0373001098632813 0.78900146484375 0.340087890625
-0.0203914642333984 0.0212059020996094 0.25457763671875 0.948974609375
-0.00535202026367187 0.0456161499023437 -0.24261474609375 0.6649169921875
-0.0108242034912109 0.0241012573242187 0.0672492980957031 0.00142288208007813
0.00469017028808593 0.0252723693847656 0.11663818359375 -0.73175048828125
0.0207405090332031 0.00270462036132813 -0.58648681640625 -0.765380859375
0.0185222625732422 -0.00755691528320313 -0.79608154296875 0.112548828125
0.0116539001464844 -0.0216922760009766 -0.24371337890625 0.60235595703125
0.0166225433349609 -0.0267581939697266 0.191070556640625 0.444091796875
-0.00791263580322266 -0.0136299133300781 0.37542724609375 0.0615234375
-0.0130271911621094 -0.0161046981811523 0.28497314453125 -0.211578369140625
0.00225067138671875 -0.0402030944824219 -0.26971435546875 0.1849365234375
0.0247955322265625 -0.0258216857910156 -0.26617431640625 -0.145797729492187
0.0261802673339844 -0.0424919128417969 0.0362548828125 -0.490264892578125
0.0357398986816406 -0.00823974609375 0.5797119140625 -0.4239501953125
0.00545120239257812 0.0364494323730469 0.7896728515625 0.3551025390625
-0.0199089050292969 0.00688743591308594 0.2388916015625 0.95172119140625
0.00270652770996094 0.0196037292480469 -0.24017333984375 0.64422607421875
0.00406813621520996 0.00109577178955078 0.0809097290039063 -0.0163040161132813
0.00543355941772461 0.002288818359375 0.112548828125 -0.74993896484375
0.0176277160644531 -0.006195068359375 -0.59649658203125 -0.7576904296875
0.0233478546142578 -0.00927352905273438 -0.7904052734375 0.12701416015625
0.0166301727294922 -0.0279827117919922 -0.23028564453125 0.60205078125
0.0190925598144531 -0.0373954772949219 0.195068359375 0.4410400390625
-0.00865364074707031 -0.0236091613769531 0.37103271484375 0.056732177734375
-0.0105047225952148 -0.0144309997558594 0.275497436523438 -0.216506958007813
0.00848770141601562 -0.0362510681152344 -0.28387451171875 0.181304931640625
0.0271320343017578 -0.0322475433349609 -0.276565551757813 -0.146102905273438
0.0288467407226563 -0.0461654663085938 0.030487060546875 -0.495697021484375
0.0386505126953125 -0.00841522216796875 0.58013916015625 -0.42681884765625
0.00590705871582031 0.0320777893066406 0.790283203125 0.35107421875
-0.0186100006103516 -0.0153007507324219 0.24359130859375 0.9423828125
0.0169248580932617 -0.0139446258544922 -0.22991943359375 0.63134765625
0.0287322998046875 -0.0321464538574219 0.094879150390625 -0.0290451049804688
0.00878715515136719 -0.0294246673583984 0.11505126953125 -0.75970458984375
0.0121612548828125 -0.0201797485351563 -0.59954833984375 -0.760009765625
0.0239105224609375 -0.0112323760986328 -0.78912353515625 0.128662109375
0.0181655883789063 -0.0289516448974609 -0.22894287109375 0.6031494140625
0.0193748474121094 -0.0428314208984375 0.19329833984375 0.439788818359375
-0.00727462768554688 -0.0272865295410156 0.361602783203125 0.0570068359375
-0.00398540496826172 -0.0130863189697266 0.264816284179688 -0.220260620117188
0.0154609680175781 -0.0329227447509766 -0.29583740234375 0.1807861328125
0.0284214019775391 -0.0339126586914063 -0.294677734375 -0.1385498046875
0.0240936279296875 -0.0448036193847656 0.00393676757812506 -0.4962158203125
0.0325603485107422 -0.00719451904296875 0.5513916015625 -0.454925537109375
0.00130462646484375 0.0270862579345703 0.80389404296875 0.3021240234375
-0.0194625854492187 -0.0413017272949219 0.293212890625 0.91265869140625
0.0353469848632812 -0.0531387329101562 -0.20068359375 0.63623046875
0.06005859375 -0.0671615600585938 0.093902587890625 -0.0202713012695313
0.0198326110839844 -0.0651130676269531 0.14019775390625 -0.75408935546875
0.00632095336914062 -0.0389823913574219 -0.5679931640625 -0.797607421875
0.0165367126464844 -0.00934600830078125 -0.80401611328125 0.08831787109375
0.0184726715087891 -0.0233669281005859 -0.2637939453125 0.5909423828125
0.0213813781738281 -0.0418968200683594 0.168609619140625 0.44769287109375
-0.00336456298828125 -0.0282611846923828 0.34814453125 0.06829833984375
0.00302982330322266 -0.0103044509887695 0.256607055664063 -0.217742919921875
0.0117759704589844 -0.0357666015625 -0.259872436523437 0.212326049804688
0.0231723785400391 0.0237464904785156 -0.30694580078125 -0.0762634277343751
0.000430107116699218 0.0174531936645508 -0.1043701171875 -0.459625244140625
-0.0171794891357422 0.0252113342285156 0.40057373046875 -0.5506591796875
-0.0311546325683594 0.0379219055175781 0.810546875 0.07666015625
-0.022552490234375 0.00909996032714844 0.500732421875 0.81268310546875
0.0221443176269531 0.0384674072265625 -0.11309814453125 0.76519775390625
0.0103263854980469 0.0429115295410156 0.00197601318359375 0.119102478027344
0.0283927917480469 0.0311985015869141 0.2374267578125 -0.64111328125
0.0195674896240234 -0.00962638854980469 -0.38165283203125 -0.92578125
-0.0243206024169922 -0.00355339050292969 -0.854736328125 -0.141357421875
-0.0244941711425781 0.0215435028076172 -0.429290771484375 0.52947998046875
-0.000776290893554691 0.0275554656982422 0.06927490234375 0.494873046875
-0.00254631042480469 0.0256195068359375 0.3494873046875 0.12628173828125
-0.00428009033203125 -0.0139656066894531 0.288330078125 -0.186004638671875
0.00509262084960937 -0.0351829528808594 -0.250808715820313 0.208282470703125
0.021728515625 0.0195236206054688 -0.291656494140625 -0.0978393554687501
0.00249004364013672 0.00716495513916016 -0.0657958984375 -0.472930908203125
-0.0107927322387695 0.0163097381591797 0.453887939453125 -0.522216796875
-0.0242080688476562 0.0364761352539063 0.81475830078125 0.1519775390625
-0.0207386016845703 0.0211353302001953 0.4368896484375 0.86688232421875
0.0107879638671875 0.0572052001953125 -0.156005859375 0.74969482421875
-0.0067901611328125 0.0545845031738281 0.0143814086914062 0.0914840698242188
0.018707275390625 0.0448532104492188 0.1998291015625 -0.66705322265625
0.0202274322509766 0.00152397155761719 -0.45294189453125 -0.882080078125
-0.0132722854614258 -0.0010223388671875 -0.84906005859375 -0.0590209960937498
-0.0134086608886719 0.0142669677734375 -0.37579345703125 0.561309814453125
0.00609588623046875 0.0164384841918945 0.110076904296875 0.486236572265625
-0.00371360778808594 0.0178337097167969 0.364044189453125 0.108184814453125
-0.00911903381347656 -0.0156440734863281 0.294219970703125 -0.19281005859375
0.000507354736328122 -0.0373115539550781 -0.2486572265625 0.205184936523437
0.0220069885253906 0.0102519989013672 -0.2774658203125 -0.11328125
0.00629520416259766 -0.0069575309753418 -0.025848388671875 -0.481048583984375
0.00103664398193359 0.00675868988037109 0.504913330078125 -0.48809814453125
-0.0143356323242187 0.0363578796386719 0.8138427734375 0.22918701171875
-0.0195522308349609 0.0279216766357422 0.36676025390625 0.911865234375
0.00146484375000001 0.0654144287109375 -0.1962890625 0.72332763671875
-0.0168380737304687 0.0548629760742188 0.0306777954101563 0.0585823059082031
0.0117683410644531 0.0487709045410156 0.162841796875 -0.693115234375
0.0209426879882813 0.00726890563964844 -0.518798828125 -0.83203125
-0.0013434886932373 -0.00320887565612793 -0.83514404296875 0.0203857421875001
-0.00311732292175293 0.00253677368164062 -0.31719970703125 0.58489990234375
0.011754035949707 0.00286006927490234 0.14984130859375 0.4716796875
-0.00609064102172852 0.00748491287231445 0.3746337890625 0.087921142578125
-0.0117979049682617 -0.0173072814941406 0.296356201171875 -0.199127197265625
-0.002044677734375 -0.0389289855957031 -0.251678466796875 0.199462890625
0.0226554870605469 -0.0029144287109375 -0.266815185546875 -0.1268310546875
0.0137939453125 -0.0198783874511719 0.00643920898437497 -0.486541748046875
0.0144710540771484 -0.00120639801025391 0.5439453125 -0.459381103515625
-0.00568389892578125 0.0379219055175781 0.80450439453125 0.2938232421875
-0.0199546813964844 0.0280876159667969 0.30145263671875 0.9429931640625
-0.00557708740234375 0.0616493225097656 -0.22601318359375 0.6964111328125
-0.018341064453125 0.0440444946289063 0.0509223937988281 0.0270309448242188
0.00763702392578125 0.0411605834960938 0.13201904296875 -0.717529296875
0.0220794677734375 0.00760841369628906 -0.56695556640625 -0.79107666015625
0.00975894927978516 -0.00451374053955078 -0.81829833984375 0.0814208984375001
0.00484848022460937 -0.00999641418457031 -0.27081298828125 0.59979248046875
0.0151329040527344 -0.0130701065063477 0.179412841796875 0.456787109375
-0.00797891616821289 -0.0037388801574707 0.38037109375 0.070526123046875
-0.0143795013427734 -0.0167856216430664 0.2916259765625 -0.20855712890625
-0.00125885009765625 -0.0412025451660156 -0.258071899414063 0.194091796875
0.0239925384521484 -0.0156211853027344 -0.264724731445313 -0.135879516601562
0.0217914581298828 -0.0327243804931641 0.024261474609375 -0.4893798828125
0.0265007019042969 -0.00599288940429688 0.570556640625 -0.440185546875
0.00232696533203125 0.0376663208007813 0.79705810546875 0.33624267578125
-0.0194873809814453 0.0214462280273438 0.2625732421875 0.95654296875
-0.00482559204101563 0.0452308654785156 -0.2386474609375 0.6708984375
-0.0109367370605469 0.0257072448730469 0.0676765441894531 0.00121688842773438
0.00520896911621094 0.0257778167724609 0.11383056640625 -0.73858642578125
0.0210914611816406 0.00240707397460938 -0.59527587890625 -0.76629638671875
0.0182762145996094 -0.00834274291992188 -0.80181884765625 0.11883544921875
0.0119647979736328 -0.02142333984375 -0.23974609375 0.607666015625
0.0177192687988281 -0.0274925231933594 0.197052001953125 0.447021484375
-0.00911045074462891 -0.012843132019043 0.379241943359375 0.05859375
-0.0141086578369141 -0.0161294937133789 0.284423828125 -0.2158203125
0.00241851806640625 -0.0413894653320313 -0.269515991210938 0.190078735351562
0.0258827209472656 -0.0263004302978516 -0.26885986328125 -0.14117431640625
0.0258064270019531 -0.0410919189453125 0.02947998046875 -0.49468994140625
0.0357093811035156 -0.00976943969726563 0.57977294921875 -0.434814453125
0.00730133056640625 0.0357780456542969 0.79901123046875 0.35003662109375
-0.0187149047851563 0.00738906860351563 0.24822998046875 0.95751953125
0.00292015075683594 0.0190887451171875 -0.23724365234375 0.650390625
0.00384783744812012 0.000416040420532227 0.081878662109375 -0.017578125
0.00407075881958008 0.00311541557312012 0.10919189453125 -0.75262451171875
0.0187435150146484 -0.00605392456054688 -0.60723876953125 -0.7578125
0.0240211486816406 -0.0111160278320313 -0.7952880859375 0.1336669921875
0.0163974761962891 -0.0276947021484375 -0.226318359375 0.6083984375
0.0196609497070312 -0.03790283203125 0.202178955078125 0.44097900390625
-0.00805854797363281 -0.0226001739501953 0.373016357421875 0.053375244140625
-0.0104494094848633 -0.0149040222167969 0.27520751953125 -0.219818115234375
0.00872802734375 -0.0389556884765625 -0.283233642578125 0.184967041015625
0.0282173156738281 -0.0331611633300781 -0.279281616210938 -0.143234252929687
0.0288887023925781 -0.0459480285644531 0.027618408203125 -0.499542236328125
0.0377044677734375 -0.0101127624511719 0.58038330078125 -0.4376220703125
0.00744438171386719 0.0306968688964844 0.80108642578125 0.348388671875
-0.0171985626220703 -0.0156679153442383 0.2520751953125 0.94647216796875
0.017578125 -0.0144519805908203 -0.2261962890625 0.63726806640625
0.0273876190185547 -0.0318183898925781 0.0952987670898437 -0.0292282104492188
0.00886917114257813 -0.0296707153320313 0.10870361328125 -0.76385498046875
0.0139942169189453 -0.0214385986328125 -0.61004638671875 -0.75958251953125
0.0223255157470703 -0.0116310119628906 -0.79595947265625 0.13885498046875
0.0185375213623047 -0.0292263031005859 -0.2252197265625 0.6083984375
0.020660400390625 -0.0424308776855469 0.19818115234375 0.44140625
-0.00613212585449219 -0.0270195007324219 0.363800048828125 0.054473876953125
-0.00426197052001953 -0.0127220153808594 0.264633178710938 -0.223388671875
0.0154495239257813 -0.0357627868652344 -0.295806884765625 0.183837890625
0.0293140411376953 -0.0345134735107422 -0.298095703125 -0.1356201171875
0.0241584777832031 -0.0446014404296875 -0.00201416015625 -0.4989013671875
0.0324897766113281 -0.00840568542480469 0.55047607421875 -0.462799072265625
0.00256919860839844 0.0260963439941406 0.81329345703125 0.29705810546875
-0.0180931091308594 -0.0422172546386719 0.3016357421875 0.91754150390625
0.0351715087890625 -0.0539436340332031 -0.19622802734375 0.6429443359375
0.0585746765136719 -0.0674781799316406 0.0938720703125 -0.0209274291992188
0.01885986328125 -0.06768798828125 0.1341552734375 -0.76190185546875
0.00667190551757812 -0.0405654907226563 -0.5770263671875 -0.79541015625
0.0177593231201172 -0.010040283203125 -0.80950927734375 0.0943603515625
0.0185947418212891 -0.02490234375 -0.259033203125 0.59735107421875
0.0218887329101563 -0.0422248840332031 0.17376708984375 0.450408935546875
-0.00314712524414062 -0.0293006896972656 0.3516845703125 0.065460205078125
0.00308132171630859 -0.0109748840332031 0.258041381835938 -0.222640991210938
0.0116996765136719 -0.0364151000976563 -0.258056640625 0.216903686523438
0.0241966247558594 0.0228691101074219 -0.30767822265625 -0.071929931640625
0.00051116943359375 0.0182914733886719 -0.110565185546875 -0.461639404296875
-0.0174770355224609 0.0263595581054688 0.39703369140625 -0.559661865234375
-0.0307998657226563 0.0374031066894531 0.81817626953125 0.069091796875
-0.0211696624755859 0.00937652587890625 0.511474609375 0.8131103515625
0.0226249694824219 0.0383262634277344 -0.10736083984375 0.77117919921875
0.0101814270019531 0.0429306030273438 0.00276184082031251 0.120559692382813
0.0296478271484375 0.0317058563232422 0.23175048828125 -0.64556884765625
0.0200710296630859 -0.0107803344726563 -0.392578125 -0.9281005859375
-0.0246257781982422 -0.00276947021484375 -0.8621826171875 -0.13519287109375
-0.0242214202880859 0.0230865478515625 -0.4283447265625 0.537628173828125
8.20159912109375E-05 0.0266513824462891 0.073883056640625 0.4971923828125
-0.00103759765625 0.0267333984375 0.351409912109375 0.122833251953125
-0.00420284271240234 -0.0143356323242188 0.28936767578125 -0.18963623046875
0.00556564331054688 -0.0360488891601563 -0.249404907226563 0.212554931640625
0.0231876373291016 0.0184211730957031 -0.29388427734375 -0.094085693359375
0.00256824493408203 0.00785732269287109 -0.068756103515625 -0.474273681640625
-0.0102910995483398 0.0157394409179688 0.452239990234375 -0.531524658203125
-0.0231971740722656 0.03546142578125 0.82220458984375 0.1466064453125
-0.0186862945556641 0.0211563110351563 0.4471435546875 0.86724853515625
0.0118637084960937 0.0574836730957031 -0.1494140625 0.7554931640625
-0.00597763061523438 0.0549125671386719 0.0139846801757813 0.0914688110351563
0.0191421508789063 0.0448951721191406 0.1934814453125 -0.6734619140625
0.0199604034423828 0.000749588012695312 -0.46319580078125 -0.883056640625
-0.0128669738769531 -0.000931739807128905 -0.85516357421875 -0.0527343749999998
-0.0135154724121094 0.0141973495483398 -0.37152099609375 0.56683349609375
0.00715255737304687 0.0170793533325195 0.11688232421875 0.48626708984375
-0.00249862670898437 0.0189456939697266 0.36767578125 0.102996826171875
-0.0102005004882812 -0.0161781311035156 0.294189453125 -0.197021484375
0.000728607177734375 -0.0394020080566406 -0.247970581054687 0.209426879882813
0.0224571228027344 0.00889396667480469 -0.279388427734375 -0.110122680664063
0.00669193267822266 -0.00600004196166992 -0.02996826171875 -0.48388671875
0.000714778900146485 0.00636816024780273 0.504119873046875 -0.49798583984375
-0.0138015747070312 0.0359573364257813 0.82049560546875 0.22271728515625
-0.0184078216552734 0.0279273986816406 0.37689208984375 0.91497802734375
0.00194931030273437 0.0655174255371094 -0.1904296875 0.728759765625
-0.0170707702636719 0.0553855895996094 0.0321884155273438 0.0583572387695312
0.0118446350097656 0.0487594604492188 0.1571044921875 -0.69781494140625
0.0218467712402344 0.00732231140136719 -0.53094482421875 -0.83343505859375
-0.00189089775085449 -0.0023343563079834 -0.841796875 0.0258178710937502
-0.00343441963195801 0.00192999839782715 -0.313232421875 0.591796875
0.0122470855712891 0.00227260589599609 0.156005859375 0.47296142578125
-0.00528812408447266 0.00831747055053711 0.3782958984375 0.08270263671875
-0.0143022537231445 -0.0165424346923828 0.29486083984375 -0.20440673828125
-0.00225067138671875 -0.0404014587402344 -0.250503540039063 0.20367431640625
0.0232982635498047 -0.00363731384277344 -0.26837158203125 -0.125015258789063
0.0135059356689453 -0.0199203491210937 0.00134277343749999 -0.489227294921875
0.0127582550048828 -0.00105094909667969 0.5439453125 -0.46795654296875
-0.00513839721679688 0.0371589660644531 0.81439208984375 0.28759765625
-0.0190410614013672 0.0287952423095703 0.31439208984375 0.94488525390625
-0.00410079956054688 0.0616035461425781 -0.219970703125 0.70147705078125
-0.0183906555175781 0.04486083984375 0.0504493713378906 0.0265655517578125
0.00706100463867188 0.0418777465820313 0.12762451171875 -0.723876953125
0.0217437744140625 0.0064544677734375 -0.57666015625 -0.79217529296875
0.00964546203613281 -0.00529766082763672 -0.82220458984375 0.08795166015625
0.00515937805175781 -0.0102758407592773 -0.2652587890625 0.60614013671875
0.0158357620239258 -0.0127105712890625 0.186187744140625 0.457275390625
-0.00724124908447266 -0.0032038688659668 0.3841552734375 0.065887451171875
-0.0143575668334961 -0.0171117782592773 0.291259765625 -0.212493896484375
-0.00146102905273437 -0.0421943664550781 -0.257156372070312 0.198333740234375
0.0248661041259766 -0.0161781311035156 -0.266464233398438 -0.133743286132812
0.0211124420166016 -0.0335540771484375 0.020721435546875 -0.493377685546875
0.0271224975585938 -0.006439208984375 0.56927490234375 -0.4493408203125
0.00308990478515625 0.0370597839355469 0.80731201171875 0.32958984375
-0.0191116333007812 0.0218944549560547 0.27288818359375 0.9609375
-0.003387451171875 0.0452003479003906 -0.23431396484375 0.6767578125
-0.0117015838623047 0.0263767242431641 0.0690383911132813 0.000370025634765627
0.00528907775878906 0.0253219604492188 0.10772705078125 -0.7440185546875
0.0208339691162109 0.00197410583496094 -0.6092529296875 -0.7674560546875
0.0178909301757813 -0.00850296020507812 -0.8067626953125 0.1260986328125
0.01104736328125 -0.0208587646484375 -0.23382568359375 0.6129150390625
0.0179271697998047 -0.0267581939697266 0.203155517578125 0.4476318359375
-0.00847911834716797 -0.0135965347290039 0.3822021484375 0.05426025390625
-0.0136995315551758 -0.0164899826049805 0.2843017578125 -0.2200927734375
0.000885009765625003 -0.0422782897949219 -0.268447875976563 0.19329833984375
0.0263118743896484 -0.0272083282470703 -0.27099609375 -0.139251708984375
0.0262298583984375 -0.0417594909667969 0.025360107421875 -0.496856689453125
0.0356369018554688 -0.010406494140625 0.57781982421875 -0.44189453125
0.00775909423828125 0.0353050231933594 0.80645751953125 0.345703125
-0.0177974700927734 0.00630378723144532 0.257568359375 0.959716796875
0.00257110595703125 0.0201854705810547 -0.23419189453125 0.65826416015625
0.00309205055236816 0.000585794448852539 0.08209228515625 -0.0182113647460938
0.00453281402587891 0.00192546844482422 0.10308837890625 -0.75958251953125
0.0190715789794922 -0.00699806213378906 -0.6162109375 -0.75787353515625
0.0236320495605469 -0.0111751556396484 -0.79998779296875 0.1417236328125
0.0153350830078125 -0.0288639068603516 -0.22161865234375 0.614501953125
0.0202445983886719 -0.0382881164550781 0.205352783203125 0.442138671875
-0.00794410705566406 -0.0218353271484375 0.376129150390625 0.0499267578125
-0.0093994140625 -0.0159006118774414 0.2745361328125 -0.225448608398437
0.0081329345703125 -0.0404396057128906 -0.282440185546875 0.19061279296875
0.0288925170898438 -0.0341377258300781 -0.2811279296875 -0.140274047851562
0.0282058715820313 -0.045684814453125 0.02069091796875 -0.5020751953125
0.0381355285644531 -0.0102081298828125 0.57940673828125 -0.44549560546875
0.00703239440917969 0.0312023162841797 0.8101806640625 0.34210205078125
-0.0162029266357422 -0.0159597396850586 0.26190185546875 0.951904296875
0.0178947448730469 -0.0151100158691406 -0.22271728515625 0.64385986328125
0.0266075134277344 -0.0324382781982422 0.0950393676757813 -0.0308685302734375
0.0081787109375 -0.0293674468994141 0.10357666015625 -0.76983642578125
0.0144767761230469 -0.0209064483642578 -0.619140625 -0.75823974609375
0.0237998962402344 -0.0108852386474609 -0.79815673828125 0.143798828125
0.0174655914306641 -0.0294113159179688 -0.22064208984375 0.61407470703125
0.0201034545898438 -0.043609619140625 0.20391845703125 0.441070556640625
-0.00538253784179687 -0.0278644561767578 0.36651611328125 0.0499267578125
-0.00331687927246094 -0.0136260986328125 0.263992309570313 -0.227142333984375
0.0139541625976563 -0.0366401672363281 -0.295196533203125 0.189208984375
0.0295333862304687 -0.0357627868652344 -0.29998779296875 -0.13275146484375
0.0249252319335938 -0.044464111328125 -0.00714111328124995 -0.50286865234375
0.0322895050048828 -0.00758552551269531 0.55047607421875 -0.473358154296875
0.00269699096679688 0.0252571105957031 0.82196044921875 0.2933349609375
-0.0177726745605469 -0.04229736328125 0.3118896484375 0.921875
0.0339431762695313 -0.0549049377441406 -0.19378662109375 0.64898681640625
0.0581588745117188 -0.0677375793457031 0.0953598022460938 -0.021087646484375
0.017364501953125 -0.0667304992675781 0.12921142578125 -0.767333984375
0.00581741333007812 -0.041107177734375 -0.590087890625 -0.79718017578125
0.0175151824951172 -0.0107192993164063 -0.8128662109375 0.10137939453125
0.0186748504638672 -0.0243091583251953 -0.25579833984375 0.603759765625
0.0216102600097656 -0.0439796447753906 0.179351806640625 0.45123291015625
-0.00226593017578125 -0.0295028686523438 0.3541259765625 0.060699462890625
0.00306892395019531 -0.0112400054931641 0.256805419921875 -0.226531982421875
0.01104736328125 -0.0379409790039063 -0.257858276367188 0.2205810546875
0.0244407653808594 0.0219440460205078 -0.309173583984375 -0.06768798828125
0.000551223754882811 0.0195732116699219 -0.115447998046875 -0.462646484375
-0.0177688598632813 0.0267333984375 0.393310546875 -0.567138671875
-0.0294837951660156 0.0386428833007813 0.82281494140625 0.05902099609375
-0.0206089019775391 0.00932884216308594 0.52191162109375 0.8134765625
0.0237693786621094 0.0387153625488281 -0.0995483398437499 0.77606201171875
0.00997543334960937 0.0440406799316406 0.00415802001953125 0.120628356933594
0.0291004180908203 0.0307159423828125 0.22735595703125 -0.65118408203125
0.0191135406494141 -0.0107078552246094 -0.4052734375 -0.93011474609375
-0.0250053405761719 -0.00249481201171875 -0.86810302734375 -0.12689208984375
-0.0235404968261719 0.022491455078125 -0.42449951171875 0.546478271484375
0.000329971313476565 0.02734375 0.0800781250000001 0.5
-0.00131416320800781 0.026641845703125 0.354644775390625 0.119415283203125
-0.00442981719970703 -0.0140256881713867 0.2891845703125 -0.19439697265625
0.00494003295898437 -0.0378150939941406 -0.247573852539062 0.216583251953125
0.0241794586181641 0.0179882049560547 -0.29547119140625 -0.09100341796875
0.00220012664794922 0.00732231140136719 -0.075225830078125 -0.474945068359375
-0.0113916397094727 0.0162630081176758 0.446868896484375 -0.540618896484375
-0.02142333984375 0.0351524353027344 0.82861328125 0.13525390625
-0.0174598693847656 0.0209980010986328 0.45941162109375 0.86956787109375
0.0126838684082031 0.0579261779785156 -0.14312744140625 0.76116943359375
-0.00701522827148437 0.0553741455078125 0.0163040161132813 0.0920944213867188
0.0189094543457031 0.0449256896972656 0.18975830078125 -0.67852783203125
0.0209407806396484 0.00166511535644531 -0.47723388671875 -0.8824462890625
-0.0133113861083984 -0.000250816345214844 -0.8616943359375 -0.0432128906249999
-0.0135107040405273 0.0145101547241211 -0.36651611328125 0.576171875
0.00747013092041016 0.0168333053588867 0.12261962890625 0.488677978515625
-0.00279045104980469 0.0186367034912109 0.370391845703125 0.097991943359375
-0.00967216491699219 -0.0163612365722656 0.29351806640625 -0.200958251953125
-0.000591278076171877 -0.0401344299316406 -0.245346069335938 0.213302612304687
0.0234909057617188 0.00811004638671875 -0.28173828125 -0.1068115234375
0.00657939910888672 -0.00526142120361328 -0.035736083984375 -0.484375
-7.96318054199215E-05 0.00696372985839844 0.50054931640625 -0.50860595703125
-0.0127525329589844 0.0354804992675781 0.8287353515625 0.21484375
-0.0160903930664062 0.0278186798095703 0.38946533203125 0.91705322265625
0.00226211547851563 0.0661888122558594 -0.18402099609375 0.734619140625
-0.0169296264648437 0.0558090209960938 0.0329971313476563 0.0582695007324219
0.0116920471191406 0.0484962463378906 0.1524658203125 -0.70257568359375
0.0211009979248047 0.00608062744140625 -0.54248046875 -0.8323974609375
-0.000926494598388672 -0.00316667556762695 -0.8455810546875 0.0345458984375002
-0.00366067886352539 0.0022270679473877 -0.3079833984375 0.59942626953125
0.0123519897460938 0.00310420989990234 0.16241455078125 0.47320556640625
-0.00432157516479492 0.00821495056152344 0.381988525390625 0.079132080078125
-0.0141077041625977 -0.0173416137695313 0.293731689453125 -0.209228515625
-0.0026397705078125 -0.0422706604003906 -0.248748779296875 0.209014892578125
0.0241851806640625 -0.00442123413085938 -0.271728515625 -0.119888305664063
0.0142650604248047 -0.0198993682861328 -0.00457763671875004 -0.491363525390625
0.0140590667724609 -0.000865936279296875 0.54241943359375 -0.47705078125
-0.003814697265625 0.036407470703125 0.82086181640625 0.27984619140625
-0.0173778533935547 0.0283660888671875 0.3250732421875 0.94744873046875
-0.00365829467773437 0.0610847473144531 -0.2135009765625 0.70654296875
-0.0192146301269531 0.0463676452636719 0.0521888732910156 0.0257606506347656
0.00748825073242187 0.0409660339355469 0.12164306640625 -0.7279052734375
0.0227565765380859 0.00629425048828125 -0.5869140625 -0.78851318359375
0.00929164886474609 -0.00574588775634766 -0.8251953125 0.09832763671875
0.00392436981201172 -0.010777473449707 -0.2607421875 0.61083984375
0.0158100128173828 -0.0136804580688477 0.192596435546875 0.458160400390625
-0.00693273544311523 -0.00266456604003906 0.385894775390625 0.060821533203125
-0.0152549743652344 -0.0160589218139648 0.29083251953125 -0.217498779296875
-0.00263595581054688 -0.0432167053222656 -0.25543212890625 0.203094482421875
0.0254001617431641 -0.0172653198242188 -0.268692016601563 -0.129745483398438
0.0210247039794922 -0.0319919586181641 0.01361083984375 -0.497406005859375
0.0258216857910156 -0.00645065307617188 0.5667724609375 -0.45892333984375
0.00417327880859375 0.0365791320800781 0.81494140625 0.3214111328125
-0.0174713134765625 0.0215263366699219 0.28466796875 0.96337890625
-0.00362396240234375 0.044158935546875 -0.22869873046875 0.6824951171875
-0.0113124847412109 0.026519775390625 0.0678176879882812 -0.000614166259765623
0.00446891784667969 0.025238037109375 0.100830078125 -0.74761962890625
0.021484375 0.00181007385253906 -0.61785888671875 -0.76263427734375
0.0191001892089844 -0.00938606262207031 -0.810302734375 0.1365966796875
0.0109157562255859 -0.0214004516601563 -0.22906494140625 0.6195068359375
0.0184288024902344 -0.0282020568847656 0.2105712890625 0.44580078125
-0.00752735137939453 -0.0138626098632813 0.38494873046875 0.0478515625
-0.0142583847045898 -0.0159759521484375 0.283477783203125 -0.224273681640625
0.000663757324218752 -0.0435295104980469 -0.267105102539063 0.19805908203125
0.0272064208984375 -0.0289554595947266 -0.273849487304688 -0.136505126953125
0.0264968872070313 -0.0412979125976563 0.019927978515625 -0.499908447265625
0.0349807739257813 -0.00985336303710938 0.57733154296875 -0.4521484375
0.00922584533691406 0.0349884033203125 0.81622314453125 0.33734130859375
-0.0164060592651367 0.00653362274169922 0.26812744140625 0.96295166015625
0.0038909912109375 0.0195331573486328 -0.22808837890625 0.66253662109375
0.00201094150543213 0.000752568244934082 0.0834579467773438 -0.0194778442382813
0.00400900840759277 0.00179576873779297 0.0960693359374999 -0.76275634765625
0.0194034576416016 -0.00631141662597656 -0.6275634765625 -0.75494384765625
0.0237026214599609 -0.0112819671630859 -0.802490234375 0.15087890625
0.0150871276855469 -0.0283718109130859 -0.2158203125 0.62017822265625
0.0186347961425781 -0.0387763977050781 0.212890625 0.441497802734375
-0.00740814208984375 -0.0220909118652344 0.378570556640625 0.043365478515625
-0.00910282135009766 -0.0147171020507812 0.273468017578125 -0.22906494140625
0.00665283203125 -0.0418891906738281 -0.2813720703125 0.194732666015625
0.0284194946289063 -0.0364036560058594 -0.2845458984375 -0.1373291015625
0.0282478332519531 -0.0455474853515625 0.0150146484375 -0.505096435546875
0.0364646911621094 -0.00928497314453125 0.57720947265625 -0.45611572265625
0.00855827331542968 0.0298824310302734 0.8173828125 0.335205078125
-0.0170612335205078 -0.0165576934814453 0.2730712890625 0.95379638671875
0.0175876617431641 -0.0148868560791016 -0.21551513671875 0.64862060546875
0.0257358551025391 -0.0327186584472656 0.0948333740234375 -0.030792236328125
0.00673484802246094 -0.029693603515625 0.09613037109375 -0.77593994140625
0.0125904083251953 -0.020965576171875 -0.62994384765625 -0.75750732421875
0.0232524871826172 -0.0120964050292969 -0.80218505859375 0.1536865234375
0.0170078277587891 -0.0295562744140625 -0.2152099609375 0.6207275390625
0.0203208923339844 -0.04486083984375 0.21112060546875 0.441497802734375
-0.00580596923828125 -0.027496337890625 0.368316650390625 0.04443359375
-0.00345420837402344 -0.0138778686523438 0.261886596679688 -0.231781005859375
0.0133476257324219 -0.037994384765625 -0.2935791015625 0.194366455078125
0.0301437377929687 -0.0377769470214844 -0.302154541015625 -0.1287841796875
0.0249824523925781 -0.0451011657714844 -0.01202392578125 -0.5059814453125
0.0321578979492188 -0.00808334350585938 0.545806884765625 -0.483001708984375
0.00297927856445312 0.0250339508056641 0.82904052734375 0.2823486328125
-0.0173301696777344 -0.0429801940917969 0.32122802734375 0.92431640625
0.0336532592773438 -0.0565528869628906 -0.1868896484375 0.655029296875
0.0575370788574219 -0.0679206848144531 0.0946807861328125 -0.0215072631835938
0.0164566040039063 -0.0676078796386719 0.122314453125 -0.7718505859375
0.005828857421875 -0.0409355163574219 -0.60107421875 -0.7945556640625
0.0171337127685547 -0.0101261138916016 -0.8172607421875 0.11175537109375
0.0174579620361328 -0.0247974395751953 -0.2510986328125 0.609375
0.0214157104492188 -0.0445098876953125 0.1845703125 0.450958251953125
-0.00242996215820312 -0.0289230346679688 0.356414794921875 0.05596923828125
0.00261783599853516 -0.010833740234375 0.254608154296875 -0.23126220703125
0.0102081298828125 -0.0399589538574219 -0.253860473632813 0.22509765625
0.0257110595703125 0.0209064483642578 -0.30987548828125 -0.06353759765625
0.00147056579589844 0.0194892883300781 -0.1219482421875 -0.462066650390625
-0.0182514190673828 0.0260715484619141 0.3868408203125 -0.5762939453125
-0.0282936096191406 0.0380630493164063 0.8277587890625 0.0482177734375
-0.0189018249511719 0.00829315185546875 0.53399658203125 0.81134033203125
0.0244140625 0.0383377075195313 -0.089111328125 0.78057861328125
0.010528564453125 0.0430450439453125 0.00560760498046876 0.121475219726563
0.0291061401367188 0.0295448303222656 0.2216796875 -0.65606689453125
0.0200920104980469 -0.0114574432373047 -0.41766357421875 -0.92864990234375
-0.0252609252929687 -0.00236511230468749 -0.87200927734375 -0.11865234375
-0.0236759185791016 0.0232353210449219 -0.418243408203125 0.5523681640625
0.00169944763183594 0.0276069641113281 0.08843994140625 0.498870849609375
-5.14984130859374E-05 0.0263538360595703 0.358642578125 0.112335205078125
-0.004669189453125 -0.0143184661865234 0.286712646484375 -0.20001220703125
0.0037384033203125 -0.0393218994140625 -0.245758056640625 0.221237182617187
0.0249080657958984 0.0176200866699219 -0.297393798828125 -0.0853271484374999
0.00241327285766602 0.00826120376586914 -0.0829772949218751 -0.475921630859375
-0.0115442276000977 0.0160989761352539 0.4427490234375 -0.548858642578125
-0.0211143493652344 0.0364494323730469 0.83575439453125 0.12408447265625
-0.0158824920654297 0.0203170776367187 0.47216796875 0.86724853515625
0.0131645202636719 0.0574493408203125 -0.13616943359375 0.765625
-0.00687789916992188 0.0553359985351563 0.0177688598632813 0.0915603637695312
0.0193023681640625 0.0441093444824219 0.18170166015625 -0.68170166015625
0.020782470703125 0.000659942626953125 -0.48919677734375 -0.8787841796875
-0.0135202407836914 -0.00080299377441406 -0.864990234375 -0.0347900390625
-0.0140800476074219 0.0140705108642578 -0.361328125 0.58258056640625
0.00729465484619141 0.0160808563232422 0.130615234375 0.490478515625
-0.0019989013671875 0.0187015533447266 0.37237548828125 0.09283447265625
-0.0101699829101562 -0.015925407409668 0.2919921875 -0.205810546875
-0.000846862792968754 -0.041595458984375 -0.243408203125 0.218002319335937
0.0248279571533203 0.00652313232421875 -0.283203125 -0.10308837890625
0.00726032257080078 -0.00565719604492187 -0.0421142578124999 -0.485931396484375
-0.000281333923339843 0.00679445266723633 0.496551513671875 -0.518157958984375
-0.0116157531738281 0.0348110198974609 0.83465576171875 0.20513916015625
-0.0149364471435547 0.0281620025634766 0.40179443359375 0.916015625
0.00329589843749999 0.0655937194824219 -0.17584228515625 0.74151611328125
-0.0165977478027344 0.0561676025390625 0.0334014892578125 0.0581932067871094
0.0120429992675781 0.0480384826660156 0.14520263671875 -0.7083740234375
0.0217208862304688 0.00612831115722656 -0.5526123046875 -0.82794189453125
-0.00124132633209229 -0.00178802013397217 -0.849365234375 0.0454711914062502
-0.00342535972595215 0.00243139266967773 -0.30255126953125 0.6053466796875
0.012568473815918 0.00136470794677734 0.1707763671875 0.472412109375
-0.00430536270141602 0.00783920288085938 0.383026123046875 0.07257080078125
-0.0145206451416016 -0.0168695449829102 0.29315185546875 -0.214019775390625
-0.00373458862304688 -0.0434646606445313 -0.247085571289062 0.213150024414063
0.0248889923095703 -0.00517082214355469 -0.273468017578125 -0.11639404296875
0.0140228271484375 -0.0197429656982422 -0.011383056640625 -0.493255615234375
0.0130786895751953 -0.000975608825683594 0.535400390625 -0.487701416015625
-0.00340652465820312 0.0363693237304688 0.82965087890625 0.26959228515625
-0.0159645080566406 0.0280551910400391 0.33935546875 0.94964599609375
-0.00327301025390625 0.0611457824707031 -0.20672607421875 0.71258544921875
-0.0185585021972656 0.0460166931152344 0.0521125793457031 0.0251655578613281
0.0071868896484375 0.0411872863769531 0.1136474609375 -0.73077392578125
0.0222396850585938 0.00649070739746094 -0.6009521484375 -0.78558349609375
0.00986289978027344 -0.00517940521240234 -0.82867431640625 0.10919189453125
0.00414466857910156 -0.0105981826782227 -0.2537841796875 0.61883544921875
0.0150861740112305 -0.0141754150390625 0.200958251953125 0.457489013671875
-0.00686550140380859 -0.00327587127685547 0.389190673828125 0.054351806640625
-0.0161123275756836 -0.0171184539794922 0.28851318359375 -0.222564697265625
-0.00320816040039062 -0.0442733764648438 -0.25384521484375 0.207382202148437
0.0258941650390625 -0.0185985565185547 -0.27197265625 -0.126617431640625
0.0211296081542969 -0.0326557159423828 0.00869750976562497 -0.499603271484375
0.0265655517578125 -0.00689697265625 0.5618896484375 -0.469451904296875
0.00526809692382812 0.0355377197265625 0.82391357421875 0.31536865234375
-0.0165157318115234 0.0208263397216797 0.29644775390625 0.96533203125
-0.00257110595703125 0.0444908142089844 -0.22186279296875 0.68853759765625
-0.0128211975097656 0.0268096923828125 0.0681228637695312 -0.000869750976562498
0.00401115417480469 0.0245552062988281 0.09222412109375 -0.7530517578125
0.0217781066894531 0.00143241882324219 -0.6295166015625 -0.76025390625
0.0176219940185547 -0.00899696350097656 -0.81317138671875 0.14691162109375
0.0103302001953125 -0.0221614837646484 -0.22137451171875 0.62567138671875
0.0179100036621094 -0.0288181304931641 0.216796875 0.445465087890625
-0.00732612609863281 -0.013340950012207 0.386138916015625 0.0423583984375
-0.0145587921142578 -0.0163726806640625 0.2823486328125 -0.22882080078125
-0.000194549560546873 -0.0453987121582031 -0.264129638671875 0.2034912109375
0.029022216796875 -0.0294380187988281 -0.277023315429688 -0.132232666015625
0.0256538391113281 -0.0415229797363281 0.0133056640625 -0.50347900390625
0.0344066619873047 -0.0103416442871094 0.57257080078125 -0.46246337890625
0.0106449127197266 0.0337295532226563 0.823974609375 0.32818603515625
-0.0156078338623047 0.00690555572509765 0.28277587890625 0.963623046875
0.00338172912597656 0.0195636749267578 -0.220703125 0.6693115234375
0.00194680690765381 0.000874042510986328 0.0828628540039063 -0.0197372436523438
0.00360608100891113 0.00140810012817383 0.08685302734375 -0.76824951171875
0.0191249847412109 -0.00761032104492188 -0.63995361328125 -0.75030517578125
0.0229034423828125 -0.0116081237792969 -0.8031005859375 0.16070556640625
0.014862060546875 -0.027984619140625 -0.2093505859375 0.62677001953125
0.0196151733398437 -0.0394287109375 0.220062255859375 0.441070556640625
-0.00798797607421875 -0.0220794677734375 0.38037109375 0.038604736328125
-0.0107278823852539 -0.0157251358032227 0.271865844726563 -0.234207153320313
0.00515365600585937 -0.0432395935058594 -0.278976440429688 0.199859619140625
0.029205322265625 -0.0368614196777344 -0.28564453125 -0.133148193359375
0.02728271484375 -0.0464286804199219 0.01055908203125 -0.50775146484375
0.0366058349609375 -0.0104331970214844 0.57232666015625 -0.4664306640625
0.0104846954345703 0.0285911560058594 0.82574462890625 0.32427978515625
-0.0149803161621094 -0.0170469284057617 0.28643798828125 0.95684814453125
0.0175485610961914 -0.0153913497924805 -0.21087646484375 0.65374755859375
0.0248489379882813 -0.0319671630859375 0.0949630737304688 -0.0328826904296875
0.00556564331054688 -0.0301895141601563 0.086181640625 -0.77886962890625
0.0138034820556641 -0.0223178863525391 -0.6439208984375 -0.7523193359375
0.0231208801269531 -0.0128269195556641 -0.80377197265625 0.16375732421875
0.0173835754394531 -0.0295276641845703 -0.20751953125 0.62457275390625
0.0197410583496094 -0.0449676513671875 0.21795654296875 0.439544677734375
-0.00588417053222656 -0.0269603729248047 0.37066650390625 0.039306640625
-0.00455856323242187 -0.0140466690063477 0.260467529296875 -0.237030029296875
0.0121726989746094 -0.0395889282226563 -0.29229736328125 0.199188232421875
0.0298538208007812 -0.0389823913574219 -0.30438232421875 -0.125335693359375
0.0241889953613281 -0.0449028015136719 -0.019866943359375 -0.507049560546875
0.0318775177001953 -0.00845527648925781 0.542938232421875 -0.493438720703125
0.00407028198242187 0.0234699249267578 0.8377685546875 0.27301025390625
-0.0182037353515625 -0.04339599609375 0.33416748046875 0.9239501953125
0.034149169921875 -0.0563392639160156 -0.17938232421875 0.65887451171875
0.0562324523925781 -0.0686607360839844 0.0951461791992188 -0.0234146118164063
0.0146141052246094 -0.0681266784667969 0.1121826171875 -0.7769775390625
0.00497817993164063 -0.0418624877929688 -0.61224365234375 -0.7891845703125
0.0174779891967773 -0.0112323760986328 -0.8199462890625 0.119140625
0.0172405242919922 -0.0257892608642578 -0.24310302734375 0.61517333984375
0.0214500427246094 -0.0444412231445313 0.191680908203125 0.451202392578125
-0.002593994140625 -0.0296726226806641 0.359649658203125 0.0501708984375
0.00337886810302734 -0.0117025375366211 0.252685546875 -0.235504150390625
0.00839996337890625 -0.0410804748535156 -0.250518798828125 0.230499267578125
0.0263900756835938 0.0201606750488281 -0.311309814453125 -0.0586242675781251
0.00155830383300781 0.0203781127929688 -0.12811279296875 -0.46197509765625
-0.0180854797363281 0.0282096862792969 0.3809814453125 -0.58319091796875
-0.0266914367675781 0.0379104614257813 0.82977294921875 0.0384521484375
-0.0169000625610352 0.00886917114257813 0.5462646484375 0.8067626953125
0.024566650390625 0.0374946594238281 -0.08184814453125 0.7840576171875
0.0100975036621094 0.0434379577636719 0.00759887695312499 0.12164306640625
0.0295848846435547 0.0311546325683594 0.21435546875 -0.66021728515625
0.0197868347167969 -0.0116405487060547 -0.43182373046875 -0.92431640625
-0.0247478485107422 -0.00177192687988281 -0.87835693359375 -0.10711669921875
-0.0243778228759766 0.0234928131103516 -0.411407470703125 0.560821533203125
0.00212860107421875 0.0268020629882813 0.094818115234375 0.500274658203125
0.000541687011718747 0.0262737274169922 0.360687255859375 0.1072998046875
-0.00524711608886719 -0.0135717391967773 0.2861328125 -0.2041015625
0.00284576416015625 -0.0405769348144531 -0.242507934570312 0.225341796875
0.0261344909667969 0.0156078338623047 -0.298583984375 -0.0810546875
0.00328826904296875 0.00877189636230469 -0.08880615234375 -0.476043701171875
-0.0114784240722656 0.0173883438110352 0.437744140625 -0.55694580078125
-0.0202560424804688 0.0357093811035156 0.83868408203125 0.1148681640625
-0.0149211883544922 0.0202465057373047 0.48291015625 0.864501953125
0.0140609741210938 0.056854248046875 -0.12554931640625 0.76885986328125
-0.0066680908203125 0.05633544921875 0.0188674926757813 0.0916748046875
0.0202674865722656 0.0438613891601563 0.17388916015625 -0.685546875
0.0213699340820313 -4.00543212890625E-05 -0.49993896484375 -0.8763427734375
-0.0134544372558594 -9.72747802734356E-05 -0.8677978515625 -0.0240478515625
-0.0139188766479492 0.014739990234375 -0.35394287109375 0.589111328125
0.0081787109375 0.01605224609375 0.137176513671875 0.48907470703125
-0.000976562499999998 0.0194435119628906 0.3753662109375 0.087799072265625
-0.0107755661010742 -0.0163936614990234 0.2906494140625 -0.211334228515625
-0.00115203857421875 -0.0429000854492188 -0.24090576171875 0.221771240234375
0.0252361297607422 0.00546646118164063 -0.284698486328125 -0.09808349609375
0.00776529312133789 -0.00521659851074219 -0.04925537109375 -0.486175537109375
-0.000649452209472656 0.00753450393676758 0.490142822265625 -0.527130126953125
-0.0104866027832031 0.0348167419433594 0.8406982421875 0.1942138671875
-0.0141735076904297 0.0274257659912109 0.41204833984375 0.91485595703125
0.00408172607421876 0.0653495788574219 -0.166259765625 0.74444580078125
-0.0165748596191406 0.0577812194824219 0.0349082946777344 0.0577354431152344
0.0122146606445313 0.0478630065917969 0.13592529296875 -0.71044921875
0.0226402282714844 0.00518417358398438 -0.5650634765625 -0.82403564453125
-0.0019066333770752 -0.00150680541992188 -0.851806640625 0.0565185546875
-0.00381755828857422 0.00233268737792969 -0.29571533203125 0.610595703125
0.0134992599487305 0.0016021728515625 0.17742919921875 0.473175048828125
-0.00416707992553711 0.00767183303833008 0.385040283203125 0.0665283203125
-0.0144891738891602 -0.0168390274047852 0.291015625 -0.218414306640625
-0.00453948974609375 -0.044219970703125 -0.24395751953125 0.2169189453125
0.0254554748535156 -0.00695037841796875 -0.27508544921875 -0.1119384765625
0.0144195556640625 -0.0197639465332031 -0.01702880859375 -0.49481201171875
0.012690544128418 -0.00115489959716797 0.5308837890625 -0.498687744140625
-0.00229263305664063 0.0355682373046875 0.834716796875 0.259033203125
-0.0145015716552734 0.0283069610595703 0.350830078125 0.948486328125
-0.00225067138671876 0.061431884765625 -0.1976318359375 0.7188720703125
-0.0193519592285156 0.0475082397460938 0.0523948669433594 0.0245857238769531
0.00751113891601562 0.0410385131835938 0.1036376953125 -0.734619140625
0.022491455078125 0.00619125366210938 -0.612060546875 -0.78131103515625
0.00977706909179687 -0.00553226470947266 -0.8289794921875 0.11859130859375
0.00452232360839844 -0.0103425979614258 -0.24658203125 0.62249755859375
0.0157375335693359 -0.0139141082763672 0.20745849609375 0.4561767578125
-0.00583934783935547 -0.0027313232421875 0.390899658203125 0.049530029296875
-0.0157060623168945 -0.0172643661499023 0.2864990234375 -0.227783203125
-0.00512313842773437 -0.0462379455566406 -0.250885009765625 0.212188720703125
0.0272216796875 -0.0202960968017578 -0.273345947265625 -0.12176513671875
0.0212955474853516 -0.0326805114746094 0.00097656249999998 -0.498260498046875
0.0259208679199219 -0.00748634338378906 0.55853271484375 -0.47906494140625
0.00603103637695313 0.0348243713378906 0.82867431640625 0.30267333984375
-0.0152721405029297 0.0205650329589844 0.3094482421875 0.964111328125
-0.0020751953125 0.0445899963378906 -0.21221923828125 0.69207763671875
-0.0123023986816406 0.0276641845703125 0.0689277648925781 -0.00188827514648437
0.00356864929199219 0.0246257781982422 0.0816040039062501 -0.75506591796875
0.0230216979980469 0.000402450561523438 -0.64019775390625 -0.75201416015625
0.0177421569824219 -0.00911521911621094 -0.81378173828125 0.15850830078125
0.0100975036621094 -0.0219707489013672 -0.21405029296875 0.6304931640625
0.0185070037841797 -0.0297431945800781 0.2244873046875 0.44403076171875
-0.00727462768554687 -0.0141983032226563 0.3885498046875 0.036376953125
-0.0142078399658203 -0.0160980224609375 0.279098510742188 -0.235275268554688
-0.00200653076171875 -0.0468635559082031 -0.261871337890625 0.208572387695312
0.0280685424804688 -0.031524658203125 -0.27740478515625 -0.12762451171875
0.0257377624511719 -0.0415306091308594 0.00653076171875005 -0.5037841796875
0.0345249176025391 -0.0103759765625 0.5655517578125 -0.472412109375
0.0106105804443359 0.0328083038330078 0.830078125 0.31787109375
-0.0146188735961914 0.00514984130859375 0.29559326171875 0.96417236328125
0.00310707092285156 0.0189380645751953 -0.2119140625 0.67376708984375
0.00138950347900391 0.0010380744934082 0.0826187133789063 -0.0205001831054688
0.00311279296875 0.00226473808288574 0.07586669921875 -0.7706298828125
0.0190505981445313 -0.00862503051757813 -0.65069580078125 -0.743896484375
0.0228500366210938 -0.0125255584716797 -0.8050537109375 0.17144775390625
0.0143775939941406 -0.0283889770507813 -0.20166015625 0.630126953125
0.0191841125488281 -0.0399513244628906 0.227020263671875 0.438323974609375
-0.007293701171875 -0.0228424072265625 0.38232421875 0.031219482421875
-0.0111942291259766 -0.015315055847168 0.269744873046875 -0.240005493164062
0.0039825439453125 -0.0447235107421875 -0.27691650390625 0.205230712890625
0.0296821594238281 -0.0382537841796875 -0.288177490234375 -0.128570556640625
0.0281867980957031 -0.0460548400878906 0.00234985351562501 -0.508270263671875
0.0363578796386719 -0.0105018615722656 0.5665283203125 -0.476806640625
0.00984764099121094 0.0278110504150391 0.8326416015625 0.3140869140625
-0.015315055847168 -0.0172557830810547 0.2991943359375 0.9554443359375
0.0164642333984375 -0.0160102844238281 -0.20343017578125 0.6591796875
0.0237827301025391 -0.0324668884277344 0.0954971313476562 -0.0344772338867187
0.00537872314453125 -0.0303554534912109 0.0773315429687499 -0.78106689453125
0.0133705139160156 -0.0220127105712891 -0.654296875 -0.74652099609375
0.0228328704833984 -0.0127239227294922 -0.803955078125 0.17413330078125
0.0158176422119141 -0.030059814453125 -0.19976806640625 0.62884521484375
0.0189476013183594 -0.0451736450195312 0.22357177734375 0.4390869140625
-0.00547599792480468 -0.0275917053222656 0.371795654296875 0.032135009765625
-0.00464630126953125 -0.0137481689453125 0.258819580078125 -0.241378784179688
0.010986328125 -0.0407600402832031 -0.28857421875 0.204833984375
0.0302772521972656 -0.0403022766113281 -0.30474853515625 -0.1202392578125
0.0246658325195312 -0.0453147888183594 -0.0269775390625 -0.508026123046875
0.0305156707763672 -0.00890159606933594 0.53631591796875 -0.5029296875
0.00587081909179688 0.0223884582519531 0.84173583984375 0.26409912109375
-0.0176239013671875 -0.0440483093261719 0.34759521484375 0.92169189453125
0.0329132080078125 -0.0568695068359375 -0.1717529296875 0.663330078125
0.0547218322753906 -0.0690727233886719 0.0954818725585938 -0.0255661010742188
0.0128135681152344 -0.0683212280273438 0.10430908203125 -0.78070068359375
0.004486083984375 -0.0420112609863281 -0.62457275390625 -0.78515625
0.0173749923706055 -0.0119352340698242 -0.82098388671875 0.13201904296875
0.0168056488037109 -0.0254936218261719 -0.23406982421875 0.6207275390625
0.0197334289550781 -0.0450820922851563 0.19891357421875 0.448638916015625
-0.00250625610351563 -0.0295486450195313 0.360687255859375 0.044708251953125
0.00270843505859375 -0.0113973617553711 0.251312255859375 -0.241104125976562
0.00689315795898437 -0.0426292419433594 -0.247467041015625 0.23504638671875
0.0269031524658203 0.01873779296875 -0.310333251953125 -0.0534057617187501
0.00181007385253906 0.0207748413085938 -0.1358642578125 -0.460205078125
-0.017852783203125 0.0279865264892578 0.37359619140625 -0.58966064453125
-0.0264205932617187 0.0373382568359375 0.83203125 0.02508544921875
-0.0163745880126953 0.00869560241699219 0.55682373046875 0.80059814453125
0.0256004333496094 0.0368728637695313 -0.0709838867187501 0.78424072265625
0.00996017456054688 0.0434761047363281 0.0091400146484375 0.120765686035156
0.0301284790039063 0.0290164947509766 0.20599365234375 -0.66265869140625
0.0199413299560547 -0.0118808746337891 -0.4429931640625 -0.9205322265625
-0.0246677398681641 -0.00160789489746094 -0.8807373046875 -0.0970458984375
-0.0238437652587891 0.0240440368652344 -0.40460205078125 0.56549072265625
0.00271034240722656 0.026580810546875 0.1021728515625 0.499969482421875
0.000871658325195311 0.0268993377685547 0.362213134765625 0.09991455078125
-0.00554656982421875 -0.0147705078125 0.2833251953125 -0.207672119140625
0.00137710571289062 -0.0413284301757812 -0.239273071289063 0.229629516601562
0.0266246795654297 0.0149192810058594 -0.299102783203125 -0.076141357421875
0.00294113159179687 0.00943851470947266 -0.0958862304687499 -0.474273681640625
-0.0121889114379883 0.0174598693847656 0.42962646484375 -0.564208984375
-0.0186710357666016 0.0343608856201172 0.8408203125 0.102783203125
-0.0136337280273437 0.0207042694091797 0.493408203125 0.85986328125
0.015167236328125 0.0561943054199219 -0.11553955078125 0.77142333984375
-0.00677108764648438 0.0559959411621094 0.0196685791015625 0.0912933349609375
0.0196914672851563 0.0434112548828125 0.165283203125 -0.6876220703125
0.0212516784667969 -0.0010986328125 -0.51324462890625 -0.8685302734375
-0.0137424468994141 8.67843627929669E-05 -0.87030029296875 -0.0115966796875002
-0.0131597518920898 0.0150127410888672 -0.345703125 0.5941162109375
0.00802898406982422 0.0161447525024414 0.145599365234375 0.48834228515625
-0.000589370727539064 0.0184650421142578 0.376983642578125 0.080047607421875
-0.0107593536376953 -0.0161991119384766 0.28765869140625 -0.216156005859375
-0.00360870361328125 -0.0442008972167969 -0.237319946289063 0.22686767578125
0.0258674621582031 0.00363349914550781 -0.2850341796875 -0.0928955078125
0.00774669647216797 -0.00573635101318359 -0.056488037109375 -0.485595703125
-0.000913619995117188 0.00748538970947266 0.482330322265625 -0.5360107421875
-0.00946998596191406 0.0350666046142578 0.844970703125 0.18194580078125
-0.0125598907470703 0.0269927978515625 0.42462158203125 0.910888671875
0.00514602661132812 0.065338134765625 -0.15765380859375 0.749267578125
-0.0169448852539062 0.0574798583984375 0.0351219177246094 0.0578842163085938
0.0125198364257812 0.0473518371582031 0.1253662109375 -0.71356201171875
0.0227394104003906 0.00480461120605469 -0.57781982421875 -0.81671142578125
-0.00142765045166016 -0.00177526473999023 -0.85076904296875 0.0680541992187499
-0.00399923324584961 0.00281143188476562 -0.28741455078125 0.6148681640625
0.0132379531860352 0.00121593475341797 0.1846923828125 0.470947265625
-0.00326681137084961 0.00756931304931641 0.386688232421875 0.05938720703125
-0.0150661468505859 -0.0163230895996094 0.28851318359375 -0.224212646484375
-0.00624465942382813 -0.0461387634277344 -0.240081787109375 0.22161865234375
0.0260276794433594 -0.008331298828125 -0.275314331054687 -0.107254028320313
0.0146331787109375 -0.0197887420654297 -0.025726318359375 -0.4935302734375
0.0125064849853516 -0.000471115112304688 0.524627685546875 -0.506317138671875
-0.000940322875976565 0.0338516235351563 0.83917236328125 0.24749755859375
-0.0138607025146484 0.0274696350097656 0.3636474609375 0.94415283203125
-0.00116348266601562 0.0604705810546875 -0.18853759765625 0.720947265625
-0.018951416015625 0.0477409362792969 0.0532264709472656 0.0242881774902344
0.00802993774414062 0.0405998229980469 0.0935058593749999 -0.73577880859375
0.0236053466796875 0.00497055053710938 -0.6224365234375 -0.773193359375
0.009002685546875 -0.00504207611083984 -0.829345703125 0.12921142578125
0.00298309326171875 -0.0106925964355469 -0.238037109375 0.62664794921875
0.0166568756103516 -0.014836311340332 0.21368408203125 0.453277587890625
-0.00541973114013672 -0.00351428985595703 0.391387939453125 0.042236328125
-0.0162992477416992 -0.0169992446899414 0.283721923828125 -0.23211669921875
-0.00679779052734375 -0.0467720031738281 -0.246810913085938 0.216354370117188
0.0273170471191406 -0.0213966369628906 -0.275146484375 -0.117538452148437
0.0206012725830078 -0.0330047607421875 -0.007232666015625 -0.50018310546875
0.02520751953125 -0.00717735290527344 0.55120849609375 -0.489166259765625
0.00640869140625 0.03387451171875 0.83453369140625 0.290283203125
-0.0138912200927734 0.0213165283203125 0.3236083984375 0.96246337890625
-0.0019378662109375 0.043914794921875 -0.20513916015625 0.69586181640625
-0.0131263732910156 0.0280799865722656 0.0691680908203125 -0.00311279296875
0.00376319885253906 0.0246429443359375 0.0720214843750001 -0.75494384765625
0.0224227905273438 0.000246047973632813 -0.65216064453125 -0.74554443359375
0.0179004669189453 -0.00948905944824219 -0.81304931640625 0.1689453125
0.0103187561035156 -0.0216846466064453 -0.2054443359375 0.63177490234375
0.0180339813232422 -0.0298519134521484 0.23046875 0.440948486328125
-0.00757026672363281 -0.0135049819946289 0.388519287109375 0.030120849609375
-0.0154705047607422 -0.0161542892456055 0.275955200195313 -0.237701416015625
-0.00350189208984375 -0.04754638671875 -0.2586669921875 0.212677001953125
0.0279712677001953 -0.0322799682617188 -0.27947998046875 -0.12359619140625
0.0261001586914063 -0.0422439575195313 0.000305175781249977 -0.504608154296875
0.0338821411132813 -0.0103874206542969 0.55999755859375 -0.4835205078125
0.0118827819824219 0.0317649841308594 0.837158203125 0.30596923828125
-0.0145769119262695 0.00537490844726563 0.30682373046875 0.9608154296875
0.00440025329589844 0.0192413330078125 -0.203857421875 0.67626953125
0.00098276138305664 0.00181078910827637 0.0824127197265625 -0.0219955444335938
0.00272774696350098 0.0014960765838623 0.06683349609375 -0.7724609375
0.0193977355957031 -0.00892066955566406 -0.66058349609375 -0.73529052734375
0.0232448577880859 -0.0127239227294922 -0.80474853515625 0.181640625
0.0136032104492187 -0.0288867950439453 -0.19122314453125 0.6334228515625
0.0195960998535156 -0.0410919189453125 0.232208251953125 0.435333251953125
-0.00814056396484375 -0.0226211547851563 0.382568359375 0.02593994140625
-0.0116891860961914 -0.0145835876464844 0.266448974609375 -0.243865966796875
0.00263214111328125 -0.0459175109863281 -0.273605346679688 0.209304809570313
0.0292472839355469 -0.0391273498535156 -0.289276123046875 -0.124725341796875
0.0276412963867188 -0.0463714599609375 -0.00408935546875003 -0.50872802734375
0.0362205505371094 -0.0107688903808594 0.562164306640625 -0.4854736328125
0.0107059478759766 0.0273380279541016 0.8388671875 0.30462646484375
-0.0142364501953125 -0.01806640625 0.313720703125 0.9532470703125
0.0173320770263672 -0.0172958374023438 -0.19354248046875 0.662353515625
0.0233707427978516 -0.0323734283447266 0.0948333740234375 -0.0357742309570313
0.004608154296875 -0.0304946899414063 0.0665893554687499 -0.78369140625
0.0119209289550781 -0.0225963592529297 -0.6651611328125 -0.73828125
0.0228614807128906 -0.0130691528320313 -0.801025390625 0.1849365234375
0.0152549743652344 -0.0304203033447266 -0.1915283203125 0.6337890625
0.0186805725097656 -0.0460281372070312 0.22991943359375 0.4339599609375
-0.00540351867675781 -0.0277423858642578 0.372406005859375 0.026336669921875
-0.00541210174560547 -0.0138053894042969 0.25482177734375 -0.246231079101563
0.00896453857421875 -0.041748046875 -0.285888671875 0.20977783203125
0.0306053161621094 -0.0422935485839844 -0.3062744140625 -0.115142822265625
0.024139404296875 -0.0458221435546875 -0.03436279296875 -0.508331298828125
0.0309658050537109 -0.00864601135253906 0.528900146484375 -0.510589599609375
0.00533294677734375 0.0219268798828125 0.8466796875 0.24981689453125
-0.0169296264648438 -0.044677734375 0.36114501953125 0.92041015625
0.0320053100585938 -0.0584945678710938 -0.162109375 0.6658935546875
0.0534782409667969 -0.0693626403808594 0.09515380859375 -0.026519775390625
0.0118331909179688 -0.0691986083984375 0.0931396484375 -0.7806396484375
0.00442123413085937 -0.0420455932617188 -0.6348876953125 -0.77783203125
0.0176010131835938 -0.0119495391845703 -0.82025146484375 0.14312744140625
0.0168285369873047 -0.0259494781494141 -0.2275390625 0.6241455078125
0.0201568603515625 -0.04620361328125 0.206634521484375 0.446319580078125
-0.00254058837890625 -0.0296840667724609 0.3604736328125 0.037872314453125
0.00208663940429688 -0.0118827819824219 0.247528076171875 -0.24560546875
0.00580596923828125 -0.0444526672363281 -0.243057250976562 0.23876953125
0.0276298522949219 0.01666259765625 -0.30999755859375 -0.047943115234375
0.00197410583496094 0.0205364227294922 -0.141143798828125 -0.457672119140625
-0.0173263549804688 0.0277194976806641 0.36456298828125 -0.5955810546875
-0.0258445739746094 0.0364456176757813 0.83251953125 0.0133056640625
-0.0149202346801758 0.00795555114746093 0.5655517578125 0.7950439453125
0.0253944396972656 0.0364646911621094 -0.0605468749999999 0.78607177734375
0.01080322265625 0.0436515808105469 0.00979614257812501 0.120368957519531
0.0283927917480469 0.0287647247314453 0.19677734375 -0.66436767578125
0.0201168060302734 -0.0117301940917969 -0.4547119140625 -0.91546630859375
-0.02398681640625 -0.00107192993164062 -0.8814697265625 -0.0839843749999999
-0.0245018005371094 0.025177001953125 -0.396240234375 0.5711669921875
0.00268936157226562 0.0260162353515625 0.1102294921875 0.4990234375
0.00255775451660156 0.0250873565673828 0.3626708984375 0.095428466796875
-0.00571823120117187 -0.0147647857666016 0.280410766601563 -0.21307373046875
-5.72204589843718E-05 -0.0424575805664063 -0.235092163085937 0.232666015625
0.0272998809814453 0.0125675201416016 -0.2994384765625 -0.070953369140625
0.00434303283691406 0.00978660583496094 -0.102264404296875 -0.472412109375
-0.0111656188964844 0.0180320739746094 0.42132568359375 -0.572021484375
-0.0187721252441406 0.0347614288330078 0.84405517578125 0.09149169921875
-0.0125560760498047 0.0196475982666016 0.50537109375 0.852294921875
0.0157585144042969 0.0560455322265625 -0.10430908203125 0.7725830078125
-0.00679779052734376 0.05670166015625 0.0215682983398438 0.0916824340820313
0.0202102661132813 0.0427207946777344 0.15484619140625 -0.6888427734375
0.0213890075683594 -0.000858306884765625 -0.5230712890625 -0.8636474609375
-0.0137901306152344 0.000583648681640623 -0.8712158203125 -0.00109863281250009
-0.0137166976928711 0.0157814025878906 -0.338134765625 0.59759521484375
0.00918292999267578 0.0159435272216797 0.15167236328125 0.484619140625
0.000341415405273437 0.0182151794433594 0.37701416015625 0.075042724609375
-0.0111980438232422 -0.016077995300293 0.2841796875 -0.22027587890625
-0.00473403930664063 -0.0459480285644531 -0.23358154296875 0.230255126953125
0.0260601043701172 0.003021240234375 -0.28515625 -0.0877685546875
0.00855398178100586 -0.00482177734375 -0.063262939453125 -0.48394775390625
-0.00152492523193359 0.00729465484619141 0.4744873046875 -0.5423583984375
-0.00885963439941406 0.0343761444091797 0.845703125 0.17059326171875
-0.0112419128417969 0.0269985198974609 0.43798828125 0.90643310546875
0.00541305541992187 0.0654106140136719 -0.1458740234375 0.74951171875
-0.0165290832519531 0.0586204528808594 0.0358352661132813 0.0567741394042969
0.0126228332519531 0.0471763610839844 0.1168212890625 -0.7138671875
0.0229701995849609 0.00484657287597656 -0.5869140625 -0.81036376953125
-0.00180959701538086 -0.00184917449951172 -0.8502197265625 0.0781250000000002
-0.00399327278137207 0.00286960601806641 -0.2794189453125 0.6195068359375
0.0133352279663086 6.19888305664063E-05 0.190582275390625 0.46746826171875
-0.00300168991088867 0.00787258148193359 0.38714599609375 0.054046630859375
-0.0152378082275391 -0.017003059387207 0.285736083984375 -0.22784423828125
-0.00772857666015624 -0.0466041564941406 -0.2369384765625 0.225662231445313
0.0259208679199219 -0.00912284851074219 -0.2767333984375 -0.103118896484375
0.0141181945800781 -0.0196037292480469 -0.031982421875 -0.492706298828125
0.0121192932128906 -0.000909805297851563 0.516082763671875 -0.51324462890625
0.000562667846679684 0.0334510803222656 0.84356689453125 0.236328125
-0.0122871398925781 0.0274028778076172 0.375244140625 0.94061279296875
-0.000480651855468751 0.0612220764160156 -0.18017578125 0.72308349609375
-0.01910400390625 0.0483169555664063 0.0530128479003906 0.0235977172851563
0.00679397583007813 0.0412406921386719 0.083251953125 -0.7362060546875
0.0229511260986328 0.00489425659179687 -0.63311767578125 -0.76568603515625
0.00924015045166016 -0.00594806671142578 -0.8267822265625 0.14068603515625
0.00396347045898438 -0.0098724365234375 -0.2283935546875 0.62969970703125
0.0161886215209961 -0.0151004791259766 0.219696044921875 0.448760986328125
-0.00564956665039063 -0.0030364990234375 0.3914794921875 0.034393310546875
-0.0166082382202148 -0.0163278579711914 0.280654907226563 -0.236465454101563
-0.00788497924804687 -0.0483551025390625 -0.243972778320313 0.2203369140625
0.0268268585205078 -0.0220127105712891 -0.274169921875 -0.113754272460938
0.0215110778808594 -0.0332374572753906 -0.0130615234375 -0.4998779296875
0.0252056121826172 -0.00767326354980469 0.54302978515625 -0.4971923828125
0.0075225830078125 0.0331954956054688 0.83990478515625 0.2791748046875
-0.0132846832275391 0.0200614929199219 0.33624267578125 0.95831298828125
-0.000946044921875003 0.0441551208496094 -0.193359375 0.69940185546875
-0.013519287109375 0.02862548828125 0.0684776306152344 -0.00407028198242187
0.00364112854003907 0.0245475769042969 0.06329345703125 -0.7568359375
0.0224666595458984 -7.62939453125E-05 -0.66265869140625 -0.7357177734375
0.0175371170043945 -0.0100479125976563 -0.8087158203125 0.17742919921875
0.00873947143554688 -0.0214920043945313 -0.19708251953125 0.63482666015625
0.0170059204101563 -0.03057861328125 0.235626220703125 0.43804931640625
-0.00739669799804687 -0.0139961242675781 0.3896484375 0.02276611328125
-0.0154008865356445 -0.0161905288696289 0.273605346679687 -0.242279052734375
-0.00525665283203125 -0.0480613708496094 -0.25537109375 0.217300415039063
0.0283069610595703 -0.0342350006103516 -0.280120849609375 -0.117950439453125
0.0257530212402344 -0.0423431396484375 -0.006988525390625 -0.50445556640625
0.0335159301757813 -0.0104751586914062 0.5538330078125 -0.490692138671875
0.0119113922119141 0.0312595367431641 0.838623046875 0.2943115234375
-0.0134668350219727 0.00512981414794922 0.3212890625 0.9591064453125
0.00533485412597656 0.0178775787353516 -0.19464111328125 0.67987060546875
0.000429034233093262 0.00128734111785889 0.0820999145507813 -0.0226058959960938
0.0020071268081665 0.00188577175140381 0.0570068359375 -0.771240234375
0.0193367004394531 -0.00946044921875 -0.67132568359375 -0.726806640625
0.0232791900634766 -0.012908935546875 -0.80047607421875 0.19366455078125
0.0136260986328125 -0.0289478302001953 -0.18438720703125 0.63409423828125
0.0186920166015625 -0.0415534973144531 0.239990234375 0.431884765625
-0.00782966613769531 -0.0228328704833984 0.383636474609375 0.018218994140625
-0.0111045837402344 -0.0147523880004883 0.263748168945312 -0.247314453125
0.000202178955078129 -0.0469093322753906 -0.269683837890625 0.213790893554687
0.0282096862792969 -0.0411109924316406 -0.290008544921875 -0.120025634765625
0.0269851684570312 -0.0469779968261719 -0.012176513671875 -0.509552001953125
0.0357933044433594 -0.011627197265625 0.5513916015625 -0.49578857421875
0.0120277404785156 0.0259723663330078 0.8408203125 0.2901611328125
-0.0141963958740234 -0.018951416015625 0.3233642578125 0.94830322265625
0.0163497924804688 -0.0166959762573242 -0.1846923828125 0.66424560546875
0.0218391418457031 -0.0328388214111328 0.0941238403320313 -0.0362701416015625
0.00389480590820313 -0.0310173034667969 0.0565185546874999 -0.7833251953125
0.0122585296630859 -0.0228443145751953 -0.67462158203125 -0.72747802734375
0.0226039886474609 -0.0131855010986328 -0.79974365234375 0.194580078125
0.0159378051757813 -0.0300331115722656 -0.1807861328125 0.634521484375
0.0186119079589844 -0.0464897155761719 0.238067626953125 0.429595947265625
-0.00598716735839844 -0.0283241271972656 0.372650146484375 0.01947021484375
-0.00524425506591797 -0.0143194198608398 0.251861572265625 -0.2496337890625
0.00732803344726563 -0.0429801940917969 -0.28204345703125 0.2142333984375
0.0292549133300781 -0.0435676574707031 -0.306640625 -0.1103515625
0.0236358642578125 -0.0457534790039062 -0.041351318359375 -0.508270263671875
0.0308208465576172 -0.00968551635742187 0.5208740234375 -0.5185546875
0.00520133972167969 0.0210342407226562 0.849853515625 0.238037109375
-0.0176200866699219 -0.0448455810546875 0.37237548828125 0.91497802734375
0.0312423706054687 -0.0587997436523437 -0.1531982421875 0.665771484375
0.0517082214355469 -0.0699958801269531 0.0951080322265625 -0.0267181396484375
0.009765625 -0.0687637329101563 0.08319091796875 -0.7821044921875
0.00374221801757812 -0.0419998168945313 -0.64434814453125 -0.76763916015625
0.0170879364013672 -0.0133399963378906 -0.81805419921875 0.15289306640625
0.0154075622558594 -0.0255374908447266 -0.216796875 0.62677001953125
0.0196952819824219 -0.0462303161621094 0.2105712890625 0.442840576171875
-0.00269317626953125 -0.02947998046875 0.36053466796875 0.031982421875
0.00123786926269531 -0.0124711990356445 0.243667602539062 -0.24951171875
0.00406265258789063 -0.0448150634765625 -0.238128662109375 0.242294311523438
0.0284347534179688 0.0162792205810547 -0.30963134765625 -0.04229736328125
0.00369644165039063 0.0211143493652344 -0.1488037109375 -0.454315185546875
-0.0177745819091797 0.0292644500732422 0.35406494140625 -0.60107421875
-0.0250740051269531 0.0364913940429688 0.8314208984375 0.000854492187500002
-0.0138349533081055 0.00785541534423828 0.575439453125 0.78472900390625
0.0255851745605469 0.0359458923339844 -0.0498046874999999 0.784912109375
0.010833740234375 0.0440864562988281 0.0118408203125 0.120193481445313
0.0291728973388672 0.0275955200195312 0.18829345703125 -0.66448974609375
0.0193328857421875 -0.0121746063232422 -0.46630859375 -0.90472412109375
-0.0243701934814453 -0.000534057617187501 -0.88134765625 -0.0727539062500001
-0.0236988067626953 0.0250797271728516 -0.38946533203125 0.57513427734375
0.00414848327636718 0.0258083343505859 0.116851806640625 0.49615478515625
0.00306320190429688 0.0257511138916016 0.36383056640625 0.0885009765625
-0.00648403167724609 -0.0144863128662109 0.276657104492188 -0.216827392578125
-0.000541687011718751 -0.0437202453613281 -0.230575561523438 0.237319946289062
0.0283908843994141 0.0112476348876953 -0.2987060546875 -0.065765380859375
0.00416946411132813 0.0107336044311523 -0.10760498046875 -0.47003173828125
-0.0110435485839844 0.0186309814453125 0.41156005859375 -0.575927734375
-0.0171909332275391 0.0343685150146484 0.84271240234375 0.07757568359375
-0.0109481811523437 0.0186691284179688 0.51495361328125 0.84600830078125
0.0169219970703125 0.0559272766113281 -0.0947265624999999 0.7728271484375
-0.00584793090820313 0.0563621520996094 0.0215301513671875 0.09100341796875
0.019927978515625 0.0417861938476563 0.146240234375 -0.68865966796875
0.02142333984375 -0.00149917602539063 -0.53338623046875 -0.85272216796875
-0.0136804580688477 0.0001068115234375 -0.86773681640625 0.0108642578124999
-0.0136480331420898 0.0158805847167969 -0.32928466796875 0.60089111328125
0.00925350189208985 0.0150060653686523 0.15814208984375 0.48309326171875
0.000538825988769532 0.0172843933105469 0.37762451171875 0.06683349609375
-0.0127229690551758 -0.0155811309814453 0.28143310546875 -0.2237548828125
-0.00648117065429687 -0.0462226867675781 -0.228485107421875 0.233322143554687
0.0263614654541016 0.00156402587890625 -0.286041259765625 -0.0828857421875
0.00904941558837891 -0.00439548492431641 -0.07080078125 -0.48187255859375
-0.00139617919921875 0.00756025314331055 0.46649169921875 -0.548492431640625
-0.00898170471191406 0.0335044860839844 0.84625244140625 0.156982421875
-0.0100460052490234 0.0264186859130859 0.44970703125 0.89703369140625
0.00712966918945312 0.0650787353515625 -0.13726806640625 0.75018310546875
-0.0163612365722656 0.0589599609375 0.0371437072753906 0.0566902160644531
0.0131874084472656 0.0470161437988281 0.1060791015625 -0.7119140625
0.0227642059326172 0.00403594970703125 -0.59820556640625 -0.7989501953125
-0.00109970569610596 -0.00191926956176758 -0.84857177734375 0.0886230468750001
-0.00350022315979004 0.00247693061828613 -0.2685546875 0.619873046875
0.0134344100952148 0.000319480895996094 0.197723388671875 0.463043212890625
-0.00269889831542969 0.00745153427124024 0.386566162109375 0.0457763671875
-0.0157842636108398 -0.0165195465087891 0.281097412109375 -0.23150634765625
-0.00981521606445313 -0.047821044921875 -0.23138427734375 0.2286376953125
0.0265693664550781 -0.0115280151367187 -0.276275634765625 -0.0977325439453125
0.0143604278564453 -0.0195503234863281 -0.0385437011718751 -0.491912841796875
0.0122861862182617 -0.000308990478515625 0.50799560546875 -0.520172119140625
0.000246047973632813 0.0327892303466797 0.84356689453125 0.22320556640625
-0.0112209320068359 0.0265941619873047 0.38812255859375 0.935302734375
0.000392913818359381 0.059967041015625 -0.16949462890625 0.723876953125
-0.019439697265625 0.0493125915527344 0.05230712890625 0.0225028991699219
0.00683975219726562 0.0396194458007813 0.0734863281250001 -0.736328125
0.0232677459716797 0.00441360473632812 -0.64129638671875 -0.75494384765625
0.00878810882568359 -0.00551414489746094 -0.8238525390625 0.15045166015625
0.00350761413574219 -0.00993728637695313 -0.22003173828125 0.6312255859375
0.0154151916503906 -0.0159702301025391 0.2255859375 0.44525146484375
-0.00533676147460938 -0.00343084335327148 0.390594482421875 0.0289306640625
-0.0171470642089844 -0.016657829284668 0.2762451171875 -0.2406005859375
-0.0103111267089844 -0.0485992431640625 -0.240447998046875 0.22412109375
0.0259666442871094 -0.0242481231689453 -0.27471923828125 -0.108367919921875
0.0215320587158203 -0.0326747894287109 -0.0198974609375 -0.49884033203125
0.0245304107666016 -0.00652122497558594 0.534515380859375 -0.504302978515625
0.00730705261230469 0.0316867828369141 0.84014892578125 0.26483154296875
-0.0118579864501953 0.0187339782714844 0.34698486328125 0.95208740234375
-0.00102996826171875 0.0436820983886719 -0.18603515625 0.6998291015625
-0.0131664276123047 0.0294971466064453 0.0680694580078125 -0.00485610961914062
0.00383186340332031 0.0251235961914063 0.05157470703125 -0.7562255859375
0.0224723815917969 -0.00040435791015625 -0.66778564453125 -0.72662353515625
0.0175418853759766 -0.00974464416503906 -0.8050537109375 0.188720703125
0.00871086120605469 -0.0214958190917969 -0.18707275390625 0.63641357421875
0.0172328948974609 -0.0306835174560547 0.24285888671875 0.432708740234375
-0.00749874114990235 -0.0141963958740234 0.38775634765625 0.0167236328125
-0.0163116455078125 -0.0157880783081055 0.2684326171875 -0.2462158203125
-0.00696182250976562 -0.0488166809082031 -0.251083374023438 0.220474243164062
0.0267982482910156 -0.0358772277832031 -0.279571533203125 -0.113311767578125
0.0258369445800781 -0.0423164367675781 -0.014434814453125 -0.503265380859375
0.0331573486328125 -0.0105705261230469 0.544342041015625 -0.497528076171875
0.012786865234375 0.0301361083984375 0.8411865234375 0.28045654296875
-0.0131568908691406 0.0040130615234375 0.33380126953125 0.953369140625
0.00437545776367188 0.0179443359375 -0.1839599609375 0.67950439453125
-0.000570535659790039 0.00313997268676758 0.0812606811523438 -0.0240554809570312
0.00134170055389404 0.00168514251708984 0.047119140625 -0.76995849609375
0.0188751220703125 -0.00959014892578125 -0.67919921875 -0.71600341796875
0.0223522186279297 -0.0136928558349609 -0.7960205078125 0.20361328125
0.0120944976806641 -0.0289516448974609 -0.17303466796875 0.63616943359375
0.0176010131835938 -0.0421676635742188 0.246368408203125 0.427154541015625
-0.00699234008789063 -0.0229587554931641 0.382110595703125 0.01202392578125
-0.0115995407104492 -0.0149717330932617 0.2586669921875 -0.2506103515625
-0.00191879272460938 -0.0477523803710938 -0.265167236328125 0.218521118164063
0.0279312133789063 -0.0427894592285156 -0.28948974609375 -0.1153564453125
0.0272674560546875 -0.0470008850097656 -0.019500732421875 -0.5062255859375
0.0354080200195313 -0.0110549926757813 0.542999267578125 -0.501922607421875
0.0120964050292969 0.0251445770263672 0.8448486328125 0.27764892578125
-0.0133590698242188 -0.01934814453125 0.3353271484375 0.944091796875
0.0157966613769531 -0.0180721282958984 -0.17498779296875 0.6654052734375
0.0215568542480469 -0.0322227478027344 0.0938034057617188 -0.03759765625
0.00197219848632813 -0.030303955078125 0.0462646484375001 -0.781005859375
0.0118026733398438 -0.0236129760742188 -0.68316650390625 -0.7183837890625
0.0222282409667969 -0.0149059295654297 -0.79437255859375 0.20556640625
0.0147228240966797 -0.0302181243896484 -0.1724853515625 0.63531494140625
0.0184974670410156 -0.0476341247558594 0.24334716796875 0.42657470703125
-0.00551605224609375 -0.0285148620605469 0.37109375 0.0133056640625
-0.00529193878173828 -0.0142116546630859 0.247039794921875 -0.25274658203125
0.005645751953125 -0.0437774658203125 -0.277618408203125 0.218246459960938
0.0293502807617188 -0.0450515747070312 -0.30694580078125 -0.1048583984375
0.0236244201660156 -0.0460128784179688 -0.04730224609375 -0.5050048828125
0.0302181243896484 -0.00933647155761719 0.511688232421875 -0.525115966796875
0.00615119934082031 0.0199356079101563 0.8499755859375 0.22479248046875
-0.0172882080078125 -0.0454826354980469 0.38092041015625 0.9078369140625
0.0304641723632813 -0.0589790344238281 -0.1448974609375 0.6673583984375
0.0499114990234375 -0.0704345703125 0.0941238403320313 -0.0282440185546875
0.0076446533203125 -0.0687408447265625 0.07318115234375 -0.78173828125
0.003509521484375 -0.0418167114257813 -0.65234375 -0.7559814453125
0.017054557800293 -0.0125923156738281 -0.81500244140625 0.1632080078125
0.0153903961181641 -0.0257091522216797 -0.20849609375 0.626953125
0.0186653137207031 -0.0470123291015625 0.218414306640625 0.438629150390625
-0.00242996215820312 -0.0301418304443359 0.360076904296875 0.0262451171875
0.00143718719482422 -0.0118808746337891 0.239456176757813 -0.25164794921875
0.0024261474609375 -0.0460052490234375 -0.23358154296875 0.2449951171875
0.0280742645263672 0.0138664245605469 -0.307342529296875 -0.037994384765625
0.00374412536621094 0.0207653045654297 -0.15203857421875 -0.450469970703125
-0.0175399780273437 0.0289878845214844 0.34564208984375 -0.60369873046875
-0.0238838195800781 0.0358390808105469 0.82696533203125 -0.01092529296875
-0.0125808715820313 0.00673580169677734 0.580322265625 0.7779541015625
0.0261783599853516 0.034912109375 -0.0395507812499999 0.78216552734375
0.00981521606445313 0.043121337890625 0.013458251953125 0.119674682617187
0.0285015106201172 0.0270729064941406 0.17938232421875 -0.6634521484375
0.019561767578125 -0.012664794921875 -0.4739990234375 -0.89556884765625
-0.0241508483886719 -0.000349044799804688 -0.879150390625 -0.06317138671875
-0.0232200622558594 0.0251884460449219 -0.37933349609375 0.5780029296875
0.00452995300292969 0.0253620147705078 0.122955322265625 0.491363525390625
0.00329208374023437 0.02532958984375 0.362579345703125 0.08251953125
-0.00694942474365235 -0.0140438079833984 0.27264404296875 -0.220779418945313
-0.00311660766601562 -0.0448226928710938 -0.22589111328125 0.239044189453125
0.0287418365478516 0.01019287109375 -0.29840087890625 -0.06048583984375
0.00430870056152344 0.0103769302368164 -0.1142578125 -0.46551513671875
-0.0115375518798828 0.0185623168945313 0.401123046875 -0.58111572265625
-0.0170745849609375 0.0338287353515625 0.84075927734375 0.06622314453125
-0.00931358337402344 0.0177860260009766 0.52301025390625 0.8370361328125
0.0171012878417969 0.0544090270996094 -0.0845947265625001 0.77056884765625
-0.00603866577148437 0.0571441650390625 0.0232162475585938 0.0899581909179688
0.0201530456542969 0.0418968200683594 0.1376953125 -0.68853759765625
0.0219764709472656 -0.00193595886230469 -0.54266357421875 -0.84375
-0.0133180618286133 0.000642776489257814 -0.8651123046875 0.02099609375
-0.0131092071533203 0.016392707824707 -0.32037353515625 0.6025390625
0.0102500915527344 0.0145158767700195 0.16290283203125 0.478179931640625
0.00113296508789062 0.0179405212402344 0.37689208984375 0.060821533203125
-0.0126924514770508 -0.0164098739624023 0.277023315429688 -0.226577758789063
-0.00858306884765625 -0.0467758178710938 -0.224838256835938 0.236297607421875
0.0270309448242188 0.000398635864257813 -0.2833251953125 -0.0785522460937501
0.00858545303344727 -0.00409746170043945 -0.0765075683593751 -0.479644775390625
-0.00122690200805664 0.00873899459838867 0.455413818359375 -0.55218505859375
-0.00745201110839844 0.0323696136474609 0.8447265625 0.14581298828125
-0.009124755859375 0.0256500244140625 0.45599365234375 0.89044189453125
0.00735473632812499 0.0637702941894531 -0.1263427734375 0.74920654296875
-0.0163841247558594 0.0583457946777344 0.0372848510742188 0.0555992126464844
0.0132293701171875 0.046722412109375 0.09759521484375 -0.71026611328125
0.022857666015625 0.00401115417480469 -0.60467529296875 -0.7884521484375
-0.00156450271606445 -0.00228285789489746 -0.84332275390625 0.099365234375
-0.00414323806762695 0.00400948524475098 -0.25885009765625 0.6221923828125
0.0137786865234375 -0.000355720520019531 0.201904296875 0.458251953125
-0.00214004516601563 0.0074152946472168 0.3857421875 0.03900146484375
-0.0166110992431641 -0.0167007446289063 0.276763916015625 -0.234466552734375
-0.0114669799804687 -0.0479965209960937 -0.228042602539062 0.23046875
0.0259304046630859 -0.0124549865722656 -0.276016235351563 -0.092926025390625
0.0142269134521484 -0.0188789367675781 -0.04547119140625 -0.488922119140625
0.0113697052001953 -0.000421524047851563 0.498077392578125 -0.527191162109375
0.000488281250000003 0.0323276519775391 0.84295654296875 0.2098388671875
-0.00922775268554687 0.0263996124267578 0.39691162109375 0.9251708984375
0.000362396240234377 0.0595855712890625 -0.1593017578125 0.7237548828125
-0.0190925598144531 0.0485725402832031 0.0525665283203125 0.0228309631347656
0.0076141357421875 0.0409164428710938 0.06451416015625 -0.73358154296875
0.0232448577880859 0.0042877197265625 -0.64697265625 -0.7430419921875
0.0091552734375 -0.00572395324707031 -0.8184814453125 0.1583251953125
0.00334548950195312 -0.0100698471069336 -0.208984375 0.6307373046875
0.0155048370361328 -0.0164775848388672 0.23126220703125 0.4395751953125
-0.00422501564025879 -0.00379228591918945 0.389129638671875 0.021575927734375
-0.0174503326416016 -0.0164079666137695 0.272232055664063 -0.2437744140625
-0.0117340087890625 -0.049163818359375 -0.234970092773438 0.2271728515625
0.0253314971923828 -0.0255641937255859 -0.273361206054688 -0.103683471679688
0.0209465026855469 -0.0328960418701172 -0.027099609375 -0.4947509765625
0.0244007110595703 -0.00725746154785156 0.524200439453125 -0.5103759765625
0.00811767578125 0.0311222076416016 0.84112548828125 0.25152587890625
-0.0111618041992188 0.0187530517578125 0.3583984375 0.94305419921875
-0.000431060791015628 0.0428810119628906 -0.17633056640625 0.6993408203125
-0.0135879516601563 0.0297660827636719 0.0677032470703125 -0.00576019287109375
0.00395393371582031 0.0248222351074219 0.04315185546875 -0.7532958984375
0.0228786468505859 -0.00104141235351562 -0.67626953125 -0.7135009765625
0.0171003341674805 -0.010197639465332 -0.80010986328125 0.19854736328125
0.00818824768066406 -0.0214958190917969 -0.1768798828125 0.63671875
0.0167694091796875 -0.0315418243408203 0.248687744140625 0.42791748046875
-0.00669384002685547 -0.0139999389648438 0.38568115234375 0.01007080078125
-0.0164327621459961 -0.0157718658447266 0.264144897460937 -0.250442504882812
-0.00912857055664063 -0.04925537109375 -0.24658203125 0.2235107421875
0.0268173217773438 -0.0368766784667969 -0.27947998046875 -0.1085205078125
0.0254554748535156 -0.0428466796875 -0.0206298828124999 -0.499359130859375
0.0321865081787109 -0.0112266540527344 0.534149169921875 -0.503570556640625
0.0134677886962891 0.0295372009277344 0.842529296875 0.26727294921875
-0.0129032135009766 0.00363731384277344 0.34478759765625 0.94580078125
0.00417423248291015 0.0175485610961914 -0.176025390625 0.6795654296875
-0.000573635101318359 0.00320529937744141 0.0809402465820313 -0.0242767333984375
0.00171232223510742 0.00162577629089355 0.03607177734375 -0.76739501953125
0.0184993743896484 -0.00917816162109375 -0.68597412109375 -0.70355224609375
0.0222892761230469 -0.013763427734375 -0.792236328125 0.2113037109375
0.0127735137939453 -0.0287017822265625 -0.16375732421875 0.6343994140625
0.01739501953125 -0.0425987243652344 0.2503662109375 0.42236328125
-0.00786590576171875 -0.0235404968261719 0.379638671875 0.0054931640625
-0.0121278762817383 -0.0152072906494141 0.254501342773438 -0.253341674804688
-0.00391769409179687 -0.0482749938964844 -0.26080322265625 0.221145629882813
0.0270042419433594 -0.0439491271972656 -0.288970947265625 -0.1090087890625
0.0264625549316406 -0.0461502075195313 -0.0272216796875 -0.505889892578125
0.0353050231933594 -0.0114479064941406 0.534515380859375 -0.508880615234375
0.0121784210205078 0.0242481231689453 0.8443603515625 0.2646484375
-0.0137653350830078 -0.0198345184326172 0.34539794921875 0.93621826171875
0.0159835815429688 -0.018096923828125 -0.16650390625 0.66552734375
0.0210666656494141 -0.0306262969970703 0.092987060546875 -0.0381011962890625
0.00122833251953125 -0.0299453735351562 0.03729248046875 -0.7779541015625
0.0116024017333984 -0.0243167877197266 -0.68743896484375 -0.7054443359375
0.0215606689453125 -0.0139808654785156 -0.7901611328125 0.21441650390625
0.0144462585449219 -0.0303535461425781 -0.1634521484375 0.6351318359375
0.0172233581542969 -0.0482978820800781 0.247894287109375 0.41973876953125
-0.00547599792480469 -0.0287303924560547 0.37005615234375 0.006805419921875
-0.00629615783691406 -0.0142307281494141 0.242218017578125 -0.256011962890625
0.00345993041992188 -0.0455856323242188 -0.273330688476562 0.22210693359375
0.027679443359375 -0.0454864501953125 -0.305938720703125 -0.09942626953125
0.0228614807128906 -0.0458755493164063 -0.05499267578125 -0.5018310546875
0.0307750701904297 -0.009490966796875 0.503021240234375 -0.53253173828125
0.00727272033691406 0.0191574096679687 0.8499755859375 0.21307373046875
-0.0176887512207031 -0.0462379455566406 0.39202880859375 0.9013671875
0.02874755859375 -0.0599594116210938 -0.13531494140625 0.667724609375
0.049072265625 -0.0695152282714844 0.0937118530273438 -0.0285491943359375
0.00614547729492187 -0.0680084228515625 0.0631713867187499 -0.777099609375
0.00237655639648437 -0.0417594909667969 -0.6605224609375 -0.74591064453125
0.0170516967773438 -0.0132455825805664 -0.81060791015625 0.17156982421875
0.0154666900634766 -0.026611328125 -0.19879150390625 0.62725830078125
0.0183601379394531 -0.0477485656738281 0.222869873046875 0.433807373046875
-0.00276565551757813 -0.0305366516113281 0.35906982421875 0.01934814453125
0.000841140747070311 -0.0119800567626953 0.2347412109375 -0.254058837890625
0.000915527343750001 -0.0469322204589844 -0.228591918945313 0.24725341796875
0.0275993347167969 0.0135002136230469 -0.305145263671875 -0.03369140625
0.00427055358886719 0.0214042663574219 -0.158233642578125 -0.44464111328125
-0.0171470642089844 0.0299854278564453 0.33551025390625 -0.60552978515625
-0.0231819152832031 0.0352439880371094 0.82318115234375 -0.01922607421875
-0.0118083953857422 0.00618934631347657 0.58935546875 0.76849365234375
0.0260429382324219 0.034637451171875 -0.0303955078125 0.77813720703125
0.010467529296875 0.0428810119628906 0.0147018432617188 0.118965148925781
0.0280513763427734 0.0271644592285156 0.16949462890625 -0.66162109375
0.0195579528808594 -0.0134563446044922 -0.482177734375 -0.8861083984375
-0.0247879028320313 -0.000587463378906246 -0.87451171875 -0.0521240234375
-0.0232830047607422 0.0259323120117188 -0.37017822265625 0.577880859375
0.00527763366699219 0.0250053405761719 0.127899169921875 0.487701416015625
0.003936767578125 0.0244007110595703 0.361083984375 0.07672119140625
-0.00763702392578125 -0.0135793685913086 0.268783569335938 -0.222427368164063
-0.00520706176757812 -0.0453414916992187 -0.221847534179687 0.240966796875
0.0290412902832031 0.00872230529785156 -0.295501708984375 -0.0552062988281251
0.00644397735595703 0.0101213455200195 -0.119049072265625 -0.4613037109375
-0.0119171142578125 0.0191574096679688 0.39166259765625 -0.58294677734375
-0.0155391693115234 0.0326461791992188 0.83660888671875 0.054443359375
-0.00812530517578125 0.0172595977783203 0.5294189453125 0.8275146484375
0.0179061889648437 0.0540122985839844 -0.07415771484375 0.76654052734375
-0.00603103637695312 0.0571708679199219 0.0237579345703125 0.0899505615234375
0.0190505981445313 0.041015625 0.1290283203125 -0.682861328125
0.0213050842285156 -0.00300788879394531 -0.54998779296875 -0.83099365234375
-0.0129318237304687 0.000452041625976561 -0.86114501953125 0.0284423828125001
-0.0132513046264648 0.0158348083496094 -0.310791015625 0.6026611328125
0.0103569030761719 0.0139522552490234 0.1693115234375 0.473388671875
0.00160598754882812 0.0176563262939453 0.374725341796875 0.05511474609375
-0.0129623413085937 -0.0146493911743164 0.273590087890625 -0.229400634765625
-0.0104141235351563 -0.0473098754882813 -0.220367431640625 0.238418579101563
0.0262165069580078 -0.00140190124511719 -0.282806396484375 -0.074310302734375
0.0087437629699707 -0.00447177886962891 -0.080657958984375 -0.475799560546875
-0.00163125991821289 0.00790500640869141 0.445953369140625 -0.556427001953125
-0.00775146484375 0.0318641662597656 0.8416748046875 0.13299560546875
-0.00743865966796875 0.0257072448730469 0.466064453125 0.88153076171875
0.00786972045898437 0.0628318786621094 -0.11773681640625 0.7467041015625
-0.0159988403320313 0.0589637756347656 0.0378532409667969 0.0552482604980469
0.0126876831054688 0.0462303161621094 0.08917236328125 -0.706787109375
0.0221805572509766 0.00299835205078125 -0.60894775390625 -0.77880859375
-0.00125932693481445 -0.00189566612243652 -0.8375244140625 0.10699462890625
-0.00374865531921387 0.0033106803894043 -0.25042724609375 0.62042236328125
0.0137367248535156 -0.00091552734375 0.207183837890625 0.4537353515625
-0.00104951858520508 0.00685644149780274 0.383697509765625 0.033905029296875
-0.016718864440918 -0.0155086517333984 0.273162841796875 -0.237213134765625
-0.0141448974609375 -0.0488243103027344 -0.223358154296875 0.23260498046875
0.0262680053710938 -0.0142421722412109 -0.274307250976563 -0.0886688232421875
0.0147628784179688 -0.0191268920898438 -0.0496826171875 -0.485382080078125
0.0108194351196289 -1.23977661132813E-05 0.48883056640625 -0.52978515625
0.00203704833984375 0.0307903289794922 0.84222412109375 0.20050048828125
-0.00895118713378906 0.0255298614501953 0.40460205078125 0.91802978515625
0.0010223388671875 0.058990478515625 -0.15020751953125 0.72015380859375
-0.0182571411132813 0.0498886108398438 0.0529022216796875 0.02142333984375
0.00775146484375 0.0406990051269531 0.056884765625 -0.7288818359375
0.0237255096435547 0.00376319885253906 -0.6534423828125 -0.73162841796875
0.00824356079101563 -0.00599765777587891 -0.81201171875 0.16754150390625
0.00237941741943359 -0.00917911529541015 -0.1995849609375 0.629638671875
0.0150651931762695 -0.0167732238769531 0.234222412109375 0.434326171875
-0.0048222541809082 -0.00317955017089844 0.386138916015625 0.01556396484375
-0.0176734924316406 -0.0160045623779297 0.26788330078125 -0.245330810546875
-0.0144309997558594 -0.0488548278808594 -0.230133056640625 0.2286376953125
0.0249671936035156 -0.0270633697509766 -0.271636962890625 -0.099395751953125
0.0210075378417969 -0.0330238342285156 -0.033233642578125 -0.4921875
0.0238761901855469 -0.00766944885253906 0.5166015625 -0.513427734375
0.00826263427734375 0.0306911468505859 0.83966064453125 0.240966796875
-0.0104160308837891 0.0182723999023437 0.367919921875 0.937255859375
3.81469726562697E-06 0.0431480407714844 -0.16650390625 0.69744873046875
-0.0130081176757813 0.0295848846435547 0.0670585632324219 -0.00614166259765625
0.00274276733398438 0.0245532989501953 0.0345458984374999 -0.74847412109375
0.0217857360839844 -0.00187873840332031 -0.68011474609375 -0.7039794921875
0.0174198150634766 -0.0108146667480469 -0.7930908203125 0.20703125
0.00850296020507813 -0.0217761993408203 -0.169921875 0.63458251953125
0.0168304443359375 -0.0310115814208984 0.251983642578125 0.421478271484375
-0.00749778747558594 -0.0145425796508789 0.383514404296875 0.002471923828125
-0.0174503326416016 -0.0157022476196289 0.258804321289063 -0.251388549804688
-0.0115890502929688 -0.0495567321777344 -0.241744995117188 0.225616455078125
0.0255126953125 -0.0379905700683594 -0.2783203125 -0.104049682617187
0.0252532958984375 -0.0429878234863281 -0.02801513671875 -0.49810791015625
0.0323238372802734 -0.0115566253662109 0.52459716796875 -0.509124755859375
0.0137920379638672 0.0276527404785156 0.83917236328125 0.25714111328125
-0.0118141174316406 0.00298309326171875 0.35308837890625 0.939208984375
0.00391006469726562 0.0173149108886719 -0.1683349609375 0.6785888671875
-0.00183463096618652 0.00345993041992188 0.0795822143554688 -0.025146484375
0.000552654266357422 0.00224184989929199 0.028564453125 -0.76202392578125
0.0180397033691406 -0.00991249084472656 -0.6878662109375 -0.6937255859375
0.0219039916992188 -0.0145149230957031 -0.78460693359375 0.22003173828125
0.0126972198486328 -0.0289840698242188 -0.15509033203125 0.6339111328125
0.0176277160644531 -0.042083740234375 0.25537109375 0.4163818359375
-0.00729179382324219 -0.0237617492675781 0.377288818359375 0.000427246093749999
-0.0127038955688477 -0.0155181884765625 0.249710083007813 -0.2557373046875
-0.00528335571289062 -0.0477752685546875 -0.25567626953125 0.223953247070312
0.0270233154296875 -0.0447769165039063 -0.288116455078125 -0.104583740234375
0.0266647338867187 -0.0473899841308594 -0.03277587890625 -0.5020751953125
0.0349998474121094 -0.0117588043212891 0.52349853515625 -0.511810302734375
0.0129165649414063 0.0238571166992188 0.8421630859375 0.25341796875
-0.0134410858154297 -0.0206985473632813 0.3553466796875 0.92864990234375
0.0156764984130859 -0.0185165405273438 -0.1575927734375 0.66217041015625
0.0196895599365234 -0.0308589935302734 0.0921859741210938 -0.038787841796875
0.000690460205078128 -0.0290050506591797 0.0285034179687501 -0.77386474609375
0.0112133026123047 -0.0234432220458984 -0.6925048828125 -0.69512939453125
0.0214309692382813 -0.0143375396728516 -0.78271484375 0.2210693359375
0.0139389038085938 -0.0290431976318359 -0.1551513671875 0.63323974609375
0.0173835754394531 -0.04840087890625 0.251983642578125 0.41546630859375
-0.00681877136230469 -0.0280361175537109 0.366607666015625 0.001373291015625
-0.0072784423828125 -0.0133571624755859 0.238006591796875 -0.258575439453125
0.00127410888671875 -0.044952392578125 -0.268722534179687 0.224411010742188
0.0274772644042969 -0.0467414855957031 -0.304595947265625 -0.095123291015625
0.0229339599609375 -0.0467720031738281 -0.061248779296875 -0.4986572265625
0.0301017761230469 -0.00952339172363281 0.493560791015625 -0.535858154296875
0.00735092163085937 0.0182476043701172 0.84783935546875 0.2005615234375
-0.0176506042480469 -0.0468864440917969 0.4027099609375 0.891845703125
0.0276412963867188 -0.0600357055664063 -0.12603759765625 0.66455078125
0.0473480224609375 -0.0687217712402344 0.0926895141601563 -0.030517578125
0.00508499145507812 -0.0682144165039063 0.05474853515625 -0.7734375
0.002044677734375 -0.0430335998535156 -0.6646728515625 -0.73541259765625
0.0166435241699219 -0.0131292343139648 -0.80230712890625 0.17913818359375
0.0151844024658203 -0.0246849060058594 -0.18804931640625 0.62750244140625
0.0183334350585937 -0.047027587890625 0.22760009765625 0.427734375
-0.00321578979492187 -0.0305042266845703 0.35589599609375 0.014556884765625
0.000260353088378907 -0.0131597518920898 0.230728149414062 -0.257049560546875
-0.0017852783203125 -0.04693603515625 -0.223480224609375 0.249237060546875
0.0284671783447266 0.0120162963867188 -0.302215576171875 -0.03106689453125
0.00555610656738281 0.0215263366699219 -0.161651611328125 -0.441253662109375
-0.0173301696777344 0.0300407409667969 0.32666015625 -0.60614013671875
-0.0228023529052734 0.03411865234375 0.8182373046875 -0.02838134765625
-0.0106782913208008 0.00550651550292969 0.59197998046875 0.75726318359375
0.0261802673339844 0.0333366394042969 -0.0209960937500001 0.77484130859375
0.00941848754882813 0.0437469482421875 0.0157928466796875 0.118331909179687
0.0283470153808594 0.0260257720947266 0.162841796875 -0.65863037109375
0.0197677612304688 -0.0133266448974609 -0.48870849609375 -0.874267578125
-0.0236911773681641 0.00051498413085937 -0.87255859375 -0.0438842773437502
-0.0223979949951172 0.0262165069580078 -0.361083984375 0.57745361328125
0.00486373901367188 0.0249347686767578 0.132904052734375 0.483795166015625
0.00490951538085938 0.0238819122314453 0.3602294921875 0.07159423828125
-0.00732040405273437 -0.0143308639526367 0.264877319335938 -0.224868774414063
-0.00678253173828125 -0.045867919921875 -0.21661376953125 0.241348266601563
0.0290164947509766 0.00681495666503906 -0.2933349609375 -0.051025390625
0.00553417205810547 0.00977706909179688 -0.12457275390625 -0.457427978515625
-0.0109405517578125 0.0200405120849609 0.38311767578125 -0.58416748046875
-0.0156269073486328 0.031402587890625 0.83135986328125 0.04437255859375
-0.00717544555664063 0.0169486999511719 0.53582763671875 0.8187255859375
0.017730712890625 0.0534172058105469 -0.06787109375 0.76397705078125
-0.00595474243164063 0.0567779541015625 0.0257186889648438 0.089141845703125
0.0198516845703125 0.0410957336425781 0.12109375 -0.6800537109375
0.0213336944580078 -0.00269889831542969 -0.55224609375 -0.822265625
-0.0125951766967773 0.00133895874023437 -0.85504150390625 0.0382080078125
-0.0130100250244141 0.016571044921875 -0.3021240234375 0.6026611328125
0.0103588104248047 0.0132980346679688 0.172698974609375 0.4674072265625
0.00222969055175781 0.0168237686157227 0.373077392578125 0.04974365234375
-0.0132904052734375 -0.0150852203369141 0.269088745117188 -0.231796264648438
-0.0121841430664063 -0.0466995239257813 -0.215774536132812 0.239105224609375
0.0263805389404297 -0.00242424011230469 -0.280929565429688 -0.0694580078124999
0.00875711441040039 -0.00411510467529297 -0.08544921875 -0.470855712890625
-0.000981330871582031 0.00876903533935547 0.436859130859375 -0.5582275390625
-0.00596237182617188 0.0305118560791016 0.837890625 0.1243896484375
-0.00701141357421875 0.0247268676757813 0.4716796875 0.87127685546875
0.00833892822265625 0.0632400512695313 -0.1099853515625 0.743408203125
-0.0155754089355469 0.0585212707519531 0.0373268127441406 0.0540351867675781
0.0126533508300781 0.0452690124511719 0.0824584960937499 -0.7022705078125
0.0227622985839844 0.00303840637207031 -0.61248779296875 -0.7659912109375
-0.00129354000091553 -0.00168371200561523 -0.831787109375 0.115478515625
-0.00419497489929199 0.00339365005493164 -0.24169921875 0.61871337890625
0.0137653350830078 -0.00142574310302734 0.211761474609375 0.448089599609375
-0.00151491165161133 0.00676441192626953 0.38092041015625 0.0286865234375
-0.0168514251708984 -0.0160036087036133 0.268417358398438 -0.23870849609375
-0.0152359008789063 -0.0486679077148438 -0.218353271484375 0.234893798828125
0.0252532958984375 -0.0145893096923828 -0.272232055664063 -0.0845031738281251
0.0143241882324219 -0.0186443328857422 -0.055877685546875 -0.482025146484375
0.0105133056640625 -0.000655174255371094 0.4793701171875 -0.532440185546875
0.00229454040527343 0.0304927825927734 0.83795166015625 0.18939208984375
-0.00799560546875 0.0244178771972656 0.41180419921875 0.9088134765625
0.00176620483398438 0.0589065551757813 -0.141845703125 0.71807861328125
-0.0187568664550781 0.0497398376464844 0.0524368286132813 0.0211448669433594
0.00670242309570313 0.040313720703125 0.0484008789062499 -0.7237548828125
0.0236911773681641 0.003387451171875 -0.65447998046875 -0.72149658203125
0.00879287719726563 -0.00574016571044922 -0.80621337890625 0.1744384765625
0.00338935852050781 -0.00947189331054688 -0.19427490234375 0.62689208984375
0.01593017578125 -0.0178508758544922 0.23870849609375 0.428619384765625
-0.00510263442993164 -0.00398063659667969 0.384033203125 0.010894775390625
-0.0184745788574219 -0.0157852172851563 0.263198852539063 -0.24652099609375
-0.015625 -0.0493736267089844 -0.225555419921875 0.230331420898438
0.0248680114746094 -0.0278034210205078 -0.271331787109375 -0.0941772460937499
0.0211029052734375 -0.0323963165283203 -0.037139892578125 -0.489654541015625
0.0227584838867187 -0.00706863403320312 0.50531005859375 -0.51702880859375
0.00876235961914062 0.0291595458984375 0.83636474609375 0.2301025390625
-0.00899028778076172 0.0163745880126953 0.37493896484375 0.928955078125
-0.000133514404296873 0.0423393249511719 -0.15985107421875 0.69512939453125
-0.0126991271972656 0.0294952392578125 0.0661468505859375 -0.00647735595703125
0.00327301025390625 0.0246524810791016 0.0269775390625001 -0.74310302734375
0.0214939117431641 -0.00181007385253906 -0.68194580078125 -0.69171142578125
0.0159311294555664 -0.0101604461669922 -0.78631591796875 0.21209716796875
0.00814437866210938 -0.02081298828125 -0.16046142578125 0.6307373046875
0.0164756774902344 -0.0322399139404297 0.253753662109375 0.415435791015625
-0.00705337524414062 -0.0145807266235352 0.38128662109375 -0.000457763671875001
-0.0166101455688477 -0.0154514312744141 0.253814697265625 -0.25244140625
-0.0131607055664062 -0.0491676330566406 -0.236404418945312 0.227859497070313
0.025604248046875 -0.0388374328613281 -0.276016235351563 -0.0993194580078125
0.024749755859375 -0.0432624816894531 -0.032867431640625 -0.49383544921875
0.0323925018310547 -0.0116767883300781 0.51483154296875 -0.51116943359375
0.0143394470214844 0.0269927978515625 0.83673095703125 0.2451171875
-0.0104970932006836 0.00213336944580078 0.360107421875 0.92901611328125
0.00378990173339844 0.0166444778442383 -0.1593017578125 0.6748046875
-0.00182318687438965 0.00398874282836914 0.0797576904296875 -0.0263290405273438
-7.8678131103518E-06 0.00301647186279297 0.02178955078125 -0.75738525390625
0.0178794860839844 -0.0104007720947266 -0.68963623046875 -0.68182373046875
0.0213260650634766 -0.0138149261474609 -0.77801513671875 0.225341796875
0.0116462707519531 -0.0281620025634766 -0.148681640625 0.6302490234375
0.0163421630859375 -0.0423164367675781 0.257720947265625 0.410552978515625
-0.007232666015625 -0.0230216979980469 0.373321533203125 -0.00592041015625
-0.0132369995117187 -0.0142536163330078 0.245681762695312 -0.257232666015625
-0.00749969482421875 -0.0484199523925781 -0.251373291015625 0.226119995117187
0.0257682800292969 -0.0455589294433594 -0.28619384765625 -0.1007080078125
0.0253791809082031 -0.0472602844238281 -0.0390625 -0.498199462890625
0.0340480804443359 -0.0113601684570313 0.51275634765625 -0.51446533203125
0.0127773284912109 0.0217914581298828 0.83795166015625 0.242431640625
-0.0127410888671875 -0.0216197967529297 0.36358642578125 0.91998291015625
0.0149936676025391 -0.0188884735107422 -0.15008544921875 0.66082763671875
0.0192413330078125 -0.0304355621337891 0.0903549194335938 -0.0399017333984375
-0.000288009643554689 -0.02880859375 0.020263671875 -0.768310546875
0.0102901458740234 -0.0246410369873047 -0.6942138671875 -0.68304443359375
0.0219192504882813 -0.0148391723632813 -0.7774658203125 0.22857666015625
0.0140666961669922 -0.0298919677734375 -0.1456298828125 0.62969970703125
0.0163383483886719 -0.0483512878417969 0.253326416015625 0.409576416015625
-0.00660514831542968 -0.0284519195556641 0.36395263671875 -0.004302978515625
-0.00671577453613281 -0.0138788223266602 0.233566284179687 -0.258514404296875
0.000129699707031246 -0.0450286865234375 -0.263626098632812 0.22698974609375
0.0261764526367188 -0.0479545593261719 -0.3018798828125 -0.090301513671875
0.0227546691894531 -0.0472221374511719 -0.067108154296875 -0.49468994140625
0.0289402008056641 -0.0091705322265625 0.48175048828125 -0.538055419921875
0.00734329223632813 0.0169382095336914 0.8428955078125 0.19036865234375
-0.01824951171875 -0.0472373962402344 0.40814208984375 0.884033203125
0.0266799926757813 -0.0604438781738281 -0.11895751953125 0.66131591796875
0.0461997985839844 -0.0688629150390625 0.0920257568359375 -0.0314712524414063
0.0039215087890625 -0.0676612854003906 0.0460815429687501 -0.76885986328125
0.00135040283203125 -0.0422935485839844 -0.6680908203125 -0.7235107421875
0.0163936614990234 -0.0144577026367188 -0.79632568359375 0.1871337890625
0.0145015716552734 -0.0258216857910156 -0.18133544921875 0.62347412109375
0.0170173645019531 -0.048065185546875 0.2293701171875 0.42218017578125
-0.00238037109375 -0.0303516387939453 0.353546142578125 0.009521484375
0.000164985656738281 -0.0127229690551758 0.226242065429688 -0.257766723632813
-0.00377655029296875 -0.0470085144042969 -0.21807861328125 0.250335693359375
0.0281848907470703 0.0112495422363281 -0.299102783203125 -0.02655029296875
0.00550079345703125 0.0214118957519531 -0.163604736328125 -0.43548583984375
-0.01727294921875 0.0297946929931641 0.319580078125 -0.60577392578125
-0.0215663909912109 0.0339546203613281 0.81121826171875 -0.03729248046875
-0.00944232940673828 0.00466728210449219 0.59405517578125 0.7486572265625
0.0258827209472656 0.0325145721435547 -0.0153198242187499 0.76953125
0.00911712646484375 0.0434188842773438 0.0161590576171875 0.117385864257812
0.0272922515869141 0.0261077880859375 0.1566162109375 -0.654541015625
0.0194339752197266 -0.0141124725341797 -0.49310302734375 -0.8648681640625
-0.023773193359375 0.000339508056640628 -0.8660888671875 -0.0347900390625001
-0.0221710205078125 0.0261669158935547 -0.353759765625 0.575927734375
0.00521087646484375 0.0242080688476562 0.136505126953125 0.47784423828125
0.00502395629882812 0.0235843658447266 0.357269287109375 0.066192626953125
-0.00806903839111328 -0.0131521224975586 0.261245727539063 -0.2257080078125
-0.008758544921875 -0.0461540222167969 -0.2119140625 0.243240356445312
0.0281391143798828 0.00505447387695312 -0.2906494140625 -0.047210693359375
0.00641727447509766 0.010563850402832 -0.127410888671875 -0.453826904296875
-0.0114154815673828 0.0200843811035156 0.3739013671875 -0.58502197265625
-0.0151176452636719 0.0305347442626953 0.82501220703125 0.037841796875
-0.00708866119384766 0.0159997940063477 0.5386962890625 0.8087158203125
0.0182533264160156 0.0526809692382813 -0.059814453125 0.7586669921875
-0.00545120239257812 0.0566368103027344 0.02484130859375 0.0874481201171875
0.0194892883300781 0.0404243469238281 0.115478515625 -0.676513671875
0.0206642150878906 -0.00313568115234375 -0.556640625 -0.81048583984375
-0.0136051177978516 0.000673294067382813 -0.85009765625 0.0436401367187501
-0.0129604339599609 0.0163707733154297 -0.294921875 0.60101318359375
0.0112743377685547 0.0127363204956055 0.176116943359375 0.463165283203125
0.0025482177734375 0.015934944152832 0.369873046875 0.04425048828125
-0.0139703750610352 -0.0150632858276367 0.264175415039063 -0.2337646484375
-0.0136299133300781 -0.0479774475097656 -0.21124267578125 0.240676879882812
0.0255928039550781 -0.00386619567871094 -0.278396606445313 -0.0654144287109375
0.00975131988525391 -0.00425529479980469 -0.089935302734375 -0.467926025390625
-0.00140476226806641 0.00868844985961914 0.428131103515625 -0.55859375
-0.00602912902832031 0.02972412109375 0.83465576171875 0.1143798828125
-0.00586891174316406 0.0233516693115234 0.47479248046875 0.8638916015625
0.00902938842773438 0.0621414184570313 -0.10113525390625 0.7384033203125
-0.0158309936523437 0.0590896606445312 0.0379371643066406 0.0537147521972656
0.0134086608886719 0.044921875 0.0763549804687501 -0.6990966796875
0.0226097106933594 0.00250816345214844 -0.6131591796875 -0.75592041015625
-0.00187480449676514 -0.00132548809051514 -0.82501220703125 0.1204833984375
-0.00406098365783691 0.00312232971191406 -0.23382568359375 0.61834716796875
0.0142126083374023 -0.00159740447998047 0.214111328125 0.44287109375
-0.00137615203857422 0.00591945648193359 0.377899169921875 0.02386474609375
-0.01739501953125 -0.0156354904174805 0.2646484375 -0.240264892578125
-0.0173187255859375 -0.0480270385742188 -0.213897705078125 0.235366821289062
0.0244674682617188 -0.0156097412109375 -0.269927978515625 -0.08074951171875
0.0146865844726563 -0.0195636749267578 -0.06085205078125 -0.47869873046875
0.010650634765625 -0.000401496887207031 0.4686279296875 -0.534454345703125
0.00274467468261719 0.0294952392578125 0.8336181640625 0.1793212890625
-0.00695228576660156 0.0235023498535156 0.4185791015625 0.9002685546875
0.00141143798828125 0.0582923889160156 -0.13458251953125 0.71356201171875
-0.0185775756835938 0.0501937866210938 0.0521507263183594 0.0198822021484375
0.00731277465820312 0.0399932861328125 0.0419921875 -0.71905517578125
0.0231876373291016 0.00141334533691406 -0.6580810546875 -0.711181640625
0.00890731811523438 -0.00643062591552734 -0.799072265625 0.17987060546875
0.00237751007080078 -0.00957775115966797 -0.186279296875 0.6240234375
0.0157318115234375 -0.0182476043701172 0.24139404296875 0.4227294921875
-0.00466728210449219 -0.00459432601928711 0.3807373046875 0.00616455078125
-0.0186119079589844 -0.0152549743652344 0.258880615234375 -0.2481689453125
-0.0179710388183594 -0.0494499206542969 -0.221649169921875 0.230789184570313
0.0244407653808594 -0.029571533203125 -0.269302368164063 -0.09124755859375
0.0204696655273438 -0.0324497222900391 -0.042327880859375 -0.485107421875
0.0225677490234375 -0.00671958923339844 0.495758056640625 -0.517242431640625
0.00945663452148438 0.0285758972167969 0.83197021484375 0.22174072265625
-0.00864601135253906 0.0162239074707031 0.38018798828125 0.91827392578125
0.00107574462890625 0.0412788391113281 -0.15191650390625 0.68902587890625
-0.0131797790527344 0.0293941497802734 0.0659599304199219 -0.00720977783203125
0.00320243835449219 0.0247116088867188 0.021728515625 -0.7379150390625
0.0219993591308594 -0.00278663635253906 -0.6839599609375 -0.6805419921875
0.0161809921264648 -0.0106906890869141 -0.7803955078125 0.21649169921875
0.00850677490234375 -0.0212802886962891 -0.1527099609375 0.62890625
0.0163688659667969 -0.0321292877197266 0.257293701171875 0.410919189453125
-0.00712203979492187 -0.0153350830078125 0.376739501953125 -0.005950927734375
-0.0177097320556641 -0.0144748687744141 0.250534057617188 -0.253341674804688
-0.0155220031738281 -0.0488548278808594 -0.232162475585938 0.229080200195313
0.0240364074707031 -0.0391044616699219 -0.27423095703125 -0.0958709716796876
0.0245513916015625 -0.0431556701660156 -0.03765869140625 -0.488922119140625
0.0310230255126953 -0.0111064910888672 0.506744384765625 -0.512786865234375
0.0139617919921875 0.0258026123046875 0.83135986328125 0.23590087890625
-0.0109968185424805 0.00120925903320313 0.3658447265625 0.91986083984375
0.00461578369140625 0.0161705017089844 -0.153076171875 0.67083740234375
-0.00151491165161133 0.00406599044799805 0.0784683227539062 -0.0259475708007813
-0.000278234481811523 0.00258493423461914 0.0150146484374999 -0.75042724609375
0.0173501968383789 -0.0107250213623047 -0.6903076171875 -0.67181396484375
0.0210018157958984 -0.0139522552490234 -0.77001953125 0.2294921875
0.0112247467041016 -0.0284652709960937 -0.1416015625 0.628662109375
0.0166130065917969 -0.0432624816894531 0.25927734375 0.404205322265625
-0.00718879699707031 -0.0226802825927734 0.370086669921875 -0.00921630859375
-0.0131721496582031 -0.0150051116943359 0.2398681640625 -0.25799560546875
-0.00965118408203125 -0.0471649169921875 -0.246826171875 0.22735595703125
0.0240058898925781 -0.0463600158691406 -0.28338623046875 -0.097381591796875
0.0261459350585938 -0.0475692749023438 -0.043853759765625 -0.493408203125
0.0339336395263672 -0.0121059417724609 0.50445556640625 -0.516632080078125
0.0129127502441406 0.0213871002197266 0.8353271484375 0.23260498046875
-0.0126724243164062 -0.0211524963378906 0.36627197265625 0.90985107421875
0.0137767791748047 -0.0190696716308594 -0.1422119140625 0.65594482421875
0.0172119140625 -0.029510498046875 0.090118408203125 -0.039886474609375
-0.001434326171875 -0.0284442901611328 0.01275634765625 -0.76190185546875
0.0110073089599609 -0.0246658325195312 -0.69586181640625 -0.67236328125
0.0216007232666016 -0.0148773193359375 -0.769287109375 0.23333740234375
0.0127677917480469 -0.029541015625 -0.139892578125 0.62701416015625
0.015869140625 -0.0487251281738281 0.255645751953125 0.403594970703125
-0.00645637512207031 -0.0287246704101562 0.360931396484375 -0.0069580078125
-0.00695133209228516 -0.0136909484863281 0.229202270507813 -0.259735107421875
-0.002227783203125 -0.0443916320800781 -0.2589111328125 0.22833251953125
0.0244483947753906 -0.0477333068847656 -0.299468994140625 -0.086273193359375
0.0229949951171875 -0.047027587890625 -0.0716552734375 -0.490570068359375
0.0287685394287109 -0.00951004028320313 0.470855712890625 -0.538726806640625
0.00835323333740234 0.0166921615600586 0.839599609375 0.18023681640625
-0.0170173645019531 -0.046966552734375 0.41302490234375 0.87493896484375
0.0261573791503906 -0.0598526000976563 -0.111328125 0.65802001953125
0.0445060729980469 -0.0679283142089844 0.0910568237304688 -0.0310440063476563
0.00327301025390625 -0.0666160583496094 0.039794921875 -0.763671875
-0.000286102294921872 -0.0423927307128906 -0.66796875 -0.71319580078125
0.01556396484375 -0.0135173797607422 -0.789306640625 0.19140625
0.0143833160400391 -0.0254001617431641 -0.17486572265625 0.62042236328125
0.0163764953613281 -0.0481719970703125 0.231201171875 0.417938232421875
-0.00286674499511719 -0.0308589935302734 0.350311279296875 0.0050048828125
9.63211059570302E-05 -0.0127935409545898 0.221527099609375 -0.25946044921875
-0.00574493408203126 -0.0474891662597656 -0.2158203125 0.249542236328125
0.0282974243164063 0.00943565368652344 -0.295440673828125 -0.0238952636718751
0.00532150268554688 0.0211029052734375 -0.16558837890625 -0.432098388671875
-0.0165824890136719 0.0304222106933594 0.3106689453125 -0.6046142578125
-0.0211238861083984 0.0324459075927734 0.8060302734375 -0.0421142578125
-0.00939083099365235 0.00435161590576172 0.59619140625 0.73968505859375
0.0264644622802734 0.0323162078857422 -0.00958251953125002 0.76336669921875
0.00878524780273438 0.0431175231933594 0.0168075561523438 0.116455078125
0.0272960662841797 0.0258502960205078 0.15130615234375 -0.64923095703125
0.0186023712158203 -0.0135993957519531 -0.49224853515625 -0.85546875
-0.0235691070556641 0.000703811645507808 -0.86016845703125 -0.0304565429687501
-0.0215797424316406 0.0265789031982422 -0.3465576171875 0.57501220703125
0.00494194030761719 0.0226593017578125 0.138458251953125 0.474151611328125
0.00463104248046875 0.0231838226318359 0.354217529296875 0.062286376953125
-0.00867080688476563 -0.0132112503051758 0.257247924804688 -0.226211547851563
-0.0101776123046875 -0.0458335876464844 -0.20947265625 0.244003295898438
0.0276317596435547 0.00425338745117188 -0.286773681640625 -0.0445556640625
0.00664234161376953 0.00980281829833985 -0.129058837890625 -0.449737548828125
-0.0113945007324219 0.0196533203125 0.364990234375 -0.5841064453125
-0.0142669677734375 0.0296669006347656 0.82147216796875 0.0306396484375
-0.00591373443603516 0.0152921676635742 0.5419921875 0.8013916015625
0.0179176330566406 0.0513496398925781 -0.0549316406249999 0.75457763671875
-0.00548553466796874 0.0569305419921875 0.0256500244140625 0.0881881713867188
0.018646240234375 0.0406723022460937 0.10882568359375 -0.67156982421875
0.0211982727050781 -0.00328445434570313 -0.55609130859375 -0.8017578125
-0.012939453125 0.00096702575683594 -0.843505859375 0.0485229492187498
-0.0128450393676758 0.0162887573242188 -0.2879638671875 0.59820556640625
0.0105905532836914 0.012415885925293 0.17901611328125 0.457794189453125
0.00252628326416016 0.0151329040527344 0.366851806640625 0.041595458984375
-0.0138282775878906 -0.0143470764160156 0.2606201171875 -0.232818603515625
-0.0158958435058594 -0.0477752685546875 -0.207443237304688 0.239608764648437
0.024566650390625 -0.00524330139160156 -0.275650024414063 -0.0624237060546876
0.00968456268310547 -0.00452232360839844 -0.09210205078125 -0.46295166015625
-0.00137042999267578 0.00889968872070313 0.420166015625 -0.559783935546875
-0.00543212890625 0.0291156768798828 0.82904052734375 0.10888671875
-0.00499343872070313 0.0227241516113281 0.47735595703125 0.8541259765625
0.00908660888671874 0.0609855651855469 -0.0965576171875 0.7340087890625
-0.0156669616699219 0.0590972900390625 0.0377845764160156 0.0531654357910156
0.0128746032714844 0.0451126098632812 0.0721435546875 -0.69244384765625
0.0230789184570312 0.00215721130371094 -0.61370849609375 -0.7471923828125
-0.000491499900817871 -0.00173735618591309 -0.8197021484375 0.12481689453125
-0.00434637069702148 0.0043785572052002 -0.22772216796875 0.61334228515625
0.0130319595336914 -0.00274181365966797 0.215484619140625 0.437744140625
-0.000689983367919922 0.00578451156616211 0.37451171875 0.0206298828125
-0.0177536010742188 -0.0150547027587891 0.26007080078125 -0.241073608398438
-0.0189743041992188 -0.0487251281738281 -0.210861206054687 0.2359619140625
0.0242557525634766 -0.0171585083007813 -0.2674560546875 -0.0782012939453125
0.0148143768310547 -0.0195846557617188 -0.062591552734375 -0.4742431640625
0.0108556747436523 -0.000714302062988281 0.461395263671875 -0.533111572265625
0.00329208374023438 0.0293121337890625 0.8287353515625 0.1729736328125
-0.00586700439453125 0.0225944519042969 0.4183349609375 0.89154052734375
0.00135421752929688 0.05780029296875 -0.1295166015625 0.71038818359375
-0.0189666748046875 0.0496940612792969 0.0514907836914063 0.0198135375976563
0.00696945190429688 0.0396499633789063 0.03839111328125 -0.7138671875
0.0228309631347656 0.00201606750488281 -0.65673828125 -0.700927734375
0.0090789794921875 -0.00624942779541016 -0.79156494140625 0.18414306640625
0.00376510620117188 -0.00915050506591797 -0.1802978515625 0.621826171875
0.01513671875 -0.0178794860839844 0.243072509765625 0.4176025390625
-0.00494575500488281 -0.00507926940917969 0.37725830078125 0.001068115234375
-0.0186004638671875 -0.0146732330322266 0.255462646484375 -0.248428344726563
-0.0192413330078125 -0.0484886169433594 -0.217422485351563 0.232467651367187
0.022857666015625 -0.0302009582519531 -0.266403198242188 -0.0883331298828125
0.0205936431884766 -0.0338516235351563 -0.046966552734375 -0.482452392578125
0.0225677490234375 -0.00667572021484375 0.48797607421875 -0.51678466796875
0.00964546203613281 0.0270214080810547 0.82537841796875 0.21405029296875
-0.00875091552734375 0.0154170989990234 0.38336181640625 0.9102783203125
0.0003509521484375 0.0412826538085938 -0.1444091796875 0.68719482421875
-0.0146427154541016 0.0306797027587891 0.06585693359375 -0.00645828247070312
0.0027313232421875 0.0245895385742188 0.0167236328125 -0.73101806640625
0.0209846496582031 -0.00300216674804688 -0.68206787109375 -0.6727294921875
0.0160341262817383 -0.0109062194824219 -0.77276611328125 0.21978759765625
0.00817680358886719 -0.0205059051513672 -0.1480712890625 0.6251220703125
0.0153751373291016 -0.0322303771972656 0.256988525390625 0.40509033203125
-0.00669097900390625 -0.0149335861206055 0.37384033203125 -0.009429931640625
-0.0171737670898438 -0.0153493881225586 0.24688720703125 -0.254440307617188
-0.0167388916015625 -0.0481491088867188 -0.22821044921875 0.229202270507813
0.0235443115234375 -0.0407333374023438 -0.2713623046875 -0.0927886962890625
0.02392578125 -0.0424842834472656 -0.0405883789062501 -0.4866943359375
0.0311355590820313 -0.0108661651611328 0.4981689453125 -0.512176513671875
0.0150661468505859 0.0248546600341797 0.82861328125 0.22900390625
-0.0103282928466797 0.000953674316406251 0.3707275390625 0.91168212890625
0.00372886657714844 0.0169210433959961 -0.14532470703125 0.668212890625
-0.00277614593505859 0.00494146347045898 0.0784072875976563 -0.0263290405273438
-0.000543117523193359 0.0023345947265625 0.00891113281250006 -0.74591064453125
0.0175952911376953 -0.0112171173095703 -0.691650390625 -0.662109375
0.0210742950439453 -0.0143222808837891 -0.76385498046875 0.23431396484375
0.0124683380126953 -0.027862548828125 -0.1361083984375 0.6236572265625
0.0156707763671875 -0.0430488586425781 0.259735107421875 0.399444580078125
-0.00731849670410156 -0.0233097076416016 0.366668701171875 -0.0130615234375
-0.0139169692993164 -0.0136737823486328 0.236312866210938 -0.257781982421875
-0.0110015869140625 -0.0472450256347656 -0.242080688476563 0.228790283203125
0.0247344970703125 -0.0465240478515625 -0.28118896484375 -0.093994140625
0.0252571105957031 -0.0477180480957031 -0.04620361328125 -0.4908447265625
0.0327911376953125 -0.0120983123779297 0.495819091796875 -0.515533447265625
0.0138092041015625 0.0209274291992188 0.83062744140625 0.22454833984375
-0.0125102996826172 -0.0223026275634766 0.37359619140625 0.9027099609375
0.0138092041015625 -0.0196437835693359 -0.13677978515625 0.65216064453125
0.0169734954833984 -0.0290737152099609 0.088531494140625 -0.0400314331054688
-0.00158119201660156 -0.0280036926269531 0.00921630859374992 -0.75616455078125
0.0103111267089844 -0.0246829986572266 -0.6943359375 -0.66241455078125
0.02093505859375 -0.0149459838867187 -0.76104736328125 0.23529052734375
0.0128154754638672 -0.0290794372558594 -0.13446044921875 0.622802734375
0.0155487060546875 -0.0485458374023438 0.258026123046875 0.397491455078125
-0.00582313537597656 -0.0281295776367187 0.356781005859375 -0.011260986328125
-0.00720310211181641 -0.0139684677124023 0.225570678710938 -0.259735107421875
-0.00457763671875 -0.0449295043945313 -0.255325317382813 0.229019165039062
0.0242919921875 -0.0491676330566406 -0.297119140625 -0.083831787109375
0.02197265625 -0.0466880798339844 -0.075592041015625 -0.48565673828125
0.0291957855224609 -0.0097503662109375 0.4654541015625 -0.53765869140625
0.00816822052001953 0.0158910751342773 0.8348388671875 0.17236328125
-0.0182876586914063 -0.0477104187011719 0.4178466796875 0.8665771484375
0.0244674682617188 -0.0599555969238281 -0.1070556640625 0.65374755859375
0.0431900024414063 -0.0672492980957031 0.09063720703125 -0.0304107666015625
0.00141525268554687 -0.0656890869140625 0.03631591796875 -0.75634765625
-0.000122070312500005 -0.0427017211914062 -0.66815185546875 -0.7039794921875
0.0155563354492188 -0.0136003494262695 -0.78240966796875 0.19573974609375
0.0140438079833984 -0.0246829986572266 -0.16925048828125 0.6177978515625
0.0154571533203125 -0.0492362976074219 0.233612060546875 0.4119873046875
-0.00260162353515625 -0.0316925048828125 0.346649169921875 0.001861572265625
-0.000580787658691406 -0.0124607086181641 0.218017578125 -0.259597778320313
-0.00701522827148437 -0.04736328125 -0.211349487304688 0.250350952148437
0.0272674560546875 0.0088043212890625 -0.292266845703125 -0.0224304199218751
0.00596809387207031 0.0207252502441406 -0.168182373046875 -0.427734375
-0.0168132781982422 0.0301933288574219 0.30487060546875 -0.6021728515625
-0.0210361480712891 0.0333633422851563 0.7994384765625 -0.0465087890625
-0.00947475433349609 0.00323581695556641 0.59912109375 0.72991943359375
0.0257472991943359 0.0321044921875 -0.00506591796874993 0.75701904296875
0.00847244262695312 0.0434188842773437 0.0174026489257812 0.115028381347656
0.0263881683349609 0.0256729125976563 0.1468505859375 -0.64422607421875
0.0187129974365234 -0.0137481689453125 -0.49432373046875 -0.8465576171875
-0.0226688385009766 0.000925064086914058 -0.85552978515625 -0.0257568359375001
-0.0217132568359375 0.0262546539306641 -0.34161376953125 0.57220458984375
0.00541114807128906 0.0228176116943359 0.14013671875 0.469451904296875
0.00491714477539063 0.0225105285644531 0.351837158203125 0.059722900390625
-0.00928497314453125 -0.0133485794067383 0.25421142578125 -0.22637939453125
-0.0120277404785156 -0.0463485717773438 -0.204666137695312 0.243759155273438
0.0280036926269531 0.00325202941894531 -0.2845458984375 -0.0423278808593749
0.00709152221679688 0.00943756103515625 -0.13037109375 -0.4451904296875
-0.0118885040283203 0.0200119018554688 0.35943603515625 -0.5816650390625
-0.0137767791748047 0.0292434692382812 0.8135986328125 0.02679443359375
-0.00600624084472656 0.0138034820556641 0.5408935546875 0.79205322265625
0.0182952880859375 0.0512733459472656 -0.04998779296875 0.7484130859375
-0.00612258911132812 0.05712890625 0.0258102416992187 0.0866317749023438
0.0193099975585938 0.0400886535644531 0.1063232421875 -0.6656494140625
0.0206222534179688 -0.00348472595214844 -0.55621337890625 -0.79437255859375
-0.012115478515625 0.00162792205810547 -0.837158203125 0.0540161132812498
-0.0120468139648438 0.0161314010620117 -0.28289794921875 0.593994140625
0.0103120803833008 0.0116825103759766 0.179534912109375 0.453094482421875
0.00207138061523437 0.0149154663085938 0.36505126953125 0.03912353515625
-0.0140905380249023 -0.0138111114501953 0.257369995117188 -0.233673095703125
-0.0176162719726562 -0.0477409362792969 -0.20458984375 0.23992919921875
0.0248355865478516 -0.0059967041015625 -0.272323608398438 -0.059722900390625
0.00940036773681641 -0.00492572784423828 -0.094329833984375 -0.460723876953125
-0.00218772888183594 0.00926494598388672 0.413421630859375 -0.55816650390625
-0.00555229187011719 0.0282135009765625 0.82122802734375 0.103759765625
-0.00445747375488281 0.0216884613037109 0.478759765625 0.8477783203125
0.00961685180664062 0.0603256225585937 -0.09088134765625 0.73004150390625
-0.0161895751953125 0.0592231750488281 0.0382652282714844 0.0525932312011719
0.012054443359375 0.0450553894042969 0.0666503906250001 -0.68707275390625
0.0224571228027344 0.00212287902832031 -0.61444091796875 -0.738525390625
-0.00140774250030518 -0.00126361846923828 -0.8116455078125 0.12921142578125
-0.00371742248535156 0.00416445732116699 -0.22308349609375 0.61083984375
0.0132083892822266 -0.00254917144775391 0.216796875 0.432281494140625
-0.00104618072509766 0.00639152526855469 0.371917724609375 0.01751708984375
-0.0172958374023438 -0.0150117874145508 0.256622314453125 -0.240509033203125
-0.0204963684082031 -0.0482521057128906 -0.206390380859375 0.236129760742188
0.0231971740722656 -0.0176734924316406 -0.265228271484375 -0.0742950439453125
0.0144443511962891 -0.0195579528808594 -0.0653076171875 -0.470123291015625
0.00984954833984375 0.000467300415039063 0.455810546875 -0.534393310546875
0.00275039672851562 0.0281047821044922 0.8236083984375 0.166015625
-0.00578117370605469 0.0216445922851563 0.421875 0.88360595703125
0.00217437744140625 0.0560646057128906 -0.1231689453125 0.70556640625
-0.0185012817382812 0.0500640869140625 0.0512771606445313 0.0193824768066406
0.00655746459960937 0.0394668579101563 0.0347900390625001 -0.7081298828125
0.0231227874755859 0.00159835815429688 -0.6513671875 -0.69244384765625
0.00771141052246094 -0.00582981109619141 -0.7861328125 0.1861572265625
0.00284481048583984 -0.00949382781982422 -0.17572021484375 0.61749267578125
0.0155296325683594 -0.0182666778564453 0.2427978515625 0.413360595703125
-0.00512409210205078 -0.00461006164550781 0.374420166015625 -0.000274658203125
-0.0192775726318359 -0.0144462585449219 0.251617431640625 -0.248565673828125
-0.0208930969238281 -0.0476608276367188 -0.214157104492188 0.232284545898437
0.0222988128662109 -0.0302829742431641 -0.264129638671875 -0.086334228515625
0.0206241607666016 -0.0335407257080078 -0.0479431152343749 -0.476654052734375
0.022186279296875 -0.00655937194824219 0.479736328125 -0.51605224609375
0.0103797912597656 0.0269050598144531 0.822021484375 0.2080078125
-0.00809478759765625 0.0136404037475586 0.38555908203125 0.9031982421875
0.000617980957031251 0.04156494140625 -0.13995361328125 0.6815185546875
-0.0146884918212891 0.0308246612548828 0.0653190612792969 -0.00810623168945312
0.0016632080078125 0.0245132446289062 0.01251220703125 -0.7255859375
0.0213756561279297 -0.00339508056640625 -0.68145751953125 -0.66302490234375
0.0161619186401367 -0.0121421813964844 -0.76641845703125 0.22271728515625
0.00747871398925781 -0.0206871032714844 -0.14288330078125 0.61968994140625
0.0158882141113281 -0.0325927734375 0.258209228515625 0.399505615234375
-0.00684452056884766 -0.0147075653076172 0.370452880859375 -0.01104736328125
-0.01837158203125 -0.0151100158691406 0.243072509765625 -0.254165649414062
-0.0180130004882812 -0.0480918884277344 -0.224334716796875 0.23046875
0.0225601196289063 -0.0407867431640625 -0.268936157226563 -0.0896911621093751
0.0243263244628906 -0.0440483093261719 -0.043609619140625 -0.48187255859375
0.0304203033447266 -0.0105228424072266 0.490631103515625 -0.5107421875
0.0146369934082031 0.0244617462158203 0.8231201171875 0.22296142578125
-0.0102720260620117 -0.000720977783203123 0.37261962890625 0.90423583984375
0.00429534912109375 0.0156850814819336 -0.14166259765625 0.662109375
-0.00285863876342773 0.00542640686035156 0.07745361328125 -0.0268936157226563
-0.00173068046569824 0.00271081924438477 0.00592041015624997 -0.7396240234375
0.0170841217041016 -0.011317253112793 -0.68756103515625 -0.6529541015625
0.0202808380126953 -0.0136737823486328 -0.7579345703125 0.23333740234375
0.0122337341308594 -0.0279521942138672 -0.13128662109375 0.61859130859375
0.0156669616699219 -0.0436935424804688 0.26031494140625 0.39385986328125
-0.00803756713867188 -0.0232810974121094 0.363555908203125 -0.014404296875
-0.013484001159668 -0.0142488479614258 0.233489990234375 -0.258193969726563
-0.0125389099121094 -0.0459136962890625 -0.238265991210938 0.228683471679687
0.0232467651367187 -0.0470657348632813 -0.278518676757813 -0.0915985107421875
0.0251235961914063 -0.0474777221679688 -0.0487060546875 -0.48614501953125
0.0324211120605469 -0.0116424560546875 0.488800048828125 -0.515716552734375
0.0134925842285156 0.0197162628173828 0.8262939453125 0.21856689453125
-0.0118293762207031 -0.02288818359375 0.37347412109375 0.893798828125
0.0126667022705078 -0.0187454223632813 -0.13079833984375 0.64813232421875
0.0165500640869141 -0.0281181335449219 0.0886383056640625 -0.0396194458007813
-0.00263595581054688 -0.0274429321289062 0.00537109374999996 -0.74920654296875
0.00932502746582031 -0.0238246917724609 -0.691650390625 -0.65411376953125
0.0201549530029297 -0.0155658721923828 -0.7557373046875 0.23907470703125
0.0127964019775391 -0.0295581817626953 -0.12896728515625 0.619873046875
0.0149459838867187 -0.0494880676269531 0.257720947265625 0.39361572265625
-0.00623321533203125 -0.0290985107421875 0.3546142578125 -0.01300048828125
-0.00725841522216797 -0.0133771896362305 0.221832275390625 -0.259536743164063
-0.00567626953124999 -0.0440559387207031 -0.250732421875 0.230804443359375
0.0236587524414062 -0.0493888854980469 -0.294830322265625 -0.081268310546875
0.0219459533691406 -0.0468597412109375 -0.0761413574218749 -0.482177734375
0.0276947021484375 -0.00943565368652344 0.4569091796875 -0.5372314453125
0.00782489776611328 0.0147857666015625 0.8299560546875 0.16754150390625
-0.017242431640625 -0.0488052368164063 0.41864013671875 0.85955810546875
0.0239105224609375 -0.0588760375976562 -0.1031494140625 0.64794921875
0.0428199768066406 -0.0657310485839844 0.0892868041992188 -0.0316848754882813
0.001251220703125 -0.0645866394042969 0.0319824218749999 -0.75140380859375
-3.0517578125E-05 -0.0417366027832031 -0.6676025390625 -0.69403076171875
0.0165109634399414 -0.0149574279785156 -0.77435302734375 0.19708251953125
0.0142898559570312 -0.0247898101806641 -0.16448974609375 0.61248779296875
0.0160942077636719 -0.04833984375 0.23382568359375 0.40838623046875
-0.00361251831054688 -0.0316314697265625 0.342926025390625 -0.000152587890625002
-0.000555038452148437 -0.0124902725219727 0.21453857421875 -0.257949829101563
-0.00894546508789063 -0.0469703674316406 -0.207717895507812 0.24993896484375
0.0268974304199219 0.00790596008300781 -0.288116455078125 -0.0213623046875
0.00699424743652344 0.0202274322509766 -0.167510986328125 -0.423797607421875
-0.0164222717285156 0.0305023193359375 0.29840087890625 -0.5997314453125
-0.0199623107910156 0.0315475463867188 0.79241943359375 -0.049560546875
-0.00768184661865234 0.00219917297363281 0.595458984375 0.72406005859375
0.0247116088867188 0.0310840606689453 -0.00274658203124993 0.75225830078125
0.007965087890625 0.0423812866210937 0.0180206298828125 0.114433288574219
0.0259246826171875 0.0256576538085937 0.14337158203125 -0.6390380859375
0.0192470550537109 -0.0142917633056641 -0.49462890625 -0.83984375
-0.0225696563720703 0.000375747680664059 -0.84906005859375 -0.0244750976562502
-0.0205612182617188 0.0257225036621094 -0.33660888671875 0.56829833984375
0.00549697875976563 0.0223331451416016 0.141448974609375 0.464599609375
0.00510025024414062 0.0216045379638672 0.34918212890625 0.056365966796875
-0.00937366485595703 -0.0129337310791016 0.251632690429688 -0.225662231445312
-0.0135726928710938 -0.0459976196289063 -0.201675415039062 0.243255615234375
0.0269641876220703 0.00221443176269531 -0.281707763671875 -0.04010009765625
0.00707435607910156 0.00922298431396484 -0.130950927734375 -0.4415283203125
-0.0112037658691406 0.0201816558837891 0.35345458984375 -0.58026123046875
-0.0133056640625 0.0290184020996094 0.80828857421875 0.02154541015625
-0.00515460968017578 0.0134792327880859 0.54095458984375 0.78662109375
0.0182456970214844 0.0508346557617188 -0.04840087890625 0.7430419921875
-0.006683349609375 0.0566520690917969 0.02606201171875 0.0857925415039063
0.0183563232421875 0.0396041870117188 0.10284423828125 -0.6607666015625
0.0203914642333984 -0.00348854064941406 -0.555908203125 -0.78521728515625
-0.0123424530029297 0.000902175903320311 -0.83282470703125 0.054931640625
-0.01165771484375 0.0161838531494141 -0.27880859375 0.59075927734375
0.0110540390014648 0.0109748840332031 0.179290771484375 0.448944091796875
0.00197315216064453 0.0152215957641602 0.36175537109375 0.03485107421875
-0.0147066116333008 -0.0140094757080078 0.254653930664063 -0.233062744140625
-0.0186729431152344 -0.0469474792480469 -0.200286865234375 0.240509033203125
0.0241622924804688 -0.00705528259277344 -0.270278930664062 -0.057952880859375
0.0102672576904297 -0.004608154296875 -0.09552001953125 -0.45587158203125
-0.00183296203613281 0.00934886932373047 0.406951904296875 -0.555419921875
-0.00533866882324219 0.0281429290771484 0.8177490234375 0.09814453125
-0.00363922119140625 0.0199623107910156 0.47906494140625 0.8388671875
0.00893402099609375 0.0596199035644531 -0.0887451171874999 0.72467041015625
-0.0160293579101562 0.059539794921875 0.0385856628417969 0.0521392822265625
0.011688232421875 0.0449447631835938 0.064208984375 -0.681640625
0.0223941802978516 0.00144386291503906 -0.614013671875 -0.731201171875
-0.00073552131652832 -0.00180041790008545 -0.8072509765625 0.13055419921875
-0.00285720825195312 0.00469255447387695 -0.21966552734375 0.60638427734375
0.013519287109375 -0.00358200073242187 0.21759033203125 0.42706298828125
-0.0013270378112793 0.00484085083007813 0.369903564453125 0.01422119140625
-0.0178184509277344 -0.0148582458496094 0.254608154296875 -0.240432739257813
-0.0225753784179688 -0.0473289489746094 -0.20355224609375 0.236221313476563
0.0226211547851563 -0.0185222625732422 -0.262496948242188 -0.0734558105468749
0.0142726898193359 -0.0196514129638672 -0.06646728515625 -0.466400146484375
0.0100374221801758 -0.000111579895019531 0.448028564453125 -0.530853271484375
0.00278472900390625 0.0271949768066406 0.81903076171875 0.1617431640625
-0.00464057922363281 0.0208644866943359 0.42462158203125 0.87701416015625
0.00186157226562501 0.0558891296386719 -0.1202392578125 0.70074462890625
-0.0191688537597656 0.0496482849121094 0.0518684387207031 0.0189399719238281
0.0059967041015625 0.0390777587890625 0.03033447265625 -0.70196533203125
0.0218696594238281 0.00122833251953125 -0.65338134765625 -0.68524169921875
0.0080418586730957 -0.00609970092773438 -0.7796630859375 0.18865966796875
0.00339317321777344 -0.00826835632324219 -0.1712646484375 0.6116943359375
0.0155696868896484 -0.0187053680419922 0.242767333984375 0.409515380859375
-0.00450229644775391 -0.00507926940917969 0.371124267578125 -0.002044677734375
-0.0188503265380859 -0.0145988464355469 0.248733520507813 -0.248382568359375
-0.0228042602539062 -0.0473594665527344 -0.210067749023438 0.232452392578125
0.0214996337890625 -0.0313148498535156 -0.2613525390625 -0.0836029052734375
0.0204830169677734 -0.0329647064208984 -0.05023193359375 -0.47344970703125
0.0220108032226563 -0.00690841674804688 0.474517822265625 -0.51605224609375
0.0100994110107422 0.0255851745605469 0.81781005859375 0.20172119140625
-0.00754451751708985 0.0129451751708984 0.38751220703125 0.895263671875
0.000106811523437499 0.0399856567382812 -0.1370849609375 0.67718505859375
-0.0145969390869141 0.0314826965332031 0.0646858215332031 -0.00782012939453125
0.00140571594238281 0.0249996185302734 0.00939941406249993 -0.72003173828125
0.0213413238525391 -0.00333595275878906 -0.67767333984375 -0.655517578125
0.0160055160522461 -0.0108451843261719 -0.75994873046875 0.22265625
0.00811767578125 -0.0197467803955078 -0.138671875 0.61712646484375
0.0155353546142578 -0.0329246520996094 0.258758544921875 0.395477294921875
-0.00744533538818359 -0.0154838562011719 0.367889404296875 -0.01361083984375
-0.0179405212402344 -0.0146274566650391 0.239883422851563 -0.253509521484375
-0.0199623107910156 -0.0468597412109375 -0.221359252929687 0.230712890625
0.0213661193847656 -0.0417861938476563 -0.26641845703125 -0.0880889892578125
0.0244255065917969 -0.0431098937988281 -0.044525146484375 -0.479400634765625
0.0294284820556641 -0.0111675262451172 0.483184814453125 -0.5106201171875
0.0146617889404297 0.0232124328613281 0.8165283203125 0.2166748046875
-0.00913715362548828 -0.000658035278320312 0.373046875 0.89776611328125
0.00411224365234375 0.0160942077636719 -0.1370849609375 0.658447265625
-0.00335168838500977 0.00589370727539063 0.07647705078125 -0.0259475708007812
-0.00283360481262207 0.00313949584960938 0.00341796875000006 -0.7337646484375
0.016545295715332 -0.0112905502319336 -0.68780517578125 -0.6461181640625
0.0208358764648438 -0.0145282745361328 -0.751220703125 0.23602294921875
0.0115165710449219 -0.0275363922119141 -0.12884521484375 0.61383056640625
0.014862060546875 -0.0440864562988281 0.260101318359375 0.390411376953125
-0.00779914855957031 -0.0233917236328125 0.36077880859375 -0.018310546875
-0.0136547088623047 -0.013432502746582 0.228912353515625 -0.25787353515625
-0.0146560668945312 -0.0456314086914062 -0.235382080078125 0.22900390625
0.0225372314453125 -0.0476646423339844 -0.276168823242188 -0.089752197265625
0.0244827270507813 -0.0477676391601562 -0.05108642578125 -0.48291015625
0.0318202972412109 -0.0112094879150391 0.48291015625 -0.513763427734375
0.0138969421386719 0.01885986328125 0.81927490234375 0.213623046875
-0.0123462677001953 -0.0235099792480469 0.375 0.88836669921875
0.0125999450683594 -0.0193004608154297 -0.1292724609375 0.642578125
0.0154705047607422 -0.0281887054443359 0.0877227783203125 -0.0401153564453125
-0.00202178955078125 -0.0271244049072266 0.00402832031249999 -0.74334716796875
0.00919914245605469 -0.0245742797851562 -0.69000244140625 -0.64764404296875
0.0207386016845703 -0.0148429870605469 -0.74957275390625 0.23822021484375
0.0134372711181641 -0.0290927886962891 -0.12799072265625 0.614501953125
0.0149765014648438 -0.0484695434570313 0.257354736328125 0.389556884765625
-0.00640296936035157 -0.0293388366699219 0.350067138671875 -0.015472412109375
-0.00732803344726562 -0.0131692886352539 0.218994140625 -0.259506225585938
-0.00685501098632812 -0.0435905456542969 -0.247116088867188 0.23052978515625
0.0225448608398438 -0.0497245788574219 -0.291839599609375 -0.0797729492187499
0.0217247009277344 -0.0467033386230469 -0.079376220703125 -0.478607177734375
0.0278968811035156 -0.0094451904296875 0.451751708984375 -0.53570556640625
0.00849533081054688 0.013789176940918 0.82379150390625 0.1624755859375
-0.0184440612792969 -0.0486640930175781 0.41796875 0.8519287109375
0.02362060546875 -0.0594100952148438 -0.0988769531249999 0.6439208984375
0.0421104431152344 -0.0661849975585938 0.0888671875 -0.0315933227539063
0.00056838989257813 -0.0640869140625 0.02960205078125 -0.74371337890625
-0.000495910644531253 -0.0417861938476562 -0.664306640625 -0.686767578125
0.0155429840087891 -0.0137224197387695 -0.76934814453125 0.19866943359375
0.0138187408447266 -0.0248584747314453 -0.16015625 0.6090087890625
0.0157318115234375 -0.0489387512207031 0.233612060546875 0.403839111328125
-0.00354766845703125 -0.0313453674316406 0.33953857421875 -0.00213623046875
-0.000879287719726563 -0.012730598449707 0.211883544921875 -0.258453369140625
-0.0107994079589844 -0.0462112426757813 -0.204925537109375 0.248245239257813
0.0262622833251953 0.00717735290527344 -0.2855224609375 -0.02001953125
0.00659751892089844 0.0200214385986328 -0.16778564453125 -0.41973876953125
-0.0162544250488281 0.0306396484375 0.29425048828125 -0.59716796875
-0.0205307006835938 0.0299415588378906 0.787353515625 -0.05078125
-0.0078282356262207 0.00182104110717773 0.59381103515625 0.7205810546875
0.0251979827880859 0.031158447265625 -0.00238037109375005 0.74700927734375
0.00859832763671875 0.0433769226074219 0.0174560546875 0.113204956054688
0.0249652862548828 0.0253448486328125 0.14178466796875 -0.63525390625
0.0181331634521484 -0.0147266387939453 -0.49127197265625 -0.83367919921875
-0.0224761962890625 0.001068115234375 -0.844482421875 -0.0235595703125001
-0.0205440521240234 0.0259838104248047 -0.33209228515625 0.5654296875
0.00629615783691406 0.0213165283203125 0.14019775390625 0.4609375
0.00526809692382812 0.0209331512451172 0.345611572265625 0.05450439453125
-0.00978755950927735 -0.0128297805786133 0.2484130859375 -0.225494384765625
-0.01483154296875 -0.0450401306152344 -0.198379516601562 0.242767333984375
0.0262222290039062 0.00084686279296875 -0.278732299804688 -0.0385437011718751
0.00738239288330078 0.00926589965820313 -0.131500244140625 -0.436492919921875
-0.0119247436523437 0.0203495025634766 0.3494873046875 -0.57769775390625
-0.0134696960449219 0.0275421142578125 0.80364990234375 0.0211181640625
-0.00359439849853516 0.0126504898071289 0.538818359375 0.7811279296875
0.0174064636230469 0.0503997802734375 -0.0461425781249999 0.737060546875
-0.00607299804687501 0.0562896728515625 0.0259933471679688 0.0854721069335938
0.0179557800292969 0.0403785705566406 0.10198974609375 -0.6561279296875
0.02020263671875 -0.00371742248535156 -0.55224609375 -0.78094482421875
-0.0127792358398438 0.00116634368896484 -0.82659912109375 0.0563354492187499
-0.0123329162597656 0.0166025161743164 -0.27508544921875 0.5870361328125
0.0102672576904297 0.0108118057250977 0.180419921875 0.444915771484375
0.00215244293212891 0.0141916275024414 0.357421875 0.0338134765625
-0.0146064758300781 -0.0141010284423828 0.252593994140625 -0.23223876953125
-0.0209236145019531 -0.0460472106933594 -0.197647094726562 0.239242553710938
0.0234661102294922 -0.00759315490722656 -0.26727294921875 -0.0573577880859375
0.00997257232666015 -0.00492382049560547 -0.0960693359375 -0.451995849609375
-0.00203227996826172 0.00937747955322266 0.402374267578125 -0.553466796875
-0.00547218322753906 0.025909423828125 0.8111572265625 0.09649658203125
-0.00352287292480469 0.0195350646972656 0.475830078125 0.83428955078125
0.00778961181640624 0.0593948364257812 -0.08612060546875 0.71807861328125
-0.0164146423339844 0.0597152709960938 0.0369110107421875 0.0517654418945313
0.0114974975585937 0.0449028015136719 0.06268310546875 -0.67694091796875
0.0217857360839844 0.000890731811523438 -0.60986328125 -0.72576904296875
-0.00122129917144775 -0.00152134895324707 -0.80120849609375 0.128662109375
-0.00353670120239258 0.00404739379882812 -0.21759033203125 0.602294921875
0.0138063430786133 -0.00359439849853516 0.214691162109375 0.42388916015625
-0.00125026702880859 0.00408267974853516 0.365234375 0.013458251953125
-0.0185680389404297 -0.0143623352050781 0.251724243164063 -0.239852905273437
-0.0239791870117187 -0.0466690063476563 -0.201080322265625 0.235580444335938
0.0218353271484375 -0.0192794799804688 -0.259567260742188 -0.0717315673828125
0.015289306640625 -0.0194263458251953 -0.0662841796875 -0.463226318359375
0.00934600830078125 0.000616073608398438 0.442291259765625 -0.52960205078125
0.00295257568359375 0.0256099700927734 0.81280517578125 0.15997314453125
-0.00494575500488281 0.02001953125 0.4215087890625 0.8699951171875
0.00242233276367187 0.0555801391601563 -0.11846923828125 0.6949462890625
-0.0193710327148438 0.0497856140136719 0.0517349243164063 0.0193901062011719
0.00596237182617187 0.0394706726074219 0.0304565429687501 -0.6962890625
0.0228691101074219 0.00189208984375 -0.648193359375 -0.6798095703125
0.00829553604125977 -0.00637388229370117 -0.775390625 0.1878662109375
0.00361156463623047 -0.00880622863769531 -0.16778564453125 0.60870361328125
0.0149936676025391 -0.0195026397705078 0.2413330078125 0.40484619140625
-0.00583124160766602 -0.00499820709228515 0.36749267578125 -0.00384521484375
-0.0192604064941406 -0.0144271850585938 0.246429443359375 -0.246917724609375
-0.0237846374511719 -0.0472221374511719 -0.207550048828125 0.2322998046875
0.0213088989257813 -0.0308952331542969 -0.258407592773438 -0.0822296142578125
0.0201911926269531 -0.0335674285888672 -0.05010986328125 -0.469879150390625
0.0213432312011719 -0.00660324096679687 0.4697265625 -0.514251708984375
0.00980377197265625 0.0250225067138672 0.81146240234375 0.19940185546875
-0.00672531127929687 0.0126314163208008 0.38720703125 0.88958740234375
0.000183105468749998 0.0397987365722656 -0.13555908203125 0.6732177734375
-0.0146141052246094 0.0321559906005859 0.0649147033691406 -0.0075225830078125
0.00151824951171875 0.024566650390625 0.00946044921874998 -0.715087890625
0.0205192565917969 -0.00331306457519531 -0.6741943359375 -0.65240478515625
0.0155305862426758 -0.0113849639892578 -0.75677490234375 0.2222900390625
0.00733375549316406 -0.0198783874511719 -0.1370849609375 0.60986328125
0.0142440795898438 -0.0323772430419922 0.256988525390625 0.391448974609375
-0.00704097747802734 -0.0155954360961914 0.3643798828125 -0.016021728515625
-0.0174598693847656 -0.0141229629516602 0.23760986328125 -0.25341796875
-0.0212669372558594 -0.046356201171875 -0.217803955078125 0.229202270507813
0.0202980041503906 -0.0417366027832031 -0.26385498046875 -0.0877838134765625
0.0233802795410156 -0.0436553955078125 -0.046173095703125 -0.47528076171875
0.0298748016357422 -0.00973701477050781 0.47882080078125 -0.5079345703125
0.0142383575439453 0.0222415924072266 0.81268310546875 0.212158203125
-0.00902366638183594 -0.00192642211914063 0.371826171875 0.88983154296875
0.00345230102539063 0.0155582427978516 -0.13458251953125 0.65277099609375
-0.00396299362182617 0.00554752349853516 0.07672119140625 -0.02691650390625
-0.00138139724731445 0.00382137298583984 0.00311279296874997 -0.7286376953125
0.0164365768432617 -0.0119390487670898 -0.68243408203125 -0.63970947265625
0.0199146270751953 -0.0152053833007813 -0.746826171875 0.235595703125
0.0112018585205078 -0.0268650054931641 -0.12554931640625 0.61053466796875
0.0147590637207031 -0.0438117980957031 0.259368896484375 0.3851318359375
-0.00751876831054687 -0.0241508483886719 0.3568115234375 -0.01953125
-0.0141725540161133 -0.0139217376708984 0.22796630859375 -0.256759643554688
-0.0159492492675781 -0.0445899963378906 -0.231597900390625 0.228134155273438
0.0216827392578125 -0.0482597351074219 -0.273330688476563 -0.088226318359375
0.0252838134765625 -0.0474929809570313 -0.051422119140625 -0.479217529296875
0.0316429138183594 -0.0109081268310547 0.477386474609375 -0.51226806640625
0.0135173797607422 0.0183734893798828 0.813232421875 0.211669921875
-0.01251220703125 -0.0247116088867188 0.37408447265625 0.88201904296875
0.0125789642333984 -0.0189228057861328 -0.12750244140625 0.638427734375
0.0152492523193359 -0.0270881652832031 0.087188720703125 -0.0396270751953125
-0.00291061401367187 -0.0268039703369141 0.00268554687500004 -0.7379150390625
0.00847244262695313 -0.0247917175292969 -0.68560791015625 -0.64056396484375
0.0200920104980469 -0.0156497955322266 -0.7464599609375 0.23736572265625
0.0124797821044922 -0.028472900390625 -0.123779296875 0.610107421875
0.014434814453125 -0.0492973327636719 0.2572021484375 0.3861083984375
-0.00673675537109375 -0.02886962890625 0.3480224609375 -0.017547607421875
-0.00821685791015625 -0.0129156112670898 0.216400146484375 -0.257888793945313
-0.008544921875 -0.042572021484375 -0.244186401367187 0.229660034179688
0.0221481323242188 -0.0503807067871094 -0.28887939453125 -0.079193115234375
0.0213623046875 -0.0467605590820312 -0.079254150390625 -0.4747314453125
0.0272598266601563 -0.00925827026367188 0.4461669921875 -0.533050537109375
0.00817203521728516 0.013218879699707 0.81829833984375 0.159423828125
-0.0174140930175781 -0.0484886169433594 0.41680908203125 0.845458984375
0.0228118896484375 -0.0584869384765625 -0.09698486328125 0.6395263671875
0.0409622192382813 -0.0644683837890625 0.0881881713867188 -0.0310592651367188
0.000373840332031245 -0.0633010864257812 0.0284423828125001 -0.73895263671875
-0.000705718994140626 -0.0421218872070313 -0.66033935546875 -0.682861328125
0.0155496597290039 -0.0140981674194336 -0.76397705078125 0.19970703125
0.0138072967529297 -0.0250358581542969 -0.15826416015625 0.60467529296875
0.0154457092285156 -0.0493659973144531 0.23345947265625 0.399505615234375
-0.00377655029296875 -0.0321598052978516 0.33721923828125 -0.003997802734375
-0.00139331817626953 -0.0121545791625977 0.209121704101563 -0.257171630859375
-0.0125198364257812 -0.0464401245117188 -0.202301025390625 0.248367309570313
0.0259494781494141 0.00572395324707031 -0.28387451171875 -0.0195312500000001
0.00700950622558594 0.0194206237792969 -0.167388916015625 -0.417816162109375
-0.0168132781982422 0.0309982299804688 0.2926025390625 -0.5946044921875
-0.0197715759277344 0.0304298400878906 0.7840576171875 -0.0526123046875
-0.00709390640258789 0.000432491302490235 0.59234619140625 0.7164306640625
0.0249423980712891 0.0308094024658203 -0.000183105468750051 0.74273681640625
0.00767898559570312 0.0435867309570313 0.01708984375 0.113456726074219
0.0244178771972656 0.0259323120117187 0.14068603515625 -0.62982177734375
0.0183067321777344 -0.01458740234375 -0.48956298828125 -0.82861328125
-0.0228233337402344 0.000753402709960939 -0.8388671875 -0.0227661132812501
-0.0204086303710937 0.0262298583984375 -0.331787109375 0.5634765625
0.00531578063964844 0.0208263397216797 0.14019775390625 0.458953857421875
0.00449752807617188 0.0210342407226563 0.342926025390625 0.053009033203125
-0.01007080078125 -0.0131616592407227 0.247390747070312 -0.22515869140625
-0.0168266296386719 -0.0449676513671875 -0.19696044921875 0.241943359375
0.0254344940185547 -1.52587890625E-05 -0.2763671875 -0.037445068359375
0.0075831413269043 0.00815820693969726 -0.13079833984375 -0.43475341796875
-0.0118789672851562 0.0203056335449219 0.34552001953125 -0.575439453125
-0.0136356353759766 0.0268306732177734 0.79852294921875 0.0196533203125
-0.00310897827148437 0.0113840103149414 0.53692626953125 0.77740478515625
0.01690673828125 0.0495567321777344 -0.0434570312499999 0.732666015625
-0.00714874267578124 0.0559844970703125 0.0257644653320312 0.084808349609375
0.01763916015625 0.0396347045898437 0.10125732421875 -0.65093994140625
0.0204963684082031 -0.00363540649414063 -0.54998779296875 -0.77435302734375
-0.0112142562866211 0.00106430053710937 -0.82244873046875 0.055419921875
-0.0111589431762695 0.01605224609375 -0.27398681640625 0.58526611328125
0.00968456268310547 0.0102348327636719 0.1795654296875 0.443115234375
0.00154685974121094 0.0139141082763672 0.355865478515625 0.032073974609375
-0.0149259567260742 -0.0134048461914063 0.2501220703125 -0.231491088867188
-0.0220794677734375 -0.0456161499023438 -0.1954345703125 0.239364624023437
0.0233345031738281 -0.00822067260742188 -0.264114379882813 -0.055267333984375
0.0108489990234375 -0.004852294921875 -0.096466064453125 -0.451385498046875
-0.00208759307861328 0.00984954833984375 0.398773193359375 -0.5509033203125
-0.00545883178710937 0.0255832672119141 0.8074951171875 0.0938720703125
-0.00242233276367188 0.0187301635742188 0.47625732421875 0.8299560546875
0.00780868530273438 0.0596733093261719 -0.0850219726562501 0.7144775390625
-0.017242431640625 0.0587806701660156 0.037384033203125 0.050384521484375
0.011566162109375 0.0442314147949219 0.0620117187499999 -0.67218017578125
0.0210456848144531 0.000783920288085938 -0.60693359375 -0.72039794921875
-0.00113701820373535 -0.00123250484466553 -0.79803466796875 0.13055419921875
-0.00321555137634277 0.00350809097290039 -0.21533203125 0.59844970703125
0.0133047103881836 -0.00433635711669922 0.2156982421875 0.421478271484375
-0.00169968605041504 0.00414681434631348 0.3626708984375 0.012054443359375
-0.0181522369384766 -0.0149631500244141 0.25 -0.238998413085938
-0.025787353515625 -0.0459976196289062 -0.198822021484375 0.234573364257813
0.0218524932861328 -0.0200462341308594 -0.25634765625 -0.070556640625
0.0148677825927734 -0.0196266174316406 -0.0679931640625 -0.46044921875
0.00985527038574219 0.00160503387451172 0.438140869140625 -0.527313232421875
0.00322532653808594 0.0255489349365234 0.80853271484375 0.15673828125
-0.00343894958496094 0.0187797546386719 0.42254638671875 0.866455078125
0.000972747802734379 0.0557327270507812 -0.11773681640625 0.69140625
-0.0200080871582031 0.0505332946777344 0.0506248474121094 0.01922607421875
0.0055084228515625 0.0399398803710937 0.03033447265625 -0.6923828125
0.0223217010498047 0.00119400024414062 -0.646240234375 -0.67596435546875
0.00813865661621094 -0.00588035583496094 -0.7713623046875 0.1865234375
0.00377941131591797 -0.00913333892822266 -0.16790771484375 0.6044921875
0.0150051116943359 -0.0202541351318359 0.2403564453125 0.403594970703125
-0.00552034378051758 -0.00603151321411133 0.363861083984375 -0.0047607421875
-0.0193729400634766 -0.0137348175048828 0.243545532226563 -0.246139526367188
-0.0257606506347656 -0.0457000732421875 -0.204788208007813 0.2313232421875
0.020263671875 -0.0317344665527344 -0.255783081054688 -0.0812835693359375
0.0204563140869141 -0.0345706939697266 -0.05078125 -0.46795654296875
0.0214481353759766 -0.00604629516601563 0.465118408203125 -0.512054443359375
0.0100440979003906 0.0241832733154297 0.8072509765625 0.1959228515625
-0.00647449493408203 0.0119123458862305 0.3857421875 0.88525390625
-0.0003509521484375 0.0397300720214844 -0.13226318359375 0.66790771484375
-0.0152301788330078 0.0319881439208984 0.06427001953125 -0.00776290893554687
0.00168609619140625 0.0246715545654297 0.00909423828124999 -0.70953369140625
0.0199317932128906 -0.00311660766601563 -0.67193603515625 -0.6478271484375
0.0152578353881836 -0.0109500885009766 -0.7510986328125 0.22265625
0.00863838195800781 -0.0199947357177734 -0.13592529296875 0.60943603515625
0.0154552459716797 -0.033782958984375 0.257354736328125 0.38934326171875
-0.00782394409179687 -0.0157699584960938 0.3616943359375 -0.016754150390625
-0.0178852081298828 -0.0137367248535156 0.235076904296875 -0.25262451171875
-0.0229682922363281 -0.0451431274414063 -0.21527099609375 0.228973388671875
0.019927978515625 -0.0417976379394531 -0.2618408203125 -0.0867462158203125
0.0234756469726562 -0.0438919067382813 -0.046478271484375 -0.47235107421875
0.0292854309082031 -0.0104751586914063 0.472808837890625 -0.506683349609375
0.0143375396728516 0.0218410491943359 0.80859375 0.21087646484375
-0.00908851623535156 -0.00190067291259766 0.37109375 0.88623046875
0.00312232971191406 0.0158367156982422 -0.133544921875 0.649169921875
-0.00377702713012695 0.00622701644897461 0.0759735107421875 -0.0256271362304688
-0.00275015830993652 0.00408339500427246 0.00378417968750005 -0.7225341796875
0.0160379409790039 -0.0119895935058594 -0.67962646484375 -0.63592529296875
0.0204315185546875 -0.0145969390869141 -0.74169921875 0.23504638671875
0.0116214752197266 -0.0272789001464844 -0.12359619140625 0.60626220703125
0.0145606994628906 -0.0442314147949219 0.259185791015625 0.38421630859375
-0.00822067260742188 -0.0236530303955078 0.354217529296875 -0.02099609375
-0.0133323669433594 -0.0133838653564453 0.224868774414062 -0.257080078125
-0.0176925659179687 -0.0445632934570313 -0.22930908203125 0.228378295898437
0.0209541320800781 -0.0491485595703125 -0.271087646484375 -0.0874633789062501
0.0244789123535156 -0.04736328125 -0.051971435546875 -0.4769287109375
0.0312728881835938 -0.0110950469970703 0.47235107421875 -0.510528564453125
0.0130300521850586 0.017054557800293 0.81036376953125 0.208251953125
-0.0125598907470703 -0.0243797302246094 0.373291015625 0.8768310546875
0.0127525329589844 -0.0181827545166016 -0.1243896484375 0.63372802734375
0.0147304534912109 -0.0264644622802734 0.0868988037109375 -0.040283203125
-0.0034027099609375 -0.0265865325927734 0.00231933593750005 -0.73297119140625
0.007965087890625 -0.0248947143554688 -0.682373046875 -0.6383056640625
0.0195026397705078 -0.0158176422119141 -0.7408447265625 0.23779296875
0.0131397247314453 -0.0285396575927734 -0.123291015625 0.60595703125
0.014678955078125 -0.0498886108398437 0.2550048828125 0.38433837890625
-0.00690460205078125 -0.029022216796875 0.343994140625 -0.0185546875
-0.00778484344482422 -0.0130691528320313 0.214111328125 -0.257354736328125
-0.0101470947265625 -0.0412635803222656 -0.241912841796875 0.23046875
0.0214157104492188 -0.0510368347167969 -0.2867431640625 -0.0771484375
0.0211029052734375 -0.0470085144042969 -0.07965087890625 -0.472076416015625
0.0275192260742188 -0.00849342346191406 0.4422607421875 -0.53057861328125
0.00765323638916016 0.0118417739868164 0.8143310546875 0.15948486328125
-0.0176200866699219 -0.0497550964355469 0.4154052734375 0.8409423828125
0.0231170654296875 -0.0581779479980469 -0.09619140625 0.63427734375
0.0402603149414063 -0.0637588500976563 0.08740234375 -0.0315780639648438
0.000240325927734369 -0.0626411437988281 0.0297851562500001 -0.73382568359375
-0.000469207763671871 -0.0421180725097656 -0.65777587890625 -0.6768798828125
0.0153007507324219 -0.0150241851806641 -0.761474609375 0.19720458984375
0.0141487121582031 -0.0244998931884766 -0.15728759765625 0.60150146484375
0.0151519775390625 -0.0487327575683594 0.233306884765625 0.39703369140625
-0.00394248962402344 -0.0309505462646484 0.334381103515625 -0.00537109375
-0.00140476226806641 -0.0115079879760742 0.20703125 -0.25592041015625
-0.014007568359375 -0.0458831787109375 -0.200408935546875 0.248825073242188
0.0254611968994141 0.00595283508300781 -0.281768798828125 -0.019927978515625
0.00625801086425781 0.0193214416503906 -0.166534423828125 -0.415618896484375
-0.0170936584472656 0.0313892364501953 0.288818359375 -0.59332275390625
-0.0198421478271484 0.0292892456054688 0.78045654296875 -0.0526123046875
-0.00664901733398438 -0.000913143157958985 0.58892822265625 0.71502685546875
0.0240650177001953 0.0305461883544922 -0.00164794921874994 0.7398681640625
0.00772857666015625 0.0429878234863281 0.0180130004882813 0.112503051757812
0.0238685607910156 0.0254116058349609 0.14111328125 -0.6259765625
0.01806640625 -0.0142364501953125 -0.48724365234375 -0.82647705078125
-0.0217533111572266 0.00118827819824219 -0.8369140625 -0.0224609374999999
-0.0204868316650391 0.0261096954345703 -0.330841064453125 0.55963134765625
0.00501060485839844 0.0208759307861328 0.14093017578125 0.456573486328125
0.0044708251953125 0.0207252502441406 0.341278076171875 0.051971435546875
-0.00951862335205078 -0.0128259658813477 0.247100830078125 -0.224563598632813
-0.0180091857910156 -0.0451698303222656 -0.1947021484375 0.241119384765625
0.0247478485107422 -0.00115966796875 -0.2740478515625 -0.0378265380859375
0.007354736328125 0.00882434844970703 -0.131927490234375 -0.43328857421875
-0.0116786956787109 0.020538330078125 0.34381103515625 -0.57452392578125
-0.0134315490722656 0.026214599609375 0.79510498046875 0.02032470703125
-0.00300312042236328 0.0103683471679688 0.53564453125 0.7742919921875
0.0168800354003906 0.0499458312988281 -0.0426025390624999 0.7301025390625
-0.00824737548828125 0.0571479797363281 0.026519775390625 0.0847244262695313
0.0164642333984375 0.0400123596191406 0.10247802734375 -0.64727783203125
0.0194664001464844 -0.00390052795410156 -0.54681396484375 -0.77337646484375
-0.0118579864501953 0.00115394592285156 -0.8192138671875 0.0543212890624999
-0.0107669830322266 0.0163841247558594 -0.27130126953125 0.5831298828125
0.00992107391357422 0.0102357864379883 0.179351806640625 0.440826416015625
0.002227783203125 0.0135135650634766 0.351898193359375 0.031494140625
-0.0155344009399414 -0.013056755065918 0.249252319335938 -0.231887817382813
-0.0237922668457031 -0.0460128784179688 -0.193313598632813 0.239288330078125
0.0226459503173828 -0.00978851318359375 -0.261703491210938 -0.05517578125
0.0102005004882813 -0.00472736358642578 -0.095977783203125 -0.447998046875
-0.00339698791503906 0.0104379653930664 0.3961181640625 -0.549468994140625
-0.00470352172851562 0.0251636505126953 0.8048095703125 0.09405517578125
-0.0019378662109375 0.0174551010131836 0.47442626953125 0.8284912109375
0.00835418701171875 0.058441162109375 -0.0848999023437501 0.71142578125
-0.0167045593261719 0.0591316223144531 0.0373191833496094 0.0506858825683594
0.0109214782714844 0.0445671081542969 0.064453125 -0.6678466796875
0.0212669372558594 0.0015106201171875 -0.60369873046875 -0.71759033203125
-0.0015178918838501 -0.0017094612121582 -0.7952880859375 0.1265869140625
-0.00261330604553223 0.00418710708618164 -0.21337890625 0.59661865234375
0.0129489898681641 -0.00461483001708984 0.213623046875 0.4200439453125
-0.0014801025390625 0.00450372695922852 0.360687255859375 0.010009765625
-0.0189571380615234 -0.0142250061035156 0.248748779296875 -0.239044189453125
-0.0268630981445313 -0.0453262329101563 -0.196426391601563 0.234161376953125
0.0217075347900391 -0.0208148956298828 -0.254608154296875 -0.0698699951171875
0.0152168273925781 -0.0202789306640625 -0.068695068359375 -0.459136962890625
0.00894260406494141 0.00166130065917969 0.435272216796875 -0.52587890625
0.00347328186035156 0.0242671966552734 0.807861328125 0.1556396484375
-0.00392341613769531 0.0181331634521484 0.42181396484375 0.86590576171875
0.000640869140625006 0.0551719665527344 -0.11505126953125 0.68756103515625
-0.0195503234863281 0.0504684448242188 0.0506248474121094 0.0194091796875
0.0045166015625 0.0389671325683594 0.03021240234375 -0.6885986328125
0.0215873718261719 0.00145721435546875 -0.64398193359375 -0.67333984375
0.00849771499633789 -0.00641822814941406 -0.768798828125 0.1851806640625
0.00341320037841797 -0.00914382934570313 -0.16632080078125 0.60205078125
0.0147819519042969 -0.0206222534179688 0.240234375 0.40142822265625
-0.00569820404052735 -0.00632572174072266 0.36224365234375 -0.0050048828125
-0.019805908203125 -0.0138950347900391 0.24310302734375 -0.245925903320313
-0.0273284912109375 -0.0452728271484375 -0.203628540039063 0.231552124023437
0.0200405120849609 -0.0328617095947266 -0.253952026367188 -0.0811462402343751
0.0201492309570313 -0.0332889556884766 -0.051483154296875 -0.4654541015625
0.0208911895751953 -0.00571632385253906 0.46185302734375 -0.510528564453125
0.00910186767578125 0.0234813690185547 0.804443359375 0.19647216796875
-0.00578022003173828 0.0104522705078125 0.38287353515625 0.883056640625
-0.00061798095703125 0.0402412414550781 -0.1328125 0.665283203125
-0.0156898498535156 0.0325775146484375 0.0644035339355469 -0.00770187377929687
0.000612258911132811 0.0252971649169922 0.00921630859375005 -0.706787109375
0.0201587677001953 -0.00382423400878906 -0.6688232421875 -0.64556884765625
0.0156936645507813 -0.0106191635131836 -0.7491455078125 0.2197265625
0.00774002075195313 -0.0200462341308594 -0.13446044921875 0.60394287109375
0.0149345397949219 -0.0338401794433594 0.255218505859375 0.388519287109375
-0.00781631469726563 -0.0163145065307617 0.360076904296875 -0.016754150390625
-0.0184860229492188 -0.0136680603027344 0.23443603515625 -0.251937866210938
-0.0247039794921875 -0.0441322326660156 -0.2142333984375 0.228683471679687
0.0193939208984375 -0.0429115295410156 -0.260223388671875 -0.0858612060546875
0.0233993530273438 -0.0439262390136719 -0.0462036132812501 -0.47088623046875
0.0285472869873047 -0.00951004028320313 0.470947265625 -0.5040283203125
0.0137310028076172 0.0207939147949219 0.80560302734375 0.210205078125
-0.00891780853271484 -0.0036458969116211 0.37054443359375 0.88262939453125
0.00236892700195312 0.0155572891235352 -0.13385009765625 0.6473388671875
-0.00489091873168945 0.00778579711914063 0.0758514404296875 -0.0263214111328125
-0.00273752212524414 0.0039064884185791 0.00457763671875006 -0.71923828125
0.0165214538574219 -0.0111703872680664 -0.67608642578125 -0.63519287109375
0.0197906494140625 -0.0141754150390625 -0.73895263671875 0.23248291015625
0.0113124847412109 -0.0275688171386719 -0.1241455078125 0.6043701171875
0.0140266418457031 -0.0447425842285156 0.25787353515625 0.3814697265625
-0.00804519653320313 -0.0239601135253906 0.351593017578125 -0.021331787109375
-0.0136909484863281 -0.0130805969238281 0.2237548828125 -0.254913330078125
-0.0188522338867187 -0.0427627563476563 -0.227462768554687 0.227630615234375
0.0200424194335937 -0.0487709045410156 -0.269134521484375 -0.087310791015625
0.0238265991210937 -0.0482673645019531 -0.05267333984375 -0.474945068359375
0.0314559936523438 -0.0101299285888672 0.46929931640625 -0.507568359375
0.0132942199707031 0.0164251327514648 0.80572509765625 0.20855712890625
-0.0120162963867188 -0.0258140563964844 0.37213134765625 0.87420654296875
0.0123233795166016 -0.0184497833251953 -0.1263427734375 0.63153076171875
0.0145053863525391 -0.0261669158935547 0.0863571166992187 -0.039764404296875
-0.00342750549316406 -0.0253257751464844 0.00378417968749996 -0.72821044921875
0.00864219665527344 -0.0238323211669922 -0.6793212890625 -0.63604736328125
0.0197734832763672 -0.0152225494384766 -0.7381591796875 0.23651123046875
0.0131626129150391 -0.0288867950439453 -0.12188720703125 0.60345458984375
0.014068603515625 -0.0495033264160156 0.255584716796875 0.38189697265625
-0.00675201416015625 -0.0299015045166016 0.34326171875 -0.0186767578125
-0.00864219665527344 -0.0134620666503906 0.213150024414063 -0.257110595703125
-0.01104736328125 -0.041168212890625 -0.239364624023438 0.229293823242187
0.0208892822265625 -0.0508689880371094 -0.284149169921875 -0.077545166015625
0.02044677734375 -0.0464401245117187 -0.079254150390625 -0.469482421875
0.0280113220214844 -0.00817298889160156 0.4395751953125 -0.527435302734375
0.007843017578125 0.0117616653442383 0.81072998046875 0.15802001953125
-0.0176887512207031 -0.0497550964355469 0.41412353515625 0.83782958984375
0.0227203369140625 -0.0580863952636719 -0.0957641601562501 0.63189697265625
0.0397758483886719 -0.0631141662597656 0.0875015258789063 -0.0314254760742188
-0.000370025634765628 -0.0620994567871094 0.0289306640624999 -0.72894287109375
-0.0015869140625 -0.0417213439941406 -0.653076171875 -0.67529296875
0.0150728225708008 -0.0139980316162109 -0.75714111328125 0.19757080078125
0.0141448974609375 -0.0243110656738281 -0.1566162109375 0.5987548828125
0.0144996643066406 -0.04937744140625 0.232147216796875 0.394439697265625
-0.00323295593261718 -0.0311546325683594 0.333221435546875 -0.006072998046875
-0.000941276550292968 -0.0119009017944336 0.205657958984375 -0.255203247070313
-0.0154037475585937 -0.0453224182128906 -0.199386596679688 0.248367309570313
0.0247936248779297 0.00498199462890625 -0.279525756835938 -0.0206756591796875
0.006683349609375 0.0192699432373047 -0.166473388671875 -0.414337158203125
-0.0168838500976563 0.0317039489746094 0.2874755859375 -0.59130859375
-0.0192966461181641 0.0287342071533203 0.7786865234375 -0.05120849609375
-0.00634527206420898 -0.00164937973022461 0.58660888671875 0.71319580078125
0.0245609283447266 0.0308418273925781 -0.000122070312500034 0.7359619140625
0.0067138671875 0.043548583984375 0.0172958374023438 0.111679077148438
0.0235729217529297 0.0257186889648438 0.1417236328125 -0.6231689453125
0.0174503326416016 -0.0138702392578125 -0.4840087890625 -0.8216552734375
-0.0216941833496094 0.00102615356445313 -0.83465576171875 -0.0247802734374999
-0.0199947357177734 0.0259857177734375 -0.329498291015625 0.55853271484375
0.0047607421875 0.0201396942138672 0.1390380859375 0.45611572265625
0.00404548645019531 0.0199317932128906 0.340423583984375 0.051513671875
-0.0103845596313477 -0.0126457214355469 0.246017456054688 -0.224761962890625
-0.0195999145507812 -0.0443458557128906 -0.19500732421875 0.242172241210938
0.0243473052978516 -0.00172042846679688 -0.27197265625 -0.0370330810546875
0.00734233856201172 0.00803995132446289 -0.131134033203125 -0.430938720703125
-0.0123329162597656 0.0211734771728516 0.34234619140625 -0.571044921875
-0.0133075714111328 0.0256023406982422 0.7947998046875 0.020263671875
-0.00269603729248047 0.00976276397705078 0.5338134765625 0.7745361328125
0.0161628723144531 0.0494041442871094 -0.04351806640625 0.72589111328125
-0.00794219970703125 0.0572242736816406 0.0256423950195312 0.083587646484375
0.0165290832519531 0.0402145385742188 0.1024169921875 -0.643798828125
0.02032470703125 -0.0040435791015625 -0.54376220703125 -0.7705078125
-0.0119619369506836 0.00133323669433594 -0.81878662109375 0.0531005859374999
-0.0116682052612305 0.0164604187011719 -0.27203369140625 0.57916259765625
0.00974941253662109 0.00881004333496094 0.17791748046875 0.439971923828125
0.00147151947021485 0.0134181976318359 0.351837158203125 0.03143310546875
-0.0151262283325195 -0.0131206512451172 0.248443603515625 -0.231109619140625
-0.0248336791992187 -0.0446014404296875 -0.192276000976562 0.238250732421875
0.02197265625 -0.0101318359375 -0.260543823242188 -0.055450439453125
0.00996971130371094 -0.00567436218261719 -0.094512939453125 -0.446075439453125
-0.00268363952636719 0.0103597640991211 0.3944091796875 -0.546966552734375
-0.00509452819824219 0.0243110656738281 0.801025390625 0.09466552734375
-0.00130081176757813 0.0169210433959961 0.47503662109375 0.82708740234375
0.00760650634765624 0.059234619140625 -0.08587646484375 0.70941162109375
-0.0174560546875 0.05963134765625 0.0370864868164063 0.0512733459472656
0.0102500915527344 0.0446357727050781 0.06451416015625 -0.6656494140625
0.0211372375488281 0.00152206420898438 -0.60113525390625 -0.71710205078125
-0.00149023532867432 -0.00138866901397705 -0.7943115234375 0.12628173828125
-0.00274443626403809 0.00359535217285156 -0.21258544921875 0.5938720703125
0.0133457183837891 -0.00503921508789063 0.213897705078125 0.41943359375
-0.00216364860534668 0.00371503829956055 0.359039306640625 0.010528564453125
-0.0185565948486328 -0.0142955780029297 0.247467041015625 -0.23748779296875
-0.028350830078125 -0.0444450378417969 -0.195068359375 0.234603881835938
0.0200958251953125 -0.0211067199707031 -0.25311279296875 -0.0706329345703125
0.0148143768310547 -0.0198612213134766 -0.067230224609375 -0.456756591796875
0.0089874267578125 0.00131034851074219 0.43524169921875 -0.5247802734375
0.00272941589355469 0.0240688323974609 0.80413818359375 0.1558837890625
-0.00401782989501953 0.0171871185302734 0.41815185546875 0.864990234375
0.00142288208007813 0.0552330017089844 -0.11688232421875 0.68524169921875
-0.0206832885742188 0.05108642578125 0.0504875183105469 0.0187606811523438
0.0049591064453125 0.0395545959472656 0.0314331054687501 -0.6849365234375
0.021453857421875 0.00078582763671875 -0.640625 -0.67047119140625
0.00830936431884766 -0.00649642944335938 -0.767578125 0.183837890625
0.00297260284423828 -0.00896930694580078 -0.16644287109375 0.60003662109375
0.0137271881103516 -0.0201969146728516 0.23944091796875 0.399749755859375
-0.00484609603881836 -0.00624418258666992 0.3614501953125 -0.005035400390625
-0.0205650329589844 -0.0139808654785156 0.241806030273437 -0.245132446289062
-0.0284805297851563 -0.0436973571777344 -0.202133178710937 0.230606079101563
0.019256591796875 -0.0329780578613281 -0.252349853515625 -0.081085205078125
0.0197181701660156 -0.0335674285888672 -0.0509033203125 -0.464874267578125
0.0205860137939453 -0.005523681640625 0.460418701171875 -0.507354736328125
0.00963783264160156 0.0229549407958984 0.8004150390625 0.197509765625
-0.00612926483154297 0.00970745086669922 0.38201904296875 0.88153076171875
-0.000343322753906248 0.0396347045898438 -0.13128662109375 0.66229248046875
-0.0157890319824219 0.0321292877197266 0.0652122497558594 -0.00757598876953125
0.00100326538085937 0.0251693725585938 0.01177978515625 -0.70294189453125
0.0197067260742188 -0.00350761413574219 -0.66680908203125 -0.64532470703125
0.0150384902954102 -0.0113849639892578 -0.7462158203125 0.2193603515625
0.00864219665527344 -0.0202808380126953 -0.13604736328125 0.603515625
0.0140666961669922 -0.0345916748046875 0.253753662109375 0.386322021484375
-0.00750446319580078 -0.0162239074707031 0.358306884765625 -0.016143798828125
-0.0186691284179688 -0.0138339996337891 0.234085083007813 -0.251266479492188
-0.0250320434570312 -0.043487548828125 -0.213363647460937 0.228683471679688
0.0189857482910156 -0.0430145263671875 -0.257659912109375 -0.0859069824218751
0.0241355895996094 -0.0436439514160156 -0.045318603515625 -0.468963623046875
0.0293331146240234 -0.00936508178710938 0.47039794921875 -0.502410888671875
0.0140132904052734 0.0198955535888672 0.80267333984375 0.2098388671875
-0.00839805603027344 -0.00375652313232422 0.36834716796875 0.8818359375
0.00190353393554688 0.0152626037597656 -0.13519287109375 0.6441650390625
-0.005859375 0.00716638565063476 0.0759735107421875 -0.0259170532226563
-0.0030052661895752 0.00403380393981934 0.00500488281250005 -0.71661376953125
0.0157585144042969 -0.0117807388305664 -0.67279052734375 -0.63372802734375
0.0203647613525391 -0.0142745971679688 -0.73785400390625 0.23284912109375
0.010894775390625 -0.0270900726318359 -0.1240234375 0.602783203125
0.0140037536621094 -0.0451927185058594 0.256988525390625 0.38018798828125
-0.00848388671875 -0.0244274139404297 0.3511962890625 -0.021026611328125
-0.0145101547241211 -0.0132265090942383 0.22332763671875 -0.254959106445313
-0.0193405151367188 -0.04278564453125 -0.22625732421875 0.227630615234375
0.0198707580566406 -0.0496673583984375 -0.267288208007813 -0.0873260498046875
0.0235824584960938 -0.0478286743164063 -0.051361083984375 -0.47381591796875
0.031158447265625 -0.00918197631835938 0.467742919921875 -0.507171630859375
0.0135164260864258 0.0163021087646484 0.80413818359375 0.2066650390625
-0.0123481750488281 -0.0262718200683594 0.3707275390625 0.8720703125
0.0119209289550781 -0.0184154510498047 -0.12457275390625 0.6290283203125
0.0142269134521484 -0.0250530242919922 0.0868682861328125 -0.0396652221679688
-0.00388717651367188 -0.0253658294677734 0.00579833984375002 -0.7271728515625
0.00854110717773437 -0.0237846374511719 -0.677001953125 -0.63507080078125
0.0198879241943359 -0.0154895782470703 -0.7362060546875 0.23468017578125
0.0134334564208984 -0.0294017791748047 -0.12225341796875 0.60272216796875
0.0134353637695312 -0.0502510070800781 0.2537841796875 0.380340576171875
-0.00688934326171875 -0.0299415588378906 0.341888427734375 -0.018829345703125
-0.00870132446289063 -0.012721061706543 0.212249755859375 -0.257247924804688
-0.0131492614746094 -0.0400238037109375 -0.237136840820312 0.22967529296875
0.0202178955078125 -0.051483154296875 -0.282867431640625 -0.0770263671875
0.0204658508300781 -0.0468597412109375 -0.079132080078125 -0.46905517578125
0.02679443359375 -0.00837135314941406 0.4381103515625 -0.52496337890625
0.00797080993652344 0.0107784271240234 0.80859375 0.1578369140625
-0.0169334411621094 -0.0513420104980469 0.41326904296875 0.83709716796875
0.0222930908203125 -0.0574073791503906 -0.09576416015625 0.6292724609375
0.0393333435058594 -0.0611076354980469 0.0875473022460937 -0.0316848754882813
-0.000366210937500005 -0.061126708984375 0.0305175781249999 -0.726318359375
-0.001373291015625 -0.0414161682128906 -0.65191650390625 -0.6754150390625
0.0154867172241211 -0.0146484375 -0.7567138671875 0.19525146484375
0.0140399932861328 -0.0256023406982422 -0.156494140625 0.59521484375
0.0138740539550781 -0.050048828125 0.230438232421875 0.393951416015625
-0.00424575805664062 -0.03155517578125 0.3314208984375 -0.00592041015625
-0.00164794921875 -0.0114555358886719 0.205459594726563 -0.255477905273438
-0.0171318054199219 -0.0438957214355469 -0.197463989257813 0.248641967773437
0.0239219665527344 0.00441169738769531 -0.278839111328125 -0.0209960937499999
0.00623130798339844 0.0195159912109375 -0.16473388671875 -0.4144287109375
-0.0179843902587891 0.0314311981201172 0.2889404296875 -0.59136962890625
-0.0198478698730469 0.0279483795166016 0.7781982421875 -0.051025390625
-0.00634384155273438 -0.00191259384155273 0.5858154296875 0.71746826171875
0.0239009857177734 0.0310077667236328 -0.00286865234375005 0.73541259765625
0.00548171997070312 0.0442733764648438 0.01690673828125 0.112373352050781
0.0232143402099609 0.0262298583984375 0.14508056640625 -0.62188720703125
0.0180282592773438 -0.0143165588378906 -0.48321533203125 -0.8240966796875
-0.0214881896972656 0.00110816955566406 -0.8360595703125 -0.02606201171875
-0.0203208923339844 0.0259799957275391 -0.331298828125 0.556396484375
0.00459861755371094 0.0190887451171875 0.138519287109375 0.45489501953125
0.00435066223144531 0.0206451416015625 0.338470458984375 0.05194091796875
-0.0109405517578125 -0.0121955871582031 0.246170043945312 -0.224502563476562
-0.02105712890625 -0.0433006286621094 -0.19354248046875 0.242141723632812
0.0244636535644531 -0.00274467468261719 -0.271392822265625 -0.0372009277343751
0.00684642791748047 0.00888442993164063 -0.130615234375 -0.43170166015625
-0.0124053955078125 0.0214252471923828 0.3419189453125 -0.5709228515625
-0.0132560729980469 0.0254878997802734 0.79486083984375 0.0196533203125
-0.00278091430664063 0.00831985473632813 0.533203125 0.77728271484375
0.0162582397460937 0.0501823425292969 -0.04718017578125 0.72686767578125
-0.00944137573242187 0.0575752258300781 0.0254974365234375 0.0835037231445313
0.0159950256347656 0.0403022766113281 0.1041259765625 -0.6435546875
0.01959228515625 -0.00342941284179688 -0.54156494140625 -0.7708740234375
-0.0122537612915039 0.000939369201660154 -0.81817626953125 0.0518798828125
-0.0110387802124023 0.0154657363891602 -0.273193359375 0.5789794921875
0.00931930541992188 0.00851726531982422 0.177947998046875 0.438690185546875
0.00164222717285156 0.0127325057983398 0.3516845703125 0.030853271484375
-0.0157794952392578 -0.0132436752319336 0.24884033203125 -0.230682373046875
-0.0265922546386719 -0.0434494018554687 -0.191925048828125 0.238693237304688
0.0218582153320313 -0.0103225708007813 -0.25885009765625 -0.055572509765625
0.00989055633544922 -0.00494194030761719 -0.09490966796875 -0.44537353515625
-0.003570556640625 0.0108880996704102 0.395111083984375 -0.547607421875
-0.00539207458496094 0.0243339538574219 0.80194091796875 0.09344482421875
-0.0014495849609375 0.01593017578125 0.470947265625 0.827392578125
0.00754928588867188 0.0584182739257813 -0.0863037109375 0.70745849609375
-0.0187644958496094 0.0599327087402344 0.0376701354980469 0.0506553649902344
0.0100784301757813 0.0451316833496094 0.06439208984375 -0.66436767578125
0.021575927734375 0.00128173828125 -0.59918212890625 -0.71636962890625
-0.00105023384094238 -0.00109165906906128 -0.79388427734375 0.12591552734375
-0.00251269340515137 0.00340461730957031 -0.2147216796875 0.59332275390625
0.0131120681762695 -0.00547885894775391 0.2130126953125 0.419281005859375
-0.0022122859954834 0.00378274917602539 0.3597412109375 0.01092529296875
-0.0193080902099609 -0.0145130157470703 0.247573852539063 -0.238433837890625
-0.0301246643066406 -0.0437660217285156 -0.194183349609375 0.23504638671875
0.0200347900390625 -0.0215969085693359 -0.252487182617188 -0.071014404296875
0.0145053863525391 -0.0202693939208984 -0.065765380859375 -0.45660400390625
0.00833940505981445 0.00174093246459961 0.4344482421875 -0.52301025390625
0.00296401977539062 0.0237827301025391 0.8037109375 0.1575927734375
-0.00308895111083984 0.0164804458618164 0.41729736328125 0.86456298828125
0.00109100341796875 0.0547256469726563 -0.1182861328125 0.6856689453125
-0.0212135314941406 0.0508232116699219 0.0511245727539062 0.018218994140625
0.00472640991210938 0.0401611328125 0.03350830078125 -0.68463134765625
0.0214080810546875 0.00153923034667969 -0.63916015625 -0.673095703125
0.00825214385986328 -0.00635194778442383 -0.767333984375 0.1815185546875
0.00400829315185547 -0.00811004638671875 -0.166748046875 0.5997314453125
0.013885498046875 -0.0209789276123047 0.2379150390625 0.399505615234375
-0.00527429580688477 -0.00656652450561523 0.360687255859375 -0.0057373046875
-0.0204658508300781 -0.0138683319091797 0.241378784179688 -0.246292114257813
-0.029022216796875 -0.0434684753417969 -0.20074462890625 0.231292724609375
0.0186958312988281 -0.0332069396972656 -0.251358032226563 -0.080535888671875
0.0196018218994141 -0.0340995788574219 -0.049957275390625 -0.46441650390625
0.0202407836914063 -0.00452232360839844 0.46044921875 -0.508453369140625
0.00938224792480469 0.0223541259765625 0.8004150390625 0.197021484375
-0.00575542449951172 0.00934600830078125 0.38031005859375 0.8812255859375
-0.000316619873046871 0.0404853820800781 -0.133056640625 0.66162109375
-0.0160980224609375 0.0333042144775391 0.0641975402832031 -0.00844573974609375
0.000186920166015628 0.0254936218261719 0.01312255859375 -0.7021484375
0.0196571350097656 -0.00354576110839844 -0.66455078125 -0.646728515625
0.0152378082275391 -0.0109729766845703 -0.746337890625 0.217529296875
0.00866317749023437 -0.0201168060302734 -0.1375732421875 0.6009521484375
0.014007568359375 -0.0346698760986328 0.253448486328125 0.385833740234375
-0.0076436996459961 -0.0157871246337891 0.356414794921875 -0.0169677734375
-0.0190639495849609 -0.0140895843505859 0.233291625976563 -0.2515869140625
-0.026336669921875 -0.0429840087890625 -0.212005615234375 0.228683471679688
0.0177574157714844 -0.0440444946289063 -0.256851196289063 -0.0871582031249999
0.0231590270996094 -0.0441207885742187 -0.04608154296875 -0.468414306640625
0.0292282104492187 -0.00887489318847656 0.47076416015625 -0.50244140625
0.0137481689453125 0.0196933746337891 0.8009033203125 0.212158203125
-0.00838661193847656 -0.0047760009765625 0.36822509765625 0.882568359375
0.00269603729248047 0.0156679153442383 -0.13482666015625 0.6444091796875
-0.00569820404052734 0.00827550888061524 0.076171875 -0.0262908935546875
-0.00327634811401367 0.00507831573486328 0.00805664062499997 -0.7159423828125
0.015294075012207 -0.0120553970336914 -0.673095703125 -0.6346435546875
0.0199337005615234 -0.0143527984619141 -0.73822021484375 0.23052978515625
0.0123291015625 -0.0269298553466797 -0.1246337890625 0.60076904296875
0.0135574340820312 -0.0445976257324219 0.258056640625 0.380462646484375
-0.0084228515625 -0.0248622894287109 0.34991455078125 -0.021881103515625
-0.014948844909668 -0.0133199691772461 0.2235107421875 -0.2542724609375
-0.0203399658203125 -0.0414237976074219 -0.224960327148438 0.227890014648437
0.0194091796875 -0.0505752563476562 -0.26593017578125 -0.0879058837890626
0.02392578125 -0.04827880859375 -0.05169677734375 -0.472503662109375
0.0313186645507813 -0.00975227355957031 0.466796875 -0.505584716796875
0.0132217407226563 0.0160436630249023 0.8040771484375 0.20941162109375
-0.011627197265625 -0.0268115997314453 0.37017822265625 0.87396240234375
0.0117912292480469 -0.0181636810302734 -0.12750244140625 0.62738037109375
0.0135917663574219 -0.0242881774902344 0.0869827270507812 -0.0399169921875
-0.00424003601074218 -0.0245761871337891 0.00665283203124994 -0.725830078125
0.00839424133300781 -0.0250759124755859 -0.6751708984375 -0.635009765625
0.0200901031494141 -0.0158519744873047 -0.7381591796875 0.2325439453125
0.0138149261474609 -0.0290431976318359 -0.1226806640625 0.60113525390625
0.0132980346679687 -0.0508232116699219 0.253662109375 0.380645751953125
-0.00700187683105469 -0.0300254821777344 0.341064453125 -0.01837158203125
-0.00877952575683594 -0.0120716094970703 0.212112426757813 -0.255752563476563
-0.0133209228515625 -0.0392417907714844 -0.236419677734375 0.228668212890625
0.0196762084960938 -0.0522499084472656 -0.281768798828125 -0.0794677734375
0.021270751953125 -0.0466117858886719 -0.079315185546875 -0.46844482421875
0.0269527435302734 -0.00739288330078125 0.4375 -0.526824951171875
0.00783538818359375 0.010467529296875 0.80731201171875 0.15924072265625
-0.0176544189453125 -0.0515975952148437 0.4117431640625 0.83843994140625
0.02191162109375 -0.0577430725097656 -0.0968017578124999 0.627685546875
0.0391921997070313 -0.0608253479003906 0.0873870849609375 -0.0311126708984375
-0.00130081176757813 -0.0606765747070313 0.03399658203125 -0.72509765625
-0.00170516967773437 -0.0413131713867188 -0.649169921875 -0.67578125
0.0151243209838867 -0.0147180557250977 -0.75689697265625 0.19256591796875
0.0142917633056641 -0.0245075225830078 -0.15838623046875 0.59515380859375
0.0143699645996094 -0.0497474670410156 0.22967529296875 0.39410400390625
-0.00396347045898438 -0.0330905914306641 0.330230712890625 -0.00604248046875
-0.00187969207763672 -0.0120773315429688 0.205230712890625 -0.254623413085938
-0.0187225341796875 -0.0435676574707031 -0.197097778320312 0.24859619140625
0.0235671997070313 0.00369453430175781 -0.277114868164063 -0.021026611328125
0.00585746765136719 0.0192794799804688 -0.165008544921875 -0.414276123046875
-0.0183773040771484 0.0316963195800781 0.2891845703125 -0.59136962890625
-0.0205745697021484 0.0268154144287109 0.7796630859375 -0.050048828125
-0.00518321990966797 -0.00334930419921875 0.5865478515625 0.71881103515625
0.0232372283935547 0.0307674407958984 -0.00451660156250007 0.73602294921875
0.00527572631835937 0.0449295043945313 0.0172119140625 0.111343383789063
0.0229701995849609 0.0268955230712891 0.1458740234375 -0.62060546875
0.0177078247070313 -0.0141811370849609 -0.48114013671875 -0.8260498046875
-0.0222225189208984 0.00063323974609375 -0.83514404296875 -0.027099609375
-0.0200843811035156 0.025604248046875 -0.332244873046875 0.557159423828125
0.00448036193847656 0.0186233520507813 0.1380615234375 0.45709228515625
0.00382423400878906 0.0206623077392578 0.338653564453125 0.051513671875
-0.011286735534668 -0.0126609802246094 0.246139526367188 -0.225128173828125
-0.0222282409667969 -0.0430641174316406 -0.191680908203125 0.242767333984375
0.0236854553222656 -0.00251579284667969 -0.269546508789063 -0.0375823974609375
0.00693941116333008 0.00801372528076172 -0.13043212890625 -0.431640625
-0.0129909515380859 0.0216121673583984 0.34100341796875 -0.57183837890625
-0.0134220123291016 0.0247936248779297 0.79351806640625 0.0213623046875
-0.00220298767089844 0.00771474838256836 0.53289794921875 0.7783203125
0.0159950256347656 0.050201416015625 -0.0464477539062501 0.7276611328125
-0.00987625122070313 0.0586585998535156 0.025146484375 0.08282470703125
0.0159263610839844 0.0409355163574219 0.10736083984375 -0.64129638671875
0.0192470550537109 -0.00326728820800781 -0.54339599609375 -0.7730712890625
-0.0116109848022461 0.00135040283203125 -0.8199462890625 0.0495605468749999
-0.0114040374755859 0.0159091949462891 -0.273681640625 0.578125
0.00895881652832031 0.00796699523925781 0.177703857421875 0.4398193359375
0.00145721435546875 0.0124683380126953 0.351409912109375 0.029754638671875
-0.0163822174072266 -0.0130081176757812 0.250076293945313 -0.231277465820312
-0.0280303955078125 -0.043121337890625 -0.191757202148437 0.239593505859375
0.0212497711181641 -0.0110702514648437 -0.258697509765625 -0.0557861328125
0.00995349884033203 -0.00613498687744141 -0.094024658203125 -0.447296142578125
-0.00348758697509766 0.0115118026733398 0.395355224609375 -0.547271728515625
-0.00577735900878906 0.0233955383300781 0.8026123046875 0.0950927734375
-0.0018014907836914 0.0147466659545898 0.47149658203125 0.82977294921875
0.00745773315429688 0.0593452453613281 -0.0875244140625 0.70819091796875
-0.0200119018554687 0.0613822937011719 0.0371932983398437 0.0505447387695313
0.00878143310546875 0.0453948974609375 0.06817626953125 -0.66351318359375
0.0217056274414062 0.000192642211914062 -0.59912109375 -0.71923828125
-0.000612854957580566 -0.00128042697906494 -0.79510498046875 0.12432861328125
-0.0028984546661377 0.00362730026245117 -0.2158203125 0.59295654296875
0.0132064819335938 -0.00636196136474609 0.213653564453125 0.420501708984375
-0.0020594596862793 0.00414037704467773 0.359100341796875 0.01129150390625
-0.0184364318847656 -0.0140018463134766 0.248199462890625 -0.239578247070313
-0.0304908752441406 -0.0433311462402344 -0.193496704101562 0.23486328125
0.0188694000244141 -0.022308349609375 -0.25030517578125 -0.0705718994140625
0.0147247314453125 -0.0205192565917969 -0.0654602050781251 -0.45745849609375
0.00863361358642578 0.00268650054931641 0.433685302734375 -0.522918701171875
0.00197410583496094 0.0226955413818359 0.80279541015625 0.156494140625
-0.00383853912353516 0.0154275894165039 0.41534423828125 0.86553955078125
0.000885009765624995 0.05572509765625 -0.11944580078125 0.68463134765625
-0.0229263305664063 0.0531539916992187 0.0509262084960938 0.0185127258300781
0.00484085083007813 0.0402336120605469 0.0364990234375 -0.6837158203125
0.0211734771728516 0.000677108764648438 -0.63885498046875 -0.674560546875
0.00825214385986328 -0.00640010833740234 -0.76898193359375 0.17974853515625
0.00338459014892578 -0.00980377197265625 -0.1690673828125 0.59796142578125
0.0142421722412109 -0.0214748382568359 0.239227294921875 0.400726318359375
-0.00572395324707031 -0.00741720199584961 0.359100341796875 -0.006439208984375
-0.0216484069824219 -0.0140438079833984 0.242141723632813 -0.246078491210938
-0.03045654296875 -0.0424346923828125 -0.200668334960937 0.2322998046875
0.0178928375244141 -0.033843994140625 -0.250045776367188 -0.0809783935546875
0.0187454223632813 -0.0341796875 -0.050750732421875 -0.464569091796875
0.0200252532958984 -0.00432586669921875 0.4598388671875 -0.50799560546875
0.00967216491699219 0.0215835571289063 0.8009033203125 0.19952392578125
-0.0066981315612793 0.00719070434570312 0.38079833984375 0.88427734375
-0.000488281249999999 0.0399856567382813 -0.13299560546875 0.66107177734375
-0.0171585083007813 0.0338058471679688 0.0640373229980469 -0.00790786743164062
-0.000114440917968749 0.0263938903808594 0.0159912109375 -0.702392578125
0.0199489593505859 -0.00392913818359375 -0.66326904296875 -0.6468505859375
0.0147943496704102 -0.0107736587524414 -0.74853515625 0.21722412109375
0.00901412963867187 -0.0205345153808594 -0.136962890625 0.6043701171875
0.0140762329101563 -0.0351314544677734 0.254364013671875 0.38720703125
-0.0082244873046875 -0.0160226821899414 0.35687255859375 -0.018035888671875
-0.0190773010253906 -0.0135154724121094 0.23309326171875 -0.2513427734375
-0.0273590087890625 -0.041748046875 -0.211578369140625 0.229263305664063
0.0177536010742188 -0.0439376831054688 -0.255630493164063 -0.087677001953125
0.0225677490234375 -0.0434608459472656 -0.045684814453125 -0.468780517578125
0.0282955169677734 -0.00847625732421875 0.469146728515625 -0.50274658203125
0.0140743255615234 0.01953125 0.8013916015625 0.21209716796875
-0.00978851318359375 -0.005828857421875 0.36553955078125 0.8841552734375
0.00300502777099609 0.0162782669067383 -0.13653564453125 0.64227294921875
-0.00613307952880859 0.00869226455688477 0.0759048461914063 -0.0266647338867188
-0.00364112854003906 0.00511503219604492 0.00897216796874998 -0.7161865234375
0.0150842666625977 -0.0106840133666992 -0.67242431640625 -0.6365966796875
0.0200386047363281 -0.0147628784179688 -0.7398681640625 0.228759765625
0.0126266479492188 -0.0271110534667969 -0.126220703125 0.5999755859375
0.0135917663574219 -0.0458564758300781 0.256011962890625 0.381561279296875
-0.00853919982910156 -0.0245876312255859 0.349395751953125 -0.020233154296875
-0.0153427124023438 -0.0135698318481445 0.223907470703125 -0.255035400390625
-0.0212173461914062 -0.0396347045898438 -0.2236328125 0.228286743164063
0.01824951171875 -0.05059814453125 -0.264938354492188 -0.08837890625
0.0247077941894531 -0.0480804443359375 -0.0523071289062499 -0.47216796875
0.0315608978271484 -0.00882148742675781 0.46795654296875 -0.504638671875
0.0128974914550781 0.014805793762207 0.80352783203125 0.20916748046875
-0.0117034912109375 -0.0278282165527344 0.3671875 0.87420654296875
0.0110034942626953 -0.0176601409912109 -0.12713623046875 0.6270751953125
0.0133647918701172 -0.0237274169921875 0.0867996215820313 -0.039764404296875
-0.00389480590820313 -0.0244712829589844 0.00854492187499996 -0.72540283203125
0.00778770446777344 -0.0249595642089844 -0.67437744140625 -0.638427734375
0.0203742980957031 -0.0156917572021484 -0.73828125 0.230224609375
0.0142078399658203 -0.0298519134521484 -0.123046875 0.60064697265625
0.0129203796386719 -0.0513114929199219 0.253448486328125 0.381591796875
-0.00746536254882813 -0.0302391052246094 0.341278076171875 -0.01898193359375
-0.00879573822021485 -0.0126619338989258 0.212005615234375 -0.25653076171875
-0.0147972106933594 -0.0372352600097656 -0.236251831054687 0.23028564453125
0.0192375183105469 -0.0528755187988281 -0.28094482421875 -0.0792236328125
0.0204086303710938 -0.0466957092285156 -0.077972412109375 -0.468353271484375
0.0264568328857422 -0.00751876831054688 0.437042236328125 -0.52655029296875
0.00817394256591797 0.00954914093017578 0.80755615234375 0.160400390625
-0.0173072814941406 -0.0525894165039063 0.41082763671875 0.84002685546875
0.0228691101074219 -0.0576858520507813 -0.09906005859375 0.62677001953125
0.0388145446777344 -0.0599365234375 0.0878448486328125 -0.031341552734375
-0.00098037719726562 -0.0606117248535156 0.034912109375 -0.72601318359375
-0.000980377197265629 -0.0421257019042969 -0.64935302734375 -0.67767333984375
0.0149440765380859 -0.0153923034667969 -0.75830078125 0.19122314453125
0.0138511657714844 -0.0249710083007813 -0.15936279296875 0.59661865234375
0.014251708984375 -0.0500259399414063 0.230194091796875 0.394866943359375
-0.0041351318359375 -0.0325889587402344 0.331024169921875 -0.00653076171875
-0.00211811065673828 -0.011296272277832 0.204788208007813 -0.255523681640625
-0.0198211669921875 -0.0427932739257813 -0.197357177734375 0.249176025390625
0.0230464935302734 0.00314903259277344 -0.277297973632813 -0.021453857421875
0.0057373046875 0.0193443298339844 -0.164581298828125 -0.41546630859375
-0.0187530517578125 0.0320453643798828 0.28839111328125 -0.5927734375
-0.0209007263183594 0.0266952514648437 0.782470703125 -0.04901123046875
-0.00598239898681641 -0.00452327728271485 0.58868408203125 0.720947265625
0.0233154296875 0.0312671661376953 -0.00238037109375003 0.738037109375
0.00390243530273437 0.0463027954101562 0.0169219970703125 0.111503601074219
0.0226192474365234 0.0268192291259766 0.1492919921875 -0.620361328125
0.0176620483398438 -0.0136566162109375 -0.4810791015625 -0.82781982421875
-0.0213508605957031 0.000978469848632809 -0.83941650390625 -0.0293579101562498
-0.0201435089111328 0.025665283203125 -0.334228515625 0.55615234375
0.00429725646972656 0.0186080932617188 0.13909912109375 0.45733642578125
0.00305557250976563 0.0201988220214844 0.3394775390625 0.05096435546875
-0.0109548568725586 -0.0125837326049805 0.247222900390625 -0.22576904296875
-0.0240402221679687 -0.0421028137207031 -0.192474365234375 0.24267578125
0.022796630859375 -0.00330352783203125 -0.269332885742188 -0.037384033203125
0.00696039199829102 0.0081334114074707 -0.129791259765625 -0.432586669921875
-0.01300048828125 0.0230674743652344 0.3428955078125 -0.57391357421875
-0.0144939422607422 0.0245647430419922 0.797119140625 0.022216796875
-0.00170612335205078 0.00705242156982422 0.53271484375 0.78094482421875
0.0156631469726562 0.0510025024414063 -0.0484008789062501 0.72735595703125
-0.0104446411132813 0.0587425231933594 0.0245285034179688 0.08380126953125
0.0156173706054687 0.0413551330566406 0.1087646484375 -0.6427001953125
0.0196647644042969 -0.00367355346679687 -0.54345703125 -0.7740478515625
-0.0116796493530273 0.00109386444091797 -0.821044921875 0.0480346679687498
-0.0102262496948242 0.0161170959472656 -0.2744140625 0.57958984375
0.00921344757080078 0.00796222686767578 0.17901611328125 0.44158935546875
0.000779151916503906 0.0129909515380859 0.35137939453125 0.029693603515625
-0.0161886215209961 -0.0134410858154297 0.249710083007812 -0.232757568359375
-0.0288658142089844 -0.0421981811523438 -0.190994262695312 0.240127563476563
0.0199108123779297 -0.0117321014404297 -0.258010864257813 -0.056182861328125
0.00931835174560547 -0.00565528869628906 -0.0948486328125 -0.44781494140625
-0.00362014770507812 0.0111980438232422 0.3951416015625 -0.547821044921875
-0.00570297241210937 0.0229892730712891 0.80474853515625 0.09564208984375
-0.00138187408447266 0.0142765045166016 0.47235107421875 0.83294677734375
0.0072784423828125 0.05938720703125 -0.0878295898437501 0.7086181640625
-0.020111083984375 0.0616912841796875 0.0373077392578125 0.0501899719238281
0.00905609130859375 0.0459556579589844 0.06988525390625 -0.66351318359375
0.0219650268554688 0.000904083251953125 -0.60040283203125 -0.721923828125
-0.00120437145233154 -0.00155460834503174 -0.797119140625 0.1226806640625
-0.00233173370361328 0.00373506546020508 -0.21685791015625 0.59381103515625
0.0118513107299805 -0.00693702697753906 0.2127685546875 0.4202880859375
-0.00245022773742676 0.00315761566162109 0.359405517578125 0.009857177734375
-0.0205154418945312 -0.0132770538330078 0.248641967773437 -0.239044189453125
-0.0318336486816406 -0.0418052673339844 -0.19390869140625 0.235336303710937
0.0184993743896484 -0.0229835510253906 -0.250564575195313 -0.0716400146484375
0.0137615203857422 -0.0209331512451172 -0.065338134765625 -0.45819091796875
0.00877475738525391 0.00302982330322266 0.436920166015625 -0.524139404296875
0.00214958190917969 0.0226287841796875 0.80474853515625 0.15838623046875
-0.00345611572265625 0.0148153305053711 0.417236328125 0.87017822265625
0.000492095947265624 0.0560455322265625 -0.1202392578125 0.68475341796875
-0.0227584838867188 0.0528602600097656 0.05145263671875 0.0183601379394531
0.00434494018554687 0.0401229858398438 0.0381469726562499 -0.684814453125
0.0213890075683594 0.00153732299804688 -0.6402587890625 -0.6790771484375
0.00812673568725586 -0.00644636154174805 -0.77264404296875 0.1796875
0.00372028350830078 -0.00913238525390625 -0.16961669921875 0.60009765625
0.0140228271484375 -0.0213432312011719 0.23974609375 0.400726318359375
-0.00628089904785156 -0.00670909881591797 0.360321044921875 -0.0064697265625
-0.0211601257324219 -0.0138492584228516 0.243316650390625 -0.2464599609375
-0.0317497253417969 -0.0414047241210938 -0.201141357421875 0.232391357421875
0.0170822143554688 -0.0344619750976563 -0.249755859375 -0.0822601318359374
0.0196990966796875 -0.0341796875 -0.0501708984375 -0.46539306640625
0.0205726623535156 -0.00441741943359375 0.45965576171875 -0.509124755859375
0.00978469848632812 0.0214786529541016 0.803466796875 0.19989013671875
-0.00633668899536133 0.00771141052246094 0.380859375 0.88812255859375
-0.0014801025390625 0.0408477783203125 -0.13427734375 0.66204833984375
-0.0183677673339844 0.0348014831542969 0.0645370483398438 -0.00780105590820312
-0.000629425048828124 0.0264873504638672 0.0173339843750001 -0.7032470703125
0.0198402404785156 -0.00370597839355469 -0.66552734375 -0.64996337890625
0.015864372253418 -0.0106868743896484 -0.75250244140625 0.2159423828125
0.00866127014160156 -0.0203037261962891 -0.13824462890625 0.60418701171875
0.0137138366699219 -0.03619384765625 0.254119873046875 0.38787841796875
-0.00872135162353515 -0.0167760848999023 0.357879638671875 -0.01812744140625
-0.0196533203125 -0.0137729644775391 0.233734130859375 -0.251678466796875
-0.0284461975097656 -0.0408859252929687 -0.211029052734375 0.229644775390625
0.01666259765625 -0.0448188781738281 -0.255599975585938 -0.0872802734375
0.0230827331542969 -0.0438308715820313 -0.0455322265625 -0.469573974609375
0.0282783508300781 -0.0076904296875 0.470428466796875 -0.50341796875
0.0130271911621094 0.0188808441162109 0.80535888671875 0.21307373046875
-0.00829887390136719 -0.00712442398071289 0.3665771484375 0.8887939453125
0.0027608871459961 0.0164079666137695 -0.1375732421875 0.64190673828125
-0.0064239501953125 0.00950527191162109 0.0762786865234375 -0.0272216796875
-0.00420713424682617 0.00527572631835938 0.00982666015624999 -0.7158203125
0.0152673721313477 -0.0114412307739258 -0.67315673828125 -0.63922119140625
0.0207042694091797 -0.0143699645996094 -0.74249267578125 0.2265625
0.0118312835693359 -0.0275325775146484 -0.12713623046875 0.6015625
0.0140800476074219 -0.045379638671875 0.256103515625 0.38116455078125
-0.00819778442382812 -0.0251102447509766 0.351409912109375 -0.02191162109375
-0.0155954360961914 -0.0135650634765625 0.224411010742188 -0.255783081054688
-0.0227775573730469 -0.0394020080566406 -0.22418212890625 0.228546142578125
0.0180931091308594 -0.0507583618164062 -0.265899658203125 -0.0889129638671875
0.0237808227539063 -0.0483894348144531 -0.05023193359375 -0.47406005859375
0.0304317474365234 -0.00833511352539063 0.4693603515625 -0.5069580078125
0.0131826400756836 0.014317512512207 0.8060302734375 0.2110595703125
-0.0127983093261719 -0.0286293029785156 0.3697509765625 0.87823486328125
0.0115737915039063 -0.0178699493408203 -0.12908935546875 0.6285400390625
0.0127487182617187 -0.0226783752441406 0.0870742797851563 -0.0398101806640625
-0.00501632690429688 -0.0240497589111328 0.01123046875 -0.72698974609375
0.00824165344238281 -0.0248737335205078 -0.67572021484375 -0.6402587890625
0.0201835632324219 -0.0166988372802734 -0.7408447265625 0.23101806640625
0.0137405395507813 -0.0288162231445313 -0.12457275390625 0.6007080078125
0.0122566223144531 -0.0508880615234375 0.252655029296875 0.38140869140625
-0.00756263732910157 -0.0306720733642578 0.340545654296875 -0.020111083984375
-0.00972461700439453 -0.0122146606445312 0.21282958984375 -0.256668090820313
-0.0155105590820313 -0.0364227294921875 -0.236312866210938 0.229644775390625
0.0179290771484375 -0.053131103515625 -0.281021118164062 -0.0792236328125
0.0199737548828125 -0.0470504760742188 -0.07818603515625 -0.46875
0.0272769927978516 -0.00701904296875 0.438323974609375 -0.526458740234375
0.007568359375 0.00935935974121094 0.80841064453125 0.1605224609375
-0.0179443359375 -0.0539093017578125 0.412841796875 0.844970703125
0.022003173828125 -0.0577735900878906 -0.1007080078125 0.62811279296875
0.0393562316894531 -0.0593910217285156 0.0875015258789063 -0.0312728881835938
-0.0015869140625 -0.0599021911621094 0.03741455078125 -0.72802734375
-0.00146102905273438 -0.0416488647460938 -0.65069580078125 -0.67987060546875
0.0151424407958984 -0.0151376724243164 -0.76092529296875 0.193359375
0.0148162841796875 -0.0249366760253906 -0.15936279296875 0.59698486328125
0.0139389038085937 -0.050750732421875 0.23138427734375 0.394805908203125
-0.00468826293945313 -0.0325202941894531 0.330535888671875 -0.007537841796875
-0.00206756591796875 -0.0115337371826172 0.205307006835938 -0.255783081054688
-0.0209922790527344 -0.0418167114257813 -0.196487426757813 0.25103759765625
0.0228385925292969 0.00301742553710938 -0.278366088867187 -0.02227783203125
0.00664138793945312 0.0190811157226562 -0.166717529296875 -0.415618896484375
-0.0184535980224609 0.0333328247070313 0.28973388671875 -0.59552001953125
-0.0208606719970703 0.0267696380615234 0.78656005859375 -0.0513916015625
-0.00562286376953125 -0.0054922103881836 0.59002685546875 0.72662353515625
0.0242900848388672 0.0310420989990234 -0.00445556640624997 0.73992919921875
0.00368499755859375 0.0463981628417969 0.01641845703125 0.111869812011719
0.0226497650146484 0.0272674560546875 0.1495361328125 -0.62310791015625
0.0181369781494141 -0.0137138366699219 -0.48345947265625 -0.829833984375
-0.021820068359375 0.000709533691406251 -0.84259033203125 -0.0301513671875
-0.0200347900390625 0.0254650115966797 -0.334991455078125 0.5594482421875
0.00320625305175781 0.0180606842041016 0.139373779296875 0.459503173828125
0.00329971313476563 0.020172119140625 0.340179443359375 0.050323486328125
-0.0119056701660156 -0.0115804672241211 0.247756958007813 -0.227951049804687
-0.0254325866699219 -0.0410995483398438 -0.19219970703125 0.244522094726563
0.0221195220947266 -0.00306320190429688 -0.2696533203125 -0.0386505126953125
0.00616645812988281 0.00836515426635742 -0.12994384765625 -0.43475341796875
-0.0135307312011719 0.0233745574951172 0.3431396484375 -0.576171875
-0.0140838623046875 0.0235233306884766 0.7998046875 0.02215576171875
-0.00184535980224609 0.00580167770385742 0.53656005859375 0.7861328125
0.0154457092285156 0.0506401062011719 -0.047607421875 0.7296142578125
-0.0111732482910156 0.0603294372558594 0.0249176025390625 0.083648681640625
0.0154838562011719 0.0414047241210938 0.109130859375 -0.6448974609375
0.0194969177246094 -0.00283622741699219 -0.54400634765625 -0.780029296875
-0.0109958648681641 0.00141239166259766 -0.82574462890625 0.0471801757812501
-0.0115089416503906 0.0154933929443359 -0.27618408203125 0.583251953125
0.00896549224853516 0.00768184661865234 0.178924560546875 0.442413330078125
0.000583648681640625 0.0121192932128906 0.352142333984375 0.03094482421875
-0.0166740417480469 -0.0132131576538086 0.250411987304688 -0.233718872070312
-0.0297737121582031 -0.0406837463378906 -0.190414428710938 0.24127197265625
0.0192127227783203 -0.0124340057373047 -0.258148193359375 -0.05712890625
0.00996494293212891 -0.00583553314208984 -0.095184326171875 -0.449066162109375
-0.00324058532714844 0.0128335952758789 0.396453857421875 -0.55059814453125
-0.00525856018066406 0.0223712921142578 0.80865478515625 0.09686279296875
-0.00119209289550781 0.0132284164428711 0.475830078125 0.83740234375
0.00709915161132813 0.0598182678222656 -0.08953857421875 0.71051025390625
-0.0210380554199219 0.06256103515625 0.0366325378417969 0.0497932434082031
0.00854873657226563 0.0464057922363281 0.0711669921875 -0.66534423828125
0.0219345092773438 0.0008392333984375 -0.60235595703125 -0.726318359375
-0.000950336456298828 -0.00162243843078613 -0.8016357421875 0.1221923828125
-0.00228333473205566 0.00438928604125977 -0.21771240234375 0.5960693359375
0.0124330520629883 -0.00695037841796875 0.21356201171875 0.42254638671875
-0.00328540802001953 0.00269532203674316 0.360076904296875 0.00946044921875
-0.0203475952148438 -0.0138320922851562 0.24945068359375 -0.240158081054687
-0.0327377319335938 -0.0415000915527344 -0.193023681640625 0.2366943359375
0.0175952911376953 -0.0230827331542969 -0.250778198242188 -0.0724029541015625
0.0146408081054688 -0.0204868316650391 -0.06622314453125 -0.459869384765625
0.00771808624267578 0.00361061096191406 0.436767578125 -0.528289794921875
0.00213241577148438 0.021697998046875 0.808349609375 0.1595458984375
-0.00308418273925781 0.0142364501953125 0.4190673828125 0.874267578125
0.000720977783203127 0.0561141967773438 -0.12139892578125 0.68743896484375
-0.022491455078125 0.0543365478515625 0.0506362915039062 0.0176506042480469
0.00391387939453125 0.0407295227050781 0.03851318359375 -0.68670654296875
0.0215091705322266 0.00102043151855469 -0.6441650390625 -0.67974853515625
0.00799226760864258 -0.00631618499755859 -0.7752685546875 0.17974853515625
0.00384998321533203 -0.00914382934570313 -0.17071533203125 0.60302734375
0.0138912200927734 -0.0218029022216797 0.2408447265625 0.4034423828125
-0.00611066818237305 -0.00633478164672852 0.3612060546875 -0.0076904296875
-0.0214004516601562 -0.0136222839355469 0.243072509765625 -0.24725341796875
-0.031982421875 -0.0413551330566406 -0.200302124023438 0.23358154296875
0.0161209106445312 -0.0353927612304688 -0.250350952148438 -0.08319091796875
0.0194072723388672 -0.0344467163085937 -0.050048828125 -0.46759033203125
0.0200023651123047 -0.00299072265625 0.46319580078125 -0.51068115234375
0.00988578796386719 0.0208549499511719 0.8074951171875 0.19952392578125
-0.00544881820678711 0.00642776489257813 0.38458251953125 0.891357421875
-0.00115203857421875 0.0405654907226563 -0.13726806640625 0.66290283203125
-0.0181617736816406 0.03570556640625 0.0638771057128906 -0.0083160400390625
-0.00110435485839844 0.0266742706298828 0.0174560546875 -0.7041015625
0.0195999145507813 -0.00385093688964844 -0.66717529296875 -0.65362548828125
0.0158796310424805 -0.0106172561645508 -0.75653076171875 0.215576171875
0.00872802734375 -0.0200424194335938 -0.13873291015625 0.60455322265625
0.0135383605957031 -0.0359954833984375 0.255218505859375 0.38922119140625
-0.00889205932617188 -0.0166511535644531 0.3590087890625 -0.0189208984375
-0.0205268859863281 -0.0126819610595703 0.23541259765625 -0.252578735351562
-0.0292625427246094 -0.0396461486816406 -0.211044311523438 0.231292724609375
0.0163650512695313 -0.0454978942871094 -0.256423950195313 -0.0880432128906251
0.0233230590820313 -0.044097900390625 -0.0452880859375 -0.472198486328125
0.0287322998046875 -0.0076446533203125 0.4710693359375 -0.50531005859375
0.0139713287353516 0.0183429718017578 0.80657958984375 0.2137451171875
-0.00858640670776368 -0.00760984420776367 0.369384765625 0.892578125
0.00198173522949219 0.0166215896606445 -0.13897705078125 0.64398193359375
-0.00712680816650391 0.0111856460571289 0.0760879516601563 -0.0274658203125
-0.00364112854003906 0.00581645965576172 0.0115966796875001 -0.71966552734375
0.015472412109375 -0.0116634368896484 -0.67376708984375 -0.6419677734375
0.0202102661132813 -0.0152873992919922 -0.74554443359375 0.2276611328125
0.0125579833984375 -0.0271873474121094 -0.127685546875 0.60382080078125
0.0134010314941406 -0.0458908081054688 0.2579345703125 0.382781982421875
-0.008819580078125 -0.0253524780273438 0.350982666015625 -0.02215576171875
-0.0159101486206055 -0.0133056640625 0.224380493164063 -0.256729125976563
-0.0235671997070313 -0.0386009216308594 -0.2242431640625 0.230621337890625
0.0171127319335937 -0.0519752502441406 -0.265731811523438 -0.0895538330078125
0.0242652893066406 -0.0488204956054688 -0.052490234375 -0.47613525390625
0.0310802459716797 -0.00897789001464844 0.470977783203125 -0.507904052734375
0.0124731063842773 0.0138139724731445 0.8092041015625 0.213134765625
-0.0134105682373047 -0.0295143127441406 0.36968994140625 0.88232421875
0.0116214752197266 -0.0174798965454102 -0.129150390625 0.630126953125
0.0128860473632813 -0.0220127105712891 0.0875320434570313 -0.0402145385742187
-0.00548553466796875 -0.0238075256347656 0.01214599609375 -0.72967529296875
0.007415771484375 -0.0250606536865234 -0.6788330078125 -0.64306640625
0.0204334259033203 -0.0165367126464844 -0.745361328125 0.22991943359375
0.0136432647705078 -0.0296249389648437 -0.12518310546875 0.60302734375
0.0124626159667969 -0.0515174865722656 0.25433349609375 0.381500244140625
-0.00786972045898438 -0.0307025909423828 0.341888427734375 -0.02044677734375
-0.0108556747436523 -0.0122776031494141 0.212966918945313 -0.258941650390625
-0.0163612365722656 -0.0362472534179688 -0.235641479492188 0.232772827148438
0.0174713134765625 -0.0536460876464844 -0.282196044921875 -0.0809326171875
0.0199050903320312 -0.0471954345703125 -0.07940673828125 -0.47076416015625
0.02667236328125 -0.00662994384765625 0.438262939453125 -0.528533935546875
0.00749301910400391 0.0089569091796875 0.8123779296875 0.16070556640625
-0.0182914733886719 -0.0546112060546875 0.4139404296875 0.8465576171875
0.022064208984375 -0.0574493408203125 -0.10205078125 0.62860107421875
0.0388984680175781 -0.0583686828613281 0.08795166015625 -0.031494140625
-0.00187301635742188 -0.0590133666992188 0.03851318359375 -0.7296142578125
-0.0012664794921875 -0.0418586730957031 -0.6533203125 -0.6839599609375
0.0153579711914063 -0.0150289535522461 -0.7626953125 0.1907958984375
0.0149192810058594 -0.0248489379882813 -0.15985107421875 0.59820556640625
0.0138015747070312 -0.0508651733398438 0.2303466796875 0.3963623046875
-0.00410842895507812 -0.0328788757324219 0.331512451171875 -0.00738525390625
-0.00330638885498047 -0.0114850997924805 0.205780029296875 -0.258071899414063
-0.0226554870605469 -0.0408821105957031 -0.195358276367187 0.252731323242188
0.022308349609375 0.00212669372558594 -0.279586791992188 -0.0219116210937501
0.00624275207519531 0.0196781158447266 -0.167724609375 -0.418487548828125
-0.0191764831542969 0.0348339080810547 0.28948974609375 -0.59912109375
-0.0207843780517578 0.025177001953125 0.788818359375 -0.0513916015625
-0.00536918640136719 -0.00627470016479492 0.5947265625 0.72796630859375
0.0243721008300781 0.0321426391601563 -0.00494384765625 0.7420654296875
0.00295257568359375 0.0479888916015625 0.0166091918945313 0.111457824707031
0.0214996337890625 0.0277614593505859 0.1497802734375 -0.624267578125
0.0182571411132813 -0.0143070220947266 -0.48577880859375 -0.83447265625
-0.0208320617675781 0.000717163085937497 -0.84686279296875 -0.03021240234375
-0.0207099914550781 0.0256462097167969 -0.33685302734375 0.5633544921875
0.0032806396484375 0.0187110900878906 0.140960693359375 0.46209716796875
0.00324821472167969 0.0193920135498047 0.340667724609375 0.050018310546875
-0.0122747421264648 -0.0123767852783203 0.248794555664063 -0.229339599609375
-0.0268135070800781 -0.040618896484375 -0.191650390625 0.246566772460938
0.0210094451904297 -0.00441360473632813 -0.27008056640625 -0.038482666015625
0.00654411315917969 0.00795698165893555 -0.130859375 -0.436981201171875
-0.0131912231445312 0.0236587524414063 0.34393310546875 -0.5799560546875
-0.0144386291503906 0.023406982421875 0.8070068359375 0.0205078125
-0.00213861465454102 0.0049901008605957 0.54022216796875 0.78875732421875
0.01580810546875 0.0515480041503906 -0.04693603515625 0.73345947265625
-0.0121650695800781 0.0607795715332031 0.0252685546875 0.0837478637695313
0.0146331787109375 0.0425910949707031 0.11083984375 -0.64593505859375
0.0196762084960938 -0.00387382507324219 -0.54681396484375 -0.78363037109375
-0.0115375518798828 0.00121879577636719 -0.8291015625 0.0499267578125
-0.0108299255371094 0.0165214538574219 -0.27838134765625 0.5841064453125
0.00809669494628906 0.00712442398071289 0.178802490234375 0.44464111328125
0.000241279602050781 0.0131511688232422 0.35235595703125 0.029815673828125
-0.0173177719116211 -0.013453483581543 0.251113891601563 -0.235946655273438
-0.03131103515625 -0.0411148071289062 -0.19061279296875 0.242141723632812
0.0184955596923828 -0.0128250122070312 -0.25848388671875 -0.0571441650390625
0.00920200347900391 -0.00513076782226563 -0.095611572265625 -0.4501953125
-0.00409793853759766 0.0134849548339844 0.39764404296875 -0.555084228515625
-0.0064849853515625 0.0219936370849609 0.81256103515625 0.09490966796875
-0.00170230865478516 0.0120611190795898 0.47833251953125 0.84033203125
0.00699615478515625 0.0609474182128906 -0.08935546875 0.7139892578125
-0.0212593078613281 0.063690185546875 0.0374412536621094 0.0504302978515625
0.00872039794921875 0.0466194152832031 0.07281494140625 -0.66961669921875
0.0214672088623047 0.000762939453125 -0.6051025390625 -0.7288818359375
-0.000940442085266114 -0.00135791301727295 -0.8052978515625 0.12286376953125
-0.00228977203369141 0.00404262542724609 -0.2188720703125 0.59820556640625
0.0123319625854492 -0.00704002380371094 0.215911865234375 0.42431640625
-0.00277137756347656 0.00255680084228516 0.362823486328125 0.00836181640625
-0.0212879180908203 -0.0135478973388672 0.249801635742188 -0.241973876953125
-0.0340232849121094 -0.0403099060058594 -0.193161010742188 0.238784790039062
0.0170745849609375 -0.0240440368652344 -0.251907348632812 -0.072784423828125
0.0146312713623047 -0.0210094451904297 -0.0672912597656251 -0.461517333984375
0.00774288177490234 0.00479364395141602 0.437347412109375 -0.530609130859375
0.00149154663085938 0.0212326049804688 0.81243896484375 0.1575927734375
-0.00337696075439453 0.0127878189086914 0.42169189453125 0.879638671875
0.00101089477539063 0.0568771362304688 -0.12158203125 0.69140625
-0.0237846374511719 0.055633544921875 0.0504379272460938 0.0179290771484375
0.003265380859375 0.0415725708007813 0.0395507812500001 -0.690185546875
0.0209178924560547 0.00147628784179688 -0.64642333984375 -0.68182373046875
0.00856351852416992 -0.00607395172119141 -0.7808837890625 0.18096923828125
0.00395107269287109 -0.00997257232666016 -0.171142578125 0.60406494140625
0.0128765106201172 -0.0225887298583984 0.241790771484375 0.4039306640625
-0.00630664825439453 -0.00687980651855469 0.362548828125 -0.008392333984375
-0.0223197937011719 -0.0138111114501953 0.243927001953125 -0.250198364257813
-0.0340652465820312 -0.0396919250488281 -0.201889038085937 0.235122680664063
0.0157012939453125 -0.0360183715820312 -0.2510986328125 -0.082916259765625
0.0195999145507813 -0.0344772338867188 -0.05096435546875 -0.468841552734375
0.0206890106201172 -0.00229263305664063 0.461517333984375 -0.51507568359375
0.00960159301757813 0.0204315185546875 0.8118896484375 0.1993408203125
-0.00583600997924805 0.00544452667236328 0.38470458984375 0.89703369140625
-0.000915527343749999 0.0413818359375 -0.13726806640625 0.6663818359375
-0.0184822082519531 0.0374412536621094 0.0643043518066406 -0.00894927978515625
-0.00148582458496094 0.0282325744628906 0.01885986328125 -0.709716796875
0.0199832916259766 -0.00342750549316406 -0.67340087890625 -0.6568603515625
0.015559196472168 -0.0110435485839844 -0.7579345703125 0.215087890625
0.00927162170410156 -0.0212440490722656 -0.1397705078125 0.6072998046875
0.0129432678222656 -0.0366935729980469 0.2579345703125 0.39080810546875
-0.0089883804321289 -0.0175504684448242 0.358642578125 -0.0196533203125
-0.020599365234375 -0.0135726928710937 0.235382080078125 -0.255584716796875
-0.0293388366699219 -0.0385513305664063 -0.2109375 0.23284912109375
0.016265869140625 -0.0459861755371094 -0.257369995117188 -0.0888214111328125
0.0225067138671875 -0.0438232421875 -0.046356201171875 -0.47357177734375
0.0291481018066406 -0.00733184814453125 0.4720458984375 -0.507293701171875
0.0132331848144531 0.0178890228271484 0.81298828125 0.2137451171875
-0.00911712646484375 -0.00867652893066406 0.3709716796875 0.89617919921875
0.00184726715087891 0.0167379379272461 -0.1387939453125 0.64666748046875
-0.00714397430419922 0.011601448059082 0.0763473510742188 -0.0273361206054688
-0.00474071502685547 0.00637149810791016 0.0111083984375 -0.7215576171875
0.0150413513183594 -0.0121850967407227 -0.680419921875 -0.64453125
0.0206756591796875 -0.0141239166259766 -0.7513427734375 0.22955322265625
0.0124855041503906 -0.0272598266601563 -0.12591552734375 0.6070556640625
0.0121002197265625 -0.0465278625488281 0.259429931640625 0.38372802734375
-0.00958633422851562 -0.0256824493408203 0.35223388671875 -0.0230712890625
-0.0168666839599609 -0.0135173797607422 0.2249755859375 -0.258407592773438
-0.0244827270507813 -0.0371170043945312 -0.225128173828125 0.232559204101563
0.0169219970703125 -0.0525283813476563 -0.2667236328125 -0.09027099609375
0.0233039855957031 -0.0488204956054687 -0.052520751953125 -0.478271484375
0.0319652557373047 -0.00846290588378906 0.471893310546875 -0.511871337890625
0.012542724609375 0.0138654708862305 0.81317138671875 0.21148681640625
-0.0135650634765625 -0.0302772521972656 0.37261962890625 0.88763427734375
0.0116262435913086 -0.0172529220581055 -0.130615234375 0.63116455078125
0.0129623413085937 -0.0206871032714844 0.0869522094726563 -0.0407638549804687
-0.00536346435546875 -0.0235729217529297 0.0125732421875 -0.73193359375
0.00818443298339844 -0.0245265960693359 -0.6812744140625 -0.64569091796875
0.0202770233154297 -0.0163135528564453 -0.74859619140625 0.23199462890625
0.0135478973388672 -0.0293960571289062 -0.1258544921875 0.6064453125
0.0124855041503906 -0.0526580810546875 0.256439208984375 0.3848876953125
-0.00781631469726563 -0.0307674407958984 0.34197998046875 -0.021240234375
-0.0100412368774414 -0.0116634368896484 0.21356201171875 -0.260147094726563
-0.0170364379882813 -0.0345993041992188 -0.236038208007813 0.233932495117188
0.0166778564453125 -0.0540351867675781 -0.28302001953125 -0.079925537109375
0.0205726623535156 -0.0475082397460938 -0.079437255859375 -0.47467041015625
0.0265541076660156 -0.00601768493652344 0.44122314453125 -0.531982421875
0.00742292404174805 0.00822544097900391 0.81671142578125 0.1612548828125
-0.01849365234375 -0.0553855895996094 0.41656494140625 0.85223388671875
0.0218124389648438 -0.0572738647460938 -0.1015625 0.63226318359375
0.0393524169921875 -0.0577850341796875 0.0879058837890625 -0.0325393676757813
-0.00212097167968749 -0.0598869323730469 0.0405273437500001 -0.732666015625
-0.00180435180664063 -0.0420341491699219 -0.65509033203125 -0.68499755859375
0.0160140991210938 -0.0156059265136719 -0.76678466796875 0.1920166015625
0.0154666900634766 -0.0248394012451172 -0.160400390625 0.6007080078125
0.013214111328125 -0.0517005920410156 0.232940673828125 0.39752197265625
-0.00450897216796875 -0.0334701538085938 0.332244873046875 -0.007965087890625
-0.00310039520263672 -0.0114126205444336 0.206130981445313 -0.26055908203125
-0.0240898132324219 -0.0405960083007813 -0.196395874023438 0.255111694335938
0.0222511291503906 0.002044677734375 -0.280426025390625 -0.0223541259765625
0.00619316101074219 0.0198974609375 -0.16986083984375 -0.4197998046875
-0.0191612243652344 0.0355339050292969 0.28973388671875 -0.60479736328125
-0.0212860107421875 0.0254955291748047 0.79449462890625 -0.0537109375
-0.00522518157958984 -0.00744295120239258 0.60125732421875 0.73394775390625
0.0239467620849609 0.0328235626220703 -0.0032958984375 0.74578857421875
0.00403594970703125 0.0495872497558594 0.0168609619140625 0.112434387207031
0.0211963653564453 0.0280628204345703 0.15118408203125 -0.62811279296875
0.017186164855957 -0.0137557983398438 -0.49005126953125 -0.83905029296875
-0.0214271545410156 0.00119209289550781 -0.85235595703125 -0.0296020507812502
-0.0199947357177734 0.0263328552246094 -0.33782958984375 0.56610107421875
0.00308036804199219 0.0182304382324219 0.142913818359375 0.46405029296875
0.00243949890136719 0.0197715759277344 0.343536376953125 0.04852294921875
-0.0134944915771484 -0.0119638442993164 0.249176025390625 -0.231857299804688
-0.0278701782226563 -0.0394744873046875 -0.192092895507812 0.248321533203125
0.0204124450683594 -0.00414657592773438 -0.2716064453125 -0.0381011962890625
0.00689220428466797 0.00835895538330078 -0.13275146484375 -0.436920166015625
-0.0131473541259766 0.02490234375 0.3446044921875 -0.584716796875
-0.0149898529052734 0.0224246978759766 0.80926513671875 0.01885986328125
-0.00186300277709961 0.0040137767791748 0.54486083984375 0.7933349609375
0.0156936645507813 0.0520439147949219 -0.0477294921875 0.7362060546875
-0.0119438171386719 0.0617599487304688 0.0255889892578125 0.0833206176757813
0.0147438049316406 0.0426597595214844 0.111328125 -0.651123046875
0.0192680358886719 -0.00331878662109375 -0.55340576171875 -0.7852783203125
-0.0110340118408203 0.00222396850585937 -0.83782958984375 0.04962158203125
-0.0114679336547852 0.0161943435668945 -0.27880859375 0.58648681640625
0.00854063034057617 0.00771093368530273 0.182098388671875 0.44775390625
0.000225067138671874 0.0124397277832031 0.356231689453125 0.02850341796875
-0.0184288024902344 -0.0127220153808594 0.252975463867187 -0.238250732421875
-0.0331382751464844 -0.0393409729003906 -0.19061279296875 0.245147705078125
0.0179252624511719 -0.0131816864013672 -0.259552001953125 -0.0569305419921874
0.0089731216430664 -0.00598621368408203 -0.0980224609375 -0.45343017578125
-0.00425243377685547 0.013300895690918 0.397705078125 -0.56085205078125
-0.00671577453613281 0.0217418670654297 0.81829833984375 0.0941162109375
-0.000757217407226563 0.0118255615234375 0.48486328125 0.84716796875
0.0074005126953125 0.0605506896972656 -0.0898437499999999 0.718505859375
-0.0214729309082031 0.0653190612792969 0.0367546081542969 0.0501823425292969
0.00939178466796875 0.046844482421875 0.0718994140625 -0.67291259765625
0.0215015411376953 0.00133323669433594 -0.612548828125 -0.73162841796875
5.57899475097656E-05 -0.0013662576675415 -0.81158447265625 0.12493896484375
-0.00211143493652344 0.00381684303283691 -0.2193603515625 0.60260009765625
0.0112791061401367 -0.00742530822753906 0.219573974609375 0.4256591796875
-0.00317955017089844 0.00320577621459961 0.363677978515625 0.006988525390625
-0.0218105316162109 -0.0128707885742187 0.25054931640625 -0.24517822265625
-0.0361099243164062 -0.0387420654296875 -0.193038940429687 0.24169921875
0.0155296325683594 -0.0242176055908203 -0.25201416015625 -0.0731353759765625
0.0142650604248047 -0.0208282470703125 -0.069091796875 -0.464691162109375
0.00740194320678711 0.00433588027954101 0.438079833984375 -0.535675048828125
0.00202369689941406 0.0209197998046875 0.819091796875 0.15771484375
-0.00377845764160156 0.0122156143188477 0.427001953125 0.88299560546875
0.000663757324218749 0.0570030212402344 -0.12115478515625 0.69366455078125
-0.02447509765625 0.0563850402832031 0.0504112243652344 0.0176849365234375
0.00313568115234375 0.0426216125488281 0.0394287109375 -0.69476318359375
0.0216064453125 0.000585556030273438 -0.65313720703125 -0.686279296875
0.00877904891967773 -0.00621891021728516 -0.78533935546875 0.1834716796875
0.00398826599121094 -0.010009765625 -0.1717529296875 0.60845947265625
0.0127220153808594 -0.0239734649658203 0.2457275390625 0.4051513671875
-0.00700664520263672 -0.00735664367675781 0.3651123046875 -0.010711669921875
-0.0232334136962891 -0.0129470825195312 0.246139526367188 -0.253189086914063
-0.0352973937988281 -0.0382537841796875 -0.200408935546875 0.237518310546875
0.0154953002929688 -0.0358123779296875 -0.25244140625 -0.082916259765625
0.0197772979736328 -0.0346050262451172 -0.05242919921875 -0.471771240234375
0.0202369689941406 -0.00239372253417969 0.46539306640625 -0.5189208984375
0.00924491882324219 0.0198516845703125 0.81573486328125 0.19891357421875
-0.00592803955078125 0.00501108169555664 0.38983154296875 0.90167236328125
-0.000785827636718749 0.0423507690429688 -0.1368408203125 0.67181396484375
-0.0186119079589844 0.0379257202148437 0.0641632080078125 -0.00911712646484375
-0.00113296508789062 0.0277633666992188 0.017822265625 -0.71221923828125
0.0197639465332031 -0.00428962707519531 -0.6778564453125 -0.65777587890625
0.0163106918334961 -0.0108509063720703 -0.76324462890625 0.22076416015625
0.00908470153808594 -0.0211467742919922 -0.1390380859375 0.6109619140625
0.0124473571777344 -0.0364418029785156 0.25982666015625 0.39202880859375
-0.00905513763427735 -0.0170726776123047 0.3599853515625 -0.02142333984375
-0.0214881896972656 -0.0135822296142578 0.234527587890625 -0.257492065429688
-0.0311050415039062 -0.037109375 -0.210403442382813 0.235855102539063
0.0146026611328125 -0.045989990234375 -0.258148193359375 -0.088897705078125
0.0225410461425781 -0.0447235107421875 -0.046478271484375 -0.47650146484375
0.0295391082763672 -0.0068511962890625 0.4742431640625 -0.51312255859375
0.0128583908081055 0.0171403884887695 0.8177490234375 0.21307373046875
-0.00988101959228516 -0.00943565368652344 0.37548828125 0.90185546875
0.00222587585449219 0.0165529251098633 -0.13873291015625 0.65130615234375
-0.00661563873291016 0.0130472183227539 0.07611083984375 -0.0275955200195312
-0.00488901138305664 0.00704383850097656 0.012939453125 -0.72552490234375
0.0150651931762695 -0.0124597549438477 -0.68487548828125 -0.6475830078125
0.0207481384277344 -0.0150566101074219 -0.7542724609375 0.23199462890625
0.0125255584716797 -0.0292148590087891 -0.1259765625 0.6097412109375
0.0128364562988281 -0.0475616455078125 0.263153076171875 0.386749267578125
-0.00991439819335938 -0.0261211395263672 0.35369873046875 -0.025604248046875
-0.0183124542236328 -0.0131893157958984 0.22589111328125 -0.26190185546875
-0.0253562927246094 -0.0357398986816406 -0.223739624023438 0.235122680664063
0.0150604248046875 -0.0526084899902344 -0.26763916015625 -0.0904693603515625
0.0228691101074219 -0.048614501953125 -0.053680419921875 -0.480712890625
0.0308246612548828 -0.00710868835449219 0.473876953125 -0.51605224609375
0.0120916366577148 0.0127811431884766 0.819580078125 0.21112060546875
-0.0132369995117188 -0.0318946838378906 0.37725830078125 0.89227294921875
0.0118608474731445 -0.0171651840209961 -0.1297607421875 0.6356201171875
0.0126228332519531 -0.0199565887451172 0.0876083374023438 -0.0414657592773438
-0.00558090209960938 -0.0227127075195313 0.01123046875 -0.7353515625
0.00752449035644531 -0.0251235961914062 -0.68798828125 -0.6494140625
0.0207862854003906 -0.0163173675537109 -0.7550048828125 0.23504638671875
0.0149497985839844 -0.0300464630126953 -0.1251220703125 0.6097412109375
0.01226806640625 -0.0527458190917969 0.25848388671875 0.3858642578125
-0.00816535949707031 -0.0315093994140625 0.34344482421875 -0.023223876953125
-0.0103940963745117 -0.0119438171386719 0.2137451171875 -0.26239013671875
-0.0169563293457031 -0.0339145660400391 -0.235977172851563 0.236785888671875
0.015350341796875 -0.0545501708984375 -0.28436279296875 -0.080535888671875
0.0204048156738281 -0.0474700927734375 -0.08135986328125 -0.47650146484375
0.0272693634033203 -0.00568962097167969 0.4420166015625 -0.53582763671875
0.00728559494018555 0.00749683380126953 0.82220458984375 0.16046142578125
-0.0192146301269531 -0.0570487976074219 0.4205322265625 0.85797119140625
0.0226287841796875 -0.0575675964355469 -0.1007080078125 0.63677978515625
0.0394515991210938 -0.0573692321777344 0.0881576538085938 -0.033294677734375
-0.00266647338867188 -0.0591506958007813 0.03985595703125 -0.73797607421875
-0.00162124633789062 -0.042572021484375 -0.65960693359375 -0.6893310546875
0.0162515640258789 -0.0160617828369141 -0.77288818359375 0.19586181640625
0.0150947570800781 -0.0255813598632813 -0.16156005859375 0.60455322265625
0.0130500793457031 -0.0524139404296875 0.23504638671875 0.39959716796875
-0.00506973266601563 -0.0336093902587891 0.33392333984375 -0.010711669921875
-0.00416660308837891 -0.0111474990844727 0.206787109375 -0.262466430664063
-0.0248489379882813 -0.0392837524414063 -0.195098876953125 0.258071899414063
0.0210685729980469 0.0024261474609375 -0.282867431640625 -0.020843505859375
0.00684928894042969 0.0199756622314453 -0.1717529296875 -0.422637939453125
-0.0198707580566406 0.0362052917480469 0.28759765625 -0.61029052734375
-0.0211906433105469 0.0242271423339844 0.801025390625 -0.05938720703125
-0.00590705871582031 -0.0084228515625 0.60784912109375 0.73760986328125
0.0238895416259766 0.032440185546875 -0.00170898437499995 0.75079345703125
0.00288772583007812 0.0502395629882813 0.015869140625 0.112571716308594
0.0217227935791016 0.0288257598876953 0.150634765625 -0.632080078125
0.0180549621582031 -0.0135517120361328 -0.496826171875 -0.84271240234375
-0.0213203430175781 0.000741958618164062 -0.86016845703125 -0.0275268554687498
-0.0206394195556641 0.0263900756835938 -0.33880615234375 0.57208251953125
0.002532958984375 0.0184307098388672 0.146697998046875 0.466156005859375
0.00247764587402344 0.0198554992675781 0.34490966796875 0.047515869140625
-0.0141019821166992 -0.011204719543457 0.250457763671875 -0.235641479492188
-0.028839111328125 -0.0384941101074219 -0.191238403320312 0.252700805664063
0.0198898315429688 -0.00485801696777344 -0.272430419921875 -0.0364990234375
0.00662708282470703 0.00836610794067383 -0.13629150390625 -0.4415283203125
-0.0142402648925781 0.0256366729736328 0.34283447265625 -0.590087890625
-0.0157413482666016 0.0225486755371094 0.8165283203125 0.01470947265625
-0.00179386138916016 0.00286960601806641 0.55462646484375 0.79852294921875
0.0163040161132812 0.0526199340820312 -0.0443115234375001 0.74285888671875
-0.0123214721679688 0.0637855529785156 0.0245132446289063 0.0838623046875
0.0139617919921875 0.0439300537109375 0.1107177734375 -0.65496826171875
0.0200176239013672 -0.00299835205078125 -0.56036376953125 -0.79046630859375
-0.0122747421264648 0.00153541564941406 -0.8416748046875 0.0525512695312499
-0.0107173919677734 0.016387939453125 -0.2784423828125 0.591796875
0.00790739059448242 0.00696754455566406 0.185760498046875 0.448516845703125
0.000557899475097656 0.0125370025634766 0.357391357421875 0.0267333984375
-0.0187664031982422 -0.0121078491210937 0.2529296875 -0.241592407226562
-0.0334739685058594 -0.0383262634277344 -0.1900634765625 0.248306274414062
0.0172338485717773 -0.0134944915771484 -0.261566162109375 -0.0561676025390625
0.00911617279052734 -0.00589466094970703 -0.0999755859375 -0.45550537109375
-0.00472164154052734 0.0151863098144531 0.3983154296875 -0.56561279296875
-0.00662422180175781 0.0216102600097656 0.82366943359375 0.0906982421875
-0.00122165679931641 0.0109720230102539 0.491455078125 0.85205078125
0.00730514526367188 0.0615425109863281 -0.0880126953125 0.7236328125
-0.0216789245605469 0.0671768188476563 0.0371742248535156 0.0499534606933594
0.008514404296875 0.0479888916015625 0.0706787109375001 -0.6773681640625
0.0217056274414063 0.00156784057617187 -0.61810302734375 -0.7332763671875
-0.000825285911560059 -0.00128579139709473 -0.8175048828125 0.128662109375
-0.00268316268920898 0.00373983383178711 -0.21856689453125 0.60748291015625
0.0113048553466797 -0.00719833374023437 0.222320556640625 0.428314208984375
-0.00408840179443359 0.00288057327270508 0.364776611328125 0.005401611328125
-0.0230789184570312 -0.0121879577636719 0.252044677734375 -0.248519897460938
-0.03594970703125 -0.0381202697753906 -0.192672729492188 0.243392944335938
0.0154056549072266 -0.0247688293457031 -0.254364013671875 -0.0725860595703125
0.0140552520751953 -0.020599365234375 -0.071014404296875 -0.467681884765625
0.00849580764770508 0.0060577392578125 0.439422607421875 -0.541107177734375
0.00166130065917969 0.0213165283203125 0.8253173828125 0.1544189453125
-0.00396060943603516 0.0115699768066406 0.43438720703125 0.8885498046875
0.000656127929687504 0.0577735900878906 -0.12042236328125 0.6986083984375
-0.0237770080566406 0.0578689575195313 0.0507431030273437 0.0169944763183594
0.00382614135742188 0.0431404113769531 0.03814697265625 -0.69915771484375
0.0213603973388672 0.000925064086914063 -0.658935546875 -0.6890869140625
0.00903415679931641 -0.00685501098632812 -0.7900390625 0.18731689453125
0.00385284423828125 -0.00967693328857422 -0.17022705078125 0.61328125
0.0122547149658203 -0.0234336853027344 0.247955322265625 0.408355712890625
-0.0077519416809082 -0.00734663009643555 0.366607666015625 -0.011566162109375
-0.0237312316894531 -0.0121917724609375 0.245574951171875 -0.255294799804688
-0.0363655090332031 -0.0370635986328125 -0.200225830078125 0.240966796875
0.0136680603027344 -0.0357170104980469 -0.253952026367188 -0.083221435546875
0.0189304351806641 -0.034393310546875 -0.054443359375 -0.476531982421875
0.0207366943359375 -0.00124359130859375 0.465118408203125 -0.525360107421875
0.008758544921875 0.0198116302490234 0.8238525390625 0.197998046875
-0.00639438629150391 0.00394582748413086 0.3975830078125 0.90777587890625
-0.000839233398437498 0.0422019958496094 -0.13720703125 0.6761474609375
-0.0190582275390625 0.0394020080566406 0.0639915466308594 -0.00953292846679688
-0.00130462646484375 0.0287303924560547 0.0167236328125 -0.71734619140625
0.0202445983886719 -0.00442695617675781 -0.6834716796875 -0.661376953125
0.0164737701416016 -0.0117568969726563 -0.76983642578125 0.22259521484375
0.00885772705078125 -0.021148681640625 -0.1376953125 0.6156005859375
0.01263427734375 -0.0372200012207031 0.26397705078125 0.393524169921875
-0.00959300994873047 -0.0172567367553711 0.36407470703125 -0.02392578125
-0.0224285125732422 -0.012786865234375 0.236160278320312 -0.260604858398438
-0.0319328308105469 -0.0361862182617187 -0.210784912109375 0.239105224609375
0.0145988464355469 -0.0466461181640625 -0.259445190429688 -0.0887451171875
0.0228500366210938 -0.045257568359375 -0.0498046875 -0.480499267578125
0.029693603515625 -0.006195068359375 0.4739990234375 -0.519073486328125
0.0131511688232422 0.0180892944335938 0.826171875 0.2125244140625
-0.0101451873779297 -0.0101051330566406 0.3819580078125 0.90771484375
0.00245475769042969 0.0172176361083984 -0.13775634765625 0.656494140625
-0.00816154479980469 0.0139741897583008 0.0761032104492188 -0.0281524658203125
-0.00523519515991211 0.00775003433227539 0.0109863281250001 -0.7315673828125
0.0151901245117188 -0.0119113922119141 -0.6923828125 -0.6513671875
0.0199623107910156 -0.0153160095214844 -0.7611083984375 0.2373046875
0.0125331878662109 -0.0287265777587891 -0.1265869140625 0.6142578125
0.0115737915039063 -0.0484046936035156 0.26593017578125 0.386566162109375
-0.0102310180664063 -0.0256233215332031 0.35650634765625 -0.02703857421875
-0.0181369781494141 -0.0126972198486328 0.226089477539062 -0.263946533203125
-0.0265102386474609 -0.0344352722167969 -0.223968505859375 0.237503051757812
0.014068603515625 -0.0534286499023437 -0.270462036132813 -0.0902099609375
0.0230598449707031 -0.0491371154785156 -0.056304931640625 -0.48388671875
0.0324573516845703 -0.00724411010742188 0.473480224609375 -0.521514892578125
0.0127038955688477 0.0120534896850586 0.825927734375 0.20947265625
-0.0144290924072266 -0.0327892303466797 0.38568115234375 0.89923095703125
0.0119657516479492 -0.0172901153564453 -0.13006591796875 0.64031982421875
0.0124702453613281 -0.0197296142578125 0.0868682861328125 -0.0419158935546875
-0.00579833984375 -0.0224704742431641 0.010498046875 -0.74395751953125
0.00808525085449218 -0.0252819061279297 -0.69573974609375 -0.650390625
0.0216064453125 -0.0177536010742188 -0.75860595703125 0.239501953125
0.0142173767089844 -0.0303134918212891 -0.12432861328125 0.6143798828125
0.0113639831542969 -0.0533103942871094 0.262725830078125 0.38775634765625
-0.009033203125 -0.0316352844238281 0.345794677734375 -0.024749755859375
-0.0124368667602539 -0.0111656188964844 0.213882446289063 -0.265975952148438
-0.0181789398193359 -0.0321617126464844 -0.2366943359375 0.240280151367187
0.0148086547851563 -0.0548744201660156 -0.2864990234375 -0.08074951171875
0.0202865600585938 -0.0484962463378906 -0.083526611328125 -0.478851318359375
0.0275249481201172 -0.00490379333496094 0.442169189453125 -0.54168701171875
0.00655794143676758 0.00699090957641602 0.8299560546875 0.15655517578125
-0.0196418762207031 -0.0587844848632813 0.4273681640625 0.8631591796875
0.0227165222167969 -0.0578765869140625 -0.10040283203125 0.64056396484375
0.0398788452148438 -0.0571250915527344 0.0880279541015625 -0.0341949462890625
-0.00319671630859375 -0.0592575073242187 0.03887939453125 -0.74285888671875
-0.00196075439453125 -0.0425224304199219 -0.66845703125 -0.69183349609375
0.0164957046508789 -0.0166406631469727 -0.77801513671875 0.1998291015625
0.0151729583740234 -0.0262870788574219 -0.159912109375 0.60980224609375
0.0121917724609375 -0.0524978637695313 0.238800048828125 0.40234375
-0.00587654113769531 -0.0340137481689453 0.33551025390625 -0.01190185546875
-0.00490379333496094 -0.0102920532226563 0.206100463867187 -0.265228271484375
-0.0259513854980469 -0.0375404357910156 -0.193450927734375 0.2611083984375
0.0209827423095703 0.00151824951171875 -0.285064697265625 -0.02093505859375
0.00677680969238281 0.0205001831054688 -0.17608642578125 -0.4248046875
-0.0191993713378906 0.0379295349121094 0.2860107421875 -0.6168212890625
-0.0218257904052734 0.0246067047119141 0.80712890625 -0.0628662109375
-0.00584506988525391 -0.00898838043212891 0.61688232421875 0.73895263671875
0.0242424011230469 0.0332908630371094 0.00347900390624999 0.75592041015625
0.00255966186523438 0.0522193908691406 0.0167007446289062 0.113494873046875
0.0222415924072266 0.0294036865234375 0.1502685546875 -0.6373291015625
0.0177230834960938 -0.0138931274414063 -0.50567626953125 -0.84576416015625
-0.0216464996337891 0.000972747802734374 -0.86834716796875 -0.0244140625000002
-0.0208568572998047 0.0270595550537109 -0.3380126953125 0.57684326171875
0.00228309631347656 0.0180168151855469 0.150146484375 0.46807861328125
0.00378799438476562 0.0199356079101563 0.34747314453125 0.0450439453125
-0.0147981643676758 -0.0110034942626953 0.251083374023438 -0.23944091796875
-0.0300483703613281 -0.0377769470214844 -0.19061279296875 0.255661010742188
0.0191154479980469 -0.00567817687988281 -0.274368286132813 -0.0354766845703125
0.00682687759399414 0.00841140747070312 -0.1390380859375 -0.441802978515625
-0.0137386322021484 0.0259609222412109 0.34405517578125 -0.5972900390625
-0.0156002044677734 0.0225334167480469 0.82275390625 0.0093994140625
-0.00165915489196777 0.00234770774841309 0.5623779296875 0.8009033203125
0.0165596008300781 0.0526008605957031 -0.04229736328125 0.74859619140625
-0.01202392578125 0.0654449462890625 0.0245590209960938 0.0837554931640625
0.0156097412109375 0.0438575744628906 0.10906982421875 -0.660888671875
0.0201492309570313 -0.00281143188476563 -0.56683349609375 -0.79205322265625
-0.0109519958496094 0.00143051147460938 -0.85137939453125 0.05743408203125
-0.0108413696289063 0.0163173675537109 -0.27728271484375 0.5977783203125
0.00757741928100586 0.00705480575561523 0.189178466796875 0.451141357421875
-0.000329017639160157 0.0122594833374023 0.35894775390625 0.023193359375
-0.0200672149658203 -0.0115375518798828 0.253738403320313 -0.24493408203125
-0.0350532531738281 -0.0379638671875 -0.18914794921875 0.250885009765625
0.0163650512695313 -0.0140962600708008 -0.263839721679688 -0.0558013916015625
0.00938320159912109 -0.00538253784179688 -0.103668212890625 -0.45904541015625
-0.00416946411132812 0.0159292221069336 0.3968505859375 -0.57330322265625
-0.00678443908691406 0.0212554931640625 0.832763671875 0.08624267578125
-0.00151443481445313 0.0103025436401367 0.49957275390625 0.856689453125
0.00826263427734375 0.0612754821777344 -0.0852661132812499 0.73004150390625
-0.0224571228027344 0.0683250427246094 0.0369224548339844 0.0501556396484375
0.00844955444335938 0.0502662658691406 0.0678710937499999 -0.68292236328125
0.0217170715332031 0.00121498107910156 -0.62579345703125 -0.73651123046875
-0.00146234035491943 -0.00137162208557129 -0.823486328125 0.133544921875
-0.00177955627441406 0.00317263603210449 -0.217529296875 0.612548828125
0.0108566284179688 -0.00756359100341797 0.226715087890625 0.430328369140625
-0.00468635559082031 0.00243711471557617 0.36712646484375 0.002777099609375
-0.0231132507324219 -0.0122814178466797 0.251861572265625 -0.2515869140625
-0.0381660461425781 -0.03692626953125 -0.19189453125 0.24713134765625
0.0143146514892578 -0.0255641937255859 -0.25604248046875 -0.0714263916015626
0.0137004852294922 -0.0205326080322266 -0.0737609863281251 -0.471099853515625
0.00853967666625977 0.00645017623901367 0.43939208984375 -0.547821044921875
0.00148391723632813 0.0205459594726563 0.832763671875 0.15093994140625
-0.00355720520019531 0.0113039016723633 0.44317626953125 0.89227294921875
0.00185775756835937 0.058135986328125 -0.11669921875 0.70526123046875
-0.0244903564453125 0.0594673156738281 0.0506591796875 0.017333984375
0.00282669067382813 0.0433845520019531 0.0352783203125 -0.7037353515625
0.0218124389648437 0.000675201416015625 -0.66839599609375 -0.6900634765625
0.00890922546386719 -0.00648021697998047 -0.79534912109375 0.19268798828125
0.00463294982910156 -0.00968360900878906 -0.1678466796875 0.61767578125
0.0119667053222656 -0.0236568450927734 0.25201416015625 0.409515380859375
-0.00798511505126953 -0.00680065155029297 0.368133544921875 -0.0147705078125
-0.0249786376953125 -0.0121803283691406 0.245498657226562 -0.258285522460937
-0.0368728637695313 -0.036041259765625 -0.199066162109375 0.24383544921875
0.0128440856933594 -0.0366401672363281 -0.2557373046875 -0.08270263671875
0.0189361572265625 -0.0352592468261719 -0.056854248046875 -0.47900390625
0.0207157135009766 -0.00159072875976562 0.46490478515625 -0.531097412109375
0.00909042358398438 0.0196285247802734 0.83221435546875 0.19427490234375
-0.00698947906494141 0.00342226028442383 0.40545654296875 0.912841796875
-0.000679016113281252 0.0421218872070313 -0.13470458984375 0.68133544921875
-0.0196495056152344 0.04022216796875 0.0645713806152344 -0.00962066650390625
-0.00227737426757813 0.0295867919921875 0.0132446289062499 -0.72332763671875
0.0195350646972656 -0.00405502319335938 -0.69329833984375 -0.66253662109375
0.0163660049438477 -0.0122919082641602 -0.77410888671875 0.2301025390625
0.00914764404296875 -0.0209999084472656 -0.13555908203125 0.6214599609375
0.0112152099609375 -0.0377464294433594 0.268798828125 0.394927978515625
-0.0104312896728516 -0.0176887512207031 0.3651123046875 -0.026153564453125
-0.0231380462646484 -0.0117301940917969 0.235885620117188 -0.264114379882813
-0.0326976776123047 -0.0344409942626953 -0.209365844726563 0.242401123046875
0.013031005859375 -0.0466880798339844 -0.261978149414063 -0.0879058837890624
0.0227813720703125 -0.0456390380859375 -0.052734375 -0.484100341796875
0.0297565460205078 -0.00638389587402344 0.4744873046875 -0.526336669921875
0.0124635696411133 0.0163030624389648 0.83197021484375 0.20880126953125
-0.01031494140625 -0.0107030868530273 0.391357421875 0.9144287109375
0.00285434722900391 0.0167093276977539 -0.13568115234375 0.66192626953125
-0.00746726989746094 0.0156764984130859 0.0762557983398438 -0.0291519165039063
-0.00593948364257812 0.00864934921264649 0.00756835937500002 -0.73785400390625
0.0149736404418945 -0.0120029449462891 -0.701904296875 -0.65093994140625
0.0211429595947266 -0.0159797668457031 -0.7662353515625 0.24224853515625
0.0127468109130859 -0.0294303894042969 -0.125 0.61822509765625
0.0111656188964844 -0.0484275817871094 0.269317626953125 0.388153076171875
-0.0106792449951172 -0.0259838104248047 0.357879638671875 -0.03094482421875
-0.0186538696289063 -0.0119857788085938 0.22491455078125 -0.268081665039063
-0.026397705078125 -0.0332565307617188 -0.223541259765625 0.241546630859375
0.0132827758789063 -0.0538749694824219 -0.27288818359375 -0.089996337890625
0.0240631103515625 -0.0499191284179687 -0.0589599609375 -0.488006591796875
0.0323028564453125 -0.00703620910644531 0.47314453125 -0.528167724609375
0.0125188827514648 0.0121555328369141 0.83441162109375 0.205810546875
-0.014068603515625 -0.033660888671875 0.39263916015625 0.90264892578125
0.0119409561157227 -0.0173892974853516 -0.1275634765625 0.64422607421875
0.0125846862792969 -0.0187931060791016 0.0869903564453125 -0.0428466796875
-0.00703239440917968 -0.0221233367919922 0.00701904296875005 -0.74798583984375
0.00720405578613281 -0.0253925323486328 -0.7037353515625 -0.6514892578125
0.0203819274902344 -0.0169792175292969 -0.7635498046875 0.2437744140625
0.0137653350830078 -0.0301380157470703 -0.12322998046875 0.62005615234375
0.0105438232421875 -0.0550193786621094 0.26727294921875 0.3878173828125
-0.0104160308837891 -0.0324668884277344 0.34796142578125 -0.028045654296875
-0.0124683380126953 -0.0103321075439453 0.212631225585938 -0.2696533203125
-0.0183372497558594 -0.0312156677246094 -0.235610961914063 0.244674682617188
0.0142745971679688 -0.0562057495117187 -0.28851318359375 -0.079254150390625
0.0195045471191406 -0.0491409301757813 -0.08746337890625 -0.482879638671875
0.0290794372558594 -0.00479888916015625 0.44183349609375 -0.550079345703125
0.00725126266479492 0.00743579864501953 0.83734130859375 0.15484619140625
-0.0211715698242187 -0.0585136413574219 0.43603515625 0.86700439453125
0.0225257873535156 -0.0586318969726562 -0.09906005859375 0.645751953125
0.0393257141113281 -0.0562400817871094 0.0888748168945312 -0.0342330932617187
-0.00329971313476563 -0.0586471557617188 0.0346679687499999 -0.74884033203125
-0.002655029296875 -0.0433158874511719 -0.67681884765625 -0.69384765625
0.0160417556762695 -0.0161972045898438 -0.78448486328125 0.2047119140625
0.0150833129882813 -0.0264701843261719 -0.15740966796875 0.61529541015625
0.0118980407714844 -0.0535507202148438 0.242767333984375 0.403167724609375
-0.00636100769042969 -0.0344524383544922 0.3375244140625 -0.014801025390625
-0.00568008422851563 -0.00993633270263672 0.205886840820313 -0.26837158203125
-0.026611328125 -0.0356483459472656 -0.192276000976563 0.264785766601563
0.0199241638183594 0.00163459777832031 -0.286041259765625 -0.0184326171875
0.0067596435546875 0.0204734802246094 -0.180816650390625 -0.42535400390625
-0.0190391540527344 0.0375785827636719 0.28363037109375 -0.623291015625
-0.0226097106933594 0.0244903564453125 0.814453125 -0.07147216796875
-0.00557899475097656 -0.0102758407592773 0.62872314453125 0.74090576171875
0.0251274108886719 0.0336513519287109 0.00738525390624994 0.76220703125
0.00339889526367187 0.0534324645996094 0.0169525146484375 0.113487243652344
0.0221366882324219 0.0305137634277344 0.1483154296875 -0.643310546875
0.0177688598632813 -0.0137042999267578 -0.515380859375 -0.84942626953125
-0.0216407775878906 0.000726699829101564 -0.87457275390625 -0.0178222656249999
-0.0200271606445312 0.0263996124267578 -0.3375244140625 0.58349609375
0.0017547607421875 0.0186653137207031 0.153961181640625 0.47039794921875
0.0019378662109375 0.0197887420654297 0.349639892578125 0.04217529296875
-0.0158796310424805 -0.00975227355957031 0.250564575195312 -0.241973876953125
-0.031280517578125 -0.036163330078125 -0.187973022460937 0.2591552734375
0.0191993713378906 -0.00609588623046875 -0.276565551757813 -0.0342864990234375
0.00698375701904297 0.00840234756469727 -0.14373779296875 -0.445709228515625
-0.0138092041015625 0.0280113220214844 0.34051513671875 -0.60516357421875
-0.0158729553222656 0.0227031707763672 0.83123779296875 0.00421142578125
-0.00192487239837647 0.00147557258605957 0.57049560546875 0.803955078125
0.0175743103027344 0.0529365539550781 -0.0377197265624999 0.752685546875
-0.0120086669921875 0.0668716430664063 0.0241546630859375 0.0845184326171875
0.0150985717773438 0.0448875427246094 0.10467529296875 -0.66546630859375
0.0203189849853516 -0.00377464294433594 -0.577880859375 -0.79400634765625
-0.0116748809814453 0.000844001770019532 -0.85443115234375 0.0636596679687501
-0.0102176666259766 0.0171833038330078 -0.276123046875 0.603515625
0.00692272186279297 0.00658512115478516 0.19549560546875 0.4534912109375
-0.000779151916503905 0.012415885925293 0.36083984375 0.02099609375
-0.0215415954589844 -0.0108566284179688 0.252777099609375 -0.249130249023438
-0.0360794067382813 -0.0359115600585938 -0.187881469726562 0.2552490234375
0.0157318115234375 -0.0146751403808594 -0.265228271484375 -0.054107666015625
0.00918292999267578 -0.00567436218261719 -0.1064453125 -0.462249755859375
-0.00433921813964844 0.0172080993652344 0.39520263671875 -0.57879638671875
-0.00724411010742188 0.0206642150878906 0.8399658203125 0.08038330078125
-0.00151348114013672 0.0088815689086914 0.5120849609375 0.858642578125
0.00890350341796875 0.0622711181640625 -0.08050537109375 0.73333740234375
-0.0211563110351562 0.0701446533203125 0.0366897583007813 0.0501213073730469
0.00881195068359375 0.0500373840332031 0.06591796875 -0.68817138671875
0.0220317840576172 0.000303268432617188 -0.63641357421875 -0.7381591796875
-0.000140309333801269 -0.00150895118713379 -0.82952880859375 0.13958740234375
-0.00290679931640625 0.00321292877197266 -0.21502685546875 0.61822509765625
0.0104541778564453 -0.00872993469238281 0.231201171875 0.430206298828125
-0.00412607192993164 0.0024876594543457 0.36907958984375 -0.00115966796875
-0.0242538452148438 -0.0116214752197266 0.252288818359375 -0.256195068359375
-0.0388221740722656 -0.0354652404785156 -0.191619873046875 0.2525634765625
0.0143089294433594 -0.0255622863769531 -0.258087158203125 -0.069854736328125
0.0138988494873047 -0.0214138031005859 -0.076629638671875 -0.473419189453125
0.00923919677734375 0.00651359558105469 0.436614990234375 -0.5548095703125
0.000457763671875 0.0200481414794922 0.84356689453125 0.14581298828125
-0.00383472442626953 0.0108566284179688 0.4525146484375 0.89898681640625
0.00101470947265625 0.0588912963867187 -0.11334228515625 0.710693359375
-0.0233421325683594 0.0613670349121094 0.0504608154296875 0.0158500671386719
0.00332260131835938 0.045501708984375 0.0302124023437501 -0.70849609375
0.0216808319091797 0.000478744506835938 -0.67681884765625 -0.68865966796875
0.00901412963867188 -0.00661945343017578 -0.802001953125 0.19970703125
0.00505161285400391 -0.0104036331176758 -0.1639404296875 0.623779296875
0.0121517181396484 -0.0232925415039063 0.257904052734375 0.40972900390625
-0.00858736038208008 -0.00863742828369141 0.371673583984375 -0.018707275390625
-0.0247364044189453 -0.0119266510009766 0.244430541992188 -0.263290405273438
-0.0376510620117188 -0.0350341796875 -0.197982788085938 0.24822998046875
0.0126724243164062 -0.0376625061035156 -0.258148193359375 -0.08160400390625
0.0190238952636719 -0.0356712341308594 -0.061126708984375 -0.48291015625
0.0210304260253906 -0.00075531005859375 0.464324951171875 -0.53936767578125
0.00897216796875 0.0198020935058594 0.8416748046875 0.18896484375
-0.00729513168334961 0.00268411636352539 0.4161376953125 0.915771484375
-0.000831604003906247 0.0425300598144531 -0.13092041015625 0.6871337890625
-0.0190391540527344 0.0413970947265625 0.0639839172363281 -0.0114517211914062
-0.00152397155761719 0.03057861328125 0.00860595703125004 -0.728515625
0.0192794799804688 -0.0047607421875 -0.70135498046875 -0.66119384765625
0.0165824890136719 -0.0126447677612305 -0.77996826171875 0.237060546875
0.00876617431640625 -0.0215358734130859 -0.1317138671875 0.62628173828125
0.0118141174316406 -0.0385398864746094 0.27154541015625 0.3958740234375
-0.0114192962646484 -0.0176830291748047 0.36651611328125 -0.030364990234375
-0.0240898132324219 -0.0111484527587891 0.235183715820312 -0.2677001953125
-0.0339260101318359 -0.0339546203613281 -0.20794677734375 0.245986938476562
0.0122642517089844 -0.0481338500976563 -0.26373291015625 -0.086944580078125
0.023223876953125 -0.0447883605957031 -0.057159423828125 -0.487548828125
0.0310840606689453 -0.00634956359863281 0.473480224609375 -0.53253173828125
0.0132350921630859 0.0164899826049805 0.83917236328125 0.2025146484375
-0.0114336013793945 -0.0116233825683594 0.39947509765625 0.9188232421875
0.00304698944091797 0.0166692733764648 -0.13238525390625 0.666259765625
-0.00748538970947266 0.0166444778442383 0.0760574340820313 -0.029876708984375
-0.00489854812622071 0.00782680511474609 0.00280761718749992 -0.74346923828125
0.0146989822387695 -0.0130472183227539 -0.7103271484375 -0.650146484375
0.0207023620605469 -0.0165443420410156 -0.77008056640625 0.2491455078125
0.0127735137939453 -0.0292129516601563 -0.1204833984375 0.6251220703125
0.0110015869140625 -0.049774169921875 0.27587890625 0.3887939453125
-0.0120353698730469 -0.0270156860351562 0.3580322265625 -0.03387451171875
-0.0196132659912109 -0.0112495422363281 0.224456787109375 -0.271560668945313
-0.0272636413574219 -0.0320930480957031 -0.221572875976563 0.2462158203125
0.0127220153808594 -0.0538291931152344 -0.274795532226563 -0.0886383056640625
0.0234413146972656 -0.050445556640625 -0.06329345703125 -0.4921875
0.0333995819091797 -0.00518226623535156 0.47265625 -0.53607177734375
0.0117063522338867 0.0119047164916992 0.8419189453125 0.2000732421875
-0.0165557861328125 -0.0342731475830078 0.4022216796875 0.90740966796875
0.0119056701660156 -0.0177173614501953 -0.12542724609375 0.651611328125
0.0132293701171875 -0.0173015594482422 0.086700439453125 -0.0444564819335938
-0.00724220275878906 -0.0221595764160156 0.00360107421874998 -0.7557373046875
0.00767898559570312 -0.0268802642822266 -0.71343994140625 -0.6514892578125
0.0203876495361328 -0.0174770355224609 -0.76763916015625 0.25079345703125
0.0139636993408203 -0.0314788818359375 -0.1202392578125 0.62408447265625
0.0105018615722656 -0.0553398132324219 0.27288818359375 0.3887939453125
-0.0100212097167969 -0.0314216613769531 0.3492431640625 -0.032318115234375
-0.0130929946899414 -0.0106668472290039 0.21173095703125 -0.272811889648438
-0.018524169921875 -0.0307025909423828 -0.2349853515625 0.248275756835938
0.0138816833496094 -0.0562019348144531 -0.2918701171875 -0.0787963867187499
0.0199394226074219 -0.0494384765625 -0.0917358398437501 -0.48583984375
0.0294628143310547 -0.00356674194335937 0.441314697265625 -0.557281494140625
0.00701570510864258 0.00622320175170898 0.84405517578125 0.1494140625
-0.0218658447265625 -0.059295654296875 0.44647216796875 0.870849609375
0.0228767395019531 -0.0589561462402344 -0.0954589843750001 0.65277099609375
0.0402488708496094 -0.055999755859375 0.0878677368164063 -0.0343856811523438
-0.0041656494140625 -0.0582542419433594 0.0308837890625 -0.7525634765625
-0.0032806396484375 -0.0441856384277344 -0.68792724609375 -0.6943359375
0.0160551071166992 -0.0171289443969727 -0.78851318359375 0.20904541015625
0.0149078369140625 -0.0275764465332031 -0.15631103515625 0.6187744140625
0.01092529296875 -0.0541419982910156 0.248016357421875 0.404052734375
-0.00701522827148437 -0.0352210998535156 0.33935546875 -0.01812744140625
-0.00498485565185547 -0.00970077514648438 0.20465087890625 -0.271697998046875
-0.0281867980957031 -0.0351905822753906 -0.190689086914063 0.268951416015625
0.0200958251953125 0.00017547607421875 -0.28759765625 -0.015655517578125
0.00720596313476562 0.0204448699951172 -0.184722900390625 -0.4278564453125
-0.0183181762695312 0.0397987365722656 0.27996826171875 -0.6304931640625
-0.0228633880615234 0.0246143341064453 0.8175048828125 -0.08026123046875
-0.0064239501953125 -0.0115804672241211 0.638916015625 0.74139404296875
0.0257778167724609 0.0337562561035156 0.0133666992187499 0.76617431640625
0.00391006469726563 0.0548744201660156 0.0166397094726563 0.113632202148438
0.0226669311523438 0.0309429168701172 0.14532470703125 -0.64794921875
0.0180721282958984 -0.0147438049316406 -0.52569580078125 -0.85107421875
-0.0217342376708984 0.00138092041015625 -0.8818359375 -0.0105590820312501
-0.0204753875732422 0.0265712738037109 -0.33538818359375 0.5906982421875
0.00210380554199219 0.0181255340576172 0.15936279296875 0.472320556640625
0.00252151489257813 0.0203876495361328 0.3514404296875 0.03790283203125
-0.0165910720825195 -0.0091552734375 0.249099731445313 -0.24713134765625
-0.0321578979492188 -0.0351905822753906 -0.187652587890625 0.263092041015625
0.0181770324707031 -0.00652122497558594 -0.277984619140625 -0.0316619873046875
0.00671291351318359 0.00946998596191406 -0.1480712890625 -0.447113037109375
-0.0135211944580078 0.0291347503662109 0.33709716796875 -0.612548828125
-0.0171298980712891 0.0223026275634766 0.83502197265625 -0.00482177734375
-0.00243377685546875 0.000664472579956055 0.584716796875 0.80584716796875
0.0177955627441406 0.0528564453125 -0.03179931640625 0.757080078125
-0.0112495422363281 0.0680770874023438 0.0246124267578125 0.0844573974609375
0.0156669616699219 0.0454826354980469 0.10198974609375 -0.67010498046875
0.0204238891601563 -0.00385665893554688 -0.5880126953125 -0.79388427734375
-0.0109643936157227 0.00164985656738281 -0.86212158203125 0.07147216796875
-0.010838508605957 0.0170879364013672 -0.27191162109375 0.61041259765625
0.00619173049926758 0.00698566436767578 0.199188232421875 0.45465087890625
-0.000617980957031251 0.0123386383056641 0.3641357421875 0.016143798828125
-0.0222091674804688 -0.0101909637451172 0.252334594726562 -0.2535400390625
-0.0369758605957031 -0.0345840454101562 -0.185394287109375 0.259552001953125
0.0149917602539063 -0.015385627746582 -0.266326904296875 -0.0520477294921875
0.00966644287109375 -0.00592803955078125 -0.111572265625 -0.463897705078125
-0.00332355499267578 0.0174293518066406 0.3912353515625 -0.58807373046875
-0.00772666931152344 0.0208072662353516 0.8465576171875 0.07354736328125
-0.00156211853027344 0.00964260101318359 0.52215576171875 0.86260986328125
0.00905990600585938 0.0621147155761719 -0.0753784179687499 0.73895263671875
-0.0217132568359375 0.0707855224609375 0.0368576049804688 0.0503959655761719
0.00899124145507813 0.0509834289550781 0.06005859375 -0.69244384765625
0.0225658416748047 0.000629425048828125 -0.6468505859375 -0.7364501953125
-0.000582337379455566 -0.00129401683807373 -0.8355712890625 0.14959716796875
-0.00220465660095215 0.00365996360778809 -0.21044921875 0.62408447265625
0.00982093811035156 -0.0081634521484375 0.23651123046875 0.4322509765625
-0.00490617752075195 0.00304508209228516 0.37066650390625 -0.0052490234375
-0.0255146026611328 -0.0109424591064453 0.249526977539063 -0.260528564453125
-0.0396461486816406 -0.0341110229492188 -0.18890380859375 0.25616455078125
0.0126686096191406 -0.026458740234375 -0.25982666015625 -0.0683746337890625
0.0134372711181641 -0.0210857391357422 -0.0831298828125 -0.476348876953125
0.00857782363891602 0.00715923309326172 0.434814453125 -0.5638427734375
0.000442504882812501 0.0203857421875 0.85009765625 0.13873291015625
-0.00399017333984375 0.00999259948730469 0.464599609375 0.90106201171875
0.00251388549804688 0.0592193603515625 -0.10955810546875 0.71612548828125
-0.0237274169921875 0.0629119873046875 0.0496330261230469 0.0160408020019531
0.0033416748046875 0.0453147888183594 0.0255126953125 -0.7137451171875
0.0217380523681641 9.5367431640625E-05 -0.6885986328125 -0.6905517578125
0.00948429107666016 -0.0073995590209961 -0.80364990234375 0.20709228515625
0.00493240356445312 -0.0102062225341797 -0.16070556640625 0.62969970703125
0.0110034942626953 -0.02398681640625 0.26318359375 0.409271240234375
-0.00849008560180664 -0.00765609741210937 0.37200927734375 -0.022186279296875
-0.0268402099609375 -0.0101661682128906 0.243545532226562 -0.267501831054688
-0.0392227172851562 -0.0326271057128906 -0.1956787109375 0.251876831054688
0.011627197265625 -0.0380439758300781 -0.259536743164063 -0.07989501953125
0.0188484191894531 -0.0358428955078125 -0.06524658203125 -0.484649658203125
0.0219764709472656 -8.392333984375E-05 0.461883544921875 -0.54779052734375
0.0090484619140625 0.0183639526367188 0.8468017578125 0.1812744140625
-0.00818538665771484 0.00263690948486328 0.42730712890625 0.9207763671875
-0.000148773193359375 0.0431938171386719 -0.1265869140625 0.69207763671875
-0.0188674926757813 0.0434837341308594 0.0632133483886719 -0.0113487243652344
-0.00214958190917969 0.0309638977050781 0.00360107421875002 -0.73260498046875
0.0200710296630859 -0.00482368469238281 -0.71417236328125 -0.6597900390625
0.0166702270507813 -0.012913703918457 -0.78369140625 0.24334716796875
0.00943756103515625 -0.0219783782958984 -0.1285400390625 0.6314697265625
0.0105781555175781 -0.039703369140625 0.278350830078125 0.39508056640625
-0.011688232421875 -0.0179710388183594 0.3677978515625 -0.033294677734375
-0.0245380401611328 -0.00996971130371094 0.2344970703125 -0.272262573242188
-0.0338916778564453 -0.0320949554443359 -0.20635986328125 0.250274658203125
0.0106658935546875 -0.0479393005371094 -0.2664794921875 -0.0855255126953125
0.0229721069335937 -0.0466461181640625 -0.063690185546875 -0.49078369140625
0.0313091278076172 -0.00610923767089844 0.47064208984375 -0.5416259765625
0.012598991394043 0.0156259536743164 0.84820556640625 0.19781494140625
-0.0116024017333984 -0.0117406845092773 0.41192626953125 0.9207763671875
0.00311088562011719 0.0172901153564453 -0.12847900390625 0.6729736328125
-0.00680255889892578 0.0171871185302734 0.0747756958007813 -0.0308761596679688
-0.00596141815185547 0.00948810577392578 -0.00274658203125005 -0.74700927734375
0.0155715942382813 -0.0135107040405273 -0.72064208984375 -0.65045166015625
0.0207901000976563 -0.0165958404541016 -0.77392578125 0.2578125
0.0124721527099609 -0.0298900604248047 -0.11700439453125 0.630126953125
0.009674072265625 -0.0500297546386719 0.28045654296875 0.38861083984375
-0.01318359375 -0.0267086029052734 0.3609619140625 -0.03704833984375
-0.0208511352539063 -0.010833740234375 0.222991943359375 -0.27642822265625
-0.0274848937988281 -0.0310268402099609 -0.220916748046875 0.250534057617188
0.0111351013183594 -0.054901123046875 -0.277679443359375 -0.0866394042968751
0.0221977233886719 -0.0503883361816406 -0.0679931640625001 -0.49383544921875
0.0338115692138672 -0.00657272338867187 0.470855712890625 -0.545196533203125
0.012263298034668 0.0111198425292969 0.8502197265625 0.19451904296875
-0.0163764953613281 -0.034637451171875 0.4140625 0.91259765625
0.0121231079101563 -0.0176124572753906 -0.12060546875 0.6556396484375
0.0127553939819336 -0.0173778533935547 0.0864944458007813 -0.0446319580078125
-0.00763893127441406 -0.0208053588867188 -0.00317382812499992 -0.7593994140625
0.00670433044433594 -0.0258846282958984 -0.72381591796875 -0.65045166015625
0.020843505859375 -0.0181617736816406 -0.772216796875 0.259033203125
0.0145549774169922 -0.0322685241699219 -0.114990234375 0.62774658203125
0.00961685180664063 -0.055206298828125 0.276641845703125 0.38763427734375
-0.0106754302978516 -0.0322055816650391 0.350555419921875 -0.03515625
-0.0133476257324219 -0.00947189331054688 0.210403442382813 -0.27703857421875
-0.0199012756347656 -0.0293407440185547 -0.232315063476562 0.252899169921875
0.0114822387695313 -0.05712890625 -0.29400634765625 -0.0765380859375
0.0191879272460938 -0.049072265625 -0.09747314453125 -0.4881591796875
0.0301399230957031 -0.00425910949707031 0.43792724609375 -0.56439208984375
0.00645637512207031 0.00612497329711914 0.85174560546875 0.14013671875
-0.0235061645507813 -0.0606613159179688 0.4581298828125 0.873779296875
0.0228157043457031 -0.0591697692871094 -0.089599609375 0.65570068359375
0.0401039123535156 -0.0552711486816406 0.0876617431640625 -0.0361557006835938
-0.00497817993164062 -0.058837890625 0.0244140625 -0.76092529296875
-0.0032501220703125 -0.0443038940429688 -0.69671630859375 -0.69073486328125
0.0162839889526367 -0.0171909332275391 -0.79400634765625 0.21856689453125
0.0158615112304688 -0.026336669921875 -0.15185546875 0.62579345703125
0.01019287109375 -0.0547599792480469 0.25360107421875 0.403717041015625
-0.0076751708984375 -0.0352859497070313 0.3404541015625 -0.021514892578125
-0.00599575042724609 -0.00889968872070313 0.202972412109375 -0.27606201171875
-0.0291042327880859 -0.0342540740966797 -0.188064575195313 0.273223876953125
0.0194911956787109 0.000782012939453125 -0.28961181640625 -0.01251220703125
0.00742912292480469 0.0209484100341797 -0.190521240234375 -0.427764892578125
-0.0175132751464844 0.0413322448730469 0.27294921875 -0.63909912109375
-0.0229759216308594 0.0242366790771484 0.82275390625 -0.0904541015625
-0.00650501251220703 -0.0117025375366211 0.65179443359375 0.74090576171875
0.0261707305908203 0.0332221984863281 0.0223999023437501 0.77203369140625
0.00391769409179687 0.0552902221679688 0.0178680419921875 0.115341186523438
0.0218467712402344 0.0309524536132813 0.139404296875 -0.6534423828125
0.0176868438720703 -0.0133628845214844 -0.53704833984375 -0.84991455078125
-0.0209369659423828 0.00194358825683594 -0.88787841796875 -0.00164794921875013
-0.0203132629394531 0.027374267578125 -0.32891845703125 0.59716796875
0.000968933105468748 0.0183067321777344 0.165283203125 0.4737548828125
0.00218582153320313 0.0202178955078125 0.35382080078125 0.03472900390625
-0.0174598693847656 -0.00795269012451172 0.24822998046875 -0.251800537109375
-0.0334281921386719 -0.0330486297607422 -0.184402465820313 0.267410278320313
0.0168027877807617 -0.00654125213623047 -0.27978515625 -0.028564453125
0.00786113739013672 0.00912761688232422 -0.152984619140625 -0.4483642578125
-0.0124130249023437 0.0300312042236328 0.33184814453125 -0.6197509765625
-0.0160465240478516 0.0216350555419922 0.84100341796875 -0.0130615234375
-0.00237870216369629 4.95910644531253E-05 0.5977783203125 0.80487060546875
0.0190925598144531 0.0534133911132813 -0.024169921875 0.763427734375
-0.0108985900878906 0.0695114135742188 0.0251998901367188 0.084686279296875
0.0158233642578125 0.0467491149902344 0.0961303710937501 -0.67535400390625
0.0198593139648438 -0.00385665893554688 -0.60107421875 -0.7928466796875
-0.0114269256591797 0.00208282470703125 -0.8681640625 0.08001708984375
-0.0106906890869141 0.0171194076538086 -0.26788330078125 0.61749267578125
0.00606727600097656 0.00671672821044922 0.20550537109375 0.454559326171875
-0.000761032104492186 0.0124635696411133 0.36480712890625 0.012420654296875
-0.0231571197509766 -0.00909996032714844 0.25103759765625 -0.2584228515625
-0.0381889343261719 -0.0328330993652344 -0.183425903320313 0.263671875
0.0141868591308594 -0.0150203704833984 -0.268280029296875 -0.0495147705078125
0.00959396362304687 -0.00580215454101563 -0.11810302734375 -0.46588134765625
-0.00310325622558594 0.0179576873779297 0.38751220703125 -0.59613037109375
-0.00765800476074219 0.0206813812255859 0.85223388671875 0.06365966796875
-0.00163030624389648 0.00747919082641602 0.5367431640625 0.8609619140625
0.00984573364257813 0.0633964538574219 -0.0687255859375 0.74560546875
-0.0197906494140625 0.0738143920898438 0.0374984741210938 0.0503387451171875
0.00947570800781249 0.0520477294921875 0.05413818359375 -0.6986083984375
0.0222873687744141 0.000776290893554687 -0.65802001953125 -0.73388671875
5.96046447753905E-05 -0.0020374059677124 -0.83843994140625 0.1566162109375
-0.00213980674743652 0.00249004364013672 -0.20562744140625 0.62896728515625
0.00981044769287109 -0.00793552398681641 0.244140625 0.43072509765625
-0.00607919692993164 0.0026392936706543 0.373016357421875 -0.00946044921875
-0.0261211395263672 -0.009185791015625 0.248687744140625 -0.264801025390625
-0.0407829284667969 -0.0319366455078125 -0.186248779296875 0.259811401367187
0.0113620758056641 -0.0266284942626953 -0.262222290039063 -0.065521240234375
0.0132808685302734 -0.0216445922851563 -0.0887451171875 -0.478729248046875
0.00994110107421875 0.00791835784912109 0.43048095703125 -0.57208251953125
0.00126266479492187 0.0196990966796875 0.8555908203125 0.13079833984375
-0.00378608703613281 0.00870847702026367 0.479248046875 0.9034423828125
0.00277328491210938 0.0590934753417969 -0.10333251953125 0.72186279296875
-0.0230331420898438 0.0636520385742188 0.0505485534667969 0.0159378051757813
0.0034027099609375 0.0466194152832031 0.0184326171875 -0.718994140625
0.0221309661865234 3.24249267578125E-05 -0.69940185546875 -0.68389892578125
0.0085911750793457 -0.0067133903503418 -0.8094482421875 0.218505859375
0.00454235076904297 -0.0106916427612305 -0.15545654296875 0.63433837890625
0.0108299255371094 -0.0249977111816406 0.26904296875 0.40899658203125
-0.00929546356201172 -0.00769519805908203 0.374237060546875 -0.028564453125
-0.0273780822753906 -0.00975608825683594 0.24249267578125 -0.272064208984375
-0.0397987365722656 -0.0315437316894531 -0.193405151367188 0.256103515625
0.0102958679199219 -0.0379676818847656 -0.262649536132813 -0.076629638671875
0.0184059143066406 -0.0365524291992188 -0.07220458984375 -0.4866943359375
0.0233993530273438 0.00041961669921875 0.456298828125 -0.556640625
0.00821304321289063 0.0189418792724609 0.85638427734375 0.17425537109375
-0.0084986686706543 0.00158834457397461 0.44134521484375 0.922119140625
0.00143814086914063 0.0432510375976563 -0.12005615234375 0.6982421875
-0.0175361633300781 0.0449485778808594 0.0631294250488281 -0.0117340087890625
-0.00126838684082031 0.0322723388671875 -0.00262451171874993 -0.73699951171875
0.0191917419433594 -0.00515174865722656 -0.7227783203125 -0.6566162109375
0.0162420272827148 -0.013763427734375 -0.7855224609375 0.253173828125
0.00855255126953125 -0.0225620269775391 -0.12213134765625 0.63623046875
0.0100250244140625 -0.0391082763671875 0.28424072265625 0.39385986328125
-0.0119304656982422 -0.0176105499267578 0.36956787109375 -0.03863525390625
-0.0259246826171875 -0.009429931640625 0.232772827148438 -0.276321411132813
-0.0349597930908203 -0.0309600830078125 -0.205154418945312 0.254409790039063
0.0094757080078125 -0.0482749938964844 -0.26885986328125 -0.0826568603515625
0.0218124389648438 -0.046783447265625 -0.06756591796875 -0.49346923828125
0.0314579010009766 -0.00514411926269531 0.468994140625 -0.55078125
0.0130615234375 0.0158300399780273 0.856689453125 0.189208984375
-0.0121936798095703 -0.0127944946289063 0.42535400390625 0.92352294921875
0.00320148468017578 0.0174121856689453 -0.12103271484375 0.677978515625
-0.0062713623046875 0.0188503265380859 0.0753631591796875 -0.03167724609375
-0.00546360015869141 0.010624885559082 -0.00939941406249997 -0.75250244140625
0.0150432586669922 -0.0131158828735352 -0.7308349609375 -0.64666748046875
0.0211429595947266 -0.0165939331054688 -0.7767333984375 0.267333984375
0.0116786956787109 -0.0308589935302734 -0.10968017578125 0.63421630859375
0.00970840454101563 -0.0501976013183594 0.286529541015625 0.3865966796875
-0.0131282806396484 -0.0260562896728516 0.36114501953125 -0.042083740234375
-0.0212440490722656 -0.00905036926269531 0.221176147460937 -0.280319213867187
-0.0285415649414063 -0.0300693511962891 -0.217315673828125 0.254562377929688
0.00955200195312501 -0.0547561645507813 -0.278778076171875 -0.0838470458984375
0.0225105285644531 -0.0511207580566406 -0.073760986328125 -0.496551513671875
0.0353889465332031 -0.00609207153320313 0.467132568359375 -0.554412841796875
0.0122690200805664 0.0106620788574219 0.85894775390625 0.1864013671875
-0.0167579650878906 -0.0354957580566406 0.42633056640625 0.913330078125
0.0115375518798828 -0.0183658599853516 -0.11468505859375 0.6600341796875
0.012669563293457 -0.0159444808959961 0.0858383178710937 -0.045379638671875
-0.00865364074707031 -0.0206279754638672 -0.01019287109375 -0.7646484375
0.00621986389160156 -0.0265674591064453 -0.73504638671875 -0.64697265625
0.0213203430175781 -0.0187587738037109 -0.77655029296875 0.2677001953125
0.0139503479003906 -0.0326747894287109 -0.10845947265625 0.63409423828125
0.00850296020507813 -0.0564918518066406 0.283294677734375 0.388031005859375
-0.0113620758056641 -0.0329208374023437 0.351776123046875 -0.03955078125
-0.0139532089233398 -0.008514404296875 0.208221435546875 -0.281112670898438
-0.0204181671142578 -0.027862548828125 -0.231048583984375 0.257736206054688
0.0102958679199219 -0.0570793151855469 -0.29669189453125 -0.073883056640625
0.0184440612792969 -0.0494346618652344 -0.10321044921875 -0.490020751953125
0.0307769775390625 -0.00393486022949219 0.43353271484375 -0.572998046875
0.0066676139831543 0.00519275665283203 0.859130859375 0.1322021484375
-0.0245094299316406 -0.0613479614257813 0.47039794921875 0.874755859375
0.0216102600097656 -0.0597991943359375 -0.0850219726562499 0.66082763671875
0.0398292541503906 -0.0559120178222656 0.0875473022460937 -0.0365524291992187
-0.005889892578125 -0.0578460693359375 0.0189208984374999 -0.76458740234375
-0.00449371337890625 -0.0448417663574219 -0.70843505859375 -0.6883544921875
0.0162525177001953 -0.0181941986083984 -0.7978515625 0.2283935546875
0.0147418975830078 -0.0283794403076172 -0.14630126953125 0.6307373046875
0.00875473022460938 -0.0554656982421875 0.25927734375 0.403167724609375
-0.00812149047851563 -0.0351047515869141 0.341796875 -0.025421142578125
-0.00673151016235351 -0.0084071159362793 0.2017822265625 -0.2803955078125
-0.0304660797119141 -0.0320396423339844 -0.185211181640625 0.276962280273438
0.0189704895019531 0.000589370727539062 -0.291229248046875 -0.00979614257812497
0.00765228271484375 0.0208473205566406 -0.19586181640625 -0.4271240234375
-0.0169296264648438 0.04193115234375 0.26654052734375 -0.64654541015625
-0.0228176116943359 0.0249366760253906 0.82537841796875 -0.1014404296875
-0.00671863555908203 -0.0136480331420898 0.6669921875 0.7376708984375
0.0262985229492188 0.0334739685058594 0.03009033203125 0.775634765625
0.00482940673828125 0.05743408203125 0.0181808471679688 0.115814208984375
0.0222911834716797 0.0320415496826172 0.1328125 -0.65716552734375
0.0178089141845703 -0.0147380828857422 -0.551025390625 -0.8466796875
-0.0214309692382813 0.00202369689941407 -0.8939208984375 0.00994873046875019
-0.0205669403076172 0.0277786254882813 -0.32598876953125 0.60296630859375
0.0018157958984375 0.0185623168945313 0.1712646484375 0.47406005859375
0.00215721130371094 0.0200595855712891 0.355010986328125 0.029571533203125
-0.0185413360595703 -0.00739288330078125 0.24676513671875 -0.2564697265625
-0.0348644256591797 -0.0320453643798828 -0.181350708007813 0.272048950195312
0.0163984298706055 -0.00668621063232422 -0.281219482421875 -0.0259704589843749
0.00772905349731445 0.00862407684326172 -0.159881591796875 -0.449005126953125
-0.0120391845703125 0.0311393737792969 0.32470703125 -0.62786865234375
-0.0165214538574219 0.0219974517822266 0.8447265625 -0.0250244140625
-0.00258970260620117 -0.00088191032409668 0.6116943359375 0.8037109375
0.0199356079101562 0.0536689758300781 -0.01556396484375 0.7686767578125
-0.00972747802734376 0.071807861328125 0.026031494140625 0.0853195190429688
0.0168075561523438 0.0463523864746094 0.08843994140625 -0.67962646484375
0.0202445983886719 -0.00467491149902344 -0.611572265625 -0.7918701171875
-0.0109691619873047 0.00155162811279297 -0.871826171875 0.0911865234375002
-0.00986862182617187 0.017364501953125 -0.26263427734375 0.62249755859375
0.0061030387878418 0.00652360916137695 0.212677001953125 0.453643798828125
-0.00162506103515625 0.0126743316650391 0.366058349609375 0.00653076171875
-0.0237159729003906 -0.00782203674316407 0.248825073242188 -0.26300048828125
-0.0387344360351563 -0.0312881469726563 -0.180770874023438 0.268325805664063
0.0127773284912109 -0.0152597427368164 -0.269363403320313 -0.04632568359375
0.00976753234863281 -0.00603199005126953 -0.124237060546875 -0.467041015625
-0.0023345947265625 0.0191612243652344 0.38189697265625 -0.60455322265625
-0.00741767883300781 0.020416259765625 0.85797119140625 0.05224609375
-0.00229597091674805 0.00757122039794922 0.5499267578125 0.861083984375
0.0106468200683594 0.0632553100585938 -0.060546875 0.7501220703125
-0.0198593139648437 0.0746078491210938 0.0371437072753906 0.0502853393554688
0.0104827880859375 0.0519027709960937 0.04681396484375 -0.702880859375
0.0218124389648438 0.000514984130859375 -0.6695556640625 -0.7318115234375
0.000178933143615723 -0.00193250179290772 -0.8428955078125 0.166748046875
-0.00169491767883301 0.00305938720703125 -0.1993408203125 0.63592529296875
0.00931453704833985 -0.00923347473144531 0.249114990234375 0.42950439453125
-0.00583219528198242 0.00305557250976563 0.373687744140625 -0.01507568359375
-0.0271129608154297 -0.00827980041503906 0.246124267578125 -0.2698974609375
-0.0418548583984375 -0.0308036804199219 -0.183090209960937 0.263717651367188
0.0105953216552734 -0.0267276763916016 -0.263168334960938 -0.0637054443359375
0.0131969451904297 -0.0219364166259766 -0.09442138671875 -0.48077392578125
0.0105991363525391 0.00806808471679688 0.42498779296875 -0.581298828125
0.000766754150390626 0.0198192596435547 0.8629150390625 0.11920166015625
-0.00478935241699219 0.00893115997314453 0.49200439453125 0.903076171875
0.00437545776367187 0.0595474243164063 -0.09466552734375 0.7279052734375
-0.0224723815917969 0.0663566589355469 0.0498085021972656 0.0163192749023438
0.0046539306640625 0.0468597412109375 0.00982666015625 -0.72283935546875
0.0224876403808594 -0.00041961669921875 -0.70977783203125 -0.680419921875
0.00905513763427734 -0.00759506225585938 -0.8115234375 0.22833251953125
0.00410652160644531 -0.0107259750366211 -0.14910888671875 0.638427734375
0.00954627990722656 -0.0256786346435547 0.27593994140625 0.407073974609375
-0.00937557220458985 -0.00709438323974609 0.3740234375 -0.031494140625
-0.0278530120849609 -0.00839042663574219 0.240219116210938 -0.276596069335938
-0.0402259826660156 -0.030181884765625 -0.18975830078125 0.260543823242188
0.00941848754882812 -0.0377540588378906 -0.26348876953125 -0.0744323730468749
0.0185585021972656 -0.0366020202636719 -0.07830810546875 -0.48968505859375
0.0237598419189453 0.000293731689453125 0.4512939453125 -0.56500244140625
0.00837516784667969 0.0177078247070313 0.8621826171875 0.163330078125
-0.00850963592529297 0.00132226943969727 0.4537353515625 0.92266845703125
0.00146484375 0.0438423156738281 -0.1134033203125 0.70391845703125
-0.017730712890625 0.0465316772460937 0.0626983642578125 -0.0125045776367187
-0.00164794921875 0.0323600769042969 -0.0108642578125 -0.7406005859375
0.0189762115478516 -0.0054931640625 -0.73724365234375 -0.65081787109375
0.0161008834838867 -0.0134038925170898 -0.7889404296875 0.26483154296875
0.00906944274902344 -0.0235137939453125 -0.115234375 0.6417236328125
0.0087432861328125 -0.0403213500976563 0.29034423828125 0.391693115234375
-0.0131568908691406 -0.0183868408203125 0.369873046875 -0.044036865234375
-0.0257015228271484 -0.00851058959960938 0.229690551757813 -0.280853271484375
-0.0360908508300781 -0.0298576354980469 -0.2005615234375 0.259811401367188
0.00845718383789062 -0.0487174987792969 -0.271209716796875 -0.07977294921875
0.0216636657714844 -0.0474891662597656 -0.07464599609375 -0.49530029296875
0.0318202972412109 -0.00571632385253906 0.46270751953125 -0.558319091796875
0.0128726959228516 0.0148534774780273 0.86322021484375 0.1785888671875
-0.0135049819946289 -0.0128622055053711 0.43951416015625 0.9229736328125
0.00402164459228516 0.0173683166503906 -0.11614990234375 0.68182373046875
-0.00578117370605469 0.0198593139648438 0.0745620727539063 -0.0312728881835938
-0.00538825988769531 0.011134147644043 -0.01812744140625 -0.75421142578125
0.0138511657714844 -0.0136518478393555 -0.7442626953125 -0.64117431640625
0.0207653045654297 -0.0168838500976563 -0.7781982421875 0.27667236328125
0.0121212005615234 -0.0306167602539063 -0.10321044921875 0.6383056640625
0.00799179077148437 -0.0514869689941406 0.292755126953125 0.385528564453125
-0.0136566162109375 -0.0264263153076172 0.361358642578125 -0.04815673828125
-0.0214023590087891 -0.00780105590820313 0.217437744140625 -0.2835693359375
-0.0287666320800781 -0.0288600921630859 -0.214752197265625 0.259231567382812
0.00889205932617187 -0.055450439453125 -0.2816162109375 -0.08111572265625
0.02203369140625 -0.0526123046875 -0.08148193359375 -0.498199462890625
0.0355186462402344 -0.006683349609375 0.46197509765625 -0.56280517578125
0.0121307373046875 0.0102128982543945 0.86474609375 0.1756591796875
-0.0183296203613281 -0.0355377197265625 0.43914794921875 0.9136962890625
0.0108871459960938 -0.0182151794433594 -0.1064453125 0.66619873046875
0.0135822296142578 -0.015681266784668 0.0849075317382813 -0.0461883544921875
-0.00899314880371094 -0.0194740295410156 -0.0192260742187499 -0.76885986328125
0.00535964965820312 -0.0264930725097656 -0.74578857421875 -0.6400146484375
0.0210781097412109 -0.019775390625 -0.77862548828125 0.27935791015625
0.01336669921875 -0.0330162048339844 -0.10284423828125 0.63677978515625
0.00698089599609375 -0.0566520690917969 0.2900390625 0.385406494140625
-0.01318359375 -0.03271484375 0.35308837890625 -0.0445556640625
-0.0146369934082031 -0.00792121887207031 0.206451416015625 -0.285003662109375
-0.0206737518310547 -0.0271720886230469 -0.226593017578125 0.26190185546875
0.00909423828125001 -0.0571708679199219 -0.297515869140625 -0.0704650878906251
0.0189323425292969 -0.050811767578125 -0.108795166015625 -0.491790771484375
0.0314197540283203 -0.00412750244140625 0.427734375 -0.58245849609375
0.00599288940429688 0.00477027893066406 0.86651611328125 0.1229248046875
-0.0254325866699219 -0.0618095397949219 0.4847412109375 0.87353515625
0.0207672119140625 -0.0606613159179688 -0.07635498046875 0.665283203125
0.0394096374511719 -0.0555458068847656 0.086334228515625 -0.0371170043945313
-0.0064697265625 -0.0580902099609375 0.0101928710937499 -0.7696533203125
-0.0054779052734375 -0.0446395874023438 -0.720703125 -0.685546875
0.016265869140625 -0.0183486938476563 -0.7982177734375 0.239990234375
0.0149250030517578 -0.0282306671142578 -0.14013671875 0.635498046875
0.00859451293945313 -0.0562934875488281 0.265106201171875 0.4024658203125
-0.0093231201171875 -0.035919189453125 0.34222412109375 -0.02996826171875
-0.00686979293823242 -0.00685501098632812 0.197601318359375 -0.283966064453125
-0.0315170288085937 -0.0311107635498047 -0.180572509765625 0.280517578125
0.0184383392333984 -0.000242233276367187 -0.292388916015625 -0.00552368164062495
0.00839424133300781 0.0210304260253906 -0.203887939453125 -0.42645263671875
-0.0163345336914063 0.0431137084960938 0.25653076171875 -0.65289306640625
-0.0231704711914062 0.0242290496826172 0.8282470703125 -0.11260986328125
-0.00745868682861328 -0.013885498046875 0.6788330078125 0.731689453125
0.0271472930908203 0.0334548950195313 0.040771484375 0.77838134765625
0.00605392456054688 0.0585060119628906 0.0192184448242188 0.116287231445313
0.0233898162841797 0.0327129364013672 0.12420654296875 -0.661865234375
0.0181541442871094 -0.0153598785400391 -0.5611572265625 -0.8441162109375
-0.0216464996337891 0.00184822082519531 -0.8970947265625 0.0211181640625001
-0.019775390625 0.0282192230224609 -0.31903076171875 0.60955810546875
0.000944137573242189 0.0187549591064453 0.17803955078125 0.473541259765625
0.00222206115722656 0.0204124450683594 0.3560791015625 0.025054931640625
-0.0189609527587891 -0.00577163696289062 0.243408203125 -0.261428833007813
-0.0358963012695313 -0.0304107666015625 -0.1768798828125 0.275177001953125
0.0151853561401367 -0.00701618194580078 -0.281585693359375 -0.0218505859375
0.00790119171142578 0.0091552734375 -0.1673583984375 -0.448577880859375
-0.0110206604003906 0.0318241119384766 0.317138671875 -0.63629150390625
-0.0163211822509766 0.0216445922851562 0.84881591796875 -0.03839111328125
-0.00376057624816895 -0.00173759460449219 0.627197265625 0.79888916015625
0.0206832885742188 0.0530776977539062 -0.00653076171875007 0.76971435546875
-0.00868988037109375 0.0729293823242188 0.0255813598632812 0.0851364135742188
0.0164642333984375 0.0478935241699219 0.0800170898437501 -0.6826171875
0.0205974578857422 -0.00505256652832031 -0.62493896484375 -0.78509521484375
-0.0109767913818359 0.00183963775634766 -0.87359619140625 0.10198974609375
-0.00981998443603516 0.0167751312255859 -0.25689697265625 0.6287841796875
0.00634288787841797 0.00621557235717773 0.2205810546875 0.45245361328125
-0.00143909454345703 0.0123252868652344 0.366455078125 0.0023193359375
-0.0243816375732422 -0.00618553161621093 0.24603271484375 -0.26806640625
-0.040557861328125 -0.0297050476074219 -0.176101684570313 0.272491455078125
0.0120840072631836 -0.0154457092285156 -0.271270751953125 -0.043182373046875
0.0104522705078125 -0.00610542297363281 -0.1307373046875 -0.468170166015625
-0.00187301635742187 0.0194263458251953 0.3726806640625 -0.61297607421875
-0.00839805603027344 0.0201072692871094 0.86138916015625 0.04010009765625
-0.00301885604858398 0.00652360916137695 0.565185546875 0.8572998046875
0.0118751525878906 0.0629196166992188 -0.0513916015625 0.7529296875
-0.018402099609375 0.0765533447265625 0.0370979309082031 0.0496482849121094
0.0112495422363281 0.0526847839355469 0.037353515625 -0.70654296875
0.0223903656005859 -0.000131607055664063 -0.68194580078125 -0.724853515625
-0.000651001930236817 -0.00132644176483154 -0.84442138671875 0.1802978515625
-0.00120949745178223 0.00307059288024902 -0.19183349609375 0.63897705078125
0.00812625885009766 -0.00909519195556641 0.256195068359375 0.427764892578125
-0.00619840621948242 0.0038914680480957 0.37432861328125 -0.02093505859375
-0.0281143188476563 -0.00663566589355469 0.243118286132813 -0.27392578125
-0.0415763854980469 -0.029144287109375 -0.179641723632813 0.267852783203125
0.0090789794921875 -0.026397705078125 -0.264678955078125 -0.0599365234375
0.0137233734130859 -0.0225315093994141 -0.101318359375 -0.4814453125
0.0114688873291016 0.0093536376953125 0.41668701171875 -0.5887451171875
0.0012969970703125 0.0195102691650391 0.86785888671875 0.106689453125
-0.00531911849975586 0.00809192657470703 0.50921630859375 0.89874267578125
0.0050506591796875 0.0599441528320313 -0.0843505859374999 0.7291259765625
-0.0207672119140625 0.067413330078125 0.0498847961425781 0.0161170959472656
0.00516128540039063 0.0480575561523438 0.00195312500000008 -0.72515869140625
0.0223236083984375 -0.000652313232421875 -0.72308349609375 -0.675048828125
0.00905513763427734 -0.00763511657714844 -0.8126220703125 0.23907470703125
0.00398159027099609 -0.0112943649291992 -0.14141845703125 0.64288330078125
0.00954627990722657 -0.025848388671875 0.282501220703125 0.403900146484375
-0.0105113983154297 -0.00709915161132813 0.374267578125 -0.0384521484375
-0.0286197662353516 -0.00661659240722656 0.236419677734375 -0.281494140625
-0.0411911010742188 -0.0281562805175781 -0.186630249023438 0.264968872070313
0.00764083862304688 -0.0383567810058594 -0.266204833984375 -0.071258544921875
0.0179328918457031 -0.037017822265625 -0.08465576171875 -0.490631103515625
0.0238189697265625 0.00131988525390625 0.44586181640625 -0.57574462890625
0.00806617736816406 0.01800537109375 0.86639404296875 0.15118408203125
-0.00934410095214844 0.00130653381347656 0.46917724609375 0.920654296875
0.0019989013671875 0.043548583984375 -0.10455322265625 0.7076416015625
-0.0156326293945312 0.0482025146484375 0.0621871948242188 -0.0131950378417969
-0.000902175903320314 0.0330791473388672 -0.0214843750000001 -0.744140625
0.0195426940917969 -0.00540924072265625 -0.74749755859375 -0.6434326171875
0.016200065612793 -0.0130691528320313 -0.7901611328125 0.27593994140625
0.00887870788574219 -0.0245037078857422 -0.1085205078125 0.64398193359375
0.00883102416992187 -0.0404548645019531 0.297149658203125 0.38934326171875
-0.0132112503051758 -0.0171546936035156 0.370574951171875 -0.049957275390625
-0.0267925262451172 -0.00716209411621094 0.226318359375 -0.28582763671875
-0.0366020202636719 -0.0284767150878906 -0.196517944335937 0.263290405273438
0.00695800781250001 -0.0489006042480469 -0.272674560546875 -0.075927734375
0.0214157104492187 -0.0485992431640625 -0.081756591796875 -0.49591064453125
0.0332965850830078 -0.00535202026367188 0.45635986328125 -0.567626953125
0.013031005859375 0.0148181915283203 0.868896484375 0.1680908203125
-0.0146989822387695 -0.0133628845214844 0.4542236328125 0.92236328125
0.00317001342773437 0.0176639556884766 -0.10894775390625 0.68634033203125
-0.00579833984375 0.0213432312011719 0.0739822387695313 -0.032928466796875
-0.00581264495849609 0.0122652053833008 -0.02734375 -0.7584228515625
0.0142669677734375 -0.01446533203125 -0.75439453125 -0.63189697265625
0.0202579498291016 -0.0184249877929688 -0.7791748046875 0.2889404296875
0.0120277404785156 -0.03155517578125 -0.0969848632812499 0.64111328125
0.0071868896484375 -0.0515098571777344 0.299713134765625 0.38323974609375
-0.0144710540771484 -0.0263023376464844 0.362457275390625 -0.053070068359375
-0.0221595764160156 -0.00711441040039062 0.2152099609375 -0.2879638671875
-0.0290145874023438 -0.0273895263671875 -0.211380004882812 0.263336181640625
0.0067596435546875 -0.055572509765625 -0.284027099609375 -0.077789306640625
0.0216026306152344 -0.0526504516601563 -0.08740234375 -0.499114990234375
0.0359649658203125 -0.00663375854492187 0.45501708984375 -0.5711669921875
0.0115585327148438 0.00999641418457031 0.869384765625 0.1634521484375
-0.0201759338378906 -0.0363235473632813 0.45648193359375 0.91094970703125
0.0116348266601562 -0.0182895660400391 -0.0987548828125 0.6700439453125
0.01373291015625 -0.0151004791259766 0.0844573974609375 -0.04766845703125
-0.00904464721679688 -0.0191841125488281 -0.02880859375 -0.7706298828125
0.00571632385253907 -0.0271053314208984 -0.75799560546875 -0.6341552734375
0.0205516815185547 -0.0197563171386719 -0.77691650390625 0.29052734375
0.0134296417236328 -0.0334663391113281 -0.09515380859375 0.64178466796875
0.00603866577148437 -0.0566902160644531 0.29443359375 0.382232666015625
-0.0130405426025391 -0.0324974060058594 0.352142333984375 -0.049407958984375
-0.0145893096923828 -0.00638389587402344 0.201995849609375 -0.28955078125
-0.0205554962158203 -0.0259475708007813 -0.2230224609375 0.266433715820313
0.00762557983398438 -0.0573387145996094 -0.300018310546875 -0.066802978515625
0.0186996459960938 -0.0507431030273438 -0.116790771484375 -0.49298095703125
0.0318641662597656 -0.00405120849609375 0.4195556640625 -0.58941650390625
0.00635099411010742 0.00442218780517578 0.869140625 0.1104736328125
-0.0281028747558594 -0.0632095336914063 0.49859619140625 0.87060546875
0.0207061767578125 -0.0609931945800781 -0.06982421875 0.66943359375
0.039764404296875 -0.055389404296875 0.086212158203125 -0.0381622314453125
-0.0067901611328125 -0.0568046569824219 6.1035156249941E-05 -0.77313232421875
-0.00595474243164063 -0.0449485778808594 -0.73040771484375 -0.67822265625
0.0159282684326172 -0.0195980072021484 -0.7999267578125 0.24908447265625
0.0141410827636719 -0.0289173126220703 -0.13214111328125 0.638916015625
0.00667953491210938 -0.0566139221191406 0.271087646484375 0.399078369140625
-0.0102996826171875 -0.0355339050292969 0.341705322265625 -0.03448486328125
-0.00749492645263672 -0.00556182861328125 0.195068359375 -0.287933349609375
-0.0318031311035156 -0.0287380218505859 -0.175537109375 0.284759521484375
0.0176639556884766 -0.0008697509765625 -0.29296875 -0.000793457031250022
0.00815200805664063 0.0206565856933594 -0.2091064453125 -0.425079345703125
-0.014862060546875 0.0442008972167969 0.2484130859375 -0.6580810546875
-0.0234909057617188 0.0244483947753906 0.82879638671875 -0.126953125
-0.00792121887207032 -0.0150547027587891 0.6923828125 0.72296142578125
0.0281143188476563 0.0322990417480469 0.0509033203125 0.7789306640625
0.00628280639648438 0.0593528747558594 0.0203628540039063 0.116294860839844
0.0238075256347656 0.0327568054199219 0.11724853515625 -0.6646728515625
0.0168771743774414 -0.0153207778930664 -0.5743408203125 -0.8377685546875
-0.0217628479003906 0.00224113464355469 -0.90045166015625 0.0325927734375
-0.0194206237792969 0.0281791687011719 -0.31378173828125 0.61553955078125
0.00175094604492187 0.0189762115478516 0.185638427734375 0.471588134765625
0.00197219848632812 0.0202789306640625 0.35565185546875 0.019866943359375
-0.0197296142578125 -0.00419807434082031 0.23931884765625 -0.265594482421875
-0.0361289978027344 -0.0287895202636719 -0.172927856445312 0.279022216796875
0.0147495269775391 -0.00721359252929687 -0.282562255859375 -0.0175781250000001
0.0084228515625 0.00924015045166016 -0.172760009765625 -0.447509765625
-0.0103054046630859 0.0327835083007812 0.30633544921875 -0.64202880859375
-0.0167675018310547 0.0218868255615234 0.849609375 -0.0506591796875
-0.00372695922851563 -0.00258708000183106 0.64044189453125 0.79132080078125
0.0208015441894531 0.0535049438476563 0.00488281249999994 0.77197265625
-0.00774383544921874 0.0737075805664063 0.0266036987304687 0.0854263305664063
0.0172691345214844 0.0479965209960938 0.07257080078125 -0.68603515625
0.0196075439453125 -0.00506210327148438 -0.63604736328125 -0.7779541015625
-0.0110769271850586 0.00170516967773438 -0.87677001953125 0.1148681640625
-0.00931835174560547 0.0170965194702148 -0.2490234375 0.63238525390625
0.00493669509887695 0.00667095184326172 0.226348876953125 0.450408935546875
-0.00168704986572266 0.0123615264892578 0.3671875 -0.003631591796875
-0.0243644714355469 -0.00394058227539062 0.2431640625 -0.27178955078125
-0.0410919189453125 -0.0281105041503906 -0.171890258789062 0.27484130859375
0.0115909576416016 -0.0160942077636719 -0.27154541015625 -0.0389404296875001
0.00932407379150391 -0.00591754913330078 -0.13775634765625 -0.466522216796875
-0.000530242919921875 0.0205860137939453 0.36358642578125 -0.6199951171875
-0.00854873657226563 0.0203113555908203 0.86474609375 0.027587890625
-0.0028071403503418 0.00598907470703125 0.5794677734375 0.8526611328125
0.0127487182617188 0.0635452270507813 -0.04022216796875 0.75732421875
-0.01702880859375 0.0773239135742188 0.0370445251464844 0.0502815246582031
0.0118980407714844 0.0533065795898438 0.0274658203124999 -0.70660400390625
0.0217437744140625 -0.000200271606445313 -0.69378662109375 -0.71722412109375
-0.000599503517150879 -0.00153279304504395 -0.84539794921875 0.19390869140625
-0.00131607055664062 0.00275325775146484 -0.18524169921875 0.64404296875
0.00836610794067383 -0.00878095626831055 0.2625732421875 0.424041748046875
-0.00650262832641601 0.00327444076538086 0.37420654296875 -0.026123046875
-0.0280361175537109 -0.00559234619140625 0.239501953125 -0.278396606445312
-0.0424537658691406 -0.0274085998535156 -0.174301147460937 0.270965576171875
0.00847625732421875 -0.0266189575195313 -0.266098022460938 -0.056243896484375
0.0132179260253906 -0.0224494934082031 -0.1085205078125 -0.4813232421875
0.0122652053833008 0.00914192199707031 0.40948486328125 -0.596923828125
0.000734329223632811 0.0189151763916016 0.8717041015625 0.0948486328125
-0.00516700744628906 0.00773859024047852 0.5230712890625 0.89508056640625
0.00553512573242188 0.0604743957519531 -0.0758666992187499 0.73419189453125
-0.0211830139160156 0.0678825378417969 0.0494346618652344 0.0161399841308594
0.0058441162109375 0.0478744506835937 -0.00726318359374993 -0.72735595703125
0.0217037200927734 -0.000997543334960938 -0.7340087890625 -0.66705322265625
0.00962448120117187 -0.00722503662109375 -0.81109619140625 0.250244140625
0.00461769104003906 -0.011326789855957 -0.1328125 0.64599609375
0.00843048095703125 -0.0257892608642578 0.28765869140625 0.401031494140625
-0.0114498138427734 -0.00751686096191406 0.374176025390625 -0.0430908203125
-0.0289039611816406 -0.00501632690429687 0.233001708984375 -0.2845458984375
-0.0411109924316406 -0.0265083312988281 -0.181716918945312 0.268264770507813
0.00610733032226563 -0.0384941101074219 -0.267242431640625 -0.0677337646484376
0.0171699523925781 -0.0377693176269531 -0.092010498046875 -0.490692138671875
0.0249137878417969 0.000461578369140625 0.435302734375 -0.58392333984375
0.00847148895263672 0.0175037384033203 0.871337890625 0.1376953125
-0.00951671600341797 0.000818252563476562 0.4842529296875 0.91619873046875
0.00260162353515625 0.0435676574707031 -0.09527587890625 0.7113037109375
-0.015167236328125 0.0489616394042969 0.0609893798828125 -0.01348876953125
-0.000446319580078129 0.0342559814453125 -0.03240966796875 -0.7445068359375
0.0190944671630859 -0.00601005554199219 -0.75823974609375 -0.63629150390625
0.0158567428588867 -0.0139570236206055 -0.78802490234375 0.286865234375
0.00898551940917969 -0.0246143341064453 -0.10052490234375 0.6466064453125
0.00729751586914062 -0.0411567687988281 0.301727294921875 0.38616943359375
-0.0145645141601562 -0.0178985595703125 0.368988037109375 -0.055633544921875
-0.0272979736328125 -0.00507926940917969 0.222137451171875 -0.289520263671875
-0.0364723205566406 -0.0266304016113281 -0.193038940429687 0.267044067382813
0.0051116943359375 -0.0486106872558594 -0.274063110351563 -0.073089599609375
0.0203170776367188 -0.0482711791992188 -0.088714599609375 -0.496612548828125
0.0340023040771484 -0.0052947998046875 0.44696044921875 -0.576171875
0.0131111145019531 0.0146570205688477 0.87298583984375 0.1539306640625
-0.0147705078125 -0.0142936706542969 0.468017578125 0.91717529296875
0.003814697265625 0.0179233551025391 -0.0980834960937501 0.6893310546875
-0.004669189453125 0.0224266052246094 0.07305908203125 -0.0330734252929688
-0.00639724731445312 0.0124092102050781 -0.0393066406250001 -0.760009765625
0.0130929946899414 -0.014073371887207 -0.76544189453125 -0.6248779296875
0.0208969116210938 -0.0184898376464844 -0.77728271484375 0.30059814453125
0.0115814208984375 -0.0316123962402344 -0.0876464843749999 0.64532470703125
0.00579452514648437 -0.0521926879882812 0.304046630859375 0.378173828125
-0.01580810546875 -0.0264415740966797 0.36248779296875 -0.0584716796875
-0.0225086212158203 -0.0049591064453125 0.210601806640625 -0.29168701171875
-0.0295963287353516 -0.0252056121826172 -0.206787109375 0.2679443359375
0.00532913208007812 -0.0555572509765625 -0.285186767578125 -0.073516845703125
0.0210075378417969 -0.05413818359375 -0.096038818359375 -0.49932861328125
0.0361328125 -0.00717926025390625 0.44659423828125 -0.5771484375
0.0114612579345703 0.00950717926025391 0.872802734375 0.1519775390625
-0.0207633972167969 -0.0366477966308594 0.469970703125 0.9078369140625
0.0115280151367188 -0.0187606811523438 -0.08966064453125 0.67352294921875
0.0151052474975586 -0.0145750045776367 0.0834121704101562 -0.0482864379882813
-0.00847625732421875 -0.0176143646240234 -0.03955078125 -0.77099609375
0.00437355041503906 -0.0271835327148438 -0.7667236328125 -0.62554931640625
0.0207042694091797 -0.0204372406005859 -0.775390625 0.30157470703125
0.0135421752929688 -0.033599853515625 -0.0872802734375 0.64501953125
0.00484085083007812 -0.057098388671875 0.30133056640625 0.37713623046875
-0.0145854949951172 -0.0320014953613281 0.35137939453125 -0.055023193359375
-0.0151500701904297 -0.00552177429199219 0.19866943359375 -0.29302978515625
-0.0208835601806641 -0.0238094329833984 -0.217681884765625 0.27191162109375
0.00576782226562501 -0.0580482482910156 -0.301422119140625 -0.0616760253906251
0.0165290832519531 -0.05194091796875 -0.12445068359375 -0.49212646484375
0.0327644348144531 -0.00464248657226563 0.41131591796875 -0.59820556640625
0.00606822967529297 0.00438785552978516 0.874267578125 0.09820556640625
-0.0287590026855469 -0.0619392395019531 0.51177978515625 0.86651611328125
0.0192070007324219 -0.0611801147460938 -0.0604858398437501 0.67138671875
0.040069580078125 -0.055450439453125 0.0855636596679688 -0.0386962890625
-0.00746536254882813 -0.0558929443359375 -0.01031494140625 -0.773193359375
-0.00737380981445313 -0.0444602966308594 -0.741943359375 -0.67022705078125
0.0159740447998047 -0.0192508697509766 -0.79876708984375 0.26220703125
0.0147800445556641 -0.0292472839355469 -0.12408447265625 0.6427001953125
0.0059051513671875 -0.0556297302246094 0.27752685546875 0.39581298828125
-0.0112552642822266 -0.0346698760986328 0.34136962890625 -0.0408935546875
-0.00724458694458008 -0.00427722930908203 0.1904296875 -0.292236328125
-0.0321140289306641 -0.0271091461181641 -0.17010498046875 0.28680419921875
0.0164852142333984 -2.09808349609375E-05 -0.2928466796875 0.00332641601562504
0.00932502746582031 0.0199356079101563 -0.2164306640625 -0.421844482421875
-0.0135498046875 0.0451774597167969 0.23773193359375 -0.6622314453125
-0.0237293243408203 0.0246906280517578 0.8262939453125 -0.140625
-0.00953388214111328 -0.0157308578491211 0.70281982421875 0.71429443359375
0.0281162261962891 0.0326080322265625 0.0615844726562501 0.779052734375
0.00830459594726563 0.0597343444824219 0.0212326049804688 0.116989135742187
0.0241737365722656 0.0332183837890625 0.1082763671875 -0.66656494140625
0.0162801742553711 -0.0153942108154297 -0.58721923828125 -0.8291015625
-0.0206375122070313 0.00225639343261719 -0.901123046875 0.0452880859375001
-0.0186901092529297 0.0289764404296875 -0.3052978515625 0.61956787109375
0.000783920288085938 0.0185832977294922 0.19281005859375 0.467987060546875
0.00189399719238281 0.0204238891601562 0.3555908203125 0.0135498046875
-0.0198764801025391 -0.00304985046386719 0.234771728515625 -0.26983642578125
-0.0369377136230469 -0.0265960693359375 -0.167144775390625 0.281829833984375
0.0133199691772461 -0.00813579559326172 -0.282379150390625 -0.013519287109375
0.00801277160644531 0.0092010498046875 -0.180419921875 -0.444915771484375
-0.00853347778320313 0.0334377288818359 0.2960205078125 -0.647216796875
-0.0173606872558594 0.0217151641845703 0.851318359375 -0.0634765625
-0.0045013427734375 -0.00334262847900391 0.6512451171875 0.7833251953125
0.0220108032226563 0.053253173828125 0.0161743164062499 0.772216796875
-0.0057373046875 0.074737548828125 0.0276565551757813 0.0858306884765625
0.0179557800292969 0.0484809875488281 0.0632324218749999 -0.68609619140625
0.0198040008544922 -0.00569534301757813 -0.6480712890625 -0.77105712890625
-0.0108394622802734 0.00150203704833984 -0.875732421875 0.1287841796875
-0.00971412658691407 0.017364501953125 -0.23944091796875 0.63616943359375
0.00511026382446289 0.0059657096862793 0.232635498046875 0.44769287109375
-0.00189018249511719 0.0132541656494141 0.366668701171875 -0.008941650390625
-0.0246677398681641 -0.00365066528320312 0.237655639648438 -0.2762451171875
-0.0410652160644531 -0.0262527465820313 -0.165908813476563 0.278213500976563
0.009979248046875 -0.0155744552612305 -0.271331787109375 -0.0348052978515625
0.010127067565918 -0.00685405731201172 -0.143707275390625 -0.46533203125
0.000877380371093748 0.0212783813476562 0.3564453125 -0.62628173828125
-0.0079193115234375 0.0202121734619141 0.86383056640625 0.011962890625
-0.00288724899291992 0.00562429428100586 0.591552734375 0.8441162109375
0.0129508972167969 0.0633964538574219 -0.031005859375 0.75665283203125
-0.0151596069335938 0.0789871215820312 0.0373382568359375 0.0494613647460938
0.0126304626464844 0.0534934997558594 0.0186767578125001 -0.70758056640625
0.0218276977539063 -0.000543594360351563 -0.70379638671875 -0.7076416015625
-0.000608205795288086 -0.00192725658416748 -0.84393310546875 0.2027587890625
-0.00117683410644531 0.00287580490112305 -0.17498779296875 0.64678955078125
0.00772666931152344 -0.0100574493408203 0.268585205078125 0.4210205078125
-0.00669765472412109 0.00321578979492188 0.37298583984375 -0.031097412109375
-0.0280666351318359 -0.00378036499023438 0.2352294921875 -0.2828369140625
-0.0430374145507813 -0.0251502990722656 -0.169448852539063 0.274826049804687
0.00724029541015625 -0.026092529296875 -0.266372680664062 -0.05181884765625
0.0133991241455078 -0.0232143402099609 -0.11688232421875 -0.480194091796875
0.0133543014526367 0.00946807861328125 0.39910888671875 -0.603515625
0.000574111938476561 0.0190525054931641 0.87213134765625 0.0806884765625
-0.00584697723388672 0.00742912292480469 0.53759765625 0.8878173828125
0.00587844848632812 0.0598716735839844 -0.06463623046875 0.73480224609375
-0.0186500549316406 0.0698089599609375 0.04888916015625 0.0158119201660156
0.0069732666015625 0.0489463806152344 -0.017578125 -0.72607421875
0.0217132568359375 -0.00096893310546875 -0.7421875 -0.6566162109375
0.00925540924072266 -0.00783348083496094 -0.809326171875 0.26275634765625
0.00473213195800781 -0.0110139846801758 -0.1241455078125 0.64801025390625
0.00780487060546875 -0.0262680053710938 0.29425048828125 0.39593505859375
-0.0112695693969727 -0.00697708129882812 0.373626708984375 -0.049224853515625
-0.0296401977539062 -0.00402450561523437 0.22760009765625 -0.288543701171875
-0.0415763854980469 -0.024566650390625 -0.177780151367187 0.272247314453125
0.00461578369140625 -0.0385360717773438 -0.267730712890625 -0.063934326171875
0.0168418884277344 -0.0385398864746094 -0.10028076171875 -0.489990234375
0.0255107879638672 0.000385284423828125 0.42657470703125 -0.5885009765625
0.00839328765869141 0.0167074203491211 0.873779296875 0.123779296875
-0.0102863311767578 0.000161170959472658 0.4974365234375 0.90936279296875
0.00271224975585937 0.0430335998535156 -0.0853271484374999 0.71044921875
-0.0150108337402344 0.0489273071289063 0.0604209899902344 -0.0130729675292969
0.00074005126953125 0.0348415374755859 -0.0406494140625 -0.74481201171875
0.01873779296875 -0.006591796875 -0.76739501953125 -0.624267578125
0.0158758163452148 -0.013946533203125 -0.78509521484375 0.29913330078125
0.00815963745117188 -0.0247688293457031 -0.0911865234375 0.64788818359375
0.00601577758789063 -0.0405845642089844 0.307952880859375 0.38128662109375
-0.0148563385009766 -0.0164718627929688 0.3677978515625 -0.060699462890625
-0.0270538330078125 -0.00416374206542968 0.217742919921875 -0.292572021484375
-0.0365371704101563 -0.0247726440429688 -0.187057495117188 0.271148681640625
0.00393295288085938 -0.04852294921875 -0.274810791015625 -0.0693817138671875
0.0197296142578125 -0.0492591857910156 -0.0963745117187501 -0.4951171875
0.0345611572265625 -0.00666046142578125 0.43768310546875 -0.58258056640625
0.0124320983886719 0.0138950347900391 0.875244140625 0.1397705078125
-0.0159492492675781 -0.013524055480957 0.48223876953125 0.9124755859375
0.00432586669921875 0.0173416137695313 -0.08856201171875 0.69110107421875
-0.00363731384277344 0.0214595794677734 0.0718917846679688 -0.0338516235351563
-0.005096435546875 0.01336669921875 -0.0493774414062501 -0.76080322265625
0.0135412216186523 -0.0147056579589844 -0.77325439453125 -0.6148681640625
0.0199851989746094 -0.0183868408203125 -0.7747802734375 0.3104248046875
0.0107803344726563 -0.0320949554443359 -0.07965087890625 0.64556884765625
0.00537872314453125 -0.0517654418945313 0.309356689453125 0.373016357421875
-0.0166206359863281 -0.0260009765625 0.36065673828125 -0.06463623046875
-0.0219230651855469 -0.00406837463378907 0.205902099609375 -0.29547119140625
-0.0297203063964844 -0.0242557525634766 -0.200897216796875 0.271530151367187
0.00403594970703125 -0.055389404296875 -0.28582763671875 -0.069976806640625
0.0200576782226563 -0.0538444519042969 -0.10357666015625 -0.49835205078125
0.0375595092773438 -0.007843017578125 0.43695068359375 -0.584716796875
0.0125007629394531 0.00826168060302734 0.875 0.13818359375
-0.0224380493164063 -0.0362548828125 0.48321533203125 0.90252685546875
0.0100879669189453 -0.0191383361816406 -0.0802612304687501 0.67279052734375
0.0145492553710938 -0.0142545700073242 0.0828323364257813 -0.0489273071289063
-0.00893783569335937 -0.0177726745605469 -0.05023193359375 -0.770751953125
0.00408935546875 -0.027313232421875 -0.77545166015625 -0.6151123046875
0.0196933746337891 -0.0203456878662109 -0.7711181640625 0.31182861328125
0.0128345489501953 -0.0343570709228516 -0.0787353515625 0.64471435546875
0.00420379638671874 -0.0574989318847656 0.3056640625 0.37347412109375
-0.0154666900634766 -0.0320949554443359 0.349822998046875 -0.060882568359375
-0.0146074295043945 -0.00434780120849609 0.193389892578125 -0.295745849609375
-0.0207786560058594 -0.0224075317382813 -0.212844848632813 0.27484130859375
0.00373458862304688 -0.0573348999023438 -0.30255126953125 -0.05731201171875
0.0156440734863281 -0.0521583557128906 -0.1318359375 -0.490081787109375
0.0340099334716797 -0.00545120239257813 0.4027099609375 -0.60382080078125
0.00603342056274414 0.00402975082397461 0.87432861328125 0.08526611328125
-0.0308914184570313 -0.0624504089355469 0.527099609375 0.85992431640625
0.0187454223632812 -0.0620269775390625 -0.05010986328125 0.6712646484375
0.0397796630859375 -0.0549278259277344 0.0841751098632813 -0.0394363403320313
-0.0084686279296875 -0.0557174682617188 -0.02069091796875 -0.77294921875
-0.00817489624023438 -0.0438957214355469 -0.75079345703125 -0.659423828125
0.0153732299804688 -0.0204715728759766 -0.794921875 0.27276611328125
0.0136184692382813 -0.0304889678955078 -0.11590576171875 0.64471435546875
0.00505447387695312 -0.0566215515136719 0.28277587890625 0.390899658203125
-0.0121669769287109 -0.0350742340087891 0.340423583984375 -0.0447998046875
-0.00652837753295899 -0.00429058074951172 0.185089111328125 -0.2939453125
-0.0326271057128906 -0.0250301361083984 -0.163970947265625 0.289306640625
0.0153942108154297 -0.00141334533691406 -0.291595458984375 0.00830078124999995
0.00929069519042969 0.0205574035644531 -0.2220458984375 -0.41741943359375
-0.012115478515625 0.04608154296875 0.2259521484375 -0.6654052734375
-0.0248165130615234 0.0249042510986328 0.82257080078125 -0.15423583984375
-0.00974082946777344 -0.0160856246948242 0.71453857421875 0.70343017578125
0.0289688110351563 0.0310688018798828 0.0712280273437501 0.77667236328125
0.00980758666992187 0.0597076416015625 0.0222930908203125 0.115669250488281
0.024505615234375 0.0337772369384766 0.0989990234375 -0.6661376953125
0.0170354843139648 -0.015599250793457 -0.5960693359375 -0.81829833984375
-0.0214614868164063 0.00340843200683593 -0.90045166015625 0.0587158203124998
-0.0184612274169922 0.0286369323730469 -0.29638671875 0.62298583984375
0.000921249389648436 0.0189208984375 0.198577880859375 0.46533203125
0.00161361694335938 0.0206031799316406 0.354461669921875 0.0081787109375
-0.0196456909179688 -0.0012969970703125 0.230224609375 -0.272811889648438
-0.0371932983398438 -0.0246963500976563 -0.16131591796875 0.283782958984375
0.0134181976318359 -0.00764369964599609 -0.280960083007813 -0.00930786132812501
0.0082402229309082 0.00719356536865234 -0.186065673828125 -0.441619873046875
-0.00741195678710937 0.0340938568115234 0.28497314453125 -0.65081787109375
-0.0168609619140625 0.0217647552490234 0.84625244140625 -0.07769775390625
-0.00521326065063477 -0.00389337539672851 0.66455078125 0.7734375
0.0227279663085938 0.0523681640625 0.027587890625 0.77099609375
-0.00492095947265625 0.0760650634765625 0.0272598266601563 0.0857620239257813
0.0185661315917969 0.04876708984375 0.0538330078125 -0.68609619140625
0.0191688537597656 -0.00573539733886719 -0.656982421875 -0.757080078125
-0.0110101699829102 0.00216007232666015 -0.87335205078125 0.14007568359375
-0.00972938537597656 0.0176353454589844 -0.2303466796875 0.6385498046875
0.00513267517089844 0.00638008117675781 0.23883056640625 0.441680908203125
-0.00187969207763672 0.0130186080932617 0.36395263671875 -0.01458740234375
-0.0255832672119141 -0.00137138366699219 0.232559204101563 -0.27984619140625
-0.0419769287109375 -0.0246086120605469 -0.16064453125 0.28057861328125
0.00784397125244141 -0.0157289505004883 -0.270721435546875 -0.0308532714843749
0.00895786285400391 -0.00706100463867188 -0.151214599609375 -0.463775634765625
0.00151252746582031 0.0214214324951172 0.3431396484375 -0.63043212890625
-0.00830650329589844 0.0198593139648438 0.8626708984375 6.10351562500012E-05
-0.00372409820556641 0.00473356246948242 0.60479736328125 0.834716796875
0.0145187377929688 0.0624542236328125 -0.0189208984375 0.7552490234375
-0.014129638671875 0.0793304443359375 0.0373916625976563 0.0497589111328125
0.0135917663574219 0.0541000366210938 0.00756835937499997 -0.70574951171875
0.0218467712402344 -0.000911712646484375 -0.7127685546875 -0.69793701171875
-0.000365614891052246 -0.00181043148040771 -0.83868408203125 0.21527099609375
-0.00183343887329102 0.00241804122924805 -0.16741943359375 0.6473388671875
0.00716781616210937 -0.00934028625488281 0.274139404296875 0.413909912109375
-0.00712966918945313 0.00446271896362305 0.37054443359375 -0.03692626953125
-0.0277996063232422 -0.00209236145019532 0.230712890625 -0.285552978515625
-0.0427513122558594 -0.024139404296875 -0.1634521484375 0.277374267578125
0.00671005249023437 -0.0268230438232422 -0.26556396484375 -0.048187255859375
0.0122318267822266 -0.0233573913574219 -0.12298583984375 -0.476806640625
0.0136423110961914 0.00880050659179688 0.38787841796875 -0.607421875
0.001129150390625 0.01922607421875 0.87176513671875 0.06671142578125
-0.00752115249633789 0.00658512115478516 0.54803466796875 0.87860107421875
0.006988525390625 0.0592689514160156 -0.0552978515624999 0.73406982421875
-0.017364501953125 0.070465087890625 0.0480384826660156 0.0149726867675781
0.00613403320312499 0.0489692687988281 -0.02752685546875 -0.7247314453125
0.0216541290283203 -0.00118446350097656 -0.75115966796875 -0.644287109375
0.0086369514465332 -0.00822019577026367 -0.80474853515625 0.2730712890625
0.00421619415283203 -0.0116376876831055 -0.11541748046875 0.64837646484375
0.00638198852539063 -0.0264320373535156 0.300445556640625 0.39190673828125
-0.0121641159057617 -0.00620174407958984 0.370819091796875 -0.055084228515625
-0.0291290283203125 -0.00176429748535156 0.222686767578125 -0.2908935546875
-0.0420608520507813 -0.0227432250976562 -0.170654296875 0.27435302734375
0.00345993041992187 -0.0375137329101562 -0.266891479492188 -0.059417724609375
0.0169410705566406 -0.0391845703125 -0.107574462890625 -0.48626708984375
0.0268955230712891 -0.0001678466796875 0.4168701171875 -0.5963134765625
0.00837898254394531 0.0163698196411133 0.87310791015625 0.1103515625
-0.0109043121337891 0.000439643859863283 0.5123291015625 0.89886474609375
0.003753662109375 0.0424995422363281 -0.0741577148437501 0.7110595703125
-0.0130538940429687 0.0501976013183594 0.0602989196777344 -0.0135231018066406
0.000213623046874998 0.0348834991455078 -0.0533447265625001 -0.744140625
0.0178718566894531 -0.00661659240722656 -0.777099609375 -0.61297607421875
0.0158958435058594 -0.0141153335571289 -0.7801513671875 0.30938720703125
0.00738143920898438 -0.0243434906005859 -0.0821533203125001 0.64697265625
0.00513076782226563 -0.0413780212402344 0.313629150390625 0.375396728515625
-0.0161685943603516 -0.0166015625 0.364593505859375 -0.06640625
-0.0268192291259766 -0.00237846374511718 0.212890625 -0.295684814453125
-0.0365638732910156 -0.0228347778320313 -0.181106567382812 0.273178100585938
0.00224685668945313 -0.0478515625 -0.274368286132813 -0.0645294189453125
0.0184402465820313 -0.0500984191894531 -0.104766845703125 -0.49365234375
0.0347881317138672 -0.00642776489257812 0.4268798828125 -0.5880126953125
0.0126419067382813 0.0136070251464844 0.87335205078125 0.1273193359375
-0.0169773101806641 -0.0139894485473633 0.49652099609375 0.90338134765625
0.00423717498779297 0.0166959762573242 -0.0781860351562501 0.69207763671875
-0.00363922119140625 0.0228252410888672 0.0706634521484375 -0.0339584350585938
-0.00548171997070313 0.0134878158569336 -0.05987548828125 -0.757080078125
0.0122976303100586 -0.0151567459106445 -0.7822265625 -0.60162353515625
0.0203838348388672 -0.0188407897949219 -0.76873779296875 0.3212890625
0.0104637145996094 -0.0329113006591797 -0.06927490234375 0.64422607421875
0.0034942626953125 -0.0521888732910156 0.313995361328125 0.367645263671875
-0.0173568725585938 -0.0255374908447266 0.356231689453125 -0.068389892578125
-0.0222301483154297 -0.00230026245117187 0.200469970703125 -0.29693603515625
-0.0292263031005859 -0.0218467712402344 -0.195098876953125 0.274368286132813
0.00220489501953125 -0.0545845031738281 -0.28515625 -0.064910888671875
0.0186996459960938 -0.0543975830078125 -0.11114501953125 -0.496917724609375
0.0377464294433594 -0.00814056396484375 0.42706298828125 -0.5919189453125
0.0123147964477539 0.00783538818359375 0.8756103515625 0.12274169921875
-0.0231285095214844 -0.0366706848144531 0.49627685546875 0.89208984375
0.00979804992675781 -0.0185604095458984 -0.071044921875 0.67364501953125
0.0142574310302734 -0.0138416290283203 0.081756591796875 -0.0488739013671875
-0.00884437561035156 -0.01678466796875 -0.0607910156249999 -0.76898193359375
0.00300407409667969 -0.0273761749267578 -0.78338623046875 -0.6011962890625
0.0189838409423828 -0.0216102600097656 -0.7674560546875 0.32452392578125
0.0120735168457031 -0.0342540740966797 -0.0694580078125 0.6446533203125
0.00246047973632812 -0.0573272705078125 0.31011962890625 0.36822509765625
-0.0152587890625 -0.0301303863525391 0.34759521484375 -0.0650634765625
-0.0144882202148438 -0.00264644622802734 0.1871337890625 -0.298126220703125
-0.0218219757080078 -0.0209331512451172 -0.20672607421875 0.278564453125
0.00229263305664062 -0.0574951171875 -0.302581787109375 -0.053070068359375
0.0157203674316406 -0.0522346496582031 -0.13934326171875 -0.48553466796875
0.0344257354736328 -0.00635528564453125 0.391357421875 -0.6104736328125
0.00623703002929688 0.00199031829833984 0.873046875 0.07012939453125
-0.0316963195800781 -0.0621261596679687 0.53778076171875 0.84967041015625
0.0175285339355469 -0.0619926452636719 -0.0411987304687499 0.670654296875
0.0400047302246094 -0.0548362731933594 0.0834808349609375 -0.0394363403320313
-0.00914764404296876 -0.0548057556152344 -0.0324707031249999 -0.77154541015625
-0.00963592529296875 -0.0441856384277344 -0.75830078125 -0.646728515625
0.0147476196289063 -0.0202617645263672 -0.7913818359375 0.28350830078125
0.0138988494873047 -0.0303859710693359 -0.10723876953125 0.64239501953125
0.0031280517578125 -0.0560989379882813 0.2880859375 0.38616943359375
-0.0124492645263672 -0.0350017547607422 0.33868408203125 -0.05072021484375
-0.00725364685058594 -0.0026249885559082 0.180023193359375 -0.296142578125
-0.0327930450439453 -0.0239658355712891 -0.1590576171875 0.291595458984375
0.0142316818237305 -0.0006866455078125 -0.289398193359375 0.01239013671875
0.009796142578125 0.01922607421875 -0.22613525390625 -0.413299560546875
-0.0110397338867187 0.0458831787109375 0.2159423828125 -0.66693115234375
-0.0242099761962891 0.0250988006591797 0.81488037109375 -0.165771484375
-0.011042594909668 -0.0159139633178711 0.72344970703125 0.6905517578125
0.0280666351318359 0.0308990478515625 0.0839233398437499 0.7728271484375
0.0105934143066406 0.0606575012207031 0.0235214233398437 0.115638732910156
0.0250473022460938 0.0331783294677734 0.08831787109375 -0.66455078125
0.0162448883056641 -0.0155792236328125 -0.60443115234375 -0.807373046875
-0.0203647613525391 0.002532958984375 -0.89697265625 0.0712890624999999
-0.0179405212402344 0.0288848876953125 -0.28759765625 0.6241455078125
0.00117874145507812 0.0190849304199219 0.20452880859375 0.46099853515625
0.00145339965820313 0.02044677734375 0.351806640625 0.00299072265625
-0.0196971893310547 0.00068092346191406 0.22589111328125 -0.276535034179688
-0.0373458862304688 -0.0230712890625 -0.155181884765625 0.285430908203125
0.0114336013793945 -0.00740242004394531 -0.279006958007813 -0.00561523437500002
0.00807285308837891 0.00799655914306641 -0.19183349609375 -0.43707275390625
-0.00614738464355469 0.0336322784423828 0.274169921875 -0.65313720703125
-0.0164813995361328 0.0221004486083984 0.84063720703125 -0.09027099609375
-0.00541925430297852 -0.00415849685668945 0.67333984375 0.76129150390625
0.0230827331542969 0.0519180297851563 0.0366821289062501 0.76788330078125
-0.0033721923828125 0.0756912231445312 0.0282669067382812 0.0854949951171875
0.019439697265625 0.0483932495117188 0.0441284179687501 -0.68194580078125
0.0193691253662109 -0.00618362426757813 -0.66400146484375 -0.74658203125
-0.00998210906982422 0.00237178802490234 -0.869384765625 0.15069580078125
-0.00924110412597656 0.0166120529174805 -0.22161865234375 0.6385498046875
0.00451993942260742 0.00594997406005859 0.242828369140625 0.43743896484375
-0.00307846069335937 0.0137453079223633 0.36163330078125 -0.02056884765625
-0.0248527526855469 -0.000434875488281245 0.22747802734375 -0.281768798828125
-0.04241943359375 -0.0223655700683594 -0.1544189453125 0.28131103515625
0.00755977630615235 -0.0151176452636719 -0.270248413085938 -0.0267486572265625
0.00991725921630859 -0.00715541839599609 -0.157623291015625 -0.458160400390625
0.00266456604003906 0.0212059020996094 0.3302001953125 -0.6331787109375
-0.00823020935058594 0.0201606750488281 0.860107421875 -0.013671875
-0.00446510314941406 0.00440597534179688 0.61431884765625 0.82342529296875
0.0155563354492188 0.062255859375 -0.010009765625 0.7537841796875
-0.012603759765625 0.0802688598632813 0.0371055603027344 0.0499992370605469
0.0136909484863281 0.0540657043457031 -0.00103759765625006 -0.70343017578125
0.0209598541259766 -0.000780105590820313 -0.71881103515625 -0.6839599609375
-0.000409603118896484 -0.00116944313049316 -0.8360595703125 0.22747802734375
-0.0010991096496582 0.00286626815795898 -0.1588134765625 0.64593505859375
0.00650310516357422 -0.0093841552734375 0.27801513671875 0.408538818359375
-0.00812196731567383 0.0034170150756836 0.367645263671875 -0.042755126953125
-0.0291976928710937 -0.000183105468750003 0.225067138671875 -0.287750244140625
-0.0434112548828125 -0.0217475891113281 -0.158111572265625 0.27874755859375
0.00442886352539063 -0.0255012512207031 -0.264801025390625 -0.0445404052734375
0.0123538970947266 -0.0244045257568359 -0.129364013671875 -0.47314453125
0.0144662857055664 0.00970172882080078 0.3773193359375 -0.61260986328125
0.000566482543945312 0.0181598663330078 0.8675537109375 0.05242919921875
-0.00737476348876953 0.00601673126220703 0.56011962890625 0.8658447265625
0.00710678100585937 0.0588722229003906 -0.04595947265625 0.731201171875
-0.0151901245117188 0.0708160400390625 0.0473747253417969 0.0156135559082031
0.00820159912109375 0.0502738952636719 -0.0373535156250001 -0.721923828125
0.0213756561279297 -0.00199317932128906 -0.756103515625 -0.63134765625
0.00893974304199219 -0.00846290588378906 -0.79876708984375 0.28369140625
0.00418853759765625 -0.0116596221923828 -0.10760498046875 0.646484375
0.006103515625 -0.0267257690429688 0.303924560546875 0.3853759765625
-0.0118999481201172 -0.00615310668945313 0.36676025390625 -0.059478759765625
-0.0288867950439453 -0.000680923461914057 0.217315673828125 -0.293212890625
-0.0412101745605469 -0.0211639404296875 -0.165206909179687 0.275772094726563
0.00174713134765625 -0.0379981994628906 -0.266769409179688 -0.0560150146484375
0.0165863037109375 -0.039459228515625 -0.1136474609375 -0.484161376953125
0.0266590118408203 -0.0008544921875 0.40625 -0.59857177734375
0.00788116455078125 0.0165576934814453 0.8724365234375 0.094970703125
-0.0121421813964844 -0.000730514526367189 0.52276611328125 0.89013671875
0.00394821166992188 0.0427398681640625 -0.06402587890625 0.71026611328125
-0.0120506286621094 0.0507392883300781 0.0591316223144531 -0.0144691467285156
0.0015106201171875 0.0354194641113281 -0.0618896484375 -0.737548828125
0.0177707672119141 -0.00670623779296875 -0.78009033203125 -0.60009765625
0.015315055847168 -0.0145587921142578 -0.77398681640625 0.31903076171875
0.00685310363769531 -0.0250663757324219 -0.0743408203125 0.64630126953125
0.00480270385742188 -0.0406951904296875 0.31549072265625 0.36859130859375
-0.015995979309082 -0.0159473419189453 0.362060546875 -0.071807861328125
-0.0258674621582031 -0.000368118286132814 0.207427978515625 -0.297088623046875
-0.03631591796875 -0.0211334228515625 -0.175491333007812 0.274978637695313
0.000526428222656248 -0.0476188659667969 -0.273712158203125 -0.0606231689453125
0.0181770324707031 -0.0502586364746094 -0.110626220703125 -0.490753173828125
0.035552978515625 -0.00656890869140625 0.41558837890625 -0.59332275390625
0.0125818252563477 0.012725830078125 0.87286376953125 0.1134033203125
-0.0177841186523438 -0.0138072967529297 0.5057373046875 0.89306640625
0.00481700897216797 0.0166797637939453 -0.06890869140625 0.68994140625
-0.00174522399902344 0.0231342315673828 0.069610595703125 -0.0340042114257812
-0.00454235076904297 0.0146036148071289 -0.06829833984375 -0.75250244140625
0.0128993988037109 -0.0145492553710938 -0.7845458984375 -0.5872802734375
0.0197963714599609 -0.0191745758056641 -0.7618408203125 0.33074951171875
0.0101814270019531 -0.0326042175292969 -0.06207275390625 0.642822265625
0.00214385986328125 -0.0518989562988281 0.318389892578125 0.36187744140625
-0.0179767608642578 -0.0251026153564453 0.355224609375 -0.074371337890625
-0.0216388702392578 -0.00129127502441406 0.195404052734375 -0.298858642578125
-0.0293731689453125 -0.0211105346679687 -0.189895629882813 0.275894165039062
0.000747680664062503 -0.0544357299804688 -0.28509521484375 -0.0615234375
0.0176200866699219 -0.054443359375 -0.117279052734375 -0.49298095703125
0.0387954711914063 -0.00918197631835938 0.41656494140625 -0.59588623046875
0.0117387771606445 0.00795459747314453 0.87310791015625 0.11083984375
-0.0244636535644531 -0.0359611511230469 0.50689697265625 0.882568359375
0.00960540771484375 -0.0196533203125 -0.0618896484375 0.6715087890625
0.0158281326293945 -0.0135784149169922 0.0797958374023437 -0.0491790771484375
-0.00917625427246094 -0.0154352188110352 -0.0706176757812499 -0.76458740234375
0.00198173522949219 -0.0271873474121094 -0.7882080078125 -0.5892333984375
0.0187225341796875 -0.0207424163818359 -0.76055908203125 0.33245849609375
0.0117416381835937 -0.0349693298339844 -0.06085205078125 0.64141845703125
0.00107192993164062 -0.057373046875 0.31268310546875 0.361785888671875
-0.0172214508056641 -0.0308570861816406 0.34503173828125 -0.07000732421875
-0.0152511596679687 -0.00141048431396485 0.18304443359375 -0.299713134765625
-0.0208911895751953 -0.0196151733398438 -0.201248168945313 0.279739379882813
0.0018463134765625 -0.0571403503417969 -0.30194091796875 -0.04852294921875
0.0138587951660156 -0.0529403686523438 -0.146270751953125 -0.482574462890625
0.0342864990234375 -0.00677490234375 0.3785400390625 -0.6114501953125
0.00583839416503906 0.00240707397460938 0.87066650390625 0.05841064453125
-0.0346565246582031 -0.0617904663085937 0.5478515625 0.83782958984375
0.0167045593261719 -0.0620536804199219 -0.03179931640625 0.66845703125
0.0396499633789063 -0.054901123046875 0.082733154296875 -0.0404205322265625
-0.00967025756835938 -0.0536231994628906 -0.04071044921875 -0.7681884765625
-0.00945281982421874 -0.0446701049804687 -0.76385498046875 -0.6351318359375
0.0142307281494141 -0.0203361511230469 -0.78387451171875 0.292236328125
0.0132484436035156 -0.0310096740722656 -0.0979003906249999 0.6414794921875
0.00228118896484376 -0.0565338134765625 0.29193115234375 0.380584716796875
-0.0135345458984375 -0.0337638854980469 0.3349609375 -0.0545654296875
-0.00599861145019531 -0.00138664245605469 0.175048828125 -0.297882080078125
-0.0332221984863281 -0.0222911834716797 -0.152496337890625 0.291717529296875
0.0143928527832031 -0.000272750854492188 -0.287994384765625 0.0163269042968749
0.00975608825683594 0.0183601379394531 -0.23077392578125 -0.4083251953125
-0.0096893310546875 0.0458106994628906 0.20355224609375 -0.66583251953125
-0.0234184265136719 0.0247535705566406 0.8101806640625 -0.177734375
-0.0121679306030273 -0.0164833068847656 0.72723388671875 0.67852783203125
0.028472900390625 0.0304203033447266 0.09320068359375 0.7674560546875
0.0122032165527344 0.0602073669433594 0.0240478515625 0.115142822265625
0.0252285003662109 0.0332317352294922 0.081298828125 -0.66168212890625
0.0157756805419922 -0.0150461196899414 -0.611572265625 -0.79534912109375
-0.0208053588867188 0.00275421142578125 -0.89154052734375 0.0812988281249999
-0.0176372528076172 0.0289287567138672 -0.27777099609375 0.623779296875
0.000762939453125002 0.0190010070800781 0.209320068359375 0.45501708984375
0.00120162963867187 0.0204086303710938 0.349273681640625 -0.001373291015625
-0.0200691223144531 0.00196456909179687 0.220596313476563 -0.276947021484375
-0.0373268127441406 -0.0215911865234375 -0.150390625 0.286376953125
0.0103588104248047 -0.00767612457275391 -0.277084350585938 -0.00151062011718747
0.00806570053100586 0.00777578353881836 -0.1971435546875 -0.432403564453125
-0.00578689575195313 0.0340728759765625 0.2620849609375 -0.65386962890625
-0.0170173645019531 0.0224761962890625 0.83538818359375 -0.10394287109375
-0.00577497482299805 -0.00470590591430664 0.6795654296875 0.74713134765625
0.0233230590820312 0.0518264770507812 0.0477294921875 0.7620849609375
-0.0013275146484375 0.0763320922851563 0.02886962890625 0.085174560546875
0.0208816528320313 0.0488967895507813 0.0361328125 -0.67974853515625
0.0192298889160156 -0.00601005554199219 -0.66937255859375 -0.73321533203125
-0.0112123489379883 0.00227260589599609 -0.86358642578125 0.16082763671875
-0.0084686279296875 0.0173244476318359 -0.21502685546875 0.63677978515625
0.00496482849121094 0.0055389404296875 0.247650146484375 0.43060302734375
-0.00254631042480469 0.0140056610107422 0.359100341796875 -0.024749755859375
-0.0249519348144531 0.00183677673339844 0.223358154296875 -0.282989501953125
-0.0419998168945313 -0.0202865600585938 -0.14886474609375 0.282958984375
0.00661373138427734 -0.0156841278076172 -0.268035888671875 -0.0230865478515625
0.00791788101196289 -0.00738286972045898 -0.162139892578125 -0.453887939453125
0.00387763977050781 0.0202960968017578 0.31927490234375 -0.63348388671875
-0.00787925720214844 0.0198879241943359 0.8529052734375 -0.02301025390625
-0.00532436370849609 0.00407886505126953 0.62322998046875 0.8101806640625
0.0153694152832031 0.0613784790039062 0.00140380859375002 0.74835205078125
-0.0112152099609375 0.079437255859375 0.0369110107421875 0.0493316650390625
0.0150985717773437 0.0544471740722656 -0.00994873046874997 -0.698974609375
0.0208206176757813 -0.00091552734375 -0.72412109375 -0.67095947265625
-0.000585556030273437 -0.00209581851959229 -0.8270263671875 0.2362060546875
-0.00125885009765625 0.00200355052947998 -0.1507568359375 0.64495849609375
0.00581645965576172 -0.00968265533447265 0.28173828125 0.403717041015625
-0.00791645050048828 0.00378036499023438 0.363555908203125 -0.0477294921875
-0.0277023315429688 0.00203514099121093 0.22003173828125 -0.2890625
-0.0427703857421875 -0.0209083557128906 -0.152420043945313 0.279296875
0.00288772583007812 -0.0258979797363281 -0.264007568359375 -0.0403594970703125
0.0108890533447266 -0.0245037078857422 -0.13580322265625 -0.470855712890625
0.0153169631958008 0.00810718536376953 0.3660888671875 -0.6146240234375
0.00107097625732422 0.017364501953125 0.86376953125 0.04144287109375
-0.00813579559326172 0.00618553161621094 0.56903076171875 0.8555908203125
0.00859451293945312 0.0584259033203125 -0.0349121093750001 0.7281494140625
-0.0144195556640625 0.0718002319335938 0.0478935241699219 0.0146026611328125
0.00898361206054687 0.04974365234375 -0.04669189453125 -0.71673583984375
0.0200271606445313 -0.00201988220214844 -0.75909423828125 -0.61865234375
0.00818872451782227 -0.00793313980102539 -0.79278564453125 0.29144287109375
0.003204345703125 -0.0126256942749023 -0.0997314453125 0.64373779296875
0.00583457946777344 -0.0268440246582031 0.305328369140625 0.378631591796875
-0.0132465362548828 -0.00522518157958985 0.36383056640625 -0.065399169921875
-0.0286540985107422 0.00118064880371094 0.21148681640625 -0.29486083984375
-0.0411911010742188 -0.0201988220214844 -0.159133911132812 0.276123046875
0.000827789306640627 -0.0370941162109375 -0.265365600585938 -0.0522308349609375
0.0147972106933594 -0.039825439453125 -0.118896484375 -0.4801025390625
0.0275993347167969 -0.00135612487792969 0.39337158203125 -0.60015869140625
0.00810909271240235 0.0157852172851563 0.86669921875 0.08441162109375
-0.0123529434204102 -0.000539779663085935 0.5325927734375 0.877685546875
0.00436019897460938 0.0426368713378906 -0.053955078125 0.7069091796875
-0.0106925964355469 0.0506172180175781 0.0583915710449219 -0.0138168334960937
0.00235748291015625 0.03607177734375 -0.06982421875 -0.7333984375
0.0176353454589844 -0.00613021850585938 -0.78118896484375 -0.5850830078125
0.0151519775390625 -0.0151262283325195 -0.76617431640625 0.32623291015625
0.00697898864746094 -0.0252208709716797 -0.06689453125 0.64306640625
0.00296401977539063 -0.0408096313476563 0.318939208984375 0.362579345703125
-0.0171070098876953 -0.0152301788330078 0.358367919921875 -0.075897216796875
-0.0263710021972656 0.0012054443359375 0.2025146484375 -0.29827880859375
-0.0368804931640625 -0.0196304321289063 -0.168930053710938 0.27606201171875
-0.000473022460937497 -0.0475959777832031 -0.2730712890625 -0.0565338134765625
0.0165977478027344 -0.0506134033203125 -0.1165771484375 -0.485565185546875
0.0357589721679688 -0.00711441040039063 0.40521240234375 -0.59344482421875
0.0124788284301758 0.0113744735717773 0.8680419921875 0.0994873046875
-0.0187320709228516 -0.0136318206787109 0.5157470703125 0.88153076171875
0.00442981719970703 0.0170993804931641 -0.0587768554687501 0.68585205078125
-0.000923156738281249 0.0232028961181641 0.0688667297363281 -0.03485107421875
-0.00446987152099609 0.0152177810668945 -0.0786132812500001 -0.747802734375
0.0117692947387695 -0.0157146453857422 -0.7911376953125 -0.57562255859375
0.019287109375 -0.0197162628173828 -0.75579833984375 0.33819580078125
0.00980567932128906 -0.0332221984863281 -0.054931640625 0.6387939453125
0.00178146362304687 -0.0513954162597656 0.319091796875 0.3548583984375
-0.0185928344726563 -0.0239391326904297 0.351104736328125 -0.079071044921875
-0.0208911895751953 0.000328063964843748 0.18994140625 -0.300567626953125
-0.0293426513671875 -0.0203208923339844 -0.183502197265625 0.2781982421875
-0.00068283081054688 -0.0533294677734375 -0.28387451171875 -0.05670166015625
0.0169105529785156 -0.0552291870117188 -0.123504638671875 -0.48828125
0.039215087890625 -0.00928497314453125 0.4034423828125 -0.5970458984375
0.0116024017333984 0.00719928741455078 0.868896484375 0.09814453125
-0.0258445739746094 -0.0359840393066406 0.51580810546875 0.87109375
0.00886726379394531 -0.0194988250732422 -0.0518798828125 0.6685791015625
0.0170106887817383 -0.0130729675292969 0.0786285400390625 -0.0495071411132812
-0.00854396820068359 -0.0147676467895508 -0.0791015625 -0.75897216796875
0.00209426879882812 -0.0266876220703125 -0.79095458984375 -0.57733154296875
0.01873779296875 -0.0219478607177734 -0.75177001953125 0.34124755859375
0.0110740661621094 -0.0356025695800781 -0.0540771484374999 0.6396484375
-0.000141143798828127 -0.0563850402832031 0.316650390625 0.355865478515625
-0.0177764892578125 -0.0307273864746094 0.340606689453125 -0.074066162109375
-0.0134344100952148 0.000228881835937501 0.177825927734375 -0.29986572265625
-0.0198783874511719 -0.0189056396484375 -0.194305419921875 0.280487060546875
-0.00103378295898438 -0.0558280944824219 -0.30029296875 -0.0439453125
0.0135917663574219 -0.0532455444335937 -0.152069091796875 -0.47882080078125
0.0351448059082031 -0.00708389282226562 0.3685302734375 -0.6138916015625
0.00518131256103516 0.00208950042724609 0.86566162109375 0.04620361328125
-0.0349502563476563 -0.0613288879394531 0.55670166015625 0.82781982421875
0.0152015686035156 -0.0619010925292969 -0.02276611328125 0.66607666015625
0.0397834777832031 -0.0545921325683594 0.0808181762695313 -0.040252685546875
-0.00997161865234375 -0.0524559020996094 -0.05120849609375 -0.7635498046875
-0.0102577209472656 -0.0435523986816406 -0.7674560546875 -0.6214599609375
0.0141944885253906 -0.0211677551269531 -0.77734375 0.30157470703125
0.0128803253173828 -0.0309581756591797 -0.091552734375 0.64013671875
0.000835418701171876 -0.0556182861328125 0.294403076171875 0.37451171875
-0.0145835876464844 -0.0335712432861328 0.331573486328125 -0.058502197265625
-0.00619363784790039 -0.000907421112060546 0.1693115234375 -0.298309326171875
-0.0322418212890625 -0.0205154418945313 -0.147247314453125 0.2923583984375
0.01312255859375 -0.00087738037109375 -0.284423828125 0.01922607421875
0.00924110412597656 0.0185527801513672 -0.23236083984375 -0.401885986328125
-0.00822067260742187 0.0455513000488281 0.1925048828125 -0.66455078125
-0.0231685638427734 0.025421142578125 0.8016357421875 -0.1865234375
-0.0129413604736328 -0.0165681838989258 0.73211669921875 0.66522216796875
0.02850341796875 0.0296039581298828 0.10040283203125 0.75994873046875
0.0129737854003906 0.0607070922851563 0.0247344970703125 0.115325927734375
0.0258884429931641 0.0332298278808594 0.07330322265625 -0.65753173828125
0.0152587890625 -0.0155839920043945 -0.6160888671875 -0.78271484375
-0.0198726654052734 0.00301551818847657 -0.88458251953125 0.0902099609375001
-0.0169525146484375 0.0279369354248047 -0.2703857421875 0.6217041015625
0.000782012939453123 0.0181427001953125 0.212677001953125 0.447723388671875
0.00161170959472656 0.0207996368408203 0.346160888671875 -0.00531005859375
-0.0194244384765625 0.00348854064941406 0.2149658203125 -0.277862548828125
-0.0369682312011719 -0.0204734802246094 -0.144195556640625 0.286773681640625
0.00912189483642578 -0.00711917877197266 -0.2742919921875 0.00241088867187504
0.00828266143798828 0.00719070434570313 -0.200408935546875 -0.427703857421875
-0.00367355346679687 0.0339889526367188 0.25421142578125 -0.65142822265625
-0.0172805786132813 0.021759033203125 0.828369140625 -0.11285400390625
-0.00712776184082031 -0.00514698028564453 0.683349609375 0.7335205078125
0.0235710144042969 0.0505905151367187 0.0551757812500001 0.75811767578125
-0.000335693359375007 0.0765838623046875 0.0294342041015625 0.0849075317382813
0.0208663940429688 0.0489692687988281 0.02685546875 -0.67431640625
0.0183181762695313 -0.0049591064453125 -0.67291259765625 -0.72027587890625
-0.0104227066040039 0.00220775604248047 -0.85699462890625 0.16937255859375
-0.00842952728271484 0.0170068740844727 -0.20587158203125 0.63531494140625
0.0043950080871582 0.00582408905029297 0.2508544921875 0.42401123046875
-0.00329971313476562 0.0137176513671875 0.354827880859375 -0.028961181640625
-0.0246028900146484 0.00333786010742188 0.217041015625 -0.284423828125
-0.0409889221191406 -0.0187530517578125 -0.143310546875 0.282989501953125
0.00578880310058594 -0.0140056610107422 -0.266525268554688 -0.0200958251953125
0.00792264938354492 -0.00790834426879883 -0.16546630859375 -0.45062255859375
0.00397872924804687 0.0203666687011719 0.31024169921875 -0.63385009765625
-0.008575439453125 0.01849365234375 0.84564208984375 -0.0352783203125
-0.0057525634765625 0.00376415252685547 0.63031005859375 0.797607421875
0.0161323547363281 0.0610618591308594 0.00964355468749996 0.7427978515625
-0.00931549072265626 0.0800247192382813 0.0366630554199219 0.049468994140625
0.015594482421875 0.0541648864746094 -0.01727294921875 -0.693603515625
0.0211067199707031 -0.00158882141113281 -0.72735595703125 -0.65655517578125
1.31130218505856E-06 -0.00127387046813965 -0.821533203125 0.24462890625
-0.00167751312255859 0.0023958683013916 -0.1434326171875 0.6417236328125
0.00510120391845703 -0.0103254318237305 0.28448486328125 0.39447021484375
-0.00911903381347656 0.00513839721679687 0.359710693359375 -0.0509033203125
-0.0269660949707031 0.00266647338867188 0.21392822265625 -0.290435791015625
-0.0425758361816406 -0.0186233520507813 -0.147445678710938 0.278640747070313
0.00211524963378907 -0.02520751953125 -0.262664794921875 -0.0366668701171875
0.0103530883789063 -0.0241165161132813 -0.139190673828125 -0.46533203125
0.0155973434448242 0.00846481323242188 0.35546875 -0.614013671875
0.000539779663085938 0.0170202255249023 0.857666015625 0.03033447265625
-0.00899791717529297 0.00556564331054688 0.577392578125 0.8431396484375
0.00864028930664062 0.0577125549316406 -0.0260009765625001 0.72369384765625
-0.0118942260742187 0.0712051391601563 0.0472488403320312 0.0148353576660156
0.00951004028320313 0.0497093200683594 -0.054931640625 -0.70989990234375
0.0203208923339844 -0.00285911560058594 -0.7620849609375 -0.6055908203125
0.00870609283447266 -0.00828647613525391 -0.78448486328125 0.2987060546875
0.00378894805908203 -0.0119705200195313 -0.09307861328125 0.640625
0.00429153442382813 -0.0262222290039063 0.30865478515625 0.371856689453125
-0.014094352722168 -0.00486278533935547 0.35931396484375 -0.0701904296875
-0.0279293060302734 0.00292205810546875 0.2069091796875 -0.29486083984375
-0.0416717529296875 -0.0181808471679687 -0.152938842773437 0.276275634765625
-0.000705718994140628 -0.0367813110351563 -0.264068603515625 -0.047821044921875
0.0134468078613281 -0.0400733947753906 -0.125152587890625 -0.475067138671875
0.0275955200195313 -0.00196456909179688 0.38360595703125 -0.60052490234375
0.00766563415527344 0.0145330429077148 0.86138916015625 0.07232666015625
-0.0127592086791992 -0.000453948974609377 0.53973388671875 0.8665771484375
0.004180908203125 0.0419769287109375 -0.0467529296874999 0.70074462890625
-0.00920486450195313 0.0513191223144531 0.0565986633300781 -0.0132484436035156
0.00286483764648438 0.0358810424804688 -0.0775756835937499 -0.7264404296875
0.0171127319335937 -0.00619316101074219 -0.7841796875 -0.57269287109375
0.0148429870605469 -0.0154523849487305 -0.75775146484375 0.332275390625
0.00628280639648438 -0.0247554779052734 -0.05999755859375 0.63934326171875
0.00170135498046875 -0.0407028198242188 0.320556640625 0.355072021484375
-0.0177860260009766 -0.0148162841796875 0.353729248046875 -0.07904052734375
-0.0255069732666016 0.00291824340820312 0.1968994140625 -0.2987060546875
-0.0357284545898438 -0.0185050964355469 -0.163955688476562 0.276962280273438
-0.0020294189453125 -0.0460777282714844 -0.270614624023438 -0.053558349609375
0.0152931213378906 -0.0506324768066406 -0.122314453125 -0.4815673828125
0.0359649658203125 -0.00862884521484375 0.39495849609375 -0.59332275390625
0.0125226974487305 0.0119609832763672 0.862548828125 0.0887451171875
-0.0189800262451172 -0.0131816864013672 0.52264404296875 0.86834716796875
0.00421237945556641 0.0160808563232422 -0.0507812499999999 0.6807861328125
0.000158309936523439 0.0231914520263672 0.0680351257324219 -0.0343666076660156
-0.00373744964599609 0.0156993865966797 -0.0853271484375 -0.74102783203125
0.0109548568725586 -0.0146465301513672 -0.7899169921875 -0.56298828125
0.0186710357666016 -0.0196456909179688 -0.74627685546875 0.34423828125
0.00921821594238281 -0.0331039428710938 -0.0477294921875 0.6357421875
0.000244140624999997 -0.0513458251953125 0.32159423828125 0.348876953125
-0.0194301605224609 -0.0233745574951172 0.347442626953125 -0.082183837890625
-0.0209636688232422 0.00159835815429688 0.1851806640625 -0.300079345703125
-0.0291385650634766 -0.0181331634521484 -0.176849365234375 0.27777099609375
-0.0022125244140625 -0.0524635314941406 -0.28240966796875 -0.05322265625
0.0158271789550781 -0.0546607971191406 -0.12799072265625 -0.484375
0.0393028259277344 -0.0100479125976563 0.392333984375 -0.595703125
0.0110197067260742 0.00661563873291016 0.8629150390625 0.08636474609375
-0.0268630981445313 -0.0352363586425781 0.52301025390625 0.85919189453125
0.00896453857421875 -0.0195674896240234 -0.04486083984375 0.664794921875
0.0165557861328125 -0.0125608444213867 0.0781631469726563 -0.049072265625
-0.00793266296386719 -0.0143957138061523 -0.0874023437500001 -0.75250244140625
0.00123405456542969 -0.0268115997314453 -0.79278564453125 -0.563232421875
0.0189361572265625 -0.0221729278564453 -0.74444580078125 0.34686279296875
0.0108432769775391 -0.0350093841552734 -0.0458984375 0.63568115234375
-0.00135421752929687 -0.05633544921875 0.318145751953125 0.348480224609375
-0.0183944702148437 -0.0303821563720703 0.33673095703125 -0.077850341796875
-0.012725830078125 0.000707626342773435 0.17303466796875 -0.29925537109375
-0.0197124481201172 -0.01715087890625 -0.187652587890625 0.28192138671875
-0.00196075439453124 -0.0544052124023438 -0.297576904296875 -0.04034423828125
0.0124397277832031 -0.0520553588867188 -0.156005859375 -0.474456787109375
0.0351829528808594 -0.0080108642578125 0.3585205078125 -0.614013671875
0.00490379333496094 0.0013117790222168 0.86083984375 0.03497314453125
-0.0363578796386719 -0.0606231689453125 0.5621337890625 0.81298828125
0.0144271850585937 -0.0612754821777344 -0.01446533203125 0.66143798828125
0.0387763977050781 -0.0542640686035156 0.080108642578125 -0.0396575927734375
-0.0101051330566406 -0.0515975952148438 -0.060302734375 -0.75830078125
-0.0122032165527344 -0.0430870056152344 -0.7703857421875 -0.60772705078125
0.0130043029785156 -0.0216407775878906 -0.768798828125 0.30963134765625
0.0117321014404297 -0.0311756134033203 -0.0835571289062501 0.63604736328125
0.00020980834960937 -0.05572509765625 0.2978515625 0.36810302734375
-0.0154552459716797 -0.0332717895507813 0.32806396484375 -0.06201171875
-0.0047144889831543 8.01086425781261E-05 0.165435791015625 -0.298583984375
-0.0324077606201172 -0.0190658569335938 -0.14154052734375 0.290496826171875
0.0121469497680664 0.000191688537597656 -0.281890869140625 0.021759033203125
0.00878143310546875 0.0179710388183594 -0.234039306640625 -0.397613525390625
-0.00703048706054687 0.0456352233886719 0.1856689453125 -0.6597900390625
-0.023040771484375 0.0239791870117188 0.7930908203125 -0.19073486328125
-0.0137672424316406 -0.0178165435791016 0.7335205078125 0.6539306640625
0.0286216735839844 0.0296993255615234 0.1064453125 0.75408935546875
0.0138587951660156 0.0606002807617188 0.025115966796875 0.114364624023438
0.0265312194824219 0.0340213775634766 0.06585693359375 -0.6519775390625
0.0149850845336914 -0.015751838684082 -0.61785888671875 -0.77093505859375
-0.0203723907470703 0.00308418273925781 -0.8795166015625 0.09796142578125
-0.0168037414550781 0.0279808044433594 -0.26361083984375 0.621337890625
-0.000123977661132813 0.0185527801513672 0.2161865234375 0.4422607421875
0.00124359130859375 0.0205650329589844 0.34246826171875 -0.008880615234375
-0.0195903778076172 0.00477790832519531 0.210205078125 -0.27825927734375
-0.0374984741210938 -0.0183601379394531 -0.139373779296875 0.286041259765625
0.00824737548828125 -0.00749778747558594 -0.271148681640625 0.00492858886718753
0.0079035758972168 0.00707769393920898 -0.202239990234375 -0.42266845703125
-0.00318527221679688 0.0336341857910156 0.243896484375 -0.64996337890625
-0.0168838500976563 0.0212173461914063 0.8192138671875 -0.1195068359375
-0.00790023803710938 -0.00533676147460938 0.685791015625 0.7215576171875
0.0234794616699219 0.0504074096679687 0.06182861328125 0.7510986328125
0.00146484375000001 0.0764389038085938 0.029266357421875 0.0850601196289063
0.0213470458984375 0.0482978820800781 0.0223999023437501 -0.66851806640625
0.0179100036621094 -0.00575637817382813 -0.67474365234375 -0.708984375
-0.00981998443603516 0.00256156921386719 -0.84967041015625 0.17578125
-0.00814914703369141 0.0168886184692383 -0.19964599609375 0.63250732421875
0.00339555740356445 0.00580835342407227 0.250946044921875 0.41864013671875
-0.0034942626953125 0.0144243240356445 0.352142333984375 -0.031524658203125
-0.0231647491455078 0.00468254089355469 0.212982177734375 -0.2840576171875
-0.0407524108886719 -0.01763916015625 -0.138671875 0.28131103515625
0.00439929962158203 -0.0142021179199219 -0.264068603515625 -0.0173797607421875
0.00774860382080078 -0.00750541687011719 -0.1695556640625 -0.444976806640625
0.00512504577636719 0.0205936431884766 0.2994384765625 -0.63043212890625
-0.00877952575683594 0.0189495086669922 0.84027099609375 -0.04473876953125
-0.00669717788696289 0.00330066680908203 0.631591796875 0.7847900390625
0.0161170959472656 0.0594940185546875 0.0157470703125 0.7379150390625
-0.0071258544921875 0.0801162719726563 0.0368766784667969 0.0493240356445313
0.0167160034179688 0.0537567138671875 -0.0228271484375 -0.6871337890625
0.0199146270751953 -0.00104904174804688 -0.72589111328125 -0.646484375
-0.000390291213989258 -0.00175917148590088 -0.81463623046875 0.25091552734375
-0.00157034397125244 0.00178885459899902 -0.13604736328125 0.63787841796875
0.00519084930419922 -0.00922870635986328 0.283660888671875 0.389617919921875
-0.00968456268310547 0.00520801544189453 0.355712890625 -0.05462646484375
-0.0262966156005859 0.00428581237792968 0.209381103515625 -0.289886474609375
-0.0429420471191406 -0.0169334411621094 -0.141342163085938 0.277969360351562
0.00128555297851563 -0.023590087890625 -0.259078979492188 -0.035369873046875
0.00971603393554688 -0.0243186950683594 -0.144317626953125 -0.46124267578125
0.0167045593261719 0.00752830505371094 0.34619140625 -0.612548828125
-0.000251770019531251 0.0177097320556641 0.84991455078125 0.02099609375
-0.00772714614868164 0.00548934936523438 0.57733154296875 0.8302001953125
0.00887298583984375 0.0571060180664062 -0.0202636718749999 0.71722412109375
-0.011474609375 0.0711593627929687 0.046630859375 0.0151596069335938
0.00931549072265626 0.0494804382324219 -0.0595703125 -0.70458984375
0.0197925567626953 -0.00197410583496094 -0.761962890625 -0.594970703125
0.00874137878417969 -0.00785636901855469 -0.775390625 0.3043212890625
0.00336170196533203 -0.0124549865722656 -0.0858154296875 0.63653564453125
0.00413703918457032 -0.02587890625 0.308258056640625 0.36474609375
-0.0137863159179687 -0.00459575653076172 0.35546875 -0.072052001953125
-0.0273036956787109 0.00446510314941406 0.20196533203125 -0.29498291015625
-0.0411796569824219 -0.0163497924804688 -0.148696899414062 0.275802612304688
-0.00111007690429687 -0.0352210998535156 -0.262283325195313 -0.0459442138671875
0.013153076171875 -0.0392570495605469 -0.128936767578125 -0.470001220703125
0.0277309417724609 -0.00281715393066406 0.37298583984375 -0.598388671875
0.00790214538574219 0.0149030685424805 0.8541259765625 0.0640869140625
-0.012913703918457 -0.000522613525390627 0.5428466796875 0.8543701171875
0.00446319580078125 0.0418052673339844 -0.03802490234375 0.69451904296875
-0.0081634521484375 0.0515594482421875 0.0567817687988281 -0.0127639770507812
0.00295639038085938 0.0370407104492188 -0.0836181640624999 -0.72076416015625
0.0159168243408203 -0.00678730010986328 -0.7825927734375 -0.56256103515625
0.0147991180419922 -0.0147981643676758 -0.75030517578125 0.33782958984375
0.00672531127929687 -0.0247974395751953 -0.05487060546875 0.6358642578125
0.0010223388671875 -0.0397300720214844 0.320343017578125 0.349578857421875
-0.0186061859130859 -0.0140609741210938 0.35003662109375 -0.0830078125
-0.0239086151123047 0.00310134887695313 0.191314697265625 -0.29840087890625
-0.0355720520019531 -0.0163383483886719 -0.158370971679688 0.275863647460937
-0.00246047973632812 -0.0448226928710938 -0.26885986328125 -0.05029296875
0.01519775390625 -0.0503044128417969 -0.125823974609375 -0.476531982421875
0.035797119140625 -0.00924301147460938 0.384765625 -0.5921630859375
0.012568473815918 0.0114364624023438 0.85614013671875 0.08001708984375
-0.0191764831542969 -0.0131816864013672 0.52655029296875 0.8570556640625
0.00396442413330078 0.0162715911865234 -0.04534912109375 0.67523193359375
-9.15527343749991E-05 0.0237007141113281 0.0662384033203125 -0.03399658203125
-0.00250625610351562 0.0152816772460938 -0.0926513671875 -0.7347412109375
0.0100917816162109 -0.0147228240966797 -0.78802490234375 -0.55194091796875
0.0179653167724609 -0.0198783874511719 -0.7381591796875 0.34893798828125
0.00898933410644531 -0.0327224731445313 -0.0426635742187499 0.631103515625
-0.00112152099609375 -0.0510940551757813 0.3212890625 0.343597412109375
-0.0197772979736328 -0.02239990234375 0.341705322265625 -0.08489990234375
-0.0194454193115234 0.00294113159179688 0.180755615234375 -0.2987060546875
-0.0280666351318359 -0.0171127319335938 -0.171432495117187 0.276718139648438
-0.00299453735351562 -0.0522499084472656 -0.279937744140625 -0.0497894287109375
0.0147514343261719 -0.0551376342773438 -0.1317138671875 -0.47918701171875
0.0389595031738281 -0.0107994079589844 0.38458251953125 -0.5960693359375
0.0107460021972656 0.00534915924072266 0.857666015625 0.0772705078125
-0.0269546508789062 -0.0351676940917969 0.5289306640625 0.8465576171875
0.00826263427734375 -0.0192165374755859 -0.0386962890625 0.65802001953125
0.0174274444580078 -0.0126476287841797 0.076263427734375 -0.0494613647460938
-0.00766563415527344 -0.0139598846435547 -0.093505859375 -0.74542236328125
0.00127983093261719 -0.0261745452880859 -0.7904052734375 -0.55316162109375
0.0187091827392578 -0.0232315063476563 -0.73760986328125 0.35040283203125
0.0102119445800781 -0.0355796813964844 -0.04119873046875 0.63128662109375
-0.00226974487304687 -0.0562553405761719 0.319000244140625 0.34375
-0.0186691284179687 -0.02850341796875 0.33349609375 -0.08062744140625
-0.0123529434204102 0.00221633911132813 0.16802978515625 -0.2996826171875
-0.0197982788085938 -0.0164966583251953 -0.183319091796875 0.28179931640625
-0.00318527221679687 -0.0535240173339844 -0.295440673828125 -0.037384033203125
0.0115280151367187 -0.0510520935058594 -0.16009521484375 -0.46917724609375
0.0341720581054688 -0.00854301452636719 0.3494873046875 -0.611572265625
0.00496053695678711 0.0015711784362793 0.85223388671875 0.02490234375
-0.0376777648925781 -0.0601577758789062 0.56500244140625 0.8028564453125
0.0139656066894531 -0.0605354309082031 -0.00866699218749998 0.655029296875
0.0391998291015625 -0.0544242858886719 0.0787124633789063 -0.0402145385742188
-0.00978851318359375 -0.0500297546386719 -0.0650634765625001 -0.74945068359375
-0.0116386413574219 -0.0425033569335937 -0.76763916015625 -0.5960693359375
0.0136661529541016 -0.0219402313232422 -0.76025390625 0.3140869140625
0.0119380950927734 -0.0312175750732422 -0.0782470703125001 0.6336669921875
-0.00142288208007813 -0.0550651550292969 0.296356201171875 0.362396240234375
-0.0153217315673828 -0.0318508148193359 0.324310302734375 -0.0645751953125
-0.00434589385986328 0.00156521797180176 0.160614013671875 -0.297576904296875
-0.0318241119384766 -0.0178298950195312 -0.136962890625 0.29034423828125
0.01165771484375 0.000261306762695313 -0.2786865234375 0.024566650390625
0.00881576538085938 0.0179100036621094 -0.23687744140625 -0.39276123046875
-0.00583267211914062 0.0453681945800781 0.1767578125 -0.65704345703125
-0.0230770111083984 0.0243110656738281 0.78228759765625 -0.19671630859375
-0.0145082473754883 -0.0171184539794922 0.73297119140625 0.642822265625
0.0282306671142578 0.0291175842285156 0.11224365234375 0.74700927734375
0.0147247314453125 0.0603294372558594 0.0258026123046875 0.114234924316406
0.0264320373535156 0.0326900482177734 0.0615234374999999 -0.6478271484375
0.0150966644287109 -0.0148134231567383 -0.61944580078125 -0.7615966796875
-0.0200328826904297 0.00333976745605469 -0.8719482421875 0.101806640625
-0.0164089202880859 0.0283393859863281 -0.257568359375 0.6173095703125
-0.000102996826171873 0.0187187194824219 0.2152099609375 0.437347412109375
0.00147056579589844 0.0206928253173828 0.338714599609375 -0.01043701171875
-0.0180492401123047 0.00585746765136719 0.206436157226563 -0.27801513671875
-0.0371665954589844 -0.0173110961914062 -0.13446044921875 0.284576416015625
0.0080561637878418 -0.00688362121582031 -0.268753051757812 0.00671386718749998
0.00698328018188477 0.00665521621704101 -0.203704833984375 -0.4185791015625
-0.00251388549804687 0.0328388214111328 0.2344970703125 -0.6451416015625
-0.0167884826660156 0.0212688446044922 0.81072998046875 -0.12689208984375
-0.00831985473632812 -0.00542449951171875 0.68798828125 0.70916748046875
0.0231246948242188 0.0493965148925781 0.0675048828124999 0.74298095703125
0.00147247314453125 0.0762100219726563 0.0286483764648438 0.0845489501953125
0.0218429565429688 0.0482673645019531 0.01702880859375 -0.66455078125
0.0179882049560547 -0.00639533996582031 -0.673095703125 -0.6990966796875
-0.0103769302368164 0.00271034240722656 -0.8416748046875 0.181396484375
-0.00847816467285156 0.016204833984375 -0.19464111328125 0.62884521484375
0.00314760208129883 0.00613164901733398 0.252288818359375 0.412994384765625
-0.00383663177490235 0.0151071548461914 0.34771728515625 -0.034637451171875
-0.0227928161621094 0.00571632385253906 0.208831787109375 -0.28350830078125
-0.0404090881347656 -0.0157508850097656 -0.13311767578125 0.280441284179688
0.00413131713867188 -0.0135717391967773 -0.261154174804688 -0.0154418945312499
0.0065770149230957 -0.00863409042358398 -0.171783447265625 -0.439788818359375
0.00533676147460938 0.0194721221923828 0.2908935546875 -0.6280517578125
-0.00852012634277344 0.0189037322998047 0.8294677734375 -0.04998779296875
-0.00671768188476563 0.00313949584960937 0.63348388671875 0.77294921875
0.0164146423339844 0.0603828430175781 0.02099609375 0.73046875
-0.00748443603515625 0.0799179077148437 0.0370445251464844 0.0490951538085938
0.0169258117675781 0.0545005798339844 -0.02764892578125 -0.6802978515625
0.0204486846923828 -0.00172233581542969 -0.72418212890625 -0.63653564453125
-4.88758087158205E-05 -0.00218665599822998 -0.8043212890625 0.25390625
-0.00111246109008789 0.00223970413208008 -0.132568359375 0.6329345703125
0.00464344024658203 -0.0093851089477539 0.285247802734375 0.3843994140625
-0.00900650024414063 0.00581073760986328 0.35174560546875 -0.056243896484375
-0.0255870819091797 0.00507164001464844 0.205718994140625 -0.28985595703125
-0.0421676635742188 -0.0153465270996094 -0.137039184570312 0.27691650390625
0.000358581542968752 -0.0228195190429688 -0.257095336914063 -0.0327301025390625
0.00860595703125 -0.0247993469238281 -0.144500732421875 -0.456298828125
0.0172128677368164 0.0079193115234375 0.33685302734375 -0.60955810546875
0.000104904174804689 0.0167245864868164 0.84271240234375 0.01336669921875
-0.00941848754882812 0.00507926940917969 0.58270263671875 0.8189697265625
0.00859451293945313 0.0561599731445312 -0.0143432617187499 0.71197509765625
-0.010284423828125 0.0713958740234375 0.0460243225097656 0.01519775390625
0.0113945007324219 0.0493125915527344 -0.06500244140625 -0.69769287109375
0.0195274353027344 -0.0022430419921875 -0.75933837890625 -0.5828857421875
0.00804662704467773 -0.00859308242797852 -0.76885986328125 0.3074951171875
0.00324916839599609 -0.0125694274902344 -0.08172607421875 0.63116455078125
0.00288200378417969 -0.0258560180664063 0.307098388671875 0.360504150390625
-0.014256477355957 -0.00391387939453125 0.3509521484375 -0.073944091796875
-0.0261478424072266 0.00488471984863281 0.19793701171875 -0.293548583984375
-0.0398712158203125 -0.0156021118164063 -0.14288330078125 0.275314331054688
-0.00285530090332032 -0.0350990295410156 -0.25927734375 -0.043975830078125
0.0118980407714844 -0.0398292541503906 -0.13055419921875 -0.467254638671875
0.0282268524169922 -0.00277519226074219 0.3643798828125 -0.596435546875
0.00803565979003906 0.01470947265625 0.84478759765625 0.05615234375
-0.0132875442504883 -0.000540733337402346 0.54443359375 0.843017578125
0.00388336181640625 0.0408134460449219 -0.03326416015625 0.69049072265625
-0.0067291259765625 0.0513343811035156 0.0561447143554687 -0.0137481689453125
0.003936767578125 0.0363349914550781 -0.08892822265625 -0.7139892578125
0.0156478881835938 -0.00657558441162109 -0.7816162109375 -0.5521240234375
0.0143594741821289 -0.0152091979980469 -0.7427978515625 0.3411865234375
0.00658607482910156 -0.0252132415771484 -0.04949951171875 0.629638671875
0.000438690185546876 -0.040252685546875 0.319854736328125 0.343353271484375
-0.0182476043701172 -0.0128383636474609 0.345703125 -0.083648681640625
-0.0231437683105469 0.00442314147949219 0.188079833984375 -0.29656982421875
-0.0353202819824219 -0.0154953002929687 -0.153427124023438 0.274032592773438
-0.00396347045898437 -0.0434684753417969 -0.266876220703125 -0.0482940673828125
0.0140800476074219 -0.05035400390625 -0.128265380859375 -0.471405029296875
0.0364608764648438 -0.00951385498046875 0.375732421875 -0.5902099609375
0.0121049880981445 0.0109710693359375 0.84844970703125 0.07147216796875
-0.0200710296630859 -0.0133781433105469 0.53057861328125 0.844970703125
0.00400161743164062 0.0165491104125977 -0.0389404296875 0.67059326171875
0.0012359619140625 0.0238075256347656 0.0658531188964844 -0.0333786010742188
-0.00270652770996094 0.016383171081543 -0.0968017578124999 -0.726318359375
0.00999355316162109 -0.0145130157470703 -0.78619384765625 -0.5396728515625
0.0170192718505859 -0.020111083984375 -0.7308349609375 0.351806640625
0.00813484191894531 -0.0337066650390625 -0.0384521484375 0.62554931640625
-0.0017852783203125 -0.0499191284179688 0.321044921875 0.33697509765625
-0.0207881927490234 -0.0222797393798828 0.339202880859375 -0.086090087890625
-0.0184478759765625 0.00370597839355469 0.176727294921875 -0.297607421875
-0.0279350280761719 -0.0157489776611328 -0.166702270507813 0.275833129882813
-0.00487518310546875 -0.05010986328125 -0.27716064453125 -0.0476226806640625
0.0142593383789062 -0.0548820495605469 -0.135650634765625 -0.474029541015625
0.0395736694335938 -0.0116806030273438 0.37548828125 -0.59320068359375
0.00994586944580078 0.0057525634765625 0.850341796875 0.06976318359375
-0.0271949768066406 -0.0341796875 0.529541015625 0.8348388671875
0.00836944580078125 -0.01861572265625 -0.03314208984375 0.65472412109375
0.016667366027832 -0.0132246017456055 0.0755081176757813 -0.0481643676757813
-0.0086355209350586 -0.0134086608886719 -0.09722900390625 -0.73828125
0.000484466552734375 -0.0256233215332031 -0.78973388671875 -0.54241943359375
0.0179080963134766 -0.0226955413818359 -0.72808837890625 0.3526611328125
0.00970840454101563 -0.0358047485351563 -0.03631591796875 0.6263427734375
-0.00246810913085938 -0.0553092956542969 0.31793212890625 0.33837890625
-0.0195407867431641 -0.0277671813964844 0.3291015625 -0.082244873046875
-0.0108861923217773 0.0027618408203125 0.163726806640625 -0.2974853515625
-0.0191936492919922 -0.0154438018798828 -0.177581787109375 0.280014038085938
-0.00388717651367187 -0.0522804260253906 -0.29345703125 -0.03521728515625
0.0106468200683594 -0.05224609375 -0.162841796875 -0.463531494140625
0.0358505249023438 -0.00955963134765625 0.3406982421875 -0.6085205078125
0.00497674942016602 0.000887870788574219 0.846435546875 0.019287109375
-0.03790283203125 -0.0584449768066406 0.567138671875 0.791015625
0.0131874084472656 -0.0599632263183594 -0.00494384765625002 0.64947509765625
0.0390129089355469 -0.0538406372070313 0.0781021118164062 -0.0401992797851562
-0.00912094116210938 -0.0496177673339844 -0.0704956054687499 -0.74237060546875
-0.0123634338378906 -0.0419158935546875 -0.766357421875 -0.5855712890625
0.0127964019775391 -0.0215911865234375 -0.7545166015625 0.3172607421875
0.0120391845703125 -0.0313129425048828 -0.0740356445312501 0.6278076171875
-0.00298309326171875 -0.0547370910644531 0.29742431640625 0.357147216796875
-0.0165462493896484 -0.0314388275146484 0.32086181640625 -0.066131591796875
-0.00338554382324219 0.00243377685546875 0.15655517578125 -0.295684814453125
-0.0310192108154297 -0.0164794921875 -0.13250732421875 0.287200927734375
0.0111484527587891 0.00100421905517578 -0.275894165039063 0.02606201171875
0.00784111022949219 0.0184230804443359 -0.236480712890625 -0.38873291015625
-0.005706787109375 0.045135498046875 0.16949462890625 -0.65155029296875
-0.0234718322753906 0.0245475769042969 0.77423095703125 -0.200927734375
-0.0148210525512695 -0.0172796249389648 0.7318115234375 0.63397216796875
0.0279026031494141 0.0286083221435547 0.114990234375 0.7418212890625
0.0153770446777344 0.0599822998046875 0.0258560180664063 0.113380432128906
0.0272369384765625 0.0332298278808594 0.0584716796875 -0.641357421875
0.0135488510131836 -0.0144538879394531 -0.61846923828125 -0.75103759765625
-0.0193233489990234 0.00312232971191406 -0.865234375 0.10833740234375
-0.0158042907714844 0.0283088684082031 -0.25299072265625 0.614501953125
-0.000574111938476563 0.0180892944335938 0.215972900390625 0.432373046875
0.000579833984375001 0.0215568542480469 0.33544921875 -0.013214111328125
-0.0166683197021484 0.00693607330322266 0.202667236328125 -0.27703857421875
-0.035919189453125 -0.0155487060546875 -0.1312255859375 0.28179931640625
0.00692033767700195 -0.00664234161376953 -0.265975952148438 0.00793457031250001
0.00669479370117187 0.00668144226074219 -0.20404052734375 -0.413787841796875
-0.001434326171875 0.0322971343994141 0.2279052734375 -0.640869140625
-0.0172157287597656 0.0209579467773438 0.80206298828125 -0.13134765625
-0.00887870788574219 -0.00520801544189453 0.68475341796875 0.70001220703125
0.0239677429199219 0.0493240356445312 0.070068359375 0.73699951171875
0.00286102294921874 0.0758743286132812 0.0298538208007813 0.0834426879882813
0.0225906372070313 0.0483818054199219 0.01312255859375 -0.6578369140625
0.0173110961914062 -0.00579547882080078 -0.67254638671875 -0.68798828125
-0.0100336074829102 0.00246143341064453 -0.83465576171875 0.18511962890625
-0.00840950012207031 0.0163078308105469 -0.19036865234375 0.6246337890625
0.00322961807250977 0.00579309463500977 0.252685546875 0.406494140625
-0.00449371337890625 0.0145349502563477 0.344696044921875 -0.03619384765625
-0.0218601226806641 0.007110595703125 0.204498291015625 -0.281982421875
-0.0397453308105469 -0.0150337219238281 -0.129745483398438 0.278594970703125
0.0030364990234375 -0.0134134292602539 -0.25860595703125 -0.0139923095703125
0.00672531127929688 -0.00840091705322266 -0.173309326171875 -0.434661865234375
0.00635337829589844 0.0195274353027344 0.2825927734375 -0.6240234375
-0.00871658325195313 0.0185050964355469 0.82220458984375 -0.05609130859375
-0.00745105743408203 0.0032353401184082 0.63299560546875 0.7603759765625
0.0162506103515625 0.0593681335449219 0.0259399414062501 0.72412109375
-0.00603485107421876 0.0796127319335938 0.0362319946289062 0.0494461059570313
0.0167922973632812 0.0532379150390625 -0.03106689453125 -0.67547607421875
0.0188121795654297 -0.000797271728515625 -0.72216796875 -0.6259765625
-0.000669479370117187 -0.00175642967224121 -0.79791259765625 0.2564697265625
-0.00133609771728516 0.00136101245880127 -0.1279296875 0.6295166015625
0.003326416015625 -0.0100460052490234 0.28466796875 0.37957763671875
-0.00923633575439453 0.00617694854736328 0.347991943359375 -0.0574951171875
-0.0246639251708984 0.00727462768554688 0.20159912109375 -0.288421630859375
-0.0407600402832031 -0.0135078430175781 -0.132705688476563 0.275314331054688
-0.000867843627929687 -0.0227432250976563 -0.254989624023438 -0.0314178466796874
0.00790977478027344 -0.0242862701416016 -0.147003173828125 -0.450897216796875
0.0168600082397461 0.00703144073486328 0.32861328125 -0.6075439453125
0.000816345214843751 0.0159635543823242 0.83453369140625 0.0078125
-0.00927543640136719 0.00591659545898437 0.5836181640625 0.8077392578125
0.0091094970703125 0.0565643310546875 -0.00958251953124997 0.7044677734375
-0.00976943969726563 0.0702323913574219 0.0456008911132812 0.0148506164550781
0.0109138488769531 0.0497856140136719 -0.0667114257812501 -0.69140625
0.0190486907958984 -0.00178909301757812 -0.7578125 -0.57666015625
0.00805044174194336 -0.00811338424682617 -0.7615966796875 0.3096923828125
0.00235557556152344 -0.0127334594726563 -0.0782470703125 0.62628173828125
0.00228500366210937 -0.02490234375 0.3072509765625 0.355255126953125
-0.0141839981079102 -0.00300884246826172 0.34625244140625 -0.07489013671875
-0.0250244140625 0.00632667541503907 0.19366455078125 -0.2928466796875
-0.0395584106445312 -0.0140190124511719 -0.138900756835937 0.272918701171875
-0.0033111572265625 -0.0334568023681641 -0.256851196289063 -0.0419158935546875
0.0109329223632813 -0.0390815734863281 -0.133392333984375 -0.46258544921875
0.0283184051513672 -0.00347900390625 0.35809326171875 -0.5943603515625
0.00742149353027344 0.013218879699707 0.83905029296875 0.0482177734375
-0.0141925811767578 -0.000997543334960938 0.54718017578125 0.83245849609375
0.00494766235351562 0.0410842895507813 -0.0302734375 0.685302734375
-0.00731277465820312 0.0516395568847656 0.0557022094726563 -0.01287841796875
0.0043487548828125 0.036102294921875 -0.0912475585937501 -0.7069091796875
0.0151338577270508 -0.00617504119873047 -0.77801513671875 -0.54266357421875
0.0142412185668945 -0.0148143768310547 -0.734375 0.34259033203125
0.00628662109375 -0.0248928070068359 -0.0477294921875001 0.6251220703125
-0.000640869140624998 -0.0394401550292969 0.319000244140625 0.338897705078125
-0.0187797546386719 -0.0122184753417969 0.341888427734375 -0.08514404296875
-0.0222434997558594 0.00550079345703125 0.18450927734375 -0.296356201171875
-0.0336036682128906 -0.0139083862304688 -0.14910888671875 0.272537231445313
-0.00442886352539062 -0.0430564880371094 -0.264205932617188 -0.046478271484375
0.0128097534179687 -0.0501670837402344 -0.130035400390625 -0.467071533203125
0.0366783142089844 -0.00973892211914062 0.36895751953125 -0.58709716796875
0.0115747451782227 0.0102005004882813 0.84136962890625 0.0662841796875
-0.0210132598876953 -0.0136623382568359 0.53057861328125 0.83441162109375
0.00423431396484375 0.0165243148803711 -0.0352783203125 0.6650390625
0.00206565856933594 0.0234737396240234 0.06475830078125 -0.03326416015625
-0.00203418731689453 0.0164051055908203 -0.10003662109375 -0.72003173828125
0.00976085662841797 -0.0144863128662109 -0.78277587890625 -0.53265380859375
0.0173835754394531 -0.0200214385986328 -0.72332763671875 0.353271484375
0.00798225402832031 -0.0330753326416016 -0.03497314453125 0.622802734375
-0.00240707397460938 -0.050140380859375 0.3194580078125 0.3321533203125
-0.0208511352539062 -0.0210514068603516 0.333892822265625 -0.087677001953125
-0.0167551040649414 0.00507259368896484 0.1724853515625 -0.295989990234375
-0.0271015167236328 -0.0153541564941406 -0.162109375 0.273834228515625
-0.00505828857421874 -0.0489578247070313 -0.27606201171875 -0.0462188720703124
0.0132942199707031 -0.053955078125 -0.13726806640625 -0.46990966796875
0.0392684936523438 -0.012542724609375 0.36767578125 -0.59027099609375
0.0108022689819336 0.00499820709228516 0.84259033203125 0.06292724609375
-0.0282917022705078 -0.0337142944335937 0.53076171875 0.8250732421875
0.00810432434082031 -0.0187530517578125 -0.0276489257812501 0.6475830078125
0.0172853469848633 -0.0121269226074219 0.0750045776367188 -0.0476837158203125
-0.00778961181640625 -0.0123767852783203 -0.1007080078125 -0.73052978515625
-0.000692367553710936 -0.0256099700927734 -0.7828369140625 -0.531494140625
0.0171127319335938 -0.0221366882324219 -0.71923828125 0.3546142578125
0.00881576538085938 -0.0354957580566406 -0.0349121093750001 0.621337890625
-0.00409317016601562 -0.0552291870117187 0.316741943359375 0.333648681640625
-0.0195732116699219 -0.0270233154296875 0.324981689453125 -0.08331298828125
-0.0103044509887695 0.00345134735107422 0.160888671875 -0.2962646484375
-0.0184535980224609 -0.0142059326171875 -0.173248291015625 0.278793334960938
-0.00461959838867187 -0.0513648986816406 -0.29046630859375 -0.03350830078125
0.00959014892578124 -0.0524559020996094 -0.164031982421875 -0.459075927734375
0.0356101989746094 -0.00940322875976562 0.33056640625 -0.60467529296875
0.00416421890258789 -0.000192880630493164 0.83831787109375 0.01177978515625
-0.039093017578125 -0.058013916015625 0.56878662109375 0.78265380859375
0.011566162109375 -0.0586204528808594 -0.000244140625000035 0.64453125
0.03912353515625 -0.0531768798828125 0.0774612426757813 -0.0388259887695313
-0.0098876953125 -0.0491104125976563 -0.07366943359375 -0.73486328125
-0.0123634338378906 -0.0411300659179688 -0.76275634765625 -0.5780029296875
0.0123710632324219 -0.0223217010498047 -0.74560546875 0.31732177734375
0.0112628936767578 -0.0316944122314453 -0.0714111328125 0.62335205078125
-0.0027008056640625 -0.0538101196289063 0.295623779296875 0.3516845703125
-0.0171375274658203 -0.0298976898193359 0.316864013671875 -0.06707763671875
-0.00275635719299316 0.00305700302124023 0.15423583984375 -0.293975830078125
-0.0315628051757813 -0.0154781341552734 -0.128692626953125 0.285369873046875
0.010167121887207 0.000798225402832031 -0.272750854492188 0.0272064208984374
0.00822830200195313 0.0174484252929688 -0.23651123046875 -0.384613037109375
-0.00421905517578125 0.04425048828125 0.163818359375 -0.64697265625
-0.0235786437988281 0.023529052734375 0.76702880859375 -0.2032470703125
-0.0155763626098633 -0.0174474716186523 0.729736328125 0.6243896484375
0.02777099609375 0.0282058715820313 0.1185302734375 0.73291015625
0.0161514282226563 0.0597877502441406 0.0259628295898438 0.113410949707031
0.0273590087890625 0.0329704284667969 0.0549316406249999 -0.63507080078125
0.0138835906982422 -0.0143404006958008 -0.61395263671875 -0.74169921875
-0.0191078186035156 0.00325584411621094 -0.85748291015625 0.11163330078125
-0.0156402587890625 0.0276565551757813 -0.24932861328125 0.611083984375
-0.00112724304199219 0.0183391571044922 0.216094970703125 0.427398681640625
-0.000329971313476561 0.02166748046875 0.331573486328125 -0.014404296875
-0.0163145065307617 0.00804805755615235 0.200042724609375 -0.275619506835938
-0.0361442565917969 -0.0148506164550781 -0.1275634765625 0.28131103515625
0.00646591186523438 -0.00578880310058594 -0.26251220703125 0.00920104980468751
0.00702714920043945 0.00628423690795899 -0.204833984375 -0.409027099609375
-0.00108718872070312 0.0325183868408203 0.22296142578125 -0.63739013671875
-0.0176239013671875 0.0208911895751953 0.79547119140625 -0.133544921875
-0.00954627990722656 -0.00594902038574219 0.68670654296875 0.690185546875
0.0235671997070313 0.0489311218261719 0.07501220703125 0.7301025390625
0.00360107421875001 0.0756759643554688 0.0295944213867187 0.0843048095703125
0.0229682922363281 0.0477180480957031 0.0115966796874999 -0.65203857421875
0.0168695449829102 -0.00518321990966797 -0.66973876953125 -0.680908203125
-0.0105371475219727 0.00252342224121094 -0.8291015625 0.18536376953125
-0.00852584838867187 0.0164470672607422 -0.1873779296875 0.6204833984375
0.00208044052124023 0.00639915466308594 0.252166748046875 0.402435302734375
-0.00395107269287109 0.0151071548461914 0.339752197265625 -0.036712646484375
-0.0211811065673828 0.00798416137695312 0.2017822265625 -0.28192138671875
-0.0394248962402344 -0.012939453125 -0.125869750976563 0.276992797851562
0.00214290618896484 -0.0122947692871094 -0.255447387695313 -0.0122833251953125
0.0056304931640625 -0.00915431976318359 -0.173126220703125 -0.431549072265625
0.006256103515625 0.0188083648681641 0.276611328125 -0.62115478515625
-0.00825309753417969 0.0183486938476563 0.814697265625 -0.05902099609375
-0.00732517242431641 0.00343894958496094 0.6329345703125 0.75323486328125
0.0156211853027344 0.0586013793945313 0.0296630859375 0.71875
-0.00536346435546874 0.0791854858398438 0.0359077453613281 0.0500946044921875
0.017059326171875 0.0536079406738281 -0.03289794921875 -0.669677734375
0.0190296173095703 -0.00164031982421875 -0.71795654296875 -0.6171875
0.000162839889526367 -0.00263524055480957 -0.79046630859375 0.2568359375
-0.000949740409851074 0.00168585777282715 -0.12548828125 0.6243896484375
0.00328159332275391 -0.00982952117919922 0.282684326171875 0.37481689453125
-0.0100479125976563 0.00723075866699219 0.3441162109375 -0.06011962890625
-0.0236949920654297 0.00769424438476562 0.1988525390625 -0.287017822265625
-0.0409927368164062 -0.0131378173828125 -0.128341674804688 0.273452758789063
-0.00193977355957031 -0.0219898223876953 -0.252822875976563 -0.029205322265625
0.00803756713867188 -0.0246200561523438 -0.14776611328125 -0.44818115234375
0.0173749923706055 0.00631237030029297 0.32208251953125 -0.6024169921875
4.00543212890627E-05 0.0165634155273438 0.8275146484375 0.00250244140625
-0.00969982147216797 0.00534629821777344 0.5810546875 0.79754638671875
0.00940704345703125 0.0563507080078125 -0.00610351562499993 0.69976806640625
-0.00872039794921875 0.0713272094726563 0.0454902648925781 0.0159111022949219
0.0116424560546875 0.0490798950195313 -0.0687866210937501 -0.68603515625
0.0184001922607422 -0.00202560424804688 -0.7529296875 -0.56622314453125
0.00805807113647461 -0.00825309753417969 -0.75506591796875 0.310791015625
0.00291824340820312 -0.0128908157348633 -0.0776977539062499 0.62255859375
0.00142669677734375 -0.0252666473388672 0.305450439453125 0.351409912109375
-0.0148429870605469 -0.00290966033935547 0.34197998046875 -0.075103759765625
-0.0235691070556641 0.00677490234375 0.191192626953125 -0.291259765625
-0.0382499694824219 -0.01287841796875 -0.135665893554688 0.272018432617187
-0.00418853759765625 -0.0332660675048828 -0.254241943359375 -0.040924072265625
0.0103645324707031 -0.0393714904785156 -0.13427734375 -0.45751953125
0.0285606384277344 -0.00350189208984375 0.3497314453125 -0.59033203125
0.00731468200683594 0.0136585235595703 0.83404541015625 0.04437255859375
-0.0148134231567383 -0.000143051147460936 0.54779052734375 0.8216552734375
0.00420761108398437 0.0411376953125 -0.025146484375 0.6778564453125
-0.0055999755859375 0.0505599975585938 0.0543098449707031 -0.0127334594726562
0.00471878051757813 0.0363197326660156 -0.0946044921875 -0.7008056640625
0.0161399841308594 -0.00588798522949219 -0.77313232421875 -0.53436279296875
0.0132246017456055 -0.0154552459716797 -0.7275390625 0.342041015625
0.00528526306152344 -0.0252189636230469 -0.04473876953125 0.62139892578125
-0.0016632080078125 -0.0398406982421875 0.31640625 0.335205078125
-0.0187225341796875 -0.0124721527099609 0.337890625 -0.08636474609375
-0.0215644836425781 0.00646400451660156 0.180633544921875 -0.293670654296875
-0.0329990386962891 -0.0135211944580078 -0.146194458007812 0.271377563476563
-0.00510406494140625 -0.0421066284179687 -0.2615966796875 -0.0455780029296875
0.0121498107910156 -0.0499114990234375 -0.132781982421875 -0.46331787109375
0.0365562438964844 -0.0113296508789063 0.3619384765625 -0.583740234375
0.0112199783325195 0.00931262969970703 0.83447265625 0.06134033203125
-0.0208320617675781 -0.0138759613037109 0.5296630859375 0.82537841796875
0.00429630279541016 0.0161752700805664 -0.03094482421875 0.65966796875
0.00174140930175781 0.0241870880126953 0.0645332336425781 -0.0331764221191406
-0.00171375274658203 0.0164804458618164 -0.10205078125 -0.7127685546875
0.00953578948974609 -0.014073371887207 -0.77923583984375 -0.52520751953125
0.0170021057128906 -0.0208225250244141 -0.717041015625 0.354248046875
0.00773429870605469 -0.0336723327636719 -0.03369140625 0.61676025390625
-0.00320816040039062 -0.0502510070800781 0.319061279296875 0.3291015625
-0.0213508605957031 -0.0199871063232422 0.33026123046875 -0.087646484375
-0.0154533386230469 0.00538158416748047 0.169952392578125 -0.29498291015625
-0.0254878997802734 -0.0136547088623047 -0.158233642578125 0.272857666015625
-0.00599288940429687 -0.0484466552734375 -0.272659301757813 -0.044342041015625
0.0114898681640625 -0.0539283752441406 -0.13916015625 -0.466033935546875
0.0398635864257813 -0.0122299194335938 0.35943603515625 -0.58544921875
0.0101747512817383 0.00416374206542969 0.835205078125 0.05938720703125
-0.0291328430175781 -0.0334663391113281 0.5299072265625 0.81512451171875
0.00695419311523437 -0.0186023712158203 -0.02557373046875 0.64093017578125
0.0180130004882813 -0.0119876861572266 0.074188232421875 -0.0471954345703125
-0.00767993927001953 -0.0127096176147461 -0.10223388671875 -0.72503662109375
-0.000102996826171878 -0.0255718231201172 -0.77960205078125 -0.52728271484375
0.0165882110595703 -0.0223350524902344 -0.713623046875 0.3553466796875
0.009368896484375 -0.0355644226074219 -0.0335693359375 0.6171875
-0.00448989868164062 -0.0545806884765625 0.31390380859375 0.329010009765625
-0.020050048828125 -0.0264186859130859 0.321990966796875 -0.083587646484375
-0.00957393646240234 0.00390434265136719 0.158660888671875 -0.293853759765625
-0.0176773071289062 -0.0134754180908203 -0.16900634765625 0.276931762695313
-0.00559997558593751 -0.0506744384765625 -0.287872314453125 -0.031646728515625
0.00796127319335937 -0.0517311096191406 -0.164794921875 -0.45355224609375
0.0356864929199219 -0.00992965698242188 0.3258056640625 -0.60150146484375
0.00338149070739746 -0.000143051147460938 0.83013916015625 0.0089111328125
-0.0400123596191406 -0.0572853088378906 0.56640625 0.77410888671875
0.0118865966796875 -0.0588722229003906 0.00335693359374999 0.63702392578125
0.0385704040527344 -0.0531349182128906 0.0769195556640625 -0.03802490234375
-0.0090789794921875 -0.0475425720214844 -0.0747070312500001 -0.72857666015625
-0.0120849609375 -0.0407371520996094 -0.760009765625 -0.570556640625
0.0126705169677734 -0.021881103515625 -0.740478515625 0.3199462890625
0.0105972290039063 -0.0321998596191406 -0.0689697265624999 0.62005615234375
-0.00431442260742187 -0.0538978576660156 0.295440673828125 0.347564697265625
-0.0167179107666016 -0.0288658142089844 0.313323974609375 -0.06915283203125
-0.00151777267456055 0.00340366363525391 0.1510009765625 -0.293212890625
-0.0312976837158203 -0.0139484405517578 -0.12603759765625 0.283447265625
0.00922298431396484 0.00217056274414063 -0.269256591796875 0.0272979736328125
0.00696277618408203 0.0174007415771484 -0.236480712890625 -0.381072998046875
-0.0042572021484375 0.0436325073242188 0.159912109375 -0.64324951171875
-0.0243320465087891 0.0236454010009766 0.75970458984375 -0.2042236328125
-0.0161914825439453 -0.0172824859619141 0.7261962890625 0.6168212890625
0.0272731781005859 0.0279140472412109 0.11822509765625 0.7274169921875
0.0167961120605469 0.0591316223144531 0.0259246826171875 0.112960815429688
0.0276107788085937 0.0330429077148438 0.05413818359375 -0.63055419921875
0.0129451751708984 -0.014033317565918 -0.61199951171875 -0.73602294921875
-0.0193023681640625 0.00364112854003906 -0.8526611328125 0.1138916015625
-0.0156345367431641 0.02740478515625 -0.24713134765625 0.6055908203125
-0.00166511535644531 0.0188083648681641 0.215118408203125 0.423126220703125
2.86102294921899E-05 0.0222949981689453 0.328887939453125 -0.01519775390625
-0.0149412155151367 0.00896549224853515 0.197341918945312 -0.274856567382812
-0.0357398986816406 -0.0137672424316406 -0.123519897460938 0.279556274414063
0.00548505783081055 -0.00469732284545898 -0.260208129882813 0.00891113281250005
0.00481271743774414 0.00597763061523438 -0.204498291015625 -0.40557861328125
-0.000551223754882813 0.0311622619628906 0.2166748046875 -0.63360595703125
-0.0174465179443359 0.0201244354248047 0.78594970703125 -0.135009765625
-0.0102243423461914 -0.00528240203857422 0.68280029296875 0.68408203125
0.0227508544921875 0.048675537109375 0.07666015625 0.72467041015625
0.00463104248046875 0.0749282836914062 0.0290985107421875 0.0836334228515625
0.0225486755371094 0.0471725463867188 0.00970458984374996 -0.64520263671875
0.0168895721435547 -0.00445556640625 -0.6644287109375 -0.6724853515625
-0.0101299285888672 0.00206470489501953 -0.8232421875 0.1878662109375
-0.00829029083251953 0.0161600112915039 -0.1849365234375 0.61688232421875
0.00153398513793945 0.00588846206665039 0.2501220703125 0.39935302734375
-0.00463962554931641 0.0149669647216797 0.336181640625 -0.037689208984375
-0.0196933746337891 0.00896263122558594 0.19873046875 -0.280593872070313
-0.0390853881835938 -0.0125045776367187 -0.122848510742188 0.275588989257813
0.00143909454345703 -0.0117425918579102 -0.253982543945313 -0.012115478515625
0.00534772872924805 -0.00841665267944336 -0.17413330078125 -0.42816162109375
0.00645637512207031 0.018280029296875 0.2724609375 -0.61669921875
-0.00914955139160156 0.0179042816162109 0.80694580078125 -0.06207275390625
-0.00772476196289062 0.00248479843139649 0.630615234375 0.744873046875
0.016082763671875 0.0586433410644531 0.0302124023437499 0.71197509765625
-0.00436401367187501 0.0788955688476563 0.0360298156738281 0.0493888854980469
0.0182647705078125 0.0528411865234375 -0.03338623046875 -0.66204833984375
0.0188541412353516 -0.000463485717773437 -0.71466064453125 -0.61138916015625
-0.000303268432617188 -0.00201165676116943 -0.78558349609375 0.2579345703125
-0.000876903533935547 0.00163888931274414 -0.1251220703125 0.62078857421875
0.00298404693603516 -0.00871753692626953 0.282440185546875 0.37164306640625
-0.00991535186767578 0.00683307647705078 0.341522216796875 -0.059173583984375
-0.0223178863525391 0.00872230529785156 0.195892333984375 -0.28607177734375
-0.0396270751953125 -0.0123367309570313 -0.125885009765625 0.271575927734375
-0.00168609619140625 -0.0209178924560547 -0.249343872070313 -0.0290679931640625
0.00699424743652344 -0.0243778228759766 -0.148712158203125 -0.444854736328125
0.0181350708007813 0.0057373046875 0.31689453125 -0.5986328125
-0.000252723693847656 0.0160722732543945 0.81915283203125 0.000122070312500001
-0.0104398727416992 0.0049591064453125 0.58062744140625 0.791748046875
0.00907516479492188 0.0556831359863281 -0.00408935546875005 0.6939697265625
-0.00879669189453125 0.0705413818359375 0.0455894470214844 0.0160293579101563
0.0115394592285156 0.0488510131835938 -0.0695190429687501 -0.67724609375
0.0172958374023438 -0.00199794769287109 -0.748291015625 -0.56195068359375
0.00762319564819336 -0.00848913192749023 -0.7493896484375 0.3109130859375
0.00288867950439453 -0.0132389068603516 -0.0755615234375 0.61956787109375
0.00108909606933594 -0.0248146057128906 0.304443359375 0.346343994140625
-0.0151510238647461 -0.00227165222167969 0.340179443359375 -0.076080322265625
-0.0220489501953125 0.00827980041503906 0.18902587890625 -0.2894287109375
-0.0383262634277344 -0.01214599609375 -0.132614135742188 0.26885986328125
-0.00467872619628906 -0.0320796966552734 -0.252593994140625 -0.0395355224609375
0.00967788696289062 -0.0385856628417969 -0.134521484375 -0.453948974609375
0.0285625457763672 -0.00471305847167969 0.34521484375 -0.5865478515625
0.00705051422119141 0.0124845504760742 0.82537841796875 0.04217529296875
-0.0148859024047852 -0.000242233276367185 0.545166015625 0.815185546875
0.00470733642578125 0.0409812927246094 -0.02313232421875 0.671630859375
-0.0054168701171875 0.0502128601074219 0.0550880432128906 -0.0120124816894531
0.00498580932617188 0.0365524291992187 -0.094970703125 -0.69354248046875
0.015528678894043 -0.00698757171630859 -0.77056884765625 -0.52972412109375
0.0135021209716797 -0.0154285430908203 -0.721923828125 0.34307861328125
0.00587272644042968 -0.0254592895507813 -0.0435180664062501 0.61553955078125
-0.00170135498046875 -0.0385932922363281 0.314849853515625 0.33154296875
-0.0189151763916016 -0.0111789703369141 0.3338623046875 -0.086151123046875
-0.0195026397705078 0.00765037536621094 0.178497314453125 -0.292327880859375
-0.0324382781982422 -0.0125541687011719 -0.141845703125 0.268692016601563
-0.00701904296875 -0.0405998229980469 -0.259552001953125 -0.044097900390625
0.010650634765625 -0.04949951171875 -0.132659912109375 -0.460601806640625
0.0365447998046875 -0.011932373046875 0.35693359375 -0.57952880859375
0.0104503631591797 0.00859642028808594 0.826416015625 0.05859375
-0.021453857421875 -0.0130558013916016 0.53094482421875 0.816650390625
0.00295639038085938 0.0172338485717773 -0.02850341796875 0.6531982421875
0.00283241271972656 0.023712158203125 0.0640525817871094 -0.0314369201660156
-0.001556396484375 0.0172863006591797 -0.10174560546875 -0.707763671875
0.00952720642089844 -0.0137138366699219 -0.77557373046875 -0.51910400390625
0.0170230865478516 -0.0201301574707031 -0.7120361328125 0.35205078125
0.00713539123535156 -0.0337791442871094 -0.032470703125 0.6131591796875
-0.00403594970703124 -0.0489921569824219 0.315948486328125 0.325286865234375
-0.0205440521240234 -0.0197029113769531 0.3260498046875 -0.088043212890625
-0.0147123336791992 0.0057373046875 0.16748046875 -0.29266357421875
-0.0255489349365234 -0.0129203796386719 -0.154693603515625 0.270217895507812
-0.00632476806640625 -0.046539306640625 -0.27105712890625 -0.0438995361328125
0.0107345581054688 -0.05352783203125 -0.138824462890625 -0.461212158203125
0.0391120910644531 -0.0130996704101563 0.3548583984375 -0.58233642578125
0.00971508026123047 0.00387096405029297 0.8287353515625 0.056884765625
-0.0293407440185547 -0.0331745147705078 0.52874755859375 0.80792236328125
0.00684547424316406 -0.0179977416992188 -0.0234985351562501 0.63677978515625
0.0179042816162109 -0.0119056701660156 0.0732650756835938 -0.0466537475585938
-0.00676155090332031 -0.0121660232543945 -0.103759765625 -0.71893310546875
-0.000608444213867186 -0.0246524810791016 -0.776123046875 -0.52117919921875
0.0172348022460938 -0.0224933624267578 -0.7086181640625 0.35540771484375
0.00901412963867187 -0.0354957580566406 -0.0324096679687499 0.61358642578125
-0.0052947998046875 -0.0537910461425781 0.31256103515625 0.324798583984375
-0.0199546813964844 -0.0251178741455078 0.319000244140625 -0.083892822265625
-0.00790071487426758 0.00437688827514648 0.154998779296875 -0.2919921875
-0.0171995162963867 -0.0123815536499023 -0.1654052734375 0.274459838867187
-0.00632095336914062 -0.0493316650390625 -0.28533935546875 -0.0308837890625
0.00778579711914062 -0.0515975952148438 -0.164093017578125 -0.451019287109375
0.0353507995605469 -0.01104736328125 0.3204345703125 -0.59771728515625
0.00375580787658691 -0.00116872787475586 0.82159423828125 0.00604248046875
-0.0398788452148438 -0.0574455261230469 0.56634521484375 0.76519775390625
0.0122833251953125 -0.057586669921875 0.00378417968749997 0.632568359375
0.0388984680175781 -0.0527114868164063 0.0758132934570313 -0.0382537841796875
-0.00926589965820312 -0.0474090576171875 -0.076416015625 -0.7227783203125
-0.0126457214355469 -0.0399856567382813 -0.75604248046875 -0.56390380859375
0.0125942230224609 -0.0220603942871094 -0.73309326171875 0.3194580078125
0.0103759765625 -0.0310459136962891 -0.0672607421875 0.614990234375
-0.00434494018554687 -0.0528335571289063 0.293609619140625 0.34405517578125
-0.0169010162353516 -0.0282611846923828 0.310821533203125 -0.06842041015625
-0.000825881958007813 0.00385355949401855 0.14837646484375 -0.29107666015625
-0.0306434631347656 -0.0133705139160156 -0.123291015625 0.28173828125
0.00893783569335937 0.00247001647949219 -0.266921997070313 0.0275421142578125
0.00737380981445313 0.017085075378418 -0.234619140625 -0.377593994140625
-0.003936767578125 0.0434188842773437 0.15679931640625 -0.63946533203125
-0.0239448547363281 0.0229396820068359 0.75225830078125 -0.20458984375
-0.0167884826660156 -0.0176563262939453 0.72406005859375 0.6114501953125
0.0269184112548828 0.0289974212646484 0.12139892578125 0.722412109375
0.0172767639160156 0.0593681335449219 0.0261306762695312 0.112136840820313
0.027923583984375 0.0329532623291016 0.052734375 -0.6253662109375
0.0139236450195313 -0.0132875442504883 -0.6085205078125 -0.73004150390625
-0.0197257995605469 0.00337028503417969 -0.8477783203125 0.11383056640625
-0.0153675079345703 0.0269374847412109 -0.2459716796875 0.60235595703125
-0.00113105773925781 0.018798828125 0.21209716796875 0.42132568359375
0.000204086303710938 0.0216007232666016 0.32586669921875 -0.01568603515625
-0.0140256881713867 0.00949478149414063 0.194473266601563 -0.27392578125
-0.0346908569335938 -0.0124416351318359 -0.121017456054688 0.277328491210937
0.0036466121673584 -0.00376486778259277 -0.257797241210937 0.00930786132812502
0.00515413284301758 0.0063471794128418 -0.203216552734375 -0.4031982421875
0.000137329101562498 0.0315017700195313 0.2135009765625 -0.62945556640625
-0.0176620483398438 0.0198287963867188 0.78076171875 -0.13623046875
-0.0103292465209961 -0.00574970245361328 0.67987060546875 0.67950439453125
0.0225982666015625 0.0485038757324219 0.07574462890625 0.7200927734375
0.00466156005859375 0.0745773315429688 0.0290908813476563 0.083770751953125
0.0228309631347656 0.0476112365722656 0.00878906249999995 -0.64141845703125
0.0166215896606445 -0.00491714477539063 -0.66229248046875 -0.66741943359375
-0.00974750518798828 0.00209236145019531 -0.8179931640625 0.18756103515625
-0.00804042816162109 0.0149755477905273 -0.18365478515625 0.614013671875
0.00139665603637695 0.00670337677001953 0.24871826171875 0.39691162109375
-0.00467014312744141 0.0158824920654297 0.33355712890625 -0.038177490234375
-0.0180644989013672 0.0100631713867188 0.196380615234375 -0.278915405273438
-0.0391197204589844 -0.0111160278320313 -0.12078857421875 0.274063110351563
0.000433921813964845 -0.011383056640625 -0.251296997070313 -0.0113983154296875
0.0038447380065918 -0.00852584838867188 -0.172760009765625 -0.425079345703125
0.00748825073242187 0.0175342559814453 0.2686767578125 -0.61279296875
-0.00909805297851562 0.0171518325805664 0.80072021484375 -0.06304931640625
-0.00866460800170898 0.00222969055175781 0.6282958984375 0.739501953125
0.0156898498535156 0.0581779479980469 0.03173828125 0.7078857421875
-0.00461578369140626 0.0782623291015625 0.03662109375 0.0499992370605469
0.0184478759765625 0.0532150268554688 -0.0347290039062501 -0.65814208984375
0.0185337066650391 -0.000265121459960938 -0.71099853515625 -0.60638427734375
-6.63995742797851E-05 -0.0020451545715332 -0.781982421875 0.259033203125
-0.00188016891479492 0.00126206874847412 -0.12335205078125 0.61688232421875
0.00224828720092773 -0.00876426696777344 0.27935791015625 0.3695068359375
-0.0100870132446289 0.00769233703613281 0.336639404296875 -0.05950927734375
-0.0214080810546875 0.00972175598144531 0.194732666015625 -0.284271240234375
-0.0395584106445312 -0.0107879638671875 -0.123458862304687 0.269378662109375
-0.0020599365234375 -0.0203342437744141 -0.24737548828125 -0.0283050537109375
0.00589942932128906 -0.0241928100585938 -0.147979736328125 -0.441497802734375
0.0184345245361328 0.00552558898925781 0.3134765625 -0.59552001953125
-0.000658035278320313 0.0150775909423828 0.814208984375 0.000122070312500001
-0.0109500885009766 0.00454235076904297 0.57794189453125 0.784912109375
0.00830841064453125 0.0559883117675781 -0.00244140624999997 0.68878173828125
-0.00682449340820312 0.0695457458496094 0.0448112487792969 0.0167922973632813
0.0121116638183594 0.0487289428710938 -0.0700073242187501 -0.6729736328125
0.0181694030761719 -0.00155830383300781 -0.74432373046875 -0.55633544921875
0.00757122039794922 -0.00872421264648438 -0.744873046875 0.30889892578125
0.00271987915039063 -0.0129070281982422 -0.0744628906250001 0.6129150390625
-0.000194549560546873 -0.0250072479248047 0.302154541015625 0.343841552734375
-0.0151443481445313 -0.00112438201904297 0.33734130859375 -0.076629638671875
-0.0208759307861328 0.00837326049804687 0.1875 -0.288299560546875
-0.0371780395507813 -0.0104942321777344 -0.130630493164063 0.267425537109375
-0.00510787963867187 -0.0309410095214844 -0.250167846679688 -0.039886474609375
0.00946044921875 -0.0386619567871094 -0.136199951171875 -0.45147705078125
0.0286312103271484 -0.00567436218261719 0.34063720703125 -0.58282470703125
0.00610160827636719 0.0127325057983398 0.81732177734375 0.0399169921875
-0.0156850814819336 -0.000533103942871097 0.540771484375 0.80792236328125
0.00387191772460937 0.0408668518066406 -0.0235595703124999 0.66888427734375
-0.00499725341796875 0.0509147644042969 0.0547599792480469 -0.0117988586425781
0.0051116943359375 0.03631591796875 -0.093505859375 -0.68798828125
0.0155611038208008 -0.00590133666992188 -0.76580810546875 -0.52496337890625
0.0132236480712891 -0.0147953033447266 -0.71746826171875 0.340576171875
0.00497055053710938 -0.0255393981933594 -0.0452880859375 0.612060546875
-0.00261306762695312 -0.0385932922363281 0.313385009765625 0.329132080078125
-0.01934814453125 -0.0104961395263672 0.33184814453125 -0.086700439453125
-0.0187664031982422 0.00778388977050781 0.17724609375 -0.291107177734375
-0.0323619842529297 -0.0114841461181641 -0.140243530273438 0.26708984375
-0.00641632080078125 -0.0392532348632813 -0.2568359375 -0.044036865234375
0.00928115844726563 -0.0484886169433594 -0.133819580078125 -0.457855224609375
0.0363655090332031 -0.0121307373046875 0.35125732421875 -0.57769775390625
0.0105533599853516 0.0082550048828125 0.81988525390625 0.05548095703125
-0.0217609405517578 -0.0126285552978516 0.52789306640625 0.81060791015625
0.00276565551757813 0.0163478851318359 -0.02783203125 0.65020751953125
0.00289535522460938 0.0235424041748047 0.0642166137695313 -0.0310287475585938
-0.000925064086914063 0.016179084777832 -0.10260009765625 -0.70208740234375
0.00937747955322266 -0.0129928588867188 -0.7701416015625 -0.51531982421875
0.0174694061279297 -0.0202732086181641 -0.7076416015625 0.35174560546875
0.00736427307128906 -0.0339260101318359 -0.0335083007812499 0.60870361328125
-0.00455474853515625 -0.04864501953125 0.31475830078125 0.322784423828125
-0.0208950042724609 -0.0192623138427734 0.32440185546875 -0.08673095703125
-0.013880729675293 0.006103515625 0.166107177734375 -0.29119873046875
-0.0245532989501953 -0.0119781494140625 -0.15191650390625 0.26904296875
-0.00669479370117188 -0.0456161499023438 -0.268218994140625 -0.04339599609375
0.0106544494628906 -0.0533370971679688 -0.138641357421875 -0.459808349609375
0.03839111328125 -0.0137062072753906 0.35186767578125 -0.57958984375
0.00895500183105469 0.00380229949951172 0.81988525390625 0.0552978515625
-0.0297107696533203 -0.0334358215332031 0.52630615234375 0.8006591796875
0.00619697570800781 -0.0181980133056641 -0.02130126953125 0.63116455078125
0.0183868408203125 -0.0125617980957031 0.0734786987304688 -0.0455474853515625
-0.00702857971191406 -0.0113258361816406 -0.1031494140625 -0.7130126953125
-0.000747680664062503 -0.0240478515625 -0.77044677734375 -0.516357421875
0.0160903930664063 -0.0222492218017578 -0.70440673828125 0.35369873046875
0.00833892822265625 -0.036346435546875 -0.0323486328125 0.60931396484375
-0.005401611328125 -0.0539321899414063 0.31085205078125 0.322662353515625
-0.0208225250244141 -0.0244712829589844 0.315673828125 -0.08355712890625
-0.00680208206176758 0.00511074066162109 0.154541015625 -0.290863037109375
-0.0168228149414062 -0.0121889114379883 -0.163055419921875 0.272903442382813
-0.00615692138671875 -0.0480766296386719 -0.282623291015625 -0.0306396484375001
0.00795745849609376 -0.0507965087890625 -0.16595458984375 -0.449310302734375
0.0351409912109375 -0.0122203826904297 0.31781005859375 -0.59283447265625
0.00393271446228027 -0.000684738159179688 0.81671142578125 0.005126953125
-0.0399360656738281 -0.0566368103027344 0.56439208984375 0.75811767578125
0.0114364624023438 -0.0577545166015625 0.00561523437499997 0.62786865234375
0.0401039123535156 -0.0529060363769531 0.075653076171875 -0.037506103515625
-0.00899124145507812 -0.0468711853027344 -0.07745361328125 -0.717529296875
-0.0127372741699219 -0.0391845703125 -0.75054931640625 -0.559814453125
0.0113544464111328 -0.0217666625976563 -0.72845458984375 0.31854248046875
0.0111122131347656 -0.0310459136962891 -0.0673828125 0.61279296875
-0.00536727905273437 -0.0517425537109375 0.2918701171875 0.341705322265625
-0.0173625946044922 -0.0276889801025391 0.308380126953125 -0.06793212890625
0.000982999801635742 0.00398850440979004 0.146636962890625 -0.289337158203125
-0.0302677154541016 -0.0122013092041016 -0.120956420898438 0.27911376953125
0.00824069976806641 0.00313186645507812 -0.2650146484375 0.0269622802734375
0.00665092468261719 0.0170440673828125 -0.232635498046875 -0.376983642578125
-0.00321578979492188 0.0425529479980469 0.1544189453125 -0.63604736328125
-0.0238075256347656 0.0224227905273438 0.74658203125 -0.20458984375
-0.0168838500976563 -0.0176258087158203 0.719970703125 0.60784912109375
0.0265350341796875 0.0288810729980469 0.12054443359375 0.7188720703125
0.0169830322265625 0.0594825744628906 0.02606201171875 0.113372802734375
0.0281219482421875 0.0326614379882813 0.05279541015625 -0.62286376953125
0.0135774612426758 -0.013361930847168 -0.60595703125 -0.72662353515625
-0.0195121765136719 0.00396156311035156 -0.84375 0.11236572265625
-0.0155506134033203 0.0266590118408203 -0.24658203125 0.599853515625
-0.00219345092773437 0.0184402465820313 0.211151123046875 0.4185791015625
-0.00059318542480469 0.0220222473144531 0.32281494140625 -0.01519775390625
-0.0130825042724609 0.0104513168334961 0.19384765625 -0.271697998046875
-0.0346736907958984 -0.0118904113769531 -0.1192626953125 0.275955200195313
0.00349736213684082 -0.00365185737609863 -0.255706787109375 0.00978088378906254
0.00420999526977539 0.00637149810791016 -0.20281982421875 -0.4012451171875
0.000293731689453124 0.0303878784179688 0.210693359375 -0.62506103515625
-0.0179004669189453 0.0189571380615234 0.77581787109375 -0.13592529296875
-0.0109958648681641 -0.0060415267944336 0.67559814453125 0.67437744140625
0.0224838256835938 0.0486373901367188 0.077880859375 0.715087890625
0.00518798828124999 0.0748367309570313 0.0292816162109375 0.0834274291992188
0.023345947265625 0.0474090576171875 0.0106201171875001 -0.637939453125
0.0167560577392578 -0.00383567810058594 -0.65869140625 -0.66357421875
-0.00905418395996094 0.00249290466308594 -0.815185546875 0.18792724609375
-0.00788211822509766 0.015202522277832 -0.1846923828125 0.61053466796875
0.000957489013671875 0.00600242614746094 0.24676513671875 0.393890380859375
-0.0052947998046875 0.0161581039428711 0.331634521484375 -0.036590576171875
-0.0174617767333984 0.0106639862060547 0.1949462890625 -0.277542114257813
-0.0386199951171875 -0.0106964111328125 -0.118438720703125 0.271530151367188
0.000320434570312501 -0.0107402801513672 -0.248031616210937 -0.0122222900390625
0.00436115264892578 -0.00793361663818359 -0.17169189453125 -0.42242431640625
0.00737667083740234 0.0171318054199219 0.26507568359375 -0.6092529296875
-0.00993156433105469 0.0170555114746094 0.7967529296875 -0.0635986328125
-0.00904655456542969 0.00164794921875 0.62396240234375 0.73394775390625
0.0151481628417969 0.0585441589355469 0.03143310546875 0.70306396484375
-0.00417327880859374 0.0781021118164063 0.036285400390625 0.0493011474609375
0.0174751281738281 0.0523185729980469 -0.0341796874999999 -0.6533203125
0.0189781188964844 -0.000349044799804688 -0.70916748046875 -0.60333251953125
-0.000234127044677734 -0.00242328643798828 -0.77777099609375 0.255859375
-0.00138711929321289 0.000905632972717285 -0.12445068359375 0.61419677734375
0.00135278701782227 -0.00850391387939453 0.278106689453125 0.365386962890625
-0.0102443695068359 0.00804424285888672 0.334747314453125 -0.059234619140625
-0.0203323364257813 0.0100727081298828 0.191986083984375 -0.282318115234375
-0.0395050048828125 -0.00982284545898437 -0.121963500976562 0.26739501953125
-0.00326728820800781 -0.0192375183105469 -0.245315551757813 -0.02874755859375
0.00586700439453125 -0.0237464904785156 -0.147918701171875 -0.43890380859375
0.0180206298828125 0.00533294677734375 0.31024169921875 -0.5908203125
-0.00124073028564453 0.0144939422607422 0.80816650390625 -0.00177001953125
-0.011530876159668 0.00406932830810547 0.57366943359375 0.7803955078125
0.00807571411132813 0.0551719665527344 -0.00250244140625002 0.68572998046875
-0.00754928588867187 0.0691146850585938 0.0445442199707031 0.0160636901855469
0.0119552612304687 0.0487060546875 -0.0684814453125 -0.66888427734375
0.0179576873779297 -0.00139045715332031 -0.7403564453125 -0.5550537109375
0.00697517395019531 -0.00823211669921875 -0.74139404296875 0.30645751953125
0.00271320343017578 -0.0138378143310547 -0.0758056640625001 0.613037109375
0.000106811523437501 -0.0243854522705078 0.299407958984375 0.342987060546875
-0.0155782699584961 -0.000750541687011716 0.333770751953125 -0.076751708984375
-0.01983642578125 0.00919151306152344 0.18511962890625 -0.28729248046875
-0.0371208190917969 -0.0107040405273437 -0.127960205078125 0.265701293945313
-0.005828857421875 -0.0301189422607422 -0.248199462890625 -0.039886474609375
0.00767135620117188 -0.0385513305664063 -0.133544921875 -0.45068359375
0.0277519226074219 -0.00539779663085938 0.33843994140625 -0.57843017578125
0.00606346130371094 0.0117912292480469 0.8123779296875 0.04010009765625
-0.0161113739013672 -0.000675201416015628 0.54046630859375 0.802001953125
0.00440216064453125 0.0409011840820313 -0.0228271484375 0.6629638671875
-0.004638671875 0.05010986328125 0.0540962219238281 -0.0112648010253906
0.00608444213867187 0.0359764099121094 -0.09344482421875 -0.685302734375
0.0144195556640625 -0.00572586059570313 -0.7601318359375 -0.5228271484375
0.0132274627685547 -0.0152425765991211 -0.71563720703125 0.34051513671875
0.00506782531738281 -0.0252132415771484 -0.0447998046875 0.60980224609375
-0.00297164916992188 -0.0381011962890625 0.31097412109375 0.32623291015625
-0.0198593139648438 -0.00961112976074219 0.3289794921875 -0.0850830078125
-0.0174322128295898 0.00802898406982422 0.17547607421875 -0.2900390625
-0.0313129425048828 -0.0105342864990234 -0.137786865234375 0.265670776367188
-0.0067596435546875 -0.0385169982910156 -0.25634765625 -0.0438690185546876
0.0104446411132813 -0.049285888671875 -0.133575439453125 -0.455291748046875
0.0367546081542969 -0.0127410888671875 0.3497314453125 -0.57366943359375
0.0103626251220703 0.00826930999755859 0.81463623046875 0.055908203125
-0.0225563049316406 -0.0120868682861328 0.5257568359375 0.80499267578125
0.00299835205078125 0.0166635513305664 -0.02716064453125 0.64532470703125
0.00310325622558594 0.0243282318115234 0.0639228820800781 -0.0312423706054688
-0.00112152099609375 0.0170745849609375 -0.1016845703125 -0.6976318359375
0.00905418395996094 -0.0130043029785156 -0.765625 -0.51104736328125
0.0172538757324219 -0.0207386016845703 -0.70306396484375 0.349609375
0.00758743286132813 -0.0337162017822266 -0.0343017578125 0.6064453125
-0.00461196899414063 -0.04815673828125 0.311798095703125 0.321044921875
-0.0215854644775391 -0.0179996490478516 0.322235107421875 -0.0865478515625
-0.012660026550293 0.00637245178222656 0.165130615234375 -0.289459228515625
-0.0240459442138672 -0.0114326477050781 -0.14990234375 0.267410278320313
-0.00737380981445313 -0.0445137023925781 -0.266036987304688 -0.0436248779296875
0.0100860595703125 -0.0522575378417969 -0.138336181640625 -0.457244873046875
0.0384445190429688 -0.0145339965820312 0.34808349609375 -0.57598876953125
0.00884914398193359 0.00284767150878906 0.8153076171875 0.05303955078125
-0.0308361053466797 -0.0321922302246094 0.52435302734375 0.7952880859375
0.006072998046875 -0.0176830291748047 -0.02178955078125 0.62786865234375
0.0184345245361328 -0.0125598907470703 0.0730209350585937 -0.04559326171875
-0.00641536712646484 -0.0117292404174805 -0.1025390625 -0.70849609375
-0.000953674316406252 -0.0235157012939453 -0.766357421875 -0.51531982421875
0.0165920257568359 -0.0231285095214844 -0.70098876953125 0.352294921875
0.00873565673828125 -0.0359611511230469 -0.03448486328125 0.60791015625
-0.006195068359375 -0.0525894165039062 0.308197021484375 0.32110595703125
-0.0207710266113281 -0.0244159698486328 0.31365966796875 -0.082794189453125
-0.00519561767578125 0.00555276870727539 0.15380859375 -0.28887939453125
-0.0159969329833984 -0.0112400054931641 -0.16033935546875 0.271530151367188
-0.00628662109375 -0.0464439392089844 -0.280914306640625 -0.0300750732421875
0.0067901611328125 -0.050201416015625 -0.163970947265625 -0.445953369140625
0.0349979400634766 -0.0121326446533203 0.31317138671875 -0.59088134765625
0.002532958984375 -0.00224423408508301 0.80999755859375 0.0052490234375
-0.0406265258789063 -0.0553932189941406 0.55987548828125 0.7548828125
0.0108261108398437 -0.0571670532226562 0.00433349609374999 0.62384033203125
0.0392417907714844 -0.0526084899902344 0.0760574340820313 -0.0368194580078125
-0.00787734985351563 -0.0463294982910156 -0.07550048828125 -0.713623046875
-0.0128059387207031 -0.0391960144042969 -0.74566650390625 -0.55657958984375
0.0121040344238281 -0.0218257904052734 -0.7264404296875 0.31671142578125
0.0105514526367188 -0.0315723419189453 -0.0682983398437499 0.60888671875
-0.00463485717773438 -0.0517654418945313 0.288116455078125 0.3399658203125
-0.0170040130615234 -0.0271034240722656 0.30615234375 -0.067535400390625
0.00182819366455078 0.00423884391784668 0.145416259765625 -0.288116455078125
-0.0306797027587891 -0.0113315582275391 -0.12005615234375 0.278289794921875
0.00763797760009766 0.00370073318481445 -0.262893676757813 0.0263824462890625
0.00600814819335938 0.0169248580932617 -0.233154296875 -0.376800537109375
-0.00317764282226563 0.04254150390625 0.1513671875 -0.63385009765625
-0.0244464874267578 0.0223503112792969 0.7435302734375 -0.2025146484375
-0.0177726745605469 -0.0175666809082031 0.71649169921875 0.60595703125
0.0258293151855469 0.0296478271484375 0.11871337890625 0.71502685546875
0.0180130004882813 0.0593452453613281 0.0254745483398437 0.112251281738281
0.0284900665283203 0.0328769683837891 0.05389404296875 -0.6181640625
0.0140447616577148 -0.0123176574707031 -0.6029052734375 -0.72503662109375
-0.0192470550537109 0.00369834899902344 -0.8427734375 0.112060546875
-0.0151691436767578 0.0258007049560547 -0.24749755859375 0.59771728515625
-0.00284576416015625 0.0195064544677734 0.210357666015625 0.416717529296875
-0.00105667114257812 0.0228099822998047 0.321380615234375 -0.014129638671875
-0.0117359161376953 0.0106983184814453 0.193374633789063 -0.271759033203125
-0.0344905853271484 -0.0103588104248047 -0.118637084960938 0.27490234375
0.00286078453063965 -0.00226759910583496 -0.254547119140625 0.00862121582031255
0.00439596176147461 0.00663089752197266 -0.201629638671875 -0.400665283203125
-4.19616699218758E-05 0.03082275390625 0.21063232421875 -0.62286376953125
-0.0184574127197266 0.0194301605224609 0.77142333984375 -0.13494873046875
-0.0113344192504883 -0.00600910186767578 0.67291259765625 0.671630859375
0.0215072631835937 0.048919677734375 0.0758666992187499 0.7120361328125
0.00495147705078125 0.0740127563476563 0.0286865234375 0.083770751953125
0.0235366821289063 0.0468101501464844 0.0108642578125 -0.63385009765625
0.0167655944824219 -0.00381851196289063 -0.65380859375 -0.66375732421875
-0.00949478149414063 0.00232410430908203 -0.81219482421875 0.185302734375
-0.00854206085205078 0.0147333145141602 -0.1868896484375 0.60784912109375
0.000833988189697266 0.00687646865844727 0.244720458984375 0.39300537109375
-0.00541782379150391 0.016204833984375 0.32940673828125 -0.037139892578125
-0.0164089202880859 0.0106496810913086 0.194747924804687 -0.27716064453125
-0.0373802185058594 -0.00947952270507812 -0.116775512695313 0.269699096679688
-0.000796318054199219 -0.00905513763427735 -0.247268676757813 -0.0125885009765625
0.00350761413574219 -0.0076751708984375 -0.171661376953125 -0.42279052734375
0.00746917724609375 0.0167102813720703 0.26422119140625 -0.6065673828125
-0.00950431823730468 0.0166864395141602 0.7928466796875 -0.062744140625
-0.00966262817382813 0.00128364562988281 0.62249755859375 0.73236083984375
0.0148468017578125 0.0579719543457031 0.032958984375 0.70001220703125
-0.0037078857421875 0.0774459838867188 0.0359649658203125 0.0501823425292969
0.0183601379394531 0.0530738830566406 -0.03204345703125 -0.650634765625
0.0182476043701172 0.000234603881835937 -0.70391845703125 -0.6038818359375
-0.000245213508605957 -0.00189363956451416 -0.7763671875 0.2557373046875
-0.00190675258636475 0.000454545021057129 -0.12652587890625 0.61163330078125
0.00165987014770508 -0.00840473175048828 0.2760009765625 0.366973876953125
-0.0102224349975586 0.00861263275146484 0.33343505859375 -0.058441162109375
-0.0187759399414063 0.0102195739746094 0.19195556640625 -0.281951904296875
-0.0383262634277344 -0.00930786132812501 -0.120132446289062 0.26702880859375
-0.00377845764160156 -0.018768310546875 -0.244232177734375 -0.02972412109375
0.00570297241210938 -0.0244865417480469 -0.145751953125 -0.436981201171875
0.0182209014892578 0.00442123413085938 0.309326171875 -0.58868408203125
-0.00136089324951172 0.0143270492553711 0.8037109375 -0.000793457031249999
-0.0119390487670898 0.00454235076904297 0.56939697265625 0.77667236328125
0.00830459594726563 0.0556831359863281 -0.00286865234375007 0.68212890625
-0.00643539428710937 0.06982421875 0.0452346801757813 0.0167160034179688
0.0124855041503906 0.0491218566894531 -0.06707763671875 -0.66522216796875
0.0186939239501953 -0.000223159790039062 -0.73712158203125 -0.55328369140625
0.00750541687011719 -0.00846004486083984 -0.73974609375 0.30419921875
0.00220966339111328 -0.0143451690673828 -0.07745361328125 0.609619140625
-0.00064849853515625 -0.0242214202880859 0.296478271484375 0.34136962890625
-0.015782356262207 -0.00065326690673828 0.332611083984375 -0.074859619140625
-0.0188579559326172 0.00981712341308594 0.18609619140625 -0.286163330078125
-0.0361824035644531 -0.00954437255859375 -0.126144409179688 0.2637939453125
-0.00588226318359375 -0.0285758972167969 -0.2469482421875 -0.0410308837890625
0.00839996337890625 -0.0374259948730469 -0.13299560546875 -0.447998046875
0.0284519195556641 -0.00556755065917969 0.33819580078125 -0.5765380859375
0.00543498992919922 0.0119171142578125 0.8074951171875 0.0416259765625
-0.0175352096557617 -0.000347137451171878 0.53851318359375 0.7982177734375
0.00319671630859375 0.0406913757324219 -0.0238037109375 0.6607666015625
-0.00412750244140625 0.0509185791015625 0.0539932250976563 -0.0107498168945312
0.00554656982421875 0.0356788635253906 -0.0927734375 -0.68170166015625
0.0150642395019531 -0.00532436370849609 -0.7574462890625 -0.5225830078125
0.0138339996337891 -0.0155858993530273 -0.71295166015625 0.338623046875
0.0050048828125 -0.0256729125976563 -0.04779052734375 0.60870361328125
-0.003448486328125 -0.0369987487792969 0.30828857421875 0.32550048828125
-0.0192832946777344 -0.00939559936523438 0.327728271484375 -0.083740234375
-0.0159721374511719 0.00881004333496094 0.176055908203125 -0.287841796875
-0.0310420989990234 -0.0107917785644531 -0.136489868164062 0.263259887695313
-0.00719833374023437 -0.0374832153320313 -0.254013061523438 -0.0446929931640625
0.00976943969726562 -0.0480308532714844 -0.131622314453125 -0.45355224609375
0.0358619689941406 -0.0130386352539063 0.34613037109375 -0.569580078125
0.0095357894897461 0.00803470611572266 0.8099365234375 0.05657958984375
-0.0232982635498047 -0.0128459930419922 0.52215576171875 0.80352783203125
0.00287818908691406 0.0169849395751953 -0.02764892578125 0.64068603515625
0.00379562377929688 0.0236968994140625 0.0631866455078125 -0.0305137634277344
-0.000448226928710936 0.0163555145263672 -0.09906005859375 -0.6949462890625
0.00883388519287109 -0.0122909545898437 -0.76202392578125 -0.51220703125
0.0163536071777344 -0.0202388763427734 -0.7027587890625 0.348876953125
0.00671577453613281 -0.0342769622802734 -0.035888671875 0.6055908203125
-0.00533294677734375 -0.0479736328125 0.3096923828125 0.320556640625
-0.0213718414306641 -0.0179328918457031 0.32073974609375 -0.08563232421875
-0.0114259719848633 0.00669574737548828 0.164306640625 -0.288909912109375
-0.0233230590820313 -0.0109939575195312 -0.147994995117187 0.265151977539063
-0.00784683227539062 -0.0438423156738281 -0.264968872070313 -0.0446319580078125
0.00935363769531249 -0.0526275634765625 -0.13702392578125 -0.456024169921875
0.0388984680175781 -0.0154342651367188 0.34600830078125 -0.57183837890625
0.00802946090698242 0.00187110900878906 0.81085205078125 0.0557861328125
-0.0306320190429687 -0.0324153900146484 0.5216064453125 0.7939453125
0.00664234161376953 -0.0168313980102539 -0.02215576171875 0.625
0.0190010070800781 -0.0122852325439453 0.0732574462890625 -0.0437774658203125
-0.00693130493164063 -0.0115852355957031 -0.10125732421875 -0.7052001953125
-0.00101280212402344 -0.0235195159912109 -0.76483154296875 -0.51483154296875
0.0165386199951172 -0.0229377746582031 -0.70068359375 0.3486328125
0.00777053833007812 -0.0363044738769531 -0.03466796875 0.60540771484375
-0.00642776489257813 -0.0524559020996094 0.304840087890625 0.31988525390625
-0.0196781158447266 -0.0234870910644531 0.31195068359375 -0.08197021484375
-0.00450706481933594 0.00500059127807617 0.15350341796875 -0.288330078125
-0.0152988433837891 -0.0110492706298828 -0.15863037109375 0.269882202148438
-0.00725936889648437 -0.0457267761230469 -0.27972412109375 -0.0310668945312501
0.00606918334960938 -0.0502738952636719 -0.162994384765625 -0.444732666015625
0.0355148315429688 -0.0127944946289063 0.3126220703125 -0.58636474609375
0.0025336742401123 -0.00280213356018066 0.8062744140625 0.00628662109375
-0.0412635803222656 -0.0553321838378906 0.5570068359375 0.7513427734375
0.0106582641601563 -0.0553741455078125 0.00579833984375007 0.6209716796875
0.0401039123535156 -0.0520973205566406 0.0762176513671875 -0.0367279052734375
-0.00801086425781251 -0.0462417602539063 -0.07342529296875 -0.7103271484375
-0.0125770568847656 -0.0388450622558594 -0.7431640625 -0.5572509765625
0.0115623474121094 -0.0218830108642578 -0.7252197265625 0.31475830078125
0.0103569030761719 -0.0329208374023438 -0.0687866210937499 0.60723876953125
-0.00609970092773437 -0.0514411926269531 0.2869873046875 0.340240478515625
-0.0169506072998047 -0.0270233154296875 0.305511474609375 -0.0670166015625
0.00296163558959961 0.00462865829467773 0.145294189453125 -0.287139892578125
-0.0291023254394531 -0.00971031188964844 -0.119140625 0.275665283203125
0.00752830505371094 0.00452518463134766 -0.262130737304688 0.0253143310546875
0.00557708740234375 0.0173988342285156 -0.23016357421875 -0.375946044921875
-0.00317764282226563 0.0422706604003906 0.15234375 -0.631591796875
-0.0249385833740234 0.0218791961669922 0.74151611328125 -0.2020263671875
-0.0183372497558594 -0.0176486968994141 0.715087890625 0.60498046875
0.0265903472900391 0.0292644500732422 0.11810302734375 0.71246337890625
0.0178184509277344 0.0588760375976563 0.0257339477539063 0.112106323242188
0.0279979705810547 0.0332202911376953 0.05535888671875 -0.61669921875
0.0148229598999023 -0.0122976303100586 -0.59857177734375 -0.7225341796875
-0.0187282562255859 0.002685546875 -0.83941650390625 0.10931396484375
-0.0157699584960938 0.0263195037841797 -0.24932861328125 0.59722900390625
-0.00307083129882813 0.0186996459960938 0.2080078125 0.4173583984375
-0.001312255859375 0.0235309600830078 0.320404052734375 -0.01361083984375
-0.0101451873779297 0.0121431350708008 0.192413330078125 -0.270660400390625
-0.0340232849121094 -0.0105781555175781 -0.117202758789063 0.272308349609375
0.00228571891784668 -0.00240898132324219 -0.252182006835938 0.00813293457031246
0.00321245193481445 0.00635814666748047 -0.200836181640625 -0.4010009765625
0.000509262084960935 0.0295791625976563 0.20721435546875 -0.62005615234375
-0.0187015533447266 0.0198707580566406 0.76837158203125 -0.13409423828125
-0.0120830535888672 -0.00635623931884765 0.67108154296875 0.67205810546875
0.0225677490234375 0.0490760803222656 0.07318115234375 0.708740234375
0.00496673583984376 0.07427978515625 0.0289077758789063 0.0842819213867188
0.0232810974121094 0.0470428466796875 0.0130615234375 -0.63214111328125
0.016596794128418 -0.00324249267578125 -0.6529541015625 -0.6629638671875
-0.00908279418945312 0.00169658660888672 -0.81170654296875 0.18292236328125
-0.00798511505126953 0.0142431259155273 -0.189208984375 0.60791015625
-0.000134944915771484 0.00656509399414063 0.242431640625 0.393280029296875
-0.00481033325195312 0.0171480178833008 0.3289794921875 -0.035736083984375
-0.0155801773071289 0.0107440948486328 0.194198608398438 -0.2763671875
-0.0380897521972656 -0.00894546508789063 -0.116943359375 0.26898193359375
-0.00137805938720703 -0.00814056396484375 -0.24566650390625 -0.0127868652343751
0.00299930572509766 -0.0074152946472168 -0.169921875 -0.42156982421875
0.00798702239990234 0.0164556503295898 0.26287841796875 -0.60369873046875
-0.0100307464599609 0.0167398452758789 0.7890625 -0.0611572265625
-0.00981521606445313 0.00142383575439453 0.62060546875 0.73138427734375
0.0143966674804687 0.0586509704589844 0.03118896484375 0.69775390625
-0.0034332275390625 0.0782089233398438 0.03594970703125 0.0503196716308594
0.0185089111328125 0.05242919921875 -0.03094482421875 -0.64776611328125
0.018829345703125 0.0008544921875 -0.70135498046875 -0.60247802734375
0.000522136688232422 -0.00185298919677734 -0.775634765625 0.2535400390625
-0.00177967548370361 8.05854797363284E-05 -0.12738037109375 0.6109619140625
0.000929832458496094 -0.00834369659423828 0.27410888671875 0.365936279296875
-0.0107221603393555 0.00977802276611328 0.332122802734375 -0.05755615234375
-0.0178508758544922 0.00981903076171875 0.191940307617188 -0.2803955078125
-0.038330078125 -0.008087158203125 -0.11956787109375 0.264877319335938
-0.00444507598876953 -0.0171718597412109 -0.2430419921875 -0.030548095703125
0.00490760803222656 -0.023284912109375 -0.145294189453125 -0.43768310546875
0.0182132720947266 0.0042266845703125 0.3079833984375 -0.586669921875
-0.00193500518798828 0.0143814086914063 0.80218505859375 0.00128173828125
-0.0123777389526367 0.00434589385986328 0.5684814453125 0.7750244140625
0.00764083862304688 0.0556907653808594 -0.00372314453124997 0.67755126953125
-0.00682449340820313 0.0696029663085938 0.0447006225585937 0.0174369812011719
0.0125579833984375 0.0480422973632813 -0.0664672851562499 -0.66455078125
0.0182380676269531 -0.000394821166992188 -0.73492431640625 -0.553955078125
0.00758600234985352 -0.00824260711669922 -0.74072265625 0.3040771484375
0.00146961212158203 -0.0138225555419922 -0.08056640625 0.60809326171875
-0.000394821166992187 -0.0236892700195313 0.29608154296875 0.341064453125
-0.0157251358032227 0.000206947326660156 0.33197021484375 -0.0740966796875
-0.0181694030761719 0.00951576232910156 0.184722900390625 -0.28399658203125
-0.0357170104980469 -0.00899505615234376 -0.124725341796875 0.262451171875
-0.00641632080078125 -0.02752685546875 -0.245590209960937 -0.0417022705078125
0.00760650634765625 -0.0376510620117188 -0.133270263671875 -0.448211669921875
0.0291538238525391 -0.00690269470214844 0.33502197265625 -0.572509765625
0.00516033172607422 0.0115423202514648 0.80548095703125 0.04278564453125
-0.0166749954223633 -0.000514030456542972 0.53460693359375 0.7989501953125
0.00318145751953125 0.0402641296386719 -0.0230712890625 0.6583251953125
-0.00388336181640625 0.0497627258300781 0.0549201965332031 -0.0105247497558594
0.00550079345703125 0.0368995666503906 -0.0888061523437499 -0.6787109375
0.0150699615478516 -0.00514030456542969 -0.753662109375 -0.52197265625
0.0135297775268555 -0.0154199600219727 -0.713134765625 0.336669921875
0.00400161743164063 -0.0263652801513672 -0.050048828125 0.60711669921875
-0.00307464599609375 -0.0374794006347656 0.307373046875 0.32623291015625
-0.0193386077880859 -0.00820541381835938 0.326507568359375 -0.083282470703125
-0.0153675079345703 0.00913333892822266 0.175384521484375 -0.287841796875
-0.0303077697753906 -0.00971412658691406 -0.13470458984375 0.261474609375
-0.00691986083984375 -0.0366706848144531 -0.252349853515625 -0.0452880859375
0.00902938842773438 -0.0475425720214844 -0.131072998046875 -0.45306396484375
0.03668212890625 -0.0133857727050781 0.34649658203125 -0.5677490234375
0.00933361053466797 0.00757503509521484 0.80670166015625 0.05767822265625
-0.0233936309814453 -0.0136470794677734 0.5196533203125 0.80218505859375
0.00285720825195312 0.0173215866088867 -0.02838134765625 0.6400146484375
0.00490570068359375 0.0233821868896484 0.0636024475097656 -0.0299873352050781
-0.000754356384277344 0.0168170928955078 -0.0982666015625 -0.69384765625
0.00855445861816406 -0.0117158889770508 -0.75909423828125 -0.51318359375
0.0174102783203125 -0.0200443267822266 -0.70281982421875 0.34661865234375
0.00697135925292969 -0.0340576171875 -0.03717041015625 0.6044921875
-0.00511932373046875 -0.047515869140625 0.307952880859375 0.319976806640625
-0.021331787109375 -0.0175590515136719 0.320220947265625 -0.08441162109375
-0.0103549957275391 0.00695228576660156 0.164398193359375 -0.28741455078125
-0.0230998992919922 -0.0101299285888672 -0.147369384765625 0.263961791992187
-0.0078277587890625 -0.04278564453125 -0.264144897460938 -0.04498291015625
0.00926971435546875 -0.0515594482421875 -0.136566162109375 -0.4560546875
0.0386123657226563 -0.0155372619628906 0.3468017578125 -0.57012939453125
0.00770092010498047 0.00203990936279297 0.8077392578125 0.05645751953125
-0.0307769775390625 -0.0326633453369141 0.5185546875 0.793212890625
0.00659656524658203 -0.0169658660888672 -0.0232543945312499 0.62176513671875
0.0189552307128906 -0.0121078491210938 0.072967529296875 -0.0445404052734375
-0.00506973266601563 -0.0117425918579102 -0.09771728515625 -0.7034912109375
-0.00032997131347656 -0.0235939025878906 -0.759765625 -0.51300048828125
0.0163116455078125 -0.0228328704833984 -0.700439453125 0.34716796875
0.00876617431640625 -0.0366630554199219 -0.0369873046875 0.60369873046875
-0.00699615478515625 -0.0516700744628906 0.304046630859375 0.32183837890625
-0.01971435546875 -0.0229644775390625 0.312103271484375 -0.080657958984375
-0.00323820114135742 0.00460100173950195 0.153076171875 -0.28729248046875
-0.0145654678344727 -0.0107002258300781 -0.158477783203125 0.268844604492188
-0.006866455078125 -0.0441627502441406 -0.27850341796875 -0.032196044921875
0.00644683837890625 -0.0494766235351563 -0.161712646484375 -0.443878173828125
0.0350112915039063 -0.0131721496582031 0.31268310546875 -0.584716796875
0.00185418128967285 -0.00339579582214355 0.8050537109375 0.0076904296875
-0.0416679382324219 -0.0551872253417969 0.5552978515625 0.7510986328125
0.0105209350585938 -0.0560874938964844 0.00396728515624997 0.61798095703125
0.0399894714355469 -0.0521087646484375 0.0759201049804687 -0.0361175537109375
-0.00860595703125001 -0.0459747314453125 -0.07171630859375 -0.7081298828125
-0.012603759765625 -0.0378379821777344 -0.73907470703125 -0.55712890625
0.0118255615234375 -0.0222835540771484 -0.7255859375 0.3135986328125
0.0104389190673828 -0.0321578979492188 -0.0710449218750001 0.6065673828125
-0.00609588623046875 -0.0511550903320313 0.28369140625 0.33953857421875
-0.0167198181152344 -0.0257205963134766 0.304046630859375 -0.0665283203125
0.00436544418334961 0.00394821166992188 0.145111083984375 -0.286102294921875
-0.0290126800537109 -0.00912666320800782 -0.118011474609375 0.27496337890625
0.00697040557861328 0.00523519515991211 -0.261856079101562 0.0246429443359375
0.00458526611328125 0.0176124572753906 -0.23016357421875 -0.37542724609375
-0.00284576416015625 0.0413932800292969 0.15179443359375 -0.62945556640625
-0.0253639221191406 0.0221290588378906 0.73944091796875 -0.2020263671875
-0.0191669464111328 -0.0181598663330078 0.71405029296875 0.6046142578125
0.0263557434082031 0.0300655364990234 0.117919921875 0.71307373046875
0.0183334350585938 0.0588607788085937 0.0251846313476562 0.112533569335938
0.0284538269042969 0.0330600738525391 0.05828857421875 -0.6162109375
0.0141658782958984 -0.0114965438842773 -0.5965576171875 -0.72454833984375
-0.0181179046630859 0.00294303894042969 -0.8421630859375 0.10791015625
-0.0160446166992188 0.0254306793212891 -0.25250244140625 0.59521484375
-0.00303459167480469 0.0196819305419922 0.205902099609375 0.418060302734375
-0.00202178955078125 0.0242538452148438 0.318939208984375 -0.012176513671875
-0.00900840759277344 0.0114536285400391 0.193038940429688 -0.270538330078125
-0.0337047576904297 -0.00986862182617187 -0.116867065429687 0.271835327148438
0.00169432163238525 -0.000601649284362793 -0.252365112304688 0.00598144531250003
0.00307893753051758 0.00659561157226562 -0.200714111328125 -0.40093994140625
0.000261306762695311 0.0298233032226563 0.2076416015625 -0.6199951171875
-0.0195026397705078 0.0191078186035156 0.7669677734375 -0.1314697265625
-0.0130157470703125 -0.00669193267822266 0.66986083984375 0.67138671875
0.02252197265625 0.0489730834960938 0.0741577148437501 0.70843505859375
0.0057373046875 0.074188232421875 0.0291061401367188 0.0840988159179688
0.0232086181640625 0.0466537475585938 0.0146484375000001 -0.63177490234375
0.0168666839599609 -0.00199031829833984 -0.6492919921875 -0.66412353515625
-0.00928497314453125 0.00230312347412109 -0.81158447265625 0.18182373046875
-0.00814628601074219 0.0141048431396484 -0.190673828125 0.60711669921875
-0.000315189361572266 0.00753116607666016 0.241790771484375 0.39276123046875
-0.00579833984375 0.0177097320556641 0.3271484375 -0.0347900390625
-0.0141687393188477 0.010706901550293 0.194625854492188 -0.275894165039063
-0.0373382568359375 -0.00806427001953125 -0.115402221679688 0.268310546875
-0.00110912322998047 -0.00724029541015625 -0.245361328125 -0.0142974853515625
0.00226688385009766 -0.00747442245483399 -0.16766357421875 -0.42169189453125
0.0075836181640625 0.0158872604370117 0.26300048828125 -0.60284423828125
-0.0106687545776367 0.0162782669067383 0.78631591796875 -0.0595703125
-0.0114326477050781 0.00208473205566406 0.6177978515625 0.7315673828125
0.0149421691894531 0.0588455200195313 0.02960205078125 0.6966552734375
-0.00312042236328125 0.0774993896484375 0.0365982055664063 0.0504188537597656
0.0187263488769531 0.0524253845214844 -0.0289916992187501 -0.6485595703125
0.0189628601074219 0.00084686279296875 -0.69842529296875 -0.60272216796875
0.000420808792114258 -0.00293850898742676 -0.7750244140625 0.2520751953125
-0.00224924087524414 0.000325441360473633 -0.13104248046875 0.6107177734375
0.000948429107666015 -0.00758934020996094 0.271026611328125 0.365997314453125
-0.0102987289428711 0.0094451904296875 0.33197021484375 -0.057037353515625
-0.0164403915405273 0.0103940963745117 0.19232177734375 -0.280899047851563
-0.0383796691894531 -0.00793457031249999 -0.1187744140625 0.263916015625
-0.00363063812255859 -0.0166292190551758 -0.24212646484375 -0.031005859375
0.00472640991210937 -0.0223579406738281 -0.144683837890625 -0.438507080078125
0.0181140899658203 0.00387191772460937 0.3079833984375 -0.5850830078125
-0.00234699249267578 0.0140476226806641 0.79888916015625 0.0023193359375
-0.0132083892822266 0.00423812866210938 0.56756591796875 0.77508544921875
0.00800704956054688 0.0561103820800781 -0.00482177734375005 0.67730712890625
-0.00602340698242187 0.069366455078125 0.0453758239746094 0.0177345275878906
0.0118484497070313 0.0480079650878906 -0.06451416015625 -0.66387939453125
0.0178337097167969 -3.0517578125E-05 -0.7313232421875 -0.5543212890625
0.00810813903808594 -0.00888729095458984 -0.74090576171875 0.3031005859375
0.00126266479492188 -0.0140352249145508 -0.0816650390625 0.60858154296875
-0.000656127929687501 -0.0237483978271484 0.29388427734375 0.342071533203125
-0.016448974609375 0.00128555297851563 0.33154296875 -0.07269287109375
-0.0169944763183594 0.0093069076538086 0.185150146484375 -0.28436279296875
-0.0348968505859375 -0.00842094421386719 -0.124664306640625 0.261932373046875
-0.00646209716796875 -0.0261211395263672 -0.2440185546875 -0.0427093505859375
0.00757980346679688 -0.0367317199707031 -0.132965087890625 -0.44775390625
0.0288200378417969 -0.00741004943847656 0.3353271484375 -0.57183837890625
0.00486373901367188 0.0105190277099609 0.8037109375 0.04327392578125
-0.0180702209472656 -0.001190185546875 0.53314208984375 0.79754638671875
0.00340652465820312 0.0415191650390625 -0.0236206054687501 0.65606689453125
-0.00385284423828125 0.0504035949707031 0.0553016662597656 -0.01019287109375
0.0063934326171875 0.0360832214355469 -0.08782958984375 -0.67864990234375
0.0148725509643555 -0.00440311431884766 -0.75244140625 -0.52301025390625
0.0138149261474609 -0.015446662902832 -0.71478271484375 0.33416748046875
0.00469207763671875 -0.0265331268310547 -0.05010986328125 0.608154296875
-0.00333786010742188 -0.0368919372558594 0.305023193359375 0.326141357421875
-0.0192184448242188 -0.00835800170898438 0.32574462890625 -0.08233642578125
-0.0141458511352539 0.00826930999755859 0.17486572265625 -0.2867431640625
-0.0301723480224609 -0.00893592834472657 -0.13446044921875 0.2611083984375
-0.0074462890625 -0.035797119140625 -0.25244140625 -0.04632568359375
0.00817108154296875 -0.0477561950683594 -0.12982177734375 -0.4534912109375
0.0376930236816406 -0.0137786865234375 0.34710693359375 -0.56549072265625
0.00860452651977539 0.00747442245483398 0.80548095703125 0.05963134765625
-0.0240669250488281 -0.0126781463623047 0.5177001953125 0.80218505859375
0.00226974487304688 0.0176124572753906 -0.02972412109375 0.63690185546875
0.00444793701171875 0.0237159729003906 0.0648269653320313 -0.0296134948730469
-0.0008087158203125 0.0168170928955078 -0.09686279296875 -0.69097900390625
0.00855731964111328 -0.01177978515625 -0.75762939453125 -0.51348876953125
0.0169677734375 -0.0204372406005859 -0.7039794921875 0.34466552734375
0.0064544677734375 -0.0344562530517578 -0.04071044921875 0.60491943359375
-0.00611495971679688 -0.0474395751953125 0.307220458984375 0.31988525390625
-0.0210113525390625 -0.0162525177001953 0.31982421875 -0.08404541015625
-0.00916194915771484 0.00655078887939453 0.164520263671875 -0.28717041015625
-0.0226974487304688 -0.00970268249511719 -0.146347045898438 0.262725830078125
-0.00790786743164062 -0.0418548583984375 -0.26324462890625 -0.0454864501953125
0.00911331176757813 -0.0512313842773438 -0.13525390625 -0.455596923828125
0.03857421875 -0.0161323547363281 0.34527587890625 -0.56805419921875
0.0078587532043457 0.0014338493347168 0.8067626953125 0.06005859375
-0.0314407348632813 -0.0335578918457031 0.5169677734375 0.7921142578125
0.00664520263671875 -0.0164947509765625 -0.0244140625 0.620849609375
0.0195808410644531 -0.0120964050292969 0.0740203857421875 -0.0440444946289063
-0.00607776641845703 -0.0118303298950195 -0.0973510742187501 -0.7037353515625
-1.52587890625025E-05 -0.0232486724853516 -0.759033203125 -0.5162353515625
0.0159320831298828 -0.0227870941162109 -0.700439453125 0.34539794921875
0.00826644897460937 -0.0366249084472656 -0.0389404296875 0.60589599609375
-0.0064849853515625 -0.0520210266113281 0.302734375 0.320953369140625
-0.0201740264892578 -0.02215576171875 0.3114013671875 -0.080810546875
-0.00219345092773438 0.00551748275756836 0.153167724609375 -0.28643798828125
-0.0139732360839844 -0.0100002288818359 -0.156524658203125 0.265777587890625
-0.00693130493164062 -0.0435028076171875 -0.277206420898438 -0.032806396484375
0.0059814453125 -0.0487632751464844 -0.162872314453125 -0.44512939453125
0.0348701477050781 -0.0135364532470703 0.31146240234375 -0.58282470703125
0.00121808052062988 -0.00344347953796387 0.803466796875 0.0107421875
-0.04193115234375 -0.0562629699707031 0.55230712890625 0.7510986328125
0.01092529296875 -0.0555343627929688 0.00360107421874998 0.6171875
0.0406646728515625 -0.0518646240234375 0.0758590698242188 -0.035980224609375
-0.0077056884765625 -0.0455818176269531 -0.0699462890625 -0.70819091796875
-0.0125160217285156 -0.0380058288574219 -0.73760986328125 -0.55767822265625
0.0112991333007812 -0.0226306915283203 -0.72540283203125 0.31036376953125
0.0105342864990234 -0.0322723388671875 -0.0733032226562499 0.6070556640625
-0.00600433349609374 -0.0503349304199219 0.283111572265625 0.339691162109375
-0.0172538757324219 -0.0259933471679687 0.304046630859375 -0.0643310546875
0.00536775588989258 0.00424814224243164 0.14605712890625 -0.285675048828125
-0.0288219451904297 -0.00909042358398438 -0.11798095703125 0.275482177734375
0.00670623779296875 0.00557613372802734 -0.260177612304688 0.02313232421875
0.00414276123046875 0.0178737640380859 -0.228973388671875 -0.378173828125
-0.00290679931640625 0.0416183471679688 0.152099609375 -0.63153076171875
-0.0264034271240234 0.0224227905273438 0.740966796875 -0.19921875
-0.0193576812744141 -0.0182971954345703 0.71453857421875 0.60614013671875
0.0259552001953125 0.0300712585449219 0.11578369140625 0.71368408203125
0.0189323425292969 0.0595245361328125 0.025543212890625 0.113494873046875
0.0287685394287109 0.0330982208251953 0.06072998046875 -0.6148681640625
0.0139780044555664 -0.011601448059082 -0.59521484375 -0.72662353515625
-0.0181865692138672 0.00251960754394531 -0.84368896484375 0.1080322265625
-0.0165500640869141 0.0259647369384766 -0.25482177734375 0.59747314453125
-0.00357437133789063 0.0195751190185547 0.20330810546875 0.419677734375
-0.00135040283203125 0.0249843597412109 0.319549560546875 -0.011993408203125
-0.00827121734619141 0.0117588043212891 0.193191528320313 -0.2708740234375
-0.0330333709716797 -0.00875663757324219 -0.115310668945313 0.271652221679688
0.00130856037139893 0.000222921371459961 -0.25128173828125 0.00563049316406253
0.00286245346069336 0.00743532180786133 -0.199066162109375 -0.40338134765625
0.000513076782226562 0.0288753509521484 0.208251953125 -0.619140625
-0.0209197998046875 0.0188560485839844 0.7662353515625 -0.130615234375
-0.0134477615356445 -0.00759506225585938 0.66973876953125 0.6739501953125
0.0212020874023438 0.0495185852050781 0.0721435546874999 0.70867919921875
0.00604248046875 0.0735015869140625 0.0288925170898437 0.0849380493164063
0.0241584777832031 0.0472221374511719 0.01531982421875 -0.63214111328125
0.0177459716796875 -0.00234031677246094 -0.65106201171875 -0.666259765625
-0.00890350341796875 0.00215816497802734 -0.81475830078125 0.1810302734375
-0.00941371917724609 0.0142526626586914 -0.194091796875 0.6087646484375
-0.000707149505615234 0.00734663009643555 0.240020751953125 0.39453125
-0.00606155395507812 0.0192966461181641 0.327789306640625 -0.034881591796875
-0.0128040313720703 0.0111312866210938 0.195220947265625 -0.276275634765625
-0.0366439819335938 -0.00740051269531251 -0.115097045898438 0.26812744140625
-0.00161647796630859 -0.0061955451965332 -0.244491577148438 -0.015655517578125
0.00256586074829102 -0.00679636001586914 -0.168212890625 -0.42388916015625
0.00779247283935547 0.0155467987060547 0.26397705078125 -0.6033935546875
-0.0112924575805664 0.0161714553833008 0.7869873046875 -0.05804443359375
-0.0120763778686523 0.00133991241455078 0.61663818359375 0.732666015625
0.0148429870605469 0.0595512390136719 0.02947998046875 0.69610595703125
-0.0038604736328125 0.0775527954101563 0.0360336303710938 0.0507125854492188
0.0189704895019531 0.0529594421386719 -0.02667236328125 -0.64837646484375
0.0192699432373047 0.00158882141113281 -0.69891357421875 -0.60687255859375
-0.00019681453704834 -0.00214898586273193 -0.7789306640625 0.2496337890625
-0.00181686878204346 -0.000131011009216309 -0.133056640625 0.61248779296875
-0.000314712524414062 -0.00757312774658203 0.27008056640625 0.367431640625
-0.0108242034912109 0.01025390625 0.33245849609375 -0.056243896484375
-0.0155439376831055 0.0106124877929688 0.192092895507813 -0.280990600585938
-0.0374336242675781 -0.00690078735351563 -0.118331909179687 0.262710571289063
-0.00426101684570313 -0.016016960144043 -0.241622924804688 -0.032684326171875
0.00431251525878906 -0.0231666564941406 -0.14556884765625 -0.439422607421875
0.0185718536376953 0.00291252136230469 0.308837890625 -0.5836181640625
-0.00296401977539063 0.0131540298461914 0.7994384765625 0.004150390625
-0.0127286911010742 0.00414657592773438 0.567626953125 0.7769775390625
0.00749969482421875 0.0567054748535156 -0.00579833984374995 0.67706298828125
-0.00629806518554688 0.0692062377929688 0.0449333190917969 0.0180625915527344
0.0127830505371094 0.0490798950195313 -0.06134033203125 -0.66375732421875
0.0181541442871094 0.00018310546875 -0.73211669921875 -0.55694580078125
0.00899124145507813 -0.00866031646728516 -0.742919921875 0.30072021484375
0.000930786132812499 -0.0144977569580078 -0.0849609375 0.6103515625
-0.00107955932617188 -0.0229759216308594 0.293243408203125 0.343170166015625
-0.0160093307495117 0.001983642578125 0.331298828125 -0.07281494140625
-0.0154523849487305 0.00954246520996094 0.185791015625 -0.28533935546875
-0.0350551605224609 -0.00723457336425781 -0.125457763671875 0.261215209960938
-0.00709724426269532 -0.0261707305908203 -0.244461059570313 -0.0438079833984375
0.0057830810546875 -0.0371627807617188 -0.131805419921875 -0.44964599609375
0.0286102294921875 -0.00699424743652344 0.336669921875 -0.57037353515625
0.00438976287841797 0.0112228393554688 0.80316162109375 0.04638671875
-0.018463134765625 -0.00113105773925782 0.5316162109375 0.79840087890625
0.00357818603515625 0.0417137145996094 -0.0254516601562501 0.6568603515625
-0.003997802734375 0.051177978515625 0.0549125671386719 -0.00994491577148437
0.00643157958984375 0.0362014770507812 -0.08599853515625 -0.679443359375
0.0150299072265625 -0.00441932678222656 -0.75140380859375 -0.52484130859375
0.0140876770019531 -0.0156631469726563 -0.71722412109375 0.33306884765625
0.0045166015625 -0.0269908905029297 -0.05413818359375 0.60888671875
-0.00453948974609375 -0.0367774963378906 0.303985595703125 0.328155517578125
-0.020294189453125 -0.00771522521972656 0.326385498046875 -0.081298828125
-0.0127592086791992 0.00738239288330078 0.17596435546875 -0.286376953125
-0.0289821624755859 -0.00909233093261719 -0.134490966796875 0.26068115234375
-0.0074615478515625 -0.0353240966796875 -0.25115966796875 -0.0475311279296875
0.00874710083007812 -0.0468635559082031 -0.129486083984375 -0.456573486328125
0.0368232727050781 -0.0140724182128906 0.34857177734375 -0.56463623046875
0.00809717178344727 0.00653934478759766 0.80511474609375 0.0618896484375
-0.0241165161132813 -0.0130081176757812 0.5169677734375 0.80255126953125
0.00270271301269531 0.0184249877929688 -0.0316162109375 0.63665771484375
0.00495529174804687 0.0225944519042969 0.0644760131835938 -0.0297470092773438
-0.000161170959472658 0.0170516967773438 -0.0930786132812499 -0.692138671875
0.00891780853271484 -0.0116901397705078 -0.75738525390625 -0.5177001953125
0.0169219970703125 -0.0210399627685547 -0.7054443359375 0.3446044921875
0.00673103332519531 -0.034515380859375 -0.0421142578125 0.60540771484375
-0.0058441162109375 -0.0463447570800781 0.304595947265625 0.3209228515625
-0.0207595825195313 -0.0166587829589844 0.320892333984375 -0.08355712890625
-0.00829935073852539 0.00636768341064453 0.16571044921875 -0.2890625
-0.0218257904052734 -0.00948143005371094 -0.146484375 0.261993408203125
-0.0074615478515625 -0.0406074523925781 -0.262405395507813 -0.0476837158203125
0.00835037231445313 -0.0504379272460938 -0.13531494140625 -0.458404541015625
0.0391120910644531 -0.0163688659667969 0.3460693359375 -0.5672607421875
0.00638198852539063 0.00180339813232422 0.80596923828125 0.061279296875
-0.0317783355712891 -0.0327510833740234 0.51446533203125 0.79364013671875
0.00704765319824219 -0.0160951614379883 -0.0252685546875 0.6190185546875
0.0196418762207031 -0.0112857818603516 0.0744094848632813 -0.043914794921875
-0.00557899475097656 -0.010594367980957 -0.09405517578125 -0.70367431640625
0.000391006469726564 -0.0230484008789063 -0.75909423828125 -0.5179443359375
0.0164642333984375 -0.0236244201660156 -0.70294189453125 0.34576416015625
0.00817108154296875 -0.036376953125 -0.04168701171875 0.606201171875
-0.007568359375 -0.0512580871582031 0.30230712890625 0.32257080078125
-0.0201148986816406 -0.0220508575439453 0.31195068359375 -0.08013916015625
-0.00179529190063477 0.0050206184387207 0.153717041015625 -0.286468505859375
-0.0141191482543945 -0.00919246673583984 -0.157318115234375 0.26654052734375
-0.00749969482421875 -0.042999267578125 -0.27734375 -0.0334625244140625
0.00481414794921874 -0.0491714477539062 -0.16168212890625 -0.445953369140625
0.0345726013183594 -0.0139884948730469 0.312255859375 -0.58062744140625
0.00104022026062012 -0.00392723083496094 0.80181884765625 0.0111083984375
-0.0420875549316406 -0.0559501647949219 0.5528564453125 0.75408935546875
0.0124702453613281 -0.0547637939453125 0.00140380859374996 0.61614990234375
0.0406227111816406 -0.0523109436035156 0.0772552490234375 -0.035919189453125
-0.00725555419921875 -0.0458297729492188 -0.06842041015625 -0.70782470703125
-0.0125885009765625 -0.0386123657226562 -0.73681640625 -0.56201171875
0.0116786956787109 -0.0229454040527344 -0.72894287109375 0.310791015625
0.0104236602783203 -0.0327720642089844 -0.0758666992187499 0.60894775390625
-0.0059356689453125 -0.050079345703125 0.282623291015625 0.34124755859375
-0.0172367095947266 -0.0250835418701172 0.304779052734375 -0.064056396484375
0.00610828399658203 0.00336408615112305 0.1448974609375 -0.2852783203125
-0.0287666320800781 -0.00725173950195313 -0.116943359375 0.274124145507813
0.00697851181030273 0.00728321075439453 -0.260940551757813 0.022308349609375
0.00391960144042969 0.0176773071289063 -0.23040771484375 -0.3804931640625
-0.00304412841796875 0.0412254333496094 0.152587890625 -0.63128662109375
-0.0267963409423828 0.0219821929931641 0.7421875 -0.1981201171875
-0.0209255218505859 -0.0183181762695313 0.71478271484375 0.6090087890625
0.02679443359375 0.031280517578125 0.117431640625 0.71453857421875
0.0189056396484375 0.0601615905761719 0.0251998901367187 0.113197326660156
0.0282630920410156 0.0337104797363281 0.0617675781249999 -0.61663818359375
0.0149135589599609 -0.0112180709838867 -0.5960693359375 -0.73016357421875
-0.018096923828125 0.00201797485351562 -0.84686279296875 0.1044921875
-0.0167427062988281 0.0254039764404297 -0.25872802734375 0.59930419921875
-0.00349044799804687 0.0207748413085938 0.204071044921875 0.421478271484375
-0.00131988525390625 0.0252799987792969 0.320281982421875 -0.011474609375
-0.00725269317626953 0.0110950469970703 0.1932373046875 -0.27154541015625
-0.0328159332275391 -0.00790023803710938 -0.115951538085938 0.272216796875
0.00122308731079102 0.000778913497924805 -0.252243041992188 0.00506591796875005
0.00141191482543945 0.00733518600463867 -0.20037841796875 -0.404998779296875
0.000497817993164066 0.0287628173828125 0.208740234375 -0.62060546875
-0.0208206176757813 0.0187873840332031 0.7681884765625 -0.130126953125
-0.0138540267944336 -0.00652694702148437 0.6719970703125 0.67633056640625
0.0218772888183594 0.0501785278320313 0.07281494140625 0.71051025390625
0.00614166259765626 0.0748138427734375 0.0291976928710938 0.0853347778320312
0.023345947265625 0.0473709106445313 0.0174560546875 -0.63323974609375
0.0176963806152344 -0.00235748291015625 -0.6510009765625 -0.66864013671875
-0.00835371017456055 0.00184488296508789 -0.81671142578125 0.179443359375
-0.00894451141357422 0.0137853622436523 -0.19549560546875 0.61004638671875
-0.000792503356933594 0.00803518295288086 0.239654541015625 0.396759033203125
-0.00574874877929687 0.0196399688720703 0.32830810546875 -0.033447265625
-0.0119256973266602 0.0112619400024414 0.19549560546875 -0.276565551757813
-0.0362701416015625 -0.00696182250976563 -0.1148681640625 0.26715087890625
-0.00219392776489258 -0.00594043731689453 -0.244705200195313 -0.0161590576171874
0.00189733505249023 -0.00710964202880859 -0.168426513671875 -0.42626953125
0.00782012939453125 0.015049934387207 0.263916015625 -0.60394287109375
-0.0120992660522461 0.0156793594360352 0.78778076171875 -0.05712890625
-0.0127553939819336 0.0013885498046875 0.61920166015625 0.73553466796875
0.014434814453125 0.0594482421875 0.0289306640625 0.69647216796875
-0.00315093994140626 0.0780181884765625 0.0360870361328125 0.0507469177246094
0.0186805725097656 0.0531272888183594 -0.02490234375 -0.64959716796875
0.0193119049072266 0.00157546997070313 -0.6988525390625 -0.6092529296875
0.000990867614746094 -0.00263476371765137 -0.7822265625 0.24951171875
-0.00271058082580566 -0.000681638717651367 -0.1353759765625 0.61383056640625
-4.05311584472652E-05 -0.00715780258178711 0.270721435546875 0.369384765625
-0.0106077194213867 0.0110073089599609 0.333221435546875 -0.054962158203125
-0.0142850875854492 0.0103464126586914 0.193222045898438 -0.28094482421875
-0.0369873046875 -0.00604629516601562 -0.117721557617188 0.26361083984375
-0.00449466705322266 -0.0148410797119141 -0.242202758789063 -0.0343475341796875
0.00302696228027344 -0.0225429534912109 -0.14447021484375 -0.441925048828125
0.0192737579345703 0.00256919860839844 0.3092041015625 -0.58587646484375
-0.00335884094238281 0.0141887664794922 0.79974365234375 0.005859375
-0.0141849517822266 0.00398635864257813 0.56756591796875 0.77850341796875
0.007171630859375 0.0570449829101562 -0.00823974609374994 0.67718505859375
-0.00634765625000001 0.070404052734375 0.045166015625 0.0186080932617188
0.0121307373046875 0.0489883422851563 -0.0604248046875001 -0.66455078125
0.0186557769775391 0.000322341918945313 -0.73211669921875 -0.55902099609375
0.00853824615478516 -0.00893688201904297 -0.74713134765625 0.30120849609375
0.00140762329101563 -0.0152063369750977 -0.0869140625 0.61285400390625
-0.00172805786132813 -0.0230445861816406 0.292938232421875 0.34521484375
-0.0150823593139648 0.00234699249267578 0.332061767578125 -0.07177734375
-0.0149574279785156 0.00892353057861328 0.18634033203125 -0.285797119140625
-0.0338172912597656 -0.00626754760742188 -0.123809814453125 0.261688232421875
-0.00708580017089844 -0.0251560211181641 -0.244049072265625 -0.044586181640625
0.00601577758789062 -0.0367507934570312 -0.1314697265625 -0.450958251953125
0.0289154052734375 -0.00751876831054688 0.33685302734375 -0.57244873046875
0.00354766845703125 0.0106220245361328 0.8035888671875 0.04779052734375
-0.0190486907958984 -0.00139808654785157 0.5321044921875 0.802490234375
0.00300216674804687 0.0421600341796875 -0.027099609375 0.65570068359375
-0.00372695922851563 0.0503654479980469 0.055389404296875 -0.00984573364257812
0.005767822265625 0.0363197326660156 -0.08441162109375 -0.68115234375
0.0156106948852539 -0.00454807281494141 -0.7547607421875 -0.52838134765625
0.0142250061035156 -0.0157852172851563 -0.72015380859375 0.3336181640625
0.00397872924804687 -0.0268192291259766 -0.05621337890625 0.61016845703125
-0.004730224609375 -0.0374679565429687 0.30419921875 0.329620361328125
-0.0196399688720703 -0.00724411010742188 0.328033447265625 -0.08135986328125
-0.0124292373657227 0.00807666778564453 0.177581787109375 -0.2880859375
-0.0291862487792969 -0.00796699523925782 -0.13360595703125 0.259857177734375
-0.00804328918457031 -0.0340862274169922 -0.252853393554688 -0.048614501953125
0.00796890258789062 -0.0478096008300781 -0.12933349609375 -0.4566650390625
0.036712646484375 -0.0142593383789062 0.34844970703125 -0.56500244140625
0.00775623321533203 0.0063786506652832 0.8077392578125 0.0633544921875
-0.0252704620361328 -0.0129756927490234 0.517333984375 0.80523681640625
0.00309371948242187 0.0181465148925781 -0.03240966796875 0.63763427734375
0.00471115112304687 0.0233402252197266 0.0654563903808594 -0.0288543701171875
0.000217437744140626 0.0167694091796875 -0.0929565429687499 -0.695556640625
0.00914192199707031 -0.0117282867431641 -0.76019287109375 -0.5181884765625
0.0171737670898438 -0.0210437774658203 -0.7100830078125 0.34405517578125
0.00650787353515625 -0.0354957580566406 -0.044189453125 0.6092529296875
-0.00698089599609375 -0.0474281311035156 0.30633544921875 0.323638916015625
-0.0214252471923828 -0.0156936645507813 0.32086181640625 -0.083160400390625
-0.00718927383422852 0.00642061233520508 0.166015625 -0.28851318359375
-0.0210723876953125 -0.00811004638671875 -0.146240234375 0.261199951171875
-0.00812911987304688 -0.040557861328125 -0.263473510742188 -0.0481109619140625
0.00832366943359375 -0.0504570007324219 -0.13482666015625 -0.4588623046875
0.0387458801269531 -0.0166549682617188 0.3480224609375 -0.5675048828125
0.00588798522949219 0.00130844116210938 0.80810546875 0.06158447265625
-0.0324821472167969 -0.0331935882568359 0.514404296875 0.7967529296875
0.00681877136230469 -0.0158500671386719 -0.02667236328125 0.62091064453125
0.0209999084472656 -0.0112800598144531 0.0744705200195313 -0.0439071655273438
-0.00512313842773438 -0.0109214782714844 -0.09222412109375 -0.70452880859375
0.000371932983398437 -0.0226593017578125 -0.75970458984375 -0.5211181640625
0.0168991088867188 -0.0233783721923828 -0.70721435546875 0.34503173828125
0.0078887939453125 -0.0371360778808594 -0.04376220703125 0.6092529296875
-0.00754547119140626 -0.0517539978027344 0.30255126953125 0.32366943359375
-0.0203170776367188 -0.0208721160888672 0.31298828125 -0.079437255859375
-0.000240564346313477 0.00401997566223145 0.15460205078125 -0.2874755859375
-0.012542724609375 -0.00950145721435547 -0.156402587890625 0.265899658203125
-0.00674819946289063 -0.0417976379394531 -0.278366088867188 -0.0354766845703125
0.0051116943359375 -0.0489082336425781 -0.16259765625 -0.4481201171875
0.0350341796875 -0.0142784118652344 0.3134765625 -0.58306884765625
1.64508819580075E-05 -0.00317597389221191 0.803955078125 0.01409912109375
-0.0428352355957031 -0.05615234375 0.551025390625 0.75592041015625
0.0114059448242188 -0.0554618835449219 0.000122070312500066 0.61737060546875
0.0419998168945313 -0.0517845153808594 0.07708740234375 -0.0352249145507812
-0.007720947265625 -0.0450401306152344 -0.06658935546875 -0.70892333984375
-0.0120582580566406 -0.0380592346191406 -0.7388916015625 -0.564697265625
0.011993408203125 -0.0231399536132813 -0.73187255859375 0.30914306640625
0.00966072082519531 -0.0334205627441406 -0.0781860351562499 0.61175537109375
-0.00616836547851563 -0.049102783203125 0.282623291015625 0.34259033203125
-0.0168266296386719 -0.0247287750244141 0.30462646484375 -0.063934326171875
0.00680828094482422 0.00266218185424805 0.147247314453125 -0.2864990234375
-0.0280780792236328 -0.00625991821289063 -0.117019653320313 0.275054931640625
0.00678873062133789 0.00764226913452148 -0.261260986328125 0.0214385986328125
0.00366020202636719 0.0182590484619141 -0.23046875 -0.382659912109375
-0.00299072265625 0.0413436889648438 0.15185546875 -0.63409423828125
-0.0278091430664063 0.0217647552490234 0.742431640625 -0.198974609375
-0.0212154388427734 -0.0189762115478516 0.71990966796875 0.61163330078125
0.0267658233642578 0.0314617156982422 0.11572265625 0.7171630859375
0.0191268920898438 0.0595054626464844 0.02593994140625 0.114349365234375
0.0276947021484375 0.0342197418212891 0.063720703125 -0.61871337890625
0.0155792236328125 -0.011077880859375 -0.596435546875 -0.733154296875
-0.0180187225341797 0.00239181518554688 -0.8514404296875 0.10662841796875
-0.0173149108886719 0.0256309509277344 -0.26129150390625 0.601318359375
-0.00442123413085938 0.0210514068603516 0.20452880859375 0.422882080078125
-0.0010986328125 0.0259971618652344 0.321563720703125 -0.010589599609375
-0.00636672973632812 0.0116720199584961 0.193771362304687 -0.273208618164063
-0.0322952270507813 -0.00714874267578125 -0.115127563476563 0.272750854492188
0.000639200210571289 0.00224447250366211 -0.252090454101562 0.0032958984375
0.000600337982177735 0.00760746002197266 -0.19964599609375 -0.4071044921875
0.000474929809570314 0.0290946960449219 0.20855712890625 -0.62310791015625
-0.0211219787597656 0.0192775726318359 0.76922607421875 -0.13037109375
-0.0151281356811523 -0.00719261169433593 0.67376708984375 0.67779541015625
0.0217933654785156 0.0501594543457031 0.07171630859375 0.7119140625
0.00643920898437499 0.07476806640625 0.0285415649414063 0.0854415893554688
0.0236473083496094 0.0475196838378906 0.0177001953125001 -0.63427734375
0.0180244445800781 -0.0023651123046875 -0.65283203125 -0.6715087890625
-0.00786161422729492 0.00239086151123047 -0.8233642578125 0.18109130859375
-0.00897693634033203 0.0140542984008789 -0.19842529296875 0.61383056640625
-0.00176811218261719 0.00842523574829102 0.23974609375 0.398223876953125
-0.00533676147460938 0.0202293395996094 0.329559326171875 -0.034332275390625
-0.0114955902099609 0.0109720230102539 0.196441650390625 -0.277481079101563
-0.0361518859863281 -0.00562286376953125 -0.113998413085938 0.267822265625
-0.00186061859130859 -0.00478315353393555 -0.24493408203125 -0.017608642578125
0.00137615203857422 -0.00607013702392578 -0.170654296875 -0.427978515625
0.00814247131347656 0.0150051116943359 0.26397705078125 -0.605712890625
-0.0125837326049805 0.016657829284668 0.79083251953125 -0.05694580078125
-0.0130462646484375 0.00117969512939453 0.62091064453125 0.7391357421875
0.0151901245117188 0.0601882934570313 0.0274658203125 0.69927978515625
-0.00336456298828125 0.0784683227539063 0.03643798828125 0.0520172119140625
0.0186233520507813 0.0531501770019531 -0.02520751953125 -0.6531982421875
0.0198078155517578 0.00109481811523438 -0.7008056640625 -0.61346435546875
0.00105905532836914 -0.00290679931640625 -0.78668212890625 0.2509765625
-0.00242018699645996 -0.000248908996582032 -0.1376953125 0.61962890625
-0.000786304473876952 -0.00742149353027344 0.271026611328125 0.3712158203125
-0.0109786987304688 0.0120363235473633 0.3343505859375 -0.054840087890625
-0.0139923095703125 0.0103225708007812 0.194000244140625 -0.28326416015625
-0.0366706848144531 -0.004913330078125 -0.117416381835938 0.263992309570313
-0.00430393218994141 -0.0139474868774414 -0.24200439453125 -0.035552978515625
0.00274658203125 -0.0226821899414062 -0.14569091796875 -0.443756103515625
0.0182895660400391 0.00173568725585937 0.310546875 -0.58673095703125
-0.00418281555175781 0.0133895874023438 0.80206298828125 0.00537109375
-0.0149831771850586 0.00409793853759765 0.56964111328125 0.78179931640625
0.00732421875 0.0570640563964844 -0.00598144531249998 0.67962646484375
-0.00606536865234375 0.07061767578125 0.0461349487304688 0.0177803039550781
0.0122261047363281 0.0491752624511719 -0.0599975585937499 -0.66845703125
0.0190448760986328 0.000383377075195313 -0.7359619140625 -0.5614013671875
0.00883579254150391 -0.00925731658935547 -0.75164794921875 0.30255126953125
0.00154590606689453 -0.015498161315918 -0.0899658203125 0.61785888671875
-0.00179290771484375 -0.0228805541992188 0.29351806640625 0.346588134765625
-0.0158424377441406 0.00292587280273437 0.333740234375 -0.072357177734375
-0.0138435363769531 0.0086507797241211 0.1873779296875 -0.286285400390625
-0.0337009429931641 -0.00588798522949219 -0.123397827148437 0.261520385742188
-0.00645256042480469 -0.0240650177001953 -0.2457275390625 -0.045928955078125
0.00553512573242188 -0.0372505187988281 -0.132171630859375 -0.45416259765625
0.0289325714111328 -0.00793266296386719 0.337890625 -0.57318115234375
0.00303459167480469 0.0108461380004883 0.80706787109375 0.04913330078125
-0.02001953125 -0.000814437866210936 0.53546142578125 0.8057861328125
0.0033111572265625 0.042327880859375 -0.02581787109375 0.6591796875
-0.00361251831054688 0.0510025024414063 0.055633544921875 -0.00952911376953125
0.00573348999023438 0.0364494323730469 -0.0848388671874999 -0.68499755859375
0.0152254104614258 -0.00407218933105469 -0.75634765625 -0.53302001953125
0.0148515701293945 -0.0160665512084961 -0.7252197265625 0.33416748046875
0.00359725952148438 -0.0279293060302734 -0.05743408203125 0.6158447265625
-0.0047454833984375 -0.036865234375 0.3050537109375 0.3319091796875
-0.0193595886230469 -0.00691795349121094 0.328765869140625 -0.0816650390625
-0.0113906860351563 0.0081033706665039 0.1781005859375 -0.28936767578125
-0.0283546447753906 -0.00687408447265625 -0.133560180664062 0.260650634765625
-0.00815200805664062 -0.0337371826171875 -0.253646850585938 -0.050445556640625
0.00696563720703125 -0.0469169616699219 -0.1307373046875 -0.460723876953125
0.0364112854003906 -0.0149688720703125 0.3494873046875 -0.56793212890625
0.00774192810058594 0.00585079193115234 0.8087158203125 0.06585693359375
-0.0250167846679687 -0.0136375427246094 0.5181884765625 0.8094482421875
0.00263023376464844 0.0183334350585938 -0.03369140625 0.63836669921875
0.00565910339355469 0.0236625671386719 0.0652122497558594 -0.0293731689453125
0.000173568725585937 0.0170822143554688 -0.0927734375 -0.697509765625
0.0100870132446289 -0.0122337341308594 -0.76287841796875 -0.522216796875
0.0176887512207031 -0.0214424133300781 -0.7139892578125 0.344970703125
0.00609588623046875 -0.0357704162597656 -0.0457153320312501 0.6126708984375
-0.0068206787109375 -0.0469512939453125 0.30645751953125 0.32489013671875
-0.0212001800537109 -0.0149250030517578 0.322418212890625 -0.083251953125
-0.00677680969238281 0.00576353073120117 0.16650390625 -0.29022216796875
-0.0208721160888672 -0.00817108154296875 -0.14642333984375 0.262100219726562
-0.00833892822265625 -0.0393562316894531 -0.26446533203125 -0.049407958984375
0.00850296020507812 -0.0508537292480469 -0.13665771484375 -0.460968017578125
0.0387306213378906 -0.0180206298828125 0.34844970703125 -0.5697021484375
0.00555133819580078 0.00097799301147461 0.8104248046875 0.06451416015625
-0.0327091217041016 -0.0331192016601563 0.51611328125 0.80059814453125
0.00689315795898438 -0.0156574249267578 -0.0281982421875 0.62188720703125
0.0208473205566406 -0.0120773315429688 0.0743255615234375 -0.0440444946289063
-0.00548267364501953 -0.0104522705078125 -0.09295654296875 -0.709228515625
1.71661376953136E-05 -0.0234050750732422 -0.7645263671875 -0.52423095703125
0.0166740417480469 -0.0237007141113281 -0.7117919921875 0.34759521484375
0.007110595703125 -0.0385055541992188 -0.04534912109375 0.61285400390625
-0.00785446166992187 -0.0507164001464844 0.302825927734375 0.3250732421875
-0.0197868347167969 -0.0212459564208984 0.314453125 -0.079071044921875
0.000743627548217773 0.00401186943054199 0.154571533203125 -0.28955078125
-0.0123634338378906 -0.0081939697265625 -0.156402587890625 0.266326904296875
-0.00719833374023437 -0.0419540405273438 -0.27960205078125 -0.035797119140625
0.00481414794921875 -0.048248291015625 -0.16400146484375 -0.451995849609375
0.0349483489990234 -0.0143585205078125 0.31573486328125 -0.583740234375
-0.000584840774536133 -0.00408697128295898 0.80584716796875 0.0147705078125
-0.0439071655273437 -0.0564994812011719 0.55352783203125 0.759765625
0.0122604370117187 -0.0545196533203125 0.000122070312499976 0.61749267578125
0.0419692993164063 -0.0521240234375 0.0776596069335937 -0.0363006591796875
-0.0070648193359375 -0.0462226867675781 -0.06683349609375 -0.712158203125
-0.0119590759277344 -0.0393180847167969 -0.741943359375 -0.5687255859375
0.0124454498291016 -0.0239772796630859 -0.7349853515625 0.31103515625
0.00933265686035156 -0.0338382720947266 -0.08062744140625 0.6151123046875
-0.00643157958984376 -0.0495376586914063 0.28338623046875 0.34552001953125
-0.01629638671875 -0.0250873565673828 0.306121826171875 -0.0640869140625
0.00794172286987305 0.00333118438720703 0.147552490234375 -0.2880859375
-0.0264434814453125 -0.00543022155761719 -0.116165161132813 0.275741577148438
0.00703334808349609 0.00874137878417969 -0.26214599609375 0.0208892822265625
0.00326156616210938 0.0187015533447266 -0.233428955078125 -0.385498046875
-0.00326156616210938 0.0415992736816406 0.15106201171875 -0.63604736328125
-0.0280513763427734 0.0224609375 0.74566650390625 -0.2015380859375
-0.0219001770019531 -0.0191783905029297 0.7249755859375 0.613525390625
0.0269584655761719 0.0318088531494141 0.1185302734375 0.719970703125
0.0196304321289063 0.061065673828125 0.0261459350585937 0.11480712890625
0.0281944274902344 0.0334300994873047 0.06396484375 -0.6220703125
0.0158357620239258 -0.0109357833862305 -0.600341796875 -0.73773193359375
-0.0177040100097656 0.00258445739746093 -0.8582763671875 0.10736083984375
-0.0171527862548828 0.026092529296875 -0.26409912109375 0.60809326171875
-0.00455284118652344 0.0214080810546875 0.20562744140625 0.4256591796875
-0.00190925598144531 0.0268650054931641 0.323638916015625 -0.0108642578125
-0.00461006164550781 0.0112085342407227 0.194503784179688 -0.275360107421875
-0.0327262878417969 -0.00496292114257812 -0.114364624023438 0.2734375
0.000490307807922363 0.00204145908355713 -0.2530517578125 0.00369262695312498
0.000500679016113281 0.00794601440429688 -0.2030029296875 -0.409881591796875
0.000957489013671875 0.0286445617675781 0.20831298828125 -0.62548828125
-0.0216560363769531 0.0192642211914062 0.7735595703125 -0.13067626953125
-0.0157985687255859 -0.00725936889648438 0.6785888671875 0.6812744140625
0.022003173828125 0.0517921447753906 0.0738525390625 0.7138671875
0.00632476806640625 0.07476806640625 0.0295791625976563 0.0866546630859375
0.0235824584960937 0.0486221313476563 0.01947021484375 -0.6380615234375
0.0183486938476563 -0.00241661071777344 -0.656005859375 -0.67669677734375
-0.00855493545532226 0.0012516975402832 -0.82952880859375 0.1842041015625
-0.00904369354248047 0.0130863189697266 -0.19964599609375 0.61865234375
-0.000844955444335938 0.00889873504638672 0.241302490234375 0.400604248046875
-0.00616836547851563 0.0207729339599609 0.33111572265625 -0.03369140625
-0.0100650787353516 0.0113554000854492 0.197250366210937 -0.280242919921875
-0.0355224609375 -0.0045013427734375 -0.114395141601563 0.26910400390625
-0.00275993347167969 -0.00352621078491211 -0.246246337890625 -0.0178070068359376
0.0011749267578125 -0.00602197647094727 -0.17120361328125 -0.431671142578125
0.00772666931152344 0.0150318145751953 0.263671875 -0.60894775390625
-0.0130348205566406 0.0158214569091797 0.79351806640625 -0.05615234375
-0.0132350921630859 0.00138473510742188 0.6241455078125 0.742431640625
0.0143241882324219 0.0609321594238281 0.02899169921875 0.7022705078125
-0.002716064453125 0.0786590576171875 0.0361289978027344 0.0519332885742188
0.0188560485839844 0.0534172058105469 -0.02435302734375 -0.65472412109375
0.0201644897460938 0.00117683410644531 -0.70562744140625 -0.61480712890625
0.00121212005615234 -0.00249838829040527 -0.79180908203125 0.25299072265625
-0.00291061401367188 -0.00128483772277832 -0.1396484375 0.62353515625
-0.00119686126708984 -0.00646018981933594 0.272918701171875 0.37481689453125
-0.0106239318847656 0.0127449035644531 0.335235595703125 -0.05615234375
-0.0129585266113281 0.0103578567504883 0.194793701171875 -0.2860107421875
-0.0363235473632813 -0.00474929809570313 -0.115859985351562 0.264755249023438
-0.00480461120605469 -0.0133504867553711 -0.243759155273438 -0.0358886718750001
0.00232887268066406 -0.0222339630126953 -0.146881103515625 -0.446990966796875
0.0191078186035156 0.00148582458496094 0.31048583984375 -0.59033203125
-0.00445079803466797 0.0138101577758789 0.80474853515625 0.00677490234375
-0.0154037475585938 0.00416183471679687 0.572265625 0.78717041015625
0.00794982910156249 0.0587425231933594 -0.00762939453125007 0.68194580078125
-0.00592041015624999 0.070587158203125 0.0461387634277344 0.019012451171875
0.0129661560058594 0.0490646362304687 -0.0606689453125 -0.67132568359375
0.0197963714599609 8.20159912109375E-05 -0.7410888671875 -0.564697265625
0.00906658172607422 -0.00979995727539063 -0.75799560546875 0.3048095703125
0.00136756896972656 -0.0151710510253906 -0.08905029296875 0.62164306640625
-0.00206184387207031 -0.0225868225097656 0.29498291015625 0.34844970703125
-0.0155000686645508 0.00296401977539063 0.335784912109375 -0.072662353515625
-0.0135431289672852 0.0086355209350586 0.188232421875 -0.2884521484375
-0.0333232879638672 -0.00459861755371094 -0.123611450195313 0.262420654296875
-0.00711631774902344 -0.0230827331542969 -0.246795654296875 -0.0472412109375
0.00567245483398437 -0.0365104675292969 -0.1328125 -0.458404541015625
0.0295372009277344 -0.00862884521484375 0.33905029296875 -0.57623291015625
0.00313854217529297 0.0100955963134766 0.8094482421875 0.048095703125
-0.0202522277832031 -0.00160789489746093 0.53814697265625 0.80950927734375
0.0041656494140625 0.0428695678710938 -0.0260009765624999 0.66131591796875
-0.00249481201171875 0.0509796142578125 0.0561714172363281 -0.0100212097167969
0.00672149658203125 0.0368919372558594 -0.0845336914062501 -0.6871337890625
0.0161256790161133 -0.00434112548828125 -0.76251220703125 -0.53582763671875
0.0147676467895508 -0.0170106887817383 -0.73095703125 0.33709716796875
0.00358200073242188 -0.0282630920410156 -0.05816650390625 0.61944580078125
-0.005035400390625 -0.0362091064453125 0.307281494140625 0.3338623046875
-0.0194473266601563 -0.00634002685546875 0.330291748046875 -0.0821533203125
-0.0112876892089844 0.00692939758300782 0.1785888671875 -0.29083251953125
-0.0273113250732422 -0.00659561157226562 -0.1341552734375 0.262222290039062
-0.00753402709960937 -0.0323219299316406 -0.254241943359375 -0.0508880615234375
0.00734329223632813 -0.0468978881835937 -0.13189697265625 -0.4638671875
0.0373306274414063 -0.0162620544433594 0.3505859375 -0.5692138671875
0.00653648376464844 0.00587844848632813 0.81439208984375 0.06622314453125
-0.0266151428222656 -0.0141181945800781 0.51995849609375 0.81256103515625
0.00370597839355469 0.0185985565185547 -0.03387451171875 0.64093017578125
0.00511550903320313 0.0233078002929687 0.0661163330078125 -0.03045654296875
-0.000438690185546873 0.0171670913696289 -0.091552734375 -0.701171875
0.0106267929077148 -0.0119733810424805 -0.76629638671875 -0.52471923828125
0.0177249908447266 -0.0215473175048828 -0.7181396484375 0.3472900390625
0.006134033203125 -0.0358047485351563 -0.0463256835937501 0.61822509765625
-0.00737380981445312 -0.0463600158691406 0.306488037109375 0.326934814453125
-0.0216808319091797 -0.0141944885253906 0.324493408203125 -0.083404541015625
-0.00600194931030273 0.00554561614990235 0.167083740234375 -0.291046142578125
-0.0203399658203125 -0.00736236572265625 -0.145553588867188 0.2623291015625
-0.00776290893554687 -0.0384254455566406 -0.265884399414063 -0.050750732421875
0.0079193115234375 -0.0504035949707031 -0.139312744140625 -0.465240478515625
0.03912353515625 -0.0182723999023438 0.3497314453125 -0.57281494140625
0.00496721267700195 0.00113630294799805 0.814453125 0.0653076171875
-0.0340290069580078 -0.0334968566894531 0.51922607421875 0.80316162109375
0.00712108612060547 -0.0154552459716797 -0.02703857421875 0.62432861328125
0.021240234375 -0.0120162963867188 0.076568603515625 -0.044036865234375
-0.00548362731933593 -0.0110054016113281 -0.0932617187500001 -0.7125244140625
-1.90734863281207E-06 -0.0229072570800781 -0.76806640625 -0.52691650390625
0.0166282653808594 -0.0246753692626953 -0.71636962890625 0.34954833984375
0.0076446533203125 -0.0387306213378906 -0.04541015625 0.61700439453125
-0.0079193115234375 -0.0513267517089844 0.304351806640625 0.328155517578125
-0.0203819274902344 -0.0210609436035156 0.31573486328125 -0.07977294921875
0.00103044509887695 0.00395107269287109 0.15460205078125 -0.290863037109375
-0.011199951171875 -0.00796127319335937 -0.15625 0.2677001953125
-0.00652313232421875 -0.040985107421875 -0.280670166015625 -0.0365447998046874
0.00473785400390625 -0.0477409362792969 -0.1644287109375 -0.454010009765625
0.0349388122558594 -0.0153484344482422 0.3162841796875 -0.58795166015625
-0.000650405883789062 -0.00462961196899414 0.81005859375 0.0147705078125
-0.0453453063964844 -0.0569992065429687 0.556396484375 0.7628173828125
0.0132064819335938 -0.0543403625488281 0.000244140625000033 0.62054443359375
0.0426063537597656 -0.0526580810546875 0.07781982421875 -0.0365524291992187
-0.00741195678710938 -0.046905517578125 -0.0638427734375001 -0.71624755859375
-0.0126075744628906 -0.0388259887695313 -0.74755859375 -0.57012939453125
0.0120639801025391 -0.0244522094726562 -0.740966796875 0.314208984375
0.00952339172363281 -0.0340404510498047 -0.080810546875 0.6192626953125
-0.00649642944335938 -0.0492973327636719 0.285125732421875 0.3475341796875
-0.0168972015380859 -0.0239887237548828 0.308319091796875 -0.06451416015625
0.00853919982910156 0.00237178802490234 0.147979736328125 -0.289947509765625
-0.0269107818603516 -0.00465011596679688 -0.116485595703125 0.277236938476563
0.00656414031982422 0.00894546508789063 -0.264434814453125 0.020172119140625
0.0022735595703125 0.0196285247802734 -0.23516845703125 -0.3883056640625
-0.00238800048828125 0.0421066284179688 0.151611328125 -0.64208984375
-0.0287723541259766 0.0225467681884766 0.751708984375 -0.202880859375
-0.0238971710205078 -0.0190639495849609 0.7301025390625 0.61798095703125
0.0272789001464844 0.0325832366943359 0.12060546875 0.72332763671875
0.019927978515625 0.060791015625 0.0265045166015625 0.116073608398437
0.0287551879882813 0.0336341857910156 0.0645751953124999 -0.62591552734375
0.0161914825439453 -0.011021614074707 -0.6077880859375 -0.7408447265625
-0.0176868438720703 0.00153350830078125 -0.8642578125 0.10882568359375
-0.0182056427001953 0.0260295867919922 -0.26483154296875 0.612548828125
-0.00457382202148437 0.0218582153320313 0.20660400390625 0.429718017578125
-0.00150299072265625 0.0268096923828125 0.325286865234375 -0.01177978515625
-0.00482749938964844 0.011962890625 0.195419311523438 -0.278350830078125
-0.0317153930664063 -0.0051422119140625 -0.114715576171875 0.275527954101563
0.000814914703369141 0.00366449356079102 -0.254104614257813 0.00363159179687498
0.000863075256347655 0.00812911987304688 -0.20526123046875 -0.413421630859375
0.000816345214843748 0.0290126800537109 0.20660400390625 -0.63043212890625
-0.0220127105712891 0.0191879272460938 0.779296875 -0.132568359375
-0.0165557861328125 -0.00811672210693359 0.685546875 0.68475341796875
0.0226211547851562 0.0513229370117188 0.0756225585937499 0.71832275390625
0.00746154785156251 0.0760879516601563 0.029998779296875 0.0870285034179687
0.0244293212890625 0.0486259460449219 0.0183715820312501 -0.64208984375
0.0200996398925781 -0.00274276733398437 -0.6632080078125 -0.68084716796875
-0.00828170776367188 0.00154781341552734 -0.8336181640625 0.18603515625
-0.00938987731933594 0.0135631561279297 -0.2010498046875 0.62457275390625
-0.00283288955688477 0.00854015350341797 0.243072509765625 0.4029541015625
-0.00603675842285156 0.0217704772949219 0.33392333984375 -0.03399658203125
-0.0101165771484375 0.0110979080200195 0.19775390625 -0.283050537109375
-0.0350208282470703 -0.00406074523925781 -0.11358642578125 0.270919799804687
-0.00195956230163574 -0.00292825698852539 -0.247589111328125 -0.019134521484375
2.57492065429682E-05 -0.00614213943481445 -0.174102783203125 -0.434173583984375
0.0083475112915039 0.0139522552490234 0.26470947265625 -0.61279296875
-0.0138435363769531 0.0159797668457031 0.798828125 -0.0576171875
-0.0147256851196289 0.00125789642333984 0.63153076171875 0.74603271484375
0.0151176452636719 0.0615158081054688 0.0295410156249999 0.70721435546875
-0.0019073486328125 0.0793380737304687 0.0372734069824219 0.0516395568847656
0.0192337036132813 0.0541229248046875 -0.0257568359375 -0.6578369140625
0.0219039916992188 0.000707626342773438 -0.71209716796875 -0.6201171875
0.00179862976074219 -0.00344395637512207 -0.79901123046875 0.2547607421875
-0.0035555362701416 -0.000727176666259766 -0.14013671875 0.62908935546875
-0.000976085662841797 -0.00674819946289063 0.273468017578125 0.376556396484375
-0.0107431411743164 0.0128412246704102 0.338165283203125 -0.05621337890625
-0.0117292404174805 0.0102081298828125 0.1961669921875 -0.287017822265625
-0.0353965759277344 -0.00403594970703125 -0.1165771484375 0.266647338867188
-0.00541019439697266 -0.0126457214355469 -0.245071411132813 -0.03668212890625
0.00269889831542969 -0.0214443206787109 -0.1510009765625 -0.451385498046875
0.0182132720947266 0.00152778625488281 0.310302734375 -0.5933837890625
-0.00548934936523437 0.0137844085693359 0.809814453125 0.00701904296875
-0.0165910720825195 0.00351619720458985 0.5787353515625 0.78955078125
0.00761795043945312 0.0583381652832031 -0.00604248046874993 0.68658447265625
-0.00506591796875 0.070648193359375 0.0467491149902344 0.0182533264160156
0.0133171081542969 0.0501251220703125 -0.0625 -0.67486572265625
0.01983642578125 0.000425338745117188 -0.74658203125 -0.56805419921875
0.00784492492675781 -0.00938606262207031 -0.76263427734375 0.3076171875
0.000825881958007813 -0.0163259506225586 -0.0911865234375 0.62628173828125
-0.00349807739257812 -0.0221500396728516 0.2977294921875 0.351409912109375
-0.0158529281616211 0.00331497192382813 0.337615966796875 -0.074005126953125
-0.013087272644043 0.00865268707275391 0.188873291015625 -0.29156494140625
-0.0324649810791016 -0.00486564636230469 -0.123687744140625 0.26348876953125
-0.00701332092285156 -0.0220413208007813 -0.248275756835938 -0.0481719970703125
0.00523757934570313 -0.0358963012695312 -0.1370849609375 -0.4608154296875
0.0289325714111328 -0.00915145874023438 0.33856201171875 -0.580810546875
0.00185585021972656 0.010493278503418 0.81573486328125 0.04852294921875
-0.0220966339111328 -0.00122451782226563 0.5419921875 0.8134765625
0.0040740966796875 0.0431480407714844 -0.02490234375 0.66522216796875
-0.00230026245117188 0.0518569946289062 0.0566635131835937 -0.01025390625
0.00550079345703125 0.0376319885253906 -0.08441162109375 -0.69049072265625
0.0168523788452148 -0.00484275817871094 -0.76898193359375 -0.53692626953125
0.0155963897705078 -0.0168008804321289 -0.73565673828125 0.3404541015625
0.0036773681640625 -0.0279998779296875 -0.05908203125 0.625244140625
-0.00514602661132813 -0.036468505859375 0.309722900390625 0.335296630859375
-0.0199546813964844 -0.00589561462402343 0.33270263671875 -0.082855224609375
-0.0104341506958008 0.00729846954345703 0.179595947265625 -0.293670654296875
-0.0269641876220703 -0.00594711303710938 -0.133193969726563 0.263427734375
-0.00840950012207031 -0.0318431854248047 -0.255584716796875 -0.050933837890625
0.00713729858398438 -0.0465507507324219 -0.135589599609375 -0.466064453125
0.0366249084472656 -0.0162696838378906 0.35003662109375 -0.57379150390625
0.00622987747192383 0.00657320022583008 0.818359375 0.06451416015625
-0.0269222259521484 -0.0135421752929687 0.52496337890625 0.8177490234375
0.00409698486328125 0.0188446044921875 -0.0321044921875 0.644287109375
0.00548744201660156 0.0245876312255859 0.0664787292480469 -0.0304145812988281
-0.000928878784179687 0.0172758102416992 -0.0943603515625 -0.705078125
0.00998878479003906 -0.0119972229003906 -0.77294921875 -0.5255126953125
0.018035888671875 -0.0218906402587891 -0.72357177734375 0.353759765625
0.00519561767578125 -0.0363616943359375 -0.0463867187500001 0.62322998046875
-0.00677490234375 -0.0464286804199219 0.310302734375 0.32855224609375
-0.0207157135009766 -0.0140819549560547 0.3265380859375 -0.085418701171875
-0.005645751953125 0.00542736053466797 0.168182373046875 -0.29473876953125
-0.0189876556396484 -0.00699043273925781 -0.14581298828125 0.263565063476562
-0.0074005126953125 -0.0378189086914063 -0.267913818359375 -0.051544189453125
0.0072784423828125 -0.0506668090820312 -0.14154052734375 -0.469329833984375
0.0390090942382813 -0.018890380859375 0.35028076171875 -0.57794189453125
0.00500154495239258 3.38554382324219E-05 0.8197021484375 0.0643310546875
-0.0356559753417969 -0.0331993103027344 0.5247802734375 0.80810546875
0.00747299194335938 -0.0158004760742187 -0.0267944335937499 0.627197265625
0.0210704803466797 -0.0123767852783203 0.0761871337890625 -0.04510498046875
-0.00526523590087891 -0.0109567642211914 -0.0948486328125 -0.717529296875
0.000776290893554685 -0.0236282348632813 -0.7740478515625 -0.52911376953125
0.0167636871337891 -0.0249710083007812 -0.72137451171875 0.353759765625
0.00715255737304688 -0.0383415222167969 -0.0462646484374999 0.62237548828125
-0.009063720703125 -0.0513038635253906 0.306976318359375 0.33038330078125
-0.0203800201416016 -0.02032470703125 0.3179931640625 -0.08111572265625
0.00173258781433106 0.0032036304473877 0.155609130859375 -0.293243408203125
-0.0107030868530273 -0.00729846954345703 -0.156295776367188 0.268936157226563
-0.00632476806640625 -0.0397567749023438 -0.28289794921875 -0.037017822265625
0.005615234375 -0.0489044189453125 -0.168212890625 -0.458221435546875
0.0351409912109375 -0.0167942047119141 0.31732177734375 -0.591552734375
-0.00214195251464844 -0.004425048828125 0.8165283203125 0.01324462890625
-0.04632568359375 -0.0563125610351563 0.56329345703125 0.7669677734375
0.0130996704101562 -0.0558967590332031 0.00177001953125002 0.62420654296875
0.0429229736328125 -0.0528984069824219 0.07891845703125 -0.037261962890625
-0.00764083862304687 -0.0467262268066406 -0.06640625 -0.72216796875
-0.0122299194335938 -0.0394058227539063 -0.751953125 -0.57366943359375
0.0122661590576172 -0.0252914428710938 -0.7486572265625 0.31744384765625
0.00967025756835938 -0.0340709686279297 -0.081298828125 0.62628173828125
-0.00767898559570312 -0.049407958984375 0.287322998046875 0.3489990234375
-0.0162601470947266 -0.0245552062988281 0.310028076171875 -0.065643310546875
0.00930118560791016 0.00144290924072266 0.147064208984375 -0.292236328125
-0.0258655548095703 -0.00337982177734375 -0.114181518554687 0.279327392578125
0.00696563720703125 0.0100603103637695 -0.266265869140625 0.0205535888671875
0.0023345947265625 0.0190010070800781 -0.2396240234375 -0.39068603515625
-0.00228500366210937 0.0420913696289063 0.148193359375 -0.645751953125
-0.0288734436035156 0.0228080749511719 0.75360107421875 -0.206787109375
-0.0240974426269531 -0.0194950103759766 0.73846435546875 0.61944580078125
0.0285148620605469 0.0330333709716797 0.1239013671875 0.72528076171875
0.0206108093261719 0.0613441467285156 0.0270462036132812 0.116119384765625
0.0290908813476563 0.0338001251220703 0.062255859375 -0.63043212890625
0.0164985656738281 -0.0121936798095703 -0.614013671875 -0.745361328125
-0.0175724029541016 0.00228023529052734 -0.8714599609375 0.11383056640625
-0.0181541442871094 0.0259113311767578 -0.2664794921875 0.62005615234375
-0.00441169738769531 0.0231113433837891 0.209716796875 0.431121826171875
-0.00107002258300781 0.0277042388916016 0.326568603515625 -0.0133056640625
-0.00389385223388672 0.0118484497070313 0.195419311523438 -0.2811279296875
-0.0317535400390625 -0.00355720520019532 -0.112823486328125 0.276718139648438
0.000899791717529296 0.00456762313842773 -0.256423950195313 0.00361633300781254
0.000614166259765625 0.00952816009521485 -0.20782470703125 -0.416015625
0.000486373901367187 0.0283184051513672 0.20599365234375 -0.635009765625
-0.0222816467285156 0.0197200775146484 0.78302001953125 -0.136474609375
-0.0178852081298828 -0.00779533386230469 0.69287109375 0.68682861328125
0.0240287780761719 0.0526466369628906 0.07904052734375 0.72271728515625
0.00818634033203125 0.0760269165039062 0.0312423706054687 0.08697509765625
0.0247917175292969 0.0485572814941406 0.0169067382812501 -0.64691162109375
0.0195827484130859 -0.00247383117675781 -0.671630859375 -0.68389892578125
-0.0076298713684082 0.00122785568237305 -0.84173583984375 0.1884765625
-0.0100374221801758 0.0138740539550781 -0.2022705078125 0.63134765625
-0.00152301788330078 0.00997257232666015 0.24609375 0.406982421875
-0.0052032470703125 0.0217647552490234 0.33544921875 -0.035919189453125
-0.0087127685546875 0.0113754272460937 0.197174072265625 -0.285552978515625
-0.0346336364746094 -0.0026092529296875 -0.11181640625 0.272293090820313
-0.00288486480712891 -0.00232410430908203 -0.249954223632813 -0.01885986328125
-0.000127792358398437 -0.00560617446899414 -0.17724609375 -0.43902587890625
0.00827503204345703 0.0146799087524414 0.262451171875 -0.61627197265625
-0.013554573059082 0.0163364410400391 0.803466796875 -0.0614013671875
-0.0156097412109375 0.00105857849121094 0.6395263671875 0.747802734375
0.0160865783691406 0.0625648498535156 0.0321044921874999 0.7088623046875
-0.001617431640625 0.0803756713867187 0.03778076171875 0.0522193908691406
0.0192794799804687 0.0543479919433594 -0.0264892578125001 -0.66351318359375
0.0207099914550781 0.000799179077148438 -0.72027587890625 -0.62103271484375
0.00148320198059082 -0.0039064884185791 -0.80462646484375 0.26055908203125
-0.00272870063781738 -0.0012972354888916 -0.1395263671875 0.63623046875
-0.00149631500244141 -0.00601577758789063 0.276580810546875 0.37799072265625
-0.0102853775024414 0.0135126113891602 0.341156005859375 -0.058624267578125
-0.0114574432373047 0.0098581314086914 0.19573974609375 -0.290618896484375
-0.035797119140625 -0.00199890136718751 -0.115478515625 0.2679443359375
-0.00484275817871094 -0.0114212036132813 -0.247467041015625 -0.0364685058593749
0.002105712890625 -0.0207099914550781 -0.152984619140625 -0.454742431640625
0.0182380676269531 0.000272750854492187 0.31024169921875 -0.59881591796875
-0.00573348999023437 0.013279914855957 0.81500244140625 0.00494384765625
-0.0176296234130859 0.00432014465332031 0.5849609375 0.793701171875
0.00883102416992187 0.0590629577636719 -0.00366210937499997 0.68963623046875
-0.00426483154296876 0.0721282958984375 0.0474929809570312 0.0179290771484375
0.0127334594726562 0.0499763488769531 -0.0631103515624999 -0.6800537109375
0.0204944610595703 0.000219345092773438 -0.75543212890625 -0.570068359375
0.00924491882324219 -0.00957775115966797 -0.76898193359375 0.3150634765625
0.000313758850097655 -0.0168418884277344 -0.08953857421875 0.63299560546875
-0.00356483459472657 -0.0227775573730469 0.29974365234375 0.354888916015625
-0.0154247283935547 0.00475406646728515 0.340789794921875 -0.076141357421875
-0.0118846893310547 0.009368896484375 0.18878173828125 -0.29510498046875
-0.03240966796875 -0.00428199768066406 -0.12274169921875 0.264450073242188
-0.0072784423828125 -0.0215301513671875 -0.25103759765625 -0.0478668212890625
0.00565338134765625 -0.0361328125 -0.14068603515625 -0.464874267578125
0.0288505554199219 -0.00968551635742188 0.33941650390625 -0.58660888671875
0.00220966339111328 0.010716438293457 0.82080078125 0.04693603515625
-0.0217742919921875 -0.00045013427734375 0.54949951171875 0.81707763671875
0.00441741943359375 0.0440826416015625 -0.0241699218749999 0.6678466796875
-0.00210952758789062 0.0522384643554688 0.0568695068359375 -0.01092529296875
0.00612258911132812 0.0373077392578125 -0.0887451171875 -0.696533203125
0.0164222717285156 -0.00430679321289063 -0.77630615234375 -0.53759765625
0.0146541595458984 -0.0175485610961914 -0.742431640625 0.34869384765625
0.00276565551757813 -0.0292453765869141 -0.0585327148437501 0.63226318359375
-0.00583267211914063 -0.0353889465332031 0.31298828125 0.337615966796875
-0.0190639495849609 -0.00484085083007813 0.3349609375 -0.085357666015625
-0.00934982299804687 0.00667190551757813 0.1796875 -0.296417236328125
-0.0260810852050781 -0.00539970397949218 -0.132461547851562 0.264862060546875
-0.00805854797363281 -0.0312938690185547 -0.258834838867188 -0.0528411865234375
0.00710678100585938 -0.0471839904785156 -0.13818359375 -0.471343994140625
0.036712646484375 -0.0174827575683594 0.35125732421875 -0.579345703125
0.00507020950317383 0.00591897964477539 0.8238525390625 0.06109619140625
-0.0288333892822266 -0.0127239227294922 0.53314208984375 0.81964111328125
0.0040283203125 0.0194568634033203 -0.0302734374999999 0.64813232421875
0.00629806518554688 0.0244407653808594 0.0662040710449219 -0.0316848754882813
0.0001983642578125 0.0178585052490234 -0.0974731445312499 -0.7100830078125
0.0106296539306641 -0.0117759704589844 -0.78106689453125 -0.5286865234375
0.0182609558105469 -0.0226898193359375 -0.72918701171875 0.35919189453125
0.00499725341796875 -0.0369834899902344 -0.0456542968749999 0.62945556640625
-0.00801849365234375 -0.0468597412109375 0.31292724609375 0.331207275390625
-0.0210094451904297 -0.0137195587158203 0.32916259765625 -0.086334228515625
-0.00462198257446289 0.00449991226196289 0.16802978515625 -0.297454833984375
-0.0183143615722656 -0.00648880004882813 -0.145050048828125 0.266342163085938
-0.00791549682617187 -0.0374221801757813 -0.270553588867188 -0.0510101318359376
0.00731658935546875 -0.0513801574707031 -0.144134521484375 -0.47210693359375
0.0389595031738281 -0.0194473266601563 0.350341796875 -0.58087158203125
0.00386619567871094 0.000458717346191406 0.8250732421875 0.0626220703125
-0.0367965698242187 -0.0322990417480469 0.53228759765625 0.81243896484375
0.00832176208496094 -0.0156402587890625 -0.025146484375 0.63006591796875
0.0223560333251953 -0.0127162933349609 0.075714111328125 -0.0459747314453125
-0.00532627105712891 -0.0110549926757813 -0.09661865234375 -0.720458984375
-0.000474929809570312 -0.0243644714355469 -0.78448486328125 -0.53131103515625
0.0166816711425781 -0.0256862640380859 -0.7274169921875 0.36053466796875
0.00664901733398437 -0.0393562316894531 -0.04449462890625 0.63031005859375
-0.00947952270507813 -0.0511817932128906 0.310455322265625 0.33233642578125
-0.0200119018554688 -0.0198974609375 0.319549560546875 -0.08306884765625
0.00273966789245605 0.00207686424255371 0.155792236328125 -0.296478271484375
-0.00961589813232422 -0.00693035125732422 -0.155899047851563 0.270401000976563
-0.00677871704101562 -0.0394973754882812 -0.2860107421875 -0.036163330078125
0.00460433959960937 -0.0483016967773438 -0.17169189453125 -0.462615966796875
0.0349540710449219 -0.0165424346923828 0.31561279296875 -0.5966796875
-0.00206851959228516 -0.00471210479736328 0.820556640625 0.01177978515625
-0.0473556518554688 -0.0565910339355469 0.5699462890625 0.76983642578125
0.0128288269042969 -0.0556144714355469 0.00396728515625 0.62701416015625
0.0438957214355469 -0.0533866882324219 0.078826904296875 -0.0376510620117187
-0.007568359375 -0.0461769104003906 -0.0690307617187501 -0.72705078125
-0.0119819641113281 -0.0388870239257813 -0.761962890625 -0.57525634765625
0.0126991271972656 -0.0254707336425781 -0.75201416015625 0.323486328125
0.00851821899414063 -0.03533935546875 -0.080078125 0.63189697265625
-0.00764083862304688 -0.0500755310058594 0.289947509765625 0.351776123046875
-0.01678466796875 -0.0242652893066406 0.311676025390625 -0.067413330078125
0.0103616714477539 0.00121116638183594 0.1473388671875 -0.29541015625
-0.0250263214111328 -0.00268936157226562 -0.112762451171875 0.281463623046875
0.00732612609863281 0.0112581253051758 -0.268112182617187 0.0222015380859374
0.002227783203125 0.0202579498291016 -0.244384765625 -0.393829345703125
-0.00232696533203125 0.0421371459960937 0.1446533203125 -0.65179443359375
-0.0293159484863281 0.0232963562011719 0.7568359375 -0.21417236328125
-0.0252838134765625 -0.0190486907958984 0.74822998046875 0.62054443359375
0.029205322265625 0.0326938629150391 0.12847900390625 0.730712890625
0.0214080810546875 0.0615577697753906 0.027557373046875 0.116928100585937
0.0292282104492188 0.0345993041992188 0.0612792968749999 -0.634765625
0.0175304412841797 -0.0114517211914063 -0.621826171875 -0.748779296875
-0.0178432464599609 0.0019378662109375 -0.87799072265625 0.119873046875
-0.0179462432861328 0.0263786315917969 -0.2650146484375 0.6287841796875
-0.00408172607421875 0.0234527587890625 0.2135009765625 0.43658447265625
-8.77380371093726E-05 0.0284385681152344 0.329010009765625 -0.014312744140625
-0.00306987762451172 0.0113983154296875 0.19500732421875 -0.2850341796875
-0.0310916900634766 -0.00266265869140626 -0.111770629882813 0.27923583984375
0.000644207000732421 0.00565862655639648 -0.2578125 0.00407409667968755
0.000210762023925782 0.0102319717407227 -0.214202880859375 -0.418365478515625
0.000679016113281249 0.0280246734619141 0.2027587890625 -0.6407470703125
-0.0233612060546875 0.0196495056152344 0.78643798828125 -0.14141845703125
-0.0189704895019531 -0.00785255432128906 0.69903564453125 0.68695068359375
0.0247955322265625 0.0527763366699219 0.0836181640625001 0.7252197265625
0.00851440429687501 0.0776138305664063 0.0308609008789063 0.0874404907226563
0.0249404907226563 0.048492431640625 0.01513671875 -0.6519775390625
0.0197086334228516 -0.00215911865234375 -0.677001953125 -0.6854248046875
-0.00756931304931641 0.000557899475097655 -0.84808349609375 0.19696044921875
-0.0105514526367188 0.0139064788818359 -0.2012939453125 0.6370849609375
-0.00175285339355469 0.0101642608642578 0.249542236328125 0.40887451171875
-0.00504302978515625 0.0222320556640625 0.337371826171875 -0.038238525390625
-0.00812816619873047 0.0117282867431641 0.1971435546875 -0.289794921875
-0.0348892211914063 -0.001922607421875 -0.110076904296875 0.274795532226563
-0.00275516510009766 -0.00120735168457031 -0.251922607421875 -0.019134521484375
-0.000118732452392578 -0.00514078140258789 -0.18212890625 -0.441925048828125
0.00731372833251953 0.013636589050293 0.26080322265625 -0.623779296875
-0.0149860382080078 0.0169172286987305 0.80828857421875 -0.06512451171875
-0.0163240432739258 0.00135421752929687 0.64666748046875 0.75
0.0172462463378906 0.0626411437988281 0.03729248046875 0.71307373046875
-0.000732421874999999 0.08056640625 0.037750244140625 0.0528755187988281
0.019989013671875 0.05474853515625 -0.03094482421875 -0.667724609375
0.0213909149169922 0.00102615356445313 -0.7296142578125 -0.623046875
0.00214147567749023 -0.00344944000244141 -0.8106689453125 0.2679443359375
-0.00322675704956055 -0.000914096832275391 -0.1370849609375 0.64276123046875
-0.00184488296508789 -0.00568246841430664 0.282470703125 0.379913330078125
-0.0106182098388672 0.0144443511962891 0.34246826171875 -0.060272216796875
-0.0108804702758789 0.0101661682128906 0.194366455078125 -0.294586181640625
-0.0345630645751953 -0.00167655944824218 -0.113906860351562 0.27044677734375
-0.00557136535644531 -0.010951042175293 -0.248855590820313 -0.0367889404296875
0.00159645080566406 -0.0214653015136719 -0.1572265625 -0.45709228515625
0.0180492401123047 0.000368118286132813 0.3076171875 -0.60382080078125
-0.00654697418212891 0.0139493942260742 0.82080078125 -0.000854492187499999
-0.0193557739257813 0.00435638427734375 0.5946044921875 0.7962646484375
0.009185791015625 0.0597457885742187 -0.000244140625000034 0.693115234375
-0.00357818603515624 0.0721206665039062 0.04681396484375 0.0173149108886719
0.0130119323730469 0.0500869750976563 -0.0670776367187499 -0.68438720703125
0.0204143524169922 -0.000242233276367188 -0.76251220703125 -0.5718994140625
0.00859451293945313 -0.0107040405273438 -0.773193359375 0.322265625
0.000137329101562501 -0.016505241394043 -0.0876464843750001 0.63983154296875
-0.00396537780761719 -0.0212936401367187 0.305206298828125 0.35595703125
-0.0151472091674805 0.00521373748779297 0.341705322265625 -0.07855224609375
-0.011265754699707 0.00799465179443359 0.18865966796875 -0.298309326171875
-0.0318641662597656 -0.00318336486816406 -0.1212158203125 0.267425537109375
-0.00727272033691406 -0.0207843780517578 -0.253128051757812 -0.0486907958984375
0.004730224609375 -0.0354728698730469 -0.1455078125 -0.468536376953125
0.0296611785888672 -0.0107250213623047 0.33770751953125 -0.59039306640625
0.000931739807128906 0.0103483200073242 0.82684326171875 0.04339599609375
-0.0229473114013672 -0.000577926635742187 0.55743408203125 0.82012939453125
0.00423812866210937 0.0444145202636719 -0.0211791992187499 0.671630859375
-0.00172805786132812 0.0527000427246094 0.0568313598632813 -0.0109291076660156
0.00699234008789062 0.0380210876464844 -0.09320068359375 -0.69952392578125
0.0168657302856445 -0.00448989868164063 -0.78411865234375 -0.54071044921875
0.0152997970581055 -0.0175056457519531 -0.74578857421875 0.35498046875
0.00232315063476563 -0.0294685363769531 -0.0560913085937501 0.63787841796875
-0.00640869140625 -0.0365486145019531 0.315032958984375 0.338836669921875
-0.0191535949707031 -0.00492477416992188 0.336639404296875 -0.088226318359375
-0.00883102416992188 0.00645637512207031 0.178497314453125 -0.299591064453125
-0.0263595581054688 -0.00407791137695312 -0.131134033203125 0.266860961914063
-0.00759315490722656 -0.0306434631347656 -0.260482788085937 -0.0518798828125
0.00641632080078125 -0.0465240478515625 -0.143585205078125 -0.4747314453125
0.0376625061035156 -0.0177993774414063 0.34979248046875 -0.584716796875
0.00554847717285156 0.0056920051574707 0.82989501953125 0.05950927734375
-0.0298557281494141 -0.0129909515380859 0.5413818359375 0.822998046875
0.00457763671875 0.0192432403564453 -0.0269775390625 0.65228271484375
0.00635528564453125 0.0247936248779297 0.0661430358886719 -0.0322952270507813
-0.000411987304687498 0.0184078216552734 -0.10076904296875 -0.71405029296875
0.0102148056030273 -0.0128288269042969 -0.79156494140625 -0.52947998046875
0.0185909271240234 -0.0240230560302734 -0.734375 0.36676025390625
0.00468063354492188 -0.0376701354980469 -0.0440673828125001 0.63507080078125
-0.00932693481445313 -0.0463943481445312 0.318115234375 0.33306884765625
-0.0207786560058594 -0.0130825042724609 0.331329345703125 -0.089141845703125
-0.00390529632568359 0.00446462631225586 0.1678466796875 -0.30047607421875
-0.0178852081298828 -0.00566482543945312 -0.143585205078125 0.268051147460938
-0.0077972412109375 -0.0371513366699219 -0.272964477539062 -0.05096435546875
0.00741195678710938 -0.0509109497070313 -0.149169921875 -0.475372314453125
0.0395889282226563 -0.0206985473632813 0.3487548828125 -0.585693359375
0.00362777709960938 -5.36441802978516E-05 0.83258056640625 0.05963134765625
-0.0382461547851563 -0.0326614379882812 0.539306640625 0.81640625
0.0083627700805664 -0.0151224136352539 -0.0228271484375 0.63543701171875
0.0223674774169922 -0.0122585296630859 0.0766372680664063 -0.04718017578125
-0.0057821273803711 -0.0106267929077148 -0.10101318359375 -0.72747802734375
8.20159912109368E-05 -0.0245723724365234 -0.7913818359375 -0.5313720703125
0.0172557830810547 -0.0266475677490234 -0.7318115234375 0.3671875
0.00598907470703125 -0.0397720336914063 -0.0423583984375 0.63507080078125
-0.00978469848632812 -0.0508766174316406 0.3145751953125 0.333221435546875
-0.0201568603515625 -0.0197830200195313 0.320892333984375 -0.085174560546875
0.00300216674804688 0.00219249725341797 0.155242919921875 -0.299163818359375
-0.00916004180908203 -0.00733375549316406 -0.154144287109375 0.273345947265625
-0.00682449340820313 -0.0391349792480469 -0.287872314453125 -0.036956787109375
0.00457382202148438 -0.0486373901367188 -0.17657470703125 -0.46466064453125
0.0355873107910156 -0.0175590515136719 0.31475830078125 -0.6024169921875
-0.0030817985534668 -0.0049128532409668 0.82672119140625 0.0072021484375
-0.0491523742675781 -0.0558586120605469 0.57757568359375 0.773193359375
0.0126533508300781 -0.0555610656738281 0.00616455078125004 0.630126953125
0.0443496704101562 -0.0541572570800781 0.079345703125 -0.0385208129882812
-0.00756072998046875 -0.0467185974121094 -0.0733642578125 -0.73040771484375
-0.0124359130859375 -0.04010009765625 -0.7686767578125 -0.57623291015625
0.0123672485351562 -0.0265731811523438 -0.7576904296875 0.330810546875
0.00840377807617188 -0.0360641479492188 -0.0767822265625001 0.63922119140625
-0.00836944580078125 -0.0501251220703125 0.29486083984375 0.353271484375
-0.0171108245849609 -0.0235042572021484 0.313934326171875 -0.069549560546875
0.010589599609375 0.00100994110107422 0.147125244140625 -0.2982177734375
-0.0243263244628906 -0.000627517700195318 -0.1119384765625 0.28253173828125
0.00805091857910156 0.0122385025024414 -0.269485473632812 0.0229034423828125
0.00156021118164063 0.0213737487792969 -0.24945068359375 -0.39599609375
-0.00243759155273437 0.0417289733886719 0.13714599609375 -0.6561279296875
-0.030609130859375 0.0241947174072266 0.76251220703125 -0.2186279296875
-0.0261993408203125 -0.0193271636962891 0.75799560546875 0.61846923828125
0.0296173095703125 0.0325565338134766 0.134765625 0.73223876953125
0.0225143432617187 0.0622215270996094 0.028778076171875 0.118141174316406
0.0296764373779297 0.0341396331787109 0.05743408203125 -0.6395263671875
0.017364501953125 -0.0116825103759766 -0.6324462890625 -0.74993896484375
-0.0173225402832031 0.000864982604980472 -0.8865966796875 0.12725830078125
-0.0182209014892578 0.0261878967285156 -0.26263427734375 0.6373291015625
-0.00465774536132813 0.0233516693115234 0.2183837890625 0.437591552734375
-4.76837158203117E-05 0.0292587280273437 0.331756591796875 -0.01678466796875
-0.00206375122070313 0.0112876892089844 0.194244384765625 -0.2882080078125
-0.0304641723632812 -0.00198554992675781 -0.109375 0.281402587890625
0.00112438201904297 0.00684022903442383 -0.259841918945313 0.0046539306640625
-0.000297546386718751 0.0103416442871094 -0.2196044921875 -0.422698974609375
0.000797271728515622 0.0285778045654297 0.1998291015625 -0.64581298828125
-0.0238761901855469 0.0197296142578125 0.7918701171875 -0.14715576171875
-0.0190849304199219 -0.00683784484863282 0.71185302734375 0.68701171875
0.0254020690917969 0.0536422729492188 0.0905151367187501 0.7281494140625
0.00971221923828124 0.0777587890625 0.0326385498046875 0.0874786376953125
0.0253715515136719 0.0491600036621094 0.010009765625 -0.6561279296875
0.0203189849853516 -0.00317573547363281 -0.68780517578125 -0.6844482421875
-0.00808429718017578 0.000202655792236328 -0.85455322265625 0.2052001953125
-0.0101394653320312 0.0140008926391602 -0.19964599609375 0.6470947265625
-0.00164508819580078 0.0109958648681641 0.255279541015625 0.411590576171875
-0.00451850891113281 0.0235137939453125 0.33941650390625 -0.040130615234375
-0.00696754455566406 0.010371208190918 0.197265625 -0.29339599609375
-0.0338344573974609 -0.00136947631835937 -0.1092529296875 0.276779174804688
-0.00297641754150391 -0.000146865844726562 -0.253616333007813 -0.0189056396484375
-0.000284671783447266 -0.0043332576751709 -0.18798828125 -0.44476318359375
0.00844573974609375 0.0139551162719727 0.25677490234375 -0.62835693359375
-0.0148067474365234 0.0171060562133789 0.81512451171875 -0.07012939453125
-0.0182170867919922 0.0016937255859375 0.6573486328125 0.7493896484375
0.0178794860839844 0.0628547668457031 0.0411987304687501 0.71746826171875
-0.000251770019531251 0.0819244384765625 0.0387954711914063 0.0523033142089844
0.0200080871582031 0.0556221008300781 -0.03521728515625 -0.67279052734375
0.0222320556640625 0.00117683410644531 -0.74053955078125 -0.62274169921875
0.00206542015075684 -0.00436520576477051 -0.8155517578125 0.2760009765625
-0.0045771598815918 -0.0017242431640625 -0.13568115234375 0.65032958984375
-0.00147151947021484 -0.00543022155761719 0.28619384765625 0.3829345703125
-0.00974273681640625 0.0151767730712891 0.345123291015625 -0.063446044921875
-0.0102157592773437 0.00942134857177735 0.194732666015625 -0.298065185546875
-0.0342025756835938 -0.000574111938476564 -0.112625122070313 0.272567749023438
-0.00463962554931641 -0.00929641723632813 -0.251953125 -0.03692626953125
0.00187301635742187 -0.0211963653564453 -0.1636962890625 -0.461181640625
0.0191726684570313 -0.000116348266601563 0.305419921875 -0.60992431640625
-0.00635242462158203 0.0136404037475586 0.82708740234375 -0.00506591796875
-0.0195159912109375 0.00481986999511719 0.60516357421875 0.79888916015625
0.0109634399414063 0.0603981018066406 0.00555419921874992 0.69769287109375
-0.00405120849609374 0.0732421875 0.0478096008300781 0.0176124572753906
0.01336669921875 0.0510520935058594 -0.0737915039062499 -0.6885986328125
0.0209941864013672 -0.000688552856445313 -0.7738037109375 -0.5703125
0.00927925109863281 -0.0109148025512695 -0.7791748046875 0.330322265625
-0.000596046447753908 -0.0167903900146484 -0.08489990234375 0.64697265625
-0.00392913818359375 -0.0221500396728516 0.30999755859375 0.356231689453125
-0.0156717300415039 0.00523567199707031 0.344146728515625 -0.0811767578125
-0.01043701171875 0.00775337219238281 0.187744140625 -0.3028564453125
-0.0310516357421875 -0.00160408020019531 -0.119400024414062 0.270065307617188
-0.00643348693847656 -0.0206470489501953 -0.255844116210938 -0.047271728515625
0.0044097900390625 -0.0361862182617188 -0.14874267578125 -0.4713134765625
0.0289764404296875 -0.0111770629882813 0.3345947265625 -0.5975341796875
0.00106048583984375 0.0100183486938477 0.833740234375 0.03863525390625
-0.0247859954833984 0.000125885009765622 0.56622314453125 0.82244873046875
0.00470733642578125 0.044525146484375 -0.0166625976562501 0.67376708984375
-0.000488281250000002 0.0524177551269531 0.0573081970214844 -0.0114059448242187
0.007293701171875 0.0383682250976563 -0.09796142578125 -0.70330810546875
0.0163764953613281 -0.005462646484375 -0.795166015625 -0.537109375
0.0155525207519531 -0.0192985534667969 -0.75006103515625 0.36328125
0.00250816345214843 -0.0295333862304688 -0.05340576171875 0.64483642578125
-0.00655364990234375 -0.036346435546875 0.32049560546875 0.340667724609375
-0.0189876556396484 -0.00393867492675782 0.33941650390625 -0.0911865234375
-0.00824165344238281 0.00625753402709961 0.1776123046875 -0.3040771484375
-0.0247764587402344 -0.00428199768066406 -0.12969970703125 0.268783569335938
-0.00798606872558594 -0.0298881530761719 -0.262908935546875 -0.051422119140625
0.00556564331054687 -0.0468025207519531 -0.148956298828125 -0.477813720703125
0.0370521545410156 -0.0185623168945313 0.34893798828125 -0.59027099609375
0.00565147399902344 0.00585269927978516 0.83660888671875 0.05377197265625
-0.0307121276855469 -0.0129280090332031 0.55255126953125 0.826171875
0.00505447387695313 0.0195217132568359 -0.02337646484375 0.65576171875
0.00747108459472656 0.0250320434570313 0.0672035217285156 -0.0322227478027344
0.000181198120117187 0.0193748474121094 -0.106201171875 -0.71826171875
0.0104246139526367 -0.0127086639404297 -0.7999267578125 -0.52740478515625
0.0187473297119141 -0.0240345001220703 -0.740478515625 0.37237548828125
0.00425338745117188 -0.03826904296875 -0.0401611328125 0.642333984375
-0.00960922241210937 -0.0461997985839844 0.3214111328125 0.33489990234375
-0.020965576171875 -0.0131797790527344 0.33380126953125 -0.092315673828125
-0.00325465202331543 0.00356078147888184 0.166229248046875 -0.305206298828125
-0.0163669586181641 -0.00529575347900391 -0.142471313476563 0.270904541015625
-0.0074310302734375 -0.0361251831054688 -0.27520751953125 -0.0501708984375
0.006256103515625 -0.0510711669921875 -0.154052734375 -0.47869873046875
0.0393295288085938 -0.0206413269042969 0.3487548828125 -0.59344482421875
0.00288796424865723 -0.000322580337524414 0.83917236328125 0.05517578125
-0.0391082763671875 -0.03271484375 0.55035400390625 0.816650390625
0.00864505767822265 -0.0153121948242188 -0.01953125 0.63739013671875
0.0229568481445313 -0.0124397277832031 0.0766754150390625 -0.0476531982421875
-0.0057373046875 -0.0102529525756836 -0.1063232421875 -0.72979736328125
-0.000169754028320311 -0.0248584747314453 -0.80047607421875 -0.5311279296875
0.0172519683837891 -0.0272731781005859 -0.73504638671875 0.375732421875
0.00601577758789063 -0.0405311584472656 -0.0380859374999999 0.6431884765625
-0.0103912353515625 -0.0511627197265625 0.31927490234375 0.334014892578125
-0.0199394226074219 -0.020172119140625 0.32421875 -0.088287353515625
0.00358128547668457 0.00116729736328125 0.154449462890625 -0.303314208984375
-0.00832796096801758 -0.00687313079833984 -0.154266357421875 0.27587890625
-0.0064697265625 -0.0381851196289063 -0.290924072265625 -0.0358581542968749
0.00325775146484375 -0.0475807189941406 -0.18292236328125 -0.4674072265625
0.0351791381835938 -0.0183753967285156 0.31231689453125 -0.606201171875
-0.00333070755004883 -0.00478887557983399 0.83367919921875 0.0028076171875
-0.05029296875 -0.0559310913085938 0.58642578125 0.7733154296875
0.0125923156738281 -0.0562515258789063 0.00994873046874997 0.63336181640625
0.0449333190917969 -0.0556793212890625 0.0789108276367188 -0.0391693115234375
-0.00873565673828125 -0.0461959838867188 -0.0777587890624999 -0.7364501953125
-0.012786865234375 -0.0402336120605469 -0.7796630859375 -0.57403564453125
0.0114574432373047 -0.0270442962646484 -0.7618408203125 0.33917236328125
0.00729751586914062 -0.0367050170898438 -0.07379150390625 0.64501953125
-0.00820922851562499 -0.0502853393554687 0.3001708984375 0.354156494140625
-0.016754150390625 -0.0239925384521484 0.316162109375 -0.07293701171875
0.011174201965332 -9.72747802734375E-05 0.145416259765625 -0.30157470703125
-0.0241851806640625 -0.000856399536132814 -0.108612060546875 0.2850341796875
0.00745964050292969 0.0125398635864258 -0.272109985351563 0.0238494873046875
0.00208091735839844 0.0221538543701172 -0.2554931640625 -0.3974609375
-0.00186538696289062 0.0420036315917969 0.13311767578125 -0.66094970703125
-0.0305290222167969 0.0240879058837891 0.764892578125 -0.22662353515625
-0.0270595550537109 -0.0190029144287109 0.7689208984375 0.6143798828125
0.0306034088134766 0.0337200164794922 0.14312744140625 0.73577880859375
0.0234909057617187 0.0621070861816406 0.0306167602539063 0.117950439453125
0.0302543640136719 0.0341567993164063 0.052978515625 -0.6451416015625
0.0179939270019531 -0.0128879547119141 -0.64483642578125 -0.7486572265625
-0.0175056457519531 0.00115299224853515 -0.8929443359375 0.13726806640625
-0.0187816619873047 0.0260334014892578 -0.26116943359375 0.6455078125
-0.00458908081054687 0.0241870880126953 0.22344970703125 0.439605712890625
0.000810623168945315 0.0298976898193359 0.33343505859375 -0.02044677734375
-0.00208950042724609 0.0103397369384766 0.192596435546875 -0.293212890625
-0.0295448303222656 -0.00103569030761718 -0.106781005859375 0.28399658203125
0.000922203063964843 0.00766658782958984 -0.261611938476563 0.00617980957031253
-0.000675201416015626 0.0114307403564453 -0.22479248046875 -0.42333984375
0.00142097473144531 0.0283164978027344 0.1934814453125 -0.65179443359375
-0.0242729187011719 0.0208549499511719 0.79522705078125 -0.1541748046875
-0.0210113525390625 -0.00600624084472657 0.721923828125 0.68585205078125
0.0264968872070313 0.0537605285644531 0.09552001953125 0.73272705078125
0.0109710693359375 0.0783462524414063 0.0325469970703125 0.0887832641601563
0.0258903503417969 0.0495758056640625 0.00543212890625004 -0.66119384765625
0.0208053588867188 -0.00340652465820313 -0.69927978515625 -0.682373046875
-0.00697422027587891 0.000282764434814454 -0.85992431640625 0.2138671875
-0.0102176666259766 0.014129638671875 -0.19561767578125 0.65435791015625
-0.0025634765625 0.0108022689819336 0.25933837890625 0.412567138671875
-0.0040283203125 0.0240440368652344 0.342254638671875 -0.043914794921875
-0.00621986389160156 0.0103282928466797 0.194610595703125 -0.29827880859375
-0.0329093933105469 0.000310897827148433 -0.106002807617188 0.279678344726563
-0.00192296504974365 0.000355362892150879 -0.254959106445313 -0.017730712890625
-0.00115251541137695 -0.00361394882202148 -0.1942138671875 -0.447662353515625
0.00889492034912109 0.0133829116821289 0.25250244140625 -0.6336669921875
-0.0157709121704102 0.0172176361083984 0.818115234375 -0.078857421875
-0.0182342529296875 0.00210952758789063 0.66961669921875 0.7503662109375
0.0190391540527344 0.0637359619140625 0.0487060546875 0.7205810546875
0.00135040283203124 0.0825347900390625 0.0392646789550781 0.0526580810546875
0.02056884765625 0.0560951232910156 -0.041015625 -0.676513671875
0.0222568511962891 0.0002593994140625 -0.75006103515625 -0.6197509765625
0.0021669864654541 -0.00437355041503906 -0.8206787109375 0.2862548828125
-0.00493574142456055 -0.00169610977172852 -0.13043212890625 0.65826416015625
-0.00185012817382813 -0.00460958480834961 0.291473388671875 0.382659912109375
-0.00962066650390625 0.0152206420898437 0.346160888671875 -0.0670166015625
-0.00934314727783203 0.00901222229003906 0.193328857421875 -0.302703857421875
-0.0330295562744141 -0.000461578369140625 -0.10980224609375 0.27471923828125
-0.0050349235534668 -0.0084834098815918 -0.253570556640625 -0.0346221923828125
0.000707626342773438 -0.02093505859375 -0.170013427734375 -0.463714599609375
0.0185832977294922 0.000169754028320313 0.30072021484375 -0.6170654296875
-0.00675106048583984 0.0135459899902344 0.83184814453125 -0.01226806640625
-0.0208053588867188 0.00514602661132813 0.61566162109375 0.79705810546875
0.0116348266601563 0.0610694885253906 0.0104980468750001 0.700439453125
-0.001861572265625 0.0732192993164063 0.0474166870117187 0.0170021057128906
0.0145683288574219 0.0519485473632812 -0.0792236328124999 -0.69287109375
0.0205459594726562 -0.00155258178710937 -0.78460693359375 -0.56817626953125
0.00900554656982422 -0.0117216110229492 -0.7821044921875 0.34002685546875
-0.000467300415039062 -0.0166149139404297 -0.0797729492187501 0.654296875
-0.00404930114746094 -0.0213108062744141 0.31500244140625 0.3560791015625
-0.0146617889404297 0.00681018829345703 0.34588623046875 -0.084930419921875
-0.0105228424072266 0.00737667083740234 0.186370849609375 -0.30694580078125
-0.0299205780029297 -0.00196266174316406 -0.117355346679688 0.272384643554688
-0.00684356689453125 -0.019439697265625 -0.25811767578125 -0.0465240478515625
0.00371932983398437 -0.0362014770507813 -0.1556396484375 -0.473968505859375
0.028961181640625 -0.0118770599365234 0.3304443359375 -0.60296630859375
0.000366210937500001 0.0105266571044922 0.837890625 0.0321044921875
-0.0255775451660156 0.000276565551757814 0.5789794921875 0.8226318359375
0.006134033203125 0.04534912109375 -0.01202392578125 0.67901611328125
-0.000415802001953124 0.0522804260253906 0.0569610595703125 -0.0125389099121094
0.00722503662109375 0.0392532348632813 -0.10369873046875 -0.7103271484375
0.016606330871582 -0.00627040863037109 -0.8055419921875 -0.534423828125
0.0143032073974609 -0.0194282531738281 -0.75250244140625 0.37286376953125
0.00105476379394531 -0.0292472839355469 -0.0465087890625 0.65203857421875
-0.00738906860351562 -0.035247802734375 0.3258056640625 0.339508056640625
-0.0187931060791016 -0.00341606140136719 0.341339111328125 -0.09539794921875
-0.00770759582519531 0.0058283805847168 0.175567626953125 -0.308013916015625
-0.0238704681396484 -0.00302886962890625 -0.127792358398437 0.2711181640625
-0.00736045837402344 -0.0289554595947266 -0.267059326171875 -0.0505523681640625
0.00544357299804687 -0.0468864440917969 -0.1552734375 -0.481292724609375
0.0362052917480469 -0.0201187133789063 0.34515380859375 -0.5972900390625
0.00414180755615234 0.00586223602294922 0.8431396484375 0.04766845703125
-0.0324363708496094 -0.0115947723388672 0.56085205078125 0.82733154296875
0.00504112243652344 0.0193080902099609 -0.01959228515625 0.6588134765625
0.00867271423339844 0.0243415832519531 0.0676307678222656 -0.0334739685058594
0.000341415405273438 0.0192852020263672 -0.11163330078125 -0.72296142578125
0.0104379653930664 -0.0133180618286133 -0.81109619140625 -0.52447509765625
0.0188179016113281 -0.0247802734375 -0.7415771484375 0.38232421875
0.00333404541015625 -0.0386543273925781 -0.0350341796875 0.6492919921875
-0.00976181030273437 -0.0463027954101563 0.327972412109375 0.333648681640625
-0.0206260681152344 -0.0124721527099609 0.334991455078125 -0.09619140625
-0.00312972068786621 0.00360798835754395 0.163909912109375 -0.30841064453125
-0.0164070129394531 -0.00547027587890625 -0.140869140625 0.273941040039063
-0.00705337524414063 -0.03594970703125 -0.278533935546875 -0.048980712890625
0.00586700439453125 -0.0509223937988281 -0.161041259765625 -0.4818115234375
0.0390892028808594 -0.0219917297363281 0.3446044921875 -0.60009765625
0.00272703170776367 6.17504119873047E-05 0.84344482421875 0.0472412109375
-0.0404853820800781 -0.0314140319824219 0.5592041015625 0.8167724609375
0.00854015350341797 -0.0157098770141602 -0.01336669921875 0.64031982421875
0.0232753753662109 -0.0131950378417969 0.0761260986328125 -0.048828125
-0.00543498992919922 -0.0102338790893555 -0.1134033203125 -0.73553466796875
-8.96453857421882E-05 -0.0254459381103516 -0.81243896484375 -0.52752685546875
0.0168704986572266 -0.0284023284912109 -0.73883056640625 0.38616943359375
0.00540924072265626 -0.0416069030761719 -0.0327148437499999 0.64892578125
-0.0107994079589844 -0.0508041381835938 0.324371337890625 0.334259033203125
-0.0206584930419922 -0.0189037322998047 0.325592041015625 -0.092071533203125
0.00478506088256836 0.000767707824707031 0.1524658203125 -0.306854248046875
-0.00710010528564453 -0.0066986083984375 -0.151138305664063 0.277587890625
-0.0066680908203125 -0.0383148193359375 -0.29388427734375 -0.033294677734375
0.00318145751953125 -0.0476531982421875 -0.188568115234375 -0.470428466796875
0.0350933074951172 -0.0189971923828125 0.30859375 -0.61444091796875
-0.00469446182250976 -0.00558996200561524 0.83843994140625 -0.0035400390625
-0.0521278381347656 -0.055389404296875 0.59857177734375 0.7750244140625
0.0133934020996094 -0.0569801330566406 0.015869140625 0.6376953125
0.0436935424804688 -0.05694580078125 0.0793609619140625 -0.0399246215820313
-0.00903701782226562 -0.0457763671875 -0.0859985351562499 -0.73956298828125
-0.0133705139160156 -0.0406837463378906 -0.78973388671875 -0.573486328125
0.0119514465332031 -0.0284957885742187 -0.76416015625 0.34881591796875
0.00738143920898438 -0.0369720458984375 -0.0687866210937499 0.65289306640625
-0.00854873657226562 -0.0499725341796875 0.305084228515625 0.354644775390625
-0.0170440673828125 -0.0230960845947266 0.31793212890625 -0.0750732421875
0.0113010406494141 -0.00057220458984375 0.14398193359375 -0.30572509765625
-0.0230369567871094 -0.00048446655273438 -0.1060791015625 0.28729248046875
0.00832939147949219 0.0138120651245117 -0.274505615234375 0.0263977050781249
0.00161170959472656 0.0221920013427734 -0.262054443359375 -0.396942138671875
-0.000881195068359373 0.0415077209472656 0.1259765625 -0.66632080078125
-0.0310764312744141 0.0243663787841797 0.76531982421875 -0.2362060546875
-0.0293312072753906 -0.0176982879638672 0.780517578125 0.60894775390625
0.0311908721923828 0.0337505340576172 0.150634765625 0.7369384765625
0.0244979858398437 0.0622901916503906 0.0310897827148438 0.118743896484375
0.0309314727783203 0.0351104736328125 0.0460205078125 -0.64959716796875
0.0178604125976562 -0.0127143859863281 -0.65472412109375 -0.7481689453125
-0.0168552398681641 0.00112342834472656 -0.8985595703125 0.14862060546875
-0.0182476043701172 0.0272941589355469 -0.25714111328125 0.65386962890625
-0.00369834899902343 0.0246753692626953 0.2294921875 0.44171142578125
0.000289916992187501 0.0306015014648437 0.3355712890625 -0.02410888671875
-0.00142383575439453 0.0106220245361328 0.19110107421875 -0.297393798828125
-0.0285930633544922 0.000614166259765629 -0.103515625 0.285919189453125
0.00166845321655273 0.00840234756469727 -0.262954711914063 0.00817871093750003
-0.000146865844726563 0.0111379623413086 -0.231353759765625 -0.425537109375
0.00136756896972656 0.0285301208496094 0.18817138671875 -0.65753173828125
-0.024658203125 0.0208702087402344 0.797607421875 -0.1614990234375
-0.0219154357910156 -0.00600433349609375 0.73626708984375 0.68194580078125
0.0275726318359375 0.0537681579589844 0.104736328125 0.736083984375
0.0115814208984375 0.0784378051757813 0.0344390869140625 0.08837890625
0.0266265869140625 0.0504951477050781 -0.000427246093749926 -0.66412353515625
0.0213451385498047 -0.00412559509277344 -0.7108154296875 -0.6815185546875
-0.00659942626953125 -8.05854797363275E-05 -0.86492919921875 0.224853515625
-0.0105447769165039 0.0143089294433594 -0.19036865234375 0.6622314453125
-0.0021209716796875 0.0116100311279297 0.26629638671875 0.412872314453125
-0.00348091125488281 0.0249080657958984 0.34332275390625 -0.04693603515625
-0.00591182708740235 0.0104703903198242 0.19244384765625 -0.302001953125
-0.0317668914794922 0.00121688842773437 -0.103729248046875 0.280868530273438
-0.00181961059570312 0.00223445892333984 -0.257705688476563 -0.0154571533203125
-0.00130105018615723 -0.0034027099609375 -0.20208740234375 -0.4483642578125
0.00898551940917969 0.0136175155639648 0.2476806640625 -0.64044189453125
-0.0162830352783203 0.0173120498657227 0.82220458984375 -0.0863037109375
-0.0197086334228516 0.00306129455566406 0.68084716796875 0.74639892578125
0.0201759338378906 0.0640029907226563 0.05718994140625 0.72198486328125
0.00238800048828125 0.0830841064453125 0.0407218933105469 0.0525741577148438
0.0216102600097656 0.0561103820800781 -0.04608154296875 -0.6807861328125
0.0222015380859375 -0.00029754638671875 -0.76123046875 -0.61627197265625
0.00197124481201172 -0.0051579475402832 -0.82330322265625 0.2967529296875
-0.00410771369934082 -0.00161409378051758 -0.1265869140625 0.66552734375
-0.00218486785888672 -0.00461626052856445 0.297760009765625 0.3829345703125
-0.00925350189208984 0.0157022476196289 0.347808837890625 -0.070892333984375
-0.00942516326904297 0.00935459136962891 0.19012451171875 -0.307281494140625
-0.0321235656738281 0.00092697143554687 -0.107177734375 0.276931762695313
-0.00463438034057617 -0.00750732421875 -0.25653076171875 -0.0341033935546875
-2.47955322265621E-05 -0.0203075408935547 -0.176483154296875 -0.4649658203125
0.0192279815673828 -0.000621795654296875 0.2960205078125 -0.6221923828125
-0.00710201263427735 0.0142278671264648 0.83734130859375 -0.02008056640625
-0.0212936401367187 0.00600814819335938 0.62744140625 0.79638671875
0.0120506286621094 0.0609092712402344 0.0183715820312499 0.70367431640625
-0.001739501953125 0.073699951171875 0.0482292175292969 0.0164947509765625
0.0152969360351562 0.0519027709960938 -0.0853271484375 -0.69598388671875
0.0216770172119141 -0.0020599365234375 -0.7952880859375 -0.56219482421875
0.00982379913330078 -0.0131139755249023 -0.78277587890625 0.35186767578125
-0.00162792205810547 -0.0171489715576172 -0.0736083984375 0.661865234375
-0.00489044189453125 -0.0213127136230469 0.320831298828125 0.3555908203125
-0.0144720077514648 0.0072479248046875 0.346771240234375 -0.089569091796875
-0.0096282958984375 0.00726604461669922 0.18328857421875 -0.31103515625
-0.0291290283203125 -0.000226974487304689 -0.114105224609375 0.274032592773438
-0.00684738159179687 -0.0183181762695313 -0.260360717773437 -0.045135498046875
0.00315093994140625 -0.0359001159667969 -0.162750244140625 -0.47576904296875
0.0293865203857422 -0.0126113891601563 0.32647705078125 -0.610595703125
-0.000157356262207032 0.0101108551025391 0.84490966796875 0.02459716796875
-0.0264339447021484 0.00178146362304687 0.59136962890625 0.8226318359375
0.00741958618164063 0.0454177856445313 -0.00433349609375001 0.68243408203125
0.000690460205078127 0.05303955078125 0.05755615234375 -0.0134315490722656
0.00782394409179688 0.0387840270996094 -0.1114501953125 -0.71099853515625
0.0170526504516602 -0.00599384307861328 -0.8170166015625 -0.5294189453125
0.0144615173339844 -0.0202713012695313 -0.75384521484375 0.3826904296875
0.00108528137207031 -0.0301322937011719 -0.0418701171875 0.65740966796875
-0.00768280029296875 -0.0360450744628906 0.33087158203125 0.3385009765625
-0.0191555023193359 -0.00313568115234375 0.341796875 -0.098968505859375
-0.00765275955200195 0.00479030609130859 0.173309326171875 -0.312469482421875
-0.0233268737792969 -0.00257492065429687 -0.124526977539062 0.273605346679688
-0.00747299194335938 -0.0277843475341797 -0.269393920898438 -0.04876708984375
0.00529098510742188 -0.0469207763671875 -0.16058349609375 -0.481719970703125
0.0363388061523437 -0.0202178955078125 0.3402099609375 -0.6029052734375
0.00332403182983398 0.0055384635925293 0.84906005859375 0.0419921875
-0.0328235626220703 -0.0108108520507812 0.5738525390625 0.82684326171875
0.00670814514160156 0.0203475952148438 -0.01104736328125 0.66229248046875
0.00829505920410156 0.02398681640625 0.0661773681640625 -0.0344200134277344
1.14440917968757E-05 0.0194206237792969 -0.12127685546875 -0.7259521484375
0.0101594924926758 -0.0140304565429688 -0.82269287109375 -0.5181884765625
0.0178050994873047 -0.0259876251220703 -0.7449951171875 0.3951416015625
0.00322341918945313 -0.0392990112304688 -0.0275268554687501 0.65447998046875
-0.0105743408203125 -0.0461273193359375 0.3336181640625 0.332550048828125
-0.0216598510742187 -0.0124950408935547 0.335540771484375 -0.101226806640625
-0.00275444984436035 0.00253391265869141 0.1612548828125 -0.312255859375
-0.014948844909668 -0.00482082366943359 -0.137939453125 0.275421142578125
-0.0071868896484375 -0.0348739624023438 -0.281341552734375 -0.04766845703125
0.0044708251953125 -0.051055908203125 -0.168792724609375 -0.4835205078125
0.0384750366210938 -0.0228843688964844 0.34075927734375 -0.6058349609375
0.0019916296005249 -0.000105738639831543 0.85125732421875 0.04010009765625
-0.0413780212402344 -0.03070068359375 0.57196044921875 0.8172607421875
0.00876522064208984 -0.0163021087646484 -0.00653076171874998 0.64398193359375
0.0234413146972656 -0.0138301849365234 0.0758132934570313 -0.050140380859375
-0.00566768646240234 -0.00977706909179688 -0.12127685546875 -0.7373046875
-0.000648498535156253 -0.0260467529296875 -0.82269287109375 -0.52349853515625
0.016510009765625 -0.0292606353759766 -0.740234375 0.39642333984375
0.0041351318359375 -0.0423316955566406 -0.0267333984375 0.6563720703125
-0.0118560791015625 -0.0513648986816406 0.33001708984375 0.332977294921875
-0.0200443267822266 -0.0190582275390625 0.32611083984375 -0.095977783203125
0.00462150573730469 -0.000285148620605469 0.149078369140625 -0.31109619140625
-0.0066380500793457 -0.00671768188476562 -0.14935302734375 0.281402587890625
-0.00603103637695313 -0.0376777648925781 -0.2974853515625 -0.031982421875
0.003021240234375 -0.0478515625 -0.19482421875 -0.471282958984375
0.0351676940917969 -0.0201492309570313 0.30352783203125 -0.62091064453125
-0.00507688522338867 -0.00524282455444336 0.84466552734375 -0.01202392578125
-0.0539093017578125 -0.0545005798339844 0.60906982421875 0.77197265625
0.0130729675292969 -0.0570869445800781 0.0223388671875 0.63934326171875
0.0437469482421875 -0.0575332641601562 0.079345703125 -0.0421142578125
-0.00904083251953125 -0.0468978881835938 -0.0938720703125 -0.7427978515625
-0.0136222839355469 -0.0415153503417969 -0.80078125 -0.56927490234375
0.0105152130126953 -0.0293312072753906 -0.76708984375 0.3592529296875
0.00690841674804688 -0.0381889343261719 -0.06243896484375 0.6591796875
-0.00995635986328125 -0.0498008728027344 0.31036376953125 0.352783203125
-0.0166301727294922 -0.0228729248046875 0.319854736328125 -0.08026123046875
0.012232780456543 -0.00119972229003906 0.14068603515625 -0.309906005859375
-0.0223121643066406 0.000301361083984378 -0.102752685546875 0.2899169921875
0.00876045227050781 0.0136251449584961 -0.275009155273437 0.02923583984375
0.00177764892578125 0.0231208801269531 -0.26934814453125 -0.398040771484375
-9.15527343750028E-05 0.0425071716308594 0.11944580078125 -0.6707763671875
-0.0306587219238281 0.0259628295898437 0.76788330078125 -0.24542236328125
-0.0305862426757813 -0.0176448822021484 0.79150390625 0.603759765625
0.0328559875488281 0.0331249237060547 0.15972900390625 0.73919677734375
0.0254364013671875 0.0621109008789062 0.0327682495117187 0.119049072265625
0.0310630798339844 0.0341396331787109 0.0391845703125 -0.652099609375
0.0182266235351563 -0.0138034820556641 -0.66705322265625 -0.74371337890625
-0.0170469284057617 0.000898361206054691 -0.9027099609375 0.160400390625
-0.0185794830322266 0.0277328491210938 -0.25 0.66259765625
-0.00459480285644531 0.0245933532714844 0.23626708984375 0.44134521484375
0.000946044921874997 0.030975341796875 0.3375244140625 -0.027435302734375
-0.000484466552734376 0.0105772018432617 0.18719482421875 -0.30157470703125
-0.0280418395996094 0.0010223388671875 -0.099761962890625 0.288116455078125
0.00139904022216797 0.00945377349853516 -0.265090942382813 0.010498046875
-0.000825881958007813 0.0124053955078125 -0.238555908203125 -0.425628662109375
0.00167274475097656 0.0280933380126953 0.180419921875 -0.6619873046875
-0.0252285003662109 0.0214595794677734 0.79962158203125 -0.17333984375
-0.0228500366210938 -0.00522804260253906 0.74847412109375 0.6785888671875
0.0284233093261719 0.0539169311523438 0.11334228515625 0.7364501953125
0.0131301879882813 0.0789718627929688 0.0348892211914062 0.0889968872070312
0.0272789001464844 0.0501937866210937 -0.00653076171874999 -0.66705322265625
0.0216426849365234 -0.00384140014648438 -0.7239990234375 -0.6785888671875
-0.00721025466918945 -0.000482082366943359 -0.86700439453125 0.2364501953125
-0.0103731155395508 0.0144519805908203 -0.18475341796875 0.67022705078125
-0.00219154357910156 0.012263298034668 0.271087646484375 0.412811279296875
-0.00244712829589844 0.0250186920166016 0.345489501953125 -0.052001953125
-0.0056753158569336 0.0103034973144531 0.189422607421875 -0.307098388671875
-0.0312118530273438 0.002166748046875 -0.099517822265625 0.283538818359375
-0.0019068717956543 0.00304484367370605 -0.259521484375 -0.01312255859375
-0.00144648551940918 -0.00290846824645996 -0.20855712890625 -0.44921875
0.0086669921875 0.0131635665893555 0.23907470703125 -0.64739990234375
-0.0166597366333008 0.0175685882568359 0.82647705078125 -0.09576416015625
-0.0198478698730469 0.00420570373535157 0.69488525390625 0.7421875
0.0210227966308594 0.0636787414550781 0.0651245117187501 0.7247314453125
0.00364685058593751 0.0833358764648438 0.0403556823730469 0.0522727966308594
0.0224685668945313 0.0555992126464844 -0.05712890625 -0.68408203125
0.0225067138671875 -0.0007171630859375 -0.7740478515625 -0.61163330078125
0.00235843658447266 -0.00611734390258789 -0.82598876953125 0.30938720703125
-0.00447750091552734 -0.00114154815673828 -0.1187744140625 0.67169189453125
-0.00190019607543945 -0.00479507446289063 0.303863525390625 0.381866455078125
-0.00871658325195313 0.0168666839599609 0.3482666015625 -0.075531005859375
-0.00881099700927734 0.0081167221069336 0.187103271484375 -0.311767578125
-0.0311985015869141 0.00205612182617188 -0.104080200195312 0.279281616210938
-0.00479507446289062 -0.006805419921875 -0.258941650390625 -0.0325927734375
0.000484466552734376 -0.0196857452392578 -0.1845703125 -0.4664306640625
0.0189266204833984 -0.00142669677734375 0.290283203125 -0.627685546875
-0.00736808776855469 0.0146732330322266 0.84039306640625 -0.03070068359375
-0.0218048095703125 0.00678253173828125 0.6412353515625 0.79437255859375
0.0134849548339844 0.0612640380859375 0.0267333984375001 0.70635986328125
-0.000671386718750001 0.0739669799804688 0.0483131408691406 0.0167655944824219
0.0159835815429688 0.0522537231445312 -0.0938720703125 -0.6986083984375
0.0212669372558594 -0.00223731994628906 -0.8074951171875 -0.55548095703125
0.00920963287353516 -0.0127344131469727 -0.7855224609375 0.36309814453125
-0.00100135803222656 -0.0177402496337891 -0.06494140625 0.66766357421875
-0.00506973266601563 -0.0209445953369141 0.325714111328125 0.35418701171875
-0.0142030715942383 0.00732517242431641 0.3482666015625 -0.0948486328125
-0.00870132446289063 0.00711345672607422 0.180816650390625 -0.314727783203125
-0.0281105041503906 0.000406265258789058 -0.11181640625 0.277069091796875
-0.00650978088378906 -0.0168333053588867 -0.263641357421875 -0.0435333251953125
0.0026702880859375 -0.0356483459472656 -0.169830322265625 -0.4774169921875
0.0288810729980469 -0.0133113861083984 0.320068359375 -0.61676025390625
-9.72747802734384E-05 0.0106430053710938 0.8482666015625 0.015625
-0.026397705078125 0.00294685363769532 0.60498046875 0.82122802734375
0.00838851928710938 0.0450096130371094 0.00207519531250006 0.68389892578125
0.0014190673828125 0.0532302856445313 0.0574264526367187 -0.013916015625
0.00796890258789063 0.0394172668457031 -0.11907958984375 -0.71466064453125
0.0170764923095703 -0.00682544708251953 -0.82659912109375 -0.5235595703125
0.0145645141601562 -0.0210933685302734 -0.75628662109375 0.39666748046875
0.000627517700195313 -0.0308895111083984 -0.0318603515625 0.6627197265625
-0.00876426696777344 -0.0349140167236328 0.337249755859375 0.338043212890625
-0.0184726715087891 -0.00339698791503907 0.342987060546875 -0.1038818359375
-0.00755691528320313 0.0048980712890625 0.16937255859375 -0.31634521484375
-0.0225830078125 -0.001861572265625 -0.121841430664063 0.277130126953125
-0.00807762145996094 -0.0274925231933594 -0.271560668945313 -0.0465545654296876
0.00374221801757813 -0.0464210510253906 -0.17022705078125 -0.483245849609375
0.0361442565917969 -0.0214385986328125 0.3349609375 -0.6097412109375
0.00364494323730469 0.00573825836181641 0.8536376953125 0.03179931640625
-0.0346012115478516 -0.00991439819335938 0.587158203125 0.82293701171875
0.0061798095703125 0.0198249816894531 -0.00549316406250002 0.66485595703125
0.00928115844726563 0.0242786407470703 0.0665473937988281 -0.0355339050292969
0.0008392333984375 0.0195693969726563 -0.12982177734375 -0.7286376953125
0.0100479125976563 -0.0148849487304688 -0.83270263671875 -0.51251220703125
0.0176029205322266 -0.0271968841552734 -0.74407958984375 0.40740966796875
0.00260162353515625 -0.0395240783691406 -0.02154541015625 0.66021728515625
-0.0110092163085937 -0.0453453063964844 0.338165283203125 0.331085205078125
-0.0212841033935547 -0.0115528106689453 0.336212158203125 -0.1044921875
-0.00229048728942871 0.00160765647888184 0.1591796875 -0.31610107421875
-0.0144214630126953 -0.00410270690917969 -0.134536743164063 0.278610229492188
-0.00653076171875 -0.0342903137207031 -0.2843017578125 -0.04559326171875
0.00501632690429687 -0.0507011413574219 -0.175933837890625 -0.483917236328125
0.0383338928222656 -0.0237579345703125 0.33502197265625 -0.614013671875
0.00165760517120361 -0.000824689865112305 0.85516357421875 0.0321044921875
-0.04339599609375 -0.0303955078125 0.58587646484375 0.814697265625
0.00883865356445312 -0.016880989074707 -0.000671386718750064 0.645751953125
0.0239696502685547 -0.0141181945800781 0.0753250122070313 -0.051605224609375
-0.005126953125 -0.00960636138916015 -0.1317138671875 -0.74041748046875
-0.00115585327148438 -0.026123046875 -0.8348388671875 -0.51519775390625
0.016265869140625 -0.030029296875 -0.739990234375 0.40887451171875
0.00315475463867187 -0.0421905517578125 -0.01922607421875 0.66131591796875
-0.0123481750488281 -0.0507354736328125 0.3353271484375 0.3309326171875
-0.0202560424804688 -0.0186519622802734 0.3275146484375 -0.100799560546875
0.00477409362792969 -0.000731945037841797 0.14599609375 -0.315521240234375
-0.0053095817565918 -0.00629234313964844 -0.14544677734375 0.283782958984375
-0.0065460205078125 -0.0368766784667969 -0.300140380859375 -0.028564453125
0.00136184692382813 -0.0484962463378906 -0.2034912109375 -0.4718017578125
0.0342979431152344 -0.0217838287353516 0.29827880859375 -0.6279296875
-0.00553655624389648 -0.00516080856323242 0.8502197265625 -0.02264404296875
-0.0552978515625 -0.0538673400878906 0.6229248046875 0.7713623046875
0.0128135681152344 -0.0578727722167969 0.02899169921875 0.64208984375
0.0439643859863281 -0.0587005615234375 0.0785598754882812 -0.0424652099609375
-0.00883865356445312 -0.0465965270996094 -0.1031494140625 -0.7470703125
-0.0147285461425781 -0.0415802001953125 -0.8150634765625 -0.5628662109375
0.0106945037841797 -0.0304775238037109 -0.76776123046875 0.3720703125
0.00614547729492187 -0.0378227233886719 -0.05670166015625 0.66558837890625
-0.0106887817382813 -0.0485801696777344 0.316375732421875 0.3525390625
-0.0174732208251953 -0.0233955383300781 0.320953369140625 -0.084075927734375
0.0118846893310547 -0.00215721130371094 0.137481689453125 -0.313262939453125
-0.0213813781738281 0.00164413452148438 -0.09857177734375 0.2916259765625
0.010258674621582 0.0152187347412109 -0.277297973632813 0.0316925048828126
0.00164604187011719 0.0245723724365234 -0.275054931640625 -0.396209716796875
4.57763671875039E-05 0.0418777465820312 0.10858154296875 -0.67431640625
-0.0311565399169922 0.0261821746826172 0.7667236328125 -0.25543212890625
-0.030914306640625 -0.016326904296875 0.8043212890625 0.59466552734375
0.0336132049560547 0.0328140258789063 0.168701171875 0.739501953125
0.0270233154296875 0.0621757507324219 0.0340805053710937 0.11932373046875
0.0319252014160156 0.0341472625732422 0.03118896484375 -0.655517578125
0.0179100036621094 -0.0142822265625 -0.67840576171875 -0.7374267578125
-0.0168123245239258 0.000687599182128909 -0.90509033203125 0.17242431640625
-0.0179557800292969 0.0280475616455078 -0.2427978515625 0.671142578125
-0.00346183776855468 0.026092529296875 0.241302490234375 0.4405517578125
0.00205039978027343 0.0313243865966797 0.338470458984375 -0.032989501953125
0.000376701354980468 0.0102319717407227 0.183380126953125 -0.3055419921875
-0.0269641876220703 0.00184249877929688 -0.09619140625 0.29022216796875
0.00217342376708984 0.0109901428222656 -0.26593017578125 0.012237548828125
-0.000233650207519532 0.0137119293212891 -0.247222900390625 -0.424163818359375
0.00245857238769531 0.0286216735839844 0.1710205078125 -0.6649169921875
-0.0248870849609375 0.0220737457275391 0.8011474609375 -0.18389892578125
-0.0232028961181641 -0.00465774536132812 0.76068115234375 0.67071533203125
0.0293464660644531 0.0542831420898438 0.1231689453125 0.7354736328125
0.0144577026367187 0.0790863037109375 0.0360870361328125 0.08807373046875
0.0280952453613281 0.0508537292480469 -0.0155029296875 -0.66937255859375
0.0220851898193359 -0.00516128540039062 -0.7332763671875 -0.66912841796875
-0.00693321228027344 -0.000506401062011719 -0.86907958984375 0.251708984375
-0.011143684387207 0.0144329071044922 -0.1763916015625 0.67669677734375
-0.00124168395996094 0.0133323669433594 0.278656005859375 0.41192626953125
-0.00297164916992188 0.0252780914306641 0.345703125 -0.05694580078125
-0.00530052185058594 0.0103979110717773 0.1864013671875 -0.31036376953125
-0.0302009582519531 0.003326416015625 -0.094970703125 0.285003662109375
-0.000867843627929688 0.00355672836303711 -0.261322021484375 -0.0106201171875
-0.00167226791381836 -0.0026707649230957 -0.21722412109375 -0.448455810546875
0.00889492034912109 0.0133676528930664 0.23236083984375 -0.65142822265625
-0.0161514282226563 0.0181522369384766 0.82763671875 -0.1058349609375
-0.0214252471923828 0.00541114807128907 0.7061767578125 0.7374267578125
0.0220870971679688 0.0642852783203125 0.0740966796875001 0.725341796875
0.004730224609375 0.0830154418945313 0.0415000915527344 0.0519332885742188
0.0235939025878906 0.0565071105957031 -0.0634765625 -0.68560791015625
0.0233135223388672 -0.0020904541015625 -0.78399658203125 -0.60247802734375
0.00155973434448242 -0.00573873519897461 -0.82586669921875 0.32342529296875
-0.00478458404541016 -0.000989437103271484 -0.109619140625 0.67864990234375
-0.00235629081726074 -0.00424528121948242 0.310302734375 0.3795166015625
-0.00815200805664063 0.0170764923095703 0.349090576171875 -0.081451416015625
-0.00880718231201172 0.00853824615478516 0.18408203125 -0.315399169921875
-0.0296497344970703 0.00199317932128906 -0.10009765625 0.281494140625
-0.00421953201293945 -0.00557613372802734 -0.260940551757813 -0.0299072265625
0.000429153442382815 -0.0195903778076172 -0.192474365234375 -0.46710205078125
0.0185890197753906 -0.00209808349609375 0.28240966796875 -0.63330078125
-0.00766277313232422 0.0155038833618164 0.843505859375 -0.04058837890625
-0.0228080749511719 0.00795555114746094 0.6541748046875 0.78741455078125
0.0143470764160156 0.0609130859375 0.03570556640625 0.7069091796875
0.00149536132812499 0.073944091796875 0.0492362976074219 0.0149879455566406
0.0164375305175781 0.0527915954589844 -0.10455322265625 -0.69970703125
0.0217132568359375 -0.0022430419921875 -0.81640625 -0.54669189453125
0.00979423522949219 -0.0141115188598633 -0.78363037109375 0.37542724609375
-0.00188922882080078 -0.0165653228759766 -0.0577392578125 0.6712646484375
-0.00534439086914063 -0.0212612152099609 0.332550048828125 0.352874755859375
-0.0141973495483398 0.00797367095947266 0.348541259765625 -0.09918212890625
-0.00970649719238281 0.00770950317382812 0.17645263671875 -0.318511962890625
-0.0274734497070313 0.000450134277343751 -0.107376098632813 0.278961181640625
-0.00595283508300781 -0.0167665481567383 -0.265640258789063 -0.0408477783203125
0.00218391418457031 -0.0342311859130859 -0.179046630859375 -0.478363037109375
0.0285854339599609 -0.0140037536621094 0.314208984375 -0.620849609375
-0.000799179077148438 0.00988483428955078 0.85260009765625 0.005859375
-0.0285053253173828 0.00335502624511719 0.61700439453125 0.81610107421875
0.00922012329101563 0.0452880859375 0.01129150390625 0.685546875
0.00281524658203125 0.053436279296875 0.0566253662109375 -0.0149497985839844
0.00911331176757812 0.0400886535644531 -0.12982177734375 -0.71484375
0.016413688659668 -0.00728321075439453 -0.83929443359375 -0.51446533203125
0.0140438079833984 -0.0221233367919922 -0.7554931640625 0.40948486328125
0.000146865844726565 -0.0315780639648438 -0.0247802734375 0.6683349609375
-0.0088958740234375 -0.0356483459472656 0.343780517578125 0.334930419921875
-0.0182571411132813 -0.002166748046875 0.34375 -0.108978271484375
-0.00691843032836914 0.00410604476928711 0.166168212890625 -0.320037841796875
-0.021484375 -0.00166511535644531 -0.118087768554688 0.278579711914063
-0.00714111328125 -0.0265998840332031 -0.274429321289063 -0.04400634765625
0.004058837890625 -0.0459251403808594 -0.176910400390625 -0.4837646484375
0.0355796813964844 -0.0227165222167969 0.32904052734375 -0.61724853515625
0.00324058532714844 0.00564670562744141 0.85650634765625 0.02239990234375
-0.0350112915039062 -0.00885200500488281 0.5987548828125 0.8201904296875
0.00625991821289063 0.0195903778076172 0.00317382812499999 0.66595458984375
0.0094146728515625 0.024261474609375 0.0651741027832031 -0.0372200012207031
0.00105857849121094 0.0199527740478516 -0.14044189453125 -0.73046875
0.00922584533691406 -0.0150032043457031 -0.84429931640625 -0.5048828125
0.0174884796142578 -0.0283946990966797 -0.742919921875 0.41864013671875
0.00102996826171875 -0.0401420593261719 -0.01220703125 0.66448974609375
-0.0119247436523438 -0.0460319519042969 0.345367431640625 0.327789306640625
-0.0200614929199219 -0.0112476348876953 0.33544921875 -0.11077880859375
-0.00191950798034668 0.00233888626098633 0.154510498046875 -0.320068359375
-0.0135393142700195 -0.00349521636962891 -0.131790161132812 0.2811279296875
-0.00747299194335938 -0.0331802368164063 -0.288116455078125 -0.04180908203125
0.0047607421875 -0.0507698059082031 -0.184539794921875 -0.48486328125
0.0381584167480469 -0.0249824523925781 0.3280029296875 -0.61810302734375
0.00116169452667236 -3.814697265625E-06 0.85931396484375 0.0191650390625
-0.0442886352539063 -0.0291252136230469 0.59796142578125 0.81060791015625
0.00944900512695312 -0.0158510208129883 0.00720214843749998 0.64697265625
0.0228137969970703 -0.0149154663085938 0.0752944946289063 -0.0526275634765625
-0.00580406188964844 -0.00960731506347656 -0.14190673828125 -0.74188232421875
-0.00132369995117187 -0.0266819000244141 -0.8453369140625 -0.50762939453125
0.0151863098144531 -0.0310783386230469 -0.73870849609375 0.42169189453125
0.00356292724609375 -0.0420265197753906 -0.0109863281250001 0.66455078125
-0.0127525329589844 -0.0505523681640625 0.341827392578125 0.328399658203125
-0.0204601287841797 -0.0184288024902344 0.32794189453125 -0.105865478515625
0.00493335723876953 -0.000762462615966797 0.142486572265625 -0.318145751953125
-0.00428247451782226 -0.00647735595703125 -0.1422119140625 0.286590576171875
-0.00609588623046875 -0.0359954833984375 -0.302734375 -0.02569580078125
0.0021514892578125 -0.0482215881347656 -0.2132568359375 -0.47113037109375
0.0344982147216797 -0.0215091705322266 0.2908935546875 -0.6326904296875
-0.00629758834838867 -0.00516700744628906 0.8526611328125 -0.0318603515625
-0.0567512512207031 -0.0523262023925781 0.6358642578125 0.76641845703125
0.0121574401855469 -0.0584640502929688 0.03570556640625 0.64239501953125
0.0437583923339844 -0.0595245361328125 0.0782394409179688 -0.04412841796875
-0.00994491577148438 -0.0452346801757812 -0.111083984375 -0.74920654296875
-0.015899658203125 -0.0417823791503906 -0.824462890625 -0.55401611328125
0.0095672607421875 -0.0310134887695313 -0.76727294921875 0.383056640625
0.00493240356445312 -0.0377311706542969 -0.04638671875 0.6702880859375
-0.0104446411132812 -0.0491142272949219 0.322723388671875 0.34991455078125
-0.0170707702636719 -0.0229167938232422 0.321197509765625 -0.089813232421875
0.0124835968017578 -0.00214099884033203 0.133453369140625 -0.316864013671875
-0.0198383331298828 0.00203895568847657 -0.0947265625 0.292236328125
0.0102386474609375 0.0158729553222656 -0.277069091796875 0.03460693359375
0.00202751159667969 0.025115966796875 -0.283599853515625 -0.3935546875
0.000957489013671874 0.0416831970214844 0.0983886718749999 -0.6766357421875
-0.0318450927734375 0.02667236328125 0.76446533203125 -0.26513671875
-0.0320453643798828 -0.0155391693115234 0.81463623046875 0.583251953125
0.0341835021972656 0.0320758819580078 0.18011474609375 0.73553466796875
0.0277175903320312 0.0615997314453125 0.0360488891601562 0.118690490722656
0.0329113006591797 0.0346012115478516 0.0216064453125 -0.65673828125
0.0188980102539063 -0.0153293609619141 -0.6917724609375 -0.72930908203125
-0.0168991088867188 -0.000134468078613281 -0.90460205078125 0.18768310546875
-0.0176944732666016 0.028167724609375 -0.23388671875 0.67669677734375
-0.003570556640625 0.0264453887939453 0.247833251953125 0.43896484375
0.00283241271972657 0.0318603515625 0.338775634765625 -0.03643798828125
0.000782966613769531 0.0101728439331055 0.17901611328125 -0.3089599609375
-0.0259304046630859 0.00207138061523437 -0.090911865234375 0.2916259765625
0.00284004211425781 0.011317253112793 -0.266937255859375 0.01593017578125
-0.000230789184570312 0.0135984420776367 -0.253631591796875 -0.42181396484375
0.00311279296875 0.0283718109130859 0.16229248046875 -0.668212890625
-0.0243644714355469 0.0226898193359375 0.799072265625 -0.19439697265625
-0.0248374938964844 -0.00363540649414063 0.7718505859375 0.6614990234375
0.0305404663085938 0.0531005859375 0.13311767578125 0.73455810546875
0.015960693359375 0.078948974609375 0.0369949340820312 0.0873031616210938
0.0295181274414062 0.0506553649902344 -0.02520751953125 -0.6695556640625
0.0215873718261719 -0.00552177429199219 -0.74615478515625 -0.66156005859375
-0.00698280334472656 -0.00200557708740234 -0.86920166015625 0.26495361328125
-0.0108499526977539 0.0140533447265625 -0.16668701171875 0.681640625
-0.00119400024414062 0.0126657485961914 0.285430908203125 0.4091796875
-0.00197410583496094 0.0253524780273437 0.345794677734375 -0.06231689453125
-0.00457954406738281 0.00990962982177734 0.18206787109375 -0.313751220703125
-0.0292205810546875 0.00337791442871094 -0.090850830078125 0.286712646484375
-8.34465026855471E-05 0.00423622131347656 -0.262344360351563 -0.00846862792968747
-0.000803947448730469 -0.00227212905883789 -0.224822998046875 -0.446075439453125
0.00938320159912109 0.0120973587036133 0.22406005859375 -0.65460205078125
-0.0162239074707031 0.0185928344726563 0.826416015625 -0.11602783203125
-0.0213031768798828 0.00557327270507812 0.71820068359375 0.72918701171875
0.0235328674316406 0.0635986328125 0.0840454101562501 0.72369384765625
0.0068817138671875 0.0826263427734375 0.0417594909667969 0.0511970520019531
0.0239753723144531 0.0563201904296875 -0.0741577148437501 -0.68475341796875
0.0231056213378906 -0.00225257873535156 -0.7938232421875 -0.59356689453125
0.00266456604003906 -0.0068812370300293 -0.8245849609375 0.3358154296875
-0.00487041473388672 -0.00163555145263672 -0.1025390625 0.681640625
-0.00215339660644531 -0.00331997871398926 0.3157958984375 0.376983642578125
-0.00713539123535156 0.0180320739746094 0.347991943359375 -0.085662841796875
-0.00857257843017578 0.0086522102355957 0.179962158203125 -0.31915283203125
-0.0291900634765625 0.00308227539062499 -0.094512939453125 0.2816162109375
-0.0032048225402832 -0.00462055206298828 -0.261856079101563 -0.027099609375
0.000127792358398436 -0.0185699462890625 -0.200836181640625 -0.465850830078125
0.0190639495849609 -0.00266647338867188 0.27301025390625 -0.63818359375
-0.00794792175292969 0.0150737762451172 0.8433837890625 -0.05078125
-0.0231895446777344 0.00873184204101563 0.6656494140625 0.7791748046875
0.0155525207519531 0.0613784790039062 0.04327392578125 0.70538330078125
0.00235748291015625 0.0737457275390625 0.0485191345214844 0.0155181884765625
0.0179061889648438 0.0524215698242188 -0.11370849609375 -0.69915771484375
0.0212211608886719 -0.00365447998046875 -0.8262939453125 -0.53887939453125
0.00987148284912109 -0.0147209167480469 -0.78192138671875 0.39166259765625
-0.00218391418457031 -0.017064094543457 -0.04815673828125 0.67657470703125
-0.00557899475097657 -0.0199089050292969 0.337921142578125 0.34893798828125
-0.0137815475463867 0.00771617889404297 0.34716796875 -0.103851318359375
-0.0084066390991211 0.00611257553100586 0.172119140625 -0.322509765625
-0.0262088775634766 0.00214385986328125 -0.10302734375 0.28045654296875
-0.00559234619140625 -0.0153074264526367 -0.2667236328125 -0.0374755859374999
0.000911712646484372 -0.0350894927978516 -0.18731689453125 -0.476348876953125
0.0280895233154297 -0.0156517028808594 0.3048095703125 -0.6265869140625
-0.000767707824707031 0.00974369049072266 0.85491943359375 -0.00653076171875
-0.0287914276123047 0.00427055358886719 0.62957763671875 0.80859375
0.0100898742675781 0.0452995300292969 0.02081298828125 0.68487548828125
0.003692626953125 0.0528335571289063 0.0565452575683594 -0.0158271789550781
0.00944900512695312 0.0405197143554688 -0.1405029296875 -0.71392822265625
0.0166034698486328 -0.00797843933105469 -0.8466796875 -0.50360107421875
0.0135154724121094 -0.0222072601318359 -0.75030517578125 0.42059326171875
-0.000621795654296876 -0.0310382843017578 -0.0155029296875 0.67169189453125
-0.00992584228515625 -0.0348396301269531 0.348480224609375 0.33251953125
-0.0186176300048828 -0.00132560729980469 0.342193603515625 -0.114715576171875
-0.0058445930480957 0.00432586669921875 0.161590576171875 -0.323455810546875
-0.0199794769287109 -0.00129508972167969 -0.114166259765625 0.279190063476563
-0.00658798217773438 -0.0260162353515625 -0.276443481445313 -0.0405120849609375
0.0025482177734375 -0.0466346740722656 -0.1868896484375 -0.481048583984375
0.0353889465332031 -0.0240211486816406 0.3206787109375 -0.621337890625
0.00317239761352539 0.00502252578735352 0.8597412109375 0.00933837890625
-0.0358848571777344 -0.00811767578124999 0.61175537109375 0.813720703125
0.00739288330078125 0.019744873046875 0.0113525390624999 0.665771484375
0.010498046875 0.0243663787841797 0.0650100708007813 -0.0376510620117188
0.00113105773925781 0.0200691223144531 -0.149658203125 -0.728271484375
0.00941753387451172 -0.0149412155151367 -0.85162353515625 -0.49359130859375
0.0161952972412109 -0.0282764434814453 -0.735595703125 0.43145751953125
9.15527343750036E-05 -0.0403251647949219 -0.00286865234374994 0.66802978515625
-0.0131950378417969 -0.0457229614257813 0.349334716796875 0.326202392578125
-0.0209884643554687 -0.0108318328857422 0.335357666015625 -0.116180419921875
-0.00184929370880127 0.00181806087493897 0.1502685546875 -0.323974609375
-0.0124120712280273 -0.00339221954345703 -0.12677001953125 0.28228759765625
-0.00665664672851563 -0.0333137512207031 -0.289337158203125 -0.03948974609375
0.00356674194335937 -0.050445556640625 -0.1920166015625 -0.4830322265625
0.0384483337402344 -0.025360107421875 0.31982421875 -0.62274169921875
0.000540673732757568 0.000211060047149658 0.862060546875 0.0093994140625
-0.0451812744140625 -0.0276031494140625 0.61151123046875 0.80322265625
0.00862884521484375 -0.0163707733154297 0.01556396484375 0.64752197265625
0.0241241455078125 -0.0152301788330078 0.07373046875 -0.0536727905273438
-0.00633525848388672 -0.00918674468994141 -0.152099609375 -0.740478515625
-0.00151252746582031 -0.0265789031982422 -0.8525390625 -0.49639892578125
0.0150260925292969 -0.0320262908935547 -0.73468017578125 0.4315185546875
0.00186538696289063 -0.0425529479980469 -0.000244140625000024 0.667236328125
-0.0140495300292969 -0.0505180358886719 0.34521484375 0.32537841796875
-0.0198421478271484 -0.0176887512207031 0.3275146484375 -0.111297607421875
0.00526332855224609 -0.00102519989013672 0.1375732421875 -0.32080078125
-0.00392961502075195 -0.00607967376708984 -0.13751220703125 0.287567138671875
-0.00516700744628906 -0.0349922180175781 -0.303802490234375 -0.02203369140625
0.000843048095703127 -0.0476112365722656 -0.219482421875 -0.469390869140625
0.0338459014892578 -0.0231456756591797 0.28118896484375 -0.63848876953125
-0.00646066665649414 -0.00511646270751953 0.85321044921875 -0.0430908203125
-0.0581817626953125 -0.0505714416503906 0.64678955078125 0.7587890625
0.0115394592285156 -0.0584983825683594 0.0450439453125001 0.6414794921875
0.0427131652832031 -0.0603256225585937 0.0773849487304688 -0.044464111328125
-0.00945663452148438 -0.0456314086914063 -0.12347412109375 -0.74798583984375
-0.01678466796875 -0.0416412353515625 -0.833984375 -0.54400634765625
0.00916099548339843 -0.0314178466796875 -0.76397705078125 0.395263671875
0.00486373901367188 -0.0385971069335938 -0.0390014648437499 0.67340087890625
-0.0120277404785156 -0.0481300354003906 0.328277587890625 0.34637451171875
-0.0178604125976563 -0.0222702026367187 0.319976806640625 -0.094390869140625
0.0130672454833984 -0.00392341613769531 0.129486083984375 -0.318267822265625
-0.0181694030761719 0.00261688232421875 -0.08880615234375 0.2930908203125
0.0114612579345703 0.0153741836547852 -0.277908325195313 0.0390014648437501
0.0032196044921875 0.0257282257080078 -0.290985107421875 -0.389434814453125
0.00139617919921875 0.0417633056640625 0.08831787109375 -0.6756591796875
-0.0312385559082031 0.0270252227783203 0.76019287109375 -0.27685546875
-0.0331859588623047 -0.0136146545410156 0.82293701171875 0.57196044921875
0.0347270965576172 0.0322933197021484 0.1904296875 0.731689453125
0.029388427734375 0.0617141723632813 0.0377044677734375 0.118293762207031
0.0331821441650391 0.0340518951416016 0.0130004882812499 -0.6568603515625
0.018096923828125 -0.0152969360351563 -0.7005615234375 -0.71856689453125
-0.0169267654418945 -0.000491142272949222 -0.90423583984375 0.20062255859375
-0.0179405212402344 0.0286407470703125 -0.22442626953125 0.68145751953125
-0.00302314758300781 0.0260639190673828 0.255706787109375 0.436004638671875
0.0034027099609375 0.0315952301025391 0.33880615234375 -0.0421142578125
0.000620841979980469 0.00943470001220703 0.17425537109375 -0.31146240234375
-0.0246067047119141 0.00373649597167969 -0.086090087890625 0.29180908203125
0.0043182373046875 0.012669563293457 -0.267257690429687 0.0189361572265625
0.000219345092773438 0.0148544311523438 -0.26153564453125 -0.418701171875
0.00283241271972656 0.0278892517089844 0.1512451171875 -0.67022705078125
-0.0245094299316406 0.0233936309814453 0.7952880859375 -0.20574951171875
-0.0247154235839844 -0.00261306762695312 0.781005859375 0.6484375
0.0318450927734375 0.0527458190917969 0.1439208984375 0.730712890625
0.0172195434570313 0.0779800415039063 0.0379867553710937 0.0879898071289063
0.0299911499023438 0.0504570007324219 -0.03411865234375 -0.66900634765625
0.021697998046875 -0.00656890869140625 -0.75445556640625 -0.64910888671875
-0.00676441192626953 -0.00101947784423828 -0.8662109375 0.2772216796875
-0.0106115341186523 0.0148115158081055 -0.1583251953125 0.687255859375
-0.00057697296142578 0.0127019882202148 0.290435791015625 0.405120849609375
-0.000991821289062499 0.0262851715087891 0.34521484375 -0.0677490234375
-0.00430679321289062 0.00902080535888672 0.1761474609375 -0.316864013671875
-0.0285606384277344 0.00408554077148438 -0.086395263671875 0.287109375
0.000905036926269531 0.0055079460144043 -0.263320922851563 -0.00637817382812499
-0.000770330429077148 -0.00114643573760986 -0.2315673828125 -0.44366455078125
0.00958347320556641 0.0122127532958984 0.21307373046875 -0.65545654296875
-0.0171718597412109 0.0192737579345703 0.824951171875 -0.12969970703125
-0.0218486785888672 0.00615692138671875 0.72967529296875 0.7181396484375
0.0248184204101562 0.0632209777832031 0.0938110351562499 0.72076416015625
0.00815582275390624 0.0828094482421875 0.0423126220703125 0.0511627197265625
0.0251655578613281 0.0569953918457031 -0.0834350585937501 -0.683837890625
0.0231456756591797 -0.00246620178222656 -0.8031005859375 -0.5816650390625
0.00156164169311523 -0.00695276260375977 -0.821533203125 0.34820556640625
-0.0056157112121582 -0.00172567367553711 -0.09161376953125 0.68609619140625
-0.00265002250671387 -0.00404000282287598 0.321929931640625 0.372589111328125
-0.00660610198974609 0.0175495147705078 0.346923828125 -0.091339111328125
-0.00742864608764649 0.00823879241943359 0.17431640625 -0.32147216796875
-0.0285205841064453 0.00415992736816406 -0.090301513671875 0.283843994140625
-0.00295925140380859 -0.00403785705566406 -0.263595581054688 -0.02374267578125
-0.000507354736328127 -0.0189723968505859 -0.207000732421875 -0.461944580078125
0.0182323455810547 -0.00352287292480469 0.26409912109375 -0.64044189453125
-0.00794506072998047 0.0153026580810547 0.84417724609375 -0.06317138671875
-0.0236740112304688 0.0101032257080078 0.67822265625 0.769287109375
0.016998291015625 0.0604820251464844 0.0531005859374999 0.7061767578125
0.00409698486328125 0.0741958618164063 0.0482406616210938 0.0141677856445313
0.0183067321777344 0.0528602600097656 -0.1229248046875 -0.6978759765625
0.0214862823486328 -0.00404739379882813 -0.83538818359375 -0.5257568359375
0.00840187072753906 -0.0156087875366211 -0.776123046875 0.40185546875
-0.00251007080078125 -0.0178585052490234 -0.0381469726562499 0.677490234375
-0.0065765380859375 -0.0201759338378906 0.342071533203125 0.343597412109375
-0.0126791000366211 0.00934219360351563 0.346038818359375 -0.110260009765625
-0.00828409194946289 0.00638389587402344 0.167724609375 -0.3245849609375
-0.0251674652099609 0.00262260437011719 -0.099090576171875 0.28094482421875
-0.0047607421875 -0.0149526596069336 -0.268753051757813 -0.0345458984375
0.0013427734375 -0.0341548919677734 -0.195343017578125 -0.473846435546875
0.0273609161376953 -0.0160655975341797 0.29718017578125 -0.63067626953125
-0.000982284545898438 0.0106096267700195 0.8546142578125 -0.01910400390625
-0.0294036865234375 0.0063018798828125 0.64141845703125 0.7978515625
0.00969314575195313 0.0449600219726562 0.0277099609375 0.6822509765625
0.00455474853515625 0.0527076721191406 0.0560226440429688 -0.0164794921875
0.0107688903808594 0.0399894714355469 -0.1505126953125 -0.71142578125
0.0158987045288086 -0.00824260711669922 -0.8538818359375 -0.4930419921875
0.0138492584228516 -0.0235023498535156 -0.7440185546875 0.43389892578125
-0.00121307373046875 -0.0314960479736328 -0.00463867187499999 0.67376708984375
-0.0105133056640625 -0.0346488952636719 0.35333251953125 0.325927734375
-0.0182723999023438 -0.00200080871582031 0.34124755859375 -0.119476318359375
-0.00639486312866211 0.00402975082397461 0.15704345703125 -0.325469970703125
-0.0190467834472656 -0.000606536865234371 -0.109115600585938 0.2806396484375
-0.00575447082519531 -0.0249195098876953 -0.278366088867188 -0.0377655029296875
0.00222396850585938 -0.0457611083984375 -0.1947021484375 -0.479248046875
0.0353927612304688 -0.0244636535644531 0.31036376953125 -0.6259765625
0.00293874740600586 0.00523662567138672 0.8590087890625 -0.00189208984375
-0.0359954833984375 -0.00669097900390626 0.624755859375 0.8037109375
0.00828933715820313 0.0193290710449219 0.0206909179687501 0.66424560546875
0.0104389190673828 0.0230865478515625 0.064208984375 -0.0378074645996094
0.00197219848632812 0.0202198028564453 -0.1593017578125 -0.72528076171875
0.00931262969970703 -0.0153417587280273 -0.8599853515625 -0.48089599609375
0.0159950256347656 -0.0299072265625 -0.73223876953125 0.44342041015625
0.000434875488281249 -0.0406761169433594 0.00659179687499997 0.6693115234375
-0.0135498046875 -0.0446319580078125 0.354095458984375 0.319915771484375
-0.0204677581787109 -0.0101852416992187 0.334197998046875 -0.120697021484375
-0.00170648097991943 0.000864386558532715 0.14605712890625 -0.32501220703125
-0.0114402770996094 -0.00407028198242188 -0.122528076171875 0.283843994140625
-0.00653648376464843 -0.0319805145263672 -0.290496826171875 -0.0357360839843749
0.00260543823242188 -0.0508003234863281 -0.201141357421875 -0.47918701171875
0.0370445251464844 -0.0266036987304688 0.30999755859375 -0.62744140625
0.000584721565246582 0.000150084495544434 0.86090087890625 -0.00286865234375
-0.0460624694824219 -0.0259628295898438 0.6221923828125 0.79461669921875
0.00923824310302735 -0.0167551040649414 0.0233154296875 0.64593505859375
0.0231533050537109 -0.0157394409179688 0.072540283203125 -0.0544662475585938
-0.00619029998779297 -0.00893020629882813 -0.16339111328125 -0.73846435546875
-0.0034332275390625 -0.0267753601074219 -0.862060546875 -0.48406982421875
0.0143032073974609 -0.0322418212890625 -0.7291259765625 0.443115234375
0.00129318237304688 -0.0428695678710938 0.00909423828124993 0.669677734375
-0.0150222778320312 -0.0502891540527344 0.3521728515625 0.320343017578125
-0.0204563140869141 -0.0177459716796875 0.325836181640625 -0.116729736328125
0.00546693801879883 -0.00184297561645508 0.132965087890625 -0.32330322265625
-0.00206136703491211 -0.00631141662597656 -0.133026123046875 0.28973388671875
-0.00519561767578125 -0.0349674224853516 -0.304779052734375 -0.017913818359375
0.000801086425781245 -0.0470809936523437 -0.228240966796875 -0.4652099609375
0.0334796905517578 -0.0238323211669922 0.272216796875 -0.64117431640625
-0.00729608535766602 -0.00552797317504883 0.85369873046875 -0.05596923828125
-0.0597419738769531 -0.0482521057128906 0.65753173828125 0.75
0.0116920471191406 -0.0578269958496094 0.05194091796875 0.6402587890625
0.0426864624023438 -0.0612335205078125 0.0762176513671875 -0.0469284057617188
-0.0106010437011719 -0.0451469421386719 -0.1337890625 -0.74609375
-0.0177345275878906 -0.04193115234375 -0.8411865234375 -0.53155517578125
0.00836563110351563 -0.03289794921875 -0.75958251953125 0.40838623046875
0.00425338745117188 -0.0386238098144531 -0.0289306640624999 0.675048828125
-0.0123100280761719 -0.0486717224121094 0.33148193359375 0.342926025390625
-0.0170249938964844 -0.0221500396728516 0.31951904296875 -0.099090576171875
0.0129241943359375 -0.00410556793212891 0.12384033203125 -0.32098388671875
-0.0172443389892578 0.0032501220703125 -0.084259033203125 0.29351806640625
0.0124578475952148 0.0164785385131836 -0.277359008789063 0.042022705078125
0.00225257873535156 0.0261249542236328 -0.296142578125 -0.38519287109375
0.00162124633789063 0.0407447814941406 0.0772705078125 -0.67547607421875
-0.0308570861816406 0.0279445648193359 0.7535400390625 -0.28717041015625
-0.0339183807373047 -0.0125255584716797 0.83099365234375 0.55865478515625
0.0357589721679688 0.0316658020019531 0.2003173828125 0.72662353515625
0.0300559997558594 0.059783935546875 0.0387039184570313 0.117691040039063
0.0341339111328125 0.0341567993164063 0.00549316406250005 -0.6546630859375
0.0179042816162109 -0.0162906646728516 -0.7103271484375 -0.70751953125
-0.0169410705566406 -0.00081062316894531 -0.8994140625 0.2154541015625
-0.0165424346923828 0.0286445617675781 -0.21240234375 0.68603515625
-0.00296401977539063 0.0272655487060547 0.260467529296875 0.431396484375
0.00469207763671875 0.031890869140625 0.33721923828125 -0.04620361328125
0.00115394592285156 0.00916671752929688 0.16845703125 -0.313690185546875
-0.0231132507324219 0.00403976440429687 -0.08148193359375 0.291259765625
0.00521564483642578 0.0133848190307617 -0.267318725585938 0.0223236083984375
0.000306129455566408 0.0155181884765625 -0.26708984375 -0.414215087890625
0.00294303894042969 0.0272617340087891 0.14056396484375 -0.6710205078125
-0.0246925354003906 0.0234470367431641 0.791259765625 -0.21527099609375
-0.0256900787353516 -0.00109100341796875 0.78790283203125 0.63507080078125
0.0328102111816406 0.0528831481933594 0.15264892578125 0.7261962890625
0.0184402465820312 0.0770034790039063 0.0389633178710938 0.0861968994140625
0.0301132202148438 0.0499000549316406 -0.0435791015625 -0.66748046875
0.0204257965087891 -0.0067596435546875 -0.76177978515625 -0.637451171875
-0.00763654708862305 -0.00287294387817383 -0.8597412109375 0.2901611328125
-0.0108060836791992 0.0149946212768555 -0.14886474609375 0.6890869140625
-0.00120639801025391 0.0130090713500977 0.295867919921875 0.400848388671875
-0.000614166259765622 0.0264625549316406 0.3428955078125 -0.072540283203125
-0.00413799285888672 0.00917148590087891 0.170684814453125 -0.319305419921875
-0.0265350341796875 0.00527000427246094 -0.08160400390625 0.287261962890625
0.00052642822265625 0.00615978240966797 -0.263626098632813 -0.00167846679687501
-0.00141727924346924 -0.000240206718444824 -0.239990234375 -0.439117431640625
0.00903606414794922 0.0114631652832031 0.20379638671875 -0.6580810546875
-0.0173130035400391 0.0197372436523438 0.81951904296875 -0.1390380859375
-0.0221748352050781 0.00757980346679688 0.73724365234375 0.70599365234375
0.0259475708007812 0.0627250671386719 0.1036376953125 0.717041015625
0.00970458984375 0.0827713012695313 0.0421409606933594 0.0504722595214844
0.0260353088378906 0.056243896484375 -0.0930786132812499 -0.68035888671875
0.0220699310302734 -0.00293540954589844 -0.80963134765625 -0.56854248046875
0.00158214569091797 -0.00768327713012695 -0.8135986328125 0.36309814453125
-0.00564908981323242 -0.00116729736328125 -0.0817260742187499 0.6865234375
-0.0029900074005127 -0.0030059814453125 0.326934814453125 0.367431640625
-0.00678062438964844 0.0183639526367188 0.34478759765625 -0.095947265625
-0.00679922103881836 0.00774860382080078 0.169219970703125 -0.324066162109375
-0.0265102386474609 0.00441551208496094 -0.085540771484375 0.283294677734375
-0.00252437591552734 -0.00303411483764649 -0.263870239257813 -0.019866943359375
-0.00129985809326172 -0.0171442031860352 -0.2158203125 -0.45849609375
0.0178604125976562 -0.00340461730957031 0.25433349609375 -0.643798828125
-0.00801563262939453 0.0157251358032227 0.84088134765625 -0.07403564453125
-0.0241756439208984 0.0114173889160156 0.68890380859375 0.75823974609375
0.0175399780273437 0.0600509643554688 0.06512451171875 0.6995849609375
0.00452423095703126 0.0727462768554687 0.0488510131835938 0.0134620666503906
0.0198593139648438 0.0526847839355469 -0.13153076171875 -0.69403076171875
0.0207691192626953 -0.00417709350585938 -0.83990478515625 -0.51080322265625
0.00816440582275391 -0.016301155090332 -0.76904296875 0.4127197265625
-0.00299835205078125 -0.0175008773803711 -0.02874755859375 0.67950439453125
-0.006011962890625 -0.0193004608154297 0.3466796875 0.34051513671875
-0.0127286911010742 0.00884342193603515 0.343597412109375 -0.11474609375
-0.00812673568725586 0.0061335563659668 0.161865234375 -0.32733154296875
-0.0240116119384766 0.0022125244140625 -0.093505859375 0.280441284179687
-0.00520038604736328 -0.0141973495483398 -0.269638061523438 -0.031219482421875
0.00127029418945313 -0.03387451171875 -0.204803466796875 -0.469573974609375
0.0272254943847656 -0.0170803070068359 0.28448486328125 -0.6329345703125
-0.00172233581542969 0.0107259750366211 0.85321044921875 -0.03009033203125
-0.0295391082763672 0.00667953491210937 0.65057373046875 0.787353515625
0.0121116638183594 0.0444107055664063 0.0380859375 0.680419921875
0.0048828125 0.0529060363769531 0.0553359985351563 -0.0165176391601562
0.0119285583496094 0.0403022766113281 -0.16058349609375 -0.7081298828125
0.0158939361572266 -0.00905036926269531 -0.85882568359375 -0.47857666015625
0.0126247406005859 -0.0243167877197266 -0.73974609375 0.44439697265625
-0.002471923828125 -0.0312423706054688 0.00488281249999995 0.67401123046875
-0.0111789703369141 -0.0338916778564453 0.357086181640625 0.320892333984375
-0.0177936553955078 -0.000476837158203122 0.33819580078125 -0.124969482421875
-0.00628995895385742 0.00418472290039063 0.15179443359375 -0.326568603515625
-0.0177192687988281 -0.000980377197265621 -0.104034423828125 0.282073974609375
-0.00634193420410156 -0.0236625671386719 -0.279190063476563 -0.0342102050781249
0.00171279907226562 -0.04608154296875 -0.202789306640625 -0.47576904296875
0.0346508026123047 -0.0251750946044922 0.3004150390625 -0.6278076171875
0.0019383430480957 0.00562620162963867 0.85906982421875 -0.0123291015625
-0.0372314453125 -0.00521469116210937 0.6331787109375 0.79376220703125
0.00865936279296875 0.0188865661621094 0.0281372070312499 0.6607666015625
0.0110664367675781 0.0232276916503906 0.0630912780761719 -0.0392646789550781
0.00231361389160156 0.021453857421875 -0.17041015625 -0.72113037109375
0.00830650329589844 -0.0152912139892578 -0.8670654296875 -0.466552734375
0.0154228210449219 -0.0303115844726563 -0.72528076171875 0.452880859375
-0.000980377197265627 -0.0404548645019531 0.018310546875 0.66827392578125
-0.013671875 -0.0445632934570313 0.358551025390625 0.314178466796875
-0.0208530426025391 -0.00990486145019531 0.3309326171875 -0.126007080078125
-0.00112235546112061 0.0011134147644043 0.139984130859375 -0.326202392578125
-0.00965785980224609 -0.00385093688964844 -0.117218017578125 0.284088134765625
-0.00605010986328125 -0.0313014984130859 -0.291259765625 -0.0310363769531249
0.00269317626953124 -0.0500602722167969 -0.21014404296875 -0.47589111328125
0.0360603332519531 -0.0279083251953125 0.30023193359375 -0.62969970703125
-0.000222101807594299 -0.000272959470748901 0.8594970703125 -0.014404296875
-0.0469017028808594 -0.0243759155273438 0.63201904296875 0.78375244140625
0.0091543197631836 -0.0171270370483398 0.03192138671875 0.64251708984375
0.0235977172851563 -0.0166053771972656 0.0714569091796875 -0.0553359985351563
-0.00545549392700195 -0.00788784027099609 -0.17254638671875 -0.73272705078125
-0.00384140014648438 -0.0266494750976563 -0.86676025390625 -0.470703125
0.0135726928710938 -0.0331554412841797 -0.72222900390625 0.4549560546875
0.000427246093749999 -0.0431861877441406 0.01837158203125 0.67047119140625
-0.0153083801269531 -0.0494956970214844 0.355010986328125 0.31494140625
-0.0201969146728516 -0.016632080078125 0.32318115234375 -0.120941162109375
0.00541019439697266 -0.0022740364074707 0.127716064453125 -0.323974609375
-0.00118494033813477 -0.007080078125 -0.127960205078125 0.29058837890625
-0.005523681640625 -0.0340614318847656 -0.305511474609375 -0.0139465332031251
-0.000339508056640627 -0.0466079711914063 -0.237060546875 -0.460693359375
0.0320091247558594 -0.0246829986572266 0.26275634765625 -0.64190673828125
-0.00774765014648438 -0.00516891479492187 0.85028076171875 -0.0657958984375
-0.0601768493652344 -0.0463943481445312 0.66900634765625 0.7371826171875
0.0111961364746094 -0.0585250854492187 0.0612792968749999 0.63653564453125
0.0415420532226562 -0.0620002746582031 0.0745925903320313 -0.0475692749023438
-0.0107498168945312 -0.0446929931640625 -0.14361572265625 -0.740966796875
-0.0185546875 -0.0423316955566406 -0.84716796875 -0.51885986328125
0.00719070434570313 -0.0327777862548828 -0.752197265625 0.4189453125
0.00339889526367188 -0.038543701171875 -0.017822265625 0.67645263671875
-0.0131645202636719 -0.048492431640625 0.337615966796875 0.336669921875
-0.0176029205322266 -0.0211677551269531 0.31695556640625 -0.1041259765625
0.0130672454833984 -0.00489521026611328 0.118377685546875 -0.322540283203125
-0.0150327682495117 0.00342369079589844 -0.079345703125 0.291778564453125
0.0136556625366211 0.0162887573242188 -0.276336669921875 0.045074462890625
0.00307846069335937 0.0261402130126953 -0.302490234375 -0.380126953125
0.0028839111328125 0.0405769348144531 0.067626953125 -0.67242431640625
-0.0302352905273438 0.0280418395996094 0.7464599609375 -0.2969970703125
-0.0345993041992188 -0.0110626220703125 0.83636474609375 0.543212890625
0.036712646484375 0.0303802490234375 0.208984375 0.71966552734375
0.0313148498535156 0.0594253540039063 0.0399551391601563 0.116218566894531
0.0344905853271484 0.0338973999023438 -0.00421142578125003 -0.6512451171875
0.0170106887817383 -0.0172958374023438 -0.71807861328125 -0.69537353515625
-0.0175275802612305 -0.000919342041015626 -0.89288330078125 0.227294921875
-0.0165748596191406 0.0290145874023437 -0.20379638671875 0.68798828125
-0.00182914733886719 0.0274276733398438 0.265472412109375 0.4267578125
0.00481033325195312 0.0316028594970703 0.334442138671875 -0.0511474609375
0.00171947479248047 0.00934410095214844 0.163177490234375 -0.314544677734375
-0.0219936370849609 0.00420951843261719 -0.0760498046875 0.290252685546875
0.00531578063964844 0.0139646530151367 -0.266372680664063 0.0245361328125
0.000204086303710939 0.015467643737793 -0.27435302734375 -0.408233642578125
0.00336647033691406 0.0266990661621094 0.13037109375 -0.66900634765625
-0.0241260528564453 0.0241451263427734 0.7852783203125 -0.22454833984375
-0.0264663696289063 0.00079727172851563 0.7940673828125 0.62066650390625
0.0340957641601563 0.05206298828125 0.16290283203125 0.72052001953125
0.0191574096679688 0.0766754150390625 0.040283203125 0.0862655639648437
0.0313262939453125 0.0493278503417969 -0.0526123046874999 -0.664306640625
0.0212898254394531 -0.00760650634765625 -0.76898193359375 -0.62445068359375
-0.00729608535766601 -0.0022125244140625 -0.85418701171875 0.30242919921875
-0.00906753540039063 0.0148420333862305 -0.136962890625 0.68890380859375
-0.000715255737304688 0.0134267807006836 0.300048828125 0.39599609375
0.000724792480468751 0.0264301300048828 0.340728759765625 -0.076904296875
-0.00347661972045898 0.00856781005859375 0.16485595703125 -0.32086181640625
-0.0254955291748047 0.00542259216308594 -0.075531005859375 0.286468505859375
0.00167131423950195 0.00752973556518555 -0.263656616210937 0.00108337402343754
-0.0015106201171875 -0.000110983848571777 -0.246917724609375 -0.4345703125
0.00887107849121094 0.0115623474121094 0.1923828125 -0.6572265625
-0.016632080078125 0.0200386047363281 0.81768798828125 -0.14959716796875
-0.02276611328125 0.00848960876464844 0.74462890625 0.6927490234375
0.0274620056152344 0.0623207092285156 0.1114501953125 0.71148681640625
0.0105056762695313 0.0816116333007813 0.04302978515625 0.049560546875
0.0266304016113281 0.05596923828125 -0.10174560546875 -0.67547607421875
0.0221958160400391 -0.00390052795410156 -0.814697265625 -0.5540771484375
0.00137090682983399 -0.00870418548583985 -0.805908203125 0.37286376953125
-0.00575780868530273 -0.00107526779174805 -0.0706787109375 0.68682861328125
-0.00231003761291504 -0.00311183929443359 0.330078125 0.362762451171875
-0.00578498840332031 0.0187339782714844 0.3424072265625 -0.10186767578125
-0.00712871551513672 0.00753164291381836 0.163299560546875 -0.32513427734375
-0.0253410339355469 0.00507736206054687 -0.08111572265625 0.282379150390625
-0.00134158134460449 -0.00228285789489746 -0.264053344726563 -0.01800537109375
-0.00163745880126953 -0.0168313980102539 -0.222686767578125 -0.454437255859375
0.0177726745605469 -0.00433921813964844 0.24267578125 -0.6429443359375
-0.00824737548828125 0.0154561996459961 0.836181640625 -0.084716796875
-0.0246067047119141 0.0124092102050781 0.69635009765625 0.7449951171875
0.0194091796875 0.0596427917480469 0.0712890625 0.69549560546875
0.00622558593750001 0.073028564453125 0.0477218627929688 0.0126190185546875
0.02001953125 0.0517387390136719 -0.1429443359375 -0.688232421875
0.0204010009765625 -0.00522041320800781 -0.84429931640625 -0.49810791015625
0.00850105285644531 -0.0162467956542969 -0.76129150390625 0.423095703125
-0.00286102294921875 -0.0172395706176758 -0.01812744140625 0.67889404296875
-0.00610542297363281 -0.0193099975585938 0.3505859375 0.333740234375
-0.0125408172607422 0.00926685333251953 0.34075927734375 -0.119537353515625
-0.00769519805908203 0.00613641738891601 0.156463623046875 -0.327178955078125
-0.0221672058105469 0.00238609313964844 -0.0891876220703125 0.279891967773437
-0.00331783294677734 -0.0132522583007813 -0.269989013671875 -0.028289794921875
2.09808349609401E-05 -0.0338516235351563 -0.21142578125 -0.46490478515625
0.0269966125488281 -0.0179328918457031 0.275146484375 -0.63543701171875
-0.00141525268554687 0.0113744735717773 0.847900390625 -0.039794921875
-0.0295448303222656 0.00815200805664063 0.6593017578125 0.77496337890625
0.0129013061523437 0.0443038940429688 0.0462646484375 0.67523193359375
0.00622177124023438 0.0518112182617187 0.0542869567871094 -0.0183944702148437
0.0116195678710938 0.040130615234375 -0.16851806640625 -0.70257568359375
0.0151376724243164 -0.00934028625488281 -0.86407470703125 -0.4625244140625
0.0125770568847656 -0.0243968963623047 -0.73028564453125 0.45245361328125
-0.00242233276367188 -0.0308437347412109 0.0143432617187499 0.671630859375
-0.0116138458251953 -0.0336170196533203 0.359832763671875 0.316009521484375
-0.0174732208251953 -0.000771522521972656 0.335235595703125 -0.129425048828125
-0.00565195083618164 0.00319385528564453 0.146820068359375 -0.32806396484375
-0.0167675018310547 -0.000574111938476566 -0.099090576171875 0.281341552734375
-0.00533866882324219 -0.0236892700195312 -0.279891967773438 -0.0303192138671875
0.0012664794921875 -0.0446586608886719 -0.21087646484375 -0.471649169921875
0.0330982208251953 -0.0258846282958984 0.288818359375 -0.6285400390625
0.00233936309814453 0.00611972808837891 0.85504150390625 -0.02362060546875
-0.037353515625 -0.00282669067382812 0.64263916015625 0.781982421875
0.00880622863769531 0.0194244384765625 0.037109375 0.65753173828125
0.0113773345947266 0.0229549407958984 0.0621490478515625 -0.0399818420410156
0.00294685363769531 0.0207958221435547 -0.178955078125 -0.71514892578125
0.00777149200439453 -0.0162420272827148 -0.86865234375 -0.45263671875
0.0135021209716797 -0.0308132171630859 -0.71563720703125 0.46282958984375
-0.00133514404296875 -0.0408706665039063 0.0269775390624999 0.666748046875
-0.0148429870605469 -0.0438346862792969 0.360809326171875 0.309112548828125
-0.0206413269042969 -0.00910568237304688 0.32781982421875 -0.13134765625
-0.00123655796051025 0.000806570053100586 0.1348876953125 -0.327484130859375
-0.00890922546386719 -0.00448989868164063 -0.11236572265625 0.28448486328125
-0.00597190856933594 -0.0306682586669922 -0.292694091796875 -0.027740478515625
0.00157546997070313 -0.049957275390625 -0.217041015625 -0.47015380859375
0.034942626953125 -0.0285129547119141 0.2900390625 -0.631591796875
-0.000973522663116455 -0.000191092491149902 0.8560791015625 -0.02581787109375
-0.0469284057617188 -0.02203369140625 0.64263916015625 0.7724609375
0.00908851623535156 -0.0171833038330078 0.03912353515625 0.6392822265625
0.0229568481445312 -0.0169258117675781 0.0695877075195313 -0.0567245483398438
-0.00539302825927734 -0.00745010375976563 -0.1822509765625 -0.72955322265625
-0.00465202331542969 -0.0275859832763672 -0.86944580078125 -0.456787109375
0.0121994018554687 -0.0339164733886719 -0.71307373046875 0.46392822265625
-0.000228881835937497 -0.0425834655761719 0.02838134765625 0.6669921875
-0.015838623046875 -0.0490684509277344 0.358551025390625 0.30841064453125
-0.0203361511230469 -0.0169582366943359 0.320281982421875 -0.12664794921875
0.00523805618286133 -0.00263071060180664 0.12176513671875 -0.32476806640625
-0.00028085708618164 -0.00697851181030273 -0.1231689453125 0.28973388671875
-0.00478363037109375 -0.0334739685058594 -0.305908203125 -0.00991821289062499
-0.00146102905273437 -0.0474586486816406 -0.242523193359375 -0.455718994140625
0.0320758819580078 -0.0252666473388672 0.25286865234375 -0.64263916015625
-0.00758838653564453 -0.00476455688476562 0.8466796875 -0.07666015625
-0.0604095458984375 -0.0445823669433594 0.6768798828125 0.724365234375
0.00990676879882813 -0.0583610534667969 0.06793212890625 0.63238525390625
0.0409126281738281 -0.0616416931152344 0.0734329223632813 -0.0478744506835938
-0.0111961364746094 -0.0444374084472656 -0.15374755859375 -0.7359619140625
-0.0190048217773437 -0.0413360595703125 -0.8531494140625 -0.50628662109375
0.0059356689453125 -0.033355712890625 -0.74334716796875 0.429443359375
0.00194168090820313 -0.03948974609375 -0.0072021484375 0.67413330078125
-0.0140304565429687 -0.0471305847167969 0.34100341796875 0.331512451171875
-0.01824951171875 -0.0216922760009766 0.313934326171875 -0.108642578125
0.0130777359008789 -0.00505733489990234 0.11309814453125 -0.321319580078125
-0.0140905380249023 0.00364780426025391 -0.07452392578125 0.2901611328125
0.0142192840576172 0.0175466537475586 -0.275894165039063 0.048187255859375
0.00351142883300781 0.0264816284179688 -0.3062744140625 -0.373626708984375
0.00307464599609375 0.0400886535644531 0.05810546875 -0.66925048828125
-0.0306892395019531 0.0292644500732422 0.7393798828125 -0.30224609375
-0.0345058441162109 -0.00998687744140625 0.8360595703125 0.531005859375
0.0370635986328125 0.0302314758300781 0.217041015625 0.7103271484375
0.0323257446289063 0.0586738586425781 0.0406494140625 0.115554809570313
0.0351753234863281 0.0334053039550781 -0.01171875 -0.64697265625
0.0173768997192383 -0.0171279907226563 -0.721923828125 -0.6806640625
-0.0172357559204102 -0.00206565856933594 -0.884765625 0.2388916015625
-0.0157508850097656 0.0283603668212891 -0.193115234375 0.6864013671875
-0.00145149230957032 0.0277042388916016 0.268951416015625 0.422088623046875
0.00575828552246094 0.0319766998291016 0.331268310546875 -0.0550537109375
0.00193929672241211 0.0084381103515625 0.1580810546875 -0.31494140625
-0.0202312469482422 0.00485038757324219 -0.07177734375 0.288330078125
0.00676250457763672 0.0147485733032227 -0.265167236328125 0.0278472900390625
0.00110816955566406 0.0155935287475586 -0.27850341796875 -0.40386962890625
0.00419235229492187 0.0263309478759766 0.12091064453125 -0.66412353515625
-0.02484130859375 0.0241851806640625 0.7779541015625 -0.23309326171875
-0.0263385772705078 0.00181198120117187 0.7979736328125 0.6077880859375
0.034423828125 0.0503959655761719 0.169677734375 0.71221923828125
0.0208663940429688 0.075836181640625 0.0407180786132813 0.0848007202148438
0.0321159362792969 0.0486907958984375 -0.0604248046875 -0.65863037109375
0.0205955505371094 -0.00817489624023438 -0.77313232421875 -0.60992431640625
-0.00698518753051758 -0.00295495986938476 -0.8441162109375 0.314208984375
-0.00999832153320313 0.0154123306274414 -0.12713623046875 0.68988037109375
-0.00026416778564453 0.0133113861083984 0.303802490234375 0.38983154296875
0.00047111511230469 0.0265789031982422 0.33740234375 -0.0814208984375
-0.0032491683959961 0.00872373580932617 0.160430908203125 -0.320281982421875
-0.0235576629638672 0.0055694580078125 -0.071624755859375 0.283966064453125
0.00296163558959961 0.00808620452880859 -0.263229370117188 0.00361633300781251
-0.00113475322723389 -5.44786453247068E-05 -0.2523193359375 -0.43023681640625
0.00901126861572266 0.0108108520507813 0.1829833984375 -0.654541015625
-0.0155544281005859 0.0202579498291016 0.80950927734375 -0.158447265625
-0.0228290557861328 0.0102062225341797 0.750244140625 0.67816162109375
0.0281867980957031 0.0613937377929688 0.1207275390625 0.70538330078125
0.011810302734375 0.0810775756835938 0.0431137084960938 0.0481033325195313
0.0277786254882812 0.0552253723144531 -0.10931396484375 -0.6693115234375
0.0217151641845703 -0.00435066223144531 -0.81671142578125 -0.54052734375
0.00124549865722656 -0.0089263916015625 -0.79736328125 0.38214111328125
-0.00576210021972656 -0.00101232528686523 -0.0607299804687499 0.684326171875
-0.00238561630249023 -0.00301671028137207 0.332794189453125 0.3572998046875
-0.00649070739746094 0.0184001922607422 0.338775634765625 -0.10552978515625
-0.00651121139526367 0.0079197883605957 0.158447265625 -0.326019287109375
-0.024078369140625 0.00510215759277344 -0.07745361328125 0.28167724609375
-0.000656366348266602 -0.0022580623626709 -0.263519287109375 -0.0142059326171875
-0.00116825103759765 -0.0168628692626953 -0.228607177734375 -0.44744873046875
0.0168123245239258 -0.00484848022460938 0.23333740234375 -0.64239501953125
-0.00843048095703125 0.0156917572021484 0.83026123046875 -0.09344482421875
-0.0241241455078125 0.0138320922851563 0.70111083984375 0.7344970703125
0.0202980041503906 0.0587272644042969 0.0799560546875001 0.68878173828125
0.0066986083984375 0.0723037719726563 0.0472373962402344 0.0123405456542969
0.0211715698242187 0.0518112182617188 -0.14959716796875 -0.68170166015625
0.0194854736328125 -0.00516128540039063 -0.84808349609375 -0.4847412109375
0.00725746154785156 -0.017364501953125 -0.7525634765625 0.43170166015625
-0.00371074676513672 -0.017521858215332 -0.0101318359375 0.67645263671875
-0.00688934326171875 -0.0189380645751953 0.3533935546875 0.328582763671875
-0.0121135711669922 0.00981712341308594 0.336944580078125 -0.123779296875
-0.00782871246337891 0.00602436065673828 0.151275634765625 -0.3277587890625
-0.0210037231445313 0.00346755981445312 -0.084259033203125 0.279037475585938
-0.00310420989990234 -0.0125856399536133 -0.2696533203125 -0.0246887207031249
-0.00104331970214844 -0.0334300994873047 -0.21807861328125 -0.459747314453125
0.0262622833251953 -0.017333984375 0.26654052734375 -0.633544921875
-0.00158500671386719 0.0114040374755859 0.84368896484375 -0.05133056640625
-0.0301074981689453 0.0101299285888672 0.66558837890625 0.761962890625
0.0130043029785156 0.0437660217285156 0.05401611328125 0.6688232421875
0.00675964355468749 0.0517120361328125 0.0535049438476562 -0.0177955627441406
0.0125007629394531 0.0398445129394531 -0.17755126953125 -0.69549560546875
0.0146970748901367 -0.00993061065673828 -0.86431884765625 -0.45086669921875
0.0113544464111328 -0.0248508453369141 -0.71954345703125 0.46051025390625
-0.00310516357421875 -0.031585693359375 0.024658203125 0.6700439453125
-0.0113964080810547 -0.0326728820800781 0.362274169921875 0.30987548828125
-0.0169286727905273 0.000127792358398435 0.331787109375 -0.133880615234375
-0.0055241584777832 0.00375509262084961 0.141265869140625 -0.328857421875
-0.01531982421875 -0.000411987304687501 -0.095184326171875 0.279617309570313
-0.0043182373046875 -0.0228404998779297 -0.27862548828125 -0.0264739990234375
0.00123214721679688 -0.0442085266113281 -0.215972900390625 -0.465423583984375
0.0330543518066406 -0.0261878967285156 0.279541015625 -0.6282958984375
0.00130748748779297 0.0061039924621582 0.85107421875 -0.034912109375
-0.0365028381347656 -0.00144577026367187 0.650146484375 0.7681884765625
0.00952911376953125 0.0184974670410156 0.0439453125 0.6517333984375
0.0114326477050781 0.0221023559570313 0.0599403381347656 -0.0398216247558594
0.00388717651367188 0.0211048126220703 -0.18707275390625 -0.7091064453125
0.0068368911743164 -0.0167436599731445 -0.87078857421875 -0.43951416015625
0.0134563446044922 -0.0309295654296875 -0.70623779296875 0.4715576171875
-0.00254440307617188 -0.0405769348144531 0.0369873046875 0.66522216796875
-0.0146865844726563 -0.0430221557617188 0.36285400390625 0.302398681640625
-0.0199394226074219 -0.008941650390625 0.3253173828125 -0.134765625
-0.000867128372192383 0.000406444072723389 0.12982177734375 -0.327117919921875
-0.00737476348876953 -0.00461912155151367 -0.108123779296875 0.283599853515625
-0.00485610961914063 -0.0300922393798828 -0.291717529296875 -0.0238342285156251
0.00142669677734375 -0.04888916015625 -0.2230224609375 -0.46502685546875
0.0345630645751953 -0.0292835235595703 0.28155517578125 -0.63079833984375
-0.00165748596191406 -0.000609517097473145 0.85272216796875 -0.0360107421875
-0.0468521118164063 -0.0205421447753906 0.647705078125 0.7608642578125
0.00951099395751953 -0.0167055130004883 0.0469970703125001 0.63311767578125
0.0228214263916016 -0.0173740386962891 0.0680885314941406 -0.056243896484375
-0.00547504425048828 -0.00717592239379883 -0.19073486328125 -0.7208251953125
-0.00514602661132813 -0.0267829895019531 -0.871337890625 -0.44427490234375
0.010650634765625 -0.0345535278320313 -0.70379638671875 0.47265625
-0.000862121582031249 -0.0433769226074219 0.0386352539062499 0.664794921875
-0.0170478820800781 -0.0479774475097656 0.35980224609375 0.30352783203125
-0.0207309722900391 -0.0161647796630859 0.3172607421875 -0.12969970703125
0.00610446929931641 -0.00307989120483398 0.117279052734375 -0.32489013671875
0.000406265258789062 -0.00726461410522461 -0.119049072265625 0.290191650390625
-0.00385093688964844 -0.0332202911376953 -0.305755615234375 -0.00631713867187503
-0.00123977661132812 -0.0455131530761719 -0.249664306640625 -0.450286865234375
0.0307941436767578 -0.0259857177734375 0.244873046875 -0.6431884765625
-0.00816822052001953 -0.00403976440429688 0.84130859375 -0.08465576171875
-0.0600471496582031 -0.0430679321289063 0.6810302734375 0.7125244140625
0.00962829589843749 -0.0588569641113281 0.0750732421875 0.62664794921875
0.0394744873046875 -0.0627555847167969 0.0706710815429688 -0.0481796264648438
-0.0111312866210938 -0.04241943359375 -0.1610107421875 -0.72833251953125
-0.0203208923339844 -0.0410614013671875 -0.85382080078125 -0.49188232421875
0.00544929504394531 -0.0339145660400391 -0.7335205078125 0.43890380859375
0.00149917602539062 -0.0386009216308594 0.00201416015624999 0.671875
-0.0143356323242188 -0.0466384887695312 0.3443603515625 0.326080322265625
-0.01800537109375 -0.020538330078125 0.311126708984375 -0.112945556640625
0.0127811431884766 -0.00572586059570313 0.10772705078125 -0.3218994140625
-0.0120744705200195 0.00372505187988281 -0.0704345703125 0.288543701171875
0.0154685974121094 0.0170917510986328 -0.27392578125 0.0505828857421875
0.00457382202148437 0.0271339416503906 -0.310394287109375 -0.367950439453125
0.00341033935546875 0.0400810241699219 0.05108642578125 -0.66375732421875
-0.0301094055175781 0.02978515625 0.732177734375 -0.30859375
-0.0351753234863281 -0.00812149047851563 0.83740234375 0.51739501953125
0.0381851196289063 0.0290107727050781 0.222412109375 0.7027587890625
0.0328292846679687 0.057952880859375 0.04193115234375 0.113945007324219
0.0353469848632813 0.0329475402832031 -0.01904296875 -0.64251708984375
0.0160198211669922 -0.0168590545654297 -0.7261962890625 -0.6688232421875
-0.0169191360473633 -0.00123882293701172 -0.87750244140625 0.24798583984375
-0.0149898529052734 0.0286884307861328 -0.18426513671875 0.6884765625
-0.00116539001464844 0.02703857421875 0.272918701171875 0.418121337890625
0.00597381591796875 0.0318012237548828 0.32891845703125 -0.058868408203125
0.00246906280517578 0.00901985168457031 0.152984619140625 -0.31536865234375
-0.019073486328125 0.00484275817871094 -0.066619873046875 0.2872314453125
0.00719165802001953 0.0153732299804688 -0.264007568359375 0.0291900634765625
0.000979423522949218 0.0161056518554687 -0.28228759765625 -0.397979736328125
0.00475692749023437 0.0261993408203125 0.11236572265625 -0.661376953125
-0.0242042541503906 0.0251808166503906 0.76959228515625 -0.23858642578125
-0.0269069671630859 0.00296592712402344 0.80059814453125 0.59368896484375
0.0357246398925781 0.0494728088378906 0.17510986328125 0.70556640625
0.020965576171875 0.0755386352539063 0.0408782958984375 0.0839309692382813
0.0323944091796875 0.0482139587402344 -0.06597900390625 -0.65234375
0.0197219848632813 -0.00867462158203125 -0.7740478515625 -0.59820556640625
-0.00857305526733398 -0.00430631637573242 -0.8363037109375 0.32232666015625
-0.00967979431152344 0.0149545669555664 -0.11822509765625 0.68597412109375
-0.000224113464355469 0.0132780075073242 0.306915283203125 0.3857421875
0.000597000122070315 0.0266990661621094 0.334686279296875 -0.084259033203125
-0.00296163558959961 0.00864648818969727 0.156219482421875 -0.320709228515625
-0.0217094421386719 0.00558280944824219 -0.067291259765625 0.282958984375
0.00357675552368164 0.00749588012695313 -0.261978149414063 0.00621032714843747
-0.000796377658843994 0.00107187032699585 -0.255828857421875 -0.42413330078125
0.00870800018310547 0.0103912353515625 0.1741943359375 -0.6522216796875
-0.0166301727294922 0.0197734832763672 0.80322265625 -0.1650390625
-0.0227909088134766 0.0113849639892578 0.7518310546875 0.666015625
0.028900146484375 0.0609359741210937 0.125 0.697265625
0.0124969482421875 0.0805740356445313 0.04278564453125 0.048431396484375
0.0280494689941406 0.0547065734863281 -0.11474609375 -0.664306640625
0.0210895538330078 -0.00511360168457031 -0.81695556640625 -0.5274658203125
0.000297546386718749 -0.00949287414550781 -0.7872314453125 0.38916015625
-0.005157470703125 -0.00202512741088867 -0.05377197265625 0.6839599609375
-0.00223135948181152 -0.00284409523010254 0.33428955078125 0.352294921875
-0.00567626953125 0.0192775726318359 0.336212158203125 -0.10858154296875
-0.00607872009277344 0.00790739059448242 0.15289306640625 -0.326263427734375
-0.0225257873535156 0.00543403625488281 -0.072540283203125 0.279037475585938
1.88946723937988E-05 -0.000968456268310547 -0.264266967773438 -0.0116119384765625
-0.00120067596435547 -0.0163745880126953 -0.23291015625 -0.44317626953125
0.0165281295776367 -0.00536251068115234 0.22540283203125 -0.64019775390625
-0.00817298889160156 0.0160131454467773 0.8245849609375 -0.10369873046875
-0.0234870910644531 0.0152244567871094 0.70416259765625 0.72064208984375
0.0204887390136719 0.0579795837402344 0.0860595703125 0.68115234375
0.00753021240234376 0.071563720703125 0.0463485717773438 0.0119781494140625
0.0223541259765625 0.0519371032714844 -0.1566162109375 -0.67584228515625
0.0187873840332031 -0.00563240051269531 -0.84649658203125 -0.472900390625
0.00570106506347656 -0.0178260803222656 -0.7437744140625 0.43853759765625
-0.00442409515380859 -0.0169620513916016 -0.00128173828125001 0.6737060546875
-0.00657844543457031 -0.01904296875 0.354705810546875 0.32269287109375
-0.0112409591674805 0.010340690612793 0.333984375 -0.12664794921875
-0.0073552131652832 0.00565862655639648 0.14642333984375 -0.32763671875
-0.018951416015625 0.00261878967285157 -0.0806732177734375 0.2774658203125
-0.00164127349853515 -0.0118827819824219 -0.269439697265625 -0.0214080810546875
9.15527343749969E-05 -0.0318508148193359 -0.222625732421875 -0.456024169921875
0.0257530212402344 -0.0185127258300781 0.25750732421875 -0.62994384765625
-0.00182151794433594 0.0111579895019531 0.83770751953125 -0.0587158203125
-0.0292205810546875 0.0112552642822266 0.67083740234375 0.7518310546875
0.0143013000488281 0.0428810119628906 0.05987548828125 0.66357421875
0.00735092163085937 0.0507316589355469 0.0528411865234375 -0.0185546875
0.013885498046875 0.0401229858398438 -0.1829833984375 -0.689208984375
0.0142145156860352 -0.00991249084472656 -0.86383056640625 -0.43743896484375
0.0105171203613281 -0.0255088806152344 -0.7120361328125 0.46759033203125
-0.00397300720214844 -0.0317554473876953 0.03216552734375 0.665771484375
-0.0115413665771484 -0.0322933197021484 0.363433837890625 0.30413818359375
-0.0169544219970703 0.000953674316406247 0.328369140625 -0.136749267578125
-0.00552988052368164 0.00393152236938476 0.13671875 -0.328216552734375
-0.0138492584228516 -0.00110435485839844 -0.0908660888671875 0.27911376953125
-0.00391006469726562 -0.0227336883544922 -0.2794189453125 -0.0235748291015625
0.000312805175781254 -0.0441627502441406 -0.221893310546875 -0.460906982421875
0.0317592620849609 -0.0278835296630859 0.27197265625 -0.626953125
0.00132369995117188 0.0049901008605957 0.8450927734375 -0.04266357421875
-0.0368995666503906 0.000259399414062498 0.65374755859375 0.75677490234375
0.0102005004882813 0.0180091857910156 0.0494384765625 0.64581298828125
0.0119247436523438 0.0210132598876953 0.0591011047363281 -0.0406837463378906
0.00432205200195312 0.0207672119140625 -0.194091796875 -0.7017822265625
0.00659465789794922 -0.0161828994750977 -0.86944580078125 -0.427490234375
0.0119380950927734 -0.0310173034667969 -0.696533203125 0.47821044921875
-0.0030975341796875 -0.039947509765625 0.041748046875 0.662353515625
-0.0152969360351563 -0.0425224304199219 0.36431884765625 0.2974853515625
-0.0202045440673828 -0.00844764709472656 0.32171630859375 -0.137786865234375
-0.000632584095001221 0.000358521938323975 0.125152587890625 -0.326629638671875
-0.00700187683105469 -0.00527238845825195 -0.104522705078125 0.283294677734375
-0.00388717651367188 -0.0290756225585937 -0.29168701171875 -0.02044677734375
0.000434875488281253 -0.0482597351074219 -0.228363037109375 -0.46026611328125
0.0332870483398438 -0.0299949645996094 0.27215576171875 -0.6290283203125
-0.00148117542266846 0.000120043754577637 0.84552001953125 -0.0452880859375
-0.0470352172851563 -0.0188179016113281 0.6507568359375 0.74908447265625
0.00887107849121094 -0.0177268981933594 0.0526733398437501 0.627197265625
0.0224666595458984 -0.0174541473388672 0.066497802734375 -0.0571098327636719
-0.00475502014160156 -0.00743675231933594 -0.19622802734375 -0.71319580078125
-0.00594520568847657 -0.0269184112548828 -0.87139892578125 -0.43011474609375
0.00963973999023438 -0.0346012115478516 -0.6927490234375 0.47821044921875
-0.00215530395507812 -0.0428657531738281 0.04449462890625 0.6614990234375
-0.0169868469238281 -0.0469284057617188 0.3621826171875 0.29913330078125
-0.0199012756347656 -0.0156135559082031 0.312591552734375 -0.132965087890625
0.00548553466796875 -0.00260591506958008 0.111328125 -0.32330322265625
0.00202226638793945 -0.00780677795410156 -0.114501953125 0.28863525390625
-0.00317192077636719 -0.0321540832519531 -0.30517578125 -0.00265502929687498
-0.00160980224609375 -0.0446968078613281 -0.25469970703125 -0.444580078125
0.0303821563720703 -0.02667236328125 0.2362060546875 -0.64056396484375
-0.00917148590087891 -0.00386428833007812 0.8360595703125 -0.09515380859375
-0.0605659484863281 -0.0411262512207031 0.6839599609375 0.70123291015625
0.00998306274414062 -0.0580482482910156 0.080810546875 0.6202392578125
0.0390968322753906 -0.0630226135253906 0.0699729919433594 -0.0479354858398438
-0.0118560791015625 -0.0428199768066406 -0.16851806640625 -0.72332763671875
-0.0209236145019531 -0.0403861999511719 -0.85400390625 -0.47869873046875
0.00348281860351563 -0.0332756042480469 -0.72430419921875 0.44293212890625
0.000576019287109373 -0.0397720336914063 0.00909423828124998 0.6690673828125
-0.0151290893554687 -0.0460205078125 0.344512939453125 0.32073974609375
-0.0178260803222656 -0.0201053619384766 0.30780029296875 -0.116058349609375
0.0127992630004883 -0.00635719299316406 0.104095458984375 -0.320709228515625
-0.0110569000244141 0.00371646881103515 -0.067230224609375 0.285430908203125
0.0166378021240234 0.0167207717895508 -0.27288818359375 0.0516204833984375
0.00449180603027344 0.0280685424804688 -0.312225341796875 -0.36090087890625
0.00362396240234375 0.0392532348632813 0.0433349609375001 -0.6590576171875
-0.0301170349121094 0.0296878814697266 0.722412109375 -0.31329345703125
-0.0344581604003906 -0.00696563720703125 0.837890625 0.504638671875
0.0381355285644531 0.0279617309570313 0.22723388671875 0.69293212890625
0.0331649780273438 0.057342529296875 0.0419082641601562 0.113143920898437
0.0353546142578125 0.0327377319335938 -0.02264404296875 -0.6365966796875
0.0158462524414063 -0.0177497863769531 -0.72442626953125 -0.656982421875
-0.01715087890625 -0.00139427185058594 -0.86785888671875 0.25421142578125
-0.015716552734375 0.0290889739990234 -0.1759033203125 0.685302734375
-1.7166137695313E-05 0.0275630950927734 0.27459716796875 0.412628173828125
0.007232666015625 0.0314807891845703 0.32562255859375 -0.06085205078125
0.00291347503662109 0.00863504409790039 0.1500244140625 -0.31439208984375
-0.0173072814941406 0.00415515899658203 -0.0631103515625 0.28460693359375
0.0088043212890625 0.0151166915893555 -0.26318359375 0.0315399169921875
0.000906944274902344 0.01727294921875 -0.285491943359375 -0.39080810546875
0.0042877197265625 0.0251998901367188 0.1060791015625 -0.656494140625
-0.0246753692626953 0.0253276824951172 0.76226806640625 -0.24383544921875
-0.0261096954345703 0.00373649597167968 0.799560546875 0.58160400390625
0.0362052917480469 0.0497665405273437 0.17962646484375 0.69683837890625
0.0219345092773437 0.07476806640625 0.0410385131835938 0.08306884765625
0.0337982177734375 0.0479278564453125 -0.0718383789062499 -0.64556884765625
0.0197677612304688 -0.00798225402832031 -0.77471923828125 -0.586181640625
-0.00854635238647461 -0.00391101837158203 -0.82562255859375 0.32818603515625
-0.00944042205810547 0.0146989822387695 -0.11053466796875 0.68585205078125
6.5803527832032E-05 0.0133991241455078 0.308746337890625 0.380767822265625
0.00142097473144532 0.0270481109619141 0.331298828125 -0.087066650390625
-0.00218009948730469 0.00897216796875 0.151611328125 -0.319580078125
-0.0206775665283203 0.00571060180664062 -0.0641326904296875 0.280609130859375
0.00399303436279297 0.0088052749633789 -0.26031494140625 0.00819396972656246
-0.00089263916015625 0.00147831439971924 -0.260284423828125 -0.4171142578125
0.00851345062255859 0.0103664398193359 0.16656494140625 -0.6473388671875
-0.0155544281005859 0.0205135345458984 0.7957763671875 -0.17108154296875
-0.0221271514892578 0.0121746063232422 0.7529296875 0.6519775390625
0.0293502807617188 0.05902099609375 0.13031005859375 0.6885986328125
0.0126113891601562 0.0799102783203125 0.0425643920898438 0.0475616455078125
0.0291748046875 0.0540657043457031 -0.12078857421875 -0.6578369140625
0.0204658508300781 -0.00447845458984375 -0.816162109375 -0.517578125
6.19888305664069E-05 -0.00934791564941406 -0.7786865234375 0.39361572265625
-0.006011962890625 -0.00123691558837891 -0.0455932617187499 0.6802978515625
-0.00261855125427246 -0.00161147117614746 0.33587646484375 0.346527099609375
-0.00432205200195313 0.0188713073730469 0.332366943359375 -0.1124267578125
-0.006195068359375 0.0080108642578125 0.1484375 -0.323974609375
-0.0212001800537109 0.00517463684082031 -0.0683441162109375 0.277679443359375
0.00111877918243408 -0.000627875328063965 -0.262771606445313 -0.00962829589843745
-0.0017538070678711 -0.0158224105834961 -0.238250732421875 -0.43670654296875
0.0165224075317383 -0.00594139099121094 0.21856689453125 -0.63580322265625
-0.0085439682006836 0.0163936614990234 0.81903076171875 -0.10797119140625
-0.0231361389160156 0.0159473419189453 0.70611572265625 0.70648193359375
0.0214080810546875 0.0573692321777344 0.0899047851562501 0.6751708984375
0.00848388671875 0.0704727172851563 0.0465049743652344 0.0117950439453125
0.0222663879394531 0.0516204833984375 -0.1605224609375 -0.66790771484375
0.0188579559326172 -0.00554084777832031 -0.84429931640625 -0.45977783203125
0.00571250915527344 -0.0179271697998047 -0.734130859375 0.44500732421875
-0.00458145141601563 -0.0183658599853516 0.00585937499999995 0.66815185546875
-0.00636672973632813 -0.0176448822021484 0.355499267578125 0.317840576171875
-0.011103630065918 0.0097808837890625 0.32904052734375 -0.129791259765625
-0.00650358200073242 0.00635814666748047 0.141815185546875 -0.325897216796875
-0.018707275390625 0.00285720825195313 -0.0763397216796875 0.275665283203125
-0.00160789489746094 -0.0107631683349609 -0.268661499023438 -0.0194549560546875
-0.000392913818359376 -0.0315628051757813 -0.226348876953125 -0.448516845703125
0.0246238708496094 -0.0195980072021484 0.24896240234375 -0.6278076171875
-0.00219249725341797 0.0108976364135742 0.830078125 -0.06585693359375
-0.0290260314941406 0.0121555328369141 0.6715087890625 0.73675537109375
0.0142745971679687 0.0419540405273438 0.0643310546875 0.65802001953125
0.0077667236328125 0.0501937866210938 0.0516853332519531 -0.0185432434082031
0.0138206481933594 0.0394515991210938 -0.1893310546875 -0.679443359375
0.0134754180908203 -0.00971317291259766 -0.861572265625 -0.42620849609375
0.00910377502441406 -0.0254936218261719 -0.70074462890625 0.471923828125
-0.0043182373046875 -0.0313262939453125 0.03802490234375 0.6614990234375
-0.011322021484375 -0.032257080078125 0.364105224609375 0.29852294921875
-0.0167217254638672 0.00161838531494141 0.324310302734375 -0.138946533203125
-0.00530624389648437 0.00308561325073242 0.13128662109375 -0.32684326171875
-0.0131511688232422 -0.00113582611083984 -0.087982177734375 0.277313232421875
-0.0032958984375 -0.0215950012207031 -0.278091430664063 -0.0212249755859375
-0.000129699707031245 -0.0426101684570313 -0.22503662109375 -0.45404052734375
0.0311870574951172 -0.0266094207763672 0.26495361328125 -0.6231689453125
0.00103378295898437 0.00548219680786133 0.8388671875 -0.048828125
-0.036529541015625 0.0016021728515625 0.6566162109375 0.7431640625
0.0105361938476563 0.0179080963134766 0.05499267578125 0.63861083984375
0.0121383666992188 0.0212326049804688 0.0574951171875 -0.0399665832519531
0.00451850891113281 0.0215282440185547 -0.19818115234375 -0.69378662109375
0.00471973419189453 -0.0160179138183594 -0.86590576171875 -0.41595458984375
0.0110702514648438 -0.0318870544433594 -0.68780517578125 0.48199462890625
-0.0037994384765625 -0.0404052734375 0.04931640625 0.65740966796875
-0.0152664184570312 -0.0419692993164063 0.363800048828125 0.291412353515625
-0.0199527740478516 -0.00773239135742188 0.316986083984375 -0.1405029296875
-0.000452339649200439 -0.000603199005126953 0.11993408203125 -0.325286865234375
-0.0052785873413086 -0.00491666793823242 -0.100631713867188 0.280776977539062
-0.00300216674804687 -0.0283298492431641 -0.290435791015625 -0.017303466796875
-2.67028808593725E-05 -0.0475082397460937 -0.232025146484375 -0.453521728515625
0.0323314666748047 -0.0306587219238281 0.26483154296875 -0.6265869140625
-0.00247621536254883 -0.000234842300415039 0.83831787109375 -0.05096435546875
-0.0464973449707031 -0.0181846618652344 0.6534423828125 0.73529052734375
0.00969409942626953 -0.0172462463378906 0.05706787109375 0.621826171875
0.0226669311523438 -0.0176105499267578 0.065032958984375 -0.056427001953125
-0.00455474853515625 -0.0078582763671875 -0.2020263671875 -0.70550537109375
-0.00665855407714843 -0.0258979797363281 -0.868896484375 -0.4178466796875
0.00930023193359375 -0.0347347259521484 -0.68365478515625 0.48187255859375
-0.00280380249023437 -0.0431747436523438 0.0521240234374999 0.65765380859375
-0.01702880859375 -0.0475616455078125 0.361724853515625 0.292022705078125
-0.0202693939208984 -0.0146923065185547 0.30987548828125 -0.135040283203125
0.00532913208007813 -0.00362014770507813 0.10821533203125 -0.321990966796875
0.00202083587646484 -0.00867700576782227 -0.1104736328125 0.287078857421875
-0.00286102294921875 -0.0323429107666016 -0.303436279296875 0.000793457031250054
-0.00241851806640625 -0.0449256896972656 -0.257965087890625 -0.438507080078125
0.0288925170898438 -0.0269412994384766 0.22772216796875 -0.63690185546875
-0.00986003875732422 -0.00389671325683594 0.828125 -0.10174560546875
-0.0604934692382813 -0.0390396118164062 0.68719482421875 0.68731689453125
0.00839614868164062 -0.0581779479980469 0.0842895507812501 0.61474609375
0.0388259887695312 -0.0634002685546875 0.0694236755371094 -0.0480842590332031
-0.0116195678710938 -0.0422439575195313 -0.17352294921875 -0.71417236328125
-0.0215568542480469 -0.0400123596191406 -0.85321044921875 -0.46649169921875
0.00276756286621094 -0.033905029296875 -0.71612548828125 0.4483642578125
-0.000694274902343754 -0.0390815734863281 0.0154418945312499 0.6658935546875
-0.0155677795410156 -0.0452232360839844 0.345184326171875 0.31488037109375
-0.0177345275878906 -0.0197982788085938 0.30401611328125 -0.11846923828125
0.013031005859375 -0.00587558746337891 0.09912109375 -0.319366455078125
-0.0100698471069336 0.0029306411743164 -0.064361572265625 0.2833251953125
0.0168085098266602 0.0164690017700195 -0.271102905273438 0.0538177490234375
0.00468254089355469 0.028350830078125 -0.314300537109375 -0.356842041015625
0.0042572021484375 0.0381431579589844 0.038330078125 -0.654541015625
-0.0288562774658203 0.0292205810546875 0.71368408203125 -0.31524658203125
-0.0346832275390625 -0.00533866882324219 0.835693359375 0.494140625
0.0387039184570313 0.0279426574707031 0.22930908203125 0.68402099609375
0.0330657958984375 0.0558090209960938 0.0423660278320313 0.112602233886719
0.0356712341308594 0.0314559936523438 -0.028564453125 -0.63055419921875
0.0148906707763672 -0.0181121826171875 -0.72418212890625 -0.64501953125
-0.0176925659179688 -0.00201797485351562 -0.859130859375 0.261474609375
-0.0148658752441406 0.0285854339599609 -0.168212890625 0.6829833984375
-0.000268936157226564 0.0273475646972656 0.276397705078125 0.4075927734375
0.00697708129882812 0.0314369201660156 0.322540283203125 -0.063262939453125
0.00337553024291992 0.00868701934814453 0.1436767578125 -0.313018798828125
-0.0159873962402344 0.00427722930908203 -0.059783935546875 0.282073974609375
0.0085916519165039 0.015965461730957 -0.261260986328125 0.03265380859375
0.00142860412597656 0.0178070068359375 -0.288421630859375 -0.386322021484375
0.0049285888671875 0.0246181488037109 0.0999145507812499 -0.650146484375
-0.0236415863037109 0.0257682800292969 0.7540283203125 -0.24774169921875
-0.0255775451660156 0.00518608093261718 0.79840087890625 0.56842041015625
0.0366287231445313 0.0484199523925781 0.18359375 0.68768310546875
0.0228195190429688 0.0732955932617188 0.041259765625 0.082489013671875
0.0339775085449219 0.0476226806640625 -0.07470703125 -0.6397705078125
0.0190277099609375 -0.008514404296875 -0.77239990234375 -0.57513427734375
-0.00890636444091797 -0.0040273666381836 -0.81781005859375 0.33392333984375
-0.00968265533447265 0.0142784118652344 -0.1033935546875 0.6829833984375
0.000441551208496092 0.0136289596557617 0.308837890625 0.375030517578125
0.00225448608398438 0.0272121429443359 0.32830810546875 -0.08868408203125
-0.00198554992675781 0.00921344757080078 0.14617919921875 -0.318389892578125
-0.0192203521728516 0.00577163696289062 -0.0603485107421875 0.278274536132813
0.00551891326904297 0.00906944274902344 -0.259231567382813 0.00912475585937506
-0.00146698951721191 0.00194275379180908 -0.2626953125 -0.41229248046875
0.00884819030761719 0.00935745239257813 0.16064453125 -0.64263916015625
-0.0165863037109375 0.0211925506591797 0.78741455078125 -0.1746826171875
-0.0215263366699219 0.0139560699462891 0.75274658203125 0.6417236328125
0.0298423767089844 0.059814453125 0.134033203125 0.68121337890625
0.0142593383789063 0.0786361694335938 0.0421600341796875 0.0466194152832031
0.0291671752929688 0.0535545349121094 -0.1243896484375 -0.65045166015625
0.0211925506591797 -0.00542259216308594 -0.81451416015625 -0.50543212890625
-0.000708580017089844 -0.0102872848510742 -0.769287109375 0.3995361328125
-0.00601482391357422 -0.00240850448608398 -0.0393676757812501 0.67633056640625
-0.00268840789794922 -0.00221323966979981 0.33648681640625 0.34014892578125
-0.004150390625 0.0192832946777344 0.32958984375 -0.113555908203125
-0.00544977188110352 0.00738430023193359 0.144927978515625 -0.32232666015625
-0.0196857452392578 0.00517845153808594 -0.0655975341796875 0.274917602539063
0.00216364860534668 -0.000601649284362793 -0.261520385742188 -0.0073394775390625
-0.000670433044433595 -0.014918327331543 -0.24017333984375 -0.43109130859375
0.0162534713745117 -0.00596141815185547 0.2110595703125 -0.63104248046875
-0.00757026672363282 0.0161447525024414 0.81085205078125 -0.1131591796875
-0.0235347747802734 0.0168266296386719 0.70526123046875 0.69549560546875
0.0219802856445313 0.0564537048339844 0.09503173828125 0.667236328125
0.009307861328125 0.070648193359375 0.0452346801757813 0.0107765197753906
0.0231056213378906 0.0513534545898438 -0.16448974609375 -0.66094970703125
0.0180301666259766 -0.00531387329101562 -0.840576171875 -0.4482421875
0.00586700439453125 -0.0185661315917969 -0.72332763671875 0.44708251953125
-0.00463485717773438 -0.0177021026611328 0.0104980468749999 0.66448974609375
-0.00750350952148437 -0.0185585021972656 0.35540771484375 0.3116455078125
-0.0109643936157227 0.0103139877319336 0.32623291015625 -0.131988525390625
-0.0060572624206543 0.00630044937133789 0.13836669921875 -0.32440185546875
-0.0166501998901367 0.00242042541503906 -0.0741729736328125 0.27374267578125
-0.0007171630859375 -0.0109663009643555 -0.268463134765625 -0.017608642578125
-0.000761032104492189 -0.0313224792480469 -0.229095458984375 -0.44342041015625
0.0245170593261719 -0.0196552276611328 0.24371337890625 -0.62396240234375
-0.00215816497802734 0.0117425918579102 0.824951171875 -0.07037353515625
-0.0281963348388672 0.013031005859375 0.67156982421875 0.7252197265625
0.014923095703125 0.0421257019042969 0.068115234375 0.6494140625
0.008514404296875 0.0501899719238281 0.0504951477050781 -0.0185508728027344
0.0141410827636719 0.0395393371582031 -0.19122314453125 -0.6734619140625
0.0129928588867188 -0.00925064086914063 -0.85882568359375 -0.415283203125
0.00855636596679688 -0.0265693664550781 -0.69189453125 0.475341796875
-0.00421142578125 -0.0314121246337891 0.043701171875 0.6590576171875
-0.0123252868652344 -0.031097412109375 0.3631591796875 0.2938232421875
-0.0161809921264648 0.00163364410400391 0.320281982421875 -0.14093017578125
-0.00433564186096191 0.00352668762207031 0.127685546875 -0.324859619140625
-0.0118913650512695 -0.00138473510742188 -0.083984375 0.27496337890625
-0.00301551818847656 -0.0214939117431641 -0.277847290039063 -0.018646240234375
-0.000427246093749999 -0.0426521301269531 -0.2281494140625 -0.447113037109375
0.02996826171875 -0.0282058715820313 0.257568359375 -0.6202392578125
0.000398635864257813 0.00605249404907226 0.8306884765625 -0.05450439453125
-0.035675048828125 0.0016326904296875 0.65655517578125 0.73223876953125
0.0112724304199219 0.0175094604492188 0.059814453125 0.6324462890625
0.0120468139648438 0.0202732086181641 0.0558509826660156 -0.0399627685546875
0.00511741638183594 0.0212783813476563 -0.20220947265625 -0.68560791015625
0.00488376617431641 -0.0162143707275391 -0.86383056640625 -0.4041748046875
0.0103092193603516 -0.0325260162353516 -0.67828369140625 0.4842529296875
-0.00447463989257813 -0.0405082702636719 0.05548095703125 0.65185546875
-0.0156440734863281 -0.042022705078125 0.363555908203125 0.287994384765625
-0.0198287963867188 -0.00726509094238281 0.313446044921875 -0.142547607421875
-0.000491261482238769 6.77108764648437E-05 0.11676025390625 -0.323150634765625
-0.00440216064453125 -0.00554561614990234 -0.09722900390625 0.278884887695313
-0.00303268432617188 -0.0279560089111328 -0.289215087890625 -0.015380859375
0.000419616699218753 -0.047088623046875 -0.234771728515625 -0.446990966796875
0.0313625335693359 -0.0307407379150391 0.25872802734375 -0.62274169921875
-0.00297713279724121 0.00119447708129883 0.832275390625 -0.0582275390625
-0.0464820861816406 -0.0166015625 0.6541748046875 0.726318359375
0.00978851318359375 -0.0175914764404297 0.0585327148437499 0.6151123046875
0.0221042633056641 -0.0178852081298828 0.0633277893066406 -0.0560874938964844
-0.00432443618774414 -0.00629425048828125 -0.20526123046875 -0.69842529296875
-0.007354736328125 -0.0262432098388672 -0.8656005859375 -0.40802001953125
0.00798606872558594 -0.0344734191894531 -0.6763916015625 0.48394775390625
-0.0023651123046875 -0.0429344177246094 0.057861328125 0.65240478515625
-0.0178642272949219 -0.0463905334472656 0.3607177734375 0.287994384765625
-0.0201320648193359 -0.0144710540771484 0.305206298828125 -0.137176513671875
0.00615167617797851 -0.0040431022644043 0.104583740234375 -0.32037353515625
0.00331783294677734 -0.00959396362304688 -0.10784912109375 0.284912109375
-0.00115013122558594 -0.0316314697265625 -0.30194091796875 0.003173828125
-0.001983642578125 -0.0439338684082031 -0.260009765625 -0.431427001953125
0.0279178619384766 -0.0277290344238281 0.22076416015625 -0.63348388671875
-0.00974369049072266 -0.00362014770507813 0.8218994140625 -0.10693359375
-0.0603713989257812 -0.037567138671875 0.68572998046875 0.67767333984375
0.00900650024414062 -0.05810546875 0.0877075195312501 0.60736083984375
0.0372123718261719 -0.0628700256347656 0.0677719116210938 -0.0481147766113281
-0.0112724304199219 -0.0415458679199219 -0.17755126953125 -0.70660400390625
-0.0221481323242187 -0.0393142700195313 -0.8499755859375 -0.45721435546875
0.0023193359375 -0.0339412689208984 -0.70648193359375 0.4515380859375
-0.000560760498046874 -0.0387344360351563 0.0211791992187499 0.659912109375
-0.0156402587890625 -0.0456695556640625 0.345428466796875 0.31170654296875
-0.0180244445800781 -0.0193443298339844 0.300384521484375 -0.119964599609375
0.0131635665893555 -0.00672054290771484 0.096099853515625 -0.317901611328125
-0.00846004486083984 0.00221538543701172 -0.061859130859375 0.28070068359375
0.017669677734375 0.0160636901855469 -0.269927978515625 0.0550537109375
0.004974365234375 0.0279483795166016 -0.314544677734375 -0.35113525390625
0.00372695922851562 0.0377082824707031 0.03277587890625 -0.64697265625
-0.0294265747070313 0.0297603607177734 0.70562744140625 -0.316162109375
-0.0344181060791016 -0.00528144836425781 0.83087158203125 0.4844970703125
0.0390129089355469 0.0277366638183594 0.23077392578125 0.67498779296875
0.0329551696777344 0.0555763244628906 0.0424041748046875 0.110710144042969
0.0362472534179688 0.0316123962402344 -0.031494140625 -0.62451171875
0.0153293609619141 -0.0173301696777344 -0.724365234375 -0.63580322265625
-0.0178356170654297 -0.0020294189453125 -0.85076904296875 0.26416015625
-0.0147895812988281 0.0279560089111328 -0.1612548828125 0.67919921875
-0.000392913818359374 0.0264549255371094 0.275970458984375 0.404266357421875
0.00712966918945312 0.0314388275146484 0.3199462890625 -0.064453125
0.00354290008544922 0.00890350341796875 0.141204833984375 -0.3106689453125
-0.0146980285644531 0.00455379486083985 -0.0572357177734375 0.279373168945312
0.00990200042724609 0.0158901214599609 -0.259414672851562 0.0334014892578125
0.00172805786132812 0.017578125 -0.29010009765625 -0.38128662109375
0.00386238098144531 0.0247306823730469 0.09490966796875 -0.6461181640625
-0.0233554840087891 0.0254745483398438 0.74658203125 -0.2496337890625
-0.0247669219970703 0.0063934326171875 0.79449462890625 0.55828857421875
0.0368499755859375 0.0472831726074219 0.18438720703125 0.6798095703125
0.0227432250976562 0.0728225708007813 0.0409393310546875 0.0811004638671875
0.0339813232421875 0.0473136901855469 -0.079833984375 -0.634033203125
0.0174837112426758 -0.00919723510742188 -0.76837158203125 -0.5640869140625
-0.00883102416992188 -0.00382804870605469 -0.8089599609375 0.33575439453125
-0.00994586944580078 0.0140876770019531 -0.0985717773437501 0.67816162109375
0.000296592712402344 0.0132284164428711 0.30859375 0.3712158203125
0.00206947326660156 0.0266456604003906 0.324310302734375 -0.090057373046875
-0.00189876556396484 0.00872993469238281 0.142608642578125 -0.316619873046875
-0.0175065994262695 0.00512027740478515 -0.0577545166015625 0.275543212890625
0.00664901733398438 0.00907707214355469 -0.258804321289063 0.010986328125
-0.000547409057617188 0.00250458717346191 -0.26409912109375 -0.4063720703125
0.00867366790771484 0.00929641723632813 0.15496826171875 -0.63763427734375
-0.0163421630859375 0.0204086303710938 0.77996826171875 -0.17840576171875
-0.0218696594238281 0.0142631530761719 0.75177001953125 0.6295166015625
0.0314369201660156 0.0582466125488281 0.13482666015625 0.67431640625
0.0150070190429688 0.0777740478515625 0.0416603088378906 0.0464630126953125
0.0297164916992188 0.053314208984375 -0.12762451171875 -0.64404296875
0.0191555023193359 -0.00506782531738281 -0.8104248046875 -0.496337890625
-0.0012664794921875 -0.0102243423461914 -0.76055908203125 0.40142822265625
-0.00628995895385742 -0.00156259536743164 -0.03375244140625 0.6710205078125
-0.00242257118225098 -0.0020301342010498 0.3341064453125 0.33642578125
-0.00433921813964844 0.0198612213134766 0.324981689453125 -0.11444091796875
-0.0043492317199707 0.00777196884155273 0.1414794921875 -0.32086181640625
-0.0182743072509766 0.004364013671875 -0.0627593994140625 0.272369384765625
0.00378704071044922 -0.000922918319702148 -0.260955810546875 -0.00659179687499997
-0.00144290924072266 -0.0146169662475586 -0.24237060546875 -0.4251708984375
0.0150632858276367 -0.00684070587158203 0.20550537109375 -0.62652587890625
-0.00856876373291015 0.0164127349853516 0.80267333984375 -0.1173095703125
-0.0225505828857422 0.0178508758544922 0.704345703125 0.68328857421875
0.0225410461425781 0.0558586120605469 0.0963745117187499 0.65966796875
0.0094146728515625 0.0691375732421875 0.0445327758789062 0.0105628967285156
0.0232734680175781 0.0499420166015625 -0.1671142578125 -0.653564453125
0.0173301696777344 -0.00611400604248047 -0.8367919921875 -0.4410400390625
0.00493431091308594 -0.0179672241210938 -0.714599609375 0.448486328125
-0.00500106811523438 -0.0176925659179688 0.01495361328125 0.66070556640625
-0.00696754455566406 -0.0176181793212891 0.3538818359375 0.30877685546875
-0.0101823806762695 0.0114269256591797 0.323150634765625 -0.133056640625
-0.00599336624145508 0.00537729263305664 0.133697509765625 -0.3232421875
-0.0157070159912109 0.00195121765136719 -0.0714263916015625 0.271530151367188
-3.81469726562579E-06 -0.0103626251220703 -0.267562866210937 -0.0154266357421875
-0.000415802001953128 -0.0303745269775391 -0.2314453125 -0.43743896484375
0.0231380462646484 -0.0192356109619141 0.23681640625 -0.61944580078125
-0.00209522247314453 0.0120077133178711 0.81658935546875 -0.0755615234375
-0.0279712677001953 0.013946533203125 0.67236328125 0.71490478515625
0.016143798828125 0.0406684875488281 0.0708007812500001 0.6427001953125
0.00832366943359375 0.0490913391113281 0.0489349365234375 -0.01849365234375
0.0149917602539063 0.0387649536132813 -0.19403076171875 -0.66534423828125
0.0119447708129883 -0.00956439971923828 -0.85516357421875 -0.4078369140625
0.00848388671875 -0.0264434814453125 -0.682861328125 0.47637939453125
-0.00437355041503906 -0.0313816070556641 0.0484008789062499 0.6533203125
-0.0120429992675781 -0.0309486389160156 0.3624267578125 0.29052734375
-0.0157928466796875 0.00203800201416015 0.316650390625 -0.142974853515625
-0.00391101837158203 0.00329279899597168 0.125396728515625 -0.32318115234375
-0.0106954574584961 -0.00226593017578125 -0.081207275390625 0.272750854492188
-0.00101852416992188 -0.0207271575927734 -0.276504516601563 -0.0161743164062501
-0.000434875488281247 -0.0421485900878906 -0.2308349609375 -0.443328857421875
0.0286407470703125 -0.0282783508300781 0.25201416015625 -0.6162109375
6.0558319091797E-05 0.00663185119628906 0.823974609375 -0.05950927734375
-0.0355644226074219 0.00380325317382813 0.65667724609375 0.7216796875
0.0109767913818359 0.017338752746582 0.0598144531249999 0.6248779296875
0.0120124816894531 0.0202960968017578 0.0557136535644531 -0.0405197143554688
0.005279541015625 0.0215110778808594 -0.2041015625 -0.67816162109375
0.00401496887207031 -0.0154027938842773 -0.8592529296875 -0.3956298828125
0.00903701782226563 -0.031768798828125 -0.67108154296875 0.485595703125
-0.00508499145507812 -0.0403213500976562 0.0595703125000001 0.64837646484375
-0.01593017578125 -0.0416412353515625 0.363525390625 0.282745361328125
-0.0186424255371094 -0.00624275207519531 0.3095703125 -0.1434326171875
0.000390529632568359 -0.0010298490524292 0.11322021484375 -0.32220458984375
-0.00314855575561523 -0.00626420974731445 -0.0943145751953125 0.276702880859375
-0.00147438049316406 -0.0278644561767578 -0.28826904296875 -0.01287841796875
0.000354766845703123 -0.0465431213378906 -0.237518310546875 -0.44134521484375
0.0305614471435547 -0.0307178497314453 0.2523193359375 -0.6182861328125
-0.00280022621154785 0.000405311584472656 0.82562255859375 -0.06207275390625
-0.0451736450195313 -0.0146522521972656 0.65521240234375 0.71514892578125
0.00970554351806641 -0.017430305480957 0.0606689453125001 0.60791015625
0.0218715667724609 -0.0179691314697266 0.0621528625488281 -0.0557518005371094
-0.00450706481933594 -0.00615262985229492 -0.20672607421875 -0.68939208984375
-0.00766372680664063 -0.0254535675048828 -0.86102294921875 -0.400390625
0.00686073303222656 -0.0350379943847656 -0.66705322265625 0.48394775390625
-0.00415802001953125 -0.0428276062011719 0.0611572265625 0.64837646484375
-0.0177841186523438 -0.045928955078125 0.3599853515625 0.2830810546875
-0.0195770263671875 -0.0134696960449219 0.30279541015625 -0.1385498046875
0.00633478164672852 -0.00409460067749023 0.1011962890625 -0.318634033203125
0.00389003753662109 -0.00954532623291016 -0.1044921875 0.28277587890625
-0.00069999694824219 -0.0313282012939453 -0.300689697265625 0.00537109375000005
-0.00217819213867188 -0.0430030822753906 -0.26165771484375 -0.427001953125
0.0273151397705078 -0.0279369354248047 0.21514892578125 -0.62835693359375
-0.0103521347045898 -0.00348949432373047 0.81597900390625 -0.11114501953125
-0.05938720703125 -0.0357246398925781 0.6842041015625 0.666748046875
0.00919723510742187 -0.0575294494628906 0.0888671875000001 0.599853515625
0.0365676879882812 -0.0629158020019531 0.0659141540527344 -0.0480117797851563
-0.0108299255371094 -0.0410003662109375 -0.1790771484375 -0.69964599609375
-0.023223876953125 -0.0383872985839844 -0.84576416015625 -0.4473876953125
0.00122642517089843 -0.0336208343505859 -0.6986083984375 0.45367431640625
-0.00143814086914063 -0.0394020080566406 0.0264892578125 0.656005859375
-0.0156364440917969 -0.0442924499511719 0.344024658203125 0.3057861328125
-0.0169925689697266 -0.0188064575195313 0.298004150390625 -0.121124267578125
0.0131912231445312 -0.00697231292724609 0.092620849609375 -0.3155517578125
-0.00771856307983399 0.00147819519042969 -0.0594635009765625 0.27777099609375
0.0186901092529297 0.0162506103515625 -0.26837158203125 0.0562744140625001
0.0055389404296875 0.0280418395996094 -0.3155517578125 -0.347503662109375
0.003021240234375 0.0365562438964844 0.0301513671875 -0.64141845703125
-0.0290317535400391 0.0295028686523438 0.7003173828125 -0.31622314453125
-0.0333633422851563 -0.00293540954589844 0.8267822265625 0.475830078125
0.0391616821289063 0.0274658203125 0.23040771484375 0.66827392578125
0.0339584350585938 0.0544471740722656 0.0424346923828125 0.11114501953125
0.0357589721679688 0.0316429138183594 -0.03375244140625 -0.62005615234375
0.0151462554931641 -0.0176467895507813 -0.72088623046875 -0.6268310546875
-0.0182514190673828 -0.00188064575195313 -0.84326171875 0.26904296875
-0.0150375366210938 0.0284442901611328 -0.1588134765625 0.677001953125
-3.8146972656249E-05 0.0271034240722656 0.276763916015625 0.399932861328125
0.00748252868652344 0.0317859649658203 0.3173828125 -0.06634521484375
0.00380134582519531 0.00853633880615234 0.13909912109375 -0.308837890625
-0.0133419036865234 0.00337982177734375 -0.0544891357421875 0.276519775390625
0.0114917755126953 0.0150527954101562 -0.258468627929688 0.0346679687500001
0.00165367126464844 0.0173959732055664 -0.29034423828125 -0.377197265625
0.00444412231445313 0.0243511199951172 0.0911865234375001 -0.6414794921875
-0.0235691070556641 0.0251655578613281 0.740234375 -0.25006103515625
-0.0250701904296875 0.0068511962890625 0.79302978515625 0.5499267578125
0.0367813110351563 0.0468788146972656 0.18505859375 0.6732177734375
0.0234603881835937 0.0720062255859375 0.0404281616210937 0.0815048217773438
0.0342178344726563 0.0467300415039063 -0.08099365234375 -0.628662109375
0.0179271697998047 -0.00840377807617188 -0.76617431640625 -0.55712890625
-0.00953006744384766 -0.00461387634277344 -0.80145263671875 0.3385009765625
-0.0105628967285156 0.0139245986938477 -0.09429931640625 0.67535400390625
-2.86102294921907E-06 0.0135173797607422 0.307281494140625 0.36810302734375
0.0030517578125 0.0268344879150391 0.3214111328125 -0.092437744140625
-0.000873088836669922 0.0081634521484375 0.1407470703125 -0.31451416015625
-0.0167055130004883 0.00385665893554687 -0.0554351806640625 0.273178100585938
0.00768089294433594 0.00963497161865234 -0.257415771484375 0.011932373046875
-0.000413894653320313 0.00289273262023926 -0.265655517578125 -0.40185546875
0.00774669647216797 0.00892448425292969 0.15045166015625 -0.63232421875
-0.0155277252197266 0.0213813781738281 0.7755126953125 -0.17999267578125
-0.0207366943359375 0.0157680511474609 0.74798583984375 0.62139892578125
0.0312728881835938 0.0575447082519531 0.1378173828125 0.66802978515625
0.015106201171875 0.07684326171875 0.0421905517578125 0.0451469421386719
0.0292701721191406 0.0539131164550781 -0.12860107421875 -0.63763427734375
0.0188198089599609 -0.004669189453125 -0.80755615234375 -0.4869384765625
-0.00134372711181641 -0.0113000869750977 -0.7518310546875 0.40350341796875
-0.00618219375610352 -0.00217628479003906 -0.03009033203125 0.666748046875
-0.00213563442230225 -0.00196874141693115 0.33526611328125 0.333099365234375
-0.003662109375 0.0201854705810547 0.322052001953125 -0.114837646484375
-0.00417375564575195 0.00736665725708008 0.13909912109375 -0.318878173828125
-0.0169553756713867 0.00369644165039063 -0.0609130859375 0.269638061523437
0.0044403076171875 7.34329223632813E-05 -0.259231567382813 -0.00447082519531255
-0.00120353698730469 -0.013763427734375 -0.243896484375 -0.420684814453125
0.0139379501342773 -0.00671195983886719 0.2003173828125 -0.62310791015625
-0.00925350189208984 0.0171785354614258 0.79779052734375 -0.1177978515625
-0.0214176177978516 0.0188045501708984 0.70318603515625 0.6756591796875
0.0234718322753906 0.055084228515625 0.0970458984375 0.65240478515625
0.0104484558105469 0.0690803527832031 0.0443496704101563 0.0112800598144531
0.0234031677246094 0.0503196716308594 -0.168212890625 -0.6480712890625
0.0162935256958008 -0.00547122955322266 -0.83258056640625 -0.4329833984375
0.00435638427734375 -0.0184555053710938 -0.70733642578125 0.44940185546875
-0.00488090515136719 -0.0181598663330078 0.0179443359374999 0.655517578125
-0.00709724426269531 -0.0175437927246094 0.351287841796875 0.30438232421875
-0.00953578948974609 0.0112390518188477 0.3192138671875 -0.13287353515625
-0.00475358963012695 0.0051884651184082 0.1309814453125 -0.320587158203125
-0.0143899917602539 0.00148868560791016 -0.0688018798828125 0.2681884765625
0.000827789306640625 -0.0102872848510742 -0.265823364257813 -0.014434814453125
0.000215530395507813 -0.03045654296875 -0.23175048828125 -0.432769775390625
0.0223712921142578 -0.0200328826904297 0.2330322265625 -0.613525390625
-0.00279617309570312 0.0117740631103516 0.81170654296875 -0.07635498046875
-0.0266532897949219 0.0147991180419922 0.67034912109375 0.704833984375
0.016204833984375 0.040191650390625 0.0711669921874999 0.63677978515625
0.0089569091796875 0.0489921569824219 0.0483818054199219 -0.0177879333496094
0.0156631469726563 0.0394706726074219 -0.19512939453125 -0.65716552734375
0.0116415023803711 -0.00929927825927734 -0.849365234375 -0.39739990234375
0.00716209411621094 -0.0266609191894531 -0.67486572265625 0.47723388671875
-0.00537490844726563 -0.0304946899414063 0.050537109375 0.64813232421875
-0.0121364593505859 -0.0306434631347656 0.36114501953125 0.287261962890625
-0.0154867172241211 0.00294017791748047 0.313690185546875 -0.14337158203125
-0.00374031066894531 0.0025627613067627 0.1214599609375 -0.32183837890625
-0.0099325180053711 -0.00251579284667969 -0.07989501953125 0.270294189453125
0.000106811523437499 -0.0200538635253906 -0.275985717773438 -0.0151367187500001
-0.000881195068359375 -0.04144287109375 -0.23248291015625 -0.436370849609375
0.0282459259033203 -0.0284614562988281 0.24700927734375 -0.611328125
-7.62939453124998E-05 0.00562000274658203 0.81829833984375 -0.06414794921875
-0.0343265533447266 0.00492286682128906 0.65374755859375 0.71356201171875
0.0111198425292969 0.0168542861938477 0.0614013671875 0.61907958984375
0.012115478515625 0.0204830169677734 0.0542793273925781 -0.0397453308105469
0.00469398498535156 0.0199565887451172 -0.205810546875 -0.67120361328125
0.00382614135742187 -0.0155715942382813 -0.85504150390625 -0.38812255859375
0.00802040100097656 -0.0329360961914063 -0.6632080078125 0.48504638671875
-0.0054473876953125 -0.040191650390625 0.0616455078125001 0.64410400390625
-0.0161590576171875 -0.0403327941894531 0.361480712890625 0.278961181640625
-0.0185470581054688 -0.00597572326660156 0.306976318359375 -0.1446533203125
0.000433921813964844 -0.000528842210769653 0.1109619140625 -0.318939208984375
-0.00303745269775391 -0.00686264038085937 -0.0927886962890625 0.2742919921875
-0.000709533691406249 -0.0279541015625 -0.2877197265625 -0.010498046875
-0.00051498413085937 -0.0453643798828125 -0.23870849609375 -0.436737060546875
0.0293788909912109 -0.0305461883544922 0.248046875 -0.61370849609375
-0.00269436836242676 0.00100302696228027 0.81988525390625 -0.06414794921875
-0.0446968078613281 -0.0131301879882812 0.65338134765625 0.70538330078125
0.00964927673339844 -0.0183887481689453 0.0634765624999999 0.6019287109375
0.0216693878173828 -0.0184955596923828 0.0623092651367188 -0.0558013916015625
-0.00486087799072266 -0.00672578811645508 -0.2113037109375 -0.683837890625
-0.00864601135253906 -0.0246868133544922 -0.8553466796875 -0.39080810546875
0.00637435913085938 -0.0343990325927734 -0.65838623046875 0.48638916015625
-0.0047607421875 -0.0419692993164063 0.0648193359375 0.642822265625
-0.0179634094238281 -0.0456657409667969 0.358978271484375 0.279266357421875
-0.0191555023193359 -0.013214111328125 0.299163818359375 -0.139373779296875
0.00723838806152344 -0.00466156005859375 0.098541259765625 -0.31610107421875
0.00480365753173828 -0.0114336013793945 -0.101669311523437 0.28082275390625
0.000278472900390625 -0.0312671661376953 -0.299163818359375 0.00677490234375005
-0.00228118896484375 -0.0422554016113281 -0.26348876953125 -0.420745849609375
0.0258979797363281 -0.0281982421875 0.21197509765625 -0.62530517578125
-0.0106391906738281 -0.00362110137939453 0.81024169921875 -0.114501953125
-0.0586051940917969 -0.0343780517578125 0.68243408203125 0.657958984375
0.00918197631835937 -0.0577659606933594 0.0902099609375 0.594970703125
0.0356826782226563 -0.0622825622558594 0.0652732849121094 -0.0477218627929688
-0.0118217468261719 -0.0403327941894531 -0.18145751953125 -0.6932373046875
-0.0233116149902344 -0.0374908447265625 -0.84075927734375 -0.44012451171875
0.000522613525390626 -0.0336360931396484 -0.6893310546875 0.45318603515625
-0.0013275146484375 -0.0388641357421875 0.028564453125 0.65264892578125
-0.0162429809570312 -0.0443534851074219 0.343780517578125 0.301605224609375
-0.0166282653808594 -0.0172080993652344 0.29412841796875 -0.123382568359375
0.0134677886962891 -0.00810527801513672 0.0906982421875 -0.313690185546875
-0.0055694580078125 0.000968933105468749 -0.058258056640625 0.274978637695313
0.0190963745117188 0.0159931182861328 -0.267242431640625 0.0569000244140625
0.00519943237304688 0.0285835266113281 -0.3165283203125 -0.342926025390625
0.00408935546875 0.0370674133300781 0.0274658203125 -0.6357421875
-0.0288105010986328 0.0300769805908203 0.69482421875 -0.31658935546875
-0.0334033966064453 -0.00210189819335937 0.82073974609375 0.468505859375
0.0395431518554688 0.0262222290039063 0.22979736328125 0.66082763671875
0.0336837768554688 0.05401611328125 0.0421981811523438 0.108818054199219
0.0365867614746094 0.0306243896484375 -0.03472900390625 -0.61419677734375
0.0132741928100586 -0.0172595977783203 -0.71588134765625 -0.61883544921875
-0.0191249847412109 -0.00252151489257813 -0.83624267578125 0.27020263671875
-0.0159759521484375 0.0265064239501953 -0.15374755859375 0.67266845703125
-0.000415802001953125 0.0261459350585937 0.27685546875 0.39678955078125
0.00834465026855469 0.0318412780761719 0.314483642578125 -0.06695556640625
0.00489664077758789 0.00745105743408203 0.136138916015625 -0.307403564453125
-0.0124244689941406 0.00291061401367187 -0.053985595703125 0.274993896484375
0.0126857757568359 0.0154962539672852 -0.257843017578125 0.0347442626953125
0.00215530395507813 0.0177478790283203 -0.29132080078125 -0.372711181640625
0.00385475158691406 0.0235881805419922 0.08795166015625 -0.6348876953125
-0.0234470367431641 0.0255031585693359 0.7340087890625 -0.2503662109375
-0.0238227844238281 0.00828361511230469 0.78826904296875 0.54180908203125
0.0367012023925781 0.0464935302734375 0.18603515625 0.66400146484375
0.0233612060546875 0.070587158203125 0.0396270751953125 0.0804672241210938
0.0338478088378906 0.0463180541992188 -0.08074951171875 -0.6212158203125
0.0175075531005859 -0.00843143463134766 -0.76092529296875 -0.55035400390625
-0.00983619689941406 -0.00438785552978516 -0.7945556640625 0.34051513671875
-0.00958919525146484 0.0140342712402344 -0.09136962890625 0.67205810546875
0.000326156616210938 0.0140933990478516 0.30645751953125 0.362823486328125
0.00332832336425781 0.0271949768066406 0.3184814453125 -0.09356689453125
-0.000957965850830078 0.00842046737670898 0.13897705078125 -0.312774658203125
-0.0151643753051758 0.00379276275634766 -0.054443359375 0.2696533203125
0.00903129577636719 0.00961971282958984 -0.257431030273437 0.0128631591796875
7.43865966796873E-05 0.00290632247924805 -0.265594482421875 -0.398651123046875
0.00754785537719727 0.0079951286315918 0.148193359375 -0.62890625
-0.0160713195800781 0.0207233428955078 0.7679443359375 -0.1806640625
-0.0204544067382812 0.0165882110595703 0.74346923828125 0.61370849609375
0.0317153930664063 0.0569305419921875 0.1363525390625 0.6590576171875
0.0146484375 0.0760955810546875 0.0409469604492188 0.0448036193847656
0.0299835205078125 0.052581787109375 -0.12908935546875 -0.63153076171875
0.0183944702148438 -0.00552177429199219 -0.802001953125 -0.47918701171875
-0.00226116180419922 -0.010716438293457 -0.74609375 0.40313720703125
-0.00702619552612305 -0.00266504287719727 -0.0275878906250001 0.6629638671875
-0.0024116039276123 -0.00191569328308105 0.33221435546875 0.3292236328125
-0.00327301025390625 0.0206642150878906 0.31982421875 -0.116546630859375
-0.00379037857055664 0.00644445419311523 0.136688232421875 -0.317138671875
-0.0159530639648438 0.00332069396972656 -0.0595245361328125 0.26690673828125
0.00494194030761719 5.00679016113281E-05 -0.259994506835937 -0.00411987304687495
-0.00148200988769531 -0.0141086578369141 -0.245147705078125 -0.4169921875
0.0143842697143555 -0.00651168823242188 0.1981201171875 -0.617919921875
-0.00861740112304688 0.0170488357543945 0.791259765625 -0.12109375
-0.0213890075683594 0.0198135375976563 0.69989013671875 0.6669921875
0.0233497619628906 0.053741455078125 0.0974731445312499 0.64697265625
0.0102729797363281 0.0682945251464844 0.0429801940917969 0.0112648010253906
0.0233688354492188 0.0505218505859375 -0.16815185546875 -0.641845703125
0.0168819427490234 -0.00553131103515625 -0.8282470703125 -0.42572021484375
0.00355148315429687 -0.0186786651611328 -0.70159912109375 0.44989013671875
-0.00511360168457031 -0.0177669525146484 0.0225219726562499 0.65228271484375
-0.00672817230224609 -0.0174446105957031 0.35186767578125 0.3016357421875
-0.00941276550292969 0.0118293762207031 0.316253662109375 -0.134674072265625
-0.00471973419189453 0.00572729110717774 0.129302978515625 -0.31939697265625
-0.0137939453125 0.000235557556152345 -0.06787109375 0.26605224609375
0.00265979766845703 -0.00991725921630859 -0.265548706054688 -0.0123748779296874
-1.33514404296905E-05 -0.0299968719482422 -0.233673095703125 -0.428314208984375
0.0220241546630859 -0.0199375152587891 0.23028564453125 -0.6107177734375
-0.00330066680908203 0.0120925903320313 0.80560302734375 -0.0797119140625
-0.0264644622802734 0.0163478851318359 0.66680908203125 0.6971435546875
0.0170059204101563 0.0393753051757813 0.07244873046875 0.6290283203125
0.00926589965820312 0.0481491088867188 0.0478935241699219 -0.0170974731445313
0.0154075622558594 0.0380363464355469 -0.19598388671875 -0.65289306640625
0.0114555358886719 -0.00881099700927734 -0.84423828125 -0.39208984375
0.00736618041992188 -0.0265712738037109 -0.66815185546875 0.476318359375
-0.00593185424804687 -0.0316486358642578 0.0523681640624999 0.6441650390625
-0.0128555297851562 -0.0306301116943359 0.359100341796875 0.282806396484375
-0.0143289566040039 0.00267410278320313 0.3115234375 -0.14422607421875
-0.00394344329833984 0.00256061553955078 0.119659423828125 -0.319732666015625
-0.00844335556030274 -0.00310134887695312 -0.07757568359375 0.267379760742188
0.000555038452148436 -0.0199604034423828 -0.274932861328125 -0.013519287109375
-0.000530242919921879 -0.0407943725585938 -0.2318115234375 -0.43341064453125
0.0275592803955078 -0.0290374755859375 0.2430419921875 -0.6070556640625
-4.86373901367192E-05 0.00639104843139648 0.8116455078125 -0.0643310546875
-0.0335979461669922 0.00496292114257812 0.6519775390625 0.705810546875
0.0116825103759766 0.0164737701416016 0.060791015625 0.61431884765625
0.0125579833984375 0.0197238922119141 0.05352783203125 -0.0396461486816406
0.00585365295410156 0.0205268859863281 -0.205322265625 -0.66455078125
0.00300025939941406 -0.0149545669555664 -0.84979248046875 -0.38330078125
0.00762176513671875 -0.0321502685546875 -0.6561279296875 0.48455810546875
-0.00586700439453125 -0.0396194458007813 0.0642089843750001 0.63983154296875
-0.016510009765625 -0.04010009765625 0.35931396484375 0.278045654296875
-0.0178718566894531 -0.00563240051269532 0.304351806640625 -0.145050048828125
0.0003642737865448 -0.000506132841110229 0.108184814453125 -0.317291259765625
-0.00230836868286133 -0.00789403915405273 -0.090545654296875 0.271881103515625
-0.000762939453124999 -0.0279197692871094 -0.287139892578125 -0.00912475585937506
0.000247955322265624 -0.0452728271484375 -0.23944091796875 -0.431732177734375
0.0286846160888672 -0.0315074920654297 0.2440185546875 -0.61199951171875
-0.00335979461669922 0.000766277313232423 0.8143310546875 -0.06561279296875
-0.04376220703125 -0.0121994018554688 0.64971923828125 0.697021484375
0.0101280212402344 -0.0187339782714844 0.06329345703125 0.59637451171875
0.0211257934570313 -0.0179805755615234 0.0596733093261719 -0.0545272827148438
-0.00407218933105469 -0.00693130493164063 -0.2091064453125 -0.67730712890625
-0.00899124145507812 -0.0238857269287109 -0.85076904296875 -0.3876953125
0.00482559204101562 -0.0350742340087891 -0.65264892578125 0.4847412109375
-0.00504684448242188 -0.0423088073730469 0.0673828125 0.6392822265625
-0.0183448791503906 -0.0450477600097656 0.357208251953125 0.27655029296875
-0.0188617706298828 -0.0127277374267578 0.296844482421875 -0.140350341796875
0.00627231597900391 -0.00535726547241211 0.097412109375 -0.31475830078125
0.00551223754882813 -0.0118608474731445 -0.099822998046875 0.278289794921875
0.0008697509765625 -0.0317707061767578 -0.29840087890625 0.00830078124999995
-0.00185775756835938 -0.0422897338867188 -0.26312255859375 -0.41650390625
0.0257110595703125 -0.0282669067382812 0.20892333984375 -0.62017822265625
-0.0106906890869141 -0.00281238555908203 0.80340576171875 -0.1146240234375
-0.0573959350585937 -0.0328903198242188 0.67999267578125 0.65142822265625
0.00975418090820313 -0.0571823120117188 0.09014892578125 0.58935546875
0.0347213745117187 -0.0620918273925781 0.0641326904296875 -0.04656982421875
-0.0108909606933594 -0.0405426025390625 -0.18182373046875 -0.6859130859375
-0.0230979919433594 -0.0371360778808594 -0.8369140625 -0.43280029296875
-0.000253677368164062 -0.0339202880859375 -0.68402099609375 0.4534912109375
-0.00168609619140625 -0.0384941101074219 0.031005859375 0.64947509765625
-0.0157012939453125 -0.044158935546875 0.342926025390625 0.3006591796875
-0.0159568786621094 -0.0177764892578125 0.292755126953125 -0.123077392578125
0.0128889083862305 -0.00787258148193359 0.088836669921875 -0.31182861328125
-0.00444412231445313 -4.24385070800787E-05 -0.05792236328125 0.272567749023438
0.0202102661132813 0.0157966613769531 -0.267242431640625 0.05767822265625
0.00580215454101563 0.0294303894042969 -0.31378173828125 -0.340118408203125
0.00418472290039063 0.0366630554199219 0.02838134765625 -0.632080078125
-0.0296630859375 0.0296554565429687 0.689453125 -0.3138427734375
-0.0321502685546875 -0.00215530395507813 0.81805419921875 0.4642333984375
0.0393867492675781 0.0255775451660156 0.22882080078125 0.655517578125
0.033599853515625 0.0533294677734375 0.0421829223632812 0.108146667480469
0.0365180969238281 0.0301971435546875 -0.0345458984375 -0.6083984375
0.0128622055053711 -0.0172843933105469 -0.712890625 -0.6148681640625
-0.0192661285400391 -0.00275611877441406 -0.8306884765625 0.2703857421875
-0.0153236389160156 0.0267086029052734 -0.15350341796875 0.6693115234375
0.000114440917968752 0.0264835357666016 0.274322509765625 0.395172119140625
0.00856399536132813 0.0320186614990234 0.312225341796875 -0.0673828125
0.0049443244934082 0.00793695449829102 0.1346435546875 -0.30633544921875
-0.0113506317138672 0.00245285034179687 -0.05328369140625 0.271820068359375
0.0137624740600586 0.0150337219238281 -0.257400512695313 0.035888671875
0.00215721130371094 0.0181159973144531 -0.290496826171875 -0.36865234375
0.00278282165527344 0.02337646484375 0.08673095703125 -0.63055419921875
-0.0234451293945313 0.0253105163574219 0.73040771484375 -0.249755859375
-0.0244369506835938 0.00863647460937501 0.784423828125 0.5382080078125
0.0378150939941406 0.0457077026367188 0.1824951171875 0.65997314453125
0.024017333984375 0.07086181640625 0.0401535034179688 0.0802688598632813
0.0335197448730469 0.0457191467285156 -0.080810546875 -0.61700439453125
0.0167551040649414 -0.00863552093505859 -0.75762939453125 -0.544677734375
-0.0104207992553711 -0.0047607421875 -0.78692626953125 0.34033203125
-0.00951480865478516 0.0128116607666016 -0.0892333984375 0.6688232421875
0.000934600830078126 0.0132923126220703 0.305694580078125 0.36273193359375
0.00398635864257813 0.027191162109375 0.316558837890625 -0.092437744140625
-2.86102294921847E-06 0.00845146179199219 0.13653564453125 -0.3118896484375
-0.0148439407348633 0.00378799438476563 -0.05340576171875 0.267333984375
0.00914764404296875 0.00958347320556641 -0.2564697265625 0.0136566162109375
0.000122785568237305 0.00257611274719238 -0.26708984375 -0.39483642578125
0.00653171539306641 0.00856494903564453 0.14593505859375 -0.62445068359375
-0.0159034729003906 0.0218753814697266 0.763427734375 -0.18017578125
-0.0203189849853516 0.0170478820800781 0.7413330078125 0.60784912109375
0.0327568054199219 0.05548095703125 0.13427734375 0.65374755859375
0.0149459838867188 0.0757293701171875 0.0399932861328125 0.0456008911132813
0.0299568176269531 0.0522956848144531 -0.12872314453125 -0.62701416015625
0.0172948837280273 -0.00522136688232422 -0.798828125 -0.47552490234375
-0.00229167938232422 -0.0111169815063477 -0.7403564453125 0.402099609375
-0.00659084320068359 -0.00249767303466797 -0.02642822265625 0.66082763671875
-0.00243926048278809 -0.00202012062072754 0.33203125 0.328765869140625
-0.00281143188476562 0.0203037261962891 0.316741943359375 -0.116241455078125
-0.00299406051635742 0.00699329376220703 0.135955810546875 -0.315399169921875
-0.0148000717163086 0.00225162506103516 -0.0588836669921875 0.264602661132813
0.00605201721191406 -0.0002593994140625 -0.258834838867188 -0.00314331054687497
-0.000741958618164064 -0.0132875442504883 -0.2447509765625 -0.412933349609375
0.0138635635375977 -0.00747108459472656 0.1953125 -0.612548828125
-0.00910758972167969 0.0165672302246094 0.78643798828125 -0.12103271484375
-0.0209426879882813 0.0198249816894531 0.6968994140625 0.661865234375
0.0240364074707031 0.0540313720703125 0.0955810546875001 0.64227294921875
0.0103683471679688 0.0674209594726563 0.0428276062011719 0.0109367370605469
0.0241470336914062 0.049774169921875 -0.1680908203125 -0.635009765625
0.015380859375 -0.00488948822021484 -0.823974609375 -0.42181396484375
0.00327873229980469 -0.0189723968505859 -0.69744873046875 0.44891357421875
-0.00542449951171875 -0.0181884765625 0.02215576171875 0.64923095703125
-0.00658988952636719 -0.0169048309326172 0.34967041015625 0.299560546875
-0.00868988037109375 0.0122556686401367 0.3148193359375 -0.134765625
-0.00422191619873047 0.00450658798217773 0.127899169921875 -0.3175048828125
-0.0120859146118164 0.000108718872070315 -0.0670166015625 0.264694213867188
0.00345897674560547 -0.0102214813232422 -0.265335083007813 -0.0102691650390624
-0.000364303588867187 -0.0287647247314453 -0.2342529296875 -0.424346923828125
0.0209217071533203 -0.0203971862792969 0.22802734375 -0.6063232421875
-0.00359153747558594 0.0118274688720703 0.801025390625 -0.08038330078125
-0.0260524749755859 0.0166568756103516 0.6650390625 0.6927490234375
0.01763916015625 0.0401687622070313 0.072021484375 0.62548828125
0.00993347167968751 0.0478935241699219 0.0473823547363281 -0.0176010131835937
0.0157661437988281 0.0385780334472656 -0.19439697265625 -0.64654541015625
0.0102243423461914 -0.00871467590332031 -0.83978271484375 -0.38690185546875
0.00584030151367188 -0.0261306762695312 -0.66412353515625 0.4755859375
-0.00635910034179688 -0.0305767059326172 0.052978515625 0.6412353515625
-0.0126132965087891 -0.0296840667724609 0.357666015625 0.2818603515625
-0.0147304534912109 0.00288867950439453 0.3087158203125 -0.143463134765625
-0.00302886962890625 0.0019838809967041 0.11920166015625 -0.31695556640625
-0.00762844085693359 -0.00387334823608398 -0.0768890380859375 0.265579223632812
0.00098609924316406 -0.0206928253173828 -0.274978637695313 -0.01251220703125
-0.000194549560546874 -0.0396003723144531 -0.233642578125 -0.428375244140625
0.0262069702148438 -0.0289230346679688 0.2410888671875 -0.602783203125
-2.24113464355468E-05 0.00660228729248047 0.806884765625 -0.065673828125
-0.0335025787353516 0.00641822814941406 0.64935302734375 0.699951171875
0.0127449035644531 0.0164422988891602 0.0617675781249999 0.6075439453125
0.0132389068603516 0.0198192596435547 0.0526275634765625 -0.0384101867675781
0.0066375732421875 0.0208568572998047 -0.205810546875 -0.6610107421875
0.00327301025390625 -0.0147676467895508 -0.8448486328125 -0.37908935546875
0.00719070434570312 -0.0319366455078125 -0.65087890625 0.4840087890625
-0.0061492919921875 -0.0397911071777344 0.0648193359375 0.63653564453125
-0.0166511535644531 -0.039520263671875 0.35858154296875 0.274749755859375
-0.0178985595703125 -0.00556755065917969 0.302398681640625 -0.14398193359375
0.00079798698425293 -0.00175535678863525 0.107086181640625 -0.3165283203125
-0.00149917602539063 -0.008453369140625 -0.08966064453125 0.269546508789063
0.000995635986328127 -0.0277671813964844 -0.28546142578125 -0.00811767578125005
0.00033950805664063 -0.0443649291992188 -0.23919677734375 -0.427520751953125
0.027313232421875 -0.0311203002929688 0.24224853515625 -0.60699462890625
-0.00329208374023438 0.000971078872680664 0.80963134765625 -0.06787109375
-0.0425949096679688 -0.0120124816894531 0.6468505859375 0.69195556640625
0.0105991363525391 -0.0181369781494141 0.06329345703125 0.5921630859375
0.0210285186767578 -0.0184879302978516 0.0591888427734375 -0.0539093017578125
-0.00389719009399414 -0.0059361457824707 -0.20843505859375 -0.6712646484375
-0.00953483581542969 -0.0237274169921875 -0.84576416015625 -0.3807373046875
0.00455856323242188 -0.0343723297119141 -0.64971923828125 0.483642578125
-0.00485992431640625 -0.042572021484375 0.06640625 0.6361083984375
-0.0180854797363281 -0.0437583923339844 0.354827880859375 0.275665283203125
-0.0179920196533203 -0.0116157531738281 0.29351806640625 -0.1396484375
0.00699663162231445 -0.00537538528442383 0.09600830078125 -0.31201171875
0.00600814819335938 -0.0122623443603516 -0.0986175537109375 0.2757568359375
0.00196075439453125 -0.0312347412109375 -0.297576904296875 0.0102844238281249
-0.00201034545898438 -0.0419998168945312 -0.263885498046875 -0.413238525390625
0.0242042541503906 -0.0273838043212891 0.2064208984375 -0.6160888671875
-0.011021614074707 -0.00248908996582031 0.79931640625 -0.11639404296875
-0.0563926696777344 -0.0327606201171875 0.675537109375 0.643798828125
0.00933074951171876 -0.05712890625 0.08984375 0.58392333984375
0.0352706909179688 -0.0617103576660156 0.0629310607910156 -0.0457382202148438
-0.0107841491699219 -0.040283203125 -0.179931640625 -0.6817626953125
-0.0235595703125 -0.0362777709960938 -0.83251953125 -0.4296875
-0.00159454345703125 -0.0340461730957031 -0.67913818359375 0.45147705078125
-0.00287628173828125 -0.0389366149902344 0.0338745117187501 0.6455078125
-0.0157928466796875 -0.0431632995605469 0.340423583984375 0.298004150390625
-0.0165977478027344 -0.0170164108276367 0.289794921875 -0.123046875
0.0134916305541992 -0.00841903686523438 0.0875244140625 -0.309844970703125
-0.00385427474975586 -0.000892162322998046 -0.0575103759765625 0.271224975585938
0.0212211608886719 0.0151271820068359 -0.266937255859375 0.05841064453125
0.00621604919433594 0.0295848846435547 -0.314483642578125 -0.337310791015625
0.0032958984375 0.0363883972167969 0.025634765625 -0.62689208984375
-0.0296459197998047 0.0304775238037109 0.687744140625 -0.315185546875
-0.0317535400390625 -0.000675201416015632 0.8134765625 0.459716796875
0.0405387878417969 0.0249900817871094 0.22576904296875 0.64849853515625
0.0335884094238281 0.0535125732421875 0.0413055419921875 0.108192443847656
0.0358924865722656 0.0312042236328125 -0.0343017578124999 -0.6051025390625
0.0127544403076172 -0.0164308547973633 -0.7095947265625 -0.60919189453125
-0.0194435119628906 -0.00295829772949219 -0.82623291015625 0.27032470703125
-0.0145759582519531 0.0269889831542969 -0.14971923828125 0.6678466796875
-0.000185012817382815 0.0266857147216797 0.27337646484375 0.393463134765625
0.00839614868164062 0.0320873260498047 0.310516357421875 -0.06719970703125
0.00511264801025391 0.00755882263183594 0.133148193359375 -0.304351806640625
-0.0111923217773438 0.00126361846923828 -0.0519256591796875 0.268524169921875
0.014063835144043 0.0157308578491211 -0.256484985351562 0.03564453125
0.00267601013183594 0.0179805755615234 -0.288726806640625 -0.3665771484375
0.00263214111328125 0.02276611328125 0.08526611328125 -0.6251220703125
-0.023162841796875 0.0259323120117187 0.7257080078125 -0.24859619140625
-0.0231399536132813 0.00966072082519531 0.77996826171875 0.53271484375
0.0382537841796875 0.0446739196777344 0.1822509765625 0.65472412109375
0.0232276916503906 0.0698738098144531 0.0396041870117188 0.0804824829101563
0.0340614318847656 0.0453758239746094 -0.0811157226562501 -0.6129150390625
0.0162343978881836 -0.00790977478027344 -0.754150390625 -0.54254150390625
-0.00972175598144531 -0.00575447082519531 -0.78240966796875 0.339599609375
-0.0103759765625 0.0130376815795898 -0.08612060546875 0.66546630859375
6.1988830566405E-05 0.0139284133911133 0.305694580078125 0.36041259765625
0.00414848327636719 0.0277328491210938 0.31561279296875 -0.092071533203125
0.000232696533203125 0.00767230987548828 0.13543701171875 -0.3096923828125
-0.0131711959838867 0.00187301635742188 -0.053070068359375 0.264984130859375
0.0107526779174805 0.00867652893066406 -0.256881713867187 0.013641357421875
0.000177383422851562 0.00336670875549316 -0.265411376953125 -0.391387939453125
0.00604248046875 0.00758171081542969 0.1455078125 -0.62030029296875
-0.016326904296875 0.0212688446044922 0.76019287109375 -0.17889404296875
-0.0186309814453125 0.0172061920166016 0.73541259765625 0.60296630859375
0.0318679809570312 0.0549507141113281 0.134033203125 0.64849853515625
0.01507568359375 0.0750503540039063 0.0397987365722656 0.0455360412597656
0.0303192138671875 0.051971435546875 -0.12799072265625 -0.62115478515625
0.0174665451049805 -0.00509452819824219 -0.794677734375 -0.4716796875
-0.0027313232421875 -0.0113906860351563 -0.7364501953125 0.40203857421875
-0.00746011734008789 -0.00290393829345703 -0.0250244140625 0.65911865234375
-0.00227260589599609 -0.00198793411254883 0.3306884765625 0.327545166015625
-0.00272560119628906 0.0203914642333984 0.31500244140625 -0.115447998046875
-0.00269651412963867 0.00658226013183594 0.1343994140625 -0.31402587890625
-0.0137348175048828 0.00146675109863281 -0.0584716796875 0.262344360351563
0.00681114196777344 0.000473976135253906 -0.259140014648438 -0.00280761718749998
-0.00118637084960937 -0.0129899978637695 -0.244842529296875 -0.410400390625
0.0126705169677734 -0.00804710388183594 0.19525146484375 -0.6103515625
-0.00927448272705078 0.0164766311645508 0.7833251953125 -0.12054443359375
-0.0200748443603516 0.0206985473632813 0.69195556640625 0.65789794921875
0.0242347717285156 0.0528221130371094 0.0958251953124999 0.63665771484375
0.00988388061523437 0.0670890808105469 0.0418739318847656 0.0114364624023438
0.0243072509765625 0.0493888854980469 -0.16595458984375 -0.63055419921875
0.0149307250976563 -0.00500106811523438 -0.81927490234375 -0.41754150390625
0.00276374816894531 -0.0191364288330078 -0.6910400390625 0.4473876953125
-0.00661659240722656 -0.0185146331787109 0.0225830078125 0.64691162109375
-0.00754928588867188 -0.0165481567382813 0.348724365234375 0.2994384765625
-0.00880718231201172 0.0121774673461914 0.31182861328125 -0.13458251953125
-0.00376701354980469 0.00473308563232422 0.127960205078125 -0.316162109375
-0.0115833282470703 -0.001190185546875 -0.066314697265625 0.262481689453125
0.00379753112792969 -0.0106258392333984 -0.265243530273438 -0.01141357421875
-0.000156402587890624 -0.0278644561767578 -0.23455810546875 -0.420440673828125
0.020355224609375 -0.0201606750488281 0.2265625 -0.60284423828125
-0.00284290313720703 0.0119600296020508 0.79736328125 -0.07958984375
-0.0248222351074219 0.0166816711425781 0.66204833984375 0.686279296875
0.0171279907226562 0.038604736328125 0.06988525390625 0.62158203125
0.0096282958984375 0.0470237731933594 0.046295166015625 -0.0167274475097656
0.0154914855957031 0.0379219055175781 -0.19293212890625 -0.64349365234375
0.00975704193115234 -0.00846672058105469 -0.8350830078125 -0.38641357421875
0.00617027282714844 -0.0267810821533203 -0.66058349609375 0.47314453125
-0.00625228881835938 -0.0307979583740234 0.0543212890625 0.63787841796875
-0.0126476287841797 -0.0294437408447266 0.356201171875 0.280670166015625
-0.0135774612426758 0.00287151336669922 0.3060302734375 -0.14373779296875
-0.00248432159423828 0.00211620330810547 0.118316650390625 -0.3160400390625
-0.00776767730712891 -0.00489425659179688 -0.0765838623046875 0.263885498046875
0.00223731994628906 -0.0212211608886719 -0.274124145507813 -0.0113677978515625
-1.90734863281275E-05 -0.0399894714355469 -0.232879638671875 -0.425079345703125
0.0259323120117188 -0.0287723541259766 0.240234375 -0.600830078125
-0.00071573257446289 0.00682592391967773 0.803466796875 -0.0655517578125
-0.0324974060058594 0.00594139099121094 0.64654541015625 0.69287109375
0.0135774612426758 0.015629768371582 0.06011962890625 0.60296630859375
0.0120735168457031 0.0193233489990234 0.0518150329589844 -0.0379981994628906
0.00590896606445312 0.0206413269042969 -0.2037353515625 -0.6552734375
0.00219917297363281 -0.014155387878418 -0.84124755859375 -0.37469482421875
0.00594520568847656 -0.0322666168212891 -0.6474609375 0.4814453125
-0.00629043579101562 -0.0391311645507813 0.0662841796875 0.6334228515625
-0.0165328979492187 -0.03936767578125 0.3565673828125 0.273956298828125
-0.0166864395141602 -0.00466728210449218 0.3001708984375 -0.143798828125
0.00113511085510254 -0.00243592262268066 0.106719970703125 -0.31475830078125
-0.000885963439941407 -0.00981712341308594 -0.0887451171875 0.268264770507813
0.00164794921875 -0.0277347564697266 -0.2862548828125 -0.00683593750000006
0.000133514404296879 -0.0440711975097656 -0.240447998046875 -0.42462158203125
0.0268497467041016 -0.031097412109375 0.24017333984375 -0.60345458984375
-0.00368928909301758 0.00135183334350586 0.80633544921875 -0.06622314453125
-0.0426712036132812 -0.0112991333007813 0.6439208984375 0.6868896484375
0.011077880859375 -0.0179481506347656 0.06036376953125 0.58837890625
0.0214023590087891 -0.0181369781494141 0.0581779479980469 -0.0539436340332031
-0.00375556945800781 -0.00511026382446289 -0.207275390625 -0.66693115234375
-0.00976753234863282 -0.0228099822998047 -0.8428955078125 -0.3780517578125
0.00432014465332031 -0.0342216491699219 -0.643310546875 0.48248291015625
-0.0058746337890625 -0.0423660278320313 0.067626953125 0.6343994140625
-0.0179901123046875 -0.043212890625 0.354095458984375 0.27520751953125
-0.0183925628662109 -0.0118618011474609 0.29290771484375 -0.139862060546875
0.00726318359375 -0.00560379028320313 0.094757080078125 -0.310882568359375
0.0061025619506836 -0.0138053894042969 -0.098297119140625 0.274627685546875
0.00243377685546875 -0.0321216583251953 -0.296905517578125 0.010345458984375
-0.0013580322265625 -0.0413894653320312 -0.263214111328125 -0.40985107421875
0.0243186950683594 -0.0276031494140625 0.2044677734375 -0.61376953125
-0.011077880859375 -0.00274944305419922 0.793701171875 -0.115234375
-0.0557327270507812 -0.0311813354492188 0.67315673828125 0.64178466796875
0.00931549072265626 -0.0578041076660156 0.08758544921875 0.5802001953125
0.0352516174316406 -0.0607719421386719 0.0621871948242188 -0.0452384948730469
-0.0103607177734375 -0.0395469665527344 -0.1802978515625 -0.6761474609375
-0.0242996215820313 -0.0356597900390625 -0.82720947265625 -0.4267578125
-0.002288818359375 -0.0338783264160156 -0.67315673828125 0.45111083984375
-0.00294876098632813 -0.0379562377929688 0.0325927734375 0.6434326171875
-0.01531982421875 -0.0426063537597656 0.338714599609375 0.295928955078125
-0.0160312652587891 -0.0174531936645508 0.288604736328125 -0.123443603515625
0.0145282745361328 -0.00859546661376953 0.086029052734375 -0.308441162109375
-0.00367927551269531 -0.00132608413696289 -0.0587005615234375 0.2689208984375
0.0211830139160156 0.0144634246826172 -0.267501831054688 0.0581817626953125
0.00766372680664063 0.0298652648925781 -0.313995361328125 -0.33758544921875
0.00289535522460938 0.0350456237792969 0.02740478515625 -0.62371826171875
-0.0293846130371094 0.0296401977539063 0.68341064453125 -0.3123779296875
-0.0308780670166016 -8.01086425781268E-05 0.81036376953125 0.45709228515625
0.0398445129394531 0.0240516662597656 0.22406005859375 0.6470947265625
0.0332260131835938 0.0528755187988281 0.0405960083007812 0.108039855957031
0.0365409851074219 0.0313758850097656 -0.033935546875 -0.60186767578125
0.0122060775756836 -0.0159912109375 -0.70599365234375 -0.60687255859375
-0.0200233459472656 -0.00324821472167969 -0.820556640625 0.26922607421875
-0.0153560638427734 0.0268020629882813 -0.14892578125 0.6661376953125
-0.000684738159179685 0.0268192291259766 0.2718505859375 0.39263916015625
0.00922584533691406 0.0320682525634766 0.30938720703125 -0.066558837890625
0.00596141815185547 0.00705432891845703 0.133056640625 -0.3037109375
-0.0101995468139648 0.000477790832519529 -0.051910400390625 0.267669677734375
0.0146312713623047 0.0147867202758789 -0.257598876953125 0.0354766845703125
0.00351142883300781 0.0191860198974609 -0.289947509765625 -0.364410400390625
0.00211715698242188 0.0234737396240234 0.086669921875 -0.62384033203125
-0.0236492156982422 0.0261573791503906 0.72332763671875 -0.2471923828125
-0.0224742889404297 0.00978469848632813 0.7767333984375 0.53045654296875
0.0384788513183594 0.0441246032714844 0.18084716796875 0.65155029296875
0.0238494873046875 0.0695610046386719 0.0394515991210938 0.0794219970703125
0.0344276428222656 0.045074462890625 -0.07977294921875 -0.60870361328125
0.0149831771850586 -0.00766277313232422 -0.7506103515625 -0.53778076171875
-0.0107593536376953 -0.00511360168457031 -0.7801513671875 0.33856201171875
-0.0102367401123047 0.0125999450683594 -0.08740234375 0.6650390625
-0.000108718872070312 0.0136308670043945 0.303741455078125 0.358856201171875
0.00381851196289063 0.0275344848632813 0.313507080078125 -0.092254638671875
0.00109481811523438 0.00859546661376953 0.135650634765625 -0.30859375
-0.0118036270141602 0.00199317932128906 -0.0528717041015625 0.264312744140625
0.0123443603515625 0.00943756103515625 -0.256393432617188 0.013671875
0.000565767288208008 0.00435042381286621 -0.2646484375 -0.38934326171875
0.00543355941772461 0.00754594802856445 0.14520263671875 -0.61676025390625
-0.0161418914794922 0.0208721160888672 0.756103515625 -0.1796875
-0.018035888671875 0.0179786682128906 0.73248291015625 0.59991455078125
0.0322608947753906 0.0540809631347656 0.1318359375 0.646484375
0.0157699584960938 0.074432373046875 0.0394020080566406 0.045440673828125
0.0308303833007812 0.0515556335449219 -0.1265869140625 -0.61956787109375
0.0166072845458984 -0.00456714630126953 -0.78997802734375 -0.47198486328125
-0.00315761566162109 -0.0112752914428711 -0.73150634765625 0.40093994140625
-0.00666570663452148 -0.00262308120727539 -0.02294921875 0.6561279296875
-0.00234913825988769 -0.00144457817077637 0.328277587890625 0.3258056640625
-0.00173568725585938 0.0203800201416016 0.314422607421875 -0.11602783203125
-0.00266504287719727 0.00712108612060547 0.133514404296875 -0.311767578125
-0.0139141082763672 0.000261306762695311 -0.058258056640625 0.261199951171875
0.00758123397827148 -0.000258445739746094 -0.258895874023438 -0.00233459472656251
-0.00102138519287109 -0.0131855010986328 -0.245025634765625 -0.40765380859375
0.0125102996826172 -0.00732231140136719 0.19610595703125 -0.60650634765625
-0.0085916519165039 0.0172567367553711 0.78082275390625 -0.11810302734375
-0.0198001861572266 0.0207862854003906 0.68927001953125 0.65301513671875
0.0248527526855469 0.0524330139160156 0.093505859375 0.6329345703125
0.01055908203125 0.06671142578125 0.0420646667480469 0.0116424560546875
0.0245819091796875 0.0488052368164062 -0.1650390625 -0.62725830078125
0.0154275894165039 -0.00440502166748047 -0.81658935546875 -0.4171142578125
0.00205039978027344 -0.0193080902099609 -0.68890380859375 0.44586181640625
-0.00646591186523438 -0.0182247161865234 0.022705078125 0.64556884765625
-0.00691604614257812 -0.0161609649658203 0.34649658203125 0.2989501953125
-0.00842475891113281 0.0120935440063477 0.3106689453125 -0.1337890625
-0.00406360626220703 0.00371265411376953 0.126220703125 -0.31463623046875
-0.0111322402954102 -0.00205898284912109 -0.065216064453125 0.260299682617188
0.00485038757324219 -0.0107660293579102 -0.265533447265625 -0.01043701171875
-0.000192642211914064 -0.0276889801025391 -0.23431396484375 -0.41986083984375
0.0198764801025391 -0.01959228515625 0.2257080078125 -0.5987548828125
-0.00271129608154297 0.012202262878418 0.79364013671875 -0.07843017578125
-0.0246448516845703 0.01727294921875 0.658935546875 0.68218994140625
0.0175285339355469 0.0383758544921875 0.0672607421875 0.6177978515625
0.0092010498046875 0.0472908020019531 0.045501708984375 -0.0162773132324219
0.0157661437988281 0.0380859375 -0.191162109375 -0.63983154296875
0.0103797912597656 -0.00871944427490235 -0.830322265625 -0.384765625
0.00552177429199219 -0.0262489318847656 -0.657958984375 0.47271728515625
-0.00750160217285157 -0.0312538146972656 0.0531616210937499 0.63653564453125
-0.0127410888671875 -0.0293140411376953 0.35467529296875 0.28076171875
-0.0134048461914063 0.00347232818603516 0.304473876953125 -0.143524169921875
-0.00254464149475098 0.00134897232055664 0.1168212890625 -0.31463623046875
-0.0061182975769043 -0.00663566589355469 -0.0754241943359375 0.262176513671875
0.00383567810058594 -0.0213165283203125 -0.273956298828125 -0.0106658935546875
-0.000476837158203122 -0.0397453308105469 -0.232391357421875 -0.422943115234375
0.0247020721435547 -0.0285396575927734 0.2391357421875 -0.597412109375
-0.000568866729736328 0.00744199752807617 0.80047607421875 -0.0650634765625
-0.0315055847167969 0.00701713562011718 0.64288330078125 0.69140625
0.0127954483032227 0.0145015716552734 0.05938720703125 0.599853515625
0.0116024017333984 0.0195045471191406 0.0514030456542969 -0.0363082885742188
0.00632286071777344 0.021240234375 -0.20269775390625 -0.65087890625
0.00185489654541016 -0.0138454437255859 -0.83624267578125 -0.37353515625
0.0058441162109375 -0.0324573516845703 -0.64459228515625 0.4808349609375
-0.00680923461914063 -0.0397186279296875 0.06512451171875 0.63128662109375
-0.0167274475097656 -0.0388259887695313 0.355438232421875 0.2734375
-0.0171289443969727 -0.00464248657226562 0.2998046875 -0.14453125
0.00154852867126465 -0.00251412391662598 0.106903076171875 -0.312530517578125
-0.000143051147460936 -0.0107336044311523 -0.0881805419921875 0.266616821289063
0.00270652770996093 -0.0281276702880859 -0.285064697265625 -0.00625610351562503
-0.000343322753906248 -0.0441246032714844 -0.239105224609375 -0.42041015625
0.0268421173095703 -0.0310096740722656 0.24029541015625 -0.60089111328125
-0.00386118888854981 0.00202846527099609 0.802001953125 -0.06640625
-0.0417289733886719 -0.0109214782714844 0.6400146484375 0.68243408203125
0.0113754272460938 -0.0185546875 0.0595703125000001 0.5849609375
0.0212936401367188 -0.0185604095458984 0.0573310852050781 -0.0527572631835938
-0.00300693511962891 -0.00584888458251953 -0.2064208984375 -0.66326904296875
-0.0100688934326172 -0.0230522155761719 -0.83782958984375 -0.37652587890625
0.00347137451171875 -0.0343437194824219 -0.6424560546875 0.48016357421875
-0.00632095336914063 -0.0417861938476563 0.0670166015625 0.63299560546875
-0.0185546875 -0.0432014465332031 0.352294921875 0.2738037109375
-0.0174732208251953 -0.0125045776367188 0.291015625 -0.13970947265625
0.00783777236938477 -0.00640010833740234 0.094207763671875 -0.31011962890625
0.00618839263916015 -0.0146884918212891 -0.0969390869140625 0.272506713867187
0.00300025939941406 -0.0321807861328125 -0.29656982421875 0.01092529296875
-0.00107192993164063 -0.0408515930175781 -0.26312255859375 -0.406280517578125
0.0225486755371094 -0.0275745391845703 0.204345703125 -0.6090087890625
-0.0112438201904297 -0.0022878646850586 0.7906494140625 -0.114990234375
-0.0551338195800781 -0.0311393737792969 0.67181396484375 0.6370849609375
0.0103378295898437 -0.0583915710449219 0.08642578125 0.5775146484375
0.0350112915039063 -0.0611457824707031 0.0620460510253906 -0.0446243286132813
-0.0109405517578125 -0.0397682189941406 -0.1787109375 -0.67242431640625
-0.0244369506835938 -0.0359306335449219 -0.82470703125 -0.42523193359375
-0.00266265869140625 -0.0331649780273438 -0.6712646484375 0.4493408203125
-0.0036468505859375 -0.0384445190429687 0.0342407226562499 0.640625
-0.0157966613769531 -0.0417213439941406 0.336822509765625 0.2962646484375
-0.01568603515625 -0.016779899597168 0.286712646484375 -0.123138427734375
0.0139493942260742 -0.00860595703125 0.0869140625 -0.307098388671875
-0.00340533256530762 -0.00394034385681152 -0.057464599609375 0.267593383789063
0.0214977264404297 0.0148410797119141 -0.267257690429688 0.0584564208984376
0.00742530822753906 0.0294723510742187 -0.313262939453125 -0.334991455078125
0.0024566650390625 0.0360488891601563 0.02642822265625 -0.62054443359375
-0.0298137664794922 0.0297355651855469 0.68280029296875 -0.3092041015625
-0.0297565460205078 -0.000154495239257807 0.80621337890625 0.45562744140625
0.0407676696777344 0.0243072509765625 0.220947265625 0.643310546875
0.033233642578125 0.0531425476074219 0.0402984619140625 0.108108520507813
0.0365371704101563 0.0304679870605469 -0.03204345703125 -0.59930419921875
0.0124521255493164 -0.0161237716674805 -0.701416015625 -0.6063232421875
-0.0198783874511719 -0.00231552124023438 -0.820556640625 0.2674560546875
-0.0155735015869141 0.0265522003173828 -0.149169921875 0.66412353515625
-0.000747680664062502 0.0265121459960938 0.2720947265625 0.392486572265625
0.0093841552734375 0.0325546264648438 0.3077392578125 -0.06671142578125
0.00678634643554687 0.00793790817260742 0.13275146484375 -0.302276611328125
-0.00891590118408203 -0.000383377075195314 -0.0523223876953125 0.266159057617188
0.0160989761352539 0.0153636932373047 -0.257247924804688 0.0355682373046874
0.00323104858398437 0.0197544097900391 -0.289398193359375 -0.36260986328125
0.00289154052734375 0.0229377746582031 0.0867919921875001 -0.62139892578125
-0.0233688354492188 0.0252876281738281 0.72265625 -0.244873046875
-0.0217361450195313 0.0101528167724609 0.77398681640625 0.52984619140625
0.0385780334472656 0.0432815551757813 0.1771240234375 0.64678955078125
0.0233345031738281 0.0693817138671875 0.0387344360351563 0.0794448852539063
0.0341072082519531 0.0457420349121094 -0.078857421875 -0.60675048828125
0.0155086517333984 -0.00792026519775391 -0.7462158203125 -0.53680419921875
-0.0109758377075195 -0.00504016876220703 -0.77728271484375 0.33587646484375
-0.0109643936157227 0.0128993988037109 -0.0867309570312501 0.6629638671875
0.000343322753906249 0.0138339996337891 0.30303955078125 0.359649658203125
0.00538063049316406 0.0273456573486328 0.312164306640625 -0.09228515625
0.00122308731079101 0.00744438171386719 0.1353759765625 -0.308013916015625
-0.0121593475341797 0.000492095947265627 -0.053009033203125 0.262435913085938
0.0125226974487305 0.00893878936767578 -0.257232666015625 0.013763427734375
0.000442028045654297 0.00459003448486328 -0.26495361328125 -0.387359619140625
0.00577592849731445 0.00741243362426758 0.14605712890625 -0.6142578125
-0.0166664123535156 0.0214328765869141 0.756103515625 -0.17578125
-0.0179538726806641 0.0179157257080078 0.7305908203125 0.59912109375
0.0326881408691406 0.0538482666015625 0.13140869140625 0.64349365234375
0.015472412109375 0.0747222900390625 0.0386848449707031 0.0453262329101563
0.0303192138671875 0.0508689880371094 -0.12548828125 -0.6171875
0.0164346694946289 -0.00380992889404297 -0.78759765625 -0.4697265625
-0.00347805023193359 -0.0114145278930664 -0.73065185546875 0.3988037109375
-0.00815916061401367 -0.00235319137573242 -0.0244140625 0.6558837890625
-0.0028681755065918 -0.00152134895324707 0.32904052734375 0.326385498046875
-0.00162887573242188 0.0204715728759766 0.312957763671875 -0.116302490234375
-0.00196933746337891 0.00608444213867188 0.133209228515625 -0.311981201171875
-0.0126914978027344 0.000139236450195314 -0.0581512451171875 0.259475708007813
0.00870895385742188 -0.000489234924316406 -0.259613037109375 -0.00216674804687505
-0.000757217407226563 -0.0122518539428711 -0.2445068359375 -0.40557861328125
0.0114221572875977 -0.00813007354736328 0.1939697265625 -0.6043701171875
-0.00947856903076172 0.0169563293457031 0.7801513671875 -0.1180419921875
-0.0185985565185547 0.0218334197998047 0.6875 0.6519775390625
0.0247039794921875 0.0516204833984375 0.09100341796875 0.63006591796875
0.0100631713867188 0.0665168762207031 0.0413284301757812 0.0121841430664063
0.0240249633789063 0.0483169555664063 -0.1632080078125 -0.62518310546875
0.0148983001708984 -0.00409793853759766 -0.81298828125 -0.41595458984375
0.00183677673339844 -0.0190563201904297 -0.6868896484375 0.44268798828125
-0.00687408447265625 -0.0177478790283203 0.0218505859375 0.64483642578125
-0.00818920135498047 -0.0160989761352539 0.344940185546875 0.298187255859375
-0.00769901275634765 0.0129261016845703 0.310302734375 -0.133544921875
-0.00302839279174805 0.00442600250244141 0.12615966796875 -0.31500244140625
-0.0101480484008789 -0.00291824340820312 -0.065673828125 0.259384155273438
0.00561809539794922 -0.0106592178344727 -0.265625 -0.0104827880859376
-0.000736236572265625 -0.0281982421875 -0.233734130859375 -0.417144775390625
0.0194683074951172 -0.0205707550048828 0.2266845703125 -0.59722900390625
-0.00391769409179687 0.012385368347168 0.79193115234375 -0.0770263671875
-0.0232124328613281 0.0177288055419922 0.6551513671875 0.68212890625
0.0179824829101563 0.0375289916992188 0.06591796875 0.61444091796875
0.00954818725585938 0.0469741821289063 0.0455093383789063 -0.0163726806640625
0.0163383483886719 0.0381355285644531 -0.19012451171875 -0.63671875
0.00972080230712891 -0.00720024108886719 -0.83013916015625 -0.383544921875
0.00445556640625 -0.026336669921875 -0.6563720703125 0.4710693359375
-0.00686073303222656 -0.0306148529052734 0.0548706054687501 0.6363525390625
-0.0129318237304687 -0.0291519165039062 0.353485107421875 0.2803955078125
-0.0127296447753906 0.00370216369628906 0.304840087890625 -0.143402099609375
-0.00155627727508545 0.000630021095275879 0.11773681640625 -0.314453125
-0.00591945648193359 -0.00666475296020508 -0.076446533203125 0.26171875
0.0042724609375 -0.0209579467773438 -0.274856567382812 -0.01055908203125
6.4849853515628E-05 -0.0392837524414063 -0.233062744140625 -0.4208984375
0.0250091552734375 -0.0288524627685547 0.24029541015625 -0.59442138671875
-0.000739574432373047 0.00755500793457031 0.79974365234375 -0.06268310546875
-0.0306816101074219 0.00739097595214844 0.6400146484375 0.68890380859375
0.0127038955688477 0.0143136978149414 0.05596923828125 0.59747314453125
0.0127792358398438 0.0190353393554688 0.0511856079101563 -0.0361213684082031
0.00638389587402344 0.0206489562988281 -0.20025634765625 -0.6495361328125
0.00214576721191406 -0.0127630233764648 -0.8328857421875 -0.37432861328125
0.0053863525390625 -0.0321731567382813 -0.643310546875 0.4786376953125
-0.00683212280273437 -0.0393028259277344 0.06439208984375 0.6322021484375
-0.0168342590332031 -0.0385246276855469 0.354766845703125 0.2733154296875
-0.0167579650878906 -0.00498104095458984 0.297454833984375 -0.144439697265625
0.0019385814666748 -0.00251197814941406 0.10638427734375 -0.312103271484375
-0.000121116638183593 -0.0116262435913086 -0.088043212890625 0.265228271484375
0.00323295593261718 -0.0282764434814453 -0.286163330078125 -0.00521850585937495
-2.28881835937459E-05 -0.0435028076171875 -0.23980712890625 -0.420562744140625
0.0253200531005859 -0.0313720703125 0.2388916015625 -0.59759521484375
-0.00402021408081055 0.00203609466552734 0.8013916015625 -0.06488037109375
-0.0413055419921875 -0.010650634765625 0.63848876953125 0.6822509765625
0.0114173889160156 -0.0193328857421875 0.05731201171875 0.58203125
0.0207614898681641 -0.0177478790283203 0.0569267272949219 -0.0521163940429688
-0.00276947021484375 -0.00551176071166992 -0.20343017578125 -0.66156005859375
-0.0102729797363281 -0.0219192504882813 -0.83599853515625 -0.37786865234375
0.00248146057128906 -0.0346736907958984 -0.6396484375 0.4803466796875
-0.00546646118164062 -0.0418281555175781 0.06732177734375 0.6318359375
-0.0183067321777344 -0.0426292419433594 0.351837158203125 0.274627685546875
-0.017578125 -0.0113964080810547 0.290557861328125 -0.139404296875
0.00707530975341797 -0.00683450698852539 0.094696044921875 -0.309234619140625
0.00645160675048828 -0.0152034759521484 -0.09820556640625 0.272079467773438
0.00474739074707032 -0.0324993133544922 -0.29718017578125 0.01092529296875
-0.001708984375 -0.0410232543945313 -0.263092041015625 -0.4053955078125
0.0217266082763672 -0.0280895233154297 0.20465087890625 -0.60870361328125
-0.0114164352416992 -0.00224876403808594 0.7899169921875 -0.11407470703125
-0.0543861389160156 -0.0304336547851562 0.6673583984375 0.63458251953125
0.0108833312988281 -0.0586471557617188 0.0839233398437499 0.57464599609375
0.0350418090820312 -0.0608177185058594 0.0612869262695313 -0.0438423156738281
-0.0103721618652344 -0.0389480590820313 -0.177978515625 -0.67071533203125
-0.0246238708496094 -0.035400390625 -0.82135009765625 -0.42352294921875
-0.00347709655761718 -0.0327510833740234 -0.67022705078125 0.4481201171875
-0.00370025634765625 -0.0391616821289063 0.0325317382812501 0.6409912109375
-0.0159454345703125 -0.0415573120117188 0.336273193359375 0.29583740234375
-0.0149087905883789 -0.0166053771972656 0.286468505859375 -0.122894287109375
0.0143890380859375 -0.00916767120361328 0.08612060546875 -0.30517578125
-0.00270390510559082 -0.00377011299133301 -0.0578460693359375 0.267501831054688
0.0225086212158203 0.0139236450195313 -0.267745971679688 0.0582122802734375
0.00744056701660156 0.0304851531982422 -0.314666748046875 -0.33447265625
0.0014190673828125 0.0354728698730469 0.0291748046875 -0.6204833984375
-0.0297565460205078 0.0300235748291016 0.68280029296875 -0.30712890625
-0.0295886993408203 3.81469726562463E-05 0.8056640625 0.45343017578125
0.0410842895507812 0.0241966247558594 0.21875 0.64239501953125
0.0335006713867188 0.0529556274414063 0.0401458740234375 0.107688903808594
0.0365829467773438 0.0307197570800781 -0.0302734375 -0.59796142578125
0.0122184753417969 -0.0155315399169922 -0.69964599609375 -0.60577392578125
-0.0195636749267578 -0.00331306457519531 -0.81878662109375 0.266357421875
-0.0157871246337891 0.0268802642822266 -0.1480712890625 0.6640625
-0.000600814819335936 0.027496337890625 0.270721435546875 0.39227294921875
0.00963592529296875 0.0325641632080078 0.308502197265625 -0.066497802734375
0.00718259811401367 0.00726652145385742 0.133270263671875 -0.302581787109375
-0.00923728942871094 -0.000741958618164064 -0.0531005859375 0.264617919921875
0.0162496566772461 0.0156221389770508 -0.258697509765625 0.0360565185546875
0.00325965881347656 0.0199031829833984 -0.29058837890625 -0.361480712890625
0.00185203552246094 0.0226726531982422 0.08819580078125 -0.61865234375
-0.0229072570800781 0.0262393951416016 0.72314453125 -0.2445068359375
-0.0211601257324219 0.0109767913818359 0.7716064453125 0.5302734375
0.0391502380371094 0.0430412292480469 0.17431640625 0.6453857421875
0.0231666564941406 0.0700912475585938 0.03790283203125 0.0796432495117188
0.0339736938476563 0.0458450317382813 -0.076171875 -0.60565185546875
0.0157709121704102 -0.00695514678955078 -0.74505615234375 -0.5355224609375
-0.0113697052001953 -0.00499248504638672 -0.77734375 0.3365478515625
-0.0117759704589844 0.0125551223754883 -0.0887451171875001 0.66400146484375
-0.000566482543945312 0.0144453048706055 0.30126953125 0.361358642578125
0.00469970703125 0.0276451110839844 0.312103271484375 -0.091552734375
0.00207281112670898 0.00701284408569336 0.135101318359375 -0.307586669921875
-0.0117454528808594 -0.000618934631347657 -0.0529937744140625 0.260971069335938
0.0134811401367188 0.00864791870117188 -0.2579345703125 0.01422119140625
0.000956058502197265 0.00488090515136719 -0.2662353515625 -0.386993408203125
0.00479316711425781 0.00746297836303711 0.14617919921875 -0.61285400390625
-0.0168132781982422 0.0215682983398438 0.7552490234375 -0.1767578125
-0.0175800323486328 0.0187606811523437 0.728759765625 0.5968017578125
0.0324783325195313 0.0530128479003906 0.1265869140625 0.6409912109375
0.0147781372070312 0.0745086669921875 0.0383186340332031 0.0463371276855469
0.0302619934082031 0.0526161193847656 -0.1231689453125 -0.6156005859375
0.016326904296875 -0.00301456451416016 -0.78497314453125 -0.46990966796875
-0.00384426116943359 -0.0114555358886719 -0.730712890625 0.39813232421875
-0.00751638412475586 -0.00222110748291015 -0.02545166015625 0.6552734375
-0.00277471542358398 -0.000805139541625977 0.327484130859375 0.327056884765625
-0.000761032104492189 0.0208625793457031 0.3131103515625 -0.115081787109375
-0.00149726867675781 0.00596761703491211 0.133453369140625 -0.311279296875
-0.0121622085571289 -0.00129413604736328 -0.0581817626953125 0.258621215820313
0.00979900360107422 -6.29425048828125E-05 -0.259429931640625 -0.00109863281250004
0.00011920928955078 -0.0117473602294922 -0.244873046875 -0.405548095703125
0.0113563537597656 -0.00657272338867188 0.1953125 -0.6021728515625
-0.00963497161865234 0.0169305801391602 0.7794189453125 -0.11639404296875
-0.0182666778564453 0.0219631195068359 0.68359375 0.6505126953125
0.0242233276367187 0.0506706237792969 0.0892333984375 0.62744140625
0.0101470947265625 0.0654220581054688 0.0411033630371094 0.01318359375
0.0245437622070313 0.0485649108886719 -0.1617431640625 -0.6236572265625
0.014195442199707 -0.00366592407226563 -0.8106689453125 -0.4158935546875
0.00150299072265625 -0.0191478729248047 -0.68621826171875 0.4432373046875
-0.00724983215332031 -0.0181655883789063 0.02239990234375 0.645263671875
-0.00729084014892578 -0.0164623260498047 0.34521484375 0.299560546875
-0.00732231140136719 0.0123176574707031 0.309295654296875 -0.133819580078125
-0.00258278846740723 0.00389957427978516 0.12738037109375 -0.31378173828125
-0.00976371765136719 -0.00389194488525391 -0.0660400390625 0.258407592773438
0.00721168518066406 -0.0114250183105469 -0.266143798828125 -0.00965881347656255
0.00076866149902344 -0.0277671813964844 -0.2340087890625 -0.414794921875
0.0187206268310547 -0.0200901031494141 0.226806640625 -0.59661865234375
-0.00356674194335937 0.012568473815918 0.7926025390625 -0.07525634765625
-0.0233783721923828 0.0181789398193359 0.65264892578125 0.68060302734375
0.0175552368164063 0.0371780395507813 0.0634155273437501 0.612548828125
0.00980377197265625 0.0461463928222656 0.0451698303222656 -0.0153350830078125
0.0154571533203125 0.0387153625488281 -0.18798828125 -0.63519287109375
0.00860881805419922 -0.00699949264526367 -0.82666015625 -0.38250732421875
0.00396728515625 -0.0261993408203125 -0.656982421875 0.470458984375
-0.00706863403320313 -0.0312995910644531 0.0531005859375 0.637451171875
-0.0125942230224609 -0.0287437438964844 0.352752685546875 0.28070068359375
-0.0125494003295898 0.00325965881347656 0.3037109375 -0.14385986328125
-0.00183749198913574 0.00092458724975586 0.117584228515625 -0.31414794921875
-0.00555229187011719 -0.00804042816162109 -0.0771484375 0.2611083984375
0.00529098510742188 -0.0208721160888672 -0.275039672851563 -0.010711669921875
0.000537872314453123 -0.0393600463867188 -0.2325439453125 -0.420501708984375
0.0229301452636719 -0.0281715393066406 0.239990234375 -0.59466552734375
-0.00158262252807617 0.00652933120727539 0.799560546875 -0.06207275390625
-0.0306148529052734 0.0078277587890625 0.63885498046875 0.6888427734375
0.0129508972167969 0.0137805938720703 0.0542602539062501 0.5963134765625
0.0127410888671875 0.0190887451171875 0.0500564575195313 -0.0360450744628906
0.00670051574707031 0.0203704833984375 -0.19866943359375 -0.64703369140625
0.00131130218505859 -0.0128908157348633 -0.832275390625 -0.37249755859375
0.0049591064453125 -0.0320205688476563 -0.64227294921875 0.47882080078125
-0.00756072998046875 -0.0388908386230469 0.0643310546875 0.63299560546875
-0.0170135498046875 -0.0384712219238281 0.353729248046875 0.275360107421875
-0.016510009765625 -0.00461959838867187 0.297637939453125 -0.144256591796875
0.00166773796081543 -0.00352644920349121 0.10711669921875 -0.3116455078125
0.00048828125 -0.0125789642333984 -0.0886383056640625 0.2650146484375
0.00481033325195313 -0.0288257598876953 -0.286346435546875 -0.00466918945312495
0.000659942626953122 -0.0432815551757813 -0.2386474609375 -0.418670654296875
0.0251216888427734 -0.0309009552001953 0.24078369140625 -0.59576416015625
-0.0037386417388916 0.00177597999572754 0.80120849609375 -0.06341552734375
-0.0407752990722656 -0.00989151000976563 0.63690185546875 0.68023681640625
0.0115013122558594 -0.0195941925048828 0.054931640625 0.58050537109375
0.0223274230957031 -0.0184135437011719 0.0568122863769531 -0.0511436462402344
-0.00193977355957031 -0.00568485260009766 -0.20294189453125 -0.66070556640625
-0.0110263824462891 -0.0221538543701172 -0.8348388671875 -0.3768310546875
0.00167274475097656 -0.033782958984375 -0.639404296875 0.478515625
-0.00725555419921875 -0.041473388671875 0.0659790039062501 0.6331787109375
-0.0185813903808594 -0.0423927307128906 0.351043701171875 0.274078369140625
-0.0166902542114258 -0.011509895324707 0.289459228515625 -0.139251708984375
0.00799083709716797 -0.00714588165283203 0.09429931640625 -0.3089599609375
0.00670433044433594 -0.017216682434082 -0.0976715087890625 0.271102905273438
0.00446701049804687 -0.0336761474609375 -0.297576904296875 0.012542724609375
-0.000892639160156248 -0.0405235290527344 -0.26214599609375 -0.40386962890625
0.0215263366699219 -0.0271682739257813 0.20452880859375 -0.60601806640625
-0.0111970901489258 -0.00210094451904297 0.79071044921875 -0.11260986328125
-0.0537605285644531 -0.0304374694824219 0.66485595703125 0.63604736328125
0.0105400085449219 -0.05908203125 0.0811767578125 0.5733642578125
0.0351219177246094 -0.0611495971679687 0.0612754821777344 -0.0432281494140625
-0.00955963134765625 -0.0383682250976563 -0.17401123046875 -0.66943359375
-0.0251827239990234 -0.0339527130126953 -0.8194580078125 -0.4227294921875
-0.00386810302734375 -0.0331497192382813 -0.6708984375 0.44476318359375
-0.00472640991210937 -0.0389556884765625 0.03338623046875 0.642822265625
-0.0163421630859375 -0.041107177734375 0.33599853515625 0.29638671875
-0.0147600173950195 -0.016077995300293 0.285430908203125 -0.122528076171875
0.0148906707763672 -0.00934123992919922 0.086029052734375 -0.305419921875
-0.00249719619750977 -0.00543546676635742 -0.0597076416015625 0.266738891601563
0.0227184295654297 0.0139083862304688 -0.269241333007813 0.0595703125
0.00653648376464844 0.0303611755371094 -0.3148193359375 -0.33251953125
0.000677108764648434 0.0347747802734375 0.03118896484375 -0.62066650390625
-0.0300731658935547 0.0303440093994141 0.68487548828125 -0.3062744140625
-0.029205322265625 0.000814437866210943 0.8060302734375 0.45556640625
0.0413093566894531 0.0236663818359375 0.21673583984375 0.64239501953125
0.0337333679199219 0.0522956848144531 0.0393829345703125 0.108024597167969
0.0365676879882813 0.0309066772460938 -0.02813720703125 -0.59710693359375
0.0113677978515625 -0.0151910781860352 -0.697265625 -0.607421875
-0.0208187103271484 -0.00345420837402344 -0.81988525390625 0.26763916015625
-0.0163116455078125 0.0262184143066406 -0.1505126953125 0.666748046875
-0.00037193298339844 0.0267295837402344 0.27056884765625 0.393798828125
0.00923347473144531 0.032928466796875 0.308135986328125 -0.06573486328125
0.00725793838500977 0.00721406936645508 0.133697509765625 -0.302520751953125
-0.00848388671875 -0.00220060348510742 -0.0529022216796875 0.264495849609375
0.0179443359375 0.0152225494384766 -0.259674072265625 0.036102294921875
0.00319671630859375 0.0192127227783203 -0.291015625 -0.362335205078125
0.00155258178710938 0.0225296020507812 0.0889892578125001 -0.61981201171875
-0.0244483947753906 0.0261211395263672 0.7230224609375 -0.2427978515625
-0.0205802917480469 0.0107574462890625 0.772216796875 0.5311279296875
0.039337158203125 0.0431556701660156 0.171142578125 0.6456298828125
0.0238113403320313 0.0697860717773438 0.0375213623046875 0.0799102783203125
0.0348014831542969 0.0463294982910156 -0.07525634765625 -0.60491943359375
0.0146694183349609 -0.00701808929443359 -0.74334716796875 -0.53704833984375
-0.0125398635864258 -0.00654792785644531 -0.7779541015625 0.3369140625
-0.0122509002685547 0.0130491256713867 -0.08868408203125 0.665283203125
3.24249267578111E-05 0.0145654678344727 0.302459716796875 0.361846923828125
0.00487136840820312 0.0288372039794922 0.312164306640625 -0.092041015625
0.00297975540161133 0.00699663162231445 0.13555908203125 -0.307586669921875
-0.0107383728027344 -0.000577926635742186 -0.0540313720703125 0.260284423828125
0.0137519836425781 0.00894737243652344 -0.259231567382813 0.014068603515625
0.00121450424194336 0.00514602661132813 -0.266571044921875 -0.387237548828125
0.00461959838867188 0.00817441940307617 0.1473388671875 -0.61224365234375
-0.0169410705566406 0.0222549438476563 0.75689697265625 -0.174560546875
-0.0171184539794922 0.0188407897949219 0.72821044921875 0.59765625
0.0328025817871094 0.0526084899902344 0.125 0.63916015625
0.015533447265625 0.0736465454101563 0.0379714965820313 0.0460090637207031
0.0306816101074219 0.0522880554199219 -0.12127685546875 -0.61407470703125
0.0159921646118164 -0.00304794311523438 -0.78314208984375 -0.470458984375
-0.00422763824462891 -0.0109338760375977 -0.731201171875 0.39739990234375
-0.00844717025756836 -0.00223255157470703 -0.02545166015625 0.65771484375
-0.00267553329467773 -0.000319957733154297 0.327850341796875 0.328460693359375
-0.00038909912109375 0.0218505859375 0.312164306640625 -0.116241455078125
-0.000807285308837891 0.00542545318603516 0.134521484375 -0.311492919921875
-0.0114097595214844 -0.00203704833984375 -0.05828857421875 0.258560180664063
0.0105361938476563 -0.000885963439941406 -0.260879516601563 -0.000686645507812545
5.14984130859371E-05 -0.0115137100219727 -0.245269775390625 -0.404632568359375
0.0103855133056641 -0.007080078125 0.1966552734375 -0.60247802734375
-0.0105142593383789 0.0173711776733398 0.7794189453125 -0.11444091796875
-0.0180892944335938 0.0222587585449219 0.68115234375 0.6517333984375
0.0248756408691406 0.0502777099609375 0.08514404296875 0.62841796875
0.0107498168945312 0.0662651062011719 0.0400161743164063 0.0132255554199219
0.0252151489257813 0.0493659973144531 -0.16082763671875 -0.62469482421875
0.0138540267944336 -0.00355148315429688 -0.80889892578125 -0.4171142578125
0.000635147094726562 -0.0189189910888672 -0.687744140625 0.44293212890625
-0.00701904296875 -0.0182914733886719 0.02239990234375 0.64581298828125
-0.00818538665771484 -0.0153293609619141 0.345245361328125 0.300994873046875
-0.00715923309326172 0.0131807327270508 0.31011962890625 -0.13397216796875
-0.00231122970581055 0.00313520431518555 0.1270751953125 -0.313751220703125
-0.00989532470703125 -0.00432586669921875 -0.0662689208984375 0.2584228515625
0.00806617736816406 -0.0116977691650391 -0.26751708984375 -0.00881958007812497
0.000654220581054686 -0.0273113250732422 -0.235015869140625 -0.415618896484375
0.0180397033691406 -0.0197925567626953 0.22955322265625 -0.59600830078125
-0.00488567352294922 0.0128107070922852 0.79327392578125 -0.07666015625
-0.0229988098144531 0.0177879333496094 0.65203857421875 0.68438720703125
0.0182991027832031 0.0359573364257813 0.06121826171875 0.61126708984375
0.0103797912597656 0.0460395812988281 0.0453338623046875 -0.0148773193359375
0.0157089233398438 0.03826904296875 -0.1864013671875 -0.63604736328125
0.00899505615234375 -0.00645542144775391 -0.82611083984375 -0.3848876953125
0.00370216369628907 -0.0268077850341797 -0.65716552734375 0.47137451171875
-0.00768852233886719 -0.0313644409179688 0.05181884765625 0.63848876953125
-0.0136260986328125 -0.0286788940429687 0.354644775390625 0.28118896484375
-0.0126380920410156 0.00334453582763672 0.303955078125 -0.143585205078125
-0.00174307823181152 0.000232577323913575 0.118621826171875 -0.313720703125
-0.0057220458984375 -0.00913333892822266 -0.0770111083984375 0.26068115234375
0.00561904907226562 -0.0217075347900391 -0.275848388671875 -0.00981140136718755
-0.000186920166015622 -0.0388298034667969 -0.23175048828125 -0.41888427734375
0.0228919982910156 -0.0274906158447266 0.242919921875 -0.593017578125
-0.00162839889526367 0.00752592086791992 0.799072265625 -0.0595703125
-0.0295124053955078 0.00797080993652343 0.63671875 0.69012451171875
0.0132808685302734 0.0133581161499023 0.05157470703125 0.5953369140625
0.0128860473632813 0.0183830261230469 0.0496597290039063 -0.0356254577636719
0.00748062133789062 0.0210590362548828 -0.1978759765625 -0.64703369140625
0.00135707855224609 -0.0118875503540039 -0.83154296875 -0.37506103515625
0.00441169738769532 -0.0322914123535156 -0.64373779296875 0.47760009765625
-0.008453369140625 -0.03955078125 0.064453125 0.63385009765625
-0.0170402526855469 -0.0383224487304688 0.35321044921875 0.276214599609375
-0.0148954391479492 -0.003936767578125 0.297332763671875 -0.144866943359375
0.00221991539001465 -0.00359320640563965 0.107879638671875 -0.31182861328125
0.000735282897949219 -0.0130672454833984 -0.089630126953125 0.26507568359375
0.00488471984863282 -0.0286941528320313 -0.288177490234375 -0.004302978515625
0.00128555297851563 -0.04339599609375 -0.23974609375 -0.4190673828125
0.0233860015869141 -0.0312786102294922 0.242919921875 -0.5966796875
-0.00462102890014648 0.0022892951965332 0.80224609375 -0.0621337890625
-0.0398826599121094 -0.00988769531249999 0.635986328125 0.68304443359375
0.0108680725097656 -0.0208930969238281 0.0516357421875001 0.58001708984375
0.0219306945800781 -0.0179920196533203 0.0564422607421875 -0.0504646301269531
-0.002471923828125 -0.00526189804077148 -0.20062255859375 -0.66033935546875
-0.00978279113769532 -0.0208835601806641 -0.8319091796875 -0.37939453125
0.00160789489746094 -0.0340156555175781 -0.64093017578125 0.478515625
-0.00700759887695313 -0.0417633056640625 0.06689453125 0.63311767578125
-0.0180320739746094 -0.0423774719238281 0.351715087890625 0.27545166015625
-0.0162715911865234 -0.0107879638671875 0.289581298828125 -0.13958740234375
0.0083165168762207 -0.00761222839355469 0.095367431640625 -0.309173583984375
0.00758552551269531 -0.0177421569824219 -0.0977325439453125 0.27105712890625
0.00616264343261718 -0.0336380004882813 -0.29937744140625 0.01336669921875
-0.000465393066406248 -0.0405921936035156 -0.263031005859375 -0.404693603515625
0.0206947326660156 -0.0275230407714844 0.20623779296875 -0.607177734375
-0.012049674987793 -0.00185394287109375 0.7906494140625 -0.1109619140625
-0.0523948669433594 -0.0305290222167969 0.66510009765625 0.63525390625
0.0106620788574219 -0.0596275329589844 0.07867431640625 0.57281494140625
0.0346565246582031 -0.0606956481933594 0.0607070922851563 -0.0425338745117188
-0.00999069213867188 -0.0389404296875 -0.173095703125 -0.66815185546875
-0.0250415802001953 -0.0334911346435547 -0.8175048828125 -0.42352294921875
-0.00365066528320313 -0.0330448150634766 -0.670654296875 0.4461669921875
-0.00514984130859375 -0.0385322570800781 0.0328369140625 0.64178466796875
-0.0164108276367187 -0.0418548583984375 0.335845947265625 0.298309326171875
-0.0139617919921875 -0.0163803100585937 0.285888671875 -0.12359619140625
0.0146245956420898 -0.0099945068359375 0.0865478515625 -0.305938720703125
-0.00206851959228516 -0.00615596771240234 -0.058349609375 0.267227172851563
0.0232448577880859 0.0132961273193359 -0.270416259765625 0.05950927734375
0.00722122192382812 0.0313968658447266 -0.316314697265625 -0.334014892578125
0.000949859619140624 0.03607177734375 0.0305175781250001 -0.6221923828125
-0.0305976867675781 0.0307216644287109 0.68585205078125 -0.30828857421875
-0.028961181640625 0.00143814086914062 0.8065185546875 0.45806884765625
0.0420684814453125 0.0233421325683594 0.2139892578125 0.64263916015625
0.0334510803222656 0.0529594421386719 0.0398178100585938 0.108100891113281
0.0366058349609375 0.0312271118164062 -0.02850341796875 -0.5994873046875
0.0116415023803711 -0.014775276184082 -0.6981201171875 -0.60711669921875
-0.0207748413085938 -0.00327301025390625 -0.82086181640625 0.26800537109375
-0.0169601440429688 0.026153564453125 -0.15130615234375 0.66986083984375
-0.000295639038085936 0.0271568298339844 0.27276611328125 0.39593505859375
0.0106029510498047 0.0328941345214844 0.308441162109375 -0.0662841796875
0.00776147842407227 0.00662136077880859 0.1339111328125 -0.302520751953125
-0.00820064544677734 -0.00327110290527344 -0.0532073974609375 0.26434326171875
0.0182914733886719 0.0148162841796875 -0.260772705078125 0.0359191894531251
0.00345611572265625 0.0202770233154297 -0.2921142578125 -0.362091064453125
0.000865936279296877 0.02288818359375 0.0906982421875001 -0.619140625
-0.0245227813720703 0.0268096923828125 0.7266845703125 -0.24310302734375
-0.01995849609375 0.011444091796875 0.77252197265625 0.5318603515625
0.0396308898925781 0.0423660278320313 0.169677734375 0.646240234375
0.0239105224609375 0.0696144104003906 0.0371551513671875 0.0810623168945313
0.0346527099609375 0.0458869934082031 -0.0747070312499999 -0.6064453125
0.01483154296875 -0.00623321533203125 -0.74456787109375 -0.5389404296875
-0.0124149322509766 -0.00556659698486328 -0.78125 0.335205078125
-0.0118532180786133 0.0124006271362305 -0.08868408203125 0.66790771484375
-0.00104808807373047 0.0146312713623047 0.303070068359375 0.363067626953125
0.00605583190917969 0.0278034210205078 0.31329345703125 -0.09149169921875
0.00331497192382813 0.00650453567504883 0.1361083984375 -0.309112548828125
-0.010615348815918 -0.00174331665039062 -0.05340576171875 0.2608642578125
0.013911247253418 0.00891971588134766 -0.260452270507813 0.0142974853515625
0.000925540924072265 0.00509500503540039 -0.26715087890625 -0.387176513671875
0.00369453430175781 0.00859689712524414 0.1492919921875 -0.613037109375
-0.0170021057128906 0.0223407745361328 0.75885009765625 -0.1734619140625
-0.0165081024169922 0.0194892883300781 0.72857666015625 0.59954833984375
0.0328559875488281 0.0520133972167969 0.12274169921875 0.64215087890625
0.0156097412109375 0.0745086669921875 0.0376205444335938 0.0465164184570313
0.03106689453125 0.0524864196777344 -0.1202392578125 -0.61590576171875
0.0153264999389648 -0.00198936462402344 -0.78448486328125 -0.4705810546875
-0.00481319427490234 -0.0110263824462891 -0.73358154296875 0.39794921875
-0.0086216926574707 -0.00263214111328125 -0.0247802734375 0.66015625
-0.00292849540710449 -0.000650644302368164 0.32861328125 0.329132080078125
-0.000232696533203125 0.0213546752929688 0.31353759765625 -0.11578369140625
-0.000533103942871094 0.00518369674682617 0.134765625 -0.312255859375
-0.0109872817993164 -0.00277137756347656 -0.0594482421875 0.259170532226563
0.0112991333007812 -0.00103569030761719 -0.2635498046875 -0.000610351562500043
9.72747802734375E-05 -0.0114231109619141 -0.24554443359375 -0.405059814453125
0.0102443695068359 -0.00695991516113281 0.19903564453125 -0.60284423828125
-0.00980567932128906 0.0177726745605469 0.782958984375 -0.11614990234375
-0.0177745819091797 0.0227832794189453 0.68463134765625 0.6541748046875
0.0259590148925781 0.0496063232421875 0.0842895507812501 0.62799072265625
0.0110931396484375 0.0665740966796875 0.0400619506835938 0.0134658813476563
0.0242271423339844 0.049468994140625 -0.16009521484375 -0.62554931640625
0.0137977600097656 -0.00261878967285156 -0.81219482421875 -0.4180908203125
0.000383377075195314 -0.01953125 -0.68939208984375 0.444091796875
-0.00792121887207031 -0.0183067321777344 0.02276611328125 0.64849853515625
-0.00750732421875 -0.0156612396240234 0.34661865234375 0.301361083984375
-0.00651359558105469 0.0129871368408203 0.310272216796875 -0.13433837890625
-0.00226044654846191 0.00314903259277344 0.1280517578125 -0.314788818359375
-0.00963211059570313 -0.00548934936523437 -0.066192626953125 0.258590698242188
0.00858974456787109 -0.0118122100830078 -0.268875122070313 -0.00863647460937495
0.000587463378906251 -0.0273418426513672 -0.23516845703125 -0.414337158203125
0.0177021026611328 -0.0199356079101563 0.2298583984375 -0.59515380859375
-0.00457954406738281 0.0136070251464844 0.796142578125 -0.07562255859375
-0.0221366882324219 0.0185756683349609 0.651611328125 0.68353271484375
0.0182266235351563 0.03594970703125 0.05859375 0.61370849609375
0.00976943969726562 0.0458793640136719 0.0441551208496094 -0.014801025390625
0.0161323547363281 0.0382804870605469 -0.1871337890625 -0.63641357421875
0.00873804092407227 -0.00560617446899414 -0.82733154296875 -0.3851318359375
0.00369644165039063 -0.0262851715087891 -0.65863037109375 0.47039794921875
-0.00847053527832031 -0.0309600830078125 0.05267333984375 0.640625
-0.0131340026855469 -0.0286293029785156 0.35516357421875 0.28387451171875
-0.0115728378295898 0.0045928955078125 0.304046630859375 -0.1436767578125
-0.00114810466766357 0.00105381011962891 0.11810302734375 -0.314788818359375
-0.00479316711425781 -0.0095376968383789 -0.076934814453125 0.2607421875
0.00659370422363281 -0.0225086212158203 -0.278106689453125 -0.0086822509765625
0.000930786132812501 -0.0385017395019531 -0.233795166015625 -0.41912841796875
0.0229568481445313 -0.0282001495361328 0.24444580078125 -0.5938720703125
-0.00116968154907227 0.00784397125244141 0.8028564453125 -0.0592041015625
-0.0294551849365234 0.00849533081054687 0.63970947265625 0.690673828125
0.013214111328125 0.0127391815185547 0.0501708984374999 0.59686279296875
0.0127906799316406 0.0188694000244141 0.0498619079589844 -0.0349845886230469
0.00687789916992188 0.0211410522460938 -0.19757080078125 -0.64910888671875
0.000411033630371093 -0.01220703125 -0.83306884765625 -0.37457275390625
0.00423622131347657 -0.0323905944824219 -0.64593505859375 0.478271484375
-0.00939178466796874 -0.0396003723144531 0.06365966796875 0.63623046875
-0.0173149108886719 -0.0377426147460938 0.3546142578125 0.276641845703125
-0.0155324935913086 -0.00422286987304688 0.297271728515625 -0.1444091796875
0.0023493766784668 -0.00328636169433594 0.10760498046875 -0.312255859375
0.000518798828124999 -0.0144567489624023 -0.0895843505859375 0.264236450195313
0.00618362426757813 -0.0293617248535156 -0.288482666015625 -0.00375366210937501
0.000789642333984373 -0.0429267883300781 -0.239471435546875 -0.418701171875
0.0237579345703125 -0.0305614471435547 0.24365234375 -0.59759521484375
-0.00440168380737305 0.00233078002929688 0.80401611328125 -0.0621337890625
-0.0388526916503906 -0.0097808837890625 0.6370849609375 0.6829833984375
0.0120010375976563 -0.0205154418945313 0.05010986328125 0.58001708984375
0.0213336944580078 -0.0187168121337891 0.0563240051269531 -0.0502586364746094
-0.0022587776184082 -0.00560283660888672 -0.2012939453125 -0.66107177734375
-0.0108661651611328 -0.0205135345458984 -0.83404541015625 -0.37939453125
0.000766754150390628 -0.0340213775634766 -0.6419677734375 0.47930908203125
-0.0080413818359375 -0.0420799255371094 0.0667724609375 0.63671875
-0.0184822082519531 -0.0426216125488281 0.352447509765625 0.2769775390625
-0.015594482421875 -0.0108976364135742 0.291015625 -0.140716552734375
0.00781345367431641 -0.00742387771606445 0.09521484375 -0.31005859375
0.00719261169433594 -0.0180110931396484 -0.0986785888671875 0.2718505859375
0.0059814453125 -0.0338973999023438 -0.30023193359375 0.0137939453125
-0.00117111206054688 -0.0404167175292969 -0.263519287109375 -0.40460205078125
0.0206718444824219 -0.0263385772705078 0.2080078125 -0.6080322265625
-0.0120429992675781 -0.00159072875976562 0.79315185546875 -0.11077880859375
-0.05230712890625 -0.030731201171875 0.66595458984375 0.63714599609375
0.011016845703125 -0.0593681335449219 0.0773315429687499 0.5745849609375
0.0355644226074219 -0.0613632202148438 0.06103515625 -0.0421676635742188
-0.00906753540039062 -0.0383796691894531 -0.173095703125 -0.669921875
-0.0250663757324219 -0.0335445404052734 -0.81976318359375 -0.42645263671875
-0.00468063354492188 -0.0332622528076172 -0.67303466796875 0.44671630859375
-0.00530624389648438 -0.0389633178710937 0.03326416015625 0.6456298828125
-0.0167007446289063 -0.0412559509277344 0.33685302734375 0.30035400390625
-0.0134897232055664 -0.0166807174682617 0.2861328125 -0.1241455078125
0.0148963928222656 -0.0112876892089844 0.085784912109375 -0.306671142578125
-0.00078439712524414 -0.00747346878051758 -0.0592498779296875 0.26715087890625
0.0239715576171875 0.0137977600097656 -0.272445678710938 0.0608673095703125
0.00813484191894531 0.0317020416259766 -0.318115234375 -0.335052490234375
0.000701904296875002 0.0357131958007813 0.0313720703124999 -0.6229248046875
-0.0301303863525391 0.0315761566162109 0.68963623046875 -0.3089599609375
-0.0281105041503906 0.00145912170410157 0.8082275390625 0.45733642578125
0.042236328125 0.0220146179199219 0.212646484375 0.6436767578125
0.0337944030761719 0.0529365539550781 0.0385208129882813 0.109184265136719
0.0372505187988281 0.03125 -0.0274658203125 -0.60028076171875
0.0115585327148438 -0.0140390396118164 -0.70208740234375 -0.608642578125
-0.0220661163330078 -0.00351715087890625 -0.82415771484375 0.26910400390625
-0.0168876647949219 0.0262622833251953 -0.151611328125 0.6741943359375
0.000169754028320315 0.0286312103271484 0.272979736328125 0.397125244140625
0.0108547210693359 0.033355712890625 0.310028076171875 -0.066802978515625
0.00856256484985352 0.00558614730834961 0.13458251953125 -0.30523681640625
-0.00796794891357422 -0.00378322601318359 -0.053436279296875 0.264480590820313
0.018829345703125 0.0142383575439453 -0.262939453125 0.0370483398437501
0.00439262390136719 0.0210037231445313 -0.29443359375 -0.36444091796875
0.000211715698242189 0.0226726531982422 0.0921630859375 -0.6217041015625
-0.0244846343994141 0.02716064453125 0.72943115234375 -0.24334716796875
-0.0199260711669922 0.0115203857421875 0.77587890625 0.531982421875
0.039764404296875 0.0417594909667969 0.1689453125 0.64862060546875
0.02374267578125 0.0699920654296875 0.036956787109375 0.081329345703125
0.0352096557617188 0.0455322265625 -0.0739135742187499 -0.60888671875
0.0145711898803711 -0.00512027740478516 -0.74676513671875 -0.54071044921875
-0.0124187469482422 -0.00589370727539063 -0.78533935546875 0.33709716796875
-0.0123653411865234 0.0128631591796875 -0.0888671875 0.67181396484375
-0.000412940979003905 0.0145654678344727 0.304718017578125 0.36639404296875
0.006317138671875 0.0289344787597656 0.313751220703125 -0.092437744140625
0.00348234176635742 0.00589084625244141 0.13641357421875 -0.309844970703125
-0.00995254516601563 -0.00214099884033203 -0.0548858642578125 0.260955810546875
0.0154447555541992 0.00780677795410156 -0.261993408203125 0.0156402587890625
0.00119304656982422 0.00603818893432617 -0.267913818359375 -0.3875732421875
0.00373983383178711 0.00813055038452148 0.15081787109375 -0.614990234375
-0.0174217224121094 0.0224628448486328 0.76361083984375 -0.17474365234375
-0.0161857604980469 0.0194892883300781 0.7308349609375 0.60198974609375
0.0343132019042969 0.0515708923339844 0.12188720703125 0.643310546875
0.0153427124023438 0.0741958618164063 0.0378684997558594 0.0474205017089844
0.0310554504394531 0.0528106689453125 -0.12109375 -0.61700439453125
0.0168752670288086 -0.00239086151123047 -0.7880859375 -0.47259521484375
-0.00451564788818359 -0.0115976333618164 -0.7357177734375 0.39984130859375
-0.00894451141357422 -0.00243759155273438 -0.02618408203125 0.66412353515625
-0.00350737571716309 -0.000487804412841796 0.329681396484375 0.331787109375
0.000690460205078124 0.0217208862304688 0.314361572265625 -0.11676025390625
-8.91685485839847E-05 0.00510263442993164 0.135406494140625 -0.314178466796875
-0.0106410980224609 -0.00307655334472656 -0.0590972900390625 0.259689331054688
0.0122299194335938 -0.00145149230957031 -0.264541625976562 -3.05175781249487E-05
0.00042247772216797 -0.0108222961425781 -0.246856689453125 -0.405059814453125
0.00968742370605469 -0.00682926177978516 0.20050048828125 -0.60321044921875
-0.00958061218261719 0.0181369781494141 0.7857666015625 -0.115478515625
-0.0172328948974609 0.0229778289794922 0.686279296875 0.65643310546875
0.0255813598632813 0.0499496459960937 0.0839233398437501 0.63037109375
0.0107574462890625 0.0662803649902344 0.0400924682617187 0.0134620666503906
0.025054931640625 0.0498695373535156 -0.15814208984375 -0.627197265625
0.0140142440795898 -0.00186634063720703 -0.81451416015625 -0.41949462890625
-0.00012969970703125 -0.0195159912109375 -0.69232177734375 0.44488525390625
-0.00859642028808594 -0.0184898376464844 0.0220947265625 0.65338134765625
-0.00832748413085937 -0.0151510238647461 0.347869873046875 0.3031005859375
-0.00540256500244141 0.0128803253173828 0.312225341796875 -0.13525390625
-0.00202727317810059 0.00246930122375488 0.128387451171875 -0.316253662109375
-0.00915336608886719 -0.00622272491455078 -0.0665435791015625 0.2596435546875
0.00965118408203125 -0.0123672485351563 -0.270721435546875 -0.00724792480468756
0.000713348388671875 -0.0272045135498047 -0.235992431640625 -0.417236328125
0.0166034698486328 -0.0195198059082031 0.22979736328125 -0.5982666015625
-0.00422096252441406 0.0133066177368164 0.79931640625 -0.075927734375
-0.0209312438964844 0.0196533203125 0.65374755859375 0.685791015625
0.0184288024902344 0.03521728515625 0.0575561523437501 0.614990234375
0.00976181030273437 0.0463943481445313 0.0437355041503906 -0.0141639709472656
0.0163421630859375 0.0383987426757813 -0.185302734375 -0.639404296875
0.00830554962158203 -0.00565528869628906 -0.82940673828125 -0.3856201171875
0.00288772583007812 -0.0267143249511719 -0.660888671875 0.47265625
-0.0089263916015625 -0.0315361022949219 0.0538940429687499 0.64483642578125
-0.0128936767578125 -0.0286865234375 0.355865478515625 0.283599853515625
-0.0110597610473633 0.00409698486328125 0.305267333984375 -0.14471435546875
-0.00128436088562012 -0.00106465816497803 0.11920166015625 -0.31591796875
-0.00528907775878906 -0.0109214782714844 -0.0774078369140625 0.261505126953125
0.00705909729003906 -0.0229778289794922 -0.279983520507813 -0.00794982910156249
0.000709533691406253 -0.0381889343261719 -0.235626220703125 -0.420379638671875
0.0220146179199219 -0.028106689453125 0.24658203125 -0.59613037109375
-0.00197029113769531 0.00822162628173828 0.80657958984375 -0.0587158203125
-0.0285930633544922 0.00843620300292969 0.638916015625 0.6942138671875
0.0137414932250977 0.0118217468261719 0.0474853515625 0.59820556640625
0.0134391784667969 0.0189952850341797 0.0493011474609375 -0.0350341796875
0.00771713256835938 0.0218544006347656 -0.19708251953125 -0.65167236328125
0.00133991241455078 -0.0111846923828125 -0.83673095703125 -0.37628173828125
0.0039520263671875 -0.0316333770751953 -0.6470947265625 0.48211669921875
-0.00854110717773437 -0.0400047302246094 0.06298828125 0.64080810546875
-0.0167961120605469 -0.0378341674804688 0.356689453125 0.278594970703125
-0.0142583847045898 -0.00397968292236328 0.298309326171875 -0.146728515625
0.00278949737548828 -0.00449943542480469 0.10772705078125 -0.314605712890625
0.000678062438964842 -0.0158586502075195 -0.0892486572265625 0.265167236328125
0.0069732666015625 -0.0302753448486328 -0.290771484375 -0.00271606445312503
0.00100326538085937 -0.0431442260742188 -0.241851806640625 -0.420379638671875
0.0226898193359375 -0.0305881500244141 0.2451171875 -0.59979248046875
-0.00520849227905274 0.00212240219116211 0.80731201171875 -0.06304931640625
-0.0382728576660156 -0.00904083251953125 0.63873291015625 0.6868896484375
0.0121059417724609 -0.0219173431396484 0.0498046875 0.58245849609375
0.0219612121582031 -0.0183582305908203 0.0565147399902344 -0.0494117736816406
-0.00181722640991211 -0.00613021850585938 -0.201171875 -0.6624755859375
-0.0102806091308594 -0.0201683044433594 -0.83746337890625 -0.37969970703125
0.000301361083984376 -0.034271240234375 -0.64422607421875 0.4814453125
-0.00766372680664063 -0.0424461364746094 0.0675048828125001 0.63946533203125
-0.0188064575195313 -0.0417671203613281 0.353607177734375 0.279815673828125
-0.0154142379760742 -0.011326789855957 0.291107177734375 -0.1409912109375
0.0085606575012207 -0.00864648818969727 0.095794677734375 -0.31072998046875
0.00689125061035156 -0.0196952819824219 -0.0991058349609375 0.272216796875
0.00645065307617187 -0.03448486328125 -0.301727294921875 0.015167236328125
-0.000816345214843748 -0.0406990051269531 -0.26513671875 -0.40576171875
0.0198574066162109 -0.0264320373535156 0.20947265625 -0.61004638671875
-0.0121994018554688 -0.00262165069580078 0.79595947265625 -0.11004638671875
-0.0521240234375 -0.029693603515625 0.6680908203125 0.63934326171875
0.0111770629882812 -0.0607872009277344 0.07635498046875 0.57562255859375
0.0365257263183594 -0.0616188049316406 0.0602798461914063 -0.0416946411132813
-0.00937652587890625 -0.0388603210449219 -0.1722412109375 -0.6722412109375
-0.0258846282958984 -0.0324859619140625 -0.822265625 -0.4266357421875
-0.00542831420898437 -0.0333213806152344 -0.6763916015625 0.448974609375
-0.00566482543945312 -0.0386695861816406 0.03369140625 0.6474609375
-0.0161628723144531 -0.0415916442871094 0.33917236328125 0.300933837890625
-0.0133724212646484 -0.0158224105834961 0.286376953125 -0.125
0.0155820846557617 -0.0118236541748047 0.0875244140625 -0.307586669921875
-0.00130844116210938 -0.00818681716918945 -0.0604095458984375 0.268096923828125
0.0240383148193359 0.0128459930419922 -0.274749755859375 0.0634613037109375
0.00800323486328125 0.0326251983642578 -0.319671630859375 -0.335235595703125
0.000457763671874998 0.0356330871582031 0.03094482421875 -0.62615966796875
-0.0305576324462891 0.0316333770751953 0.69256591796875 -0.31103515625
-0.0274600982666016 0.00106811523437501 0.81243896484375 0.4576416015625
0.0431060791015625 0.0214958190917969 0.212646484375 0.6473388671875
0.0348091125488281 0.0525703430175781 0.0387802124023438 0.109382629394531
0.0379600524902344 0.0310592651367188 -0.0273437499999999 -0.6031494140625
0.0108480453491211 -0.0135297775268555 -0.70440673828125 -0.61187744140625
-0.0220794677734375 -0.0046234130859375 -0.8272705078125 0.26904296875
-0.0179500579833984 0.0271644592285156 -0.1513671875 0.67816162109375
-0.000961303710937498 0.0285739898681641 0.27587890625 0.400177001953125
0.0114498138427734 0.0331401824951172 0.310638427734375 -0.06756591796875
0.00905513763427734 0.00594329833984375 0.135406494140625 -0.306640625
-0.00784158706665039 -0.00519084930419922 -0.053741455078125 0.265289306640625
0.0200004577636719 0.0144100189208984 -0.264022827148438 0.0377197265625
0.00369453430175781 0.0207443237304687 -0.296478271484375 -0.364593505859375
-0.000200271606445312 0.0230560302734375 0.0914306640625 -0.62445068359375
-0.0250968933105469 0.0281944274902344 0.7330322265625 -0.24578857421875
-0.0195388793945313 0.0118427276611328 0.77728271484375 0.53399658203125
0.0401344299316406 0.0416107177734375 0.16943359375 0.64849853515625
0.0239982604980469 0.0691909790039062 0.0370864868164063 0.0815277099609375
0.0356216430664063 0.0467109680175781 -0.0753173828125001 -0.61151123046875
0.015049934387207 -0.00504684448242188 -0.7503662109375 -0.54266357421875
-0.0132589340209961 -0.00613594055175781 -0.78704833984375 0.34051513671875
-0.0123138427734375 0.0128793716430664 -0.08758544921875 0.67584228515625
-0.000763893127441406 0.015228271484375 0.307952880859375 0.36895751953125
0.00722503662109375 0.0294704437255859 0.314910888671875 -0.093658447265625
0.00341987609863281 0.00562286376953125 0.1370849609375 -0.312469482421875
-0.00955963134765625 -0.00404739379882812 -0.054443359375 0.2623291015625
0.016265869140625 0.008575439453125 -0.264434814453125 0.016815185546875
0.00100851058959961 0.00603485107421875 -0.27032470703125 -0.38836669921875
0.00290298461914063 0.00789403915405273 0.15118408203125 -0.61871337890625
-0.0175724029541016 0.0227375030517578 0.7662353515625 -0.1766357421875
-0.0160331726074219 0.0202312469482422 0.73486328125 0.604248046875
0.0342826843261719 0.0511131286621094 0.12066650390625 0.6456298828125
0.0159378051757813 0.0749359130859375 0.037200927734375 0.0482673645019531
0.0314903259277344 0.0526771545410156 -0.12152099609375 -0.61871337890625
0.0157194137573242 -0.000623703002929688 -0.79083251953125 -0.47357177734375
-0.00547504425048828 -0.0118494033813477 -0.74005126953125 0.4027099609375
-0.00917530059814453 -0.00238895416259766 -0.02490234375 0.66802978515625
-0.00316119194030762 -0.00039529800415039 0.33404541015625 0.3336181640625
0.000568389892578124 0.0214729309082031 0.31561279296875 -0.118377685546875
-0.000165462493896484 0.00465059280395508 0.13494873046875 -0.316192626953125
-0.0107326507568359 -0.00431442260742187 -0.0587615966796875 0.259872436523438
0.0132541656494141 -0.00184345245361328 -0.266189575195312 0.000595092773437496
0.000891685485839843 -0.0110874176025391 -0.249786376953125 -0.405670166015625
0.00889301300048828 -0.00694179534912109 0.20062255859375 -0.60711669921875
-0.00998497009277344 0.0186500549316406 0.78912353515625 -0.11773681640625
-0.0162620544433594 0.0236568450927734 0.6905517578125 0.65777587890625
0.0252265930175781 0.0489158630371094 0.08184814453125 0.6331787109375
0.0109367370605469 0.0661888122558594 0.0389251708984375 0.0140380859375
0.025146484375 0.0492820739746094 -0.16156005859375 -0.62725830078125
0.0133371353149414 -0.00115394592285156 -0.81817626953125 -0.41973876953125
0.000213623046875002 -0.0191802978515625 -0.69439697265625 0.44873046875
-0.00843620300292969 -0.0181522369384766 0.0230102539062499 0.6572265625
-0.00828933715820313 -0.0150480270385742 0.350311279296875 0.30462646484375
-0.00466728210449219 0.0133247375488281 0.311492919921875 -0.137451171875
-0.00152087211608887 0.00220179557800293 0.128936767578125 -0.318450927734375
-0.00921916961669922 -0.00762653350830078 -0.0670013427734375 0.259765625
0.00973987579345703 -0.01251220703125 -0.272842407226563 -0.00630187988281247
0.000736236572265627 -0.0269737243652344 -0.23907470703125 -0.417449951171875
0.0157623291015625 -0.0196590423583984 0.23199462890625 -0.60028076171875
-0.00475120544433594 0.01385498046875 0.80303955078125 -0.07769775390625
-0.0208339691162109 0.0193767547607422 0.657958984375 0.689208984375
0.0186195373535156 0.0344009399414063 0.05780029296875 0.61663818359375
0.0103225708007813 0.0470085144042969 0.0436668395996094 -0.0136566162109375
0.0170402526855469 0.0384864807128906 -0.187255859375 -0.640625
0.00838613510131836 -0.00513505935668945 -0.83319091796875 -0.38604736328125
0.00291252136230469 -0.0264511108398438 -0.66339111328125 0.47674560546875
-0.009368896484375 -0.0315456390380859 0.0549926757812501 0.64892578125
-0.0144748687744141 -0.0275058746337891 0.35821533203125 0.2879638671875
-0.0103979110717773 0.00450706481933594 0.3062744140625 -0.146636962890625
-0.00128507614135742 -0.0010981559753418 0.118560791015625 -0.318328857421875
-0.00509548187255859 -0.0124521255493164 -0.07733154296875 0.262176513671875
0.00826263427734375 -0.0225715637207031 -0.28204345703125 -0.00665283203125001
0.00100326538085938 -0.0382156372070313 -0.237701416015625 -0.421417236328125
0.0215797424316406 -0.0282268524169922 0.24542236328125 -0.59869384765625
-0.00170230865478516 0.0083160400390625 0.81231689453125 -0.06219482421875
-0.0282115936279297 0.00864982604980468 0.64312744140625 0.6959228515625
0.0138216018676758 0.0111064910888672 0.0469970703125 0.60052490234375
0.0124244689941406 0.0183086395263672 0.0492973327636719 -0.0347061157226563
0.00796318054199219 0.0210494995117188 -0.1982421875 -0.65252685546875
0.000317573547363281 -0.0101032257080078 -0.841064453125 -0.37750244140625
0.00340080261230469 -0.0320262908935547 -0.6514892578125 0.486572265625
-0.00896835327148437 -0.0403518676757812 0.0654296875 0.64361572265625
-0.0171127319335937 -0.0373497009277344 0.359466552734375 0.27996826171875
-0.0141448974609375 -0.00415515899658203 0.29937744140625 -0.147857666015625
0.0024571418762207 -0.00536441802978516 0.107940673828125 -0.316497802734375
0.00110721588134765 -0.0167455673217773 -0.0895843505859375 0.267135620117188
0.00742912292480469 -0.0312252044677734 -0.2933349609375 -0.00119018554687495
0.00110244750976563 -0.0435371398925781 -0.2423095703125 -0.420867919921875
0.0229015350341797 -0.0305442810058594 0.2467041015625 -0.6016845703125
-0.00516843795776367 0.00280857086181641 0.8121337890625 -0.06427001953125
-0.0380439758300781 -0.00914764404296874 0.64208984375 0.687744140625
0.0119590759277344 -0.0231132507324219 0.04876708984375 0.583984375
0.0219440460205078 -0.0198841094970703 0.0562362670898438 -0.0492973327636719
-0.00139141082763672 -0.00499534606933594 -0.20184326171875 -0.66522216796875
-0.0107746124267578 -0.0198574066162109 -0.84100341796875 -0.38153076171875
0.000474929809570311 -0.0340824127197266 -0.64715576171875 0.48443603515625
-0.00862503051757813 -0.0420112609863281 0.06890869140625 0.6444091796875
-0.0193634033203125 -0.041351318359375 0.356353759765625 0.2801513671875
-0.0153541564941406 -0.0111093521118164 0.291778564453125 -0.1435546875
0.00861740112304688 -0.009307861328125 0.096038818359375 -0.312896728515625
0.00751686096191406 -0.0206527709960938 -0.09832763671875 0.274032592773438
0.00781631469726563 -0.0358963012695313 -0.30352783203125 0.01593017578125
-0.000549316406250002 -0.0412979125976563 -0.26776123046875 -0.40521240234375
0.0191497802734375 -0.0270175933837891 0.20916748046875 -0.612548828125
-0.0132265090942383 -0.00141716003417969 0.8023681640625 -0.11376953125
-0.0527229309082031 -0.030609130859375 0.671142578125 0.6424560546875
0.0111618041992187 -0.0616035461425781 0.07696533203125 0.5771484375
0.0359725952148438 -0.0623664855957031 0.060211181640625 -0.0415458679199219
-0.00949859619140625 -0.0395088195800781 -0.17376708984375 -0.675048828125
-0.0253505706787109 -0.0312938690185547 -0.82794189453125 -0.42730712890625
-0.00679588317871094 -0.0332813262939453 -0.67840576171875 0.4530029296875
-0.0060882568359375 -0.03826904296875 0.034423828125 0.65338134765625
-0.0169410705566406 -0.0407638549804688 0.34033203125 0.3017578125
-0.0127096176147461 -0.0162544250488281 0.286468505859375 -0.12554931640625
0.0154781341552734 -0.0115547180175781 0.086639404296875 -0.30975341796875
-0.00129032135009766 -0.00970840454101563 -0.0594482421875 0.269500732421875
0.0248832702636719 0.0122203826904297 -0.277008056640625 0.0648956298828125
0.00888252258300781 0.0324916839599609 -0.324310302734375 -0.335205078125
9.91821289062523E-05 0.0364875793457031 0.02935791015625 -0.6287841796875
-0.0303478240966797 0.0326194763183594 0.69580078125 -0.31463623046875
-0.0273342132568359 0.00280380249023438 0.818603515625 0.459228515625
0.0437698364257813 0.0210952758789062 0.216064453125 0.6485595703125
0.0354499816894531 0.0531578063964844 0.038421630859375 0.110084533691406
0.037567138671875 0.032257080078125 -0.02935791015625 -0.60491943359375
0.0115451812744141 -0.0132427215576172 -0.708740234375 -0.61346435546875
-0.0229225158691406 -0.00408363342285156 -0.831787109375 0.2750244140625
-0.0173988342285156 0.0273494720458984 -0.149658203125 0.6824951171875
-0.00104331970214844 0.0294704437255859 0.27874755859375 0.4019775390625
0.0126705169677734 0.0335884094238281 0.3121337890625 -0.069427490234375
0.00955390930175781 0.00600528717041016 0.1337890625 -0.30914306640625
-0.00747966766357422 -0.00578498840332031 -0.0538787841796875 0.267440795898437
0.0201663970947266 0.0147705078125 -0.266921997070312 0.0407867431640624
0.00448799133300781 0.0218105316162109 -0.299072265625 -0.3631591796875
-0.000667572021484374 0.0238628387451172 0.090087890625 -0.62799072265625
-0.0251865386962891 0.0287361145019531 0.73760986328125 -0.25018310546875
-0.0185279846191406 0.0122127532958984 0.7823486328125 0.534912109375
0.0409622192382813 0.0405616760253906 0.17083740234375 0.65325927734375
0.0254440307617188 0.0696983337402344 0.0369491577148438 0.0816574096679688
0.036285400390625 0.0464057922363281 -0.07525634765625 -0.612060546875
0.0150279998779297 -0.00448322296142578 -0.755615234375 -0.54180908203125
-0.0134658813476563 -0.00627517700195312 -0.79052734375 0.3455810546875
-0.0130281448364258 0.0132894515991211 -0.08587646484375 0.68157958984375
-0.000975608825683594 0.0164089202880859 0.31097412109375 0.369049072265625
0.00782966613769531 0.0293369293212891 0.31640625 -0.095611572265625
0.00337696075439453 0.00542879104614258 0.13665771484375 -0.31494140625
-0.0101127624511719 -0.0045175552368164 -0.05462646484375 0.26422119140625
0.0169792175292969 0.00813961029052734 -0.265975952148438 0.018463134765625
0.00255012512207031 0.00669288635253906 -0.2723388671875 -0.38970947265625
0.00222587585449219 0.00852298736572266 0.15130615234375 -0.621337890625
-0.0175933837890625 0.0234279632568359 0.7713623046875 -0.17950439453125
-0.0138587951660156 0.0199222564697266 0.73980712890625 0.604248046875
0.0342292785644531 0.0505638122558594 0.123291015625 0.64715576171875
0.016815185546875 0.0741653442382813 0.0371208190917969 0.0477867126464844
0.0324516296386719 0.0531806945800781 -0.12322998046875 -0.623291015625
0.0149497985839844 -0.00226497650146484 -0.79534912109375 -0.47430419921875
-0.00599861145019531 -0.0114212036132813 -0.74114990234375 0.40869140625
-0.00991249084472656 -0.00241374969482422 -0.0217895507812501 0.673583984375
-0.0035855770111084 0.000372409820556641 0.33697509765625 0.334991455078125
0.00163841247558594 0.0217494964599609 0.316741943359375 -0.12066650390625
-0.000102519989013672 0.00387096405029297 0.13494873046875 -0.31915283203125
-0.0110445022583008 -0.00528717041015625 -0.0592498779296875 0.261749267578125
0.0139389038085938 -0.00267314910888672 -0.26861572265625 0.00279235839843754
0.000688552856445313 -0.0104942321777344 -0.2523193359375 -0.40625
0.00922775268554688 -0.0063323974609375 0.201171875 -0.6109619140625
-0.0112953186035156 0.0193061828613281 0.7950439453125 -0.1199951171875
-0.0156764984130859 0.0233688354492188 0.69549560546875 0.65771484375
0.0251388549804687 0.0484352111816406 0.0838623046875 0.63519287109375
0.0116462707519531 0.0659751892089844 0.0389022827148438 0.0146751403808594
0.02532958984375 0.05035400390625 -0.16424560546875 -0.6314697265625
0.0140151977539063 -0.000967979431152344 -0.8216552734375 -0.4210205078125
-0.000617980957031252 -0.0198421478271484 -0.6988525390625 0.45269775390625
-0.00919532775878906 -0.0176544189453125 0.0264892578125 0.66156005859375
-0.00861740112304688 -0.0153131484985352 0.352813720703125 0.305999755859375
-0.00519466400146484 0.0134906768798828 0.31390380859375 -0.138702392578125
-0.00151503086090088 0.00212764739990234 0.129058837890625 -0.321258544921875
-0.00830984115600586 -0.00789546966552735 -0.0661773681640625 0.26177978515625
0.0108327865600586 -0.0132827758789063 -0.275619506835938 -0.00442504882812503
0.00030517578125 -0.0267581939697266 -0.240875244140625 -0.41717529296875
0.0149250030517578 -0.0191593170166016 0.231689453125 -0.60382080078125
-0.00446414947509766 0.0145244598388672 0.80816650390625 -0.07763671875
-0.0202522277832031 0.0195941925048828 0.66302490234375 0.690185546875
0.0184097290039063 0.0340919494628906 0.0594482421875 0.61810302734375
0.0104598999023437 0.0461654663085938 0.0436172485351563 -0.013397216796875
0.0179100036621094 0.0391883850097656 -0.19000244140625 -0.6436767578125
0.00941085815429687 -0.00382041931152344 -0.8392333984375 -0.38543701171875
0.00140571594238281 -0.0264091491699219 -0.665283203125 0.48223876953125
-0.00965499877929687 -0.0321369171142578 0.0570678710937501 0.6534423828125
-0.0136146545410156 -0.0279159545898437 0.3621826171875 0.287872314453125
-0.00992584228515625 0.00407218933105469 0.307220458984375 -0.1497802734375
-0.000261068344116211 -0.00163006782531738 0.119232177734375 -0.320709228515625
-0.00516033172607422 -0.0131015777587891 -0.0774993896484375 0.264678955078125
0.00835609436035156 -0.0243949890136719 -0.28509521484375 -0.00512695312499997
0.000205993652343748 -0.0378799438476563 -0.23876953125 -0.423492431640625
0.0209159851074219 -0.0283470153808594 0.24609375 -0.6016845703125
-0.00171041488647461 0.00861692428588867 0.8140869140625 -0.0643310546875
-0.0272903442382813 0.00894927978515626 0.6497802734375 0.69769287109375
0.0138387680053711 0.0106868743896484 0.049072265625 0.60162353515625
0.0130424499511719 0.0184459686279297 0.0483360290527344 -0.0344886779785156
0.00705909729003906 0.0217208862304687 -0.2012939453125 -0.6552734375
0.000685691833496093 -0.0103168487548828 -0.844970703125 -0.37567138671875
0.00313377380371094 -0.0318183898925781 -0.6527099609375 0.48919677734375
-0.00844955444335938 -0.0396461486816406 0.0679931640625 0.64862060546875
-0.0174751281738281 -0.0376625061035156 0.362152099609375 0.280670166015625
-0.013819694519043 -0.00401973724365234 0.30010986328125 -0.14984130859375
0.00270271301269531 -0.00533723831176758 0.108154296875 -0.319366455078125
0.00102996826171875 -0.0177764892578125 -0.0890655517578125 0.26800537109375
0.00703048706054688 -0.0308456420898438 -0.2950439453125 0.000335693359374946
0.000923156738281254 -0.0432853698730469 -0.246368408203125 -0.420806884765625
0.0225543975830078 -0.0298290252685547 0.24749755859375 -0.60626220703125
-0.00522851943969727 0.00250816345214844 0.81610107421875 -0.06573486328125
-0.0379714965820313 -0.01031494140625 0.645263671875 0.6912841796875
0.0112228393554687 -0.0233783721923828 0.0489501953125 0.58563232421875
0.0219211578369141 -0.0198307037353516 0.0552749633789062 -0.0495452880859375
-0.00154399871826172 -0.00478649139404297 -0.20355224609375 -0.66668701171875
-0.0111618041992188 -0.0185737609863281 -0.8472900390625 -0.3804931640625
-0.000944137573242186 -0.0342845916748047 -0.65069580078125 0.48974609375
-0.00960159301757812 -0.0421371459960937 0.07232666015625 0.64715576171875
-0.0198020935058594 -0.0410957336425781 0.35943603515625 0.28125
-0.0141334533691406 -0.0116062164306641 0.293548583984375 -0.14544677734375
0.00852203369140625 -0.00960254669189453 0.095489501953125 -0.3157958984375
0.00700187683105469 -0.0219039916992188 -0.0975494384765625 0.274917602539063
0.00749588012695313 -0.0365638732910156 -0.306060791015625 0.019866943359375
-0.000308990478515624 -0.0398750305175781 -0.269500732421875 -0.4066162109375
0.0192298889160156 -0.0271396636962891 0.21014404296875 -0.61767578125
-0.0124330520629883 -0.00225353240966797 0.80621337890625 -0.11517333984375
-0.05108642578125 -0.0299453735351562 0.67633056640625 0.6441650390625
0.0110816955566406 -0.0623550415039062 0.07537841796875 0.5802001953125
0.0356559753417969 -0.0625953674316406 0.0595550537109375 -0.0416374206542969
-0.00826644897460937 -0.0380363464355469 -0.17724609375 -0.67730712890625
-0.0253391265869141 -0.0317192077636719 -0.83355712890625 -0.42730712890625
-0.00604057312011719 -0.0324058532714844 -0.68115234375 0.45709228515625
-0.00719833374023438 -0.0395736694335938 0.0364990234375 0.6563720703125
-0.0168228149414062 -0.0413322448730469 0.343109130859375 0.30401611328125
-0.0124626159667969 -0.0160427093505859 0.28851318359375 -0.12799072265625
0.0159072875976563 -0.0128335952758789 0.0867919921875 -0.311492919921875
-0.00111007690429688 -0.010009765625 -0.0587005615234375 0.270797729492188
0.0249538421630859 0.0125465393066406 -0.2789306640625 0.06805419921875
0.00901222229003906 0.0329990386962891 -0.32720947265625 -0.334991455078125
-0.000659942626953123 0.0371780395507813 0.027587890625 -0.63189697265625
-0.0309600830078125 0.0326499938964844 0.69927978515625 -0.3209228515625
-0.0268325805664063 0.00235557556152344 0.8248291015625 0.458251953125
0.0437889099121094 0.020721435546875 0.21771240234375 0.65032958984375
0.0356101989746094 0.0526885986328125 0.038787841796875 0.110366821289063
0.0386734008789063 0.0320587158203125 -0.0318603515625001 -0.60894775390625
0.011347770690918 -0.0131597518920898 -0.715576171875 -0.61199951171875
-0.0231361389160156 -0.00427055358886718 -0.835205078125 0.27972412109375
-0.0182857513427734 0.0272388458251953 -0.14776611328125 0.68878173828125
-0.00100326538085938 0.0299034118652344 0.28131103515625 0.40545654296875
0.0128440856933594 0.0342559814453125 0.313262939453125 -0.071258544921875
0.00976371765136719 0.00502490997314453 0.1334228515625 -0.31170654296875
-0.0070953369140625 -0.00711393356323242 -0.0528106689453125 0.2681884765625
0.0216045379638672 0.0137767791748047 -0.269699096679688 0.0418701171875001
0.00499153137207031 0.0217056274414063 -0.303619384765625 -0.36456298828125
-0.00119400024414063 0.0238494873046875 0.08837890625 -0.6312255859375
-0.0258445739746094 0.0286617279052734 0.74005126953125 -0.25555419921875
-0.0181751251220703 0.0123844146728516 0.791015625 0.53411865234375
0.0412483215332031 0.0400962829589844 0.171875 0.65545654296875
0.0254249572753906 0.0701179504394531 0.0371170043945313 0.0832901000976563
0.0367050170898438 0.0469131469726563 -0.07794189453125 -0.6163330078125
0.0155315399169922 -0.00396442413330078 -0.76025390625 -0.5421142578125
-0.0139245986938477 -0.00603580474853515 -0.7935791015625 0.34967041015625
-0.0136432647705078 0.0137472152709961 -0.08282470703125 0.68670654296875
-0.000557899475097658 0.0161933898925781 0.3128662109375 0.3709716796875
0.00759506225585937 0.0295200347900391 0.3179931640625 -0.097869873046875
0.00439691543579102 0.00488138198852539 0.13702392578125 -0.317596435546875
-0.0105447769165039 -0.00571537017822266 -0.053253173828125 0.264846801757813
0.0176448822021484 0.0074462890625 -0.268951416015625 0.02099609375
0.00141429901123047 0.00682497024536133 -0.277618408203125 -0.389892578125
0.00154209136962891 0.00882530212402344 0.14984130859375 -0.6246337890625
-0.0178241729736328 0.0242385864257812 0.77728271484375 -0.18359375
-0.0147018432617188 0.0207443237304688 0.74664306640625 0.60394287109375
0.0350532531738281 0.0499305725097656 0.1229248046875 0.65032958984375
0.0169830322265625 0.0749359130859375 0.0370216369628906 0.0484466552734375
0.0328407287597656 0.052947998046875 -0.126708984375 -0.6243896484375
0.0157365798950195 -0.000741958618164063 -0.8023681640625 -0.47344970703125
-0.006256103515625 -0.011662483215332 -0.7437744140625 0.41290283203125
-0.0101108551025391 -0.00271224975585938 -0.0192871093750001 0.677734375
-0.00409412384033203 0.000854492187500001 0.340606689453125 0.335601806640625
0.00231361389160156 0.0226535797119141 0.318145751953125 -0.121429443359375
0.000630378723144531 0.00383329391479492 0.13458251953125 -0.3223876953125
-0.010554313659668 -0.00650119781494141 -0.0583648681640625 0.26361083984375
0.0149154663085938 -0.00234413146972656 -0.2718505859375 0.00531005859375003
0.00103378295898438 -0.0104684829711914 -0.255645751953125 -0.40753173828125
0.00752592086791992 -0.00615930557250977 0.199462890625 -0.615966796875
-0.0100975036621094 0.0188312530517578 0.7989501953125 -0.12396240234375
-0.0151538848876953 0.0241146087646484 0.70147705078125 0.66021728515625
0.0259323120117188 0.0480766296386719 0.0856323242187499 0.63751220703125
0.0116691589355469 0.0662918090820313 0.0391426086425781 0.0152740478515625
0.0268669128417969 0.0501060485839844 -0.166015625 -0.63409423828125
0.0139636993408203 -0.000476837158203125 -0.8292236328125 -0.420166015625
-0.00193595886230469 -0.0197963714599609 -0.699951171875 0.4595947265625
-0.00999259948730469 -0.0179271697998047 0.029296875 0.667724609375
-0.00882911682128906 -0.0150375366210938 0.356903076171875 0.30712890625
-0.00399875640869141 0.0131244659423828 0.31512451171875 -0.14154052734375
-0.00110828876495361 0.00138509273529053 0.12823486328125 -0.323638916015625
-0.00836467742919922 -0.00927448272705078 -0.066375732421875 0.263458251953125
0.0114927291870117 -0.013458251953125 -0.2784423828125 -0.00241088867187499
3.24249267578139E-05 -0.0263919830322266 -0.24530029296875 -0.4195556640625
0.0148849487304688 -0.0187110900878906 0.23284912109375 -0.60845947265625
-0.00491142272949219 0.0141868591308594 0.8135986328125 -0.0830078125
-0.0206813812255859 0.0193939208984375 0.67034912109375 0.69158935546875
0.0189990997314453 0.0322856903076172 0.05877685546875 0.62139892578125
0.0105209350585938 0.046142578125 0.0433921813964844 -0.0124893188476562
0.0179557800292969 0.0394859313964844 -0.19256591796875 -0.64520263671875
0.00845146179199219 -0.00386285781860352 -0.846435546875 -0.3831787109375
0.00148582458496094 -0.026611328125 -0.6685791015625 0.48797607421875
-0.00980186462402344 -0.0318832397460938 0.0599365234375 0.658203125
-0.0140171051025391 -0.0279579162597656 0.365936279296875 0.288726806640625
-0.0100107192993164 0.00451374053955078 0.307891845703125 -0.152435302734375
-0.000280261039733887 -0.00178718566894531 0.118438720703125 -0.324188232421875
-0.00499534606933594 -0.0141725540161133 -0.0769195556640625 0.265731811523438
0.00910186767578125 -0.0241813659667969 -0.2850341796875 -0.00225830078125
0.000968933105468753 -0.0393295288085938 -0.24322509765625 -0.422943115234375
0.0201168060302734 -0.0277805328369141 0.24658203125 -0.607421875
-0.00186729431152344 0.00847768783569336 0.8209228515625 -0.0675048828125
-0.0273799896240234 0.00948524475097656 0.655029296875 0.69927978515625
0.0132932662963867 0.0100317001342773 0.0497436523437501 0.60491943359375
0.0129318237304687 0.0186328887939453 0.0487861633300781 -0.0332984924316406
0.00873756408691406 0.0216960906982422 -0.203857421875 -0.6573486328125
0.00108242034912109 -0.00952816009521484 -0.8505859375 -0.37530517578125
0.002410888671875 -0.0325183868408203 -0.654052734375 0.4945068359375
-0.0098876953125 -0.0396347045898438 0.07257080078125 0.65380859375
-0.0178794860839844 -0.0376014709472656 0.364990234375 0.281707763671875
-0.013401985168457 -0.00390911102294922 0.300537109375 -0.152069091796875
0.00349283218383789 -0.00586795806884766 0.107391357421875 -0.320648193359375
0.000896453857421876 -0.0186920166015625 -0.08843994140625 0.270233154296875
0.008087158203125 -0.0329132080078125 -0.297607421875 0.00363159179687498
0.000762939453125002 -0.0429191589355469 -0.24957275390625 -0.422210693359375
0.0212306976318359 -0.0300312042236328 0.2454833984375 -0.61102294921875
-0.00599861145019531 0.00317001342773437 0.8212890625 -0.07086181640625
-0.0377311706542969 -0.00944137573242187 0.65228271484375 0.6910400390625
0.0123958587646484 -0.0247993469238281 0.0511474609375 0.591064453125
0.0218925476074219 -0.0201911926269531 0.0555686950683594 -0.049591064453125
-0.00102853775024414 -0.00511455535888672 -0.20745849609375 -0.66900634765625
-0.0114841461181641 -0.0184211730957031 -0.8529052734375 -0.37799072265625
-0.000963211059570311 -0.03369140625 -0.65228271484375 0.49652099609375
-0.00974655151367187 -0.0423355102539063 0.0764770507812499 0.65283203125
-0.0198211669921875 -0.0411453247070313 0.3626708984375 0.282318115234375
-0.0135936737060547 -0.0112543106079102 0.293182373046875 -0.1480712890625
0.00809669494628906 -0.0109958648681641 0.09503173828125 -0.316802978515625
0.00699806213378906 -0.0238857269287109 -0.09796142578125 0.27764892578125
0.00818252563476563 -0.0364532470703125 -0.30853271484375 0.0225830078125
0.000171661376953127 -0.0405960083007813 -0.273681640625 -0.40679931640625
0.0187740325927734 -0.0263729095458984 0.208984375 -0.622314453125
-0.0126523971557617 -0.00185012817382813 0.81024169921875 -0.1209716796875
-0.0519752502441406 -0.0303840637207031 0.68194580078125 0.64288330078125
0.010009765625 -0.063751220703125 0.07769775390625 0.58343505859375
0.036285400390625 -0.0636405944824219 0.0596771240234375 -0.0409049987792969
-0.00867843627929688 -0.0393295288085938 -0.1807861328125 -0.67816162109375
-0.0260028839111328 -0.0307254791259766 -0.839599609375 -0.42706298828125
-0.00712966918945312 -0.0331249237060547 -0.683837890625 0.46453857421875
-0.0070343017578125 -0.0386505126953125 0.04150390625 0.66192626953125
-0.0169258117675781 -0.0399169921875 0.347442626953125 0.304046630859375
-0.0123081207275391 -0.0160093307495117 0.288787841796875 -0.130584716796875
0.0149860382080078 -0.0129318237304687 0.085174560546875 -0.31427001953125
-0.00154399871826172 -0.0117177963256836 -0.0579833984375 0.27264404296875
0.0255088806152344 0.0116958618164063 -0.280181884765625 0.0715789794921875
0.00951194763183594 0.0332355499267578 -0.33209228515625 -0.335205078125
-0.000377655029296871 0.0374603271484375 0.0237426757812499 -0.635986328125
-0.0311298370361328 0.0330982208251953 0.7021484375 -0.32537841796875
-0.0276546478271484 0.00233268737792969 0.833251953125 0.45599365234375
0.0443878173828125 0.0190391540527344 0.221435546875 0.65252685546875
0.0367889404296875 0.0530166625976563 0.0398025512695312 0.11175537109375
0.0391426086425781 0.0319328308105469 -0.03546142578125 -0.61016845703125
0.0114955902099609 -0.0129079818725586 -0.72198486328125 -0.6119384765625
-0.0235023498535156 -0.00308990478515625 -0.84027099609375 0.2874755859375
-0.0182228088378906 0.0282382965087891 -0.1444091796875 0.6939697265625
-0.000181198120117186 0.0299091339111328 0.287017822265625 0.40643310546875
0.0136451721191406 0.0344276428222656 0.315093994140625 -0.073760986328125
0.011082649230957 0.00402641296386719 0.13262939453125 -0.31500244140625
-0.00710630416870117 -0.00748538970947266 -0.051422119140625 0.269577026367188
0.0225791931152344 0.0135250091552734 -0.27142333984375 0.0443115234375
0.00543212890625 0.0227222442626953 -0.30755615234375 -0.363983154296875
-0.000713348388671876 0.0249881744384766 0.08721923828125 -0.636474609375
-0.0251312255859375 0.0283851623535156 0.74371337890625 -0.2591552734375
-0.0180873870849609 0.0123538970947266 0.7967529296875 0.5328369140625
0.0414848327636719 0.0388221740722656 0.17578125 0.6572265625
0.0262680053710937 0.0699920654296875 0.0375747680664062 0.0838546752929687
0.0373001098632813 0.0471115112304688 -0.08026123046875 -0.6182861328125
0.014927864074707 -0.00341701507568359 -0.76800537109375 -0.54248046875
-0.0145292282104492 -0.00628948211669922 -0.7958984375 0.35845947265625
-0.0138912200927734 0.0134429931640625 -0.0789794921875 0.69146728515625
-0.00101566314697266 0.0165157318115234 0.319366455078125 0.37176513671875
0.00906753540039062 0.0301551818847656 0.31829833984375 -0.100555419921875
0.00514793395996094 0.00412082672119141 0.134185791015625 -0.320587158203125
-0.0105562210083008 -0.00682258605957031 -0.0521392822265625 0.266616821289062
0.0189743041992188 0.00656890869140625 -0.270401000976563 0.02392578125
0.0010981559753418 0.00689125061035156 -0.28143310546875 -0.390655517578125
0.00189208984375 0.00901412963867188 0.14715576171875 -0.630615234375
-0.0176143646240234 0.0239124298095703 0.77886962890625 -0.1895751953125
-0.0137386322021484 0.0211143493652344 0.75244140625 0.60400390625
0.0355682373046875 0.0487518310546875 0.126953125 0.65191650390625
0.0181808471679687 0.0755767822265625 0.0372886657714844 0.04901123046875
0.0330734252929688 0.0530128479003906 -0.1298828125 -0.6258544921875
0.0159940719604492 0.0005645751953125 -0.809326171875 -0.4715576171875
-0.00702190399169922 -0.0120916366577148 -0.74761962890625 0.4205322265625
-0.0104484558105469 -0.00176715850830078 -0.0147094726562501 0.68310546875
-0.0037078857421875 0.00163626670837402 0.34490966796875 0.33697509765625
0.00262832641601562 0.0223293304443359 0.318756103515625 -0.124847412109375
0.000303506851196289 0.00261545181274414 0.1331787109375 -0.324859619140625
-0.0100593566894531 -0.0078277587890625 -0.0570068359375 0.265213012695313
0.0148859024047852 -0.00299549102783203 -0.27301025390625 0.007965087890625
0.000212669372558594 -0.00995826721191406 -0.26025390625 -0.40802001953125
0.00771570205688477 -0.00604248046875 0.197998046875 -0.6199951171875
-0.00986289978027343 0.0193996429443359 0.8048095703125 -0.12896728515625
-0.0147361755371094 0.0235252380371094 0.70855712890625 0.66009521484375
0.0261344909667969 0.0468368530273437 0.0881958007812501 0.640625
0.01202392578125 0.0654830932617188 0.0394706726074219 0.0168266296386719
0.0265274047851563 0.0510826110839844 -0.170166015625 -0.63531494140625
0.0138158798217773 0.000317573547363281 -0.83453369140625 -0.41571044921875
-0.00142669677734375 -0.0189018249511719 -0.70263671875 0.4676513671875
-0.0100536346435547 -0.0186614990234375 0.0325927734375001 0.6729736328125
-0.00818252563476563 -0.0147867202758789 0.361602783203125 0.30621337890625
-0.00355148315429687 0.0144529342651367 0.31475830078125 -0.1446533203125
-0.00127696990966797 0.000445842742919922 0.125885009765625 -0.326904296875
-0.00894641876220703 -0.0105133056640625 -0.065032958984375 0.264892578125
0.0117816925048828 -0.0143852233886719 -0.280075073242187 -0.000228881835937449
0.00115585327148437 -0.0257911682128906 -0.24835205078125 -0.4189453125
0.0144805908203125 -0.0181446075439453 0.2308349609375 -0.61456298828125
-0.00422859191894531 0.0138740539550781 0.81805419921875 -0.0885009765625
-0.02020263671875 0.0203037261962891 0.67803955078125 0.6917724609375
0.0188560485839844 0.0325336456298828 0.0625610351562501 0.62432861328125
0.0113639831542969 0.0457305908203125 0.0432167053222656 -0.0122756958007812
0.0187606811523437 0.0400352478027344 -0.19805908203125 -0.6473388671875
0.00854587554931641 -0.0030517578125 -0.852294921875 -0.38092041015625
0.00104141235351563 -0.0268287658691406 -0.669921875 0.4942626953125
-0.0109024047851562 -0.0321044921875 0.0662841796875 0.66387939453125
-0.0142955780029297 -0.0276145935058594 0.371246337890625 0.287628173828125
-0.00940036773681641 0.00501346588134765 0.308990478515625 -0.154937744140625
-0.000539302825927734 -0.00195491313934326 0.11749267578125 -0.325592041015625
-0.00546550750732422 -0.0148229598999023 -0.07452392578125 0.268447875976562
0.0102138519287109 -0.0249691009521484 -0.289093017578125 9.15527343749623E-05
0.000671386718750004 -0.0388679504394531 -0.24810791015625 -0.42266845703125
0.0201396942138672 -0.0274143218994141 0.24395751953125 -0.61151123046875
-0.00187301635742188 0.00895118713378906 0.82659912109375 -0.07476806640625
-0.0270957946777344 0.00874710083007812 0.66241455078125 0.70001220703125
0.0139102935791016 0.00898361206054688 0.0524291992187499 0.60894775390625
0.0137948989868164 0.0172824859619141 0.0485305786132813 -0.033294677734375
0.00873947143554688 0.02178955078125 -0.20880126953125 -0.65716552734375
0.000592708587646484 -0.00810861587524414 -0.85821533203125 -0.37310791015625
0.0015716552734375 -0.0324077606201172 -0.65576171875 0.5042724609375
-0.0103607177734375 -0.039825439453125 0.077880859375 0.65887451171875
-0.0185661315917969 -0.036956787109375 0.371337890625 0.281494140625
-0.0131864547729492 -0.00400733947753906 0.30072021484375 -0.155181884765625
0.00286293029785156 -0.00729560852050781 0.1058349609375 -0.323516845703125
0.000759124755859375 -0.0198173522949219 -0.0874176025390625 0.271530151367187
0.00882530212402344 -0.0332813262939453 -0.29998779296875 0.00640869140624999
0.000419616699218749 -0.0434112548828125 -0.254150390625 -0.42156982421875
0.0208740234375 -0.0301055908203125 0.2451171875 -0.61553955078125
-0.00517129898071289 0.002716064453125 0.82745361328125 -0.0755615234375
-0.0379447937011719 -0.00961685180664062 0.659912109375 0.6917724609375
0.0109405517578125 -0.0249042510986328 0.0543212890625 0.5919189453125
0.0220279693603516 -0.0202560424804688 0.0551719665527344 -0.0495452880859375
-0.00120401382446289 -0.0051884651184082 -0.212158203125 -0.67218017578125
-0.011444091796875 -0.01776123046875 -0.8585205078125 -0.3763427734375
-0.00168609619140625 -0.0345973968505859 -0.6522216796875 0.5040283203125
-0.00937652587890625 -0.0419235229492187 0.07958984375 0.657470703125
-0.0204582214355469 -0.0415725708007813 0.36767578125 0.2833251953125
-0.0136537551879883 -0.0118007659912109 0.29345703125 -0.151031494140625
0.00797748565673828 -0.0110759735107422 0.0936279296875 -0.32049560546875
0.00605392456054687 -0.0238208770751953 -0.0966339111328125 0.27899169921875
0.00794601440429688 -0.0367469787597656 -0.31097412109375 0.025360107421875
-0.000747680664062501 -0.0407562255859375 -0.27813720703125 -0.407318115234375
0.0184783935546875 -0.0261802673339844 0.20733642578125 -0.625244140625
-0.0137548446655273 -0.00126838684082031 0.81622314453125 -0.12646484375
-0.0517807006835938 -0.0309944152832031 0.69146728515625 0.64312744140625
0.0104904174804687 -0.0646858215332031 0.08123779296875 0.58636474609375
0.0360145568847656 -0.0645561218261719 0.0592689514160156 -0.04144287109375
-0.00856399536132812 -0.039337158203125 -0.18511962890625 -0.6800537109375
-0.0261898040771484 -0.0308933258056641 -0.845703125 -0.42431640625
-0.00803184509277344 -0.0323543548583984 -0.68359375 0.47064208984375
-0.00751113891601563 -0.0386810302734375 0.04681396484375 0.66607666015625
-0.0178298950195312 -0.0409812927246094 0.3505859375 0.304351806640625
-0.0124721527099609 -0.0165185928344727 0.288848876953125 -0.1331787109375
0.0157880783081055 -0.0140953063964844 0.08416748046875 -0.317138671875
-0.00145053863525391 -0.0111770629882813 -0.0560760498046875 0.273910522460938
0.0266342163085937 0.0116596221923828 -0.28192138671875 0.0748291015625
0.0102806091308594 0.0339450836181641 -0.337310791015625 -0.3343505859375
-0.000705718994140624 0.0381622314453125 0.0214233398437499 -0.6409912109375
-0.0310039520263672 0.034332275390625 0.704345703125 -0.33203125
-0.0261688232421875 0.00259971618652343 0.83905029296875 0.45220947265625
0.0437965393066406 0.0185623168945313 0.2259521484375 0.6541748046875
0.0364456176757813 0.0520820617675781 0.0404510498046875 0.113113403320313
0.0398788452148438 0.0320930480957031 -0.03851318359375 -0.6126708984375
0.0113630294799805 -0.011998176574707 -0.72991943359375 -0.61175537109375
-0.0241985321044922 -0.00309562683105468 -0.84283447265625 0.29449462890625
-0.0186710357666016 0.0278797149658203 -0.13818359375 0.70086669921875
-0.000511169433593751 0.0298652648925781 0.29278564453125 0.40728759765625
0.0142459869384766 0.034149169921875 0.315765380859375 -0.076629638671875
0.0104446411132813 0.00388813018798828 0.130645751953125 -0.318145751953125
-0.00823307037353516 -0.00899219512939453 -0.049835205078125 0.271636962890625
0.0225658416748047 0.0129795074462891 -0.272323608398438 0.04766845703125
0.00558090209960938 0.0228214263916016 -0.312408447265625 -0.363922119140625
-0.00125503540039062 0.0253543853759766 0.08270263671875 -0.64031982421875
-0.0248146057128906 0.0298957824707031 0.746826171875 -0.2666015625
-0.0180263519287109 0.0128688812255859 0.80523681640625 0.52899169921875
0.0418205261230469 0.0384292602539063 0.1802978515625 0.65838623046875
0.0272293090820313 0.0706634521484375 0.038177490234375 0.0842132568359375
0.0384597778320312 0.0470924377441406 -0.08544921875 -0.61920166015625
0.0151252746582031 -0.00316524505615234 -0.774169921875 -0.53778076171875
-0.0143585205078125 -0.00560379028320313 -0.79962158203125 0.36474609375
-0.0133886337280273 0.0145034790039063 -0.0729980468750001 0.69793701171875
-0.000650405883789064 0.01739501953125 0.323333740234375 0.372314453125
0.00983238220214843 0.0285110473632813 0.319183349609375 -0.102752685546875
0.005157470703125 0.00393772125244141 0.1337890625 -0.323272705078125
-0.0103025436401367 -0.00806140899658203 -0.0508575439453125 0.268402099609375
0.0195140838623047 0.00587081909179688 -0.273239135742188 0.0269317626953126
0.00213527679443359 0.00703907012939453 -0.284027099609375 -0.38958740234375
0.00174522399902344 0.00916290283203125 0.14532470703125 -0.6339111328125
-0.0171527862548828 0.0246086120605469 0.7813720703125 -0.19610595703125
-0.0130672454833984 0.0212974548339844 0.76092529296875 0.6014404296875
0.0350723266601563 0.0489082336425781 0.130859375 0.65472412109375
0.01727294921875 0.0742263793945313 0.0371513366699219 0.0497512817382813
0.0343551635742187 0.0536575317382812 -0.134765625 -0.62799072265625
0.0159931182861328 -4.38690185546875E-05 -0.81536865234375 -0.4688720703125
-0.00703811645507813 -0.0113277435302734 -0.7503662109375 0.42962646484375
-0.011021614074707 -0.00212764739990234 -0.00781250000000005 0.68914794921875
-0.00348496437072754 0.00127220153808594 0.349395751953125 0.33819580078125
0.00356292724609375 0.0219287872314453 0.319000244140625 -0.1285400390625
0.00123953819274902 0.00228142738342285 0.131378173828125 -0.327178955078125
-0.0108156204223633 -0.00867080688476563 -0.0556793212890625 0.266769409179688
0.0159521102905273 -0.00322914123535156 -0.275283813476563 0.0110626220703125
0.00078105926513672 -0.0109729766845703 -0.264007568359375 -0.4093017578125
0.00711154937744141 -0.00502777099609375 0.19683837890625 -0.62420654296875
-0.00978469848632812 0.0195484161376953 0.8072509765625 -0.1368408203125
-0.0130538940429688 0.0244140625 0.717041015625 0.65771484375
0.0274887084960937 0.0464515686035156 0.09161376953125 0.64251708984375
0.0129661560058594 0.0671348571777344 0.0387802124023438 0.0162544250488281
0.0277633666992187 0.05169677734375 -0.17449951171875 -0.6370849609375
0.0144996643066406 0.00117778778076172 -0.8421630859375 -0.41162109375
-0.0027923583984375 -0.0189476013183594 -0.70367431640625 0.4752197265625
-0.00978660583496094 -0.0185527801513672 0.04083251953125 0.6763916015625
-0.00956058502197265 -0.013585090637207 0.366668701171875 0.3057861328125
-0.00396347045898437 0.0137414932250977 0.315185546875 -0.147308349609375
-0.00160729885101318 0.000121831893920899 0.124237060546875 -0.329498291015625
-0.00978565216064453 -0.0113496780395508 -0.0628814697265625 0.26654052734375
0.0124263763427734 -0.015934944152832 -0.281524658203125 0.00335693359375002
0.000619888305664064 -0.0258808135986328 -0.253021240234375 -0.4195556640625
0.0131320953369141 -0.0185031890869141 0.22821044921875 -0.619140625
-0.00382328033447265 0.0141696929931641 0.82275390625 -0.0947265625
-0.0197010040283203 0.0203342437744141 0.68597412109375 0.6890869140625
0.01934814453125 0.0321559906005859 0.06622314453125 0.6268310546875
0.0122947692871094 0.0455703735351563 0.0428390502929688 -0.0121040344238281
0.0195693969726563 0.0392074584960938 -0.20147705078125 -0.64837646484375
0.0103025436401367 -0.00278759002685547 -0.85723876953125 -0.378173828125
0.000457763671875002 -0.0271358489990234 -0.66876220703125 0.502685546875
-0.0108165740966797 -0.0308628082275391 0.07183837890625 0.6680908203125
-0.0152950286865234 -0.0271930694580078 0.374176025390625 0.28759765625
-0.00843000411987305 0.00566720962524414 0.309173583984375 -0.158172607421875
-0.00118303298950195 -0.00353598594665527 0.115875244140625 -0.32904052734375
-0.00584220886230469 -0.0159635543823242 -0.0734100341796875 0.269912719726563
0.0101852416992188 -0.0257606506347656 -0.290740966796875 0.00396728515625002
0.000854492187499996 -0.0383033752441406 -0.24993896484375 -0.424163818359375
0.0193386077880859 -0.0280609130859375 0.24261474609375 -0.61737060546875
-0.00223398208618164 0.00848627090454101 0.82952880859375 -0.07940673828125
-0.0263595581054688 0.00881767272949218 0.66998291015625 0.69671630859375
0.0136890411376953 0.00901699066162109 0.05535888671875 0.60919189453125
0.0135889053344727 0.0174694061279297 0.0478706359863281 -0.0342330932617188
0.0096282958984375 0.0219802856445313 -0.2135009765625 -0.659912109375
0.000592708587646484 -0.00841808319091797 -0.86456298828125 -0.36859130859375
0.000999450683593751 -0.0317821502685547 -0.656982421875 0.51019287109375
-0.0122108459472656 -0.0402908325195313 0.08416748046875 0.66314697265625
-0.0189208984375 -0.0362129211425781 0.37481689453125 0.281036376953125
-0.012690544128418 -0.00459766387939453 0.30242919921875 -0.159423828125
0.00303506851196289 -0.00664043426513672 0.105010986328125 -0.3271484375
-0.000137329101562499 -0.0212192535400391 -0.085906982421875 0.2747802734375
0.00922775268554688 -0.0344619750976563 -0.3018798828125 0.0101928710937499
0.000446319580078123 -0.04364013671875 -0.257904052734375 -0.422027587890625
0.0204658508300781 -0.0294284820556641 0.2427978515625 -0.6209716796875
-0.00551939010620117 0.00287151336669922 0.83203125 -0.0833740234375
-0.0379371643066406 -0.00914382934570312 0.66754150390625 0.6905517578125
0.011749267578125 -0.0266513824462891 0.0551757812499999 0.593994140625
0.0214996337890625 -0.0208530426025391 0.0547447204589844 -0.0481033325195313
-0.00101423263549805 -0.00524187088012695 -0.21820068359375 -0.67291259765625
-0.0111427307128906 -0.0171442031860352 -0.86798095703125 -0.37261962890625
-0.00235939025878907 -0.0346832275390625 -0.65338134765625 0.510498046875
-0.0112152099609375 -0.0432777404785156 0.08740234375 0.66131591796875
-0.0205039978027344 -0.0416107177734375 0.37115478515625 0.281219482421875
-0.0140190124511719 -0.0109071731567383 0.294891357421875 -0.1544189453125
0.00816726684570313 -0.0114784240722656 0.091094970703125 -0.323150634765625
0.0058441162109375 -0.0245227813720703 -0.095733642578125 0.281524658203125
0.0085906982421875 -0.0389251708984375 -0.31195068359375 0.0294189453125
-0.00117874145507812 -0.0397377014160156 -0.28228759765625 -0.407318115234375
0.0180683135986328 -0.0265045166015625 0.20416259765625 -0.63092041015625
-0.0136289596557617 -0.00145912170410156 0.81964111328125 -0.13287353515625
-0.0513458251953125 -0.0308380126953125 0.69683837890625 0.64239501953125
0.00981521606445312 -0.0666885375976563 0.0831298828125 0.58709716796875
0.035888671875 -0.0665283203125 0.0592842102050781 -0.0414695739746094
-0.008697509765625 -0.0394744873046875 -0.1888427734375 -0.6832275390625
-0.0266342163085937 -0.030181884765625 -0.85302734375 -0.42144775390625
-0.00857925415039063 -0.0327091217041016 -0.6839599609375 0.47930908203125
-0.00893020629882812 -0.0388259887695312 0.0509033203125 0.67205810546875
-0.0176506042480469 -0.0407981872558594 0.3575439453125 0.303802490234375
-0.0122518539428711 -0.0160646438598633 0.289886474609375 -0.13665771484375
0.0151176452636719 -0.01513671875 0.082305908203125 -0.3197021484375
-0.00267791748046875 -0.0127744674682617 -0.05517578125 0.27569580078125
0.026763916015625 0.0114078521728516 -0.282745361328125 0.078369140625
0.0105934143066406 0.0347690582275391 -0.342315673828125 -0.33258056640625
-0.000869750976562503 0.0386199951171875 0.016357421875 -0.64349365234375
-0.0306758880615234 0.0347080230712891 0.7060546875 -0.34197998046875
-0.0255107879638672 0.00203514099121094 0.84722900390625 0.4476318359375
0.0450019836425781 0.0171699523925781 0.23150634765625 0.656494140625
0.0388298034667969 0.0522117614746094 0.0412063598632812 0.113815307617187
0.0404014587402344 0.0312652587890625 -0.0429687500000001 -0.615966796875
0.0119457244873047 -0.0116920471191406 -0.73699951171875 -0.6075439453125
-0.0246753692626953 -0.00262832641601563 -0.84368896484375 0.30377197265625
-0.0182762145996094 0.0292301177978516 -0.13262939453125 0.70513916015625
0.000238418579101565 0.0302562713623047 0.29827880859375 0.407989501953125
0.0143947601318359 0.0342597961425781 0.316650390625 -0.07861328125
0.011357307434082 0.00284099578857422 0.128875732421875 -0.321197509765625
-0.00781917572021484 -0.00949859619140625 -0.048492431640625 0.27337646484375
0.0239543914794922 0.0116500854492188 -0.2750244140625 0.051605224609375
0.00648117065429687 0.0234355926513672 -0.31658935546875 -0.3624267578125
-0.00101852416992188 0.0255889892578125 0.0798950195312499 -0.6444091796875
-0.0249004364013672 0.0299110412597656 0.748779296875 -0.2755126953125
-0.0164031982421875 0.013127326965332 0.81378173828125 0.52496337890625
0.0427589416503906 0.036956787109375 0.18450927734375 0.66082763671875
0.0283432006835938 0.0705795288085938 0.0382156372070313 0.08502197265625
0.0392723083496094 0.0475044250488281 -0.0913085937499999 -0.623046875
0.0153102874755859 -0.00242233276367188 -0.7823486328125 -0.53485107421875
-0.0159482955932617 -0.00622940063476562 -0.79986572265625 0.37445068359375
-0.0129594802856445 0.0147132873535156 -0.0675048828125 0.7047119140625
0.000129699707031251 0.0179920196533203 0.329010009765625 0.371734619140625
0.0106067657470703 0.0294990539550781 0.31988525390625 -0.10687255859375
0.00505161285400391 0.00378274917602539 0.13116455078125 -0.32672119140625
-0.0101556777954102 -0.00810432434082031 -0.0491943359375 0.269027709960938
0.020355224609375 0.0061492919921875 -0.274932861328125 0.0299072265625
0.00303506851196289 0.00783491134643555 -0.292327880859375 -0.388153076171875
0.000332832336425782 0.0100479125976562 0.14056396484375 -0.63909912109375
-0.0165252685546875 0.0256671905517578 0.7862548828125 -0.20458984375
-0.0122795104980469 0.0211811065673828 0.76904296875 0.59942626953125
0.0362281799316406 0.0473899841308594 0.1361083984375 0.6563720703125
0.01953125 0.0745468139648438 0.0373344421386719 0.0505485534667969
0.0353546142578125 0.0535087585449219 -0.14111328125 -0.62957763671875
0.0167007446289063 0.000704765319824219 -0.8233642578125 -0.46392822265625
-0.00815200805664063 -0.0114555358886719 -0.7493896484375 0.4375
-0.0108709335327148 -0.00226879119873047 -0.00299072265625004 0.6939697265625
-0.00384187698364258 0.0018928050994873 0.355987548828125 0.3367919921875
0.00378990173339844 0.0219917297363281 0.319122314453125 -0.132415771484375
0.000910639762878418 0.00152325630187988 0.129608154296875 -0.330413818359375
-0.0114860534667969 -0.00933647155761719 -0.0538330078125 0.26849365234375
0.0173940658569336 -0.00464630126953125 -0.277694702148438 0.0143280029296875
0.00192642211914063 -0.00910472869873047 -0.26983642578125 -0.408355712890625
0.0064697265625 -0.00501155853271484 0.193115234375 -0.6314697265625
-0.0108070373535156 0.0208187103271484 0.8116455078125 -0.14263916015625
-0.0126686096191406 0.0241413116455078 0.72607421875 0.65576171875
0.0267295837402344 0.0452880859375 0.0967407226562501 0.64581298828125
0.0138626098632813 0.065643310546875 0.0387115478515625 0.0163040161132813
0.0287094116210937 0.0506591796875 -0.181396484375 -0.6375732421875
0.0149545669555664 0.000947952270507813 -0.8497314453125 -0.40728759765625
-0.00347137451171875 -0.0193214416503906 -0.7032470703125 0.4847412109375
-0.011199951171875 -0.0185871124267578 0.04681396484375 0.6807861328125
-0.00919342041015625 -0.0138015747070313 0.371917724609375 0.305908203125
-0.0028839111328125 0.0136470794677734 0.315643310546875 -0.15142822265625
-0.000863730907440186 -0.000159502029418945 0.12261962890625 -0.332916259765625
-0.0105085372924805 -0.0125694274902344 -0.062164306640625 0.268966674804687
0.0135879516601563 -0.0161256790161133 -0.28387451171875 0.00656127929687502
0.000965118408203122 -0.0257949829101562 -0.25872802734375 -0.419158935546875
0.0138683319091797 -0.0179347991943359 0.226806640625 -0.62432861328125
-0.00429916381835938 0.0154600143432617 0.828125 -0.102783203125
-0.018890380859375 0.0207080841064453 0.6939697265625 0.68780517578125
0.0194454193115234 0.0314979553222656 0.0697021484375 0.629638671875
0.0124168395996094 0.0451393127441406 0.0422248840332031 -0.0120887756347656
0.0193138122558594 0.0405311584472656 -0.20916748046875 -0.64837646484375
0.00916481018066406 -0.00220680236816406 -0.8653564453125 -0.3740234375
0.000209808349609374 -0.0269927978515625 -0.66925048828125 0.51068115234375
-0.0117588043212891 -0.0315437316894531 0.0799560546875 0.67169189453125
-0.0154857635498047 -0.0271224975585937 0.38031005859375 0.285491943359375
-0.00827360153198242 0.00499153137207031 0.3089599609375 -0.161865234375
-0.00107216835021973 -0.0034027099609375 0.113128662109375 -0.331878662109375
-0.00602054595947266 -0.0171937942504883 -0.071990966796875 0.271682739257813
0.0107631683349609 -0.0266838073730469 -0.292510986328125 0.00772094726562499
0.000202178955078122 -0.0384979248046875 -0.2576904296875 -0.42413330078125
0.0189495086669922 -0.0265979766845703 0.239501953125 -0.62353515625
-0.00229549407958984 0.00840187072753906 0.83447265625 -0.08673095703125
-0.0267658233642578 0.00964736938476563 0.6807861328125 0.6953125
0.0133543014526367 0.00705528259277344 0.0589599609375 0.61322021484375
0.013880729675293 0.0172233581542969 0.0472869873046875 -0.0326271057128906
0.00982284545898438 0.0218505859375 -0.21917724609375 -0.66162109375
0.0012054443359375 -0.0071864128112793 -0.87261962890625 -0.36248779296875
0.000129699707031246 -0.0329380035400391 -0.6561279296875 0.5186767578125
-0.0130653381347656 -0.0397911071777344 0.091064453125 0.66595458984375
-0.019134521484375 -0.0372123718261719 0.3800048828125 0.2786865234375
-0.0117149353027344 -0.00374984741210938 0.30218505859375 -0.16253662109375
0.00257968902587891 -0.00845098495483398 0.1021728515625 -0.32958984375
-0.000724792480468751 -0.0226039886474609 -0.0839691162109375 0.277145385742188
0.00937271118164062 -0.0352592468261719 -0.303924560546875 0.01318359375
0.000274658203124999 -0.0430374145507812 -0.264312744140625 -0.422943115234375
0.0200405120849609 -0.0293312072753906 0.23828125 -0.62628173828125
-0.00638484954833984 0.00300979614257812 0.83575439453125 -0.09027099609375
-0.0371627807617188 -0.00966262817382812 0.6776123046875 0.6884765625
0.0109691619873047 -0.0272312164306641 0.0609741210937499 0.59771728515625
0.0218601226806641 -0.0214328765869141 0.0538749694824219 -0.048980712890625
-0.00063180923461914 -0.00535249710083008 -0.2239990234375 -0.6737060546875
-0.0109577178955078 -0.0163364410400391 -0.87432861328125 -0.36712646484375
-0.00319099426269531 -0.0347118377685547 -0.65264892578125 0.5213623046875
-0.0108489990234375 -0.0429649353027344 0.0921630859375 0.6658935546875
-0.0210113525390625 -0.0418548583984375 0.3759765625 0.279541015625
-0.0142822265625 -0.0117883682250977 0.29400634765625 -0.1578369140625
0.00786113739013672 -0.0133762359619141 0.08941650390625 -0.32586669921875
0.00601387023925781 -0.0264225006103516 -0.09356689453125 0.284637451171875
0.00872802734375 -0.0398406982421875 -0.313934326171875 0.033355712890625
-0.000476837158203121 -0.04034423828125 -0.28741455078125 -0.4051513671875
0.0172939300537109 -0.0256214141845703 0.20001220703125 -0.63525390625
-0.0134468078613281 -0.000973701477050781 0.82281494140625 -0.14013671875
-0.0519676208496094 -0.0304031372070313 0.70770263671875 0.63873291015625
0.00897979736328126 -0.0674285888671875 0.08770751953125 0.58941650390625
0.0354156494140625 -0.0663299560546875 0.0592002868652344 -0.0396957397460938
-0.00910186767578125 -0.0389823913574219 -0.19549560546875 -0.68328857421875
-0.0266857147216797 -0.0298213958740234 -0.86114501953125 -0.414794921875
-0.00903701782226563 -0.0328960418701172 -0.68560791015625 0.48779296875
-0.00912094116210937 -0.0384445190429688 0.0573730468750001 0.6737060546875
-0.0179290771484375 -0.0400161743164063 0.36273193359375 0.30206298828125
-0.0116920471191406 -0.015965461730957 0.288818359375 -0.13970947265625
0.0146484375 -0.0160398483276367 0.0789794921875 -0.32208251953125
-0.00307369232177734 -0.0135869979858398 -0.052642822265625 0.27783203125
0.0276947021484375 0.0106220245361328 -0.283905029296875 0.08319091796875
0.0119590759277344 0.0350379943847656 -0.346221923828125 -0.329345703125
-0.000560760498046879 0.0395431518554688 0.01104736328125 -0.6461181640625
-0.0305976867675781 0.0351524353027344 0.7056884765625 -0.34912109375
-0.0253849029541016 0.0026092529296875 0.8548583984375 0.44036865234375
0.0450286865234375 0.0158195495605469 0.2373046875 0.65753173828125
0.0389328002929687 0.0522117614746094 0.0420150756835937 0.114051818847656
0.0420494079589844 0.0318832397460938 -0.0493164062499999 -0.61798095703125
0.0118618011474609 -0.0108537673950195 -0.7467041015625 -0.6021728515625
-0.0248470306396484 -0.00219345092773437 -0.84527587890625 0.31329345703125
-0.017852783203125 0.02996826171875 -0.125732421875 0.71246337890625
0.000560760498046875 0.0316371917724609 0.30419921875 0.406402587890625
0.0161037445068359 0.0341606140136719 0.31695556640625 -0.082916259765625
0.0120677947998047 0.00244045257568359 0.126068115234375 -0.32421875
-0.00909709930419922 -0.0112705230712891 -0.04541015625 0.275497436523438
0.0249824523925781 0.0117874145507813 -0.275833129882813 0.0556488037109375
0.00686264038085937 0.0239238739013672 -0.322235107421875 -0.35992431640625
-0.00161361694335937 0.0260372161865234 0.0733642578125001 -0.64794921875
-0.0240287780761719 0.0303096771240234 0.74951171875 -0.2843017578125
-0.0159540176391602 0.0138769149780273 0.821533203125 0.5191650390625
0.0433387756347656 0.0360832214355469 0.19085693359375 0.66180419921875
0.0292778015136719 0.0691070556640625 0.0390548706054688 0.0852813720703125
0.0401077270507813 0.0473480224609375 -0.0974731445312499 -0.62371826171875
0.0157918930053711 -0.00279045104980469 -0.7901611328125 -0.52911376953125
-0.0164127349853516 -0.0057373046875 -0.80242919921875 0.38519287109375
-0.0135946273803711 0.0149450302124023 -0.06109619140625 0.70977783203125
-0.000560760498046876 0.0177936553955078 0.334716796875 0.3712158203125
0.0111637115478516 0.0293331146240234 0.3201904296875 -0.1094970703125
0.00538825988769531 0.00297355651855469 0.128631591796875 -0.329864501953125
-0.0105867385864258 -0.00890159606933594 -0.04656982421875 0.27117919921875
0.0215969085693359 0.00508689880371094 -0.275924682617188 0.033416748046875
0.00317907333374023 0.00836181640625 -0.297027587890625 -0.387664794921875
0.00132560729980469 0.0110063552856445 0.13531494140625 -0.64215087890625
-0.0173225402832031 0.0256710052490234 0.78790283203125 -0.21282958984375
-0.0115623474121094 0.0216083526611328 0.77935791015625 0.59454345703125
0.0363502502441406 0.0467567443847656 0.140625 0.6583251953125
0.0206375122070313 0.0733566284179688 0.0377273559570313 0.0506858825683594
0.0360450744628906 0.0542716979980469 -0.146728515625 -0.62957763671875
0.0167913436889648 0.00136375427246094 -0.830322265625 -0.458984375
-0.00867557525634765 -0.0109491348266602 -0.74908447265625 0.44879150390625
-0.0111780166625977 -0.00125503540039062 0.00372314453125006 0.697998046875
-0.00472497940063477 0.0013737678527832 0.35955810546875 0.335113525390625
0.00448989868164063 0.02264404296875 0.3192138671875 -0.1363525390625
0.00146305561065674 0.00135540962219238 0.1260986328125 -0.334442138671875
-0.0122613906860352 -0.0100412368774414 -0.0510711669921875 0.269699096679688
0.0171022415161133 -0.00451087951660156 -0.278564453125 0.01800537109375
0.00155925750732422 -0.00928211212158203 -0.2767333984375 -0.406890869140625
0.00746440887451172 -0.00509309768676758 0.18817138671875 -0.635009765625
-0.00963020324707031 0.0199756622314453 0.81524658203125 -0.1513671875
-0.0121822357177734 0.0247974395751953 0.7359619140625 0.651123046875
0.02764892578125 0.04486083984375 0.10089111328125 0.64691162109375
0.0139274597167969 0.0659637451171875 0.0394020080566406 0.0167884826660156
0.0293540954589844 0.051055908203125 -0.18682861328125 -0.637939453125
0.014892578125 0.0020751953125 -0.85516357421875 -0.4010009765625
-0.00344467163085937 -0.0196418762207031 -0.70123291015625 0.4947509765625
-0.0112648010253906 -0.0181427001953125 0.0542602539062501 0.6842041015625
-0.00960731506347656 -0.0127458572387695 0.376251220703125 0.303497314453125
-0.00200176239013672 0.0138359069824219 0.31427001953125 -0.1552734375
-0.000915765762329101 2.02655792236327E-06 0.119537353515625 -0.334320068359375
-0.0101604461669922 -0.0142145156860352 -0.0596160888671875 0.269546508789063
0.0135631561279297 -0.0165977478027344 -0.285980224609375 0.01080322265625
0.00126266479492187 -0.0263290405273437 -0.264068603515625 -0.417144775390625
0.0138378143310547 -0.0181980133056641 0.2213134765625 -0.63037109375
-0.00445938110351562 0.0146188735961914 0.828857421875 -0.1121826171875
-0.0186405181884766 0.0204811096191406 0.70367431640625 0.6844482421875
0.0189113616943359 0.0312538146972656 0.0755615234374999 0.63153076171875
0.0118141174316406 0.0451812744140625 0.0421600341796875 -0.0117607116699219
0.0201301574707031 0.0399818420410156 -0.2154541015625 -0.64862060546875
0.009674072265625 -0.00127696990966797 -0.8734130859375 -0.365478515625
-0.000656127929687499 -0.0269565582275391 -0.66717529296875 0.5205078125
-0.0124187469482422 -0.0309524536132813 0.0869140625 0.6748046875
-0.015960693359375 -0.0263824462890625 0.385223388671875 0.28515625
-0.00778627395629883 0.005126953125 0.308929443359375 -0.1654052734375
-0.00105166435241699 -0.00400328636169434 0.110198974609375 -0.334716796875
-0.0063323974609375 -0.0179691314697266 -0.0694427490234375 0.273345947265625
0.0113048553466797 -0.0278205871582031 -0.294921875 0.01080322265625
0.00098419189453125 -0.0382575988769531 -0.263092041015625 -0.422882080078125
0.01885986328125 -0.0268325805664063 0.23236083984375 -0.6282958984375
-0.00145053863525391 0.00901699066162109 0.83770751953125 -0.0965576171875
-0.0254173278808594 0.00997734069824219 0.6895751953125 0.6943359375
0.0125627517700195 0.00639629364013672 0.0640869140625 0.6141357421875
0.0143136978149414 0.0169057846069336 0.0465888977050781 -0.0330734252929687
0.0104904174804687 0.0217514038085938 -0.22772216796875 -0.6602783203125
0.00131797790527344 -0.00741291046142578 -0.87908935546875 -0.35662841796875
-0.000782012939453126 -0.0324287414550781 -0.65478515625 0.5281982421875
-0.0132637023925781 -0.0394630432128906 0.0995483398437499 0.6688232421875
-0.0198516845703125 -0.0363426208496094 0.384674072265625 0.276641845703125
-0.0115270614624023 -0.00405693054199218 0.301177978515625 -0.16705322265625
0.00159978866577149 -0.00773239135742188 0.099822998046875 -0.333099365234375
-0.00103950500488281 -0.0233783721923828 -0.0812225341796875 0.278610229492187
0.0093994140625 -0.035888671875 -0.304779052734375 0.017791748046875
0.000579833984374998 -0.0435638427734375 -0.271240234375 -0.421142578125
0.02001953125 -0.0293292999267578 0.2335205078125 -0.63238525390625
-0.0056300163269043 0.00318241119384766 0.8404541015625 -0.1005859375
-0.0373992919921875 -0.00822448730468751 0.68768310546875 0.68182373046875
0.0106716156005859 -0.0280990600585938 0.0635986328124999 0.59942626953125
0.0223617553710938 -0.0222759246826172 0.0534934997558594 -0.0479965209960937
-0.000693798065185547 -0.0048060417175293 -0.231201171875 -0.6737060546875
-0.0113143920898438 -0.0162181854248047 -0.8818359375 -0.36065673828125
-0.00365257263183594 -0.0340175628662109 -0.65087890625 0.5283203125
-0.0115509033203125 -0.0424842834472656 0.09967041015625 0.66900634765625
-0.0210418701171875 -0.0404396057128906 0.381439208984375 0.278228759765625
-0.0140981674194336 -0.0111122131347656 0.29266357421875 -0.162139892578125
0.00734901428222656 -0.0134124755859375 0.08648681640625 -0.3280029296875
0.00380325317382812 -0.0268459320068359 -0.0911865234375 0.28619384765625
0.00912857055664062 -0.0409431457519531 -0.3162841796875 0.03814697265625
-0.00116729736328125 -0.0406455993652344 -0.293914794921875 -0.404022216796875
0.0170783996582031 -0.0248737335205078 0.196533203125 -0.64215087890625
-0.0133533477783203 -0.000437736511230467 0.82623291015625 -0.1507568359375
-0.0519599914550781 -0.0305404663085937 0.71636962890625 0.634521484375
0.00698089599609374 -0.0690994262695313 0.09173583984375 0.59149169921875
0.0341758728027344 -0.067626953125 0.0586585998535156 -0.040283203125
-0.00869750976562501 -0.0401840209960938 -0.20318603515625 -0.6837158203125
-0.0264701843261719 -0.0283336639404297 -0.86737060546875 -0.40850830078125
-0.00933456420898437 -0.0328273773193359 -0.68194580078125 0.49652099609375
-0.0103034973144531 -0.0390586853027344 0.0661621093749999 0.68011474609375
-0.0186691284179688 -0.0398406982421875 0.3675537109375 0.300323486328125
-0.0117645263671875 -0.0159807205200195 0.28875732421875 -0.144561767578125
0.0151338577270508 -0.0159101486206055 0.07781982421875 -0.32379150390625
-0.00345420837402344 -0.0149545669555664 -0.0493316650390625 0.2794189453125
0.029022216796875 0.00994300842285156 -0.28411865234375 0.087738037109375
0.0123786926269531 0.0360221862792969 -0.351837158203125 -0.32666015625
-0.000282287597656254 0.0401840209960938 0.00427246093749999 -0.64776611328125
-0.0294761657714844 0.0356292724609375 0.70428466796875 -0.35870361328125
-0.0245685577392578 0.00282669067382813 0.86260986328125 0.43194580078125
0.0451469421386719 0.0145301818847656 0.24249267578125 0.65472412109375
0.0398597717285156 0.0514030456542969 0.044097900390625 0.113609313964844
0.0421791076660156 0.0314712524414063 -0.0557250976562499 -0.6181640625
0.0119953155517578 -0.0117053985595703 -0.7525634765625 -0.59637451171875
-0.0251712799072266 -0.00242042541503906 -0.8450927734375 0.322998046875
-0.0177726745605469 0.0302600860595703 -0.11749267578125 0.7174072265625
0.000551223754882812 0.0315322875976563 0.31024169921875 0.40557861328125
0.0168590545654297 0.0346546173095703 0.316864013671875 -0.086639404296875
0.0120525360107422 0.00236797332763672 0.1220703125 -0.32708740234375
-0.00876998901367188 -0.0107088088989258 -0.043701171875 0.27484130859375
0.0259647369384766 0.0114898681640625 -0.276565551757813 0.0599670410156251
0.00738143920898438 0.024566650390625 -0.326416015625 -0.35736083984375
-0.00103187561035157 0.0267581939697266 0.0666503906249999 -0.65093994140625
-0.0244216918945313 0.0311412811279297 0.75164794921875 -0.2926025390625
-0.0151052474975586 0.0138349533081055 0.83123779296875 0.5107421875
0.0430984497070313 0.0351486206054688 0.19573974609375 0.6612548828125
0.0297126770019531 0.0687751770019531 0.0398101806640625 0.085906982421875
0.0410346984863281 0.0471382141113281 -0.10479736328125 -0.62310791015625
0.0162725448608398 -0.00183296203613281 -0.7977294921875 -0.52191162109375
-0.016352653503418 -0.00485324859619141 -0.7987060546875 0.39520263671875
-0.0135097503662109 0.0148000717163086 -0.0506591796875 0.71331787109375
0.000194549560546874 0.0179977416992188 0.341278076171875 0.368194580078125
0.0123767852783203 0.0298347473144531 0.320220947265625 -0.114532470703125
0.00618839263916016 0.0015711784362793 0.125 -0.332855224609375
-0.0115890502929687 -0.0097646713256836 -0.04339599609375 0.27264404296875
0.0223369598388672 0.00460624694824219 -0.27777099609375 0.0383758544921875
0.00353908538818359 0.00926303863525391 -0.3028564453125 -0.38421630859375
0.00102329254150391 0.0110673904418945 0.1290283203125 -0.646484375
-0.0164966583251953 0.0256919860839844 0.7877197265625 -0.22320556640625
-0.010650634765625 0.0217781066894531 0.787841796875 0.586181640625
0.0372962951660156 0.04547119140625 0.14697265625 0.6583251953125
0.0209503173828125 0.0728836059570313 0.0385093688964844 0.0516853332519531
0.0375251770019531 0.0527381896972656 -0.1551513671875 -0.62884521484375
0.0177536010742188 0.00224685668945313 -0.83843994140625 -0.4508056640625
-0.00911235809326172 -0.0117034912109375 -0.7454833984375 0.4583740234375
-0.0116395950317383 -0.00175094604492187 0.0140380859375 0.70135498046875
-0.0041041374206543 0.00301814079284668 0.366302490234375 0.332305908203125
0.00545310974121094 0.0225009918212891 0.3184814453125 -0.140411376953125
0.00165259838104248 0.00101256370544434 0.123321533203125 -0.336395263671875
-0.0125160217285156 -0.0112829208374023 -0.048828125 0.270965576171875
0.0180740356445313 -0.00555229187011719 -0.280838012695313 0.0228118896484374
0.00124502182006836 -0.00854825973510742 -0.281341552734375 -0.403045654296875
0.00685453414916992 -0.00453567504882813 0.181884765625 -0.63983154296875
-0.00940704345703125 0.0209178924560547 0.81524658203125 -0.16351318359375
-0.0120258331298828 0.0246467590332031 0.7449951171875 0.6444091796875
0.0272140502929688 0.0446357727050781 0.1068115234375 0.64556884765625
0.0150680541992187 0.065093994140625 0.0389785766601563 0.0173683166503906
0.030181884765625 0.0505218505859375 -0.19403076171875 -0.6370849609375
0.0152597427368164 0.00242137908935547 -0.863037109375 -0.39361572265625
-0.0042877197265625 -0.0196895599365234 -0.6986083984375 0.50506591796875
-0.011383056640625 -0.0171480178833008 0.06439208984375 0.68695068359375
-0.00942802429199219 -0.0133142471313477 0.3819580078125 0.300750732421875
-0.00206851959228516 0.0140810012817383 0.314239501953125 -0.159759521484375
-0.000829577445983887 -0.00154650211334229 0.116363525390625 -0.3380126953125
-0.0105152130126953 -0.0143232345581055 -0.0563812255859375 0.271560668945313
0.0143089294433594 -0.0179882049560547 -0.2867431640625 0.015411376953125
0.000547409057617187 -0.0254230499267578 -0.27056884765625 -0.41497802734375
0.0128383636474609 -0.0173158645629883 0.2147216796875 -0.6348876953125
-0.00385379791259766 0.0146474838256836 0.8330078125 -0.1197509765625
-0.01751708984375 0.0204410552978516 0.7135009765625 0.676513671875
0.0189151763916016 0.0295429229736328 0.0803222656250001 0.63134765625
0.0127029418945313 0.0449981689453125 0.0421066284179688 -0.0112152099609375
0.0214920043945313 0.0402984619140625 -0.22259521484375 -0.64849853515625
0.00980377197265625 -0.00118923187255859 -0.8798828125 -0.3565673828125
-0.00235366821289063 -0.0269069671630859 -0.6641845703125 0.53076171875
-0.0130996704101563 -0.0313816070556641 0.09613037109375 0.67657470703125
-0.0162448883056641 -0.0266704559326172 0.390869140625 0.281829833984375
-0.00756072998046875 0.00477027893066406 0.30731201171875 -0.17047119140625
-0.00103759765625 -0.00458288192749024 0.10784912109375 -0.338104248046875
-0.00784873962402344 -0.0198478698730469 -0.0659027099609375 0.275665283203125
0.0108528137207031 -0.0287208557128906 -0.295013427734375 0.015899658203125
0.000820159912109371 -0.038299560546875 -0.268890380859375 -0.41973876953125
0.0178546905517578 -0.0263195037841797 0.2286376953125 -0.63299560546875
-0.00215482711791992 0.00795412063598633 0.84014892578125 -0.1063232421875
-0.0260372161865234 0.0105171203613281 0.698486328125 0.68475341796875
0.0123233795166016 0.00510501861572266 0.0692749023437499 0.6151123046875
0.0146350860595703 0.0157976150512695 0.0462989807128906 -0.0325584411621094
0.0104846954345703 0.0221786499023438 -0.2349853515625 -0.66064453125
0.00184822082519531 -0.00729703903198242 -0.88458251953125 -0.3463134765625
-0.00189018249511719 -0.0315265655517578 -0.65081787109375 0.53741455078125
-0.0137405395507812 -0.0395126342773438 0.1058349609375 0.67095947265625
-0.0206451416015625 -0.0357093811035156 0.388702392578125 0.2740478515625
-0.0114526748657227 -0.00369548797607422 0.299591064453125 -0.17169189453125
0.00280475616455078 -0.00887489318847656 0.094207763671875 -0.3345947265625
-0.00218963623046875 -0.0242805480957031 -0.0778961181640625 0.280868530273437
0.00919342041015625 -0.0373268127441406 -0.30633544921875 0.022186279296875
0.000141143798828123 -0.0439109802246094 -0.276153564453125 -0.41741943359375
0.0195789337158203 -0.0284423828125 0.22833251953125 -0.637451171875
-0.00533866882324219 0.00228071212768555 0.84197998046875 -0.10919189453125
-0.0370597839355469 -0.00927352905273438 0.697265625 0.67828369140625
0.009124755859375 -0.0290546417236328 0.0691528320312501 0.601318359375
0.0214576721191406 -0.0231132507324219 0.0533256530761719 -0.048675537109375
-0.000234603881835938 -0.00505781173706055 -0.23974609375 -0.6715087890625
-0.0107812881469727 -0.0154619216918945 -0.88763427734375 -0.3516845703125
-0.00457763671875 -0.0342807769775391 -0.64697265625 0.53851318359375
-0.0127105712890625 -0.0426445007324219 0.10882568359375 0.67205810546875
-0.0215530395507813 -0.0401954650878906 0.386566162109375 0.27532958984375
-0.0137729644775391 -0.011134147644043 0.2919921875 -0.165740966796875
0.00739479064941406 -0.0140371322631836 0.08197021484375 -0.330657958984375
0.00278091430664063 -0.0276737213134766 -0.0882568359375 0.28802490234375
0.00907516479492187 -0.0416336059570313 -0.315643310546875 0.043060302734375
-0.000995635986328126 -0.0407066345214844 -0.30035400390625 -0.40167236328125
0.0168743133544922 -0.0252094268798828 0.1904296875 -0.64764404296875
-0.0141792297363281 -0.000544548034667966 0.82757568359375 -0.15985107421875
-0.0526809692382813 -0.0295295715332031 0.72607421875 0.62933349609375
0.00576019287109375 -0.0690574645996094 0.098388671875 0.59161376953125
0.0337562561035156 -0.0687408447265625 0.0589714050292969 -0.0401077270507813
-0.00940322875976563 -0.0394744873046875 -0.21026611328125 -0.6837158203125
-0.0262413024902344 -0.0281314849853516 -0.8751220703125 -0.40057373046875
-0.0112419128417969 -0.032470703125 -0.67987060546875 0.50634765625
-0.0101509094238281 -0.0388336181640625 0.0740966796875 0.68060302734375
-0.0194969177246094 -0.0393524169921875 0.371795654296875 0.299896240234375
-0.0117034912109375 -0.0161609649658203 0.28753662109375 -0.149200439453125
0.0142202377319336 -0.0171194076538086 0.073455810546875 -0.3267822265625
-0.00421237945556641 -0.015411376953125 -0.0467987060546875 0.280471801757813
0.0293521881103516 0.00967597961425781 -0.28350830078125 0.091796875
0.0141868591308594 0.0362548828125 -0.3575439453125 -0.323760986328125
0.000175476074218748 0.0411605834960938 -0.00274658203124996 -0.64971923828125
-0.0301094055175781 0.0369338989257813 0.70098876953125 -0.36749267578125
-0.0254287719726562 0.00338172912597656 0.86907958984375 0.4227294921875
0.0452079772949219 0.0135040283203125 0.24993896484375 0.65350341796875
0.0403976440429688 0.0499382019042969 0.0447463989257813 0.114906311035156
0.0425682067871094 0.0302162170410156 -0.06353759765625 -0.6171875
0.0121755599975586 -0.0102300643920898 -0.76129150390625 -0.58856201171875
-0.0260124206542969 -0.00168609619140625 -0.8433837890625 0.33599853515625
-0.0172309875488281 0.0295124053955078 -0.10931396484375 0.72076416015625
0.000186920166015625 0.0320758819580078 0.317291259765625 0.403045654296875
0.0178108215332031 0.0348091125488281 0.31640625 -0.0916748046875
0.0125350952148438 0.000582695007324219 0.118621826171875 -0.32940673828125
-0.0102090835571289 -0.0119848251342773 -0.04052734375 0.276535034179688
0.0268707275390625 0.010009765625 -0.27655029296875 0.0639801025390625
0.00793266296386719 0.0257587432861328 -0.333648681640625 -0.3543701171875
-0.000669479370117188 0.0281238555908203 0.06103515625 -0.65380859375
-0.0237712860107422 0.0317344665527344 0.74774169921875 -0.30364990234375
-0.0149812698364258 0.0135631561279297 0.83880615234375 0.5023193359375
0.0430831909179688 0.0336265563964844 0.20416259765625 0.6591796875
0.0301475524902344 0.0677261352539063 0.0409469604492187 0.0863723754882813
0.0420570373535156 0.0461196899414063 -0.1112060546875 -0.621337890625
0.0158958435058594 -0.00156307220458984 -0.80535888671875 -0.51409912109375
-0.0171375274658203 -0.00460433959960937 -0.7957763671875 0.40521240234375
-0.0137786865234375 0.0158834457397461 -0.04248046875 0.7166748046875
-1.52587890624985E-05 0.0178565979003906 0.34613037109375 0.365020751953125
0.0130157470703125 0.0294170379638672 0.31854248046875 -0.117889404296875
0.006256103515625 0.00154495239257813 0.1209716796875 -0.335357666015625
-0.0121450424194336 -0.0113077163696289 -0.0414886474609375 0.273513793945313
0.0229816436767578 0.00339317321777344 -0.276885986328125 0.04229736328125
0.00426006317138672 0.00942802429199219 -0.308624267578125 -0.380462646484375
0.00121879577636719 0.01251220703125 0.1234130859375 -0.6513671875
-0.0163993835449219 0.0265769958496094 0.786865234375 -0.23309326171875
-0.00982475280761719 0.0217018127441406 0.7957763671875 0.57781982421875
0.0365180969238281 0.0447120666503906 0.1541748046875 0.65771484375
0.0223770141601563 0.0732879638671875 0.038665771484375 0.0511550903320313
0.0373077392578125 0.0530052185058594 -0.16082763671875 -0.62908935546875
0.0179691314697266 0.00225257873535156 -0.844970703125 -0.439697265625
-0.00943374633789062 -0.0110321044921875 -0.74298095703125 0.4676513671875
-0.0120372772216797 -0.000625610351562499 0.0222778320312499 0.703125
-0.00345945358276367 0.00269365310668945 0.37255859375 0.32965087890625
0.00647354125976563 0.0228233337402344 0.317108154296875 -0.14398193359375
0.00133991241455078 0.000138521194458008 0.1180419921875 -0.33935546875
-0.0127859115600586 -0.0112686157226563 -0.046173095703125 0.271896362304688
0.0183868408203125 -0.00616836547851563 -0.2806396484375 0.02691650390625
0.00173616409301758 -0.00877809524536133 -0.2877197265625 -0.400665283203125
0.00637292861938476 -0.00333452224731445 0.17523193359375 -0.64453125
-0.00979995727539063 0.0208168029785156 0.81634521484375 -0.17279052734375
-0.0112590789794922 0.0248565673828125 0.75164794921875 0.63507080078125
0.0272712707519531 0.0425186157226563 0.11474609375 0.64532470703125
0.0152435302734375 0.0645751953125 0.0388908386230469 0.0172538757324219
0.0311737060546875 0.0501594543457031 -0.20123291015625 -0.635498046875
0.0150651931762695 0.00320720672607422 -0.86865234375 -0.38433837890625
-0.0048065185546875 -0.0189075469970703 -0.6929931640625 0.5142822265625
-0.012141227722168 -0.0175065994262695 0.07183837890625 0.68853759765625
-0.0100107192993164 -0.0121393203735352 0.386383056640625 0.29803466796875
-0.00097370147705078 0.0138931274414063 0.31256103515625 -0.1640625
-0.00120079517364502 -0.00201022624969482 0.112091064453125 -0.34130859375
-0.0122661590576172 -0.0144433975219727 -0.0534820556640625 0.27276611328125
0.0142574310302734 -0.0186595916748047 -0.287628173828125 0.0202941894531249
0.000608444213867187 -0.0253238677978516 -0.275634765625 -0.412567138671875
0.0137262344360352 -0.0171785354614258 0.20794677734375 -0.63946533203125
-0.00339984893798828 0.0149145126342773 0.83306884765625 -0.1328125
-0.0169486999511719 0.0207252502441406 0.72259521484375 0.66839599609375
0.0184211730957031 0.0288505554199219 0.08746337890625 0.63128662109375
0.0125236511230469 0.0433998107910156 0.0422821044921875 -0.0109901428222656
0.0221061706542969 0.03985595703125 -0.22967529296875 -0.6451416015625
0.0101003646850586 -0.000307083129882813 -0.885009765625 -0.34832763671875
-0.00222396850585937 -0.0266323089599609 -0.6588134765625 0.53900146484375
-0.0135765075683594 -0.0311565399169922 0.10308837890625 0.67877197265625
-0.0167522430419922 -0.0258007049560547 0.39434814453125 0.27777099609375
-0.00737380981445313 0.00449991226196289 0.3040771484375 -0.175567626953125
-0.00109243392944336 -0.00530004501342773 0.102813720703125 -0.340362548828125
-0.00827598571777344 -0.0191631317138672 -0.063446044921875 0.27655029296875
0.0109939575195313 -0.0296630859375 -0.29571533203125 0.0202026367187499
0.000728607177734372 -0.0383567810058594 -0.276153564453125 -0.41668701171875
0.0174350738525391 -0.0254898071289063 0.2222900390625 -0.63909912109375
-0.00233793258666992 0.00858449935913086 0.84027099609375 -0.11669921875
-0.0250091552734375 0.0107746124267578 0.7088623046875 0.67803955078125
0.0118885040283203 0.00414752960205078 0.0762939453125 0.61602783203125
0.014317512512207 0.0153112411499023 0.0465888977050781 -0.0322608947753906
0.0118370056152344 0.0225296020507813 -0.24188232421875 -0.65576171875
0.00218057632446289 -0.00613784790039062 -0.89093017578125 -0.3382568359375
-0.00230979919433593 -0.0326957702636719 -0.64483642578125 0.54736328125
-0.0142822265625 -0.0397186279296875 0.11676025390625 0.6712646484375
-0.0213050842285156 -0.0351905822753906 0.393768310546875 0.2706298828125
-0.0112771987915039 -0.0044260025024414 0.297149658203125 -0.17584228515625
0.00148105621337891 -0.0103855133056641 0.091461181640625 -0.3370361328125
-0.00350189208984375 -0.0242080688476563 -0.074249267578125 0.282440185546875
0.0094757080078125 -0.0385360717773438 -0.306488037109375 0.027130126953125
0.000457763671874996 -0.0431556701660156 -0.2823486328125 -0.4146728515625
0.0192146301269531 -0.0289440155029297 0.22186279296875 -0.6422119140625
-0.00565862655639649 0.00352001190185547 0.842529296875 -0.12139892578125
-0.03692626953125 -0.00848388671875 0.70489501953125 0.671142578125
0.00836944580078125 -0.0302219390869141 0.0775146484375 0.600341796875
0.0206928253173828 -0.0245990753173828 0.0526924133300781 -0.04815673828125
0.000239849090576171 -0.00461673736572266 -0.246826171875 -0.67047119140625
-0.0108165740966797 -0.0155611038208008 -0.8922119140625 -0.3431396484375
-0.00561141967773438 -0.0333271026611328 -0.64251708984375 0.54815673828125
-0.0135765075683594 -0.0417251586914063 0.1197509765625 0.67218017578125
-0.0217971801757812 -0.0393142700195313 0.389678955078125 0.2713623046875
-0.0125789642333984 -0.0105648040771484 0.28936767578125 -0.1695556640625
0.00769233703613281 -0.0154542922973633 0.079010009765625 -0.331878662109375
0.00184822082519532 -0.0290145874023438 -0.08477783203125 0.290191650390625
0.00872039794921875 -0.0436592102050781 -0.316497802734375 0.0478515625
-0.000907897949218748 -0.0406913757324219 -0.305755615234375 -0.397308349609375
0.0161819458007813 -0.0240764617919922 0.18341064453125 -0.65057373046875
-0.0146656036376953 -0.000708580017089845 0.82745361328125 -0.1693115234375
-0.0526390075683594 -0.0294647216796875 0.7353515625 0.62109375
0.00474929809570312 -0.0696067810058594 0.10382080078125 0.590576171875
0.0334243774414063 -0.0688362121582031 0.0584564208984375 -0.0404090881347656
-0.009765625 -0.0390396118164063 -0.21783447265625 -0.68023681640625
-0.0263519287109375 -0.0273685455322266 -0.88092041015625 -0.39239501953125
-0.01171875 -0.0321979522705078 -0.6763916015625 0.51629638671875
-0.0104713439941406 -0.0387535095214844 0.083740234375 0.68212890625
-0.0188941955566406 -0.0391006469726563 0.377349853515625 0.294403076171875
-0.0118389129638672 -0.0157709121704102 0.28558349609375 -0.151611328125
0.0139732360839844 -0.0183029174804687 0.068572998046875 -0.329315185546875
-0.00499343872070313 -0.0157985687255859 -0.04254150390625 0.281219482421875
0.0304412841796875 0.00795173645019531 -0.28375244140625 0.097686767578125
0.0143241882324219 0.0371932983398437 -0.36181640625 -0.318572998046875
0.00156402587890625 0.0414276123046875 -0.01080322265625 -0.6514892578125
-0.0295295715332031 0.0369110107421875 0.69793701171875 -0.3765869140625
-0.0245189666748047 0.00358009338378906 0.87445068359375 0.41033935546875
0.0443191528320313 0.0121917724609375 0.25665283203125 0.65087890625
0.0403900146484375 0.0490036010742188 0.0462799072265625 0.114540100097656
0.0435256958007813 0.0305442810058594 -0.069091796875 -0.61590576171875
0.0122528076171875 -0.0101919174194336 -0.765869140625 -0.58087158203125
-0.026214599609375 -0.0010986328125 -0.840576171875 0.3468017578125
-0.0172672271728516 0.0297298431396484 -0.0997314453125 0.7237548828125
0.00129127502441407 0.0333366394042969 0.3214111328125 0.399444580078125
0.0184268951416016 0.033782958984375 0.314422607421875 -0.094512939453125
0.0122299194335937 -0.000226974487304687 0.114776611328125 -0.331756591796875
-0.0101985931396484 -0.0126619338989258 -0.03643798828125 0.277008056640625
0.0275173187255859 0.00887680053710938 -0.2763671875 0.0681610107421875
0.00915145874023437 0.0254135131835938 -0.33880615234375 -0.349365234375
-0.000169754028320313 0.0285282135009766 0.0532836914062501 -0.65447998046875
-0.0239505767822266 0.0319423675537109 0.7435302734375 -0.3133544921875
-0.0144071578979492 0.0140380859375 0.84576416015625 0.4920654296875
0.0429878234863281 0.0329513549804688 0.2109375 0.6568603515625
0.0311355590820312 0.0677871704101563 0.041107177734375 0.0859298706054688
0.0427284240722656 0.045166015625 -0.1175537109375 -0.61981201171875
0.0172882080078125 -0.00121593475341797 -0.811279296875 -0.503173828125
-0.01763916015625 -0.00453948974609375 -0.791748046875 0.41748046875
-0.0136651992797852 0.0159549713134766 -0.032958984375 0.7169189453125
0.000492095947265625 0.0184555053710938 0.351043701171875 0.363372802734375
0.0135288238525391 0.0289287567138672 0.317138671875 -0.12261962890625
0.006256103515625 0.000220298767089844 0.11724853515625 -0.3372802734375
-0.013096809387207 -0.0108795166015625 -0.037200927734375 0.274063110351563
0.0235214233398438 0.00276565551757813 -0.277481079101563 0.0471954345703125
0.00519943237304688 0.00983428955078125 -0.31390380859375 -0.376800537109375
0.00140094757080078 0.0121116638183594 0.11578369140625 -0.65380859375
-0.0167064666748047 0.0261878967285156 0.78466796875 -0.24267578125
-0.0101795196533203 0.0215015411376953 0.80340576171875 0.570068359375
0.0358810424804688 0.0429878234863281 0.16156005859375 0.6546630859375
0.0224533081054687 0.0722732543945312 0.0396232604980469 0.0515060424804688
0.0393180847167969 0.0524978637695313 -0.1668701171875 -0.62445068359375
0.0183353424072266 0.00236892700195313 -0.84857177734375 -0.4317626953125
-0.00967025756835937 -0.0109052658081055 -0.7386474609375 0.47900390625
-0.0116920471191406 -0.000854492187499999 0.03179931640625 0.70416259765625
-0.00391149520874024 0.0030217170715332 0.3753662109375 0.3253173828125
0.00704574584960938 0.0224647521972656 0.3150634765625 -0.14910888671875
0.00132536888122559 0.000521063804626465 0.11456298828125 -0.342193603515625
-0.0132560729980469 -0.0119342803955078 -0.0413970947265625 0.27166748046875
0.0201416015625 -0.00800514221191406 -0.2803955078125 0.0323333740234375
0.00223827362060547 -0.00810575485229492 -0.293182373046875 -0.39752197265625
0.00606203079223633 -0.00263118743896484 0.16845703125 -0.64617919921875
-0.00885581970214844 0.0214977264404297 0.81494140625 -0.18341064453125
-0.0109157562255859 0.0257549285888672 0.7606201171875 0.62640380859375
0.0270652770996094 0.0415992736816406 0.1204833984375 0.64373779296875
0.0169906616210938 0.0640716552734375 0.0390815734863281 0.0182342529296875
0.0317573547363281 0.0497512817382813 -0.20977783203125 -0.632080078125
0.0158729553222656 0.0027618408203125 -0.87469482421875 -0.37310791015625
-0.00514411926269531 -0.0188179016113281 -0.68890380859375 0.52410888671875
-0.0119800567626953 -0.0172948837280273 0.08050537109375 0.690673828125
-0.0100831985473633 -0.0126152038574219 0.3914794921875 0.2926025390625
-0.000277519226074219 0.0141744613647461 0.30975341796875 -0.1688232421875
-0.000815153121948242 -0.00234317779541016 0.108306884765625 -0.343109130859375
-0.0122718811035156 -0.0159492492675781 -0.04974365234375 0.273773193359375
0.0150203704833984 -0.0193214416503906 -0.287353515625 0.024932861328125
0.000572204589843752 -0.0253562927246094 -0.282623291015625 -0.408355712890625
0.0127153396606445 -0.0165624618530273 0.20123291015625 -0.641845703125
-0.00403404235839844 0.0155410766601562 0.8331298828125 -0.1434326171875
-0.0159759521484375 0.0207538604736328 0.73150634765625 0.660888671875
0.0185928344726563 0.0280838012695313 0.0929565429687499 0.62933349609375
0.0134925842285156 0.0433158874511719 0.04217529296875 -0.0113716125488281
0.0227165222167969 0.0398521423339844 -0.23779296875 -0.64044189453125
0.0101909637451172 -0.000880241394042969 -0.8896484375 -0.3365478515625
-0.00359153747558593 -0.0260295867919922 -0.65313720703125 0.54901123046875
-0.01422119140625 -0.0312080383300781 0.11358642578125 0.67791748046875
-0.0159797668457031 -0.0251884460449219 0.398101806640625 0.27349853515625
-0.00676059722900391 0.00529813766479492 0.303131103515625 -0.178192138671875
-0.00153779983520508 -0.00502538681030273 0.098541259765625 -0.34222412109375
-0.00985145568847656 -0.0200233459472656 -0.05938720703125 0.277618408203125
0.0119495391845703 -0.0303630828857422 -0.296783447265625 0.025299072265625
0.0007171630859375 -0.0376358032226563 -0.2803955078125 -0.413177490234375
0.0167331695556641 -0.0256690979003906 0.215087890625 -0.64117431640625
-0.00158882141113281 0.00988674163818359 0.83892822265625 -0.128173828125
-0.0254497528076172 0.0105609893798828 0.71533203125 0.67041015625
0.0130720138549805 0.00410175323486328 0.08392333984375 0.61395263671875
0.014399528503418 0.0147380828857422 0.0461158752441406 -0.0324172973632813
0.0131759643554687 0.0217132568359375 -0.25048828125 -0.65362548828125
0.0025324821472168 -0.00607061386108398 -0.89349365234375 -0.3282470703125
-0.002838134765625 -0.0313301086425781 -0.63873291015625 0.55731201171875
-0.0154991149902344 -0.0398139953613281 0.12530517578125 0.6719970703125
-0.0213699340820312 -0.0349178314208984 0.397613525390625 0.266845703125
-0.0109024047851563 -0.00390052795410156 0.295074462890625 -0.179595947265625
0.00153827667236328 -0.010249137878418 0.086761474609375 -0.338470458984375
-0.00415420532226563 -0.0254230499267578 -0.070831298828125 0.284027099609375
0.00923919677734375 -0.0391387939453125 -0.306854248046875 0.032684326171875
0.000732421875 -0.0431098937988281 -0.287689208984375 -0.41119384765625
0.0190544128417969 -0.0283565521240234 0.21331787109375 -0.6446533203125
-0.00575065612792969 0.00376558303833008 0.842041015625 -0.1326904296875
-0.0368156433105469 -0.00813674926757812 0.71533203125 0.66094970703125
0.00678062438964844 -0.0305919647216797 0.08233642578125 0.59906005859375
0.02093505859375 -0.0244388580322266 0.0533370971679688 -0.0472564697265625
-4.4345855712891E-05 -0.00475931167602539 -0.25531005859375 -0.6639404296875
-0.0112628936767578 -0.0140895843505859 -0.8984375 -0.331298828125
-0.00733757019042969 -0.0333003997802734 -0.63555908203125 0.5574951171875
-0.0143356323242187 -0.0421943664550781 0.1278076171875 0.67120361328125
-0.0218620300292969 -0.039642333984375 0.39410400390625 0.2667236328125
-0.0130805969238281 -0.0111122131347656 0.287841796875 -0.174652099609375
0.00622463226318359 -0.0154714584350586 0.074127197265625 -0.33349609375
0.000921249389648438 -0.0293865203857422 -0.07952880859375 0.29156494140625
0.00826263427734375 -0.0437507629394531 -0.315155029296875 0.05389404296875
-0.0012054443359375 -0.0400772094726563 -0.308990478515625 -0.394439697265625
0.0163536071777344 -0.024627685546875 0.17388916015625 -0.65380859375
-0.0144023895263672 -0.000814437866210938 0.82562255859375 -0.1810302734375
-0.0533370971679688 -0.029083251953125 0.7430419921875 0.61163330078125
0.00273132324218749 -0.0715103149414062 0.11029052734375 0.59027099609375
0.0323257446289062 -0.0701904296875 0.0579643249511719 -0.039459228515625
-0.00922012329101562 -0.0398178100585938 -0.2274169921875 -0.67840576171875
-0.0270786285400391 -0.0270347595214844 -0.88623046875 -0.38165283203125
-0.0125789642333984 -0.0315036773681641 -0.66754150390625 0.52740478515625
-0.0116119384765625 -0.0382614135742188 0.0924072265624999 0.68243408203125
-0.0204734802246094 -0.0387535095214844 0.380706787109375 0.290496826171875
-0.0119056701660156 -0.0162277221679688 0.2840576171875 -0.155975341796875
0.0136280059814453 -0.0189800262451172 0.06500244140625 -0.329315185546875
-0.00566577911376953 -0.0169925689697266 -0.039642333984375 0.280609130859375
0.0300865173339844 0.00735092163085938 -0.28125 0.1019287109375
0.0149002075195312 0.0362625122070313 -0.3670654296875 -0.313385009765625
0.0015106201171875 0.0416717529296875 -0.0174560546875 -0.6507568359375
-0.0293350219726563 0.0377197265625 0.69390869140625 -0.3829345703125
-0.0241508483886719 0.00353240966796875 0.87799072265625 0.3974609375
0.0439414978027344 0.0115013122558594 0.26470947265625 0.6456298828125
0.0418739318847656 0.0484619140625 0.0476837158203125 0.11444091796875
0.043914794921875 0.0293998718261719 -0.0767822265624999 -0.6123046875
0.0128030776977539 -0.00932979583740235 -0.7730712890625 -0.5684814453125
-0.0268878936767578 -0.00144195556640625 -0.8341064453125 0.35845947265625
-0.0166091918945313 0.0298919677734375 -0.08905029296875 0.724609375
0.00169563293457031 0.0324039459228516 0.327239990234375 0.396575927734375
0.0193939208984375 0.0338039398193359 0.3135986328125 -0.09869384765625
0.0127220153808594 -0.000707626342773437 0.1094970703125 -0.332763671875
-0.0111970901489258 -0.0126962661743164 -0.0336456298828125 0.277175903320313
0.0279064178466797 0.007720947265625 -0.275497436523438 0.0734100341796875
0.0109920501708984 0.0252838134765625 -0.34228515625 -0.3450927734375
-0.000333786010742186 0.0285682678222656 0.04547119140625 -0.6566162109375
-0.0228023529052734 0.0321617126464844 0.74005126953125 -0.32073974609375
-0.0142936706542969 0.0140676498413086 0.84991455078125 0.48028564453125
0.042266845703125 0.0315399169921875 0.2174072265625 0.65155029296875
0.0324859619140625 0.0655670166015625 0.0423431396484375 0.085693359375
0.0433311462402344 0.0449333190917969 -0.1259765625 -0.61663818359375
0.017451286315918 -0.00126934051513672 -0.81634521484375 -0.49334716796875
-0.0177936553955078 -0.00354385375976562 -0.78350830078125 0.426513671875
-0.012791633605957 0.0154190063476562 -0.0227050781249999 0.71942138671875
6.67572021484374E-05 0.0189056396484375 0.35650634765625 0.3580322265625
0.0141849517822266 0.0291576385498047 0.314788818359375 -0.12567138671875
0.00681495666503906 6.81877136230469E-05 0.111419677734375 -0.3387451171875
-0.0137615203857422 -0.0117950439453125 -0.03363037109375 0.274276733398438
0.0243511199951172 0.00189018249511719 -0.276260375976562 0.05096435546875
0.00593280792236328 0.00957489013671875 -0.318878173828125 -0.37274169921875
0.0013580322265625 0.0134239196777344 0.108642578125 -0.65252685546875
-0.0160655975341797 0.026611328125 0.7808837890625 -0.2535400390625
-0.00933647155761719 0.0224494934082031 0.8101806640625 0.55615234375
0.0361976623535156 0.0418510437011719 0.16796875 0.6510009765625
0.0234146118164062 0.0716018676757813 0.0395965576171875 0.0515251159667969
0.0401802062988281 0.0516395568847656 -0.17547607421875 -0.62030029296875
0.0185680389404297 0.00260734558105469 -0.853271484375 -0.41851806640625
-0.0106086730957031 -0.0101537704467773 -0.73040771484375 0.48834228515625
-0.0112104415893555 -0.000653266906738282 0.04241943359375 0.705322265625
-0.00352549552917481 0.00371408462524414 0.38018798828125 0.319580078125
0.00716209411621094 0.0224533081054688 0.312255859375 -0.152496337890625
0.00208592414855957 -0.000925421714782715 0.110565185546875 -0.34283447265625
-0.0145740509033203 -0.0127525329589844 -0.0383148193359375 0.272308349609375
0.0196895599365234 -0.00908279418945313 -0.279861450195313 0.0359954833984374
0.0033116340637207 -0.00818157196044922 -0.298583984375 -0.39093017578125
0.00695276260375977 -0.00219535827636719 0.15972900390625 -0.6480712890625
-0.00826454162597657 0.0208511352539063 0.81182861328125 -0.19482421875
-0.00985908508300781 0.0248012542724609 0.76837158203125 0.61474609375
0.0271263122558594 0.0415306091308594 0.12701416015625 0.64227294921875
0.0168342590332031 0.0637168884277344 0.039093017578125 0.0176963806152344
0.0324172973632813 0.0493049621582031 -0.21551513671875 -0.62640380859375
0.0163869857788086 0.00249099731445313 -0.87615966796875 -0.36175537109375
-0.00658607482910156 -0.0183448791503906 -0.68072509765625 0.53369140625
-0.0126781463623047 -0.0176811218261719 0.09234619140625 0.687255859375
-0.0102739334106445 -0.0108699798583984 0.39404296875 0.28753662109375
0.000258445739746094 0.0140514373779297 0.307281494140625 -0.172210693359375
-0.00137209892272949 -0.00298786163330078 0.102996826171875 -0.34368896484375
-0.0130043029785156 -0.0166072845458984 -0.0460052490234375 0.274169921875
0.0158920288085938 -0.0207614898681641 -0.286376953125 0.029510498046875
0.00148773193359375 -0.0253238677978516 -0.287689208984375 -0.40338134765625
0.0131387710571289 -0.0156183242797852 0.192626953125 -0.64569091796875
-0.00345802307128906 0.0154275894165039 0.8289794921875 -0.15216064453125
-0.0156059265136719 0.0207138061523437 0.7364501953125 0.6497802734375
0.0175724029541016 0.0266475677490234 0.0995483398437501 0.62841796875
0.0140190124511719 0.0430564880371094 0.0416603088378906 -0.01055908203125
0.0240249633789063 0.0390129089355469 -0.24456787109375 -0.63470458984375
0.0108861923217773 -0.00022125244140625 -0.8914794921875 -0.32611083984375
-0.00427436828613281 -0.0261821746826172 -0.6455078125 0.55853271484375
-0.0142002105712891 -0.0312480926513672 0.12506103515625 0.67608642578125
-0.0164012908935547 -0.0253448486328125 0.40167236328125 0.2679443359375
-0.00655221939086914 0.00417423248291016 0.29913330078125 -0.182708740234375
-0.00126791000366211 -0.00606727600097656 0.09344482421875 -0.34332275390625
-0.0109138488769531 -0.0205612182617188 -0.0553436279296875 0.277572631835938
0.0121269226074219 -0.0317668914794922 -0.295196533203125 0.03070068359375
-4.19616699218756E-05 -0.0377655029296875 -0.28656005859375 -0.40887451171875
0.0172901153564453 -0.0247802734375 0.20819091796875 -0.6441650390625
-0.00213956832885742 0.00853157043457031 0.8372802734375 -0.14019775390625
-0.0248260498046875 0.0105113983154297 0.7239990234375 0.65960693359375
0.010289192199707 0.00362396240234375 0.08831787109375 0.61279296875
0.0136213302612305 0.0141611099243164 0.0459556579589844 -0.0313682556152344
0.0128231048583984 0.0212802886962891 -0.2574462890625 -0.64654541015625
0.00246477127075195 -0.00481653213500977 -0.897705078125 -0.3153076171875
-0.00439643859863281 -0.0311679840087891 -0.63104248046875 0.56494140625
-0.0157699584960938 -0.0390510559082031 0.13470458984375 0.67047119140625
-0.0214252471923828 -0.0342540740966797 0.3995361328125 0.260955810546875
-0.0109434127807617 -0.00417137145996094 0.292449951171875 -0.182403564453125
0.00107765197753906 -0.0104732513427734 0.0821533203125 -0.33935546875
-0.00576400756835938 -0.0254840850830078 -0.066986083984375 0.2845458984375
0.00957107543945312 -0.040679931640625 -0.30535888671875 0.0379638671874999
-0.000278472900390622 -0.0430755615234375 -0.292510986328125 -0.40692138671875
0.0187587738037109 -0.0280838012695313 0.20587158203125 -0.64794921875
-0.00583076477050781 0.00353384017944336 0.83978271484375 -0.14453125
-0.0366249084472656 -0.00703430175781251 0.72039794921875 0.651611328125
0.00601577758789063 -0.0307846069335938 0.08746337890625 0.5960693359375
0.0193386077880859 -0.0252170562744141 0.0511970520019531 -0.0466804504394531
0.000265121459960937 -0.00543451309204102 -0.26129150390625 -0.65960693359375
-0.0106868743896484 -0.0143575668334961 -0.899658203125 -0.3177490234375
-0.00704193115234375 -0.0327033996582031 -0.62786865234375 0.56549072265625
-0.0143585205078125 -0.04150390625 0.1363525390625 0.6697998046875
-0.0230751037597656 -0.0387802124023437 0.397003173828125 0.26123046875
-0.0127334594726563 -0.0107851028442383 0.284332275390625 -0.177337646484375
0.00590229034423828 -0.0153770446777344 0.0697021484375 -0.3349609375
-0.000333786010742185 -0.0295791625976562 -0.0758056640625 0.291534423828125
0.00815963745117187 -0.0448799133300781 -0.314300537109375 0.05853271484375
-0.00128173828125 -0.0406646728515625 -0.315277099609375 -0.387908935546875
0.0158805847167969 -0.0241966247558594 0.1676025390625 -0.6568603515625
-0.0143823623657227 -0.00072669982910156 0.821533203125 -0.19158935546875
-0.0527114868164063 -0.0285301208496094 0.7498779296875 0.6005859375
0.002227783203125 -0.0717315673828125 0.11541748046875 0.5872802734375
0.0302658081054688 -0.0706405639648438 0.0574760437011719 -0.0387649536132813
-0.0100746154785156 -0.0400581359863281 -0.233154296875 -0.6715087890625
-0.0269985198974609 -0.0260772705078125 -0.89044189453125 -0.369384765625
-0.0131778717041016 -0.0304279327392578 -0.663330078125 0.53448486328125
-0.0117225646972656 -0.0385093688964844 0.10302734375 0.68048095703125
-0.0207290649414063 -0.0384635925292969 0.38531494140625 0.286468505859375
-0.0117549896240234 -0.0165767669677734 0.281494140625 -0.1595458984375
0.0130348205566406 -0.0196952819824219 0.06060791015625 -0.33038330078125
-0.00732135772705078 -0.0169696807861328 -0.0357513427734375 0.280075073242188
0.0307235717773437 0.00559425354003906 -0.278610229492188 0.107467651367187
0.0167922973632813 0.037017822265625 -0.370086669921875 -0.3070068359375
0.00208663940429688 0.0431709289550781 -0.02630615234375 -0.649169921875
-0.0283546447753906 0.0375747680664063 0.68609619140625 -0.3935546875
-0.0239143371582031 0.00396919250488281 0.87939453125 0.38568115234375
0.0437088012695313 0.0106468200683594 0.26922607421875 0.6409912109375
0.0418624877929687 0.0473670959472656 0.0489883422851563 0.114433288574219
0.0445442199707031 0.0283393859863281 -0.0842285156249999 -0.60797119140625
0.0132560729980469 -0.00936603546142578 -0.7783203125 -0.557861328125
-0.0266819000244141 -9.72747802734384E-05 -0.82586669921875 0.36700439453125
-0.0169906616210938 0.0307865142822266 -0.0787353515625 0.7247314453125
0.00216865539550781 0.0333480834960938 0.33050537109375 0.39068603515625
0.0191612243652344 0.0334033966064453 0.310882568359375 -0.10235595703125
0.0123710632324219 -0.00078582763671875 0.105072021484375 -0.334320068359375
-0.0119915008544922 -0.013702392578125 -0.02886962890625 0.276519775390625
0.0287742614746094 0.00690650939941406 -0.2735595703125 0.0775604248046875
0.0108394622802734 0.0259590148925781 -0.346221923828125 -0.33837890625
0.00065040588378906 0.0287017822265625 0.03839111328125 -0.65380859375
-0.0224571228027344 0.0327816009521484 0.73333740234375 -0.33087158203125
-0.0136861801147461 0.013859748840332 0.8526611328125 0.46661376953125
0.0424652099609375 0.0304183959960937 0.22369384765625 0.64794921875
0.0328750610351562 0.0651741027832031 0.0427169799804688 0.0857620239257813
0.0447006225585938 0.0439605712890625 -0.13226318359375 -0.610107421875
0.0174322128295898 -0.000533103942871094 -0.81671142578125 -0.482421875
-0.0181217193603516 -0.00313758850097656 -0.7789306640625 0.43548583984375
-0.0123977661132812 0.0164918899536133 -0.0125122070312499 0.71795654296875
0.001129150390625 0.0200881958007813 0.359832763671875 0.355499267578125
0.0144100189208984 0.0294666290283203 0.31121826171875 -0.13079833984375
0.00686502456665039 -0.000241756439208984 0.107574462890625 -0.339752197265625
-0.0145778656005859 -0.0118227005004883 -0.0297698974609375 0.273849487304688
0.0240936279296875 0.0005035400390625 -0.275253295898438 0.055755615234375
0.00619888305664062 0.0103425979614258 -0.32275390625 -0.3663330078125
0.00178813934326172 0.0142936706542969 0.10040283203125 -0.65386962890625
-0.0151920318603516 0.0264186859130859 0.77606201171875 -0.26226806640625
-0.00961685180664063 0.021453857421875 0.81243896484375 0.544921875
0.0359382629394531 0.0410575866699219 0.17352294921875 0.647705078125
0.0233612060546875 0.0703353881835938 0.0403671264648438 0.0517082214355469
0.0408782958984375 0.0513839721679688 -0.180908203125 -0.61505126953125
0.0192928314208984 0.00264358520507813 -0.8543701171875 -0.4100341796875
-0.0117883682250977 -0.010279655456543 -0.72247314453125 0.49591064453125
-0.0115823745727539 -0.00143241882324219 0.05059814453125 0.703125
-0.00375509262084961 0.0039069652557373 0.3836669921875 0.31640625
0.00875663757324219 0.0216464996337891 0.30987548828125 -0.15576171875
0.00142896175384522 -0.00135576725006104 0.10552978515625 -0.34393310546875
-0.0155534744262695 -0.01263427734375 -0.0346221923828125 0.271652221679688
0.019805908203125 -0.00985527038574219 -0.278701782226563 0.03997802734375
0.00360393524169922 -0.0080251693725586 -0.301849365234375 -0.386962890625
0.00721836090087891 -0.00207710266113281 0.15252685546875 -0.64813232421875
-0.00830078125 0.0212955474853516 0.8056640625 -0.20294189453125
-0.00889778137207031 0.0254592895507813 0.7730712890625 0.6046142578125
0.0278434753417969 0.0400161743164063 0.13299560546875 0.63763427734375
0.01702880859375 0.0629119873046875 0.038818359375 0.0177154541015625
0.0340805053710938 0.049163818359375 -0.22186279296875 -0.6214599609375
0.0169496536254883 0.00325965881347656 -0.878662109375 -0.34906005859375
-0.00685501098632812 -0.01959228515625 -0.67236328125 0.541015625
-0.013676643371582 -0.0171651840209961 0.0992431640625 0.68597412109375
-0.0097341537475586 -0.0112972259521484 0.3984375 0.282562255859375
0.000492095947265624 0.0130891799926758 0.303741455078125 -0.17547607421875
-0.00128483772277832 -0.0029909610748291 0.099273681640625 -0.344970703125
-0.0141811370849609 -0.0170936584472656 -0.042510986328125 0.273681640625
0.0154495239257813 -0.0215663909912109 -0.285919189453125 0.033966064453125
0.000923156738281248 -0.02490234375 -0.293060302734375 -0.39837646484375
0.0125589370727539 -0.0158414840698242 0.18646240234375 -0.6461181640625
-0.00305747985839844 0.0155057907104492 0.824951171875 -0.16363525390625
-0.0152759552001953 0.0208110809326172 0.74371337890625 0.63836669921875
0.0175247192382813 0.0261859893798828 0.10540771484375 0.62408447265625
0.0140228271484375 0.0426788330078125 0.0406455993652344 -0.0105552673339844
0.0242271423339844 0.0388870239257813 -0.25103759765625 -0.62957763671875
0.0111808776855469 0.000888824462890625 -0.89154052734375 -0.31439208984375
-0.00472259521484375 -0.0254669189453125 -0.635009765625 0.5653076171875
-0.0145339965820312 -0.0305614471435547 0.13421630859375 0.67352294921875
-0.0169944763183594 -0.0236301422119141 0.404693603515625 0.263214111328125
-0.0058746337890625 0.00456953048706055 0.29620361328125 -0.1854248046875
-0.00160074234008789 -0.00650453567504883 0.090087890625 -0.34405517578125
-0.0110034942626953 -0.0207843780517578 -0.052032470703125 0.27813720703125
0.0114116668701172 -0.03216552734375 -0.2943115234375 0.03424072265625
0.00124740600585937 -0.03741455078125 -0.290771484375 -0.40167236328125
0.0174369812011719 -0.0248126983642578 0.19830322265625 -0.64385986328125
-0.00285148620605469 0.0090036392211914 0.83203125 -0.14935302734375
-0.0239982604980469 0.0103378295898438 0.7298583984375 0.64947509765625
0.0103797912597656 0.0036163330078125 0.09393310546875 0.6090087890625
0.0134487152099609 0.0142707824707031 0.0450363159179688 -0.0309867858886719
0.0134963989257813 0.0208778381347656 -0.26336669921875 -0.639404296875
0.00234889984130859 -0.00475835800170898 -0.898681640625 -0.302978515625
-0.00444793701171875 -0.0309410095214844 -0.62188720703125 0.5709228515625
-0.0163040161132812 -0.0391349792480469 0.1448974609375 0.6678466796875
-0.0217552185058594 -0.0335559844970703 0.40338134765625 0.25634765625
-0.0105190277099609 -0.00330066680908203 0.287994384765625 -0.18585205078125
0.00108146667480469 -0.0106344223022461 0.07745361328125 -0.33966064453125
-0.00691604614257812 -0.0257301330566406 -0.06365966796875 0.28411865234375
0.008575439453125 -0.0413856506347656 -0.303985595703125 0.042572021484375
-0.000732421875000003 -0.0433845520019531 -0.29632568359375 -0.400543212890625
0.0186672210693359 -0.0269336700439453 0.19879150390625 -0.64886474609375
-0.00645017623901367 0.00283622741699219 0.8369140625 -0.1536865234375
-0.0371932983398438 -0.00730133056640624 0.72735595703125 0.6424560546875
0.00502586364746094 -0.0320949554443359 0.0941162109375 0.59375
0.0196723937988281 -0.0256061553955078 0.050872802734375 -0.046539306640625
0.00108194351196289 -0.00475025177001953 -0.26641845703125 -0.65362548828125
-0.010127067565918 -0.0133066177368164 -0.9017333984375 -0.3072509765625
-0.00816154479980469 -0.0327262878417969 -0.61920166015625 0.5726318359375
-0.0154953002929687 -0.04132080078125 0.146240234375 0.66705322265625
-0.0235404968261719 -0.03814697265625 0.400482177734375 0.25714111328125
-0.0119705200195313 -0.0113716125488281 0.281036376953125 -0.180831909179688
0.00539588928222656 -0.0159215927124023 0.06463623046875 -0.334991455078125
-0.00110054016113281 -0.0295257568359375 -0.071533203125 0.291717529296875
0.00772094726562501 -0.0449333190917969 -0.31243896484375 0.0631408691406249
-0.00152206420898438 -0.0399551391601563 -0.320556640625 -0.383209228515625
0.0161323547363281 -0.0236186981201172 0.1580810546875 -0.65692138671875
-0.0150966644287109 -0.000154495239257813 0.8184814453125 -0.2032470703125
-0.0529136657714844 -0.0280799865722656 0.75408935546875 0.58966064453125
-0.000183105468750001 -0.0710983276367188 0.12152099609375 0.583984375
0.0293350219726562 -0.0713424682617188 0.0565338134765625 -0.0384140014648438
-0.0095977783203125 -0.0396270751953125 -0.2398681640625 -0.666748046875
-0.0259609222412109 -0.0252246856689453 -0.8905029296875 -0.35791015625
-0.0135269165039063 -0.0304183959960937 -0.65325927734375 0.54034423828125
-0.0126571655273438 -0.0382232666015625 0.11273193359375 0.67828369140625
-0.0208396911621094 -0.0371627807617188 0.3861083984375 0.28082275390625
-0.0115413665771484 -0.0162668228149414 0.278793334960938 -0.162734985351563
0.012176513671875 -0.0200614929199219 0.0565185546875 -0.330108642578125
-0.00746726989746094 -0.0179729461669922 -0.0332794189453125 0.279144287109375
0.0311546325683594 0.00495147705078125 -0.277603149414063 0.11004638671875
0.0177192687988281 0.0366897583007813 -0.372161865234375 -0.300506591796875
0.00318145751953125 0.0421714782714844 -0.03265380859375 -0.64703369140625
-0.0271568298339844 0.0379676818847656 0.67828369140625 -0.40008544921875
-0.0232048034667969 0.00391578674316407 0.88201904296875 0.374755859375
0.0426216125488281 0.00905609130859375 0.273193359375 0.6336669921875
0.04144287109375 0.0453453063964844 0.0494308471679688 0.113296508789062
0.0456733703613281 0.0279388427734375 -0.08941650390625 -0.6051025390625
0.0134496688842773 -0.00903606414794922 -0.77923583984375 -0.54742431640625
-0.0274257659912109 -0.000263214111328128 -0.81878662109375 0.3740234375
-0.0161457061767578 0.0308265686035156 -0.06903076171875 0.72283935546875
0.00285530090332031 0.0339775085449219 0.334930419921875 0.386810302734375
0.0210227966308594 0.0327796936035156 0.3084716796875 -0.105010986328125
0.0124378204345703 -0.00211429595947266 0.10113525390625 -0.333953857421875
-0.0130891799926758 -0.0138235092163086 -0.026885986328125 0.274734497070312
0.0297889709472656 0.00654411315917969 -0.271209716796875 0.0815582275390626
0.0121879577636719 0.0258979797363281 -0.3494873046875 -0.33251953125
0.000684738159179685 0.0289192199707031 0.03131103515625 -0.65130615234375
-0.0222263336181641 0.0329055786132813 0.7265625 -0.337890625
-0.0126352310180664 0.0135555267333984 0.85247802734375 0.4554443359375
0.0428657531738281 0.0295600891113281 0.2264404296875 0.6431884765625
0.0333061218261719 0.0644035339355469 0.0438461303710937 0.0861587524414063
0.0449295043945313 0.0433120727539063 -0.1373291015625 -0.60601806640625
0.0178432464599609 -0.000688552856445312 -0.81915283203125 -0.47052001953125
-0.0180454254150391 -0.00357627868652344 -0.7689208984375 0.443115234375
-0.0129318237304688 0.0162582397460937 -0.00408935546875004 0.71466064453125
0.00135612487792969 0.0206413269042969 0.3623046875 0.349456787109375
0.0149879455566406 0.028717041015625 0.308990478515625 -0.13348388671875
0.00592279434204102 -0.00157880783081055 0.103179931640625 -0.3402099609375
-0.0158748626708984 -0.0120563507080078 -0.02691650390625 0.272430419921875
0.0246429443359375 -0.001007080078125 -0.2742919921875 0.0597991943359375
0.00722980499267578 0.00970458984375 -0.32635498046875 -0.360382080078125
0.00205039978027344 0.0141305923461914 0.0919799804687501 -0.65191650390625
-0.0154018402099609 0.0267601013183594 0.76800537109375 -0.26971435546875
-0.00792312622070312 0.0216464996337891 0.8170166015625 0.53240966796875
0.0358085632324219 0.0398101806640625 0.17852783203125 0.6416015625
0.0243721008300781 0.06939697265625 0.040557861328125 0.0522193908691406
0.040985107421875 0.0503768920898438 -0.18701171875 -0.609375
0.0194778442382813 0.00291252136230469 -0.85455322265625 -0.39691162109375
-0.0109882354736328 -0.0106439590454102 -0.7132568359375 0.50323486328125
-0.012110710144043 -0.00167083740234375 0.0607910156249999 0.70013427734375
-0.00307846069335937 0.00454521179199219 0.385589599609375 0.310516357421875
0.00864982604980469 0.0216102600097656 0.306396484375 -0.1585693359375
0.000997424125671387 -0.00131118297576904 0.101318359375 -0.344146728515625
-0.0163516998291016 -0.0128173828125 -0.03106689453125 0.27178955078125
0.0198020935058594 -0.0107021331787109 -0.277496337890625 0.0443115234375
0.00377702713012695 -0.00794363021850586 -0.3062744140625 -0.380767822265625
0.00777816772460938 -0.00145292282104492 0.14495849609375 -0.64801025390625
-0.00750923156738281 0.0219650268554688 0.802490234375 -0.21197509765625
-0.00933456420898437 0.0236873626708984 0.77606201171875 0.59375
0.02642822265625 0.0390396118164063 0.13714599609375 0.63330078125
0.0175857543945312 0.0618972778320312 0.0392494201660156 0.0191383361816406
0.0350074768066406 0.0484695434570313 -0.22735595703125 -0.6136474609375
0.0178794860839844 0.00394058227539063 -0.87835693359375 -0.3389892578125
-0.00678634643554688 -0.0176296234130859 -0.6629638671875 0.54541015625
-0.0128746032714844 -0.0175676345825195 0.10845947265625 0.6827392578125
-0.00995826721191406 -0.0102519989013672 0.399749755859375 0.2781982421875
0.00219631195068359 0.0137100219726562 0.2999267578125 -0.178375244140625
-0.00232672691345215 -0.00326132774353027 0.095001220703125 -0.34527587890625
-0.014948844909668 -0.0169286727905273 -0.03875732421875 0.273162841796875
0.0146369934082031 -0.0225849151611328 -0.2833251953125 0.037933349609375
0.00110816955566407 -0.0251350402832031 -0.294830322265625 -0.3934326171875
0.0122900009155273 -0.0155019760131836 0.1785888671875 -0.6448974609375
-0.00323867797851563 0.0150909423828125 0.81988525390625 -0.172607421875
-0.0148830413818359 0.0210189819335938 0.74560546875 0.62664794921875
0.0168342590332031 0.0258140563964844 0.11126708984375 0.619384765625
0.0137176513671875 0.0417289733886719 0.0406913757324219 -0.00890731811523437
0.0247879028320313 0.03814697265625 -0.255615234375 -0.62274169921875
0.0111494064331055 9.5367431640625E-06 -0.89129638671875 -0.30133056640625
-0.00594902038574219 -0.0259799957275391 -0.626708984375 0.5699462890625
-0.0151290893554687 -0.0302658081054688 0.14031982421875 0.67059326171875
-0.0166835784912109 -0.0228919982910156 0.405670166015625 0.25811767578125
-0.00534963607788086 0.00532197952270508 0.29302978515625 -0.1883544921875
-0.00230503082275391 -0.00695180892944336 0.08453369140625 -0.3433837890625
-0.0129966735839844 -0.0210094451904297 -0.0483856201171875 0.276351928710938
0.0106773376464844 -0.0337142944335938 -0.292327880859375 0.03912353515625
0.000751495361328127 -0.0369338989257812 -0.29412841796875 -0.3978271484375
0.0172157287597656 -0.0244216918945312 0.192138671875 -0.64520263671875
-0.00231313705444336 0.00873565673828125 0.82763671875 -0.15765380859375
-0.0235843658447266 0.0105609893798828 0.73321533203125 0.63671875
0.00961780548095703 0.00295066833496094 0.09765625 0.60516357421875
0.0135383605957031 0.0131235122680664 0.0446891784667969 -0.0312614440917969
0.0132999420166016 0.0210247039794922 -0.26885986328125 -0.63427734375
0.00323009490966797 -0.00492382049560547 -0.89642333984375 -0.292236328125
-0.00468635559082031 -0.0306911468505859 -0.6142578125 0.5767822265625
-0.0166854858398438 -0.0391960144042969 0.1514892578125 0.6640625
-0.0215206146240234 -0.0326805114746094 0.404541015625 0.2515869140625
-0.00992870330810547 -0.003082275390625 0.284881591796875 -0.188873291015625
0.00013446807861328 -0.0110874176025391 0.07330322265625 -0.339202880859375
-0.00767135620117188 -0.0260658264160156 -0.0595703125 0.283843994140625
0.00872802734375 -0.0419235229492188 -0.301513671875 0.04620361328125
-0.000255584716796871 -0.0429191589355469 -0.29998779296875 -0.396087646484375
0.0187835693359375 -0.0271549224853516 0.18914794921875 -0.649169921875
-0.00535297393798828 0.00307798385620117 0.82989501953125 -0.1614990234375
-0.0359115600585938 -0.00768661499023437 0.73077392578125 0.63043212890625
0.00348091125488281 -0.0312232971191406 0.09832763671875 0.58935546875
0.0183315277099609 -0.0255966186523438 0.0503425598144531 -0.046173095703125
0.000692844390869141 -0.00473833084106445 -0.2720947265625 -0.64666748046875
-0.00961589813232422 -0.0123977661132812 -0.89947509765625 -0.29571533203125
-0.00953865051269531 -0.0320854187011719 -0.61065673828125 0.57757568359375
-0.0162773132324219 -0.0402374267578125 0.1544189453125 0.66436767578125
-0.0239410400390625 -0.0373649597167969 0.401519775390625 0.2515869140625
-0.0124340057373047 -0.0106439590454102 0.277862548828125 -0.183807373046875
0.00518989562988281 -0.0165433883666992 0.061798095703125 -0.3350830078125
-0.0026702880859375 -0.0298748016357422 -0.0679931640625 0.290679931640625
0.0074615478515625 -0.0467605590820313 -0.3095703125 0.0673828125
-0.0020751953125 -0.0401458740234375 -0.322174072265625 -0.378021240234375
0.0155353546142578 -0.0235767364501953 0.150634765625 -0.65667724609375
-0.0154743194580078 -9.63211059570292E-05 0.812255859375 -0.2127685546875
-0.052978515625 -0.0273284912109375 0.7572021484375 0.5765380859375
-0.00130462646484374 -0.071624755859375 0.12646484375 0.57891845703125
0.02838134765625 -0.070953369140625 0.0560989379882813 -0.0376777648925781
-0.0104789733886719 -0.0388221740722656 -0.24542236328125 -0.6607666015625
-0.0258846282958984 -0.0242710113525391 -0.8902587890625 -0.34674072265625
-0.0148105621337891 -0.0302619934082031 -0.64422607421875 0.547607421875
-0.013671875 -0.037353515625 0.11920166015625 0.67523193359375
-0.0203361511230469 -0.0365982055664063 0.3883056640625 0.275360107421875
-0.0111303329467773 -0.0159530639648438 0.275039672851563 -0.164764404296875
0.0118579864501953 -0.0199642181396484 0.05230712890625 -0.329193115234375
-0.00825691223144532 -0.0178623199462891 -0.02960205078125 0.278030395507813
0.0312900543212891 0.00459671020507813 -0.274505615234375 0.112930297851562
0.0181922912597656 0.0366172790527344 -0.37408447265625 -0.294586181640625
0.00435638427734375 0.0421943664550781 -0.0380859375 -0.643310546875
-0.02703857421875 0.0388679504394531 0.6705322265625 -0.4039306640625
-0.0228252410888672 0.0032501220703125 0.8798828125 0.3631591796875
0.0418167114257813 0.0078582763671875 0.277587890625 0.62774658203125
0.0425186157226563 0.0448226928710938 0.0498199462890625 0.112754821777344
0.04583740234375 0.0271072387695312 -0.0931396484374999 -0.598388671875
0.0134181976318359 -0.00872993469238281 -0.780029296875 -0.53692626953125
-0.0274562835693359 8.77380371093714E-05 -0.81060791015625 0.38238525390625
-0.0156688690185547 0.0305843353271484 -0.0609130859374999 0.71966552734375
0.00376319885253906 0.0338973999023438 0.337493896484375 0.38092041015625
0.0209999084472656 0.0324878692626953 0.30609130859375 -0.10791015625
0.0127220153808594 -0.00341796875 0.096832275390625 -0.332366943359375
-0.0134754180908203 -0.0132732391357422 -0.0238189697265625 0.274322509765625
0.029449462890625 0.00469017028808594 -0.26953125 0.0842132568359375
0.01214599609375 0.0261726379394531 -0.35113525390625 -0.327484130859375
0.00156021118164063 0.0297660827636719 0.0236206054687499 -0.64874267578125
-0.0222415924072266 0.0329799652099609 0.71917724609375 -0.34222412109375
-0.0132036209106445 0.0132255554199219 0.85430908203125 0.44329833984375
0.041107177734375 0.0282707214355469 0.23223876953125 0.63604736328125
0.0329780578613281 0.0639419555664063 0.0447616577148437 0.0854721069335938
0.0453338623046875 0.0427780151367188 -0.1412353515625 -0.60101318359375
0.0188407897949219 -0.000453948974609375 -0.81982421875 -0.4595947265625
-0.0192184448242188 -0.00273323059082031 -0.75982666015625 0.4483642578125
-0.0122699737548828 0.0158176422119141 0.00457763671874998 0.7125244140625
0.00149154663085937 0.0209827423095703 0.364410400390625 0.3448486328125
0.0164718627929688 0.0279960632324219 0.305816650390625 -0.13446044921875
0.00615739822387695 -0.00161457061767578 0.098663330078125 -0.338958740234375
-0.0164155960083008 -0.0122299194335938 -0.0238800048828125 0.2706298828125
0.0246791839599609 -0.00221633911132813 -0.271392822265625 0.0635833740234376
0.00779438018798828 0.0104656219482422 -0.327484130859375 -0.35467529296875
0.00295639038085938 0.0142841339111328 0.0873413085937501 -0.651123046875
-0.014862060546875 0.0273647308349609 0.7620849609375 -0.2755126953125
-0.00802040100097656 0.0215702056884766 0.818115234375 0.52117919921875
0.0356292724609375 0.0395736694335938 0.1834716796875 0.637451171875
0.024017333984375 0.0681800842285156 0.041290283203125 0.052001953125
0.0413436889648438 0.0497207641601563 -0.19012451171875 -0.60308837890625
0.0199718475341797 0.00354576110839844 -0.85400390625 -0.3861083984375
-0.011378288269043 -0.0103492736816406 -0.7056884765625 0.5059814453125
-0.0118207931518555 -0.0005950927734375 0.0677490234374999 0.6959228515625
-0.00299358367919922 0.00479364395141602 0.387542724609375 0.306915283203125
0.0091400146484375 0.0212478637695313 0.30242919921875 -0.16156005859375
0.000870227813720703 -0.00273776054382324 0.096771240234375 -0.343231201171875
-0.0171117782592773 -0.0140285491943359 -0.0278472900390625 0.270904541015625
0.0203685760498047 -0.0113506317138672 -0.275604248046875 0.0492706298828126
0.00392675399780273 -0.00775051116943359 -0.308258056640625 -0.376434326171875
0.00725650787353516 -0.00113248825073242 0.1378173828125 -0.64739990234375
-0.00752639770507813 0.0212135314941406 0.7939453125 -0.21881103515625
-0.00815010070800781 0.0243701934814453 0.77825927734375 0.5828857421875
0.0264816284179688 0.0390243530273438 0.14129638671875 0.62677001953125
0.017608642578125 0.0609779357910156 0.039581298828125 0.0184745788574219
0.0348281860351563 0.0475921630859375 -0.23095703125 -0.60772705078125
0.0182838439941406 0.00361442565917969 -0.8741455078125 -0.32733154296875
-0.00742053985595703 -0.0175542831420898 -0.65185546875 0.5506591796875
-0.0128364562988281 -0.0168132781982422 0.1158447265625 0.6787109375
-0.0101194381713867 -0.0102214813232422 0.39990234375 0.27362060546875
0.00211906433105469 0.0135526657104492 0.296630859375 -0.180908203125
-0.00196146965026855 -0.0040438175201416 0.089324951171875 -0.343841552734375
-0.0164756774902344 -0.0163774490356445 -0.0354461669921875 0.27215576171875
0.0153884887695312 -0.0233573913574219 -0.282012939453125 0.042266845703125
0.0017547607421875 -0.0247364044189453 -0.29803466796875 -0.38836669921875
0.0128850936889648 -0.0149202346801758 0.17095947265625 -0.64434814453125
-0.00341987609863281 0.0144538879394531 0.81170654296875 -0.18115234375
-0.0143260955810547 0.0213050842285156 0.74920654296875 0.61553955078125
0.0166206359863281 0.0250148773193359 0.11505126953125 0.6136474609375
0.0137786865234375 0.0414390563964844 0.0405197143554688 -0.00859451293945312
0.0256690979003906 0.037506103515625 -0.25775146484375 -0.61590576171875
0.012944221496582 0.00060272216796875 -0.8897705078125 -0.29083251953125
-0.00562858581542969 -0.0254421234130859 -0.61834716796875 0.573974609375
-0.0159053802490234 -0.0304317474365234 0.14898681640625 0.66668701171875
-0.0164146423339844 -0.0223731994628906 0.406890869140625 0.254058837890625
-0.00455999374389649 0.00503683090209961 0.2879638671875 -0.189971923828125
-0.00184345245361328 -0.00725078582763672 0.079742431640625 -0.34271240234375
-0.0135402679443359 -0.0204067230224609 -0.045623779296875 0.275634765625
0.0108318328857422 -0.0346660614013672 -0.289794921875 0.043701171875
0.000923156738281246 -0.0372467041015625 -0.297210693359375 -0.391387939453125
0.0176067352294922 -0.0244674682617188 0.18389892578125 -0.6448974609375
-0.00204277038574219 0.00830698013305664 0.82232666015625 -0.16448974609375
-0.0235633850097656 0.0105304718017578 0.734619140625 0.62542724609375
0.00852298736572266 0.00230216979980469 0.1038818359375 0.59954833984375
0.0133762359619141 0.0129795074462891 0.0439987182617188 -0.0299873352050781
0.0135879516601563 0.0203380584716797 -0.27227783203125 -0.6268310546875
0.00375556945800781 -0.00434184074401855 -0.89605712890625 -0.28204345703125
-0.00610160827636719 -0.0309352874755859 -0.60443115234375 0.58050537109375
-0.0171432495117188 -0.0390625 0.15924072265625 0.66009521484375
-0.0214824676513672 -0.0321044921875 0.404754638671875 0.247772216796875
-0.00970458984375 -0.00361824035644531 0.280929565429688 -0.19061279296875
1.43051147460931E-05 -0.0111665725708008 0.069610595703125 -0.33905029296875
-0.00873184204101563 -0.0259494781494141 -0.05523681640625 0.281494140625
0.00883102416992187 -0.0422897338867187 -0.29962158203125 0.051025390625
-0.000694274902343749 -0.0421791076660156 -0.30316162109375 -0.3900146484375
0.0182304382324219 -0.0264873504638672 0.1822509765625 -0.6478271484375
-0.00583362579345703 0.00247049331665039 0.82440185546875 -0.17034912109375
-0.0364952087402344 -0.00691223144531249 0.73187255859375 0.617919921875
0.00233840942382813 -0.0309810638427734 0.10198974609375 0.58489990234375
0.0176410675048828 -0.0261478424072266 0.0488929748535156 -0.0451545715332031
0.000840187072753907 -0.00453042984008789 -0.27569580078125 -0.63922119140625
-0.00925922393798828 -0.0123271942138672 -0.896484375 -0.28515625
-0.00907516479492188 -0.0321559906005859 -0.601806640625 0.57952880859375
-0.0176811218261719 -0.0409126281738281 0.160888671875 0.6591796875
-0.0234451293945313 -0.0363121032714844 0.40301513671875 0.246368408203125
-0.011876106262207 -0.0102376937866211 0.273757934570313 -0.185302734375
0.00443649291992187 -0.0165729522705078 0.05712890625 -0.333221435546875
-0.00362586975097656 -0.030181884765625 -0.063385009765625 0.29071044921875
0.00691604614257813 -0.0474777221679688 -0.307525634765625 0.07177734375
-0.00130462646484375 -0.0396308898925781 -0.324188232421875 -0.3719482421875
0.0159740447998047 -0.0226802825927734 0.143310546875 -0.65545654296875
-0.0151433944702148 2.28881835937513E-05 0.80523681640625 -0.21746826171875
-0.05291748046875 -0.026702880859375 0.758544921875 0.5654296875
-0.00274658203124999 -0.0703506469726563 0.12945556640625 0.57550048828125
0.02630615234375 -0.07159423828125 0.0554580688476562 -0.0376091003417969
-0.0098114013671875 -0.0386695861816406 -0.25067138671875 -0.65338134765625
-0.0255298614501953 -0.0232429504394531 -0.88836669921875 -0.33447265625
-0.0155143737792969 -0.0298500061035156 -0.63555908203125 0.55108642578125
-0.0138092041015625 -0.037841796875 0.126708984375 0.67144775390625
-0.0208206176757813 -0.0357856750488281 0.389556884765625 0.27239990234375
-0.0113744735717773 -0.0155324935913086 0.271942138671875 -0.16717529296875
0.0106563568115234 -0.0209789276123047 0.04876708984375 -0.327972412109375
-0.00936603546142579 -0.0175304412841797 -0.02691650390625 0.2767333984375
0.0317173004150391 0.00333213806152344 -0.271026611328125 0.116485595703125
0.0194473266601563 0.0357017517089844 -0.374176025390625 -0.289276123046875
0.00414657592773437 0.0421409606933594 -0.04339599609375 -0.6383056640625
-0.0273208618164062 0.0379714965820313 0.66412353515625 -0.40740966796875
-0.0221881866455078 0.00394821166992187 0.87799072265625 0.352783203125
0.0408210754394531 0.00761032104492188 0.27923583984375 0.62042236328125
0.0419502258300781 0.0444679260253906 0.0513458251953125 0.112823486328125
0.0459785461425781 0.0262374877929688 -0.09820556640625 -0.59307861328125
0.013850212097168 -0.00854015350341797 -0.77813720703125 -0.526611328125
-0.0274639129638672 0.00133132934570312 -0.80279541015625 0.38720703125
-0.0158634185791016 0.0298194885253906 -0.0528564453125001 0.71728515625
0.00484085083007813 0.03448486328125 0.33953857421875 0.37701416015625
0.0218372344970703 0.0315532684326172 0.302825927734375 -0.109619140625
0.0122051239013672 -0.00372695922851563 0.092620849609375 -0.33270263671875
-0.0144386291503906 -0.0132608413696289 -0.02069091796875 0.27239990234375
0.0292682647705078 0.0042877197265625 -0.267547607421875 0.08782958984375
0.0141849517822266 0.0255813598632812 -0.3519287109375 -0.32080078125
0.00218009948730469 0.0300121307373047 0.01910400390625 -0.64605712890625
-0.0209312438964844 0.0328330993652344 0.7113037109375 -0.34747314453125
-0.012176513671875 0.0135869979858398 0.851806640625 0.43365478515625
0.0413284301757813 0.0275802612304688 0.2335205078125 0.62933349609375
0.0327110290527344 0.0617828369140625 0.0453414916992188 0.0854415893554688
0.0459251403808594 0.0419731140136719 -0.14520263671875 -0.59423828125
0.0187015533447266 0.000213623046875 -0.8182373046875 -0.451171875
-0.018951416015625 -0.00241851806640625 -0.7515869140625 0.45361328125
-0.0127649307250977 0.015594482421875 0.011474609375 0.7071533203125
0.0020751953125 0.0204410552978516 0.366943359375 0.338897705078125
0.01702880859375 0.0280265808105469 0.3017578125 -0.137847900390625
0.00568246841430664 -0.00239229202270508 0.094207763671875 -0.338348388671875
-0.0167064666748047 -0.0117158889770508 -0.0207061767578125 0.269256591796875
0.0253238677978516 -0.00215911865234375 -0.269485473632813 0.0657653808593751
0.00848674774169922 0.00978183746337891 -0.32940673828125 -0.34869384765625
0.0037689208984375 0.0146932601928711 0.0800170898437501 -0.6468505859375
-0.0140037536621094 0.0267810821533203 0.75537109375 -0.28369140625
-0.00754928588867187 0.0213661193847656 0.8157958984375 0.5101318359375
0.033966064453125 0.0384902954101562 0.18560791015625 0.62957763671875
0.0245246887207031 0.0673408508300781 0.0413398742675781 0.0520782470703125
0.0420875549316406 0.0482521057128906 -0.193115234375 -0.59552001953125
0.0203056335449219 0.00353050231933594 -0.85028076171875 -0.375732421875
-0.0123062133789063 -0.0094451904296875 -0.69561767578125 0.51116943359375
-0.0113115310668945 -0.000452995300292967 0.0740966796875 0.69122314453125
-0.00287723541259766 0.0057682991027832 0.38824462890625 0.300750732421875
0.0100841522216797 0.0213336944580078 0.29901123046875 -0.163604736328125
0.00120735168457031 -0.00236368179321289 0.09283447265625 -0.34283447265625
-0.0179462432861328 -0.0132408142089844 -0.024932861328125 0.268508911132812
0.0209522247314453 -0.0121898651123047 -0.273269653320313 0.051605224609375
0.00417327880859375 -0.00805377960205078 -0.309234619140625 -0.369476318359375
0.00709199905395508 -0.000713348388671875 0.13128662109375 -0.64447021484375
-0.00821304321289063 0.0206222534179688 0.78662109375 -0.2261962890625
-0.00818824768066407 0.0242462158203125 0.77703857421875 0.57000732421875
0.0252685546875 0.0375099182128906 0.14544677734375 0.62249755859375
0.01788330078125 0.06036376953125 0.0399398803710938 0.0191917419433594
0.0356903076171875 0.0466423034667969 -0.2330322265625 -0.60052490234375
0.0188980102539063 0.0030059814453125 -0.8702392578125 -0.3187255859375
-0.00766944885253906 -0.017207145690918 -0.643310546875 0.5526123046875
-0.0135631561279297 -0.0171747207641602 0.12127685546875 0.67401123046875
-0.00949382781982422 -0.00968074798583984 0.401336669921875 0.26849365234375
0.00237464904785156 0.0135431289672852 0.29144287109375 -0.18194580078125
-0.00233244895935059 -0.00369000434875488 0.0865478515625 -0.343597412109375
-0.0167331695556641 -0.0161066055297852 -0.03228759765625 0.270355224609375
0.0153102874755859 -0.0242958068847656 -0.279678344726563 0.0455780029296875
0.00179862976074219 -0.0240974426269531 -0.300323486328125 -0.381500244140625
0.0131826400756836 -0.0142965316772461 0.16448974609375 -0.64208984375
-0.00352668762207031 0.0147390365600586 0.805419921875 -0.1876220703125
-0.0137710571289063 0.0204811096191406 0.74871826171875 0.60406494140625
0.0164985656738281 0.0247898101806641 0.11737060546875 0.60986328125
0.0131797790527344 0.0402679443359375 0.0403518676757813 -0.00846481323242187
0.0268135070800781 0.0368537902832031 -0.26226806640625 -0.6077880859375
0.0125436782836914 0.000822067260742188 -0.88494873046875 -0.2830810546875
-0.00616073608398438 -0.0246028900146484 -0.60931396484375 0.5758056640625
-0.0162582397460938 -0.0297317504882813 0.15386962890625 0.66143798828125
-0.0163726806640625 -0.0215015411376953 0.40777587890625 0.2474365234375
-0.00402164459228516 0.00472497940063477 0.28460693359375 -0.19219970703125
-0.00265407562255859 -0.0075225830078125 0.07696533203125 -0.3416748046875
-0.0142917633056641 -0.0205230712890625 -0.0420989990234375 0.274154663085938
0.0109024047851563 -0.035736083984375 -0.28704833984375 0.04644775390625
0.000144958496093751 -0.0370635986328125 -0.298553466796875 -0.385467529296875
0.0174808502197266 -0.0231990814208984 0.1793212890625 -0.64227294921875
-0.00285768508911133 0.00818777084350586 0.81463623046875 -0.1727294921875
-0.0236854553222656 0.0111961364746094 0.73468017578125 0.61444091796875
0.00782537460327149 0.00243949890136719 0.10687255859375 0.5946044921875
0.012660026550293 0.0122861862182617 0.04345703125 -0.0293083190917969
0.0143318176269531 0.0203609466552734 -0.27484130859375 -0.61749267578125
0.00454854965209961 -0.00431299209594727 -0.889892578125 -0.27215576171875
-0.00641250610351563 -0.0296955108642578 -0.59442138671875 0.58184814453125
-0.0181541442871094 -0.0387115478515625 0.16387939453125 0.653564453125
-0.021728515625 -0.0307807922363281 0.404876708984375 0.240936279296875
-0.00924777984619141 -0.00357437133789062 0.277252197265625 -0.192840576171875
-0.000478744506835938 -0.012354850769043 0.065948486328125 -0.33642578125
-0.0095062255859375 -0.0251235961914062 -0.052215576171875 0.28106689453125
0.00794219970703125 -0.0433464050292969 -0.29730224609375 0.054840087890625
-0.000961303710937499 -0.0429000854492188 -0.3052978515625 -0.384765625
0.0184078216552734 -0.0267314910888672 0.175537109375 -0.64569091796875
-0.00671005249023438 0.00262928009033203 0.817138671875 -0.17730712890625
-0.03558349609375 -0.00651550292968749 0.73333740234375 0.60748291015625
0.0020751953125 -0.0306110382080078 0.10687255859375 0.5794677734375
0.0167713165283203 -0.0258750915527344 0.0493125915527344 -0.0447235107421875
0.000524997711181641 -0.00527429580688477 -0.2789306640625 -0.63165283203125
-0.00801277160644532 -0.0117483139038086 -0.89276123046875 -0.2755126953125
-0.00909423828125 -0.0312576293945313 -0.59027099609375 0.58233642578125
-0.0174674987792969 -0.0408096313476563 0.16656494140625 0.65338134765625
-0.0232467651367188 -0.0354194641113281 0.402069091796875 0.242950439453125
-0.0113821029663086 -0.0110750198364258 0.270904541015625 -0.187057495117188
0.00328922271728516 -0.0171165466308594 0.05426025390625 -0.331939697265625
-0.00415229797363281 -0.0296897888183594 -0.06085205078125 0.288818359375
0.00631332397460938 -0.048126220703125 -0.3040771484375 0.07501220703125
-0.00121688842773438 -0.0399513244628906 -0.325714111328125 -0.364349365234375
0.0160369873046875 -0.0230846405029297 0.13671875 -0.65411376953125
-0.0150651931762695 -0.000408172607421873 0.79888916015625 -0.22552490234375
-0.0523033142089844 -0.0261192321777344 0.75799560546875 0.5557861328125
-0.0042266845703125 -0.0703353881835938 0.13232421875 0.57061767578125
0.0248336791992188 -0.0717926025390625 0.0555000305175781 -0.0367355346679688
-0.0100975036621094 -0.0383224487304688 -0.25152587890625 -0.6461181640625
-0.025054931640625 -0.0232982635498047 -0.88543701171875 -0.32611083984375
-0.0161266326904297 -0.0289287567138672 -0.6243896484375 0.55364990234375
-0.0142440795898438 -0.0374298095703125 0.13232421875 0.66656494140625
-0.0208358764648437 -0.0352783203125 0.389739990234375 0.2669677734375
-0.0109529495239258 -0.0159921646118164 0.267669677734375 -0.168624877929688
0.00990104675292969 -0.0203514099121094 0.04534912109375 -0.32781982421875
-0.00945186614990234 -0.0173282623291016 -0.0260162353515625 0.2744140625
0.0313987731933594 0.00220108032226562 -0.268203735351563 0.119766235351563
0.0207138061523438 0.0355415344238281 -0.373931884765625 -0.283416748046875
0.00486373901367187 0.0428619384765625 -0.04864501953125 -0.6351318359375
-0.0252952575683594 0.0384407043457031 0.6566162109375 -0.41162109375
-0.0227680206298828 0.0045013427734375 0.873779296875 0.3441162109375
0.0397796630859375 0.0069122314453125 0.28118896484375 0.6142578125
0.041229248046875 0.0424346923828125 0.0515899658203125 0.111251831054688
0.0462799072265625 0.0258026123046875 -0.0987548828125 -0.58697509765625
0.0147285461425781 -0.00826454162597656 -0.77752685546875 -0.51641845703125
-0.0276985168457031 0.00157356262207031 -0.7935791015625 0.39031982421875
-0.0149326324462891 0.0300693511962891 -0.0465698242187499 0.71282958984375
0.00473594665527343 0.0334014892578125 0.34033203125 0.37115478515625
0.0231533050537109 0.0320549011230469 0.300140380859375 -0.11083984375
0.0118923187255859 -0.00349903106689453 0.089263916015625 -0.331390380859375
-0.0154590606689453 -0.0132665634155273 -0.01812744140625 0.271194458007813
0.0299530029296875 0.00256729125976562 -0.264495849609375 0.089141845703125
0.0140533447265625 0.0242786407470703 -0.35345458984375 -0.316009521484375
0.00323867797851563 0.0306453704833984 0.01409912109375 -0.64208984375
-0.0206565856933594 0.0322456359863281 0.7047119140625 -0.351318359375
-0.0115585327148438 0.01275634765625 0.84869384765625 0.4246826171875
0.0402450561523438 0.0262222290039063 0.2352294921875 0.6241455078125
0.0331954956054688 0.0606689453125 0.0452804565429688 0.08544921875
0.0458450317382813 0.0414161682128906 -0.14794921875 -0.589111328125
0.0190887451171875 5.340576171875E-05 -0.81427001953125 -0.4415283203125
-0.0185508728027344 -0.00208282470703125 -0.74212646484375 0.45635986328125
-0.0127267837524414 0.0155553817749023 0.01861572265625 0.70391845703125
0.00285530090332031 0.0211563110351563 0.366729736328125 0.335479736328125
0.0172710418701172 0.0276298522949219 0.299346923828125 -0.13800048828125
0.00481081008911133 -0.00233316421508789 0.09130859375 -0.337432861328125
-0.0177650451660156 -0.0116157531738281 -0.019073486328125 0.267898559570312
0.0251407623291016 -0.00337028503417969 -0.267074584960938 0.0688323974609376
0.00862407684326172 0.00930690765380859 -0.3311767578125 -0.34381103515625
0.00380897521972656 0.0146379470825195 0.074951171875 -0.6456298828125
-0.0143814086914062 0.0261917114257813 0.74884033203125 -0.28564453125
-0.00699996948242187 0.0211620330810547 0.813232421875 0.50054931640625
0.0343399047851563 0.0385551452636719 0.18646240234375 0.6231689453125
0.0238227844238281 0.0675926208496094 0.0410308837890625 0.052093505859375
0.0421333312988281 0.0479087829589844 -0.1959228515625 -0.5889892578125
0.0206432342529297 0.00322341918945313 -0.84619140625 -0.366943359375
-0.0125236511230469 -0.009033203125 -0.68499755859375 0.51385498046875
-0.0127897262573242 -0.000893592834472659 0.0798950195312499 0.68548583984375
-0.00309038162231445 0.00564098358154297 0.38787841796875 0.296142578125
0.010040283203125 0.0208759307861328 0.295989990234375 -0.16400146484375
-0.000154495239257813 -0.00235986709594727 0.089508056640625 -0.34075927734375
-0.0187397003173828 -0.0118541717529297 -0.0234375 0.26678466796875
0.0201988220214844 -0.0130271911621094 -0.270858764648437 0.0543212890625
0.00592517852783203 -0.00760984420776367 -0.311737060546875 -0.363128662109375
0.0081939697265625 -0.000885486602783203 0.1256103515625 -0.64178466796875
-0.00813865661621094 0.0207595825195313 0.78082275390625 -0.2315673828125
-0.00809097290039063 0.0229969024658203 0.775634765625 0.56048583984375
0.0250816345214844 0.0371780395507813 0.14703369140625 0.61553955078125
0.0179100036621094 0.0593910217285156 0.03924560546875 0.0192680358886719
0.0355758666992188 0.0461997985839844 -0.23492431640625 -0.59320068359375
0.0182781219482422 0.00348091125488281 -0.86810302734375 -0.311767578125
-0.00835704803466797 -0.0172214508056641 -0.6361083984375 0.553955078125
-0.0139904022216797 -0.0167608261108398 0.12646484375 0.6688232421875
-0.00980854034423828 -0.00853919982910156 0.40106201171875 0.264434814453125
0.00331401824951172 0.0137844085693359 0.28961181640625 -0.183197021484375
-0.00259613990783691 -0.0043327808380127 0.08319091796875 -0.342071533203125
-0.0171308517456055 -0.0158529281616211 -0.0299530029296875 0.268783569335938
0.0147800445556641 -0.0252456665039063 -0.277008056640625 0.048431396484375
0.0020599365234375 -0.0244560241699219 -0.30072021484375 -0.3760986328125
0.0136480331420898 -0.0140562057495117 0.15899658203125 -0.64013671875
-0.00330257415771484 0.0144290924072266 0.7987060546875 -0.19122314453125
-0.0141620635986328 0.0204429626464844 0.748291015625 0.59503173828125
0.0150356292724609 0.0240898132324219 0.1195068359375 0.60369873046875
0.0136451721191406 0.039886474609375 0.0404167175292969 -0.00795745849609375
0.0257682800292969 0.0365943908691406 -0.26263427734375 -0.60003662109375
0.0134334564208984 0.0007171630859375 -0.879150390625 -0.27532958984375
-0.00697135925292969 -0.0247764587402344 -0.60113525390625 0.577880859375
-0.0167579650878906 -0.0294628143310547 0.15899658203125 0.6553955078125
-0.0169830322265625 -0.0214672088623047 0.40692138671875 0.244171142578125
-0.00243854522705078 0.00417137145996094 0.280776977539063 -0.193038940429688
-0.00250053405761719 -0.00800657272338867 0.072998046875 -0.339935302734375
-0.0150909423828125 -0.0203151702880859 -0.038604736328125 0.272918701171875
0.0108489990234375 -0.0358619689941406 -0.285003662109375 0.049346923828125
0.00165176391601562 -0.0371284484863281 -0.29974365234375 -0.38104248046875
0.0179252624511719 -0.0236492156982422 0.171875 -0.63946533203125
-0.00312614440917969 0.0082392692565918 0.80865478515625 -0.17889404296875
-0.0220832824707031 0.0108985900878906 0.73419189453125 0.603759765625
0.00778865814208984 0.00183534622192383 0.11083984375 0.58837890625
0.0125141143798828 0.0131044387817383 0.0436592102050781 -0.0285186767578125
0.0135936737060547 0.0196151733398438 -0.2760009765625 -0.61083984375
0.00546169281005859 -0.00391292572021484 -0.886962890625 -0.262939453125
-0.00638008117675781 -0.02960205078125 -0.585693359375 0.583740234375
-0.0179443359375 -0.0376167297363281 0.16888427734375 0.64886474609375
-0.0213546752929688 -0.0308990478515625 0.40509033203125 0.237335205078125
-0.00833797454833984 -0.00419855117797852 0.273880004882813 -0.192779541015625
-0.0014801025390625 -0.0114669799804688 0.06280517578125 -0.33575439453125
-0.0105628967285156 -0.0255813598632812 -0.0502471923828125 0.279251098632813
0.00775146484375 -0.0435523986816406 -0.29437255859375 0.057281494140625
-0.00109100341796875 -0.0425300598144531 -0.30560302734375 -0.378021240234375
0.0190181732177734 -0.0255470275878906 0.17034912109375 -0.64483642578125
-0.00701904296875 0.00260448455810547 0.8092041015625 -0.183837890625
-0.0357322692871094 -0.00589752197265625 0.731689453125 0.5966796875
0.000862121582031253 -0.0302143096923828 0.10760498046875 0.57318115234375
0.0158367156982422 -0.0271644592285156 0.04913330078125 -0.0439567565917969
0.00168228149414062 -0.00531721115112305 -0.2799072265625 -0.623291015625
-0.00838565826416016 -0.0118579864501953 -0.89031982421875 -0.2684326171875
-0.00918006896972656 -0.0308895111083984 -0.5828857421875 0.583984375
-0.0176162719726563 -0.0399971008300781 0.171875 0.6485595703125
-0.0235309600830078 -0.0350379943847656 0.40087890625 0.2381591796875
-0.0112247467041016 -0.011836051940918 0.266708374023437 -0.187301635742188
0.00332450866699219 -0.0170383453369141 0.050323486328125 -0.3294677734375
-0.00547981262207031 -0.0301437377929688 -0.057464599609375 0.28765869140625
0.00570297241210937 -0.0483169555664063 -0.301544189453125 0.0782470703125
-0.002044677734375 -0.0407943725585938 -0.3272705078125 -0.35882568359375
0.0161476135253906 -0.0233707427978516 0.13067626953125 -0.6494140625
-0.01605224609375 0.000586509704589841 0.79095458984375 -0.23004150390625
-0.0518951416015625 -0.0259437561035156 0.7564697265625 0.54681396484375
-0.00499343872070312 -0.0693931579589844 0.13372802734375 0.56451416015625
0.024688720703125 -0.0711746215820312 0.0543975830078125 -0.0372428894042969
-0.00958251953125 -0.0373611450195312 -0.25494384765625 -0.6368408203125
-0.0250205993652344 -0.0226421356201172 -0.8818359375 -0.31787109375
-0.0161190032958984 -0.0286827087402344 -0.6182861328125 0.5550537109375
-0.0145225524902344 -0.0371360778808594 0.13616943359375 0.66082763671875
-0.0207595825195312 -0.0345630645751953 0.390380859375 0.261505126953125
-0.00979518890380859 -0.0165109634399414 0.264633178710937 -0.170639038085938
0.00974464416503906 -0.0214385986328125 0.041748046875 -0.324249267578125
-0.0106134414672852 -0.0167064666748047 -0.02288818359375 0.272598266601563
0.0315418243408203 0.000553131103515625 -0.264297485351563 0.121627807617187
0.020904541015625 0.0354728698730469 -0.374359130859375 -0.27899169921875
0.0059814453125 0.0433998107910156 -0.05133056640625 -0.63104248046875
-0.0264930725097656 0.0377655029296875 0.6485595703125 -0.41070556640625
-0.0223293304443359 0.0042266845703125 0.869140625 0.33575439453125
0.0393867492675781 0.00614547729492188 0.2816162109375 0.60809326171875
0.0409278869628906 0.0427322387695313 0.051727294921875 0.110404968261719
0.0461540222167969 0.0251235961914062 -0.10247802734375 -0.581787109375
0.0156631469726563 -0.00829982757568359 -0.77325439453125 -0.5076904296875
-0.0273094177246094 0.00190734863281249 -0.7857666015625 0.39300537109375
-0.0153236389160156 0.0299072265625 -0.0413818359374999 0.7099609375
0.00466728210449219 0.0343761444091797 0.3416748046875 0.368377685546875
0.0226631164550781 0.03057861328125 0.297698974609375 -0.112213134765625
0.0113353729248047 -0.00428295135498047 0.086669921875 -0.3292236328125
-0.0162849426269531 -0.0128116607666016 -0.0169677734375 0.269500732421875
0.0302219390869141 0.00121688842773437 -0.2623291015625 0.09100341796875
0.0154495239257813 0.0251636505126953 -0.352264404296875 -0.31182861328125
0.00370979309082031 0.0301151275634766 0.01025390625 -0.6397705078125
-0.0206184387207031 0.032501220703125 0.69647216796875 -0.353271484375
-0.0107841491699219 0.0131235122680664 0.84466552734375 0.41448974609375
0.0388641357421875 0.0261154174804687 0.2364501953125 0.616455078125
0.0323829650878906 0.0599288940429688 0.0456085205078125 0.084991455078125
0.0458450317382813 0.0404052734375 -0.14788818359375 -0.58154296875
0.0194835662841797 -0.000627517700195313 -0.80902099609375 -0.4342041015625
-0.0191707611083984 -0.00171279907226562 -0.73638916015625 0.45745849609375
-0.0121650695800781 0.0150890350341797 0.0232543945312499 0.698974609375
0.00266456604003906 0.0212268829345703 0.366729736328125 0.33209228515625
0.017486572265625 0.0274181365966797 0.296356201171875 -0.139923095703125
0.0057673454284668 -0.00325822830200195 0.088653564453125 -0.33551025390625
-0.0183181762695313 -0.0112934112548828 -0.0173492431640625 0.2657470703125
0.0249481201171875 -0.00486564636230469 -0.26446533203125 0.0702667236328125
0.00943374633789063 0.00988960266113281 -0.330230712890625 -0.339202880859375
0.00434017181396484 0.0152454376220703 0.07037353515625 -0.64154052734375
-0.0146999359130859 0.0265579223632813 0.741943359375 -0.28948974609375
-0.00711441040039063 0.0203781127929688 0.810791015625 0.49285888671875
0.0331840515136719 0.0376319885253906 0.18756103515625 0.6181640625
0.0239830017089844 0.0662651062011719 0.0404624938964844 0.052276611328125
0.0426063537597656 0.0479660034179687 -0.19635009765625 -0.58404541015625
0.0217952728271484 0.00367164611816406 -0.843017578125 -0.36181640625
-0.0126457214355469 -0.0085744857788086 -0.67779541015625 0.51397705078125
-0.0125350952148438 -0.00137710571289063 0.0841064453125 0.68218994140625
-0.00183486938476562 0.00575351715087891 0.388916015625 0.291656494140625
0.0112380981445313 0.0213813781738281 0.29290771484375 -0.1650390625
0.000409364700317383 -0.00287055969238281 0.086669921875 -0.339599609375
-0.0184097290039063 -0.0127239227294922 -0.021240234375 0.264511108398438
0.0199661254882813 -0.0144519805908203 -0.268447875976563 0.0557098388671875
0.00517177581787109 -0.00809478759765625 -0.311431884765625 -0.358734130859375
0.00863552093505859 -0.00145626068115234 0.12054443359375 -0.6392822265625
-0.00831413269042969 0.0205593109130859 0.77337646484375 -0.23291015625
-0.00720024108886719 0.0241012573242188 0.7723388671875 0.5501708984375
0.0245780944824219 0.0366897583007813 0.1483154296875 0.61016845703125
0.0178565979003906 0.0591964721679688 0.039215087890625 0.0194664001464844
0.0363578796386719 0.0457763671875 -0.2357177734375 -0.58709716796875
0.0189380645751953 0.0043792724609375 -0.8643798828125 -0.302734375
-0.0082712173461914 -0.0165157318115234 -0.62786865234375 0.55352783203125
-0.0139808654785156 -0.0168533325195313 0.13031005859375 0.6636962890625
-0.00892925262451172 -0.00853252410888672 0.39947509765625 0.259552001953125
0.00354576110839844 0.0126504898071289 0.2850341796875 -0.1845703125
-0.00258970260620117 -0.00498104095458984 0.0804443359375 -0.340362548828125
-0.0182533264160156 -0.0156726837158203 -0.02777099609375 0.2667236328125
0.0148468017578125 -0.0260829925537109 -0.274658203125 0.050567626953125
0.00282096862792969 -0.0247573852539062 -0.30035400390625 -0.371551513671875
0.0142583847045898 -0.0145788192749023 0.15411376953125 -0.635986328125
-0.00299930572509766 0.0148229598999023 0.791748046875 -0.19464111328125
-0.0133724212646484 0.0202064514160156 0.74591064453125 0.58642578125
0.0142459869384766 0.0237293243408203 0.12042236328125 0.59814453125
0.0133552551269531 0.0396614074707031 0.0393524169921875 -0.00762176513671875
0.0258865356445313 0.0355453491210938 -0.2642822265625 -0.59393310546875
0.0134296417236328 0.00102043151855469 -0.87420654296875 -0.26727294921875
-0.00762367248535156 -0.0238189697265625 -0.59283447265625 0.5762939453125
-0.0175304412841797 -0.0287761688232422 0.16290283203125 0.65087890625
-0.0167751312255859 -0.0207481384277344 0.40447998046875 0.2408447265625
-0.00287055969238281 0.0048832893371582 0.278244018554687 -0.194168090820312
-0.00395393371582031 -0.00710821151733398 0.071319580078125 -0.338958740234375
-0.01531982421875 -0.0199451446533203 -0.03680419921875 0.270263671875
0.0102157592773438 -0.0357742309570313 -0.2828369140625 0.05224609375
0.001068115234375 -0.0369949340820313 -0.299530029296875 -0.3739013671875
0.0181541442871094 -0.0240631103515625 0.16705322265625 -0.6383056640625
-0.00287055969238281 0.00838899612426758 0.80108642578125 -0.1832275390625
-0.0226230621337891 0.0110206604003906 0.73223876953125 0.59698486328125
0.00585079193115234 0.00143814086914063 0.11065673828125 0.58331298828125
0.0115528106689453 0.0120468139648438 0.042816162109375 -0.0275497436523438
0.0144615173339844 0.0197162628173828 -0.27520751953125 -0.603515625
0.00578641891479492 -0.00383090972900391 -0.8819580078125 -0.2567138671875
-0.0077362060546875 -0.0286693572998047 -0.578857421875 0.5836181640625
-0.0189247131347656 -0.037841796875 0.17242431640625 0.64361572265625
-0.0210514068603516 -0.0289134979248047 0.403961181640625 0.23394775390625
-0.00799322128295898 -0.00380659103393555 0.269744873046875 -0.19415283203125
-0.00167751312255859 -0.0115175247192383 0.059906005859375 -0.334625244140625
-0.0109767913818359 -0.0250167846679688 -0.0471954345703125 0.277389526367187
0.00730133056640625 -0.0445632934570313 -0.29071044921875 0.059356689453125
-0.000400543212890624 -0.0417556762695313 -0.304931640625 -0.373199462890625
0.0184288024902344 -0.0265121459960938 0.1666259765625 -0.6422119140625
-0.00687217712402344 0.00288057327270508 0.8033447265625 -0.18548583984375
-0.0349330902099609 -0.00647926330566407 0.73016357421875 0.58758544921875
-0.000331878662109373 -0.0309181213378906 0.1085205078125 0.568115234375
0.0146045684814453 -0.0259742736816406 0.0484962463378906 -0.0436935424804688
0.00169229507446289 -0.00534582138061523 -0.28045654296875 -0.6171875
-0.00838947296142578 -0.0112323760986328 -0.88519287109375 -0.26141357421875
-0.0104694366455078 -0.029876708984375 -0.57440185546875 0.58251953125
-0.0176773071289063 -0.0398406982421875 0.17437744140625 0.6439208984375
-0.0231742858886719 -0.0341529846191406 0.402740478515625 0.23492431640625
-0.0103435516357422 -0.0102262496948242 0.262741088867188 -0.189071655273438
0.00271797180175781 -0.0178718566894531 0.048858642578125 -0.32806396484375
-0.00617408752441406 -0.0288238525390625 -0.054473876953125 0.2852783203125
0.0048675537109375 -0.0493316650390625 -0.297271728515625 0.08111572265625
-0.0015106201171875 -0.040130615234375 -0.326812744140625 -0.354461669921875
0.0163726806640625 -0.0227336883544922 0.12548828125 -0.64752197265625
-0.0166559219360352 -0.00019931793212891 0.78350830078125 -0.2349853515625
-0.0523147583007813 -0.0251655578613281 0.755615234375 0.53656005859375
-0.00594329833984375 -0.0685157775878906 0.135406494140625 0.55963134765625
0.023040771484375 -0.0708160400390625 0.0552215576171875 -0.0360107421875
-0.00995254516601563 -0.0381278991699219 -0.25408935546875 -0.63079833984375
-0.0242404937744141 -0.0222110748291016 -0.87579345703125 -0.30999755859375
-0.0166492462158203 -0.0283031463623047 -0.607421875 0.5555419921875
-0.0152091979980469 -0.0365333557128906 0.14141845703125 0.6568603515625
-0.0198116302490234 -0.0337295532226562 0.390716552734375 0.258941650390625
-0.0102834701538086 -0.0161647796630859 0.260818481445313 -0.170639038085938
0.00837898254394531 -0.0217418670654297 0.0391845703125 -0.32281494140625
-0.0106468200683594 -0.0174989700317383 -0.022125244140625 0.271316528320313
0.0311717987060547 0.00054168701171875 -0.262069702148438 0.12359619140625
0.021514892578125 0.0355033874511719 -0.37457275390625 -0.275054931640625
0.00577163696289062 0.0423355102539062 -0.05322265625 -0.6280517578125
-0.0257911682128906 0.0383071899414063 0.64312744140625 -0.4122314453125
-0.021728515625 0.00358009338378906 0.86419677734375 0.3270263671875
0.0394020080566406 0.00665283203125 0.28009033203125 0.60162353515625
0.0407142639160156 0.0413856506347656 0.0527496337890625 0.111068725585938
0.0454292297363281 0.0249137878417969 -0.10223388671875 -0.57623291015625
0.0158700942993164 -0.00823688507080078 -0.7698974609375 -0.50177001953125
-0.0280647277832031 0.00138473510742188 -0.779296875 0.39349365234375
-0.0151844024658203 0.0297756195068359 -0.0363159179687501 0.70489501953125
0.00556564331054688 0.0347709655761719 0.341766357421875 0.36358642578125
0.0230636596679688 0.0310535430908203 0.29425048828125 -0.11309814453125
0.0105991363525391 -0.00500679016113281 0.084686279296875 -0.32806396484375
-0.016383171081543 -0.0125246047973633 -0.0163421630859375 0.267501831054688
0.0294513702392578 0.00034332275390625 -0.259628295898438 0.093231201171875
0.0159320831298828 0.0244064331054688 -0.35260009765625 -0.30560302734375
0.00438499450683593 0.0296287536621094 0.00646972656249995 -0.63580322265625
-0.0210781097412109 0.03216552734375 0.69219970703125 -0.35455322265625
-0.0110301971435547 0.0130577087402344 0.8408203125 0.40850830078125
0.0384101867675781 0.0256919860839844 0.23602294921875 0.6114501953125
0.0319786071777344 0.0602912902832031 0.0457305908203125 0.0840301513671875
0.0461692810058594 0.0395545959472656 -0.1494140625 -0.57452392578125
0.020538330078125 0.000141143798828125 -0.80419921875 -0.4278564453125
-0.0190639495849609 -0.0013885498046875 -0.72802734375 0.45892333984375
-0.0130014419555664 0.0150651931762695 0.0256347656250001 0.69537353515625
0.00359153747558594 0.0216102600097656 0.36700439453125 0.32861328125
0.0180931091308594 0.0266971588134766 0.29345703125 -0.14007568359375
0.00487327575683594 -0.00368309020996094 0.085601806640625 -0.33489990234375
-0.0183029174804688 -0.0110149383544922 -0.015411376953125 0.264083862304688
0.0253257751464844 -0.00542831420898438 -0.262557983398438 0.07177734375
0.00979423522949219 0.00959587097167969 -0.330780029296875 -0.3328857421875
0.00497627258300781 0.0157232284545898 0.06793212890625 -0.63702392578125
-0.0138359069824219 0.0269985198974609 0.7353515625 -0.2919921875
-0.00644683837890625 0.0199623107910156 0.80706787109375 0.483642578125
0.0332565307617188 0.0370979309082031 0.18896484375 0.61163330078125
0.0236167907714844 0.0654258728027344 0.0415153503417969 0.0524482727050781
0.0430908203125 0.0463027954101563 -0.19549560546875 -0.57769775390625
0.0227317810058594 0.00342559814453125 -0.8377685546875 -0.3546142578125
-0.0124969482421875 -0.00813484191894531 -0.672119140625 0.5150146484375
-0.0123176574707031 -0.00103473663330078 0.08709716796875 0.67864990234375
-0.00195789337158203 0.00677251815795898 0.38641357421875 0.289215087890625
0.0117092132568359 0.0203113555908203 0.290008544921875 -0.165435791015625
0.000121593475341797 -0.00364303588867188 0.084259033203125 -0.337677001953125
-0.0196113586425781 -0.0119304656982422 -0.0196075439453125 0.263031005859375
0.0206813812255859 -0.0148162841796875 -0.266311645507813 0.057830810546875
0.00519371032714844 -0.00810527801513672 -0.311981201171875 -0.35491943359375
0.00868558883666992 -1.43051147460938E-05 0.11846923828125 -0.63555908203125
-0.00836563110351563 0.0202713012695312 0.7686767578125 -0.2357177734375
-0.00721359252929687 0.0240039825439453 0.77117919921875 0.54296875
0.024017333984375 0.0363845825195313 0.14898681640625 0.60479736328125
0.016632080078125 0.0583915710449219 0.0394744873046875 0.0199928283691406
0.0359382629394531 0.0450477600097656 -0.23541259765625 -0.58062744140625
0.0198097229003906 0.00452995300292969 -0.8582763671875 -0.297119140625
-0.00942420959472656 -0.015995979309082 -0.62127685546875 0.5555419921875
-0.0148830413818359 -0.0169305801391602 0.134765625 0.65863037109375
-0.00854873657226563 -0.00856399536132813 0.400177001953125 0.258331298828125
0.00419139862060547 0.0120201110839844 0.282379150390625 -0.18426513671875
-0.00335216522216797 -0.00483560562133789 0.078125 -0.338714599609375
-0.0186138153076172 -0.0149364471435547 -0.0262298583984375 0.26495361328125
0.0149002075195313 -0.0264167785644531 -0.272109985351562 0.0522613525390625
0.00315284729003906 -0.024658203125 -0.3011474609375 -0.366455078125
0.0141830444335938 -0.0143442153930664 0.15045166015625 -0.63482666015625
-0.00390434265136719 0.013702392578125 0.7852783203125 -0.19818115234375
-0.0131759643554688 0.0203227996826172 0.74334716796875 0.57806396484375
0.0151824951171875 0.0239639282226563 0.12139892578125 0.59417724609375
0.0128746032714844 0.0391044616699219 0.0398216247558594 -0.0064849853515625
0.0263519287109375 0.0354804992675781 -0.261474609375 -0.587646484375
0.0137805938720703 0.000746726989746094 -0.87054443359375 -0.26055908203125
-0.00780296325683593 -0.0239486694335938 -0.58526611328125 0.57696533203125
-0.0177726745605469 -0.0294761657714844 0.16436767578125 0.64691162109375
-0.0159873962402344 -0.0196247100830078 0.40509033203125 0.237396240234375
-0.00255441665649414 0.00423955917358398 0.27398681640625 -0.19342041015625
-0.00397586822509766 -0.00791645050048828 0.0682373046875 -0.337371826171875
-0.0165653228759766 -0.0199127197265625 -0.035400390625 0.26934814453125
0.0100135803222656 -0.0364837646484375 -0.279754638671875 0.054473876953125
0.0017547607421875 -0.0368766784667969 -0.300048828125 -0.37017822265625
0.0176868438720703 -0.0233287811279297 0.16253662109375 -0.6339111328125
-0.00258874893188477 0.00824356079101562 0.7952880859375 -0.185302734375
-0.0219860076904297 0.0109062194824219 0.73016357421875 0.58721923828125
0.00525903701782227 0.00250101089477539 0.1090087890625 0.578125
0.0109939575195313 0.0123062133789062 0.0429725646972656 -0.0269508361816406
0.0142478942871094 0.0198898315429688 -0.27630615234375 -0.59735107421875
0.00591087341308594 -0.00296258926391602 -0.87506103515625 -0.2530517578125
-0.00763130187988281 -0.0280647277832031 -0.57208251953125 0.582275390625
-0.0190544128417969 -0.0376434326171875 0.1744384765625 0.6397705078125
-0.0207023620605469 -0.0294094085693359 0.40362548828125 0.230865478515625
-0.0079646110534668 -0.00403833389282226 0.267593383789063 -0.194656372070313
-0.00278377532958984 -0.0125179290771484 0.058380126953125 -0.332611083984375
-0.011444091796875 -0.0245857238769531 -0.044708251953125 0.276641845703125
0.0064697265625 -0.0450973510742188 -0.2884521484375 0.06243896484375
0.000465393066406252 -0.0427513122558594 -0.306182861328125 -0.368988037109375
0.0191135406494141 -0.0260238647460938 0.16094970703125 -0.63824462890625
-0.00721311569213867 0.0025181770324707 0.79595947265625 -0.18890380859375
-0.0352783203125 -0.00530242919921875 0.7281494140625 0.58099365234375
-0.000457763671875 -0.0306587219238281 0.10992431640625 0.562744140625
0.0134067535400391 -0.0263900756835938 0.0489845275878906 -0.042388916015625
0.00144004821777344 -0.00508594512939453 -0.2806396484375 -0.609375
-0.00752830505371094 -0.0116910934448242 -0.880615234375 -0.25653076171875
-0.0111331939697266 -0.0300121307373047 -0.56866455078125 0.5819091796875
-0.0189704895019531 -0.0399093627929688 0.17669677734375 0.639892578125
-0.0226173400878906 -0.0337810516357422 0.400390625 0.231842041015625
-0.00996875762939453 -0.0105352401733398 0.260940551757813 -0.188385009765625
0.0027008056640625 -0.0171270370483398 0.046600341796875 -0.326080322265625
-0.00657272338867188 -0.0289745330810547 -0.0528564453125 0.28314208984375
0.004608154296875 -0.0496482849121094 -0.29541015625 0.0820312500000001
-0.000904083251953127 -0.0404815673828125 -0.326904296875 -0.34942626953125
0.0167827606201172 -0.0224723815917969 0.12298583984375 -0.6448974609375
-0.0162143707275391 0.000998497009277341 0.77642822265625 -0.236083984375
-0.0517120361328125 -0.0249176025390625 0.750732421875 0.52978515625
-0.00705718994140624 -0.0677833557128906 0.134368896484375 0.5552978515625
0.0223655700683594 -0.070281982421875 0.0549850463867188 -0.0347213745117188
-0.0101852416992187 -0.0376358032226563 -0.2532958984375 -0.6231689453125
-0.0234107971191406 -0.0218868255615234 -0.8709716796875 -0.30450439453125
-0.0169715881347656 -0.0268363952636719 -0.6014404296875 0.554931640625
-0.0157508850097656 -0.0358047485351563 0.14483642578125 0.65216064453125
-0.0199737548828125 -0.0327835083007813 0.38885498046875 0.25445556640625
-0.00944995880126953 -0.0160770416259766 0.257308959960938 -0.170333862304687
0.00844001770019531 -0.020904541015625 0.037628173828125 -0.32135009765625
-0.0114822387695313 -0.0169429779052734 -0.02142333984375 0.270263671875
0.0304508209228516 -0.0002899169921875 -0.2601318359375 0.123947143554687
0.0219440460205078 0.0344009399414063 -0.370880126953125 -0.271759033203125
0.00699234008789062 0.0419349670410156 -0.05450439453125 -0.6241455078125
-0.0254364013671875 0.0387153625488281 0.6387939453125 -0.41094970703125
-0.020538330078125 0.00467681884765625 0.85992431640625 0.322265625
0.0378570556640625 0.005950927734375 0.278564453125 0.59625244140625
0.0398979187011719 0.0408515930175781 0.0519790649414063 0.110160827636719
0.0457305908203125 0.024322509765625 -0.10186767578125 -0.57037353515625
0.0167989730834961 -0.00806999206542969 -0.765380859375 -0.49578857421875
-0.0278778076171875 0.00308990478515625 -0.77252197265625 0.39385986328125
-0.0153846740722656 0.0286636352539063 -0.0349121093750001 0.70196533203125
0.00617599487304688 0.0342750549316406 0.34051513671875 0.361541748046875
0.0236015319824219 0.0304927825927734 0.291961669921875 -0.112762451171875
0.0105152130126953 -0.00592803955078125 0.082244873046875 -0.326171875
-0.0171241760253906 -0.0124044418334961 -0.0140838623046875 0.264572143554687
0.0298671722412109 -0.000261306762695313 -0.257919311523437 0.0935211181640625
0.0159378051757813 0.025146484375 -0.351654052734375 -0.30316162109375
0.00466156005859375 0.0295028686523438 0.00445556640624994 -0.6326904296875
-0.0207004547119141 0.0327167510986328 0.68658447265625 -0.35430908203125
-0.0117464065551758 0.0124759674072266 0.836669921875 0.40264892578125
0.0377273559570313 0.0259323120117188 0.2352294921875 0.60498046875
0.0314178466796875 0.0594215393066406 0.0461654663085937 0.0842819213867188
0.0458412170410156 0.0392837524414063 -0.1483154296875 -0.56964111328125
0.0206813812255859 -0.000234603881835938 -0.8026123046875 -0.42071533203125
-0.0188751220703125 -0.000368118286132815 -0.72186279296875 0.45843505859375
-0.013127326965332 0.0158243179321289 0.028076171875 0.69158935546875
0.00296401977539063 0.0205879211425781 0.36712646484375 0.325347900390625
0.0188274383544922 0.0264148712158203 0.291595458984375 -0.140350341796875
0.00449132919311523 -0.00394868850708008 0.084136962890625 -0.333160400390625
-0.0189571380615234 -0.0108528137207031 -0.014068603515625 0.2626953125
0.0256099700927734 -0.00715065002441406 -0.2613525390625 0.0735015869140624
0.0102910995483398 0.00949573516845703 -0.3306884765625 -0.3299560546875
0.00578784942626953 0.0150232315063477 0.065673828125 -0.633544921875
-0.01409912109375 0.0264320373535156 0.73004150390625 -0.292724609375
-0.00612068176269531 0.020538330078125 0.8023681640625 0.47735595703125
0.0323143005371094 0.0366363525390625 0.1885986328125 0.60748291015625
0.0235748291015625 0.0650749206542969 0.0418510437011719 0.0524444580078125
0.0426902770996094 0.0459060668945313 -0.19403076171875 -0.57147216796875
0.0221118927001953 0.00345420837402344 -0.8330078125 -0.34814453125
-0.0130128860473633 -0.00780105590820313 -0.6650390625 0.514404296875
-0.0131301879882813 -0.00129222869873047 0.0896606445312499 0.6754150390625
-0.000854015350341798 0.00632524490356445 0.386138916015625 0.286468505859375
0.0118503570556641 0.0195693969726563 0.286529541015625 -0.1650390625
-0.000546693801879883 -0.00336861610412598 0.082275390625 -0.336700439453125
-0.0197200775146484 -0.0120086669921875 -0.01837158203125 0.261276245117188
0.0200996398925781 -0.0161666870117188 -0.264083862304688 0.0589599609375
0.00577211380004883 -0.00759315490722656 -0.31085205078125 -0.35125732421875
0.00924301147460938 -0.00130748748779297 0.11529541015625 -0.6324462890625
-0.00800895690917969 0.0206737518310547 0.7608642578125 -0.23699951171875
-0.00735664367675781 0.0233936309814453 0.76702880859375 0.53564453125
0.0231399536132812 0.0361213684082031 0.1478271484375 0.6005859375
0.0169754028320313 0.058013916015625 0.0396003723144531 0.0210838317871094
0.0361862182617188 0.0442276000976563 -0.2344970703125 -0.57330322265625
0.0201206207275391 0.00403594970703125 -0.8515625 -0.2919921875
-0.00922775268554688 -0.015833854675293 -0.61474609375 0.55474853515625
-0.0154228210449219 -0.0168647766113281 0.1341552734375 0.65545654296875
-0.00863838195800781 -0.00704622268676758 0.397735595703125 0.254241943359375
0.00447368621826172 0.0117425918579102 0.280288696289063 -0.184066772460937
-0.00396251678466797 -0.00514030456542969 0.076324462890625 -0.33782958984375
-0.0188312530517578 -0.0144557952880859 -0.0250244140625 0.263290405273438
0.0147247314453125 -0.0280017852783203 -0.271133422851562 0.054473876953125
0.00328445434570313 -0.0245532989501953 -0.300140380859375 -0.362945556640625
0.0154609680175781 -0.014185905456543 0.14739990234375 -0.6322021484375
-0.00462913513183594 0.0143671035766602 0.779296875 -0.2005615234375
-0.0126495361328125 0.0199127197265625 0.739013671875 0.5703125
0.0140438079833984 0.0239276885986328 0.12103271484375 0.58880615234375
0.0122642517089844 0.0386085510253906 0.0400772094726563 -0.00625991821289062
0.0268688201904297 0.0348148345947266 -0.26171875 -0.5823974609375
0.0152511596679688 0.000982284545898438 -0.86407470703125 -0.2584228515625
-0.00753211975097656 -0.0227737426757813 -0.57952880859375 0.57489013671875
-0.017333984375 -0.0296745300292969 0.16619873046875 0.6429443359375
-0.0164775848388672 -0.0186710357666016 0.404876708984375 0.23492431640625
-0.00185203552246094 0.00426506996154785 0.27264404296875 -0.194107055664063
-0.00416851043701172 -0.00794696807861328 0.067962646484375 -0.3358154296875
-0.01678466796875 -0.0194778442382813 -0.033416748046875 0.267990112304688
0.00997161865234375 -0.0377693176269531 -0.277389526367188 0.0558013916015625
0.0010528564453125 -0.0372657775878906 -0.300201416015625 -0.3671875
0.018341064453125 -0.0232486724853516 0.1591796875 -0.63250732421875
-0.00357627868652344 0.00850248336791992 0.78887939453125 -0.18682861328125
-0.0221271514892578 0.0107669830322266 0.7257080078125 0.5806884765625
0.0054783821105957 0.00147247314453125 0.11083984375 0.574462890625
0.0108833312988281 0.0118818283081055 0.0433311462402344 -0.0256996154785156
0.0147800445556641 0.0195140838623047 -0.27435302734375 -0.591796875
0.00638008117675781 -0.00360345840454102 -0.8699951171875 -0.24774169921875
-0.0076446533203125 -0.0278606414794922 -0.56658935546875 0.580078125
-0.0195579528808594 -0.0373725891113281 0.1766357421875 0.63555908203125
-0.0204086303710937 -0.0278186798095703 0.402374267578125 0.22894287109375
-0.00697851181030273 -0.00397872924804688 0.265182495117188 -0.194549560546875
-0.00308513641357422 -0.0124044418334961 0.0567626953125 -0.3310546875
-0.0121250152587891 -0.0242996215820312 -0.0443267822265625 0.273773193359375
0.00699996948242188 -0.0457420349121094 -0.28692626953125 0.0627746582031249
-0.000293731689453128 -0.0428543090820313 -0.305450439453125 -0.365386962890625
0.019195556640625 -0.0267791748046875 0.158203125 -0.63446044921875
-0.00792598724365234 0.00287723541259766 0.78985595703125 -0.19061279296875
-0.0341587066650391 -0.00592994689941406 0.722900390625 0.57427978515625
-0.00146102905273437 -0.0303401947021484 0.107879638671875 0.5592041015625
0.0139217376708984 -0.0252017974853516 0.0484390258789063 -0.0412406921386719
0.00235605239868164 -0.00524663925170898 -0.27764892578125 -0.60455322265625
-0.00677204132080078 -0.0114650726318359 -0.874267578125 -0.25299072265625
-0.0108489990234375 -0.0290889739990234 -0.56207275390625 0.5809326171875
-0.0189743041992188 -0.0391921997070313 0.17919921875 0.63446044921875
-0.0229644775390625 -0.0331802368164063 0.399871826171875 0.22833251953125
-0.0098419189453125 -0.0107765197753906 0.25738525390625 -0.189010620117188
0.00136470794677735 -0.0169305801391602 0.045440673828125 -0.32489013671875
-0.00713157653808594 -0.0289192199707031 -0.051422119140625 0.281463623046875
0.0042266845703125 -0.0504570007324219 -0.2926025390625 0.08349609375
-0.00128173828125 -0.0400238037109375 -0.324859619140625 -0.34564208984375
0.0168190002441406 -0.0226078033447266 0.11981201171875 -0.64141845703125
-0.017059326171875 -0.000377655029296874 0.7708740234375 -0.238037109375
-0.0510711669921875 -0.0248680114746094 0.74652099609375 0.5225830078125
-0.00795745849609374 -0.0682144165039063 0.1339111328125 0.55108642578125
0.0214385986328125 -0.06982421875 0.0551338195800781 -0.0333595275878906
-0.00958251953125 -0.0368309020996094 -0.25189208984375 -0.61865234375
-0.0231952667236328 -0.0218849182128906 -0.8651123046875 -0.2999267578125
-0.0168514251708984 -0.0267086029052734 -0.5972900390625 0.5533447265625
-0.0167350769042969 -0.0363960266113281 0.14556884765625 0.64935302734375
-0.0193138122558594 -0.0334453582763672 0.389068603515625 0.253173828125
-0.00878715515136719 -0.0168228149414063 0.2554931640625 -0.171005249023438
0.00812530517578125 -0.0207767486572266 0.035614013671875 -0.319915771484375
-0.0120878219604492 -0.0165395736694336 -0.019989013671875 0.268783569335938
0.03070068359375 -0.000875473022460937 -0.257888793945312 0.125228881835937
0.0221900939941406 0.0350208282470703 -0.371368408203125 -0.26959228515625
0.00738143920898437 0.0406074523925781 -0.05523681640625 -0.6214599609375
-0.0251541137695312 0.0380706787109375 0.63299560546875 -0.41107177734375
-0.0214729309082031 0.00459098815917969 0.85528564453125 0.31671142578125
0.0376739501953125 0.00634765625 0.27734375 0.593994140625
0.0392227172851563 0.0409317016601563 0.0526123046875 0.110214233398438
0.0459671020507812 0.0234260559082031 -0.10113525390625 -0.5660400390625
0.016901969909668 -0.00787734985351563 -0.761962890625 -0.49310302734375
-0.0278091430664063 0.00292015075683594 -0.76763916015625 0.39508056640625
-0.0159072875976562 0.0285549163818359 -0.03228759765625 0.699462890625
0.00640296936035156 0.0347785949707031 0.340789794921875 0.359588623046875
0.0233039855957031 0.0305118560791016 0.29058837890625 -0.113433837890625
0.0103311538696289 -0.00554561614990234 0.081085205078125 -0.324920654296875
-0.0180454254150391 -0.0118484497070313 -0.0133056640625 0.263504028320313
0.0292625427246094 -0.00140953063964844 -0.255828857421875 0.0953369140625
0.0170688629150391 0.02410888671875 -0.350830078125 -0.2994384765625
0.00525093078613281 0.0289840698242187 0.00415039062499997 -0.63067626953125
-0.0200653076171875 0.0319442749023438 0.6817626953125 -0.35443115234375
-0.0110998153686523 0.0130815505981445 0.83404541015625 0.39849853515625
0.0371322631835938 0.024688720703125 0.23419189453125 0.60302734375
0.031524658203125 0.0586471557617188 0.0467987060546875 0.0840606689453125
0.0452499389648438 0.0388565063476563 -0.1468505859375 -0.56610107421875
0.0211372375488281 0.000425338745117188 -0.7965087890625 -0.4200439453125
-0.0191669464111328 -0.000322341918945317 -0.715576171875 0.45806884765625
-0.0131492614746094 0.0146808624267578 0.0299072265625 0.6885986328125
0.00428581237792969 0.0221843719482422 0.365570068359375 0.32232666015625
0.0189685821533203 0.0256462097167969 0.289825439453125 -0.139801025390625
0.00443458557128906 -0.00436258316040039 0.08258056640625 -0.33203125
-0.0199108123779297 -0.0112152099609375 -0.0137481689453125 0.260604858398438
0.0246467590332031 -0.00773811340332031 -0.2593994140625 0.0748748779296875
0.0109920501708984 0.0100183486938477 -0.328155517578125 -0.327880859375
0.00581455230712891 0.0141973495483398 0.06365966796875 -0.6324462890625
-0.0146121978759766 0.0271949768066406 0.72674560546875 -0.2908935546875
-0.00559806823730469 0.0194988250732422 0.79803466796875 0.47296142578125
0.0312461853027344 0.0364532470703125 0.1859130859375 0.604736328125
0.0229415893554687 0.0646324157714844 0.0418128967285156 0.0537338256835938
0.0428657531738281 0.0454368591308594 -0.1920166015625 -0.5673828125
0.0228233337402344 0.00332450866699219 -0.82830810546875 -0.34661865234375
-0.0135126113891602 -0.00747776031494141 -0.66302490234375 0.51226806640625
-0.0133380889892578 -0.00134563446044922 0.09051513671875 0.672607421875
-0.000627517700195313 0.00697994232177734 0.38519287109375 0.285797119140625
0.0122470855712891 0.018890380859375 0.284942626953125 -0.164886474609375
-0.000966310501098633 -0.00423240661621094 0.081207275390625 -0.335479736328125
-0.0199527740478516 -0.0118999481201172 -0.0175018310546875 0.259933471679688
0.0198116302490234 -0.0170059204101563 -0.262405395507813 0.0604095458984375
0.00597810745239258 -0.00805044174194336 -0.30963134765625 -0.348602294921875
0.00927543640136719 -0.000538825988769531 0.11322021484375 -0.63092041015625
-0.00845909118652344 0.020416259765625 0.75543212890625 -0.2362060546875
-0.00619316101074219 0.0237789154052734 0.7611083984375 0.5318603515625
0.0229339599609375 0.0356254577636719 0.14569091796875 0.596435546875
0.0168952941894531 0.057861328125 0.0401382446289063 0.021331787109375
0.0362739562988281 0.0436782836914063 -0.23211669921875 -0.56982421875
0.0205783843994141 0.00312423706054687 -0.84783935546875 -0.2899169921875
-0.00976085662841797 -0.0149106979370117 -0.61212158203125 0.5518798828125
-0.0148515701293945 -0.0170459747314453 0.13787841796875 0.653076171875
-0.00781726837158203 -0.00715208053588867 0.397857666015625 0.25408935546875
0.00512218475341797 0.0121707916259766 0.278152465820313 -0.184112548828125
-0.00399923324584961 -0.00557136535644531 0.07476806640625 -0.336517333984375
-0.0186367034912109 -0.0151233673095703 -0.0246734619140625 0.261688232421875
0.0144863128662109 -0.0288581848144531 -0.26861572265625 0.054229736328125
0.003326416015625 -0.0249271392822266 -0.299041748046875 -0.359527587890625
0.014988899230957 -0.0139303207397461 0.14410400390625 -0.6290283203125
-0.00423812866210938 0.0141448974609375 0.7760009765625 -0.200439453125
-0.0119762420654297 0.0205097198486328 0.73504638671875 0.56597900390625
0.0130081176757813 0.0234737396240234 0.118896484375 0.58453369140625
0.0108833312988281 0.0392189025878906 0.0399055480957031 -0.00511932373046875
0.0271015167236328 0.0347843170166016 -0.2593994140625 -0.57806396484375
0.0153560638427734 0.000850677490234375 -0.86090087890625 -0.2548828125
-0.008331298828125 -0.0220470428466797 -0.57733154296875 0.5736083984375
-0.0189285278320312 -0.0296745300292969 0.1663818359375 0.63909912109375
-0.0155925750732422 -0.0189952850341797 0.4031982421875 0.234161376953125
-0.00124335289001465 0.00385951995849609 0.270126342773438 -0.193496704101563
-0.00472068786621094 -0.00822639465332031 0.066162109375 -0.334014892578125
-0.0156383514404297 -0.0197029113769531 -0.0325775146484375 0.265792846679688
0.00963211059570313 -0.0380630493164062 -0.275543212890625 0.0564727783203125
0.00123977661132813 -0.0374679565429688 -0.29925537109375 -0.363739013671875
0.0182781219482422 -0.0232276916503906 0.15765380859375 -0.6309814453125
-0.00350809097290039 0.00766849517822265 0.78460693359375 -0.1878662109375
-0.0210380554199219 0.0113410949707031 0.721435546875 0.5762939453125
0.0055689811706543 0.0021204948425293 0.109130859375 0.56964111328125
0.00994205474853516 0.011897087097168 0.0438804626464844 -0.0253562927246094
0.0151748657226562 0.0190773010253906 -0.27215576171875 -0.58612060546875
0.00631570816040039 -0.00437259674072266 -0.8662109375 -0.2469482421875
-0.00766372680664062 -0.0270004272460938 -0.56243896484375 0.5797119140625
-0.0201072692871094 -0.0370216369628906 0.1768798828125 0.6317138671875
-0.0203018188476562 -0.0286464691162109 0.401611328125 0.227386474609375
-0.00670099258422852 -0.00464868545532226 0.2637939453125 -0.194076538085938
-0.00304126739501953 -0.0118064880371094 0.05609130859375 -0.33001708984375
-0.0123062133789062 -0.0241947174072266 -0.0427093505859375 0.271621704101563
0.00663375854492188 -0.0463600158691406 -0.28411865234375 0.065032958984375
0.000370025634765624 -0.0425605773925781 -0.304046630859375 -0.36187744140625
0.0194358825683594 -0.0265731811523437 0.15496826171875 -0.6324462890625
-0.00819969177246094 0.00361108779907226 0.78515625 -0.1910400390625
-0.0344429016113281 -0.00634956359863281 0.71893310546875 0.568359375
-0.00172042846679687 -0.0292778015136719 0.106292724609375 0.5562744140625
0.0133514404296875 -0.0255718231201172 0.0485649108886719 -0.0394172668457031
0.00180721282958984 -0.00518989562988281 -0.2760009765625 -0.6002197265625
-0.00595188140869141 -0.0114278793334961 -0.870361328125 -0.25006103515625
-0.0116252899169922 -0.0283679962158203 -0.5592041015625 0.57958984375
-0.0199012756347656 -0.0390472412109375 0.17974853515625 0.63262939453125
-0.0214920043945312 -0.0324649810791016 0.39794921875 0.227691650390625
-0.00923061370849609 -0.0111045837402344 0.25518798828125 -0.187820434570313
0.00134944915771484 -0.01702880859375 0.04461669921875 -0.32342529296875
-0.00730514526367187 -0.0279598236083984 -0.0502166748046875 0.279769897460938
0.00337982177734375 -0.0509071350097656 -0.290802001953125 0.084197998046875
-0.000854492187500001 -0.0402259826660156 -0.32476806640625 -0.3438720703125
0.0173168182373047 -0.0229015350341797 0.11688232421875 -0.637451171875
-0.0172042846679688 -0.00027275085449219 0.7659912109375 -0.2386474609375
-0.0509757995605469 -0.024505615234375 0.74371337890625 0.51806640625
-0.00797271728515626 -0.0672225952148438 0.1331787109375 0.548095703125
0.0211296081542969 -0.0694618225097656 0.05487060546875 -0.0330848693847656
-0.00958633422851562 -0.0374908447265625 -0.250244140625 -0.61346435546875
-0.0222988128662109 -0.0222911834716797 -0.86151123046875 -0.297119140625
-0.0172538757324219 -0.0257453918457031 -0.5924072265625 0.5511474609375
-0.0165214538574219 -0.036376953125 0.14599609375 0.64471435546875
-0.018585205078125 -0.0323257446289063 0.3878173828125 0.251190185546875
-0.00914764404296875 -0.0160064697265625 0.253555297851563 -0.170578002929687
0.00689888000488281 -0.0212383270263672 0.0352783203125 -0.318328857421875
-0.0119352340698242 -0.0163240432739258 -0.0200347900390625 0.268386840820313
0.0301666259765625 -0.00284767150878906 -0.255691528320313 0.125274658203125
0.0233726501464844 0.0341224670410156 -0.3702392578125 -0.26708984375
0.00799942016601563 0.0415534973144531 -0.05755615234375 -0.62030029296875
-0.0252571105957031 0.0376014709472656 0.6307373046875 -0.410400390625
-0.0207176208496094 0.00371742248535157 0.8507080078125 0.3153076171875
0.0362472534179688 0.00586318969726563 0.27496337890625 0.59051513671875
0.0390357971191406 0.0404930114746094 0.05230712890625 0.11029052734375
0.0458793640136719 0.0224456787109375 -0.0992431640625001 -0.56195068359375
0.0180339813232422 -0.00782012939453125 -0.75885009765625 -0.49151611328125
-0.0277328491210938 0.00398635864257812 -0.7630615234375 0.39385986328125
-0.0163841247558594 0.0280303955078125 -0.0306396484375 0.69647216796875
0.0068817138671875 0.0350875854492188 0.341033935546875 0.3592529296875
0.0245380401611328 0.0302009582519531 0.288604736328125 -0.113433837890625
0.00997734069824219 -0.00554084777832031 0.080047607421875 -0.324249267578125
-0.0168275833129883 -0.0117311477661133 -0.01312255859375 0.262481689453125
0.0281829833984375 -0.001922607421875 -0.254745483398438 0.0952301025390625
0.0167102813720703 0.0237255096435547 -0.348419189453125 -0.297332763671875
0.00536537170410156 0.0290088653564453 0.00189208984374999 -0.62847900390625
-0.0205020904541016 0.0325031280517578 0.6787109375 -0.35406494140625
-0.0102357864379883 0.0133762359619141 0.828857421875 0.39495849609375
0.03656005859375 0.0255088806152344 0.231689453125 0.5999755859375
0.0305557250976562 0.0585289001464844 0.0460357666015625 0.0843963623046875
0.0462188720703125 0.0380935668945313 -0.14459228515625 -0.56268310546875
0.0221309661865234 4.57763671875E-05 -0.7928466796875 -0.41693115234375
-0.0194473266601563 -0.000534057617187497 -0.71343994140625 0.45574951171875
-0.01361083984375 0.0141077041625977 0.0303955078125 0.68572998046875
0.00436210632324219 0.0219383239746094 0.36444091796875 0.32122802734375
0.0196304321289063 0.0254039764404297 0.288116455078125 -0.13970947265625
0.00380468368530273 -0.00440883636474609 0.0816650390625 -0.330718994140625
-0.0196914672851563 -0.0102310180664063 -0.012908935546875 0.259613037109375
0.0245933532714844 -0.00755119323730469 -0.256973266601563 0.07501220703125
0.0106782913208008 0.00864791870117188 -0.327606201171875 -0.325347900390625
0.00692844390869141 0.0140237808227539 0.0628051757812499 -0.62957763671875
-0.0142936706542969 0.0257072448730469 0.7230224609375 -0.29180908203125
-0.00563812255859375 0.0201454162597656 0.795654296875 0.46844482421875
0.0318183898925781 0.0361213684082031 0.1851806640625 0.59991455078125
0.0226898193359375 0.0641441345214844 0.0421066284179688 0.0527992248535156
0.0432014465332031 0.0452079772949219 -0.1903076171875 -0.56475830078125
0.0237712860107422 0.00379753112792969 -0.82476806640625 -0.3447265625
-0.0130863189697266 -0.00724029541015625 -0.65771484375 0.5106201171875
-0.0137300491333008 -0.00160598754882813 0.09161376953125 0.66864013671875
-0.00118923187255859 0.00751018524169922 0.385833740234375 0.284027099609375
0.0125999450683594 0.0190277099609375 0.283416748046875 -0.164398193359375
-0.000597476959228515 -0.00345230102539062 0.079925537109375 -0.33447265625
-0.0204544067382813 -0.0115470886230469 -0.017364501953125 0.258544921875
0.0192642211914063 -0.0176639556884766 -0.261566162109375 0.061553955078125
0.00647211074829102 -0.00841140747070313 -0.308685302734375 -0.345977783203125
0.0101423263549805 -0.00103282928466797 0.11236572265625 -0.6278076171875
-0.008636474609375 0.0198230743408203 0.7530517578125 -0.237548828125
-0.00692558288574219 0.0238685607910156 0.759033203125 0.5267333984375
0.0226020812988281 0.0356903076171875 0.14447021484375 0.59417724609375
0.0164031982421875 0.057037353515625 0.0400314331054687 0.0224380493164063
0.0366134643554688 0.0437164306640625 -0.23028564453125 -0.56695556640625
0.021484375 0.00317573547363281 -0.84527587890625 -0.28863525390625
-0.00936222076416015 -0.0149106979370117 -0.60797119140625 0.55084228515625
-0.0158767700195313 -0.0171051025390625 0.13836669921875 0.64971923828125
-0.00728797912597656 -0.0072016716003418 0.39715576171875 0.25341796875
0.00520896911621094 0.0113773345947266 0.27716064453125 -0.183456420898437
-0.00393199920654297 -0.00556468963623047 0.074371337890625 -0.334564208984375
-0.0191173553466797 -0.0150051116943359 -0.023590087890625 0.26043701171875
0.0138473510742188 -0.0288124084472656 -0.267684936523438 0.0559844970703125
0.00405502319335938 -0.0249481201171875 -0.299835205078125 -0.355987548828125
0.0147819519042969 -0.0144128799438477 0.1439208984375 -0.62750244140625
-0.00515556335449219 0.0134983062744141 0.77142333984375 -0.2005615234375
-0.0121784210205078 0.0199565887451172 0.73193359375 0.56109619140625
0.0130424499511719 0.0231571197509766 0.11859130859375 0.5826416015625
0.01129150390625 0.0389366149902344 0.0406837463378906 -0.00463104248046875
0.0265274047851563 0.0341873168945313 -0.25640869140625 -0.5732421875
0.0159635543823242 0.000720024108886719 -0.85638427734375 -0.2552490234375
-0.00830078125 -0.0215930938720703 -0.57318115234375 0.57257080078125
-0.0186176300048828 -0.0289154052734375 0.16717529296875 0.636962890625
-0.01409912109375 -0.0191078186035156 0.401824951171875 0.232391357421875
-0.000977277755737305 0.00306510925292969 0.2681884765625 -0.193008422851563
-0.0054483413696289 -0.00823593139648438 0.065643310546875 -0.332977294921875
-0.0167312622070312 -0.0198345184326172 -0.032318115234375 0.264862060546875
0.00957107543945313 -0.03912353515625 -0.273880004882813 0.0575408935546875
0.000953674316406251 -0.0361862182617188 -0.29827880859375 -0.360107421875
0.0186271667480469 -0.0229873657226563 0.1571044921875 -0.627197265625
-0.00364208221435547 0.00799465179443359 0.77996826171875 -0.187744140625
-0.0216388702392578 0.0110054016113281 0.7197265625 0.5728759765625
0.00474739074707031 0.00230932235717773 0.10723876953125 0.567626953125
0.0100593566894531 0.0124492645263672 0.0437164306640625 -0.0248603820800781
0.0150127410888672 0.0187397003173828 -0.26953125 -0.58331298828125
0.00700807571411133 -0.00406789779663086 -0.86236572265625 -0.24346923828125
-0.00823593139648438 -0.0267887115478516 -0.55926513671875 0.57879638671875
-0.0200271606445313 -0.0369796752929688 0.17926025390625 0.63092041015625
-0.0201244354248047 -0.0274982452392578 0.400482177734375 0.225555419921875
-0.00658941268920898 -0.00507688522338867 0.260787963867188 -0.194107055664063
-0.00317096710205078 -0.0122194290161133 0.0552978515625 -0.328460693359375
-0.0127162933349609 -0.0236988067626953 -0.0416717529296875 0.271133422851563
0.00581741333007812 -0.0474205017089844 -0.282257080078125 0.064849853515625
-8.392333984375E-05 -0.0426368713378906 -0.302734375 -0.35888671875
0.0190620422363281 -0.0261859893798828 0.15484619140625 -0.63104248046875
-0.009033203125 0.00286293029785156 0.781005859375 -0.18994140625
-0.0333881378173828 -0.00571632385253906 0.71649169921875 0.5625
-0.00142669677734375 -0.029876708984375 0.106292724609375 0.553558349609375
0.0126457214355469 -0.0245513916015625 0.04864501953125 -0.0382766723632813
0.0025029182434082 -0.00532865524291992 -0.274169921875 -0.59588623046875
-0.00543689727783203 -0.0110569000244141 -0.86541748046875 -0.2469482421875
-0.0112113952636719 -0.0287837982177734 -0.5556640625 0.57720947265625
-0.0206069946289062 -0.0388565063476563 0.1785888671875 0.62896728515625
-0.0215625762939453 -0.0328769683837891 0.398773193359375 0.226409912109375
-0.00827693939208985 -0.0115852355957031 0.255081176757813 -0.187973022460937
0.000186920166015623 -0.0171260833740234 0.043182373046875 -0.32196044921875
-0.00790786743164062 -0.0272846221923828 -0.0499725341796875 0.279373168945313
0.00372695922851562 -0.0513496398925781 -0.289306640625 0.0845642089843751
-0.000675201416015627 -0.0398826599121094 -0.3240966796875 -0.340240478515625
0.0174922943115234 -0.0230464935302734 0.11505126953125 -0.6361083984375
-0.0177669525146484 0.000650405883789065 0.7628173828125 -0.23663330078125
-0.0506439208984375 -0.0240707397460937 0.7393798828125 0.51507568359375
-0.00828933715820313 -0.0668258666992188 0.131256103515625 0.5426025390625
0.0205764770507812 -0.0681686401367188 0.0552825927734375 -0.03228759765625
-0.0093536376953125 -0.0373764038085938 -0.24945068359375 -0.609619140625
-0.0221347808837891 -0.0215435028076172 -0.85980224609375 -0.29296875
-0.0177211761474609 -0.0254859924316406 -0.59014892578125 0.5487060546875
-0.0174598693847656 -0.03619384765625 0.14727783203125 0.64373779296875
-0.0186882019042969 -0.0323219299316406 0.38751220703125 0.2510986328125
-0.00942611694335938 -0.0172748565673828 0.25225830078125 -0.17059326171875
0.00687217712402344 -0.0214633941650391 0.03485107421875 -0.31689453125
-0.012791633605957 -0.0159368515014648 -0.0204010009765625 0.267181396484375
0.0301189422607422 -0.00230026245117188 -0.253982543945312 0.126327514648438
0.0240135192871094 0.0333614349365234 -0.370025634765625 -0.26495361328125
0.00866317749023437 0.0404891967773438 -0.0579223632812501 -0.6181640625
-0.0258026123046875 0.0381011962890625 0.62823486328125 -0.40838623046875
-0.020477294921875 0.00449752807617187 0.84765625 0.31378173828125
0.0359458923339844 0.00564956665039063 0.2725830078125 0.58746337890625
0.0386543273925781 0.0404319763183594 0.0523681640625 0.110092163085938
0.0455093383789063 0.0232658386230469 -0.098236083984375 -0.559326171875
0.0182704925537109 -0.00752639770507812 -0.75408935546875 -0.488037109375
-0.0283317565917969 0.00390052795410156 -0.76055908203125 0.39202880859375
-0.0163745880126953 0.0288639068603516 -0.0290527343750001 0.69384765625
0.00737380981445312 0.0344219207763672 0.339752197265625 0.35870361328125
0.0245723724365234 0.0295581817626953 0.287811279296875 -0.11273193359375
0.00990486145019531 -0.0059356689453125 0.0789794921875 -0.32305908203125
-0.0179252624511719 -0.0109786987304688 -0.012847900390625 0.26104736328125
0.0293865203857422 -0.00330734252929688 -0.254562377929688 0.095855712890625
0.0177001953125 0.0231971740722656 -0.34759521484375 -0.295166015625
0.00596046447753906 0.0289993286132813 0.00274658203125001 -0.62646484375
-0.0205097198486328 0.0324325561523438 0.6761474609375 -0.35150146484375
-0.0103664398193359 0.012939453125 0.8251953125 0.39337158203125
0.0362472534179688 0.0249900817871094 0.23040771484375 0.59716796875
0.0299873352050781 0.0583229064941406 0.0460433959960938 0.083984375
0.045166015625 0.0382957458496094 -0.142303466796875 -0.559661865234375
0.0225849151611328 -0.000888824462890625 -0.78936767578125 -0.41693115234375
-0.0197544097900391 0.000312805175781252 -0.7109375 0.45501708984375
-0.0141220092773438 0.0145416259765625 0.0311279296875 0.6851806640625
0.00510406494140625 0.0225391387939453 0.363983154296875 0.322052001953125
0.0198631286621094 0.0249767303466797 0.28662109375 -0.139404296875
0.0026555061340332 -0.00457668304443359 0.082000732421875 -0.33001708984375
-0.0200824737548828 -0.0106258392333984 -0.01385498046875 0.258148193359375
0.0236167907714844 -0.00877952575683594 -0.256011962890625 0.075286865234375
0.0109653472900391 0.00862693786621094 -0.327911376953125 -0.323089599609375
0.00739765167236328 0.0145273208618164 0.0611572265625 -0.6287841796875
-0.0143814086914062 0.0262489318847656 0.7183837890625 -0.29058837890625
-0.00513648986816406 0.0205020904541016 0.79034423828125 0.4661865234375
0.0310516357421875 0.0363502502441406 0.1820068359375 0.59735107421875
0.0226402282714844 0.0635414123535156 0.041961669921875 0.0539283752441406
0.0422592163085938 0.0450363159179688 -0.188995361328125 -0.5601806640625
0.0239677429199219 0.00374412536621094 -0.8201904296875 -0.34381103515625
-0.0129766464233398 -0.0071268081665039 -0.6556396484375 0.50958251953125
-0.0143251419067383 -0.00116920471191406 0.0924682617187501 0.6678466796875
-0.000333309173583984 0.00753927230834961 0.384674072265625 0.282958984375
0.013397216796875 0.0192432403564453 0.281646728515625 -0.164337158203125
-0.0010371208190918 -0.00493335723876953 0.079376220703125 -0.332855224609375
-0.0201702117919922 -0.0108261108398437 -0.016448974609375 0.257720947265625
0.0188331604003906 -0.0186347961425781 -0.260009765625 0.062103271484375
0.0072789192199707 -0.00855684280395508 -0.308929443359375 -0.3431396484375
0.0105924606323242 -0.000935554504394531 0.11090087890625 -0.62744140625
-0.00919723510742188 0.0203094482421875 0.74920654296875 -0.2369384765625
-0.00632667541503906 0.0233650207519531 0.75555419921875 0.5252685546875
0.0214004516601563 0.0356712341308594 0.1435546875 0.590087890625
0.0157546997070312 0.0568161010742188 0.040008544921875 0.0228309631347656
0.0354652404785156 0.0430221557617188 -0.22802734375 -0.5634765625
0.0218257904052734 0.00292587280273438 -0.84051513671875 -0.28741455078125
-0.0103378295898438 -0.01446533203125 -0.60491943359375 0.54693603515625
-0.0156278610229492 -0.0167207717895508 0.1380615234375 0.64935302734375
-0.00722932815551758 -0.00695705413818359 0.39654541015625 0.252960205078125
0.00589942932128906 0.0108232498168945 0.275405883789063 -0.1834716796875
-0.00457239151000976 -0.00560188293457031 0.074249267578125 -0.334014892578125
-0.0198936462402344 -0.0145587921142578 -0.023651123046875 0.258514404296875
0.0144538879394531 -0.0301475524902344 -0.265029907226563 0.056732177734375
0.00369834899902344 -0.0251655578613281 -0.298126220703125 -0.35418701171875
0.0151138305664063 -0.0140247344970703 0.14239501953125 -0.62628173828125
-0.00472736358642578 0.0136928558349609 0.7679443359375 -0.19976806640625
-0.0119743347167969 0.0200843811035156 0.72821044921875 0.55908203125
0.0121746063232422 0.0237884521484375 0.11474609375 0.5789794921875
0.0110969543457031 0.0385627746582031 0.0408859252929687 -0.00442886352539062
0.0270786285400391 0.0345420837402344 -0.254638671875 -0.57098388671875
0.016942024230957 0.00151920318603516 -0.85162353515625 -0.25469970703125
-0.00822067260742188 -0.0212192535400391 -0.571533203125 0.56951904296875
-0.0193424224853516 -0.028289794921875 0.16717529296875 0.63616943359375
-0.0148143768310547 -0.0187301635742188 0.40185546875 0.23211669921875
-0.000669717788696289 0.0032801628112793 0.267059326171875 -0.192733764648438
-0.00470495223999024 -0.0079803466796875 0.065216064453125 -0.332183837890625
-0.0173892974853516 -0.0190658569335938 -0.031494140625 0.262985229492187
0.00859451293945313 -0.0399017333984375 -0.272811889648438 0.058258056640625
0.00110626220703125 -0.0375480651855469 -0.2962646484375 -0.358123779296875
0.0190162658691406 -0.0234413146972656 0.15533447265625 -0.6258544921875
-0.00425052642822266 0.00836658477783203 0.77520751953125 -0.1884765625
-0.0206890106201172 0.0109729766845703 0.71575927734375 0.568603515625
0.00382566452026367 0.00185251235961914 0.10528564453125 0.56488037109375
0.0102691650390625 0.0114116668701172 0.0440711975097656 -0.0236053466796875
0.0156974792480469 0.0181026458740234 -0.26702880859375 -0.58099365234375
0.0071563720703125 -0.00405406951904297 -0.85833740234375 -0.24267578125
-0.00832748413085938 -0.0264759063720703 -0.55694580078125 0.57525634765625
-0.0203361511230469 -0.037017822265625 0.17938232421875 0.62841796875
-0.0195198059082031 -0.0279788970947266 0.40032958984375 0.22528076171875
-0.00514602661132813 -0.00604677200317383 0.25994873046875 -0.191986083984375
-0.00393009185791016 -0.0116796493530273 0.05517578125 -0.32733154296875
-0.0131950378417969 -0.0236034393310547 -0.0411224365234375 0.270233154296875
0.00562286376953125 -0.0474433898925781 -0.280502319335937 0.0654907226562501
8.39233398437458E-05 -0.0423774719238281 -0.3021240234375 -0.35797119140625
0.0204944610595703 -0.0265159606933594 0.1529541015625 -0.628173828125
-0.00931644439697266 0.00335693359375 0.77752685546875 -0.19110107421875
-0.0335731506347656 -0.0062255859375 0.7135009765625 0.560791015625
-0.00214195251464843 -0.0288352966308594 0.103851318359375 0.55169677734375
0.012481689453125 -0.0241565704345703 0.0491714477539062 -0.0376853942871094
0.00281000137329102 -0.00557136535644531 -0.27056884765625 -0.59417724609375
-0.00481891632080078 -0.0116901397705078 -0.86297607421875 -0.2459716796875
-0.0114974975585938 -0.0270519256591797 -0.55340576171875 0.57684326171875
-0.0208168029785156 -0.0383071899414063 0.1807861328125 0.62774658203125
-0.0202980041503906 -0.0316543579101563 0.396942138671875 0.22698974609375
-0.00833320617675781 -0.012446403503418 0.252761840820313 -0.188247680664063
0.00032806396484375 -0.0168638229370117 0.0430908203125 -0.321563720703125
-0.008056640625 -0.0270328521728516 -0.0496673583984375 0.277374267578125
0.00257110595703124 -0.0522499084472656 -0.28759765625 0.0860595703125
-0.00116729736328125 -0.0401802062988281 -0.322418212890625 -0.338653564453125
0.0171661376953125 -0.0228462219238281 0.11279296875 -0.63458251953125
-0.0185928344726562 0.000400543212890622 0.758544921875 -0.23663330078125
-0.0500144958496094 -0.0237464904785156 0.73675537109375 0.51177978515625
-0.009429931640625 -0.0665550231933594 0.12939453125 0.542510986328125
0.0193443298339844 -0.0682487487792969 0.0548591613769531 -0.0317878723144531
-0.00904464721679687 -0.0371017456054688 -0.24554443359375 -0.60595703125
-0.0209274291992187 -0.0223464965820313 -0.854736328125 -0.29486083984375
-0.0173492431640625 -0.0247478485107422 -0.58612060546875 0.54833984375
-0.0177173614501953 -0.0348186492919922 0.14849853515625 0.6414794921875
-0.0182056427001953 -0.0323638916015625 0.385406494140625 0.25018310546875
-0.00804424285888672 -0.0168190002441406 0.250289916992187 -0.16986083984375
0.00560760498046875 -0.0216827392578125 0.034637451171875 -0.31640625
-0.0130519866943359 -0.0159273147583008 -0.0204925537109375 0.2667236328125
0.0300712585449219 -0.00326728820800781 -0.253448486328125 0.12591552734375
0.0245952606201172 0.0337810516357422 -0.369354248046875 -0.26336669921875
0.00860595703124999 0.040283203125 -0.05792236328125 -0.61700439453125
-0.0261344909667969 0.037811279296875 0.62738037109375 -0.407470703125
-0.0197315216064453 0.00384902954101562 0.845703125 0.31298828125
0.0359230041503906 0.006134033203125 0.2686767578125 0.5872802734375
0.0375328063964844 0.0408859252929688 0.052490234375 0.110267639160156
0.0461578369140625 0.0227470397949219 -0.095489501953125 -0.556427001953125
0.0186977386474609 -0.00818252563476563 -0.751953125 -0.4884033203125
-0.0276203155517578 0.00330162048339844 -0.75799560546875 0.3909912109375
-0.01739501953125 0.0286331176757813 -0.02972412109375 0.69366455078125
0.00699424743652344 0.0344352722167969 0.33978271484375 0.35693359375
0.025146484375 0.0287857055664063 0.28790283203125 -0.11163330078125
0.00872182846069336 -0.00687026977539063 0.079376220703125 -0.323455810546875
-0.0178775787353516 -0.0105991363525391 -0.01385498046875 0.260787963867188
0.0294685363769531 -0.00428199768066406 -0.25372314453125 0.0964050292968751
0.0181713104248047 0.0238208770751953 -0.34716796875 -0.2940673828125
0.00677680969238281 0.0281829833984375 0.00299072265625005 -0.62664794921875
-0.0210723876953125 0.0323944091796875 0.67449951171875 -0.35076904296875
-0.0104541778564453 0.0128507614135742 0.82135009765625 0.39068603515625
0.0360527038574219 0.0252609252929688 0.22601318359375 0.595703125
0.0300674438476563 0.0580978393554688 0.0467758178710938 0.0837478637695313
0.0452537536621094 0.0382957458496094 -0.1409912109375 -0.5565185546875
0.0230026245117188 -9.5367431640625E-06 -0.78643798828125 -0.414794921875
-0.0195789337158203 0.000143051147460938 -0.71002197265625 0.45318603515625
-0.0148296356201172 0.0146141052246094 0.03277587890625 0.6827392578125
0.00489044189453125 0.0222606658935547 0.363983154296875 0.3216552734375
0.0207462310791016 0.0252399444580078 0.285888671875 -0.13885498046875
0.00349330902099609 -0.00425553321838379 0.081298828125 -0.328857421875
-0.0195026397705078 -0.0100765228271484 -0.01318359375 0.257522583007813
0.0248908996582031 -0.0104827880859375 -0.255294799804688 0.07623291015625
0.011932373046875 0.00788116455078125 -0.32568359375 -0.321624755859375
0.00675201416015625 0.0134172439575195 0.0611572265625001 -0.62786865234375
-0.0155277252197266 0.0264797210693359 0.71746826171875 -0.29193115234375
-0.00456619262695313 0.0203647613525391 0.7872314453125 0.4644775390625
0.0309219360351562 0.0365447998046875 0.1785888671875 0.5958251953125
0.0219459533691406 0.063934326171875 0.0416450500488281 0.0550994873046875
0.0426788330078125 0.0443649291992188 -0.186553955078125 -0.558685302734375
0.0244121551513672 0.00321197509765625 -0.81884765625 -0.34124755859375
-0.0133829116821289 -0.00627708435058594 -0.65423583984375 0.510009765625
-0.01470947265625 -0.00174808502197265 0.0933227539062499 0.66632080078125
-1.38282775878906E-05 0.00796699523925781 0.384796142578125 0.28192138671875
0.0135860443115234 0.0196647644042969 0.282440185546875 -0.1644287109375
-0.00149679183959961 -0.00463771820068359 0.079742431640625 -0.332183837890625
-0.0198307037353516 -0.00965118408203125 -0.016754150390625 0.25714111328125
0.01947021484375 -0.0197124481201172 -0.25927734375 0.062255859375
0.00744104385375976 -0.00827312469482422 -0.307586669921875 -0.3416748046875
0.0108623504638672 -0.0003662109375 0.111572265625 -0.62554931640625
-0.00903701782226562 0.0202064514160156 0.748779296875 -0.23455810546875
-0.00658798217773437 0.0232353210449219 0.753173828125 0.5218505859375
0.0213966369628906 0.035308837890625 0.14044189453125 0.58868408203125
0.0154571533203125 0.0572662353515625 0.0406875610351563 0.0231742858886719
0.0361671447753906 0.0430450439453125 -0.2254638671875 -0.561614990234375
0.0221824645996094 0.00323295593261719 -0.8382568359375 -0.2877197265625
-0.00898456573486328 -0.014857292175293 -0.6046142578125 0.54803466796875
-0.0170879364013672 -0.0164699554443359 0.136962890625 0.64862060546875
-0.00575876235961914 -0.00674724578857422 0.395660400390625 0.25189208984375
0.00723457336425781 0.0109443664550781 0.274871826171875 -0.18206787109375
-0.00443792343139649 -0.00569820404052734 0.074249267578125 -0.333892822265625
-0.0195484161376953 -0.0143489837646484 -0.023406982421875 0.257034301757812
0.0136337280273438 -0.0306243896484375 -0.265106201171875 0.056610107421875
0.00346565246582031 -0.0249557495117188 -0.296234130859375 -0.3543701171875
0.0154829025268555 -0.014068603515625 0.1434326171875 -0.6234130859375
-0.00541114807128906 0.0136585235595703 0.76702880859375 -0.2008056640625
-0.0116558074951172 0.0199947357177734 0.72540283203125 0.556640625
0.0119361877441406 0.0229263305664063 0.11358642578125 0.5771484375
0.0108146667480469 0.0391693115234375 0.0412635803222656 -0.00334930419921875
0.0265007019042969 0.0339813232421875 -0.25128173828125 -0.57000732421875
0.0166482925415039 0.000821113586425781 -0.84942626953125 -0.2513427734375
-0.0084381103515625 -0.0210895538330078 -0.569580078125 0.5687255859375
-0.0201396942138672 -0.0288181304931641 0.16741943359375 0.63555908203125
-0.0140628814697266 -0.0187168121337891 0.40008544921875 0.232086181640625
0.000407218933105469 0.00325989723205566 0.266357421875 -0.19293212890625
-0.00546646118164063 -0.0087437629699707 0.065582275390625 -0.33245849609375
-0.0169696807861328 -0.0188255310058594 -0.0319366455078125 0.261825561523438
0.00812149047851563 -0.0408706665039063 -0.271697998046875 0.059600830078125
0.000972747802734377 -0.0368003845214844 -0.295379638671875 -0.357177734375
0.0189704895019531 -0.0239372253417969 0.1541748046875 -0.624267578125
-0.00513744354248047 0.00876474380493164 0.77484130859375 -0.1854248046875
-0.0205802917480469 0.01019287109375 0.71240234375 0.566650390625
0.0025639533996582 0.00178241729736328 0.10198974609375 0.56396484375
0.00978851318359375 0.012725830078125 0.0439033508300781 -0.0225906372070312
0.0155086517333984 0.0181407928466797 -0.26287841796875 -0.5794677734375
0.0081629753112793 -0.00449562072753906 -0.85687255859375 -0.24267578125
-0.00855445861816406 -0.0262699127197266 -0.55645751953125 0.57476806640625
-0.0213165283203125 -0.0364990234375 0.17657470703125 0.62841796875
-0.0187339782714844 -0.0278949737548828 0.3995361328125 0.224853515625
-0.00496673583984375 -0.0050959587097168 0.259231567382813 -0.19195556640625
-0.00428867340087891 -0.0126209259033203 0.054107666015625 -0.32708740234375
-0.0126094818115234 -0.0235576629638672 -0.04058837890625 0.270111083984375
0.00563430786132812 -0.0487899780273438 -0.279693603515625 0.0665283203125
0.000747680664062497 -0.0427093505859375 -0.3004150390625 -0.3548583984375
0.0204486846923828 -0.0261631011962891 0.15142822265625 -0.62939453125
-0.00959491729736328 0.00290203094482422 0.77398681640625 -0.1898193359375
-0.0334968566894531 -0.00564765930175781 0.7108154296875 0.558837890625
-0.00264739990234375 -0.0298080444335938 0.1015625 0.55035400390625
0.0115890502929688 -0.0249137878417969 0.0494499206542969 -0.0380134582519531
0.00311183929443359 -0.00563764572143555 -0.268310546875 -0.59246826171875
-0.00486373901367188 -0.0118656158447266 -0.8599853515625 -0.24700927734375
-0.01171875 -0.0273036956787109 -0.5535888671875 0.5758056640625
-0.021026611328125 -0.0382804870605469 0.17999267578125 0.6259765625
-0.0207805633544922 -0.0323486328125 0.396453857421875 0.22515869140625
-0.00843620300292969 -0.0121898651123047 0.251144409179688 -0.18792724609375
-0.000464439392089843 -0.0165615081787109 0.04302978515625 -0.32080078125
-0.00804901123046875 -0.0271053314208984 -0.0485382080078125 0.276290893554688
0.0028533935546875 -0.0525474548339844 -0.285980224609375 0.08660888671875
-2.67028808593757E-05 -0.0403175354003906 -0.322174072265625 -0.33795166015625
0.0181083679199219 -0.0234947204589844 0.1146240234375 -0.6343994140625
-0.0189552307128906 0.0010223388671875 0.75689697265625 -0.23760986328125
-0.0494880676269531 -0.024810791015625 0.73431396484375 0.51177978515625
-0.00865554809570313 -0.06719970703125 0.127655029296875 0.540252685546875
0.0197486877441406 -0.0672874450683594 0.0557899475097656 -0.0314445495605469
-0.00889205932617188 -0.0383682250976563 -0.2423095703125 -0.60382080078125
-0.0212211608886719 -0.0216426849365234 -0.85162353515625 -0.29425048828125
-0.0170707702636719 -0.0248565673828125 -0.5858154296875 0.54705810546875
-0.0180454254150391 -0.0344734191894531 0.1468505859375 0.64031982421875
-0.0174331665039063 -0.0318279266357422 0.385833740234375 0.250213623046875
-0.00829315185546875 -0.0177345275878906 0.249465942382813 -0.169479370117188
0.00620079040527344 -0.0213718414306641 0.034332275390625 -0.31591796875
-0.0123138427734375 -0.0154657363891602 -0.0200347900390625 0.265914916992188
0.0299224853515625 -0.00370025634765625 -0.25189208984375 0.1268310546875
0.0251502990722656 0.0332736968994141 -0.36785888671875 -0.26385498046875
0.00884246826171875 0.041229248046875 -0.0579833984375 -0.61669921875
-0.0262870788574219 0.0374984741210938 0.6251220703125 -0.407470703125
-0.0195655822753906 0.00378990173339844 0.8427734375 0.3109130859375
0.0363349914550781 0.00540924072265625 0.26678466796875 0.5867919921875
0.0378456115722656 0.0407791137695312 0.05145263671875 0.110267639160156
0.0462913513183594 0.0228309631347656 -0.092315673828125 -0.555755615234375
0.0189857482910156 -0.008026123046875 -0.74951171875 -0.4898681640625
-0.0282268524169922 0.004425048828125 -0.75982666015625 0.38812255859375
-0.0175647735595703 0.0283012390136719 -0.02996826171875 0.6925048828125
0.00733757019042969 0.0345554351806641 0.34051513671875 0.35772705078125
0.0257091522216797 0.0288486480712891 0.28619384765625 -0.1126708984375
0.00957298278808594 -0.00596237182617187 0.078277587890625 -0.322509765625
-0.0185146331787109 -0.0103321075439453 -0.0133819580078125 0.259963989257813
0.0295810699462891 -0.00374603271484375 -0.253524780273438 0.0969696044921875
0.0182285308837891 0.0231380462646484 -0.3482666015625 -0.29400634765625
0.00601577758789062 0.0282058715820313 0.00292968749999997 -0.625732421875
-0.0215492248535156 0.0325393676757813 0.6751708984375 -0.35028076171875
-0.0100393295288086 0.0126924514770508 0.82012939453125 0.39178466796875
0.0352096557617187 0.0252914428710937 0.22418212890625 0.59527587890625
0.0298843383789063 0.0583419799804687 0.0469894409179688 0.0848159790039063
0.0453262329101563 0.0376358032226563 -0.1387939453125 -0.55609130859375
0.0230770111083984 0.000253677368164063 -0.78497314453125 -0.41522216796875
-0.0194454193115234 -1.14440917968769E-05 -0.70965576171875 0.451904296875
-0.0155982971191406 0.0145940780639648 0.03228759765625 0.68316650390625
0.00518226623535156 0.0224742889404297 0.364349365234375 0.32220458984375
0.0208206176757813 0.0244808197021484 0.285888671875 -0.138763427734375
0.00304841995239258 -0.0044550895690918 0.08099365234375 -0.3297119140625
-0.0198783874511719 -0.00966453552246094 -0.0131378173828125 0.257080078125
0.0247154235839844 -0.0110397338867187 -0.255126953125 0.0779113769531249
0.0121688842773438 0.00831317901611328 -0.325531005859375 -0.321990966796875
0.00689601898193359 0.013371467590332 0.0615234375000001 -0.628173828125
-0.0153827667236328 0.0263309478759766 0.71575927734375 -0.28955078125
-0.00499725341796875 0.0197544097900391 0.78729248046875 0.46392822265625
0.0300521850585938 0.0359764099121094 0.17572021484375 0.59552001953125
0.0214385986328125 0.0638275146484375 0.0428047180175781 0.0547065734863281
0.043304443359375 0.044036865234375 -0.18402099609375 -0.557769775390625
0.0246162414550781 0.00266838073730469 -0.81640625 -0.3438720703125
-0.01361083984375 -0.00600051879882813 -0.65435791015625 0.5069580078125
-0.0151395797729492 -0.001434326171875 0.09228515625 0.666748046875
-0.000154018402099609 0.00703144073486328 0.384552001953125 0.283447265625
0.0149059295654297 0.0175914764404297 0.28125 -0.163909912109375
-0.00208806991577148 -0.00402951240539551 0.07940673828125 -0.33251953125
-0.0209369659423828 -0.0106410980224609 -0.0170440673828125 0.255477905273438
0.0190143585205078 -0.0207500457763672 -0.259429931640625 0.0628814697265625
0.00743579864501953 -0.00903415679931641 -0.305816650390625 -0.3424072265625
0.0111799240112305 -0.00146389007568359 0.1121826171875 -0.6259765625
-0.00981712341308593 0.0204677581787109 0.74609375 -0.2349853515625
-0.00618553161621093 0.0230903625488281 0.749755859375 0.5228271484375
0.0212688446044922 0.0348186492919922 0.13836669921875 0.58880615234375
0.0144882202148438 0.0570220947265625 0.0403671264648438 0.0235671997070313
0.0361366271972656 0.042816162109375 -0.221893310546875 -0.5604248046875
0.0226726531982422 0.00249862670898438 -0.83575439453125 -0.29022216796875
-0.0102100372314453 -0.0137233734130859 -0.60479736328125 0.5478515625
-0.0176563262939453 -0.0164146423339844 0.13751220703125 0.64788818359375
-0.00704097747802734 -0.00626564025878906 0.3963623046875 0.25360107421875
0.00694084167480469 0.0107660293579102 0.273956298828125 -0.183273315429688
-0.00525236129760742 -0.0050358772277832 0.074005126953125 -0.3338623046875
-0.0192298889160156 -0.0139350891113281 -0.0225372314453125 0.257156372070312
0.0137443542480469 -0.0317001342773438 -0.264175415039063 0.0578765869140625
0.0038299560546875 -0.0249614715576172 -0.296875 -0.353546142578125
0.0158290863037109 -0.0148935317993164 0.14361572265625 -0.62420654296875
-0.00618267059326172 0.0143976211547852 0.76446533203125 -0.1968994140625
-0.0119113922119141 0.0200748443603516 0.7232666015625 0.556396484375
0.0117759704589844 0.0232658386230469 0.11077880859375 0.57733154296875
0.0102157592773437 0.0389442443847656 0.0413475036621094 -0.00246810913085937
0.0271377563476563 0.0337963104248047 -0.24859619140625 -0.56829833984375
0.0166406631469727 0.00126934051513672 -0.84832763671875 -0.25250244140625
-0.00870513916015625 -0.0207672119140625 -0.57025146484375 0.56884765625
-0.0199203491210937 -0.0284328460693359 0.1678466796875 0.63519287109375
-0.0128116607666016 -0.0182056427001953 0.401092529296875 0.23236083984375
0.000676870346069336 0.00293231010437012 0.266143798828125 -0.192291259765625
-0.00589847564697266 -0.00748205184936524 0.065643310546875 -0.332275390625
-0.0169696807861328 -0.0188579559326172 -0.030242919921875 0.260467529296875
0.00859069824218749 -0.041534423828125 -0.271682739257813 0.059234619140625
0.00163650512695313 -0.0373725891113281 -0.294891357421875 -0.35614013671875
0.0191326141357422 -0.0236434936523438 0.1544189453125 -0.62359619140625
-0.00540637969970703 0.00820159912109375 0.773193359375 -0.1849365234375
-0.0206756591796875 0.0101604461669922 0.7098388671875 0.56719970703125
0.00391936302185059 0.0023961067199707 0.10101318359375 0.56427001953125
0.00849151611328125 0.0120754241943359 0.0452194213867188 -0.0221748352050781
0.0159931182861328 0.0184535980224609 -0.26025390625 -0.57818603515625
0.00873899459838867 -0.00462150573730469 -0.85418701171875 -0.24273681640625
-0.00897598266601563 -0.0256118774414062 -0.5567626953125 0.5732421875
-0.0218658447265625 -0.0363273620605469 0.177978515625 0.6287841796875
-0.0186386108398437 -0.0270462036132813 0.40008544921875 0.225341796875
-0.00377225875854492 -0.00565242767333984 0.25848388671875 -0.193115234375
-0.00465297698974609 -0.0114765167236328 0.055023193359375 -0.328033447265625
-0.0129184722900391 -0.0233421325683594 -0.0413360595703125 0.268020629882813
0.00417327880859375 -0.0495491027832031 -0.27935791015625 0.066436767578125
0.000179290771484375 -0.0428581237792969 -0.30023193359375 -0.356048583984375
0.0205955505371094 -0.0267829895019531 0.15240478515625 -0.62713623046875
-0.0108661651611328 0.00319385528564453 0.7740478515625 -0.188720703125
-0.0327358245849609 -0.00550842285156251 0.7069091796875 0.55926513671875
-0.00328445434570313 -0.0296611785888672 0.10040283203125 0.54730224609375
0.0118846893310547 -0.0241794586181641 0.0500373840332031 -0.0371971130371094
0.00216341018676758 -0.00575160980224609 -0.266845703125 -0.5899658203125
-0.00436973571777344 -0.0123472213745117 -0.85760498046875 -0.24835205078125
-0.012847900390625 -0.0268115997314453 -0.55230712890625 0.5732421875
-0.0211982727050781 -0.0384330749511719 0.18035888671875 0.628173828125
-0.0197639465332031 -0.0314521789550781 0.39776611328125 0.226348876953125
-0.00709247589111328 -0.0126180648803711 0.250579833984375 -0.187271118164063
-0.000431060791015625 -0.0162696838378906 0.043243408203125 -0.32135009765625
-0.00851058959960938 -0.0276279449462891 -0.048553466796875 0.276046752929687
0.000930786132812502 -0.0536346435546875 -0.2847900390625 0.086395263671875
-0.000434875488281247 -0.0408973693847656 -0.32098388671875 -0.337310791015625
0.0170459747314453 -0.0232143402099609 0.11358642578125 -0.63165283203125
-0.0191612243652344 0.000974655151367183 0.75689697265625 -0.2353515625
-0.0493087768554688 -0.0241622924804688 0.73065185546875 0.51007080078125
-0.00870895385742188 -0.0665664672851563 0.1256103515625 0.540008544921875
0.018890380859375 -0.0675086975097656 0.0560646057128906 -0.0303153991699219
-0.00854110717773438 -0.0373992919921875 -0.2403564453125 -0.603759765625
-0.0199413299560547 -0.0219783782958984 -0.8515625 -0.29376220703125
-0.0178031921386719 -0.0239810943603516 -0.586181640625 0.54534912109375
-0.0178337097167969 -0.0350894927978516 0.1468505859375 0.64056396484375
-0.0179061889648438 -0.0323810577392578 0.38458251953125 0.250701904296875
-0.00649261474609375 -0.0176296234130859 0.248748779296875 -0.170166015625
0.00563430786132812 -0.0213394165039063 0.034027099609375 -0.31597900390625
-0.0130167007446289 -0.0159492492675781 -0.020172119140625 0.266464233398438
0.0284767150878906 -0.00457572937011719 -0.252365112304688 0.12744140625
0.0254478454589844 0.0337429046630859 -0.368896484375 -0.26300048828125
0.00814056396484375 0.0403366088867188 -0.05682373046875 -0.61798095703125
-0.026123046875 0.0384864807128906 0.62640380859375 -0.40667724609375
-0.0186481475830078 0.00416755676269531 0.84112548828125 0.3125
0.0355453491210938 0.0055999755859375 0.26416015625 0.58551025390625
0.0371780395507813 0.0404891967773438 0.0521316528320313 0.110160827636719
0.0459709167480469 0.0231513977050781 -0.090087890625 -0.555450439453125
0.0197868347167969 -0.00807380676269531 -0.7503662109375 -0.489501953125
-0.0275058746337891 0.00461006164550782 -0.75823974609375 0.39007568359375
-0.0179271697998047 0.0285835266113281 -0.0291748046875 0.69488525390625
0.0077667236328125 0.0354957580566406 0.340972900390625 0.359710693359375
0.0251712799072266 0.0283126831054688 0.28680419921875 -0.11187744140625
0.00900363922119141 -0.00717639923095703 0.078948974609375 -0.32293701171875
-0.0180873870849609 -0.0100059509277344 -0.0138702392578125 0.261154174804688
0.0288238525390625 -0.00572967529296875 -0.253662109375 0.098052978515625
0.0187015533447266 0.0238780975341797 -0.34661865234375 -0.29376220703125
0.00590133666992187 0.0278892517089844 0.00195312500000006 -0.6263427734375
-0.0219440460205078 0.0325050354003906 0.6744384765625 -0.34979248046875
-0.00986385345458984 0.0121469497680664 0.81878662109375 0.39117431640625
0.0353431701660156 0.0250434875488281 0.22210693359375 0.59429931640625
0.0296745300292969 0.0583229064941406 0.046905517578125 0.085906982421875
0.0456161499023438 0.0371170043945313 -0.13580322265625 -0.556060791015625
0.0242099761962891 0.000238418579101563 -0.785400390625 -0.41656494140625
-0.0200309753417969 0.000802993774414062 -0.71038818359375 0.45098876953125
-0.0162925720214844 0.014307975769043 0.0329589843750001 0.6839599609375
0.00549697875976563 0.0224018096923828 0.36480712890625 0.3233642578125
0.0211696624755859 0.0248184204101563 0.286346435546875 -0.138702392578125
0.00316905975341797 -0.00475263595581055 0.08099365234375 -0.329864501953125
-0.0202884674072266 -0.00942230224609375 -0.0134735107421875 0.257049560546875
0.0249290466308594 -0.0118446350097656 -0.25537109375 0.0785369873046875
0.0126876831054688 0.00774955749511719 -0.3253173828125 -0.321533203125
0.00684070587158203 0.0128030776977539 0.0608520507812499 -0.62811279296875
-0.0155448913574219 0.0267677307128906 0.7169189453125 -0.28778076171875
-0.00466346740722656 0.0198993682861328 0.78509521484375 0.4644775390625
0.0302238464355469 0.0358619689941406 0.1741943359375 0.59735107421875
0.021453857421875 0.0636749267578125 0.043121337890625 0.05419921875
0.0430145263671875 0.0438461303710938 -0.180877685546875 -0.556884765625
0.0247364044189453 0.00253105163574219 -0.8167724609375 -0.34527587890625
-0.0139551162719727 -0.00661563873291015 -0.65447998046875 0.50872802734375
-0.0151357650756836 -0.00117778778076172 0.0919189453125001 0.667724609375
0.000813484191894531 0.00787830352783203 0.384979248046875 0.28387451171875
0.014373779296875 0.017852783203125 0.28155517578125 -0.164459228515625
-0.00207948684692383 -0.00473260879516602 0.080078125 -0.332855224609375
-0.0207481384277344 -0.0105648040771484 -0.0169830322265625 0.25640869140625
0.0189285278320313 -0.0210685729980469 -0.259185791015625 0.0637664794921875
0.00786590576171875 -0.00948810577392578 -0.3067626953125 -0.342803955078125
0.0105772018432617 -0.00185203552246094 0.1114501953125 -0.626953125
-0.0100212097167969 0.0212554931640625 0.74700927734375 -0.23388671875
-0.0054931640625 0.0226230621337891 0.74859619140625 0.52392578125
0.0207290649414063 0.0352363586425781 0.13580322265625 0.58892822265625
0.0145149230957031 0.0572280883789063 0.04022216796875 0.0234642028808594
0.0364112854003906 0.0427970886230469 -0.221435546875 -0.560760498046875
0.0232582092285156 0.00304412841796875 -0.83526611328125 -0.28985595703125
-0.010127067565918 -0.0133848190307617 -0.6060791015625 0.5469970703125
-0.0176143646240234 -0.0165805816650391 0.13824462890625 0.65057373046875
-0.00582504272460938 -0.00612401962280273 0.39727783203125 0.25384521484375
0.00697708129882812 0.0103988647460938 0.274337768554688 -0.182342529296875
-0.00414562225341797 -0.00550937652587891 0.07427978515625 -0.33447265625
-0.0202789306640625 -0.013946533203125 -0.0228424072265625 0.25762939453125
0.0131511688232422 -0.0323600769042969 -0.264251708984375 0.05816650390625
0.00495338439941406 -0.0256614685058594 -0.29638671875 -0.353118896484375
0.0158233642578125 -0.0151700973510742 0.144287109375 -0.62481689453125
-0.00676250457763672 0.01434326171875 0.7646484375 -0.19720458984375
-0.0106983184814453 0.0197505950927734 0.72149658203125 0.55743408203125
0.011383056640625 0.0229377746582031 0.109375 0.576416015625
0.0100250244140625 0.0397529602050781 0.0416793823242188 -0.00234603881835937
0.0274429321289063 0.0342826843261719 -0.24627685546875 -0.56707763671875
0.0168943405151367 0.000584602355957031 -0.84832763671875 -0.2532958984375
-0.00855636596679688 -0.0210723876953125 -0.57147216796875 0.56903076171875
-0.0204658508300781 -0.0283889770507812 0.16796875 0.63641357421875
-0.0137500762939453 -0.0186023712158203 0.4033203125 0.2340087890625
0.000780940055847168 0.00198864936828613 0.265914916992187 -0.192428588867188
-0.00633049011230469 -0.00752687454223633 0.065277099609375 -0.332977294921875
-0.0179176330566406 -0.0187511444091797 -0.030487060546875 0.261520385742188
0.00704574584960937 -0.0432853698730469 -0.2708740234375 0.0598907470703125
0.00196456909179687 -0.0377044677734375 -0.29443359375 -0.35723876953125
0.0199165344238281 -0.0242099761962891 0.15423583984375 -0.6248779296875
-0.00558280944824219 0.00887775421142578 0.7724609375 -0.18353271484375
-0.0201759338378906 0.0106239318847656 0.70928955078125 0.567138671875
0.00333547592163086 0.00169157981872559 0.0974121093749999 0.56317138671875
0.00812244415283203 0.0125417709350586 0.0446815490722656 -0.0218734741210938
0.0156707763671875 0.0180549621582031 -0.25933837890625 -0.57818603515625
0.00913143157958984 -0.00411033630371094 -0.8546142578125 -0.2437744140625
-0.0087127685546875 -0.0258064270019531 -0.55682373046875 0.57379150390625
-0.0227127075195313 -0.0363731384277344 0.17828369140625 0.63037109375
-0.0183315277099609 -0.0279560089111328 0.40069580078125 0.2269287109375
-0.0041046142578125 -0.00647401809692383 0.257980346679688 -0.19305419921875
-0.0048971176147461 -0.0122203826904297 0.053802490234375 -0.328094482421875
-0.0134716033935547 -0.0240211486816406 -0.0407562255859375 0.268218994140625
0.00359725952148438 -0.0506858825683594 -0.278717041015625 0.0677032470703125
0.000942230224609378 -0.0433273315429687 -0.300384521484375 -0.355133056640625
0.0207061767578125 -0.0268211364746094 0.15301513671875 -0.62884521484375
-0.0111083984375 0.00344276428222656 0.77496337890625 -0.19000244140625
-0.0330104827880859 -0.00582504272460938 0.70623779296875 0.5594482421875
-0.00301170349121094 -0.0297298431396484 0.098876953125 0.5496826171875
0.0114936828613281 -0.0242481231689453 0.0503044128417969 -0.0361404418945313
0.00286388397216797 -0.00629186630249023 -0.2637939453125 -0.5899658203125
-0.00406360626220703 -0.0117607116699219 -0.85791015625 -0.24908447265625
-0.0125808715820313 -0.0262889862060547 -0.55267333984375 0.5731201171875
-0.0216827392578125 -0.0379104614257813 0.1806640625 0.62841796875
-0.0197963714599609 -0.0315341949462891 0.3966064453125 0.2265625
-0.00710105895996094 -0.0127897262573242 0.250518798828125 -0.187408447265625
-0.00034332275390625 -0.0167875289916992 0.043548583984375 -0.32159423828125
-0.00926017761230469 -0.0275115966796875 -0.048431396484375 0.275741577148438
0.00191116333007812 -0.0546646118164062 -0.285491943359375 0.0870971679687499
-0.0010986328125 -0.0411872863769531 -0.320465087890625 -0.3382568359375
0.0180587768554688 -0.0228214263916016 0.114013671875 -0.63299560546875
-0.0192832946777344 0.000564575195312496 0.7557373046875 -0.234375
-0.0492706298828125 -0.0244636535644531 0.72906494140625 0.50927734375
-0.00981903076171876 -0.0672836303710938 0.122711181640625 0.540191650390625
0.0189590454101562 -0.0665779113769531 0.056793212890625 -0.0303153991699219
-0.00793075561523438 -0.0377044677734375 -0.2379150390625 -0.60382080078125
-0.0201568603515625 -0.0222301483154297 -0.8502197265625 -0.29669189453125
-0.0173854827880859 -0.0240154266357422 -0.5865478515625 0.54656982421875
-0.0185909271240234 -0.0346450805664062 0.1478271484375 0.641845703125
-0.0171585083007813 -0.0321235656738281 0.3868408203125 0.251800537109375
-0.00690269470214844 -0.0185298919677734 0.249114990234375 -0.17022705078125
0.00557327270507812 -0.021484375 0.033905029296875 -0.31561279296875
-0.0136117935180664 -0.0159912109375 -0.0201568603515625 0.267959594726562
0.0294761657714844 -0.00593948364257813 -0.251388549804688 0.129531860351563
0.0256538391113281 0.0329074859619141 -0.36920166015625 -0.2625732421875
0.00909042358398438 0.0398635864257813 -0.0574951171874999 -0.62066650390625
-0.0269126892089844 0.0389518737792969 0.62908935546875 -0.40869140625
-0.0193500518798828 0.00335121154785156 0.84228515625 0.31231689453125
0.035430908203125 0.0058746337890625 0.26348876953125 0.588623046875
0.0376052856445313 0.0412216186523438 0.051666259765625 0.111015319824219
0.0455245971679688 0.0223922729492188 -0.0889892578125 -0.556365966796875
0.019378662109375 -0.00775146484375 -0.74920654296875 -0.4910888671875
-0.0273208618164062 0.00465583801269531 -0.7620849609375 0.3900146484375
-0.0188446044921875 0.0287303924560547 -0.0300292968750001 0.69677734375
0.00858116149902344 0.0345649719238281 0.3416748046875 0.36077880859375
0.0270557403564453 0.0286064147949219 0.288116455078125 -0.1119384765625
0.00886726379394531 -0.00733375549316406 0.078948974609375 -0.32452392578125
-0.01837158203125 -0.00968742370605469 -0.0131072998046875 0.26165771484375
0.0293025970458984 -0.00578498840332031 -0.253524780273438 0.098358154296875
0.0196743011474609 0.0235538482666016 -0.347869873046875 -0.29376220703125
0.00733184814453125 0.0281982421875 0.00250244140624994 -0.62835693359375
-0.0215206146240234 0.0324287414550781 0.676025390625 -0.3511962890625
-0.0100641250610352 0.0125131607055664 0.81982421875 0.3897705078125
0.0351123809814453 0.0246677398681641 0.2200927734375 0.59765625
0.0285720825195313 0.0585174560546875 0.0470657348632813 0.0866241455078125
0.0459251403808594 0.0372886657714844 -0.13433837890625 -0.555908203125
0.0242691040039063 -0.000469207763671875 -0.78448486328125 -0.41717529296875
-0.0200824737548828 0.00105094909667969 -0.7120361328125 0.45281982421875
-0.0161466598510742 0.0149383544921875 0.0323486328125 0.68634033203125
0.0063629150390625 0.0227127075195313 0.367523193359375 0.32403564453125
0.0216827392578125 0.0239105224609375 0.2862548828125 -0.1387939453125
0.00227785110473633 -0.00499057769775391 0.080963134765625 -0.331512451171875
-0.0203037261962891 -0.00966262817382813 -0.0131683349609375 0.257614135742188
0.0240745544433594 -0.0129890441894531 -0.25640869140625 0.078460693359375
0.0129232406616211 0.00836467742919922 -0.32623291015625 -0.32183837890625
0.00762176513671875 0.0128326416015625 0.0616455078124999 -0.63037109375
-0.0166549682617188 0.0265350341796875 0.716552734375 -0.28912353515625
-0.0044097900390625 0.0202102661132812 0.78594970703125 0.4654541015625
0.0294609069824219 0.0361251831054688 0.17303466796875 0.59686279296875
0.0212631225585938 0.0639839172363281 0.0433349609375 0.0555000305175781
0.0430717468261719 0.0448417663574219 -0.17828369140625 -0.5576171875
0.0247573852539063 0.00225639343261719 -0.81854248046875 -0.34710693359375
-0.0145559310913086 -0.0056304931640625 -0.656982421875 0.50848388671875
-0.0161314010620117 -0.00110530853271484 0.09271240234375 0.67095947265625
0.000945091247558593 0.00777626037597656 0.387420654296875 0.286346435546875
0.0157451629638672 0.0180816650390625 0.282623291015625 -0.16546630859375
-0.00239658355712891 -0.00454425811767578 0.079345703125 -0.335113525390625
-0.0207996368408203 -0.0108585357666016 -0.017333984375 0.256851196289063
0.0185317993164063 -0.0220279693603516 -0.2593994140625 0.0646209716796875
0.00823879241943359 -0.00934314727783203 -0.308685302734375 -0.341522216796875
0.0114774703979492 -0.00148391723632813 0.11187744140625 -0.62847900390625
-0.0102653503417969 0.0208377838134766 0.748291015625 -0.23468017578125
-0.00540351867675781 0.0223655700683594 0.74945068359375 0.52386474609375
0.0201683044433594 0.0354347229003906 0.13446044921875 0.59063720703125
0.0152435302734375 0.058502197265625 0.0411758422851563 0.0253219604492188
0.0368194580078125 0.0431747436523438 -0.21905517578125 -0.5621337890625
0.0234012603759766 0.00296211242675781 -0.83709716796875 -0.291748046875
-0.0105295181274414 -0.0135793685913086 -0.6083984375 0.54705810546875
-0.0182075500488281 -0.0167465209960937 0.1395263671875 0.65081787109375
-0.00577163696289063 -0.006317138671875 0.398406982421875 0.254669189453125
0.00826454162597656 0.00979328155517578 0.274490356445313 -0.184051513671875
-0.00506114959716797 -0.00527048110961914 0.07440185546875 -0.3360595703125
-0.0204715728759766 -0.0145511627197266 -0.0234527587890625 0.257644653320312
0.0126705169677734 -0.0346145629882813 -0.264816284179688 0.059234619140625
0.00377273559570312 -0.0264739990234375 -0.296875 -0.352783203125
0.0156173706054688 -0.0156393051147461 0.14312744140625 -0.62725830078125
-0.006439208984375 0.0138540267944336 0.76654052734375 -0.197998046875
-0.0108699798583984 0.0194797515869141 0.72320556640625 0.55767822265625
0.0118980407714844 0.0229549407958984 0.10626220703125 0.5780029296875
0.00956344604492188 0.0394668579101563 0.0426864624023438 -0.00152969360351562
0.0274467468261719 0.0339164733886719 -0.2445068359375 -0.56890869140625
0.0182762145996094 0.000322341918945313 -0.850341796875 -0.255615234375
-0.00807952880859375 -0.0203800201416016 -0.57391357421875 0.569091796875
-0.0215892791748047 -0.0272731781005859 0.169921875 0.63934326171875
-0.0127925872802734 -0.0184574127197266 0.40411376953125 0.234588623046875
0.000857710838317871 0.00204885005950928 0.2672119140625 -0.193496704101562
-0.00623273849487305 -0.00771236419677734 0.066009521484375 -0.33392333984375
-0.0173568725585937 -0.0196247100830078 -0.0311737060546875 0.26141357421875
0.00746917724609376 -0.0433731079101563 -0.271377563476563 0.05963134765625
0.0017242431640625 -0.03839111328125 -0.296478271484375 -0.358428955078125
0.0194320678710937 -0.0247802734375 0.15411376953125 -0.62591552734375
-0.00629520416259766 0.0089569091796875 0.7745361328125 -0.1824951171875
-0.0203723907470703 0.0104789733886719 0.70904541015625 0.56878662109375
0.00275278091430664 0.00173592567443848 0.09625244140625 0.5648193359375
0.00767230987548828 0.0124282836914063 0.0465240478515625 -0.0202713012695313
0.0160694122314453 0.0180397033691406 -0.2562255859375 -0.57916259765625
0.00869035720825195 -0.00522041320800781 -0.856689453125 -0.2452392578125
-0.00934028625488281 -0.0250911712646484 -0.5596923828125 0.57501220703125
-0.0223541259765625 -0.0353927612304687 0.17962646484375 0.63153076171875
-0.0179042816162109 -0.0275688171386719 0.4031982421875 0.2269287109375
-0.00445747375488281 -0.00736093521118164 0.259109497070313 -0.195053100585938
-0.00469398498535156 -0.0123729705810547 0.055450439453125 -0.328643798828125
-0.0146598815917969 -0.0228080749511719 -0.040130615234375 0.268783569335938
0.00428009033203125 -0.0511627197265625 -0.278717041015625 0.0685272216796875
0.000850677490234373 -0.0433883666992188 -0.301239013671875 -0.355743408203125
0.0205268859863281 -0.0275917053222656 0.15399169921875 -0.6300048828125
-0.0116987228393555 0.00368881225585937 0.77642822265625 -0.18768310546875
-0.0329494476318359 -0.00664329528808593 0.707275390625 0.56024169921875
-0.00301742553710937 -0.0293159484863281 0.095733642578125 0.550018310546875
0.0108108520507813 -0.0244712829589844 0.0514106750488281 -0.0355720520019531
0.00393772125244141 -0.00595569610595703 -0.2611083984375 -0.591064453125
-0.00379371643066406 -0.0124120712280273 -0.8582763671875 -0.25018310546875
-0.0114307403564453 -0.0259571075439453 -0.55584716796875 0.573974609375
-0.0222587585449219 -0.0380821228027344 0.1806640625 0.63067626953125
-0.0189609527587891 -0.0319042205810547 0.398681640625 0.22821044921875
-0.00669670104980469 -0.0133857727050781 0.251235961914063 -0.188186645507813
-0.00067138671875 -0.0170555114746094 0.04351806640625 -0.322784423828125
-0.00984573364257813 -0.0273723602294922 -0.0483856201171875 0.275802612304688
0.00124359130859375 -0.055267333984375 -0.2855224609375 0.087921142578125
-0.000953674316406251 -0.0410881042480469 -0.320892333984375 -0.336822509765625
0.0175552368164063 -0.0239028930664063 0.114013671875 -0.6351318359375
-0.0201282501220703 0.00211715698242187 0.7586669921875 -0.23358154296875
-0.0495414733886719 -0.0246734619140625 0.72943115234375 0.512939453125
-0.00932693481445313 -0.0669746398925781 0.12030029296875 0.54217529296875
0.0188751220703125 -0.0672683715820313 0.0575981140136719 -0.0296630859375
-0.00865936279296875 -0.0375328063964844 -0.23553466796875 -0.60699462890625
-0.0197124481201172 -0.0223064422607422 -0.85235595703125 -0.29815673828125
-0.0187110900878906 -0.0235881805419922 -0.5897216796875 0.54742431640625
-0.0191020965576172 -0.0341968536376953 0.14849853515625 0.6441650390625
-0.0163383483886719 -0.0324306488037109 0.387481689453125 0.2513427734375
-0.006317138671875 -0.0192928314208984 0.249465942382813 -0.170562744140625
0.00520133972167969 -0.0213394165039063 0.034210205078125 -0.3179931640625
-0.0141544342041016 -0.0161504745483398 -0.02008056640625 0.268600463867188
0.0287628173828125 -0.00602912902832031 -0.25274658203125 0.13018798828125
0.0268516540527344 0.03302001953125 -0.3709716796875 -0.2630615234375
0.00928115844726563 0.040283203125 -0.05712890625 -0.622314453125
-0.0266075134277344 0.0386466979980469 0.62969970703125 -0.40924072265625
-0.0193595886230469 0.00374603271484375 0.84490966796875 0.31219482421875
0.0353622436523438 0.00567245483398438 0.26409912109375 0.5908203125
0.03790283203125 0.041534423828125 0.053192138671875 0.112327575683594
0.0458526611328125 0.0224189758300781 -0.089569091796875 -0.556365966796875
0.0201778411865234 -0.00859832763671875 -0.75091552734375 -0.4925537109375
-0.0287017822265625 0.005401611328125 -0.763427734375 0.3896484375
-0.0188007354736328 0.0294265747070312 -0.02996826171875 0.69927978515625
0.0084075927734375 0.0359153747558594 0.343475341796875 0.3614501953125
0.0265274047851563 0.0285530090332031 0.287841796875 -0.112457275390625
0.00841903686523438 -0.00684881210327148 0.07769775390625 -0.326690673828125
-0.0190811157226563 -0.0102329254150391 -0.0136871337890625 0.261886596679688
0.0290069580078125 -0.00685501098632813 -0.254928588867188 0.100112915039062
0.0198707580566406 0.0232143402099609 -0.348602294921875 -0.29541015625
0.00667762756347656 0.0282001495361328 0.00317382812499999 -0.630615234375
-0.0215988159179688 0.0333805084228516 0.6787109375 -0.35205078125
-0.00920009613037109 0.01251220703125 0.822021484375 0.390380859375
0.03485107421875 0.0250053405761719 0.22125244140625 0.5972900390625
0.0293235778808594 0.0586280822753906 0.0471267700195312 0.08740234375
0.0463676452636719 0.0376091003417969 -0.131927490234375 -0.558197021484375
0.0246143341064453 -0.00067138671875 -0.7874755859375 -0.42120361328125
-0.0204086303710937 0.000869750976562502 -0.7138671875 0.4537353515625
-0.0165252685546875 0.0153579711914063 0.03289794921875 0.69085693359375
0.00638771057128906 0.0232925415039062 0.369354248046875 0.326629638671875
0.0219135284423828 0.0240039825439453 0.287109375 -0.140594482421875
0.00156974792480469 -0.00495672225952149 0.080780029296875 -0.332763671875
-0.0207118988037109 -0.0100135803222656 -0.0133514404296875 0.258163452148438
0.0237941741943359 -0.0135078430175781 -0.256362915039063 0.08013916015625
0.0130462646484375 0.00786685943603516 -0.326812744140625 -0.322174072265625
0.00794792175292969 0.0135211944580078 0.0625000000000001 -0.6328125
-0.0161228179931641 0.0273532867431641 0.71990966796875 -0.29052734375
-0.00436973571777344 0.0194530487060547 0.7884521484375 0.46612548828125
0.029327392578125 0.0352210998535156 0.17181396484375 0.59869384765625
0.020843505859375 0.0648765563964844 0.0435600280761719 0.0558547973632813
0.0432968139648438 0.0444602966308594 -0.18023681640625 -0.559295654296875
0.0264472961425781 0.00324440002441406 -0.81939697265625 -0.346923828125
-0.014531135559082 -0.005523681640625 -0.6593017578125 0.51190185546875
-0.0170879364013672 -0.000592231750488278 0.0934448242187499 0.673583984375
0.00105094909667969 0.00829601287841797 0.389190673828125 0.28765869140625
0.0155706405639648 0.0168991088867188 0.282562255859375 -0.165435791015625
-0.00232553482055664 -0.00530242919921875 0.07940673828125 -0.336883544921875
-0.0211906433105469 -0.0108528137207031 -0.01666259765625 0.256927490234375
0.0186100006103516 -0.0237655639648438 -0.260116577148438 0.065277099609375
0.00764846801757812 -0.0095367431640625 -0.307891845703125 -0.341278076171875
0.0108604431152344 -0.00193691253662109 0.1114501953125 -0.63006591796875
-0.0106658935546875 0.0214252471923828 0.75140380859375 -0.23541259765625
-0.00551795959472656 0.0226459503173828 0.7515869140625 0.52484130859375
0.0196189880371094 0.035186767578125 0.13232421875 0.59259033203125
0.0138320922851563 0.0575675964355469 0.0422096252441406 0.0251541137695313
0.0372161865234375 0.0425834655761719 -0.21881103515625 -0.56298828125
0.0242233276367188 0.00258255004882813 -0.84039306640625 -0.29278564453125
-0.0102224349975586 -0.0134096145629883 -0.60894775390625 0.551513671875
-0.0187339782714844 -0.0156269073486328 0.140380859375 0.65374755859375
-0.00494384765625 -0.00577592849731445 0.400390625 0.254547119140625
0.00873088836669922 0.00895023345947266 0.275558471679688 -0.18475341796875
-0.00542497634887695 -0.0050506591796875 0.0740966796875 -0.337738037109375
-0.0205898284912109 -0.0142688751220703 -0.023101806640625 0.257797241210938
0.0120925903320312 -0.0347270965576172 -0.265228271484375 0.0603485107421875
0.00427055358886719 -0.0267353057861328 -0.297515869140625 -0.35467529296875
0.015772819519043 -0.0158872604370117 0.1435546875 -0.62884521484375
-0.00719547271728516 0.0144252777099609 0.76904296875 -0.19683837890625
-0.0111980438232422 0.0193977355957031 0.72344970703125 0.5596923828125
0.0105247497558594 0.0230808258056641 0.10626220703125 0.580322265625
0.00903701782226562 0.0403861999511719 0.0424613952636719 -0.000247955322265623
0.0275802612304688 0.0339012145996094 -0.24334716796875 -0.5706787109375
0.0180988311767578 -0.000272750854492188 -0.85345458984375 -0.2564697265625
-0.00927352905273438 -0.0202407836914062 -0.5748291015625 0.5726318359375
-0.0212516784667969 -0.027740478515625 0.1695556640625 0.6424560546875
-0.0119514465332031 -0.0179595947265625 0.407501220703125 0.23602294921875
0.00104570388793945 0.001334547996521 0.26605224609375 -0.194168090820312
-0.00639533996582031 -0.00738096237182617 0.06494140625 -0.335357666015625
-0.0184326171875 -0.0196266174316406 -0.03021240234375 0.262405395507813
0.00677871704101562 -0.044464111328125 -0.2724609375 0.06182861328125
0.0029144287109375 -0.0377883911132813 -0.295166015625 -0.358062744140625
0.01959228515625 -0.0247974395751953 0.1552734375 -0.62835693359375
-0.00693798065185547 0.00889110565185547 0.77716064453125 -0.18585205078125
-0.0200977325439453 0.0093994140625 0.71148681640625 0.56781005859375
0.00236129760742188 0.00182342529296875 0.0958251953125 0.56634521484375
0.0079946517944336 0.0137214660644531 0.0461654663085938 -0.0205039978027344
0.0167980194091797 0.0175228118896484 -0.2552490234375 -0.579833984375
0.00958442687988281 -0.00471782684326172 -0.85858154296875 -0.24627685546875
-0.00859260559082031 -0.0247917175292969 -0.560546875 0.5770263671875
-0.0233116149902344 -0.0356025695800781 0.1802978515625 0.635498046875
-0.017242431640625 -0.0265254974365234 0.405029296875 0.22833251953125
-0.00373697280883789 -0.00741958618164063 0.258453369140625 -0.195327758789063
-0.00449180603027344 -0.0118236541748047 0.054840087890625 -0.330841064453125
-0.0145587921142578 -0.0233573913574219 -0.041900634765625 0.269195556640625
0.00270080566406251 -0.0525169372558594 -0.279708862304688 0.06884765625
0.000404357910156254 -0.0438003540039063 -0.3009033203125 -0.3555908203125
0.0208969116210938 -0.0274028778076172 0.1527099609375 -0.631591796875
-0.0116033554077148 0.0035858154296875 0.77734375 -0.1885986328125
-0.0324363708496094 -0.00679779052734376 0.7078857421875 0.562744140625
-0.00364875793457031 -0.0293998718261719 0.094635009765625 0.551239013671875
0.0114536285400391 -0.0239372253417969 0.0519981384277344 -0.0357093811035156
0.00385761260986328 -0.00593948364257813 -0.25921630859375 -0.59295654296875
-0.00384140014648438 -0.0123968124389648 -0.8634033203125 -0.249755859375
-0.0116977691650391 -0.0259246826171875 -0.556884765625 0.5770263671875
-0.0222320556640625 -0.0383033752441406 0.18341064453125 0.63458251953125
-0.0196399688720703 -0.0317516326904297 0.400421142578125 0.22833251953125
-0.00708198547363281 -0.0142831802368164 0.250900268554688 -0.188873291015625
-0.00112247467041016 -0.0172214508056641 0.042816162109375 -0.32476806640625
-0.00880813598632813 -0.0272750854492187 -0.0484619140625 0.277069091796875
0.000431060791015624 -0.0563697814941406 -0.2855224609375 0.08929443359375
4.19616699218725E-05 -0.0413360595703125 -0.3216552734375 -0.337127685546875
0.0179309844970703 -0.0247039794921875 0.11376953125 -0.63763427734375
-0.0210723876953125 0.00169563293457031 0.76068115234375 -0.23492431640625
-0.049285888671875 -0.0248069763183594 0.73095703125 0.513427734375
-0.00998306274414063 -0.0675163269042969 0.1209716796875 0.543487548828125
0.0186080932617187 -0.0666732788085937 0.0580635070800781 -0.0286064147949219
-0.00828933715820313 -0.037872314453125 -0.23492431640625 -0.60662841796875
-0.0190334320068359 -0.0229988098144531 -0.85528564453125 -0.29925537109375
-0.0178127288818359 -0.0230960845947266 -0.5909423828125 0.549560546875
-0.0199375152587891 -0.0344696044921875 0.150390625 0.646240234375
-0.0164508819580078 -0.0330142974853516 0.3902587890625 0.253021240234375
-0.0067596435546875 -0.0194110870361328 0.248641967773438 -0.17108154296875
0.00469017028808594 -0.0214786529541016 0.033966064453125 -0.318328857421875
-0.014103889465332 -0.0163650512695313 -0.0193634033203125 0.269134521484375
0.0280513763427734 -0.00721931457519531 -0.253402709960937 0.1319580078125
0.0262870788574219 0.0334262847900391 -0.3731689453125 -0.263397216796875
0.00930023193359375 0.040435791015625 -0.06005859375 -0.6246337890625
-0.0269241333007812 0.0393333435058594 0.63177490234375 -0.41253662109375
-0.0195407867431641 0.00356864929199219 0.8463134765625 0.31292724609375
0.0346412658691406 0.0055999755859375 0.2645263671875 0.590576171875
0.0378646850585937 0.0415191650390625 0.0538558959960938 0.113548278808594
0.0463676452636719 0.0219078063964844 -0.0864562988281249 -0.558837890625
0.0211391448974609 -0.00786399841308594 -0.7540283203125 -0.49591064453125
-0.0288925170898437 0.00557708740234375 -0.76788330078125 0.39544677734375
-0.0191974639892578 0.0294818878173828 -0.0277709960937501 0.703369140625
0.00882339477539063 0.0362625122070313 0.346923828125 0.364288330078125
0.0281829833984375 0.0276107788085937 0.2890625 -0.113494873046875
0.00828266143798828 -0.00695657730102539 0.07830810546875 -0.32763671875
-0.0184135437011719 -0.0101108551025391 -0.0132598876953125 0.263137817382813
0.0281944274902344 -0.00822257995605469 -0.254989624023438 0.100692749023438
0.0198307037353516 0.022796630859375 -0.35107421875 -0.29388427734375
0.0073699951171875 0.0284252166748047 0.000427246093750063 -0.63427734375
-0.0229301452636719 0.0326881408691406 0.67974853515625 -0.35369873046875
-0.00901222229003906 0.0121879577636719 0.82208251953125 0.3924560546875
0.0350418090820313 0.0247097015380859 0.219482421875 0.60052490234375
0.0290374755859375 0.0583572387695313 0.0475006103515625 0.0882720947265625
0.0457038879394531 0.0378684997558594 -0.1318359375 -0.559478759765625
0.0249423980712891 -0.00123405456542969 -0.792724609375 -0.42059326171875
-0.0203170776367188 0.00100898742675781 -0.7166748046875 0.457275390625
-0.0172796249389648 0.0153360366821289 0.0339355468749999 0.6943359375
0.00646781921386718 0.0232887268066406 0.371429443359375 0.3267822265625
0.0231666564941406 0.0233592987060547 0.288543701171875 -0.1412353515625
0.00252056121826172 -0.00491857528686523 0.08111572265625 -0.334197998046875
-0.0211029052734375 -0.00910758972167969 -0.012969970703125 0.259521484375
0.023651123046875 -0.0147266387939453 -0.256134033203125 0.08099365234375
0.0135517120361328 0.00825119018554688 -0.329193115234375 -0.32232666015625
0.00758934020996094 0.0124883651733398 0.0611572265624999 -0.63482666015625
-0.0165996551513672 0.0272254943847656 0.722900390625 -0.2911376953125
-0.00413322448730469 0.0194129943847656 0.7891845703125 0.46649169921875
0.0290756225585937 0.03564453125 0.171875 0.60174560546875
0.0202293395996094 0.0651168823242188 0.0443077087402344 0.05633544921875
0.0431785583496094 0.0444488525390625 -0.178070068359375 -0.5614013671875
0.0265483856201172 0.00254631042480469 -0.82330322265625 -0.3489990234375
-0.0140800476074219 -0.00515365600585938 -0.6619873046875 0.51434326171875
-0.0171909332275391 -0.00118160247802735 0.095947265625 0.677490234375
0.00207328796386719 0.00844383239746094 0.392120361328125 0.289337158203125
0.0162925720214844 0.0167827606201172 0.282684326171875 -0.16741943359375
-0.00227260589599609 -0.0050048828125 0.079345703125 -0.3388671875
-0.0214366912841797 -0.0113849639892578 -0.0166168212890625 0.258209228515625
0.0178432464599609 -0.0248260498046875 -0.2611083984375 0.0670166015625
0.00824356079101563 -0.00974750518798828 -0.31024169921875 -0.343048095703125
0.0120763778686523 -0.00281810760498047 0.10980224609375 -0.63446044921875
-0.0110321044921875 0.0213451385498047 0.75189208984375 -0.2371826171875
-0.00503730773925781 0.0221385955810547 0.75384521484375 0.52569580078125
0.0192451477050781 0.0354232788085938 0.13232421875 0.59442138671875
0.0139656066894531 0.0578536987304688 0.0432586669921875 0.0253486633300781
0.0375938415527344 0.0432395935058594 -0.216064453125 -0.56427001953125
0.024200439453125 0.00193023681640625 -0.8424072265625 -0.292236328125
-0.0105657577514648 -0.0129232406616211 -0.6097412109375 0.55352783203125
-0.0195865631103516 -0.0157814025878906 0.14373779296875 0.65887451171875
-0.00567150115966797 -0.00655221939086914 0.403564453125 0.257293701171875
0.00852680206298828 0.00884914398193359 0.275711059570313 -0.185928344726563
-0.00608968734741211 -0.00548696517944336 0.074371337890625 -0.339569091796875
-0.0204811096191406 -0.0143356323242188 -0.0223541259765625 0.259445190429688
0.0119438171386719 -0.0358543395996094 -0.265777587890625 0.060791015625
0.00514030456542968 -0.0265769958496094 -0.298583984375 -0.353912353515625
0.0163869857788086 -0.0160179138183594 0.1441650390625 -0.6314697265625
-0.00760078430175781 0.014866828918457 0.7706298828125 -0.1982421875
-0.0113658905029297 0.0195884704589844 0.7259521484375 0.56085205078125
0.0107097625732422 0.0226421356201172 0.1053466796875 0.58184814453125
0.00905227661132812 0.0394058227539062 0.0442924499511719 -0.000366210937499998
0.0281448364257813 0.0334033966064453 -0.2435302734375 -0.5716552734375
0.0182151794433594 -0.00118064880371094 -0.85565185546875 -0.2574462890625
-0.00892066955566406 -0.0205707550048828 -0.57623291015625 0.5745849609375
-0.0222721099853516 -0.0275497436523438 0.17413330078125 0.6455078125
-0.0127410888671875 -0.0185737609863281 0.4080810546875 0.236419677734375
0.00223827362060547 -0.000434398651123047 0.26629638671875 -0.1956787109375
-0.00670909881591797 -0.00826168060302734 0.0654296875 -0.337738037109375
-0.0178699493408203 -0.01910400390625 -0.0311431884765625 0.2628173828125
0.00597763061523438 -0.0454444885253906 -0.2720947265625 0.0630798339843749
0.002197265625 -0.0390090942382813 -0.2979736328125 -0.357177734375
0.0197010040283203 -0.0257282257080078 0.15533447265625 -0.63311767578125
-0.00728130340576172 0.00928592681884766 0.779052734375 -0.1861572265625
-0.0199623107910156 0.0102939605712891 0.71307373046875 0.57061767578125
0.0015406608581543 0.00192582607269287 0.09393310546875 0.56793212890625
0.00806999206542969 0.0133657455444336 0.0469741821289062 -0.0200576782226562
0.0164299011230469 0.0180091857910156 -0.25469970703125 -0.58306884765625
0.00945377349853516 -0.00564765930175781 -0.85943603515625 -0.24737548828125
-0.00994491577148438 -0.0248012542724609 -0.56146240234375 0.5811767578125
-0.023468017578125 -0.03546142578125 0.1839599609375 0.64007568359375
-0.0174942016601563 -0.0275859832763672 0.40673828125 0.22930908203125
-0.00347518920898437 -0.00803899765014648 0.258819580078125 -0.1961669921875
-0.00545883178710938 -0.0120134353637695 0.05523681640625 -0.33270263671875
-0.0146808624267578 -0.0241279602050781 -0.039703369140625 0.269821166992188
0.00167465209960938 -0.0533981323242188 -0.28021240234375 0.0702209472656251
0.000957489013671878 -0.0437164306640625 -0.303619384765625 -0.356292724609375
0.0211372375488281 -0.0275421142578125 0.1529541015625 -0.63446044921875
-0.012324333190918 0.00480175018310547 0.78045654296875 -0.18927001953125
-0.0325946807861328 -0.00676918029785157 0.7099609375 0.5634765625
-0.00469207763671875 -0.0307331085205078 0.0930480957031249 0.554840087890625
0.0103054046630859 -0.0233383178710938 0.0521774291992188 -0.034881591796875
0.00318622589111328 -0.00633716583251953 -0.25946044921875 -0.59564208984375
-0.00292778015136719 -0.0123291015625 -0.86566162109375 -0.25140380859375
-0.0125179290771484 -0.0253200531005859 -0.55963134765625 0.58203125
-0.0238800048828125 -0.0373077392578125 0.1856689453125 0.63714599609375
-0.0199031829833984 -0.0320320129394531 0.403717041015625 0.230010986328125
-0.00642585754394531 -0.0149612426757813 0.251190185546875 -0.190811157226563
-0.00124740600585937 -0.0163669586181641 0.0426025390625 -0.32568359375
-0.0100822448730469 -0.0280666351318359 -0.0478973388671875 0.277328491210938
-0.000572204589843749 -0.0567359924316406 -0.28558349609375 0.09039306640625
-0.000293731689453127 -0.0426788330078125 -0.32257080078125 -0.33807373046875
0.0174694061279297 -0.0247306823730469 0.11297607421875 -0.63983154296875
-0.0217361450195313 0.00236320495605469 0.76214599609375 -0.23529052734375
-0.0498542785644531 -0.0251579284667969 0.7333984375 0.51434326171875
-0.0109443664550781 -0.0671882629394531 0.1187744140625 0.546295166015625
0.0187797546386719 -0.0662193298339844 0.0592155456542969 -0.0284652709960938
-0.00763320922851563 -0.0382003784179687 -0.23370361328125 -0.6087646484375
-0.0190010070800781 -0.0221214294433594 -0.85870361328125 -0.29931640625
-0.0183773040771484 -0.0230293273925781 -0.59393310546875 0.55206298828125
-0.0199680328369141 -0.0342998504638672 0.15277099609375 0.65045166015625
-0.0163326263427734 -0.0322895050048828 0.392578125 0.253082275390625
-0.0066680908203125 -0.0203514099121094 0.24908447265625 -0.172332763671875
0.00419425964355469 -0.0212631225585938 0.033050537109375 -0.32049560546875
-0.0149335861206055 -0.0170583724975586 -0.018646240234375 0.270950317382812
0.0286979675292969 -0.00725746154785156 -0.253189086914063 0.133895874023437
0.0274333953857422 0.0337562561035156 -0.375885009765625 -0.263580322265625
0.00934600830078125 0.0403251647949219 -0.06207275390625 -0.62847900390625
-0.0278282165527344 0.0391883850097656 0.63385009765625 -0.415771484375
-0.0192470550537109 0.00313949584960938 0.85150146484375 0.31201171875
0.0344314575195312 0.00489997863769531 0.2646484375 0.5938720703125
0.0371360778808594 0.0421409606933594 0.0550918579101563 0.114013671875
0.0461082458496094 0.0222091674804688 -0.086578369140625 -0.5601806640625
0.0216960906982422 -0.00868988037109375 -0.7581787109375 -0.49627685546875
-0.0284614562988281 0.00619125366210938 -0.7701416015625 0.39788818359375
-0.0199241638183594 0.0308551788330078 -0.0245361328124999 0.70849609375
0.00915145874023437 0.0364913940429687 0.350067138671875 0.3642578125
0.0283031463623047 0.0275478363037109 0.2906494140625 -0.114837646484375
0.00804710388183594 -0.00758743286132813 0.07763671875 -0.33062744140625
-0.0195102691650391 -0.00990486145019531 -0.0130615234375 0.263992309570313
0.0280380249023438 -0.00911903381347656 -0.255859375 0.103317260742188
0.0208034515380859 0.0227432250976563 -0.353607177734375 -0.294891357421875
0.00654411315917968 0.0275497436523438 -0.00158691406249998 -0.63604736328125
-0.0231113433837891 0.0341472625732422 0.68280029296875 -0.35736083984375
-0.00913906097412109 0.012822151184082 0.82684326171875 0.39208984375
0.0344619750976562 0.0245132446289062 0.22003173828125 0.6026611328125
0.0291976928710938 0.0590782165527344 0.0490570068359375 0.087982177734375
0.0466384887695312 0.0371131896972656 -0.1328125 -0.5626220703125
0.0253219604492187 -0.00120353698730469 -0.79461669921875 -0.4219970703125
-0.0203189849853516 0.00260353088378906 -0.7193603515625 0.46246337890625
-0.0174474716186523 0.0161399841308594 0.0372314453125 0.69769287109375
0.00701141357421875 0.0233993530273437 0.374847412109375 0.328704833984375
0.0234470367431641 0.0222682952880859 0.28790283203125 -0.142547607421875
0.00105428695678711 -0.00547409057617188 0.079437255859375 -0.337860107421875
-0.0210628509521484 -0.00982284545898438 -0.0123443603515625 0.260940551757813
0.0231704711914063 -0.0158157348632813 -0.258743286132813 0.08331298828125
0.0141563415527344 0.00774383544921875 -0.33172607421875 -0.322418212890625
0.00770950317382812 0.0129976272583008 0.05999755859375 -0.64019775390625
-0.0175361633300781 0.0280780792236328 0.72509765625 -0.294189453125
-0.003875732421875 0.0195274353027344 0.79290771484375 0.46630859375
0.0289764404296875 0.0355224609375 0.17242431640625 0.60418701171875
0.0205802917480469 0.0658416748046875 0.0445976257324219 0.0565338134765625
0.044036865234375 0.0438690185546875 -0.177947998046875 -0.562255859375
0.0267047882080078 0.00242424011230469 -0.82794189453125 -0.34942626953125
-0.0141897201538086 -0.00496101379394531 -0.6649169921875 0.51947021484375
-0.0185470581054688 -0.000513076782226559 0.0997924804687501 0.68121337890625
0.00187540054321289 0.00856685638427734 0.39569091796875 0.28826904296875
0.0166606903076172 0.0172529220581055 0.282958984375 -0.168487548828125
-0.00327682495117188 -0.00361490249633789 0.079345703125 -0.3411865234375
-0.0223274230957031 -0.0104560852050781 -0.01568603515625 0.259109497070313
0.0172386169433594 -0.0252819061279297 -0.26177978515625 0.0687561035156251
0.00909137725830078 -0.00967121124267578 -0.312469482421875 -0.34295654296875
0.0111465454101563 -0.00278091430664063 0.1085205078125 -0.6370849609375
-0.0117511749267578 0.0215625762939453 0.75494384765625 -0.239501953125
-0.00492477416992188 0.0229282379150391 0.75628662109375 0.52392578125
0.0197486877441406 0.0352058410644531 0.1317138671875 0.595703125
0.0144615173339844 0.05853271484375 0.0437393188476563 0.0257720947265625
0.0375480651855469 0.0427322387695313 -0.21826171875 -0.56658935546875
0.0246410369873047 0.00254440307617188 -0.84857177734375 -0.29315185546875
-0.0114650726318359 -0.0123558044433594 -0.61468505859375 0.55804443359375
-0.0196533203125 -0.0150699615478516 0.14599609375 0.6624755859375
-0.00521564483642578 -0.00577259063720703 0.408416748046875 0.255706787109375
0.00866413116455078 0.00846672058105469 0.275711059570313 -0.187957763671875
-0.00567245483398437 -0.00612401962280273 0.07269287109375 -0.340728759765625
-0.0213279724121094 -0.0144500732421875 -0.02178955078125 0.260513305664063
0.0111808776855469 -0.0364952087402344 -0.26654052734375 0.0632171630859375
0.00456428527832031 -0.0264682769775391 -0.301361083984375 -0.355377197265625
0.0159997940063477 -0.0161314010620117 0.142333984375 -0.6348876953125
-0.00759696960449219 0.0156526565551758 0.7752685546875 -0.2034912109375
-0.0105152130126953 0.0195751190185547 0.7298583984375 0.56103515625
0.00926399230957031 0.0228710174560547 0.106201171875 0.58447265625
0.00896835327148437 0.0396537780761719 0.0445289611816406 -0.000782012939453123
0.027862548828125 0.0331859588623047 -0.24212646484375 -0.5743408203125
0.018890380859375 -0.0005950927734375 -0.860107421875 -0.25592041015625
-0.00967597961425782 -0.0194015502929688 -0.57843017578125 0.58135986328125
-0.022613525390625 -0.0276660919189453 0.17681884765625 0.64801025390625
-0.0127735137939453 -0.0179653167724609 0.41217041015625 0.23577880859375
0.00237560272216797 -0.00113344192504883 0.267486572265625 -0.197586059570312
-0.00718307495117187 -0.00819015502929688 0.06500244140625 -0.340057373046875
-0.0183334350585937 -0.0192642211914063 -0.0306243896484375 0.264846801757813
0.00547409057617188 -0.0471878051757813 -0.273757934570313 0.0649871826171875
0.00227737426757813 -0.0385971069335937 -0.299072265625 -0.358245849609375
0.0203285217285156 -0.0260353088378906 0.154052734375 -0.6353759765625
-0.00844764709472656 0.00980377197265625 0.78289794921875 -0.18804931640625
-0.0204868316650391 0.00980758666992188 0.715576171875 0.571044921875
0.00170624256134033 0.00153720378875732 0.09423828125 0.5699462890625
0.0075387954711914 0.0136280059814453 0.0486183166503906 -0.0200920104980469
0.016413688659668 0.01739501953125 -0.25677490234375 -0.583984375
0.0100870132446289 -0.0059661865234375 -0.866455078125 -0.24432373046875
-0.00990486145019531 -0.0246601104736328 -0.5657958984375 0.58514404296875
-0.02392578125 -0.0356941223144531 0.188232421875 0.6419677734375
-0.0170421600341797 -0.0275459289550781 0.41064453125 0.228607177734375
-0.00319004058837891 -0.0086665153503418 0.259353637695313 -0.1982421875
-0.00563621520996094 -0.0114603042602539 0.0537109375 -0.334930419921875
-0.0151386260986328 -0.0245914459228516 -0.0398101806640625 0.27117919921875
0.00172805786132812 -0.0531234741210938 -0.281494140625 0.072479248046875
0.000877380371093748 -0.0446968078613281 -0.30474853515625 -0.357452392578125
0.0205249786376953 -0.0287380218505859 0.15203857421875 -0.64019775390625
-0.0132560729980469 0.00408077239990234 0.78363037109375 -0.19232177734375
-0.0329036712646484 -0.00639724731445312 0.71331787109375 0.564697265625
-0.00529861450195313 -0.0305252075195313 0.093780517578125 0.55670166015625
0.01080322265625 -0.0237159729003906 0.0538406372070313 -0.0344963073730469
0.0037074089050293 -0.00662469863891602 -0.26007080078125 -0.598388671875
-0.00310516357421875 -0.0129585266113281 -0.87152099609375 -0.25042724609375
-0.0126476287841797 -0.0262393951416016 -0.56158447265625 0.58709716796875
-0.0242080688476563 -0.0373268127441406 0.1893310546875 0.640869140625
-0.0194110870361328 -0.0322132110595703 0.40673828125 0.229583740234375
-0.00564193725585937 -0.015655517578125 0.251800537109375 -0.191696166992188
-0.00125598907470703 -0.0166177749633789 0.0418701171875 -0.3289794921875
-0.0105533599853516 -0.0277385711669922 -0.047698974609375 0.278533935546875
-0.00131988525390624 -0.0585365295410156 -0.286834716796875 0.0926513671875
-0.000530242919921876 -0.0423698425292969 -0.32568359375 -0.339630126953125
0.0172080993652344 -0.0248966217041016 0.111328125 -0.6439208984375
-0.022216796875 0.00236701965332031 0.76507568359375 -0.23858642578125
-0.05035400390625 -0.0259170532226563 0.73724365234375 0.514404296875
-0.0119743347167969 -0.0682907104492188 0.118316650390625 0.547576904296875
0.0176734924316406 -0.0668411254882813 0.0597305297851563 -0.02825927734375
-0.00847625732421875 -0.0388908386230469 -0.23516845703125 -0.61334228515625
-0.0199642181396484 -0.0237903594970703 -0.8658447265625 -0.29791259765625
-0.0191268920898438 -0.0231075286865234 -0.5946044921875 0.556640625
-0.0204887390136719 -0.0340080261230469 0.1563720703125 0.65496826171875
-0.0162258148193359 -0.033172607421875 0.396392822265625 0.254364013671875
-0.0062713623046875 -0.0211277008056641 0.250076293945313 -0.174285888671875
0.00390815734863281 -0.0206680297851563 0.032196044921875 -0.321868896484375
-0.0156068801879883 -0.0162448883056641 -0.0165557861328125 0.272430419921875
0.0281543731689453 -0.00901412963867187 -0.254135131835938 0.136764526367187
0.0280380249023438 0.0331592559814453 -0.379364013671875 -0.261932373046875
0.0093231201171875 0.0404434204101563 -0.0657958984374999 -0.63134765625
-0.0288505554199219 0.0397682189941406 0.6348876953125 -0.420654296875
-0.0191688537597656 0.00222206115722656 0.8541259765625 0.3101806640625
0.0348186492919922 0.00459861755371094 0.26568603515625 0.59552001953125
0.0377922058105469 0.0421829223632813 0.0543746948242188 0.113975524902344
0.0480422973632813 0.0220680236816406 -0.08709716796875 -0.562225341796875
0.0209865570068359 -0.009521484375 -0.7647705078125 -0.49554443359375
-0.0285835266113281 0.00620651245117188 -0.773681640625 0.40374755859375
-0.02166748046875 0.0309429168701172 -0.02313232421875 0.71319580078125
0.00929641723632812 0.0367851257324219 0.35394287109375 0.367279052734375
0.0291595458984375 0.0270347595214844 0.291778564453125 -0.116607666015625
0.0072016716003418 -0.00770902633666992 0.075653076171875 -0.3321533203125
-0.0196800231933594 -0.00996780395507812 -0.011871337890625 0.265121459960938
0.0276393890380859 -0.00943374633789063 -0.257583618164063 0.106185913085938
0.0210609436035156 0.0221290588378906 -0.357666015625 -0.29388427734375
0.00707817077636719 0.0279712677001953 -0.00415039062500001 -0.64093017578125
-0.0233631134033203 0.0347156524658203 0.6842041015625 -0.36322021484375
-0.00859355926513672 0.012608528137207 0.83154296875 0.38818359375
0.0344085693359375 0.0249423980712891 0.2220458984375 0.6051025390625
0.0297622680664063 0.0601387023925781 0.050048828125 0.0893707275390625
0.0469093322753906 0.0370750427246094 -0.132568359375 -0.5640869140625
0.0256099700927734 -0.00125503540039063 -0.7999267578125 -0.421630859375
-0.0207004547119141 0.00209617614746094 -0.72406005859375 0.46728515625
-0.0190658569335937 0.0175380706787109 0.0394897460937499 0.7022705078125
0.00819587707519531 0.0239200592041016 0.379669189453125 0.327728271484375
0.0239849090576172 0.0236797332763672 0.2894287109375 -0.14453125
0.00113248825073242 -0.0059967041015625 0.0784912109375 -0.338775634765625
-0.0220870971679688 -0.0092315673828125 -0.0110321044921875 0.26171875
0.0228519439697266 -0.0161457061767578 -0.2593994140625 0.0853118896484375
0.0141878128051758 0.00782108306884766 -0.3350830078125 -0.32159423828125
0.00838184356689453 0.0123472213745117 0.055908203125 -0.6429443359375
-0.0173282623291016 0.0277919769287109 0.72845458984375 -0.298583984375
-0.0033416748046875 0.0200653076171875 0.79681396484375 0.4652099609375
0.0288925170898437 0.0351715087890625 0.17327880859375 0.60699462890625
0.02142333984375 0.065521240234375 0.0466842651367188 0.0569686889648438
0.0440444946289063 0.0438957214355469 -0.17913818359375 -0.5654296875
0.0282039642333984 0.0016632080078125 -0.832275390625 -0.34722900390625
-0.014678955078125 -0.00384140014648438 -0.66552734375 0.52581787109375
-0.0181102752685547 -0.000257492065429686 0.10302734375 0.68463134765625
0.00143003463745117 0.00855016708374023 0.399566650390625 0.2886962890625
0.0171728134155273 0.0152463912963867 0.284393310546875 -0.17138671875
-0.00336790084838867 -0.00514030456542969 0.07781982421875 -0.34356689453125
-0.0227603912353516 -0.0104198455810547 -0.0152740478515625 0.260101318359375
0.0178356170654297 -0.0269012451171875 -0.263214111328125 0.0714874267578125
0.00797557830810547 -0.0100412368774414 -0.315521240234375 -0.34344482421875
0.0123958587646484 -0.00298881530761719 0.1077880859375 -0.6417236328125
-0.0119876861572266 0.0221614837646484 0.7568359375 -0.24383544921875
-0.00505447387695312 0.0224609375 0.7625732421875 0.52447509765625
0.0187797546386719 0.0354042053222656 0.1322021484375 0.598876953125
0.014495849609375 0.059112548828125 0.0439872741699219 0.0263862609863281
0.0383949279785156 0.0426597595214844 -0.21875 -0.5699462890625
0.0250835418701172 0.00244140625 -0.85076904296875 -0.28900146484375
-0.01104736328125 -0.0128068923950195 -0.6151123046875 0.56439208984375
-0.0203590393066406 -0.0152053833007813 0.15069580078125 0.6654052734375
-0.00417947769165039 -0.00558567047119141 0.41162109375 0.257415771484375
0.00971794128417969 0.00685214996337891 0.275558471679688 -0.189590454101563
-0.00666379928588867 -0.00511693954467773 0.0723876953125 -0.34478759765625
-0.0219955444335937 -0.0144557952880859 -0.0209808349609375 0.262054443359375
0.0103836059570312 -0.0367813110351563 -0.266189575195313 0.0656890869140625
0.00506401062011719 -0.0272865295410156 -0.3043212890625 -0.354339599609375
0.0166511535644531 -0.0179805755615234 0.1407470703125 -0.64080810546875
-0.00888729095458984 0.0156774520874023 0.77685546875 -0.20550537109375
-0.0107994079589844 0.0190086364746094 0.731689453125 0.55999755859375
0.00909042358398437 0.0229701995849609 0.10540771484375 0.5863037109375
0.00884246826171875 0.0407676696777344 0.0449447631835938 -0.000839233398437497
0.0285511016845703 0.0337390899658203 -0.24554443359375 -0.5775146484375
0.0193748474121094 -0.00175094604492187 -0.8665771484375 -0.254150390625
-0.00959205627441406 -0.0196247100830078 -0.57757568359375 0.587158203125
-0.023895263671875 -0.0270500183105469 0.18182373046875 0.6524658203125
-0.0118961334228516 -0.0187511444091797 0.415374755859375 0.23602294921875
0.00143945217132568 -0.000355124473571777 0.26776123046875 -0.2005615234375
-0.00667953491210937 -0.00818872451782227 0.062744140625 -0.34222412109375
-0.0203800201416016 -0.019989013671875 -0.0300750732421875 0.265335083007813
0.00467681884765625 -0.0481452941894531 -0.274124145507813 0.067169189453125
0.0017852783203125 -0.0397567749023438 -0.302276611328125 -0.357879638671875
0.0198211669921875 -0.0260601043701172 0.15228271484375 -0.6390380859375
-0.00864982604980469 0.0105342864990234 0.785400390625 -0.193115234375
-0.0204410552978516 0.00938034057617187 0.71966552734375 0.5701904296875
0.00162923336029053 0.00040733814239502 0.0950927734375 0.57354736328125
0.00857162475585938 0.0139894485473633 0.0486373901367188 -0.0199813842773438
0.0172252655029297 0.0183620452880859 -0.2587890625 -0.5880126953125
0.010040283203125 -0.00552845001220703 -0.871826171875 -0.2462158203125
-0.0100479125976562 -0.0238628387451172 -0.5657958984375 0.59259033203125
-0.0251922607421875 -0.0354804992675781 0.1925048828125 0.64453125
-0.0169811248779297 -0.0273799896240234 0.41375732421875 0.22943115234375
-0.00341606140136719 -0.009429931640625 0.258926391601563 -0.200759887695313
-0.0062112808227539 -0.0124940872192383 0.052886962890625 -0.33746337890625
-0.015655517578125 -0.0238075256347656 -0.0392303466796875 0.271652221679688
0.000114440917968747 -0.0554122924804687 -0.2816162109375 0.074005126953125
0.000541687011718754 -0.0449790954589844 -0.307769775390625 -0.35736083984375
0.0208950042724609 -0.028533935546875 0.1483154296875 -0.64349365234375
-0.0137948989868164 0.00576210021972656 0.78662109375 -0.1943359375
-0.0342979431152344 -0.00737190246582031 0.7169189453125 0.56402587890625
-0.00512313842773438 -0.0295791625976563 0.09490966796875 0.559661865234375
0.0106544494628906 -0.0230178833007813 0.0548248291015625 -0.0348587036132813
0.00349235534667969 -0.00660800933837891 -0.26336669921875 -0.60009765625
-0.00283527374267578 -0.0136299133300781 -0.876708984375 -0.24969482421875
-0.0130424499511719 -0.0255031585693359 -0.56256103515625 0.59149169921875
-0.024627685546875 -0.0366020202636719 0.19500732421875 0.64422607421875
-0.0191555023193359 -0.0316734313964844 0.4097900390625 0.22900390625
-0.00602054595947266 -0.0167741775512695 0.251388549804688 -0.195236206054688
-0.00106143951416016 -0.0167007446289063 0.039581298828125 -0.33172607421875
-0.0106925964355469 -0.0272579193115234 -0.04705810546875 0.280990600585938
-0.0031280517578125 -0.0592880249023438 -0.28729248046875 0.0943603515625
-0.000801086425781253 -0.04296875 -0.329681396484375 -0.338592529296875
0.0177936553955078 -0.0249004364013672 0.1099853515625 -0.64923095703125
-0.0229816436767578 0.00311279296875 0.76910400390625 -0.241943359375
-0.0499420166015625 -0.0251388549804687 0.7421875 0.514404296875
-0.0127105712890625 -0.0684127807617187 0.11944580078125 0.55181884765625
0.0176467895507813 -0.0671310424804688 0.0605506896972656 -0.0282363891601563
-0.008453369140625 -0.0392646789550781 -0.2371826171875 -0.61407470703125
-0.0199184417724609 -0.0230712890625 -0.8692626953125 -0.29559326171875
-0.0186862945556641 -0.0222949981689453 -0.5960693359375 0.563232421875
-0.020416259765625 -0.0332832336425781 0.15985107421875 0.65679931640625
-0.0166435241699219 -0.0330944061279297 0.398681640625 0.2535400390625
-0.00578117370605469 -0.0214195251464844 0.249893188476562 -0.175628662109375
0.0048828125 -0.0210552215576172 0.031036376953125 -0.324249267578125
-0.0166540145874023 -0.0157766342163086 -0.0164337158203125 0.273834228515625
0.0276641845703125 -0.00962638854980469 -0.253890991210938 0.138839721679688
0.0289630889892578 0.0325489044189453 -0.3822021484375 -0.2611083984375
0.0111541748046875 0.0400161743164062 -0.0696411132812499 -0.63519287109375
-0.0280380249023438 0.04144287109375 0.63726806640625 -0.42669677734375
-0.0192089080810547 0.00340080261230469 0.86102294921875 0.30535888671875
0.0343589782714844 0.00387191772460937 0.2691650390625 0.59857177734375
0.0381813049316406 0.0414543151855469 0.0567398071289062 0.114364624023437
0.0474205017089844 0.0219459533691406 -0.088623046875 -0.56646728515625
0.0217571258544922 -0.00928115844726563 -0.76947021484375 -0.4947509765625
-0.0293254852294922 0.00714683532714844 -0.77557373046875 0.4097900390625
-0.0208854675292969 0.0311260223388672 -0.017822265625 0.7177734375
0.0101165771484375 0.0363960266113281 0.359466552734375 0.3680419921875
0.0299606323242187 0.0263748168945313 0.292816162109375 -0.118682861328125
0.00788354873657227 -0.00766754150390625 0.0745849609375 -0.335235595703125
-0.0197792053222656 -0.0104713439941406 -0.0105133056640625 0.266082763671875
0.0272579193115234 -0.0116386413574219 -0.25762939453125 0.108596801757812
0.0216140747070313 0.0222396850585938 -0.36083984375 -0.29278564453125
0.00800514221191406 0.0268764495849609 -0.00738525390625 -0.644775390625
-0.0234336853027344 0.0352935791015625 0.6871337890625 -0.36761474609375
-0.00846195220947265 0.0119457244873047 0.8363037109375 0.3870849609375
0.0340290069580078 0.0241489410400391 0.22528076171875 0.607666015625
0.0299873352050781 0.0596733093261719 0.0507278442382813 0.089019775390625
0.0470924377441406 0.0373497009277344 -0.1343994140625 -0.5665283203125
0.0257949829101563 -0.00169563293457031 -0.8067626953125 -0.41796875
-0.0204105377197266 0.00261116027832031 -0.72418212890625 0.474853515625
-0.0184707641601562 0.0166149139404297 0.0447998046875 0.7080078125
0.00848007202148438 0.0242214202880859 0.384490966796875 0.328948974609375
0.0252933502197266 0.0220699310302734 0.289703369140625 -0.14727783203125
0.000832080841064453 -0.00562715530395508 0.077545166015625 -0.342010498046875
-0.0219249725341797 -0.00921249389648438 -0.01043701171875 0.263717651367188
0.0226345062255859 -0.0178108215332031 -0.260543823242187 0.0878448486328125
0.0144252777099609 0.00751590728759766 -0.337371826171875 -0.321807861328125
0.00860881805419922 0.0119867324829102 0.052001953125 -0.648193359375
-0.0170783996582031 0.0291385650634766 0.7294921875 -0.3056640625
-0.00390243530273437 0.0198459625244141 0.80145263671875 0.46405029296875
0.0281143188476563 0.0347499847412109 0.17608642578125 0.6083984375
0.0215873718261719 0.0661506652832031 0.0466957092285156 0.0571708679199219
0.0446395874023437 0.0437355041503906 -0.18048095703125 -0.56878662109375
0.0278892517089844 0.00171852111816406 -0.84075927734375 -0.34613037109375
-0.0148077011108398 -0.00461673736572265 -0.66748046875 0.531494140625
-0.0195541381835938 0.000238418579101563 0.10888671875 0.68865966796875
0.00254344940185547 0.00895500183105469 0.405548095703125 0.28887939453125
0.0172901153564453 0.0155029296875 0.284210205078125 -0.17388916015625
-0.00365829467773437 -0.00512599945068359 0.07647705078125 -0.347381591796875
-0.0235862731933594 -0.010833740234375 -0.0142059326171875 0.261428833007813
0.0158061981201172 -0.0280323028564453 -0.264328002929688 0.0742340087890624
0.00905609130859375 -0.0105743408203125 -0.319000244140625 -0.3436279296875
0.0121526718139648 -0.00381088256835937 0.1038818359375 -0.64715576171875
-0.0119476318359375 0.0234317779541016 0.76123046875 -0.24932861328125
-0.0049285888671875 0.0233230590820313 0.76483154296875 0.5244140625
0.0191841125488281 0.0351905822753906 0.13482666015625 0.601806640625
0.0146141052246094 0.0594062805175781 0.0453338623046875 0.02691650390625
0.0393295288085938 0.0423507690429688 -0.2213134765625 -0.5704345703125
0.0253219604492188 0.00147438049316406 -0.8577880859375 -0.28680419921875
-0.0108156204223633 -0.012232780456543 -0.615966796875 0.57122802734375
-0.0207748413085938 -0.0147724151611328 0.15557861328125 0.6690673828125
-0.00423717498779297 -0.00612497329711914 0.415618896484375 0.256561279296875
0.00913047790527344 0.00722408294677734 0.2764892578125 -0.192581176757812
-0.00657796859741211 -0.00546360015869141 0.07025146484375 -0.347076416015625
-0.0228118896484375 -0.0146083831787109 -0.0209197998046875 0.26385498046875
0.00903701782226562 -0.03851318359375 -0.268463134765625 0.0678863525390625
0.00513267517089843 -0.0271453857421875 -0.30755615234375 -0.354766845703125
0.0166749954223633 -0.0169239044189453 0.13665771484375 -0.64453125
-0.00858497619628906 0.016993522644043 0.7796630859375 -0.2105712890625
-0.0104465484619141 0.0197334289550781 0.7376708984375 0.55987548828125
0.009918212890625 0.0224437713623047 0.1072998046875 0.5894775390625
0.0088348388671875 0.0415840148925781 0.0460052490234375 -0.000366210937499997
0.0288982391357422 0.0334148406982422 -0.2469482421875 -0.57952880859375
0.0199489593505859 -0.00150108337402344 -0.8707275390625 -0.25213623046875
-0.00959205627441407 -0.0203437805175781 -0.57977294921875 0.5943603515625
-0.0238666534423828 -0.0268878936767578 0.185546875 0.65679931640625
-0.0114536285400391 -0.0176658630371094 0.421356201171875 0.234954833984375
0.00217211246490479 -0.00179123878479004 0.267288208007813 -0.202774047851562
-0.00772237777709961 -0.00758886337280274 0.061920166015625 -0.34521484375
-0.0200023651123047 -0.0189132690429688 -0.02752685546875 0.267501831054688
0.00352096557617187 -0.0478286743164062 -0.274993896484375 0.069427490234375
0.0024871826171875 -0.0399551391601563 -0.305938720703125 -0.359283447265625
0.0201625823974609 -0.0271968841552734 0.14862060546875 -0.64459228515625
-0.00864124298095703 0.0113754272460937 0.78857421875 -0.19586181640625
-0.0197734832763672 0.00979804992675781 0.7249755859375 0.5697021484375
-6.04391098022462E-05 0.00140392780303955 0.0960693359375001 0.57550048828125
0.00716686248779297 0.0143527984619141 0.0492286682128906 -0.0197410583496094
0.0170478820800781 0.0179443359375 -0.26043701171875 -0.589111328125
0.0107021331787109 -0.00577545166015625 -0.8782958984375 -0.2406005859375
-0.0104331970214844 -0.0238780975341797 -0.56414794921875 0.5994873046875
-0.0262813568115234 -0.0348682403564453 0.19805908203125 0.64996337890625
-0.0170154571533203 -0.0271587371826172 0.418975830078125 0.22894287109375
-0.00282859802246094 -0.0103921890258789 0.258682250976563 -0.2039794921875
-0.00664520263671875 -0.0124950408935547 0.051727294921875 -0.339996337890625
-0.0160694122314453 -0.0241451263427734 -0.037994384765625 0.2735595703125
-0.00112533569335938 -0.056549072265625 -0.282562255859375 0.0777893066406249
0.000671386718749998 -0.0457839965820313 -0.31048583984375 -0.35711669921875
0.0208854675292969 -0.0298385620117188 0.14715576171875 -0.648193359375
-0.0136680603027344 0.00542163848876953 0.7899169921875 -0.201416015625
-0.0336685180664063 -0.00621795654296875 0.72320556640625 0.5635986328125
-0.00674629211425781 -0.0311679840087891 0.095489501953125 0.56195068359375
0.0106601715087891 -0.0231819152832031 0.0552406311035156 -0.0352745056152344
0.00386190414428711 -0.00721311569213867 -0.265625 -0.60247802734375
-0.00289440155029297 -0.0131978988647461 -0.88043212890625 -0.245849609375
-0.0130653381347656 -0.0246791839599609 -0.56085205078125 0.5999755859375
-0.0250205993652344 -0.0371818542480469 0.198974609375 0.6488037109375
-0.0193061828613281 -0.0325565338134766 0.416473388671875 0.228759765625
-0.0053253173828125 -0.0172090530395508 0.251266479492188 -0.197479248046875
-0.00228691101074219 -0.0172662734985352 0.0386962890625 -0.33258056640625
-0.0115566253662109 -0.0277481079101562 -0.04559326171875 0.281951904296875
-0.00481796264648437 -0.0600357055664063 -0.288238525390625 0.098602294921875
-0.000926971435546878 -0.0431556701660156 -0.331695556640625 -0.3385009765625
0.0180473327636719 -0.0260639190673828 0.106689453125 -0.65234375
-0.0226364135742188 0.00360298156738282 0.7706298828125 -0.24884033203125
-0.0499114990234375 -0.025299072265625 0.7474365234375 0.51141357421875
-0.0133399963378906 -0.0680427551269531 0.12347412109375 0.55364990234375
0.01806640625 -0.0666885375976562 0.0617294311523438 -0.0284614562988281
-0.00815582275390625 -0.0394096374511719 -0.2388916015625 -0.6170654296875
-0.0198593139648438 -0.0239372253417969 -0.8748779296875 -0.29449462890625
-0.0192546844482422 -0.0217857360839844 -0.5963134765625 0.5693359375
-0.0214633941650391 -0.0337619781494141 0.1661376953125 0.6605224609375
-0.0164127349853516 -0.0337791442871094 0.40509033203125 0.25390625
-0.00654029846191407 -0.0232753753662109 0.249435424804688 -0.179153442382813
0.00334358215332031 -0.0214138031005859 0.029510498046875 -0.326751708984375
-0.0167064666748047 -0.0157842636108398 -0.0142364501953125 0.276351928710937
0.0271072387695313 -0.00992584228515625 -0.254409790039063 0.142318725585938
0.0298366546630859 0.0325813293457031 -0.38629150390625 -0.260009765625
0.0105934143066406 0.0394401550292969 -0.07568359375 -0.638671875
-0.0274543762207031 0.0411529541015625 0.63641357421875 -0.4317626953125
-0.0190753936767578 0.00334358215332031 0.864013671875 0.30303955078125
0.0341129302978516 0.0040283203125 0.2725830078125 0.5999755859375
0.0380706787109375 0.0425682067871094 0.0580215454101562 0.115333557128906
0.0488090515136719 0.0214500427246094 -0.09295654296875 -0.5677490234375
0.0216197967529297 -0.0101242065429688 -0.77728271484375 -0.49237060546875
-0.0292396545410156 0.00821495056152344 -0.77691650390625 0.4180908203125
-0.0213623046875 0.0328483581542969 -0.0128173828125 0.72406005859375
0.0111274719238281 0.03765869140625 0.363677978515625 0.368865966796875
0.0299701690673828 0.0262393951416016 0.2916259765625 -0.122283935546875
0.00672626495361328 -0.00772714614868164 0.071807861328125 -0.33770751953125
-0.0206642150878906 -0.0104713439941406 -0.00885009765625001 0.268112182617188
0.0268478393554687 -0.0124893188476563 -0.258697509765625 0.111404418945313
0.0229091644287109 0.0221729278564453 -0.364166259765625 -0.291351318359375
0.00776100158691406 0.0271205902099609 -0.01275634765625 -0.647705078125
-0.0238418579101562 0.0359230041503906 0.687255859375 -0.375
-0.00914192199707031 0.0119524002075195 0.842529296875 0.3848876953125
0.0340518951416016 0.0238609313964844 0.22686767578125 0.60943603515625
0.0304908752441406 0.0601387023925781 0.052459716796875 0.0890655517578125
0.0484848022460938 0.0365142822265625 -0.13714599609375 -0.568603515625
0.026947021484375 -0.00197982788085938 -0.8128662109375 -0.4158935546875
-0.0208168029785156 0.00389480590820313 -0.724365234375 0.4837646484375
-0.0190067291259766 0.0184955596923828 0.0512695312500001 0.712158203125
0.00843429565429688 0.0239086151123047 0.38995361328125 0.32830810546875
0.0251197814941406 0.0219345092773438 0.28997802734375 -0.149627685546875
0.000833511352539063 -0.00613164901733398 0.074737548828125 -0.34521484375
-0.0228748321533203 -0.00880622863769531 -0.00900268554687501 0.265151977539063
0.0213050842285156 -0.0190315246582031 -0.259857177734375 0.0918426513671875
0.0152482986450195 0.00613212585449219 -0.342254638671875 -0.32025146484375
0.00891780853271484 0.0125455856323242 0.04901123046875 -0.6517333984375
-0.0178718566894531 0.0298862457275391 0.7318115234375 -0.31048583984375
-0.00419425964355469 0.0197525024414063 0.80853271484375 0.46240234375
0.02850341796875 0.0356292724609375 0.1778564453125 0.61090087890625
0.0215225219726563 0.0661239624023437 0.0477180480957031 0.0580978393554687
0.0459251403808594 0.0436477661132813 -0.1846923828125 -0.56915283203125
0.0280742645263672 0.00125312805175781 -0.845458984375 -0.3424072265625
-0.0151081085205078 -0.00312900543212891 -0.66729736328125 0.5394287109375
-0.0185089111328125 0.00124931335449219 0.11529541015625 0.69488525390625
0.00324773788452148 0.00796794891357422 0.41082763671875 0.2890625
0.0182971954345703 0.0145111083984375 0.28515625 -0.176177978515625
-0.00413131713867188 -0.00506353378295899 0.07354736328125 -0.349151611328125
-0.0240402221679688 -0.0104598999023437 -0.0118255615234375 0.263534545898438
0.0151882171630859 -0.0274486541748047 -0.264205932617188 0.0771942138671875
0.00958824157714844 -0.011073112487793 -0.322540283203125 -0.342315673828125
0.0119028091430664 -0.00417613983154297 0.10028076171875 -0.65087890625
-0.0128078460693359 0.0231819152832031 0.76397705078125 -0.25384521484375
-0.0045318603515625 0.0238571166992188 0.77203369140625 0.523681640625
0.0190753936767578 0.0349578857421875 0.1376953125 0.60418701171875
0.0142593383789062 0.0595436096191406 0.046142578125 0.0269088745117188
0.0390243530273438 0.0408248901367188 -0.22357177734375 -0.57177734375
0.0251064300537109 0.001068115234375 -0.8656005859375 -0.2833251953125
-0.0121726989746094 -0.0122432708740234 -0.61541748046875 0.5806884765625
-0.0213222503662109 -0.01416015625 0.16290283203125 0.6744384765625
-0.00451517105102539 -0.00597238540649414 0.420318603515625 0.255645751953125
0.0104303359985352 0.00662422180175781 0.275772094726563 -0.194915771484375
-0.00725746154785156 -0.00524520874023438 0.068023681640625 -0.350189208984375
-0.0223178863525391 -0.0141162872314453 -0.0183563232421875 0.264938354492188
0.00823211669921875 -0.0394210815429688 -0.269302368164063 0.0708465576171876
0.00457382202148438 -0.0284576416015625 -0.31158447265625 -0.3543701171875
0.0162115097045898 -0.017481803894043 0.13330078125 -0.64813232421875
-0.00933361053466797 0.0171213150024414 0.78375244140625 -0.21685791015625
-0.0104084014892578 0.0195484161376953 0.74456787109375 0.5577392578125
0.00895881652832031 0.0229625701904297 0.10943603515625 0.59271240234375
0.0102882385253906 0.0409011840820313 0.0471153259277344 0.000179290771484377
0.0297527313232422 0.0323772430419922 -0.2509765625 -0.58062744140625
0.0189189910888672 -0.00173759460449219 -0.8787841796875 -0.2464599609375
-0.0106525421142578 -0.0196743011474609 -0.57818603515625 0.6009521484375
-0.0246505737304687 -0.0269260406494141 0.19403076171875 0.65966796875
-0.0121135711669922 -0.0175552368164063 0.425689697265625 0.23443603515625
0.00246405601501465 -0.00172662734985352 0.266525268554688 -0.205795288085938
-0.00789880752563476 -0.00854969024658203 0.0595703125 -0.348724365234375
-0.0205955505371094 -0.0190868377685547 -0.0264434814453125 0.26922607421875
0.00141525268554688 -0.0500831604003906 -0.275924682617187 0.0723419189453125
0.00173568725585938 -0.0402069091796875 -0.309326171875 -0.358428955078125
0.0210361480712891 -0.0272541046142578 0.14520263671875 -0.64935302734375
-0.00945377349853516 0.0109128952026367 0.7913818359375 -0.20208740234375
-0.0206890106201172 0.0103988647460937 0.73101806640625 0.56817626953125
1.55568122863769E-05 0.00108617544174194 0.0989990234375 0.57830810546875
0.00783252716064453 0.0135736465454102 0.050445556640625 -0.0196952819824219
0.0182666778564453 0.0172290802001953 -0.26409912109375 -0.59051513671875
0.0102691650390625 -0.00591278076171875 -0.88323974609375 -0.2376708984375
-0.0112133026123047 -0.0242919921875 -0.56494140625 0.6064453125
-0.0255279541015625 -0.0352935791015625 0.20428466796875 0.65252685546875
-0.0172080993652344 -0.0274925231933594 0.423797607421875 0.22637939453125
-0.00345039367675781 -0.0106611251831055 0.259017944335938 -0.205947875976563
-0.00691699981689453 -0.011591911315918 0.048370361328125 -0.3426513671875
-0.0172843933105469 -0.0239143371582031 -0.03643798828125 0.275909423828125
-0.00290679931640626 -0.0576744079589844 -0.282745361328125 0.08050537109375
-0.000411987304687504 -0.0463333129882813 -0.31396484375 -0.35595703125
0.0208759307861328 -0.0302104949951172 0.1429443359375 -0.6522216796875
-0.0142402648925781 0.00651741027832031 0.79351806640625 -0.20587158203125
-0.0336036682128906 -0.00651931762695313 0.72882080078125 0.56182861328125
-0.00724983215332031 -0.0305652618408203 0.0972900390625 0.56378173828125
0.00971603393554688 -0.0236854553222656 0.0561637878417969 -0.0350456237792969
0.00404977798461914 -0.00687932968139648 -0.26910400390625 -0.60382080078125
-0.00370025634765625 -0.0135478973388672 -0.88714599609375 -0.240234375
-0.0147190093994141 -0.0248489379882813 -0.56109619140625 0.60723876953125
-0.0262222290039062 -0.0366554260253906 0.205322265625 0.65032958984375
-0.0191326141357422 -0.0333251953125 0.41815185546875 0.22796630859375
-0.00571250915527344 -0.0178165435791016 0.250320434570313 -0.200149536132812
-0.00241374969482422 -0.0166521072387695 0.036590576171875 -0.3350830078125
-0.0123863220214844 -0.0282211303710938 -0.04443359375 0.283447265625
-0.006103515625 -0.0609054565429688 -0.288665771484375 0.101593017578125
-0.00061798095703125 -0.0442276000976563 -0.3359375 -0.337005615234375
0.0183143615722656 -0.0264472961425781 0.102294921875 -0.6571044921875
-0.0236778259277344 0.00465774536132812 0.774169921875 -0.25372314453125
-0.0505256652832031 -0.0251617431640625 0.75091552734375 0.5123291015625
-0.0144882202148437 -0.0686416625976563 0.12359619140625 0.556427001953125
0.0168228149414063 -0.0673675537109375 0.0626029968261719 -0.0284805297851563
-0.00854873657226563 -0.0402374267578125 -0.2437744140625 -0.6195068359375
-0.0207653045654297 -0.0237102508544922 -0.882568359375 -0.29034423828125
-0.0194225311279297 -0.0217494964599609 -0.59576416015625 0.5767822265625
-0.0227146148681641 -0.033111572265625 0.173095703125 0.66375732421875
-0.0155735015869141 -0.0334739685058594 0.40777587890625 0.251220703125
-0.00669097900390625 -0.0227813720703125 0.249298095703125 -0.181289672851563
0.00300216674804688 -0.0218162536621094 0.0274658203125 -0.329193115234375
-0.0188999176025391 -0.0153102874755859 -0.0121917724609375 0.277542114257813
0.0259819030761719 -0.0117874145507813 -0.2537841796875 0.1453857421875
0.0304698944091797 0.0325202941894531 -0.39093017578125 -0.257476806640625
0.0107498168945313 0.0397682189941406 -0.079833984375 -0.64312744140625
-0.0276412963867188 0.0426216125488281 0.63702392578125 -0.439453125
-0.0195522308349609 0.00337028503417969 0.87066650390625 0.29827880859375
0.0346889495849609 0.00363540649414062 0.276611328125 0.60101318359375
0.0391006469726563 0.042144775390625 0.05926513671875 0.115264892578125
0.0481986999511719 0.0211105346679687 -0.0945434570312499 -0.5709228515625
0.0225944519042969 -0.0100955963134766 -0.7838134765625 -0.491455078125
-0.0289287567138672 0.00830078125 -0.7786865234375 0.42791748046875
-0.0205821990966797 0.0333881378173828 -0.00573730468750001 0.72698974609375
0.0118865966796875 0.0380020141601563 0.369232177734375 0.367523193359375
0.030914306640625 0.0250473022460938 0.291656494140625 -0.1248779296875
0.00719976425170898 -0.00810003280639648 0.069427490234375 -0.34100341796875
-0.0208530426025391 -0.00890731811523437 -0.00659179687499997 0.26947021484375
0.0256290435791016 -0.0132064819335937 -0.259017944335938 0.115203857421875
0.0230178833007813 0.0212898254394531 -0.368927001953125 -0.28851318359375
0.00866317749023438 0.0270462036132813 -0.0184326171875 -0.65118408203125
-0.0238609313964844 0.0360679626464844 0.68634033203125 -0.3807373046875
-0.00876426696777344 0.0117568969726563 0.8489990234375 0.3798828125
0.0338478088378906 0.0238571166992188 0.2320556640625 0.610595703125
0.031585693359375 0.0606918334960938 0.0539398193359375 0.0895309448242188
0.0483322143554688 0.0367050170898438 -0.1402587890625 -0.57025146484375
0.0269508361816406 -0.00256538391113281 -0.81878662109375 -0.4136962890625
-0.0216560363769531 0.00348281860351563 -0.72686767578125 0.4910888671875
-0.0188522338867188 0.0186367034912109 0.0594482421875001 0.7158203125
0.00924301147460938 0.0236434936523437 0.394012451171875 0.32830810546875
0.0262870788574219 0.0209007263183594 0.28985595703125 -0.1531982421875
0.000133514404296874 -0.00630903244018555 0.072509765625 -0.3492431640625
-0.0230751037597656 -0.00918960571289062 -0.00695800781249998 0.265304565429687
0.0197429656982422 -0.0186824798583984 -0.260421752929688 0.094696044921875
0.0156850814819336 0.00619983673095703 -0.345001220703125 -0.319671630859375
0.00881004333496094 0.0111703872680664 0.0439453125 -0.6553955078125
-0.0182323455810547 0.0299148559570312 0.73114013671875 -0.31683349609375
-0.00295639038085938 0.0193252563476563 0.81414794921875 0.45880126953125
0.0281105041503906 0.0351486206054688 0.18170166015625 0.61383056640625
0.0222663879394531 0.0666580200195313 0.0490646362304688 0.0583992004394531
0.0453529357910156 0.0434341430664063 -0.18658447265625 -0.56988525390625
0.0286350250244141 0.000614166259765625 -0.85211181640625 -0.33758544921875
-0.0151262283325195 -0.00246906280517578 -0.6683349609375 0.549560546875
-0.0198287963867188 0.00162696838378906 0.1231689453125 0.6973876953125
0.00334072113037109 0.00805997848510742 0.414794921875 0.287353515625
0.0181179046630859 0.014190673828125 0.28369140625 -0.180145263671875
-0.00429725646972656 -0.00500583648681641 0.07159423828125 -0.35174560546875
-0.0246410369873047 -0.0105209350585938 -0.010162353515625 0.264633178710938
0.013824462890625 -0.0296516418457031 -0.264984130859375 0.08013916015625
0.0096902847290039 -0.0114688873291016 -0.327056884765625 -0.34246826171875
0.0123023986816406 -0.00481605529785156 0.0952148437499999 -0.65625
-0.0129623413085937 0.0237960815429688 0.76458740234375 -0.26092529296875
-0.00452423095703125 0.0227851867675781 0.7811279296875 0.51861572265625
0.0189533233642578 0.0343055725097656 0.14013671875 0.605712890625
0.0144996643066406 0.0596656799316406 0.0469322204589844 0.0263023376464844
0.0392532348632813 0.0417404174804688 -0.22796630859375 -0.57421875
0.0260810852050781 0.000856399536132812 -0.8704833984375 -0.27935791015625
-0.011713981628418 -0.0119991302490234 -0.6153564453125 0.58795166015625
-0.0220909118652344 -0.0139961242675781 0.16912841796875 0.6761474609375
-0.00419998168945313 -0.00520992279052734 0.425689697265625 0.25531005859375
0.0103311538696289 0.00583934783935547 0.27520751953125 -0.19921875
-0.00757122039794922 -0.00586080551147461 0.065643310546875 -0.353363037109375
-0.0240917205810547 -0.0141258239746094 -0.017120361328125 0.265884399414063
0.00653839111328125 -0.0402870178222656 -0.270187377929688 0.0741424560546875
0.00450706481933594 -0.0283260345458984 -0.316070556640625 -0.354248046875
0.0163974761962891 -0.0182228088378906 0.12841796875 -0.65325927734375
-0.00941085815429688 0.018463134765625 0.786376953125 -0.22149658203125
-0.0107288360595703 0.0192127227783203 0.750732421875 0.55517578125
0.00911903381347656 0.0229434967041016 0.11309814453125 0.5946044921875
0.00926971435546875 0.0413360595703125 0.0473747253417969 3.81469726562753E-06
0.0301055908203125 0.0326881408691406 -0.255615234375 -0.5823974609375
0.0195541381835938 -0.001708984375 -0.88446044921875 -0.241943359375
-0.0100955963134766 -0.0192623138427734 -0.57977294921875 0.60980224609375
-0.0253257751464844 -0.0260257720947266 0.19970703125 0.66265869140625
-0.0114822387695312 -0.0185260772705078 0.430511474609375 0.233062744140625
0.00247979164123535 -0.00271010398864746 0.266311645507813 -0.2091064453125
-0.00890350341796875 -0.00712108612060547 0.057647705078125 -0.351165771484375
-0.0220928192138672 -0.0194664001464844 -0.025146484375 0.2696533203125
0.000869750976562501 -0.0501632690429688 -0.2762451171875 0.075897216796875
0.00162124633789063 -0.0411491394042969 -0.312957763671875 -0.358367919921875
0.0196437835693359 -0.02777099609375 0.14117431640625 -0.65478515625
-0.00943756103515625 0.0111322402954102 0.79486083984375 -0.2091064453125
-0.0207023620605469 0.00949668884277344 0.7379150390625 0.56640625
-0.000510692596435547 0.0011221170425415 0.102294921875 0.58148193359375
0.00736713409423828 0.0138463973999023 0.0509872436523438 -0.0201187133789063
0.0175724029541016 0.0168933868408203 -0.26861572265625 -0.59356689453125
0.0100841522216797 -0.00564479827880859 -0.88995361328125 -0.23175048828125
-0.0114574432373047 -0.0239715576171875 -0.56414794921875 0.616455078125
-0.0271759033203125 -0.0346851348876953 0.210693359375 0.655517578125
-0.0173358917236328 -0.0274543762207031 0.4267578125 0.225677490234375
-0.0032644271850586 -0.0108146667480469 0.25738525390625 -0.208969116210938
-0.00642871856689453 -0.0113258361816406 0.0462646484375 -0.345977783203125
-0.0179805755615234 -0.0237827301025391 -0.034576416015625 0.276840209960937
-0.0042266845703125 -0.0573844909667969 -0.283050537109375 0.08380126953125
-0.000610351562500002 -0.0467491149902344 -0.319000244140625 -0.355438232421875
0.0200634002685547 -0.0306987762451172 0.13818359375 -0.65716552734375
-0.0145339965820313 0.00671863555908203 0.7957763671875 -0.21307373046875
-0.0343818664550781 -0.00695037841796875 0.73577880859375 0.5606689453125
-0.00789260864257813 -0.0312900543212891 0.102294921875 0.56732177734375
0.0100975036621094 -0.0229072570800781 0.0566825866699219 -0.0356025695800781
0.00393152236938477 -0.00823020935058594 -0.2723388671875 -0.604736328125
-0.00314426422119141 -0.0136394500732422 -0.89459228515625 -0.2349853515625
-0.0141754150390625 -0.0249271392822266 -0.55914306640625 0.61541748046875
-0.0262527465820312 -0.0369491577148437 0.21197509765625 0.65240478515625
-0.0191555023193359 -0.0329132080078125 0.424102783203125 0.225555419921875
-0.00726509094238281 -0.0186080932617188 0.250045776367188 -0.203369140625
-0.00359630584716797 -0.0170125961303711 0.0343017578125 -0.3392333984375
-0.0132923126220703 -0.0278644561767578 -0.04156494140625 0.28521728515625
-0.00770187377929688 -0.0615730285644531 -0.28875732421875 0.10498046875
-0.0015411376953125 -0.0440483093261719 -0.34088134765625 -0.336395263671875
0.0178661346435547 -0.0275001525878906 0.09674072265625 -0.6605224609375
-0.0242996215820313 0.00584793090820312 0.77581787109375 -0.26165771484375
-0.0517692565917969 -0.0262451171875 0.75830078125 0.5079345703125
-0.0159950256347656 -0.0689430236816406 0.1268310546875 0.56011962890625
0.016876220703125 -0.0674552917480469 0.063385009765625 -0.0288772583007813
-0.00914382934570313 -0.0403938293457031 -0.24822998046875 -0.6207275390625
-0.0206985473632813 -0.0239181518554688 -0.88763427734375 -0.28704833984375
-0.0200119018554688 -0.0207881927490234 -0.59619140625 0.5845947265625
-0.0226192474365234 -0.0329170227050781 0.17999267578125 0.6676025390625
-0.0162944793701172 -0.0335407257080078 0.411895751953125 0.25079345703125
-0.00794029235839844 -0.0234756469726563 0.249191284179688 -0.184738159179688
0.00342178344726563 -0.0211849212646484 0.02410888671875 -0.331085205078125
-0.00563313889419243 -0.00857195664972473 -0.242890492761323 0.137769953268929
-0.00348269651189134 -0.0337442149339941 -0.257286957650479 -0.166337382759242
0.0519089800351408 -0.0305049053356472 0.0357766237402297 -0.495716752505428
0.0409721867449698 0.0172338279250928 0.53480803733729 -0.38105100517701
-0.00568056114290838 0.0426592220765146 0.742233636414157 0.35508985644074
-0.0679564032302622 -0.0315105871425783 0.0944631702749869 0.904816770236556
-0.0285844116651889 -0.0679738282949616 -0.487166363986129 0.456282765185527
0.00146096396306421 -0.0623726018846801 -0.0908845546325165 0.111072960497095
-0.0151108461266951 -0.0145910631120334 0.493100297976516 -0.305201803344881
0.0295699743851766 0.00358457010690836 0.0699243019941647 -0.887206345812475
0.0660737652911327 0.00246467844950904 -0.754106314017433 -0.537278942774715
0.045142598702151 -0.0419542804549197 -0.680344640374865 0.325519725852247
-0.000307877050600369 -0.0668312643219282 -0.11351973736299 0.498812232154444
-0.0141415291804319 -0.0332497004393943 0.240947094855529 0.196125316337499
-0.0107734688864984 0.015359614002895 0.301612558931994 -0.1399281467663
-0.000349056576665166 -0.00851414214879413 -0.233186981859721 0.136980636848655
-0.00420139335896783 -0.0287147577713175 -0.23195491029398 -0.18481139177234
0.0462800639583585 -0.0144377785464598 0.0800588383562657 -0.492542929133481
0.0268683494265682 0.029430952362698 0.575918941851678 -0.329122306936477
-0.0194237813377857 0.038189151231347 0.716556476393884 0.434883442461703
-0.0638412055397092 -0.0541623261522795 0.00754076399087534 0.917097128320362
-0.00858384858649809 -0.0788246509169923 -0.514672153135926 0.414013219081598
0.0216519387951119 -0.0646388353221051 -0.0699580857944217 0.0921253599498407
0.000992782831060839 -0.0227164584881216 0.473891829141292 -0.348908254013869
0.0333421650964149 -0.0096625452698168 -0.0135357929009683 -0.883492901730564
0.0559436426924741 -0.00448442181701715 -0.792354432843919 -0.454820918814733
0.0270720500788188 -0.0347761251472384 -0.637658970034138 0.383369361585277
-0.00965296013734776 -0.0534315716451357 -0.0679549444646635 0.499537411461571
-0.0149065709389924 -0.0248211003584242 0.265616872103145 0.180041567428371
-0.00561485165581383 0.0190732638074782 0.31007931041593 -0.141398824911385
0.00193461548463452 -0.00628099450908344 -0.230704815930792 0.134046400837674
-0.00585248695098411 -0.0190883292125651 -0.210429793532496 -0.195863716222088
0.035719785714772 0.00341697002144948 0.124614926478419 -0.486665351242792
0.00823097216562145 0.040792398310986 0.613186597841541 -0.271263790192758
-0.0333785935162046 0.0321778169380158 0.680480127533771 0.510428348448609
-0.0563183354691541 -0.0688810844444132 -0.0771193718791137 0.922620797935261
0.00776171838577195 -0.0786906198649355 -0.531996971655301 0.366745258694049
0.032111644626805 -0.0607437988136943 -0.0416677451074032 0.0729603747739978
0.0109882186725541 -0.0226082594146331 0.454124758475353 -0.393779037437288
0.0352504804710892 -0.0168169842851196 -0.0926684846710271 -0.876941820437697
0.0442578348930605 -0.00661984956581289 -0.817711306947443 -0.375109224173692
0.00936840843733421 -0.0235596758009397 -0.589346637645386 0.433847259476118
-0.0193008866171542 -0.0365319755554006 -0.0222118375933988 0.495462232515601
-0.0158882091958709 -0.0132787016312565 0.287346849281784 0.163027041228807
-0.00284648582986951 0.0236246601843508 0.312742946415797 -0.144871329506114
0.00252177987646535 -0.00456300551105466 -0.231582621582948 0.129477093727111
-0.00871368752738672 -0.00632840403747747 -0.196916167532814 -0.205971203560155
0.0234910000474861 0.020868230041748 0.158254231682458 -0.476960388462245
-0.013800592773378 0.0503512727931471 0.642582877215176 -0.22096251210412
-0.0451269181394184 0.0275586100463844 0.644516776750107 0.572661598163878
-0.0494703059985473 -0.0756200638408584 -0.146892437652712 0.916220033480044
0.0147558215135178 -0.0698878946620033 -0.538028904595133 0.322268658603873
0.0316597939625508 -0.0492408818128603 -0.0104865383954758 0.0568440458922729
0.0161119265134969 -0.0156432433186508 0.442822850930185 -0.433979473383794
0.0373752561115874 -0.0183898464076411 -0.15209995431616 -0.869863841360999
0.0328616753251397 -0.00681155807833154 -0.833064855145443 -0.304975866013257
-0.00555834669198563 -0.0107512102698978 -0.546385423187257 0.471409768635553
-0.0247633011424488 -0.0189618109752677 0.013197976304934 0.488072188265992
-0.0172859868819996 -0.00266970430958569 0.301077748956851 0.14644788657849
-0.00121025068789311 0.0256189520500687 0.310022843010678 -0.149789911965336
-0.00128322486475586 -0.0032989071486183 -0.235492803575561 0.126347983369817
-0.0126983106014331 0.00705793885946778 -0.190685465462257 -0.213961611731519
0.0107359599385739 0.0362048598302414 0.180846074161707 -0.472432504579738
-0.0321142215495193 0.055794162932439 0.658720600238848 -0.187362922819775
-0.0544541269217431 0.0254196059887553 0.619227681953626 0.612601384032233
-0.0442090620065136 -0.0717063569985002 -0.191343964375682 0.905166664987712
0.0105634441510572 -0.0538960839222517 -0.534265531883228 0.295435493348134
0.0218616018857875 -0.0321162807814221 0.0171060930230476 0.0457085402449072
0.0146095835513005 -0.000103687560941222 0.442493923422307 -0.463079855780225
0.0392097660398702 -0.0133490537193779 -0.186686788708881 -0.86212183547129
0.0256243948081548 -0.00382981747988069 -0.833567147163137 -0.260038768045297
-0.0161253301731439 -0.000828452059414217 -0.516338251899535 0.495112345551631
-0.0288725807199404 -0.00353649537542246 0.0352823089544374 0.482026996439944
-0.0193409610519848 0.00947597279351114 0.306633395109758 0.134464654608586
-0.00274589717823841 0.0273558644576439 0.303975318194927 -0.154663873446711
-0.00515974175082497 -0.0035837825756981 -0.242851580142296 0.121997418228191
-0.0162911080310062 0.0182528048041491 -0.192990099154553 -0.219251292985961
0.00257944948314114 0.0462688736703545 0.189743946985221 -0.472598501464774
-0.0436142454008237 0.0584769741504012 0.668307756752603 -0.172907895229319
-0.0598642157034937 0.0294763704929414 0.614071362633351 0.62896710559563
-0.0440906562633432 -0.0593999499930838 -0.202774013068294 0.897158794740473
-0.0032094451417369 -0.033779987865577 -0.520076396444893 0.280650193483866
0.00331996989581032 -0.0132392403964301 0.0409752929958694 0.0404426851211535
0.00812949337236356 0.0195926413721473 0.450068014840076 -0.477194796380317
0.0412083160127723 -0.0041505716477965 -0.197876162798303 -0.865907294475447
0.0218351228455283 -0.000964694740326847 -0.831475738478417 -0.243587785657002
-0.0227490597273515 0.00552333360661489 -0.504139448821094 0.503565081693742
-0.0314903837963484 0.00667174422368975 0.0409618777086957 0.474205466964386
-0.0217938694242027 0.0183636059613423 0.304206222196407 0.127262889953665
-0.00490580550348685 0.0271855131474681 0.293528836060322 -0.15942052924871
-0.0107813475137117 -0.00506912030543844 -0.253471411834637 0.118782320773964
-0.0192147456296442 0.0251055224837922 -0.202101639048617 -0.220143145942832
-0.000815886649312231 0.0515014434190993 0.186128602651785 -0.477216877166379
-0.0458526169237765 0.0608070424448313 0.669902271563251 -0.176465770297761
-0.0592427897057518 0.037568135911935 0.619726830101375 0.625407362283279
-0.049289578805431 -0.0384035067821609 -0.195852154277347 0.890677588961325
-0.0291724470564005 -0.010914596970113 -0.502809596028456 0.279511110758613
-0.0272215436186161 0.00952071752974279 0.0613748746076733 0.0414461737625533
-0.00567067356522163 0.0461644799971522 0.462994905990678 -0.485536435808397
0.0443818076881448 0.0112340971833206 -0.193844206041088 -0.871213040911423
0.0232835042668241 0.00226316523106661 -0.828412385555409 -0.240153076185366
-0.0252286047687218 0.00609938405114798 -0.501251912064206 0.503905762641707
-0.0331145353790413 0.0111965419535775 0.0385497029635168 0.471445843676761
-0.0249166182154263 0.0252356969764223 0.296180481709432 0.123647587594692
-0.0108533961173102 0.0260642822687074 0.28117513553816 -0.164288244285988
-0.0146539575500982 -0.00802898987974445 -0.264454641461206 0.117586017239402
-0.019967049663599 0.0284451506606035 -0.222538278596997 -0.215736846816857
0.00294940739862445 0.0484560914569233 0.157926707494625 -0.48697289407098
-0.036534445497882 0.0606078036775433 0.652975253334427 -0.217059528517295
-0.0511257624336476 0.0489853421666183 0.654674383785156 0.581166889404445
-0.0568893456620468 -0.00862546863236996 -0.135029539081512 0.889270826854225
-0.0605987276337317 0.0147577446453158 -0.483911811684035 0.305956630310163
-0.0636266387011321 0.0304670369877724 0.0613863937399439 0.0540729518540389
-0.0288242931837269 0.077053749808887 0.490977655829066 -0.465239417415014
0.0470089597920464 0.0343007653591389 -0.144666997892807 -0.886893984686533
0.0305396635677142 0.00624210507208123 -0.818530186981079 -0.289008796926943
-0.0227546911704657 -0.000148482734450929 -0.530955202268655 0.477941440666161
-0.0346085633340417 0.00796600326649857 0.0122292679178428 0.476928816901083
-0.0284367697097199 0.027872190293133 0.278806311677617 0.132246275426967
-0.0166487636873204 0.0235173767477666 0.269848312051239 -0.166579221972359
