TRXV5
3
4
4
9
string Extension=J
integer IsArchMeasurement=1
integer IsSpherical=1
string Generator=SPM
string GeneratorVersion=1.3.1 Dev
double ArchRadius=0.449999988079071
integer FrequencyAxisIndex=0
integer AzimuthAxisIndex=1
integer ElevationAxisIndex=2
Frequency
5 201 600000000 700000000 LIN
Azimuth
7 8 0 2.74889357189107 LIN
Elevation
7 15 -2.74889357189107 2.74889357189107 LIN
Polar H Real Part
13
Polar H Imaginary Part
14
Polar V Real Part
13
Polar V Imaginary Part
14
Polar H Magnitude (dB)
12 0xC0000002 0 1
Polar H Phase
7 0xC0000003 0 1
Polar V Magnitude (dB)
12 0xC0000002 2 3
Polar V Phase
7 0xC0000003 2 3
0.00648784637451172 -0.000215053558349609 -0.0286636352539063 -0.0782623291015625
-0.00028705596923828 0.0149822235107422 0.0988006591796875 -0.0574417114257813
0.00247669219970703 0.0161600112915039 0.203323364257813 0.0619964599609375
-0.0116777420043945 0.00529289245605469 0.168258666992188 0.258056640625
-0.0219154357910156 -0.0213279724121094 -0.12481689453125 0.344635009765625
0.013946533203125 -0.0424690246582031 -0.416748046875 0.190032958984375
0.0486831665039063 0.0124969482421875 -0.351715087890625 -0.0459899902343751
0.0631675720214844 0.0617103576660156 0.0517959594726563 0.0803070068359375
0.0555496215820313 0.0204544067382813 0.462310791015625 0.066650390625
0.0208396911621094 -0.0179710388183594 0.410614013671875 -0.283660888671875
-0.014251708984375 -0.0180416107177734 -0.00741577148437502 -0.38848876953125
-0.014002799987793 -0.00495338439941406 -0.2449951171875 -0.165206909179687
0.000699996948242188 0.011845588684082 -0.210784912109375 0.00624084472656248
0.0049896240234375 0.0146541595458984 -0.060546875 0.0941009521484375
0.00390195846557617 -0.00458335876464844 0.0558929443359375 0.07257080078125
0.00644111633300781 -0.000747203826904297 -0.0309600830078125 -0.0760498046875
9.44137573242203E-05 0.0142345428466797 0.0952682495117188 -0.0587539672851562
0.00331020355224609 0.0173816680908203 0.202682495117188 0.0565032958984375
-0.0110006332397461 0.00627613067626953 0.175460815429688 0.25128173828125
-0.0205516815185547 -0.0204277038574219 -0.11260986328125 0.3475341796875
0.0158271789550781 -0.0440559387207031 -0.410888671875 0.202423095703125
0.0545082092285156 0.00999832153320313 -0.359619140625 -0.0408935546875
0.0701751708984375 0.0634346008300781 0.0402450561523438 0.0722427368164063
0.0629043579101563 0.021575927734375 0.456085205078125 0.074371337890625
0.0253028869628906 -0.01806640625 0.42010498046875 -0.2755126953125
-0.0116329193115234 -0.0189342498779297 0.00500488281250001 -0.3907470703125
-0.013432502746582 -0.00397968292236328 -0.240676879882813 -0.1744384765625
-0.000290870666503906 0.0126066207885742 -0.213409423828125 0.00120544433593753
0.00585460662841797 0.0142326354980469 -0.06427001953125 0.093292236328125
0.00566864013671875 -0.00417661666870117 0.0549468994140625 0.0723800659179688
0.00876188278198242 -0.00163555145263672 -0.03271484375 -0.0753402709960937
0.000992774963378906 0.0127544403076172 0.0923309326171875 -0.0609512329101562
0.00371551513671875 0.0182456970214844 0.20208740234375 0.050140380859375
-0.00846385955810547 0.00914382934570312 0.181915283203125 0.243499755859375
-0.0193271636962891 -0.0184593200683594 -0.0987548828125 0.347625732421875
0.0142097473144531 -0.0451507568359375 -0.40252685546875 0.214996337890625
0.05426025390625 0.00517654418945313 -0.36676025390625 -0.037200927734375
0.0723037719726562 0.0610885620117187 0.0257148742675781 0.0641517639160156
0.0653800964355469 0.0223617553710938 0.447845458984375 0.08551025390625
0.0279083251953125 -0.0186862945556641 0.433807373046875 -0.26141357421875
-0.00942611694335938 -0.0184535980224609 0.021026611328125 -0.394622802734375
-0.0119762420654297 -0.00253772735595703 -0.23626708984375 -0.1851806640625
0.00127220153808594 0.0132036209106445 -0.215377807617188 -0.00598144531249998
0.00655746459960938 0.0144386291503906 -0.0674819946289063 0.0917205810546875
0.00797367095947266 -0.00492048263549805 0.0538787841796875 0.0730514526367188
0.0104799270629883 -0.00252056121826172 -0.0351943969726563 -0.0738906860351563
0.00212860107421875 0.0122518539428711 0.0902023315429688 -0.0632858276367188
0.00622749328613281 0.0187530517578125 0.202774047851562 0.0427398681640625
-0.00689697265625 0.0120067596435547 0.18988037109375 0.233688354492188
-0.0195503234863281 -0.0137500762939453 -0.083984375 0.351043701171875
0.0100250244140625 -0.0447120666503906 -0.39337158203125 0.227783203125
0.05072021484375 0.000293731689453125 -0.37554931640625 -0.029144287109375
0.0698318481445313 0.0560798645019531 0.0114555358886719 0.0587005615234375
0.0635757446289063 0.0221595764160156 0.4393310546875 0.098663330078125
0.0273971557617188 -0.0186100006103516 0.443603515625 -0.24615478515625
-0.00759220123291016 -0.0160608291625977 0.036834716796875 -0.39666748046875
-0.00987625122070313 0.000442504882812501 -0.231414794921875 -0.194061279296875
0.001190185546875 0.0149250030517578 -0.217254638671875 -0.0131378173828125
0.00762271881103516 0.0137434005737305 -0.0703582763671875 0.0907135009765625
0.00914192199707031 -0.00510597229003906 0.0528564453125 0.0746612548828125
0.0122919082641602 -0.00432586669921875 -0.03656005859375 -0.0739974975585938
0.00394725799560547 0.0106344223022461 0.0894012451171875 -0.066741943359375
0.00811767578125 0.01947021484375 0.202362060546875 0.03570556640625
-0.00463199615478516 0.0157546997070313 0.195816040039062 0.226715087890625
-0.0206699371337891 -0.00922966003417969 -0.0706787109375 0.350433349609375
0.00513076782226563 -0.0445632934570312 -0.3853759765625 0.23980712890625
0.0422935485839844 -0.00534820556640625 -0.380859375 -0.0224609374999999
0.0621337890625 0.0488624572753906 -0.000762939453124999 0.0548896789550781
0.0572471618652344 0.020172119140625 0.4324951171875 0.1129150390625
0.0244770050048828 -0.0168437957763672 0.4547119140625 -0.230987548828125
-0.00758075714111328 -0.0131921768188477 0.05084228515625 -0.39703369140625
-0.0090036392211914 0.0035390853881836 -0.226730346679688 -0.203750610351563
0.00297260284423828 0.0165519714355469 -0.217941284179688 -0.01922607421875
0.0101203918457031 0.0136032104492188 -0.0726089477539063 0.089111328125
0.0112152099609375 -0.00628471374511719 0.0510635375976563 0.0745697021484375
0.0130205154418945 -0.00557136535644531 -0.0369491577148438 -0.0737457275390625
0.00599193572998047 0.00989437103271484 0.0895462036132813 -0.0682754516601563
0.0102939605712891 0.0194129943847656 0.202911376953125 0.0299835205078125
-0.00294876098632813 0.0181350708007813 0.20025634765625 0.220809936523438
-0.0216484069824219 -0.00497627258300781 -0.063507080078125 0.350982666015625
-0.00170516967773438 -0.0420379638671875 -0.3800048828125 0.247894287109375
0.0328044891357422 -0.0101051330566406 -0.3856201171875 -0.015960693359375
0.0513420104980469 0.0402946472167969 -0.00790023803710937 0.0538291931152344
0.0480003356933594 0.017181396484375 0.426788330078125 0.122955322265625
0.0193576812744141 -0.0150871276855469 0.45928955078125 -0.21868896484375
-0.00879001617431641 -0.00973987579345703 0.06146240234375 -0.3975830078125
-0.00708913803100586 0.00647211074829102 -0.223236083984375 -0.210494995117188
0.00427722930908203 0.0175266265869141 -0.218002319335938 -0.0254516601562501
0.0113430023193359 0.0133495330810547 -0.072265625 0.0872955322265625
0.0132989883422852 -0.00772666931152344 0.0513381958007813 0.0751190185546875
0.01348876953125 -0.00612545013427734 -0.0369033813476562 -0.0741500854492188
0.00806427001953125 0.00919723510742188 0.0905532836914063 -0.0695114135742188
0.0126266479492188 0.0196418762207031 0.204421997070313 0.0269622802734375
-0.00150108337402344 0.0204582214355469 0.201370239257813 0.218124389648438
-0.0209274291992188 -0.00069236755371094 -0.06048583984375 0.35125732421875
-0.0075531005859375 -0.0395774841308594 -0.38037109375 0.251190185546875
0.0201377868652344 -0.0137710571289063 -0.38421630859375 -0.012847900390625
0.0393829345703125 0.0320320129394531 -0.00992965698242187 0.0572357177734375
0.0368537902832031 0.0137100219726563 0.426666259765625 0.13067626953125
0.0122394561767578 -0.0135917663574219 0.46246337890625 -0.213470458984375
-0.011418342590332 -0.00602626800537109 0.063873291015625 -0.397125244140625
-0.00632858276367187 0.00931549072265625 -0.223114013671875 -0.212783813476562
0.00530815124511719 0.0187740325927734 -0.217498779296875 -0.027435302734375
0.0131425857543945 0.0132923126220703 -0.0718154907226563 0.0869674682617187
0.0142965316772461 -0.00841140747070313 0.0519180297851563 0.0747299194335938
0.0137758255004883 -0.00649547576904297 -0.0361862182617187 -0.0747833251953125
0.00848865509033203 0.00979423522949219 0.0935592651367188 -0.0705184936523438
0.0137653350830078 0.019439697265625 0.207977294921875 0.02264404296875
-0.000440597534179687 0.0220794677734375 0.204666137695313 0.217025756835938
-0.0231952667236328 0.00212287902832031 -0.056976318359375 0.3546142578125
-0.0137939453125 -0.0372085571289063 -0.379241943359375 0.257232666015625
0.0100345611572266 -0.0143213272094727 -0.3834228515625 -0.00396728515624996
0.0291957855224609 0.0249004364013672 -0.00506210327148438 0.0628700256347656
0.0267066955566406 0.00908470153808594 0.4322509765625 0.12408447265625
0.00468826293945313 -0.0137538909912109 0.4571533203125 -0.22357177734375
-0.0142002105712891 -0.00364303588867187 0.05426025390625 -0.3984375
-0.00553512573242187 0.010655403137207 -0.227920532226563 -0.208953857421875
0.00689697265625 0.0192317962646484 -0.218048095703125 -0.0247802734375
0.0141267776489258 0.0131063461303711 -0.068695068359375 0.087646484375
0.0153017044067383 -0.00930404663085937 0.0537490844726562 0.0741500854492188
0.00635910034179688 -0.000508785247802734 -0.0279159545898437 -0.077789306640625
0.000406265258789063 0.0154123306274414 0.098480224609375 -0.0568771362304687
0.00212860107421875 0.0164546966552734 0.202239990234375 0.060577392578125
-0.0119609832763672 0.00453853607177734 0.167724609375 0.257308959960938
-0.0219039916992188 -0.0209503173828125 -0.1243896484375 0.34375
0.0137786865234375 -0.0416107177734375 -0.415069580078125 0.18927001953125
0.0482025146484375 0.0125656127929688 -0.349578857421875 -0.045013427734375
0.0621376037597656 0.06072998046875 0.0512542724609375 0.0797576904296875
0.0559577941894531 0.0202255249023437 0.45843505859375 0.065826416015625
0.0202693939208984 -0.0178775787353516 0.408538818359375 -0.2835693359375
-0.0135173797607422 -0.0178699493408203 -0.00775146484374998 -0.3858642578125
-0.013728141784668 -0.00494670867919922 -0.243270874023438 -0.165115356445313
0.000828742980957032 0.0116968154907227 -0.209884643554688 0.00634765624999996
0.00554370880126953 0.0142297744750977 -0.06072998046875 0.094085693359375
0.00380349159240723 -0.00365805625915527 0.05523681640625 0.0720901489257813
0.00757169723510742 -0.00127506256103516 -0.0308074951171875 -0.0755996704101563
0.000591278076171875 0.014430046081543 0.0947189331054688 -0.05841064453125
0.00339317321777344 0.0169496536254883 0.202224731445313 0.0561981201171875
-0.0108661651611328 0.00664806365966797 0.174362182617188 0.248794555664063
-0.0209426879882813 -0.0206413269042969 -0.11181640625 0.34600830078125
0.0155677795410156 -0.043792724609375 -0.408966064453125 0.200286865234375
0.0538558959960938 0.0105400085449219 -0.357269287109375 -0.04205322265625
0.0696029663085938 0.0624847412109375 0.0391387939453125 0.0716400146484375
0.0623283386230469 0.0214195251464844 0.453369140625 0.073028564453125
0.0246639251708984 -0.018890380859375 0.419891357421875 -0.27447509765625
-0.0117244720458984 -0.0188694000244141 0.00564575195312503 -0.389801025390625
-0.0134086608886719 -0.00376415252685547 -0.239730834960937 -0.173675537109375
0.000151634216308594 0.0122079849243164 -0.213104248046875 0.00125122070312498
0.00559043884277344 0.0138769149780273 -0.065216064453125 0.0932846069335938
0.00517988204956055 -0.00409126281738281 0.0548553466796875 0.0721206665039063
0.00902462005615234 -0.00235652923583984 -0.0335311889648437 -0.0746383666992188
0.0015268325805664 0.0132846832275391 0.0923080444335938 -0.0605087280273438
0.00421333312988281 0.0179710388183594 0.202011108398438 0.0494384765625
-0.00968647003173828 0.0087137222290039 0.181228637695313 0.24176025390625
-0.0198745727539063 -0.0180683135986328 -0.0972900390625 0.347503662109375
0.0140342712402344 -0.0443534851074219 -0.40020751953125 0.214080810546875
0.054534912109375 0.0051422119140625 -0.36468505859375 -0.0369873046875
0.0717010498046875 0.06103515625 0.024810791015625 0.0649299621582031
0.0642204284667969 0.0231513977050781 0.444793701171875 0.084716796875
0.0273265838623047 -0.0172843933105469 0.430877685546875 -0.260406494140625
-0.00947189331054688 -0.0181541442871094 0.02099609375 -0.39361572265625
-0.011693000793457 -0.00273990631103515 -0.234893798828125 -0.18365478515625
0.000491142272949218 0.0135307312011719 -0.215103149414063 -0.00515747070312504
0.00644016265869141 0.0135955810546875 -0.0678253173828125 0.0922927856445313
0.00700092315673828 -0.00434207916259766 0.0530776977539062 0.0730438232421875
0.0101308822631836 -0.00343608856201172 -0.034881591796875 -0.0739593505859375
0.00331592559814453 0.0123405456542969 0.0897140502929688 -0.0632476806640625
0.00619316101074219 0.0185394287109375 0.201385498046875 0.042724609375
-0.00717926025390625 0.0119132995605469 0.1890869140625 0.23223876953125
-0.0196876525878906 -0.0143547058105469 -0.08172607421875 0.348236083984375
0.010162353515625 -0.0447463989257813 -0.391082763671875 0.22625732421875
0.0496978759765625 -0.000141143798828125 -0.372589111328125 -0.028411865234375
0.0695762634277344 0.0556983947753906 0.0107345581054688 0.05780029296875
0.0625762939453125 0.0219459533691406 0.437530517578125 0.096954345703125
0.0272464752197266 -0.0170459747314453 0.4422607421875 -0.24566650390625
-0.00850009918212891 -0.0158491134643555 0.03570556640625 -0.3939208984375
-0.0102176666259766 0.000478744506835935 -0.23114013671875 -0.19378662109375
0.00143718719482422 0.0143947601318359 -0.216690063476563 -0.01239013671875
0.00830364227294922 0.0135021209716797 -0.0707778930664063 0.089813232421875
0.00929927825927735 -0.00550556182861328 0.0518798828125 0.0747756958007813
0.0115251541137695 -0.00476741790771484 -0.03656005859375 -0.0731430053710937
0.00473880767822266 0.011418342590332 0.089385986328125 -0.0655136108398438
0.00785255432128906 0.0192508697509766 0.202056884765625 0.0347442626953125
-0.00506114959716797 0.0147504806518555 0.195449829101563 0.225021362304688
-0.0200653076171875 -0.00931549072265625 -0.06951904296875 0.350372314453125
0.00449371337890624 -0.0433769226074219 -0.383544921875 0.2392578125
0.0419120788574219 -0.00532150268554688 -0.377532958984375 -0.0223083496093749
0.0622940063476563 0.048309326171875 -0.000225067138671867 0.0539703369140625
0.0566596984863281 0.0202598571777344 0.4298095703125 0.1124267578125
0.0240592956542969 -0.0162448883056641 0.451904296875 -0.23004150390625
-0.00786495208740234 -0.0133056640625 0.051116943359375 -0.3961181640625
-0.00771188735961914 0.00310564041137695 -0.226089477539063 -0.201797485351563
0.00290584564208984 0.0160760879516602 -0.218063354492188 -0.0189666748046875
0.0102949142456055 0.0130338668823242 -0.0720443725585938 0.0888137817382813
0.0116825103759766 -0.00692558288574219 0.0517730712890625 0.0744247436523438
0.0133647918701172 -0.00579261779785156 -0.036865234375 -0.0732498168945313
0.00626659393310547 0.0100831985473633 0.0898818969726563 -0.0677261352539063
0.0104427337646484 0.0187702178955078 0.20263671875 0.030029296875
-0.00338935852050781 0.0179519653320313 0.200241088867188 0.219329833984375
-0.0205650329589844 -0.00468826293945312 -0.0626220703125 0.34954833984375
-0.00211715698242188 -0.0411109924316406 -0.378082275390625 0.24725341796875
0.0310192108154297 -0.0100460052490234 -0.38214111328125 -0.016693115234375
0.0513534545898438 0.0398521423339844 -0.00856018066406249 0.0535087585449219
0.0477371215820313 0.0172843933105469 0.423309326171875 0.122161865234375
0.019561767578125 -0.0147266387939453 0.45733642578125 -0.2191162109375
-0.00919055938720703 -0.00980567932128906 0.06103515625 -0.3958740234375
-0.00724649429321289 0.00634002685546875 -0.22210693359375 -0.208587646484375
0.00400924682617188 0.0177383422851563 -0.217453002929688 -0.0246124267578125
0.0114097595214844 0.0132131576538086 -0.0732498168945312 0.08642578125
0.0133256912231445 -0.00767707824707031 0.0507736206054688 0.0746078491210938
0.0143804550170898 -0.00566864013671875 -0.0366744995117187 -0.0743865966796875
0.00829887390136719 0.00982570648193359 0.091033935546875 -0.0690536499023438
0.0119571685791016 0.0193805694580078 0.202957153320312 0.025970458984375
-0.00187301635742187 0.0207195281982422 0.201095581054688 0.216873168945312
-0.0222129821777344 -0.000690460205078122 -0.060394287109375 0.3499755859375
-0.00838088989257812 -0.0391006469726563 -0.3770751953125 0.2496337890625
0.0203876495361328 -0.01239013671875 -0.38128662109375 -0.012176513671875
0.0394859313964844 0.0320777893066406 -0.00996398925781249 0.0562553405761719
0.0363960266113281 0.0134124755859375 0.423492431640625 0.129058837890625
0.0118818283081055 -0.0140895843505859 0.46044921875 -0.213134765625
-0.0114059448242188 -0.00632095336914062 0.064178466796875 -0.395965576171875
-0.00564146041870117 0.00866365432739258 -0.220321655273437 -0.212234497070313
0.00562095642089843 0.0185470581054687 -0.216781616210938 -0.026885986328125
0.0127601623535156 0.0128269195556641 -0.071929931640625 0.0857315063476563
0.0141973495483398 -0.00890827178955078 0.0520782470703125 0.0748138427734375
0.0141458511352539 -0.00676059722900391 -0.0357818603515625 -0.0747146606445313
0.00878238677978516 0.0100831985473633 0.0926895141601563 -0.0707321166992187
0.0131931304931641 0.0184116363525391 0.20684814453125 0.0216827392578125
-0.00116920471191406 0.0217666625976562 0.204544067382813 0.215530395507813
-0.0231399536132813 0.00211715698242187 -0.05621337890625 0.3533935546875
-0.0140762329101563 -0.0363540649414063 -0.376495361328125 0.2569580078125
0.0100927352905273 -0.0148754119873047 -0.382080078125 -0.00430297851562504
0.0284423828125 0.0244369506835937 -0.00561904907226562 0.0622215270996094
0.027008056640625 0.00881576538085938 0.429779052734375 0.12347412109375
0.00503063201904297 -0.012944221496582 0.45538330078125 -0.222320556640625
-0.0139274597167969 -0.00333309173583985 0.053955078125 -0.39703369140625
-0.00530910491943359 0.0108270645141602 -0.22686767578125 -0.208221435546875
0.00710105895996093 0.0188198089599609 -0.216171264648437 -0.0240631103515625
0.0144119262695313 0.0125341415405273 -0.06854248046875 0.0871124267578125
0.0147056579589844 -0.00982666015625 0.053314208984375 0.0739059448242188
0.00605392456054688 -0.000547885894775391 -0.0283660888671875 -0.0767059326171875
0.00046062469482422 0.015620231628418 0.097625732421875 -0.0570526123046875
0.00326251983642578 0.016047477722168 0.202041625976563 0.0609893798828125
-0.0121192932128906 0.00444984436035156 0.166656494140625 0.255401611328125
-0.0216026306152344 -0.0205211639404297 -0.12451171875 0.34271240234375
0.0128021240234375 -0.0409660339355469 -0.4136962890625 0.187774658203125
0.0476799011230469 0.0127029418945313 -0.34814453125 -0.04547119140625
0.0615272521972656 0.0605506896972656 0.0500869750976563 0.0789413452148438
0.0555496215820313 0.0199928283691406 0.455596923828125 0.066375732421875
0.019866943359375 -0.0174083709716797 0.4072265625 -0.2811279296875
-0.0138168334960938 -0.0183601379394531 -0.00701904296874998 -0.3839111328125
-0.0142059326171875 -0.00495624542236328 -0.2420654296875 -0.165054321289062
0.00102901458740234 0.011439323425293 -0.210006713867188 0.00677490234375004
0.00510501861572266 0.0145368576049805 -0.0606002807617188 0.0937652587890625
0.00351238250732422 -0.0045013427734375 0.0547866821289063 0.0718460083007813
0.00694417953491211 -0.00174665451049805 -0.029937744140625 -0.075225830078125
0.00115489959716797 0.0148859024047852 0.0950393676757813 -0.057830810546875
0.00313758850097656 0.0170402526855469 0.201034545898438 0.055419921875
-0.0109634399414063 0.00582599639892578 0.174041748046875 0.248672485351562
-0.0208015441894531 -0.0201320648193359 -0.11199951171875 0.344482421875
0.0148773193359375 -0.0438156127929687 -0.407928466796875 0.20013427734375
0.0535697937011719 0.0104179382324219 -0.355682373046875 -0.0426330566406251
0.0683021545410156 0.0621871948242188 0.038299560546875 0.0707473754882812
0.0618095397949219 0.0213508605957031 0.44970703125 0.072357177734375
0.0246410369873047 -0.0184745788574219 0.417266845703125 -0.272125244140625
-0.0118560791015625 -0.0185337066650391 0.00564575195312496 -0.388153076171875
-0.0128631591796875 -0.00395774841308594 -0.23919677734375 -0.172714233398438
0.000290870666503905 0.0118646621704102 -0.212814331054688 0.000854492187500048
0.00558376312255859 0.0135784149169922 -0.0648345947265625 0.0930099487304688
0.00466489791870117 -0.00397539138793945 0.054046630859375 0.072509765625
0.00835227966308594 -0.00206518173217773 -0.0322799682617188 -0.0737991333007813
0.00202751159667969 0.0138092041015625 0.0923233032226563 -0.0597915649414062
0.00417518615722656 0.0178432464599609 0.20068359375 0.0486602783203125
-0.00938796997070313 0.00847530364990234 0.181137084960937 0.240402221679688
-0.0206298828125 -0.0176277160644531 -0.096099853515625 0.34521484375
0.0136604309082031 -0.0447769165039063 -0.397796630859375 0.21240234375
0.0536918640136719 0.00569915771484375 -0.364105224609375 -0.037109375
0.071319580078125 0.0601806640625 0.0242233276367188 0.0627822875976563
0.0640411376953125 0.0223388671875 0.44244384765625 0.084442138671875
0.0269126892089844 -0.01824951171875 0.42919921875 -0.259674072265625
-0.00899696350097656 -0.0185680389404297 0.021270751953125 -0.391265869140625
-0.0117635726928711 -0.00271224975585937 -0.234725952148438 -0.1832275390625
0.00037670135498047 0.0124626159667969 -0.215072631835938 -0.00543212890625
0.00667476654052734 0.012965202331543 -0.067718505859375 0.0915145874023438
0.00669765472412109 -0.00497341156005859 0.0529327392578125 0.07281494140625
0.0100126266479492 -0.00362682342529297 -0.0344085693359375 -0.0740814208984375
0.00304794311523438 0.0131149291992188 0.0897445678710938 -0.0633468627929688
0.00617408752441406 0.01849365234375 0.20098876953125 0.04132080078125
-0.00713920593261719 0.0118503570556641 0.188583374023438 0.231155395507813
-0.0199069976806641 -0.0145206451416016 -0.08203125 0.347259521484375
0.0104255676269531 -0.0448417663574219 -0.390106201171875 0.226287841796875
0.0492706298828125 0 -0.371337890625 -0.0302734374999999
0.06842041015625 0.0554389953613281 0.0102500915527344 0.056488037109375
0.0622100830078125 0.0218620300292969 0.43487548828125 0.097503662109375
0.026611328125 -0.0171489715576172 0.439605712890625 -0.245269775390625
-0.00729942321777344 -0.0159225463867188 0.03704833984375 -0.39398193359375
-0.0104436874389648 -0.000105857849121094 -0.229660034179688 -0.192581176757813
0.00200748443603516 0.0141153335571289 -0.216995239257813 -0.011871337890625
0.00779438018798828 0.013707160949707 -0.070831298828125 0.0902099609375
0.0086216926574707 -0.00571441650390625 0.0523834228515625 0.07366943359375
0.0119714736938477 -0.00410938262939453 -0.035675048828125 -0.0726470947265625
0.00528717041015625 0.0112895965576172 0.0890655517578125 -0.065521240234375
0.00823211669921875 0.0186195373535156 0.2010498046875 0.0334320068359375
-0.0054168701171875 0.0152387619018555 0.1943359375 0.2235107421875
-0.0204677581787109 -0.00954818725585938 -0.071441650390625 0.347564697265625
0.003875732421875 -0.0423316955566406 -0.38177490234375 0.237762451171875
0.0409355163574219 -0.005279541015625 -0.37628173828125 -0.022491455078125
0.0613365173339844 0.0479278564453125 -0.00127792358398437 0.0533599853515625
0.0559196472167969 0.0198745727539063 0.42681884765625 0.111053466796875
0.0235805511474609 -0.0159988403320313 0.4498291015625 -0.228546142578125
-0.00776386260986328 -0.0128288269042969 0.050872802734375 -0.394195556640625
-0.0087590217590332 0.00322771072387695 -0.225601196289063 -0.201461791992188
0.00238990783691406 0.0153226852416992 -0.217636108398438 -0.018707275390625
0.00911331176757813 0.0129489898681641 -0.0725555419921875 0.0889968872070313
0.0113430023193359 -0.0067291259765625 0.050750732421875 0.073974609375
0.0124502182006836 -0.0056304931640625 -0.0365524291992187 -0.0728988647460938
0.0068206787109375 0.0105257034301758 0.0891876220703125 -0.0677413940429688
0.0109062194824219 0.0187664031982422 0.201629638671875 0.029266357421875
-0.00392913818359375 0.017791748046875 0.199249267578125 0.217758178710938
-0.0210056304931641 -0.00506019592285156 -0.06298828125 0.348052978515625
-0.00270843505859375 -0.0411567687988281 -0.376220703125 0.245147705078125
0.0310459136962891 -0.00949668884277344 -0.37957763671875 -0.0164794921875001
0.0505752563476563 0.03961181640625 -0.00893783569335937 0.0526618957519531
0.0469436645507813 0.017669677734375 0.42071533203125 0.121795654296875
0.0183830261230469 -0.0148677825927734 0.45538330078125 -0.215972900390625
-0.00895500183105469 -0.00958061218261719 0.0625 -0.3941650390625
-0.00698518753051758 0.00624895095825195 -0.221450805664062 -0.207199096679688
0.00341701507568359 0.0166015625 -0.2169189453125 -0.0240936279296875
0.011387825012207 0.0131149291992187 -0.073272705078125 0.0873794555664062
0.0121707916259766 -0.00740146636962891 0.05072021484375 0.0746078491210938
0.0136375427246094 -0.00646018981933594 -0.0367431640625 -0.07354736328125
0.00887870788574219 0.0100975036621094 0.0908966064453125 -0.0685577392578125
0.0122241973876953 0.0190010070800781 0.202972412109375 0.025421142578125
-0.00232124328613281 0.0206871032714844 0.200103759765625 0.215850830078125
-0.0218372344970703 -0.000661849975585941 -0.060760498046875 0.348846435546875
-0.008575439453125 -0.0392303466796875 -0.375762939453125 0.249481201171875
0.0200901031494141 -0.0127830505371094 -0.37939453125 -0.013916015625
0.0389938354492188 0.0310745239257813 -0.0104217529296875 0.0553398132324219
0.0367393493652344 0.0128555297851563 0.4200439453125 0.128265380859375
0.0112905502319336 -0.0131816864013672 0.459075927734375 -0.2100830078125
-0.0117349624633789 -0.00638008117675781 0.062835693359375 -0.39349365234375
-0.00554275512695313 0.00867748260498047 -0.21978759765625 -0.209808349609375
0.00541305541992187 0.0180435180664063 -0.216552734375 -0.0264434814453125
0.0130195617675781 0.0130910873413086 -0.0712509155273437 0.0859222412109375
0.0137910842895508 -0.00836086273193359 0.0513076782226563 0.0744400024414063
0.0136289596557617 -0.00692558288574219 -0.0360336303710938 -0.074493408203125
0.0091705322265625 0.0102672576904297 0.0930557250976563 -0.070037841796875
0.0137557983398438 0.0186080932617188 0.205810546875 0.021331787109375
-0.00124359130859375 0.0212306976318359 0.204086303710938 0.213729858398437
-0.0236473083496094 0.00250244140625 -0.0560302734375 0.351348876953125
-0.0148887634277344 -0.036285400390625 -0.374176025390625 0.25445556640625
0.00948524475097656 -0.0148200988769531 -0.3798828125 -0.00460815429687507
0.0286483764648438 0.0243492126464844 -0.00544357299804688 0.0606269836425781
0.0268592834472656 0.00836753845214844 0.426849365234375 0.12237548828125
0.00401592254638672 -0.0124578475952148 0.454376220703125 -0.220947265625
-0.0140409469604492 -0.00380611419677734 0.05413818359375 -0.395721435546875
-0.00489521026611328 0.0105133056640625 -0.22552490234375 -0.206451416015625
0.00752639770507813 0.0186290740966797 -0.215606689453125 -0.023406982421875
0.014979362487793 0.0130510330200195 -0.0682449340820313 0.0870895385742188
0.0146112442016602 -0.00957298278808594 0.053070068359375 0.07379150390625
0.00566005706787109 -0.000689029693603516 -0.0283050537109375 -0.0771865844726563
0.00074481964111328 0.0150060653686523 0.0979537963867187 -0.056854248046875
0.0032501220703125 0.0159311294555664 0.200790405273438 0.059356689453125
-0.0123329162597656 0.0050516128540039 0.165863037109375 0.25482177734375
-0.022216796875 -0.0214042663574219 -0.123931884765625 0.341705322265625
0.0124969482421875 -0.0410537719726562 -0.41290283203125 0.1866455078125
0.0471534729003906 0.0128288269042969 -0.34674072265625 -0.0464782714843749
0.06097412109375 0.0600700378417969 0.0492324829101563 0.0785751342773438
0.0548553466796875 0.0198516845703125 0.453369140625 0.06683349609375
0.0190486907958984 -0.0168666839599609 0.406280517578125 -0.279998779296875
-0.0137615203857422 -0.0174274444580078 -0.00555419921875001 -0.382965087890625
-0.0138454437255859 -0.00506401062011719 -0.241744995117187 -0.164291381835938
0.000668525695800782 0.011347770690918 -0.210006713867188 0.00706481933593748
0.00565242767333985 0.0148792266845703 -0.060943603515625 0.0937347412109375
0.00349283218383789 -0.00392365455627441 0.0548553466796875 0.072509765625
0.00693511962890625 -0.00147294998168945 -0.0304489135742188 -0.0754318237304688
0.00103664398193359 0.0149078369140625 0.0955734252929688 -0.0581130981445312
0.00351715087890625 0.0174064636230469 0.201309204101563 0.055084228515625
-0.0113096237182617 0.00631046295166016 0.172988891601563 0.248367309570313
-0.0210819244384766 -0.0200405120849609 -0.111419677734375 0.34429931640625
0.0143852233886719 -0.0431175231933594 -0.4068603515625 0.19854736328125
0.0525131225585938 0.0103378295898438 -0.354461669921875 -0.043609619140625
0.068145751953125 0.0611495971679688 0.0380020141601563 0.0707931518554688
0.0613212585449219 0.0216484069824219 0.44830322265625 0.074188232421875
0.0245265960693359 -0.0176906585693359 0.4168701171875 -0.271331787109375
-0.0114154815673828 -0.0182323455810547 0.00531005859374998 -0.38653564453125
-0.0130186080932617 -0.0043954849243164 -0.237838745117188 -0.172592163085937
0.000614166259765626 0.0117111206054688 -0.212921142578125 0.00166320800781251
0.00586605072021484 0.0140857696533203 -0.0648117065429688 0.0923690795898438
0.00454425811767578 -0.00388622283935547 0.0528793334960938 0.073272705078125
0.00823736190795898 -0.00162601470947266 -0.0319061279296875 -0.074432373046875
0.00244522094726562 0.013911247253418 0.09161376953125 -0.0601348876953125
0.00383377075195312 0.0178012847900391 0.200180053710938 0.0481719970703125
-0.00960731506347656 0.00883960723876953 0.180419921875 0.23931884765625
-0.0200958251953125 -0.0181999206542969 -0.097564697265625 0.345794677734375
0.01361083984375 -0.0436286926269531 -0.39825439453125 0.2113037109375
0.0531539916992188 0.00605010986328125 -0.362579345703125 -0.037841796875
0.07080078125 0.060333251953125 0.0236396789550781 0.0624008178710938
0.0638999938964844 0.0222244262695313 0.440277099609375 0.08502197265625
0.0277881622314453 -0.0179576873779297 0.428497314453125 -0.259246826171875
-0.00875282287597656 -0.01788330078125 0.023406982421875 -0.390228271484375
-0.0123109817504883 -0.00239086151123047 -0.2332763671875 -0.182891845703125
0.000474929809570314 0.0119991302490234 -0.21533203125 -0.00439453124999999
0.00648212432861328 0.0139503479003906 -0.0678558349609375 0.0916824340820312
0.00626230239868164 -0.00418281555175781 0.0521621704101563 0.0734405517578125
0.00999164581298828 -0.00335979461669922 -0.0346145629882812 -0.072998046875
0.00303363800048828 0.0125246047973633 0.0895919799804688 -0.0626983642578125
0.00603294372558594 0.018218994140625 0.200241088867188 0.0408477783203125
-0.00774288177490234 0.0113668441772461 0.1881103515625 0.231338500976563
-0.020538330078125 -0.0143547058105469 -0.0828857421875 0.34539794921875
0.00941848754882812 -0.0441169738769531 -0.3892822265625 0.22503662109375
0.0486488342285156 0.000591278076171875 -0.36981201171875 -0.030517578125
0.0679473876953125 0.0551185607910156 0.00986480712890625 0.0562934875488281
0.0620498657226563 0.0214118957519531 0.4326171875 0.097991943359375
0.0270767211914063 -0.0171642303466797 0.4395751953125 -0.242584228515625
-0.00751972198486328 -0.0158843994140625 0.037628173828125 -0.391815185546875
-0.00955009460449219 4.76837158202946E-06 -0.2283935546875 -0.192031860351562
0.00171852111816406 0.013671875 -0.216552734375 -0.0111083984375
0.00805282592773438 0.0133914947509766 -0.070831298828125 0.0900802612304688
0.00851583480834961 -0.0052332878112793 0.0508804321289062 0.0729827880859375
0.0122032165527344 -0.00446510314941406 -0.035797119140625 -0.0726318359375
0.00522041320800781 0.0111503601074219 0.0885238647460938 -0.0644607543945313
0.0080413818359375 0.0187797546386719 0.200210571289063 0.0336761474609375
-0.00549793243408203 0.0151853561401367 0.1942138671875 0.223709106445312
-0.0208721160888672 -0.00949287414550781 -0.07110595703125 0.347259521484375
0.00416946411132813 -0.0423431396484375 -0.381683349609375 0.236297607421875
0.0401954650878906 -0.00553131103515625 -0.3751220703125 -0.023193359375
0.0614776611328125 0.0478172302246094 -0.00215148925781249 0.0529098510742188
0.0560951232910156 0.0197219848632813 0.42401123046875 0.11236572265625
0.0238857269287109 -0.0151500701904297 0.449554443359375 -0.22747802734375
-0.0079660415649414 -0.0131464004516602 0.05096435546875 -0.39410400390625
-0.00827169418334961 0.00311470031738281 -0.224334716796875 -0.201141357421875
0.00206089019775391 0.0155611038208008 -0.217300415039063 -0.018035888671875
0.00949668884277344 0.0124759674072266 -0.0722122192382813 0.0877227783203125
0.0102825164794922 -0.00656604766845703 0.0507736206054687 0.0740280151367187
0.0134706497192383 -0.00564765930175781 -0.0363235473632813 -0.0731430053710938
0.00697040557861328 0.0102806091308594 0.0885391235351563 -0.0669708251953125
0.0107555389404297 0.0190830230712891 0.200775146484375 0.0289459228515625
-0.00357818603515625 0.0181541442871094 0.198715209960938 0.218215942382813
-0.0214099884033203 -0.00522804260253906 -0.062835693359375 0.34619140625
-0.00272750854492188 -0.0408287048339844 -0.376617431640625 0.24432373046875
0.0307483673095703 -0.00966644287109375 -0.379180908203125 -0.0179443359375001
0.0506553649902344 0.039276123046875 -0.00868606567382812 0.051361083984375
0.0470848083496094 0.0161857604980469 0.41845703125 0.122314453125
0.0181674957275391 -0.0145626068115234 0.4549560546875 -0.21533203125
-0.008575439453125 -0.00960159301757813 0.0616455078125 -0.39324951171875
-0.00661706924438477 0.00660133361816406 -0.220184326171875 -0.207275390625
0.00412845611572266 0.0167140960693359 -0.217193603515625 -0.0240020751953125
0.0116863250732422 0.0131149291992188 -0.0731735229492188 0.0869293212890625
0.0117549896240234 -0.00812530517578125 0.0507736206054688 0.0751724243164063
0.0133123397827148 -0.00629711151123047 -0.0361175537109375 -0.0734405517578125
0.00871944427490234 0.0100488662719727 0.0902175903320313 -0.0685806274414063
0.0120315551757813 0.0189399719238281 0.20269775390625 0.025054931640625
-0.00258827209472656 0.0201396942138672 0.20013427734375 0.215362548828125
-0.0227108001708984 -0.00123023986816406 -0.060638427734375 0.347869873046875
-0.00966644287109375 -0.0380859375 -0.3756103515625 0.247161865234375
0.0194664001464844 -0.0126819610595703 -0.3790283203125 -0.0133972167968749
0.03857421875 0.0311126708984375 -0.0107536315917969 0.0540809631347656
0.0363616943359375 0.0131950378417969 0.4180908203125 0.12841796875
0.0112705230712891 -0.0137395858764648 0.456787109375 -0.210052490234375
-0.0111818313598633 -0.00607776641845703 0.064483642578125 -0.393035888671875
-0.00560140609741211 0.00846624374389648 -0.218978881835937 -0.210723876953125
0.00514793395996094 0.0179958343505859 -0.216049194335938 -0.026153564453125
0.0130367279052734 0.0122222900390625 -0.0714797973632813 0.0857925415039062
0.0136003494262695 -0.00859165191650391 0.0508193969726562 0.0739974975585938
0.0136051177978516 -0.00690746307373047 -0.0354385375976562 -0.0745468139648438
0.00945663452148438 0.00995254516601563 0.0927810668945313 -0.0696792602539063
0.0140151977539062 0.0184040069580078 0.204788208007813 0.021453857421875
-0.00171089172363281 0.02154541015625 0.203140258789063 0.213134765625
-0.0238761901855469 0.00204277038574218 -0.05712890625 0.3514404296875
-0.0143814086914063 -0.0361824035644531 -0.3739013671875 0.254486083984375
0.00892734527587891 -0.0141258239746094 -0.37872314453125 -0.00674438476562499
0.0286865234375 0.0236358642578125 -0.00571060180664063 0.0595893859863281
0.0267372131347656 0.00945663452148438 0.424468994140625 0.123687744140625
0.00463485717773437 -0.0125494003295898 0.452392578125 -0.21942138671875
-0.0138368606567383 -0.00306892395019531 0.054718017578125 -0.395782470703125
-0.00460147857666016 0.0108547210693359 -0.2247314453125 -0.205612182617188
0.00708389282226563 0.0181598663330078 -0.216598510742188 -0.0228271484375
0.0138273239135742 0.011897087097168 -0.0681915283203125 0.0872726440429688
0.0132884979248047 -0.00981426239013672 0.0531997680664062 0.0735321044921875
0.00561046600341797 -0.00129795074462891 -0.0277633666992187 -0.077301025390625
0.000939369201660158 0.0157766342163086 0.0977020263671875 -0.0558319091796875
0.00266838073730469 0.0157814025878906 0.200775146484375 0.0599365234375
-0.0125160217285156 0.00481128692626953 0.165267944335938 0.254959106445313
-0.0223789215087891 -0.0207118988037109 -0.124847412109375 0.341064453125
0.0123634338378906 -0.04083251953125 -0.41339111328125 0.185577392578125
0.0465621948242188 0.0126762390136719 -0.346435546875 -0.047271728515625
0.0607643127441406 0.0596084594726563 0.0488967895507813 0.0780105590820313
0.0553054809570312 0.0198516845703125 0.452728271484375 0.06805419921875
0.0199184417724609 -0.0167026519775391 0.405975341796875 -0.2777099609375
-0.0139579772949219 -0.0179786682128906 -0.00375366210937504 -0.3834228515625
-0.0139560699462891 -0.00463771820068359 -0.241226196289063 -0.164260864257812
0.00089740753173828 0.0110979080200195 -0.210174560546875 0.00585937500000004
0.00580501556396484 0.0148687362670898 -0.060943603515625 0.09375
0.00258350372314453 -0.00438737869262695 0.053741455078125 0.0730514526367188
0.00624275207519531 -0.00137758255004883 -0.0307846069335938 -0.0756759643554688
0.0011749267578125 0.01507568359375 0.0949554443359375 -0.0571517944335938
0.00322914123535156 0.0165386199951172 0.200729370117187 0.05474853515625
-0.0119781494140625 0.00569343566894531 0.173568725585938 0.248611450195313
-0.0214729309082031 -0.01971435546875 -0.111480712890625 0.34307861328125
0.0143661499023437 -0.0416717529296875 -0.4061279296875 0.197174072265625
0.0525970458984375 0.0107688903808594 -0.354095458984375 -0.04437255859375
0.0679435729980469 0.0616798400878906 0.0372734069824219 0.0699958801269531
0.0610389709472656 0.0215339660644531 0.445831298828125 0.07427978515625
0.0236320495605469 -0.0178394317626953 0.41729736328125 -0.270782470703125
-0.0115985870361328 -0.0183582305908203 0.00759887695312496 -0.386932373046875
-0.0132551193237305 -0.00416374206542969 -0.237350463867188 -0.173141479492188
0.000799179077148439 0.0113706588745117 -0.213394165039063 0.00157165527343748
0.00531578063964844 0.0137996673583984 -0.0650711059570313 0.0931549072265625
0.00420928001403809 -0.00398087501525879 0.0536727905273438 0.0728759765625
0.00850248336791992 -0.00209522247314453 -0.03228759765625 -0.074462890625
0.00217247009277344 0.0140628814697266 0.0924301147460938 -0.0594253540039063
0.00386619567871094 0.0171985626220703 0.1998291015625 0.0479888916015625
-0.0104427337646484 0.00857639312744141 0.180145263671875 0.240142822265625
-0.020904541015625 -0.0181503295898437 -0.09796142578125 0.3448486328125
0.0134353637695312 -0.0435676574707031 -0.397552490234375 0.20977783203125
0.0533027648925781 0.00642013549804688 -0.361602783203125 -0.039276123046875
0.07073974609375 0.060028076171875 0.0232810974121094 0.0614814758300781
0.0638236999511719 0.0221939086914063 0.43853759765625 0.0859375
0.0269241333007813 -0.0171165466308594 0.4285888671875 -0.257049560546875
-0.00891876220703125 -0.01812744140625 0.02349853515625 -0.3900146484375
-0.0115566253662109 -0.00267887115478516 -0.233444213867188 -0.182586669921875
0.00104808807373047 0.0122356414794922 -0.215194702148438 -0.00520324707031247
0.00700664520263672 0.0140485763549805 -0.0682907104492187 0.0914306640625
0.00532388687133789 -0.00415563583374023 0.0517807006835938 0.0733718872070313
0.00995349884033203 -0.00310516357421875 -0.0347900390625 -0.0730209350585938
0.00395011901855469 0.0126266479492187 0.0903396606445312 -0.06304931640625
0.00647163391113281 0.0180797576904297 0.200759887695313 0.0409088134765625
-0.00765419006347656 0.0122165679931641 0.187606811523438 0.23150634765625
-0.0210971832275391 -0.0146026611328125 -0.083404541015625 0.345245361328125
0.0085906982421875 -0.0433578491210938 -0.389617919921875 0.22406005859375
0.0486412048339844 0.00083160400390625 -0.36907958984375 -0.0315856933593749
0.0676956176757812 0.0548171997070312 0.00956344604492188 0.0556068420410156
0.0616226196289062 0.0219573974609375 0.431396484375 0.099700927734375
0.0270366668701172 -0.0163040161132813 0.4393310546875 -0.242919921875
-0.00717926025390625 -0.0162124633789062 0.03887939453125 -0.392242431640625
-0.0100593566894531 -0.00105571746826172 -0.22857666015625 -0.19293212890625
0.00198650360107422 0.013946533203125 -0.217422485351562 -0.01129150390625
0.00865364074707031 0.0132055282592773 -0.0707473754882813 0.0898895263671875
0.00836610794067383 -0.00567054748535156 0.05078125 0.0737838745117188
0.0118827819824219 -0.00418376922607422 -0.0359573364257813 -0.0727005004882812
0.00566959381103516 0.0113344192504883 0.089202880859375 -0.064300537109375
0.00869178771972656 0.0183773040771484 0.2005615234375 0.0333404541015625
-0.00551223754882813 0.0144901275634766 0.193145751953125 0.223953247070313
-0.0209388732910156 -0.00984382629394531 -0.072265625 0.34619140625
0.00347900390625 -0.0422286987304688 -0.382110595703125 0.23614501953125
0.0405349731445313 -0.0044403076171875 -0.373443603515625 -0.025726318359375
0.0605545043945313 0.0475959777832031 -0.0021209716796875 0.0521125793457031
0.0556983947753906 0.0201873779296875 0.4228515625 0.111541748046875
0.0236396789550781 -0.0152988433837891 0.449188232421875 -0.226470947265625
-0.00816631317138672 -0.0129432678222656 0.0531005859375 -0.392303466796875
-0.00867509841918945 0.00225162506103516 -0.223678588867188 -0.20098876953125
0.00240993499755859 0.0153083801269531 -0.218429565429687 -0.0184173583984375
0.00956821441650391 0.013056755065918 -0.0724029541015625 0.0887527465820313
0.0104389190673828 -0.00678348541259766 0.0507125854492188 0.0747604370117188
0.012782096862793 -0.00533008575439453 -0.0362930297851563 -0.0728759765625
0.00799179077148438 0.0104246139526367 0.0887832641601563 -0.0662460327148438
0.00955009460449219 0.0187835693359375 0.199874877929688 0.0291290283203125
-0.00427055358886719 0.01763916015625 0.197891235351563 0.21807861328125
-0.0221214294433594 -0.00405120849609375 -0.063873291015625 0.345733642578125
-0.00331878662109375 -0.0398178100585938 -0.37689208984375 0.2437744140625
0.0295448303222656 -0.00917243957519531 -0.3779296875 -0.0185241699218751
0.04949951171875 0.039276123046875 -0.00876235961914063 0.0508384704589844
0.0462570190429688 0.0168800354003906 0.417633056640625 0.1229248046875
0.0179805755615234 -0.01348876953125 0.454315185546875 -0.214569091796875
-0.00847625732421875 -0.00921726226806641 0.063018798828125 -0.3934326171875
-0.00694561004638672 0.00628232955932617 -0.22039794921875 -0.207168579101563
0.00377655029296875 0.0168228149414063 -0.217926025390625 -0.023193359375
0.0114107131958008 0.0128059387207031 -0.0730056762695313 0.0868148803710938
0.0123662948608398 -0.00744152069091797 0.0496368408203125 0.0751266479492188
0.0136566162109375 -0.00588130950927734 -0.0363311767578125 -0.072998046875
0.00875473022460938 0.0101280212402344 0.0913925170898438 -0.0682754516601563
0.0116558074951172 0.0186805725097656 0.202362060546875 0.025238037109375
-0.00221061706542969 0.0202121734619141 0.19915771484375 0.215866088867187
-0.0227775573730469 -0.000923156738281251 -0.060638427734375 0.347930908203125
-0.0087127685546875 -0.0385475158691406 -0.375457763671875 0.24609375
0.0195713043212891 -0.0127620697021484 -0.37835693359375 -0.0152587890624999
0.0380592346191406 0.0310554504394531 -0.0119171142578125 0.0532455444335938
0.0362701416015625 0.0137481689453125 0.416778564453125 0.129730224609375
0.0110836029052734 -0.0133152008056641 0.4571533203125 -0.20867919921875
-0.0106487274169922 -0.00683975219726563 0.065338134765625 -0.3936767578125
-0.00517511367797852 0.00861692428588867 -0.21856689453125 -0.210067749023437
0.00520038604736328 0.0173587799072266 -0.216629028320313 -0.0264892578125
0.0128583908081055 0.012578010559082 -0.0728988647460937 0.08599853515625
0.0133867263793945 -0.00848770141601563 0.0506820678710938 0.0751876831054688
0.0133857727050781 -0.00691986083984375 -0.0359115600585938 -0.07415771484375
0.0100383758544922 0.00962066650390625 0.09356689453125 -0.070037841796875
0.0138950347900391 0.01812744140625 0.205337524414063 0.02069091796875
-0.00212860107421875 0.0209121704101562 0.203033447265625 0.2135009765625
-0.0243759155273437 0.00175094604492188 -0.056549072265625 0.351287841796875
-0.0154571533203125 -0.0357933044433594 -0.37518310546875 0.253204345703125
0.00933074951171875 -0.0137481689453125 -0.377685546875 -0.00640869140624995
0.0282840728759766 0.0241680145263672 -0.00651931762695313 0.0596084594726563
0.0258369445800781 0.00911331176757813 0.42291259765625 0.124237060546875
0.00448036193847656 -0.0128707885742188 0.453094482421875 -0.219268798828125
-0.0134515762329102 -0.00409984588623047 0.056427001953125 -0.394744873046875
-0.005126953125 0.0103769302368164 -0.224456787109375 -0.205764770507812
0.00626373291015625 0.0182037353515625 -0.216217041015625 -0.02276611328125
0.015040397644043 0.0123805999755859 -0.068817138671875 0.0873947143554687
0.013951301574707 -0.00960922241210938 0.0523452758789063 0.07379150390625
0.00619411468505859 -0.000719070434570313 -0.0277786254882812 -0.0769729614257813
0.00204944610595703 0.0159749984741211 0.0994873046875 -0.056121826171875
0.00323867797851563 0.0156164169311523 0.201171875 0.0603485107421875
-0.0129585266113281 0.00489234924316406 0.165771484375 0.255035400390625
-0.0228233337402344 -0.0204524993896484 -0.125823974609375 0.340301513671875
0.0121383666992188 -0.040191650390625 -0.41448974609375 0.1846923828125
0.0465507507324219 0.0130271911621094 -0.346038818359375 -0.049835205078125
0.0598602294921875 0.060150146484375 0.0481948852539063 0.077423095703125
0.054534912109375 0.0206451416015625 0.45281982421875 0.07025146484375
0.0198287963867187 -0.0163917541503906 0.408294677734375 -0.278717041015625
-0.0132732391357422 -0.0179290771484375 -0.00311279296874998 -0.3841552734375
-0.0137166976928711 -0.00484657287597656 -0.241180419921875 -0.164108276367187
0.000911712646484374 0.0102519989013672 -0.211212158203125 0.00756835937499997
0.00559520721435547 0.0142955780029297 -0.0622711181640625 0.0938568115234375
0.00205111503601074 -0.00414657592773438 0.0537567138671875 0.07281494140625
0.00671911239624024 -0.000976085662841797 -0.0302276611328125 -0.0755996704101563
0.00204849243164063 0.0155210494995117 0.0957870483398438 -0.0579071044921875
0.00342178344726563 0.0168886184692383 0.200958251953125 0.0548553466796875
-0.0120344161987305 0.00617694854736328 0.172637939453125 0.249191284179688
-0.0220069885253906 -0.0203361511230469 -0.113433837890625 0.343536376953125
0.0145225524902344 -0.0425453186035156 -0.4078369140625 0.1968994140625
0.05181884765625 0.0106315612792969 -0.354339599609375 -0.0455322265625001
0.0670547485351563 0.0619888305664063 0.0368766784667969 0.0696258544921875
0.0609397888183594 0.0213623046875 0.446136474609375 0.0762939453125
0.0249061584472656 -0.0175971984863281 0.417144775390625 -0.269378662109375
-0.0111541748046875 -0.0187473297119141 0.008758544921875 -0.38824462890625
-0.0132598876953125 -0.00454139709472657 -0.237686157226563 -0.17340087890625
0.000744819641113283 0.0112781524658203 -0.213592529296875 0.00195312499999998
0.00600337982177734 0.0140562057495117 -0.0664901733398438 0.0930557250976563
0.00313901901245117 -0.00435256958007813 0.0532608032226562 0.0738983154296875
0.00854635238647461 -0.00201702117919922 -0.0325164794921875 -0.074554443359375
0.00273227691650391 0.0141315460205078 0.0932540893554688 -0.059417724609375
0.00385379791259766 0.0172767639160156 0.200485229492188 0.0485382080078125
-0.0110578536987305 0.00804042816162109 0.180206298828125 0.240921020507813
-0.0207042694091797 -0.0174331665039063 -0.097259521484375 0.346038818359375
0.0129356384277344 -0.0434646606445313 -0.40008544921875 0.209197998046875
0.0527992248535156 0.0067138671875 -0.36224365234375 -0.040374755859375
0.0699539184570313 0.0603790283203125 0.0231437683105469 0.0618133544921875
0.0634841918945313 0.0229110717773438 0.438079833984375 0.087860107421875
0.0268611907958984 -0.0167903900146484 0.430572509765625 -0.2562255859375
-0.00847625732421875 -0.0182304382324219 0.0250244140625 -0.390472412109375
-0.011631965637207 -0.00329971313476563 -0.233810424804688 -0.18377685546875
0.00062847137451172 0.0123405456542969 -0.216278076171875 -0.00466918945312501
0.00704479217529297 0.0138492584228516 -0.0690155029296875 0.091400146484375
0.00543451309204102 -0.00515556335449219 0.0510635375976563 0.0736236572265625
0.0103139877319336 -0.00338649749755859 -0.0339431762695313 -0.0732574462890625
0.00417518615722656 0.0124683380126953 0.09100341796875 -0.0623321533203125
0.00586318969726563 0.0181522369384766 0.200241088867188 0.0402374267578125
-0.00883197784423828 0.0117454528808594 0.187545776367188 0.2310791015625
-0.0205554962158203 -0.0138492584228516 -0.08447265625 0.3465576171875
0.00881576538085938 -0.0430908203125 -0.391815185546875 0.22283935546875
0.0486831665039062 0.000843048095703125 -0.36895751953125 -0.03338623046875
0.0676231384277344 0.05560302734375 0.0085906982421875 0.0548515319824219
0.0620689392089844 0.0227813720703125 0.431365966796875 0.10052490234375
0.0267696380615234 -0.0162868499755859 0.440704345703125 -0.2420654296875
-0.00757789611816406 -0.0160856246948242 0.03961181640625 -0.394134521484375
-0.00998783111572266 -0.000361442565917971 -0.22802734375 -0.193267822265625
0.00128459930419922 0.0133886337280273 -0.217849731445313 -0.01214599609375
0.0080251693725586 0.0129556655883789 -0.0715713500976562 0.0900726318359375
0.00799369812011719 -0.00526285171508789 0.0508270263671875 0.073944091796875
0.0114078521728516 -0.00492191314697266 -0.03607177734375 -0.0725936889648438
0.00639724731445313 0.0120782852172852 0.0896835327148438 -0.0651779174804687
0.00867080688476563 0.0180835723876953 0.200775146484375 0.034149169921875
-0.00657272338867188 0.0150213241577148 0.193740844726563 0.224197387695312
-0.0211009979248047 -0.00967788696289062 -0.072265625 0.347320556640625
0.00347137451171875 -0.0424728393554688 -0.383941650390625 0.234832763671875
0.0405807495117187 -0.00444793701171875 -0.374359130859375 -0.0262756347656251
0.0599327087402344 0.0477180480957031 -0.00227737426757812 0.0509986877441406
0.0554733276367188 0.0203208923339844 0.4222412109375 0.113433837890625
0.0233955383300781 -0.0149726867675781 0.45135498046875 -0.225494384765625
-0.00821113586425781 -0.0129461288452148 0.05413818359375 -0.3939208984375
-0.00876140594482422 0.00221920013427734 -0.223297119140625 -0.202301025390625
0.00256538391113281 0.015721321105957 -0.218887329101563 -0.018524169921875
0.0103759765625 0.0122871398925781 -0.0734024047851562 0.0884780883789063
0.00944042205810547 -0.00683116912841797 0.0501251220703125 0.0748367309570313
0.0133743286132813 -0.00652027130126953 -0.03564453125 -0.0724105834960938
0.00772380828857422 0.0113391876220703 0.089813232421875 -0.0671768188476563
0.00991058349609375 0.0184860229492187 0.201019287109375 0.028411865234375
-0.004486083984375 0.0174579620361328 0.197723388671875 0.218338012695313
-0.0223922729492188 -0.0052642822265625 -0.063507080078125 0.347412109375
-0.00341796875 -0.0400238037109375 -0.378082275390625 0.242523193359375
0.0303478240966797 -0.00877571105957031 -0.379241943359375 -0.02020263671875
0.0497207641601563 0.0387001037597656 -0.01043701171875 0.0503959655761719
0.0461654663085938 0.0164375305175781 0.416473388671875 0.124481201171875
0.0183143615722656 -0.0137901306152344 0.45611572265625 -0.21356201171875
-0.0093088150024414 -0.00975894927978516 0.063934326171875 -0.393646240234375
-0.00657081604003906 0.00570011138916016 -0.219635009765625 -0.208175659179688
0.00399684906005859 0.0162715911865234 -0.218276977539062 -0.024169921875
0.0122165679931641 0.0122222900390625 -0.0736923217773437 0.0873794555664063
0.0110301971435547 -0.00798988342285156 0.0499114990234375 0.0758514404296875
0.0135116577148438 -0.00675010681152344 -0.0358200073242188 -0.07342529296875
0.0089569091796875 0.0100154876708984 0.09124755859375 -0.0679244995117188
0.0116100311279297 0.0188674926757813 0.201797485351562 0.025146484375
-0.00349235534667969 0.0196590423583984 0.199050903320312 0.216537475585937
-0.0230846405029297 -0.000862121582031246 -0.062286376953125 0.34783935546875
-0.0092010498046875 -0.0373802185058594 -0.376129150390625 0.245849609375
0.0193233489990234 -0.0120067596435547 -0.378692626953125 -0.0162353515625
0.0378913879394531 0.0311431884765625 -0.0125999450683594 0.05267333984375
0.0360870361328125 0.0132217407226563 0.41619873046875 0.130035400390625
0.0109977722167969 -0.0128450393676758 0.4580078125 -0.208770751953125
-0.0114173889160156 -0.00679779052734375 0.06756591796875 -0.39495849609375
-0.00567483901977539 0.00860357284545898 -0.217941284179687 -0.211273193359375
0.00611305236816406 0.0173807144165039 -0.217849731445312 -0.02655029296875
0.0134429931640625 0.0125589370727539 -0.0724716186523438 0.0864791870117188
0.0133047103881836 -0.00827598571777344 0.05047607421875 0.0750274658203125
0.0139102935791016 -0.00672721862792969 -0.03533935546875 -0.0741729736328125
0.0101537704467773 0.0106878280639648 0.0943069458007813 -0.0697784423828125
0.0131397247314453 0.0181598663330078 0.205230712890625 0.020233154296875
-0.00238800048828125 0.0205307006835937 0.202316284179688 0.21502685546875
-0.0247936248779297 0.001922607421875 -0.058746337890625 0.350830078125
-0.0155372619628906 -0.0355644226074219 -0.3760986328125 0.253082275390625
0.00924968719482422 -0.0139083862304687 -0.378753662109375 -0.00784301757812506
0.0278873443603516 0.0237312316894531 -0.00681686401367187 0.0592575073242188
0.0265178680419922 0.00858497619628906 0.42333984375 0.12548828125
0.00426101684570313 -0.0118999481201172 0.453704833984375 -0.21783447265625
-0.0140342712402344 -0.00412464141845703 0.057647705078125 -0.395660400390625
-0.00484180450439453 0.0107450485229492 -0.224472045898438 -0.206634521484375
0.00726699829101563 0.0180835723876953 -0.216751098632813 -0.0226898193359375
0.0146942138671875 0.0125150680541992 -0.0691452026367188 0.087127685546875
0.0130786895751953 -0.0100440979003906 0.052093505859375 0.0749282836914063
0.00572681427001953 -0.000520229339599609 -0.0272369384765625 -0.0776138305664063
0.00176620483398438 0.0157766342163086 0.100166320800781 -0.0560760498046875
0.00264739990234375 0.0155277252197266 0.202178955078125 0.0599365234375
-0.0130510330200195 0.00499725341796875 0.165908813476563 0.2569580078125
-0.0228633880615234 -0.0204410552978516 -0.12664794921875 0.343231201171875
0.0118370056152344 -0.0399360656738281 -0.41632080078125 0.184356689453125
0.0465164184570312 0.0136833190917969 -0.3480224609375 -0.0501098632812499
0.0599174499511719 0.059814453125 0.0478363037109375 0.07763671875
0.054290771484375 0.0201263427734375 0.452880859375 0.070648193359375
0.0206031799316406 -0.0162811279296875 0.4088134765625 -0.27783203125
-0.0135879516601562 -0.0177288055419922 -0.003143310546875 -0.386444091796875
-0.0135936737060547 -0.00495147705078125 -0.241806030273438 -0.166336059570312
0.000951766967773437 0.0109014511108398 -0.212860107421875 0.00668334960937499
0.00556755065917969 0.0144710540771484 -0.0623245239257813 0.0939559936523437
0.00187397003173828 -0.00365757942199707 0.0538253784179687 0.0741806030273437
0.00646543502807617 -0.00130033493041992 -0.0299758911132813 -0.0761947631835938
0.00234413146972656 0.0153331756591797 0.0963363647460938 -0.0576934814453125
0.00286865234375 0.0163087844848633 0.202102661132813 0.0552978515625
-0.0120573043823242 0.006256103515625 0.172805786132812 0.250396728515625
-0.0221614837646484 -0.0200958251953125 -0.114166259765625 0.3443603515625
0.0137405395507812 -0.0421524047851563 -0.41070556640625 0.19573974609375
0.0518264770507813 0.0108299255371094 -0.354644775390625 -0.0478210449218749
0.0672264099121094 0.0620460510253906 0.0356826782226563 0.0688552856445313
0.0616683959960937 0.0219841003417969 0.446868896484375 0.077392578125
0.0247421264648437 -0.0171966552734375 0.42083740234375 -0.269744873046875
-0.01080322265625 -0.0187969207763672 0.0107421875 -0.389923095703125
-0.0126581192016602 -0.00456333160400391 -0.237960815429688 -0.174484252929687
0.0012664794921875 0.0111284255981445 -0.214859008789063 0.00201416015625004
0.00618743896484375 0.0142316818237305 -0.0663528442382813 0.0930404663085938
0.00336122512817383 -0.00450706481933594 0.0525741577148438 0.0741348266601563
0.00875759124755859 -0.00226449966430664 -0.0315628051757813 -0.0741729736328125
0.00362873077392578 0.0144424438476562 0.093719482421875 -0.0597457885742187
0.00422096252441406 0.0175991058349609 0.20147705078125 0.0486907958984375
-0.010554313659668 0.00817680358886719 0.180206298828125 0.241958618164062
-0.021270751953125 -0.0181198120117188 -0.099884033203125 0.34698486328125
0.0125999450683594 -0.0429191589355469 -0.401580810546875 0.208251953125
0.0525665283203125 0.00714874267578125 -0.3623046875 -0.0428466796875001
0.070220947265625 0.0603179931640625 0.0220909118652344 0.0607948303222656
0.0635528564453125 0.0225028991699219 0.43914794921875 0.088958740234375
0.027557373046875 -0.0169525146484375 0.43212890625 -0.256256103515625
-0.00902748107910157 -0.0183753967285156 0.026123046875 -0.392547607421875
-0.0112667083740234 -0.00297069549560547 -0.233108520507813 -0.184768676757813
0.000257492065429689 0.0126819610595703 -0.217025756835938 -0.00497436523437499
0.00692367553710937 0.0137519836425781 -0.07000732421875 0.092529296875
0.00540590286254883 -0.0046844482421875 0.0518112182617188 0.0737380981445313
0.00997066497802734 -0.00360012054443359 -0.0336990356445313 -0.0732192993164063
0.00486850738525391 0.0135898590087891 0.0915985107421875 -0.062286376953125
0.0059661865234375 0.0184574127197266 0.200698852539062 0.0406494140625
-0.00922489166259766 0.0117998123168945 0.187911987304687 0.23358154296875
-0.0213241577148438 -0.0144062042236328 -0.08575439453125 0.3463134765625
0.00885391235351562 -0.0439262390136719 -0.3929443359375 0.222991943359375
0.0482139587402344 0.0010528564453125 -0.37005615234375 -0.0344848632812499
0.0669708251953125 0.0547294616699219 0.00833129882812501 0.0541877746582031
0.0612907409667969 0.022552490234375 0.430694580078125 0.102386474609375
0.0266056060791016 -0.0164909362792969 0.442474365234375 -0.240631103515625
-0.00737285614013672 -0.0158281326293945 0.041595458984375 -0.394500732421875
-0.00987720489501953 -0.00041484832763672 -0.228408813476563 -0.194305419921875
0.00223445892333984 0.0136575698852539 -0.218978881835937 -0.011505126953125
0.0089263916015625 0.0131673812866211 -0.0724258422851562 0.0911712646484375
0.00802135467529297 -0.00548934936523437 0.0500030517578125 0.0742568969726563
0.0113010406494141 -0.00518798828125 -0.035308837890625 -0.0732269287109375
0.00636577606201172 0.0122652053833008 0.0905227661132813 -0.0645980834960938
0.00797843933105469 0.0177402496337891 0.200531005859375 0.0339202880859375
-0.00764560699462891 0.0151557922363281 0.193832397460938 0.225067138671875
-0.0216884613037109 -0.0100383758544922 -0.07421875 0.347320556640625
0.00316238403320312 -0.0417671203613281 -0.38543701171875 0.234283447265625
0.0403022766113281 -0.00384902954101563 -0.37542724609375 -0.0281982421875
0.0594940185546875 0.0484123229980469 -0.00264358520507812 0.0510215759277344
0.0554542541503906 0.0204124450683594 0.4222412109375 0.11505126953125
0.0231800079345703 -0.0150260925292969 0.45281982421875 -0.225616455078125
-0.00749301910400391 -0.0132284164428711 0.056488037109375 -0.395904541015625
-0.00833845138549805 0.00291109085083008 -0.223358154296875 -0.20281982421875
0.00309944152832031 0.0149478912353516 -0.219863891601562 -0.0184173583984375
0.010711669921875 0.0128116607666016 -0.074005126953125 0.0891265869140625
0.00995540618896485 -0.00655364990234375 0.0500640869140625 0.0750961303710938
0.0131254196166992 -0.00564765930175781 -0.035369873046875 -0.0731430053710938
0.00728225708007813 0.0107221603393555 0.0912857055664062 -0.0663604736328125
0.0103302001953125 0.0189018249511719 0.201889038085938 0.02862548828125
-0.0052490234375 0.0178737640380859 0.198318481445313 0.219467163085938
-0.0222358703613281 -0.00518417358398437 -0.06591796875 0.34771728515625
-0.0031585693359375 -0.0401191711425781 -0.3809814453125 0.241943359375
0.0294666290283203 -0.00891304016113281 -0.380096435546875 -0.02197265625
0.0494766235351563 0.03948974609375 -0.0104713439941406 0.0499420166015625
0.0464401245117188 0.0170669555664063 0.417510986328125 0.125152587890625
0.0180606842041016 -0.0135822296142578 0.457489013671875 -0.212921142578125
-0.00867748260498047 -0.00986480712890625 0.0665283203125 -0.39532470703125
-0.00714969635009766 0.0053858757019043 -0.219650268554688 -0.209259033203125
0.00389194488525391 0.0161514282226563 -0.2198486328125 -0.0236968994140625
0.0121908187866211 0.0124330520629883 -0.0746002197265625 0.0876083374023438
0.0111513137817383 -0.00778102874755859 0.04937744140625 0.076019287109375
0.0139436721801758 -0.00602531433105469 -0.0358428955078125 -0.0737228393554688
0.00915718078613281 0.01080322265625 0.0919876098632813 -0.0682449340820313
0.0118560791015625 0.0185832977294922 0.203033447265625 0.0248260498046875
-0.00388526916503906 0.0198993682861328 0.19940185546875 0.217559814453125
-0.0231246948242188 -0.00142288208007812 -0.063385009765625 0.348541259765625
-0.00911331176757813 -0.0370903015136719 -0.378326416015625 0.24554443359375
0.0189628601074219 -0.0119132995605469 -0.379669189453125 -0.0184631347656251
0.0379676818847656 0.0301437377929688 -0.0122337341308594 0.0523452758789063
0.0359344482421875 0.0132942199707031 0.416168212890625 0.132171630859375
0.011077880859375 -0.0127744674682617 0.459625244140625 -0.208099365234375
-0.0110206604003906 -0.00666618347167969 0.0684814453125 -0.39599609375
-0.00538921356201172 0.00830459594726563 -0.2181396484375 -0.21185302734375
0.00572681427001953 0.0175590515136719 -0.21868896484375 -0.0264129638671875
0.0133543014526367 0.0123186111450195 -0.0731887817382813 0.0865631103515625
0.0126352310180664 -0.00853633880615235 0.0499343872070313 0.0763702392578125
0.0139589309692383 -0.00700187683105469 -0.0350723266601562 -0.07513427734375
0.0113248825073242 0.0110225677490234 0.094573974609375 -0.06982421875
0.0139884948730469 0.0178947448730469 0.20538330078125 0.019927978515625
-0.00314521789550781 0.0220947265625 0.203231811523438 0.21539306640625
-0.0252914428710938 0.00205230712890626 -0.060150146484375 0.352813720703125
-0.0158538818359375 -0.0355339050292969 -0.378509521484375 0.25311279296875
0.00851726531982422 -0.0139236450195313 -0.37945556640625 -0.00955200195312508
0.0277328491210938 0.0226078033447266 -0.0076141357421875 0.058197021484375
0.0254573822021484 0.00883102416992188 0.423187255859375 0.12664794921875
0.00469684600830078 -0.0119905471801758 0.456207275390625 -0.21771240234375
-0.0140409469604492 -0.00396251678466797 0.059112548828125 -0.396484375
-0.00450325012207031 0.0101137161254883 -0.224349975585938 -0.208099365234375
0.00746440887451172 0.0169286727905273 -0.21868896484375 -0.0230560302734375
0.0151348114013672 0.0122575759887695 -0.0701751708984375 0.0873336791992188
0.0129909515380859 -0.0100259780883789 0.0515899658203125 0.07513427734375
0.00557184219360352 -0.000943183898925781 -0.0280303955078125 -0.0773391723632813
0.00186634063720703 0.0173015594482422 0.101547241210937 -0.0565338134765625
0.0029449462890625 0.0157089233398438 0.20355224609375 0.06097412109375
-0.0136642456054688 0.0045623779296875 0.166458129882812 0.258499145507813
-0.0228557586669922 -0.0210227966308594 -0.128570556640625 0.34307861328125
0.0117950439453125 -0.0397109985351563 -0.419769287109375 0.18377685546875
0.0459327697753906 0.0135879516601563 -0.34869384765625 -0.053314208984375
0.0599822998046875 0.0603256225585938 0.0473480224609375 0.0780715942382812
0.0551185607910156 0.0202865600585938 0.4537353515625 0.07135009765625
0.0208168029785156 -0.0160331726074219 0.411865234375 -0.27783203125
-0.0138664245605469 -0.0180473327636719 -0.00201416015625 -0.387939453125
-0.0136241912841797 -0.00563430786132812 -0.2430419921875 -0.16754150390625
0.000733375549316406 0.0105981826782227 -0.214324951171875 0.00697326660156254
0.00639533996582031 0.0142450332641602 -0.0635910034179688 0.0953216552734375
0.00170540809631348 -0.00359058380126953 0.0533981323242188 0.074676513671875
0.00611639022827149 -0.00172233581542969 -0.030364990234375 -0.075592041015625
0.00221633911132812 0.0157461166381836 0.0973587036132813 -0.0579299926757813
0.00297164916992188 0.015772819519043 0.202545166015625 0.0553741455078125
-0.0125484466552734 0.00571918487548828 0.173324584960938 0.251861572265625
-0.0216560363769531 -0.0203132629394531 -0.116790771484375 0.34674072265625
0.0140876770019531 -0.0419387817382812 -0.413787841796875 0.19622802734375
0.0516891479492188 0.0118942260742188 -0.356658935546875 -0.0494079589843751
0.0679092407226563 0.0616607666015625 0.0362625122070313 0.0689239501953125
0.0609779357910156 0.0222244262695313 0.447845458984375 0.07916259765625
0.0246105194091797 -0.0173358917236328 0.42236328125 -0.269012451171875
-0.0111846923828125 -0.0187816619873047 0.010833740234375 -0.391357421875
-0.0133161544799805 -0.00484943389892578 -0.239471435546875 -0.175796508789063
0.000916481018066406 0.0111074447631836 -0.217071533203125 0.00187683105468747
0.00645256042480469 0.0138254165649414 -0.0674209594726562 0.0935134887695313
0.00333642959594727 -0.00419902801513672 0.052642822265625 0.0745620727539063
0.00816583633422852 -0.00241899490356445 -0.0319595336914063 -0.0753173828125
0.00364971160888672 0.0142087936401367 0.0950164794921875 -0.05914306640625
0.00477409362792969 0.0172853469848633 0.201736450195313 0.048675537109375
-0.0114612579345703 0.00865840911865234 0.181289672851563 0.24359130859375
-0.0211582183837891 -0.0176162719726563 -0.10125732421875 0.347900390625
0.0124931335449219 -0.0427513122558594 -0.404052734375 0.20867919921875
0.0520744323730469 0.0073089599609375 -0.3643798828125 -0.042755126953125
0.0691566467285156 0.060760498046875 0.0221519470214844 0.0610122680664063
0.0629806518554688 0.0224723815917969 0.439697265625 0.09014892578125
0.0272350311279297 -0.0159835815429688 0.435150146484375 -0.256500244140625
-0.00940513610839844 -0.0182094573974609 0.027130126953125 -0.39459228515625
-0.0111007690429688 -0.00348472595214844 -0.23492431640625 -0.18646240234375
0.000859260559082031 0.0124692916870117 -0.2193603515625 -0.00477600097656245
0.00706768035888672 0.0134763717651367 -0.0707855224609375 0.0925445556640625
0.00589704513549805 -0.00531339645385742 0.050994873046875 0.0745697021484375
0.00954818725585937 -0.00383567810058594 -0.0331573486328125 -0.0744781494140625
0.00455665588378906 0.0134744644165039 0.09228515625 -0.0617828369140625
0.0052032470703125 0.0184345245361328 0.201614379882813 0.04205322265625
-0.00870418548583984 0.0119848251342773 0.189224243164063 0.234329223632812
-0.0220890045166016 -0.0144577026367188 -0.086883544921875 0.35009765625
0.00830459594726563 -0.0427970886230469 -0.3961181640625 0.222442626953125
0.0481109619140625 0.00171279907226563 -0.37322998046875 -0.035919189453125
0.0669097900390625 0.0554122924804687 0.00756454467773438 0.0545692443847656
0.0614662170410156 0.0228309631347656 0.432891845703125 0.102813720703125
0.0268993377685547 -0.0160312652587891 0.446014404296875 -0.2406005859375
-0.00774383544921875 -0.0161867141723633 0.04345703125 -0.397064208984375
-0.00976467132568359 -0.000393867492675783 -0.229782104492187 -0.19598388671875
0.00135898590087891 0.0133943557739258 -0.221160888671875 -0.010833740234375
0.00841140747070313 0.0133047103881836 -0.0732803344726562 0.0912322998046875
0.00688791275024414 -0.00608062744140625 0.050140380859375 0.0752182006835938
0.0115671157836914 -0.00491619110107422 -0.0354537963867188 -0.0735931396484375
0.00694370269775391 0.0120182037353516 0.0914688110351562 -0.065643310546875
0.00822257995605469 0.0184040069580078 0.202102661132813 0.0340576171875
-0.00758552551269531 0.0152988433837891 0.19476318359375 0.226470947265625
-0.0221920013427734 -0.00986671447753906 -0.074432373046875 0.35125732421875
0.00293731689453125 -0.04156494140625 -0.387725830078125 0.23565673828125
0.0399360656738281 -0.00374603271484375 -0.377197265625 -0.0289916992187501
0.0597419738769531 0.0480918884277344 -0.00357437133789062 0.0503807067871094
0.0556564331054688 0.0201034545898438 0.424285888671875 0.117431640625
0.0243167877197266 -0.0144748687744141 0.45550537109375 -0.225006103515625
-0.00796794891357422 -0.0130691528320313 0.057647705078125 -0.396942138671875
-0.0081319808959961 0.00280475616455078 -0.224288940429687 -0.204971313476563
0.00256538391113281 0.0148410797119141 -0.221694946289063 -0.01824951171875
0.0106086730957031 0.0133085250854492 -0.0745849609375 0.0897674560546875
0.00954151153564453 -0.00696086883544922 0.0488357543945312 0.0760269165039063
0.0133266448974609 -0.00550270080566406 -0.0361862182617187 -0.0731277465820313
0.00876903533935547 0.0108451843261719 0.0915679931640625 -0.067138671875
0.0101642608642578 0.0186367034912109 0.203857421875 0.0282745361328125
-0.00500297546386719 0.0184288024902344 0.199325561523438 0.221542358398438
-0.0230884552001953 -0.00509452819824218 -0.066314697265625 0.350311279296875
-0.00352859497070312 -0.0401496887207031 -0.383514404296875 0.243499755859375
0.0293922424316406 -0.00835227966308594 -0.38104248046875 -0.0220642089843751
0.0489692687988281 0.0386772155761719 -0.0114250183105469 0.0499763488769531
0.0469093322753906 0.0174217224121094 0.418914794921875 0.127685546875
0.0179977416992188 -0.0134544372558594 0.460357666015625 -0.213348388671875
-0.00815200805664063 -0.00936603546142578 0.06719970703125 -0.3980712890625
-0.00694942474365234 0.00607442855834961 -0.220672607421875 -0.210769653320312
0.00417041778564453 0.0166072845458984 -0.220809936523437 -0.0241546630859375
0.0114974975585938 0.0127067565917969 -0.075103759765625 0.0882492065429688
0.0113096237182617 -0.00729751586914062 0.0494766235351563 0.07598876953125
0.0131607055664063 -0.00655174255371094 -0.0352401733398438 -0.0746383666992188
0.0102367401123047 0.0114784240722656 0.0931167602539063 -0.0686569213867188
0.0119361877441406 0.0185813903808594 0.203582763671875 0.0261077880859375
-0.0035858154296875 0.0201129913330078 0.2001953125 0.218963623046875
-0.0237712860107422 -0.00158882141113281 -0.063568115234375 0.351409912109375
-0.00909042358398438 -0.0371170043945313 -0.381500244140625 0.246002197265625
0.0190181732177734 -0.0121536254882813 -0.382598876953125 -0.019256591796875
0.0376853942871094 0.0307121276855469 -0.0129318237304687 0.0525550842285156
0.03631591796875 0.01312255859375 0.417144775390625 0.133392333984375
0.0114860534667969 -0.0125675201416016 0.462890625 -0.207275390625
-0.0113191604614258 -0.00632381439208984 0.071136474609375 -0.39825439453125
-0.00559425354003906 0.00895595550537109 -0.219985961914062 -0.214019775390625
0.00464439392089844 0.0177726745605469 -0.2203369140625 -0.0262908935546875
0.0140705108642578 0.0125093460083008 -0.073577880859375 0.0869598388671875
0.0124235153198242 -0.00900459289550781 0.0499191284179687 0.0764389038085938
0.0139055252075195 -0.00692558288574219 -0.03515625 -0.074859619140625
0.0114803314208984 0.010737419128418 0.09564208984375 -0.070159912109375
0.0130596160888672 0.0184955596923828 0.206878662109375 0.0210113525390625
-0.00294876098632813 0.0211029052734375 0.204696655273437 0.217056274414062
-0.0257015228271484 0.00235366821289063 -0.06097412109375 0.3543701171875
-0.0158462524414063 -0.0351161956787109 -0.38043212890625 0.253173828125
0.00838565826416016 -0.0140523910522461 -0.3814697265625 -0.0119628906250001
0.0268707275390625 0.0227203369140625 -0.008392333984375 0.05792236328125
0.0265140533447266 0.00909042358398438 0.4234619140625 0.12841796875
0.00364494323730469 -0.0113735198974609 0.45782470703125 -0.216705322265625
-0.0141258239746094 -0.00362873077392578 0.060943603515625 -0.398468017578125
-0.00457954406738281 0.00927734375 -0.224960327148438 -0.209686279296875
0.00730705261230469 0.0178184509277344 -0.219894409179688 -0.023193359375
0.0150146484375 0.0125007629394531 -0.0707855224609375 0.08831787109375
0.0124444961547852 -0.00981712341308594 0.0514984130859375 0.0758590698242188
0.00560617446899414 -0.00101423263549805 -0.0273361206054688 -0.0784835815429688
0.00243663787841797 0.0170021057128906 0.102554321289063 -0.0570220947265625
0.00311565399169922 0.0158567428588867 0.204208374023438 0.0605010986328125
-0.0137529373168945 0.00484275817871094 0.167587280273437 0.2606201171875
-0.0237617492675781 -0.0214557647705078 -0.13134765625 0.346038818359375
0.0118255615234375 -0.0400848388671875 -0.422698974609375 0.184356689453125
0.0463066101074219 0.0139198303222656 -0.3514404296875 -0.0538330078125
0.0599479675292969 0.0606193542480469 0.046661376953125 0.0772933959960938
0.0550727844238281 0.0201835632324219 0.455963134765625 0.073944091796875
0.0205707550048828 -0.0152378082275391 0.416290283203125 -0.280487060546875
-0.0144386291503906 -0.0182838439941406 -0.000244140624999994 -0.391937255859375
-0.0139560699462891 -0.00551033020019531 -0.244308471679688 -0.168716430664063
0.000677108764648439 0.0105991363525391 -0.216476440429688 0.00778198242187502
0.00652122497558594 0.0143928527832031 -0.0639877319335938 0.0958023071289063
0.00138187408447266 -0.00355744361877441 0.0540390014648438 0.0753326416015625
0.00644683837890625 -0.00184249877929688 -0.02911376953125 -0.0768508911132813
0.00266933441162109 0.0158472061157227 0.0995864868164063 -0.0580825805664063
0.00305652618408203 0.0166616439819336 0.203506469726563 0.055633544921875
-0.01361083984375 0.00629615783691406 0.174423217773438 0.2552490234375
-0.0222225189208984 -0.0209293365478516 -0.117401123046875 0.349884033203125
0.014190673828125 -0.0419692993164062 -0.4171142578125 0.196441650390625
0.0524330139160156 0.0120887756347656 -0.358123779296875 -0.049560546875
0.0670547485351563 0.0619087219238281 0.0354728698730469 0.0692863464355469
0.0615997314453125 0.0227203369140625 0.45147705078125 0.08062744140625
0.0256881713867188 -0.0168056488037109 0.426788330078125 -0.270599365234375
-0.0114536285400391 -0.0188446044921875 0.012451171875 -0.395477294921875
-0.0135002136230469 -0.0047454833984375 -0.240310668945312 -0.1778564453125
-0.000111579895019531 0.011286735534668 -0.219085693359375 0.00262451171875004
0.0062408447265625 0.0136804580688477 -0.0682220458984375 0.094970703125
0.00284743309020996 -0.00410056114196777 0.0522842407226563 0.0755615234375
0.0083317756652832 -0.00222253799438477 -0.031829833984375 -0.0756912231445313
0.00370597839355469 0.0149145126342773 0.0957870483398438 -0.0595932006835938
0.00387954711914063 0.0176277160644531 0.203323364257813 0.0488433837890625
-0.0112285614013672 0.00890350341796875 0.182815551757813 0.245773315429688
-0.0221481323242188 -0.0178356170654297 -0.10260009765625 0.351165771484375
0.0118179321289063 -0.0426254272460937 -0.409271240234375 0.210662841796875
0.0530014038085937 0.00686264038085937 -0.368499755859375 -0.044647216796875
0.0695381164550781 0.0603561401367188 0.0212135314941406 0.0614471435546875
0.0640869140625 0.0224571228027344 0.44256591796875 0.092376708984375
0.0280036926269531 -0.0161838531494141 0.437225341796875 -0.257568359375
-0.00910377502441407 -0.0178871154785156 0.02740478515625 -0.39923095703125
-0.0113153457641602 -0.00246715545654297 -0.236160278320313 -0.18743896484375
0.000919342041015626 0.0130147933959961 -0.220916748046875 -0.00450134277343753
0.00713062286376953 0.0134191513061523 -0.0713882446289062 0.0933685302734375
0.0046849250793457 -0.00444412231445313 0.0512924194335938 0.0759429931640625
0.0105218887329102 -0.00393009185791016 -0.0333175659179688 -0.0747756958007813
0.00545692443847656 0.0137557983398438 0.0943832397460938 -0.0631942749023438
0.00621509552001953 0.0175485610961914 0.202865600585938 0.0413818359375
-0.0091085433959961 0.0116996765136719 0.190399169921875 0.236114501953125
-0.0216045379638672 -0.0148239135742188 -0.088348388671875 0.353179931640625
0.00881576538085938 -0.0431556701660156 -0.398773193359375 0.224151611328125
0.0481681823730469 0.0023345947265625 -0.374542236328125 -0.0371398925781249
0.0673294067382813 0.0560989379882813 0.00735855102539063 0.0545310974121094
0.062286376953125 0.0230293273925781 0.43475341796875 0.105010986328125
0.0277671813964844 -0.0152778625488281 0.449310302734375 -0.241424560546875
-0.00786018371582031 -0.0158052444458008 0.0447998046875 -0.4005126953125
-0.00982475280761719 -0.00048351287841797 -0.230865478515625 -0.198150634765625
0.00170612335205078 0.0133647918701172 -0.223068237304688 -0.011322021484375
0.00937557220458984 0.0127887725830078 -0.074005126953125 0.0918197631835938
0.00713968276977539 -0.00516653060913086 0.0504226684570313 0.0767364501953125
0.0119962692260742 -0.00489234924316406 -0.0355072021484375 -0.0737228393554688
0.00746822357177734 0.01275634765625 0.0922317504882812 -0.0647430419921875
0.008392333984375 0.0189762115478516 0.203781127929688 0.033599853515625
-0.00687408447265625 0.0150642395019531 0.195724487304688 0.229263305664063
-0.0226612091064453 -0.00939178466796875 -0.075531005859375 0.353790283203125
0.00316238403320313 -0.0417137145996094 -0.39288330078125 0.235626220703125
0.0400123596191406 -0.00455474853515625 -0.3792724609375 -0.03131103515625
0.0597686767578125 0.0480270385742187 -0.00432968139648437 0.0501785278320313
0.0561714172363281 0.0203742980957031 0.425537109375 0.11920166015625
0.0236835479736328 -0.0148525238037109 0.458526611328125 -0.22698974609375
-0.00821971893310547 -0.01239013671875 0.058563232421875 -0.400970458984375
-0.00864982604980469 0.00261640548706055 -0.225692749023438 -0.206390380859375
0.00284004211425781 0.0153999328613281 -0.224105834960937 -0.0190582275390625
0.0108366012573242 0.0126056671142578 -0.0763320922851563 0.0904693603515625
0.00937843322753906 -0.00689983367919922 0.0493392944335938 0.076934814453125
0.0127048492431641 -0.00568962097167969 -0.03582763671875 -0.0743789672851563
0.00900745391845703 0.0120372772216797 0.0929107666015625 -0.0671768188476563
0.00982666015625 0.0183334350585938 0.204010009765625 0.0289306640625
-0.00511741638183594 0.0189895629882813 0.200088500976563 0.223251342773438
-0.0230064392089844 -0.00498008728027344 -0.06768798828125 0.352081298828125
-0.0040740966796875 -0.0395584106445313 -0.386871337890625 0.244903564453125
0.0299777984619141 -0.00922012329101563 -0.385223388671875 -0.0239257812499999
0.0487060546875 0.0385971069335937 -0.0116996765136719 0.0493965148925781
0.0465087890625 0.0173377990722656 0.4197998046875 0.129119873046875
0.0181865692138672 -0.0133037567138672 0.464996337890625 -0.21368408203125
-0.00928688049316406 -0.00930976867675781 0.069000244140625 -0.4010009765625
-0.00643110275268555 0.00551462173461914 -0.222137451171875 -0.213531494140625
0.00464153289794922 0.0167741775512695 -0.22320556640625 -0.0236663818359375
0.0125532150268555 0.0128660202026367 -0.0766754150390625 0.088714599609375
0.0108261108398438 -0.00747585296630859 0.0492324829101562 0.0771102905273437
0.0126895904541016 -0.00596332550048828 -0.0353317260742188 -0.0741806030273438
0.0109186172485352 0.0108928680419922 0.0945968627929688 -0.069000244140625
0.0126533508300781 0.0179233551025391 0.205276489257813 0.02520751953125
-0.00459861755371094 0.0203819274902344 0.2020263671875 0.220535278320313
-0.0242824554443359 -0.00122451782226563 -0.06573486328125 0.353668212890625
-0.009429931640625 -0.03729248046875 -0.38543701171875 0.2470703125
0.0189151763916016 -0.0114078521728516 -0.383697509765625 -0.0203552246093749
0.037872314453125 0.0300827026367187 -0.0143165588378906 0.0519027709960937
0.0358161926269531 0.0129318237304688 0.419525146484375 0.135589599609375
0.011195182800293 -0.0124702453613281 0.468536376953125 -0.20849609375
-0.011662483215332 -0.00635623931884766 0.072235107421875 -0.401092529296875
-0.00518560409545898 0.00853300094604492 -0.22100830078125 -0.216171264648438
0.00558853149414062 0.0180721282958984 -0.222457885742187 -0.02667236328125
0.0142049789428711 0.0124826431274414 -0.074951171875 0.0876235961914063
0.0122756958007812 -0.00853824615478515 0.050140380859375 0.077392578125
0.0143604278564453 -0.00657463073730469 -0.0358810424804687 -0.07598876953125
0.0116233825683594 0.0114822387695313 0.0970230102539063 -0.070526123046875
0.0127792358398438 0.0181236267089844 0.20794677734375 0.0204010009765625
-0.00369071960449219 0.021942138671875 0.2052001953125 0.219818115234375
-0.0254840850830078 0.00192832946777344 -0.060577392578125 0.356689453125
-0.0158042907714844 -0.0360641479492188 -0.38421630859375 0.25384521484375
0.00822734832763672 -0.0137224197387695 -0.385040283203125 -0.0127258300781249
0.0267505645751953 0.0233802795410156 -0.00872802734375 0.0580558776855469
0.0263290405273438 0.00859451293945313 0.426544189453125 0.130126953125
0.00343036651611328 -0.0113201141357422 0.46185302734375 -0.21771240234375
-0.0147876739501953 -0.00322628021240234 0.062164306640625 -0.4036865234375
-0.00480461120605469 0.0104799270629883 -0.226837158203125 -0.211593627929688
0.00734138488769531 0.0182285308837891 -0.221832275390625 -0.0225677490234375
0.0158777236938477 0.0120468139648438 -0.0715866088867188 0.0890426635742187
0.0123119354248047 -0.0093994140625 0.0511856079101562 0.0765151977539063
0.00476694107055664 -0.00096893310546875 -0.0276870727539063 -0.0788726806640625
0.0030364990234375 0.016998291015625 0.104141235351563 -0.0575485229492188
0.003143310546875 0.0157108306884766 0.206130981445313 0.061553955078125
-0.0142526626586914 0.00463294982910156 0.169662475585938 0.263442993164063
-0.023773193359375 -0.0213966369628906 -0.1318359375 0.3492431640625
0.0118217468261719 -0.0399131774902344 -0.426513671875 0.186065673828125
0.0467681884765625 0.0141868591308594 -0.35479736328125 -0.054534912109375
0.0602645874023438 0.0605010986328125 0.0471038818359375 0.0778961181640625
0.0554618835449219 0.0209693908691406 0.4609375 0.07568359375
0.0207309722900391 -0.0154743194580078 0.420257568359375 -0.28228759765625
-0.0138759613037109 -0.017913818359375 0.000244140625000038 -0.395751953125
-0.0135116577148437 -0.00553131103515625 -0.24688720703125 -0.170196533203125
0.00101280212402344 0.0106420516967773 -0.218948364257813 0.00860595703125001
0.00694465637207031 0.0143833160400391 -0.065155029296875 0.09674072265625
0.00153660774230957 -0.00315213203430176 0.0540924072265625 0.0761871337890625
0.00596809387207031 -0.00127172470092773 -0.0296630859375 -0.077301025390625
0.00364875793457031 0.0169553756713867 0.100761413574219 -0.0587387084960938
0.00294780731201172 0.0164804458618164 0.205612182617188 0.0561065673828125
-0.0134096145629883 0.00641155242919922 0.17730712890625 0.256515502929688
-0.0224380493164063 -0.0199718475341797 -0.11944580078125 0.352783203125
0.0137901306152344 -0.0417900085449219 -0.42138671875 0.19940185546875
0.0523719787597656 0.0124168395996094 -0.36114501953125 -0.051300048828125
0.0672721862792969 0.0625991821289063 0.0347023010253906 0.0691719055175781
0.0619621276855469 0.0224800109863281 0.453399658203125 0.08184814453125
0.0256576538085938 -0.0165805816650391 0.4306640625 -0.272552490234375
-0.0113964080810547 -0.0185794830322266 0.01336669921875 -0.398956298828125
-0.0136795043945313 -0.00468921661376953 -0.242645263671875 -0.178802490234375
0.000710487365722657 0.0108451843261719 -0.221893310546875 0.00282287597656254
0.00689411163330078 0.0139284133911133 -0.0689239501953125 0.0960922241210938
0.00268101692199707 -0.00390100479125977 0.0530166625976563 0.077056884765625
0.00772380828857422 -0.00168228149414063 -0.0318756103515625 -0.0754318237304688
0.00389194488525391 0.0150127410888672 0.0971298217773438 -0.0610885620117188
0.00469398498535156 0.0171947479248047 0.205459594726563 0.0489349365234375
-0.0126056671142578 0.00888442993164063 0.184722900390625 0.248046875
-0.0225162506103516 -0.0178985595703125 -0.10369873046875 0.354217529296875
0.0122261047363281 -0.042572021484375 -0.41229248046875 0.212493896484375
0.0534286499023438 0.00750350952148438 -0.369781494140625 -0.0460815429687501
0.0699577331542969 0.0613517761230469 0.0208816528320313 0.0604286193847656
0.0645942687988281 0.0229835510253906 0.4468994140625 0.093963623046875
0.0278549194335937 -0.0165462493896484 0.443084716796875 -0.260009765625
-0.00915908813476562 -0.0182971954345703 0.0277099609375 -0.40350341796875
-0.0119056701660156 -0.00324058532714844 -0.238021850585938 -0.188720703125
0.00106048583984375 0.0122737884521484 -0.223419189453125 -0.00389099121093752
0.00779533386230469 0.0135078430175781 -0.0719070434570312 0.09490966796875
0.00472831726074219 -0.00487279891967773 0.051483154296875 0.076507568359375
0.0100011825561523 -0.00356578826904297 -0.0336380004882813 -0.0748672485351563
0.00597286224365234 0.0141792297363281 0.0949478149414063 -0.0636138916015625
0.00618743896484375 0.0190448760986328 0.205047607421875 0.0417633056640625
-0.010096549987793 0.0125093460083008 0.191543579101563 0.238922119140625
-0.022613525390625 -0.0144100189208984 -0.089263916015625 0.35675048828125
0.00864791870117187 -0.0423774719238281 -0.40386962890625 0.22686767578125
0.0485649108886719 0.00213623046875 -0.37847900390625 -0.038482666015625
0.0670852661132813 0.0567474365234375 0.00705337524414063 0.0545539855957031
0.0622482299804688 0.0226783752441406 0.4378662109375 0.10595703125
0.027191162109375 -0.0154953002929687 0.45361328125 -0.244842529296875
-0.00790309906005859 -0.0159759521484375 0.044647216796875 -0.404205322265625
-0.00995731353759766 -0.000471115112304689 -0.233062744140625 -0.199050903320313
0.00122451782226562 0.0133457183837891 -0.224578857421875 -0.01116943359375
0.00915908813476563 0.0134134292602539 -0.0748138427734375 0.0933990478515625
0.00694131851196289 -0.00554227828979492 0.0514602661132812 0.077117919921875
0.0111064910888672 -0.00510692596435547 -0.03485107421875 -0.0743789672851562
0.00763511657714844 0.0129194259643555 0.09381103515625 -0.0661163330078125
0.00780296325683594 0.0189723968505859 0.205673217773438 0.033966064453125
-0.00798797607421875 0.0157508850097656 0.197967529296875 0.230789184570313
-0.0229206085205078 -0.009490966796875 -0.077423095703125 0.357208251953125
0.0027923583984375 -0.0416641235351563 -0.39544677734375 0.23919677734375
0.0405044555664062 -0.00341415405273437 -0.38397216796875 -0.0313720703125
0.0591659545898438 0.0484771728515625 -0.0045928955078125 0.0501747131347656
0.0560951232910156 0.0206985473632813 0.42926025390625 0.11944580078125
0.0238723754882813 -0.0147819519042969 0.46356201171875 -0.2279052734375
-0.00826930999755859 -0.0128612518310547 0.059539794921875 -0.4058837890625
-0.00895309448242188 0.00269126892089844 -0.228515625 -0.208648681640625
0.00288581848144531 0.0150995254516602 -0.226333618164063 -0.017547607421875
0.0114288330078125 0.0125560760498047 -0.0767440795898438 0.0911331176757813
0.00834894180297852 -0.00682830810546875 0.0494461059570313 0.07763671875
0.0126724243164063 -0.00599765777587891 -0.0352706909179688 -0.0741424560546875
0.00977325439453125 0.0116710662841797 0.0936203002929688 -0.0681991577148438
0.0104389190673828 0.0189418792724609 0.206787109375 0.0290069580078125
-0.00613212585449219 0.0187301635742188 0.202346801757813 0.224990844726562
-0.0236606597900391 -0.00482749938964843 -0.067962646484375 0.35552978515625
-0.00362014770507813 -0.0396766662597656 -0.390411376953125 0.246124267578125
0.0299186706542969 -0.00835990905761719 -0.3878173828125 -0.025543212890625
0.0495109558105469 0.0396690368652344 -0.0118293762207031 0.0485954284667969
0.046905517578125 0.0173149108886719 0.423004150390625 0.131011962890625
0.0186176300048828 -0.0135135650634766 0.46942138671875 -0.21649169921875
-0.0096282958984375 -0.0104618072509766 0.069854736328125 -0.4046630859375
-0.00711154937744141 0.00569391250610351 -0.22357177734375 -0.214279174804687
0.00444316864013672 0.0162858963012695 -0.22625732421875 -0.0231170654296875
0.0126419067382813 0.0115852355957031 -0.0777130126953125 0.089752197265625
0.0103158950805664 -0.00816917419433594 0.048858642578125 0.0782089233398438
0.0131778717041016 -0.00634765625 -0.0356369018554688 -0.0754852294921875
0.011387825012207 0.0117893218994141 0.0960311889648438 -0.0695114135742188
0.0117225646972656 0.0190715789794922 0.207565307617187 0.02496337890625
-0.00506019592285156 0.0209121704101562 0.204421997070312 0.223281860351563
-0.0251731872558594 -0.000677108764648435 -0.06640625 0.3572998046875
-0.0104637145996094 -0.0371360778808594 -0.38909912109375 0.250244140625
0.0182590484619141 -0.0114231109619141 -0.3880615234375 -0.0222778320312501
0.036895751953125 0.0304718017578125 -0.014251708984375 0.052093505859375
0.0363502502441406 0.0127944946289063 0.42181396484375 0.137542724609375
0.0110721588134766 -0.0128240585327148 0.470916748046875 -0.21026611328125
-0.0121936798095703 -0.00689983367919922 0.073516845703125 -0.405609130859375
-0.00602912902832031 0.00835227966308594 -0.22332763671875 -0.217544555664063
0.00541305541992187 0.0177669525146484 -0.224868774414063 -0.0259246826171875
0.0148820877075195 0.0125455856323242 -0.0758285522460937 0.089111328125
0.0119667053222656 -0.00874900817871094 0.0497817993164063 0.0782241821289062
0.0135078430175781 -0.00704765319824219 -0.0359344482421875 -0.0763092041015625
0.012934684753418 0.0113697052001953 0.098175048828125 -0.0710067749023437
0.0136146545410156 0.01861572265625 0.209701538085938 0.0207061767578125
-0.00465965270996094 0.0216464996337891 0.207717895507812 0.220687866210937
-0.0261936187744141 0.0022735595703125 -0.061737060546875 0.361358642578125
-0.0162200927734375 -0.0354385375976563 -0.388336181640625 0.25701904296875
0.00792694091796875 -0.0139141082763672 -0.387786865234375 -0.01251220703125
0.0267772674560547 0.0219841003417969 -0.00910186767578125 0.0572738647460937
0.0260124206542969 0.00916099548339844 0.4295654296875 0.131927490234375
0.00421524047851562 -0.0113868713378906 0.4681396484375 -0.219390869140625
-0.0149354934692383 -0.00354862213134765 0.06280517578125 -0.40692138671875
-0.00518608093261719 0.00995349884033203 -0.228103637695313 -0.213775634765625
0.00773429870605469 0.0181751251220703 -0.22467041015625 -0.022186279296875
0.0157060623168945 0.0120506286621094 -0.0729904174804688 0.0900039672851562
0.0125436782836914 -0.00983333587646484 0.0526657104492188 0.077545166015625
0.00486612319946289 -0.000609397888183594 -0.0276107788085937 -0.079193115234375
0.00351333618164062 0.01708984375 0.105239868164062 -0.0581512451171875
0.00318813323974609 0.015904426574707 0.208526611328125 0.06060791015625
-0.0151252746582031 0.00514030456542969 0.171646118164063 0.265899658203125
-0.0242214202880859 -0.0207386016845703 -0.13311767578125 0.353790283203125
0.0121612548828125 -0.0398445129394531 -0.432098388671875 0.18939208984375
0.0468864440917969 0.0149993896484375 -0.35760498046875 -0.0552978515624999
0.0602607727050781 0.0612220764160156 0.0472030639648438 0.0787506103515625
0.0559005737304687 0.0209884643554687 0.4656982421875 0.07537841796875
0.0215473175048828 -0.0160789489746094 0.423492431640625 -0.285491943359375
-0.0138626098632813 -0.0185203552246094 -0.000732421874999965 -0.40130615234375
-0.0141286849975586 -0.00518798828125 -0.250091552734375 -0.171417236328125
0.000971794128417968 0.0106954574584961 -0.221328735351563 0.00926208496093751
0.00731086730957031 0.0147275924682617 -0.065460205078125 0.0982589721679688
0.000223636627197265 -0.00344061851501465 0.0545654296875 0.0769882202148438
0.00635194778442383 -0.00176620483398438 -0.029571533203125 -0.0779342651367188
0.004058837890625 0.0166435241699219 0.101615905761719 -0.0599441528320313
0.00346755981445312 0.0173416137695312 0.208877563476563 0.05535888671875
-0.0135231018066406 0.00655460357666016 0.17950439453125 0.259246826171875
-0.023040771484375 -0.0200595855712891 -0.1197509765625 0.356170654296875
0.0138053894042969 -0.0418510437011719 -0.4256591796875 0.201324462890625
0.0531501770019531 0.0132102966308594 -0.365814208984375 -0.0517578125
0.0683822631835938 0.0632972717285156 0.0354461669921875 0.0698089599609375
0.0625343322753906 0.0223350524902344 0.45855712890625 0.082275390625
0.0260467529296875 -0.0163459777832031 0.435333251953125 -0.275726318359375
-0.0115184783935547 -0.0194206237792969 0.011993408203125 -0.404510498046875
-0.0131759643554688 -0.00528240203857422 -0.246749877929687 -0.18023681640625
0.000500679016113281 0.0111017227172852 -0.224365234375 0.0041656494140625
0.00722694396972656 0.0140857696533203 -0.0703887939453125 0.0970077514648438
0.00218105316162109 -0.00386381149291992 0.0530242919921875 0.0773391723632813
0.00834941864013672 -0.00249242782592773 -0.0321044921875 -0.0765457153320313
0.00395393371582031 0.0154876708984375 0.0980606079101563 -0.0614700317382813
0.00385856628417969 0.0178642272949219 0.207351684570312 0.049041748046875
-0.0123395919799805 0.00921821594238281 0.18707275390625 0.250946044921875
-0.0225181579589844 -0.0184497833251953 -0.1044921875 0.358734130859375
0.0124969482421875 -0.0423545837402344 -0.4176025390625 0.214874267578125
0.0536003112792969 0.0077056884765625 -0.37347412109375 -0.046234130859375
0.0697898864746094 0.0610771179199219 0.0213508605957031 0.0607337951660156
0.0650596618652344 0.0232696533203125 0.450286865234375 0.094207763671875
0.028533935546875 -0.01666259765625 0.447479248046875 -0.262969970703125
-0.00908088684082031 -0.0184841156005859 0.0286865234375 -0.406494140625
-0.011962890625 -0.00313663482666016 -0.241973876953125 -0.191024780273437
0.00112152099609375 0.0119056701660156 -0.227493286132813 -0.0029144287109375
0.00749683380126953 0.0140380859375 -0.0731048583984375 0.0960922241210937
0.00390911102294922 -0.00459718704223633 0.0519866943359375 0.0772171020507813
0.0100183486938477 -0.00362968444824219 -0.0345458984375 -0.0761795043945313
0.00581455230712891 0.0143194198608398 0.0965728759765625 -0.0644912719726563
0.00676727294921875 0.0177288055419922 0.207107543945312 0.0414886474609375
-0.010188102722168 0.0122556686401367 0.194625854492188 0.241241455078125
-0.0232715606689453 -0.0148200988769531 -0.08978271484375 0.35968017578125
0.00806045532226563 -0.0427093505859375 -0.407958984375 0.229736328125
0.0488548278808594 0.002410888671875 -0.3814697265625 -0.0393066406249999
0.0676651000976563 0.0562362670898438 0.00637435913085938 0.0536346435546875
0.0633544921875 0.0230560302734375 0.44207763671875 0.106781005859375
0.0282211303710937 -0.0160160064697266 0.459197998046875 -0.24774169921875
-0.00815677642822266 -0.0165805816650391 0.04461669921875 -0.40960693359375
-0.0096435546875 -0.000547409057617187 -0.237136840820313 -0.201614379882813
0.00142192840576172 0.013667106628418 -0.228515625 -0.0102081298828125
0.00897216796875 0.01275634765625 -0.075927734375 0.094757080078125
0.00600767135620117 -0.00530195236206055 0.0511550903320313 0.0785064697265625
0.011876106262207 -0.00492382049560547 -0.0361480712890625 -0.0753631591796875
0.00824832916259766 0.0127096176147461 0.0954360961914063 -0.066925048828125
0.00816917419433594 0.0184383392333984 0.207443237304688 0.0335845947265625
-0.00767421722412109 0.0160551071166992 0.200775146484375 0.23321533203125
-0.0234947204589844 -0.00968742370605469 -0.0770263671875 0.36029052734375
0.00243759155273438 -0.0416755676269531 -0.4000244140625 0.241790771484375
0.0404739379882812 -0.00291061401367187 -0.38739013671875 -0.031219482421875
0.0603675842285156 0.0483169555664062 -0.00543212890625 0.0503005981445313
0.0569915771484375 0.0205574035644531 0.432708740234375 0.121307373046875
0.0239753723144531 -0.0149898529052734 0.467926025390625 -0.229766845703125
-0.00815200805664063 -0.0123472213745117 0.059844970703125 -0.410369873046875
-0.00804233551025391 0.00208139419555664 -0.232162475585938 -0.2105712890625
0.00317573547363281 0.0156497955322266 -0.228469848632813 -0.0172271728515625
0.011016845703125 0.0129556655883789 -0.0779190063476563 0.0930328369140625
0.00922107696533203 -0.00674057006835937 0.0505752563476562 0.07891845703125
0.0132942199707031 -0.00561618804931641 -0.0360488891601563 -0.0753936767578125
0.0101242065429688 0.0122098922729492 0.0957183837890625 -0.0691070556640625
0.0106296539306641 0.0189704895019531 0.207870483398438 0.0277252197265625
-0.00583457946777344 0.0189762115478516 0.205581665039063 0.227081298828125
-0.0241336822509766 -0.00425910949707031 -0.0682373046875 0.3604736328125
-0.00374221801757813 -0.0397186279296875 -0.393768310546875 0.25
0.0296840667724609 -0.00745582580566406 -0.39190673828125 -0.0246276855468749
0.0491790771484375 0.0394325256347656 -0.0122795104980469 0.0491676330566406
0.0472908020019531 0.0173301696777344 0.4287109375 0.131317138671875
0.0189094543457031 -0.0129547119140625 0.473297119140625 -0.218353271484375
-0.0100669860839844 -0.00952625274658203 0.0703125 -0.410308837890625
-0.00718355178833008 0.00623083114624024 -0.22784423828125 -0.21685791015625
0.0042724609375 0.0160150527954102 -0.228164672851563 -0.0228424072265625
0.012761116027832 0.0127143859863281 -0.0782089233398438 0.0913162231445313
0.0101404190063477 -0.00805950164794922 0.0498046875 0.0793228149414063
0.0135507583618164 -0.00657081604003906 -0.0364151000976563 -0.07574462890625
0.0112419128417969 0.0113859176635742 0.0969772338867188 -0.0714950561523437
0.0123481750488281 0.0193538665771484 0.210205078125 0.0246734619140625
-0.00542068481445313 0.0214710235595703 0.206878662109375 0.224517822265625
-0.0244789123535156 -0.000387191772460939 -0.06591796875 0.361083984375
-0.010650634765625 -0.0374221801757813 -0.3935546875 0.252716064453125
0.0185794830322266 -0.0117626190185547 -0.39288330078125 -0.0209350585937499
0.037628173828125 0.0303955078125 -0.0148239135742187 0.0516738891601562
0.0365447998046875 0.0133056640625 0.426116943359375 0.139495849609375
0.0119562149047852 -0.0120992660522461 0.4774169921875 -0.213348388671875
-0.0122108459472656 -0.00699996948242187 0.07373046875 -0.410308837890625
-0.00616931915283203 0.0082554817199707 -0.226364135742187 -0.21978759765625
0.00602436065673828 0.0171937942504883 -0.22845458984375 -0.025054931640625
0.0143203735351563 0.0123262405395508 -0.07696533203125 0.090087890625
0.0124063491821289 -0.00889968872070313 0.0507965087890625 0.0793075561523437
0.0138654708862305 -0.00633525848388672 -0.0356597900390625 -0.0771255493164063
0.0125398635864258 0.0117521286010742 0.09893798828125 -0.0714187622070312
0.0138988494873047 0.0189647674560547 0.212982177734375 0.02069091796875
-0.004608154296875 0.0228767395019531 0.210464477539062 0.22344970703125
-0.0267410278320313 0.002288818359375 -0.062347412109375 0.365631103515625
-0.0166664123535156 -0.0356063842773437 -0.393310546875 0.2596435546875
0.00831985473632812 -0.0134086608886719 -0.392242431640625 -0.014434814453125
0.0269489288330078 0.0225639343261719 -0.0092926025390625 0.0580787658691406
0.0267715454101563 0.00870323181152344 0.433685302734375 0.132659912109375
0.00423336029052734 -0.0120754241943359 0.472412109375 -0.22283935546875
-0.0146064758300781 -0.00349330902099609 0.062530517578125 -0.412078857421875
-0.00496292114257813 0.00990772247314453 -0.232131958007813 -0.215347290039062
0.00725746154785156 0.0177021026611328 -0.227890014648438 -0.02142333984375
0.0160579681396484 0.0117740631103516 -0.0736618041992188 0.0907363891601562
0.0117502212524414 -0.00940322875976563 0.052154541015625 0.0789108276367188
0.00447225570678711 -0.000788211822509766 -0.02825927734375 -0.08062744140625
0.00378036499023438 0.0180740356445313 0.106964111328125 -0.0595016479492188
0.0025787353515625 0.0160293579101563 0.211883544921875 0.0605926513671875
-0.0147666931152344 0.00485134124755859 0.175216674804687 0.268798828125
-0.0245285034179688 -0.0212173461914063 -0.133087158203125 0.3594970703125
0.0119361877441406 -0.0399055480957031 -0.435943603515625 0.192657470703125
0.04718017578125 0.014739990234375 -0.361602783203125 -0.0551147460937499
0.0607566833496094 0.06158447265625 0.0474090576171875 0.07879638671875
0.0561599731445312 0.0203590393066406 0.47039794921875 0.0758056640625
0.0213146209716797 -0.0157222747802734 0.429351806640625 -0.2911376953125
-0.0140781402587891 -0.0182991027832031 -0.00198364257812502 -0.405914306640625
-0.0143527984619141 -0.00568580627441407 -0.253997802734375 -0.1734619140625
0.00161170959472656 0.0100793838500977 -0.22418212890625 0.01092529296875
0.007965087890625 0.0146722793579102 -0.066497802734375 0.100273132324219
-0.000252962112426758 -0.00345778465270996 0.05511474609375 0.0785369873046875
0.00642204284667969 -0.00191402435302734 -0.0303878784179687 -0.0787200927734375
0.00367546081542969 0.0162973403930664 0.103721618652344 -0.0606460571289063
0.00237464904785156 0.0167217254638672 0.211502075195313 0.0550079345703125
-0.0146389007568359 0.00691699981689453 0.182968139648438 0.261978149414063
-0.02362060546875 -0.0199069976806641 -0.119720458984375 0.361358642578125
0.0129890441894531 -0.0418052673339844 -0.43060302734375 0.205596923828125
0.0530471801757813 0.0131874084472656 -0.370269775390625 -0.051666259765625
0.0683479309082031 0.063873291015625 0.0355415344238281 0.0695228576660156
0.0636215209960938 0.0225982666015625 0.46417236328125 0.0814208984375
0.0258255004882813 -0.0175762176513672 0.4395751953125 -0.281951904296875
-0.0116329193115234 -0.0190906524658203 0.01177978515625 -0.410400390625
-0.0128545761108398 -0.0054941177368164 -0.250991821289063 -0.181838989257813
0.000641822814941406 0.0110998153686523 -0.22723388671875 0.0051727294921875
0.00722312927246094 0.0139884948730469 -0.0709228515625 0.0985794067382813
0.00150656700134277 -0.00370001792907715 0.05389404296875 0.07891845703125
0.00823879241943359 -0.00216817855834961 -0.0320587158203125 -0.0765838623046875
0.00531482696533203 0.0151157379150391 0.0999755859375 -0.0629425048828125
0.00471687316894531 0.0176963806152344 0.209854125976562 0.0481719970703125
-0.013153076171875 0.00867843627929688 0.191116333007813 0.253097534179688
-0.0234107971191406 -0.0181140899658203 -0.106201171875 0.364013671875
0.01190185546875 -0.0427093505859375 -0.42193603515625 0.219573974609375
0.053375244140625 0.00882339477539063 -0.378021240234375 -0.046630859375
0.0707244873046875 0.0612030029296875 0.0206756591796875 0.0611839294433594
0.0655517578125 0.02313232421875 0.454833984375 0.09381103515625
0.0290641784667969 -0.0173358917236328 0.45184326171875 -0.268157958984375
-0.00979423522949219 -0.0185775756835938 0.028656005859375 -0.4136962890625
-0.0114421844482422 -0.00372505187988281 -0.245254516601563 -0.192092895507813
0.00106334686279297 0.0125112533569336 -0.229995727539063 -0.001434326171875
0.00873279571533203 0.0135717391967773 -0.0739593505859375 0.0982208251953125
0.00374460220336914 -0.00404858589172363 0.05181884765625 0.0782318115234375
0.0101280212402344 -0.00355243682861328 -0.03460693359375 -0.07611083984375
0.00710678100585938 0.0139312744140625 0.0979461669921875 -0.0663604736328125
0.00615310668945312 0.0188045501708984 0.210189819335938 0.040374755859375
-0.0105476379394531 0.0129356384277344 0.19830322265625 0.24365234375
-0.0227642059326172 -0.0139884948730469 -0.088775634765625 0.366302490234375
0.00830841064453125 -0.0434455871582031 -0.412139892578125 0.23455810546875
0.0490379333496094 0.00186920166015625 -0.386871337890625 -0.037811279296875
0.0674858093261719 0.0568199157714844 0.00627136230468751 0.0546646118164063
0.063629150390625 0.022674560546875 0.4476318359375 0.107025146484375
0.0286693572998047 -0.0158405303955078 0.463531494140625 -0.2525634765625
-0.00828933715820313 -0.0159912109375 0.0445556640625 -0.415863037109375
-0.0103559494018555 -0.000349044799804688 -0.239456176757813 -0.202468872070312
0.00164222717285156 0.0138874053955078 -0.231094360351563 -0.00862121582031247
0.00975131988525391 0.0128326416015625 -0.0758438110351563 0.0965194702148438
0.00653409957885742 -0.00516891479492188 0.0513687133789063 0.0789337158203125
0.0121822357177734 -0.00518608093261719 -0.036041259765625 -0.0752105712890625
0.00908756256103516 0.0123081207275391 0.0967178344726563 -0.068389892578125
0.00880622863769531 0.0189189910888672 0.210189819335938 0.033294677734375
-0.00836277008056641 0.0159072875976563 0.204681396484375 0.235870361328125
-0.02337646484375 -0.00930595397949218 -0.0767822265625 0.3656005859375
0.0029296875 -0.0420455932617188 -0.404205322265625 0.246673583984375
0.041473388671875 -0.00340652465820313 -0.39263916015625 -0.031158447265625
0.0606269836425781 0.0492782592773438 -0.00548171997070313 0.0497932434082031
0.0573616027832031 0.0205497741699219 0.4378662109375 0.121673583984375
0.0242080688476563 -0.0146141052246094 0.47320556640625 -0.235595703125
-0.0084686279296875 -0.0134220123291016 0.0587158203125 -0.41656494140625
-0.0084071159362793 0.0023956298828125 -0.23455810546875 -0.211898803710937
0.00324153900146484 0.015254020690918 -0.232528686523438 -0.01629638671875
0.0111770629882812 0.0119895935058594 -0.07904052734375 0.0944366455078125
0.00807571411132813 -0.00639438629150391 0.05047607421875 0.0800094604492188
0.0134353637695313 -0.00548839569091797 -0.0369415283203125 -0.075836181640625
0.0108537673950195 0.0123825073242188 0.0966796875 -0.0704116821289063
0.0112342834472656 0.01910400390625 0.211410522460938 0.027099609375
-0.00607872009277344 0.0187892913818359 0.209747314453125 0.23004150390625
-0.0246696472167969 -0.00431060791015625 -0.0670166015625 0.36566162109375
-0.00456619262695312 -0.0395774841308594 -0.39898681640625 0.25439453125
0.0299892425537109 -0.00785255432128906 -0.397430419921875 -0.0255737304687499
0.0496025085449219 0.0392837524414063 -0.0133514404296875 0.0495529174804688
0.0483055114746094 0.0168952941894531 0.4326171875 0.1324462890625
0.0188198089599609 -0.0137310028076172 0.47918701171875 -0.2237548828125
-0.00992202758789062 -0.00955867767333985 0.070404052734375 -0.415679931640625
-0.0066375732421875 0.00558090209960938 -0.231643676757813 -0.218826293945312
0.00448513031005859 0.0167655944824219 -0.232284545898438 -0.0214996337890625
0.0133523941040039 0.0122241973876953 -0.0795135498046875 0.0937576293945312
0.0105171203613281 -0.00798988342285156 0.0509490966796875 0.0810394287109375
0.0143594741821289 -0.00674533843994141 -0.0363616943359375 -0.0767898559570312
0.013484001159668 0.0115680694580078 0.09881591796875 -0.0726242065429688
0.0125885009765625 0.0195274353027344 0.212554931640625 0.0235748291015625
-0.0056304931640625 0.0223140716552734 0.21038818359375 0.227020263671875
-0.0254154205322266 -0.000226974487304684 -0.064453125 0.366912841796875
-0.0110359191894531 -0.0381240844726563 -0.397796630859375 0.25823974609375
0.0178680419921875 -0.011383056640625 -0.3966064453125 -0.020782470703125
0.0385284423828125 0.0308494567871094 -0.0151863098144531 0.0514488220214844
0.0369033813476563 0.01324462890625 0.432525634765625 0.139251708984375
0.0115633010864258 -0.0120830535888672 0.48138427734375 -0.217132568359375
-0.0124855041503906 -0.00676250457763672 0.073822021484375 -0.41619873046875
-0.00651979446411133 0.00810909271240234 -0.229568481445313 -0.221328735351563
0.00657844543457031 0.0184993743896484 -0.231185913085938 -0.0252227783203125
0.0149621963500977 0.0128107070922852 -0.0778427124023438 0.09246826171875
0.0115413665771484 -0.00898456573486328 0.0510940551757813 0.0807037353515625
0.0138158798217773 -0.00694370269775391 -0.0363235473632813 -0.0775146484375
0.0139904022216797 0.012028694152832 0.101455688476562 -0.0742645263671875
0.0137557983398438 0.0190010070800781 0.215194702148437 0.0191497802734375
-0.00445365905761718 0.0232467651367188 0.214614868164063 0.225616455078125
-0.027252197265625 0.00321960449218751 -0.061920166015625 0.37005615234375
-0.0173912048339844 -0.0352935791015625 -0.396759033203125 0.26513671875
0.00765705108642578 -0.0139608383178711 -0.397064208984375 -0.012542724609375
0.0265121459960938 0.0226612091064453 -0.0100746154785156 0.0577049255371094
0.0265579223632813 0.00858497619628906 0.437896728515625 0.132476806640625
0.00485134124755859 -0.011749267578125 0.4766845703125 -0.226226806640625
-0.0154485702514648 -0.00321483612060547 0.0616455078125 -0.417755126953125
-0.00440311431884766 0.010157585144043 -0.235382080078125 -0.216949462890625
0.00830650329589844 0.0174884796142578 -0.23065185546875 -0.020263671875
0.0161972045898438 0.0120830535888672 -0.0742874145507813 0.0929641723632813
0.0111064910888672 -0.00973224639892578 0.0529251098632813 0.0794754028320313
0.00544023513793945 -0.00116682052612305 -0.0284423828125 -0.0809249877929687
0.00410079956054688 0.0181446075439453 0.10791015625 -0.062042236328125
0.00284385681152344 0.0159988403320313 0.214752197265625 0.059783935546875
-0.0150814056396484 0.00608253479003906 0.179458618164063 0.270370483398438
-0.0247459411621094 -0.0214614868164063 -0.133941650390625 0.364959716796875
0.011688232421875 -0.0404472351074219 -0.442108154296875 0.197601318359375
0.0473480224609375 0.0147857666015625 -0.367431640625 -0.054443359375
0.061798095703125 0.0620574951171875 0.0482025146484375 0.0789337158203125
0.0578651428222656 0.0198135375976563 0.475341796875 0.073516845703125
0.0219459533691406 -0.01727294921875 0.4334716796875 -0.29730224609375
-0.0147438049316406 -0.0184879302978516 -0.00479125976562499 -0.4114990234375
-0.014103889465332 -0.00586795806884765 -0.259353637695313 -0.173187255859375
0.00219058990478516 0.0105495452880859 -0.227645874023438 0.0130157470703125
0.00739860534667969 0.0147686004638672 -0.067169189453125 0.101860046386719
-6.34193420410157E-05 -0.00324392318725586 0.0564422607421875 0.0789871215820313
0.00633049011230469 -0.00081634521484375 -0.0310745239257813 -0.0795440673828125
0.00446128845214844 0.0165719985961914 0.104812622070312 -0.0621185302734375
0.00302505493164062 0.0177955627441406 0.214263916015625 0.05450439453125
-0.0144376754760742 0.00773334503173828 0.187362670898438 0.263397216796875
-0.0245113372802734 -0.0207157135009766 -0.119415283203125 0.36798095703125
0.0138206481933594 -0.0423812866210938 -0.435211181640625 0.21075439453125
0.05364990234375 0.012908935546875 -0.375946044921875 -0.0509338378906251
0.0695419311523438 0.0643730163574219 0.0358428955078125 0.070556640625
0.0643157958984375 0.0222549438476562 0.469390869140625 0.080413818359375
0.02606201171875 -0.0176219940185547 0.44439697265625 -0.289093017578125
-0.0118980407714844 -0.0193500518798828 0.010101318359375 -0.414398193359375
-0.0136222839355469 -0.00542926788330078 -0.255264282226563 -0.182968139648437
0.00104808807373047 0.0110750198364258 -0.231307983398438 0.00747680664062502
0.0078582763671875 0.0143718719482422 -0.0710906982421875 0.101150512695313
0.000836372375488281 -0.00366115570068359 0.0548629760742187 0.079376220703125
0.00734806060791016 -0.00199699401855469 -0.0327529907226563 -0.077850341796875
0.00568580627441406 0.0160722732543945 0.101516723632813 -0.0648269653320313
0.00474262237548828 0.0170831680297852 0.213760375976563 0.04742431640625
-0.0128698348999023 0.00999259948730469 0.195526123046875 0.25506591796875
-0.0236988067626953 -0.0174598693847656 -0.104583740234375 0.3695068359375
0.01153564453125 -0.0433998107910156 -0.425689697265625 0.2247314453125
0.0540008544921875 0.00849533081054688 -0.3836669921875 -0.044097900390625
0.0714111328125 0.062042236328125 0.0215721130371094 0.0607452392578125
0.0670013427734375 0.0238990783691406 0.46044921875 0.092864990234375
0.0292587280273437 -0.0173473358154297 0.455657958984375 -0.27423095703125
-0.00993919372558594 -0.0183353424072266 0.0262451171875 -0.41864013671875
-0.0126180648803711 -0.00349140167236328 -0.249923706054688 -0.193267822265625
0.000326156616210938 0.0119714736938477 -0.23321533203125 0.000473022460937505
0.00878620147705078 0.0137319564819336 -0.0745925903320312 0.099639892578125
0.00349760055541992 -0.00429368019104004 0.053924560546875 0.0791244506835938
0.0100307464599609 -0.00357437133789063 -0.0348129272460938 -0.0778732299804687
0.00700950622558594 0.0144491195678711 0.0989303588867188 -0.0672073364257813
0.00671958923339844 0.0183830261230469 0.212890625 0.0399627685546875
-0.0109872817993164 0.013239860534668 0.20281982421875 0.245391845703125
-0.0241260528564453 -0.0137405395507812 -0.088165283203125 0.37054443359375
0.00788497924804688 -0.0431022644042969 -0.41754150390625 0.239288330078125
0.0495529174804688 0.00246810913085938 -0.392333984375 -0.037872314453125
0.0685615539550781 0.057342529296875 0.006591796875 0.0541801452636719
0.0643577575683594 0.022125244140625 0.454620361328125 0.10638427734375
0.0288257598876953 -0.0164508819580078 0.468017578125 -0.258544921875
-0.00832653045654297 -0.0167198181152344 0.043121337890625 -0.420806884765625
-0.0103969573974609 -0.000226974487304685 -0.2449951171875 -0.203292846679687
0.00216865539550781 0.0138111114501953 -0.234893798828125 -0.00704956054687495
0.0103158950805664 0.013671875 -0.0781478881835938 0.0983047485351562
0.00641870498657226 -0.00565862655639648 0.052398681640625 0.0803146362304688
0.0124187469482422 -0.00447750091552734 -0.0366439819335938 -0.076995849609375
0.00984382629394531 0.0125255584716797 0.0981597900390625 -0.0701217651367188
0.00842666625976563 0.0192089080810547 0.213638305664063 0.0321197509765625
-0.00830554962158203 0.0164003372192383 0.20892333984375 0.237442016601563
-0.0243091583251953 -0.009857177734375 -0.076202392578125 0.372467041015625
0.00237655639648438 -0.0420951843261719 -0.408416748046875 0.2523193359375
0.0407905578613281 -0.00299453735351563 -0.397613525390625 -0.0290527343750001
0.0610389709472656 0.0487785339355469 -0.00551605224609374 0.0499114990234375
0.0579032897949219 0.0212669372558594 0.445220947265625 0.119598388671875
0.0250778198242187 -0.0149936676025391 0.47784423828125 -0.239898681640625
-0.00878524780273438 -0.0139560699462891 0.058502197265625 -0.42230224609375
-0.00840377807617188 0.00279760360717773 -0.23956298828125 -0.213760375976563
0.00288009643554687 0.0146169662475586 -0.236038208007813 -0.0142822265625
0.0116024017333984 0.0123586654663086 -0.0787887573242188 0.0971603393554688
0.0081181526184082 -0.00645923614501953 0.0513153076171875 0.0807113647460938
0.0132122039794922 -0.00660228729248047 -0.0370254516601562 -0.07672119140625
0.0116539001464844 0.0118618011474609 0.0987396240234375 -0.072479248046875
0.0104408264160156 0.0187454223632813 0.214218139648438 0.0261077880859375
-0.0073699951171875 0.0209579467773438 0.214035034179688 0.2308349609375
-0.0249443054199219 -0.00421905517578125 -0.067901611328125 0.371429443359375
-0.0044097900390625 -0.0402908325195313 -0.40283203125 0.260955810546875
0.0305194854736328 -0.00879096984863281 -0.401519775390625 -0.0229492187500001
0.049407958984375 0.0388984680175781 -0.0136070251464844 0.0484695434570313
0.04833984375 0.0167312622070313 0.43829345703125 0.131103515625
0.0192394256591797 -0.0139598846435547 0.483154296875 -0.22760009765625
-0.0102548599243164 -0.010157585144043 0.0689697265625 -0.42138671875
-0.00738525390625 0.00644493103027344 -0.235748291015625 -0.22064208984375
0.00492000579833984 0.0160293579101563 -0.235687255859375 -0.01995849609375
0.0142011642456055 0.0117702484130859 -0.0802993774414063 0.0944442749023438
0.00938892364501953 -0.00768852233886719 0.051422119140625 0.081451416015625
0.0141639709472656 -0.00676441192626953 -0.0371627807617188 -0.077362060546875
0.0136013031005859 0.0111474990844727 0.0994491577148438 -0.0739288330078125
0.0127201080322266 0.0192203521728516 0.215347290039063 0.0221099853515625
-0.00577354431152344 0.0224418640136719 0.214935302734375 0.227706909179688
-0.027252197265625 -0.000400543212890623 -0.064422607421875 0.371307373046875
-0.0116043090820312 -0.0375137329101563 -0.4014892578125 0.263641357421875
0.0179214477539063 -0.0117416381835938 -0.402923583984375 -0.019073486328125
0.0382957458496094 0.0305557250976563 -0.015350341796875 0.0519256591796875
0.0374374389648438 0.0119209289550781 0.43646240234375 0.13824462890625
0.0125513076782227 -0.0123567581176758 0.4869384765625 -0.223052978515625
-0.0126409530639648 -0.00609588623046875 0.072265625 -0.422332763671875
-0.0054025650024414 0.00886821746826172 -0.234161376953125 -0.223373413085937
0.00660514831542969 0.0177059173583984 -0.234603881835938 -0.02215576171875
0.0156097412109375 0.0128240585327148 -0.0790786743164062 0.0935592651367188
0.0112190246582031 -0.0085296630859375 0.051727294921875 0.0818023681640625
0.0137596130371094 -0.00629901885986328 -0.0366439819335937 -0.0784835815429688
0.0145330429077148 0.0116500854492188 0.102287292480469 -0.0753173828125
0.0144577026367188 0.0189056396484375 0.218185424804687 0.016693115234375
-0.00433349609375 0.0238819122314453 0.219024658203125 0.227096557617188
-0.0287437438964844 0.00301551818847657 -0.060089111328125 0.3758544921875
-0.01739501953125 -0.0357513427734375 -0.4002685546875 0.270782470703125
0.00781917572021484 -0.0137853622436523 -0.40185546875 -0.0118103027343749
0.0265102386474609 0.0222911834716797 -0.0107650756835938 0.0589065551757812
0.0262165069580078 0.00853919982910156 0.443634033203125 0.13214111328125
0.00438022613525391 -0.0115385055541992 0.481903076171875 -0.232452392578125
-0.0149030685424805 -0.00314807891845703 0.05963134765625 -0.42315673828125
-0.00489234924316406 0.0104446411132812 -0.239532470703125 -0.218338012695312
0.00787734985351563 0.0185489654541016 -0.234115600585937 -0.0190277099609375
0.0173215866088867 0.0123224258422852 -0.0750045776367188 0.0949554443359375
0.0121221542358398 -0.0092010498046875 0.0543365478515625 0.0806503295898438
0.00483226776123047 -0.000157356262207031 -0.0290679931640625 -0.0826950073242188
0.00501060485839844 0.0178508758544922 0.109901428222656 -0.0635452270507813
0.00351905822753906 0.016571044921875 0.218032836914063 0.058837890625
-0.0157709121704102 0.00618553161621094 0.185333251953125 0.272964477539062
-0.0259532928466797 -0.0206127166748047 -0.131683349609375 0.370880126953125
0.011505126953125 -0.0407066345214844 -0.44671630859375 0.20458984375
0.04864501953125 0.0154991149902344 -0.37298583984375 -0.052398681640625
0.0632247924804688 0.0620536804199219 0.0486831665039063 0.0789260864257813
0.0581588745117187 0.0204353332519531 0.483062744140625 0.071044921875
0.0223274230957031 -0.0166473388671875 0.437042236328125 -0.30474853515625
-0.01507568359375 -0.0186405181884766 -0.00820922851562497 -0.417449951171875
-0.0151653289794922 -0.00554275512695313 -0.263565063476562 -0.173614501953125
0.00172996520996094 0.0107793807983398 -0.231124877929688 0.015838623046875
0.00815582275390625 0.0148649215698242 -0.0673904418945313 0.104759216308594
-0.000737667083740235 -0.00347638130187988 0.0579757690429687 0.0802230834960937
0.00614261627197266 -0.00129508972167969 -0.0318145751953125 -0.0803375244140625
0.00556468963623047 0.0170869827270508 0.106758117675781 -0.0648574829101563
0.00309276580810547 0.0170660018920898 0.21881103515625 0.0530853271484375
-0.0148477554321289 0.00742244720458984 0.192459106445312 0.2652587890625
-0.0244026184082031 -0.0199317932128906 -0.1190185546875 0.372528076171875
0.0129661560058594 -0.0425186157226563 -0.438995361328125 0.217010498046875
0.0543136596679687 0.0127067565917969 -0.37982177734375 -0.048492431640625
0.070648193359375 0.0642166137695313 0.0363845825195313 0.0698966979980469
0.0649375915527344 0.0212059020996094 0.476806640625 0.0782470703125
0.0270004272460937 -0.0174083709716797 0.44805908203125 -0.296234130859375
-0.0121326446533203 -0.0195064544677734 0.00628662109374999 -0.421142578125
-0.0137414932250977 -0.00509548187255859 -0.2596435546875 -0.183364868164063
0.00102806091308594 0.0106649398803711 -0.234115600585938 0.00967407226562501
0.00852870941162109 0.0142822265625 -0.071319580078125 0.103317260742188
0.000812768936157227 -0.00330424308776855 0.0558624267578125 0.0809707641601563
0.0081334114074707 -0.00255584716796875 -0.0342330932617188 -0.0787124633789063
0.0064544677734375 0.0160465240478516 0.103286743164063 -0.0670089721679688
0.00464439392089843 0.0176868438720703 0.216720581054687 0.0462646484375
-0.0127849578857422 0.0105724334716797 0.20062255859375 0.257339477539063
-0.0237483978271484 -0.0179214477539062 -0.101959228515625 0.375396728515625
0.0122833251953125 -0.0434494018554688 -0.4306640625 0.230316162109375
0.0545997619628906 0.00814056396484375 -0.388397216796875 -0.042083740234375
0.072845458984375 0.0622406005859375 0.0216751098632813 0.0616264343261719
0.0674171447753906 0.0224685668945312 0.46759033203125 0.09039306640625
0.0295925140380859 -0.0174827575683594 0.459930419921875 -0.282318115234375
-0.0100650787353516 -0.018402099609375 0.02239990234375 -0.4254150390625
-0.0124149322509766 -0.00328445434570312 -0.255996704101563 -0.19354248046875
0.00123977661132812 0.0125627517700195 -0.236602783203125 0.003204345703125
0.00964450836181641 0.0135431289672852 -0.0748977661132812 0.102500915527344
0.00322866439819336 -0.00427746772766113 0.054534912109375 0.0808944702148438
0.0101079940795898 -0.00461959838867188 -0.0363311767578125 -0.0785064697265625
0.00840950012207031 0.0146064758300781 0.100433349609375 -0.069488525390625
0.00663948059082031 0.0184764862060547 0.216506958007813 0.0383758544921875
-0.0108489990234375 0.0137395858764648 0.208786010742188 0.2479248046875
-0.0246410369873047 -0.0136013031005859 -0.086181640625 0.3758544921875
0.00764083862304688 -0.0435333251953125 -0.420867919921875 0.247039794921875
0.0500221252441406 0.00233078002929688 -0.396820068359375 -0.0346069335937501
0.0695724487304688 0.0576057434082031 0.00648117065429688 0.0544166564941406
0.0659980773925781 0.0222663879394531 0.45855712890625 0.104736328125
0.0293064117431641 -0.0169410705566406 0.472503662109375 -0.266143798828125
-0.00901412963867188 -0.0162591934204102 0.039703369140625 -0.427825927734375
-0.0107545852661133 -0.00111484527587891 -0.250137329101563 -0.203842163085937
0.00196743011474609 0.0145578384399414 -0.239700317382813 -0.00402832031250003
0.0107917785644531 0.0128583908081055 -0.0785369873046875 0.101028442382813
0.00541114807128906 -0.00481462478637695 0.0542526245117188 0.0813369750976563
0.0117435455322266 -0.00529956817626953 -0.0373458862304688 -0.0773239135742187
0.0107383728027344 0.0134134292602539 0.0989303588867188 -0.0723648071289063
0.00851821899414062 0.0191612243652344 0.216949462890625 0.0307464599609375
-0.00899505615234375 0.0172700881958008 0.214462280273438 0.23870849609375
-0.0253105163574219 -0.00861549377441406 -0.073516845703125 0.37774658203125
0.00165176391601563 -0.0421943664550781 -0.411773681640625 0.259490966796875
0.0404891967773438 -0.00347137451171875 -0.402252197265625 -0.026702880859375
0.0627250671386719 0.0495376586914063 -0.00571823120117187 0.05023193359375
0.0586967468261719 0.0197944641113281 0.45037841796875 0.118072509765625
0.0247554779052734 -0.014495849609375 0.48223876953125 -0.2490234375
-0.00875663757324219 -0.0140037536621094 0.055145263671875 -0.429107666015625
-0.00857734680175781 0.00272798538208008 -0.244659423828125 -0.214202880859375
0.00367546081542969 0.0151042938232422 -0.239822387695313 -0.011199951171875
0.0125837326049805 0.012176513671875 -0.0799789428710937 0.09942626953125
0.00760793685913086 -0.00661230087280273 0.0530014038085937 0.0825119018554688
0.0139684677124023 -0.0068359375 -0.03857421875 -0.0773239135742188
0.0127420425415039 0.0119495391845703 0.0994644165039063 -0.0747146606445313
0.0106430053710938 0.0188350677490234 0.216751098632813 0.0243072509765625
-0.00713539123535156 0.0210285186767578 0.218765258789063 0.232177734375
-0.0257301330566406 -0.00382614135742188 -0.06378173828125 0.3759765625
-0.00549697875976562 -0.0401535034179688 -0.4072265625 0.268280029296875
0.0305004119873047 -0.00832176208496094 -0.40869140625 -0.0210876464843749
0.0507392883300781 0.039398193359375 -0.0135650634765625 0.0496902465820313
0.048614501953125 0.0172157287597656 0.445465087890625 0.130584716796875
0.0193653106689453 -0.013885498046875 0.488128662109375 -0.234771728515625
-0.0104494094848633 -0.00961494445800781 0.06671142578125 -0.429046630859375
-0.00672197341918945 0.00595998764038086 -0.2408447265625 -0.220962524414062
0.00477313995361328 0.0168867111206055 -0.239288330078125 -0.017547607421875
0.0144815444946289 0.0120210647583008 -0.080718994140625 0.0974197387695313
0.00955867767333985 -0.0079641342163086 0.0520858764648438 0.0825424194335937
0.0138139724731445 -0.00686454772949219 -0.0372695922851563 -0.0784835815429687
0.0140419006347656 0.01165771484375 0.101249694824219 -0.0760650634765625
0.0123882293701172 0.0195522308349609 0.21826171875 0.0206451416015625
-0.00522613525390625 0.0225486755371094 0.220199584960938 0.2294921875
-0.0274600982666016 0.000234603881835934 -0.062469482421875 0.37786865234375
-0.0123176574707031 -0.0373954772949219 -0.404083251953125 0.270965576171875
0.017852783203125 -0.0116367340087891 -0.408782958984375 -0.0168762207031249
0.0386390686035156 0.0302925109863281 -0.0157051086425781 0.0520133972167969
0.0386886596679688 0.0124015808105469 0.44293212890625 0.136871337890625
0.0118207931518555 -0.0122404098510742 0.49224853515625 -0.228515625
-0.013275146484375 -0.00687503814697265 0.06982421875 -0.428863525390625
-0.00594806671142578 0.00880527496337891 -0.239364624023438 -0.224609375
0.00651359558105469 0.0178813934326172 -0.238311767578125 -0.0202178955078125
0.0162801742553711 0.0126705169677734 -0.0790328979492188 0.0960464477539062
0.0109348297119141 -0.00853824615478516 0.0528182983398438 0.0831680297851563
0.0143117904663086 -0.00731658935546875 -0.0377197265625 -0.0796585083007813
0.0155601501464844 0.0117053985595703 0.103668212890625 -0.0780410766601563
0.0149593353271484 0.0188426971435547 0.221176147460938 0.0159149169921875
-0.00456809997558594 0.0243988037109375 0.224365234375 0.227645874023437
-0.0285625457763672 0.0036163330078125 -0.057769775390625 0.3812255859375
-0.0186805725097656 -0.0352325439453125 -0.403564453125 0.2784423828125
0.00731658935546875 -0.0136432647705078 -0.408477783203125 -0.00765991210937494
0.0273418426513672 0.0227279663085938 -0.0106964111328125 0.0584831237792969
0.0273094177246094 0.00765419006347656 0.450531005859375 0.130859375
0.00471591949462891 -0.0117559432983398 0.487457275390625 -0.238983154296875
-0.016413688659668 -0.00293827056884765 0.058074951171875 -0.430877685546875
-0.00555133819580078 0.0105304718017578 -0.245773315429687 -0.219512939453125
0.00936508178710938 0.0178508758544922 -0.237411499023438 -0.01593017578125
0.0176925659179688 0.0118637084960938 -0.0758590698242187 0.0973663330078125
0.011591911315918 -0.00971794128417969 0.0553436279296875 0.0816726684570313
0.0047764778137207 -0.000604152679443359 -0.0297775268554687 -0.0826950073242188
0.00622367858886719 0.0183563232421875 0.111213684082031 -0.0656890869140625
0.00342750549316406 0.0168027877807617 0.222381591796875 0.0565338134765625
-0.0165748596191406 0.00643539428710937 0.1912841796875 0.27435302734375
-0.0265560150146484 -0.0213813781738281 -0.129302978515625 0.37811279296875
0.0107231140136719 -0.0411796569824219 -0.449920654296875 0.212066650390625
0.0483016967773438 0.01483154296875 -0.3782958984375 -0.0508422851562501
0.0641250610351563 0.0621910095214844 0.0497055053710938 0.079071044921875
0.0591278076171875 0.0200004577636719 0.489776611328125 0.066864013671875
0.0221729278564453 -0.0177249908447266 0.43853759765625 -0.314300537109375
-0.0153255462646484 -0.01812744140625 -0.01263427734375 -0.4237060546875
-0.0147533416748047 -0.00606250762939453 -0.269027709960938 -0.173309326171875
0.00181198120117187 0.0108661651611328 -0.23455810546875 0.018951416015625
0.00794029235839844 0.0146627426147461 -0.0677719116210937 0.107147216796875
-0.000545978546142578 -0.00286698341369629 0.0588760375976562 0.0811080932617187
0.00609731674194336 -0.000976085662841797 -0.0320205688476563 -0.0817108154296875
0.00615692138671875 0.0176486968994141 0.107437133789063 -0.0669403076171875
0.00418281555175781 0.0177764892578125 0.220932006835938 0.0506134033203125
-0.0146121978759766 0.00820159912109375 0.199081420898437 0.267257690429688
-0.0256862640380859 -0.0204124450683594 -0.1158447265625 0.38092041015625
0.0135002136230469 -0.0434341430664063 -0.443603515625 0.224853515625
0.0545425415039062 0.0129280090332031 -0.386474609375 -0.0457763671875001
0.0717239379882812 0.0637741088867187 0.0376129150390625 0.070556640625
0.0657958984375 0.0216026306152344 0.483245849609375 0.073455810546875
0.0277633666992187 -0.0187301635742188 0.450531005859375 -0.304595947265625
-0.0127029418945313 -0.0189323425292969 0.00234985351562503 -0.428314208984375
-0.0146446228027344 -0.00545787811279297 -0.265609741210937 -0.182723999023437
0.00112533569335937 0.0114784240722656 -0.237991333007813 0.012786865234375
0.00890064239501953 0.0140018463134766 -0.0712890625 0.10626220703125
0.000653743743896484 -0.00280642509460449 0.0574264526367187 0.080963134765625
0.00770235061645508 -0.00308990478515625 -0.0350570678710937 -0.080322265625
0.00682544708251953 0.0156955718994141 0.10406494140625 -0.0690078735351563
0.00480842590332031 0.018341064453125 0.221481323242188 0.0444793701171875
-0.0138053894042969 0.0108604431152344 0.206680297851563 0.257369995117188
-0.0255546569824219 -0.0171051025390625 -0.100067138671875 0.383026123046875
0.0113105773925781 -0.0442390441894531 -0.434112548828125 0.239898681640625
0.0556221008300781 0.00783157348632813 -0.394622802734375 -0.03924560546875
0.0734405517578125 0.0619354248046875 0.0220603942871094 0.0618019104003906
0.0685997009277344 0.0223045349121094 0.4742431640625 0.086334228515625
0.0296211242675781 -0.0179347991943359 0.463836669921875 -0.290191650390625
-0.0109596252441406 -0.0184326171875 0.017669677734375 -0.431640625
-0.0126628875732422 -0.00382328033447266 -0.26141357421875 -0.193756103515625
0.00117778778076172 0.0122251510620117 -0.24017333984375 0.00657653808593752
0.00983238220214844 0.0137014389038086 -0.0748062133789063 0.104660034179687
0.00260162353515625 -0.00401735305786133 0.0565643310546875 0.081787109375
0.0101957321166992 -0.00439739227294922 -0.036834716796875 -0.0781097412109375
0.008636474609375 0.0141572952270508 0.100868225097656 -0.0722122192382813
0.00727653503417969 0.0190372467041016 0.220443725585938 0.0348663330078125
-0.0117073059082031 0.0145692825317383 0.214401245117188 0.247955322265625
-0.0241909027099609 -0.0134220123291016 -0.08282470703125 0.3839111328125
0.00736618041992188 -0.044677734375 -0.42352294921875 0.25457763671875
0.0507164001464844 0.00212860107421875 -0.40362548828125 -0.03118896484375
0.0709609985351562 0.0568008422851562 0.00607681274414063 0.0549468994140625
0.0669937133789063 0.0213661193847656 0.46563720703125 0.101165771484375
0.0293827056884766 -0.0173130035400391 0.47576904296875 -0.274932861328125
-0.0088968276977539 -0.0160179138183594 0.035980224609375 -0.435516357421875
-0.0108242034912109 -0.000747680664062501 -0.2562255859375 -0.205078125
0.00225257873535156 0.0128211975097656 -0.24176025390625 -0.00149536132812503
0.0115327835083008 0.0132598876953125 -0.0785064697265625 0.103675842285156
0.00548982620239258 -0.00536823272705078 0.0552597045898437 0.0820159912109375
0.0119552612304687 -0.00582695007324219 -0.038848876953125 -0.0773544311523438
0.0110301971435547 0.0131292343139648 0.100502014160156 -0.0751495361328125
0.00889968872070313 0.0190792083740234 0.219650268554688 0.027923583984375
-0.00852203369140625 0.0178241729736328 0.221343994140625 0.239791870117187
-0.0251941680908203 -0.00821495056152344 -0.070404052734375 0.383514404296875
0.00109481811523438 -0.0428009033203125 -0.41461181640625 0.26837158203125
0.0422439575195313 -0.00339889526367188 -0.408447265625 -0.023284912109375
0.0629005432128906 0.0484619140625 -0.00624465942382812 0.0506095886230469
0.0592002868652344 0.0196723937988281 0.456329345703125 0.115386962890625
0.0255546569824219 -0.0160579681396484 0.48590087890625 -0.25823974609375
-0.00936985015869141 -0.0137014389038086 0.051422119140625 -0.43695068359375
-0.00847005844116211 0.00268650054931641 -0.250900268554687 -0.215072631835938
0.00359821319580078 0.01531982421875 -0.243820190429688 -0.00842285156249995
0.0123510360717773 0.0126094818115234 -0.0797042846679688 0.101318359375
0.00747489929199219 -0.00632715225219727 0.053985595703125 0.0830001831054688
0.0140752792358398 -0.00526046752929688 -0.0396041870117187 -0.0785675048828125
0.0132732391357422 0.0116739273071289 0.100357055664063 -0.07659912109375
0.0110626220703125 0.0193061828613281 0.220687866210938 0.0224761962890625
-0.00718307495117187 0.0208625793457031 0.2249755859375 0.232818603515625
-0.0258522033691406 -0.00385856628417968 -0.0615234375 0.384246826171875
-0.00549697875976563 -0.0397796630859375 -0.409027099609375 0.275970458984375
0.0300712585449219 -0.00873756408691406 -0.412689208984375 -0.0177001953125
0.0521774291992188 0.0393333435058594 -0.0137443542480469 0.0500068664550781
0.0499305725097656 0.0156326293945312 0.452117919921875 0.126983642578125
0.0197105407714844 -0.0142059326171875 0.493621826171875 -0.243011474609375
-0.0105199813842773 -0.00998115539550781 0.063201904296875 -0.4364013671875
-0.0067439079284668 0.00586605072021484 -0.24658203125 -0.221755981445312
0.00528240203857422 0.0166702270507813 -0.242782592773437 -0.0141601562500001
0.0151128768920898 0.0120058059692383 -0.0800628662109375 0.0995254516601563
0.00878286361694336 -0.00779390335083008 0.0537796020507813 0.0835342407226563
0.0146522521972656 -0.00689601898193359 -0.03875732421875 -0.0792312622070313
0.0155229568481445 0.0110673904418945 0.101699829101563 -0.078155517578125
0.0137805938720703 0.0198612213134766 0.222000122070313 0.018341064453125
-0.005615234375 0.0239715576171875 0.227066040039063 0.231124877929687
-0.027008056640625 0.00086593627929687 -0.058441162109375 0.38385009765625
-0.0129051208496094 -0.0382499694824219 -0.408416748046875 0.2794189453125
0.0181865692138672 -0.0122051239013672 -0.413543701171875 -0.01287841796875
0.0388870239257813 0.0301094055175781 -0.0165443420410156 0.0518150329589844
0.0380172729492188 0.0120735168457031 0.45098876953125 0.133575439453125
0.011723518371582 -0.0126552581787109 0.496185302734375 -0.2373046875
-0.0128288269042969 -0.00608253479003906 0.064697265625 -0.436859130859375
-0.005523681640625 0.00921249389648437 -0.246505737304687 -0.224609375
0.00700569152832031 0.0179195404052734 -0.242111206054687 -0.0174102783203125
0.0176486968994141 0.0118160247802734 -0.07916259765625 0.0989913940429688
0.0106039047241211 -0.00859546661376953 0.0543441772460938 0.0828781127929687
0.014307975769043 -0.007110595703125 -0.0388259887695313 -0.0801239013671875
0.0167303085327148 0.0113697052001953 0.104721069335938 -0.07958984375
0.0143985748291016 0.0191249847412109 0.224517822265625 0.0138702392578125
-0.00418853759765625 0.0247020721435547 0.23077392578125 0.228790283203125
-0.0283889770507813 0.00473403930664062 -0.054901123046875 0.386688232421875
-0.0191726684570312 -0.0344505310058594 -0.40692138671875 0.286468505859375
0.00687694549560547 -0.0136394500732422 -0.41259765625 -0.00402832031249994
0.0272426605224609 0.0223941802978516 -0.0109214782714844 0.0581855773925781
0.0280876159667969 0.00819587707519531 0.4578857421875 0.1279296875
0.00452423095703125 -0.0115118026733398 0.491180419921875 -0.248779296875
-0.016413688659668 -0.00220203399658203 0.053985595703125 -0.437103271484375
-0.00533008575439453 0.0105619430541992 -0.251480102539063 -0.219100952148437
0.00902938842773438 0.0181636810302734 -0.240921020507813 -0.013885498046875
0.0185203552246094 0.0115203857421875 -0.076263427734375 0.099884033203125
0.0106000900268555 -0.0104656219482422 0.0568389892578125 0.0824432373046875
0.00458097457885742 -0.000283241271972656 -0.0311508178710938 -0.08367919921875
0.00704574584960938 0.0178241729736328 0.112571716308594 -0.0680389404296875
0.00432014465332031 0.0162582397460937 0.22528076171875 0.053924560546875
-0.0161371231079102 0.00718021392822266 0.197418212890625 0.275833129882813
-0.0275020599365234 -0.0207405090332031 -0.12744140625 0.384307861328125
0.0102996826171875 -0.0418472290039063 -0.454132080078125 0.22076416015625
0.0495262145996094 0.0150604248046875 -0.382904052734375 -0.0466613769531249
0.0647735595703125 0.0621070861816406 0.0509262084960938 0.07879638671875
0.0600547790527344 0.0194206237792969 0.495880126953125 0.060791015625
0.0225811004638672 -0.0181713104248047 0.440460205078125 -0.32489013671875
-0.0159664154052734 -0.0184841156005859 -0.01751708984375 -0.43017578125
-0.0151453018188477 -0.00610828399658203 -0.275924682617187 -0.1712646484375
0.00227451324462891 0.0101175308227539 -0.23748779296875 0.0228271484375
0.00896072387695313 0.0147972106933594 -0.0659713745117188 0.110191345214844
-0.00121593475341797 -0.00248265266418457 0.059967041015625 0.0821533203125
0.00608730316162109 -0.00130224227905273 -0.0339889526367187 -0.0819854736328125
0.00704860687255859 0.0174026489257813 0.107818603515625 -0.0692901611328125
0.00427055358886719 0.0175180435180664 0.225677490234375 0.0482025146484375
-0.0153656005859375 0.00872421264648438 0.2059326171875 0.268402099609375
-0.0263957977294922 -0.0199413299560547 -0.11309814453125 0.38763427734375
0.0122604370117188 -0.0429611206054687 -0.446014404296875 0.235198974609375
0.0554962158203125 0.0117111206054688 -0.39154052734375 -0.041290283203125
0.0726776123046875 0.0639801025390625 0.0380706787109375 0.0706634521484375
0.0672264099121094 0.0201568603515625 0.4893798828125 0.069183349609375
0.0269870758056641 -0.0189800262451172 0.452392578125 -0.31524658203125
-0.0128612518310547 -0.0192127227783203 -0.00408935546875004 -0.43499755859375
-0.0142221450805664 -0.00502872467041016 -0.271957397460938 -0.181182861328125
0.00214481353759766 0.0114822387695312 -0.240554809570313 0.0178070068359375
0.00898456573486328 0.0131378173828125 -0.0712051391601562 0.108985900878906
-7.82012939453126E-05 -0.0021059513092041 0.0591583251953125 0.0822525024414063
0.00839996337890625 -0.00241804122924805 -0.0362625122070313 -0.07952880859375
0.00762748718261719 0.0154247283935547 0.104965209960937 -0.0721282958984375
0.00511932373046875 0.0188522338867187 0.22369384765625 0.0416107177734375
-0.0136117935180664 0.0117177963256836 0.213180541992187 0.258880615234375
-0.0255298614501953 -0.0173301696777344 -0.095184326171875 0.389678955078125
0.0113792419433594 -0.0443992614746094 -0.436126708984375 0.249176025390625
0.0559730529785156 0.00710678100585938 -0.40008544921875 -0.03533935546875
0.0755233764648438 0.0610275268554688 0.0228309631347656 0.0612640380859375
0.0700340270996094 0.0208358764648438 0.481597900390625 0.081634521484375
0.0299930572509766 -0.0192832946777344 0.46600341796875 -0.30206298828125
-0.0103397369384766 -0.0186977386474609 0.012176513671875 -0.439849853515625
-0.0127286911010742 -0.00343513488769531 -0.26727294921875 -0.192840576171875
0.00195693969726563 0.0129776000976563 -0.243865966796875 0.0101318359375
0.0103254318237305 0.0129384994506836 -0.07427978515625 0.107093811035156
0.00248384475708008 -0.00298213958740234 0.0579681396484375 0.082366943359375
0.00996589660644531 -0.00371646881103516 -0.0377120971679688 -0.0787200927734375
0.0096435546875 0.0145025253295898 0.1024169921875 -0.0744781494140625
0.00713729858398438 0.0189857482910156 0.2242431640625 0.032318115234375
-0.0117721557617187 0.0144577026367188 0.220901489257813 0.248641967773438
-0.0257053375244141 -0.0127296447753906 -0.080078125 0.389434814453125
0.00722885131835937 -0.0443458557128906 -0.4261474609375 0.264190673828125
0.0509796142578125 0.00114059448242188 -0.408294677734375 -0.0271911621093749
0.0716552734375 0.0569381713867188 0.00743484497070313 0.0546531677246094
0.0670127868652344 0.0201263427734375 0.474212646484375 0.0958251953125
0.0297508239746094 -0.0182418823242187 0.478271484375 -0.285186767578125
-0.00877571105957031 -0.0160989761352539 0.030181884765625 -0.442596435546875
-0.0104160308837891 -0.000845909118652344 -0.26177978515625 -0.2039794921875
0.00215435028076172 0.0133457183837891 -0.245651245117188 0.00283813476562497
0.0111532211303711 0.0125198364257813 -0.0780105590820313 0.105567932128906
0.00483417510986328 -0.00510978698730469 0.0562973022460938 0.08331298828125
0.0121612548828125 -0.00532341003417969 -0.0400238037109375 -0.0792922973632813
0.012115478515625 0.0129709243774414 0.100601196289063 -0.0777740478515625
0.00899696350097656 0.0194435119628906 0.22369384765625 0.024658203125
-0.008941650390625 0.0187797546386719 0.22735595703125 0.239669799804687
-0.0261058807373047 -0.00831794738769532 -0.0657958984375 0.3895263671875
7.62939453124959E-05 -0.0424919128417969 -0.41644287109375 0.2779541015625
0.0427780151367188 -0.00389862060546875 -0.4140625 -0.0191345214843751
0.0640068054199219 0.0482711791992188 -0.00490951538085937 0.0505905151367188
0.0603141784667969 0.0183067321777344 0.464691162109375 0.11187744140625
0.0260066986083984 -0.0165729522705078 0.48992919921875 -0.26763916015625
-0.00953292846679688 -0.0134010314941406 0.045440673828125 -0.4425048828125
-0.00808238983154297 0.00215387344360352 -0.257308959960938 -0.213592529296875
0.00449085235595703 0.0147695541381836 -0.246932983398438 -0.00395202636718745
0.0134344100952148 0.0118503570556641 -0.0796279907226563 0.104377746582031
0.0073394775390625 -0.00659322738647461 0.0559921264648438 0.083526611328125
0.0135049819946289 -0.00668621063232422 -0.0399322509765625 -0.07867431640625
0.0139036178588867 0.0121355056762695 0.10107421875 -0.0796356201171875
0.0120887756347656 0.0189552307128906 0.224380493164063 0.019073486328125
-0.00733757019042968 0.0220012664794922 0.231826782226563 0.23333740234375
-0.0269565582275391 -0.00310325622558594 -0.055938720703125 0.3900146484375
-0.00665283203125 -0.0407028198242188 -0.41131591796875 0.285919189453125
0.0293731689453125 -0.009124755859375 -0.418365478515625 -0.0110473632812501
0.0523834228515625 0.0384521484375 -0.0138702392578125 0.0493011474609375
0.0503120422363281 0.0157356262207031 0.457977294921875 0.12255859375
0.0204505920410156 -0.01519775390625 0.4970703125 -0.253173828125
-0.0114164352416992 -0.00911617279052734 0.057098388671875 -0.44293212890625
-0.00705575942993164 0.00571250915527344 -0.253875732421875 -0.22125244140625
0.00511360168457031 0.0170373916625977 -0.246246337890625 -0.00990295410156251
0.0152378082275391 0.0120735168457031 -0.0803451538085937 0.101875305175781
0.00919342041015625 -0.00754642486572266 0.0560455322265625 0.084136962890625
0.0145797729492188 -0.00781345367431641 -0.0398788452148438 -0.078857421875
0.0154285430908203 0.0110549926757813 0.102630615234375 -0.0809326171875
0.0136604309082031 0.0196094512939453 0.224822998046875 0.0146484375
-0.00570487976074219 0.0245819091796875 0.233535766601563 0.230606079101563
-0.0277214050292969 0.00113296508789063 -0.054046630859375 0.3907470703125
-0.0136375427246094 -0.0376129150390625 -0.408447265625 0.29034423828125
0.01861572265625 -0.0115623474121094 -0.419586181640625 -0.00790405273437499
0.0388069152832031 0.0303688049316406 -0.0161056518554687 0.0531272888183594
0.038909912109375 0.0107765197753906 0.4571533203125 0.129974365234375
0.0121946334838867 -0.0133419036865234 0.498260498046875 -0.24822998046875
-0.0134191513061523 -0.00609397888183594 0.060089111328125 -0.442596435546875
-0.00556325912475586 0.00853729248046875 -0.252059936523438 -0.224075317382812
0.00722885131835937 0.0175266265869141 -0.24676513671875 -0.01275634765625
0.0177211761474609 0.0112075805664063 -0.0787887573242188 0.101364135742187
0.00982952117919922 -0.00860404968261719 0.056304931640625 0.0840377807617188
0.0145368576049805 -0.00749397277832031 -0.0394363403320312 -0.0807342529296875
0.0171651840209961 0.0110044479370117 0.105186462402344 -0.0833663940429687
0.0154762268066406 0.0188503265380859 0.22802734375 0.0099334716796875
-0.00452232360839844 0.0252151489257813 0.236526489257813 0.22845458984375
-0.0295219421386719 0.00514030456542968 -0.0504150390625 0.393524169921875
-0.0198783874511719 -0.0352096557617188 -0.408477783203125 0.296234130859375
0.00703048706054687 -0.0136194229125977 -0.419525146484375 0.000915527343749944
0.0273284912109375 0.0225982666015625 -0.0106430053710938 0.0590095520019531
0.0285224914550781 0.00742530822753906 0.464691162109375 0.12176513671875
0.00404548645019531 -0.01153564453125 0.493682861328125 -0.258758544921875
-0.0160293579101563 -0.00226783752441406 0.04925537109375 -0.444091796875
-0.00463962554931641 0.0106792449951172 -0.25738525390625 -0.218963623046875
0.00955772399902344 0.0171566009521484 -0.245101928710937 -0.00955200195312496
0.0188102722167969 0.0112190246582031 -0.0755844116210938 0.102371215820313
0.0104074478149414 -0.00976276397705078 0.0570831298828125 0.0836334228515625
0.00469541549682617 -0.000476360321044922 -0.033477783203125 -0.0840530395507813
0.00758171081542968 0.017399787902832 0.112770080566406 -0.0714111328125
0.0042562484741211 0.0168552398681641 0.229232788085938 0.0504913330078125
-0.0162696838378906 0.00748538970947265 0.20440673828125 0.274734497070313
-0.0276527404785156 -0.0204582214355469 -0.12237548828125 0.391815185546875
0.00984954833984375 -0.0419197082519531 -0.4554443359375 0.23187255859375
0.0493354797363281 0.0143623352050781 -0.388397216796875 -0.04150390625
0.0662117004394531 0.0615730285644531 0.05224609375 0.0789337158203125
0.0607528686523438 0.0185432434082031 0.50299072265625 0.053619384765625
0.0220355987548828 -0.0189800262451172 0.440521240234375 -0.3367919921875
-0.0159187316894531 -0.018218994140625 -0.025970458984375 -0.435333251953125
-0.0143051147460938 -0.00553512573242187 -0.2816162109375 -0.168670654296875
0.00254058837890625 0.0106782913208008 -0.240646362304688 0.028717041015625
0.00954341888427734 0.0139484405517578 -0.0651702880859375 0.113105773925781
-0.00193262100219727 -0.00195646286010742 0.0621566772460938 0.0831375122070313
0.00655794143676758 -0.0011444091796875 -0.0356674194335938 -0.0821456909179687
0.00768566131591797 0.0170841217041016 0.10931396484375 -0.0728073120117187
0.00435447692871094 0.0179653167724609 0.228652954101563 0.0443115234375
-0.0152778625488281 0.00907135009765625 0.212936401367188 0.26788330078125
-0.0270366668701172 -0.0195693969726563 -0.106903076171875 0.394775390625
0.0112495422363281 -0.043792724609375 -0.44830322265625 0.245941162109375
0.0567054748535156 0.0115776062011719 -0.39630126953125 -0.03570556640625
0.0742263793945313 0.0632400512695313 0.0395355224609375 0.0699386596679688
0.0681076049804688 0.0194435119628906 0.497100830078125 0.061614990234375
0.0277671813964844 -0.0195827484130859 0.451934814453125 -0.327911376953125
-0.0135078430175781 -0.0187911987304688 -0.010833740234375 -0.439117431640625
-0.0139884948730469 -0.00536251068115234 -0.278778076171875 -0.17816162109375
0.00223255157470703 0.0103721618652344 -0.243392944335938 0.02294921875
0.00971603393554688 0.0145149230957031 -0.0698013305664062 0.11187744140625
-0.000250577926635742 -0.00195586681365967 0.0609970092773437 0.0829544067382813
0.00836944580078125 -0.00254631042480469 -0.03668212890625 -0.080047607421875
0.00853347778320313 0.0154495239257812 0.1058349609375 -0.0750961303710938
0.00561141967773437 0.0184898376464844 0.228271484375 0.0373992919921875
-0.0131750106811523 0.0120925903320313 0.2210693359375 0.2581787109375
-0.0260429382324219 -0.0165786743164063 -0.090545654296875 0.395751953125
0.0105094909667969 -0.0448570251464844 -0.437255859375 0.259857177734375
0.05706787109375 0.006500244140625 -0.40472412109375 -0.0297546386718751
0.076629638671875 0.062103271484375 0.0237388610839844 0.0615043640136719
0.0703506469726563 0.019744873046875 0.488250732421875 0.075225830078125
0.0301914215087891 -0.0195846557617188 0.46649169921875 -0.3128662109375
-0.0111579895019531 -0.0181083679199219 0.00592041015624996 -0.44500732421875
-0.0129594802856445 -0.00402736663818359 -0.274063110351563 -0.190139770507813
0.00194835662841797 0.0126867294311523 -0.246475219726563 0.0151824951171875
0.0107765197753906 0.0124797821044922 -0.074127197265625 0.11077880859375
0.00282502174377441 -0.00294017791748047 0.0593032836914063 0.0822067260742187
0.0104188919067383 -0.00408458709716797 -0.0394744873046875 -0.0798110961914063
0.0113134384155273 0.0143442153930664 0.102989196777344 -0.0773544311523438
0.00738906860351563 0.0188255310058594 0.226608276367188 0.029998779296875
-0.0109386444091797 0.0151243209838867 0.228836059570313 0.247222900390625
-0.0265254974365234 -0.0126495361328125 -0.074066162109375 0.395721435546875
0.00565719604492188 -0.0449562072753906 -0.426300048828125 0.275421142578125
0.0511589050292969 0.00115585327148437 -0.413726806640625 -0.0204772949218751
0.0739669799804688 0.0553436279296875 0.006317138671875 0.0552520751953125
0.0687065124511719 0.0190391540527344 0.479461669921875 0.088653564453125
0.0299034118652344 -0.0188655853271484 0.479034423828125 -0.294708251953125
-0.00948810577392578 -0.0166683197021484 0.0234375 -0.448211669921875
-0.0104570388793945 -0.000645637512207033 -0.269363403320313 -0.202133178710938
0.00320720672607422 0.0137643814086914 -0.24884033203125 0.00772094726562503
0.0127363204956055 0.0123577117919922 -0.07659912109375 0.108757019042969
0.00488138198852539 -0.00468063354492188 0.0594635009765625 0.083709716796875
0.0120944976806641 -0.00524330139160156 -0.0411605834960937 -0.078826904296875
0.0121479034423828 0.0129566192626953 0.101127624511719 -0.0803985595703125
0.00991439819335938 0.0199050903320313 0.22747802734375 0.021453857421875
-0.0081787109375 0.0192661285400391 0.23431396484375 0.236984252929688
-0.0266246795654297 -0.00707817077636718 -0.060028076171875 0.395782470703125
6.48498535156222E-05 -0.0430717468261719 -0.417694091796875 0.287689208984375
0.0420684814453125 -0.00438308715820312 -0.419677734375 -0.011932373046875
0.065826416015625 0.0478057861328125 -0.00540924072265625 0.0509872436523438
0.0614547729492188 0.0185470581054688 0.47039794921875 0.104522705078125
0.0250453948974609 -0.0166568756103516 0.49163818359375 -0.2777099609375
-0.00972461700439453 -0.0129823684692383 0.038970947265625 -0.449737548828125
-0.00928497314453125 0.00263786315917969 -0.26434326171875 -0.211639404296875
0.00408649444580078 0.0152730941772461 -0.250152587890625 0.000320434570312505
0.0149068832397461 0.0114679336547852 -0.0790481567382812 0.106826782226563
0.00764036178588867 -0.0060124397277832 0.0573577880859375 0.084075927734375
0.0130519866943359 -0.00617694854736328 -0.0419769287109375 -0.079254150390625
0.0147085189819336 0.0116262435913086 0.101791381835938 -0.0821304321289063
0.0123329162597656 0.0192985534667969 0.226898193359375 0.0149078369140625
-0.00737571716308594 0.0224876403808594 0.238662719726563 0.231460571289063
-0.0271434783935547 -0.00200462341308593 -0.050872802734375 0.396575927734375
-0.0071868896484375 -0.0406265258789063 -0.411041259765625 0.296722412109375
0.0304756164550781 -0.00922393798828125 -0.423431396484375 -0.00524902343749991
0.0528030395507813 0.0382156372070313 -0.01361083984375 0.0502433776855469
0.0509414672851563 0.0143966674804688 0.464752197265625 0.116943359375
0.0196857452392578 -0.0155582427978516 0.49822998046875 -0.2647705078125
-0.0111627578735352 -0.00847911834716797 0.0513916015625 -0.449371337890625
-0.00593852996826172 0.00623655319213867 -0.260177612304687 -0.21917724609375
0.00585269927978516 0.0166816711425781 -0.24993896484375 -0.00639343261718745
0.0163135528564453 0.011749267578125 -0.0788192749023438 0.105987548828125
0.00863122940063477 -0.00737762451171875 0.0572357177734375 0.0841140747070312
0.0150003433227539 -0.00707721710205078 -0.0414199829101563 -0.0804824829101562
0.0162172317504883 0.0108671188354492 0.103080749511719 -0.0843276977539063
0.0136032104492187 0.0192203521728516 0.227706909179688 0.0110931396484375
-0.00531768798828125 0.0242691040039063 0.2406005859375 0.228302001953125
-0.0287914276123047 0.00226783752441406 -0.048675537109375 0.396575927734375
-0.0142440795898437 -0.0373382568359375 -0.409332275390625 0.299530029296875
0.0181179046630859 -0.0128631591796875 -0.425018310546875 -0.00186157226562503
0.0402145385742188 0.0287628173828125 -0.0159492492675781 0.0526580810546875
0.0393333435058594 0.0103530883789063 0.46392822265625 0.124420166015625
0.0121212005615234 -0.0140113830566406 0.501068115234375 -0.25787353515625
-0.0139341354370117 -0.00562572479248047 0.053802490234375 -0.44989013671875
-0.00528335571289063 0.00871801376342773 -0.258758544921875 -0.22259521484375
0.00828933715820313 0.0175933837890625 -0.249908447265625 -0.00837707519531246
0.0176219940185547 0.0109634399414063 -0.0778579711914063 0.104080200195313
0.0100784301757813 -0.00866985321044922 0.0581588745117188 0.0849075317382813
0.0148897171020508 -0.0085296630859375 -0.0408859252929688 -0.0814285278320313
0.0176734924316406 0.0106468200683594 0.10516357421875 -0.0869674682617188
0.0154552459716797 0.0187625885009766 0.230331420898438 0.006622314453125
-0.00428390502929688 0.0255393981933594 0.244277954101562 0.226333618164062
-0.0292243957519531 0.00522613525390625 -0.044189453125 0.399322509765625
-0.0208206176757813 -0.0350360870361328 -0.407867431640625 0.30670166015625
0.0063323974609375 -0.014190673828125 -0.423614501953125 0.00814819335937501
0.0276775360107422 0.0223407745361328 -0.00967025756835937 0.0595817565917969
0.0282459259033203 0.00650596618652344 0.470916748046875 0.117279052734375
0.00469017028808594 -0.0129890441894531 0.496368408203125 -0.270111083984375
-0.016423225402832 -0.00271415710449219 0.04266357421875 -0.45111083984375
-0.00448036193847656 0.0115671157836914 -0.265106201171875 -0.217742919921875
0.00928115844726562 0.0183753967285156 -0.248580932617187 -0.00447082519531246
0.0197391510009766 0.0110130310058594 -0.0748214721679688 0.105613708496094
0.00975799560546875 -0.0091400146484375 0.0605697631835938 0.0838623046875
0.00525474548339844 2.81333923339844E-05 -0.034271240234375 -0.0844650268554688
0.00832271575927735 0.0175228118896484 0.112846374511719 -0.0747909545898437
0.00471591949462891 0.0170974731445313 0.233016967773438 0.046417236328125
-0.0164966583251953 0.00768756866455078 0.213165283203125 0.274444580078125
-0.0289363861083984 -0.0194568634033203 -0.116424560546875 0.398040771484375
0.00933837890625 -0.0427436828613281 -0.456268310546875 0.242156982421875
0.0506591796875 0.0139083862304688 -0.392822265625 -0.0344848632812501
0.0676956176757813 0.0606803894042969 0.0536880493164063 0.0787734985351563
0.0617218017578125 0.0164527893066406 0.50799560546875 0.044342041015625
0.0225410461425781 -0.0195198059082031 0.437713623046875 -0.3477783203125
-0.0169601440429687 -0.0178604125976563 -0.033355712890625 -0.439666748046875
-0.0153131484985352 -0.00549983978271485 -0.287994384765625 -0.164642333984375
0.00344276428222656 0.0103931427001953 -0.241592407226562 0.0336151123046875
0.00989532470703125 0.0138721466064453 -0.06463623046875 0.115180969238281
-0.00219821929931641 -0.000991582870483398 0.06488037109375 0.082611083984375
0.00674009323120117 -0.00183486938476562 -0.03619384765625 -0.0828475952148438
0.00899314880371094 0.0164995193481445 0.109382629394531 -0.0763092041015625
0.00487518310546875 0.0177631378173828 0.232376098632813 0.040191650390625
-0.0147905349731445 0.00988960266113281 0.220672607421875 0.266571044921875
-0.0277137756347656 -0.0192623138427734 -0.100311279296875 0.400482177734375
0.0114593505859375 -0.0440940856933594 -0.44781494140625 0.25628662109375
0.0569038391113281 0.0106849670410156 -0.401123046875 -0.0301513671875
0.0763473510742188 0.0618667602539063 0.040496826171875 0.069366455078125
0.0692596435546875 0.017791748046875 0.501190185546875 0.053619384765625
0.0275688171386719 -0.0203704833984375 0.451416015625 -0.3382568359375
-0.0133438110351563 -0.0191783905029297 -0.0205078125 -0.444305419921875
-0.0144004821777344 -0.0038604736328125 -0.28533935546875 -0.1746826171875
0.00235462188720703 0.0111322402954102 -0.245361328125 0.0283966064453125
0.0106983184814453 0.0138587951660156 -0.0687713623046875 0.114540100097656
-0.00028526782989502 -0.00167906284332275 0.0630722045898438 0.0822830200195313
0.00825738906860351 -0.0022435188293457 -0.0384292602539062 -0.0809783935546875
0.00979042053222656 0.0147294998168945 0.105758666992188 -0.0777359008789063
0.00649452209472656 0.0187835693359375 0.230789184570313 0.03302001953125
-0.0130882263183594 0.0130338668823242 0.228179931640625 0.256179809570313
-0.0266857147216797 -0.0162696838378906 -0.0830078125 0.40130615234375
0.0099639892578125 -0.0454978942871094 -0.437164306640625 0.270965576171875
0.0573501586914063 0.00616836547851563 -0.409515380859375 -0.0223693847656249
0.078369140625 0.0604934692382813 0.0246238708496094 0.061187744140625
0.0713424682617188 0.0189361572265625 0.493255615234375 0.066070556640625
0.0301704406738281 -0.0201797485351563 0.465667724609375 -0.32476806640625
-0.0112762451171875 -0.0183334350585938 -0.00244140625000005 -0.44964599609375
-0.0130586624145508 -0.00292301177978516 -0.280136108398437 -0.18670654296875
0.00257968902587891 0.0122499465942383 -0.248062133789063 0.021087646484375
0.0110626220703125 0.0128870010375977 -0.07177734375 0.11309814453125
0.00209760665893555 -0.00367116928100586 0.0618209838867187 0.0828628540039063
0.0106792449951172 -0.00462436676025391 -0.0413665771484375 -0.0801773071289063
0.0109176635742188 0.0135164260864258 0.102577209472656 -0.080902099609375
0.00761222839355469 0.0195083618164062 0.230148315429688 0.0248260498046875
-0.0109376907348633 0.015690803527832 0.236236572265625 0.245681762695313
-0.0269508361816406 -0.0121860504150391 -0.066497802734375 0.4019775390625
0.00523757934570313 -0.0451850891113281 -0.425933837890625 0.28631591796875
0.0521888732910156 0.0006561279296875 -0.419036865234375 -0.0130920410156249
0.0750503540039063 0.0550155639648438 0.00806045532226563 0.05419921875
0.068939208984375 0.0181808471679688 0.485015869140625 0.08087158203125
0.0296688079833984 -0.0195732116699219 0.47821044921875 -0.3087158203125
-0.0101842880249023 -0.0159177780151367 0.014678955078125 -0.45330810546875
-0.0108566284179688 -0.000757217407226564 -0.276290893554688 -0.198516845703125
0.00263595581054688 0.0138616561889648 -0.251190185546875 0.0140533447265625
0.0126867294311523 0.0119047164916992 -0.075653076171875 0.11175537109375
0.00503063201904297 -0.00454330444335938 0.0604019165039063 0.0837783813476563
0.0120830535888672 -0.00585174560546875 -0.04217529296875 -0.0790557861328125
0.01263427734375 0.0122079849243164 0.101181030273438 -0.083038330078125
0.0103034973144531 0.019012451171875 0.229598999023438 0.0166015625
-0.008575439453125 0.0200939178466797 0.2420654296875 0.236282348632813
-0.0272083282470703 -0.00710678100585938 -0.052642822265625 0.401947021484375
-0.00128173828125 -0.0432586669921875 -0.415618896484375 0.298828125
0.0415077209472656 -0.00546646118164063 -0.42364501953125 -0.00418090820312492
0.0667572021484375 0.0475387573242188 -0.00490188598632812 0.05096435546875
0.0620460510253906 0.0168266296386719 0.476898193359375 0.096588134765625
0.0253849029541016 -0.0174980163574219 0.490631103515625 -0.291351318359375
-0.00986862182617187 -0.0128774642944336 0.030029296875 -0.45458984375
-0.00891304016113281 0.00284385681152344 -0.270721435546875 -0.20965576171875
0.00531101226806641 0.0150299072265625 -0.252761840820312 0.00567626953125002
0.0153379440307617 0.0120744705200195 -0.07757568359375 0.110733032226562
0.00732660293579102 -0.00552558898925781 0.059112548828125 0.0836029052734375
0.0139007568359375 -0.0071563720703125 -0.0431747436523437 -0.0788803100585938
0.0153236389160156 0.0101518630981445 0.101539611816406 -0.0860519409179688
0.0123386383056641 0.0191764831542969 0.230377197265625 0.0106964111328125
-0.00675201416015625 0.0225009918212891 0.246551513671875 0.229080200195313
-0.0272388458251953 -0.00200653076171875 -0.044464111328125 0.40045166015625
-0.0086822509765625 -0.0405044555664063 -0.41046142578125 0.307769775390625
0.0303955078125 -0.00953102111816406 -0.428436279296875 0.00186157226562493
0.054473876953125 0.0376243591308594 -0.0132255554199219 0.0501480102539063
0.0516586303710938 0.0138816833496094 0.4716796875 0.10906982421875
0.0192317962646484 -0.0156211853027344 0.496978759765625 -0.277374267578125
-0.0109949111938477 -0.00851821899414062 0.041778564453125 -0.456207275390625
-0.00599002838134766 0.00607061386108398 -0.267547607421875 -0.216781616210938
0.00683021545410156 0.0165538787841797 -0.25244140625 -0.000717163085937474
0.0165185928344727 0.0110807418823242 -0.0789031982421875 0.108192443847656
0.00936794281005859 -0.00780296325683594 0.0589599609375 0.0847930908203125
0.0146408081054688 -0.00803947448730469 -0.0433578491210938 -0.0807342529296875
0.0174198150634766 0.00978946685791016 0.102622985839844 -0.0872573852539063
0.0141754150390625 0.0191268920898438 0.2305908203125 0.006011962890625
-0.00461387634277344 0.0247898101806641 0.247344970703125 0.225677490234375
-0.0283107757568359 0.00272178649902343 -0.04095458984375 0.400604248046875
-0.0149116516113281 -0.0372428894042969 -0.408538818359375 0.310821533203125
0.0179615020751953 -0.0124073028564453 -0.428619384765625 0.00701904296875005
0.0405731201171875 0.02899169921875 -0.0149307250976562 0.0529403686523438
0.0394744873046875 0.00994110107421875 0.47052001953125 0.11614990234375
0.0118598937988281 -0.0139312744140625 0.50030517578125 -0.27081298828125
-0.013427734375 -0.00478839874267578 0.046142578125 -0.456695556640625
-0.00530338287353516 0.00917339324951172 -0.265853881835938 -0.219436645507813
0.00818252563476563 0.0173187255859375 -0.252349853515625 -0.00395202636718755
0.0181312561035156 0.0103225708007813 -0.07666015625 0.107307434082031
0.0101718902587891 -0.00910663604736328 0.0600738525390625 0.0841445922851563
0.0147037506103516 -0.00870418548583984 -0.043243408203125 -0.0813674926757813
0.0183238983154297 0.00980377197265625 0.105056762695313 -0.0901412963867188
0.0155963897705078 0.0189247131347656 0.233352661132812 0.001678466796875
-0.00390052795410156 0.0270042419433594 0.251602172851563 0.223648071289063
-0.0305557250976563 0.00609779357910156 -0.03607177734375 0.403533935546875
-0.0219554901123047 -0.0343990325927734 -0.40679931640625 0.318267822265625
0.00608253479003906 -0.014225959777832 -0.4278564453125 0.014801025390625
0.0281352996826172 0.0208454132080078 -0.0094757080078125 0.0592536926269531
0.0282192230224609 0.00655746459960938 0.47784423828125 0.110076904296875
0.00393009185791016 -0.0131759643554688 0.494384765625 -0.28070068359375
-0.0167274475097656 -0.00192546844482422 0.03460693359375 -0.456695556640625
-0.00429153442382812 0.0110883712768555 -0.271469116210938 -0.214752197265625
0.00969886779785156 0.0173702239990234 -0.250625610351563 0.000289916992187547
0.0194416046142578 0.0104141235351563 -0.0730133056640625 0.10791015625
0.0100765228271484 -0.0100440979003906 0.0620956420898437 0.0834426879882813
0.00448274612426758 -0.000242233276367187 -0.0364303588867188 -0.0848388671875
0.00883102416992188 0.0177078247070313 0.112777709960937 -0.0782546997070312
0.00456428527832031 0.0165233612060547 0.235488891601563 0.0416259765625
-0.0160560607910156 0.00865077972412109 0.221359252929688 0.271469116210938
-0.0296878814697266 -0.0190315246582031 -0.10797119140625 0.40399169921875
0.00780487060546875 -0.0424880981445312 -0.453399658203125 0.2535400390625
0.0512962341308594 0.0131492614746094 -0.39520263671875 -0.0260009765625
0.069366455078125 0.0597877502441406 0.0553665161132813 0.0768203735351563
0.0625495910644531 0.0155525207519531 0.5125732421875 0.0341796875
0.0223293304443359 -0.0199947357177734 0.434356689453125 -0.3602294921875
-0.0167484283447266 -0.0175457000732422 -0.04351806640625 -0.44287109375
-0.0160160064697266 -0.00509452819824219 -0.29425048828125 -0.160308837890625
0.00350284576416016 0.00959396362304688 -0.242874145507813 0.0399627685546875
0.0109663009643555 0.0138216018676758 -0.0626068115234375 0.1185302734375
-0.00225448608398438 -0.00135254859924316 0.0669403076171875 0.0816574096679688
0.00708341598510742 -0.00145292282104492 -0.0379638671875 -0.082733154296875
0.0088043212890625 0.0165348052978516 0.107681274414062 -0.079071044921875
0.00551223754882813 0.0170497894287109 0.233871459960937 0.0352935791015625
-0.0152378082275391 0.0105905532836914 0.228668212890625 0.26336669921875
-0.0280017852783203 -0.0186500549316406 -0.092620849609375 0.405609130859375
0.0101242065429687 -0.045074462890625 -0.446441650390625 0.267181396484375
0.0573539733886719 0.00983810424804688 -0.4051513671875 -0.021942138671875
0.0775375366210938 0.0617218017578125 0.041717529296875 0.0689811706542969
0.0695228576660156 0.0161247253417969 0.505126953125 0.043426513671875
0.0270633697509766 -0.0212020874023437 0.447479248046875 -0.35076904296875
-0.0139980316162109 -0.0184993743896484 -0.028411865234375 -0.447540283203125
-0.0151634216308594 -0.00517559051513672 -0.290802001953125 -0.170257568359375
0.00229835510253906 0.0107955932617188 -0.246185302734375 0.0338134765625
0.0113248825073242 0.0131101608276367 -0.0664749145507813 0.116172790527344
-0.000391006469726562 -0.0016101598739624 0.064239501953125 0.0826873779296875
0.00842809677124023 -0.00288200378417969 -0.040435791015625 -0.0812225341796875
0.0106353759765625 0.0139980316162109 0.10455322265625 -0.0811920166015625
0.00656318664550781 0.0189094543457031 0.233001708984375 0.028564453125
-0.0126228332519531 0.0130548477172852 0.236190795898438 0.253250122070313
-0.0272655487060547 -0.0153350830078125 -0.076202392578125 0.405975341796875
0.0085296630859375 -0.0463638305664063 -0.434783935546875 0.28289794921875
0.0575370788574219 0.00524139404296875 -0.412811279296875 -0.0143737792968749
0.0795745849609375 0.0598297119140625 0.0248985290527344 0.0605888366699219
0.0718154907226563 0.01678466796875 0.497589111328125 0.057647705078125
0.03045654296875 -0.0213851928710938 0.461761474609375 -0.3365478515625
-0.0114688873291016 -0.0177822113037109 -0.01202392578125 -0.45318603515625
-0.0126457214355469 -0.00317287445068359 -0.286895751953125 -0.1824951171875
0.00307941436767578 0.0114803314208984 -0.250350952148438 0.0270385742187499
0.0119848251342773 0.0120668411254883 -0.0712051391601562 0.115554809570313
0.00173187255859375 -0.00240445137023926 0.0633544921875 0.0816650390625
0.00978469848632813 -0.00414466857910156 -0.041778564453125 -0.0799407958984375
0.0121555328369141 0.013371467590332 0.102569580078125 -0.08428955078125
0.00877571105957031 0.0191211700439453 0.232940673828125 0.019500732421875
-0.0098419189453125 0.01727294921875 0.243820190429688 0.241424560546875
-0.0272254943847656 -0.0108470916748047 -0.05859375 0.40716552734375
0.00401687622070313 -0.044952392578125 -0.4239501953125 0.297576904296875
0.052093505859375 -0.00041961669921875 -0.421630859375 -0.00491333007812505
0.076202392578125 0.0533676147460937 0.00848007202148439 0.0538825988769531
0.0701751708984375 0.0170669555664062 0.49017333984375 0.07275390625
0.0291996002197266 -0.0206279754638672 0.47589111328125 -0.320526123046875
-0.0107650756835938 -0.0159425735473633 0.00469970703125005 -0.457305908203125
-0.0104475021362305 -0.000208854675292967 -0.282623291015625 -0.19464111328125
0.0046234130859375 0.0135574340820313 -0.25311279296875 0.0196380615234375
0.0129566192626953 0.0121517181396484 -0.0743484497070313 0.115158081054687
0.00496387481689453 -0.00426340103149414 0.0632781982421875 0.0832748413085938
0.0118436813354492 -0.00639915466308594 -0.0437164306640625 -0.0786666870117188
0.0141983032226563 0.0119848251342773 0.100624084472656 -0.0859146118164063
0.0109939575195313 0.019683837890625 0.23187255859375 0.011871337890625
-0.00788688659667969 0.0210037231445313 0.248886108398437 0.232223510742188
-0.0277080535888672 -0.00655937194824219 -0.044921875 0.407470703125
-0.001922607421875 -0.0434303283691406 -0.4139404296875 0.3104248046875
0.042694091796875 -0.00574493408203125 -0.427032470703125 0.00451660156250002
0.0672531127929688 0.0459213256835938 -0.00403594970703125 0.0509033203125
0.0630607604980469 0.0150604248046875 0.481781005859375 0.08868408203125
0.0255870819091797 -0.0189495086669922 0.488372802734375 -0.303863525390625
-0.0107765197753906 -0.0123319625854492 0.021759033203125 -0.460662841796875
-0.00839424133300781 0.00285673141479492 -0.2769775390625 -0.2047119140625
0.00512599945068359 0.0140409469604492 -0.25396728515625 0.012054443359375
0.0147199630737305 0.010467529296875 -0.0761184692382812 0.113426208496094
0.00696372985839844 -0.00539159774780274 0.0610198974609375 0.0828704833984375
0.014399528503418 -0.00706386566162109 -0.0445404052734375 -0.0798187255859375
0.016204833984375 0.0108308792114258 0.100318908691406 -0.0892562866210937
0.0128364562988281 0.0199069976806641 0.231277465820312 0.0049896240234375
-0.00541305541992187 0.0233993530273438 0.25390625 0.224685668945313
-0.0278682708740234 -0.000436782836914062 -0.035858154296875 0.40460205078125
-0.00902557373046875 -0.040802001953125 -0.40667724609375 0.318878173828125
0.0305881500244141 -0.009796142578125 -0.430389404296875 0.0110473632812499
0.0549278259277344 0.0365104675292969 -0.0124282836914062 0.0502891540527344
0.051788330078125 0.0124893188476562 0.47552490234375 0.10125732421875
0.0200405120849609 -0.0167160034179688 0.496795654296875 -0.2900390625
-0.0118694305419922 -0.00846958160400391 0.03326416015625 -0.4608154296875
-0.00633382797241211 0.00582313537597656 -0.274810791015625 -0.212158203125
0.00704860687255859 0.0163259506225586 -0.255477905273438 0.00500488281249996
0.0165901184082031 0.0102424621582031 -0.0770797729492187 0.111495971679688
0.00884151458740234 -0.0078582763671875 0.0610122680664063 0.084869384765625
0.0147695541381836 -0.00812911987304688 -0.04425048828125 -0.0804290771484375
0.0178260803222656 0.00897026062011719 0.101791381835938 -0.0908737182617188
0.0145015716552734 0.0188350677490234 0.232894897460938 0.002288818359375
-0.00424766540527344 0.0258083343505859 0.254837036132813 0.22247314453125
-0.0287017822265625 0.00300788879394531 -0.032257080078125 0.405853271484375
-0.0160751342773437 -0.0364952087402344 -0.404052734375 0.32208251953125
0.0177555084228516 -0.0130405426025391 -0.4322509765625 0.0150146484375
0.0412483215332031 0.0288162231445312 -0.0147895812988281 0.0531234741210938
0.0397605895996094 0.00842666625976563 0.47540283203125 0.107147216796875
0.0116462707519531 -0.0143680572509766 0.499114990234375 -0.28399658203125
-0.0145225524902344 -0.00450611114501953 0.036651611328125 -0.460968017578125
-0.00484371185302734 0.00935268402099609 -0.273284912109375 -0.215576171875
0.00914382934570313 0.0167951583862305 -0.253738403320313 0.00231933593749999
0.0192680358886719 0.0101375579833984 -0.0756454467773437 0.109794616699219
0.00944042205810547 -0.00877094268798828 0.0627593994140625 0.0848388671875
0.0145206451416016 -0.00866031646728516 -0.0438461303710938 -0.08099365234375
0.0200557708740234 0.008636474609375 0.105064392089844 -0.09283447265625
0.0161647796630859 0.0186595916748047 0.234207153320312 -0.0032958984375
-0.00348472595214843 0.0266056060791016 0.258346557617188 0.219436645507813
-0.0306682586669922 0.00728416442871093 -0.027435302734375 0.40948486328125
-0.0227947235107422 -0.0341892242431641 -0.40423583984375 0.32965087890625
0.00558757781982422 -0.0139093399047852 -0.43109130859375 0.0238647460937501
0.02880859375 0.0212898254394531 -0.0102806091308594 0.0593986511230469
0.0280055999755859 0.00499343872070313 0.48321533203125 0.10101318359375
0.00395393371582031 -0.0124359130859375 0.493072509765625 -0.292999267578125
-0.01641845703125 -0.00122356414794922 0.025909423828125 -0.46142578125
-0.00369358062744141 0.0115079879760742 -0.278244018554688 -0.211029052734375
0.0104341506958008 0.0174589157104492 -0.252822875976563 0.00634765625000002
0.0199260711669922 0.00872230529785156 -0.0725250244140625 0.111137390136719
0.00997543334960938 -0.00962448120117188 0.0641250610351563 0.0836181640625
0.005645751953125 -0.000201225280761719 -0.037353515625 -0.0840911865234375
0.0098419189453125 0.0170183181762695 0.112022399902344 -0.0817108154296875
0.00544166564941406 0.0168685913085938 0.23779296875 0.0355987548828125
-0.0162162780761719 0.0088033676147461 0.227890014648438 0.267471313476563
-0.0297718048095703 -0.0182285308837891 -0.098907470703125 0.4093017578125
0.00767898559570313 -0.0430755615234375 -0.450439453125 0.266632080078125
0.0518836975097656 0.0121688842773438 -0.39910888671875 -0.018585205078125
0.070709228515625 0.0577545166015625 0.0568008422851563 0.0757598876953125
0.0631370544433594 0.0139541625976563 0.515594482421875 0.023529052734375
0.0220775604248047 -0.0205707550048828 0.4278564453125 -0.3717041015625
-0.0170936584472656 -0.0177249908447266 -0.053619384765625 -0.44464111328125
-0.0156517028808594 -0.00545597076416016 -0.299346923828125 -0.1541748046875
0.00381946563720703 0.00972747802734375 -0.243621826171875 0.0457000732421875
0.0109243392944336 0.0133028030395508 -0.0596466064453125 0.120536804199219
-0.00185370445251465 -0.000952482223510742 0.068817138671875 0.081939697265625
0.00629615783691406 -0.00113534927368164 -0.0394439697265625 -0.0821304321289062
0.00979232788085938 0.0160121917724609 0.108024597167969 -0.0831832885742187
0.00540733337402344 0.0179615020751953 0.236953735351563 0.0300140380859375
-0.0144882202148438 0.0113182067871094 0.236602783203125 0.259017944335938
-0.0291843414306641 -0.0179290771484375 -0.0845947265625 0.4112548828125
0.00870513916015625 -0.0449295043945313 -0.442626953125 0.27850341796875
0.0580291748046875 0.00905227661132813 -0.406982421875 -0.01336669921875
0.0785980224609375 0.0596237182617188 0.0427474975585938 0.0677375793457031
0.0701789855957031 0.0149383544921875 0.50848388671875 0.031951904296875
0.0263118743896484 -0.0220756530761719 0.44049072265625 -0.361419677734375
-0.0147953033447266 -0.0179996490478516 -0.039459228515625 -0.450469970703125
-0.0145492553710938 -0.00474834442138672 -0.296295166015625 -0.164215087890625
0.00295352935791016 0.0104389190673828 -0.24688720703125 0.040802001953125
0.0116729736328125 0.0126104354858398 -0.064605712890625 0.119590759277344
-0.00058138370513916 -0.00163328647613525 0.0669784545898438 0.081695556640625
0.00906467437744141 -0.00284481048583984 -0.042144775390625 -0.0802841186523438
0.0115089416503906 0.013911247253418 0.103828430175781 -0.0843582153320312
0.00734901428222656 0.0181388854980469 0.235321044921875 0.0235595703125
-0.0124626159667969 0.013361930847168 0.242904663085938 0.248184204101562
-0.0279884338378906 -0.0152359008789063 -0.06732177734375 0.41082763671875
0.0077972412109375 -0.0456314086914063 -0.43109130859375 0.2933349609375
0.0574378967285156 0.00469589233398438 -0.415679931640625 -0.00549316406249998
0.0810317993164063 0.0583038330078125 0.0265769958496094 0.0604515075683594
0.0722885131835938 0.0156631469726563 0.50091552734375 0.0462646484375
0.0289726257324219 -0.0217418670654297 0.4559326171875 -0.34881591796875
-0.0127277374267578 -0.0178623199462891 -0.0235595703125 -0.455047607421875
-0.0122060775756836 -0.0027008056640625 -0.292266845703125 -0.1767578125
0.00236415863037109 0.0111179351806641 -0.2508544921875 0.0331268310546875
0.012476921081543 0.0115814208984375 -0.0685195922851562 0.117988586425781
0.0018773078918457 -0.00244379043579102 0.0658493041992188 0.08172607421875
0.0107898712158203 -0.00479221343994141 -0.0437698364257812 -0.0795440673828125
0.0124368667602539 0.0126838684082031 0.100700378417969 -0.0872039794921875
0.0090484619140625 0.0191841125488281 0.233642578125 0.015106201171875
-0.00970268249511719 0.0179519653320313 0.250091552734375 0.2373046875
-0.0281467437744141 -0.0108509063720703 -0.04925537109375 0.40997314453125
0.00268173217773437 -0.0450477600097656 -0.4188232421875 0.30877685546875
0.0527153015136719 -0.00127410888671875 -0.423065185546875 0.00366210937500006
0.0769805908203125 0.0525360107421875 0.00980377197265626 0.0541191101074219
0.069671630859375 0.0154075622558594 0.4923095703125 0.061737060546875
0.0290756225585938 -0.0206432342529297 0.469818115234375 -0.33056640625
-0.010981559753418 -0.015934944152832 -0.00585937499999997 -0.4608154296875
-0.0104007720947266 -0.000592231750488281 -0.2874755859375 -0.188323974609375
0.00402259826660156 0.0128269195556641 -0.253341674804688 0.0260009765625
0.013310432434082 0.0115747451782227 -0.071685791015625 0.11669921875
0.00432276725769043 -0.00389552116394043 0.0647048950195313 0.0828933715820313
0.013005256652832 -0.00663185119628906 -0.0453948974609375 -0.0786514282226562
0.0147171020507812 0.0103559494018555 0.0991592407226563 -0.0896682739257812
0.0111656188964844 0.0190715789794922 0.233413696289063 0.005615234375
-0.00812911987304688 0.0210762023925781 0.25579833984375 0.228118896484375
-0.02764892578125 -0.00544548034667968 -0.034881591796875 0.40869140625
-0.0031585693359375 -0.0431098937988281 -0.408355712890625 0.3206787109375
0.0428047180175781 -0.00688552856445313 -0.42938232421875 0.0122070312499999
0.0690803527832031 0.0449676513671875 -0.00403976440429687 0.0502777099609375
0.0633087158203125 0.0135536193847656 0.48553466796875 0.07794189453125
0.024932861328125 -0.0186862945556641 0.48291015625 -0.314605712890625
-0.0105342864990234 -0.0121841430664062 0.011932373046875 -0.462493896484375
-0.00852298736572266 0.00298833847045898 -0.28375244140625 -0.19891357421875
0.00604820251464844 0.0150957107543945 -0.25531005859375 0.0179290771484375
0.0155248641967773 0.0101833343505859 -0.0739898681640625 0.115463256835937
0.00663185119628906 -0.00522565841674805 0.0643386840820313 0.0833053588867188
0.0142860412597656 -0.00796222686767578 -0.0459976196289062 -0.0788040161132813
0.0167732238769531 0.00973033905029297 0.0989761352539063 -0.0924301147460938
0.0134029388427734 0.0184078216552734 0.233245849609375 -0.000183105468749999
-0.00504493713378906 0.0246009826660156 0.260879516601563 0.22015380859375
-0.0278778076171875 1.33514404296925E-05 -0.026214599609375 0.40740966796875
-0.00972366333007812 -0.0396499633789063 -0.400665283203125 0.329742431640625
0.0301132202148438 -0.0103855133056641 -0.432525634765625 0.0202941894531249
0.0558090209960937 0.0359306335449219 -0.0126228332519531 0.0508956909179688
0.0516357421875 0.0110931396484375 0.48046875 0.09027099609375
0.0188159942626953 -0.0169734954833984 0.49169921875 -0.300750732421875
-0.0120258331298828 -0.00836181640625 0.0225830078125 -0.46380615234375
-0.00645256042480469 0.0054783821105957 -0.279800415039062 -0.207244873046875
0.00725364685058594 0.0156106948852539 -0.255996704101563 0.0111236572265625
0.0175094604492188 0.0101776123046875 -0.0745315551757812 0.114372253417969
0.00799798965454101 -0.00711297988891602 0.0637741088867188 0.0839080810546875
0.0150423049926758 -0.00881195068359375 -0.04608154296875 -0.0792388916015625
0.0179157257080078 0.00870132446289063 0.101493835449219 -0.0937576293945313
0.0158100128173828 0.0181636810302734 0.234634399414063 -0.004425048828125
-0.00344657897949219 0.0263462066650391 0.26190185546875 0.216842651367187
-0.0288257598876953 0.00391769409179688 -0.023223876953125 0.407958984375
-0.0175628662109375 -0.0364570617675781 -0.398406982421875 0.332855224609375
0.0173501968383789 -0.0124502182006836 -0.433624267578125 0.0247802734375001
0.0418586730957031 0.0273094177246094 -0.0139923095703125 0.0533027648925781
0.0404586791992188 0.00757217407226563 0.479766845703125 0.09808349609375
0.0111188888549805 -0.0143566131591797 0.49560546875 -0.295745849609375
-0.0133523941040039 -0.00509834289550782 0.0263671875 -0.464508056640625
-0.00502777099609375 0.00973129272460937 -0.278564453125 -0.210250854492188
0.00895023345947266 0.0167341232299805 -0.255111694335938 0.00874328613281253
0.0193653106689453 0.00938987731933594 -0.0732192993164062 0.112579345703125
0.00972557067871094 -0.00916290283203125 0.063629150390625 0.0838699340820313
0.0147733688354492 -0.00932502746582031 -0.0458450317382813 -0.0814285278320313
0.0204105377197266 0.00871849060058594 0.103050231933594 -0.096160888671875
0.0167522430419922 0.0181255340576172 0.236114501953125 -0.009429931640625
-0.00212478637695313 0.0285568237304688 0.26544189453125 0.214004516601563
-0.0303707122802734 0.00877952575683594 -0.01947021484375 0.4110107421875
-0.0233802795410156 -0.0329475402832031 -0.39697265625 0.340423583984375
0.00562381744384765 -0.0132942199707031 -0.431671142578125 0.033355712890625
0.0286159515380859 0.0198917388916016 -0.00734710693359375 0.0597000122070312
0.0289363861083984 0.004150390625 0.48626708984375 0.091522216796875
0.00321578979492188 -0.0131092071533203 0.4884033203125 -0.305572509765625
-0.0163412094116211 -0.000425338745117187 0.015228271484375 -0.465087890625
-0.0040130615234375 0.011408805847168 -0.284637451171875 -0.205108642578125
0.0115833282470703 0.0170583724975586 -0.253738403320313 0.0121612548828125
0.0207996368408203 0.00822830200195312 -0.06927490234375 0.112884521484375
0.00886440277099609 -0.009033203125 0.0663604736328125 0.0825881958007813
0.0048222541809082 -0.000657081604003906 -0.0385665893554688 -0.0839080810546875
0.0102252960205078 0.016352653503418 0.110671997070312 -0.0847244262695313
0.00620460510253906 0.0166397094726563 0.239547729492188 0.0299835205078125
-0.0153322219848633 0.00950241088867188 0.235565185546875 0.261856079101563
-0.0307025909423828 -0.0175838470458984 -0.0904541015625 0.412322998046875
0.00551605224609375 -0.0420455932617187 -0.445343017578125 0.27734375
0.0510597229003906 0.0119171142578125 -0.3988037109375 -0.01031494140625
0.071014404296875 0.056396484375 0.0584487915039063 0.0741729736328125
0.0622711181640625 0.0119819641113281 0.515533447265625 0.011932373046875
0.0213260650634766 -0.0214595794677734 0.41998291015625 -0.38214111328125
-0.0172367095947266 -0.0169095993041992 -0.064056396484375 -0.44610595703125
-0.0152902603149414 -0.00475406646728516 -0.302215576171875 -0.14691162109375
0.00347328186035156 0.00940799713134766 -0.242462158203125 0.051910400390625
0.0113592147827148 0.0122461318969727 -0.05670166015625 0.12213134765625
-0.00166356563568115 -0.000222444534301758 0.0702743530273438 0.0806198120117188
0.00669622421264649 -0.00179481506347656 -0.0410919189453125 -0.0813522338867188
0.0103635787963867 0.0148544311523438 0.106819152832031 -0.0857772827148438
0.00550937652587891 0.0173854827880859 0.238845825195313 0.0242462158203125
-0.0143203735351563 0.0111427307128906 0.242813110351563 0.253860473632813
-0.0293846130371094 -0.0163307189941406 -0.075103759765625 0.413299560546875
0.00775146484374999 -0.0446052551269531 -0.43701171875 0.288970947265625
0.0581855773925781 0.00803756713867188 -0.407379150390625 -0.00494384765625
0.0803451538085938 0.0578842163085938 0.043914794921875 0.0660247802734375
0.0702285766601562 0.0128326416015625 0.50946044921875 0.02154541015625
0.0257587432861328 -0.0228652954101563 0.43218994140625 -0.37353515625
-0.0150260925292969 -0.0181102752685547 -0.050933837890625 -0.45068359375
-0.0151729583740234 -0.00435256958007813 -0.300933837890625 -0.157867431640625
0.00294589996337891 0.0105047225952148 -0.247177124023437 0.04656982421875
0.0121574401855469 0.0124626159667969 -0.0614852905273437 0.121345520019531
-0.000399589538574219 -0.00129532814025879 0.0693740844726563 0.0804901123046875
0.00892829895019531 -0.00385761260986328 -0.0431900024414063 -0.0800933837890625
0.0116844177246094 0.0139169692993164 0.102348327636719 -0.0869522094726563
0.00746536254882813 0.018463134765625 0.237335205078125 0.0172882080078125
-0.0129766464233398 0.0144901275634766 0.2501220703125 0.242691040039063
-0.0279903411865234 -0.0147628784179688 -0.0574951171875 0.4124755859375
0.00675582885742187 -0.0459632873535156 -0.425140380859375 0.30450439453125
0.0588302612304687 0.00259780883789062 -0.415618896484375 0.00387573242187506
0.0824203491210938 0.0553970336914063 0.0266075134277344 0.0584945678710938
0.0729751586914062 0.0137557983398437 0.50054931640625 0.0345458984375
0.0286426544189453 -0.0233726501464844 0.44818115234375 -0.359222412109375
-0.0120038986206055 -0.0172843933105469 -0.03460693359375 -0.456817626953125
-0.0127782821655273 -0.00269317626953125 -0.297515869140625 -0.1705322265625
0.00336456298828125 0.0109119415283203 -0.25006103515625 0.03973388671875
0.0132465362548828 0.0120611190795898 -0.0661239624023437 0.119911193847656
0.00181889533996582 -0.00265717506408691 0.0668258666992188 0.080657958984375
0.0105867385864258 -0.00435829162597656 -0.0449676513671875 -0.0790328979492187
0.0138893127441406 0.0120706558227539 0.10003662109375 -0.09039306640625
0.0100612640380859 0.0183620452880859 0.2344970703125 0.0086822509765625
-0.00978279113769531 0.0179824829101563 0.2568359375 0.23199462890625
-0.0277462005615234 -0.00934028625488281 -0.0391845703125 0.410736083984375
0.00164794921875 -0.0447235107421875 -0.411285400390625 0.318756103515625
0.0526161193847656 -0.00219345092773438 -0.42449951171875 0.0134277343750001
0.0782623291015625 0.0502471923828125 0.0103569030761719 0.0529365539550781
0.0708160400390625 0.0131683349609375 0.4942626953125 0.051513671875
0.0276508331298828 -0.0215778350830078 0.46295166015625 -0.34228515625
-0.0105428695678711 -0.0148744583129883 -0.015594482421875 -0.461944580078125
-0.0103731155395508 -0.000257492065429688 -0.292633056640625 -0.18218994140625
0.00400447845458984 0.011897087097168 -0.253250122070312 0.0320892333984375
0.0144987106323242 0.0104494094848633 -0.0692367553710938 0.118927001953125
0.00490236282348633 -0.00428390502929688 0.0667648315429688 0.0819091796875
0.0119237899780273 -0.00653457641601563 -0.0470352172851562 -0.0783615112304688
0.015289306640625 0.010004997253418 0.0973663330078125 -0.0919876098632813
0.0117683410644531 0.0183925628662109 0.233566284179688 0.000885009765625001
-0.00636672973632812 0.0216999053955078 0.261550903320313 0.221511840820313
-0.0280094146728516 -0.00427627563476562 -0.026123046875 0.40985107421875
-0.0040435791015625 -0.0419769287109375 -0.401336669921875 0.331817626953125
0.0425529479980469 -0.00742340087890625 -0.429443359375 0.021636962890625
0.0693092346191406 0.04364013671875 -0.0038604736328125 0.05029296875
0.0622673034667969 0.0127983093261719 0.486541748046875 0.0665283203125
0.0256099700927734 -0.0197620391845703 0.475494384765625 -0.326019287109375
-0.0107030868530273 -0.0117712020874023 9.15527343750205E-05 -0.464874267578125
-0.00853824615478516 0.00315093994140625 -0.2889404296875 -0.19366455078125
0.00646400451660156 0.013275146484375 -0.2557373046875 0.0233612060546875
0.0160017013549805 0.00955963134765625 -0.0704727172851563 0.117301940917969
0.00664854049682617 -0.00531816482543945 0.066009521484375 0.0822219848632812
0.0142049789428711 -0.00747013092041016 -0.0479583740234375 -0.0782623291015625
0.0171117782592773 0.00838565826416016 0.0978240966796875 -0.095062255859375
0.0148601531982422 0.0187759399414063 0.233810424804687 -0.0055999755859375
-0.00433921813964844 0.0243263244628906 0.266677856445313 0.213912963867187
-0.0280838012695313 0.000261306762695317 -0.016876220703125 0.408843994140625
-0.0112648010253906 -0.0395469665527344 -0.393341064453125 0.339630126953125
0.0299205780029297 -0.0107879638671875 -0.4337158203125 0.029266357421875
0.057373046875 0.0355491638183594 -0.0110206604003906 0.0497589111328125
0.0532684326171875 0.00963211059570312 0.481842041015625 0.080078125
0.0179615020751953 -0.0175457000732422 0.48541259765625 -0.315185546875
-0.0113439559936523 -0.00836181640625 0.012969970703125 -0.466033935546875
-0.00622415542602539 0.00614547729492188 -0.285919189453125 -0.199737548828125
0.00788116455078125 0.0155258178710937 -0.255722045898438 0.018463134765625
0.0174989700317383 0.00912189483642578 -0.0724639892578125 0.115676879882813
0.00813484191894531 -0.00697040557861328 0.0654296875 0.0832443237304687
0.0151090621948242 -0.00882625579833984 -0.0475234985351562 -0.0788040161132813
0.0193576812744141 0.00830078125 0.0985031127929687 -0.0971603393554687
0.0158481597900391 0.0178394317626953 0.234329223632813 -0.009765625
-0.0034332275390625 0.0263175964355469 0.267776489257813 0.211456298828125
-0.028594970703125 0.00586509704589843 -0.014312744140625 0.40869140625
-0.0181732177734375 -0.0356254577636719 -0.392486572265625 0.34295654296875
0.0171651840209961 -0.0125274658203125 -0.43206787109375 0.0337829589843751
0.0418052673339844 0.0264511108398438 -0.0134811401367187 0.0533790588378906
0.0392494201660156 0.00646209716796875 0.48150634765625 0.08660888671875
0.011265754699707 -0.0148677825927734 0.48858642578125 -0.30615234375
-0.0134239196777344 -0.00366592407226563 0.014495849609375 -0.466583251953125
-0.00455760955810547 0.00885677337646484 -0.284637451171875 -0.204681396484375
0.00940513610839844 0.0169639587402344 -0.255111694335937 0.0142364501953125
0.0196933746337891 0.008514404296875 -0.0711212158203125 0.114700317382812
0.00912857055664063 -0.00875759124755859 0.0666122436523438 0.0829315185546875
0.0151243209838867 -0.00912761688232422 -0.0471878051757813 -0.0811538696289063
0.0201969146728516 0.00841140747070312 0.101570129394531 -0.0985336303710938
0.0170841217041016 0.0181922912597656 0.236984252929687 -0.0146636962890625
-0.00165176391601563 0.0278491973876953 0.270721435546875 0.208206176757813
-0.0297660827636719 0.00832176208496094 -0.00918579101562496 0.41265869140625
-0.0249404907226563 -0.0326633453369141 -0.39031982421875 0.35015869140625
0.00562572479248047 -0.0127353668212891 -0.431365966796875 0.0426025390625
0.0283241271972656 0.0194854736328125 -0.00736236572265625 0.0591888427734375
0.0278968811035156 0.00350379943847656 0.48822021484375 0.080718994140625
0.00284576416015625 -0.0133829116821289 0.482208251953125 -0.317474365234375
-0.0162420272827148 0.000376701354980466 0.00396728515625004 -0.466827392578125
-0.00308799743652344 0.0111312866210938 -0.28985595703125 -0.1988525390625
0.0121040344238281 0.0169095993041992 -0.253570556640625 0.0200347900390625
0.0212535858154297 0.00736427307128906 -0.0671157836914062 0.115547180175781
0.00883865356445313 -0.00930500030517578 0.0681381225585937 0.0826950073242187
0.00581979751586914 -0.000464916229248047 -0.0406494140625 -0.08319091796875
0.0107145309448242 0.0156898498535156 0.109405517578125 -0.088104248046875
0.00584030151367187 0.0165615081787109 0.240447998046875 0.0239410400390625
-0.0150823593139648 0.0103826522827148 0.241455078125 0.256607055664063
-0.0312175750732422 -0.0165176391601563 -0.08148193359375 0.41436767578125
0.00484085083007813 -0.0420875549316406 -0.43914794921875 0.285552978515625
0.0517501831054688 0.0102882385253906 -0.39892578125 -0.00198364257812507
0.0727310180664063 0.0548477172851563 0.059051513671875 0.072265625
0.0627403259277344 0.0105171203613281 0.513916015625 0.00115966796875
0.0202465057373047 -0.021942138671875 0.41046142578125 -0.39019775390625
-0.0177879333496094 -0.0160865783691406 -0.073974609375 -0.44293212890625
-0.0152959823608398 -0.00445842742919922 -0.30633544921875 -0.140655517578125
0.00362491607666016 0.00917243957519531 -0.241378784179688 0.05828857421875
0.0118942260742188 0.0128765106201172 -0.0539016723632813 0.123458862304688
-0.0018305778503418 0.000312566757202148 0.0726852416992188 0.0789108276367188
0.00693368911743164 -0.00194931030273438 -0.042266845703125 -0.0808029174804688
0.011042594909668 0.0149002075195312 0.10491943359375 -0.0888214111328125
0.0062408447265625 0.0176181793212891 0.238372802734375 0.0180816650390625
-0.0142498016357422 0.0118894577026367 0.248428344726563 0.247802734375
-0.0293617248535156 -0.0166530609130859 -0.066436767578125 0.41473388671875
0.006988525390625 -0.0439376831054688 -0.42901611328125 0.299407958984375
0.0583877563476562 0.00699615478515625 -0.40631103515625 0.00320434570312505
0.0809860229492188 0.0564956665039063 0.0446968078613281 0.0645484924316406
0.0699195861816406 0.0111465454101563 0.5076904296875 0.01068115234375
0.0251998901367188 -0.0231838226318359 0.423431396484375 -0.382843017578125
-0.0147781372070313 -0.0177230834960937 -0.0609130859375 -0.448272705078125
-0.0148658752441406 -0.00448322296142578 -0.30340576171875 -0.150665283203125
0.00387763977050781 0.00976848602294922 -0.2452392578125 0.0520172119140625
0.0120315551757813 0.0114574432373047 -0.0592727661132812 0.122726440429688
-0.000888943672180176 -0.000379383563995361 0.0703125 0.0791397094726563
0.00901889801025391 -0.00339317321777344 -0.0450057983398438 -0.079254150390625
0.0119543075561523 0.012995719909668 0.101455688476562 -0.089874267578125
0.007354736328125 0.018707275390625 0.235855102539063 0.0117645263671875
-0.0119380950927734 0.0146656036376953 0.255325317382813 0.237060546875
-0.0283966064453125 -0.01318359375 -0.047698974609375 0.41290283203125
0.00508880615234375 -0.0447120666503906 -0.4163818359375 0.31396484375
0.0580902099609375 0.00262451171875 -0.414154052734375 0.011810302734375
0.0827560424804688 0.0536346435546875 0.02764892578125 0.0576438903808594
0.0725326538085938 0.0115737915039063 0.499908447265625 0.02471923828125
0.0277919769287109 -0.0235767364501953 0.4395751953125 -0.369232177734375
-0.0125837326049805 -0.0167837142944336 -0.043731689453125 -0.455535888671875
-0.0127763748168945 -0.00296306610107422 -0.301239013671875 -0.16259765625
0.00354194641113281 0.0106420516967773 -0.248306274414063 0.0452117919921875
0.01226806640625 0.0107183456420898 -0.0628814697265625 0.12152099609375
0.00213134288787842 -0.00206887722015381 0.0696258544921875 0.078948974609375
0.0100183486938477 -0.00463199615478516 -0.0462646484375 -0.0783767700195313
0.0133161544799805 0.0111942291259766 0.0977096557617188 -0.093017578125
0.009735107421875 0.0183944702148437 0.23541259765625 0.0026702880859375
-0.00952529907226562 0.0179996490478516 0.26123046875 0.224884033203125
-0.0276031494140625 -0.00929641723632813 -0.030517578125 0.41278076171875
0.00110244750976563 -0.0442047119140625 -0.405426025390625 0.32684326171875
0.0519828796386719 -0.00311279296875 -0.42266845703125 0.021636962890625
0.0793838500976563 0.0482635498046875 0.0110092163085938 0.0522727966308594
0.0705795288085938 0.011260986328125 0.494049072265625 0.04095458984375
0.0275154113769531 -0.0220813751220703 0.454742431640625 -0.353729248046875
-0.0107917785644531 -0.0144777297973633 -0.025390625 -0.46173095703125
-0.0104703903198242 -6.38961791992209E-05 -0.297088623046875 -0.174835205078125
0.00479984283447266 0.011627197265625 -0.251754760742187 0.0378875732421875
0.0147371292114258 0.00973129272460938 -0.0656890869140625 0.1209716796875
0.00385379791259766 -0.00294399261474609 0.068206787109375 0.0807037353515625
0.0126180648803711 -0.00752162933349609 -0.048553466796875 -0.0777359008789063
0.0154743194580078 0.00970268249511719 0.096405029296875 -0.0950164794921875
0.0124683380126953 0.0189952850341797 0.232818603515625 -0.0053558349609375
-0.00685882568359375 0.0219650268554688 0.266754150390625 0.215469360351563
-0.0274124145507813 -0.00423431396484375 -0.01702880859375 0.41094970703125
-0.0054473876953125 -0.0416603088378906 -0.39288330078125 0.339813232421875
0.0419731140136719 -0.00786972045898438 -0.426910400390625 0.0326843261718749
0.0695762634277344 0.0412063598632813 -0.00283050537109374 0.0497169494628906
0.06201171875 0.00972366333007813 0.485809326171875 0.0557861328125
0.0243415832519531 -0.0202522277832031 0.4674072265625 -0.336669921875
-0.0108470916748047 -0.0116720199584961 -0.010284423828125 -0.464263916015625
-0.00749349594116211 0.0030665397644043 -0.293426513671875 -0.186614990234375
0.00598430633544922 0.0137395858764648 -0.254486083984375 0.0305633544921875
0.0161848068237305 0.00884437561035156 -0.068389892578125 0.119041442871094
0.00652885437011719 -0.00555992126464844 0.0666427612304688 0.0811767578125
0.0135641098022461 -0.00842380523681641 -0.0485610961914063 -0.0772018432617187
0.0176372528076172 0.00788688659667969 0.09552001953125 -0.097686767578125
0.0148162841796875 0.0175313949584961 0.233108520507813 -0.01165771484375
-0.00377273559570312 0.0247535705566406 0.270172119140625 0.20770263671875
-0.0275802612304687 0.00132942199707031 -0.00802612304687501 0.40887451171875
-0.0116348266601563 -0.0384445190429688 -0.38592529296875 0.347320556640625
0.0299186706542969 -0.0107975006103516 -0.43157958984375 0.037567138671875
0.0566520690917969 0.0333290100097656 -0.0105171203613281 0.0502738952636719
0.0519638061523437 0.0085601806640625 0.48199462890625 0.069671630859375
0.0182762145996094 -0.0181350708007813 0.475921630859375 -0.3240966796875
-0.0117864608764648 -0.00788116455078125 0.00265502929687496 -0.466094970703125
-0.0063786506652832 0.00661516189575195 -0.289825439453125 -0.194366455078125
0.00823783874511719 0.014592170715332 -0.254730224609375 0.0245208740234375
0.0182571411132813 0.0086517333984375 -0.0701675415039062 0.11767578125
0.00774717330932617 -0.00731945037841797 0.0666122436523437 0.0816421508789063
0.0145101547241211 -0.00896930694580078 -0.0491409301757812 -0.0783920288085938
0.0195541381835938 0.00684547424316406 0.0978622436523438 -0.0999755859375
0.0163974761962891 0.0179824829101562 0.234375 -0.0154876708984375
-0.00194168090820312 0.0272045135498047 0.271682739257813 0.203994750976563
-0.0280075073242188 0.00612258911132812 -0.00439453124999997 0.409454345703125
-0.0190811157226562 -0.0353584289550781 -0.384490966796875 0.353057861328125
0.0165901184082031 -0.0130558013916016 -0.431732177734375 0.0413818359374999
0.0421409606933594 0.025482177734375 -0.0133705139160156 0.0530509948730469
0.03948974609375 0.00586318969726563 0.482666015625 0.07696533203125
0.0105829238891602 -0.0158624649047852 0.4796142578125 -0.317901611328125
-0.0139665603637695 -0.00331783294677734 0.00506591796874997 -0.465850830078125
-0.00410366058349609 0.0090789794921875 -0.288604736328125 -0.1978759765625
0.0106430053710938 0.0160303115844727 -0.25445556640625 0.021514892578125
0.0199909210205078 0.00734519958496094 -0.068511962890625 0.116142272949219
0.00995731353759766 -0.00816535949707031 0.0679244995117188 0.081390380859375
0.0146093368530273 -0.00946903228759765 -0.0493011474609375 -0.078887939453125
0.0203495025634766 0.00657844543457031 0.099090576171875 -0.10235595703125
0.0187091827392578 0.0174274444580078 0.236328125 -0.020751953125
-0.00124359130859375 0.0283184051513672 0.275436401367188 0.20166015625
-0.0301189422607422 0.00948333740234376 -0.000579833984375029 0.41107177734375
-0.0258026123046875 -0.0315418243408203 -0.38067626953125 0.358551025390625
0.00486373901367188 -0.0133914947509766 -0.42974853515625 0.05120849609375
0.0294589996337891 0.0189247131347656 -0.00735855102539062 0.0594253540039063
0.0277423858642578 0.00225830078125 0.488250732421875 0.069793701171875
0.00225353240966797 -0.0132808685302734 0.474273681640625 -0.328643798828125
-0.0160865783691406 0.000862121582031253 -0.00625610351562503 -0.466583251953125
-0.00274181365966797 0.0110254287719727 -0.29412841796875 -0.192230224609375
0.0124053955078125 0.0159235000610352 -0.253387451171875 0.025238037109375
0.0218334197998047 0.00734138488769531 -0.0640487670898438 0.117156982421875
0.0091705322265625 -0.00969600677490234 0.069671630859375 0.0808563232421875
0.0057215690612793 -0.000233173370361328 -0.0408859252929688 -0.0826568603515625
0.0110874176025391 0.0158863067626953 0.106437683105469 -0.0906219482421875
0.00640392303466797 0.0171356201171875 0.238906860351562 0.0187530517578125
-0.0146188735961914 0.01080322265625 0.245986938476563 0.250015258789063
-0.0309982299804687 -0.0160102844238281 -0.07073974609375 0.41314697265625
0.00396728515625 -0.0417137145996094 -0.429901123046875 0.2947998046875
0.0514640808105469 0.009124755859375 -0.396881103515625 0.00564575195312505
0.0730438232421875 0.0529098510742188 0.0599441528320313 0.0704574584960938
0.0622825622558594 0.00939178466796875 0.510986328125 -0.00927734375
0.0202121734619141 -0.0223007202148438 0.400482177734375 -0.397918701171875
-0.0174427032470703 -0.0164928436279297 -0.083831787109375 -0.43927001953125
-0.0159034729003906 -0.00436878204345703 -0.308319091796875 -0.132354736328125
0.00416088104248047 0.00893497467041015 -0.238494873046875 0.06353759765625
0.0121641159057617 0.0115556716918945 -0.0509033203125 0.124130249023437
-0.00199151039123535 0.0012657642364502 0.073822021484375 0.0772933959960938
0.00677204132080078 -0.00182485580444336 -0.0441207885742187 -0.0799942016601562
0.0114507675170898 0.0141582489013672 0.103309631347656 -0.0909042358398438
0.00625038146972656 0.0170326232910156 0.238677978515625 0.012664794921875
-0.0131731033325195 0.0123453140258789 0.253143310546875 0.240447998046875
-0.0298576354980469 -0.0151348114013672 -0.05596923828125 0.41375732421875
0.00541305541992187 -0.0439910888671875 -0.420013427734375 0.305633544921875
0.058074951171875 0.00630569458007813 -0.403961181640625 0.012054443359375
0.081573486328125 0.0530929565429688 0.0454292297363281 0.0625457763671875
0.0685348510742188 0.00871658325195313 0.505645751953125 -0.002349853515625
0.0248546600341797 -0.0245380401611328 0.413299560546875 -0.389312744140625
-0.0146694183349609 -0.0175008773803711 -0.0703125 -0.44537353515625
-0.0141592025756836 -0.00372886657714844 -0.306488037109375 -0.142791748046875
0.00356864929199219 0.00948238372802734 -0.24334716796875 0.0576934814453125
0.0124588012695313 0.0110263824462891 -0.0558853149414062 0.123664855957031
-0.00054207444190979 -0.000145554542541504 0.072052001953125 0.0786972045898438
0.00797748565673828 -0.00361299514770508 -0.0457916259765625 -0.0783233642578125
0.0120859146118164 0.0125913619995117 0.0982666015625 -0.0925827026367188
0.00807762145996094 0.0169248580932617 0.235580444335938 0.005828857421875
-0.0110101699829102 0.0155124664306641 0.259017944335938 0.229690551757813
-0.0283851623535156 -0.0121994018554687 -0.03924560546875 0.412689208984375
0.00453948974609375 -0.0443801879882813 -0.407379150390625 0.320892333984375
0.0577812194824219 0.0004119873046875 -0.41192626953125 0.020050048828125
0.0835342407226563 0.0513458251953125 0.0280494689941406 0.055938720703125
0.0721511840820313 0.0100250244140625 0.497711181640625 0.014190673828125
0.0273094177246094 -0.0234317779541016 0.429595947265625 -0.3770751953125
-0.0123558044433594 -0.0176162719726563 -0.053955078125 -0.451904296875
-0.0126838684082031 -0.002655029296875 -0.3028564453125 -0.155975341796875
0.00426673889160156 0.0101099014282227 -0.246337890625 0.050933837890625
0.0129737854003906 0.0103521347045898 -0.0592803955078125 0.122047424316406
0.00173640251159668 -0.00227165222167969 0.0705337524414063 0.0784454345703125
0.0102119445800781 -0.00593090057373047 -0.0477294921875 -0.0766677856445312
0.0136184692382812 0.0105466842651367 0.095123291015625 -0.0957489013671875
0.0105628967285156 0.0175952911376953 0.233734130859375 -0.0020294189453125
-0.00851631164550782 0.0179653167724609 0.265335083007813 0.217849731445313
-0.0275287628173828 -0.00781059265136718 -0.021942138671875 0.411529541015625
0.000244140624999996 -0.0438995361328125 -0.3939208984375 0.334808349609375
0.0511932373046875 -0.00436782836914063 -0.41998291015625 0.02996826171875
0.0797653198242188 0.0464859008789063 0.0115737915039063 0.0514907836914063
0.0693855285644531 0.0101242065429687 0.491668701171875 0.0296630859375
0.0264682769775391 -0.0225925445556641 0.44378662109375 -0.361785888671875
-0.011469841003418 -0.0144948959350586 -0.036407470703125 -0.45941162109375
-0.0111227035522461 -0.00101947784423828 -0.298126220703125 -0.167327880859375
0.00458526611328125 0.01092529296875 -0.24993896484375 0.044097900390625
0.014683723449707 0.00915241241455078 -0.0630645751953125 0.121086120605469
0.00454187393188477 -0.00395345687866211 0.0693130493164063 0.0789031982421875
0.0127182006835938 -0.00806617736816406 -0.0483245849609375 -0.0767059326171875
0.0155496597290039 0.00848293304443359 0.0941543579101563 -0.09771728515625
0.012603759765625 0.0180244445800781 0.232391357421875 -0.01104736328125
-0.004852294921875 0.0219345092773438 0.270401000976563 0.208023071289063
-0.0273666381835938 -0.00335884094238282 -0.00680541992187496 0.4090576171875
-0.00604629516601563 -0.041015625 -0.383941650390625 0.347808837890625
0.0418243408203125 -0.00874710083007813 -0.423492431640625 0.0394287109375
0.0694961547851563 0.0398139953613281 -0.00141906738281249 0.0485610961914063
0.0622100830078125 0.00915145874023437 0.484619140625 0.044952392578125
0.02313232421875 -0.0211563110351563 0.457763671875 -0.346343994140625
-0.0113706588745117 -0.0113525390625 -0.0198669433593749 -0.4635009765625
-0.00800037384033203 0.00283193588256836 -0.296478271484375 -0.17877197265625
0.00591659545898437 0.0130548477172852 -0.251800537109375 0.0370025634765626
0.016423225402832 0.00843524932861328 -0.0658645629882813 0.120407104492188
0.00685548782348633 -0.00562286376953125 0.0689010620117188 0.0785751342773438
0.0133152008056641 -0.00891208648681641 -0.0500259399414062 -0.0754928588867188
0.0177936553955078 0.0066986083984375 0.0930633544921875 -0.10009765625
0.0144691467285156 0.0181465148925781 0.231201171875 -0.0164794921875
-0.00323104858398438 0.0254497528076172 0.273956298828125 0.200271606445313
-0.0272674560546875 0.00243949890136719 0.00225830078125002 0.408203125
-0.0132789611816406 -0.0376319885253906 -0.377044677734375 0.3546142578125
0.02911376953125 -0.0119590759277344 -0.42755126953125 0.0479736328124999
0.056549072265625 0.0318756103515625 -0.0101394653320312 0.0496597290039063
0.0517845153808594 0.0073394775390625 0.479461669921875 0.0589599609375
0.0172233581542969 -0.0177249908447266 0.46685791015625 -0.332672119140625
-0.0116186141967773 -0.00681209564208984 -0.00845336914062502 -0.463775634765625
-0.00601625442504883 0.00634288787841797 -0.292083740234375 -0.1865234375
0.0086202621459961 0.0142745971679688 -0.253936767578125 0.0299835205078125
0.0186653137207031 0.00788688659667969 -0.0672531127929688 0.118080139160156
0.00801753997802734 -0.00718545913696289 0.0674362182617188 0.0802078247070313
0.0138731002807617 -0.00975513458251953 -0.04986572265625 -0.0770797729492188
0.0189495086669922 0.00488090515136719 0.0943832397460937 -0.101959228515625
0.0168523788452148 0.0174570083618164 0.2320556640625 -0.021331787109375
-0.00151634216308594 0.027618408203125 0.27630615234375 0.196563720703125
-0.0285091400146484 0.00656318664550781 0.00439453124999998 0.407318115234375
-0.0199451446533203 -0.03448486328125 -0.373504638671875 0.357330322265625
0.0162849426269531 -0.0130987167358398 -0.42779541015625 0.0521545410156251
0.0423698425292969 0.0239181518554688 -0.0115623474121094 0.0527877807617188
0.0386314392089844 0.00467300415039063 0.48040771484375 0.06494140625
0.00919628143310547 -0.0152606964111328 0.471221923828125 -0.325836181640625
-0.0138835906982422 -0.0036163330078125 -0.00457763671875003 -0.465240478515625
-0.00439167022705078 0.00886726379394531 -0.292266845703125 -0.190673828125
0.0103302001953125 0.0149364471435547 -0.252578735351563 0.026947021484375
0.0198192596435547 0.006622314453125 -0.0651931762695313 0.117118835449219
0.00884056091308594 -0.00806331634521484 0.0692138671875 0.0803451538085938
0.0144987106323242 -0.0100431442260742 -0.0504608154296875 -0.0778656005859375
0.0209388732910156 0.00618743896484375 0.0970611572265625 -0.104156494140625
0.0177631378173828 0.0168933868408203 0.235122680664063 -0.0266876220703125
0.000198364257812502 0.0287818908691406 0.2796630859375 0.194381713867188
-0.0294704437255859 0.0104598999023438 0.008270263671875 0.4107666015625
-0.0263042449951172 -0.0306491851806641 -0.3717041015625 0.3658447265625
0.00420665740966797 -0.0131626129150391 -0.426605224609375 0.05926513671875
0.0285835266113281 0.0178260803222656 -0.00536346435546875 0.0586624145507813
0.0270023345947266 0.00105476379394531 0.48687744140625 0.0595703125
0.00213432312011719 -0.0132675170898438 0.466644287109375 -0.33648681640625
-0.0153617858886719 0.00105190277099609 -0.01690673828125 -0.46417236328125
-0.00232219696044922 0.0108013153076172 -0.29681396484375 -0.18450927734375
0.0126504898071289 0.0150880813598633 -0.251144409179687 0.0309295654296875
0.0214881896972656 0.00669097900390625 -0.06146240234375 0.1182861328125
0.00919342041015625 -0.00897789001464844 0.0712661743164063 0.0792770385742188
0.0052647590637207 -0.000993251800537109 -0.0429229736328125 -0.0812149047851563
0.0116081237792969 0.0147342681884766 0.104026794433594 -0.093048095703125
0.00634765625 0.0155658721923828 0.237701416015625 0.0130615234375
-0.0147342681884766 0.0108709335327148 0.249725341796875 0.242095947265625
-0.0305404663085937 -0.0153713226318359 -0.061614990234375 0.412139892578125
0.00286865234375 -0.0407371520996094 -0.419677734375 0.3018798828125
0.0515060424804688 0.00852203369140625 -0.393096923828125 0.0127868652343749
0.0735092163085938 0.0508041381835938 0.0608482360839844 0.0685043334960938
0.0612449645996094 0.00783538818359375 0.505126953125 -0.02081298828125
0.0189590454101563 -0.0224685668945313 0.38787841796875 -0.404571533203125
-0.0180282592773438 -0.0148696899414063 -0.0931396484375 -0.43475341796875
-0.0155344009399414 -0.00373458862304687 -0.30902099609375 -0.1259765625
0.00456953048706055 0.00815105438232422 -0.235519409179688 0.0689239501953125
0.0130996704101563 0.011077880859375 -0.0489273071289062 0.124275207519531
-0.00190234184265137 0.00104033946990967 0.07415771484375 0.0760269165039063
0.00636100769042969 -0.00183248519897461 -0.044952392578125 -0.0790023803710937
0.0110502243041992 0.0130605697631836 0.100456237792969 -0.0933303833007813
0.00747394561767578 0.0166234970092773 0.236801147460938 0.0069732666015625
-0.0120058059692383 0.012272834777832 0.25628662109375 0.233001708984375
-0.0301647186279297 -0.0144004821777344 -0.0474853515625 0.41204833984375
0.00396728515625 -0.0435714721679687 -0.41094970703125 0.313385009765625
0.057342529296875 0.00461959838867188 -0.400848388671875 0.02056884765625
0.0815048217773438 0.0513153076171875 0.0462646484375 0.0609893798828125
0.0682029724121094 0.00767135620117187 0.499908447265625 -0.01080322265625
0.0237331390380859 -0.0244541168212891 0.4029541015625 -0.395233154296875
-0.014643669128418 -0.0163564682006836 -0.079437255859375 -0.442535400390625
-0.014286994934082 -0.004241943359375 -0.307037353515625 -0.135406494140625
0.00409507751464844 0.00921726226806641 -0.239547729492188 0.063140869140625
0.0123023986816406 0.00993537902832031 -0.0528488159179687 0.123832702636719
0.000380039215087891 -0.000613629817962646 0.0727157592773438 0.0761032104492188
0.00890350341796875 -0.00436115264892578 -0.0464935302734375 -0.077178955078125
0.0121059417724609 0.0117959976196289 0.0968704223632813 -0.0947265625
0.00828838348388672 0.0172224044799805 0.234344482421875 0.000442504882812501
-0.0105352401733398 0.0156936645507813 0.262603759765625 0.222549438476563
-0.0290241241455078 -0.011260986328125 -0.030548095703125 0.411376953125
0.00294876098632813 -0.0443649291992188 -0.39801025390625 0.327239990234375
0.0570526123046875 0.0001220703125 -0.409027099609375 0.0274047851562499
0.0839004516601563 0.0497970581054688 0.0297012329101563 0.0549049377441406
0.0715866088867188 0.0074920654296875 0.494140625 0.003631591796875
0.0254726409912109 -0.0248088836669922 0.418792724609375 -0.3824462890625
-0.0131597518920898 -0.01617431640625 -0.061920166015625 -0.448699951171875
-0.0132970809936523 -0.00240039825439453 -0.304351806640625 -0.14874267578125
0.00447750091552734 0.00924015045166016 -0.243606567382813 0.05621337890625
0.0135211944580078 0.00964069366455078 -0.0566940307617188 0.123794555664062
0.00195908546447754 -0.00194454193115234 0.0712127685546875 0.0757522583007813
0.00974941253662109 -0.00494861602783203 -0.0486526489257813 -0.0758209228515625
0.0138845443725586 0.00946044921875 0.09375 -0.0968093872070313
0.00975227355957031 0.0185070037841797 0.232696533203125 -0.0086669921875
-0.00792503356933594 0.0191669464111328 0.268798828125 0.210556030273438
-0.0281200408935547 -0.00783538818359375 -0.0135498046875 0.409637451171875
-0.00151443481445313 -0.0436592102050781 -0.385955810546875 0.34051513671875
0.0512924194335938 -0.00477218627929688 -0.41607666015625 0.038360595703125
0.0794677734375 0.044677734375 0.012054443359375 0.0507965087890625
0.0693168640136719 0.00783920288085937 0.487457275390625 0.0203857421875
0.0257587432861328 -0.0232810974121094 0.433349609375 -0.367889404296875
-0.0110378265380859 -0.0140161514282227 -0.04541015625 -0.45623779296875
-0.0104331970214844 -0.000323295593261717 -0.300689697265625 -0.1607666015625
0.00482654571533203 0.0107660293579102 -0.246719360351563 0.0490875244140625
0.0146427154541016 0.00853824615478515 -0.0592193603515625 0.121932983398438
0.00420999526977539 -0.00286316871643066 0.07000732421875 0.0769729614257813
0.0114984512329102 -0.00834178924560547 -0.0502166748046875 -0.07427978515625
0.0155801773071289 0.00759124755859375 0.0911026000976562 -0.0996780395507813
0.0122900009155273 0.0171318054199219 0.23126220703125 -0.0157318115234375
-0.00514602661132812 0.0217056274414062 0.273468017578125 0.200424194335938
-0.0265636444091797 -0.00203132629394531 0.00076293945312502 0.406829833984375
-0.00644683837890625 -0.0405349731445312 -0.373260498046875 0.351806640625
0.0408172607421875 -0.0089569091796875 -0.419677734375 0.047637939453125
0.0698623657226563 0.038543701171875 -0.001678466796875 0.0477714538574219
0.0618095397949219 0.00712203979492188 0.480499267578125 0.0343017578125
0.0223140716552734 -0.0209178924560547 0.447021484375 -0.35321044921875
-0.0104503631591797 -0.0101432800292969 -0.029296875 -0.458038330078125
-0.00829410552978515 0.00286579132080078 -0.298004150390625 -0.170806884765625
0.00673866271972656 0.0126399993896484 -0.250106811523438 0.041839599609375
0.0165805816650391 0.00794219970703125 -0.0626296997070312 0.120529174804687
0.00620126724243164 -0.00516462326049805 0.06982421875 0.0778884887695313
0.0130481719970703 -0.00925350189208985 -0.0510635375976562 -0.07489013671875
0.0177879333496094 0.00595474243164063 0.091156005859375 -0.101974487304688
0.0151548385620117 0.0172634124755859 0.229827880859375 -0.02215576171875
-0.00247573852539063 0.0250701904296875 0.276901245117188 0.192611694335938
-0.0273723602294922 0.00296592712402344 0.0103759765625 0.40435791015625
-0.0134658813476562 -0.0366935729980469 -0.365570068359375 0.359100341796875
0.0289974212646484 -0.0122394561767578 -0.42425537109375 0.056243896484375
0.0567131042480469 0.0296440124511719 -0.00953292846679688 0.0492134094238281
0.0512351989746094 0.006134033203125 0.47589111328125 0.048919677734375
0.0166873931884766 -0.0186252593994141 0.4588623046875 -0.340301513671875
-0.011387825012207 -0.00655937194824219 -0.0174560546875 -0.460479736328125
-0.00500726699829102 0.0063786506652832 -0.294921875 -0.179229736328125
0.00879573822021484 0.0136270523071289 -0.2506103515625 0.03533935546875
0.0188827514648438 0.00681877136230469 -0.063629150390625 0.119453430175781
0.0085148811340332 -0.00681352615356445 0.0689544677734375 0.0786514282226562
0.0137786865234375 -0.0101470947265625 -0.0506591796875 -0.07635498046875
0.0197277069091797 0.00522232055664063 0.0924301147460937 -0.103744506835938
0.0174570083618164 0.0172958374023438 0.230361938476562 -0.0261383056640625
-0.000711441040039063 0.0274410247802734 0.27862548828125 0.189361572265625
-0.0275058746337891 0.00718498229980469 0.012603759765625 0.40521240234375
-0.0206069946289063 -0.0333003997802734 -0.363311767578125 0.363189697265625
0.0163345336914063 -0.0135040283203125 -0.423736572265625 0.058746337890625
0.0419197082519531 0.0228157043457031 -0.0116767883300781 0.0519981384277344
0.0386543273925781 0.00342559814453125 0.476898193359375 0.05523681640625
0.00934886932373047 -0.0149440765380859 0.460693359375 -0.333984375
-0.0133743286132812 -0.00203990936279297 -0.0147705078125 -0.462310791015625
-0.00345039367675781 0.009063720703125 -0.2940673828125 -0.182861328125
0.0106210708618164 0.0139703750610352 -0.250885009765625 0.0330810546875
0.0201892852783203 0.00601959228515625 -0.0626602172851562 0.117790222167969
0.00920867919921875 -0.00852108001708984 0.0698471069335938 0.077728271484375
0.0138740539550781 -0.0106897354125977 -0.0504379272460938 -0.0763092041015625
0.0203971862792969 0.00459861755371094 0.0941925048828125 -0.106201171875
0.0182838439941406 0.0170402526855469 0.23260498046875 -0.0316925048828125
0.00129508972167969 0.0279483795166016 0.282012939453125 0.18646240234375
-0.0293121337890625 0.0112781524658203 0.018310546875 0.407958984375
-0.02685546875 -0.0294532775878906 -0.36138916015625 0.372344970703125
0.00440597534179687 -0.0124902725219727 -0.421844482421875 0.067840576171875
0.0289096832275391 0.0172023773193359 -0.00524520874023438 0.0579299926757813
0.0268440246582031 0.00117683410644531 0.483978271484375 0.048828125
0.00124931335449219 -0.0133743286132812 0.453887939453125 -0.343170166015625
-0.015960693359375 0.000548362731933595 -0.0254211425781249 -0.4627685546875
-0.00252246856689453 0.0103368759155273 -0.298614501953125 -0.17718505859375
0.0127077102661133 0.0145359039306641 -0.248809814453125 0.035858154296875
0.0211811065673828 0.00535392761230469 -0.0591583251953125 0.119155883789063
0.0091552734375 -0.00884342193603516 0.0721206665039063 0.0768814086914063
0.00539970397949219 -0.000771999359130859 -0.0429840087890625 -0.0801315307617187
0.0119686126708984 0.0138006210327148 0.101638793945312 -0.0942306518554688
0.0074005126953125 0.0158157348632813 0.235794067382813 0.0073394775390625
-0.0140495300292969 0.0114507675170898 0.251205444335938 0.234283447265625
-0.0306053161621094 -0.0142498016357422 -0.054351806640625 0.40985107421875
0.00232315063476562 -0.0409011840820313 -0.4111328125 0.306884765625
0.0513687133789063 0.00821685791015625 -0.3887939453125 0.018035888671875
0.073333740234375 0.0484237670898438 0.0614585876464844 0.066162109375
0.0604515075683594 0.006683349609375 0.500274658203125 -0.02874755859375
0.0179862976074219 -0.0221462249755859 0.377593994140625 -0.40679931640625
-0.0175638198852539 -0.0144309997558594 -0.099578857421875 -0.429290771484375
-0.0148830413818359 -0.00375938415527344 -0.308807373046875 -0.11810302734375
0.00451183319091797 0.00795555114746094 -0.232025146484375 0.0730133056640625
0.0125713348388672 0.0106878280639648 -0.0453872680664063 0.124237060546875
-0.00107169151306152 0.00179553031921387 0.0753860473632812 0.0736160278320313
0.00710153579711914 -0.00178718566894531 -0.0456390380859375 -0.0780181884765625
0.0120134353637695 0.0128059387207031 0.0973663330078125 -0.0946578979492187
0.00676250457763672 0.0162696838378906 0.234573364257813 0.001220703125
-0.0122432708740234 0.01300048828125 0.258499145507813 0.226211547851562
-0.0294036865234375 -0.0137367248535156 -0.03851318359375 0.4100341796875
0.00308609008789062 -0.0429039001464844 -0.401947021484375 0.31756591796875
0.0570068359375 0.00405502319335938 -0.3968505859375 0.0256958007812501
0.0814208984375 0.0494766235351563 0.0461959838867188 0.0593643188476563
0.0675773620605469 0.006439208984375 0.495880126953125 -0.01898193359375
0.0231895446777344 -0.0241584777832031 0.3909912109375 -0.3997802734375
-0.0150089263916016 -0.0165586471557617 -0.087066650390625 -0.43719482421875
-0.0144729614257812 -0.00413227081298828 -0.306365966796875 -0.1290283203125
0.00397205352783203 0.00886631011962891 -0.2364501953125 0.067840576171875
0.0127477645874023 0.00998115539550781 -0.0490341186523437 0.123222351074219
9.17911529541016E-05 0.000328183174133301 0.0734024047851563 0.0749435424804688
0.00840187072753906 -0.00334453582763672 -0.0472564697265625 -0.0754165649414063
0.0125055313110352 0.0109481811523438 0.093536376953125 -0.0958938598632813
0.00911998748779297 0.0173835754394531 0.232574462890625 -0.003997802734375
-0.0103216171264648 0.0152044296264648 0.264312744140625 0.214935302734375
-0.0283737182617188 -0.0111503601074219 -0.022796630859375 0.407958984375
0.00186920166015625 -0.0427207946777344 -0.38836669921875 0.33203125
0.0571098327636719 -0.001617431640625 -0.404022216796875 0.03460693359375
0.0838623046875 0.0472869873046875 0.0293464660644531 0.0540351867675781
0.0696296691894531 0.00702285766601563 0.48883056640625 -0.00469970703125
0.0255928039550781 -0.0251922607421875 0.406524658203125 -0.3863525390625
-0.0125827789306641 -0.0154323577880859 -0.071533203125 -0.443328857421875
-0.012669563293457 -0.00282096862792969 -0.304779052734375 -0.14093017578125
0.00485706329345703 0.00886344909667969 -0.239852905273437 0.0610809326171875
0.0136222839355469 0.00897026062011719 -0.0541229248046875 0.122901916503906
0.00180482864379883 -0.00181591510772705 0.0718536376953125 0.0748748779296875
0.00975990295410156 -0.00569820404052734 -0.0489654541015625 -0.074951171875
0.0139255523681641 0.00875091552734375 0.0911407470703125 -0.0974807739257813
0.0103874206542969 0.017176628112793 0.230667114257813 -0.01324462890625
-0.00695610046386719 0.0187549591064453 0.269256591796875 0.204025268554688
-0.0278244018554688 -0.00662612915039062 -0.00549316406250003 0.405914306640625
-0.00201797485351563 -0.0416183471679688 -0.375274658203125 0.344146728515625
0.0507278442382813 -0.00608444213867188 -0.4100341796875 0.0434265136718749
0.0793609619140625 0.0420761108398438 0.0120849609375 0.0491676330566406
0.0673789978027344 0.00699996948242188 0.4827880859375 0.01068115234375
0.0253963470458984 -0.0231113433837891 0.421722412109375 -0.3724365234375
-0.0111827850341797 -0.0134601593017578 -0.053192138671875 -0.450592041015625
-0.00990009307861328 -0.000321388244628906 -0.300384521484375 -0.1531982421875
0.00487613677978516 0.0109186172485352 -0.244033813476563 0.0532073974609375
0.0147762298583984 0.00837993621826172 -0.0568466186523438 0.122261047363281
0.00466680526733398 -0.00310420989990234 0.0714645385742188 0.0757980346679688
0.0121698379516602 -0.00803089141845703 -0.0507431030273438 -0.073577880859375
0.0163660049438477 0.00685214996337891 0.0891876220703125 -0.100746154785156
0.0131101608276367 0.0172576904296875 0.228378295898438 -0.02099609375
-0.00507926940917969 0.0219154357910156 0.274993896484375 0.193405151367187
-0.0273265838623047 -0.00129508972167969 0.00854492187499999 0.402801513671875
-0.008026123046875 -0.040283203125 -0.363983154296875 0.35504150390625
0.0405502319335938 -0.00913619995117188 -0.414764404296875 0.053802490234375
0.0703964233398438 0.035980224609375 -0.000995635986328119 0.0474166870117187
0.0607795715332031 0.0062103271484375 0.476470947265625 0.0264892578125
0.0225391387939453 -0.0218639373779297 0.436187744140625 -0.35821533203125
-0.0103178024291992 -0.0102348327636719 -0.03826904296875 -0.4547119140625
-0.00724887847900391 0.00285959243774414 -0.297882080078125 -0.16400146484375
0.00708961486816406 0.0120611190795898 -0.24615478515625 0.0457611083984375
0.0171852111816406 0.00656890869140625 -0.059539794921875 0.120704650878906
0.00666618347167969 -0.0048832893371582 0.0712738037109375 0.076629638671875
0.0131740570068359 -0.00978851318359375 -0.0510482788085937 -0.07415771484375
0.0181865692138672 0.0048980712890625 0.0881118774414063 -0.103469848632813
0.0161676406860352 0.0166606903076172 0.227447509765625 -0.027252197265625
-0.00152587890625 0.0252418518066406 0.27777099609375 0.185073852539063
-0.0265541076660156 0.00330543518066406 0.0181884765625 0.39990234375
-0.0138893127441406 -0.0357780456542969 -0.35595703125 0.36260986328125
0.0279369354248047 -0.0118808746337891 -0.417724609375 0.0614013671875
0.0558853149414063 0.0286483764648437 -0.00905609130859375 0.0481109619140625
0.0499267578125 0.00472640991210938 0.47222900390625 0.039825439453125
0.0160369873046875 -0.0179882049560547 0.44482421875 -0.34368896484375
-0.0117092132568359 -0.00594329833984375 -0.02655029296875 -0.457611083984375
-0.00549745559692383 0.00574922561645508 -0.29595947265625 -0.1722412109375
0.00943374633789063 0.0130138397216797 -0.247360229492188 0.040771484375
0.0186576843261719 0.006805419921875 -0.0603103637695312 0.1190185546875
0.00856876373291016 -0.0070037841796875 0.0691070556640625 0.0770263671875
0.0136260986328125 -0.0106163024902344 -0.0518569946289063 -0.0745697021484375
0.0192203521728516 0.0038604736328125 0.0897903442382813 -0.104682922363281
0.0175485610961914 0.0167818069458008 0.227340698242188 -0.0313873291015625
5.7220458984373E-05 0.0264358520507813 0.278106689453125 0.182205200195313
-0.0270366668701172 0.00817489624023438 0.02008056640625 0.4002685546875
-0.0209407806396484 -0.0321826934814453 -0.352813720703125 0.36767578125
0.0152435302734375 -0.0126152038574219 -0.419189453125 0.064971923828125
0.0418167114257813 0.0215568542480469 -0.0111503601074219 0.0510177612304688
0.0379905700683594 0.0026702880859375 0.472625732421875 0.04681396484375
0.00875282287597656 -0.0153827667236328 0.449432373046875 -0.33837890625
-0.012913703918457 -0.00170230865478516 -0.02294921875 -0.457183837890625
-0.00345611572265625 0.00873279571533203 -0.294830322265625 -0.176055908203125
0.0106649398803711 0.0139141082763672 -0.247100830078125 0.0376434326171875
0.0197734832763672 0.00503921508789063 -0.0602264404296875 0.117637634277344
0.00906276702880859 -0.00844001770019531 0.07086181640625 0.0766830444335938
0.0139131546020508 -0.0108966827392578 -0.0516204833984375 -0.0761184692382813
0.0199775695800781 0.00386810302734375 0.0911941528320313 -0.106887817382813
0.0183181762695313 0.01556396484375 0.229827880859375 -0.03607177734375
0.000989913940429688 0.0280303955078125 0.282318115234375 0.179107666015625
-0.0281295776367188 0.0132694244384766 0.024932861328125 0.40289306640625
-0.0275154113769531 -0.0278701782226563 -0.3499755859375 0.374114990234375
0.00391197204589844 -0.0122928619384766 -0.416717529296875 0.0748291015625001
0.0281887054443359 0.0164089202880859 -0.004302978515625 0.0568923950195313
0.026336669921875 4.9591064453125E-05 0.478790283203125 0.039825439453125
0.00152587890625 -0.0131855010986328 0.443328857421875 -0.34869384765625
-0.0156011581420898 0.00183963775634765 -0.03436279296875 -0.456085205078125
-0.00215339660644531 0.00978374481201172 -0.29901123046875 -0.1697998046875
0.0121135711669922 0.0136737823486328 -0.245315551757813 0.041778564453125
0.0212135314941406 0.00464820861816406 -0.055694580078125 0.118309020996094
0.00959873199462891 -0.00962638854980469 0.0729141235351563 0.0761795043945313
0.00524425506591797 -0.000713348388671875 -0.0436935424804688 -0.0788421630859375
0.0114631652832031 0.0128707885742188 0.09912109375 -0.0957565307617188
0.00668430328369141 0.0152645111083984 0.234390258789063 0.0034332275390625
-0.0135812759399414 0.011256217956543 0.253143310546875 0.227828979492188
-0.0303668975830078 -0.0135002136230469 -0.04608154296875 0.40740966796875
0.000484466552734374 -0.0393486022949219 -0.402252197265625 0.30865478515625
0.0507392883300781 0.0065155029296875 -0.384918212890625 0.024627685546875
0.072509765625 0.0471725463867187 0.0603599548339844 0.0639457702636719
0.0596504211425781 0.00523757934570313 0.49334716796875 -0.036102294921875
0.0173568725585938 -0.0229053497314453 0.367523193359375 -0.4088134765625
-0.0175952911376953 -0.0138416290283203 -0.1068115234375 -0.424041748046875
-0.0153045654296875 -0.00387763977050781 -0.30743408203125 -0.1124267578125
0.00472784042358398 0.00764274597167969 -0.227752685546875 0.0765380859375
0.0129194259643555 0.0100002288818359 -0.0428466796875 0.124008178710938
-0.000706672668457031 0.00148141384124756 0.0754470825195313 0.072601318359375
0.00617218017578125 -0.0021357536315918 -0.0455856323242188 -0.07666015625
0.0110034942626953 0.012202262878418 0.0953140258789063 -0.0963821411132813
0.00737190246582032 0.0160350799560547 0.231887817382813 -0.001983642578125
-0.0117740631103516 0.0125951766967773 0.259445190429688 0.218963623046875
-0.0290985107421875 -0.0131034851074219 -0.03192138671875 0.405853271484375
0.00279617309570313 -0.0416297912597656 -0.3919677734375 0.320159912109375
0.0563697814941406 0.0033416748046875 -0.391357421875 0.0308837890625
0.0811920166015625 0.0477676391601563 0.0457954406738281 0.0572433471679688
0.0664863586425781 0.00475311279296875 0.489044189453125 -0.025848388671875
0.0225925445556641 -0.0241794586181641 0.380401611328125 -0.401123046875
-0.0150671005249023 -0.0154438018798828 -0.0935668945312499 -0.43109130859375
-0.0145130157470703 -0.00422096252441406 -0.3052978515625 -0.121917724609375
0.00363063812255859 0.00739955902099609 -0.232467651367187 0.07012939453125
0.0129461288452148 0.0093536376953125 -0.0475616455078125 0.123291015625
0.000171840190887451 2.07871198654175E-05 0.0739059448242188 0.0727996826171875
0.00851106643676758 -0.00440073013305664 -0.0475234985351562 -0.074554443359375
0.0119256973266602 0.0103034973144531 0.0913009643554688 -0.0965957641601563
0.00819301605224609 0.0167045593261719 0.229415893554688 -0.0089874267578125
-0.00939273834228516 0.0152568817138672 0.263992309570312 0.208236694335937
-0.0283164978027344 -0.0102710723876953 -0.015411376953125 0.4036865234375
0.0015106201171875 -0.0424690246582031 -0.3790283203125 0.334228515625
0.055938720703125 -0.00196075439453125 -0.399261474609375 0.0390624999999999
0.0823898315429688 0.04498291015625 0.0293312072753906 0.0521736145019531
0.0684890747070313 0.00599288940429688 0.4813232421875 -0.013427734375
0.0245723724365234 -0.0244960784912109 0.395172119140625 -0.387969970703125
-0.0129365921020508 -0.0149192810058594 -0.078369140625 -0.4385986328125
-0.0121679306030273 -0.00256633758544922 -0.30352783203125 -0.134613037109375
0.00481414794921875 0.00864219665527344 -0.236007690429688 0.0650634765625
0.0135297775268555 0.00781917572021484 -0.0510101318359375 0.123023986816406
0.0032048225402832 -0.0013725757598877 0.0724639892578125 0.0732345581054688
0.00948810577392578 -0.00642681121826172 -0.0493545532226562 -0.07281494140625
0.0138063430786133 0.008697509765625 0.0881881713867188 -0.0988006591796875
0.0106592178344727 0.0174741744995117 0.227020263671875 -0.0170440673828125
-0.00696182250976562 0.0196247100830078 0.27056884765625 0.196319580078125
-0.0275859832763672 -0.00588035583496094 0.001739501953125 0.401641845703125
-0.00275802612304688 -0.0415534973144531 -0.364532470703125 0.347137451171875
0.0498504638671875 -0.00673294067382813 -0.406036376953125 0.050323486328125
0.0785369873046875 0.0409622192382813 0.0123977661132813 0.0482292175292969
0.0670547485351563 0.00585174560546875 0.47552490234375 0.00286865234375
0.0244865417480469 -0.0237102508544922 0.410888671875 -0.374603271484375
-0.0117740631103516 -0.0129508972167969 -0.0609130859375 -0.445068359375
-0.0098257064819336 -0.000374794006347656 -0.300872802734375 -0.14678955078125
0.00548934936523438 0.0100107192993164 -0.2408447265625 0.0576019287109375
0.0140199661254883 0.00720119476318359 -0.0546188354492187 0.12139892578125
0.00461578369140625 -0.00266170501708984 0.071685791015625 0.0742568969726563
0.0119819641113281 -0.00832271575927734 -0.051727294921875 -0.0724563598632813
0.0151987075805664 0.00604820251464844 0.0861434936523438 -0.101524353027344
0.0135297775268555 0.017338752746582 0.225357055664063 -0.0245513916015625
-0.00442314147949218 0.0215358734130859 0.274688720703125 0.186370849609375
-0.0267162322998047 -0.00138092041015625 0.015106201171875 0.3983154296875
-0.00851821899414063 -0.0388717651367188 -0.35321044921875 0.358001708984375
0.0406723022460938 -0.00992584228515625 -0.408843994140625 0.0595703125
0.0697479248046875 0.034088134765625 -0.00128173828124999 0.0473976135253906
0.0600738525390625 0.00496292114257813 0.47015380859375 0.019195556640625
0.0210590362548828 -0.0214176177978516 0.424652099609375 -0.360107421875
-0.0102062225341797 -0.0099639892578125 -0.045257568359375 -0.449462890625
-0.00736141204833985 0.00264501571655273 -0.297515869140625 -0.157501220703125
0.00666713714599609 0.0114421844482422 -0.242965698242188 0.04998779296875
0.0162982940673828 0.0058135986328125 -0.0573272705078125 0.120742797851563
0.00642108917236328 -0.00479412078857422 0.0710525512695313 0.074615478515625
0.0126132965087891 -0.00961589813232422 -0.051849365234375 -0.0726394653320313
0.0177135467529297 0.00497627258300781 0.0850677490234375 -0.104194641113281
0.0145912170410156 0.0161342620849609 0.225021362304688 -0.0312652587890625
-0.00153732299804688 0.0252761840820313 0.278167724609375 0.178558349609375
-0.0261287689208984 0.00395965576171876 0.02288818359375 0.3966064453125
-0.0146675109863281 -0.0345211029052734 -0.345428466796875 0.3642578125
0.0279617309570312 -0.0126380920410156 -0.412689208984375 0.0661621093750001
0.0557174682617188 0.0275039672851563 -0.00928497314453125 0.0464897155761719
0.0487022399902344 0.00324630737304688 0.467254638671875 0.032928466796875
0.0149059295654297 -0.0189018249511719 0.434967041015625 -0.348175048828125
-0.0116205215454102 -0.0058441162109375 -0.034088134765625 -0.45184326171875
-0.00555229187011719 0.00558185577392578 -0.294647216796875 -0.164794921875
0.0092315673828125 0.0128374099731445 -0.244186401367187 0.0438385009765625
0.0181427001953125 0.00531196594238281 -0.0586471557617188 0.11956787109375
0.0078744888305664 -0.00683212280273437 0.069793701171875 0.074981689453125
0.0129871368408203 -0.0100154876708984 -0.0518951416015625 -0.0728988647460937
0.0190658569335938 0.00320816040039063 0.087066650390625 -0.106155395507813
0.0164756774902344 0.0160884857177734 0.224807739257813 -0.0343170166015625
0.000263214111328125 0.02691650390625 0.27960205078125 0.175186157226563
-0.0264835357666016 0.00880241394042968 0.026580810546875 0.39630126953125
-0.0209884643554687 -0.0307464599609375 -0.34332275390625 0.36883544921875
0.0152654647827148 -0.0133304595947266 -0.413299560546875 0.0722961425781251
0.0411758422851563 0.0207939147949219 -0.0100212097167969 0.0504798889160156
0.0373191833496094 0.002410888671875 0.468505859375 0.0391845703125
0.00830268859863281 -0.0164051055908203 0.43988037109375 -0.342803955078125
-0.0125370025634766 -0.0019989013671875 -0.031463623046875 -0.4527587890625
-0.00308704376220703 0.00829887390136719 -0.293731689453125 -0.1689453125
0.011199951171875 0.0129165649414063 -0.244049072265625 0.040802001953125
0.0196399688720703 0.00541305541992188 -0.0569610595703125 0.117843627929688
0.00912666320800781 -0.0076446533203125 0.0711288452148437 0.07470703125
0.0138320922851563 -0.0103845596313477 -0.0519332885742188 -0.07470703125
0.0208797454833984 0.00314140319824219 0.09002685546875 -0.108268737792969
0.0183067321777344 0.0147609710693359 0.22674560546875 -0.0399017333984375
0.00184822082519531 0.0276927947998047 0.28216552734375 0.171966552734375
-0.0273876190185547 0.0118961334228516 0.0308837890625 0.399261474609375
-0.0273628234863281 -0.026824951171875 -0.34063720703125 0.375579833984375
0.00355148315429688 -0.0123672485351563 -0.409698486328125 0.08001708984375
0.0282611846923828 0.0153121948242187 -0.00382232666015625 0.0560417175292969
0.0253543853759766 -0.00055694580078125 0.472686767578125 0.033111572265625
0.0007171630859375 -0.0125894546508789 0.4326171875 -0.3509521484375
-0.0151529312133789 0.00220870971679688 -0.04132080078125 -0.451141357421875
-0.00209236145019531 0.00958251953125 -0.29888916015625 -0.162933349609375
0.0125150680541992 0.0132665634155273 -0.241912841796875 0.045318603515625
0.0215702056884766 0.00396156311035156 -0.0530548095703125 0.118553161621094
0.00905418395996094 -0.00817203521728516 0.0731048583984375 0.0746078491210938
0.00621366500854492 -0.00086212158203125 -0.0433273315429688 -0.0781478881835938
0.0118513107299805 0.0120353698730469 0.0969924926757813 -0.0957412719726563
0.0069122314453125 0.0143451690673828 0.23126220703125 -0.000564575195312499
-0.0129070281982422 0.0109395980834961 0.252853393554688 0.220672607421875
-0.0303115844726563 -0.012786865234375 -0.041229248046875 0.403076171875
0.000717163085937504 -0.0387840270996094 -0.393646240234375 0.31085205078125
0.0500564575195313 0.00627899169921875 -0.37908935546875 0.0281372070312499
0.0725479125976562 0.0457534790039063 0.0603370666503906 0.062652587890625
0.0589828491210938 0.00429534912109375 0.48651123046875 -0.041107177734375
0.0172538757324219 -0.0221538543701172 0.355682373046875 -0.408203125
-0.0168752670288086 -0.0134792327880859 -0.110595703125 -0.417999267578125
-0.0151329040527344 -0.00466823577880859 -0.3052978515625 -0.107086181640625
0.004638671875 0.00703001022338867 -0.223709106445313 0.0783843994140625
0.0132198333740234 0.00886344909667969 -0.040374755859375 0.12347412109375
-0.000638127326965332 0.00145149230957031 0.0749969482421875 0.07135009765625
0.00682592391967773 -0.0017695426940918 -0.0459823608398437 -0.0757217407226563
0.01177978515625 0.0117158889770508 0.0928192138671875 -0.096160888671875
0.00743770599365234 0.0157346725463867 0.2286376953125 -0.0048370361328125
-0.0112705230712891 0.0123682022094727 0.259170532226563 0.213180541992188
-0.0290412902832031 -0.0126018524169922 -0.025238037109375 0.401397705078125
0.00234222412109375 -0.0407829284667969 -0.383148193359375 0.32171630859375
0.0556678771972656 0.00357437133789063 -0.38525390625 0.034576416015625
0.07977294921875 0.0457382202148438 0.0464401245117188 0.0556678771972656
0.065582275390625 0.00423431396484375 0.482421875 -0.03204345703125
0.021240234375 -0.0243892669677734 0.36944580078125 -0.40032958984375
-0.0151519775390625 -0.0151147842407227 -0.098785400390625 -0.424468994140625
-0.0142631530761719 -0.00407123565673828 -0.30389404296875 -0.116119384765625
0.00312185287475586 0.00724029541015625 -0.227706909179687 0.07354736328125
0.0127649307250977 0.00893020629882813 -0.045257568359375 0.122611999511719
0.000503480434417725 0.000418782234191895 0.0739288330078125 0.0716400146484375
0.00791263580322266 -0.00345420837402344 -0.0480575561523438 -0.0729827880859375
0.0122356414794922 0.00996208190917969 0.08868408203125 -0.0987548828125
0.00885105133056641 0.0163097381591797 0.2264404296875 -0.0123443603515625
-0.00850105285644531 0.0158748626708984 0.26519775390625 0.201873779296875
-0.027923583984375 -0.00997924804687501 -0.010009765625 0.40045166015625
0.00210952758789063 -0.0418205261230469 -0.370086669921875 0.334381103515625
0.0551567077636719 -0.0024261474609375 -0.393463134765625 0.04364013671875
0.0817108154296875 0.043212890625 0.0296897888183594 0.0504608154296875
0.0685920715332031 0.00519180297851563 0.47607421875 -0.019500732421875
0.0239048004150391 -0.0247383117675781 0.386383056640625 -0.387969970703125
-0.0124282836914063 -0.0148248672485352 -0.08270263671875 -0.431610107421875
-0.0131673812866211 -0.00267887115478516 -0.302032470703125 -0.128082275390625
0.00423908233642578 0.00894546508789063 -0.232574462890625 0.0672149658203125
0.0133476257324219 0.00786972045898438 -0.0490493774414062 0.121871948242187
0.00243854522705078 -0.00092315673828125 0.0723876953125 0.0711212158203125
0.00977134704589844 -0.00593757629394531 -0.0500946044921875 -0.0722274780273438
0.0131855010986328 0.00759220123291016 0.0858535766601563 -0.100059509277344
0.0106096267700195 0.0163154602050781 0.224273681640625 -0.019866943359375
-0.0069580078125 0.0187358856201172 0.27001953125 0.189971923828125
-0.0268459320068359 -0.00465774536132813 0.00726318359375004 0.395965576171875
-0.00360870361328125 -0.0412445068359375 -0.35626220703125 0.348114013671875
0.049896240234375 -0.00697708129882813 -0.39892578125 0.0533142089843749
0.0777053833007813 0.0382232666015625 0.0123863220214844 0.0468215942382812
0.0658187866210937 0.0046539306640625 0.46905517578125 -0.003509521484375
0.0235729217529297 -0.0233592987060547 0.401092529296875 -0.37652587890625
-0.0114536285400391 -0.0127573013305664 -0.067474365234375 -0.438446044921875
-0.00997543334960938 -0.000411033630371092 -0.298553466796875 -0.140716552734375
0.00533580780029297 0.00988674163818359 -0.23590087890625 0.0604705810546875
0.015223503112793 0.00679874420166016 -0.0529708862304688 0.121170043945313
0.0037541389465332 -0.00250005722045898 0.0717010498046875 0.0723114013671875
0.0110235214233398 -0.00765609741210938 -0.0499038696289062 -0.0713729858398438
0.0148763656616211 0.00581645965576172 0.0842132568359375 -0.102035522460938
0.0129222869873047 0.0162887573242188 0.222000122070313 -0.027374267578125
-0.00308799743652344 0.0213508605957031 0.274246215820313 0.180892944335938
-0.0261077880859375 -0.000997543334960938 0.020416259765625 0.394287109375
-0.00892257690429688 -0.0382537841796875 -0.34478759765625 0.35931396484375
0.0397453308105469 -0.00984573364257813 -0.40380859375 0.0624999999999999
0.0682182312011719 0.0328559875488281 -0.000827789306640616 0.0459480285644531
0.059814453125 0.00413131713867188 0.464630126953125 0.012115478515625
0.0207653045654297 -0.0210094451904297 0.413848876953125 -0.36102294921875
-0.0105962753295898 -0.00916194915771484 -0.05133056640625 -0.442779541015625
-0.00829124450683594 0.00235509872436524 -0.296356201171875 -0.15167236328125
0.00633144378662109 0.010523796081543 -0.239288330078125 0.0533599853515625
0.0166311264038086 0.00517940521240234 -0.0548553466796875 0.121047973632812
0.00696039199829102 -0.0050196647644043 0.07080078125 0.073333740234375
0.0128755569458008 -0.00917148590087891 -0.0515289306640625 -0.0709686279296875
0.0175743103027344 0.00436782836914063 0.0836868286132813 -0.104759216308594
0.0155086517333984 0.016148567199707 0.221450805664063 -0.0343017578125
-0.000307083129882815 0.0247001647949219 0.277130126953125 0.172576904296875
-0.0262260437011719 0.00454711914062501 0.02880859375 0.39117431640625
-0.0152263641357422 -0.0343303680419922 -0.33697509765625 0.3651123046875
0.0275039672851562 -0.0127887725830078 -0.40655517578125 0.0705566406250001
0.0554428100585938 0.0260124206542969 -0.0078887939453125 0.0461235046386719
0.048858642578125 0.003173828125 0.461395263671875 0.02557373046875
0.014556884765625 -0.0184173583984375 0.425506591796875 -0.348175048828125
-0.0108737945556641 -0.00552082061767578 -0.039459228515625 -0.44573974609375
-0.00434494018554688 0.00539684295654297 -0.29327392578125 -0.15911865234375
0.00927925109863281 0.0118875503540039 -0.2398681640625 0.0467071533203125
0.0180263519287109 0.00531578063964844 -0.0562286376953125 0.117691040039063
0.00813770294189453 -0.00715351104736328 0.070556640625 0.0739517211914062
0.0137195587158203 -0.0103521347045898 -0.0519332885742188 -0.072845458984375
0.018829345703125 0.00326347351074219 0.0849075317382813 -0.106407165527344
0.0163536071777344 0.0152778625488281 0.221298217773438 -0.037872314453125
0.000701904296875002 0.0260505676269531 0.278823852539063 0.168991088867188
-0.0264663696289063 0.00927162170410156 0.031219482421875 0.39178466796875
-0.0203628540039063 -0.0301666259765625 -0.334014892578125 0.3687744140625
0.0149850845336914 -0.0123691558837891 -0.405731201171875 0.0742187499999999
0.0405616760253906 0.0199050903320313 -0.00954055786132812 0.0491790771484375
0.0363121032714844 0.00168609619140625 0.46124267578125 0.032501220703125
0.00850963592529297 -0.0156736373901367 0.4296875 -0.344024658203125
-0.0131349563598633 -0.00220489501953125 -0.035888671875 -0.446533203125
-0.00323772430419922 0.00813674926757813 -0.293243408203125 -0.16229248046875
0.0109996795654297 0.0129241943359375 -0.240142822265625 0.044464111328125
0.0194950103759766 0.00379371643066406 -0.0543289184570312 0.11639404296875
0.00877141952514648 -0.00807285308837891 0.0706100463867188 0.0736618041992188
0.0132217407226563 -0.0107908248901367 -0.051483154296875 -0.0739288330078125
0.0203609466552734 0.00267219543457031 0.0870895385742188 -0.109146118164063
0.0182876586914063 0.0149612426757813 0.22259521484375 -0.0435791015625
0.00285911560058594 0.0270423889160156 0.280990600585938 0.165847778320312
-0.0271396636962891 0.0132675170898438 0.035614013671875 0.393402099609375
-0.0281581878662109 -0.0256023406982422 -0.33160400390625 0.37469482421875
0.00336074829101563 -0.0120582580566406 -0.40411376953125 0.08251953125
0.0276889801025391 0.0148830413818359 -0.00415420532226562 0.0547065734863281
0.0251274108886719 -0.000841140747070312 0.4666748046875 0.0263671875
-0.000274658203124999 -0.012995719909668 0.42138671875 -0.35296630859375
-0.0137834548950195 0.0014047622680664 -0.04638671875 -0.44598388671875
-0.00153732299804688 0.00961112976074219 -0.297698974609375 -0.15692138671875
0.0124025344848633 0.0125341415405273 -0.237579345703125 0.04779052734375
0.0214881896972656 0.00317001342773438 -0.0511245727539063 0.116439819335938
0.00858640670776367 -0.00824308395385742 0.0730438232421875 0.0732345581054688
0.00592660903930664 -0.00137090682983398 -0.0438385009765625 -0.076690673828125
0.0113658905029297 0.0120773315429688 0.0948715209960938 -0.096771240234375
0.00709724426269531 0.0143957138061523 0.2281494140625 -0.003143310546875
-0.0115337371826172 0.0116138458251953 0.252426147460938 0.2158203125
-0.0300979614257813 -0.01226806640625 -0.035614013671875 0.397796630859375
0.000144958496093748 -0.0380744934082031 -0.385284423828125 0.309783935546875
0.0494270324707031 0.00568008422851563 -0.37322998046875 0.031341552734375
0.0714187622070313 0.0435714721679688 0.0596580505371094 0.0599288940429687
0.0579261779785156 0.00452804565429688 0.48052978515625 -0.04571533203125
0.0164527893066406 -0.0225009918212891 0.348175048828125 -0.40643310546875
-0.0171394348144531 -0.0127143859863281 -0.11419677734375 -0.411041259765625
-0.014765739440918 -0.00466632843017578 -0.30218505859375 -0.101837158203125
0.00462007522583008 0.00659751892089844 -0.22039794921875 0.0795135498046875
0.0118684768676758 0.00814437866210937 -0.0389938354492188 0.12176513671875
-0.000747084617614746 0.00174832344055176 0.0757904052734375 0.0703353881835938
0.00690841674804688 -0.00249862670898438 -0.0461807250976563 -0.0741424560546875
0.0105476379394531 0.0112905502319336 0.0910263061523438 -0.0973129272460938
0.00810623168945312 0.0155525207519531 0.225479125976563 -0.007965087890625
-0.011052131652832 0.0126514434814453 0.258743286132813 0.207321166992188
-0.0286998748779297 -0.0123348236083984 -0.0201416015625 0.397308349609375
0.00215530395507812 -0.0398674011230469 -0.3740234375 0.321380615234375
0.0553741455078125 0.00240325927734375 -0.380401611328125 0.037139892578125
0.0798263549804688 0.0445632934570313 0.0456466674804688 0.0539512634277344
0.0646820068359375 0.00322723388671875 0.475341796875 -0.037384033203125
0.0211906433105469 -0.0243816375732422 0.361328125 -0.399932861328125
-0.0144786834716797 -0.0146570205688477 -0.10174560546875 -0.418701171875
-0.0137720108032227 -0.00494956970214844 -0.301513671875 -0.11181640625
0.00364255905151367 0.00655174255371094 -0.224258422851563 0.0749664306640625
0.0125026702880859 0.00772953033447266 -0.0435333251953125 0.121131896972656
0.000275969505310059 0.000500768423080444 0.0739288330078125 0.0704345703125
0.00787830352783203 -0.00402355194091797 -0.0474700927734375 -0.0719757080078125
0.0118856430053711 0.00972270965576172 0.0875091552734375 -0.09796142578125
0.00895595550537109 0.0164632797241211 0.223159790039063 -0.0146026611328125
-0.00832462310791016 0.0151700973510742 0.26385498046875 0.196365356445313
-0.0271644592285156 -0.00905799865722656 -0.00601196289062504 0.394775390625
0.000198364257812501 -0.0406265258789063 -0.3623046875 0.334869384765625
0.0546989440917969 -0.00208663940429687 -0.387542724609375 0.0462646484375
0.0810623168945313 0.0420150756835938 0.0289154052734375 0.0490798950195312
0.0664291381835938 0.004241943359375 0.4688720703125 -0.023284912109375
0.0234432220458984 -0.0256614685058594 0.377899169921875 -0.38836669921875
-0.0120630264282227 -0.0145196914672852 -0.086151123046875 -0.426544189453125
-0.0124902725219727 -0.00259208679199219 -0.299560546875 -0.123931884765625
0.00452756881713867 0.0083155632019043 -0.229232788085938 0.0687255859375
0.0135154724121094 0.00688076019287109 -0.0475692749023437 0.120857238769531
0.0023043155670166 -0.000916004180908203 0.0723953247070313 0.0704574584960938
0.00911521911621094 -0.00644016265869141 -0.0495758056640625 -0.071075439453125
0.0136489868164063 0.00704193115234375 0.083465576171875 -0.099456787109375
0.0115718841552734 0.0163412094116211 0.220794677734375 -0.022674560546875
-0.0061187744140625 0.0180034637451172 0.268417358398438 0.18487548828125
-0.0268878936767578 -0.00506210327148437 0.00991821289062497 0.391265869140625
-0.00347900390625 -0.0398368835449219 -0.34869384765625 0.346435546875
0.0487442016601563 -0.00649642944335938 -0.393829345703125 0.0570983886718749
0.0769195556640625 0.0372467041015625 0.011993408203125 0.0465316772460938
0.0649337768554688 0.0039520263671875 0.462860107421875 -0.00640869140625
0.0229206085205078 -0.0236015319824219 0.39154052734375 -0.37518310546875
-0.0106363296508789 -0.0122604370117188 -0.0712890625 -0.433197021484375
-0.0102834701538086 -0.000644683837890624 -0.297119140625 -0.135833740234375
0.00512790679931641 0.00923824310302734 -0.232177734375 0.06201171875
0.0146293640136719 0.00648212432861328 -0.050689697265625 0.121246337890625
0.0041654109954834 -0.0028386116027832 0.07073974609375 0.0715560913085938
0.010035514831543 -0.00847053527832031 -0.0506324768066406 -0.0693855285644531
0.0149440765380859 0.0052337646484375 0.081787109375 -0.10211181640625
0.0133600234985352 0.0165596008300781 0.21978759765625 -0.0299530029296875
-0.00297355651855469 0.0213794708251953 0.272720336914063 0.174789428710937
-0.0256023406982422 9.15527343749944E-05 0.025543212890625 0.389373779296875
-0.00934219360351563 -0.0364646911621094 -0.336822509765625 0.35650634765625
0.0384330749511719 -0.0100975036621094 -0.397918701171875 0.066314697265625
0.0675125122070313 0.0311393737792969 -6.86645507812453E-05 0.0444717407226563
0.0575294494628906 0.00371170043945313 0.45745849609375 0.00848388671875
0.0199356079101563 -0.0211048126220703 0.40655517578125 -0.358917236328125
-0.009490966796875 -0.00984001159667969 -0.054595947265625 -0.438140869140625
-0.0081472396850586 0.00266218185424805 -0.29400634765625 -0.146270751953125
0.00709724426269531 0.00974464416503906 -0.23577880859375 0.05487060546875
0.015833854675293 0.00527763366699219 -0.0538406372070312 0.118392944335937
0.00717735290527344 -0.00458192825317383 0.0703964233398438 0.0713729858398438
0.0126075744628906 -0.0102376937866211 -0.0516853332519531 -0.0699539184570313
0.0171442031860352 0.00387763977050781 0.0815505981445312 -0.104843139648437
0.0152664184570313 0.0151309967041016 0.218307495117188 -0.03607177734375
-0.000326156616210938 0.0235881805419922 0.275588989257813 0.166610717773438
-0.0259647369384766 0.00471305847167968 0.032257080078125 0.3863525390625
-0.0155372619628906 -0.0331592559814453 -0.329345703125 0.363800048828125
0.0270175933837891 -0.0120487213134766 -0.39971923828125 0.0735473632812499
0.0545310974121094 0.0249252319335938 -0.00933837890625 0.0456733703613281
0.0473747253417969 0.00202178955078125 0.454925537109375 0.021575927734375
0.0145015716552734 -0.0186614990234375 0.41680908203125 -0.34796142578125
-0.0106487274169922 -0.00573539733886719 -0.04351806640625 -0.440582275390625
-0.0048527717590332 0.00467109680175781 -0.29278564453125 -0.1546630859375
0.0086517333984375 0.0110416412353516 -0.23651123046875 0.04937744140625
0.0186786651611328 0.00376319885253906 -0.0542068481445313 0.117660522460937
0.00796985626220703 -0.00609016418457031 0.0705337524414063 0.0725326538085938
0.0129413604736328 -0.0105800628662109 -0.0522613525390625 -0.071014404296875
0.0186710357666016 0.00252151489257813 0.0833358764648437 -0.106666564941406
0.0170440673828125 0.0148248672485352 0.217819213867188 -0.0397186279296875
0.00135040283203125 0.0261325836181641 0.277053833007813 0.16351318359375
-0.0258407592773438 0.00994491577148438 0.035247802734375 0.386566162109375
-0.0209617614746094 -0.0277919769287109 -0.325531005859375 0.367340087890625
0.0144033432006836 -0.0121574401855469 -0.400146484375 0.0775146484375
0.0411262512207031 0.0187606811523438 -0.0101699829101563 0.0482673645019531
0.0359878540039062 -0.000110626220703125 0.45556640625 0.02874755859375
0.00727272033691406 -0.014984130859375 0.420379638671875 -0.34320068359375
-0.0119457244873047 -0.00131893157958984 -0.041656494140625 -0.441070556640625
-0.00290536880493164 0.00710773468017578 -0.29132080078125 -0.15771484375
0.0108318328857422 0.0122556686401367 -0.236923217773437 0.0470581054687499
0.01934814453125 0.00391197204589844 -0.053680419921875 0.116111755371094
0.00909614562988281 -0.00793075561523438 0.070831298828125 0.0720596313476563
0.0133218765258789 -0.0104284286499023 -0.052337646484375 -0.0721664428710937
0.0196952819824219 0.0019073486328125 0.084930419921875 -0.109695434570312
0.0180435180664063 0.0145626068115234 0.220184326171875 -0.04498291015625
0.00293922424316407 0.0275039672851563 0.2799072265625 0.159927368164063
-0.0267620086669922 0.0125293731689453 0.040191650390625 0.38824462890625
-0.0274658203125 -0.0245628356933594 -0.323150634765625 0.373992919921875
0.00307655334472656 -0.0112695693969727 -0.3978271484375 0.085540771484375
0.0274658203125 0.0146560668945313 -0.00324630737304687 0.053497314453125
0.0244007110595703 -0.000436782836914062 0.4605712890625 0.02276611328125
-2.86102294921983E-06 -0.0118989944458008 0.41290283203125 -0.351806640625
-0.0142889022827148 0.00225925445556641 -0.051483154296875 -0.44110107421875
-0.00192832946777344 0.00923824310302734 -0.295135498046875 -0.151763916015625
0.0125827789306641 0.0117702484130859 -0.235122680664063 0.05084228515625
0.0212326049804687 0.00254249572753906 -0.0492172241210937 0.116905212402344
0.00871658325195313 -0.00809621810913086 0.072906494140625 0.0716094970703125
0.00545406341552734 -0.00104999542236328 -0.0439834594726563 -0.0760040283203125
0.0118083953857422 0.0118379592895508 0.0924835205078125 -0.096282958984375
0.00806140899658203 0.0145263671875 0.225173950195313 -0.0046234130859375
-0.0117549896240234 0.0110988616943359 0.251388549804688 0.211151123046875
-0.0291805267333984 -0.0118389129638672 -0.03302001953125 0.392486572265625
-0.000328063964843753 -0.0373191833496094 -0.377685546875 0.308807373046875
0.0489158630371094 0.0055694580078125 -0.368927001953125 0.0331420898437501
0.070587158203125 0.0427093505859375 0.0586395263671875 0.0589027404785156
0.0565681457519531 0.00322341918945313 0.472747802734375 -0.04840087890625
0.0158462524414062 -0.0220317840576172 0.34027099609375 -0.40386962890625
-0.0162820816040039 -0.0128030776977539 -0.1163330078125 -0.406005859375
-0.0153951644897461 -0.00425815582275391 -0.29937744140625 -0.09820556640625
0.00456857681274414 0.00606918334960938 -0.216812133789063 0.08038330078125
0.012908935546875 0.00851345062255859 -0.0370330810546875 0.120857238769531
-0.000905513763427734 0.00172436237335205 0.07470703125 0.0686874389648438
0.0061650276184082 -0.00240230560302734 -0.0459518432617187 -0.0732498168945313
0.0110492706298828 0.0106201171875 0.0885391235351563 -0.0967941284179688
0.00745677947998047 0.0157909393310547 0.22308349609375 -0.0096282958984375
-0.0105915069580078 0.0127906799316406 0.257415771484375 0.202301025390625
-0.0287113189697266 -0.0113563537597656 -0.0179443359375 0.39239501953125
0.00162124633789063 -0.0390052795410156 -0.36767578125 0.320526123046875
0.0541229248046875 0.00167465209960937 -0.37548828125 0.03839111328125
0.0784912109375 0.0433120727539063 0.044189453125 0.0531730651855469
0.0627555847167969 0.00345230102539063 0.467041015625 -0.039276123046875
0.0203227996826172 -0.0241355895996094 0.35272216796875 -0.396942138671875
-0.0150737762451172 -0.0141162872314453 -0.10400390625 -0.412628173828125
-0.0146579742431641 -0.00412368774414062 -0.29833984375 -0.108489990234375
0.00397920608520508 0.00625848770141602 -0.221145629882812 0.0755462646484375
0.0131778717041016 0.00780677795410156 -0.042022705078125 0.120285034179687
0.000729382038116455 0.000837564468383789 0.0729446411132813 0.068603515625
0.00777196884155273 -0.00442218780517578 -0.04730224609375 -0.0714111328125
0.0117607116699219 0.00932216644287109 0.0851974487304688 -0.0979843139648438
0.00900363922119141 0.0161552429199219 0.220901489257813 -0.016021728515625
-0.0090932846069336 0.0147943496704102 0.262451171875 0.192047119140625
-0.0274753570556641 -0.00900650024414063 -0.00302124023437503 0.3897705078125
0.000560760498046875 -0.0395889282226563 -0.353973388671875 0.3321533203125
0.053558349609375 -0.0026397705078125 -0.382080078125 0.0485534667968749
0.0802459716796875 0.0410003662109375 0.0280952453613281 0.0486106872558594
0.0653457641601563 0.00336837768554688 0.461273193359375 -0.0260009765625
0.0231456756591797 -0.024688720703125 0.368072509765625 -0.385986328125
-0.0119352340698242 -0.0137109756469727 -0.08892822265625 -0.420806884765625
-0.01263427734375 -0.00326156616210937 -0.297210693359375 -0.11968994140625
0.004180908203125 0.00831842422485352 -0.225677490234375 0.0703277587890625
0.013850212097168 0.00728607177734375 -0.0459671020507813 0.120140075683594
0.00279545783996582 -0.00112438201904297 0.0713043212890625 0.0694122314453125
0.00875663757324219 -0.00612926483154297 -0.0488357543945312 -0.069915771484375
0.0128364562988281 0.00644207000732422 0.0822067260742188 -0.0997238159179688
0.0107555389404297 0.0160427093505859 0.218521118164062 -0.023956298828125
-0.00513648986816406 0.01849365234375 0.266387939453125 0.179718017578125
-0.0268287658691406 -0.00487709045410156 0.013916015625 0.38726806640625
-0.00370025634765625 -0.0387153625488281 -0.34088134765625 0.34429931640625
0.0484199523925781 -0.00700759887695313 -0.387542724609375 0.0578002929687499
0.0752944946289063 0.0368499755859375 0.0121955871582031 0.0445175170898438
0.062530517578125 0.00328826904296875 0.456268310546875 -0.009674072265625
0.0219898223876953 -0.0236186981201172 0.3826904296875 -0.371978759765625
-0.0105180740356445 -0.0123586654663086 -0.07379150390625 -0.42767333984375
-0.0100288391113281 -0.000702857971191405 -0.2947998046875 -0.131866455078125
0.00433111190795898 0.0086369514465332 -0.229507446289062 0.0631561279296874
0.0145406723022461 0.00579547882080078 -0.0494766235351562 0.119461059570312
0.0044398307800293 -0.00280523300170898 0.070556640625 0.06939697265625
0.0108633041381836 -0.00814056396484375 -0.0503921508789063 -0.0695381164550781
0.0145530700683594 0.00496387481689453 0.0799789428710937 -0.101699829101562
0.0130491256713867 0.0159206390380859 0.2161865234375 -0.031494140625
-0.003509521484375 0.0213260650634766 0.270584106445313 0.1695556640625
-0.0252361297607422 -0.00025558471679687 0.026763916015625 0.384613037109375
-0.00947952270507813 -0.0364341735839844 -0.3292236328125 0.35345458984375
0.0387725830078125 -0.010498046875 -0.390869140625 0.0661010742187499
0.0669212341308594 0.0310554504394531 -0.0011749267578125 0.0435028076171875
0.0560226440429688 0.00289535522460938 0.451171875 0.0048828125
0.0190696716308594 -0.0213890075683594 0.396728515625 -0.358184814453125
-0.0102519989013672 -0.00941276550292969 -0.05889892578125 -0.432403564453125
-0.00804758071899414 0.00231075286865234 -0.291839599609375 -0.142547607421875
0.00633907318115234 0.0100908279418945 -0.232467651367187 0.056732177734375
0.0160942077636719 0.00536251068115234 -0.0514907836914062 0.117881774902344
0.00687170028686523 -0.00429677963256836 0.0695724487304688 0.0710983276367188
0.0121994018554687 -0.00945758819580078 -0.0510406494140625 -0.0688743591308594
0.0165328979492188 0.00317955017089844 0.079742431640625 -0.103843688964844
0.0147838592529297 0.0159721374511719 0.214981079101563 -0.0373992919921875
0.000219345092773436 0.0239658355712891 0.273056030273438 0.1612548828125
-0.0256443023681641 0.00531959533691406 0.034881591796875 0.382080078125
-0.0156269073486328 -0.0317611694335938 -0.320587158203125 0.36138916015625
0.0268039703369141 -0.0117378234863281 -0.394927978515625 0.074371337890625
0.0539970397949219 0.0239067077636719 -0.00914764404296875 0.0439643859863281
0.0462799072265625 0.00136947631835938 0.447418212890625 0.018096923828125
0.0144786834716797 -0.0183258056640625 0.408111572265625 -0.34710693359375
-0.0103874206542969 -0.00562095642089844 -0.046112060546875 -0.43463134765625
-0.00493288040161133 0.00487899780273437 -0.28948974609375 -0.149993896484375
0.00797176361083984 0.0110788345336914 -0.233413696289063 0.0499725341796875
0.0181102752685547 0.00375938415527344 -0.0531158447265625 0.1165771484375
0.00762939453125 -0.00546073913574219 0.0699615478515625 0.071441650390625
0.0133132934570313 -0.0111932754516602 -0.0512504577636719 -0.0699615478515625
0.0189247131347656 0.00146865844726563 0.0809707641601563 -0.106765747070313
0.0173616409301758 0.0157499313354492 0.214431762695313 -0.0416107177734375
0.00186538696289062 0.0259952545166016 0.274459838867187 0.159744262695312
-0.0250301361083984 0.00938606262207031 0.037200927734375 0.38134765625
-0.0202884674072266 -0.0271015167236328 -0.31842041015625 0.364288330078125
0.0150213241577148 -0.0122756958007813 -0.394683837890625 0.07794189453125
0.0399246215820313 0.0183334350585938 -0.0102653503417969 0.0477218627929688
0.0343494415283203 0.000337600708007812 0.44976806640625 0.024993896484375
0.00634288787841797 -0.015223503112793 0.4130859375 -0.34185791015625
-0.0113649368286133 -0.000539779663085938 -0.04364013671875 -0.435150146484375
-0.00325393676757813 0.00723361968994141 -0.288238525390625 -0.153717041015625
0.0104713439941406 0.010986328125 -0.233016967773438 0.04669189453125
0.0189418792724609 0.00326728820800781 -0.0513153076171875 0.115081787109375
0.00914859771728516 -0.00775718688964844 0.0706100463867188 0.0713729858398437
0.0128927230834961 -0.011357307434082 -0.0512313842773437 -0.0714645385742188
0.0198783874511719 0.00179290771484375 0.082763671875 -0.108657836914063
0.0180244445800781 0.0142879486083984 0.216049194335937 -0.04669189453125
0.00245285034179688 0.0266380310058594 0.277618408203125 0.155868530273438
-0.0258235931396484 0.0125312805175781 0.042572021484375 0.3828125
-0.0265998840332031 -0.0237579345703125 -0.3160400390625 0.37042236328125
0.0037994384765625 -0.0111093521118164 -0.392059326171875 0.0873718261718751
0.0272140502929687 0.0134868621826172 -0.00347518920898437 0.0526771545410156
0.0235671997070313 -0.00103187561035156 0.454193115234375 0.018524169921875
0.000156402587890624 -0.0115385055541992 0.405426025390625 -0.3494873046875
-0.0136070251464844 0.00261497497558594 -0.0560302734375 -0.4346923828125
-0.00117111206054688 0.00877618789672852 -0.294036865234375 -0.14764404296875
0.0123929977416992 0.0113592147827148 -0.231002807617188 0.0519256591796875
0.0201206207275391 0.00252532958984375 -0.0479278564453125 0.11505126953125
0.00864791870117188 -0.00747156143188477 0.0728912353515625 0.07061767578125
0.00533723831176758 -0.000919818878173828 -0.0435104370117188 -0.0745773315429688
0.011418342590332 0.0108528137207031 0.0911712646484375 -0.0969924926757813
0.00705146789550781 0.0140247344970703 0.221572875976562 -0.0065765380859375
-0.0115041732788086 0.0111932754516602 0.24896240234375 0.207275390625
-0.0291690826416016 -0.0111007690429688 -0.0306396484375 0.388458251953125
-0.000251770019531247 -0.0360908508300781 -0.371551513671875 0.307525634765625
0.0488739013671875 0.0050811767578125 -0.363922119140625 0.0328979492187499
0.0693016052246094 0.0411415100097656 0.057586669921875 0.0572128295898438
0.0552177429199219 0.00372314453125 0.465484619140625 -0.049896240234375
0.0153713226318359 -0.0224857330322266 0.333648681640625 -0.39935302734375
-0.0162897109985352 -0.0125179290771484 -0.1171875 -0.40106201171875
-0.0147418975830078 -0.00410842895507812 -0.296234130859375 -0.094940185546875
0.00399398803710938 0.00558137893676758 -0.213623046875 0.0811309814453125
0.0126380920410156 0.00762081146240234 -0.0368881225585937 0.119438171386719
-0.00055241584777832 0.0022130012512207 0.073974609375 0.0675430297851563
0.00691843032836914 -0.0029749870300293 -0.045379638671875 -0.0737457275390625
0.0110244750976563 0.0103683471679688 0.0883331298828125 -0.0964889526367187
0.00796413421630859 0.0150823593139648 0.22052001953125 -0.0110931396484375
-0.0102128982543945 0.0127687454223633 0.255111694335938 0.198699951171875
-0.0279350280761719 -0.0109424591064453 -0.015960693359375 0.38751220703125
0.00110626220703125 -0.0377616882324219 -0.362060546875 0.31744384765625
0.0539512634277344 0.00147247314453125 -0.370697021484375 0.038787841796875
0.0769424438476563 0.0421829223632813 0.0438308715820313 0.0516395568847656
0.0624160766601563 0.00237274169921875 0.460784912109375 -0.040496826171875
0.0199222564697266 -0.0235271453857422 0.346343994140625 -0.393341064453125
-0.0140752792358398 -0.0144872665405273 -0.104888916015625 -0.40740966796875
-0.0146636962890625 -0.00467872619628906 -0.29608154296875 -0.105194091796875
0.0037689208984375 0.00673484802246094 -0.21832275390625 0.0762939453125
0.0129232406616211 0.00707340240478516 -0.0406951904296875 0.11871337890625
0.00146639347076416 0.00118255615234375 0.0725479125976563 0.0687332153320313
0.00763940811157227 -0.00450372695922852 -0.0474166870117187 -0.0713119506835938
0.0113916397094727 0.00846672058105469 0.083587646484375 -0.0974349975585938
0.00892448425292969 0.0157918930053711 0.217483520507813 -0.0174407958984375
-0.00777053833007813 0.0146236419677734 0.260528564453125 0.187850952148438
-0.0262260437011719 -0.00847244262695312 -0.00137329101562496 0.385498046875
0.000244140625000003 -0.0390739440917969 -0.34893798828125 0.330230712890625
0.0536651611328125 -0.00239944458007813 -0.37744140625 0.0476684570312501
0.079193115234375 0.0395660400390625 0.0275650024414063 0.0469322204589844
0.0644416809082031 0.00310516357421875 0.455291748046875 -0.026885986328125
0.0223484039306641 -0.0243167877197266 0.36126708984375 -0.383575439453125
-0.0117912292480469 -0.0136137008666992 -0.090911865234375 -0.4144287109375
-0.0128755569458008 -0.00333690643310547 -0.29376220703125 -0.1168212890625
0.00363922119140625 0.00747442245483398 -0.2225341796875 0.07073974609375
0.0126056671142578 0.00656700134277344 -0.0447921752929687 0.118400573730469
0.00328636169433594 -0.0014033317565918 0.0711822509765625 0.0689239501953125
0.00913238525390625 -0.00661659240722656 -0.0486984252929688 -0.0695533752441406
0.0132255554199219 0.00662803649902344 0.08038330078125 -0.0991744995117187
0.011204719543457 0.015995979309082 0.215011596679688 -0.025115966796875
-0.00470829010009766 0.0172767639160156 0.264801025390625 0.176589965820313
-0.0262088775634766 -0.00425910949707031 0.015380859375 0.3814697265625
-0.00418853759765625 -0.0381546020507813 -0.3349609375 0.341278076171875
0.0480728149414063 -0.007110595703125 -0.383941650390625 0.0576171875
0.07440185546875 0.035888671875 0.0118484497070313 0.0441360473632813
0.0618782043457031 0.00319671630859375 0.4501953125 -0.011199951171875
0.0216064453125 -0.0228958129882812 0.3768310546875 -0.36895751953125
-0.0104408264160156 -0.0126562118530273 -0.074859619140625 -0.422210693359375
-0.0104036331176758 -0.00078868865966797 -0.29144287109375 -0.12786865234375
0.00480556488037109 0.00778055191040039 -0.226287841796875 0.0644073486328125
0.0146322250366211 0.00549602508544922 -0.0478363037109375 0.117942810058594
0.00446844100952149 -0.00244712829589844 0.0700187683105469 0.0698165893554688
0.011052131652832 -0.00868701934814453 -0.0499610900878906 -0.0683937072753906
0.0151748657226563 0.00414466857910156 0.0787811279296875 -0.101432800292969
0.0132598876953125 0.015925407409668 0.2132568359375 -0.0325927734375
-0.00262451171875 0.0210342407226563 0.26898193359375 0.16680908203125
-0.0255088806152344 3.81469726562478E-05 0.0289306640625 0.380615234375
-0.00916099548339844 -0.0347614288330078 -0.32342529296875 0.35101318359375
0.0380134582519531 -0.0102577209472656 -0.38623046875 0.0662841796875
0.065460205078125 0.0298652648925781 -0.00116729736328125 0.0420570373535156
0.0559921264648438 0.00235748291015625 0.444091796875 0.002899169921875
0.0189838409423828 -0.0206623077392578 0.391326904296875 -0.3555908203125
-0.00971698760986328 -0.00966167449951172 -0.058685302734375 -0.427337646484375
-0.00755977630615234 0.00179290771484375 -0.289459228515625 -0.139312744140625
0.00621223449707031 0.00945854187011719 -0.22943115234375 0.05743408203125
0.0160512924194336 0.00367069244384766 -0.0506668090820313 0.11669921875
0.00644493103027344 -0.00503826141357422 0.0693855285644531 0.0697135925292969
0.0118932723999023 -0.0102462768554687 -0.0508499145507812 -0.0686149597167969
0.0163450241088867 0.00296306610107422 0.078460693359375 -0.103950500488281
0.0144538879394531 0.0154352188110352 0.212188720703125 -0.0383453369140625
-0.000165939331054688 0.0237312316894531 0.271560668945313 0.158767700195313
-0.0247287750244141 0.00555229187011719 0.037200927734375 0.3770751953125
-0.0152873992919922 -0.0308456420898438 -0.316131591796875 0.35833740234375
0.0263824462890625 -0.0114574432373047 -0.38970947265625 0.0746459960937501
0.0531349182128906 0.023651123046875 -0.00850296020507813 0.043182373046875
0.0456733703613281 0.00194168090820313 0.44158935546875 0.01611328125
0.0125656127929688 -0.0178127288818359 0.402008056640625 -0.343841552734375
-0.0102167129516602 -0.00557518005371094 -0.048980712890625 -0.429351806640625
-0.00519132614135742 0.00449085235595703 -0.286834716796875 -0.14703369140625
0.00749683380126953 0.0104646682739258 -0.230941772460938 0.0511169433593749
0.0176715850830078 0.00346183776855469 -0.0522308349609375 0.115264892578125
0.0090789794921875 -0.00619125366210937 0.0692977905273438 0.0708770751953125
0.0126943588256836 -0.0108766555786133 -0.0519371032714844 -0.0692863464355469
0.0180644989013672 0.00208854675292969 0.0789566040039063 -0.106391906738281
0.0161666870117188 0.0147666931152344 0.212326049804688 -0.0422210693359375
0.00187873840332031 0.0248546600341797 0.272506713867188 0.155670166015625
-0.0247879028320312 0.009246826171875 0.038848876953125 0.376861572265625
-0.0212650299072266 -0.0269546508789063 -0.31451416015625 0.3619384765625
0.014369010925293 -0.0121545791625977 -0.388946533203125 0.077484130859375
0.0390815734863281 0.0182533264160156 -0.0103797912597656 0.0469436645507813
0.0331649780273438 2.288818359375E-05 0.443450927734375 0.02301025390625
0.00687599182128906 -0.0143213272094727 0.4066162109375 -0.338470458984375
-0.0119352340698242 -0.000925064086914065 -0.046051025390625 -0.431427001953125
-0.0032048225402832 0.00657939910888672 -0.286651611328125 -0.1500244140625
0.00939655303955078 0.0104694366455078 -0.229843139648438 0.0491790771484375
0.0190029144287109 0.00241470336914063 -0.050537109375 0.114006042480469
0.00918388366699219 -0.00709438323974609 0.0700454711914063 0.0708541870117188
0.0130786895751953 -0.0110139846801758 -0.0514678955078125 -0.0705108642578125
0.0190696716308594 0.00132560729980469 0.0809173583984375 -0.108627319335938
0.0171833038330078 0.0139102935791016 0.213043212890625 -0.04693603515625
0.00376701354980469 0.0266819000244141 0.275588989257813 0.152313232421875
-0.0259799957275391 0.0123615264892578 0.04400634765625 0.3785400390625
-0.0259590148925781 -0.02301025390625 -0.310272216796875 0.3675537109375
0.00368881225585938 -0.0110454559326172 -0.386993408203125 0.0865783691406249
0.0268478393554688 0.0129146575927734 -0.00381851196289062 0.0516777038574219
0.022918701171875 -0.00103569030761719 0.44793701171875 0.015869140625
-0.000459671020507812 -0.0121917724609375 0.398773193359375 -0.347625732421875
-0.0136165618896484 0.00190925598144531 -0.05657958984375 -0.429962158203125
-0.00203609466552734 0.00770378112792969 -0.290557861328125 -0.14447021484375
0.011713981628418 0.0107192993164062 -0.228805541992187 0.0517425537109375
0.0204486846923828 0.00206565856933594 -0.046630859375 0.114288330078125
0.00896358489990234 -0.00804519653320312 0.0722503662109375 0.0687332153320313
0.00527048110961914 -0.00198459625244141 -0.0428085327148438 -0.07464599609375
0.0120267868041992 0.0112333297729492 0.0897750854492188 -0.0953598022460938
0.00742435455322266 0.0143842697143555 0.219497680664063 -0.007568359375
-0.0106935501098633 0.0113868713378906 0.247238159179688 0.203750610351563
-0.0293216705322266 -0.0109481811523438 -0.029022216796875 0.385498046875
-0.000495910644531253 -0.0357894897460938 -0.3670654296875 0.304412841796875
0.047882080078125 0.00551605224609375 -0.359588623046875 0.0317077636718751
0.0692596435546875 0.0410804748535156 0.0564079284667969 0.0560798645019531
0.0546035766601562 0.0023345947265625 0.45953369140625 -0.049896240234375
0.0156841278076172 -0.0219535827636719 0.328948974609375 -0.396942138671875
-0.0158662796020508 -0.0125770568847656 -0.118255615234375 -0.396209716796875
-0.0150003433227539 -0.0043487548828125 -0.293731689453125 -0.0931396484375
0.00404882431030273 0.00541305541992188 -0.211441040039063 0.0809173583984375
0.012476921081543 0.00729179382324219 -0.0357894897460937 0.118461608886719
-0.000528931617736817 0.0016477108001709 0.0733413696289063 0.0679702758789063
0.00599431991577148 -0.00265407562255859 -0.0446395874023438 -0.0722808837890625
0.0106878280639648 0.0103864669799805 0.0860214233398437 -0.0965957641601563
0.00731468200683594 0.0148553848266602 0.217636108398438 -0.011444091796875
-0.00945472717285156 0.0126380920410156 0.253341674804688 0.195632934570313
-0.0279045104980469 -0.0108547210693359 -0.0155029296875 0.3846435546875
0.001068115234375 -0.0366020202636719 -0.35589599609375 0.314910888671875
0.05279541015625 0.00151824951171875 -0.36676025390625 0.0383300781250001
0.076141357421875 0.0410232543945313 0.0426750183105469 0.0510597229003906
0.0606918334960938 0.00284576416015625 0.4537353515625 -0.0404052734375
0.0193939208984375 -0.0236759185791016 0.34124755859375 -0.3885498046875
-0.0137243270874023 -0.0151748657226562 -0.10546875 -0.40325927734375
-0.0137319564819336 -0.00487327575683594 -0.29400634765625 -0.1026611328125
0.00323247909545898 0.00619220733642578 -0.216461181640625 0.0760345458984375
0.0122509002685547 0.00688743591308594 -0.039886474609375 0.117851257324219
0.00220656394958496 0.000588655471801758 0.0713653564453125 0.0677871704101563
0.00767755508422852 -0.00336837768554688 -0.0474929809570313 -0.07000732421875
0.0106668472290039 0.00824451446533203 0.0832061767578125 -0.0972671508789062
0.00933456420898437 0.0152034759521484 0.215301513671875 -0.018035888671875
-0.00800037384033203 0.015294075012207 0.257339477539062 0.1846923828125
-0.0262660980224609 -0.00807952880859375 0.000671386718750018 0.382049560546875
0.000560760498046872 -0.0382499694824219 -0.34417724609375 0.3275146484375
0.0536231994628906 -0.00262069702148438 -0.3729248046875 0.04791259765625
0.0784378051757813 0.0390472412109375 0.0268821716308594 0.0457992553710938
0.0638275146484375 0.00329971313476563 0.449005126953125 -0.02752685546875
0.0219612121582031 -0.0232753753662109 0.35577392578125 -0.379547119140625
-0.0113582611083984 -0.0137786865234375 -0.0909423828125 -0.41015625
-0.0126838684082031 -0.00227642059326172 -0.291168212890625 -0.115020751953125
0.00389242172241211 0.00743293762207031 -0.21978759765625 0.070404052734375
0.0129299163818359 0.00618362426757813 -0.044830322265625 0.117645263671875
0.00324749946594238 -0.00032806396484375 0.0704803466796875 0.0671768188476563
0.00928783416748047 -0.00588321685791016 -0.0479049682617188 -0.0688323974609375
0.0130224227905273 0.00573062896728516 0.07952880859375 -0.0978851318359375
0.0108346939086914 0.0156898498535156 0.213226318359375 -0.0254058837890625
-0.0050811767578125 0.0169076919555664 0.262847900390625 0.173507690429688
-0.0253410339355469 -0.00391006469726563 0.01702880859375 0.378082275390625
-0.00383758544921875 -0.0368194580078125 -0.331329345703125 0.338623046875
0.0466156005859375 -0.00684356689453125 -0.37939453125 0.0573425292968751
0.0731658935546875 0.0355911254882813 0.0115013122558594 0.0431289672851563
0.0610733032226563 0.00336074829101563 0.4439697265625 -0.01287841796875
0.0218372344970703 -0.0226688385009766 0.3726806640625 -0.365966796875
-0.0111112594604492 -0.011784553527832 -0.075927734375 -0.417999267578125
-0.00995159149169922 -0.000558853149414064 -0.289520263671875 -0.126953125
0.0043635368347168 0.00728607177734375 -0.2236328125 0.063751220703125
0.0143556594848633 0.00473499298095703 -0.0483627319335938 0.118003845214844
0.00499153137207031 -0.00233316421508789 0.0699348449707031 0.0685920715332031
0.0110883712768555 -0.00957775115966797 -0.049072265625 -0.0679130554199219
0.0140743255615234 0.00439834594726563 0.0779800415039062 -0.101097106933594
0.0132465362548828 0.0155572891235352 0.210830688476563 -0.0330810546875
-0.00183296203613281 0.0207309722900391 0.265899658203125 0.163558959960937
-0.0243148803710937 0.000368118286132817 0.029937744140625 0.375213623046875
-0.00955963134765625 -0.0346221923828125 -0.319122314453125 0.348114013671875
0.0376663208007812 -0.0108413696289063 -0.381744384765625 0.0669555664062499
0.0649452209472656 0.0290069580078125 -0.0017242431640625 0.0418624877929688
0.0546646118164063 0.00229263305664063 0.439971923828125 0.00250244140625
0.0184345245361328 -0.0206985473632813 0.38641357421875 -0.35302734375
-0.00948810577392578 -0.0087890625 -0.061309814453125 -0.42193603515625
-0.00742387771606445 0.00190067291259766 -0.28656005859375 -0.136932373046875
0.00613975524902344 0.008819580078125 -0.227005004882813 0.0572662353515625
0.015869140625 0.00395584106445312 -0.0499267578125 0.1158447265625
0.00716018676757813 -0.0046391487121582 0.06884765625 0.0693931579589844
0.0124940872192383 -0.010009765625 -0.0503311157226562 -0.0676116943359375
0.0158224105834961 0.00238227844238281 0.0771636962890625 -0.103843688964844
0.0147294998168945 0.0152206420898438 0.209259033203125 -0.038787841796875
0.00057029724121094 0.0232620239257813 0.268402099609375 0.15521240234375
-0.0241756439208984 0.00517082214355469 0.036651611328125 0.3719482421875
-0.0147495269775391 -0.0302734375 -0.310760498046875 0.355926513671875
0.026031494140625 -0.0115375518798828 -0.385986328125 0.07427978515625
0.0527305603027344 0.0236358642578125 -0.00931549072265624 0.0429496765136719
0.0448417663574219 0.00173187255859375 0.436431884765625 0.01519775390625
0.0131931304931641 -0.0177135467529297 0.3955078125 -0.34063720703125
-0.00982952117919922 -0.00516223907470703 -0.05035400390625 -0.42425537109375
-0.00497913360595703 0.00460195541381836 -0.28472900390625 -0.14501953125
0.00803852081298828 0.00926589965820313 -0.22760009765625 0.05206298828125
0.0177402496337891 0.00314712524414063 -0.0506515502929688 0.113815307617188
0.00884819030761719 -0.00641345977783203 0.068023681640625 0.0699310302734375
0.0123577117919922 -0.0111083984375 -0.0505905151367188 -0.0684738159179688
0.0178623199462891 0.00160408020019531 0.0786514282226562 -0.105865478515625
0.0161800384521484 0.0148477554321289 0.209274291992187 -0.043365478515625
0.00252723693847656 0.0249748229980469 0.270248413085938 0.1539306640625
-0.0243797302246094 0.00974655151367188 0.039276123046875 0.370880126953125
-0.0201702117919922 -0.0261211395263672 -0.3084716796875 0.35906982421875
0.0140438079833984 -0.0113124847412109 -0.38519287109375 0.078369140625
0.0377616882324219 0.0175666809082031 -0.0106430053710937 0.0455703735351563
0.0339069366455078 -0.000280380249023437 0.438323974609375 0.022003173828125
0.00653362274169922 -0.0139856338500977 0.399932861328125 -0.33624267578125
-0.0117330551147461 -0.00138664245605469 -0.046905517578125 -0.4256591796875
-0.00300216674804688 0.00721359252929688 -0.284149169921875 -0.147735595703125
0.010075569152832 0.0104236602783203 -0.2279052734375 0.0486297607421875
0.0180225372314453 0.0023193359375 -0.0504226684570313 0.113204956054687
0.00940799713134766 -0.00655078887939453 0.0685195922851563 0.0702972412109375
0.0123558044433594 -0.0111045837402344 -0.049957275390625 -0.0698127746582031
0.0192604064941406 0.00140380859375 0.0802383422851563 -0.108001708984375
0.0172624588012695 0.0143928527832031 0.21038818359375 -0.04791259765625
0.00405693054199219 0.0266666412353516 0.2735595703125 0.149337768554688
-0.0257186889648437 0.0124969482421875 0.044219970703125 0.374542236328125
-0.0266609191894531 -0.0216178894042969 -0.306732177734375 0.364837646484375
0.00356578826904297 -0.0110445022583008 -0.38232421875 0.0858764648437501
0.0258293151855469 0.0127735137939453 -0.00424194335937499 0.0505714416503906
0.0223064422607422 -0.00142097473144531 0.442169189453125 0.015045166015625
-0.000496864318847655 -0.0115251541137695 0.39306640625 -0.344451904296875
-0.0136222839355469 0.00279426574707032 -0.057403564453125 -0.42535400390625
-0.00140619277954102 0.00774335861206055 -0.28839111328125 -0.1417236328125
0.0113182067871094 0.0103626251220703 -0.22625732421875 0.05206298828125
0.0194759368896484 0.00161361694335937 -0.045623779296875 0.114143371582031
0.00848054885864258 -0.00860452651977539 0.071685791015625 0.0688705444335938
0.00468826293945313 -0.000872135162353516 -0.0419921875 -0.0739364624023438
0.010894775390625 0.0116434097290039 0.0889129638671875 -0.0955429077148438
0.00716686248779297 0.0141105651855469 0.217483520507812 -0.008209228515625
-0.0115089416503906 0.0109424591064453 0.2449951171875 0.201995849609375
-0.0283832550048828 -0.0110435485839844 -0.029541015625 0.38104248046875
-0.000513076782226562 -0.0347270965576172 -0.3641357421875 0.301422119140625
0.0477294921875 0.005218505859375 -0.357147216796875 0.031219482421875
0.0672874450683594 0.0404739379882813 0.0555000305175781 0.0554580688476563
0.0537185668945313 0.0028839111328125 0.454193115234375 -0.048309326171875
0.0143527984619141 -0.0207118988037109 0.325836181640625 -0.39324951171875
-0.0156803131103516 -0.0119352340698242 -0.117279052734375 -0.394256591796875
-0.0152425765991211 -0.00436210632324219 -0.291534423828125 -0.092620849609375
0.00350666046142578 0.00516557693481445 -0.209243774414062 0.0810089111328125
0.012141227722168 0.00700569152832031 -0.0357208251953125 0.117683410644531
-0.000248193740844727 0.00264549255371094 0.0730133056640625 0.0675735473632813
0.00604343414306641 -0.00310850143432617 -0.0446395874023437 -0.0714950561523438
0.0106525421142578 0.00954437255859375 0.0858306884765625 -0.0961151123046875
0.00763225555419922 0.0148897171020508 0.215972900390625 -0.0116119384765625
-0.00899887084960937 0.0125827789306641 0.250900268554688 0.193359375
-0.0280590057373047 -0.0102272033691406 -0.014923095703125 0.37908935546875
0.00134658813476562 -0.0361137390136719 -0.354095458984375 0.31341552734375
0.0529594421386719 0.00262069702148438 -0.363494873046875 0.037628173828125
0.0751571655273438 0.0409317016601563 0.0418853759765625 0.0501136779785156
0.0600776672363281 0.0023651123046875 0.4501953125 -0.040374755859375
0.0187892913818359 -0.0236644744873047 0.3385009765625 -0.38739013671875
-0.0135746002197266 -0.0139341354370117 -0.10504150390625 -0.399932861328125
-0.0140981674194336 -0.00403022766113281 -0.2911376953125 -0.102203369140625
0.0028691291809082 0.00573635101318359 -0.2144775390625 0.07574462890625
0.0123138427734375 0.00743579864501953 -0.040069580078125 0.117057800292969
0.00122129917144775 0.000927448272705078 0.07171630859375 0.0676422119140625
0.00764846801757813 -0.00442028045654297 -0.0459442138671875 -0.0697135925292969
0.0113306045532227 0.00850677490234375 0.08184814453125 -0.0967941284179688
0.0083017349243164 0.0152931213378906 0.213348388671875 -0.0190277099609375
-0.00701904296875 0.0144329071044922 0.256301879882813 0.182846069335937
-0.0266628265380859 -0.00749397277832031 0.00100708007812498 0.378448486328125
7.62939453124799E-06 -0.0363883972167969 -0.34124755859375 0.324951171875
0.0527381896972656 -0.00268936157226562 -0.369232177734375 0.046875
0.0768814086914063 0.0382461547851563 0.0257225036621094 0.0444107055664063
0.062225341796875 0.00238418579101562 0.444183349609375 -0.026458740234375
0.0211200714111328 -0.0236854553222656 0.35369873046875 -0.3768310546875
-0.0113306045532227 -0.013524055480957 -0.0909423828125 -0.407867431640625
-0.0126819610595703 -0.00228214263916015 -0.289459228515625 -0.1131591796875
0.00316333770751953 0.00672054290771484 -0.2181396484375 0.0704803466796875
0.012420654296875 0.00564384460449219 -0.043609619140625 0.116600036621094
0.00306415557861328 -0.000496387481689453 0.0697822570800781 0.0679512023925781
0.00970458984375 -0.00604724884033203 -0.046844482421875 -0.0686187744140625
0.0128355026245117 0.00610828399658203 0.0779876708984375 -0.0983810424804688
0.0106916427612305 0.0155410766601563 0.211166381835938 -0.0260467529296875
-0.00479221343994141 0.0168523788452148 0.260818481445313 0.17169189453125
-0.0249614715576172 -0.00418663024902343 0.017303466796875 0.375
-0.00396347045898437 -0.0360794067382813 -0.326995849609375 0.335784912109375
0.0469398498535156 -0.00679779052734375 -0.37506103515625 0.056427001953125
0.0725173950195313 0.034271240234375 0.00977706909179688 0.04248046875
0.0604972839355469 0.00276565551757812 0.438751220703125 -0.012359619140625
0.0207939147949219 -0.0222988128662109 0.36865234375 -0.362518310546875
-0.00914573669433594 -0.0121593475341797 -0.07501220703125 -0.414154052734375
-0.0109729766845703 -0.00100898742675781 -0.286834716796875 -0.12451171875
0.00341367721557617 0.00840473175048828 -0.22119140625 0.0633087158203125
0.0141782760620117 0.00436496734619141 -0.0475311279296875 0.116233825683594
0.00509071350097656 -0.00245475769042969 0.0687179565429688 0.0685005187988281
0.0112886428833008 -0.00901126861572266 -0.0481185913085938 -0.0676345825195312
0.0141181945800781 0.00379371643066406 0.0766448974609375 -0.100440979003906
0.0126132965087891 0.0158910751342773 0.208023071289063 -0.032958984375
-0.00151634216308594 0.0204296112060547 0.26385498046875 0.161209106445312
-0.0241641998291016 0.000717163085937495 0.029144287109375 0.3720703125
-0.00868988037109375 -0.0334262847900391 -0.316192626953125 0.3458251953125
0.0368194580078125 -0.00997543334960937 -0.37847900390625 0.065185546875
0.06341552734375 0.0286827087402344 -0.00169754028320312 0.0411186218261719
0.0532341003417969 0.00272369384765625 0.434478759765625 0.00201416015625
0.0174369812011719 -0.0202884674072266 0.382537841796875 -0.349517822265625
-0.00986289978027344 -0.00962448120117188 -0.06097412109375 -0.41796875
-0.00823736190795898 0.00140142440795898 -0.284820556640625 -0.13494873046875
0.0062103271484375 0.00877571105957031 -0.2239990234375 0.0572967529296875
0.015507698059082 0.00353527069091797 -0.0497512817382813 0.113998413085938
0.00717973709106445 -0.00404453277587891 0.0680732727050781 0.0695724487304688
0.0116872787475586 -0.0101413726806641 -0.0496368408203125 -0.0679931640625
0.0158824920654297 0.00262546539306641 0.0758209228515625 -0.103248596191406
0.0148038864135742 0.0154314041137695 0.207275390625 -0.0384674072265625
0.000619888305664065 0.0230979919433594 0.26702880859375 0.15380859375
-0.0240211486816406 0.00517845153808594 0.036865234375 0.36932373046875
-0.0147457122802734 -0.0287933349609375 -0.307769775390625 0.351409912109375
0.0259513854980469 -0.0112075805664063 -0.381256103515625 0.071533203125
0.0512008666992188 0.0220985412597656 -0.00949478149414063 0.0417633056640625
0.0446128845214844 0.00139617919921875 0.431640625 0.01617431640625
0.0123720169067383 -0.0170392990112305 0.392333984375 -0.337127685546875
-0.00982093811035156 -0.00518894195556641 -0.050140380859375 -0.42071533203125
-0.00586271286010742 0.00440788269042969 -0.282989501953125 -0.1431884765625
0.00809001922607422 0.0101337432861328 -0.224990844726563 0.051513671875
0.017115592956543 0.00292873382568359 -0.0500106811523438 0.113067626953125
0.00879383087158203 -0.00472927093505859 0.0675468444824219 0.0699195861816406
0.0119543075561523 -0.0108671188354492 -0.0494613647460937 -0.0675010681152344
0.017237663269043 0.00186729431152344 0.07733154296875 -0.104690551757813
0.0160045623779297 0.0147876739501953 0.207473754882813 -0.0427398681640625
0.0019989013671875 0.0252246856689453 0.267913818359375 0.150558471679688
-0.0233707427978516 0.00940513610839844 0.03912353515625 0.36859130859375
-0.0202751159667969 -0.0259857177734375 -0.306121826171875 0.3551025390625
0.0146713256835938 -0.0117359161376953 -0.38177490234375 0.0765686035156249
0.0385093688964844 0.0171661376953125 -0.0102386474609375 0.0450668334960937
0.0327625274658203 -0.000226974487304687 0.43280029296875 0.02203369140625
0.00625038146972656 -0.0153408050537109 0.396484375 -0.33258056640625
-0.0108184814453125 -0.00168895721435547 -0.047271728515625 -0.42266845703125
-0.00299596786499023 0.00647974014282226 -0.28204345703125 -0.14599609375
0.00941276550292969 0.00962162017822266 -0.225540161132813 0.0480499267578125
0.0186634063720703 0.00184059143066406 -0.0492095947265625 0.112136840820313
0.00909900665283203 -0.00711345672607422 0.0687141418457031 0.0700569152832031
0.0124645233154297 -0.0110616683959961 -0.0503005981445313 -0.0706329345703125
0.0180072784423828 0.00070953369140625 0.0793304443359375 -0.107757568359375
0.0171709060668945 0.0138683319091797 0.20849609375 -0.048095703125
0.00411415100097657 0.0262107849121094 0.270767211914063 0.1478271484375
-0.0244464874267578 0.0130119323730469 0.044647216796875 0.3701171875
-0.0257453918457031 -0.0213413238525391 -0.30267333984375 0.36126708984375
0.00368022918701172 -0.0107021331787109 -0.37957763671875 0.083648681640625
0.0258255004882813 0.0134334564208984 -0.00455856323242187 0.0497283935546875
0.0224647521972656 -0.00147247314453125 0.437713623046875 0.016754150390625
-4.5776367187499E-05 -0.0113229751586914 0.389251708984375 -0.340301513671875
-0.0132780075073242 0.00195693969726563 -0.056365966796875 -0.42156982421875
-0.0016474723815918 0.00776338577270508 -0.285552978515625 -0.140960693359375
0.0109844207763672 0.00985240936279297 -0.224197387695313 0.0522308349609375
0.0196342468261719 0.00215339660644531 -0.046142578125 0.111640930175781
0.00886058807373047 -0.00804710388183594 0.0709915161132813 0.0688323974609375
0.00518512725830078 -0.000805854797363281 -0.0419082641601562 -0.0734634399414063
0.0101251602172852 0.0114316940307617 0.08868408203125 -0.0958633422851563
0.00758934020996094 0.0140933990478516 0.215988159179688 -0.006561279296875
-0.0106620788574219 0.0105438232421875 0.244186401367188 0.19976806640625
-0.0276908874511719 -0.0110874176025391 -0.028839111328125 0.37908935546875
-0.000804901123046878 -0.0339126586914063 -0.36273193359375 0.298126220703125
0.0466842651367188 0.00515365600585938 -0.354278564453125 0.0295410156250001
0.0669021606445313 0.0397605895996094 0.0540351867675781 0.0546875
0.0530509948730469 0.003570556640625 0.45086669921875 -0.047088623046875
0.0146598815917969 -0.0211849212646484 0.323028564453125 -0.3890380859375
-0.0163784027099609 -0.0130157470703125 -0.1170654296875 -0.389892578125
-0.0148286819458008 -0.00488853454589844 -0.2901611328125 -0.092132568359375
0.00357151031494141 0.00486040115356445 -0.207962036132813 0.07952880859375
0.0119171142578125 0.00680732727050781 -0.03594970703125 0.11614990234375
0.00026702880859375 0.00247716903686523 0.072296142578125 0.0676803588867188
0.00562715530395508 -0.00246524810791016 -0.043701171875 -0.0716171264648437
0.0109653472900391 0.00939846038818359 0.0847549438476563 -0.0960006713867188
0.00790691375732422 0.0146751403808594 0.213531494140625 -0.011627197265625
-0.00919628143310547 0.0116720199584961 0.248580932617187 0.191329956054688
-0.0270290374755859 -0.0102577209472656 -0.01513671875 0.377777099609375
0.00143051147460937 -0.0351638793945313 -0.352874755859375 0.308990478515625
0.0522537231445313 0.0021514892578125 -0.36053466796875 0.03546142578125
0.0741348266601563 0.0402603149414062 0.0407371520996094 0.04876708984375
0.0589675903320313 0.00295257568359375 0.445526123046875 -0.037994384765625
0.0187854766845703 -0.0226173400878906 0.336181640625 -0.383056640625
-0.0131988525390625 -0.0139303207397461 -0.10430908203125 -0.397064208984375
-0.0145301818847656 -0.00466728210449219 -0.288848876953125 -0.101806640625
0.00270795822143555 0.00579833984375 -0.212615966796875 0.0750732421875
0.0125617980957031 0.00673675537109375 -0.040679931640625 0.115684509277344
0.00136923789978027 0.000853180885314941 0.070892333984375 0.067474365234375
0.00696325302124024 -0.00494384765625 -0.0448036193847656 -0.0693016052246094
0.0111408233642578 0.00786304473876953 0.081329345703125 -0.0966720581054687
0.00832748413085938 0.0155258178710938 0.211380004882812 -0.0182342529296875
-0.00770187377929688 0.0143537521362305 0.252944946289063 0.181442260742188
-0.0251255035400391 -0.00835037231445313 0.000976562500000021 0.37445068359375
0.000511169433593749 -0.0366554260253906 -0.338470458984375 0.321197509765625
0.0521469116210938 -0.00258636474609375 -0.367523193359375 0.044586181640625
0.07623291015625 0.03765869140625 0.0252609252929688 0.0439453125
0.0616226196289063 0.00336074829101563 0.4404296875 -0.024993896484375
0.0212268829345703 -0.0233688354492187 0.3507080078125 -0.37158203125
-0.0110940933227539 -0.0139970779418945 -0.089141845703125 -0.403961181640625
-0.0132350921630859 -0.00339889526367188 -0.287017822265625 -0.112701416015625
0.00295019149780274 0.00659894943237305 -0.216781616210938 0.069305419921875
0.0123710632324219 0.00585651397705078 -0.0448074340820313 0.116203308105469
0.00438785552978516 -0.00066685676574707 0.0687828063964844 0.06732177734375
0.00936412811279297 -0.00670623779296875 -0.0460281372070312 -0.0686073303222656
0.0117273330688477 0.00663089752197266 0.0779342651367187 -0.0978546142578125
0.0103216171264648 0.0160665512084961 0.209869384765625 -0.024658203125
-0.00432777404785156 0.017852783203125 0.257980346679688 0.169921875
-0.024932861328125 -0.00467491149902344 0.0166015625 0.371307373046875
-0.00365829467773438 -0.0355911254882813 -0.326141357421875 0.332427978515625
0.0464019775390625 -0.00666046142578125 -0.372650146484375 0.0529785156249999
0.07196044921875 0.0340499877929688 0.0100021362304688 0.0415496826171875
0.0595626831054687 0.00278854370117188 0.435546875 -0.0101318359375
0.0204811096191406 -0.021636962890625 0.36669921875 -0.358184814453125
-0.00994300842285156 -0.0122509002685547 -0.073883056640625 -0.411346435546875
-0.0103416442871094 -0.00185108184814453 -0.284423828125 -0.1240234375
0.00320291519165039 0.00765275955200195 -0.220245361328125 0.063201904296875
0.0137901306152344 0.00374126434326172 -0.0471038818359375 0.114860534667969
0.00544929504394531 -0.00237798690795898 0.0678672790527344 0.0680999755859375
0.0101137161254883 -0.00918197631835938 -0.0480270385742188 -0.0675697326660156
0.0139122009277344 0.00424861907958984 0.0753860473632813 -0.10028076171875
0.0129776000976562 0.0157785415649414 0.207611083984375 -0.032501220703125
-0.00123023986816406 0.02056884765625 0.261871337890625 0.1605224609375
-0.0236644744873047 -0.000162124633789057 0.0294189453125 0.368560791015625
-0.00800323486328125 -0.0329151153564453 -0.31549072265625 0.3431396484375
0.0375747680664063 -0.0093536376953125 -0.37689208984375 0.063568115234375
0.0624809265136719 0.028533935546875 -0.00278854370117187 0.0393600463867188
0.0524978637695313 0.00314712524414062 0.43048095703125 0.003692626953125
0.0177974700927734 -0.0193557739257813 0.379974365234375 -0.34515380859375
-0.00903511047363281 -0.00885009765625 -0.059814453125 -0.416412353515625
-0.00815296173095703 0.00111675262451172 -0.282928466796875 -0.134613037109375
0.00580883026123047 0.00879478454589844 -0.223220825195313 0.0567169189453125
0.0145044326782227 0.00309848785400391 -0.049407958984375 0.114089965820313
0.00762796401977539 -0.00389909744262695 0.0671119689941406 0.0695152282714844
0.0117006301879883 -0.0100240707397461 -0.0488433837890625 -0.067047119140625
0.0153446197509766 0.00212383270263672 0.0753860473632813 -0.103187561035156
0.0146999359130859 0.014862060546875 0.206466674804688 -0.0381011962890625
0.000608444213867186 0.0235843658447266 0.264419555664063 0.152862548828125
-0.0235004425048828 0.0057525634765625 0.036773681640625 0.366729736328125
-0.0142745971679688 -0.0289821624755859 -0.307037353515625 0.34906005859375
0.0252151489257812 -0.0111732482910156 -0.378936767578125 0.071136474609375
0.0509071350097656 0.0228919982910156 -0.00937271118164062 0.0410194396972656
0.043243408203125 0.00211334228515625 0.427978515625 0.016937255859375
0.0124568939208984 -0.0168075561523438 0.38916015625 -0.33477783203125
-0.00947761535644531 -0.00506114959716797 -0.049957275390625 -0.417999267578125
-0.00550174713134766 0.00336074829101563 -0.280319213867188 -0.142044067382812
0.00636863708496094 0.00974941253662109 -0.223922729492187 0.05096435546875
0.0167484283447266 0.00226116180419922 -0.0512008666992187 0.111930847167969
0.00800275802612305 -0.00561714172363281 0.0671882629394531 0.0699462890625
0.012730598449707 -0.0114822387695313 -0.0494956970214844 -0.0683174133300781
0.0164613723754883 0.00176239013671875 0.0769805908203125 -0.104171752929688
0.0164661407470703 0.014531135559082 0.206497192382813 -0.0420989990234375
0.00327873229980469 0.0258541107177734 0.265838623046875 0.14990234375
-0.0233745574951172 0.00906944274902344 0.03863525390625 0.366455078125
-0.0204944610595703 -0.0248889923095703 -0.3050537109375 0.352691650390625
0.0146818161010742 -0.0116043090820313 -0.378631591796875 0.07464599609375
0.0371284484863281 0.0167388916015625 -0.0114555358886719 0.0444564819335938
0.0324630737304688 0.0002593994140625 0.428314208984375 0.02362060546875
0.00559329986572266 -0.0137796401977539 0.393524169921875 -0.329986572265625
-0.0110940933227539 -0.000958442687988282 -0.04656982421875 -0.41949462890625
-0.00365734100341797 0.00557518005371094 -0.280105590820313 -0.145553588867188
0.00940704345703125 0.0102434158325195 -0.223480224609375 0.048370361328125
0.0175714492797852 0.00164031982421875 -0.0496749877929687 0.111968994140625
0.00950908660888672 -0.00697803497314453 0.068084716796875 0.0694007873535156
0.0125322341918945 -0.0110788345336914 -0.0494918823242188 -0.0692977905273437
0.018218994140625 0.00123977661132813 0.078399658203125 -0.10723876953125
0.0170345306396484 0.0138139724731445 0.206756591796875 -0.0469970703125
0.00393486022949219 0.0264511108398438 0.2689208984375 0.14666748046875
-0.0249195098876953 0.0128154754638672 0.04522705078125 0.368194580078125
-0.0259323120117188 -0.0216407775878906 -0.30133056640625 0.358642578125
0.00366115570068359 -0.0107355117797852 -0.377716064453125 0.081939697265625
0.0253944396972656 0.0123939514160156 -0.0046539306640625 0.0488166809082031
0.0212860107421875 -0.00155258178710938 0.434051513671875 0.017730712890625
-0.00128841400146484 -0.0111236572265625 0.387786865234375 -0.33673095703125
-0.0130481719970703 0.00212001800537109 -0.056182861328125 -0.4193115234375
-0.00223731994628906 0.00761318206787109 -0.28375244140625 -0.140472412109375
0.0109968185424805 0.00981807708740234 -0.222152709960937 0.0509796142578125
0.0196876525878906 0.000600814819335938 -0.0459823608398438 0.112190246582031
0.0095672607421875 -0.00706386566162109 0.0706787109375 0.0685348510742188
0.0056757926940918 -0.00175189971923828 -0.0412673950195312 -0.0731582641601562
0.0106182098388672 0.0111637115478516 0.0878524780273438 -0.0955123901367188
0.00786781311035156 0.0138177871704102 0.214111328125 -0.006744384765625
-0.0101137161254883 0.0107994079589844 0.2413330078125 0.199554443359375
-0.028228759765625 -0.01055908203125 -0.0294189453125 0.377349853515625
-0.000411987304687499 -0.0330181121826172 -0.36065673828125 0.295562744140625
0.0468254089355469 0.00614166259765625 -0.352935791015625 0.026947021484375
0.0656967163085938 0.0402069091796875 0.0532264709472656 0.0542221069335937
0.0520133972167969 0.004119873046875 0.448333740234375 -0.044921875
0.0143566131591797 -0.0204677581787109 0.323211669921875 -0.385467529296875
-0.0155820846557617 -0.0127010345458984 -0.11492919921875 -0.3880615234375
-0.015019416809082 -0.00469970703125 -0.28857421875 -0.091827392578125
0.00286722183227539 0.0046076774597168 -0.206863403320312 0.079193115234375
0.0116796493530273 0.00689125061035156 -0.0356216430664062 0.116119384765625
0.000899076461791992 0.00247097015380859 0.0713958740234375 0.0670700073242187
0.00645875930786133 -0.00303125381469727 -0.04254150390625 -0.0720138549804688
0.0102205276489258 0.00990962982177734 0.0845108032226563 -0.0950164794921875
0.00776863098144531 0.0145759582519531 0.213043212890625 -0.0112152099609375
-0.00872039794921875 0.012263298034668 0.247314453125 0.191207885742188
-0.0272941589355469 -0.0107345581054688 -0.015625 0.375244140625
0.000919342041015625 -0.0351791381835937 -0.350677490234375 0.306610107421875
0.0521430969238281 0.00220870971679688 -0.357757568359375 0.0341186523437499
0.0736541748046875 0.0409317016601563 0.0404815673828125 0.0491371154785156
0.0588455200195313 0.00304412841796875 0.443359375 -0.036529541015625
0.0186481475830078 -0.0225296020507813 0.33502197265625 -0.379241943359375
-0.012721061706543 -0.0140829086303711 -0.102752685546875 -0.39520263671875
-0.0144309997558594 -0.00460624694824219 -0.28717041015625 -0.101165771484375
0.00276565551757813 0.00537300109863281 -0.211944580078125 0.0747833251953125
0.011988639831543 0.00580883026123047 -0.0402145385742187 0.115257263183594
0.00174510478973389 0.00108897686004639 0.0704498291015625 0.0675888061523438
0.00764226913452149 -0.00445842742919922 -0.04473876953125 -0.0700836181640625
0.00997543334960938 0.00772476196289063 0.0815353393554688 -0.0963516235351563
0.00902938842773438 0.015406608581543 0.210800170898438 -0.0179901123046875
-0.00718116760253906 0.0141420364379883 0.252334594726563 0.180007934570312
-0.0248947143554687 -0.00749778747558594 -0.000671386718750011 0.373321533203125
8.39233398437464E-05 -0.0358428955078125 -0.337799072265625 0.318878173828125
0.052093505859375 -0.00226593017578125 -0.365234375 0.042022705078125
0.0750656127929688 0.037567138671875 0.0245399475097656 0.0440521240234375
0.0612220764160156 0.00358200073242187 0.43756103515625 -0.0233154296875
0.0206375122070313 -0.0229415893554688 0.35028076171875 -0.36883544921875
-0.0111703872680664 -0.0136747360229492 -0.088775634765625 -0.402130126953125
-0.0129470825195313 -0.00314426422119141 -0.285369873046875 -0.112823486328125
0.00215053558349609 0.00640344619750977 -0.21575927734375 0.0692596435546875
0.0118741989135742 0.00516033172607422 -0.0446929931640625 0.115043640136719
0.00402164459228516 -0.000287294387817383 0.0678596496582031 0.0678138732910156
0.00950527191162109 -0.00628089904785156 -0.0456314086914062 -0.0683135986328125
0.0118417739868164 0.00576972961425781 0.0774078369140625 -0.097991943359375
0.0105295181274414 0.0160112380981445 0.2083740234375 -0.0252227783203125
-0.00423431396484375 0.0174312591552734 0.256637573242188 0.169845581054687
-0.0247364044189453 -0.00395393371582032 0.014984130859375 0.37017822265625
-0.00402450561523438 -0.0348625183105469 -0.324493408203125 0.33026123046875
0.0465354919433594 -0.005645751953125 -0.37152099609375 0.0525207519531249
0.07061767578125 0.033721923828125 0.008514404296875 0.0406303405761719
0.0583038330078125 0.0031890869140625 0.431976318359375 -0.008453369140625
0.0205268859863281 -0.0213909149169922 0.365997314453125 -0.356048583984375
-0.00939464569091797 -0.0119638442993164 -0.073089599609375 -0.40948486328125
-0.0104503631591797 -0.00100231170654297 -0.283172607421875 -0.124176025390625
0.00347518920898437 0.00713014602661133 -0.219467163085937 0.0626373291015625
0.0132322311401367 0.00463104248046875 -0.0476303100585938 0.114395141601563
0.00511646270751953 -0.00246381759643555 0.0676651000976563 0.0682601928710938
0.0110511779785156 -0.00887012481689453 -0.0467910766601563 -0.0677413940429688
0.0131711959838867 0.00428295135498047 0.0760421752929687 -0.0999679565429687
0.0127925872802734 0.0151863098144531 0.206314086914063 -0.031341552734375
-0.00144004821777344 0.0210628509521484 0.260940551757813 0.159561157226563
-0.0241298675537109 0.000495910644531254 0.028533935546875 0.36676025390625
-0.00918006896972657 -0.0327377319335938 -0.31451416015625 0.3399658203125
0.0372352600097656 -0.00943374633789062 -0.375274658203125 0.060089111328125
0.06298828125 0.0284881591796875 -0.00283813476562499 0.0400848388671875
0.0518112182617188 0.00262451171875 0.427154541015625 0.005706787109375
0.0174732208251953 -0.0193347930908203 0.378326416015625 -0.34259033203125
-0.00888156890869141 -0.00899124145507812 -0.058563232421875 -0.41448974609375
-0.00748634338378906 0.000977516174316405 -0.281051635742188 -0.134613037109375
0.00507831573486328 0.00881385803222656 -0.222427368164063 0.05584716796875
0.0146617889404297 0.00296115875244141 -0.0503082275390625 0.113143920898438
0.00722885131835938 -0.00401210784912109 0.0664443969726562 0.0699539184570313
0.0121278762817383 -0.0104923248291016 -0.0478096008300781 -0.0676307678222657
0.01470947265625 0.00189590454101563 0.0755844116210938 -0.102584838867188
0.0149326324462891 0.0148344039916992 0.205276489257812 -0.037445068359375
0.000926971435546874 0.0231647491455078 0.263137817382813 0.15338134765625
-0.0231590270996094 0.004669189453125 0.03564453125 0.36492919921875
-0.0145626068115234 -0.0281791687011719 -0.306427001953125 0.346343994140625
0.0264167785644531 -0.0115871429443359 -0.37646484375 0.0694885253906249
0.0505332946777344 0.0217247009277344 -0.0109481811523437 0.040130615234375
0.0426216125488281 0.00172042846679687 0.424774169921875 0.0181884765625
0.0124101638793945 -0.0165538787841797 0.38824462890625 -0.330841064453125
-0.00932884216308594 -0.00518894195556641 -0.048431396484375 -0.416778564453125
-0.00584650039672852 0.00374126434326172 -0.279556274414063 -0.141998291015625
0.00685501098632813 0.00957107543945313 -0.222854614257813 0.050445556640625
0.0169830322265625 0.0020599365234375 -0.0509033203125 0.112037658691406
0.00855922698974609 -0.005706787109375 0.0665283203125 0.0693588256835938
0.0123863220214844 -0.0112495422363281 -0.0490608215332031 -0.0684280395507813
0.0164632797241211 0.000478744506835938 0.0764617919921875 -0.104484558105469
0.0159473419189453 0.0152206420898438 0.204605102539062 -0.04180908203125
0.00273704528808594 0.0249137878417969 0.26422119140625 0.149658203125
-0.0235099792480469 0.00886344909667969 0.0380859375 0.364593505859375
-0.0200786590576172 -0.0240077972412109 -0.302734375 0.349456787109375
0.0143852233886719 -0.01177978515625 -0.376983642578125 0.071807861328125
0.0370254516601563 0.0167312622070313 -0.0114326477050781 0.0441551208496094
0.0311317443847656 -3.814697265625E-06 0.425323486328125 0.024444580078125
0.0052642822265625 -0.0138082504272461 0.39227294921875 -0.32562255859375
-0.0108880996704102 -0.00142383575439453 -0.045257568359375 -0.417327880859375
-0.00351667404174805 0.00623750686645508 -0.278518676757813 -0.145248413085938
0.00852680206298828 0.00949668884277344 -0.223648071289063 0.047027587890625
0.01806640625 0.00179862976074219 -0.0498199462890625 0.109855651855469
0.010096549987793 -0.0063018798828125 0.067718505859375 0.0696258544921875
0.0125265121459961 -0.0117883682250977 -0.0480728149414063 -0.0708847045898437
0.0182971954345703 0.000551223754882813 0.0787582397460938 -0.106971740722656
0.0175590515136719 0.0137519836425781 0.2066650390625 -0.04669189453125
0.00376319885253906 0.0262565612792969 0.266571044921875 0.145751953125
-0.0244903564453125 0.0125961303710938 0.04302978515625 0.36578369140625
-0.0249290466308594 -0.0209178924560547 -0.301239013671875 0.355377197265625
0.00413227081298828 -0.0109472274780273 -0.37384033203125 0.081024169921875
0.0248336791992187 0.0115966796875 -0.00593185424804687 0.0482444763183594
0.0206623077392578 -0.001190185546875 0.4310302734375 0.018951416015625
-0.000916481018066405 -0.0109882354736328 0.38665771484375 -0.333984375
-0.0131807327270508 0.00263214111328125 -0.054962158203125 -0.416534423828125
-0.00222539901733399 0.0070185661315918 -0.282012939453125 -0.13970947265625
0.0109243392944336 0.00916957855224609 -0.22149658203125 0.05029296875
0.0193710327148437 0.000799179077148437 -0.0464401245117188 0.111297607421875
0.00964736938476563 -0.00701332092285156 0.0693244934082031 0.0692634582519531
0.00508737564086914 -0.00116109848022461 -0.0405654907226562 -0.0752334594726563
0.0107707977294922 0.0106334686279297 0.0881271362304688 -0.0945281982421875
0.00728511810302734 0.0138387680053711 0.214126586914063 -0.0068511962890625
-0.0105495452880859 0.0109386444091797 0.24078369140625 0.199844360351563
-0.0281848907470703 -0.0107212066650391 -0.031982421875 0.376739501953125
0.000431060791015623 -0.0325145721435547 -0.361907958984375 0.29376220703125
0.047149658203125 0.00603103637695313 -0.351898193359375 0.0254211425781249
0.0653190612792969 0.0402030944824219 0.0533638000488281 0.0540695190429688
0.0514411926269531 0.00376510620117188 0.446441650390625 -0.04315185546875
0.0142669677734375 -0.0209197998046875 0.323760986328125 -0.38372802734375
-0.0152091979980469 -0.0135469436645508 -0.11346435546875 -0.387939453125
-0.0150823593139648 -0.00552940368652344 -0.287139892578125 -0.09259033203125
0.00242090225219727 0.00478696823120117 -0.207321166992187 0.0779266357421875
0.0123147964477539 0.00626754760742188 -0.0370025634765625 0.114913940429688
-3.63588333129881E-05 0.00176823139190674 0.0725860595703125 0.0679702758789063
0.00547170639038086 -0.00321388244628906 -0.0414352416992187 -0.0727462768554687
0.00974273681640625 0.00981521606445312 0.0848464965820313 -0.0946884155273438
0.00757122039794922 0.014373779296875 0.212875366210938 -0.0106964111328125
-0.00874042510986328 0.0119647979736328 0.245849609375 0.191085815429688
-0.0265884399414063 -0.0102710723876953 -0.017303466796875 0.37481689453125
0.00128364562988281 -0.0344333648681641 -0.351898193359375 0.303741455078125
0.0518951416015625 0.0030364990234375 -0.3587646484375 0.031463623046875
0.0734024047851563 0.040069580078125 0.039276123046875 0.0484809875488281
0.0583648681640625 0.003570556640625 0.441741943359375 -0.03472900390625
0.0185222625732422 -0.0228176116943359 0.335906982421875 -0.376861572265625
-0.0129013061523438 -0.0144329071044922 -0.102386474609375 -0.39483642578125
-0.0144634246826172 -0.00494098663330078 -0.285797119140625 -0.101715087890625
0.00208282470703125 0.00501012802124023 -0.211868286132813 0.0729827880859375
0.0116987228393555 0.00628280639648438 -0.0412216186523438 0.115249633789063
0.00210344791412353 0.000853061676025391 0.0704727172851563 0.0689163208007813
0.00736236572265625 -0.00521421432495117 -0.044281005859375 -0.0703811645507813
0.0101480484008789 0.00830364227294922 0.0812835693359375 -0.0962905883789063
0.00847816467285156 0.0150661468505859 0.209365844726563 -0.0157928466796875
-0.00669479370117188 0.0150518417358398 0.251663208007813 0.181488037109375
-0.0254154205322266 -0.00803565979003906 -0.00219726562500002 0.372100830078125
0.000867843627929689 -0.0350265502929688 -0.339691162109375 0.31597900390625
0.0514717102050781 -0.00191497802734375 -0.364593505859375 0.03900146484375
0.0740509033203125 0.03839111328125 0.0239601135253906 0.0438117980957031
0.05999755859375 0.00409698486328125 0.43682861328125 -0.021942138671875
0.0206375122070312 -0.0226001739501953 0.35089111328125 -0.36602783203125
-0.0108194351196289 -0.0135879516601563 -0.087310791015625 -0.4022216796875
-0.0131330490112305 -0.0030355453491211 -0.28521728515625 -0.114044189453125
0.00268888473510742 0.0057368278503418 -0.215911865234375 0.067535400390625
0.0114316940307617 0.00551319122314453 -0.044708251953125 0.114463806152344
0.00393772125244141 -0.000520229339599609 0.0677528381347656 0.0682449340820313
0.00919818878173828 -0.00660133361816406 -0.045379638671875 -0.06915283203125
0.0117645263671875 0.00589084625244141 0.0787582397460938 -0.09832763671875
0.00975704193115234 0.0145626068115234 0.208648681640625 -0.024322509765625
-0.00441169738769531 0.0171890258789063 0.255661010742187 0.170028686523437
-0.0250072479248047 -0.00465774536132812 0.013519287109375 0.369384765625
-0.00339126586914062 -0.0348167419433594 -0.32568359375 0.327850341796875
0.0461311340332031 -0.00640869140625 -0.370086669921875 0.050201416015625
0.0705795288085938 0.0338821411132813 0.00809478759765625 0.0410881042480469
0.0584220886230469 0.00378036499023438 0.430755615234375 -0.00640869140625
0.0204944610595703 -0.0217456817626953 0.367095947265625 -0.354034423828125
-0.00933742523193359 -0.0121240615844727 -0.072052001953125 -0.40911865234375
-0.0116977691650391 -0.00105762481689453 -0.282623291015625 -0.124481201171875
0.00383806228637695 0.00702381134033203 -0.218994140625 0.0615234375
0.0126314163208008 0.00415706634521484 -0.0476226806640625 0.114227294921875
0.00567626953125 -0.00253534317016602 0.0672416687011719 0.069854736328125
0.0097808837890625 -0.008514404296875 -0.0466842651367188 -0.0679397583007813
0.0131387710571289 0.00386142730712891 0.0765838623046875 -0.100532531738281
0.0117778778076172 0.0161895751953125 0.20599365234375 -0.0313720703125
-0.00141143798828125 0.0211238861083984 0.25946044921875 0.161087036132813
-0.0236854553222656 0.000640869140625 0.02606201171875 0.366546630859375
-0.00742721557617188 -0.0313434600830078 -0.314910888671875 0.3363037109375
0.0371170043945313 -0.00879287719726563 -0.37506103515625 0.0584106445312501
0.0618858337402344 0.0283203125 -0.0036773681640625 0.0387649536132813
0.0516738891601563 0.00270843505859375 0.42608642578125 0.008941650390625
0.017730712890625 -0.0186023712158203 0.378448486328125 -0.34051513671875
-0.00885581970214844 -0.00920200347900391 -0.0576171875 -0.412750244140625
-0.00877046585083008 0.00148534774780273 -0.280288696289062 -0.1341552734375
0.00503635406494141 0.00764274597167969 -0.221664428710938 0.05487060546875
0.015101432800293 0.00208759307861328 -0.0507583618164062 0.112251281738281
0.00720834732055664 -0.00401544570922851 0.0662765502929688 0.0703353881835938
0.0119905471801758 -0.0106115341186523 -0.0473213195800781 -0.067962646484375
0.0156335830688477 0.00197982788085938 0.0760879516601563 -0.102455139160156
0.014042854309082 0.0149030685424805 0.20428466796875 -0.0373382568359375
0.00190353393554688 0.0224571228027344 0.261138916015625 0.152145385742188
-0.0235004425048828 0.00580024719238281 0.033477783203125 0.363800048828125
-0.0134449005126953 -0.0284805297851563 -0.306121826171875 0.34368896484375
0.0257186889648438 -0.0108680725097656 -0.376251220703125 0.0661315917968749
0.0499458312988281 0.0221443176269531 -0.0112876892089844 0.0398025512695313
0.0425605773925781 0.00186538696289063 0.42333984375 0.02130126953125
0.0120573043823242 -0.0165109634399414 0.3900146484375 -0.329132080078125
-0.0100679397583008 -0.00485038757324219 -0.046722412109375 -0.41510009765625
-0.00606536865234375 0.00369501113891602 -0.278167724609375 -0.142547607421875
0.0065765380859375 0.00886154174804688 -0.223358154296875 0.048919677734375
0.0161190032958984 0.00236225128173828 -0.05145263671875 0.110855102539063
0.00904273986816406 -0.00546646118164063 0.0667953491210938 0.0705795288085938
0.0123891830444336 -0.0106334686279297 -0.0476341247558594 -0.0688400268554688
0.0172176361083984 0.00111675262451172 0.0769882202148438 -0.104103088378906
0.0159873962402344 0.0149202346801758 0.204498291015625 -0.0406036376953125
0.00348854064941406 0.0253543853759766 0.263397216796875 0.149322509765625
-0.0239353179931641 0.00930595397949219 0.0369873046875 0.364105224609375
-0.0201587677001953 -0.0242137908935547 -0.304412841796875 0.347900390625
0.0139341354370117 -0.0121726989746094 -0.3765869140625 0.069580078125
0.0364761352539063 0.0160598754882812 -0.0127487182617188 0.0427932739257812
0.0307197570800781 0.000698089599609375 0.423858642578125 0.026824951171875
0.00586318969726562 -0.013427734375 0.392578125 -0.32281494140625
-0.0109033584594727 -0.00189781188964844 -0.043975830078125 -0.4166259765625
-0.00424385070800781 0.00562667846679688 -0.277664184570313 -0.146224975585937
0.0086669921875 0.00895500183105469 -0.222869873046875 0.047149658203125
0.0175275802612305 0.00108242034912109 -0.0504913330078125 0.110404968261719
0.00981044769287109 -0.00670433044433594 0.0667800903320313 0.0708847045898438
0.0119256973266602 -0.0114622116088867 -0.0482025146484375 -0.0702705383300781
0.01788330078125 0.000818252563476562 0.0783767700195313 -0.106857299804688
0.0172920227050781 0.0136623382568359 0.205642700195312 -0.0461883544921875
0.00423812866210937 0.0257625579833984 0.265975952148438 0.146728515625
-0.02496337890625 0.0128936767578125 0.040924072265625 0.365447998046875
-0.0251731872558594 -0.0200824737548828 -0.301361083984375 0.353729248046875
0.00382328033447266 -0.0110321044921875 -0.374725341796875 0.0782165527343751
0.0242137908935547 0.0115776062011719 -0.00664520263671874 0.047576904296875
0.0202140808105469 -0.00136566162109375 0.428009033203125 0.021148681640625
-0.000520706176757813 -0.0110664367675781 0.38720703125 -0.332427978515625
-0.0124626159667969 0.00189399719238281 -0.05450439453125 -0.4154052734375
-0.00192975997924805 0.00686168670654297 -0.2811279296875 -0.14019775390625
0.010101318359375 0.00921916961669922 -0.221160888671875 0.0496673583984375
0.0186767578125 0.000585556030273438 -0.0467987060546875 0.110206604003906
0.00980663299560547 -0.00755405426025391 0.0688972473144531 0.0697174072265625
0.00511693954467774 -0.00197792053222656 -0.03973388671875 -0.074951171875
0.00977516174316406 0.0104217529296875 0.0887451171875 -0.094329833984375
0.00712966918945313 0.0140542984008789 0.213973999023438 -0.0051116943359375
-0.009857177734375 0.010554313659668 0.2392578125 0.200225830078125
-0.0276336669921875 -0.0109596252441406 -0.033966064453125 0.3759765625
-3.43322753906218E-05 -0.0319747924804688 -0.36322021484375 0.29241943359375
0.0467453002929688 0.00616455078125 -0.35186767578125 0.0224304199218751
0.0648040771484375 0.0398330688476563 0.0523223876953125 0.0539321899414063
0.0514144897460937 0.00366592407226562 0.444976806640625 -0.040069580078125
0.0140113830566406 -0.0196933746337891 0.32598876953125 -0.382720947265625
-0.0148029327392578 -0.0129241943359375 -0.11175537109375 -0.388916015625
-0.0152053833007812 -0.0050811767578125 -0.287445068359375 -0.092864990234375
0.00279402732849121 0.00398039817810059 -0.206802368164063 0.0773773193359375
0.0116100311279297 0.00642871856689453 -0.037109375 0.115158081054687
0.00128364562988281 0.0023195743560791 0.0715484619140625 0.0690994262695313
0.00671529769897461 -0.00264739990234375 -0.04144287109375 -0.0728225708007813
0.00978469848632813 0.00997447967529297 0.0849609375 -0.0949478149414063
0.00726413726806641 0.0148143768310547 0.2117919921875 -0.009796142578125
-0.00847053527832031 0.0120954513549805 0.245208740234375 0.192047119140625
-0.0268230438232422 -0.0112895965576172 -0.0198974609375 0.37554931640625
0.00145721435546875 -0.0337047576904297 -0.3526611328125 0.302825927734375
0.0513687133789063 0.00283050537109375 -0.35784912109375 0.0289306640625
0.072265625 0.040557861328125 0.0391082763671875 0.0482902526855469
0.0575752258300781 0.00418472290039063 0.440338134765625 -0.0318603515625
0.0185775756835938 -0.0221061706542969 0.336883544921875 -0.373992919921875
-0.0128984451293945 -0.0141763687133789 -0.099853515625 -0.395111083984375
-0.0146207809448242 -0.0054922103881836 -0.286590576171875 -0.103118896484375
0.00207376480102539 0.00540590286254883 -0.211273193359375 0.07275390625
0.0114860534667969 0.00583648681640625 -0.0411224365234375 0.115150451660156
0.00249028205871582 0.00185608863830566 0.0695991516113281 0.068817138671875
0.00745105743408203 -0.00380897521972656 -0.0427169799804688 -0.0707931518554688
0.00971794128417969 0.00815105438232422 0.0820541381835938 -0.0962982177734375
0.00957870483398438 0.0144071578979492 0.210433959960937 -0.0156097412109375
-0.00676918029785156 0.0142755508422852 0.250457763671875 0.181915283203125
-0.0259418487548828 -0.00831031799316406 -0.00259399414062503 0.372528076171875
0.000640869140624998 -0.034942626953125 -0.340911865234375 0.315185546875
0.0521011352539063 -0.001556396484375 -0.365081787109375 0.037811279296875
0.0736312866210938 0.037872314453125 0.0234603881835938 0.0432777404785156
0.0596084594726563 0.00458908081054687 0.435150146484375 -0.019256591796875
0.0211391448974609 -0.0226860046386719 0.3519287109375 -0.365936279296875
-0.0104179382324219 -0.0142021179199219 -0.086669921875 -0.403167724609375
-0.0133819580078125 -0.00334072113037109 -0.283905029296875 -0.11419677734375
0.00244474411010742 0.00600910186767578 -0.21630859375 0.0677490234375
0.0118255615234375 0.00542354583740234 -0.0456314086914062 0.114341735839844
0.00370073318481445 -0.000992298126220703 0.0677375793457031 0.0695228576660156
0.00855445861816406 -0.00671195983886719 -0.0456695556640625 -0.0702285766601562
0.0115852355957031 0.00675582885742188 0.0783462524414063 -0.0974960327148438
0.0107526779174805 0.0158748626708984 0.207931518554688 -0.0230560302734375
-0.00381278991699219 0.0174016952514648 0.255233764648438 0.171096801757813
-0.0244159698486328 -0.0042266845703125 0.0128173828125 0.369903564453125
-0.00377655029296875 -0.0339794158935547 -0.327667236328125 0.32659912109375
0.0465469360351562 -0.0052947998046875 -0.37103271484375 0.048065185546875
0.0700492858886719 0.0339813232421875 0.00749588012695313 0.0402946472167969
0.056976318359375 0.0041656494140625 0.429534912109375 -0.004486083984375
0.0200977325439453 -0.0206623077392578 0.3660888671875 -0.351348876953125
-0.00927352905273438 -0.0126533508300781 -0.0711669921875 -0.40899658203125
-0.0114917755126953 -0.00159454345703125 -0.2821044921875 -0.124755859375
0.00325345993041992 0.00647544860839844 -0.219696044921875 0.061248779296875
0.0135335922241211 0.00417518615722656 -0.048248291015625 0.114028930664063
0.00659465789794922 -0.00199747085571289 0.0669708251953125 0.0705718994140625
0.0102863311767578 -0.00945854187011719 -0.046356201171875 -0.0681304931640625
0.0130176544189453 0.00351619720458984 0.0767288208007813 -0.100326538085938
0.0122823715209961 0.015376091003418 0.205291748046875 -0.0315399169921875
-0.000755310058593748 0.0206680297851563 0.25909423828125 0.160934448242188
-0.0236110687255859 0.000394821166992185 0.025665283203125 0.366485595703125
-0.0078277587890625 -0.0309391021728516 -0.3148193359375 0.334808349609375
0.0373954772949219 -0.00926971435546875 -0.37396240234375 0.05609130859375
0.0610198974609375 0.0284423828125 -0.00396728515624999 0.0384101867675781
0.0511741638183594 0.00320053100585938 0.423858642578125 0.011199951171875
0.0165958404541016 -0.0188751220703125 0.380462646484375 -0.33831787109375
-0.00860929489135742 -0.00856590270996094 -0.056976318359375 -0.41326904296875
-0.00762510299682617 0.00152778625488281 -0.280609130859375 -0.13604736328125
0.00432920455932617 0.00770950317382813 -0.222457885742188 0.05438232421875
0.0140762329101563 0.00210857391357422 -0.0508193969726563 0.11273193359375
0.00817632675170899 -0.00436544418334961 0.0657119750976563 0.0701026916503906
0.0117740631103516 -0.0107965469360352 -0.0465965270996094 -0.0684356689453125
0.0146045684814453 0.00271511077880859 0.0759811401367188 -0.102317810058594
0.0144891738891602 0.0158720016479492 0.2049560546875 -0.0367279052734375
0.00168037414550781 0.0232734680175781 0.261825561523438 0.153823852539062
-0.0231704711914062 0.00520896911621093 0.032440185546875 0.36419677734375
-0.0135116577148438 -0.0268745422363281 -0.307952880859375 0.342742919921875
0.0265789031982422 -0.0114288330078125 -0.377471923828125 0.0631103515625
0.0490074157714844 0.0211410522460938 -0.0113983154296875 0.0399703979492188
0.0419807434082031 0.00273513793945313 0.42169189453125 0.0216064453125
0.0123519897460938 -0.015934944152832 0.38916015625 -0.327667236328125
-0.00960540771484375 -0.00618648529052734 -0.044189453125 -0.416259765625
-0.00637149810791016 0.00387811660766602 -0.2783203125 -0.144302368164063
0.00545978546142578 0.00893306732177734 -0.222625732421875 0.0485382080078125
0.0160541534423828 0.00118064880371094 -0.0517501831054687 0.111343383789063
0.00914192199707031 -0.00580596923828125 0.0655593872070313 0.0707321166992188
0.0123233795166016 -0.010838508605957 -0.0473594665527344 -0.0691757202148437
0.016474723815918 0.000661849975585938 0.0774612426757813 -0.104248046875
0.0163841247558594 0.0148143768310547 0.204940795898438 -0.04095458984375
0.00330924987792969 0.0257911682128906 0.262420654296875 0.150390625
-0.0239925384521484 0.00965690612792969 0.034027099609375 0.3646240234375
-0.0192375183105469 -0.0248241424560547 -0.30548095703125 0.345184326171875
0.0155725479125977 -0.0116329193115234 -0.3768310546875 0.0689086914062501
0.0357284545898438 0.0168190002441406 -0.0130119323730469 0.0416526794433594
0.0306835174560547 0.000745773315429687 0.42333984375 0.0281982421875
0.00566959381103516 -0.0133457183837891 0.393035888671875 -0.32232666015625
-0.0104513168334961 -0.00224590301513672 -0.04290771484375 -0.4171142578125
-0.00469636917114258 0.00586891174316406 -0.277099609375 -0.146209716796875
0.00815105438232422 0.00916767120361328 -0.223495483398438 0.0462646484375
0.0172958374023438 0.000908851623535156 -0.05157470703125 0.109954833984375
0.0107393264770508 -0.00622940063476563 0.066864013671875 0.0710906982421875
0.0122919082641602 -0.0112514495849609 -0.0476150512695312 -0.0708999633789062
0.0173330307006836 0.00111961364746094 0.080108642578125 -0.106529235839844
0.0175933837890625 0.0144252777099609 0.205841064453125 -0.0455780029296875
0.00415992736816406 0.0263290405273438 0.26611328125 0.146316528320312
-0.0239830017089844 0.012420654296875 0.038909912109375 0.3653564453125
-0.0252189636230469 -0.0196762084960938 -0.30322265625 0.351531982421875
0.00386810302734375 -0.0110464096069336 -0.37518310546875 0.0752868652343749
0.0240879058837891 0.0112781524658203 -0.0062713623046875 0.0471763610839844
0.0197067260742188 -0.00109100341796875 0.4276123046875 0.02398681640625
-0.00161647796630859 -0.0109348297119141 0.38775634765625 -0.329925537109375
-0.0129718780517578 0.00174617767333984 -0.051971435546875 -0.41644287109375
-0.00350046157836914 0.00680303573608399 -0.280532836914063 -0.14202880859375
0.0101213455200195 0.00973987579345703 -0.220840454101563 0.04876708984375
0.0193157196044922 0.00057220458984375 -0.047088623046875 0.110519409179687
0.0103483200073242 -0.00750255584716797 0.0685577392578125 0.0703201293945313
0.00471019744873047 -0.00149822235107422 -0.0391311645507812 -0.0754928588867188
0.009613037109375 0.0106439590454102 0.0884780883789063 -0.0952377319335938
0.00712203979492188 0.0137805938720703 0.21466064453125 -0.0047760009765625
-0.010004997253418 0.0105772018432617 0.23944091796875 0.200729370117188
-0.0278530120849609 -0.01141357421875 -0.035552978515625 0.37677001953125
-0.000308990478515627 -0.0314216613769531 -0.364898681640625 0.29052734375
0.0471954345703125 0.0062255859375 -0.353179931640625 0.0210266113281249
0.0634307861328125 0.0404281616210938 0.0515556335449219 0.0531539916992187
0.0505256652832031 0.0043792724609375 0.445587158203125 -0.038482666015625
0.0139122009277344 -0.0200443267822266 0.326873779296875 -0.380218505859375
-0.0150394439697266 -0.0134334564208984 -0.110870361328125 -0.389739990234375
-0.0159053802490234 -0.00609874725341797 -0.28826904296875 -0.093963623046875
0.00226235389709473 0.00417017936706543 -0.208343505859375 0.077972412109375
0.0114879608154297 0.00626087188720703 -0.0380935668945313 0.115669250488281
0.000490427017211914 0.00203895568847656 0.0718307495117188 0.0694808959960938
0.00605344772338867 -0.00306987762451172 -0.0413742065429688 -0.0732955932617188
0.00971603393554688 0.00994586944580078 0.0859603881835937 -0.0958786010742188
0.00714302062988281 0.0146522521972656 0.212783813476562 -0.0093841552734375
-0.00827407836914063 0.0115718841552734 0.244888305664063 0.193115234375
-0.0260028839111328 -0.0111808776855469 -0.021453857421875 0.375579833984375
0.00146675109863282 -0.0337772369384766 -0.354461669921875 0.30218505859375
0.0523910522460938 0.00271987915039063 -0.3590087890625 0.02642822265625
0.07147216796875 0.0408096313476562 0.0378913879394531 0.0478668212890625
0.0574760437011719 0.00426483154296875 0.44195556640625 -0.0294189453125
0.0185718536376953 -0.0225543975830078 0.33880615234375 -0.375335693359375
-0.0124588012695313 -0.0152206420898438 -0.100006103515625 -0.395355224609375
-0.0149164199829102 -0.00509738922119141 -0.286834716796875 -0.103485107421875
0.00164699554443359 0.00532913208007813 -0.213394165039062 0.0728912353515625
0.0109519958496094 0.0052947998046875 -0.0419921875 0.11578369140625
0.00242471694946289 0.00149893760681152 0.0697174072265625 0.0705337524414063
0.0070948600769043 -0.00425577163696289 -0.0422821044921875 -0.0716934204101563
0.0104217529296875 0.00791740417480469 0.082550048828125 -0.0959320068359375
0.00914573669433594 0.0154638290405273 0.21038818359375 -0.01617431640625
-0.00706768035888672 0.0143394470214844 0.250656127929688 0.182449340820313
-0.0253047943115234 -0.00772094726562501 -0.00601196289062502 0.372955322265625
0.000665664672851559 -0.0344810485839844 -0.341522216796875 0.313995361328125
0.0521507263183594 -0.00102615356445313 -0.36669921875 0.03558349609375
0.07330322265625 0.0390090942382812 0.0221977233886719 0.0430641174316406
0.0596427917480469 0.0051727294921875 0.43402099609375 -0.017303466796875
0.0208721160888672 -0.0219516754150391 0.354339599609375 -0.36334228515625
-0.0103683471679687 -0.0142097473144531 -0.085205078125 -0.402587890625
-0.0137672424316406 -0.00342845916748047 -0.28472900390625 -0.114227294921875
0.00242376327514648 0.00588750839233398 -0.217514038085937 0.06719970703125
0.0113191604614258 0.00417137145996094 -0.0465087890625 0.11456298828125
0.0039827823638916 -0.000849246978759766 0.0681076049804688 0.0705032348632813
0.00904273986816406 -0.00723648071289062 -0.0443496704101562 -0.0703277587890625
0.0116167068481445 0.00619983673095703 0.0792770385742188 -0.0983352661132813
0.00994968414306641 0.0155134201049805 0.208724975585938 -0.02374267578125
-0.00311088562011719 0.0175161361694336 0.255096435546875 0.17205810546875
-0.0241336822509766 -0.00451469421386719 0.011322021484375 0.37078857421875
-0.00268363952636719 -0.0335788726806641 -0.32958984375 0.325103759765625
0.0466041564941406 -0.00548553466796875 -0.371978759765625 0.04608154296875
0.0695037841796875 0.0347709655761719 0.00707244873046876 0.0397415161132813
0.0575485229492188 0.0043182373046875 0.42938232421875 -0.0010986328125
0.02056884765625 -0.0210704803466797 0.369415283203125 -0.349853515625
-0.00921916961669922 -0.0121164321899414 -0.070343017578125 -0.409576416015625
-0.0112447738647461 -0.00187015533447265 -0.28240966796875 -0.126068115234375
0.00231552124023438 0.00723600387573242 -0.221298217773438 0.0609283447265625
0.0126314163208008 0.00351142883300781 -0.0491180419921875 0.114089965820313
0.00666332244873047 -0.00206089019775391 0.0672378540039063 0.0710525512695313
0.0103969573974609 -0.00868511199951172 -0.0459938049316406 -0.0697021484375
0.0131797790527344 0.00444602966308594 0.0769577026367188 -0.100898742675781
0.0125713348388672 0.0150070190429688 0.205886840820313 -0.0309295654296875
-0.000978469848632814 0.0207958221435547 0.25933837890625 0.161972045898438
-0.0231227874755859 0.00044822692871094 0.022796630859375 0.36767578125
-0.00740432739257812 -0.0314674377441406 -0.318695068359375 0.33526611328125
0.0370941162109375 -0.008056640625 -0.37567138671875 0.0542907714843749
0.0603446960449219 0.0287094116210938 -0.00500106811523437 0.0385017395019531
0.0514564514160156 0.00359725952148438 0.425689697265625 0.01190185546875
0.0175933837890625 -0.019012451171875 0.3802490234375 -0.3369140625
-0.00911617279052734 -0.00895500183105469 -0.055023193359375 -0.41387939453125
-0.00904560089111328 0.000952720642089844 -0.279586791992188 -0.136505126953125
0.00407600402832031 0.00792694091796875 -0.223052978515625 0.053985595703125
0.0139284133911133 0.00281906127929688 -0.05157470703125 0.112945556640625
0.00826883316040039 -0.00404882431030273 0.0657272338867188 0.0706787109375
0.0117712020874023 -0.0096273422241211 -0.045867919921875 -0.0686149597167969
0.0141324996948242 0.00270748138427734 0.0766143798828125 -0.10235595703125
0.0145187377929688 0.0158443450927734 0.205459594726562 -0.036163330078125
0.00156211853027344 0.0235862731933594 0.26141357421875 0.154067993164062
-0.0225448608398438 0.00492477416992187 0.031219482421875 0.365753173828125
-0.0136737823486328 -0.0278587341308594 -0.309661865234375 0.34197998046875
0.0262355804443359 -0.0105152130126953 -0.37725830078125 0.061431884765625
0.0490074157714844 0.0226364135742188 -0.0115585327148437 0.0388870239257812
0.0412330627441406 0.002838134765625 0.42144775390625 0.025115966796875
0.0119743347167969 -0.0162029266357422 0.390655517578125 -0.326019287109375
-0.00896930694580078 -0.00581264495849609 -0.044586181640625 -0.417694091796875
-0.00621604919433594 0.0035548210144043 -0.27777099609375 -0.144073486328125
0.00574111938476563 0.00915908813476563 -0.22369384765625 0.0480804443359375
0.0162010192871094 0.00181007385253906 -0.0529327392578125 0.111488342285156
0.00931549072265625 -0.00619983673095703 0.0663833618164062 0.072265625
0.0123414993286133 -0.0111856460571289 -0.0468215942382813 -0.0705490112304688
0.0159387588500977 0.00127506256103516 0.077423095703125 -0.105003356933594
0.0162544250488281 0.0152339935302734 0.205108642578125 -0.0393524169921875
0.00376701354980469 0.0256576538085938 0.263015747070313 0.150390625
-0.023284912109375 0.00882339477539063 0.033233642578125 0.365020751953125
-0.0196056365966797 -0.0237236022949219 -0.306732177734375 0.344085693359375
0.0149736404418945 -0.0114517211914063 -0.377777099609375 0.0646057128906251
0.0359039306640625 0.0159797668457031 -0.0133628845214844 0.0415496826171875
0.03045654296875 0.00165367126464844 0.422576904296875 0.031158447265625
0.00514411926269531 -0.0128707885742188 0.3955078125 -0.320770263671875
-0.01025390625 -0.0020751953125 -0.0408935546875 -0.417816162109375
-0.00411033630371094 0.00602912902832031 -0.277481079101563 -0.148361206054688
0.00740718841552734 0.00938987731933594 -0.222854614257813 0.0453033447265625
0.01751708984375 0.000542640686035156 -0.0520858764648438 0.110610961914063
0.0102968215942383 -0.00636768341064453 0.0671920776367188 0.0721359252929688
0.0125198364257813 -0.0115013122558594 -0.0462875366210938 -0.0710067749023437
0.0179996490478516 0.00072479248046875 0.0793609619140625 -0.106979370117187
0.0174541473388672 0.0146732330322266 0.2066650390625 -0.0448150634765625
0.004791259765625 0.0265941619873047 0.265396118164063 0.147079467773438
-0.0240631103515625 0.0126323699951172 0.03961181640625 0.36676025390625
-0.0249176025390625 -0.019927978515625 -0.3046875 0.35113525390625
0.00422000885009766 -0.0105628967285156 -0.376678466796875 0.073486328125
0.0235805511474609 0.0115318298339844 -0.00776672363281249 0.04620361328125
0.0195121765136719 -0.000246047973632813 0.4290771484375 0.0263671875
-0.00149059295654297 -0.010040283203125 0.388092041015625 -0.328704833984375
-0.0117311477661133 0.00196647644042969 -0.050750732421875 -0.41748046875
-0.00341415405273437 0.00695991516113281 -0.281143188476563 -0.141952514648437
0.00970172882080078 0.00941944122314453 -0.221527099609375 0.04852294921875
0.0190010070800781 0.000888824462890625 -0.0475692749023438 0.110984802246094
0.00990676879882813 -0.00745964050292969 0.0693435668945312 0.0710067749023437
0.00516605377197266 -0.00135660171508789 -0.0397796630859375 -0.076171875
0.0100164413452148 0.0110797882080078 0.0895538330078125 -0.095184326171875
0.00730800628662109 0.01336669921875 0.215805053710938 -0.0047149658203125
-0.00923633575439453 0.0103826522827148 0.24072265625 0.20281982421875
-0.0271472930908203 -0.0114364624023438 -0.03607177734375 0.378173828125
0.00033760070800781 -0.0316505432128906 -0.368316650390625 0.29107666015625
0.0473480224609375 0.00692367553710938 -0.35601806640625 0.0190124511718751
0.064117431640625 0.0400428771972656 0.0510063171386719 0.0528831481933594
0.0501747131347656 0.00494003295898438 0.447296142578125 -0.036407470703125
0.013702392578125 -0.0198497772216797 0.328887939453125 -0.38128662109375
-0.0147819519042969 -0.0132827758789063 -0.111907958984375 -0.3914794921875
-0.01593017578125 -0.00620269775390625 -0.28948974609375 -0.0950622558593751
0.00293922424316406 0.00408196449279785 -0.2091064453125 0.07757568359375
0.0111360549926758 0.00569725036621094 -0.0388259887695313 0.115798950195313
0.00194418430328369 0.00217413902282715 0.0715713500976563 0.0707626342773438
0.00597143173217773 -0.00339508056640625 -0.0406265258789063 -0.0740585327148438
0.00993728637695313 0.0101814270019531 0.086395263671875 -0.0960159301757813
0.00768947601318359 0.0146579742431641 0.214019775390625 -0.009063720703125
-0.00824832916259766 0.011744499206543 0.246078491210938 0.194244384765625
-0.0267810821533203 -0.0108242034912109 -0.021331787109375 0.37786865234375
0.00200843811035156 -0.0338268280029297 -0.357269287109375 0.301116943359375
0.052520751953125 0.00334930419921875 -0.361328125 0.024658203125
0.07110595703125 0.0406417846679688 0.0376625061035156 0.0482406616210938
0.0575942993164063 0.00482559204101563 0.4427490234375 -0.028076171875
0.0185756683349609 -0.0218029022216797 0.340728759765625 -0.374755859375
-0.0125236511230469 -0.0145854949951172 -0.0987548828125 -0.397979736328125
-0.014927864074707 -0.00557518005371094 -0.288177490234375 -0.104400634765625
0.00126886367797852 0.00413894653320312 -0.214202880859375 0.072235107421875
0.0111417770385742 0.00526618957519531 -0.043304443359375 0.116317749023437
0.00272727012634277 0.00154018402099609 0.0694198608398438 0.070556640625
0.00807857513427734 -0.00503921508789063 -0.0426177978515625 -0.0720901489257813
0.0107851028442383 0.00763511657714844 0.082855224609375 -0.0967788696289063
0.00929927825927734 0.0160837173461914 0.211898803710938 -0.0156097412109375
-0.00555801391601563 0.0141544342041016 0.25115966796875 0.184051513671875
-0.0251007080078125 -0.00855827331542969 -0.00793457031250004 0.3753662109375
0.000959396362304691 -0.0339241027832031 -0.345001220703125 0.313720703125
0.0521774291992188 -0.000579833984375 -0.36798095703125 0.03289794921875
0.073150634765625 0.038726806640625 0.0219039916992188 0.0423736572265625
0.0592422485351563 0.00492477416992188 0.436614990234375 -0.01531982421875
0.0206890106201172 -0.0226058959960938 0.356109619140625 -0.3643798828125
-0.0103607177734375 -0.0146160125732422 -0.08477783203125 -0.40545654296875
-0.0140962600708008 -0.00329780578613281 -0.286468505859375 -0.11602783203125
0.0016474723815918 0.0060272216796875 -0.218093872070313 0.0668182373046875
0.0118303298950195 0.00470352172851563 -0.0466384887695312 0.115303039550781
0.00418806076049805 -0.000800609588623047 0.0678482055664063 0.0712203979492188
0.00897216796875 -0.00597763061523438 -0.043975830078125 -0.0708541870117188
0.0112333297729492 0.00621891021728516 0.0801544189453125 -0.0983047485351563
0.0111503601074219 0.0157318115234375 0.209014892578125 -0.02288818359375
-0.00388526916503906 0.0171108245849609 0.25592041015625 0.172683715820312
-0.0242042541503906 -0.00475883483886718 0.00942993164062496 0.37152099609375
-0.00188064575195313 -0.0340385437011719 -0.331756591796875 0.32574462890625
0.04736328125 -0.005340576171875 -0.37469482421875 0.0441589355468751
0.0697441101074219 0.0347900390625 0.00655746459960938 0.0395355224609375
0.0574989318847656 0.00508880615234375 0.4310302734375 -0.000396728515625
0.0209903717041016 -0.02130126953125 0.3699951171875 -0.351409912109375
-0.00907611846923828 -0.0124549865722656 -0.070037841796875 -0.411773681640625
-0.0116233825683594 -0.00193023681640625 -0.28338623046875 -0.127044677734375
0.00286722183227539 0.00615358352661133 -0.221298217773437 0.0606842041015625
0.0127487182617188 0.00311660766601563 -0.0504226684570313 0.113761901855469
0.00600814819335938 -0.00253677368164063 0.06695556640625 0.07257080078125
0.00986003875732422 -0.00874710083007812 -0.0455322265625 -0.0703811645507813
0.0131120681762695 0.00404071807861328 0.0782470703125 -0.100700378417969
0.0127630233764648 0.0158042907714844 0.207275390625 -0.0308380126953125
5.53131103515643E-05 0.0206241607666016 0.260116577148438 0.163223266601563
-0.0237979888916016 -0.000244140624999998 0.022613525390625 0.3687744140625
-0.00694847106933594 -0.0312118530273438 -0.31982421875 0.33502197265625
0.0382957458496094 -0.00870513916015625 -0.377410888671875 0.0526123046875
0.0606040954589844 0.0288734436035156 -0.00518035888671874 0.0378227233886719
0.0504875183105469 0.00392532348632813 0.425262451171875 0.01458740234375
0.0173377990722656 -0.0194511413574219 0.384307861328125 -0.336822509765625
-0.00918006896972656 -0.00914096832275391 -0.054046630859375 -0.417388916015625
-0.00893115997314453 0.00144577026367187 -0.280960083007813 -0.13751220703125
0.00417757034301758 0.00777149200439453 -0.223983764648438 0.0541534423828125
0.0141878128051758 0.00224018096923828 -0.0529251098632812 0.112960815429688
0.00806236267089844 -0.00501251220703125 0.0658493041992187 0.07196044921875
0.0114583969116211 -0.0102310180664063 -0.0469512939453125 -0.0701522827148438
0.0145368576049805 0.00241279602050781 0.0767669677734375 -0.102928161621094
0.014369010925293 0.0161886215209961 0.20654296875 -0.035980224609375
0.00148582458496094 0.0231189727783203 0.26226806640625 0.154953002929688
-0.0229282379150391 0.0051422119140625 0.02996826171875 0.36749267578125
-0.0136470794677734 -0.0272731781005859 -0.313232421875 0.341644287109375
0.0269699096679688 -0.0101985931396484 -0.379791259765625 0.05999755859375
0.0487480163574219 0.0225410461425781 -0.0126266479492188 0.0385971069335938
0.04095458984375 0.002777099609375 0.4227294921875 0.026519775390625
0.0118751525878906 -0.015294075012207 0.393280029296875 -0.326141357421875
-0.00843477249145508 -0.00571107864379883 -0.044097900390625 -0.418487548828125
-0.00753498077392578 0.0036773681640625 -0.278564453125 -0.145172119140625
0.0058746337890625 0.00911998748779297 -0.225494384765625 0.0482940673828125
0.0156707763671875 0.00155067443847656 -0.0532073974609375 0.112281799316406
0.0100317001342773 -0.00598430633544922 0.0665512084960938 0.0727691650390625
0.0128297805786133 -0.0110559463500977 -0.0462265014648437 -0.0706939697265625
0.016261100769043 0.00118732452392578 0.0779800415039063 -0.105323791503906
0.0163021087646484 0.0153694152832031 0.206649780273437 -0.0394744873046875
0.00428581237792969 0.0261859893798828 0.263885498046875 0.152023315429687
-0.0228061676025391 0.00914382934570313 0.033477783203125 0.36572265625
-0.0192108154296875 -0.0240573883056641 -0.310394287109375 0.346221923828125
0.0145740509033203 -0.0116367340087891 -0.379730224609375 0.0636901855468749
0.03521728515625 0.0158767700195313 -0.0140647888183594 0.0414199829101563
0.0299911499023438 0.00141334533691406 0.423126220703125 0.0330810546875
0.00516796112060547 -0.0127344131469727 0.3970947265625 -0.320037841796875
-0.0110063552856445 -0.00216770172119141 -0.04156494140625 -0.4183349609375
-0.00449228286743164 0.0060272216796875 -0.2772216796875 -0.148818969726563
0.00740146636962891 0.00955295562744141 -0.22564697265625 0.045745849609375
0.0171394348144531 0.00135707855224609 -0.053192138671875 0.110275268554688
0.0109052658081055 -0.00685214996337891 0.0666885375976563 0.07293701171875
0.0120143890380859 -0.0119771957397461 -0.04669189453125 -0.0716476440429688
0.0175914764404297 0.000621795654296875 0.0800857543945313 -0.107894897460938
0.0178508758544922 0.0144195556640625 0.2078857421875 -0.0443878173828125
0.00499916076660157 0.0264682769775391 0.26605224609375 0.148712158203125
-0.0245475769042969 0.0125446319580078 0.038116455078125 0.367584228515625
-0.0249729156494141 -0.0195446014404297 -0.307891845703125 0.350982666015625
0.0041656494140625 -0.0105485916137695 -0.377532958984375 0.071044921875
0.0231533050537109 0.0110511779785156 -0.00822448730468749 0.0463027954101562
0.01953125 -0.000421524047851562 0.429229736328125 0.02789306640625
-0.00126075744628906 -0.0100679397583008 0.39166259765625 -0.327911376953125
-0.0129299163818359 0.00176334381103515 -0.0518798828125 -0.418975830078125
-0.00291061401367188 0.00728607177734375 -0.2821044921875 -0.14306640625
0.00907039642333984 0.00911998748779297 -0.223403930664063 0.0488433837890625
0.0177230834960938 -5.7220458984375E-06 -0.0488357543945312 0.111167907714844
0.0106668472290039 -0.00723648071289063 0.0688705444335938 0.0724029541015625
0.0055546760559082 -0.00119590759277344 -0.0383224487304688 -0.0773544311523438
0.00995731353759766 0.0112056732177734 0.0913238525390625 -0.0968093872070313
0.007965087890625 0.0144577026367187 0.216293334960938 -0.0040740966796875
-0.008819580078125 0.0102748870849609 0.240768432617187 0.204116821289063
-0.0280303955078125 -0.0117149353027344 -0.03778076171875 0.380035400390625
0.000724792480468749 -0.0311737060546875 -0.37109375 0.29168701171875
0.0467910766601563 0.0067138671875 -0.357330322265625 0.017578125
0.0635604858398438 0.0405616760253906 0.0506591796875 0.0533828735351563
0.0515403747558594 0.00537872314453125 0.44964599609375 -0.035186767578125
0.0142860412597656 -0.0200176239013672 0.331451416015625 -0.3836669921875
-0.0151815414428711 -0.0132894515991211 -0.11090087890625 -0.394866943359375
-0.0154314041137695 -0.00554943084716797 -0.29071044921875 -0.095184326171875
0.00221490859985352 0.00550222396850586 -0.211135864257813 0.077423095703125
0.0113439559936523 0.00540542602539063 -0.0394439697265625 0.116920471191406
0.00137209892272949 0.0018463134765625 0.0717391967773438 0.0717010498046875
0.00570201873779297 -0.00281143188476563 -0.040802001953125 -0.0752716064453125
0.00982952117919922 0.0109043121337891 0.0873641967773438 -0.0964736938476563
0.00765037536621094 0.0153398513793945 0.216522216796875 -0.0092620849609375
-0.00847434997558594 0.0121803283691406 0.247116088867187 0.196304321289062
-0.0266361236572266 -0.0116043090820313 -0.0228271484375 0.379638671875
0.00274658203125 -0.0333633422851562 -0.361083984375 0.302398681640625
0.0533027648925781 0.00290298461914063 -0.3636474609375 0.0240478515625
0.07122802734375 0.0412216186523438 0.0368232727050781 0.047454833984375
0.0577850341796875 0.0050201416015625 0.446075439453125 -0.027496337890625
0.0175304412841797 -0.0214424133300781 0.343597412109375 -0.37615966796875
-0.0132646560668945 -0.0146474838256836 -0.09991455078125 -0.39984130859375
-0.0166864395141602 -0.00567054748535156 -0.2896728515625 -0.105010986328125
0.00121593475341797 0.00451946258544922 -0.216033935546875 0.0729827880859375
0.0104084014892578 0.00523662567138672 -0.0430145263671875 0.116165161132813
0.00289320945739746 0.00118684768676758 0.0706939697265625 0.07110595703125
0.00816106796264648 -0.00363254547119141 -0.0425033569335937 -0.0724868774414063
0.0105609893798828 0.00822353363037109 0.0838623046875 -0.0966110229492188
0.00884056091308594 0.0157194137573242 0.213241577148438 -0.0153961181640625
-0.00679969787597656 0.014190673828125 0.25177001953125 0.185394287109375
-0.0254020690917969 -0.00878524780273438 -0.00805664062500002 0.378021240234375
0.00130844116210937 -0.0343399047851563 -0.34759521484375 0.315460205078125
0.0527534484863281 -0.0011444091796875 -0.3707275390625 0.032684326171875
0.0728988647460938 0.0381927490234375 0.0215415954589844 0.0431976318359375
0.0599632263183594 0.0057525634765625 0.438323974609375 -0.01409912109375
0.0205421447753906 -0.0212612152099609 0.358123779296875 -0.36541748046875
-0.0108299255371094 -0.0155038833618164 -0.084136962890625 -0.40802001953125
-0.0141410827636719 -0.00384330749511719 -0.287750244140625 -0.1165771484375
0.00108480453491211 0.00621795654296875 -0.21954345703125 0.0673065185546875
0.0121078491210938 0.00446319580078125 -0.0486907958984375 0.115287780761719
0.00509929656982422 -0.000522136688232422 0.0676956176757812 0.0718231201171875
0.00885105133056641 -0.00661277770996094 -0.0434951782226563 -0.0714797973632812
0.0117349624633789 0.00643157958984375 0.0803985595703125 -0.100265502929687
0.0116987228393555 0.0167779922485352 0.2115478515625 -0.022216796875
-0.00239181518554687 0.0175018310546875 0.258071899414063 0.174468994140625
-0.0242385864257812 -0.00534629821777343 0.00857543945312496 0.37542724609375
-0.00228500366210938 -0.0330333709716797 -0.335113525390625 0.3280029296875
0.0475921630859375 -0.00585174560546875 -0.37738037109375 0.0426330566406249
0.0688514709472656 0.0359230041503906 0.00574874877929688 0.039276123046875
0.0570831298828125 0.005340576171875 0.43280029296875 0.0006103515625
0.0205345153808594 -0.0208015441894531 0.37347412109375 -0.351837158203125
-0.00959396362304687 -0.0130205154418945 -0.0689697265625 -0.41448974609375
-0.0124835968017578 -0.00170516967773437 -0.285308837890625 -0.128692626953125
0.00286483764648437 0.00652313232421875 -0.223648071289062 0.0612945556640625
0.0127038955688477 0.00296306610107422 -0.05059814453125 0.115165710449219
0.00731134414672852 -0.00292348861694336 0.0674362182617188 0.0731124877929688
0.0108833312988281 -0.00888252258300781 -0.0446624755859375 -0.0709686279296875
0.012995719909668 0.00443267822265625 0.078704833984375 -0.101608276367188
0.012516975402832 0.0166740417480469 0.209365844726563 -0.0302886962890625
-0.00118064880371094 0.0205478668212891 0.261550903320313 0.1644287109375
-0.0235309600830078 -0.000175476074218751 0.021881103515625 0.371734619140625
-0.00756645202636718 -0.0307598114013672 -0.32305908203125 0.337158203125
0.0375404357910156 -0.00857925415039063 -0.380126953125 0.05126953125
0.0606575012207031 0.0291290283203125 -0.00576400756835938 0.0384597778320313
0.050262451171875 0.00452804565429688 0.427276611328125 0.0146484375
0.0177574157714844 -0.0184040069580078 0.3861083984375 -0.338226318359375
-0.00980949401855469 -0.00961875915527344 -0.053009033203125 -0.419189453125
-0.00929641723632813 0.000806808471679687 -0.28204345703125 -0.138671875
0.00322246551513672 0.00795650482177734 -0.2264404296875 0.0547637939453125
0.0135869979858398 0.00275516510009766 -0.0533370971679687 0.113372802734375
0.00838804244995117 -0.00418329238891601 0.0660324096679688 0.0727615356445313
0.0117683410644531 -0.0101585388183594 -0.0465087890625 -0.0711135864257812
0.0144567489624023 0.00283622741699219 0.0782241821289062 -0.103668212890625
0.0144920349121094 0.0159988403320313 0.207534790039063 -0.0354766845703125
0.0020751953125 0.0235099792480469 0.264190673828125 0.15582275390625
-0.0231990814208984 0.00526046752929688 0.029266357421875 0.3687744140625
-0.0136680603027344 -0.0274372100830078 -0.316009521484375 0.34234619140625
0.0272045135498047 -0.0101909637451172 -0.38226318359375 0.0583801269531251
0.0487823486328125 0.022003173828125 -0.0135078430175781 0.03802490234375
0.0405731201171875 0.00294876098632812 0.42437744140625 0.0279541015625
0.0119733810424805 -0.0160341262817383 0.397125244140625 -0.326568603515625
-0.00951290130615234 -0.00661754608154297 -0.044464111328125 -0.42169189453125
-0.00664091110229492 0.00347566604614258 -0.280014038085938 -0.14569091796875
0.00485372543334961 0.00818300247192383 -0.227020263671875 0.0477447509765625
0.0153722763061523 0.00182056427001953 -0.05474853515625 0.112800598144531
0.00960445404052735 -0.00566959381103516 0.0666427612304687 0.0741348266601563
0.0123462677001953 -0.0106573104858398 -0.0464096069335938 -0.0716629028320313
0.0167980194091797 0.00189876556396484 0.0793304443359375 -0.105842590332031
0.0167808532714844 0.0146980285644531 0.208328247070312 -0.039459228515625
0.00355911254882813 0.0257415771484375 0.264755249023438 0.153335571289063
-0.0235691070556641 0.00913047790527344 0.03082275390625 0.36834716796875
-0.0193061828613281 -0.0226230621337891 -0.3116455078125 0.3472900390625
0.0152797698974609 -0.0111236572265625 -0.382354736328125 0.061737060546875
0.0347442626953125 0.0165138244628906 -0.0144004821777344 0.0415840148925781
0.0302295684814453 0.00128746032714844 0.424835205078125 0.03485107421875
0.00567340850830078 -0.0133552551269531 0.40057373046875 -0.322235107421875
-0.010157585144043 -0.00177001953125 -0.0411376953125 -0.422607421875
-0.00476264953613281 0.00579071044921875 -0.279754638671875 -0.149810791015625
0.007080078125 0.00927734375 -0.226699829101563 0.0452423095703125
0.0176773071289063 0.00131034851074219 -0.053192138671875 0.11126708984375
0.0112266540527344 -0.00641536712646484 0.0670242309570312 0.0733871459960938
0.0127944946289063 -0.011479377746582 -0.0460433959960937 -0.0734786987304688
0.0174274444580078 0.00110244750976563 0.0813751220703125 -0.108734130859375
0.0184726715087891 0.0150222778320312 0.2093505859375 -0.044403076171875
0.00541305541992187 0.0266914367675781 0.267425537109375 0.148956298828125
-0.0246982574462891 0.0123100280761719 0.036346435546875 0.370513916015625
-0.0247955322265625 -0.0193729400634766 -0.309234619140625 0.353546142578125
0.00383663177490234 -0.0102920532226563 -0.38092041015625 0.070648193359375
0.0227947235107422 0.01055908203125 -0.009124755859375 0.0472030639648438
0.0196342468261719 -0.000293731689453125 0.4307861328125 0.02984619140625
-0.00173568725585937 -0.0103330612182617 0.394195556640625 -0.329010009765625
-0.0127716064453125 0.00249862670898438 -0.050933837890625 -0.421783447265625
-0.00313997268676758 0.00711584091186523 -0.2838134765625 -0.14447021484375
0.00941181182861328 0.00958347320556641 -0.224395751953125 0.0481719970703125
0.0181198120117188 0.00012969970703125 -0.049896240234375 0.111602783203125
0.0114784240722656 -0.00735092163085937 0.0697402954101563 0.073333740234375
0.00490808486938477 -0.00127696990966797 -0.0384674072265625 -0.078887939453125
0.00975131988525391 0.011688232421875 0.091552734375 -0.0975570678710938
0.00808906555175781 0.0142145156860352 0.219558715820312 -0.0037384033203125
-0.0086812973022461 0.0102434158325195 0.242889404296875 0.20587158203125
-0.0279216766357422 -0.0118865966796875 -0.038482666015625 0.3846435546875
-0.000114440917968752 -0.0309181213378906 -0.374267578125 0.293975830078125
0.0478935241699219 0.00647354125976563 -0.359771728515625 0.0170898437499999
0.0641326904296875 0.0407180786132813 0.0499420166015625 0.0538253784179687
0.051239013671875 0.00535202026367188 0.453033447265625 -0.0345458984375
0.0140666961669922 -0.0200214385986328 0.335418701171875 -0.38677978515625
-0.0149621963500977 -0.0136117935180664 -0.11322021484375 -0.39691162109375
-0.0168666839599609 -0.00637626647949219 -0.293426513671875 -0.0967712402343751
0.00203824043273926 0.00427913665771484 -0.213165283203125 0.0786285400390625
0.0112075805664063 0.00531864166259766 -0.0397491455078125 0.117408752441406
0.00229692459106445 0.00208926200866699 0.072296142578125 0.0721893310546875
0.00538825988769531 -0.00292015075683594 -0.0406265258789063 -0.076324462890625
0.0101079940795898 0.0107040405273438 0.0874786376953125 -0.097503662109375
0.00837898254394531 0.0156269073486328 0.2171630859375 -0.00927734375
-0.00782108306884766 0.011622428894043 0.249313354492188 0.196868896484375
-0.0274543762207031 -0.0110569000244141 -0.02349853515625 0.38323974609375
0.00276374816894531 -0.0334072113037109 -0.3643798828125 0.30548095703125
0.0533943176269531 0.0034942626953125 -0.36785888671875 0.0225830078125
0.0715713500976563 0.0420684814453125 0.0368118286132813 0.0483207702636719
0.0571212768554687 0.00525665283203125 0.448211669921875 -0.026275634765625
0.0186862945556641 -0.0223751068115234 0.34686279296875 -0.379302978515625
-0.0126619338989258 -0.0151700973510742 -0.100494384765625 -0.403778076171875
-0.0157508850097656 -0.00559806823730469 -0.292816162109375 -0.105621337890625
0.00113344192504883 0.00451564788818359 -0.218124389648438 0.073333740234375
0.010828971862793 0.00615787506103516 -0.0447921752929687 0.117965698242187
0.00313830375671387 0.00132322311401367 0.0706024169921875 0.0732955932617188
0.0072479248046875 -0.00504207611083984 -0.0429916381835937 -0.0742340087890625
0.0101032257080078 0.00832366943359375 0.0843124389648438 -0.097747802734375
0.00842952728271485 0.0158042907714844 0.21490478515625 -0.016021728515625
-0.00562381744384766 0.0140419006347656 0.254364013671875 0.188140869140625
-0.0249958038330078 -0.00838088989257812 -0.00830078125000001 0.38104248046875
0.00114250183105469 -0.0341949462890625 -0.3519287109375 0.317108154296875
0.0530548095703125 -0.00102615356445313 -0.37457275390625 0.0308837890625001
0.0731124877929688 0.0389862060546875 0.0206146240234375 0.0433387756347656
0.05963134765625 0.00631332397460938 0.44085693359375 -0.01373291015625
0.0205421447753906 -0.021820068359375 0.36083984375 -0.368011474609375
-0.0104579925537109 -0.0143251419067383 -0.08673095703125 -0.410400390625
-0.0137510299682617 -0.00438404083251953 -0.28997802734375 -0.117523193359375
0.00145339965820312 0.00625705718994141 -0.221771240234375 0.0677032470703125
0.0117664337158203 0.00397682189941406 -0.0487747192382812 0.117050170898438
0.00490140914916992 -0.000639438629150391 0.0696945190429688 0.0725860595703125
0.00849676132202148 -0.00693368911743164 -0.044036865234375 -0.0723648071289062
0.0115833282470703 0.00721073150634766 0.0811767578125 -0.100898742675781
0.0106716156005859 0.0161705017089844 0.212615966796875 -0.0225067138671875
-0.00314807891845703 0.0164260864257813 0.259658813476563 0.17431640625
-0.0252895355224609 -0.00425338745117187 0.00848388671875003 0.377838134765625
-0.00204849243164063 -0.0327968597412109 -0.33709716796875 0.3291015625
0.0474281311035156 -0.00496673583984375 -0.37945556640625 0.041229248046875
0.0692596435546875 0.0354232788085938 0.00554275512695313 0.0389480590820313
0.0582122802734375 0.00555801391601562 0.435150146484375 0.00213623046875
0.0206718444824219 -0.0217800140380859 0.37701416015625 -0.353424072265625
-0.00969123840332031 -0.0130348205566406 -0.06982421875 -0.417938232421875
-0.0120363235473633 -0.00133800506591797 -0.287628173828125 -0.127716064453125
0.0018315315246582 0.00636100769042969 -0.2254638671875 0.061279296875
0.0124225616455078 0.00305557250976563 -0.0518951416015625 0.115745544433594
0.00667238235473633 -0.00238370895385742 0.0678558349609375 0.0741195678710938
0.010737419128418 -0.0086212158203125 -0.04534912109375 -0.0713119506835938
0.0128612518310547 0.00370693206787109 0.07989501953125 -0.102981567382812
0.0129203796386719 0.0164604187011719 0.210342407226563 -0.031341552734375
-0.000242233276367185 0.0213279724121094 0.263992309570313 0.166336059570313
-0.023773193359375 0.000150680541992188 0.02239990234375 0.37469482421875
-0.00735092163085938 -0.0299243927001953 -0.3251953125 0.338714599609375
0.0382118225097656 -0.0092010498046875 -0.3836669921875 0.05126953125
0.0604820251464844 0.0287361145019531 -0.00642395019531249 0.0372467041015625
0.0503883361816406 0.004669189453125 0.430908203125 0.017181396484375
0.0173530578613281 -0.0182762145996094 0.389984130859375 -0.340484619140625
-0.009063720703125 -0.0104961395263672 -0.055023193359375 -0.42193603515625
-0.0094757080078125 0.000840187072753905 -0.28521728515625 -0.1390380859375
0.00405025482177734 0.0068211555480957 -0.228103637695313 0.0557861328125
0.0135021209716797 0.00214672088623047 -0.0543746948242188 0.115188598632812
0.00957202911376953 -0.00453472137451172 0.0668716430664063 0.0740890502929688
0.0119771957397461 -0.0104427337646484 -0.045440673828125 -0.0720672607421875
0.014470100402832 0.00128173828125 0.0789642333984375 -0.104911804199219
0.0146617889404297 0.0158205032348633 0.209121704101563 -0.0354461669921875
0.00274085998535156 0.0229930877685547 0.265899658203125 0.157180786132813
-0.0233364105224609 0.00513267517089843 0.028839111328125 0.37261962890625
-0.0142498016357422 -0.0265522003173828 -0.317901611328125 0.345550537109375
0.0266456604003906 -0.0103111267089844 -0.386566162109375 0.0578918457031249
0.0486068725585938 0.0224189758300781 -0.0142135620117187 0.03851318359375
0.0413017272949219 0.00358963012695313 0.42730712890625 0.028411865234375
0.0122013092041016 -0.0158395767211914 0.399810791015625 -0.327880859375
-0.00897502899169922 -0.00609016418457031 -0.04412841796875 -0.42449951171875
-0.00715303421020508 0.00372028350830078 -0.283233642578125 -0.147705078125
0.00551652908325195 0.00792837142944336 -0.228988647460938 0.0495147705078125
0.0158262252807617 0.00116729736328125 -0.0550003051757812 0.113433837890625
0.010502815246582 -0.00617218017578125 0.0664520263671875 0.075408935546875
0.012049674987793 -0.0112371444702148 -0.046844482421875 -0.0729598999023438
0.0158576965332031 0.00102424621582031 0.0794830322265625 -0.107673645019531
0.0161457061767578 0.0157661437988281 0.209518432617188 -0.0400848388671875
0.0041656494140625 0.0252456665039063 0.266769409179688 0.153900146484375
-0.0238285064697266 0.00948715209960937 0.032958984375 0.37158203125
-0.0183162689208984 -0.0224037170410156 -0.314971923828125 0.3494873046875
0.0150899887084961 -0.0108528137207031 -0.386260986328125 0.062469482421875
0.0345726013183594 0.0164337158203125 -0.0157356262207031 0.0417404174804688
0.0293598175048828 0.00191307067871094 0.42822265625 0.036376953125
0.00471401214599609 -0.0121746063232422 0.404449462890625 -0.322784423828125
-0.0100841522216797 -0.00208187103271484 -0.040191650390625 -0.426116943359375
-0.00478982925415039 0.00597190856933594 -0.28143310546875 -0.151123046875
0.00711822509765625 0.00959300994873047 -0.228805541992188 0.0462188720703125
0.0174465179443359 0.00139999389648438 -0.0537185668945313 0.112648010253906
0.0110654830932617 -0.006378173828125 0.06817626953125 0.0749893188476563
0.0130691528320312 -0.0118427276611328 -0.0464401245117188 -0.07354736328125
0.0174455642700195 0.000575065612792969 0.0812835693359375 -0.110610961914063
0.0183849334716797 0.0144615173339844 0.210861206054688 -0.0455474853515625
0.00551223754882813 0.027069091796875 0.269882202148438 0.150680541992187
-0.0249710083007813 0.0125141143798828 0.035858154296875 0.373138427734375
-0.0249862670898438 -0.0189723968505859 -0.312408447265625 0.3558349609375
0.00443363189697266 -0.0112762451171875 -0.383270263671875 0.0699462890624999
0.0232009887695313 0.0106067657470703 -0.00999069213867188 0.0461692810058594
0.01922607421875 0.000463485717773437 0.432647705078125 0.02978515625
-0.00175762176513672 -0.0103120803833008 0.3974609375 -0.33001708984375
-0.0126581192016602 0.00132846832275391 -0.050506591796875 -0.42474365234375
-0.00307703018188477 0.00636720657348633 -0.286468505859375 -0.14599609375
0.00948238372802735 0.00894927978515625 -0.227813720703125 0.0497589111328125
0.018829345703125 3.814697265625E-06 -0.0505142211914063 0.112907409667969
0.0114984512329102 -0.00755691528320313 0.0705490112304688 0.0737533569335938
0.00502681732177734 -0.00173139572143555 -0.039886474609375 -0.08001708984375
0.0100364685058594 0.0120449066162109 0.0925064086914063 -0.0987777709960938
0.0079336166381836 0.0147209167480469 0.2208251953125 -0.0045318603515625
-0.00869369506835937 0.0101442337036133 0.246170043945313 0.206832885742188
-0.0285491943359375 -0.0118656158447266 -0.0379638671875 0.38812255859375
0.000942230224609377 -0.0309181213378906 -0.377044677734375 0.296356201171875
0.0484504699707031 0.00729751586914063 -0.364044189453125 0.016326904296875
0.0642204284667969 0.040557861328125 0.0498199462890625 0.0539360046386719
0.0513839721679687 0.00578689575195312 0.456085205078125 -0.0360107421875
0.0146579742431641 -0.0205459594726563 0.337127685546875 -0.389495849609375
-0.0148859024047852 -0.0139350891113281 -0.1134033203125 -0.40032958984375
-0.0172834396362305 -0.00620937347412109 -0.297088623046875 -0.0958557128906251
0.00152111053466797 0.00440645217895508 -0.21527099609375 0.0800018310546875
0.011347770690918 0.00594139099121094 -0.040496826171875 0.118644714355469
0.00209164619445801 0.00160419940948486 0.073974609375 0.0736083984375
0.00551986694335938 -0.00315666198730469 -0.041046142578125 -0.0774765014648438
0.010035514831543 0.0102100372314453 0.0882949829101563 -0.0986175537109375
0.00860786437988281 0.0152263641357422 0.219863891601563 -0.0102081298828125
-0.00762653350830078 0.0118951797485352 0.251388549804688 0.1988525390625
-0.0269565582275391 -0.0114345550537109 -0.0242919921875 0.387939453125
0.00213050842285156 -0.0332107543945313 -0.36810302734375 0.30828857421875
0.0538482666015625 0.00348281860351563 -0.371429443359375 0.023040771484375
0.0715866088867188 0.0414657592773438 0.0363273620605469 0.0484771728515625
0.0577850341796875 0.0055694580078125 0.45147705078125 -0.025909423828125
0.0181713104248047 -0.021728515625 0.349639892578125 -0.38153076171875
-0.0126409530639648 -0.0154361724853516 -0.101959228515625 -0.407745361328125
-0.0158853530883789 -0.00506401062011719 -0.295196533203125 -0.10614013671875
0.00105190277099609 0.00463724136352539 -0.2203369140625 0.0745391845703125
0.0105428695678711 0.00526523590087891 -0.0455169677734375 0.118667602539062
0.00316858291625977 0.00121164321899414 0.072052001953125 0.0741806030273437
0.00809812545776367 -0.00504350662231445 -0.042755126953125 -0.0750350952148438
0.0113868713378906 0.00904560089111328 0.0855865478515625 -0.0997467041015625
0.00912094116210937 0.0160455703735352 0.217086791992187 -0.01544189453125
-0.00523853302001953 0.0141105651855469 0.256866455078125 0.187408447265625
-0.0257720947265625 -0.00895118713378906 -0.00790405273437504 0.385528564453125
0.00162315368652344 -0.0341796875 -0.355010986328125 0.32159423828125
0.0531082153320313 -0.000965118408203125 -0.37774658203125 0.03155517578125
0.073577880859375 0.0395584106445313 0.0209121704101563 0.0423736572265625
0.0604705810546875 0.00613784790039062 0.444549560546875 -0.013427734375
0.0205116271972656 -0.0222568511962891 0.364898681640625 -0.370849609375
-0.0108976364135742 -0.0152559280395508 -0.08795166015625 -0.415008544921875
-0.0151567459106445 -0.00380897521972657 -0.29290771484375 -0.117950439453125
0.000895500183105469 0.00624227523803711 -0.224594116210938 0.0691680908203125
0.0116519927978516 0.00430393218994141 -0.0490951538085938 0.117912292480469
0.00495243072509766 -0.000610828399658203 0.0698928833007813 0.0739822387695313
0.00876665115356445 -0.00758934020996094 -0.0441741943359375 -0.0744400024414062
0.011286735534668 0.00667476654052734 0.0817108154296875 -0.102310180664063
0.0113191604614258 0.0168476104736328 0.215591430664063 -0.024169921875
-0.00343608856201172 0.0170679092407227 0.262802124023438 0.176010131835938
-0.0248241424560547 -0.00429725646972656 0.00811767578124997 0.3814697265625
-0.00209426879882813 -0.0325050354003906 -0.340545654296875 0.33349609375
0.0476608276367188 -0.00548553466796875 -0.383514404296875 0.041839599609375
0.0696334838867188 0.0347671508789063 0.00510025024414063 0.0393486022949219
0.0570831298828125 0.00584030151367188 0.439300537109375 0.003631591796875
0.021087646484375 -0.021484375 0.37994384765625 -0.356597900390625
-0.00889682769775391 -0.013249397277832 -0.071258544921875 -0.42120361328125
-0.0125045776367188 -0.00174140930175781 -0.29022216796875 -0.129669189453125
0.00136327743530273 0.00664329528808594 -0.228302001953125 0.0632171630859375
0.0124607086181641 0.00272941589355469 -0.0525665283203125 0.117607116699219
0.00732231140136719 -0.00297737121582031 0.0692367553710938 0.0748443603515625
0.0112171173095703 -0.00926589965820313 -0.0450592041015625 -0.0733413696289063
0.0127849578857422 0.00390815734863281 0.0793914794921875 -0.104537963867188
0.013728141784668 0.0166616439819336 0.213470458984375 -0.03094482421875
0.000400543212890627 0.0205135345458984 0.266921997070313 0.166854858398438
-0.0244865417480469 0.000373840332031255 0.0213623046875 0.378662109375
-0.00734901428222657 -0.0305709838867188 -0.32867431640625 0.34332275390625
0.0385856628417969 -0.0092315673828125 -0.388031005859375 0.0506896972656249
0.0608863830566406 0.0290756225585938 -0.00692367553710937 0.0379142761230469
0.0510406494140625 0.004669189453125 0.43438720703125 0.0174560546875
0.0175113677978516 -0.0193939208984375 0.392974853515625 -0.343719482421875
-0.00945758819580078 -0.00973415374755859 -0.056549072265625 -0.4254150390625
-0.010162353515625 0.000276565551757815 -0.288116455078125 -0.140411376953125
0.00288724899291992 0.00815200805664063 -0.230545043945313 0.0557098388671875
0.0145044326782227 0.00179290771484375 -0.0547561645507813 0.117042541503906
0.00909614562988281 -0.00417613983154297 0.0677947998046875 0.0755462646484375
0.0117692947387695 -0.0102739334106445 -0.0465316772460938 -0.0738983154296875
0.0153093338012695 0.00228118896484375 0.0794448852539063 -0.106544494628906
0.0150022506713867 0.0165815353393555 0.211929321289063 -0.0367279052734375
0.00192832946777344 0.0240211486816406 0.268951416015625 0.158447265625
-0.0233173370361328 0.00551223754882813 0.0294189453125 0.37701416015625
-0.0131893157958984 -0.0264530181884766 -0.320404052734375 0.349822998046875
0.0271472930908203 -0.0108852386474609 -0.390472412109375 0.0587463378906249
0.0483474731445313 0.0222282409667969 -0.0152549743652344 0.0386886596679688
0.0407142639160156 0.0032806396484375 0.430450439453125 0.029052734375
0.0116052627563477 -0.0154237747192383 0.40179443359375 -0.33160400390625
-0.00893402099609375 -0.00678539276123047 -0.044921875 -0.42816162109375
-0.00766086578369141 0.00363445281982422 -0.28656005859375 -0.14886474609375
0.0048675537109375 0.00919914245605469 -0.232223510742188 0.049591064453125
0.0159215927124023 0.00122737884521484 -0.0558853149414062 0.114875793457031
0.0100469589233398 -0.00675201416015625 0.0678863525390625 0.076263427734375
0.0122585296630859 -0.0115995407104492 -0.0465927124023438 -0.0745162963867187
0.0160884857177734 0.00151348114013672 0.0805587768554687 -0.108863830566406
0.0169305801391602 0.0160045623779297 0.211807250976562 -0.04052734375
0.00452995300292969 0.0255832672119141 0.269989013671875 0.155029296875
-0.0237598419189453 0.00877189636230469 0.031982421875 0.376739501953125
-0.0190963745117188 -0.0222263336181641 -0.318695068359375 0.353424072265625
0.0153436660766602 -0.01153564453125 -0.39013671875 0.0623779296875
0.0350608825683594 0.0162315368652344 -0.0157546997070312 0.0415611267089844
0.0301284790039063 0.00211334228515625 0.431671142578125 0.037078857421875
0.00461578369140625 -0.0129308700561523 0.40716552734375 -0.327117919921875
-0.0104751586914063 -0.00193500518798828 -0.04248046875 -0.429534912109375
-0.00500869750976563 0.00557041168212891 -0.285369873046875 -0.1514892578125
0.00698566436767578 0.00898361206054688 -0.231521606445313 0.0472412109375
0.017430305480957 0.000618934631347656 -0.0561294555664063 0.113983154296875
0.0114507675170898 -0.0070343017578125 0.0685577392578125 0.0760726928710938
0.0130100250244141 -0.0119390487670898 -0.0472183227539062 -0.07550048828125
0.0174560546875 0.00131511688232422 0.0816421508789063 -0.11090087890625
0.0179977416992188 0.0147247314453125 0.2130126953125 -0.045745849609375
0.00593185424804688 0.026153564453125 0.272613525390625 0.151626586914062
-0.0249519348144531 0.0131568908691406 0.037109375 0.377288818359375
-0.0243167877197266 -0.0190086364746094 -0.315582275390625 0.358917236328125
0.00450515747070313 -0.01129150390625 -0.387939453125 0.069915771484375
0.0228672027587891 0.010894775390625 -0.00956344604492188 0.0457534790039062
0.0191879272460938 7.2479248046875E-05 0.438018798828125 0.03057861328125
-0.00217914581298828 -0.00970268249511719 0.4012451171875 -0.33392333984375
-0.0126094818115234 0.00156211853027344 -0.053070068359375 -0.42901611328125
-0.00396156311035156 0.00743341445922852 -0.289093017578125 -0.146575927734375
0.00851821899414063 0.00940132141113281 -0.229324340820313 0.04998779296875
0.0184879302978516 -0.000329971313476563 -0.0512237548828125 0.113533020019531
0.0112762451171875 -0.00848007202148438 0.0707855224609375 0.0754928588867188
0.00551462173461914 -0.00181102752685547 -0.0400238037109375 -0.0807037353515625
0.00991249084472656 0.0120048522949219 0.0926666259765625 -0.100868225097656
0.00867748260498047 0.0142412185668945 0.224365234375 -0.0054931640625
-0.00896835327148438 0.00963592529296875 0.248611450195313 0.20819091796875
-0.0289554595947266 -0.0121116638183594 -0.03790283203125 0.392333984375
0.000921249389648436 -0.0306854248046875 -0.38275146484375 0.301025390625
0.0485267639160156 0.0065155029296875 -0.369598388671875 0.016815185546875
0.064971923828125 0.0414390563964844 0.0502052307128906 0.0536994934082031
0.0513534545898437 0.0058441162109375 0.46026611328125 -0.035858154296875
0.014068603515625 -0.0202083587646484 0.3399658203125 -0.394744873046875
-0.0152616500854492 -0.0146875381469727 -0.118255615234375 -0.40460205078125
-0.0177345275878906 -0.00631332397460937 -0.30047607421875 -0.095977783203125
0.000808477401733399 0.00348711013793945 -0.217788696289062 0.081817626953125
0.0111408233642578 0.00579452514648438 -0.0411834716796875 0.1199951171875
0.00167083740234375 0.00149655342102051 0.0751876831054688 0.0745468139648438
0.00584840774536133 -0.00342130661010742 -0.04132080078125 -0.0779571533203125
0.0103492736816406 0.0113515853881836 0.0895462036132813 -0.100868225097656
0.00892925262451172 0.0152435302734375 0.222000122070312 -0.0108642578125
-0.00762653350830078 0.0116071701049805 0.255722045898438 0.199722290039063
-0.0279636383056641 -0.0118541717529297 -0.023712158203125 0.391265869140625
0.002593994140625 -0.0329761505126953 -0.371063232421875 0.3126220703125
0.0536422729492188 0.0035858154296875 -0.37542724609375 0.02294921875
0.0723648071289063 0.0410919189453125 0.0364570617675781 0.0483512878417969
0.0588035583496094 0.0053253173828125 0.4559326171875 -0.02764892578125
0.0187110900878906 -0.0218486785888672 0.352447509765625 -0.3876953125
-0.0126256942749023 -0.0153627395629883 -0.104949951171875 -0.410919189453125
-0.0163841247558594 -0.00556468963623047 -0.299530029296875 -0.10577392578125
0.000644207000732422 0.0053553581237793 -0.222991943359375 0.077301025390625
0.0103006362915039 0.00566673278808594 -0.04522705078125 0.120582580566406
0.00350093841552734 0.000377655029296875 0.072540283203125 0.0747222900390625
0.00786352157592773 -0.00488185882568359 -0.0429229736328125 -0.0763320922851563
0.010340690612793 0.00973224639892578 0.0857315063476563 -0.102058410644531
0.00949478149414063 0.016718864440918 0.219284057617188 -0.0172119140625
-0.00592231750488281 0.0137720108032227 0.261062622070313 0.189361572265625
-0.0259017944335938 -0.00848770141601562 -0.00628662109375004 0.389617919921875
0.00139427185058593 -0.0334739685058594 -0.357696533203125 0.325225830078125
0.053863525390625 -0.00078582763671875 -0.382354736328125 0.03326416015625
0.0741043090820313 0.0398330688476563 0.0205497741699219 0.0431289672851563
0.0603561401367188 0.005279541015625 0.448760986328125 -0.01470947265625
0.0208950042724609 -0.0221214294433594 0.3673095703125 -0.3751220703125
-0.0107593536376953 -0.0157251358032227 -0.090606689453125 -0.418426513671875
-0.0153408050537109 -0.00371551513671875 -0.296966552734375 -0.117706298828125
0.000631332397460938 0.0051426887512207 -0.227767944335938 0.0713653564453125
0.0121002197265625 0.00383186340332031 -0.0491485595703125 0.120071411132812
0.00550460815429688 -0.00129175186157227 0.0713119506835937 0.0743179321289062
0.00914478302001953 -0.00671768188476563 -0.0440292358398438 -0.0753250122070313
0.0122509002685547 0.00674915313720703 0.082244873046875 -0.103874206542969
0.0115537643432617 0.0168352127075195 0.217041015625 -0.024078369140625
-0.00329017639160156 0.0180835723876953 0.264328002929688 0.178207397460938
-0.02520751953125 -0.00496101379394532 0.00936889648437497 0.385223388671875
-0.00241470336914063 -0.0332412719726563 -0.344635009765625 0.337890625
0.0482139587402344 -0.00519561767578125 -0.38897705078125 0.042999267578125
0.0701370239257813 0.0350837707519531 0.0043792724609375 0.0389175415039063
0.0580863952636719 0.00632858276367188 0.442779541015625 0.00140380859375
0.0200614929199219 -0.0215930938720703 0.38287353515625 -0.3626708984375
-0.00868892669677734 -0.0136556625366211 -0.0735778808593751 -0.42645263671875
-0.0127696990966797 -0.00167369842529297 -0.295440673828125 -0.129608154296875
0.000610828399658204 0.00697135925292969 -0.231170654296875 0.064605712890625
0.0120639801025391 0.00293731689453125 -0.05364990234375 0.11895751953125
0.00725317001342773 -0.00250434875488281 0.0700607299804688 0.0756149291992188
0.0109272003173828 -0.00954627990722656 -0.0462112426757813 -0.0735244750976563
0.0136919021606445 0.00474452972412109 0.0801925659179688 -0.106208801269531
0.013789176940918 0.0155858993530273 0.215667724609375 -0.0315093994140625
0.000461578369140624 0.0204601287841797 0.26959228515625 0.16717529296875
-0.0243072509765625 0.000118255615234379 0.022491455078125 0.383087158203125
-0.00712203979492188 -0.0311470031738281 -0.33258056640625 0.348846435546875
0.0383110046386719 -0.00873947143554688 -0.39141845703125 0.051666259765625
0.0608711242675781 0.0291557312011719 -0.00816726684570312 0.0381736755371094
0.0513496398925781 0.00457382202148437 0.438140869140625 0.016693115234375
0.017059326171875 -0.0184059143066406 0.39630126953125 -0.34844970703125
-0.00829696655273438 -0.0100164413452148 -0.05828857421875 -0.429931640625
-0.0103054046630859 0.0015106201171875 -0.292205810546875 -0.1407470703125
0.00304937362670898 0.00845623016357422 -0.2333984375 0.0571289062500001
0.0139493942260742 0.00148487091064453 -0.0558547973632812 0.118453979492188
0.0092315673828125 -0.00475215911865234 0.068939208984375 0.0772705078125
0.0115871429443359 -0.0112171173095703 -0.0474319458007812 -0.0750961303710938
0.014923095703125 0.00233364105224609 0.0794677734375 -0.108932495117188
0.0163726806640625 0.0165624618530273 0.215042114257812 -0.038299560546875
0.002716064453125 0.0248928070068359 0.272796630859375 0.159255981445313
-0.0245933532714844 0.00499153137207031 0.0308837890625 0.380218505859375
-0.0137443542480469 -0.0262241363525391 -0.32452392578125 0.35430908203125
0.0276069641113281 -0.0111122131347656 -0.394317626953125 0.0591735839843749
0.0490760803222656 0.0226783752441406 -0.0155677795410156 0.0385971069335938
0.0415992736816406 0.0035858154296875 0.433807373046875 0.029205322265625
0.0115022659301758 -0.016413688659668 0.405914306640625 -0.3369140625
-0.009979248046875 -0.00650691986083984 -0.04736328125 -0.43255615234375
-0.00724315643310547 0.00370168685913086 -0.290374755859375 -0.148651123046875
0.00469684600830078 0.00918006896972656 -0.233978271484375 0.0517425537109375
0.0161609649658203 0.000457763671875 -0.0569534301757813 0.116539001464844
0.0107488632202148 -0.00686359405517578 0.0684432983398437 0.0768203735351563
0.0124902725219727 -0.0122737884521484 -0.0478286743164063 -0.0754013061523438
0.0173377990722656 0.00150775909423828 0.08172607421875 -0.111076354980469
0.0180377960205078 0.0161628723144531 0.213790893554687 -0.042144775390625
0.00440216064453125 0.0250377655029297 0.273681640625 0.155960083007813
-0.0239944458007813 0.00913810729980468 0.033355712890625 0.38006591796875
-0.0190315246582031 -0.0224800109863281 -0.321533203125 0.358428955078125
0.0158300399780273 -0.0109004974365234 -0.393646240234375 0.063323974609375
0.0346126556396484 0.0163822174072266 -0.0164642333984375 0.0410385131835938
0.0292701721191406 0.00210380554199219 0.43524169921875 0.036865234375
0.00482559204101563 -0.0128202438354492 0.411224365234375 -0.331787109375
-0.0108280181884766 -0.00165557861328125 -0.043701171875 -0.43408203125
-0.00649166107177734 0.00617027282714844 -0.2891845703125 -0.15228271484375
0.00663948059082031 0.0101699829101562 -0.234054565429687 0.0489501953125
0.01837158203125 0.00064849853515625 -0.055023193359375 0.115592956542969
0.0111455917358398 -0.00728225708007813 0.0701522827148438 0.0775222778320313
0.0128507614135742 -0.0121526718139648 -0.0473403930664063 -0.0767898559570313
0.0189094543457031 0.000764846801757813 0.0833969116210938 -0.112945556640625
0.01885986328125 0.0154781341552734 0.215469360351563 -0.0474090576171875
0.0062103271484375 0.0269870758056641 0.275711059570313 0.152359008789063
-0.0251998901367188 0.0133914947509766 0.037994384765625 0.381256103515625
-0.0247383117675781 -0.0179214477539062 -0.31890869140625 0.364227294921875
0.00454044342041016 -0.0115480422973633 -0.39361572265625 0.0711975097656249
0.0233669281005859 0.0109138488769531 -0.0107803344726562 0.0465736389160156
0.0192108154296875 -0.000158309936523438 0.4423828125 0.029693603515625
-0.00187301635742187 -0.00925064086914063 0.403900146484375 -0.339080810546875
-0.0124893188476563 0.00171089172363281 -0.054901123046875 -0.433807373046875
-0.00458812713623047 0.00749635696411133 -0.293609619140625 -0.146820068359375
0.00880527496337891 0.00960636138916016 -0.232070922851563 0.05194091796875
0.0186443328857422 -0.000619888305664063 -0.0512237548828125 0.116195678710938
0.0118331909179688 -0.00775527954101563 0.07171630859375 0.0763931274414063
0.00458431243896484 -0.0019841194152832 -0.0401687622070313 -0.0824966430664063
0.0107622146606445 0.0126132965087891 0.0943984985351563 -0.103004455566406
0.00848197937011719 0.0148687362670898 0.226760864257813 -0.0071563720703125
-0.00848484039306641 0.0102081298828125 0.252532958984375 0.21002197265625
-0.0292644500732422 -0.0119609832763672 -0.036407470703125 0.3973388671875
0.000280380249023434 -0.0308418273925781 -0.384490966796875 0.30682373046875
0.0492057800292969 0.0060272216796875 -0.37237548828125 0.018707275390625
0.0658416748046875 0.0407752990722656 0.050567626953125 0.0538177490234375
0.05218505859375 0.00596237182617188 0.46405029296875 -0.038421630859375
0.0137119293212891 -0.0202770233154297 0.340789794921875 -0.400787353515625
-0.0158462524414063 -0.014277458190918 -0.12078857421875 -0.40802001953125
-0.0175895690917969 -0.00524520874023437 -0.304840087890625 -0.094635009765625
0.00109696388244629 0.0036623477935791 -0.21990966796875 0.084320068359375
0.0106296539306641 0.00568199157714844 -0.0410614013671875 0.122817993164063
0.00251269340515137 0.00159788131713867 0.0764923095703125 0.0757827758789063
0.00543498992919922 -0.00293922424316406 -0.0424041748046875 -0.0798873901367188
0.0100994110107422 0.0114870071411133 0.0901336669921875 -0.102836608886719
0.00892925262451172 0.0153827667236328 0.22515869140625 -0.01153564453125
-0.00753498077392578 0.0114583969116211 0.259063720703125 0.201324462890625
-0.0282325744628906 -0.0113105773925781 -0.022613525390625 0.3966064453125
0.00327491760253907 -0.0325584411621094 -0.374725341796875 0.318939208984375
0.0545387268066406 0.002960205078125 -0.380279541015625 0.024261474609375
0.0728988647460938 0.0412445068359375 0.0362586975097656 0.0480613708496094
0.0591468811035156 0.00570297241210938 0.459808349609375 -0.029571533203125
0.0184669494628906 -0.0215988159179688 0.35382080078125 -0.39410400390625
-0.0126552581787109 -0.0159740447998047 -0.109222412109375 -0.41497802734375
-0.0175447463989258 -0.0054168701171875 -0.30377197265625 -0.104705810546875
-0.000447273254394531 0.00489473342895508 -0.22515869140625 0.0789947509765625
0.010960578918457 0.00552463531494141 -0.045928955078125 0.12213134765625
0.00410676002502441 0.000451564788818359 0.0743637084960938 0.0760726928710937
0.00751447677612305 -0.00552272796630859 -0.0436019897460938 -0.0770263671875
0.0109825134277344 0.00984668731689453 0.0859527587890625 -0.103721618652344
0.0100927352905273 0.0168113708496094 0.222732543945313 -0.01751708984375
-0.00495243072509766 0.0148706436157227 0.26544189453125 0.190521240234375
-0.0271720886230469 -0.00903511047363281 -0.00711059570312497 0.394500732421875
0.00164794921875 -0.0338592529296875 -0.361358642578125 0.33135986328125
0.0541038513183594 -0.0017547607421875 -0.38714599609375 0.033599853515625
0.0735702514648438 0.0391464233398438 0.0199775695800781 0.0425071716308594
0.0604362487792969 0.00618743896484375 0.453643798828125 -0.016326904296875
0.0208950042724609 -0.0220813751220703 0.369049072265625 -0.381439208984375
-0.0112619400024414 -0.0159034729003906 -0.09368896484375 -0.423431396484375
-0.0150728225708008 -0.00370597839355469 -0.301300048828125 -0.117095947265625
-0.000538349151611329 0.00572967529296875 -0.229385375976563 0.074493408203125
0.0115137100219727 0.00422954559326172 -0.050537109375 0.121871948242188
0.00544214248657227 -0.00138473510742188 0.0727310180664063 0.0762939453125
0.00934219360351563 -0.007568359375 -0.0457916259765625 -0.076019287109375
0.0117053985595703 0.00658130645751953 0.0822372436523438 -0.105079650878906
0.0121355056762695 0.0163726806640625 0.219833374023437 -0.0261077880859375
-0.00237655639648437 0.0169200897216797 0.270309448242188 0.177276611328125
-0.0253448486328125 -0.00497817993164063 0.0115966796875 0.392242431640625
-0.00199699401855469 -0.0329608917236328 -0.34674072265625 0.343109130859375
0.0491561889648438 -0.00655364990234375 -0.39349365234375 0.0435791015625001
0.0706939697265625 0.0343780517578125 0.00438690185546875 0.0389671325683594
0.0581932067871094 0.00583648681640625 0.44781494140625 3.05175781250004E-05
0.0198574066162109 -0.0211029052734375 0.384918212890625 -0.3680419921875
-0.00933170318603516 -0.0136804580688477 -0.077392578125 -0.430450439453125
-0.0123119354248047 -0.00220203399658203 -0.2987060546875 -0.129119873046875
0.0016169548034668 0.00661993026733398 -0.233169555664063 0.066375732421875
0.012782096862793 0.00321865081787109 -0.0540695190429687 0.121315002441406
0.00756120681762695 -0.00291061401367188 0.0715103149414063 0.07666015625
0.0108652114868164 -0.0103158950805664 -0.04644775390625 -0.0753173828125
0.0132265090942383 0.00447750091552734 0.0807647705078125 -0.107620239257813
0.0135345458984375 0.0163421630859375 0.217681884765625 -0.0336151123046875
0.000684738159179687 0.0206794738769531 0.273880004882813 0.16754150390625
-0.0239887237548828 0.000202178955078125 0.02520751953125 0.387054443359375
-0.00698089599609375 -0.02972412109375 -0.3343505859375 0.35382080078125
0.0395660400390625 -0.0091094970703125 -0.3974609375 0.0538330078124999
0.0611839294433594 0.0296974182128906 -0.00813674926757812 0.0381927490234375
0.0522232055664062 0.0044097900390625 0.44146728515625 0.01483154296875
0.0172939300537109 -0.0186939239501953 0.399078369140625 -0.354095458984375
-0.00841045379638672 -0.00968551635742188 -0.0615234375 -0.434539794921875
-0.0104742050170898 0.000902175903320313 -0.295928955078125 -0.14093017578125
0.00308084487915039 0.00797796249389648 -0.23602294921875 0.0598602294921875
0.0143270492553711 0.00165367126464844 -0.056121826171875 0.119552612304687
0.00941753387451172 -0.00534343719482422 0.070404052734375 0.0770416259765625
0.0122289657592773 -0.0114917755126953 -0.0476760864257812 -0.075775146484375
0.0156717300415039 0.00178050994873047 0.0808792114257813 -0.110527038574219
0.0155429840087891 0.0168313980102539 0.216064453125 -0.04058837890625
0.00313186645507813 0.0242443084716797 0.276947021484375 0.15869140625
-0.0249080657958984 0.0045623779296875 0.03173828125 0.384918212890625
-0.0134029388427734 -0.0265941619873047 -0.326263427734375 0.360382080078125
0.0273933410644531 -0.0109386444091797 -0.399627685546875 0.0608215332031249
0.0493621826171875 0.0218467712402344 -0.0160903930664063 0.0383415222167969
0.0411796569824219 0.00403594970703125 0.439300537109375 0.028472900390625
0.011866569519043 -0.0161428451538086 0.408538818359375 -0.34149169921875
-0.00965690612792969 -0.00594139099121094 -0.0506591796875 -0.438751220703125
-0.00841712951660156 0.00375556945800781 -0.294464111328125 -0.1478271484375
0.004852294921875 0.00919055938720703 -0.236679077148438 0.0528564453125001
0.015681266784668 0.000130653381347656 -0.0561904907226562 0.119354248046875
0.0117692947387695 -0.00609493255615234 0.070404052734375 0.07781982421875
0.0121984481811523 -0.0120935440063477 -0.04876708984375 -0.0764617919921875
0.0174121856689453 0.00148391723632812 0.08172607421875 -0.112625122070313
0.0183773040771484 0.0159320831298828 0.216262817382813 -0.0440216064453125
0.00501251220703125 0.0261707305908203 0.277664184570313 0.155441284179688
-0.0248641967773438 0.0098876953125 0.035400390625 0.3843994140625
-0.019561767578125 -0.0228042602539062 -0.32330322265625 0.36383056640625
0.014796257019043 -0.0120840072631836 -0.399505615234375 0.065582275390625
0.0354385375976563 0.0153160095214844 -0.0174217224121094 0.0417213439941406
0.0299034118652344 0.00154685974121094 0.440887451171875 0.034912109375
0.00431251525878906 -0.0131397247314453 0.4139404296875 -0.336639404296875
-0.0107736587524414 -0.00188541412353516 -0.046478271484375 -0.438232421875
-0.00622081756591797 0.00576639175415039 -0.293487548828125 -0.1519775390625
0.00639533996582031 0.00934314727783203 -0.236587524414063 0.0503082275390625
0.0170183181762695 -0.000166893005371094 -0.0554656982421875 0.117286682128906
0.0117273330688477 -0.00812911987304688 0.070587158203125 0.0777053833007813
0.0129165649414062 -0.0124378204345703 -0.0482711791992188 -0.0777130126953125
0.0184345245361328 0.000787734985351563 0.0831527709960938 -0.115127563476563
0.0190982818603516 0.0159130096435547 0.218719482421875 -0.049102783203125
0.00613975524902344 0.0269775390625 0.28021240234375 0.151504516601563
-0.0254878997802734 0.0135402679443359 0.039154052734375 0.385833740234375
-0.0254421234130859 -0.0176029205322266 -0.321075439453125 0.370574951171875
0.00495243072509766 -0.0111141204833984 -0.39788818359375 0.074310302734375
0.0224552154541016 0.0111312866210938 -0.0116729736328125 0.0472831726074219
0.0188045501708984 -8.20159912109375E-05 0.445465087890625 0.029052734375
-0.00263595581054688 -0.0103034973144531 0.407958984375 -0.34515380859375
-0.0135421752929687 0.00191593170166016 -0.058807373046875 -0.4375
-0.00458574295043945 0.00740861892700195 -0.297210693359375 -0.145843505859375
0.00820064544677734 0.00925731658935547 -0.234161376953125 0.0542449951171875
0.01812744140625 -0.000909805297851563 -0.0516815185546875 0.117294311523438
0.0119600296020508 -0.00882434844970703 0.0735244750976563 0.076873779296875
0.00519180297851562 -0.00233030319213867 -0.041168212890625 -0.08380126953125
0.0105037689208984 0.0123205184936523 0.094390869140625 -0.1051025390625
0.00875663757324219 0.0142621994018555 0.229660034179687 -0.0092010498046875
-0.00874614715576172 0.00925922393798828 0.2581787109375 0.209564208984375
-0.0288925170898437 -0.0117683410644531 -0.034881591796875 0.402679443359375
0.000791549682617191 -0.0305347442626953 -0.386871337890625 0.313232421875
0.0503959655761719 0.00648117065429688 -0.3782958984375 0.02069091796875
0.065185546875 0.0406570434570312 0.0502243041992188 0.0540809631347656
0.0519828796386719 0.00638961791992188 0.46832275390625 -0.04302978515625
0.0140895843505859 -0.0206356048583984 0.34234619140625 -0.40887451171875
-0.0151958465576172 -0.0140485763549805 -0.12603759765625 -0.41217041015625
-0.0182571411132813 -0.00544166564941407 -0.30902099609375 -0.093505859375
0.00075078010559082 0.00382661819458008 -0.222427368164063 0.08740234375
0.011260986328125 0.00526523590087891 -0.0410308837890625 0.124198913574219
0.00182712078094482 0.00154244899749756 0.0782546997070313 0.0758438110351563
0.00573158264160156 -0.00345897674560547 -0.0423355102539063 -0.0811996459960938
0.0109739303588867 0.0108261108398438 0.0898056030273438 -0.105033874511719
0.00902652740478516 0.0155229568481445 0.227630615234375 -0.0139007568359375
-0.00760173797607422 0.0113391876220703 0.264328002929688 0.201583862304687
-0.0281448364257813 -0.0115566253662109 -0.01959228515625 0.401458740234375
0.00212669372558594 -0.0327568054199219 -0.37677001953125 0.325897216796875
0.055999755859375 0.00244522094726563 -0.385162353515625 0.0268859863281249
0.07269287109375 0.0417709350585938 0.0365447998046875 0.0474624633789062
0.0596733093261719 0.00559616088867188 0.46484375 -0.033294677734375
0.0186748504638672 -0.0216751098632813 0.355682373046875 -0.401458740234375
-0.0129508972167969 -0.0167398452758789 -0.1136474609375 -0.41888427734375
-0.0184669494628906 -0.00494194030761718 -0.308380126953125 -0.103851318359375
-0.000246047973632812 0.00475978851318359 -0.227737426757813 0.08319091796875
0.0107297897338867 0.00485897064208984 -0.04583740234375 0.125198364257813
0.00328493118286133 -4.05311584472656E-05 0.0765380859375 0.0758438110351563
0.00741243362426758 -0.00576353073120117 -0.0449676513671875 -0.0785598754882812
0.0115575790405273 0.00956630706787109 0.0861053466796875 -0.105194091796875
0.0104837417602539 0.0161952972412109 0.224456787109375 -0.020416259765625
-0.00458526611328125 0.0142240524291992 0.26971435546875 0.189483642578125
-0.0267314910888672 -0.00860404968261719 -0.00164794921875005 0.399810791015625
0.00167465209960938 -0.0336093902587891 -0.362335205078125 0.337982177734375
0.0551033020019531 -0.00235748291015625 -0.39117431640625 0.036529541015625
0.075469970703125 0.0398101806640625 0.0194358825683594 0.0437240600585938
0.0615997314453125 0.00634384155273437 0.457672119140625 -0.01947021484375
0.0208530426025391 -0.02252197265625 0.37042236328125 -0.3892822265625
-0.0116968154907227 -0.0158596038818359 -0.098388671875 -0.42730712890625
-0.0159177780151367 -0.00377941131591797 -0.306976318359375 -0.115814208984375
0.000412464141845703 0.00618171691894531 -0.23248291015625 0.07684326171875
0.0117559432983398 0.00386619567871094 -0.0494232177734375 0.123176574707031
0.00540876388549805 -0.00164127349853516 0.0741958618164063 0.0768508911132813
0.00902175903320313 -0.00797271728515625 -0.0460205078125 -0.0769195556640625
0.0116615295410156 0.00790023803710938 0.08270263671875 -0.107986450195313
0.012394905090332 0.0167970657348633 0.22271728515625 -0.0285491943359375
-0.00115585327148437 0.0182132720947266 0.274932861328125 0.177841186523438
-0.0256080627441406 -0.00461578369140625 0.013763427734375 0.397125244140625
-0.00188827514648437 -0.0328578948974609 -0.347869873046875 0.350738525390625
0.0492591857910156 -0.00609207153320313 -0.39776611328125 0.047821044921875
0.0709686279296875 0.0352859497070313 0.00409698486328126 0.0390472412109375
0.0586013793945312 0.00520706176757812 0.4527587890625 -0.004058837890625
0.0201892852783203 -0.0211334228515625 0.385894775390625 -0.3751220703125
-0.0103950500488281 -0.0136938095092773 -0.081787109375 -0.434326171875
-0.0134687423706055 -0.00131988525390625 -0.303558349609375 -0.126953125
1.19209289550785E-05 0.00696992874145508 -0.2357177734375 0.069580078125
0.0121994018554688 0.00253772735595703 -0.0536270141601563 0.123397827148438
0.00786590576171875 -0.00397062301635742 0.0732345581054687 0.077423095703125
0.0101909637451172 -0.00924205780029297 -0.0477523803710938 -0.077056884765625
0.0138616561889648 0.00474929809570312 0.0813446044921875 -0.110748291015625
0.0150356292724609 0.0164194107055664 0.219436645507813 -0.0364990234375
0.00082969665527344 0.0212383270263672 0.278656005859375 0.167465209960938
-0.0247287750244141 0.000432968139648434 0.027923583984375 0.39190673828125
-0.00757217407226563 -0.0297107696533203 -0.3353271484375 0.360565185546875
0.0400505065917969 -0.010528564453125 -0.400726318359375 0.0565185546875
0.06146240234375 0.0288505554199219 -0.007843017578125 0.0377159118652344
0.0515251159667969 0.0048065185546875 0.4473876953125 0.013092041015625
0.0169200897216797 -0.0188579559326172 0.40020751953125 -0.361358642578125
-0.00934505462646485 -0.00997543334960938 -0.066436767578125 -0.43963623046875
-0.0115251541137695 0.00133609771728516 -0.30206298828125 -0.139434814453125
0.00300264358520508 0.00835227966308594 -0.23797607421875 0.0627593994140625
0.0140819549560547 0.00102901458740234 -0.0566558837890625 0.121047973632812
0.00917148590087891 -0.00559711456298828 0.0724105834960938 0.07830810546875
0.0120630264282227 -0.0118999481201172 -0.0490646362304687 -0.0771255493164063
0.0151042938232422 0.00221824645996094 0.0807952880859375 -0.112625122070312
0.0161771774291992 0.0156679153442383 0.219223022460938 -0.0420684814453125
0.00351715087890625 0.0235347747802734 0.28216552734375 0.15863037109375
-0.0244808197021484 0.00464439392089844 0.037109375 0.38983154296875
-0.0140953063964844 -0.0262508392333984 -0.32769775390625 0.367584228515625
0.0281696319580078 -0.0117549896240234 -0.404083251953125 0.064666748046875
0.0501213073730469 0.0228652954101563 -0.0159072875976562 0.0377388000488281
0.0415725708007813 0.00348663330078125 0.442474365234375 0.0250244140625
0.0106954574584961 -0.0165328979492187 0.4105224609375 -0.349334716796875
-0.0100278854370117 -0.00660896301269531 -0.05438232421875 -0.442779541015625
-0.00801992416381836 0.00352716445922851 -0.298828125 -0.148345947265625
0.00503158569335938 0.00899314880371094 -0.2391357421875 0.05645751953125
0.0157251358032227 -0.000248908996582031 -0.056549072265625 0.120613098144531
0.0115766525268555 -0.00739002227783203 0.0712432861328125 0.0791244506835938
0.0126533508300781 -0.0124349594116211 -0.048797607421875 -0.077362060546875
0.0167970657348633 0.00131988525390625 0.0811614990234375 -0.115165710449219
0.0176048278808594 0.0155315399169922 0.219207763671875 -0.046051025390625
0.0056610107421875 0.0265960693359375 0.28228759765625 0.155181884765625
-0.0248680114746094 0.0101585388183594 0.039794921875 0.38885498046875
-0.0195369720458984 -0.0218296051025391 -0.32403564453125 0.3720703125
0.0163755416870117 -0.0121583938598633 -0.40447998046875 0.0687255859375
0.0356597900390625 0.0157203674316406 -0.0177001953125 0.042144775390625
0.0300102233886719 0.0018768310546875 0.4453125 0.03271484375
0.0048980712890625 -0.0121288299560547 0.41546630859375 -0.34429931640625
-0.0108213424682617 -0.00235557556152344 -0.05181884765625 -0.442413330078125
-0.00579833984375 0.00658607482910156 -0.297607421875 -0.15045166015625
0.00682163238525391 0.0100069046020508 -0.238922119140625 0.0528564453125
0.0172395706176758 -0.000661849975585938 -0.055694580078125 0.118766784667969
0.0120868682861328 -0.00780868530273437 0.0737075805664062 0.0789718627929688
0.0125770568847656 -0.0127859115600586 -0.0487518310546875 -0.0789108276367188
0.0189380645751953 0.000402450561523438 0.0832443237304687 -0.117752075195312
0.0202960968017578 0.0147609710693359 0.2203369140625 -0.0517578125
0.00768852233886719 0.0274448394775391 0.2843017578125 0.150787353515625
-0.025604248046875 0.0133914947509766 0.04345703125 0.389739990234375
-0.0249290466308594 -0.0177078247070312 -0.3209228515625 0.37640380859375
0.00511837005615234 -0.0110759735107422 -0.402557373046875 0.076446533203125
0.022918701171875 0.0106716156005859 -0.0116119384765625 0.046844482421875
0.0189590454101563 -0.0003662109375 0.451171875 0.026153564453125
-0.00322055816650391 -0.00970363616943359 0.40936279296875 -0.351348876953125
-0.0129423141479492 0.00199794769287109 -0.062591552734375 -0.44232177734375
-0.00481319427490234 0.00648355484008789 -0.302490234375 -0.145721435546875
0.00864028930664063 0.010228157043457 -0.23687744140625 0.05718994140625
0.0183525085449219 -0.000885009765625 -0.0518264770507812 0.119979858398437
0.0125856399536133 -0.00933837890625 0.07586669921875 0.077301025390625
0.00476455688476562 -0.00247812271118164 -0.0423355102539062 -0.084869384765625
0.0106563568115234 0.0129327774047852 0.0939178466796875 -0.107414245605469
0.00963687896728516 0.0142536163330078 0.232009887695312 -0.011962890625
-0.00808048248291016 0.00968074798583984 0.263107299804688 0.209060668945313
-0.0300540924072266 -0.0110492706298828 -0.031219482421875 0.408050537109375
3.81469726562468E-05 -0.0298423767089844 -0.388885498046875 0.321014404296875
0.0505752563476563 0.00507354736328125 -0.382904052734375 0.024383544921875
0.0666770935058594 0.040740966796875 0.0503959655761719 0.0533332824707031
0.0526847839355469 0.00521087646484375 0.474761962890625 -0.047882080078125
0.0133743286132813 -0.0203742980957031 0.341339111328125 -0.415863037109375
-0.0165166854858398 -0.0146799087524414 -0.132720947265625 -0.41546630859375
-0.0183639526367188 -0.00564384460449219 -0.313995361328125 -0.0903015136718749
3.814697265625E-05 0.0041050910949707 -0.224014282226562 0.0915069580078125
0.0103321075439453 0.00556373596191406 -0.0400772094726563 0.125885009765625
0.00252532958984375 0.0010831356048584 0.0794525146484375 0.07635498046875
0.00634384155273438 -0.00375843048095703 -0.0440750122070312 -0.0827484130859375
0.0108728408813477 0.0114250183105469 0.0901031494140625 -0.107742309570313
0.00979900360107422 0.0156230926513672 0.230270385742188 -0.0171661376953125
-0.00729274749755859 0.0113182067871094 0.268890380859375 0.2000732421875
-0.0290088653564453 -0.0109729766845703 -0.015472412109375 0.408172607421875
0.00233650207519531 -0.0322341918945313 -0.37744140625 0.333465576171875
0.0556182861328125 0.00179672241210938 -0.38885498046875 0.032318115234375
0.0742874145507813 0.041351318359375 0.0366897583007813 0.0488166809082031
0.05889892578125 0.00551986694335938 0.46905517578125 -0.03717041015625
0.0178775787353516 -0.0227584838867188 0.353668212890625 -0.407928466796875
-0.0138025283813477 -0.0158758163452148 -0.118377685546875 -0.4222412109375
-0.0177764892578125 -0.00509452819824219 -0.312469482421875 -0.1007080078125
-0.000499248504638672 0.00514030456542969 -0.229690551757813 0.086273193359375
0.0115318298339844 0.00479698181152344 -0.0458145141601563 0.126396179199219
0.00402092933654785 0.000496149063110352 0.07794189453125 0.0768203735351563
0.00777435302734375 -0.00518703460693359 -0.04583740234375 -0.0801010131835938
0.0115261077880859 0.00896072387695313 0.0875167846679688 -0.108009338378906
0.0115184783935547 0.0159311294555664 0.227767944335938 -0.0236968994140625
-0.00467967987060547 0.0138359069824219 0.2747802734375 0.1884765625
-0.0271739959716797 -0.00765609741210937 0.00097656250000004 0.404327392578125
0.00152587890625 -0.0337848663330078 -0.3631591796875 0.345977783203125
0.0553779602050781 -0.00305938720703125 -0.39617919921875 0.0408325195312499
0.0758056640625 0.0385665893554688 0.0196380615234375 0.0429420471191406
0.0617790222167969 0.00562667846679688 0.4620361328125 -0.02294921875
0.0204010009765625 -0.0228176116943359 0.37042236328125 -0.39739990234375
-0.0118904113769531 -0.0157403945922852 -0.104705810546875 -0.43035888671875
-0.0165243148803711 -0.00319576263427734 -0.310455322265625 -0.112823486328125
-0.000501155853271484 0.00620126724243164 -0.2340087890625 0.08123779296875
0.0121288299560547 0.00339603424072266 -0.0493698120117187 0.126388549804688
0.00642824172973633 -0.00241613388061523 0.0764923095703125 0.0770645141601563
0.00943374633789063 -0.00726413726806641 -0.0475540161132813 -0.0782318115234375
0.0123386383056641 0.00702476501464844 0.083038330078125 -0.111213684082031
0.0127897262573242 0.0162382125854492 0.224929809570313 -0.0311431884765625
-0.00154495239257813 0.0170927047729492 0.279617309570313 0.176773071289063
-0.0255203247070313 -0.00424766540527344 0.017913818359375 0.401458740234375
-0.00254440307617188 -0.0325431823730469 -0.34814453125 0.35870361328125
0.0499725341796875 -0.00741958618164063 -0.40185546875 0.0523681640625001
0.07147216796875 0.03387451171875 0.00389099121093751 0.0397796630859375
0.05889892578125 0.00527191162109375 0.4564208984375 -0.007293701171875
0.0200977325439453 -0.0215530395507812 0.38641357421875 -0.382720947265625
-0.0101871490478516 -0.0141935348510742 -0.0882568359375 -0.438873291015625
-0.013519287109375 -0.00123786926269531 -0.30908203125 -0.125701904296875
0.000775337219238281 0.00712442398071289 -0.237686157226563 0.0740966796875
0.0120792388916016 0.00218391418457031 -0.0530776977539062 0.125099182128906
0.00776386260986328 -0.00315141677856445 0.0745925903320313 0.0779876708984375
0.0105600357055664 -0.00961875915527344 -0.0495376586914062 -0.077392578125
0.0138463973999023 0.00406265258789063 0.0808486938476563 -0.114013671875
0.014857292175293 0.0171432495117188 0.22271728515625 -0.0392608642578125
0.00159835815429688 0.0210514068603516 0.283935546875 0.166473388671875
-0.0253639221191406 0.000352859497070313 0.032684326171875 0.396820068359375
-0.00783729553222656 -0.0289440155029297 -0.335662841796875 0.367645263671875
0.0401077270507813 -0.00990676879882812 -0.40533447265625 0.060455322265625
0.0628433227539063 0.0284690856933594 -0.00894546508789062 0.0374488830566406
0.0521774291992188 0.00418472290039063 0.451080322265625 0.007171630859375
0.0176029205322266 -0.0185413360595703 0.400848388671875 -0.3690185546875
-0.00948143005371094 -0.0103178024291992 -0.07183837890625 -0.442657470703125
-0.0112667083740234 0.00128269195556641 -0.306884765625 -0.137969970703125
0.00216531753540039 0.00782251358032227 -0.240570068359375 0.06695556640625
0.0139932632446289 0.000828742980957031 -0.0555953979492188 0.123565673828125
0.00955295562744141 -0.00572586059570313 0.0738677978515625 0.0783843994140625
0.0124654769897461 -0.01123046875 -0.049896240234375 -0.07757568359375
0.0159339904785156 0.00258350372314453 0.0804061889648438 -0.115966796875
0.0172510147094727 0.0160541534423828 0.221084594726562 -0.0453338623046875
0.00416183471679687 0.0241661071777344 0.28656005859375 0.156646728515625
-0.0246219635009766 0.00632858276367187 0.0406494140625 0.394744873046875
-0.0141105651855469 -0.0249710083007813 -0.327545166015625 0.3743896484375
0.0286426544189453 -0.0119266510009766 -0.40869140625 0.0686950683593749
0.0491523742675781 0.0209503173828125 -0.0172653198242187 0.0392608642578125
0.0418319702148438 0.00326156616210938 0.449066162109375 0.020660400390625
0.0112094879150391 -0.0156307220458984 0.4124755859375 -0.356964111328125
-0.00929737091064453 -0.00615215301513672 -0.06011962890625 -0.44720458984375
-0.00850248336791992 0.00362157821655273 -0.3037109375 -0.14569091796875
0.00390052795410156 0.00945091247558594 -0.242080688476563 0.0605926513671875
0.0154314041137695 0.00100421905517578 -0.0569305419921875 0.122932434082031
0.0111713409423828 -0.00737380981445313 0.07440185546875 0.0798110961914063
0.0123281478881836 -0.0127859115600586 -0.0504913330078125 -0.0788192749023438
0.0165796279907227 0.00135612487792969 0.0808029174804688 -0.117813110351563
0.0189113616943359 0.0155906677246094 0.221160888671875 -0.04925537109375
0.00727653503417968 0.0263996124267578 0.287322998046875 0.15380859375
-0.0249919891357422 0.0100841522216797 0.042510986328125 0.39306640625
-0.0197105407714844 -0.0212345123291016 -0.323944091796875 0.378173828125
0.0158185958862305 -0.0124731063842773 -0.409423828125 0.0747375488281251
0.0352516174316406 0.0153999328613281 -0.0181312561035156 0.0419807434082031
0.0306205749511719 0.001556396484375 0.449432373046875 0.029052734375
0.00443077087402344 -0.0118541717529297 0.4166259765625 -0.351226806640625
-0.0112876892089844 -0.00124835968017578 -0.05706787109375 -0.447723388671875
-0.00633907318115234 0.00635337829589844 -0.302825927734375 -0.14898681640625
0.0057830810546875 0.00968170166015625 -0.240921020507813 0.057586669921875
0.017451286315918 -0.00125026702880859 -0.055511474609375 0.121406555175781
0.0124959945678711 -0.00873374938964844 0.0741500854492188 0.07928466796875
0.0131502151489258 -0.0131826400756836 -0.0504150390625 -0.0796966552734375
0.0183849334716797 0.00101470947265625 0.08245849609375 -0.120552062988281
0.0209541320800781 0.0152454376220703 0.22198486328125 -0.0547943115234375
0.00819969177246094 0.027130126953125 0.289642333984375 0.14935302734375
-0.0260200500488281 0.0142326354980469 0.048370361328125 0.394317626953125
-0.0256710052490234 -0.0177402496337891 -0.322235107421875 0.385040283203125
0.00419139862060547 -0.0114908218383789 -0.40582275390625 0.08203125
0.0224971771240234 0.00996971130371094 -0.0115089416503906 0.0467338562011719
0.0184078216552734 0.000270843505859375 0.45526123046875 0.021514892578125
-0.00338554382324219 -0.00950145721435547 0.41021728515625 -0.3587646484375
-0.0137033462524414 0.00258636474609375 -0.067169189453125 -0.448272705078125
-0.00480842590332031 0.00741910934448242 -0.30706787109375 -0.143310546875
0.00820636749267578 0.00931930541992188 -0.2391357421875 0.060546875
0.0187034606933594 -0.00236701965332031 -0.0516815185546875 0.12164306640625
0.0119009017944336 -0.00945377349853516 0.0770339965820313 0.0785369873046875
0.00565862655639649 -0.00248193740844727 -0.0434722900390625 -0.0856475830078125
0.0114202499389648 0.0126609802246094 0.094207763671875 -0.109947204589844
0.00964832305908203 0.0143651962280273 0.234329223632813 -0.0147705078125
-0.00831031799316406 0.00966262817382813 0.268325805664062 0.208404541015625
-0.0308017730712891 -0.0111541748046875 -0.02655029296875 0.414306640625
0.00045585632324219 -0.0299968719482422 -0.387908935546875 0.33038330078125
0.0513534545898437 0.00506591796875 -0.38763427734375 0.02923583984375
0.0663528442382813 0.0405502319335938 0.051177978515625 0.0525894165039063
0.0531005859375 0.00548171997070312 0.47735595703125 -0.053375244140625
0.0131168365478516 -0.0205078125 0.3397216796875 -0.424041748046875
-0.0167703628540039 -0.0145511627197266 -0.139434814453125 -0.41717529296875
-0.0185089111328125 -0.00539398193359375 -0.3182373046875 -0.086334228515625
8.48770141601566E-05 0.00452661514282227 -0.226058959960937 0.0950927734375
0.0112714767456055 0.00507640838623047 -0.0396575927734375 0.128524780273437
0.00209963321685791 0.00177037715911865 0.0828933715820313 0.0761871337890625
0.00594663619995117 -0.00292587280273438 -0.0455245971679688 -0.0829849243164063
0.0109624862670898 0.0117921829223633 0.0895767211914063 -0.110641479492188
0.010584831237793 0.0147991180419922 0.231735229492187 -0.0206146240234375
-0.00727748870849609 0.011235237121582 0.2742919921875 0.198898315429688
-0.0294208526611328 -0.010498046875 -0.010528564453125 0.4124755859375
0.00220680236816406 -0.0326004028320313 -0.3770751953125 0.34124755859375
0.0562896728515625 0.00162506103515625 -0.393096923828125 0.0367431640624999
0.0746612548828125 0.040863037109375 0.0369529724121094 0.0476646423339844
0.0599403381347656 0.00432968139648438 0.47235107421875 -0.04339599609375
0.0176429748535156 -0.0222797393798828 0.352874755859375 -0.4176025390625
-0.0143032073974609 -0.0161504745483398 -0.126800537109375 -0.42523193359375
-0.0186443328857422 -0.00456619262695313 -0.317596435546875 -0.097808837890625
-0.000639915466308593 0.00551128387451172 -0.231277465820313 0.0913848876953125
0.0108909606933594 0.00396823883056641 -0.0439834594726563 0.128173828125
0.00373411178588867 -0.000107049942016602 0.0805892944335938 0.0764923095703125
0.00705385208129883 -0.00477790832519531 -0.0470428466796875 -0.0802459716796875
0.011387825012207 0.00983810424804688 0.085540771484375 -0.110832214355469
0.012141227722168 0.0158452987670898 0.229827880859375 -0.026580810546875
-0.00409030914306641 0.0141868591308594 0.2801513671875 0.187286376953125
-0.0272903442382813 -0.00830459594726563 0.00616455078125003 0.409423828125
0.00124549865722656 -0.0333309173583984 -0.36358642578125 0.354156494140625
0.0559005737304688 -0.00307464599609375 -0.400390625 0.0451965332031249
0.076629638671875 0.0381546020507813 0.0187911987304688 0.0431251525878906
0.0617828369140625 0.00477981567382813 0.465972900390625 -0.029144287109375
0.0200557708740234 -0.0228061676025391 0.368377685546875 -0.405853271484375
-0.0120582580566406 -0.0160017013549805 -0.110595703125 -0.433349609375
-0.0163154602050781 -0.00384044647216797 -0.31591796875 -0.10968017578125
-2.28881835937493E-05 0.0064692497253418 -0.235122680664063 0.08514404296875
0.0110006332397461 0.00386810302734375 -0.0490875244140625 0.128059387207031
0.0062260627746582 -0.00254249572753906 0.0783233642578125 0.077362060546875
0.00907516479492188 -0.00762653350830078 -0.0489654541015625 -0.0786209106445312
0.0125541687011719 0.00674915313720703 0.0822601318359375 -0.113075256347656
0.0138301849365234 0.0163908004760742 0.227401733398438 -0.0347137451171875
-0.00152301788330078 0.0173549652099609 0.284912109375 0.17498779296875
-0.0268001556396484 -0.00360107421875 0.023345947265625 0.405364990234375
-0.0028228759765625 -0.0329551696777344 -0.347320556640625 0.366912841796875
0.0509300231933594 -0.00854873657226563 -0.4068603515625 0.0567321777343749
0.0720443725585938 0.0341567993164063 0.00397872924804688 0.0393943786621094
0.0602302551269531 0.00456619262695313 0.4600830078125 -0.012298583984375
0.0200462341308594 -0.0215892791748047 0.384429931640625 -0.39208984375
-0.0109167098999023 -0.0134973526000977 -0.09527587890625 -0.441497802734375
-0.0142555236816406 -0.000436782836914063 -0.313446044921875 -0.123321533203125
0.000586509704589844 0.00729465484619141 -0.23895263671875 0.0778961181640625
0.0130577087402344 0.00268745422363281 -0.0532379150390625 0.127449035644531
0.00820827484130859 -0.00427389144897461 0.0775222778320313 0.0785369873046875
0.0104846954345703 -0.0103168487548828 -0.0503997802734375 -0.07861328125
0.0138339996337891 0.00490379333496094 0.08135986328125 -0.115165710449219
0.0158958435058594 0.0166130065917969 0.224273681640625 -0.042266845703125
0.0021514892578125 0.0201930999755859 0.289154052734375 0.163604736328125
-0.0254402160644531 0.000795364379882818 0.0382080078125 0.401580810546875
-0.00767326354980469 -0.0295143127441406 -0.3343505859375 0.3770751953125
0.0408515930175781 -0.0122489929199219 -0.409271240234375 0.0656433105468749
0.0629653930664063 0.0277481079101563 -0.00988388061523437 0.03790283203125
0.0522041320800781 0.00417709350585937 0.455718994140625 0.0029296875
0.0169277191162109 -0.0190563201904297 0.40032958984375 -0.377593994140625
-0.00957679748535156 -0.0104427337646484 -0.077911376953125 -0.448028564453125
-0.0112876892089844 0.00226306915283203 -0.31109619140625 -0.1341552734375
0.00229167938232422 0.00859594345092773 -0.242645263671875 0.07080078125
0.0136938095092773 0.000508308410644531 -0.0551300048828125 0.126457214355469
0.0102205276489258 -0.00643444061279297 0.076263427734375 0.07861328125
0.0114641189575195 -0.0116996765136719 -0.0514755249023438 -0.0782394409179688
0.0166044235229492 0.00205802917480469 0.0801162719726563 -0.118453979492188
0.0187568664550781 0.0164260864257813 0.2232666015625 -0.0495147705078125
0.00515174865722656 0.0236320495605469 0.2918701171875 0.155792236328125
-0.0246353149414063 0.00668907165527343 0.04541015625 0.39764404296875
-0.0143146514892578 -0.0255069732666016 -0.32623291015625 0.383697509765625
0.028228759765625 -0.0126724243164063 -0.41229248046875 0.0742492675781249
0.0500030517578125 0.0207138061523438 -0.0170555114746094 0.0386428833007813
0.042022705078125 0.00373077392578125 0.451568603515625 0.015960693359375
0.0113697052001953 -0.0154619216918945 0.410919189453125 -0.364776611328125
-0.00994491577148438 -0.00601482391357422 -0.067230224609375 -0.451019287109375
-0.00919914245605469 0.00427150726318359 -0.309112548828125 -0.1427001953125
0.00381660461425781 0.00920581817626953 -0.244338989257812 0.063751220703125
0.0158681869506836 0.00054931640625 -0.0554733276367187 0.125572204589844
0.0113391876220703 -0.007904052734375 0.0753860473632813 0.0795364379882813
0.0129880905151367 -0.0134496688842773 -0.051422119140625 -0.0797500610351563
0.0176200866699219 0.000949859619140625 0.0808639526367187 -0.121429443359375
0.0196437835693359 0.0159091949462891 0.2236328125 -0.05255126953125
0.00716972351074219 0.0267257690429687 0.29205322265625 0.150390625
-0.0250892639160156 0.0110740661621094 0.04840087890625 0.397369384765625
-0.0205268859863281 -0.0205154418945313 -0.32379150390625 0.387115478515625
0.0166387557983398 -0.0129938125610352 -0.41131591796875 0.0788574218750001
0.0349044799804688 0.0149459838867188 -0.01800537109375 0.0421791076660156
0.0300045013427734 0.00226783752441406 0.454833984375 0.02374267578125
0.00376701354980469 -0.0125112533569336 0.415374755859375 -0.359039306640625
-0.0119829177856445 -0.00154018402099609 -0.063629150390625 -0.45172119140625
-0.00665521621704102 0.00626516342163086 -0.3077392578125 -0.1474609375
0.0064697265625 0.0101232528686523 -0.243667602539062 0.0616912841796875
0.0168256759643555 -0.000809669494628906 -0.054351806640625 0.124275207519531
0.0122451782226562 -0.00894737243652344 0.0763702392578125 0.0792694091796875
0.0122909545898438 -0.0135412216186523 -0.0522384643554688 -0.080535888671875
0.0191783905029297 0.00052642822265625 0.0826644897460938 -0.123138427734375
0.0213184356689453 0.0152111053466797 0.224456787109375 -0.0582733154296875
0.00912094116210937 0.0274906158447266 0.2952880859375 0.14739990234375
-0.0266075134277344 0.0150737762451172 0.053375244140625 0.399017333984375
-0.0257682800292969 -0.0168895721435547 -0.31976318359375 0.392852783203125
0.00336742401123047 -0.0118236541748047 -0.40966796875 0.0870666503906251
0.0221900939941406 0.00962638854980469 -0.0122947692871094 0.0469818115234375
0.0189342498779297 -0.000188827514648438 0.460235595703125 0.017303466796875
-0.00304794311523438 -0.00928211212158203 0.40899658203125 -0.367034912109375
-0.0135211944580078 0.00223922729492187 -0.075408935546875 -0.449615478515625
-0.00571632385253906 0.00883865356445313 -0.31243896484375 -0.141448974609375
0.00807952880859375 0.00968265533447266 -0.2413330078125 0.0650634765625
0.0184879302978516 -0.00209808349609375 -0.0510406494140625 0.123527526855469
0.012725830078125 -0.00924301147460937 0.0793533325195312 0.0772781372070313
0.00497198104858398 -0.00243234634399414 -0.0456161499023437 -0.0860595703125
0.0120887756347656 0.013157844543457 0.092254638671875 -0.112724304199219
0.0105533599853516 0.0145645141601563 0.236053466796875 -0.018310546875
-0.00777053833007812 0.00961875915527344 0.273422241210938 0.205947875976563
-0.0318450927734375 -0.0103225708007813 -0.02093505859375 0.418182373046875
0.000869750976562499 -0.0295925140380859 -0.387908935546875 0.339874267578125
0.0513801574707031 0.00389480590820312 -0.389434814453125 0.0345764160156251
0.0680427551269531 0.0398826599121094 0.0512847900390625 0.0531959533691406
0.0528602600097656 0.00452804565429688 0.48095703125 -0.059326171875
0.0132045745849609 -0.0202140808105469 0.335540771484375 -0.43157958984375
-0.0170078277587891 -0.0144052505493164 -0.14776611328125 -0.418914794921875
-0.0194053649902344 -0.00468635559082031 -0.322509765625 -0.0822448730468749
-0.000400066375732422 0.00423240661621094 -0.226333618164063 0.100021362304687
0.0108489990234375 0.00528049468994141 -0.0386428833007812 0.130996704101563
0.00280332565307617 0.0010833740234375 0.0847320556640625 0.0760421752929688
0.00615882873535156 -0.00336790084838867 -0.0470046997070312 -0.0836715698242188
0.0111970901489258 0.0115842819213867 0.0887832641601563 -0.113037109375
0.0106687545776367 0.015589714050293 0.234451293945312 -0.024139404296875
-0.00637435913085937 0.0111770629882813 0.28033447265625 0.195648193359375
-0.0295085906982422 -0.0104770660400391 -0.00396728515624998 0.416748046875
0.00194549560546875 -0.0316429138183594 -0.376434326171875 0.3514404296875
0.0569534301757813 0.000469207763671875 -0.395050048828125 0.041046142578125
0.0758819580078125 0.040191650390625 0.037353515625 0.0474357604980469
0.0600776672363281 0.00424957275390625 0.47503662109375 -0.05078125
0.0174617767333984 -0.0227108001708984 0.349578857421875 -0.42535400390625
-0.0150289535522461 -0.016326904296875 -0.133880615234375 -0.426727294921875
-0.0190238952636719 -0.00537490844726562 -0.32159423828125 -0.0932617187499999
-0.000518798828125001 0.00542163848876953 -0.231903076171875 0.0955963134765625
0.0108175277709961 0.00445175170898438 -0.0434188842773438 0.130966186523437
0.00439000129699707 -0.000894308090209961 0.0821762084960938 0.0763931274414063
0.00720453262329102 -0.00558662414550781 -0.0479660034179687 -0.0818099975585938
0.0116777420043945 0.00921344757080078 0.0851593017578125 -0.113967895507812
0.0126171112060547 0.0157327651977539 0.231674194335937 -0.030181884765625
-0.0044097900390625 0.0143213272094727 0.28546142578125 0.1846923828125
-0.0284652709960938 -0.00662040710449219 0.012298583984375 0.413299560546875
0.000587463378906253 -0.03302001953125 -0.361968994140625 0.364654541015625
0.0562210083007813 -0.00483322143554688 -0.402587890625 0.051910400390625
0.0771636962890625 0.0374679565429688 0.0196304321289063 0.0427894592285156
0.0620384216308594 0.00487518310546875 0.468292236328125 -0.036346435546875
0.0198001861572266 -0.0221042633056641 0.365203857421875 -0.41497802734375
-0.0125837326049805 -0.016118049621582 -0.119476318359375 -0.43572998046875
-0.0170917510986328 -0.002197265625 -0.320526123046875 -0.10540771484375
-0.00108623504638672 0.00704193115234375 -0.236465454101563 0.0896148681640625
0.0104761123657227 0.00336360931396484 -0.0478439331054688 0.13018798828125
0.00587034225463867 -0.00231170654296875 0.0806961059570313 0.0770187377929688
0.009185791015625 -0.00853061676025391 -0.0512237548828125 -0.0799560546875
0.0123424530029297 0.00667953491210937 0.0819244384765625 -0.115989685058594
0.0136022567749023 0.0163364410400391 0.228195190429687 -0.037506103515625
-0.000703811645507814 0.0172548294067383 0.290008544921875 0.17138671875
-0.0272464752197266 -0.00250816345214843 0.0303955078125 0.409698486328125
-0.00318336486816406 -0.0323715209960938 -0.3443603515625 0.37542724609375
0.0507125854492188 -0.00849151611328125 -0.409881591796875 0.06280517578125
0.0730209350585938 0.0330734252929688 0.004180908203125 0.0392570495605469
0.0595703125 0.00381088256835937 0.463287353515625 -0.01904296875
0.0192413330078125 -0.0215435028076172 0.381134033203125 -0.399139404296875
-0.0106983184814453 -0.0140199661254883 -0.10150146484375 -0.443267822265625
-0.0144577026367188 -0.00152969360351563 -0.318267822265625 -0.11798095703125
0.000832080841064452 0.00790929794311523 -0.240432739257813 0.0833587646484375
0.0117759704589844 0.00175094604492188 -0.0521774291992187 0.130157470703125
0.00792264938354492 -0.00408601760864258 0.07867431640625 0.0783615112304688
0.0103769302368164 -0.0105257034301758 -0.0516204833984375 -0.0789871215820312
0.0142679214477539 0.00506973266601563 0.07904052734375 -0.11846923828125
0.0163707733154297 0.0162239074707031 0.226394653320312 -0.0466461181640625
0.00246047973632812 0.0204429626464844 0.293701171875 0.1600341796875
-0.0256919860839844 0.00141525268554688 0.0445556640625 0.405426025390625
-0.00801658630371094 -0.0293006896972656 -0.332000732421875 0.384490966796875
0.0405540466308594 -0.0117378234863281 -0.411834716796875 0.0731201171875
0.0629539489746094 0.0270957946777344 -0.00896072387695312 0.0380668640136719
0.0525665283203125 0.00404739379882813 0.458282470703125 -0.002471923828125
0.0163135528564453 -0.0185680389404297 0.397613525390625 -0.386199951171875
-0.00995826721191406 -0.0107898712158203 -0.0858154296875 -0.4495849609375
-0.0116214752197266 0.00147438049316406 -0.31634521484375 -0.13079833984375
0.00184011459350586 0.00851774215698242 -0.24420166015625 0.0755920410156251
0.013707160949707 0.000341415405273437 -0.0539627075195312 0.128494262695313
0.00965976715087891 -0.00659561157226563 0.0778732299804688 0.0796432495117188
0.0117387771606445 -0.0125188827514648 -0.0518035888671875 -0.07928466796875
0.0153360366821289 0.00259208679199219 0.0788726806640625 -0.1207275390625
0.0188102722167969 0.0159053802490234 0.225326538085937 -0.0535888671875
0.005889892578125 0.0231170654296875 0.295074462890625 0.1519775390625
-0.0252723693847656 0.00625419616699218 0.053497314453125 0.40118408203125
-0.0142326354980469 -0.0247802734375 -0.323516845703125 0.392791748046875
0.0280857086181641 -0.0132217407226563 -0.414215087890625 0.081329345703125
0.0502853393554688 0.0201568603515625 -0.01678466796875 0.0392379760742188
0.0424461364746094 0.0024261474609375 0.4554443359375 0.009979248046875
0.0102806091308594 -0.0158157348632813 0.40997314453125 -0.374359130859375
-0.0102825164794922 -0.00637149810791016 -0.07427978515625 -0.453094482421875
-0.00869369506835938 0.00478744506835938 -0.31329345703125 -0.1396484375
0.00453376770019531 0.00886344909667969 -0.246170043945313 0.06964111328125
0.0150003433227539 3.71932983398438E-05 -0.05548095703125 0.127708435058594
0.011383056640625 -0.00823974609375 0.0779190063476563 0.0795516967773438
0.012639045715332 -0.0133953094482422 -0.0534515380859375 -0.0800552368164063
0.0173931121826172 0.000666618347167969 0.079254150390625 -0.123832702636719
0.020538330078125 0.0159721374511719 0.224227905273438 -0.0574188232421875
0.00781059265136718 0.0258522033691406 0.297088623046875 0.147796630859375
-0.0255012512207031 0.01153564453125 0.054443359375 0.400787353515625
-0.0201187133789062 -0.0208797454833984 -0.319000244140625 0.395660400390625
0.0155267715454102 -0.0129508972167969 -0.415252685546875 0.086212158203125
0.0357246398925781 0.0152587890625 -0.0185470581054688 0.0423583984375
0.030487060546875 0.00144767761230469 0.45831298828125 0.0174560546875
0.00347423553466797 -0.0120849609375 0.413818359375 -0.36871337890625
-0.011937141418457 -0.00118255615234375 -0.07159423828125 -0.454345703125
-0.00651741027832031 0.00641393661499023 -0.3135986328125 -0.1435546875
0.00638389587402344 0.00968551635742188 -0.24493408203125 0.0662384033203124
0.0175151824951172 -0.00129604339599609 -0.0543289184570312 0.125717163085938
0.0128641128540039 -0.0102043151855469 0.0788955688476562 0.0792617797851563
0.0124473571777344 -0.0140771865844727 -0.0528030395507812 -0.081512451171875
0.0192356109619141 0.000497817993164063 0.0805130004882813 -0.125633239746094
0.0228939056396484 0.0149345397949219 0.2247314453125 -0.0630340576171875
0.00909614562988281 0.0265769958496094 0.298675537109375 0.14349365234375
-0.0259571075439453 0.0156021118164063 0.0594482421875 0.402801513671875
-0.0261917114257813 -0.0154094696044922 -0.317901611328125 0.401031494140625
0.00471019744873047 -0.0121564865112305 -0.410919189453125 0.0941772460937499
0.0225181579589844 0.0100784301757813 -0.0120773315429687 0.0479698181152344
0.0181636810302734 -0.000177383422851563 0.463165283203125 0.011444091796875
-0.00372648239135742 -0.00875377655029297 0.40740966796875 -0.377655029296875
-0.0135765075683594 0.00288105010986328 -0.08258056640625 -0.454345703125
-0.00471878051757813 0.00809240341186523 -0.317169189453125 -0.137115478515625
0.00850391387939453 0.00951862335205078 -0.242843627929688 0.0697174072265625
0.0180301666259766 -0.00176811218261719 -0.0497207641601563 0.1265869140625
0.0118627548217773 -0.0102653503417969 0.08160400390625 0.0779800415039063
0.00458192825317383 -0.00246810913085937 -0.0475997924804688 -0.0866851806640625
0.0113754272460938 0.0123863220214844 0.0917892456054687 -0.115730285644531
0.01165771484375 0.0135650634765625 0.237884521484375 -0.0222320556640625
-0.00776958465576172 0.00922775268554688 0.2789306640625 0.201828002929688
-0.0324306488037109 -0.0101661682128906 -0.0142822265625 0.423858642578125
-0.00032806396484375 -0.0292015075683594 -0.384857177734375 0.348114013671875
0.0521736145019531 0.00318527221679688 -0.393310546875 0.0398254394531251
0.0680389404296875 0.039215087890625 0.0521926879882813 0.0520515441894531
0.0532302856445313 0.00453567504882813 0.482513427734375 -0.068115234375
0.0127220153808594 -0.0202083587646484 0.33111572265625 -0.4404296875
-0.0175256729125977 -0.0142545700073242 -0.155792236328125 -0.41839599609375
-0.0195751190185547 -0.00470542907714844 -0.3255615234375 -0.0772705078125
0.000180006027221679 0.00410294532775879 -0.226104736328125 0.105499267578125
0.0109710693359375 0.00527095794677734 -0.03668212890625 0.132057189941406
0.00243830680847168 0.000662803649902344 0.0870437622070313 0.0756149291992188
0.0063624382019043 -0.00437021255493164 -0.0482406616210938 -0.0840988159179688
0.0121231079101563 0.0114192962646484 0.0884017944335938 -0.116363525390625
0.0112285614013672 0.0141229629516602 0.236221313476563 -0.0284881591796875
-0.00648117065429688 0.0114879608154297 0.2857666015625 0.19403076171875
-0.0298423767089844 -0.00948333740234376 0.00173950195312496 0.42059326171875
0.002044677734375 -0.03240966796875 -0.372344970703125 0.35980224609375
0.0575942993164063 -0.000591278076171875 -0.39984130859375 0.0491943359375
0.0766067504882813 0.0388107299804688 0.0373306274414063 0.0471839904785156
0.0602493286132813 0.0035247802734375 0.47735595703125 -0.057891845703125
0.0167236328125 -0.0220260620117188 0.344024658203125 -0.433685302734375
-0.0148496627807617 -0.015660285949707 -0.1422119140625 -0.42755126953125
-0.0197620391845703 -0.00382041931152344 -0.32568359375 -0.08782958984375
-0.000729084014892578 0.00558853149414063 -0.232879638671875 0.100494384765625
0.0105762481689453 0.00462818145751953 -0.0421066284179687 0.132835388183594
0.00372099876403809 -0.000141382217407227 0.0850448608398437 0.07568359375
0.00732612609863281 -0.00537633895874023 -0.049407958984375 -0.0823593139648438
0.0122394561767578 0.00845146179199219 0.0842361450195313 -0.116752624511719
0.012547492980957 0.0159034729003906 0.233245849609375 -0.0338897705078125
-0.00381088256835938 0.0131349563598633 0.290557861328125 0.181396484375
-0.0284309387207031 -0.00685501098632812 0.0185546875 0.41778564453125
0.000902175903320314 -0.0333805084228516 -0.35748291015625 0.372283935546875
0.0561637878417969 -0.00540924072265625 -0.405609130859375 0.058746337890625
0.0783843994140625 0.0359039306640625 0.0198173522949219 0.0418624877929687
0.0630340576171875 0.00443649291992188 0.470184326171875 -0.04254150390625
0.0201988220214844 -0.0229606628417969 0.361236572265625 -0.423187255859375
-0.0124673843383789 -0.0151557922363281 -0.12701416015625 -0.437896728515625
-0.0174446105957031 -0.00267601013183594 -0.3236083984375 -0.10125732421875
-0.000599861145019531 0.00653314590454102 -0.237228393554687 0.0958099365234375
0.0113382339477539 0.00300312042236328 -0.0459442138671875 0.132911682128906
0.00662803649902344 -0.00272464752197266 0.082672119140625 0.0761184692382813
0.00926303863525391 -0.00888824462890625 -0.0519866943359375 -0.0804595947265625
0.0125360488891602 0.00642299652099609 0.0799331665039063 -0.118553161621094
0.0143623352050781 0.0166845321655273 0.230712890625 -0.0435638427734375
-0.000187873840332032 0.0170125961303711 0.2952880859375 0.167724609375
-0.0279140472412109 -0.0036468505859375 0.0372314453125 0.41064453125
-0.00377273559570313 -0.0329666137695313 -0.3428955078125 0.384765625
0.0511665344238281 -0.0100173950195313 -0.411834716796875 0.070404052734375
0.0735626220703125 0.0318145751953125 0.0028839111328125 0.0401611328125
0.0607147216796875 0.0041656494140625 0.465545654296875 -0.0269775390625
0.0192356109619141 -0.0221576690673828 0.3759765625 -0.408721923828125
-0.0113105773925781 -0.0139961242675781 -0.110687255859375 -0.444732666015625
-0.0151634216308594 -0.000708580017089843 -0.32281494140625 -0.113525390625
0.000954627990722657 0.00766134262084961 -0.241867065429688 0.08837890625
0.0124263763427734 0.00217533111572266 -0.049957275390625 0.13275146484375
0.00822925567626953 -0.00476646423339844 0.0813064575195313 0.0775985717773438
0.0105133056640625 -0.0109529495239258 -0.0535049438476562 -0.0786895751953125
0.0149478912353516 0.003662109375 0.0783233642578125 -0.119880676269531
0.0182075500488281 0.0166301727294922 0.22735595703125 -0.050689697265625
0.00275611877441406 0.0198822021484375 0.299072265625 0.15704345703125
-0.0261726379394531 0.00170135498046874 0.051971435546875 0.407440185546875
-0.00839424133300781 -0.0289936065673828 -0.328582763671875 0.392791748046875
0.041595458984375 -0.0122718811035156 -0.414276123046875 0.07977294921875
0.0643959045410156 0.0265922546386719 -0.0101547241210937 0.0387954711914063
0.0527915954589844 0.00334930419921875 0.46221923828125 -0.01007080078125
0.0163516998291016 -0.0189628601074219 0.393585205078125 -0.395294189453125
-0.010462760925293 -0.0103254318237305 -0.094268798828125 -0.451019287109375
-0.0119838714599609 0.00249099731445312 -0.321197509765625 -0.12579345703125
0.00199413299560547 0.00882530212402344 -0.244964599609375 0.0814208984375001
0.0137596130371094 0.000199317932128906 -0.05303955078125 0.130577087402344
0.0108938217163086 -0.00640201568603515 0.0806427001953125 0.0790557861328125
0.010960578918457 -0.0125675201416016 -0.05413818359375 -0.0789260864257812
0.0158452987670898 0.00262260437011719 0.0770263671875 -0.123451232910156
0.0197029113769531 0.0156154632568359 0.22564697265625 -0.05633544921875
0.00653266906738281 0.0232257843017578 0.3009033203125 0.147491455078125
-0.0252513885498047 0.00791358947753906 0.059356689453125 0.4029541015625
-0.0136623382568359 -0.0246829986572266 -0.319000244140625 0.400482177734375
0.0275325775146484 -0.01416015625 -0.41650390625 0.0876464843749999
0.0503921508789063 0.0198478698730469 -0.016845703125 0.0391807556152344
0.0427169799804688 0.00175857543945313 0.458526611328125 0.00390625
0.00992965698242188 -0.0155963897705078 0.406097412109375 -0.38336181640625
-0.0109930038452148 -0.00557422637939453 -0.082763671875 -0.454559326171875
-0.00918197631835938 0.005035400390625 -0.319183349609375 -0.13421630859375
0.00401496887207031 0.0095205307006836 -0.24578857421875 0.0742645263671874
0.0156641006469727 -0.000509262084960938 -0.0542068481445313 0.129638671875
0.0117120742797852 -0.009735107421875 0.0803604125976563 0.07879638671875
0.012700080871582 -0.0134792327880859 -0.0549392700195312 -0.0806808471679688
0.0173931121826172 0.000821113586425781 0.078094482421875 -0.125823974609375
0.021026611328125 0.0151863098144531 0.225326538085937 -0.0615386962890625
0.00928306579589844 0.0253791809082031 0.301239013671875 0.143096923828125
-0.0259246826171875 0.0123786926269531 0.06170654296875 0.402801513671875
-0.0204143524169922 -0.0193901062011719 -0.317230224609375 0.402252197265625
0.015986442565918 -0.0130119323730469 -0.416473388671875 0.0918579101562501
0.0363616943359375 0.0140380859375 -0.01904296875 0.0414505004882813
0.0311546325683594 0.00182914733886719 0.4610595703125 0.011383056640625
0.0031423568725586 -0.0121431350708008 0.410858154296875 -0.37841796875
-0.0120315551757813 -0.00095367431640625 -0.0791015625 -0.456939697265625
-0.00769948959350586 0.0079193115234375 -0.317535400390625 -0.13824462890625
0.00580787658691406 0.00990009307861328 -0.2464599609375 0.0709991455078125
0.0169200897216797 -0.00174045562744141 -0.0531082153320312 0.128387451171875
0.0126571655273438 -0.00997543334960937 0.08099365234375 0.0791168212890625
0.0125188827514648 -0.0139808654785156 -0.0551605224609375 -0.0815200805664063
0.0191650390625 -5.53131103515625E-05 0.0794906616210938 -0.1285400390625
0.0230388641357422 0.0141086578369141 0.226333618164063 -0.0667266845703125
0.0107269287109375 0.0261459350585937 0.303680419921875 0.139312744140625
-0.0255355834960938 0.0159034729003906 0.06634521484375 0.40478515625
-0.0266647338867187 -0.0155544281005859 -0.313751220703125 0.4095458984375
0.00412845611572266 -0.0126209259033203 -0.414398193359375 0.100372314453125
0.0223064422607422 0.00910758972167969 -0.0114059448242188 0.0481300354003906
0.0186138153076172 -6.866455078125E-05 0.466461181640625 0.004974365234375
-0.00419855117797852 -0.00836849212646484 0.403839111328125 -0.3858642578125
-0.0134677886962891 0.00212192535400391 -0.09002685546875 -0.4549560546875
-0.00511980056762695 0.00803089141845703 -0.3216552734375 -0.132171630859375
0.00776004791259766 0.00981426239013672 -0.243377685546875 0.0746002197265625
0.0178318023681641 -0.00228500366210938 -0.0484161376953125 0.128273010253906
0.0125284194946289 -0.0107431411743164 0.0839691162109375 0.0776214599609375
0.0051722526550293 -0.00253009796142578 -0.04852294921875 -0.0870742797851563
0.0127391815185547 0.0120458602905273 0.0900726318359375 -0.117904663085938
0.0112094879150391 0.0142936706542969 0.2392578125 -0.0274505615234375
-0.00712394714355469 0.0095834732055664 0.284881591796875 0.1983642578125
-0.0320854187011719 -0.00888061523437501 -0.00723266601562503 0.425567626953125
-0.000707626342773441 -0.0285568237304688 -0.381256103515625 0.356719970703125
0.0519180297851563 0.0027313232421875 -0.394866943359375 0.0466918945312499
0.0689163208007813 0.0375633239746094 0.0528831481933594 0.0517539978027344
0.053558349609375 0.00327301025390625 0.482513427734375 -0.07568359375
0.0120983123779297 -0.0206031799316406 0.32330322265625 -0.449310302734375
-0.0182399749755859 -0.01373291015625 -0.162139892578125 -0.41851806640625
-0.0207786560058594 -0.00440216064453125 -0.329315185546875 -0.0715026855468751
-0.000612258911132813 0.00483131408691406 -0.2264404296875 0.11077880859375
0.0114297866821289 0.00487136840820312 -0.0348129272460938 0.13446044921875
0.00330471992492676 0.000296354293823242 0.08892822265625 0.0746917724609375
0.00575971603393555 -0.00438404083251953 -0.0502548217773438 -0.084625244140625
0.0121126174926758 0.0115194320678711 0.0861968994140625 -0.118301391601563
0.0123195648193359 0.0148601531982422 0.236907958984375 -0.0326080322265625
-0.00626945495605469 0.0114126205444336 0.29058837890625 0.18878173828125
-0.0307598114013672 -0.00897407531738281 0.00955200195312501 0.423614501953125
0.00192070007324219 -0.0316810607910156 -0.36865234375 0.368896484375
0.0570640563964844 -0.00161361694335938 -0.40045166015625 0.05487060546875
0.0773162841796875 0.037811279296875 0.0376434326171875 0.0460472106933594
0.0600090026855469 0.00345230102539063 0.47808837890625 -0.0673828125
0.0169963836669922 -0.0218391418457031 0.338104248046875 -0.441802978515625
-0.0157089233398437 -0.0155773162841797 -0.15081787109375 -0.427520751953125
-0.0194549560546875 -0.00383377075195313 -0.328857421875 -0.08197021484375
-0.000554561614990235 0.00621461868286133 -0.231246948242188 0.106643676757813
0.0111169815063477 0.0037841796875 -0.040008544921875 0.134895324707031
0.00344944000244141 -0.000613212585449219 0.0867691040039063 0.0751419067382813
0.00764846801757813 -0.00618362426757813 -0.0525436401367188 -0.0812911987304687
0.0124540328979492 0.00955581665039063 0.0822372436523437 -0.1185302734375
0.0128421783447266 0.0163002014160156 0.233718872070312 -0.0396728515625
-0.00325584411621094 0.0133399963378906 0.2945556640625 0.177001953125
-0.0288619995117188 -0.00624275207519532 0.02618408203125 0.419219970703125
0.000696182250976565 -0.0325489044189453 -0.352508544921875 0.37994384765625
0.0568885803222656 -0.0067291259765625 -0.40789794921875 0.0653076171875001
0.0786056518554688 0.0350799560546875 0.0199775695800781 0.041961669921875
0.0632362365722656 0.00324249267578125 0.47174072265625 -0.051483154296875
0.018096923828125 -0.0228481292724609 0.354217529296875 -0.430877685546875
-0.0119848251342773 -0.0140609741210938 -0.136383056640625 -0.43585205078125
-0.0178928375244141 -0.0025634765625 -0.327728271484375 -0.094024658203125
-0.000863075256347656 0.00650930404663086 -0.236404418945313 0.1002197265625
0.0108804702758789 0.00317668914794922 -0.0451889038085938 0.134971618652344
0.00574064254760742 -0.00266838073730469 0.0843887329101563 0.0757522583007813
0.00913619995117188 -0.00869846343994141 -0.0541610717773438 -0.0803070068359375
0.013697624206543 0.00695419311523438 0.0777053833007812 -0.121078491210938
0.0151243209838867 0.0162477493286133 0.2308349609375 -0.0477752685546875
0.000602722167968751 0.0166492462158203 0.2998046875 0.16363525390625
-0.0275096893310547 -0.00228309631347656 0.0438232421875 0.413818359375
-0.00348091125488281 -0.0318031311035156 -0.33575439453125 0.3927001953125
0.0504150390625 -0.0110626220703125 -0.412628173828125 0.0767517089843749
0.0740203857421875 0.0308990478515625 0.00345993041992188 0.0394134521484375
0.0600433349609375 0.00215530395507813 0.467803955078125 -0.033935546875
0.0188312530517578 -0.0218410491943359 0.371795654296875 -0.417327880859375
-0.0112056732177734 -0.0132255554199219 -0.11846923828125 -0.444671630859375
-0.015620231628418 -0.000104904174804686 -0.3267822265625 -0.1077880859375
0.000327110290527344 0.00844192504882813 -0.241775512695312 0.0932159423828125
0.0115966796875 0.00131034851074219 -0.0485153198242187 0.134307861328125
0.00838136672973633 -0.00480318069458008 0.08294677734375 0.0763092041015625
0.0110607147216797 -0.0113925933837891 -0.0551223754882813 -0.07861328125
0.0148935317993164 0.00449943542480469 0.076324462890625 -0.123497009277344
0.0174455642700195 0.0153465270996094 0.227615356445313 -0.0559539794921875
0.00340843200683594 0.0207672119140625 0.302642822265625 0.151580810546875
-0.0263137817382813 0.00247764587402344 0.057769775390625 0.408477783203125
-0.00890731811523438 -0.0288467407226563 -0.322906494140625 0.40057373046875
0.0406608581542969 -0.0135383605957031 -0.414276123046875 0.0872497558593751
0.0641899108886719 0.025054931640625 -0.00950241088867187 0.0384712219238281
0.0533447265625 0.0030670166015625 0.463134765625 -0.0179443359375
0.0152816772460938 -0.019073486328125 0.388885498046875 -0.403961181640625
-0.0106945037841797 -0.00998592376708984 -0.102813720703125 -0.45166015625
-0.0123844146728516 0.00264263153076172 -0.32403564453125 -0.1199951171875
0.00135231018066406 0.00924205780029297 -0.24517822265625 0.086669921875
0.013916015625 -0.000451087951660156 -0.0513229370117188 0.132637023925781
0.0102224349975586 -0.00737667083740234 0.0823135375976563 0.077850341796875
0.0114822387695313 -0.0132379531860352 -0.0553741455078125 -0.0795974731445313
0.0157108306884766 0.00192928314208984 0.0748367309570312 -0.125717163085938
0.0193901062011719 0.0155982971191406 0.226058959960938 -0.06146240234375
0.00699996948242188 0.0230636596679688 0.305328369140625 0.143280029296875
-0.0258560180664063 0.00760650634765625 0.067047119140625 0.40545654296875
-0.0148105621337891 -0.0244941711425781 -0.3138427734375 0.40838623046875
0.0278606414794922 -0.0144195556640625 -0.417510986328125 0.09619140625
0.0506591796875 0.0188255310058594 -0.0171432495117187 0.0400886535644531
0.0418586730957031 0.00181961059570313 0.4605712890625 -0.003936767578125
0.00952053070068359 -0.0158529281616211 0.400634765625 -0.391357421875
-0.0104007720947266 -0.00569915771484375 -0.090362548828125 -0.45587158203125
-0.00906181335449219 0.00555801391601562 -0.322021484375 -0.12933349609375
0.00406455993652344 0.009552001953125 -0.246505737304688 0.0796356201171875
0.0152072906494141 -0.00161457061767578 -0.0526962280273437 0.131195068359375
0.0112590789794922 -0.00944042205810547 0.0817031860351562 0.0789794921875
0.012028694152832 -0.014246940612793 -0.0569229125976563 -0.0798568725585938
0.0171957015991211 0.000192642211914063 0.0768203735351563 -0.128196716308594
0.0212764739990234 0.0150108337402344 0.225570678710938 -0.065521240234375
0.0088958740234375 0.0252666473388672 0.305633544921875 0.138946533203125
-0.0252609252929688 0.0118007659912109 0.069488525390625 0.40478515625
-0.0205116271972656 -0.0187549591064453 -0.31048583984375 0.41229248046875
0.0151071548461914 -0.014012336730957 -0.417694091796875 0.100555419921875
0.0355644226074219 0.0131416320800781 -0.0186271667480469 0.0433387756347656
0.029998779296875 0.000667572021484375 0.46282958984375 0.004180908203125
0.00332069396972656 -0.0113744735717773 0.40521240234375 -0.386749267578125
-0.0119037628173828 -0.000716209411621094 -0.088226318359375 -0.45697021484375
-0.0072484016418457 0.00822257995605469 -0.32177734375 -0.132720947265625
0.00612735748291016 0.0104141235351563 -0.245437622070313 0.0764923095703125
0.0165328979492188 -0.00179862976074219 -0.0513534545898437 0.13037109375
0.0125608444213867 -0.0106830596923828 0.0831375122070313 0.0781021118164063
0.0123443603515625 -0.0142049789428711 -0.05670166015625 -0.0817794799804688
0.0191822052001953 -0.0008544921875 0.0773773193359375 -0.131332397460938
0.0229053497314453 0.0137577056884766 0.226318359375 -0.07220458984375
0.0102729797363281 0.0260009765625 0.308013916015625 0.1341552734375
-0.0255966186523438 0.0166358947753906 0.0740966796875 0.40509033203125
-0.0262660980224609 -0.0143795013427734 -0.3074951171875 0.417144775390625
0.00451564788818359 -0.0128307342529297 -0.414276123046875 0.108001708984375
0.0218868255615234 0.00857162475585938 -0.0120887756347656 0.0481605529785156
0.0180892944335938 0.000104904174804688 0.468292236328125 -0.00311279296875
-0.00325250625610352 -0.00783586502075195 0.398162841796875 -0.394683837890625
-0.0136032104492188 0.00294589996337891 -0.0982666015625 -0.454864501953125
-0.0052499771118164 0.00853347778320313 -0.32562255859375 -0.126678466796875
0.00842666625976563 0.00922393798828125 -0.243408203125 0.0797271728515624
0.0182647705078125 -0.00365638732910156 -0.046661376953125 0.13018798828125
0.0120000839233398 -0.0106058120727539 0.0855178833007813 0.07733154296875
0.00474357604980469 -0.00301122665405273 -0.051300048828125 -0.0869140625
0.0131807327270508 0.0124683380126953 0.0882568359375 -0.121452331542969
0.0114641189575195 0.0129194259643555 0.239654541015625 -0.032135009765625
-0.00705432891845703 0.00883007049560547 0.28948974609375 0.193084716796875
-0.0330696105957031 -0.008697509765625 -0.000793457031249987 0.4278564453125
-0.0013275146484375 -0.0281810760498047 -0.37567138671875 0.365234375
0.0522346496582031 0.00165557861328125 -0.395538330078125 0.0544128417968751
0.0691795349121094 0.0366172790527344 0.0526084899902344 0.0506324768066406
0.0536117553710938 0.00250244140625 0.48199462890625 -0.083953857421875
0.0116806030273438 -0.0202751159667969 0.31536865234375 -0.45489501953125
-0.0181865692138672 -0.0138168334960938 -0.171783447265625 -0.415313720703125
-0.0206508636474609 -0.00285911560058594 -0.33135986328125 -0.064910888671875
-0.000439643859863281 0.00495576858520508 -0.224472045898438 0.116485595703125
0.0105190277099609 0.00488090515136719 -0.03302001953125 0.135818481445313
0.00263714790344238 0.000406026840209961 0.090606689453125 0.07391357421875
0.00527238845825195 -0.004180908203125 -0.0520706176757813 -0.0847854614257813
0.0126876831054688 0.0109434127807617 0.0844039916992188 -0.120872497558594
0.0126104354858398 0.0146961212158203 0.237167358398438 -0.037841796875
-0.00615692138671875 0.0103302001953125 0.29425048828125 0.183197021484375
-0.031219482421875 -0.00860977172851563 0.017608642578125 0.42486572265625
0.000606536865234372 -0.0311260223388672 -0.362518310546875 0.377899169921875
0.0571441650390625 -0.00214004516601563 -0.400848388671875 0.0618896484375
0.0766677856445313 0.037017822265625 0.0373191833496094 0.0454864501953125
0.0605239868164063 0.00257492065429688 0.476715087890625 -0.074188232421875
0.0157852172851563 -0.0228157043457031 0.330535888671875 -0.44854736328125
-0.0159368515014648 -0.0154752731323242 -0.159088134765625 -0.424346923828125
-0.0198936462402344 -0.0030364990234375 -0.3316650390625 -0.075958251953125
-0.000965118408203125 0.00573825836181641 -0.229965209960938 0.111618041992187
0.0107402801513672 0.00410079956054687 -0.0381011962890625 0.135955810546875
0.00446367263793945 -0.00115060806274414 0.0883331298828125 0.0738677978515625
0.00718593597412109 -0.00615739822387695 -0.0532608032226562 -0.08251953125
0.0130367279052734 0.00891399383544922 0.0800323486328125 -0.121665954589844
0.0130338668823242 0.0152788162231445 0.23370361328125 -0.044586181640625
-0.00312519073486328 0.0137815475463867 0.299072265625 0.171478271484375
-0.0298233032226563 -0.00533485412597656 0.03363037109375 0.42132568359375
0.000329971313476564 -0.0326080322265625 -0.346893310546875 0.38751220703125
0.0562782287597656 -0.00699615478515625 -0.407257080078125 0.0719909667968751
0.0786285400390625 0.03485107421875 0.0197296142578125 0.0424118041992188
0.0634307861328125 0.001953125 0.4718017578125 -0.059326171875
0.0185451507568359 -0.0231533050537109 0.348052978515625 -0.437225341796875
-0.0138339996337891 -0.0146684646606445 -0.1436767578125 -0.435089111328125
-0.0183677673339844 -0.00197029113769531 -0.330322265625 -0.089080810546875
-0.000789642333984375 0.00624561309814453 -0.235214233398438 0.105682373046875
0.0109100341796875 0.00258064270019531 -0.0426254272460938 0.135643005371094
0.0065765380859375 -0.00301265716552734 0.0864105224609375 0.0738906860351563
0.00868892669677734 -0.00874996185302735 -0.0546188354492188 -0.0802764892578125
0.0139322280883789 0.00681209564208984 0.0762481689453125 -0.122589111328125
0.0155725479125977 0.0149497985839844 0.230575561523437 -0.052093505859375
0.000286102294921876 0.0172052383422852 0.303619384765625 0.157135009765625
-0.0281314849853516 -0.00141716003417969 0.051666259765625 0.414703369140625
-0.00342178344726562 -0.0310688018798828 -0.3304443359375 0.400360107421875
0.0501327514648438 -0.0110626220703125 -0.41302490234375 0.083953857421875
0.073638916015625 0.029205322265625 0.00353622436523438 0.0388412475585938
0.0602340698242187 0.00218582153320312 0.46710205078125 -0.04296875
0.0180416107177734 -0.0217571258544922 0.36517333984375 -0.424285888671875
-0.0121746063232422 -0.0134782791137695 -0.127532958984375 -0.4434814453125
-0.0157756805419922 0.000428199768066404 -0.329254150390625 -0.101898193359375
-0.000662803649902344 0.00792837142944336 -0.240234375 0.098541259765625
0.011815071105957 0.00121307373046875 -0.0463638305664063 0.136222839355469
0.0077977180480957 -0.00555706024169922 0.0850143432617188 0.075958251953125
0.0100002288818359 -0.0114526748657227 -0.0559463500976563 -0.07940673828125
0.0148038864135742 0.00427055358886719 0.074249267578125 -0.125312805175781
0.0179309844970703 0.0148715972900391 0.227920532226562 -0.0599517822265625
0.00417137145996094 0.0196895599365234 0.30621337890625 0.145599365234375
-0.0265922546386719 0.00348281860351562 0.065277099609375 0.40911865234375
-0.00857162475585937 -0.0273818969726563 -0.315093994140625 0.408477783203125
0.0404739379882813 -0.0143814086914063 -0.41485595703125 0.09356689453125
0.0645523071289063 0.0237960815429688 -0.00968170166015625 0.0385704040527344
0.0530815124511719 0.00154876708984375 0.463043212890625 -0.024505615234375
0.0152816772460938 -0.0189666748046875 0.381622314453125 -0.41094970703125
-0.0115880966186523 -0.00943946838378906 -0.110931396484375 -0.4490966796875
-0.0123996734619141 0.00354862213134765 -0.328033447265625 -0.11328125
0.00200366973876953 0.00952434539794922 -0.243606567382813 0.0908660888671875
0.0128211975097656 -0.000545501708984375 -0.0491790771484375 0.135002136230469
0.0103664398193359 -0.00830936431884766 0.0845718383789063 0.0768280029296875
0.01104736328125 -0.0133380889892578 -0.05694580078125 -0.079376220703125
0.0168628692626953 0.000926017761230469 0.0734100341796875 -0.128196716308594
0.0202350616455078 0.0146903991699219 0.22589111328125 -0.0663299560546875
0.00755119323730469 0.0232982635498047 0.30914306640625 0.1370849609375
-0.0251750946044922 0.00859451293945313 0.0736083984375 0.406005859375
-0.0160999298095703 -0.0236244201660156 -0.3072509765625 0.415771484375
0.0281848907470703 -0.0143833160400391 -0.417327880859375 0.102783203125
0.0501785278320313 0.0179405212402344 -0.017364501953125 0.0399551391601563
0.0426254272460937 0.001434326171875 0.46051025390625 -0.01177978515625
0.00929832458496094 -0.0149297714233398 0.393463134765625 -0.40057373046875
-0.0106515884399414 -0.00480842590332031 -0.10076904296875 -0.455291748046875
-0.00970172882080078 0.00558662414550781 -0.32476806640625 -0.122894287109375
0.00348091125488281 0.00973129272460938 -0.244308471679688 0.0852813720703125
0.0155868530273438 -0.00102996826171875 -0.0500259399414062 0.133628845214844
0.0122880935668945 -0.0109310150146484 0.0834274291992188 0.0770416259765625
0.011810302734375 -0.0145940780639648 -0.0579833984375 -0.0802154541015625
0.0180397033691406 -7.82012939453125E-05 0.07354736328125 -0.13104248046875
0.0218467712402344 0.0146827697753906 0.225341796875 -0.0709228515625
0.00959205627441406 0.0247344970703125 0.30816650390625 0.13275146484375
-0.0248279571533203 0.0125808715820312 0.07672119140625 0.4046630859375
-0.0212688446044922 -0.0180091857910156 -0.303802490234375 0.41815185546875
0.0150337219238281 -0.0142269134521484 -0.416595458984375 0.107666015625
0.0356178283691406 0.0127830505371094 -0.0194511413574219 0.0437088012695313
0.0299663543701172 0.000944137573242188 0.462677001953125 -0.003814697265625
0.00292778015136719 -0.0109319686889648 0.398345947265625 -0.394622802734375
-0.0121355056762695 -0.000859260559082033 -0.097320556640625 -0.455963134765625
-0.0072779655456543 0.00789833068847656 -0.325775146484375 -0.127197265625
0.00613784790039063 0.0103216171264648 -0.244491577148438 0.081878662109375
0.0167694091796875 -0.00265884399414063 -0.0498428344726562 0.131935119628906
0.0117225646972656 -0.0116729736328125 0.0850067138671875 0.0770416259765625
0.0115938186645508 -0.01458740234375 -0.0581207275390625 -0.0822982788085938
0.0196304321289063 -0.00038909912109375 0.0756759643554688 -0.133659362792969
0.0237026214599609 0.0137786865234375 0.226058959960937 -0.0772857666015625
0.0118732452392578 0.0257968902587891 0.3106689453125 0.127593994140625
-0.0252208709716797 0.0175399780273438 0.0816650390625 0.405181884765625
-0.0258369445800781 -0.0130519866943359 -0.299713134765625 0.423553466796875
0.00363349914550781 -0.0131664276123047 -0.4139404296875 0.116180419921875
0.0219402313232422 0.00786781311035156 -0.0116767883300781 0.0481147766113281
0.0181407928466797 0.000118255615234375 0.467987060546875 -0.011688232421875
-0.00469970703125 -0.00745725631713867 0.391204833984375 -0.4033203125
-0.0143938064575195 0.00281620025634766 -0.1068115234375 -0.454010009765625
-0.00484848022460938 0.00945568084716797 -0.328765869140625 -0.1199951171875
0.00874710083007813 0.0100975036621094 -0.24188232421875 0.0855102539062501
0.0178508758544922 -0.00304603576660156 -0.0442733764648438 0.131118774414063
0.0110502243041992 -0.0116672515869141 0.0881118774414063 0.0753250122070313
0.0047001838684082 -0.00286674499511719 -0.0523529052734375 -0.0864639282226563
0.0133485794067383 0.0127811431884766 0.0859603881835938 -0.1229248046875
0.0121374130249023 0.01385498046875 0.238784790039063 -0.0370941162109375
-0.00690364837646484 0.00906753540039063 0.29217529296875 0.18780517578125
-0.0332584381103516 -0.00769042968749999 0.00909423828124997 0.42791748046875
-0.000944137573242186 -0.0281486511230469 -0.3695068359375 0.371673583984375
0.0521087646484375 0.000682830810546875 -0.393280029296875 0.0610656738281251
0.0694618225097656 0.0359840393066406 0.0536231994628906 0.0496025085449219
0.0538444519042969 0.00247955322265625 0.478759765625 -0.092193603515625
0.0114154815673828 -0.0194969177246094 0.30615234375 -0.46197509765625
-0.0180511474609375 -0.0130195617675781 -0.18017578125 -0.412506103515625
-0.0208969116210938 -0.00286102294921875 -0.332275390625 -0.057708740234375
9.01222229003906E-05 0.00521516799926758 -0.222747802734375 0.121047973632813
0.0104951858520508 0.00421810150146484 -0.0304718017578125 0.13714599609375
0.0028531551361084 -0.000112295150756836 0.0921096801757813 0.072021484375
0.00537443161010742 -0.00449800491333008 -0.053985595703125 -0.0841827392578125
0.0128536224365234 0.0103683471679688 0.0822067260742187 -0.122886657714844
0.0125942230224609 0.0140323638916016 0.237319946289063 -0.04180908203125
-0.00551795959472656 0.010533332824707 0.29803466796875 0.177947998046875
-0.0314579010009766 -0.00760269165039062 0.024505615234375 0.42498779296875
0.000494003295898438 -0.0310535430908203 -0.354949951171875 0.384307861328125
0.0577659606933594 -0.00353622436523438 -0.39898681640625 0.069183349609375
0.0772247314453125 0.0349807739257813 0.0377006530761719 0.04412841796875
0.0607032775878906 0.00117111206054688 0.47393798828125 -0.082977294921875
0.0151958465576172 -0.0220680236816406 0.32183837890625 -0.45361328125
-0.0161409378051758 -0.0144329071044922 -0.16693115234375 -0.421661376953125
-0.0206680297851563 -0.00267219543457031 -0.33233642578125 -0.068817138671875
-0.0012507438659668 0.00634193420410156 -0.228591918945313 0.116424560546875
0.0105352401733398 0.00376701354980469 -0.035858154296875 0.137435913085938
0.00427842140197754 -0.000908851623535156 0.0896987915039063 0.0723342895507813
0.00649309158325195 -0.00595235824584961 -0.0554428100585937 -0.0810165405273438
0.0133609771728516 0.00883769989013672 0.0778884887695313 -0.122573852539063
0.0138463973999023 0.0150556564331055 0.232925415039063 -0.0484161376953125
-0.00304508209228516 0.0125341415405273 0.30316162109375 0.16571044921875
-0.0292530059814453 -0.00527000427246093 0.039886474609375 0.420654296875
-0.000791549682617185 -0.0316791534423828 -0.33953857421875 0.39434814453125
0.05633544921875 -0.00827789306640625 -0.40582275390625 0.08111572265625
0.0795974731445313 0.0335159301757813 0.0200843811035156 0.0412864685058594
0.062408447265625 0.00152206420898437 0.468505859375 -0.0682373046875
0.0175495147705078 -0.0225772857666016 0.338714599609375 -0.44342041015625
-0.0136814117431641 -0.015324592590332 -0.15155029296875 -0.43212890625
-0.0184135437011719 -0.00111007690429688 -0.331878662109375 -0.0813293457031251
-0.000669002532958984 0.0072174072265625 -0.232955932617188 0.11065673828125
0.0111846923828125 0.00271129608154297 -0.0411376953125 0.137046813964844
0.00569677352905273 -0.00297737121582031 0.088134765625 0.0732650756835938
0.00850248336791992 -0.00839757919311523 -0.056884765625 -0.079986572265625
0.0149745941162109 0.00622272491455078 0.0740203857421875 -0.125137329101562
0.0162973403930664 0.0148735046386719 0.229873657226563 -0.056060791015625
0.00113964080810547 0.0161838531494141 0.306732177734375 0.15283203125
-0.0279312133789063 -0.000673294067382814 0.059326171875 0.413909912109375
-0.00469970703125 -0.0305347442626953 -0.322967529296875 0.406005859375
0.0504341125488281 -0.0122795104980469 -0.411163330078125 0.0921630859375001
0.0738754272460938 0.0287094116210938 0.00259780883789063 0.0392112731933594
0.06005859375 0.00144195556640625 0.46392822265625 -0.05010986328125
0.017333984375 -0.0211181640625 0.358062744140625 -0.43048095703125
-0.012725830078125 -0.0130300521850586 -0.135040283203125 -0.440948486328125
-0.0160312652587891 0.00018119812011719 -0.330657958984375 -0.094512939453125
-0.000458717346191406 0.00928497314453125 -0.237991333007813 0.10400390625
0.0117454528808594 0.00135326385498047 -0.0447158813476563 0.137313842773438
0.00790977478027344 -0.00575590133666992 0.0862503051757813 0.0742645263671875
0.0100088119506836 -0.0112590789794922 -0.057769775390625 -0.0787200927734375
0.0152311325073242 0.00358295440673828 0.0725326538085937 -0.126930236816406
0.0187129974365234 0.0148983001708984 0.226913452148438 -0.0646209716796875
0.00380706787109375 0.0193061828613281 0.309173583984375 0.139556884765625
-0.026641845703125 0.0041656494140625 0.073089599609375 0.40948486328125
-0.00934028625488281 -0.0274753570556641 -0.30963134765625 0.41461181640625
0.0401229858398438 -0.0155067443847656 -0.413665771484375 0.101806640625
0.0637245178222656 0.0229568481445313 -0.00938034057617187 0.0387649536132812
0.0534133911132812 0.0005340576171875 0.46044921875 -0.0338134765625
0.0147075653076172 -0.0183696746826172 0.37359619140625 -0.415863037109375
-0.0110769271850586 -0.00957107543945312 -0.119720458984375 -0.448394775390625
-0.012669563293457 0.00378227233886719 -0.32940673828125 -0.1068115234375
0.00122261047363281 0.00989437103271484 -0.241439819335938 0.0973052978515625
0.0129508972167969 -0.000872611999511719 -0.0470504760742187 0.136177062988281
0.00933742523193359 -0.00820446014404297 0.0860595703125 0.0748214721679688
0.0106439590454102 -0.0137243270874023 -0.0585098266601562 -0.0791778564453125
0.0160398483276367 0.000901222229003906 0.071136474609375 -0.130035400390625
0.0207595825195313 0.0142879486083984 0.224716186523438 -0.07049560546875
0.00821685791015625 0.0222873687744141 0.310577392578125 0.130859375
-0.0250625610351562 0.00907325744628906 0.0821533203125 0.40435791015625
-0.0161304473876953 -0.0223102569580078 -0.299224853515625 0.4195556640625
0.0259075164794922 -0.0156440734863281 -0.415740966796875 0.11065673828125
0.0500564575195312 0.0174331665039062 -0.0173721313476562 0.0389251708984375
0.0420875549316406 0.00086212158203125 0.459381103515625 -0.019195556640625
0.00953960418701172 -0.0142736434936523 0.38592529296875 -0.405731201171875
-0.011260986328125 -0.00523471832275391 -0.10968017578125 -0.45257568359375
-0.00971603393554688 0.00582504272460938 -0.32745361328125 -0.117462158203125
0.00372886657714844 0.0103616714477539 -0.243881225585938 0.090728759765625
0.0146293640136719 -0.00246238708496094 -0.0483932495117187 0.134628295898438
0.0107250213623047 -0.0106945037841797 0.0854034423828125 0.07611083984375
0.0116920471191406 -0.0148258209228516 -0.0590972900390625 -0.0798568725585937
0.0179443359375 0.0002288818359375 0.0716552734375 -0.132415771484375
0.0227451324462891 0.0126285552978516 0.224655151367188 -0.07586669921875
0.0107154846191406 0.0240268707275391 0.310516357421875 0.126983642578125
-0.0250339508056641 0.0143909454345703 0.0838623046874999 0.404022216796875
-0.0210647583007813 -0.0176734924316406 -0.29644775390625 0.423980712890625
0.0149469375610352 -0.0143918991088867 -0.415313720703125 0.114471435546875
0.0351333618164063 0.0113620758056641 -0.0188026428222656 0.0428733825683594
0.0298900604248047 -0.000444412231445313 0.463226318359375 -0.012451171875
0.00176525115966797 -0.0105228424072266 0.391357421875 -0.401336669921875
-0.0122785568237305 -0.000900268554687501 -0.105224609375 -0.453399658203125
-0.00698280334472656 0.0084543228149414 -0.327545166015625 -0.119964599609375
0.00619316101074219 0.010401725769043 -0.242904663085937 0.08660888671875
0.016209602355957 -0.00176048278808594 -0.0472183227539062 0.133247375488281
0.0123147964477539 -0.0118303298950195 0.0876083374023438 0.0753250122070313
0.0111026763916016 -0.0153493881225586 -0.0598297119140625 -0.081146240234375
0.0192375183105469 -0.00154304504394531 0.0723342895507813 -0.135498046875
0.0238189697265625 0.0128707885742188 0.223709106445313 -0.081817626953125
0.0118160247802734 0.0252342224121094 0.31304931640625 0.122344970703125
-0.0254859924316406 0.0172939300537109 0.08917236328125 0.404449462890625
-0.0269050598144531 -0.0124053955078125 -0.292999267578125 0.429779052734375
0.00351142883300781 -0.012669563293457 -0.412200927734375 0.12255859375
0.0219039916992188 0.00787162780761719 -0.011627197265625 0.0480270385742188
0.0172948837280273 -0.000261306762695313 0.46710205078125 -0.019195556640625
-0.00410747528076172 -0.00676822662353516 0.384063720703125 -0.4085693359375
-0.0141611099243164 0.00402450561523438 -0.11578369140625 -0.451751708984375
-0.00528621673583984 0.00892543792724609 -0.330841064453125 -0.113800048828125
0.00833988189697265 0.00968074798583984 -0.240203857421875 0.090118408203125
0.0176105499267578 -0.00393867492675781 -0.0424575805664063 0.133247375488281
0.0124378204345703 -0.0124073028564453 0.0895843505859375 0.074310302734375
0.00427389144897461 -0.00279998779296875 -0.0537185668945313 -0.0865325927734375
0.0131750106811523 0.0118694305419922 0.083465576171875 -0.124778747558594
0.0120105743408203 0.0126285552978516 0.238021850585938 -0.0413360595703125
-0.00637435913085938 0.00775718688964844 0.295623779296875 0.182098388671875
-0.0333881378173828 -0.00658607482910156 0.016387939453125 0.42767333984375
-0.00109481811523437 -0.0273685455322266 -0.36199951171875 0.376922607421875
0.0516853332519531 -0.000560760498046875 -0.391632080078125 0.0686645507812499
0.0694084167480469 0.0346717834472656 0.0529327392578125 0.0489921569824219
0.0535850524902344 0.00155258178710938 0.47503662109375 -0.099517822265625
0.0107746124267578 -0.0202541351318359 0.29791259765625 -0.463104248046875
-0.0182056427001953 -0.0131397247314453 -0.186798095703125 -0.407745361328125
-0.0213050842285156 -0.00279998779296875 -0.33233642578125 -0.05120849609375
-0.000803470611572265 0.0046086311340332 -0.219802856445313 0.125900268554688
0.010706901550293 0.0045928955078125 -0.0281829833984375 0.137290954589844
0.00234723091125488 -7.65323638916016E-05 0.094024658203125 0.0702972412109375
0.00503253936767578 -0.00396442413330078 -0.0554656982421875 -0.0836868286132813
0.0135984420776367 0.0103225708007813 0.0801315307617188 -0.124732971191406
0.0124616622924805 0.0133609771728516 0.234573364257813 -0.0460357666015625
-0.00507354736328125 0.0106363296508789 0.30047607421875 0.172210693359375
-0.03192138671875 -0.00656890869140625 0.031646728515625 0.42425537109375
-7.62939453124839E-06 -0.0296916961669922 -0.3486328125 0.389678955078125
0.0562820434570313 -0.00514602661132813 -0.398284912109375 0.07562255859375
0.0778884887695313 0.0340423583984375 0.0372695922851563 0.0444793701171875
0.0595703125 1.52587890625E-05 0.471038818359375 -0.090789794921875
0.0157089233398438 -0.0222396850585938 0.3126220703125 -0.45770263671875
-0.0155963897705078 -0.0143938064575195 -0.173675537109375 -0.416961669921875
-0.0211257934570313 -0.00194931030273437 -0.33294677734375 -0.062591552734375
-0.000971317291259765 0.00641250610351563 -0.22564697265625 0.120697021484375
0.0101413726806641 0.00387859344482422 -0.0331039428710938 0.137733459472656
0.00396227836608887 -0.0016789436340332 0.0909576416015625 0.0712051391601563
0.00639200210571289 -0.00622749328613281 -0.0570297241210938 -0.0817794799804687
0.0138254165649414 0.00851058959960938 0.07623291015625 -0.125038146972656
0.0140962600708008 0.0136613845825195 0.232574462890625 -0.052825927734375
-0.00229454040527344 0.0137672424316406 0.3038330078125 0.159149169921875
-0.0294456481933594 -0.00464630126953126 0.04864501953125 0.4195556640625
-0.000885009765624997 -0.0315113067626953 -0.331939697265625 0.39923095703125
0.0557403564453125 -0.00933456420898438 -0.4051513671875 0.08746337890625
0.0792465209960938 0.0305328369140625 0.020660400390625 0.0404739379882813
0.0625495910644531 0.000370025634765625 0.466522216796875 -0.075439453125
0.0175895690917969 -0.0220947265625 0.329559326171875 -0.44683837890625
-0.0150699615478516 -0.01434326171875 -0.159759521484375 -0.428253173828125
-0.0189323425292969 -0.00115585327148437 -0.333709716796875 -0.0743408203125
-0.000792503356933595 0.00771427154541016 -0.230850219726563 0.114913940429688
0.0099639892578125 0.00240898132324219 -0.0387802124023438 0.138038635253906
0.00623607635498047 -0.00399017333984375 0.0897598266601563 0.0716781616210938
0.00772666931152344 -0.00813627243041992 -0.0576629638671875 -0.0792770385742188
0.0141448974609375 0.00642871856689453 0.0714569091796875 -0.126106262207031
0.0165748596191406 0.0151548385620117 0.228515625 -0.0610504150390625
0.00216960906982422 0.0160112380981445 0.3074951171875 0.146148681640625
-0.0279312133789063 -0.000610351562500005 0.066864013671875 0.413360595703125
-0.00412368774414062 -0.0298137664794922 -0.31591796875 0.40966796875
0.0498237609863281 -0.0135574340820313 -0.4088134765625 0.09716796875
0.0728836059570313 0.0269546508789063 0.00361633300781251 0.0383338928222656
0.06036376953125 0.000766754150390625 0.46295166015625 -0.057647705078125
0.0166664123535156 -0.0206432342529297 0.348968505859375 -0.434722900390625
-0.0122652053833008 -0.0126008987426758 -0.14398193359375 -0.436920166015625
-0.0164356231689453 0.00135993957519531 -0.3316650390625 -0.08837890625
-0.000128746032714844 0.00837612152099609 -0.235443115234375 0.108306884765625
0.0105075836181641 0.00187301635742188 -0.0417556762695312 0.137954711914063
0.00730419158935547 -0.00555896759033203 0.0885772705078125 0.0729446411132813
0.00935935974121094 -0.0118198394775391 -0.0595779418945313 -0.0781936645507813
0.0150213241577148 0.00215339660644531 0.0692214965820313 -0.128517150878906
0.0183143615722656 0.0147457122802734 0.225921630859375 -0.0690155029296875
0.00462532043457031 0.0191383361816406 0.31121826171875 0.133148193359375
-0.0269985198974609 0.00457572937011718 0.079925537109375 0.407196044921875
-0.0101375579833984 -0.0269794464111328 -0.30084228515625 0.417755126953125
0.0396080017089844 -0.016815185546875 -0.410858154296875 0.109466552734375
0.0627937316894531 0.0213890075683594 -0.0106582641601562 0.0384101867675781
0.0525398254394531 0.000492095947265625 0.459136962890625 -0.040283203125
0.0146198272705078 -0.0193710327148438 0.364532470703125 -0.4219970703125
-0.0117969512939453 -0.0095071792602539 -0.126617431640625 -0.444671630859375
-0.0122270584106445 0.00329780578613281 -0.330291748046875 -0.099700927734375
0.00220394134521484 0.00979995727539063 -0.238601684570313 0.101226806640625
0.0124540328979492 -1.43051147460938E-05 -0.0449371337890625 0.137519836425781
0.00998973846435547 -0.00785350799560547 0.0875701904296875 0.0732421875
0.00990867614746094 -0.0135688781738281 -0.059906005859375 -0.078216552734375
0.0172185897827148 0.000626564025878906 0.068572998046875 -0.131507873535156
0.0212287902832031 0.0131988525390625 0.22357177734375 -0.0754852294921875
0.0087127685546875 0.0214309692382812 0.31292724609375 0.12567138671875
-0.0253162384033203 0.0102062225341797 0.08770751953125 0.403472900390625
-0.0154609680175781 -0.0219287872314453 -0.2913818359375 0.42657470703125
0.0275745391845703 -0.0156764984130859 -0.412384033203125 0.11712646484375
0.0492630004882813 0.0159721374511719 -0.0184822082519531 0.0397453308105469
0.0418281555175781 0.00051116943359375 0.45745849609375 -0.0272216796875
0.00821304321289062 -0.0152769088745117 0.3785400390625 -0.411773681640625
-0.0110378265380859 -0.00395965576171875 -0.1156005859375 -0.4488525390625
-0.00968837738037109 0.00628280639648437 -0.329620361328125 -0.11053466796875
0.00394725799560547 0.0099477767944336 -0.241607666015625 0.0951690673828125
0.0144214630126953 -0.00218009948730469 -0.046722412109375 0.135368347167969
0.0105829238891602 -0.0102138519287109 0.0870819091796875 0.0738449096679688
0.0118341445922852 -0.0149240493774414 -0.0606536865234375 -0.0792236328125
0.0184116363525391 -0.000539779663085938 0.06854248046875 -0.133499145507813
0.0224227905273438 0.0138092041015625 0.222320556640625 -0.0792083740234375
0.0110397338867188 0.0227699279785156 0.31292724609375 0.120697021484375
-0.0245475769042969 0.0141525268554688 0.091766357421875 0.4005126953125
-0.0201377868652344 -0.0162754058837891 -0.28704833984375 0.428131103515625
0.0145492553710937 -0.0150613784790039 -0.410675048828125 0.121795654296875
0.0349235534667969 0.0106449127197266 -0.0187416076660156 0.0433616638183594
0.0301017761230469 -5.14984130859375E-05 0.4599609375 -0.02008056640625
0.00220584869384766 -0.00985908508300781 0.382110595703125 -0.405914306640625
-0.0126361846923828 -6.00814819335961E-05 -0.113311767578125 -0.450408935546875
-0.00686931610107422 0.00786352157592773 -0.328094482421875 -0.11395263671875
0.00603866577148438 0.0104122161865234 -0.240875244140625 0.0928192138671875
0.015385627746582 -0.00315093994140625 -0.044403076171875 0.133941650390625
0.0116615295410156 -0.0121221542358398 0.0886917114257813 0.0737686157226563
0.0114297866821289 -0.0149974822998047 -0.0616302490234375 -0.080841064453125
0.0195846557617188 -0.00175285339355469 0.0696563720703125 -0.136604309082031
0.0238704681396484 0.0126800537109375 0.2235107421875 -0.0856781005859375
0.0128593444824219 0.0239105224609375 0.314453125 0.11566162109375
-0.0246734619140625 0.0181808471679688 0.096038818359375 0.402191162109375
-0.0259532928466797 -0.0119514465332031 -0.284332275390625 0.432403564453125
0.00339317321777344 -0.0126543045043945 -0.408660888671875 0.131011962890625
0.0202198028564453 0.0074920654296875 -0.0116157531738281 0.0483894348144531
0.0179939270019531 -0.000324249267578125 0.465850830078125 -0.0283203125
-0.00520086288452148 -0.00621271133422852 0.375396728515625 -0.4136962890625
-0.0138559341430664 0.00421905517578125 -0.122711181640625 -0.449127197265625
-0.00506973266601563 0.00972747802734375 -0.331817626953125 -0.106719970703125
0.00807952880859375 0.0106019973754883 -0.238571166992188 0.0948333740234375
0.0176181793212891 -0.00373649597167969 -0.0407180786132813 0.13397216796875
0.0120658874511719 -0.0125751495361328 0.0903472900390625 0.0729751586914063
0.00469064712524414 -0.00317859649658203 -0.055572509765625 -0.085479736328125
0.0148162841796875 0.0120248794555664 0.0808334350585938 -0.126853942871094
0.0127725601196289 0.0120668411254883 0.236007690429688 -0.0453643798828125
-0.00620508193969726 0.00862741470336914 0.2962646484375 0.176544189453125
-0.0331058502197266 -0.00577926635742188 0.022430419921875 0.42681884765625
-0.00157356262207031 -0.0262680053710937 -0.354278564453125 0.382232666015625
0.0511932373046875 -0.00115585327148438 -0.3895263671875 0.073028564453125
0.0691909790039063 0.0332374572753906 0.0528106689453125 0.0478591918945313
0.05279541015625 0.001007080078125 0.47161865234375 -0.106964111328125
0.0101280212402344 -0.0188026428222656 0.2889404296875 -0.465667724609375
-0.0185871124267578 -0.0130138397216797 -0.192718505859375 -0.401397705078125
-0.0212669372558594 -0.00194931030273437 -0.331298828125 -0.0444030761718749
-0.000100135803222656 0.00511360168457031 -0.21636962890625 0.128433227539062
0.010345458984375 0.00475025177001953 -0.0257644653320312 0.137298583984375
0.00254940986633301 0.000153541564941406 0.0948104858398438 0.0682144165039063
0.00566530227661133 -0.00510549545288086 -0.0566635131835938 -0.0824737548828125
0.0140495300292969 0.0101051330566406 0.0771408081054688 -0.125900268554688
0.0132350921630859 0.012974739074707 0.23419189453125 -0.050384521484375
-0.00490665435791016 0.0103187561035156 0.3017578125 0.166229248046875
-0.0316066741943359 -0.00569534301757813 0.039337158203125 0.423309326171875
0.000766754150390626 -0.0293827056884766 -0.340911865234375 0.392242431640625
0.0566024780273438 -0.00568771362304688 -0.394744873046875 0.0823974609375
0.077484130859375 0.0326614379882813 0.0374946594238281 0.0431137084960937
0.0598297119140625 -0.00025177001953125 0.4654541015625 -0.09716796875
0.0149669647216797 -0.0214672088623047 0.303680419921875 -0.459228515625
-0.0167369842529297 -0.014246940612793 -0.180572509765625 -0.412750244140625
-0.0208644866943359 -0.00155448913574218 -0.331878662109375 -0.056304931640625
-0.00150251388549805 0.00650262832641602 -0.221786499023438 0.1246337890625
0.0100126266479492 0.00346755981445313 -0.0314178466796875 0.138290405273438
0.00421047210693359 -0.00194787979125977 0.0924911499023438 0.0694503784179688
0.00605106353759766 -0.00629043579101563 -0.057891845703125 -0.08056640625
0.0136022567749023 0.00803184509277344 0.0733871459960938 -0.125999450683594
0.0143117904663086 0.0138664245605469 0.230712890625 -0.0562896728515625
-0.00238704681396484 0.0119867324829102 0.305908203125 0.1536865234375
-0.0296688079833984 -0.00373077392578125 0.05596923828125 0.41754150390625
-0.00152397155761719 -0.0305995941162109 -0.323760986328125 0.40435791015625
0.055267333984375 -0.0101356506347656 -0.401824951171875 0.092742919921875
0.0785446166992188 0.0297317504882813 0.0202865600585938 0.0401763916015625
0.0619277954101563 -9.1552734375E-05 0.46197509765625 -0.08050537109375
0.0173282623291016 -0.0221481323242188 0.3201904296875 -0.450592041015625
-0.0141782760620117 -0.0139474868774414 -0.165496826171875 -0.422271728515625
-0.0187778472900391 -0.000114440917968751 -0.331756591796875 -0.0684814453124999
-0.000972270965576172 0.00725507736206055 -0.227981567382812 0.119049072265625
0.0105161666870117 0.00224018096923828 -0.0357284545898437 0.139564514160156
0.0052638053894043 -0.00459003448486328 0.0900039672851563 0.069671630859375
0.00836467742919922 -0.00957965850830078 -0.0591506958007812 -0.0787124633789063
0.014923095703125 0.00512599945068359 0.0693130493164062 -0.128067016601563
0.0170936584472656 0.0143880844116211 0.226577758789063 -0.065277099609375
0.00173473358154297 0.0156965255737305 0.30877685546875 0.140106201171875
-0.0285739898681641 -0.000291824340820315 0.07415771484375 0.41168212890625
-0.00444602966308593 -0.0294265747070312 -0.30682373046875 0.41339111328125
0.0485877990722656 -0.0142745971679688 -0.40509033203125 0.104400634765625
0.0733795166015625 0.0257949829101563 0.0035247802734375 0.0390586853027344
0.0592918395996094 -0.000347137451171875 0.457489013671875 -0.06451416015625
0.0171566009521484 -0.0208110809326172 0.339508056640625 -0.4378662109375
-0.0126962661743164 -0.0123348236083984 -0.14971923828125 -0.432037353515625
-0.0159330368041992 0.00145626068115234 -0.3311767578125 -0.0822448730468749
-0.000246047973632813 0.00903606414794922 -0.2330322265625 0.112838745117187
0.0118780136108398 0.000963211059570313 -0.0398788452148438 0.139411926269531
0.0072178840637207 -0.00661802291870117 0.0891189575195313 0.070892333984375
0.00859355926513672 -0.0113611221313477 -0.0609207153320312 -0.0773544311523438
0.0157670974731445 0.00271892547607422 0.06646728515625 -0.130081176757813
0.0187644958496094 0.0140800476074219 0.223678588867187 -0.0734405517578125
0.00556182861328125 0.0179481506347656 0.31134033203125 0.12823486328125
-0.0265846252441406 0.00504302978515625 0.087188720703125 0.4053955078125
-0.00915718078613281 -0.0266036987304688 -0.2919921875 0.421844482421875
0.0384445190429688 -0.0155677795410156 -0.406707763671875 0.11505126953125
0.0630416870117188 0.0204124450683594 -0.0104141235351562 0.0382881164550781
0.05218505859375 -0.00040435791015625 0.4559326171875 -0.0469970703125
0.0143442153930664 -0.0174407958984375 0.355499267578125 -0.424957275390625
-0.0120248794555664 -0.00858592987060547 -0.13507080078125 -0.43890380859375
-0.0127763748168945 0.00425148010253906 -0.330169677734375 -0.0942077636718751
0.00177574157714844 0.00976085662841797 -0.237777709960937 0.105682373046875
0.0122785568237305 -0.000788688659667969 -0.04290771484375 0.138908386230469
0.0093698501586914 -0.00901031494140625 0.0877456665039063 0.0723114013671875
0.00958824157714844 -0.0137138366699219 -0.061187744140625 -0.0772247314453125
0.0163640975952148 0.00123786926269531 0.0654754638671875 -0.131973266601563
0.0211696624755859 0.0123081207275391 0.221435546875 -0.0790252685546875
0.00931167602539062 0.0206813812255859 0.313385009765625 0.118927001953125
-0.0248336791992188 0.0108528137207031 0.0941162109375 0.40093994140625
-0.014984130859375 -0.0208969116210937 -0.28179931640625 0.4281005859375
0.0265235900878906 -0.0165729522705078 -0.408905029296875 0.122528076171875
0.048828125 0.015869140625 -0.0175094604492188 0.0396804809570312
0.041107177734375 -0.000820159912109375 0.45343017578125 -0.032867431640625
0.00810813903808594 -0.0144338607788086 0.368927001953125 -0.414947509765625
-0.0110177993774414 -0.00440788269042969 -0.1234130859375 -0.443389892578125
-0.00988197326660156 0.00618839263916016 -0.32861328125 -0.103668212890625
0.00432205200195313 0.0102472305297852 -0.239334106445313 0.0999298095703125
0.0143947601318359 -0.00225448608398438 -0.04351806640625 0.136878967285156
0.01031494140625 -0.0102319717407227 0.0882415771484375 0.072296142578125
0.0110597610473633 -0.015106201171875 -0.0625762939453125 -0.077789306640625
0.0180721282958984 -0.000738143920898438 0.0662689208984375 -0.135482788085937
0.02252197265625 0.0118274688720703 0.220901489257813 -0.0841522216796875
0.0109615325927734 0.0224609375 0.313018798828125 0.114837646484375
-0.0243358612060547 0.0153408050537109 0.0972900390625 0.398468017578125
-0.0210094451904297 -0.0160427093505859 -0.279449462890625 0.430999755859375
0.0143918991088867 -0.0150537490844727 -0.408782958984375 0.128082275390625
0.0345211029052734 0.0103912353515625 -0.0189132690429688 0.0435791015625
0.0294971466064453 -0.000299453735351563 0.45703125 -0.02691650390625
0.00173473358154297 -0.00953483581542969 0.374237060546875 -0.409912109375
-0.0122175216674805 -0.000125885009765624 -0.119415283203125 -0.4459228515625
-0.00654125213623047 0.00894737243652344 -0.329315185546875 -0.107452392578125
0.00617313385009766 0.0108375549316406 -0.2379150390625 0.095733642578125
0.0155782699584961 -0.0030364990234375 -0.0422210693359375 0.134696960449219
0.0112466812133789 -0.0119075775146484 0.08917236328125 0.072296142578125
0.0108547210693359 -0.0149593353271484 -0.0625762939453125 -0.079864501953125
0.0194683074951172 -0.00136375427246094 0.06658935546875 -0.138298034667969
0.0246868133544922 0.0112171173095703 0.220626831054688 -0.0896148681640625
0.0132217407226563 0.0235118865966797 0.31524658203125 0.109710693359375
-0.0247726440429687 0.0189628601074219 0.102081298828125 0.400543212890625
-0.0264511108398438 -0.0107536315917969 -0.277435302734375 0.4368896484375
0.00314140319824219 -0.0121316909790039 -0.40478515625 0.134674072265625
0.0203495025634766 0.0076446533203125 -0.0120277404785156 0.0479736328125
0.0181770324707031 -0.000728607177734375 0.4615478515625 -0.03546142578125
-0.00513648986816406 -0.00541925430297852 0.3662109375 -0.418060302734375
-0.0141286849975586 0.004119873046875 -0.13262939453125 -0.443206787109375
-0.0052347183227539 0.0103168487548828 -0.330841064453125 -0.10089111328125
0.00835323333740234 0.00946331024169922 -0.2349853515625 0.0990142822265625
0.0172595977783203 -0.00373172760009766 -0.0382614135742188 0.134635925292969
0.0118408203125 -0.0131368637084961 0.09197998046875 0.0704345703125
0.00426983833312988 -0.00290107727050781 -0.0565567016601563 -0.0849990844726562
0.0148582458496094 0.0119342803955078 0.0784912109375 -0.127754211425781
0.0124568939208984 0.0111732482910156 0.233901977539062 -0.049346923828125
-0.00681352615356445 0.00748395919799805 0.2979736328125 0.170867919921875
-0.0331935882568359 -0.00555992126464843 0.02880859375 0.42437744140625
-0.00172805786132813 -0.0255565643310547 -0.3453369140625 0.38470458984375
0.0509300231933594 -0.00158309936523438 -0.386322021484375 0.08001708984375
0.0690422058105469 0.0314903259277344 0.0523719787597656 0.0456962585449219
0.0522575378417969 0.000385284423828125 0.465576171875 -0.113311767578125
0.00994682312011719 -0.0185985565185547 0.27838134765625 -0.46697998046875
-0.0190219879150391 -0.0124835968017578 -0.198211669921875 -0.3961181640625
-0.0212955474853516 -0.00183677673339844 -0.329315185546875 -0.03887939453125
-0.000313758850097656 0.00587368011474609 -0.21331787109375 0.1317138671875
0.010218620300293 0.00399398803710938 -0.0243148803710937 0.137344360351563
0.0027315616607666 -0.000313043594360352 0.0954666137695313 0.066650390625
0.00493574142456055 -0.00486946105957031 -0.0576934814453125 -0.0822067260742188
0.0143451690673828 0.0106201171875 0.0753021240234375 -0.127067565917969
0.0137701034545898 0.0126028060913086 0.231948852539063 -0.0542144775390625
-0.0049285888671875 0.00984764099121094 0.302642822265625 0.16064453125
-0.0316352844238281 -0.00489616394042969 0.046173095703125 0.419525146484375
-7.62939453125009E-05 -0.0281410217285156 -0.331390380859375 0.39581298828125
0.0557746887207031 -0.00652313232421875 -0.391937255859375 0.0881347656250001
0.0766754150390625 0.03106689453125 0.0367698669433594 0.0424385070800781
0.058990478515625 -0.00048828125 0.460906982421875 -0.10272216796875
0.0140800476074219 -0.0208053588867188 0.29388427734375 -0.460418701171875
-0.0171165466308594 -0.0137767791748047 -0.185943603515625 -0.407012939453125
-0.0201683044433594 -0.00116539001464843 -0.330413818359375 -0.0501098632812501
-0.00138950347900391 0.00695371627807617 -0.218460083007812 0.128219604492188
0.0101480484008789 0.00379085540771484 -0.0293121337890625 0.138595581054688
0.00362324714660645 -0.0019218921661377 0.0930328369140625 0.0678329467773438
0.00628042221069336 -0.00714254379272461 -0.0587692260742188 -0.0786972045898438
0.0140981674194336 0.00822257995605469 0.0698318481445312 -0.127311706542969
0.0152778625488281 0.0135364532470703 0.228317260742188 -0.059814453125
-0.00224113464355469 0.0118179321289063 0.30645751953125 0.148590087890625
-0.0299167633056641 -0.00311851501464844 0.062469482421875 0.41448974609375
-0.00156211853027344 -0.0303630828857422 -0.315948486328125 0.40606689453125
0.054931640625 -0.0108222961425781 -0.397552490234375 0.0978088378906249
0.0781402587890625 0.02813720703125 0.0198822021484375 0.0392951965332031
0.0615386962890625 -0.000499725341796875 0.45672607421875 -0.08782958984375
0.0161819458007813 -0.0219860076904297 0.311676025390625 -0.451171875
-0.0141458511352539 -0.0136213302612305 -0.171661376953125 -0.4176025390625
-0.0189990997314453 0.000329971313476561 -0.330291748046875 -0.06219482421875
-0.00113964080810547 0.0081334114074707 -0.224472045898437 0.122222900390625
0.00983905792236328 0.00217819213867188 -0.0342483520507813 0.138633728027344
0.00543880462646484 -0.00425815582275391 0.0899505615234375 0.0682907104492188
0.00763511657714844 -0.00909137725830078 -0.06011962890625 -0.0776748657226562
0.0150346755981445 0.00592803955078125 0.0671920776367188 -0.128814697265625
0.0175914764404297 0.0135097503662109 0.224319458007813 -0.0680389404296875
0.000786781311035158 0.0148935317993164 0.3099365234375 0.13427734375
-0.0279617309570313 0.00125122070312499 0.07965087890625 0.407196044921875
-0.00461959838867188 -0.0288867950439453 -0.299346923828125 0.4163818359375
0.0486793518066406 -0.0139808654785156 -0.4010009765625 0.109588623046875
0.0733108520507813 0.024322509765625 0.00266265869140626 0.0383186340332031
0.0587234497070313 -0.000453948974609375 0.453582763671875 -0.0703125
0.0165138244628906 -0.0201244354248047 0.330413818359375 -0.440521240234375
-0.0126056671142578 -0.0112829208374023 -0.155548095703125 -0.427734375
-0.0158977508544922 0.00218296051025391 -0.330291748046875 -0.0744018554687501
-0.000163078308105469 0.00876617431640625 -0.229690551757813 0.115692138671875
0.0107030868530273 0.000965118408203125 -0.0376358032226563 0.138809204101563
0.00706672668457031 -0.00676441192626953 0.0894775390625 0.0690155029296875
0.00912189483642578 -0.0120697021484375 -0.0615997314453125 -0.0754928588867188
0.0155735015869141 0.00335216522216797 0.0641098022460937 -0.129867553710938
0.0188789367675781 0.0135574340820313 0.221405029296875 -0.0768585205078125
0.00605583190917969 0.0179424285888672 0.311920166015625 0.122894287109375
-0.0263271331787109 0.00650024414062501 0.0925292968749999 0.40155029296875
-0.00909805297851562 -0.0252208709716797 -0.283172607421875 0.424957275390625
0.038909912109375 -0.0167083740234375 -0.40313720703125 0.11895751953125
0.0627403259277344 0.019744873046875 -0.00968551635742187 0.0384902954101563
0.0513916015625 -0.000598907470703125 0.451171875 -0.0528564453125
0.0141620635986328 -0.0183219909667969 0.34698486328125 -0.426788330078125
-0.0115118026733398 -0.00863838195800781 -0.14019775390625 -0.43365478515625
-0.0127096176147461 0.00489234924316406 -0.329345703125 -0.088104248046875
0.00146865844726563 0.00985813140869141 -0.232925415039063 0.1092529296875
0.0127906799316406 -0.0005645751953125 -0.0404739379882812 0.137702941894531
0.00906944274902344 -0.00905036926269531 0.08831787109375 0.0706863403320312
0.0100574493408203 -0.0136852264404297 -0.0629501342773438 -0.0763702392578125
0.0166311264038086 0.000322341918945313 0.0631332397460938 -0.133316040039063
0.0214138031005859 0.0127735137939453 0.218551635742187 -0.08282470703125
0.00923728942871094 0.0206680297851562 0.3128662109375 0.113372802734375
-0.0248889923095703 0.0114021301269531 0.09967041015625 0.396087646484375
-0.0154800415039063 -0.0205593109130859 -0.27484130859375 0.430877685546875
0.0260868072509766 -0.0167579650878906 -0.40484619140625 0.128021240234375
0.0485496520996094 0.0145034790039063 -0.0174674987792969 0.0407791137695313
0.0409011840820313 -0.000766754150390625 0.450042724609375 -0.040313720703125
0.00881481170654297 -0.0137414932250977 0.360015869140625 -0.4176025390625
-0.0111942291259766 -0.00376319885253906 -0.130828857421875 -0.439849853515625
-0.00934982299804688 0.0065155029296875 -0.328460693359375 -0.0973205566406251
0.00338077545166016 0.0106163024902344 -0.235824584960937 0.103408813476563
0.0137691497802734 -0.00224590301513672 -0.0412750244140625 0.136497497558594
0.0105562210083008 -0.0114622116088867 0.08917236328125 0.0708541870117187
0.0101690292358398 -0.0152931213378906 -0.0626754760742188 -0.0781631469726563
0.0183315277099609 -0.000822067260742187 0.0640945434570313 -0.135551452636719
0.02313232421875 0.0117988586425781 0.2176513671875 -0.0869140625
0.0114173889160156 0.0220184326171875 0.313446044921875 0.108795166015625
-0.0242252349853516 0.0161094665527344 0.103118896484375 0.396331787109375
-0.0205287933349609 -0.0147838592529297 -0.271575927734375 0.432586669921875
0.0143842697143555 -0.015070915222168 -0.403900146484375 0.132598876953125
0.0338382720947266 0.00951957702636719 -0.018402099609375 0.0433311462402344
0.0293254852294922 -0.00028228759765625 0.45281982421875 -0.03240966796875
0.00216102600097656 -0.00922203063964844 0.3648681640625 -0.4119873046875
-0.0126199722290039 0.000473022460937502 -0.126556396484375 -0.44207763671875
-0.00674057006835938 0.00898456573486328 -0.328155517578125 -0.100677490234375
0.00593185424804688 0.0102205276489258 -0.2357177734375 0.09954833984375
0.0158472061157227 -0.00302028656005859 -0.0406341552734375 0.135261535644531
0.0112943649291992 -0.0127353668212891 0.0899200439453125 0.0711593627929688
0.0102033615112305 -0.015380859375 -0.0633697509765625 -0.0788345336914063
0.0192928314208984 -0.00208282470703125 0.06402587890625 -0.1387939453125
0.0255527496337891 0.0108165740966797 0.218246459960938 -0.0930938720703125
0.0128154754638672 0.0225601196289063 0.31402587890625 0.1041259765625
-0.0244693756103516 0.0195217132568359 0.108123779296875 0.39703369140625
-0.0256366729736328 -0.00973129272460938 -0.26800537109375 0.43994140625
0.00305747985839844 -0.0124902725219727 -0.40106201171875 0.140350341796875
0.0201644897460938 0.00707054138183594 -0.0110931396484375 0.0478706359863281
0.0181980133056641 -0.0001373291015625 0.457000732421875 -0.040740966796875
-0.00467443466186523 -0.00473308563232422 0.35870361328125 -0.41937255859375
-0.0140838623046875 0.00469493865966797 -0.1370849609375 -0.438385009765625
-0.00492763519287109 0.0103740692138672 -0.331695556640625 -0.0949707031249999
0.00857353210449219 0.00945663452148438 -0.23138427734375 0.102767944335937
0.0164003372192383 -0.00400733947753906 -0.0356063842773438 0.135047912597656
0.0108013153076172 -0.0130586624145508 0.0929412841796875 0.0691299438476563
0.00429606437683105 -0.00313806533813477 -0.0577163696289063 -0.0842132568359375
0.0146961212158203 0.010960578918457 0.075775146484375 -0.127616882324219
0.0130376815795898 0.0109167098999023 0.2320556640625 -0.05230712890625
-0.0068817138671875 0.00786352157592773 0.297576904296875 0.1661376953125
-0.0326995849609375 -0.00404930114746094 0.035186767578125 0.4227294921875
-0.00137519836425781 -0.0249176025390625 -0.338104248046875 0.387939453125
0.0502510070800781 -0.0021209716796875 -0.381805419921875 0.08270263671875
0.0683364868164063 0.0307846069335938 0.0522041320800781 0.0462646484375
0.052032470703125 0.000152587890625 0.4605712890625 -0.1171875
0.0103321075439453 -0.0178108215332031 0.27069091796875 -0.46734619140625
-0.018798828125 -0.0112705230712891 -0.20135498046875 -0.39166259765625
-0.0212631225585938 -0.00184249877929688 -0.327239990234375 -0.03436279296875
-0.000930786132812501 0.00632810592651367 -0.209991455078125 0.13433837890625
0.0102949142456055 0.00424766540527344 -0.021697998046875 0.13751220703125
0.00246906280517578 -0.00034785270690918 0.0957794189453125 0.064453125
0.00505781173706055 -0.00451850891113281 -0.0587158203125 -0.0809555053710938
0.0137109756469727 0.00987052917480469 0.0719451904296875 -0.127517700195313
0.0130491256713867 0.0127840042114258 0.230300903320313 -0.0573577880859375
-0.00518321990966797 0.0094146728515625 0.302520751953125 0.155364990234375
-0.0315265655517578 -0.00499534606933593 0.0509033203125 0.417144775390625
-0.000169754028320312 -0.0276279449462891 -0.32501220703125 0.3968505859375
0.0547142028808594 -0.00763702392578125 -0.387481689453125 0.091033935546875
0.0764617919921875 0.0305862426757813 0.0364570617675781 0.042022705078125
0.0581474304199219 -0.00133514404296875 0.4566650390625 -0.108001708984375
0.0142440795898438 -0.0206699371337891 0.286041259765625 -0.460418701171875
-0.0172262191772461 -0.0136337280273438 -0.18939208984375 -0.400482177734375
-0.0208797454833984 -0.000520706176757809 -0.328582763671875 -0.0445861816406249
-0.00127744674682617 0.00710725784301758 -0.215042114257812 0.130538940429688
0.0101423263549805 0.00398445129394531 -0.0272674560546875 0.138481140136719
0.00326728820800781 -0.00196599960327148 0.0936203002929688 0.0666275024414063
0.00555896759033203 -0.00649595260620117 -0.0590438842773438 -0.0781021118164063
0.0141963958740234 0.00799083709716797 0.0683746337890625 -0.1278076171875
0.0157537460327148 0.0130271911621094 0.226638793945312 -0.063079833984375
-0.00228404998779297 0.0114221572875977 0.3056640625 0.1434326171875
-0.0294990539550781 -0.00160598754882813 0.067230224609375 0.410919189453125
-0.00119590759277344 -0.0292396545410156 -0.30731201171875 0.4078369140625
0.0544052124023437 -0.0118904113769531 -0.39337158203125 0.1025390625
0.076995849609375 0.0274887084960937 0.020111083984375 0.0391387939453125
0.0610275268554688 -0.00133895874023438 0.452301025390625 -0.090789794921875
0.0167064666748047 -0.0212783813476563 0.30322265625 -0.452423095703125
-0.014399528503418 -0.0137462615966797 -0.176605224609375 -0.41217041015625
-0.0184326171875 0.00133514404296875 -0.328887939453125 -0.05804443359375
-0.00076150894165039 0.00836372375488281 -0.220611572265625 0.124893188476563
0.00930309295654297 0.00205230712890625 -0.0320510864257812 0.138725280761719
0.00476169586181641 -0.00456857681274414 0.0908126831054688 0.0660934448242188
0.00786113739013672 -0.00952911376953125 -0.0608444213867188 -0.0763320922851563
0.0144433975219727 0.00556659698486328 0.0641937255859375 -0.128791809082031
0.0172052383422852 0.0133218765258789 0.22235107421875 -0.0720062255859375
0.00153064727783203 0.0130701065063477 0.309417724609375 0.129241943359375
-0.0278968811035156 0.00206947326660157 0.08404541015625 0.40350341796875
-0.00461006164550782 -0.0281696319580078 -0.291595458984375 0.41766357421875
0.0478401184082031 -0.0153236389160156 -0.397491455078125 0.114501953125
0.0720977783203125 0.0236282348632813 0.00359725952148438 0.0375633239746094
0.0577850341796875 -0.00115966796875 0.4483642578125 -0.075286865234375
0.0158710479736328 -0.0202198028564453 0.32080078125 -0.438873291015625
-0.0130128860473633 -0.0108146667480469 -0.160247802734375 -0.42108154296875
-0.0158548355102539 0.00206851959228515 -0.32891845703125 -0.07012939453125
-0.000537872314453124 0.0092620849609375 -0.226394653320313 0.118942260742188
0.0112180709838867 0.000841140747070312 -0.0354156494140625 0.138824462890625
0.00647640228271484 -0.00687646865844727 0.0906219482421875 0.0678558349609375
0.00792694091796875 -0.0123481750488281 -0.0624771118164063 -0.07568359375
0.0165767669677734 0.00197029113769531 0.0622940063476562 -0.130966186523438
0.0199184417724609 0.0123519897460938 0.218002319335938 -0.079010009765625
0.00528526306152344 0.0171995162963867 0.310699462890625 0.117034912109375
-0.0260353088378906 0.00699043273925781 0.097137451171875 0.399078369140625
-0.00929641723632813 -0.0249176025390625 -0.277130126953125 0.4249267578125
0.0380783081054688 -0.0167312622070313 -0.398406982421875 0.124237060546875
0.0624427795410156 0.0193405151367188 -0.0100479125976562 0.0375480651855469
0.0509986877441406 -0.00107955932617187 0.445343017578125 -0.058624267578125
0.0134115219116211 -0.0168571472167969 0.337890625 -0.427490234375
-0.0118675231933594 -0.00776767730712891 -0.1448974609375 -0.430084228515625
-0.0119438171386719 0.00432395935058594 -0.327056884765625 -0.082489013671875
0.00255393981933594 0.0102577209472656 -0.230545043945313 0.111679077148438
0.0124626159667969 -0.00038909912109375 -0.0385360717773437 0.137336730957031
0.00863361358642578 -0.00945663452148438 0.0894699096679688 0.0684890747070313
0.00909233093261719 -0.0137643814086914 -0.063232421875 -0.07696533203125
0.0165843963623047 0.000270843505859375 0.060882568359375 -0.133262634277344
0.0214805603027344 0.0109996795654297 0.216339111328125 -0.085357666015625
0.00950431823730469 0.0198040008544922 0.311737060546875 0.108001708984375
-0.024566650390625 0.0117607116699219 0.104400634765625 0.3934326171875
-0.0148639678955078 -0.0199317932128906 -0.2664794921875 0.430694580078125
0.0261268615722656 -0.0170154571533203 -0.40008544921875 0.133026123046875
0.0483818054199219 0.0137100219726563 -0.0174598693847656 0.0395240783691406
0.0409469604492187 -0.000316619873046875 0.445465087890625 -0.044830322265625
0.0081939697265625 -0.0130481719970703 0.35260009765625 -0.418304443359375
-0.0108728408813477 -0.0030517578125 -0.134429931640625 -0.43426513671875
-0.00970077514648438 0.00744342803955078 -0.32611083984375 -0.0916442871093749
0.00362491607666016 0.00992965698242188 -0.232269287109375 0.105758666992187
0.0134611129760742 -0.00188922882080078 -0.0396347045898438 0.137214660644531
0.00943660736083985 -0.0107460021972656 0.0895614624023438 0.0692062377929688
0.0101947784423828 -0.015716552734375 -0.0646743774414063 -0.0767822265625
0.0184879302978516 -0.00146484375 0.0601806640625 -0.136703491210938
0.0233516693115234 0.0104656219482422 0.215072631835937 -0.0888214111328125
0.0115795135498047 0.0211029052734375 0.31207275390625 0.104156494140625
-0.0233078002929687 0.0161685943603516 0.107635498046875 0.391937255859375
-0.0200157165527344 -0.01361083984375 -0.26373291015625 0.433563232421875
0.0138187408447266 -0.0158586502075195 -0.399200439453125 0.137298583984375
0.0333423614501953 0.00935173034667969 -0.0184860229492188 0.0428810119628906
0.0291118621826172 -0.000720977783203125 0.4471435546875 -0.037628173828125
0.00167083740234375 -0.00884723663330078 0.35662841796875 -0.41455078125
-0.0120306015014648 0.000832557678222658 -0.13055419921875 -0.436676025390625
-0.00654220581054688 0.00932025909423828 -0.327362060546875 -0.0952453613281249
0.00602436065673828 0.0107936859130859 -0.232131958007813 0.102523803710938
0.0143671035766602 -0.00298786163330078 -0.0390625 0.135475158691406
0.0107450485229492 -0.0136661529541016 0.0901260375976563 0.069580078125
0.010136604309082 -0.0156450271606445 -0.064208984375 -0.0780105590820313
0.0193595886230469 -0.00185775756835938 0.061492919921875 -0.139816284179688
0.0250358581542969 0.0101642608642578 0.2152099609375 -0.0953216552734375
0.0135936737060547 0.0218505859375 0.313385009765625 0.09930419921875
-0.0249919891357422 0.0200424194335938 0.1114501953125 0.39239501953125
-0.0250110626220703 -0.00859260559082031 -0.259490966796875 0.438446044921875
0.00263881683349609 -0.0127630233764648 -0.396636962890625 0.14447021484375
0.0202007293701172 0.0061187744140625 -0.0113983154296875 0.0477027893066406
0.0169191360473633 -0.00127029418945313 0.451446533203125 -0.045257568359375
-0.00484991073608398 -0.00472164154052734 0.348052978515625 -0.41961669921875
-0.014033317565918 0.00492668151855469 -0.1412353515625 -0.432708740234375
-0.00445556640625 0.00988960266113281 -0.329864501953125 -0.0885009765625
0.00850582122802734 0.010258674621582 -0.229705810546875 0.104934692382812
0.0162487030029297 -0.00315952301025391 -0.0339584350585938 0.134346008300781
0.0109653472900391 -0.0134010314941406 0.0924301147460938 0.0674057006835938
0.00409078598022461 -0.00331926345825195 -0.0584793090820313 -0.0833816528320312
0.0150508880615234 0.0112838745117188 0.0736541748046875 -0.128219604492188
0.013087272644043 0.0104303359985352 0.22998046875 -0.054931640625
-0.0061030387878418 0.00679254531860352 0.2965087890625 0.1607666015625
-0.0328807830810547 -0.00351715087890624 0.039031982421875 0.41790771484375
-0.001495361328125 -0.0238533020019531 -0.33172607421875 0.388458251953125
0.0493545532226563 -0.00316238403320313 -0.378143310546875 0.086395263671875
0.0677909851074219 0.0289955139160156 0.0513877868652344 0.044830322265625
0.0520744323730469 -0.000469207763671875 0.4542236328125 -0.120758056640625
0.00939559936523438 -0.0172224044799805 0.26202392578125 -0.4647216796875
-0.0193691253662109 -0.0110721588134766 -0.204193115234375 -0.384490966796875
-0.0219554901123047 -0.000154495239257814 -0.324737548828125 -0.0299682617187499
-0.000376224517822266 0.00575637817382812 -0.205795288085938 0.135330200195313
0.0100908279418945 0.00427818298339844 -0.0201187133789063 0.136985778808594
0.00232458114624023 -0.00077366828918457 0.0961380004882812 0.0632400512695312
0.00475692749023438 -0.00494766235351563 -0.0599288940429687 -0.0803146362304688
0.0146780014038086 0.0103139877319336 0.069580078125 -0.127449035644531
0.0136985778808594 0.0112876892089844 0.227005004882812 -0.0588531494140625
-0.00484132766723633 0.00836658477783203 0.301422119140625 0.15093994140625
-0.0309867858886719 -0.00321578979492188 0.05511474609375 0.414642333984375
-7.62939453125008E-05 -0.027130126953125 -0.31646728515625 0.3980712890625
0.0541839599609375 -0.00754547119140625 -0.383697509765625 0.0943298339843749
0.074676513671875 0.0296554565429687 0.0356597900390625 0.0413818359375
0.0579795837402344 -0.00152206420898438 0.449310302734375 -0.110107421875
0.0142822265625 -0.0207157135009766 0.2767333984375 -0.4586181640625
-0.0167503356933594 -0.0136003494262695 -0.19158935546875 -0.394195556640625
-0.0210762023925781 -0.000116348266601564 -0.325286865234375 -0.04022216796875
-0.00164794921875 0.00713491439819336 -0.21160888671875 0.132492065429688
0.00953483581542969 0.00391387939453125 -0.0258712768554687 0.137908935546875
0.00279879570007324 -0.00221467018127441 0.0940322875976563 0.06414794921875
0.00525045394897461 -0.00721025466918945 -0.0609207153320313 -0.0774154663085938
0.0149135589599609 0.007171630859375 0.066864013671875 -0.126731872558594
0.0147781372070313 0.0124616622924805 0.22296142578125 -0.0657958984375
-0.00245285034179688 0.0103063583374023 0.304351806640625 0.138946533203125
-0.0292129516601563 -0.00127220153808593 0.072113037109375 0.408416748046875
-0.00137901306152344 -0.0280532836914063 -0.3009033203125 0.407501220703125
0.0530738830566406 -0.0121040344238281 -0.387908935546875 0.105712890625
0.0758056640625 0.0262985229492188 0.0193710327148438 0.0387611389160156
0.06024169921875 -0.0026092529296875 0.44561767578125 -0.0946044921875
0.0152683258056641 -0.02032470703125 0.294769287109375 -0.45098876953125
-0.0148229598999023 -0.0133237838745117 -0.178131103515625 -0.40667724609375
-0.0191726684570313 0.000623703002929689 -0.326171875 -0.05242919921875
-0.00127506256103516 0.0084071159362793 -0.216781616210938 0.12677001953125
0.00991058349609375 0.00210189819335938 -0.0304412841796875 0.139060974121094
0.00437831878662109 -0.00440692901611328 0.0921173095703125 0.065155029296875
0.00750064849853515 -0.00937938690185547 -0.0623092651367188 -0.075714111328125
0.0157480239868164 0.00481891632080078 0.0635147094726562 -0.1287841796875
0.0172033309936523 0.0124025344848633 0.219772338867187 -0.0734710693359375
0.00141811370849609 0.0138263702392578 0.30755615234375 0.1248779296875
-0.0279026031494141 0.00168228149414062 0.088623046875 0.400909423828125
-0.00367546081542969 -0.0271320343017578 -0.284271240234375 0.416534423828125
0.0469436645507813 -0.014801025390625 -0.39190673828125 0.117645263671875
0.0701065063476563 0.0219306945800781 0.00357818603515625 0.0375099182128906
0.0577735900878906 -0.00188064575195313 0.4427490234375 -0.078704833984375
0.0160713195800781 -0.0193748474121094 0.3145751953125 -0.4381103515625
-0.0134868621826172 -0.0107460021972656 -0.1634521484375 -0.414398193359375
-0.0158662796020508 0.00244522094726563 -0.32635498046875 -0.0658569335937499
-4.29153442382803E-05 0.00970840454101563 -0.223373413085938 0.120559692382813
0.00994682312011719 0.000928878784179688 -0.0336074829101563 0.138214111328125
0.00675821304321289 -0.00671958923339844 0.09063720703125 0.0660781860351563
0.00809383392333985 -0.0115575790405273 -0.0623931884765625 -0.0750808715820313
0.0154380798339844 0.00249385833740234 0.0595779418945313 -0.131156921386719
0.0196056365966797 0.0128841400146484 0.215988159179688 -0.081634521484375
0.00543212890625 0.0176372528076172 0.310211181640625 0.113739013671875
-0.0256175994873047 0.00626945495605468 0.100250244140625 0.394012451171875
-0.00903701782226563 -0.0226821899414063 -0.269775390625 0.424407958984375
0.0368766784667969 -0.0168876647949219 -0.394256591796875 0.126678466796875
0.0611343383789063 0.0182113647460938 -0.00973510742187499 0.0382614135742188
0.0513343811035156 -0.000522613525390625 0.440826416015625 -0.061309814453125
0.012934684753418 -0.0168304443359375 0.33062744140625 -0.42633056640625
-0.0122947692871094 -0.00769615173339844 -0.148773193359375 -0.42352294921875
-0.0123271942138672 0.00518608093261719 -0.325836181640625 -0.07733154296875
0.00167179107666016 0.00969028472900391 -0.227584838867187 0.114105224609375
0.0126285552978516 -0.000346183776855469 -0.0366058349609375 0.137519836425781
0.00819206237792969 -0.009765625 0.089691162109375 0.0671615600585938
0.00879669189453125 -0.015629768371582 -0.0639419555664063 -0.0750732421875
0.0177593231201172 1.1444091796875E-05 0.0582504272460938 -0.133277893066406
0.0218105316162109 0.0105915069580078 0.213180541992188 -0.087249755859375
0.00846290588378906 0.0185623168945313 0.3101806640625 0.10321044921875
-0.0244503021240234 0.0116977691650391 0.1097412109375 0.389068603515625
-0.0145301818847656 -0.0183277130126953 -0.26043701171875 0.429931640625
0.0246467590332031 -0.0169467926025391 -0.39471435546875 0.13555908203125
0.0475540161132813 0.0134696960449219 -0.0177726745605469 0.0401077270507813
0.0399551391601563 -0.00069427490234375 0.43963623046875 -0.0499267578125
0.00804901123046875 -0.0124568939208984 0.34405517578125 -0.416748046875
-0.0112686157226562 -0.00337982177734375 -0.138336181640625 -0.428802490234375
-0.00878715515136719 0.00817108154296875 -0.32415771484375 -0.0867919921875
0.00370597839355469 0.0110855102539063 -0.229568481445313 0.109161376953125
0.0133399963378906 -0.00197505950927734 -0.0375823974609375 0.136688232421875
0.00959014892578125 -0.0117168426513672 0.088653564453125 0.0679702758789063
0.00939464569091797 -0.0155935287475586 -0.0644912719726563 -0.0756454467773437
0.0181159973144531 -0.00161552429199219 0.0582504272460937 -0.136734008789063
0.0235767364501953 0.0107707977294922 0.212249755859375 -0.0920257568359375
0.0107688903808594 0.0201530456542969 0.309844970703125 0.0999755859375
-0.0239009857177734 0.0165996551513672 0.111083984375 0.387847900390625
-0.0194778442382813 -0.0141887664794922 -0.256195068359375 0.43328857421875
0.0128641128540039 -0.0153284072875977 -0.3946533203125 0.139923095703125
0.0328121185302734 0.00928688049316406 -0.0179939270019531 0.0428085327148438
0.0284938812255859 -0.000936508178710938 0.444244384765625 -0.042022705078125
0.00124979019165039 -0.00840902328491211 0.34906005859375 -0.4129638671875
-0.0119743347167969 0.000731468200683596 -0.135406494140625 -0.430938720703125
-0.00746536254882813 0.00950241088867188 -0.324310302734375 -0.089752197265625
0.00568675994873047 0.0100555419921875 -0.228973388671875 0.1046142578125
0.0139827728271484 -0.00284385681152344 -0.0372543334960938 0.135124206542969
0.0113649368286133 -0.0121908187866211 0.0904769897460938 0.0673370361328125
0.00980758666992187 -0.015019416809082 -0.0652542114257813 -0.0777969360351562
0.0192680358886719 -0.00321197509765625 0.0592269897460937 -0.138336181640625
0.0248050689697266 0.00934219360351563 0.212371826171875 -0.097412109375
0.0133476257324219 0.0210971832275391 0.31219482421875 0.09466552734375
-0.0230751037597656 0.0200881958007812 0.1158447265625 0.3885498046875
-0.0245609283447266 -0.00736808776855468 -0.252777099609375 0.438018798828125
0.00191783905029297 -0.0127696990966797 -0.389862060546875 0.1470947265625
0.0195388793945313 0.00595283508300781 -0.0113525390625 0.0462226867675781
0.0170450210571289 -0.000489234924316406 0.44805908203125 -0.04864501953125
-0.0042116641998291 -0.00396871566772461 0.34259033203125 -0.419769287109375
-0.0135250091552734 0.00476932525634766 -0.145660400390625 -0.427215576171875
-0.00541305541992188 0.0104484558105469 -0.3275146484375 -0.08447265625
0.00836086273193359 0.0104618072509766 -0.225692749023437 0.108306884765625
0.0156707763671875 -0.00356483459472656 -0.0326766967773438 0.134536743164063
0.00981521606445313 -0.0128154754638672 0.0935440063476563 0.0663681030273438
0.00342679023742676 -0.00338459014892578 -0.0586318969726563 -0.0818328857421875
0.0157318115234375 0.00998783111572265 0.072174072265625 -0.127670288085938
0.0129604339599609 0.0096893310546875 0.227294921875 -0.05621337890625
-0.00747346878051758 0.00677299499511719 0.295257568359375 0.15716552734375
-0.0326576232910156 -0.0039215087890625 0.04339599609375 0.41583251953125
-0.00109481811523438 -0.0233154296875 -0.32464599609375 0.387237548828125
0.0492820739746094 -0.00352096557617188 -0.373382568359375 0.08880615234375
0.0669975280761719 0.0285606384277344 0.0508995056152344 0.0444259643554688
0.0505867004394531 -0.000194549560546875 0.448150634765625 -0.123077392578125
0.00991249084472656 -0.0163373947143555 0.257720947265625 -0.461822509765625
-0.0190563201904297 -0.0107078552246094 -0.204803466796875 -0.37860107421875
-0.0212020874023438 -0.000331878662109371 -0.321929931640625 -0.0260009765625
-0.000888347625732422 0.00667238235473633 -0.202987670898438 0.137481689453125
0.0096597671508789 0.00489711761474609 -0.01959228515625 0.136390686035156
0.00189471244812012 -0.00055849552154541 0.095703125 0.0616989135742188
0.00456094741821289 -0.00476455688476563 -0.0593414306640625 -0.0795974731445313
0.0144786834716797 0.00932598114013672 0.0681915283203125 -0.127159118652344
0.0142049789428711 0.011784553527832 0.224349975585938 -0.061981201171875
-0.00490283966064453 0.00818014144897461 0.2998046875 0.1470947265625
-0.0306129455566406 -0.00348091125488282 0.058807373046875 0.41064453125
-6.48498535156271E-05 -0.0268592834472656 -0.310638427734375 0.397125244140625
0.0537605285644531 -0.00794601440429688 -0.3795166015625 0.096832275390625
0.0737762451171875 0.028350830078125 0.0359687805175781 0.0405540466308594
0.0577278137207031 -0.00196075439453125 0.44305419921875 -0.112640380859375
0.0131759643554688 -0.0196685791015625 0.270416259765625 -0.455474853515625
-0.0172605514526367 -0.0127992630004883 -0.193450927734375 -0.3883056640625
-0.0205764770507813 0.000364303588867183 -0.322662353515625 -0.0360717773437499
-0.000611305236816406 0.00778913497924805 -0.208908081054688 0.133773803710938
0.00934028625488281 0.00344371795654297 -0.0245742797851563 0.138114929199219
0.00289344787597656 -0.00195741653442383 0.09344482421875 0.0627059936523438
0.00579452514648438 -0.00733470916748047 -0.0598831176757812 -0.0769500732421875
0.0148429870605469 0.00698375701904297 0.0643081665039063 -0.127311706542969
0.0152416229248047 0.0107002258300781 0.22076416015625 -0.0670318603515625
-0.00197315216064453 0.0108413696289063 0.302459716796875 0.13421630859375
-0.0289154052734375 -0.00086402893066406 0.074127197265625 0.40325927734375
-0.000816345214843749 -0.0276947021484375 -0.294158935546875 0.40667724609375
0.0525398254394531 -0.0134735107421875 -0.384613037109375 0.10699462890625
0.0759658813476563 0.025054931640625 0.0191917419433594 0.0384063720703125
0.0594482421875 -0.00227737426757813 0.4405517578125 -0.097198486328125
0.0161914825439453 -0.0203952789306641 0.28924560546875 -0.447021484375
-0.0149517059326172 -0.0130786895751953 -0.181365966796875 -0.399627685546875
-0.0179882049560547 0.000886917114257813 -0.323516845703125 -0.049896240234375
-0.00171566009521484 0.0083765983581543 -0.214462280273438 0.128799438476563
0.00934886932373047 0.00174427032470703 -0.0294113159179687 0.139358520507813
0.00510120391845703 -0.00506496429443359 0.0914688110351563 0.0630874633789063
0.00702762603759766 -0.00865602493286133 -0.0620269775390625 -0.0750961303710938
0.0148773193359375 0.00556564331054688 0.0605697631835937 -0.128074645996094
0.0172557830810547 0.0114603042602539 0.217178344726563 -0.07537841796875
0.00131511688232422 0.0131692886352539 0.305419921875 0.120819091796875
-0.0271129608154297 0.00338363647460937 0.09222412109375 0.396575927734375
-0.00428199768066406 -0.0263271331787109 -0.2777099609375 0.415802001953125
0.0465126037597656 -0.0156173706054687 -0.388214111328125 0.119110107421875
0.070556640625 0.0214614868164063 0.00253295898437501 0.0372657775878906
0.0573768615722656 -0.00188064575195313 0.436798095703125 -0.080718994140625
0.0158824920654297 -0.0192432403564453 0.306854248046875 -0.436981201171875
-0.0129985809326172 -0.0105657577514648 -0.165679931640625 -0.40997314453125
-0.0157814025878906 0.00336170196533203 -0.323760986328125 -0.06170654296875
0.00038433074951172 0.00909709930419922 -0.2197265625 0.122283935546875
0.0103979110717773 0.000720024108886719 -0.0326995849609375 0.138786315917969
0.00614738464355469 -0.00756978988647461 0.0899658203125 0.0650405883789063
0.0082864761352539 -0.0121030807495117 -0.0630340576171875 -0.0738677978515625
0.0150356292724609 0.00194644927978516 0.0576629638671875 -0.129905700683594
0.0192451477050781 0.0113964080810547 0.213348388671875 -0.0826873779296875
0.00510501861572266 0.0161533355712891 0.308746337890625 0.109222412109375
-0.0257606506347656 0.00732803344726563 0.104034423828125 0.390899658203125
-0.00875091552734375 -0.0230560302734375 -0.263580322265625 0.423431396484375
0.036529541015625 -0.0171165466308594 -0.3892822265625 0.128814697265625
0.0609016418457031 0.0173072814941406 -0.0100288391113281 0.0378494262695313
0.0496292114257813 -0.001312255859375 0.434814453125 -0.064300537109375
0.0135974884033203 -0.0160102844238281 0.323883056640625 -0.424407958984375
-0.0123739242553711 -0.0069427490234375 -0.15020751953125 -0.4183349609375
-0.0119743347167969 0.00505352020263672 -0.323150634765625 -0.0740356445312501
0.00184345245361328 0.00986862182617188 -0.224044799804688 0.115341186523438
0.0117206573486328 -0.00104808807373047 -0.0357818603515625 0.137786865234375
0.00824165344238281 -0.00906848907470703 0.0891799926757813 0.0661087036132813
0.00972270965576172 -0.014439582824707 -0.0645904541015625 -0.0743484497070313
0.0169410705566406 -0.000751495361328125 0.0561599731445312 -0.133781433105469
0.0215778350830078 0.0107517242431641 0.211257934570312 -0.089080810546875
0.0100021362304688 0.0176486968994141 0.308990478515625 0.0992431640625
-0.0234184265136719 0.012054443359375 0.111968994140625 0.385406494140625
-0.0146465301513672 -0.0184383392333984 -0.253173828125 0.429290771484375
0.0246677398681641 -0.0170612335205078 -0.390411376953125 0.13751220703125
0.0464134216308594 0.01214599609375 -0.0178565979003906 0.0395011901855469
0.0393028259277344 -0.00155258178710938 0.434844970703125 -0.050750732421875
0.00862884521484375 -0.0116109848022461 0.33599853515625 -0.414947509765625
-0.0111255645751953 -0.00350093841552735 -0.14154052734375 -0.424560546875
-0.00949478149414063 0.007843017578125 -0.322174072265625 -0.08319091796875
0.00405502319335938 0.010284423828125 -0.226608276367188 0.109817504882812
0.0125398635864258 -0.00257301330566406 -0.036651611328125 0.13653564453125
0.00915813446044922 -0.0118265151977539 0.0899887084960938 0.0660400390625
0.00991153717041016 -0.0153751373291016 -0.0643463134765625 -0.0747909545898438
0.0176467895507812 -0.00265312194824219 0.0565109252929688 -0.135307312011719
0.0231380462646484 0.00996971130371094 0.210113525390625 -0.0935821533203125
0.01263427734375 0.0197162628173828 0.30859375 0.0958251953125
-0.0222873687744141 0.0166473388671875 0.1126708984375 0.3839111328125
-0.018798828125 -0.0130844116210938 -0.2509765625 0.4320068359375
0.0125932693481445 -0.0151958465576172 -0.389862060546875 0.141815185546875
0.0321159362792969 0.00883102416992188 -0.017974853515625 0.042327880859375
0.02801513671875 -0.000579833984375 0.437164306640625 -0.044189453125
0.00166749954223633 -0.00800085067749023 0.34112548828125 -0.41217041015625
-0.0126953125 0.00133991241455078 -0.1378173828125 -0.426239013671875
-0.00631999969482422 0.00959110260009765 -0.32257080078125 -0.0865783691406251
0.00620937347412109 0.0107145309448242 -0.226272583007813 0.105926513671875
0.0142049789428711 -0.0032806396484375 -0.0357818603515625 0.134376525878906
0.00959110260009765 -0.0129671096801758 0.0909194946289063 0.0661239624023438
0.00945758819580078 -0.0161333084106445 -0.0655670166015625 -0.0772781372070313
0.0191173553466797 -0.002227783203125 0.0579299926757812 -0.138595581054688
0.0243854522705078 0.00857162475585938 0.209793090820312 -0.098419189453125
0.0133132934570313 0.0203819274902344 0.3099365234375 0.09100341796875
-0.0237388610839844 0.0208072662353516 0.118621826171875 0.38507080078125
-0.0243778228759766 -0.0077667236328125 -0.247589111328125 0.436370849609375
0.00203990936279297 -0.0137147903442383 -0.3863525390625 0.149261474609375
0.0186481475830078 0.00605201721191406 -0.0107231140136719 0.0468482971191406
0.0164022445678711 -0.000652313232421875 0.44244384765625 -0.05224609375
-0.00466156005859375 -0.00325250625610352 0.334442138671875 -0.4185791015625
-0.0130090713500977 0.0051422119140625 -0.14727783203125 -0.422332763671875
-0.00538349151611328 0.0106945037841797 -0.324920654296875 -0.080078125
0.00826740264892578 0.0102024078369141 -0.2225341796875 0.109024047851563
0.0155134201049805 -0.00373077392578125 -0.03118896484375 0.134063720703125
0.00987148284912109 -0.0132389068603516 0.0933074951171875 0.0645294189453125
0.00399446487426758 -0.00282144546508789 -0.05877685546875 -0.0818405151367188
0.0155296325683594 0.0103836059570312 0.0700912475585938 -0.127403259277344
0.0136289596557617 0.010371208190918 0.22552490234375 -0.0584869384765625
-0.00678062438964844 0.00604248046875 0.293701171875 0.15338134765625
-0.0321750640869141 -0.00207328796386719 0.045745849609375 0.4114990234375
-0.000539779663085937 -0.022735595703125 -0.31890869140625 0.386932373046875
0.0484848022460938 -0.00360870361328125 -0.370758056640625 0.08984375
0.0660476684570313 0.0285415649414062 0.0502471923828125 0.0430374145507813
0.0500221252441406 -8.0108642578125E-05 0.441741943359375 -0.123748779296875
0.00889968872070313 -0.0158052444458008 0.25018310546875 -0.458251953125
-0.0192546844482422 -0.00993919372558594 -0.20513916015625 -0.373809814453125
-0.0212001800537109 9.72747802734367E-05 -0.3192138671875 -0.023223876953125
-0.000706672668457031 0.00676250457763672 -0.2001953125 0.13763427734375
0.0092916488647461 0.00405502319335938 -0.0187911987304687 0.135597229003906
0.00187456607818604 -0.00105583667755127 0.0954666137695313 0.0613784790039063
0.00484180450439453 -0.00473880767822266 -0.0594253540039062 -0.0789260864257813
0.0148906707763672 0.00966644287109375 0.0668258666992188 -0.126899719238281
0.0141658782958984 0.0102033615112305 0.223220825195313 -0.062225341796875
-0.00535774230957031 0.00731039047241211 0.298797607421875 0.14306640625
-0.0310230255126953 -0.00175857543945313 0.060211181640625 0.40673828125
-0.000261306762695312 -0.0265178680419922 -0.3062744140625 0.39581298828125
0.0528717041015625 -0.00865554809570313 -0.37579345703125 0.097930908203125
0.0734100341796875 0.0274887084960938 0.0355148315429688 0.0395889282226563
0.0560455322265625 -0.0020751953125 0.43890380859375 -0.113006591796875
0.0137481689453125 -0.0189704895019531 0.2646484375 -0.454193115234375
-0.0169649124145508 -0.0120449066162109 -0.194549560546875 -0.384033203125
-0.0202846527099609 0.000204086303710934 -0.319915771484375 -0.034088134765625
-0.00108242034912109 0.00775814056396484 -0.205657958984375 0.133651733398438
0.00897884368896485 0.00414180755615234 -0.0235824584960937 0.137115478515625
0.00274968147277832 -0.00264072418212891 0.093109130859375 0.0618972778320312
0.00546884536743164 -0.00658988952636719 -0.0608978271484375 -0.0755462646484375
0.0144195556640625 0.00737667083740234 0.0626983642578125 -0.126419067382813
0.015009880065918 0.0111188888549805 0.218658447265625 -0.068756103515625
-0.00223731994628906 0.00995540618896484 0.301483154296875 0.130340576171875
-0.0281009674072266 -0.000555038452148434 0.07647705078125 0.401214599609375
-0.000606536865234377 -0.0272254943847656 -0.288848876953125 0.404876708984375
0.0516395568847656 -0.0132637023925781 -0.380615234375 0.108306884765625
0.0737228393554688 0.0260772705078125 0.0181541442871094 0.0380134582519531
0.0586700439453125 -0.00152587890625 0.4342041015625 -0.099334716796875
0.0161075592041016 -0.0197525024414063 0.28314208984375 -0.446197509765625
-0.0153741836547852 -0.0119132995605469 -0.18145751953125 -0.395111083984375
-0.0185813903808594 0.0012969970703125 -0.32037353515625 -0.046142578125
-0.00202083587646484 0.00869035720825195 -0.211135864257813 0.129058837890625
0.0086207389831543 0.0018310546875 -0.0273666381835937 0.138229370117188
0.00421476364135742 -0.00527095794677734 0.0914459228515625 0.0625839233398438
0.00630378723144531 -0.00971794128417969 -0.06170654296875 -0.0744171142578125
0.0155649185180664 0.00419044494628906 0.0584793090820313 -0.128471374511719
0.0174589157104492 0.011805534362793 0.214645385742188 -0.076507568359375
0.00145435333251953 0.0130414962768555 0.303863525390625 0.117889404296875
-0.0263404846191406 0.00344657897949219 0.093353271484375 0.39324951171875
-0.00433921813964844 -0.0261516571044922 -0.272857666015625 0.414093017578125
0.045135498046875 -0.0164108276367187 -0.384246826171875 0.120819091796875
0.0693092346191406 0.0218963623046875 0.00222396850585938 0.0369606018066406
0.0560226440429687 -0.00237655639648438 0.431304931640625 -0.08306884765625
0.0162506103515625 -0.0186328887939453 0.301971435546875 -0.433624267578125
-0.0123023986816406 -0.0105857849121094 -0.16583251953125 -0.40460205078125
-0.0160465240478516 0.00342845916748047 -0.32073974609375 -0.05889892578125
0.000222206115722655 0.00946903228759766 -0.216461181640625 0.122848510742188
0.00979137420654297 0.000565528869628906 -0.0319976806640625 0.137420654296875
0.00587177276611328 -0.00747299194335937 0.0900344848632813 0.0639266967773438
0.00794601440429688 -0.0129413604736328 -0.0623703002929687 -0.0735015869140625
0.0162153244018555 0.00165557861328125 0.0559844970703125 -0.129783630371094
0.0190849304199219 0.0110950469970703 0.211074829101562 -0.0843658447265625
0.00569725036621094 0.0146856307983398 0.305633544921875 0.106719970703125
-0.0244674682617187 0.00799179077148438 0.10595703125 0.387664794921875
-0.00876998901367187 -0.0217971801757812 -0.25787353515625 0.421661376953125
0.0363731384277344 -0.0173454284667969 -0.385223388671875 0.129364013671875
0.0597305297851563 0.0161705017089844 -0.0100784301757813 0.0374069213867188
0.0489311218261719 -0.00197982788085938 0.4296875 -0.064666748046875
0.0134954452514648 -0.0148420333862305 0.317108154296875 -0.4228515625
-0.0115232467651367 -0.00733470916748047 -0.15240478515625 -0.4136962890625
-0.0128927230834961 0.00645923614501953 -0.320068359375 -0.071380615234375
0.00179481506347656 0.0102643966674805 -0.220001220703125 0.116973876953125
0.0105781555175781 -6.00814819335938E-05 -0.0334320068359375 0.13677978515625
0.00812625885009766 -0.00966644287109375 0.08892822265625 0.0645675659179688
0.0089874267578125 -0.0150966644287109 -0.0642776489257812 -0.0737228393554688
0.0167036056518555 -0.000378608703613281 0.0545501708984375 -0.132270812988281
0.0214748382568359 0.0101318359375 0.207672119140625 -0.0908660888671875
0.00905609130859375 0.0178203582763672 0.306396484375 0.096893310546875
-0.0235118865966797 0.0125179290771484 0.11328125 0.382110595703125
-0.0137262344360352 -0.0175504684448242 -0.248565673828125 0.42742919921875
0.0237522125244141 -0.0177192687988281 -0.385711669921875 0.139190673828125
0.0458297729492188 0.0126419067382813 -0.0170783996582031 0.0391197204589844
0.0386161804199219 -0.001312255859375 0.429840087890625 -0.05291748046875
0.00806140899658203 -0.0110807418823242 0.33087158203125 -0.411865234375
-0.0111818313598633 -0.00309562683105469 -0.14154052734375 -0.41839599609375
-0.00951957702636719 0.00751018524169922 -0.320465087890625 -0.0796508789062499
0.00352668762207031 0.0107107162475586 -0.222320556640625 0.110794067382813
0.0122013092041016 -0.00180339813232422 -0.0351791381835937 0.135650634765625
0.00877666473388672 -0.0122346878051758 0.0894546508789063 0.0652847290039063
0.00986099243164063 -0.0159502029418945 -0.0652923583984375 -0.07415771484375
0.0175247192382812 -0.00189495086669922 0.054168701171875 -0.135726928710937
0.0229892730712891 0.00875473022460938 0.2069091796875 -0.0942840576171875
0.0118427276611328 0.0201587677001953 0.30633544921875 0.09326171875
-0.023345947265625 0.017333984375 0.115936279296875 0.38055419921875
-0.0186004638671875 -0.0124378204345703 -0.24578857421875 0.429351806640625
0.0115575790405273 -0.0150976181030273 -0.385589599609375 0.14300537109375
0.0319805145263672 0.00860023498535156 -0.0181541442871094 0.041839599609375
0.0278072357177734 -0.00110626220703125 0.431549072265625 -0.045928955078125
0.00217819213867188 -0.00718450546264648 0.335296630859375 -0.409820556640625
-0.0121660232543945 0.00133132934570313 -0.139068603515625 -0.420166015625
-0.00626277923583984 0.00981616973876953 -0.319183349609375 -0.08392333984375
0.00628089904785156 0.0113439559936523 -0.223190307617187 0.10723876953125
0.0141258239746094 -0.00332832336425781 -0.0344314575195313 0.133460998535156
0.00987339019775391 -0.0131464004516602 0.0907135009765625 0.0659561157226563
0.00876712799072265 -0.0158939361572266 -0.0655288696289063 -0.075927734375
0.0192508697509766 -0.00318717956542969 0.0560150146484375 -0.138343811035156
0.0249538421630859 0.00826263427734375 0.206741333007813 -0.100173950195313
0.0133342742919922 0.0197391510009766 0.3074951171875 0.087677001953125
-0.0227737426757812 0.021209716796875 0.11944580078125 0.38116455078125
-0.0234355926513672 -0.00732231140136719 -0.24298095703125 0.43487548828125
0.00181865692138672 -0.0128288269042969 -0.382049560546875 0.15032958984375
0.0192127227783203 0.00582695007324219 -0.010955810546875 0.0470123291015625
0.0164003372192383 -0.000341415405273438 0.4364013671875 -0.0540771484375
-0.00432825088500976 -0.00293588638305664 0.328155517578125 -0.415191650390625
-0.0128374099731445 0.00559043884277344 -0.148681640625 -0.416229248046875
-0.00455093383789063 0.0105047225952148 -0.322540283203125 -0.076171875
0.00752639770507813 0.00959682464599609 -0.2196044921875 0.109039306640625
0.0146827697753906 -0.00393295288085937 -0.0299224853515625 0.133331298828125
0.00980472564697266 -0.0142316818237305 0.0928955078125 0.0629119873046875
0.00335001945495605 -0.00341296195983887 -0.0587234497070312 -0.080902099609375
0.0154342651367188 0.0105390548706055 0.0684814453125 -0.127311706542969
0.0132713317871094 0.00881290435791016 0.222564697265625 -0.0597381591796875
-0.00717353820800781 0.00560665130615234 0.2919921875 0.151123046875
-0.0325355529785156 -0.00226974487304688 0.046630859375 0.4088134765625
-0.000514984130859376 -0.0226573944091797 -0.314910888671875 0.38427734375
0.0482444763183594 -0.0039215087890625 -0.365936279296875 0.09014892578125
0.0654258728027344 0.0280342102050781 0.0490455627441406 0.0431709289550781
0.049072265625 -7.62939453125E-06 0.436981201171875 -0.12396240234375
0.00963020324707031 -0.0159158706665039 0.247039794921875 -0.455230712890625
-0.0191001892089844 -0.0104427337646484 -0.205108642578125 -0.369964599609375
-0.0213794708251953 5.72204589843791E-05 -0.31622314453125 -0.0212402343749999
-0.00067901611328125 0.00691556930541992 -0.197067260742188 0.137664794921875
0.00946426391601563 0.00433921813964844 -0.0179901123046875 0.136337280273438
0.00139999389648438 -0.00116991996765137 0.0950241088867188 0.060302734375
0.00397157669067383 -0.00478172302246094 -0.0597457885742188 -0.0784912109375
0.0148038864135742 0.00904178619384766 0.065093994140625 -0.126327514648437
0.0136728286743164 0.010035514831543 0.221038818359375 -0.0635528564453125
-0.00583171844482422 0.0080575942993164 0.29656982421875 0.140380859375
-0.0299434661865234 -0.00152206420898438 0.062744140625 0.40386962890625
0.000637054443359376 -0.0249519348144531 -0.3016357421875 0.394500732421875
0.0520477294921875 -0.0086212158203125 -0.372711181640625 0.098358154296875
0.0719528198242188 0.027252197265625 0.03460693359375 0.0401763916015625
0.0554046630859375 -0.00159835815429688 0.434051513671875 -0.112945556640625
0.0139617919921875 -0.0189094543457031 0.260528564453125 -0.449066162109375
-0.0170259475708008 -0.0122489929199219 -0.193817138671875 -0.379974365234375
-0.0205707550048828 0.000671386718750004 -0.317138671875 -0.031829833984375
-0.00126934051513672 0.00828790664672852 -0.203506469726563 0.134567260742188
0.0087742805480957 0.00407266616821289 -0.0230331420898438 0.13690185546875
0.00227642059326172 -0.00266766548156738 0.0922622680664063 0.060272216796875
0.00505256652832031 -0.00657892227172851 -0.0607223510742187 -0.0763320922851563
0.0145378112792969 0.00679206848144531 0.0614471435546875 -0.126335144042969
0.0154142379760742 0.0106945037841797 0.217147827148438 -0.069580078125
-0.00280475616455078 0.00961685180664063 0.29888916015625 0.1290283203125
-0.0282039642333984 -7.24792480468768E-05 0.078125 0.3990478515625
-0.000127792358398436 -0.0266132354736328 -0.28607177734375 0.40350341796875
0.0511360168457031 -0.0126571655273437 -0.378143310546875 0.109375
0.0733489990234375 0.0256118774414062 0.0177459716796875 0.0369758605957031
0.057647705078125 -0.00133514404296875 0.4287109375 -0.09906005859375
0.0153903961181641 -0.0185718536376953 0.278564453125 -0.442169189453125
-0.0146245956420898 -0.0122470855712891 -0.180908203125 -0.391326904296875
-0.0179538726806641 0.00217247009277343 -0.31829833984375 -0.043365478515625
-0.00118160247802734 0.00893115997314453 -0.209274291992188 0.129165649414063
0.00874900817871094 0.00217294692993164 -0.027862548828125 0.136627197265625
0.00397253036499023 -0.00443124771118164 0.0909271240234375 0.0611343383789062
0.00677204132080078 -0.0093841552734375 -0.0616455078125 -0.0743637084960938
0.0152425765991211 0.00444984436035156 0.0581817626953125 -0.127830505371094
0.0163488388061523 0.010310173034668 0.21282958984375 -0.077301025390625
0.00123691558837891 0.0117092132568359 0.302825927734375 0.115203857421875
-0.0263481140136719 0.00418853759765625 0.09405517578125 0.3902587890625
-0.00387382507324219 -0.0242862701416016 -0.268585205078125 0.41259765625
0.0448074340820313 -0.0158767700195313 -0.3797607421875 0.121856689453125
0.068511962890625 0.0210952758789063 0.00112152099609375 0.0369377136230469
0.0557594299316406 -0.00214004516601563 0.426849365234375 -0.08233642578125
0.0157508850097656 -0.0185871124267578 0.295928955078125 -0.430999755859375
-0.0127029418945313 -0.0104780197143555 -0.1669921875 -0.399688720703125
-0.015869140625 0.00384902954101563 -0.3175048828125 -0.056488037109375
-0.000164985656738281 0.0090799331665039 -0.214569091796875 0.124008178710937
0.00964927673339844 0.000390052795410156 -0.031402587890625 0.136787414550781
0.00557470321655274 -0.00728082656860352 0.0900192260742188 0.062591552734375
0.00854206085205078 -0.0122127532958984 -0.0634231567382813 -0.0732650756835937
0.0161247253417969 0.00200748443603516 0.054931640625 -0.129592895507813
0.0192222595214844 0.0101585388183594 0.209365844726563 -0.08441162109375
0.00560951232910156 0.0147314071655273 0.303802490234375 0.10333251953125
-0.0244731903076172 0.008056640625 0.105621337890625 0.3843994140625
-0.00789451599121094 -0.02252197265625 -0.254241943359375 0.41943359375
0.0361671447753906 -0.0172958374023438 -0.3824462890625 0.129791259765625
0.0588226318359375 0.0162200927734375 -0.0106430053710937 0.0380210876464844
0.0488395690917969 -0.00170135498046875 0.425262451171875 -0.067047119140625
0.0127391815185547 -0.0150089263916016 0.313385009765625 -0.418853759765625
-0.0114650726318359 -0.00690937042236328 -0.152435302734375 -0.408843994140625
-0.0118083953857422 0.006439208984375 -0.317596435546875 -0.0693969726562499
0.00196075439453125 0.011265754699707 -0.218704223632813 0.117706298828125
0.0117959976196289 -0.000916481018066406 -0.0346221923828125 0.137275695800781
0.00685691833496094 -0.0101490020751953 0.08819580078125 0.0638504028320313
0.00878715515136719 -0.013890266418457 -0.0648193359375 -0.0734710693359375
0.0164051055908203 -0.000514984130859375 0.0537948608398438 -0.132003784179688
0.0216217041015625 0.00942611694335938 0.206344604492188 -0.0902252197265625
0.00812816619873047 0.0169210433959961 0.30474853515625 0.095367431640625
-0.0232391357421875 0.0126132965087891 0.114532470703125 0.379119873046875
-0.0128726959228516 -0.0177745819091797 -0.244873046875 0.424285888671875
0.0236072540283203 -0.0175495147705078 -0.382965087890625 0.13800048828125
0.0453872680664062 0.0132064819335937 -0.0174179077148437 0.0386390686035156
0.0386810302734375 -0.000728607177734375 0.42510986328125 -0.0535888671875
0.00830745697021485 -0.010899543762207 0.32568359375 -0.409698486328125
-0.011322021484375 -0.00297069549560547 -0.1435546875 -0.413970947265625
-0.0093231201171875 0.007476806640625 -0.31756591796875 -0.0773010253906251
0.00393009185791016 0.0101385116577148 -0.219863891601563 0.11126708984375
0.0129985809326172 -0.00256443023681641 -0.035125732421875 0.135932922363281
0.00852680206298828 -0.0119295120239258 0.0891799926757813 0.0640945434570313
0.0092926025390625 -0.0151071548461914 -0.0645599365234375 -0.0739822387695313
0.0172996520996094 -0.000834465026855469 0.0533065795898438 -0.134780883789062
0.0232353210449219 0.00948333740234375 0.20526123046875 -0.0951080322265625
0.0109138488769531 0.018829345703125 0.30462646484375 0.091217041015625
-0.0229454040527344 0.0170249938964844 0.11761474609375 0.378570556640625
-0.0175390243530273 -0.0118274688720703 -0.241729736328125 0.4263916015625
0.0125799179077148 -0.016301155090332 -0.381988525390625 0.143096923828125
0.0301990509033203 0.00817680358886719 -0.0189285278320312 0.0427207946777344
0.0271625518798828 -0.00100135803222656 0.427703857421875 -0.047027587890625
0.00218677520751953 -0.00680637359619141 0.331451416015625 -0.4071044921875
-0.0114812850952148 0.00206279754638672 -0.139739990234375 -0.416778564453125
-0.00636577606201172 0.00938987731933594 -0.31756591796875 -0.080902099609375
0.00582408905029297 0.0112237930297852 -0.22039794921875 0.108169555664062
0.0139989852905273 -0.00279045104980469 -0.0344009399414063 0.134353637695312
0.00977325439453125 -0.0130987167358398 0.08984375 0.0641021728515625
0.00864982604980469 -0.0158185958862305 -0.0660476684570313 -0.0748748779296875
0.0188732147216797 -0.0028533935546875 0.0538406372070313 -0.137962341308594
0.0251522064208984 0.00801849365234375 0.205657958984375 -0.0999298095703125
0.0134811401367188 0.0189704895019531 0.30517578125 0.086212158203125
-0.0230979919433594 0.0210781097412109 0.12109375 0.377777099609375
-0.0221977233886719 -0.00644111633300781 -0.238433837890625 0.432647705078125
0.00095653533935547 -0.0127429962158203 -0.378265380859375 0.14990234375
0.018402099609375 0.0054779052734375 -0.0122299194335938 0.0465621948242188
0.0157880783081055 0.0004425048828125 0.432159423828125 -0.054718017578125
-0.00357532501220703 -0.00266480445861816 0.323333740234375 -0.41326904296875
-0.0126628875732422 0.00602626800537109 -0.149383544921875 -0.41265869140625
-0.00464916229248047 0.0106039047241211 -0.319671630859375 -0.0740966796875
0.00819110870361328 0.0098419189453125 -0.21685791015625 0.110137939453125
0.0149621963500977 -0.00426483154296875 -0.0305862426757813 0.134017944335938
0.00995254516601563 -0.0133743286132812 0.0923614501953125 0.0628585815429688
0.00321388244628906 -0.00264072418212891 -0.059478759765625 -0.0807647705078125
0.015538215637207 0.0101261138916016 0.0677871704101562 -0.126968383789062
0.0126399993896484 0.00942420959472656 0.220855712890625 -0.05828857421875
-0.00798559188842773 0.00604152679443359 0.289886474609375 0.149993896484375
-0.0321712493896484 -0.00148582458496094 0.048797607421875 0.406463623046875
-0.000238418579101562 -0.021148681640625 -0.31207275390625 0.382110595703125
0.0472335815429688 -0.00427627563476563 -0.363739013671875 0.090118408203125
0.0647506713867188 0.0274085998535156 0.0490264892578125 0.0429801940917969
0.0490951538085938 -0.000335693359375 0.433349609375 -0.123077392578125
0.0101404190063477 -0.0149040222167969 0.243865966796875 -0.452239990234375
-0.0189361572265625 -0.0101947784423828 -0.205230712890625 -0.367584228515625
-0.0208511352539062 0.00058174133300781 -0.313507080078125 -0.02008056640625
-0.000291824340820313 0.00692415237426758 -0.195297241210938 0.13800048828125
0.00890541076660156 0.00467395782470703 -0.0176162719726563 0.135505676269531
0.00156509876251221 -0.000838041305541992 0.09442138671875 0.0592193603515625
0.00461673736572266 -0.00509309768676758 -0.0602340698242187 -0.077880859375
0.0147867202758789 0.00884437561035156 0.0644989013671875 -0.125984191894531
0.0131149291992188 0.00994873046875 0.218612670898438 -0.06414794921875
-0.00585794448852539 0.00707530975341797 0.294830322265625 0.1392822265625
-0.0298557281494141 -0.00130462646484375 0.064117431640625 0.40142822265625
0.00132942199707032 -0.0246829986572266 -0.298187255859375 0.39288330078125
0.0517616271972656 -0.00902557373046875 -0.368499755859375 0.097808837890625
0.0707168579101563 0.0272140502929688 0.0330886840820313 0.0395011901855469
0.0552749633789063 -0.00165557861328125 0.4288330078125 -0.1134033203125
0.013336181640625 -0.0178852081298828 0.257354736328125 -0.4466552734375
-0.0165328979492187 -0.0118646621704102 -0.19451904296875 -0.376068115234375
-0.0213031768798828 0.000682830810546871 -0.313812255859375 -0.0300903320312501
-0.00076150894165039 0.00796270370483398 -0.201919555664062 0.134429931640625
0.00863933563232422 0.00411653518676758 -0.0224685668945313 0.136077880859375
0.00200533866882324 -0.00287604331970215 0.0917510986328125 0.0595855712890625
0.00534963607788086 -0.00708627700805664 -0.06072998046875 -0.0755157470703125
0.0148916244506836 0.00670623779296875 0.06036376953125 -0.126861572265625
0.0149497985839844 0.00977611541748047 0.215118408203125 -0.0702362060546875
-0.00268745422363281 0.00963401794433594 0.297454833984375 0.127716064453125
-0.0283718109130859 -0.000425338745117181 0.078155517578125 0.395965576171875
-0.000110626220703126 -0.0250930786132812 -0.281890869140625 0.40228271484375
0.0505867004394531 -0.0136871337890625 -0.374481201171875 0.10797119140625
0.07208251953125 0.0238265991210938 0.0174598693847656 0.0375251770019531
0.0577430725097656 -0.00167465209960938 0.42523193359375 -0.097808837890625
0.0163555145263672 -0.0189952850341797 0.2757568359375 -0.437835693359375
-0.0149784088134766 -0.0117092132568359 -0.180877685546875 -0.387359619140625
-0.0188312530517578 0.00241470336914062 -0.3154296875 -0.043060302734375
-0.000817298889160156 0.00867986679077148 -0.206787109375 0.129409790039063
0.00874805450439453 0.00213718414306641 -0.0277175903320312 0.13677978515625
0.00378751754760742 -0.00526189804077148 0.090576171875 0.0610504150390625
0.00660896301269531 -0.00946807861328125 -0.0622329711914062 -0.0746917724609375
0.0150461196899414 0.00388336181640625 0.0565872192382813 -0.127532958984375
0.0166616439819336 0.0112123489379883 0.211227416992187 -0.07806396484375
0.000226020812988282 0.0115642547607422 0.300384521484375 0.113525390625
-0.0272197723388672 0.00299263000488281 0.0948486328125 0.38897705078125
-0.00259590148925781 -0.0245151519775391 -0.2664794921875 0.410369873046875
0.0445365905761719 -0.0159873962402344 -0.377227783203125 0.12078857421875
0.0682411193847656 0.0212783813476562 0.00101852416992188 0.0368766784667969
0.0552902221679688 -0.0019989013671875 0.421905517578125 -0.08245849609375
0.0151233673095703 -0.0177326202392578 0.293060302734375 -0.42645263671875
-0.0122442245483398 -0.00986766815185547 -0.16802978515625 -0.396942138671875
-0.015467643737793 0.00331592559814453 -0.31622314453125 -0.0555419921875
-0.000315666198730469 0.0104904174804688 -0.212905883789062 0.123794555664063
0.00961017608642578 0.00131130218505859 -0.0307769775390625 0.13702392578125
0.00603294372558594 -0.00784015655517578 0.0898284912109375 0.0622024536132813
0.00716114044189453 -0.0126142501831055 -0.0636062622070313 -0.073150634765625
0.0155820846557617 0.00124931335449219 0.0538864135742188 -0.128242492675781
0.0191268920898438 0.00960922241210938 0.207443237304688 -0.084991455078125
0.00499057769775391 0.0138635635375977 0.302032470703125 0.102264404296875
-0.0244922637939453 0.00810432434082032 0.107574462890625 0.38201904296875
-0.008697509765625 -0.0206089019775391 -0.251251220703125 0.41729736328125
0.0347957611083984 -0.0172748565673828 -0.37872314453125 0.130126953125
0.057708740234375 0.0169258117675781 -0.0112953186035156 0.03668212890625
0.0474395751953125 -0.0005035400390625 0.4202880859375 -0.067291259765625
0.0133962631225586 -0.014460563659668 0.308135986328125 -0.41619873046875
-0.0115461349487305 -0.00627899169921875 -0.153472900390625 -0.4052734375
-0.0124835968017578 0.00635051727294922 -0.315704345703125 -0.06646728515625
0.00139522552490234 0.0111503601074219 -0.215408325195313 0.116912841796875
0.010986328125 -0.0006866455078125 -0.033203125 0.136848449707031
0.0071563720703125 -0.00970172882080078 0.0882186889648438 0.0634307861328125
0.00923919677734375 -0.0138998031616211 -0.0643234252929688 -0.072540283203125
0.0172958374023437 -0.000278472900390625 0.05242919921875 -0.132171630859375
0.0220050811767578 0.00903892517089844 0.205184936523438 -0.090484619140625
0.00866031646728516 0.0161857604980469 0.302032470703125 0.092926025390625
-0.0225486755371094 0.0128440856933594 0.1148681640625 0.376953125
-0.0124921798706055 -0.0163450241088867 -0.2421875 0.42291259765625
0.0234432220458984 -0.0179653167724609 -0.379425048828125 0.13885498046875
0.0451202392578125 0.0123329162597656 -0.0189361572265625 0.0391311645507813
0.038818359375 -0.000598907470703125 0.421173095703125 -0.053375244140625
0.00786113739013672 -0.0104160308837891 0.3214111328125 -0.40740966796875
-0.0105772018432617 -0.0018606185913086 -0.1417236328125 -0.410980224609375
-0.00936985015869141 0.00830650329589844 -0.314453125 -0.075714111328125
0.00369071960449219 0.0115509033203125 -0.218032836914063 0.111236572265625
0.0119361877441406 -0.00180244445800781 -0.0347137451171875 0.135536193847656
0.00858688354492188 -0.0117759704589844 0.0880050659179688 0.0635604858398438
0.00969696044921875 -0.0156307220458984 -0.0648117065429687 -0.0739364624023438
0.0187244415283203 -0.00253868103027344 0.0520477294921875 -0.134445190429688
0.0230674743652344 0.00802040100097656 0.203811645507813 -0.094970703125
0.0108127593994141 0.0177078247070312 0.30218505859375 0.0888671875
-0.0218429565429688 0.0175037384033203 0.11749267578125 0.374969482421875
-0.0176353454589844 -0.0108318328857422 -0.237640380859375 0.424713134765625
0.0111989974975586 -0.0161018371582031 -0.37896728515625 0.143646240234375
0.0304355621337891 0.00803565979003906 -0.0199394226074219 0.041656494140625
0.0272941589355469 -8.58306884765625E-05 0.423675537109375 -0.046600341796875
0.00218057632446289 -0.00570869445800781 0.32781982421875 -0.40252685546875
-0.0121078491210937 0.00165557861328125 -0.1392822265625 -0.412994384765625
-0.00562763214111328 0.00979709625244141 -0.314453125 -0.0796203613281249
0.00623226165771485 0.0109786987304688 -0.218612670898438 0.108322143554687
0.012664794921875 -0.00309467315673828 -0.0335311889648438 0.132911682128906
0.00904178619384766 -0.013066291809082 0.0904006958007813 0.0632095336914063
0.00996112823486328 -0.0159940719604492 -0.0662460327148438 -0.0746917724609375
0.0182704925537109 -0.00300979614257812 0.0533981323242187 -0.137825012207031
0.0252723693847656 0.00747489929199219 0.202865600585938 -0.101165771484375
0.0129470825195313 0.0188369750976563 0.30322265625 0.08477783203125
-0.0224113464355469 0.02197265625 0.121185302734375 0.376495361328125
-0.0223445892333984 -0.00584983825683594 -0.236053466796875 0.43017578125
0.00178241729736328 -0.0125617980957031 -0.376190185546875 0.1492919921875
0.017481803894043 0.00632381439208984 -0.0115966796875 0.0462837219238281
0.015477180480957 0.000223159790039063 0.42864990234375 -0.054443359375
-0.00396251678466797 -0.0014195442199707 0.320831298828125 -0.409942626953125
-0.0132122039794922 0.00565433502197265 -0.149749755859375 -0.409423828125
-0.00502490997314453 0.0106611251831055 -0.317291259765625 -0.0726318359375
0.00760650634765625 0.0101432800292969 -0.215240478515625 0.109954833984375
0.0142621994018555 -0.00351238250732422 -0.0292892456054687 0.133857727050781
0.00872325897216797 -0.0137825012207031 0.092681884765625 0.0620193481445313
0.00305032730102539 -0.00367522239685059 -0.0596389770507813 -0.0806121826171875
0.0157785415649414 0.00932788848876953 0.0671157836914063 -0.126579284667969
0.0127105712890625 0.00837802886962891 0.220794677734375 -0.06011962890625
-0.00781917572021484 0.00568771362304688 0.289215087890625 0.148956298828125
-0.0311164855957031 -0.00139617919921875 0.0489501953125 0.405364990234375
0.000164031982421877 -0.0215167999267578 -0.310821533203125 0.38177490234375
0.047119140625 -0.0043792724609375 -0.361907958984375 0.0897216796875
0.0640106201171875 0.0278854370117188 0.0472869873046875 0.0432205200195312
0.0491790771484375 0.000995635986328125 0.429473876953125 -0.12091064453125
0.00981903076171875 -0.0145750045776367 0.2418212890625 -0.4482421875
-0.0187339782714844 -0.00942039489746094 -0.20281982421875 -0.364532470703125
-0.0215034484863281 0.00055122375488281 -0.311614990234375 -0.0195922851562501
-0.00101566314697266 0.00706577301025391 -0.194580078125 0.13787841796875
0.00959110260009766 0.00449848175048828 -0.0170211791992188 0.1348876953125
0.000732660293579101 -0.00135922431945801 0.0944747924804688 0.0588760375976562
0.00497913360595703 -0.00479936599731445 -0.0600509643554687 -0.077667236328125
0.01531982421875 0.00774288177490234 0.0648269653320313 -0.12628173828125
0.0124855041503906 0.00943183898925781 0.217803955078125 -0.064483642578125
-0.00618743896484375 0.00676774978637695 0.293548583984375 0.1385498046875
-0.0295391082763672 -0.00124549865722657 0.063568115234375 0.400726318359375
0.00169563293457031 -0.0239295959472656 -0.296844482421875 0.391204833984375
0.0512886047363281 -0.00885772705078125 -0.3670654296875 0.0978698730468749
0.0702972412109375 0.0264816284179687 0.0327606201171875 0.0396499633789063
0.0549468994140625 -0.00104141235351563 0.425537109375 -0.111968994140625
0.0142726898193359 -0.0179233551025391 0.256927490234375 -0.442474365234375
-0.0166034698486328 -0.0121240615844727 -0.193328857421875 -0.373809814453125
-0.0207042694091797 0.00139045715332032 -0.312744140625 -0.029541015625
-0.000606536865234375 0.00839853286743164 -0.200393676757812 0.133590698242188
0.00818443298339844 0.00408124923706055 -0.0218353271484375 0.136802673339844
0.00159645080566406 -0.00340533256530762 0.0917816162109375 0.06024169921875
0.0061187744140625 -0.0072026252746582 -0.0612716674804687 -0.0751495361328125
0.0149726867675781 0.00616359710693359 0.0601806640625 -0.125030517578125
0.0142793655395508 0.0100135803222656 0.214859008789062 -0.0706634521484375
-0.00360965728759766 0.00850343704223633 0.29595947265625 0.12640380859375
-0.0281314849853516 0.000926971435546869 0.079071044921875 0.394927978515625
0.000200271606445314 -0.0253582000732422 -0.28125 0.400848388671875
0.0500411987304688 -0.0129203796386719 -0.37200927734375 0.107696533203125
0.071502685546875 0.0244903564453125 0.0162162780761719 0.0374603271484375
0.0569419860839844 -0.00116348266601563 0.422210693359375 -0.09735107421875
0.0162029266357422 -0.0188064575195313 0.2747802734375 -0.43548583984375
-0.0144357681274414 -0.0116662979125977 -0.179168701171875 -0.385498046875
-0.0179176330566406 0.00217628479003906 -0.313568115234375 -0.04229736328125
-0.00040435791015625 0.00939369201660156 -0.205352783203125 0.129348754882812
0.00833988189697266 0.00312662124633789 -0.0272750854492187 0.137252807617188
0.00394582748413086 -0.00472640991210938 0.0899429321289063 0.0613784790039063
0.00618171691894531 -0.0102252960205078 -0.0626373291015625 -0.0737838745117188
0.0148601531982422 0.00342559814453125 0.0560150146484375 -0.126861572265625
0.0158529281616211 0.0101728439331055 0.2100830078125 -0.077117919921875
0.00120067596435547 0.0112781524658203 0.29901123046875 0.1126708984375
-0.0268383026123047 0.00461959838867187 0.09564208984375 0.38677978515625
-0.0032501220703125 -0.0245647430419922 -0.265167236328125 0.40966796875
0.0436668395996094 -0.016082763671875 -0.375701904296875 0.11968994140625
0.0671768188476563 0.0207939147949219 0.000644683837890631 0.0364913940429688
0.0550270080566406 -0.000701904296875 0.420257568359375 -0.081451416015625
0.0161333084106445 -0.0170822143554688 0.291412353515625 -0.42535400390625
-0.0128622055053711 -0.0101556777954102 -0.1656494140625 -0.395599365234375
-0.0150432586669922 0.00437545776367188 -0.3138427734375 -0.054229736328125
0.000810623168945312 0.010472297668457 -0.210845947265625 0.12286376953125
0.00952529907226563 0.00118923187255859 -0.030029296875 0.137367248535156
0.00495052337646484 -0.00733757019042969 0.0886764526367187 0.0617446899414062
0.00744533538818359 -0.0121879577636719 -0.0634002685546875 -0.07281494140625
0.0160331726074219 0.0004119873046875 0.0532684326171875 -0.129219055175781
0.0197105407714844 0.00923728942871094 0.206069946289062 -0.0854034423828125
0.00492095947265625 0.0138635635375977 0.300994873046875 0.10107421875
-0.0244369506835938 0.00836563110351563 0.107452392578125 0.380096435546875
-0.00700187683105469 -0.0207328796386719 -0.250396728515625 0.41619873046875
0.0344047546386719 -0.0179729461669922 -0.376922607421875 0.1295166015625
0.0560760498046875 0.0165023803710938 -0.0116119384765625 0.0368156433105469
0.0481376647949219 -0.000614166259765625 0.417694091796875 -0.06512451171875
0.013279914855957 -0.0137643814086914 0.307098388671875 -0.413299560546875
-0.0114946365356445 -0.00729942321777344 -0.151763916015625 -0.40289306640625
-0.0126714706420898 0.00534725189208984 -0.3134765625 -0.066802978515625
0.000768661499023437 0.0107412338256836 -0.214035034179688 0.117218017578125
0.0105819702148438 -0.000781059265136719 -0.0335006713867188 0.137031555175781
0.00677967071533203 -0.0102949142456055 0.0884552001953125 0.0623703002929688
0.00893115997314453 -0.0141019821166992 -0.0647659301757813 -0.0727767944335937
0.0170392990112305 -0.00138473510742188 0.0525894165039063 -0.131149291992188
0.0215682983398438 0.00865364074707031 0.203079223632813 -0.091217041015625
0.00792980194091797 0.0159034729003906 0.30120849609375 0.09234619140625
-0.0233669281005859 0.0139083862304688 0.114410400390625 0.375030517578125
-0.0121660232543945 -0.0159111022949219 -0.240264892578125 0.420745849609375
0.0233554840087891 -0.0172805786132813 -0.37750244140625 0.1376953125
0.0446853637695313 0.0122261047363281 -0.018798828125 0.0390357971191406
0.0382194519042969 -0.00048828125 0.41778564453125 -0.05242919921875
0.00917148590087891 -0.0103979110717773 0.320556640625 -0.404998779296875
-0.012324333190918 -0.00274467468261719 -0.142486572265625 -0.40802001953125
-0.00980758666992188 0.0073843002319336 -0.3125 -0.0751037597656251
0.00307369232177734 0.0113945007324219 -0.217132568359375 0.111495971679688
0.0118112564086914 -0.00196361541748047 -0.0347518920898438 0.135185241699219
0.00826358795166015 -0.0123815536499023 0.0891036987304688 0.0641326904296875
0.00932788848876953 -0.0143833160400391 -0.0651397705078125 -0.0726165771484375
0.0187206268310547 -0.00247955322265625 0.0515060424804688 -0.133415222167969
0.0234375 0.00816726684570312 0.202545166015625 -0.0956268310546875
0.0108890533447266 0.0177021026611328 0.300811767578125 0.088836669921875
-0.0214900970458984 0.0177650451660156 0.1162109375 0.37432861328125
-0.0170049667358398 -0.0112638473510742 -0.237762451171875 0.423583984375
0.0114574432373047 -0.0158720016479492 -0.37628173828125 0.14154052734375
0.0295295715332031 0.00830841064453125 -0.0196800231933594 0.0418434143066406
0.0270767211914063 -7.62939453125E-06 0.420379638671875 -0.045318603515625
0.00246286392211914 -0.00586700439453125 0.32568359375 -0.399627685546875
-0.0122594833374023 0.00131797790527344 -0.139129638671875 -0.411102294921875
-0.00763702392578125 0.00960826873779297 -0.312225341796875 -0.0784301757812499
0.00551223754882812 0.0110692977905273 -0.217559814453125 0.10833740234375
0.0138711929321289 -0.0030517578125 -0.0337371826171875 0.133079528808594
0.008270263671875 -0.0123567581176758 0.088775634765625 0.0629119873046875
0.00922966003417969 -0.0156097412109375 -0.0653228759765625 -0.075042724609375
0.0199069976806641 -0.00317192077636719 0.0526809692382813 -0.136344909667969
0.0247955322265625 0.00701713562011719 0.202194213867188 -0.100784301757813
0.0122776031494141 0.0180072784423828 0.30194091796875 0.083038330078125
-0.0211601257324219 0.0215244293212891 0.120147705078125 0.374053955078125
-0.0216865539550781 -0.0050811767578125 -0.233489990234375 0.427734375
0.000664710998535156 -0.0134906768798828 -0.374359130859375 0.14892578125
0.0167350769042969 0.00541496276855469 -0.012603759765625 0.0464210510253906
0.0153264999389648 0.000166893005371094 0.424957275390625 -0.05224609375
-0.00275039672851563 -0.00150895118713379 0.31781005859375 -0.40594482421875
-0.0128240585327148 0.00590801239013672 -0.148345947265625 -0.405487060546875
-0.00510215759277344 0.0100002288818359 -0.3155517578125 -0.07208251953125
0.00768756866455078 0.0105867385864258 -0.214324951171875 0.11029052734375
0.0148248672485352 -0.00323104858398438 -0.0291671752929688 0.132675170898438
0.00850296020507813 -0.0139141082763672 0.092041015625 0.0621490478515625
0.00381183624267578 -0.002960205078125 -0.0588607788085937 -0.0809173583984375
0.0156011581420898 0.00962734222412109 0.0667877197265625 -0.126899719238281
0.0124502182006836 0.00788402557373047 0.219024658203125 -0.05926513671875
-0.00851678848266602 0.00479030609130859 0.28839111328125 0.14788818359375
-0.0315494537353516 -0.000993728637695308 0.04949951171875 0.405242919921875
0.000530242919921874 -0.0208721160888672 -0.3094482421875 0.38018798828125
0.0472869873046875 -0.00450515747070313 -0.361541748046875 0.089019775390625
0.0632553100585938 0.0276603698730469 0.0467796325683594 0.0430450439453125
0.0488128662109375 -8.0108642578125E-05 0.427001953125 -0.119140625
0.0101604461669922 -0.0149297714233398 0.241790771484375 -0.445831298828125
-0.0189285278320313 -0.00982666015625 -0.20343017578125 -0.3629150390625
-0.0206394195556641 0.00134658813476562 -0.310760498046875 -0.020172119140625
-0.000623703002929687 0.00727176666259766 -0.19390869140625 0.137847900390625
0.00866842269897461 0.00444793701171875 -0.0175018310546875 0.135391235351563
0.000495076179504394 -0.00113677978515625 0.0939788818359375 0.0589218139648438
0.00466060638427734 -0.00454854965209961 -0.060211181640625 -0.0773696899414063
0.0149135589599609 0.00719070434570313 0.06353759765625 -0.126594543457031
0.0136909484863281 0.00883102416992188 0.216949462890625 -0.0644378662109375
-0.00624799728393555 0.00725555419921875 0.292083740234375 0.13922119140625
-0.0294189453125 -0.00111198425292968 0.0633544921875 0.401092529296875
0.00185394287109375 -0.0236415863037109 -0.295745849609375 0.389251708984375
0.0508613586425781 -0.00865554809570313 -0.365203857421875 0.0974121093750001
0.0697898864746094 0.0264320373535156 0.0328407287597656 0.0390663146972656
0.0552406311035156 -0.000354766845703125 0.42327880859375 -0.110015869140625
0.0143280029296875 -0.0172843933105469 0.25494384765625 -0.44122314453125
-0.0170278549194336 -0.011505126953125 -0.19268798828125 -0.3720703125
-0.0207958221435547 0.00133895874023437 -0.311126708984375 -0.0296630859375
-0.00211620330810547 0.00858020782470703 -0.199371337890625 0.134078979492188
0.00870895385742187 0.00364446640014648 -0.0231094360351563 0.136474609375
0.00156760215759277 -0.00386953353881836 0.0920257568359375 0.0595169067382812
0.00460052490234375 -0.00707435607910156 -0.0617294311523438 -0.0754623413085937
0.0145950317382813 0.00628471374511719 0.0595932006835938 -0.125946044921875
0.0146999359130859 0.009521484375 0.213516235351563 -0.0700531005859375
-0.00365447998046875 0.00966930389404297 0.2955322265625 0.1248779296875
-0.0276775360107422 0.000844955444335943 0.07958984375 0.39434814453125
0.0014801025390625 -0.0242042541503906 -0.279144287109375 0.399078369140625
0.0495071411132813 -0.0126609802246094 -0.37103271484375 0.108001708984375
0.0705947875976563 0.0244216918945313 0.0157318115234375 0.0365219116210937
0.0571060180664062 -0.001129150390625 0.418914794921875 -0.09527587890625
0.0162830352783203 -0.0183601379394531 0.27337646484375 -0.434112548828125
-0.0139303207397461 -0.011448860168457 -0.1802978515625 -0.382843017578125
-0.0192222595214844 0.00284957885742188 -0.31170654296875 -0.042572021484375
-0.00139713287353516 0.00942516326904297 -0.204910278320313 0.12939453125
0.00867271423339844 0.00300979614257813 -0.0270767211914063 0.137161254882813
0.00353288650512695 -0.00584506988525391 0.0904083251953125 0.060211181640625
0.00676918029785156 -0.00988578796386719 -0.0630264282226563 -0.0740509033203125
0.015655517578125 0.00367259979248047 0.0550765991210938 -0.127449035644531
0.0167093276977539 0.00931930541992188 0.20904541015625 -0.0773468017578125
-0.000203132629394532 0.0107879638671875 0.297882080078125 0.112457275390625
-0.0266704559326172 0.00485992431640625 0.0953369140625 0.38507080078125
-0.00221061706542969 -0.0242671966552734 -0.264190673828125 0.406829833984375
0.0442428588867188 -0.0159225463867188 -0.372894287109375 0.119049072265625
0.0659751892089844 0.0206108093261719 0.000247955322265625 0.0362510681152344
0.0546875 -0.00120162963867188 0.417388916015625 -0.079376220703125
0.0162429809570313 -0.0165777206420898 0.289825439453125 -0.422760009765625
-0.0123615264892578 -0.0100593566894531 -0.164794921875 -0.394256591796875
-0.0153884887695313 0.00474643707275391 -0.312286376953125 -0.053497314453125
0.000541687011718751 0.0105953216552734 -0.210006713867188 0.12322998046875
0.00922775268554688 0.00126457214355469 -0.0305404663085937 0.137969970703125
0.00512266159057617 -0.00720691680908203 0.08843994140625 0.06182861328125
0.00726413726806641 -0.0115690231323242 -0.06329345703125 -0.0734176635742188
0.0159158706665039 0.000673294067382812 0.0527572631835938 -0.128448486328125
0.0189075469970703 0.009613037109375 0.206283569335938 -0.0850830078125
0.00446033477783203 0.0128793716430664 0.299407958984375 0.1007080078125
-0.0245914459228516 0.00929069519042969 0.108367919921875 0.380584716796875
-0.00624656677246094 -0.0197658538818359 -0.2491455078125 0.413818359375
0.0343818664550781 -0.0182037353515625 -0.375274658203125 0.12908935546875
0.0568923950195313 0.0165367126464844 -0.0117073059082031 0.0364494323730469
0.0475273132324219 -0.000988006591796875 0.41607666015625 -0.062835693359375
0.0137882232666016 -0.0135488510131836 0.30718994140625 -0.41107177734375
-0.0114612579345703 -0.00699806213378906 -0.15057373046875 -0.4019775390625
-0.0129776000976563 0.00554847717285156 -0.312591552734375 -0.06512451171875
0.00183200836181641 0.010869026184082 -0.213668823242188 0.117141723632813
0.0102338790893555 9.44137573242187E-05 -0.033355712890625 0.136093139648438
0.00669097900390625 -0.00997734069824219 0.087860107421875 0.0631027221679688
0.00744247436523438 -0.0149173736572266 -0.0644683837890625 -0.0731430053710938
0.0173263549804688 -0.00102519989013672 0.051727294921875 -0.131301879882813
0.0207939147949219 0.00840377807617188 0.20208740234375 -0.091339111328125
0.00696945190429687 0.0155000686645508 0.300048828125 0.092529296875
-0.0225181579589844 0.0131664276123047 0.11480712890625 0.37506103515625
-0.0114107131958008 -0.0157613754272461 -0.239990234375 0.41973876953125
0.0224704742431641 -0.0172233581542969 -0.377044677734375 0.13665771484375
0.0436172485351563 0.0120582580566406 -0.0192375183105469 0.03912353515625
0.0372543334960938 -0.00023651123046875 0.416168212890625 -0.050567626953125
0.00871944427490234 -0.00981807708740235 0.3194580078125 -0.400665283203125
-0.0112705230712891 -0.00296306610107422 -0.140960693359375 -0.406890869140625
-0.00967884063720703 0.00875377655029297 -0.311187744140625 -0.074859619140625
0.00434112548828125 0.0120162963867188 -0.216217041015625 0.111557006835937
0.0119409561157227 -0.00184345245361328 -0.03533935546875 0.135169982910156
0.00806999206542969 -0.0121431350708008 0.0883636474609375 0.0631332397460938
0.00905990600585937 -0.0155296325683594 -0.0656661987304688 -0.07373046875
0.01800537109375 -0.00274658203125 0.0513153076171875 -0.133331298828125
0.0228347778320313 0.0078887939453125 0.201080322265625 -0.095367431640625
0.0103950500488281 0.0177707672119141 0.299224853515625 0.088287353515625
-0.0220432281494141 0.0180110931396484 0.117523193359375 0.373321533203125
-0.0172500610351563 -0.011652946472168 -0.237060546875 0.4217529296875
0.0113487243652344 -0.0156078338623047 -0.37640380859375 0.140777587890625
0.0291500091552734 0.00825881958007813 -0.0199699401855469 0.0420722961425781
0.0264453887939453 -0.000278472900390625 0.418365478515625 -0.04425048828125
0.00233602523803711 -0.00471687316894531 0.324737548828125 -0.396881103515625
-0.0116662979125977 0.002166748046875 -0.138153076171875 -0.408782958984375
-0.00677967071533203 0.0111522674560547 -0.311187744140625 -0.0787353515625
0.00534152984619141 0.0109195709228516 -0.216888427734375 0.107772827148438
0.0130710601806641 -0.00293636322021484 -0.0338363647460937 0.133567810058594
0.00838470458984375 -0.0135736465454102 0.0887908935546875 0.0631179809570313
0.00883769989013672 -0.0158176422119141 -0.0657424926757812 -0.0759963989257813
0.0193138122558594 -0.00323867797851563 0.0526123046875 -0.136886596679688
0.0240230560302734 0.00635528564453125 0.201431274414062 -0.100723266601562
0.0121059417724609 0.017608642578125 0.300384521484375 0.08319091796875
-0.0223274230957031 0.02197265625 0.1209716796875 0.37384033203125
-0.0209789276123047 -0.00463294982910156 -0.234100341796875 0.425872802734375
0.00106525421142578 -0.0131855010986328 -0.372833251953125 0.1480712890625
0.0161151885986328 0.00535964965820313 -0.0132331848144531 0.0457725524902344
0.0150413513183594 0.000589370727539063 0.42303466796875 -0.05194091796875
-0.00385022163391113 -0.000886440277099609 0.318084716796875 -0.40338134765625
-0.0127506256103516 0.00605010986328125 -0.14825439453125 -0.4058837890625
-0.00568389892578125 0.0108261108398438 -0.314239501953125 -0.071380615234375
0.00747203826904297 0.0106496810913086 -0.212921142578125 0.110336303710938
0.014531135559082 -0.00336551666259766 -0.0296173095703125 0.133148193359375
0.00827121734619141 -0.0137014389038086 0.0911788940429688 0.0620956420898437
0.00375032424926758 -0.00334906578063965 -0.05926513671875 -0.0807876586914063
0.0161428451538086 0.00991630554199219 0.0662841796875 -0.126052856445313
0.0127477645874023 0.00848102569580078 0.219635009765625 -0.0604705810546875
-0.00813913345336914 0.00546884536743164 0.2879638671875 0.14886474609375
-0.0318374633789063 -0.000740051269531246 0.047821044921875 0.40435791015625
0.00117301940917969 -0.0199909210205078 -0.30889892578125 0.379669189453125
0.0454559326171875 -0.00493621826171875 -0.360809326171875 0.0872802734374999
0.0621528625488281 0.0272674560546875 0.0455513000488281 0.0426673889160156
0.0490036010742188 0.00130081176757813 0.4271240234375 -0.118316650390625
0.010411262512207 -0.0143489837646484 0.24267578125 -0.444488525390625
-0.0191650390625 -0.00911140441894531 -0.202484130859375 -0.363037109375
-0.0220451354980469 0.000749588012695313 -0.3094482421875 -0.01959228515625
-0.000399589538574219 0.00682973861694336 -0.193740844726563 0.137771606445313
0.00886821746826172 0.00540447235107422 -0.0178375244140625 0.135993957519531
0.00106441974639893 -0.0016779899597168 0.0939865112304688 0.0586700439453125
0.00449037551879883 -0.00470447540283203 -0.0596847534179688 -0.0776824951171875
0.0152111053466797 0.00780963897705078 0.063629150390625 -0.126419067382813
0.0130844116210937 0.00924968719482422 0.216812133789062 -0.0644989013671875
-0.00697755813598633 0.00586509704589844 0.29107666015625 0.1385498046875
-0.0296974182128906 -0.000730514526367185 0.063720703125 0.401458740234375
0.00279998779296875 -0.0234031677246094 -0.295928955078125 0.389495849609375
0.0509109497070313 -0.009124755859375 -0.366058349609375 0.09613037109375
0.0692901611328125 0.026580810546875 0.0311660766601563 0.0395660400390625
0.0549240112304688 -7.62939453125E-05 0.4215087890625 -0.10833740234375
0.0145368576049805 -0.0170774459838867 0.2547607421875 -0.4390869140625
-0.0162286758422852 -0.0114984512329102 -0.191436767578125 -0.371490478515625
-0.0202884674072266 0.00169944763183593 -0.310821533203125 -0.0297851562500001
-0.00125885009765625 0.00897026062011719 -0.1998291015625 0.134613037109375
0.00865745544433594 0.00507068634033203 -0.0229568481445313 0.136611938476562
0.00199103355407715 -0.00362563133239746 0.0917129516601563 0.0597915649414063
0.00485420227050781 -0.00727272033691406 -0.061492919921875 -0.0758438110351562
0.0150680541992188 0.00637245178222656 0.0593338012695313 -0.125282287597656
0.0141935348510742 0.00911617279052734 0.213302612304688 -0.0701446533203125
-0.00323915481567383 0.00860214233398438 0.29486083984375 0.12615966796875
-0.0278301239013672 0.000585556030273441 0.079559326171875 0.3944091796875
0.00191307067871094 -0.0250034332275391 -0.27923583984375 0.398162841796875
0.0493965148925781 -0.0131988525390625 -0.36932373046875 0.1065673828125
0.0709991455078125 0.0247039794921875 0.0150070190429688 0.0369987487792969
0.0565681457519531 -0.000946044921875 0.41851806640625 -0.09326171875
0.0165681838989258 -0.0172863006591797 0.272430419921875 -0.431732177734375
-0.0158529281616211 -0.0111970901489258 -0.178985595703125 -0.382110595703125
-0.0184745788574219 0.0027618408203125 -0.3114013671875 -0.0416259765625
-0.00105667114257812 0.00898075103759766 -0.20489501953125 0.1300048828125
0.00844669342041016 0.00256013870239258 -0.0277252197265625 0.138206481933594
0.00316762924194336 -0.00591611862182617 0.0891189575195313 0.0610580444335938
0.00647544860839844 -0.00971889495849609 -0.0621109008789063 -0.07452392578125
0.0159673690795898 0.002777099609375 0.0555572509765625 -0.127166748046875
0.0167064666748047 0.0089111328125 0.209365844726562 -0.0781402587890625
-4.29153442382812E-05 0.0108366012573242 0.2967529296875 0.11346435546875
-0.0263442993164063 0.00447845458984375 0.094940185546875 0.3870849609375
-0.00199508666992188 -0.02288818359375 -0.26300048828125 0.405792236328125
0.0431175231933594 -0.0158462524414063 -0.37359619140625 0.118377685546875
0.0652008056640625 0.0205574035644531 6.86645507812567E-05 0.0360832214355469
0.0537796020507813 -0.000240325927734375 0.41510009765625 -0.077056884765625
0.015843391418457 -0.0175113677978516 0.288787841796875 -0.42083740234375
-0.0122489929199219 -0.0095062255859375 -0.163818359375 -0.3924560546875
-0.0148029327392578 0.0038919448852539 -0.311248779296875 -0.053558349609375
-0.000238418579101562 0.0107059478759766 -0.209884643554688 0.12237548828125
0.00974464416503906 0.00171375274658203 -0.0316925048828125 0.136642456054688
0.00509881973266602 -0.00747585296630859 0.0882720947265625 0.0622711181640625
0.00789451599121094 -0.0117092132568359 -0.0638656616210937 -0.0737991333007813
0.0165977478027344 0.000813484191894531 0.0531005859375 -0.128868103027344
0.0181255340576172 0.00922203063964844 0.205230712890625 -0.0853118896484375
0.00372791290283203 0.0133590698242188 0.2978515625 0.100799560546875
-0.0235633850097656 0.00892829895019531 0.106719970703125 0.380035400390625
-0.00695228576660156 -0.0197868347167969 -0.24884033203125 0.41357421875
0.0338459014892578 -0.0174064636230469 -0.3751220703125 0.126861572265625
0.0567398071289063 0.0172271728515625 -0.0131263732910156 0.0376014709472656
0.0476188659667969 -0.00100326538085938 0.414031982421875 -0.06243896484375
0.0141000747680664 -0.0132932662963867 0.306854248046875 -0.41009521484375
-0.0113973617553711 -0.00634193420410156 -0.15093994140625 -0.401275634765625
-0.0125951766967773 0.00658512115478515 -0.31158447265625 -0.0654296875
0.00174713134765625 0.0112476348876953 -0.213165283203125 0.116439819335938
0.0091409683227539 1.33514404296875E-05 -0.0334548950195313 0.137039184570312
0.00629520416259766 -0.0100584030151367 0.0882492065429688 0.0629730224609375
0.00863838195800781 -0.014826774597168 -0.0645904541015625 -0.07391357421875
0.0167522430419922 -0.00169754028320313 0.05145263671875 -0.131668090820313
0.0216026306152344 0.00926589965820313 0.202774047851563 -0.0908355712890625
0.0069580078125 0.0155105590820313 0.29864501953125 0.0924072265625
-0.0225296020507813 0.0137519836425781 0.114044189453125 0.37469482421875
-0.0114164352416992 -0.0156211853027344 -0.23931884765625 0.41912841796875
0.0223369598388672 -0.0177822113037109 -0.37750244140625 0.135772705078125
0.0423927307128906 0.0125007629394531 -0.0189971923828125 0.0383682250976563
0.0378837585449219 0.00012969970703125 0.4139404296875 -0.04949951171875
0.00941944122314453 -0.0100364685058594 0.319366455078125 -0.39923095703125
-0.0111637115478516 -0.00238418579101562 -0.141204833984375 -0.40643310546875
-0.00897884368896484 0.00849246978759766 -0.3106689453125 -0.0742492675781251
0.00462722778320312 0.0120830535888672 -0.214920043945313 0.111801147460937
0.0121660232543945 -0.00152587890625 -0.0340652465820313 0.135040283203125
0.00821590423583984 -0.0112543106079102 0.0876922607421875 0.0631103515625
0.00927925109863281 -0.015009880065918 -0.0645675659179688 -0.0739593505859375
0.0179100036621094 -0.00262451171875 0.0519638061523437 -0.134132385253906
0.0224494934082031 0.007110595703125 0.201248168945313 -0.0956573486328125
0.0102596282958984 0.0169401168823242 0.298553466796875 0.087371826171875
-0.0212516784667969 0.0182838439941406 0.11529541015625 0.37274169921875
-0.0166406631469727 -0.00996208190917969 -0.2362060546875 0.421600341796875
0.0109128952026367 -0.0158901214599609 -0.374969482421875 0.140594482421875
0.0284328460693359 0.00852203369140625 -0.0205116271972656 0.0415496826171875
0.0260143280029297 -4.1961669921875E-05 0.4169921875 -0.04412841796875
0.00306224822998047 -0.00513744354248047 0.325164794921875 -0.397003173828125
-0.0111351013183594 0.00192451477050781 -0.137176513671875 -0.4080810546875
-0.00603103637695313 0.00987434387207031 -0.310882568359375 -0.0787963867187501
0.00634860992431641 0.0110435485839844 -0.215911865234375 0.10809326171875
0.0126829147338867 -0.00250816345214844 -0.0336990356445313 0.134384155273438
0.00851535797119141 -0.0142116546630859 0.088409423828125 0.063323974609375
0.00812053680419922 -0.0162448883056641 -0.0664443969726563 -0.0761260986328125
0.0189266204833984 -0.00309371948242187 0.0519256591796875 -0.136955261230469
0.0244197845458984 0.0063323974609375 0.200592041015625 -0.100433349609375
0.0111637115478516 0.0177211761474609 0.2994384765625 0.084197998046875
-0.0220890045166016 0.0224819183349609 0.121490478515625 0.3729248046875
-0.0206737518310547 -0.00515937805175781 -0.23333740234375 0.426361083984375
0.00129604339599609 -0.0129098892211914 -0.37152099609375 0.14752197265625
0.0154256820678711 0.00573444366455078 -0.0134696960449219 0.0462493896484375
0.0159082412719727 0.000173568725585938 0.42108154296875 -0.05035400390625
-0.00289487838745117 -0.000239849090576172 0.31854248046875 -0.401611328125
-0.0121345520019531 0.00582408905029297 -0.14752197265625 -0.403533935546875
-0.00449752807617187 0.0105981826782227 -0.312469482421875 -0.0733642578125
0.00747489929199219 0.0109224319458008 -0.212905883789063 0.11004638671875
0.0143871307373047 -0.00296974182128906 -0.0297393798828125 0.13336181640625
0.0080251693725586 -0.0144615173339844 0.0911026000976563 0.0614242553710938
0.00300812721252441 -0.00379610061645508 -0.0590591430664063 -0.0807342529296875
0.0159473419189453 0.00897312164306641 0.0669479370117188 -0.126670837402344
0.0120115280151367 0.00770092010498047 0.219894409179688 -0.060150146484375
-0.00919055938720703 0.00500011444091797 0.287567138671875 0.148773193359375
-0.0314674377441406 -0.000207901000976568 0.048309326171875 0.40606689453125
0.00141334533691406 -0.0193996429443359 -0.308563232421875 0.37945556640625
0.0457420349121094 -0.00497055053710938 -0.359619140625 0.0878601074218751
0.0623359680175781 0.0279541015625 0.0454177856445313 0.0429496765136719
0.0480804443359375 0.00116348266601563 0.423858642578125 -0.116424560546875
0.0104951858520508 -0.0140523910522461 0.242462158203125 -0.443389892578125
-0.0191268920898437 -0.009490966796875 -0.202362060546875 -0.3629150390625
-0.0214900970458984 0.00127792358398438 -0.308502197265625 -0.01959228515625
-0.000302314758300781 0.00754117965698242 -0.193618774414062 0.137725830078125
0.00903034210205078 0.00506019592285156 -0.0182876586914063 0.136558532714844
0.000249505043029785 -0.00157260894775391 0.0935287475585938 0.05902099609375
0.00415802001953125 -0.00472593307495117 -0.0602340698242188 -0.0791244506835937
0.0158233642578125 0.00786113739013672 0.0622787475585938 -0.125419616699219
0.0129060745239258 0.00844001770019531 0.216598510742188 -0.0648040771484375
-0.00688838958740234 0.0063481330871582 0.291015625 0.13897705078125
-0.0299072265625 -6.67572021484402E-05 0.06256103515625 0.402069091796875
0.00312042236328125 -0.0232105255126953 -0.295928955078125 0.389434814453125
0.0500450134277344 -0.0086669921875 -0.36663818359375 0.0947265625000001
0.0687751770019531 0.0274658203125 0.0317039489746094 0.0404167175292969
0.05474853515625 -0.000125885009765625 0.422271728515625 -0.106475830078125
0.0146265029907227 -0.0169095993041992 0.255096435546875 -0.438720703125
-0.0172357559204102 -0.0114049911499023 -0.191131591796875 -0.37225341796875
-0.0207004547119141 0.00154304504394532 -0.30987548828125 -0.02960205078125
-0.00127506256103516 0.00885677337646484 -0.199188232421875 0.13519287109375
0.00851583480834961 0.00513982772827148 -0.0229721069335938 0.137092590332031
0.00187873840332031 -0.00282621383666992 0.0920562744140625 0.0596923828125
0.00527000427246094 -0.00747919082641602 -0.0612640380859375 -0.0764541625976562
0.0153484344482422 0.00627994537353516 0.0594482421875 -0.126289367675781
0.0146875381469727 0.00919818878173828 0.213836669921875 -0.0705413818359375
-0.00449991226196289 0.00782680511474609 0.295196533203125 0.127471923828125
-0.0265674591064453 0.00110435485839843 0.0787353515625 0.39410400390625
0.00152397155761719 -0.0243930816650391 -0.280792236328125 0.3975830078125
0.0488052368164063 -0.0134239196777344 -0.370025634765625 0.105224609375
0.0699195861816406 0.0249404907226563 0.015411376953125 0.0381278991699219
0.0561790466308594 -0.0004730224609375 0.418670654296875 -0.091552734375
0.016575813293457 -0.0167179107666016 0.272247314453125 -0.429840087890625
-0.0151176452636719 -0.0117626190185547 -0.178680419921875 -0.383209228515625
-0.0181903839111328 0.00262641906738281 -0.31060791015625 -0.0419616699218751
-0.000908851623535156 0.010106086730957 -0.204391479492188 0.129806518554687
0.00832033157348633 0.00283479690551758 -0.0273818969726563 0.138359069824219
0.00356054306030273 -0.00542211532592773 0.0895843505859375 0.0599899291992187
0.00661659240722656 -0.00932788848876953 -0.0625686645507813 -0.0748214721679688
0.0158243179321289 0.00359344482421875 0.055450439453125 -0.127342224121094
0.0160465240478516 0.00953292846679688 0.209732055664062 -0.078155517578125
-0.000452041625976561 0.011530876159668 0.2969970703125 0.11334228515625
-0.0256595611572266 0.00471115112304688 0.095947265625 0.3868408203125
-0.00152778625488281 -0.0224075317382813 -0.2635498046875 0.404754638671875
0.0432090759277344 -0.0168991088867188 -0.372772216796875 0.11676025390625
0.0651321411132812 0.0214462280273437 -0.000453948974609368 0.0367012023925781
0.0542373657226563 -0.000354766845703125 0.4149169921875 -0.075897216796875
0.0167808532714844 -0.0151481628417969 0.291015625 -0.41851806640625
-0.0129985809326172 -0.00954341888427734 -0.164581298828125 -0.392364501953125
-0.0154323577880859 0.00461959838867188 -0.31097412109375 -0.054290771484375
-9.34600830078127E-05 0.0100345611572266 -0.2100830078125 0.12384033203125
0.00929641723632813 0.00157737731933594 -0.0307235717773438 0.137985229492188
0.00469541549682617 -0.00843381881713867 0.0881805419921875 0.06182861328125
0.00776767730712891 -0.0130729675292969 -0.0635604858398438 -0.0738983154296875
0.0162763595581055 0.000651359558105469 0.0531997680664063 -0.129020690917969
0.0178966522216797 0.00853157043457031 0.205230712890625 -0.085479736328125
0.00320148468017578 0.0131340026855469 0.29852294921875 0.100860595703125
-0.0236434936523438 0.00915336608886719 0.107452392578125 0.380096435546875
-0.00502204895019531 -0.0205745697021484 -0.250213623046875 0.413848876953125
0.0343379974365234 -0.0177040100097656 -0.37530517578125 0.125732421875
0.0558509826660156 0.0170478820800781 -0.0138587951660156 0.0367317199707031
0.047332763671875 4.1961669921875E-05 0.413818359375 -0.059661865234375
0.0136690139770508 -0.0123214721679688 0.30755615234375 -0.4078369140625
-0.0108737945556641 -0.00695419311523438 -0.15087890625 -0.400634765625
-0.0126314163208008 0.00639820098876953 -0.310302734375 -0.066162109375
0.00165271759033203 0.0119209289550781 -0.213272094726562 0.116622924804688
0.0103654861450195 -8.96453857421875E-05 -0.0338211059570313 0.138351440429688
0.00652122497558594 -0.0103416442871094 0.0875015258789063 0.0625762939453125
0.00850296020507813 -0.014775276184082 -0.0640869140625 -0.0747451782226562
0.0169992446899414 -0.00151157379150391 0.0512924194335938 -0.131301879882813
0.0208015441894531 0.00836944580078125 0.20233154296875 -0.0908660888671875
0.00738430023193359 0.0154047012329102 0.298492431640625 0.091766357421875
-0.0223617553710938 0.0149993896484375 0.1146240234375 0.375030517578125
-0.00979804992675781 -0.0157289505004883 -0.239349365234375 0.418670654296875
0.0218772888183594 -0.0178127288818359 -0.37579345703125 0.134613037109375
0.0426597595214844 0.0126762390136719 -0.0195426940917969 0.0391921997070312
0.038299560546875 0.00040435791015625 0.41326904296875 -0.049285888671875
0.00869560241699219 -0.00883293151855469 0.31976318359375 -0.398406982421875
-0.0111303329467773 -0.00256919860839844 -0.13946533203125 -0.40570068359375
-0.00923252105712891 0.00851631164550781 -0.310394287109375 -0.0743408203125
0.00413131713867188 0.0124835968017578 -0.215667724609375 0.111404418945313
0.0118389129638672 -0.00105094909667969 -0.0354995727539063 0.137077331542969
0.00672435760498047 -0.0123090744018555 0.0882644653320313 0.0636215209960937
0.00839710235595703 -0.0151195526123047 -0.0657196044921875 -0.07452392578125
0.0187473297119141 -0.0030364990234375 0.0504837036132812 -0.135116577148438
0.0222835540771484 0.007965087890625 0.201736450195313 -0.0957183837890625
0.00995254516601563 0.0168294906616211 0.298309326171875 0.08807373046875
-0.0219287872314453 0.0190563201904297 0.115997314453125 0.3731689453125
-0.0160589218139648 -0.0102853775024414 -0.23712158203125 0.4207763671875
0.0111732482910156 -0.0158805847167969 -0.374664306640625 0.1387939453125
0.0282688140869141 0.00828361511230469 -0.020416259765625 0.0413703918457031
0.0267181396484375 0.00107574462890625 0.4149169921875 -0.042694091796875
0.00295782089233398 -0.00416803359985352 0.3250732421875 -0.394866943359375
-0.0116643905639648 0.00244998931884766 -0.1370849609375 -0.4072265625
-0.00724029541015625 0.0100431442260742 -0.31005859375 -0.078948974609375
0.00548362731933594 0.0116434097290039 -0.216445922851563 0.107620239257812
0.0140237808227539 -0.00179481506347656 -0.0340576171875 0.134605407714844
0.00823593139648437 -0.0139942169189453 0.0891342163085937 0.0631484985351563
0.0085306167602539 -0.0160131454467773 -0.0665130615234375 -0.076416015625
0.0200977325439453 -0.00355339050292969 0.052276611328125 -0.136306762695313
0.0242538452148438 0.00672721862792969 0.201553344726563 -0.102020263671875
0.0103788375854492 0.0174036026000977 0.300079345703125 0.084991455078125
-0.0221061706542969 0.0227489471435547 0.12115478515625 0.374267578125
-0.0209465026855469 -0.00451850891113281 -0.23388671875 0.42523193359375
0.000288963317871094 -0.013331413269043 -0.3717041015625 0.14599609375
0.0157155990600586 0.00488567352294922 -0.0141448974609375 0.0463714599609375
0.0154962539672852 0.000638008117675781 0.421234130859375 -0.04913330078125
-0.00241494178771973 -0.000756740570068359 0.316619873046875 -0.4005126953125
-0.0121049880981445 0.00705718994140625 -0.146575927734375 -0.40350341796875
-0.0049591064453125 0.0114307403564453 -0.31317138671875 -0.07293701171875
0.00748348236083984 0.011444091796875 -0.212646484375 0.110336303710938
0.0145654678344727 -0.00355625152587891 -0.029815673828125 0.133033752441406
0.00884532928466797 -0.0141220092773437 0.0914993286132813 0.061920166015625
0.00287318229675293 -0.00399160385131836 -0.059783935546875 -0.0820236206054688
0.0162858963012695 0.00913524627685547 0.0665206909179688 -0.127853393554687
0.0120048522949219 0.00750064849853516 0.2197265625 -0.060211181640625
-0.00907325744628906 0.00430583953857422 0.287628173828125 0.150177001953125
-0.0308380126953125 0.00051498413085937 0.048187255859375 0.40771484375
0.00192070007324219 -0.0195732116699219 -0.3106689453125 0.381072998046875
0.0457000732421875 -0.00461196899414063 -0.360382080078125 0.0870971679687499
0.0614814758300781 0.0279350280761719 0.0449485778808594 0.0431251525878906
0.0482101440429688 0.00139617919921875 0.426116943359375 -0.114532470703125
0.0109996795654297 -0.0126533508300781 0.242919921875 -0.443115234375
-0.019012451171875 -0.00942230224609375 -0.201904296875 -0.36383056640625
-0.0210552215576172 0.000978469848632814 -0.30908203125 -0.02069091796875
-0.000486850738525391 0.0078272819519043 -0.193527221679688 0.138198852539062
0.00908470153808594 0.00547409057617188 -0.01788330078125 0.1370849609375
-1.87158584594727E-05 -0.00160467624664307 0.0939178466796875 0.0592117309570313
0.00369644165039063 -0.00473928451538086 -0.0602188110351562 -0.0795822143554688
0.0156841278076172 0.00727367401123047 0.06304931640625 -0.127342224121094
0.0121364593505859 0.00815582275390625 0.217361450195313 -0.0645904541015625
-0.00803041458129883 0.00605916976928711 0.2923583984375 0.1396484375
-0.0296268463134766 0.000921249389648435 0.06256103515625 0.403472900390625
0.00386619567871094 -0.02276611328125 -0.298370361328125 0.389495849609375
0.0495948791503906 -0.00916290283203125 -0.366455078125 0.09539794921875
0.0686683654785156 0.0267181396484375 0.0310440063476563 0.0399055480957031
0.0541038513183594 -3.0517578125E-05 0.4215087890625 -0.10540771484375
0.0150241851806641 -0.0163841247558594 0.256683349609375 -0.437347412109375
-0.0171089172363281 -0.0116243362426758 -0.191375732421875 -0.3724365234375
-0.0208091735839844 0.00164413452148437 -0.310577392578125 -0.029754638671875
-0.00124454498291016 0.00886344909667969 -0.199386596679687 0.1348876953125
0.00847148895263672 0.00486946105957031 -0.0234756469726562 0.138519287109375
0.00165462493896484 -0.00311827659606934 0.0921630859375 0.0601272583007813
0.00580930709838867 -0.00789690017700195 -0.0614852905273437 -0.0766754150390625
0.0158109664916992 0.00543785095214844 0.0594558715820313 -0.12738037109375
0.0138759613037109 0.00896549224853516 0.214553833007813 -0.0702667236328125
-0.00501871109008789 0.00777006149291992 0.29541015625 0.12750244140625
-0.0281791687011719 0.00259590148925782 0.0797119140625 0.39581298828125
0.00261688232421875 -0.0243415832519531 -0.28125 0.398162841796875
0.0493812561035156 -0.0131034851074219 -0.372528076171875 0.10443115234375
0.0699462890625 0.0245132446289063 0.0148582458496094 0.0371971130371094
0.0566596984863281 0.000469207763671875 0.41778564453125 -0.090911865234375
0.0169601440429688 -0.0163707733154297 0.272796630859375 -0.42803955078125
-0.0148038864135742 -0.0115461349487305 -0.1781005859375 -0.382965087890625
-0.0186805725097656 0.00287437438964844 -0.310882568359375 -0.042022705078125
-0.000988960266113281 0.0102109909057617 -0.205276489257813 0.1290283203125
0.00816726684570313 0.00344038009643555 -0.0280532836914062 0.138343811035156
0.00296115875244141 -0.00569343566894531 0.0898666381835938 0.0605392456054688
0.00635719299316406 -0.0102405548095703 -0.0627365112304688 -0.0751876831054687
0.0160131454467773 0.00305652618408203 0.055633544921875 -0.12835693359375
0.0163946151733398 0.00869464874267578 0.209625244140625 -0.07891845703125
-0.00147533416748047 0.00964927673339844 0.297454833984375 0.11419677734375
-0.0256500244140625 0.00557136535644531 0.095123291015625 0.388671875
-0.00078392028808594 -0.0227565765380859 -0.2647705078125 0.40771484375
0.0428733825683594 -0.0160865783691406 -0.37579345703125 0.11566162109375
0.0652580261230469 0.0210609436035156 -0.00172042846679687 0.0365524291992188
0.0539665222167969 0.00040435791015625 0.4151611328125 -0.07476806640625
0.0167732238769531 -0.0156316757202148 0.2916259765625 -0.41796875
-0.0134687423706055 -0.00991535186767578 -0.16412353515625 -0.392669677734375
-0.0158243179321289 0.00451564788818359 -0.310577392578125 -0.05499267578125
0.000619888305664061 0.0110998153686523 -0.2093505859375 0.123519897460938
0.00895023345947266 0.00185489654541016 -0.0317611694335937 0.139213562011719
0.00474739074707031 -0.00734138488769531 0.0890579223632813 0.0624160766601562
0.00770282745361328 -0.0122642517089844 -0.0638504028320312 -0.074432373046875
0.0160951614379883 -5.05447387695312E-05 0.053497314453125 -0.129234313964844
0.0187969207763672 0.00838470458984375 0.20550537109375 -0.086090087890625
0.00302219390869141 0.013331413269043 0.29913330078125 0.101654052734375
-0.0238418579101563 0.00970268249511718 0.10662841796875 0.38226318359375
-0.00542640686035156 -0.0193920135498047 -0.250274658203125 0.414093017578125
0.0337638854980469 -0.017730712890625 -0.376739501953125 0.124908447265625
0.055206298828125 0.0164222717285156 -0.0133323669433594 0.0374526977539063
0.0475387573242188 0.00133514404296875 0.4136962890625 -0.058868408203125
0.0141572952270508 -0.0132112503051758 0.308349609375 -0.407867431640625
-0.0115537643432617 -0.00661373138427734 -0.148193359375 -0.402496337890625
-0.0125675201416016 0.00677967071533203 -0.311431884765625 -0.0668945312499999
0.00135040283203125 0.0114955902099609 -0.214569091796875 0.117431640625
0.00995922088623047 0.0002288818359375 -0.0343246459960938 0.138145446777344
0.005218505859375 -0.0103349685668945 0.0880126953125 0.0627822875976563
0.00939083099365234 -0.0143909454345703 -0.0647735595703125 -0.0750732421875
0.0173788070678711 -0.00184345245361328 0.051605224609375 -0.132125854492188
0.0209598541259766 0.00704383850097656 0.203201293945313 -0.0914306640625
0.00743293762207031 0.0151567459106445 0.299041748046875 0.092010498046875
-0.0224533081054688 0.0146160125732422 0.1158447265625 0.377227783203125
-0.0104837417602539 -0.0145168304443359 -0.240753173828125 0.41943359375
0.0223445892333984 -0.0173854827880859 -0.37713623046875 0.134002685546875
0.0428123474121094 0.0129623413085938 -0.0208396911621094 0.0389328002929687
0.0381011962890625 0.0004119873046875 0.412841796875 -0.04718017578125
0.00939750671386719 -0.00834465026855469 0.32122802734375 -0.3974609375
-0.0112171173095703 -0.00201225280761719 -0.139312744140625 -0.406219482421875
-0.0100011825561523 0.00827693939208984 -0.310272216796875 -0.0751037597656251
0.00366020202636719 0.0117092132568359 -0.216552734375 0.111343383789063
0.0120067596435547 -0.000743865966796875 -0.036041259765625 0.136871337890625
0.00820350646972656 -0.0123891830444336 0.087188720703125 0.0634536743164063
0.00935554504394531 -0.0162620544433594 -0.065948486328125 -0.0752639770507813
0.01824951171875 -0.00381278991699219 0.0515594482421875 -0.134025573730469
0.0222244262695313 0.00671005249023438 0.2020263671875 -0.096893310546875
0.00900745391845703 0.0174570083618164 0.29852294921875 0.089202880859375
-0.0215206146240234 0.0190773010253906 0.115966796875 0.376617431640625
-0.0149688720703125 -0.0103416442871094 -0.2374267578125 0.421783447265625
0.011322021484375 -0.0165262222290039 -0.376129150390625 0.140106201171875
0.0278739929199219 0.00855827331542969 -0.0217514038085937 0.0411300659179688
0.0257606506347656 0.00046539306640625 0.41619873046875 -0.040435791015625
0.00368165969848633 -0.00424480438232422 0.32550048828125 -0.394256591796875
-0.0120334625244141 0.00229930877685547 -0.137054443359375 -0.408172607421875
-0.00732612609863281 0.010075569152832 -0.3106689453125 -0.079345703125
0.00617504119873047 0.0121316909790039 -0.216842651367187 0.108505249023438
0.0134572982788086 -0.00267791748046875 -0.0343170166015625 0.135467529296875
0.0083150863647461 -0.0137920379638672 0.0888137817382813 0.0629959106445313
0.00918674468994141 -0.0165987014770508 -0.0664443969726562 -0.0767593383789063
0.0197963714599609 -0.00475502014160156 0.0515594482421875 -0.137496948242188
0.0242652893066406 0.0050048828125 0.201507568359375 -0.101913452148438
0.0104541778564453 0.0177192687988281 0.300048828125 0.0848388671875
-0.0219364166259766 0.023162841796875 0.1207275390625 0.376495361328125
-0.0194911956787109 -0.00520896911621094 -0.23480224609375 0.426788330078125
0.000532150268554687 -0.0133638381958008 -0.37322998046875 0.1455078125
0.0151052474975586 0.00575447082519531 -0.0148544311523438 0.0460968017578125
0.0155725479125977 0.00125312805175781 0.41998291015625 -0.046875
-0.00277352333068848 -0.00101280212402344 0.318695068359375 -0.400665283203125
-0.0127782821655273 0.00673389434814453 -0.14581298828125 -0.40570068359375
-0.00530338287353516 0.0113391876220703 -0.313446044921875 -0.073150634765625
0.00809669494628906 0.011204719543457 -0.213668823242188 0.110595703125
0.0141162872314453 -0.00343990325927734 -0.0301132202148437 0.134918212890625
0.00755596160888672 -0.01495361328125 0.091033935546875 0.061737060546875
0.00298881530761719 -0.00426697731018066 -0.0604248046875 -0.0825119018554688
0.0157976150512695 0.00861930847167969 0.0667648315429688 -0.12872314453125
0.0122251510620117 0.0069580078125 0.220932006835938 -0.06109619140625
-0.00994491577148438 0.00449085235595703 0.2890625 0.15081787109375
-0.0312175750732422 0.00126266479492188 0.048583984375 0.409423828125
0.00250625610351563 -0.0186424255371094 -0.312591552734375 0.38031005859375
0.0449638366699219 -0.0044097900390625 -0.362884521484375 0.08575439453125
0.0610580444335938 0.0281257629394531 0.0444450378417969 0.0437889099121094
0.0482444763183594 0.00165939331054688 0.42694091796875 -0.1126708984375
0.0112714767456055 -0.0124588012695313 0.24420166015625 -0.44354248046875
-0.0190296173095703 -0.00854301452636719 -0.20281982421875 -0.3646240234375
-0.022064208984375 0.00139808654785156 -0.31005859375 -0.0207824707031251
-0.00095844268798828 0.00819301605224609 -0.195053100585938 0.139633178710937
0.00881385803222656 0.00549602508544922 -0.0183334350585938 0.138427734375
-0.000391006469726563 -0.0024416446685791 0.0950393676757812 0.0592117309570313
0.00384283065795898 -0.00607633590698242 -0.0606765747070312 -0.0793991088867188
0.0160007476806641 0.00705432891845703 0.0633544921875 -0.1279296875
0.0126791000366211 0.0081939697265625 0.219161987304688 -0.0648956298828125
-0.00786304473876953 0.00591897964477539 0.293060302734375 0.1409912109375
-0.0290374755859375 0.000677108764648442 0.06402587890625 0.4063720703125
0.00441741943359375 -0.0225620269775391 -0.298248291015625 0.39105224609375
0.0498733520507813 -0.00906753540039063 -0.367706298828125 0.093841552734375
0.0689735412597656 0.0274658203125 0.0299797058105469 0.0406646728515625
0.0554466247558594 0.000408172607421875 0.421722412109375 -0.10394287109375
0.0155487060546875 -0.0160150527954102 0.258392333984375 -0.4376220703125
-0.0176963806152344 -0.0110626220703125 -0.191864013671875 -0.374481201171875
-0.0212936401367188 0.0026092529296875 -0.31146240234375 -0.030609130859375
-0.000355720520019531 0.00957393646240234 -0.2008056640625 0.134902954101563
0.00893783569335938 0.00532722473144531 -0.02349853515625 0.139816284179688
0.000223159790039062 -0.00305080413818359 0.091705322265625 0.0609359741210938
0.00463342666625977 -0.00781011581420899 -0.0617523193359375 -0.0782012939453125
0.0155601501464844 0.00553131103515625 0.0595626831054688 -0.128005981445313
0.0140495300292969 0.00906181335449219 0.214523315429687 -0.070556640625
-0.00568485260009766 0.00831365585327148 0.296356201171875 0.128326416015625
-0.0278301239013672 0.00229263305664062 0.07940673828125 0.398895263671875
0.00341033935546875 -0.0234031677246094 -0.2833251953125 0.400115966796875
0.0489387512207031 -0.0134506225585938 -0.37261962890625 0.104827880859375
0.0698509216308594 0.0250396728515625 0.0137290954589844 0.0384750366210938
0.0565605163574219 0.000457763671875 0.4190673828125 -0.08935546875
0.0176963806152344 -0.0160560607910156 0.275787353515625 -0.429931640625
-0.0148429870605469 -0.0107994079589844 -0.17828369140625 -0.384246826171875
-0.0190048217773438 0.0031280517578125 -0.3118896484375 -0.041961669921875
-0.00128459930419922 0.00997543334960938 -0.205825805664062 0.131027221679688
0.00791120529174805 0.00357389450073242 -0.0286712646484375 0.140823364257812
0.00243711471557617 -0.0058598518371582 0.0901031494140625 0.0611190795898438
0.00594806671142578 -0.00997638702392578 -0.062774658203125 -0.0761642456054687
0.0165948867797852 0.00279903411865234 0.05572509765625 -0.12896728515625
0.0162696838378906 0.00884246826171875 0.210525512695313 -0.0796966552734375
-0.00221824645996094 0.00970172882080078 0.2991943359375 0.1141357421875
-0.0254173278808594 0.00604820251464843 0.095733642578125 0.39154052734375
-0.000246047973632811 -0.0228424072265625 -0.26715087890625 0.408538818359375
0.0428810119628906 -0.0160293579101563 -0.376129150390625 0.11761474609375
0.0642013549804688 0.0215377807617188 -0.00195693969726562 0.0368270874023438
0.0547523498535156 4.1961669921875E-05 0.415924072265625 -0.073944091796875
0.0171937942504883 -0.015472412109375 0.293548583984375 -0.418487548828125
-0.0131559371948242 -0.00924968719482422 -0.165008544921875 -0.3955078125
-0.0158843994140625 0.00477790832519532 -0.3126220703125 -0.05499267578125
0.00031566619873047 0.0118246078491211 -0.210922241210938 0.124588012695312
0.00909042358398438 0.00213241577148438 -0.0323486328125 0.140213012695313
0.00413942337036133 -0.00863075256347656 0.0892410278320313 0.0622100830078125
0.00700759887695312 -0.0132150650024414 -0.065399169921875 -0.0753097534179688
0.0163030624389648 -0.000308990478515625 0.0529251098632813 -0.130821228027344
0.0189247131347656 0.00786781311035156 0.207489013671875 -0.08636474609375
0.00219535827636719 0.0135993957519531 0.300201416015625 0.10235595703125
-0.0231075286865234 0.0098419189453125 0.109466552734375 0.384185791015625
-0.00449562072753906 -0.0195713043212891 -0.2523193359375 0.416534423828125
0.0333480834960938 -0.0182666778564453 -0.379058837890625 0.126190185546875
0.0546722412109375 0.0177536010742188 -0.0137367248535156 0.0371932983398438
0.047698974609375 0.000347137451171875 0.41461181640625 -0.058074951171875
0.0149965286254883 -0.0122833251953125 0.3109130859375 -0.40838623046875
-0.0116920471191406 -0.00646209716796875 -0.149932861328125 -0.402374267578125
-0.0134716033935547 0.00667667388916015 -0.312164306640625 -0.066192626953125
0.00126934051513672 0.0121316909790039 -0.214675903320313 0.117477416992187
0.0103511810302734 0.000467300415039063 -0.0352096557617188 0.140083312988281
0.00604629516601563 -0.0108261108398437 0.0882797241210938 0.063690185546875
0.00811862945556641 -0.0149641036987305 -0.0659103393554688 -0.0758132934570313
0.017329216003418 -0.00221443176269531 0.0518798828125 -0.1328125
0.0206928253173828 0.00640296936035156 0.204147338867188 -0.0925140380859375
0.00594425201416016 0.0147819519042969 0.301055908203125 0.093841552734375
-0.0216541290283203 0.0148143768310547 0.11529541015625 0.380157470703125
-0.010319709777832 -0.0148563385009766 -0.24285888671875 0.42120361328125
0.0218753814697266 -0.0174198150634766 -0.37872314453125 0.134674072265625
0.0423851013183594 0.0121498107910156 -0.0209693908691406 0.0387496948242188
0.0378799438476563 0.00128555297851563 0.414642333984375 -0.04534912109375
0.009613037109375 -0.00813198089599609 0.3226318359375 -0.398712158203125
-0.0116710662841797 -0.00190544128417969 -0.138916015625 -0.40814208984375
-0.00987625122070313 0.00904273986816406 -0.311492919921875 -0.076171875
0.00360298156738281 0.012049674987793 -0.217453002929688 0.112197875976562
0.0115070343017578 -0.000655174255371094 -0.035797119140625 0.138526916503906
0.00702571868896484 -0.0124607086181641 0.0887374877929688 0.0646209716796875
0.00883388519287109 -0.0166225433349609 -0.0666656494140625 -0.0757980346679688
0.0187149047851563 -0.00447845458984375 0.0513992309570312 -0.1357421875
0.0224246978759766 0.00597381591796875 0.203399658203125 -0.0972900390625
0.00885772705078125 0.016789436340332 0.30059814453125 0.0892333984375
-0.0213909149169922 0.018951416015625 0.11712646484375 0.377288818359375
-0.0145645141601562 -0.0089263916015625 -0.239105224609375 0.42388916015625
0.0108489990234375 -0.0161943435668945 -0.3779296875 0.138519287109375
0.0279617309570313 0.00853347778320313 -0.021820068359375 0.0418014526367188
0.0261936187744141 0.000284194946289063 0.417510986328125 -0.038787841796875
0.00334072113037109 -0.00425291061401367 0.32830810546875 -0.394073486328125
-0.0125570297241211 0.00229454040527344 -0.137237548828125 -0.41058349609375
-0.00674533843994141 0.0109548568725586 -0.31146240234375 -0.07989501953125
0.00615119934082031 0.0123767852783203 -0.21728515625 0.108123779296875
0.0133609771728516 -0.00188827514648437 -0.0347671508789063 0.137054443359375
0.00776290893554688 -0.0137643814086914 0.0894012451171875 0.0644912719726562
0.00782489776611328 -0.0172834396362305 -0.0669403076171875 -0.077972412109375
0.0205440521240234 -0.00468635559082031 0.0525054931640625 -0.137924194335938
0.0246944427490234 0.00508689880371094 0.202102661132813 -0.102371215820313
0.00979423522949219 0.0173540115356445 0.30108642578125 0.085601806640625
-0.0210819244384766 0.0231094360351563 0.121734619140625 0.378143310546875
-0.0191383361816406 -0.00429344177246094 -0.236175537109375 0.428497314453125
-0.000148773193359375 -0.0143527984619141 -0.37506103515625 0.144805908203125
0.0144767761230469 0.0060577392578125 -0.015716552734375 0.0461044311523438
0.0155620574951172 0.00104427337646484 0.421600341796875 -0.047607421875
-0.00166690349578857 0.000899434089660645 0.320068359375 -0.4002685546875
-0.0135402679443359 0.00690364837646485 -0.14495849609375 -0.406524658203125
-0.00499057769775391 0.0118837356567383 -0.3143310546875 -0.0736083984375
0.00773715972900391 0.0115718841552734 -0.21441650390625 0.111465454101562
0.0145692825317383 -0.00280666351318359 -0.0290679931640625 0.136329650878906
0.00819110870361328 -0.0142116546630859 0.091552734375 0.0622787475585937
0.00244975090026855 -0.00418663024902344 -0.0608139038085938 -0.083740234375
0.0178947448730469 0.00771141052246094 0.0671615600585937 -0.1287841796875
0.0115184783935547 0.00603771209716797 0.222122192382813 -0.060516357421875
-0.0108661651611328 0.00407218933105469 0.29095458984375 0.15106201171875
-0.0306510925292969 0.000844955444335942 0.049957275390625 0.412811279296875
0.00350189208984375 -0.0182170867919922 -0.31500244140625 0.384033203125
0.0453567504882813 -0.00467681884765625 -0.364959716796875 0.085693359375
0.0616607666015625 0.0283164978027344 0.0446014404296875 0.0444984436035156
0.0494003295898438 0.00191497802734375 0.427978515625 -0.112060546875
0.0120925903320313 -0.0130558013916016 0.246490478515625 -0.444549560546875
-0.0191421508789062 -0.00998687744140625 -0.20404052734375 -0.367401123046875
-0.0228366851806641 0.00213623046875 -0.31195068359375 -0.02001953125
-0.000281333923339844 0.00846672058105469 -0.19659423828125 0.140792846679688
0.00896835327148438 0.00517463684082031 -0.018707275390625 0.139335632324219
-0.000122308731079101 -0.00231838226318359 0.0953216552734375 0.0590591430664063
0.00315475463867188 -0.00583600997924805 -0.0613784790039063 -0.080322265625
0.0155792236328125 0.00702476501464844 0.0639266967773438 -0.128387451171875
0.0128374099731445 0.00774478912353516 0.218948364257813 -0.0663299560546875
-0.00792789459228516 0.0055079460144043 0.29510498046875 0.14117431640625
-0.0295124053955078 0.00127601623535156 0.06475830078125 0.407989501953125
0.00506019592285156 -0.0223388671875 -0.30047607421875 0.393829345703125
0.0494918823242188 -0.00896835327148438 -0.3704833984375 0.0935058593749999
0.0684967041015625 0.0278968811035156 0.0301895141601563 0.0406112670898438
0.0549354553222656 0.00128173828125 0.423736572265625 -0.103118896484375
0.0159721374511719 -0.0160045623779297 0.260406494140625 -0.43975830078125
-0.0169048309326172 -0.0105705261230469 -0.19281005859375 -0.3759765625
-0.0210742950439453 0.00226020812988281 -0.313720703125 -0.030517578125
-0.00126457214355469 0.00967693328857422 -0.202316284179688 0.136734008789063
0.00830268859863281 0.00494956970214844 -0.0239715576171875 0.140884399414063
0.0012662410736084 -0.00326395034790039 0.093231201171875 0.06134033203125
0.00417423248291016 -0.00777721405029297 -0.0623321533203125 -0.077972412109375
0.0148792266845703 0.00492954254150391 0.05999755859375 -0.129226684570313
0.013972282409668 0.00831794738769531 0.215957641601562 -0.0707244873046875
-0.00527000427246094 0.00839614868164062 0.298828125 0.128936767578125
-0.0281314849853516 0.00357437133789063 0.08013916015625 0.400726318359375
0.00329208374023437 -0.0235614776611328 -0.283843994140625 0.402374267578125
0.0478706359863281 -0.0125961303710938 -0.375579833984375 0.103851318359375
0.0701789855957031 0.0262069702148438 0.0135993957519531 0.0384864807128906
0.0571022033691406 0.000843048095703125 0.420989990234375 -0.088592529296875
0.0181159973144531 -0.0163631439208984 0.27850341796875 -0.43170166015625
-0.0150918960571289 -0.0101919174194336 -0.180084228515625 -0.386016845703125
-0.0195732116699219 0.00315093994140625 -0.314666748046875 -0.0438537597656251
-0.000326156616210937 0.0106353759765625 -0.207351684570313 0.132125854492188
0.0082855224609375 0.00398540496826172 -0.02764892578125 0.142440795898438
0.00300979614257813 -0.00635814666748047 0.0898971557617188 0.0621414184570313
0.00584697723388672 -0.0108375549316406 -0.0637130737304688 -0.07745361328125
0.0162153244018555 0.00195217132568359 0.056427001953125 -0.130195617675781
0.0160274505615234 0.00755500793457031 0.21185302734375 -0.078948974609375
-0.00164985656738281 0.00955581665039063 0.30126953125 0.115142822265625
-0.0258293151855469 0.00675392150878906 0.09661865234375 0.393218994140625
0.000402450561523437 -0.0230865478515625 -0.26776123046875 0.4114990234375
0.0425529479980469 -0.016571044921875 -0.378082275390625 0.116302490234375
0.0644683837890625 0.0217056274414062 -0.00196838378906249 0.0376358032226562
0.0547523498535156 0.00101852416992188 0.41729736328125 -0.07244873046875
0.0181999206542969 -0.01495361328125 0.29534912109375 -0.421295166015625
-0.0139703750610352 -0.00889968872070313 -0.1639404296875 -0.3968505859375
-0.016423225402832 0.00489521026611328 -0.3138427734375 -0.0559692382812501
0.000394821166992187 0.0124092102050781 -0.212112426757813 0.125228881835938
0.00958538055419922 0.00275611877441406 -0.032073974609375 0.14190673828125
0.00454235076904297 -0.00811576843261719 0.0892791748046875 0.0627365112304688
0.00699424743652344 -0.0137462615966797 -0.0659866333007813 -0.0761642456054688
0.0161676406860352 -0.000588417053222656 0.053863525390625 -0.131759643554688
0.0178813934326172 0.00777435302734375 0.208816528320313 -0.0872650146484375
0.00217151641845703 0.0128870010375977 0.30133056640625 0.10369873046875
-0.0228805541992188 0.0107040405273437 0.10943603515625 0.38751220703125
-0.00458145141601562 -0.0182399749755859 -0.252044677734375 0.418670654296875
0.0330333709716797 -0.017822265625 -0.380126953125 0.12579345703125
0.0541496276855469 0.0166969299316406 -0.0144729614257813 0.0372428894042969
0.0486297607421875 0.00054931640625 0.415435791015625 -0.057647705078125
0.0149383544921875 -0.0126447677612305 0.31158447265625 -0.410308837890625
-0.0123167037963867 -0.00573062896728516 -0.151092529296875 -0.40399169921875
-0.0131053924560547 0.00726985931396485 -0.313568115234375 -0.0673217773437501
0.00212192535400391 0.012598991394043 -0.21661376953125 0.119186401367187
0.0105247497558594 0.000213623046875 -0.034912109375 0.141494750976563
0.00639247894287109 -0.0112266540527344 0.088775634765625 0.0632858276367188
0.00789356231689453 -0.0156288146972656 -0.06610107421875 -0.0761337280273438
0.0172939300537109 -0.00330257415771484 0.0516586303710938 -0.133934020996094
0.0203876495361328 0.00660324096679688 0.205734252929688 -0.0941162109375
0.00550079345703125 0.0145578384399414 0.3017578125 0.094940185546875
-0.0223197937011719 0.0151767730712891 0.1158447265625 0.382049560546875
-0.00944328308105469 -0.0148220062255859 -0.243743896484375 0.423614501953125
0.0216751098632813 -0.0182075500488281 -0.380615234375 0.134979248046875
0.0414657592773437 0.0124130249023437 -0.0220565795898438 0.0397682189941406
0.0378570556640625 0.00069427490234375 0.41522216796875 -0.044403076171875
0.00997829437255859 -0.00838375091552734 0.323944091796875 -0.400146484375
-0.0116195678710938 -0.00172996520996093 -0.140106201171875 -0.40985107421875
-0.00957965850830078 0.00876331329345703 -0.3134765625 -0.07611083984375
0.00408840179443359 0.0128393173217773 -0.2188720703125 0.1121826171875
0.0125236511230469 -0.00101852416992188 -0.0356216430664063 0.139556884765625
0.00630569458007813 -0.0129156112670898 0.088165283203125 0.0641860961914063
0.00852584838867188 -0.0165681838989258 -0.0672149658203125 -0.0769577026367188
0.0190105438232422 -0.00490188598632813 0.0526657104492188 -0.135963439941406
0.0216903686523438 0.00622749328613281 0.20379638671875 -0.096954345703125
0.00876998901367187 0.016596794128418 0.30169677734375 0.090423583984375
-0.0216579437255859 0.0200538635253906 0.118011474609375 0.3809814453125
-0.0140247344970703 -0.00929164886474609 -0.24078369140625 0.426055908203125
0.0100431442260742 -0.0161380767822266 -0.380706787109375 0.13885498046875
0.0276699066162109 0.00919342041015625 -0.0222015380859375 0.0423316955566406
0.0261611938476563 0.00141525268554688 0.4189453125 -0.03729248046875
0.00384616851806641 -0.00313377380371094 0.330108642578125 -0.395904541015625
-0.0119743347167969 0.00295352935791016 -0.136993408203125 -0.411712646484375
-0.00684928894042969 0.0109004974365234 -0.313720703125 -0.08050537109375
0.00629138946533203 0.0123891830444336 -0.2183837890625 0.109024047851563
0.0132360458374023 -0.00201034545898438 -0.03515625 0.138496398925781
0.0079488754272461 -0.0140419006347656 0.0886764526367188 0.0642547607421875
0.00807666778564453 -0.0169458389282227 -0.0684890747070312 -0.0778121948242188
0.0199813842773437 -0.00462913513183594 0.0523605346679688 -0.139358520507813
0.02392578125 0.00516510009765625 0.203353881835938 -0.103103637695312
0.0101613998413086 0.0164289474487305 0.30255126953125 0.0858154296875
-0.0212345123291016 0.0240039825439453 0.123687744140625 0.38018798828125
-0.0182418823242188 -0.00430488586425781 -0.2369384765625 0.431365966796875
-0.000905990600585936 -0.0138053894042969 -0.376861572265625 0.145416259765625
0.0141086578369141 0.00531959533691406 -0.0163993835449219 0.0469551086425781
0.0149259567260742 0.00170993804931641 0.42279052734375 -0.04510498046875
-0.00171113014221191 0.000301957130432129 0.32269287109375 -0.40289306640625
-0.0134172439575195 0.00701427459716797 -0.147552490234375 -0.4102783203125
-0.00516986846923828 0.011713981628418 -0.3157958984375 -0.073760986328125
0.00783824920654297 0.0114727020263672 -0.214981079101563 0.11114501953125
0.0148067474365234 -0.00261783599853516 -0.0300750732421875 0.137779235839844
0.0077371597290039 -0.0147571563720703 0.0924072265625 0.0620346069335938
0.00214290618896484 -0.00447797775268555 -0.0615692138671875 -0.0847930908203125
0.0159158706665039 0.00758552551269531 0.067047119140625 -0.131538391113281
0.011378288269043 0.00660800933837891 0.22320556640625 -0.061737060546875
-0.0106058120727539 0.00402450561523437 0.293975830078125 0.152923583984375
-0.0307731628417969 0.00166511535644531 0.051177978515625 0.41619873046875
0.0035247802734375 -0.0180950164794922 -0.31549072265625 0.387939453125
0.0452232360839844 -0.00516891479492188 -0.367462158203125 0.086029052734375
0.0616607666015625 0.0285377502441406 0.0442695617675781 0.0448989868164063
0.0495491027832031 0.0020751953125 0.4312744140625 -0.113372802734375
0.0115814208984375 -0.0126361846923828 0.247802734375 -0.447601318359375
-0.0194969177246094 -0.00886726379394531 -0.20526123046875 -0.37030029296875
-0.0223274230957031 0.000930786132812503 -0.314239501953125 -0.021026611328125
-0.000259876251220704 0.00840425491333008 -0.197357177734375 0.141891479492188
0.00910282135009766 0.00555992126464844 -0.0179443359375 0.141067504882812
-3.86238098144533E-05 -0.00213563442230225 0.095733642578125 0.0608062744140625
0.00312519073486328 -0.00632429122924805 -0.0628738403320313 -0.08184814453125
0.0163793563842773 0.00676822662353516 0.0640716552734375 -0.129676818847656
0.012324333190918 0.00673007965087891 0.22137451171875 -0.066497802734375
-0.00928020477294922 0.00516510009765625 0.297271728515625 0.14306640625
-0.0298748016357422 0.00132179260253906 0.066162109375 0.411956787109375
0.00539398193359375 -0.0217304229736328 -0.302154541015625 0.396575927734375
0.0492630004882813 -0.00933456420898438 -0.372344970703125 0.0944213867187501
0.0691375732421875 0.0273475646972656 0.0303077697753906 0.0417442321777344
0.0549507141113281 0.000728607177734375 0.42645263671875 -0.104248046875
0.0159053802490234 -0.0153894424438477 0.261932373046875 -0.442901611328125
-0.0179500579833984 -0.0108222961425781 -0.19464111328125 -0.378448486328125
-0.0215110778808594 0.00193023681640625 -0.316070556640625 -0.031036376953125
-0.000844955444335937 0.00908946990966797 -0.204299926757813 0.138198852539062
0.00878810882568359 0.00496959686279297 -0.0240325927734375 0.143341064453125
0.000512838363647461 -0.00374507904052734 0.093292236328125 0.0612258911132813
0.00445556640625 -0.00813531875610351 -0.0634384155273437 -0.0802536010742188
0.0158967971801758 0.00471305847167969 0.0598220825195313 -0.1292724609375
0.0144252777099609 0.0079641342163086 0.217010498046875 -0.07257080078125
-0.00675821304321289 0.00775337219238281 0.30108642578125 0.130218505859375
-0.0280075073242188 0.00347709655761719 0.081390380859375 0.4052734375
0.00376701354980469 -0.0236091613769531 -0.286163330078125 0.406646728515625
0.0491409301757813 -0.0132331848144531 -0.377685546875 0.105712890625
0.0692176818847656 0.0263442993164063 0.0134773254394531 0.03857421875
0.0572967529296875 0.00122833251953125 0.42279052734375 -0.087921142578125
0.0182895660400391 -0.0164356231689453 0.27899169921875 -0.434814453125
-0.0163173675537109 -0.0118627548217773 -0.1815185546875 -0.389556884765625
-0.019378662109375 0.00440406799316406 -0.31536865234375 -0.043609619140625
-0.000919342041015624 0.0110607147216797 -0.208724975585938 0.132415771484375
0.00811195373535156 0.00331401824951172 -0.0277557373046875 0.143722534179688
0.00219488143920898 -0.0053095817565918 0.0912094116210938 0.0626068115234375
0.00523567199707031 -0.0110082626342773 -0.0650253295898438 -0.0783233642578125
0.0159339904785156 0.00171375274658203 0.0559463500976562 -0.132095336914063
0.0160322189331055 0.0082550048828125 0.213699340820312 -0.080596923828125
-0.00222587585449219 0.0104818344116211 0.3028564453125 0.11676025390625
-0.0249195098876953 0.00657081604003906 0.098876953125 0.396209716796875
0.00134849548339844 -0.0221538543701172 -0.269134521484375 0.414764404296875
0.0424346923828125 -0.0167274475097656 -0.380126953125 0.1171875
0.0647315979003906 0.0219078063964844 -0.00258255004882812 0.0367393493652344
0.0548515319824219 0.00115966796875 0.41973876953125 -0.0721435546875
0.0181255340576172 -0.0137443542480469 0.296783447265625 -0.42327880859375
-0.0133037567138672 -0.00887584686279297 -0.16607666015625 -0.399749755859375
-0.0170488357543945 0.00510597229003906 -0.31689453125 -0.0555114746093749
0.000461578369140625 0.0113925933837891 -0.21417236328125 0.126846313476562
0.00899600982666016 0.00256729125976563 -0.0323333740234375 0.14398193359375
0.00398063659667969 -0.00868797302246094 0.09039306640625 0.063690185546875
0.00613212585449219 -0.0136728286743164 -0.0665969848632813 -0.0766372680664062
0.0158586502075195 -0.000457763671875 0.0531387329101562 -0.132827758789063
0.0176143646240234 0.00774574279785156 0.20916748046875 -0.0889129638671875
0.00101852416992188 0.0127859115600586 0.30499267578125 0.104095458984375
-0.024017333984375 0.0106983184814453 0.110870361328125 0.390716552734375
-0.00404930114746094 -0.0193614959716797 -0.256072998046875 0.422607421875
0.0327739715576172 -0.0189971923828125 -0.383148193359375 0.12640380859375
0.0547027587890625 0.0167312622070313 -0.0153694152832031 0.0379676818847656
0.0479927062988281 0.00158309936523438 0.41778564453125 -0.055877685546875
0.0150661468505859 -0.0116376876831055 0.313873291015625 -0.412445068359375
-0.0122337341308594 -0.00554466247558594 -0.1507568359375 -0.408935546875
-0.0134525299072266 0.00752449035644531 -0.3167724609375 -0.067718505859375
0.00259780883789063 0.0114908218383789 -0.217880249023437 0.119842529296875
0.0101327896118164 0.000458717346191406 -0.0353851318359375 0.142745971679687
0.00542449951171875 -0.0112800598144531 0.0896987915039063 0.0652847290039063
0.00760746002197266 -0.0157594680786133 -0.0674362182617187 -0.077301025390625
0.0177154541015625 -0.00286865234375 0.0521240234375 -0.134864807128906
0.0204315185546875 0.00638580322265625 0.206741333007813 -0.0949554443359375
0.00553607940673828 0.0150232315063477 0.3045654296875 0.094818115234375
-0.0228004455566406 0.01666259765625 0.11639404296875 0.384765625
-0.00877857208251953 -0.0146713256835938 -0.2459716796875 0.42706298828125
0.0217914581298828 -0.0190372467041016 -0.383514404296875 0.135711669921875
0.0411834716796875 0.0133628845214844 -0.0225944519042969 0.0397186279296875
0.03802490234375 0.00116348266601563 0.41876220703125 -0.0447998046875
0.0110740661621094 -0.00793361663818359 0.326751708984375 -0.40264892578125
-0.0124521255493164 -0.00131416320800782 -0.140960693359375 -0.415008544921875
-0.00994110107421875 0.00910854339599609 -0.31549072265625 -0.0772399902343751
0.00420284271240235 0.0129013061523438 -0.220184326171875 0.114166259765625
0.011561393737793 -0.000349998474121094 -0.0358428955078125 0.141876220703125
0.00669670104980469 -0.0126981735229492 0.0890121459960938 0.0648956298828125
0.00898838043212891 -0.0166025161743164 -0.0681991577148438 -0.0775833129882812
0.0182418823242188 -0.00418472290039063 0.0514984130859375 -0.138160705566406
0.0227622985839844 0.00668907165527344 0.205093383789063 -0.09869384765625
0.00780391693115234 0.0165014266967773 0.3045654296875 0.090972900390625
-0.0215988159179688 0.0207157135009766 0.119140625 0.38409423828125
-0.0140714645385742 -0.00954151153564453 -0.24237060546875 0.430206298828125
0.0109701156616211 -0.0167293548583984 -0.383575439453125 0.14044189453125
0.0267829895019531 0.00961494445800781 -0.0234298706054688 0.0423583984375
0.0265407562255859 0.000532150268554688 0.421630859375 -0.036956787109375
0.00422096252441406 -0.00303077697753906 0.333404541015625 -0.3985595703125
-0.011967658996582 0.00224876403808594 -0.13897705078125 -0.41558837890625
-0.00684738159179687 0.0113430023193359 -0.315826416015625 -0.081024169921875
0.00647926330566406 0.0124139785766602 -0.220626831054688 0.110580444335938
0.0135993957519531 -0.00221633911132813 -0.0356369018554688 0.139938354492188
0.00761032104492188 -0.0151786804199219 0.090484619140625 0.065582275390625
0.00815010070800781 -0.0175180435180664 -0.0688934326171875 -0.0784988403320313
0.0199527740478516 -0.00457191467285156 0.0524139404296875 -0.141357421875
0.0233860015869141 0.00496864318847656 0.205230712890625 -0.10467529296875
0.00957584381103516 0.0171442031860352 0.305633544921875 0.08624267578125
-0.021148681640625 0.0245018005371094 0.124053955078125 0.3841552734375
-0.0194969177246094 -0.00468635559082031 -0.238189697265625 0.434478759765625
-0.000841140747070312 -0.0134487152099609 -0.37841796875 0.146697998046875
0.0140533447265625 0.00553798675537109 -0.0166473388671875 0.047454833984375
0.0153894424438477 0.00122833251953125 0.4249267578125 -0.044158935546875
-0.0017695426940918 5.81741333007811E-05 0.324920654296875 -0.404693603515625
-0.0133247375488281 0.00682163238525391 -0.1475830078125 -0.411773681640625
-0.00529766082763672 0.0115938186645508 -0.317962646484375 -0.07525634765625
0.00830554962158203 0.0112571716308594 -0.216766357421875 0.1124267578125
0.0149545669555664 -0.00221538543701172 -0.0308837890625 0.139205932617188
0.00753211975097656 -0.0150108337402344 0.0925827026367188 0.0628204345703125
0.00236701965332031 -0.00545549392700195 -0.062957763671875 -0.0858688354492188
0.0166816711425781 0.00756168365478516 0.0675277709960938 -0.132797241210938
0.0117216110229492 0.00656414031982422 0.225631713867188 -0.0632781982421875
-0.01177978515625 0.0047769546508789 0.295989990234375 0.1536865234375
-0.0309848785400391 0.00244712829589844 0.05316162109375 0.42181396484375
0.00420570373535156 -0.0181102752685547 -0.3177490234375 0.39288330078125
0.0451126098632813 -0.00518798828125 -0.37127685546875 0.088226318359375
0.0618667602539063 0.0284271240234375 0.0443458557128906 0.0452766418457031
0.049285888671875 0.00236892700195313 0.43389892578125 -0.113555908203125
0.0127496719360352 -0.0121850967407227 0.248748779296875 -0.4520263671875
-0.0202903747558594 -0.00900459289550781 -0.208251953125 -0.3734130859375
-0.0222320556640625 0.0025787353515625 -0.317138671875 -0.0201416015624999
-0.000201225280761719 0.00866556167602539 -0.19891357421875 0.144195556640625
0.00993824005126953 0.00583171844482422 -0.017730712890625 0.143386840820313
-0.000536680221557617 -0.00204670429229736 0.0966110229492188 0.06072998046875
0.00331354141235352 -0.00591230392456055 -0.06329345703125 -0.0823287963867187
0.0166015625 0.00623607635498047 0.0638427734375 -0.132110595703125
0.0125713348388672 0.00770473480224609 0.222991943359375 -0.0684814453125
-0.010106086730957 0.00579166412353516 0.300689697265625 0.142242431640625
-0.0289878845214844 0.00115394592285156 0.068023681640625 0.415924072265625
0.00597000122070313 -0.0213546752929688 -0.30352783203125 0.402374267578125
0.0495872497558594 -0.00920486450195312 -0.3756103515625 0.0960693359375001
0.068878173828125 0.02813720703125 0.0300407409667969 0.0420761108398438
0.0557708740234375 0.00117111206054687 0.43048095703125 -0.103973388671875
0.016571044921875 -0.0157938003540039 0.263702392578125 -0.445831298828125
-0.0182228088378906 -0.0103969573974609 -0.19696044921875 -0.38177490234375
-0.0220947265625 0.00264739990234375 -0.3177490234375 -0.030181884765625
-0.000933647155761719 0.00978279113769531 -0.205093383789063 0.141357421875
0.00842523574829102 0.00572633743286133 -0.02325439453125 0.144866943359375
-2.76565551757811E-05 -0.00298357009887695 0.0948257446289062 0.0617523193359375
0.00429916381835938 -0.00865316390991211 -0.0645828247070313 -0.0803070068359375
0.0163116455078125 0.0039520263671875 0.0594253540039063 -0.131820678710937
0.01422119140625 0.00879478454589844 0.218246459960938 -0.074371337890625
-0.00713300704956055 0.00851821899414063 0.303497314453125 0.13055419921875
-0.0272006988525391 0.00343894958496094 0.085205078125 0.408355712890625
0.00447273254394531 -0.0234279632568359 -0.287017822265625 0.410614013671875
0.0486412048339844 -0.0134468078613281 -0.380279541015625 0.10638427734375
0.070159912109375 0.0256118774414063 0.0131416320800781 0.0394821166992188
0.0583038330078125 0.00123977661132813 0.42584228515625 -0.089141845703125
0.0185470581054688 -0.0156078338623047 0.28106689453125 -0.437835693359375
-0.0160818099975586 -0.0103902816772461 -0.18377685546875 -0.393096923828125
-0.0195808410644531 0.00375938415527343 -0.319091796875 -0.04229736328125
-0.00116348266601562 0.0108156204223633 -0.21026611328125 0.135238647460938
0.00783538818359375 0.0041656494140625 -0.02764892578125 0.145614624023438
0.00182962417602539 -0.00588703155517578 0.0917129516601563 0.0625
0.00521183013916016 -0.0103893280029297 -0.0660476684570313 -0.0786514282226562
0.0154275894165039 0.0014801025390625 0.0562591552734375 -0.134246826171875
0.0157155990600586 0.00752067565917969 0.214736938476563 -0.08270263671875
-0.00316715240478515 0.0108108520507813 0.3065185546875 0.11590576171875
-0.0254020690917969 0.00758171081542968 0.101287841796875 0.401092529296875
0.00134849548339844 -0.0216903686523438 -0.270416259765625 0.41998291015625
0.0427284240722656 -0.0175132751464844 -0.383758544921875 0.11944580078125
0.0652198791503906 0.0221595764160156 -0.00301742553710937 0.037506103515625
0.056365966796875 0.00090789794921875 0.422882080078125 -0.073150634765625
0.0187282562255859 -0.0153598785400391 0.29888916015625 -0.427093505859375
-0.0140609741210938 -0.00891590118408203 -0.1689453125 -0.40283203125
-0.0171308517456055 0.00573635101318359 -0.319488525390625 -0.055816650390625
0.000307083129882812 0.0116539001464844 -0.214950561523438 0.128997802734375
0.0096435546875 0.00285816192626953 -0.03204345703125 0.145828247070313
0.00379610061645508 -0.00865316390991211 0.0907440185546875 0.0635833740234375
0.00682353973388672 -0.0139265060424805 -0.0678939819335937 -0.0774917602539063
0.0163478851318359 -0.00140190124511719 0.0531539916992187 -0.135749816894531
0.0176963806152344 0.00755882263183594 0.211181640625 -0.0897369384765625
0.000854492187500001 0.0136499404907227 0.306976318359375 0.103240966796875
-0.0238838195800781 0.0117416381835938 0.113433837890625 0.393829345703125
-0.00330543518066406 -0.0189037322998047 -0.2554931640625 0.426055908203125
0.0326042175292969 -0.0190334320068359 -0.385833740234375 0.128753662109375
0.0548591613769531 0.017120361328125 -0.0152778625488281 0.0381736755371094
0.0493202209472656 0.00083160400390625 0.420989990234375 -0.05682373046875
0.0160560607910156 -0.0119991302490234 0.31610107421875 -0.4158935546875
-0.0128984451293945 -0.00573253631591797 -0.155029296875 -0.412750244140625
-0.0133876800537109 0.00735855102539062 -0.319549560546875 -0.067657470703125
0.00215244293212891 0.0124006271362305 -0.220062255859375 0.122650146484375
0.0104446411132812 0.000673294067382813 -0.03472900390625 0.145065307617188
0.00539016723632812 -0.0116024017333984 0.0905838012695313 0.064910888671875
0.00787067413330078 -0.0161924362182617 -0.0684585571289063 -0.0774917602539062
0.0183582305908203 -0.00356483459472656 0.0517120361328125 -0.137435913085938
0.0206451416015625 0.00705528259277344 0.207809448242188 -0.0967559814453125
0.00537967681884766 0.0147275924682617 0.307464599609375 0.094482421875
-0.0220127105712891 0.0166378021240234 0.120849609375 0.388763427734375
-0.0081472396850586 -0.0145559310913086 -0.246978759765625 0.432586669921875
0.0212936401367188 -0.0192317962646484 -0.3880615234375 0.137847900390625
0.0409317016601563 0.01300048828125 -0.02288818359375 0.0404167175292969
0.0383872985839844 0.00128555297851563 0.4217529296875 -0.044281005859375
0.0108804702758789 -0.00687503814697266 0.328857421875 -0.406097412109375
-0.0124235153198242 -0.00158882141113281 -0.14306640625 -0.417510986328125
-0.0101213455200195 0.00997447967529297 -0.318267822265625 -0.07708740234375
0.0046234130859375 0.0129003524780273 -0.222122192382813 0.116714477539063
0.012293815612793 -0.000754356384277344 -0.035797119140625 0.14404296875
0.0060882568359375 -0.0137233734130859 0.090789794921875 0.0660324096679688
0.00812435150146485 -0.0173816680908203 -0.0694580078125 -0.0789108276367187
0.0186061859130859 -0.00435829162597656 0.0521469116210937 -0.139358520507813
0.0220947265625 0.00539016723632813 0.206893920898437 -0.101226806640625
0.00769901275634765 0.0167093276977539 0.307403564453125 0.09124755859375
-0.0219821929931641 0.0205974578857422 0.12353515625 0.38677978515625
-0.0132064819335937 -0.00837802886962891 -0.24365234375 0.434234619140625
0.00979328155517578 -0.0166168212890625 -0.386474609375 0.141448974609375
0.0270500183105469 0.0093841552734375 -0.0233192443847656 0.0435981750488281
0.0269107818603516 0.00141143798828125 0.42327880859375 -0.0364990234375
0.0048975944519043 -0.0032048225402832 0.334197998046875 -0.400390625
-0.0124979019165039 0.00328445434570312 -0.141876220703125 -0.41973876953125
-0.00824642181396484 0.0116844177246094 -0.31793212890625 -0.08123779296875
0.00613117218017578 0.0123796463012695 -0.222640991210938 0.112808227539062
0.0130167007446289 -0.00150775909423828 -0.0348052978515625 0.142532348632813
0.00734901428222656 -0.0154314041137695 0.0915069580078125 0.0647354125976563
0.00787162780761719 -0.0178756713867187 -0.070037841796875 -0.0799560546875
0.0202083587646484 -0.00550079345703125 0.0519866943359375 -0.14227294921875
0.0232582092285156 0.00475502014160156 0.205947875976563 -0.106216430664063
0.00917530059814453 0.0171661376953125 0.3082275390625 0.08612060546875
-0.0215854644775391 0.0240421295166016 0.12744140625 0.388275146484375
-0.0177001953125 -0.00366783142089844 -0.240234375 0.43890380859375
-0.00111865997314453 -0.0139741897583008 -0.382904052734375 0.14935302734375
0.0142421722412109 0.00588226318359375 -0.0167045593261719 0.0472373962402344
0.0154209136962891 0.0016632080078125 0.42822265625 -0.044219970703125
-0.00135421752929688 0.000703215599060058 0.32763671875 -0.409027099609375
-0.0136585235595703 0.00696945190429687 -0.151214599609375 -0.414642333984375
-0.00501155853271484 0.0121088027954102 -0.3209228515625 -0.07440185546875
0.00796890258789063 0.0119905471801758 -0.21917724609375 0.115707397460938
0.0151290893554688 -0.00271224975585938 -0.0305633544921875 0.141036987304688
0.00745391845703125 -0.0153427124023437 0.0938796997070312 0.0631103515625
0.00145530700683594 -0.00527238845825195 -0.063812255859375 -0.0861740112304688
0.0160818099975586 0.00702667236328125 0.0678634643554688 -0.134979248046875
0.0110139846801758 0.00571918487548828 0.2269287109375 -0.06585693359375
-0.0121240615844727 0.00480079650878906 0.300048828125 0.15496826171875
-0.0305290222167969 0.0026397705078125 0.05682373046875 0.4254150390625
0.00515937805175781 -0.0188407897949219 -0.3199462890625 0.397918701171875
0.0448455810546875 -0.00603866577148438 -0.373321533203125 0.0893249511718749
0.0616645812988281 0.0291557312011719 0.0456008911132813 0.0460662841796875
0.0503692626953125 0.0025482177734375 0.4373779296875 -0.11602783203125
0.0134201049804688 -0.0117950439453125 0.24951171875 -0.456024169921875
-0.0206775665283203 -0.00846481323242187 -0.211669921875 -0.37432861328125
-0.0232868194580078 0.00238418579101562 -0.32025146484375 -0.018798828125
0.000179767608642579 0.00850868225097656 -0.200912475585938 0.147720336914063
0.00958061218261719 0.00657749176025391 -0.0175933837890625 0.145278930664063
-0.00108075141906738 -0.0020679235458374 0.097625732421875 0.0605010986328125
0.00297975540161133 -0.00706863403320313 -0.0651321411132813 -0.0830841064453125
0.0155754089355469 0.00549030303955078 0.0635528564453125 -0.133758544921875
0.0116567611694336 0.00729751586914063 0.22540283203125 -0.0709075927734375
-0.00991439819335938 0.00615501403808594 0.30438232421875 0.143096923828125
-0.0285835266113281 0.00261306762695312 0.071441650390625 0.419677734375
0.00628471374511719 -0.0216388702392578 -0.304718017578125 0.40789794921875
0.0496025085449219 -0.00968551635742188 -0.379180908203125 0.0978088378906249
0.0695381164550781 0.0288352966308594 0.0301895141601563 0.042449951171875
0.0565910339355469 0.00171279907226562 0.43292236328125 -0.10443115234375
0.0169973373413086 -0.0147314071655273 0.264007568359375 -0.45166015625
-0.0185432434082031 -0.0105686187744141 -0.20037841796875 -0.3851318359375
-0.0228080749511719 0.00239372253417969 -0.3211669921875 -0.028961181640625
-0.000651359558105468 0.0101003646850586 -0.206283569335938 0.143203735351562
0.00898647308349609 0.00583934783935547 -0.0233154296875 0.147079467773438
-0.000359535217285156 -0.00409293174743652 0.0956192016601563 0.0620651245117188
0.0040130615234375 -0.00798273086547851 -0.0662460327148437 -0.082183837890625
0.0153350830078125 0.00420475006103516 0.0593948364257813 -0.133628845214844
0.0133609771728516 0.00754547119140625 0.220809936523438 -0.076446533203125
-0.0067439079284668 0.00838327407836914 0.3070068359375 0.130615234375
-0.0271492004394531 0.00389862060546875 0.088897705078125 0.4140625
0.00560188293457031 -0.0237293243408203 -0.287933349609375 0.416595458984375
0.0478324890136719 -0.0135574340820312 -0.38421630859375 0.110626220703125
0.0692520141601563 0.0256729125976563 0.0131263732910156 0.0395469665527344
0.0581588745117188 0.00072479248046875 0.428985595703125 -0.09002685546875
0.0187206268310547 -0.0159168243408203 0.28216552734375 -0.44183349609375
-0.0162734985351563 -0.0108537673950195 -0.1868896484375 -0.394989013671875
-0.0198574066162109 0.00350379943847657 -0.321929931640625 -0.04150390625
-0.000442504882812501 0.0108404159545898 -0.211959838867187 0.138702392578125
0.0084385871887207 0.00354433059692383 -0.0281982421875 0.147232055664063
0.00137996673583984 -0.00597000122070312 0.0928726196289063 0.062835693359375
0.00551891326904297 -0.0114908218383789 -0.0676422119140625 -0.0797119140625
0.0152807235717773 0.00131130218505859 0.0555572509765625 -0.13555908203125
0.0161142349243164 0.00752830505371094 0.215774536132813 -0.0843048095703125
-0.00353050231933594 0.0106582641601563 0.30999755859375 0.116363525390625
-0.0253372192382813 0.00726509094238281 0.10345458984375 0.40472412109375
0.00212287902832031 -0.0221176147460938 -0.272216796875 0.42547607421875
0.042694091796875 -0.0177459716796875 -0.388092041015625 0.120574951171875
0.0651016235351563 0.0226898193359375 -0.00335311889648437 0.0390510559082031
0.0556068420410156 0.00029754638671875 0.4267578125 -0.07489013671875
0.0193767547607422 -0.0145092010498047 0.300323486328125 -0.432647705078125
-0.0146284103393555 -0.00838375091552734 -0.1722412109375 -0.40667724609375
-0.0169754028320313 0.00591278076171875 -0.322601318359375 -0.054840087890625
0.00128173828125 0.0119562149047852 -0.217330932617188 0.131668090820313
0.00942420959472656 0.00200366973876953 -0.032012939453125 0.148605346679688
0.00288534164428711 -0.00869321823120117 0.0917205810546875 0.0641937255859375
0.00556468963623047 -0.0145702362060547 -0.0692825317382813 -0.0792083740234375
0.0167732238769531 -0.0014801025390625 0.0530853271484375 -0.13671875
0.01812744140625 0.0071563720703125 0.212982177734375 -0.092559814453125
0.0011749267578125 0.0132541656494141 0.31036376953125 0.104034423828125
-0.0231704711914063 0.0121402740478516 0.11676025390625 0.39813232421875
-0.00313568115234375 -0.0189476013183594 -0.255645751953125 0.43359375
0.0322551727294922 -0.0190811157226563 -0.388885498046875 0.130859375
0.0557136535644531 0.0173912048339844 -0.0161628723144531 0.0389633178710938
0.0492706298828125 0.00153350830078125 0.424560546875 -0.05804443359375
0.0163087844848633 -0.0119781494140625 0.316131591796875 -0.41961669921875
-0.0131425857543945 -0.00570487976074219 -0.15753173828125 -0.413848876953125
-0.014007568359375 0.00753688812255859 -0.322723388671875 -0.0672607421875
0.00180721282958984 0.012603759765625 -0.222030639648437 0.125534057617188
0.0108375549316406 0.000703811645507813 -0.034576416015625 0.147781372070313
0.00543498992919922 -0.0110664367675781 0.0908584594726563 0.0653533935546875
0.00687026977539062 -0.0164270401000977 -0.070037841796875 -0.0789260864257813
0.0177421569824219 -0.00397109985351562 0.0508956909179687 -0.139732360839844
0.0199451446533203 0.00570297241210938 0.209884643554688 -0.099365234375
0.00482463836669922 0.0150613784790039 0.31109619140625 0.09405517578125
-0.0218353271484375 0.0168418884277344 0.123809814453125 0.392578125
-0.00757598876953125 -0.0143499374389648 -0.246337890625 0.43878173828125
0.0199661254882812 -0.0188388824462891 -0.389862060546875 0.139434814453125
0.0419158935546875 0.0131111145019531 -0.0225257873535156 0.040557861328125
0.0383338928222656 0.001434326171875 0.424102783203125 -0.04559326171875
0.0112113952636719 -0.00792217254638672 0.330718994140625 -0.410614013671875
-0.0130815505981445 -0.00190353393554688 -0.147918701171875 -0.42083740234375
-0.0104618072509766 0.0100841522216797 -0.322235107421875 -0.076873779296875
0.0046844482421875 0.013361930847168 -0.223892211914063 0.118865966796875
0.0121002197265625 -0.000902175903320313 -0.0351715087890625 0.1455078125
0.00564956665039062 -0.013946533203125 0.0912704467773438 0.0662078857421875
0.00763511657714844 -0.0178852081298828 -0.0707244873046875 -0.0792770385742187
0.018890380859375 -0.00547599792480469 0.0509796142578125 -0.141342163085938
0.0224475860595703 0.00528144836425781 0.207672119140625 -0.10400390625
0.00758457183837891 0.016749382019043 0.310943603515625 0.09051513671875
-0.0208759307861328 0.0217266082763672 0.126434326171875 0.3924560546875
-0.012660026550293 -0.0088663101196289 -0.2437744140625 0.439971923828125
0.00853347778320313 -0.0169858932495117 -0.3900146484375 0.14324951171875
0.0268669128417969 0.00913429260253906 -0.0239524841308594 0.0435829162597656
0.0278816223144531 0.00145149230957031 0.42681884765625 -0.038116455078125
0.00630426406860352 -0.00287771224975586 0.336151123046875 -0.407135009765625
-0.0128803253173828 0.00316810607910156 -0.1435546875 -0.42169189453125
-0.00733184814453125 0.0118980407714844 -0.32208251953125 -0.079925537109375
0.00640392303466797 0.0132827758789063 -0.22454833984375 0.115036010742188
0.0135374069213867 -0.0019378662109375 -0.0343475341796875 0.144378662109375
0.006988525390625 -0.0144166946411133 0.0925369262695313 0.065521240234375
0.00711250305175781 -0.0174446105957031 -0.0714645385742188 -0.0814743041992188
0.0197772979736328 -0.00619888305664063 0.051361083984375 -0.1435546875
0.0229701995849609 0.00387191772460938 0.20806884765625 -0.109359741210937
0.008392333984375 0.017730712890625 0.31201171875 0.0860595703125
-0.0208911895751953 0.025970458984375 0.1307373046875 0.3929443359375
-0.0173025131225586 -0.00340747833251953 -0.23992919921875 0.446990966796875
-0.00133800506591797 -0.0149040222167969 -0.3856201171875 0.151153564453125
0.0140724182128906 0.00559520721435547 -0.017242431640625 0.0486412048339844
0.01611328125 0.00135326385498047 0.43115234375 -0.04547119140625
-0.000703096389770508 0.00092548131942749 0.32843017578125 -0.411468505859375
-0.012969970703125 0.00854110717773438 -0.15362548828125 -0.418670654296875
-0.00654315948486328 0.0133485794067383 -0.324249267578125 -0.0741882324218751
0.00848770141601563 0.0120029449462891 -0.220169067382813 0.117538452148437
0.0155372619628906 -0.00222682952880859 -0.0295257568359375 0.143157958984375
0.00729179382324219 -0.0153999328613281 0.0955276489257813 0.0635986328125
0.00186872482299805 -0.00589799880981445 -0.0657882690429688 -0.0871124267578125
0.0170879364013672 0.00761795043945312 0.0666275024414063 -0.136886596679688
0.0107364654541016 0.00522613525390625 0.229095458984375 -0.0684356689453125
-0.0129184722900391 0.00516510009765625 0.30511474609375 0.1539306640625
-0.030609130859375 0.00292778015136719 0.06146240234375 0.43096923828125
0.00553512573242188 -0.0185737609863281 -0.319488525390625 0.405029296875
0.0458793640136719 -0.0053863525390625 -0.376495361328125 0.0929260253906249
0.0619735717773438 0.0286483764648437 0.0452003479003906 0.0464553833007813
0.0508155822753906 0.00212860107421875 0.4404296875 -0.117645263671875
0.0129022598266602 -0.0126743316650391 0.249053955078125 -0.46295166015625
-0.0211887359619141 -0.00869560241699219 -0.216400146484375 -0.376617431640625
-0.0234546661376953 0.00257492065429687 -0.325042724609375 -0.0167846679687499
-9.25064086914069E-05 0.00885200500488281 -0.201446533203125 0.15118408203125
0.0104446411132813 0.00590801239013672 -0.01666259765625 0.14776611328125
-0.00178015232086182 -0.00203990936279297 0.09881591796875 0.0605087280273438
0.0014033317565918 -0.0072169303894043 -0.0666275024414062 -0.0841598510742188
0.015803337097168 0.00507164001464844 0.0626220703125 -0.137161254882813
0.0117740631103516 0.00697517395019531 0.227188110351563 -0.0728912353515625
-0.0109748840332031 0.00628852844238281 0.309112548828125 0.143280029296875
-0.0286827087402344 0.0028839111328125 0.0751953125 0.4246826171875
0.00701141357421875 -0.0221023559570313 -0.3048095703125 0.41448974609375
0.0503120422363281 -0.0102081298828125 -0.38299560546875 0.100799560546875
0.0688819885253906 0.0274581909179688 0.0311622619628906 0.04290771484375
0.0569725036621094 0.00103759765625 0.436981201171875 -0.1075439453125
0.0179119110107422 -0.0156135559082031 0.26348876953125 -0.456085205078125
-0.0188522338867188 -0.0102043151855469 -0.2049560546875 -0.386688232421875
-0.022613525390625 0.00287437438964843 -0.3251953125 -0.0269165039062499
-0.000885963439941407 0.0102138519287109 -0.208221435546875 0.146804809570313
0.00862646102905273 0.00592279434204102 -0.0220947265625 0.149429321289062
-0.00153589248657227 -0.00426077842712402 0.0962753295898437 0.0623931884765625
0.00359916687011719 -0.00932693481445313 -0.0672073364257813 -0.0815658569335938
0.0160408020019531 0.00327587127685547 0.05865478515625 -0.136207580566406
0.0133352279663086 0.0073089599609375 0.223159790039063 -0.0798187255859375
-0.00735092163085938 0.008270263671875 0.3118896484375 0.129119873046875
-0.0268058776855469 0.00470733642578125 0.092529296875 0.417755126953125
0.0063629150390625 -0.0241622924804688 -0.2882080078125 0.42364501953125
0.0486526489257813 -0.0135307312011719 -0.3878173828125 0.111907958984375
0.0709304809570313 0.0262527465820313 0.0143966674804688 0.040252685546875
0.0585899353027344 0.000762939453125 0.4326171875 -0.09356689453125
0.0198383331298828 -0.016082763671875 0.28192138671875 -0.4481201171875
-0.0173759460449219 -0.0107259750366211 -0.193206787109375 -0.398223876953125
-0.0206966400146484 0.00426673889160156 -0.3253173828125 -0.039398193359375
-0.000229835510253907 0.0113487243652344 -0.213821411132813 0.141036987304687
0.00874757766723633 0.0046229362487793 -0.026214599609375 0.14959716796875
0.00135946273803711 -0.00609016418457031 0.0942459106445313 0.0634536743164063
0.00453948974609375 -0.0114316940307617 -0.0687255859375 -0.080841064453125
0.0153017044067383 8.0108642578125E-05 0.0555877685546875 -0.137626647949219
0.0163259506225586 0.00674343109130859 0.218994140625 -0.0873870849609375
-0.00409793853759766 0.010894775390625 0.314361572265625 0.1158447265625
-0.0247688293457031 0.00806999206542969 0.108306884765625 0.409393310546875
0.0023040771484375 -0.0226268768310547 -0.2698974609375 0.4315185546875
0.041778564453125 -0.0185470581054688 -0.389739990234375 0.1241455078125
0.0650634765625 0.0218887329101563 -0.00305557250976562 0.0393257141113281
0.0562744140625 0.00101470947265625 0.430755615234375 -0.076080322265625
0.0196323394775391 -0.0141716003417969 0.300628662109375 -0.43682861328125
-0.0140838623046875 -0.00822544097900391 -0.178192138671875 -0.4095458984375
-0.0179500579833984 0.00611495971679688 -0.326202392578125 -0.0530090332031249
0.00035572052001953 0.0121269226074219 -0.218154907226563 0.135940551757812
0.00910377502441406 0.00263214111328125 -0.03070068359375 0.150497436523438
0.00342178344726562 -0.00899124145507813 0.0936737060546875 0.06488037109375
0.0066986083984375 -0.0155496597290039 -0.0704498291015625 -0.0794754028320312
0.0162649154663086 -0.00205612182617188 0.0521011352539062 -0.139144897460938
0.0179710388183594 0.00616455078125 0.213531494140625 -0.09515380859375
0.000470161437988282 0.0129213333129883 0.314666748046875 0.1029052734375
-0.0235729217529297 0.0130062103271484 0.1209716796875 0.4031982421875
-0.00288581848144531 -0.0196876525878906 -0.2562255859375 0.439697265625
0.0317249298095703 -0.0193843841552734 -0.393157958984375 0.13543701171875
0.0556716918945313 0.0176544189453125 -0.0160408020019531 0.0399513244628906
0.0501632690429688 0.00090789794921875 0.427490234375 -0.060272216796875
0.0162124633789063 -0.0122652053833008 0.318084716796875 -0.425811767578125
-0.0136795043945313 -0.00531768798828125 -0.16412353515625 -0.417510986328125
-0.014033317565918 0.00731849670410156 -0.326812744140625 -0.066375732421875
0.00233268737792969 0.0125856399536133 -0.2230224609375 0.1290283203125
0.0110321044921875 0.000265121459960937 -0.0332794189453125 0.150634765625
0.00422000885009766 -0.0119142532348633 0.0926666259765625 0.0648269653320312
0.00652980804443359 -0.016667366027832 -0.0717926025390625 -0.079376220703125
0.0170450210571289 -0.00546455383300781 0.0503692626953125 -0.141342163085938
0.0199337005615234 0.00504493713378906 0.211959838867188 -0.102218627929688
0.004302978515625 0.0150966644287109 0.314453125 0.0927734375
-0.0217266082763672 0.0172042846679688 0.128875732421875 0.396453857421875
-0.00737476348876953 -0.0145711898803711 -0.2451171875 0.44482421875
0.020782470703125 -0.0194168090820312 -0.392547607421875 0.144683837890625
0.0421028137207031 0.0123023986816406 -0.0228767395019531 0.0413818359375
0.0397758483886719 0.00213623046875 0.427978515625 -0.047454833984375
0.0119037628173828 -0.00705242156982422 0.33172607421875 -0.414764404296875
-0.0125875473022461 -0.000355720520019531 -0.1522216796875 -0.4227294921875
-0.0111799240112305 0.0104084014892578 -0.32525634765625 -0.0747375488281251
0.00490188598632813 0.0133142471313477 -0.22662353515625 0.122573852539063
0.0109348297119141 -0.000557899475097656 -0.033782958984375 0.14837646484375
0.00510883331298828 -0.0140848159790039 0.0928955078125 0.065826416015625
0.007110595703125 -0.0185165405273438 -0.0725784301757813 -0.0799179077148437
0.0189552307128906 -0.00659370422363281 0.0504913330078125 -0.144378662109375
0.0220069885253906 0.00430870056152344 0.209609985351563 -0.107223510742188
0.00700092315673828 0.0173254013061523 0.314605712890625 0.0892333984375
-0.0206298828125 0.0221004486083984 0.130584716796875 0.394561767578125
-0.011962890625 -0.00872611999511719 -0.24298095703125 0.447906494140625
0.00877857208251953 -0.0171947479248047 -0.39251708984375 0.148162841796875
0.0273971557617188 0.00956535339355469 -0.0244865417480469 0.0449905395507812
0.0268974304199219 0.00157356262207031 0.43133544921875 -0.040679931640625
0.00490570068359375 -0.00314569473266602 0.33599853515625 -0.412200927734375
-0.013340950012207 0.00473499298095703 -0.14935302734375 -0.425079345703125
-0.00803947448730469 0.0112190246582031 -0.325042724609375 -0.0794982910156251
0.00542926788330078 0.0129976272583008 -0.225723266601562 0.118270874023438
0.013671875 -0.00124549865722656 -0.033233642578125 0.146881103515625
0.00705337524414063 -0.0155067443847656 0.0940322875976563 0.06573486328125
0.006927490234375 -0.0184898376464844 -0.073211669921875 -0.0819320678710938
0.0196781158447266 -0.00701904296875 0.051177978515625 -0.14654541015625
0.0227737426757812 0.00415420532226563 0.209396362304688 -0.112503051757813
0.00876617431640625 0.0171937942504883 0.315185546875 0.0849609375
-0.0205440521240234 0.0271892547607422 0.13543701171875 0.395599365234375
-0.0169181823730469 -0.00251197814941406 -0.238555908203125 0.452056884765625
-0.00235939025878906 -0.0153169631958008 -0.388458251953125 0.155303955078125
0.0137548446655273 0.00588798522949219 -0.0169181823730469 0.0495567321777344
0.016047477722168 0.00180816650390625 0.435882568359375 -0.0479736328125
-0.00093841552734375 0.00137209892272949 0.328857421875 -0.419219970703125
-0.0137948989868164 0.00829315185546875 -0.15948486328125 -0.421630859375
-0.00580215454101563 0.0131378173828125 -0.328857421875 -0.072418212890625
0.00880146026611328 0.0121984481811523 -0.222702026367187 0.12127685546875
0.0152444839477539 -0.00275611877441406 -0.0286712646484375 0.145538330078125
0.00621891021728516 -0.0160388946533203 0.09674072265625 0.0636215209960938
0.000764846801757813 -0.00540351867675781 -0.0679702758789062 -0.0875015258789063
0.0168685913085938 0.00589561462402344 0.06610107421875 -0.140037536621094
0.0108003616333008 0.00524520874023437 0.231002807617188 -0.0707244873046875
-0.0133094787597656 0.00547409057617188 0.309814453125 0.153045654296875
-0.0305957794189453 0.00391960144042968 0.06646728515625 0.435638427734375
0.00581932067871094 -0.0188674926757813 -0.319000244140625 0.412689208984375
0.0452079772949219 -0.00635910034179687 -0.3804931640625 0.0968933105468749
0.062225341796875 0.0281410217285156 0.0463600158691406 0.0462379455566406
0.0517616271972656 0.00238037109375 0.444061279296875 -0.12225341796875
0.0132293701171875 -0.0119256973266602 0.248748779296875 -0.468536376953125
-0.0211048126220703 -0.00792312622070312 -0.223052978515625 -0.380218505859375
-0.0245628356933594 0.00381088256835938 -0.327606201171875 -0.0128479003906249
0.000258445739746094 0.00887584686279297 -0.202789306640625 0.1546630859375
0.0092315673828125 0.00647640228271484 -0.0152740478515625 0.150390625
-0.00170314311981201 -0.00172102451324463 0.101043701171875 0.0604248046875
0.0010075569152832 -0.00750017166137695 -0.0687179565429688 -0.0854263305664062
0.0157394409179687 0.00452136993408203 0.0624313354492187 -0.138847351074219
0.0114507675170898 0.00576400756835937 0.229019165039063 -0.0763092041015625
-0.0113096237182617 0.00647163391113281 0.313812255859375 0.14166259765625
-0.02886962890625 0.00386238098144531 0.0814208984375 0.42877197265625
0.0076446533203125 -0.0225353240966797 -0.3035888671875 0.42266845703125
0.0495033264160156 -0.010589599609375 -0.385162353515625 0.1053466796875
0.0699539184570312 0.0282096862792969 0.0311241149902344 0.0425224304199219
0.0577926635742188 0.0004730224609375 0.439544677734375 -0.111846923828125
0.0176353454589844 -0.0157299041748047 0.26220703125 -0.463165283203125
-0.0192508697509766 -0.00969696044921875 -0.211944580078125 -0.38897705078125
-0.0232601165771484 0.00341033935546875 -0.329254150390625 -0.0240478515625
-0.000615119934082032 0.0104026794433594 -0.208740234375 0.15155029296875
0.00920295715332031 0.00567054748535156 -0.020263671875 0.151504516601562
-0.00129532814025879 -0.0041193962097168 0.0979537963867188 0.06109619140625
0.00246715545654297 -0.00896549224853516 -0.0684432983398438 -0.0823593139648438
0.0151729583740234 0.00248241424560547 0.057830810546875 -0.138771057128906
0.0129823684692383 0.00674915313720703 0.2247314453125 -0.0831298828125
-0.00784778594970703 0.0083775520324707 0.316986083984375 0.128326416015625
-0.0268478393554688 0.00567436218261719 0.097320556640625 0.421966552734375
0.00665664672851562 -0.0237083435058594 -0.285797119140625 0.430450439453125
0.0486221313476563 -0.0153121948242188 -0.38909912109375 0.11676025390625
0.0710067749023437 0.0255508422851563 0.0137405395507813 0.0404701232910156
0.0598564147949219 0.00048828125 0.434844970703125 -0.09613037109375
0.0196304321289063 -0.0169258117675781 0.281402587890625 -0.454498291015625
-0.0167093276977539 -0.0101127624511719 -0.1976318359375 -0.400909423828125
-0.0209999084472656 0.00430488586425782 -0.329254150390625 -0.0371398925781249
-0.000452995300292969 0.0114679336547852 -0.214462280273438 0.14599609375
0.00939369201660156 0.00432109832763672 -0.0254058837890625 0.152603149414063
0.000908374786376953 -0.00664091110229492 0.096099853515625 0.0626296997070313
0.00360012054443359 -0.0116043090820313 -0.0707321166992187 -0.080902099609375
0.0154228210449219 -0.000207901000976563 0.0542068481445313 -0.139663696289063
0.0151615142822266 0.00709724426269531 0.220443725585938 -0.0913543701171875
-0.00435447692871094 0.0106239318847656 0.319091796875 0.113739013671875
-0.025390625 0.00886917114257812 0.114349365234375 0.413421630859375
0.0023651123046875 -0.0225257873535156 -0.270263671875 0.439605712890625
0.0422821044921875 -0.018096923828125 -0.39349365234375 0.12890625
0.065765380859375 0.0211639404296875 -0.00331878662109375 0.03912353515625
0.0576629638671875 0.000644683837890625 0.432891845703125 -0.07965087890625
0.0191993713378906 -0.0141010284423828 0.299530029296875 -0.443023681640625
-0.0150051116943359 -0.00833892822265625 -0.18292236328125 -0.41217041015625
-0.0174388885498047 0.00624942779541016 -0.3297119140625 -0.0504760742187499
0.000294685363769531 0.0123281478881836 -0.218978881835937 0.138992309570313
0.00946426391601563 0.00257587432861328 -0.0297698974609375 0.153091430664062
0.00187969207763672 -0.00917911529541016 0.0948028564453125 0.0650711059570313
0.00538158416748047 -0.0153293609619141 -0.07244873046875 -0.0789108276367188
0.0162220001220703 -0.00235080718994141 0.050811767578125 -0.141799926757813
0.016993522644043 0.00656700134277344 0.215057373046875 -0.0991668701171875
4.48226928710932E-05 0.0140266418457031 0.31988525390625 0.10107421875
-0.0230808258056641 0.0131320953369141 0.12677001953125 0.405303955078125
-0.00206184387207031 -0.0191173553466797 -0.25494384765625 0.44635009765625
0.0314807891845703 -0.0205154418945313 -0.39569091796875 0.13995361328125
0.0554924011230469 0.0168991088867188 -0.016754150390625 0.0397491455078125
0.0502738952636719 0.000682830810546875 0.430877685546875 -0.063140869140625
0.0166549682617188 -0.0118083953857422 0.317657470703125 -0.43218994140625
-0.0131540298461914 -0.00506114959716797 -0.169036865234375 -0.42083740234375
-0.0143318176269531 0.00814247131347656 -0.3306884765625 -0.0634460449218751
0.00197505950927734 0.0133953094482422 -0.224380493164063 0.132156372070313
0.0105581283569336 0.000658035278320313 -0.032745361328125 0.152801513671875
0.00366592407226563 -0.0125722885131836 0.0941390991210937 0.0651016235351562
0.00607872009277344 -0.0172853469848633 -0.0728378295898437 -0.0799484252929688
0.0178661346435547 -0.00505828857421875 0.050079345703125 -0.14373779296875
0.0187911987304688 0.00506782531738281 0.212158203125 -0.105361938476563
0.00327587127685547 0.0151185989379883 0.319488525390625 0.0916748046875
-0.021270751953125 0.0181694030761719 0.1337890625 0.400299072265625
-0.00692653656005859 -0.0145530700683594 -0.24444580078125 0.452423095703125
0.0207996368408203 -0.0200252532958984 -0.3955078125 0.14813232421875
0.0418281555175781 0.0125656127929687 -0.0233993530273438 0.0421485900878906
0.0396499633789063 0.00131988525390625 0.43109130859375 -0.050079345703125
0.0124225616455078 -0.00729846954345703 0.3302001953125 -0.42236328125
-0.0131969451904297 -0.000176429748535158 -0.15771484375 -0.425323486328125
-0.0111093521118164 0.0104770660400391 -0.3294677734375 -0.07244873046875
0.00458908081054688 0.0136251449584961 -0.226730346679687 0.126602172851563
0.0119247436523437 -0.000693321228027344 -0.0331573486328125 0.150955200195313
0.00535106658935547 -0.0141057968139648 0.09429931640625 0.0661239624023438
0.00665283203125 -0.0185089111328125 -0.0738296508789062 -0.0802154541015625
0.0188331604003906 -0.00679779052734375 0.0487823486328125 -0.145904541015625
0.0220909118652344 0.00428581237792969 0.21063232421875 -0.10986328125
0.00659465789794922 0.0169773101806641 0.3189697265625 0.086944580078125
-0.0208587646484375 0.0230865478515625 0.135345458984375 0.398773193359375
-0.0122308731079102 -0.00846672058105468 -0.241729736328125 0.45367431640625
0.00809860229492188 -0.0177955627441406 -0.395751953125 0.152801513671875
0.0262889862060547 0.00811195373535156 -0.0243415832519531 0.0458259582519531
0.0275669097900391 0.00181961059570312 0.434478759765625 -0.043060302734375
0.005950927734375 -0.00306892395019531 0.335784912109375 -0.417724609375
-0.0130805969238281 0.00458908081054687 -0.154022216796875 -0.42901611328125
-0.00788116455078125 0.0126914978027344 -0.329559326171875 -0.076324462890625
0.00713157653808594 0.0132303237915039 -0.226654052734375 0.122177124023438
0.0136470794677734 -0.00251483917236328 -0.0328369140625 0.149002075195313
0.00603103637695312 -0.0152854919433594 0.0953521728515625 0.0650558471679688
0.00676155090332031 -0.0195579528808594 -0.0757369995117187 -0.081817626953125
0.019622802734375 -0.0075531005859375 0.0498199462890625 -0.149185180664062
0.0225257873535156 0.00308990478515625 0.209945678710938 -0.115509033203125
0.00853061676025391 0.0175046920776367 0.319610595703125 0.083404541015625
-0.0199108123779297 0.027618408203125 0.140106201171875 0.3988037109375
-0.0168428421020508 -0.00319671630859375 -0.237762451171875 0.459503173828125
-0.00255966186523438 -0.0156698226928711 -0.39227294921875 0.16180419921875
0.0137195587158203 0.00583648681640625 -0.0172080993652344 0.0500068664550781
0.0167446136474609 0.00204658508300781 0.438995361328125 -0.05218505859375
-0.000616073608398437 0.00269007682800293 0.3292236328125 -0.42449951171875
-0.0146799087524414 0.00879573822021485 -0.1651611328125 -0.42510986328125
-0.00632381439208984 0.0130529403686523 -0.332366943359375 -0.069610595703125
0.00898456573486328 0.0115060806274414 -0.223358154296875 0.12506103515625
0.0147600173950195 -0.00232124328613281 -0.0279998779296875 0.148056030273437
0.00627994537353516 -0.0154638290405273 0.0978469848632813 0.0635910034179688
0.000270843505859374 -0.00513410568237305 -0.0700912475585937 -0.0877838134765625
0.016362190246582 0.00583267211914063 0.0646820068359375 -0.141189575195313
0.0100183486938477 0.00479507446289063 0.232559204101563 -0.0750579833984375
-0.0135660171508789 0.00544452667236328 0.31494140625 0.1517333984375
-0.0300998687744141 0.00468063354492187 0.071929931640625 0.439056396484375
0.00658607482910156 -0.0188884735107422 -0.316497802734375 0.4200439453125
0.0446929931640625 -0.0068511962890625 -0.3826904296875 0.100616455078125
0.0630950927734375 0.0280494689941406 0.0467987060546875 0.0467033386230469
0.0520362854003906 0.00165176391601563 0.446624755859375 -0.128021240234375
0.0142669677734375 -0.0121870040893555 0.24609375 -0.474945068359375
-0.0211582183837891 -0.00760650634765625 -0.228759765625 -0.38037109375
-0.0246753692626953 0.00321197509765625 -0.3314208984375 -0.010223388671875
-6.72340393066415E-05 0.0087285041809082 -0.202255249023438 0.159225463867188
0.0100374221801758 0.00670814514160156 -0.013336181640625 0.152389526367188
-0.0022737979888916 -0.00205135345458984 0.102012634277344 0.0596771240234375
0.000824928283691407 -0.00773096084594726 -0.0702667236328125 -0.0849990844726563
0.0153751373291016 0.00477504730224609 0.06097412109375 -0.141357421875
0.0108146667480469 0.00607681274414063 0.22991943359375 -0.07977294921875
-0.0113563537597656 0.00716018676757813 0.3179931640625 0.139801025390625
-0.0291519165039063 0.00459671020507812 0.088043212890625 0.432647705078125
0.00860023498535156 -0.0224647521972656 -0.301727294921875 0.42962646484375
0.0498771667480469 -0.0110855102539062 -0.387725830078125 0.11004638671875
0.0706939697265625 0.0273818969726562 0.0314216613769531 0.0429306030273438
0.0580902099609375 0.00051116943359375 0.442626953125 -0.11639404296875
0.0185508728027344 -0.0161209106445313 0.259735107421875 -0.4691162109375
-0.0200748443603516 -0.00923919677734375 -0.217926025390625 -0.39031982421875
-0.0234222412109375 0.00384140014648437 -0.33233642578125 -0.02020263671875
-0.000855445861816407 0.0101613998413086 -0.208160400390625 0.155502319335937
0.00960159301757812 0.00545787811279297 -0.019195556640625 0.1541748046875
-0.00146055221557617 -0.00424551963806152 0.1005859375 0.0615158081054688
0.00216197967529297 -0.00933074951171875 -0.0713424682617187 -0.0825729370117188
0.0152406692504883 0.00247287750244141 0.0563812255859375 -0.141006469726563
0.0125484466552734 0.00597667694091797 0.22576904296875 -0.0865936279296875
-0.00916862487792969 0.00920867919921875 0.32037353515625 0.1258544921875
-0.0266838073730469 0.00600433349609375 0.10382080078125 0.425506591796875
0.00645637512207031 -0.0241527557373047 -0.284332275390625 0.438995361328125
0.0482864379882812 -0.0161361694335937 -0.393280029296875 0.121063232421875
0.0715866088867188 0.0250396728515625 0.0141868591308594 0.0407791137695313
0.0603256225585938 -0.000362396240234375 0.438262939453125 -0.102142333984375
0.0199184417724609 -0.0166149139404297 0.277587890625 -0.46319580078125
-0.017094612121582 -0.00905132293701172 -0.20367431640625 -0.40277099609375
-0.0212917327880859 0.00538444519042969 -0.33331298828125 -0.033843994140625
-0.00110530853271484 0.0115509033203125 -0.214263916015625 0.150360107421875
0.00899219512939453 0.00372695922851563 -0.02374267578125 0.154571533203125
-0.00051116943359375 -0.00690031051635742 0.0975494384765625 0.0623626708984375
0.00285720825195313 -0.0119485855102539 -0.0727691650390625 -0.0822601318359375
0.0147199630737305 -0.000719070434570313 0.052978515625 -0.142227172851563
0.0148534774780273 0.00613689422607422 0.220703125 -0.0946502685546875
-0.00419425964355469 0.0113525390625 0.323699951171875 0.1104736328125
-0.0251522064208984 0.0100021362304688 0.120849609375 0.4163818359375
0.00374984741210937 -0.0228538513183594 -0.266845703125 0.44720458984375
0.042205810546875 -0.0182456970214844 -0.394927978515625 0.134735107421875
0.066192626953125 0.0208625793457031 -0.003265380859375 0.0399627685546875
0.0584526062011719 0.0006103515625 0.436798095703125 -0.084625244140625
0.0199966430664063 -0.0144710540771484 0.29852294921875 -0.450958251953125
-0.0151920318603516 -0.00806808471679688 -0.189117431640625 -0.41510009765625
-0.0183963775634766 0.00710296630859375 -0.333831787109375 -0.04705810546875
0.000713348388671876 0.0126791000366211 -0.220626831054688 0.143585205078125
0.0102834701538086 0.00280857086181641 -0.0279693603515625 0.155364990234375
0.00184726715087891 -0.00924968719482422 0.0966262817382813 0.06427001953125
0.00453472137451172 -0.0151481628417969 -0.073974609375 -0.08001708984375
0.0153112411499023 -0.00356483459472656 0.0496673583984375 -0.143890380859375
0.0175561904907227 0.00531196594238281 0.216400146484375 -0.102706909179688
-0.00046825408935547 0.0139036178588867 0.324951171875 0.098358154296875
-0.0223598480224609 0.0137176513671875 0.133941650390625 0.40911865234375
-0.00118446350097656 -0.0191898345947266 -0.2508544921875 0.455108642578125
0.0311031341552734 -0.0212898254394531 -0.3978271484375 0.14447021484375
0.0560531616210938 0.0167732238769531 -0.0163841247558594 0.0398674011230469
0.0508003234863281 0.00136947631835938 0.4334716796875 -0.0672607421875
0.0178585052490234 -0.01226806640625 0.315948486328125 -0.4398193359375
-0.0135612487792969 -0.004119873046875 -0.175994873046875 -0.421661376953125
-0.0145492553710937 0.00952243804931641 -0.334686279296875 -0.0604553222656249
0.00171279907226563 0.0134344100952148 -0.224380493164062 0.137344360351563
0.0114593505859375 0.000631332397460938 -0.0306396484375 0.155075073242187
0.00391483306884766 -0.0123052597045898 0.0954513549804688 0.06500244140625
0.00519180297851562 -0.0179309844970703 -0.07574462890625 -0.080169677734375
0.0176372528076172 -0.0062713623046875 0.0482330322265625 -0.14642333984375
0.0195560455322266 0.00481986999511719 0.212600708007813 -0.109481811523438
0.0042734146118164 0.0159835815429688 0.324066162109375 0.088165283203125
-0.0206470489501953 0.0191898345947266 0.140716552734375 0.40301513671875
-0.00713253021240234 -0.0139713287353516 -0.24102783203125 0.459808349609375
0.0193252563476563 -0.0206413269042969 -0.3978271484375 0.153350830078125
0.0415573120117188 0.0119056701660156 -0.0236473083496094 0.0427513122558594
0.0404434204101563 0.00102615356445313 0.43524169921875 -0.054779052734375
0.0126733779907227 -0.00718116760253906 0.329803466796875 -0.428985595703125
-0.0120639801025391 0.000296592712402344 -0.163543701171875 -0.42901611328125
-0.0113277435302734 0.0121955871582031 -0.3333740234375 -0.06915283203125
0.00476264953613281 0.0137195587158203 -0.226974487304688 0.130279541015625
0.0121269226074219 -0.00108051300048828 -0.031951904296875 0.1529541015625
0.00456809997558594 -0.0139484405517578 0.0951614379882812 0.0649948120117188
0.00624275207519532 -0.0194778442382813 -0.075836181640625 -0.080596923828125
0.0178565979003906 -0.00703811645507813 0.0477752685546875 -0.149063110351563
0.0223140716552734 0.0040740966796875 0.211532592773438 -0.114166259765625
0.00711727142333984 0.0171489715576172 0.322967529296875 0.0843505859375
-0.0196018218994141 0.0238475799560547 0.141326904296875 0.402374267578125
-0.0120725631713867 -0.00852108001708984 -0.23785400390625 0.461395263671875
0.00671958923339844 -0.0180454254150391 -0.39697265625 0.158416748046875
0.0266284942626953 0.00770187377929688 -0.0244865417480469 0.0465354919433594
0.0277290344238281 0.00162124633789063 0.437744140625 -0.048095703125
0.00607872009277344 -0.00319814682006836 0.334320068359375 -0.42620849609375
-0.0136966705322266 0.00419807434082031 -0.1611328125 -0.431854248046875
-0.00774955749511719 0.0129718780517578 -0.334320068359375 -0.0737304687499999
0.00722122192382813 0.0134735107421875 -0.227218627929688 0.125961303710937
0.0142269134521484 -0.00216960906982422 -0.031005859375 0.151763916015625
0.00520420074462891 -0.0151338577270508 0.097503662109375 0.06561279296875
0.00633621215820313 -0.0193042755126953 -0.0778427124023438 -0.0824508666992188
0.01959228515625 -0.00764656066894531 0.048126220703125 -0.151626586914063
0.0229549407958984 0.00248908996582031 0.210891723632813 -0.1204833984375
0.00838279724121094 0.0178012847900391 0.324127197265625 0.07989501953125
-0.0196418762207031 0.0284767150878906 0.147613525390625 0.40234375
-0.0167140960693359 -0.00283336639404297 -0.23480224609375 0.46795654296875
-0.00416374206542969 -0.015345573425293 -0.39398193359375 0.164886474609375
0.0131387710571289 0.00484466552734375 -0.0173568725585938 0.050506591796875
0.0167007446289063 0.00168704986572266 0.443267822265625 -0.056304931640625
-8.46385955810549E-05 0.00223135948181152 0.327850341796875 -0.43157958984375
-0.0143766403198242 0.00939464569091797 -0.170867919921875 -0.425537109375
-0.006195068359375 0.0137386322021484 -0.33709716796875 -0.0675354003906251
0.00897216796875 0.0124855041503906 -0.22412109375 0.128585815429688
0.0159950256347656 -0.00287818908691406 -0.0252532958984375 0.14996337890625
0.00548648834228516 -0.0162296295166016 0.100181579589844 0.062286376953125
-0.000479698181152343 -0.00581216812133789 -0.0716934204101563 -0.0884475708007813
0.0162153244018555 0.00503063201904297 0.063140869140625 -0.144973754882813
0.0106096267700195 0.00551128387451172 0.2342529296875 -0.07928466796875
-0.0144386291503906 0.00610256195068359 0.31964111328125 0.1492919921875
-0.0304946899414063 0.00513076782226562 0.079132080078125 0.443939208984375
0.00784111022949219 -0.0186862945556641 -0.313323974609375 0.429473876953125
0.0441017150878906 -0.0075531005859375 -0.384918212890625 0.10662841796875
0.0635452270507813 0.0270729064941406 0.0483818054199219 0.0464897155761719
0.0522537231445312 0.00151824951171875 0.449066162109375 -0.1326904296875
0.0145835876464844 -0.0127096176147461 0.241607666015625 -0.48199462890625
-0.0215587615966797 -0.00712203979492187 -0.23687744140625 -0.380645751953125
-0.0246295928955078 0.00386047363281251 -0.333251953125 -0.00546264648437507
-8.77380371093753E-05 0.00969505310058594 -0.20263671875 0.1636962890625
0.0110855102539063 0.00657367706298828 -0.0119476318359375 0.153701782226563
-0.00304388999938965 -0.00273537635803223 0.104133605957031 0.0583648681640625
0.000401973724365235 -0.00793266296386719 -0.0730361938476563 -0.0851593017578125
0.0154170989990234 0.00413608551025391 0.0594329833984375 -0.144149780273438
0.0109939575195312 0.00589179992675781 0.230743408203125 -0.0840911865234375
-0.0117998123168945 0.00752353668212891 0.32373046875 0.13702392578125
-0.0284919738769531 0.00521278381347657 0.094940185546875 0.4368896484375
0.00802040100097656 -0.0227413177490234 -0.2977294921875 0.438018798828125
0.0492515563964844 -0.0121612548828125 -0.390350341796875 0.11505126953125
0.0709609985351563 0.0267791748046875 0.0321578979492188 0.0424118041992188
0.0583992004394531 3.814697265625E-05 0.445343017578125 -0.12188720703125
0.0187435150146484 -0.0151615142822266 0.256683349609375 -0.47662353515625
-0.0197620391845703 -0.00918388366699218 -0.225616455078125 -0.3912353515625
-0.0236091613769531 0.00490379333496093 -0.33587646484375 -0.0167236328125
4.38690185546876E-05 0.0100555419921875 -0.20843505859375 0.160415649414063
0.00955677032470703 0.00619602203369141 -0.0169830322265625 0.156768798828125
-0.00201702117919922 -0.00469589233398438 0.101387023925781 0.060699462890625
0.00200557708740234 -0.00946426391601563 -0.0742416381835937 -0.0825881958007813
0.0145530700683594 0.00146102905273437 0.05487060546875 -0.143768310546875
0.0120258331298828 0.00664997100830078 0.22662353515625 -0.0906829833984375
-0.00834941864013672 0.0097494125366211 0.326141357421875 0.123046875
-0.0263004302978516 0.00676918029785156 0.111663818359375 0.42840576171875
0.007080078125 -0.0243759155273438 -0.2806396484375 0.445709228515625
0.0474700927734375 -0.0163078308105469 -0.39410400390625 0.128570556640625
0.0717697143554687 0.024871826171875 0.0145034790039063 0.0409164428710937
0.0608100891113281 -0.000354766845703125 0.4415283203125 -0.106658935546875
0.0203304290771484 -0.0167236328125 0.27557373046875 -0.4686279296875
-0.0169906616210938 -0.00909900665283203 -0.213653564453125 -0.404449462890625
-0.0211334228515625 0.0062713623046875 -0.337615966796875 -0.029571533203125
-0.000848770141601563 0.0115947723388672 -0.214462280273438 0.155227661132812
0.00942420959472656 0.00438785552978516 -0.0219879150390625 0.156829833984375
1.95503234863276E-05 -0.00674867630004883 0.0993576049804687 0.0619277954101562
0.00340461730957031 -0.0127229690551758 -0.0739593505859375 -0.0810470581054688
0.0148296356201172 -0.00131034851074219 0.0516815185546875 -0.145111083984375
0.0146331787109375 0.00601863861083984 0.22113037109375 -0.099884033203125
-0.00500392913818359 0.0117454528808594 0.327423095703125 0.108123779296875
-0.0245075225830078 0.0102100372314453 0.129241943359375 0.419769287109375
0.00375938415527344 -0.0230293273925781 -0.263336181640625 0.454559326171875
0.0408782958984375 -0.0202484130859375 -0.397125244140625 0.140594482421875
0.0659561157226563 0.0210609436035156 -0.00261306762695312 0.0405120849609375
0.0583343505859375 -0.00035858154296875 0.43817138671875 -0.090301513671875
0.0202007293701172 -0.0155181884765625 0.294708251953125 -0.4580078125
-0.0149383544921875 -0.00727748870849609 -0.196441650390625 -0.415252685546875
-0.0179691314697266 0.00766372680664063 -0.338531494140625 -0.04315185546875
0.000344276428222657 0.0123968124389648 -0.220672607421875 0.1495361328125
0.00992393493652344 0.00272464752197266 -0.0255889892578125 0.158218383789063
0.00141143798828125 -0.00966358184814453 0.0976638793945313 0.0633468627929688
0.00410938262939453 -0.0156097412109375 -0.0760498046875 -0.0803146362304688
0.0156068801879883 -0.00390529632568359 0.0477447509765625 -0.147003173828125
0.01776123046875 0.00565338134765625 0.2171630859375 -0.106201171875
-5.14984130859364E-05 0.0137567520141602 0.32781982421875 0.094879150390625
-0.0224399566650391 0.0144004821777344 0.14141845703125 0.412017822265625
-0.00150299072265625 -0.0200729370117188 -0.24725341796875 0.461944580078125
0.0313911437988281 -0.0215034484863281 -0.399627685546875 0.15093994140625
0.0558128356933594 0.0166511535644531 -0.015960693359375 0.0410232543945313
0.0509605407714844 0.000202178955078125 0.436920166015625 -0.07293701171875
0.0176200866699219 -0.0116825103759766 0.31353759765625 -0.4468994140625
-0.0141229629516602 -0.00386333465576172 -0.183319091796875 -0.42291259765625
-0.0147895812988281 0.00905513763427734 -0.3387451171875 -0.0556640625
0.00287532806396484 0.0139522552490234 -0.2247314453125 0.142135620117188
0.011073112487793 0.000737190246582031 -0.029449462890625 0.157135009765625
0.00300407409667969 -0.0122442245483398 0.0974044799804688 0.0644073486328125
0.00490570068359375 -0.0184288024902344 -0.0774688720703125 -0.0804672241210937
0.0165023803710938 -0.00689697265625 0.046905517578125 -0.148681640625
0.0200004577636719 0.00445747375488281 0.213653564453125 -0.113296508789062
0.00373458862304687 0.0159358978271484 0.32794189453125 0.08599853515625
-0.0204105377197266 0.0195941925048828 0.1468505859375 0.405670166015625
-0.00653076171875 -0.0145387649536133 -0.23699951171875 0.4659423828125
0.0188636779785156 -0.0210952758789062 -0.399169921875 0.15924072265625
0.0414352416992188 0.0119056701660156 -0.0235710144042969 0.0438804626464844
0.0403556823730469 0.001129150390625 0.437744140625 -0.059478759765625
0.0126676559448242 -0.00754261016845703 0.32763671875 -0.43731689453125
-0.0133342742919922 0.000624656677246094 -0.1710205078125 -0.4295654296875
-0.0114040374755859 0.0107517242431641 -0.338226318359375 -0.065643310546875
0.00509929656982422 0.0140552520751953 -0.227752685546875 0.13580322265625
0.0126047134399414 -0.00133228302001953 -0.0296783447265625 0.1561279296875
0.00414562225341797 -0.0145750045776367 0.0970458984375 0.0647506713867188
0.00583076477050781 -0.0206813812255859 -0.078460693359375 -0.0813446044921875
0.0176773071289063 -0.00740814208984375 0.046112060546875 -0.150955200195313
0.0208854675292969 0.00321388244628906 0.212173461914063 -0.11871337890625
0.00715065002441406 0.0172386169433594 0.327789306640625 0.0814208984375
-0.0188808441162109 0.0252628326416016 0.149505615234375 0.403839111328125
-0.0112209320068359 -0.00907230377197265 -0.233734130859375 0.469451904296875
0.00672531127929688 -0.0181140899658203 -0.39910888671875 0.165557861328125
0.0264892578125 0.0075531005859375 -0.0241279602050781 0.0470619201660156
0.027801513671875 0.00112152099609375 0.44097900390625 -0.052703857421875
0.0067296028137207 -0.00206851959228516 0.33380126953125 -0.432220458984375
-0.0135040283203125 0.00542640686035156 -0.167816162109375 -0.43310546875
-0.0079660415649414 0.0137348175048828 -0.3382568359375 -0.069610595703125
0.0065765380859375 0.0129976272583008 -0.227996826171875 0.131820678710938
0.0138397216796875 -0.00228786468505859 -0.0290679931640625 0.154693603515625
0.00516986846923828 -0.0162887573242188 0.098480224609375 0.064544677734375
0.00510406494140625 -0.0202388763427734 -0.0792617797851563 -0.0825958251953125
0.0192718505859375 -0.00887680053710937 0.04620361328125 -0.154037475585938
0.0229396820068359 0.00267219543457031 0.209976196289063 -0.12451171875
0.00872039794921875 0.0182533264160156 0.328125 0.077117919921875
-0.0189552307128906 0.0285911560058594 0.15509033203125 0.405853271484375
-0.016108512878418 -0.00308132171630859 -0.2296142578125 0.47528076171875
-0.004150390625 -0.0152311325073242 -0.395538330078125 0.171356201171875
0.0132293701171875 0.00503635406494141 -0.0169296264648437 0.0508270263671875
0.0167274475097656 0.00197505950927734 0.44635009765625 -0.06195068359375
0.000422000885009766 0.00181388854980469 0.326416015625 -0.43896484375
-0.0145883560180664 0.00978183746337891 -0.176361083984375 -0.42919921875
-0.00610065460205078 0.014195442199707 -0.340972900390625 -0.0626220703125
0.0092325210571289 0.0116710662841797 -0.224563598632812 0.133529663085938
0.0157032012939453 -0.00291061401367188 -0.0243682861328125 0.152725219726563
0.00478076934814453 -0.0161609649658203 0.101608276367188 0.0622482299804688
-0.000597953796386719 -0.0061497688293457 -0.0748977661132812 -0.087890625
0.0162363052368164 0.00488376617431641 0.060943603515625 -0.147048950195312
0.00986862182617187 0.00481986999511719 0.234573364257812 -0.0836181640625
-0.0139875411987305 0.00641918182373047 0.324615478515625 0.145355224609375
-0.0296382904052734 0.00596809387207032 0.086883544921875 0.445281982421875
0.00683021545410157 -0.0194740295410156 -0.308258056640625 0.437164306640625
0.0441818237304688 -0.00851058959960938 -0.3858642578125 0.112762451171875
0.0635490417480469 0.0267333984375 0.0488471984863281 0.0458946228027344
0.0526046752929687 0.000659942626953125 0.449432373046875 -0.13958740234375
0.0140409469604492 -0.0127763748168945 0.23681640625 -0.48870849609375
-0.0224227905273438 -0.00633049011230469 -0.24365234375 -0.379852294921875
-0.0248470306396484 0.00416946411132813 -0.3372802734375 -0.000335693359374926
-0.00011444091796875 0.00956153869628906 -0.20025634765625 0.168838500976562
0.0104284286499023 0.00630950927734375 -0.0085906982421875 0.155670166015625
-0.00300812721252441 -0.00227832794189453 0.105377197265625 0.0581436157226563
2.38418579101506E-06 -0.00689840316772461 -0.0749282836914063 -0.0848922729492187
0.0154485702514648 0.003326416015625 0.0572509765625 -0.146743774414063
0.0104436874389648 0.00573062896728516 0.231369018554688 -0.0889739990234375
-0.0120868682861328 0.00781536102294922 0.32806396484375 0.13330078125
-0.0286216735839844 0.00531768798828126 0.102813720703125 0.439300537109375
0.0089263916015625 -0.0228023529052734 -0.291961669921875 0.445587158203125
0.048614501953125 -0.0130767822265625 -0.3905029296875 0.12274169921875
0.0702781677246094 0.0257453918457031 0.0326385498046875 0.0431709289550781
0.060028076171875 -0.000820159912109375 0.445526123046875 -0.128082275390625
0.0190143585205078 -0.0159492492675781 0.2520751953125 -0.4832763671875
-0.019927978515625 -0.00848960876464844 -0.232879638671875 -0.389862060546875
-0.0242195129394531 0.00493812561035156 -0.338836669921875 -0.010589599609375
-0.000358581542968751 0.0103721618652344 -0.207931518554687 0.166427612304688
0.00980758666992188 0.00597953796386719 -0.0141448974609375 0.158279418945313
-0.00258302688598633 -0.00434756278991699 0.102767944335937 0.0595779418945313
0.00136947631835938 -0.00917911529541016 -0.0759124755859375 -0.0828857421875
0.0148525238037109 0.000988006591796875 0.0529327392578125 -0.1458740234375
0.0118017196655273 0.006317138671875 0.227340698242188 -0.0948944091796875
-0.00911235809326172 0.010096549987793 0.330047607421875 0.119384765625
-0.0266799926757813 0.00683975219726563 0.121002197265625 0.431060791015625
0.00663375854492188 -0.0241355895996094 -0.27532958984375 0.454071044921875
0.0472373962402344 -0.01763916015625 -0.395263671875 0.132843017578125
0.071807861328125 0.0230560302734375 0.0156288146972656 0.0405197143554687
0.0610733032226562 -0.00140762329101562 0.4420166015625 -0.11260986328125
0.0205554962158203 -0.0169429779052734 0.271331787109375 -0.47509765625
-0.0180187225341797 -0.00830650329589844 -0.219696044921875 -0.4027099609375
-0.0210227966308594 0.00665473937988281 -0.340179443359375 -0.0247192382812501
-0.000495910644531249 0.0115489959716797 -0.213455200195312 0.16064453125
0.00945949554443359 0.00449371337890625 -0.0195770263671875 0.1590576171875
-0.000454425811767578 -0.00734472274780273 0.100875854492188 0.0602798461914062
0.00226020812988281 -0.0133018493652344 -0.0775146484375 -0.0817184448242187
0.0154428482055664 -0.00186634063720703 0.0496673583984375 -0.146636962890625
0.0145330429077148 0.00556659698486328 0.221572875976563 -0.10357666015625
-0.00402069091796875 0.0114479064941406 0.331695556640625 0.102935791015625
-0.0235767364501953 0.0107192993164062 0.135772705078125 0.421112060546875
0.00398826599121094 -0.0232906341552734 -0.257080078125 0.46173095703125
0.0408058166503906 -0.0207023620605469 -0.397308349609375 0.147491455078125
0.0667686462402344 0.0204544067382813 -0.00125503540039062 0.0410957336425781
0.0587692260742188 -0.00138473510742188 0.441070556640625 -0.09600830078125
0.0210609436035156 -0.0155124664306641 0.29052734375 -0.46588134765625
-0.0156974792480469 -0.00635623931884766 -0.204559326171875 -0.415802001953125
-0.0184459686279297 0.00775718688964844 -0.341583251953125 -0.0379638671875001
0.00130939483642578 0.012822151184082 -0.220306396484375 0.153549194335937
0.00981330871582031 0.00223350524902344 -0.023712158203125 0.159896850585938
0.000958442687988281 -0.00894641876220703 0.0999984741210938 0.0631637573242187
0.00448417663574219 -0.015782356262207 -0.078857421875 -0.0802993774414063
0.0152072906494141 -0.00429725646972656 0.0459747314453125 -0.147979736328125
0.0170450210571289 0.0055999755859375 0.217178344726563 -0.111557006835938
-0.000180244445800782 0.0140590667724609 0.33251953125 0.09100341796875
-0.0207557678222656 0.0147018432617188 0.14935302734375 0.412567138671875
-0.00139808654785156 -0.0205135345458984 -0.240631103515625 0.4696044921875
0.0311107635498047 -0.0220127105712891 -0.39947509765625 0.15692138671875
0.0557746887207031 0.0160140991210938 -0.0151023864746094 0.0419387817382812
0.0514488220214844 -0.00105667114257813 0.438140869140625 -0.079071044921875
0.0185527801513672 -0.0126495361328125 0.30816650390625 -0.452178955078125
-0.013087272644043 -0.00308322906494141 -0.189422607421875 -0.42364501953125
-0.0149297714233398 0.0099954605102539 -0.342987060546875 -0.0501708984375
0.00298309326171875 0.013575553894043 -0.22412109375 0.147003173828125
0.0111837387084961 0.00113487243652344 -0.0264434814453125 0.159652709960938
0.00329780578613281 -0.012913703918457 0.0988235473632812 0.0630035400390625
0.0043487548828125 -0.0176334381103516 -0.08001708984375 -0.0803146362304688
0.0162019729614258 -0.0072784423828125 0.0439910888671875 -0.15069580078125
0.0191650390625 0.004638671875 0.21331787109375 -0.117904663085938
0.00384044647216797 0.0162105560302734 0.33172607421875 0.081024169921875
-0.0200729370117188 0.0197582244873047 0.15631103515625 0.4061279296875
-0.00627422332763672 -0.0144891738891602 -0.230560302734375 0.474365234375
0.0176677703857422 -0.0213088989257813 -0.399932861328125 0.166412353515625
0.0419540405273438 0.0113182067871094 -0.0230522155761719 0.043914794921875
0.0413818359375 0.000415802001953125 0.439239501953125 -0.065155029296875
0.0135736465454102 -0.00728607177734375 0.322052001953125 -0.442413330078125
-0.0130529403686523 0.000833511352539064 -0.17938232421875 -0.430328369140625
-0.0118818283081055 0.0121231079101562 -0.342864990234375 -0.0603637695312499
0.00496864318847656 0.0137691497802734 -0.227432250976563 0.140640258789062
0.0135555267333984 -0.00118827819824219 -0.028076171875 0.157363891601562
0.00402545928955078 -0.0139427185058594 0.0990524291992188 0.0636825561523438
0.00461006164550781 -0.019989013671875 -0.0803451538085937 -0.0807876586914063
0.0177059173583984 -0.00811004638671875 0.0443115234375 -0.152862548828125
0.0210914611816406 0.00312042236328125 0.212020874023437 -0.123001098632813
0.00681304931640625 0.0170583724975586 0.331146240234375 0.076629638671875
-0.0192966461181641 0.0246829986572266 0.15850830078125 0.4051513671875
-0.0114946365356445 -0.00806903839111328 -0.22698974609375 0.4764404296875
0.00547599792480469 -0.0182933807373047 -0.39923095703125 0.171783447265625
0.0261116027832031 0.00720024108886719 -0.0241966247558594 0.0481491088867187
0.0277347564697266 0.00111007690429688 0.442230224609375 -0.0576171875
0.00706338882446289 -0.00177192687988281 0.329803466796875 -0.4410400390625
-0.0135383605957031 0.00638580322265625 -0.1761474609375 -0.43292236328125
-0.0081644058227539 0.0138778686523438 -0.34246826171875 -0.065399169921875
0.00672340393066406 0.0131244659423828 -0.227996826171875 0.136428833007812
0.0136127471923828 -0.00195503234863281 -0.026275634765625 0.154998779296875
0.00493049621582031 -0.0161018371582031 0.100120544433594 0.064361572265625
0.0048065185546875 -0.0205154418945313 -0.08154296875 -0.0813522338867187
0.0190830230712891 -0.009735107421875 0.043975830078125 -0.156021118164063
0.0230789184570313 0.00146293640136719 0.209930419921875 -0.128738403320313
0.00759601593017578 0.0175590515136719 0.331207275390625 0.072357177734375
-0.0177173614501953 0.0298557281494141 0.1632080078125 0.40460205078125
-0.0158100128173828 -0.00271987915039062 -0.22381591796875 0.482635498046875
-0.00486278533935547 -0.0150537490844727 -0.395477294921875 0.178924560546875
0.0126857757568359 0.00496673583984375 -0.0166587829589844 0.0521202087402344
0.0166511535644531 0.00070953369140625 0.44927978515625 -0.06689453125
0.000534296035766602 0.00152230262756348 0.321044921875 -0.447113037109375
-0.0141801834106445 0.0106077194213867 -0.186309814453125 -0.42901611328125
-0.00643444061279297 0.0140838623046875 -0.344024658203125 -0.0587158203125
0.00987529754638672 0.0125236511230469 -0.223419189453125 0.137374877929687
0.0152664184570313 -0.0034332275390625 -0.0221405029296875 0.153839111328125
0.00480461120605469 -0.0156269073486328 0.103523254394531 0.0610427856445313
-0.00164651870727539 -0.00600290298461914 -0.077056884765625 -0.0878982543945313
0.0158567428588867 0.00414657592773438 0.0586395263671875 -0.149139404296875
0.00989818572998047 0.00477027893066406 0.234375 -0.0881195068359375
-0.0150299072265625 0.00633525848388672 0.329345703125 0.140960693359375
-0.0301647186279297 0.00695991516113281 0.095367431640625 0.446807861328125
0.00803184509277344 -0.0191440582275391 -0.3026123046875 0.44488525390625
0.0435638427734375 -0.00831222534179688 -0.38543701171875 0.119720458984375
0.0637435913085938 0.0257568359375 0.0491256713867188 0.0456733703613281
0.0533447265625 -4.57763671875E-05 0.449127197265625 -0.14642333984375
0.0147476196289062 -0.0129814147949219 0.230438232421875 -0.493682861328125
-0.0223598480224609 -0.005767822265625 -0.252044677734375 -0.37823486328125
-0.0250110626220703 0.00555419921875 -0.33929443359375 0.00579833984375002
0.000319480895996094 0.00917148590087891 -0.19927978515625 0.174423217773438
0.011500358581543 0.00629997253417969 -0.00494384765624998 0.15704345703125
-0.00333714485168457 -0.00206661224365234 0.107040405273438 0.0564346313476563
-0.000660419464111329 -0.00710058212280273 -0.0773086547851563 -0.0853424072265625
0.0154266357421875 0.00305080413818359 0.0548248291015625 -0.148056030273438
0.0106258392333984 0.00540637969970703 0.231277465820312 -0.0936431884765625
-0.0127086639404297 0.00813770294189453 0.3328857421875 0.12896728515625
-0.0278167724609375 0.00635147094726563 0.111175537109375 0.4410400390625
0.00888252258300781 -0.0238304138183594 -0.28741455078125 0.45245361328125
0.0477104187011719 -0.0136871337890625 -0.38983154296875 0.1275634765625
0.0717544555664063 0.024627685546875 0.0335502624511719 0.0430374145507813
0.0595588684082031 -0.00139236450195313 0.445648193359375 -0.13507080078125
0.0196475982666016 -0.0161571502685547 0.24468994140625 -0.48931884765625
-0.0205059051513672 -0.00748825073242187 -0.240936279296875 -0.388916015625
-0.0243549346923828 0.006134033203125 -0.3409423828125 -0.00473022460937496
0.000276565551757813 0.0109748840332031 -0.205398559570313 0.171493530273437
0.00992965698242188 0.0054779052734375 -0.0121002197265625 0.159835815429688
-0.00260472297668457 -0.00414180755615234 0.104103088378906 0.058258056640625
6.86645507812504E-05 -0.00954723358154297 -0.0777435302734375 -0.0826416015625
0.0139350891113281 0.000263214111328125 0.050201416015625 -0.148330688476563
0.0122699737548828 0.00539016723632813 0.227066040039063 -0.0998687744140625
-0.00924777984619141 0.0101633071899414 0.335052490234375 0.115203857421875
-0.0260581970214844 0.00716018676757813 0.129547119140625 0.431640625
0.00794601440429688 -0.0249061584472656 -0.268707275390625 0.46160888671875
0.0469245910644531 -0.0181655883789063 -0.394317626953125 0.140869140625
0.07220458984375 0.0224151611328125 0.0150260925292969 0.0407562255859375
0.0619163513183594 -0.00232315063476562 0.4427490234375 -0.11859130859375
0.0210189819335938 -0.0178031921386719 0.26470947265625 -0.4820556640625
-0.0182285308837891 -0.00812721252441407 -0.228118896484375 -0.40081787109375
-0.0219936370849609 0.00700569152832031 -0.342559814453125 -0.0189208984375
0.000504493713378905 0.0123109817504883 -0.212265014648437 0.16558837890625
0.00983715057373047 0.00415897369384766 -0.0164947509765625 0.161376953125
-0.00128316879272461 -0.00657558441162109 0.101692199707031 0.05926513671875
0.00144290924072266 -0.0131435394287109 -0.0785675048828125 -0.0805740356445313
0.0135335922241211 -0.00225257873535156 0.0462188720703125 -0.148666381835938
0.0143976211547852 0.00579166412353516 0.22149658203125 -0.108535766601563
-0.00511455535888672 0.0127744674682617 0.33538818359375 0.098724365234375
-0.0243988037109375 0.0111675262451172 0.1448974609375 0.421661376953125
0.00472068786621094 -0.0235786437988281 -0.25 0.46881103515625
0.0394401550292969 -0.0209274291992188 -0.397491455078125 0.153289794921875
0.0665931701660156 0.0180130004882813 -0.00177001953124999 0.0403366088867188
0.0591812133789063 -0.001678466796875 0.440155029296875 -0.102630615234375
0.0209007263183594 -0.0155601501464844 0.2850341796875 -0.469879150390625
-0.0156545639038086 -0.00591373443603516 -0.2115478515625 -0.413543701171875
-0.0184822082519531 0.00920486450195313 -0.344329833984375 -0.0323181152343751
0.00146198272705078 0.0133810043334961 -0.21826171875 0.159225463867188
0.0105791091918945 0.00258064270019531 -0.02008056640625 0.161376953125
-0.000423431396484375 -0.00943279266357422 0.10076904296875 0.0615310668945313
0.00213527679443359 -0.0159835815429688 -0.0808792114257812 -0.0789566040039063
0.0146951675415039 -0.00548553466796875 0.0435333251953125 -0.149826049804687
0.0165176391601563 0.00529098510742188 0.216064453125 -0.1162109375
-0.000516891479492188 0.0133495330810547 0.335968017578125 0.0860595703125
-0.0220756530761719 0.0152378082275391 0.157440185546875 0.41278076171875
-0.0011749267578125 -0.0198993682861328 -0.2340087890625 0.47564697265625
0.0296821594238281 -0.0215415954589844 -0.39898681640625 0.163726806640625
0.0566139221191406 0.0150375366210938 -0.014739990234375 0.0423545837402344
0.0510368347167969 -0.00157546997070313 0.439727783203125 -0.0850830078125
0.0184383392333984 -0.0120754241943359 0.3038330078125 -0.459747314453125
-0.0137491226196289 -0.0029144287109375 -0.198028564453125 -0.422607421875
-0.0148534774780273 0.0104007720947266 -0.344146728515625 -0.0457458496093749
0.00291061401367188 0.0143880844116211 -0.223037719726562 0.152786254882813
0.0113487243652344 0.000368118286132813 -0.0229034423828125 0.161422729492188
0.00157260894775391 -0.0123252868652344 0.100532531738281 0.0620956420898438
0.00325202941894531 -0.0191898345947266 -0.0820846557617187 -0.079315185546875
0.0156984329223633 -0.00776290893554688 0.041473388671875 -0.15185546875
0.019134521484375 0.00419425964355469 0.212478637695312 -0.122482299804687
0.00311565399169922 0.0162639617919922 0.3355712890625 0.075775146484375
-0.0190773010253906 0.0202808380126953 0.164886474609375 0.4073486328125
-0.00619697570800781 -0.0141658782958984 -0.223541259765625 0.480743408203125
0.0174636840820313 -0.0212764739990234 -0.399169921875 0.1746826171875
0.0414466857910156 0.0106391906738281 -0.0233116149902344 0.0446891784667969
0.0407981872558594 -0.000675201416015625 0.441162109375 -0.070281982421875
0.0138731002807617 -0.00780200958251953 0.318267822265625 -0.44989013671875
-0.0130605697631836 0.0020761489868164 -0.188079833984375 -0.430084228515625
-0.0104827880859375 0.0132846832275391 -0.3450927734375 -0.055633544921875
0.00471687316894531 0.0137348175048828 -0.226242065429688 0.145950317382813
0.0132732391357422 -0.00141716003417969 -0.025665283203125 0.160568237304688
0.00304698944091797 -0.0152215957641602 0.099609375 0.0631332397460938
0.00426864624023438 -0.0203151702880859 -0.0836334228515625 -0.0802536010742188
0.0173416137695313 -0.00925350189208984 0.041534423828125 -0.155258178710937
0.0210781097412109 0.00246238708496094 0.210403442382812 -0.127838134765625
0.00682830810546875 0.0173549652099609 0.334259033203125 0.07177734375
-0.0172901153564453 0.0257320404052734 0.165863037109375 0.406402587890625
-0.0108909606933594 -0.00906848907470703 -0.2210693359375 0.484527587890625
0.00528335571289063 -0.0188159942626953 -0.398162841796875 0.179595947265625
0.0263576507568359 0.0066986083984375 -0.0239639282226562 0.0480308532714844
0.0289192199707031 0.000337600708007813 0.443115234375 -0.065643310546875
0.00733757019042969 -0.00259017944335938 0.32464599609375 -0.448272705078125
-0.012944221496582 0.00611019134521484 -0.18402099609375 -0.432037353515625
-0.00809478759765625 0.0144596099853516 -0.345306396484375 -0.0591125488281249
0.00745105743408203 0.0131263732910156 -0.225631713867188 0.141708374023438
0.0152196884155273 -0.00179195404052734 -0.0240936279296875 0.1580810546875
0.00378894805908203 -0.0161161422729492 0.101638793945312 0.0616226196289063
0.00306129455566406 -0.0212497711181641 -0.0835723876953125 -0.0806884765625
0.0184059143066406 -0.00987815856933594 0.0412750244140625 -0.1580810546875
0.0225124359130859 0.00145149230957031 0.209060668945313 -0.133575439453125
0.00811576843261719 0.0187129974365234 0.335784912109375 0.066192626953125
-0.0172405242919922 0.029388427734375 0.17083740234375 0.406036376953125
-0.0146369934082031 -0.00215721130371094 -0.216796875 0.48797607421875
-0.00616359710693359 -0.0156545639038086 -0.39385986328125 0.1868896484375
0.0120439529418945 0.00461578369140625 -0.01605224609375 0.0520591735839844
0.0166110992431641 0.00130558013916016 0.44866943359375 -0.073028564453125
0.000750064849853516 0.00237512588500977 0.316619873046875 -0.4537353515625
-0.0145683288574219 0.0110263824462891 -0.19378662109375 -0.42706298828125
-0.00597572326660156 0.0148944854736328 -0.34759521484375 -0.05218505859375
0.00968456268310547 0.0120906829833984 -0.222640991210938 0.143280029296875
0.015528678894043 -0.00396919250488281 -0.019195556640625 0.156005859375
0.00376796722412109 -0.0162725448608398 0.104782104492188 0.0600509643554688
-0.00222969055175781 -0.00542545318603516 -0.0791015625 -0.0859222412109375
0.0156211853027344 0.00330638885498047 0.0562744140625 -0.151931762695312
0.00948143005371094 0.00451374053955078 0.23394775390625 -0.092803955078125
-0.0146961212158203 0.00698375701904297 0.333282470703125 0.13641357421875
-0.0284252166748047 0.00720787048339843 0.104827880859375 0.44757080078125
0.00792694091796875 -0.0193080902099609 -0.29595947265625 0.450958251953125
0.0427436828613281 -0.00953292846679688 -0.38543701171875 0.12579345703125
0.0648727416992188 0.0246543884277344 0.0501136779785156 0.0445289611816406
0.0539627075195313 -0.000835418701171875 0.44793701171875 -0.15338134765625
0.0154151916503906 -0.0132217407226563 0.22271728515625 -0.497772216796875
-0.0219745635986328 -0.00521278381347657 -0.2601318359375 -0.374542236328125
-0.0252685546875 0.00657844543457031 -0.339630126953125 0.010833740234375
0.0006866455078125 0.00895214080810547 -0.197021484375 0.178482055664063
0.0114631652832031 0.00626373291015625 -0.00329589843749999 0.158615112304687
-0.00401926040649414 -0.00209164619445801 0.107734680175781 0.0548629760742188
-0.000827312469482422 -0.00690698623657227 -0.0793838500976563 -0.0835418701171875
0.0137796401977539 0.00200462341308594 0.0525360107421875 -0.150421142578125
0.00996685028076172 0.00502395629882812 0.230422973632813 -0.098358154296875
-0.0128517150878906 0.00934123992919922 0.3363037109375 0.123443603515625
-0.0278759002685547 0.00644493103027344 0.1209716796875 0.440155029296875
0.00918006896972656 -0.0237922668457031 -0.279693603515625 0.459320068359375
0.0479583740234375 -0.0144996643066406 -0.389862060546875 0.13458251953125
0.0717620849609375 0.0234756469726563 0.0335121154785156 0.0423164367675781
0.0598983764648437 -0.00310897827148438 0.4451904296875 -0.142547607421875
0.0190849304199219 -0.0164260864257813 0.23828125 -0.495025634765625
-0.0201797485351562 -0.00681114196777343 -0.249053955078125 -0.384857177734375
-0.0246009826660156 0.00705718994140625 -0.34246826171875 0.00128173828124999
2.67028808593762E-05 0.0112266540527344 -0.2034912109375 0.176040649414063
0.0102701187133789 0.00580978393554688 -0.00813293457031249 0.160507202148438
-0.00315666198730469 -0.00338149070739746 0.105537414550781 0.056793212890625
-0.000403404235839843 -0.00956058502197266 -0.0800094604492188 -0.0806121826171875
0.0133037567138672 -0.000749588012695313 0.0478973388671875 -0.149246215820313
0.0111722946166992 0.00593852996826172 0.225906372070313 -0.104400634765625
-0.00987625122070313 0.00991058349609375 0.3387451171875 0.109405517578125
-0.0250301361083984 0.00872611999511719 0.138214111328125 0.430633544921875
0.00801467895507813 -0.0251235961914062 -0.26104736328125 0.466796875
0.045745849609375 -0.0185699462890625 -0.3939208984375 0.147674560546875
0.072357177734375 0.0213851928710938 0.0174446105957031 0.0415229797363281
0.0618705749511719 -0.00362396240234375 0.44219970703125 -0.12713623046875
0.0208797454833984 -0.0176906585693359 0.25738525390625 -0.4874267578125
-0.0181674957275391 -0.00774002075195313 -0.2353515625 -0.397552490234375
-0.0219230651855469 0.00793838500976563 -0.344329833984375 -0.013031005859375
0.000958442687988282 0.011897087097168 -0.209732055664062 0.17071533203125
0.010004997253418 0.0035400390625 -0.0130462646484375 0.162307739257813
-0.00217151641845703 -0.00664138793945313 0.103340148925781 0.0577621459960938
0.000904083251953125 -0.011993408203125 -0.0818252563476562 -0.07916259765625
0.0133247375488281 -0.00292778015136719 0.0435638427734375 -0.150344848632812
0.0140018463134766 0.00541400909423828 0.219818115234375 -0.113204956054688
-0.00532054901123047 0.0123968124389648 0.33917236328125 0.094451904296875
-0.0229721069335938 0.0114917755126953 0.15484619140625 0.42059326171875
0.00414848327636719 -0.0236568450927734 -0.240753173828125 0.4757080078125
0.0387306213378906 -0.0214881896972656 -0.39715576171875 0.160186767578125
0.0669593811035156 0.0181083679199219 -0.00152587890625 0.0411300659179688
0.0589675903320313 -0.0025177001953125 0.44049072265625 -0.10845947265625
0.0209865570068359 -0.01544189453125 0.277374267578125 -0.477325439453125
-0.0153322219848633 -0.00553798675537109 -0.221160888671875 -0.411865234375
-0.0185642242431641 0.00938224792480469 -0.34552001953125 -0.026275634765625
0.00116062164306641 0.0130491256713867 -0.216812133789063 0.164581298828125
0.0103073120117188 0.00192165374755859 -0.01739501953125 0.162857055664063
0.000236511230468751 -0.0095815658569336 0.103073120117188 0.0599212646484375
0.00133800506591797 -0.016444206237793 -0.0832061767578125 -0.0791244506835938
0.0134420394897461 -0.00519752502441406 0.040985107421875 -0.1527099609375
0.0163078308105469 0.00456428527832031 0.214691162109375 -0.120468139648438
-0.00017547607421875 0.0147075653076172 0.3385009765625 0.08062744140625
-0.0204906463623047 0.0164909362792969 0.167236328125 0.41290283203125
-0.00030517578125 -0.0197982788085938 -0.2266845703125 0.480804443359375
0.0287399291992188 -0.0230674743652344 -0.39837646484375 0.171234130859375
0.0569686889648438 0.0150299072265625 -0.0145225524902344 0.0426445007324219
0.0521202087402344 -0.002471923828125 0.438812255859375 -0.09222412109375
0.0191822052001953 -0.0127391815185547 0.295928955078125 -0.465423583984375
-0.0142555236816406 -0.00273895263671875 -0.2071533203125 -0.421356201171875
-0.0146923065185547 0.0111589431762695 -0.346954345703125 -0.03985595703125
0.00325965881347656 0.0139589309692383 -0.2218017578125 0.157684326171875
0.0116996765136719 0.000193595886230469 -0.0207366943359375 0.163131713867188
0.000594139099121093 -0.0128345489501953 0.102119445800781 0.0608062744140625
0.0016326904296875 -0.0179729461669922 -0.0845108032226562 -0.07830810546875
0.0149726867675781 -0.00810718536376953 0.03863525390625 -0.153778076171875
0.0184383392333984 0.00295257568359375 0.2110595703125 -0.127700805664063
0.00361728668212891 0.0160112380981445 0.338226318359375 0.070220947265625
-0.0180225372314453 0.0212917327880859 0.17266845703125 0.40655517578125
-0.00592422485351562 -0.0147018432617187 -0.215179443359375 0.486663818359375
0.0166130065917969 -0.0213699340820313 -0.396636962890625 0.18109130859375
0.0422630310058594 0.0098724365234375 -0.021453857421875 0.0447006225585938
0.0409355163574219 -0.000339508056640625 0.44073486328125 -0.077484130859375
0.0139884948730469 -0.00698757171630859 0.310546875 -0.457855224609375
-0.0137147903442383 0.00232601165771485 -0.195343017578125 -0.427886962890625
-0.0110511779785156 0.0137128829956055 -0.34674072265625 -0.0502014160156251
0.00550556182861328 0.0139617919921875 -0.224288940429688 0.15142822265625
0.0125217437744141 -0.00142955780029297 -0.021514892578125 0.161788940429688
0.00257968902587891 -0.0153646469116211 0.10162353515625 0.06085205078125
0.00334358215332031 -0.020294189453125 -0.0857772827148437 -0.0788650512695313
0.0160036087036133 -0.00959205627441406 0.038665771484375 -0.156265258789063
0.020843505859375 0.00171470642089844 0.2095947265625 -0.132843017578125
0.00671195983886719 0.0181369781494141 0.336700439453125 0.06622314453125
-0.0171833038330078 0.0259037017822266 0.175079345703125 0.40478515625
-0.010930061340332 -0.0083160400390625 -0.212860107421875 0.489501953125
0.00360107421875 -0.0185947418212891 -0.396392822265625 0.185760498046875
0.0259304046630859 0.00657081604003906 -0.023284912109375 0.0489730834960938
0.0286140441894531 0.000484466552734375 0.443817138671875 -0.07232666015625
0.00732040405273437 -0.00189924240112305 0.317840576171875 -0.454132080078125
-0.0132865905761719 0.00756359100341797 -0.192840576171875 -0.4300537109375
-0.00811672210693359 0.0149784088134766 -0.348052978515625 -0.05364990234375
0.00798702239990234 0.0136985778808594 -0.224746704101562 0.147125244140625
0.0143117904663086 -0.00320720672607422 -0.02093505859375 0.158966064453125
0.00269889831542969 -0.0158138275146484 0.102737426757813 0.0606918334960938
0.00265312194824219 -0.0206413269042969 -0.0861053466796875 -0.0805206298828125
0.0172090530395508 -0.0101509094238281 0.038421630859375 -0.159637451171875
0.0216045379638672 0.000858306884765625 0.207717895507813 -0.1383056640625
0.00837135314941406 0.0183219909667969 0.337921142578125 0.06201171875
-0.0170421600341797 0.0305633544921875 0.179107666015625 0.40447998046875
-0.0144767761230469 -0.00179100036621094 -0.20965576171875 0.4947509765625
-0.00751781463623047 -0.0147914886474609 -0.39349365234375 0.192657470703125
0.0121831893920898 0.00475978851318359 -0.0155677795410156 0.0526657104492187
0.0174140930175781 0.00135421752929688 0.4490966796875 -0.079620361328125
0.00200915336608887 0.00274753570556641 0.3104248046875 -0.461181640625
-0.013789176940918 0.0121192932128906 -0.203277587890625 -0.42498779296875
-0.00626277923583985 0.0151357650756836 -0.349517822265625 -0.04644775390625
0.010645866394043 0.0122947692871094 -0.2200927734375 0.14886474609375
0.0161771774291992 -0.00395679473876953 -0.015655517578125 0.15771484375
0.00284290313720703 -0.0164737701416016 0.10565185546875 0.0571441650390625
-0.00293493270874023 -0.00594043731689453 -0.080780029296875 -0.0853424072265625
0.015172004699707 0.00372505187988281 0.0532989501953125 -0.15264892578125
0.00906276702880859 0.00452709197998047 0.23236083984375 -0.0970306396484375
-0.0155048370361328 0.00749397277832031 0.335845947265625 0.130615234375
-0.0282192230224609 0.00722885131835938 0.11468505859375 0.44580078125
0.00882339477539063 -0.0193214416503906 -0.28692626953125 0.457855224609375
0.0430564880371094 -0.00979995727539063 -0.3839111328125 0.132293701171875
0.0641593933105469 0.0234184265136719 0.0504188537597656 0.0438461303710938
0.0538215637207031 -0.00173568725585938 0.446380615234375 -0.160736083984375
0.0154294967651367 -0.0139293670654297 0.2144775390625 -0.5030517578125
-0.0223770141601562 -0.00463485717773438 -0.26751708984375 -0.36944580078125
-0.0251827239990234 0.00673675537109375 -0.339752197265625 0.0184936523437501
0.000875473022460937 0.00949287414550781 -0.192794799804688 0.183349609375
0.0118618011474609 0.00580692291259766 0.000167846679687486 0.159469604492188
-0.00491142272949219 -0.00258779525756836 0.1092529296875 0.053375244140625
-0.00279140472412109 -0.00747203826904297 -0.0809326171875 -0.0831832885742187
0.0145187377929687 0.00222587585449219 0.049407958984375 -0.151336669921875
0.00935649871826172 0.00457477569580078 0.228561401367188 -0.10345458984375
-0.0129976272583008 0.00890827178955078 0.339599609375 0.117401123046875
-0.0264835357666016 0.0068817138671875 0.131317138671875 0.438507080078125
0.0100116729736328 -0.0242118835449219 -0.27020263671875 0.46484375
0.0464973449707031 -0.0150489807128906 -0.38739013671875 0.1417236328125
0.0715789794921875 0.02239990234375 0.0343208312988281 0.0415916442871094
0.060089111328125 -0.00310897827148437 0.442657470703125 -0.1497802734375
0.0195369720458984 -0.0170326232910156 0.229705810546875 -0.497406005859375
-0.0210075378417969 -0.00664138793945313 -0.256591796875 -0.381500244140625
-0.024444580078125 0.00749969482421876 -0.343597412109375 0.00720214843749999
0.000928878784179686 0.0108757019042969 -0.199981689453125 0.180709838867188
0.0105295181274414 0.00508594512939453 -0.00579833984375001 0.16168212890625
-0.00400209426879883 -0.00414776802062988 0.106475830078125 0.0552978515625
-0.00193119049072266 -0.00937080383300781 -0.0818099975585938 -0.0798492431640625
0.0130720138549805 -0.000104904174804688 0.0447540283203125 -0.151092529296875
0.0117025375366211 0.00595188140869141 0.223556518554688 -0.10919189453125
-0.00952625274658203 0.0106592178344727 0.340728759765625 0.1038818359375
-0.0243663787841797 0.00897789001464844 0.146148681640625 0.429901123046875
0.00777244567871094 -0.0256900787353516 -0.252655029296875 0.472900390625
0.044830322265625 -0.019805908203125 -0.3912353515625 0.153717041015625
0.0728302001953125 0.02044677734375 0.0168495178222656 0.0402374267578125
0.0622482299804687 -0.00334548950195312 0.439483642578125 -0.133087158203125
0.0215225219726563 -0.017852783203125 0.249053955078125 -0.491668701171875
-0.0177688598632813 -0.00622749328613282 -0.243499755859375 -0.394134521484375
-0.0221023559570313 0.00828742980957031 -0.344329833984375 -0.00531005859374994
0.000311851501464843 0.0122308731079102 -0.207260131835938 0.175003051757812
0.00994396209716797 0.00403785705566406 -0.0107421875 0.164276123046875
-0.00325250625610352 -0.00650596618652344 0.104400634765625 0.0560989379882813
-0.000398635864257814 -0.0132026672363281 -0.08331298828125 -0.0786361694335937
0.0129880905151367 -0.00354290008544922 0.04071044921875 -0.152114868164063
0.0130786895751953 0.00471591949462891 0.2181396484375 -0.118209838867188
-0.00504589080810547 0.0128278732299805 0.342132568359375 0.08758544921875
-0.0223941802978516 0.0123348236083984 0.161590576171875 0.41796875
0.00494575500488281 -0.0246162414550781 -0.23321533203125 0.480987548828125
0.0381622314453125 -0.021209716796875 -0.394989013671875 0.167266845703125
0.0664558410644531 0.0170822143554688 -0.000736236572265621 0.0409889221191406
0.0595283508300781 -0.00387191772460937 0.4395751953125 -0.116668701171875
0.0209369659423828 -0.0164337158203125 0.269805908203125 -0.481414794921875
-0.0157461166381836 -0.00469017028808594 -0.228759765625 -0.406219482421875
-0.0190658569335937 0.0100193023681641 -0.347747802734375 -0.0197448730468749
0.0018768310546875 0.0133695602416992 -0.21240234375 0.169570922851563
0.0108737945556641 0.00162792205810547 -0.0141143798828125 0.164016723632813
-0.00140857696533203 -0.00976276397705078 0.102546691894531 0.0581588745117188
0.000895500183105468 -0.0162897109985352 -0.0837631225585937 -0.0776443481445313
0.0129861831665039 -0.00610923767089844 0.037384033203125 -0.153564453125
0.0159835815429688 0.00446224212646484 0.212875366210938 -0.125473022460938
-0.000478744506835939 0.0145425796508789 0.34136962890625 0.074493408203125
-0.0204200744628906 0.0168075561523438 0.174407958984375 0.409576416015625
1.33514404296857E-05 -0.0197105407714844 -0.2177734375 0.4881591796875
0.0275688171386719 -0.02264404296875 -0.39508056640625 0.177581787109375
0.0566558837890625 0.0135269165039063 -0.0141639709472656 0.0423316955566406
0.052032470703125 -0.00189208984375 0.437469482421875 -0.098968505859375
0.0183906555175781 -0.0132083892822266 0.2900390625 -0.472076416015625
-0.0131416320800781 -0.00194931030273437 -0.2138671875 -0.41717529296875
-0.0144805908203125 0.0115947723388672 -0.348602294921875 -0.032196044921875
0.0034942626953125 0.0141582489013672 -0.218185424804687 0.162094116210937
0.0113105773925781 -2.6702880859375E-05 -0.0172576904296875 0.164291381835938
0.000626564025878907 -0.0126924514770508 0.102386474609375 0.0598678588867187
0.00146675109863281 -0.0191192626953125 -0.0858078002929688 -0.0773391723632813
0.0139150619506836 -0.00753974914550781 0.0359954833984375 -0.155838012695313
0.0185337066650391 0.002349853515625 0.208511352539063 -0.132415771484375
0.00346851348876953 0.0162544250488281 0.339996337890625 0.0643310546875
-0.0177154541015625 0.0222911834716797 0.18255615234375 0.40386962890625
-0.00555801391601562 -0.0142269134521484 -0.20703125 0.49188232421875
0.0157318115234375 -0.0222072601318359 -0.39495849609375 0.186920166015625
0.0416603088378906 0.00853347778320313 -0.0209808349609375 0.0457267761230469
0.0414657592773437 -0.001220703125 0.439544677734375 -0.085693359375
0.0141324996948242 -0.00797080993652344 0.303009033203125 -0.462554931640625
-0.0121231079101563 0.00321674346923828 -0.204254150390625 -0.42510986328125
-0.0113658905029297 0.0143661499023438 -0.348968505859375 -0.0434875488281249
0.00566196441650391 0.0141544342041016 -0.220977783203125 0.155426025390625
0.0135622024536133 -0.00171279907226563 -0.0189208984375 0.162155151367188
0.00190353393554687 -0.0152740478515625 0.10247802734375 0.0596466064453125
0.00178337097167969 -0.0202713012695313 -0.0873184204101562 -0.0766372680664063
0.0152044296264648 -0.00988483428955078 0.034942626953125 -0.15771484375
0.0208358764648438 0.00147628784179688 0.206573486328125 -0.137405395507813
0.00692939758300781 0.0178775787353516 0.338836669921875 0.060760498046875
-0.0162754058837891 0.0262184143066406 0.183349609375 0.402191162109375
-0.0101337432861328 -0.00813484191894531 -0.203216552734375 0.493072509765625
0.00279998779296875 -0.0189838409423828 -0.393768310546875 0.1915283203125
0.0255508422851563 0.00627899169921875 -0.0223159790039062 0.0485305786132813
0.02911376953125 -0.000329971313476563 0.4434814453125 -0.079193115234375
0.00830841064453125 -0.00212240219116211 0.3114013671875 -0.458587646484375
-0.0122652053833008 0.00744438171386719 -0.2000732421875 -0.427337646484375
-0.00780296325683594 0.0155029296875 -0.349151611328125 -0.04754638671875
0.0076904296875 0.0134077072143555 -0.22174072265625 0.151473999023437
0.014592170715332 -0.00392341613769531 -0.017608642578125 0.160125732421875
0.00232791900634765 -0.01654052734375 0.10443115234375 0.0590896606445313
0.00167465209960937 -0.0211124420166016 -0.087799072265625 -0.0788726806640625
0.0167579650878906 -0.0114688873291016 0.03533935546875 -0.160842895507813
0.0211162567138672 0.000402450561523438 0.205368041992187 -0.142593383789062
0.00831413269042969 0.0186538696289063 0.339202880859375 0.055419921875
-0.0159530639648437 0.0310382843017578 0.187469482421875 0.4024658203125
-0.0137596130371094 -0.00261688232421875 -0.198211669921875 0.499298095703125
-0.0082082748413086 -0.0147237777709961 -0.3896484375 0.200286865234375
0.0111856460571289 0.00406455993652344 -0.0139732360839844 0.0524368286132813
0.0168848037719727 0.000472068786621094 0.44781494140625 -0.087615966796875
0.00218391418457031 0.00266146659851074 0.302154541015625 -0.464385986328125
-0.0133905410766602 0.0125265121459961 -0.211029052734375 -0.421630859375
-0.00650882720947265 0.0158853530883789 -0.351287841796875 -0.039947509765625
0.0105447769165039 0.0122509002685547 -0.217269897460938 0.153549194335938
0.0158939361572266 -0.00416278839111328 -0.0127105712890625 0.158248901367188
0.00160980224609375 -0.0175933837890625 0.106971740722656 0.0563735961914063
-0.00331592559814453 -0.0048365592956543 -0.0824737548828125 -0.084136962890625
0.0145797729492188 0.00403118133544922 0.0503082275390625 -0.153610229492188
0.0087127685546875 0.00408554077148438 0.230224609375 -0.102020263671875
-0.0155134201049805 0.00753974914550781 0.338592529296875 0.124664306640625
-0.0272789001464844 0.00853347778320313 0.12261962890625 0.443939208984375
0.00913619995117188 -0.0197315216064453 -0.278106689453125 0.462921142578125
0.0408782958984375 -0.0106697082519531 -0.379669189453125 0.13861083984375
0.06396484375 0.0222740173339844 0.0507659912109375 0.0429496765136719
0.053070068359375 -0.00264358520507813 0.442535400390625 -0.167388916015625
0.0148830413818359 -0.0140695571899414 0.206451416015625 -0.505096435546875
-0.0211963653564453 -0.00397109985351562 -0.274169921875 -0.363983154296875
-0.0250930786132813 0.00780296325683594 -0.339263916015625 0.024993896484375
0.00100421905517578 0.00969696044921875 -0.189498901367188 0.186813354492188
0.0117149353027344 0.00573635101318359 0.00338745117187501 0.159332275390625
-0.00560140609741211 -0.00241994857788086 0.109886169433594 0.0503997802734375
-0.00298786163330078 -0.00699710845947266 -0.0833816528320313 -0.0808486938476563
0.0129070281982422 0.00248622894287109 0.0464324951171875 -0.152755737304688
0.00932502746582031 0.00482082366943359 0.226394653320313 -0.107025146484375
-0.0132303237915039 0.00957012176513672 0.34210205078125 0.1124267578125
-0.0255260467529297 0.00809288024902344 0.138214111328125 0.437652587890625
0.00949668884277343 -0.0246410369873047 -0.261810302734375 0.4688720703125
0.0450820922851563 -0.0156593322753906 -0.385284423828125 0.147369384765625
0.0715789794921875 0.0211410522460938 0.0358619689941406 0.0408439636230469
0.0602760314941406 -0.00417327880859375 0.439208984375 -0.15594482421875
0.0193119049072266 -0.0174560546875 0.22064208984375 -0.502471923828125
-0.0203495025634766 -0.0063934326171875 -0.26416015625 -0.3768310546875
-0.02435302734375 0.00917816162109375 -0.341583251953125 0.0131530761718749
0.000249862670898436 0.0116157531738281 -0.196395874023437 0.18402099609375
0.0105905532836914 0.00483036041259766 -0.002655029296875 0.161819458007812
-0.00500917434692383 -0.00382471084594726 0.106986999511719 0.0531387329101563
-0.00197029113769531 -0.00972843170166016 -0.0844650268554687 -0.0785293579101563
0.0126218795776367 -0.000414848327636719 0.0424957275390625 -0.152328491210937
0.0108098983764648 0.00536632537841797 0.222763061523437 -0.112991333007813
-0.00961780548095703 0.0108833312988281 0.342926025390625 0.096954345703125
-0.0244255065917969 0.00973701477050781 0.155120849609375 0.426971435546875
0.00769996643066406 -0.0255165100097656 -0.243927001953125 0.478912353515625
0.0433845520019531 -0.0195503234863281 -0.38800048828125 0.1590576171875
0.072601318359375 0.0192031860351563 0.0175209045410156 0.0399932861328125
0.0617713928222656 -0.00589370727539062 0.4371337890625 -0.140472412109375
0.0217819213867188 -0.0181808471679688 0.24029541015625 -0.49505615234375
-0.0176658630371094 -0.00615119934082031 -0.2498779296875 -0.3885498046875
-0.0222530364990234 0.00983238220214844 -0.3450927734375 0.000793457031249934
0.000627517700195314 0.0125904083251953 -0.202713012695313 0.17987060546875
0.00992202758789063 0.00360202789306641 -0.0067138671875 0.163803100585938
-0.0038604736328125 -0.0063934326171875 0.104743957519531 0.0546646118164063
-5.05447387695325E-05 -0.0118999481201172 -0.0843276977539063 -0.0761184692382813
0.0123844146728516 -0.00322818756103516 0.0368499755859375 -0.153457641601563
0.0121250152587891 0.00527763366699219 0.2156982421875 -0.121978759765625
-0.00527381896972656 0.0132322311401367 0.343475341796875 0.081939697265625
-0.0214786529541016 0.0119457244873047 0.170166015625 0.41558837890625
0.00374412536621094 -0.0253543853759766 -0.2237548828125 0.4840087890625
0.0366363525390625 -0.0233345031738281 -0.38934326171875 0.17266845703125
0.0664939880371094 0.0148124694824219 0.000202178955078129 0.0404624938964844
0.0588874816894531 -0.00389862060546875 0.436004638671875 -0.12237548828125
0.0218238830566406 -0.0167465209960938 0.261871337890625 -0.48541259765625
-0.0156822204589844 -0.00440025329589844 -0.23516845703125 -0.402801513671875
-0.0183944702148438 0.0101089477539062 -0.346649169921875 -0.012908935546875
0.00258922576904297 0.0136508941650391 -0.209259033203125 0.1737060546875
0.0108957290649414 0.00206565856933594 -0.0111236572265625 0.164886474609375
-0.00153350830078125 -0.0100317001342773 0.103889465332031 0.0553512573242187
0.000149726867675783 -0.0150890350341797 -0.0862503051757813 -0.0748825073242188
0.0120048522949219 -0.00542354583740234 0.034332275390625 -0.154373168945312
0.0159387588500977 0.00300502777099609 0.20928955078125 -0.130828857421875
-0.00036144256591797 0.0150346755981445 0.342041015625 0.06768798828125
-0.0181465148925781 0.0163803100585938 0.18389892578125 0.4066162109375
-0.00123786926269531 -0.0198497772216797 -0.2080078125 0.490753173828125
0.0266399383544922 -0.0229873657226563 -0.392364501953125 0.183868408203125
0.0557212829589844 0.0118446350097656 -0.0123634338378906 0.0421943664550781
0.0526351928710937 -0.00440597534179687 0.4351806640625 -0.106201171875
0.0191764831542969 -0.0134105682373047 0.280731201171875 -0.474517822265625
-0.0128097534179688 -0.0007476806640625 -0.222900390625 -0.413177490234375
-0.0154409408569336 0.0125236511230469 -0.348785400390625 -0.025604248046875
0.00437831878662109 0.013575553894043 -0.214370727539063 0.167343139648438
0.0115022659301758 0.000199317932128906 -0.013946533203125 0.1649169921875
0.00033092498779297 -0.0132837295532227 0.103401184082031 0.0573883056640625
0.000917434692382812 -0.0179729461669922 -0.0876083374023438 -0.0771331787109375
0.0130519866943359 -0.00887584686279297 0.031829833984375 -0.1573486328125
0.0169200897216797 0.00277423858642578 0.205093383789063 -0.136566162109375
0.00334644317626953 0.0168285369873047 0.34149169921875 0.059356689453125
-0.0166397094726562 0.0222415924072266 0.1903076171875 0.400787353515625
-0.00530910491943359 -0.0154972076416016 -0.197296142578125 0.494171142578125
0.0143070220947266 -0.0220661163330078 -0.39111328125 0.19268798828125
0.0405387878417969 0.007904052734375 -0.02117919921875 0.0461502075195313
0.0424690246582031 -0.0020294189453125 0.438018798828125 -0.091705322265625
0.0133209228515625 -0.00872421264648438 0.296783447265625 -0.466949462890625
-0.0128984451293945 0.00335884094238281 -0.2115478515625 -0.420684814453125
-0.011469841003418 0.0136957168579102 -0.3486328125 -0.0370788574218749
0.00574111938476563 0.0144472122192383 -0.2181396484375 0.16082763671875
0.0128631591796875 -0.00217056274414062 -0.0149078369140625 0.163253784179688
0.00101757049560547 -0.0155000686645508 0.103324890136719 0.0577163696289062
0.00112342834472656 -0.0199661254882813 -0.0884780883789063 -0.0763702392578125
0.0144720077514648 -0.0107040405273438 0.0325927734375 -0.158187866210938
0.0202579498291016 0.00141334533691406 0.203643798828125 -0.140350341796875
0.00599861145019531 0.0178165435791016 0.340728759765625 0.054412841796875
-0.0154895782470703 0.026641845703125 0.192626953125 0.399383544921875
-0.010106086730957 -0.00831127166748047 -0.193084716796875 0.49700927734375
0.00170135498046875 -0.0177669525146484 -0.389556884765625 0.1981201171875
0.0257186889648438 0.00628471374511719 -0.0212516784667969 0.0492439270019531
0.0288543701171875 -0.00122833251953125 0.44140625 -0.084228515625
0.00860500335693359 -0.00260591506958008 0.304168701171875 -0.46466064453125
-0.0120105743408203 0.00786876678466797 -0.2073974609375 -0.4241943359375
-0.00771331787109375 0.0160303115844727 -0.3499755859375 -0.0413818359375
0.00890636444091797 0.0133543014526367 -0.218215942382813 0.15576171875
0.0147075653076172 -0.00420665740966797 -0.0142822265625 0.160903930664063
0.00106906890869141 -0.0172262191772461 0.105079650878906 0.05718994140625
1.22895552265862E-18 -0.0200710296630859 -0.0895767211914063 -0.0779647827148438
0.0159835815429688 -0.0108833312988281 0.031646728515625 -0.162368774414063
0.0203380584716797 -0.000574111938476563 0.201400756835938 -0.146331787109375
0.00878620147705078 0.0175285339355469 0.339996337890625 0.050537109375
-0.0142402648925781 0.0309829711914063 0.1961669921875 0.39801025390625
-0.0143747329711914 -0.00161457061767578 -0.19012451171875 0.5020751953125
-0.00926494598388672 -0.0139951705932617 -0.3857421875 0.205902099609375
0.0115623474121094 0.00399684906005859 -0.0135498046875 0.05224609375
0.0175552368164063 0.000690460205078125 0.444732666015625 -0.093597412109375
0.00314807891845703 0.00292801856994629 0.29412841796875 -0.47015380859375
-0.0126180648803711 0.0121822357177734 -0.218353271484375 -0.417449951171875
-0.00513458251953125 0.0158672332763672 -0.350830078125 -0.034515380859375
0.0109281539916992 0.0113620758056641 -0.21429443359375 0.158462524414063
0.0156545639038086 -0.00540351867675781 -0.00970458984374999 0.159515380859375
0.00140762329101563 -0.0170402526855469 0.107589721679688 0.0547561645507813
-0.00461530685424805 -0.00447750091552734 -0.084716796875 -0.082794189453125
0.0138912200927734 0.00369834899902344 0.0465087890625 -0.155838012695313
0.00922679901123047 0.00375938415527344 0.227279663085938 -0.10711669921875
-0.0155153274536133 0.00851535797119141 0.3408203125 0.11785888671875
-0.0268192291259766 0.00841903686523438 0.13067626953125 0.441070556640625
0.00912857055664062 -0.0208511352539063 -0.268798828125 0.465057373046875
0.04071044921875 -0.0108184814453125 -0.377593994140625 0.1435546875
0.0632705688476562 0.021087646484375 0.0518379211425781 0.0415840148925781
0.0535316467285156 -0.00429534912109375 0.4378662109375 -0.173797607421875
0.0145330429077148 -0.0133914947509766 0.1973876953125 -0.507049560546875
-0.0213813781738281 -0.00329971313476563 -0.278106689453125 -0.358062744140625
-0.0247554779052734 0.008331298828125 -0.3382568359375 0.03076171875
0.00138568878173828 0.00954341888427734 -0.184463500976563 0.190444946289063
0.0120449066162109 0.005340576171875 0.0065765380859375 0.1597900390625
-0.00580215454101563 -0.00119352340698242 0.109519958496094 0.0489501953125
-0.00428247451782227 -0.00628185272216797 -0.0847244262695313 -0.0790252685546875
0.0129251480102539 0.00204849243164063 0.0432586669921875 -0.15399169921875
0.0096435546875 0.00509166717529297 0.224334716796875 -0.111236572265625
-0.0129337310791016 0.00974464416503906 0.342987060546875 0.10528564453125
-0.0259284973144531 0.00777053833007813 0.147216796875 0.432861328125
0.00965690612792969 -0.0244007110595703 -0.2530517578125 0.473114013671875
0.0449752807617188 -0.0156288146972656 -0.381256103515625 0.15179443359375
0.07073974609375 0.0200653076171875 0.0363349914550781 0.0394058227539063
0.0594520568847656 -0.00574874877929688 0.435455322265625 -0.162567138671875
0.01873779296875 -0.0174026489257813 0.212005615234375 -0.502105712890625
-0.0204849243164063 -0.00537109375 -0.268829345703125 -0.37005615234375
-0.0238533020019531 0.00933265686035156 -0.34088134765625 0.01971435546875
0.000714302062988281 0.0113286972045898 -0.192520141601562 0.187973022460938
0.010746955871582 0.00514411926269531 0.000488281250000006 0.16180419921875
-0.00545120239257813 -0.00385046005249023 0.106796264648437 0.0517425537109375
-0.00247287750244141 -0.0096282958984375 -0.0849990844726562 -0.076904296875
0.0126848220825195 -0.000239372253417969 0.038726806640625 -0.152938842773438
0.0105047225952148 0.00507450103759766 0.218704223632813 -0.1180419921875
-0.0093526840209961 0.0119218826293945 0.344268798828125 0.0909423828125
-0.0229816436767578 0.00916099548339844 0.163482666015625 0.423004150390625
0.0084381103515625 -0.026123046875 -0.233062744140625 0.480133056640625
0.0436248779296875 -0.0202789306640625 -0.38507080078125 0.1646728515625
0.071563720703125 0.0172348022460938 0.0177497863769531 0.0397605895996094
0.0613861083984375 -0.00589370727539063 0.433624267578125 -0.146392822265625
0.0211658477783203 -0.0186843872070313 0.2327880859375 -0.496490478515625
-0.0174283981323242 -0.00586128234863281 -0.255767822265625 -0.3841552734375
-0.0208816528320313 0.0101337432861328 -0.34405517578125 0.00726318359375008
0.000594139099121094 0.0123558044433594 -0.199234008789062 0.1837158203125
0.0108804702758789 0.00318145751953125 -0.00399780273437501 0.1639404296875
-0.00332164764404297 -0.00620269775390625 0.105033874511719 0.0526351928710938
-0.00229549407958984 -0.0128889083862305 -0.0868301391601562 -0.0755538940429688
0.0122289657592773 -0.00247955322265625 0.0345611572265625 -0.15411376953125
0.0122652053833008 0.00545310974121094 0.213287353515625 -0.12554931640625
-0.00576972961425781 0.013270378112793 0.3441162109375 0.076019287109375
-0.0206222534179688 0.0130348205566406 0.1793212890625 0.412872314453125
0.00375747680664063 -0.0246601104736328 -0.215240478515625 0.48577880859375
0.0355606079101563 -0.0231361389160156 -0.38623046875 0.1785888671875
0.0660552978515625 0.0139923095703125 0.000568389892578133 0.0400314331054687
0.0589866638183594 -0.00597763061523438 0.432586669921875 -0.12872314453125
0.0221138000488281 -0.0171871185302734 0.252532958984375 -0.487396240234375
-0.0152606964111328 -0.00452327728271484 -0.241302490234375 -0.396240234375
-0.0180873870849609 0.0108489990234375 -0.346282958984375 -0.00573730468750002
0.00213909149169922 0.0129985809326172 -0.20513916015625 0.177276611328125
0.0101146697998047 0.00142288208007812 -0.00704956054687498 0.16448974609375
-0.00280952453613281 -0.00901317596435547 0.104049682617188 0.0548019409179687
-0.00100421905517578 -0.0156087875366211 -0.088348388671875 -0.0747146606445313
0.0120735168457031 -0.00643348693847656 0.0310821533203125 -0.155166625976563
0.0150651931762695 0.00342273712158203 0.206512451171875 -0.13299560546875
-0.00133609771728516 0.0148077011108398 0.34271240234375 0.062255859375
-0.0189952850341797 0.0178165435791016 0.190185546875 0.4019775390625
-0.000186920166015626 -0.0202445983886719 -0.19708251953125 0.491302490234375
0.0251598358154297 -0.0243816375732422 -0.388427734375 0.188934326171875
0.0553359985351563 0.0113296508789063 -0.0124740600585937 0.0425262451171875
0.0522499084472656 -0.00445556640625 0.4320068359375 -0.1123046875
0.0194530487060547 -0.0126953125 0.27264404296875 -0.477447509765625
-0.0135440826416016 -0.000868797302246095 -0.22802734375 -0.407684326171875
-0.0141592025756836 0.0134868621826172 -0.34814453125 -0.02001953125
0.00393295288085937 0.0140352249145508 -0.210433959960937 0.170974731445313
0.0112619400024414 -0.000937461853027344 -0.01043701171875 0.164825439453125
-0.000805854797363281 -0.0127859115600586 0.103111267089844 0.054718017578125
-0.000513076782226561 -0.0187625885009766 -0.0888900756835938 -0.0745773315429687
0.012660026550293 -0.00879383087158203 0.02886962890625 -0.155990600585937
0.0168428421020508 0.0020751953125 0.203216552734375 -0.139083862304688
0.00345706939697265 0.0169315338134766 0.341827392578125 0.05224609375
-0.0161476135253906 0.0221652984619141 0.1964111328125 0.395660400390625
-0.00470733642578125 -0.0147581100463867 -0.18682861328125 0.497100830078125
0.0140857696533203 -0.0225257873535156 -0.386932373046875 0.199127197265625
0.0399932861328125 0.007568359375 -0.0205802917480469 0.0454597473144531
0.0410346984863281 -0.0027923583984375 0.433868408203125 -0.09783935546875
0.0147466659545898 -0.00829696655273438 0.286773681640625 -0.470611572265625
-0.0123605728149414 0.00366306304931641 -0.217803955078125 -0.414520263671875
-0.0103874206542969 0.0141696929931641 -0.34844970703125 -0.029510498046875
0.00558185577392578 0.013737678527832 -0.214340209960937 0.164566040039063
0.0127019882202148 -0.00230312347412109 -0.01226806640625 0.16290283203125
0.000409126281738281 -0.0148210525512695 0.103736877441406 0.0553741455078125
-0.000205993652343749 -0.0203609466552734 -0.089630126953125 -0.0749282836914063
0.0132331848144531 -0.011103630065918 0.02899169921875 -0.1585693359375
0.019134521484375 0.000242233276367188 0.199874877929687 -0.14483642578125
0.00674819946289063 0.0176868438720703 0.340606689453125 0.048004150390625
-0.0143966674804687 0.0270900726318359 0.198272705078125 0.39453125
-0.0100240707397461 -0.00794506072998047 -0.183990478515625 0.49871826171875
0.00197601318359375 -0.0182514190673828 -0.385467529296875 0.204986572265625
0.0247764587402344 0.00551033020019531 -0.0200119018554687 0.0493392944335937
0.0293464660644531 -0.000978469848632812 0.43792724609375 -0.091888427734375
0.00901222229003906 -0.00318241119384766 0.29302978515625 -0.466339111328125
-0.0121965408325195 0.0084228515625 -0.214752197265625 -0.418548583984375
-0.007537841796875 0.0166206359863281 -0.349273681640625 -0.0347900390624999
0.00822925567626953 0.0128097534179688 -0.215103149414062 0.159805297851562
0.0140485763549805 -0.00418376922607422 -0.011444091796875 0.161972045898438
0.000610351562499998 -0.0162382125854492 0.104835510253906 0.0545654296875
-0.00078010559082031 -0.0208797454833984 -0.0921096801757812 -0.0754928588867188
0.0157251358032227 -0.0121679306030273 0.0289459228515625 -0.16278076171875
0.0193862915039063 -0.00091552734375 0.197906494140625 -0.150283813476563
0.00825691223144531 0.0186061859130859 0.340087890625 0.043731689453125
-0.0133438110351562 0.0314273834228516 0.20355224609375 0.395843505859375
-0.0136899948120117 -0.00214958190917969 -0.180694580078125 0.503692626953125
-0.00967216491699219 -0.014103889465332 -0.3804931640625 0.2113037109375
0.00999641418457031 0.00383281707763672 -0.013275146484375 0.0529098510742188
0.0178852081298828 -0.000299453735351563 0.44268798828125 -0.1005859375
0.00336074829101563 0.00256228446960449 0.284698486328125 -0.471649169921875
-0.0125017166137695 0.0132265090942383 -0.225341796875 -0.411956787109375
-0.0047149658203125 0.0167083740234375 -0.350921630859375 -0.027862548828125
0.0104770660400391 0.0117092132568359 -0.210494995117188 0.161666870117187
0.0155763626098633 -0.00457191467285156 -0.006378173828125 0.159286499023438
0.000720024108886718 -0.0168275833129883 0.107666015625 0.0527114868164063
-0.00479650497436523 -0.00420570373535156 -0.0858840942382813 -0.08074951171875
0.0133609771728516 0.00328159332275391 0.0432586669921875 -0.15618896484375
0.00771808624267578 0.00343704223632812 0.224990844726563 -0.109970092773438
-0.0157766342163086 0.00863265991210938 0.34136962890625 0.112274169921875
-0.0267238616943359 0.00881767272949219 0.138946533203125 0.436981201171875
0.00921249389648437 -0.0210952758789063 -0.25970458984375 0.466461181640625
0.0403366088867188 -0.0108757019042969 -0.373992919921875 0.147430419921875
0.0627212524414063 0.0199813842773438 0.0515480041503906 0.0407257080078125
0.05377197265625 -0.00394821166992188 0.433074951171875 -0.177703857421875
0.0158519744873047 -0.0138530731201172 0.188507080078125 -0.50714111328125
-0.0220222473144531 -0.00246047973632812 -0.283050537109375 -0.35235595703125
-0.0247344970703125 0.00890159606933593 -0.336151123046875 0.035888671875
0.000712394714355468 0.0101766586303711 -0.180267333984375 0.193191528320312
0.0118856430053711 0.00484943389892578 0.00926208496093749 0.158493041992187
-0.0066227912902832 -0.00134563446044922 0.110069274902344 0.0476303100585938
-0.0042409896850586 -0.00569343566894531 -0.0863800048828125 -0.0781097412109375
0.0119304656982422 0.00199604034423828 0.04071044921875 -0.154510498046875
0.00835275650024414 0.00512170791625976 0.221328735351562 -0.114791870117187
-0.0130939483642578 0.00990772247314453 0.34466552734375 0.100006103515625
-0.0248470306396484 0.00847244262695312 0.154998779296875 0.42901611328125
0.00992393493652344 -0.0249748229980469 -0.244384765625 0.4752197265625
0.0435791015625 -0.0162086486816406 -0.377349853515625 0.15679931640625
0.0696220397949219 0.0188369750976563 0.0353012084960938 0.0387687683105469
0.0592231750488281 -0.00653076171875 0.430694580078125 -0.16680908203125
0.0192794799804688 -0.0171566009521484 0.202667236328125 -0.503082275390625
-0.0198078155517578 -0.00499153137207031 -0.273773193359375 -0.364410400390625
-0.0243606567382813 0.00912094116210937 -0.338836669921875 0.0255126953125
0.00114822387695312 0.0110960006713867 -0.188064575195313 0.19049072265625
0.0107269287109375 0.00437450408935547 0.00387573242187501 0.160903930664063
-0.00651645660400391 -0.00315761566162109 0.107574462890625 0.049774169921875
-0.00335693359375 -0.00847768783569336 -0.0860671997070312 -0.0760269165039063
0.0109138488769531 -0.000449180603027344 0.0364532470703125 -0.152496337890625
0.01025390625 0.00520229339599609 0.216278076171875 -0.121414184570313
-0.00992107391357422 0.0110483169555664 0.345123291015625 0.084808349609375
-0.0228919982910156 0.00969696044921875 0.1707763671875 0.420166015625
0.00797080993652343 -0.0258865356445312 -0.224639892578125 0.48248291015625
0.0418128967285156 -0.0202445983886719 -0.380157470703125 0.16943359375
0.070343017578125 0.0162582397460937 0.0183601379394531 0.0382537841796875
0.0611610412597656 -0.00791549682617188 0.428497314453125 -0.15155029296875
0.0214004516601563 -0.0183162689208984 0.2215576171875 -0.497161865234375
-0.0176010131835938 -0.00511741638183594 -0.26141357421875 -0.377593994140625
-0.0214290618896484 0.0106105804443359 -0.342559814453125 0.0133972167968749
0.00147724151611328 0.012425422668457 -0.194595336914063 0.186325073242188
0.0107460021972656 0.00334453582763672 -0.00189208984374998 0.16290283203125
-0.0041804313659668 -0.00654935836791992 0.104873657226563 0.0511245727539063
-0.00210189819335937 -0.0124101638793945 -0.0875167846679687 -0.0743484497070313
0.0118932723999023 -0.00366115570068359 0.03179931640625 -0.15313720703125
0.0120973587036133 0.00429439544677734 0.209671020507813 -0.129150390625
-0.00472164154052734 0.0137243270874023 0.343597412109375 0.070648193359375
-0.0202484130859375 0.0128078460693359 0.18475341796875 0.406890869140625
0.00424575805664063 -0.0253200531005859 -0.203338623046875 0.487548828125
0.03509521484375 -0.0216217041015625 -0.381500244140625 0.182647705078125
0.0657196044921875 0.01397705078125 0.00150299072265626 0.0399703979492188
0.0586395263671875 -0.0069732666015625 0.42803955078125 -0.133697509765625
0.0221767425537109 -0.0174121856689453 0.24456787109375 -0.488189697265625
-0.0153379440307617 -0.00309181213378906 -0.2469482421875 -0.39031982421875
-0.0181350708007813 0.0117473602294922 -0.34417724609375 -0.000396728515625012
0.00236797332763672 0.0131406784057617 -0.20086669921875 0.180404663085937
0.0108432769775391 0.00110340118408203 -0.0044708251953125 0.164306640625
-0.00338268280029297 -0.00887203216552734 0.103897094726562 0.052825927734375
-0.00167751312255859 -0.015751838684082 -0.0890045166015625 -0.0728607177734375
0.0110969543457031 -0.00672054290771484 0.0280914306640625 -0.154281616210938
0.0144948959350586 0.00415611267089844 0.20404052734375 -0.135940551757813
-0.00146770477294922 0.0152482986450195 0.34320068359375 0.056243896484375
-0.0176830291748047 0.0174369812011719 0.1968994140625 0.398284912109375
-8.58306884765624E-05 -0.0199851989746094 -0.188812255859375 0.49407958984375
0.0233936309814453 -0.0228958129882813 -0.382080078125 0.194122314453125
0.0537376403808594 0.0101890563964844 -0.0118179321289062 0.0418548583984375
0.0519485473632813 -0.00548934936523438 0.42816162109375 -0.1180419921875
0.0192337036132813 -0.0132732391357422 0.264068603515625 -0.4794921875
-0.0128345489501953 -0.000728607177734377 -0.23321533203125 -0.401275634765625
-0.0139875411987305 0.0133695602416992 -0.346954345703125 -0.01361083984375
0.00390815734863281 0.0133113861083984 -0.206497192382813 0.173965454101562
0.0114583969116211 -0.0009307861328125 -0.00802612304687499 0.16522216796875
-0.00148200988769531 -0.0122842788696289 0.102691650390625 0.0533599853515625
-0.00121116638183594 -0.0181446075439453 -0.0903472900390625 -0.0731735229492188
0.0116720199584961 -0.0083465576171875 0.0256805419921875 -0.156997680664063
0.0171175003051758 0.00175857543945313 0.199874877929688 -0.143508911132813
0.00265216827392578 0.0161285400390625 0.3409423828125 0.0467529296875
-0.0155487060546875 0.0224647521972656 0.20452880859375 0.39141845703125
-0.00500869750976563 -0.0145301818847656 -0.178009033203125 0.49700927734375
0.0122852325439453 -0.0209617614746094 -0.381591796875 0.20257568359375
0.0392799377441406 0.00702285766601563 -0.0199356079101562 0.0457077026367187
0.0406875610351562 -0.0044708251953125 0.430816650390625 -0.103240966796875
0.0156946182250977 -0.00787162780761719 0.27838134765625 -0.4715576171875
-0.0114831924438477 0.00475025177001953 -0.2232666015625 -0.4093017578125
-0.0107107162475586 0.0152111053466797 -0.347412109375 -0.0233154296874999
0.00623798370361328 0.0133905410766602 -0.210723876953125 0.1676025390625
0.0130147933959961 -0.00276756286621094 -0.00827026367187499 0.163818359375
-0.000402450561523439 -0.0147600173950195 0.103927612304688 0.054290771484375
-0.0013275146484375 -0.0196247100830078 -0.0911712646484375 -0.0728225708007813
0.0135288238525391 -0.0109100341796875 0.025726318359375 -0.159393310546875
0.0188732147216797 0.000518798828125 0.19610595703125 -0.14837646484375
0.00698661804199219 0.0177364349365234 0.340667724609375 0.04315185546875
-0.0135173797607422 0.0270423889160156 0.20465087890625 0.3895263671875
-0.00852108001708984 -0.00894451141357422 -0.175933837890625 0.49945068359375
0.000459671020507812 -0.0176372528076172 -0.381439208984375 0.207855224609375
0.0240459442138672 0.00500297546386719 -0.0205345153808594 0.0488357543945313
0.0287666320800781 -0.00168609619140625 0.434722900390625 -0.099090576171875
0.00967884063720703 -0.002593994140625 0.285797119140625 -0.46868896484375
-0.0110177993774414 0.00947952270507812 -0.22064208984375 -0.4132080078125
-0.00761604309082031 0.0159244537353516 -0.3489990234375 -0.028594970703125
0.00870227813720703 0.0134744644165039 -0.2109375 0.163299560546875
0.0147285461425781 -0.00507926940917969 -0.00814819335937501 0.160308837890625
0.000306129455566405 -0.0161561965942383 0.105209350585938 0.0525741577148438
-0.00172805786132812 -0.0201969146728516 -0.0933074951171875 -0.07427978515625
0.0150041580200195 -0.0112380981445313 0.02630615234375 -0.162368774414063
0.020050048828125 -0.001007080078125 0.194961547851563 -0.152664184570313
0.00796604156494141 0.0172033309936523 0.339996337890625 0.03802490234375
-0.0121135711669922 0.0303478240966797 0.21112060546875 0.39013671875
-0.0115928649902344 -0.00234794616699219 -0.170654296875 0.50469970703125
-0.0100288391113281 -0.013336181640625 -0.376678466796875 0.215545654296875
0.0104780197143555 0.00353622436523438 -0.0125274658203125 0.0520896911621094
0.0176277160644531 -0.000505447387695313 0.439361572265625 -0.10595703125
0.00370383262634277 0.00245022773742676 0.276519775390625 -0.473419189453125
-0.0118522644042969 0.0138320922851563 -0.2296142578125 -0.40594482421875
-0.004730224609375 0.0176219940185547 -0.35009765625 -0.02142333984375
0.0100278854370117 0.0114040374755859 -0.207168579101563 0.16510009765625
0.0152473449707031 -0.00478839874267578 -0.00378417968749999 0.159164428710938
0.0005950927734375 -0.0162420272827148 0.107406616210938 0.04986572265625
-0.0060572624206543 -0.00423717498779297 -0.0865707397460938 -0.0795364379882812
0.0127248764038086 0.00296497344970703 0.040618896484375 -0.154876708984375
0.00780820846557617 0.00413656234741211 0.221817016601563 -0.113021850585937
-0.0155801773071289 0.0087594985961914 0.341552734375 0.105804443359375
-0.0254535675048828 0.00941276550292968 0.145538330078125 0.43292236328125
0.00897026062011719 -0.0211753845214844 -0.2503662109375 0.467376708984375
0.0393295288085938 -0.011260986328125 -0.36810302734375 0.1512451171875
0.0616264343261719 0.019195556640625 0.0517845153808594 0.0384864807128906
0.0531730651855469 -0.0048980712890625 0.427978515625 -0.182281494140625
0.015772819519043 -0.0142116546630859 0.1800537109375 -0.505828857421875
-0.0212783813476563 -0.00179672241210937 -0.2864990234375 -0.345245361328125
-0.0252895355224609 0.0103988647460938 -0.333221435546875 0.04168701171875
0.00126361846923828 0.00945663452148438 -0.175933837890625 0.19464111328125
0.0124788284301758 0.00486183166503906 0.0115509033203125 0.157806396484375
-0.00752639770507812 -0.0013737678527832 0.109336853027344 0.045928955078125
-0.00534152984619141 -0.00590705871582031 -0.0866622924804688 -0.0764236450195313
0.0120306015014648 0.00160598754882813 0.0370635986328125 -0.153915405273437
0.00877904891967773 0.00475311279296875 0.218902587890625 -0.117828369140625
-0.0133380889892578 0.010004997253418 0.343597412109375 0.093414306640625
-0.0241546630859375 0.00931739807128906 0.160308837890625 0.423736572265625
0.009918212890625 -0.0246829986572266 -0.23455810546875 0.475738525390625
0.0418472290039063 -0.016143798828125 -0.37286376953125 0.1602783203125
0.0687980651855469 0.0177116394042969 0.0356636047363281 0.0373687744140625
0.0590553283691406 -0.00702285766601562 0.425689697265625 -0.171417236328125
0.0200862884521484 -0.0176010131835938 0.196136474609375 -0.502777099609375
-0.0197563171386719 -0.00409889221191407 -0.276763916015625 -0.356781005859375
-0.0233688354492187 0.0102462768554688 -0.335845947265625 0.0308532714843749
0.000630378723144533 0.0113058090209961 -0.183120727539062 0.192962646484375
0.0110225677490234 0.00401687622070313 0.00657653808593751 0.160980224609375
-0.0060124397277832 -0.00255537033081055 0.107269287109375 0.0478744506835938
-0.00361537933349609 -0.00856733322143555 -0.0877151489257812 -0.0740203857421875
0.0105018615722656 0.000169754028320313 0.0330657958984375 -0.15301513671875
0.00980091094970703 0.00472831726074219 0.212570190429687 -0.124282836914063
-0.0101852416992187 0.0105962753295898 0.3453369140625 0.07952880859375
-0.0220508575439453 0.00976181030273438 0.176666259765625 0.4139404296875
0.00770378112792968 -0.0256977081298828 -0.214813232421875 0.481231689453125
0.0407905578613281 -0.0202293395996094 -0.374908447265625 0.172821044921875
0.0703277587890625 0.0152511596679688 0.0174446105957031 0.0367050170898438
0.061309814453125 -0.00817489624023437 0.42388916015625 -0.1552734375
0.0211296081542969 -0.0189971923828125 0.215362548828125 -0.495880126953125
-0.0172262191772461 -0.00441360473632813 -0.264892578125 -0.370849609375
-0.0215911865234375 0.0110931396484375 -0.338958740234375 0.018585205078125
0.00143909454345703 0.0122299194335937 -0.19049072265625 0.187850952148438
0.0108737945556641 0.00307083129882813 0.00181579589843751 0.162933349609375
-0.00486326217651367 -0.00566244125366211 0.105415344238281 0.0497207641601563
-0.00330829620361328 -0.0111618041992188 -0.0880813598632813 -0.073211669921875
0.00979328155517578 -0.00282859802246094 0.0286407470703125 -0.153488159179687
0.0114717483520508 0.00402259826660156 0.205474853515625 -0.132080078125
-0.0056142807006836 0.0132417678833008 0.344146728515625 0.06414794921875
-0.0199851989746094 0.0135555267333984 0.191009521484375 0.401641845703125
0.00456428527832031 -0.0251903533935547 -0.1961669921875 0.4874267578125
0.0337696075439453 -0.0224571228027344 -0.3770751953125 0.18719482421875
0.0635261535644531 0.0130691528320312 0.00136947631835938 0.0384750366210938
0.0582618713378906 -0.00804519653320313 0.42291259765625 -0.138702392578125
0.0219230651855469 -0.0173149108886719 0.235260009765625 -0.488555908203125
-0.0145854949951172 -0.00275707244873047 -0.251068115234375 -0.3851318359375
-0.0177211761474609 0.0120277404785156 -0.342254638671875 0.00500488281250008
0.00269985198974609 0.0134286880493164 -0.196746826171875 0.182586669921875
0.0106792449951172 0.000728607177734375 -0.00247192382812499 0.16351318359375
-0.00390529632568359 -0.00896930694580078 0.103225708007812 0.0516510009765625
-0.00211811065673828 -0.0145463943481445 -0.0893096923828125 -0.07183837890625
0.010258674621582 -0.00567245483398437 0.0258331298828125 -0.154678344726563
0.0141868591308594 0.00332069396972656 0.200027465820313 -0.13897705078125
-0.000368118286132811 0.015681266784668 0.341827392578125 0.05120849609375
-0.0165004730224609 0.0169162750244141 0.203033447265625 0.393463134765625
-0.000110626220703123 -0.0208072662353516 -0.180206298828125 0.49224853515625
0.0235176086425781 -0.0226154327392578 -0.3780517578125 0.19781494140625
0.0532569885253906 0.00923538208007813 -0.011383056640625 0.0421676635742188
0.0506515502929688 -0.00603103637695313 0.423431396484375 -0.121612548828125
0.0195770263671875 -0.0138092041015625 0.255096435546875 -0.479827880859375
-0.0130615234375 -0.000164031982421877 -0.237884521484375 -0.3966064453125
-0.013824462890625 0.0138397216796875 -0.3450927734375 -0.00891113281250005
0.00445079803466797 0.0134124755859375 -0.201766967773438 0.17578125
0.0117769241333008 -0.000617027282714844 -0.00433349609375001 0.163711547851563
-0.00171279907226563 -0.0118522644042969 0.10321044921875 0.05206298828125
-0.00191020965576172 -0.0171184539794922 -0.0912322998046875 -0.0711441040039063
0.0115423202514648 -0.00865840911865234 0.0223236083984375 -0.15704345703125
0.01611328125 0.00271129608154297 0.194854736328125 -0.146347045898437
0.00276756286621094 0.0164566040039062 0.34014892578125 0.041473388671875
-0.0140094757080078 0.0219058990478516 0.20928955078125 0.3861083984375
-0.00422954559326172 -0.0147647857666016 -0.16998291015625 0.497802734375
0.0113906860351562 -0.0204315185546875 -0.377105712890625 0.206512451171875
0.03814697265625 0.0066375732421875 -0.0195960998535156 0.0457420349121094
0.0403709411621094 -0.00467300415039063 0.42559814453125 -0.107147216796875
0.0152006149291992 -0.00849056243896485 0.26849365234375 -0.4716796875
-0.010960578918457 0.00465011596679688 -0.228912353515625 -0.402587890625
-0.00940799713134766 0.0157527923583984 -0.345947265625 -0.01763916015625
0.00616455078125 0.0136604309082031 -0.205551147460937 0.169357299804688
0.012603759765625 -0.00316143035888672 -0.00691223144531248 0.161788940429688
-0.00110435485839844 -0.0147409439086914 0.10302734375 0.0528945922851563
-0.00194931030273437 -0.0191726684570313 -0.0934219360351562 -0.0721817016601563
0.0127115249633789 -0.0106563568115234 0.0225677490234375 -0.159164428710938
0.0179481506347656 0.000787734985351563 0.193130493164063 -0.150054931640625
0.00682926177978516 0.0171375274658203 0.339447021484375 0.03656005859375
-0.0118618011474609 0.0269756317138672 0.211029052734375 0.383514404296875
-0.00860166549682617 -0.00815963745117188 -0.16558837890625 0.498199462890625
-0.000308990478515627 -0.0171451568603516 -0.374786376953125 0.21173095703125
0.0234012603759766 0.00460052490234375 -0.0193519592285156 0.0486297607421875
0.0287685394287109 -0.00301361083984375 0.4293212890625 -0.1029052734375
0.00984668731689453 -0.00271797180175781 0.277587890625 -0.467498779296875
-0.0109081268310547 0.00932979583740234 -0.2254638671875 -0.406036376953125
-0.00721454620361328 0.0165824890136719 -0.346405029296875 -0.02276611328125
0.00884723663330078 0.0127782821655273 -0.206954956054688 0.166046142578125
0.0136528015136719 -0.00551128387451172 -0.00526428222656251 0.160720825195313
-0.000533103942871092 -0.0159006118774414 0.105247497558594 0.051300048828125
-0.00235557556152344 -0.0198726654052734 -0.092681884765625 -0.0725021362304688
0.0141382217407227 -0.0114536285400391 0.0227203369140625 -0.161239624023438
0.0188808441162109 -0.000698089599609375 0.190231323242188 -0.155059814453125
0.00808906555175781 0.0175552368164063 0.33837890625 0.032440185546875
-0.0113906860351563 0.0305805206298828 0.21533203125 0.385009765625
-0.0124435424804687 -0.00197219848632812 -0.16204833984375 0.5030517578125
-0.0106143951416016 -0.01239013671875 -0.37066650390625 0.2188720703125
0.00932979583740234 0.00336265563964844 -0.0115013122558594 0.05267333984375
0.0170125961303711 -0.000650405883789063 0.4342041015625 -0.111053466796875
0.0041203498840332 0.00295186042785645 0.26873779296875 -0.4739990234375
-0.0117130279541016 0.0140218734741211 -0.234710693359375 -0.399658203125
-0.00511741638183594 0.0175876617431641 -0.34735107421875 -0.0160217285156249
0.0112333297729492 0.0116548538208008 -0.2030029296875 0.167694091796875
0.0153837203979492 -0.00571155548095703 -0.000137329101562484 0.157485961914063
-0.000574111938476563 -0.0165004730224609 0.107681274414063 0.048614501953125
-0.00638151168823242 -0.00371026992797851 -0.0862197875976562 -0.0775909423828125
0.0129299163818359 0.0027313232421875 0.037322998046875 -0.154632568359375
0.00785636901855469 0.00343799591064453 0.217605590820313 -0.114883422851563
-0.0153751373291016 0.0097503662109375 0.34124755859375 0.10162353515625
-0.0239067077636719 0.00927162170410157 0.150970458984375 0.427459716796875
0.00900459289550781 -0.0211639404296875 -0.242156982421875 0.4659423828125
0.0375595092773437 -0.0104255676269531 -0.36431884765625 0.153717041015625
0.0619773864746094 0.0179100036621094 0.0521469116210938 0.0376091003417969
0.0527801513671875 -0.00573348999023438 0.421600341796875 -0.1861572265625
0.0157241821289063 -0.0147686004638672 0.17266845703125 -0.504425048828125
-0.0204010009765625 -0.00169754028320313 -0.289093017578125 -0.338958740234375
-0.0249347686767578 0.0107059478759766 -0.32958984375 0.046356201171875
0.00143718719482422 0.00883197784423828 -0.171966552734375 0.195907592773438
0.0123147964477539 0.00409793853759766 0.014404296875 0.157058715820313
-0.00743865966796875 -0.000112533569335939 0.108993530273438 0.0435333251953125
-0.00575637817382813 -0.00577545166015625 -0.08673095703125 -0.0751190185546875
0.011012077331543 0.00190925598144531 0.03375244140625 -0.15374755859375
0.00703954696655273 0.00536298751831055 0.214584350585938 -0.1202392578125
-0.0139732360839844 0.0106000900268555 0.34307861328125 0.089324951171875
-0.0235633850097656 0.0086669921875 0.166717529296875 0.41961669921875
0.00919342041015625 -0.0250988006591797 -0.225494384765625 0.473236083984375
0.041534423828125 -0.0163650512695313 -0.3680419921875 0.162689208984375
0.06787109375 0.0165863037109375 0.0353775024414063 0.0362358093261719
0.0578651428222656 -0.00835037231445313 0.419891357421875 -0.175079345703125
0.0193862915039063 -0.0181980133056641 0.188018798828125 -0.50054931640625
-0.0194854736328125 -0.00359153747558594 -0.2794189453125 -0.35003662109375
-0.0229816436767578 0.0109806060791016 -0.333526611328125 0.0350341796875
0.000763893127441405 0.0110530853271484 -0.178680419921875 0.194534301757812
0.01104736328125 0.00345134735107422 0.00793457031250001 0.159393310546875
-0.00640201568603516 -0.00246191024780274 0.106094360351562 0.0460052490234375
-0.00387191772460937 -0.00765848159790039 -0.0874099731445312 -0.0728912353515625
0.0106544494628906 -0.000273704528808594 0.0299835205078125 -0.152099609375
0.0099639892578125 0.00447845458984375 0.209503173828125 -0.126434326171875
-0.00982475280761719 0.0118436813354492 0.3431396484375 0.07513427734375
-0.0210170745849609 0.0107269287109375 0.1810302734375 0.408050537109375
0.00718307495117188 -0.0264606475830078 -0.20611572265625 0.479949951171875
0.0389251708984375 -0.0206489562988281 -0.37103271484375 0.1751708984375
0.0689849853515625 0.0140190124511719 0.0182647705078125 0.0371475219726563
0.0602684020996094 -0.0090484619140625 0.41790771484375 -0.1591796875
0.0218353271484375 -0.0191726684570313 0.20867919921875 -0.49468994140625
-0.0166635513305664 -0.00458145141601563 -0.268035888671875 -0.36480712890625
-0.0211715698242187 0.0118598937988281 -0.33648681640625 0.0226745605468751
0.0018930435180664 0.012481689453125 -0.185440063476563 0.190277099609375
0.0102109909057617 0.00191593170166016 0.00347900390624999 0.161758422851563
-0.00513219833374023 -0.00540304183959961 0.1046142578125 0.0476608276367188
-0.00368690490722656 -0.0112285614013672 -0.0887680053710938 -0.0706863403320313
0.00946235656738281 -0.00309085845947266 0.026458740234375 -0.153060913085938
0.0111522674560547 0.00415325164794922 0.203903198242188 -0.134429931640625
-0.00544834136962891 0.0135641098022461 0.342559814453125 0.05902099609375
-0.0194911956787109 0.0120773315429688 0.19573974609375 0.3966064453125
0.00428199768066406 -0.0263175964355469 -0.18731689453125 0.4857177734375
0.0325489044189453 -0.0220623016357422 -0.3720703125 0.188507080078125
0.063323974609375 0.0120735168457031 0.000835418701171883 0.0384750366210938
0.0581207275390625 -0.0085601806640625 0.418487548828125 -0.140960693359375
0.0208873748779297 -0.0174121856689453 0.227752685546875 -0.486419677734375
-0.0141077041625977 -0.00239849090576172 -0.254547119140625 -0.37744140625
-0.016993522644043 0.0127410888671875 -0.33990478515625 0.00927734375000002
0.00324630737304687 0.012293815612793 -0.192779541015625 0.184417724609375
0.0101585388183594 7.43865966796875E-05 -0.000305175781250011 0.1627197265625
-0.0038299560546875 -0.00899982452392578 0.1029052734375 0.0491180419921875
-0.00272178649902344 -0.0144262313842773 -0.0900726318359375 -0.0699920654296875
0.0103416442871094 -0.00650691986083984 0.0220489501953125 -0.154037475585938
0.0137529373168945 0.00262355804443359 0.196701049804688 -0.141128540039063
-0.001953125 0.0149936676025391 0.340789794921875 0.046234130859375
-0.0165567398071289 0.0166254043579102 0.20648193359375 0.386993408203125
1.14440917968738E-05 -0.0214328765869141 -0.170654296875 0.490325927734375
0.0221920013427734 -0.0228595733642578 -0.373260498046875 0.200958251953125
0.0515365600585938 0.00930404663085938 -0.0115013122558594 0.040985107421875
0.0501174926757813 -0.00624847412109375 0.4189453125 -0.125640869140625
0.0191535949707031 -0.01416015625 0.2474365234375 -0.4791259765625
-0.0120697021484375 0.000817298889160154 -0.241668701171875 -0.390533447265625
-0.0138635635375977 0.0146007537841797 -0.342559814453125 -0.00366210937500007
0.00438404083251953 0.0133209228515625 -0.19805908203125 0.178665161132812
0.0114002227783203 -0.00160503387451172 -0.00259399414062499 0.162429809570313
-0.00240802764892578 -0.0112361907958984 0.102989196777344 0.0500030517578125
-0.00315666198730469 -0.0170059204101563 -0.0911483764648438 -0.0696258544921875
0.0109529495239258 -0.00881481170654297 0.0213165283203125 -0.155838012695313
0.0160179138183594 0.00176525115966797 0.192047119140625 -0.1470947265625
0.00318431854248047 0.0166177749633789 0.33837890625 0.037384033203125
-0.0134620666503906 0.0220565795898438 0.2138671875 0.380950927734375
-0.00437259674072266 -0.015416145324707 -0.161865234375 0.493682861328125
0.00974464416503906 -0.0203495025634766 -0.371368408203125 0.2091064453125
0.03717041015625 0.00642776489257812 -0.018768310546875 0.0442886352539063
0.0402679443359375 -0.00471115112304688 0.420989990234375 -0.1123046875
0.0147256851196289 -0.00851249694824219 0.2633056640625 -0.4715576171875
-0.0110836029052734 0.00513362884521484 -0.232513427734375 -0.397369384765625
-0.00957393646240235 0.0156002044677734 -0.343505859375 -0.01287841796875
0.00745773315429688 0.0139074325561523 -0.201995849609375 0.17156982421875
0.012394905090332 -0.00330829620361328 -0.00431823730468749 0.160812377929687
-0.00126743316650391 -0.0148963928222656 0.103530883789063 0.0508270263671875
-0.00319671630859375 -0.0193843841552734 -0.0925674438476563 -0.0698013305664063
0.0116510391235352 -0.0109930038452148 0.01971435546875 -0.158370971679688
0.0168819427490234 -0.000130653381347656 0.18902587890625 -0.152206420898438
0.00625801086425781 0.0181350708007812 0.33636474609375 0.032470703125
-0.0118236541748047 0.0265884399414063 0.216796875 0.3787841796875
-0.00809335708618164 -0.00844526290893555 -0.158111572265625 0.49615478515625
-0.00153064727783203 -0.0167102813720703 -0.370574951171875 0.214447021484375
0.0226898193359375 0.00480842590332031 -0.0188522338867187 0.0476570129394531
0.0276393890380859 -0.00262069702148438 0.424774169921875 -0.104949951171875
0.010106086730957 -0.00357246398925781 0.26904296875 -0.467071533203125
-0.00999927520751953 0.00967121124267578 -0.228973388671875 -0.399688720703125
-0.0073089599609375 0.017608642578125 -0.34466552734375 -0.017974853515625
0.00915050506591797 0.0125913619995117 -0.202484130859375 0.167556762695313
0.014744758605957 -0.00409412384033203 -0.00274658203125 0.158782958984375
-0.00129413604736328 -0.0153274536132813 0.104286193847656 0.049072265625
-0.00329971313476562 -0.0187225341796875 -0.0947036743164063 -0.07080078125
0.0143632888793945 -0.0111179351806641 0.0204620361328125 -0.161270141601563
0.0189170837402344 -0.00179290771484375 0.186721801757813 -0.156631469726563
0.007080078125 0.0176563262939453 0.336517333984375 0.02825927734375
-0.0111827850341797 0.0308647155761719 0.220123291015625 0.379974365234375
-0.0117969512939453 -0.00125026702880859 -0.151824951171875 0.501312255859375
-0.0111541748046875 -0.0115804672241211 -0.365142822265625 0.22186279296875
0.00866079330444336 0.00423192977905273 -0.0106315612792969 0.0516929626464844
0.0172204971313477 -0.00141143798828125 0.42889404296875 -0.114013671875
0.00405597686767578 0.00201654434204102 0.260650634765625 -0.473907470703125
-0.0109157562255859 0.0141725540161133 -0.2384033203125 -0.395294189453125
-0.00524044036865234 0.0171651840209961 -0.343719482421875 -0.011962890625
0.0105962753295898 0.0115127563476563 -0.198974609375 0.168258666992188
0.0156641006469727 -0.00716209411621094 0.00158691406249999 0.156753540039063
-0.000824928283691406 -0.0165090560913086 0.106597900390625 0.0468521118164063
-0.00691080093383789 -0.00309658050537109 -0.0874481201171875 -0.0763473510742188
0.0121793746948242 0.00301361083984375 0.0348663330078125 -0.154190063476562
0.00747823715209961 0.00415897369384766 0.215118408203125 -0.117507934570313
-0.0158481597900391 0.00989913940429687 0.34014892578125 0.09588623046875
-0.024261474609375 0.00938034057617187 0.156463623046875 0.42205810546875
0.00943565368652344 -0.0214576721191406 -0.233978271484375 0.4658203125
0.0363388061523438 -0.0106849670410156 -0.36083984375 0.155517578125
0.0597267150878906 0.0181465148925781 0.0507392883300781 0.0366973876953125
0.0519638061523438 -0.00671768188476563 0.416595458984375 -0.188201904296875
0.0163660049438477 -0.0143003463745117 0.166473388671875 -0.500579833984375
-0.0199947357177734 -0.000450134277343751 -0.291290283203125 -0.3323974609375
-0.0240974426269531 0.0103015899658203 -0.326202392578125 0.049591064453125
0.00148200988769531 0.00905418395996094 -0.167617797851563 0.196823120117188
0.0121135711669922 0.00347423553466797 0.0153656005859375 0.1552734375
-0.00802278518676758 -0.000417232513427733 0.108711242675781 0.0427017211914062
-0.0057368278503418 -0.00474691390991211 -0.0874176025390625 -0.074676513671875
0.0106735229492188 0.00168514251708984 0.0310516357421875 -0.1534423828125
0.00747823715209961 0.00462436676025391 0.211715698242187 -0.121688842773437
-0.0132923126220703 0.0102224349975586 0.341888427734375 0.08416748046875
-0.02252197265625 0.00881576538085938 0.170654296875 0.413543701171875
0.00965309143066406 -0.0253219604492188 -0.2176513671875 0.471343994140625
0.0401382446289062 -0.0160789489746094 -0.3636474609375 0.165374755859375
0.0670242309570313 0.0161209106445313 0.0358848571777344 0.0356826782226563
0.0576133728027344 -0.00880050659179688 0.41412353515625 -0.177215576171875
0.0189933776855469 -0.0175457000732422 0.181243896484375 -0.4979248046875
-0.0190162658691406 -0.00357437133789063 -0.28070068359375 -0.344024658203125
-0.0228843688964844 0.011688232421875 -0.329620361328125 0.039703369140625
0.001007080078125 0.0109376907348633 -0.1746826171875 0.19512939453125
0.0112781524658203 0.00262928009033203 0.010589599609375 0.158157348632813
-0.0070042610168457 -0.00261402130126953 0.106307983398438 0.045135498046875
-0.0051264762878418 -0.00725460052490234 -0.088043212890625 -0.070526123046875
0.00914764404296875 -0.000617027282714844 0.02685546875 -0.152359008789063
0.00916385650634766 0.00562572479248047 0.206192016601563 -0.128433227539063
-0.00995635986328125 0.01275634765625 0.34185791015625 0.071014404296875
-0.0208988189697266 0.0100994110107422 0.184844970703125 0.40289306640625
0.0084686279296875 -0.0264873504638672 -0.198638916015625 0.476470947265625
0.0385551452636719 -0.0197486877441406 -0.36553955078125 0.176361083984375
0.0671844482421875 0.0136337280273438 0.017669677734375 0.0357322692871094
0.0594749450683594 -0.0096435546875 0.41094970703125 -0.1605224609375
0.0213890075683594 -0.0196056365966797 0.199798583984375 -0.491729736328125
-0.0167465209960938 -0.00389003753662109 -0.26947021484375 -0.358062744140625
-0.0201187133789063 0.0123329162597656 -0.33367919921875 0.02630615234375
0.00250911712646484 0.0125236511230469 -0.181533813476562 0.190719604492188
0.0110673904418945 0.00224018096923828 0.0057373046875 0.1600341796875
-0.00596141815185547 -0.00560092926025391 0.103416442871094 0.0467987060546875
-0.00447845458984375 -0.0111265182495117 -0.0892868041992188 -0.0699996948242187
0.00950908660888672 -0.00389289855957031 0.023193359375 -0.15252685546875
0.0104923248291016 0.00418281555175781 0.199539184570313 -0.135635375976563
-0.00545978546142578 0.0142879486083984 0.34088134765625 0.054840087890625
-0.0181083679199219 0.0128421783447266 0.19891357421875 0.390228271484375
0.0045318603515625 -0.0252037048339844 -0.180450439453125 0.48388671875
0.0320186614990234 -0.0218524932861328 -0.36676025390625 0.189178466796875
0.0615577697753906 0.0107841491699219 0.00214767456054688 0.03790283203125
0.056884765625 -0.0088043212890625 0.411712646484375 -0.144256591796875
0.0215320587158203 -0.0173549652099609 0.219146728515625 -0.482818603515625
-0.0139150619506836 -0.00204753875732422 -0.256134033203125 -0.37127685546875
-0.0176982879638672 0.0131111145019531 -0.335968017578125 0.0133056640624999
0.00290966033935547 0.013188362121582 -0.188232421875 0.184829711914063
0.0109529495239258 -0.000687599182128906 0.00256347656250001 0.161941528320312
-0.00426912307739258 -0.00795793533325195 0.102699279785156 0.0480270385742188
-0.00303363800048828 -0.0141944885253906 -0.0908050537109375 -0.068389892578125
0.00893306732177734 -0.00638771057128906 0.0205230712890625 -0.154129028320313
0.0128211975097656 0.00314998626708984 0.193145751953125 -0.142227172851563
-0.000720977783203126 0.0153627395629883 0.338592529296875 0.0418701171875
-0.0158414840698242 0.0166454315185547 0.21142578125 0.381622314453125
-3.43322753906272E-05 -0.0204238891601563 -0.16412353515625 0.488433837890625
0.0206413269042969 -0.0226516723632813 -0.366943359375 0.20123291015625
0.05194091796875 0.00832748413085938 -0.0105972290039062 0.0398063659667969
0.0504417419433594 -0.00710678100585937 0.413665771484375 -0.12811279296875
0.0196456909179688 -0.013397216796875 0.240142822265625 -0.4755859375
-0.0123186111450195 0.00127983093261719 -0.244293212890625 -0.383026123046875
-0.0130014419555664 0.0147504806518555 -0.338470458984375 -0.000122070312500072
0.00512313842773437 0.0125341415405273 -0.1942138671875 0.17840576171875
0.0115289688110352 -0.00196266174316406 -0.000503540039062498 0.161468505859375
-0.00341224670410156 -0.0110540390014648 0.10162353515625 0.0492401123046875
-0.00303459167480469 -0.0167503356933594 -0.092529296875 -0.0673904418945312
0.0102825164794922 -0.0085897445678711 0.017791748046875 -0.15631103515625
0.0146875381469727 0.00212574005126953 0.188247680664063 -0.148849487304688
0.00293254852294922 0.0169153213500977 0.33624267578125 0.032440185546875
-0.0126190185546875 0.0220699310302734 0.2166748046875 0.37420654296875
-0.00389671325683594 -0.0149736404418945 -0.154266357421875 0.49139404296875
0.00983047485351563 -0.0196113586425781 -0.366241455078125 0.209503173828125
0.0371894836425781 0.00652313232421875 -0.0186500549316406 0.0441207885742188
0.0398101806640625 -0.00562286376953125 0.416015625 -0.114532470703125
0.0160808563232422 -0.00939083099365234 0.256317138671875 -0.467864990234375
-0.0104532241821289 0.00524806976318359 -0.234344482421875 -0.390869140625
-0.00930976867675781 0.0160865783691406 -0.34002685546875 -0.00967407226562494
0.0066375732421875 0.0131769180297852 -0.19720458984375 0.173095703125
0.012486457824707 -0.00416088104248047 -0.00276184082031251 0.159942626953125
-0.00210857391357422 -0.0136117935180664 0.102516174316406 0.0500869750976563
-0.00431632995605469 -0.0177860260009766 -0.0940093994140625 -0.0679397583007813
0.0103349685668945 -0.0104084014892578 0.0186004638671875 -0.15826416015625
0.0167503356933594 0.000635147094726563 0.185211181640625 -0.153152465820312
0.00624656677246094 0.0173492431640625 0.334930419921875 0.028594970703125
-0.0104541778564453 0.0254268646240234 0.218231201171875 0.3726806640625
-0.00813388824462891 -0.00787782669067383 -0.149322509765625 0.495391845703125
-0.00263118743896484 -0.0155773162841797 -0.365509033203125 0.216400146484375
0.0216312408447266 0.00367355346679688 -0.0188102722167969 0.0473213195800781
0.0273857116699219 -0.00314903259277344 0.420166015625 -0.109344482421875
0.0106267929077148 -0.00319194793701172 0.262237548828125 -0.467376708984375
-0.0100917816162109 0.0105056762695312 -0.231231689453125 -0.39349365234375
-0.00682163238525391 0.0167808532714844 -0.34124755859375 -0.013519287109375
0.00788402557373047 0.0120782852172852 -0.198745727539062 0.168228149414063
0.0140724182128906 -0.00536346435546875 -0.000961303710937505 0.157791137695312
-0.00159645080566406 -0.0150852203369141 0.103919982910156 0.0480575561523438
-0.00391006469726563 -0.0192279815673828 -0.0953369140625 -0.0687789916992187
0.0116119384765625 -0.0120763778686523 0.0178680419921875 -0.160690307617188
0.0179100036621094 -0.00134468078613281 0.18389892578125 -0.15777587890625
0.00716400146484375 0.0182266235351563 0.33453369140625 0.024383544921875
-0.0103511810302734 0.0298728942871094 0.223968505859375 0.3731689453125
-0.012232780456543 -0.00295162200927735 -0.146392822265625 0.49798583984375
-0.0121860504150391 -0.0113983154296875 -0.35980224609375 0.22308349609375
0.00730133056640625 0.003631591796875 -0.0114898681640625 0.0511589050292969
0.0179653167724609 -0.00161170959472656 0.42376708984375 -0.117523193359375
0.00496912002563477 0.00189208984375 0.25390625 -0.470611572265625
-0.00997066497802734 0.014613151550293 -0.24072265625 -0.38812255859375
-0.00498008728027344 0.0174798965454102 -0.34210205078125 -0.00735473632812503
0.0113019943237305 0.0101509094238281 -0.19464111328125 0.169570922851562
0.0150489807128906 -0.00674629211425781 0.00294494628906251 0.15606689453125
-0.00225925445556641 -0.0153903961181641 0.106277465820313 0.04559326171875
-0.00711870193481445 -0.00220823287963867 -0.0879898071289063 -0.0746917724609375
0.0124883651733398 0.00303554534912109 0.0328521728515625 -0.153793334960938
0.00655555725097656 0.00461244583129883 0.212142944335938 -0.118728637695313
-0.0155782699584961 0.0102653503417969 0.33880615234375 0.092193603515625
-0.0233516693115234 0.00905799865722656 0.16015625 0.41632080078125
0.00957107543945313 -0.0212326049804688 -0.226898193359375 0.462371826171875
0.0358085632324219 -0.0105361938476563 -0.356109619140625 0.156890869140625
0.0583534240722656 0.01739501953125 0.0506515502929688 0.0348968505859375
0.0512008666992188 -0.00723648071289063 0.411041259765625 -0.189788818359375
0.0164051055908203 -0.0147924423217773 0.16082763671875 -0.498626708984375
-0.0200824737548828 -0.00132369995117187 -0.29022216796875 -0.3251953125
-0.0232810974121094 0.0109519958496094 -0.322998046875 0.05255126953125
0.00163602828979492 0.00839138031005859 -0.164230346679688 0.197280883789063
0.0119075775146484 0.00352954864501953 0.01739501953125 0.154190063476563
-0.00868988037109375 0.000282764434814453 0.107589721679687 0.041595458984375
-0.00706720352172851 -0.00397300720214844 -0.0884170532226563 -0.0726089477539063
0.0100774765014648 0.00204181671142578 0.030303955078125 -0.152694702148438
0.00685310363769531 0.00531196594238281 0.208633422851563 -0.122848510742188
-0.0134963989257813 0.010951042175293 0.34039306640625 0.080657958984375
-0.0220870971679688 0.00832748413085938 0.173004150390625 0.40777587890625
0.0101242065429687 -0.0254230499267578 -0.21142578125 0.468658447265625
0.0392913818359375 -0.01605224609375 -0.359771728515625 0.166107177734375
0.0657386779785156 0.015869140625 0.0347881317138672 0.034027099609375
0.0578346252441406 -0.00927352905273438 0.409088134765625 -0.177886962890625
0.0192146301269531 -0.0181350708007813 0.17584228515625 -0.49468994140625
-0.0184402465820313 -0.00315666198730469 -0.282379150390625 -0.3375244140625
-0.0224761962890625 0.0117053985595703 -0.326416015625 0.0426025390625001
0.000970840454101563 0.0104217529296875 -0.170364379882812 0.194183349609375
0.0108966827392578 0.00294113159179688 0.0115509033203125 0.156173706054687
-0.00769901275634766 -0.0014491081237793 0.105232238769531 0.0439300537109375
-0.00518894195556641 -0.00755214691162109 -0.0880813598632812 -0.0703201293945312
0.0101423263549805 0.000415802001953125 0.025421142578125 -0.151626586914063
0.00916099548339844 0.00505924224853516 0.2027587890625 -0.128692626953125
-0.0101108551025391 0.0123538970947266 0.3397216796875 0.06719970703125
-0.0193023681640625 0.0101127624511719 0.188751220703125 0.3970947265625
0.00787162780761719 -0.0266494750976563 -0.1920166015625 0.474365234375
0.0376434326171875 -0.019683837890625 -0.362152099609375 0.178741455078125
0.0656013488769531 0.0132789611816406 0.0180225372314453 0.0343189239501953
0.058929443359375 -0.00995254516601563 0.407684326171875 -0.162628173828125
0.0211315155029297 -0.0202789306640625 0.193756103515625 -0.48895263671875
-0.0160331726074219 -0.00330543518066406 -0.2703857421875 -0.352294921875
-0.0198040008544922 0.0118446350097656 -0.329864501953125 0.029388427734375
0.00234508514404297 0.0116300582885742 -0.177108764648438 0.191421508789063
0.0105276107788086 0.00177860260009766 0.00779724121093749 0.158187866210937
-0.0065159797668457 -0.00504255294799805 0.102409362792969 0.0457229614257813
-0.00465583801269531 -0.00997352600097656 -0.0899429321289063 -0.0687103271484375
0.00882911682128906 -0.00240612030029297 0.0220489501953125 -0.15155029296875
0.0103912353515625 0.00413417816162109 0.196014404296875 -0.13690185546875
-0.00562763214111328 0.013859748840332 0.33929443359375 0.051513671875
-0.0182399749755859 0.0133190155029297 0.20147705078125 0.384490966796875
0.00469970703125 -0.0246925354003906 -0.1746826171875 0.480560302734375
0.0306282043457031 -0.0222301483154297 -0.36297607421875 0.191253662109375
0.0605735778808594 0.0109024047851563 0.000709533691406252 0.0367584228515625
0.0566482543945312 -0.0101280212402344 0.408966064453125 -0.145965576171875
0.0219497680664063 -0.0188083648681641 0.215118408203125 -0.481201171875
-0.0139245986938477 -0.00118064880371094 -0.25732421875 -0.365936279296875
-0.0171346664428711 0.0132761001586914 -0.3331298828125 0.0169372558593749
0.00299644470214844 0.0128755569458008 -0.183853149414063 0.186065673828125
0.010955810546875 -0.000410079956054688 0.00328063964843748 0.160736083984375
-0.00455045700073242 -0.0083012580871582 0.101776123046875 0.0471115112304688
-0.00475597381591797 -0.0135250091552734 -0.0901870727539063 -0.0674362182617188
0.00905418395996094 -0.00587272644042969 0.01910400390625 -0.152664184570312
0.0126161575317383 0.00274276733398438 0.19012451171875 -0.144073486328125
-0.00088977813720703 0.0150671005249023 0.337432861328125 0.03851318359375
-0.0146455764770508 0.0172939300537109 0.21392822265625 0.37506103515625
0.00067901611328125 -0.0204315185546875 -0.157958984375 0.485198974609375
0.0206737518310547 -0.0217018127441406 -0.362396240234375 0.202880859375
0.0502395629882813 0.00815200805664063 -0.0100479125976562 0.0394783020019531
0.0502281188964844 -0.00755691528320312 0.4091796875 -0.130645751953125
0.0202827453613281 -0.0143508911132813 0.235076904296875 -0.47357177734375
-0.0117454528808594 0.000908851623535157 -0.2449951171875 -0.3779296875
-0.0130329132080078 0.0142889022827148 -0.33502197265625 0.00308227539062503
0.00433349609375 0.0132503509521484 -0.190200805664062 0.179031372070313
0.0109186172485352 -0.00190162658691406 0.000976562500000007 0.160140991210938
-0.00412940979003906 -0.0105276107788086 0.10107421875 0.0478286743164063
-0.00475597381591797 -0.0158252716064453 -0.09210205078125 -0.06744384765625
0.00949382781982422 -0.00807380676269531 0.0161590576171875 -0.155120849609375
0.0149269104003906 0.00169944763183594 0.185211181640625 -0.148788452148437
0.00311756134033203 0.0165061950683594 0.334625244140625 0.029296875
-0.0124454498291016 0.0212879180908203 0.219635009765625 0.369354248046875
-0.00333881378173828 -0.0143194198608398 -0.148651123046875 0.48846435546875
0.00776290893554687 -0.0191020965576172 -0.361236572265625 0.21124267578125
0.0359039306640625 0.00543975830078125 -0.017974853515625 0.0429801940917969
0.0399322509765625 -0.00620651245117188 0.4114990234375 -0.116973876953125
0.0152254104614258 -0.00927829742431641 0.2503662109375 -0.465545654296875
-0.00970077514648437 0.00559139251708985 -0.2369384765625 -0.385772705078125
-0.008880615234375 0.0167570114135742 -0.3369140625 -0.00552368164062497
0.00667476654052734 0.0138301849365234 -0.192886352539063 0.173385620117188
0.0125217437744141 -0.00465965270996094 0.000122070312499998 0.158432006835938
-0.00299739837646484 -0.0133848190307617 0.102035522460937 0.0485458374023437
-0.00457954406738281 -0.0170764923095703 -0.0933609008789063 -0.0681076049804688
0.0106163024902344 -0.0108013153076172 0.015228271484375 -0.15643310546875
0.0153112411499023 -0.000341415405273438 0.181625366210937 -0.153884887695313
0.00627994537353515 0.0171260833740234 0.332855224609375 0.025787353515625
-0.0106143951416016 0.0257663726806641 0.220062255859375 0.367523193359375
-0.00762033462524414 -0.00870895385742188 -0.14398193359375 0.490509033203125
-0.00244903564453125 -0.01531982421875 -0.360015869140625 0.216522216796875
0.0208244323730469 0.00447273254394531 -0.0179595947265625 0.0464210510253906
0.0275688171386719 -0.00381088256835938 0.4149169921875 -0.1103515625
0.00986480712890625 -0.00397396087646484 0.25732421875 -0.46258544921875
-0.00965404510498047 0.0101871490478516 -0.233001708984375 -0.387542724609375
-0.00615119934082031 0.0181064605712891 -0.33807373046875 -0.010772705078125
0.00843906402587891 0.012089729309082 -0.19476318359375 0.168960571289062
0.0134515762329102 -0.00577449798583984 0.000320434570312497 0.157012939453125
-0.00191593170166016 -0.0144071578979492 0.103141784667969 0.0476303100585938
-0.00523185729980469 -0.0179996490478516 -0.0946044921875 -0.068115234375
0.011713981628418 -0.0114860534667969 0.01544189453125 -0.1595458984375
0.0174322128295898 -0.00112152099609375 0.179901123046875 -0.159042358398438
0.00687789916992188 0.0178146362304688 0.332366943359375 0.020965576171875
-0.00973701477050781 0.0299606323242187 0.224365234375 0.366455078125
-0.0110807418823242 -0.00210952758789063 -0.140106201171875 0.495269775390625
-0.0126857757568359 -0.0110540390014648 -0.355010986328125 0.223602294921875
0.00773954391479492 0.00327396392822266 -0.0106315612792969 0.0496978759765625
0.0165300369262695 -0.00164318084716797 0.41949462890625 -0.12060546875
0.0060429573059082 0.00160884857177734 0.24798583984375 -0.469268798828125
-0.00974273681640625 0.0139245986938477 -0.24212646484375 -0.382781982421875
-0.00462532043457031 0.0184726715087891 -0.338897705078125 -0.00357055664062494
0.0107574462890625 0.0103368759155273 -0.190048217773438 0.169769287109375
0.0147981643676758 -0.00717639923095703 0.00524902343749999 0.1541748046875
-0.00247669219970703 -0.0153169631958008 0.105339050292969 0.0445098876953125
-0.00661468505859375 -0.00169515609741211 -0.088104248046875 -0.0742568969726563
0.0115756988525391 0.00302600860595703 0.03106689453125 -0.152755737304688
0.00587034225463867 0.00403881072998047 0.209548950195313 -0.119094848632813
-0.0161256790161133 0.00941944122314453 0.33721923828125 0.08941650390625
-0.0227413177490234 0.00892257690429688 0.162506103515625 0.41168212890625
0.00976181030273437 -0.0217056274414063 -0.2216796875 0.46112060546875
0.0345745086669922 -0.010772705078125 -0.351593017578125 0.1575927734375
0.0575637817382813 0.0167922973632813 0.0496940612792969 0.0346031188964844
0.0504608154296875 -0.00738143920898438 0.405914306640625 -0.18994140625
0.0159616470336914 -0.014765739440918 0.156280517578125 -0.49346923828125
-0.0196609497070312 -0.00134849548339844 -0.2899169921875 -0.321014404296875
-0.0238018035888672 0.0115890502929688 -0.320068359375 0.05413818359375
0.00165939331054688 0.00884056091308594 -0.160446166992188 0.196670532226563
0.0123786926269531 0.00299644470214844 0.0176849365234375 0.152847290039063
-0.00876665115356445 0.000428199768066407 0.105972290039063 0.041107177734375
-0.00666904449462891 -0.00403261184692383 -0.0874862670898438 -0.0709915161132812
0.00981426239013672 0.00163459777832031 0.0281524658203125 -0.151611328125
0.00734138488769531 0.00503778457641602 0.205856323242187 -0.123886108398437
-0.0137128829956055 0.0114936828613281 0.338653564453125 0.077392578125
-0.0218219757080078 0.00885009765625 0.176483154296875 0.40240478515625
0.00994682312011719 -0.0254287719726563 -0.206085205078125 0.46734619140625
0.0381813049316406 -0.0155601501464844 -0.354583740234375 0.166259765625
0.0640182495117188 0.0156173706054687 0.0346698760986328 0.0335559844970703
0.0570411682128906 -0.010009765625 0.403656005859375 -0.178253173828125
0.0204734802246094 -0.0180854797363281 0.171539306640625 -0.490966796875
-0.0179061889648438 -0.002960205078125 -0.280792236328125 -0.3341064453125
-0.0223598480224609 0.0120220184326172 -0.322906494140625 0.04443359375
0.00125408172607422 0.0101213455200195 -0.166763305664063 0.194488525390625
0.0111322402954102 0.00274372100830078 0.0131072998046875 0.155563354492188
-0.00839853286743164 -0.00141191482543945 0.104667663574219 0.0427322387695313
-0.00589609146118164 -0.00606822967529297 -0.0886001586914063 -0.070281982421875
0.00896549224853516 -0.000199317932128906 0.0235595703125 -0.151199340820313
0.0077662467956543 0.00542497634887695 0.200149536132813 -0.130950927734375
-0.0104341506958008 0.0124406814575195 0.337982177734375 0.062957763671875
-0.0197868347167969 0.00946044921875 0.191650390625 0.391998291015625
0.00806236267089844 -0.0265846252441406 -0.186614990234375 0.4722900390625
0.0361557006835938 -0.0194358825683594 -0.358123779296875 0.17864990234375
0.0651779174804687 0.0131072998046875 0.0174789428710938 0.0341835021972656
0.0591583251953125 -0.0105400085449219 0.402374267578125 -0.16192626953125
0.0209465026855469 -0.0198860168457031 0.189910888671875 -0.485931396484375
-0.0161371231079102 -0.00345039367675781 -0.270965576171875 -0.347442626953125
-0.0195407867431641 0.0125961303710937 -0.32769775390625 0.03155517578125
0.00250530242919922 0.0118808746337891 -0.174575805664062 0.190582275390625
0.0108013153076172 0.00164699554443359 0.00909423828125 0.158004760742188
-0.00730419158935547 -0.00428438186645508 0.101890563964844 0.0445556640625
-0.00518608093261719 -0.00946998596191406 -0.090240478515625 -0.0673446655273437
0.00832843780517578 -0.00313472747802734 0.02069091796875 -0.151031494140625
0.00988578796386719 0.00457477569580078 0.193954467773438 -0.136962890625
-0.00583457946777344 0.0138511657714844 0.337005615234375 0.049072265625
-0.0171346664428711 0.0134592056274414 0.204498291015625 0.38177490234375
0.00562858581542969 -0.0248565673828125 -0.169036865234375 0.477783203125
0.0299072265625 -0.0208988189697266 -0.359283447265625 0.191558837890625
0.0594863891601563 0.0107650756835938 0.00098800659179688 0.0366706848144531
0.0562248229980469 -0.0102882385253906 0.402618408203125 -0.14666748046875
0.0229263305664062 -0.0181369781494141 0.2108154296875 -0.478271484375
-0.0136003494262695 -0.00252914428710937 -0.2569580078125 -0.36151123046875
-0.0169553756713867 0.014256477355957 -0.329132080078125 0.0187377929687501
0.00303077697753906 0.0124301910400391 -0.180801391601563 0.185699462890625
0.00995731353759766 -0.000841140747070313 0.0047607421875 0.15924072265625
-0.00498867034912109 -0.00794124603271484 0.101127624511719 0.0465316772460938
-0.004547119140625 -0.012908935546875 -0.090789794921875 -0.0663070678710938
0.00850248336791992 -0.00542259216308594 0.016845703125 -0.151870727539063
0.0123691558837891 0.00399303436279297 0.186935424804688 -0.14398193359375
-0.00194263458251953 0.0156450271606445 0.334442138671875 0.035552978515625
-0.0137538909912109 0.0165987014770508 0.215301513671875 0.37127685546875
-0.000106811523437498 -0.0211944580078125 -0.153167724609375 0.48193359375
0.0195407867431641 -0.0209274291992187 -0.35821533203125 0.201934814453125
0.04901123046875 0.00875473022460938 -0.011077880859375 0.0388298034667969
0.0487251281738281 -0.00823593139648438 0.40264892578125 -0.129974365234375
0.0196647644042969 -0.0153465270996094 0.230712890625 -0.47015380859375
-0.0110950469970703 0.00127220153808594 -0.246490478515625 -0.371612548828125
-0.0132503509521484 0.0153446197509766 -0.331329345703125 0.00637817382812506
0.00490951538085938 0.0130577087402344 -0.1868896484375 0.179367065429687
0.0108041763305664 -0.00305461883544922 0.00205993652343748 0.15924072265625
-0.00445747375488281 -0.0102558135986328 0.100814819335938 0.0470352172851563
-0.00439357757568359 -0.0152463912963867 -0.0924072265625 -0.065399169921875
0.00915813446044922 -0.00810527801513672 0.01385498046875 -0.153961181640625
0.0139551162719727 0.00186634063720703 0.182022094726563 -0.150802612304688
0.00253486633300781 0.0168981552124023 0.33233642578125 0.0262451171875
-0.0123443603515625 0.0214900970458984 0.220672607421875 0.36456298828125
-0.00258350372314453 -0.0150070190429688 -0.1424560546875 0.485107421875
0.00832366943359375 -0.0180225372314453 -0.35784912109375 0.211822509765625
0.0348072052001953 0.00539207458496094 -0.0185165405273437 0.0418357849121094
0.0391616821289063 -0.00676345825195312 0.40594482421875 -0.1170654296875
0.0161199569702148 -0.00940322875976563 0.24420166015625 -0.4627685546875
-0.00935268402099609 0.00581741333007813 -0.236724853515625 -0.37939453125
-0.00910472869873047 0.0163145065307617 -0.3345947265625 -0.00341796874999994
0.00662517547607422 0.0124130249023438 -0.190963745117188 0.172500610351562
0.0122871398925781 -0.00417804718017578 0.000625610351562517 0.158157348632813
-0.00280666351318359 -0.013336181640625 0.101631164550781 0.0478286743164063
-0.00409317016601562 -0.0174388885498047 -0.0925750732421875 -0.0661392211914063
0.00961399078369141 -0.0108366012573242 0.0140228271484375 -0.156784057617188
0.0157756805419922 0.000665664672851563 0.179092407226563 -0.153701782226563
0.00545406341552734 0.016667366027832 0.330474853515625 0.022674560546875
-0.00974655151367188 0.0257549285888672 0.22216796875 0.362823486328125
-0.00678253173828125 -0.00884056091308594 -0.139251708984375 0.4864501953125
-0.00245094299316406 -0.0147638320922852 -0.35546875 0.216796875
0.0196304321289063 0.00453758239746094 -0.0180244445800781 0.0461463928222656
0.0270614624023438 -0.003875732421875 0.410614013671875 -0.11260986328125
0.0104789733886719 -0.00406837463378906 0.251617431640625 -0.461395263671875
-0.00934314727783203 0.0101642608642578 -0.23382568359375 -0.38201904296875
-0.00543785095214844 0.0175561904907227 -0.335479736328125 -0.0078125
0.00905609130859375 0.0120182037353516 -0.192001342773437 0.168746948242188
0.0139865875244141 -0.00590896606445312 0.001739501953125 0.155685424804687
-0.00270366668701172 -0.0144414901733398 0.101364135742188 0.046142578125
-0.0042724609375 -0.0177574157714844 -0.0943069458007812 -0.0670928955078125
0.0109529495239258 -0.0111331939697266 0.0138397216796875 -0.158737182617187
0.0164785385131836 -0.00165081024169922 0.177444458007813 -0.15826416015625
0.00663566589355469 0.0176296234130859 0.330474853515625 0.017852783203125
-0.00913238525390625 0.0293827056884766 0.228759765625 0.363037109375
-0.0103969573974609 -0.00199794769287109 -0.135162353515625 0.492279052734375
-0.0119857788085937 -0.010014533996582 -0.350738525390625 0.224151611328125
0.00611495971679688 0.00341272354125977 -0.0110626220703125 0.0496025085449219
0.0161447525024414 -0.0018157958984375 0.414459228515625 -0.120574951171875
0.00548076629638672 0.00154542922973633 0.242828369140625 -0.465423583984375
-0.00929546356201172 0.0147008895874023 -0.242340087890625 -0.37738037109375
-0.00424575805664063 0.0177841186523438 -0.336456298828125 -0.000823974609374947
0.0104846954345703 0.0106716156005859 -0.187973022460938 0.170822143554687
0.0152511596679688 -0.00709438323974609 0.00537109375000001 0.15338134765625
-0.0025634765625 -0.0150003433227539 0.104629516601562 0.0433807373046875
-0.00804328918457031 -0.0010075569152832 -0.0874786376953125 -0.0731430053710937
0.0113391876220703 0.00385189056396484 0.030242919921875 -0.152969360351562
0.00595760345458984 0.00444889068603516 0.207183837890625 -0.12005615234375
-0.0157632827758789 0.0103940963745117 0.335357666015625 0.087799072265625
-0.0217361450195313 0.00913238525390625 0.164642333984375 0.407012939453125
0.0091400146484375 -0.0211296081542969 -0.217071533203125 0.45751953125
0.0339260101318359 -0.0100479125976563 -0.349578857421875 0.156463623046875
0.0567169189453125 0.0168724060058594 0.0490684509277344 0.0330352783203125
0.050384521484375 -0.00770950317382813 0.4010009765625 -0.189178466796875
0.0163364410400391 -0.0154781341552734 0.1531982421875 -0.4898681640625
-0.0190525054931641 -0.000362396240234374 -0.289794921875 -0.31732177734375
-0.0229454040527344 0.0119285583496094 -0.31689453125 0.055938720703125
0.00099802017211914 0.00871515274047852 -0.157821655273437 0.195770263671875
0.0119123458862305 0.00252151489257813 0.0193634033203125 0.151626586914063
-0.00917148590087891 0.000117301940917968 0.1053466796875 0.040313720703125
-0.00685501098632813 -0.00282621383666992 -0.0874176025390625 -0.0701065063476563
0.0100517272949219 0.00258636474609375 0.0268096923828125 -0.151031494140625
0.0064387321472168 0.00459671020507813 0.203720092773438 -0.124526977539063
-0.0131053924560547 0.0108413696289063 0.336578369140625 0.07391357421875
-0.0213546752929688 0.00841331481933593 0.177276611328125 0.39935302734375
0.0108356475830078 -0.0255546569824219 -0.201385498046875 0.462554931640625
0.0372085571289063 -0.0153617858886719 -0.3526611328125 0.166351318359375
0.0638656616210938 0.0152778625488281 0.0335330963134766 0.0332107543945313
0.0558090209960938 -0.010162353515625 0.399169921875 -0.177703857421875
0.0196151733398438 -0.019317626953125 0.16748046875 -0.487640380859375
-0.0174398422241211 -0.00254535675048828 -0.28106689453125 -0.329437255859375
-0.0217971801757813 0.0123710632324219 -0.319976806640625 0.0449218750000001
0.00146675109863281 0.0102720260620117 -0.16461181640625 0.19390869140625
0.011347770690918 0.00257110595703125 0.01416015625 0.154937744140625
-0.00808143615722656 -0.000674247741699218 0.102996826171875 0.04205322265625
-0.00599765777587891 -0.00584793090820312 -0.0875930786132813 -0.068817138671875
0.00936126708984375 0.000487327575683594 0.022613525390625 -0.149276733398437
0.00729084014892578 0.00501108169555664 0.197799682617187 -0.12969970703125
-0.0104713439941406 0.012516975402832 0.3367919921875 0.060638427734375
-0.0183353424072266 0.00930023193359375 0.191314697265625 0.388153076171875
0.00844383239746094 -0.0266017913818359 -0.18389892578125 0.4686279296875
0.0352020263671875 -0.0189476013183594 -0.354766845703125 0.1767578125
0.0640296936035156 0.012603759765625 0.0165863037109375 0.0345706939697266
0.0579338073730469 -0.0106582641601563 0.397979736328125 -0.1622314453125
0.0205345153808594 -0.0198173522949219 0.187530517578125 -0.482147216796875
-0.0151910781860352 -0.00240230560302735 -0.270751953125 -0.3421630859375
-0.0195674896240234 0.0120410919189453 -0.3240966796875 0.03326416015625
0.00281810760498047 0.0113620758056641 -0.1719970703125 0.190628051757813
0.0105953216552734 0.00114822387695313 0.00929260253906252 0.157135009765625
-0.00632381439208984 -0.0040287971496582 0.101387023925781 0.045013427734375
-0.00612449645996094 -0.00806140899658203 -0.0898971557617188 -0.0666961669921875
0.00888252258300781 -0.00168895721435547 0.0192108154296875 -0.15087890625
0.00901889801025391 0.00331783294677734 0.1905517578125 -0.137252807617188
-0.00618457794189453 0.0135250091552734 0.33453369140625 0.046844482421875
-0.0165777206420898 0.0121021270751953 0.20599365234375 0.376739501953125
0.00466156005859375 -0.0254192352294922 -0.164093017578125 0.473419189453125
0.0283870697021484 -0.0210075378417969 -0.35504150390625 0.189910888671875
0.0586929321289062 0.0104560852050781 0.000654220581054695 0.0351181030273438
0.0550079345703125 -0.0101127624511719 0.399261474609375 -0.146514892578125
0.0219268798828125 -0.0192050933837891 0.206329345703125 -0.474853515625
-0.0130043029785156 -0.000860214233398439 -0.2576904296875 -0.35601806640625
-0.0155754089355469 0.0136957168579102 -0.3267822265625 0.020355224609375
0.00310230255126953 0.0127353668212891 -0.178680419921875 0.185333251953125
0.0102701187133789 -0.000168800354003906 0.00567626953125001 0.158370971679688
-0.00641107559204102 -0.00670862197875977 0.100273132324219 0.045684814453125
-0.004150390625 -0.01263427734375 -0.0895919799804688 -0.0651702880859375
0.00774240493774414 -0.00557708740234375 0.01580810546875 -0.151275634765625
0.0113668441772461 0.00343704223632813 0.184661865234375 -0.145004272460938
-0.00108623504638672 0.0153560638427734 0.332611083984375 0.033050537109375
-0.0140924453735352 0.0164480209350586 0.216888427734375 0.366455078125
0.000804901123046877 -0.0206871032714844 -0.147552490234375 0.479095458984375
0.0190582275390625 -0.0209026336669922 -0.355560302734375 0.201202392578125
0.0475273132324219 0.0071868896484375 -0.011871337890625 0.03759765625
0.04901123046875 -0.00812530517578125 0.398895263671875 -0.129241943359375
0.0199432373046875 -0.014801025390625 0.22637939453125 -0.467376708984375
-0.0108718872070313 0.000992774963378908 -0.24530029296875 -0.367950439453125
-0.0133380889892578 0.0152120590209961 -0.329345703125 0.00720214843749997
0.00453090667724609 0.0134668350219727 -0.183563232421875 0.178878784179688
0.0112266540527344 -0.00177288055419922 0.0034637451171875 0.158370971679688
-0.00606822967529297 -0.0103044509887695 0.09906005859375 0.0473785400390625
-0.00491619110107422 -0.0144729614257813 -0.0925521850585938 -0.0645523071289062
0.00872278213500977 -0.00802326202392578 0.0137176513671875 -0.151962280273437
0.0130519866943359 0.002532958984375 0.179443359375 -0.150177001953125
0.00262546539306641 0.017094612121582 0.330291748046875 0.025238037109375
-0.0115566253662109 0.0211277008056641 0.22210693359375 0.360260009765625
-0.00378608703613281 -0.0156717300415039 -0.13787841796875 0.480499267578125
0.00760269165039062 -0.0190315246582031 -0.354278564453125 0.2109375
0.0331077575683594 0.00569915771484375 -0.017425537109375 0.0417060852050781
0.0388412475585938 -0.00650787353515625 0.401947021484375 -0.1170654296875
0.0159530639648438 -0.00971889495849609 0.240081787109375 -0.459869384765625
-0.00898456573486328 0.00548648834228516 -0.236846923828125 -0.37481689453125
-0.00926399230957031 0.0175914764404297 -0.331451416015625 -0.00149536132812503
0.0068817138671875 0.0128250122070313 -0.1876220703125 0.172698974609375
0.0121746063232422 -0.00485992431640625 0.000991821289062509 0.156341552734375
-0.00387954711914063 -0.0127773284912109 0.100318908691406 0.0470657348632813
-0.00532722473144531 -0.0165243148803711 -0.0936431884765625 -0.065032958984375
0.00914955139160156 -0.00953006744384766 0.0132598876953125 -0.155303955078125
0.015721321105957 0.000273704528808594 0.1766357421875 -0.154251098632813
0.00533103942871094 0.0177536010742188 0.32843017578125 0.020751953125
-0.00969696044921875 0.0255298614501953 0.223297119140625 0.358856201171875
-0.00664091110229492 -0.00867843627929688 -0.13531494140625 0.4842529296875
-0.00382614135742188 -0.0138301849365234 -0.35174560546875 0.214874267578125
0.0199832916259766 0.0051116943359375 -0.0186538696289063 0.0453948974609375
0.0269298553466797 -0.004791259765625 0.406524658203125 -0.112213134765625
0.0109500885009766 -0.00406837463378906 0.247283935546875 -0.45867919921875
-0.00905990600585938 0.0102376937866211 -0.23358154296875 -0.378631591796875
-0.00576210021972656 0.0183677673339844 -0.332275390625 -0.00585937499999995
0.00946044921875 0.0118446350097656 -0.188613891601563 0.168411254882813
0.0131263732910156 -0.00516605377197266 0.00357055664062502 0.154647827148438
-0.00363540649414062 -0.0144166946411133 0.101181030273438 0.0463714599609375
-0.00557613372802734 -0.0171298980712891 -0.094329833984375 -0.0662384033203125
0.0110654830932617 -0.0118255615234375 0.0124969482421875 -0.157913208007813
0.0161638259887695 -0.000905036926269531 0.174423217773438 -0.15869140625
0.00705146789550781 0.0175762176513672 0.32806396484375 0.01593017578125
-0.00799942016601562 0.0297393798828125 0.22833251953125 0.359039306640625
-0.00978469848632813 -0.00212955474853515 -0.1319580078125 0.4879150390625
-0.0130090713500977 -0.00946998596191407 -0.3466796875 0.22369384765625
0.0058283805847168 0.00374937057495117 -0.0108871459960937 0.0498008728027344
0.0167655944824219 -0.00202369689941406 0.40960693359375 -0.1204833984375
0.0058283805847168 0.000792980194091797 0.2398681640625 -0.46282958984375
-0.008209228515625 0.0146427154541016 -0.2430419921875 -0.372802734375
-0.00329971313476563 0.0188484191894531 -0.333953857421875 0.000518798828125025
0.0105772018432617 0.0104579925537109 -0.184249877929688 0.170440673828125
0.0143537521362305 -0.007293701171875 0.00646972656249999 0.152389526367188
-0.00376129150390625 -0.0150604248046875 0.104270935058594 0.0435714721679688
-0.0081019401550293 -0.000829219818115233 -0.0880813598632813 -0.0729598999023437
0.0110149383544922 0.00333595275878906 0.02886962890625 -0.151885986328125
0.00569486618041992 0.00383758544921875 0.205596923828125 -0.120193481445313
-0.0156393051147461 0.0108375549316406 0.334808349609375 0.08514404296875
-0.0217266082763672 0.00848579406738282 0.16461181640625 0.40411376953125
0.0102062225341797 -0.0218105316162109 -0.2132568359375 0.4547119140625
0.0327243804931641 -0.00921440124511719 -0.34527587890625 0.156524658203125
0.0553817749023438 0.0165748596191406 0.0486984252929688 0.0325660705566406
0.0503997802734375 -0.00803756713867187 0.398834228515625 -0.188720703125
0.0163364410400391 -0.0153236389160156 0.151214599609375 -0.487457275390625
-0.0179080963134766 -0.000778198242187498 -0.28778076171875 -0.3135986328125
-0.0229701995849609 0.0119247436523437 -0.3145751953125 0.056396484375
0.00184440612792969 0.00883579254150391 -0.155960083007813 0.1953125
0.0117654800415039 0.0020751953125 0.0182037353515625 0.150238037109375
-0.0093841552734375 0.00159168243408203 0.104484558105469 0.04022216796875
-0.00732278823852539 -0.00288963317871094 -0.087066650390625 -0.0707168579101563
0.00875949859619141 0.00214099884033203 0.026153564453125 -0.15020751953125
0.00571918487548828 0.00527095794677734 0.2020263671875 -0.124862670898438
-0.014103889465332 0.0107955932617188 0.33514404296875 0.07342529296875
-0.0207633972167969 0.00848770141601562 0.178466796875 0.39593505859375
0.0102882385253906 -0.0262241363525391 -0.198638916015625 0.46044921875
0.0365676879882813 -0.0143623352050781 -0.34912109375 0.16619873046875
0.0625648498535156 0.0150184631347656 0.0333271026611328 0.0323429107666016
0.0552749633789063 -0.00982666015625 0.3963623046875 -0.1767578125
0.0197353363037109 -0.0189361572265625 0.16583251953125 -0.48419189453125
-0.0171089172363281 -0.00268268585205078 -0.279632568359375 -0.32550048828125
-0.02166748046875 0.0120258331298828 -0.3179931640625 0.04583740234375
0.00153350830078125 0.00992012023925781 -0.162628173828125 0.193435668945313
0.0110263824462891 0.00190067291259766 0.01446533203125 0.1541748046875
-0.00888633728027344 -0.000703811645507814 0.103340148925781 0.0427017211914063
-0.00544166564941406 -0.00542879104614258 -0.0882339477539063 -0.0680770874023438
0.00817251205444336 0.000749588012695312 0.0220794677734375 -0.149734497070313
0.00729131698608398 0.00531291961669922 0.195846557617188 -0.1304931640625
-0.01007080078125 0.0129241943359375 0.336090087890625 0.05914306640625
-0.0187931060791016 0.00956153869628906 0.19195556640625 0.38482666015625
0.00889205932617188 -0.0272216796875 -0.177886962890625 0.465911865234375
0.03466796875 -0.0180492401123047 -0.352142333984375 0.177642822265625
0.0635871887207031 0.0126953125 0.0165653228759766 0.0323047637939453
0.0575027465820312 -0.0109100341796875 0.3953857421875 -0.162353515625
0.0210990905761719 -0.0207271575927734 0.1846923828125 -0.479248046875
-0.0144329071044922 -0.00310993194580078 -0.269287109375 -0.3382568359375
-0.0189723968505859 0.0128231048583984 -0.32110595703125 0.0340576171875
0.00137424468994141 0.01129150390625 -0.169937133789063 0.189773559570313
0.0101222991943359 0.000897407531738281 0.00955200195312501 0.155410766601563
-0.00759744644165039 -0.00297260284423828 0.100387573242188 0.043731689453125
-0.00622844696044922 -0.00839090347290039 -0.0892486572265625 -0.0664138793945313
0.00726652145385742 -0.00208663940429688 0.0177764892578125 -0.150222778320313
0.00960731506347656 0.00423431396484375 0.189422607421875 -0.13787841796875
-0.00633716583251953 0.0135574340820313 0.334075927734375 0.043914794921875
-0.0158309936523438 0.0122737884521484 0.206695556640625 0.3731689453125
0.00527763366699219 -0.0254878997802734 -0.16156005859375 0.470947265625
0.0279102325439453 -0.0197849273681641 -0.3526611328125 0.190704345703125
0.0570755004882813 0.0106124877929688 0.00049972534179688 0.0347518920898438
0.0556259155273438 -0.0108871459960938 0.396209716796875 -0.145660400390625
0.0218448638916016 -0.0191707611083984 0.204986572265625 -0.47210693359375
-0.0117368698120117 -0.00254535675048828 -0.257080078125 -0.352752685546875
-0.0161323547363281 0.0147886276245117 -0.324432373046875 0.020965576171875
0.00257778167724609 0.012049674987793 -0.175933837890625 0.184661865234375
0.00996208190917969 -0.00118255615234375 0.0067291259765625 0.156967163085938
-0.0056462287902832 -0.00636005401611328 0.0992813110351563 0.045745849609375
-0.00520038604736328 -0.0120248794555664 -0.0905380249023438 -0.0648040771484375
0.00867509841918945 -0.0052790641784668 0.01470947265625 -0.150543212890625
0.0106945037841797 0.00219154357910156 0.18292236328125 -0.143997192382813
-0.00132656097412109 0.014984130859375 0.331146240234375 0.032012939453125
-0.013859748840332 0.0169401168823242 0.21673583984375 0.363983154296875
0.000995635986328126 -0.0211887359619141 -0.14617919921875 0.474822998046875
0.0184669494628906 -0.0196609497070313 -0.35247802734375 0.20135498046875
0.0473480224609375 0.00858688354492188 -0.0127067565917969 0.0378952026367188
0.0483589172363281 -0.00847244262695312 0.396148681640625 -0.129913330078125
0.0202102661132812 -0.0153942108154297 0.224029541015625 -0.4649658203125
-0.0102691650390625 0.00190639495849609 -0.24432373046875 -0.363494873046875
-0.0118465423583984 0.0157670974731445 -0.326934814453125 0.00814819335937507
0.00525951385498047 0.0131349563598633 -0.18182373046875 0.178863525390625
0.0109472274780273 -0.00323295593261719 0.0038299560546875 0.157119750976563
-0.00505447387695313 -0.0103998184204102 0.0990676879882813 0.0471725463867188
-0.00558662414550781 -0.0146398544311523 -0.0919570922851562 -0.0645675659179688
0.00826740264892578 -0.00733757019042969 0.012298583984375 -0.15240478515625
0.0130910873413086 0.00214004516601563 0.177825927734375 -0.149765014648437
0.00243949890136719 0.0178108215332031 0.32843017578125 0.022796630859375
-0.0114192962646484 0.0206584930419922 0.22259521484375 0.357635498046875
-0.00304126739501953 -0.0147085189819336 -0.1361083984375 0.4788818359375
0.00687122344970703 -0.0175294876098633 -0.351348876953125 0.20989990234375
0.0333957672119141 0.00565338134765625 -0.0174064636230469 0.0414695739746094
0.037933349609375 -0.00685882568359375 0.398895263671875 -0.116455078125
0.016240119934082 -0.010737419128418 0.237335205078125 -0.457550048828125
-0.00902080535888672 0.00631237030029297 -0.234893798828125 -0.371551513671875
-0.00829982757568359 0.016749382019043 -0.328369140625 0.000122070312500052
0.00690460205078125 0.012486457824707 -0.18603515625 0.172439575195313
0.0123157501220703 -0.00453662872314453 0.0020294189453125 0.156494140625
-0.00372886657714844 -0.0120811462402344 0.0993194580078125 0.047027587890625
-0.00520515441894531 -0.0149831771850586 -0.093994140625 -0.0644683837890625
0.00916290283203125 -0.00946998596191406 0.012603759765625 -0.154525756835937
0.0150260925292969 -0.000112533569335938 0.17474365234375 -0.154052734375
0.00551414489746094 0.0178050994873047 0.32659912109375 0.020111083984375
-0.00954246520996094 0.0251293182373047 0.223846435546875 0.356414794921875
-0.00627946853637695 -0.00857686996459961 -0.132904052734375 0.480682373046875
-0.00407886505126953 -0.0138177871704102 -0.349578857421875 0.214752197265625
0.0186786651611328 0.004486083984375 -0.0183334350585938 0.0443611145019531
0.0267848968505859 -0.00498199462890625 0.402740478515625 -0.111907958984375
0.0108804702758789 -0.00534152984619141 0.24591064453125 -0.454803466796875
-0.00857353210449219 0.00979423522949219 -0.23309326171875 -0.374725341796875
-0.00549888610839844 0.0178184509277344 -0.32989501953125 -0.00558471679687503
0.00828742980957031 0.0123090744018555 -0.186416625976562 0.16839599609375
0.0126972198486328 -0.00607109069824219 0.00349426269531251 0.154037475585938
-0.00473785400390625 -0.014622688293457 0.100601196289063 0.0459365844726563
-0.00605106353759766 -0.016230583190918 -0.0938568115234375 -0.0660018920898438
0.0106000900268555 -0.0105361938476563 0.011993408203125 -0.157135009765625
0.0160818099975586 -0.00106620788574219 0.171768188476563 -0.159255981445313
0.00710105895996094 0.0184040069580078 0.326629638671875 0.015472412109375
-0.00768852233886719 0.0287075042724609 0.228485107421875 0.35638427734375
-0.00964546203613281 -0.00301933288574219 -0.128143310546875 0.4859619140625
-0.0133132934570313 -0.0083913803100586 -0.345428466796875 0.2222900390625
0.00489044189453125 0.00322294235229492 -0.0118331909179687 0.0477294921875
0.0172033309936523 -0.00292682647705078 0.407623291015625 -0.119781494140625
0.00612115859985351 0.000579357147216797 0.237213134765625 -0.46026611328125
-0.00837421417236328 0.0148382186889648 -0.2413330078125 -0.3690185546875
-0.00327491760253906 0.0181350708007812 -0.33001708984375 0.00103759765625005
0.0104494094848633 0.0101089477539062 -0.182418823242188 0.170074462890625
0.0145626068115234 -0.00780487060546875 0.00746154785156248 0.151351928710938
-0.0043182373046875 -0.0141162872314453 0.10247802734375 0.0424423217773438
-0.00815105438232422 -0.000557899475097657 -0.0874099731445313 -0.0721817016601563
0.0107784271240234 0.00368118286132813 0.028533935546875 -0.151763916015625
0.00562715530395508 0.00426197052001953 0.203659057617187 -0.1202392578125
-0.0154380798339844 0.0113124847412109 0.33343505859375 0.0836181640625
-0.0214862823486328 0.00822257995605469 0.167205810546875 0.40118408203125
0.00972557067871094 -0.0222797393798828 -0.2110595703125 0.452667236328125
0.0321578979492188 -0.00946998596191406 -0.34490966796875 0.154510498046875
0.0536842346191406 0.0169105529785156 0.0473709106445313 0.0320281982421875
0.0490455627441406 -0.00831985473632813 0.395416259765625 -0.18695068359375
0.0167837142944336 -0.0156049728393555 0.14990234375 -0.48370361328125
-0.018341064453125 -0.000162124633789065 -0.2880859375 -0.311309814453125
-0.0224056243896484 0.0116996765136719 -0.311553955078125 0.05682373046875
0.00153636932373047 0.0088958740234375 -0.1536865234375 0.194351196289063
0.011749267578125 0.00295257568359375 0.019317626953125 0.150787353515625
-0.0102949142456055 0.00180435180664062 0.104133605957031 0.0393524169921875
-0.00729894638061523 -0.00258874893188476 -0.0878219604492188 -0.0698623657226562
0.00889968872070312 0.00288009643554688 0.0250091552734375 -0.149505615234375
0.00595521926879883 0.00542068481445312 0.200164794921875 -0.124862670898438
-0.0137968063354492 0.0111675262451172 0.334869384765625 0.07177734375
-0.0203666687011719 0.00769233703613281 0.179718017578125 0.39324951171875
0.0105648040771484 -0.0257549285888672 -0.1973876953125 0.45721435546875
0.035888671875 -0.0136642456054688 -0.347991943359375 0.16357421875
0.0606117248535156 0.0156745910644531 0.0317859649658203 0.0314502716064453
0.0553627014160156 -0.0111541748046875 0.393524169921875 -0.175567626953125
0.0196151733398438 -0.0195503234863281 0.164947509765625 -0.481292724609375
-0.0167503356933594 -0.00272560119628906 -0.27801513671875 -0.323211669921875
-0.0213451385498047 0.01275634765625 -0.31500244140625 0.046875
0.0010986328125 0.0104503631591797 -0.160202026367188 0.193435668945312
0.0104990005493164 0.00164604187011719 0.0147552490234375 0.153366088867187
-0.00903129577636719 0.000126838684082033 0.102508544921875 0.0431137084960938
-0.00642251968383789 -0.00502634048461914 -0.08831787109375 -0.068328857421875
0.00821542739868164 0.000394344329833984 0.0212860107421875 -0.1488037109375
0.00722503662109375 0.00573492050170898 0.195220947265625 -0.12994384765625
-0.0100812911987305 0.0125942230224609 0.333892822265625 0.058197021484375
-0.0179100036621094 0.00870704650878906 0.193572998046875 0.382568359375
0.008514404296875 -0.0274448394775391 -0.177398681640625 0.462677001953125
0.0345535278320313 -0.0173969268798828 -0.35040283203125 0.176788330078125
0.0620079040527344 0.0135040283203125 0.0155124664306641 0.032073974609375
0.0571517944335937 -0.0113792419433594 0.3927001953125 -0.1614990234375
0.0216445922851563 -0.0208587646484375 0.182586669921875 -0.476654052734375
-0.014246940612793 -0.00285816192626953 -0.268585205078125 -0.33740234375
-0.0191440582275391 0.0131988525390625 -0.319244384765625 0.0347290039062501
0.00206184387207031 0.0118227005004883 -0.167831420898438 0.188919067382812
0.0103530883789063 0.000517845153808594 0.01031494140625 0.15582275390625
-0.00799417495727539 -0.00327157974243164 0.100143432617188 0.0441665649414063
-0.00602579116821289 -0.00761127471923828 -0.0889434814453125 -0.0671157836914063
0.00695896148681641 -0.00192117691040039 0.017059326171875 -0.149200439453125
0.00869178771972656 0.00469684600830078 0.188186645507812 -0.137863159179688
-0.00574779510498047 0.0146389007568359 0.332855224609375 0.043182373046875
-0.0155000686645508 0.0120573043823242 0.2071533203125 0.369598388671875
0.00545120239257813 -0.0254936218261719 -0.158416748046875 0.4676513671875
0.0274620056152344 -0.0194931030273438 -0.3505859375 0.18939208984375
0.0566024780273438 0.0109329223632813 0.000328063964843751 0.0342330932617188
0.05419921875 -0.0110588073730469 0.393096923828125 -0.144805908203125
0.0219650268554688 -0.018829345703125 0.20245361328125 -0.468353271484375
-0.0128812789916992 -0.00146675109863281 -0.256378173828125 -0.350067138671875
-0.0155143737792969 0.0145435333251953 -0.322021484375 0.020965576171875
0.00354862213134766 0.0126008987426758 -0.173812866210937 0.184112548828125
0.00961112976074219 -0.00158214569091797 0.00646972656250001 0.15631103515625
-0.00674104690551758 -0.00681591033935547 0.098876953125 0.046600341796875
-0.00535678863525391 -0.0110359191894531 -0.09051513671875 -0.0648727416992188
0.00722932815551758 -0.00510072708129883 0.0140380859375 -0.149490356445313
0.0109262466430664 0.00405216217041016 0.180587768554688 -0.143768310546875
-0.00172233581542969 0.0150070190429687 0.32952880859375 0.030914306640625
-0.0127925872802734 0.0161933898925781 0.21856689453125 0.360748291015625
0.00172615051269531 -0.0212383270263672 -0.1439208984375 0.47344970703125
0.0180511474609375 -0.0188980102539063 -0.350738525390625 0.200103759765625
0.0457267761230469 0.00849533081054688 -0.0123405456542969 0.0375328063964844
0.0477523803710938 -0.00932693481445313 0.393341064453125 -0.12994384765625
0.0197486877441406 -0.0154876708984375 0.222076416015625 -0.461578369140625
-0.0103054046630859 0.000577926635742188 -0.24481201171875 -0.361053466796875
-0.0116500854492187 0.0154361724853516 -0.325286865234375 0.009429931640625
0.00486278533935547 0.012782096862793 -0.179458618164063 0.17828369140625
0.0107650756835938 -0.00360012054443359 0.00372314453125001 0.156646728515625
-0.00616836547851563 -0.00900650024414063 0.09912109375 0.0466461181640625
-0.00536155700683594 -0.0133943557739258 -0.0916519165039063 -0.0645599365234375
0.00744056701660156 -0.00691843032836914 0.01202392578125 -0.15191650390625
0.0127134323120117 0.00255107879638672 0.175811767578125 -0.149688720703125
0.00182437896728516 0.017237663269043 0.3272705078125 0.02215576171875
-0.0104522705078125 0.0209388732910156 0.223236083984375 0.35516357421875
-0.00259780883789063 -0.015986442565918 -0.1334228515625 0.47509765625
0.00671958923339844 -0.0171670913696289 -0.3504638671875 0.208648681640625
0.0317401885986328 0.00667572021484375 -0.0185585021972656 0.0402870178222656
0.0377960205078125 -0.00734329223632813 0.39617919921875 -0.116668701171875
0.0168676376342773 -0.0111551284790039 0.236053466796875 -0.454559326171875
-0.00872611999511719 0.00565195083618164 -0.2353515625 -0.36834716796875
-0.00816726684570313 0.0165510177612305 -0.327423095703125 0.000640869140624965
0.00703525543212891 0.0126266479492188 -0.1829833984375 0.171798706054688
0.011418342590332 -0.00566959381103516 0.0035247802734375 0.15533447265625
-0.00510692596435547 -0.0119247436523437 0.0980072021484375 0.0469207763671875
-0.00574398040771484 -0.0154447555541992 -0.0937042236328125 -0.0649185180664062
0.00932121276855469 -0.00909996032714844 0.0115203857421875 -0.154144287109375
0.0141382217407227 0.000788688659667969 0.173568725585938 -0.154281616210938
0.00454902648925781 0.0182056427001953 0.32623291015625 0.017547607421875
-0.008087158203125 0.0250091552734375 0.22406005859375 0.353271484375
-0.00560092926025391 -0.00957775115966797 -0.131256103515625 0.477783203125
-0.00438594818115235 -0.0129547119140625 -0.34747314453125 0.21380615234375
0.0179100036621094 0.00443649291992188 -0.0189781188964844 0.044036865234375
0.0260353088378906 -0.00531768798828125 0.39971923828125 -0.111297607421875
0.0114431381225586 -0.00491714477539063 0.243896484375 -0.453857421875
-0.00830554962158203 0.0104866027832031 -0.230987548828125 -0.371185302734375
-0.00593757629394531 0.0176525115966797 -0.327239990234375 -0.004547119140625
0.00879955291748047 0.0111179351806641 -0.1844482421875 0.168548583984375
0.0124702453613281 -0.00605392456054688 0.0032806396484375 0.152587890625
-0.00428962707519531 -0.0135421752929688 0.100013732910156 0.0454788208007812
-0.00653362274169922 -0.0161256790161133 -0.094390869140625 -0.0652008056640625
0.0101547241210937 -0.0102748870849609 0.0111846923828125 -0.15606689453125
0.0159139633178711 -0.00106048583984375 0.170944213867188 -0.158554077148438
0.00624275207519531 0.0187435150146484 0.32623291015625 0.01385498046875
-0.00720024108886719 0.0285854339599609 0.229339599609375 0.353851318359375
-0.00938129425048828 -0.00325584411621094 -0.126861572265625 0.482269287109375
-0.0130586624145508 -0.00864410400390625 -0.3441162109375 0.22021484375
0.00437426567077637 0.00391411781311035 -0.0109939575195312 0.04736328125
0.0151472091674805 -0.00295352935791016 0.40435791015625 -0.119140625
0.0060887336730957 0.0002288818359375 0.235198974609375 -0.45758056640625
-0.00782394409179687 0.0141763687133789 -0.241729736328125 -0.365997314453125
-0.00383377075195312 0.0182323455810547 -0.328887939453125 0.0018310546875
0.0107622146606445 0.010040283203125 -0.180908203125 0.169158935546875
0.014124870300293 -0.00766944885253906 0.00750732421875002 0.1502685546875
-0.004425048828125 -0.013737678527832 0.102088928222656 0.0425949096679688
-0.00827312469482422 -0.000447750091552734 -0.0874099731445313 -0.07257080078125
0.0105218887329102 0.00451087951660156 0.027557373046875 -0.150985717773438
0.00513410568237305 0.00443363189697266 0.203277587890625 -0.119766235351562
-0.0167131423950195 0.0112199783325195 0.332977294921875 0.08331298828125
-0.0214881896972656 0.00848770141601562 0.166900634765625 0.3994140625
0.0106868743896484 -0.0222873687744141 -0.208831787109375 0.450042724609375
0.0321998596191406 -0.00899124145507812 -0.343231201171875 0.154388427734375
0.0541114807128906 0.0173187255859375 0.0464096069335938 0.0315399169921875
0.0489578247070313 -0.0087127685546875 0.39337158203125 -0.1861572265625
0.0167779922485352 -0.0159893035888672 0.149139404296875 -0.482940673828125
-0.0185222625732422 1.14440917968757E-05 -0.28729248046875 -0.309173583984375
-0.0227432250976563 0.0122756958007813 -0.30999755859375 0.0566406250000001
0.00136089324951172 0.00799942016601563 -0.1522216796875 0.194320678710938
0.0118246078491211 0.00223922729492188 0.0199127197265625 0.150558471679687
-0.0109434127807617 0.00231075286865235 0.1033935546875 0.0404129028320313
-0.0081019401550293 -0.00219583511352539 -0.0874786376953125 -0.0696640014648438
0.0092010498046875 0.00342082977294922 0.0244140625 -0.149658203125
0.00586271286010742 0.00482463836669922 0.199264526367187 -0.1241455078125
-0.013758659362793 0.0117578506469727 0.333648681640625 0.0706787109375
-0.0201396942138672 0.00799942016601562 0.1806640625 0.390777587890625
0.0109062194824219 -0.0254955291748047 -0.194183349609375 0.455902099609375
0.0359115600585938 -0.0133247375488281 -0.34771728515625 0.163330078125
0.0597305297851563 0.0160102844238281 0.0319023132324219 0.0306205749511719
0.0544776916503906 -0.0113258361816406 0.39349365234375 -0.175262451171875
0.0198173522949219 -0.0202751159667969 0.163543701171875 -0.47955322265625
-0.0163431167602539 -0.00261783599853516 -0.27825927734375 -0.321136474609375
-0.0209388732910156 0.0131187438964844 -0.313629150390625 0.0476684570312501
0.00164604187011719 0.00946807861328125 -0.159011840820313 0.192520141601563
0.010650634765625 0.00125217437744141 0.0152740478515625 0.152938842773438
-0.00948619842529297 0.000517845153808594 0.100685119628906 0.0425491333007813
-0.00618982315063477 -0.00398063659667969 -0.0877151489257813 -0.067413330078125
0.00859975814819336 0.00104713439941406 0.0207977294921875 -0.148361206054687
0.00668239593505859 0.00561761856079102 0.1929931640625 -0.13006591796875
-0.0108833312988281 0.0127048492431641 0.3336181640625 0.056793212890625
-0.0180225372314453 0.00859451293945312 0.1947021484375 0.380615234375
0.00881385803222656 -0.0262241363525391 -0.176055908203125 0.460845947265625
0.033905029296875 -0.0165958404541016 -0.349273681640625 0.175750732421875
0.0609512329101563 0.0136756896972656 0.0151844024658203 0.0313510894775391
0.0566329956054687 -0.0113868713378906 0.39013671875 -0.1605224609375
0.0212459564208984 -0.0210514068603516 0.181884765625 -0.4742431640625
-0.0144367218017578 -0.00304126739501953 -0.26800537109375 -0.3348388671875
-0.0185775756835938 0.0132045745849609 -0.317352294921875 0.0348510742187501
0.00182437896728516 0.0117864608764648 -0.166091918945312 0.188568115234375
0.00988864898681641 0.000355720520019531 0.0100860595703125 0.155517578125
-0.00820493698120117 -0.00233030319213867 0.0992050170898438 0.0435867309570313
-0.0064544677734375 -0.00741004943847656 -0.0887374877929687 -0.0657806396484375
0.00673389434814453 -0.00118398666381836 0.0166778564453125 -0.148651123046875
0.00911903381347656 0.00459003448486328 0.186065673828125 -0.137847900390625
-0.00591945648193359 0.0150623321533203 0.33148193359375 0.04248046875
-0.0155439376831055 0.0121526718139648 0.20794677734375 0.368499755859375
0.00548362731933594 -0.0251922607421875 -0.15777587890625 0.465576171875
0.026519775390625 -0.0191707611083984 -0.34942626953125 0.18841552734375
0.0554695129394531 0.0115127563476563 -0.000656127929687495 0.033660888671875
0.0543403625488281 -0.0107307434082031 0.3914794921875 -0.14398193359375
0.0221195220947266 -0.0203304290771484 0.201171875 -0.46771240234375
-0.0112752914428711 -0.00125598907470703 -0.255126953125 -0.347381591796875
-0.0153417587280273 0.014561653137207 -0.320526123046875 0.0217285156250001
0.00330638885498047 0.0118589401245117 -0.172149658203125 0.183502197265625
0.00971412658691406 -0.00146293640136719 0.00654602050781251 0.15631103515625
-0.00708103179931641 -0.00574207305908203 0.0984573364257813 0.0459976196289063
-0.00568771362304687 -0.011077880859375 -0.0898590087890625 -0.0640335083007812
0.00748109817504883 -0.00355958938598633 0.013580322265625 -0.150344848632813
0.0103921890258789 0.00325965881347656 0.179672241210938 -0.143463134765625
-0.00250244140625 0.0160627365112305 0.329254150390625 0.030181884765625
-0.0134143829345703 0.0161876678466797 0.21832275390625 0.358428955078125
0.00200462341308594 -0.0213527679443359 -0.141937255859375 0.470184326171875
0.0175628662109375 -0.0186252593994141 -0.34930419921875 0.198883056640625
0.045379638671875 0.00907516479492188 -0.0120849609375 0.037017822265625
0.0475730895996094 -0.00978851318359375 0.39208984375 -0.127227783203125
0.0197486877441406 -0.0161628723144531 0.220672607421875 -0.45904541015625
-0.00940799713134766 0.000665664672851561 -0.2435302734375 -0.35894775390625
-0.0112628936767578 0.0155467987060547 -0.324066162109375 0.00958251953125002
0.00526523590087891 0.0124673843383789 -0.177886962890625 0.177993774414063
0.0103025436401367 -0.00354290008544922 0.00372314453125001 0.1556396484375
-0.00502872467041016 -0.00866556167602539 0.0968093872070313 0.0474777221679687
-0.00534343719482422 -0.0132551193237305 -0.0913162231445312 -0.064422607421875
0.00799751281738281 -0.00735330581665039 0.010650634765625 -0.152267456054688
0.0128402709960938 0.00151443481445313 0.175796508789063 -0.149520874023438
0.0017852783203125 0.0171985626220703 0.326324462890625 0.02099609375
-0.0105724334716797 0.0202121734619141 0.2242431640625 0.351287841796875
-0.00235176086425781 -0.0158910751342773 -0.132537841796875 0.473358154296875
0.00611305236816406 -0.0158424377441406 -0.348297119140625 0.2081298828125
0.0313491821289063 0.006927490234375 -0.0196533203125 0.0398330688476562
0.0369224548339844 -0.0073699951171875 0.394134521484375 -0.11614990234375
0.016200065612793 -0.0110769271850586 0.234832763671875 -0.452484130859375
-0.00757408142089844 0.00492572784423828 -0.233978271484375 -0.366455078125
-0.00786495208740234 0.0174360275268555 -0.324737548828125 0.00021362304687493
0.00656795501708984 0.0122909545898437 -0.1820068359375 0.17083740234375
0.0118694305419922 -0.00582027435302734 0.00299072265624998 0.155105590820313
-0.0047760009765625 -0.0118618011474609 0.0980300903320313 0.0472793579101563
-0.00640487670898437 -0.0148382186889648 -0.0921096801757813 -0.0654296875
0.00869655609130859 -0.00963592529296875 0.011199951171875 -0.1536865234375
0.0141963958740234 0.000827789306640625 0.17218017578125 -0.153549194335938
0.00499534606933594 0.0175838470458984 0.324859619140625 0.01678466796875
-0.00814247131347656 0.0246772766113281 0.22491455078125 0.350311279296875
-0.00617694854736328 -0.00912857055664063 -0.128997802734375 0.475555419921875
-0.00482559204101562 -0.01141357421875 -0.346405029296875 0.21185302734375
0.0166378021240234 0.00580501556396484 -0.0185508728027344 0.0436744689941406
0.0264225006103516 -0.00578880310058594 0.397216796875 -0.110137939453125
0.01104736328125 -0.00514984130859375 0.241912841796875 -0.451904296875
-0.00777816772460938 0.0105829238891602 -0.231964111328125 -0.37054443359375
-0.00538253784179687 0.0185985565185547 -0.3251953125 -0.00463867187499997
0.00819969177246094 0.0116586685180664 -0.182571411132813 0.167816162109375
0.012939453125 -0.00690460205078125 0.00390625000000001 0.152084350585938
-0.00438594818115234 -0.0130529403686523 0.0982513427734375 0.0459671020507813
-0.00654315948486328 -0.0147476196289063 -0.0941085815429688 -0.0645294189453125
0.0105094909667969 -0.00941562652587891 0.0105743408203125 -0.155364990234375
0.0141353607177734 -0.0009002685546875 0.17034912109375 -0.158538818359375
0.00593185424804688 0.0182514190673828 0.324493408203125 0.01324462890625
-0.00750732421875 0.0279293060302734 0.23028564453125 0.350372314453125
-0.0092315673828125 -0.00339221954345703 -0.1239013671875 0.48028564453125
-0.0142478942871094 -0.00749492645263672 -0.342315673828125 0.219024658203125
0.00402355194091797 0.00480318069458008 -0.0121841430664063 0.0474586486816406
0.0157413482666016 -0.00336265563964844 0.401123046875 -0.11785888671875
0.00693321228027344 -0.000492572784423828 0.235260009765625 -0.456146240234375
-0.006866455078125 0.0144662857055664 -0.24139404296875 -0.364654541015625
-0.00374794006347656 0.01873779296875 -0.327056884765625 0.00253295898437507
0.0103244781494141 0.0103158950805664 -0.179595947265625 0.168670654296875
0.014068603515625 -0.00819015502929688 0.00778198242187499 0.149749755859375
-0.00519084930419922 -0.0124101638793945 0.100997924804688 0.0431060791015625
-0.00875282287597656 0.000214576721191404 -0.0875167846679688 -0.0724563598632813
0.0105352401733398 0.00445842742919922 0.02685546875 -0.15106201171875
0.00547456741333008 0.00424098968505859 0.201980590820313 -0.12005615234375
-0.0163602828979492 0.011134147644043 0.3323974609375 0.081695556640625
-0.0203151702880859 0.00780868530273437 0.1668701171875 0.3973388671875
0.010986328125 -0.0226364135742187 -0.2086181640625 0.448516845703125
0.0318889617919922 -0.00791168212890625 -0.34197998046875 0.154388427734375
0.0526237487792969 0.0173797607421875 0.0449867248535156 0.0315093994140625
0.0487442016601563 -0.00911331176757813 0.390594482421875 -0.184234619140625
0.017242431640625 -0.0164518356323242 0.14959716796875 -0.480224609375
-0.0179576873779297 -0.00097084045410156 -0.285675048828125 -0.307586669921875
-0.0221920013427734 0.0124931335449219 -0.308685302734375 0.0567626953125
0.00207042694091797 0.00777578353881836 -0.151840209960938 0.194244384765625
0.0114459991455078 0.00226879119873047 0.01953125 0.149154663085938
-0.0104284286499023 0.00267505645751953 0.10284423828125 0.0410537719726563
-0.00765466690063477 -0.00148200988769531 -0.0872039794921875 -0.0698394775390625
0.00977802276611328 0.00368213653564453 0.024200439453125 -0.149490356445313
0.00513219833374023 0.00552654266357422 0.19879150390625 -0.12457275390625
-0.0148916244506836 0.0128450393676758 0.334014892578125 0.070404052734375
-0.0201454162597656 0.00725746154785157 0.180877685546875 0.388946533203125
0.0109443664550781 -0.0260009765625 -0.193756103515625 0.453216552734375
0.0354804992675781 -0.0118942260742188 -0.347137451171875 0.162933349609375
0.0594367980957031 0.0163955688476562 0.0312919616699219 0.0307559967041016
0.0543060302734375 -0.0110740661621094 0.389373779296875 -0.174346923828125
0.0206489562988281 -0.0202655792236328 0.16522216796875 -0.477813720703125
-0.0163402557373047 -0.00244903564453125 -0.277618408203125 -0.3203125
-0.0209407806396484 0.0123367309570313 -0.31280517578125 0.0473327636718751
0.00148582458496094 0.00956153869628906 -0.158111572265625 0.192092895507813
0.010345458984375 0.00126361846923828 0.0147705078125 0.152923583984375
-0.00971412658691406 0.000986099243164063 0.101028442382813 0.043182373046875
-0.00732183456420898 -0.00336122512817383 -0.0876922607421875 -0.0680313110351563
0.00857973098754883 0.000703334808349609 0.020355224609375 -0.148452758789062
0.00701141357421875 0.00565528869628906 0.19268798828125 -0.130294799804688
-0.0105886459350586 0.0137948989868164 0.33343505859375 0.05572509765625
-0.0175991058349609 0.00904083251953125 0.19464111328125 0.378143310546875
0.00960540771484375 -0.0279407501220703 -0.174346923828125 0.459075927734375
0.0337257385253906 -0.016937255859375 -0.347930908203125 0.175750732421875
0.0600929260253906 0.0132560729980469 0.0148124694824219 0.0311794281005859
0.0563430786132813 -0.0119094848632813 0.38873291015625 -0.1585693359375
0.0214195251464844 -0.0213642120361328 0.180938720703125 -0.4732666015625
-0.0140714645385742 -0.00233554840087891 -0.26715087890625 -0.334228515625
-0.0180244445800781 0.0140018463134766 -0.3160400390625 0.034423828125
0.00170421600341797 0.0110750198364258 -0.164321899414063 0.188323974609375
0.00964832305908203 -9.1552734375E-05 0.0110015869140625 0.1551513671875
-0.00878286361694336 -0.00217723846435547 0.0983963012695312 0.0453033447265625
-0.00650453567504883 -0.00715160369873047 -0.0892715454101563 -0.065399169921875
0.00752830505371094 -0.000835895538330078 0.0157318115234375 -0.148162841796875
0.0088043212890625 0.00530910491943359 0.186111450195313 -0.137237548828125
-0.00640487670898438 0.0146255493164063 0.331573486328125 0.041748046875
-0.0154619216918945 0.0104074478149414 0.208282470703125 0.36688232421875
0.00636100769042969 -0.025634765625 -0.156707763671875 0.46533203125
0.0265979766845703 -0.0181827545166016 -0.3489990234375 0.18695068359375
0.0546302795410156 0.0116729736328125 -0.000711441040039061 0.0335617065429688
0.0541114807128906 -0.0106277465820313 0.389129638671875 -0.14208984375
0.0221729278564453 -0.0194320678710938 0.201629638671875 -0.464569091796875
-0.0117988586425781 -0.001312255859375 -0.255126953125 -0.346832275390625
-0.0155248641967773 0.0150842666625977 -0.31951904296875 0.0211181640625001
0.00240421295166016 0.0128755569458008 -0.171173095703125 0.183135986328125
0.00958251953125 -0.00202846527099609 0.00691223144531249 0.156478881835938
-0.00684309005737305 -0.00487709045410156 0.0983200073242188 0.0471725463867188
-0.00604534149169922 -0.0100440979003906 -0.0902633666992188 -0.0647964477539062
0.00795555114746094 -0.00502586364746094 0.0124664306640625 -0.149383544921875
0.0102262496948242 0.00458240509033203 0.179595947265625 -0.144241333007813
-0.00159263610839844 0.0165433883666992 0.328765869140625 0.02935791015625
-0.0125083923339844 0.0155305862426758 0.2191162109375 0.35650634765625
0.00161933898925781 -0.0213890075683594 -0.14068603515625 0.469390869140625
0.0178298950195313 -0.0181522369384766 -0.348419189453125 0.196685791015625
0.0444412231445312 0.00875473022460937 -0.0126419067382812 0.0365104675292969
0.0472297668457031 -0.009368896484375 0.390869140625 -0.1260986328125
0.0196819305419922 -0.0160579681396484 0.22076416015625 -0.45758056640625
-0.00905323028564453 0.00164222717285156 -0.243804931640625 -0.3575439453125
-0.0108499526977539 0.0161676406860352 -0.32232666015625 0.00976562499999997
0.00436496734619141 0.0126314163208008 -0.176422119140625 0.177230834960937
0.0103092193603516 -0.00383567810058594 0.00465393066406248 0.156829833984375
-0.00638008117675781 -0.00880146026611328 0.0970535278320313 0.04718017578125
-0.00515460968017578 -0.0127420425415039 -0.0923995971679688 -0.0639877319335937
0.00800371170043945 -0.00634527206420898 0.01068115234375 -0.1510009765625
0.0124063491821289 0.00243282318115234 0.174026489257812 -0.149032592773438
0.00144767761230469 0.0174951553344727 0.325592041015625 0.020050048828125
-0.00974845886230469 0.0202846527099609 0.2232666015625 0.349578857421875
-0.00219917297363281 -0.0158729553222656 -0.130889892578125 0.47100830078125
0.00617885589599609 -0.0155038833618164 -0.347076416015625 0.20758056640625
0.0304374694824219 0.00732994079589844 -0.0193023681640625 0.0394172668457031
0.0360450744628906 -0.00750350952148438 0.3924560546875 -0.113311767578125
0.0170135498046875 -0.0111780166625977 0.234771728515625 -0.45068359375
-0.00800943374633789 0.00600528717041016 -0.233978271484375 -0.3648681640625
-0.00795745849609375 0.0180034637451172 -0.32354736328125 0.00158691406249999
0.00614452362060547 0.0125141143798828 -0.180328369140625 0.171188354492188
0.0110254287719727 -0.00644111633300781 0.00306701660156249 0.15435791015625
-0.0055856704711914 -0.010533332824707 0.0977096557617188 0.047454833984375
-0.00600910186767578 -0.0137653350830078 -0.0934524536132813 -0.0647048950195313
0.00844383239746094 -0.00890922546386719 0.00952148437500002 -0.153549194335937
0.0134658813476563 0.000729560852050781 0.170822143554688 -0.152740478515625
0.00504875183105469 0.0177555084228516 0.324859619140625 0.0177001953125
-0.00830078125 0.0242938995361328 0.22528076171875 0.34918212890625
-0.00523948669433594 -0.00966930389404297 -0.12762451171875 0.47406005859375
-0.00523471832275391 -0.0113134384155273 -0.345672607421875 0.211517333984375
0.0162515640258789 0.00620937347412109 -0.0189704895019531 0.0435333251953125
0.0256462097167969 -0.00579643249511719 0.395477294921875 -0.110626220703125
0.012263298034668 -0.00574302673339844 0.241943359375 -0.448211669921875
-0.00689125061035156 0.01043701171875 -0.23095703125 -0.368865966796875
-0.00465202331542969 0.0185203552246094 -0.32586669921875 -0.00253295898437503
0.00860786437988281 0.0114803314208984 -0.181961059570313 0.16729736328125
0.0121707916259766 -0.00741004943847656 0.00366210937500001 0.152603149414063
-0.00508975982666016 -0.0120706558227539 0.0985260009765625 0.045745849609375
-0.00686359405517578 -0.0146760940551758 -0.0937652587890625 -0.0652008056640625
0.010167121887207 -0.00980472564697266 0.010345458984375 -0.156097412109375
0.0148248672485352 -0.000510215759277344 0.169174194335938 -0.158706665039063
0.00649166107177734 0.0175514221191406 0.32415771484375 0.01275634765625
-0.00658607482910156 0.0282135009765625 0.230316162109375 0.348907470703125
-0.00874519348144531 -0.00311708450317383 -0.12298583984375 0.47833251953125
-0.0148220062255859 -0.00683784484863281 -0.341033935546875 0.21856689453125
0.00380945205688477 0.0043787956237793 -0.0124015808105469 0.0461349487304688
0.0153274536132812 -0.00409221649169922 0.398834228515625 -0.116058349609375
0.00618457794189453 -0.000320911407470703 0.2337646484375 -0.45361328125
-0.00759220123291016 0.0141506195068359 -0.240203857421875 -0.362060546875
-0.003570556640625 0.0182132720947266 -0.32611083984375 0.00271606445312494
0.00973987579345703 0.0104475021362305 -0.179214477539063 0.168121337890625
0.014042854309082 -0.0091400146484375 0.00772094726562499 0.149917602539063
-0.00474834442138672 -0.0126609802246094 0.100021362304687 0.0433502197265625
-0.00859642028808594 0.000697612762451172 -0.0879440307617188 -0.07293701171875
0.0111312866210938 0.00416278839111328 0.02618408203125 -0.151397705078125
0.00529289245605469 0.00567150115966797 0.201736450195313 -0.120468139648438
-0.0164117813110352 0.0113954544067383 0.3330078125 0.080902099609375
-0.0200710296630859 0.0081787109375 0.168853759765625 0.396820068359375
0.0111236572265625 -0.0227146148681641 -0.207855224609375 0.446868896484375
0.0309429168701172 -0.00719070434570313 -0.3431396484375 0.153717041015625
0.0518379211425781 0.0181121826171875 0.0447273254394531 0.0306854248046875
0.048919677734375 -0.00883865356445313 0.392578125 -0.1837158203125
0.0176181793212891 -0.0172748565673828 0.148681640625 -0.478912353515625
-0.0174684524536133 -0.000903129577636718 -0.28558349609375 -0.308319091796875
-0.0223007202148438 0.0125999450683594 -0.308685302734375 0.057525634765625
0.00153255462646484 0.00826072692871094 -0.150466918945313 0.193649291992188
0.0105571746826172 0.00159358978271484 0.0196990966796875 0.14959716796875
-0.0111417770385742 0.00341796875 0.1029052734375 0.0406646728515625
-0.00829839706420898 -0.000780582427978514 -0.0880050659179688 -0.0701065063476563
0.00968647003173828 0.00358390808105469 0.0238494873046875 -0.149368286132813
0.00525712966918945 0.00513696670532227 0.1983642578125 -0.124557495117188
-0.0135889053344727 0.0120162963867187 0.333984375 0.068939208984375
-0.0192413330078125 0.00749778747558594 0.182037353515625 0.387908935546875
0.011199951171875 -0.0268154144287109 -0.192352294921875 0.453338623046875
0.0346908569335938 -0.0117130279541016 -0.34625244140625 0.161376953125
0.0588722229003906 0.016876220703125 0.0303936004638672 0.0306663513183594
0.054107666015625 -0.0107192993164063 0.3897705078125 -0.172943115234375
0.0204620361328125 -0.0206165313720703 0.163970947265625 -0.4761962890625
-0.0156421661376953 -0.00267124176025391 -0.27667236328125 -0.320068359375
-0.0207633972167969 0.0127582550048828 -0.311676025390625 0.04718017578125
0.00176429748535156 0.0102634429931641 -0.15777587890625 0.191421508789062
0.0103616714477539 0.000583648681640625 0.0156402587890625 0.153182983398438
-0.0105228424072266 0.00151538848876953 0.100700378417969 0.0436248779296875
-0.0070042610168457 -0.00354385375976562 -0.0878829956054688 -0.0681915283203125
0.00765514373779297 0.00143861770629883 0.0197906494140625 -0.148849487304687
0.00646066665649414 0.00544118881225586 0.192153930664063 -0.130630493164063
-0.0104494094848633 0.0133142471313477 0.333770751953125 0.055419921875
-0.0168161392211914 0.00871467590332031 0.196685791015625 0.3780517578125
0.009185791015625 -0.027862548828125 -0.173309326171875 0.45684814453125
0.033050537109375 -0.0156421661376953 -0.34814453125 0.174346923828125
0.059112548828125 0.015106201171875 0.0135688781738281 0.0306129455566406
0.0561065673828125 -0.0115089416503906 0.388153076171875 -0.1573486328125
0.0220222473144531 -0.0209083557128906 0.18060302734375 -0.471893310546875
-0.0134181976318359 -0.00393390655517578 -0.2667236328125 -0.333251953125
-0.0180683135986328 0.0141086578369141 -0.314697265625 0.0350646972656249
0.00154685974121094 0.0110254287719727 -0.163742065429688 0.188232421875
0.00984764099121094 6.77108764648438E-05 0.0107879638671875 0.155563354492188
-0.00833940505981445 -0.00158023834228516 0.0985870361328125 0.0453109741210937
-0.00662422180175781 -0.00640869140625 -0.0890426635742188 -0.0667266845703125
0.00707435607910156 -0.000524044036865234 0.01593017578125 -0.149398803710938
0.00787878036499023 0.00525951385498047 0.185638427734375 -0.1387939453125
-0.00693988800048828 0.0154228210449219 0.331634521484375 0.0404052734375
-0.0150585174560547 0.0117120742797852 0.209564208984375 0.365478515625
0.00623321533203125 -0.0257434844970703 -0.155548095703125 0.463775634765625
0.0263328552246094 -0.0166511535644531 -0.349884033203125 0.187591552734375
0.0539817810058594 0.011932373046875 -0.00182151794433593 0.0327014923095703
0.0531539916992188 -0.0116844177246094 0.3892822265625 -0.142181396484375
0.0221538543701172 -0.0196571350097656 0.202484130859375 -0.464385986328125
-0.0114650726318359 -0.00117301940917968 -0.253753662109375 -0.345916748046875
-0.0152378082275391 0.0149526596069336 -0.318878173828125 0.02227783203125
0.0032958984375 0.0124120712280273 -0.170791625976562 0.18310546875
0.0100898742675781 -0.00282478332519531 0.0069427490234375 0.157058715820313
-0.0076899528503418 -0.0047454833984375 0.0975799560546875 0.046966552734375
-0.00662422180175781 -0.0101394653320313 -0.0910873413085937 -0.0648193359375
0.00692462921142578 -0.0041351318359375 0.012725830078125 -0.149749755859375
0.0101547241210938 0.00446891784667969 0.18023681640625 -0.144454956054688
-0.00169658660888672 0.0158777236938477 0.328033447265625 0.028656005859375
-0.0122823715209961 0.0147104263305664 0.220367431640625 0.355926513671875
0.00285148620605469 -0.0216503143310547 -0.139984130859375 0.467376708984375
0.0174341201782227 -0.0173978805541992 -0.350128173828125 0.197479248046875
0.0433273315429688 0.0103225708007813 -0.0136375427246094 0.0362434387207031
0.0470123291015625 -0.00975418090820313 0.389862060546875 -0.126220703125
0.0201663970947266 -0.0162410736083984 0.22064208984375 -0.456085205078125
-0.00851154327392578 0.000814914703369141 -0.24267578125 -0.358062744140625
-0.0111513137817383 0.016326904296875 -0.321624755859375 0.010223388671875
0.00471878051757813 0.0123891830444336 -0.176254272460938 0.176803588867188
0.0101699829101563 -0.00417041778564453 0.00459289550781249 0.156280517578125
-0.00615692138671875 -0.0081639289855957 0.0971832275390625 0.0476531982421875
-0.00633621215820313 -0.0125322341918945 -0.0915679931640625 -0.0650558471679688
0.00729942321777344 -0.00612640380859375 0.01092529296875 -0.152328491210937
0.0114736557006836 0.00204086303710938 0.172943115234375 -0.150375366210937
0.00206851959228516 0.0174903869628906 0.3253173828125 0.01947021484375
-0.00972747802734375 0.0193157196044922 0.224456787109375 0.34942626953125
-0.00131607055664062 -0.0162286758422852 -0.130126953125 0.470672607421875
0.0064544677734375 -0.0149726867675781 -0.346435546875 0.206573486328125
0.0308113098144531 0.007568359375 -0.0205917358398438 0.0404930114746094
0.0369796752929688 -0.00817489624023438 0.391265869140625 -0.11419677734375
0.0170412063598633 -0.0114603042602539 0.235321044921875 -0.4493408203125
-0.00724220275878906 0.00561189651489258 -0.23388671875 -0.3643798828125
-0.00815010070800781 0.0175313949584961 -0.32342529296875 0.000915527343749991
0.00648784637451172 0.0113048553466797 -0.180816650390625 0.170730590820313
0.0115146636962891 -0.00605297088623047 0.00355529785156252 0.154983520507813
-0.00564098358154297 -0.010645866394043 0.0971450805664063 0.0482330322265625
-0.00672245025634766 -0.0140781402587891 -0.0928726196289062 -0.0645599365234375
0.00838232040405274 -0.00829219818115234 0.0094757080078125 -0.153518676757813
0.0132465362548828 0.00180149078369141 0.171295166015625 -0.153900146484375
0.00396537780761719 0.0189437866210938 0.324615478515625 0.016693115234375
-0.00794601440429688 0.0237369537353516 0.226043701171875 0.34912109375
-0.00519275665283203 -0.00965118408203125 -0.127716064453125 0.473297119140625
-0.00516223907470703 -0.0113925933837891 -0.346435546875 0.211029052734375
0.0155916213989258 0.00583457946777344 -0.0204620361328125 0.0426902770996094
0.0259208679199219 -0.00612258911132813 0.395416259765625 -0.10986328125
0.0114507675170898 -0.00666236877441406 0.24139404296875 -0.447784423828125
-0.00669956207275391 0.0100202560424805 -0.23150634765625 -0.36822509765625
-0.00522804260253906 0.0182781219482422 -0.32403564453125 -0.00320434570312496
0.0084991455078125 0.0118932723999023 -0.180984497070313 0.166580200195313
0.0123682022094727 -0.00713253021240234 0.00418090820312502 0.152267456054687
-0.00552272796630859 -0.0120973587036133 0.0985183715820313 0.0471954345703125
-0.00666522979736328 -0.0141458511352539 -0.0945892333984375 -0.0651321411132813
0.00935745239257813 -0.00947380065917969 0.00968933105468751 -0.156890869140625
0.0142021179199219 -0.000363349914550781 0.167999267578125 -0.15850830078125
0.00613594055175781 0.0186328887939453 0.324188232421875 0.012176513671875
-0.00662040710449219 0.0273914337158203 0.229949951171875 0.348175048828125
-0.00786209106445312 -0.00391912460327149 -0.122222900390625 0.477935791015625
-0.013789176940918 -0.00681495666503906 -0.340301513671875 0.218170166015625
0.00262784957885742 0.00521183013916016 -0.0125389099121094 0.0469818115234375
0.0146884918212891 -0.00327682495117188 0.399444580078125 -0.116119384765625
0.00699472427368164 -0.000797271728515625 0.234100341796875 -0.4527587890625
-0.00696754455566406 0.0139760971069336 -0.238922119140625 -0.36175537109375
-0.00266265869140625 0.0189285278320313 -0.32513427734375 0.00228881835937496
0.0101966857910156 0.010340690612793 -0.17864990234375 0.168533325195313
0.0136632919311523 -0.00801849365234375 0.00775146484374999 0.14990234375
-0.00556659698486328 -0.0118112564086914 0.100715637207031 0.0441513061523438
-0.00875234603881836 0.00092458724975586 -0.0882186889648438 -0.07305908203125
0.0105428695678711 0.00447177886962891 0.02618408203125 -0.151931762695312
0.00480461120605469 0.00490522384643555 0.201797485351563 -0.121231079101563
-0.016453742980957 0.0111761093139648 0.33447265625 0.080352783203125
-0.0206775665283203 0.00788307189941406 0.1702880859375 0.396331787109375
0.0116901397705078 -0.0233020782470703 -0.20745849609375 0.447784423828125
0.0313014984130859 -0.00637626647949219 -0.34356689453125 0.15301513671875
0.0508842468261719 0.0185890197753906 0.0445327758789063 0.0308609008789063
0.0483474731445313 -0.00893020629882813 0.391387939453125 -0.1832275390625
0.0171737670898438 -0.0171756744384766 0.150543212890625 -0.478424072265625
-0.0169343948364258 -0.00133037567138672 -0.285247802734375 -0.30633544921875
-0.0220127105712891 0.0125961303710938 -0.30810546875 0.0569152832031249
0.00147914886474609 0.00843620300292969 -0.150375366210938 0.19342041015625
0.0112791061401367 0.00122642517089844 0.019805908203125 0.1500244140625
-0.0109272003173828 0.00336265563964844 0.103172302246094 0.0417327880859375
-0.0083317756652832 0.000105381011962889 -0.0879058837890625 -0.070526123046875
0.00946903228759765 0.00380134582519531 0.0234527587890625 -0.150070190429688
0.00520420074462891 0.00579357147216797 0.198471069335938 -0.125747680664063
-0.0145416259765625 0.0124092102050781 0.3350830078125 0.068206787109375
-0.0188961029052734 0.00688743591308594 0.1842041015625 0.387969970703125
0.0118160247802734 -0.0274829864501953 -0.192657470703125 0.4525146484375
0.0343608856201172 -0.0109176635742187 -0.3466796875 0.161407470703125
0.0580940246582031 0.0180473327636719 0.0294475555419922 0.0297908782958984
0.0538825988769531 -0.0108184814453125 0.389801025390625 -0.173126220703125
0.0202674865722656 -0.0203075408935547 0.16351318359375 -0.4761962890625
-0.0157842636108398 -0.00343513488769532 -0.276580810546875 -0.31866455078125
-0.0206489562988281 0.012603759765625 -0.310760498046875 0.0475158691406249
0.00179862976074219 0.0102272033691406 -0.157058715820313 0.191970825195312
0.00987625122070312 0.000510215759277344 0.015380859375 0.153076171875
-0.0102310180664062 0.0016775131225586 0.100433349609375 0.0438079833984375
-0.00681638717651367 -0.00306367874145508 -0.0880813598632813 -0.0680618286132813
0.00870704650878906 0.0021824836730957 0.0197906494140625 -0.149246215820313
0.00682592391967774 0.00636577606201172 0.192535400390625 -0.131179809570313
-0.0114507675170898 0.0138797760009766 0.334320068359375 0.054931640625
-0.0175285339355469 0.00857353210449219 0.198089599609375 0.376251220703125
0.010345458984375 -0.0279312133789063 -0.172088623046875 0.457275390625
0.0330581665039062 -0.0146389007568359 -0.3489990234375 0.17376708984375
0.0596733093261719 0.0152435302734375 0.0126934051513672 0.0304508209228516
0.0553627014160156 -0.0116539001464844 0.388916015625 -0.1575927734375
0.0220870971679688 -0.0218219757080078 0.1824951171875 -0.47119140625
-0.0131063461303711 -0.00273418426513672 -0.266143798828125 -0.332550048828125
-0.0186882019042969 0.0139846801757813 -0.31597900390625 0.0354919433593751
0.00232505798339844 0.0111284255981445 -0.1640625 0.187484741210938
0.00947856903076172 -0.00128650665283203 0.0103302001953125 0.1551513671875
-0.00896453857421875 -0.00095653533935547 0.0986175537109375 0.0460052490234375
-0.00641918182373047 -0.00631856918334961 -0.0897598266601562 -0.0665969848632813
0.00735616683959961 -0.000859737396240234 0.01507568359375 -0.149688720703125
0.00840044021606445 0.00543594360351563 0.186416625976563 -0.139053344726563
-0.00643825531005859 0.0145549774169922 0.332489013671875 0.0401611328125
-0.0146541595458984 0.0108909606933594 0.209991455078125 0.365325927734375
0.00608634948730469 -0.0259571075439453 -0.155242919921875 0.462982177734375
0.0262088775634766 -0.0166454315185547 -0.350006103515625 0.186798095703125
0.0531539916992188 0.0127525329589844 -0.00236129760742187 0.0331134796142578
0.0536575317382812 -0.0114059448242187 0.3892822265625 -0.140960693359375
0.0220870971679688 -0.0201263427734375 0.202484130859375 -0.463409423828125
-0.0111789703369141 -0.00141716003417969 -0.253936767578125 -0.345733642578125
-0.0150442123413086 0.015324592590332 -0.31903076171875 0.022216796875
0.00311470031738281 0.0119991302490234 -0.170745849609375 0.1832275390625
0.00960636138916016 -0.00256538391113281 0.00764465332031248 0.156463623046875
-0.0073390007019043 -0.00401163101196289 0.0977630615234375 0.0470352172851563
-0.00591182708740234 -0.00987052917480469 -0.0909576416015625 -0.0653915405273438
0.00681829452514648 -0.00374698638916016 0.012054443359375 -0.150863647460938
0.00920867919921875 0.00393867492675781 0.178665161132813 -0.144805908203125
-0.00277233123779297 0.0164966583251953 0.330291748046875 0.0283203125
-0.012298583984375 0.0149097442626953 0.220245361328125 0.356201171875
0.0020751953125 -0.0226802825927734 -0.14068603515625 0.46826171875
0.0176029205322266 -0.0171833038330078 -0.35003662109375 0.1966552734375
0.0431671142578125 0.00958251953125 -0.0140419006347656 0.0349216461181641
0.0457267761230469 -0.00978851318359375 0.389678955078125 -0.12451171875
0.0203514099121094 -0.0169887542724609 0.221343994140625 -0.45745849609375
-0.00916194915771484 0.00120162963867187 -0.242431640625 -0.356414794921875
-0.0111179351806641 0.0163431167602539 -0.322357177734375 0.00988769531249996
0.004150390625 0.0120201110839844 -0.176025390625 0.17742919921875
0.00950050354003906 -0.00458621978759766 0.00460815429687501 0.156524658203125
-0.00714826583862305 -0.00723648071289062 0.096954345703125 0.0484848022460938
-0.00669479370117188 -0.0130300521850586 -0.0919647216796875 -0.0648040771484375
0.0075688362121582 -0.00585317611694336 0.00953674316406249 -0.152114868164063
0.0116739273071289 0.00276279449462891 0.174118041992188 -0.150863647460938
0.000955581665039062 0.0177173614501953 0.32708740234375 0.01904296875
-0.009429931640625 0.0191574096679688 0.2247314453125 0.3492431640625
-0.0019998550415039 -0.016688346862793 -0.1304931640625 0.470062255859375
0.00608634948730469 -0.0143232345581055 -0.3477783203125 0.2064208984375
0.0297813415527344 0.00843048095703125 -0.0213279724121094 0.0389938354492188
0.0363044738769531 -0.00816726684570313 0.391693115234375 -0.112579345703125
0.0163478851318359 -0.0117855072021484 0.23443603515625 -0.449951171875
-0.00681924819946289 0.00581598281860352 -0.233367919921875 -0.36444091796875
-0.00826644897460938 0.0178260803222656 -0.322906494140625 3.051757812505E-05
0.00660037994384766 0.0120439529418945 -0.180191040039062 0.17095947265625
0.0100984573364258 -0.00631141662597656 0.00314331054687501 0.155258178710938
-0.00647163391113281 -0.00979328155517578 0.09674072265625 0.0481948852539063
-0.006500244140625 -0.0131072998046875 -0.093231201171875 -0.0645370483398437
0.00796031951904297 -0.00793170928955078 0.00997924804687501 -0.154327392578125
0.0126409530639648 0.00220966339111328 0.171463012695313 -0.1539306640625
0.00488853454589844 0.0181198120117188 0.3253173828125 0.01519775390625
-0.00707244873046875 0.0239276885986328 0.2275390625 0.3487548828125
-0.00458812713623047 -0.00993728637695312 -0.127349853515625 0.47174072265625
-0.00512599945068359 -0.0101404190063477 -0.3460693359375 0.21099853515625
0.0150356292724609 0.00612163543701172 -0.0203857421875 0.0421943664550781
0.0250759124755859 -0.00650405883789063 0.395538330078125 -0.106689453125
0.0117940902709961 -0.00612735748291016 0.242828369140625 -0.44830322265625
-0.00671005249023437 0.00941658020019531 -0.230712890625 -0.366851806640625
-0.00456619262695312 0.0184860229492188 -0.3250732421875 -0.00283813476562502
0.00816440582275391 0.010981559753418 -0.180694580078125 0.16650390625
0.0120820999145508 -0.00799369812011719 0.00456237792968751 0.153091430664062
-0.0056142807006836 -0.011469841003418 0.09808349609375 0.0468368530273437
-0.00739288330078125 -0.0135898590087891 -0.094268798828125 -0.064666748046875
0.00905132293701172 -0.00952053070068359 0.00947570800781249 -0.1571044921875
0.0136623382568359 -0.000174522399902344 0.168304443359375 -0.158706665039063
0.00604820251464844 0.0183830261230469 0.325408935546875 0.011932373046875
-0.005157470703125 0.0270118713378906 0.232421875 0.348297119140625
-0.00735092163085938 -0.00480794906616211 -0.123321533203125 0.477874755859375
-0.0146417617797852 -0.00582981109619141 -0.341552734375 0.2177734375
0.00231170654296875 0.00564289093017578 -0.0138092041015625 0.0458106994628906
0.0147256851196289 -0.00396823883056641 0.39971923828125 -0.114593505859375
0.00722837448120117 -0.00130701065063477 0.2344970703125 -0.451934814453125
-0.00679206848144531 0.0143270492553711 -0.238983154296875 -0.362457275390625
-0.00350570678710937 0.0192604064941406 -0.325164794921875 0.00213623046874997
0.0100593566894531 0.00995349884033203 -0.177154541015625 0.167373657226562
0.0131130218505859 -0.00948047637939453 0.00859069824218751 0.150222778320313
-0.00514316558837891 -0.0114336013793945 0.100265502929687 0.0440292358398437
-0.00953865051269531 0.00174617767333984 -0.0882415771484375 -0.07305908203125
0.0108537673950195 0.00500869750976563 0.0260162353515625 -0.152252197265625
0.00438785552978516 0.00523996353149414 0.202911376953125 -0.120849609375
-0.0167255401611328 0.0116710662841797 0.3355712890625 0.0802001953125
-0.0196552276611328 0.00828170776367187 0.1705322265625 0.39715576171875
0.0118694305419922 -0.0230770111083984 -0.20745849609375 0.4478759765625
0.0316696166992188 -0.00595283508300781 -0.34454345703125 0.1533203125
0.0510635375976563 0.0192680358886719 0.0436363220214844 0.0307083129882813
0.0481681823730469 -0.00905990600585938 0.39190673828125 -0.18218994140625
0.016911506652832 -0.0174150466918945 0.149993896484375 -0.478912353515625
-0.0166692733764648 -0.000925064086914062 -0.285736083984375 -0.308502197265625
-0.0221424102783203 0.0127296447753906 -0.309326171875 0.0567626953125
0.00178337097167969 0.0083775520324707 -0.150375366210937 0.193496704101563
0.0105628967285156 0.00165843963623047 0.0201416015625 0.150436401367188
-0.0111246109008789 0.00418853759765625 0.1025390625 0.0422821044921875
-0.00782442092895508 0.000753879547119142 -0.0883102416992188 -0.071075439453125
0.00865602493286133 0.00429010391235352 0.02301025390625 -0.150588989257812
0.00472593307495117 0.00577449798583984 0.19866943359375 -0.126480102539063
-0.0142650604248047 0.0119800567626953 0.337066650390625 0.068328857421875
-0.0189132690429687 0.00684928894042968 0.18377685546875 0.3887939453125
0.0121860504150391 -0.0270709991455078 -0.1912841796875 0.453277587890625
0.0346508026123047 -0.0109405517578125 -0.34814453125 0.161651611328125
0.0574874877929688 0.0171470642089844 0.0287208557128906 0.0301914215087891
0.0537071228027344 -0.011627197265625 0.390838623046875 -0.17071533203125
0.0204086303710938 -0.0211753845214844 0.163818359375 -0.47705078125
-0.0152053833007813 -0.00306224822998047 -0.277374267578125 -0.319549560546875
-0.0208244323730469 0.0135097503662109 -0.312347412109375 0.046875
0.00172042846679687 0.00958633422851563 -0.156723022460938 0.191879272460937
0.00949478149414063 0.00067138671875 0.0153656005859375 0.15350341796875
-0.010920524597168 0.00160312652587891 0.101325988769531 0.0443572998046875
-0.00753068923950195 -0.00227642059326172 -0.0888519287109375 -0.0690231323242188
0.00841474533081055 0.00164604187011719 0.0192108154296875 -0.150253295898438
0.0059657096862793 0.00685214996337891 0.192977905273438 -0.132339477539063
-0.0106296539306641 0.0139169692993164 0.335723876953125 0.054931640625
-0.0167922973632813 0.00848197937011718 0.1982421875 0.377197265625
0.0102443695068359 -0.0274715423583984 -0.174072265625 0.458160400390625
0.0332355499267578 -0.0147495269775391 -0.34979248046875 0.1739501953125
0.0581893920898438 0.0160675048828125 0.0120105743408203 0.0309371948242188
0.0550346374511719 -0.0120048522949219 0.389312744140625 -0.155853271484375
0.0226993560791016 -0.0222606658935547 0.183990478515625 -0.472564697265625
-0.0127086639404297 -0.00322437286376953 -0.267120361328125 -0.333526611328125
-0.018218994140625 0.0142993927001953 -0.316375732421875 0.03533935546875
0.00168991088867188 0.0114326477050781 -0.163497924804688 0.188995361328125
0.00944900512695313 -0.000482559204101563 0.0111083984375 0.155197143554688
-0.00958442687988281 -0.000490188598632813 0.0990753173828125 0.0463790893554688
-0.0068964958190918 -0.00605583190917969 -0.0896224975585938 -0.0676727294921875
0.00759458541870117 -0.000586986541748047 0.0156707763671875 -0.14935302734375
0.00824642181396485 0.00623941421508789 0.186508178710938 -0.139266967773438
-0.00681114196777344 0.01556396484375 0.334136962890625 0.040008544921875
-0.0146312713623047 0.0110054016113281 0.210723876953125 0.365631103515625
0.0070343017578125 -0.0265865325927734 -0.155120849609375 0.462982177734375
0.0263729095458984 -0.0161380767822266 -0.35089111328125 0.187042236328125
0.0535964965820313 0.01318359375 -0.00329780578613281 0.0318412780761719
0.0535049438476563 -0.0109901428222656 0.39007568359375 -0.14068603515625
0.0225124359130859 -0.0210723876953125 0.20245361328125 -0.46453857421875
-0.0103559494018555 -0.00263214111328125 -0.25457763671875 -0.3472900390625
-0.0149059295654297 0.0157394409179688 -0.319549560546875 0.021484375
0.00306510925292969 0.0123634338378906 -0.17059326171875 0.183364868164063
0.00913906097412109 -0.00289058685302734 0.00788879394531251 0.15753173828125
-0.0085291862487793 -0.00400304794311523 0.098358154296875 0.0476226806640625
-0.00617122650146485 -0.00971412658691406 -0.0914688110351563 -0.0661468505859375
0.00676441192626953 -0.00264072418212891 0.0118865966796875 -0.151382446289063
0.00945377349853516 0.00495338439941406 0.178558349609375 -0.146255493164063
-0.00284957885742188 0.0170488357543945 0.330902099609375 0.027740478515625
-0.0116453170776367 0.0145606994628906 0.222412109375 0.35626220703125
0.00292778015136719 -0.0230751037597656 -0.139984130859375 0.467742919921875
0.0167179107666016 -0.0165491104125977 -0.34967041015625 0.196533203125
0.0429763793945313 0.0107612609863281 -0.0148506164550781 0.0353317260742188
0.0462722778320313 -0.01080322265625 0.39031982421875 -0.1256103515625
0.0210399627685547 -0.0173377990722656 0.222808837890625 -0.457305908203125
-0.00798892974853515 0.000858306884765625 -0.24237060546875 -0.3564453125
-0.0107536315917969 0.0168123245239258 -0.3218994140625 0.0102539062500001
0.00438880920410156 0.0129499435424805 -0.176406860351563 0.177017211914063
0.00998687744140625 -0.00511932373046875 0.0044097900390625 0.157867431640625
-0.00653791427612305 -0.00755023956298828 0.0971755981445313 0.0489501953125
-0.00649642944335938 -0.0116710662841797 -0.0923233032226563 -0.0651092529296875
0.0072784423828125 -0.00646495819091797 0.00936889648437501 -0.153335571289063
0.0110683441162109 0.00340366363525391 0.173919677734375 -0.151016235351563
0.00188064575195312 0.0180397033691406 0.328887939453125 0.018829345703125
-0.0097808837890625 0.0204257965087891 0.22662353515625 0.3494873046875
-0.000885963439941407 -0.0167703628540039 -0.1295166015625 0.472137451171875
0.00548458099365234 -0.0143642425537109 -0.349212646484375 0.206329345703125
0.0290641784667969 0.00794792175292969 -0.0215263366699219 0.0391311645507813
0.0363807678222656 -0.00814056396484375 0.39178466796875 -0.11187744140625
0.0171499252319336 -0.0121183395385742 0.236724853515625 -0.44976806640625
-0.00635147094726562 0.004364013671875 -0.23297119140625 -0.3641357421875
-0.00763416290283203 0.0173721313476563 -0.323944091796875 0.000457763671875072
0.00686359405517578 0.011845588684082 -0.180145263671875 0.170700073242188
0.0105133056640625 -0.00663948059082031 0.00437927246093751 0.155624389648438
-0.00614547729492188 -0.00885295867919922 0.097503662109375 0.0488967895507813
-0.00678825378417968 -0.0121536254882813 -0.0943069458007813 -0.0662460327148438
0.00781106948852539 -0.00777053833007813 0.00927734375 -0.15521240234375
0.0126838684082031 0.00199699401855469 0.171463012695313 -0.155120849609375
0.00436019897460937 0.0191860198974609 0.32696533203125 0.015625
-0.00690841674804687 0.0232639312744141 0.22772216796875 0.348907470703125
-0.00451183319091797 -0.0105447769165039 -0.1263427734375 0.47296142578125
-0.00523757934570312 -0.00925254821777344 -0.346588134765625 0.210235595703125
0.0152177810668945 0.00682640075683594 -0.0211639404296875 0.0429649353027344
0.0255279541015625 -0.00635910034179688 0.39654541015625 -0.106353759765625
0.012730598449707 -0.00684452056884766 0.2430419921875 -0.44793701171875
-0.00598049163818359 0.00963687896728516 -0.23199462890625 -0.367523193359375
-0.00496101379394531 0.0187873840332031 -0.324188232421875 -0.00354003906249997
0.00882339477539063 0.0112972259521484 -0.181106567382813 0.166580200195313
0.0120849609375 -0.00790309906005859 0.00337219238281251 0.152816772460938
-0.00652408599853515 -0.0111923217773438 0.0987777709960938 0.04742431640625
-0.00736331939697266 -0.0133686065673828 -0.0943832397460937 -0.0659408569335938
0.00974178314208984 -0.00946807861328125 0.00910949707031252 -0.157211303710938
0.013585090637207 0.000486373901367188 0.168777465820313 -0.15924072265625
0.00548553466796875 0.020111083984375 0.32666015625 0.011260986328125
-0.00611114501953125 0.0272312164306641 0.232696533203125 0.348541259765625
-0.00796985626220703 -0.00439214706420898 -0.121612548828125 0.478607177734375
-0.0144834518432617 -0.00567722320556641 -0.343017578125 0.217926025390625
0.002044677734375 0.00594758987426758 -0.0140495300292969 0.0459938049316406
0.0148191452026367 -0.003875732421875 0.400390625 -0.11407470703125
0.00741720199584961 -0.00107526779174805 0.234649658203125 -0.453369140625
-0.00570011138916016 0.0140714645385742 -0.240203857421875 -0.36224365234375
-0.00267410278320313 0.0195655822753906 -0.325775146484375 0.00253295898437498
0.0101232528686523 0.00985050201416016 -0.177703857421875 0.16717529296875
0.0131721496582031 -0.00900936126708985 0.00799560546875 0.15057373046875
-0.00583457946777344 -0.0113315582275391 0.100425720214844 0.044647216796875
-0.0089263916015625 0.00237846374511719 -0.0891571044921875 -0.0737152099609375
0.0109882354736328 0.00572490692138672 0.0263214111328125 -0.153335571289063
0.00423669815063477 0.00540733337402344 0.203094482421875 -0.1219482421875
-0.0166053771972656 0.0116205215454102 0.337249755859375 0.079925537109375
-0.0191268920898438 0.0075836181640625 0.1727294921875 0.39703369140625
0.0117130279541016 -0.0233192443847656 -0.207275390625 0.44805908203125
0.0312862396240234 -0.00551605224609375 -0.345794677734375 0.15325927734375
0.0504035949707031 0.0203361511230469 0.0436325073242188 0.0311393737792969
0.0485877990722656 -0.00905609130859375 0.39276123046875 -0.1812744140625
0.0183219909667969 -0.0183391571044922 0.150909423828125 -0.480621337890625
-0.0162382125854492 -0.00118255615234375 -0.286407470703125 -0.30755615234375
-0.0218067169189453 0.0131378173828125 -0.309844970703125 0.0567321777343749
0.00200080871582031 0.00777435302734375 -0.15057373046875 0.194931030273437
0.0109395980834961 0.000905036926269531 0.0198974609375 0.151351928710938
-0.0121593475341797 0.00461769104003906 0.103134155273438 0.0424652099609375
-0.00781488418579102 0.000605583190917968 -0.0885086059570313 -0.0714187622070313
0.00949001312255859 0.0046844482421875 0.0225830078125 -0.151321411132812
0.00565910339355469 0.00630903244018555 0.199722290039062 -0.12823486328125
-0.0147542953491211 0.0128145217895508 0.338623046875 0.06768798828125
-0.0182590484619141 0.00633811950683593 0.18634033203125 0.387725830078125
0.0120563507080078 -0.0281467437744141 -0.19171142578125 0.45452880859375
0.0349521636962891 -0.00977134704589844 -0.34979248046875 0.162506103515625
0.0572776794433594 0.0181922912597656 0.0284347534179688 0.0298118591308594
0.0535888671875 -0.0119132995605469 0.390838623046875 -0.171051025390625
0.0211963653564453 -0.0215110778808594 0.1644287109375 -0.477996826171875
-0.0146493911743164 -0.00268745422363281 -0.27862548828125 -0.31988525390625
-0.0203418731689453 0.0142326354980469 -0.31317138671875 0.048004150390625
0.00178813934326172 0.00965690612792969 -0.156631469726562 0.193389892578125
0.00982570648193359 -0.000270843505859375 0.0152435302734375 0.154464721679688
-0.0107736587524414 0.00283336639404297 0.100875854492188 0.0450439453125
-0.00772666931152344 -0.00250053405761719 -0.089111328125 -0.0701446533203125
0.00828218460083008 0.00217819213867188 0.0194091796875 -0.150466918945313
0.00641965866088867 0.00508022308349609 0.194198608398438 -0.132919311523438
-0.0113630294799805 0.0136299133300781 0.337982177734375 0.05389404296875
-0.0162878036499023 0.00814151763916015 0.19952392578125 0.377227783203125
0.00988960266113281 -0.0283069610595703 -0.1722412109375 0.459808349609375
0.0334453582763672 -0.0145549774169922 -0.351348876953125 0.17413330078125
0.0579376220703125 0.0166397094726563 0.0126819610595703 0.0300941467285156
0.0555305480957031 -0.0116996765136719 0.38946533203125 -0.155975341796875
0.022552490234375 -0.0227890014648438 0.18402099609375 -0.47357177734375
-0.0128717422485352 -0.00356197357177735 -0.267578125 -0.33294677734375
-0.0179386138916016 0.0142631530761719 -0.31671142578125 0.035125732421875
0.00198459625244141 0.0108041763305664 -0.163421630859375 0.188735961914063
0.00880622863769531 -0.00165653228759766 0.01123046875 0.15692138671875
-0.00945281982421875 0.000818252563476564 0.0985946655273438 0.0466156005859375
-0.00724315643310547 -0.00522279739379883 -0.090240478515625 -0.0679244995117188
0.00689888000488281 -5.96046447753906E-05 0.0144805908203125 -0.150894165039063
0.0082249641418457 0.00601339340209961 0.18707275390625 -0.14007568359375
-0.00770092010498047 0.0158567428588867 0.335723876953125 0.03985595703125
-0.0147724151611328 0.0113534927368164 0.214630126953125 0.364990234375
0.00680160522460937 -0.0275497436523438 -0.154541015625 0.4644775390625
0.0266532897949219 -0.0158615112304688 -0.35223388671875 0.187042236328125
0.0522918701171875 0.0140228271484375 -0.0037994384765625 0.0318145751953125
0.0528907775878906 -0.0118522644042969 0.389923095703125 -0.139404296875
0.0229625701904297 -0.0209026336669922 0.20465087890625 -0.464813232421875
-0.00996589660644531 -0.001800537109375 -0.254791259765625 -0.34637451171875
-0.0145883560180664 0.0162477493286133 -0.32061767578125 0.022216796875
0.003265380859375 0.0120134353637695 -0.169601440429688 0.183700561523438
0.00922203063964844 -0.00274658203125 0.00791931152343751 0.158035278320313
-0.00830984115600586 -0.00340843200683594 0.09857177734375 0.0487060546875
-0.00741767883300781 -0.00836086273193359 -0.0919952392578125 -0.0659942626953125
0.00697755813598633 -0.0036158561706543 0.0109710693359375 -0.152725219726563
0.00972652435302734 0.00516510009765625 0.180145263671875 -0.146682739257813
-0.00266742706298828 0.0174407958984375 0.332794189453125 0.02655029296875
-0.0114707946777344 0.0143070220947266 0.222564697265625 0.357025146484375
0.00222206115722656 -0.0229835510253906 -0.139373779296875 0.4686279296875
0.0176315307617188 -0.0153732299804688 -0.35113525390625 0.198272705078125
0.0423965454101563 0.0109329223632813 -0.0153465270996094 0.0350532531738281
0.0464973449707031 -0.0101852416992187 0.39056396484375 -0.12451171875
0.0208625793457031 -0.0176486968994141 0.2222900390625 -0.4573974609375
-0.00809621810913086 0.00101232528686523 -0.243255615234375 -0.35699462890625
-0.0110864639282227 0.0169916152954102 -0.323333740234375 0.00982666015625007
0.00541591644287109 0.0114679336547852 -0.17633056640625 0.177703857421875
0.00904464721679688 -0.00457668304443359 0.00494384765624999 0.157196044921875
-0.00734424591064453 -0.00638723373413086 0.0968856811523438 0.0499038696289063
-0.00607967376708984 -0.0106935501098633 -0.092987060546875 -0.0669479370117187
0.00781345367431641 -0.00594520568847656 0.00917053222656248 -0.15399169921875
0.0115604400634766 0.00384902954101563 0.174362182617188 -0.151626586914063
0.000732421874999998 0.0181388854980469 0.329620361328125 0.01806640625
-0.00826644897460938 0.018951416015625 0.229278564453125 0.3497314453125
-0.000715255737304687 -0.0175571441650391 -0.12908935546875 0.472137451171875
0.0059661865234375 -0.0132551193237305 -0.35089111328125 0.2069091796875
0.0283393859863281 0.00868797302246094 -0.0224494934082031 0.0387840270996094
0.0363235473632813 -0.00911331176757813 0.392578125 -0.111846923828125
0.0178203582763672 -0.0128955841064453 0.236785888671875 -0.452484130859375
-0.0070347785949707 0.00498294830322266 -0.234954833984375 -0.365081787109375
-0.00768089294433594 0.0189037322998047 -0.32464599609375 0.000518798828125048
0.00665283203125 0.0111331939697266 -0.180068969726563 0.171279907226563
0.0106296539306641 -0.00700187683105469 0.00373840332031251 0.15631103515625
-0.00629329681396484 -0.00981330871582032 0.098175048828125 0.050262451171875
-0.00757980346679688 -0.0132818222045898 -0.0951690673828125 -0.0658111572265625
0.00901317596435547 -0.00768280029296875 0.00848388671874999 -0.15606689453125
0.0128259658813477 0.00237178802490234 0.170989990234375 -0.156021118164063
0.00389480590820312 0.0188350677490234 0.32818603515625 0.01458740234375
-0.00740814208984375 0.0239982604980469 0.23211669921875 0.349945068359375
-0.00483417510986328 -0.011256217956543 -0.12457275390625 0.474609375
-0.00515270233154297 -0.00898170471191406 -0.348724365234375 0.212371826171875
0.0145711898803711 0.00660133361816406 -0.0219192504882813 0.0419807434082031
0.0253162384033203 -0.00618171691894531 0.396575927734375 -0.10711669921875
0.0121498107910156 -0.00720024108886719 0.243896484375 -0.449462890625
-0.00635719299316406 0.00918960571289062 -0.232421875 -0.367950439453125
-0.00444221496582031 0.0187587738037109 -0.3258056640625 -0.00354003906249995
0.00801277160644531 0.0112924575805664 -0.181976318359375 0.167068481445313
0.0115213394165039 -0.00840854644775391 0.00447082519531251 0.154144287109375
-0.006072998046875 -0.0104227066040039 0.097869873046875 0.0479965209960938
-0.00773429870605469 -0.013392448425293 -0.0956573486328125 -0.0661392211914063
0.00998973846435547 -0.00920867919921875 0.00878906249999998 -0.158355712890625
0.0142087936401367 9.5367431640625E-07 0.16973876953125 -0.161178588867188
0.00553131103515625 0.0195808410644531 0.327728271484375 0.009979248046875
-0.00586128234863281 0.0272464752197266 0.23553466796875 0.3482666015625
-0.00791501998901367 -0.00480031967163086 -0.121673583984375 0.4793701171875
-0.0143232345581055 -0.00476455688476563 -0.3428955078125 0.219085693359375
0.00107336044311524 0.00566959381103516 -0.0146560668945312 0.0456695556640625
0.0140924453735352 -0.00424098968505859 0.39996337890625 -0.114654541015625
0.00799036026000977 -0.00232887268066406 0.23577880859375 -0.45404052734375
-0.00585079193115234 0.0139331817626953 -0.240020751953125 -0.36297607421875
-0.00273323059082031 0.0194034576416016 -0.3267822265625 0.00286865234374998
0.0103549957275391 0.00961971282958984 -0.177871704101562 0.168304443359375
0.0127849578857422 -0.00952720642089844 0.0088043212890625 0.151947021484375
-0.00680065155029297 -0.0111637115478516 0.100013732910156 0.0451889038085937
-0.00894927978515625 0.00293254852294922 -0.08978271484375 -0.0745086669921875
0.0108699798583984 0.00537014007568359 0.0250701904296875 -0.154388427734375
0.00467634201049805 0.00552177429199219 0.203399658203125 -0.123550415039063
-0.0172853469848633 0.0121793746948242 0.33941650390625 0.079071044921875
-0.019073486328125 0.00712776184082032 0.174957275390625 0.39801025390625
0.0126228332519531 -0.0240478515625 -0.207183837890625 0.4501953125
0.0316829681396484 -0.00504112243652344 -0.347625732421875 0.155914306640625
0.0499229431152344 0.0205039978027344 0.0429229736328125 0.0308265686035156
0.0475807189941406 -0.00974273681640625 0.3935546875 -0.18212890625
0.0179996490478516 -0.0187301635742188 0.150787353515625 -0.48333740234375
-0.0161514282226563 -0.00178050994873047 -0.289764404296875 -0.309783935546875
-0.0215835571289063 0.0137004852294922 -0.3104248046875 0.058074951171875
0.00188875198364258 0.00874519348144531 -0.150192260742188 0.195770263671875
0.0110607147216797 0.000323295593261719 0.02032470703125 0.151596069335937
-0.0115280151367188 0.00474262237548828 0.104179382324219 0.0428466796875
-0.00855255126953125 0.00061655044555664 -0.0897369384765625 -0.0723876953125
0.00938320159912109 0.00444698333740234 0.021697998046875 -0.152191162109375
0.00556659698486328 0.00641107559204102 0.199874877929688 -0.128509521484375
-0.0152587890625 0.0134859085083008 0.340728759765625 0.06610107421875
-0.0180587768554688 0.00626945495605469 0.188507080078125 0.388885498046875
0.0126934051513672 -0.0277919769287109 -0.19061279296875 0.45684814453125
0.0345897674560547 -0.0102901458740234 -0.35003662109375 0.163665771484375
0.0572319030761719 0.0187530517578125 0.0279464721679688 0.0294876098632813
0.0534934997558594 -0.0110206604003906 0.39202880859375 -0.172607421875
0.0210456848144531 -0.0218429565429688 0.1654052734375 -0.48052978515625
-0.013850212097168 -0.00353431701660156 -0.27850341796875 -0.32177734375
-0.0201816558837891 0.014312744140625 -0.314605712890625 0.0487060546875
0.00152873992919922 0.010350227355957 -0.157257080078125 0.193893432617188
0.00963020324707031 -1.1444091796875E-05 0.016265869140625 0.155624389648437
-0.0105857849121094 0.00333213806152344 0.101997375488281 0.0451278686523438
-0.00717067718505859 -0.00163555145263672 -0.0900955200195313 -0.0702438354492187
0.00738716125488281 0.00203180313110352 0.01885986328125 -0.151931762695313
0.00559616088867188 0.00650739669799805 0.19476318359375 -0.134429931640625
-0.0115623474121094 0.0149135589599609 0.33929443359375 0.0528564453125
-0.0163097381591797 0.00733184814453125 0.20361328125 0.379669189453125
0.0106105804443359 -0.0292854309082031 -0.173065185546875 0.460845947265625
0.0339431762695313 -0.0135211944580078 -0.35247802734375 0.17523193359375
0.0574455261230469 0.0170135498046875 0.01202392578125 0.0303401947021484
0.0560073852539063 -0.0124893188476563 0.391448974609375 -0.156005859375
0.0234527587890625 -0.0228462219238281 0.18438720703125 -0.476104736328125
-0.0120792388916016 -0.00402450561523438 -0.269683837890625 -0.334503173828125
-0.018310546875 0.0143604278564453 -0.31829833984375 0.0367431640625
0.00246620178222656 0.0109148025512695 -0.164215087890625 0.190597534179688
0.00878047943115234 -0.00138330459594727 0.011383056640625 0.157485961914063
-0.00996017456054688 0.00139331817626953 0.099945068359375 0.0477828979492188
-0.00611209869384766 -0.00480175018310547 -0.0919952392578125 -0.0681610107421875
0.007598876953125 -0.000162601470947266 0.0137786865234375 -0.151687622070313
0.00793123245239258 0.00559377670288086 0.187469482421875 -0.14129638671875
-0.00719738006591797 0.0161476135253906 0.33831787109375 0.038055419921875
-0.0144357681274414 0.0106601715087891 0.216766357421875 0.365631103515625
0.00741958618164062 -0.0278434753417969 -0.153472900390625 0.466339111328125
0.0260848999023437 -0.0149421691894531 -0.354339599609375 0.18841552734375
0.0529975891113281 0.0148277282714844 -0.00472831726074218 0.03302001953125
0.0533294677734375 -0.0118827819824219 0.391265869140625 -0.139923095703125
0.0232906341552734 -0.0214595794677734 0.20513916015625 -0.468109130859375
-0.0104160308837891 -0.00220489501953125 -0.257415771484375 -0.34710693359375
-0.0152549743652344 0.0156192779541016 -0.321197509765625 0.02288818359375
0.00287914276123047 0.01141357421875 -0.17059326171875 0.184722900390625
0.00855112075805664 -0.00309944152832031 0.00877380371093748 0.15863037109375
-0.00852632522583008 -0.00297737121582031 0.098907470703125 0.0490188598632813
-0.00592851638793945 -0.00844049453735351 -0.0932846069335937 -0.066253662109375
0.00738430023193359 -0.00325584411621094 0.0111846923828125 -0.152633666992188
0.00935649871826172 0.00498008728027344 0.1805419921875 -0.148696899414063
-0.00226020812988281 0.0172023773193359 0.335113525390625 0.025360107421875
-0.0110006332397461 0.0136804580688477 0.226806640625 0.356964111328125
0.00374603271484375 -0.0230598449707031 -0.138946533203125 0.47125244140625
0.0173816680908203 -0.0147790908813477 -0.353240966796875 0.199188232421875
0.0427169799804688 0.0121498107910156 -0.0155410766601563 0.0352859497070313
0.0460319519042969 -0.0111122131347656 0.3924560546875 -0.12554931640625
0.0213508605957031 -0.0184841156005859 0.223907470703125 -0.46026611328125
-0.00750398635864258 0.000850200653076173 -0.245697021484375 -0.359405517578125
-0.0109758377075195 0.0163660049438477 -0.32403564453125 0.010650634765625
0.00483512878417969 0.0126447677612305 -0.17578125 0.179397583007812
0.00976467132568359 -0.005035400390625 0.00505065917968751 0.158767700195313
-0.0075225830078125 -0.00564813613891602 0.0981063842773438 0.0497970581054688
-0.00687885284423828 -0.0106010437011719 -0.0942153930664062 -0.0668563842773438
0.00694942474365234 -0.00619840621948242 0.00831604003906252 -0.154876708984375
0.0112829208374023 0.00303840637207031 0.174102783203125 -0.153060913085938
0.000867843627929686 0.0183963775634766 0.332489013671875 0.01763916015625
-0.00885009765625 0.0182914733886719 0.2313232421875 0.350616455078125
-0.000629425048828124 -0.0174341201782227 -0.128143310546875 0.474395751953125
0.00548267364501953 -0.0118169784545898 -0.35113525390625 0.209808349609375
0.0293712615966797 0.00881385803222656 -0.0227317810058594 0.0385589599609375
0.0361289978027344 -0.00861358642578125 0.395538330078125 -0.11248779296875
0.0170707702636719 -0.0132036209106445 0.237548828125 -0.453094482421875
-0.00644731521606445 0.00499629974365234 -0.236541748046875 -0.36590576171875
-0.0068359375 0.0186824798583984 -0.324859619140625 0.00100708007812498
0.00624370574951172 0.0118818283081055 -0.180267333984375 0.173049926757813
0.0106191635131836 -0.00771045684814453 0.0040740966796875 0.157791137695313
-0.00643539428710937 -0.00815916061401367 0.0982666015625 0.0502166748046875
-0.00661277770996094 -0.0121307373046875 -0.0955963134765625 -0.0662002563476563
0.00797557830810547 -0.0074310302734375 0.00807189941406252 -0.157485961914062
0.0129861831665039 0.00270652770996094 0.1712646484375 -0.157669067382813
0.00421333312988281 0.0191860198974609 0.33056640625 0.013397216796875
-0.00588798522949219 0.0229625701904297 0.233734130859375 0.34881591796875
-0.00515460968017578 -0.0107851028442383 -0.124755859375 0.475738525390625
-0.00513267517089844 -0.00955295562744141 -0.349578857421875 0.21319580078125
0.0140743255615234 0.0069122314453125 -0.0229835510253906 0.041900634765625
0.0251483917236328 -0.00701904296875 0.399169921875 -0.106964111328125
0.0129480361938477 -0.0077667236328125 0.244110107421875 -0.4517822265625
-0.00440692901611328 0.00986289978027344 -0.234222412109375 -0.36993408203125
-0.00462722778320312 0.0195484161376953 -0.3270263671875 -0.00256347656249993
0.00855541229248047 0.0110692977905273 -0.181259155273438 0.167800903320313
0.0118856430053711 -0.00923061370849609 0.00436401367187499 0.155181884765625
-0.00626659393310547 -0.00992488861083984 0.0989837646484375 0.048614501953125
-0.00675773620605469 -0.0122623443603516 -0.0959701538085938 -0.0669937133789062
0.00994777679443359 -0.00932407379150391 0.00857543945312499 -0.159988403320313
0.01373291015625 0.000520706176757813 0.169265747070313 -0.161697387695313
0.00581741333007812 0.0194873809814453 0.329833984375 0.009002685546875
-0.00485801696777344 0.0271682739257812 0.238433837890625 0.349334716796875
-0.00721359252929687 -0.00587654113769531 -0.1202392578125 0.481719970703125
-0.0145044326782227 -0.00480556488037109 -0.344451904296875 0.22064208984375
0.00131034851074219 0.0065159797668457 -0.0148086547851562 0.0456886291503906
0.0141487121582031 -0.00462532043457031 0.403106689453125 -0.114288330078125
0.00730085372924805 -0.00152254104614258 0.236297607421875 -0.45611572265625
-0.00516033172607422 0.0134038925170898 -0.24267578125 -0.3641357421875
-0.00255012512207031 0.0203323364257813 -0.328277587890625 0.00296020507812502
0.0101833343505859 0.0101776123046875 -0.177719116210938 0.170028686523437
0.0123767852783203 -0.00988388061523437 0.00842285156250001 0.151870727539062
-0.00654029846191406 -0.0111551284790039 0.100799560546875 0.0457611083984375
-0.00926780700683594 0.00333213806152344 -0.0906143188476563 -0.0749588012695313
0.0111064910888672 0.00559139251708984 0.0243988037109375 -0.155288696289063
0.00461483001708984 0.00563192367553711 0.205001831054688 -0.125534057617188
-0.016993522644043 0.0122442245483398 0.34197998046875 0.077789306640625
-0.0197658538818359 0.00712966918945313 0.17828369140625 0.3992919921875
0.0121307373046875 -0.0245571136474609 -0.20526123046875 0.453582763671875
0.0310783386230469 -0.00412178039550781 -0.348541259765625 0.155364990234375
0.0500450134277344 0.0212898254394531 0.0429496765136719 0.030487060546875
0.0478134155273437 -0.0092315673828125 0.395477294921875 -0.183746337890625
0.0177059173583984 -0.0191555023193359 0.15106201171875 -0.485137939453125
-0.0157680511474609 -0.00116443634033203 -0.2918701171875 -0.309844970703125
-0.0218181610107422 0.0139598846435547 -0.311920166015625 0.05938720703125
0.00178432464599609 0.00771570205688477 -0.151016235351562 0.197189331054688
0.0106029510498047 1.1444091796875E-05 0.0210723876953125 0.153671264648438
-0.0119457244873047 0.00668048858642578 0.104339599609375 0.0437240600585938
-0.00780105590820312 0.000841617584228515 -0.0907516479492188 -0.0729827880859375
0.00943279266357422 0.00481986999511719 0.0212249755859375 -0.154312133789063
0.00495719909667969 0.00677347183227539 0.201004028320313 -0.130447387695313
-0.0148077011108398 0.0134487152099609 0.343353271484375 0.064544677734375
-0.0187397003173828 0.00654029846191407 0.191436767578125 0.389404296875
0.0130767822265625 -0.0283241271972656 -0.19073486328125 0.458404541015625
0.0350360870361328 -0.00885200500488281 -0.352569580078125 0.16436767578125
0.0569953918457031 0.0193862915039063 0.0280551910400391 0.0294418334960938
0.0543251037597656 -0.0123100280761719 0.3944091796875 -0.173095703125
0.0212593078613281 -0.0225334167480469 0.1650390625 -0.483001708984375
-0.0147733688354492 -0.003173828125 -0.2825927734375 -0.320098876953125
-0.0200309753417969 0.0146102905273438 -0.3154296875 0.04974365234375
0.001190185546875 0.00922107696533203 -0.157379150390625 0.195587158203125
0.00975513458251953 -0.000131607055664063 0.017669677734375 0.156906127929688
-0.0103206634521484 0.00408840179443359 0.10296630859375 0.0463180541992188
-0.00704479217529297 -0.00139808654785156 -0.0915069580078125 -0.0705490112304687
0.00843429565429688 0.00232791900634766 0.0177154541015625 -0.15252685546875
0.00653171539306641 0.00628948211669922 0.195388793945313 -0.1368408203125
-0.0121192932128906 0.0146417617797852 0.34320068359375 0.050537109375
-0.0166816711425781 0.0074462890625 0.206329345703125 0.3792724609375
0.0112438201904297 -0.0292434692382812 -0.17144775390625 0.46337890625
0.0329074859619141 -0.0134773254394531 -0.354827880859375 0.177032470703125
0.058258056640625 0.0176315307617188 0.0111541748046875 0.0305042266845703
0.0555839538574219 -0.0126495361328125 0.392913818359375 -0.157958984375
0.0227394104003906 -0.0238227844238281 0.184326171875 -0.4786376953125
-0.012629508972168 -0.00432682037353515 -0.271270751953125 -0.335540771484375
-0.0179576873779297 0.0154685974121094 -0.320068359375 0.0377502441406249
0.00198459625244141 0.0107002258300781 -0.1636962890625 0.191848754882813
0.00818681716918945 -0.00151252746582031 0.011810302734375 0.158523559570313
-0.0100669860839844 0.00140571594238281 0.100868225097656 0.0489883422851563
-0.00655841827392578 -0.00513696670532227 -0.0924072265625 -0.0686492919921875
0.00746393203735351 -3.33786010742187E-06 0.01336669921875 -0.153488159179688
0.00780582427978516 0.00653791427612305 0.187423706054688 -0.143325805664063
-0.00695419311523437 0.0167341232299805 0.340179443359375 0.036285400390625
-0.0143957138061523 0.0105504989624023 0.2191162109375 0.366943359375
0.00690078735351563 -0.0274314880371094 -0.15313720703125 0.467803955078125
0.02667236328125 -0.0148200988769531 -0.3551025390625 0.18975830078125
0.0530166625976563 0.0151481628417969 -0.00457000732421875 0.0320835113525391
0.0527915954589844 -0.0127143859863281 0.39227294921875 -0.141326904296875
0.0231666564941406 -0.0227527618408203 0.205352783203125 -0.47052001953125
-0.00942230224609375 -0.00270748138427734 -0.259124755859375 -0.349090576171875
-0.0139589309692383 0.016230583190918 -0.323150634765625 0.02392578125
0.00295448303222656 0.0113487243652344 -0.170501708984375 0.186614990234375
0.00865793228149414 -0.00360250473022461 0.00874328613281251 0.16021728515625
-0.00864934921264648 -0.00252485275268555 0.0996246337890625 0.0493087768554688
-0.00644874572753906 -0.00714015960693359 -0.094024658203125 -0.0672760009765625
0.00752973556518555 -0.00260162353515625 0.00950622558593749 -0.154067993164063
0.0103845596313477 0.00454998016357422 0.180892944335938 -0.149795532226563
-0.00275039672851562 0.0180206298828125 0.33795166015625 0.023956298828125
-0.0108461380004883 0.0141735076904297 0.229888916015625 0.35760498046875
0.00311660766601563 -0.0231704711914063 -0.13726806640625 0.472625732421875
0.0166797637939453 -0.0146141052246094 -0.354248046875 0.20123291015625
0.0423583984375 0.0125808715820312 -0.0165939331054687 0.0351486206054688
0.0468635559082031 -0.0103683471679688 0.393798828125 -0.124664306640625
0.0214157104492188 -0.0184650421142578 0.2236328125 -0.46337890625
-0.00750255584716797 -2.67028808593764E-05 -0.24737548828125 -0.359588623046875
-0.0104942321777344 0.0173072814941406 -0.325714111328125 0.011749267578125
0.00489330291748047 0.0115251541137695 -0.176513671875 0.179733276367188
0.00862789154052734 -0.00546884536743164 0.00587463378906248 0.160690307617188
-0.00816011428833008 -0.00550651550292969 0.098602294921875 0.0507125854492187
-0.0067901611328125 -0.0103044509887695 -0.0956344604492188 -0.0664291381835938
0.00760412216186523 -0.00501298904418945 0.00799560546875002 -0.156723022460938
0.010920524597168 0.00407314300537109 0.176071166992187 -0.154891967773437
0.00103950500488281 0.0188465118408203 0.33441162109375 0.015716552734375
-0.00903511047363282 0.0188217163085938 0.23492431640625 0.3516845703125
-0.000772476196289064 -0.0182113647460938 -0.126434326171875 0.477508544921875
0.00632572174072265 -0.0126066207885742 -0.352081298828125 0.210845947265625
0.0285530090332031 0.00962257385253906 -0.0234718322753906 0.0384864807128906
0.0362472534179688 -0.00970077514648438 0.39642333984375 -0.113006591796875
0.0183010101318359 -0.0142784118652344 0.238006591796875 -0.456817626953125
-0.00579977035522461 0.00489664077758789 -0.239410400390625 -0.368377685546875
-0.00713920593261719 0.0192451477050781 -0.328125 0.00173950195312502
0.00686836242675781 0.0119295120239258 -0.18084716796875 0.174285888671875
0.0107793807983398 -0.00759124755859375 0.00448608398437499 0.158843994140625
-0.00674533843994141 -0.00829505920410156 0.0986557006835938 0.0506744384765625
-0.00716972351074218 -0.0118188858032227 -0.0966567993164062 -0.0675125122070313
0.00860929489135742 -0.00786304473876953 0.00697326660156248 -0.158172607421875
0.0126466751098633 0.00266647338867188 0.172775268554688 -0.158248901367188
0.00397872924804688 0.0199031829833984 0.33251953125 0.011444091796875
-0.00669479370117188 0.0230789184570313 0.238250732421875 0.349456787109375
-0.003814697265625 -0.0118484497070313 -0.122467041015625 0.47906494140625
-0.00535869598388672 -0.0082244873046875 -0.35028076171875 0.216033935546875
0.0138826370239258 0.00748538970947266 -0.0238685607910156 0.0416908264160156
0.0254077911376953 -0.00696182250976563 0.400543212890625 -0.107086181640625
0.012904167175293 -0.00836753845214844 0.2440185546875 -0.4552001953125
-0.00551891326904297 0.00922393798828125 -0.2353515625 -0.370513916015625
-0.00407218933105469 0.019744873046875 -0.328277587890625 -0.00244140624999998
0.00867938995361328 0.0111236572265625 -0.181381225585938 0.170333862304687
0.0115375518798828 -0.00888347625732422 0.00485229492187498 0.1558837890625
-0.00568771362304687 -0.0102195739746094 0.0999069213867188 0.04949951171875
-0.0076141357421875 -0.0122346878051758 -0.0972061157226562 -0.0672760009765625
0.0102081298828125 -0.00910472869873047 0.00648498535156252 -0.160751342773437
0.0130405426025391 0.000646591186523438 0.170013427734375 -0.163833618164062
0.00567817687988281 0.0201930999755859 0.3326416015625 0.00750732421875
-0.00490760803222656 0.02667236328125 0.240753173828125 0.3499755859375
-0.0078282356262207 -0.00628185272216797 -0.11956787109375 0.483306884765625
-0.015110969543457 -0.00340366363525391 -0.34649658203125 0.22222900390625
0.000409126281738281 0.00686120986938477 -0.0158233642578125 0.0461311340332031
0.0141315460205078 -0.00463199615478516 0.404632568359375 -0.114715576171875
0.00747394561767578 -0.002471923828125 0.236785888671875 -0.45849609375
-0.00503063201904297 0.0131330490112305 -0.243927001953125 -0.365692138671875
-0.0025787353515625 0.0198478698730469 -0.329559326171875 0.003875732421875
0.0100297927856445 0.00955772399902344 -0.1778564453125 0.171066284179688
0.0125341415405273 -0.0100212097167969 0.00912475585937499 0.153228759765625
-0.00683403015136719 -0.00993728637695313 0.102165222167969 0.0464324951171875
-0.00960731506347656 0.00359153747558594 -0.0920028686523438 -0.0759963989257813
0.0114078521728516 0.0060272216796875 0.023895263671875 -0.157394409179688
0.00440406799316406 0.00599193572998047 0.206161499023438 -0.128219604492188
-0.0173501968383789 0.013249397277832 0.346099853515625 0.075225830078125
-0.0189781188964844 0.00733184814453125 0.1812744140625 0.399627685546875
0.0131607055664063 -0.0250892639160156 -0.20428466796875 0.455291748046875
0.0313014984130859 -0.00426292419433594 -0.3505859375 0.15765380859375
0.0499534606933594 0.0208816528320313 0.0419731140136719 0.0307350158691406
0.0478744506835937 -0.00967788696289062 0.397308349609375 -0.1851806640625
0.0180072784423828 -0.0196342468261719 0.149322509765625 -0.48858642578125
-0.0157375335693359 -0.00152206420898438 -0.293212890625 -0.310546875
-0.0213184356689453 0.0142250061035156 -0.313232421875 0.0612792968749999
0.0022425651550293 0.00774860382080078 -0.150054931640625 0.199569702148438
0.0103302001953125 -6.29425048828125E-05 0.0224761962890625 0.15411376953125
-0.0123682022094727 0.00703144073486328 0.105461120605469 0.043609619140625
-0.00861549377441406 0.00219821929931641 -0.092254638671875 -0.0729827880859375
0.0101079940795898 0.00480937957763672 0.019927978515625 -0.15521240234375
0.00517129898071289 0.00710821151733398 0.20159912109375 -0.132827758789063
-0.015380859375 0.0136222839355469 0.34613037109375 0.0635986328125
-0.0180397033691406 0.00653648376464843 0.19580078125 0.391815185546875
0.0128154754638672 -0.0287723541259766 -0.189971923828125 0.461273193359375
0.0359420776367188 -0.00865554809570313 -0.353515625 0.167205810546875
0.0571632385253906 0.0197105407714844 0.0276813507080078 0.0295810699462891
0.0535430908203125 -0.0124053955078125 0.396087646484375 -0.17401123046875
0.0200061798095703 -0.0207633972167969 0.16436767578125 -0.4869384765625
-0.0144376754760742 -0.00409221649169922 -0.28521728515625 -0.321533203125
-0.0196247100830078 0.0144538879394531 -0.316864013671875 0.0509643554687499
0.00186634063720703 0.00991344451904297 -0.15667724609375 0.19769287109375
0.00881576538085937 -0.000115394592285156 0.0177764892578125 0.158477783203125
-0.0113945007324219 0.00494956970214844 0.103225708007813 0.0468215942382813
-0.00776815414428711 -0.000659465789794923 -0.09197998046875 -0.07110595703125
0.00873088836669922 0.00272893905639648 0.0173187255859375 -0.154342651367187
0.00724172592163086 0.00621318817138672 0.196502685546875 -0.1390380859375
-0.0117759704589844 0.01568603515625 0.345245361328125 0.049224853515625
-0.015721321105957 0.00823688507080078 0.2099609375 0.379638671875
0.0118465423583984 -0.0305461883544922 -0.1697998046875 0.46722412109375
0.0344524383544922 -0.0127124786376953 -0.357421875 0.17828369140625
0.0577964782714844 0.0179100036621094 0.0107269287109375 0.0298557281494141
0.0553359985351563 -0.0123519897460938 0.394500732421875 -0.15924072265625
0.0228767395019531 -0.0250453948974609 0.18359375 -0.481689453125
-0.0121088027954102 -0.00429344177246094 -0.273345947265625 -0.33642578125
-0.0174007415771484 0.0150289535522461 -0.321441650390625 0.038299560546875
0.00220203399658203 0.0112476348876953 -0.163818359375 0.193328857421875
0.00840854644775391 -0.00141429901123047 0.0136871337890625 0.160507202148438
-0.0102252960205078 0.00189399719238281 0.101951599121094 0.0490875244140625
-0.00649595260620117 -0.00457334518432617 -0.0939102172851563 -0.0690460205078125
0.00807857513427734 -0.000128269195556641 0.013153076171875 -0.154556274414062
0.00785112380981445 0.00601863861083984 0.188323974609375 -0.1451416015625
-0.00713348388671875 0.0167398452758789 0.343505859375 0.034088134765625
-0.0137014389038086 0.010615348815918 0.2235107421875 0.3675537109375
0.00694084167480469 -0.0291233062744141 -0.151702880859375 0.47210693359375
0.0268325805664063 -0.0139904022216797 -0.357666015625 0.19183349609375
0.0527458190917969 0.016082763671875 -0.00542831420898437 0.0326499938964844
0.0526237487792969 -0.0122871398925781 0.3956298828125 -0.14263916015625
0.0238208770751953 -0.0233573913574219 0.204620361328125 -0.473724365234375
-0.00930213928222656 -0.00318145751953125 -0.2607421875 -0.348724365234375
-0.0157594680786133 0.016880989074707 -0.324981689453125 0.0255126953124999
0.00296306610107422 0.0113563537597656 -0.170578002929687 0.1883544921875
0.00791788101196289 -0.00337743759155273 0.00970458984374999 0.161270141601563
-0.00908660888671875 -0.00102996826171875 0.100479125976563 0.0506515502929688
-0.00657844543457031 -0.00719547271728516 -0.095184326171875 -0.0673751831054687
0.00784158706665039 -0.00320577621459961 0.00868225097656249 -0.155426025390625
0.00903224945068359 0.00564479827880859 0.180831909179688 -0.152191162109375
-0.00271987915039062 0.0182151794433594 0.339599609375 0.021514892578125
-0.0110273361206055 0.014683723449707 0.234039306640625 0.358612060546875
0.00322723388671875 -0.0238246917724609 -0.134307861328125 0.476348876953125
0.0166997909545898 -0.0143766403198242 -0.356353759765625 0.20367431640625
0.0422248840332031 0.0126380920410156 -0.016998291015625 0.0353927612304688
0.0458755493164063 -0.011810302734375 0.3958740234375 -0.126190185546875
0.0216312408447266 -0.0194740295410156 0.22369384765625 -0.466766357421875
-0.00696563720703125 0.000164508819580078 -0.250396728515625 -0.3614501953125
-0.0104713439941406 0.0182933807373047 -0.3282470703125 0.0135498046875
0.00507164001464844 0.0122137069702148 -0.176361083984375 0.181594848632812
0.0087122917175293 -0.00556516647338867 0.00656127929687499 0.161422729492188
-0.00789642333984375 -0.00406265258789063 0.10052490234375 0.0515899658203125
-0.00684356689453125 -0.010101318359375 -0.0969390869140625 -0.0673904418945313
0.00776195526123047 -0.00571918487548828 0.0064697265625 -0.157257080078125
0.0116672515869141 0.00383949279785156 0.17584228515625 -0.157135009765625
0.00106239318847656 0.0197200775146484 0.337982177734375 0.012786865234375
-0.00839424133300781 0.0182666778564453 0.23895263671875 0.352935791015625
0.00035858154296875 -0.0182609558105469 -0.1258544921875 0.479583740234375
0.00582504272460938 -0.0113687515258789 -0.35546875 0.213836669921875
0.0283889770507813 0.0105628967285156 -0.0231704711914063 0.0389175415039063
0.0368576049804688 -0.00960159301757813 0.398529052734375 -0.11431884765625
0.0177192687988281 -0.0136642456054688 0.236541748046875 -0.460113525390625
-0.00528287887573242 0.00439453125 -0.240692138671875 -0.36761474609375
-0.00685691833496094 0.0193405151367188 -0.3297119140625 0.00311279296874996
0.00728321075439453 0.0118865966796875 -0.180282592773437 0.175933837890625
0.0103282928466797 -0.00736045837402344 0.00459289550781249 0.160064697265625
-0.00751256942749023 -0.00802326202392578 0.099945068359375 0.0515823364257813
-0.0075531005859375 -0.0110979080200195 -0.0972366333007813 -0.0676116943359375
0.00909423828125 -0.00752449035644531 0.00579833984375002 -0.1590576171875
0.0125522613525391 0.0025787353515625 0.172607421875 -0.161666870117188
0.00441551208496094 0.0210323333740234 0.33441162109375 0.00994873046875
-0.00691795349121094 0.0231704711914063 0.240203857421875 0.35040283203125
-0.00370407104492187 -0.0121393203735352 -0.122222900390625 0.481536865234375
-0.00552034378051758 -0.00795459747314453 -0.353240966796875 0.218048095703125
0.0135250091552734 0.00855159759521484 -0.0236701965332031 0.0419921875
0.025115966796875 -0.00691413879394531 0.40283203125 -0.108734130859375
0.0131063461303711 -0.00801753997802734 0.24407958984375 -0.457977294921875
-0.00483131408691406 0.00964069366455078 -0.23846435546875 -0.37127685546875
-0.00372886657714844 0.0204563140869141 -0.33111572265625 -0.000671386718750033
0.00856781005859375 0.0109748840332031 -0.181320190429688 0.171356201171875
0.0113706588745117 -0.00925064086914063 0.0060882568359375 0.156982421875
-0.00712394714355469 -0.00883769989013672 0.100723266601563 0.0501251220703125
-0.00823020935058594 -0.0121746063232422 -0.0991363525390625 -0.067657470703125
0.0102329254150391 -0.00840950012207031 0.00636291503906251 -0.162139892578125
0.0142107009887695 0.000802993774414063 0.169342041015625 -0.16534423828125
0.00605964660644531 0.0215244293212891 0.334808349609375 0.005706787109375
-0.00409698486328125 0.0267982482910156 0.2452392578125 0.35028076171875
-0.00650691986083984 -0.00559425354003906 -0.11761474609375 0.48626708984375
-0.0155363082885742 -0.00314617156982422 -0.347076416015625 0.22491455078125
0.000148773193359375 0.00765085220336914 -0.016693115234375 0.0461883544921875
0.0137863159179688 -0.00509262084960938 0.405731201171875 -0.116790771484375
0.00786113739013672 -0.00337076187133789 0.23602294921875 -0.461883544921875
-0.00484371185302735 0.0130701065063477 -0.246978759765625 -0.366180419921875
-0.002105712890625 0.0206851959228516 -0.331207275390625 0.00549316406250007
0.0102930068969727 0.00937557220458984 -0.179031372070313 0.17242431640625
0.0119543075561523 -0.0106315612792969 0.00944519042968751 0.1546630859375
-0.00671958923339844 -0.00991916656494141 0.102928161621094 0.0472793579101563
-0.00919818878173828 0.00399971008300781 -0.0931625366210938 -0.07574462890625
0.0119295120239258 0.00513267517089844 0.0230865478515625 -0.15850830078125
0.00442790985107422 0.00597000122070313 0.20635986328125 -0.13031005859375
-0.0165987014770508 0.0128517150878906 0.34869384765625 0.072357177734375
-0.0188426971435547 0.00705337524414062 0.1859130859375 0.40057373046875
0.0129776000976562 -0.0259742736816406 -0.20318603515625 0.4603271484375
0.0314922332763672 -0.00323867797851563 -0.353118896484375 0.160430908203125
0.0503425598144531 0.0223007202148438 0.04193115234375 0.0302658081054687
0.0476493835449219 -0.0100631713867187 0.398773193359375 -0.18719482421875
0.018707275390625 -0.0204944610595703 0.149871826171875 -0.49395751953125
-0.0159626007080078 -0.00182819366455078 -0.297943115234375 -0.310699462890625
-0.0208721160888672 0.0146694183349609 -0.315277099609375 0.06298828125
0.00205802917480469 0.00789785385131836 -0.14996337890625 0.200958251953125
0.0101232528686523 0.0002593994140625 0.0242919921875 0.155609130859375
-0.0124425888061523 0.00796031951904297 0.106658935546875 0.0441131591796875
-0.00808906555175781 0.00247573852539063 -0.0939559936523437 -0.0737152099609375
0.0109224319458008 0.00471687316894531 0.019775390625 -0.156982421875
0.0059351921081543 0.0071415901184082 0.201629638671875 -0.134765625
-0.0145416259765625 0.0146408081054688 0.350006103515625 0.06060791015625
-0.0183067321777344 0.00652122497558594 0.19915771484375 0.391021728515625
0.0134105682373047 -0.0298213958740234 -0.187530517578125 0.465301513671875
0.0358543395996094 -0.0080413818359375 -0.354888916015625 0.17083740234375
0.0574951171875 0.0201606750488281 0.0264987945556641 0.02972412109375
0.0532875061035156 -0.01300048828125 0.397064208984375 -0.1768798828125
0.0206813812255859 -0.0234107971191406 0.1641845703125 -0.4893798828125
-0.0136928558349609 -0.00388431549072266 -0.28814697265625 -0.322479248046875
-0.0200099945068359 0.0150070190429688 -0.31927490234375 0.053436279296875
0.00165939331054687 0.00916290283203125 -0.156204223632812 0.19927978515625
0.00906276702880859 -0.00127506256103516 0.0191497802734375 0.159271240234375
-0.0107917785644531 0.00531673431396485 0.104415893554688 0.046844482421875
-0.00771617889404297 -3.91006469726575E-05 -0.0942001342773438 -0.0718917846679688
0.0083160400390625 0.00197362899780273 0.01605224609375 -0.1558837890625
0.00622320175170898 0.00675344467163086 0.197067260742188 -0.141220092773438
-0.011713981628418 0.0160341262817383 0.34918212890625 0.046630859375
-0.0162181854248047 0.00714397430419922 0.21417236328125 0.380889892578125
0.0108222961425781 -0.0307636260986328 -0.16741943359375 0.469757080078125
0.0340156555175781 -0.0124320983886719 -0.358795166015625 0.182525634765625
0.057769775390625 0.0187644958496094 0.00985336303710938 0.0303707122802734
0.0547828674316406 -0.0133438110351563 0.395538330078125 -0.1617431640625
0.0231914520263672 -0.0251789093017578 0.1817626953125 -0.485260009765625
-0.0124711990356445 -0.00454330444335937 -0.277740478515625 -0.336273193359375
-0.0168619155883789 0.015681266784668 -0.32305908203125 0.040740966796875
0.00150012969970703 0.010432243347168 -0.16339111328125 0.194869995117188
0.00836849212646484 -0.00210952758789063 0.0147705078125 0.161346435546875
-0.00992870330810547 0.00308704376220703 0.102951049804688 0.048553466796875
-0.00704336166381836 -0.00416707992553711 -0.0942916870117187 -0.0696563720703125
0.0079808235168457 -0.000483989715576172 0.011474609375 -0.156112670898438
0.00852489471435547 0.00686931610107422 0.188980102539062 -0.147933959960937
-0.00680160522460938 0.0174407958984375 0.346466064453125 0.031219482421875
-0.0137796401977539 0.0112371444702148 0.2275390625 0.369140625
0.00848960876464844 -0.0292835235595703 -0.14971923828125 0.47454833984375
0.0269126892089844 -0.0145130157470703 -0.35791015625 0.196075439453125
0.0524559020996094 0.0160865783691406 -0.00554656982421875 0.0329017639160156
0.0527381896972656 -0.0137786865234375 0.396392822265625 -0.14556884765625
0.0228137969970703 -0.0239887237548828 0.202911376953125 -0.477020263671875
-0.00924777984619141 -0.00250434875488281 -0.26556396484375 -0.349151611328125
-0.0136814117431641 0.017486572265625 -0.32666015625 0.027862548828125
0.00348663330078125 0.0114536285400391 -0.170257568359375 0.190811157226562
0.00795555114746094 -0.00453090667724609 0.010986328125 0.162643432617187
-0.00871801376342773 -0.000528812408447264 0.101600646972656 0.050567626953125
-0.00633668899536133 -0.00676965713500977 -0.0962295532226563 -0.06781005859375
0.00799989700317383 -0.00339889526367188 0.00796508789062501 -0.157699584960937
0.00991630554199219 0.00627517700195313 0.18145751953125 -0.154403686523438
-0.00235176086425781 0.0191841125488281 0.34259033203125 0.019622802734375
-0.0107707977294922 0.0143909454345703 0.2374267578125 0.3590087890625
0.00373649597167969 -0.0248908996582031 -0.13397216796875 0.478424072265625
0.0175952911376953 -0.0136623382568359 -0.3568115234375 0.206298828125
0.04254150390625 0.0126113891601563 -0.017974853515625 0.0351943969726563
0.0460548400878906 -0.0115127563476563 0.397186279296875 -0.128875732421875
0.0206432342529297 -0.0204925537109375 0.222930908203125 -0.469024658203125
-0.00659322738647461 -0.000223159790039062 -0.254547119140625 -0.3621826171875
-0.00991630554199219 0.0178451538085938 -0.328857421875 0.015106201171875
0.00498104095458984 0.0119161605834961 -0.176101684570313 0.184539794921875
0.00858497619628906 -0.00671529769897461 0.00886535644531249 0.162872314453125
-0.00807952880859375 -0.00525426864624023 0.101112365722656 0.0518341064453125
-0.00732707977294922 -0.0102710723876953 -0.0979690551757813 -0.0670700073242188
0.00790309906005859 -0.0057978630065918 0.00509643554687501 -0.159271240234375
0.0111675262451172 0.00391769409179687 0.175704956054688 -0.160675048828125
0.000354766845703124 0.0198020935058594 0.339996337890625 0.011383056640625
-0.00801849365234375 0.0186328887939453 0.24237060546875 0.3525390625
-4.19616699218767E-05 -0.0190963745117188 -0.1229248046875 0.4830322265625
0.00578498840332031 -0.0109968185424805 -0.355560302734375 0.217803955078125
0.0281829833984375 0.0102157592773438 -0.0245857238769531 0.0393829345703125
0.0363616943359375 -0.00937271118164063 0.3995361328125 -0.11639404296875
0.0174016952514648 -0.015263557434082 0.2376708984375 -0.462921142578125
-0.00520706176757813 0.00462245941162109 -0.244110107421875 -0.369842529296875
-0.0059356689453125 0.0200157165527344 -0.331512451171875 0.00485229492187499
0.00702571868896484 0.0120420455932617 -0.180816650390625 0.177947998046875
0.0099945068359375 -0.00767993927001953 0.00642395019531251 0.161407470703125
-0.00662612915039062 -0.00790834426879883 0.101249694824219 0.0520706176757813
-0.00755023956298828 -0.0111026763916016 -0.0987396240234375 -0.0668106079101562
0.00914764404296875 -0.00775051116943359 0.00434875488281249 -0.161026000976563
0.0121068954467773 0.00293827056884766 0.172775268554688 -0.163467407226563
0.0046539306640625 0.0202674865722656 0.33831787109375 0.007415771484375
-0.00589942932128906 0.0237827301025391 0.244842529296875 0.350616455078125
-0.00353240966796875 -0.0124597549438477 -0.11907958984375 0.485076904296875
-0.00548124313354492 -0.00710773468017578 -0.3536376953125 0.220794677734375
0.0133457183837891 0.00873184204101563 -0.0237960815429687 0.0431060791015625
0.0241928100585938 -0.00791358947753906 0.403045654296875 -0.11083984375
0.0127744674682617 -0.00922203063964844 0.244354248046875 -0.461883544921875
-0.00490188598632812 0.00984668731689453 -0.2425537109375 -0.373260498046875
-0.00346755981445312 0.0209083557128906 -0.332733154296875 0.00140380859375006
0.00833415985107422 0.0105791091918945 -0.182052612304688 0.17315673828125
0.0117273330688477 -0.00921058654785156 0.0065765380859375 0.15875244140625
-0.007354736328125 -0.00829458236694336 0.101905822753906 0.0509262084960938
-0.0082550048828125 -0.0114231109619141 -0.0992889404296875 -0.0683364868164063
0.00994014739990234 -0.00818252563476563 0.00506591796875001 -0.163482666015625
0.01434326171875 0.00143718719482422 0.170059204101563 -0.168212890625
0.00593757629394531 0.0207843780517578 0.33697509765625 0.00335693359375
-0.00397491455078125 0.0265655517578125 0.2498779296875 0.351043701171875
-0.00591897964477539 -0.0057682991027832 -0.11480712890625 0.48956298828125
-0.0145158767700195 -0.00243282318115235 -0.348907470703125 0.227813720703125
-0.000245094299316405 0.00880622863769531 -0.0156402587890625 0.0461349487304688
0.0134010314941406 -0.00557899475097656 0.408172607421875 -0.118804931640625
0.00818967819213867 -0.00344181060791016 0.235321044921875 -0.465850830078125
-0.00476741790771484 0.0133800506591797 -0.250823974609375 -0.366455078125
-0.000591278076171874 0.0207691192626953 -0.3336181640625 0.00717163085937501
0.0101661682128906 0.0102958679199219 -0.178176879882812 0.17474365234375
0.0120115280151367 -0.0116548538208008 0.0116119384765625 0.155685424804688
-0.00693416595458985 -0.00895118713378906 0.103904724121094 0.04742431640625
-0.00951385498046875 0.00482082366943359 -0.0948715209960938 -0.0770263671875
0.0122690200805664 0.00542354583740234 0.0211181640625 -0.160354614257813
0.00497245788574219 0.00619029998779297 0.207260131835938 -0.133834838867188
-0.016993522644043 0.0138473510742188 0.352691650390625 0.070037841796875
-0.0187511444091797 0.00665664672851563 0.191162109375 0.401641845703125
0.013092041015625 -0.0257186889648438 -0.199310302734375 0.462890625
0.0322914123535156 -0.00315475463867188 -0.354766845703125 0.164031982421875
0.0504951477050781 0.0215034484863281 0.0423240661621094 0.0306243896484375
0.0473518371582031 -0.0105552673339844 0.3994140625 -0.191986083984375
0.0179710388183594 -0.0203685760498047 0.147552490234375 -0.49639892578125
-0.0156078338623047 -0.00194644927978516 -0.30078125 -0.31072998046875
-0.0204753875732422 0.0149936676025391 -0.31646728515625 0.0653076171875
0.00211715698242188 0.00713062286376953 -0.148483276367187 0.203659057617188
0.00966930389404297 -0.00025177001953125 0.02410888671875 0.156906127929687
-0.0127840042114258 0.00810337066650391 0.109123229980469 0.0445022583007813
-0.00880718231201172 0.00295543670654297 -0.0953521728515625 -0.0740585327148438
0.0108089447021484 0.00496196746826172 0.0177459716796875 -0.159133911132813
0.00558328628540039 0.00715017318725586 0.202651977539063 -0.138885498046875
-0.0147638320922852 0.0151987075805664 0.352996826171875 0.05780029296875
-0.0177059173583984 0.00613784790039062 0.204742431640625 0.39190673828125
0.0141010284423828 -0.0301704406738281 -0.185211181640625 0.46844482421875
0.03607177734375 -0.00806808471679688 -0.357635498046875 0.17327880859375
0.0577125549316406 0.0204620361328125 0.0262374877929688 0.0298042297363281
0.0542182922363281 -0.0130538940429688 0.39898681640625 -0.18035888671875
0.0219860076904297 -0.0245399475097656 0.16070556640625 -0.49420166015625
-0.0137901306152344 -0.00351047515869141 -0.29248046875 -0.321319580078125
-0.0196418762207031 0.0153427124023437 -0.320068359375 0.0560913085937501
0.00137805938720703 0.00922775268554688 -0.15576171875 0.2017822265625
0.00877618789672852 -0.000696659088134766 0.0206756591796875 0.160003662109375
-0.0112876892089844 0.00721263885498047 0.105796813964844 0.0475845336914063
-0.00715875625610352 0.000566005706787108 -0.0953292846679688 -0.0718612670898437
0.00920963287353516 0.00241470336914063 0.0142974853515625 -0.158065795898437
0.0065617561340332 0.00709342956542969 0.196807861328125 -0.144287109375
-0.0109977722167969 0.0165081024169922 0.351287841796875 0.04351806640625
-0.0156059265136719 0.00717544555664063 0.2205810546875 0.381011962890625
0.011260986328125 -0.0311679840087891 -0.164764404296875 0.47296142578125
0.0336627960205078 -0.0117835998535156 -0.35894775390625 0.18536376953125
0.0582618713378906 0.0174789428710938 0.00962638854980469 0.0307197570800781
0.0546531677246094 -0.0136756896972656 0.398345947265625 -0.16485595703125
0.0227146148681641 -0.0259609222412109 0.180084228515625 -0.4896240234375
-0.0115137100219727 -0.00484466552734375 -0.281494140625 -0.335479736328125
-0.0167484283447266 0.0162038803100586 -0.3240966796875 0.0433349609375001
0.00170707702636719 0.010706901550293 -0.1629638671875 0.1983642578125
0.00837469100952148 -0.00218343734741211 0.016357421875 0.163619995117188
-0.00945949554443359 0.00358676910400391 0.104248046875 0.0489883422851563
-0.00637435913085938 -0.00360488891601563 -0.096649169921875 -0.0695953369140625
0.00790262222290039 -0.000383377075195313 0.009674072265625 -0.157852172851563
0.00814533233642578 0.00604629516601563 0.189163208007813 -0.151641845703125
-0.00699996948242187 0.0181941986083984 0.3486328125 0.02886962890625
-0.0139074325561523 0.010650634765625 0.232421875 0.36822509765625
0.00807571411132813 -0.0307407379150391 -0.146392822265625 0.4783935546875
0.0279293060302734 -0.0138969421386719 -0.360107421875 0.19952392578125
0.0536079406738281 0.0163803100585938 -0.00621223449707031 0.0320835113525391
0.0523033142089844 -0.0129890441894531 0.397003173828125 -0.149017333984375
0.0236110687255859 -0.0246658325195313 0.201934814453125 -0.481170654296875
-0.00943565368652344 -0.00267601013183594 -0.269073486328125 -0.350341796875
-0.0133943557739258 0.017364501953125 -0.3284912109375 0.0300292968749999
0.0036468505859375 0.0114879608154297 -0.170135498046875 0.192657470703125
0.0081949234008789 -0.00454521179199219 0.012603759765625 0.164382934570313
-0.00927352905273438 -0.000193595886230467 0.102699279785156 0.05096435546875
-0.00614452362060547 -0.00665378570556641 -0.0974349975585938 -0.0681076049804688
0.00802326202392578 -0.00213527679443359 0.00651550292968752 -0.158615112304688
0.0105466842651367 0.00512027740478516 0.181610107421875 -0.157150268554688
-0.00255584716796875 0.0195980072021484 0.346343994140625 0.0167236328125
-0.0111093521118164 0.0144720077514648 0.242645263671875 0.358428955078125
0.00473403930664062 -0.0253257751464844 -0.129547119140625 0.483489990234375
0.017608642578125 -0.0131053924560547 -0.357818603515625 0.210662841796875
0.0426864624023438 0.013916015625 -0.0185317993164062 0.0356216430664063
0.0455703735351563 -0.0122261047363281 0.398895263671875 -0.1324462890625
0.0213546752929687 -0.0207195281982422 0.2205810546875 -0.474273681640625
-0.00628805160522461 -0.000220298767089843 -0.257293701171875 -0.3621826171875
-0.00996971130371094 0.0181159973144531 -0.331787109375 0.0175476074218751
0.00585460662841797 0.0119800567626953 -0.176666259765625 0.187088012695312
0.00853538513183594 -0.00606012344360352 0.00914001464843751 0.16387939453125
-0.00783014297485352 -0.00368881225585937 0.10211181640625 0.0519332885742188
-0.007080078125 -0.00982284545898438 -0.0996170043945313 -0.0679473876953125
0.00813436508178711 -0.00493049621582031 0.00486755371093751 -0.160507202148438
0.0105171203613281 0.00388431549072266 0.175140380859375 -0.162643432617188
0.00190544128417969 0.0210037231445313 0.342498779296875 0.00750732421875
-0.00711441040039063 0.0187759399414062 0.24761962890625 0.351776123046875
0.000371932983398436 -0.0199317932128906 -0.11920166015625 0.48626708984375
0.00587368011474609 -0.0112810134887695 -0.357330322265625 0.219757080078125
0.0284194946289063 0.0108470916748047 -0.0245819091796875 0.0391769409179688
0.0365867614746094 -0.00997543334960938 0.4012451171875 -0.11932373046875
0.0170316696166992 -0.0153188705444336 0.2352294921875 -0.4677734375
-0.00551891326904297 0.0043940544128418 -0.248443603515625 -0.370361328125
-0.005859375 0.0202770233154297 -0.333740234375 0.00735473632812504
0.00664615631103516 0.0118989944458008 -0.180145263671875 0.180282592773437
0.00969886779785156 -0.00861167907714844 0.0079803466796875 0.16265869140625
-0.00658130645751953 -0.00649881362915039 0.100997924804688 0.0515670776367188
-0.00771903991699219 -0.0106401443481445 -0.101036071777344 -0.0683822631835938
0.00868749618530273 -0.00781679153442383 0.0032196044921875 -0.162506103515625
0.0132627487182617 0.00317192077636719 0.17340087890625 -0.16668701171875
0.00393295288085937 0.0212593078613281 0.3408203125 0.00372314453125
-0.00502395629882812 0.0235729217529297 0.25067138671875 0.350738525390625
-0.00249576568603516 -0.0131425857543945 -0.115631103515625 0.48822021484375
-0.00513362884521484 -0.00658130645751953 -0.353485107421875 0.225830078125
0.0132179260253906 0.0100831985473633 -0.0235099792480469 0.0428276062011719
0.0244216918945313 -0.00854873657226563 0.4051513671875 -0.1129150390625
0.0121688842773438 -0.0101137161254883 0.24298095703125 -0.465362548828125
-0.00461101531982422 0.00895500183105469 -0.246368408203125 -0.373443603515625
-0.0025177001953125 0.0215053558349609 -0.335052490234375 0.00308227539062497
0.00864219665527344 0.011265754699707 -0.182144165039063 0.176071166992188
0.0103769302368164 -0.00924205780029297 0.0081634521484375 0.160629272460938
-0.00644302368164063 -0.00747346878051758 0.103111267089844 0.0508193969726563
-0.00859832763671875 -0.0109920501708984 -0.101875305175781 -0.0679397583007813
0.0107622146606445 -0.00917530059814453 0.00328063964843751 -0.164962768554687
0.0135889053344727 0.00142478942871094 0.169296264648437 -0.171371459960937
0.00603103637695312 0.0216484069824219 0.34088134765625 -0.000671386718749999
-0.00360679626464844 0.0261192321777344 0.255096435546875 0.350006103515625
-0.00656270980834961 -0.00671863555908203 -0.111297607421875 0.491455078125
-0.014094352722168 -0.00107574462890625 -0.34912109375 0.231536865234375
-0.000357627868652344 0.00887298583984375 -0.0165557861328125 0.0464973449707031
0.0132637023925781 -0.00565242767333984 0.4105224609375 -0.122314453125
0.00798368453979492 -0.0039067268371582 0.234100341796875 -0.468780517578125
-0.00405597686767578 0.013880729675293 -0.255096435546875 -0.365997314453125
-0.000566482543945313 0.0212936401367188 -0.3360595703125 0.00903320312499998
0.00960159301757813 0.00955963134765625 -0.177703857421875 0.1759033203125
0.0123777389526367 -0.0114717483520508 0.012359619140625 0.156387329101562
-0.00763368606567383 -0.00800275802612305 0.105125427246094 0.046783447265625
-0.0102090835571289 0.00532245635986328 -0.096466064453125 -0.076507568359375
0.0126962661743164 0.00534439086914062 0.0201873779296875 -0.161392211914062
0.00524377822875977 0.00590991973876953 0.20770263671875 -0.136154174804687
-0.0173625946044922 0.0146951675415039 0.355682373046875 0.06781005859375
-0.0188674926757813 0.00654983520507812 0.197479248046875 0.400054931640625
0.0139789581298828 -0.0267524719238281 -0.19769287109375 0.466949462890625
0.0322818756103516 -0.00319099426269531 -0.35504150390625 0.1683349609375
0.0509262084960938 0.0225715637207031 0.0419120788574219 0.0303382873535156
0.0468521118164062 -0.0115127563476562 0.400604248046875 -0.194732666015625
0.0181713104248047 -0.0200290679931641 0.143768310546875 -0.500457763671875
-0.0167293548583984 -0.00208187103271484 -0.307373046875 -0.308990478515625
-0.0198554992675781 0.0151634216308594 -0.31768798828125 0.064483642578125
0.00516414642333984 0.0047612190246582 -0.147918701171875 0.205947875976562
0.00859165191650391 -0.00135898590087891 0.0263824462890625 0.158004760742188
-0.0127229690551758 0.00930881500244141 0.108657836914063 0.0442428588867188
-0.00823020935058594 0.00292491912841797 -0.09686279296875 -0.0739517211914063
0.0105924606323242 0.00467395782470703 0.0162353515625 -0.16015625
0.00577735900878906 0.00704813003540039 0.203521728515625 -0.14190673828125
-0.0145559310913086 0.0158882141113281 0.356109619140625 0.05419921875
-0.0176887512207031 0.00545310974121094 0.209747314453125 0.393157958984375
0.0140419006347656 -0.0302772521972656 -0.18182373046875 0.4725341796875
0.0359916687011719 -0.0085906982421875 -0.358306884765625 0.176971435546875
0.0575904846191406 0.0209541320800781 0.0261039733886719 0.0291862487792969
0.05377197265625 -0.0133743286132813 0.3988037109375 -0.1832275390625
0.0211811065673828 -0.0250492095947266 0.1590576171875 -0.4989013671875
-0.0139846801757812 -0.00403308868408203 -0.296356201171875 -0.3221435546875
-0.0190658569335937 0.0159358978271484 -0.321685791015625 0.0580749511718749
0.00171566009521484 0.00942134857177734 -0.155166625976562 0.2037353515625
0.00872564315795899 -0.000658035278320313 0.021484375 0.1617431640625
-0.0119247436523438 0.00712680816650391 0.106712341308594 0.0467605590820313
-0.00744485855102539 0.000417709350585936 -0.09625244140625 -0.072174072265625
0.0095367431640625 0.00228118896484375 0.01324462890625 -0.159561157226563
0.00716495513916016 0.00719213485717773 0.19720458984375 -0.146804809570313
-0.0114269256591797 0.0171318054199219 0.354034423828125 0.0400390625
-0.0159339904785156 0.00683116912841797 0.22528076171875 0.380645751953125
0.0117359161376953 -0.0315284729003906 -0.1622314453125 0.47650146484375
0.0339012145996094 -0.0119209289550781 -0.35955810546875 0.189971923828125
0.0586585998535156 0.0184860229492188 0.00936317443847657 0.0300235748291016
0.0554885864257813 -0.0144615173339844 0.397186279296875 -0.1668701171875
0.0233402252197266 -0.0267429351806641 0.178375244140625 -0.493682861328125
-0.0105905532836914 -0.00485801696777344 -0.286224365234375 -0.33721923828125
-0.0166072845458984 0.0162153244018555 -0.32708740234375 0.0458984375
0.00177097320556641 0.010920524597168 -0.161941528320313 0.2008056640625
0.00803041458129883 -0.00222158432006836 0.018524169921875 0.1639404296875
-0.0095977783203125 0.00357913970947265 0.105247497558594 0.0488662719726563
-0.0065302848815918 -0.0030665397644043 -0.0987014770507812 -0.0698623657226563
0.00849246978759766 0.0010371208190918 0.00762939453124999 -0.159423828125
0.00848865509033203 0.00711441040039063 0.188873291015625 -0.154190063476563
-0.00662994384765625 0.0181427001953125 0.351837158203125 0.02557373046875
-0.0136070251464844 0.0104236602783203 0.23785400390625 0.368377685546875
0.00865745544433594 -0.0304431915283203 -0.142852783203125 0.482818603515625
0.0281658172607422 -0.0134468078613281 -0.36126708984375 0.2025146484375
0.0536842346191406 0.0152091979980469 -0.00538253784179687 0.0335655212402344
0.0528221130371094 -0.014129638671875 0.39886474609375 -0.151336669921875
0.0234642028808594 -0.0257282257080078 0.1995849609375 -0.485382080078125
-0.00928401947021484 -0.00332355499267578 -0.272857666015625 -0.349853515625
-0.0131626129150391 0.0177459716796875 -0.330810546875 0.0321350097656251
0.00335502624511719 0.0113992691040039 -0.16925048828125 0.194808959960938
0.00753974914550781 -0.00406217575073242 0.013671875 0.1661376953125
-0.0082554817199707 0.000146389007568358 0.104347229003906 0.0512466430664063
-0.00695896148681641 -0.00655174255371094 -0.09991455078125 -0.068023681640625
0.00748443603515625 -0.00282001495361328 0.00479125976562499 -0.160812377929688
0.0102643966674805 0.00589179992675781 0.181411743164063 -0.161666870117188
-0.00289535522460937 0.0198211669921875 0.34844970703125 0.012725830078125
-0.0106172561645508 0.0138740539550781 0.249542236328125 0.357635498046875
0.0044403076171875 -0.0259513854980469 -0.126190185546875 0.485321044921875
0.017552375793457 -0.0129432678222656 -0.3582763671875 0.214080810546875
0.0420989990234375 0.0131263732910156 -0.0185432434082031 0.0360755920410156
0.0456581115722656 -0.0117378234863281 0.401092529296875 -0.135223388671875
0.0210170745849609 -0.0207424163818359 0.218292236328125 -0.4791259765625
-0.00641441345214844 -0.000195980072021484 -0.26171875 -0.36151123046875
-0.00914955139160156 0.0194606781005859 -0.33404541015625 0.020263671875
0.00506019592285156 0.011962890625 -0.175811767578125 0.188644409179687
0.00825071334838867 -0.00658702850341797 0.011322021484375 0.1658935546875
-0.00770807266235352 -0.00370359420776367 0.103385925292969 0.0519943237304688
-0.00673294067382812 -0.00966548919677735 -0.100975036621094 -0.067352294921875
0.00784063339233398 -0.00523662567138672 0.00265502929687499 -0.16168212890625
0.0121068954467773 0.0039825439453125 0.175811767578125 -0.16583251953125
0.00168991088867188 0.0203094482421875 0.345672607421875 0.003387451171875
-0.00700187683105469 0.0188655853271484 0.253936767578125 0.35101318359375
0.000722885131835937 -0.0193328857421875 -0.116485595703125 0.48846435546875
0.00614833831787109 -0.0103187561035156 -0.355865478515625 0.223297119140625
0.0290737152099609 0.0114707946777344 -0.0255470275878906 0.0401153564453125
0.0355415344238281 -0.0108146667480469 0.40301513671875 -0.122344970703125
0.0176601409912109 -0.0167865753173828 0.2330322265625 -0.47161865234375
-0.00465631484985352 0.00402212142944336 -0.253753662109375 -0.369873046875
-0.00506210327148437 0.0206851959228516 -0.3353271484375 0.011016845703125
0.00713634490966797 0.0114669799804688 -0.180618286132812 0.182876586914063
0.00897598266601562 -0.00885105133056641 0.00912475585937499 0.163848876953125
-0.0071253776550293 -0.00591182708740234 0.103416442871094 0.0521926879882813
-0.00808238983154297 -0.0103158950805664 -0.1021728515625 -0.0680084228515625
0.00911140441894531 -0.00749015808105469 0.00173950195312499 -0.164154052734375
0.0129804611206055 0.00222015380859375 0.172149658203125 -0.170196533203125
0.00493240356445312 0.0218029022216797 0.343994140625 0.000457763671875001
-0.00437355041503906 0.0225658416748047 0.2559814453125 0.34967041015625
-0.00295352935791016 -0.0134735107421875 -0.112274169921875 0.49169921875
-0.00460290908813477 -0.00545454025268555 -0.354705810546875 0.228302001953125
0.0138664245605469 0.009735107421875 -0.0252952575683594 0.0437278747558594
0.0241241455078125 -0.00800132751464844 0.40655517578125 -0.1173095703125
0.0124940872192383 -0.00957107543945313 0.240509033203125 -0.47125244140625
-0.00366878509521485 0.00908374786376953 -0.249481201171875 -0.373809814453125
-0.00221061706542969 0.0220813751220703 -0.336761474609375 0.0057373046875
0.00941085815429687 0.0112123489379883 -0.181442260742188 0.178115844726562
0.0104761123657227 -0.0100278854370117 0.00985717773437499 0.16156005859375
-0.00651216506958008 -0.00783967971801758 0.104698181152344 0.0500106811523437
-0.00830554962158203 -0.0098724365234375 -0.102577209472656 -0.0680465698242188
0.0100736618041992 -0.00885295867919922 0.00213623046875001 -0.167068481445313
0.013758659362793 0.00108051300048828 0.169479370117188 -0.174896240234375
0.0067138671875 0.0217227935791016 0.34344482421875 -0.00433349609375
-0.00348854064941406 0.0267124176025391 0.25958251953125 0.34930419921875
-0.00625419616699219 -0.00699377059936524 -0.10833740234375 0.495849609375
-0.014439582824707 -0.00113296508789062 -0.349273681640625 0.234527587890625
-0.000250816345214844 0.00926685333251953 -0.0176734924316406 0.0470733642578125
0.0129566192626953 -0.00610923767089844 0.411163330078125 -0.125152587890625
0.0079197883605957 -0.00500249862670898 0.23272705078125 -0.474273681640625
-0.00357341766357422 0.0131292343139648 -0.257843017578125 -0.366943359375
-0.000541687011718748 0.0216789245605469 -0.338287353515625 0.012054443359375
0.00990772247314453 0.00935459136962891 -0.177383422851563 0.179031372070313
0.0122127532958984 -0.0117979049682617 0.01361083984375 0.158493041992188
-0.00734853744506836 -0.00822782516479492 0.106277465820313 0.0477676391601563
-0.00955867767333985 0.00623226165771484 -0.0980224609375 -0.0755691528320312
0.0129003524780273 0.00553512573242188 0.0180816650390625 -0.163711547851563
0.00593900680541992 0.00606870651245117 0.2069091796875 -0.14007568359375
-0.0166282653808594 0.0150823593139648 0.359100341796875 0.063262939453125
-0.0185699462890625 0.00687026977539062 0.203704833984375 0.401580810546875
0.0132465362548828 -0.0273017883300781 -0.193023681640625 0.470977783203125
0.0324363708496094 -0.00259590148925781 -0.35589599609375 0.1722412109375
0.0508041381835938 0.0228500366210938 0.0420875549316406 0.0302772521972656
0.0477333068847656 -0.0119171142578125 0.400909423828125 -0.1976318359375
0.01812744140625 -0.0227184295654297 0.139617919921875 -0.50360107421875
-0.0145969390869141 -0.00262546539306641 -0.3095703125 -0.30804443359375
-0.0201969146728516 0.0161418914794922 -0.31951904296875 0.07244873046875
0.00255012512207031 0.00660991668701172 -0.146408081054688 0.207443237304688
0.00942134857177734 -0.000150680541992188 0.02850341796875 0.15863037109375
-0.0120668411254883 0.0103721618652344 0.110015869140625 0.0438079833984375
-0.00839948654174805 0.00406455993652344 -0.0978469848632813 -0.0742645263671875
0.0115594863891602 0.00476455688476563 0.0148773193359375 -0.161834716796875
0.00656032562255859 0.00802183151245117 0.20361328125 -0.145278930664063
-0.0149011611938477 0.0158176422119141 0.360076904296875 0.04937744140625
-0.0167932510375977 0.00648880004882813 0.216522216796875 0.39056396484375
0.0138950347900391 -0.0312786102294922 -0.1767578125 0.47552490234375
0.03668212890625 -0.00736236572265625 -0.357940673828125 0.181640625
0.0578651428222656 0.0212593078613281 0.0262260437011719 0.0295600891113281
0.0535049438476562 -0.0142440795898437 0.39947509765625 -0.187591552734375
0.0211391448974609 -0.0254497528076172 0.15478515625 -0.501800537109375
-0.0134057998657227 -0.00476169586181641 -0.300811767578125 -0.320831298828125
-0.0187110900878906 0.0163955688476562 -0.323333740234375 0.0610961914062501
0.00239086151123047 0.00877857208251953 -0.153564453125 0.207046508789063
0.00902557373046875 -0.000303268432617187 0.023773193359375 0.162185668945313
-0.0108232498168945 0.00748920440673828 0.108535766601562 0.0463180541992188
-0.00678110122680664 0.00135993957519531 -0.098388671875 -0.0713882446289062
0.00916194915771484 0.00222492218017578 0.011322021484375 -0.161163330078125
0.00719070434570312 0.00694465637207031 0.196975708007813 -0.150894165039062
-0.0105113983154297 0.016876220703125 0.3568115234375 0.0361328125
-0.0158720016479492 0.00643444061279297 0.23114013671875 0.379547119140625
0.0115451812744141 -0.0328159332275391 -0.157806396484375 0.479705810546875
0.0339698791503906 -0.0115337371826172 -0.3594970703125 0.193939208984375
0.0592918395996094 0.0189781188964844 0.00958633422851563 0.0305080413818359
0.0554695129394531 -0.0144996643066406 0.398529052734375 -0.172607421875
0.0229225158691406 -0.0274295806884766 0.174530029296875 -0.4989013671875
-0.0104551315307617 -0.00564479827880859 -0.28912353515625 -0.33563232421875
-0.0161857604980469 0.0167942047119141 -0.3282470703125 0.04962158203125
0.00267696380615234 0.01123046875 -0.160934448242188 0.203948974609375
0.00762224197387695 -0.00229978561401367 0.02001953125 0.16558837890625
-0.009063720703125 0.00544357299804688 0.10711669921875 0.0491180419921875
-0.00617551803588867 -0.00311756134033203 -0.09967041015625 -0.07012939453125
0.00971603393554688 -0.000720977783203125 0.00599670410156251 -0.161224365234375
0.00894832611083984 0.00643444061279297 0.1883544921875 -0.1571044921875
-0.00698661804199219 0.0183906555175781 0.354827880859375 0.020965576171875
-0.0130958557128906 0.00959300994873047 0.244049072265625 0.3665771484375
0.00819778442382812 -0.030975341796875 -0.138885498046875 0.483917236328125
0.0276222229003906 -0.0125713348388672 -0.358245849609375 0.20703125
0.0534477233886719 0.0155029296875 -0.007415771484375 0.0321693420410156
0.0528945922851563 -0.0147514343261719 0.39935302734375 -0.155303955078125
0.0230903625488281 -0.0258235931396484 0.196319580078125 -0.489288330078125
-0.00780153274536133 -0.00346136093139648 -0.277069091796875 -0.348297119140625
-0.0131816864013672 0.0183944702148438 -0.331024169921875 0.0364990234375
0.00443649291992187 0.0103960037231445 -0.16851806640625 0.198043823242188
0.0079503059387207 -0.00342845916748047 0.0170135498046875 0.167800903320312
-0.00918102264404297 0.00169563293457031 0.106124877929688 0.050994873046875
-0.00684118270874023 -0.00561189651489258 -0.100929260253906 -0.0681533813476562
0.0085759162902832 -0.00342130661010742 0.00283813476562501 -0.160903930664063
0.0104408264160156 0.00637912750244141 0.180282592773438 -0.164352416992188
-0.003143310546875 0.0199966430664063 0.35064697265625 0.008453369140625
-0.00963401794433594 0.0140523910522461 0.254119873046875 0.35626220703125
0.00394821166992187 -0.0264301300048828 -0.121002197265625 0.48907470703125
0.0183944702148438 -0.0129108428955078 -0.35888671875 0.21881103515625
0.0431671142578125 0.0136146545410156 -0.0189743041992187 0.0365676879882813
0.0452423095703125 -0.0124664306640625 0.401275634765625 -0.138153076171875
0.0220127105712891 -0.0225772857666016 0.216796875 -0.48431396484375
-0.00573110580444336 -0.000134944915771485 -0.266754150390625 -0.36083984375
-0.00814437866210937 0.0189781188964844 -0.336151123046875 0.023468017578125
0.00516510009765625 0.0123996734619141 -0.174362182617188 0.192306518554688
0.00819492340087891 -0.00710678100585938 0.0131683349609375 0.166824340820313
-0.00780868530273438 -0.00237131118774414 0.104637145996094 0.0517807006835938
-0.00689029693603516 -0.00801849365234375 -0.102462768554688 -0.0668106079101563
0.00817584991455078 -0.00622940063476563 0.000213623046875012 -0.163299560546875
0.0118827819824219 0.00370883941650391 0.175308227539063 -0.168853759765625
0.00169563293457031 0.020660400390625 0.347625732421875 9.15527343750013E-05
-0.00685882568359375 0.0187835693359375 0.25927734375 0.34912109375
0.00075340270996094 -0.0207538604736328 -0.111572265625 0.492156982421875
0.00551033020019531 -0.0102357864379883 -0.35601806640625 0.2281494140625
0.0280246734619141 0.0120925903320313 -0.0245857238769531 0.0392723083496094
0.0357437133789062 -0.0106277465820312 0.403106689453125 -0.12652587890625
0.0172700881958008 -0.0160942077636719 0.23095703125 -0.474609375
-0.003814697265625 0.00345540046691895 -0.258148193359375 -0.368896484375
-0.00510787963867188 0.0201816558837891 -0.33721923828125 0.0133972167968749
0.00701904296875 0.0128316879272461 -0.178909301757813 0.185684204101562
0.00864982604980469 -0.00905227661132812 0.0121612548828125 0.165008544921875
-0.00774860382080078 -0.00481986999511719 0.10406494140625 0.0518035888671875
-0.00743770599365234 -0.010441780090332 -0.103553771972656 -0.0673141479492188
0.00915622711181641 -0.00739765167236328 -0.000579833984374987 -0.165206909179688
0.0125904083251953 0.00203609466552734 0.171661376953125 -0.174209594726563
0.00570869445800781 0.0220565795898438 0.345245361328125 -0.004364013671875
-0.00448989868164063 0.0228843688964844 0.260833740234375 0.3482666015625
-0.00295829772949219 -0.0136089324951172 -0.106964111328125 0.494903564453125
-0.00431919097900391 -0.00597667694091797 -0.35394287109375 0.23358154296875
0.0137157440185547 0.0103073120117188 -0.0249710083007813 0.0437774658203125
0.0237102508544922 -0.009124755859375 0.408172607421875 -0.12060546875
0.0130434036254883 -0.0105228424072266 0.237457275390625 -0.474884033203125
-0.0032958984375 0.00912284851074219 -0.255615234375 -0.371978759765625
-0.00168991088867187 0.0216617584228516 -0.338897705078125 0.00912475585937499
0.00930500030517578 0.0109472274780273 -0.180419921875 0.181472778320313
0.0102176666259766 -0.0101747512817383 0.0113983154296875 0.162216186523438
-0.00684118270874023 -0.0075373649597168 0.105461120605469 0.0509414672851563
-0.00850009918212891 -0.009857177734375 -0.1044921875 -0.0678787231445313
0.0105161666870117 -0.00893115997314453 -0.000808715820312493 -0.168304443359375
0.0138769149780273 0.000616073608398438 0.168914794921875 -0.177886962890625
0.00642013549804687 0.0221157073974609 0.346282958984375 -0.00848388671875
-0.00307083129882813 0.0264186859130859 0.265869140625 0.34808349609375
-0.00594615936279297 -0.00664615631103516 -0.10296630859375 0.498870849609375
-0.0137844085693359 -0.0016937255859375 -0.34820556640625 0.241180419921875
-0.000282287597656251 0.00982952117919922 -0.01617431640625 0.0469932556152344
0.0122518539428711 -0.00590705871582031 0.4117431640625 -0.128631591796875
0.00740337371826172 -0.00479745864868164 0.22979736328125 -0.479736328125
-0.00333499908447265 0.0132160186767578 -0.26361083984375 -0.3665771484375
0.000209808349609376 0.0215702056884766 -0.340087890625 0.01544189453125
0.0106935501098633 0.00980854034423828 -0.17657470703125 0.181961059570313
0.0111770629882813 -0.0120820999145508 0.016265869140625 0.158416748046875
-0.00666046142578125 -0.00768613815307617 0.106964111328125 0.0471115112304687
-0.00918388366699219 0.00703144073486328 -0.099945068359375 -0.0758056640625
0.0132207870483398 0.00475692749023438 0.016265869140625 -0.164688110351563
0.00594186782836914 0.0059809684753418 0.20751953125 -0.14349365234375
-0.0167951583862305 0.0154314041137695 0.361419677734375 0.05859375
-0.0184783935546875 0.00637435913085938 0.20794677734375 0.39862060546875
0.0134906768798828 -0.0276718139648438 -0.187744140625 0.4739990234375
0.0326404571533203 -0.0023040771484375 -0.355926513671875 0.176055908203125
0.0513877868652344 0.0220413208007813 0.0412445068359375 0.0302658081054688
0.0474967956542969 -0.0125045776367188 0.400115966796875 -0.202056884765625
0.0172653198242188 -0.0224552154541016 0.135528564453125 -0.508270263671875
-0.0150213241577148 -0.00238609313964844 -0.313690185546875 -0.30712890625
-0.0192298889160156 0.0163421630859375 -0.319122314453125 0.0756225585937501
0.00284481048583984 0.00747489929199219 -0.144485473632812 0.210861206054688
0.00949287414550781 -0.000209808349609375 0.030364990234375 0.160202026367188
-0.0112152099609375 0.0108709335327148 0.111465454101563 0.0434341430664063
-0.0086517333984375 0.00411415100097656 -0.1002197265625 -0.0735015869140625
0.0108890533447266 0.00438117980957031 0.013031005859375 -0.162933349609375
0.00617456436157227 0.00708198547363281 0.202499389648438 -0.14776611328125
-0.0139856338500977 0.0165987014770508 0.36090087890625 0.045989990234375
-0.0174722671508789 0.00704193115234375 0.22125244140625 0.38970947265625
0.0136566162109375 -0.0321426391601563 -0.17193603515625 0.47894287109375
0.0369033813476562 -0.008453369140625 -0.356964111328125 0.18536376953125
0.0580825805664063 0.0210609436035156 0.0267105102539063 0.0292606353759766
0.0534324645996094 -0.0139236450195312 0.399627685546875 -0.19085693359375
0.0207881927490234 -0.0263919830322266 0.1505126953125 -0.505767822265625
-0.0138969421386719 -0.00470638275146484 -0.305206298828125 -0.31927490234375
-0.0187511444091797 0.016448974609375 -0.323699951171875 0.0659179687500001
0.00174140930175781 0.00911426544189453 -0.152053833007813 0.20947265625
0.00856971740722656 -0.00122976303100586 0.025909423828125 0.163406372070313
-0.0103082656860352 0.00821208953857422 0.110198974609375 0.0461044311523438
-0.00721502304077149 0.00165081024169922 -0.100364685058594 -0.0715179443359375
0.00940895080566406 0.00226020812988281 0.00849914550781248 -0.162979125976563
0.00757694244384766 0.00673961639404297 0.196136474609375 -0.154067993164063
-0.0106639862060547 0.0173835754394531 0.3602294921875 0.031402587890625
-0.0154485702514648 0.00744915008544922 0.236083984375 0.377685546875
0.0122776031494141 -0.0328807830810547 -0.152191162109375 0.48248291015625
0.0348033905029297 -0.0110702514648438 -0.3590087890625 0.19915771484375
0.0593223571777344 0.0184173583984375 0.00872039794921875 0.0302066802978516
0.0548362731933594 -0.0160903930664063 0.397552490234375 -0.176239013671875
0.0231533050537109 -0.0276451110839844 0.170654296875 -0.499786376953125
-0.0119171142578125 -0.00513458251953125 -0.294097900390625 -0.3338623046875
-0.015681266784668 0.0167455673217773 -0.327880859375 0.053558349609375
0.00132083892822266 0.0110111236572266 -0.159088134765625 0.205886840820313
0.00752162933349609 -0.00189304351806641 0.0222015380859375 0.166427612304688
-0.00928211212158203 0.00589084625244141 0.108985900878906 0.048828125
-0.00648736953735352 -0.00166654586791992 -0.102394104003906 -0.0689697265625
0.00874137878417969 0.000406265258789063 0.00390625000000001 -0.161529541015625
0.00802803039550781 0.00649213790893555 0.18817138671875 -0.160507202148438
-0.00652885437011719 0.0188617706298828 0.356414794921875 0.01641845703125
-0.0132942199707031 0.0101852416992187 0.25030517578125 0.3646240234375
0.00836753845214844 -0.0319423675537109 -0.134429931640625 0.48748779296875
0.0285415649414063 -0.0128612518310547 -0.3597412109375 0.212249755859375
0.0537567138671875 0.0164985656738281 -0.00700950622558594 0.0331592559814453
0.0520553588867188 -0.0153388977050781 0.4002685546875 -0.15814208984375
0.0233383178710937 -0.0270099639892578 0.192962646484375 -0.494384765625
-0.00829696655273438 -0.00367450714111328 -0.283935546875 -0.3475341796875
-0.0123386383056641 0.0183029174804688 -0.332305908203125 0.039581298828125
0.00374507904052734 0.0116415023803711 -0.167236328125 0.200180053710937
0.00726318359375 -0.00450229644775391 0.0180511474609375 0.168045043945313
-0.00872421264648438 0.00085878372192383 0.106590270996094 0.05072021484375
-0.00723361968994141 -0.0051875114440918 -0.103416442871094 -0.067596435546875
0.0078592300415039 -0.00307321548461914 0.00024414062499999 -0.1632080078125
0.0102167129516602 0.00558662414550781 0.180496215820313 -0.1676025390625
-0.00167465209960937 0.0212116241455078 0.352996826171875 0.003936767578125
-0.00933265686035156 0.0144729614257812 0.25897216796875 0.354217529296875
0.00370979309082031 -0.0273704528808594 -0.116302490234375 0.490234375
0.0174112319946289 -0.0123710632324219 -0.356964111328125 0.223052978515625
0.0430526733398437 0.014556884765625 -0.0189628601074219 0.0359725952148438
0.0452995300292969 -0.0134124755859375 0.4013671875 -0.14117431640625
0.0209007263183594 -0.0226631164550781 0.211517333984375 -0.48663330078125
-0.00600433349609375 -0.000450134277343751 -0.27081298828125 -0.359588623046875
-0.008697509765625 0.0198192596435547 -0.336822509765625 0.0274963378906251
0.0058135986328125 0.0117378234863281 -0.172271728515625 0.193817138671875
0.00780725479125977 -0.0073542594909668 0.0146942138671875 0.167877197265625
-0.0081634521484375 -0.0023961067199707 0.106208801269531 0.0515365600585938
-0.00792217254638672 -0.00857114791870118 -0.104263305664063 -0.0677032470703125
0.00837039947509766 -0.00599765777587891 -0.00286865234374999 -0.1644287109375
0.0123205184936523 0.00429248809814453 0.173049926757812 -0.172500610351563
0.00269508361816406 0.0215969085693359 0.349639892578125 -0.004852294921875
-0.00632286071777344 0.0197792053222656 0.2646484375 0.347564697265625
0.000867843627929688 -0.0207309722900391 -0.106109619140625 0.494110107421875
0.00697135925292969 -0.00992965698242188 -0.355194091796875 0.23193359375
0.0291385650634766 0.0113430023193359 -0.0254592895507812 0.0406455993652344
0.0352287292480469 -0.0109939575195313 0.404449462890625 -0.129364013671875
0.0173053741455078 -0.0175857543945312 0.226715087890625 -0.480255126953125
-0.00371527671813965 0.00428271293640137 -0.262359619140625 -0.36944580078125
-0.00409507751464844 0.0203018188476563 -0.3380126953125 0.0162048339843751
0.00688552856445312 0.0119771957397461 -0.17724609375 0.187347412109375
0.0081939697265625 -0.00850820541381836 0.013214111328125 0.165878295898438
-0.00747251510620117 -0.00541591644287109 0.106307983398438 0.0514373779296875
-0.00801467895507813 -0.00927543640136719 -0.105010986328125 -0.0672454833984375
0.00921821594238281 -0.00826358795166016 -0.00288391113281249 -0.166305541992188
0.0131750106811523 0.00269126892089844 0.169540405273437 -0.175796508789063
0.00545120239257813 0.0221099853515625 0.346923828125 -0.00799560546875
-0.00414657592773437 0.0224361419677734 0.267547607421875 0.346038818359375
-0.00344181060791016 -0.0145282745361328 -0.10205078125 0.4976806640625
-0.00417280197143555 -0.0051884651184082 -0.353424072265625 0.2386474609375
0.0134963989257813 0.0106306076049805 -0.0251502990722656 0.0438385009765625
0.0239009857177734 -0.00901031494140625 0.40838623046875 -0.124969482421875
0.0128536224365234 -0.0112628936767578 0.234771728515625 -0.478790283203125
-0.00328445434570312 0.00902175903320313 -0.25811767578125 -0.37152099609375
-0.000978469848632815 0.0217685699462891 -0.34014892578125 0.01214599609375
0.00881481170654297 0.011347770690918 -0.179397583007812 0.183303833007813
0.00959682464599609 -0.0102434158325195 0.0141143798828125 0.162689208984375
-0.00681734085083008 -0.00592708587646484 0.10614013671875 0.0499801635742187
-0.00870132446289063 -0.0101699829101563 -0.106834411621094 -0.0669784545898437
0.0104866027832031 -0.00929546356201172 -0.002410888671875 -0.169479370117188
0.0142488479614258 0.00112628936767578 0.167434692382813 -0.179611206054688
0.00772857666015625 0.02288818359375 0.346343994140625 -0.012542724609375
-0.00239753723144532 0.0265064239501953 0.27301025390625 0.346343994140625
-0.00534248352050781 -0.00761890411376953 -0.09747314453125 0.50189208984375
-0.0141420364379883 4.57763671875026E-05 -0.3470458984375 0.2442626953125
-0.000671386718750001 0.01043701171875 -0.0178031921386719 0.0477294921875
0.0123558044433594 -0.00707244873046875 0.411224365234375 -0.132965087890625
0.00790596008300781 -0.0055546760559082 0.224639892578125 -0.48284912109375
-0.00300979614257812 0.0135631561279297 -0.268829345703125 -0.36614990234375
0.00116157531738281 0.0216732025146484 -0.341094970703125 0.0189208984375
0.0107192993164063 0.00906848907470703 -0.175155639648438 0.1837158203125
0.0110158920288086 -0.0124683380126953 0.01849365234375 0.160003662109375
-0.00720357894897461 -0.00676965713500977 0.108406066894531 0.04736328125
-0.00947666168212891 0.00822544097900391 -0.1015625 -0.0757598876953125
0.0138845443725586 0.00489521026611328 0.0135955810546875 -0.16571044921875
0.00585031509399414 0.00661849975585937 0.206069946289063 -0.146835327148438
-0.0163040161132813 0.0164995193481445 0.36395263671875 0.05352783203125
-0.0179252624511719 0.00697517395019531 0.214874267578125 0.397491455078125
0.0136222839355469 -0.0289344787597656 -0.18377685546875 0.476226806640625
0.0329017639160156 -0.00274085998535156 -0.353790283203125 0.181243896484375
0.0515594482421875 0.0223007202148437 0.0413818359375 0.0293998718261719
0.0473175048828125 -0.0128288269042969 0.399444580078125 -0.207550048828125
0.0170364379882813 -0.0238513946533203 0.13116455078125 -0.510528564453125
-0.0148849487304688 -0.00215339660644531 -0.319122314453125 -0.30426025390625
-0.0193824768066406 0.0162239074707031 -0.31915283203125 0.07952880859375
0.00296878814697266 0.00777196884155273 -0.143310546875 0.213607788085937
0.00897884368896485 -0.000249862670898438 0.0328826904296875 0.160934448242188
-0.0110635757446289 0.0116147994995117 0.11334228515625 0.0426483154296875
-0.00805187225341797 0.0051732063293457 -0.101402282714844 -0.0729446411132813
0.011723518371582 0.00423622131347656 0.01104736328125 -0.163681030273438
0.00571918487548828 0.00638723373413086 0.201919555664062 -0.151290893554688
-0.0138473510742188 0.0171279907226563 0.363250732421875 0.04095458984375
-0.0167484283447266 0.00602912902832031 0.227874755859375 0.387359619140625
0.0133819580078125 -0.03302001953125 -0.167755126953125 0.480743408203125
0.0376625061035156 -0.00786590576171875 -0.355377197265625 0.190155029296875
0.0585556030273438 0.0207405090332031 0.0257091522216797 0.0293216705322266
0.0527992248535156 -0.0162506103515625 0.398345947265625 -0.195556640625
0.0198135375976563 -0.0263748168945313 0.1463623046875 -0.508758544921875
-0.0138025283813477 -0.00463199615478516 -0.309417724609375 -0.31719970703125
-0.0185127258300781 0.0164756774902344 -0.323974609375 0.069732666015625
0.00231075286865234 0.00870275497436523 -0.14996337890625 0.212020874023437
0.00852251052856445 -0.000945568084716797 0.0285491943359375 0.164108276367187
-0.0102519989013672 0.00889110565185547 0.111282348632813 0.0456008911132813
-0.00717353820800781 0.00173425674438477 -0.101760864257813 -0.0711288452148438
0.0100650787353516 0.00224781036376953 0.005828857421875 -0.163436889648438
0.00753307342529297 0.00749826431274414 0.194137573242188 -0.158111572265625
-0.0105781555175781 0.0181121826171875 0.36212158203125 0.026763916015625
-0.0146703720092773 0.00731658935546875 0.24127197265625 0.375946044921875
0.0114326477050781 -0.0333003997802734 -0.147552490234375 0.48687744140625
0.0347328186035156 -0.0114612579345703 -0.357818603515625 0.203094482421875
0.0593643188476563 0.0184707641601563 0.00883674621582031 0.0308570861816406
0.0547218322753906 -0.0161361694335938 0.39794921875 -0.180999755859375
0.0225238800048828 -0.0279674530029297 0.165802001953125 -0.503326416015625
-0.0112476348876953 -0.00548267364501953 -0.298004150390625 -0.330169677734375
-0.0157604217529297 0.0175361633300781 -0.328216552734375 0.0565185546875
0.00200176239013672 0.0102910995483398 -0.1578369140625 0.207962036132813
0.00751113891601563 -0.00174427032470703 0.024444580078125 0.166580200195312
-0.00913810729980469 0.00653171539306641 0.109519958496094 0.0487442016601563
-0.00660324096679687 -0.00173711776733399 -0.103263854980469 -0.0688400268554688
0.00899124145507813 -0.00104427337646484 0.0020294189453125 -0.162994384765625
0.00843715667724609 0.00621795654296875 0.18609619140625 -0.164443969726563
-0.00561332702636719 0.0202903747558594 0.3587646484375 0.0115966796875
-0.0134267807006836 0.0107078552246094 0.25494384765625 0.36126708984375
0.00798225402832031 -0.0321636199951172 -0.127593994140625 0.49078369140625
0.0285186767578125 -0.0137825012207031 -0.35888671875 0.217041015625
0.0538139343261719 0.0161705017089844 -0.00674629211425781 0.0334110260009766
0.0522804260253906 -0.0158271789550781 0.39849853515625 -0.163360595703125
0.0221900939941406 -0.0275440216064453 0.185638427734375 -0.497161865234375
-0.00809907913208008 -0.00392246246337891 -0.287322998046875 -0.345672607421875
-0.0119819641113281 0.0183181762695313 -0.333343505859375 0.0433349609375001
0.00390052795410156 0.0115385055541992 -0.164169311523438 0.202178955078125
0.00697708129882812 -0.00424051284790039 0.0206756591796875 0.168609619140625
-0.00794219970703125 0.00239706039428711 0.1080322265625 0.04931640625
-0.00681734085083008 -0.0052342414855957 -0.104873657226563 -0.0673141479492187
0.00857400894165039 -0.00362491607666016 -0.00193786621093749 -0.164443969726563
0.0104866027832031 0.00560760498046875 0.178466796875 -0.17059326171875
-0.000694274902343751 0.0204639434814453 0.354736328125 -0.001495361328125
-0.00909042358398437 0.0143718719482422 0.26611328125 0.351104736328125
0.00523567199707031 -0.0276699066162109 -0.11053466796875 0.494537353515625
0.0190906524658203 -0.0122241973876953 -0.35589599609375 0.227325439453125
0.0433502197265625 0.0136947631835938 -0.0188407897949219 0.0365867614746094
0.0452995300292969 -0.0141525268554687 0.400909423828125 -0.14654541015625
0.0205535888671875 -0.0241794586181641 0.2078857421875 -0.49066162109375
-0.0061335563659668 -0.00074291229248047 -0.276153564453125 -0.357757568359375
-0.00712013244628906 0.0190448760986328 -0.336883544921875 0.03045654296875
0.005279541015625 0.011073112487793 -0.171142578125 0.19696044921875
0.00675868988037109 -0.00696420669555664 0.0167083740234375 0.168502807617188
-0.00714778900146484 -0.00131082534790039 0.107734680175781 0.0517349243164062
-0.00651168823242187 -0.00720548629760742 -0.105453491210938 -0.0663070678710938
0.00875186920166016 -0.00680685043334961 -0.00415039062500001 -0.165557861328125
0.0124225616455078 0.00476837158203125 0.172775268554688 -0.175811767578125
0.00309181213378906 0.0218925476074219 0.3511962890625 -0.010650634765625
-0.00554847717285156 0.0188827514648438 0.270904541015625 0.34503173828125
0.00123786926269531 -0.0208263397216797 -0.099212646484375 0.495819091796875
0.00599765777587891 -0.00905227661132813 -0.354034423828125 0.23699951171875
0.0287570953369141 0.0125579833984375 -0.0261688232421875 0.041107177734375
0.0352973937988281 -0.0112342834472656 0.404296875 -0.13336181640625
0.0166378021240234 -0.0181179046630859 0.2235107421875 -0.484588623046875
-0.00254607200622559 0.00369095802307129 -0.26739501953125 -0.367340087890625
-0.00309371948242187 0.0215053558349609 -0.33905029296875 0.020263671875
0.00772476196289062 0.0117635726928711 -0.175888061523438 0.190032958984375
0.00806522369384766 -0.00914859771728516 0.0154571533203125 0.166778564453125
-0.00743627548217773 -0.00365877151489258 0.107337951660156 0.0517044067382812
-0.00694656372070312 -0.00894737243652344 -0.107025146484375 -0.066497802734375
0.00906562805175781 -0.00799369812011719 -0.0054779052734375 -0.168350219726563
0.013667106628418 0.00245857238769531 0.169647216796875 -0.179168701171875
0.00540924072265625 0.0224514007568359 0.348480224609375 -0.012939453125
-0.00261116027832031 0.0223617553710938 0.271514892578125 0.34326171875
-0.00171279907226563 -0.0144577026367187 -0.0975341796875 0.499847412109375
-0.00410985946655274 -0.00543880462646484 -0.35284423828125 0.24200439453125
0.014063835144043 0.0102958679199219 -0.0254669189453125 0.0442848205566406
0.0233516693115234 -0.00871086120605469 0.409271240234375 -0.128631591796875
0.0122060775756836 -0.0118875503540039 0.230194091796875 -0.4825439453125
-0.00332784652709961 0.00799798965454102 -0.264892578125 -0.370025634765625
-0.000364303588867189 0.0226364135742188 -0.342132568359375 0.016510009765625
0.00908374786376953 0.0101079940795898 -0.178421020507813 0.186233520507813
0.00995349884033203 -0.0111875534057617 0.015899658203125 0.163848876953125
-0.00629901885986328 -0.00637340545654297 0.108856201171875 0.0497817993164063
-0.0085906982421875 -0.00944328308105469 -0.108428955078125 -0.0668182373046875
0.0100383758544922 -0.00960731506347656 -0.00547790527343751 -0.170547485351563
0.0139932632446289 0.00177574157714844 0.165542602539063 -0.183273315429688
0.00783348083496094 0.0234603881835938 0.34765625 -0.0174560546875
-0.00251960754394531 0.0259799957275391 0.27740478515625 0.343353271484375
-0.00557041168212891 -0.0083155632019043 -0.09161376953125 0.503204345703125
-0.0133457183837891 0.000547409057617186 -0.34637451171875 0.248443603515625
-0.000914573669433592 0.0111179351806641 -0.0170555114746094 0.0482368469238281
0.0121965408325195 -0.00697231292724609 0.41217041015625 -0.137359619140625
0.00840568542480469 -0.00614500045776367 0.2210693359375 -0.48687744140625
-0.00248432159423828 0.0132627487182617 -0.272552490234375 -0.3638916015625
0.00143814086914062 0.0224170684814453 -0.34173583984375 0.023223876953125
0.0105266571044922 0.00855255126953125 -0.174163818359375 0.185791015625
0.0107221603393555 -0.0134811401367188 0.02032470703125 0.159759521484375
-0.00614452362060547 -0.00557041168212891 0.109771728515625 0.04620361328125
-0.00878143310546875 0.00772476196289062 -0.103363037109375 -0.075225830078125
0.0135955810546875 0.00514698028564453 0.0122222900390625 -0.166595458984375
0.00590133666992187 0.00604629516601562 0.204681396484375 -0.150344848632813
-0.0161905288696289 0.0168466567993164 0.366790771484375 0.049072265625
-0.0172338485717773 0.00683212280273438 0.2203369140625 0.395599365234375
0.0137119293212891 -0.0291099548339844 -0.17852783203125 0.479461669921875
0.0334911346435547 -0.00313949584960937 -0.351806640625 0.184844970703125
0.0516510009765625 0.0225028991699219 0.0412673950195313 0.0294914245605469
0.0470352172851563 -0.0136222839355469 0.398712158203125 -0.211334228515625
0.0165176391601563 -0.0240592956542969 0.126007080078125 -0.51312255859375
-0.0148506164550781 -0.00265789031982422 -0.32281494140625 -0.300140380859375
-0.0181999206542969 0.0167407989501953 -0.319488525390625 0.084320068359375
0.00319957733154297 0.00776529312133789 -0.140731811523438 0.215423583984375
0.00912380218505859 -0.00128746032714844 0.0344696044921875 0.16070556640625
-0.0115871429443359 0.0124435424804687 0.11407470703125 0.0421218872070312
-0.00765657424926758 0.00559902191162109 -0.103080749511719 -0.0727157592773438
0.0121784210205078 0.00430488586425781 0.00849914550781251 -0.165390014648438
0.00610113143920899 0.00698232650756836 0.2008056640625 -0.155166625976563
-0.0135917663574219 0.0176525115966797 0.365386962890625 0.0352783203125
-0.0163593292236328 0.00608062744140625 0.23272705078125 0.385284423828125
0.0133247375488281 -0.0336894989013672 -0.16131591796875 0.484222412109375
0.0373916625976563 -0.00807952880859375 -0.354949951171875 0.194976806640625
0.0586395263671875 0.0205154418945313 0.0251350402832031 0.0299072265625
0.0525054931640625 -0.0160484313964844 0.397125244140625 -0.19964599609375
0.0198707580566406 -0.0280723571777344 0.141448974609375 -0.51116943359375
-0.0133399963378906 -0.00467491149902344 -0.31396484375 -0.31341552734375
-0.0172901153564453 0.0181026458740234 -0.323211669921875 0.07342529296875
0.00279998779296875 0.0089111328125 -0.147659301757813 0.213424682617188
0.0079507827758789 -0.00115728378295898 0.0308074951171875 0.164260864257813
-0.0104103088378906 0.00977039337158203 0.1124267578125 0.0449295043945313
-0.00702095031738281 0.00177145004272461 -0.103225708007813 -0.0696945190429688
0.0112104415893555 0.00151443481445312 0.003692626953125 -0.16326904296875
0.00760555267333984 0.00745248794555664 0.1929931640625 -0.160568237304688
-0.0101776123046875 0.0183773040771484 0.363739013671875 0.021881103515625
-0.0143032073974609 0.0074462890625 0.247314453125 0.373321533203125
0.0119514465332031 -0.0343551635742188 -0.14093017578125 0.4884033203125
0.035247802734375 -0.0114517211914063 -0.355712890625 0.2078857421875
0.0594291687011719 0.0188865661621094 0.00835227966308594 0.0308704376220703
0.0545692443847656 -0.0164527893066406 0.39617919921875 -0.18505859375
0.0217304229736328 -0.0291194915771484 0.161224365234375 -0.5057373046875
-0.0112714767456055 -0.00555038452148438 -0.30340576171875 -0.328887939453125
-0.0145378112792969 0.0180702209472656 -0.32891845703125 0.0615539550781251
0.00264358520507813 0.0102348327636719 -0.152389526367188 0.209976196289062
0.00715494155883789 -0.00226593017578125 0.026153564453125 0.167312622070313
-0.00814533233642578 0.00697708129882813 0.111366271972656 0.0476531982421875
-0.00643348693847656 -0.00142240524291992 -0.104583740234375 -0.068572998046875
0.00951671600341797 -0.000852584838867188 -0.000518798828124984 -0.164443969726563
0.00971889495849609 0.00707626342773437 0.185012817382813 -0.168182373046875
-0.0048675537109375 0.0204238891601563 0.360260009765625 0.006011962890625
-0.0122480392456055 0.0104541778564453 0.260528564453125 0.358642578125
0.00897789001464844 -0.0328502655029297 -0.12237548828125 0.491546630859375
0.0284843444824219 -0.0129909515380859 -0.355682373046875 0.2205810546875
0.0548782348632812 0.0158538818359375 -0.00738906860351562 0.0344123840332031
0.0509910583496094 -0.0170021057128906 0.39801025390625 -0.167694091796875
0.0221767425537109 -0.0284214019775391 0.1824951171875 -0.499725341796875
-0.00830173492431641 -0.00452947616577148 -0.291656494140625 -0.3428955078125
-0.0107803344726562 0.0190811157226563 -0.33319091796875 0.0477905273437499
0.00356006622314453 0.0109720230102539 -0.162643432617188 0.205047607421875
0.00679492950439453 -0.00418233871459961 0.022216796875 0.16925048828125
-0.00763416290283203 0.00251340866088867 0.109649658203125 0.0497207641601563
-0.00643634796142578 -0.00447225570678711 -0.10614013671875 -0.0666275024414063
0.00935935974121094 -0.00392055511474609 -0.00456237792968749 -0.164871215820312
0.0109958648681641 0.00551414489746094 0.176406860351563 -0.173980712890625
-0.000507354736328126 0.02142333984375 0.355926513671875 -0.0054931640625
-0.0088968276977539 0.0142288208007813 0.271270751953125 0.34722900390625
0.00436210632324219 -0.0276279449462891 -0.1051025390625 0.4945068359375
0.0189456939697266 -0.0112075805664063 -0.354736328125 0.232696533203125
0.0429039001464844 0.0133171081542969 -0.0197067260742187 0.03729248046875
0.04425048828125 -0.01458740234375 0.399627685546875 -0.15093994140625
0.0210132598876953 -0.0245304107666016 0.20355224609375 -0.4923095703125
-0.0063471794128418 -0.0015711784362793 -0.279296875 -0.355987548828125
-0.00643157958984375 0.0199451446533203 -0.33685302734375 0.035186767578125
0.00577068328857422 0.0120220184326172 -0.169036865234375 0.199462890625
0.00706958770751953 -0.0070643424987793 0.02008056640625 0.16876220703125
-0.00713300704956055 -0.00072622299194336 0.108695983886719 0.0503997802734375
-0.00694799423217773 -0.00726556777954101 -0.107711791992188 -0.06585693359375
0.00887680053710938 -0.00615692138671875 -0.00682067871093749 -0.166168212890625
0.0124540328979492 0.00413894653320313 0.170211791992188 -0.178848266601563
0.002777099609375 0.0225315093994141 0.351470947265625 -0.014923095703125
-0.00597190856933594 0.0176773071289063 0.2762451171875 0.341827392578125
0.000621795654296876 -0.02191162109375 -0.0943603515625 0.497955322265625
0.007659912109375 -0.0088653564453125 -0.351593017578125 0.240875244140625
0.0292339324951172 0.0123577117919922 -0.0254859924316406 0.0416259765625
0.0345287322998047 -0.0126361846923828 0.4027099609375 -0.138916015625
0.0167217254638672 -0.0182456970214844 0.2183837890625 -0.486968994140625
-0.00376796722412109 0.0032656192779541 -0.27252197265625 -0.364959716796875
-0.0030059814453125 0.0213356018066406 -0.34033203125 0.024505615234375
0.00825786590576172 0.0119256973266602 -0.17376708984375 0.192977905273437
0.0077667236328125 -0.00940036773681641 0.0171966552734375 0.16729736328125
-0.00697469711303711 -0.0039215087890625 0.108619689941406 0.050506591796875
-0.00788259506225586 -0.0079197883605957 -0.109077453613281 -0.0656814575195313
0.00930118560791016 -0.00923538208007813 -0.00727844238281249 -0.168289184570313
0.0129222869873047 0.00268363952636719 0.166656494140625 -0.182296752929688
0.006744384765625 0.02252197265625 0.35015869140625 -0.01904296875
-0.00242996215820313 0.0230045318603516 0.2783203125 0.340667724609375
-0.00213241577148437 -0.0146884918212891 -0.09027099609375 0.5003662109375
-0.00354290008544922 -0.0043184757232666 -0.3492431640625 0.245697021484375
0.0140972137451172 0.0105562210083008 -0.0254440307617187 0.0449905395507813
0.0228462219238281 -0.00934791564941406 0.40789794921875 -0.13226318359375
0.0121345520019531 -0.0127096176147461 0.224151611328125 -0.484588623046875
-0.0025944709777832 0.00751590728759766 -0.270477294921875 -0.367218017578125
-0.000720977783203127 0.0218601226806641 -0.34185791015625 0.0208740234375
0.00922679901123047 0.0107564926147461 -0.175796508789063 0.188995361328125
0.00900363922119141 -0.011256217956543 0.0189208984375 0.164886474609375
-0.00689125061035156 -0.00566244125366211 0.109977722167969 0.0491943359375
-0.00808906555175781 -0.00850677490234375 -0.1097412109375 -0.0655517578125
0.0100278854370117 -0.0101461410522461 -0.008148193359375 -0.170425415039063
0.0146083831787109 0.000903129577636719 0.163619995117188 -0.186767578125
0.00854301452636719 0.0237827301025391 0.34912109375 -0.022796630859375
-0.000648498535156249 0.0261764526367188 0.28369140625 0.338714599609375
-0.00462532043457031 -0.00799417495727539 -0.085723876953125 0.505157470703125
-0.0135316848754883 0.000758171081542971 -0.34368896484375 0.25390625
7.43865966796875E-05 0.0104131698608398 -0.0172195434570312 0.0479545593261719
0.0122470855712891 -0.00698089599609375 0.412567138671875 -0.14105224609375
0.00713634490966797 -0.00629997253417969 0.215789794921875 -0.489959716796875
-0.00215530395507813 0.0124711990356445 -0.277984619140625 -0.360015869140625
0.00281715393066406 0.0222492218017578 -0.3428955078125 0.0262451171875
0.0108346939086914 0.00912570953369141 -0.171737670898438 0.189239501953125
0.0107107162475586 -0.011906623840332 0.022125244140625 0.161285400390625
-0.00636625289916992 -0.0053715705871582 0.111030578613281 0.045654296875
-0.00852108001708984 0.00775241851806641 -0.104568481445312 -0.0738601684570313
0.0142097473144531 0.00411319732666016 0.00962829589843749 -0.167678833007813
0.00591230392456055 0.00606489181518555 0.203048706054687 -0.154129028320312
-0.0151281356811523 0.0166387557983398 0.366943359375 0.0443115234375
-0.0173358917236328 0.00708770751953125 0.225860595703125 0.392913818359375
0.0133705139160156 -0.0297889709472656 -0.173309326171875 0.480438232421875
0.0336132049560547 -0.00367164611816406 -0.350372314453125 0.188873291015625
0.05255126953125 0.0223159790039063 0.0407066345214844 0.0291748046875
0.0468215942382813 -0.0138282775878906 0.39666748046875 -0.214324951171875
0.0162563323974609 -0.0246543884277344 0.11968994140625 -0.5142822265625
-0.0147705078125 -0.0028839111328125 -0.3258056640625 -0.29705810546875
-0.0181617736816406 0.0173320770263672 -0.3187255859375 0.08709716796875
0.00231552124023438 0.00772476196289063 -0.1370849609375 0.217193603515625
0.00922298431396484 -0.000899314880371094 0.036712646484375 0.16064453125
-0.010162353515625 0.0134201049804688 0.11572265625 0.0412750244140625
-0.0081782341003418 0.00606918334960937 -0.105079650878906 -0.071014404296875
0.0116329193115234 0.00396823883056641 0.00540161132812499 -0.16522216796875
0.00658273696899414 0.0071415901184082 0.199172973632813 -0.159027099609375
-0.0131397247314453 0.0184535980224609 0.366455078125 0.031494140625
-0.0161924362182617 0.00595283508300781 0.239227294921875 0.381683349609375
0.0132465362548828 -0.0340461730957031 -0.15673828125 0.48486328125
0.0372467041015625 -0.00765609741210938 -0.353240966796875 0.19775390625
0.0595588684082031 0.0208625793457031 0.0263938903808594 0.0288066864013672
0.0523757934570312 -0.0167999267578125 0.394500732421875 -0.203521728515625
0.0196075439453125 -0.0286121368408203 0.1373291015625 -0.512176513671875
-0.0127029418945312 -0.00454044342041016 -0.31707763671875 -0.310272216796875
-0.0165195465087891 0.0170154571533203 -0.3228759765625 0.0771484375
0.00224208831787109 0.00930118560791016 -0.145111083984375 0.216461181640625
0.00801277160644531 -0.0014491081237793 0.032745361328125 0.16448974609375
-0.00927066802978515 0.0108194351196289 0.113609313964844 0.04437255859375
-0.00643396377563477 0.00301551818847656 -0.105293273925781 -0.06939697265625
0.010310173034668 0.00147438049316406 0.0019378662109375 -0.165054321289062
0.00750112533569336 0.00675678253173828 0.191070556640625 -0.1630859375
-0.00976371765136719 0.0191574096679688 0.36376953125 0.016204833984375
-0.0146780014038086 0.00648021697998047 0.253021240234375 0.369720458984375
0.0111351013183594 -0.0350265502929687 -0.1356201171875 0.48883056640625
0.0350742340087891 -0.0116539001464844 -0.351959228515625 0.21307373046875
0.0589523315429688 0.0175895690917969 0.00833129882812501 0.0302639007568359
0.0537261962890625 -0.0167274475097656 0.394439697265625 -0.188079833984375
0.021392822265625 -0.0295333862304688 0.156005859375 -0.509857177734375
-0.0111904144287109 -0.00603580474853515 -0.308135986328125 -0.326019287109375
-0.0148296356201172 0.0183601379394531 -0.328521728515625 0.064605712890625
0.00261211395263672 0.0100259780883789 -0.152359008789063 0.212158203125
0.00608968734741211 -0.002960205078125 0.0282745361328125 0.167510986328125
-0.00855159759521484 0.00778627395629883 0.111228942871094 0.0467910766601563
-0.00684452056884766 -0.000258445739746095 -0.105705261230469 -0.0665740966796875
0.00976848602294922 -0.0018157958984375 -0.00373840332031249 -0.164321899414063
0.00932502746582031 0.00683212280273437 0.18292236328125 -0.170059204101563
-0.00493049621582031 0.0211353302001953 0.36083984375 0.001434326171875
-0.011622428894043 0.0107660293579102 0.265380859375 0.3560791015625
0.00814056396484375 -0.0334014892578125 -0.117218017578125 0.492218017578125
0.0281772613525391 -0.0121841430664063 -0.353668212890625 0.22479248046875
0.0542869567871094 0.0164718627929688 -0.00766563415527343 0.0340118408203125
0.051422119140625 -0.0173873901367187 0.396820068359375 -0.1700439453125
0.0217056274414062 -0.0284671783447266 0.177398681640625 -0.500885009765625
-0.00776243209838867 -0.00386762619018555 -0.29669189453125 -0.340301513671875
-0.0102519989013672 0.0186786651611328 -0.333251953125 0.0518798828125001
0.00367927551269531 0.0115032196044922 -0.160324096679688 0.207870483398437
0.0064544677734375 -0.00477123260498047 0.0252227783203125 0.169769287109375
-0.00775957107543945 0.0037236213684082 0.110092163085938 0.0486679077148438
-0.00731801986694336 -0.00369167327880859 -0.10748291015625 -0.0651016235351562
0.00933361053466797 -0.004425048828125 -0.00686645507812501 -0.1649169921875
0.0114498138427734 0.00559616088867187 0.175704956054688 -0.176895141601563
-0.000738143920898437 0.0217990875244141 0.35589599609375 -0.01092529296875
-0.00746440887451172 0.0141582489013672 0.27655029296875 0.3447265625
0.00380134582519531 -0.0284442901611328 -0.099578857421875 0.495819091796875
0.0185642242431641 -0.0128002166748047 -0.351165771484375 0.2344970703125
0.0444297790527344 0.0141220092773438 -0.0194282531738281 0.0373725891113281
0.0442085266113281 -0.0151252746582031 0.398895263671875 -0.154510498046875
0.0210838317871094 -0.0242443084716797 0.198486328125 -0.4951171875
-0.00523519515991211 -0.000778198242187501 -0.283935546875 -0.3531494140625
-0.00661849975585937 0.0205707550048828 -0.336700439453125 0.039093017578125
0.00655651092529297 0.0119962692260742 -0.166915893554688 0.201385498046875
0.00724315643310547 -0.00747251510620117 0.02178955078125 0.169036865234375
-0.00707006454467774 -0.00017690658569336 0.109817504882812 0.0498580932617187
-0.00742006301879883 -0.00692415237426758 -0.109237670898437 -0.0638351440429688
0.00787019729614258 -0.00657939910888672 -0.00926208496093752 -0.167129516601563
0.0126943588256836 0.00431251525878906 0.16754150390625 -0.182876586914063
0.00390434265136719 0.0227794647216797 0.3521728515625 -0.019927978515625
-0.0039520263671875 0.017578125 0.281890869140625 0.336944580078125
0.00130844116210937 -0.0222740173339844 -0.088134765625 0.49847412109375
0.00732803344726562 -0.00939750671386719 -0.348419189453125 0.245819091796875
0.0291423797607422 0.0126171112060547 -0.025115966796875 0.0409317016601563
0.0339717864990234 -0.0122642517089844 0.403167724609375 -0.14141845703125
0.0163116455078125 -0.0190448760986328 0.213623046875 -0.488922119140625
-0.00325417518615723 0.0028383731842041 -0.27545166015625 -0.361236572265625
-0.00271415710449219 0.0210952758789063 -0.33966064453125 0.029266357421875
0.00744438171386719 0.0114316940307617 -0.171722412109375 0.194427490234375
0.00741004943847656 -0.00877094268798828 0.0200958251953125 0.167938232421875
-0.00683355331420898 -0.00315380096435547 0.109573364257812 0.0489349365234375
-0.00759601593017578 -0.00826692581176758 -0.11053466796875 -0.0643539428710937
0.00954055786132813 -0.00899982452392578 -0.0098876953125 -0.168487548828125
0.0137348175048828 0.00217723846435547 0.164703369140625 -0.185043334960938
0.00726699829101563 0.0223236083984375 0.35003662109375 -0.0228271484375
-0.00322532653808594 0.0222053527832031 0.28277587890625 0.336944580078125
-0.00189304351806641 -0.0156488418579102 -0.0843505859375 0.50054931640625
-0.00364017486572266 -0.00411438941955566 -0.34716796875 0.250274658203125
0.0142822265625 0.0116376876831055 -0.0252876281738281 0.0454750061035156
0.0224800109863281 -0.0105838775634766 0.407440185546875 -0.136016845703125
0.012354850769043 -0.0135650634765625 0.219207763671875 -0.487762451171875
-0.00205087661743164 0.00771808624267578 -0.2730712890625 -0.36492919921875
0.000904083251953123 0.0220203399658203 -0.340911865234375 0.02459716796875
0.0097198486328125 0.0108575820922852 -0.173263549804688 0.19073486328125
0.00879764556884766 -0.0103969573974609 0.0199127197265625 0.164703369140625
-0.00691461563110352 -0.00441074371337891 0.110260009765625 0.0474472045898438
-0.00862598419189453 -0.00760841369628906 -0.111495971679688 -0.0652542114257812
0.0105915069580078 -0.0105981826782227 -0.0111236572265625 -0.1715087890625
0.0143070220947266 0.00139713287353516 0.160751342773438 -0.18975830078125
0.00924491882324219 0.0239543914794922 0.3499755859375 -0.0274658203125
3.81469726562493E-05 0.0255355834960938 0.28680419921875 0.335906982421875
-0.0051722526550293 -0.00874471664428711 -0.0796203613281249 0.5054931640625
-0.0127906799316406 0.000847816467285155 -0.340972900390625 0.257049560546875
0.000404357910156249 0.0114545822143555 -0.0175094604492188 0.0484848022460938
0.011601448059082 -0.00752544403076172 0.41064453125 -0.1444091796875
0.00735855102539063 -0.00702762603759766 0.211181640625 -0.492156982421875
-0.00151920318603516 0.0115489959716797 -0.28192138671875 -0.35888671875
0.00269126892089844 0.0233554840087891 -0.34307861328125 0.0311279296875001
0.0113859176635742 0.008880615234375 -0.170150756835938 0.19146728515625
0.0100736618041992 -0.0126152038574219 0.0249176025390625 0.161712646484375
-0.00576686859130859 -0.00454998016357422 0.111839294433594 0.0447769165039063
-0.00789642333984375 0.00897884368896484 -0.105827331542969 -0.0733795166015625
0.014613151550293 0.00425815582275391 0.00692749023437499 -0.167892456054688
0.00693321228027344 0.0059208869934082 0.201675415039063 -0.157485961914063
-0.0150327682495117 0.0175457000732422 0.3677978515625 0.039642333984375
-0.0167531967163086 0.0063009262084961 0.23193359375 0.3885498046875
0.013519287109375 -0.0306644439697266 -0.165863037109375 0.481964111328125
0.0342540740966797 -0.00304985046386719 -0.34857177734375 0.193115234375
0.0523147583007813 0.0222549438476562 0.0415229797363281 0.0290603637695313
0.04583740234375 -0.0142784118652344 0.394622802734375 -0.218353271484375
0.0166530609130859 -0.0250759124755859 0.11444091796875 -0.51544189453125
-0.0147905349731445 -0.0018606185913086 -0.329803466796875 -0.294281005859375
-0.0178413391113281 0.0175323486328125 -0.317626953125 0.091064453125
0.00260639190673828 0.00686359405517578 -0.1353759765625 0.21881103515625
0.00956916809082031 -0.00114536285400391 0.0395965576171875 0.161361694335938
-0.00921058654785156 0.013676643371582 0.115638732910156 0.0404815673828125
-0.00738620758056641 0.00665760040283203 -0.106208801269531 -0.070648193359375
0.0120420455932617 0.003387451171875 0.00239562988281251 -0.16583251953125
0.00713968276977539 0.0066981315612793 0.197036743164063 -0.161483764648438
-0.0125846862792969 0.0183620452880859 0.367095947265625 0.025360107421875
-0.0158319473266602 0.00620937347412109 0.245361328125 0.3785400390625
0.0135478973388672 -0.0344371795654297 -0.150390625 0.485595703125
0.0379753112792969 -0.00862884521484375 -0.350311279296875 0.200653076171875
0.0589523315429687 0.0205879211425781 0.0259304046630859 0.0286178588867188
0.0522079467773438 -0.0169334411621094 0.393585205078125 -0.206146240234375
0.0198230743408203 -0.0287437438964844 0.13165283203125 -0.51324462890625
-0.0131921768188477 -0.00580787658691406 -0.320892333984375 -0.3067626953125
-0.0168819427490234 0.0178508758544922 -0.322509765625 0.080963134765625
0.00250244140625 0.00902175903320313 -0.142974853515625 0.218307495117188
0.00752639770507813 -0.00185966491699219 0.0348358154296875 0.1649169921875
-0.00934505462646484 0.0104732513427734 0.114532470703125 0.0429000854492187
-0.00571250915527344 0.00248908996582031 -0.106086730957031 -0.0685272216796875
0.010650634765625 0.00103378295898438 -0.000442504882812504 -0.165252685546875
0.00862836837768555 0.00702571868896485 0.190505981445312 -0.166427612304688
-0.00979232788085937 0.0195941925048828 0.36492919921875 0.011566162109375
-0.0137052536010742 0.00695419311523437 0.257659912109375 0.3656005859375
0.0107955932617187 -0.0352935791015625 -0.1297607421875 0.489349365234375
0.0356101989746094 -0.0118293762207031 -0.351898193359375 0.21514892578125
0.0600051879882813 0.0184288024902344 0.00804901123046875 0.0313034057617187
0.0538406372070313 -0.0181541442871094 0.392974853515625 -0.19140625
0.0211086273193359 -0.0303287506103516 0.1514892578125 -0.510101318359375
-0.0108222961425781 -0.00554943084716797 -0.3099365234375 -0.321746826171875
-0.0140476226806641 0.0184822082519531 -0.32745361328125 0.06793212890625
0.00292015075683594 0.0105047225952148 -0.149948120117188 0.214309692382812
0.00704002380371094 -0.0031437873840332 0.03094482421875 0.167816162109375
-0.00818157196044922 0.00775432586669922 0.113243103027344 0.0460281372070313
-0.00637245178222656 -0.00051116943359375 -0.108131408691406 -0.0663909912109375
0.00897884368896484 -0.00150966644287109 -0.004669189453125 -0.165283203125
0.0099334716796875 0.00659275054931641 0.180526733398437 -0.174346923828125
-0.00468063354492188 0.0208473205566406 0.3612060546875 -0.003814697265625
-0.0110101699829102 0.0102243423461914 0.2705078125 0.35052490234375
0.00844955444335937 -0.0344562530517578 -0.11126708984375 0.49224853515625
0.0280551910400391 -0.0136032104492187 -0.3509521484375 0.228057861328125
0.0554542541503906 0.0163040161132813 -0.00811004638671875 0.0334758758544922
0.0512809753417969 -0.0177001953125 0.395843505859375 -0.17315673828125
0.0216312408447266 -0.0287799835205078 0.1727294921875 -0.50384521484375
-0.00850057601928711 -0.0042276382446289 -0.299713134765625 -0.336944580078125
-0.00990867614746094 0.0190143585205078 -0.332794189453125 0.0556640625000001
0.00448513031005859 0.0114307403564453 -0.157669067382813 0.209976196289062
0.00574922561645508 -0.00550508499145508 0.0278472900390625 0.168975830078125
-0.00689458847045899 0.0039525032043457 0.112167358398437 0.0476608276367187
-0.00638103485107422 -0.00414705276489258 -0.109130859375 -0.0643997192382813
0.00868558883666992 -0.00371694564819336 -0.00851440429687501 -0.16546630859375
0.0107698440551758 0.0046539306640625 0.172698974609375 -0.179397583007813
0.000898361206054687 0.0222492218017578 0.356719970703125 -0.015594482421875
-0.0078582763671875 0.0134668350219727 0.280609130859375 0.341705322265625
0.00401115417480469 -0.0289230346679688 -0.0938110351562501 0.497467041015625
0.0187320709228516 -0.0121307373046875 -0.348724365234375 0.23876953125
0.0438232421875 0.0136375427246094 -0.0199432373046875 0.0372543334960938
0.0436935424804688 -0.0156936645507813 0.39801025390625 -0.158355712890625
0.0192546844482422 -0.0252590179443359 0.193328857421875 -0.4976806640625
-0.00476884841918945 -0.00148200988769531 -0.287322998046875 -0.349334716796875
-0.00515937805175781 0.0201568603515625 -0.336639404296875 0.042999267578125
0.00575733184814453 0.0114097595214844 -0.164810180664063 0.203140258789063
0.00613975524902344 -0.00742101669311523 0.024810791015625 0.170166015625
-0.0062260627746582 7.53402709960941E-05 0.110343933105469 0.0492477416992188
-0.00665903091430664 -0.00614738464355469 -0.10992431640625 -0.0634231567382813
0.00919055938720703 -0.00712776184082031 -0.01171875 -0.16705322265625
0.0126934051513672 0.00377273559570313 0.166152954101562 -0.184173583984375
0.00490570068359375 0.0230007171630859 0.353271484375 -0.024627685546875
-0.00405311584472656 0.0183048248291016 0.286407470703125 0.3323974609375
0.000310897827148435 -0.0230712890625 -0.082122802734375 0.499053955078125
0.0072636604309082 -0.00817728042602539 -0.346343994140625 0.24835205078125
0.0289840698242188 0.012115478515625 -0.025115966796875 0.0414009094238281
0.0331611633300781 -0.0139064788818359 0.401580810546875 -0.14569091796875
0.0160617828369141 -0.0198745727539063 0.20843505859375 -0.49151611328125
-0.00227570533752441 0.00268077850341797 -0.2799072265625 -0.358734130859375
-0.00169181823730469 0.0217208862304688 -0.338897705078125 0.0325622558593749
0.00792407989501953 0.0112581253051758 -0.169403076171875 0.197586059570312
0.00726032257080078 -0.00928592681884765 0.022674560546875 0.167678833007813
-0.00673151016235352 -0.00309467315673828 0.11102294921875 0.0490646362304688
-0.00813961029052734 -0.00769710540771484 -0.111335754394531 -0.063446044921875
0.00929546356201172 -0.0096282958984375 -0.01251220703125 -0.168594360351563
0.01397705078125 0.00264739990234375 0.163330078125 -0.1881103515625
0.00724029541015625 0.023468017578125 0.350433349609375 -0.0284423828125
-0.00128555297851563 0.0223789215087891 0.28826904296875 0.332305908203125
-0.00160884857177734 -0.016301155090332 -0.07916259765625 0.501373291015625
-0.00299429893493652 -0.00290799140930176 -0.3441162109375 0.25341796875
0.0145759582519531 0.0116329193115234 -0.025787353515625 0.0460777282714844
0.0220127105712891 -0.0104274749755859 0.40533447265625 -0.138580322265625
0.0111808776855469 -0.0130147933959961 0.214599609375 -0.489501953125
-0.00213098526000977 0.00809383392333985 -0.277130126953125 -0.361907958984375
0.0017852783203125 0.0222740173339844 -0.342132568359375 0.027313232421875
0.00954532623291016 0.00997257232666016 -0.172225952148438 0.193023681640625
0.00828742980957031 -0.0111684799194336 0.0231475830078125 0.16510009765625
-0.00670671463012695 -0.00441837310791016 0.111221313476563 0.047210693359375
-0.0081634521484375 -0.00763225555419922 -0.112258911132813 -0.064239501953125
0.0105113983154297 -0.0106410980224609 -0.01226806640625 -0.17230224609375
0.0138950347900391 0.000955581665039063 0.159088134765625 -0.192306518554688
0.00999832153320313 0.0238456726074219 0.34991455078125 -0.03253173828125
-0.000207901000976563 0.0261611938476563 0.2919921875 0.3310546875
-0.00493907928466797 -0.00986957550048828 -0.0733642578125 0.505859375
-0.0124664306640625 0.00170993804931641 -0.338348388671875 0.2606201171875
0.000588417053222657 0.0114622116088867 -0.016876220703125 0.0488243103027344
0.0106296539306641 -0.00655460357666016 0.408843994140625 -0.14813232421875
0.00742578506469727 -0.00734233856201172 0.205291748046875 -0.4942626953125
-0.00134849548339844 0.0110540390014648 -0.285736083984375 -0.354766845703125
0.00371742248535156 0.0227527618408203 -0.342193603515625 0.03424072265625
0.0110635757446289 0.00890922546386719 -0.168380737304688 0.1929931640625
0.0103073120117188 -0.0125341415405273 0.0262451171875 0.161712646484375
-0.00570011138916016 -0.00448226928710937 0.112754821777344 0.0443801879882813
-0.00752973556518555 0.00877237319946289 -0.107162475585938 -0.0720062255859375
0.014552116394043 0.00319766998291016 0.00544738769531252 -0.1680908203125
0.00600337982177734 0.0048213005065918 0.199447631835938 -0.159652709960938
-0.0148220062255859 0.0180606842041016 0.367919921875 0.034149169921875
-0.0165214538574219 0.00673961639404297 0.23565673828125 0.385345458984375
0.0127277374267578 -0.0316352844238281 -0.161041259765625 0.48187255859375
0.0344715118408203 -0.00350189208984375 -0.345611572265625 0.19580078125
0.0520706176757813 0.021697998046875 0.0407981872558594 0.0283470153808594
0.0463752746582031 -0.0141944885253906 0.39166259765625 -0.220977783203125
0.0170059204101563 -0.0252037048339844 0.110015869140625 -0.51544189453125
-0.0150156021118164 -0.00216960906982422 -0.33282470703125 -0.2890625
-0.0171060562133789 0.0174427032470703 -0.3165283203125 0.0948791503906251
0.00253057479858398 0.00715255737304688 -0.132614135742188 0.220474243164063
0.00862741470336914 -0.0010833740234375 0.041900634765625 0.160781860351563
-0.00989532470703125 0.0143804550170898 0.116691589355469 0.0398101806640625
-0.00741767883300781 0.00705766677856445 -0.107513427734375 -0.0698623657226562
0.0128011703491211 0.00301170349121094 0.0008697509765625 -0.1666259765625
0.00682640075683594 0.00656843185424805 0.194992065429688 -0.163619995117188
-0.0121879577636719 0.0188827514648438 0.368408203125 0.020233154296875
-0.0154552459716797 0.00612163543701172 0.24908447265625 0.3743896484375
0.012969970703125 -0.0352935791015625 -0.1434326171875 0.487030029296875
0.0379753112792969 -0.0082550048828125 -0.347564697265625 0.204132080078125
0.0597076416015625 0.0193328857421875 0.0248908996582031 0.0292854309082031
0.051849365234375 -0.01690673828125 0.391265869140625 -0.210113525390625
0.0186443328857422 -0.0293045043945313 0.126617431640625 -0.513641357421875
-0.0134143829345703 -0.0045013427734375 -0.323394775390625 -0.30364990234375
-0.0157918930053711 0.0171775817871094 -0.3209228515625 0.0843505859375001
0.00201606750488281 0.0088348388671875 -0.140228271484375 0.219024658203125
0.00763416290283203 -0.0012507438659668 0.0371856689453125 0.164840698242188
-0.00856494903564453 0.0116672515869141 0.115852355957031 0.0428085327148438
-0.00625371932983399 0.00331020355224609 -0.107749938964844 -0.0673141479492187
0.0108022689819336 0.000934600830078125 -0.0031890869140625 -0.164810180664063
0.00809860229492188 0.00638532638549805 0.186477661132813 -0.169387817382812
-0.0076751708984375 0.0196475982666016 0.3662109375 0.00653076171875
-0.0136480331420898 0.00768280029296875 0.26177978515625 0.3629150390625
0.0115127563476563 -0.0368919372558594 -0.12530517578125 0.49053955078125
0.0356597900390625 -0.01153564453125 -0.34783935546875 0.218414306640625
0.06097412109375 0.0185050964355469 0.00783348083496094 0.0301380157470703
0.05364990234375 -0.0183525085449219 0.391448974609375 -0.196044921875
0.0211009979248047 -0.0304889678955078 0.145904541015625 -0.5107421875
-0.0114631652832031 -0.00646114349365234 -0.31396484375 -0.31842041015625
-0.0129070281982422 0.0171613693237305 -0.326202392578125 0.0722351074218751
0.00410079956054687 0.00995349884033203 -0.147445678710938 0.216796875
0.00590848922729492 -0.00228404998779297 0.0329437255859375 0.167877197265625
-0.00763416290283203 0.00894260406494141 0.113777160644531 0.0451431274414063
-0.00562667846679687 0.00047922134399414 -0.108306884765625 -0.0650863647460938
0.0102634429931641 -0.00114631652832031 -0.00730895996093749 -0.1650390625
0.00959300994873047 0.00679492950439453 0.178390502929688 -0.175872802734375
-0.00374031066894531 0.0210323333740234 0.36102294921875 -0.008514404296875
-0.010157585144043 0.00968265533447266 0.27435302734375 0.347869873046875
0.00814628601074218 -0.0332908630371094 -0.103759765625 0.493682861328125
0.0289535522460937 -0.0128688812255859 -0.346954345703125 0.23101806640625
0.0550498962402344 0.0159492492675781 -0.00853919982910156 0.0338058471679688
0.0506477355957031 -0.0178985595703125 0.393035888671875 -0.1766357421875
0.0207138061523438 -0.0291671752929688 0.16766357421875 -0.504730224609375
-0.0073089599609375 -0.00471735000610352 -0.302398681640625 -0.332489013671875
-0.00921440124511719 0.0192489624023438 -0.331390380859375 0.058746337890625
0.0036163330078125 0.0110549926757813 -0.155624389648437 0.211837768554687
0.00624895095825195 -0.0048069953918457 0.02978515625 0.170089721679688
-0.00644683837890625 0.00482988357543945 0.112541198730469 0.0475082397460938
-0.00684738159179687 -0.00318288803100586 -0.11004638671875 -0.0637588500976563
0.00939464569091797 -0.00466728210449219 -0.0115203857421875 -0.1658935546875
0.0113639831542969 0.00513362884521484 0.170806884765625 -0.18194580078125
0.000905990600585939 0.0218162536621094 0.35577392578125 -0.02001953125
-0.00710296630859375 0.0137042999267578 0.2840576171875 0.33624267578125
0.00396919250488281 -0.0292987823486328 -0.08746337890625 0.496551513671875
0.0201225280761719 -0.0121994018554688 -0.3458251953125 0.2421875
0.0439224243164063 0.0137825012207031 -0.0195999145507813 0.0372734069824219
0.0429191589355469 -0.0160179138183594 0.395965576171875 -0.16058349609375
0.0191669464111328 -0.0247669219970703 0.18804931640625 -0.49749755859375
-0.00490665435791016 -0.00086688995361328 -0.291107177734375 -0.346588134765625
-0.00510025024414062 0.0202846527099609 -0.3358154296875 0.0453796386718751
0.00583457946777344 0.0115318298339844 -0.163040161132813 0.205734252929687
0.00640392303466797 -0.00768613815307617 0.0261688232421875 0.16986083984375
-0.00581502914428711 0.000648021697998046 0.111892700195313 0.0475692749023438
-0.00748872756958008 -0.00665283203125 -0.112167358398438 -0.0622634887695313
0.00905704498291016 -0.00680065155029297 -0.013885498046875 -0.166778564453125
0.0126113891601563 0.00333118438720703 0.163589477539063 -0.1865234375
0.00536155700683593 0.0230541229248047 0.3529052734375 -0.029144287109375
-0.00372886657714844 0.0179691314697266 0.290679931640625 0.329132080078125
0.000612258911132814 -0.0230827331542969 -0.078460693359375 0.49835205078125
0.00801563262939453 -0.00847387313842773 -0.34234619140625 0.25177001953125
0.0298137664794922 0.0120716094970703 -0.0258369445800781 0.0418968200683594
0.0333480834960938 -0.0139045715332031 0.3985595703125 -0.148193359375
0.0160770416259766 -0.0201072692871094 0.203033447265625 -0.49298095703125
-0.00268125534057617 0.00269985198974609 -0.283538818359375 -0.35455322265625
-0.001220703125 0.0217189788818359 -0.338958740234375 0.03656005859375
0.00872802734375 0.011286735534668 -0.16802978515625 0.198654174804688
0.00770282745361328 -0.00924205780029297 0.0245361328125 0.167938232421875
-0.00655889511108398 -0.00237751007080078 0.111740112304688 0.0482177734375
-0.00721979141235352 -0.00698137283325195 -0.112739562988281 -0.0623779296875
0.00881290435791016 -0.00901508331298828 -0.0149688720703125 -0.169998168945313
0.013300895690918 0.00282096862792969 0.160018920898437 -0.189407348632812
0.00872611999511719 0.0234355926513672 0.349761962890625 -0.032501220703125
-0.000831604003906251 0.021514892578125 0.292724609375 0.32763671875
-0.00189304351806641 -0.016972541809082 -0.072509765625 0.50079345703125
-0.00331354141235352 -0.00368499755859375 -0.3408203125 0.25604248046875
0.0148391723632813 0.0117769241333008 -0.0250663757324219 0.0455665588378906
0.0225200653076172 -0.0103912353515625 0.404693603515625 -0.1436767578125
0.011993408203125 -0.0136871337890625 0.21063232421875 -0.489898681640625
-0.00224685668945313 0.00717449188232422 -0.28082275390625 -0.357666015625
0.00215721130371094 0.0221405029296875 -0.341644287109375 0.0319519042968749
0.00957965850830078 0.0105934143066406 -0.169906616210938 0.194534301757813
0.00839710235595703 -0.0116252899169922 0.02410888671875 0.165008544921875
-0.00628089904785156 -0.00391101837158203 0.11181640625 0.0465240478515625
-0.00807332992553711 -0.00659990310668945 -0.11383056640625 -0.062652587890625
0.0103235244750977 -0.0107650756835938 -0.0147857666015625 -0.171920776367188
0.0147886276245117 0.000758171081542969 0.156356811523438 -0.194320678710938
0.0101604461669922 0.0234203338623047 0.3494873046875 -0.037811279296875
0.000644683837890624 0.02520751953125 0.2969970703125 0.325653076171875
-0.00470352172851562 -0.0103626251220703 -0.067291259765625 0.5052490234375
-0.0124502182006836 0.00253486633300781 -0.333648681640625 0.264312744140625
0.00061321258544922 0.0116043090820313 -0.0171661376953125 0.0483055114746094
0.0110330581665039 -0.00750732421875 0.407501220703125 -0.1524658203125
0.00686454772949219 -0.00735044479370117 0.202178955078125 -0.495574951171875
-0.000856399536132812 0.010991096496582 -0.2899169921875 -0.353271484375
0.00422477722167969 0.0220737457275391 -0.341094970703125 0.038055419921875
0.0110874176025391 0.00894832611083985 -0.165847778320313 0.195022583007813
0.00909900665283203 -0.0131549835205078 0.0284576416015625 0.16143798828125
-0.00545835494995117 -0.00421619415283203 0.113929748535156 0.0434417724609375
-0.00748634338378906 0.0101261138916016 -0.108177185058594 -0.0710296630859375
0.015411376953125 0.00308990478515625 0.0025177001953125 -0.168975830078125
0.00675821304321289 0.00543212890625 0.197769165039063 -0.161849975585938
-0.0135364532470703 0.0180835723876953 0.36822509765625 0.02874755859375
-0.0162515640258789 0.00656032562255859 0.240203857421875 0.38104248046875
0.0136737823486328 -0.0316829681396484 -0.154388427734375 0.4814453125
0.0349502563476563 -0.00328636169433594 -0.34344482421875 0.197662353515625
0.0530204772949219 0.0215911865234375 0.0406875610351563 0.0282859802246094
0.0452156066894531 -0.0144805908203125 0.38946533203125 -0.224395751953125
0.0153408050537109 -0.0263004302978516 0.1041259765625 -0.516021728515625
-0.0146608352661133 -0.002593994140625 -0.3358154296875 -0.285125732421875
-0.0157413482666016 0.0176048278808594 -0.31439208984375 0.09735107421875
0.00285577774047852 0.00676298141479492 -0.129318237304688 0.222000122070313
0.00879764556884765 -0.000580787658691406 0.0430450439453125 0.160598754882813
-0.00871849060058594 0.0153970718383789 0.11846923828125 0.0381240844726563
-0.00683259963989258 0.00727415084838867 -0.108245849609375 -0.0686569213867188
0.0132484436035156 0.00210475921630859 -0.00155639648437499 -0.167007446289063
0.00702762603759766 0.00647735595703125 0.192886352539063 -0.166244506835938
-0.0115108489990234 0.0188426971435547 0.36700439453125 0.01605224609375
-0.0150203704833984 0.00585460662841797 0.25433349609375 0.369537353515625
0.0131721496582031 -0.0361404418945313 -0.138580322265625 0.485595703125
0.0382499694824219 -0.00872802734375 -0.345489501953125 0.208770751953125
0.0597915649414062 0.0197944641113281 0.0247936248779297 0.0285072326660156
0.0503654479980469 -0.017974853515625 0.388031005859375 -0.21307373046875
0.01861572265625 -0.0295867919921875 0.12017822265625 -0.51458740234375
-0.0134782791137695 -0.005523681640625 -0.326202392578125 -0.298553466796875
-0.0147800445556641 0.0177230834960938 -0.319580078125 0.087677001953125
0.00299787521362305 0.00876998901367187 -0.1365966796875 0.221038818359375
0.00815677642822266 -0.00129413604736328 0.03900146484375 0.164657592773438
-0.00753974914550782 0.0117568969726563 0.116317749023438 0.04193115234375
-0.00558376312255859 0.00448274612426758 -0.109024047851563 -0.0658035278320312
0.0110950469970703 0.000719070434570313 -0.00527954101562501 -0.16552734375
0.007965087890625 0.00656223297119141 0.18560791015625 -0.172149658203125
-0.00728797912597656 0.0197601318359375 0.364959716796875 0.00250244140625
-0.0141887664794922 0.00760078430175781 0.266510009765625 0.35650634765625
0.0112228393554687 -0.0358657836914063 -0.118255615234375 0.48907470703125
0.0362052917480469 -0.0118904113769531 -0.344970703125 0.22161865234375
0.0607833862304687 0.0177001953125 0.00812339782714844 0.0303401947021484
0.0524482727050781 -0.018890380859375 0.388092041015625 -0.19891357421875
0.0201911926269531 -0.0305862426757813 0.140289306640625 -0.510986328125
-0.0108556747436523 -0.00613117218017578 -0.317047119140625 -0.3143310546875
-0.0116653442382812 0.01788330078125 -0.324798583984375 0.076019287109375
0.00429153442382812 0.0104990005493164 -0.1448974609375 0.21746826171875
0.00673675537109375 -0.00272607803344727 0.0351104736328125 0.167617797851563
-0.00716543197631836 0.00829553604125977 0.11474609375 0.0437698364257813
-0.00563764572143555 0.000873565673828126 -0.10986328125 -0.063873291015625
0.00958538055419922 -0.0014495849609375 -0.0109710693359375 -0.16522216796875
0.00958824157714844 0.00591087341308594 0.175918579101563 -0.178985595703125
-0.00326919555664063 0.0219287872314453 0.360076904296875 -0.0135498046875
-0.0109539031982422 0.00886631011962891 0.279296875 0.342742919921875
0.00742530822753906 -0.0341777801513672 -0.099395751953125 0.492889404296875
0.0288753509521484 -0.0129375457763672 -0.34429931640625 0.234100341796875
0.0551567077636719 0.0158729553222656 -0.00803375244140624 0.0338001251220703
0.0501747131347656 -0.0181007385253906 0.391082763671875 -0.180816650390625
0.0198230743408203 -0.0301990509033203 0.16253662109375 -0.50531005859375
-0.00814151763916016 -0.00555849075317383 -0.30438232421875 -0.330413818359375
-0.00819206237792969 0.0188617706298828 -0.330291748046875 0.0620727539062499
0.00397014617919922 0.01080322265625 -0.152938842773438 0.212142944335937
0.00590276718139648 -0.00456047058105469 0.0313262939453125 0.169708251953125
-0.00686025619506836 0.00488615036010742 0.113716125488281 0.0467147827148437
-0.00597810745239258 -0.00349903106689453 -0.110435485839844 -0.0622787475585937
0.008758544921875 -0.00433921813964844 -0.01373291015625 -0.165924072265625
0.0118446350097656 0.00484180450439453 0.168212890625 -0.183868408203125
0.00152778625488281 0.0226097106933594 0.35552978515625 -0.026123046875
-0.00689315795898437 0.0138511657714844 0.288421630859375 0.33197021484375
0.004425048828125 -0.0306529998779297 -0.081024169921875 0.495208740234375
0.0198383331298828 -0.0118579864501953 -0.342529296875 0.24517822265625
0.0441131591796875 0.0135002136230469 -0.0199127197265625 0.0379600524902344
0.0423736572265625 -0.0165061950683594 0.39208984375 -0.16461181640625
0.0186653137207031 -0.0257854461669922 0.184051513671875 -0.49822998046875
-0.00434541702270508 -0.00227022171020508 -0.295562744140625 -0.34344482421875
-0.00367927551269531 0.0202369689941406 -0.334625244140625 0.049652099609375
0.00560760498046875 0.0108966827392578 -0.160079956054687 0.205825805664063
0.00681257247924805 -0.00760269165039063 0.0285186767578125 0.169631958007813
-0.00564813613891602 0.000921249389648438 0.1129150390625 0.047119140625
-0.00621128082275391 -0.00585508346557617 -0.112396240234375 -0.0616607666015625
0.00810813903808594 -0.00710201263427734 -0.0160675048828125 -0.1668701171875
0.0123491287231445 0.0037078857421875 0.161209106445313 -0.188400268554688
0.00544166564941406 0.0229091644287109 0.35125732421875 -0.034423828125
-0.00323104858398438 0.0171699523925781 0.294830322265625 0.324737548828125
0.00122261047363281 -0.0239543914794922 -0.0712890625 0.496978759765625
0.009124755859375 -0.00846958160400391 -0.34014892578125 0.25445556640625
0.0298290252685547 0.0126228332519531 -0.0260810852050781 0.0429611206054688
0.0327320098876953 -0.0134067535400391 0.396453857421875 -0.152435302734375
0.015716552734375 -0.0204124450683594 0.19793701171875 -0.494140625
-0.00261974334716797 0.00216507911682129 -0.28704833984375 -0.35162353515625
3.81469726562504E-05 0.0215396881103516 -0.33795166015625 0.039276123046875
0.00815010070800781 0.0108108520507813 -0.164627075195313 0.201126098632812
0.0061492919921875 -0.00965213775634766 0.027496337890625 0.167892456054687
-0.00551795959472656 -0.00288772583007813 0.112586975097656 0.0476150512695313
-0.00699377059936523 -0.00670623779296875 -0.11273193359375 -0.0620498657226563
0.00974178314208984 -0.00923919677734375 -0.0176544189453125 -0.1693115234375
0.0138444900512695 0.00173568725585937 0.157516479492188 -0.192184448242187
0.00872230529785156 0.0235614776611328 0.349945068359375 -0.036865234375
-0.000345230102539063 0.0215282440185547 0.29534912109375 0.3233642578125
-0.00199794769287109 -0.0170688629150391 -0.0670166015625 0.500396728515625
-0.00224423408508301 -0.00314950942993164 -0.337188720703125 0.25958251953125
0.0144948959350586 0.0121393203735352 -0.0249519348144531 0.0454559326171875
0.0209827423095703 -0.0102653503417969 0.40240478515625 -0.147186279296875
0.011509895324707 -0.0145578384399414 0.206085205078125 -0.491851806640625
-0.0018305778503418 0.0065617561340332 -0.283172607421875 -0.35418701171875
0.00335121154785156 0.0224666595458984 -0.34014892578125 0.03521728515625
0.0098724365234375 0.0102481842041016 -0.167129516601562 0.196456909179688
0.00796604156494141 -0.011016845703125 0.0263671875 0.16558837890625
-0.00514936447143555 -0.00345134735107422 0.112762451171875 0.0457305908203125
-0.00772190093994141 -0.00635671615600586 -0.114646911621094 -0.0623550415039063
0.0102853775024414 -0.010676383972168 -0.0178985595703125 -0.17230224609375
0.0154991149902344 0.00162220001220703 0.1549072265625 -0.196334838867188
0.0105514526367188 0.0239772796630859 0.348724365234375 -0.041839599609375
0.00142478942871094 0.0248203277587891 0.300811767578125 0.321075439453125
-0.00467205047607422 -0.0112152099609375 -0.06146240234375 0.504180908203125
-0.0120248794555664 0.00278282165527344 -0.330413818359375 0.26593017578125
0.000492095947265625 0.0118083953857422 -0.0168952941894531 0.0491867065429688
0.0102195739746094 -0.00736141204833984 0.404998779296875 -0.15582275390625
0.00631237030029297 -0.00819587707519531 0.197509765625 -0.496063232421875
-0.000385284423828125 0.0117855072021484 -0.291961669921875 -0.3477783203125
0.00546073913574219 0.0221042633056641 -0.340362548828125 0.042144775390625
0.0114316940307617 0.00787925720214844 -0.163894653320312 0.195693969726563
0.00803375244140625 -0.0124130249023438 0.0304412841796875 0.16156005859375
-0.00478363037109375 -0.00344753265380859 0.115119934082031 0.0419692993164063
-0.00754356384277344 0.0100269317626953 -0.109245300292969 -0.0703048706054688
0.0146732330322266 0.00296974182128906 0.000122070312499987 -0.168243408203125
0.00745201110839844 0.00527524948120117 0.1951904296875 -0.1646728515625
-0.0130348205566406 0.0179176330566406 0.368743896484375 0.024688720703125
-0.0155220031738281 0.00675582885742188 0.243804931640625 0.376953125
0.0131664276123047 -0.0326862335205078 -0.1507568359375 0.481719970703125
0.0344181060791016 -0.00349235534667969 -0.3399658203125 0.2010498046875
0.0525016784667969 0.0223274230957031 0.0399665832519531 0.0278739929199219
0.0442543029785156 -0.014862060546875 0.38623046875 -0.2261962890625
0.0154781341552734 -0.0264072418212891 0.100830078125 -0.51507568359375
-0.0136318206787109 -0.00352096557617188 -0.336700439453125 -0.28204345703125
-0.0156183242797852 0.0173816680908203 -0.312103271484375 0.1005859375
0.0028233528137207 0.006622314453125 -0.126678466796875 0.222503662109375
0.00941562652587891 -0.00179672241210938 0.044464111328125 0.160507202148438
-0.00740242004394531 0.0152997970581055 0.118087768554688 0.037628173828125
-0.00605297088623047 0.00740718841552735 -0.109169006347656 -0.067901611328125
0.0133705139160156 0.0023193359375 -0.003875732421875 -0.166763305664063
0.00739908218383789 0.00564384460449219 0.19049072265625 -0.170074462890625
-0.0111656188964844 0.0191078186035156 0.36773681640625 0.0108642578125
-0.0146636962890625 0.00594329833984375 0.25665283203125 0.36578369140625
0.0131988525390625 -0.0370025634765625 -0.13299560546875 0.485260009765625
0.0380363464355469 -0.008392333984375 -0.3414306640625 0.209442138671875
0.05999755859375 0.0205726623535156 0.0245037078857422 0.0279903411865234
0.050750732421875 -0.0175590515136719 0.38543701171875 -0.215667724609375
0.0180988311767578 -0.0303802490234375 0.116729736328125 -0.514495849609375
-0.0128488540649414 -0.00496959686279297 -0.327911376953125 -0.294952392578125
-0.0135498046875 0.0182209014892578 -0.317169189453125 0.0914001464843751
0.00188398361206055 0.00826215744018555 -0.134384155273438 0.222412109375
0.00742483139038086 -0.00180196762084961 0.04107666015625 0.164474487304688
-0.00822544097900391 0.0124130249023437 0.117225646972656 0.0410003662109375
-0.00592613220214844 0.0043940544128418 -0.110069274902344 -0.0651168823242187
0.0108976364135742 0.000424385070800781 -0.0077362060546875 -0.165130615234375
0.00887107849121094 0.0061798095703125 0.183059692382813 -0.174362182617188
-0.00745201110839844 0.0207653045654297 0.36334228515625 -0.00213623046875
-0.0124378204345703 0.00678730010986328 0.269500732421875 0.352325439453125
0.0108222961425781 -0.0377197265625 -0.114013671875 0.488372802734375
0.0360641479492188 -0.0119171142578125 -0.34124755859375 0.222503662109375
0.0609016418457031 0.0170326232910156 0.00758934020996094 0.0306377410888672
0.05224609375 -0.0191535949707031 0.38629150390625 -0.20086669921875
0.0196552276611328 -0.0316905975341797 0.136383056640625 -0.511322021484375
-0.0108442306518555 -0.00616073608398438 -0.31781005859375 -0.3089599609375
-0.0117206573486328 0.0182228088378906 -0.32379150390625 0.078399658203125
0.00371837615966797 0.00971317291259766 -0.141586303710938 0.218582153320312
0.00722837448120117 -0.00234031677246094 0.0374908447265625 0.167312622070312
-0.00623416900634766 0.00905799865722656 0.114730834960938 0.0438079833984375
-0.00560760498046875 0.000382423400878905 -0.110588073730469 -0.0629959106445313
0.0102453231811523 -0.00163841247558594 -0.01263427734375 -0.164505004882813
0.0103559494018555 0.00544357299804687 0.173843383789063 -0.180755615234375
-0.00295829772949219 0.0207881927490234 0.35882568359375 -0.017730712890625
-0.00896930694580078 0.010737419128418 0.282745361328125 0.337921142578125
0.00760269165039063 -0.0351715087890625 -0.09417724609375 0.49114990234375
0.0301132202148438 -0.0133399963378906 -0.340789794921875 0.23675537109375
0.0549354553222656 0.0153846740722656 -0.00808143615722656 0.0344562530517578
0.0501136779785156 -0.0190162658691406 0.38726806640625 -0.18243408203125
0.0188579559326172 -0.0306816101074219 0.157958984375 -0.505126953125
-0.00793075561523438 -0.00535774230957031 -0.307586669921875 -0.323638916015625
-0.00791168212890625 0.0189609527587891 -0.32940673828125 0.06494140625
0.00514793395996094 0.0109119415283203 -0.150833129882813 0.21356201171875
0.00536346435546875 -0.00540542602539063 0.0334014892578125 0.169296264648437
-0.00626754760742187 0.00545167922973633 0.1148681640625 0.0457534790039063
-0.00600957870483398 -0.00247097015380859 -0.111656188964844 -0.0613937377929688
0.00915908813476563 -0.00492286682128906 -0.015106201171875 -0.166091918945312
0.0112247467041016 0.00538063049316406 0.165481567382813 -0.185699462890625
0.00273704528808594 0.0225181579589844 0.355072021484375 -0.030181884765625
-0.00640583038330078 0.0129642486572266 0.29156494140625 0.3275146484375
0.00346183776855468 -0.0308628082275391 -0.077056884765625 0.493438720703125
0.0202465057373047 -0.0111522674560547 -0.338409423828125 0.246673583984375
0.0440826416015625 0.0135650634765625 -0.0197105407714844 0.0379447937011719
0.0424575805664063 -0.0164985656738281 0.3897705078125 -0.1673583984375
0.0187110900878906 -0.0263633728027344 0.17950439453125 -0.499237060546875
-0.00525569915771484 -0.00203180313110352 -0.29656982421875 -0.3385009765625
-0.00458335876464844 0.0208549499511719 -0.333160400390625 0.052093505859375
0.00595378875732422 0.0113658905029297 -0.157638549804687 0.2076416015625
0.00610160827636719 -0.00750160217285156 0.0310211181640625 0.169296264648438
-0.00549459457397461 0.00176048278808594 0.113594055175781 0.0462722778320313
-0.00574874877929688 -0.00543785095214844 -0.113517761230469 -0.0607833862304687
0.00827741622924805 -0.0068974494934082 -0.01861572265625 -0.16583251953125
0.0130596160888672 0.00367927551269531 0.158798217773438 -0.190902709960938
0.00691604614257812 0.0231456756591797 0.350738525390625 -0.038238525390625
-0.00265884399414062 0.0176277160644531 0.296295166015625 0.3197021484375
0.00093841552734375 -0.0246105194091797 -0.0640869140625 0.49609375
0.00793886184692383 -0.00780916213989258 -0.336761474609375 0.256256103515625
0.0292892456054688 0.0126304626464844 -0.0266227722167969 0.0426254272460938
0.0324821472167969 -0.0141277313232422 0.3953857421875 -0.154815673828125
0.0152473449707031 -0.0206489562988281 0.19451904296875 -0.493255615234375
-0.00268983840942383 0.00222253799438477 -0.28778076171875 -0.346954345703125
-0.000164031982421873 0.0210628509521484 -0.336669921875 0.041961669921875
0.00844097137451172 0.01080322265625 -0.162918090820313 0.201950073242188
0.00593471527099609 -0.00908470153808594 0.0284881591796875 0.167724609375
-0.00502443313598633 -0.000508308410644532 0.11309814453125 0.0466995239257812
-0.00737428665161133 -0.00614786148071289 -0.114852905273438 -0.06097412109375
0.00888729095458984 -0.0101661682128906 -0.0194854736328125 -0.168991088867188
0.0140438079833984 0.00231647491455078 0.15411376953125 -0.193862915039063
0.00954437255859375 0.0233669281005859 0.348297119140625 -0.041290283203125
-0.000469207763671876 0.0211601257324219 0.29962158203125 0.3189697265625
-0.00219345092773438 -0.01763916015625 -0.06195068359375 0.49774169921875
-0.00213718414306641 -0.00298976898193359 -0.333404541015625 0.261627197265625
0.0143289566040039 0.0118045806884766 -0.0254898071289062 0.0468254089355469
0.0213088989257812 -0.0112361907958984 0.39984130859375 -0.149749755859375
0.0105199813842773 -0.0143566131591797 0.2008056640625 -0.493560791015625
-0.00102090835571289 0.00587224960327149 -0.286224365234375 -0.351470947265625
0.00351142883300781 0.0223865509033203 -0.339202880859375 0.03753662109375
0.0103216171264648 0.00982856750488281 -0.164718627929688 0.197525024414063
0.00756168365478516 -0.0115470886230469 0.028594970703125 0.165176391601562
-0.00470876693725586 -0.00325775146484375 0.113525390625 0.0448760986328125
-0.00739908218383789 -0.00566625595092773 -0.115951538085938 -0.0613327026367187
0.0103206634521484 -0.0114307403564453 -0.02008056640625 -0.171615600585938
0.0151882171630859 7.62939453125E-05 0.151763916015625 -0.197357177734375
0.0114688873291016 0.0239105224609375 0.3466796875 -0.04644775390625
0.00243949890136719 0.0241260528564453 0.30279541015625 0.3167724609375
-0.0044403076171875 -0.0113801956176758 -0.057098388671875 0.503021240234375
-0.0108671188354492 0.00336742401123047 -0.326568603515625 0.268768310546875
0.000476837158203125 0.0126533508300781 -0.0160713195800781 0.0493011474609375
0.0100173950195312 -0.00739574432373047 0.40283203125 -0.1583251953125
0.00571107864379883 -0.00787353515625 0.192718505859375 -0.496368408203125
-0.000451087951660156 0.0114536285400391 -0.294952392578125 -0.343780517578125
0.00601005554199219 0.0225582122802734 -0.339141845703125 0.0449829101562499
0.0114641189575195 0.00851345062255859 -0.160995483398438 0.19696044921875
0.00873374938964844 -0.0135526657104492 0.031951904296875 0.161727905273438
-0.00499534606933594 -0.00345802307128906 0.115203857421875 0.0418701171875
-0.00643348693847656 0.0102682113647461 -0.109474182128906 -0.0690689086914062
0.0153446197509766 0.00235748291015625 -0.00131225585937501 -0.16845703125
0.00712966918945312 0.00501585006713867 0.1934814453125 -0.166427612304688
-0.0124759674072266 0.0178394317626953 0.367767333984375 0.020294189453125
-0.0155515670776367 0.00692558288574219 0.2464599609375 0.3726806640625
0.0128936767578125 -0.0329494476318359 -0.145538330078125 0.480072021484375
0.0359573364257813 -0.00320053100585938 -0.337158203125 0.20269775390625
0.0522613525390625 0.0222244262695313 0.0399551391601563 0.0272254943847656
0.0442733764648438 -0.0148239135742188 0.383514404296875 -0.229034423828125
0.0152378082275391 -0.0252494812011719 0.0965881347656249 -0.514373779296875
-0.0139074325561523 -0.00335502624511718 -0.33740234375 -0.277496337890625
-0.0150928497314453 0.0176029205322266 -0.31011962890625 0.102935791015625
0.00318098068237305 0.00673055648803711 -0.124649047851563 0.222808837890625
0.00856494903564453 -0.00105142593383789 0.0466461181640625 0.159530639648438
-0.00746917724609375 0.0154914855957031 0.118812561035156 0.0369415283203125
-0.00581789016723633 0.00861072540283203 -0.109733581542969 -0.0665740966796875
0.0128374099731445 0.00199699401855469 -0.00531005859375001 -0.166748046875
0.00788354873657227 0.00565910339355469 0.188034057617187 -0.17120361328125
-0.0103969573974609 0.0191440582275391 0.3665771484375 0.007476806640625
-0.0132761001586914 0.00572967529296875 0.259246826171875 0.3619384765625
0.0127601623535156 -0.0371742248535156 -0.128875732421875 0.4840087890625
0.0383682250976563 -0.00797271728515625 -0.33941650390625 0.21258544921875
0.0595588684082031 0.0196914672851563 0.0241584777832031 0.0285224914550781
0.0501708984375 -0.0181465148925781 0.38250732421875 -0.217926025390625
0.0172824859619141 -0.0299797058105469 0.112548828125 -0.513580322265625
-0.0129594802856445 -0.005767822265625 -0.32940673828125 -0.29156494140625
-0.0139675140380859 0.0184097290039062 -0.316131591796875 0.09356689453125
0.00253057479858398 0.00836753845214844 -0.131759643554687 0.222732543945313
0.00690031051635742 -0.00151729583740234 0.042938232421875 0.164337158203125
-0.00677394866943359 0.0136232376098633 0.117759704589844 0.0397567749023438
-0.00509119033813477 0.00460386276245117 -0.110282897949219 -0.0642776489257813
0.011713981628418 0.000544548034667969 -0.00872802734375001 -0.16473388671875
0.00873374938964844 0.00673675537109375 0.180923461914062 -0.176528930664063
-0.006805419921875 0.0206851959228516 0.363372802734375 -0.0062255859375
-0.012415885925293 0.00633144378662109 0.272674560546875 0.3485107421875
0.010223388671875 -0.0378341674804688 -0.108642578125 0.48614501953125
0.0359687805175781 -0.0110130310058594 -0.339019775390625 0.225738525390625
0.0605812072753906 0.017791748046875 0.00681304931640625 0.0308876037597656
0.0513877868652344 -0.0191497802734375 0.384429931640625 -0.202301025390625
0.0195732116699219 -0.0315284729003906 0.131134033203125 -0.50970458984375
-0.0108461380004883 -0.0053558349609375 -0.31982421875 -0.306304931640625
-0.0116348266601562 0.0182132720947266 -0.3221435546875 0.0811767578124999
0.00349140167236328 0.00976467132568359 -0.139846801757812 0.219528198242188
0.0061945915222168 -0.00308036804199219 0.0390472412109375 0.167251586914063
-0.00557613372802734 0.00953769683837891 0.115737915039062 0.0421142578125
-0.00458574295043945 0.000511646270751953 -0.111686706542969 -0.0616912841796875
0.00998878479003906 -0.00175952911376953 -0.0144500732421875 -0.163681030273438
0.0100126266479492 0.00582313537597656 0.171783447265625 -0.182296752929688
-0.00231361389160156 0.0209712982177734 0.358612060546875 -0.021392822265625
-0.00921821594238281 0.00969696044921875 0.284393310546875 0.333099365234375
0.00767135620117187 -0.0358505249023438 -0.090118408203125 0.489166259765625
0.0298137664794922 -0.0127735137939453 -0.338623046875 0.2373046875
0.0550155639648437 0.0153274536132812 -0.00850868225097656 0.0333652496337891
0.0492973327636719 -0.0194969177246094 0.385833740234375 -0.185699462890625
0.0193500518798828 -0.0303249359130859 0.153350830078125 -0.504913330078125
-0.0073089599609375 -0.00460290908813477 -0.309356689453125 -0.32257080078125
-0.00765609741210938 0.0190773010253906 -0.327056884765625 0.067840576171875
0.00451850891113281 0.0101308822631836 -0.147430419921875 0.214645385742188
0.00626420974731445 -0.0047144889831543 0.0355682373046875 0.1689453125
-0.00496292114257813 0.00616216659545898 0.114547729492188 0.045196533203125
-0.00530576705932617 -0.00213336944580078 -0.112823486328125 -0.0604705810546875
0.00895595550537109 -0.00473690032958984 -0.017333984375 -0.16473388671875
0.0111684799194336 0.0051727294921875 0.16363525390625 -0.1871337890625
0.00293159484863281 0.0223865509033203 0.353668212890625 -0.033935546875
-0.00590610504150391 0.0138978958129883 0.294525146484375 0.321685791015625
0.00387001037597656 -0.0311241149902344 -0.07220458984375 0.491455078125
0.0199527740478516 -0.0118541717529297 -0.336029052734375 0.248565673828125
0.0445709228515625 0.0136489868164063 -0.0196762084960938 0.0378646850585938
0.0420722961425781 -0.016845703125 0.3887939453125 -0.1685791015625
0.0187282562255859 -0.0263347625732422 0.174560546875 -0.49871826171875
-0.00468587875366211 -0.00206232070922852 -0.29827880859375 -0.3350830078125
-0.0027008056640625 0.0203189849853516 -0.332611083984375 0.0554504394531251
0.00660800933837891 0.0112733840942383 -0.15509033203125 0.208816528320313
0.00545263290405273 -0.0078282356262207 0.032318115234375 0.168869018554688
-0.0047307014465332 0.00174427032470703 0.113914489746094 0.0457305908203125
-0.00597715377807617 -0.00501585006713867 -0.113525390625 -0.0602340698242187
0.00824642181396484 -0.00786638259887695 -0.0201263427734375 -0.16668701171875
0.0133523941040039 0.00313377380371094 0.156417846679688 -0.191452026367188
0.00741195678710937 0.0226154327392578 0.349395751953125 -0.04248046875
-0.00284099578857422 0.0169239044189453 0.30029296875 0.315093994140625
0.000701904296874999 -0.0254554748535156 -0.06085205078125 0.4947509765625
0.00885391235351563 -0.00850963592529297 -0.332061767578125 0.257476806640625
0.0298480987548828 0.01287841796875 -0.0256156921386719 0.0419044494628906
0.0313720703125 -0.013763427734375 0.3935546875 -0.15716552734375
0.0146465301513672 -0.0209903717041016 0.190338134765625 -0.493560791015625
-0.00268793106079102 0.00241708755493164 -0.2900390625 -0.34393310546875
0.00102043151855469 0.0208053588867187 -0.335296630859375 0.04547119140625
0.00752830505371094 0.0109882354736328 -0.16058349609375 0.202850341796875
0.00620746612548828 -0.00990676879882813 0.03033447265625 0.167648315429688
-0.00514888763427734 -0.00132846832275391 0.113838195800781 0.0452728271484375
-0.00718069076538086 -0.00623035430908203 -0.115402221679688 -0.0595626831054688
0.00918006896972656 -0.00991153717041016 -0.021820068359375 -0.168701171875
0.0138750076293945 0.00126838684082031 0.153121948242188 -0.195083618164063
0.0100650787353516 0.0235633850097656 0.346649169921875 -0.04473876953125
0.00105857849121094 0.0212135314941406 0.30078125 0.311798095703125
-0.00147438049316406 -0.0178871154785156 -0.05657958984375 0.497039794921875
-0.00123739242553711 -0.0032813549041748 -0.329498291015625 0.263397216796875
0.0141458511352539 0.0127773284912109 -0.0255966186523438 0.0467071533203125
0.0205078125 -0.0109004974365234 0.39617919921875 -0.152801513671875
0.0107088088989258 -0.0144100189208984 0.1973876953125 -0.492706298828125
-0.00101995468139648 0.00621366500854492 -0.28839111328125 -0.346893310546875
0.00446128845214844 0.0217323303222656 -0.33746337890625 0.0415039062499999
0.0100431442260742 0.00999832153320313 -0.162673950195313 0.1982421875
0.00716114044189453 -0.0119867324829102 0.0303192138671875 0.164413452148438
-0.00442695617675781 -0.00324678421020508 0.114082336425781 0.0438690185546875
-0.00742435455322266 -0.00498008728027344 -0.116409301757812 -0.0597000122070312
0.00990581512451172 -0.0113258361816406 -0.0223236083984375 -0.171585083007813
0.0151100158691406 0.000127792358398438 0.1494140625 -0.199249267578125
0.0118179321289063 0.0239963531494141 0.345611572265625 -0.050445556640625
0.00281715393066406 0.0247097015380859 0.30450439453125 0.3126220703125
-0.00444507598876953 -0.0118017196655273 -0.052642822265625 0.501007080078125
-0.0107812881469727 0.00343990325927734 -0.32342529296875 0.2694091796875
0.00131320953369141 0.0127134323120117 -0.0162773132324219 0.0494194030761719
0.00877809524536133 -0.00702142715454102 0.4005126953125 -0.15997314453125
0.00661039352416992 -0.00868892669677734 0.187255859375 -0.49560546875
-0.000126838684082032 0.0107545852661133 -0.296112060546875 -0.339691162109375
0.00674819946289062 0.0219268798828125 -0.336822509765625 0.047515869140625
0.0117473602294922 0.00831031799316406 -0.159683227539063 0.197540283203125
0.00821590423583984 -0.0131559371948242 0.034088134765625 0.16058349609375
-0.00461244583129883 -0.00278282165527344 0.116043090820312 0.041107177734375
-0.00609493255615234 0.0107135772705078 -0.1109619140625 -0.0676498413085937
0.0154056549072266 0.00226211547851563 -0.00381469726562499 -0.168441772460938
0.00682210922241211 0.00453996658325195 0.191848754882813 -0.168380737304688
-0.0117263793945313 0.0179653167724609 0.366943359375 0.016143798828125
-0.0143308639526367 0.00645923614501953 0.248992919921875 0.36859130859375
0.0124320983886719 -0.0340290069580078 -0.14154052734375 0.47998046875
0.0353279113769531 -0.00392913818359375 -0.33355712890625 0.20294189453125
0.0528640747070313 0.0219612121582031 0.04010009765625 0.0275802612304688
0.043548583984375 -0.0151405334472656 0.38092041015625 -0.230133056640625
0.014892578125 -0.0265960693359375 0.0923461914062499 -0.5133056640625
-0.0144023895263672 -0.00317668914794922 -0.33782958984375 -0.274322509765625
-0.0144500732421875 0.0176868438720703 -0.309173583984375 0.10430908203125
0.00311088562011719 0.00694370269775391 -0.12237548828125 0.223220825195313
0.009124755859375 -0.00189590454101563 0.0481414794921875 0.15899658203125
-0.006195068359375 0.0161304473876953 0.119194030761719 0.0360260009765625
-0.00543069839477539 0.00789546966552735 -0.110488891601563 -0.065765380859375
0.0126876831054688 0.00211334228515625 -0.00669860839843749 -0.166305541992188
0.00775957107543945 0.00551128387451172 0.186294555664062 -0.172409057617187
-0.00925445556640625 0.0196800231933594 0.365509033203125 0.00421142578125
-0.0136899948120117 0.0050058364868164 0.261993408203125 0.35784912109375
0.012298583984375 -0.0373573303222656 -0.124114990234375 0.482391357421875
0.0384178161621094 -0.00829315185546875 -0.336029052734375 0.213134765625
0.0601348876953125 0.0200347900390625 0.0243206024169922 0.0282249450683594
0.0496940612792969 -0.0180816650390625 0.380157470703125 -0.2178955078125
0.0168018341064453 -0.0304737091064453 0.108642578125 -0.511566162109375
-0.0129222869873047 -0.00600147247314453 -0.33074951171875 -0.287750244140625
-0.0135211944580078 0.0184288024902344 -0.31378173828125 0.0957336425781249
0.00287055969238281 0.00805425643920898 -0.129806518554688 0.222946166992187
0.00760412216186523 -0.00106906890869141 0.04461669921875 0.163848876953125
-0.00623321533203125 0.013575553894043 0.117279052734375 0.0391082763671875
-0.00442600250244141 0.004791259765625 -0.111061096191406 -0.0630874633789062
0.0109167098999023 -1.52587890625E-05 -0.0106201171875 -0.165267944335938
0.00844907760620117 0.00576686859130859 0.178756713867188 -0.177444458007813
-0.00647735595703125 0.0202198028564453 0.3619384765625 -0.01031494140625
-0.0116291046142578 0.00663566589355469 0.273529052734375 0.34515380859375
0.0110702514648437 -0.0386886596679687 -0.10443115234375 0.484771728515625
0.0371322631835938 -0.0118217468261719 -0.33648681640625 0.225982666015625
0.0601310729980469 0.0175209045410156 0.00720405578613282 0.0304603576660156
0.0511817932128906 -0.0187644958496094 0.38128662109375 -0.203399658203125
0.0189952850341797 -0.0322532653808594 0.128662109375 -0.508697509765625
-0.0108041763305664 -0.0069742202758789 -0.32073974609375 -0.304351806640625
-0.010101318359375 0.0181102752685547 -0.31927490234375 0.083526611328125
0.00401687622070312 0.009613037109375 -0.13751220703125 0.219375610351562
0.00589513778686523 -0.00314903259277344 0.0399169921875 0.166427612304688
-0.00567245483398437 0.0102825164794922 0.116744995117188 0.0420074462890625
-0.00476932525634766 0.000566482543945313 -0.112106323242188 -0.0611343383789063
0.0100517272949219 -0.00267314910888672 -0.0149078369140625 -0.164215087890625
0.00950241088867188 0.00474929809570313 0.169326782226563 -0.183929443359375
-0.00176620483398437 0.021636962890625 0.35772705078125 -0.024627685546875
-0.00858783721923828 0.00919532775878906 0.2879638671875 0.32965087890625
0.00701522827148437 -0.0356597900390625 -0.085296630859375 0.486358642578125
0.0300464630126953 -0.0133724212646484 -0.334320068359375 0.23931884765625
0.0550003051757813 0.0153694152832031 -0.00745010375976562 0.0337371826171875
0.0485191345214844 -0.0191421508789063 0.383392333984375 -0.1876220703125
0.0199260711669922 -0.0307807922363281 0.14935302734375 -0.5032958984375
-0.00721216201782227 -0.0056910514831543 -0.309295654296875 -0.318817138671875
-0.00673103332519531 0.0195293426513672 -0.324981689453125 0.070343017578125
0.00493144989013672 0.0107145309448242 -0.145584106445313 0.214706420898438
0.00503349304199219 -0.00482702255249023 0.0370941162109375 0.168670654296875
-0.00553750991821289 0.0061039924621582 0.116119384765625 0.04400634765625
-0.00509738922119141 -0.0025634765625 -0.112823486328125 -0.0596466064453125
0.00948143005371094 -0.00525283813476563 -0.0193939208984375 -0.165313720703125
0.0119199752807617 0.00441646575927734 0.161178588867188 -0.188507080078125
0.00346946716308594 0.022125244140625 0.3529052734375 -0.03717041015625
-0.00529384613037109 0.0128955841064453 0.295257568359375 0.318817138671875
0.00291824340820313 -0.031707763671875 -0.068878173828125 0.48980712890625
0.0203208923339844 -0.0114612579345703 -0.332183837890625 0.24951171875
0.0443038940429687 0.0127677917480469 -0.0198898315429687 0.0384178161621094
0.0412445068359375 -0.0173988342285156 0.385894775390625 -0.171661376953125
0.0185050964355469 -0.0273094177246094 0.171722412109375 -0.49786376953125
-0.00409913063049316 -0.00208067893981934 -0.29876708984375 -0.333038330078125
-0.00263595581054687 0.0201148986816406 -0.330352783203125 0.0573425292968751
0.00675106048583984 0.0116996765136719 -0.152999877929688 0.209259033203125
0.00588369369506836 -0.00738430023193359 0.0336761474609375 0.169464111328125
-0.00445699691772461 0.00252628326416016 0.114288330078125 0.044830322265625
-0.00599193572998047 -0.00535964965820313 -0.115272521972656 -0.0583953857421875
0.00838613510131836 -0.00818729400634766 -0.0228729248046875 -0.165740966796875
0.0121221542358398 0.00263118743896484 0.154006958007813 -0.193145751953125
0.00800323486328125 0.0231037139892578 0.34783935546875 -0.04571533203125
-0.00138378143310547 0.0160951614379883 0.30023193359375 0.310699462890625
0.000595092773437502 -0.0258636474609375 -0.0572509765625 0.49114990234375
0.00936794281005859 -0.00751209259033203 -0.32916259765625 0.26043701171875
0.0299186706542969 0.0126094818115234 -0.0250396728515625 0.0421562194824219
0.0310745239257812 -0.0139122009277344 0.390838623046875 -0.1573486328125
0.0145244598388672 -0.0212669372558594 0.186431884765625 -0.492431640625
-0.00251507759094238 0.00166463851928711 -0.291534423828125 -0.34112548828125
0.00124740600585937 0.0200901031494141 -0.333740234375 0.0476684570312499
0.00834369659423828 0.0108432769775391 -0.157821655273438 0.202926635742188
0.00592136383056641 -0.00977993011474609 0.0326080322265625 0.167648315429688
-0.00493383407592773 -0.000678539276123047 0.114151000976563 0.045318603515625
-0.00656557083129883 -0.00553178787231445 -0.115158081054687 -0.0582046508789063
0.00872516632080078 -0.010380744934082 -0.023284912109375 -0.167648315429688
0.0133199691772461 0.00117111206054688 0.150390625 -0.195693969726562
0.0102615356445313 0.0235023498535156 0.3453369140625 -0.048736572265625
0.00140571594238281 0.0200366973876953 0.30279541015625 0.310394287109375
-0.00213241577148437 -0.0195198059082031 -0.0540771484375 0.49444580078125
-0.00102877616882324 -0.00314021110534668 -0.326629638671875 0.263824462890625
0.0145034790039063 0.0123462677001953 -0.0250892639160156 0.0461807250976563
0.0197982788085938 -0.0114612579345703 0.39483642578125 -0.153717041015625
0.0108566284179688 -0.0145254135131836 0.19403076171875 -0.49127197265625
-0.000226974487304688 0.00600814819335938 -0.290008544921875 -0.3446044921875
0.00442886352539063 0.0225353240966797 -0.336212158203125 0.0433959960937499
0.0100374221801758 0.00932121276855469 -0.160125732421875 0.1993408203125
0.00741291046142578 -0.0115127563476562 0.0310516357421875 0.16357421875
-0.00401544570922852 -0.00208353996276856 0.114433288574219 0.0432205200195313
-0.00708341598510742 -0.00512504577636719 -0.116668701171875 -0.0584030151367188
0.00991630554199219 -0.0115242004394531 -0.0240478515625 -0.17047119140625
0.0149021148681641 0.000565528869628906 0.146865844726563 -0.20037841796875
0.0123329162597656 0.0232162475585938 0.34381103515625 -0.053192138671875
0.00321578979492188 0.0234298706054687 0.3060302734375 0.30731201171875
-0.00411605834960938 -0.0117015838623047 -0.048187255859375 0.49951171875
-0.0109052658081055 0.0035562515258789 -0.32061767578125 0.269256591796875
0.00129127502441406 0.0133733749389648 -0.0160484313964844 0.0489921569824219
0.00866031646728516 -0.00782585144042969 0.398956298828125 -0.16162109375
0.00551223754882813 -0.00905990600585938 0.1844482421875 -0.49578857421875
-0.000330924987792968 0.00992870330810547 -0.29779052734375 -0.3359375
0.00678062438964844 0.0209751129150391 -0.3363037109375 0.050445556640625
0.01129150390625 0.008331298828125 -0.157806396484375 0.198699951171875
0.00846004486083984 -0.0139093399047852 0.0349578857421875 0.160980224609375
-0.00473642349243164 -0.00254535675048828 0.116325378417969 0.03961181640625
-0.00566673278808594 0.010645866394043 -0.11041259765625 -0.0672988891601562
0.0145978927612305 0.00179958343505859 -0.00494384765625 -0.168731689453125
0.00668001174926758 0.00514936447143555 0.189498901367188 -0.170700073242188
-0.0109691619873047 0.0189723968505859 0.366485595703125 0.01336669921875
-0.0138368606567383 0.00529956817626953 0.2510986328125 0.36444091796875
0.012847900390625 -0.0336818695068359 -0.138885498046875 0.4771728515625
0.0353279113769531 -0.003509521484375 -0.33013916015625 0.204986572265625
0.0526161193847656 0.0224227905273438 0.0389633178710938 0.0278778076171875
0.044097900390625 -0.0153541564941406 0.378143310546875 -0.231292724609375
0.0141391754150391 -0.0264053344726563 0.09033203125 -0.51171875
-0.013427734375 -0.00359916687011718 -0.33905029296875 -0.270782470703125
-0.0137100219726563 0.0179710388183594 -0.3072509765625 0.10662841796875
0.00311470031738281 0.00650882720947266 -0.120803833007813 0.224273681640625
0.00816535949707031 -0.00133132934570313 0.0491485595703125 0.15924072265625
-0.00601482391357422 0.0163078308105469 0.119834899902344 0.0357742309570312
-0.00503730773925781 0.00843477249145508 -0.110977172851563 -0.0649032592773437
0.0134477615356445 0.00134754180908203 -0.00842285156250002 -0.166259765625
0.00745058059692383 0.0053410530090332 0.18499755859375 -0.173904418945313
-0.00956153869628906 0.0196208953857422 0.36480712890625 0.000854492187500001
-0.0129261016845703 0.00518417358398438 0.263824462890625 0.353363037109375
0.012481689453125 -0.0374755859375 -0.12066650390625 0.480133056640625
0.0395622253417969 -0.0084228515625 -0.33319091796875 0.21392822265625
0.0596656799316406 0.0193977355957031 0.0236701965332031 0.0282211303710938
0.048858642578125 -0.0179557800292969 0.377532958984375 -0.219970703125
0.017364501953125 -0.0307044982910156 0.106658935546875 -0.510223388671875
-0.0128641128540039 -0.00600051879882813 -0.330596923828125 -0.28515625
-0.0124397277832031 0.0180797576904297 -0.312652587890625 0.096527099609375
0.00313711166381836 0.00857353210449219 -0.127975463867188 0.22412109375
0.00748682022094726 -0.00168895721435547 0.0460052490234375 0.163314819335938
-0.00507640838623047 0.013697624206543 0.118743896484375 0.0390167236328125
-0.00453662872314453 0.00549125671386719 -0.111885070800781 -0.0628280639648438
0.011591911315918 -0.000353813171386719 -0.0124053955078125 -0.16455078125
0.00828838348388672 0.0056004524230957 0.177520751953125 -0.179794311523438
-0.00546836853027344 0.0198993682861328 0.36126708984375 -0.0133056640625
-0.0111408233642578 0.00604629516601563 0.2772216796875 0.3399658203125
0.00998306274414063 -0.0389289855957031 -0.101165771484375 0.4835205078125
0.0364418029785156 -0.0124359130859375 -0.333343505859375 0.226348876953125
0.0603523254394531 0.0177154541015625 0.00667190551757813 0.0308780670166016
0.0508766174316406 -0.0197029113769531 0.38018798828125 -0.205108642578125
0.0183200836181641 -0.0316886901855469 0.125030517578125 -0.5089111328125
-0.0108985900878906 -0.00673294067382813 -0.321868896484375 -0.300262451171875
-0.0103073120117188 0.0187892913818359 -0.318450927734375 0.085357666015625
0.00353717803955078 0.00945377349853516 -0.135467529296875 0.219940185546875
0.00590133666992187 -0.00276756286621094 0.041351318359375 0.166412353515625
-0.00422191619873047 0.0101156234741211 0.117042541503906 0.0414047241210938
-0.0039830207824707 0.00135278701782227 -0.112991333007813 -0.0605850219726563
0.00975513458251953 -0.00298118591308594 -0.0170440673828125 -0.163833618164063
0.011012077331543 0.00513076782226563 0.16815185546875 -0.185546875
-0.000904083251953126 0.0213508605957031 0.356903076171875 -0.027984619140625
-0.00823783874511719 0.00954437255859375 0.2880859375 0.325042724609375
0.00687026977539062 -0.0370025634765625 -0.081787109375 0.486419677734375
0.0297966003417969 -0.0134048461914063 -0.3328857421875 0.23919677734375
0.0547943115234375 0.0150909423828125 -0.00840377807617187 0.0341053009033203
0.0478591918945313 -0.0189399719238281 0.3812255859375 -0.187652587890625
0.0191135406494141 -0.0304088592529297 0.14794921875 -0.502410888671875
-0.00694084167480469 -0.00551176071166992 -0.30987548828125 -0.316314697265625
-0.00663948059082031 0.0193634033203125 -0.324371337890625 0.071624755859375
0.00504016876220703 0.0111379623413086 -0.143218994140625 0.2154541015625
0.0054473876953125 -0.00513505935668945 0.0384368896484375 0.168197631835938
-0.00414896011352539 0.00595951080322266 0.115921020507813 0.04345703125
-0.00476408004760742 -0.0017237663269043 -0.113616943359375 -0.0587921142578125
0.00841140747070313 -0.00602960586547852 -0.0201416015625 -0.165008544921875
0.0118026733398437 0.00405788421630859 0.15936279296875 -0.1903076171875
0.00371551513671875 0.02154541015625 0.350341796875 -0.040283203125
-0.00460529327392578 0.0130138397216797 0.29754638671875 0.3143310546875
0.00384712219238281 -0.0324630737304688 -0.064361572265625 0.487335205078125
0.0210838317871094 -0.0114116668701172 -0.329803466796875 0.250518798828125
0.0440101623535156 0.0139617919921875 -0.0203018188476562 0.0382308959960938
0.0411872863769531 -0.0173454284667969 0.384307861328125 -0.17132568359375
0.0177078247070313 -0.0270462036132812 0.167999267578125 -0.497283935546875
-0.00425529479980469 -0.00318670272827148 -0.299652099609375 -0.330352783203125
-0.00187301635742187 0.0195198059082031 -0.329132080078125 0.05926513671875
0.00604438781738281 0.0111942291259766 -0.151077270507813 0.209732055664063
0.0051884651184082 -0.00663375854492187 0.035064697265625 0.168350219726563
-0.00389337539672852 0.00291562080383301 0.114921569824219 0.0446395874023437
-0.00552845001220703 -0.00490474700927734 -0.115074157714844 -0.0578994750976562
0.00810384750366211 -0.00829553604125977 -0.0236968994140625 -0.16571044921875
0.0123405456542969 0.00266647338867188 0.151885986328125 -0.195083618164063
0.00835800170898438 0.0225009918212891 0.347198486328125 -0.0487060546875
-0.00127220153808594 0.0162315368652344 0.30181884765625 0.307281494140625
0.00112152099609375 -0.0258712768554687 -0.0540771484375 0.49005126953125
0.00970172882080078 -0.00830650329589844 -0.32666015625 0.25982666015625
0.030792236328125 0.0124759674072266 -0.02545166015625 0.04327392578125
0.0309963226318359 -0.0145988464355469 0.389556884765625 -0.160430908203125
0.0140285491943359 -0.0213031768798828 0.184051513671875 -0.493438720703125
-0.00155961513519287 0.00130271911621094 -0.2928466796875 -0.338775634765625
0.00237083435058594 0.0203838348388672 -0.332672119140625 0.049652099609375
0.00868415832519531 0.0104789733886719 -0.156402587890625 0.203781127929687
0.00690746307373047 -0.00948619842529297 0.033416748046875 0.166244506835938
-0.003875732421875 0.000271558761596679 0.114524841308594 0.0450515747070313
-0.00609159469604492 -0.00542163848876953 -0.115715026855469 -0.0578536987304688
0.00918674468994141 -0.011113166809082 -0.024261474609375 -0.168075561523437
0.0141782760620117 0.00171852111816406 0.148178100585938 -0.196914672851563
0.0111198425292969 0.0228996276855469 0.34393310546875 -0.0517578125
0.00151252746582031 0.0204830169677734 0.30487060546875 0.3050537109375
-0.00126075744628906 -0.0195064544677734 -0.050445556640625 0.492340087890625
-0.000769376754760742 -0.00252532958984375 -0.3248291015625 0.26422119140625
0.0145654678344727 0.0124788284301758 -0.0256423950195313 0.0463790893554688
0.0193157196044922 -0.0111675262451172 0.39306640625 -0.15460205078125
0.0104484558105469 -0.0158319473266602 0.190704345703125 -0.492095947265625
-0.000408172607421876 0.00596904754638672 -0.289794921875 -0.3408203125
0.00485801696777344 0.0210990905761719 -0.3349609375 0.0449218749999999
0.0103425979614258 0.01031494140625 -0.15887451171875 0.199462890625
0.00707626342773438 -0.0115261077880859 0.033203125 0.164199829101563
-0.00292086601257324 -0.00137186050415039 0.115608215332031 0.0430526733398438
-0.00756168365478516 -0.00488615036010742 -0.117149353027344 -0.0578231811523437
0.0100374221801758 -0.0119314193725586 -0.0244903564453125 -0.170379638671875
0.0145425796508789 0.000333786010742188 0.14532470703125 -0.20111083984375
0.013427734375 0.0238018035888672 0.343719482421875 -0.055572509765625
0.00390243530273437 0.0228347778320313 0.30718994140625 0.30517578125
-0.00375175476074219 -0.0127687454223633 -0.045196533203125 0.497283935546875
-0.0105819702148438 0.00330924987792969 -0.317474365234375 0.2705078125
0.00204658508300781 0.0128211975097656 -0.0159263610839844 0.0492591857910156
0.00889205932617188 -0.00749874114990234 0.395782470703125 -0.162567138671875
0.00627040863037109 -0.00924491882324219 0.181488037109375 -0.495880126953125
0.000527381896972657 0.010798454284668 -0.297607421875 -0.3343505859375
0.00732421875 0.0213680267333984 -0.336151123046875 0.051605224609375
0.0115509033203125 0.00771999359130859 -0.15521240234375 0.199111938476563
0.00809288024902344 -0.0138435363769531 0.036224365234375 0.1600341796875
-0.00330662727355957 -0.00151920318603516 0.116836547851563 0.039642333984375
-0.00533390045166016 0.0114717483520508 -0.111770629882812 -0.0667343139648438
0.0150442123413086 0.00135421752929687 -0.00617980957031249 -0.167999267578125
0.00728178024291992 0.00437164306640625 0.188583374023438 -0.171463012695313
-0.0106563568115234 0.0185298919677734 0.36492919921875 0.0107421875
-0.01373291015625 0.00532627105712891 0.253936767578125 0.361724853515625
0.0126800537109375 -0.03515625 -0.13604736328125 0.476165771484375
0.0360755920410156 -0.00319290161132812 -0.32989501953125 0.204833984375
0.0528564453125 0.0220069885253906 0.0386238098144531 0.02801513671875
0.0433235168457031 -0.0147514343261719 0.37652587890625 -0.232330322265625
0.0148048400878906 -0.0270709991455078 0.086639404296875 -0.512176513671875
-0.0139083862304688 -0.00336837768554687 -0.340911865234375 -0.269561767578125
-0.0129070281982422 0.0171880722045898 -0.305694580078125 0.108154296875
0.00265979766845703 0.00633430480957031 -0.11895751953125 0.22454833984375
0.00906658172607422 -0.00150966644287109 0.050628662109375 0.1588134765625
-0.00550556182861328 0.0162343978881836 0.11993408203125 0.0348587036132813
-0.00438594818115234 0.00924873352050781 -0.112174987792969 -0.0646743774414062
0.0133543014526367 0.000795364379882813 -0.0101776123046875 -0.166519165039063
0.0073390007019043 0.00509738922119141 0.1832275390625 -0.17584228515625
-0.00812339782714844 0.0191078186035156 0.3643798828125 -0.00213623046875
-0.0121784210205078 0.00488758087158203 0.26495361328125 0.35205078125
0.0117607116699219 -0.0383415222167969 -0.119049072265625 0.479095458984375
0.0388984680175781 -0.00911712646484375 -0.331390380859375 0.214630126953125
0.0595512390136719 0.0199966430664062 0.0230579376220703 0.0281982421875
0.0486221313476562 -0.0187835693359375 0.375396728515625 -0.220672607421875
0.0169258117675781 -0.0310821533203125 0.10455322265625 -0.51123046875
-0.0131874084472656 -0.00614738464355469 -0.332855224609375 -0.282135009765625
-0.012176513671875 0.0179176330566406 -0.311279296875 0.0980224609375
0.00295495986938476 0.00801897048950195 -0.1259765625 0.223846435546875
0.00764656066894531 -0.00168514251708984 0.0474700927734375 0.163177490234375
-0.00379371643066406 0.0140600204467773 0.120109558105469 0.0387725830078125
-0.00378131866455078 0.00599098205566406 -0.113037109375 -0.062103271484375
0.0109872817993164 -0.000657081604003906 -0.01422119140625 -0.164505004882813
0.00910377502441406 0.00536632537841797 0.175521850585937 -0.180984497070312
-0.00504684448242187 0.0199871063232422 0.361114501953125 -0.015869140625
-0.010371208190918 0.00639820098876953 0.27850341796875 0.337249755859375
0.00954055786132813 -0.0396804809570312 -0.09857177734375 0.48175048828125
0.037078857421875 -0.012939453125 -0.331329345703125 0.227142333984375
0.0603485107421875 0.0175323486328125 0.00714111328125001 0.0303936004638672
0.0510597229003906 -0.0193099975585938 0.377716064453125 -0.20550537109375
0.0185127258300781 -0.0326042175292969 0.123809814453125 -0.507720947265625
-0.0107879638671875 -0.00658130645751953 -0.32196044921875 -0.298828125
-0.00967025756835937 0.0178909301757813 -0.31756591796875 0.08660888671875
0.00323390960693359 0.00974369049072266 -0.133346557617187 0.220504760742188
0.00663566589355469 -0.00311613082885742 0.0428314208984375 0.166778564453125
-0.00394535064697266 0.0110092163085938 0.117561340332031 0.0415191650390625
-0.00385522842407227 0.00268220901489258 -0.11383056640625 -0.0600967407226562
0.00990486145019531 -0.00325298309326172 -0.018768310546875 -0.164581298828125
0.0100383758544922 0.00542831420898438 0.166854858398438 -0.186294555664063
-0.00011444091796875 0.0211391448974609 0.355438232421875 -0.03082275390625
-0.00711297988891601 0.00871181488037109 0.289215087890625 0.3226318359375
0.00754547119140625 -0.0379104614257813 -0.0799560546875 0.482757568359375
0.0304317474365234 -0.0125751495361328 -0.33123779296875 0.239837646484375
0.0547561645507812 0.0157394409179687 -0.00898170471191406 0.0346202850341797
0.0478973388671875 -0.0193061828613281 0.3798828125 -0.189788818359375
0.0184154510498047 -0.0313587188720703 0.1463623046875 -0.50128173828125
-0.00775527954101562 -0.00625467300415039 -0.3121337890625 -0.31414794921875
-0.00585746765136719 0.0187892913818359 -0.3236083984375 0.0734863281249999
0.00482368469238281 0.0101385116577148 -0.142120361328125 0.216278076171875
0.00577974319458008 -0.00434064865112305 0.0398101806640625 0.168411254882813
-0.00425386428833008 0.00680780410766601 0.117225646972656 0.0433807373046875
-0.00348830223083496 -0.00142669677734375 -0.114295959472656 -0.057647705078125
0.00870132446289063 -0.00650310516357422 -0.021820068359375 -0.165084838867188
0.0110673904418945 0.00354290008544922 0.15728759765625 -0.19091796875
0.00415229797363282 0.0217781066894531 0.3516845703125 -0.042510986328125
-0.00430965423583984 0.0115699768066406 0.298553466796875 0.310760498046875
0.0038299560546875 -0.0330047607421875 -0.0621337890625 0.48687744140625
0.0206851959228516 -0.0110492706298828 -0.326904296875 0.25177001953125
0.0444717407226563 0.0136451721191406 -0.0200729370117188 0.0394783020019531
0.0404548645019531 -0.0174674987792969 0.3822021484375 -0.172332763671875
0.0168800354003906 -0.0268688201904297 0.16607666015625 -0.49688720703125
-0.00407099723815918 -0.00244545936584473 -0.301025390625 -0.326416015625
-0.00104331970214844 0.0194759368896484 -0.3280029296875 0.0606689453125
0.00643157958984375 0.0107622146606445 -0.149795532226562 0.211044311523438
0.00586605072021484 -0.00707578659057617 0.0367279052734375 0.168350219726563
-0.00350522994995117 0.00246810913085938 0.116172790527344 0.043731689453125
-0.0044865608215332 -0.00366067886352539 -0.115547180175781 -0.0579452514648438
0.00840663909912109 -0.00863265991210938 -0.0240936279296875 -0.1651611328125
0.0133934020996094 0.00236701965332031 0.150146484375 -0.195541381835938
0.0089874267578125 0.0230865478515625 0.3470458984375 -0.050811767578125
-0.0006256103515625 0.0153102874755859 0.303955078125 0.304290771484375
0.00015449523925781 -0.0268039703369141 -0.05230712890625 0.489349365234375
0.0101251602172852 -0.00848197937011719 -0.324310302734375 0.26031494140625
0.0302066802978516 0.0124053955078125 -0.0259475708007812 0.0423583984375
0.0307559967041016 -0.0142154693603516 0.387603759765625 -0.1611328125
0.0137844085693359 -0.0221977233886719 0.182647705078125 -0.491851806640625
-0.00162649154663086 0.00103282928466797 -0.294342041015625 -0.33660888671875
0.00263023376464844 0.0200614929199219 -0.331329345703125 0.0514221191406251
0.00775241851806641 0.0105495452880859 -0.155609130859375 0.204193115234375
0.00551891326904297 -0.00953292846679687 0.0345458984375 0.166671752929688
-0.00237226486206055 9.36985015869144E-05 0.116172790527344 0.0438079833984375
-0.00492143630981445 -0.00560712814331055 -0.116783142089844 -0.0572662353515625
0.00856685638427734 -0.0104532241821289 -0.0257720947265625 -0.167373657226563
0.0139627456665039 0.00123786926269531 0.147247314453125 -0.198333740234375
0.0116233825683594 0.0226497650146484 0.343475341796875 -0.054046630859375
0.00238037109375 0.0193233489990234 0.306365966796875 0.30242919921875
-0.00184059143066406 -0.0210781097412109 -0.0478515625 0.490325927734375
-0.000260114669799804 -0.00266385078430176 -0.32196044921875 0.266082763671875
0.0149145126342773 0.0127229690551758 -0.0247840881347656 0.0463027954101562
0.0193500518798828 -0.0108757019042969 0.391387939453125 -0.1563720703125
0.00998401641845703 -0.0148859024047852 0.1881103515625 -0.49078369140625
3.81469726562501E-05 0.00562047958374024 -0.29071044921875 -0.339019775390625
0.00601768493652343 0.0215244293212891 -0.334625244140625 0.0473632812499999
0.0102424621582031 0.00925064086914063 -0.157699584960938 0.199737548828125
0.00719165802001953 -0.0114059448242188 0.033721923828125 0.163436889648438
-0.00412631034851074 -0.00165128707885742 0.116058349609375 0.042205810546875
-0.00617647171020508 -0.00436210632324219 -0.11737060546875 -0.0573043823242187
0.00984573364257813 -0.0124006271362305 -0.026763916015625 -0.170913696289062
0.0149917602539063 -0.000349998474121094 0.14361572265625 -0.202117919921875
0.0142784118652344 0.0229225158691406 0.342864990234375 -0.05859375
0.00470352172851563 0.0230178833007813 0.3096923828125 0.30120849609375
-0.00441455841064453 -0.0140876770019531 -0.042572021484375 0.4942626953125
-0.00868463516235352 0.00319623947143555 -0.315216064453125 0.27044677734375
0.00099945068359375 0.0129003524780273 -0.01568603515625 0.048736572265625
0.00800609588623047 -0.00663518905639648 0.394256591796875 -0.1639404296875
0.00575923919677734 -0.00884342193603516 0.178619384765625 -0.494842529296875
-0.000233650207519531 0.0102500915527344 -0.298980712890625 -0.33197021484375
0.00767135620117188 0.0211658477783203 -0.334442138671875 0.05364990234375
0.0119161605834961 0.00768566131591797 -0.15399169921875 0.2003173828125
0.00753974914550781 -0.0136041641235352 0.03814697265625 0.160659790039063
-0.00259900093078613 -0.00210094451904297 0.117820739746094 0.0386581420898438
-0.00511074066162109 0.0112266540527344 -0.112380981445313 -0.0661544799804687
0.0148496627807617 0.000646591186523438 -0.00794982910156249 -0.168319702148437
0.00644016265869141 0.00432729721069336 0.187606811523438 -0.173095703125
-0.0102615356445313 0.0192050933837891 0.365875244140625 0.00775146484375
-0.0127983093261719 0.00545024871826172 0.254638671875 0.36004638671875
0.0121231079101562 -0.0351066589355469 -0.133270263671875 0.474853515625
0.0361404418945313 -0.003631591796875 -0.32763671875 0.20550537109375
0.0526657104492188 0.0226936340332031 0.0385627746582031 0.0282402038574219
0.0426368713378906 -0.0154953002929687 0.37530517578125 -0.23223876953125
0.0138225555419922 -0.0263938903808594 0.085296630859375 -0.51153564453125
-0.0143136978149414 -0.00364398956298828 -0.340362548828125 -0.266265869140625
-0.0130844116210938 0.0178928375244141 -0.3046875 0.10980224609375
0.00344228744506836 0.00627517700195313 -0.117568969726562 0.2247314453125
0.00869989395141602 -0.00123214721679688 0.051483154296875 0.159317016601563
-0.00402069091796875 0.0168256759643555 0.121322631835938 0.035125732421875
-0.00433158874511719 0.0086517333984375 -0.112510681152344 -0.0637054443359375
0.0129470825195313 3.62396240234375E-05 -0.0111236572265625 -0.166580200195313
0.00734043121337891 0.00486564636230469 0.181655883789063 -0.176559448242188
-0.0086212158203125 0.0195655822753906 0.36383056640625 -0.00567626953125
-0.0123386383056641 0.00397300720214843 0.267669677734375 0.34722900390625
0.0119895935058594 -0.0389747619628906 -0.116302490234375 0.477752685546875
0.0391502380371094 -0.00865554809570313 -0.32958984375 0.215362548828125
0.0599708557128906 0.0199851989746094 0.0238800048828125 0.0277194976806641
0.0488128662109375 -0.0179100036621094 0.375946044921875 -0.222808837890625
0.0164470672607422 -0.0317192077636719 0.101409912109375 -0.509613037109375
-0.012385368347168 -0.00562763214111328 -0.331756591796875 -0.281341552734375
-0.0117893218994141 0.0177936553955078 -0.310302734375 0.10015869140625
0.00351381301879883 0.00841760635375977 -0.12469482421875 0.224029541015625
0.0078282356262207 -0.00170660018920898 0.04827880859375 0.162689208984375
-0.00394439697265625 0.0144252777099609 0.1202392578125 0.0375900268554688
-0.00366783142089844 0.00560808181762695 -0.113250732421875 -0.0622482299804688
0.0114974975585938 -0.00132083892822266 -0.01513671875 -0.164779663085938
0.00836324691772461 0.00537490844726563 0.174850463867188 -0.181930541992188
-0.004058837890625 0.0211620330810547 0.36041259765625 -0.019378662109375
-0.0100345611572266 0.00564765930175781 0.280303955078125 0.333984375
0.00943374633789063 -0.0398674011230469 -0.0960693359375 0.481109619140625
0.0371170043945313 -0.0117111206054688 -0.330352783203125 0.228363037109375
0.061065673828125 0.0177726745605469 0.00673294067382813 0.0301475524902344
0.0502471923828125 -0.0191268920898437 0.377166748046875 -0.206024169921875
0.0180931091308594 -0.0321998596191406 0.121673583984375 -0.50823974609375
-0.00996303558349609 -0.00694561004638672 -0.322540283203125 -0.2955322265625
-0.00923538208007813 0.0178413391113281 -0.316314697265625 0.0882568359375
0.00353717803955078 0.00993061065673828 -0.1324462890625 0.221145629882813
0.00592708587646484 -0.00284671783447266 0.044403076171875 0.167282104492188
-0.00367259979248047 0.0105838775634766 0.118804931640625 0.04052734375
-0.00377273559570312 0.00236272811889648 -0.113548278808594 -0.059234619140625
0.0101871490478516 -0.00329017639160156 -0.019866943359375 -0.1634521484375
0.0102043151855469 0.00447940826416016 0.165084838867188 -0.187728881835938
-4.57763671875015E-05 0.0212459564208984 0.3558349609375 -0.032501220703125
-0.00684213638305664 0.00842380523681641 0.292083740234375 0.320068359375
0.0068817138671875 -0.0379257202148438 -0.076995849609375 0.48309326171875
0.0305881500244141 -0.0129547119140625 -0.327880859375 0.241302490234375
0.0556106567382813 0.0154495239257813 -0.00833511352539062 0.0339832305908203
0.047332763671875 -0.0184402465820313 0.3795166015625 -0.189422607421875
0.0177440643310547 -0.0318260192871094 0.143524169921875 -0.501983642578125
-0.00724220275878906 -0.00622892379760742 -0.312530517578125 -0.3121337890625
-0.004913330078125 0.0188827514648438 -0.32183837890625 0.0747680664062501
0.00550937652587891 0.0109291076660156 -0.14031982421875 0.216354370117188
0.00547552108764648 -0.00495100021362305 0.040802001953125 0.168655395507813
-0.00295352935791016 0.00705480575561523 0.117042541503906 0.0423126220703125
-0.00360631942749023 -0.00123167037963867 -0.115226745605469 -0.0575332641601563
0.00851249694824219 -0.00571155548095703 -0.02301025390625 -0.164398193359375
0.0114126205444336 0.0035247802734375 0.155685424804688 -0.192245483398438
0.00555229187011719 0.0229549407958984 0.349853515625 -0.044219970703125
-0.00356388092041016 0.0116233825683594 0.300537109375 0.308990478515625
0.00364303588867187 -0.0335903167724609 -0.05926513671875 0.484222412109375
0.0216636657714844 -0.0121364593505859 -0.32513427734375 0.250396728515625
0.0444297790527344 0.0140113830566406 -0.0199737548828125 0.0385780334472656
0.0404472351074219 -0.016815185546875 0.38232421875 -0.173187255859375
0.0172920227050781 -0.0278072357177734 0.164703369140625 -0.496612548828125
-0.00381159782409668 -0.00335931777954102 -0.302734375 -0.32611083984375
-0.000972747802734374 0.0195903778076172 -0.326995849609375 0.0621948242187499
0.00738620758056641 0.0106220245361328 -0.148284912109375 0.21099853515625
0.00559043884277344 -0.00750589370727539 0.0378265380859375 0.168304443359375
-0.0028069019317627 0.00278949737548828 0.117294311523438 0.043853759765625
-0.00444269180297852 -0.00368595123291016 -0.116539001464844 -0.0562210083007813
0.00803375244140625 -0.00895214080810547 -0.026336669921875 -0.164901733398438
0.0121498107910156 0.00163936614990234 0.149124145507813 -0.196029663085938
0.00930023193359375 0.0222415924072266 0.34564208984375 -0.05389404296875
0.000341415405273436 0.01470947265625 0.30548095703125 0.30108642578125
0.000358581542968753 -0.0275535583496094 -0.0496826171875 0.488128662109375
0.0108194351196289 -0.00784969329833985 -0.321502685546875 0.261474609375
0.0301265716552734 0.0130157470703125 -0.0256881713867187 0.0426559448242188
0.0312404632568359 -0.0143451690673828 0.386016845703125 -0.16082763671875
0.0139255523681641 -0.0220527648925781 0.17987060546875 -0.49139404296875
-0.00144195556640625 0.000159025192260742 -0.29388427734375 -0.333587646484375
0.00281906127929687 0.02081298828125 -0.331634521484375 0.052001953125
0.00858497619628906 0.0106697082519531 -0.15411376953125 0.205795288085938
0.00562095642089844 -0.00963115692138672 0.035797119140625 0.166717529296875
-0.00321626663208008 -3.81469726562465E-06 0.116004943847656 0.0439376831054688
-0.00571823120117188 -0.00513029098510742 -0.117851257324219 -0.0566329956054687
0.00869083404541015 -0.0112056732177734 -0.0276336669921875 -0.167495727539062
0.0144863128662109 0.000842094421386719 0.14569091796875 -0.19891357421875
0.0117473602294922 0.022857666015625 0.3431396484375 -0.05621337890625
0.00232887268066406 0.0187969207763672 0.307281494140625 0.299530029296875
-0.00232315063476563 -0.0204620361328125 -0.046417236328125 0.49017333984375
0.000331878662109375 -0.00251412391662598 -0.319915771484375 0.265625
0.0152397155761719 0.0125732421875 -0.024566650390625 0.046722412109375
0.0195140838623047 -0.0106887817382813 0.390380859375 -0.15673828125
0.00997066497802735 -0.0164880752563477 0.18670654296875 -0.489349365234375
0.000372886657714844 0.00619411468505859 -0.293212890625 -0.3370361328125
0.00655555725097656 0.0207672119140625 -0.333251953125 0.04852294921875
0.0102109909057617 0.00919151306152344 -0.15655517578125 0.20037841796875
0.00634479522705078 -0.012049674987793 0.0357666015625 0.16339111328125
-0.00273633003234863 -0.00135374069213867 0.116958618164063 0.0424957275390625
-0.00700759887695313 -0.00440454483032227 -0.118446350097656 -0.0565948486328125
0.0101127624511719 -0.0119037628173828 -0.02838134765625 -0.170562744140625
0.0147838592529297 -0.000402450561523437 0.142379760742188 -0.204147338867188
0.0140151977539063 0.0232620239257813 0.341552734375 -0.0595703125
0.00468635559082031 0.0215415954589844 0.31231689453125 0.2979736328125
-0.00474262237548828 -0.0140199661254883 -0.040252685546875 0.493560791015625
-0.00941658020019531 0.00345134735107422 -0.31341552734375 0.2716064453125
0.00157356262207031 0.0136642456054688 -0.0164260864257813 0.0487442016601563
0.00826168060302734 -0.00742816925048828 0.39361572265625 -0.16571044921875
0.00538921356201172 -0.00955486297607422 0.177490234375 -0.493408203125
0.000294685363769532 0.00926399230957031 -0.29986572265625 -0.330230712890625
0.00878334045410156 0.020965576171875 -0.333404541015625 0.05511474609375
0.011387825012207 0.00843048095703125 -0.152053833007813 0.200897216796875
0.00751972198486328 -0.0130701065063477 0.0385589599609375 0.160415649414062
-0.00229334831237793 -0.00140881538391113 0.118247985839844 0.0388717651367188
-0.00481319427490234 0.0122461318969727 -0.113121032714844 -0.06573486328125
0.0148839950561523 0.000893592834472656 -0.009185791015625 -0.168380737304688
0.00668716430664063 0.00440073013305664 0.186111450195312 -0.173934936523437
-0.0099334716796875 0.0180416107177734 0.36566162109375 0.0050048828125
-0.0128726959228516 0.00492095947265625 0.255889892578125 0.357421875
0.0123367309570312 -0.0352783203125 -0.13092041015625 0.474945068359375
0.0361480712890625 -0.00373077392578125 -0.326171875 0.206787109375
0.0532913208007813 0.0213699340820313 0.038055419921875 0.0281829833984375
0.0430984497070313 -0.0150642395019531 0.37384033203125 -0.232879638671875
0.0139064788818359 -0.0269660949707031 0.084381103515625 -0.511260986328125
-0.0136737823486328 -0.00397682189941406 -0.341278076171875 -0.2655029296875
-0.0126791000366211 0.0170402526855469 -0.30462646484375 0.110076904296875
0.00372743606567383 0.00656747817993164 -0.115737915039063 0.22576904296875
0.00873136520385742 -0.00167179107666016 0.0533294677734375 0.159637451171875
-0.00446319580078125 0.0179500579833984 0.121536254882813 0.0345306396484375
-0.00383758544921875 0.00910282135009766 -0.113983154296875 -0.0631866455078125
0.013005256652832 0.000874519348144531 -0.012298583984375 -0.166549682617188
0.00765514373779297 0.00530576705932617 0.180801391601563 -0.178466796875
-0.00784492492675781 0.0189380645751953 0.364532470703125 -0.007110595703125
-0.0119438171386719 0.00380134582519531 0.26922607421875 0.34466552734375
0.0116806030273438 -0.039642333984375 -0.114898681640625 0.477081298828125
0.0391616821289063 -0.0092010498046875 -0.3294677734375 0.21661376953125
0.060333251953125 0.0196914672851563 0.0227832794189453 0.0282764434814453
0.0482673645019531 -0.0185813903808594 0.3746337890625 -0.2218017578125
0.0161705017089844 -0.0314083099365234 0.100372314453125 -0.509857177734375
-0.0123567581176758 -0.0062713623046875 -0.3333740234375 -0.278228759765625
-0.0109052658081055 0.0173406600952148 -0.309783935546875 0.10125732421875
0.00307559967041016 0.00872278213500977 -0.123443603515625 0.224639892578125
0.00759077072143555 -0.00144433975219727 0.0497283935546875 0.163177490234375
-0.00348186492919922 0.0147418975830078 0.120620727539062 0.037628173828125
-0.00282955169677734 0.00612831115722656 -0.112777709960938 -0.061187744140625
0.0108919143676758 -0.00123882293701172 -0.015411376953125 -0.164779663085938
0.00821542739868164 0.00482416152954101 0.172958374023438 -0.183319091796875
-0.00381851196289063 0.0201625823974609 0.360565185546875 -0.021392822265625
-0.0101280212402344 0.00494384765625 0.28057861328125 0.3321533203125
0.00951385498046875 -0.0407943725585938 -0.093994140625 0.480224609375
0.0371627807617188 -0.0125770568847656 -0.3282470703125 0.22882080078125
0.0612411499023438 0.0173072814941406 0.00552177429199219 0.0306453704833984
0.0500068664550781 -0.0197677612304688 0.375732421875 -0.20721435546875
0.0183029174804688 -0.0326442718505859 0.11956787109375 -0.506866455078125
-0.00960731506347656 -0.00712203979492187 -0.324310302734375 -0.293914794921875
-0.00877761840820312 0.0177936553955078 -0.31561279296875 0.08941650390625
0.00418376922607422 0.00974750518798828 -0.131362915039062 0.222381591796875
0.00620746612548828 -0.00243759155273438 0.046051025390625 0.167236328125
-0.00316524505615234 0.0104656219482422 0.118911743164063 0.0400009155273438
-0.00328660011291504 0.00214838981628418 -0.1141357421875 -0.0585479736328125
0.00887870788574219 -0.00365734100341797 -0.0208587646484375 -0.163970947265625
0.00960445404052734 0.00441169738769531 0.163619995117188 -0.189651489257813
0.000694274902343751 0.0211181640625 0.355194091796875 -0.0364990234375
-0.00663614273071289 0.00764274597167969 0.292938232421875 0.316986083984375
0.0068206787109375 -0.03826904296875 -0.0755615234375 0.482757568359375
0.0308685302734375 -0.0135784149169922 -0.32757568359375 0.2408447265625
0.0555458068847656 0.0154228210449219 -0.00913047790527343 0.034210205078125
0.0469856262207031 -0.0185317993164063 0.379180908203125 -0.190216064453125
0.0185298919677734 -0.0318450927734375 0.141876220703125 -0.50164794921875
-0.00707435607910156 -0.00651025772094727 -0.31390380859375 -0.309906005859375
-0.00479698181152344 0.01861572265625 -0.321197509765625 0.075775146484375
0.00522422790527344 0.0106058120727539 -0.139694213867188 0.21661376953125
0.00533819198608398 -0.00457143783569336 0.042572021484375 0.168258666992187
-0.00229406356811524 0.00731706619262695 0.118080139160156 0.0418243408203125
-0.00298905372619629 -0.000930547714233399 -0.115440368652344 -0.0569915771484375
0.00847434997558594 -0.00633573532104492 -0.0251922607421875 -0.1646728515625
0.0110683441162109 0.00385284423828125 0.15484619140625 -0.194137573242188
0.00526046752929688 0.0215854644775391 0.349884033203125 -0.04803466796875
-0.003082275390625 0.0110330581665039 0.30255126953125 0.306304931640625
0.00316238403320313 -0.0340194702148437 -0.057861328125 0.484405517578125
0.0213165283203125 -0.0126056671142578 -0.32537841796875 0.25189208984375
0.044952392578125 0.0137443542480469 -0.0194091796875 0.0386276245117188
0.0400199890136719 -0.0167922973632813 0.38128662109375 -0.175201416015625
0.0164203643798828 -0.0282402038574219 0.162994384765625 -0.4969482421875
-0.0041196346282959 -0.00343513488769531 -0.303955078125 -0.3232421875
-0.000171661376953126 0.01983642578125 -0.32757568359375 0.0634765625000001
0.00711727142333984 0.0108194351196289 -0.147003173828125 0.211868286132813
0.00542640686035156 -0.00777244567871094 0.0388641357421875 0.168838500976563
-0.00192999839782715 0.00296139717102051 0.117485046386719 0.0440292358398438
-0.00480747222900391 -0.00381088256835937 -0.118057250976563 -0.0561981201171875
0.00838661193847656 -0.00909709930419922 -0.027496337890625 -0.16558837890625
0.0125970840454102 0.00285148620605469 0.147491455078125 -0.198089599609375
0.00928306579589844 0.022796630859375 0.3460693359375 -0.055816650390625
-0.00043773651123047 0.0148801803588867 0.306549072265625 0.29705810546875
0.000610351562499998 -0.0281124114990234 -0.0467529296875 0.48785400390625
0.010345458984375 -0.00831508636474609 -0.321136474609375 0.260711669921875
0.030242919921875 0.0135822296142578 -0.0251922607421875 0.0432929992675781
0.0299472808837891 -0.0148735046386719 0.3856201171875 -0.163116455078125
0.0136356353759766 -0.0221462249755859 0.17840576171875 -0.49298095703125
-0.00115597248077393 0.000265359878540039 -0.29571533203125 -0.332061767578125
0.00365066528320312 0.0208053588867188 -0.33123779296875 0.053680419921875
0.00875759124755859 0.0100231170654297 -0.152664184570312 0.206649780273437
0.00574588775634766 -0.00965309143066406 0.037322998046875 0.167129516601563
-0.00207173824310303 0.000437617301940918 0.1177978515625 0.0433578491210938
-0.00592851638793945 -0.00417995452880859 -0.11871337890625 -0.0550460815429688
0.00859451293945313 -0.0110073089599609 -0.0283203125 -0.168228149414063
0.014225959777832 0.000935554504394531 0.14398193359375 -0.200149536132813
0.0129909515380859 0.0224380493164062 0.34320068359375 -0.058868408203125
0.00295639038085937 0.0189113616943359 0.30859375 0.29644775390625
-0.00214767456054687 -0.0211925506591797 -0.044189453125 0.489990234375
-0.000140190124511719 -0.00267720222473145 -0.31951904296875 0.26556396484375
0.0153827667236328 0.0126562118530273 -0.0250205993652344 0.0470085144042969
0.0189876556396484 -0.0104751586914063 0.3909912109375 -0.1588134765625
0.00960826873779297 -0.015716552734375 0.184539794921875 -0.491424560546875
-0.00010824203491211 0.00514459609985352 -0.29327392578125 -0.335235595703125
0.00727462768554688 0.0209999084472656 -0.332855224609375 0.0489807128906249
0.00976848602294922 0.00905418395996094 -0.154800415039063 0.202499389648437
0.00647258758544922 -0.0122079849243164 0.0372467041015625 0.16400146484375
-0.00220298767089844 -0.00117826461791992 0.11798095703125 0.042236328125
-0.00569820404052734 -0.00356674194335938 -0.119125366210938 -0.0558547973632812
0.00935268402099609 -0.0125741958618164 -0.0292510986328125 -0.170806884765625
0.0148239135742187 -0.000334739685058594 0.14129638671875 -0.20428466796875
0.0148906707763672 0.0227584838867187 0.3416748046875 -0.06341552734375
0.00592422485351562 0.0214118957519531 0.312530517578125 0.294891357421875
-0.00428867340087891 -0.0150089263916016 -0.0374755859375 0.4932861328125
-0.00867557525634766 0.00348615646362305 -0.3121337890625 0.272308349609375
0.00158977508544922 0.0139656066894531 -0.0168418884277344 0.0486526489257813
0.00803375244140625 -0.00708770751953125 0.39312744140625 -0.1673583984375
0.00513172149658203 -0.00957012176513672 0.175201416015625 -0.4954833984375
0.000858306884765626 0.0092010498046875 -0.300567626953125 -0.3280029296875
0.00897026062011719 0.0206241607666016 -0.333038330078125 0.055908203125
0.0112466812133789 0.00810432434082031 -0.151702880859375 0.201446533203125
0.00754547119140625 -0.0133829116821289 0.040191650390625 0.160690307617188
-0.00238680839538574 -0.00144100189208984 0.118598937988281 0.0385894775390625
-0.00370597839355469 0.0117883682250977 -0.113555908203125 -0.0654220581054687
0.0149335861206055 0.000947952270507812 -0.00958251953125 -0.169189453125
0.00689506530761719 0.00330829620361328 0.18536376953125 -0.175811767578125
-0.00927925109863281 0.0181751251220703 0.367034912109375 0.003570556640625
-0.0123262405395508 0.00399398803710937 0.259002685546875 0.354827880859375
0.0116310119628906 -0.0357933044433594 -0.12969970703125 0.4744873046875
0.0365676879882812 -0.00371170043945312 -0.325042724609375 0.206787109375
0.0538749694824219 0.0223846435546875 0.0377197265625 0.02728271484375
0.0429878234863281 -0.0149955749511719 0.374755859375 -0.234283447265625
0.013885498046875 -0.0272693634033203 0.0821533203125 -0.511444091796875
-0.0137968063354492 -0.00453376770019532 -0.341552734375 -0.263916015625
-0.0123453140258789 0.0171680450439453 -0.304107666015625 0.11090087890625
0.00369739532470703 0.00627326965332031 -0.114959716796875 0.225921630859375
0.00886917114257813 -0.00176048278808594 0.054840087890625 0.159805297851563
-0.00299835205078125 0.0175065994262695 0.122688293457031 0.0344619750976563
-0.00289058685302734 0.00927925109863281 -0.114128112792969 -0.0628280639648438
0.0128307342529297 0.000246047973632813 -0.0133056640625 -0.167587280273437
0.007171630859375 0.00435972213745117 0.179779052734375 -0.179855346679688
-0.00715827941894531 0.0186939239501953 0.3642578125 -0.00982666015625
-0.0112981796264648 0.00366878509521484 0.27044677734375 0.343902587890625
0.0118522644042969 -0.0401344299316406 -0.11212158203125 0.47760009765625
0.0400466918945313 -0.00844573974609375 -0.3272705078125 0.2161865234375
0.060089111328125 0.0203742980957031 0.0226974487304688 0.0287322998046875
0.048309326171875 -0.0187606811523438 0.3740234375 -0.22265625
0.0160617828369141 -0.0313014984130859 0.098907470703125 -0.51031494140625
-0.0126857757568359 -0.00633621215820313 -0.33477783203125 -0.278045654296875
-0.0108375549316406 0.0179367065429688 -0.308990478515625 0.1025390625
0.00315999984741211 0.00764608383178711 -0.122177124023438 0.2259521484375
0.00738620758056641 -0.00176668167114258 0.0509490966796875 0.164047241210938
-0.0030965805053711 0.0146884918212891 0.121429443359375 0.0374679565429688
-0.00246000289916992 0.00615119934082031 -0.114448547363281 -0.060394287109375
0.011347770690918 -0.00172710418701172 -0.017120361328125 -0.165313720703125
0.00890159606933594 0.00466537475585938 0.17205810546875 -0.1851806640625
-0.00411796569824219 0.0195350646972656 0.360748291015625 -0.0233154296875
-0.0098419189453125 0.00459003448486328 0.283966064453125 0.329254150390625
0.0094146728515625 -0.041168212890625 -0.092193603515625 0.479705810546875
0.0384025573730469 -0.01251220703125 -0.328155517578125 0.229400634765625
0.0613479614257813 0.0182533264160156 0.005950927734375 0.0302143096923828
0.0500831604003906 -0.0194168090820313 0.374847412109375 -0.208740234375
0.0178489685058594 -0.03326416015625 0.1192626953125 -0.50885009765625
-0.00982189178466797 -0.00774288177490234 -0.325958251953125 -0.29364013671875
-0.00781440734863281 0.017608642578125 -0.315338134765625 0.0906982421875
0.00359916687011719 0.00900459289550781 -0.130157470703125 0.223526000976563
0.00627040863037109 -0.00285673141479492 0.047576904296875 0.166915893554688
-0.00223636627197265 0.0108928680419922 0.11962890625 0.0405960083007813
-0.00319051742553711 0.00256061553955078 -0.1156005859375 -0.0582046508789063
0.00908851623535156 -0.00344181060791016 -0.0218963623046875 -0.16461181640625
0.00985622406005859 0.00488662719726563 0.163055419921875 -0.190673828125
0.000938415527343752 0.0209255218505859 0.355743408203125 -0.03729248046875
-0.00676584243774414 0.00739955902099609 0.29510498046875 0.315185546875
0.0061492919921875 -0.0391998291015625 -0.073516845703125 0.48309326171875
0.0312042236328125 -0.0134487152099609 -0.3267822265625 0.242889404296875
0.0559425354003906 0.015167236328125 -0.00955772399902344 0.0347480773925781
0.0465736389160156 -0.0193061828613281 0.3775634765625 -0.19091796875
0.0177383422851563 -0.0312671661376953 0.139678955078125 -0.5029296875
-0.00646018981933594 -0.0059666633605957 -0.314727783203125 -0.307891845703125
-0.00419807434082031 0.0182571411132813 -0.321319580078125 0.077484130859375
0.00515556335449219 0.0103416442871094 -0.138198852539063 0.218719482421875
0.0055232048034668 -0.00507593154907227 0.04412841796875 0.168685913085937
-0.00211668014526367 0.00660896301269531 0.118919372558594 0.0424652099609375
-0.00349330902099609 3.33786010742189E-05 -0.116485595703125 -0.0560684204101562
0.00865983963012695 -0.00620746612548828 -0.0256500244140625 -0.164779663085938
0.0109472274780273 0.00357437133789063 0.154052734375 -0.194534301757813
0.00586128234863281 0.0216865539550781 0.34991455078125 -0.049835205078125
-0.00258064270019531 0.00993251800537109 0.3035888671875 0.30340576171875
0.003814697265625 -0.0342884063720703 -0.05572509765625 0.484832763671875
0.02252197265625 -0.0121822357177734 -0.3233642578125 0.253265380859375
0.0446891784667969 0.0141334533691406 -0.0202713012695312 0.0393257141113281
0.0398597717285156 -0.0174446105957031 0.382568359375 -0.1756591796875
0.0168743133544922 -0.0280990600585938 0.1627197265625 -0.498077392578125
-0.00388932228088379 -0.00330185890197754 -0.30462646484375 -0.322235107421875
0.000612258911132814 0.0191516876220703 -0.326873779296875 0.065155029296875
0.00692081451416016 0.0102262496948242 -0.146408081054687 0.212905883789063
0.00542926788330078 -0.00734758377075195 0.0401763916015625 0.1693115234375
-0.00140023231506348 0.00305342674255371 0.11798095703125 0.0431671142578125
-0.00493717193603516 -0.00302362442016601 -0.118133544921875 -0.0560226440429688
0.00774288177490234 -0.009735107421875 -0.0294952392578125 -0.166259765625
0.0122747421264648 0.00248813629150391 0.146621704101562 -0.198760986328125
0.00940895080566406 0.0227375030517578 0.34576416015625 -0.0574951171875
0.000748634338378907 0.0146799087524414 0.307891845703125 0.295928955078125
0.000516891479492185 -0.0284690856933594 -0.04522705078125 0.4859619140625
0.0105209350585938 -0.00799751281738281 -0.320098876953125 0.262359619140625
0.0309944152832031 0.0134429931640625 -0.0262603759765625 0.042755126953125
0.030303955078125 -0.014068603515625 0.38519287109375 -0.163330078125
0.013702392578125 -0.0230445861816406 0.17822265625 -0.493011474609375
-0.00150740146636963 0.000247478485107422 -0.296600341796875 -0.33087158203125
0.00477218627929688 0.0196380615234375 -0.330780029296875 0.0560302734375
0.00905990600585938 0.0107250213623047 -0.151092529296875 0.207305908203125
0.00563716888427734 -0.00973320007324219 0.0380401611328125 0.167327880859375
-0.00220060348510742 0.000732660293579101 0.118148803710937 0.043487548828125
-0.00527858734130859 -0.00385951995849609 -0.119003295898437 -0.0553131103515625
0.00848770141601563 -0.0113182067871094 -0.0306854248046875 -0.167770385742188
0.0135221481323242 0.000995635986328125 0.143173217773438 -0.201812744140625
0.0132675170898438 0.0232410430908203 0.342926025390625 -0.060577392578125
0.00386428833007812 0.0180473327636719 0.3095703125 0.29400634765625
-0.00241661071777344 -0.0216312408447266 -0.03985595703125 0.48883056640625
0.000332355499267578 -0.0030980110168457 -0.316986083984375 0.267486572265625
0.0151643753051758 0.0136327743530273 -0.0250701904296875 0.0470046997070313
0.0183658599853516 -0.0106430053710938 0.39129638671875 -0.158447265625
0.00951099395751953 -0.0164642333984375 0.184417724609375 -0.491851806640625
8.58306884765624E-05 0.00536966323852539 -0.2945556640625 -0.334564208984375
0.00717735290527344 0.0208816528320313 -0.332794189453125 0.05029296875
0.0104351043701172 0.00925350189208984 -0.154815673828125 0.202438354492188
0.00589370727539062 -0.0124835968017578 0.037689208984375 0.16473388671875
-0.00168323516845703 -0.00116407871246338 0.118110656738281 0.0422821044921875
-0.00529289245605469 -0.00361108779907226 -0.119888305664063 -0.055633544921875
0.009368896484375 -0.0126514434814453 -0.0303497314453125 -0.171127319335938
0.0140705108642578 -0.000739097595214844 0.140182495117188 -0.205596923828125
0.0155715942382812 0.0227775573730469 0.341400146484375 -0.064910888671875
0.00573921203613281 0.0206718444824219 0.31427001953125 0.293426513671875
-0.00448513031005859 -0.0154056549072266 -0.03564453125 0.492523193359375
-0.00848674774169922 0.00283288955688476 -0.310089111328125 0.27264404296875
0.00211906433105469 0.0133285522460938 -0.0165863037109375 0.0492706298828125
0.00860786437988281 -0.00703287124633789 0.392669677734375 -0.166961669921875
0.00579452514648438 -0.0093231201171875 0.174957275390625 -0.4951171875
0.000937461853027343 0.00988292694091797 -0.30194091796875 -0.3271484375
0.00988006591796875 0.0201663970947266 -0.333343505859375 0.057830810546875
0.012080192565918 0.00790691375732422 -0.150970458984375 0.202499389648437
0.0068349838256836 -0.013636589050293 0.0411834716796875 0.161361694335937
-0.00175034999847412 -0.00160837173461914 0.11920166015625 0.0385208129882813
-0.00392341613769531 0.0134315490722656 -0.11505126953125 -0.0657119750976563
0.0148410797119141 0.000510215759277344 -0.0114898681640625 -0.170425415039062
0.00553464889526367 0.00377130508422852 0.1845703125 -0.177383422851562
-0.00979232788085938 0.0180988311767578 0.366790771484375 -6.10351562499989E-05
-0.0120697021484375 0.00423240661621094 0.260955810546875 0.35308837890625
0.0108680725097656 -0.0366935729980469 -0.127471923828125 0.475372314453125
0.0372734069824219 -0.0036468505859375 -0.32586669921875 0.208526611328125
0.0532951354980469 0.0228424072265625 0.0388031005859375 0.0279464721679687
0.0425949096679688 -0.0145530700683594 0.374359130859375 -0.2347412109375
0.0132503509521484 -0.0273399353027344 0.0816650390625 -0.512847900390625
-0.0139780044555664 -0.0044698715209961 -0.342498779296875 -0.26385498046875
-0.01171875 0.0173702239990234 -0.303466796875 0.1134033203125
0.00257539749145508 0.00642871856689453 -0.11444091796875 0.227935791015625
0.00912666320800781 -0.00195693969726562 0.056182861328125 0.159683227539063
-0.00253486633300781 0.0177249908447266 0.123359680175781 0.03350830078125
-0.00305271148681641 0.0101947784423828 -0.1148681640625 -0.0628662109375
0.0134191513061523 -0.000193595886230469 -0.014251708984375 -0.168350219726563
0.00735855102539063 0.00426149368286133 0.178955078125 -0.181854248046875
-0.00690650939941406 0.0188312530517578 0.365692138671875 -0.012054443359375
-0.011444091796875 0.00329399108886719 0.272857666015625 0.34197998046875
0.0115089416503906 -0.0409011840820313 -0.110595703125 0.47808837890625
0.0401229858398438 -0.00858688354492188 -0.32684326171875 0.218292236328125
0.0612907409667969 0.0196800231933594 0.022613525390625 0.0285148620605469
0.0480613708496094 -0.0190963745117188 0.373779296875 -0.224639892578125
0.0153236389160156 -0.0318832397460938 0.0972900390625 -0.511077880859375
-0.0128021240234375 -0.00644969940185547 -0.3360595703125 -0.2774658203125
-0.0109281539916992 0.0174922943115234 -0.3094482421875 0.104217529296875
0.0034174919128418 0.00818395614624023 -0.120773315429687 0.226852416992188
0.00676965713500977 -0.00226402282714844 0.052825927734375 0.165313720703125
-0.00315093994140625 0.0153846740722656 0.122627258300781 0.0368118286132813
-0.00266218185424805 0.00636386871337891 -0.115455627441406 -0.0599136352539062
0.0114908218383789 -0.00129604339599609 -0.0189056396484375 -0.16632080078125
0.00830459594726563 0.00501489639282226 0.17095947265625 -0.186767578125
-0.00295448303222656 0.0195045471191406 0.362701416015625 -0.025390625
-0.00923633575439453 0.004486083984375 0.285308837890625 0.328155517578125
0.00916671752929687 -0.0421485900878906 -0.090362548828125 0.48040771484375
0.0378761291503906 -0.0131454467773437 -0.32745361328125 0.2303466796875
0.0617408752441406 0.0178184509277344 0.00512313842773438 0.0315341949462891
0.0496749877929687 -0.0198898315429687 0.376434326171875 -0.208770751953125
0.0171127319335938 -0.0336074829101563 0.11834716796875 -0.509368896484375
-0.0103464126586914 -0.00765895843505859 -0.326385498046875 -0.291839599609375
-0.00730514526367187 0.0182285308837891 -0.3154296875 0.0921325683593751
0.00440502166748047 0.00957202911376953 -0.128860473632813 0.2236328125
0.00547075271606445 -0.00262355804443359 0.0480804443359375 0.16748046875
-0.00179767608642578 0.0118265151977539 0.120925903320313 0.0394134521484375
-0.00320339202880859 0.0026240348815918 -0.116523742675781 -0.0582656860351562
0.00974178314208985 -0.00311279296875 -0.0235137939453125 -0.165390014648438
0.0093374252319336 0.00407314300537109 0.160507202148437 -0.191696166992187
0.00132942199707031 0.0204048156738281 0.355438232421875 -0.039825439453125
-0.00574588775634766 0.00668525695800781 0.297271728515625 0.313018798828125
0.00640869140625 -0.040252685546875 -0.071990966796875 0.482696533203125
0.0315017700195313 -0.0136318206787109 -0.3245849609375 0.24212646484375
0.0558509826660156 0.015533447265625 -0.0100898742675781 0.0350322723388672
0.0471038818359375 -0.0188102722167969 0.377410888671875 -0.19268798828125
0.0178108215332031 -0.0323429107666016 0.138671875 -0.5042724609375
-0.00652122497558594 -0.00728654861450195 -0.316131591796875 -0.308624267578125
-0.00400733947753906 0.0189609527587891 -0.321136474609375 0.07904052734375
0.00527191162109375 0.0105094909667969 -0.137542724609375 0.2193603515625
0.00499582290649414 -0.00450992584228516 0.045379638671875 0.169189453125
-0.00175714492797852 0.00706195831298828 0.120445251464844 0.0414199829101563
-0.00404191017150879 -0.000837087631225586 -0.116645812988281 -0.0554275512695312
0.00857162475585938 -0.00672388076782227 -0.026153564453125 -0.165191650390625
0.0108098983764648 0.00340652465820313 0.152862548828125 -0.197418212890625
0.00665855407714844 0.0214996337890625 0.3502197265625 -0.052154541015625
-0.00263023376464844 0.0101766586303711 0.305084228515625 0.303314208984375
0.00330734252929687 -0.0351486206054688 -0.0548095703125 0.484375
0.0223922729492188 -0.0118026733398438 -0.3233642578125 0.25372314453125
0.044677734375 0.0142097473144531 -0.02069091796875 0.039459228515625
0.0407638549804688 -0.0174369812011719 0.380615234375 -0.177490234375
0.0166816711425781 -0.0282382965087891 0.1597900390625 -0.4993896484375
-0.00458669662475586 -0.00399494171142578 -0.306243896484375 -0.32159423828125
0.000156402587890623 0.0183696746826172 -0.326416015625 0.0668640136718749
0.00700092315673828 0.0108146667480469 -0.145904541015625 0.2135009765625
0.00493860244750977 -0.00678873062133789 0.04217529296875 0.169891357421875
-0.000998020172119141 0.00334668159484863 0.119384765625 0.0432052612304687
-0.00371766090393066 -0.00289559364318848 -0.118858337402344 -0.0554962158203125
0.00771141052246094 -0.00951671600341797 -0.030548095703125 -0.1668701171875
0.0118293762207031 0.00242328643798828 0.145828247070313 -0.200119018554688
0.0101585388183594 0.0218467712402344 0.345916748046875 -0.0594482421875
0.00202465057373047 0.0137529373168945 0.311065673828125 0.294952392578125
0.000133514404296878 -0.0287818908691406 -0.043731689453125 0.487396240234375
0.0105953216552734 -0.00810432434082031 -0.3187255859375 0.26300048828125
0.0301380157470703 0.0145168304443359 -0.0260772705078125 0.0425491333007813
0.0296173095703125 -0.0144462585449219 0.384735107421875 -0.165252685546875
0.0128879547119141 -0.022064208984375 0.17578125 -0.493896484375
-0.000844836235046387 0.000635087490081787 -0.297088623046875 -0.331024169921875
0.00442123413085938 0.0203475952148438 -0.33062744140625 0.0570068359374999
0.00875473022460938 0.00970077514648438 -0.15020751953125 0.208648681640625
0.00617885589599609 -0.00974941253662109 0.0392913818359375 0.167877197265625
-0.00116121768951416 0.000749588012695313 0.118377685546875 0.043609619140625
-0.00516700744628906 -0.00389242172241211 -0.120285034179688 -0.0555419921875
0.00774288177490234 -0.0107307434082031 -0.03125 -0.168655395507813
0.0138645172119141 0.000916481018066406 0.142959594726563 -0.2037353515625
0.0135440826416016 0.0226783752441406 0.343719482421875 -0.063018798828125
0.00428009033203125 0.0171318054199219 0.3131103515625 0.2916259765625
-0.00275039672851562 -0.0216617584228516 -0.038238525390625 0.487945556640625
0.000290155410766602 -0.00255131721496582 -0.316650390625 0.2681884765625
0.0157623291015625 0.0132513046264648 -0.0258331298828125 0.0475883483886719
0.0181865692138672 -0.0107040405273437 0.38946533203125 -0.16064453125
0.00919818878173828 -0.0166378021240234 0.1832275390625 -0.49407958984375
-0.000258445739746094 0.00514554977416992 -0.2955322265625 -0.333160400390625
0.00776290893554687 0.0209522247314453 -0.333221435546875 0.052520751953125
0.0106258392333984 0.00944137573242188 -0.1541748046875 0.203811645507813
0.00571823120117188 -0.0123558044433594 0.038787841796875 0.1644287109375
-0.00135993957519531 -0.000582456588745117 0.120025634765625 0.0410003662109375
-0.00525188446044922 -0.00295305252075195 -0.120208740234375 -0.0555496215820313
0.00904655456542969 -0.0128040313720703 -0.03228759765625 -0.170257568359375
0.0137529373168945 -0.000794410705566406 0.139266967773438 -0.207443237304688
0.0153789520263672 0.0227794647216797 0.34228515625 -0.06793212890625
0.00626564025878906 0.0197906494140625 0.3172607421875 0.2916259765625
-0.00534439086914063 -0.016392707824707 -0.033966064453125 0.49200439453125
-0.00776481628417969 0.00329303741455078 -0.309783935546875 0.27325439453125
0.00194835662841797 0.0143957138061523 -0.0161094665527344 0.049468994140625
0.00811910629272461 -0.00684881210327148 0.3934326171875 -0.16912841796875
0.00431156158447266 -0.0105514526367188 0.174224853515625 -0.4974365234375
0.000914573669433593 0.00896930694580078 -0.303497314453125 -0.325653076171875
0.0102481842041016 0.0207347869873047 -0.3326416015625 0.05938720703125
0.0114040374755859 0.00863456726074219 -0.150604248046875 0.202377319335938
0.00745010375976562 -0.0139350891113281 0.0423736572265625 0.161346435546875
-0.000961422920227051 -0.0011756420135498 0.120361328125 0.03778076171875
-0.00398826599121094 0.0132665634155273 -0.115997314453125 -0.0649642944335938
0.0149917602539062 2.76565551757812E-05 -0.012237548828125 -0.170181274414063
0.00645780563354492 0.00362014770507813 0.184097290039062 -0.179092407226563
-0.00854682922363281 0.0175724029541016 0.36865234375 -0.001495361328125
-0.0119590759277344 0.00295734405517578 0.263916015625 0.352752685546875
0.0113372802734375 -0.0375900268554688 -0.125823974609375 0.475738525390625
0.0377197265625 -0.0037689208984375 -0.324462890625 0.209197998046875
0.0541267395019531 0.0221939086914063 0.0377960205078125 0.0278282165527344
0.0423049926757813 -0.0152778625488281 0.3736572265625 -0.23675537109375
0.0126285552978516 -0.0282630920410156 0.07916259765625 -0.51336669921875
-0.0134525299072266 -0.00452041625976562 -0.345367431640625 -0.261505126953125
-0.0117206573486328 0.0169944763183594 -0.30401611328125 0.114715576171875
0.00387477874755859 0.00653219223022461 -0.112167358398437 0.229080200195313
0.00894832611083984 -0.00186538696289063 0.0577392578125 0.161056518554688
-0.00224113464355469 0.0182952880859375 0.124832153320312 0.0333404541015625
-0.00220489501953125 0.0107183456420898 -0.115676879882813 -0.0620803833007813
0.0127992630004883 0.000143051147460938 -0.0162506103515625 -0.168136596679688
0.00677967071533203 0.00404644012451172 0.17822265625 -0.183502197265625
-0.0059356689453125 0.0190792083740234 0.366455078125 -0.01422119140625
-0.0110626220703125 0.00307083129882812 0.275177001953125 0.34100341796875
0.0112991333007812 -0.0413169860839844 -0.109710693359375 0.47821044921875
0.0411758422851563 -0.00906753540039063 -0.32635498046875 0.218902587890625
0.0608367919921875 0.0196990966796875 0.0226802825927734 0.0284519195556641
0.04803466796875 -0.0178565979003906 0.374359130859375 -0.225616455078125
0.0151424407958984 -0.0322170257568359 0.0955810546875 -0.5126953125
-0.0129241943359375 -0.00736713409423828 -0.33819580078125 -0.275299072265625
-0.0103864669799805 0.0173673629760742 -0.3095703125 0.105926513671875
0.0037989616394043 0.00772285461425781 -0.120819091796875 0.22808837890625
0.0069732666015625 -0.0018458366394043 0.0539703369140625 0.165481567382813
-0.00176239013671875 0.0148086547851563 0.123428344726563 0.036773681640625
-0.00206661224365234 0.00641822814941406 -0.115989685058594 -0.0601272583007812
0.0102605819702148 -0.00175380706787109 -0.0196685791015625 -0.166763305664063
0.00791549682617188 0.0050053596496582 0.170166015625 -0.18792724609375
-0.00240325927734375 0.0201339721679688 0.362762451171875 -0.0286865234375
-0.00867843627929688 0.00369548797607422 0.289398193359375 0.327392578125
0.00915908813476563 -0.04296875 -0.088714599609375 0.48101806640625
0.0378913879394531 -0.01226806640625 -0.325592041015625 0.230804443359375
0.0619544982910156 0.0180091857910156 0.00640296936035156 0.0306587219238281
0.0504226684570313 -0.0198631286621094 0.37493896484375 -0.21044921875
0.0172576904296875 -0.0332851409912109 0.115936279296875 -0.510986328125
-0.0099020004272461 -0.00853347778320312 -0.328338623046875 -0.292236328125
-0.00744438171386719 0.0183696746826172 -0.31634521484375 0.0930175781249999
0.0045318603515625 0.0102558135986328 -0.128570556640625 0.225631713867187
0.00621604919433594 -0.00290775299072266 0.0501556396484375 0.168060302734375
-0.00200271606445312 0.0114097595214844 0.122215270996094 0.0388031005859375
-0.00308609008789062 0.00254011154174805 -0.117454528808594 -0.058197021484375
0.00985622406005859 -0.00432109832763672 -0.024566650390625 -0.165496826171875
0.00935173034667969 0.00386428833007813 0.161087036132813 -0.194183349609375
0.00220870971679687 0.0207023620605469 0.356201171875 -0.042327880859375
-0.00647544860839844 0.00659751892089844 0.29931640625 0.31201171875
0.0059967041015625 -0.0399742126464844 -0.0689697265625 0.48284912109375
0.0319805145263672 -0.01373291015625 -0.32476806640625 0.24468994140625
0.0568389892578125 0.0159835815429688 -0.00971794128417968 0.0347900390625
0.0471649169921875 -0.0185165405273438 0.3787841796875 -0.194580078125
0.0174522399902344 -0.0325145721435547 0.137451171875 -0.506927490234375
-0.00659751892089844 -0.00732278823852539 -0.317718505859375 -0.306915283203125
-0.00317192077636719 0.0181140899658203 -0.322113037109375 0.0809020996093751
0.00533580780029297 0.0107994079589844 -0.135635375976562 0.221389770507813
0.00519990921020508 -0.00474643707275391 0.0468597412109375 0.169815063476563
-0.000629901885986328 0.00812387466430664 0.120933532714844 0.04205322265625
-0.00303077697753906 -0.000665664672851562 -0.11810302734375 -0.0558929443359375
0.00810623168945313 -0.00639724731445313 -0.02813720703125 -0.165786743164063
0.0112524032592773 0.00389671325683594 0.151504516601563 -0.198165893554688
0.00706291198730469 0.0212650299072266 0.351776123046875 -0.054229736328125
-0.00219631195068359 0.00951004028320313 0.308624267578125 0.30035400390625
0.00267791748046875 -0.0357170104980469 -0.051605224609375 0.48492431640625
0.0222225189208984 -0.0122795104980469 -0.3223876953125 0.255157470703125
0.0459442138671875 0.0150299072265625 -0.0203361511230469 0.0386466979980469
0.0399742126464844 -0.0174484252929688 0.380584716796875 -0.17864990234375
0.0158271789550781 -0.0289821624755859 0.15753173828125 -0.50091552734375
-0.00326633453369141 -0.00440359115600586 -0.308685302734375 -0.321014404296875
0.000865936279296877 0.0188560485839844 -0.3280029296875 0.0685424804687501
0.00749111175537109 0.0107526779174805 -0.144973754882812 0.214584350585937
0.00492668151855469 -0.00770473480224609 0.0430908203125 0.170440673828125
-0.000483989715576172 0.00352287292480469 0.120101928710938 0.0428237915039063
-0.00473690032958984 -0.00253915786743164 -0.119316101074219 -0.0546417236328125
0.00744152069091797 -0.00979423522949219 -0.0314178466796875 -0.166717529296875
0.0125627517700195 0.00211906433105469 0.145172119140625 -0.202880859375
0.0114479064941406 0.0216999053955078 0.346527099609375 -0.06292724609375
0.00156688690185547 0.0129251480102539 0.312835693359375 0.2930908203125
-0.000551223754882815 -0.0298137664794922 -0.040008544921875 0.485687255859375
0.0116968154907227 -0.00874519348144531 -0.31829833984375 0.264312744140625
0.0310707092285156 0.01300048828125 -0.0265541076660156 0.043426513671875
0.0303897857666016 -0.0138683319091797 0.386016845703125 -0.1671142578125
0.0127906799316406 -0.0232315063476563 0.174346923828125 -0.496978759765625
-0.000585317611694336 0.000527083873748779 -0.30023193359375 -0.329864501953125
0.0054473876953125 0.0204429626464844 -0.331390380859375 0.058380126953125
0.00857067108154297 0.010249137878418 -0.15008544921875 0.209335327148437
0.00544357299804688 -0.0101795196533203 0.0414276123046875 0.168258666992188
-0.000908970832824707 0.000222980976104736 0.1202392578125 0.0434417724609375
-0.00431489944458008 -0.00340938568115234 -0.120697021484375 -0.054473876953125
0.00885963439941406 -0.0114307403564453 -0.0323333740234375 -0.16912841796875
0.0142755508422852 0.000848770141601562 0.141448974609375 -0.205123901367187
0.0145225524902344 0.0225009918212891 0.3427734375 -0.066986083984375
0.0043487548828125 0.0162839889526367 0.313995361328125 0.29095458984375
-0.00281715393066406 -0.0228176116943359 -0.0360107421875 0.48992919921875
0.00149703025817871 -0.00364828109741211 -0.316497802734375 0.269378662109375
0.0164775848388672 0.0134954452514648 -0.0248069763183594 0.0471878051757812
0.0181369781494141 -0.0110607147216797 0.391510009765625 -0.161468505859375
0.00889205932617188 -0.0168857574462891 0.181396484375 -0.496002197265625
0.000860691070556641 0.00426054000854492 -0.298797607421875 -0.3336181640625
0.00889396667480469 0.0207023620605469 -0.333953857421875 0.0539855957031251
0.00992488861083984 0.00906085968017578 -0.153976440429688 0.204177856445313
0.00612926483154297 -0.0121116638183594 0.0407562255859375 0.166213989257812
-0.000229477882385254 -0.0003509521484375 0.121139526367187 0.0413665771484375
-0.00513553619384766 -0.00273370742797852 -0.121162414550781 -0.0546035766601563
0.00925540924072266 -0.0131683349609375 -0.0333709716796875 -0.171859741210938
0.0140886306762695 -0.00113010406494141 0.137893676757813 -0.208984375
0.0156841278076172 0.0225925445556641 0.342437744140625 -0.070404052734375
0.00650405883789063 0.0197620391845703 0.3182373046875 0.289459228515625
-0.00506210327148438 -0.016016960144043 -0.0313720703125 0.491912841796875
-0.00844287872314453 0.00315237045288086 -0.30889892578125 0.275054931640625
0.00230312347412109 0.0152549743652344 -0.0170249938964844 0.0499382019042969
0.00725364685058594 -0.00667619705200195 0.393585205078125 -0.17022705078125
0.00468635559082031 -0.0101566314697266 0.17132568359375 -0.498260498046875
0.00133037567138672 0.00903701782226563 -0.306182861328125 -0.326690673828125
0.0108871459960938 0.0206756591796875 -0.333160400390625 0.060577392578125
0.0114727020263672 0.00750160217285156 -0.15087890625 0.204879760742188
0.00706958770751953 -0.0143346786499023 0.0442352294921875 0.161666870117188
-0.000816702842712402 -0.0012204647064209 0.121513366699219 0.0373992919921875
-0.00294685363769531 0.0134010314941406 -0.116874694824219 -0.0640869140625
0.0147876739501953 -0.000128746032714844 -0.014190673828125 -0.171600341796875
0.00697183609008789 0.00352764129638672 0.184112548828125 -0.181503295898437
-0.00829124450683594 0.0185966491699219 0.369171142578125 -0.004486083984375
-0.0105667114257813 0.00345516204833984 0.266510009765625 0.350616455078125
0.011383056640625 -0.0380172729492188 -0.123443603515625 0.476470947265625
0.0373001098632813 -0.00401687622070313 -0.325653076171875 0.210968017578125
0.0548973083496094 0.0229530334472656 0.0384483337402344 0.0275917053222656
0.0427207946777344 -0.0153656005859375 0.37530517578125 -0.23919677734375
0.0127201080322266 -0.028411865234375 0.078857421875 -0.516876220703125
-0.0131950378417969 -0.0047607421875 -0.34674072265625 -0.261016845703125
-0.0108108520507813 0.017085075378418 -0.304962158203125 0.116607666015625
0.00323629379272461 0.00645208358764649 -0.112213134765625 0.23016357421875
0.00862789154052734 -0.00149869918823242 0.05902099609375 0.161468505859375
-0.000959396362304686 0.0184478759765625 0.125236511230469 0.032745361328125
-0.00239944458007813 0.0108442306518555 -0.116607666015625 -0.0615463256835938
0.0136032104492188 -0.000357627868652344 -0.0177764892578125 -0.169784545898437
0.00673389434814453 0.00449800491333008 0.177932739257813 -0.185623168945313
-0.00604820251464844 0.0188140869140625 0.366851806640625 -0.0179443359375
-0.0100240707397461 0.00220108032226562 0.27899169921875 0.340576171875
0.0107765197753906 -0.0418128967285156 -0.10723876953125 0.4808349609375
0.0406570434570313 -0.00933837890625 -0.32611083984375 0.220611572265625
0.0618667602539063 0.019927978515625 0.0224323272705078 0.0291786193847656
0.048095703125 -0.0182571411132813 0.37420654296875 -0.228515625
0.0150012969970703 -0.0323486328125 0.093994140625 -0.515625
-0.0121746063232422 -0.00705814361572265 -0.340087890625 -0.275421142578125
-0.00948715209960938 0.0174398422241211 -0.309814453125 0.107086181640625
0.00406312942504883 0.00777006149291992 -0.119430541992187 0.229507446289062
0.00787162780761719 -0.00191640853881836 0.0555419921875 0.166000366210938
-0.00089550018310547 0.0154056549072266 0.124099731445312 0.0366668701171875
-0.00139093399047852 0.00692462921142578 -0.117149353027344 -0.0599746704101563
0.0109024047851562 -0.00233840942382813 -0.0205535888671875 -0.167404174804688
0.00831127166748047 0.0046534538269043 0.16925048828125 -0.19091796875
-0.00208663940429688 0.0199813842773437 0.363189697265625 -0.03033447265625
-0.00842142105102539 0.00352716445922852 0.290924072265625 0.326080322265625
0.00936889648437501 -0.0428199768066406 -0.08642578125 0.481903076171875
0.0390129089355469 -0.0129318237304688 -0.326416015625 0.23291015625
0.0624923706054688 0.0186347961425781 0.00546646118164063 0.0314502716064453
0.0496711730957031 -0.0195770263671875 0.375091552734375 -0.212860107421875
0.0167446136474609 -0.0342063903808594 0.115325927734375 -0.51324462890625
-0.0103902816772461 -0.00835323333740234 -0.332061767578125 -0.29150390625
-0.00647544860839844 0.0177974700927734 -0.315765380859375 0.095306396484375
0.00385570526123047 0.00929927825927734 -0.127395629882813 0.227081298828125
0.00631237030029297 -0.00394439697265625 0.051544189453125 0.168792724609375
-0.00078296661376953 0.0118036270141602 0.123481750488281 0.03997802734375
-0.00195956230163574 0.00239467620849609 -0.11834716796875 -0.056732177734375
0.009490966796875 -0.00424480438232422 -0.026702880859375 -0.16656494140625
0.00951290130615234 0.00444602966308594 0.160751342773438 -0.196258544921875
0.00240516662597656 0.0206375122070312 0.35845947265625 -0.045684814453125
-0.00599050521850586 0.00557851791381836 0.30120849609375 0.309722900390625
0.00501251220703125 -0.0406913757324219 -0.0670166015625 0.485595703125
0.0324420928955078 -0.0138530731201172 -0.32537841796875 0.246124267578125
0.0561981201171875 0.0163154602050781 -0.0101318359375 0.03564453125
0.046295166015625 -0.0192337036132812 0.380615234375 -0.196044921875
0.0169925689697266 -0.0330524444580078 0.136322021484375 -0.508270263671875
-0.00683355331420899 -0.00681447982788086 -0.31903076171875 -0.306793212890625
-0.00230026245117187 0.0179595947265625 -0.322174072265625 0.082366943359375
0.00539112091064453 0.010009765625 -0.136138916015625 0.222671508789063
0.00503063201904297 -0.00447797775268555 0.048980712890625 0.170700073242188
-0.000881195068359375 0.00740528106689453 0.123123168945312 0.0414657592773437
-0.00219535827636719 0.000259518623352051 -0.119865417480469 -0.0546875
0.00846052169799805 -0.00668191909790039 -0.0304718017578125 -0.166458129882813
0.0106401443481445 0.00356101989746094 0.1510009765625 -0.200439453125
0.00653839111328125 0.0210990905761719 0.351470947265625 -0.057464599609375
-0.00192737579345703 0.00911712646484375 0.311981201171875 0.2999267578125
0.00261688232421875 -0.0365524291992187 -0.05029296875 0.486114501953125
0.0228176116943359 -0.0127410888671875 -0.321441650390625 0.256439208984375
0.045684814453125 0.0147857666015625 -0.0203933715820312 0.0398712158203125
0.0401687622070313 -0.0172996520996094 0.3814697265625 -0.18096923828125
0.0164012908935547 -0.0293331146240234 0.15875244140625 -0.5030517578125
-0.00339412689208984 -0.00425934791564941 -0.31011962890625 -0.32147216796875
0.001312255859375 0.0182323455810547 -0.3284912109375 0.0694885253906251
0.00754070281982422 0.0111227035522461 -0.144454956054687 0.217071533203125
0.00501775741577148 -0.0080709457397461 0.0442962646484375 0.171310424804688
-0.000508785247802735 0.00457334518432617 0.12103271484375 0.0427169799804688
-0.00418877601623535 -0.00176215171813965 -0.120780944824219 -0.0538177490234375
0.00761795043945312 -0.00915145874023437 -0.03314208984375 -0.167373657226563
0.0123939514160156 0.00259780883789063 0.143707275390625 -0.2041015625
0.0115928649902344 0.0222072601318359 0.347381591796875 -0.065673828125
0.00160408020019531 0.0122861862182617 0.315338134765625 0.2904052734375
-0.000190734863281253 -0.0308494567871094 -0.03955078125 0.48785400390625
0.0118770599365234 -0.00799655914306641 -0.317626953125 0.265838623046875
0.0310764312744141 0.0136833190917969 -0.0268440246582031 0.0438804626464844
0.0296249389648438 -0.0142021179199219 0.3861083984375 -0.16876220703125
0.0126914978027344 -0.0232810974121094 0.174041748046875 -0.499114990234375
-0.00107783079147339 -0.000282347202301026 -0.30303955078125 -0.3306884765625
0.005828857421875 0.0201492309570313 -0.33319091796875 0.0596313476562499
0.00882434844970703 0.0106029510498047 -0.14996337890625 0.210968017578125
0.00578022003173828 -0.0103759765625 0.0428466796875 0.170089721679688
-0.000331401824951172 0.00139153003692627 0.121002197265625 0.0423431396484375
-0.00466156005859375 -0.00336027145385742 -0.121864318847656 -0.0544204711914063
0.00784111022949219 -0.011683464050293 -0.034271240234375 -0.169281005859375
0.0139570236206055 0.000463485717773438 0.140106201171875 -0.206893920898438
0.014862060546875 0.0220661163330078 0.34527587890625 -0.069000244140625
0.00528240203857422 0.0161828994750977 0.318267822265625 0.289306640625
-0.00228309631347656 -0.0236282348632813 -0.034393310546875 0.490325927734375
0.00141716003417969 -0.00290679931640625 -0.31549072265625 0.270538330078125
0.0161237716674805 0.0132284164428711 -0.0252723693847656 0.0474052429199219
0.0182609558105469 -0.0106773376464844 0.39166259765625 -0.16387939453125
0.00784492492675781 -0.0170078277587891 0.180389404296875 -0.49664306640625
0.000477313995361328 0.00442075729370117 -0.3001708984375 -0.333404541015625
0.009857177734375 0.0203018188476563 -0.335113525390625 0.0557861328125
0.0106229782104492 0.00929737091064453 -0.152633666992188 0.206375122070313
0.00566005706787109 -0.0121326446533203 0.0421600341796875 0.166427612304688
0.000337034463882446 -0.0005359947681427 0.121353149414063 0.0407867431640625
-0.00477027893066406 -0.00264453887939453 -0.122665405273437 -0.054290771484375
0.00926494598388672 -0.0134086608886719 -0.0344390869140625 -0.171707153320313
0.0140409469604492 -0.000992774963378906 0.1373291015625 -0.210861206054687
0.0164356231689453 0.0224475860595703 0.343536376953125 -0.073211669921875
0.00670433044433594 0.0191707611083984 0.3218994140625 0.2872314453125
-0.00521659851074219 -0.0172233581542969 -0.029754638671875 0.493682861328125
-0.00726032257080078 0.00246334075927735 -0.3089599609375 0.27685546875
0.00226974487304687 0.0140695571899414 -0.0172119140625 0.0499725341796875
0.00791072845458984 -0.00661468505859375 0.39410400390625 -0.171905517578125
0.00332450866699219 -0.010767936706543 0.171600341796875 -0.50030517578125
0.00121498107910156 0.00895023345947266 -0.308807373046875 -0.32574462890625
0.0109653472900391 0.0201396942138672 -0.333526611328125 0.0624694824218751
0.0114717483520508 0.0067596435546875 -0.14892578125 0.206680297851562
0.00750255584716797 -0.0140419006347656 0.045257568359375 0.16326904296875
-0.000170484185218811 -0.000254899263381958 0.122467041015625 0.0372695922851563
-0.00210857391357422 0.0139169692993164 -0.118492126464844 -0.0642471313476563
0.015167236328125 -0.0006561279296875 -0.015472412109375 -0.172897338867188
0.00586175918579102 0.00350475311279297 0.182342529296875 -0.18389892578125
-0.00812721252441406 0.0179805755615234 0.371307373046875 -0.00726318359375
-0.0111255645751953 0.00220489501953125 0.2705078125 0.35064697265625
0.0106010437011719 -0.0382652282714844 -0.11993408203125 0.47821044921875
0.037933349609375 -0.00429153442382813 -0.3248291015625 0.212005615234375
0.0546112060546875 0.0227508544921875 0.0377616882324219 0.0281867980957031
0.0434799194335938 -0.0154457092285156 0.37518310546875 -0.241058349609375
0.0126380920410156 -0.0277347564697266 0.076019287109375 -0.517913818359375
-0.0134401321411133 -0.00428390502929688 -0.350494384765625 -0.26043701171875
-0.0110483169555664 0.0170106887817383 -0.30517578125 0.1190185546875
0.00376510620117188 0.00566387176513672 -0.111160278320313 0.232589721679687
0.00895786285400391 -0.00147533416748047 0.060791015625 0.16162109375
-4.00543212890612E-05 0.0186672210693359 0.126594543457031 0.0325851440429688
-0.00154590606689453 0.0114612579345703 -0.118827819824219 -0.06146240234375
0.0129222869873047 -0.00140857696533203 -0.018951416015625 -0.169509887695312
0.0070958137512207 0.00407552719116211 0.17724609375 -0.188201904296875
-0.00535011291503906 0.0188808441162109 0.368896484375 -0.020660400390625
-0.0101957321166992 0.00206851959228515 0.2816162109375 0.33795166015625
0.0103569030761719 -0.0428504943847656 -0.105621337890625 0.481292724609375
0.0412483215332031 -0.00954818725585938 -0.325469970703125 0.22174072265625
0.0618324279785156 0.0208473205566406 0.0225276947021484 0.0295181274414063
0.048095703125 -0.0186538696289063 0.376007080078125 -0.229644775390625
0.0149993896484375 -0.0326747894287109 0.092620849609375 -0.517730712890625
-0.0122785568237305 -0.00713157653808594 -0.3416748046875 -0.2750244140625
-0.00929069519042969 0.0179615020751953 -0.310699462890625 0.109771728515625
0.00407695770263672 0.00760316848754883 -0.118545532226563 0.23187255859375
0.0080265998840332 -0.00205326080322266 0.057464599609375 0.16595458984375
-0.000642776489257812 0.0158071517944336 0.125907897949219 0.0360336303710938
-0.00118780136108398 0.00831413269042969 -0.118438720703125 -0.0587310791015625
0.0105533599853516 -0.00299263000488281 -0.0232696533203125 -0.167724609375
0.00765323638916016 0.00456428527832031 0.169357299804688 -0.19305419921875
-0.00181388854980469 0.0197200775146484 0.365509033203125 -0.033782958984375
-0.00791215896606445 0.00299072265625 0.293487548828125 0.324432373046875
0.00890350341796875 -0.0430755615234375 -0.084686279296875 0.48419189453125
0.03900146484375 -0.0133857727050781 -0.32574462890625 0.235321044921875
0.0628738403320313 0.0181236267089844 0.00545692443847657 0.0319557189941406
0.0500335693359375 -0.0194549560546875 0.377105712890625 -0.21588134765625
0.0166835784912109 -0.0347404479980469 0.11346435546875 -0.516082763671875
-0.0100507736206055 -0.00814056396484375 -0.334136962890625 -0.291046142578125
-0.00656795501708985 0.0173683166503906 -0.317291259765625 0.09796142578125
0.00464534759521484 0.009246826171875 -0.126861572265625 0.229354858398438
0.00648832321166992 -0.00286436080932617 0.05389404296875 0.169403076171875
0.000542640686035156 0.0119619369506836 0.124580383300781 0.038787841796875
-0.00143170356750488 0.00379490852355957 -0.119880676269531 -0.0569839477539063
0.00879096984863281 -0.00536918640136719 -0.0273590087890625 -0.167449951171875
0.00922775268554688 0.00441265106201172 0.1591796875 -0.1981201171875
0.00282669067382813 0.0200366973876953 0.359527587890625 -0.048858642578125
-0.00532436370849609 0.00611448287963867 0.305328369140625 0.308319091796875
0.00487136840820313 -0.0418891906738281 -0.06463623046875 0.486175537109375
0.0328865051269531 -0.0139179229736328 -0.32373046875 0.247344970703125
0.0573005676269531 0.0162277221679688 -0.0105438232421875 0.0356254577636719
0.04644775390625 -0.0194892883300781 0.379852294921875 -0.1988525390625
0.0164051055908203 -0.0329494476318359 0.134552001953125 -0.510955810546875
-0.00673961639404297 -0.00739049911499024 -0.32342529296875 -0.306182861328125
-0.00226974487304687 0.0183773040771484 -0.32403564453125 0.084503173828125
0.00515651702880859 0.0105247497558594 -0.135101318359375 0.224288940429688
0.00552892684936524 -0.00487327575683594 0.0502777099609375 0.171844482421875
-4.95910644531252E-05 0.00769472122192383 0.123497009277344 0.04107666015625
-0.00159573554992676 -0.00015103816986084 -0.120193481445313 -0.0546035766601563
0.00800275802612305 -0.00707149505615234 -0.0313720703125 -0.16754150390625
0.0102949142456055 0.00346088409423828 0.150802612304688 -0.20281982421875
0.00764656066894531 0.02105712890625 0.35394287109375 -0.060333251953125
-0.00207805633544922 0.00771713256835937 0.31427001953125 0.296722412109375
0.002197265625 -0.0368843078613281 -0.047576904296875 0.48748779296875
0.0229473114013672 -0.0129737854003906 -0.322265625 0.25958251953125
0.046661376953125 0.0148124694824219 -0.0210227966308594 0.0393905639648438
0.0400428771972656 -0.0170631408691406 0.383544921875 -0.182830810546875
0.0158329010009766 -0.0296802520751953 0.15655517578125 -0.5054931640625
-0.00337862968444824 -0.00377750396728516 -0.3125 -0.320343017578125
0.00183296203613281 0.0187606811523438 -0.329742431640625 0.0718078613281251
0.00680160522460937 0.0100431442260742 -0.143051147460937 0.219070434570313
0.00521945953369141 -0.00716972351074219 0.046539306640625 0.17156982421875
0.000718593597412109 0.00401020050048828 0.122917175292969 0.0422592163085937
-0.00315666198730469 -0.00179338455200195 -0.122573852539063 -0.0540542602539063
0.00767803192138672 -0.00983333587646484 -0.0349273681640625 -0.168365478515625
0.0121173858642578 0.00190639495849609 0.143234252929687 -0.2066650390625
0.0115413665771484 0.0215110778808594 0.348724365234375 -0.06915283203125
0.00193405151367187 0.0123090744018555 0.318756103515625 0.2896728515625
-0.000749588012695312 -0.0315952301025391 -0.037139892578125 0.488739013671875
0.0119342803955078 -0.00857639312744141 -0.3187255859375 0.267547607421875
0.0317211151123047 0.0140743255615234 -0.0261726379394531 0.0448951721191406
0.0291347503662109 -0.0134391784667969 0.3878173828125 -0.171478271484375
0.0130405426025391 -0.0243663787841797 0.172576904296875 -0.502197265625
-0.000908970832824707 -6.67572021484365E-06 -0.304534912109375 -0.3289794921875
0.00623703002929688 0.0199756622314453 -0.333282470703125 0.06170654296875
0.00940895080566406 0.0107641220092773 -0.148956298828125 0.212814331054687
0.00456333160400391 -0.00992298126220703 0.0439453125 0.170120239257813
0.000389814376831055 0.00139188766479492 0.122276306152344 0.0427169799804688
-0.00411701202392578 -0.00320029258728027 -0.123130798339844 -0.0536956787109375
0.00802993774414063 -0.0120677947998047 -0.0361175537109375 -0.170272827148438
0.0139331817626953 0.000537872314453125 0.138916015625 -0.208755493164063
0.0154743194580078 0.0228919982910156 0.3453369140625 -0.07208251953125
0.0054616928100586 0.0161714553833008 0.3199462890625 0.287628173828125
-0.00269889831542969 -0.0248069763183594 -0.03155517578125 0.491973876953125
0.00180578231811523 -0.0035700798034668 -0.3148193359375 0.27288818359375
0.0166015625 0.0140504837036133 -0.0255317687988281 0.0473480224609375
0.0181121826171875 -0.0102615356445313 0.391387939453125 -0.166168212890625
0.00844383239746094 -0.0173473358154297 0.179443359375 -0.501861572265625
0.000838041305541992 0.00415921211242676 -0.304046630859375 -0.33209228515625
0.0101242065429688 0.0202751159667969 -0.3363037109375 0.0581054687499999
0.0105085372924805 0.00952720642089844 -0.152175903320313 0.208572387695312
0.00564289093017578 -0.0121545791625977 0.044891357421875 0.167938232421875
0.000340372323989868 -0.000229090452194214 0.122451782226562 0.0407333374023437
-0.00399017333984375 -0.00185227394104004 -0.123970031738281 -0.0538101196289062
0.00917816162109375 -0.01361083984375 -0.03692626953125 -0.1724853515625
0.0143346786499023 -0.00126743316650391 0.135635375976563 -0.213104248046875
0.0172271728515625 0.0218620300292969 0.344573974609375 -0.076568603515625
0.00703239440917969 0.0191898345947266 0.3245849609375 0.286956787109375
-0.00538444519042969 -0.0175685882568359 -0.0262451171875 0.494537353515625
-0.00748634338378906 0.00348043441772461 -0.308563232421875 0.278564453125
0.00272750854492187 0.0142908096313477 -0.0162467956542969 0.0504913330078125
0.00731468200683594 -0.00621700286865234 0.395111083984375 -0.174285888671875
0.00379753112792969 -0.0100288391113281 0.169403076171875 -0.503753662109375
0.00214958190917969 0.00877904891967773 -0.31146240234375 -0.326690673828125
0.0122604370117187 0.0195999145507812 -0.3358154296875 0.0637817382812501
0.0124006271362305 0.00778102874755859 -0.148117065429687 0.207733154296875
0.00648307800292969 -0.0140972137451172 0.0471649169921875 0.163162231445313
0.000537991523742676 -0.00126421451568603 0.124053955078125 0.0369110107421875
-0.00132274627685547 0.0146007537841797 -0.119461059570313 -0.0639877319335937
0.0151920318603516 -0.000584602355957031 -0.0175628662109375 -0.173614501953125
0.00632429122924805 0.00318241119384766 0.182052612304687 -0.18707275390625
-0.00815773010253906 0.0174198150634766 0.373321533203125 -0.01092529296875
-0.0114898681640625 0.00270557403564453 0.2738037109375 0.348236083984375
0.01043701171875 -0.0398483276367187 -0.118316650390625 0.480438232421875
0.0382003784179688 -0.00378036499023437 -0.32421875 0.214508056640625
0.0555152893066406 0.0225067138671875 0.0377693176269531 0.0284385681152344
0.04248046875 -0.0160865783691406 0.376220703125 -0.245269775390625
0.0123691558837891 -0.0287075042724609 0.073699951171875 -0.521240234375
-0.0135126113891602 -0.00468635559082031 -0.3538818359375 -0.259735107421875
-0.0103549957275391 0.0172624588012695 -0.3050537109375 0.121795654296875
0.00336170196533203 0.00693607330322266 -0.109634399414063 0.234161376953125
0.00905323028564453 -0.00213527679443359 0.0627593994140625 0.163055419921875
0.000112533569335935 0.0188808441162109 0.128364562988281 0.0327072143554688
-0.00155067443847656 0.0110273361206055 -0.118736267089844 -0.0608749389648437
0.0130701065063477 -0.000726699829101563 -0.0201568603515625 -0.171340942382813
0.0066685676574707 0.00378131866455078 0.176406860351563 -0.190673828125
-0.00453948974609375 0.0184974670410156 0.3707275390625 -0.024322509765625
-0.0102243423461914 0.00124359130859375 0.285675048828125 0.337066650390625
0.00967025756835938 -0.0431938171386719 -0.1019287109375 0.4825439453125
0.04144287109375 -0.0101280212402344 -0.32623291015625 0.224395751953125
0.0625572204589844 0.0206260681152344 0.0224056243896484 0.0290775299072266
0.0479240417480469 -0.0188674926757813 0.37493896484375 -0.232391357421875
0.0141677856445312 -0.0328006744384766 0.0889892578125 -0.5205078125
-0.0124673843383789 -0.00711822509765625 -0.3448486328125 -0.27337646484375
-0.00869369506835938 0.0170621871948242 -0.311309814453125 0.112640380859375
0.00373268127441406 0.00847911834716797 -0.116744995117187 0.23370361328125
0.0076298713684082 -0.00198078155517578 0.059967041015625 0.1669921875
0.000200271606445314 0.0159940719604492 0.127212524414063 0.0356521606445313
-0.000886917114257813 0.00751447677612305 -0.119735717773438 -0.0585250854492187
0.0111017227172852 -0.00225162506103516 -0.02532958984375 -0.169387817382813
0.00751543045043945 0.00465822219848633 0.16815185546875 -0.195709228515625
-0.00133323669433594 0.0194625854492187 0.366790771484375 -0.037506103515625
-0.00806093215942383 0.0027313232421875 0.29754638671875 0.32183837890625
0.00847625732421875 -0.0441627502441406 -0.080810546875 0.486114501953125
0.0392417907714844 -0.0128097534179688 -0.324920654296875 0.237335205078125
0.0630569458007813 0.0173721313476563 0.00574493408203125 0.0315532684326172
0.0500373840332031 -0.0201797485351563 0.377777099609375 -0.217071533203125
0.0155773162841797 -0.0345230102539063 0.11053466796875 -0.5194091796875
-0.0100440979003906 -0.00854206085205078 -0.33734130859375 -0.28948974609375
-0.00578403472900391 0.0175600051879883 -0.318145751953125 0.100830078125
0.00522708892822266 0.00911235809326172 -0.1258544921875 0.231155395507812
0.00651454925537109 -0.00338411331176758 0.05633544921875 0.170379638671875
0.00107669830322266 0.0130443572998047 0.126083374023438 0.0384750366210937
-0.00162267684936523 0.00374150276184082 -0.120452880859375 -0.0560379028320313
0.00859975814819336 -0.00504541397094727 -0.0298004150390625 -0.167877197265625
0.00913810729980469 0.00420284271240234 0.1580810546875 -0.200332641601563
0.0031890869140625 0.0205135345458984 0.360809326171875 -0.0526123046875
-0.00469493865966797 0.00486660003662109 0.308837890625 0.306732177734375
0.00477981567382813 -0.0421943664550781 -0.06146240234375 0.48736572265625
0.0328788757324219 -0.0146198272705078 -0.324920654296875 0.249908447265625
0.0581092834472656 0.0161056518554688 -0.0101661682128906 0.0356330871582031
0.0464363098144531 -0.019378662109375 0.38140869140625 -0.2012939453125
0.0167560577392578 -0.033935546875 0.132354736328125 -0.51446533203125
-0.00624704360961914 -0.00664710998535156 -0.325469970703125 -0.305755615234375
-0.0020904541015625 0.0179214477539063 -0.32470703125 0.086944580078125
0.00597286224365235 0.00965309143066406 -0.13482666015625 0.2269287109375
0.0051426887512207 -0.00475549697875976 0.05255126953125 0.172073364257813
0.0010380744934082 0.00776290893554687 0.124519348144531 0.041412353515625
-0.00209546089172363 0.000923275947570801 -0.121932983398437 -0.0535736083984375
0.00791120529174805 -0.00708103179931641 -0.033782958984375 -0.168182373046875
0.0103054046630859 0.00393962860107422 0.149063110351563 -0.205657958984375
0.00873374938964844 0.0206336975097656 0.355133056640625 -0.06427001953125
-0.000687122344970702 0.00810384750366211 0.318023681640625 0.29522705078125
0.00163650512695312 -0.0374603271484375 -0.045318603515625 0.488983154296875
0.0232372283935547 -0.0128650665283203 -0.321319580078125 0.2620849609375
0.0471153259277344 0.01458740234375 -0.0219039916992188 0.0402946472167969
0.0397148132324219 -0.0184249877929687 0.3839111328125 -0.186126708984375
0.0149784088134766 -0.0301494598388672 0.15380859375 -0.509521484375
-0.00345659255981445 -0.00471353530883789 -0.315948486328125 -0.320098876953125
0.00297355651855469 0.0187568664550781 -0.330810546875 0.0742797851562499
0.00767803192138672 0.0103187561035156 -0.141769409179688 0.221588134765625
0.00504350662231445 -0.00776576995849609 0.0482940673828125 0.172607421875
0.000912189483642578 0.00350737571716309 0.1241455078125 0.0423583984375
-0.00228309631347656 -0.00220870971679688 -0.124000549316406 -0.0526046752929687
0.00763607025146484 -0.0102863311767578 -0.03643798828125 -0.16888427734375
0.0129356384277344 0.00196743011474609 0.142333984375 -0.20928955078125
0.0120563507080078 0.0210895538330078 0.349761962890625 -0.072662353515625
0.0025787353515625 0.0114431381225586 0.322235107421875 0.28729248046875
-0.00149726867675781 -0.0313053131103516 -0.033111572265625 0.490753173828125
0.0117273330688477 -0.0081949234008789 -0.317291259765625 0.270477294921875
0.0320644378662109 0.0133914947509766 -0.0262413024902344 0.0449714660644531
0.0291614532470703 -0.0143184661865234 0.38726806640625 -0.17388916015625
0.0118808746337891 -0.0239830017089844 0.171478271484375 -0.504486083984375
-0.00142037868499756 -0.000696778297424316 -0.308502197265625 -0.329376220703125
0.00732803344726563 0.0198917388916016 -0.33465576171875 0.0652770996093751
0.0095672607421875 0.0109081268310547 -0.148757934570313 0.214859008789063
0.00507450103759766 -0.0104598999023438 0.0468597412109375 0.1712646484375
0.000682950019836426 0.00121152400970459 0.123825073242188 0.0418930053710938
-0.00357604026794434 -0.00224995613098144 -0.124671936035156 -0.0531082153320313
0.00815773010253906 -0.0131311416625977 -0.0384063720703125 -0.17071533203125
0.0129604339599609 7.2479248046875E-05 0.13818359375 -0.211456298828125
0.0160427093505859 0.0215339660644531 0.347198486328125 -0.075714111328125
0.00609302520751953 0.0145606994628906 0.32568359375 0.28515625
-0.0040740966796875 -0.0251617431640625 -0.02789306640625 0.493621826171875
0.00195503234863281 -0.00360989570617676 -0.314666748046875 0.27484130859375
0.0174932479858398 0.0147190093994141 -0.0250015258789062 0.0488014221191406
0.0182838439941406 -0.0112247467041016 0.3922119140625 -0.168487548828125
0.00811195373535156 -0.0177650451660156 0.17669677734375 -0.50341796875
0.00147008895874023 0.00379204750061035 -0.3062744140625 -0.331695556640625
0.0110950469970703 0.0201778411865234 -0.337646484375 0.060333251953125
0.010828971862793 0.00875949859619141 -0.150955200195313 0.210556030273438
0.00568866729736328 -0.0126781463623047 0.045257568359375 0.168228149414063
0.00179433822631836 -0.00101089477539063 0.123703002929688 0.0401992797851563
-0.00325226783752441 -0.00266766548156738 -0.12469482421875 -0.053131103515625
0.00917434692382812 -0.0137424468994141 -0.0385589599609375 -0.17333984375
0.0136117935180664 -0.00126171112060547 0.134353637695313 -0.214889526367188
0.0178642272949219 0.0216464996337891 0.3450927734375 -0.079498291015625
0.00786972045898437 0.0180473327636719 0.328704833984375 0.28375244140625
-0.00614356994628906 -0.0180854797363281 -0.023162841796875 0.4964599609375
-0.0072784423828125 0.00295019149780274 -0.309326171875 0.2806396484375
0.00367355346679687 0.0146617889404297 -0.0168190002441406 0.0510330200195313
0.00643157958984375 -0.00625991821289063 0.396514892578125 -0.1767578125
0.00368213653564453 -0.0114984512329102 0.166778564453125 -0.507293701171875
0.00167417526245117 0.00825929641723633 -0.314178466796875 -0.32452392578125
0.0121822357177734 0.0199508666992188 -0.336700439453125 0.066986083984375
0.0121212005615234 0.00780582427978516 -0.147689819335938 0.210968017578125
0.00678634643554688 -0.0140523910522461 0.048919677734375 0.164886474609375
0.00126385688781738 -0.000290513038635254 0.124687194824219 0.0361480712890625
-0.000601768493652342 0.0141172409057617 -0.12176513671875 -0.0632553100585938
0.015589714050293 -0.00122356414794922 -0.019622802734375 -0.17425537109375
0.00588798522949219 0.00266313552856445 0.180877685546875 -0.189788818359375
-0.0068817138671875 0.0176925659179688 0.374847412109375 -0.015106201171875
-0.0106487274169922 0.00183868408203125 0.278350830078125 0.3468017578125
0.00940322875976563 -0.0397148132324219 -0.115234375 0.484283447265625
0.03900146484375 -0.0052032470703125 -0.324432373046875 0.21746826171875
0.0565376281738281 0.0226058959960937 0.037750244140625 0.0284957885742188
0.0429344177246094 -0.0150566101074219 0.374969482421875 -0.247589111328125
0.0117092132568359 -0.0281791687011719 0.070159912109375 -0.523956298828125
-0.0139665603637695 -0.00469970703125 -0.3564453125 -0.257843017578125
-0.00996017456054688 0.0169086456298828 -0.30621337890625 0.12493896484375
0.00415563583374023 0.00628805160522461 -0.108200073242188 0.236297607421875
0.00852108001708984 -0.00221776962280273 0.0654449462890625 0.162948608398438
0.000446319580078123 0.0183162689208984 0.130828857421875 0.0318145751953125
-0.000664710998535156 0.0113735198974609 -0.121040344238281 -0.0600204467773438
0.0133438110351563 -0.000735282897949219 -0.0228118896484375 -0.172195434570313
0.00627851486206055 0.00410127639770508 0.175277709960938 -0.193695068359375
-0.00476837158203125 0.0186691284179688 0.372406005859375 -0.0283203125
-0.00978755950927734 0.000250816345214844 0.289520263671875 0.33453369140625
0.0103607177734375 -0.0437774658203125 -0.0994873046875 0.4853515625
0.0423851013183594 -0.0105476379394531 -0.326995849609375 0.227569580078125
0.0634651184082031 0.0206642150878906 0.0228958129882813 0.0297355651855469
0.0491485595703125 -0.01959228515625 0.37567138671875 -0.236114501953125
0.0142536163330078 -0.0321750640869141 0.085662841796875 -0.524505615234375
-0.0120382308959961 -0.00720691680908203 -0.350250244140625 -0.272125244140625
-0.00853729248046875 0.0164909362792969 -0.31231689453125 0.115264892578125
0.00395298004150391 0.00864362716674805 -0.115570068359375 0.235870361328125
0.00737619400024414 -0.00167226791381836 0.062042236328125 0.168624877929687
0.00111961364746094 0.0164861679077148 0.128402709960938 0.035064697265625
6.24656677246098E-05 0.00825643539428711 -0.120552062988281 -0.0571975708007813
0.0119104385375977 -0.00253963470458984 -0.0266876220703125 -0.16973876953125
0.0071258544921875 0.00533342361450195 0.167144775390625 -0.19830322265625
-0.00113487243652344 0.0192985534667969 0.36859130859375 -0.0430908203125
-0.00818586349487305 0.0016326904296875 0.302520751953125 0.319732666015625
0.00705718994140625 -0.0452995300292969 -0.07879638671875 0.48687744140625
0.0402259826660156 -0.0134162902832031 -0.32537841796875 0.2406005859375
0.0642013549804688 0.0185394287109375 0.00592041015625001 0.0325565338134766
0.0494842529296875 -0.0199775695800781 0.378143310546875 -0.221405029296875
0.0151348114013672 -0.0347938537597656 0.10693359375 -0.52215576171875
-0.01031494140625 -0.00792026519775391 -0.34088134765625 -0.287872314453125
-0.00592613220214844 0.0175991058349609 -0.3182373046875 0.1033935546875
0.00491237640380859 0.00954151153564453 -0.123458862304687 0.233718872070313
0.00559234619140625 -0.00373601913452148 0.0582733154296875 0.170501708984375
0.00158977508544922 0.0116376876831055 0.1287841796875 0.0378036499023438
-0.000749111175537109 0.00462245941162109 -0.122299194335937 -0.0547866821289062
0.00914669036865234 -0.00445747375488281 -0.0316314697265625 -0.169281005859375
0.00901317596435547 0.00459384918212891 0.156784057617188 -0.203338623046875
0.0035247802734375 0.0196723937988281 0.362518310546875 -0.056884765625
-0.00491571426391601 0.00441598892211914 0.313812255859375 0.304901123046875
0.00431442260742187 -0.0431709289550781 -0.05914306640625 0.489013671875
0.033172607421875 -0.014556884765625 -0.323822021484375 0.253570556640625
0.0588035583496094 0.0162887573242188 -0.01019287109375 0.0362548828125
0.0468864440917969 -0.0197906494140625 0.37969970703125 -0.2049560546875
0.0168437957763672 -0.0336532592773438 0.1285400390625 -0.518096923828125
-0.00690650939941406 -0.00732946395874023 -0.329345703125 -0.304901123046875
-0.000151634216308593 0.0172328948974609 -0.3253173828125 0.0903930664062501
0.00634479522705078 0.0101652145385742 -0.1329345703125 0.22967529296875
0.00561189651489258 -0.00536489486694336 0.0545501708984375 0.172760009765625
0.00145339965820312 0.0077509880065918 0.12677001953125 0.0401382446289063
-0.00164008140563965 0.000290751457214356 -0.123344421386719 -0.0536956787109375
0.00794553756713867 -0.00808620452880859 -0.0361328125 -0.168548583984375
0.0106935501098633 0.00420856475830078 0.148849487304688 -0.207809448242188
0.0086212158203125 0.0210762023925781 0.355743408203125 -0.068267822265625
-0.00214862823486328 0.00781822204589844 0.3214111328125 0.2930908203125
0.00112152099609375 -0.0380668640136719 -0.040771484375 0.49090576171875
0.0234527587890625 -0.0130786895751953 -0.321136474609375 0.263763427734375
0.0479927062988281 0.0146369934082031 -0.0211982727050781 0.0407791137695313
0.0393142700195313 -0.017303466796875 0.38409423828125 -0.18798828125
0.0148200988769531 -0.0299549102783203 0.150970458984375 -0.51300048828125
-0.0026249885559082 -0.00519609451293945 -0.320159912109375 -0.31854248046875
0.0030517578125 0.0184421539306641 -0.33135986328125 0.0770263671875
0.00779342651367188 0.0106086730957031 -0.141433715820312 0.223281860351562
0.00512313842773438 -0.00764226913452148 0.05108642578125 0.173370361328125
0.00193572044372559 0.0040748119354248 0.126136779785156 0.0413436889648438
-0.00268959999084473 -0.00152945518493652 -0.124732971191406 -0.0523300170898437
0.00718784332275391 -0.00975608825683594 -0.0381622314453125 -0.169403076171875
0.0116968154907227 0.00237655639648438 0.140457153320313 -0.21136474609375
0.0137176513671875 0.0215854644775391 0.351043701171875 -0.07611083984375
0.00314617156982422 0.0109786987304688 0.32647705078125 0.285614013671875
-0.0016937255859375 -0.0327301025390625 -0.029083251953125 0.491729736328125
0.0126857757568359 -0.00859546661376953 -0.315826416015625 0.273681640625
0.0314922332763672 0.0136947631835938 -0.0267868041992187 0.0454216003417969
0.0288963317871094 -0.0151252746582031 0.389373779296875 -0.176910400390625
0.0119361877441406 -0.0247631072998047 0.167205810546875 -0.50732421875
-0.00026315450668335 -0.000775992870330811 -0.312469482421875 -0.32806396484375
0.00820541381835937 0.0191116333007813 -0.3365478515625 0.0678100585937499
0.00880241394042969 0.0102472305297852 -0.146743774414062 0.217758178710938
0.00520133972167969 -0.0103435516357422 0.04876708984375 0.171737670898438
0.000961780548095703 0.00145792961120605 0.125228881835937 0.041748046875
-0.00302696228027344 -0.00225162506103516 -0.125564575195313 -0.0524978637695312
0.00767326354980469 -0.0123786926269531 -0.040130615234375 -0.172119140625
0.012603759765625 0.000230789184570312 0.13690185546875 -0.214309692382812
0.0161018371582031 0.0217781066894531 0.348114013671875 -0.079681396484375
0.00562858581542969 0.0147924423217773 0.3282470703125 0.283447265625
-0.00370979309082031 -0.0247955322265625 -0.02557373046875 0.4942626953125
0.00197863578796387 -0.00261116027832031 -0.314422607421875 0.278564453125
0.0178184509277344 0.0144424438476562 -0.0254592895507813 0.0490074157714844
0.0172119140625 -0.010737419128418 0.39300537109375 -0.17108154296875
0.00814247131347656 -0.0176029205322266 0.175689697265625 -0.506317138671875
0.00193715095520019 0.00385570526123047 -0.310516357421875 -0.330841064453125
0.0114078521728516 0.0195789337158203 -0.33929443359375 0.0628356933593751
0.0113525390625 0.00886249542236328 -0.149185180664062 0.21380615234375
0.00567340850830078 -0.0137805938720703 0.04833984375 0.16900634765625
0.00178694725036621 0.000404119491577148 0.125495910644531 0.0396804809570313
-0.00332331657409668 -0.00142168998718262 -0.126708984375 -0.0528106689453125
0.00885295867919922 -0.0138998031616211 -0.04022216796875 -0.174041748046875
0.0138187408447266 -0.00130271911621094 0.1336669921875 -0.2177734375
0.0180835723876953 0.0218257904052734 0.346893310546875 -0.084381103515625
0.00798225402832031 0.0176734924316406 0.33349609375 0.28277587890625
-0.00618934631347656 -0.0190029144287109 -0.020477294921875 0.4979248046875
-0.0063176155090332 0.00292634963989258 -0.30609130859375 0.283233642578125
0.00351619720458984 0.0153532028198242 -0.0168533325195312 0.0512962341308594
0.00644302368164063 -0.00652027130126953 0.395904541015625 -0.180084228515625
0.00326728820800781 -0.0113229751586914 0.16558837890625 -0.51123046875
0.00188255310058594 0.00841617584228516 -0.3177490234375 -0.323486328125
0.0134677886962891 0.0197429656982422 -0.3377685546875 0.0703125
0.0120363235473633 0.00719356536865234 -0.147369384765625 0.213302612304687
0.00657844543457031 -0.0149717330932617 0.050537109375 0.165420532226563
0.00213956832885742 -0.00094914436340332 0.126777648925781 0.035675048828125
-0.000905036926269531 0.0151252746582031 -0.12274169921875 -0.0622100830078125
0.0153331756591797 -0.00141239166259766 -0.0218505859375 -0.17498779296875
0.00604581832885742 0.00344371795654297 0.18011474609375 -0.193206787109375
-0.00712394714355469 0.0183696746826172 0.37725830078125 -0.020111083984375
-0.01025390625 0.00162410736083985 0.2822265625 0.34454345703125
0.00878524780273437 -0.040283203125 -0.1131591796875 0.485931396484375
0.0386276245117188 -0.0045928955078125 -0.324859619140625 0.220367431640625
0.0568389892578125 0.0229530334472656 0.0383415222167969 0.0280265808105469
0.042572021484375 -0.0155143737792969 0.37640380859375 -0.25079345703125
0.0115966796875 -0.0296344757080078 0.066925048828125 -0.527557373046875
-0.0137157440185547 -0.00473976135253906 -0.360015869140625 -0.25518798828125
-0.00966548919677734 0.0170106887817383 -0.30682373046875 0.12811279296875
0.00358915328979492 0.00656414031982422 -0.106552124023437 0.238937377929688
0.00969600677490235 -0.00207424163818359 0.06817626953125 0.164566040039063
0.001861572265625 0.0195178985595703 0.131576538085938 0.030517578125
-0.000166893005371095 0.0119562149047852 -0.122993469238281 -0.0600051879882812
0.0134010314941406 -0.00119876861572266 -0.0240631103515625 -0.173004150390625
0.00656414031982422 0.00412225723266602 0.174285888671875 -0.197250366210938
-0.00448989868164063 0.0184078216552734 0.373565673828125 -0.032867431640625
-0.00980663299560547 0.000739097595214842 0.29425048828125 0.331939697265625
0.008270263671875 -0.0445060729980469 -0.095733642578125 0.48760986328125
0.0423851013183594 -0.0107002258300781 -0.326171875 0.23040771484375
0.0643501281738281 0.0200309753417969 0.022918701171875 0.0302581787109375
0.0485267639160156 -0.0192642211914062 0.375640869140625 -0.240020751953125
0.0144157409667969 -0.0345039367675781 0.083160400390625 -0.527374267578125
-0.0121192932128906 -0.00737667083740234 -0.35260009765625 -0.27020263671875
-0.00845813751220703 0.016998291015625 -0.3123779296875 0.119171142578125
0.00437068939208984 0.00820636749267578 -0.114059448242187 0.238800048828125
0.00789642333984375 -0.00272512435913086 0.0646209716796875 0.167877197265625
0.00175571441650391 0.016606330871582 0.130744934082031 0.0341644287109375
0.000418663024902344 0.00853061676025391 -0.123085021972656 -0.0568771362304688
0.010772705078125 -0.00300979614257813 -0.028961181640625 -0.170944213867188
0.00778055191040039 0.00457143783569336 0.166275024414062 -0.201339721679688
-0.000425338745117186 0.0190200805664063 0.37030029296875 -0.0467529296875
-0.00792074203491211 0.00108480453491211 0.307403564453125 0.3182373046875
0.006561279296875 -0.0453643798828125 -0.073455810546875 0.490325927734375
0.0398635864257813 -0.0140876770019531 -0.32537841796875 0.244049072265625
0.0648040771484375 0.0183067321777344 0.00531196594238282 0.0326519012451172
0.050537109375 -0.0211639404296875 0.377105712890625 -0.225250244140625
0.0152053833007813 -0.0355033874511719 0.103271484375 -0.525482177734375
-0.00991439819335938 -0.00792121887207032 -0.343780517578125 -0.286468505859375
-0.00459480285644531 0.0170373916625977 -0.31988525390625 0.1068115234375
0.00488090515136719 0.00925350189208984 -0.122344970703125 0.236160278320312
0.00627851486206055 -0.00377225875854492 0.0605316162109375 0.17205810546875
0.00224018096923828 0.0128612518310547 0.129241943359375 0.03680419921875
-0.000414371490478516 0.00475168228149414 -0.123504638671875 -0.0549240112304687
0.00857400894165039 -0.00511455535888672 -0.0343475341796875 -0.169387817382813
0.00907135009765625 0.00446510314941406 0.155731201171875 -0.206253051757813
0.00390815734863281 0.019866943359375 0.36328125 -0.0616455078125
-0.00436949729919434 0.00311589241027832 0.31719970703125 0.301116943359375
0.00371551513671875 -0.0438995361328125 -0.054107666015625 0.490936279296875
0.0335254669189453 -0.0156726837158203 -0.3221435546875 0.256561279296875
0.0592842102050781 0.0162887573242188 -0.00985336303710937 0.0365257263183594
0.0469970703125 -0.0200691223144531 0.381195068359375 -0.207794189453125
0.01611328125 -0.0342292785644531 0.12689208984375 -0.519927978515625
-0.00684547424316406 -0.00740528106689453 -0.334503173828125 -0.30316162109375
-0.000487327575683595 0.0175437927246094 -0.32611083984375 0.093505859375
0.00539970397949219 0.0108757019042969 -0.131088256835938 0.23260498046875
0.00506734848022461 -0.00543594360351563 0.0572509765625 0.173385620117187
0.00262928009033203 0.00784969329833984 0.128105163574219 0.0394821166992187
-0.000719666481018067 0.000426828861236572 -0.124557495117188 -0.0524978637695312
0.007904052734375 -0.0074458122253418 -0.037841796875 -0.169403076171875
0.010716438293457 0.00320816040039062 0.146163940429687 -0.211029052734375
0.00916671752929688 0.0207157135009766 0.357421875 -0.072235107421875
-0.00167131423950195 0.00608396530151367 0.327392578125 0.2901611328125
0.000141143798828126 -0.0392990112304688 -0.036712646484375 0.492034912109375
0.0237274169921875 -0.0136909484863281 -0.3197021484375 0.267578125
0.0485687255859375 0.0141143798828125 -0.0207557678222656 0.0410423278808594
0.04046630859375 -0.0181503295898438 0.38409423828125 -0.19122314453125
0.0146579742431641 -0.0303459167480469 0.14794921875 -0.51690673828125
-0.00291013717651367 -0.00508356094360352 -0.3251953125 -0.318115234375
0.00337600708007812 0.0182266235351563 -0.332275390625 0.0809936523437501
0.00752353668212891 0.0104684829711914 -0.139663696289063 0.227157592773438
0.00411462783813477 -0.00729799270629883 0.053558349609375 0.174362182617188
0.0025017261505127 0.00382137298583984 0.127372741699219 0.040496826171875
-0.00179731845855713 -0.0016859769821167 -0.126312255859375 -0.0522537231445313
0.00757122039794922 -0.0105667114257812 -0.041290283203125 -0.170547485351563
0.0119247436523438 0.00207042694091797 0.139312744140625 -0.21453857421875
0.0132846832275391 0.0213108062744141 0.35211181640625 -0.08172607421875
0.00300979614257813 0.0106210708618164 0.331329345703125 0.28277587890625
-0.00247383117675781 -0.0326309204101562 -0.024810791015625 0.494232177734375
0.0133018493652344 -0.00903129577636719 -0.315826416015625 0.276763916015625
0.0329513549804688 0.0144329071044922 -0.0267181396484375 0.0465736389160156
0.0295238494873047 -0.0142993927001953 0.38873291015625 -0.179534912109375
0.0112209320068359 -0.0248432159423828 0.164459228515625 -0.51190185546875
-0.000258088111877441 -0.000794470310211182 -0.317138671875 -0.32763671875
0.00798606872558594 0.0185203552246094 -0.337371826171875 0.07098388671875
0.00985622406005859 0.0101766586303711 -0.145889282226563 0.220733642578125
0.00499725341796875 -0.0108165740966797 0.051025390625 0.172012329101563
0.00179100036621094 0.00125277042388916 0.1268310546875 0.0404510498046875
-0.00245761871337891 -0.00191354751586914 -0.127105712890625 -0.0510101318359375
0.00682926177978516 -0.0130243301391602 -0.042266845703125 -0.172576904296875
0.0133476257324219 0.000814437866210938 0.135574340820313 -0.21710205078125
0.0168190002441406 0.0213623046875 0.349761962890625 -0.0841064453125
0.00607395172119141 0.0139341354370117 0.33306884765625 0.279144287109375
-0.00533485412597656 -0.0263175964355469 -0.0190429687499999 0.496429443359375
0.00262951850891113 -0.00380969047546387 -0.3133544921875 0.2813720703125
0.0178260803222656 0.0145015716552734 -0.0253982543945313 0.0492401123046875
0.0173501968383789 -0.0103549957275391 0.393524169921875 -0.17529296875
0.00680160522460938 -0.0177116394042969 0.170806884765625 -0.51068115234375
0.00195479393005371 0.00358057022094727 -0.3145751953125 -0.330169677734375
0.0122642517089844 0.0191059112548828 -0.339813232421875 0.065887451171875
0.0114889144897461 0.00936794281005859 -0.149017333984375 0.216156005859375
0.00513839721679688 -0.0130615234375 0.051177978515625 0.169998168945313
0.00203073024749756 -0.000712752342224121 0.127128601074219 0.0389556884765625
-0.00240564346313477 -0.00112462043762207 -0.128944396972656 -0.0524978637695312
0.008331298828125 -0.0146980285644531 -0.0429229736328125 -0.17462158203125
0.0140771865844727 -0.00113296508789063 0.131698608398438 -0.220703125
0.0188674926757813 0.0217571258544922 0.347412109375 -0.088714599609375
0.00800132751464844 0.0173530578613281 0.337158203125 0.27899169921875
-0.00708580017089844 -0.0195388793945313 -0.0152587890625001 0.50018310546875
-0.00685548782348633 0.00325822830200195 -0.306610107421875 0.287384033203125
0.00403499603271484 0.0158243179321289 -0.0165824890136719 0.0509033203125
0.00661039352416992 -0.00604867935180664 0.3963623046875 -0.184234619140625
0.00327205657958984 -0.0118341445922852 0.1619873046875 -0.5126953125
0.00294256210327148 0.00812149047851563 -0.322906494140625 -0.323333740234375
0.0136146545410156 0.0197868347167969 -0.339874267578125 0.072662353515625
0.0122690200805664 0.00675201416015625 -0.145721435546875 0.21588134765625
0.00583934783935547 -0.0145606994628906 0.05377197265625 0.166259765625
0.002036452293396 -0.00186598300933838 0.128173828125 0.0349197387695313
2.67028808593745E-05 0.0150270462036133 -0.124114990234375 -0.0613632202148438
0.0152683258056641 -0.00194072723388672 -0.0241851806640625 -0.175750732421875
0.00540351867675781 0.00314044952392578 0.178939819335938 -0.196533203125
-0.00674629211425781 0.0185127258300781 0.37841796875 -0.024993896484375
-0.0104274749755859 0.000678062438964846 0.2877197265625 0.342742919921875
0.00851058959960938 -0.0409660339355469 -0.1082763671875 0.48870849609375
0.0387077331542969 -0.00555038452148438 -0.323394775390625 0.223876953125
0.0576057434082031 0.0220413208007813 0.0389556884765625 0.0287094116210938
0.0427474975585937 -0.016143798828125 0.374664306640625 -0.256317138671875
0.0108642578125 -0.0295906066894531 0.061279296875 -0.530029296875
-0.0135831832885742 -0.00547695159912109 -0.3634033203125 -0.25286865234375
-0.00912094116210937 0.0167217254638672 -0.30755615234375 0.1319580078125
0.00382328033447266 0.00641584396362305 -0.103836059570312 0.241500854492187
0.00953865051269531 -0.00273609161376953 0.0706939697265625 0.164505004882812
0.00256156921386719 0.0193958282470703 0.133087158203125 0.0286331176757812
-0.000108718872070313 0.0124654769897461 -0.123947143554688 -0.05828857421875
0.0132827758789063 -0.00129508972167969 -0.0278778076171875 -0.173614501953125
0.00650930404663086 0.00407075881958008 0.172744750976562 -0.200637817382812
-0.00402641296386719 0.0191593170166016 0.37554931640625 -0.038299560546875
-0.00955009460449219 4.19616699218738E-05 0.299957275390625 0.32952880859375
0.00770187377929687 -0.0453338623046875 -0.091949462890625 0.49090576171875
0.0425567626953125 -0.0112686157226563 -0.324432373046875 0.2340087890625
0.0647430419921875 0.02008056640625 0.0231437683105469 0.0293941497802734
0.04833984375 -0.0191726684570313 0.37542724609375 -0.244659423828125
0.013519287109375 -0.0338668823242187 0.077850341796875 -0.530792236328125
-0.0127744674682617 -0.00798416137695313 -0.35809326171875 -0.26763916015625
-0.00743293762207031 0.0172586441040039 -0.31353759765625 0.122894287109375
0.00429248809814453 0.00836277008056641 -0.11175537109375 0.241958618164063
0.00719213485717773 -0.00303506851196289 0.067657470703125 0.168899536132813
0.00246238708496094 0.0169878005981445 0.132331848144531 0.0330123901367187
0.000956535339355469 0.0087432861328125 -0.1241455078125 -0.0560989379882813
0.0112524032592773 -0.00316143035888672 -0.0312652587890625 -0.171661376953125
0.00827646255493164 0.00483989715576172 0.163803100585938 -0.204452514648438
-0.000514984130859377 0.0193500518798828 0.37054443359375 -0.05126953125
-0.00789737701416016 0.000989437103271484 0.3125 0.31573486328125
0.0054473876953125 -0.04681396484375 -0.069427490234375 0.4923095703125
0.0401878356933594 -0.014892578125 -0.324432373046875 0.24859619140625
0.0657806396484375 0.0176239013671875 0.0059661865234375 0.0323257446289063
0.0496788024902344 -0.0207595825195312 0.377227783203125 -0.230010986328125
0.0146331787109375 -0.0356292724609375 0.0986328125 -0.52972412109375
-0.0100421905517578 -0.00905418395996094 -0.34808349609375 -0.284149169921875
-0.004058837890625 0.01715087890625 -0.32000732421875 0.109954833984375
0.00546169281005859 0.00976943969726563 -0.120010375976563 0.238754272460937
0.00616598129272461 -0.00391960144042969 0.06402587890625 0.171783447265625
0.00301647186279297 0.0123815536499023 0.131355285644531 0.0358810424804687
0.000410079956054688 0.00446224212646484 -0.125587463378906 -0.0535049438476562
0.00867748260498047 -0.00553178787231445 -0.0365142822265625 -0.1695556640625
0.00874614715576172 0.00337457656860352 0.153701782226563 -0.21014404296875
0.0045623779296875 0.0207462310791016 0.3651123046875 -0.066162109375
-0.00459766387939453 0.00355720520019531 0.323028564453125 0.300048828125
0.00298690795898438 -0.0445594787597656 -0.04986572265625 0.49383544921875
0.0341606140136719 -0.0164737701416016 -0.32183837890625 0.260040283203125
0.0593910217285156 0.0153617858886719 -0.00986099243164063 0.0368728637695313
0.0463600158691406 -0.0199928283691406 0.380126953125 -0.21142578125
0.0151844024658203 -0.03485107421875 0.121063232421875 -0.524932861328125
-0.0065007209777832 -0.00828456878662109 -0.33795166015625 -0.301422119140625
-0.000875473022460936 0.0178375244140625 -0.326507568359375 0.097503662109375
0.00658798217773438 0.0107955932617188 -0.12933349609375 0.235198974609375
0.00503969192504883 -0.00610256195068359 0.0606536865234375 0.17401123046875
0.0030817985534668 0.00860404968261719 0.129730224609375 0.0382843017578125
-0.0011063814163208 0.000578880310058594 -0.126541137695313 -0.052001953125
0.00701665878295898 -0.00779151916503906 -0.04046630859375 -0.170013427734375
0.010981559753418 0.00333499908447266 0.14434814453125 -0.213882446289063
0.0100421905517578 0.0213832855224609 0.359130859375 -0.078216552734375
-0.000455379486083984 0.00649881362915039 0.331451416015625 0.2874755859375
-0.00109481811523438 -0.0403175354003906 -0.031829833984375 0.4945068359375
0.0244121551513672 -0.0143909454345703 -0.319000244140625 0.2720947265625
0.0487480163574219 0.0142822265625 -0.0214271545410156 0.0415802001953125
0.0400009155273438 -0.01849365234375 0.38348388671875 -0.196533203125
0.0137004852294922 -0.0303287506103516 0.144622802734375 -0.520172119140625
-0.00310420989990234 -0.00471162796020508 -0.32891845703125 -0.316619873046875
0.0045013427734375 0.0178947448730469 -0.333404541015625 0.0844421386718749
0.00761032104492188 0.0101785659790039 -0.137863159179688 0.229232788085937
0.00490903854370117 -0.00781106948852539 0.0568695068359375 0.175094604492188
0.00327944755554199 0.00434088706970215 0.129379272460938 0.0391769409179688
-0.00179827213287354 -0.00189590454101563 -0.127662658691406 -0.0512008666992188
0.00639152526855469 -0.0109281539916992 -0.0442962646484375 -0.1708984375
0.011627197265625 0.00205039978027344 0.137374877929688 -0.217254638671875
0.0138626098632813 0.0218486785888672 0.352630615234375 -0.086151123046875
0.00364017486572266 0.00986194610595703 0.336334228515625 0.277740478515625
-0.002777099609375 -0.0334625244140625 -0.021148681640625 0.495269775390625
0.0127735137939453 -0.00949764251708985 -0.315155029296875 0.280517578125
0.0339546203613281 0.0134716033935547 -0.0268936157226562 0.0459327697753906
0.02960205078125 -0.0147056579589844 0.389129638671875 -0.1845703125
0.0108070373535156 -0.0247745513916016 0.15924072265625 -0.515899658203125
0.000255823135375977 -0.000620007514953613 -0.321319580078125 -0.325286865234375
0.009033203125 0.0190238952636719 -0.337921142578125 0.0745239257812501
0.0102500915527344 0.0100650787353516 -0.144744873046875 0.22369384765625
0.00489234924316406 -0.0104179382324219 0.0546722412109375 0.172988891601562
0.0030052661895752 0.000965356826782227 0.128990173339844 0.0401611328125
-0.00157690048217773 -0.00162529945373535 -0.129074096679687 -0.0503387451171875
0.00703907012939453 -0.01336669921875 -0.0451202392578125 -0.172988891601563
0.0127105712890625 0.000689506530761719 0.132980346679687 -0.219635009765625
0.0176887512207031 0.0216808319091797 0.349639892578125 -0.089324951171875
0.00610065460205078 0.0133609771728516 0.3387451171875 0.277252197265625
-0.00549888610839844 -0.0269432067871094 -0.0139770507812499 0.497528076171875
0.0027167797088623 -0.00390768051147461 -0.31134033203125 0.28564453125
0.0175485610961914 0.0139474868774414 -0.0248756408691406 0.0500221252441406
0.0182895660400391 -0.0110721588134766 0.394500732421875 -0.180450439453125
0.00736236572265625 -0.0178680419921875 0.1673583984375 -0.514373779296875
0.00117850303649902 0.00296878814697266 -0.3193359375 -0.3280029296875
0.0130729675292969 0.0194435119628906 -0.3408203125 0.0712890625
0.0118093490600586 0.00934219360351563 -0.147079467773438 0.218719482421875
0.00531864166259766 -0.0134029388427734 0.053497314453125 0.17041015625
0.00264215469360352 -0.00102376937866211 0.129463195800781 0.0374374389648438
-0.00240707397460938 -0.00103211402893066 -0.129707336425781 -0.0509185791015625
0.009124755859375 -0.0150156021118164 -0.045745849609375 -0.175918579101563
0.0142478942871094 -0.00130653381347656 0.128952026367188 -0.222885131835937
0.0193958282470703 0.021270751953125 0.348388671875 -0.093719482421875
0.00893497467041015 0.0160293579101563 0.34136962890625 0.27569580078125
-0.00751876831054687 -0.0205116271972656 -0.00949096679687504 0.501556396484375
-0.00637531280517578 0.00296974182128906 -0.304473876953125 0.29119873046875
0.00384712219238281 0.0159387588500977 -0.0159263610839844 0.0520057678222656
0.00706338882446289 -0.00670528411865234 0.397705078125 -0.189361572265625
0.00281047821044922 -0.0118217468261719 0.157958984375 -0.51708984375
0.00279903411865235 0.0078425407409668 -0.3275146484375 -0.32086181640625
0.0151138305664063 0.0182380676269531 -0.340972900390625 0.0772399902343749
0.0126066207885742 0.00720500946044922 -0.144195556640625 0.2183837890625
0.00625514984130859 -0.0156393051147461 0.05670166015625 0.166183471679688
0.00300073623657227 -0.000916957855224609 0.129615783691406 0.0344619750976562
0.00105762481689453 0.0149679183959961 -0.124687194824219 -0.060821533203125
0.0151777267456055 -0.00161838531494141 -0.0275726318359375 -0.177398681640625
0.00519990921020508 0.00291633605957031 0.176589965820313 -0.199615478515625
-0.006072998046875 0.0180644989013672 0.379638671875 -0.02996826171875
-0.010528564453125 0.000832557678222658 0.293548583984375 0.339080810546875
0.00736236572265625 -0.0424385070800781 -0.10321044921875 0.490936279296875
0.0394439697265625 -0.0064239501953125 -0.321533203125 0.22821044921875
0.0579071044921875 0.0223274230957031 0.0391807556152344 0.0280113220214844
0.0434303283691406 -0.0161094665527344 0.373443603515625 -0.261566162109375
0.0107688903808594 -0.0297565460205078 0.05682373046875 -0.534149169921875
-0.0137462615966797 -0.00480079650878906 -0.3687744140625 -0.24951171875
-0.00808429718017578 0.0169095993041992 -0.30633544921875 0.136474609375
0.00489521026611328 0.00648069381713867 -0.1011962890625 0.244064331054688
0.00948143005371094 -0.00271415710449219 0.0732879638671875 0.164382934570313
0.00328445434570312 0.0197105407714844 0.135223388671875 0.0282745361328125
0.00140857696533203 0.0123329162597656 -0.125839233398438 -0.057769775390625
0.0131473541259766 -0.00147533416748047 -0.0304412841796875 -0.17449951171875
0.00627851486206055 0.00392389297485352 0.17095947265625 -0.203948974609375
-0.00403976440429687 0.0191287994384766 0.377685546875 -0.04327392578125
-0.00943374633789063 -0.00063610076904297 0.30462646484375 0.32708740234375
0.00690460205078125 -0.0460433959960937 -0.085174560546875 0.49285888671875
0.0421943664550781 -0.0111083984375 -0.32403564453125 0.238128662109375
0.0655250549316406 0.0197868347167969 0.0229969024658203 0.0295486450195312
0.048553466796875 -0.0198707580566406 0.37451171875 -0.24957275390625
0.0129795074462891 -0.0346603393554688 0.07281494140625 -0.5333251953125
-0.0125808715820312 -0.00807476043701172 -0.361663818359375 -0.2642822265625
-0.00656795501708984 0.0168123245239258 -0.312652587890625 0.126678466796875
0.00455665588378906 0.00754833221435547 -0.108367919921875 0.24407958984375
0.0079340934753418 -0.00284385681152344 0.0706787109375 0.169387817382813
0.00376510620117187 0.016301155090332 0.134056091308594 0.0318069458007813
0.00111579895019531 0.00773763656616211 -0.125617980957031 -0.054901123046875
0.0109310150146484 -0.00343894958496094 -0.0338592529296875 -0.172042846679687
0.00754976272583008 0.00448799133300781 0.1617431640625 -0.208084106445313
0.000555038452148436 0.0192756652832031 0.3721923828125 -0.05694580078125
-0.00750923156738281 0.000455379486083984 0.316986083984375 0.312347412109375
0.00420761108398438 -0.0471725463867187 -0.06494140625 0.493408203125
0.0405616760253906 -0.0153732299804688 -0.321990966796875 0.251922607421875
0.0664215087890625 0.0171852111816406 0.00625038146972656 0.0330181121826172
0.0496788024902344 -0.0208930969238281 0.375701904296875 -0.234893798828125
0.0141677856445313 -0.0363960266113281 0.09356689453125 -0.531982421875
-0.0100288391113281 -0.00881767272949219 -0.35308837890625 -0.282257080078125
-0.00350379943847656 0.0168247222900391 -0.319305419921875 0.115020751953125
0.00532627105712891 0.00924396514892578 -0.11767578125 0.241592407226562
0.00587797164916992 -0.00361156463623047 0.0666656494140625 0.1729736328125
0.00330829620361328 0.0125017166137695 0.132736206054687 0.034576416015625
0.00161004066467285 0.00434994697570801 -0.126052856445312 -0.0523452758789063
0.00911617279052734 -0.00643253326416016 -0.03948974609375 -0.170440673828125
0.00935077667236328 0.00437068939208984 0.151596069335938 -0.212905883789063
0.00525856018066406 0.0203952789306641 0.36492919921875 -0.071624755859375
-0.00367116928100586 0.00268840789794922 0.327728271484375 0.295989990234375
0.00160980224609375 -0.044891357421875 -0.0440673828125 0.495330810546875
0.0338859558105469 -0.0163402557373047 -0.320159912109375 0.265350341796875
0.0601654052734375 0.0145149230957031 -0.00971603393554687 0.0372390747070312
0.0465469360351562 -0.0215187072753906 0.379119873046875 -0.217041015625
0.0151023864746094 -0.0341968536376953 0.11663818359375 -0.5289306640625
-0.00649404525756836 -0.00831937789916992 -0.3427734375 -0.2977294921875
0.000425338745117188 0.0179519653320313 -0.32745361328125 0.102264404296875
0.00702476501464844 0.0101346969604492 -0.12567138671875 0.23828125
0.0058746337890625 -0.0055241584777832 0.0625457763671875 0.174758911132813
0.00309658050537109 0.00810003280639648 0.132400512695313 0.0369720458984375
-0.000216603279113769 0.00189840793609619 -0.127761840820313 -0.049896240234375
0.00687313079833984 -0.00857257843017578 -0.043701171875 -0.170944213867188
0.0103225708007813 0.00385284423828125 0.142013549804688 -0.216537475585938
0.0104522705078125 0.0211086273193359 0.35858154296875 -0.083465576171875
-0.000557899475097656 0.00654792785644531 0.3359375 0.28369140625
-0.00120925903320313 -0.0397834777832031 -0.027252197265625 0.495819091796875
0.0242424011230469 -0.0145225524902344 -0.31640625 0.2762451171875
0.0486984252929687 0.0141868591308594 -0.0203132629394531 0.0430488586425781
0.0397567749023438 -0.0186119079589844 0.383819580078125 -0.202056884765625
0.0128402709960937 -0.0310039520263672 0.138458251953125 -0.5234375
-0.00313806533813477 -0.00503635406494141 -0.334136962890625 -0.312744140625
0.00543403625488281 0.0179996490478516 -0.334228515625 0.088836669921875
0.00780963897705078 0.0107583999633789 -0.135650634765625 0.23248291015625
0.00347566604614258 -0.00819253921508789 0.0600738525390625 0.174468994140625
0.00324225425720215 0.00399303436279297 0.130607604980469 0.0379638671875
-0.00110805034637451 -0.000893473625183106 -0.128768920898438 -0.0489730834960938
0.00654506683349609 -0.0110025405883789 -0.0469818115234375 -0.171585083007813
0.0117015838623047 0.00216293334960938 0.134140014648438 -0.220535278320313
0.0150623321533203 0.0218238830566406 0.352783203125 -0.091033935546875
0.00413990020751953 0.00965404510498047 0.341094970703125 0.27471923828125
-0.00370597839355469 -0.0342693328857422 -0.015228271484375 0.496795654296875
0.0128440856933594 -0.0101594924926758 -0.313079833984375 0.2860107421875
0.0342769622802734 0.0136947631835937 -0.0266494750976562 0.0472640991210938
0.0297431945800781 -0.0156002044677734 0.38861083984375 -0.189422607421875
0.01068115234375 -0.0249137878417969 0.15521240234375 -0.5196533203125
-3.60012054443359E-05 -0.00120460987091064 -0.32562255859375 -0.322357177734375
0.00931167602539063 0.0184345245361328 -0.3385009765625 0.078887939453125
0.0103836059570313 0.0105056762695313 -0.141220092773438 0.226455688476563
0.00451946258544922 -0.0105047225952148 0.0570220947265625 0.173355102539063
0.00365138053894043 0.000367403030395508 0.130325317382813 0.0392379760742188
-0.00148677825927734 -0.00155401229858398 -0.130264282226563 -0.0491104125976563
0.0067148208618164 -0.0132389068603516 -0.0479583740234375 -0.173614501953125
0.0129709243774414 0.000518798828125 0.130996704101563 -0.222381591796875
0.0178279876708984 0.021209716796875 0.35089111328125 -0.094482421875
0.00683021545410156 0.0131635665893555 0.3431396484375 0.27252197265625
-0.00665092468261719 -0.0264854431152344 -0.00988769531250004 0.499176025390625
0.00220847129821777 -0.00366806983947754 -0.31011962890625 0.2900390625
0.0185108184814453 0.0143661499023438 -0.0254440307617188 0.0507659912109375
0.0179710388183594 -0.0104751586914062 0.39306640625 -0.184173583984375
0.00682640075683594 -0.0175895690917969 0.16217041015625 -0.51983642578125
0.00256156921386719 0.00295639038085938 -0.323211669921875 -0.326629638671875
0.0128746032714844 0.0192928314208984 -0.340789794921875 0.074554443359375
0.0111961364746094 0.00949764251708984 -0.14544677734375 0.222763061523438
0.00493144989013672 -0.0130214691162109 0.0565643310546875 0.170700073242188
0.00354552268981934 -0.000923633575439453 0.130294799804688 0.0367813110351563
-0.00177371501922607 -0.000771045684814453 -0.131439208984375 -0.048858642578125
0.007965087890625 -0.0144815444946289 -0.0489044189453125 -0.175460815429688
0.0139913558959961 -0.000918388366699219 0.126571655273437 -0.226287841796875
0.0194892883300781 0.0209999084472656 0.349334716796875 -0.098907470703125
0.00913906097412109 0.0160903930664063 0.34661865234375 0.27191162109375
-0.00822830200195313 -0.0205307006835938 -0.00512695312500002 0.50286865234375
-0.00637626647949219 0.00277328491210937 -0.3023681640625 0.295166015625
0.00458049774169922 0.0157833099365234 -0.0155143737792969 0.0522613525390625
0.00687360763549805 -0.00606012344360352 0.396240234375 -0.19329833984375
0.00248336791992188 -0.0115118026733398 0.152923583984375 -0.521759033203125
0.00317239761352539 0.00727510452270508 -0.3311767578125 -0.3177490234375
0.0154247283935547 0.0175743103027344 -0.341156005859375 0.0815734863281251
0.0131292343139648 0.00734329223632813 -0.141525268554687 0.221771240234375
0.00539779663085937 -0.0151748657226563 0.05987548828125 0.167434692382812
0.00364112854003906 -0.0010068416595459 0.131370544433594 0.0326461791992188
0.00270271301269531 0.0156307220458984 -0.126739501953125 -0.0584640502929688
0.0148859024047852 -0.00173091888427734 -0.029541015625 -0.178054809570313
0.00559377670288086 0.00310516357421875 0.174530029296875 -0.20355224609375
-0.00580787658691406 0.0176715850830078 0.38006591796875 -0.036285400390625
-0.0107021331787109 6.86645507812485E-05 0.298919677734375 0.33612060546875
0.00653839111328125 -0.0425872802734375 -0.096466064453125 0.492401123046875
0.0397720336914063 -0.0062408447265625 -0.32049560546875 0.230865478515625
0.0592498779296875 0.0215530395507813 0.0396232604980469 0.0277099609375
0.0432243347167969 -0.016021728515625 0.371734619140625 -0.265655517578125
0.0100307464599609 -0.0304679870605469 0.049713134765625 -0.53594970703125
-0.0138206481933594 -0.00500679016113281 -0.372283935546875 -0.246185302734375
-0.00777721405029297 0.0164203643798828 -0.305694580078125 0.14044189453125
0.00440597534179687 0.00624608993530273 -0.097991943359375 0.246673583984375
0.00924777984619141 -0.00268173217773438 0.0774078369140625 0.164352416992188
0.00411796569824219 0.0194263458251953 0.136215209960938 0.0264968872070313
0.00178909301757812 0.0118980407714844 -0.127235412597656 -0.0558547973632812
0.0128984451293945 -0.001953125 -0.033294677734375 -0.174346923828125
0.00648927688598633 0.00498485565185547 0.1693115234375 -0.2081298828125
-0.00286674499511719 0.0188102722167969 0.377777099609375 -0.049102783203125
-0.00941753387451172 -0.000592231750488281 0.3094482421875 0.32269287109375
0.005950927734375 -0.0468826293945312 -0.080047607421875 0.4931640625
0.0429916381835938 -0.012054443359375 -0.321746826171875 0.242279052734375
0.0661849975585938 0.0186424255371094 0.0233688354492188 0.0295391082763672
0.0485954284667969 -0.0207481384277344 0.37249755859375 -0.254791259765625
0.0121192932128906 -0.0349445343017578 0.067108154296875 -0.53662109375
-0.0128211975097656 -0.00812911987304688 -0.365936279296875 -0.260894775390625
-0.00609779357910156 0.0166225433349609 -0.312103271484375 0.131317138671875
0.00442790985107422 0.008331298828125 -0.105712890625 0.247207641601563
0.00798130035400391 -0.00247478485107422 0.0736541748046875 0.169754028320312
0.00434017181396484 0.0162620544433594 0.136711120605469 0.030364990234375
0.00217056274414062 0.00887966156005859 -0.127189636230469 -0.0541152954101563
0.0103425979614258 -0.00398921966552734 -0.0368499755859375 -0.172225952148438
0.00722980499267578 0.00597858428955078 0.159713745117188 -0.212158203125
0.000598907470703126 0.0200309753417969 0.37249755859375 -0.06329345703125
-0.00745344161987305 -0.000523567199707031 0.322021484375 0.306854248046875
0.00475311279296875 -0.0472564697265625 -0.058807373046875 0.494049072265625
0.0407333374023438 -0.0158424377441406 -0.31951904296875 0.254608154296875
0.0665130615234375 0.0163497924804688 0.00655746459960938 0.0329685211181641
0.0495681762695312 -0.0216255187988281 0.37652587890625 -0.238739013671875
0.0138778686523437 -0.0362815856933594 0.08843994140625 -0.534637451171875
-0.0101356506347656 -0.00807762145996094 -0.3577880859375 -0.278045654296875
-0.00368976593017578 0.016815185546875 -0.3197021484375 0.120208740234375
0.00479221343994141 0.00955104827880859 -0.114242553710938 0.2445068359375
0.00603342056274414 -0.00346136093139648 0.0712432861328125 0.172836303710937
0.00385856628417969 0.0122442245483398 0.133430480957031 0.0334243774414062
0.00129985809326172 0.00489902496337891 -0.128524780273438 -0.0511474609375
0.00809001922607422 -0.00597906112670898 -0.0425262451171875 -0.17010498046875
0.00879573822021484 0.00490856170654297 0.1490478515625 -0.216018676757813
0.00527763366699219 0.0193729400634766 0.36517333984375 -0.077789306640625
-0.00404667854309082 0.00205612182617188 0.3323974609375 0.291168212890625
0.000751495361328123 -0.0451812744140625 -0.0390624999999999 0.496429443359375
0.0337486267089844 -0.0164299011230469 -0.318450927734375 0.26806640625
0.0612411499023437 0.0145530700683594 -0.0098724365234375 0.0377998352050781
0.0474395751953125 -0.0218353271484375 0.378387451171875 -0.22235107421875
0.0132999420166016 -0.0349845886230469 0.111053466796875 -0.531097412109375
-0.00739622116088867 -0.00837421417236328 -0.347320556640625 -0.295166015625
0.00072479248046875 0.0168428421020508 -0.326385498046875 0.105865478515625
0.00658798217773437 0.0107812881469727 -0.12371826171875 0.240768432617187
0.00455093383789063 -0.00574827194213867 0.066253662109375 0.174957275390625
0.00491046905517578 0.0089874267578125 0.133445739746094 0.03521728515625
0.000730276107788086 0.00195860862731934 -0.128730773925781 -0.0487899780273438
0.00724458694458008 -0.00828838348388672 -0.0471343994140625 -0.170074462890625
0.0112829208374023 0.00359535217285156 0.139114379882813 -0.219818115234375
0.0111885070800781 0.0210494995117187 0.358917236328125 -0.088623046875
-0.000442981719970703 0.00579214096069336 0.3416748046875 0.279022216796875
-0.00243377685546875 -0.0407638549804688 -0.0198974609375 0.497222900390625
0.0246162414550781 -0.0146980285644531 -0.314727783203125 0.27984619140625
0.0491447448730469 0.013031005859375 -0.0213546752929687 0.0420684814453125
0.0399932861328125 -0.0196304321289062 0.38250732421875 -0.206024169921875
0.0130653381347656 -0.031494140625 0.13330078125 -0.5269775390625
-0.00297212600708008 -0.00558280944824219 -0.338287353515625 -0.311187744140625
0.00522708892822266 0.0174598693847656 -0.33355712890625 0.092864990234375
0.00873088836669922 0.0109567642211914 -0.1324462890625 0.23516845703125
0.00441598892211914 -0.00871038436889649 0.0636138916015625 0.175628662109375
0.00476217269897461 0.00380802154541016 0.132377624511719 0.0375213623046875
-0.000105082988739014 -0.000814378261566162 -0.130561828613281 -0.04742431640625
0.006103515625 -0.0110406875610352 -0.04901123046875 -0.171768188476563
0.0112648010253906 0.00143814086914063 0.13226318359375 -0.222900390625
0.0158672332763672 0.0210494995117188 0.353302001953125 -0.097564697265625
0.00362491607666016 0.0087890625 0.345489501953125 0.26995849609375
-0.0050811767578125 -0.0342311859130859 -0.00842285156250003 0.498870849609375
0.0132637023925781 -0.0101995468139648 -0.310943603515625 0.288665771484375
0.0349998474121094 0.0135383605957031 -0.0256271362304688 0.0469779968261719
0.0286331176757813 -0.0154190063476563 0.387969970703125 -0.194244384765625
0.00974655151367187 -0.0256748199462891 0.150909423828125 -0.524566650390625
-0.000294089317321777 -0.0012279748916626 -0.329864501953125 -0.32110595703125
0.0105953216552734 0.0176219940185547 -0.339508056640625 0.083099365234375
0.00982666015625 0.0101699829101562 -0.139114379882812 0.230743408203125
0.00306224822998047 -0.0101947784423828 0.0608673095703125 0.17376708984375
0.00436210632324219 0.00125336647033691 0.131828308105469 0.03729248046875
-0.00119221210479736 -0.00195860862731934 -0.132164001464844 -0.0475845336914062
0.00694942474365234 -0.0132646560668945 -0.0507354736328125 -0.173660278320313
0.0130691528320313 0.000994682312011719 0.12774658203125 -0.225387573242188
0.0186481475830078 0.0209484100341797 0.349945068359375 -0.1004638671875
0.00667667388916016 0.0114383697509766 0.34759521484375 0.268768310546875
-0.00667762756347656 -0.027679443359375 -0.00274658203125 0.499176025390625
0.00261092185974121 -0.00358343124389648 -0.307281494140625 0.29425048828125
0.0192775726318359 0.0145893096923828 -0.0243721008300781 0.0508689880371094
0.0171871185302734 -0.00998592376708984 0.393096923828125 -0.18994140625
0.00594329833984375 -0.0179824829101563 0.15704345703125 -0.522491455078125
0.0025029182434082 0.00347423553466797 -0.328369140625 -0.323638916015625
0.0139865875244141 0.0176639556884766 -0.34088134765625 0.0796203613281251
0.0117483139038086 0.00921726226806641 -0.143157958984375 0.2255859375
0.00463008880615234 -0.0133581161499023 0.0596160888671875 0.17181396484375
0.00336313247680664 -0.000783205032348633 0.132278442382813 0.0355453491210938
-0.00174152851104736 -0.00105130672454834 -0.132247924804688 -0.0478363037109375
0.00759696960449219 -0.0154285430908203 -0.0517425537109375 -0.176010131835938
0.0141563415527344 -0.00135326385498047 0.124649047851563 -0.2288818359375
0.0209465026855469 0.0198993682861328 0.348175048828125 -0.104156494140625
0.00909423828125 0.0148935317993164 0.351043701171875 0.26654052734375
-0.00933265686035156 -0.0205574035644531 0.00195312500000003 0.503387451171875
-0.00631475448608398 0.00226449966430664 -0.301055908203125 0.298980712890625
0.00476551055908203 0.0162439346313477 -0.0152549743652344 0.05291748046875
0.00710773468017578 -0.00589847564697266 0.395721435546875 -0.198822021484375
0.00192451477050781 -0.0113439559936523 0.14654541015625 -0.524444580078125
0.00372457504272461 0.00710391998291016 -0.3382568359375 -0.315887451171875
0.0157527923583984 0.0177116394042969 -0.340911865234375 0.08648681640625
0.0130224227905273 0.00729751586914063 -0.139022827148438 0.22479248046875
0.00560092926025391 -0.0154829025268555 0.062469482421875 0.166671752929688
0.00398659706115723 -0.000740766525268555 0.133209228515625 0.0310897827148438
0.00250625610351562 0.0156707763671875 -0.128730773925781 -0.0566177368164063
0.0154142379760742 -0.00295734405517578 -0.0334930419921875 -0.177536010742187
0.00579023361206055 0.00325822830200195 0.172378540039063 -0.207443237304687
-0.00513648986816406 0.0180988311767578 0.380859375 -0.042236328125
-0.0104408264160156 -0.000831604003906249 0.303619384765625 0.3306884765625
0.006011962890625 -0.0428009033203125 -0.091827392578125 0.493011474609375
0.0403671264648438 -0.00635910034179687 -0.318023681640625 0.237030029296875
0.0595512390136719 0.0213050842285156 0.0398139953613281 0.02789306640625
0.0429420471191406 -0.0170516967773438 0.36968994140625 -0.271148681640625
0.0095977783203125 -0.02996826171875 0.043487548828125 -0.53717041015625
-0.0134525299072266 -0.00519180297851563 -0.376007080078125 -0.24139404296875
-0.00777149200439453 0.0165319442749023 -0.30426025390625 0.144927978515625
0.00475931167602539 0.00645780563354492 -0.0948944091796875 0.249542236328125
0.00961971282958984 -0.00308704376220703 0.0804595947265625 0.163787841796875
0.00538444519042969 0.01934814453125 0.1375732421875 0.0247726440429688
0.00231838226318359 0.0120973587036133 -0.129066467285156 -0.05419921875
0.0123577117919922 -0.00262451171875 -0.0366973876953125 -0.17498779296875
0.00615739822387695 0.00390911102294922 0.165374755859375 -0.210708618164063
-0.00238990783691406 0.0184459686279297 0.377716064453125 -0.055755615234375
-0.00857686996459961 -0.00172138214111328 0.31536865234375 0.3184814453125
0.00481414794921874 -0.0467300415039063 -0.073028564453125 0.495849609375
0.0430107116699219 -0.0126609802246094 -0.318878173828125 0.245513916015625
0.0664215087890625 0.0184097290039063 0.0233936309814453 0.0296287536621094
0.0480155944824219 -0.0214309692382813 0.3709716796875 -0.259674072265625
0.0113105773925781 -0.0351066589355469 0.06011962890625 -0.537872314453125
-0.0127935409545898 -0.00751113891601562 -0.369781494140625 -0.25811767578125
-0.00595474243164063 0.0164299011230469 -0.310882568359375 0.13641357421875
0.00427484512329102 0.00866174697875977 -0.101608276367187 0.24847412109375
0.00769758224487305 -0.00330495834350586 0.0778656005859375 0.168533325195313
0.00526809692382812 0.0160770416259766 0.13726806640625 0.0281753540039063
0.00261831283569336 0.00849390029907227 -0.128471374511719 -0.0519332885742188
0.0104837417602539 -0.00323009490966797 -0.0408782958984375 -0.172271728515625
0.00763654708862305 0.00527143478393555 0.156936645507813 -0.214523315429688
0.00122261047363281 0.0191688537597656 0.372314453125 -0.069671630859375
-0.00741767883300781 -0.000438690185546873 0.32623291015625 0.3017578125
0.00223541259765625 -0.0470848083496094 -0.0521240234375 0.495025634765625
0.0405540466308594 -0.0168075561523438 -0.317138671875 0.259429931640625
0.068023681640625 0.0154190063476563 0.00608062744140626 0.0331230163574219
0.0497779846191406 -0.0229072570800781 0.371917724609375 -0.24554443359375
0.0134468078613281 -0.0363273620605469 0.0811767578125 -0.537261962890625
-0.0103654861450195 -0.00847053527832031 -0.361328125 -0.27435302734375
-0.00282478332519531 0.0160799026489258 -0.318878173828125 0.124786376953125
0.00550937652587891 0.00994205474853516 -0.110931396484375 0.24627685546875
0.00619077682495117 -0.00462770462036133 0.0735321044921875 0.171768188476563
0.00551795959472656 0.0117416381835937 0.136138916015625 0.0311355590820313
0.00189709663391113 0.00433206558227539 -0.129890441894531 -0.0489501953125
0.00823068618774414 -0.00568914413452148 -0.0450897216796875 -0.170242309570313
0.00893974304199219 0.00474071502685547 0.1456298828125 -0.2186279296875
0.00615882873535156 0.0194072723388672 0.3653564453125 -0.083251953125
-0.00396871566772461 0.0017096996307373 0.3372802734375 0.28607177734375
3.8146972656255E-05 -0.0459136962890625 -0.0321960449218749 0.49591064453125
0.033721923828125 -0.0171298980712891 -0.31536865234375 0.273040771484375
0.0610923767089844 0.0132598876953125 -0.0090789794921875 0.0383224487304688
0.0462722778320313 -0.022735595703125 0.376373291015625 -0.227386474609375
0.0136642456054688 -0.0353240966796875 0.10491943359375 -0.53448486328125
-0.00687932968139649 -0.00861835479736328 -0.3516845703125 -0.291351318359375
0.00145244598388672 0.0168066024780273 -0.32611083984375 0.110626220703125
0.00688457489013672 0.0101747512817383 -0.119537353515625 0.242263793945313
0.00469493865966797 -0.00651025772094727 0.06951904296875 0.175018310546875
0.00494575500488281 0.00788116455078125 0.135002136230469 0.0342330932617188
0.00196921825408936 0.0015331506729126 -0.130935668945313 -0.0474777221679687
0.00635957717895508 -0.00857114791870117 -0.048736572265625 -0.170623779296875
0.0101957321166992 0.00383090972900391 0.136917114257813 -0.223098754882813
0.0117626190185547 0.0203189849853516 0.358306884765625 -0.095672607421875
-0.000576972961425781 0.00444173812866211 0.3446044921875 0.2733154296875
-0.00293731689453125 -0.0416526794433594 -0.01300048828125 0.498077392578125
0.0246944427490234 -0.0148067474365234 -0.310577392578125 0.2838134765625
0.0508193969726562 0.0120048522949219 -0.0201034545898438 0.0431327819824219
0.0391578674316406 -0.0194435119628906 0.38006591796875 -0.211212158203125
0.0118026733398437 -0.0315361022949219 0.1263427734375 -0.5308837890625
-0.00313043594360352 -0.00643825531005859 -0.342681884765625 -0.3057861328125
0.00577545166015625 0.016667366027832 -0.3336181640625 0.098114013671875
0.00941753387451172 0.0106134414672852 -0.129150390625 0.23828125
0.00380802154541016 -0.00827312469482422 0.067047119140625 0.175994873046875
0.00473308563232422 0.00351667404174805 0.133796691894531 0.0357131958007813
-0.000156641006469726 -0.00161337852478027 -0.131782531738281 -0.0463409423828125
0.00630664825439453 -0.0109157562255859 -0.0524749755859375 -0.170989990234375
0.0114555358886719 0.00218868255615234 0.128433227539062 -0.225982666015625
0.0157375335693359 0.0198879241943359 0.352020263671875 -0.10333251953125
0.00416231155395508 0.00798797607421875 0.348724365234375 0.26373291015625
-0.00591850280761719 -0.0349617004394531 -0.00164794921875005 0.497467041015625
0.0136299133300781 -0.0103521347045898 -0.3074951171875 0.293243408203125
0.034820556640625 0.0125179290771484 -0.0255699157714844 0.0483474731445313
0.0288677215576172 -0.0155105590820313 0.386016845703125 -0.200531005859375
0.00948715209960938 -0.0255146026611328 0.143768310546875 -0.5257568359375
0.000414371490478515 -0.00245118141174316 -0.33544921875 -0.315704345703125
0.0106201171875 0.0176677703857422 -0.339111328125 0.088531494140625
0.010676383972168 0.0100317001342773 -0.136001586914063 0.2320556640625
0.00354766845703125 -0.0113086700439453 0.0634613037109375 0.174057006835937
0.00405788421630859 0.000919103622436523 0.133804321289062 0.035614013671875
-0.00143992900848389 -0.00155746936798096 -0.133285522460938 -0.045562744140625
0.00552654266357422 -0.0132579803466797 -0.0543365478515625 -0.173675537109375
0.01275634765625 0.00114917755126953 0.124404907226563 -0.228439331054688
0.01947021484375 0.0208187103271484 0.3492431640625 -0.106689453125
0.00733852386474609 0.0114212036132813 0.351043701171875 0.261810302734375
-0.00803947448730469 -0.0278148651123047 0.00390624999999996 0.499908447265625
0.00256538391113281 -0.00357985496520996 -0.30340576171875 0.296875
0.0198249816894531 0.0139808654785156 -0.0243415832519531 0.0512313842773437
0.0173616409301758 -0.0111303329467773 0.3916015625 -0.195220947265625
0.00550460815429687 -0.0184421539306641 0.15093994140625 -0.525360107421875
0.00184106826782227 0.00313615798950195 -0.333251953125 -0.3201904296875
0.0147895812988281 0.0178794860839844 -0.34088134765625 0.0845947265624999
0.0119771957397461 0.00893783569335938 -0.139633178710937 0.228363037109375
0.0040130615234375 -0.0128898620605469 0.063323974609375 0.171539306640625
0.00425553321838379 -0.00118350982666016 0.133544921875 0.0344085693359375
-0.00125789642333984 -0.000487089157104492 -0.133995056152344 -0.0460891723632812
0.00750255584716797 -0.0149717330932617 -0.054840087890625 -0.175079345703125
0.0133848190307617 8.48770141601563E-05 0.120925903320313 -0.231353759765625
0.0212326049804688 0.0197849273681641 0.34716796875 -0.1104736328125
0.00935745239257813 0.0144596099853516 0.35595703125 0.261138916015625
-0.0104007720947266 -0.0204944610595703 0.00918579101562495 0.503204345703125
-0.0057368278503418 0.00310564041137695 -0.295989990234375 0.3023681640625
0.00535869598388672 0.0159835815429688 -0.0143508911132812 0.053497314453125
0.00611257553100586 -0.00640869140625 0.394287109375 -0.204132080078125
0.00276756286621094 -0.0116491317749023 0.1414794921875 -0.528533935546875
0.0038151741027832 0.00661039352416992 -0.341583251953125 -0.3114013671875
0.0169086456298828 0.0178298950195313 -0.3408203125 0.0917968750000001
0.0130624771118164 0.00707054138183594 -0.136154174804688 0.227325439453125
0.00454807281494141 -0.0157985687255859 0.066131591796875 0.1669921875
0.00473642349243164 -0.00140142440795898 0.134170532226563 0.0299835205078125
0.002471923828125 0.0155200958251953 -0.129493713378906 -0.0553741455078125
0.0144767761230469 -0.00280094146728516 -0.036407470703125 -0.177108764648438
0.00544452667236328 0.00328159332275391 0.168701171875 -0.209884643554688
-0.004730224609375 0.0178585052490234 0.3804931640625 -0.04913330078125
-0.0101499557495117 -0.000939369201660158 0.308990478515625 0.32568359375
0.0042266845703125 -0.043060302734375 -0.084625244140625 0.493927001953125
0.0397758483886719 -0.00790786743164063 -0.315032958984375 0.239593505859375
0.0610771179199219 0.0207099914550781 0.0397758483886719 0.0276222229003906
0.043060302734375 -0.0172233581542969 0.366180419921875 -0.276336669921875
0.00930023193359375 -0.0301513671875 0.036285400390625 -0.537384033203125
-0.0136137008666992 -0.00519084930419922 -0.379119873046875 -0.236663818359375
-0.00704288482666016 0.0160741806030273 -0.303009033203125 0.150146484375
0.00452136993408203 0.00638771057128906 -0.0904388427734375 0.251083374023438
0.00899028778076172 -0.00343894958496094 0.0839691162109375 0.163650512695313
0.00658798217773437 0.0192756652832031 0.13873291015625 0.0232391357421875
0.00379657745361328 0.0127925872802734 -0.130104064941406 -0.0531463623046875
0.0125102996826172 -0.00286293029785156 -0.039825439453125 -0.17425537109375
0.00664567947387695 0.00470972061157227 0.162063598632813 -0.213821411132813
-0.00168037414550781 0.018341064453125 0.377288818359375 -0.06201171875
-0.00922393798828125 -0.00148200988769531 0.31927490234375 0.310638427734375
0.00400924682617188 -0.0463027954101563 -0.06689453125 0.494873046875
0.0431404113769531 -0.0132369995117188 -0.315338134765625 0.249176025390625
0.0674018859863281 0.017730712890625 0.0238723754882813 0.0290927886962891
0.0476531982421875 -0.0216255187988281 0.36737060546875 -0.26483154296875
0.0114593505859375 -0.0349330902099609 0.052734375 -0.538726806640625
-0.0128507614135742 -0.00815582275390625 -0.374481201171875 -0.2510986328125
-0.00592708587646485 0.0162343978881836 -0.30914306640625 0.141448974609375
0.00517797470092773 0.00838518142700195 -0.0973663330078125 0.250747680664062
0.00764036178588867 -0.0037994384765625 0.08050537109375 0.167984008789063
0.00627422332763672 0.0161581039428711 0.138473510742188 0.0268630981445313
0.00313806533813477 0.00812053680419922 -0.1295166015625 -0.0504989624023438
0.00997829437255859 -0.00428485870361328 -0.0437774658203125 -0.171600341796875
0.00706195831298828 0.00543117523193359 0.153823852539063 -0.217437744140625
0.00170707702636719 0.0191173553466797 0.371124267578125 -0.076171875
-0.00743246078491211 -0.00105476379394531 0.331024169921875 0.29638671875
0.00123977661132813 -0.0481758117675781 -0.04595947265625 0.4945068359375
0.0402412414550781 -0.0167884826660156 -0.3134765625 0.26318359375
0.0682334899902344 0.0141792297363281 0.00671005249023438 0.0336475372314453
0.0501441955566406 -0.0227813720703125 0.36932373046875 -0.249603271484375
0.0125503540039063 -0.0370063781738281 0.074310302734375 -0.53826904296875
-0.00994777679443359 -0.00908470153808594 -0.3656005859375 -0.268585205078125
-0.00229454040527344 0.0159454345703125 -0.31689453125 0.129638671875
0.00588035583496094 0.00958061218261719 -0.106689453125 0.249664306640625
0.00565433502197266 -0.00416994094848633 0.0764312744140625 0.171630859375
0.00643157958984375 0.0121746063232422 0.137519836425781 0.0298309326171875
0.00173759460449219 0.00509214401245117 -0.130683898925781 -0.0478591918945312
0.0086517333984375 -0.00562429428100586 -0.0481719970703125 -0.17034912109375
0.00823116302490234 0.00510454177856445 0.142547607421875 -0.2220458984375
0.00679397583007813 0.0195827484130859 0.364288330078125 -0.090728759765625
-0.00384116172790527 0.00124430656433105 0.34027099609375 0.279998779296875
-0.00135040283203125 -0.0454978942871094 -0.0250244140625 0.49505615234375
0.0333709716796875 -0.0170269012451172 -0.31201171875 0.27508544921875
0.0620346069335938 0.0131149291992188 -0.00902938842773437 0.0379066467285156
0.04620361328125 -0.02252197265625 0.373687744140625 -0.23260498046875
0.0128326416015625 -0.0358085632324219 0.098175048828125 -0.53564453125
-0.00637435913085938 -0.00890541076660156 -0.35546875 -0.286163330078125
0.00226974487304688 0.0161666870117188 -0.32476806640625 0.115386962890625
0.00776100158691406 0.0108442306518555 -0.116455078125 0.244354248046875
0.00466442108154297 -0.00600528717041016 0.07366943359375 0.173583984375
0.00592374801635742 0.00799226760864258 0.13653564453125 0.0320053100585938
0.00145125389099121 0.0020442008972168 -0.131217956542969 -0.0454177856445312
0.00611972808837891 -0.00802803039550781 -0.051666259765625 -0.169631958007813
0.0101690292358398 0.00372982025146484 0.133743286132813 -0.2257080078125
0.012542724609375 0.0191841125488281 0.357025146484375 -0.101715087890625
-0.000157833099365234 0.00368070602416992 0.348663330078125 0.266845703125
-0.00409317016601563 -0.0411338806152344 -0.00680541992187498 0.496307373046875
0.0240135192871094 -0.0159416198730469 -0.30755615234375 0.28680419921875
0.0506935119628906 0.0118560791015625 -0.0205535888671875 0.0430564880371094
0.0394821166992188 -0.0197410583496094 0.377044677734375 -0.21661376953125
0.0113525390625 -0.0312538146972656 0.119842529296875 -0.5318603515625
-0.00252962112426758 -0.00573444366455078 -0.3470458984375 -0.300506591796875
0.00630855560302734 0.0162582397460938 -0.33233642578125 0.10345458984375
0.00947189331054688 0.0105724334716797 -0.125732421875 0.240570068359375
0.0038142204284668 -0.00865554809570313 0.0700225830078125 0.174728393554688
0.00547885894775391 0.00324058532714844 0.135185241699219 0.0341720581054688
0.000203371047973633 -0.00119292736053467 -0.133132934570313 -0.0439834594726562
0.00551605224609375 -0.010955810546875 -0.05517578125 -0.170364379882813
0.0115385055541992 0.00293064117431641 0.125503540039063 -0.228958129882812
0.0163955688476563 0.0203037261962891 0.35113525390625 -0.109130859375
0.00475215911865234 0.00753879547119141 0.353485107421875 0.258514404296875
-0.0070343017578125 -0.0352973937988281 0.00494384765624999 0.496795654296875
0.0136375427246094 -0.0100793838500977 -0.30389404296875 0.2967529296875
0.0358810424804688 0.0127372741699219 -0.0250892639160156 0.0477485656738281
0.0286865234375 -0.0157394409179688 0.38287353515625 -0.20452880859375
0.00900459289550781 -0.0250492095947266 0.137237548828125 -0.5277099609375
0.00016629695892334 -0.00199282169342041 -0.3399658203125 -0.31109619140625
0.011260986328125 0.0170106887817383 -0.337188720703125 0.09356689453125
0.0106735229492188 0.00973606109619141 -0.13214111328125 0.234588623046875
0.00358200073242188 -0.0113420486450195 0.066314697265625 0.1734619140625
0.00477933883666992 0.00122308731079102 0.135406494140625 0.0339202880859375
-0.000174641609191895 -0.00144767761230469 -0.134140014648438 -0.0433120727539063
0.006256103515625 -0.0137834548950195 -0.0566558837890625 -0.172500610351563
0.0130796432495117 0.000750541687011719 0.121047973632812 -0.230545043945313
0.0204658508300781 0.0202064514160156 0.34771728515625 -0.113037109375
0.00720405578613281 0.0100555419921875 0.35540771484375 0.256256103515625
-0.00896072387695313 -0.027313232421875 0.01019287109375 0.50030517578125
0.00278663635253906 -0.00421357154846191 -0.30023193359375 0.301116943359375
0.0197696685791016 0.0141792297363281 -0.0235557556152344 0.0519218444824219
0.0173282623291016 -0.0113153457641602 0.388702392578125 -0.20025634765625
0.00554466247558594 -0.0177898406982422 0.143707275390625 -0.528076171875
0.00289440155029297 0.00191164016723633 -0.33685302734375 -0.31494140625
0.0146856307983398 0.0163278579711914 -0.3402099609375 0.089935302734375
0.0124540328979492 0.00909614562988281 -0.135848999023437 0.230377197265625
0.00388050079345703 -0.0138378143310547 0.066864013671875 0.17083740234375
0.00516700744628906 -0.00103330612182617 0.135078430175781 0.0314483642578125
-0.0002937912940979 -0.000451773405075073 -0.134613037109375 -0.0440139770507812
0.00673866271972656 -0.0146493911743164 -0.0575103759765625 -0.173660278320313
0.0133943557739258 -0.000608444213867188 0.1177978515625 -0.233306884765625
0.0222225189208984 0.0195484161376953 0.345703125 -0.11627197265625
0.00934410095214844 0.0140438079833984 0.35845947265625 0.2550048828125
-0.0108108520507812 -0.0209522247314453 0.014556884765625 0.502685546875
-0.00574541091918945 0.00335693359375 -0.292510986328125 0.30645751953125
0.00576019287109375 0.0164709091186523 -0.0141792297363281 0.0537757873535156
0.00651359558105469 -0.00619173049926758 0.390411376953125 -0.2086181640625
0.00142478942871094 -0.0113019943237305 0.13336181640625 -0.52972412109375
0.00335693359375 0.00718545913696289 -0.346038818359375 -0.305755615234375
0.0168952941894531 0.016871452331543 -0.339202880859375 0.09625244140625
0.0130891799926758 0.00705146789550781 -0.133041381835937 0.22967529296875
0.00471210479736328 -0.0149106979370117 0.069091796875 0.16656494140625
0.00502634048461914 -0.00146913528442383 0.135879516601563 0.0283660888671875
0.00387096405029297 0.0162153244018555 -0.131309509277344 -0.054046630859375
0.0144939422607422 -0.00280475616455078 -0.0395355224609375 -0.1761474609375
0.00564002990722656 0.00394010543823242 0.165359497070312 -0.212966918945312
-0.00465869903564453 0.0172510147094727 0.37957763671875 -0.055999755859375
-0.0105495452880859 -0.00132274627685547 0.31219482421875 0.3193359375
0.00366973876953125 -0.0433425903320313 -0.076934814453125 0.494384765625
0.0387649536132813 -0.00804901123046875 -0.311279296875 0.24365234375
0.0613632202148438 0.0201187133789062 0.0401649475097656 0.0261039733886719
0.0425567626953125 -0.0174598693847656 0.361480712890625 -0.279754638671875
0.00869369506835938 -0.0302162170410156 0.028594970703125 -0.5382080078125
-0.0136795043945313 -0.00594902038574219 -0.382598876953125 -0.230621337890625
-0.00644683837890625 0.0160284042358398 -0.299041748046875 0.15374755859375
0.00481414794921875 0.00660133361816406 -0.086151123046875 0.251419067382813
0.00894355773925781 -0.00343799591064453 0.087127685546875 0.161697387695313
0.0074462890625 0.0193023681640625 0.139595031738281 0.0204849243164063
0.0039215087890625 0.0124711990356445 -0.130584716796875 -0.0511398315429687
0.0125179290771484 -0.0027313232421875 -0.04278564453125 -0.173599243164063
0.00651979446411133 0.00481891632080078 0.159286499023438 -0.215850830078125
-0.00177001953125 0.0182056427001953 0.375030517578125 -0.068695068359375
-0.00942420959472656 -0.00243663787841797 0.323333740234375 0.305694580078125
0.00279998779296875 -0.0474891662597656 -0.05859375 0.4949951171875
0.0426101684570313 -0.0139350891113281 -0.3121337890625 0.252716064453125
0.0678291320800781 0.0166549682617188 0.02362060546875 0.0290260314941406
0.0478744506835938 -0.0217514038085938 0.362640380859375 -0.26861572265625
0.0102291107177734 -0.0350875854492188 0.0458984375 -0.539154052734375
-0.0126228332519531 -0.00779247283935547 -0.37652587890625 -0.24542236328125
-0.00522041320800781 0.0162839889526367 -0.30633544921875 0.144500732421875
0.00560379028320313 0.00808238983154297 -0.093719482421875 0.252365112304687
0.00723838806152344 -0.00335884094238281 0.0835418701171875 0.166839599609375
0.00667953491210938 0.0163488388061523 0.1390380859375 0.0247039794921875
0.00388622283935547 0.00897693634033203 -0.130645751953125 -0.0478668212890625
0.00934696197509765 -0.00397109985351562 -0.0464935302734375 -0.1708984375
0.00806808471679688 0.00566387176513672 0.14959716796875 -0.219696044921875
0.00254249572753906 0.0184173583984375 0.36944580078125 -0.082122802734375
-0.00767803192138672 -0.00167369842529297 0.334564208984375 0.289276123046875
0.000793457031250003 -0.0477714538574219 -0.03912353515625 0.49554443359375
0.0399055480957031 -0.0176925659179688 -0.30963134765625 0.265472412109375
0.0680465698242188 0.0137939453125 0.00665283203125 0.0328006744384766
0.0489425659179688 -0.0239372253417969 0.36505126953125 -0.254058837890625
0.0114479064941406 -0.0371017456054688 0.067840576171875 -0.53936767578125
-0.0100374221801758 -0.00952053070068359 -0.36920166015625 -0.263427734375
-0.00203418731689453 0.0154409408569336 -0.314910888671875 0.133575439453125
0.00635242462158203 0.00949382781982422 -0.102066040039063 0.2510986328125
0.00489044189453125 -0.00463247299194336 0.0803375244140625 0.170608520507813
0.00693321228027344 0.0123405456542969 0.137237548828125 0.0281753540039063
0.00318670272827148 0.00505542755126953 -0.132499694824219 -0.0454940795898437
0.00784111022949219 -0.00636386871337891 -0.0517425537109375 -0.169464111328125
0.00861406326293945 0.00505971908569336 0.139251708984375 -0.223831176757813
0.00727653503417969 0.0188255310058594 0.362030029296875 -0.09674072265625
-0.00396275520324707 0.000414371490478516 0.344146728515625 0.27349853515625
-0.002197265625 -0.0456809997558594 -0.0175781250000001 0.495025634765625
0.0338039398193359 -0.0183506011962891 -0.307525634765625 0.27996826171875
0.0625457763671875 0.0122222900390625 -0.00894546508789062 0.0388145446777344
0.0454521179199219 -0.0231056213378906 0.368896484375 -0.237701416015625
0.0123176574707031 -0.035614013671875 0.09100341796875 -0.5343017578125
-0.00683116912841797 -0.00883007049560547 -0.358795166015625 -0.28057861328125
0.00265693664550781 0.0161428451538086 -0.3228759765625 0.121307373046875
0.00782203674316406 0.011073112487793 -0.112396240234375 0.247283935546875
0.00423955917358399 -0.00595998764038086 0.077178955078125 0.172409057617188
0.00652360916137695 0.00744533538818359 0.137405395507813 0.0302505493164063
0.00206100940704346 0.000998854637145996 -0.133316040039063 -0.0439300537109375
0.00594520568847656 -0.00840282440185547 -0.0558624267578125 -0.16912841796875
0.0103073120117188 0.00441074371337891 0.129608154296875 -0.227386474609375
0.0125617980957031 0.0194110870361328 0.354888916015625 -0.106964111328125
-6.29425048828123E-05 0.00302910804748535 0.351806640625 0.2603759765625
-0.00541305541992188 -0.0407943725585938 -0.000396728515625018 0.49432373046875
0.0240383148193359 -0.01531982421875 -0.302947998046875 0.29052734375
0.0508651733398437 0.0113296508789062 -0.0193824768066406 0.0438652038574219
0.0380096435546875 -0.0198898315429687 0.373504638671875 -0.22119140625
0.0111503601074219 -0.0317020416259766 0.112701416015625 -0.531982421875
-0.00299644470214844 -0.00602483749389648 -0.349395751953125 -0.295501708984375
0.00732040405273437 0.0151958465576172 -0.330108642578125 0.10882568359375
0.00907325744628906 0.0108213424682617 -0.12176513671875 0.242645263671875
0.00215721130371094 -0.00892066955566406 0.07269287109375 0.17303466796875
0.00677824020385742 0.00352859497070312 0.137191772460938 0.0318222045898438
0.000545263290405274 -0.00071251392364502 -0.134773254394531 -0.0422897338867188
0.00519466400146484 -0.0113515853881836 -0.059112548828125 -0.170089721679688
0.0114841461181641 0.00287055969238281 0.121917724609375 -0.231338500976562
0.0170154571533203 0.0192527770996094 0.348236083984375 -0.115203857421875
0.00415658950805664 0.00652503967285156 0.35614013671875 0.251739501953125
-0.00720977783203125 -0.0348682403564453 0.012054443359375 0.495025634765625
0.0127382278442383 -0.0105447769165039 -0.298736572265625 0.29949951171875
0.035369873046875 0.0120506286621094 -0.0245628356933594 0.0491523742675781
0.0275535583496094 -0.0163593292236328 0.3795166015625 -0.208465576171875
0.00827789306640625 -0.0259246826171875 0.130157470703125 -0.52911376953125
0.000102400779724121 -0.00217413902282715 -0.3426513671875 -0.30706787109375
0.0115499496459961 0.0164680480957031 -0.335540771484375 0.09893798828125
0.0107746124267578 0.0102071762084961 -0.12841796875 0.236709594726563
0.00309944152832031 -0.0111026763916016 0.0707855224609375 0.172576904296875
0.0050959587097168 0.000434398651123047 0.135528564453125 0.0326156616210938
-0.000113844871520996 -0.00171005725860596 -0.134956359863281 -0.042266845703125
0.00566005706787109 -0.0139484405517578 -0.0597076416015625 -0.170440673828125
0.0125627517700195 0.00141716003417969 0.117706298828125 -0.232513427734375
0.0210018157958984 0.0197601318359375 0.34588623046875 -0.118377685546875
0.00809955596923828 0.0104303359985352 0.358642578125 0.249114990234375
-0.00976753234863281 -0.0280055999755859 0.015777587890625 0.49774169921875
0.00284194946289063 -0.0045166015625 -0.294342041015625 0.303009033203125
0.02069091796875 0.0129203796386719 -0.0227127075195313 0.0521087646484375
0.0166177749633789 -0.0115118026733398 0.385009765625 -0.204803466796875
0.00547409057617187 -0.0188064575195313 0.13739013671875 -0.529205322265625
0.00283169746398926 0.00165939331054688 -0.342010498046875 -0.309906005859375
0.0151300430297852 0.0170965194702148 -0.338104248046875 0.0945434570312501
0.0122861862182617 0.00931930541992188 -0.132614135742188 0.232589721679688
0.00407600402832031 -0.0136594772338867 0.0699615478515625 0.169631958007812
0.0049748420715332 -0.00120973587036133 0.136215209960938 0.0306243896484375
-0.000153884291648865 0.00021575391292572 -0.136161804199219 -0.0419464111328125
0.00675582885742188 -0.0154514312744141 -0.0609588623046875 -0.173614501953125
0.0132284164428711 -0.000573158264160156 0.113677978515625 -0.23577880859375
0.0221748352050781 0.019378662109375 0.343353271484375 -0.12249755859375
0.00956249237060547 0.0128231048583984 0.361968994140625 0.247344970703125
-0.01092529296875 -0.0210437774658203 0.022247314453125 0.5009765625
-0.00593233108520508 0.00308370590209961 -0.2877197265625 0.30859375
0.00696659088134766 0.0154628753662109 -0.013092041015625 0.0537071228027344
0.00666046142578125 -0.00607967376708984 0.38677978515625 -0.213592529296875
0.00145244598388672 -0.0114955902099609 0.128082275390625 -0.530731201171875
0.00364065170288086 0.00658702850341797 -0.348541259765625 -0.300506591796875
0.0174570083618164 0.0167999267578125 -0.3382568359375 0.10089111328125
0.0132112503051758 0.00703620910644531 -0.128799438476562 0.2322998046875
0.00409984588623047 -0.0152292251586914 0.07281494140625 0.16522216796875
0.00530529022216797 -0.0019378662109375 0.136314392089844 0.0257644653320313
0.00367259979248047 0.0155134201049805 -0.132064819335937 -0.05181884765625
0.0136528015136719 -0.00318241119384766 -0.0428009033203125 -0.175338745117188
0.00584554672241211 0.00325536727905273 0.16168212890625 -0.215606689453125
-0.00381278991699219 0.0177593231201172 0.377838134765625 -0.06201171875
-0.0106067657470703 -0.00155353546142578 0.31585693359375 0.312042236328125
0.00221633911132812 -0.0422401428222656 -0.07080078125 0.492523193359375
0.0397377014160156 -0.0080413818359375 -0.306243896484375 0.2445068359375
0.0612411499023437 0.0189285278320312 0.0397834777832031 0.0261955261230469
0.0416297912597656 -0.0183219909667969 0.356903076171875 -0.28326416015625
0.0073089599609375 -0.0301685333251953 0.0218505859374999 -0.536468505859375
-0.0135011672973633 -0.0054931640625 -0.384033203125 -0.224884033203125
-0.00563907623291016 0.0157241821289063 -0.297119140625 0.15802001953125
0.00464153289794922 0.00591659545898438 -0.082000732421875 0.25274658203125
0.00817394256591797 -0.00394248962402344 0.089813232421875 0.16046142578125
0.00754928588867187 0.0190296173095703 0.14031982421875 0.0181655883789063
0.00421428680419922 0.0127496719360352 -0.131721496582031 -0.0490646362304687
0.0120878219604492 -0.00316905975341797 -0.04638671875 -0.172897338867188
0.00627803802490234 0.00442361831665039 0.155197143554688 -0.218673706054687
-0.00118255615234375 0.0181980133056641 0.372039794921875 -0.074737548828125
-0.00957012176513672 -0.002716064453125 0.32598876953125 0.299713134765625
0.00160598754882812 -0.0467948913574219 -0.052947998046875 0.4918212890625
0.0422401428222656 -0.0144081115722656 -0.306396484375 0.255462646484375
0.0684051513671875 0.01568603515625 0.0246925354003906 0.0282821655273438
0.0471763610839844 -0.0225868225097656 0.357513427734375 -0.270965576171875
0.00956153869628906 -0.0343704223632813 0.037689208984375 -0.537017822265625
-0.0126581192016602 -0.00782203674316406 -0.3792724609375 -0.23992919921875
-0.00429821014404297 0.0153369903564453 -0.30364990234375 0.14971923828125
0.00524330139160156 0.00780868530273437 -0.089447021484375 0.2532958984375
0.00726890563964844 -0.00393342971801758 0.0876007080078125 0.16534423828125
0.00736045837402344 0.0155458450317383 0.140449523925781 0.0219879150390625
0.00394725799560547 0.0087890625 -0.131729125976563 -0.0466842651367187
0.00919818878173828 -0.00493907928466797 -0.0498199462890625 -0.170867919921875
0.00728702545166016 0.00531005859375 0.146331787109375 -0.222244262695313
0.00201606750488281 0.0184268951416016 0.366851806640625 -0.08819580078125
-0.00770235061645508 -0.00223350524902344 0.337799072265625 0.2818603515625
-0.000404357910156254 -0.0474433898925781 -0.031524658203125 0.49298095703125
0.0402297973632813 -0.0180778503417969 -0.30499267578125 0.269073486328125
0.0684738159179688 0.0128898620605469 0.00734519958496094 0.0334281921386719
0.0481796264648438 -0.02398681640625 0.359466552734375 -0.257232666015625
0.0111770629882813 -0.0366401672363281 0.059906005859375 -0.5384521484375
-0.00958538055419922 -0.00833988189697265 -0.37158203125 -0.2572021484375
-0.000548362731933593 0.0156621932983398 -0.31170654296875 0.1385498046875
0.00702762603759766 0.00942611694335938 -0.0980682373046875 0.251419067382812
0.00508451461791992 -0.00470209121704102 0.0832672119140625 0.168228149414063
0.00726318359375 0.0113687515258789 0.14007568359375 0.0262908935546875
0.00396299362182617 0.00532102584838867 -0.132682800292969 -0.0437545776367187
0.00713253021240234 -0.00551462173461914 -0.0547943115234375 -0.167648315429688
0.00855588912963867 0.00496149063110352 0.134841918945313 -0.226974487304688
0.00801467895507813 0.0187625885009766 0.358978271484375 -0.10186767578125
-0.0037233829498291 -0.000298738479614258 0.3465576171875 0.267333984375
-0.00334548950195312 -0.0451507568359375 -0.013427734375 0.49285888671875
0.0328941345214844 -0.0182590484619141 -0.3021240234375 0.28173828125
0.06201171875 0.0111045837402344 -0.0080413818359375 0.0383377075195313
0.0458412170410156 -0.0232734680175781 0.365264892578125 -0.240264892578125
0.0117073059082031 -0.0356101989746094 0.083953857421875 -0.534088134765625
-0.0064692497253418 -0.00812244415283203 -0.3623046875 -0.27545166015625
0.00298690795898438 0.0158929824829102 -0.31988525390625 0.12518310546875
0.00789451599121094 0.0102825164794922 -0.108108520507813 0.248092651367188
0.00392675399780273 -0.00622892379760742 0.080291748046875 0.171218872070313
0.00739240646362305 0.00733375549316406 0.137733459472656 0.0281600952148438
0.00228190422058105 0.00138568878173828 -0.133094787597656 -0.0415191650390625
0.00505256652832031 -0.00886726379394531 -0.0579833984375 -0.168319702148437
0.0101919174194336 0.00390911102294922 0.125747680664062 -0.228652954101562
0.0128631591796875 0.0188407897949219 0.351531982421875 -0.113067626953125
-0.000107765197753906 0.00310754776000977 0.3538818359375 0.252532958984375
-0.00624465942382813 -0.0407485961914063 0.00500488281250002 0.491668701171875
0.0233116149902344 -0.0157680511474609 -0.298553466796875 0.292633056640625
0.0507316589355469 0.0113372802734375 -0.0194168090820312 0.0438995361328125
0.0387229919433594 -0.0205268859863281 0.370025634765625 -0.22479248046875
0.0104827880859375 -0.0319976806640625 0.105712890625 -0.532501220703125
-0.00232219696044922 -0.00685262680053711 -0.353118896484375 -0.290496826171875
0.00787639617919922 0.015660285949707 -0.3271484375 0.112396240234375
0.00878143310546875 0.0109176635742188 -0.117279052734375 0.243209838867187
0.00281047821044922 -0.00826454162597656 0.076873779296875 0.172286987304688
0.00663614273071289 0.00243139266967773 0.137771606445313 0.0291061401367188
0.00146377086639404 -0.00110864639282227 -0.134979248046875 -0.0398330688476563
0.00485134124755859 -0.01171875 -0.0615386962890625 -0.16845703125
0.0119762420654297 0.00292110443115234 0.1173095703125 -0.232040405273438
0.0182628631591797 0.0183258056640625 0.344940185546875 -0.120758056640625
0.00395917892456055 0.00591087341308594 0.358673095703125 0.244598388671875
-0.00863456726074219 -0.0347251892089844 0.018829345703125 0.49285888671875
0.0133180618286133 -0.0108671188354492 -0.294647216796875 0.302581787109375
0.0366744995117188 0.0113029479980469 -0.0236778259277344 0.048370361328125
0.0274810791015625 -0.0163383483886719 0.3753662109375 -0.2122802734375
0.00807571411132812 -0.0256080627441406 0.122711181640625 -0.529327392578125
0.000160694122314453 -0.00289249420166016 -0.346405029296875 -0.300628662109375
0.012669563293457 0.0161857604980469 -0.333526611328125 0.102996826171875
0.011317253112793 0.01007080078125 -0.123672485351563 0.238418579101562
0.00256252288818359 -0.010859489440918 0.0733184814453125 0.171188354492188
0.00483274459838867 -0.000140190124511719 0.137138366699219 0.0300140380859375
0.00135707855224609 -0.00133907794952393 -0.135978698730469 -0.0395889282226562
0.00535678863525391 -0.0137138366699219 -0.063018798828125 -0.170059204101563
0.012354850769043 0.00135040283203125 0.113113403320313 -0.234298706054688
0.0209636688232422 0.0188503265380859 0.341888427734375 -0.12359619140625
0.00768041610717773 0.0087733268737793 0.35943603515625 0.243133544921875
-0.0104351043701172 -0.028289794921875 0.0223999023437499 0.49407958984375
0.00332283973693848 -0.00399327278137207 -0.291168212890625 0.30596923828125
0.0205345153808594 0.0132961273193359 -0.0223655700683594 0.0526275634765625
0.0165929794311523 -0.0114850997924805 0.380157470703125 -0.20867919921875
0.00455665588378906 -0.0186901092529297 0.129364013671875 -0.527984619140625
0.00277328491210938 0.00227665901184082 -0.344879150390625 -0.304656982421875
0.0157241821289063 0.0164403915405273 -0.33697509765625 0.099853515625
0.0129489898681641 0.00860118865966797 -0.12811279296875 0.2340087890625
0.00326728820800781 -0.0135908126831055 0.0727081298828125 0.167800903320312
0.00537490844726563 -0.00175046920776367 0.137016296386719 0.0280075073242188
0.000158488750457764 -0.000428944826126099 -0.136650085449219 -0.039764404296875
0.00652885437011719 -0.0160131454467773 -0.0638427734375 -0.17156982421875
0.013279914855957 -0.000457763671875 0.10955810546875 -0.237274169921875
0.0226097106933594 0.0181331634521484 0.339935302734375 -0.126800537109375
0.0095977783203125 0.0119857788085938 0.363861083984375 0.239715576171875
-0.0125312805175781 -0.0207462310791016 0.02899169921875 0.497222900390625
-0.00556230545043945 0.00280141830444336 -0.283355712890625 0.31097412109375
0.0067138671875 0.0160017013549805 -0.0127105712890625 0.0540122985839844
0.00592422485351563 -0.00626564025878906 0.384002685546875 -0.217315673828125
0.000408172607421875 -0.0114145278930664 0.118988037109375 -0.53057861328125
0.00389862060546875 0.00550413131713867 -0.352874755859375 -0.29595947265625
0.0178623199462891 0.0153675079345703 -0.3350830078125 0.1063232421875
0.013519287109375 0.00678253173828125 -0.12493896484375 0.23345947265625
0.00341224670410156 -0.0159740447998047 0.075592041015625 0.1640625
0.00541448593139648 -0.00125551223754883 0.137252807617188 0.0241546630859375
0.00529193878173828 0.0151185989379883 -0.132209777832031 -0.049774169921875
0.0137662887573242 -0.00344562530517578 -0.0452728271484375 -0.17401123046875
0.00579166412353516 0.00374650955200195 0.157272338867187 -0.217575073242187
-0.00270462036132813 0.017059326171875 0.374755859375 -0.0673828125
-0.0102748870849609 -0.00217151641845703 0.3192138671875 0.305877685546875
0.0014495849609375 -0.0426597595214844 -0.064910888671875 0.490203857421875
0.039459228515625 -0.0089263916015625 -0.302215576171875 0.248291015625
0.061553955078125 0.0179977416992188 0.0403861999511719 0.0258865356445313
0.0416793823242188 -0.0186271667480469 0.352569580078125 -0.286468505859375
0.00743293762207031 -0.0301723480224609 0.015289306640625 -0.534210205078125
-0.0130891799926758 -0.00562572479248047 -0.385345458984375 -0.218353271484375
-0.00541019439697266 0.015315055847168 -0.29339599609375 0.161773681640625
0.0052332878112793 0.0056300163269043 -0.077880859375 0.252960205078125
0.00885391235351563 -0.00398635864257813 0.0926055908203125 0.158248901367187
0.00900077819824219 0.0183830261230469 0.140975952148437 0.016845703125
0.00509262084960938 0.01275634765625 -0.132583618164063 -0.04718017578125
0.0115737915039062 -0.00338363647460937 -0.0488433837890625 -0.17138671875
0.00669431686401367 0.00476980209350586 0.150924682617188 -0.220840454101563
-0.000785827636718748 0.0175390243530273 0.370269775390625 -0.080169677734375
-0.00952911376953125 -0.00373744964599609 0.32806396484375 0.2926025390625
0.00085067749023438 -0.046478271484375 -0.0478515625 0.4898681640625
0.0420761108398438 -0.01458740234375 -0.30242919921875 0.257171630859375
0.0680046081542969 0.0153694152832031 0.0244369506835938 0.0287246704101563
0.0464553833007813 -0.0227012634277344 0.353363037109375 -0.2750244140625
0.00850486755371094 -0.0348930358886719 0.031707763671875 -0.535247802734375
-0.0132303237915039 -0.00816154479980469 -0.3804931640625 -0.234283447265625
-0.00415134429931641 0.0153274536132813 -0.30029296875 0.153717041015625
0.00618362426757813 0.0082087516784668 -0.0853271484375 0.25360107421875
0.00748825073242188 -0.00350666046142578 0.08966064453125 0.16314697265625
0.00900363922119141 0.0157060623168945 0.140274047851563 0.0207290649414063
0.00446891784667969 0.0085597038269043 -0.132148742675781 -0.0443954467773438
0.00866174697875977 -0.00437402725219727 -0.052520751953125 -0.169403076171875
0.00769758224487305 0.00600194931030274 0.141616821289063 -0.224212646484375
0.00345039367675781 0.0176792144775391 0.364013671875 -0.093902587890625
-0.00750589370727539 -0.00227642059326172 0.33941650390625 0.2745361328125
-0.00172805786132813 -0.0479965209960938 -0.02581787109375 0.489593505859375
0.0393638610839844 -0.0183792114257813 -0.301605224609375 0.270599365234375
0.0679664611816406 0.0122604370117188 0.00709342956542969 0.0330753326416016
0.0485610961914063 -0.0247802734375 0.35516357421875 -0.260528564453125
0.0102424621582031 -0.0366897583007813 0.053619384765625 -0.535888671875
-0.0104770660400391 -0.00872898101806641 -0.37237548828125 -0.251678466796875
-0.00054168701171875 0.0159034729003906 -0.30859375 0.141845703125
0.00619792938232422 0.00868797302246094 -0.0936737060546875 0.251846313476563
0.0055999755859375 -0.00443124771118164 0.0862884521484375 0.167221069335938
0.00781345367431641 0.0116491317749023 0.139961242675781 0.023956298828125
0.00394392013549805 0.00452184677124023 -0.133132934570312 -0.0413360595703125
0.00670814514160156 -0.0056614875793457 -0.0567169189453125 -0.16656494140625
0.00924110412597656 0.00518131256103516 0.130752563476563 -0.227371215820313
0.00817108154296875 0.0181255340576172 0.35601806640625 -0.107452392578125
-0.00400686264038086 -0.000561952590942383 0.349029541015625 0.25994873046875
-0.00432968139648438 -0.0451507568359375 -0.005828857421875 0.490631103515625
0.0329456329345703 -0.0191688537597656 -0.2972412109375 0.283172607421875
0.0626068115234375 0.0106277465820313 -0.00725555419921875 0.0386314392089844
0.0449409484863281 -0.0234451293945313 0.359954833984375 -0.24407958984375
0.0104827880859375 -0.0353927612304688 0.07623291015625 -0.534210205078125
-0.00608062744140625 -0.00922012329101563 -0.36322021484375 -0.268524169921875
0.00333690643310547 0.015660285949707 -0.316497802734375 0.129638671875
0.00825023651123047 0.0102262496948242 -0.10382080078125 0.248764038085938
0.00441074371337891 -0.00699138641357422 0.082611083984375 0.169784545898438
0.00750303268432617 0.00682783126831055 0.138717651367188 0.0260772705078125
0.00256562232971191 0.00157451629638672 -0.133209228515625 -0.0395889282226562
0.00520515441894531 -0.00838041305541992 -0.0612335205078125 -0.16607666015625
0.0104169845581055 0.00388336181640625 0.1212158203125 -0.230438232421875
0.0138015747070313 0.0180320739746094 0.348541259765625 -0.119049072265625
-0.000312566757202149 0.00301170349121094 0.3555908203125 0.24578857421875
-0.007476806640625 -0.0406837463378906 0.0115966796875 0.489898681640625
0.0237216949462891 -0.0160293579101563 -0.29315185546875 0.29510498046875
0.0515251159667969 0.0105171203613281 -0.0184669494628906 0.0438117980957031
0.03790283203125 -0.0205459594726563 0.364227294921875 -0.22821044921875
0.00993728637695313 -0.0314655303955078 0.0985107421875 -0.53155517578125
-0.0027623176574707 -0.00636482238769531 -0.3551025390625 -0.283935546875
0.00861644744873047 0.015690803527832 -0.325836181640625 0.116973876953125
0.00947666168212891 0.0103979110717773 -0.11285400390625 0.244552612304687
0.00244045257568359 -0.00848579406738281 0.0791473388671875 0.1702880859375
0.00742435455322266 0.00265026092529297 0.137954711914063 0.0280380249023438
0.00137102603912354 -0.000612974166870117 -0.13507080078125 -0.0385589599609375
0.00420570373535156 -0.0110139846801758 -0.064208984375 -0.165908813476563
0.0118122100830078 0.00262451171875 0.113754272460938 -0.233367919921875
0.0181388854980469 0.0188541412353516 0.341583251953125 -0.126312255859375
0.00463962554931641 0.00510072708129883 0.359405517578125 0.237823486328125
-0.00972557067871094 -0.0341701507568359 0.023895263671875 0.490264892578125
0.0128669738769531 -0.010746955871582 -0.290008544921875 0.303558349609375
0.0359230041503906 0.0111770629882812 -0.0237464904785156 0.0487518310546875
0.027191162109375 -0.0162429809570313 0.37109375 -0.217071533203125
0.00710868835449219 -0.0260086059570312 0.115081787109375 -0.529449462890625
0.000388622283935547 -0.00247287750244141 -0.3492431640625 -0.293853759765625
0.0126876831054688 0.0148983001708984 -0.3304443359375 0.1070556640625
0.0112390518188477 0.00951194763183594 -0.120559692382813 0.23968505859375
0.00257587432861328 -0.0114479064941406 0.07623291015625 0.168594360351563
0.00656270980834961 4.10079956054688E-05 0.137413024902344 0.0280685424804687
0.00114870071411133 -0.00112819671630859 -0.136398315429688 -0.0375823974609375
0.00407695770263672 -0.0136575698852539 -0.0658721923828125 -0.167495727539063
0.0126266479492188 0.00115203857421875 0.109832763671875 -0.235214233398438
0.0212841033935547 0.0183162689208984 0.338348388671875 -0.128662109375
0.00748825073242187 0.0084080696105957 0.361602783203125 0.23590087890625
-0.0119037628173828 -0.0274219512939453 0.028656005859375 0.491851806640625
0.00272631645202637 -0.00428056716918945 -0.284698486328125 0.308380126953125
0.0211105346679688 0.0133438110351563 -0.0218467712402344 0.0522880554199219
0.0163555145263672 -0.0109148025512695 0.376190185546875 -0.21282958984375
0.00409698486328125 -0.0185050964355469 0.12200927734375 -0.52838134765625
0.00251269340515137 0.00106096267700195 -0.348358154296875 -0.2978515625
0.0162172317504883 0.0156688690185547 -0.334228515625 0.10357666015625
0.0124425888061523 0.00819492340087891 -0.12408447265625 0.234909057617188
0.00282859802246094 -0.0134601593017578 0.0747833251953125 0.16656494140625
0.00589656829833984 -0.00138664245605469 0.137367248535156 0.02642822265625
0.000496864318847656 -0.000600576400756836 -0.137748718261719 -0.0379562377929688
0.00514984130859375 -0.0155344009399414 -0.06689453125 -0.17059326171875
0.0137958526611328 -0.000436782836914063 0.104965209960938 -0.238311767578125
0.023193359375 0.0180225372314453 0.336578369140625 -0.133453369140625
0.00932407379150391 0.0111799240112305 0.365020751953125 0.2342529296875
-0.0135116577148437 -0.020477294921875 0.0341796875 0.494110107421875
-0.00551509857177734 0.00249767303466797 -0.277801513671875 0.31219482421875
0.00745201110839844 0.0158586502075195 -0.0120086669921875 0.0533218383789063
0.00598955154418945 -0.0062260627746582 0.377593994140625 -0.2218017578125
0.000443458557128906 -0.0114250183105469 0.112548828125 -0.528961181640625
0.00423049926757813 0.00572299957275391 -0.353790283203125 -0.289031982421875
0.0183830261230469 0.0144290924072266 -0.333160400390625 0.109710693359375
0.0131587982177734 0.00634479522705078 -0.120895385742188 0.233963012695313
0.00279617309570312 -0.0156669616699219 0.078033447265625 0.161865234375
0.0065159797668457 -0.00200366973876953 0.137397766113281 0.0224456787109375
0.00660800933837891 0.0151052474975586 -0.13311767578125 -0.0480499267578125
0.0140275955200195 -0.00372505187988281 -0.0479583740234375 -0.172698974609375
0.00545883178710937 0.00386714935302734 0.154022216796875 -0.2188720703125
-0.00260066986083985 0.016301155090332 0.370697021484375 -0.07269287109375
-0.0108528137207031 -0.00239372253417969 0.320709228515625 0.300201416015625
0.000423431396484373 -0.0414047241210938 -0.057464599609375 0.48681640625
0.0395355224609375 -0.00918960571289063 -0.29766845703125 0.248382568359375
0.0612030029296875 0.0171356201171875 0.0399131774902344 0.0257759094238281
0.0410270690917969 -0.0187644958496094 0.34649658203125 -0.288543701171875
0.00636482238769531 -0.03021240234375 0.00830078125000001 -0.531585693359375
-0.013275146484375 -0.00521183013916016 -0.3861083984375 -0.2120361328125
-0.00488567352294922 0.0152902603149414 -0.28936767578125 0.165191650390625
0.00551843643188476 0.00583505630493164 -0.07379150390625 0.252899169921875
0.00814294815063477 -0.00437068939208984 0.0946807861328125 0.156692504882813
0.00942802429199219 0.0184135437011719 0.14141845703125 0.0146484375
0.00597286224365234 0.0127658843994141 -0.132591247558594 -0.0446701049804687
0.0111732482910156 -0.00333309173583984 -0.050872802734375 -0.170394897460938
0.00634336471557617 0.00455999374389648 0.146881103515625 -0.222747802734375
-7.7247619628908E-05 0.017303466796875 0.3663330078125 -0.085479736328125
-0.0100517272949219 -0.0034189224243164 0.33038330078125 0.28460693359375
0.000270843505859374 -0.0464439392089844 -0.040924072265625 0.4871826171875
0.0418624877929687 -0.0157852172851563 -0.297119140625 0.258392333984375
0.068572998046875 0.0141563415527344 0.0244522094726563 0.0285797119140625
0.0453987121582031 -0.0230216979980469 0.348846435546875 -0.27728271484375
0.00821495056152344 -0.0348415374755859 0.024566650390625 -0.5333251953125
-0.0127315521240234 -0.00794410705566406 -0.38116455078125 -0.227691650390625
-0.00346565246582031 0.0150346755981445 -0.29656982421875 0.156585693359375
0.00571203231811523 0.00773954391479492 -0.08062744140625 0.253768920898438
0.00701665878295898 -0.00410032272338867 0.0922698974609375 0.16131591796875
0.0093841552734375 0.0151529312133789 0.14105224609375 0.018951416015625
0.00618886947631836 0.00826358795166016 -0.132377624511719 -0.0424041748046875
0.00876855850219727 -0.00380468368530273 -0.054901123046875 -0.167068481445313
0.00787830352783203 0.0050806999206543 0.13800048828125 -0.225448608398438
0.00371646881103516 0.0168132781982422 0.360687255859375 -0.098846435546875
-0.0078129768371582 -0.00295448303222656 0.341552734375 0.2689208984375
-0.00294113159179688 -0.0468940734863281 -0.02069091796875 0.486602783203125
0.0387992858886719 -0.018463134765625 -0.2945556640625 0.272674560546875
0.0685615539550781 0.0117950439453125 0.00748825073242188 0.0325508117675781
0.0470733642578125 -0.024261474609375 0.350921630859375 -0.263214111328125
0.009765625 -0.0368309020996094 0.04595947265625 -0.533599853515625
-0.0102310180664062 -0.00997447967529297 -0.374176025390625 -0.24462890625
-0.000359535217285158 0.0148172378540039 -0.305328369140625 0.14556884765625
0.00645256042480469 0.010045051574707 -0.09027099609375 0.252975463867188
0.00548315048217773 -0.00478649139404297 0.089080810546875 0.165298461914063
0.00885963439941406 0.0114850997924805 0.139556884765625 0.0215377807617188
0.00372076034545898 0.00467777252197266 -0.132789611816406 -0.0392227172851563
0.00677680969238281 -0.00605106353759766 -0.0596160888671875 -0.165542602539063
0.00918865203857422 0.00542831420898438 0.126907348632813 -0.229324340820313
0.00914192199707031 0.0180034637451172 0.352386474609375 -0.112213134765625
-0.00486898422241211 -0.00092315673828125 0.35003662109375 0.25335693359375
-0.00529479980468749 -0.0445213317871094 -0.000610351562500012 0.485504150390625
0.0324897766113281 -0.0195674896240234 -0.292633056640625 0.285308837890625
0.0623626708984375 0.00961685180664063 -0.00722885131835937 0.0377693176269531
0.0443229675292969 -0.0241889953613281 0.3558349609375 -0.2467041015625
0.00975608825683594 -0.0349140167236328 0.069122314453125 -0.531494140625
-0.00643825531005859 -0.00898361206054688 -0.3653564453125 -0.261627197265625
0.00354671478271484 0.014958381652832 -0.3133544921875 0.133514404296875
0.00838661193847656 0.00991535186767578 -0.0997314453125 0.249313354492188
0.0029149055480957 -0.00663328170776367 0.0854034423828125 0.167648315429688
0.00737380981445313 0.00643634796142578 0.139564514160156 0.0246429443359375
0.00366950035095215 0.00135970115661621 -0.133773803710938 -0.0381927490234375
0.00573015213012695 -0.00865268707275391 -0.06378173828125 -0.164443969726563
0.0108871459960938 0.00399112701416016 0.11712646484375 -0.231903076171875
0.0142536163330078 0.0179843902587891 0.344390869140625 -0.12384033203125
-0.000353574752807617 0.00126457214355469 0.357940673828125 0.239105224609375
-0.00818252563476563 -0.0398178100585938 0.01727294921875 0.4862060546875
0.0233078002929688 -0.0164318084716797 -0.288726806640625 0.29608154296875
0.0514755249023438 0.00946426391601563 -0.0182647705078125 0.0440902709960938
0.0380401611328125 -0.0211906433105469 0.36004638671875 -0.23101806640625
0.00930213928222657 -0.0320281982421875 0.090606689453125 -0.5296630859375
-0.00321054458618164 -0.00671625137329101 -0.357086181640625 -0.277862548828125
0.00876617431640625 0.0148067474365234 -0.32147216796875 0.12109375
0.00966358184814453 0.0108709335327148 -0.1090087890625 0.244949340820313
0.00199556350708008 -0.00833415985107422 0.0819244384765625 0.16851806640625
0.00724697113037109 0.00220775604248047 0.139114379882813 0.0258331298828125
0.00229620933532715 -0.000653982162475586 -0.135551452636719 -0.035888671875
0.00442695617675781 -0.0105342864990234 -0.066619873046875 -0.16497802734375
0.011775016784668 0.00352287292480469 0.109527587890625 -0.233261108398438
0.0181961059570313 0.0182437896728516 0.339141845703125 -0.13055419921875
0.00362539291381836 0.0040123462677002 0.361297607421875 0.2305908203125
-0.0102081298828125 -0.0338535308837891 0.02862548828125 0.48529052734375
0.01287841796875 -0.0112838745117188 -0.2838134765625 0.3045654296875
0.0365257263183594 0.0105094909667969 -0.0230255126953125 0.048919677734375
0.0271987915039063 -0.0168647766113281 0.36651611328125 -0.219329833984375
0.00633621215820312 -0.0255489349365234 0.109375 -0.527374267578125
0.000258445739746094 -0.00316452980041504 -0.35009765625 -0.287750244140625
0.0133581161499023 0.0146999359130859 -0.32794189453125 0.111114501953125
0.0112133026123047 0.0100622177124023 -0.116546630859375 0.239242553710938
0.00220680236816406 -0.0117521286010742 0.0782470703125 0.167312622070313
0.00692844390869141 -0.000670909881591797 0.137901306152344 0.0258331298828125
0.00125527381896973 -0.00154948234558105 -0.136604309082031 -0.0366439819335937
0.00423240661621094 -0.0133457183837891 -0.0679473876953125 -0.166839599609375
0.0134868621826172 0.00178718566894531 0.105178833007813 -0.236114501953125
0.0219497680664063 0.0180397033691406 0.33453369140625 -0.133544921875
0.00801897048950195 0.00773286819458008 0.361541748046875 0.22900390625
-0.0121021270751953 -0.0270004272460938 0.033416748046875 0.487030029296875
0.00269198417663574 -0.00425052642822266 -0.280181884765625 0.3099365234375
0.0212955474853516 0.0126171112060547 -0.0214805603027344 0.0525741577148438
0.0156106948852539 -0.0108737945556641 0.371673583984375 -0.2158203125
0.00337028503417969 -0.0181102752685547 0.115692138671875 -0.527557373046875
0.00296497344970703 0.000892877578735352 -0.348724365234375 -0.29248046875
0.0163745880126953 0.0149030685424805 -0.330108642578125 0.107452392578125
0.0127401351928711 0.00864982604980469 -0.120742797851562 0.235992431640625
0.00205898284912109 -0.0132417678833008 0.07861328125 0.164398193359375
0.00626659393310547 -0.00203704833984375 0.1380615234375 0.0248260498046875
0.00159907341003418 -0.000398516654968262 -0.1370849609375 -0.0359268188476563
0.00511741638183594 -0.015406608581543 -0.06903076171875 -0.16864013671875
0.0142154693603516 -0.000676155090332031 0.1019287109375 -0.238494873046875
0.0232906341552734 0.0173110961914063 0.33184814453125 -0.1373291015625
0.00940513610839844 0.0108060836791992 0.3658447265625 0.226226806640625
-0.0144634246826172 -0.0197715759277344 0.039154052734375 0.490234375
-0.00512552261352539 0.00359582901000977 -0.271484375 0.31341552734375
0.00798416137695313 0.0157957077026367 -0.011474609375 0.0535049438476562
0.00568056106567383 -0.00550746917724609 0.373779296875 -0.22442626953125
-0.000367164611816406 -0.0110387802124023 0.105865478515625 -0.52740478515625
0.00417184829711914 0.00546073913574219 -0.355377197265625 -0.28277587890625
0.0187644958496094 0.0136356353759766 -0.329986572265625 0.114654541015625
0.0138568878173828 0.00626182556152344 -0.116912841796875 0.235427856445313
0.00296497344970703 -0.0152463912963867 0.0804901123046875 0.160232543945313
0.00711679458618164 -0.00253820419311523 0.137977600097656 0.0199127197265625
0.00683307647705078 0.0146608352661133 -0.133476257324219 -0.0457992553710938
0.0133514404296875 -0.00386810302734375 -0.0504150390625 -0.171188354492188
0.00591754913330078 0.00429487228393555 0.150299072265625 -0.219757080078125
-0.00276851654052734 0.0166196823120117 0.367645263671875 -0.07843017578125
-0.0104598999023437 -0.00295257568359375 0.32110595703125 0.292572021484375
-0.000137329101562496 -0.0412483215332031 -0.05401611328125 0.4835205078125
0.0391197204589844 -0.0092926025390625 -0.29345703125 0.24993896484375
0.06158447265625 0.016326904296875 0.0406379699707031 0.0248756408691406
0.0413703918457031 -0.0188827514648438 0.34112548828125 -0.2884521484375
0.00623893737792969 -0.0293865203857422 0.00308227539062499 -0.52740478515625
-0.0133266448974609 -0.00544166564941406 -0.386199951171875 -0.206390380859375
-0.00456619262695313 0.0142393112182617 -0.285736083984375 0.1676025390625
0.00641298294067383 0.0060887336730957 -0.06982421875 0.253036499023438
0.00820159912109375 -0.00416994094848633 0.0976104736328125 0.15521240234375
0.0106611251831055 0.0174646377563477 0.141433715820313 0.0130615234375
0.00608444213867187 0.0123844146728516 -0.132530212402344 -0.0426712036132813
0.0117378234863281 -0.00299167633056641 -0.05401611328125 -0.168533325195313
0.00628232955932617 0.00552701950073242 0.1434326171875 -0.222946166992188
0.000156402587890626 0.0165510177612305 0.3631591796875 -0.09063720703125
-0.0102920532226563 -0.00377082824707031 0.329864501953125 0.2791748046875
-0.000766754150390625 -0.0456008911132813 -0.035858154296875 0.48388671875
0.0414924621582031 -0.01531982421875 -0.293975830078125 0.259918212890625
0.0680694580078125 0.0132217407226563 0.0241947174072266 0.0276641845703125
0.0458793640136719 -0.0227622985839844 0.3428955078125 -0.278533935546875
0.00775146484375 -0.0340728759765625 0.018798828125 -0.53082275390625
-0.0127372741699219 -0.00794506072998047 -0.3814697265625 -0.22235107421875
-0.00336074829101563 0.0140838623046875 -0.292144775390625 0.15863037109375
0.00588560104370117 0.00708770751953125 -0.0773162841796875 0.252761840820313
0.00651121139526367 -0.00388193130493164 0.094207763671875 0.159103393554688
0.00994110107421875 0.0148448944091797 0.14111328125 0.0164337158203125
0.00492382049560547 0.00829601287841797 -0.13238525390625 -0.0405654907226562
0.00855302810668945 -0.00411701202392578 -0.057525634765625 -0.16571044921875
0.00836992263793945 0.00562620162963867 0.133895874023437 -0.226699829101562
0.00428867340087891 0.016566276550293 0.356536865234375 -0.10284423828125
-0.00825023651123047 -0.00334596633911133 0.340789794921875 0.262451171875
-0.00291824340820312 -0.0463943481445313 -0.01641845703125 0.484039306640625
0.0392417907714844 -0.0185775756835938 -0.29144287109375 0.272918701171875
0.0681304931640625 0.0106887817382813 0.00806617736816406 0.0328006744384766
0.0467643737792969 -0.023956298828125 0.345428466796875 -0.26519775390625
0.00909805297851563 -0.0362014770507813 0.040740966796875 -0.53155517578125
-0.00975608825683594 -0.00938796997070313 -0.37445068359375 -0.239501953125
4.10079956054684E-05 0.0143699645996094 -0.302490234375 0.14739990234375
0.0068817138671875 0.00975322723388672 -0.0858306884765625 0.251983642578125
0.00519371032714844 -0.0052485466003418 0.0909576416015625 0.16302490234375
0.0091238021850586 0.0106668472290039 0.139617919921875 0.0200271606445313
0.00452995300292969 0.00457239151000977 -0.13336181640625 -0.0378875732421875
0.00628948211669922 -0.0059361457824707 -0.062164306640625 -0.163742065429688
0.00901508331298828 0.00514316558837891 0.123382568359375 -0.228729248046875
0.00905990600585938 0.0177135467529297 0.34814453125 -0.116058349609375
-0.00471305847167969 -0.00163650512695313 0.350555419921875 0.246612548828125
-0.00656890869140625 -0.0446090698242188 0.00344848632812499 0.482452392578125
0.0321941375732422 -0.0189800262451172 -0.288177490234375 0.28546142578125
0.0621299743652344 0.00868606567382813 -0.00684738159179687 0.0390625
0.0433006286621094 -0.0236358642578125 0.350616455078125 -0.2481689453125
0.00928306579589843 -0.0347537994384766 0.06280517578125 -0.528045654296875
-0.00662517547607422 -0.0092620849609375 -0.36505126953125 -0.25775146484375
0.00394248962402344 0.0146217346191406 -0.310089111328125 0.135498046875
0.00830936431884766 0.00968647003173828 -0.0952301025390625 0.24932861328125
0.00391292572021484 -0.00637626647949219 0.087982177734375 0.165573120117188
0.00854635238647461 0.00603437423706055 0.139297485351563 0.0228729248046875
0.00293183326721191 0.00104451179504395 -0.134140014648438 -0.0364761352539063
0.00515031814575195 -0.00816059112548828 -0.065460205078125 -0.163375854492188
0.00978279113769531 0.00440311431884766 0.11358642578125 -0.232254028320313
0.0138139724731445 0.0173921585083008 0.340362548828125 -0.127044677734375
-0.000786423683166504 0.000831842422485351 0.357025146484375 0.23291015625
-0.008636474609375 -0.0396270751953125 0.021026611328125 0.481689453125
0.0227737426757813 -0.0165691375732422 -0.28375244140625 0.2962646484375
0.0517539978027344 0.00914764404296875 -0.0177383422851563 0.0441932678222656
0.0376510620117188 -0.0214462280273438 0.355926513671875 -0.2322998046875
0.00795745849609375 -0.0314216613769531 0.08587646484375 -0.5281982421875
-0.00245237350463867 -0.00715255737304688 -0.35748291015625 -0.272705078125
0.00899887084960938 0.0139904022216797 -0.31854248046875 0.12408447265625
0.0103349685668945 0.0102729797363281 -0.104721069335938 0.245574951171875
0.00234746932983398 -0.00869083404541016 0.0842132568359375 0.16680908203125
0.00741958618164063 0.00223112106323242 0.138153076171875 0.024505615234375
0.00238966941833496 -0.000858068466186523 -0.135169982910156 -0.0345840454101563
0.00377082824707031 -0.0105123519897461 -0.0690765380859375 -0.16326904296875
0.0115451812744141 0.00300407409667969 0.10650634765625 -0.23388671875
0.0189132690429688 0.0170936584472656 0.3338623046875 -0.1341552734375
0.00372481346130371 0.00367093086242676 0.36065673828125 0.223785400390625
-0.0110645294189453 -0.0339813232421875 0.033721923828125 0.480926513671875
0.0129413604736328 -0.0116491317749023 -0.2784423828125 0.305206298828125
0.0370597839355469 0.00988006591796875 -0.02337646484375 0.0485496520996094
0.0269374847412109 -0.0166206359863281 0.362335205078125 -0.221435546875
0.00587272644042969 -0.0250339508056641 0.10272216796875 -0.52410888671875
0.000477313995361328 -0.00297808647155762 -0.3507080078125 -0.283782958984375
0.013641357421875 0.0143795013427734 -0.323760986328125 0.114044189453125
0.0110111236572266 0.0100688934326172 -0.112930297851562 0.239639282226563
0.00204181671142578 -0.0106477737426758 0.082489013671875 0.165451049804687
0.00713968276977539 -0.000759124755859375 0.138252258300781 0.0246505737304688
0.00140929222106934 -0.000755429267883301 -0.1365966796875 -0.03436279296875
0.00351905822753906 -0.0132036209106445 -0.070281982421875 -0.164718627929688
0.0128507614135742 0.00182914733886719 0.101654052734375 -0.235992431640625
0.0217571258544922 0.017730712890625 0.33172607421875 -0.136322021484375
0.00713300704956055 0.00701904296875 0.36163330078125 0.22198486328125
-0.0127334594726562 -0.0263099670410156 0.03875732421875 0.48443603515625
0.0032191276550293 -0.00371623039245605 -0.2745361328125 0.309539794921875
0.021392822265625 0.0121173858642578 -0.0209236145019531 0.0526237487792969
0.015437126159668 -0.0118741989135742 0.36834716796875 -0.21710205078125
0.00357627868652344 -0.0180740356445313 0.109832763671875 -0.52471923828125
0.00337409973144531 0.000781774520874023 -0.35107421875 -0.285552978515625
0.0167160034179687 0.0139684677124023 -0.327178955078125 0.110443115234375
0.0128793716430664 0.00791454315185547 -0.117095947265625 0.235977172851563
0.00201129913330078 -0.0130100250244141 0.0806427001953125 0.163040161132813
0.00713634490966797 -0.00249242782592773 0.13836669921875 0.022003173828125
0.001548171043396 -0.000315308570861816 -0.137374877929688 -0.0345993041992187
0.00463104248046875 -0.0151910781860352 -0.0710906982421875 -0.166839599609375
0.013422966003418 -0.000771522521972656 0.0975494384765625 -0.238922119140625
0.0237579345703125 0.0165004730224609 0.329010009765625 -0.14105224609375
0.00884723663330078 0.00954246520996094 0.36480712890625 0.219512939453125
-0.0146923065185547 -0.0205097198486328 0.043548583984375 0.48651123046875
-0.00567960739135742 0.00289249420166016 -0.267822265625 0.313812255859375
0.007781982421875 0.015162467956543 -0.01104736328125 0.0532112121582031
0.00576210021972656 -0.00562477111816406 0.36846923828125 -0.22607421875
6.86645507812504E-05 -0.0110263824462891 0.0999755859375 -0.526092529296875
0.00420856475830078 0.00515317916870117 -0.35687255859375 -0.277435302734375
0.0191211700439453 0.0136222839355469 -0.32696533203125 0.11676025390625
0.0139036178588867 0.00611019134521484 -0.114044189453125 0.235076904296875
0.00249290466308594 -0.0155439376831055 0.082855224609375 0.159027099609375
0.00681924819946289 -0.0028996467590332 0.137306213378906 0.01849365234375
0.00651836395263672 0.014887809753418 -0.13299560546875 -0.0439834594726562
0.0128822326660156 -0.00395965576171875 -0.0524139404296875 -0.169509887695313
0.0056610107421875 0.00468921661376953 0.146270751953125 -0.220046997070313
-0.00247955322265625 0.0157299041748047 0.36328125 -0.081634521484375
-0.0103397369384766 -0.00318527221679687 0.320281982421875 0.287139892578125
-0.00162124633789062 -0.0411453247070313 -0.050079345703125 0.480255126953125
0.0385284423828125 -0.0096893310546875 -0.28912353515625 0.25067138671875
0.061370849609375 0.0161895751953125 0.0395469665527344 0.0244712829589844
0.0401802062988281 -0.0194587707519531 0.335479736328125 -0.290252685546875
0.0052337646484375 -0.0296211242675781 -0.00134277343750005 -0.523590087890625
-0.0134057998657227 -0.00496578216552735 -0.38433837890625 -0.20086669921875
-0.00444698333740234 0.0146198272705078 -0.28167724609375 0.168975830078125
0.00566387176513672 0.00504875183105469 -0.0660552978515625 0.251235961914063
0.00818729400634766 -0.00408411026000977 0.0990447998046875 0.1524658203125
0.0105485916137695 0.0168895721435547 0.141067504882813 0.011749267578125
0.00695514678955078 0.012425422668457 -0.13250732421875 -0.0415115356445313
0.0101442337036133 -0.003265380859375 -0.0550689697265625 -0.166900634765625
0.00635004043579102 0.00534486770629883 0.138778686523437 -0.223159790039062
0.000204086303710936 0.0161781311035156 0.358551025390625 -0.093048095703125
-0.0106697082519531 -0.00408267974853516 0.331085205078125 0.272430419921875
-0.00207138061523438 -0.0451545715332031 -0.032958984375 0.479461669921875
0.0417098999023438 -0.0160140991210938 -0.28857421875 0.26031494140625
0.0678291320800781 0.0124168395996094 0.0250358581542969 0.0270748138427734
0.0456466674804688 -0.0231399536132813 0.33685302734375 -0.27850341796875
0.00678253173828125 -0.0341224670410156 0.01373291015625 -0.52642822265625
-0.0126848220825195 -0.00869560241699218 -0.380126953125 -0.21710205078125
-0.00301456451416016 0.0139856338500977 -0.289215087890625 0.16119384765625
0.0058140754699707 0.007354736328125 -0.0735626220703125 0.252182006835938
0.0061650276184082 -0.00383234024047852 0.0963592529296875 0.156829833984375
0.00997638702392578 0.0142574310302734 0.14093017578125 0.0150909423828125
0.00550699234008789 0.00806522369384766 -0.133010864257813 -0.0389785766601563
0.00847911834716797 -0.00413942337036133 -0.058929443359375 -0.163284301757813
0.00739145278930664 0.0062098503112793 0.13055419921875 -0.226104736328125
0.00458335876464844 0.0166587829589844 0.352020263671875 -0.106414794921875
-0.00828647613525391 -0.0034170150756836 0.3408203125 0.255859375
-0.00442123413085937 -0.0465316772460938 -0.011199951171875 0.47955322265625
0.038665771484375 -0.0191726684570312 -0.286834716796875 0.272552490234375
0.0681571960449219 0.00963592529296875 0.00808906555175782 0.0322151184082031
0.0459709167480469 -0.0248527526855469 0.340301513671875 -0.264801025390625
0.00867462158203125 -0.0362586975097656 0.0365295410156251 -0.5263671875
-0.0103111267089844 -0.00964927673339844 -0.37396240234375 -0.233245849609375
0.000604629516601564 0.0139245986938477 -0.297882080078125 0.150299072265625
0.00724458694458008 0.00868940353393555 -0.0829925537109375 0.251144409179688
0.00457525253295898 -0.00478839874267578 0.0930328369140625 0.160659790039063
0.00924110412597656 0.0103311538696289 0.139633178710938 0.0180282592773438
0.00535249710083008 0.00440168380737305 -0.133369445800781 -0.0362014770507812
0.00646829605102539 -0.00559902191162109 -0.063323974609375 -0.16156005859375
0.00913906097412109 0.00534439086914063 0.11962890625 -0.229110717773438
0.009552001953125 0.0168848037719727 0.343597412109375 -0.119598388671875
-0.00541019439697266 -0.00161027908325195 0.34814453125 0.238983154296875
-0.00719070434570312 -0.0438385009765625 0.00790405273437498 0.47686767578125
0.0315093994140625 -0.0198020935058594 -0.28375244140625 0.285369873046875
0.0621986389160156 0.00809860229492188 -0.00684738159179687 0.0377006530761719
0.0433616638183594 -0.0240554809570312 0.346221923828125 -0.24871826171875
0.00892829895019531 -0.0349197387695313 0.0584716796875 -0.52685546875
-0.00676631927490234 -0.00894927978515625 -0.364959716796875 -0.252227783203125
0.00472927093505859 0.013361930847168 -0.306732177734375 0.137451171875
0.00887107849121094 0.00972270965576172 -0.0919952392578125 0.248458862304688
0.00339984893798828 -0.00586271286010742 0.08978271484375 0.163894653320312
0.00888156890869141 0.00633525848388672 0.139335632324219 0.021209716796875
0.00376033782958984 0.000842809677124023 -0.133636474609375 -0.0344085693359375
0.00452089309692383 -0.00861167907714844 -0.0668182373046875 -0.160858154296875
0.0106163024902344 0.00447273254394531 0.110427856445312 -0.2314453125
0.0146608352661133 0.0167827606201172 0.335784912109375 -0.1298828125
-0.000845849514007568 0.000691890716552734 0.3553466796875 0.226593017578125
-0.0103797912597656 -0.0393562316894531 0.0250244140625 0.476318359375
0.0227165222167969 -0.0168418884277344 -0.2791748046875 0.29638671875
0.0509109497070313 0.00881576538085938 -0.0171585083007813 0.0438690185546875
0.0363883972167969 -0.0213813781738281 0.35089111328125 -0.23431396484375
0.00763511657714843 -0.0313034057617188 0.080078125 -0.5228271484375
-0.0036921501159668 -0.00779867172241211 -0.356964111328125 -0.266632080078125
0.00944232940673828 0.0132217407226562 -0.314727783203125 0.126678466796875
0.00986385345458984 0.0103340148925781 -0.1014404296875 0.244354248046875
0.00230789184570312 -0.00893211364746094 0.0860595703125 0.16485595703125
0.00805187225341797 0.00193071365356445 0.138359069824219 0.0221939086914063
0.00266504287719727 -0.00144648551940918 -0.135482788085938 -0.03302001953125
0.00380802154541016 -0.0107965469360352 -0.0706939697265625 -0.161361694335938
0.0113468170166016 0.00218677520751953 0.102630615234375 -0.233963012695313
0.0191516876220703 0.0168094635009766 0.329376220703125 -0.136688232421875
0.00320029258728027 0.00367140769958496 0.35906982421875 0.218536376953125
-0.0120887756347656 -0.0330657958984375 0.037384033203125 0.47674560546875
0.0129194259643555 -0.0106086730957031 -0.273895263671875 0.304443359375
0.0370826721191406 0.00910568237304687 -0.0224761962890625 0.0485115051269531
0.0252761840820313 -0.0163173675537109 0.356842041015625 -0.222320556640625
0.00570297241210938 -0.0250988006591797 0.096954345703125 -0.520538330078125
0.00054168701171875 -0.00338602066040039 -0.35089111328125 -0.278350830078125
0.0138387680053711 0.0136594772338867 -0.320770263671875 0.11737060546875
0.0116605758666992 0.0101203918457031 -0.10943603515625 0.239578247070313
0.00130367279052734 -0.0110054016113281 0.082794189453125 0.16302490234375
0.00714731216430664 -0.00107002258300781 0.1376953125 0.0226821899414063
0.00257349014282227 -0.00184464454650879 -0.136734008789063 -0.0321273803710937
0.00384235382080078 -0.0135746002197266 -0.0719757080078125 -0.162796020507813
0.0125284194946289 0.00164699554443359 0.097412109375 -0.235702514648438
0.0214195251464844 0.0166664123535156 0.326690673828125 -0.140899658203125
0.00694751739501953 0.00666713714599609 0.36090087890625 0.215911865234375
-0.0132560729980469 -0.0257225036621094 0.0416259765625 0.478363037109375
0.00260043144226074 -0.00420331954956055 -0.270111083984375 0.309051513671875
0.0205898284912109 0.0119800567626953 -0.0196113586425781 0.051422119140625
0.0154047012329102 -0.0108404159545898 0.361602783203125 -0.219573974609375
0.00201988220214844 -0.0179100036621094 0.105194091796875 -0.51971435546875
0.00249719619750977 0.000591039657592773 -0.349517822265625 -0.28076171875
0.0172567367553711 0.0129709243774414 -0.323028564453125 0.113433837890625
0.0134382247924805 0.0084228515625 -0.11419677734375 0.236160278320313
0.00190353393554687 -0.0134658813476563 0.0821075439453125 0.1607666015625
0.00797796249389649 -0.00242233276367188 0.137397766113281 0.0210647583007812
0.0024411678314209 -0.000541925430297852 -0.137367248535156 -0.0332107543945313
0.00420761108398438 -0.015254020690918 -0.0723724365234375 -0.165008544921875
0.0136280059814453 -0.000243186950683594 0.0944671630859375 -0.238265991210937
0.024444580078125 0.0158710479736328 0.324066162109375 -0.1427001953125
0.00828456878662109 0.0088958740234375 0.363739013671875 0.213226318359375
-0.015411376953125 -0.0189647674560547 0.047332763671875 0.480926513671875
-0.0050811767578125 0.00275516510009766 -0.2633056640625 0.313385009765625
0.00834178924560547 0.015009880065918 -0.0104942321777344 0.0531349182128906
0.00495672225952148 -0.00493097305297852 0.363525390625 -0.2265625
-0.000838279724121094 -0.0106573104858398 0.094512939453125 -0.523040771484375
0.00413656234741211 0.00534963607788086 -0.3553466796875 -0.272735595703125
0.0193367004394531 0.0128364562988281 -0.3232421875 0.119842529296875
0.0143766403198242 0.00708866119384766 -0.110443115234375 0.235382080078125
0.00211906433105469 -0.0147771835327148 0.0848541259765625 0.156280517578125
0.00745582580566406 -0.00333690643310547 0.137359619140625 0.0167236328125
0.00712299346923828 0.0145158767700195 -0.133079528808594 -0.0426788330078125
0.01300048828125 -0.00344181060791016 -0.054412841796875 -0.167709350585938
0.00608110427856445 0.00382614135742187 0.142791748046875 -0.220962524414063
-0.00177001953125 0.0152158737182617 0.3599853515625 -0.08538818359375
-0.0110607147216797 -0.00377655029296875 0.319580078125 0.28094482421875
-0.00147628784179688 -0.0407638549804688 -0.0462646484375 0.475067138671875
0.0378608703613281 -0.00973892211914063 -0.284942626953125 0.249267578125
0.060882568359375 0.0152816772460937 0.0396957397460938 0.0240516662597656
0.040252685546875 -0.0190277099609375 0.33050537109375 -0.291046142578125
0.00521087646484375 -0.0289287567138672 -0.00497436523437496 -0.519195556640625
-0.0138759613037109 -0.0052652359008789 -0.38330078125 -0.196319580078125
-0.00415134429931641 0.0137672424316406 -0.278472900390625 0.170669555664063
0.00601816177368164 0.00509119033813477 -0.0633697509765625 0.249969482421875
0.00784730911254883 -0.00448942184448242 0.100143432617188 0.1505126953125
0.0111970901489258 0.0169572830200195 0.140541076660156 0.0100021362304688
0.00706291198730469 0.0112314224243164 -0.13250732421875 -0.0398483276367188
0.0106735229492188 -0.00301170349121094 -0.057342529296875 -0.164886474609375
0.0063328742980957 0.00489997863769531 0.136001586914063 -0.223297119140625
0.000170707702636719 0.0153751373291016 0.354644775390625 -0.0968017578125
-0.0103464126586914 -0.00464153289794922 0.329864501953125 0.266204833984375
-0.00263214111328125 -0.0441932678222656 -0.029327392578125 0.475341796875
0.0404129028320312 -0.0162773132324219 -0.285552978515625 0.2591552734375
0.0674324035644531 0.0118789672851563 0.0240268707275391 0.0274696350097656
0.0445098876953125 -0.0232734680175781 0.33306884765625 -0.2791748046875
0.00673103332519531 -0.0332489013671875 0.010406494140625 -0.522857666015625
-0.0131053924560547 -0.00785446166992188 -0.37847900390625 -0.211395263671875
-0.00266647338867188 0.0136203765869141 -0.2857666015625 0.162261962890625
0.00601482391357422 0.00755882263183594 -0.0701751708984375 0.25079345703125
0.00597095489501953 -0.00430107116699219 0.0972747802734375 0.155227661132813
0.0102739334106445 0.0139904022216797 0.140213012695313 0.0129165649414063
0.00655984878540039 0.00839757919311523 -0.132301330566406 -0.0372467041015625
0.00860881805419922 -0.00376224517822266 -0.0606689453125 -0.161849975585938
0.00792551040649414 0.00572633743286133 0.126708984375 -0.22589111328125
0.00380325317382813 0.0156679153442383 0.34747314453125 -0.109710693359375
-0.00783634185791016 -0.00392484664916992 0.33856201171875 0.249969482421875
-0.00489425659179687 -0.0457725524902344 -0.00906372070312503 0.475006103515625
0.0381698608398438 -0.0191497802734375 -0.28271484375 0.272064208984375
0.0673294067382813 0.00928115844726563 0.00832366943359376 0.0326118469238281
0.045440673828125 -0.0244598388671875 0.3359375 -0.266143798828125
0.00835037231445313 -0.0353431701660156 0.031402587890625 -0.523284912109375
-0.00994491577148437 -0.00968074798583985 -0.37225341796875 -0.228790283203125
0.000807762145996093 0.013829231262207 -0.29376220703125 0.151611328125
0.0073394775390625 0.0082402229309082 -0.078948974609375 0.25006103515625
0.00461912155151367 -0.0045161247253418 0.0946807861328125 0.158935546875
0.00995445251464844 0.00984382629394531 0.13958740234375 0.0169448852539063
0.00553226470947266 0.00412464141845703 -0.133003234863281 -0.0349655151367188
0.00631856918334961 -0.00547218322753906 -0.064666748046875 -0.159759521484375
0.00959396362304688 0.00582695007324219 0.116226196289063 -0.229354858398438
0.00950908660888672 0.01629638671875 0.340118408203125 -0.122467041015625
-0.0049896240234375 -0.00222301483154297 0.347320556640625 0.23394775390625
-0.0077056884765625 -0.0432243347167969 0.01177978515625 0.473114013671875
0.0316371917724609 -0.0195674896240234 -0.2781982421875 0.28411865234375
0.0614852905273438 0.00830078125 -0.0063934326171875 0.0378189086914062
0.0428085327148438 -0.0246315002441406 0.340484619140625 -0.248992919921875
0.00801277160644532 -0.0345497131347656 0.05438232421875 -0.522216796875
-0.00680923461914063 -0.00958061218261719 -0.3643798828125 -0.246612548828125
0.00510215759277344 0.0127887725830078 -0.30328369140625 0.139434814453125
0.00843238830566406 0.0101404190063477 -0.08880615234375 0.24755859375
0.00266838073730469 -0.00610971450805664 0.091949462890625 0.161376953125
0.00870513916015625 0.00623941421508789 0.138885498046875 0.019622802734375
0.00455141067504883 0.000779151916503906 -0.134010314941406 -0.0327682495117188
0.00429916381835938 -0.00757408142089844 -0.06927490234375 -0.158737182617188
0.0107421875 0.00462150573730469 0.106536865234375 -0.231613159179688
0.0147895812988281 0.0169925689697266 0.33251953125 -0.133331298828125
-0.00126361846923828 0.000193476676940918 0.354583740234375 0.221099853515625
-0.0100021362304688 -0.0388679504394531 0.029205322265625 0.472198486328125
0.0223159790039063 -0.0170059204101563 -0.2745361328125 0.294403076171875
0.0503768920898438 0.0077667236328125 -0.0171890258789062 0.0438804626464844
0.035369873046875 -0.0210914611816406 0.347412109375 -0.234710693359375
0.00718307495117187 -0.0305290222167969 0.07562255859375 -0.52044677734375
-0.00348997116088867 -0.00728416442871094 -0.355682373046875 -0.261932373046875
0.00981044769287109 0.0136165618896484 -0.311248779296875 0.12811279296875
0.0109395980834961 0.00969600677490235 -0.0991058349609375 0.243606567382813
0.00221776962280273 -0.00816822052001953 0.087860107421875 0.1624755859375
0.00884628295898438 0.00113010406494141 0.138069152832031 0.020843505859375
0.003631591796875 -0.00127625465393066 -0.135078430175781 -0.031829833984375
0.00308799743652344 -0.0101346969604492 -0.0720062255859375 -0.158767700195313
0.0120048522949219 0.00299263000488281 0.098876953125 -0.233139038085937
0.0194168090820312 0.0163726806640625 0.325531005859375 -0.140472412109375
0.00274991989135742 0.00353002548217773 0.3577880859375 0.211669921875
-0.0126132965087891 -0.0322914123535156 0.0403442382812501 0.47216796875
0.0124130249023438 -0.0112524032592773 -0.269378662109375 0.303985595703125
0.0366325378417969 0.009490966796875 -0.0217666625976563 0.0485343933105469
0.0254154205322266 -0.0172271728515625 0.352264404296875 -0.222686767578125
0.00462532043457031 -0.0240516662597656 0.0921630859375 -0.518463134765625
0.000431537628173828 -0.00426435470581055 -0.35003662109375 -0.272369384765625
0.0136051177978516 0.0123147964477539 -0.317291259765625 0.11932373046875
0.0123777389526367 0.00959396362304688 -0.106033325195313 0.239151000976563
0.00135898590087891 -0.0109405517578125 0.0852813720703125 0.161880493164063
0.00742721557617187 -0.001495361328125 0.137397766113281 0.0208282470703125
0.00311493873596191 -0.00211596488952637 -0.136009216308594 -0.0312118530273437
0.00330162048339844 -0.0125617980957031 -0.073516845703125 -0.160507202148438
0.0129642486572266 0.00194644927978516 0.0943145751953125 -0.23529052734375
0.0223541259765625 0.0156936645507813 0.322265625 -0.142608642578125
0.00629663467407227 0.00624704360961914 0.358856201171875 0.210174560546875
-0.01409912109375 -0.0257625579833984 0.044677734375 0.473419189453125
0.00288486480712891 -0.00451231002807617 -0.266082763671875 0.30804443359375
0.0216751098632813 0.0117988586425781 -0.0194473266601562 0.0517845153808594
0.0146570205688477 -0.0108957290649414 0.35791015625 -0.218353271484375
0.00222110748291016 -0.0175418853759766 0.0996093750000001 -0.517364501953125
0.00283074378967285 0.000476360321044922 -0.34881591796875 -0.275970458984375
0.0172758102416992 0.0127534866333008 -0.32073974609375 0.1156005859375
0.012969970703125 0.00866222381591797 -0.109848022460938 0.235076904296875
0.00140571594238281 -0.0126066207885742 0.0838775634765625 0.158859252929688
0.00804853439331055 -0.00285196304321289 0.137527465820313 0.019256591796875
0.00291776657104492 -0.000662565231323242 -0.136833190917969 -0.0307388305664062
0.00354480743408203 -0.0147743225097656 -0.0748138427734375 -0.162521362304688
0.0140476226806641 0.000205039978027344 0.0902252197265625 -0.238311767578125
0.0237369537353516 0.01507568359375 0.32049560546875 -0.1458740234375
0.00828361511230469 0.00836467742919922 0.36181640625 0.2086181640625
-0.0150470733642578 -0.0190639495849609 0.049957275390625 0.476593017578125
-0.00527286529541016 0.00261974334716797 -0.259063720703125 0.31256103515625
0.00815296173095703 0.014622688293457 -0.0106277465820313 0.0527877807617188
0.00551700592041016 -0.00551366806030273 0.358795166015625 -0.228363037109375
-0.000568389892578126 -0.0100679397583008 0.08953857421875 -0.5181884765625
0.00410079956054687 0.00426816940307617 -0.354949951171875 -0.268157958984375
0.0193881988525391 0.0119838714599609 -0.3197021484375 0.121490478515625
0.0142221450805664 0.00559616088867188 -0.107391357421875 0.234100341796875
0.00185203552246094 -0.0151004791259766 0.08587646484375 0.154830932617188
0.00785923004150391 -0.00287151336669922 0.137741088867188 0.0153884887695313
0.00818157196044922 0.0143556594848633 -0.132774353027344 -0.04156494140625
0.0129690170288086 -0.00388431549072266 -0.0550689697265625 -0.166244506835938
0.00539827346801758 0.00372028350830078 0.139373779296875 -0.221038818359375
-0.00205707550048828 0.0151796340942383 0.3558349609375 -0.0875244140625
-0.0120906829833984 -0.00413417816162109 0.318756103515625 0.27545166015625
-0.00232696533203125 -0.0397491455078125 -0.0430908203125 0.472137451171875
0.0374908447265625 -0.00999832153320313 -0.281951904296875 0.24853515625
0.0609054565429687 0.0146980285644531 0.0391998291015625 0.0244789123535156
0.0392265319824219 -0.0184555053710938 0.326568603515625 -0.28900146484375
0.00470924377441406 -0.0290393829345703 -0.00836181640624999 -0.516021728515625
-0.0139007568359375 -0.00534820556640625 -0.381103515625 -0.192138671875
-0.00380134582519531 0.0131921768188477 -0.275131225585938 0.171234130859375
0.00555801391601563 0.00499629974365234 -0.0599822998046875 0.248947143554688
0.00762605667114258 -0.00427389144897461 0.101409912109375 0.148040771484375
0.0118169784545898 0.016789436340332 0.139747619628906 0.008392333984375
0.00802898406982422 0.0116777420043945 -0.132415771484375 -0.0384902954101563
0.0102634429931641 -0.00331687927246094 -0.058349609375 -0.162689208984375
0.00623321533203125 0.00561428070068359 0.1319580078125 -0.22369384765625
0.000947952270507814 0.0153722763061523 0.35107421875 -0.09918212890625
-0.0107240676879883 -0.00441741943359375 0.327850341796875 0.2613525390625
-0.002777099609375 -0.0437164306640625 -0.025848388671875 0.470550537109375
0.0401611328125 -0.0159187316894531 -0.28106689453125 0.258499145507813
0.0673637390136719 0.0112953186035156 0.0242519378662109 0.0269069671630859
0.0443840026855469 -0.0229110717773438 0.32861328125 -0.27764892578125
0.00599288940429687 -0.0332698822021484 0.00717163085937501 -0.517333984375
-0.0125713348388672 -0.00807857513427735 -0.377166748046875 -0.207489013671875
-0.00188827514648437 0.0127830505371094 -0.281768798828125 0.16363525390625
0.00641775131225586 0.00705242156982422 -0.0679779052734375 0.24945068359375
0.00626802444458008 -0.00401210784912109 0.0987701416015625 0.153396606445312
0.0115251541137695 0.013514518737793 0.139984130859375 0.0123138427734375
0.00620698928833008 0.00846290588378906 -0.132423400878906 -0.0361709594726563
0.00753545761108398 -0.0038909912109375 -0.06219482421875 -0.159896850585937
0.00794315338134766 0.00579929351806641 0.123443603515625 -0.225570678710938
0.00397396087646484 0.0155057907104492 0.34454345703125 -0.11163330078125
-0.00851917266845703 -0.00383853912353516 0.33721923828125 0.2454833984375
-0.00527191162109375 -0.0440330505371094 -0.00549316406250002 0.468505859375
0.0378875732421875 -0.0194778442382813 -0.278564453125 0.270248413085938
0.0672340393066406 0.00881576538085938 0.00791358947753906 0.0321445465087891
0.0456924438476563 -0.0245933532714844 0.33074951171875 -0.264892578125
0.00790977478027343 -0.0349292755126953 0.028289794921875 -0.51904296875
-0.0104465484619141 -0.00965213775634765 -0.371795654296875 -0.224945068359375
0.000525474548339842 0.012725830078125 -0.291107177734375 0.153076171875
0.007293701171875 0.00922584533691406 -0.07647705078125 0.249618530273438
0.00377202033996582 -0.00431418418884277 0.0957489013671875 0.157012939453125
0.0111761093139648 0.0096750259399414 0.139076232910156 0.0153045654296875
0.00603485107421875 0.00350761413574219 -0.132789611816406 -0.0330352783203125
0.00590801239013672 -0.00593423843383789 -0.0656585693359375 -0.157913208007813
0.00907135009765625 0.00638008117675781 0.11285400390625 -0.22833251953125
0.00911712646484375 0.0158014297485352 0.33502197265625 -0.124603271484375
-0.00520038604736328 -0.00246667861938477 0.345947265625 0.228424072265625
-0.00802993774414062 -0.0421905517578125 0.012786865234375 0.4693603515625
0.0308647155761719 -0.0194911956787109 -0.27545166015625 0.283416748046875
0.0611190795898438 0.00724411010742188 -0.00677108764648437 0.0378684997558594
0.0421333312988281 -0.0238609313964844 0.33624267578125 -0.248443603515625
0.00817108154296875 -0.0337696075439453 0.051177978515625 -0.51849365234375
-0.00677394866943359 -0.00949764251708985 -0.363037109375 -0.243255615234375
0.00489234924316406 0.0125932693481445 -0.299713134765625 0.140350341796875
0.00886058807373047 0.00984382629394531 -0.085968017578125 0.246353149414063
0.00284814834594727 -0.00651836395263672 0.092437744140625 0.159042358398437
0.00902175903320312 0.00554943084716797 0.139030456542969 0.0176849365234375
0.00465583801269531 0.000569343566894531 -0.132759094238281 -0.0313491821289063
0.00415658950805664 -0.00765037536621094 -0.06964111328125 -0.157058715820313
0.0102119445800781 0.00487613677978516 0.10369873046875 -0.230331420898438
0.0140571594238281 0.0152082443237305 0.32757568359375 -0.1348876953125
-0.00180709362030029 8.73804092407225E-05 0.352203369140625 0.21575927734375
-0.0105323791503906 -0.0384063720703125 0.0296630859375 0.466705322265625
0.0228366851806641 -0.0173377990722656 -0.271087646484375 0.2943115234375
0.0501365661621094 0.00705718994140625 -0.0169029235839844 0.0435905456542969
0.0353889465332031 -0.0203781127929688 0.34100341796875 -0.234405517578125
0.00749015808105469 -0.0301589965820313 0.072540283203125 -0.51580810546875
-0.00312566757202148 -0.00811100006103516 -0.354644775390625 -0.257537841796875
0.00975131988525391 0.0121583938598633 -0.30804443359375 0.130126953125
0.00990676879882813 0.0104141235351563 -0.095977783203125 0.241989135742188
0.00170373916625977 -0.00847530364990234 0.090118408203125 0.16119384765625
0.00884723663330078 0.00140476226806641 0.138351440429688 0.0185928344726563
0.00295567512512207 -0.000789880752563477 -0.134819030761719 -0.02978515625
0.00355339050292969 -0.0101909637451172 -0.072784423828125 -0.157241821289063
0.01165771484375 0.00327777862548828 0.095367431640625 -0.23297119140625
0.0190544128417969 0.0157394409179688 0.3216552734375 -0.141510009765625
0.00264525413513184 0.00251030921936035 0.353851318359375 0.205841064453125
-0.0126419067382813 -0.0315761566162109 0.04205322265625 0.466583251953125
0.0114688873291016 -0.0106201171875 -0.265838623046875 0.301971435546875
0.0360183715820313 0.00862884521484375 -0.0214424133300781 0.0486564636230469
0.0249538421630859 -0.0157203674316406 0.347259521484375 -0.223297119140625
0.00441741943359375 -0.0243377685546875 0.089263916015625 -0.514404296875
0.000517845153808594 -0.00467252731323242 -0.348114013671875 -0.26763916015625
0.0140619277954102 0.0120077133178711 -0.3138427734375 0.120025634765625
0.012415885925293 0.00991249084472656 -0.103057861328125 0.237655639648438
0.000726699829101563 -0.010289192199707 0.0861663818359375 0.1597900390625
0.00808191299438477 -0.00184535980224609 0.137138366699219 0.0200576782226563
0.00243973731994629 -0.00160479545593262 -0.135017395019531 -0.0294189453125
0.00322151184082031 -0.0127420425415039 -0.074615478515625 -0.158447265625
0.013157844543457 0.00156307220458984 0.0909576416015625 -0.234634399414062
0.0220298767089844 0.0154647827148437 0.3177490234375 -0.1446533203125
0.00648212432861328 0.00546407699584961 0.35675048828125 0.204833984375
-0.0141792297363281 -0.0249214172363281 0.04803466796875 0.468841552734375
0.00214099884033203 -0.0048675537109375 -0.26171875 0.306396484375
0.0213699340820313 0.0113010406494141 -0.0201873779296875 0.0511932373046875
0.0153903961181641 -0.0100727081298828 0.3531494140625 -0.218597412109375
0.00198936462402344 -0.017176628112793 0.097015380859375 -0.51318359375
0.00255846977233887 4.52995300292969E-05 -0.346527099609375 -0.270660400390625
0.0171842575073242 0.0119943618774414 -0.31744384765625 0.116790771484375
0.0127029418945312 0.00812911987304688 -0.107162475585938 0.234237670898438
0.000802040100097656 -0.0124835968017578 0.0853424072265625 0.157257080078125
0.00756740570068359 -0.00330018997192383 0.13690185546875 0.0176315307617188
0.00264167785644531 -0.000582695007324219 -0.136688232421875 -0.0298690795898437
0.00279808044433594 -0.0143556594848633 -0.0758819580078125 -0.160324096679688
0.0139608383178711 -6.866455078125E-05 0.08795166015625 -0.237396240234375
0.0236892700195312 0.0144157409667969 0.31597900390625 -0.147430419921875
0.00742959976196289 0.00755500793457031 0.359130859375 0.20318603515625
-0.0156078338623047 -0.0182075500488281 0.05206298828125 0.471405029296875
-0.00474929809570312 0.00321292877197266 -0.254547119140625 0.31097412109375
0.00887107849121094 0.0140323638916016 -0.0102729797363281 0.052703857421875
0.00497913360595703 -0.00541496276855469 0.354156494140625 -0.22808837890625
-0.000605583190917969 -0.00986766815185547 0.086395263671875 -0.515045166015625
0.00422263145446777 0.00413322448730469 -0.353668212890625 -0.263092041015625
0.0192813873291016 0.0115890502929688 -0.316162109375 0.123382568359375
0.014134407043457 0.00609588623046875 -0.104385375976563 0.233047485351562
0.00111675262451172 -0.0144004821777344 0.0873870849609375 0.152755737304687
0.00826930999755859 -0.00290155410766602 0.136764526367188 0.0141448974609375
0.00834178924560547 0.0145120620727539 -0.132469177246094 -0.040191650390625
0.0124197006225586 -0.00333404541015625 -0.0566253662109375 -0.164581298828125
0.00545978546142578 0.00420475006103516 0.1365966796875 -0.22015380859375
-0.00129222869873047 0.0156497955322266 0.35223388671875 -0.089080810546875
-0.0112276077270508 -0.00377750396728516 0.3162841796875 0.270843505859375
-0.0023956298828125 -0.0388412475585938 -0.04302978515625 0.467620849609375
0.0373382568359375 -0.00976943969726563 -0.277679443359375 0.24676513671875
0.0604362487792969 0.0144805908203125 0.0389404296875 0.0235671997070313
0.039520263671875 -0.0190582275390625 0.322357177734375 -0.287872314453125
0.00454902648925782 -0.0280475616455078 -0.00997924804687504 -0.512298583984375
-0.0135049819946289 -0.00559616088867188 -0.37896728515625 -0.188720703125
-0.00347518920898437 0.0127325057983398 -0.271820068359375 0.171279907226563
0.00605916976928711 0.00525379180908203 -0.05889892578125 0.247650146484375
0.00723028182983398 -0.00395965576171875 0.102386474609375 0.14678955078125
0.0126504898071289 0.016815185546875 0.139228820800781 0.00745391845703125
0.00806522369384766 0.0113468170166016 -0.131889343261719 -0.0372085571289062
0.00973796844482422 -0.00290775299072266 -0.0594635009765625 -0.161331176757813
0.00581836700439453 0.00530099868774414 0.12945556640625 -0.22235107421875
0.000489234924316405 0.0149192810058594 0.34722900390625 -0.100494384765625
-0.0110235214233398 -0.0046224594116211 0.327239990234375 0.256744384765625
-0.0039825439453125 -0.0430374145507813 -0.0234375 0.466156005859375
0.0405616760253906 -0.0153388977050781 -0.277084350585938 0.25665283203125
0.0667915344238281 0.0109062194824219 0.0243854522705078 0.0271472930908203
0.0438156127929688 -0.0225830078125 0.324920654296875 -0.27728271484375
0.00614166259765625 -0.0325450897216797 0.006011962890625 -0.51373291015625
-0.0125865936279297 -0.00805282592773437 -0.374603271484375 -0.203277587890625
-0.00241279602050781 0.0128822326660156 -0.278564453125 0.1639404296875
0.006439208984375 0.00688743591308594 -0.0653839111328125 0.248672485351563
0.0056605339050293 -0.00369739532470703 0.0999755859375 0.151168823242188
0.0120134353637695 0.0127696990966797 0.139907836914063 0.0111465454101563
0.00699567794799805 0.00800418853759765 -0.131584167480469 -0.0357818603515625
0.00748109817504883 -0.00420236587524414 -0.0628814697265625 -0.158889770507813
0.00818300247192383 0.0064854621887207 0.120315551757812 -0.224884033203125
0.00483036041259765 0.0156068801879883 0.34027099609375 -0.11370849609375
-0.0081181526184082 -0.00403785705566406 0.3349609375 0.240509033203125
-0.00593948364257812 -0.0439262390136719 -0.004669189453125 0.466094970703125
0.0370674133300781 -0.0197525024414063 -0.275726318359375 0.269577026367188
0.0665664672851562 0.00856399536132813 0.00810050964355469 0.0313720703125
0.0445442199707031 -0.0242156982421875 0.326904296875 -0.262847900390625
0.00650978088378906 -0.0347385406494141 0.0255126953125 -0.514617919921875
-0.0107765197753906 -0.00933456420898438 -0.369476318359375 -0.221160888671875
0.00126552581787109 0.0125589370727539 -0.287841796875 0.1534423828125
0.00783872604370117 0.00821638107299805 -0.0741119384765625 0.248321533203125
0.00355625152587891 -0.00440120697021484 0.096832275390625 0.155426025390625
0.0109357833862305 0.00932121276855469 0.139030456542969 0.0147323608398438
0.00614547729492188 0.00363254547119141 -0.131797790527344 -0.0325546264648437
0.00632667541503906 -0.00549030303955078 -0.0667877197265625 -0.156417846679688
0.00937366485595703 0.00598049163818359 0.110031127929688 -0.227767944335938
0.00946807861328125 0.0156459808349609 0.33148193359375 -0.12646484375
-0.00569772720336914 -0.00320196151733398 0.343109130859375 0.2237548828125
-0.00851058959960938 -0.0416831970214844 0.014923095703125 0.463653564453125
0.0309181213378906 -0.01947021484375 -0.2718505859375 0.281951904296875
0.0611801147460937 0.00824356079101563 -0.006500244140625 0.0375099182128906
0.041412353515625 -0.0241050720214844 0.33306884765625 -0.247467041015625
0.00747299194335937 -0.032806396484375 0.04833984375 -0.51519775390625
-0.00701427459716797 -0.00975322723388672 -0.360260009765625 -0.2388916015625
0.00539875030517578 0.0122880935668945 -0.29638671875 0.141326904296875
0.00850772857666016 0.00942420959472656 -0.08319091796875 0.24481201171875
0.00211572647094727 -0.00559282302856445 0.0939788818359375 0.15765380859375
0.00966739654541016 0.00514888763427734 0.138847351074219 0.0172805786132813
0.00503969192504883 0.000743389129638672 -0.132637023925781 -0.03045654296875
0.00413799285888672 -0.00682497024536133 -0.070892333984375 -0.155105590820313
0.0110635757446289 0.00570583343505859 0.100479125976563 -0.230026245117188
0.0141191482543945 0.0154953002929688 0.325164794921875 -0.136138916015625
-0.00218391418457031 -0.000451087951660156 0.349761962890625 0.211334228515625
-0.0108909606933594 -0.0370368957519531 0.030731201171875 0.463836669921875
0.0221939086914063 -0.016632080078125 -0.266693115234375 0.29266357421875
0.0505409240722656 0.0068511962890625 -0.0168075561523437 0.0430564880371094
0.0347156524658203 -0.0200958251953125 0.3387451171875 -0.232391357421875
0.00640296936035156 -0.0290451049804688 0.06927490234375 -0.512603759765625
-0.00369501113891602 -0.0075078010559082 -0.352935791015625 -0.2535400390625
0.00991630554199219 0.0116472244262695 -0.303924560546875 0.130035400390625
0.0105857849121094 0.00919055938720703 -0.092864990234375 0.2415771484375
0.0012211799621582 -0.00830554962158203 0.0901031494140625 0.158538818359375
0.00911331176757813 0.0006561279296875 0.137351989746094 0.0186233520507812
0.00387382507324219 -0.00166511535644531 -0.134269714355469 -0.0292510986328125
0.00277042388916016 -0.0102243423461914 -0.0733184814453125 -0.155609130859375
0.0116615295410156 0.00338459014892578 0.0926971435546875 -0.231658935546875
0.0189323425292969 0.0153350830078125 0.3182373046875 -0.143096923828125
0.00246262550354004 0.00284266471862793 0.351776123046875 0.20294189453125
-0.0135154724121094 -0.0313358306884766 0.0433349609375 0.462249755859375
0.0124244689941406 -0.0111627578735352 -0.263214111328125 0.300384521484375
0.0361862182617188 0.00868606567382813 -0.0208358764648437 0.0480499267578125
0.0243396759033203 -0.0156993865966797 0.3436279296875 -0.221771240234375
0.0043182373046875 -0.0242385864257812 0.08575439453125 -0.51025390625
0.000491142272949219 -0.00465822219848633 -0.347381591796875 -0.263458251953125
0.0139560699462891 0.011866569519043 -0.310577392578125 0.121307373046875
0.0119686126708984 0.00893878936767578 -0.101150512695312 0.2364501953125
0.000835418701171876 -0.0108966827392578 0.08709716796875 0.157943725585938
0.00839376449584961 -0.00190830230712891 0.138038635253906 0.0187530517578125
0.00292205810546875 -0.0016324520111084 -0.135665893554688 -0.0291213989257813
0.00299930572509766 -0.0119924545288086 -0.0745391845703125 -0.157211303710938
0.0130739212036133 0.00238895416259766 0.0887298583984375 -0.233627319335937
0.0219345092773438 0.0147647857666016 0.314361572265625 -0.145477294921875
0.00562286376953125 0.00507259368896484 0.35345458984375 0.200653076171875
-0.015350341796875 -0.0253238677978516 0.048248291015625 0.4649658203125
0.00215268135070801 -0.00339365005493164 -0.2589111328125 0.30413818359375
0.0217952728271484 0.0101070404052734 -0.0184898376464844 0.0506668090820313
0.0142526626586914 -0.0105934143066406 0.348907470703125 -0.218902587890625
0.00168037414550781 -0.0171661376953125 0.091644287109375 -0.5107421875
0.00319337844848633 -0.000159502029418945 -0.346405029296875 -0.268310546875
0.0179176330566406 0.0117683410644531 -0.314483642578125 0.118194580078125
0.0126161575317383 0.00764656066894531 -0.10516357421875 0.233230590820313
0.000177383422851564 -0.0126924514770508 0.0869140625 0.155609130859375
0.00787496566772461 -0.00322151184082031 0.136131286621094 0.0172271728515625
0.00334668159484863 -0.000785589218139648 -0.136741638183594 -0.0286331176757812
0.002960205078125 -0.0143194198608398 -0.0767974853515625 -0.158798217773438
0.0134515762329102 -0.000143051147460938 0.085845947265625 -0.235763549804688
0.0242404937744141 0.0147514343261719 0.312286376953125 -0.14862060546875
0.00724220275878906 0.00763607025146484 0.356964111328125 0.1990966796875
-0.0164470672607422 -0.0176753997802734 0.053253173828125 0.466796875
-0.00451755523681641 0.00287675857543945 -0.25164794921875 0.308746337890625
0.00829792022705078 0.0136966705322266 -0.0103340148925781 0.0523300170898438
0.00468873977661133 -0.00481319427490234 0.350433349609375 -0.227325439453125
-0.00130653381347656 -0.00973796844482422 0.083953857421875 -0.512298583984375
0.0041201114654541 0.00328803062438965 -0.353240966796875 -0.2598876953125
0.0192394256591797 0.0111675262451172 -0.313629150390625 0.1240234375
0.0140886306762695 0.00592231750488281 -0.101577758789062 0.232437133789063
0.00112056732177734 -0.0138702392578125 0.087890625 0.15130615234375
0.00858259201049805 -0.00344562530517578 0.136474609375 0.0125350952148438
0.00897312164306641 0.0144624710083008 -0.132156372070312 -0.0396652221679688
0.0121393203735352 -0.00298786163330078 -0.057342529296875 -0.162521362304688
0.00545454025268555 0.00471305847167969 0.1341552734375 -0.219650268554688
-0.00179481506347656 0.01434326171875 0.34881591796875 -0.09033203125
-0.0120143890380859 -0.00401878356933594 0.31597900390625 0.26812744140625
-0.00262451171875 -0.0387382507324219 -0.0400390625 0.46356201171875
0.0371971130371094 -0.00987625122070313 -0.27587890625 0.244766235351563
0.0604896545410156 0.0145454406738281 0.0391921997070313 0.0241012573242188
0.0384902954101563 -0.0187034606933594 0.320220947265625 -0.285919189453125
0.00429153442382813 -0.0277900695800781 -0.011138916015625 -0.5078125
-0.013484001159668 -0.00605392456054687 -0.37750244140625 -0.1856689453125
-0.00391483306884766 0.0128850936889648 -0.269271850585938 0.171295166015625
0.00589990615844726 0.00521516799926758 -0.0567626953125 0.24639892578125
0.0068354606628418 -0.00419187545776367 0.102828979492188 0.1446533203125
0.0132064819335937 0.0157194137573242 0.138626098632813 0.00685882568359375
0.00844478607177734 0.0113773345947266 -0.131858825683594 -0.0360336303710938
0.0100793838500977 -0.00279426574707031 -0.060272216796875 -0.15997314453125
0.00620460510253906 0.00595903396606445 0.127365112304688 -0.222503662109375
0.000781059265136717 0.0152416229248047 0.3436279296875 -0.102020263671875
-0.0113630294799805 -0.00538158416748047 0.3233642578125 0.25323486328125
-0.00409698486328125 -0.0428085327148438 -0.024688720703125 0.462493896484375
0.0399589538574219 -0.0158309936523438 -0.27606201171875 0.255416870117188
0.0662689208984375 0.0109214782714844 0.0232105255126953 0.0269241333007812
0.0433464050292969 -0.0226631164550781 0.32171630859375 -0.27557373046875
0.00535964965820312 -0.0314292907714844 0.00402832031250004 -0.50927734375
-0.0125894546508789 -0.00887489318847656 -0.372772216796875 -0.201171875
-0.00232982635498047 0.0126132965087891 -0.276504516601562 0.163055419921875
0.00577831268310547 0.0070958137512207 -0.063323974609375 0.247116088867188
0.00565242767333984 -0.00387334823608398 0.100860595703125 0.150146484375
0.0113353729248047 0.0125055313110352 0.138717651367188 0.0102005004882813
0.00743770599365234 0.00751543045043945 -0.131378173828125 -0.0339431762695313
0.00763416290283203 -0.00371170043945313 -0.0629730224609375 -0.156509399414063
0.00812005996704102 0.0061497688293457 0.1185302734375 -0.2244873046875
0.004852294921875 0.0147304534912109 0.33740234375 -0.115325927734375
-0.00850534439086914 -0.00389480590820313 0.333648681640625 0.236541748046875
-0.0063018798828125 -0.0434837341308594 -0.00430297851562505 0.461700439453125
0.0367546081542969 -0.0190963745117188 -0.272918701171875 0.26702880859375
0.06732177734375 0.0082550048828125 0.00836753845214844 0.0308265686035156
0.0443496704101563 -0.0239334106445313 0.3240966796875 -0.26165771484375
0.00672340393066406 -0.0338211059570313 0.024017333984375 -0.511993408203125
-0.0101890563964844 -0.00933170318603516 -0.366302490234375 -0.218414306640625
0.000595092773437499 0.011897087097168 -0.284698486328125 0.153594970703125
0.00815200805664063 0.0081024169921875 -0.071380615234375 0.246734619140625
0.0040135383605957 -0.00433826446533203 0.09722900390625 0.153549194335938
0.0108537673950195 0.00894546508789063 0.138580322265625 0.0136032104492187
0.00626087188720703 0.00362873077392578 -0.13250732421875 -0.0315475463867188
0.00550460815429687 -0.00408267974853516 -0.06787109375 -0.15478515625
0.0097808837890625 0.00577163696289062 0.108169555664063 -0.2271728515625
0.00918865203857422 0.0155048370361328 0.328857421875 -0.12701416015625
-0.00573205947875977 -0.00322151184082031 0.341064453125 0.22119140625
-0.00849533081054688 -0.0409088134765625 0.015228271484375 0.46044921875
0.0309123992919922 -0.0195541381835938 -0.270660400390625 0.279556274414063
0.0606918334960938 0.00609588623046875 -0.00667572021484375 0.0369987487792969
0.041534423828125 -0.023193359375 0.329986572265625 -0.245330810546875
0.00691604614257812 -0.0330753326416016 0.046051025390625 -0.510467529296875
-0.00644683837890625 -0.00983047485351563 -0.35797119140625 -0.236724853515625
0.00498104095458984 0.0113840103149414 -0.2940673828125 0.141754150390625
0.00836181640625 0.0097503662109375 -0.081634521484375 0.243667602539063
0.00323915481567383 -0.00607872009277344 0.0944061279296875 0.156036376953125
0.0103673934936523 0.00496482849121094 0.138008117675781 0.01605224609375
0.00514316558837891 0.000716686248779297 -0.132720947265625 -0.0294952392578125
0.00358247756958008 -0.0069279670715332 -0.0716094970703125 -0.153533935546875
0.0105524063110352 0.00527667999267578 0.0987701416015625 -0.229965209960938
0.0144577026367188 0.015568733215332 0.320709228515625 -0.137664794921875
-0.00207710266113281 0.000153064727783203 0.347076416015625 0.20697021484375
-0.0113525390625 -0.0364418029785156 0.033111572265625 0.459503173828125
0.0217685699462891 -0.0158290863037109 -0.265625 0.290618896484375
0.0506019592285156 0.00682830810546875 -0.0170783996582031 0.0423049926757813
0.0344104766845703 -0.0202312469482422 0.33404541015625 -0.232757568359375
0.00643730163574219 -0.029083251953125 0.06756591796875 -0.510650634765625
-0.00293779373168945 -0.00809335708618164 -0.3515625 -0.250244140625
0.0102128982543945 0.0118007659912109 -0.302001953125 0.1314697265625
0.0105600357055664 0.00968360900878906 -0.09124755859375 0.24053955078125
0.000973224639892579 -0.00776100158691406 0.09075927734375 0.157516479492188
0.00936126708984375 0.00130176544189453 0.136871337890625 0.0178375244140625
0.00345206260681152 -0.000616788864135742 -0.13348388671875 -0.0278778076171875
0.00256443023681641 -0.0102062225341797 -0.0744171142578125 -0.153121948242188
0.0115718841552734 0.00409221649169922 0.090972900390625 -0.230621337890625
0.0193061828613281 0.0151424407958984 0.313629150390625 -0.14324951171875
0.00152730941772461 0.00204300880432129 0.35003662109375 0.199249267578125
-0.0137939453125 -0.0304985046386719 0.04388427734375 0.457305908203125
0.0117874145507813 -0.0104494094848633 -0.259796142578125 0.298797607421875
0.0365753173828125 0.00774002075195312 -0.0210075378417969 0.0476264953613281
0.024322509765625 -0.0153999328613281 0.3406982421875 -0.220123291015625
0.00448417663574219 -0.0233154296875 0.084197998046875 -0.50701904296875
0.000510215759277344 -0.00444126129150391 -0.3446044921875 -0.26239013671875
0.0139131546020508 0.0117788314819336 -0.30743408203125 0.1219482421875
0.01171875 0.00879955291748047 -0.0992889404296875 0.236236572265625
0.000143051147460937 -0.00982475280761719 0.08819580078125 0.156417846679688
0.00782155990600586 -0.00192832946777344 0.137168884277344 0.017913818359375
0.00398683547973633 -0.00127196311950684 -0.135101318359375 -0.0278701782226563
0.00247001647949219 -0.0123081207275391 -0.0758514404296875 -0.155120849609375
0.0132780075073242 0.00182628631591797 0.0869140625 -0.231643676757813
0.0223064422607422 0.0148105621337891 0.31103515625 -0.14617919921875
0.00549411773681641 0.00422763824462891 0.351165771484375 0.196929931640625
-0.0149936676025391 -0.0238914489746094 0.048431396484375 0.45947265625
0.00272941589355469 -0.00369095802307129 -0.256500244140625 0.302764892578125
0.0212230682373047 0.0111103057861328 -0.019195556640625 0.0506629943847656
0.013916015625 -0.0104742050170898 0.34588623046875 -0.21734619140625
0.00168323516845703 -0.0167026519775391 0.0914306640625 -0.50677490234375
0.0027308464050293 -0.000614404678344727 -0.345184326171875 -0.264129638671875
0.0169496536254883 0.0111007690429688 -0.311767578125 0.1182861328125
0.0127687454223633 0.00799560546875 -0.102371215820313 0.23187255859375
0.000579833984375001 -0.0122013092041016 0.08721923828125 0.153793334960937
0.00857162475585938 -0.00377464294433594 0.136573791503906 0.0156631469726563
0.00301742553710938 -0.000658035278320313 -0.135643005371094 -0.0278701782226563
0.00298309326171875 -0.0143775939941406 -0.076812744140625 -0.157669067382813
0.0133390426635742 0.000126838684082031 0.0828399658203125 -0.235610961914062
0.0241603851318359 0.0134429931640625 0.308685302734375 -0.14984130859375
0.00704622268676758 0.00698184967041016 0.35400390625 0.19403076171875
-0.0163431167602539 -0.017085075378418 0.0548095703125 0.463348388671875
-0.00485897064208984 0.00417280197143555 -0.24920654296875 0.306793212890625
0.0092620849609375 0.0136814117431641 -0.00952911376953125 0.051971435546875
0.0048527717590332 -0.00516271591186524 0.348114013671875 -0.2249755859375
-0.0017852783203125 -0.00946712493896484 0.082122802734375 -0.50830078125
0.00458049774169922 0.00312232971191406 -0.349456787109375 -0.255859375
0.0191974639892578 0.0103492736816406 -0.309844970703125 0.124359130859375
0.0142221450805664 0.00559806823730469 -0.100326538085937 0.231597900390625
0.000844955444335938 -0.0141763687133789 0.0893402099609375 0.148574829101563
0.00842189788818359 -0.00410270690917969 0.136276245117187 0.0120391845703125
0.00922393798828125 0.0144567489624023 -0.13140869140625 -0.0383682250976563
0.0121068954467773 -0.00374794006347656 -0.057647705078125 -0.162368774414063
0.0054631233215332 0.00506830215454102 0.1326904296875 -0.219680786132813
-0.00148391723632813 0.0138750076293945 0.34564208984375 -0.091552734375
-0.011866569519043 -0.00436115264892578 0.312286376953125 0.264007568359375
-0.0030975341796875 -0.0376167297363281 -0.0404052734375 0.45941162109375
0.0371322631835938 -0.00923919677734375 -0.273880004882813 0.243804931640625
0.0598373413085937 0.0138626098632812 0.0385589599609375 0.0233421325683594
0.0392074584960938 -0.01776123046875 0.318359375 -0.284881591796875
0.003753662109375 -0.0269260406494141 -0.0119018554687499 -0.504486083984375
-0.0136880874633789 -0.0053701400756836 -0.3765869140625 -0.184906005859375
-0.0037384033203125 0.0124721527099609 -0.267181396484375 0.171844482421875
0.00567722320556641 0.00457286834716797 -0.0550994873046875 0.245193481445313
0.00706624984741211 -0.00425958633422852 0.103302001953125 0.143585205078125
0.0130224227905273 0.015284538269043 0.13916015625 0.00628662109375
0.00868034362792969 0.0114479064941406 -0.131752014160156 -0.035614013671875
0.00997257232666016 -0.00260257720947266 -0.0608367919921875 -0.158721923828125
0.00620269775390625 0.00563955307006836 0.125762939453125 -0.22119140625
0.000856399536132813 0.0141506195068359 0.340545654296875 -0.10223388671875
-0.0107793807983398 -0.0050201416015625 0.3214111328125 0.2503662109375
-0.0035858154296875 -0.0412940979003906 -0.02349853515625 0.45855712890625
0.0395126342773438 -0.0151939392089844 -0.274093627929688 0.253936767578125
0.0666732788085938 0.0109405517578125 0.0234184265136719 0.0267524719238281
0.0430717468261719 -0.0225028991699219 0.3184814453125 -0.2723388671875
0.00494003295898437 -0.0316600799560547 0.00408935546874998 -0.507080078125
-0.0129489898681641 -0.00859832763671875 -0.370361328125 -0.19879150390625
-0.00204372406005859 0.0116825103759766 -0.2742919921875 0.163772583007813
0.0065302848815918 0.00701665878295898 -0.062713623046875 0.2462158203125
0.00555849075317383 -0.00343704223632813 0.100692749023438 0.148391723632813
0.0122509002685547 0.0122518539428711 0.138656616210938 0.00991058349609375
0.00784158706665039 0.00797557830810547 -0.131317138671875 -0.0335159301757813
0.00799322128295898 -0.00330877304077148 -0.0638427734375 -0.156387329101563
0.00830411911010742 0.00639772415161133 0.116180419921875 -0.223648071289062
0.00479412078857422 0.0145206451416016 0.333251953125 -0.1151123046875
-0.0092926025390625 -0.00459480285644531 0.331024169921875 0.233978271484375
-0.00625991821289062 -0.0422439575195313 -0.00381469726562504 0.4571533203125
0.0368690490722656 -0.0185546875 -0.271514892578125 0.265762329101563
0.0660629272460938 0.00820159912109375 0.00758743286132813 0.0313796997070313
0.0438232421875 -0.0237922668457031 0.322509765625 -0.260223388671875
0.00625228881835937 -0.0338363647460938 0.0245361328125001 -0.507843017578125
-0.0108203887939453 -0.0100440979003906 -0.36492919921875 -0.216796875
0.00158309936523437 0.0116205215454102 -0.282989501953125 0.15277099609375
0.00783300399780273 0.00851106643676758 -0.0708465576171875 0.2459716796875
0.00324201583862305 -0.00483512878417969 0.0979766845703125 0.152511596679688
0.0116558074951172 0.00847530364990234 0.138633728027344 0.0129470825195312
0.0064697265625 0.00344276428222656 -0.131645202636719 -0.03106689453125
0.00519847869873047 -0.00452375411987305 -0.068267822265625 -0.153839111328125
0.00938701629638672 0.0057830810546875 0.106903076171875 -0.226760864257813
0.009765625 0.0151071548461914 0.32550048828125 -0.127227783203125
-0.00618124008178711 -0.00270938873291016 0.33782958984375 0.218597412109375
-0.0094757080078125 -0.0407867431640625 0.01544189453125 0.456756591796875
0.0302906036376953 -0.0192031860351563 -0.268905639648438 0.277694702148438
0.0602302551269531 0.00614166259765625 -0.00677108764648437 0.0376968383789063
0.0408477783203125 -0.0230903625488281 0.32647705078125 -0.244354248046875
0.00683021545410156 -0.0323677062988281 0.045623779296875 -0.5076904296875
-0.00678539276123047 -0.00939178466796875 -0.356781005859375 -0.23486328125
0.00516223907470703 0.0109567642211914 -0.2918701171875 0.14111328125
0.00893497467041015 0.00928974151611328 -0.0802001953125 0.242874145507812
0.00192642211914062 -0.00555038452148438 0.0955352783203125 0.154937744140625
0.0103054046630859 0.00459575653076172 0.138084411621094 0.0157318115234375
0.00546884536743164 0.00155019760131836 -0.132545471191406 -0.0275115966796875
0.00330734252929688 -0.00727128982543945 -0.0721893310546875 -0.152664184570312
0.0111274719238281 0.00492572784423828 0.097259521484375 -0.228668212890625
0.0147762298583984 0.0148096084594727 0.318572998046875 -0.137481689453125
-0.00215458869934082 -0.000828266143798828 0.34417724609375 0.20489501953125
-0.0114402770996094 -0.0357437133789063 0.032318115234375 0.4556884765625
0.021759033203125 -0.0163097381591797 -0.2630615234375 0.28839111328125
0.0498275756835937 0.007080078125 -0.0159912109375 0.0428504943847656
0.0343494415283203 -0.0195274353027344 0.332489013671875 -0.22991943359375
0.00657844543457031 -0.0287036895751953 0.066925048828125 -0.504608154296875
-0.00356578826904297 -0.00799322128295898 -0.34967041015625 -0.24810791015625
0.00964546203613281 0.0111322402954102 -0.299652099609375 0.13043212890625
0.0112113952636719 0.00931835174560547 -0.08978271484375 0.239791870117188
0.000836372375488281 -0.00725364685058594 0.0920867919921875 0.155441284179688
0.0100564956665039 0.000147819519042969 0.1370849609375 0.0167388916015625
0.0038456916809082 -0.000913143157958984 -0.134101867675781 -0.0268096923828125
0.002532958984375 -0.00900459289550781 -0.0747833251953125 -0.152694702148438
0.0119237899780273 0.00384712219238281 0.0892791748046875 -0.230331420898437
0.0191364288330078 0.0144557952880859 0.31121826171875 -0.14324951171875
0.00189948081970215 0.00183367729187012 0.3472900390625 0.196044921875
-0.0134506225585938 -0.0299968719482422 0.044403076171875 0.454742431640625
0.0119562149047852 -0.0112543106079102 -0.258514404296875 0.295684814453125
0.0366477966308594 0.007781982421875 -0.0206756591796875 0.0479698181152344
0.0248489379882813 -0.0155601501464844 0.33795166015625 -0.21923828125
0.00387382507324219 -0.0231685638427734 0.082916259765625 -0.502777099609375
0.000514030456542969 -0.00523948669433594 -0.343109130859375 -0.259429931640625
0.0140132904052734 0.0111970901489258 -0.30682373046875 0.12200927734375
0.0116615295410156 0.00942897796630859 -0.098052978515625 0.2349853515625
0.000346183776855468 -0.00971508026123047 0.0887908935546875 0.154983520507813
0.0097503662109375 -0.00264358520507813 0.136764526367188 0.0170745849609375
0.00333094596862793 -0.000552892684936524 -0.134178161621094 -0.0263748168945313
0.00194072723388672 -0.0114955902099609 -0.076416015625 -0.154159545898438
0.0132913589477539 0.00254440307617188 0.085693359375 -0.232635498046875
0.0221843719482422 0.0143222808837891 0.3087158203125 -0.14630126953125
0.00490427017211914 0.00392723083496094 0.34881591796875 0.19403076171875
-0.0146408081054688 -0.0235004425048828 0.04644775390625 0.456207275390625
0.0023186206817627 -0.00395894050598145 -0.25457763671875 0.30133056640625
0.0219402313232422 0.0103816986083984 -0.0193748474121094 0.0507621765136719
0.0140209197998047 -0.0102052688598633 0.344329833984375 -0.21630859375
0.000928878784179687 -0.016510009765625 0.0903320312500001 -0.503387451171875
0.00217616558074951 -0.000776886940002442 -0.342742919921875 -0.262939453125
0.0174312591552734 0.0104618072509766 -0.30975341796875 0.1187744140625
0.0132656097412109 0.00779914855957031 -0.10125732421875 0.231369018554688
-0.000196456909179688 -0.0124282836914063 0.08795166015625 0.153213500976563
0.00903606414794922 -0.00377464294433594 0.136680603027344 0.015899658203125
0.00410866737365723 -0.000612735748291016 -0.135643005371094 -0.0269088745117187
0.00305843353271485 -0.0134744644165039 -0.07708740234375 -0.156265258789063
0.0131464004516602 0.000555992126464844 0.0819549560546875 -0.234298706054688
0.0234241485595703 0.0132255554199219 0.305755615234375 -0.150146484375
0.00695371627807617 0.00664854049682617 0.350433349609375 0.192779541015625
-0.0164937973022461 -0.016810417175293 0.053985595703125 0.458831787109375
-0.00475835800170898 0.00348234176635742 -0.24749755859375 0.304168701171875
0.00905895233154297 0.0134420394897461 -0.00996780395507812 0.0513877868652344
0.00538349151611328 -0.00515985488891602 0.345123291015625 -0.224273681640625
-0.00130367279052734 -0.00887298583984375 0.081573486328125 -0.504669189453125
0.00405502319335937 0.00307130813598633 -0.34771728515625 -0.254241943359375
0.0193500518798828 0.00960731506347656 -0.30859375 0.124114990234375
0.0144672393798828 0.00602245330810547 -0.098968505859375 0.230331420898438
0.000206947326660155 -0.0132474899291992 0.08929443359375 0.148468017578125
0.00865697860717773 -0.00457668304443359 0.136039733886719 0.011505126953125
0.00946807861328125 0.014495849609375 -0.131515502929688 -0.0378799438476562
0.0116920471191406 -0.00319480895996094 -0.0584716796875 -0.161163330078125
0.00526237487792969 0.00426244735717773 0.130767822265625 -0.218460083007812
-0.00175666809082031 0.0137395858764648 0.34356689453125 -0.091278076171875
-0.0119209289550781 -0.00429630279541016 0.310699462890625 0.263458251953125
-0.00334548950195312 -0.0375633239746094 -0.04022216796875 0.4580078125
0.0368919372558594 -0.00941085815429688 -0.273574829101563 0.2420654296875
0.0599899291992188 0.0143585205078125 0.0384635925292969 0.0233955383300781
0.0390205383300781 -0.0177040100097656 0.315643310546875 -0.283050537109375
0.00339889526367188 -0.0265445709228516 -0.011505126953125 -0.501617431640625
-0.0141973495483398 -0.00545024871826172 -0.373046875 -0.18267822265625
-0.00383949279785156 0.0117959976196289 -0.264892578125 0.171249389648438
0.00581789016723633 0.0052027702331543 -0.05389404296875 0.244049072265625
0.00663566589355469 -0.00433683395385742 0.104293823242188 0.142807006835938
0.0133047103881836 0.0144634246826172 0.13836669921875 0.00618743896484375
0.00900745391845703 0.011469841003418 -0.131660461425781 -0.0356903076171875
0.00960445404052734 -0.00232124328613281 -0.06134033203125 -0.15771484375
0.0066227912902832 0.00580072402954102 0.1240234375 -0.221298217773438
0.0008544921875 0.0138063430786133 0.339080810546875 -0.102935791015625
-0.0111761093139648 -0.00481033325195313 0.3199462890625 0.248809814453125
-0.0040435791015625 -0.0404739379882813 -0.0247802734375 0.456390380859375
0.0391845703125 -0.0151443481445312 -0.272308349609375 0.251251220703125
0.0661735534667969 0.0106048583984375 0.0228652954101563 0.0262413024902344
0.0419158935546875 -0.0219306945800781 0.317962646484375 -0.271881103515625
0.00554847717285156 -0.0310935974121094 0.00354003906249999 -0.504852294921875
-0.0127201080322266 -0.0086812973022461 -0.3682861328125 -0.198516845703125
-0.00155925750732422 0.0113754272460938 -0.272308349609375 0.163314819335938
0.00608968734741211 0.00702571868896484 -0.06097412109375 0.24560546875
0.00532388687133789 -0.00338983535766602 0.101470947265625 0.1474609375
0.0130834579467773 0.0121250152587891 0.139007568359375 0.00930023193359375
0.00778484344482422 0.00763034820556641 -0.130790710449219 -0.032470703125
0.00825691223144531 -0.00277948379516602 -0.064300537109375 -0.155838012695312
0.00783252716064453 0.00675392150878906 0.1148681640625 -0.22283935546875
0.00489521026611328 0.0149803161621094 0.3323974609375 -0.115447998046875
-0.00870752334594726 -0.00475025177001953 0.328704833984375 0.23236083984375
-0.00605010986328125 -0.0418891906738281 -0.00366210937499996 0.4544677734375
0.0368537902832031 -0.0188674926757812 -0.27044677734375 0.263931274414062
0.0663871765136719 0.00763702392578125 0.00689315795898438 0.030914306640625
0.0435523986816406 -0.0235786437988281 0.32037353515625 -0.258575439453125
0.00657844543457031 -0.0328960418701172 0.0242919921875 -0.506103515625
-0.0109386444091797 -0.00986957550048828 -0.363128662109375 -0.215545654296875
0.000725746154785157 0.0108232498168945 -0.28094482421875 0.1519775390625
0.00783252716064453 0.00831842422485352 -0.0696563720703125 0.24456787109375
0.00307846069335938 -0.00465631484985352 0.098724365234375 0.151077270507813
0.0119771957397461 0.00773239135742188 0.138526916503906 0.0125656127929688
0.00700998306274414 0.00314807891845703 -0.130905151367187 -0.0307235717773438
0.0048213005065918 -0.00456142425537109 -0.0681915283203125 -0.153228759765625
0.00954627990722656 0.00595951080322266 0.1053466796875 -0.225509643554688
0.00938987731933594 0.0148954391479492 0.324188232421875 -0.127044677734375
-0.00623464584350586 -0.00265312194824219 0.335784912109375 0.2161865234375
-0.00952911376953125 -0.0401458740234375 0.0152587890625 0.45440673828125
0.0303554534912109 -0.0187129974365234 -0.2674560546875 0.276046752929687
0.0605964660644531 0.00712966918945312 -0.00647735595703125 0.0364112854003906
0.0405960083007813 -0.0223846435546875 0.325225830078125 -0.24285888671875
0.00664138793945313 -0.0320377349853516 0.047149658203125 -0.504638671875
-0.00765609741210938 -0.00934314727783203 -0.354583740234375 -0.233367919921875
0.00568866729736328 0.0108880996704102 -0.290557861328125 0.14105224609375
0.00866413116455078 0.00897884368896484 -0.07965087890625 0.242294311523438
0.00152873992919922 -0.00570011138916016 0.0955657958984375 0.153488159179688
0.0112094879150391 0.00394725799560547 0.137748718261719 0.0145797729492188
0.00606536865234375 0.000657081604003906 -0.13214111328125 -0.0280838012695312
0.00303936004638672 -0.00655937194824219 -0.0724029541015625 -0.151580810546875
0.0117034912109375 0.00507640838623047 0.095123291015625 -0.227447509765625
0.0140590667724609 0.0145587921142578 0.316162109375 -0.137451171875
-0.0023655891418457 -0.00105810165405273 0.342315673828125 0.203369140625
-0.0110054016113281 -0.0351600646972656 0.031463623046875 0.45294189453125
0.021575927734375 -0.0160121917724609 -0.2626953125 0.287017822265625
0.0493812561035156 0.00620651245117187 -0.0168647766113281 0.0425071716308594
0.0338459014892578 -0.0201606750488281 0.331146240234375 -0.2279052734375
0.00518989562988281 -0.0287876129150391 0.0668640136718751 -0.504180908203125
-0.00384664535522461 -0.00856447219848633 -0.347412109375 -0.2470703125
0.00956249237060547 0.0105457305908203 -0.29754638671875 0.13006591796875
0.0107097625732422 0.00945949554443359 -0.0883026123046875 0.238540649414063
0.000581741333007813 -0.00745153427124023 0.0918426513671875 0.154312133789063
0.00961112976074219 0.000594139099121094 0.137290954589844 0.016845703125
0.00455093383789063 -0.00109624862670898 -0.132835388183594 -0.0267791748046875
0.00279998779296875 -0.00858259201049805 -0.0750274658203125 -0.151214599609375
0.0128488540649414 0.00412273406982422 0.088897705078125 -0.2293701171875
0.0192222595214844 0.0140151977539063 0.309967041015625 -0.144012451171875
0.00169038772583008 0.0025336742401123 0.344268798828125 0.195159912109375
-0.0137748718261719 -0.02960205078125 0.0435791015625 0.45111083984375
0.0119161605834961 -0.0107307434082031 -0.258758544921875 0.2943115234375
0.0363655090332031 0.00837326049804688 -0.0214500427246094 0.0468406677246094
0.0241813659667969 -0.0146102905273438 0.335968017578125 -0.21746826171875
0.00380706787109375 -0.022430419921875 0.083526611328125 -0.50103759765625
-0.00058889389038086 -0.0052642822265625 -0.341522216796875 -0.257843017578125
0.0140256881713867 0.0103979110717773 -0.304534912109375 0.12109375
0.0117988586425781 0.00867462158203125 -0.0964508056640625 0.234146118164062
0.000418663024902343 -0.00980186462402344 0.0897369384765625 0.154754638671875
0.00844860076904297 -0.00267124176025391 0.136245727539063 0.0170440673828125
0.00421380996704102 -0.00111913681030273 -0.134346008300781 -0.0261306762695312
0.00202560424804688 -0.0113277435302734 -0.0765838623046875 -0.153717041015625
0.0133256912231445 0.00235557556152344 0.0843658447265625 -0.230758666992188
0.0224609375 0.0136451721191406 0.305999755859375 -0.146240234375
0.00506591796875 0.00428915023803711 0.34619140625 0.1927490234375
-0.0153026580810547 -0.0222587585449219 0.046722412109375 0.4537353515625
0.00286006927490234 -0.00375771522521973 -0.25323486328125 0.299468994140625
0.0213756561279297 0.0104789733886719 -0.0185356140136719 0.050506591796875
0.0141057968139648 -0.00950813293457031 0.341583251953125 -0.214569091796875
0.00127696990966797 -0.0158100128173828 0.091094970703125 -0.50054931640625
0.00227117538452148 -0.00124907493591309 -0.34033203125 -0.261260986328125
0.0172491073608398 0.0105352401733398 -0.308319091796875 0.11859130859375
0.0132408142089844 0.00773239135742188 -0.100921630859375 0.230926513671875
-0.00017547607421875 -0.0114860534667969 0.0877838134765625 0.151962280273438
0.00874853134155273 -0.00402402877807617 0.135971069335938 0.0153427124023438
0.00418782234191895 -0.00046992301940918 -0.135635375976563 -0.0261077880859375
0.00276374816894531 -0.0132217407226563 -0.077667236328125 -0.15533447265625
0.0140981674194336 0.000449180603027344 0.0803070068359375 -0.233993530273438
0.0240535736083984 0.0131969451904297 0.30340576171875 -0.149688720703125
0.00575590133666992 0.00654888153076172 0.3489990234375 0.191162109375
-0.0162773132324219 -0.0163354873657227 0.052886962890625 0.456756591796875
-0.00489330291748047 0.00338935852050781 -0.246429443359375 0.302734375
0.009246826171875 0.0131826400756836 -0.0102119445800781 0.0511398315429688
0.00520563125610352 -0.00467300415039063 0.342926025390625 -0.222320556640625
-0.00153446197509766 -0.00874042510986328 0.08050537109375 -0.5025634765625
0.00349855422973633 0.00249004364013672 -0.346588134765625 -0.253173828125
0.0191020965576172 0.00913619995117188 -0.306915283203125 0.124542236328125
0.0138587951660156 0.00593185424804688 -0.09747314453125 0.229537963867187
-0.000335693359375001 -0.0139179229736328 0.09014892578125 0.147262573242188
0.00883865356445313 -0.00444412231445313 0.135414123535156 0.0113677978515625
0.0101833343505859 0.0147590637207031 -0.131439208984375 -0.0377731323242188
0.0115060806274414 -0.00327110290527344 -0.058929443359375 -0.159957885742188
0.00577974319458008 0.00527095794677734 0.129470825195312 -0.218353271484375
-0.00189685821533203 0.0131597518920898 0.34130859375 -0.09161376953125
-0.012664794921875 -0.00404262542724609 0.308349609375 0.260498046875
-0.00372314453125 -0.0363540649414063 -0.04205322265625 0.454833984375
0.0376129150390625 -0.009185791015625 -0.272689819335937 0.240219116210938
0.0601577758789063 0.0137748718261719 0.0379753112792969 0.0231437683105469
0.037841796875 -0.0171966552734375 0.316497802734375 -0.28094482421875
0.00332260131835938 -0.0266399383544922 -0.011627197265625 -0.49932861328125
-0.0139389038085938 -0.00586795806884766 -0.370880126953125 -0.1829833984375
-0.00332736968994141 0.0111637115478516 -0.263839721679688 0.170272827148437
0.00566387176513672 0.00531291961669922 -0.0537567138671875 0.243606567382813
0.00638437271118164 -0.00381374359130859 0.103897094726563 0.142578125
0.0137996673583984 0.0143289566040039 0.138626098632813 0.005889892578125
0.00914096832275391 0.0110073089599609 -0.131004333496094 -0.0349960327148438
0.00996112823486328 -0.00310802459716797 -0.0615081787109375 -0.1573486328125
0.0066065788269043 0.00581264495849609 0.123046875 -0.220413208007812
0.00137996673583984 0.0141696929931641 0.337005615234375 -0.103302001953125
-0.0115947723388672 -0.00579833984375 0.31683349609375 0.246551513671875
-0.00510025024414063 -0.040130615234375 -0.02459716796875 0.454559326171875
0.0386848449707031 -0.0144996643066406 -0.272659301757813 0.250503540039063
0.0661773681640625 0.0105018615722656 0.0225791931152344 0.0267238616943359
0.042236328125 -0.0217437744140625 0.31689453125 -0.2711181640625
0.00528335571289063 -0.0308246612548828 0.00433349609375005 -0.502349853515625
-0.0123939514160156 -0.00901508331298828 -0.366912841796875 -0.1971435546875
-0.00207042694091797 0.0113401412963867 -0.271194458007813 0.163345336914063
0.00683450698852539 0.00683116912841797 -0.06085205078125 0.244354248046875
0.00421333312988281 -0.00356340408325195 0.101669311523438 0.146652221679688
0.0132999420166016 0.0118722915649414 0.138778686523438 0.00931549072265625
0.0084080696105957 0.00756406784057617 -0.130355834960938 -0.0327911376953125
0.00743246078491211 -0.00308656692504883 -0.06488037109375 -0.154037475585938
0.00886917114257812 0.00685405731201172 0.114013671875 -0.222183227539063
0.00484371185302734 0.0142011642456055 0.330810546875 -0.11505126953125
-0.00959396362304688 -0.00516128540039063 0.32586669921875 0.231170654296875
-0.00667572021484375 -0.0413360595703125 -0.00692749023437502 0.452392578125
0.0373725891113281 -0.0187187194824219 -0.26947021484375 0.262115478515625
0.0657806396484375 0.007568359375 0.00729560852050782 0.0311203002929688
0.0438156127929688 -0.0229225158691406 0.31884765625 -0.256134033203125
0.0062408447265625 -0.0322589874267578 0.024566650390625 -0.50360107421875
-0.0111083984375 -0.01031494140625 -0.361419677734375 -0.214202880859375
0.000780105590820313 0.0109672546386719 -0.27996826171875 0.153182983398437
0.00778436660766602 0.00843381881713867 -0.068511962890625 0.24365234375
0.00294899940490723 -0.00393033027648926 0.0989990234375 0.150405883789062
0.0116720199584961 0.00798892974853516 0.138214111328125 0.012054443359375
0.0067296028137207 0.00385332107543945 -0.131614685058594 -0.0295257568359375
0.00520896911621094 -0.00341415405273438 -0.0688018798828125 -0.152679443359375
0.00930976867675781 0.00653076171875 0.103912353515625 -0.225296020507813
0.00988864898681641 0.0137147903442383 0.322113037109375 -0.12762451171875
-0.00656843185424805 -0.00378513336181641 0.334808349609375 0.21533203125
-0.00868606567382813 -0.0392074584960938 0.01397705078125 0.4512939453125
0.0308170318603516 -0.0180625915527344 -0.267013549804688 0.274093627929687
0.0601577758789062 0.00658035278320313 -0.00682067871093749 0.0371513366699219
0.041168212890625 -0.0228042602539062 0.324432373046875 -0.2410888671875
0.00666046142578125 -0.0319271087646484 0.046112060546875 -0.503143310546875
-0.00759315490722656 -0.00994586944580078 -0.353240966796875 -0.2325439453125
0.00562000274658203 0.0106277465820313 -0.288604736328125 0.1407470703125
0.00899028778076172 0.00906753540039063 -0.0785675048828125 0.24151611328125
0.00176477432250977 -0.00494813919067383 0.0957794189453125 0.15252685546875
0.0109596252441406 0.00392627716064453 0.137863159179688 0.0146331787109375
0.0060577392578125 0.000730991363525391 -0.13226318359375 -0.0280075073242187
0.00354576110839844 -0.00608062744140625 -0.072296142578125 -0.1507568359375
0.0113363265991211 0.00588703155517578 0.0946197509765625 -0.22772216796875
0.015498161315918 0.0140066146850586 0.314361572265625 -0.1378173828125
-0.00284290313720703 -0.000967741012573242 0.339324951171875 0.20269775390625
-0.0106544494628906 -0.0349941253662109 0.02935791015625 0.45208740234375
0.0214061737060547 -0.0155353546142578 -0.2628173828125 0.283843994140625
0.0493888854980469 0.00671768188476562 -0.0166244506835937 0.0430984497070313
0.0338706970214844 -0.019378662109375 0.3297119140625 -0.22601318359375
0.0059356689453125 -0.0285625457763672 0.067138671875 -0.501983642578125
-0.0042881965637207 -0.00853252410888672 -0.345672607421875 -0.245941162109375
0.00977706909179688 0.00991153717041016 -0.2972412109375 0.130096435546875
0.010772705078125 0.00933361053466797 -0.087738037109375 0.237945556640625
0.000406742095947265 -0.00734233856201172 0.092315673828125 0.153701782226562
0.0105075836181641 -0.000364303588867187 0.13739013671875 0.016632080078125
0.00475072860717773 -0.000887393951416015 -0.132980346679688 -0.026397705078125
0.00294637680053711 -0.00872659683227539 -0.0750732421875 -0.150970458984375
0.0119667053222656 0.00452327728271484 0.0879669189453125 -0.229141235351563
0.0195293426513672 0.0133743286132813 0.30816650390625 -0.142913818359375
0.0014948844909668 0.0011979341506958 0.3428955078125 0.193328857421875
-0.0140571594238281 -0.0292472839355469 0.040863037109375 0.449981689453125
0.0116415023803711 -0.0103797912597656 -0.257598876953125 0.292236328125
0.0359153747558594 0.00825119018554688 -0.0207595825195313 0.04718017578125
0.0246353149414062 -0.0146980285644531 0.335052490234375 -0.215423583984375
0.00390243530273437 -0.0220794677734375 0.084716796875 -0.499237060546875
-0.000569820404052735 -0.00523614883422851 -0.340423583984375 -0.256317138671875
0.0139484405517578 0.0103073120117188 -0.303070068359375 0.121185302734375
0.0119905471801758 0.008941650390625 -0.095123291015625 0.23419189453125
-0.0001220703125 -0.00974082946777344 0.0893402099609375 0.153579711914063
0.00941562652587891 -0.00264453887939453 0.137298583984375 0.0167999267578125
0.00452566146850586 -0.001220703125 -0.134002685546875 -0.026153564453125
0.00252151489257813 -0.010767936706543 -0.0760955810546875 -0.152740478515625
0.0135498046875 0.00245761871337891 0.084136962890625 -0.230712890625
0.0219669342041016 0.0134906768798828 0.30419921875 -0.1466064453125
0.00401830673217773 0.00462627410888672 0.34429931640625 0.192230224609375
-0.0155467987060547 -0.0217761993408203 0.045501708984375 0.452880859375
0.00259613990783691 -0.00342893600463867 -0.253662109375 0.297332763671875
0.0208606719970703 0.0108089447021484 -0.0204963684082031 0.0499649047851563
0.0144081115722656 -0.00929641723632813 0.340545654296875 -0.211669921875
0.000845909118652344 -0.0151338577270508 0.0904541015625001 -0.498626708984375
0.00201511383056641 -0.00145149230957031 -0.3392333984375 -0.2606201171875
0.0178489685058594 0.00986289978027344 -0.306884765625 0.118377685546875
0.0136613845825195 0.00844955444335938 -0.0995025634765625 0.230499267578125
-0.000756263732910156 -0.0118999481201172 0.0894317626953125 0.151092529296875
0.00940322875976563 -0.00444316864013672 0.135581970214844 0.0145111083984375
0.00485038757324219 -0.000687122344970703 -0.134773254394531 -0.0260391235351562
0.00321578979492188 -0.0130825042724609 -0.0780487060546875 -0.154571533203125
0.0138921737670898 0.000838279724121094 0.0802459716796875 -0.2332763671875
0.0238323211669922 0.0135822296142578 0.302093505859375 -0.1497802734375
0.00585699081420898 0.00681161880493164 0.346588134765625 0.19012451171875
-0.0168600082397461 -0.0156869888305664 0.050384521484375 0.454437255859375
-0.00474309921264649 0.00309038162231445 -0.247711181640625 0.300201416015625
0.00880241394042969 0.0132684707641602 -0.0105323791503906 0.0510139465332031
0.00489282608032227 -0.00386142730712891 0.3419189453125 -0.2205810546875
-0.00223159790039063 -0.00862646102905273 0.081939697265625 -0.498870849609375
0.00393414497375488 0.00307250022888184 -0.3448486328125 -0.25225830078125
0.0186729431152344 0.00979042053222656 -0.305633544921875 0.12432861328125
0.0142927169799805 0.00552082061767578 -0.0971832275390625 0.2293701171875
-0.000188827514648438 -0.0137405395507812 0.0908660888671875 0.146621704101563
0.0093698501586914 -0.00475978851318359 0.135368347167969 0.010162353515625
0.010066032409668 0.0143909454345703 -0.131484985351563 -0.037353515625
0.0117664337158203 -0.00349521636962891 -0.058837890625 -0.15948486328125
0.00590085983276367 0.00480222702026367 0.129348754882812 -0.2183837890625
-0.00225830078125 0.0133581161499023 0.3406982421875 -0.091644287109375
-0.0123701095581055 -0.00485706329345703 0.30584716796875 0.259552001953125
-0.00305557250976562 -0.035400390625 -0.042083740234375 0.454010009765625
0.0369453430175781 -0.00896453857421875 -0.272750854492187 0.238571166992188
0.0594482421875 0.0137481689453125 0.0374794006347656 0.0238761901855469
0.0379295349121094 -0.0173797607421875 0.31591796875 -0.279266357421875
0.00333023071289063 -0.0261821746826172 -0.00970458984375001 -0.499908447265625
-0.0142593383789063 -0.00549221038818359 -0.370025634765625 -0.182403564453125
-0.00368595123291016 0.0109024047851562 -0.263336181640625 0.16986083984375
0.00548839569091797 0.00495767593383789 -0.0526885986328125 0.24365234375
0.00684642791748047 -0.00363445281982422 0.10430908203125 0.141769409179688
0.0142068862915039 0.0146446228027344 0.138969421386719 0.005218505859375
0.00944042205810547 0.0117988586425781 -0.131492614746094 -0.0345840454101563
0.00922107696533203 -0.00171947479248047 -0.0619659423828125 -0.156448364257812
0.00697612762451172 0.00651645660400391 0.122146606445313 -0.220504760742187
0.00100898742675781 0.0141115188598633 0.336273193359375 -0.10321044921875
-0.0116424560546875 -0.00571823120117188 0.316375732421875 0.246368408203125
-0.00400161743164063 -0.0391616821289063 -0.026519775390625 0.45343017578125
0.0390090942382813 -0.0147438049316406 -0.272674560546875 0.248428344726563
0.0656661987304688 0.0105934143066406 0.0224971771240234 0.0261039733886719
0.0422821044921875 -0.0215911865234375 0.31634521484375 -0.26824951171875
0.00502967834472656 -0.0305747985839844 0.00439453125000004 -0.501190185546875
-0.0134668350219727 -0.00813007354736328 -0.3660888671875 -0.19781494140625
-0.00187492370605469 0.0103826522827148 -0.270904541015625 0.162445068359375
0.00575828552246094 0.00670433044433594 -0.0595703125 0.24395751953125
0.00467157363891602 -0.00314474105834961 0.1021728515625 0.146270751953125
0.0131320953369141 0.0113105773925781 0.138778686523438 0.00853729248046875
0.00894832611083984 0.00739097595214844 -0.131126403808594 -0.0318679809570312
0.00716018676757813 -0.00295066833496094 -0.065185546875 -0.154571533203125
0.00793027877807617 0.00710201263427734 0.113723754882813 -0.22247314453125
0.00463485717773438 0.0139865875244141 0.330078125 -0.11614990234375
-0.00975513458251953 -0.00497817993164063 0.32440185546875 0.229888916015625
-0.005859375 -0.0410575866699219 -0.00656127929687501 0.452789306640625
0.0375404357910156 -0.018280029296875 -0.271133422851562 0.260513305664063
0.0657005310058594 0.00764083862304687 0.00727081298828125 0.0311317443847656
0.0436134338378906 -0.0235176086425781 0.31890869140625 -0.254913330078125
0.00639915466308594 -0.0316734313964844 0.0252685546875 -0.50262451171875
-0.0110445022583008 -0.00992202758789063 -0.360595703125 -0.21466064453125
0.00146484375 0.0107288360595703 -0.279251098632813 0.152450561523438
0.00751018524169922 0.00801324844360352 -0.069305419921875 0.243850708007812
0.00304794311523438 -0.00347805023193359 0.09967041015625 0.149444580078125
0.0122613906860352 0.00711727142333984 0.137275695800781 0.0117950439453125
0.00823354721069336 0.003387451171875 -0.131301879882813 -0.0295257568359375
0.00491905212402344 -0.00434017181396484 -0.0690460205078125 -0.152267456054688
0.00965976715087891 0.00666427612304688 0.103897094726562 -0.225738525390625
0.00966262817382813 0.0135641098022461 0.32122802734375 -0.1282958984375
-0.00627565383911133 -0.00397396087646485 0.333099365234375 0.214691162109375
-0.0088348388671875 -0.0391349792480469 0.01165771484375 0.45062255859375
0.03076171875 -0.0189228057861328 -0.266952514648438 0.272994995117188
0.0601425170898438 0.006561279296875 -0.00679397583007812 0.0367889404296875
0.0407485961914063 -0.0221214294433594 0.32421875 -0.24005126953125
0.00622177124023437 -0.0314826965332031 0.04803466796875 -0.501434326171875
-0.00748157501220703 -0.0102663040161133 -0.3519287109375 -0.232208251953125
0.00522613525390625 0.0105524063110352 -0.28741455078125 0.1409912109375
0.00852012634277344 0.00951862335205078 -0.07733154296875 0.241226196289063
0.00140762329101562 -0.00473308563232422 0.0970611572265625 0.152023315429687
0.0108165740966797 0.00391769409179688 0.137283325195313 0.0147552490234375
0.00686550140380859 0.000625133514404297 -0.132545471191406 -0.027435302734375
0.00258255004882813 -0.00597333908081055 -0.072723388671875 -0.150482177734375
0.0114850997924805 0.00581645965576172 0.0949554443359375 -0.226531982421875
0.0150032043457031 0.0140295028686523 0.312896728515625 -0.137725830078125
-0.00285577774047852 -0.00129365921020508 0.337890625 0.200836181640625
-0.0122127532958984 -0.0343780517578125 0.028900146484375 0.448760986328125
0.0223331451416016 -0.0151710510253906 -0.262359619140625 0.282257080078125
0.049041748046875 0.00663375854492188 -0.0167808532714844 0.0419769287109375
0.0335254669189453 -0.0184974670410156 0.330108642578125 -0.225250244140625
0.00588607788085937 -0.0274562835693359 0.067901611328125 -0.500213623046875
-0.00330066680908203 -0.00835037231445313 -0.344573974609375 -0.247344970703125
0.00932788848876953 0.00951194763183594 -0.29766845703125 0.13006591796875
0.0109272003173828 0.00992107391357422 -0.0870361328125 0.238265991210938
-0.000237464904785157 -0.00710964202880859 0.0929107666015625 0.153457641601563
0.0104856491088867 -7.34329223632813E-05 0.137619018554688 0.016448974609375
0.00569248199462891 -0.000581741333007813 -0.13385009765625 -0.0263442993164062
0.00199699401855469 -0.00871849060058594 -0.0753021240234375 -0.150527954101563
0.0129203796386719 0.00496482849121094 0.08758544921875 -0.228469848632812
0.0191116333007813 0.0145950317382813 0.307281494140625 -0.143890380859375
0.000953078269958496 0.00111770629882813 0.340362548828125 0.193206787109375
-0.0136051177978516 -0.0289516448974609 0.03985595703125 0.448516845703125
0.0119972229003906 -0.0104227066040039 -0.25830078125 0.29022216796875
0.0357170104980469 0.00778579711914063 -0.021697998046875 0.0468482971191406
0.0239753723144531 -0.0153427124023438 0.335845947265625 -0.214599609375
0.00373649597167969 -0.0220508575439453 0.084991455078125 -0.49896240234375
-0.000798702239990234 -0.00489377975463867 -0.339385986328125 -0.257476806640625
0.0144290924072266 0.0102787017822266 -0.302734375 0.120391845703125
0.0118904113769531 0.00908184051513672 -0.0951995849609375 0.233245849609375
-0.000303268432617188 -0.009735107421875 0.090301513671875 0.153305053710938
0.00914955139160156 -0.003021240234375 0.136215209960938 0.0167465209960938
0.00404071807861328 -0.00119686126708984 -0.134002685546875 -0.0262680053710938
0.00209236145019531 -0.0108203887939453 -0.077606201171875 -0.152481079101562
0.0135431289672852 0.00315952301025391 0.082763671875 -0.23040771484375
0.0223617553710938 0.0127353668212891 0.303314208984375 -0.146514892578125
0.00439262390136719 0.00441551208496094 0.34320068359375 0.19158935546875
-0.0152034759521484 -0.0226936340332031 0.045074462890625 0.450531005859375
0.00306129455566406 -0.00418424606323242 -0.254638671875 0.2947998046875
0.021453857421875 0.00992774963378906 -0.019683837890625 0.0499343872070313
0.0133991241455078 -0.00930118560791016 0.33978271484375 -0.21160888671875
0.00105094909667969 -0.0150842666625977 0.089996337890625 -0.498504638671875
0.0023040771484375 -0.00166702270507812 -0.338348388671875 -0.25946044921875
0.0177230834960938 0.00952720642089844 -0.30615234375 0.118194580078125
0.0132102966308594 0.00736713409423828 -0.099517822265625 0.229751586914063
-0.000725746154785156 -0.0117063522338867 0.089263916015625 0.15093994140625
0.00935649871826172 -0.00471305847167969 0.136268615722656 0.014190673828125
0.00529193878173828 -0.0007781982421875 -0.135467529296875 -0.0255584716796875
0.00231361389160156 -0.0122623443603516 -0.078460693359375 -0.154022216796875
0.0143013000488281 0.00117015838623047 0.0789794921875 -0.233551025390625
0.0236854553222656 0.0130653381347656 0.301116943359375 -0.149322509765625
0.00622034072875977 0.00640487670898438 0.3458251953125 0.1888427734375
-0.0165090560913086 -0.0157318115234375 0.05023193359375 0.453094482421875
-0.00449419021606445 0.00333166122436524 -0.2476806640625 0.298553466796875
0.00887298583984375 0.0127506256103516 -0.0105438232421875 0.0517654418945313
0.00487279891967773 -0.0043940544128418 0.341552734375 -0.219268798828125
-0.0020284652709961 -0.00817060470581055 0.08160400390625 -0.498016357421875
0.00324273109436035 0.00202322006225586 -0.344512939453125 -0.251373291015625
0.0194301605224609 0.00880241394042969 -0.304779052734375 0.12347412109375
0.0142402648925781 0.00586605072021484 -0.0965576171875 0.2288818359375
-0.000693321228027343 -0.013056755065918 0.09088134765625 0.14605712890625
0.00982093811035156 -0.00441265106201172 0.135513305664063 0.0106964111328125
0.0113105773925781 0.013524055480957 -0.132034301757812 -0.03704833984375
0.0118131637573242 -0.00262355804443359 -0.060211181640625 -0.160049438476563
0.00633430480957031 0.00528526306152344 0.128616333007813 -0.218673706054687
-0.00185966491699219 0.0127429962158203 0.340423583984375 -0.092437744140625
-0.0132265090942383 -0.00529003143310547 0.30548095703125 0.25921630859375
-0.0027923583984375 -0.0354194641113281 -0.045867919921875 0.454254150390625
0.03717041015625 -0.00858688354492188 -0.272750854492188 0.237594604492188
0.0597343444824219 0.0142898559570313 0.0373916625976563 0.0238609313964844
0.0382537841796875 -0.0167922973632812 0.316162109375 -0.27813720703125
0.00314903259277344 -0.025543212890625 -0.00991821289062498 -0.498291015625
-0.0144968032836914 -0.00573539733886719 -0.36956787109375 -0.1824951171875
-0.00408935546875 0.0107078552246094 -0.263046264648437 0.170730590820313
0.00591564178466797 0.00455188751220703 -0.0526580810546875 0.243453979492188
0.00677061080932617 -0.00376749038696289 0.105636596679688 0.141708374023438
0.0147628784179687 0.013819694519043 0.138839721679688 0.00524139404296875
0.010045051574707 0.0112104415893555 -0.131858825683594 -0.034271240234375
0.00961494445800781 -0.00214576721191406 -0.0623931884765625 -0.156524658203125
0.00688314437866211 0.00649642944335938 0.121734619140625 -0.221084594726562
0.00111961364746094 0.0134897232055664 0.33587646484375 -0.10345458984375
-0.0120019912719727 -0.00587081909179688 0.313995361328125 0.24591064453125
-0.00394058227539063 -0.0391349792480469 -0.027069091796875 0.45281982421875
0.0391464233398438 -0.0141410827636719 -0.2740478515625 0.246551513671875
0.0659294128417969 0.00971603393554688 0.0225467681884766 0.0258312225341797
0.043182373046875 -0.0216407775878906 0.3170166015625 -0.267852783203125
0.00541496276855469 -0.0297889709472656 0.00552368164062504 -0.50140380859375
-0.0135173797607422 -0.00884532928466797 -0.365386962890625 -0.197296142578125
-0.0027008056640625 0.0103702545166016 -0.270736694335938 0.16217041015625
0.00696325302124023 0.00693702697753906 -0.05914306640625 0.24444580078125
0.00469970703125 -0.00392436981201172 0.103225708007813 0.145278930664063
0.0141534805297852 0.0112676620483398 0.139457702636719 0.00852203369140625
0.00889682769775391 0.00743865966796875 -0.131668090820313 -0.032623291015625
0.0072636604309082 -0.00224971771240234 -0.0656890869140625 -0.15423583984375
0.00807857513427734 0.0070643424987793 0.11285400390625 -0.22314453125
0.00520610809326172 0.0137014389038086 0.328857421875 -0.1160888671875
-0.0100526809692383 -0.00599193572998047 0.32440185546875 0.229766845703125
-0.00552749633789062 -0.0401611328125 -0.00866699218749996 0.451385498046875
0.03729248046875 -0.0179977416992188 -0.270751953125 0.259689331054688
0.0651893615722656 0.00830459594726562 0.00593376159667969 0.0309696197509766
0.0435791015625 -0.0224227905273438 0.31903076171875 -0.253662109375
0.00540733337402344 -0.03173828125 0.026153564453125 -0.502197265625
-0.0109500885009766 -0.0103950500488281 -0.360015869140625 -0.213958740234375
0.000945091247558595 0.00995349884033203 -0.278945922851563 0.152587890625
0.00757789611816406 0.00870990753173828 -0.0678863525390625 0.244400024414062
0.00324678421020508 -0.00331854820251465 0.100234985351563 0.149673461914063
0.0136375427246094 0.00746631622314453 0.138557434082031 0.0122756958007813
0.00839900970458984 0.0041656494140625 -0.132957458496094 -0.029449462890625
0.00513648986816406 -0.00416088104248047 -0.0701141357421875 -0.151641845703125
0.00966548919677735 0.0069732666015625 0.1031494140625 -0.225082397460938
0.00975608825683594 0.0143260955810547 0.320037841796875 -0.12841796875
-0.00719261169433594 -0.00338268280029297 0.331634521484375 0.215087890625
-0.00868606567382813 -0.0382728576660156 0.010101318359375 0.450531005859375
0.0305862426757813 -0.0182647705078125 -0.267410278320312 0.271835327148438
0.0600013732910156 0.00630950927734375 -0.00731277465820312 0.0365753173828125
0.0404815673828125 -0.0214767456054688 0.324676513671875 -0.23919677734375
0.0066070556640625 -0.0305519104003906 0.0482177734375 -0.500946044921875
-0.00766468048095703 -0.0103883743286133 -0.353118896484375 -0.232421875
0.00456905364990234 0.00995731353759766 -0.287841796875 0.140960693359375
0.00898551940917969 0.00930404663085938 -0.0776824951171875 0.2412109375
0.00129318237304688 -0.00479698181152344 0.0978851318359375 0.152206420898438
0.0119171142578125 0.00337314605712891 0.138084411621094 0.0147247314453125
0.00651168823242187 0.00114250183105469 -0.133003234863281 -0.026824951171875
0.0034642219543457 -0.00613307952880859 -0.07293701171875 -0.1513671875
0.0113182067871094 0.0066375732421875 0.0934906005859375 -0.22735595703125
0.0145120620727539 0.0137825012207031 0.312957763671875 -0.137786865234375
-0.00277137756347656 -0.00134491920471191 0.33770751953125 0.201629638671875
-0.0113258361816406 -0.0345535278320313 0.027008056640625 0.45013427734375
0.0219192504882813 -0.0150012969970703 -0.262542724609375 0.281585693359375
0.0495109558105469 0.00667572021484375 -0.0171737670898437 0.04254150390625
0.0340919494628906 -0.0184822082519531 0.329925537109375 -0.2239990234375
0.005889892578125 -0.0272083282470703 0.068267822265625 -0.499755859375
-0.00452613830566406 -0.00873327255249023 -0.344940185546875 -0.247344970703125
0.00972557067871094 0.0100650787353516 -0.296539306640625 0.130584716796875
0.010711669921875 0.00897693634033203 -0.086517333984375 0.238632202148438
6.53266906738278E-05 -0.00703573226928711 0.0941925048828125 0.152328491210938
0.0106630325317383 -0.000913619995117188 0.137931823730469 0.0158920288085938
0.0055084228515625 -0.000718116760253906 -0.133590698242188 -0.0264663696289063
0.00230884552001953 -0.00849294662475586 -0.0763092041015625 -0.149826049804688
0.0126371383666992 0.00449943542480469 0.0867462158203125 -0.228378295898438
0.0190391540527344 0.0134563446044922 0.30645751953125 -0.1441650390625
0.00062263011932373 0.000906646251678467 0.34063720703125 0.193450927734375
-0.0142230987548828 -0.0280437469482422 0.037994384765625 0.447967529296875
0.0121536254882813 -0.00981235504150391 -0.258697509765625 0.290313720703125
0.0353469848632813 0.00800704956054688 -0.0216255187988281 0.0467262268066406
0.0244483947753906 -0.0144519805908203 0.33544921875 -0.213470458984375
0.00443458557128906 -0.0214576721191406 0.0845947265625 -0.497711181640625
-0.000443458557128906 -0.0057520866394043 -0.339569091796875 -0.256591796875
0.0141010284423828 0.0096273422241211 -0.301971435546875 0.120208740234375
0.0126266479492187 0.00904083251953125 -0.094757080078125 0.233673095703125
-0.00137042999267578 -0.00923824310302735 0.0916595458984375 0.152877807617188
0.0104055404663086 -0.00365161895751953 0.137115478515625 0.0161972045898438
0.0055851936340332 -0.00147104263305664 -0.134475708007813 -0.0257644653320313
0.00239944458007813 -0.011042594909668 -0.078155517578125 -0.152053833007813
0.013336181640625 0.00299263000488281 0.0822906494140625 -0.23095703125
0.0227336883544922 0.0131092071533203 0.30352783203125 -0.147003173828125
0.00374794006347656 0.00361466407775879 0.341217041015625 0.1912841796875
-0.0153923034667969 -0.0217227935791016 0.043243408203125 0.45086669921875
0.00283336639404297 -0.00305652618408203 -0.255157470703125 0.29437255859375
0.0208377838134766 0.00981903076171875 -0.0196647644042969 0.0497016906738281
0.0137367248535156 -0.00935935974121094 0.34033203125 -0.209625244140625
0.0012063980102539 -0.0147476196289063 0.090972900390625 -0.497955322265625
0.00225210189819336 -0.00110769271850586 -0.338775634765625 -0.2603759765625
0.0175819396972656 0.00917434692382813 -0.305999755859375 0.117919921875
0.0135078430175781 0.00765323638916016 -0.098480224609375 0.230178833007813
-0.00100994110107422 -0.0112743377685547 0.09027099609375 0.150497436523438
0.00966835021972656 -0.00471115112304688 0.136734008789063 0.014373779296875
0.00545215606689453 -0.000384330749511719 -0.135757446289062 -0.026458740234375
0.00264072418212891 -0.0123510360717773 -0.078826904296875 -0.15350341796875
0.0143489837646484 0.00163173675537109 0.078948974609375 -0.233123779296875
0.0243511199951172 0.0127849578857422 0.300872802734375 -0.149993896484375
0.00566864013671875 0.00661420822143555 0.3446044921875 0.188385009765625
-0.0165281295776367 -0.0146884918212891 0.0489501953125 0.4537353515625
-0.00418734550476074 0.00382661819458008 -0.248046875 0.298248291015625
0.00886821746826172 0.0131025314331055 -0.0110054016113281 0.0508880615234375
0.00466251373291016 -0.00427103042602539 0.34234619140625 -0.2183837890625
-0.00195217132568359 -0.00750637054443359 0.0822143554687501 -0.49822998046875
0.00369668006896973 0.00241374969482422 -0.344390869140625 -0.252777099609375
0.0191707611083984 0.00860023498535156 -0.3048095703125 0.123748779296875
0.0143928527832031 0.00526809692382813 -0.09588623046875 0.2294921875
-0.000935554504394533 -0.0128545761108398 0.0918426513671875 0.146041870117188
0.00981330871582031 -0.00507259368896484 0.136116027832031 0.01123046875
0.0107908248901367 0.0143222808837891 -0.132850646972656 -0.0374908447265625
0.0121011734008789 -0.00306320190429687 -0.0601654052734375 -0.159591674804687
0.00571727752685547 0.00552940368652344 0.128509521484375 -0.21917724609375
-0.0017843246459961 0.0129537582397461 0.3409423828125 -0.09283447265625
-0.0132427215576172 -0.00532817840576172 0.30517578125 0.26043701171875
-0.00287246704101562 -0.0356330871582031 -0.045684814453125 0.453216552734375
0.0374526977539063 -0.0084228515625 -0.273681640625 0.237747192382813
0.0596923828125 0.0136146545410156 0.03692626953125 0.0230484008789063
0.0386543273925781 -0.0168724060058594 0.316314697265625 -0.277801513671875
0.004150390625 -0.0249156951904297 -0.00863647460937497 -0.50048828125
-0.014312744140625 -0.00582313537597656 -0.3707275390625 -0.184173583984375
-0.00393199920654297 0.0105648040771484 -0.263473510742188 0.169876098632813
0.00599813461303711 0.00474023818969727 -0.0531005859375 0.243301391601563
0.00631904602050781 -0.00331211090087891 0.106719970703125 0.141250610351563
0.014984130859375 0.0138788223266602 0.139671325683594 0.0048370361328125
0.0110807418823242 0.0111532211303711 -0.131889343261719 -0.0344390869140625
0.00931739807128906 -0.00232696533203125 -0.063018798828125 -0.1575927734375
0.00680732727050781 0.00673341751098633 0.120895385742188 -0.221923828125
0.000647544860839845 0.0127477645874023 0.33575439453125 -0.103546142578125
-0.0119848251342773 -0.00612449645996094 0.31427001953125 0.24591064453125
-0.00433349609375 -0.03857421875 -0.02984619140625 0.454071044921875
0.039459228515625 -0.0143013000488281 -0.2742919921875 0.2469482421875
0.065887451171875 0.0103073120117187 0.0218868255615234 0.0264034271240234
0.0427932739257813 -0.020904541015625 0.316925048828125 -0.26690673828125
0.00504875183105468 -0.0298690795898438 0.00640869140624998 -0.500823974609375
-0.0135860443115234 -0.00890541076660156 -0.36602783203125 -0.19866943359375
-0.00194263458251953 0.0106573104858398 -0.271530151367187 0.162872314453125
0.00674962997436523 0.00668716430664062 -0.0590972900390625 0.244842529296875
0.00460290908813477 -0.00228500366210938 0.103988647460938 0.145889282226563
0.0142354965209961 0.0110998153686523 0.140045166015625 0.00855255126953125
0.00948429107666016 0.00764369964599609 -0.131881713867187 -0.0319900512695312
0.00754261016845703 -0.00235509872436523 -0.0661468505859375 -0.154617309570312
0.00823020935058594 0.00714254379272461 0.113128662109375 -0.223434448242188
0.00446987152099609 0.0137405395507813 0.3284912109375 -0.116363525390625
-0.0103473663330078 -0.00577449798583984 0.3218994140625 0.23028564453125
-0.005706787109375 -0.0401420593261719 -0.010223388671875 0.452239990234375
0.0373382568359375 -0.0176277160644531 -0.271636962890625 0.25909423828125
0.0658912658691406 0.00790023803710938 0.00652122497558594 0.0312690734863281
0.0440483093261719 -0.0224952697753906 0.320526123046875 -0.2545166015625
0.00625801086425781 -0.0319576263427734 0.0259094238281251 -0.502777099609375
-0.0111923217773438 -0.010838508605957 -0.360931396484375 -0.21502685546875
0.00119876861572266 0.0102148056030273 -0.279205322265625 0.151763916015625
0.00766181945800781 0.00796318054199219 -0.0672149658203125 0.243820190429688
0.00345587730407715 -0.00359892845153809 0.10125732421875 0.149246215820313
0.0134057998657227 0.00724220275878906 0.139427185058594 0.0119247436523437
0.00833272933959961 0.00435256958007813 -0.132110595703125 -0.0292739868164063
0.00471830368041992 -0.00332021713256836 -0.070068359375 -0.152267456054688
0.009674072265625 0.00703334808349609 0.102813720703125 -0.22589111328125
0.0100469589233398 0.0137777328491211 0.32049560546875 -0.127197265625
-0.00692272186279297 -0.0040435791015625 0.330810546875 0.214447021484375
-0.0082550048828125 -0.0389976501464844 0.00881958007812499 0.45098876953125
0.0306549072265625 -0.0179462432861328 -0.268310546875 0.27093505859375
0.0605354309082031 0.006195068359375 -0.00707626342773437 0.036651611328125
0.0409698486328125 -0.0215225219726562 0.325042724609375 -0.238372802734375
0.00662422180175781 -0.0301876068115234 0.048614501953125 -0.5013427734375
-0.00780296325683594 -0.00985050201416016 -0.35137939453125 -0.233062744140625
0.00513458251953125 0.00976371765136719 -0.2882080078125 0.140625
0.00908851623535156 0.00916767120361328 -0.0771484375 0.241592407226562
0.000791549682617187 -0.00492238998413086 0.0978546142578125 0.152130126953125
0.0123939514160156 0.00353813171386719 0.139533996582031 0.0139389038085937
0.00712442398071289 0.00103950500488281 -0.133903503417969 -0.0275344848632813
0.0030670166015625 -0.00555229187011719 -0.074066162109375 -0.15069580078125
0.0122385025024414 0.00543594360351563 0.0938873291015625 -0.227981567382813
0.0149106979370117 0.0131349563598633 0.3134765625 -0.13787841796875
-0.00341582298278809 -0.00100421905517578 0.33697509765625 0.201995849609375
-0.011474609375 -0.0342884063720703 0.02581787109375 0.449951171875
0.0221900939941406 -0.0154857635498047 -0.264190673828125 0.281951904296875
0.0496253967285156 0.00640487670898437 -0.0175666809082031 0.0423202514648438
0.0334091186523437 -0.0184440612792969 0.3299560546875 -0.224212646484375
0.00638198852539062 -0.0264492034912109 0.069427490234375 -0.500335693359375
-0.00392627716064453 -0.00891208648681641 -0.345306396484375 -0.247161865234375
0.00981903076171875 0.00947093963623047 -0.296600341796875 0.13006591796875
0.0106105804443359 0.00978565216064453 -0.08673095703125 0.237823486328125
-0.000439167022705079 -0.00626373291015625 0.0947723388671875 0.153457641601563
0.010955810546875 -0.000631332397460938 0.13824462890625 0.0150833129882813
0.00622272491455078 -0.000146865844726562 -0.134849548339844 -0.0256881713867187
0.00189018249511719 -0.00792837142944336 -0.076568603515625 -0.150161743164063
0.0126886367797852 0.00436115264892578 0.0859375 -0.229507446289063
0.0197620391845703 0.0135269165039062 0.305999755859375 -0.14410400390625
0.000685632228851318 0.00032341480255127 0.340118408203125 0.193450927734375
-0.0141773223876953 -0.0285491943359375 0.038238525390625 0.449554443359375
0.0126028060913086 -0.0106229782104492 -0.259521484375 0.289306640625
0.0357513427734375 0.00822067260742188 -0.0212669372558594 0.046661376953125
0.0246982574462891 -0.0142936706542969 0.33721923828125 -0.212249755859375
0.00373268127441406 -0.0214958190917969 0.086090087890625 -0.498291015625
-0.000567913055419922 -0.00603914260864258 -0.3389892578125 -0.257843017578125
0.0144157409667969 0.0091867446899414 -0.302886962890625 0.12139892578125
0.0120954513549805 0.00896835327148438 -0.0940399169921875 0.233993530273438
-5.86509704589847E-05 -0.00856733322143555 0.091796875 0.153152465820313
0.00979900360107422 -0.00331783294677734 0.137397766113281 0.016143798828125
0.00553655624389648 -0.0008392333984375 -0.135246276855469 -0.025146484375
0.00142955780029297 -0.00994491577148438 -0.0783233642578125 -0.15185546875
0.0138254165649414 0.00340652465820313 0.082366943359375 -0.23150634765625
0.0220699310302734 0.0123100280761719 0.303619384765625 -0.14654541015625
0.00363421440124512 0.00344038009643555 0.339874267578125 0.19134521484375
-0.0154685974121094 -0.0214080810546875 0.0426025390625 0.4517822265625
0.00346684455871582 -0.0033261775970459 -0.256256103515625 0.295074462890625
0.0217761993408203 0.00986099243164063 -0.0200424194335937 0.0503921508789062
0.0140161514282227 -0.00957298278808594 0.341217041015625 -0.2095947265625
0.0010833740234375 -0.0144424438476562 0.0919189453125 -0.49749755859375
0.00138425827026367 -0.00169873237609863 -0.337493896484375 -0.26104736328125
0.0170936584472656 0.00881767272949219 -0.306640625 0.1182861328125
0.0133552551269531 0.00804615020751953 -0.0982666015625 0.23150634765625
-0.00115203857421875 -0.0107660293579102 0.0910186767578125 0.1505126953125
0.0100317001342773 -0.00528335571289063 0.136703491210938 0.0153579711914062
0.0060725212097168 -0.000502109527587891 -0.136245727539063 -0.0253448486328125
0.00228500366210938 -0.0118780136108398 -0.078643798828125 -0.154525756835937
0.0143632888793945 0.000925064086914063 0.0780792236328125 -0.234451293945313
0.0239753723144531 0.0125064849853516 0.300750732421875 -0.150115966796875
0.00512790679931641 0.00641202926635742 0.34375 0.1893310546875
-0.0171489715576172 -0.0145721435546875 0.0477294921875 0.4537353515625
-0.00415396690368652 0.00411629676818848 -0.248138427734375 0.297821044921875
0.00872707366943359 0.0131282806396484 -0.0106849670410156 0.0514717102050781
0.00515317916870117 -0.0034022331237793 0.34271240234375 -0.2178955078125
-0.00175094604492188 -0.00730991363525391 0.083587646484375 -0.499298095703125
0.00255203247070312 0.00230860710144043 -0.342803955078125 -0.25201416015625
0.0192794799804688 0.0083160400390625 -0.3052978515625 0.124176025390625
0.0142097473144531 0.00580978393554688 -0.0959930419921875 0.230209350585938
-0.000831604003906251 -0.0128021240234375 0.0924530029296875 0.146408081054688
0.0103769302368164 -0.00577163696289062 0.136116027832031 0.0100479125976563
0.0120353698730469 0.013885498046875 -0.132820129394531 -0.0366439819335937
0.0115642547607422 -0.00217533111572266 -0.0607757568359375 -0.159835815429688
0.00568532943725586 0.00549554824829101 0.128128051757812 -0.220077514648438
-0.00217819213867188 0.0135507583618164 0.34136962890625 -0.0936279296875
-0.013031005859375 -0.00583648681640625 0.305084228515625 0.26043701171875
-0.00275802612304687 -0.0343551635742188 -0.045867919921875 0.454833984375
0.0376625061035156 -0.007965087890625 -0.276412963867188 0.23724365234375
0.0601081848144531 0.0139007568359375 0.0369186401367188 0.0235862731933594
0.0384788513183594 -0.0162391662597656 0.318023681640625 -0.277587890625
0.00397491455078125 -0.0249366760253906 -0.00662231445312496 -0.501007080078125
-0.0150356292724609 -0.00578784942626953 -0.37078857421875 -0.18377685546875
-0.00454616546630859 0.0104265213012695 -0.263626098632812 0.1710205078125
0.00586986541748047 0.00457334518432617 -0.0518798828125 0.244644165039062
0.00625944137573242 -0.00308370590209961 0.107772827148438 0.141006469726563
0.0150222778320313 0.0136890411376953 0.140190124511719 0.00521087646484375
0.0109262466430664 0.010655403137207 -0.132774353027344 -0.0346603393554688
0.0092315673828125 -0.00181293487548828 -0.0643310546875 -0.157241821289063
0.00670289993286133 0.00673389434814453 0.121109008789063 -0.221710205078125
0.00065326690673828 0.0124855041503906 0.335784912109375 -0.104522705078125
-0.0121936798095703 -0.00622367858886719 0.313934326171875 0.247772216796875
-0.00424957275390625 -0.0386734008789063 -0.030731201171875 0.45355224609375
0.0397834777832031 -0.0141410827636719 -0.27587890625 0.246719360351563
0.0656776428222656 0.0108108520507813 0.0220603942871094 0.0266704559326172
0.0431632995605469 -0.0209503173828125 0.3192138671875 -0.2662353515625
0.00541114807128906 -0.0294303894042969 0.00692749023437505 -0.503570556640625
-0.0133876800537109 -0.00889968872070313 -0.367340087890625 -0.19854736328125
-0.00253582000732422 0.0101318359375 -0.2716064453125 0.163467407226563
0.00645923614501953 0.00638961791992188 -0.0584716796875 0.245574951171875
0.0043644905090332 -0.00321388244628906 0.105545043945313 0.146148681640625
0.0143671035766602 0.0108890533447266 0.140533447265625 0.0086517333984375
0.00995063781738281 0.00760364532470703 -0.132537841796875 -0.0320510864257812
0.00698041915893555 -0.00199413299560547 -0.066802978515625 -0.154159545898438
0.00783300399780273 0.00732803344726563 0.112091064453125 -0.224517822265625
0.00472545623779297 0.0140361785888672 0.329864501953125 -0.11749267578125
-0.0103902816772461 -0.00604534149169922 0.323394775390625 0.230316162109375
-0.00615310668945313 -0.0392913818359375 -0.0118408203125 0.45330810546875
0.0372428894042969 -0.0175743103027344 -0.272048950195313 0.259414672851563
0.0661125183105469 0.00765228271484375 0.00631904602050782 0.0316619873046875
0.044036865234375 -0.0228500366210938 0.321441650390625 -0.254150390625
0.00629806518554688 -0.0320587158203125 0.026763916015625 -0.50360107421875
-0.0108547210693359 -0.0102052688598633 -0.36151123046875 -0.2164306640625
0.000728607177734376 0.00940608978271484 -0.279251098632812 0.153533935546875
0.00791501998901367 0.0078425407409668 -0.0668792724609375 0.244461059570312
0.0027768611907959 -0.00297951698303223 0.102203369140625 0.149429321289063
0.0135288238525391 0.00659847259521484 0.14068603515625 0.0114288330078125
0.00822639465332031 0.00438642501831055 -0.133415222167969 -0.0291290283203125
0.00533676147460938 -0.00435924530029297 -0.0703582763671875 -0.152694702148437
0.0103139877319336 0.00697517395019531 0.10223388671875 -0.226898193359375
0.00942230224609375 0.0137243270874023 0.3204345703125 -0.129180908203125
-0.00695991516113281 -0.00434780120849609 0.330810546875 0.213714599609375
-0.00852584838867188 -0.0382156372070312 0.00912475585937501 0.45098876953125
0.0313835144042969 -0.0178756713867188 -0.269912719726563 0.271148681640625
0.05987548828125 0.00648880004882813 -0.00850296020507813 0.036651611328125
0.0408477783203125 -0.0215034484863281 0.325592041015625 -0.23870849609375
0.00693511962890625 -0.0306434631347656 0.049530029296875 -0.502655029296875
-0.00794124603271484 -0.0105695724487305 -0.352813720703125 -0.2330322265625
0.00548362731933594 0.00980758666992188 -0.288909912109375 0.141326904296875
0.00908946990966797 0.00897407531738281 -0.076202392578125 0.242889404296875
0.00156688690185547 -0.00480175018310547 0.0992431640625 0.151412963867188
0.0126256942749023 0.00292205810546875 0.140106201171875 0.013519287109375
0.00828981399536133 0.000534534454345703 -0.1341552734375 -0.0272750854492188
0.0039057731628418 -0.00543498992919922 -0.074371337890625 -0.150787353515625
0.0112590789794922 0.00670146942138672 0.0936279296875 -0.22894287109375
0.0152873992919922 0.0135898590087891 0.312835693359375 -0.13958740234375
-0.00316882133483887 -0.00187158584594727 0.336944580078125 0.201324462890625
-0.0112972259521484 -0.0341072082519531 0.025390625 0.4505615234375
0.0227909088134766 -0.0153675079345703 -0.266143798828125 0.28143310546875
0.0492820739746094 0.006256103515625 -0.0176506042480469 0.0426483154296875
0.0341777801513672 -0.0187950134277344 0.331817626953125 -0.22198486328125
0.00642204284667969 -0.0262031555175781 0.0704345703125 -0.50189208984375
-0.00414180755615234 -0.00939273834228516 -0.345794677734375 -0.2486572265625
0.00991249084472656 0.00867652893066406 -0.29766845703125 0.130615234375
0.011164665222168 0.00939369201660156 -0.0860443115234375 0.238815307617187
0.000243186950683594 -0.00573873519897461 0.0964813232421875 0.15277099609375
0.0120153427124023 -0.00123691558837891 0.139114379882812 0.016082763671875
0.00619268417358398 -0.00113010406494141 -0.135505676269531 -0.0260467529296875
0.00175046920776367 -0.00828790664672852 -0.07757568359375 -0.151321411132813
0.0132369995117188 0.00422859191894531 0.085601806640625 -0.230789184570313
0.0193958282470703 0.0130825042724609 0.307525634765625 -0.14581298828125
0.00119340419769287 0.000365138053894043 0.339569091796875 0.193695068359375
-0.0141925811767578 -0.0283584594726563 0.036102294921875 0.450042724609375
0.0123891830444336 -0.0103092193603516 -0.26043701171875 0.289459228515625
0.0362815856933594 0.00774002075195312 -0.0218505859375 0.0470695495605469
0.0242767333984375 -0.0140590667724609 0.33782958984375 -0.212066650390625
0.00378608703613281 -0.0206794738769531 0.086578369140625 -0.49920654296875
-0.00098562240600586 -0.00573110580444336 -0.34051513671875 -0.2584228515625
0.0143346786499023 0.00964260101318359 -0.3037109375 0.1214599609375
0.0123319625854492 0.00905895233154297 -0.093505859375 0.234588623046875
-0.00120162963867188 -0.00818300247192383 0.093109130859375 0.152664184570313
0.010716438293457 -0.00419044494628906 0.13800048828125 0.0159759521484375
0.00594806671142578 -0.000865459442138672 -0.13604736328125 -0.0249481201171875
0.00132846832275391 -0.0103559494018555 -0.0790863037109375 -0.152069091796875
0.0140390396118164 0.00333309173583984 0.0821380615234375 -0.233169555664063
0.0225086212158203 0.0124626159667969 0.3033447265625 -0.14788818359375
0.00375866889953613 0.00290465354919434 0.342193603515625 0.192108154296875
-0.0155487060546875 -0.0210170745849609 0.041534423828125 0.451629638671875
0.00361871719360352 -0.00299429893493652 -0.25775146484375 0.293060302734375
0.0214805603027344 0.00943374633789063 -0.0201911926269531 0.0492134094238281
0.0145626068115234 -0.00922393798828125 0.342315673828125 -0.208404541015625
0.000972747802734376 -0.0140581130981445 0.0921630859375 -0.499176025390625
0.0010913610458374 -0.00219237804412842 -0.338470458984375 -0.26251220703125
0.0174598693847656 0.00854969024658203 -0.307159423828125 0.11798095703125
0.0137109756469727 0.00831699371337891 -0.09832763671875 0.231887817382813
-0.00107765197753906 -0.0110740661621094 0.09197998046875 0.149993896484375
0.0101642608642578 -0.00591087341308594 0.137619018554688 0.014129638671875
0.00612068176269531 -0.000833511352539063 -0.137184143066406 -0.0253982543945313
0.00240135192871094 -0.0115852355957031 -0.07940673828125 -0.154464721679688
0.0148067474365234 0.00163173675537109 0.0784149169921875 -0.23577880859375
0.0245895385742188 0.0122261047363281 0.300750732421875 -0.151611328125
0.00516462326049805 0.00596523284912109 0.34320068359375 0.18841552734375
-0.017054557800293 -0.0142917633056641 0.047393798828125 0.45501708984375
-0.00421833992004394 0.00388908386230469 -0.24932861328125 0.297882080078125
0.00865936279296875 0.0130205154418945 -0.0112457275390625 0.0513191223144531
0.00497055053710938 -0.00325965881347656 0.343353271484375 -0.217193603515625
-0.00122737884521484 -0.00727939605712891 0.08355712890625 -0.499908447265625
0.00267982482910156 0.00123405456542969 -0.344940185546875 -0.253326416015625
0.0187473297119141 0.00862693786621094 -0.3057861328125 0.12396240234375
0.0138673782348633 0.00625228881835938 -0.0961456298828125 0.230712890625
-0.000738143920898439 -0.0123252868652344 0.093475341796875 0.145950317382813
0.0102529525756836 -0.00576877593994141 0.136955261230469 0.0107803344726563
0.0121774673461914 0.0135898590087891 -0.134376525878906 -0.0367584228515625
0.0115814208984375 -0.00256443023681641 -0.06146240234375 -0.160842895507812
0.00604677200317383 0.00529813766479492 0.128173828125 -0.221466064453125
-0.00149154663085938 0.0125188827514648 0.342437744140625 -0.094024658203125
-0.0133523941040039 -0.00583839416503906 0.3062744140625 0.260711669921875
-0.00283241271972656 -0.0342750549316406 -0.0472412109375 0.456787109375
0.0378150939941406 -0.00778579711914063 -0.276580810546875 0.237594604492188
0.0604324340820313 0.01422119140625 0.0362548828125 0.0237274169921875
0.0388526916503906 -0.0163307189941406 0.319610595703125 -0.27850341796875
0.00405120849609375 -0.0247592926025391 -0.00790405273437501 -0.50274658203125
-0.0146961212158203 -0.00622081756591797 -0.373077392578125 -0.1845703125
-0.00424766540527344 0.0106716156005859 -0.265182495117188 0.171798706054687
0.00661945343017578 0.00528383255004883 -0.0513916015625 0.245025634765625
0.00557422637939453 -0.00375938415527344 0.109024047851563 0.142059326171875
0.0156478881835938 0.0132589340209961 0.1417236328125 0.0045928955078125
0.0113096237182617 0.0114994049072266 -0.1337890625 -0.0343170166015625
0.00982761383056641 -0.00193023681640625 -0.0653533935546875 -0.157745361328125
0.0075373649597168 0.00701189041137695 0.121414184570313 -0.223678588867188
0.000647544860839845 0.0127887725830078 0.33740234375 -0.10577392578125
-0.0126523971557617 -0.00636672973632812 0.313873291015625 0.246826171875
-0.00374603271484375 -0.0383949279785156 -0.031158447265625 0.456207275390625
0.0400543212890625 -0.0137481689453125 -0.277374267578125 0.248260498046875
0.0654487609863281 0.010711669921875 0.0214424133300781 0.0267906188964844
0.0427780151367188 -0.0207901000976563 0.32061767578125 -0.266143798828125
0.00535392761230469 -0.0293750762939453 0.00677490234374998 -0.505645751953125
-0.0138978958129883 -0.00934410095214844 -0.369049072265625 -0.19989013671875
-0.00222206115722656 0.0102148056030273 -0.272232055664063 0.164703369140625
0.00678777694702148 0.00711441040039062 -0.058441162109375 0.247116088867188
0.00475978851318359 -0.00274419784545898 0.106460571289062 0.145904541015625
0.0144901275634766 0.0105819702148438 0.14166259765625 0.0078582763671875
0.0103540420532227 0.00714778900146484 -0.134231567382813 -0.0318527221679687
0.00735998153686523 -0.00183010101318359 -0.068328857421875 -0.155929565429687
0.0085911750793457 0.00753211975097656 0.112075805664063 -0.225997924804688
0.00498867034912109 0.0132741928100586 0.33123779296875 -0.118377685546875
-0.0106582641601562 -0.00550937652587891 0.3233642578125 0.23126220703125
-0.00570297241210937 -0.0398483276367187 -0.0118408203125 0.45428466796875
0.0378379821777344 -0.0173721313476563 -0.27581787109375 0.26055908203125
0.06591796875 0.008575439453125 0.00634574890136719 0.0313873291015625
0.0447158813476563 -0.0222549438476562 0.32281494140625 -0.2535400390625
0.00708389282226562 -0.0309371948242187 0.027496337890625 -0.50567626953125
-0.0110540390014648 -0.0106887817382813 -0.361968994140625 -0.216217041015625
0.000369071960449218 0.0101432800292969 -0.281646728515625 0.154388427734375
0.00704431533813477 0.0083918571472168 -0.066864013671875 0.245697021484375
0.00210428237915039 -0.00297284126281738 0.103485107421875 0.149459838867188
0.0141487121582031 0.00620555877685547 0.140701293945313 0.0115814208984375
0.00901508331298828 0.00382041931152344 -0.134223937988281 -0.0290451049804688
0.00546979904174805 -0.0040283203125 -0.0724639892578125 -0.152542114257813
0.0111551284790039 0.00701618194580078 0.102859497070313 -0.228424072265625
0.00993728637695313 0.0130853652954102 0.3216552734375 -0.13104248046875
-0.00726556777954101 -0.00437498092651367 0.33148193359375 0.216217041015625
-0.00851821899414063 -0.0377655029296875 0.00750732421875002 0.454254150390625
0.031524658203125 -0.0179691314697266 -0.271881103515625 0.272293090820312
0.0602493286132813 0.00606155395507813 -0.00831222534179687 0.0369644165039062
0.0406227111816406 -0.021881103515625 0.329437255859375 -0.237640380859375
0.00713729858398438 -0.0300693511962891 0.05023193359375 -0.50555419921875
-0.00815391540527344 -0.0101556777954102 -0.354583740234375 -0.23443603515625
0.00500679016113281 0.00950050354003906 -0.28948974609375 0.143096923828125
0.00896072387695313 0.00895309448242188 -0.076385498046875 0.243728637695313
0.000932693481445313 -0.00446557998657226 0.10052490234375 0.152053833007813
0.0125589370727539 0.00304603576660156 0.141220092773438 0.0138397216796875
0.00816583633422852 0.000507831573486328 -0.134880065917969 -0.0275115966796875
0.00275039672851563 -0.00548744201660156 -0.07562255859375 -0.151473999023437
0.01165771484375 0.00609111785888672 0.0935211181640625 -0.23040771484375
0.0150432586669922 0.0135259628295898 0.314208984375 -0.14007568359375
-0.00331282615661621 -0.00264286994934082 0.337799072265625 0.203216552734375
-0.0113983154296875 -0.0335617065429688 0.025177001953125 0.451873779296875
0.022918701171875 -0.0159149169921875 -0.267303466796875 0.282989501953125
0.0503807067871094 0.0063629150390625 -0.0183258056640625 0.0430374145507813
0.0340633392333984 -0.0188083648681641 0.3326416015625 -0.2225341796875
0.00594711303710938 -0.0267086029052734 0.07098388671875 -0.5032958984375
-0.0042724609375 -0.00860881805419922 -0.348480224609375 -0.248504638671875
0.00953865051269531 0.00870609283447266 -0.298309326171875 0.131866455078125
0.0107097625732422 0.00965595245361328 -0.0863494873046875 0.240753173828125
-0.000420093536376953 -0.00572538375854492 0.097015380859375 0.153762817382813
0.0114078521728516 -0.00151443481445313 0.140251159667969 0.0151443481445312
0.00667285919189453 -0.00141096115112305 -0.135498046875 -0.02587890625
0.00172901153564453 -0.00751352310180664 -0.0788116455078125 -0.151321411132813
0.0133838653564453 0.00470352172851563 0.08465576171875 -0.231704711914063
0.0188713073730469 0.0130863189697266 0.3074951171875 -0.14666748046875
0.000557899475097656 3.9219856262207E-05 0.339874267578125 0.193939208984375
-0.0145606994628906 -0.0273780822753906 0.0369873046875 0.45269775390625
0.0121860504150391 -0.00993728637695313 -0.26214599609375 0.290924072265625
0.035552978515625 0.00696182250976563 -0.0222663879394531 0.0471153259277344
0.0244064331054688 -0.0140304565429687 0.33831787109375 -0.213348388671875
0.00367927551269531 -0.0202713012695313 0.088134765625 -0.50238037109375
-0.00113725662231445 -0.00640058517456055 -0.341339111328125 -0.25958251953125
0.0139875411987305 0.00870513916015625 -0.3048095703125 0.123016357421875
0.0124521255493164 0.00943756103515625 -0.093536376953125 0.23565673828125
-0.00203084945678711 -0.00808095932006836 0.094268798828125 0.153396606445312
0.0106840133666992 -0.00362968444824219 0.139274597167969 0.0164642333984375
0.00625896453857422 -0.00164270401000977 -0.136802673339844 -0.0247802734375
0.00206756591796875 -0.010075569152832 -0.0798797607421875 -0.152725219726563
0.0137825012207031 0.00365352630615234 0.08197021484375 -0.233474731445312
0.022491455078125 0.0132408142089844 0.304107666015625 -0.1490478515625
0.00329375267028809 0.00314450263977051 0.341278076171875 0.192352294921875
-0.0149459838867188 -0.0207424163818359 0.040771484375 0.454010009765625
0.00400471687316895 -0.00278687477111816 -0.259124755859375 0.295013427734375
0.0214710235595703 0.00960540771484375 -0.02093505859375 0.0494155883789063
0.0136528015136719 -0.00878524780273437 0.34344482421875 -0.208709716796875
0.00107383728027344 -0.0134716033935547 0.0941162109374999 -0.50128173828125
0.00182211399078369 -0.0019528865814209 -0.34063720703125 -0.2630615234375
0.0171909332275391 0.00819778442382813 -0.30841064453125 0.119140625
0.0135784149169922 0.00837326049804688 -0.0984039306640625 0.233016967773437
-0.00104999542236328 -0.0104703903198242 0.0933074951171875 0.150054931640625
0.0105218887329102 -0.00544548034667969 0.138511657714844 0.0138778686523438
0.00641012191772461 -0.000601768493652344 -0.137908935546875 -0.0252609252929688
0.00275135040283203 -0.0123672485351562 -0.0804443359375 -0.154678344726562
0.0149812698364258 0.00160980224609375 0.0777435302734375 -0.236434936523438
0.0244770050048828 0.0120182037353516 0.301513671875 -0.152496337890625
0.00516176223754883 0.00612640380859375 0.343353271484375 0.189056396484375
-0.0177154541015625 -0.0139675140380859 0.046539306640625 0.455810546875
-0.00396251678466797 0.00361728668212891 -0.250946044921875 0.29888916015625
0.00917243957519531 0.0126628875732422 -0.0110130310058594 0.0513229370117188
0.0047297477722168 -0.00405406951904297 0.34527587890625 -0.21722412109375
-0.00191020965576172 -0.00705099105834961 0.085845947265625 -0.501983642578125
0.0028076171875 0.00223755836486816 -0.346221923828125 -0.25421142578125
0.0192108154296875 0.00746345520019531 -0.307647705078125 0.12518310546875
0.0137996673583984 0.00668716430664063 -0.0954437255859375 0.231338500976563
-0.000857353210449218 -0.0121965408325195 0.09466552734375 0.146591186523438
0.010432243347168 -0.00655651092529297 0.138191223144531 0.009521484375
0.012660026550293 0.014348030090332 -0.134895324707031 -0.0366058349609375
0.0112400054931641 -0.00195121765136719 -0.06317138671875 -0.161605834960938
0.00599241256713867 0.00573015213012695 0.127410888671875 -0.223434448242187
-0.00226211547851563 0.012293815612793 0.3433837890625 -0.09576416015625
-0.013427734375 -0.00570869445800781 0.307220458984375 0.261810302734375
-0.00240898132324219 -0.03466796875 -0.047149658203125 0.459747314453125
0.038330078125 -0.00823593139648438 -0.279083251953125 0.24017333984375
0.0604171752929688 0.0141220092773438 0.0362586975097656 0.0234565734863281
0.0389823913574219 -0.0160293579101563 0.321044921875 -0.27984619140625
0.00385856628417969 -0.0252285003662109 -0.00964355468750005 -0.506378173828125
-0.0151233673095703 -0.00620269775390625 -0.374847412109375 -0.18621826171875
-0.00455379486083984 0.00975227355957031 -0.266632080078125 0.173934936523437
0.00589418411254883 0.00491571426391602 -0.050018310546875 0.247238159179687
0.00591468811035156 -0.00306034088134766 0.110504150390625 0.14111328125
0.0163764953613281 0.0131998062133789 0.142120361328125 0.00421142578125
0.0115804672241211 0.0115032196044922 -0.135231018066406 -0.0340652465820313
0.00991058349609375 -0.00152587890625 -0.0662841796875 -0.158920288085938
0.00731897354125977 0.00637388229370117 0.120849609375 -0.22576904296875
0.000910758972167969 0.0130949020385742 0.337921142578125 -0.10736083984375
-0.0130434036254883 -0.00660610198974609 0.316558837890625 0.247528076171875
-0.00319290161132812 -0.0385971069335938 -0.03143310546875 0.458282470703125
0.0409355163574219 -0.0136642456054687 -0.279006958007813 0.248855590820313
0.0661544799804688 0.0106887817382813 0.0216255187988281 0.0269660949707031
0.04351806640625 -0.0205955505371094 0.322418212890625 -0.26861572265625
0.00546646118164063 -0.0294246673583984 0.00683593749999995 -0.508392333984375
-0.0143518447875977 -0.00932502746582031 -0.370574951171875 -0.200286865234375
-0.00263881683349609 0.00984764099121094 -0.273300170898438 0.165802001953125
0.00679540634155273 0.00649833679199219 -0.0570220947265625 0.248611450195313
0.0042726993560791 -0.00243377685546875 0.108016967773437 0.14617919921875
0.0154819488525391 0.0101680755615234 0.142547607421875 0.0081939697265625
0.0106887817382813 0.00709438323974609 -0.134750366210938 -0.0316238403320313
0.00748014450073242 -0.00220918655395508 -0.069244384765625 -0.155548095703125
0.00840330123901367 0.0075535774230957 0.112091064453125 -0.227081298828125
0.00458145141601563 0.0130720138549805 0.330902099609375 -0.119964599609375
-0.0107908248901367 -0.00619411468505859 0.325927734375 0.23126220703125
-0.00560760498046875 -0.0392341613769531 -0.01220703125 0.456451416015625
0.0384521484375 -0.01708984375 -0.27655029296875 0.261428833007813
0.06610107421875 0.00762176513671875 0.00562286376953126 0.0313377380371094
0.044464111328125 -0.0225028991699219 0.324554443359375 -0.2557373046875
0.0068359375 -0.0306529998779297 0.026336669921875 -0.50823974609375
-0.0120401382446289 -0.0104913711547852 -0.36492919921875 -0.217498779296875
0.000425338745117187 0.00978946685791016 -0.28179931640625 0.155517578125
0.00716304779052734 0.00864839553833008 -0.0659942626953125 0.247543334960937
0.00222301483154297 -0.00258135795593262 0.104736328125 0.14996337890625
0.0141973495483398 0.00638294219970703 0.142501831054687 0.010772705078125
0.00918674468994141 0.00442981719970703 -0.13531494140625 -0.02850341796875
0.00470495223999024 -0.00349044799804688 -0.072967529296875 -0.152923583984375
0.0104427337646484 0.00750732421875 0.101486206054687 -0.230056762695313
0.010197639465332 0.013270378112793 0.32330322265625 -0.13165283203125
-0.00757312774658203 -0.00463104248046875 0.332000732421875 0.215240478515625
-0.008514404296875 -0.0381813049316406 0.00793457031250005 0.45599365234375
0.0315952301025391 -0.0181217193603516 -0.273269653320313 0.27325439453125
0.0610847473144531 0.006317138671875 -0.00882339477539062 0.0373878479003906
0.0413780212402344 -0.0214118957519531 0.32904052734375 -0.239227294921875
0.00695419311523438 -0.0298843383789063 0.0499267578125 -0.50750732421875
-0.00844478607177734 -0.010981559753418 -0.357177734375 -0.23431396484375
0.00485134124755859 0.00897598266601563 -0.291259765625 0.144195556640625
0.00910377502441406 0.00913619995117187 -0.0755157470703125 0.24530029296875
0.000704288482666015 -0.00367879867553711 0.102203369140625 0.152084350585938
0.0128765106201172 0.00241565704345703 0.141464233398438 0.0132598876953125
0.00818061828613281 0.000960350036621094 -0.136398315429688 -0.02618408203125
0.00368785858154297 -0.00573825836181641 -0.076751708984375 -0.152099609375
0.0125055313110352 0.00589656829833984 0.0918426513671875 -0.232452392578125
0.0151596069335938 0.0124473571777344 0.314697265625 -0.14215087890625
-0.00391149520874023 -0.00237631797790527 0.33966064453125 0.2037353515625
-0.0113601684570312 -0.0331497192382813 0.02459716796875 0.45562744140625
0.0230827331542969 -0.0150489807128906 -0.268280029296875 0.284210205078125
0.0500373840332031 0.00623703002929687 -0.0186920166015625 0.0427932739257812
0.0341949462890625 -0.0186557769775391 0.3345947265625 -0.224212646484375
0.00620269775390625 -0.0264568328857422 0.0694580078125 -0.50567626953125
-0.00426769256591797 -0.00939273834228515 -0.350067138671875 -0.249603271484375
0.00965213775634766 0.00849533081054688 -0.30023193359375 0.132781982421875
0.0110912322998047 0.00983524322509765 -0.0853729248046875 0.242111206054688
-0.000241279602050782 -0.00562429428100586 0.0984649658203125 0.15399169921875
0.0116300582885742 -0.00168037414550781 0.141586303710938 0.0149688720703125
0.00651025772094727 -0.000640392303466797 -0.137474060058594 -0.0250930786132813
0.00265407562255859 -0.00756978988647461 -0.0796356201171875 -0.152297973632812
0.0129146575927734 0.00524997711181641 0.0845947265625 -0.23333740234375
0.019775390625 0.0125179290771484 0.30859375 -0.1480712890625
-3.25217843055725E-05 -8.00378620624543E-06 0.3416748046875 0.19464111328125
-0.0136890411376953 -0.0280876159667969 0.0374755859375 0.45440673828125
0.0134267807006836 -0.0102739334106445 -0.26385498046875 0.29254150390625
0.0358924865722656 0.0077667236328125 -0.0225181579589844 0.0477790832519531
0.0250892639160156 -0.0142898559570313 0.34014892578125 -0.213897705078125
0.00437736511230469 -0.0206985473632813 0.08746337890625 -0.50347900390625
-0.000835418701171875 -0.00598430633544922 -0.342376708984375 -0.260772705078125
0.0137109756469727 0.00891494750976563 -0.306182861328125 0.123321533203125
0.0125198364257813 0.00936031341552734 -0.0936431884765625 0.237213134765625
-0.00105190277099609 -0.0077061653137207 0.09613037109375 0.153152465820313
0.0105581283569336 -0.00499343872070313 0.140579223632813 0.0153350830078125
0.0069127082824707 -0.00143146514892578 -0.138404846191406 -0.0245132446289062
0.00195026397705078 -0.00979518890380859 -0.0810089111328125 -0.153274536132813
0.0139961242675781 0.00356101989746094 0.08056640625 -0.23553466796875
0.0226955413818359 0.0123023986816406 0.304901123046875 -0.151092529296875
0.00286531448364258 0.00302743911743164 0.342864990234375 0.192657470703125
-0.015838623046875 -0.0206508636474609 0.041290283203125 0.455780029296875
0.00371646881103516 -0.00308537483215332 -0.259429931640625 0.29541015625
0.0210361480712891 0.00970077514648438 -0.0210685729980469 0.0499267578125
0.0143613815307617 -0.00858974456787109 0.344512939453125 -0.210357666015625
0.00117588043212891 -0.013946533203125 0.0928955078125 -0.503997802734375
0.00110065937042236 -0.00203120708465576 -0.341766357421875 -0.2633056640625
0.0174942016601563 0.00830364227294922 -0.310028076171875 0.12109375
0.0135641098022461 0.00819301605224609 -0.097991943359375 0.234161376953125
-0.00173091888427734 -0.00997543334960938 0.0946807861328125 0.150604248046875
0.0105676651000977 -0.00629234313964844 0.139602661132813 0.0134963989257813
0.00746011734008789 -0.000710010528564453 -0.138938903808594 -0.0245895385742188
0.00239372253417969 -0.0112600326538086 -0.081634521484375 -0.155014038085938
0.0151128768920898 0.0011138916015625 0.0769805908203125 -0.238388061523438
0.0245342254638672 0.0117092132568359 0.302154541015625 -0.154632568359375
0.00513124465942383 0.00568246841430664 0.3453369140625 0.189422607421875
-0.0167713165283203 -0.0134000778198242 0.0465087890625001 0.45880126953125
-0.00475597381591797 0.00440406799316406 -0.25244140625 0.30035400390625
0.00888729095458984 0.0126533508300781 -0.0119056701660156 0.0510673522949219
0.00525140762329102 -0.00331401824951172 0.3466796875 -0.218719482421875
-0.00184059143066406 -0.00662755966186523 0.086151123046875 -0.50543212890625
0.00318026542663574 0.00132250785827637 -0.347747802734375 -0.25494384765625
0.0193653106689453 0.00695610046386719 -0.30841064453125 0.12701416015625
0.0146017074584961 0.0070037841796875 -0.09521484375 0.233062744140625
-0.00145244598388672 -0.0118017196655273 0.0966033935546875 0.14599609375
0.0112142562866211 -0.00592994689941406 0.139480590820313 0.00945281982421875
0.0136537551879883 0.0136499404907227 -0.136619567871094 -0.036102294921875
0.0113487243652344 -0.00232028961181641 -0.0644073486328125 -0.162216186523437
0.00639677047729492 0.00535964965820313 0.126876831054688 -0.226242065429687
-0.00203418731689453 0.0122337341308594 0.344696044921875 -0.09765625
-0.0135478973388672 -0.00593662261962891 0.31011962890625 0.261138916015625
-0.00278472900390625 -0.0341300964355469 -0.04754638671875 0.46307373046875
0.0389900207519531 -0.0080108642578125 -0.280014038085937 0.240341186523438
0.0604896545410156 0.0137977600097656 0.0363540649414063 0.024017333984375
0.0392608642578125 -0.0163078308105469 0.323089599609375 -0.28057861328125
0.00416183471679687 -0.0247516632080078 -0.00994873046875005 -0.5084228515625
-0.0152416229248047 -0.00601482391357422 -0.37860107421875 -0.185272216796875
-0.00431251525878906 0.0102825164794922 -0.267059326171875 0.176376342773438
0.00521373748779297 0.00480937957763672 -0.0496673583984375 0.248550415039062
0.00587368011474609 -0.00228738784790039 0.112258911132813 0.14141845703125
0.0163593292236328 0.0126724243164062 0.143722534179688 0.0035858154296875
0.0126142501831055 0.0116081237792969 -0.136528015136719 -0.033416748046875
0.0101099014282227 -0.00172710418701172 -0.0675506591796875 -0.159164428710938
0.00744247436523438 0.00721454620361328 0.120651245117187 -0.227767944335937
0.000271797180175781 0.0125017166137695 0.339691162109375 -0.109954833984375
-0.0126485824584961 -0.0074920654296875 0.31781005859375 0.24774169921875
-0.00330352783203125 -0.0383110046386719 -0.030487060546875 0.46038818359375
0.0413551330566406 -0.0143585205078125 -0.281143188476563 0.251846313476562
0.0673446655273438 0.0104827880859375 0.0213222503662109 0.0271511077880859
0.0436553955078125 -0.020599365234375 0.323516845703125 -0.27044677734375
0.00529861450195312 -0.0291919708251953 0.00531005859374999 -0.5108642578125
-0.0145759582519531 -0.00939464569091797 -0.37408447265625 -0.198822021484375
-0.00261211395263672 0.0103378295898438 -0.274505615234375 0.168289184570312
0.00661039352416992 0.00684928894042969 -0.0567626953125 0.249649047851563
0.00399017333984375 -0.00223875045776367 0.10955810546875 0.146240234375
0.0153617858886719 0.0101747512817383 0.144073486328125 0.0069427490234375
0.011749267578125 0.00763511657714844 -0.136260986328125 -0.0317306518554687
0.00748538970947266 -0.00179338455200195 -0.070343017578125 -0.156768798828125
0.0088653564453125 0.00720500946044922 0.111190795898438 -0.229965209960938
0.00508785247802734 0.0123424530029297 0.33294677734375 -0.12066650390625
-0.0111885070800781 -0.00657558441162109 0.327423095703125 0.23126220703125
-0.00543212890625 -0.0391654968261719 -0.01123046875 0.46044921875
0.0390968322753906 -0.0175628662109375 -0.27783203125 0.263076782226562
0.0668754577636719 0.00716018676757812 0.00549507141113282 0.0315876007080078
0.0446281433105469 -0.0224342346191406 0.3253173828125 -0.2557373046875
0.00629615783691407 -0.0309906005859375 0.02618408203125 -0.510528564453125
-0.011988639831543 -0.0112934112548828 -0.36859130859375 -0.216522216796875
0.0002288818359375 0.0097360610961914 -0.283294677734375 0.15740966796875
0.00772237777709961 0.00798416137695313 -0.0652313232421875 0.249496459960937
0.00318098068237305 -0.00213932991027832 0.1077880859375 0.14996337890625
0.0148191452026367 0.00552940368652344 0.14324951171875 0.010345458984375
0.0103578567504883 0.00338459014892578 -0.137306213378906 -0.028656005859375
0.0046844482421875 -0.00362586975097656 -0.074920654296875 -0.1536865234375
0.0109739303588867 0.00746345520019531 0.100357055664063 -0.232803344726563
0.00969219207763672 0.0127239227294922 0.324127197265625 -0.134429931640625
-0.00805568695068359 -0.00524234771728515 0.33489990234375 0.21588134765625
-0.008392333984375 -0.0378074645996094 0.00845336914062501 0.458648681640625
0.0324268341064453 -0.0175762176513672 -0.273773193359375 0.27630615234375
0.0609054565429687 0.00634002685546875 -0.00870895385742188 0.037872314453125
0.04168701171875 -0.0217170715332031 0.330352783203125 -0.240386962890625
0.00751304626464844 -0.0302200317382812 0.049072265625 -0.510711669921875
-0.00844097137451172 -0.0110855102539063 -0.3594970703125 -0.2352294921875
0.00497245788574219 0.00886440277099609 -0.29254150390625 0.145904541015625
0.00928115844726563 0.00955772399902344 -0.0753936767578125 0.2469482421875
0.000873804092407226 -0.0038599967956543 0.103668212890625 0.152053833007813
0.0127315521240234 0.00176429748535156 0.143203735351563 0.0130462646484375
0.00867795944213867 0.000771522521972656 -0.137374877929688 -0.0253219604492188
0.00370502471923828 -0.0053706169128418 -0.0780487060546875 -0.152236938476563
0.0122251510620117 0.00624370574951172 0.091400146484375 -0.233718872070313
0.0151271820068359 0.0134000778198242 0.31585693359375 -0.144012451171875
-0.0037078857421875 -0.00234341621398926 0.341217041015625 0.2021484375
-0.0115165710449219 -0.033172607421875 0.02484130859375 0.45782470703125
0.0240802764892578 -0.0148391723632813 -0.270050048828125 0.28668212890625
0.049560546875 0.00608062744140625 -0.0193252563476563 0.0434494018554688
0.0339374542236328 -0.0188655853271484 0.336273193359375 -0.22576904296875
0.00621414184570313 -0.0265865325927734 0.06964111328125 -0.508575439453125
-0.00512409210205078 -0.00934028625488281 -0.35198974609375 -0.250396728515625
0.00980281829833985 0.00896930694580078 -0.3017578125 0.13507080078125
0.0114688873291016 0.010258674621582 -0.0847930908203125 0.24365234375
-7.05718994140629E-05 -0.00537252426147461 0.099700927734375 0.153701782226563
0.0118684768676758 -0.00182628631591797 0.141754150390625 0.0145416259765625
0.00720405578613281 -0.00115871429443359 -0.138992309570313 -0.0248565673828125
0.00169992446899414 -0.00776052474975586 -0.08087158203125 -0.152496337890625
0.0135421752929688 0.00476455688476562 0.0836944580078125 -0.23638916015625
0.0198459625244141 0.0123386383056641 0.309417724609375 -0.15087890625
2.10851430892944E-06 4.26806509494781E-05 0.344085693359375 0.193695068359375
-0.0139369964599609 -0.0274906158447266 0.0372314453125 0.456146240234375
0.0131263732910156 -0.0100288391113281 -0.26544189453125 0.29510498046875
0.0355186462402344 0.00744247436523438 -0.0234184265136719 0.0474166870117188
0.024444580078125 -0.0136375427246094 0.341949462890625 -0.21533203125
0.0042724609375 -0.0203685760498047 0.0863037109375 -0.506927490234375
-0.00174236297607422 -0.00642681121826172 -0.34649658203125 -0.26025390625
0.0143623352050781 0.00832462310791016 -0.308258056640625 0.125579833984375
0.0125389099121094 0.00995635986328125 -0.0928955078125 0.239410400390625
-0.00121498107910156 -0.00803470611572266 0.0977783203125 0.153411865234375
0.0113277435302734 -0.00439167022705078 0.141815185546875 0.0147705078125
0.00741863250732422 -0.00165605545043945 -0.140129089355469 -0.0238189697265625
0.00143814086914063 -0.00975418090820313 -0.0825042724609375 -0.15399169921875
0.014369010925293 0.00375652313232422 0.08013916015625 -0.237411499023438
0.0228328704833984 0.0124435424804688 0.305511474609375 -0.153106689453125
0.00290775299072266 0.00232052803039551 0.3465576171875 0.191986083984375
-0.0158538818359375 -0.0201396942138672 0.04205322265625 0.459197998046875
0.00396585464477539 -0.00288653373718262 -0.2601318359375 0.299530029296875
0.0215435028076172 0.00940322875976563 -0.0217437744140625 0.05072021484375
0.0135946273803711 -0.00897598266601563 0.347564697265625 -0.21160888671875
0.000948905944824218 -0.013092041015625 0.09307861328125 -0.50677490234375
0.00102043151855469 -0.00214099884033203 -0.34576416015625 -0.26434326171875
0.0176048278808594 0.00790023803710938 -0.3121337890625 0.122222900390625
0.0137262344360352 0.00868415832519531 -0.096954345703125 0.23626708984375
-0.00145816802978516 -0.0100307464599609 0.0964508056640625 0.150985717773438
0.0113229751586914 -0.00692939758300781 0.141067504882813 0.0134429931640625
0.00787544250488281 -0.00091552734375 -0.140853881835938 -0.024200439453125
0.00270366668701172 -0.01214599609375 -0.0833892822265625 -0.155654907226563
0.0152349472045898 0.00185871124267578 0.075958251953125 -0.24017333984375
0.0247592926025391 0.0113983154296875 0.303253173828125 -0.156951904296875
0.00438833236694336 0.00528621673583984 0.347442626953125 0.18963623046875
-0.0168399810791016 -0.0134305953979492 0.04730224609375 0.462554931640625
-0.00383210182189941 0.00394415855407715 -0.252777099609375 0.30316162109375
0.00867462158203125 0.012324333190918 -0.0122299194335937 0.0517616271972656
0.00477504730224609 -0.00330829620361328 0.34893798828125 -0.220123291015625
-0.00209379196166992 -0.00656032562255859 0.085113525390625 -0.50799560546875
0.00267338752746582 0.00165867805480957 -0.350494384765625 -0.255340576171875
0.0191135406494141 0.00726890563964844 -0.310272216796875 0.128753662109375
0.0140905380249023 0.00647735595703125 -0.0943145751953125 0.235458374023438
-0.000959396362304688 -0.0113792419433594 0.0981903076171875 0.145965576171875
0.0108766555786133 -0.00695896148681641 0.14013671875 0.00963592529296875
0.0143852233886719 0.014033317565918 -0.137748718261719 -0.0355911254882812
0.0119123458862305 -0.00183582305908203 -0.06622314453125 -0.1629638671875
0.00606584548950195 0.00588035583496094 0.12689208984375 -0.2286376953125
-0.00259876251220703 0.0119161605834961 0.34686279296875 -0.101104736328125
-0.013941764831543 -0.00602626800537109 0.3118896484375 0.262237548828125
-0.00250625610351563 -0.0343341827392578 -0.04620361328125 0.46533203125
0.0396804809570313 -0.00819015502929688 -0.281463623046875 0.243255615234375
0.0611610412597656 0.0142784118652344 0.0363578796386719 0.0244216918945313
0.0394706726074219 -0.01654052734375 0.324066162109375 -0.28436279296875
0.00377082824707031 -0.0242424011230469 -0.011962890625 -0.51190185546875
-0.0155735015869141 -0.00603961944580078 -0.38165283203125 -0.183441162109375
-0.00447845458984375 0.0101995468139648 -0.26776123046875 0.17877197265625
0.00563478469848633 0.00446701049804688 -0.0487060546875 0.250762939453125
0.00583314895629883 -0.00273227691650391 0.1142578125 0.14190673828125
0.0173301696777344 0.0122919082641602 0.144638061523438 0.0027923583984375
0.0134258270263672 0.0108070373535156 -0.137924194335938 -0.032806396484375
0.00985145568847656 -0.00119686126708984 -0.0692138671875 -0.159652709960938
0.0071558952331543 0.00680351257324219 0.11968994140625 -0.230239868164063
0.000171661376953126 0.0122528076171875 0.34088134765625 -0.112030029296875
-0.0136251449584961 -0.00790786743164062 0.32122802734375 0.24810791015625
-0.003387451171875 -0.0381813049316406 -0.029937744140625 0.464599609375
0.0410995483398437 -0.0138320922851562 -0.28192138671875 0.2528076171875
0.0669631958007813 0.0104637145996094 0.0215930938720703 0.0274257659912109
0.0439224243164063 -0.0208511352539063 0.325653076171875 -0.273773193359375
0.00556182861328125 -0.0291271209716797 0.004547119140625 -0.5137939453125
-0.0150966644287109 -0.00911903381347656 -0.37646484375 -0.199615478515625
-0.00247001647949219 0.00965309143066406 -0.275558471679687 0.170272827148438
0.00707340240478516 0.00707101821899414 -0.05462646484375 0.252288818359375
0.00411438941955566 -0.00261259078979492 0.112213134765625 0.145721435546875
0.0161914825439453 0.0103721618652344 0.145065307617188 0.005859375
0.0123491287231445 0.00744533538818359 -0.138023376464844 -0.030670166015625
0.00747203826904297 -0.00193691253662109 -0.072509765625 -0.156646728515625
0.00962257385253906 0.00751399993896484 0.110519409179687 -0.23193359375
0.00472068786621094 0.0127325057983398 0.334014892578125 -0.125213623046875
-0.0115137100219727 -0.00655364990234375 0.32965087890625 0.232025146484375
-0.00632476806640625 -0.0393257141113281 -0.00860595703125003 0.46307373046875
0.0394515991210938 -0.0180206298828125 -0.278945922851563 0.26629638671875
0.0673599243164063 0.0071563720703125 0.00507926940917969 0.0317096710205078
0.0450477600097656 -0.0219230651855469 0.327911376953125 -0.259521484375
0.00719070434570313 -0.0310459136962891 0.02471923828125 -0.514984130859375
-0.0121793746948242 -0.0114192962646484 -0.371002197265625 -0.2174072265625
0.000370979309082032 0.00914287567138672 -0.284027099609375 0.160064697265625
0.00849723815917969 0.00811243057250977 -0.0640411376953125 0.25164794921875
0.00227975845336914 -0.00295686721801758 0.10919189453125 0.15008544921875
0.0146150588989258 0.00527763366699219 0.144866943359375 0.0095062255859375
0.0109405517578125 0.00342750549316406 -0.138458251953125 -0.0277099609375
0.00492286682128906 -0.00299310684204102 -0.0767822265625 -0.154617309570313
0.0108480453491211 0.00799655914306641 0.0993804931640625 -0.234237670898437
0.0100393295288086 0.0128870010375977 0.325531005859375 -0.13775634765625
-0.00820684432983398 -0.00535678863525391 0.337432861328125 0.21575927734375
-0.00878143310546875 -0.037689208984375 0.00979614257812503 0.462066650390625
0.0325336456298828 -0.018341064453125 -0.275466918945312 0.279647827148438
0.0605850219726563 0.006103515625 -0.00908660888671875 0.0382232666015625
0.0413742065429688 -0.0223808288574219 0.3314208984375 -0.2437744140625
0.00675201416015625 -0.0301723480224609 0.046478271484375 -0.515228271484375
-0.00908088684082031 -0.0112009048461914 -0.3634033203125 -0.235015869140625
0.00442600250244141 0.00896167755126953 -0.29388427734375 0.1483154296875
0.00969409942626953 0.00933361053466797 -0.0739288330078125 0.249710083007813
0.000213384628295898 -0.00356149673461914 0.105972290039063 0.152587890625
0.0130987167358398 0.00152206420898438 0.145004272460938 0.0113372802734375
0.00937938690185547 0.00100803375244141 -0.138771057128906 -0.0260848999023437
0.003021240234375 -0.00580835342407227 -0.0802764892578125 -0.153457641601562
0.0129518508911133 0.00670909881591797 0.090362548828125 -0.236068725585937
0.0148334503173828 0.0127534866333008 0.31787109375 -0.14739990234375
-0.00436282157897949 -0.00295424461364746 0.3428955078125 0.202911376953125
-0.0116367340087891 -0.0338935852050781 0.027557373046875 0.46014404296875
0.0238437652587891 -0.0153331756591797 -0.2713623046875 0.28948974609375
0.0491485595703125 0.0057373046875 -0.0191421508789063 0.0435791015625
0.0348796844482422 -0.0189056396484375 0.336578369140625 -0.228851318359375
0.00643730163574218 -0.0258750915527344 0.068511962890625 -0.512725830078125
-0.00481414794921875 -0.00931644439697266 -0.35595703125 -0.2509765625
0.00895023345947265 0.00825691223144531 -0.303253173828125 0.13702392578125
0.0117530822753906 0.00994205474853516 -0.0833587646484375 0.2454833984375
-3.33786010742224E-06 -0.00527381896972656 0.10211181640625 0.15325927734375
0.0127630233764648 -0.00194835662841797 0.143707275390625 0.013153076171875
0.00857019424438477 -0.000894069671630859 -0.140594482421875 -0.02386474609375
0.00150012969970703 -0.00761508941650391 -0.0828857421875 -0.15301513671875
0.013916015625 0.00557899475097656 0.0824127197265625 -0.238571166992188
0.0202198028564453 0.0121135711669922 0.311004638671875 -0.15338134765625
-0.00068587064743042 -0.000398755073547363 0.346710205078125 0.194610595703125
-0.0137748718261719 -0.0274105072021484 0.0390625 0.45965576171875
0.0137147903442383 -0.0100841522216797 -0.265655517578125 0.297821044921875
0.0357246398925781 0.00764846801757813 -0.023895263671875 0.0485725402832031
0.0249843597412109 -0.0140037536621094 0.34307861328125 -0.217254638671875
0.00453567504882813 -0.0207672119140625 0.0859375 -0.51025390625
-0.00180816650390625 -0.00661420822143555 -0.34930419921875 -0.261627197265625
0.0144586563110352 0.00738143920898437 -0.309478759765625 0.129180908203125
0.0126914978027344 0.00958251953125 -0.0921478271484375 0.242034912109375
-0.00144672393798828 -0.00792264938354492 0.09912109375 0.153060913085938
0.0109481811523437 -0.00495529174804687 0.143173217773438 0.014129638671875
0.00841045379638672 -0.00110292434692383 -0.140823364257813 -0.0231475830078125
0.00178718566894531 -0.00987148284912109 -0.0847015380859375 -0.15435791015625
0.0145244598388672 0.00367069244384766 0.0792083740234375 -0.2396240234375
0.0234165191650391 0.0117874145507813 0.307952880859375 -0.155792236328125
0.00261330604553223 0.00243091583251953 0.34771728515625 0.192138671875
-0.0151882171630859 -0.0199146270751953 0.043975830078125 0.46173095703125
0.00393891334533691 -0.00349140167236328 -0.26141357421875 0.30194091796875
0.0213546752929688 0.00993537902832031 -0.0219230651855469 0.0509986877441406
0.0138835906982422 -0.00877761840820313 0.348480224609375 -0.213623046875
0.000525474548339845 -0.0130481719970703 0.09295654296875 -0.510467529296875
0.0010063648223877 -0.00218403339385986 -0.349029541015625 -0.26513671875
0.0169696807861328 0.00748729705810547 -0.312530517578125 0.124664306640625
0.0140314102172852 0.00908946990966797 -0.0959014892578125 0.238082885742187
-0.00238227844238281 -0.00955581665039063 0.0985565185546875 0.150772094726563
0.0111370086669922 -0.00700283050537109 0.142852783203125 0.0126190185546875
0.00900745391845703 -0.00130558013916016 -0.141525268554688 -0.0233612060546875
0.00232791900634766 -0.0113201141357422 -0.0854339599609375 -0.156478881835938
0.0156898498535156 0.00104808807373047 0.074981689453125 -0.242431640625
0.0247287750244141 0.0103874206542969 0.3043212890625 -0.15972900390625
0.00423765182495117 0.0049591064453125 0.349700927734375 0.1898193359375
-0.0175333023071289 -0.0129919052124023 0.04931640625 0.464935302734375
-0.00303840637207031 0.00426292419433594 -0.255218505859375 0.305267333984375
0.00854969024658203 0.0121631622314453 -0.0117950439453125 0.0519752502441406
0.00452089309692383 -0.00314807891845703 0.35162353515625 -0.22161865234375
-0.00158929824829102 -0.00626802444458008 0.08404541015625 -0.512420654296875
0.00259184837341309 0.00175237655639648 -0.354949951171875 -0.255096435546875
0.0192661285400391 0.0067596435546875 -0.31201171875 0.13079833984375
0.014617919921875 0.00644969940185547 -0.093902587890625 0.237258911132813
-0.00192070007324219 -0.0114431381225586 0.0996246337890625 0.146209716796875
0.0116376876831055 -0.00744056701660156 0.141448974609375 0.00872802734375
0.0153350830078125 0.0136814117431641 -0.140090942382813 -0.0347824096679688
0.0114269256591797 -0.00215911865234375 -0.068389892578125 -0.164321899414063
0.00623464584350586 0.00630474090576172 0.125457763671875 -0.2310791015625
-0.00223064422607422 0.0123147964477539 0.347747802734375 -0.10400390625
-0.0145626068115234 -0.00675678253173828 0.315185546875 0.26129150390625
-0.00246620178222656 -0.0340194702148438 -0.045166015625 0.4697265625
0.0396919250488281 -0.00853347778320313 -0.2823486328125 0.246795654296875
0.0612106323242188 0.01361083984375 0.0364952087402344 0.0239906311035156
0.0396881103515625 -0.0165901184082031 0.32415771484375 -0.288116455078125
0.0034027099609375 -0.0243759155273438 -0.015380859375 -0.5152587890625
-0.0161914825439453 -0.00645160675048828 -0.38348388671875 -0.182769775390625
-0.00437068939208984 0.0100460052490234 -0.26885986328125 0.181686401367188
0.00625848770141602 0.00509262084960938 -0.0466461181640625 0.253280639648437
0.00512266159057617 -0.00233125686645508 0.116500854492188 0.14111328125
0.0176105499267578 0.0121040344238281 0.146575927734375 0.0011444091796875
0.0134963989257812 0.0108575820922852 -0.1392822265625 -0.0319442749023437
0.00950908660888672 -0.00179100036621094 -0.0718536376953125 -0.160675048828125
0.00780677795410156 0.00675153732299805 0.117919921875 -0.233489990234375
0.000580787658691407 0.0124111175537109 0.342529296875 -0.115447998046875
-0.0137367248535156 -0.00799560546875 0.324432373046875 0.247711181640625
-0.00342941284179687 -0.0383262634277344 -0.028411865234375 0.4677734375
0.0419578552246094 -0.0141563415527344 -0.2822265625 0.25677490234375
0.0676994323730469 0.0101814270019531 0.0210952758789063 0.0274829864501953
0.0443267822265625 -0.0215568542480469 0.325286865234375 -0.27655029296875
0.005401611328125 -0.0289688110351563 0.000701904296874995 -0.5177001953125
-0.0156774520874023 -0.00910377502441406 -0.38092041015625 -0.198822021484375
-0.0029754638671875 0.00967502593994141 -0.276535034179687 0.174179077148438
0.00661754608154297 0.00664138793945312 -0.0533447265625 0.254074096679688
0.00396442413330078 -0.00180506706237793 0.114486694335938 0.145751953125
0.0161056518554687 0.00931739807128906 0.146316528320313 0.0057525634765625
0.0128211975097656 0.0073394775390625 -0.139297485351563 -0.0291748046875
0.00756120681762695 -0.00172710418701172 -0.074737548828125 -0.15740966796875
0.0095062255859375 0.00699806213378906 0.108901977539063 -0.236419677734375
0.00513553619384766 0.0128965377807617 0.334991455078125 -0.128265380859375
-0.011357307434082 -0.0063018798828125 0.33349609375 0.23162841796875
-0.006256103515625 -0.0391082763671875 -0.00775146484374996 0.46697998046875
0.0397682189941406 -0.0189437866210938 -0.279693603515625 0.269027709960938
0.067230224609375 0.00699615478515625 0.00526046752929688 0.0325717926025391
0.0454559326171875 -0.0231399536132813 0.328887939453125 -0.261810302734375
0.00670242309570312 -0.0313358306884766 0.021575927734375 -0.5189208984375
-0.0124740600585937 -0.0106868743896484 -0.37518310546875 -0.217041015625
2.90870666503909E-05 0.00874757766723633 -0.28582763671875 0.162841796875
0.00782299041748047 0.00842189788818359 -0.0623321533203125 0.253921508789063
0.00263571739196777 -0.00232863426208496 0.111129760742188 0.149887084960937
0.0147027969360352 0.0050201416015625 0.146636962890625 0.008819580078125
0.0106115341186523 0.00347518920898438 -0.140190124511719 -0.0270462036132813
0.00494289398193359 -0.00314855575561523 -0.078643798828125 -0.15521240234375
0.0111827850341797 0.00687026977539062 0.0983123779296875 -0.237350463867188
0.0105466842651367 0.013026237487793 0.32568359375 -0.139923095703125
-0.0086812973022461 -0.00569438934326172 0.34014892578125 0.214874267578125
-0.00883865356445313 -0.0375709533691406 0.01214599609375 0.464996337890625
0.0324859619140625 -0.0180797576904297 -0.27752685546875 0.2818603515625
0.0613288879394531 0.0059051513671875 -0.00870513916015625 0.0389404296875
0.0408554077148438 -0.0215606689453125 0.333587646484375 -0.24615478515625
0.00691032409667969 -0.0300712585449219 0.04583740234375 -0.519134521484375
-0.00966930389404297 -0.0113191604614258 -0.366943359375 -0.234832763671875
0.00473165512084961 0.00865364074707031 -0.2945556640625 0.151214599609375
0.00976467132568359 0.00948810577392578 -0.0725250244140625 0.25152587890625
0.000382184982299805 -0.00353527069091797 0.108444213867187 0.152374267578125
0.0136280059814453 0.000936508178710938 0.146530151367188 0.01068115234375
0.0101213455200195 0.000247955322265625 -0.140396118164063 -0.024322509765625
0.00331640243530274 -0.00530862808227539 -0.082244873046875 -0.153793334960938
0.0128059387207031 0.00641345977783203 0.08892822265625 -0.239334106445313
0.0149803161621094 0.0115814208984375 0.3173828125 -0.151031494140625
-0.00470876693725586 -0.00278091430664062 0.3466796875 0.201629638671875
-0.0117778778076172 -0.0332145690917969 0.0299072265625 0.462860107421875
0.0233097076416016 -0.0158233642578125 -0.27105712890625 0.292327880859375
0.0500717163085938 0.00567245483398438 -0.0194931030273437 0.0442924499511719
0.0343894958496094 -0.0192909240722656 0.33782958984375 -0.23193359375
0.00637054443359375 -0.0265426635742188 0.06536865234375 -0.51776123046875
-0.00586032867431641 -0.00966644287109375 -0.359527587890625 -0.250946044921875
0.0100364685058594 0.00787067413330078 -0.30389404296875 0.1405029296875
0.0115566253662109 0.0100269317626953 -0.082733154296875 0.248153686523437
-0.00145387649536133 -0.00559091567993164 0.1044921875 0.154251098632813
0.0132598876953125 -0.00233840942382813 0.14556884765625 0.013031005859375
0.00949764251708984 -0.000761032104492188 -0.141769409179688 -0.0227508544921875
0.00180625915527344 -0.00762557983398437 -0.084930419921875 -0.153793334960938
0.014674186706543 0.00529670715332031 0.081085205078125 -0.24139404296875
0.0202522277832031 0.0114421844482422 0.31109619140625 -0.1578369140625
-0.000522017478942871 -0.000670909881591797 0.34954833984375 0.19342041015625
-0.0143508911132812 -0.0263805389404297 0.04150390625 0.46270751953125
0.0140066146850586 -0.0100831985473633 -0.266082763671875 0.300384521484375
0.0364799499511719 0.0074462890625 -0.024200439453125 0.0490951538085938
0.0247688293457031 -0.0142135620117188 0.34405517578125 -0.22064208984375
0.0042266845703125 -0.0205039978027344 0.082916259765625 -0.51397705078125
-0.00116777420043945 -0.00597000122070313 -0.35418701171875 -0.26153564453125
0.0142660140991211 0.00737380981445313 -0.310699462890625 0.130615234375
0.0128450393676758 0.00978660583496094 -0.0906982421875 0.24420166015625
-0.00138664245605469 -0.00737142562866211 0.102035522460938 0.153640747070313
0.0114803314208984 -0.00612163543701172 0.144256591796875 0.013641357421875
0.00856876373291016 -0.00200033187866211 -0.14276123046875 -0.022369384765625
0.00156021118164062 -0.00972843170166015 -0.086334228515625 -0.154876708984375
0.0155534744262695 0.00376701354980469 0.076812744140625 -0.242813110351563
0.0237636566162109 0.0109405517578125 0.3074951171875 -0.159912109375
0.00245451927185059 0.00237298011779785 0.3502197265625 0.190643310546875
-0.0159568786621094 -0.0205497741699219 0.046051025390625 0.464813232421875
0.00413417816162109 -0.00345277786254883 -0.262176513671875 0.30548095703125
0.0216484069824219 0.0100879669189453 -0.021575927734375 0.051910400390625
0.0133886337280273 -0.00842761993408203 0.349395751953125 -0.217041015625
0.00115489959716797 -0.0128660202026367 0.089996337890625 -0.5146484375
0.00053715705871582 -0.00239872932434082 -0.35302734375 -0.264984130859375
0.0181293487548828 0.00728034973144531 -0.314849853515625 0.12835693359375
0.0139303207397461 0.00865936279296875 -0.095367431640625 0.241180419921875
-0.00213813781738281 -0.00961494445800781 0.1005859375 0.150726318359375
0.0112876892089844 -0.00768470764160156 0.14410400390625 0.0115966796875
0.00899982452392578 -0.00177001953125 -0.14373779296875 -0.0225982666015625
0.00267314910888672 -0.0118989944458008 -0.086456298828125 -0.156082153320313
0.0159015655517578 0.00124359130859375 0.073883056640625 -0.245010375976562
0.0249061584472656 0.0107784271240234 0.304779052734375 -0.1632080078125
0.00409221649169922 0.00489902496337891 0.353363037109375 0.18939208984375
-0.0166835784912109 -0.0128612518310547 0.053009033203125 0.46795654296875
-0.00318408012390137 0.00427389144897461 -0.255218505859375 0.30889892578125
0.00856971740722656 0.0125532150268555 -0.0125808715820313 0.0528106689453125
0.0041043758392334 -0.00360822677612305 0.351165771484375 -0.224700927734375
-0.00145864486694336 -0.00623607635498047 0.0812683105468751 -0.517791748046875
0.00258111953735352 0.00124287605285645 -0.35736083984375 -0.25506591796875
0.0184459686279297 0.00658988952636719 -0.3134765625 0.13336181640625
0.0146465301513672 0.00654125213623047 -0.093170166015625 0.239761352539063
-0.00214195251464844 -0.0109357833862305 0.1016845703125 0.146820068359375
0.0111980438232422 -0.00742435455322266 0.142120361328125 0.007049560546875
0.0156726837158203 0.0138006210327148 -0.141769409179688 -0.0338592529296875
0.0119447708129883 -0.00205039978027344 -0.0709381103515625 -0.164260864257812
0.00646591186523438 0.00595331192016602 0.123306274414062 -0.234542846679688
-0.00235462188720703 0.0121231079101563 0.34918212890625 -0.108184814453125
-0.0150365829467773 -0.00649070739746094 0.319061279296875 0.2608642578125
-0.00242233276367188 -0.0340824127197266 -0.04266357421875 0.473388671875
0.040130615234375 -0.0089111328125 -0.283538818359375 0.250152587890625
0.0619926452636719 0.0134124755859375 0.0367317199707031 0.0241432189941406
0.0400543212890625 -0.0171775817871094 0.324676513671875 -0.292083740234375
0.0043182373046875 -0.0244464874267578 -0.019134521484375 -0.51885986328125
-0.0159139633178711 -0.00634765625 -0.3887939453125 -0.180633544921875
-0.00474929809570312 0.00943374633789063 -0.269577026367188 0.185516357421875
0.00630331039428711 0.00508689880371094 -0.0445556640625 0.254638671875
0.00574684143066406 -0.00298261642456055 0.118988037109375 0.140609741210938
0.0177993774414063 0.0117168426513672 0.147903442382813 0.000289916992187501
0.0143957138061523 0.0105991363525391 -0.1409912109375 -0.031158447265625
0.0096578598022461 -0.00117588043212891 -0.073822021484375 -0.1614990234375
0.00769567489624023 0.00691652297973633 0.115829467773438 -0.23687744140625
0.000303268432617187 0.0122385025024414 0.34375 -0.119964599609375
-0.0140600204467773 -0.00756359100341797 0.328460693359375 0.246856689453125
-0.00408554077148438 -0.0386314392089844 -0.025238037109375 0.47125244140625
0.0422554016113281 -0.0147819519042969 -0.28363037109375 0.259490966796875
0.0679740905761719 0.0097808837890625 0.0207805633544922 0.0279426574707031
0.044158935546875 -0.0214920043945313 0.32586669921875 -0.280548095703125
0.00520706176757813 -0.029052734375 -0.00268554687500006 -0.5211181640625
-0.0157852172851563 -0.0091238021850586 -0.386016845703125 -0.19635009765625
-0.00321769714355469 0.00945949554443359 -0.277725219726562 0.1776123046875
0.0070805549621582 0.00683164596557617 -0.0516357421875 0.25604248046875
0.00397729873657227 -0.00189614295959473 0.1171875 0.145309448242188
0.0167865753173828 0.00911045074462891 0.148147583007813 0.0042877197265625
0.0136308670043945 0.00676345825195312 -0.140380859375 -0.0284576416015625
0.00707197189331055 -0.00180912017822266 -0.0776519775390625 -0.158340454101563
0.0092020034790039 0.0074920654296875 0.106307983398437 -0.238265991210938
0.00474452972412109 0.0124855041503906 0.3365478515625 -0.132354736328125
-0.0119199752807617 -0.00721263885498047 0.3365478515625 0.23040771484375
-0.00606918334960938 -0.0396080017089844 -0.00418090820312505 0.470123291015625
0.0401649475097656 -0.0187873840332031 -0.280654907226563 0.272628784179688
0.0676155090332031 0.006805419921875 0.00475692749023438 0.0331535339355469
0.0451431274414063 -0.0231399536132813 0.328399658203125 -0.2662353515625
0.00627517700195312 -0.0316619873046875 0.018402099609375 -0.522552490234375
-0.0134458541870117 -0.010533332824707 -0.379302978515625 -0.215057373046875
4.95910644531253E-05 0.0088653564453125 -0.286102294921875 0.166900634765625
0.00780391693115234 0.00895881652832031 -0.0601654052734375 0.255630493164063
0.0023496150970459 -0.00152373313903809 0.113525390625 0.14947509765625
0.0153970718383789 0.00467967987060547 0.147796630859375 0.00787353515625
0.0114507675170898 0.00301361083984375 -0.140655517578125 -0.02557373046875
0.00498533248901367 -0.0029449462890625 -0.0811614990234375 -0.155227661132813
0.0110073089599609 0.00742149353027344 0.0963287353515625 -0.239776611328125
0.0103158950805664 0.0127935409545898 0.3267822265625 -0.145416259765625
-0.00888633728027344 -0.00510501861572266 0.344451904296875 0.213653564453125
-0.00942230224609375 -0.0379981994628906 0.015472412109375 0.4676513671875
0.0331268310546875 -0.0189208984375 -0.27606201171875 0.28521728515625
0.0613822937011719 0.00570297241210938 -0.00925064086914062 0.0386276245117188
0.0417594909667969 -0.0222549438476563 0.333343505859375 -0.24969482421875
0.00707817077636719 -0.0300807952880859 0.040679931640625 -0.5228271484375
-0.00966739654541016 -0.0109567642211914 -0.3717041015625 -0.23358154296875
0.00469875335693359 0.00827217102050781 -0.296112060546875 0.1552734375
0.00985527038574219 0.00913333892822266 -0.07061767578125 0.253509521484375
0.000225782394409179 -0.00350522994995117 0.110885620117187 0.151809692382813
0.013981819152832 0.00111865997314453 0.147476196289063 0.0098724365234375
0.0100364685058594 0.000158309936523437 -0.14166259765625 -0.023345947265625
0.00273704528808594 -0.00530195236206055 -0.08477783203125 -0.15423583984375
0.013148307800293 0.00705528259277344 0.0872039794921875 -0.24188232421875
0.015040397644043 0.0122299194335938 0.318084716796875 -0.15447998046875
-0.0054478645324707 -0.00337934494018555 0.3499755859375 0.20013427734375
-0.0118980407714844 -0.0334682464599609 0.03387451171875 0.467529296875
0.0240230560302734 -0.016510009765625 -0.271209716796875 0.2957763671875
0.0508918762207031 0.00521087646484375 -0.0200614929199219 0.0444679260253906
0.035430908203125 -0.0191307067871094 0.3406982421875 -0.23516845703125
0.00570106506347657 -0.0261383056640625 0.061920166015625 -0.521148681640625
-0.00582981109619141 -0.00978279113769531 -0.365447998046875 -0.2486572265625
0.00987720489501953 0.00800228118896484 -0.305023193359375 0.143798828125
0.0116605758666992 0.0100870132446289 -0.08056640625 0.250900268554688
-0.00139355659484863 -0.00432705879211426 0.107147216796875 0.1533203125
0.0128536224365234 -0.00308704376220703 0.147171020507813 0.011749267578125
0.00926685333251953 -0.00154495239257813 -0.143600463867188 -0.021270751953125
0.00141572952270508 -0.00757980346679687 -0.0877685546875 -0.153518676757813
0.014613151550293 0.00536727905273438 0.07928466796875 -0.24395751953125
0.0200443267822266 0.0116233825683594 0.311920166015625 -0.16217041015625
-0.000953853130340576 -0.000249087810516357 0.353729248046875 0.191131591796875
-0.0146884918212891 -0.0269908905029297 0.045074462890625 0.466156005859375
0.0134592056274414 -0.0103664398193359 -0.266815185546875 0.305328369140625
0.0369644165039062 0.00726318359375 -0.0239067077636719 0.0495071411132813
0.0246009826660156 -0.0137596130371094 0.34539794921875 -0.223846435546875
0.00417709350585938 -0.0202217102050781 0.079925537109375 -0.519866943359375
-0.0020294189453125 -0.00696086883544922 -0.359405517578125 -0.2593994140625
0.0140886306762695 0.00741863250732422 -0.312103271484375 0.134857177734375
0.0131969451904297 0.00976753234863281 -0.0889129638671875 0.24627685546875
-0.00162267684936523 -0.00717830657958984 0.104446411132813 0.15325927734375
0.0120677947998047 -0.00587177276611328 0.146148681640625 0.01177978515625
0.00927162170410156 -0.00199413299560547 -0.144607543945313 -0.02099609375
0.00116825103759766 -0.00999641418457031 -0.0887451171875 -0.154983520507813
0.0158014297485352 0.00414466857910156 0.0751953125 -0.244766235351563
0.0240058898925781 0.0108184814453125 0.308074951171875 -0.1639404296875
0.00172281265258789 0.00231719017028809 0.35400390625 0.188507080078125
-0.0162010192871094 -0.0195426940917969 0.0491943359375 0.46746826171875
0.00447607040405273 -0.00338602066040039 -0.2615966796875 0.309173583984375
0.0218067169189453 0.00897789001464844 -0.0214157104492188 0.0524215698242188
0.014556884765625 -0.00878334045410156 0.350921630859375 -0.22021484375
0.000865936279296874 -0.0132970809936523 0.0867919921875 -0.51904296875
0.000364303588867188 -0.0021979808807373 -0.357940673828125 -0.262725830078125
0.017791748046875 0.007232666015625 -0.315521240234375 0.13140869140625
0.0143527984619141 0.00847721099853516 -0.0937347412109375 0.243011474609375
-0.00253772735595703 -0.00933361053466797 0.102737426757813 0.149856567382813
0.0118026733398438 -0.00753021240234375 0.145553588867188 0.0098114013671875
0.00914955139160156 -0.00155448913574219 -0.14544677734375 -0.0212249755859375
0.00189208984375 -0.0116872787475586 -0.08941650390625 -0.157623291015625
0.0165109634399414 0.00122165679931641 0.0710906982421875 -0.248123168945313
0.0255203247070313 0.0105342864990234 0.305572509765625 -0.166778564453125
0.00399017333984375 0.00451135635375977 0.356842041015625 0.1868896484375
-0.0170812606811523 -0.0130491256713867 0.055877685546875 0.470550537109375
-0.00323796272277832 0.00396490097045898 -0.253814697265625 0.31298828125
0.00842761993408203 0.012333869934082 -0.0120201110839844 0.0533447265625
0.00443363189697266 -0.00288152694702148 0.352447509765625 -0.228485107421875
-0.00139284133911133 -0.0058903694152832 0.077606201171875 -0.520233154296875
0.001792311668396 0.000978231430053711 -0.36273193359375 -0.254669189453125
0.0190296173095703 0.00618171691894531 -0.315155029296875 0.13787841796875
0.0146627426147461 0.00662803649902344 -0.0911712646484375 0.241729736328125
-0.00246047973632812 -0.0105257034301758 0.104461669921875 0.145980834960938
0.0113115310668945 -0.00774192810058594 0.144210815429688 0.0063018798828125
0.0165023803710938 0.0131635665893555 -0.14300537109375 -0.0321197509765625
0.0115795135498047 -0.00223445892333984 -0.073974609375 -0.164779663085938
0.00614500045776367 0.0057220458984375 0.12103271484375 -0.237701416015625
-0.002716064453125 0.0115852355957031 0.35076904296875 -0.11334228515625
-0.0162076950073242 -0.00671005249023438 0.323211669921875 0.2606201171875
-0.00244903564453125 -0.0339775085449219 -0.0382080078125 0.47613525390625
0.0404624938964844 -0.00923538208007812 -0.2833251953125 0.2545166015625
0.0616798400878906 0.0125808715820313 0.036834716796875 0.0242462158203125
0.0406875610351563 -0.0169181823730469 0.324462890625 -0.29681396484375
0.00354766845703125 -0.0245895385742188 -0.0234375 -0.522613525390625
-0.0164098739624023 -0.00578212738037109 -0.392913818359375 -0.178466796875
-0.00454807281494141 0.00993537902832031 -0.269149780273438 0.189468383789063
0.00630998611450195 0.00504922866821289 -0.04156494140625 0.257003784179687
0.005767822265625 -0.00206613540649414 0.121932983398438 0.1396484375
0.0181064605712891 0.0108013153076172 0.149215698242188 -0.0016326904296875
0.0152463912963867 0.0101814270019531 -0.143142700195312 -0.029571533203125
0.00979328155517578 -0.00107860565185547 -0.0773468017578125 -0.162155151367188
0.00762176513671875 0.00744724273681641 0.113616943359375 -0.239639282226563
0.000582695007324218 0.01226806640625 0.344696044921875 -0.124542236328125
-0.0150051116943359 -0.00761985778808594 0.332489013671875 0.2452392578125
-0.00413894653320313 -0.0385055541992188 -0.022430419921875 0.474090576171875
0.0425224304199219 -0.0148696899414063 -0.28375244140625 0.264801025390625
0.0681495666503906 0.00892257690429688 0.0212192535400391 0.0277462005615234
0.0443954467773438 -0.0216865539550781 0.325103759765625 -0.28485107421875
0.00527763366699219 -0.0291233062744141 -0.00778198242187504 -0.52532958984375
-0.0157575607299805 -0.00872802734375 -0.38934326171875 -0.194000244140625
-0.00281047821044922 0.00938224792480469 -0.277603149414063 0.181915283203125
0.00662946701049805 0.0067286491394043 -0.0493316650390625 0.258880615234375
0.003936767578125 -0.00152873992919922 0.119705200195313 0.144866943359375
0.017064094543457 0.00817298889160156 0.149734497070313 0.0022125244140625
0.0141515731811523 0.00585746765136719 -0.142120361328125 -0.0275726318359375
0.00740718841552734 -0.00188589096069336 -0.0798187255859375 -0.158615112304688
0.0100889205932617 0.00788497924804688 0.1043701171875 -0.24169921875
0.00451850891113281 0.012237548828125 0.337188720703125 -0.1370849609375
-0.0123939514160156 -0.00755500793457031 0.341094970703125 0.229034423828125
-0.00615692138671875 -0.0388259887695313 -0.000396728515625049 0.473907470703125
0.0398025512695313 -0.0195159912109375 -0.280029296875 0.27764892578125
0.0686264038085938 0.00647354125976562 0.00499153137207032 0.0330238342285156
0.0451622009277344 -0.0230064392089844 0.32940673828125 -0.27117919921875
0.00650978088378906 -0.0312538146972656 0.013092041015625 -0.526702880859375
-0.0136337280273438 -0.0107250213623047 -0.383514404296875 -0.21380615234375
0.000324249267578125 0.00883007049560547 -0.28643798828125 0.170684814453125
0.00862836837768555 0.00844764709472656 -0.057769775390625 0.258132934570313
0.0018157958984375 -0.00198173522949219 0.11651611328125 0.148727416992188
0.0159215927124023 0.00429058074951172 0.1494140625 0.006103515625
0.0118017196655273 0.00305271148681641 -0.143112182617187 -0.0240631103515625
0.00498056411743164 -0.00293588638305664 -0.0843048095703125 -0.155960083007812
0.0116939544677734 0.00777816772460938 0.0941162109375 -0.244110107421875
0.00986671447753906 0.01177978515625 0.32769775390625 -0.149566650390625
-0.009002685546875 -0.00576496124267578 0.3475341796875 0.212188720703125
-0.00918960571289062 -0.0380325317382813 0.019622802734375 0.4710693359375
0.0337886810302734 -0.0194606781005859 -0.276885986328125 0.2894287109375
0.0611457824707031 0.00506973266601563 -0.0096435546875 0.039642333984375
0.0417251586914063 -0.0230293273925781 0.33404541015625 -0.254486083984375
0.00620460510253906 -0.0300998687744141 0.035980224609375 -0.526885986328125
-0.01068115234375 -0.0112228393554687 -0.375946044921875 -0.23211669921875
0.00464200973510742 0.00795412063598633 -0.296539306640625 0.159332275390625
0.0103073120117188 0.00917911529541016 -0.0683441162109375 0.2562255859375
0.000613689422607422 -0.00286746025085449 0.11322021484375 0.151351928710937
0.0143270492553711 0.000757217407226563 0.149185180664063 0.0079498291015625
0.0104150772094727 -0.000111579895019531 -0.143173217773438 -0.0222320556640625
0.00305366516113281 -0.00503444671630859 -0.087890625 -0.154571533203125
0.0133399963378906 0.00644588470458984 0.083892822265625 -0.244720458984375
0.0151767730712891 0.0124855041503906 0.318939208984375 -0.16009521484375
-0.00563907623291016 -0.00351810455322266 0.35382080078125 0.197601318359375
-0.0124664306640625 -0.0333175659179688 0.035125732421875 0.470184326171875
0.024169921875 -0.0166072845458984 -0.2706298828125 0.30010986328125
0.0503196716308594 0.00497055053710937 -0.0196380615234375 0.0455665588378906
0.0344429016113281 -0.0192031860351563 0.340240478515625 -0.23895263671875
0.00594711303710938 -0.0258331298828125 0.058807373046875 -0.526458740234375
-0.00616931915283203 -0.00971126556396484 -0.370086669921875 -0.2459716796875
0.00975704193115234 0.00775527954101563 -0.305450439453125 0.147613525390625
0.0119857788085938 0.00914096832275391 -0.0780792236328125 0.252838134765625
-0.00133490562438965 -0.00435829162597656 0.110214233398437 0.153335571289063
0.0129680633544922 -0.00372505187988281 0.148529052734375 0.009185791015625
0.00976943969726563 -0.00176334381103516 -0.14495849609375 -0.0201873779296875
0.00153064727783203 -0.00696992874145508 -0.08984375 -0.1544189453125
0.0145425796508789 0.00524234771728516 0.07623291015625 -0.24627685546875
0.0198879241943359 0.0112056732177734 0.311370849609375 -0.165679931640625
-0.000813722610473633 -0.000576436519622803 0.35650634765625 0.189422607421875
-0.0145797729492188 -0.0270004272460938 0.04901123046875 0.467987060546875
0.0137310028076172 -0.0107183456420898 -0.265594482421875 0.30902099609375
0.0362892150878906 0.0067596435546875 -0.0246009826660156 0.0502738952636719
0.0246124267578125 -0.0145931243896484 0.346343994140625 -0.228240966796875
0.00379371643066406 -0.0204582214355469 0.0750732421875 -0.52325439453125
-0.00186061859130859 -0.0070805549621582 -0.36370849609375 -0.258697509765625
0.0142440795898438 0.006927490234375 -0.313201904296875 0.139373779296875
0.0138893127441406 0.00997447967529297 -0.0871124267578125 0.248886108398438
-0.00204658508300781 -0.0067906379699707 0.107711791992187 0.15301513671875
0.0117988586425781 -0.00686454772949219 0.147171020507813 0.01068115234375
0.00951194763183594 -0.00238990783691406 -0.145904541015625 -0.01971435546875
0.000918388366699219 -0.00961685180664062 -0.09100341796875 -0.156021118164063
0.0156927108764648 0.00379180908203125 0.0723724365234375 -0.248184204101563
0.0236015319824219 0.0105266571044922 0.308380126953125 -0.168243408203125
0.00162672996520996 0.00235986709594727 0.358306884765625 0.186676025390625
-0.0162162780761719 -0.0200386047363281 0.053375244140625 0.471527099609375
0.00478267669677734 -0.00306415557861328 -0.26220703125 0.31378173828125
0.021270751953125 0.00916099548339844 -0.0220260620117188 0.0533561706542969
0.0140447616577148 -0.00873184204101563 0.351104736328125 -0.2232666015625
0.00177478790283203 -0.0129709243774414 0.082427978515625 -0.523162841796875
0.000113010406494141 -0.00264692306518555 -0.362548828125 -0.261322021484375
0.0178108215332031 0.006500244140625 -0.3179931640625 0.135467529296875
0.0146369934082031 0.00850677490234375 -0.0922393798828125 0.246261596679687
-0.00198459625244141 -0.008697509765625 0.105087280273437 0.150299072265625
0.0116548538208008 -0.00760078430175781 0.146041870117188 0.0087127685546875
0.00999164581298828 -0.00240135192871094 -0.146621704101563 -0.0201568603515625
0.00248622894287109 -0.0112438201904297 -0.09228515625 -0.157516479492188
0.0158185958862305 0.00133705139160156 0.0681915283203125 -0.250625610351563
0.025299072265625 0.0099029541015625 0.30487060546875 -0.17144775390625
0.00385308265686035 0.00433826446533203 0.35992431640625 0.184814453125
-0.0179615020751953 -0.0123424530029297 0.059844970703125 0.4732666015625
-0.003173828125 0.00409126281738281 -0.2535400390625 0.317169189453125
0.00888252258300781 0.0126943588256836 -0.0117835998535156 0.0535964965820313
0.00475502014160156 -0.00228452682495117 0.352569580078125 -0.233001708984375
-0.00204896926879883 -0.00576257705688477 0.07373046875 -0.52508544921875
0.00199902057647705 0.0017540454864502 -0.368408203125 -0.2532958984375
0.0189552307128906 0.00537109375 -0.3160400390625 0.142974853515625
0.0153512954711914 0.00610828399658203 -0.0893096923828125 0.244094848632813
-0.0021820068359375 -0.0106134414672852 0.10693359375 0.1456298828125
0.0116453170776367 -0.00838279724121094 0.145370483398438 0.00469970703125
0.0170555114746094 0.0127553939819336 -0.145187377929688 -0.0308074951171875
0.011469841003418 -0.0016937255859375 -0.0767364501953125 -0.164840698242187
0.00667238235473633 0.00599384307861328 0.119003295898438 -0.24066162109375
-0.00260639190673828 0.0120964050292969 0.35107421875 -0.1175537109375
-0.0156974792480469 -0.00627613067626953 0.327850341796875 0.2576904296875
-0.00284385681152344 -0.0342369079589844 -0.034149169921875 0.4796142578125
0.040771484375 -0.010009765625 -0.28216552734375 0.258544921875
0.0623016357421875 0.012237548828125 0.0367317199707031 0.0240287780761719
0.0401420593261719 -0.0173301696777344 0.32366943359375 -0.301910400390625
0.00333404541015625 -0.0248928070068359 -0.0299987792968751 -0.525238037109375
-0.0171270370483398 -0.00570106506347656 -0.397705078125 -0.17498779296875
-0.00494670867919922 0.00974273681640625 -0.268783569335938 0.193527221679687
0.00534391403198242 0.00546026229858398 -0.039031982421875 0.2586669921875
0.00536775588989258 -0.00176763534545898 0.124443054199219 0.138542175292969
0.0184288024902344 0.0104236602783203 0.149627685546875 -0.0036163330078125
0.0153465270996094 0.00959300994873047 -0.143508911132813 -0.028045654296875
0.00975990295410156 -0.00171375274658203 -0.0796966552734375 -0.161239624023438
0.00757122039794922 0.00748109817504883 0.11114501953125 -0.242446899414062
0.000476837158203124 0.0121030807495117 0.34490966796875 -0.130157470703125
-0.0150299072265625 -0.00774765014648438 0.3365478515625 0.24322509765625
-0.00401687622070313 -0.0382652282714844 -0.0179443359375 0.4774169921875
0.0429458618164063 -0.0158500671386719 -0.2825927734375 0.26910400390625
0.0688972473144531 0.00857925415039063 0.0213718414306641 0.0278816223144531
0.0442352294921875 -0.0221595764160156 0.324554443359375 -0.2899169921875
0.00492286682128906 -0.0293045043945313 -0.0133056640625 -0.528900146484375
-0.0164346694946289 -0.00859355926513672 -0.394378662109375 -0.191009521484375
-0.00348377227783203 0.00936794281005859 -0.276168823242188 0.186279296875
0.00659418106079102 0.00717687606811523 -0.0454559326171875 0.260757446289063
0.00350832939147949 -0.00128912925720215 0.122283935546875 0.14349365234375
0.0179157257080078 0.00772285461425781 0.150802612304688 0.000457763671875
0.0144195556640625 0.00602149963378906 -0.143539428710938 -0.0257720947265625
0.00730085372924805 -0.00137233734130859 -0.0833587646484375 -0.15838623046875
0.00976085662841797 0.00860118865966797 0.100875854492187 -0.244720458984375
0.00439357757568359 0.0120887756347656 0.33782958984375 -0.14251708984375
-0.0133094787597656 -0.00710868835449219 0.34466552734375 0.225616455078125
-0.00645065307617187 -0.0396575927734375 0.00482177734374998 0.4754638671875
0.0400123596191406 -0.0200653076171875 -0.280242919921875 0.28216552734375
0.0687751770019531 0.00580215454101563 0.00446319580078126 0.0336990356445313
0.0450057983398438 -0.023590087890625 0.3280029296875 -0.27484130859375
0.00569915771484375 -0.0314216613769531 0.00695800781250005 -0.53021240234375
-0.0145759582519531 -0.0106773376464844 -0.387847900390625 -0.20916748046875
-0.000347137451171875 0.00874233245849609 -0.285980224609375 0.17572021484375
0.00814485549926758 0.00826835632324219 -0.054962158203125 0.261444091796875
0.00219869613647461 -0.0013582706451416 0.119552612304687 0.147415161132813
0.0160799026489258 0.00430965423583984 0.150146484375 0.003997802734375
0.0126171112060547 0.00240898132324219 -0.144699096679688 -0.0223236083984375
0.00445222854614258 -0.00317955017089844 -0.0874176025390625 -0.155441284179688
0.01116943359375 0.00778484344482422 0.091278076171875 -0.246307373046875
0.00997829437255859 0.0129528045654297 0.326812744140625 -0.15533447265625
-0.00952816009521484 -0.00578117370605469 0.35247802734375 0.208038330078125
-0.00882720947265625 -0.0373611450195313 0.023468017578125 0.473968505859375
0.0338325500488281 -0.0199794769287109 -0.27532958984375 0.2947998046875
0.0618400573730469 0.00472259521484375 -0.0100059509277344 0.0405349731445313
0.0418281555175781 -0.0234413146972656 0.333404541015625 -0.259490966796875
0.00680923461914063 -0.0306015014648438 0.03070068359375 -0.529815673828125
-0.0105562210083008 -0.0109758377075195 -0.381500244140625 -0.22845458984375
0.00488138198852539 0.00789165496826172 -0.296478271484375 0.16400146484375
0.00973701477050781 0.00950336456298828 -0.0652618408203125 0.258316040039063
-0.000181913375854492 -0.00246095657348633 0.116165161132813 0.151046752929688
0.0145797729492187 7.15255737304687E-05 0.150238037109375 0.0066986083984375
0.0114154815673828 -0.000629425048828125 -0.1451416015625 -0.02001953125
0.0027461051940918 -0.00443553924560547 -0.0908050537109375 -0.15399169921875
0.013096809387207 0.00744056701660156 0.0812225341796875 -0.247970581054688
0.0156326293945313 0.0114994049072266 0.319488525390625 -0.16448974609375
-0.00629425048828125 -0.00340557098388672 0.3585205078125 0.19525146484375
-0.0124626159667969 -0.0327548980712891 0.041961669921875 0.472564697265625
0.0241603851318359 -0.0167446136474609 -0.270233154296875 0.30450439453125
0.0507659912109375 0.00452423095703125 -0.0196800231933594 0.0455245971679688
0.0344791412353516 -0.0195751190185547 0.339111328125 -0.24444580078125
0.00633621215820313 -0.0265769958496094 0.05279541015625 -0.52960205078125
-0.00604820251464844 -0.00962257385253906 -0.374359130859375 -0.243194580078125
0.00958061218261719 0.00697231292724609 -0.305328369140625 0.152679443359375
0.0119848251342773 0.0103702545166016 -0.0748748779296875 0.255416870117188
-0.00160789489746094 -0.00450611114501953 0.112518310546875 0.151702880859375
0.0128631591796875 -0.00434112548828125 0.1495361328125 0.00860595703125
0.0100345611572266 -0.00272655487060547 -0.145919799804688 -0.0182037353515625
0.00150728225708008 -0.0068364143371582 -0.092926025390625 -0.153976440429688
0.0141544342041016 0.00529861450195313 0.0737762451171875 -0.249038696289063
0.020843505859375 0.0108890533447266 0.310943603515625 -0.171630859375
-0.00168979167938232 -0.00154793262481689 0.36041259765625 0.185211181640625
-0.0148868560791016 -0.0268650054931641 0.05389404296875 0.470428466796875
0.0137481689453125 -0.0110902786254883 -0.2642822265625 0.31329345703125
0.0366744995117188 0.00654220581054688 -0.0240592956542969 0.0504722595214844
0.0246906280517578 -0.0150909423828125 0.34552001953125 -0.232452392578125
0.00396156311035156 -0.0202369689941406 0.070220947265625 -0.527435302734375
-0.00275850296020508 -0.006988525390625 -0.3695068359375 -0.25543212890625
0.0139427185058594 0.00706005096435547 -0.31317138671875 0.143310546875
0.0134191513061523 0.00995540618896484 -0.0839691162109375 0.25128173828125
-0.00244283676147461 -0.0062403678894043 0.10986328125 0.1514892578125
0.0119838714599609 -0.00676918029785156 0.149215698242187 0.00927734375
0.00993156433105469 -0.00321102142333984 -0.147003173828125 -0.017730712890625
0.000783920288085937 -0.00885868072509766 -0.0946502685546875 -0.1552734375
0.0158653259277344 0.00300502777099609 0.06915283203125 -0.250442504882813
0.0240573883056641 0.010040283203125 0.308013916015625 -0.17364501953125
0.000972628593444824 0.00180220603942871 0.36083984375 0.1842041015625
-0.0166301727294922 -0.0197105407714844 0.05908203125 0.47320556640625
0.00472116470336914 -0.00349903106689453 -0.26043701171875 0.317962646484375
0.0217761993408203 0.00909233093261719 -0.0213241577148437 0.0538749694824219
0.0143375396728516 -0.00964641571044922 0.351409912109375 -0.228546142578125
0.00106716156005859 -0.0133914947509766 0.077606201171875 -0.527587890625
-0.00036931037902832 -0.00263357162475586 -0.3680419921875 -0.2586669921875
0.0184268951416016 0.00607872009277344 -0.31695556640625 0.140472412109375
0.0146608352661133 0.00865459442138672 -0.089202880859375 0.248001098632813
-0.00321865081787109 -0.00893878936767578 0.1082763671875 0.149444580078125
0.0115633010864258 -0.00812339782714844 0.146942138671875 0.00689697265625
0.0107574462890625 -0.00239181518554688 -0.148544311523438 -0.0176849365234375
0.001953125 -0.0116977691650391 -0.094818115234375 -0.157363891601563
0.0163755416870117 0.00112056732177734 0.0651092529296875 -0.253280639648438
0.0247688293457031 0.00934219360351563 0.3050537109375 -0.176605224609375
0.0029444694519043 0.00465631484985352 0.363494873046875 0.181365966796875
-0.01739501953125 -0.0119571685791016 0.064239501953125 0.475128173828125
-0.00261640548706055 0.00428986549377441 -0.251953125 0.32171630859375
0.00817680358886719 0.0122108459472656 -0.012451171875 0.0546722412109375
0.0047001838684082 -0.00306272506713867 0.35321044921875 -0.23760986328125
-0.00151395797729492 -0.00589179992675781 0.069610595703125 -0.528656005859375
0.00139164924621582 0.000946283340454102 -0.373504638671875 -0.2493896484375
0.0189132690429688 0.00594902038574219 -0.3157958984375 0.147064208984375
0.0152807235717773 0.00653076171875 -0.0867156982421875 0.246658325195312
-0.00269222259521484 -0.0111150741577148 0.109771728515625 0.144821166992188
0.0117549896240234 -0.00891494750976562 0.146331787109375 0.0036773681640625
0.0175447463989258 0.0124015808105469 -0.14642333984375 -0.028656005859375
0.0109214782714844 -0.00225257873535156 -0.079803466796875 -0.165191650390625
0.00656843185424805 0.00631237030029297 0.11505126953125 -0.243896484375
-0.00232028961181641 0.0122499465942383 0.349700927734375 -0.12335205078125
-0.0173196792602539 -0.00688934326171875 0.332244873046875 0.25439453125
-0.00310134887695312 -0.0345058441162109 -0.02838134765625 0.481842041015625
0.04095458984375 -0.0103759765625 -0.280014038085937 0.26287841796875
0.0630569458007813 0.0110664367675781 0.036651611328125 0.0237388610839844
0.0399093627929688 -0.0180130004882813 0.321685791015625 -0.305999755859375
0.00330543518066406 -0.0246105194091797 -0.0364990234374999 -0.526611328125
-0.0172090530395508 -0.00496768951416016 -0.401947021484375 -0.169921875
-0.00512409210205078 0.00951004028320313 -0.267791748046875 0.198623657226563
0.00566387176513672 0.00526142120361328 -0.0352783203125 0.2611083984375
0.00569915771484375 -0.00191402435302734 0.126655578613281 0.137245178222656
0.0190525054931641 0.0103130340576172 0.151260375976562 -0.0055084228515625
0.0160808563232422 0.00908184051513672 -0.145492553710938 -0.0255889892578125
0.00940418243408203 -0.000891685485839844 -0.082855224609375 -0.161346435546875
0.00816154479980469 0.00795793533325195 0.107070922851563 -0.246231079101563
6.77108764648432E-05 0.0124874114990234 0.34454345703125 -0.135833740234375
-0.0159749984741211 -0.00803470611572266 0.341339111328125 0.23944091796875
-0.00423049926757812 -0.0389556884765625 -0.01153564453125 0.480682373046875
0.0425796508789063 -0.0168914794921875 -0.280380249023438 0.272506713867188
0.0689430236816406 0.007537841796875 0.0213756561279297 0.0278091430664063
0.0439834594726563 -0.0227813720703125 0.32196044921875 -0.294342041015625
0.00448036193847656 -0.029083251953125 -0.02154541015625 -0.531402587890625
-0.0171966552734375 -0.00837802886962891 -0.3973388671875 -0.187591552734375
-0.00325679779052734 0.00942325592041015 -0.275100708007813 0.190673828125
0.00675010681152344 0.00693607330322266 -0.0419769287109375 0.262039184570313
0.00377297401428223 -0.00125956535339355 0.125946044921875 0.142547607421875
0.0177402496337891 0.00782012939453125 0.151626586914062 -0.0013275146484375
0.0145492553710937 0.00591659545898438 -0.145843505859375 -0.0231475830078125
0.00722122192382813 -0.00132179260253906 -0.0863189697265624 -0.15740966796875
0.00973796844482422 0.00852394104003906 0.0981903076171875 -0.24713134765625
0.003875732421875 0.0123462677001953 0.335845947265625 -0.147552490234375
-0.013209342956543 -0.00762844085693359 0.34906005859375 0.22259521484375
-0.0074005126953125 -0.0396499633789062 0.00952148437500004 0.477508544921875
0.0402412414550781 -0.0203132629394531 -0.27752685546875 0.28607177734375
0.0690383911132813 0.00432968139648438 0.00481414794921875 0.0339813232421875
0.04510498046875 -0.0237655639648437 0.325653076171875 -0.2789306640625
0.00577545166015625 -0.03143310546875 0.000732421874999968 -0.5335693359375
-0.0145158767700195 -0.0103387832641602 -0.39202880859375 -0.206329345703125
0.000485420227050782 0.00843715667724609 -0.283935546875 0.17987060546875
0.00849533081054688 0.00865936279296875 -0.0509490966796875 0.26190185546875
0.00192141532897949 -0.00148725509643555 0.122329711914063 0.146087646484375
0.0159425735473633 0.00386619567871094 0.151779174804687 0.0021820068359375
0.0129261016845703 0.00254726409912109 -0.14617919921875 -0.0202789306640625
0.00490808486938476 -0.00262880325317383 -0.0901641845703125 -0.155029296875
0.0114870071411133 0.00791454315185547 0.0874786376953125 -0.248748779296875
0.00994873046875 0.0116748809814453 0.32666015625 -0.16033935546875
-0.0106229782104492 -0.00582790374755859 0.355560302734375 0.20465087890625
-0.0104522705078125 -0.0383071899414063 0.028961181640625 0.476318359375
0.0334873199462891 -0.0209026336669922 -0.272308349609375 0.298736572265625
0.0621757507324219 0.00376510620117188 -0.00943756103515625 0.0404319763183594
0.0414199829101563 -0.0234146118164063 0.33123779296875 -0.26373291015625
0.005950927734375 -0.0301952362060547 0.0250244140625 -0.532379150390625
-0.0105514526367188 -0.0109643936157227 -0.385498046875 -0.224700927734375
0.00453090667724609 0.0080718994140625 -0.2950439453125 0.16876220703125
0.00974750518798828 0.00973033905029297 -0.062255859375 0.260910034179688
7.96318054199219E-05 -0.00222182273864746 0.119125366210938 0.149078369140625
0.0145540237426758 -0.000225067138671875 0.15106201171875 0.0043182373046875
0.0123062133789063 -0.00110721588134766 -0.146286010742188 -0.018157958984375
0.00260257720947266 -0.00446891784667969 -0.0935516357421875 -0.153091430664063
0.0137748718261719 0.00706958770751953 0.07733154296875 -0.250778198242188
0.0152797698974609 0.0110836029052734 0.317108154296875 -0.17022705078125
-0.00642013549804688 -0.00334596633911133 0.36102294921875 0.19134521484375
-0.0127525329589844 -0.0330219268798828 0.046356201171875 0.4742431640625
0.0242195129394531 -0.0168895721435547 -0.267303466796875 0.309478759765625
0.05120849609375 0.00377655029296875 -0.0193328857421875 0.0464096069335938
0.0342998504638672 -0.0197315216064453 0.33740234375 -0.249176025390625
0.005279541015625 -0.0263137817382813 0.04656982421875 -0.53173828125
-0.00628376007080078 -0.00935745239257813 -0.37738037109375 -0.240020751953125
0.00982570648193359 0.00719928741455078 -0.30609130859375 0.15771484375
0.0121574401855469 0.009918212890625 -0.0721893310546875 0.25762939453125
-0.00117087364196777 -0.00407862663269043 0.115386962890625 0.150588989257812
0.0131168365478516 -0.00425243377685547 0.150848388671875 0.006134033203125
0.0100469589233398 -0.00257587432861328 -0.147140502929688 -0.0162353515625
0.00160789489746094 -0.00659513473510742 -0.095611572265625 -0.153213500976563
0.0150537490844727 0.00537586212158203 0.069671630859375 -0.25115966796875
0.0207195281982422 0.0104141235351563 0.30938720703125 -0.17572021484375
-0.00214624404907227 -0.00157010555267334 0.364227294921875 0.182525634765625
-0.0156230926513672 -0.0267086029052734 0.058807373046875 0.4722900390625
0.0136632919311523 -0.0113620758056641 -0.26104736328125 0.318450927734375
0.0364189147949219 0.00582122802734375 -0.0234146118164062 0.0514106750488281
0.0247936248779297 -0.0152778625488281 0.343841552734375 -0.2371826171875
0.00321197509765625 -0.0204544067382813 0.06475830078125 -0.530426025390625
-0.00321388244628906 -0.00661659240722656 -0.3729248046875 -0.2518310546875
0.0141077041625977 0.00618362426757813 -0.312530517578125 0.148895263671875
0.0138339996337891 0.00963497161865234 -0.081298828125 0.254226684570313
-0.0027308464050293 -0.00602149963378906 0.11297607421875 0.151016235351563
0.0120086669921875 -0.00717544555664062 0.149566650390625 0.0065765380859375
0.0101938247680664 -0.00274276733398437 -0.1494140625 -0.0161590576171875
0.000935554504394531 -0.00920963287353516 -0.0975341796875 -0.154327392578125
0.0162668228149414 0.00325107574462891 0.0656585693359375 -0.252838134765625
0.0241069793701172 0.0102710723876953 0.30657958984375 -0.178558349609375
0.000823974609375 0.00148892402648926 0.364288330078125 0.180450439453125
-0.0166797637939453 -0.0192794799804688 0.06396484375 0.47381591796875
0.00467538833618164 -0.00406217575073242 -0.256439208984375 0.322418212890625
0.0216865539550781 0.00928115844726563 -0.0214157104492188 0.0541725158691406
0.0136661529541016 -0.0091400146484375 0.3494873046875 -0.23406982421875
0.000633239746093749 -0.0132637023925781 0.07025146484375 -0.5308837890625
-0.000372648239135742 -0.00302743911743164 -0.37298583984375 -0.25518798828125
0.0177497863769531 0.00561714172363281 -0.3167724609375 0.145965576171875
0.015446662902832 0.00868988037109375 -0.0864410400390625 0.25048828125
-0.00319957733154297 -0.00794839859008789 0.1107177734375 0.148040771484375
0.012181282043457 -0.00889682769775391 0.147903442382813 0.0046844482421875
0.0103302001953125 -0.00306892395019531 -0.149627685546875 -0.015716552734375
0.00131893157958984 -0.0114984512329102 -0.0984344482421875 -0.156341552734375
0.0165319442749023 0.000945091247558594 0.061248779296875 -0.255813598632813
0.0254917144775391 0.00917625427246094 0.303131103515625 -0.182220458984375
0.00286865234375 0.00464725494384766 0.366973876953125 0.178436279296875
-0.0183048248291016 -0.0118770599365234 0.070587158203125 0.47686767578125
-0.00287151336669922 0.00409579277038574 -0.249053955078125 0.325531005859375
0.00837421417236328 0.0122337341308594 -0.0116233825683594 0.0541801452636719
0.0043642520904541 -0.00262451171875 0.35150146484375 -0.24322509765625
-0.00142526626586914 -0.00557184219360351 0.0626220703125 -0.531524658203125
0.0015488862991333 0.000913262367248535 -0.378082275390625 -0.245208740234375
0.0191860198974609 0.005157470703125 -0.314971923828125 0.15277099609375
0.0159902572631836 0.00630855560302734 -0.0835723876953125 0.249496459960938
-0.00282192230224609 -0.0106716156005859 0.112777709960937 0.143447875976563
0.0106925964355469 -0.00975227355957031 0.147705078125 0.0016937255859375
0.0177783966064453 0.0115528106689453 -0.1478271484375 -0.026885986328125
0.010981559753418 -0.00245857238769531 -0.0835418701171875 -0.163619995117188
0.00629854202270508 0.00580263137817383 0.110748291015625 -0.246383666992188
-0.00310230255126953 0.011876106262207 0.348846435546875 -0.1292724609375
-0.0172348022460938 -0.00616264343261719 0.3355712890625 0.250396728515625
-0.00342750549316406 -0.0341243743896484 -0.02264404296875 0.484039306640625
0.0404243469238281 -0.0106964111328125 -0.27801513671875 0.266189575195313
0.0631065368652344 0.010589599609375 0.0366134643554688 0.0238876342773438
0.0398979187011719 -0.0184249877929688 0.31787109375 -0.310943603515625
0.00337600708007812 -0.0241241455078125 -0.044036865234375 -0.5279541015625
-0.0175647735595703 -0.00522804260253906 -0.40435791015625 -0.16552734375
-0.00507354736328125 0.00984287261962891 -0.264556884765625 0.203125
0.00599861145019531 0.00505638122558594 -0.032012939453125 0.261871337890625
0.00537776947021484 -0.0015568733215332 0.129707336425781 0.135261535644531
0.0191307067871094 0.00973320007324219 0.15142822265625 -0.0072174072265625
0.0167121887207031 0.00895023345947266 -0.147003173828125 -0.0239105224609375
0.00929737091064453 -0.00104904174804688 -0.0865631103515625 -0.159957885742188
0.00843906402587891 0.00758028030395508 0.10418701171875 -0.24786376953125
0.000102996826171874 0.0117673873901367 0.342071533203125 -0.14117431640625
-0.0159502029418945 -0.00797748565673828 0.3448486328125 0.23541259765625
-0.0048675537109375 -0.0384559631347656 -0.00567626953124999 0.48089599609375
0.0429649353027344 -0.0171089172363281 -0.278289794921875 0.277145385742188
0.0688743591308594 0.00725555419921875 0.0218925476074219 0.0284614562988281
0.0441741943359375 -0.0228538513183594 0.3189697265625 -0.299102783203125
0.00453948974609375 -0.0290164947509766 -0.02825927734375 -0.53076171875
-0.0175676345825195 -0.00830841064453125 -0.400634765625 -0.181671142578125
-0.00310325622558594 0.009368896484375 -0.272994995117188 0.194976806640625
0.00742053985595703 0.00668764114379883 -0.0388336181640625 0.263015747070313
0.00369071960449219 -0.00106930732727051 0.127922058105469 0.140281677246094
0.0178756713867188 0.00721168518066406 0.152572631835937 -0.0039520263671875
0.0155000686645508 0.00524425506591797 -0.146347045898438 -0.0211944580078125
0.00743770599365234 -0.00139331817626953 -0.089691162109375 -0.156814575195313
0.00968265533447266 0.00774383544921875 0.09393310546875 -0.250213623046875
0.00460624694824219 0.0120134353637695 0.334136962890625 -0.15350341796875
-0.0139694213867188 -0.00748252868652344 0.351531982421875 0.217864990234375
-0.0073394775390625 -0.0396652221679688 0.016265869140625 0.477935791015625
0.0402297973632812 -0.0207405090332031 -0.274169921875 0.289520263671875
0.0686531066894531 0.00425338745117188 0.00495338439941407 0.0339775085449219
0.0448684692382813 -0.0246047973632813 0.323760986328125 -0.28448486328125
0.00551795959472656 -0.0313796997070313 -0.00582885742187506 -0.53228759765625
-0.0148563385009766 -0.00989723205566406 -0.39678955078125 -0.20013427734375
5.48362731933585E-05 0.00860738754272461 -0.28314208984375 0.1837158203125
0.00859832763671875 0.00864458084106445 -0.0475616455078125 0.263534545898438
0.00182080268859863 -0.000951528549194336 0.125167846679688 0.144744873046875
0.0166568756103516 0.00305366516113281 0.152420043945313 -0.0003204345703125
0.0133485794067383 0.00159072875976563 -0.147003173828125 -0.0177764892578125
0.00507974624633789 -0.0027012825012207 -0.0931854248046875 -0.153366088867187
0.0124826431274414 0.00764274597167969 0.082977294921875 -0.251129150390625
0.00998115539550781 0.0112934112548828 0.323944091796875 -0.165313720703125
-0.0109930038452148 -0.00597858428955078 0.359161376953125 0.19964599609375
-0.0105400085449219 -0.0381813049316406 0.03582763671875 0.47576904296875
0.0329513549804688 -0.0206680297851562 -0.26953125 0.30316162109375
0.0620498657226563 0.00247955322265625 -0.00959014892578124 0.0408477783203125
0.0413246154785156 -0.0237388610839844 0.3289794921875 -0.268157958984375
0.006195068359375 -0.0304450988769531 0.0181884765625 -0.53399658203125
-0.0106639862060547 -0.0109462738037109 -0.3892822265625 -0.2203369140625
0.00521945953369141 0.00833511352539063 -0.293212890625 0.173004150390625
0.01055908203125 0.00952720642089844 -0.057861328125 0.261245727539063
0.000603437423706055 -0.00171709060668945 0.121780395507813 0.147476196289063
0.014378547668457 -0.000605583190917969 0.152175903320313 0.00225830078125
0.0122461318969727 -0.000630378723144531 -0.147140502929688 -0.015716552734375
0.00310897827148438 -0.00478744506835938 -0.0959625244140625 -0.1524658203125
0.013493537902832 0.00699806213378906 0.0736236572265625 -0.251815795898437
0.0157890319824219 0.010624885559082 0.3148193359375 -0.1754150390625
-0.00699234008789063 -0.00371694564819336 0.364715576171875 0.185150146484375
-0.0127639770507812 -0.0328655242919922 0.05206298828125 0.4737548828125
0.0243339538574219 -0.0175895690917969 -0.263824462890625 0.31365966796875
0.050994873046875 0.00358200073242188 -0.0191078186035156 0.0474281311035156
0.03466796875 -0.0204868316650391 0.334930419921875 -0.252593994140625
0.00529098510742187 -0.0261497497558594 0.040069580078125 -0.5341796875
-0.00744438171386719 -0.0089263916015625 -0.38330078125 -0.23553466796875
0.00961685180664063 0.00685596466064453 -0.304107666015625 0.162628173828125
0.0123920440673828 0.0101985931396484 -0.0685577392578125 0.259521484375
-0.00154447555541992 -0.00348353385925293 0.117523193359375 0.14910888671875
0.0131320953369141 -0.00509357452392578 0.151519775390625 0.00457763671875
0.010746955871582 -0.0031280517578125 -0.148941040039063 -0.0142822265625
0.00166416168212891 -0.00684022903442383 -0.0995025634765625 -0.15185546875
0.0158157348632813 0.00507068634033203 0.06549072265625 -0.253250122070313
0.0202674865722656 0.00961494445800781 0.308197021484375 -0.181304931640625
-0.00275135040283203 -0.00119400024414063 0.365875244140625 0.176971435546875
-0.0156383514404297 -0.0262203216552734 0.064117431640625 0.472686767578125
0.0136566162109375 -0.0116662979125977 -0.25738525390625 0.321807861328125
0.036865234375 0.00567626953125 -0.023590087890625 0.0516242980957031
0.0243377685546875 -0.0152225494384766 0.342437744140625 -0.242095947265625
0.00306892395019531 -0.0200042724609375 0.058258056640625 -0.5322265625
-0.00358343124389648 -0.00655889511108398 -0.377838134765625 -0.24725341796875
0.0143136978149414 0.00629711151123047 -0.311431884765625 0.1536865234375
0.0140800476074219 0.0094289779663086 -0.0770721435546875 0.255447387695313
-0.00209808349609375 -0.00610494613647461 0.11492919921875 0.148529052734375
0.0123691558837891 -0.00801372528076172 0.150848388671875 0.0045166015625
0.0105180740356445 -0.00312709808349609 -0.149978637695313 -0.0131072998046875
0.00127887725830078 -0.00931262969970703 -0.100784301757812 -0.153030395507813
0.0158491134643555 0.00343990325927734 0.0611572265625 -0.254714965820313
0.0236129760742188 0.00931167602539063 0.304351806640625 -0.1834716796875
0.000760078430175781 0.00143992900848389 0.3662109375 0.1761474609375
-0.0167999267578125 -0.0189533233642578 0.0706787109375 0.4744873046875
0.00419235229492188 -0.00369358062744141 -0.253326416015625 0.325592041015625
0.0218753814697266 0.00886154174804688 -0.0210914611816406 0.0548782348632812
0.0136985778808594 -0.00854873657226563 0.347564697265625 -0.238311767578125
0.000521659851074219 -0.0126361846923828 0.0640869140624999 -0.532928466796875
-0.000208616256713867 -0.00259041786193848 -0.377532958984375 -0.250213623046875
0.0178356170654297 0.00544929504394531 -0.315826416015625 0.1510009765625
0.0154886245727539 0.00804328918457031 -0.082427978515625 0.252853393554688
-0.00339698791503906 -0.00772237777709961 0.113662719726563 0.146484375
0.0115766525268555 -0.00971317291259766 0.1492919921875 0.0030364990234375
0.011357307434082 -0.00399494171142578 -0.150009155273438 -0.0136871337890625
0.000753402709960938 -0.0110912322998047 -0.101028442382813 -0.155319213867188
0.016474723815918 0.000540733337402344 0.0576019287109375 -0.257431030273438
0.0255279541015625 0.00876617431640625 0.300811767578125 -0.186737060546875
0.00293684005737305 0.0037834644317627 0.369110107421875 0.17315673828125
-0.0180549621582031 -0.0116767883300781 0.07647705078125 0.477691650390625
-0.00288939476013184 0.00336122512817383 -0.24639892578125 0.32855224609375
0.00908374786376953 0.0124568939208984 -0.0113487243652344 0.0552635192871094
0.00449752807617188 -0.00269746780395508 0.3485107421875 -0.246673583984375
-0.00155115127563477 -0.00571346282958984 0.0557861328124999 -0.5335693359375
0.000845789909362793 0.00089186429977417 -0.381866455078125 -0.241363525390625
0.0189552307128906 0.00453567504882813 -0.313873291015625 0.157257080078125
0.0159997940063477 0.00612163543701172 -0.0800323486328125 0.251419067382813
-0.00318622589111328 -0.00943946838378906 0.11529541015625 0.141708374023438
0.0115480422973633 -0.00952816009521484 0.148025512695313 -0.000366210937500001
0.0184154510498047 0.0107288360595703 -0.148544311523438 -0.0243377685546875
0.0113544464111328 -0.00197982788085938 -0.086273193359375 -0.162460327148437
0.00683927536010742 0.00604009628295898 0.107406616210938 -0.249053955078125
-0.00256252288818359 0.0120372772216797 0.34686279296875 -0.13531494140625
-0.0176372528076172 -0.00649452209472657 0.337860107421875 0.246185302734375
-0.00386810302734375 -0.0336208343505859 -0.016448974609375 0.48516845703125
0.0398902893066406 -0.0117721557617188 -0.275436401367187 0.271636962890625
0.0629730224609375 0.0101165771484375 0.0369873046875 0.0237464904785156
0.0400581359863281 -0.0185737609863281 0.314422607421875 -0.31451416015625
0.003265380859375 -0.0245075225830078 -0.050201416015625 -0.5279541015625
-0.0173606872558594 -0.00502967834472656 -0.406829833984375 -0.160186767578125
-0.00513267517089844 0.00973987579345703 -0.262130737304687 0.20770263671875
0.00601434707641602 0.00538110733032227 -0.02728271484375 0.262710571289063
0.00553417205810547 -0.00165605545043945 0.132087707519531 0.13262939453125
0.0194892883300781 0.00921058654785156 0.15203857421875 -0.0095977783203125
0.0173044204711914 0.00858974456787109 -0.148117065429688 -0.0220947265625
0.00999736785888672 -0.00130081176757812 -0.089263916015625 -0.159042358398438
0.00817680358886719 0.00796365737915039 0.09918212890625 -0.250167846679688
-0.000117301940917969 0.0122966766357422 0.340576171875 -0.14691162109375
-0.0167417526245117 -0.0073089599609375 0.347412109375 0.230224609375
-0.00543594360351562 -0.0379867553710938 9.15527343750434E-05 0.482421875
0.0424003601074219 -0.0176658630371094 -0.2742919921875 0.279922485351562
0.0691299438476563 0.0059051513671875 0.0216293334960938 0.0280971527099609
0.044036865234375 -0.0232086181640625 0.31591796875 -0.303924560546875
0.00411605834960937 -0.0293788909912109 -0.0355224609375 -0.53106689453125
-0.0178718566894531 -0.00830078125 -0.404388427734375 -0.1763916015625
-0.00325965881347656 0.00956535339355469 -0.270233154296875 0.1995849609375
0.00690412521362305 0.00680923461914063 -0.0342864990234375 0.26416015625
0.00385856628417969 -0.000644207000732422 0.130226135253906 0.137992858886719
0.0186061859130859 0.00643730163574219 0.152633666992188 -0.0060882568359375
0.0151691436767578 0.00497055053710937 -0.147415161132813 -0.018524169921875
0.00653791427612305 -0.00172615051269531 -0.0924530029296875 -0.154739379882813
0.00995063781738281 0.00798892974853516 0.0898895263671875 -0.251693725585938
0.00501346588134766 0.0118074417114258 0.332275390625 -0.159271240234375
-0.0146598815917969 -0.00714397430419922 0.35382080078125 0.212738037109375
-0.00775909423828125 -0.0392379760742188 0.021026611328125 0.47943115234375
0.0393714904785156 -0.0215072631835937 -0.270599365234375 0.29388427734375
0.0689239501953125 0.00310134887695313 0.00568389892578126 0.0343647003173828
0.045013427734375 -0.0251846313476563 0.320037841796875 -0.28887939453125
0.00507354736328125 -0.0312767028808594 -0.013916015625 -0.533355712890625
-0.0152254104614258 -0.00997829437255859 -0.39910888671875 -0.195159912109375
-2.71797180175785E-05 0.0086827278137207 -0.27996826171875 0.189224243164062
0.00876331329345703 0.00836896896362305 -0.0433502197265625 0.264755249023438
0.0022270679473877 -0.000808238983154297 0.127349853515625 0.14190673828125
0.0166711807250977 0.00247859954833984 0.152923583984375 -0.0024871826171875
0.0134458541870117 0.00052642822265625 -0.1475830078125 -0.0154266357421875
0.00442075729370117 -0.00222969055175781 -0.0966339111328125 -0.152999877929688
0.0118951797485352 0.008087158203125 0.0790557861328125 -0.252670288085938
0.0106782913208008 0.011744499206543 0.321258544921875 -0.170867919921875
-0.0113887786865234 -0.00584602355957031 0.361663818359375 0.1953125
-0.0111160278320312 -0.0373001098632813 0.0418701171875 0.47564697265625
0.0325031280517578 -0.0218391418457031 -0.266510009765625 0.30584716796875
0.0623245239257813 0.00202178955078125 -0.00923156738281249 0.041412353515625
0.0409317016601563 -0.024200439453125 0.32489013671875 -0.271942138671875
0.00563812255859375 -0.0299530029296875 0.010986328125 -0.534454345703125
-0.0119543075561523 -0.0106983184814453 -0.392822265625 -0.21405029296875
0.00454425811767578 0.00742673873901367 -0.291046142578125 0.177764892578125
0.010380744934082 0.009246826171875 -0.0541534423828125 0.262939453125
0.000263810157775879 -0.00144970417022705 0.1239013671875 0.145233154296875
0.0152006149291992 -0.00148391723632812 0.153091430664063 0.00018310546875
0.0122661590576172 -0.00182819366455078 -0.1480712890625 -0.0132293701171875
0.00224494934082031 -0.00456142425537109 -0.099090576171875 -0.151611328125
0.0140209197998047 0.00604438781738281 0.068603515625 -0.253173828125
0.015965461730957 0.0113468170166016 0.312408447265625 -0.180267333984375
-0.00742053985595703 -0.00319766998291016 0.366119384765625 0.18157958984375
-0.0137691497802734 -0.0326557159423828 0.05792236328125 0.47393798828125
0.0239963531494141 -0.0185966491699219 -0.259552001953125 0.316192626953125
0.0513839721679688 0.0023345947265625 -0.0191001892089844 0.0474395751953125
0.0339202880859375 -0.0202808380126953 0.332122802734375 -0.257110595703125
0.00540542602539063 -0.0264034271240234 0.032379150390625 -0.53521728515625
-0.00772476196289063 -0.00918006896972656 -0.38702392578125 -0.22943115234375
0.00983905792236328 0.00640773773193359 -0.301666259765625 0.1678466796875
0.0126819610595703 0.00972938537597656 -0.064666748046875 0.260543823242188
-0.00150513648986816 -0.00318169593811035 0.12054443359375 0.147689819335938
0.0135507583618164 -0.00539875030517578 0.1510009765625 0.002197265625
0.0109844207763672 -0.00388813018798828 -0.150070190429688 -0.0113372802734375
0.000877857208251953 -0.00634288787841797 -0.101776123046875 -0.150344848632813
0.0157632827758789 0.00467491149902344 0.0612030029296875 -0.25506591796875
0.0207157135009766 0.00998687744140625 0.30450439453125 -0.186553955078125
-0.00289511680603027 -0.00143051147460938 0.36834716796875 0.171844482421875
-0.0155658721923828 -0.025665283203125 0.071136474609375 0.472198486328125
0.0142183303833008 -0.0117998123168945 -0.253570556640625 0.32525634765625
0.0369682312011719 0.0049591064453125 -0.0237197875976562 0.0526809692382812
0.0242710113525391 -0.0153579711914062 0.33856201171875 -0.246490478515625
0.0036773681640625 -0.0199604034423828 0.05047607421875 -0.533050537109375
-0.00403785705566406 -0.0066375732421875 -0.38177490234375 -0.24285888671875
0.0144233703613281 0.00544357299804688 -0.308929443359375 0.15887451171875
0.0142641067504883 0.0102634429931641 -0.0733642578125 0.257736206054688
-0.00267171859741211 -0.00560951232910156 0.118072509765625 0.146591186523438
0.0119800567626953 -0.0081787109375 0.151229858398438 0.0026702880859375
0.0112838745117187 -0.00404834747314453 -0.150665283203125 -0.0106658935546875
0.000535011291503907 -0.00908660888671875 -0.103591918945313 -0.151535034179688
0.0166416168212891 0.00347518920898437 0.056396484375 -0.255935668945313
0.0233936309814453 0.00935554504394531 0.301239013671875 -0.188232421875
0.000623464584350586 0.0015418529510498 0.3690185546875 0.171295166015625
-0.0170154571533203 -0.0190353393554688 0.077392578125 0.473846435546875
0.00452709197998047 -0.0044403076171875 -0.248992919921875 0.32867431640625
0.0216712951660156 0.00813674926757813 -0.020477294921875 0.0556564331054687
0.0140304565429688 -0.00825405120849609 0.343963623046875 -0.243927001953125
0.000723838806152344 -0.0126113891601563 0.05731201171875 -0.5338134765625
-0.00147628784179687 -0.00221061706542969 -0.3804931640625 -0.24591064453125
0.0175228118896484 0.00540733337402344 -0.313690185546875 0.155914306640625
0.0150861740112305 0.0084686279296875 -0.0787506103515625 0.25439453125
-0.00320005416870117 -0.00767946243286133 0.116561889648437 0.14410400390625
0.0113792419433594 -0.00981616973876953 0.1497802734375 0.0012664794921875
0.0110158920288086 -0.00371646881103516 -0.15167236328125 -0.01104736328125
0.00115680694580078 -0.0109386444091797 -0.10455322265625 -0.15380859375
0.0170707702636719 0.000459671020507813 0.0532073974609375 -0.258895874023438
0.0254287719726563 0.00760841369628906 0.298095703125 -0.1910400390625
0.0024421215057373 0.00395870208740234 0.371856689453125 0.168548583984375
-0.0176639556884766 -0.0116329193115234 0.08270263671875 0.47747802734375
-0.00257706642150879 0.00393199920654297 -0.24139404296875 0.33343505859375
0.00915813446044922 0.0119047164916992 -0.0107803344726562 0.0557746887207031
0.0044407844543457 -0.00288057327270508 0.345855712890625 -0.250946044921875
-0.00160455703735352 -0.00489664077758789 0.0484008789062501 -0.534820556640625
0.000789999961853027 0.00115180015563965 -0.385589599609375 -0.235504150390625
0.0189094543457031 0.00460624694824219 -0.312225341796875 0.162200927734375
0.0157499313354492 0.0058746337890625 -0.076690673828125 0.252960205078125
-0.00305080413818359 -0.00965118408203125 0.117233276367188 0.139823913574219
0.0117111206054688 -0.010380744934082 0.14886474609375 -0.00250244140625
0.0186920166015625 0.010955810546875 -0.14892578125 -0.0224609375
0.0112476348876953 -0.00265026092529297 -0.089385986328125 -0.160812377929687
0.00718927383422852 0.00622272491455078 0.102142333984375 -0.250030517578125
-0.00301551818847656 0.0117721557617188 0.3436279296875 -0.140106201171875
-0.0179290771484375 -0.006195068359375 0.340545654296875 0.239776611328125
-0.00404930114746094 -0.0338020324707031 -0.010955810546875 0.483062744140625
0.0408287048339844 -0.011932373046875 -0.271636962890625 0.27301025390625
0.0631866455078125 0.0090484619140625 0.0374641418457031 0.0234336853027344
0.0397300720214844 -0.0191268920898438 0.30975341796875 -0.317413330078125
0.00228500366210938 -0.0243091583251953 -0.057098388671875 -0.52630615234375
-0.0184059143066406 -0.00440216064453125 -0.408538818359375 -0.154205322265625
-0.00562286376953125 0.0100193023681641 -0.2587890625 0.21044921875
0.00578546524047851 0.00430536270141602 -0.0234375 0.262313842773438
0.00533676147460938 -0.00103139877319336 0.133750915527344 0.130348205566406
0.0197067260742187 0.00809478759765625 0.151718139648438 -0.0116729736328125
0.0174121856689453 0.00781726837158203 -0.147857666015625 -0.0188140869140625
0.00979042053222656 -0.0009613037109375 -0.0922393798828125 -0.15753173828125
0.00832319259643555 0.00707244873046875 0.0947723388671875 -0.251678466796875
-7.72476196289066E-05 0.0114221572875977 0.337646484375 -0.15130615234375
-0.0170316696166992 -0.00739765167236328 0.348236083984375 0.225738525390625
-0.00574111938476563 -0.03814697265625 0.00677490234375004 0.4813232421875
0.0421600341796875 -0.0187225341796875 -0.27081298828125 0.2828369140625
0.0690345764160156 0.00545120239257812 0.0219326019287109 0.0284500122070313
0.044586181640625 -0.0238609313964844 0.311187744140625 -0.3062744140625
0.00415611267089844 -0.0290737152099609 -0.041717529296875 -0.529815673828125
-0.0176467895507813 -0.00768470764160156 -0.40625 -0.16973876953125
-0.00337600708007812 0.00909042358398438 -0.266464233398438 0.203323364257813
0.00784873962402344 0.00637912750244141 -0.0306243896484375 0.263900756835938
0.00356197357177734 -0.000887155532836914 0.132080078125 0.135528564453125
0.0183143615722656 0.00528717041015625 0.152572631835938 -0.0077972412109375
0.0152683258056641 0.00400638580322266 -0.147918701171875 -0.0167083740234375
0.00731992721557617 -0.00121021270751953 -0.0950775146484375 -0.153488159179688
0.0101299285888672 0.0077972412109375 0.0852508544921875 -0.252029418945313
0.004608154296875 0.0116500854492187 0.328948974609375 -0.164398193359375
-0.014862060546875 -0.007354736328125 0.355987548828125 0.2073974609375
-0.0082855224609375 -0.0391616821289063 0.0263977050781249 0.47760009765625
0.0392646789550781 -0.0222244262695313 -0.267303466796875 0.2955322265625
0.068389892578125 0.00193023681640625 0.00510597229003907 0.034576416015625
0.0442733764648438 -0.0251846313476563 0.3160400390625 -0.2918701171875
0.00498771667480469 -0.0309123992919922 -0.0211181640625 -0.5340576171875
-0.0153579711914063 -0.00901508331298828 -0.4010009765625 -0.188323974609375
-0.000631332397460938 0.00789690017700195 -0.277450561523437 0.192596435546875
0.00910377502441406 0.00871562957763672 -0.03900146484375 0.264892578125
0.00210070610046387 -0.000269770622253418 0.129379272460938 0.1397705078125
0.0174016952514648 0.00203895568847656 0.1531982421875 -0.004669189453125
0.0136032104492188 0.000798225402832031 -0.148590087890625 -0.0134124755859375
0.00466442108154297 -0.00233078002929688 -0.098968505859375 -0.151107788085938
0.0119762420654297 0.00765609741210938 0.0739593505859375 -0.253570556640625
0.0104141235351563 0.0112638473510742 0.318328857421875 -0.17596435546875
-0.0114421844482422 -0.00590133666992188 0.36285400390625 0.190185546875
-0.0116806030273438 -0.0373153686523438 0.0460205078125 0.475067138671875
0.0318241119384766 -0.0217113494873047 -0.2618408203125 0.3084716796875
0.061920166015625 0.00126266479492187 -0.0081939697265625 0.0417518615722656
0.0405960083007813 -0.0240135192871094 0.3218994140625 -0.276153564453125
0.00507545471191406 -0.0302181243896484 0.00350952148437497 -0.5345458984375
-0.011958122253418 -0.0102310180664063 -0.395355224609375 -0.209197998046875
0.00458908081054688 0.00660276412963867 -0.287841796875 0.182220458984375
0.0102596282958984 0.00942611694335938 -0.0497894287109375 0.263458251953125
-0.000656604766845703 -0.00148892402648926 0.126998901367188 0.142990112304688
0.0151157379150391 -0.00215244293212891 0.152786254882813 -0.00201416015625
0.0123758316040039 -0.00165557861328125 -0.14923095703125 -0.0109405517578125
0.00283670425415039 -0.00419092178344726 -0.102630615234375 -0.148651123046875
0.0142374038696289 0.00647449493408203 0.063995361328125 -0.254440307617188
0.0159063339233398 0.0104093551635742 0.3087158203125 -0.185394287109375
-0.00767230987548828 -0.00352334976196289 0.36785888671875 0.175140380859375
-0.0141849517822266 -0.0325527191162109 0.06378173828125 0.471954345703125
0.0235137939453125 -0.0192947387695313 -0.2557373046875 0.31903076171875
0.0505714416503906 0.0018157958984375 -0.0182838439941406 0.0479316711425781
0.0341739654541016 -0.0203037261962891 0.327392578125 -0.26165771484375
0.00424766540527344 -0.0255622863769531 0.025360107421875 -0.533935546875
-0.00764560699462891 -0.00873041152954102 -0.389373779296875 -0.22528076171875
0.00998306274414063 0.00622940063476563 -0.298004150390625 0.17120361328125
0.0127925872802734 0.00953578948974609 -0.06060791015625 0.261306762695313
-0.00150084495544434 -0.00322175025939941 0.123245239257813 0.144851684570312
0.0129251480102539 -0.00648021697998047 0.15216064453125 -0.0003662109375
0.0112361907958984 -0.0039520263671875 -0.14996337890625 -0.00885009765624999
0.000391006469726563 -0.00642538070678711 -0.104873657226562 -0.14910888671875
0.0151004791259766 0.00479984283447266 0.0564117431640625 -0.25543212890625
0.0202388763427734 0.00964164733886719 0.302093505859375 -0.19012451171875
-0.0035398006439209 -0.00134563446044922 0.369903564453125 0.16754150390625
-0.0160846710205078 -0.0258407592773437 0.0770263671875001 0.47100830078125
0.0126686096191406 -0.0124521255493164 -0.250213623046875 0.327239990234375
0.0360794067382813 0.00408172607421875 -0.0230484008789062 0.0528640747070313
0.0245590209960938 -0.0151481628417969 0.33477783203125 -0.25042724609375
0.00285911560058594 -0.0203800201416016 0.042877197265625 -0.53326416015625
-0.00409030914306641 -0.00682783126831055 -0.383544921875 -0.235809326171875
0.013667106628418 0.00571537017822266 -0.306854248046875 0.162445068359375
0.0148096084594727 0.00943565368652344 -0.06890869140625 0.257965087890625
-0.00296974182128906 -0.00489997863769531 0.119903564453125 0.144332885742187
0.0121145248413086 -0.00847721099853516 0.151123046875 0.000427246093749999
0.0103216171264648 -0.00434398651123047 -0.15093994140625 -0.00854492187499998
0.000696182250976562 -0.00879764556884765 -0.106521606445312 -0.149429321289063
0.0164413452148438 0.00268077850341797 0.052490234375 -0.257293701171875
0.0242252349853516 0.00840187072753906 0.297271728515625 -0.192718505859375
-9.38177108764649E-05 0.00136637687683105 0.370697021484375 0.1649169921875
-0.0174789428710938 -0.0180702209472656 0.0826110839843751 0.47271728515625
0.0048060417175293 -0.00447940826416016 -0.245574951171875 0.331024169921875
0.0216159820556641 0.00815773010253906 -0.0206451416015625 0.0560684204101563
0.0133390426635742 -0.00888729095458985 0.340606689453125 -0.24725341796875
0.000375747680664063 -0.0123081207275391 0.0517578124999999 -0.533935546875
-0.000970125198364258 -0.00289559364318848 -0.3826904296875 -0.240264892578125
0.0172033309936523 0.00457668304443359 -0.310760498046875 0.15936279296875
0.0151891708374023 0.00848770141601563 -0.0745391845703125 0.2547607421875
-0.00321149826049805 -0.00676870346069336 0.118515014648438 0.141708374023438
0.0111961364746094 -0.0107603073120117 0.149261474609375 -0.00140380859375
0.0115365982055664 -0.00469207763671875 -0.151687622070313 -0.00920104980468748
0.00102329254150391 -0.0112028121948242 -0.106765747070312 -0.152297973632813
0.0166168212890625 0.000914573669433594 0.048431396484375 -0.258712768554687
0.0253562927246094 0.0071258544921875 0.294677734375 -0.19561767578125
0.00229072570800781 0.00406718254089355 0.372955322265625 0.163421630859375
-0.0178165435791016 -0.0107517242431641 0.088165283203125 0.474761962890625
-0.00289821624755859 0.0030517578125 -0.23675537109375 0.334686279296875
0.0087127685546875 0.0114717483520508 -0.0110054016113281 0.0559577941894531
0.00407934188842773 -0.00237846374511719 0.341705322265625 -0.25537109375
-0.00149726867675781 -0.00496864318847656 0.042083740234375 -0.53448486328125
0.000662744045257568 0.00105190277099609 -0.387725830078125 -0.230255126953125
0.0190467834472656 0.00309944152832031 -0.3087158203125 0.166046142578125
0.0156993865966797 0.00633907318115234 -0.0721588134765625 0.253585815429688
-0.00327205657958984 -0.00872373580932617 0.119796752929687 0.136947631835938
0.0113639831542969 -0.0112771987915039 0.148300170898438 -0.0050811767578125
0.0190296173095703 0.00975608825683594 -0.149383544921875 -0.0199127197265625
0.0110788345336914 -0.00195884704589844 -0.0915679931640625 -0.1590576171875
0.00696420669555664 0.00641250610351563 0.0977630615234375 -0.251617431640625
-0.00234794616699219 0.0114021301269531 0.340972900390625 -0.144622802734375
-0.0184097290039063 -0.00627517700195313 0.342681884765625 0.235870361328125
-0.00465583801269531 -0.0332851409912109 -0.00405883789062501 0.4822998046875
0.0397148132324219 -0.0127410888671875 -0.267440795898438 0.27569580078125
0.0626144409179688 0.00830459594726563 0.0373344421386719 0.0230751037597656
0.0393295288085938 -0.0193443298339844 0.30462646484375 -0.320709228515625
0.00247001647949219 -0.0243759155273438 -0.064544677734375 -0.5247802734375
-0.0180339813232422 -0.00412559509277344 -0.408447265625 -0.1478271484375
-0.00538444519042969 0.0098123550415039 -0.254653930664063 0.214248657226563
0.0059504508972168 0.00477695465087891 -0.0193939208984375 0.262039184570312
0.00496912002563477 -0.00108718872070313 0.135299682617188 0.128211975097656
0.0199775695800781 0.0077667236328125 0.151077270507813 -0.0141448974609375
0.0177745819091797 0.00711441040039063 -0.148757934570313 -0.0172576904296875
0.00940608978271484 -0.000988960266113281 -0.0944671630859375 -0.15478515625
0.00872468948364258 0.00754117965698242 0.0899810791015625 -0.251937866210938
-7.34329223632803E-05 0.0122947692871094 0.333984375 -0.156341552734375
-0.0175228118896484 -0.00734615325927734 0.35015869140625 0.21954345703125
-0.00584793090820313 -0.03753662109375 0.01251220703125 0.4793701171875
0.0418586730957031 -0.0190277099609375 -0.2659912109375 0.285736083984375
0.0679969787597656 0.00432586669921875 0.0219383239746094 0.0278606414794922
0.0435295104980469 -0.0241851806640625 0.306854248046875 -0.310211181640625
0.00370407104492187 -0.0286903381347656 -0.0487060546875 -0.527984619140625
-0.0176315307617188 -0.00729560852050782 -0.40631103515625 -0.164794921875
-0.00312423706054687 0.00921535491943359 -0.263153076171875 0.206451416015625
0.00721836090087891 0.00635242462158203 -0.0260162353515625 0.26458740234375
0.00389266014099121 -0.000693559646606445 0.134452819824219 0.132652282714844
0.01849365234375 0.00544929504394531 0.152664184570313 -0.0101776123046875
0.016326904296875 0.00365257263183594 -0.147979736328125 -0.014434814453125
0.00722169876098633 -0.00119304656982422 -0.0978240966796875 -0.15185546875
0.0104856491088867 0.00770092010498047 0.08062744140625 -0.253570556640625
0.00461292266845703 0.0114479064941406 0.324554443359375 -0.16845703125
-0.0156469345092773 -0.00668811798095703 0.358154296875 0.20245361328125
-0.00848388671875 -0.0385971069335938 0.03204345703125 0.4765625
0.0387992858886719 -0.0229988098144531 -0.2620849609375 0.298583984375
0.0683860778808594 0.00111007690429687 0.00583457946777344 0.0346469879150391
0.0434951782226563 -0.0257186889648438 0.3115234375 -0.293548583984375
0.004730224609375 -0.0302772521972656 -0.02764892578125 -0.531097412109375
-0.0158891677856445 -0.00874996185302734 -0.40240478515625 -0.182861328125
-0.000193119049072266 0.00803279876708984 -0.273880004882813 0.196624755859375
0.0089263916015625 0.00784969329833984 -0.035369873046875 0.263565063476563
0.00248885154724121 -0.000465631484985351 0.131103515625 0.13690185546875
0.0175628662109375 0.00129508972167969 0.152557373046875 -0.007080078125
0.013941764831543 0.000370979309082031 -0.148040771484375 -0.010772705078125
0.0044550895690918 -0.00217008590698242 -0.101699829101563 -0.14849853515625
0.0124149322509766 0.00726318359375 0.070220947265625 -0.254287719726563
0.00992965698242188 0.010615348815918 0.31396484375 -0.179779052734375
-0.0117273330688477 -0.00546169281005859 0.363861083984375 0.18438720703125
-0.011566162109375 -0.0367546081542969 0.0523681640625 0.4732666015625
0.0324745178222656 -0.0224971771240234 -0.257659912109375 0.311248779296875
0.0616378784179687 0.00028228759765625 -0.00827407836914062 0.0420112609863281
0.0407562255859375 -0.0248947143554687 0.3170166015625 -0.279022216796875
0.00510978698730469 -0.0300960540771484 -0.00299072265625002 -0.53228759765625
-0.0119562149047852 -0.0105581283569336 -0.396484375 -0.202667236328125
0.00438690185546875 0.00713968276977539 -0.285186767578125 0.185272216796875
0.0107145309448242 0.00945854187011719 -0.046112060546875 0.263565063476563
0.000339627265930176 -0.00172412395477295 0.12847900390625 0.140609741210938
0.0145692825317383 -0.00254440307617188 0.1524658203125 -0.0044708251953125
0.0130271911621094 -0.00292301177978516 -0.148834228515625 -0.00856018066406249
0.00287461280822754 -0.00400328636169434 -0.104934692382813 -0.147003173828125
0.0143461227416992 0.00640392303466797 0.0593414306640625 -0.254302978515625
0.0153636932373047 0.0099630355834961 0.30487060546875 -0.18914794921875
-0.00811052322387695 -0.00362920761108399 0.36834716796875 0.170684814453125
-0.0144004821777344 -0.0314197540283203 0.069610595703125 0.46990966796875
0.0226192474365234 -0.0192127227783203 -0.25146484375 0.3226318359375
0.0505142211914063 0.00118255615234375 -0.0183296203613281 0.0487098693847656
0.0336055755615234 -0.02093505859375 0.32421875 -0.264404296875
0.00436973571777344 -0.0263671875 0.0196533203125 -0.53326416015625
-0.00781822204589844 -0.00884437561035156 -0.39141845703125 -0.218994140625
0.00910568237304687 0.00554847717285156 -0.2952880859375 0.1749267578125
0.0130701065063477 0.00965404510498047 -0.05621337890625 0.261428833007813
-0.0018765926361084 -0.00244855880737305 0.124740600585938 0.141708374023438
0.0130910873413086 -0.00665473937988281 0.151641845703125 -0.0024871826171875
0.0115785598754883 -0.00481414794921875 -0.149627685546875 -0.00653076171874997
0.00119829177856445 -0.00615835189819336 -0.10675048828125 -0.146728515625
0.0160331726074219 0.00522232055664063 0.052398681640625 -0.255783081054688
0.0202617645263672 0.00882339477539063 0.297821044921875 -0.19482421875
-0.00360393524169922 -0.00131726264953613 0.370758056640625 0.161468505859375
-0.0163536071777344 -0.0250453948974609 0.081634521484375 0.46722412109375
0.013249397277832 -0.0129480361938477 -0.246124267578125 0.329254150390625
0.0361099243164063 0.00349044799804688 -0.0224838256835937 0.0537528991699219
0.0243396759033203 -0.0154132843017578 0.33074951171875 -0.25250244140625
0.00272178649902344 -0.0200843811035156 0.036834716796875 -0.532501220703125
-0.00398159027099609 -0.00682544708251953 -0.386199951171875 -0.23046875
0.0147933959960938 0.00497150421142578 -0.303375244140625 0.16693115234375
0.0142240524291992 0.00963401794433594 -0.0655975341796875 0.257888793945313
-0.00272703170776367 -0.00476217269897461 0.121475219726563 0.141921997070313
0.0116958618164063 -0.00922489166259766 0.150558471679688 -0.0020294189453125
0.0112667083740234 -0.00566959381103516 -0.150711059570313 -0.00596618652343751
0.000513076782226563 -0.00872659683227539 -0.108444213867188 -0.147323608398438
0.0164279937744141 0.00315284729003906 0.047271728515625 -0.257369995117188
0.0235023498535156 0.00799179077148437 0.29315185546875 -0.197174072265625
-0.000549018383026123 0.000991225242614746 0.371429443359375 0.159912109375
-0.0174884796142578 -0.0173959732055664 0.087677001953125 0.470123291015625
0.00454092025756836 -0.0045323371887207 -0.2398681640625 0.334869384765625
0.0217056274414063 0.00730323791503906 -0.0196952819824219 0.0564727783203125
0.0136651992797852 -0.00889396667480469 0.337066650390625 -0.249969482421875
0.000569343566894533 -0.0124912261962891 0.04339599609375 -0.53271484375
-0.00126814842224121 -0.00261545181274414 -0.386016845703125 -0.234161376953125
0.0170888900756836 0.00371551513671875 -0.30804443359375 0.164031982421875
0.015315055847168 0.00812625885009766 -0.0703582763671875 0.255355834960938
-0.00333786010742187 -0.00680112838745117 0.120346069335938 0.139244079589844
0.0113945007324219 -0.0105323791503906 0.14984130859375 -0.0030975341796875
0.0120811462402344 -0.00511837005615234 -0.151779174804688 -0.00688171386718753
0.000571250915527343 -0.0104913711547852 -0.10943603515625 -0.150482177734375
0.0166654586791992 0.000552177429199219 0.043609619140625 -0.259414672851563
0.024688720703125 0.006500244140625 0.290435791015625 -0.199432373046875
0.00168013572692871 0.00366950035095215 0.37152099609375 0.15777587890625
-0.01800537109375 -0.0101108551025391 0.0941162109375 0.47216796875
-0.0026707649230957 0.0038301944732666 -0.23260498046875 0.337066650390625
0.00853919982910156 0.011505126953125 -0.00970458984374999 0.0556793212890625
0.00422215461730957 -0.00246644020080566 0.337646484375 -0.259033203125
-0.00142717361450195 -0.00494575500488281 0.035003662109375 -0.533477783203125
0.000939130783081055 0.00132644176483154 -0.38922119140625 -0.224822998046875
0.018890380859375 0.00325584411621094 -0.305938720703125 0.17034912109375
0.0153484344482422 0.00584697723388672 -0.068450927734375 0.253997802734375
-0.00342273712158203 -0.00821113586425781 0.120834350585938 0.134498596191406
0.0112972259521484 -0.0114965438842773 0.147613525390625 -0.00738525390625
0.0193252563476563 0.00929832458496094 -0.149383544921875 -0.0177459716796875
0.0110254287719727 -0.00223827362060547 -0.09381103515625 -0.156951904296875
0.0067596435546875 0.00643634796142578 0.0936126708984375 -0.251174926757813
-0.00290584564208984 0.0116977691650391 0.337066650390625 -0.1490478515625
-0.0189247131347656 -0.00567626953125 0.343231201171875 0.2305908203125
-0.00525283813476563 -0.0328540802001953 0.00103759765625003 0.480010986328125
0.0401344299316406 -0.013153076171875 -0.26300048828125 0.277313232421875
0.0626716613769531 0.00755691528320313 0.0365829467773438 0.02313232421875
0.0394363403320313 -0.0199394226074219 0.298980712890625 -0.32177734375
0.00227737426757813 -0.0236644744873047 -0.069549560546875 -0.5208740234375
-0.0183620452880859 -0.00385284423828125 -0.40875244140625 -0.141876220703125
-0.00528144836425781 0.00983142852783203 -0.250991821289063 0.215957641601563
0.00624608993530273 0.00475502014160156 -0.0155792236328125 0.261093139648438
0.00487995147705078 -0.00156402587890625 0.136260986328125 0.125312805175781
0.020050048828125 0.00733757019042969 0.151046752929687 -0.0159454345703125
0.0177249908447266 0.00666999816894531 -0.148788452148438 -0.01483154296875
0.00972366333007813 -0.00148582458496094 -0.09674072265625 -0.153366088867188
0.00841188430786133 0.00777339935302734 0.085479736328125 -0.252227783203125
5.81741333007807E-05 0.01190185546875 0.33074951171875 -0.159942626953125
-0.0186367034912109 -0.00733184814453125 0.35137939453125 0.214202880859375
-0.00619888305664063 -0.0377082824707031 0.0167846679687499 0.4764404296875
0.0411109924316406 -0.0193252563476563 -0.262420654296875 0.286712646484375
0.0683174133300781 0.00296401977539063 0.0219535827636719 0.0279312133789063
0.0432472229003906 -0.0244827270507813 0.3021240234375 -0.31060791015625
0.00323677062988281 -0.0283927917480469 -0.055450439453125 -0.525360107421875
-0.0178623199462891 -0.00695991516113282 -0.406341552734375 -0.159027099609375
-0.00306224822998047 0.0091705322265625 -0.259765625 0.209426879882812
0.00714731216430664 0.00690841674804688 -0.0223236083984375 0.26318359375
0.00380229949951172 -0.000402688980102539 0.135520935058594 0.130119323730469
0.0185737609863281 0.00461769104003906 0.152084350585938 -0.012298583984375
0.0168027877807617 0.00275421142578125 -0.14776611328125 -0.0122528076171875
0.00668144226074219 -0.000823497772216797 -0.100341796875 -0.149948120117188
0.0105390548706055 0.00751018524169922 0.0763092041015625 -0.253158569335938
0.00455093383789063 0.0116539001464844 0.32037353515625 -0.171539306640625
-0.0161905288696289 -0.0068206787109375 0.357177734375 0.19635009765625
-0.00959396362304687 -0.0381660461425781 0.0379638671875 0.473114013671875
0.0377922058105469 -0.0226058959960937 -0.25726318359375 0.298736572265625
0.0681610107421875 0.000217437744140625 0.00552177429199219 0.0346851348876953
0.0438728332519531 -0.0262603759765625 0.305145263671875 -0.29705810546875
0.00409126281738281 -0.0306224822998047 -0.033172607421875 -0.52801513671875
-0.0157833099365234 -0.00905799865722656 -0.402923583984375 -0.17718505859375
5.43594360351554E-05 0.00833940505981445 -0.269699096679688 0.199493408203125
0.00895404815673828 0.00812721252441406 -0.0316162109375 0.264083862304688
0.00204145908355713 -0.000165104866027832 0.132522583007813 0.134605407714844
0.0162105560302734 0.000731468200683594 0.152252197265625 -0.0088043212890625
0.0142316818237305 9.05990600585938E-05 -0.148284912109375 -0.00895690917968753
0.00462961196899414 -0.00217866897583008 -0.103378295898438 -0.146560668945313
0.0130186080932617 0.00799655914306641 0.06439208984375 -0.253753662109375
0.00954627990722656 0.0104789733886719 0.310333251953125 -0.1826171875
-0.0124425888061523 -0.00567913055419922 0.3634033203125 0.179962158203125
-0.0121192932128906 -0.0365409851074219 0.057037353515625 0.4705810546875
0.0314178466796875 -0.0229911804199219 -0.25311279296875 0.31207275390625
0.0606422424316406 -0.0005645751953125 -0.00801467895507812 0.0424728393554688
0.0401649475097656 -0.0250816345214844 0.312835693359375 -0.280670166015625
0.00429153442382812 -0.0300064086914062 -0.0108642578125001 -0.5301513671875
-0.0122928619384766 -0.00976848602294922 -0.3973388671875 -0.1973876953125
0.00448846817016602 0.0065302848815918 -0.281143188476563 0.18829345703125
0.0109233856201172 0.00901508331298828 -0.0417022705078125 0.262741088867188
-0.000304937362670898 -0.000508308410644531 0.129241943359375 0.137687683105469
0.0142784118652344 -0.00319862365722656 0.15203857421875 -0.006744384765625
0.0125446319580078 -0.00368499755859375 -0.148757934570313 -0.00633239746093747
0.00315189361572266 -0.00383901596069336 -0.106002807617188 -0.145492553710938
0.0147275924682617 0.00635814666748047 0.055572509765625 -0.254791259765625
0.0159339904785156 0.00929164886474609 0.30035400390625 -0.192840576171875
-0.00838708877563476 -0.00384521484375 0.369110107421875 0.166015625
-0.014556884765625 -0.0313339233398438 0.0749816894531249 0.466583251953125
0.0221939086914063 -0.0189075469970703 -0.2469482421875 0.3233642578125
0.0502662658691406 0.0003509521484375 -0.0176353454589844 0.0483665466308594
0.0332317352294922 -0.0219268798828125 0.31903076171875 -0.26544189453125
0.003814697265625 -0.0255298614501953 0.012176513671875 -0.53167724609375
-0.00833225250244141 -0.00842380523681641 -0.391571044921875 -0.21331787109375
0.00917530059814453 0.00613117218017578 -0.29156494140625 0.177886962890625
0.0129241943359375 0.00957107543945312 -0.0523223876953125 0.260894775390625
-0.00134015083312988 -0.00263428688049316 0.126724243164063 0.139640808105469
0.0134210586547852 -0.00680828094482422 0.151931762695313 -0.0038299560546875
0.0115995407104492 -0.00463390350341797 -0.149642944335938 -0.00411987304687499
0.000478267669677735 -0.00594997406005859 -0.109161376953125 -0.144012451171875
0.015498161315918 0.00497341156005859 0.0475311279296875 -0.255538940429688
0.0202770233154297 0.00854873657226562 0.293304443359375 -0.198089599609375
-0.00362491607666016 -0.00150346755981445 0.37030029296875 0.156829833984375
-0.0164661407470703 -0.0242404937744141 0.087371826171875 0.46490478515625
0.0127296447753906 -0.0124826431274414 -0.2406005859375 0.331298828125
0.0363121032714844 0.00365066528320313 -0.0215072631835937 0.0538558959960938
0.0235576629638672 -0.0160427093505859 0.326690673828125 -0.2554931640625
0.00323486328125 -0.0200634002685547 0.030120849609375 -0.53082275390625
-0.00446367263793945 -0.00625944137573242 -0.3857421875 -0.223541259765625
0.0142955780029297 0.00470829010009766 -0.300018310546875 0.1702880859375
0.0140886306762695 0.00896358489990234 -0.061981201171875 0.258010864257813
-0.00278568267822266 -0.00466823577880859 0.123764038085937 0.139556884765625
0.0111007690429688 -0.00979423522949219 0.149627685546875 -0.003204345703125
0.0115432739257813 -0.00553703308105469 -0.150894165039062 -0.004302978515625
0.000400066375732423 -0.00835037231445312 -0.110458374023438 -0.145782470703125
0.0163078308105469 0.00342273712158203 0.0438079833984375 -0.256072998046875
0.0238609313964844 0.00740623474121094 0.289215087890625 -0.20068359375
-0.00015413761138916 0.00136113166809082 0.3707275390625 0.154510498046875
-0.0178985595703125 -0.0171337127685547 0.092559814453125 0.46624755859375
0.00396442413330078 -0.00445175170898438 -0.235931396484375 0.33563232421875
0.0215282440185547 0.00732612609863281 -0.0191802978515625 0.0566482543945312
0.0128746032714844 -0.00830841064453125 0.33209228515625 -0.252960205078125
0.000306129455566405 -0.0120449066162109 0.037506103515625 -0.5311279296875
-0.00184297561645508 -0.00263643264770508 -0.3865966796875 -0.2283935546875
0.0173492431640625 0.00383949279785156 -0.30426025390625 0.167388916015625
0.0159912109375 0.00789642333984375 -0.0661163330078125 0.255416870117188
-0.00337123870849609 -0.00639057159423828 0.121238708496094 0.136871337890625
0.0106945037841797 -0.011469841003418 0.1492919921875 -0.004974365234375
0.0123100280761719 -0.00507164001464844 -0.151214599609375 -0.0044403076171875
0.000624656677246093 -0.0100526809692383 -0.1116943359375 -0.147476196289062
0.01617431640625 0.000119209289550781 0.03948974609375 -0.258621215820313
0.025054931640625 0.00623703002929688 0.2861328125 -0.203399658203125
0.00131416320800781 0.00399088859558105 0.373626708984375 0.153350830078125
-0.0178928375244141 -0.0101585388183594 0.0980224609375 0.46881103515625
-0.00297021865844727 0.00355625152587891 -0.227752685546875 0.337982177734375
0.00840854644775391 0.0114908218383789 -0.00952911376953126 0.056396484375
0.0041956901550293 -0.00230503082275391 0.3330078125 -0.260589599609375
-0.00143861770629883 -0.00456571578979492 0.028961181640625 -0.531280517578125
0.000268459320068359 0.00152814388275146 -0.39068603515625 -0.219329833984375
0.0193252563476562 0.00270652770996094 -0.302581787109375 0.1734619140625
0.0157699584960938 0.00601959228515625 -0.065032958984375 0.25360107421875
-0.00332546234130859 -0.00803470611572266 0.122581481933594 0.132545471191406
0.0111656188964844 -0.011566162109375 0.148239135742188 -0.0087432861328125
0.0200271606445313 0.00859832763671875 -0.149520874023438 -0.015594482421875
0.0116777420043945 -0.00193881988525391 -0.0959320068359375 -0.154830932617188
0.00685930252075195 0.00647258758544922 0.08868408203125 -0.25164794921875
-0.00303936004638672 0.0117425918579102 0.33343505859375 -0.15240478515625
-0.0187263488769531 -0.00634002685546875 0.343475341796875 0.22406005859375
-0.00443458557128906 -0.0324420928955078 0.00524902343750002 0.478271484375
0.039642333984375 -0.0136070251464844 -0.258697509765625 0.27911376953125
0.0618667602539063 0.00672149658203125 0.0367355346679688 0.0230560302734375
0.039276123046875 -0.0195655822753906 0.295654296875 -0.32421875
0.002471923828125 -0.0239715576171875 -0.075836181640625 -0.516571044921875
-0.0188369750976563 -0.00322151184082031 -0.408599853515625 -0.13818359375
-0.00533485412597656 0.00979137420654297 -0.246719360351562 0.217971801757813
0.00614786148071289 0.00477170944213867 -0.0121002197265625 0.259765625
0.00562047958374023 -0.00105810165405273 0.137954711914063 0.122154235839844
0.0199317932128906 0.00656318664550781 0.14990234375 -0.01702880859375
0.0184383392333984 0.0058441162109375 -0.148361206054688 -0.012420654296875
0.00972175598144531 -0.000903129577636719 -0.0984039306640625 -0.151321411132813
0.00903892517089844 0.00721263885498047 0.081329345703125 -0.252456665039063
-0.000349998474121094 0.0116462707519531 0.325836181640625 -0.16326904296875
-0.018402099609375 -0.00684165954589843 0.35107421875 0.209014892578125
-0.00653076171875 -0.0367660522460938 0.021697998046875 0.473968505859375
0.0404510498046875 -0.0201873779296875 -0.257965087890625 0.287933349609375
0.0681304931640625 0.00257492065429688 0.0218086242675781 0.02801513671875
0.0425262451171875 -0.0249671936035156 0.297576904296875 -0.312225341796875
0.00325965881347656 -0.0279388427734375 -0.059600830078125 -0.52056884765625
-0.0181083679199219 -0.00639152526855468 -0.40618896484375 -0.1529541015625
-0.00388622283935547 0.00900840759277344 -0.2562255859375 0.211151123046875
0.00696849822998047 0.00659942626953125 -0.0191497802734375 0.261749267578125
0.00383567810058594 -0.000227212905883789 0.135871887207031 0.127304077148438
0.0181770324707031 0.00405311584472656 0.151596069335938 -0.0144500732421875
0.0166120529174805 0.00251007080078125 -0.148330688476563 -0.0101776123046875
0.00765562057495117 -0.00126552581787109 -0.101226806640625 -0.147018432617188
0.0105743408203125 0.00752639770507812 0.0720367431640625 -0.252731323242188
0.00383186340332031 0.0113420486450195 0.31671142578125 -0.175018310546875
-0.0164012908935547 -0.00611114501953125 0.35748291015625 0.191864013671875
-0.00904464721679688 -0.0375518798828125 0.04205322265625 0.470947265625
0.0383720397949219 -0.0227775573730469 -0.25274658203125 0.300872802734375
0.0673294067382812 -0.000286102294921875 0.00604629516601563 0.0353431701660156
0.0431175231933594 -0.0266571044921875 0.300506591796875 -0.297393798828125
0.00349044799804688 -0.0301475524902344 -0.03924560546875 -0.525726318359375
-0.0162210464477539 -0.00841045379638672 -0.403045654296875 -0.1724853515625
-8.01086425781257E-05 0.00738430023193359 -0.265151977539063 0.201416015625
0.0084075927734375 0.00795459747314453 -0.027679443359375 0.262603759765625
0.00241947174072266 9.70363616943359E-05 0.133750915527344 0.132232666015625
0.016932487487793 0.000514030456542969 0.152053833007813 -0.0105743408203125
0.0149412155151367 -0.00136184692382813 -0.147735595703125 -0.00682067871093752
0.00494718551635742 -0.001220703125 -0.105392456054687 -0.143692016601562
0.0132656097412109 0.00752353668212891 0.0610198974609375 -0.253524780273438
0.0102958679199219 0.0105686187744141 0.305755615234375 -0.1864013671875
-0.0123577117919922 -0.00586414337158203 0.36383056640625 0.174224853515625
-0.0127105712890625 -0.035980224609375 0.06109619140625 0.466949462890625
0.0302772521972656 -0.0223445892333984 -0.247283935546875 0.312957763671875
0.0607719421386719 -0.00060272216796875 -0.00769805908203124 0.0422935485839844
0.0395469665527344 -0.0246963500976563 0.30694580078125 -0.2821044921875
0.00440788269042969 -0.0297088623046875 -0.0154418945312499 -0.526336669921875
-0.0119438171386719 -0.00837612152099609 -0.39788818359375 -0.191986083984375
0.00472402572631836 0.00658750534057617 -0.277603149414063 0.191085815429687
0.0104951858520508 0.00891780853271484 -0.03875732421875 0.262496948242188
0.000711739063262939 -0.000344634056091309 0.130706787109375 0.134323120117188
0.0146017074584961 -0.00319385528564453 0.151931762695313 -0.0078125
0.0124320983886719 -0.00377655029296875 -0.148025512695313 -0.00384521484374998
0.00182867050170898 -0.00394344329833984 -0.1085205078125 -0.142501831054688
0.0146951675415039 0.00608539581298828 0.0514984130859375 -0.254547119140625
0.0155620574951172 0.00875091552734375 0.296630859375 -0.196075439453125
-0.00865411758422852 -0.00336456298828125 0.36822509765625 0.160614013671875
-0.0150489807128906 -0.0314350128173828 0.078399658203125 0.463134765625
0.0218067169189453 -0.0194168090820313 -0.241790771484375 0.323883056640625
0.0494117736816406 0.000286102294921875 -0.0174331665039063 0.0486068725585938
0.03271484375 -0.0210132598876953 0.314300537109375 -0.26824951171875
0.00405311584472656 -0.0253200531005859 0.00625610351562504 -0.52801513671875
-0.00869512557983398 -0.00803518295288086 -0.391357421875 -0.207855224609375
0.00951290130615234 0.00487232208251953 -0.289093017578125 0.180450439453125
0.012446403503418 0.00928688049316406 -0.04931640625 0.26019287109375
-0.00172114372253418 -0.00237894058227539 0.127220153808594 0.136627197265625
0.0122175216674805 -0.00735282897949219 0.151092529296875 -0.005706787109375
0.012298583984375 -0.005706787109375 -0.149505615234375 -0.00294494628906252
0.000984668731689453 -0.00570201873779297 -0.11090087890625 -0.142013549804688
0.015110969543457 0.00362682342529297 0.0434722900390625 -0.254837036132813
0.0201034545898438 0.00744056701660156 0.289398193359375 -0.20135498046875
-0.0044398307800293 -0.000964164733886718 0.3699951171875 0.15057373046875
-0.0165748596191406 -0.0242958068847656 0.09063720703125 0.462310791015625
0.0124797821044922 -0.0127239227294922 -0.23583984375 0.33135986328125
0.0357894897460938 0.00331497192382813 -0.0215606689453125 0.0531883239746094
0.0233707427978516 -0.0161170959472656 0.32208251953125 -0.256591796875
0.00239944458007812 -0.019256591796875 0.024261474609375 -0.5277099609375
-0.00430774688720703 -0.00637006759643555 -0.386962890625 -0.21923828125
0.013427734375 0.004364013671875 -0.296661376953125 0.17303466796875
0.0149059295654297 0.00933456420898438 -0.058258056640625 0.256698608398438
-0.00253725051879883 -0.00399565696716309 0.124862670898438 0.136787414550781
0.0112533569335938 -0.0101203918457031 0.14996337890625 -0.0057525634765625
0.0110244750976563 -0.00627708435058594 -0.15081787109375 -0.0018157958984375
0.000760078430175782 -0.00810384750366211 -0.111953735351562 -0.143020629882813
0.0160331726074219 0.00287914276123047 0.0389404296875 -0.255783081054688
0.0235233306884766 0.00664138793945312 0.285491943359375 -0.20245361328125
-0.00090324878692627 0.00107091665267944 0.37030029296875 0.149658203125
-0.0176029205322266 -0.0165634155273438 0.096832275390625 0.463531494140625
0.00409984588623047 -0.00538730621337891 -0.230926513671875 0.335052490234375
0.0206432342529297 0.0072479248046875 -0.0184555053710938 0.0569114685058594
0.0130777359008789 -0.00936412811279297 0.32708740234375 -0.25384521484375
0.000321388244628906 -0.0121679306030273 0.031341552734375 -0.5286865234375
-0.00162434577941894 -0.0024867057800293 -0.387115478515625 -0.223297119140625
0.0165309906005859 0.0036163330078125 -0.301422119140625 0.17034912109375
0.0159950256347656 0.00767230987548828 -0.0634918212890625 0.254791259765625
-0.00309514999389648 -0.00544071197509766 0.122016906738281 0.134346008300781
0.011204719543457 -0.011378288269043 0.148956298828125 -0.007080078125
0.0119857788085937 -0.00589370727539063 -0.15179443359375 -0.00224304199218753
0.000808715820312501 -0.00994586944580078 -0.112548828125 -0.14532470703125
0.0167741775512695 -0.000154495239257813 0.0352630615234375 -0.258346557617188
0.0246467590332031 0.00601768493652344 0.281646728515625 -0.2054443359375
0.00167107582092285 0.00376629829406738 0.37310791015625 0.148040771484375
-0.0181293487548828 -0.0100460052490234 0.10308837890625 0.465667724609375
-0.0029759407043457 0.00310921669006348 -0.22247314453125 0.33782958984375
0.00902938842773438 0.0115079879760742 -0.00859832763671875 0.055328369140625
0.00411248207092285 -0.00266647338867188 0.3275146484375 -0.26263427734375
-0.00208234786987305 -0.00407505035400391 0.02154541015625 -0.52825927734375
9.00030136108399E-05 0.00139117240905762 -0.39141845703125 -0.213348388671875
0.0184516906738281 0.00271224975585938 -0.299468994140625 0.17584228515625
0.0162267684936523 0.0055999755859375 -0.0608673095703125 0.252975463867188
-0.00331354141235352 -0.00728893280029297 0.122970581054688 0.129570007324219
0.0110597610473633 -0.0122871398925781 0.147109985351563 -0.0104522705078125
0.0197162628173828 0.00793647766113281 -0.148605346679688 -0.013580322265625
0.0110416412353516 -0.00208091735839844 -0.097198486328125 -0.152557373046875
0.00719308853149414 0.00608730316162109 0.084564208984375 -0.251785278320312
-0.00324249267578125 0.0116863250732422 0.32867431640625 -0.155303955078125
-0.0190486907958984 -0.00524139404296875 0.343170166015625 0.219512939453125
-0.00552177429199219 -0.0323276519775391 0.00891113281249996 0.475677490234375
0.0392112731933594 -0.0139694213867187 -0.254791259765625 0.278457641601563
0.0621147155761719 0.00589370727539063 0.0364608764648438 0.0225715637207031
0.0391578674316406 -0.0199546813964844 0.28948974609375 -0.323638916015625
0.00195121765136719 -0.0229625701904297 -0.07977294921875 -0.51361083984375
-0.0186195373535156 -0.00345802307128906 -0.406036376953125 -0.132568359375
-0.00541782379150391 0.00954151153564453 -0.243392944335938 0.219146728515625
0.00625181198120117 0.00458717346191406 -0.00927734375000001 0.257736206054688
0.00526189804077148 -0.000741481781005859 0.138618469238281 0.120086669921875
0.0197963714599609 0.00535774230957031 0.149093627929687 -0.019439697265625
0.0179805755615234 0.0048370361328125 -0.148147583007813 -0.010986328125
0.00950527191162109 -0.00101757049560547 -0.099700927734375 -0.1490478515625
0.00876092910766602 0.00713539123535156 0.077606201171875 -0.251998901367187
5.24520874023444E-05 0.0116233825683594 0.321502685546875 -0.16650390625
-0.0186939239501953 -0.00701332092285156 0.35052490234375 0.20428466796875
-0.00683212280273438 -0.0364227294921875 0.02520751953125 0.471160888671875
0.0405044555664063 -0.0200042724609375 -0.2532958984375 0.289276123046875
0.0668830871582031 0.00206375122070313 0.0219078063964844 0.0276603698730469
0.0428047180175781 -0.0248146057128906 0.29266357421875 -0.313568115234375
0.00291061401367187 -0.0274906158447266 -0.064727783203125 -0.517120361328125
-0.0181522369384766 -0.00674819946289062 -0.4046630859375 -0.148223876953125
-0.00324296951293945 0.00855445861816406 -0.2515869140625 0.212493896484375
0.00723075866699219 0.00675249099731445 -0.0156097412109375 0.260650634765625
0.00390243530273438 5.93662261962891E-05 0.136383056640625 0.124443054199219
0.0187549591064453 0.00382614135742188 0.151123046875 -0.0156402587890625
0.0168724060058594 0.00205898284912109 -0.147613525390625 -0.00891113281249999
0.00750732421875 -0.000860691070556641 -0.102279663085937 -0.144973754882813
0.010777473449707 0.00772476196289062 0.067413330078125 -0.252349853515625
0.00448989868164063 0.0106077194213867 0.31219482421875 -0.17730712890625
-0.016937255859375 -0.00662326812744141 0.35711669921875 0.18707275390625
-0.0088958740234375 -0.0374908447265625 0.0455322265625 0.467193603515625
0.03662109375 -0.0234375 -0.24896240234375 0.30010986328125
0.0662574768066406 -0.00052642822265625 0.00612831115722657 0.0350551605224609
0.0424118041992188 -0.0267066955566406 0.29571533203125 -0.298065185546875
0.00371932983398437 -0.0298843383789063 -0.044036865234375 -0.520843505859375
-0.0159626007080078 -0.00845527648925781 -0.40203857421875 -0.16754150390625
-0.000529766082763672 0.00755214691162109 -0.262344360351563 0.202301025390625
0.00890636444091797 0.00832366943359375 -0.0243988037109375 0.26043701171875
0.00229263305664063 0.000105142593383789 0.135162353515625 0.128547668457031
0.0163173675537109 9.5367431640625E-06 0.150482177734375 -0.0125274658203125
0.0144186019897461 -0.00164031982421875 -0.148025512695313 -0.0052947998046875
0.00519847869873047 -0.00189971923828125 -0.106597900390625 -0.142318725585938
0.0130643844604492 0.00708866119384766 0.0571746826171875 -0.252517700195313
0.0099029541015625 0.00994491577148438 0.30145263671875 -0.18914794921875
-0.0130281448364258 -0.00504875183105469 0.36260986328125 0.170074462890625
-0.0127334594726563 -0.0352630615234375 0.064697265625 0.464263916015625
0.0307216644287109 -0.0236740112304688 -0.243255615234375 0.31292724609375
0.0603523254394531 -0.00143814086914062 -0.00756072998046874 0.042083740234375
0.039459228515625 -0.0255088806152344 0.303741455078125 -0.282806396484375
0.00468635559082032 -0.0291080474853516 -0.0205993652343751 -0.52252197265625
-0.0125360488891602 -0.00913333892822266 -0.396453857421875 -0.18603515625
0.00473117828369141 0.00675249099731445 -0.273300170898438 0.191940307617187
0.0110969543457031 0.00900077819824219 -0.035308837890625 0.260238647460938
0.000334441661834717 -0.000714480876922607 0.131263732910156 0.131889343261719
0.0143890380859375 -0.00404644012451172 0.1513671875 -0.0098114013671875
0.0128917694091797 -0.00442218780517578 -0.147247314453125 -0.00210571289062499
0.00243902206420898 -0.00341796875 -0.109855651855469 -0.14007568359375
0.0146522521972656 0.005859375 0.04656982421875 -0.253646850585938
0.0147790908813477 0.00889968872070313 0.29248046875 -0.197662353515625
-0.00862026214599609 -0.00422143936157226 0.3670654296875 0.155029296875
-0.0147151947021484 -0.03009033203125 0.08251953125 0.45989990234375
0.0215072631835938 -0.0192413330078125 -0.237945556640625 0.32293701171875
0.0491256713867188 -0.000537872314453125 -0.0166358947753906 0.04931640625
0.0326557159423828 -0.0215396881103516 0.311187744140625 -0.2686767578125
0.00401878356933594 -0.0261268615722656 0.000762939453124944 -0.524749755859375
-0.00845718383789063 -0.00781154632568359 -0.39111328125 -0.2027587890625
0.00977897644042969 0.00485038757324219 -0.284332275390625 0.18280029296875
0.0128049850463867 0.00910282135009765 -0.0452117919921875 0.259368896484375
-0.00095677375793457 -0.00201404094696045 0.128326416015625 0.133277893066406
0.0124902725219727 -0.00727748870849609 0.150344848632813 -0.00732421875
0.0117206573486328 -0.00617694854736328 -0.149169921875 -0.00138854980468751
0.00103235244750977 -0.00603723526000976 -0.112442016601562 -0.139213562011719
0.0154190063476562 0.00449275970458984 0.04034423828125 -0.253311157226563
0.0199451446533203 0.00801277160644531 0.285186767578125 -0.20330810546875
-0.00414848327636719 -0.00147771835327148 0.368133544921875 0.147552490234375
-0.0168819427490234 -0.0241985321044922 0.0941162109375 0.4583740234375
0.0122346878051758 -0.0132055282592773 -0.230560302734375 0.330291748046875
0.0353736877441406 0.002532958984375 -0.0209693908691406 0.0546302795410156
0.0232067108154297 -0.0159187316894531 0.31719970703125 -0.257293701171875
0.00172233581542969 -0.0192375183105469 0.0189208984375 -0.52392578125
-0.00507640838623047 -0.00591754913330078 -0.386383056640625 -0.214141845703125
0.0138731002807617 0.00397872924804688 -0.2926025390625 0.174468994140625
0.0147314071655273 0.00876998901367188 -0.055206298828125 0.256118774414063
-0.00279951095581055 -0.00383806228637695 0.125297546386719 0.133735656738281
0.0110311508178711 -0.00996780395507813 0.149169921875 -0.0070343017578125
0.0111627578735352 -0.00699615478515625 -0.149673461914063 -0.000488281249999987
-4.95910644531256E-05 -0.00793790817260742 -0.113616943359375 -0.140434265136719
0.0158920288085938 0.00268268585205078 0.0361480712890625 -0.2545166015625
0.0231609344482422 0.00604248046875 0.281143188476563 -0.20562744140625
-0.00155806541442871 0.00141429901123047 0.36895751953125 0.14422607421875
-0.0176925659179687 -0.0163097381591797 0.0999755859375 0.459686279296875
0.00393342971801758 -0.00452613830566406 -0.225982666015625 0.3355712890625
0.0203742980957031 0.00660896301269531 -0.0183906555175781 0.0564765930175781
0.0126047134399414 -0.00840282440185547 0.32373046875 -0.254791259765625
0.000391960144042969 -0.011876106262207 0.0255737304687499 -0.525054931640625
-0.00214266777038574 -0.00239729881286621 -0.386016845703125 -0.21759033203125
0.0170450210571289 0.00325202941894531 -0.2967529296875 0.172119140625
0.015812873840332 0.00734329223632812 -0.0601348876953125 0.253158569335938
-0.00316667556762695 -0.00610208511352539 0.123283386230469 0.131546020507813
0.0109529495239258 -0.0118579864501953 0.1485595703125 -0.0072479248046875
0.01171875 -0.00659084320068359 -0.150482177734375 -0.000610351562499993
0.000801086425781249 -0.0105981826782227 -0.1146240234375 -0.14324951171875
0.0168695449829102 0.000611305236816406 0.0311279296875 -0.25677490234375
0.0244579315185547 0.00560951232910156 0.276641845703125 -0.207687377929687
0.00100302696228027 0.00362634658813477 0.371551513671875 0.1424560546875
-0.0179462432861328 -0.00866127014160156 0.106201171875 0.46307373046875
-0.00322318077087402 0.0038149356842041 -0.218353271484375 0.3377685546875
0.00831127166748047 0.0114727020263672 -0.00875091552734375 0.0563545227050781
0.00416946411132813 -0.00275683403015137 0.323455810546875 -0.264129638671875
-0.00128269195556641 -0.00402402877807617 0.01727294921875 -0.524566650390625
0.000500798225402832 0.00157535076141357 -0.39105224609375 -0.20843505859375
0.0186176300048828 0.00263023376464844 -0.2955322265625 0.17889404296875
0.0162887573242188 0.00555992126464844 -0.0574493408203125 0.252304077148438
-0.00315713882446289 -0.0072026252746582 0.123199462890625 0.127433776855469
0.0101823806762695 -0.0124244689941406 0.1463623046875 -0.012115478515625
0.0194473266601563 0.00672149658203125 -0.147994995117188 -0.012664794921875
0.0110340118408203 -0.00196552276611328 -0.0991668701171875 -0.15032958984375
0.00727701187133789 0.00643539428710937 0.0813140869140625 -0.249557495117188
-0.00317668914794922 0.0118188858032227 0.324249267578125 -0.15777587890625
-0.0194511413574219 -0.00486946105957031 0.340789794921875 0.21533203125
-0.0050811767578125 -0.0311508178710937 0.012298583984375 0.470001220703125
0.0379714965820313 -0.0139732360839844 -0.250885009765625 0.278427124023438
0.0610504150390625 0.00540924072265625 0.0366439819335938 0.0228118896484375
0.0387344360351563 -0.0205917358398438 0.28515625 -0.3231201171875
0.00201606750488281 -0.0231723785400391 -0.08294677734375 -0.509368896484375
-0.017399787902832 -0.00220775604248047 -0.405853271484375 -0.128631591796875
-0.00525188446044922 0.00972557067871094 -0.239395141601562 0.218658447265625
0.00592756271362305 0.00460529327392578 -0.00675964355468749 0.256011962890625
0.00566673278808594 -0.000815868377685547 0.138648986816406 0.117034912109375
0.0208511352539063 0.00568580627441406 0.146759033203125 -0.0191192626953125
0.0182952880859375 0.00452041625976563 -0.147491455078125 -0.00955200195312503
0.00944328308105469 -0.00127887725830078 -0.101455688476563 -0.146728515625
0.00914955139160156 0.00749969482421875 0.07415771484375 -0.250640869140625
-0.000174522399902344 0.0115394592285156 0.316650390625 -0.167877197265625
-0.0192070007324219 -0.00649261474609375 0.349151611328125 0.19873046875
-0.00682830810546875 -0.0359725952148438 0.02825927734375 0.4678955078125
0.0399017333984375 -0.0199966430664062 -0.249542236328125 0.287811279296875
0.0662689208984375 0.00138473510742188 0.0213546752929688 0.0275821685791016
0.0421791076660156 -0.0248260498046875 0.28692626953125 -0.31219482421875
0.00337791442871094 -0.027984619140625 -0.068511962890625 -0.513427734375
-0.0180854797363281 -0.00617408752441406 -0.403778076171875 -0.143157958984375
-0.00342130661010742 0.00847911834716797 -0.24737548828125 0.212936401367188
0.00724506378173828 0.0060429573059082 -0.0129852294921875 0.258758544921875
0.00422000885009766 0.00075221061706543 0.137504577636719 0.122100830078125
0.0189151763916016 0.00293922424316406 0.149993896484375 -0.01751708984375
0.016932487487793 0.00179958343505859 -0.1468505859375 -0.00741577148437503
0.0072321891784668 -0.00130605697631836 -0.104202270507813 -0.142776489257813
0.011134147644043 0.00778865814208984 0.0645294189453125 -0.251785278320313
0.00442028045654297 0.0106630325317383 0.307647705078125 -0.180206298828125
-0.0163183212280273 -0.0067758560180664 0.354766845703125 0.18157958984375
-0.0100173950195312 -0.0370101928710938 0.04888916015625 0.4622802734375
0.0367355346679688 -0.0237541198730469 -0.245269775390625 0.2999267578125
0.0658073425292969 -0.00143814086914062 0.00697517395019532 0.0348587036132813
0.0419502258300781 -0.0266685485839844 0.291839599609375 -0.297882080078125
0.00359153747558594 -0.0299034118652344 -0.04730224609375 -0.516845703125
-0.0168266296386719 -0.00815391540527344 -0.40106201171875 -0.16204833984375
-0.000597476959228516 0.00820493698120117 -0.258026123046875 0.203582763671875
0.00871467590332031 0.00784158706665039 -0.0216217041015625 0.25933837890625
0.00290870666503906 2.74181365966797E-05 0.135025024414063 0.126373291015625
0.0167398452758789 -0.000988006591796875 0.150161743164062 -0.0136260986328125
0.0149450302124023 -0.00145339965820313 -0.147293090820313 -0.00309753417968748
0.00648403167724609 -0.00323390960693359 -0.107803344726562 -0.139106750488281
0.012516975402832 0.006927490234375 0.0532989501953125 -0.251800537109375
0.00991630554199219 0.00981807708740234 0.297454833984375 -0.19012451171875
-0.0123863220214844 -0.00551509857177734 0.360748291015625 0.165374755859375
-0.0127792358398438 -0.0350208282470703 0.068115234375 0.4598388671875
0.0296897888183594 -0.0232086181640625 -0.24090576171875 0.311279296875
0.0594215393066406 -0.00164031982421875 -0.00800704956054687 0.0433769226074219
0.0386238098144531 -0.0255661010742188 0.29913330078125 -0.2822265625
0.00387191772460937 -0.0289726257324219 -0.024200439453125 -0.51947021484375
-0.0129337310791016 -0.00924015045166015 -0.39556884765625 -0.18170166015625
0.00417041778564453 0.00660848617553711 -0.269683837890625 0.19384765625
0.0112171173095703 0.00905132293701172 -0.0324249267578125 0.258392333984375
0.000337421894073486 -0.000308901071548462 0.132026672363281 0.129585266113281
0.0145206451416016 -0.00467681884765625 0.150238037109375 -0.01171875
0.0129213333129883 -0.00524234771728516 -0.14715576171875 -0.00111389160156249
0.00271105766296387 -0.0032041072845459 -0.1107177734375 -0.137939453125
0.0149211883544922 0.00552558898925781 0.04443359375 -0.251419067382813
0.0149993896484375 0.00856208801269531 0.287261962890625 -0.199310302734375
-0.0090179443359375 -0.0033731460571289 0.365509033203125 0.151336669921875
-0.0151233673095703 -0.0304660797119141 0.084197998046875 0.454803466796875
0.0210628509521484 -0.0197429656982422 -0.23382568359375 0.322265625
0.0484695434570313 -0.000904083251953125 -0.016357421875 0.0489234924316406
0.0321903228759766 -0.0217857360839844 0.305450439453125 -0.26812744140625
0.00311660766601562 -0.0253696441650391 -0.003448486328125 -0.521759033203125
-0.00918102264404297 -0.00808906555175781 -0.38909912109375 -0.197845458984375
0.00893402099609375 0.00498485565185547 -0.28094482421875 0.184844970703125
0.0130605697631836 0.00976276397705078 -0.042999267578125 0.257659912109375
-0.00105571746826172 -0.00170385837554932 0.128021240234375 0.131217956542969
0.0124053955078125 -0.00847911834716797 0.14947509765625 -0.0085906982421875
0.0116586685180664 -0.006256103515625 -0.148162841796875 0.000488281249999987
0.00068044662475586 -0.00579547882080078 -0.113296508789063 -0.137260437011719
0.0160026550292969 0.00469112396240234 0.0367279052734375 -0.252334594726563
0.0194931030273438 0.00706863403320313 0.280319213867188 -0.204330444335937
-0.00495433807373047 -0.00151252746582031 0.365753173828125 0.14227294921875
-0.0174789428710938 -0.0236339569091797 0.09710693359375 0.453948974609375
0.0118694305419922 -0.013275146484375 -0.2269287109375 0.330047607421875
0.0345573425292969 0.0028228759765625 -0.0191688537597656 0.0540657043457031
0.0227279663085937 -0.0157871246337891 0.31414794921875 -0.258941650390625
0.00177955627441406 -0.0188827514648438 0.0152587890625001 -0.519927978515625
-0.00505447387695313 -0.0053253173828125 -0.385528564453125 -0.209014892578125
0.0129413604736328 0.00391006469726563 -0.288665771484375 0.176025390625
0.0146560668945313 0.00868892669677734 -0.0517120361328125 0.254745483398438
-0.00239634513854981 -0.00324916839599609 0.125564575195313 0.131500244140625
0.0111656188964844 -0.0108165740966797 0.148025512695313 -0.0079498291015625
0.0111503601074219 -0.0068817138671875 -0.149200439453125 0.00132751464843753
-0.0001678466796875 -0.00822782516479492 -0.114410400390625 -0.138931274414063
0.0165424346923828 0.00202178955078125 0.0326995849609375 -0.253402709960938
0.0223026275634766 0.00615692138671875 0.2764892578125 -0.2061767578125
-0.00177347660064697 0.00122702121734619 0.36761474609375 0.13983154296875
-0.0181045532226563 -0.0163822174072266 0.102630615234375 0.45550537109375
0.00338220596313477 -0.00478219985961914 -0.222320556640625 0.33404541015625
0.0208168029785156 0.006591796875 -0.0172500610351562 0.0564994812011719
0.0124416351318359 -0.00898265838623047 0.3192138671875 -0.254638671875
0.000119209289550782 -0.0115814208984375 0.02093505859375 -0.521636962890625
-0.00218665599822998 -0.00211977958679199 -0.38568115234375 -0.213165283203125
0.0167665481567383 0.00359916687011719 -0.2940673828125 0.173004150390625
0.0156707763671875 0.00800704956054688 -0.057037353515625 0.252593994140625
-0.00313949584960937 -0.00543642044067383 0.123725891113281 0.129547119140625
0.010615348815918 -0.0118808746337891 0.147506713867187 -0.00958251953125
0.0115623474121094 -0.00722789764404297 -0.150192260742187 0.0010223388671875
0.000435829162597657 -0.0101957321166992 -0.1148681640625 -0.140884399414063
0.0167503356933594 0.000424385070800781 0.028717041015625 -0.255294799804688
0.0240554809570313 0.00514793395996094 0.272933959960938 -0.209182739257812
0.000996112823486328 0.00342273712158203 0.369049072265625 0.138824462890625
-0.017974853515625 -0.00863075256347656 0.108978271484375 0.45770263671875
-0.00306010246276856 0.00322127342224121 -0.2142333984375 0.33685302734375
0.00770664215087891 0.0108156204223633 -0.00808334350585938 0.0560493469238281
0.00420975685119629 -0.00194048881530762 0.319366455078125 -0.263214111328125
-0.00157928466796875 -0.00435709953308105 0.0128173828125 -0.521575927734375
-0.00034487247467041 0.00149905681610107 -0.3890380859375 -0.203765869140625
0.018157958984375 0.00205039978027344 -0.291900634765625 0.180023193359375
0.016143798828125 0.00558280944824219 -0.0555419921875 0.250839233398438
-0.00306272506713867 -0.00679683685302734 0.124252319335937 0.124969482421875
0.0104007720947266 -0.0127763748168945 0.1456298828125 -0.012786865234375
0.020355224609375 0.00683021545410156 -0.147903442382813 -0.0112457275390625
0.0106468200683594 -0.00192451477050781 -0.099822998046875 -0.148056030273437
0.00736761093139649 0.00638961791992188 0.0781707763671875 -0.24951171875
-0.00311279296875 0.0114336013793945 0.3206787109375 -0.159210205078125
-0.01959228515625 -0.00488471984863281 0.34014892578125 0.211181640625
-0.00540733337402344 -0.0312347412109375 0.01495361328125 0.467803955078125
0.0379905700683594 -0.01397705078125 -0.2474365234375 0.276718139648438
0.06005859375 0.006103515625 0.0365104675292969 0.0222206115722656
0.0376968383789063 -0.0204734802246094 0.281341552734375 -0.322296142578125
0.00195503234863281 -0.0224208831787109 -0.084991455078125 -0.504547119140625
-0.0186042785644531 -0.00282669067382812 -0.403228759765625 -0.124603271484375
-0.00556087493896484 0.00948143005371094 -0.2354736328125 0.22039794921875
0.00620937347412109 0.0050053596496582 -0.00485229492187501 0.253738403320313
0.00551414489746094 -0.000515937805175781 0.138656616210938 0.115287780761719
0.0198974609375 0.00485801696777344 0.147232055664063 -0.0217437744140625
0.0181674957275391 0.00356864929199219 -0.146728515625 -0.00845336914062501
0.00907135009765625 -0.00114154815673828 -0.102523803710938 -0.144500732421875
0.0086202621459961 0.00730037689208984 0.07080078125 -0.250091552734375
-0.000392913818359375 0.0109796524047852 0.313323974609375 -0.169708251953125
-0.0190677642822266 -0.00667762756347657 0.34661865234375 0.195831298828125
-0.00656890869140625 -0.0359268188476563 0.03076171875 0.46368408203125
0.0391464233398438 -0.0206108093261719 -0.24652099609375 0.286712646484375
0.0658645629882812 0.00118637084960937 0.0217723846435547 0.0272884368896484
0.041656494140625 -0.0248146057128906 0.28472900390625 -0.311370849609375
0.00311660766601563 -0.0276126861572266 -0.07086181640625 -0.50909423828125
-0.0189914703369141 -0.00550460815429687 -0.4017333984375 -0.14013671875
-0.00331592559814453 0.00901031494140625 -0.2442626953125 0.213348388671875
0.00746870040893555 0.0061640739440918 -0.011322021484375 0.25653076171875
0.0044245719909668 -3.24249267578125E-05 0.137519836425781 0.119361877441406
0.0177536010742188 0.00278091430664063 0.14886474609375 -0.0184173583984375
0.0168943405151367 0.000931739807128906 -0.146331787109375 -0.00576782226562498
0.00711488723754883 -0.00061798095703125 -0.105010986328125 -0.140853881835938
0.0111513137817383 0.00688934326171875 0.061737060546875 -0.250030517578125
0.00431346893310547 0.00994873046875 0.30364990234375 -0.180755615234375
-0.017268180847168 -0.00546646118164063 0.353515625 0.178619384765625
-0.00960159301757813 -0.0369873046875 0.05145263671875 0.459686279296875
0.0361671447753906 -0.0232353210449219 -0.242095947265625 0.298370361328125
0.0648384094238281 -0.00126266479492188 0.00643539428710938 0.0348911285400391
0.0419883728027344 -0.0268135070800781 0.28753662109375 -0.297149658203125
0.00344467163085937 -0.0299930572509766 -0.0499267578125 -0.512542724609375
-0.0161457061767578 -0.00789451599121094 -0.39910888671875 -0.1585693359375
-0.000225067138671874 0.00764751434326172 -0.2547607421875 0.203811645507813
0.00873041152954102 0.00795173645019531 -0.0197296142578125 0.256988525390625
0.0022425651550293 0.000571966171264648 0.134368896484375 0.123687744140625
0.0165081024169922 -0.000851631164550781 0.148605346679688 -0.01446533203125
0.0147943496704102 -0.00273799896240234 -0.146347045898438 -0.00251770019531248
0.00483131408691406 -0.00146675109863281 -0.108428955078125 -0.137588500976563
0.0128316879272461 0.00716781616210938 0.0511932373046875 -0.250106811523437
0.00937652587890625 0.00926399230957031 0.293304443359375 -0.191925048828125
-0.0135660171508789 -0.00466537475585938 0.359100341796875 0.161865234375
-0.0120220184326172 -0.0342655181884766 0.070281982421875 0.455718994140625
0.0291919708251953 -0.0233211517333984 -0.235809326171875 0.310821533203125
0.0588188171386719 -0.0016632080078125 -0.00657272338867187 0.0421028137207031
0.0384368896484375 -0.0255508422851563 0.29473876953125 -0.281707763671875
0.00395774841308594 -0.0290355682373047 -0.027008056640625 -0.515228271484375
-0.0129833221435547 -0.00853633880615234 -0.393707275390625 -0.17864990234375
0.00361156463623047 0.00611686706542969 -0.26629638671875 0.194351196289063
0.0108890533447266 0.00879573822021484 -0.0298614501953125 0.257247924804688
0.00104987621307373 -4.89354133605957E-05 0.132255554199219 0.127182006835938
0.014439582824707 -0.00470733642578125 0.1495361328125 -0.01263427734375
0.012721061706543 -0.00530529022216797 -0.146499633789063 0.000625610351562505
0.00242829322814941 -0.00357413291931152 -0.111923217773438 -0.1356201171875
0.0146560668945313 0.00550365447998047 0.040496826171875 -0.249969482421875
0.0146713256835937 0.00825881958007812 0.283355712890625 -0.200592041015625
-0.00989627838134766 -0.00283050537109375 0.36279296875 0.148040771484375
-0.0148849487304687 -0.0299835205078125 0.08758544921875 0.450927734375
0.0208930969238281 -0.0195045471191406 -0.228729248046875 0.3216552734375
0.0482101440429688 -0.000888824462890625 -0.0154685974121094 0.0492286682128906
0.0321044921875 -0.0213546752929687 0.303192138671875 -0.26788330078125
0.00349044799804687 -0.0251235961914063 -0.00665283203125001 -0.5167236328125
-0.0090036392211914 -0.00807857513427735 -0.389129638671875 -0.19342041015625
0.00855922698974609 0.00438642501831055 -0.276748657226563 0.184432983398437
0.0129232406616211 0.00890254974365235 -0.041473388671875 0.256027221679687
-0.00136017799377441 -0.00164508819580078 0.128334045410156 0.129745483398438
0.0122270584106445 -0.00842189788818359 0.148941040039063 -0.0101318359375
0.0110998153686523 -0.00695514678955078 -0.146820068359375 0.00230407714843751
0.000508785247802734 -0.00547933578491211 -0.11370849609375 -0.13568115234375
0.0155839920043945 0.00380802154541016 0.03387451171875 -0.2506103515625
0.0195388793945313 0.00689506530761719 0.275802612304688 -0.20458984375
-0.00593185424804688 -0.00134372711181641 0.364471435546875 0.1383056640625
-0.0161647796630859 -0.0232753753662109 0.099212646484375 0.45013427734375
0.0116004943847656 -0.0128841400146484 -0.223602294921875 0.327606201171875
0.0344829559326172 0.00218963623046875 -0.0194053649902344 0.0540618896484375
0.0225467681884766 -0.0154647827148438 0.309295654296875 -0.258026123046875
0.00174522399902344 -0.0186634063720703 0.011505126953125 -0.51629638671875
-0.00537490844726562 -0.00571775436401367 -0.38433837890625 -0.205810546875
0.0136337280273438 0.00373172760009766 -0.28619384765625 0.176666259765625
0.0144319534301758 0.00861167907714844 -0.049652099609375 0.252578735351562
-0.00260329246520996 -0.00334596633911133 0.125381469726563 0.129432678222656
0.0109281539916992 -0.0112028121948242 0.147903442382813 -0.0090484619140625
0.011347770690918 -0.008026123046875 -0.148513793945313 0.00262451171874997
0.000215530395507812 -0.00769948959350586 -0.115341186523438 -0.136856079101563
0.0163021087646484 0.00244331359863281 0.029937744140625 -0.251113891601563
0.0225467681884766 0.00582695007324219 0.272369384765625 -0.207107543945313
-0.00191271305084229 0.00100338459014893 0.3653564453125 0.1361083984375
-0.0174160003662109 -0.015411376953125 0.103759765625 0.450592041015625
0.00350761413574219 -0.00475835800170898 -0.218963623046875 0.33282470703125
0.0202426910400391 0.00597190856933594 -0.0171928405761719 0.0560150146484375
0.0127058029174805 -0.00883579254150391 0.31494140625 -0.254974365234375
0.000247955322265626 -0.0117063522338867 0.01861572265625 -0.5179443359375
-0.0025331974029541 -0.00210976600646973 -0.382781982421875 -0.20904541015625
0.0160980224609375 0.0027008056640625 -0.289947509765625 0.174957275390625
0.0156345367431641 0.00724887847900391 -0.0544281005859375 0.25054931640625
-0.0031886100769043 -0.00539445877075195 0.123832702636719 0.127395629882813
0.0104970932006836 -0.0128717422485352 0.146377563476563 -0.0104522705078125
0.0118217468261719 -0.00774192810058594 -0.1495361328125 0.00193786621093749
0.000244140625000001 -0.010218620300293 -0.116256713867188 -0.13848876953125
0.0168266296386719 -6.96182250976563E-05 0.0253753662109375 -0.253875732421875
0.0235633850097656 0.00537109375 0.269012451171875 -0.2098388671875
-0.000174760818481445 0.00366449356079102 0.367279052734375 0.135772705078125
-0.0181694030761719 -0.00853919982910156 0.1103515625 0.452667236328125
-0.00294375419616699 0.00352716445922852 -0.2108154296875 0.33453369140625
0.00785636901855469 0.0108842849731445 -0.00748062133789063 0.0557823181152344
0.0045323371887207 -0.00271987915039063 0.315338134765625 -0.263671875
-0.00162696838378906 -0.00448989868164063 0.00830078125 -0.518463134765625
-0.000247359275817871 0.0017164945602417 -0.3878173828125 -0.200439453125
0.0183792114257813 0.00119400024414062 -0.28778076171875 0.18023681640625
0.0157995223999023 0.00531291961669922 -0.0518035888671875 0.249664306640625
-0.00356292724609375 -0.00647640228271484 0.124954223632813 0.122901916503906
0.0100555419921875 -0.0131568908691406 0.144683837890625 -0.0137786865234375
0.0199451446533203 0.00556182861328125 -0.146697998046875 -0.0101165771484375
0.0108623504638672 -0.00230693817138672 -0.100326538085938 -0.146133422851562
0.00761604309082031 0.00595378875732422 0.07525634765625 -0.247268676757813
-0.00304985046386719 0.010777473449707 0.316497802734375 -0.1600341796875
-0.0199508666992188 -0.00556373596191406 0.337371826171875 0.207244873046875
-0.00478172302246094 -0.0305824279785156 0.0169677734375 0.46417236328125
0.0377120971679688 -0.0138320922851563 -0.243896484375 0.275115966796875
0.0597076416015625 0.00477981567382813 0.0362663269042969 0.0225257873535156
0.0378570556640625 -0.0203094482421875 0.2781982421875 -0.3206787109375
0.0017852783203125 -0.0224723815917969 -0.0869750976562501 -0.50042724609375
-0.0187053680419922 -0.00217628479003906 -0.40020751953125 -0.122161865234375
-0.00604438781738281 0.00932407379150391 -0.2332763671875 0.219589233398438
0.00543403625488281 0.00510263442993164 -0.00253295898437502 0.252410888671875
0.00544166564941406 -5.29289245605469E-05 0.137580871582031 0.113426208496094
0.0198116302490234 0.00383949279785156 0.146591186523438 -0.021728515625
0.0182952880859375 0.00335884094238281 -0.145645141601563 -0.00717163085937498
0.00935840606689453 -0.00120353698730469 -0.102828979492187 -0.142822265625
0.00950908660888672 0.00691509246826172 0.068511962890625 -0.248703002929688
-0.000459671020507812 0.0108003616333008 0.309295654296875 -0.170867919921875
-0.0191383361816406 -0.00598716735839844 0.344940185546875 0.192230224609375
-0.00656890869140625 -0.0352287292480469 0.032989501953125 0.45989990234375
0.0385513305664063 -0.0200233459472656 -0.24224853515625 0.28533935546875
0.0650520324707031 0.0005950927734375 0.0218219757080078 0.0276012420654297
0.0411186218261719 -0.0250511169433594 0.2803955078125 -0.30975341796875
0.00267982482910156 -0.0270652770996094 -0.07342529296875 -0.50531005859375
-0.0186042785644531 -0.00533866882324219 -0.399139404296875 -0.138153076171875
-0.00321340560913086 0.00873804092407227 -0.241439819335937 0.21234130859375
0.00714921951293945 0.00602960586547852 -0.00897216796874998 0.254440307617188
0.00459098815917969 -1.1444091796875E-05 0.136634826660156 0.118057250976562
0.0186691284179688 0.00189018249511719 0.148223876953125 -0.019622802734375
0.0163993835449219 1.04904174804687E-05 -0.145767211914062 -0.00483703613281247
0.00723600387573242 -0.000558376312255859 -0.105377197265625 -0.138717651367188
0.0110979080200195 0.00775337219238281 0.0586700439453125 -0.2484130859375
0.00385856628417969 0.0103626251220703 0.300201416015625 -0.18255615234375
-0.0166788101196289 -0.00568580627441406 0.351043701171875 0.17626953125
-0.00930404663085938 -0.0359001159667969 0.052642822265625 0.455810546875
0.0355606079101563 -0.0235023498535156 -0.237823486328125 0.2969970703125
0.0642929077148438 -0.00170135498046875 0.00669670104980469 0.0345535278320313
0.0418701171875 -0.0270195007324219 0.28485107421875 -0.296478271484375
0.00377655029296875 -0.0298213958740234 -0.052459716796875 -0.509063720703125
-0.016118049621582 -0.0075225830078125 -0.39605712890625 -0.1553955078125
-0.000108718872070313 0.00716924667358399 -0.2518310546875 0.20416259765625
0.00933074951171875 0.00785923004150391 -0.017333984375 0.255538940429687
0.00214719772338867 0.000583052635192871 0.133979797363281 0.122215270996094
0.0167016983032227 -0.001312255859375 0.148361206054688 -0.01580810546875
0.0144767761230469 -0.00278949737548828 -0.145370483398438 -0.000961303710937474
0.00459384918212891 -0.00224924087524414 -0.108444213867188 -0.135818481445312
0.0129823684692383 0.00679492950439453 0.048583984375 -0.248519897460937
0.00923442840576172 0.00881099700927734 0.289581298828125 -0.192169189453125
-0.0136117935180664 -0.00488471984863281 0.357086181640625 0.158599853515625
-0.0124530792236328 -0.0337677001953125 0.0706787109375 0.45220947265625
0.0289115905761719 -0.0234127044677734 -0.233551025390625 0.309112548828125
0.0583229064941406 -0.00221633911132813 -0.0064849853515625 0.0424880981445313
0.0386810302734375 -0.0254364013671875 0.291748046875 -0.28125
0.00409889221191406 -0.0284786224365234 -0.028656005859375 -0.511810302734375
-0.0133981704711914 -0.00923442840576172 -0.390869140625 -0.1748046875
0.00412797927856445 0.00653600692749023 -0.263397216796875 0.19415283203125
0.0110025405883789 0.0089111328125 -0.0283966064453125 0.255279541015625
0.000420063734054565 -0.000406324863433838 0.131980895996094 0.125236511230469
0.0140571594238281 -0.00511360168457031 0.1490478515625 -0.0133514404296875
0.0129756927490234 -0.00545787811279297 -0.1461181640625 0.001220703125
0.00199460983276367 -0.00335931777954102 -0.111968994140625 -0.134086608886719
0.0141353607177734 0.00553321838378906 0.038421630859375 -0.24871826171875
0.0139551162719727 0.00799942016601563 0.279495239257813 -0.200286865234375
-0.00971794128417969 -0.0036163330078125 0.360260009765625 0.14453125
-0.0151424407958984 -0.0294322967529297 0.087890625 0.449005126953125
0.0210399627685547 -0.0193653106689453 -0.2265625 0.31878662109375
0.0478172302246094 -0.000881195068359375 -0.0157814025878906 0.0486564636230469
0.0310688018798828 -0.0215873718261719 0.298370361328125 -0.26702880859375
0.0033416748046875 -0.0249347686767578 -0.010284423828125 -0.5126953125
-0.009368896484375 -0.00736427307128906 -0.385955810546875 -0.190399169921875
0.00877046585083008 0.00451183319091797 -0.2742919921875 0.18511962890625
0.012232780456543 0.00904560089111328 -0.0391845703125 0.253982543945313
-0.000717282295227051 -0.00148642063140869 0.128364562988281 0.126953125
0.0115146636962891 -0.0091400146484375 0.148178100585938 -0.0111846923828125
0.0112543106079102 -0.00797176361083984 -0.146865844726563 0.00308227539062502
0.000863552093505859 -0.00603723526000976 -0.114265441894531 -0.133094787597656
0.0159320831298828 0.00419139862060547 0.0312042236328125 -0.24932861328125
0.01922607421875 0.00697517395019531 0.271774291992188 -0.205703735351563
-0.00564289093017578 -0.00149726867675781 0.3621826171875 0.136260986328125
-0.0162620544433594 -0.0232200622558594 0.098388671875 0.446075439453125
0.0114259719848633 -0.012476921081543 -0.220428466796875 0.32696533203125
0.0338039398193359 0.00156021118164063 -0.0190963745117187 0.0532875061035156
0.0228652954101563 -0.0158481597900391 0.30584716796875 -0.257843017578125
0.00194740295410156 -0.0182018280029297 0.00830078125000005 -0.513824462890625
-0.00555610656738281 -0.00534439086914063 -0.38214111328125 -0.201507568359375
0.0128774642944336 0.00379180908203125 -0.28289794921875 0.177093505859375
0.0144338607788086 0.00897789001464844 -0.0477294921875 0.251235961914063
-0.00243830680847168 -0.00297617912292481 0.126121520996094 0.126869201660156
0.0105972290039063 -0.0113592147827148 0.147201538085938 -0.01092529296875
0.0115642547607422 -0.00800704956054688 -0.147796630859375 0.00367736816406252
-5.53131103515618E-05 -0.00736427307128906 -0.115974426269531 -0.134071350097656
0.0169124603271484 0.00216484069824219 0.0274810791015625 -0.250335693359375
0.0219821929931641 0.00569534301757813 0.26885986328125 -0.208038330078125
-0.00224733352661133 0.00135350227355957 0.36175537109375 0.13287353515625
-0.0174894332885742 -0.0157308578491211 0.104949951171875 0.447723388671875
0.0035250186920166 -0.00421643257141113 -0.215240478515625 0.330169677734375
0.0198802947998047 0.00612068176269531 -0.0165138244628906 0.0562782287597656
0.0130834579467773 -0.00881004333496094 0.311676025390625 -0.25396728515625
-0.000151634216308593 -0.0115928649902344 0.015899658203125 -0.514129638671875
-0.00237870216369629 -0.00180578231811523 -0.381622314453125 -0.205963134765625
0.0163106918334961 0.00256538391113281 -0.286865234375 0.175048828125
0.0157546997070313 0.00731182098388672 -0.0525970458984375 0.24896240234375
-0.00275087356567383 -0.00511503219604492 0.12420654296875 0.125511169433594
0.0101356506347656 -0.0132541656494141 0.145614624023438 -0.0109405517578125
0.0120391845703125 -0.00843334197998047 -0.148452758789063 0.00341796875000003
0.00067615509033203 -0.00956821441650391 -0.1162109375 -0.136505126953125
0.0165033340454102 -3.14712524414063E-05 0.0230865478515625 -0.25225830078125
0.0230026245117187 0.00432205200195312 0.2652587890625 -0.209518432617188
2.81333923339841E-05 0.00297808647155762 0.363861083984375 0.131927490234375
-0.0172634124755859 -0.00814628601074219 0.1107177734375 0.450469970703125
-0.00319886207580566 0.00310373306274414 -0.20770263671875 0.33270263671875
0.00784492492675781 0.0105009078979492 -0.0075225830078125 0.0553016662597656
0.00401020050048828 -0.00275588035583496 0.311279296875 -0.262542724609375
-0.00102591514587402 -0.00379681587219238 0.00622558593750004 -0.515045166015625
-0.000461339950561523 0.00199818611145019 -0.3848876953125 -0.196136474609375
0.0172224044799805 0.00186443328857422 -0.28497314453125 0.18060302734375
0.0159826278686523 0.00591182708740234 -0.0503082275390625 0.248245239257812
-0.00324726104736328 -0.00626373291015625 0.123985290527344 0.120925903320313
0.00970554351806641 -0.0131826400756836 0.143905639648438 -0.0145721435546875
0.0198249816894531 0.00504684448242187 -0.146286010742187 -0.00912475585937502
0.0103855133056641 -0.00226116180419922 -0.100860595703125 -0.144393920898437
0.00727605819702149 0.00594711303710938 0.07281494140625 -0.246353149414062
-0.00325489044189453 0.011378288269043 0.313507080078125 -0.16064453125
-0.0198230743408203 -0.00500297546386719 0.3365478515625 0.2059326171875
-0.00493431091308594 -0.0305061340332031 0.017852783203125 0.460052490234375
0.0374946594238281 -0.0137100219726562 -0.241836547851563 0.273300170898438
0.0593376159667969 0.00527191162109375 0.0360221862792969 0.0222320556640625
0.0368194580078125 -0.0196456909179688 0.275360107421875 -0.319427490234375
0.00223159790039063 -0.0228118896484375 -0.0877685546875 -0.496124267578125
-0.0183086395263672 -0.00202751159667969 -0.398040771484375 -0.120147705078125
-0.00563812255859375 0.00939273834228516 -0.231033325195313 0.217864990234375
0.00558328628540039 0.00487136840820313 -0.00170898437500002 0.251007080078125
0.00129663944244385 1.77621841430664E-05 0.137794494628906 0.111129760742187
0.0191860198974609 0.00377082824707031 0.145294189453125 -0.022918701171875
0.0182476043701172 0.00295448303222656 -0.14501953125 -0.00601196289062498
0.00865793228149414 -0.00133371353149414 -0.102493286132812 -0.141265869140625
0.00928115844726563 0.00741863250732422 0.0659637451171875 -0.246307373046875
-0.000742912292480469 0.0113143920898438 0.30645751953125 -0.171173095703125
-0.0189857482910156 -0.00606727600097656 0.34222412109375 0.190887451171875
-0.00630569458007813 -0.0346450805664063 0.03326416015625 0.457489013671875
0.0387611389160156 -0.0200920104980469 -0.241119384765625 0.2833251953125
0.0645942687988281 0.0013427734375 0.0216560363769531 0.0279712677001953
0.0408554077148438 -0.0250587463378906 0.27752685546875 -0.3094482421875
0.00317764282226563 -0.0268669128417969 -0.07403564453125 -0.501312255859375
-0.0182361602783203 -0.00548934936523438 -0.396697998046875 -0.1357421875
-0.00403833389282227 0.00852298736572266 -0.238906860351563 0.211822509765625
0.00760364532470703 0.0060429573059082 -0.00749206542968752 0.252365112304688
0.00443410873413086 0.000703334808349609 0.136489868164063 0.116645812988281
0.0180110931396484 0.00197219848632813 0.147476196289063 -0.019500732421875
0.0169248580932617 -0.000205039978027344 -0.14520263671875 -0.00431823730468749
0.00745105743408203 -0.00142240524291992 -0.106292724609375 -0.137763977050781
0.0108022689819336 0.00670814514160156 0.0562896728515625 -0.247055053710938
0.00321006774902344 0.0103425979614258 0.297027587890625 -0.182342529296875
-0.017359733581543 -0.00579357147216797 0.348175048828125 0.173675537109375
-0.00915908813476563 -0.0356636047363281 0.053009033203125 0.45184326171875
0.0354766845703125 -0.0234107971191406 -0.23651123046875 0.29522705078125
0.06353759765625 -0.00139999389648437 0.0068206787109375 0.0344753265380859
0.0406036376953125 -0.0265655517578125 0.28125 -0.294342041015625
0.00304031372070313 -0.0288467407226563 -0.053985595703125 -0.50555419921875
-0.0164003372192383 -0.00762748718261719 -0.3944091796875 -0.154266357421875
-0.000844478607177734 0.00781869888305664 -0.249649047851563 0.203506469726563
0.00864410400390625 0.00744152069091797 -0.0164794921875 0.254058837890625
0.00263428688049316 0.00162529945373535 0.134162902832031 0.120513916015625
0.0163116455078125 -0.00203227996826172 0.147354125976563 -0.0161590576171875
0.0150957107543945 -0.00335407257080078 -0.144989013671875 -0.000442504882812524
0.00501489639282227 -0.00130605697631836 -0.109382629394531 -0.134391784667969
0.012751579284668 0.00593185424804688 0.0457916259765625 -0.247238159179688
0.00914573669433594 0.00916385650634766 0.286285400390625 -0.19256591796875
-0.0136327743530273 -0.004852294921875 0.353759765625 0.157470703125
-0.0122222900390625 -0.0337486267089844 0.07232666015625 0.449188232421875
0.0279541015625 -0.0229339599609375 -0.230804443359375 0.3067626953125
0.0573844909667969 -0.00241470336914063 -0.00633239746093749 0.0416336059570313
0.0380668640136719 -0.0256423950195312 0.286529541015625 -0.27947998046875
0.0037689208984375 -0.0281734466552734 -0.02978515625 -0.506622314453125
-0.0129594802856445 -0.00797843933105469 -0.389739990234375 -0.17242431640625
0.0039973258972168 0.00555944442749023 -0.26080322265625 0.193618774414063
0.0104379653930664 0.00843143463134766 -0.02703857421875 0.253311157226562
0.000942409038543701 -0.000283002853393555 0.131393432617188 0.123756408691406
0.0139703750610352 -0.00589752197265625 0.147705078125 -0.01361083984375
0.0126352310180664 -0.00584602355957031 -0.14501953125 0.00161743164062501
0.0023796558380127 -0.00330448150634766 -0.112159729003906 -0.132362365722656
0.0146989822387695 0.00579833984375 0.03704833984375 -0.247390747070312
0.0137643814086914 0.00772666931152344 0.276229858398438 -0.2001953125
-0.00995445251464844 -0.00307464599609375 0.35687255859375 0.14202880859375
-0.014862060546875 -0.0284690856933594 0.088409423828125 0.4453125
0.0199851989746094 -0.0192737579345703 -0.225189208984375 0.317138671875
0.0466804504394531 -0.00051116943359375 -0.0152015686035156 0.0480537414550781
0.0307540893554688 -0.0218105316162109 0.295379638671875 -0.26495361328125
0.00333976745605469 -0.0241870880126953 -0.010589599609375 -0.50958251953125
-0.00943183898925781 -0.00764369964599609 -0.384857177734375 -0.188385009765625
0.00814008712768555 0.00465297698974609 -0.271591186523438 0.184524536132812
0.0136575698852539 0.00902366638183594 -0.037506103515625 0.25225830078125
-0.000644207000732422 -0.00165200233459473 0.127426147460938 0.125396728515625
0.0120105743408203 -0.00930213928222656 0.14697265625 -0.011077880859375
0.0118799209594727 -0.00782203674316406 -0.145980834960938 0.0038299560546875
0.00102853775024414 -0.00502729415893555 -0.114311218261719 -0.131561279296875
0.015742301940918 0.00352573394775391 0.0296630859375 -0.247802734375
0.0179958343505859 0.00594520568847656 0.269454956054688 -0.205764770507812
-0.00589990615844726 -0.00092935562133789 0.35870361328125 0.135009765625
-0.0161647796630859 -0.0222568511962891 0.099151611328125 0.443267822265625
0.0108842849731445 -0.0124101638793945 -0.21807861328125 0.325408935546875
0.0334663391113281 0.00176048278808594 -0.018585205078125 0.0531959533691406
0.0231418609619141 -0.0153789520263672 0.302825927734375 -0.25616455078125
0.0023956298828125 -0.01861572265625 0.00872802734375005 -0.510467529296875
-0.00569915771484375 -0.00509881973266602 -0.37896728515625 -0.199310302734375
0.0127477645874023 0.00353431701660156 -0.279342651367188 0.1773681640625
0.0147304534912109 0.00847434997558594 -0.04632568359375 0.24981689453125
-0.0022730827331543 -0.00235843658447266 0.125640869140625 0.125144958496094
0.0103969573974609 -0.0114564895629883 0.146347045898438 -0.0103759765625
0.0114994049072266 -0.00792407989501953 -0.146331787109375 0.00477600097656251
-0.00015401840209961 -0.00719165802001953 -0.115478515625 -0.13336181640625
0.0167684555053711 0.00235176086425781 0.0257110595703125 -0.24847412109375
0.0214290618896484 0.00524711608886719 0.26507568359375 -0.207534790039063
-0.00279855728149414 0.000649452209472656 0.359771728515625 0.13214111328125
-0.0171051025390625 -0.0149126052856445 0.105010986328125 0.445343017578125
0.00298786163330078 -0.00465106964111328 -0.214080810546875 0.328582763671875
0.0199222564697266 0.00566673278808594 -0.0165557861328125 0.0560951232910156
0.0126857757568359 -0.00879764556884766 0.3092041015625 -0.252593994140625
0.000123977661132812 -0.010777473449707 0.013824462890625 -0.510498046875
-0.00242471694946289 -0.00138711929321289 -0.379638671875 -0.204132080078125
0.0158615112304687 0.00251483917236328 -0.28436279296875 0.1744384765625
0.0155906677246094 0.00723171234130859 -0.051544189453125 0.248153686523437
-0.00340676307678223 -0.00423336029052734 0.123359680175781 0.1234130859375
0.00956535339355469 -0.013249397277832 0.144607543945313 -0.011749267578125
0.0120668411254883 -0.00843906402587891 -0.148345947265625 0.00347900390624998
5.24520874023444E-05 -0.00914573669433594 -0.1168212890625 -0.135200500488281
0.0167102813720703 -0.000246047973632813 0.0213623046875 -0.250518798828125
0.0231761932373047 0.00465011596679688 0.262252807617188 -0.209762573242188
0.000292062759399414 0.0032198429107666 0.361602783203125 0.131134033203125
-0.0172233581542969 -0.00768661499023438 0.111724853515625 0.447540283203125
-0.00284075736999512 0.00374913215637207 -0.20526123046875 0.331207275390625
0.00752353668212891 0.0104198455810547 -0.00707244873046875 0.0555877685546875
0.00419211387634277 -0.00289630889892578 0.308380126953125 -0.261505126953125
-0.00119662284851074 -0.00419831275939941 0.00610351562499996 -0.510467529296875
-0.000355005264282227 0.00183844566345215 -0.383941650390625 -0.194549560546875
0.0173826217651367 0.00153160095214844 -0.28271484375 0.18115234375
0.0156764984130859 0.00545120239257813 -0.0491943359375 0.246475219726562
-0.0027012825012207 -0.00609922409057617 0.123619079589844 0.119148254394531
0.00989532470703125 -0.0132684707641602 0.14276123046875 -0.01458740234375
0.0196762084960938 0.004241943359375 -0.146209716796875 -0.00910949707031248
0.0105371475219727 -0.00265407562255859 -0.101318359375 -0.143539428710937
0.0073542594909668 0.00608253479003906 0.0708465576171875 -0.245285034179688
-0.003509521484375 0.0106887817382813 0.3096923828125 -0.159912109375
-0.0200958251953125 -0.00461959838867188 0.333892822265625 0.203826904296875
-0.00443458557128906 -0.0304145812988281 0.0172119140625 0.458404541015625
0.0372390747070312 -0.0133209228515625 -0.24090576171875 0.271957397460938
0.0593185424804687 0.00479507446289062 0.0355911254882813 0.0223846435546875
0.0372848510742187 -0.0203208923339844 0.2730712890625 -0.31689453125
0.00241851806640625 -0.0219993591308594 -0.0888061523437499 -0.493377685546875
-0.0184822082519531 -0.00242424011230469 -0.395599365234375 -0.118682861328125
-0.0052785873413086 0.00895118713378906 -0.229507446289063 0.217803955078125
0.00571966171264648 0.00479221343994141 -0.00106811523437499 0.249099731445313
0.00560331344604492 -0.000432491302490234 0.1368408203125 0.109939575195313
0.0192813873291016 0.00314903259277344 0.145278930664063 -0.0229034423828125
0.0181159973144531 0.00256919860839844 -0.144912719726563 -0.00605773925781249
0.00893974304199219 -0.00129795074462891 -0.103431701660156 -0.139907836914063
0.00905323028564453 0.00734901428222656 0.06463623046875 -0.246185302734375
-0.000728607177734374 0.0105018615722656 0.30316162109375 -0.171478271484375
-0.0200576782226563 -0.00569915771484375 0.339874267578125 0.1885986328125
-0.005889892578125 -0.0342903137207031 0.032562255859375 0.453826904296875
0.0381278991699219 -0.0199623107910156 -0.238922119140625 0.281402587890625
0.0638923645019531 0.00099945068359375 0.0210628509521484 0.0275287628173828
0.0405921936035156 -0.0251274108886719 0.276123046875 -0.30706787109375
0.00272941589355469 -0.0266666412353516 -0.07373046875 -0.498199462890625
-0.0183582305908203 -0.00510978698730469 -0.3936767578125 -0.134857177734375
-0.00341272354125977 0.00847768783569336 -0.236526489257813 0.21173095703125
0.00714492797851563 0.00619220733642578 -0.00764465332031251 0.25103759765625
0.00417017936706543 0.000647783279418945 0.136474609375 0.114852905273438
0.0182342529296875 0.00132369995117187 0.14666748046875 -0.0197906494140625
0.016718864440918 -0.000856399536132813 -0.144332885742188 -0.00424194335937502
0.00730323791503906 -0.00135231018066406 -0.106712341308594 -0.136093139648438
0.0111160278320313 0.00715732574462891 0.0547943115234375 -0.245681762695312
0.00335407257080078 0.0103931427001953 0.293914794921875 -0.18182373046875
-0.0173921585083008 -0.00571823120117187 0.34674072265625 0.171356201171875
-0.00905227661132813 -0.0354118347167969 0.052459716796875 0.449432373046875
0.0347137451171875 -0.0235176086425781 -0.2344970703125 0.293487548828125
0.0633316040039063 -0.00176620483398438 0.00673675537109376 0.0342903137207031
0.0408973693847656 -0.0267219543457031 0.2801513671875 -0.29248046875
0.00349617004394531 -0.0287799835205078 -0.0537109375 -0.501556396484375
-0.016474723815918 -0.00706291198730468 -0.391326904296875 -0.1536865234375
-0.000737190246582032 0.00736284255981445 -0.247207641601563 0.202590942382812
0.00907230377197266 0.00836181640625 -0.015411376953125 0.252288818359375
0.00231552124023438 0.000988006591796875 0.1337890625 0.119216918945313
0.0157155990600586 -0.00214099884033203 0.147476196289063 -0.016693115234375
0.0142831802368164 -0.00408554077148438 -0.144622802734375 -0.000564575195312532
0.00473642349243164 -0.00221014022827148 -0.108978271484375 -0.132575988769531
0.0131464004516602 0.00644397735595703 0.04461669921875 -0.245620727539063
0.00830364227294922 0.00893020629882813 0.2835693359375 -0.191741943359375
-0.0138912200927734 -0.00486660003662109 0.35064697265625 0.1544189453125
-0.0120449066162109 -0.0331249237060547 0.071075439453125 0.44683837890625
0.0283470153808594 -0.0228137969970703 -0.229827880859375 0.30401611328125
0.0570716857910156 -0.00228118896484375 -0.00649261474609375 0.0422897338867187
0.03765869140625 -0.0256729125976563 0.28717041015625 -0.27764892578125
0.00422286987304687 -0.0279483795166016 -0.03131103515625 -0.503875732421875
-0.0133266448974609 -0.00782012939453125 -0.38665771484375 -0.1724853515625
0.00382566452026367 0.00583076477050781 -0.258514404296875 0.192398071289063
0.0108432769775391 0.00863552093505859 -0.02642822265625 0.251998901367188
0.00134754180908203 -6.35385513305664E-05 0.130836486816406 0.121719360351563
0.0137481689453125 -0.00609207153320313 0.147659301757812 -0.0140380859375
0.0123720169067383 -0.00635051727294922 -0.144760131835938 0.0022735595703125
0.00257158279418945 -0.00332975387573242 -0.112312316894531 -0.131393432617188
0.0145206451416016 0.00579357147216797 0.0353240966796875 -0.245407104492188
0.0139799118041992 0.00769805908203125 0.274322509765625 -0.200241088867188
-0.010371208190918 -0.00258922576904297 0.355712890625 0.140777587890625
-0.0140247344970703 -0.0288066864013672 0.0875854492187501 0.4415283203125
0.0200042724609375 -0.0191516876220703 -0.223052978515625 0.314697265625
0.0461959838867187 -0.0009307861328125 -0.0152549743652344 0.0485916137695313
0.031219482421875 -0.0212345123291016 0.29364013671875 -0.264862060546875
0.00336456298828125 -0.0245475769042969 -0.010101318359375 -0.506072998046875
-0.00943279266357422 -0.00767326354980469 -0.38116455078125 -0.186767578125
0.00841379165649414 0.00407505035400391 -0.269851684570312 0.183563232421875
0.0131282806396484 0.00885105133056641 -0.03631591796875 0.250762939453125
-0.000813364982604981 -0.000789344310760498 0.127754211425781 0.124183654785156
0.0118684768676758 -0.00936412811279297 0.146438598632812 -0.01165771484375
0.0116739273071289 -0.008056640625 -0.14556884765625 0.00393676757812502
0.00123929977416992 -0.00562143325805664 -0.114418029785156 -0.131004333496094
0.0159149169921875 0.00434684753417969 0.027374267578125 -0.246047973632813
0.0184764862060547 0.00618743896484375 0.26678466796875 -0.20501708984375
-0.00646257400512695 -0.00135040283203125 0.356201171875 0.13250732421875
-0.0167102813720703 -0.0221939086914063 0.098541259765625 0.440673828125
0.0107746124267578 -0.0127334594726563 -0.217437744140625 0.321807861328125
0.0330562591552734 0.00225639343261719 -0.0184516906738281 0.05352783203125
0.0221233367919922 -0.0159187316894531 0.30120849609375 -0.254486083984375
0.00203323364257813 -0.0185565948486328 0.00613403320312505 -0.506805419921875
-0.00607538223266602 -0.00529718399047851 -0.3779296875 -0.19744873046875
0.0128507614135742 0.00311756134033203 -0.27752685546875 0.176589965820312
0.0148153305053711 0.00864982604980469 -0.0453338623046875 0.248458862304688
-0.0027008056640625 -0.00276970863342285 0.124671936035156 0.124809265136719
0.0104026794433594 -0.0119037628173828 0.1453857421875 -0.01068115234375
0.0112791061401367 -0.00917243957519531 -0.146286010742188 0.00505065917968749
0.000160694122314453 -0.0080108642578125 -0.1156005859375 -0.132164001464844
0.0165042877197266 0.00194740295410156 0.0241546630859375 -0.247146606445313
0.0211925506591797 0.00518608093261719 0.262298583984375 -0.206878662109375
-0.00293803215026855 0.00125551223754883 0.357879638671875 0.13018798828125
-0.0167102813720703 -0.01513671875 0.1048583984375 0.441802978515625
0.00275659561157227 -0.00461244583129883 -0.21246337890625 0.326141357421875
0.0195026397705078 0.00611114501953125 -0.0166358947753906 0.0553436279296875
0.0127878189086914 -0.0090179443359375 0.306304931640625 -0.250518798828125
0.000394821166992188 -0.0114173889160156 0.013641357421875 -0.507354736328125
-0.00253486633300781 -0.00202202796936035 -0.3770751953125 -0.20263671875
0.0156688690185547 0.00218105316162109 -0.282440185546875 0.174224853515625
0.0157365798950195 0.00706577301025391 -0.05072021484375 0.24615478515625
-0.00280141830444336 -0.00448179244995117 0.122550964355469 0.121940612792969
0.00965404510498047 -0.0134487152099609 0.14434814453125 -0.0120849609375
0.0118217468261719 -0.00885391235351563 -0.147857666015625 0.00419616699218749
0.000215530395507812 -0.00948429107666016 -0.116920471191406 -0.134208679199219
0.0164070129394531 2.38418579101563E-05 0.0204010009765625 -0.249343872070313
0.022552490234375 0.00482559204101563 0.259109497070313 -0.209213256835938
-0.00104737281799316 0.00337934494018555 0.359283447265625 0.129974365234375
-0.0164422988891602 -0.0075693130493164 0.110504150390625 0.443817138671875
-0.00341343879699707 0.00331258773803711 -0.204254150390625 0.328338623046875
0.00702095031738281 0.0102930068969727 -0.00685882568359375 0.055023193359375
0.00446557998657226 -0.00233793258666992 0.306671142578125 -0.259521484375
-0.00153160095214844 -0.00466823577880859 0.00543212890625004 -0.50836181640625
-0.000357389450073242 0.00155067443847656 -0.381683349609375 -0.193206787109375
0.0172023773193359 0.00151634216308594 -0.280532836914062 0.180084228515625
0.0163059234619141 0.00504970550537109 -0.0486602783203125 0.245086669921875
-0.00308561325073242 -0.00629663467407227 0.12359619140625 0.1173095703125
0.00942325592041015 -0.0141944885253906 0.142547607421875 -0.0150604248046875
0.0197467803955078 0.00395584106445312 -0.145904541015625 -0.00904846191406251
0.0109329223632813 -0.00265598297119141 -0.100906372070312 -0.142471313476563
0.00767850875854492 0.00588750839233399 0.0700225830078125 -0.243606567382812
-0.00397682189941406 0.0110845565795898 0.30810546875 -0.16033935546875
-0.0201740264892578 -0.00427627563476563 0.331817626953125 0.20355224609375
-0.00397491455078125 -0.0302944183349609 0.01654052734375 0.45623779296875
0.0370635986328125 -0.0134696960449219 -0.240127563476563 0.269561767578125
0.0589065551757813 0.00504302978515625 0.035614013671875 0.0224723815917969
0.0374755859375 -0.0205421447753906 0.27154541015625 -0.31512451171875
0.00235939025878906 -0.0218524932861328 -0.08782958984375 -0.4918212890625
-0.0183792114257813 -0.00181198120117188 -0.39398193359375 -0.118499755859375
-0.00575637817382812 0.00896835327148438 -0.226898193359375 0.21661376953125
0.00558948516845703 0.00514841079711914 -0.000289916992187472 0.247421264648438
0.00587654113769531 -0.000399112701416016 0.136039733886719 0.108894348144531
0.0193710327148438 0.00300407409667969 0.145156860351563 -0.0232391357421875
0.0186119079589844 0.00150871276855469 -0.144912719726563 -0.00637817382812503
0.00871515274047852 -0.0013432502746582 -0.103736877441406 -0.138381958007813
0.00928688049316406 0.00718212127685547 0.062957763671875 -0.244415283203125
-0.0010986328125 0.010594367980957 0.301513671875 -0.170440673828125
-0.0195369720458984 -0.00611686706542969 0.338775634765625 0.187774658203125
-0.00601005554199219 -0.0342884063720703 0.032440185546875 0.4515380859375
0.0385284423828125 -0.0196876525878906 -0.238311767578125 0.27960205078125
0.0635528564453125 0.00101852416992188 0.0211906433105469 0.0278701782226562
0.0409164428710938 -0.0255851745605469 0.27484130859375 -0.304901123046875
0.00298881530761719 -0.0268878936767578 -0.07244873046875 -0.4954833984375
-0.0182895660400391 -0.00503921508789063 -0.39251708984375 -0.134002685546875
-0.0042414665222168 0.00828933715820312 -0.235031127929688 0.2100830078125
0.00714540481567383 0.00650310516357422 -0.0070648193359375 0.25030517578125
0.00475597381591797 0.000708580017089844 0.135391235351563 0.114387512207031
0.0176620483398438 0.000761032104492188 0.146255493164063 -0.01995849609375
0.0165233612060547 -0.00182819366455078 -0.144134521484375 -0.00323486328124999
0.00688743591308594 -0.00130653381347656 -0.106254577636719 -0.135284423828125
0.0112066268920898 0.00691032409667969 0.0537109375 -0.244354248046875
0.00325775146484375 0.00989723205566406 0.292510986328125 -0.181396484375
-0.0181102752685547 -0.00559234619140625 0.344390869140625 0.169677734375
-0.00896453857421875 -0.03570556640625 0.051177978515625 0.447784423828125
0.0349407196044922 -0.0226554870605469 -0.234130859375 0.29107666015625
0.0627632141113281 -0.00171279907226562 0.00694084167480469 0.0346298217773438
0.0405616760253906 -0.026397705078125 0.27813720703125 -0.290618896484375
0.00346183776855469 -0.0287284851074219 -0.054290771484375 -0.50006103515625
-0.0165567398071289 -0.006866455078125 -0.38934326171875 -0.151580810546875
-0.000476360321044922 0.00695657730102539 -0.246047973632812 0.201126098632813
0.00889968872070313 0.00755023956298828 -0.0156097412109375 0.250457763671875
0.00318121910095215 0.00110387802124023 0.132598876953125 0.11749267578125
0.015843391418457 -0.0027313232421875 0.146804809570313 -0.0168609619140625
0.0143508911132813 -0.00446319580078125 -0.143585205078125 0.000350952148437499
0.00456142425537109 -0.00150537490844727 -0.109298706054688 -0.131881713867188
0.0129156112670898 0.00623512268066406 0.04290771484375 -0.244522094726562
0.00845623016357422 0.00920963287353515 0.28192138671875 -0.191162109375
-0.0144987106323242 -0.00494575500488281 0.348358154296875 0.153076171875
-0.0112762451171875 -0.0331363677978516 0.071380615234375 0.443634033203125
0.0281238555908203 -0.0225887298583984 -0.22821044921875 0.30352783203125
0.0566368103027344 -0.00230789184570312 -0.00646972656249999 0.0421333312988281
0.0380744934082031 -0.0251655578613281 0.28607177734375 -0.27569580078125
0.00346946716308594 -0.0277957916259766 -0.031646728515625 -0.502044677734375
-0.0130252838134766 -0.00835800170898438 -0.385345458984375 -0.17041015625
0.00303363800048828 0.00574445724487305 -0.257339477539063 0.191848754882813
0.010798454284668 0.0088958740234375 -0.0259857177734375 0.250274658203125
0.000953495502471924 9.56058502197266E-05 0.1307373046875 0.121238708496094
0.0134134292602539 -0.00595760345458984 0.146621704101563 -0.0139312744140625
0.0128812789916992 -0.00698375701904297 -0.144134521484375 0.00207519531249999
0.00245356559753418 -0.00337910652160645 -0.112045288085938 -0.130760192871094
0.0145606994628906 0.00557327270507813 0.0341033935546875 -0.245285034179687
0.0139064788818359 0.00751495361328125 0.27197265625 -0.199554443359375
-0.0108041763305664 -0.0028238296508789 0.353271484375 0.140960693359375
-0.0138168334960938 -0.0283126831054688 0.086669921875 0.44049072265625
0.0201015472412109 -0.0185298919677734 -0.223175048828125 0.31280517578125
0.0462150573730469 -0.000820159912109375 -0.0150032043457031 0.0488624572753906
0.030914306640625 -0.0216064453125 0.292266845703125 -0.2628173828125
0.00307846069335938 -0.0240020751953125 -0.010223388671875 -0.50408935546875
-0.00966072082519531 -0.00724124908447266 -0.380218505859375 -0.18621826171875
0.0084376335144043 0.00336503982543945 -0.267807006835938 0.18341064453125
0.0131359100341797 0.00902366638183594 -0.03607177734375 0.249526977539063
-0.000848293304443359 -0.00117659568786621 0.126838684082031 0.123207092285156
0.0114974975585938 -0.00963401794433594 0.146255493164062 -0.012298583984375
0.011199951171875 -0.00857257843017578 -0.14556884765625 0.00428771972656247
0.00112247467041016 -0.00504875183105469 -0.114517211914063 -0.130645751953125
0.0162458419799805 0.00413799285888672 0.0262603759765625 -0.24505615234375
0.0178337097167969 0.00627899169921875 0.2647705078125 -0.204391479492188
-0.00671148300170898 -0.00132846832275391 0.35418701171875 0.131103515625
-0.0154705047607422 -0.0217533111572266 0.097564697265625 0.43780517578125
0.0105648040771484 -0.0123691558837891 -0.216339111328125 0.32000732421875
0.0320091247558594 0.00205421447753906 -0.0183486938476562 0.05352783203125
0.0222644805908203 -0.015869140625 0.30072021484375 -0.252197265625
0.00189781188964844 -0.0180854797363281 0.00735473632812496 -0.50372314453125
-0.00573015213012695 -0.00511503219604492 -0.37530517578125 -0.196563720703125
0.0131168365478516 0.00318813323974609 -0.27606201171875 0.175796508789063
0.0148611068725586 0.00915813446044922 -0.0449066162109375 0.246490478515625
-0.00199413299560547 -0.00274920463562012 0.124046325683594 0.123550415039063
0.0104665756225586 -0.0119943618774414 0.145477294921875 -0.011138916015625
0.0111207962036133 -0.0092620849609375 -0.14605712890625 0.0051727294921875
0.000420093536376953 -0.00752782821655273 -0.115524291992188 -0.131072998046875
0.0163040161132813 0.00175762176513672 0.023406982421875 -0.245895385742188
0.021026611328125 0.00470161437988281 0.261337280273438 -0.206253051757813
-0.00325107574462891 0.000892877578735352 0.35552978515625 0.12994384765625
-0.0164117813110352 -0.0144453048706055 0.104248046875 0.439788818359375
0.00280284881591797 -0.00493431091308594 -0.211212158203125 0.323944091796875
0.0188999176025391 0.00618743896484375 -0.0162467956542969 0.0559310913085938
0.0123119354248047 -0.00959491729736328 0.305816650390625 -0.249176025390625
0.000119209289550782 -0.0108127593994141 0.013824462890625 -0.50567626953125
-0.00301432609558106 -0.0018155574798584 -0.374969482421875 -0.201171875
0.0159521102905273 0.00209426879882812 -0.28118896484375 0.173370361328125
0.0159950256347656 0.00689792633056641 -0.0502777099609375 0.245162963867188
-0.00295734405517578 -0.00399661064147949 0.12225341796875 0.121299743652344
0.00963878631591797 -0.0136404037475586 0.1441650390625 -0.0118560791015625
0.0112581253051758 -0.00942707061767578 -0.14703369140625 0.00462341308593749
0.000247001647949218 -0.00965404510498047 -0.117019653320313 -0.133392333984375
0.0163736343383789 -4.86373901367188E-05 0.01861572265625 -0.248077392578125
0.0223102569580078 0.00418281555175781 0.257171630859375 -0.208984375
-0.000913858413696289 0.00349330902099609 0.357391357421875 0.128753662109375
-0.0167942047119141 -0.0073862075805664 0.1097412109375 0.4417724609375
-0.00341582298278809 0.00315427780151367 -0.204376220703125 0.3260498046875
0.00689506530761719 0.0106430053710938 -0.00726699829101562 0.054290771484375
0.00374984741210938 -0.003082275390625 0.305999755859375 -0.2568359375
-0.00171446800231934 -0.00414276123046875 0.00564575195312499 -0.505462646484375
-0.000709295272827148 0.00171291828155518 -0.3787841796875 -0.19110107421875
0.0169229507446289 0.00133705139160156 -0.27935791015625 0.179275512695313
0.0159902572631836 0.00522136688232422 -0.048309326171875 0.243667602539063
-0.00262594223022461 -0.00550317764282226 0.122940063476563 0.116661071777344
0.00949478149414062 -0.0139913558959961 0.142547607421875 -0.0151519775390625
0.0194358825683594 0.00339126586914062 -0.14593505859375 -0.00851440429687501
0.0109062194824219 -0.00283527374267578 -0.101577758789063 -0.142074584960938
0.00741720199584961 0.00584745407104492 0.0691070556640625 -0.242813110351563
-0.00411891937255859 0.01092529296875 0.30718994140625 -0.160614013671875
-0.0210361480712891 -0.00442314147949218 0.32958984375 0.20281982421875
-0.00374984741210938 -0.0300045013427734 0.01654052734375 0.453094482421875
0.0365829467773438 -0.0136947631835938 -0.239227294921875 0.2681884765625
0.0580024719238281 0.00558853149414063 0.035491943359375 0.0224227905273438
0.036834716796875 -0.0197982788085938 0.271759033203125 -0.314056396484375
0.00223350524902344 -0.0220451354980469 -0.086639404296875 -0.489501953125
-0.0185375213623047 -0.002197265625 -0.3934326171875 -0.117919921875
-0.005523681640625 0.009124755859375 -0.2261962890625 0.216018676757813
0.00577068328857422 0.00459957122802734 -0.000793457031250021 0.247100830078125
0.00564384460449219 -0.000412464141845703 0.135589599609375 0.10833740234375
0.0192127227783203 0.00249290466308594 0.144622802734375 -0.02301025390625
0.0180835723876953 0.00116539001464844 -0.145095825195313 -0.00584411621093749
0.00904369354248047 -0.00149250030517578 -0.1041259765625 -0.1380615234375
0.00928497314453125 0.00693607330322266 0.062225341796875 -0.24407958984375
-0.00163173675537109 0.0104389190673828 0.300079345703125 -0.17034912109375
-0.0200424194335938 -0.00580978393554687 0.337127685546875 0.18798828125
-0.00580024719238281 -0.0341949462890625 0.031158447265625 0.450958251953125
0.0382041931152344 -0.0196990966796875 -0.238601684570312 0.277862548828125
0.0632514953613281 0.00124740600585938 0.0215568542480469 0.0271129608154297
0.0404853820800781 -0.0243949890136719 0.274749755859375 -0.30181884765625
0.00279045104980469 -0.026214599609375 -0.07183837890625 -0.49444580078125
-0.0185699462890625 -0.00487136840820312 -0.390777587890625 -0.1339111328125
-0.003936767578125 0.0083780288696289 -0.235122680664063 0.2100830078125
0.00729608535766602 0.0060725212097168 -0.00741577148437501 0.248199462890625
0.00457191467285156 0.000174999237060547 0.135147094726563 0.113067626953125
0.0175161361694336 0.000409126281738281 0.146377563476563 -0.0200653076171875
0.0164890289306641 -0.00177860260009766 -0.1444091796875 -0.00325012207031252
0.00638866424560547 -0.00181436538696289 -0.106697082519531 -0.134681701660156
0.011052131652832 0.00751972198486328 0.052886962890625 -0.24395751953125
0.00343608856201172 0.00933837890625 0.290008544921875 -0.180755615234375
-0.0177631378173828 -0.00618934631347657 0.34222412109375 0.17083740234375
-0.00848770141601562 -0.0352134704589844 0.049835205078125 0.445648193359375
0.0351486206054688 -0.0224266052246094 -0.233306884765625 0.28924560546875
0.0628929138183594 -0.00135040283203125 0.00671005249023438 0.0343761444091797
0.0411300659179688 -0.0267906188964844 0.27764892578125 -0.288726806640625
0.00398635864257812 -0.0289955139160156 -0.05328369140625 -0.496734619140625
-0.0163631439208984 -0.00745010375976563 -0.388031005859375 -0.15167236328125
-0.00102138519287109 0.00712442398071289 -0.245147705078125 0.201248168945312
0.00875282287597656 0.00804471969604492 -0.015594482421875 0.250076293945313
0.00350785255432129 0.000656843185424805 0.132003784179688 0.11724853515625
0.0156335830688477 -0.00300216674804688 0.147140502929688 -0.016815185546875
0.0144329071044922 -0.00457286834716797 -0.144638061523438 0.000183105468750016
0.00476884841918945 -0.00279951095581055 -0.109580993652344 -0.131385803222656
0.0126752853393555 0.00679492950439453 0.0424652099609375 -0.243728637695313
0.00888252258300781 0.008941650390625 0.279647827148438 -0.191482543945313
-0.0144262313842773 -0.00480079650878906 0.346649169921875 0.15399169921875
-0.0114860534667969 -0.0331821441650391 0.069610595703125 0.442535400390625
0.0279769897460938 -0.0227680206298828 -0.22918701171875 0.30047607421875
0.0560302734375 -0.00159454345703125 -0.00601577758789062 0.0416030883789062
0.0374908447265625 -0.0261383056640625 0.28460693359375 -0.2735595703125
0.00348472595214844 -0.0281028747558594 -0.030059814453125 -0.4993896484375
-0.0133848190307617 -0.00816822052001953 -0.38311767578125 -0.170684814453125
0.00348567962646484 0.00554275512695313 -0.25616455078125 0.190933227539063
0.0108194351196289 0.00888347625732422 -0.0251007080078125 0.24981689453125
0.00163781642913818 0.000290036201477051 0.130058288574219 0.120361328125
0.0136384963989258 -0.00650882720947266 0.147064208984375 -0.0140228271484375
0.0121955871582031 -0.00776767730712891 -0.144577026367187 0.0021820068359375
0.00269246101379395 -0.00352740287780762 -0.112350463867187 -0.129585266113281
0.0146322250366211 0.00518894195556641 0.0333251953125 -0.24359130859375
0.013310432434082 0.00741863250732422 0.271011352539063 -0.199737548828125
-0.0105953216552734 -0.00280380249023438 0.351043701171875 0.140380859375
-0.0138874053955078 -0.0283088684082031 0.08642578125 0.439697265625
0.0196342468261719 -0.0192584991455078 -0.2225341796875 0.310638427734375
0.0458869934082031 -0.00107955932617188 -0.015045166015625 0.0481338500976563
0.0306739807128906 -0.0214633941650391 0.2913818359375 -0.2607421875
0.00296592712402344 -0.0250091552734375 -0.00918579101562502 -0.503021240234375
-0.00919055938720703 -0.00698757171630859 -0.378021240234375 -0.185821533203125
0.00847768783569336 0.00415897369384766 -0.267242431640625 0.182052612304688
0.013066291809082 0.00912857055664063 -0.0361328125 0.24835205078125
-0.000462889671325684 -0.00123310089111328 0.126251220703125 0.122657775878906
0.0112371444702148 -0.00936031341552734 0.146530151367188 -0.011810302734375
0.0111465454101563 -0.00950145721435547 -0.145187377929688 0.00422668457031251
0.000594139099121094 -0.00526523590087891 -0.114395141601562 -0.129310607910156
0.0159101486206055 0.00361061096191406 0.0261688232421875 -0.244140625
0.0178451538085937 0.00602340698242187 0.2620849609375 -0.204055786132812
-0.0062718391418457 -0.00121688842773438 0.3526611328125 0.131866455078125
-0.0154781341552734 -0.0222644805908203 0.09619140625 0.43768310546875
0.0107507705688477 -0.0121555328369141 -0.216156005859375 0.31781005859375
0.0322380065917969 0.00193214416503906 -0.0180015563964844 0.05255126953125
0.0219497680664063 -0.0156116485595703 0.298919677734375 -0.250244140625
0.00229454040527344 -0.0186691284179688 0.00912475585937495 -0.5028076171875
-0.00581598281860352 -0.00489473342895508 -0.37310791015625 -0.196533203125
0.0124349594116211 0.00313568115234375 -0.27581787109375 0.174667358398437
0.014735221862793 0.00830936431884766 -0.0445556640625 0.24664306640625
-0.00181758403778076 -0.00214242935180664 0.123588562011719 0.122306823730469
0.0103893280029297 -0.011810302734375 0.145355224609375 -0.011199951171875
0.0112781524658203 -0.00980949401855469 -0.14593505859375 0.00509643554687499
-0.000242233276367188 -0.00735330581665039 -0.1160888671875 -0.131065368652344
0.0168161392211914 0.0022125244140625 0.022125244140625 -0.245758056640625
0.0209064483642578 0.00477409362792969 0.258651733398438 -0.20587158203125
-0.0032801628112793 0.00101757049560547 0.35400390625 0.1290283203125
-0.0156717300415039 -0.0148200988769531 0.10333251953125 0.43988037109375
0.00296592712402344 -0.00446510314941406 -0.21075439453125 0.322540283203125
0.0186080932617187 0.0059661865234375 -0.0164108276367188 0.0553169250488281
0.0122823715209961 -0.00957965850830078 0.3048095703125 -0.247772216796875
0.000181198120117188 -0.0110750198364258 0.0136108398437501 -0.5029296875
-0.00304079055786133 -0.00182437896728516 -0.373138427734375 -0.201568603515625
0.0161304473876953 0.00186347961425781 -0.280258178710938 0.172714233398437
0.0161495208740234 0.00785160064697266 -0.04998779296875 0.244552612304688
-0.00194096565246582 -0.00430440902709961 0.121994018554688 0.120765686035156
0.009368896484375 -0.0138845443725586 0.144027709960938 -0.01171875
0.011317253112793 -0.0101232528686523 -0.147018432617188 0.00508117675781247
0.000260353088378907 -0.00986099243164062 -0.11688232421875 -0.133438110351562
0.0164556503295898 0.000248908996582031 0.0183868408203125 -0.24713134765625
0.0221023559570313 0.0039215087890625 0.256393432617188 -0.208160400390625
-0.00155878067016602 0.00408434867858887 0.35528564453125 0.128204345703125
-0.0161590576171875 -0.00757408142089844 0.108612060546875 0.441070556640625
-0.00379467010498047 0.00350689888000488 -0.204376220703125 0.32452392578125
0.0068511962890625 0.0107145309448242 -0.00674057006835938 0.0543403625488281
0.0043485164642334 -0.00290918350219727 0.3052978515625 -0.255950927734375
-0.00151324272155762 -0.00416755676269531 0.00585937500000005 -0.502960205078125
-0.00075531005859375 0.00184750556945801 -0.377777099609375 -0.190765380859375
0.0169858932495117 0.00145530700683594 -0.278610229492188 0.178253173828125
0.0162506103515625 0.00547027587890625 -0.0475921630859375 0.242446899414063
-0.00202417373657227 -0.00542211532592773 0.122695922851563 0.116256713867188
0.00948810577392578 -0.0142068862915039 0.142196655273437 -0.014923095703125
0.0197410583496094 0.00275611877441406 -0.146331787109375 -0.00866699218750003
0.0104103088378906 -0.0024261474609375 -0.101608276367187 -0.141921997070313
0.00748777389526367 0.006317138671875 0.068695068359375 -0.242828369140625
-0.00473308563232422 0.010767936706543 0.305511474609375 -0.160308837890625
-0.0206947326660156 -0.00529670715332032 0.328765869140625 0.20172119140625
-0.00351905822753907 -0.0300922393798828 0.01361083984375 0.452362060546875
0.0369224548339844 -0.0133781433105469 -0.238784790039063 0.265884399414062
0.0578346252441406 0.00550460815429687 0.035614013671875 0.0226173400878906
0.0377540588378906 -0.02032470703125 0.272216796875 -0.312408447265625
0.00221824645996093 -0.0216770172119141 -0.087066650390625 -0.489410400390625
-0.0186347961425781 -0.00238037109375 -0.392333984375 -0.1195068359375
-0.00603389739990234 0.00878715515136719 -0.226058959960937 0.21502685546875
0.00576210021972656 0.00443506240844727 -0.000961303710937481 0.246551513671875
0.00589799880981445 -0.000456333160400391 0.135940551757813 0.107978820800781
0.0192909240722656 0.00157546997070313 0.144119262695313 -0.023284912109375
0.0181674957275391 0.00100326538085938 -0.14520263671875 -0.00581359863281253
0.00894451141357422 -0.00160598754882813 -0.103645324707031 -0.138336181640625
0.0085606575012207 0.00705862045288086 0.06219482421875 -0.242919921875
-0.00123310089111328 0.010157585144043 0.298797607421875 -0.17041015625
-0.0196571350097656 -0.00637245178222656 0.33428955078125 0.18768310546875
-0.00544166564941407 -0.0346488952636719 0.030242919921875 0.4495849609375
0.0384712219238281 -0.0192832946777344 -0.238571166992188 0.27593994140625
0.06304931640625 0.0014801025390625 0.0211009979248047 0.0277786254882813
0.040283203125 -0.0249061584472656 0.27490234375 -0.300811767578125
0.00316429138183594 -0.0269966125488281 -0.0702819824218751 -0.4930419921875
-0.0184478759765625 -0.00513648986816407 -0.390838623046875 -0.13482666015625
-0.00366592407226563 0.00847625732421875 -0.2347412109375 0.208343505859375
0.00698471069335938 0.00614070892333984 -0.00701904296875001 0.2479248046875
0.00517892837524414 0.000664234161376953 0.134544372558594 0.113357543945313
0.0180206298828125 0.000383377075195313 0.146377563476562 -0.0200042724609375
0.0158548355102539 -0.00222587585449219 -0.1439208984375 -0.0030364990234375
0.00610160827636719 -0.00207281112670898 -0.107162475585937 -0.134391784667969
0.011347770690918 0.00725173950195313 0.0518798828125 -0.24267578125
0.00310897827148437 0.00927352905273438 0.289154052734375 -0.180755615234375
-0.0184097290039063 -0.00606727600097656 0.34075927734375 0.170440673828125
-0.00789642333984376 -0.0353851318359375 0.048828125 0.445343017578125
0.0344486236572266 -0.0225696563720703 -0.233917236328125 0.28778076171875
0.0623893737792969 -0.00139999389648438 0.00684738159179688 0.0341987609863281
0.0398674011230469 -0.0261192321777344 0.278564453125 -0.28631591796875
0.00415802001953125 -0.0284709930419922 -0.052093505859375 -0.497528076171875
-0.0166597366333008 -0.00726890563964844 -0.387176513671875 -0.151947021484375
-0.0009765625 0.00652980804443359 -0.245803833007812 0.200408935546875
0.0091705322265625 0.00785350799560547 -0.0153350830078125 0.248382568359375
0.00306320190429688 0.000863790512084961 0.132011413574219 0.116828918457031
0.0155820846557617 -0.00287818908691406 0.146728515625 -0.0164794921875
0.0140161514282227 -0.00551319122314453 -0.144332885742188 -4.57763671874719E-05
0.00456380844116211 -0.00188350677490234 -0.109855651855469 -0.130882263183594
0.0127363204956055 0.00608634948730469 0.0420684814453125 -0.243011474609375
0.00834178924560547 0.00873184204101563 0.27886962890625 -0.19110107421875
-0.014857292175293 -0.00458240509033203 0.345062255859375 0.153533935546875
-0.0104808807373047 -0.0330257415771484 0.068023681640625 0.44061279296875
0.0283489227294922 -0.0219955444335938 -0.229522705078125 0.300506591796875
0.0562515258789063 -0.00136566162109375 -0.00570678710937499 0.0422592163085938
0.0367660522460938 -0.0254936218261719 0.285430908203125 -0.27239990234375
0.00433921813964844 -0.0276603698730469 -0.027496337890625 -0.49884033203125
-0.0131263732910156 -0.00803661346435547 -0.38336181640625 -0.171417236328125
0.00316238403320313 0.00472354888916016 -0.256607055664063 0.190170288085938
0.0106945037841797 0.00877475738525391 -0.025634765625 0.249191284179687
0.0010528564453125 0.000343978404998779 0.129440307617188 0.120620727539063
0.0135774612426758 -0.00696754455566406 0.147064208984375 -0.0138702392578125
0.0115346908569336 -0.00797843933105469 -0.144561767578125 0.00303649902343748
0.00226545333862305 -0.00338172912597656 -0.112358093261719 -0.129959106445313
0.0147314071655273 0.00545024871826172 0.0325775146484375 -0.2435302734375
0.0131425857543945 0.00715351104736328 0.270309448242188 -0.1993408203125
-0.0103988647460937 -0.00304031372070313 0.349761962890625 0.139984130859375
-0.0136070251464844 -0.0282955169677734 0.083282470703125 0.438751220703125
0.0197982788085938 -0.0194110870361328 -0.222686767578125 0.309539794921875
0.0452003479003906 -0.000675201416015625 -0.0151405334472656 0.0481147766113281
0.0307750701904297 -0.0217342376708984 0.29278564453125 -0.25836181640625
0.00334358215332031 -0.0246429443359375 -0.00851440429687503 -0.50140380859375
-0.00966548919677735 -0.00711631774902344 -0.377716064453125 -0.186248779296875
0.00842523574829102 0.00377702713012695 -0.266799926757813 0.181076049804687
0.0134420394897461 0.00874042510986328 -0.0363922119140625 0.248260498046875
2.70009040832519E-05 -0.000814616680145264 0.126335144042969 0.122154235839844
0.0115289688110352 -0.0104227066040039 0.146713256835938 -0.0118865966796875
0.0116252899169922 -0.00949478149414063 -0.145782470703125 0.0048065185546875
0.000750541687011719 -0.00576257705688477 -0.115020751953125 -0.129287719726563
0.0159187316894531 0.00427818298339844 0.0255279541015625 -0.243438720703125
0.0176830291748047 0.00562667846679688 0.262298583984375 -0.203903198242187
-0.00726222991943359 -0.000988960266113283 0.35137939453125 0.132659912109375
-0.0153446197509766 -0.0222415924072266 0.095245361328125 0.436248779296875
0.0111227035522461 -0.0124731063842773 -0.217529296875 0.316162109375
0.0320568084716797 0.00242805480957031 -0.0182037353515625 0.0528488159179688
0.0223274230957031 -0.0159244537353516 0.30010986328125 -0.248931884765625
0.00232219696044922 -0.0175075531005859 0.00860595703125003 -0.501861572265625
-0.00558614730834961 -0.00527715682983398 -0.37359619140625 -0.19696044921875
0.0130605697631836 0.00263023376464844 -0.27630615234375 0.174209594726562
0.0149917602539063 0.00870132446289063 -0.044769287109375 0.245086669921875
-0.00119471549987793 -0.00272989273071289 0.123573303222656 0.121925354003906
0.0104608535766602 -0.0127983093261719 0.145416259765625 -0.0106201171875
0.0109453201293945 -0.00993442535400391 -0.146286010742188 0.00526428222656252
0.000369071960449219 -0.00769948959350586 -0.11669921875 -0.1304931640625
0.0162487030029297 0.00183963775634766 0.021575927734375 -0.2449951171875
0.0209522247314453 0.005035400390625 0.2587890625 -0.205642700195313
-0.00380587577819824 0.00105571746826172 0.35198974609375 0.130706787109375
-0.0161457061767578 -0.0148372650146484 0.100982666015625 0.438079833984375
0.00260305404663086 -0.00454330444335938 -0.213531494140625 0.321044921875
0.0182571411132812 0.00631904602050781 -0.0156745910644531 0.0549430847167969
0.012415885925293 -0.00917911529541016 0.3050537109375 -0.2462158203125
0.000546455383300782 -0.0111455917358398 0.01544189453125 -0.502349853515625
-0.00320959091186523 -0.00208091735839844 -0.37322998046875 -0.20172119140625
0.0161504745483398 0.00147151947021484 -0.2802734375 0.1715087890625
0.0161104202270508 0.00774192810058594 -0.0495452880859375 0.243453979492188
-0.00213432312011719 -0.00354862213134766 0.120903015136719 0.119949340820313
0.00932598114013672 -0.0143537521362305 0.144195556640625 -0.0114288330078125
0.0120573043823242 -0.0104560852050781 -0.1474609375 0.00505065917968752
1.3351440429687E-05 -0.00963592529296875 -0.117294311523438 -0.132011413574219
0.0160608291625977 -0.000455856323242187 0.0176544189453125 -0.246856689453125
0.0219650268554688 0.00432586669921875 0.25537109375 -0.2083740234375
-0.00124859809875488 0.00357508659362793 0.35406494140625 0.128662109375
-0.0162458419799805 -0.00775718688964844 0.106964111328125 0.44012451171875
-0.00335168838500977 0.00370597839355469 -0.204681396484375 0.3223876953125
0.00660133361816406 0.0103130340576172 -0.00673294067382812 0.0545005798339844
0.0039827823638916 -0.00279521942138672 0.305084228515625 -0.25384521484375
-0.00152897834777832 -0.00412273406982422 0.00674438476562503 -0.50323486328125
-0.00106334686279297 0.00178658962249756 -0.37646484375 -0.1912841796875
0.0167207717895508 0.000767707824707031 -0.277877807617187 0.17779541015625
0.0163421630859375 0.006011962890625 -0.048126220703125 0.242446899414063
-0.00271844863891602 -0.00551033020019531 0.122322082519531 0.115837097167969
0.00909042358398438 -0.0147790908813477 0.142578125 -0.0142822265625
0.0193595886230469 0.00244140625 -0.146499633789062 -0.00880432128906248
0.0102682113647461 -0.00281906127929688 -0.101974487304688 -0.142532348632813
0.00724220275878906 0.00577640533447266 0.0680999755859375 -0.242523193359375
-0.00474643707275391 0.0103340148925781 0.3052978515625 -0.1597900390625
-0.0209636688232422 -0.00482559204101562 0.328033447265625 0.20355224609375
-0.0032958984375 -0.0302352905273438 0.0135498046875 0.45318603515625
0.0368728637695313 -0.0134353637695313 -0.240142822265625 0.265472412109375
0.0580101013183594 0.00551605224609375 0.0356636047363281 0.022186279296875
0.0374679565429688 -0.0206413269042969 0.272705078125 -0.311004638671875
0.00265693664550781 -0.0218353271484375 -0.084869384765625 -0.4891357421875
-0.018646240234375 -0.00177383422851562 -0.39166259765625 -0.120391845703125
-0.0057525634765625 0.00861692428588867 -0.226760864257813 0.214874267578125
0.00589418411254883 0.00444984436035156 -0.000579833984374999 0.24627685546875
0.00614261627197266 -0.000457286834716797 0.135894775390625 0.10772705078125
0.0191841125488281 0.00148963928222656 0.14520263671875 -0.022735595703125
0.0182151794433594 0.000753402709960938 -0.145431518554688 -0.00570678710937499
0.00844097137451172 -0.00147104263305664 -0.104545593261719 -0.137992858886719
0.0089569091796875 0.00690269470214844 0.061004638671875 -0.243438720703125
-0.00156307220458984 0.0103645324707031 0.298736572265625 -0.1700439453125
-0.0201244354248047 -0.00599288940429688 0.333831787109375 0.18792724609375
-0.00492668151855469 -0.0341815948486328 0.027618408203125 0.4501953125
0.0382652282714844 -0.019622802734375 -0.23931884765625 0.275634765625
0.0624465942382812 0.00139617919921875 0.0214252471923828 0.0276851654052734
0.0410842895507812 -0.0250587463378906 0.27569580078125 -0.2994384765625
0.00312042236328125 -0.0267620086669922 -0.07061767578125 -0.493865966796875
-0.0190467834472656 -0.00494384765625 -0.389801025390625 -0.135223388671875
-0.00414419174194336 0.00757932662963867 -0.23516845703125 0.20867919921875
0.00744819641113281 0.00646495819091797 -0.0076904296875 0.248214721679688
0.00486660003662109 0.000577449798583984 0.134437561035156 0.112861633300781
0.0180740356445313 -0.0003204345703125 0.146881103515625 -0.0194549560546875
0.0159120559692383 -0.00287818908691406 -0.144699096679688 -0.00396728515624998
0.00717973709106445 -0.00129795074462891 -0.106979370117187 -0.134864807128906
0.011082649230957 0.00706386566162109 0.051727294921875 -0.242996215820313
0.00296974182128906 0.00939464569091797 0.28900146484375 -0.180877685546875
-0.0183238983154297 -0.00605392456054687 0.339508056640625 0.171051025390625
-0.00753021240234375 -0.035400390625 0.047607421875 0.446319580078125
0.0352210998535156 -0.0231056213378906 -0.236083984375 0.287139892578125
0.0620040893554688 -0.000957489013671875 0.00615882873535157 0.0346240997314453
0.0406265258789063 -0.0265045166015625 0.278900146484375 -0.285919189453125
0.00352287292480469 -0.0290126800537109 -0.050445556640625 -0.497711181640625
-0.0169467926025391 -0.00693035125732422 -0.38653564453125 -0.15338134765625
-0.00100231170654297 0.00658655166625977 -0.245574951171875 0.199737548828125
0.00900554656982422 0.00766658782958984 -0.0153961181640625 0.2496337890625
0.00312614440917969 0.000612497329711914 0.132278442382813 0.116767883300781
0.0156517028808594 -0.00400257110595703 0.147781372070312 -0.01641845703125
0.0133609771728516 -0.005767822265625 -0.145416259765625 0.000564575195312491
0.00445127487182617 -0.00213766098022461 -0.110420227050781 -0.131317138671875
0.0127229690551758 0.00616645812988281 0.041656494140625 -0.2432861328125
0.00809049606323242 0.00826644897460938 0.278640747070313 -0.190338134765625
-0.0147018432617188 -0.00500869750976563 0.34466552734375 0.15411376953125
-0.0109024047851563 -0.0331287384033203 0.06536865234375 0.4417724609375
0.0281887054443359 -0.0220088958740234 -0.230072021484375 0.298370361328125
0.0557327270507813 -0.0010223388671875 -0.00600433349609374 0.0417289733886719
0.0375480651855469 -0.0253105163574219 0.28656005859375 -0.27178955078125
0.00397872924804687 -0.0279197692871094 -0.02752685546875 -0.498687744140625
-0.0133447647094727 -0.00819492340087891 -0.3829345703125 -0.171539306640625
0.00359392166137695 0.00510501861572266 -0.256423950195313 0.189483642578125
0.0109376907348633 0.00893306732177734 -0.0262451171875 0.248870849609375
0.00129520893096924 0.000210881233215332 0.129104614257812 0.11962890625
0.0128412246704102 -0.00737285614013672 0.147857666015625 -0.013580322265625
0.0125436782836914 -0.00811672210693359 -0.14483642578125 0.00289916992187501
0.00195002555847168 -0.00384020805358887 -0.113189697265625 -0.129737854003906
0.0146188735961914 0.00565624237060547 0.032440185546875 -0.243606567382813
0.0133056640625 0.00721645355224609 0.268844604492188 -0.199066162109375
-0.0112018585205078 -0.00314044952392578 0.35009765625 0.140411376953125
-0.0139961242675781 -0.0280952453613281 0.0823974609375 0.439361572265625
0.0199050903320313 -0.0190162658691406 -0.223175048828125 0.308563232421875
0.044830322265625 -0.0004119873046875 -0.0152626037597656 0.0484504699707031
0.0311241149902344 -0.0219326019287109 0.29278564453125 -0.257293701171875
0.00420570373535156 -0.0246715545654297 -0.00784301757812502 -0.501129150390625
-0.00999832153320313 -0.00727081298828125 -0.378570556640625 -0.18719482421875
0.00809621810913086 0.00357294082641602 -0.267837524414063 0.1806640625
0.0134677886962891 0.0090494155883789 -0.036468505859375 0.248458862304687
-0.000156044960021973 -0.000745415687561035 0.125862121582031 0.121719360351563
0.0116233825683594 -0.0104579925537109 0.146820068359375 -0.011688232421875
0.0109901428222656 -0.00996494293212891 -0.145538330078125 0.00485229492187502
0.000111103057861328 -0.0049896240234375 -0.115249633789062 -0.128913879394531
0.016082763671875 0.00375175476074219 0.0249786376953125 -0.243560791015625
0.0169334411621094 0.00601005554199219 0.261749267578125 -0.204025268554688
-0.00731468200683594 -0.000702857971191408 0.350341796875 0.132476806640625
-0.0146884918212891 -0.0214080810546875 0.094757080078125 0.436981201171875
0.0106430053710937 -0.0124082565307617 -0.21759033203125 0.316131591796875
0.0316257476806641 0.00166511535644531 -0.0186576843261719 0.0527763366699219
0.0220394134521484 -0.0160350799560547 0.2996826171875 -0.24700927734375
0.00203132629394531 -0.0182228088378906 0.009918212890625 -0.501739501953125
-0.00592422485351563 -0.00555992126464844 -0.37335205078125 -0.198486328125
0.0119857788085938 0.00245571136474609 -0.275375366210938 0.173675537109375
0.0149631500244141 0.00827693939208984 -0.0455780029296875 0.245758056640625
-0.00159811973571777 -0.00194478034973145 0.123558044433594 0.121986389160156
0.00957775115966797 -0.0129423141479492 0.14599609375 -0.01068115234375
0.0108766555786133 -0.0105838775634766 -0.146499633789063 0.00514221191406249
9.01222229003899E-05 -0.00800180435180664 -0.116477966308594 -0.130729675292969
0.0161361694335938 0.00170612335205078 0.021209716796875 -0.245269775390625
0.0202388763427734 0.00473403930664063 0.258056640625 -0.205413818359375
-0.00412344932556152 0.000987529754638672 0.350830078125 0.129730224609375
-0.0156459808349609 -0.0143833160400391 0.099090576171875 0.439178466796875
0.00276660919189453 -0.00445318222045898 -0.212860107421875 0.320037841796875
0.0187263488769531 0.00612068176269531 -0.0162734985351563 0.0548858642578125
0.0122089385986328 -0.00938796997070313 0.305145263671875 -0.245086669921875
0.000197410583496093 -0.0106658935546875 0.01617431640625 -0.50213623046875
-0.00308895111083984 -0.00193881988525391 -0.373260498046875 -0.20281982421875
0.0153160095214844 0.00128936767578125 -0.280868530273437 0.17193603515625
0.0161800384521484 0.0074920654296875 -0.0501861572265625 0.243621826171875
-0.00171756744384766 -0.00377392768859863 0.121299743652344 0.11993408203125
0.00927925109863281 -0.0144872665405273 0.144821166992188 -0.0115509033203125
0.0119199752807617 -0.0106821060180664 -0.14788818359375 0.00463867187500001
-0.000196456909179687 -0.00957775115966797 -0.117393493652344 -0.132659912109375
0.0164127349853516 -0.000677108764648438 0.016998291015625 -0.24725341796875
0.0216712951660156 0.00378990173339844 0.255233764648438 -0.208847045898438
-0.00180244445800781 0.00359177589416504 0.35302734375 0.129486083984375
-0.015960693359375 -0.00735282897949219 0.1060791015625 0.440643310546875
-0.00381374359130859 0.00319838523864746 -0.204864501953125 0.321990966796875
0.00637531280517578 0.0104484558105469 -0.00680923461914063 0.0548171997070312
0.00403118133544922 -0.00355219841003418 0.30517578125 -0.252166748046875
-0.00183916091918945 -0.00373983383178711 0.00787353515625003 -0.50262451171875
-0.000853419303894043 0.0016711950302124 -0.378082275390625 -0.193695068359375
0.0168371200561523 0.00104808807373047 -0.2779541015625 0.177215576171875
0.0161342620849609 0.00585651397705078 -0.0484466552734375 0.242401123046875
-0.00199413299560547 -0.00566291809082031 0.122268676757813 0.116188049316406
0.00919818878173828 -0.0149002075195313 0.143234252929688 -0.013885498046875
0.0192451477050781 0.00237655639648438 -0.147781372070313 -0.00924682617187503
0.0103836059570313 -0.00239372253417969 -0.10247802734375 -0.141983032226562
0.00728845596313477 0.00544404983520508 0.068115234375 -0.242828369140625
-0.00447559356689453 0.0108222961425781 0.305755615234375 -0.159912109375
-0.0216007232666016 -0.00417518615722656 0.326690673828125 0.203826904296875
-0.00278282165527344 -0.0301761627197266 0.011505126953125 0.453643798828125
0.0375251770019531 -0.0134315490722656 -0.241546630859375 0.265396118164063
0.0575981140136719 0.00606155395507813 0.0352325439453125 0.0224990844726563
0.0374221801757813 -0.02032470703125 0.27557373046875 -0.31060791015625
0.00216865539550781 -0.0219230651855469 -0.0849304199218751 -0.490509033203125
-0.0192394256591797 -0.00209808349609375 -0.392730712890625 -0.120880126953125
-0.00579738616943359 0.00826835632324219 -0.227767944335938 0.215103149414063
0.00600147247314453 0.00472021102905273 -0.00108337402343751 0.246337890625
0.00656509399414063 -0.000158309936523438 0.135772705078125 0.108070373535156
0.0191497802734375 0.00177001953125 0.146026611328125 -0.023284912109375
0.0177974700927734 -3.0517578125E-05 -0.146392822265625 -0.00592041015625003
0.00857353210449219 -0.00153446197509766 -0.10528564453125 -0.138343811035156
0.00870275497436523 0.00691843032836914 0.060638427734375 -0.243453979492188
-0.001739501953125 0.0105123519897461 0.298736572265625 -0.17022705078125
-0.0206832885742187 -0.0056610107421875 0.334136962890625 0.189361572265625
-0.004669189453125 -0.0341682434082031 0.026885986328125 0.450836181640625
0.0377540588378906 -0.0195121765136719 -0.240982055664062 0.27471923828125
0.0623016357421875 0.0014190673828125 0.0210762023925781 0.0273647308349609
0.0406532287597656 -0.0249900817871094 0.276519775390625 -0.29998779296875
0.00317192077636719 -0.0266780853271484 -0.07049560546875 -0.49395751953125
-0.0188198089599609 -0.00507736206054688 -0.390777587890625 -0.136505126953125
-0.00455713272094726 0.00770378112792969 -0.23626708984375 0.20831298828125
0.00759029388427734 0.00650787353515625 -0.00738525390624999 0.249038696289063
0.00487756729125977 0.000490665435791016 0.134773254394531 0.1134033203125
0.0173625946044922 -0.00057220458984375 0.147491455078125 -0.02032470703125
0.0162315368652344 -0.00309848785400391 -0.146041870117187 -0.00312805175781248
0.00709819793701172 -0.00160694122314453 -0.108039855957031 -0.134994506835938
0.0112142562866211 0.00730609893798828 0.051544189453125 -0.243118286132812
0.00287055969238281 0.0091705322265625 0.289459228515625 -0.181427001953125
-0.0184478759765625 -0.00569725036621093 0.340118408203125 0.171844482421875
-0.00727081298828125 -0.0357246398925781 0.04638671875 0.44708251953125
0.0348148345947266 -0.0225162506103516 -0.23681640625 0.286346435546875
0.0616645812988281 -0.00035858154296875 0.00666427612304688 0.0343151092529297
0.0409011840820313 -0.0262336730957031 0.280487060546875 -0.286285400390625
0.00333404541015625 -0.0290012359619141 -0.050079345703125 -0.497528076171875
-0.0168933868408203 -0.00687503814697266 -0.3878173828125 -0.15386962890625
-0.000787258148193359 0.00605487823486328 -0.246490478515625 0.199462890625
0.00961017608642578 0.00787925720214844 -0.01641845703125 0.250152587890625
0.00310277938842773 0.000682592391967773 0.132225036621094 0.117393493652344
0.0151548385620117 -0.00413799285888672 0.148971557617188 -0.0164642333984375
0.0136327743530273 -0.00622653961181641 -0.145599365234375 0.000320434570312523
0.0041649341583252 -0.00240564346313477 -0.1107177734375 -0.1319580078125
0.0127544403076172 0.00710964202880859 0.0411834716796875 -0.243392944335938
0.00793886184692383 0.00840854644775391 0.278350830078125 -0.191299438476563
-0.0152950286865234 -0.00480270385742188 0.345458984375 0.155731201171875
-0.0111713409423828 -0.0336704254150391 0.06463623046875 0.443115234375
0.0282001495361328 -0.0219745635986328 -0.23193359375 0.299530029296875
0.0554924011230469 -0.0012969970703125 -0.00574493408203125 0.0415077209472656
0.0373344421386719 -0.0255699157714844 0.28717041015625 -0.269866943359375
0.00400733947753906 -0.0280323028564453 -0.027435302734375 -0.499725341796875
-0.0138778686523438 -0.00789070129394531 -0.383819580078125 -0.173736572265625
0.00359725952148438 0.00462579727172852 -0.257492065429687 0.190048217773438
0.0112524032592773 0.00886249542236328 -0.0263824462890625 0.249771118164063
0.00145447254180908 0.000283598899841309 0.129974365234375 0.12030029296875
0.013035774230957 -0.00716495513916016 0.1483154296875 -0.0139617919921875
0.0118064880371094 -0.00895023345947266 -0.146484375 0.00245666503906248
0.00264358520507813 -0.00368547439575195 -0.113365173339844 -0.13006591796875
0.0149908065795898 0.00506496429443359 0.0325775146484375 -0.243545532226563
0.0127410888671875 0.00731277465820313 0.269287109375 -0.199508666992188
-0.0107707977294922 -0.00309944152832031 0.3489990234375 0.1407470703125
-0.0130195617675781 -0.0281238555908203 0.081390380859375 0.44012451171875
0.0197620391845703 -0.0185737609863281 -0.224609375 0.308074951171875
0.0456809997558594 -0.000331878662109375 -0.0150337219238281 0.0479278564453125
0.0308742523193359 -0.0211753845214844 0.29345703125 -0.25750732421875
0.00326156616210938 -0.0242900848388672 -0.00610351562500002 -0.50421142578125
-0.00971031188964844 -0.00709724426269531 -0.378326416015625 -0.188262939453125
0.00799274444580078 0.00403547286987305 -0.267837524414062 0.181304931640625
0.0139007568359375 0.00899982452392578 -0.0368804931640625 0.248489379882813
0.000256001949310303 -0.000727832317352295 0.125823974609375 0.121910095214844
0.0117282867431641 -0.0107851028442383 0.14788818359375 -0.0116119384765625
0.0110101699829102 -0.0103950500488281 -0.1470947265625 0.00491333007812501
0.000786304473876953 -0.00589084625244141 -0.1158447265625 -0.129638671875
0.015625 0.00370121002197266 0.024749755859375 -0.24407958984375
0.0176715850830078 0.00578689575195313 0.262176513671875 -0.20428466796875
-0.00713443756103516 -0.00159168243408203 0.351348876953125 0.133026123046875
-0.0155124664306641 -0.0220298767089844 0.0924072265625001 0.4385986328125
0.0103673934936523 -0.012141227722168 -0.2196044921875 0.316009521484375
0.0312919616699219 0.00234603881835938 -0.0190658569335938 0.0526885986328125
0.0223255157470703 -0.0159969329833984 0.3016357421875 -0.247650146484375
0.00177192687988281 -0.0182228088378906 0.0107421875 -0.503448486328125
-0.00658845901489258 -0.00459957122802734 -0.37353515625 -0.199981689453125
0.0124444961547852 0.00213718414306641 -0.276535034179688 0.17364501953125
0.0159072875976563 0.00863456726074219 -0.04571533203125 0.246002197265625
-0.00120234489440918 -0.00201010704040527 0.123550415039062 0.121574401855469
0.0100774765014648 -0.0136852264404297 0.147064208984375 -0.0101776123046875
0.0109128952026367 -0.0112648010253906 -0.147308349609375 0.00492858886718748
-9.91821289062504E-05 -0.00779342651367187 -0.116813659667969 -0.130638122558594
0.0163640975952148 0.00178432464599609 0.020721435546875 -0.2451171875
0.0205001831054688 0.00481605529785156 0.25860595703125 -0.206573486328125
-0.00436711311340332 0.000774860382080077 0.351287841796875 0.131439208984375
-0.0154914855957031 -0.0148067474365234 0.099090576171875 0.439422607421875
0.0023350715637207 -0.00435495376586914 -0.2144775390625 0.319793701171875
0.0180168151855469 0.00646209716796875 -0.0156669616699219 0.0548858642578125
0.0119361877441406 -0.00948905944824219 0.30718994140625 -0.24481201171875
0.000395774841308594 -0.0109491348266602 0.016754150390625 -0.503021240234375
-0.00358033180236816 -0.00132465362548828 -0.374176025390625 -0.203094482421875
0.0152702331542969 0.00146961212158203 -0.281646728515625 0.171173095703125
0.0167102813720703 0.00778102874755859 -0.0502166748046875 0.244247436523438
-0.00191783905029297 -0.00401496887207031 0.122055053710937 0.120613098144531
0.00914192199707031 -0.0148000717163086 0.145217895507813 -0.01092529296875
0.0111751556396484 -0.0113306045532227 -0.148269653320313 0.00489807128906249
-0.000347137451171875 -0.00997734069824219 -0.11810302734375 -0.133735656738281
0.0166959762573242 -0.000485420227050781 0.016937255859375 -0.247161865234375
0.0215225219726563 0.00403404235839844 0.254913330078125 -0.208480834960938
-0.0022127628326416 0.00324559211730957 0.354217529296875 0.130340576171875
-0.0156221389770508 -0.00701618194580078 0.104644775390625 0.44195556640625
-0.00428223609924316 0.00362300872802734 -0.206756591796875 0.32098388671875
0.00672340393066406 0.0107126235961914 -0.00696182250976563 0.05377197265625
0.00394320487976074 -0.00362825393676758 0.307220458984375 -0.2523193359375
-0.00184369087219238 -0.00386667251586914 0.0101013183593751 -0.503753662109375
-0.00109612941741943 0.00191771984100342 -0.37750244140625 -0.193939208984375
0.0169601440429688 0.00091552734375 -0.27984619140625 0.177337646484375
0.0164299011230469 0.00529384613037109 -0.048828125 0.242904663085937
-0.00214099884033203 -0.00517034530639648 0.122016906738281 0.116226196289063
0.00896930694580078 -0.0155258178710938 0.143478393554688 -0.014404296875
0.0193328857421875 0.00171279907226563 -0.148788452148438 -0.00923156738281253
0.0101499557495117 -0.002899169921875 -0.103515625 -0.143081665039062
0.00720405578613281 0.00551986694335938 0.0671844482421875 -0.244644165039063
-0.00503063201904297 0.0104990005493164 0.3062744140625 -0.16021728515625
-0.0215263366699219 -0.00463676452636718 0.328216552734375 0.2056884765625
-0.00243759155273438 -0.0303573608398437 0.010345458984375 0.4559326171875
0.0375747680664063 -0.0135421752929688 -0.244125366210938 0.265090942382812
0.0575180053710938 0.00516128540039063 0.0358314514160156 0.023101806640625
0.0382881164550781 -0.0208015441894531 0.2757568359375 -0.31134033203125
0.00269699096679687 -0.0220947265625 -0.083892822265625 -0.492828369140625
-0.0193214416503906 -0.00203704833984375 -0.3941650390625 -0.122222900390625
-0.00626945495605469 0.00850009918212891 -0.229171752929688 0.21539306640625
0.00665140151977539 0.00497102737426758 -0.001129150390625 0.248153686523438
0.00653457641601563 -0.000318527221679688 0.136329650878906 0.108146667480469
0.0193519592285156 0.000823974609375 0.1475830078125 -0.022735595703125
0.0172853469848633 -0.000265121459960937 -0.147781372070313 -0.0060882568359375
0.00853538513183594 -0.00205564498901367 -0.105880737304687 -0.138954162597656
0.00890922546386719 0.00705242156982422 0.060516357421875 -0.244247436523438
-0.00216388702392578 0.0100040435791016 0.2998046875 -0.17071533203125
-0.021484375 -0.006591796875 0.33447265625 0.1900634765625
-0.00438880920410156 -0.0347423553466797 0.02593994140625 0.452667236328125
0.0385398864746094 -0.01953125 -0.242568969726563 0.274154663085937
0.0632896423339844 0.00217819213867188 0.0214920043945313 0.0279598236083984
0.0415420532226563 -0.0251731872558594 0.279083251953125 -0.30096435546875
0.00324630737304687 -0.0265216827392578 -0.0689392089843749 -0.497528076171875
-0.0190296173095703 -0.00482749938964844 -0.391632080078125 -0.13836669921875
-0.00491428375244141 0.00771236419677734 -0.237014770507813 0.208984375
0.00800132751464844 0.00686168670654297 -0.00772094726562499 0.249542236328125
0.00491428375244141 0.000660896301269531 0.135337829589844 0.112884521484375
0.0175008773803711 -0.00113105773925781 0.148727416992188 -0.01959228515625
0.0162153244018555 -0.00345802307128906 -0.146835327148438 -0.00341796875000002
0.00655269622802734 -0.00157833099365234 -0.108695983886719 -0.13525390625
0.010951042175293 0.00723075866699219 0.050994873046875 -0.244888305664063
0.00217342376708984 0.00955867767333984 0.2901611328125 -0.181304931640625
-0.0187816619873047 -0.00636863708496094 0.34063720703125 0.172515869140625
-0.00756072998046875 -0.0355224609375 0.045745849609375 0.44873046875
0.0346164703369141 -0.0227146148681641 -0.238861083984375 0.28717041015625
0.0621261596679687 -0.000637054443359375 0.00676727294921876 0.0345821380615234
0.04107666015625 -0.0276107788085938 0.281890869140625 -0.2864990234375
0.00342178344726563 -0.0286540985107422 -0.050079345703125 -0.50018310546875
-0.0171937942504883 -0.00693225860595703 -0.389495849609375 -0.155120849609375
-0.000823974609375 0.00667858123779297 -0.247589111328125 0.200225830078125
0.00892448425292969 0.00811672210693359 -0.0164794921875 0.251052856445313
0.00386476516723633 0.00107765197753906 0.132881164550781 0.117561340332031
0.0153799057006836 -0.00423431396484375 0.149429321289063 -0.01654052734375
0.0136203765869141 -0.00671863555908203 -0.146392822265625 -0.000167846679687508
0.00406360626220703 -0.00216364860534668 -0.111686706542969 -0.132720947265625
0.0128593444824219 0.00622367858886719 0.041229248046875 -0.244720458984375
0.00795269012451172 0.00872039794921875 0.27978515625 -0.192214965820313
-0.0155086517333984 -0.00481319427490234 0.3463134765625 0.15618896484375
-0.0103511810302734 -0.0334835052490234 0.0638427734375 0.445587158203125
0.0280933380126953 -0.0219860076904297 -0.23486328125 0.29913330078125
0.0560264587402344 -0.001129150390625 -0.00603103637695312 0.0416221618652344
0.0378684997558594 -0.0256881713867188 0.28948974609375 -0.271575927734375
0.00415611267089844 -0.0281944274902344 -0.025604248046875 -0.502777099609375
-0.0142526626586914 -0.00823783874511719 -0.384796142578125 -0.173797607421875
0.00343704223632812 0.00494670867919922 -0.259490966796875 0.190704345703125
0.0116748809814453 0.00879383087158203 -0.0268096923828125 0.250289916992188
0.00136041641235352 0.000451087951660156 0.130203247070313 0.120307922363281
0.0129671096801758 -0.00806236267089844 0.149337768554688 -0.0136566162109375
0.0120658874511719 -0.00893783569335938 -0.147018432617188 0.00268554687499999
0.00185894966125488 -0.0035560131072998 -0.114463806152344 -0.130958557128906
0.0148105621337891 0.00519561767578125 0.0313262939453125 -0.244979858398437
0.0130453109741211 0.0072784423828125 0.270034790039063 -0.20001220703125
-0.011810302734375 -0.00343513488769531 0.349517822265625 0.14251708984375
-0.0130939483642578 -0.0291099548339844 0.08111572265625 0.44140625
0.0192890167236328 -0.0184860229492187 -0.22662353515625 0.30902099609375
0.0450210571289063 -0.000308990478515625 -0.0156021118164062 0.048095703125
0.0314884185791016 -0.0220203399658203 0.295928955078125 -0.256805419921875
0.00342750549316406 -0.0244178771972656 -0.00558471679687495 -0.505126953125
-0.0100393295288086 -0.00682735443115235 -0.379180908203125 -0.189666748046875
0.00849437713623047 0.00358009338378906 -0.270034790039063 0.181671142578125
0.0141115188598633 0.00928783416748047 -0.0369415283203125 0.249832153320312
-6.49690628051757E-05 -0.00075221061706543 0.126747131347656 0.122734069824219
0.0109109878540039 -0.0107803344726563 0.148818969726562 -0.0118255615234375
0.0108127593994141 -0.0105915069580078 -0.14794921875 0.00486755371093753
0.000208854675292969 -0.00587749481201172 -0.116500854492188 -0.130043029785156
0.0157718658447266 0.00376701354980469 0.0244598388671875 -0.245346069335938
0.0168628692626953 0.00580978393554687 0.262786865234375 -0.205764770507813
-0.00805091857910156 -0.00147819519042969 0.350921630859375 0.134185791015625
-0.0142688751220703 -0.0224208831787109 0.092742919921875 0.44012451171875
0.0109472274780273 -0.0122814178466797 -0.222503662109375 0.316253662109375
0.0316371917724609 0.00241470336914063 -0.0187301635742187 0.0527076721191406
0.0221385955810547 -0.0160427093505859 0.30255126953125 -0.2471923828125
0.0019378662109375 -0.0180416107177734 0.0128173828125 -0.5042724609375
-0.00679683685302734 -0.00487518310546875 -0.375244140625 -0.20068359375
0.0122394561767578 0.00242137908935547 -0.278030395507813 0.174530029296875
0.0155677795410156 0.00849246978759765 -0.046417236328125 0.24737548828125
-0.00111627578735352 -0.0023953914642334 0.124114990234375 0.122764587402344
0.0100631713867187 -0.0136260986328125 0.147781372070312 -0.0103607177734375
0.0107059478759766 -0.0119800567626953 -0.148483276367188 0.00482177734374999
-0.00032186508178711 -0.00830268859863281 -0.11810302734375 -0.131668090820313
0.0165414810180664 0.0018768310546875 0.0203094482421875 -0.246627807617188
0.0206146240234375 0.00447845458984375 0.259658813476563 -0.207412719726563
-0.00426650047302246 0.00066828727722168 0.352569580078125 0.132476806640625
-0.0150089263916016 -0.0148477554321289 0.0985107421875 0.4415283203125
0.00209236145019531 -0.00484323501586914 -0.216552734375 0.31884765625
0.0182151794433594 0.00616264343261719 -0.01611328125 0.0554389953613281
0.0120859146118164 -0.0099935531616211 0.30810546875 -0.243682861328125
-0.000168800354003907 -0.0111856460571289 0.018096923828125 -0.505126953125
-0.00353026390075684 -0.00186800956726074 -0.37493896484375 -0.20452880859375
0.0155048370361328 0.00154495239257813 -0.2823486328125 0.172088623046875
0.016901969909668 0.0072784423828125 -0.0514068603515625 0.245437622070313
-0.00171184539794922 -0.00393486022949219 0.121711730957031 0.120803833007813
0.00918674468994141 -0.0151453018188477 0.146804809570313 -0.0107879638671875
0.0112066268920898 -0.0118923187255859 -0.149520874023438 0.00503540039062497
-0.000591278076171875 -0.00982666015625 -0.118568420410156 -0.133514404296875
0.0170660018920898 -0.000211715698242188 0.0161285400390625 -0.24847412109375
0.021759033203125 0.0038299560546875 0.2554931640625 -0.209304809570313
-0.00215601921081543 0.00388908386230469 0.354461669921875 0.13177490234375
-0.0152683258056641 -0.00785064697265625 0.103607177734375 0.44439697265625
-0.00370621681213379 0.00311899185180664 -0.20849609375 0.323486328125
0.00607776641845703 0.009979248046875 -0.007415771484375 0.0549201965332031
0.00341224670410156 -0.00328397750854492 0.3082275390625 -0.2530517578125
-0.00142693519592285 -0.00386619567871094 0.00915527343750004 -0.505035400390625
-0.00139713287353516 0.00239253044128418 -0.37969970703125 -0.1956787109375
0.0170803070068359 0.000392913818359375 -0.28094482421875 0.178192138671875
0.0169839859008789 0.00581741333007813 -0.04962158203125 0.244476318359375
-0.00196743011474609 -0.00547027587890625 0.122581481933594 0.116500854492187
0.00938320159912109 -0.0161228179931641 0.14483642578125 -0.0144805908203125
0.0192794799804688 0.00144004821777344 -0.150238037109375 -0.00898742675781248
0.010411262512207 -0.00264453887939453 -0.10418701171875 -0.143234252929688
0.00735187530517578 0.00601911544799805 0.0665435791015625 -0.245742797851563
-0.00510215759277344 0.0106163024902344 0.307220458984375 -0.162017822265625
-0.0217876434326172 -0.00471687316894531 0.3297119140625 0.206268310546875
-0.00226783752441407 -0.0313377380371094 0.00942993164062502 0.457855224609375
0.0380706787109375 -0.0138282775878906 -0.2449951171875 0.265792846679687
0.0581092834472656 0.00564193725585938 0.0364608764648438 0.0224037170410156
0.0380592346191406 -0.0210304260253906 0.279266357421875 -0.312042236328125
0.00309371948242187 -0.0220623016357422 -0.0842590332031249 -0.495941162109375
-0.0197696685791016 -0.00159645080566406 -0.395843505859375 -0.12335205078125
-0.00600624084472656 0.00848102569580078 -0.229598999023437 0.217376708984375
0.00644302368164063 0.00497817993164063 -0.00161743164062499 0.249252319335938
0.00667381286621094 -0.00106048583984375 0.137138366699219 0.108680725097656
0.0192184448242188 0.000955581665039063 0.148239135742188 -0.02349853515625
0.0169572830200195 -0.000706672668457031 -0.148483276367188 -0.00599670410156251
0.00812768936157227 -0.00155305862426758 -0.10711669921875 -0.139884948730469
0.00955867767333984 0.00672245025634766 0.060272216796875 -0.246047973632812
-0.00266647338867187 0.0105524063110352 0.3004150390625 -0.172332763671875
-0.0215282440185547 -0.00607681274414063 0.3367919921875 0.19195556640625
-0.00391578674316406 -0.0346183776855469 0.025360107421875 0.455413818359375
0.0384712219238281 -0.019317626953125 -0.244644165039062 0.275344848632813
0.063079833984375 0.00196075439453125 0.0219898223876953 0.0280513763427734
0.0415306091308594 -0.0252113342285156 0.281036376953125 -0.3009033203125
0.00362014770507812 -0.0270652770996094 -0.069244384765625 -0.5013427734375
-0.0191764831542969 -0.00489044189453125 -0.393310546875 -0.13934326171875
-0.00445938110351562 0.00750970840454102 -0.2381591796875 0.209793090820313
0.00771951675415039 0.00652790069580078 -0.0079345703125 0.251129150390625
0.00554990768432617 -0.000233173370361328 0.136123657226563 0.113456726074219
0.0178356170654297 -0.00130844116210938 0.149978637695313 -0.0204925537109375
0.0161342620849609 -0.00377082824707031 -0.148162841796875 -0.00271606445312503
0.00667428970336914 -0.00160837173461914 -0.109481811523438 -0.136016845703125
0.0111207962036133 0.00719356536865234 0.05023193359375 -0.24542236328125
0.00201606750488281 0.00972938537597656 0.291412353515625 -0.18304443359375
-0.0189781188964844 -0.0065765380859375 0.3416748046875 0.1739501953125
-0.0064697265625 -0.0358505249023438 0.0457763671875 0.451141357421875
0.0352592468261719 -0.0230255126953125 -0.24169921875 0.287109375
0.0625381469726562 -0.00095367431640625 0.00667381286621094 0.0348224639892578
0.0413360595703125 -0.0271034240722656 0.284027099609375 -0.288238525390625
0.00396347045898438 -0.0294075012207031 -0.050201416015625 -0.5028076171875
-0.0174722671508789 -0.007537841796875 -0.390625 -0.1572265625
-0.00130939483642578 0.00639247894287109 -0.248779296875 0.200714111328125
0.00973796844482422 0.00774955749511719 -0.0164337158203125 0.25213623046875
0.00365090370178223 0.000284194946289063 0.133987426757813 0.117439270019531
0.0152578353881836 -0.00481033325195312 0.15057373046875 -0.0169219970703125
0.0137596130371094 -0.00685024261474609 -0.147781372070313 0.000595092773437481
0.00403618812561035 -0.00190830230712891 -0.112274169921875 -0.13238525390625
0.0134658813476562 0.00600814819335938 0.0402374267578125 -0.246444702148438
0.00717735290527344 0.00834751129150391 0.2801513671875 -0.193695068359375
-0.01568603515625 -0.00470829010009766 0.346893310546875 0.156829833984375
-0.0104198455810547 -0.0339088439941406 0.064208984375 0.44775390625
0.0286350250244141 -0.0222663879394531 -0.23529052734375 0.299041748046875
0.0560111999511719 -0.000492095947265625 -0.00588607788085937 0.0418014526367187
0.0378341674804687 -0.0261154174804687 0.291107177734375 -0.272064208984375
0.00434303283691407 -0.0282649993896484 -0.02691650390625 -0.5048828125
-0.0137977600097656 -0.00806140899658203 -0.38702392578125 -0.17584228515625
0.00317668914794922 0.00440454483032226 -0.259857177734375 0.191604614257813
0.0119218826293945 0.00901603698730469 -0.0266265869140625 0.2518310546875
0.00176239013671875 0.000141739845275879 0.130844116210938 0.121063232421875
0.0125665664672852 -0.00848197937011719 0.150726318359375 -0.01446533203125
0.0118265151977539 -0.00918960571289063 -0.147964477539063 0.00285339355468751
0.00138258934020996 -0.0036320686340332 -0.115745544433594 -0.13079833984375
0.0147895812988281 0.00512313842773438 0.0309600830078125 -0.246017456054688
0.0126028060913086 0.00691699981689453 0.270782470703125 -0.202285766601562
-0.0119733810424805 -0.00385284423828125 0.351715087890625 0.143463134765625
-0.0128307342529297 -0.0290451049804687 0.0797119140625 0.44427490234375
0.0194282531738281 -0.0188694000244141 -0.22955322265625 0.30926513671875
0.0455131530761719 -2.288818359375E-05 -0.0147056579589844 0.0476799011230469
0.0310306549072266 -0.0220127105712891 0.2974853515625 -0.25799560546875
0.004058837890625 -0.0242958068847656 -0.00585937500000004 -0.507049560546875
-0.0100440979003906 -0.00733470916748047 -0.38214111328125 -0.190643310546875
0.00847768783569336 0.00320625305175781 -0.2713623046875 0.18280029296875
0.0143709182739258 0.00935554504394531 -0.0368499755859375 0.250625610351563
-0.000272572040557861 -0.00109076499938965 0.127838134765625 0.122817993164063
0.0108547210693359 -0.0116672515869141 0.149688720703125 -0.0115966796875
0.0109710693359375 -0.0116806030273437 -0.148605346679688 0.00492858886718751
0.000379562377929687 -0.00578737258911133 -0.117820739746094 -0.130844116210938
0.0163002014160156 0.00357437133789062 0.0240478515625 -0.246688842773438
0.0173501968383789 0.00580024719238281 0.26348876953125 -0.207122802734375
-0.00834846496582031 -0.00147819519042969 0.352935791015625 0.133758544921875
-0.0145130157470703 -0.0226612091064453 0.09197998046875 0.44293212890625
0.0101757049560547 -0.0122461318969727 -0.224609375 0.31787109375
0.0315589904785156 0.00196266174316406 -0.0188522338867188 0.0526657104492188
0.0220146179199219 -0.0163516998291016 0.305023193359375 -0.248291015625
0.00227546691894531 -0.01873779296875 0.011627197265625 -0.50653076171875
-0.00636720657348633 -0.00446128845214844 -0.377899169921875 -0.201507568359375
0.0123987197875977 0.00211811065673828 -0.280014038085937 0.175369262695313
0.0156984329223633 0.0093841552734375 -0.0469207763671875 0.248672485351563
-0.00155758857727051 -0.00243353843688965 0.124977111816406 0.12249755859375
0.00966167449951172 -0.0144577026367187 0.1494140625 -0.0109710693359375
0.0101861953735352 -0.0123462677001953 -0.1497802734375 0.00534057617187503
-0.000610828399658202 -0.00797748565673828 -0.119491577148438 -0.131889343261719
0.0168857574462891 0.00150203704833984 0.019805908203125 -0.247833251953125
0.0197982788085938 0.00439071655273438 0.259414672851563 -0.20880126953125
-0.00468111038208008 0.0010066032409668 0.353179931640625 0.133514404296875
-0.0151395797729492 -0.0147037506103516 0.0983581542968751 0.445526123046875
0.00231742858886719 -0.00461101531982422 -0.218414306640625 0.319976806640625
0.0176277160644531 0.00666618347167969 -0.0162887573242188 0.0551567077636719
0.0120449066162109 -0.0100650787353516 0.311004638671875 -0.245758056640625
0.000401496887207031 -0.0112094879150391 0.017822265625 -0.507720947265625
-0.00334692001342773 -0.00171709060668945 -0.377471923828125 -0.206329345703125
0.0157642364501953 0.00137615203857422 -0.2843017578125 0.173126220703125
0.0170383453369141 0.00768184661865234 -0.05133056640625 0.246292114257813
-0.00168323516845703 -0.00383758544921875 0.122695922851563 0.120582580566406
0.00925254821777344 -0.0160808563232422 0.148025512695313 -0.0116119384765625
0.0110073089599609 -0.012568473815918 -0.15087890625 0.00526428222656251
-0.000835418701171875 -0.00920581817626953 -0.120391845703125 -0.134506225585938
0.0171918869018555 -0.000209808349609375 0.0164031982421875 -0.249893188476562
0.0216617584228516 0.00364875793457031 0.256866455078125 -0.211410522460937
-0.00267958641052246 0.00426101684570312 0.355743408203125 0.1326904296875
-0.0154695510864258 -0.00780200958251953 0.1041259765625 0.446685791015625
-0.0044703483581543 0.0036468505859375 -0.210662841796875 0.3233642578125
0.0061187744140625 0.0102357864379883 -0.00693893432617188 0.0548439025878906
0.00326442718505859 -0.00415396690368652 0.3111572265625 -0.253387451171875
-0.00134062767028809 -0.00345206260681152 0.010162353515625 -0.507781982421875
-0.00166797637939453 0.00249814987182617 -0.381439208984375 -0.1964111328125
0.0167474746704102 -0.000452995300292969 -0.282745361328125 0.17852783203125
0.0172119140625 0.00526332855224609 -0.0491180419921875 0.245132446289063
-0.00199604034423828 -0.0054783821105957 0.123435974121094 0.116539001464844
0.00907230377197266 -0.01629638671875 0.145950317382813 -0.0139007568359375
0.0188961029052734 0.0008087158203125 -0.151580810546875 -0.00857543945312503
0.0105037689208984 -0.00251293182373047 -0.106460571289062 -0.1444091796875
0.00736236572265625 0.00587940216064453 0.066741943359375 -0.247390747070312
-0.00571918487548828 0.0104846954345703 0.309112548828125 -0.163330078125
-0.022308349609375 -0.00498008728027344 0.331268310546875 0.2083740234375
-0.00191497802734375 -0.0310020446777344 0.00900268554687502 0.46246337890625
0.0378608703613281 -0.0136184692382813 -0.248046875 0.265884399414063
0.0581092834472656 0.00560379028320313 0.0366363525390625 0.0226287841796875
0.0381431579589844 -0.0213050842285156 0.27978515625 -0.314605712890625
0.00241279602050781 -0.0221443176269531 -0.08599853515625 -0.49688720703125
-0.0193843841552734 -0.00191497802734375 -0.398406982421875 -0.122222900390625
-0.00628328323364258 0.00838422775268555 -0.23150634765625 0.218841552734375
0.0066981315612793 0.00510168075561523 -0.000976562500000026 0.250473022460937
0.00675010681152344 -0.000962257385253906 0.138015747070313 0.108833312988281
0.0197563171386719 0.000398635864257812 0.14971923828125 -0.023681640625
0.0172452926635742 -0.00126075744628906 -0.150787353515625 -0.00605773925781253
0.0081939697265625 -0.00188112258911133 -0.10870361328125 -0.140251159667969
0.00904941558837891 0.00690078735351563 0.059112548828125 -0.247848510742188
-0.00233650207519531 0.010157585144043 0.301544189453125 -0.173919677734375
-0.0217704772949219 -0.00631141662597656 0.337738037109375 0.192901611328125
-0.00381851196289062 -0.0354385375976563 0.026092529296875 0.45867919921875
0.0391960144042969 -0.019805908203125 -0.247329711914063 0.276107788085937
0.06317138671875 0.00188827514648437 0.0222911834716797 0.0279617309570312
0.041534423828125 -0.0261192321777344 0.2825927734375 -0.3031005859375
0.00365638732910156 -0.0271797180175781 -0.070281982421875 -0.501708984375
-0.019195556640625 -0.00485038757324219 -0.3966064453125 -0.138397216796875
-0.00446033477783203 0.00737810134887695 -0.23980712890625 0.2119140625
0.0081939697265625 0.00672101974487305 -0.00712585449218751 0.2528076171875
0.00529956817626953 0.000168800354003906 0.137351989746094 0.113525390625
0.0176258087158203 -0.00195884704589844 0.151596069335938 -0.020355224609375
0.0155801773071289 -0.00352668762207031 -0.149795532226563 -0.00341796875000001
0.00603008270263672 -0.000857830047607422 -0.111534118652344 -0.136428833007813
0.0110082626342773 0.00685977935791016 0.0498046875 -0.247421264648437
0.00174427032470703 0.00969791412353516 0.292816162109375 -0.18463134765625
-0.0196132659912109 -0.00623512268066406 0.344024658203125 0.17449951171875
-0.00675201416015625 -0.0365142822265625 0.044830322265625 0.454437255859375
0.0355949401855469 -0.0226974487304688 -0.242401123046875 0.290252685546875
0.0628089904785156 -0.0003204345703125 0.00682449340820313 0.0345745086669922
0.0414199829101563 -0.0275955200195313 0.2862548828125 -0.28948974609375
0.00381278991699219 -0.0288734436035156 -0.050384521484375 -0.50579833984375
-0.0175485610961914 -0.00710582733154296 -0.394775390625 -0.15692138671875
-0.000334739685058594 0.00640249252319336 -0.251068115234375 0.203094482421875
0.00986480712890625 0.00826835632324219 -0.015655517578125 0.254135131835938
0.00342297554016113 0.000787258148193359 0.135154724121094 0.117767333984375
0.0155448913574219 -0.00504493713378906 0.1524658203125 -0.0174560546875
0.0129003524780273 -0.00737285614013672 -0.149627685546875 0.000534057617187523
0.00350856781005859 -0.0027461051940918 -0.114456176757813 -0.133674621582031
0.0132856369018555 0.00654983520507812 0.0397796630859375 -0.24755859375
0.00711631774902344 0.00856161117553711 0.281768798828125 -0.1961669921875
-0.0158281326293945 -0.00487327575683594 0.348388671875 0.15814208984375
-0.00992965698242187 -0.0343666076660156 0.063934326171875 0.451568603515625
0.0287895202636719 -0.0226001739501953 -0.236724853515625 0.3013916015625
0.05621337890625 -0.00117111206054688 -0.00627899169921875 0.0416603088378906
0.0379791259765625 -0.026519775390625 0.292510986328125 -0.272613525390625
0.00384902954101562 -0.0280284881591797 -0.027679443359375 -0.508575439453125
-0.0139780044555664 -0.00795936584472656 -0.38946533203125 -0.175872802734375
0.0035247802734375 0.00483274459838867 -0.2618408203125 0.193695068359375
0.0119438171386719 0.00868797302246094 -0.025970458984375 0.253463745117188
0.0025184154510498 -0.000132083892822266 0.132537841796875 0.121856689453125
0.0131511688232422 -0.00887393951416016 0.1524658203125 -0.0149078369140625
0.0117664337158203 -0.00963687896728516 -0.149627685546875 0.00332641601562497
0.00128579139709473 -0.00365662574768066 -0.117546081542969 -0.131446838378906
0.0149822235107422 0.00501918792724609 0.0299224853515625 -0.247909545898438
0.0128850936889648 0.00723171234130859 0.271774291992188 -0.203994750976563
-0.0116815567016602 -0.00308895111083984 0.3538818359375 0.145263671875
-0.0127372741699219 -0.0294589996337891 0.080169677734375 0.447418212890625
0.0202159881591797 -0.0189018249511719 -0.23016357421875 0.311126708984375
0.0448570251464844 0.00016021728515625 -0.0150375366210937 0.0479469299316406
0.0308551788330078 -0.0227832794189453 0.300750732421875 -0.25909423828125
0.00324058532714843 -0.0247325897216797 -0.00534057617187499 -0.50921630859375
-0.0103158950805664 -0.00678443908691406 -0.38494873046875 -0.191925048828125
0.0077967643737793 0.0026860237121582 -0.273025512695313 0.184219360351562
0.014002799987793 0.00892448425292969 -0.0370941162109375 0.252975463867188
-5.62667846679688E-05 -0.000718593597412109 0.128852844238281 0.123336791992188
0.0110263824462891 -0.01226806640625 0.152084350585938 -0.01220703125
0.00994014739990234 -0.0119047164916992 -0.150177001953125 0.00553894042968753
8.01086425781246E-05 -0.00546073913574219 -0.119735717773438 -0.131607055664063
0.0162954330444336 0.0035400390625 0.0224761962890625 -0.248275756835938
0.0175914764404297 0.00567054748535156 0.26409912109375 -0.20904541015625
-0.00811100006103516 -0.00101137161254883 0.35546875 0.135528564453125
-0.0144748687744141 -0.0229473114013672 0.092437744140625 0.445465087890625
0.0107831954956055 -0.0129899978637695 -0.226043701171875 0.3187255859375
0.0317020416259766 0.00277328491210937 -0.0185508728027344 0.053192138671875
0.0220584869384766 -0.0172100067138672 0.3076171875 -0.250091552734375
0.00206184387207031 -0.0184803009033203 0.011749267578125 -0.51031494140625
-0.00686502456665039 -0.00482034683227539 -0.3800048828125 -0.203826904296875
0.0125141143798828 0.00176048278808594 -0.2813720703125 0.176361083984375
0.015955924987793 0.0087575912475586 -0.0459442138671875 0.250274658203125
-0.000957012176513672 -0.00239157676696777 0.125572204589844 0.123268127441406
0.00973320007324219 -0.0143280029296875 0.150970458984375 -0.011260986328125
0.0103445053100586 -0.0128993988037109 -0.151199340820313 0.00552368164062497
-0.00120162963867188 -0.00793075561523438 -0.120956420898438 -0.132469177246094
0.0169105529785156 0.00156879425048828 0.01861572265625 -0.249252319335938
0.0202522277832031 0.00466156005859375 0.2613525390625 -0.2109375
-0.00527667999267578 0.00118207931518555 0.35552978515625 0.134246826171875
-0.0155410766601563 -0.0153779983520508 0.099853515625 0.447509765625
0.00244379043579102 -0.00415658950805664 -0.2198486328125 0.322784423828125
0.0178852081298828 0.00634002685546875 -0.0158462524414063 0.0552253723144531
0.0119028091430664 -0.0102415084838867 0.31219482421875 -0.246246337890625
-0.000175476074218751 -0.0113019943237305 0.0181884765625 -0.510711669921875
-0.00389456748962402 -0.00139737129211426 -0.378814697265625 -0.2073974609375
0.015507698059082 0.00114631652832031 -0.28594970703125 0.174102783203125
0.0168952941894531 0.00787544250488281 -0.051422119140625 0.24835205078125
-0.0016179084777832 -0.00416970252990723 0.123542785644531 0.121963500976562
0.00911617279052734 -0.0162439346313477 0.149154663085938 -0.011444091796875
0.0107698440551758 -0.0123310089111328 -0.152114868164063 0.00559997558593748
-0.00054454803466797 -0.0100250244140625 -0.121513366699219 -0.1348876953125
0.0170602798461914 -0.000164985656738281 0.0150146484375 -0.251632690429688
0.0214214324951172 0.0037384033203125 0.257415771484375 -0.213241577148438
-0.00291681289672851 0.00365638732910156 0.358642578125 0.132537841796875
-0.0149326324462891 -0.00808429718017578 0.105072021484375 0.44927978515625
-0.00387978553771973 0.00324153900146484 -0.21185302734375 0.3250732421875
0.0060272216796875 0.0105037689208984 -0.00695037841796874 0.0545005798339844
0.00331878662109375 -0.0045466423034668 0.312835693359375 -0.254608154296875
-0.00213503837585449 -0.00380897521972656 0.00952148437499995 -0.51104736328125
-0.00136876106262207 0.00256800651550293 -0.3829345703125 -0.197784423828125
0.0172414779663086 9.63211059570313E-05 -0.28399658203125 0.180999755859375
0.0176048278808594 0.00532913208007813 -0.0487213134765625 0.246444702148438
-0.00181961059570312 -0.00554323196411133 0.124473571777344 0.116989135742188
0.00913238525390625 -0.0164785385131836 0.147689819335938 -0.0144805908203125
0.0189361572265625 0.000886917114257812 -0.153228759765625 -0.00860595703125002
0.00988388061523438 -0.00286483764648437 -0.108322143554688 -0.14508056640625
0.00753641128540039 0.00571393966674805 0.06536865234375 -0.249588012695312
-0.00541400909423828 0.0104818344116211 0.310211181640625 -0.165283203125
-0.0227260589599609 -0.00487136840820312 0.333984375 0.20916748046875
-0.00169944763183593 -0.0314693450927734 0.009918212890625 0.46600341796875
0.0383644104003906 -0.0137062072753906 -0.249176025390625 0.268951416015625
0.0586967468261719 0.00623703002929688 0.0370254516601563 0.0222053527832031
0.0383377075195313 -0.0219917297363281 0.281585693359375 -0.317291259765625
0.0027923583984375 -0.0222511291503906 -0.087127685546875 -0.502899169921875
-0.0200119018554687 -0.00141334533691406 -0.401641845703125 -0.123138427734375
-0.0068359375 0.00834751129150391 -0.232391357421875 0.22088623046875
0.00673198699951172 0.0051722526550293 0.000137329101562498 0.252670288085937
0.00711393356323242 -0.000792980194091797 0.140251159667969 0.1090087890625
0.0191822052001953 -0.00063323974609375 0.1513671875 -0.024810791015625
0.0173549652099609 -0.00162601470947266 -0.152267456054687 -0.00541687011718751
0.00789785385131836 -0.00133275985717773 -0.110977172851562 -0.141021728515625
0.00957393646240234 0.00712108612060547 0.05816650390625 -0.24981689453125
-0.00264644622802734 0.0104875564575195 0.30224609375 -0.1761474609375
-0.0220279693603516 -0.00616645812988281 0.340179443359375 0.193450927734375
-0.00377273559570312 -0.0354804992675781 0.026397705078125 0.461029052734375
0.0386962890625 -0.0196990966796875 -0.247817993164062 0.27850341796875
0.0636749267578125 0.00225830078125 0.0221328735351563 0.0277805328369141
0.0416374206542969 -0.0264434814453125 0.2838134765625 -0.3060302734375
0.0030670166015625 -0.0271472930908203 -0.071533203125 -0.505767822265625
-0.0195465087890625 -0.00459098815917969 -0.401214599609375 -0.13897705078125
-0.00446319580078125 0.0073399543762207 -0.24090576171875 0.213851928710938
0.0078582763671875 0.00636482238769531 -0.00645446777343749 0.255142211914063
0.00576686859130859 -0.000153541564941406 0.139053344726563 0.113906860351563
0.0173816680908203 -0.00269317626953125 0.15350341796875 -0.0214691162109375
0.0155458450317383 -0.00445747375488281 -0.15087890625 -0.00276184082031249
0.00623512268066406 -0.00144624710083008 -0.1136474609375 -0.137229919433594
0.0118370056152344 0.00700283050537109 0.0484771728515625 -0.24981689453125
0.00177288055419922 0.00965404510498047 0.293609619140625 -0.188323974609375
-0.0202655792236328 -0.00585746765136719 0.346954345703125 0.17559814453125
-0.00652313232421875 -0.0367889404296875 0.0458984375 0.457763671875
0.0360260009765625 -0.0229568481445313 -0.2440185546875 0.290863037109375
0.0626373291015625 -0.0006866455078125 0.00680160522460938 0.0346851348876953
0.0418434143066406 -0.0280380249023438 0.287689208984375 -0.2913818359375
0.00359153747558594 -0.0293827056884766 -0.051361083984375 -0.51007080078125
-0.017430305480957 -0.00714874267578125 -0.398406982421875 -0.15802001953125
-0.00100517272949219 0.00591945648193359 -0.252151489257812 0.205047607421875
0.00969791412353516 0.00779819488525391 -0.015350341796875 0.256256103515625
0.00391006469726563 0.000341176986694336 0.136177062988281 0.118309020996094
0.0156030654907227 -0.00608348846435547 0.154067993164063 -0.0179443359375
0.0130510330200195 -0.00791549682617188 -0.151077270507813 0.00135803222656251
0.00334668159484863 -0.00230884552001953 -0.116905212402344 -0.134368896484375
0.0134916305541992 0.00641536712646484 0.038330078125 -0.2493896484375
0.00740337371826172 0.00868797302246094 0.281890869140625 -0.19830322265625
-0.0166311264038086 -0.00510215759277343 0.351898193359375 0.15869140625
-0.0105800628662109 -0.0346355438232422 0.06549072265625 0.45355224609375
0.0288887023925781 -0.0228729248046875 -0.238525390625 0.303955078125
0.0563888549804687 -0.000827789306640625 -0.00579071044921875 0.0419960021972656
0.0379486083984375 -0.0267868041992188 0.29486083984375 -0.27655029296875
0.0039825439453125 -0.0283031463623047 -0.0278320312500001 -0.511627197265625
-0.0146694183349609 -0.0079803466796875 -0.39361572265625 -0.17755126953125
0.00283002853393555 0.00476169586181641 -0.263870239257813 0.195144653320313
0.0124349594116211 0.00883197784423828 -0.0259552001953125 0.255264282226563
0.0021824836730957 0.000333189964294434 0.133621215820313 0.121604919433594
0.0125589370727539 -0.00909709930419922 0.154464721679688 -0.015167236328125
0.0122385025024414 -0.0103597640991211 -0.15130615234375 0.00410461425781252
0.00137162208557129 -0.00349164009094238 -0.11981201171875 -0.132110595703125
0.0153465270996094 0.00500965118408203 0.0287322998046875 -0.250015258789063
0.0128936767578125 0.00686168670654297 0.272491455078125 -0.20672607421875
-0.0125188827514648 -0.003448486328125 0.356201171875 0.144622802734375
-0.0125885009765625 -0.0296859741210938 0.082244873046875 0.450286865234375
0.0203838348388672 -0.0187587738037109 -0.23223876953125 0.312591552734375
0.045440673828125 -0.00037384033203125 -0.0144004821777344 0.048553466796875
0.0311565399169922 -0.0231704711914063 0.30157470703125 -0.26153564453125
0.00290489196777344 -0.0243282318115234 -0.00775146484375003 -0.513397216796875
-0.0108127593994141 -0.0071868896484375 -0.38751220703125 -0.19158935546875
0.00836658477783203 0.00247669219970703 -0.274398803710938 0.186203002929687
0.0147562026977539 0.00923919677734375 -0.0366058349609375 0.254745483398438
0.000584781169891357 -0.000753343105316162 0.130378723144531 0.123466491699219
0.0110502243041992 -0.0123558044433594 0.154022216796875 -0.0130462646484375
0.0101442337036133 -0.012120246887207 -0.15216064453125 0.00607299804687503
-0.000126838684082032 -0.00559186935424805 -0.121208190917969 -0.131492614746094
0.0165615081787109 0.00335502624511719 0.0216522216796875 -0.250473022460938
0.0177536010742188 0.00576210021972656 0.264724731445313 -0.21173095703125
-0.00819778442382813 -0.00161123275756836 0.358001708984375 0.13494873046875
-0.0142536163330078 -0.0232524871826172 0.093475341796875 0.449249267578125
0.0105409622192383 -0.0126848220825195 -0.225433349609375 0.320770263671875
0.0319805145263672 0.00211715698242188 -0.0189208984375 0.0531768798828125
0.0217208862304688 -0.0169944763183594 0.30755615234375 -0.25311279296875
0.00182533264160156 -0.0188655853271484 0.01007080078125 -0.513641357421875
-0.00702810287475586 -0.00502538681030273 -0.3831787109375 -0.204010009765625
0.0124673843383789 0.00143051147460938 -0.283599853515625 0.17913818359375
0.0163497924804688 0.00898551940917969 -0.045684814453125 0.252593994140625
-0.000865221023559571 -0.00246429443359375 0.127227783203125 0.123573303222656
0.00932502746582031 -0.0148553848266602 0.152816772460938 -0.0118255615234375
0.0100851058959961 -0.0126008987426758 -0.152603149414062 0.00645446777343748
-0.00113105773925781 -0.00802946090698242 -0.122833251953125 -0.13397216796875
0.0167942047119141 0.00152587890625 0.01739501953125 -0.251541137695313
0.020355224609375 0.00449562072753906 0.261703491210938 -0.212783813476562
-0.00477743148803711 0.000426769256591796 0.35888671875 0.133880615234375
-0.0149030685424805 -0.0159587860107422 0.09967041015625 0.451019287109375
0.00272035598754883 -0.00457859039306641 -0.220703125 0.325164794921875
0.0180835723876953 0.00634574890136719 -0.0165138244628906 0.0556373596191406
0.0121622085571289 -0.010406494140625 0.314727783203125 -0.248046875
-0.000492095947265624 -0.0112361907958984 0.0169677734375 -0.515045166015625
-0.00389218330383301 -0.00137472152709961 -0.383453369140625 -0.208099365234375
0.0153369903564453 0.000651359558105469 -0.288055419921875 0.1767578125
0.0179252624511719 0.00782012939453125 -0.051116943359375 0.250534057617188
-0.00128602981567383 -0.00411272048950195 0.125480651855469 0.121757507324219
0.00880241394042969 -0.0164003372192383 0.1513671875 -0.0121307373046875
0.0108404159545898 -0.0129785537719727 -0.153701782226563 0.00656127929687501
-0.00114154815673828 -0.0100173950195313 -0.123710632324219 -0.135917663574219
0.0170822143554688 -0.000638008117675781 0.0131683349609375 -0.253585815429688
0.0214290618896484 0.003631591796875 0.258316040039063 -0.215744018554687
-0.00310707092285156 0.00350785255432129 0.36126708984375 0.13348388671875
-0.0150909423828125 -0.00833034515380859 0.107391357421875 0.452545166015625
-0.00404286384582519 0.00373029708862305 -0.21319580078125 0.328277587890625
0.00593376159667969 0.0103282928466797 -0.00711822509765625 0.055084228515625
0.00301432609558105 -0.00435590744018555 0.315399169921875 -0.25762939453125
-0.00177454948425293 -0.00396418571472168 0.00772094726562497 -0.513580322265625
-0.00119256973266602 0.00223779678344727 -0.386993408203125 -0.198974609375
0.0170869827270508 0.000203132629394531 -0.285797119140625 0.182861328125
0.017542839050293 0.00545310974121094 -0.0487823486328125 0.249191284179688
-0.00164270401000977 -0.00580644607543945 0.126091003417969 0.117599487304687
0.00924110412597656 -0.0169172286987305 0.149490356445313 -0.0152435302734375
0.0188102722167969 8.58306884765625E-05 -0.155487060546875 -0.00726318359375001
0.00966835021972656 -0.00281810760498047 -0.110305786132813 -0.146087646484375
0.00771713256835937 0.00590181350708008 0.0638275146484375 -0.251953125
-0.00574970245361328 0.010467529296875 0.31207275390625 -0.169036865234375
-0.0230922698974609 -0.00545883178710938 0.337158203125 0.209381103515625
-0.00153350830078125 -0.0319786071777344 0.01055908203125 0.4697265625
0.0381813049316406 -0.0137557983398438 -0.25018310546875 0.271331787109375
0.0589141845703125 0.005401611328125 0.0375785827636719 0.0224838256835938
0.0385475158691406 -0.0226287841796875 0.282958984375 -0.32061767578125
0.00259971618652344 -0.0227756500244141 -0.09027099609375 -0.50555419921875
-0.0203113555908203 -0.00132179260253906 -0.406494140625 -0.122711181640625
-0.00677299499511719 0.00804662704467773 -0.233306884765625 0.223892211914062
0.00699329376220703 0.00464296340942383 0.00172424316406252 0.255325317382813
0.00744295120239258 -0.000887870788574219 0.141616821289063 0.109130859375
0.0194854736328125 -0.00113487243652344 0.153579711914062 -0.0260009765625
0.0168123245239258 -0.00193691253662109 -0.154220581054688 -0.00444030761718751
0.00861215591430664 -0.00146913528442383 -0.113449096679687 -0.1416015625
0.00917339324951172 0.00719451904296875 0.0570526123046875 -0.252029418945313
-0.00271320343017578 0.0100917816162109 0.303192138671875 -0.17987060546875
-0.0224971771240234 -0.00657844543457031 0.343841552734375 0.194091796875
-0.00368118286132813 -0.0361671447753906 0.027496337890625 0.466156005859375
0.0394783020019531 -0.0199432373046875 -0.25 0.281768798828125
0.06427001953125 0.00182723999023438 0.0227718353271484 0.0280036926269531
0.0422325134277344 -0.026885986328125 0.2861328125 -0.31060791015625
0.00301742553710937 -0.0276031494140625 -0.07489013671875 -0.51019287109375
-0.0200710296630859 -0.00455856323242187 -0.404998779296875 -0.138092041015625
-0.00448846817016602 0.00721359252929688 -0.241912841796875 0.217193603515625
0.00848054885864258 0.00648403167724609 -0.0048828125 0.257843017578125
0.00565671920776367 7.77244567871094E-05 0.140380859375 0.114021301269531
0.0175638198852539 -0.00301074981689453 0.154876708984375 -0.0230255126953125
0.0149202346801758 -0.00531673431396484 -0.153305053710938 -0.00169372558593748
0.00583267211914062 -0.0016331672668457 -0.115432739257813 -0.137962341308594
0.0110416412353516 0.00735378265380859 0.047943115234375 -0.2520751953125
0.00213623046875 0.00987625122070313 0.29437255859375 -0.1903076171875
-0.0199546813964844 -0.00620841979980469 0.350006103515625 0.175048828125
-0.00664901733398438 -0.0372886657714844 0.048004150390625 0.461883544921875
0.0354232788085938 -0.0234031677246094 -0.24627685546875 0.293426513671875
0.0629119873046875 -0.000507354736328125 0.00758743286132813 0.035186767578125
0.0419502258300781 -0.0288925170898438 0.290130615234375 -0.29461669921875
0.00352096557617188 -0.0297622680664063 -0.0545654296875 -0.51312255859375
-0.0178546905517578 -0.00689697265625 -0.40185546875 -0.1572265625
-0.001068115234375 0.00576448440551758 -0.253082275390625 0.208160400390625
0.0104885101318359 0.00764369964599609 -0.0136260986328125 0.2581787109375
0.0036160945892334 0.000174522399902344 0.137825012207031 0.118629455566406
0.0153064727783203 -0.00606632232666016 0.155548095703125 -0.019561767578125
0.0123262405395508 -0.00759315490722656 -0.15301513671875 0.00256347656250003
0.00361132621765137 -0.001953125 -0.118705749511719 -0.134834289550781
0.0134363174438477 0.00702095031738281 0.0367584228515625 -0.252288818359375
0.00733852386474609 0.00859832763671875 0.283294677734375 -0.201904296875
-0.0166749954223633 -0.00547504425048828 0.355499267578125 0.158233642578125
-0.0101776123046875 -0.0350875854492188 0.0674743652343751 0.45843505859375
0.0289592742919922 -0.0233058929443359 -0.240631103515625 0.30615234375
0.0562744140625 -0.00139999389648438 -0.00584411621093749 0.0424842834472656
0.0381507873535156 -0.0275306701660156 0.29742431640625 -0.279541015625
0.00403594970703125 -0.0287799835205078 -0.028839111328125 -0.5166015625
-0.0145053863525391 -0.0077667236328125 -0.397552490234375 -0.176910400390625
0.00325345993041992 0.00435900688171387 -0.265716552734375 0.198654174804688
0.0128116607666016 0.00861358642578125 -0.0245513916015625 0.258255004882813
0.00173270702362061 -0.000253200531005859 0.13555908203125 0.12158203125
0.0127964019775391 -0.00981521606445313 0.155807495117188 -0.016632080078125
0.0110998153686523 -0.0107536315917969 -0.153091430664063 0.00498962402343748
0.00102376937866211 -0.00340533256530762 -0.121917724609375 -0.132232666015625
0.0146083831787109 0.00531482696533203 0.0269012451171875 -0.252288818359375
0.0128498077392578 0.0068359375 0.273101806640625 -0.210494995117188
-0.0127429962158203 -0.00361537933349609 0.359710693359375 0.14459228515625
-0.0124931335449219 -0.0297031402587891 0.084564208984375 0.453216552734375
0.0203208923339844 -0.0190677642822266 -0.234100341796875 0.31597900390625
0.0454902648925781 -0.000270843505859375 -0.0148735046386719 0.0481758117675781
0.0308113098144531 -0.0236301422119141 0.30328369140625 -0.265869140625
0.00325775146484375 -0.025115966796875 -0.00930786132812505 -0.51806640625
-0.0106391906738281 -0.00702190399169922 -0.392608642578125 -0.19287109375
0.0083155632019043 0.00303125381469727 -0.276962280273438 0.189849853515625
0.0151205062866211 0.00908470153808594 -0.03521728515625 0.257644653320313
0.000569820404052734 -0.00138366222381592 0.131729125976563 0.123855590820313
0.0111198425292969 -0.0131416320800781 0.15570068359375 -0.0142364501953125
0.0099630355834961 -0.0126533508300781 -0.153350830078125 0.00697326660156249
-0.000639438629150391 -0.00561237335205078 -0.123703002929688 -0.132026672363281
0.0167665481567383 0.003387451171875 0.0197601318359375 -0.25244140625
0.017542839050293 0.005584716796875 0.265792846679688 -0.214553833007813
-0.00875377655029297 -0.00121259689331055 0.360626220703125 0.13568115234375
-0.0145549774169922 -0.0231304168701172 0.095672607421875 0.452301025390625
0.0107593536376953 -0.012263298034668 -0.226959228515625 0.3245849609375
0.0316104888916016 0.00291633605957031 -0.0186920166015625 0.05328369140625
0.0225410461425781 -0.0180130004882813 0.311187744140625 -0.25537109375
0.002044677734375 -0.0186061859130859 0.00778198242187499 -0.518646240234375
-0.00675582885742188 -0.00498867034912109 -0.387451171875 -0.20355224609375
0.0127296447753906 0.00148391723632813 -0.2857666015625 0.181884765625
0.0164079666137695 0.00864982604980469 -0.0444488525390625 0.255081176757813
-0.000646114349365235 -0.00259804725646973 0.129241943359375 0.1239013671875
0.00899600982666016 -0.0156774520874023 0.154769897460938 -0.0127716064453125
0.00992679595947266 -0.0128030776977539 -0.154769897460938 0.00775146484374998
-0.00164175033569336 -0.00804328918457031 -0.125190734863281 -0.133872985839844
0.0172281265258789 0.00154018402099609 0.01593017578125 -0.253814697265625
0.0204143524169922 0.00401496887207031 0.261947631835938 -0.216064453125
-0.00547266006469727 0.000590324401855469 0.361358642578125 0.13336181640625
-0.0153560638427734 -0.0155677795410156 0.10272216796875 0.454193115234375
0.00279998779296875 -0.00482320785522461 -0.222442626953125 0.328033447265625
0.0179042816162109 0.00650787353515625 -0.0157585144042969 0.055389404296875
0.0115203857421875 -0.0109758377075195 0.316314697265625 -0.25152587890625
-0.000372886657714843 -0.011012077331543 0.0146484375 -0.519256591796875
-0.00395822525024414 -0.00177717208862305 -0.386871337890625 -0.208770751953125
0.0159749984741211 9.5367431640625E-06 -0.28961181640625 0.180694580078125
0.0181350708007812 0.00802230834960937 -0.05047607421875 0.253280639648438
-0.00157022476196289 -0.00451040267944336 0.126510620117187 0.122047424316406
0.00908088684082031 -0.0171384811401367 0.15325927734375 -0.013214111328125
0.0102920532226563 -0.014307975769043 -0.15576171875 0.00747680664062497
-0.00125598907470703 -0.00987434387207031 -0.126251220703125 -0.13623046875
0.0173797607421875 -0.000805854797363281 0.0116424560546875 -0.255905151367188
0.0213088989257813 0.00338554382324219 0.258743286132813 -0.219039916992188
-0.00368165969848633 0.00350236892700195 0.364501953125 0.13275146484375
-0.0149326324462891 -0.00764942169189453 0.1094970703125 0.455474853515625
-0.00415492057800293 0.00311374664306641 -0.214569091796875 0.331024169921875
0.00568866729736328 0.0100831985473633 -0.00613784790039063 0.0546798706054687
0.00284242630004883 -0.0046076774597168 0.31695556640625 -0.259979248046875
-0.00250053405761719 -0.0041964054107666 0.00579833984375002 -0.519989013671875
-0.00190997123718262 0.00257968902587891 -0.391632080078125 -0.19921875
0.0166826248168945 -0.000497817993164062 -0.287750244140625 0.185455322265625
0.0187530517578125 0.00575065612792969 -0.048095703125 0.25164794921875
-0.0018467903137207 -0.00606536865234375 0.127578735351563 0.11810302734375
0.00863361358642578 -0.0174837112426758 0.1517333984375 -0.016693115234375
0.0181865692138672 -0.000238418579101563 -0.157257080078125 -0.00643920898437502
0.00985908508300781 -0.00235176086425781 -0.11334228515625 -0.145980834960938
0.00768280029296875 0.00571966171264648 0.0628814697265625 -0.255172729492187
-0.00562191009521484 0.0107641220092773 0.3128662109375 -0.1728515625
-0.0234527587890625 -0.00466537475585938 0.3411865234375 0.20941162109375
-0.00116539001464844 -0.0324440002441406 0.01409912109375 0.472930908203125
0.0386123657226563 -0.0141944885253906 -0.2515869140625 0.27410888671875
0.059844970703125 0.00514984130859375 0.0380210876464844 0.0219345092773438
0.0384140014648438 -0.0229873657226563 0.2840576171875 -0.324005126953125
0.00250053405761719 -0.0224876403808594 -0.0933837890625 -0.509674072265625
-0.02032470703125 -0.000976562500000004 -0.41119384765625 -0.121337890625
-0.00689697265625 0.007781982421875 -0.23394775390625 0.227340698242188
0.00731992721557617 0.00417947769165039 0.00360107421874998 0.25738525390625
0.00689601898193359 -0.00154352188110352 0.143753051757812 0.108444213867188
0.0195274353027344 -0.00189208984375 0.155319213867188 -0.0273590087890625
0.0164060592651367 -0.00201034545898438 -0.156204223632813 -0.00344848632812499
0.00799942016601563 -0.00181818008422852 -0.115478515625 -0.1419677734375
0.00998973846435547 0.00723075866699219 0.055511474609375 -0.254669189453125
-0.00277328491210937 0.0105161666870117 0.3045654296875 -0.18377685546875
-0.0226974487304688 -0.00614356994628906 0.3485107421875 0.194091796875
-0.00371170043945313 -0.0368576049804688 0.03094482421875 0.46875
0.0393714904785156 -0.0212860107421875 -0.25103759765625 0.284820556640625
0.0648460388183594 0.00142669677734375 0.0230560302734375 0.027374267578125
0.0418701171875 -0.0274314880371094 0.286285400390625 -0.3140869140625
0.00307273864746093 -0.0277976989746094 -0.0787353515625 -0.514801025390625
-0.0198478698730469 -0.00452995300292969 -0.409881591796875 -0.136810302734375
-0.00469589233398438 0.00730180740356445 -0.243408203125 0.221527099609375
0.00845813751220703 0.00648641586303711 -0.00286865234375 0.259552001953125
0.00597095489501953 -0.000827312469482422 0.142608642578125 0.114120483398437
0.0179271697998047 -0.00329971313476563 0.157073974609375 -0.024505615234375
0.0153703689575195 -0.00562953948974609 -0.15484619140625 -0.000411987304687477
0.00545358657836914 -0.0013890266418457 -0.118392944335937 -0.1380615234375
0.0116052627563477 0.00727367401123047 0.045257568359375 -0.254669189453125
0.00189876556396484 0.00969409942626953 0.29486083984375 -0.1944580078125
-0.0207443237304687 -0.00590133666992188 0.3541259765625 0.175506591796875
-0.00723648071289063 -0.0379714965820312 0.049041748046875 0.46588134765625
0.0362548828125 -0.023712158203125 -0.246917724609375 0.29840087890625
0.0639076232910156 -0.00165939331054688 0.00806808471679688 0.0348396301269531
0.0420112609863281 -0.0294456481933594 0.290740966796875 -0.2987060546875
0.00373649597167969 -0.029632568359375 -0.05755615234375 -0.517852783203125
-0.0180168151855469 -0.00670814514160157 -0.4058837890625 -0.156158447265625
-0.00130796432495117 0.00579261779785156 -0.254348754882813 0.2120361328125
0.0108003616333008 0.00741195678710938 -0.0119171142578125 0.260986328125
0.00386524200439453 -8.34465026855469E-06 0.140335083007813 0.118415832519531
0.0152349472045898 -0.00677871704101563 0.157958984375 -0.0206756591796875
0.0120954513549805 -0.00868701934814453 -0.15570068359375 0.00311279296875
0.00369524955749512 -0.00176310539245605 -0.121490478515625 -0.134773254394531
0.0133380889892578 0.00671577453613281 0.035125732421875 -0.25482177734375
0.0069122314453125 0.00831794738769531 0.283294677734375 -0.205718994140625
-0.0170249938964844 -0.00469779968261718 0.360015869140625 0.157196044921875
-0.0100135803222656 -0.0353050231933594 0.069976806640625 0.462677001953125
0.0292911529541016 -0.0232963562011719 -0.240997314453125 0.3096923828125
0.0569992065429688 -0.001861572265625 -0.00558853149414062 0.0420875549316406
0.0381507873535156 -0.027984619140625 0.298004150390625 -0.284637451171875
0.00386428833007812 -0.0285377502441406 -0.03448486328125 -0.520660400390625
-0.0148344039916992 -0.00787353515625 -0.40301513671875 -0.175994873046875
0.0033421516418457 0.00390982627868652 -0.26702880859375 0.2020263671875
0.0131912231445313 0.00836563110351563 -0.0228424072265625 0.2606201171875
0.00207769870758057 1.47819519042969E-05 0.137580871582031 0.121589660644531
0.0128440856933594 -0.00992202758789063 0.157821655273438 -0.017486572265625
0.0108366012573242 -0.0113916397094727 -0.155120849609375 0.00601196289062498
0.00129127502441406 -0.00314712524414063 -0.124320983886719 -0.132865905761719
0.0152559280395508 0.00576591491699219 0.0250396728515625 -0.2550048828125
0.0125217437744141 0.00664138793945313 0.273635864257813 -0.2144775390625
-0.0135231018066406 -0.00304603576660156 0.363739013671875 0.144012451171875
-0.0132007598876953 -0.0305881500244141 0.087432861328125 0.457916259765625
0.0202178955078125 -0.0192489624023438 -0.234710693359375 0.320343017578125
0.0458946228027344 -0.00057220458984375 -0.0147056579589844 0.0483589172363281
0.0311908721923828 -0.0243034362792969 0.304412841796875 -0.268585205078125
0.003143310546875 -0.0254573822021484 -0.012237548828125 -0.522735595703125
-0.010833740234375 -0.00700283050537109 -0.3966064453125 -0.190887451171875
0.00785493850708008 0.00204849243164063 -0.278289794921875 0.192703247070313
0.0152368545532227 0.00914859771728516 -0.033782958984375 0.2601318359375
0.000722348690032959 -0.000831663608551025 0.134681701660156 0.124046325683594
0.0107269287109375 -0.0135087966918945 0.158126831054688 -0.0156097412109375
0.00968265533447266 -0.0131864547729492 -0.155899047851562 0.00834655761718753
-0.000744819641113281 -0.0050196647644043 -0.126945495605469 -0.132759094238281
0.0168476104736328 0.00347995758056641 0.0173187255859375 -0.255050659179687
0.0175065994262695 0.00516510009765625 0.266098022460938 -0.218826293945312
-0.00918865203857422 -0.00150203704833984 0.36505126953125 0.134552001953125
-0.0146255493164062 -0.023223876953125 0.098602294921875 0.45635986328125
0.0105619430541992 -0.0128545761108398 -0.227691650390625 0.328338623046875
0.0314483642578125 0.00284767150878906 -0.018585205078125 0.0533599853515625
0.0213890075683594 -0.0180683135986328 0.31268310546875 -0.2579345703125
0.00123214721679687 -0.0185680389404297 0.00531005859375003 -0.522613525390625
-0.00726556777954101 -0.00421762466430664 -0.39178466796875 -0.2044677734375
0.0124082565307617 0.000775337219238281 -0.28643798828125 0.185821533203125
0.0173807144165039 0.00865364074707031 -0.043243408203125 0.257675170898438
-0.00118279457092285 -0.00230884552001953 0.130607604980469 0.124626159667969
0.00940227508544922 -0.0165805816650391 0.15679931640625 -0.014129638671875
0.00964832305908203 -0.013432502746582 -0.15716552734375 0.00862121582031249
-0.00154924392700195 -0.00771427154541016 -0.127708435058594 -0.134536743164062
0.017125129699707 0.00139427185058594 0.0127105712890625 -0.256607055664063
0.0201454162597656 0.0039825439453125 0.261962890625 -0.220947265625
-0.00535774230957031 0.00107765197753906 0.366424560546875 0.132110595703125
-0.0145969390869141 -0.0160036087036133 0.104461669921875 0.458282470703125
0.00271177291870117 -0.0044102668762207 -0.223052978515625 0.332122802734375
0.0176715850830078 0.00618171691894531 -0.01556396484375 0.05609130859375
0.0118932723999023 -0.0114278793334961 0.3182373046875 -0.2552490234375
-0.000570297241210938 -0.0113677978515625 0.011505126953125 -0.524017333984375
-0.00464963912963867 -0.00134420394897461 -0.392913818359375 -0.208282470703125
0.0158605575561523 -0.000570297241210938 -0.292083740234375 0.18359375
0.0184879302978516 0.00684356689453125 -0.0483551025390625 0.256118774414063
-0.00128388404846191 -0.00425004959106445 0.128623962402344 0.121994018554688
0.00872993469238281 -0.0182514190673828 0.155029296875 -0.0140838623046875
0.00971603393554688 -0.0143051147460938 -0.15777587890625 0.00883483886718753
-0.00218009948730469 -0.00968742370605469 -0.128280639648438 -0.136619567871094
0.0170049667358398 -0.000581741333007813 0.00914001464843752 -0.258346557617188
0.02191162109375 0.00330162048339844 0.258880615234375 -0.22357177734375
-0.00348782539367676 0.00387096405029297 0.368804931640625 0.13165283203125
-0.0150642395019531 -0.00835895538330078 0.111846923828125 0.459686279296875
-0.0043632984161377 0.00336384773254395 -0.214447021484375 0.333648681640625
0.00543022155761719 0.0101718902587891 -0.00583648681640625 0.0554046630859375
0.00266885757446289 -0.00451946258544922 0.31884765625 -0.263916015625
-0.00208568572998047 -0.00403523445129395 0.003326416015625 -0.524078369140625
-0.00208353996276856 0.00283479690551758 -0.39617919921875 -0.198760986328125
0.0168933868408203 -0.000905990600585938 -0.289764404296875 0.18963623046875
0.0184764862060547 0.005218505859375 -0.04669189453125 0.253982543945313
-0.00141620635986328 -0.0063471794128418 0.129585266113281 0.118156433105469
0.0093536376953125 -0.0180225372314453 0.153182983398438 -0.0176544189453125
0.0182170867919922 -0.000291824340820313 -0.1593017578125 -0.00491333007812502
0.00959968566894531 -0.00270271301269531 -0.116378784179688 -0.146453857421875
0.00817203521728516 0.00597286224365234 0.0596160888671875 -0.257797241210938
-0.00607490539550781 0.0108766555786133 0.3131103515625 -0.177764892578125
-0.0240230560302734 -0.00444984436035157 0.3463134765625 0.208465576171875
-0.00136375427246094 -0.0327301025390625 0.01800537109375 0.478057861328125
0.0391311645507813 -0.0146713256835938 -0.25201416015625 0.278884887695313
0.0597038269042969 0.0048370361328125 0.0384063720703125 0.021484375
0.0385780334472656 -0.0233192443847656 0.284912109375 -0.33087158203125
0.00237083435058594 -0.0230350494384766 -0.098876953125 -0.51373291015625
-0.0204620361328125 -0.00106620788574219 -0.416107177734375 -0.118621826171875
-0.00680398941040039 0.00808238983154297 -0.234161376953125 0.232192993164062
0.00731039047241211 0.00434017181396484 0.00555419921874999 0.259765625
0.00781965255737305 -0.00142383575439453 0.146041870117188 0.108428955078125
0.0192337036132813 -0.00204658508300781 0.157394409179688 -0.0294952392578125
0.016810417175293 -0.00274753570556641 -0.158432006835938 -0.00155639648437501
0.00823211669921875 -0.00169229507446289 -0.119140625 -0.141815185546875
0.00957489013671875 0.00648689270019531 0.052520751953125 -0.257598876953125
-0.00318241119384766 0.0101127624511719 0.305999755859375 -0.188262939453125
-0.0234870910644531 -0.00649642944335937 0.352020263671875 0.192474365234375
-0.00421524047851562 -0.0374908447265625 0.03466796875 0.4739990234375
0.0400428771972656 -0.0212669372558594 -0.25244140625 0.28863525390625
0.0651702880859375 0.0010223388671875 0.0238933563232422 0.0273342132568359
0.0421981811523437 -0.0285110473632812 0.28717041015625 -0.319366455078125
0.00276947021484375 -0.0279674530029297 -0.08331298828125 -0.51849365234375
-0.0205020904541016 -0.00403785705566407 -0.414337158203125 -0.135894775390625
-0.00473690032958984 0.00701427459716797 -0.243759155273437 0.224639892578125
0.00881195068359375 0.0061187744140625 -0.000869750976562477 0.262405395507812
0.00582599639892578 -0.00109004974365234 0.144882202148438 0.113525390625
0.0174837112426758 -0.00420951843261719 0.159011840820313 -0.026336669921875
0.0149002075195313 -0.00554180145263672 -0.157730102539063 0.00143432617187498
0.00649166107177734 -0.00113248825073242 -0.121604919433594 -0.138511657714844
0.011505126953125 0.00711345672607422 0.0431976318359375 -0.25762939453125
0.00169277191162109 0.00976848602294922 0.295623779296875 -0.19964599609375
-0.0209293365478516 -0.00649261474609375 0.358917236328125 0.173583984375
-0.00695037841796875 -0.0375938415527344 0.054168701171875 0.469757080078125
0.0361328125 -0.0246429443359375 -0.247283935546875 0.30126953125
0.0644264221191406 -0.00162887573242188 0.00782012939453125 0.0344772338867188
0.0416984558105469 -0.0301704406738281 0.29058837890625 -0.304229736328125
0.00319862365722656 -0.0299339294433594 -0.0626220703125 -0.522613525390625
-0.0181961059570313 -0.00653839111328125 -0.41180419921875 -0.1541748046875
-0.00141525268554688 0.00589275360107422 -0.255355834960938 0.2161865234375
0.0111551284790039 0.00763225555419922 -0.00956726074218751 0.263641357421875
0.0046696662902832 0.000349044799804687 0.142410278320312 0.117767333984375
0.0150470733642578 -0.00751972198486328 0.159500122070313 -0.022918701171875
0.0127220153808594 -0.00854301452636719 -0.157073974609375 0.00498962402343747
0.00350356101989746 -0.00202083587646484 -0.124687194824219 -0.134483337402344
0.0139427185058594 0.00672435760498047 0.0317840576171875 -0.257232666015625
0.00784635543823242 0.00791835784912109 0.28387451171875 -0.21044921875
-0.0179386138916016 -0.00484657287597656 0.364349365234375 0.15673828125
-0.0102195739746094 -0.0357551574707031 0.07330322265625 0.46527099609375
0.0292835235595703 -0.0244979858398438 -0.241485595703125 0.313385009765625
0.0576515197753906 -0.0018157958984375 -0.00525665283203124 0.0415191650390625
0.0380210876464844 -0.0290107727050781 0.299346923828125 -0.288177490234375
0.00295066833496094 -0.0288925170898438 -0.03851318359375 -0.525604248046875
-0.0149879455566406 -0.00737094879150391 -0.407867431640625 -0.174530029296875
0.00319409370422363 0.00381684303283691 -0.267791748046875 0.206634521484375
0.0138444900512695 0.00827884674072266 -0.0204010009765625 0.26348876953125
0.00249481201171875 -0.000585079193115234 0.140220642089844 0.121200561523438
0.0130462646484375 -0.010432243347168 0.16046142578125 -0.020416259765625
0.0109434127807617 -0.0116710662841797 -0.156982421875 0.00808715820312502
0.00112652778625488 -0.00294232368469238 -0.127494812011719 -0.1334228515625
0.0155630111694336 0.00489044189453125 0.0217742919921875 -0.257308959960938
0.0127201080322266 0.00655460357666016 0.273345947265625 -0.218551635742187
-0.0133209228515625 -0.00385379791259766 0.366790771484375 0.14300537109375
-0.0135040283203125 -0.03094482421875 0.0909423828125 0.461029052734375
0.0202713012695313 -0.020263671875 -0.234466552734375 0.32427978515625
0.0459060668945313 -0.00104522705078125 -0.0147972106933594 0.0488128662109375
0.0311012268066406 -0.0245418548583984 0.306182861328125 -0.27337646484375
0.00298881530761719 -0.0253734588623047 -0.017364501953125 -0.5279541015625
-0.0112285614013672 -0.00664520263671875 -0.402679443359375 -0.189727783203125
0.0082097053527832 0.00182867050170898 -0.279144287109375 0.19744873046875
0.0156030654907227 0.00856685638427734 -0.0316925048828125 0.262619018554688
-2.96831130981445E-05 -0.00130236148834228 0.137001037597656 0.123771667480469
0.0104389190673828 -0.0144214630126953 0.159759521484375 -0.0173492431640625
0.00995445251464844 -0.0136127471923828 -0.15789794921875 0.00981140136718753
-0.000459671020507813 -0.00495243072509766 -0.129981994628906 -0.13250732421875
0.0166177749633789 0.00360774993896484 0.014312744140625 -0.257568359375
0.0177822113037109 0.00478172302246094 0.265914916992188 -0.223968505859375
-0.00923633575439453 -0.000915527343749999 0.369598388671875 0.13238525390625
-0.0147457122802734 -0.0241069793701172 0.10455322265625 0.459625244140625
0.0107889175415039 -0.0128650665283203 -0.2274169921875 0.33282470703125
0.0322895050048828 0.00230026245117188 -0.0177574157714844 0.0542945861816406
0.0212688446044922 -0.0184803009033203 0.3138427734375 -0.2633056640625
0.00101280212402344 -0.0188446044921875 0.00155639648437498 -0.52703857421875
-0.0073552131652832 -0.00457572937011719 -0.397918701171875 -0.20220947265625
0.012608528137207 0.000499725341796875 -0.2884521484375 0.19012451171875
0.0176982879638672 0.00839996337890625 -0.041534423828125 0.26055908203125
-0.000699520111083984 -0.00268268585205078 0.133636474609375 0.123817443847656
0.00897026062011719 -0.0164318084716797 0.158447265625 -0.0160064697265625
0.00954437255859375 -0.0144281387329102 -0.158523559570313 0.0106658935546875
-0.00221586227416992 -0.00760650634765625 -0.131034851074219 -0.1341552734375
0.0174436569213867 0.00158596038818359 0.0106048583984375 -0.25909423828125
0.0205612182617188 0.00348854064941406 0.262252807617188 -0.225448608398438
-0.0057063102722168 0.00119256973266602 0.36956787109375 0.130645751953125
-0.015106201171875 -0.0158414840698242 0.1104736328125 0.460723876953125
0.0019526481628418 -0.00485992431640625 -0.22174072265625 0.33721923828125
0.0176849365234375 0.00639724731445313 -0.0151519775390625 0.0560569763183594
0.011540412902832 -0.0110960006713867 0.320648193359375 -0.259796142578125
-0.000736236572265625 -0.0112323760986328 0.00714111328125001 -0.527923583984375
-0.00440216064453125 -0.000957012176513671 -0.398406982421875 -0.206207275390625
0.0159721374511719 -0.000272750854492188 -0.293365478515625 0.18798828125
0.0192718505859375 0.00689697265625 -0.047027587890625 0.258758544921875
-0.00127315521240234 -0.00454282760620117 0.131401062011719 0.122306823730469
0.00811958312988281 -0.0186367034912109 0.156814575195313 -0.0162506103515625
0.00998115539550781 -0.0143232345581055 -0.15966796875 0.010162353515625
-0.00216197967529297 -0.010004997253418 -0.132110595703125 -0.136978149414063
0.0173158645629883 -0.000973701477050781 0.00677490234374998 -0.260833740234375
0.0215969085693359 0.00279426574707031 0.258590698242188 -0.227157592773438
-0.00365090370178223 0.00400638580322266 0.372589111328125 0.1298828125
-0.0151443481445313 -0.00835037231445312 0.11663818359375 0.4632568359375
-0.00421309471130371 0.00404024124145508 -0.214385986328125 0.338775634765625
0.00526905059814453 0.0100841522216797 -0.0059356689453125 0.0554618835449219
0.00293684005737305 -0.00532150268554687 0.3199462890625 -0.26953125
-0.00239324569702148 -0.00397062301635742 -0.000610351562500024 -0.527923583984375
-0.00173091888427734 0.0027003288269043 -0.40179443359375 -0.19598388671875
0.0180130004882813 -0.00130844116210938 -0.290985107421875 0.194580078125
0.0191860198974609 0.00495719909667969 -0.0450897216796875 0.257537841796875
-0.00097036361694336 -0.00617742538452148 0.131919860839844 0.1175537109375
0.00868797302246094 -0.0190258026123047 0.155670166015625 -0.0193328857421875
0.0183467864990234 -0.000703811645507813 -0.161758422851563 -0.00346374511718748
0.00977802276611328 -0.00319671630859375 -0.119613647460938 -0.14642333984375
0.00782489776611328 0.00578927993774414 0.0573883056640625 -0.260971069335938
-0.00591182708740235 0.0110759735107422 0.313934326171875 -0.182220458984375
-0.0242328643798828 -0.00426673889160156 0.35009765625 0.206695556640625
-0.00167655944824219 -0.0332450866699219 0.022003173828125 0.481658935546875
0.0398330688476563 -0.0154914855957031 -0.2523193359375 0.282989501953125
0.0604896545410156 0.00427627563476563 0.0392074584960938 0.0208892822265625
0.0388145446777344 -0.0242195129394531 0.28424072265625 -0.33587646484375
0.00199317932128906 -0.0230846405029297 -0.1051025390625 -0.516510009765625
-0.0206394195556641 -0.000408172607421876 -0.42144775390625 -0.11492919921875
-0.00684547424316406 0.00786972045898438 -0.234481811523438 0.236099243164062
0.00768470764160156 0.00473213195800781 0.00874328613281251 0.262115478515625
0.00752353668212891 -0.00166749954223633 0.149017333984375 0.107711791992188
0.0194797515869141 -0.00248146057128906 0.159088134765625 -0.03125
0.0170097351074219 -0.00285720825195313 -0.160507202148438 0.000106811523437524
0.00806999206542969 -0.00175094604492188 -0.121780395507812 -0.142288208007813
0.009735107421875 0.00677013397216797 0.0496826171875 -0.260513305664062
-0.00314617156982422 0.0104618072509766 0.305328369140625 -0.193084716796875
-0.0239086151123047 -0.00576210021972656 0.356781005859375 0.1910400390625
-0.00396728515625 -0.0378952026367188 0.03851318359375 0.47735595703125
0.0401115417480469 -0.0218162536621094 -0.251434326171875 0.29290771484375
0.0654487609863281 1.1444091796875E-05 0.0243778228759766 0.0269737243652344
0.0420875549316406 -0.0291481018066406 0.28704833984375 -0.324310302734375
0.00270271301269531 -0.0280780792236328 -0.0891723632812501 -0.52154541015625
-0.0201244354248047 -0.0041351318359375 -0.41943359375 -0.1317138671875
-0.00521230697631836 0.00681686401367188 -0.243743896484375 0.230194091796875
0.00949287414550781 0.00597667694091797 0.00236511230468749 0.264694213867188
0.00575780868530273 -0.00111961364746094 0.147689819335938 0.11260986328125
0.0177650451660156 -0.00471305847167969 0.160720825195313 -0.0288238525390625
0.0143032073974609 -0.00591278076171875 -0.159408569335938 0.00317382812499997
0.00610256195068359 -0.000883102416992188 -0.125152587890625 -0.137702941894531
0.0120267868041992 0.00705051422119141 0.040008544921875 -0.2596435546875
0.00144577026367188 0.0101089477539063 0.2955322265625 -0.20458984375
-0.0218696594238281 -0.00579643249511719 0.363433837890625 0.17236328125
-0.007293701171875 -0.0388870239257813 0.0584716796875 0.4742431640625
0.0367851257324219 -0.0250396728515625 -0.2464599609375 0.30499267578125
0.0642776489257813 -0.00217437744140625 0.00894355773925781 0.0340404510498047
0.041961669921875 -0.0311470031738281 0.29071044921875 -0.30908203125
0.00342941284179688 -0.0300483703613281 -0.068267822265625 -0.52642822265625
-0.0183353424072266 -0.00643539428710938 -0.417144775390625 -0.151153564453125
-0.000962734222412109 0.00571918487548828 -0.255096435546875 0.221237182617188
0.0116415023803711 0.00730037689208984 -0.0071563720703125 0.266036987304688
0.00433731079101562 -0.000600099563598633 0.145477294921875 0.11724853515625
0.0154294967651367 -0.00824546813964844 0.161376953125 -0.0248870849609375
0.0124168395996094 -0.00860118865966797 -0.15899658203125 0.00663757324218747
0.00347065925598145 -0.0019078254699707 -0.127677917480469 -0.1341552734375
0.0137424468994141 0.00640487670898438 0.0291900634765625 -0.259674072265625
0.00729799270629883 0.00799322128295898 0.283477783203125 -0.215667724609375
-0.0178012847900391 -0.00534439086914063 0.369049072265625 0.154876708984375
-0.01080322265625 -0.0363807678222656 0.078338623046875 0.4688720703125
0.0296287536621094 -0.0244770050048828 -0.24041748046875 0.31829833984375
0.0578041076660156 -0.00259017944335938 -0.00497055053710937 0.04229736328125
0.0372276306152344 -0.0298690795898438 0.29779052734375 -0.29400634765625
0.00346946716308594 -0.0293502807617188 -0.044158935546875 -0.529205322265625
-0.0155067443847656 -0.00774574279785156 -0.412506103515625 -0.17169189453125
0.00324726104736328 0.00342750549316406 -0.268218994140625 0.210403442382812
0.0140628814697266 0.00820255279541016 -0.0182037353515625 0.26629638671875
0.00292277336120605 -0.000550270080566406 0.142471313476563 0.120941162109375
0.0123987197875977 -0.0107088088989258 0.161972045898437 -0.0225830078125
0.0106573104858398 -0.0119361877441406 -0.15875244140625 0.00967407226562502
0.000885009765625 -0.00298905372619629 -0.131072998046875 -0.132110595703125
0.0153579711914063 0.00508403778076172 0.0191192626953125 -0.259872436523438
0.0127534866333008 0.00606441497802734 0.272811889648438 -0.22344970703125
-0.0137500762939453 -0.00295162200927734 0.372222900390625 0.140472412109375
-0.0131111145019531 -0.0309200286865234 0.097015380859375 0.465484619140625
0.0204582214355469 -0.0208568572998047 -0.233306884765625 0.3291015625
0.0461997985839844 -0.00118255615234375 -0.0140609741210937 0.0488815307617188
0.0309181213378906 -0.025238037109375 0.306396484375 -0.27880859375
0.00291061401367188 -0.0252113342285156 -0.0230712890625 -0.531005859375
-0.0116758346557617 -0.00663185119628906 -0.408599853515625 -0.188751220703125
0.00854015350341797 0.00146579742431641 -0.279693603515625 0.202285766601562
0.0163335800170898 0.00855255126953125 -0.0291748046875 0.266082763671875
0.000873565673828125 -0.00168251991271973 0.139328002929688 0.122909545898438
0.0108242034912109 -0.015162467956543 0.161422729492188 -0.0193023681640625
0.00918102264404297 -0.0131111145019531 -0.159393310546875 0.011474609375
-0.00142860412597656 -0.00507211685180664 -0.132583618164062 -0.132484436035156
0.0169563293457031 0.00347995758056641 0.01177978515625 -0.259796142578125
0.0178146362304687 0.00426483154296875 0.264968872070313 -0.228668212890625
-0.00925922393798828 -0.00117111206054688 0.372955322265625 0.12994384765625
-0.0148944854736328 -0.0237808227539063 0.108551025390625 0.46368408203125
0.0108203887939453 -0.0135221481323242 -0.22686767578125 0.33831787109375
0.0319194793701172 0.0015869140625 -0.0173988342285156 0.0540695190429688
0.0208606719970703 -0.0190353393554688 0.31427001953125 -0.267822265625
0.00131797790527344 -0.0192718505859375 -0.00418090820312502 -0.532562255859375
-0.00742340087890625 -0.00457191467285156 -0.403350830078125 -0.19964599609375
0.0128765106201172 -0.000226974487304688 -0.288848876953125 0.195037841796875
0.0184955596923828 0.00806617736816406 -0.0387725830078125 0.263519287109375
-0.000755786895751953 -0.0031428337097168 0.135841369628906 0.123374938964844
0.00884532928466797 -0.0173988342285156 0.1610107421875 -0.01806640625
0.0086812973022461 -0.0150547027587891 -0.160064697265625 0.0124359130859375
-0.00241184234619141 -0.00719261169433594 -0.134521484375 -0.134025573730469
0.0178966522216797 0.00137138366699219 0.00686645507812498 -0.261489868164063
0.0208282470703125 0.00356292724609375 0.2618408203125 -0.230300903320313
-0.00650262832641602 0.00101518630981445 0.374603271484375 0.129150390625
-0.015162467956543 -0.0161666870117187 0.115142822265625 0.464935302734375
0.00226831436157227 -0.00489282608032226 -0.22137451171875 0.34051513671875
0.0170869827270508 0.00594615936279297 -0.015289306640625 0.0565528869628906
0.0112400054931641 -0.012019157409668 0.319183349609375 -0.26611328125
-0.000661849975585937 -0.0111217498779297 0.0025634765625 -0.53375244140625
-0.00384640693664551 -0.000857114791870117 -0.40338134765625 -0.20404052734375
0.0161495208740234 -0.000926017761230469 -0.29376220703125 0.192626953125
0.0196571350097656 0.00696754455566406 -0.044464111328125 0.261428833007813
-0.00149607658386231 -0.00433850288391113 0.133918762207031 0.121315002441406
0.00815010070800781 -0.0189151763916016 0.15850830078125 -0.0189666748046875
0.00944995880126953 -0.0147924423217773 -0.161422729492187 0.0120697021484375
-0.00258731842041016 -0.00992965698242188 -0.1353759765625 -0.136161804199219
0.0173749923706055 -0.00113296508789062 0.00277709960937498 -0.263092041015625
0.0217647552490234 0.00277137756347656 0.258377075195313 -0.232666015625
-0.00378584861755371 0.00376296043395996 0.377899169921875 0.128662109375
-0.0154428482055664 -0.00871944427490235 0.12298583984375 0.4654541015625
-0.00437808036804199 0.00398039817810059 -0.212249755859375 0.3427734375
0.00527000427246094 0.010066032409668 -0.00522613525390624 0.0555953979492188
0.00195407867431641 -0.00513505935668945 0.318878173828125 -0.2734375
-0.00253057479858398 -0.00351285934448242 -0.00601196289062501 -0.5333251953125
-0.00231480598449707 0.00260567665100098 -0.407135009765625 -0.19488525390625
0.0174436569213867 -0.00143051147460938 -0.2918701171875 0.19903564453125
0.0194988250732422 0.0047607421875 -0.042327880859375 0.260543823242188
-0.00127553939819336 -0.00635194778442383 0.134178161621094 0.11700439453125
0.00794410705566406 -0.0195255279541016 0.15679931640625 -0.021331787109375
0.0187644958496094 -0.00103950500488281 -0.163955688476563 -0.000442504882812523
0.00930500030517578 -0.00265789031982422 -0.123626708984375 -0.145278930664063
0.00785017013549805 0.00580215454101563 0.05316162109375 -0.263687133789063
-0.00616455078125 0.0105810165405273 0.3131103515625 -0.188385009765625
-0.025115966796875 -0.00426864624023437 0.3555908203125 0.204345703125
-0.00163841247558594 -0.0338306427001953 0.027557373046875 0.485107421875
0.0393638610839844 -0.0162506103515625 -0.25140380859375 0.287506103515625
0.0613517761230469 0.00339889526367187 0.0394210815429688 0.0205116271972656
0.0384597778320313 -0.0251045227050781 0.28265380859375 -0.340423583984375
0.00225067138671875 -0.0230426788330078 -0.11199951171875 -0.519866943359375
-0.02093505859375 1.52587890625008E-05 -0.425537109375 -0.112640380859375
-0.00642585754394531 0.00828409194946289 -0.23321533203125 0.241989135742188
0.00778007507324219 0.00388050079345703 0.012237548828125 0.264190673828125
0.00794172286987305 -0.00254344940185547 0.151199340820312 0.106124877929687
0.0195407867431641 -0.00331306457519531 0.160247802734375 -0.03411865234375
0.0163784027099609 -0.00325679779052734 -0.162277221679688 0.00241088867187497
0.00850915908813477 -0.00137805938720703 -0.125640869140625 -0.141082763671875
0.00972557067871094 0.00685787200927735 0.0458526611328125 -0.263214111328125
-0.00271415710449219 0.0101394653320313 0.3043212890625 -0.19903564453125
-0.0244178771972656 -0.00563240051269532 0.36273193359375 0.1878662109375
-0.0047149658203125 -0.0379371643066406 0.0449523925781249 0.481536865234375
0.0400352478027344 -0.0226860046386719 -0.250885009765625 0.29766845703125
0.06573486328125 -0.000736236572265625 0.0247077941894531 0.0264739990234375
0.0413703918457031 -0.0301589965820312 0.28564453125 -0.329803466796875
0.00235366821289063 -0.027862548828125 -0.0965576171875 -0.5247802734375
-0.0205154418945313 -0.00382232666015625 -0.424407958984375 -0.127532958984375
-0.00474977493286133 0.0068507194519043 -0.242294311523438 0.234970092773437
0.00985145568847656 0.00567817687988281 0.00630187988281251 0.26666259765625
0.00653171539306641 -0.000876903533935547 0.150131225585938 0.111328125
0.0172653198242187 -0.00553798675537109 0.162139892578125 -0.0313720703125
0.0145206451416016 -0.00618839263916016 -0.161102294921875 0.00598144531250002
0.00609827041625977 -0.000920772552490234 -0.128646850585937 -0.137153625488281
0.0120182037353516 0.00717639923095703 0.03643798828125 -0.263168334960938
0.00154018402099609 0.00908470153808594 0.29339599609375 -0.210693359375
-0.0218524932861328 -0.00517654418945313 0.368743896484375 0.1685791015625
-0.00762939453125 -0.0393257141113281 0.063568115234375 0.47589111328125
0.0366325378417969 -0.0258331298828125 -0.245819091796875 0.310272216796875
0.0651283264160156 -0.00280380249023438 0.00909614562988281 0.0343666076660156
0.0412025451660156 -0.0320243835449219 0.289154052734375 -0.31561279296875
0.00306892395019532 -0.030609130859375 -0.0745544433593751 -0.528228759765625
-0.0188674926757813 -0.00595283508300781 -0.422393798828125 -0.14801025390625
-0.00196027755737305 0.00528430938720703 -0.255233764648437 0.225936889648438
0.0117425918579102 0.00706958770751953 -0.00332641601562502 0.2679443359375
0.00416040420532227 -0.000916004180908203 0.147781372070313 0.116409301757812
0.0151605606079102 -0.00849246978759766 0.163101196289062 -0.02752685546875
0.0123090744018555 -0.00943660736083984 -0.160537719726562 0.00993347167968753
0.00331282615661621 -0.00157928466796875 -0.131385803222656 -0.133567810058594
0.0145406723022461 0.00623989105224609 0.024871826171875 -0.262359619140625
0.00714492797851563 0.00827980041503906 0.28204345703125 -0.220947265625
-0.018463134765625 -0.00479698181152344 0.37384033203125 0.150909423828125
-0.0110702514648437 -0.0364646911621094 0.084869384765625 0.472991943359375
0.0295486450195312 -0.0249061584472656 -0.23944091796875 0.322540283203125
0.0580673217773438 -0.0033111572265625 -0.00372314453125 0.0419235229492187
0.0372161865234375 -0.0303306579589844 0.29718017578125 -0.29931640625
0.00222396850585938 -0.0291671752929687 -0.051605224609375 -0.531890869140625
-0.0151481628417969 -0.00714206695556641 -0.417694091796875 -0.169036865234375
0.00318813323974609 0.00314950942993164 -0.267227172851563 0.2156982421875
0.0143232345581055 0.00750637054443359 -0.013885498046875 0.269271850585938
0.00240111351013184 -0.000861167907714844 0.14520263671875 0.119461059570313
0.0119848251342773 -0.0117816925048828 0.16357421875 -0.024932861328125
0.0099029541015625 -0.0120124816894531 -0.160369873046875 0.012420654296875
0.000491619110107422 -0.00273323059082031 -0.13427734375 -0.131881713867188
0.0158395767211914 0.00557136535644531 0.01495361328125 -0.262283325195313
0.0130720138549805 0.00596237182617188 0.2723388671875 -0.228988647460938
-0.0144138336181641 -0.00325965881347656 0.3770751953125 0.13531494140625
-0.0135936737060547 -0.031768798828125 0.101837158203125 0.4676513671875
0.0205173492431641 -0.0211811065673828 -0.233428955078125 0.334259033203125
0.0464439392089844 -0.00205230712890625 -0.0137138366699219 0.0490455627441406
0.0298519134521484 -0.0258388519287109 0.305328369140625 -0.28485107421875
0.00246238708496094 -0.0257301330566406 -0.028717041015625 -0.5355224609375
-0.0114707946777344 -0.00706195831298828 -0.413238525390625 -0.1856689453125
0.0082097053527832 0.00106191635131836 -0.27935791015625 0.207290649414062
0.0170631408691406 0.00792312622070313 -0.0255126953125 0.2681884765625
0.000796198844909668 -0.00122678279876709 0.141937255859375 0.122406005859375
0.009979248046875 -0.0149745941162109 0.163040161132813 -0.0222320556640625
0.00896072387695313 -0.0143060684204102 -0.161148071289063 0.0148773193359375
-0.00174474716186523 -0.0051264762878418 -0.135871887207031 -0.131233215332031
0.0174455642700195 0.00351333618164062 0.00750732421875001 -0.262237548828125
0.0177040100097656 0.00391960144042969 0.263671875 -0.233840942382812
-0.00987720489501953 -0.000982284545898437 0.37750244140625 0.12701416015625
-0.0145759582519531 -0.0236644744873047 0.115447998046875 0.46649169921875
0.0111427307128906 -0.0134220123291016 -0.2242431640625 0.341156005859375
0.0326728820800781 0.00176048278808594 -0.0176811218261719 0.0535125732421875
0.020782470703125 -0.0197658538818359 0.3128662109375 -0.273712158203125
0.000753402709960939 -0.0191001892089844 -0.010772705078125 -0.536590576171875
-0.00772237777709961 -0.00433254241943359 -0.410430908203125 -0.197296142578125
0.0125970840454102 -0.000905990600585938 -0.28826904296875 0.2008056640625
0.0190486907958984 0.00748062133789063 -0.0355224609375 0.266738891601563
-0.000330448150634766 -0.00304937362670898 0.138435363769531 0.121856689453125
0.00849533081054688 -0.01824951171875 0.162155151367188 -0.0217132568359375
0.00858497619628906 -0.0152196884155273 -0.162261962890625 0.0149078369140625
-0.00216341018676758 -0.00733137130737305 -0.137786865234375 -0.132537841796875
0.0175561904907227 0.00111007690429688 0.00323486328124999 -0.263229370117188
0.0201778411865234 0.00335693359375 0.259613037109375 -0.235595703125
-0.00610017776489258 0.00148773193359375 0.3782958984375 0.12530517578125
-0.0155744552612305 -0.0164117813110352 0.122039794921875 0.466552734375
0.00227546691894531 -0.00466585159301758 -0.219573974609375 0.345489501953125
0.0176620483398438 0.00614547729492188 -0.013885498046875 0.0567398071289062
0.0102195739746094 -0.0126657485961914 0.319091796875 -0.270477294921875
-0.000458717346191407 -0.0109653472900391 -0.00424194335937498 -0.535675048828125
-0.00429773330688477 -0.00148272514343262 -0.409820556640625 -0.20013427734375
0.015660285949707 -0.00143527984619141 -0.294158935546875 0.198028564453125
0.0201148986816406 0.00648880004882813 -0.04144287109375 0.264724731445313
-0.00159835815429688 -0.00511074066162109 0.136489868164063 0.120704650878906
0.00769615173339844 -0.0195293426513672 0.160430908203125 -0.020416259765625
0.00888919830322266 -0.0154666900634766 -0.162643432617188 0.014678955078125
-0.00247573852539063 -0.00928211212158203 -0.138801574707031 -0.13592529296875
0.0179634094238281 -0.00106239318847656 -0.00177001953124997 -0.265167236328125
0.0217514038085938 0.00202560424804688 0.25579833984375 -0.23785400390625
-0.00355720520019531 0.00413250923156738 0.380859375 0.12408447265625
-0.0152750015258789 -0.00875377655029297 0.12884521484375 0.46807861328125
-0.00386190414428711 0.00352764129638672 -0.210357666015625 0.347442626953125
0.00542354583740234 0.0103635787963867 -0.0046234130859375 0.0556678771972656
0.00168704986572266 -0.00552988052368164 0.318817138671875 -0.27947998046875
-0.00205373764038086 -0.00359225273132324 -0.01373291015625 -0.5372314453125
-0.00204205513000488 0.00298857688903809 -0.413543701171875 -0.191009521484375
0.0174522399902344 -0.002410888671875 -0.291839599609375 0.2044677734375
0.0205287933349609 0.00393867492675781 -0.038543701171875 0.2635498046875
-0.00121545791625977 -0.0059504508972168 0.137107849121094 0.116508483886719
0.00733757019042969 -0.0201778411865234 0.158538818359375 -0.0240478515625
0.0185661315917969 -0.0019073486328125 -0.165939331054688 0.00183105468750001
0.0095367431640625 -0.00279045104980469 -0.126968383789062 -0.144561767578125
0.00780820846557617 0.0061039924621582 0.049346923828125 -0.266067504882813
-0.00633049011230469 0.0109739303588867 0.311492919921875 -0.194000244140625
-0.0246562957763672 -0.00385093688964843 0.360931396484375 0.200286865234375
-0.00209808349609375 -0.0338687896728516 0.03411865234375 0.48834228515625
0.0396003723144531 -0.0169601440429687 -0.24884033203125 0.291534423828125
0.0608940124511719 0.00301742553710937 0.0403289794921875 0.0196571350097656
0.038055419921875 -0.0261764526367188 0.280242919921875 -0.34783935546875
0.00139808654785156 -0.0236988067626953 -0.121002197265625 -0.519989013671875
-0.0214271545410156 0.000186920166015623 -0.4310302734375 -0.105224609375
-0.00641441345214844 0.00809526443481445 -0.23101806640625 0.246871948242187
0.00830554962158203 0.00340843200683594 0.0168914794921875 0.265716552734375
0.00785970687866211 -0.00318670272827148 0.154632568359375 0.1046142578125
0.0193271636962891 -0.00435829162597656 0.161361694335938 -0.037017822265625
0.0167131423950195 -0.00329685211181641 -0.16400146484375 0.00552368164062503
0.00797414779663086 -0.00199699401855469 -0.129722595214844 -0.139900207519531
0.0104751586914063 0.00736713409423828 0.041351318359375 -0.265487670898438
-0.00338077545166016 0.010523796081543 0.30316162109375 -0.205657958984375
-0.0247917175292969 -0.00513648986816406 0.366607666015625 0.184539794921875
-0.00468826293945313 -0.03814697265625 0.050750732421875 0.484588623046875
0.040283203125 -0.0230178833007813 -0.2489013671875 0.3021240234375
0.0659942626953125 -0.00139236450195313 0.0247039794921875 0.0259933471679688
0.0410652160644531 -0.0308570861816406 0.281951904296875 -0.33642578125
0.00188827514648437 -0.0283622741699219 -0.1046142578125 -0.526702880859375
-0.0208511352539063 -0.00353240966796875 -0.428558349609375 -0.123046875
-0.00539445877075195 0.0066370964050293 -0.240371704101562 0.240310668945313
0.0104780197143555 0.00529193878173828 0.0108795166015625 0.2685546875
0.0061640739440918 -0.00159978866577148 0.153884887695313 0.10882568359375
0.0177955627441406 -0.00611305236816406 0.163101196289063 -0.034454345703125
0.0145530700683594 -0.00688552856445313 -0.163360595703125 0.00877380371093747
0.00615406036376953 -0.000445365905761719 -0.131996154785156 -0.135696411132813
0.0120983123779297 0.00694751739501953 0.03106689453125 -0.264984130859375
0.00159645080566406 0.00933170318603516 0.292144775390625 -0.216278076171875
-0.0225925445556641 -0.00530433654785156 0.3726806640625 0.1650390625
-0.008270263671875 -0.0396614074707031 0.0715637207031251 0.47894287109375
0.0368385314941406 -0.0265388488769531 -0.243621826171875 0.31549072265625
0.0651473999023438 -0.00336074829101563 0.00961685180664063 0.0338916778564453
0.0410232543945313 -0.0329933166503906 0.286407470703125 -0.321807861328125
0.00235557556152343 -0.0306854248046875 -0.08294677734375 -0.530487060546875
-0.0193023681640625 -0.00559234619140625 -0.426910400390625 -0.142486572265625
-0.00142335891723633 0.00493621826171875 -0.252883911132812 0.231338500976563
0.0123147964477539 0.00664424896240234 0.00125122070312499 0.269805908203125
0.00492525100708008 -0.000926494598388672 0.1510009765625 0.114501953125
0.014495849609375 -0.00920581817626953 0.163909912109375 -0.0311279296875
0.0121097564697266 -0.0100364685058594 -0.162399291992187 0.0127105712890625
0.00326800346374512 -0.00119900703430176 -0.134864807128906 -0.132270812988281
0.0143756866455078 0.00667381286621094 0.0196990966796875 -0.2637939453125
0.00796365737915039 0.00761938095092773 0.279998779296875 -0.226669311523438
-0.0190582275390625 -0.00479888916015625 0.376678466796875 0.1463623046875
-0.0117073059082031 -0.037109375 0.09149169921875 0.47381591796875
0.0292072296142578 -0.0256423950195312 -0.23699951171875 0.3282470703125
0.058135986328125 -0.00431060791015625 -0.00362396240234375 0.0418052673339844
0.0368690490722656 -0.0310020446777344 0.29510498046875 -0.30511474609375
0.00235176086425781 -0.02947998046875 -0.0579833984375 -0.533721923828125
-0.0157794952392578 -0.00674629211425782 -0.42315673828125 -0.162322998046875
0.0029759407043457 0.00310444831848145 -0.26580810546875 0.221755981445313
0.0146512985229492 0.00759410858154297 -0.0104522705078125 0.271148681640625
0.00248193740844727 -0.000833749771118164 0.148910522460938 0.117645263671875
0.0120410919189453 -0.0124921798706055 0.16412353515625 -0.0280609130859375
0.00961971282958985 -0.0123777389526367 -0.162155151367188 0.0148773193359375
0.000725507736206054 -0.00235223770141602 -0.137893676757812 -0.129974365234375
0.0165033340454102 0.00489425659179688 0.010101318359375 -0.264007568359375
0.0127458572387695 0.00557422637939453 0.2691650390625 -0.235275268554688
-0.0146598815917969 -0.00284576416015625 0.379974365234375 0.1318359375
-0.0143699645996094 -0.0315437316894531 0.109344482421875 0.469268798828125
0.020263671875 -0.0212612152099609 -0.2281494140625 0.339019775390625
0.0471038818359375 -0.00267410278320313 -0.0129928588867188 0.0494003295898438
0.0297203063964844 -0.0268325805664062 0.303009033203125 -0.29052734375
0.00281715393066406 -0.0254001617431641 -0.036590576171875 -0.537139892578125
-0.0121669769287109 -0.00640296936035156 -0.418853759765625 -0.179656982421875
0.00852060317993164 0.00120878219604492 -0.278488159179687 0.213668823242188
0.0169544219970703 0.00800132751464844 -0.0212554931640625 0.270599365234375
0.000585198402404785 -0.00123310089111328 0.144927978515625 0.12042236328125
0.00958251953125 -0.0160942077636719 0.164398193359375 -0.02490234375
0.00861930847167969 -0.0142230987548828 -0.162338256835938 0.0171051025390625
-0.00103569030761719 -0.00463628768920899 -0.140068054199219 -0.129753112792969
0.0172567367553711 0.00308704376220703 0.00244140624999997 -0.263809204101563
0.0173063278198242 0.0039520263671875 0.261322021484375 -0.239730834960938
-0.00996589660644531 -0.00127029418945313 0.381561279296875 0.122222900390625
-0.0155391693115234 -0.0243320465087891 0.1224365234375 0.466644287109375
0.0103883743286133 -0.0136203765869141 -0.222686767578125 0.34637451171875
0.0322780609130859 0.00115203857421875 -0.0158309936523437 0.0539398193359375
0.0203933715820313 -0.0207386016845703 0.31134033203125 -0.28009033203125
0.000642776489257813 -0.0191726684570313 -0.0177307128906251 -0.538055419921875
-0.00773763656616211 -0.00397491455078125 -0.4146728515625 -0.193328857421875
0.0129709243774414 -0.00112724304199219 -0.287200927734375 0.20599365234375
0.0193557739257813 0.00725173950195313 -0.031158447265625 0.26904296875
-0.000810861587524414 -0.00292825698852539 0.142318725585938 0.120346069335938
0.00799942016601563 -0.018157958984375 0.163818359375 -0.0237274169921875
0.00833702087402344 -0.0154476165771484 -0.163497924804688 0.01763916015625
-0.00265216827392578 -0.00705242156982422 -0.141632080078125 -0.131607055664063
0.0181198120117188 0.00120735168457031 -0.00157165527343752 -0.265106201171875
0.0209522247314453 0.00263404846191406 0.25677490234375 -0.241546630859375
-0.0067133903503418 0.00130510330200195 0.38360595703125 0.120361328125
-0.0155239105224609 -0.0164175033569336 0.128570556640625 0.46826171875
0.00228500366210938 -0.00476884841918945 -0.215850830078125 0.351104736328125
0.0176239013671875 0.00594711303710938 -0.0136299133300781 0.0570106506347656
0.0103530883789062 -0.012782096862793 0.316436767578125 -0.27734375
-0.00129127502441406 -0.0110960006713867 -0.011688232421875 -0.5399169921875
-0.00404286384582519 -0.000874996185302735 -0.415191650390625 -0.1962890625
0.015869140625 -0.00205612182617187 -0.2933349609375 0.203887939453125
0.0201797485351563 0.00560951232910156 -0.0371246337890625 0.267120361328125
-0.00179243087768555 -0.00501394271850586 0.140167236328125 0.119102478027344
0.00742912292480469 -0.0206012725830078 0.161941528320313 -0.024200439453125
0.00892257690429688 -0.0156831741333008 -0.164276123046875 0.01751708984375
-0.00266265869140625 -0.00903892517089844 -0.142425537109375 -0.133560180664063
0.0179710388183594 -0.000995635986328125 -0.00665283203125 -0.266891479492188
0.0215969085693359 0.00170135498046875 0.253433227539062 -0.244140625
-0.00406479835510254 0.00350570678710938 0.38519287109375 0.1199951171875
-0.0152406692504883 -0.00905036926269531 0.1363525390625 0.47027587890625
-0.00401473045349121 0.00408649444580078 -0.206756591796875 0.352813720703125
0.00521755218505859 0.010127067565918 -0.00386428833007813 0.0559883117675781
0.00129222869873047 -0.00568962097167969 0.316619873046875 -0.285369873046875
-0.00249052047729492 -0.00352072715759277 -0.0203857421875 -0.539459228515625
-0.00128388404846191 0.00284671783447266 -0.418548583984375 -0.18597412109375
0.0178012847900391 -0.00289726257324219 -0.290557861328125 0.21026611328125
0.0206432342529297 0.00419235229492188 -0.03533935546875 0.2655029296875
-0.00173711776733398 -0.00618362426757813 0.139549255371094 0.114326477050781
0.00706672668457031 -0.0204372406005859 0.159774780273438 -0.0269927978515625
0.0180816650390625 -0.00184822082519531 -0.167144775390625 0.00486755371093749
0.00965023040771484 -0.00252819061279297 -0.130538940429688 -0.1424560546875
0.0084991455078125 0.00596094131469727 0.0438995361328125 -0.26806640625
-0.00678062438964844 0.0111675262451172 0.30914306640625 -0.20037841796875
-0.0254325866699219 -0.00363540649414063 0.365631103515625 0.196563720703125
-0.00247764587402344 -0.0342178344726563 0.0405578613281249 0.488861083984375
0.0395011901855469 -0.0169601440429688 -0.245819091796875 0.296142578125
0.0615158081054688 0.00165176391601563 0.0401649475097656 0.0185928344726563
0.0374526977539062 -0.0264968872070312 0.2760009765625 -0.3536376953125
0.00110054016113281 -0.0231533050537109 -0.12933349609375 -0.520355224609375
-0.02105712890625 0.000268936157226567 -0.433807373046875 -0.0989990234375001
-0.00695943832397461 0.00774192810058594 -0.227767944335937 0.251693725585938
0.00839662551879883 0.00297784805297852 0.021484375 0.266448974609375
0.00783061981201172 -0.00301027297973633 0.1568603515625 0.10186767578125
0.0190200805664063 -0.00488090515136719 0.162094116210937 -0.040863037109375
0.0164165496826172 -0.00368881225585938 -0.165115356445312 0.008544921875
0.0083465576171875 -0.00158977508544922 -0.132804870605469 -0.138389587402344
0.0101528167724609 0.00716304779052734 0.0366973876953125 -0.267166137695313
-0.00310993194580078 0.0105886459350586 0.300262451171875 -0.2110595703125
-0.0255050659179688 -0.00512313842773437 0.371612548828125 0.178375244140625
-0.00468063354492187 -0.038665771484375 0.058563232421875 0.486358642578125
0.0408363342285156 -0.023773193359375 -0.24456787109375 0.307464599609375
0.0662651062011719 -0.00246429443359375 0.0253791809082031 0.0248069763183594
0.0402641296386719 -0.0313835144042969 0.2784423828125 -0.34149169921875
0.00166511535644531 -0.0283660888671875 -0.113983154296875 -0.526641845703125
-0.0213279724121094 -0.00261306762695313 -0.4329833984375 -0.116851806640625
-0.0049748420715332 0.00654697418212891 -0.237045288085937 0.245315551757813
0.0104475021362305 0.00465297698974609 0.0148773193359375 0.269302368164063
0.00622701644897461 -0.00151348114013672 0.156448364257813 0.107177734375
0.0169858932495117 -0.00688266754150391 0.164230346679688 -0.0384063720703125
0.0142354965209961 -0.00652122497558594 -0.163726806640625 0.0119476318359375
0.00589275360107422 -0.000741958618164063 -0.135162353515625 -0.133438110351563
0.0129175186157227 0.00760841369628906 0.0261383056640625 -0.265823364257813
0.00124740600585937 0.009674072265625 0.289093017578125 -0.221954345703125
-0.0230045318603516 -0.00505447387695313 0.3765869140625 0.157928466796875
-0.00836563110351563 -0.0397567749023438 0.0790710449218749 0.47906494140625
0.0365943908691406 -0.0275382995605469 -0.24017333984375 0.319854736328125
0.0647544860839844 -0.00506973266601563 0.00989913940429688 0.0332698822021484
0.0400848388671875 -0.0334968566894531 0.28314208984375 -0.326873779296875
0.00240325927734375 -0.0310287475585938 -0.09100341796875 -0.53143310546875
-0.0193614959716797 -0.00577163696289063 -0.430908203125 -0.136138916015625
-0.00123882293701172 0.00449848175048828 -0.249679565429687 0.236724853515625
0.0127153396606445 0.00641822814941406 0.00598144531250002 0.271331787109375
0.00439357757568359 -0.00112199783325195 0.153915405273438 0.112258911132813
0.014739990234375 -0.00944805145263672 0.165328979492188 -0.034027099609375
0.0115804672241211 -0.0100326538085938 -0.162994384765625 0.0159149169921875
0.00351405143737793 -0.0011751651763916 -0.138572692871094 -0.130416870117188
0.0144748687744141 0.00664329528808594 0.01513671875 -0.265029907226563
0.00707626342773438 0.00772476196289062 0.276702880859375 -0.232879638671875
-0.0196495056152344 -0.00410270690917969 0.381500244140625 0.140228271484375
-0.0123367309570312 -0.0368804931640625 0.0986328125 0.473968505859375
0.0291423797607422 -0.0254383087158203 -0.233642578125 0.33282470703125
0.0581169128417969 -0.00481796264648438 -0.00329971313476562 0.0416946411132813
0.0359573364257813 -0.0322456359863281 0.292022705078125 -0.312103271484375
0.00191688537597656 -0.0298061370849609 -0.068389892578125 -0.535064697265625
-0.0160007476806641 -0.00635623931884766 -0.42828369140625 -0.15594482421875
0.00299644470214844 0.00254368782043457 -0.263092041015625 0.227584838867187
0.0152645111083984 0.00690364837646484 -0.00575256347656248 0.27191162109375
0.00237631797790527 -0.00101280212402344 0.150985717773438 0.116073608398438
0.0110836029052734 -0.0132484436035156 0.165603637695313 -0.031494140625
0.00977230072021484 -0.0123977661132812 -0.16265869140625 0.01824951171875
0.000700831413269043 -0.00203788280487061 -0.1412353515625 -0.12799072265625
0.0160007476806641 0.00489711761474609 0.005462646484375 -0.26495361328125
0.0126276016235352 0.00534439086914063 0.265701293945313 -0.240402221679688
-0.0148162841796875 -0.0023202896118164 0.384368896484375 0.12640380859375
-0.0142669677734375 -0.0315513610839844 0.1165771484375 0.469818115234375
0.0195331573486328 -0.0212535858154297 -0.22515869140625 0.34326171875
0.0462646484375 -0.0032196044921875 -0.0124053955078125 0.0486068725585938
0.0292167663574219 -0.027587890625 0.2989501953125 -0.296234130859375
0.00177383422851562 -0.0258235931396484 -0.046539306640625 -0.539398193359375
-0.0120229721069336 -0.00581169128417969 -0.423431396484375 -0.17364501953125
0.00795459747314453 0.000179290771484375 -0.275497436523438 0.218612670898437
0.0173616409301758 0.00700283050537109 -0.01641845703125 0.272567749023438
0.000728845596313477 -0.00246667861938477 0.147552490234375 0.118301391601563
0.00897598266601563 -0.0166435241699219 0.165206909179688 -0.028411865234375
0.00821304321289063 -0.0146675109863281 -0.163909912109375 0.0211181640625
-0.00168275833129883 -0.00430512428283691 -0.143661499023438 -0.127731323242188
0.017390251159668 0.00306129455566406 -0.00215148925781252 -0.26483154296875
0.0175552368164063 0.00306892395019531 0.257171630859375 -0.245330810546875
-0.0106239318847656 -0.000715255737304689 0.384307861328125 0.1170654296875
-0.0158195495605469 -0.0243625640869141 0.130279541015625 0.467254638671875
0.0103521347045898 -0.0139493942260742 -0.21807861328125 0.3511962890625
0.031982421875 0.0003662109375 -0.0161323547363281 0.0540008544921875
0.0195522308349609 -0.0203838348388672 0.3084716796875 -0.285369873046875
0.0005340576171875 -0.0189094543457031 -0.027099609375 -0.54083251953125
-0.0078883171081543 -0.00419855117797851 -0.420074462890625 -0.186614990234375
0.0127410888671875 -0.000974655151367188 -0.28546142578125 0.21221923828125
0.0196437835693359 0.00662422180175781 -0.0267486572265625 0.270294189453125
-0.0006866455078125 -0.00345349311828613 0.144577026367188 0.11883544921875
0.00790977478027344 -0.0189304351806641 0.1644287109375 -0.0269622802734375
0.00767612457275391 -0.0159063339233398 -0.164581298828125 0.0211944580078125
-0.0028223991394043 -0.00629758834838867 -0.14459228515625 -0.129608154296875
0.0184192657470703 0.00115394592285156 -0.00726318359375001 -0.265838623046875
0.0207138061523437 0.00241851806640625 0.253555297851563 -0.246444702148438
-0.00684070587158203 0.00138616561889649 0.385986328125 0.115020751953125
-0.0155735015869141 -0.016789436340332 0.136383056640625 0.46875
0.00219821929931641 -0.00465202331542969 -0.212677001953125 0.3548583984375
0.0176124572753906 0.00524139404296875 -0.0131301879882813 0.05615234375
0.00970554351806641 -0.0128650665283203 0.3135986328125 -0.28314208984375
-0.00129508972167969 -0.0110788345336914 -0.0189208984375 -0.54296875
-0.00428485870361328 -0.00018143653869629 -0.41949462890625 -0.190643310546875
0.0159664154052734 -0.00305461883544922 -0.290435791015625 0.21002197265625
0.0214023590087891 0.00480270385742188 -0.0325469970703125 0.268463134765625
-0.00186634063720703 -0.00495004653930664 0.1419677734375 0.116424560546875
0.00660133361816406 -0.0205497741699219 0.16290283203125 -0.0271148681640625
0.0086507797241211 -0.0163593292236328 -0.16534423828125 0.0207977294921875
-0.00328636169433594 -0.00888633728027344 -0.146270751953125 -0.132003784179687
0.018218994140625 -0.00151252746582031 -0.0112152099609375 -0.267990112304688
0.0216045379638672 0.00138282775878906 0.250045776367188 -0.249069213867188
-0.00435972213745117 0.00431919097900391 0.388702392578125 0.113037109375
-0.0151576995849609 -0.00865745544433594 0.143402099609375 0.470550537109375
-0.00409698486328125 0.00426602363586426 -0.202606201171875 0.3568115234375
0.00522422790527344 0.0100975036621094 -0.00302124023437499 0.05572509765625
0.000844955444335937 -0.00553798675537109 0.31402587890625 -0.29205322265625
-0.00271821022033691 -0.0032351016998291 -0.0281982421874999 -0.541229248046875
-0.0017397403717041 0.00348854064941406 -0.423187255859375 -0.18017578125
0.0172929763793945 -0.00316905975341797 -0.28863525390625 0.2161865234375
0.0206222534179688 0.00302696228027344 -0.0307464599609375 0.267288208007813
-0.00170993804931641 -0.00687599182128906 0.14251708984375 0.112258911132812
0.00674629211425781 -0.0215206146240234 0.16143798828125 -0.02996826171875
0.0178909301757813 -0.00237083435058594 -0.167739868164063 0.00869750976562502
0.00940227508544922 -0.00279808044433594 -0.134544372558594 -0.140472412109375
0.00838994979858398 0.0061187744140625 0.0384979248046875 -0.268951416015625
-0.00628376007080078 0.0113372802734375 0.304931640625 -0.205780029296875
-0.0258960723876953 -0.00280570983886718 0.367156982421875 0.189239501953125
-0.00295829772949219 -0.0348014831542969 0.050140380859375 0.49017333984375
0.0397300720214844 -0.0182991027832031 -0.242218017578125 0.299407958984375
0.061126708984375 0.000904083251953125 0.0404586791992188 0.0175666809082031
0.0365943908691406 -0.0277824401855469 0.270782470703125 -0.359283447265625
0.00101089477539062 -0.0231609344482422 -0.137237548828125 -0.5191650390625
-0.021484375 0.00118827819824219 -0.436004638671875 -0.09228515625
-0.00661754608154297 0.00796604156494141 -0.223587036132812 0.255828857421875
0.00893592834472656 0.0029144287109375 0.0265960693359375 0.2667236328125
0.00785160064697266 -0.00330781936645508 0.159225463867188 0.09912109375
0.0185394287109375 -0.00584602355957031 0.162063598632813 -0.0440521240234375
0.0158500671386719 -0.00450420379638672 -0.166290283203125 0.0117034912109375
0.00807952880859375 -0.00147581100463867 -0.136886596679687 -0.135353088378906
0.0105562210083008 0.00696372985839844 0.03106689453125 -0.268020629882813
-0.00365924835205078 0.0108747482299805 0.29620361328125 -0.2176513671875
-0.025299072265625 -0.0047454833984375 0.3748779296875 0.173675537109375
-0.00570297241210937 -0.0389480590820313 0.065185546875 0.48614501953125
0.0401840209960938 -0.0251846313476562 -0.2408447265625 0.3115234375
0.0661163330078125 -0.00370407104492188 0.0257663726806641 0.02447509765625
0.0398178100585938 -0.0321998596191406 0.273681640625 -0.347503662109375
0.00120162963867187 -0.0284461975097656 -0.122314453125 -0.524444580078125
-0.0211658477783203 -0.00234413146972656 -0.436309814453125 -0.110137939453125
-0.00512027740478516 0.00653314590454101 -0.234283447265625 0.250808715820313
0.0104913711547852 0.00452899932861328 0.0203399658203125 0.269638061523438
0.00604057312011719 -0.00227022171020508 0.158340454101563 0.104660034179688
0.0163164138793945 -0.00709342956542969 0.163970947265625 -0.0412445068359375
0.0139703750610352 -0.00761127471923828 -0.164718627929687 0.0146942138671875
0.00556182861328125 -0.000475406646728516 -0.13916015625 -0.13116455078125
0.012603759765625 0.00712394714355469 0.0210418701171875 -0.26702880859375
0.00139141082763672 0.00905799865722656 0.28558349609375 -0.227783203125
-0.023712158203125 -0.00469589233398438 0.379425048828125 0.15374755859375
-0.00922012329101563 -0.0400009155273438 0.085968017578125 0.480499267578125
0.0359878540039063 -0.0278511047363281 -0.2357177734375 0.3223876953125
0.0651435852050781 -0.00578689575195312 0.0101776123046875 0.0324592590332031
0.039398193359375 -0.0344696044921875 0.278839111328125 -0.33245849609375
0.00104904174804687 -0.0311164855957031 -0.10174560546875 -0.531036376953125
-0.0196151733398438 -0.00465011596679687 -0.434112548828125 -0.12939453125
-0.00146770477294922 0.00476789474487305 -0.246826171875 0.242019653320313
0.0132198333740234 0.00557041168212891 0.0109100341796875 0.271697998046875
0.00415921211242676 -0.00133275985717773 0.156326293945313 0.10906982421875
0.0144424438476563 -0.0103664398193359 0.164886474609375 -0.0380859375
0.0113992691040039 -0.0103721618652344 -0.164291381835937 0.0185546875
0.00333714485168457 -0.00111627578735352 -0.1416015625 -0.128143310546875
0.0145664215087891 0.00634860992431641 0.0101165771484375 -0.266632080078125
0.00732707977294922 0.00722885131835938 0.272369384765625 -0.237213134765625
-0.0198440551757813 -0.00403022766113281 0.383697509765625 0.134674072265625
-0.0125503540039062 -0.037200927734375 0.105743408203125 0.473602294921875
0.0287628173828125 -0.0263843536376953 -0.228973388671875 0.335906982421875
0.0580291748046875 -0.00587844848632813 -0.00302124023437499 0.0415458679199219
0.0354499816894531 -0.0326576232910156 0.287567138671875 -0.317047119140625
0.00217437744140625 -0.0296573638916016 -0.076263427734375 -0.535247802734375
-0.0164995193481445 -0.00684452056884766 -0.432647705078125 -0.150115966796875
0.00324559211730957 0.00206780433654785 -0.259521484375 0.232406616210938
0.0151090621948242 0.00659084320068359 -0.000442504882812486 0.273406982421875
0.00213253498077393 -0.00149059295654297 0.153839111328125 0.112945556640625
0.0108127593994141 -0.0133123397827148 0.165603637695313 -0.0342559814453125
0.00912761688232422 -0.0125179290771484 -0.163711547851563 0.021575927734375
0.000998854637145996 -0.00209212303161621 -0.144790649414063 -0.125595092773438
0.0165233612060547 0.00501728057861328 0.000122070312499973 -0.26531982421875
0.0126876831054687 0.00492095947265625 0.26116943359375 -0.245513916015625
-0.0154705047607422 -0.00212860107421875 0.386383056640625 0.11981201171875
-0.0145950317382813 -0.0317096710205078 0.12530517578125 0.4688720703125
0.0199069976806641 -0.0219593048095703 -0.219879150390625 0.34625244140625
0.046630859375 -0.00370025634765625 -0.0121498107910156 0.0483360290527344
0.0281009674072266 -0.0275974273681641 0.295135498046875 -0.301177978515625
0.0015106201171875 -0.0255031585693359 -0.05419921875 -0.538726806640625
-0.0122814178466797 -0.00586223602294922 -0.42718505859375 -0.1668701171875
0.00742959976196289 0.000605106353759766 -0.271957397460938 0.224472045898438
0.0181369781494141 0.00684738159179688 -0.0122833251953125 0.272933959960938
0.000443339347839355 -0.00216269493103027 0.150466918945313 0.115249633789063
0.00867271423339844 -0.0171003341674805 0.165481567382813 -0.0320587158203125
0.00755882263183594 -0.0146932601928711 -0.163787841796875 0.0241241455078125
-0.00170993804931641 -0.00384306907653809 -0.146759033203125 -0.124969482421875
0.0179901123046875 0.00274848937988281 -0.00802612304687498 -0.265090942382813
0.0176849365234375 0.00350570678710938 0.252731323242188 -0.249740600585938
-0.0110616683959961 -8.8691711425782E-05 0.386993408203125 0.11083984375
-0.0162467956542969 -0.0242099761962891 0.138641357421875 0.467529296875
0.0104923248291016 -0.0142478942871094 -0.21307373046875 0.354736328125
0.032135009765625 0.000242233276367187 -0.0156784057617187 0.0537757873535156
0.0186176300048828 -0.0211887359619141 0.304107666015625 -0.291717529296875
-1.14440917968769E-05 -0.0191268920898438 -0.035858154296875 -0.540618896484375
-0.00813055038452148 -0.00387668609619141 -0.423309326171875 -0.179290771484375
0.0128173828125 -0.00222110748291016 -0.28289794921875 0.2171630859375
0.0198287963867188 0.00602340698242188 -0.021820068359375 0.271942138671875
-0.000975608825683594 -0.00365257263183594 0.147369384765625 0.116256713867188
0.00661277770996094 -0.0193080902099609 0.164901733398438 -0.0303192138671875
0.00758266448974609 -0.015833854675293 -0.1649169921875 0.02447509765625
-0.00329828262329102 -0.0060272216796875 -0.148284912109375 -0.126876831054688
0.0185432434082031 0.000453948974609375 -0.01239013671875 -0.266311645507812
0.0205440521240234 0.00175666809082031 0.2490234375 -0.2515869140625
-0.00697660446166992 0.00200366973876953 0.38848876953125 0.10858154296875
-0.0163812637329102 -0.0160951614379883 0.1446533203125 0.467742919921875
0.00226354598999023 -0.00505685806274414 -0.2066650390625 0.35882568359375
0.0171270370483398 0.00522041320800781 -0.0118598937988281 0.0564384460449219
0.00901699066162109 -0.013117790222168 0.311126708984375 -0.28912353515625
-0.00107860565185547 -0.0113534927368164 -0.029510498046875 -0.5419921875
-0.00437498092651367 -0.000179290771484375 -0.4244384765625 -0.1832275390625
0.0158510208129883 -0.00357341766357422 -0.2879638671875 0.215484619140625
0.0214462280273438 0.00427818298339844 -0.027984619140625 0.269546508789063
-0.0017695426940918 -0.00452613830566406 0.144989013671875 0.114730834960937
0.00591278076171875 -0.0210819244384766 0.163192749023437 -0.030670166015625
0.00816059112548828 -0.0159854888916016 -0.166229248046875 0.02423095703125
-0.00311708450317383 -0.00839567184448242 -0.1494140625 -0.12945556640625
0.0180435180664063 -0.001190185546875 -0.0168914794921875 -0.268280029296875
0.021759033203125 0.000871658325195312 0.245559692382813 -0.253707885742188
-0.00474262237548828 0.004425048828125 0.390838623046875 0.10736083984375
-0.0145883560180664 -0.0089569091796875 0.151519775390625 0.468292236328125
-0.00400900840759277 0.00387048721313477 -0.197509765625 0.3599853515625
0.00487995147705078 0.010127067565918 -0.0025787353515625 0.0553054809570313
0.000202655792236328 -0.00545883178710938 0.310455322265625 -0.2978515625
-0.00277948379516602 -0.0029454231262207 -0.03765869140625 -0.541778564453125
-0.00197243690490723 0.00363087654113769 -0.427703857421875 -0.174560546875
0.0171756744384766 -0.00449466705322266 -0.285369873046875 0.22216796875
0.0213127136230469 0.00204086303710938 -0.0260772705078125 0.268096923828125
-0.00107431411743164 -0.00652551651000977 0.144622802734375 0.110366821289062
0.00617599487304688 -0.0217151641845703 0.161468505859375 -0.033233642578125
0.0183677673339844 -0.00224685668945312 -0.168014526367188 0.011871337890625
0.00989818572998047 -0.00319290161132812 -0.137786865234375 -0.137611389160156
0.00900745391845703 0.00597095489501953 0.032745361328125 -0.269943237304688
-0.00648307800292969 0.0119819641113281 0.301239013671875 -0.21124267578125
-0.025787353515625 -0.0026702880859375 0.37274169921875 0.18414306640625
-0.00313568115234375 -0.0348491668701172 0.05706787109375 0.4891357421875
0.03961181640625 -0.018798828125 -0.2381591796875 0.302459716796875
0.0613746643066406 -0.0004119873046875 0.0407218933105469 0.0164909362792969
0.0357170104980469 -0.0279083251953125 0.263458251953125 -0.36297607421875
0.000841140747070314 -0.0232810974121094 -0.1455078125 -0.515380859375
-0.0211410522460938 0.00126075744628906 -0.437591552734375 -0.08587646484375
-0.00704717636108399 0.00748443603515625 -0.219818115234375 0.260574340820313
0.00876855850219727 0.00244522094726563 0.0321197509765625 0.266326904296875
0.00752496719360352 -0.00353288650512695 0.1611328125 0.0961456298828125
0.0182914733886719 -0.00643348693847656 0.161514282226563 -0.047607421875
0.0162172317504883 -0.00436496734619141 -0.166748046875 0.01544189453125
0.00789260864257813 -0.00148105621337891 -0.138504028320313 -0.132438659667969
0.0105171203613281 0.00664710998535156 0.0251312255859375 -0.268661499023438
-0.00354766845703125 0.0107479095458984 0.29217529296875 -0.222442626953125
-0.0255146026611328 -0.00379180908203125 0.37774658203125 0.166778564453125
-0.00612258911132812 -0.0390892028808594 0.0726318359375 0.484466552734375
0.0398216247558594 -0.0254440307617188 -0.23565673828125 0.314361572265625
0.0662803649902344 -0.00469589233398438 0.0258255004882813 0.0232620239257813
0.0387649536132813 -0.032928466796875 0.266632080078125 -0.352142333984375
0.000898361206054689 -0.0281314849853516 -0.131195068359375 -0.522613525390625
-0.020599365234375 -0.00179290771484375 -0.437469482421875 -0.102691650390625
-0.00525903701782226 0.00637245178222656 -0.22943115234375 0.254486083984375
0.0108251571655273 0.00390625 0.025360107421875 0.269638061523438
0.00583028793334961 -0.00250959396362305 0.16058349609375 0.101409912109375
0.0163335800170898 -0.00760841369628906 0.163665771484375 -0.044921875
0.0136098861694336 -0.00775527954101563 -0.164794921875 0.0182037353515625
0.00565052032470703 -0.000537395477294922 -0.141799926757813 -0.128189086914062
0.0131893157958984 0.00688266754150391 0.0157928466796875 -0.26690673828125
0.00127506256103516 0.00911903381347656 0.280624389648437 -0.232620239257813
-0.0234088897705078 -0.00387001037597656 0.381591796875 0.147247314453125
-0.00947189331054688 -0.0402145385742188 0.0948181152343751 0.47882080078125
0.0358695983886719 -0.0285873413085938 -0.230316162109375 0.3267822265625
0.0643501281738281 -0.0067901611328125 0.0103225708007813 0.0317211151123047
0.03857421875 -0.0346755981445313 0.272918701171875 -0.33697509765625
0.000993728637695313 -0.0305099487304688 -0.110260009765625 -0.528076171875
-0.0193576812744141 -0.004791259765625 -0.436614990234375 -0.1219482421875
-0.00145912170410156 0.00454854965209961 -0.240676879882813 0.246261596679687
0.0126953125 0.00471782684326172 0.0161285400390625 0.271621704101563
0.00353527069091797 -0.00134730339050293 0.157730102539063 0.106521606445313
0.0139579772949219 -0.0105533599853516 0.1651611328125 -0.041717529296875
0.0107202529907227 -0.0101547241210937 -0.163925170898437 0.022125244140625
0.00359654426574707 -0.000799894332885742 -0.144760131835938 -0.124908447265625
0.0151119232177734 0.00621604919433594 0.00408935546875 -0.265594482421875
0.00681209564208984 0.00719356536865235 0.267822265625 -0.242172241210937
-0.0193653106689453 -0.00386810302734375 0.385101318359375 0.128662109375
-0.0128631591796875 -0.0369682312011719 0.1146240234375 0.472686767578125
0.0282630920410156 -0.0269603729248047 -0.223663330078125 0.339080810546875
0.0580062866210938 -0.00651168823242188 -0.00254440307617187 0.0407218933105469
0.0346603393554688 -0.0333976745605469 0.282012939453125 -0.321014404296875
0.00193405151367188 -0.0295524597167969 -0.084991455078125 -0.53289794921875
-0.0161294937133789 -0.00613689422607422 -0.43426513671875 -0.142730712890625
0.00303173065185547 0.00168275833129883 -0.255691528320313 0.2369384765625
0.0154170989990234 0.00561046600341797 0.00469970703125001 0.27301025390625
0.0021817684173584 -0.00146245956420898 0.155807495117188 0.1102294921875
0.0106258392333984 -0.0133886337280273 0.165817260742187 -0.0383758544921875
0.00873661041259766 -0.0135049819946289 -0.163604736328125 0.02545166015625
0.00099945068359375 -0.00186872482299805 -0.147125244140625 -0.122467041015625
0.0171661376953125 0.00515556335449219 -0.0066070556640625 -0.264968872070313
0.0122451782226562 0.00497722625732422 0.255706787109375 -0.24993896484375
-0.0156660079956055 -0.00196170806884766 0.3887939453125 0.113006591796875
-0.0154743194580078 -0.03143310546875 0.1322021484375 0.465789794921875
0.0198860168457031 -0.0219001770019531 -0.215362548828125 0.350982666015625
0.0455322265625 -0.00431060791015625 -0.010955810546875 0.0478591918945312
0.0272235870361328 -0.0286521911621094 0.28924560546875 -0.306915283203125
0.00143241882324219 -0.0251255035400391 -0.0645751953125 -0.53631591796875
-0.0122499465942383 -0.00515937805175781 -0.43023681640625 -0.16021728515625
0.00723695755004883 -0.000504970550537109 -0.268524169921875 0.228866577148437
0.0184593200683594 0.00600242614746094 -0.00694274902343753 0.273544311523438
0.000407934188842773 -0.0019603967666626 0.1524658203125 0.113143920898438
0.00779533386230469 -0.0172491073608398 0.165451049804688 -0.03570556640625
0.0074310302734375 -0.0148525238037109 -0.163955688476563 0.0277099609375
-0.00149154663085938 -0.00353145599365234 -0.149200439453125 -0.1224365234375
0.0186824798583984 0.00304222106933594 -0.013397216796875 -0.264434814453125
0.0174131393432617 0.00307369232177734 0.247238159179687 -0.254302978515625
-0.0110807418823242 -0.000165939331054688 0.388824462890625 0.10321044921875
-0.0158138275146484 -0.0245132446289063 0.144805908203125 0.463653564453125
0.0104036331176758 -0.0143537521362305 -0.2081298828125 0.3590087890625
0.0319614410400391 -0.000894546508789063 -0.0144157409667969 0.0538063049316406
0.0178108215332031 -0.0217361450195313 0.298828125 -0.29522705078125
0.000198364257812498 -0.0184230804443359 -0.04449462890625 -0.539398193359375
-0.0086522102355957 -0.00333690643310547 -0.426361083984375 -0.173004150390625
0.01239013671875 -0.00223159790039062 -0.278289794921875 0.2225341796875
0.0200099945068359 0.0056304931640625 -0.0168609619140625 0.272079467773438
-0.000780344009399414 -0.00298976898193359 0.149398803710937 0.113265991210938
0.00558853149414063 -0.0200290679931641 0.164260864257813 -0.0338134765625
0.00754928588867188 -0.0158767700195313 -0.164337158203125 0.0276641845703125
-0.00317287445068359 -0.00592374801635742 -0.151382446289063 -0.124053955078125
0.0186920166015625 0.00058746337890625 -0.01788330078125 -0.265579223632813
0.0199966430664063 0.00114059448242188 0.243789672851563 -0.25640869140625
-0.00739765167236328 0.00193405151367188 0.3900146484375 0.102203369140625
-0.0158767700195313 -0.0161409378051758 0.1531982421875 0.46490478515625
0.00217390060424805 -0.00491714477539063 -0.201629638671875 0.36102294921875
0.0171403884887695 0.00490760803222656 -0.01165771484375 0.0558547973632812
0.00829029083251953 -0.0130195617675781 0.30517578125 -0.29376220703125
-0.00149631500244141 -0.0110092163085937 -0.03741455078125 -0.541107177734375
-0.00456047058105469 -3.52859497070318E-05 -0.427459716796875 -0.176605224609375
0.0157270431518555 -0.00420475006103516 -0.283599853515625 0.22149658203125
0.0216293334960937 0.00393486022949219 -0.0232391357421875 0.270645141601563
-0.00149726867675781 -0.0044398307800293 0.146652221679688 0.111358642578125
0.00529098510742187 -0.021484375 0.163925170898438 -0.033905029296875
0.00761795043945312 -0.0166158676147461 -0.166275024414063 0.02783203125
-0.0035862922668457 -0.00829648971557617 -0.152725219726563 -0.12664794921875
0.0187702178955078 -0.00155448913574219 -0.02264404296875 -0.267578125
0.0212535858154297 -1.9073486328125E-06 0.240081787109375 -0.258209228515625
-0.00495433807373047 0.00443124771118164 0.392333984375 0.10040283203125
-0.0148115158081055 -0.00926113128662109 0.158111572265625 0.46539306640625
-0.00355243682861328 0.00400185585021973 -0.190338134765625 0.3631591796875
0.00472927093505859 0.0092315673828125 -0.0015716552734375 0.0541572570800781
0.000194072723388672 -0.00550174713134766 0.305511474609375 -0.301605224609375
-0.00285148620605469 -0.00301980972290039 -0.045806884765625 -0.540252685546875
-0.00166153907775879 0.0038149356842041 -0.429656982421875 -0.166107177734375
0.0165815353393555 -0.00486946105957031 -0.2816162109375 0.22711181640625
0.0209865570068359 0.00182914733886719 -0.0206451416015625 0.268936157226563
-0.00193166732788086 -0.00693178176879883 0.147003173828125 0.107574462890625
0.00520706176757813 -0.0225086212158203 0.161712646484375 -0.0369110107421875
0.0179824829101563 -0.00251960754394531 -0.168365478515625 0.0146026611328125
0.00964832305908203 -0.00247669219970703 -0.139671325683594 -0.134162902832031
0.00856447219848633 0.0053858757019043 0.027435302734375 -0.269378662109375
-0.00630664825439453 0.0113754272460938 0.29583740234375 -0.215911865234375
-0.0261707305908203 -0.0017852783203125 0.373565673828125 0.177886962890625
-0.00360870361328125 -0.0350017547607422 0.06378173828125 0.48748779296875
0.0392112731933594 -0.0192375183105469 -0.233184814453125 0.3056640625
0.0607032775878906 -0.000957489013671875 0.0403327941894531 0.0154495239257813
0.0355148315429687 -0.0277900695800781 0.257354736328125 -0.36541748046875
0.00113677978515625 -0.02294921875 -0.153167724609375 -0.511871337890625
-0.0207462310791016 0.0016021728515625 -0.437896728515625 -0.078094482421875
-0.00704193115234375 0.00726842880249023 -0.213882446289063 0.262985229492188
0.00854921340942383 0.00132989883422852 0.0363311767578125 0.264923095703125
0.00721025466918945 -0.00388431549072266 0.162368774414062 0.0923004150390625
0.0180873870849609 -0.00674629211425781 0.160888671875 -0.051116943359375
0.015690803527832 -0.00504493713378906 -0.165802001953125 0.0185394287109375
0.00825214385986328 -0.00143146514892578 -0.1422119140625 -0.12994384765625
0.0110464096069336 0.00667572021484375 0.0200042724609375 -0.268112182617188
-0.00339221954345703 0.0107564926147461 0.285736083984375 -0.22711181640625
-0.0256385803222656 -0.00322914123535156 0.378936767578125 0.159271240234375
-0.00628662109375 -0.0396347045898438 0.08087158203125 0.481964111328125
0.0395622253417969 -0.0262260437011719 -0.2314453125 0.31658935546875
0.0654945373535156 -0.00591278076171875 0.0257930755615234 0.0222988128662109
0.0378303527832031 -0.0336761474609375 0.260955810546875 -0.3553466796875
0.000719070434570314 -0.0279502868652344 -0.139129638671875 -0.518951416015625
-0.0208263397216797 -0.00167465209960937 -0.43719482421875 -0.095123291015625
-0.00523567199707031 0.0060114860534668 -0.224151611328125 0.257568359375
0.0105390548706055 0.00368404388427734 0.03057861328125 0.2681884765625
0.00595998764038086 -0.00302410125732422 0.161956787109375 0.09844970703125
0.0157108306884766 -0.00868606567382813 0.16259765625 -0.048309326171875
0.0135307312011719 -0.0075836181640625 -0.164901733398438 0.0214385986328125
0.00616979598999023 -0.000418186187744141 -0.144134521484375 -0.12579345703125
0.0134601593017578 0.00668716430664063 0.0103759765625 -0.266845703125
0.00150299072265625 0.00899696350097656 0.27520751953125 -0.236602783203125
-0.0234794616699219 -0.003753662109375 0.38287353515625 0.141021728515625
-0.00998687744140625 -0.0398330688476563 0.101043701171875 0.47625732421875
0.03515625 -0.0290260314941406 -0.225738525390625 0.32952880859375
0.0641517639160156 -0.00789260864257813 0.0102005004882813 0.0307426452636719
0.0374298095703125 -0.0352897644042969 0.26708984375 -0.3394775390625
0.0014190673828125 -0.0303821563720703 -0.118072509765625 -0.524261474609375
-0.0192375183105469 -0.00449562072753906 -0.437530517578125 -0.11395263671875
-0.00184297561645508 0.00445079803466797 -0.236602783203125 0.248641967773438
0.0135393142700195 0.00473785400390625 0.0203704833984375 0.270645141601563
0.0041201114654541 -0.00175046920776367 0.159896850585938 0.103195190429688
0.0131673812866211 -0.0115938186645508 0.165115356445313 -0.044097900390625
0.0108098983764648 -0.0101604461669922 -0.164093017578125 0.0256805419921875
0.00359296798706055 -0.000528097152709961 -0.147079467773438 -0.121673583984375
0.0157995223999023 0.00629615783691406 -0.000808715820312522 -0.2652587890625
0.00669622421264648 0.00756025314331055 0.261947631835938 -0.247039794921875
-0.0201015472412109 -0.00363349914550781 0.38653564453125 0.12152099609375
-0.0134735107421875 -0.037200927734375 0.122467041015625 0.469482421875
0.0278301239013672 -0.0279674530029297 -0.217132568359375 0.34124755859375
0.0569076538085938 -0.00745010375976563 -0.002166748046875 0.0401649475097656
0.034088134765625 -0.034271240234375 0.2760009765625 -0.324615478515625
0.000614166259765628 -0.0289878845214844 -0.0943603515625 -0.529449462890625
-0.0162057876586914 -0.00536441802978516 -0.434417724609375 -0.13458251953125
0.00254940986633301 0.00169873237609863 -0.25091552734375 0.240707397460937
0.0156288146972656 0.00518035888671875 0.00990295410156248 0.272048950195313
0.00238275527954102 -0.0014345645904541 0.157684326171875 0.107406616210938
0.0102777481079102 -0.0147380828857422 0.165298461914062 -0.0413360595703125
0.00859355926513672 -0.013310432434082 -0.163681030273438 0.0285797119140625
0.000701904296875 -0.00109446048736572 -0.149917602539063 -0.119415283203125
0.0171575546264648 0.00429439544677734 -0.01092529296875 -0.26434326171875
0.0121784210205078 0.00492763519287109 0.249862670898437 -0.254180908203125
-0.0154924392700195 -0.00221824645996094 0.3887939453125 0.106597900390625
-0.0158748626708984 -0.0316314697265625 0.138580322265625 0.46380615234375
0.01898193359375 -0.0229530334472656 -0.21075439453125 0.3521728515625
0.0456733703613281 -0.00487899780273438 -0.0110130310058594 0.047882080078125
0.0267410278320313 -0.0285472869873047 0.2847900390625 -0.309417724609375
0.000934600830078123 -0.0252151489257813 -0.0719299316406249 -0.533203125
-0.0121641159057617 -0.00530624389648438 -0.4317626953125 -0.151885986328125
0.00757598876953125 -0.000927448272705078 -0.263229370117188 0.23284912109375
0.0184135437011719 0.005126953125 -0.00218200683593751 0.272415161132813
4.64916229248047E-05 -0.00255107879638672 0.154083251953125 0.110183715820313
0.00772285461425781 -0.0177993774414063 0.165130615234375 -0.0391998291015625
0.00715827941894531 -0.015650749206543 -0.1634521484375 0.031158447265625
-0.00180625915527344 -0.00363087654113769 -0.152191162109375 -0.119125366210938
0.0179119110107422 0.00239181518554688 -0.0187530517578125 -0.263412475585938
0.0167903900146484 0.00256919860839844 0.242401123046875 -0.258743286132813
-0.0111150741577148 -0.000408172607421874 0.38922119140625 0.0972900390625
-0.0160179138183594 -0.0239810943603516 0.15155029296875 0.460906982421875
0.010040283203125 -0.0142717361450195 -0.201171875 0.359405517578125
0.0315437316894531 -0.000986099243164062 -0.0135841369628906 0.0532112121582031
0.0172939300537109 -0.0213527679443359 0.293853759765625 -0.2999267578125
-0.000597000122070312 -0.0183582305908203 -0.0533752441406251 -0.53704833984375
-0.00780868530273438 -0.00313472747802734 -0.427703857421875 -0.16571044921875
0.0119256973266602 -0.00307846069335938 -0.273849487304688 0.226516723632813
0.0202178955078125 0.00461196899414063 -0.0118255615234375 0.27191162109375
-0.000917434692382813 -0.00363898277282715 0.15106201171875 0.109893798828125
0.00525856018066406 -0.0200920104980469 0.16485595703125 -0.037078857421875
0.00725936889648438 -0.0162544250488281 -0.164566040039063 0.0316162109375
-0.00354909896850586 -0.00516939163208008 -0.153350830078125 -0.120590209960937
0.0184097290039063 8.0108642578125E-05 -0.023406982421875 -0.264724731445313
0.0196723937988281 0.000467300415039062 0.238327026367188 -0.2596435546875
-0.00746870040893555 0.00194740295410156 0.390625 0.094482421875
-0.016387939453125 -0.0161399841308594 0.1580810546875 0.46185302734375
0.00238561630249023 -0.00513219833374023 -0.196044921875 0.362762451171875
0.0169773101806641 0.00443363189697266 -0.0108528137207031 0.0555534362792969
0.00818920135498047 -0.0131139755249023 0.300323486328125 -0.297576904296875
-0.00167942047119141 -0.0108041763305664 -0.046661376953125 -0.537841796875
-0.00410079956054688 0.000124931335449218 -0.4278564453125 -0.16961669921875
0.0155630111694336 -0.00504589080810547 -0.2796630859375 0.225021362304687
0.0216751098632813 0.00325393676757813 -0.018035888671875 0.271011352539063
-0.00185203552246094 -0.00519227981567383 0.148406982421875 0.108688354492187
0.00496101379394531 -0.0221214294433594 0.162643432617188 -0.037109375
0.00769329071044922 -0.0167827606201172 -0.165618896484375 0.03082275390625
-0.0036005973815918 -0.00813627243041992 -0.155410766601563 -0.123016357421875
0.0180931091308594 -0.00206756591796875 -0.028167724609375 -0.266128540039063
0.0211639404296875 0.00028228759765625 0.234390258789062 -0.260848999023438
-0.00467872619628906 0.00469779968261719 0.392791748046875 0.094573974609375
-0.0146827697753906 -0.00838375091552734 0.1666259765625 0.462493896484375
-0.00378942489624023 0.00396132469177246 -0.18621826171875 0.364044189453125
0.00549793243408203 0.0096139907836914 -0.000907897949218752 0.0539131164550781
-0.00088357925415039 -0.00565767288208008 0.2994384765625 -0.305389404296875
-0.0024411678314209 -0.00259923934936523 -0.055084228515625 -0.536376953125
-0.00147056579589844 0.00440120697021484 -0.432403564453125 -0.15838623046875
0.0170812606811523 -0.00529861450195312 -0.277191162109375 0.231765747070312
0.0216064453125 0.00107574462890625 -0.0162200927734375 0.268630981445312
-0.00255060195922851 -0.00679826736450195 0.148590087890625 0.104141235351562
0.00490760803222656 -0.0222091674804687 0.161056518554688 -0.04010009765625
0.0170955657958984 -0.00298690795898437 -0.167587280273438 0.0182952880859375
0.00966548919677734 -0.00254344940185547 -0.142135620117188 -0.130935668945312
0.00941276550292969 0.00532054901123047 0.022552490234375 -0.267913818359375
-0.00664520263671875 0.0114994049072266 0.289764404296875 -0.219879150390625
-0.0262107849121094 -0.00153732299804687 0.37445068359375 0.170074462890625
-0.0037994384765625 -0.0351982116699219 0.0714721679687499 0.48382568359375
0.0384597778320313 -0.0204963684082031 -0.227264404296875 0.305999755859375
0.0599517822265625 -0.00215530395507813 0.0405387878417969 0.0138931274414063
0.0339260101318359 -0.0288543701171875 0.24981689453125 -0.36834716796875
0.00064659118652344 -0.0227851867675781 -0.161102294921875 -0.50726318359375
-0.0207042694091797 0.00257492065429687 -0.436981201171875 -0.0703124999999999
-0.00700807571411133 0.00736713409423828 -0.208328247070313 0.26617431640625
0.0089569091796875 0.00136852264404297 0.040924072265625 0.263824462890625
0.00708580017089844 -0.00431108474731445 0.163619995117187 0.0893707275390625
0.0172262191772461 -0.00726222991943359 0.159896850585938 -0.053741455078125
0.0158958435058594 -0.00503158569335938 -0.165664672851563 0.0216522216796875
0.00847578048706055 -0.000793933868408203 -0.143905639648438 -0.126510620117188
0.0116500854492188 0.00642013549804688 0.014923095703125 -0.266799926757813
-0.00347709655761719 0.0104007720947266 0.2806396484375 -0.229568481445312
-0.0257415771484375 -0.00305366516113281 0.379150390625 0.15484619140625
-0.00675201416015625 -0.0390586853027344 0.0873413085937499 0.478424072265625
0.0387229919433594 -0.0269813537597656 -0.226593017578125 0.318023681640625
0.0653610229492187 -0.006011962890625 0.0253810882568359 0.0215797424316406
0.037353515625 -0.0336265563964844 0.255157470703125 -0.3570556640625
0.000482559204101561 -0.0279140472412109 -0.146759033203125 -0.51318359375
-0.0208396911621094 -0.000757217407226558 -0.43707275390625 -0.0866394042968751
-0.00552606582641602 0.00638389587402344 -0.218978881835938 0.259445190429687
0.0110492706298828 0.00268268585205078 0.0348358154296875 0.265960693359375
0.00603151321411133 -0.00255012512207031 0.162445068359375 0.0946807861328125
0.0151557922363281 -0.00882434844970703 0.161895751953125 -0.0512847900390625
0.0130224227905273 -0.00809192657470703 -0.163726806640625 0.0251617431640625
0.00585079193115234 -0.000326633453369141 -0.145797729492187 -0.12176513671875
0.0134782791137695 0.00633144378662109 0.005279541015625 -0.2657470703125
0.00141143798828125 0.00896263122558594 0.269317626953125 -0.239883422851563
-0.02337646484375 -0.00322914123535156 0.382110595703125 0.133453369140625
-0.0103340148925781 -0.03973388671875 0.108245849609375 0.471649169921875
0.0347270965576172 -0.0297050476074219 -0.218994140625 0.329864501953125
0.0636634826660156 -0.00864028930664063 0.0106201171875 0.0305805206298828
0.0359001159667969 -0.035736083984375 0.260955810546875 -0.3406982421875
0.000661849975585941 -0.0299530029296875 -0.125762939453125 -0.52001953125
-0.0193347930908203 -0.00365066528320312 -0.437164306640625 -0.107391357421875
-0.00217366218566895 0.00383591651916504 -0.23211669921875 0.2529296875
0.0128393173217773 0.00432777404785156 0.0259857177734375 0.269073486328125
0.00401997566223145 -0.00208830833435059 0.161041259765625 0.0999908447265625
0.0128507614135742 -0.0118312835693359 0.16302490234375 -0.04754638671875
0.0099496841430664 -0.0107936859130859 -0.162857055664063 0.0283355712890625
0.00322508811950684 -3.74317169189453E-05 -0.148544311523438 -0.11822509765625
0.0156984329223633 0.00568580627441406 -0.00584411621093751 -0.264083862304687
0.00682258605957031 0.00720357894897461 0.255722045898438 -0.249313354492188
-0.020477294921875 -0.00304031372070313 0.386260986328125 0.11505126953125
-0.0136947631835938 -0.0368003845214844 0.127685546875 0.466522216796875
0.0271186828613281 -0.0280227661132813 -0.212799072265625 0.34234619140625
0.0565910339355469 -0.00855255126953125 -0.00197219848632812 0.0395545959472656
0.0324573516845703 -0.0336666107177734 0.269317626953125 -0.32623291015625
0.00101661682128906 -0.0288963317871094 -0.101593017578125 -0.525787353515625
-0.0158042907714844 -0.0045166015625 -0.434661865234375 -0.12725830078125
0.0023045539855957 0.00149035453796387 -0.24560546875 0.244155883789063
0.0158615112304688 0.00451087951660156 0.0139923095703125 0.270614624023438
0.00195086002349854 -0.00189352035522461 0.158248901367188 0.104095458984375
0.00949001312255859 -0.0141725540161133 0.1644287109375 -0.044952392578125
0.00821590423583984 -0.013493537902832 -0.162246704101563 0.0316162109375
0.000791668891906738 -0.00159764289855957 -0.151702880859375 -0.115585327148438
0.0168476104736328 0.00400161743164063 -0.016021728515625 -0.262283325195313
0.0119132995605469 0.004425048828125 0.244308471679688 -0.256500244140625
-0.0161542892456055 -0.00102519989013672 0.38818359375 0.099334716796875
-0.0155048370361328 -0.0316925048828125 0.145721435546875 0.458892822265625
0.0188121795654297 -0.0230255126953125 -0.20416259765625 0.35272216796875
0.0446929931640625 -0.00551986694335938 -0.0103073120117187 0.0472488403320313
0.0257110595703125 -0.0287704467773438 0.278961181640625 -0.31195068359375
0.000522613525390628 -0.0252265930175781 -0.07916259765625 -0.529449462890625
-0.0116119384765625 -0.00481319427490234 -0.43170166015625 -0.145721435546875
0.00723361968994141 -0.00137805938720703 -0.258392333984375 0.236434936523438
0.0181694030761719 0.00466156005859375 0.00332641601562498 0.271102905273438
0.000192046165466309 -0.00205123424530029 0.155197143554688 0.106475830078125
0.00655937194824219 -0.0178794860839844 0.164459228515625 -0.0417938232421875
0.00656795501708984 -0.0153522491455078 -0.16259765625 0.033447265625
-0.00177836418151855 -0.00255012512207031 -0.153488159179688 -0.115615844726563
0.0178699493408203 0.00203704833984375 -0.0235595703125 -0.261947631835938
0.0165729522705078 0.00243282318115234 0.23504638671875 -0.261764526367188
-0.0114994049072266 0.000432968139648438 0.38800048828125 0.08978271484375
-0.0162677764892578 -0.0238399505615234 0.157562255859375 0.456207275390625
0.00986671447753906 -0.0148839950561523 -0.196380615234375 0.35882568359375
0.0314884185791016 -0.00087738037109375 -0.0130767822265625 0.0527725219726563
0.0170879364013672 -0.0214786529541016 0.286773681640625 -0.302520751953125
-0.000905990600585938 -0.0180091857910156 -0.060821533203125 -0.53302001953125
-0.0084528923034668 -0.00288200378417969 -0.4285888671875 -0.158203125
0.0117454528808594 -0.00336265563964844 -0.269317626953125 0.231063842773437
0.0206642150878906 0.00375747680664063 -0.006866455078125 0.270645141601562
-0.00104713439941406 -0.00322151184082031 0.152359008789063 0.107025146484375
0.00502204895019531 -0.0206413269042969 0.163848876953125 -0.0404815673828125
0.00654506683349609 -0.0163516998291016 -0.163742065429688 0.034088134765625
-0.00312376022338867 -0.00511503219604492 -0.155563354492187 -0.117507934570313
0.0188732147216797 0.00026702880859375 -0.0286712646484375 -0.262588500976563
0.0194416046142578 0.000375747680664063 0.231536865234375 -0.26171875
-0.0074467658996582 0.00270223617553711 0.389434814453125 0.088165283203125
-0.0160293579101562 -0.0159740447998047 0.164642333984375 0.4571533203125
0.00214958190917969 -0.00514793395996094 -0.1898193359375 0.36328125
0.0170650482177734 0.00408554077148438 -0.0103645324707031 0.0547218322753906
0.00708675384521484 -0.0140066146850586 0.293365478515625 -0.300140380859375
-0.00214004516601563 -0.0104503631591797 -0.05438232421875 -0.53472900390625
-0.00449800491333008 -0.000111103057861329 -0.429901123046875 -0.16192626953125
0.0152359008789063 -0.00459957122802734 -0.273773193359375 0.229537963867188
0.0220470428466797 0.00264549255371094 -0.0130462646484375 0.269088745117188
-0.00200128555297852 -0.00467729568481445 0.149505615234375 0.105789184570313
0.00404930114746094 -0.0223884582519531 0.161697387695313 -0.04010009765625
0.00676250457763672 -0.0166454315185547 -0.16534423828125 0.034088134765625
-0.00316333770751953 -0.00722455978393555 -0.157135009765625 -0.119293212890625
0.0184803009033203 -0.00186538696289063 -0.033355712890625 -0.26422119140625
0.0205249786376953 -0.000699996948242187 0.228225708007813 -0.264328002929688
-0.0046234130859375 0.00488567352294922 0.391571044921875 0.08673095703125
-0.0150289535522461 -0.00863075256347656 0.17230224609375 0.4566650390625
-0.0033118724822998 0.00384640693664551 -0.180450439453125 0.364837646484375
0.00492668151855469 0.00992488861083984 -0.00045394897460938 0.0530891418457031
-0.00114631652832031 -0.00565004348754883 0.292633056640625 -0.308197021484375
-0.00250148773193359 -0.00185394287109375 -0.062774658203125 -0.533111572265625
-0.00166893005371094 0.00422787666320801 -0.432525634765625 -0.150482177734375
0.0167636871337891 -0.00598907470703125 -0.271408081054688 0.234771728515625
0.0213279724121094 0.000391006469726562 -0.0113677978515625 0.26800537109375
-0.00240516662597656 -0.00654697418212891 0.149383544921875 0.101364135742187
0.0036773681640625 -0.0225944519042969 0.160049438476563 -0.0426788330078125
0.0176734924316406 -0.00345230102539063 -0.1669921875 0.0213165283203125
0.00995254516601562 -0.00251579284667969 -0.143951416015625 -0.12774658203125
0.00930309295654297 0.00524139404296875 0.017669677734375 -0.2664794921875
-0.00619125366210937 0.011744499206543 0.284393310546875 -0.223052978515625
-0.0263404846191406 -0.000905990600585942 0.3740234375 0.164276123046875
-0.00465202331542969 -0.0350494384765625 0.078277587890625 0.47930908203125
0.0381660461425781 -0.0208358764648438 -0.222442626953125 0.306976318359375
0.0595130920410156 -0.00284576416015625 0.0394248962402344 0.012908935546875
0.033447265625 -0.0289154052734375 0.24200439453125 -0.369293212890625
0.000158309936523438 -0.022491455078125 -0.167144775390625 -0.499908447265625
-0.0207691192626953 0.00310516357421875 -0.43408203125 -0.0642089843749999
-0.0074305534362793 0.00724411010742188 -0.202911376953125 0.267669677734375
0.00873517990112305 0.00109720230102539 0.0448455810546875 0.260665893554688
0.00626277923583984 -0.00442838668823242 0.163787841796875 0.0862274169921875
0.0172548294067383 -0.00771331787109375 0.158187866210938 -0.056488037109375
0.015538215637207 -0.00550746917724609 -0.164199829101562 0.0248870849609375
0.00844764709472656 -0.00136566162109375 -0.145767211914062 -0.122467041015625
0.0116348266601563 0.00645828247070313 0.0104217529296875 -0.264450073242188
-0.00311946868896484 0.0109844207763672 0.275115966796875 -0.232131958007812
-0.0257339477539062 -0.00217247009277344 0.3775634765625 0.146453857421875
-0.00745773315429687 -0.0391159057617188 0.09259033203125 0.474609375
0.0385818481445312 -0.02734375 -0.219696044921875 0.3172607421875
0.0643539428710937 -0.007354736328125 0.0253353118896484 0.0206108093261719
0.0361213684082031 -0.0342025756835938 0.246917724609375 -0.357269287109375
-0.000278472900390622 -0.027587890625 -0.152374267578125 -0.50677490234375
-0.0207118988037109 -0.000400543212890627 -0.43536376953125 -0.0806579589843749
-0.00527000427246094 0.00608253479003906 -0.213470458984375 0.261734008789063
0.0103635787963867 0.00262737274169922 0.03851318359375 0.263839721679688
0.00554561614990234 -0.00305652618408203 0.163192749023438 0.0908203125
0.0146751403808594 -0.00973129272460938 0.160308837890625 -0.0536041259765625
0.0129594802856445 -0.00834178924560547 -0.1632080078125 0.0275421142578125
0.00586080551147461 -0.000169277191162109 -0.147628784179688 -0.118316650390625
0.0140352249145508 0.00645542144775391 0.000122070312500024 -0.262680053710938
0.00111770629882812 0.00925254821777344 0.263351440429688 -0.243011474609375
-0.0237274169921875 -0.00283432006835938 0.3817138671875 0.1278076171875
-0.0105743408203125 -0.0393562316894531 0.1126708984375 0.46624755859375
0.0341262817382813 -0.0297775268554688 -0.214080810546875 0.330322265625
0.0630149841308594 -0.0089111328125 0.0106029510498047 0.0295848846435547
0.0355758666992188 -0.0356864929199219 0.25286865234375 -0.342376708984375
-7.05718994140624E-05 -0.0299949645996094 -0.1309814453125 -0.513916015625
-0.0190372467041016 -0.00321578979492187 -0.435089111328125 -0.100250244140625
-0.00254654884338379 0.00368213653564453 -0.225845336914063 0.253860473632813
0.0135030746459961 0.00390815734863281 0.0301361083984375 0.266815185546875
0.00391602516174316 -0.00186657905578613 0.16162109375 0.0963287353515625
0.0118179321289062 -0.012507438659668 0.162017822265625 -0.0503692626953125
0.0101871490478516 -0.0106487274169922 -0.161392211914063 0.0314788818359375
0.00355124473571777 -0.000531673431396484 -0.150375366210938 -0.115066528320313
0.0161876678466797 0.00530719757080078 -0.0109710693359375 -0.261489868164063
0.00663375854492188 0.00703334808349609 0.249465942382813 -0.2515869140625
-0.0203514099121094 -0.00240707397460938 0.384765625 0.108978271484375
-0.0140228271484375 -0.0371284484863281 0.133209228515625 0.460723876953125
0.0271263122558594 -0.0281200408935547 -0.20697021484375 0.342620849609375
0.0557594299316406 -0.00918197631835938 -0.00202178955078125 0.0389671325683594
0.0320568084716797 -0.0337562561035156 0.262481689453125 -0.327667236328125
0.000436782836914061 -0.0288906097412109 -0.1083984375 -0.520111083984375
-0.0158290863037109 -0.00430679321289062 -0.433837890625 -0.12042236328125
0.00244474411010742 0.00106024742126465 -0.23968505859375 0.247222900390625
0.0155477523803711 0.003936767578125 0.018218994140625 0.268341064453125
0.00210869312286377 -0.0015408992767334 0.159469604492188 0.100051879882812
0.00870990753173828 -0.014796257019043 0.162765502929688 -0.0474853515625
0.00787258148193359 -0.0135049819946289 -0.161697387695313 0.0345001220703125
0.00081247091293335 -0.000524461269378662 -0.153030395507813 -0.112548828125
0.0176982879638672 0.00373077392578125 -0.020294189453125 -0.260055541992188
0.0117225646972656 0.00431156158447266 0.238067626953125 -0.258529663085938
-0.0160188674926758 -0.000916481018066409 0.38665771484375 0.093902587890625
-0.0156688690185547 -0.0309410095214844 0.151580810546875 0.45220947265625
0.0185661315917969 -0.0232124328613281 -0.197174072265625 0.352020263671875
0.0447273254394531 -0.0059661865234375 -0.00973510742187499 0.0467529296875
0.0251197814941406 -0.0288562774658203 0.271331787109375 -0.31414794921875
-0.000230789184570315 -0.0246410369873047 -0.08636474609375 -0.5242919921875
-0.0120277404785156 -0.00449180603027344 -0.430633544921875 -0.1376953125
0.00716781616210938 -0.00151300430297852 -0.253494262695313 0.239120483398438
0.0183982849121094 0.00421333312988281 0.00788879394531252 0.269393920898438
0.000159978866577148 -0.00248265266418457 0.155532836914063 0.103134155273438
0.00553131103515625 -0.0183868408203125 0.163345336914063 -0.044097900390625
0.00652313232421875 -0.0153017044067383 -0.161163330078125 0.0369415283203125
-0.00117921829223633 -0.00283908843994141 -0.155181884765625 -0.112442016601562
0.0185165405273438 0.001678466796875 -0.0282745361328125 -0.259368896484375
0.0161733627319336 0.00193405151367188 0.22906494140625 -0.262969970703125
-0.0117330551147461 0.000371932983398439 0.386749267578125 0.083648681640625
-0.0165672302246094 -0.0235424041748047 0.162200927734375 0.450469970703125
0.00992107391357422 -0.0150890350341797 -0.190673828125 0.359039306640625
0.0303096771240234 -0.00168800354003906 -0.0128974914550781 0.0521316528320313
0.0161762237548828 -0.0219459533691406 0.28125 -0.30322265625
-0.00100898742675781 -0.018341064453125 -0.06768798828125 -0.527191162109375
-0.00775289535522461 -0.00239849090576172 -0.427642822265625 -0.15020751953125
0.0113410949707031 -0.00396537780761719 -0.263412475585938 0.23345947265625
0.0209827423095703 0.00329017639160156 -0.0030059814453125 0.269134521484375
-0.00100851058959961 -0.00356340408325195 0.153289794921875 0.103958129882812
0.00428199768066406 -0.0204601287841797 0.162353515625 -0.0429229736328125
0.00623512268066406 -0.0168981552124023 -0.162750244140625 0.037567138671875
-0.00252056121826172 -0.0051875114440918 -0.157028198242188 -0.113967895507812
0.0186176300048828 -0.000459671020507813 -0.0326385498046875 -0.260009765625
0.0191841125488281 3.814697265625E-06 0.225112915039063 -0.263992309570313
-0.00782394409179688 0.00263118743896485 0.38873291015625 0.08251953125
-0.0159835815429688 -0.0156936645507812 0.16943359375 0.45123291015625
0.00235605239868164 -0.0049748420715332 -0.183441162109375 0.363006591796875
0.0175571441650391 0.00406742095947266 -0.00965499877929688 0.0537986755371094
0.00597763061523437 -0.0132322311401367 0.28765869140625 -0.30194091796875
-0.00184917449951172 -0.00997066497802735 -0.060272216796875 -0.5301513671875
-0.00468540191650391 0.000299930572509766 -0.428741455078125 -0.1546630859375
0.0141334533691406 -0.00553798675537109 -0.269073486328125 0.231338500976563
0.0218620300292969 0.00216293334960938 -0.00900268554687498 0.268081665039063
-0.00196409225463867 -0.00473976135253906 0.150634765625 0.102386474609375
0.00342941284179688 -0.0222606658935547 0.16094970703125 -0.043060302734375
0.006317138671875 -0.0167112350463867 -0.163650512695313 0.0375518798828125
-0.00328493118286133 -0.00718975067138672 -0.158477783203125 -0.116302490234375
0.0188922882080078 -0.0023193359375 -0.037384033203125 -0.261810302734375
0.0202713012695313 -0.000436782836914063 0.221771240234375 -0.26507568359375
-0.00498580932617187 0.00518560409545899 0.38946533203125 0.08123779296875
-0.015172004699707 -0.00822544097900391 0.17791748046875 0.45166015625
-0.00321269035339355 0.00403094291687012 -0.174102783203125 0.363555908203125
0.00502872467041016 0.00985527038574219 -0.000278472900390625 0.0522079467773438
-0.00174808502197266 -0.0051264762878418 0.286712646484375 -0.310546875
-0.00266480445861816 -0.00208282470703125 -0.0707092285156251 -0.527191162109375
-0.00119924545288086 0.0040278434753418 -0.431304931640625 -0.14398193359375
0.0151424407958984 -0.00649833679199219 -0.26654052734375 0.237930297851563
0.0215625762939453 0.0001068115234375 -0.00657653808593749 0.266265869140625
-0.00232553482055664 -0.00658941268920898 0.1505126953125 0.098358154296875
0.00333404541015625 -0.0225944519042969 0.158706665039062 -0.0456085205078125
0.0168647766113281 -0.00362491607666016 -0.164810180664062 0.0240631103515625
0.00988006591796875 -0.00296688079833984 -0.144744873046875 -0.123565673828125
0.00936126708984375 0.00511646270751953 0.0123291015625 -0.264297485351563
-0.00658893585205078 0.0121545791625977 0.277801513671875 -0.225479125976563
-0.0260429382324219 -7.43865966796932E-05 0.371978759765625 0.1578369140625
-0.00440597534179688 -0.0345649719238281 0.081634521484375 0.47509765625
0.0374794006347656 -0.0211296081542969 -0.218780517578125 0.307342529296875
0.0595588684082031 -0.00414276123046875 0.0391845703125 0.01202392578125
0.0322551727294922 -0.0291194915771484 0.236480712890625 -0.367889404296875
0.000402450561523439 -0.0225257873535156 -0.17108154296875 -0.494537353515625
-0.0201263427734375 0.00332832336425781 -0.432281494140625 -0.0571899414062499
-0.00756120681762695 0.00711393356323242 -0.19757080078125 0.26776123046875
0.00914955139160156 0.000756263732910156 0.0485687255859375 0.258148193359375
0.00672578811645508 -0.00422382354736328 0.163986206054687 0.0829925537109375
0.0161056518554688 -0.00822162628173828 0.15631103515625 -0.0586395263671875
0.0151176452636719 -0.00550746917724609 -0.163070678710937 0.0277252197265625
0.00816154479980469 -0.000758647918701172 -0.147048950195312 -0.119049072265625
0.0121641159057617 0.00698471069335938 0.00532531738281248 -0.2628173828125
-0.00385189056396484 0.0112743377685547 0.268539428710938 -0.234115600585937
-0.0255279541015625 -0.00210762023925782 0.37701416015625 0.141326904296875
-0.007537841796875 -0.0389289855957031 0.098297119140625 0.46893310546875
0.0377426147460938 -0.0276336669921875 -0.2154541015625 0.31787109375
0.0633316040039063 -0.00837326049804688 0.0254688262939453 0.0194282531738281
0.0347537994384766 -0.0340518951416016 0.240081787109375 -0.3583984375
-3.43322753906253E-05 -0.0274715423583984 -0.157318115234375 -0.5008544921875
-0.0207538604736328 -0.000253677368164063 -0.433074951171875 -0.0744628906249999
-0.00561904907226563 0.0058283805847168 -0.208236694335938 0.262466430664063
0.0104026794433594 0.00224208831787109 0.0425872802734375 0.261505126953125
0.00549173355102539 -0.00339651107788086 0.163406372070313 0.0889434814453125
0.0139122009277344 -0.00987148284912109 0.159011840820312 -0.0556640625
0.012700080871582 -0.00809764862060547 -0.161392211914063 0.0301666259765625
0.00614643096923828 0.000360488891601563 -0.148345947265625 -0.115066528320313
0.0143375396728516 0.00605678558349609 -0.00384521484375 -0.260818481445313
0.000298500061035156 0.0096282958984375 0.2572021484375 -0.24432373046875
-0.0240936279296875 -0.00199317932128906 0.378814697265625 0.121734619140625
-0.0113105773925781 -0.0394821166992188 0.117218017578125 0.462005615234375
0.0333747863769531 -0.0304336547851562 -0.20989990234375 0.329559326171875
0.0618476867675781 -0.00975418090820313 0.0103893280029297 0.0290660858154297
0.0347251892089844 -0.0360527038574219 0.245819091796875 -0.342803955078125
0.00036811828613281 -0.0291576385498047 -0.138092041015625 -0.507293701171875
-0.0185947418212891 -0.00274467468261719 -0.4332275390625 -0.0939941406249999
-0.00237822532653809 0.00331401824951172 -0.220916748046875 0.255889892578125
0.0131206512451172 0.00310707092285156 0.0341949462890625 0.263946533203125
0.0035853385925293 -0.00207090377807617 0.162200927734375 0.0927581787109375
0.0111408233642578 -0.0125675201416016 0.16021728515625 -0.05291748046875
0.0100822448730469 -0.0107297897338867 -0.159637451171875 0.0341033935546875
0.00372886657714844 -0.000101566314697266 -0.151168823242188 -0.110763549804687
0.0162906646728516 0.0054616928100586 -0.014801025390625 -0.25885009765625
0.00635051727294922 0.00691556930541992 0.243545532226562 -0.25262451171875
-0.0198516845703125 -0.00197219848632812 0.383331298828125 0.102752685546875
-0.0144996643066406 -0.0366134643554688 0.136444091796875 0.456146240234375
0.0262432098388672 -0.0283336639404297 -0.202117919921875 0.341705322265625
0.0550537109375 -0.00944137573242187 -0.00164031982421875 0.038330078125
0.0301227569580078 -0.0336132049560547 0.256683349609375 -0.32794189453125
-0.000366210937500001 -0.0287647247314453 -0.1126708984375 -0.513702392578125
-0.0152826309204102 -0.00438785552978515 -0.430877685546875 -0.113616943359375
0.00203883647918701 0.000922679901123047 -0.234756469726563 0.247711181640625
0.0156755447387695 0.00396728515625 0.022552490234375 0.265823364257812
0.00207662582397461 -0.00220203399658203 0.1591796875 0.096954345703125
0.00859737396240235 -0.0153532028198242 0.1612548828125 -0.049896240234375
0.00785255432128906 -0.0135965347290039 -0.159820556640625 0.0366058349609375
0.000775039196014404 -0.000652670860290527 -0.153823852539063 -0.108627319335937
0.0173873901367188 0.00382804870605469 -0.0245361328125 -0.257247924804688
0.0116491317749023 0.00395011901855469 0.2314453125 -0.260330200195313
-0.0160245895385742 -0.00113677978515625 0.384490966796875 0.087860107421875
-0.0159435272216797 -0.0310535430908203 0.15478515625 0.4486083984375
0.0183753967285156 -0.0233402252197266 -0.192474365234375 0.35052490234375
0.0434532165527344 -0.00625991821289063 -0.00977706909179688 0.0455589294433594
0.0238742828369141 -0.0289344787597656 0.264373779296875 -0.314300537109375
8.39233398437473E-05 -0.0244712829589844 -0.0915222167968751 -0.517333984375
-0.0116596221923828 -0.00384235382080078 -0.428924560546875 -0.130584716796875
0.00585269927978516 -0.00174140930175781 -0.247802734375 0.241256713867188
0.0181846618652344 0.00311851501464844 0.0111236572265625 0.26739501953125
-0.000211000442504883 -0.00254034996032715 0.156158447265625 0.100143432617188
0.00605392456054687 -0.0182666778564453 0.161468505859375 -0.046478271484375
0.00622844696044922 -0.0157232284545898 -0.160018920898438 0.0389862060546875
-0.00142562389373779 -0.0018610954284668 -0.156265258789063 -0.108261108398437
0.0182571411132813 0.00189971923828125 -0.0316619873046875 -0.256866455078125
0.0158872604370117 0.0020599365234375 0.22265625 -0.263275146484375
-0.0109920501708984 0.00070476531982422 0.38433837890625 0.078155517578125
-0.0169296264648438 -0.0233840942382812 0.167938232421875 0.445465087890625
0.00974655151367187 -0.0146188735961914 -0.18487548828125 0.358123779296875
0.0305995941162109 -0.00159454345703125 -0.0126495361328125 0.0512886047363281
0.0152835845947266 -0.0213508605957031 0.274505615234375 -0.304962158203125
-0.000556945800781249 -0.0179977416992187 -0.07305908203125 -0.521820068359375
-0.00736570358276367 -0.00253629684448242 -0.426910400390625 -0.143310546875
0.0110044479370117 -0.00459480285644531 -0.258636474609375 0.2344970703125
0.0206413269042969 0.00290298461914062 0.0011138916015625 0.266677856445313
-0.000967979431152344 -0.00298333168029785 0.153289794921875 0.101089477539063
0.00349617004394531 -0.0211677551269531 0.160690307617188 -0.0450897216796875
0.00600433349609375 -0.016636848449707 -0.160736083984375 0.0396881103515625
-0.00253438949584961 -0.00458955764770508 -0.157424926757813 -0.109832763671875
0.0189533233642578 0.000402450561523438 -0.03662109375 -0.257232666015625
0.0190238952636719 0.00046539306640625 0.219375610351563 -0.2647705078125
-0.00798702239990235 0.00252103805541992 0.3856201171875 0.076995849609375
-0.0157909393310547 -0.0158329010009766 0.173919677734375 0.446319580078125
0.00194120407104492 -0.00527286529541016 -0.1783447265625 0.361572265625
0.016632080078125 0.00371170043945312 -0.00927734375 0.0530662536621094
0.00608921051025391 -0.0131921768188477 0.282470703125 -0.302154541015625
-0.001739501953125 -0.00996780395507813 -0.067108154296875 -0.524444580078125
-0.00448036193847656 0.000689506530761718 -0.42608642578125 -0.14794921875
0.0136709213256836 -0.00622081756591797 -0.263107299804687 0.233642578125
0.0215530395507813 0.00155448913574219 -0.00474548339843751 0.265792846679688
-0.00143051147460937 -0.00501012802124023 0.150802612304688 0.0993499755859375
0.0025482177734375 -0.022064208984375 0.159271240234375 -0.045074462890625
0.00598526000976563 -0.0168943405151367 -0.162078857421875 0.039825439453125
-0.00336694717407226 -0.00667095184326172 -0.1593017578125 -0.11273193359375
0.0183334350585937 -0.00239753723144531 -0.041717529296875 -0.258331298828125
0.0200653076171875 -0.000875473022460937 0.215560913085937 -0.2664794921875
-0.00503253936767578 0.0054326057434082 0.387115478515625 0.075042724609375
-0.0144824981689453 -0.00872802734375 0.180633544921875 0.445037841796875
-0.00317740440368652 0.00387382507324219 -0.169158935546875 0.362396240234375
0.00446224212646484 0.0096588134765625 0.00040054321289062 0.05120849609375
-0.0018773078918457 -0.00543498992919922 0.280731201171875 -0.310394287109375
-0.00232124328613281 -0.00239467620849609 -0.075592041015625 -0.522491455078125
-0.00095820426940918 0.00377488136291504 -0.429107666015625 -0.13726806640625
0.0154123306274414 -0.00685024261474609 -0.26129150390625 0.239517211914062
0.0213470458984375 -0.000913619995117188 -0.00315856933593751 0.26446533203125
-0.00246334075927734 -0.00637388229370117 0.150543212890625 0.0953216552734375
0.00273323059082031 -0.0227546691894531 0.15704345703125 -0.0475921630859375
0.016758918762207 -0.00406932830810547 -0.163742065429688 0.0265960693359375
0.0101385116577148 -0.00258350372314453 -0.145721435546875 -0.121063232421875
0.0095376968383789 0.00551414489746094 0.00888061523437499 -0.261428833007812
-0.00687122344970703 0.0121307373046875 0.27239990234375 -0.225631713867188
-0.0262107849121094 -0.000360488891601562 0.371246337890625 0.152862548828125
-0.00470352172851562 -0.0344333648681641 0.08587646484375 0.469757080078125
0.0369300842285156 -0.0215606689453125 -0.21368408203125 0.306304931640625
0.0581436157226563 -0.00401687622070313 0.0387077331542969 0.0111236572265625
0.0315647125244141 -0.0289478302001953 0.23028564453125 -0.36761474609375
-0.000219345092773439 -0.02191162109375 -0.17498779296875 -0.488250732421875
-0.0202312469482422 0.00370407104492188 -0.42828369140625 -0.052947998046875
-0.00776004791259766 0.00663280487060547 -0.192840576171875 0.267608642578125
0.008453369140625 -6.67572021484375E-05 0.050933837890625 0.255081176757813
0.00640678405761719 -0.00474405288696289 0.163238525390625 0.0803680419921875
0.015833854675293 -0.00849151611328125 0.1551513671875 -0.0606689453125
0.0148143768310547 -0.00568199157714844 -0.16192626953125 0.02960205078125
0.00850296020507812 -0.000896453857421875 -0.147567749023437 -0.115570068359375
0.0120134353637695 0.00615692138671875 0.0018310546875 -0.259979248046875
-0.00330734252929688 0.0108871459960937 0.262619018554688 -0.234725952148438
-0.0258674621582031 -0.00177764892578125 0.373992919921875 0.13494873046875
-0.00772476196289063 -0.0388031005859375 0.101959228515625 0.46380615234375
0.0368385314941406 -0.0275459289550781 -0.21185302734375 0.316070556640625
0.0623435974121094 -0.00841903686523438 0.0244007110595703 0.0185356140136719
0.0338668823242188 -0.0342350006103516 0.233856201171875 -0.357421875
-0.00038909912109375 -0.0267143249511719 -0.160247802734375 -0.49395751953125
-0.0202255249023438 -0.000143051147460942 -0.43011474609375 -0.06817626953125
-0.00562477111816406 0.00564956665039063 -0.2030029296875 0.26251220703125
0.0105791091918945 0.00203323364257813 0.0449066162109375 0.258316040039063
0.0053563117980957 -0.00319242477416992 0.163665771484375 0.0855560302734375
0.0140190124511719 -0.00980281829833984 0.156906127929688 -0.0577239990234375
0.0127162933349609 -0.0078582763671875 -0.160125732421875 0.03204345703125
0.00655651092529297 0.000412464141845703 -0.14892578125 -0.111038208007813
0.0148410797119141 0.00564384460449219 -0.00787353515625 -0.257461547851562
0.00110340118408203 0.00937461853027344 0.250946044921875 -0.244247436523438
-0.0238895416259766 -0.00197029113769532 0.377685546875 0.1162109375
-0.0111579895019531 -0.0388565063476563 0.121063232421875 0.456878662109375
0.0331821441650391 -0.0304718017578125 -0.2052001953125 0.328643798828125
0.0613937377929687 -0.0106430053710937 0.00990104675292969 0.0277881622314453
0.0329971313476563 -0.0353584289550781 0.240020751953125 -0.34246826171875
-0.00058174133300781 -0.0290584564208984 -0.141204833984375 -0.502197265625
-0.0187263488769531 -0.00244331359863281 -0.429443359375 -0.0878906250000001
-0.0024263858795166 0.00348424911499023 -0.215240478515625 0.2547607421875
0.013209342956543 0.00292587280273438 0.03680419921875 0.261611938476563
0.00403571128845215 -0.00222563743591309 0.160903930664063 0.09014892578125
0.0106897354125977 -0.0123176574707031 0.15869140625 -0.0546875
0.00953102111816406 -0.0106077194213867 -0.158828735351563 0.0363922119140625
0.00409221649169922 -9.918212890625E-05 -0.151626586914063 -0.10797119140625
0.0165004730224609 0.00536060333251953 -0.0183258056640625 -0.255706787109375
0.00652122497558594 0.00673580169677734 0.2376708984375 -0.252655029296875
-0.0200614929199219 -0.00156211853027344 0.37921142578125 0.09783935546875
-0.0145111083984375 -0.035888671875 0.140380859375 0.449859619140625
0.0256538391113281 -0.0284042358398438 -0.196685791015625 0.339447021484375
0.0540046691894531 -0.0094451904296875 -0.00228881835937499 0.0375938415527344
0.0298557281494141 -0.0339546203613281 0.24969482421875 -0.327117919921875
0.000310897827148437 -0.0283527374267578 -0.11773681640625 -0.507171630859375
-0.0152568817138672 -0.003814697265625 -0.42840576171875 -0.108612060546875
0.00173509120941162 0.000600337982177734 -0.229339599609375 0.247848510742188
0.0157251358032227 0.00321102142333984 0.0252838134765625 0.2630615234375
0.00159907341003418 -0.00191223621368408 0.159500122070313 0.0939788818359375
0.00750160217285156 -0.0156326293945313 0.15948486328125 -0.051605224609375
0.00766372680664063 -0.0138149261474609 -0.157730102539063 0.03875732421875
0.00125730037689209 -0.00069117546081543 -0.154342651367188 -0.10504150390625
0.0179519653320313 0.00384521484375 -0.02783203125 -0.253875732421875
0.0117120742797852 0.00440692901611328 0.2254638671875 -0.25958251953125
-0.0161781311035156 -0.000852584838867187 0.380523681640625 0.082275390625
-0.0163917541503906 -0.0303325653076172 0.157379150390625 0.441864013671875
0.0175914764404297 -0.0230445861816406 -0.1873779296875 0.34918212890625
0.0430145263671875 -0.00685882568359375 -0.0096282958984375 0.045013427734375
0.0232810974121094 -0.028717041015625 0.259918212890625 -0.314178466796875
-0.00046539306640625 -0.0237808227539063 -0.095672607421875 -0.512786865234375
-0.0114612579345703 -0.0040292739868164 -0.425628662109375 -0.124664306640625
0.00653934478759766 -0.00224161148071289 -0.242294311523437 0.240936279296875
0.0183525085449219 0.00304794311523438 0.0145721435546875 0.26519775390625
0.000569581985473633 -0.00246930122375488 0.155807495117188 0.0970916748046875
0.00505447387695313 -0.0179939270019531 0.159469604492188 -0.0487823486328125
0.00591087341308594 -0.0149030685424805 -0.158401489257813 0.0415191650390625
-0.00123751163482666 -0.00204181671142578 -0.15618896484375 -0.105209350585938
0.0190219879150391 0.00183677673339844 -0.03564453125 -0.253311157226563
0.015772819519043 0.00133800506591797 0.217117309570312 -0.263214111328125
-0.0116767883300781 0.00087451934814453 0.38037109375 0.073150634765625
-0.0170440673828125 -0.0229110717773438 0.17041015625 0.4395751953125
0.009307861328125 -0.0145368576049805 -0.180450439453125 0.356201171875
0.0298309326171875 -0.00173377990722656 -0.0122947692871094 0.0502662658691406
0.0143718719482422 -0.0211334228515625 0.268798828125 -0.304229736328125
-0.000967979431152344 -0.0174551010131836 -0.077301025390625 -0.515716552734375
-0.00750637054443359 -0.00191450119018555 -0.423797607421875 -0.1380615234375
0.0108718872070313 -0.004669189453125 -0.252273559570313 0.2354736328125
0.0199985504150391 0.00227546691894531 0.00495910644531247 0.264511108398438
-0.00193572044372559 -0.00337719917297363 0.152999877929688 0.097869873046875
0.00334548950195312 -0.0203456878662109 0.15911865234375 -0.047271728515625
0.00569629669189453 -0.0164251327514648 -0.159194946289063 0.0417327880859375
-0.00296974182128906 -0.00397419929504395 -0.157669067382813 -0.10687255859375
0.0187282562255859 -0.000604629516601563 -0.0402679443359375 -0.2542724609375
0.0187187194824219 -0.000217437744140625 0.21282958984375 -0.26434326171875
-0.00787353515625 0.00227689743041992 0.381988525390625 0.070556640625
-0.0159235000610352 -0.0161733627319336 0.177734375 0.439361572265625
0.00232219696044922 -0.00497055053710938 -0.173431396484375 0.359527587890625
0.0159168243408203 0.00354385375976563 -0.00908660888671875 0.0524673461914063
0.00523757934570312 -0.0129623413085938 0.275604248046875 -0.30218505859375
-0.00187969207763672 -0.00913906097412109 -0.071746826171875 -0.5172119140625
-0.00409126281738281 0.00119090080261231 -0.42425537109375 -0.1414794921875
0.0134830474853516 -0.00607395172119141 -0.258285522460938 0.234817504882812
0.0215873718261719 0.00110626220703125 -0.00151062011718748 0.263412475585938
-0.00243616104125977 -0.00551652908325195 0.150497436523438 0.0964508056640625
0.00247001647949219 -0.0223102569580078 0.157546997070313 -0.04718017578125
0.00568866729736328 -0.0166444778442383 -0.160140991210938 0.0418853759765625
-0.00308370590209961 -0.00600862503051758 -0.159423828125 -0.109039306640625
0.0191230773925781 -0.00254058837890625 -0.0446014404296875 -0.255523681640625
0.019683837890625 -0.00109672546386719 0.209579467773438 -0.2667236328125
-0.00489521026611328 0.00543928146362305 0.383636474609375 0.07073974609375
-0.0148468017578125 -0.00849437713623047 0.18414306640625 0.43804931640625
-0.00329160690307617 0.00348567962646484 -0.16448974609375 0.360137939453125
0.00415802001953125 0.00946331024169922 0.00035476684570313 0.0505142211914063
-0.00246000289916992 -0.00489997863769531 0.27496337890625 -0.31011962890625
-0.0023651123046875 -0.0020136833190918 -0.0798034667968749 -0.516510009765625
-0.00100517272949219 0.00425291061401367 -0.4266357421875 -0.130859375
0.014826774597168 -0.00698661804199219 -0.255813598632812 0.240234375
0.0208244323730469 -0.00124359130859375 0.000854492187499975 0.261886596679688
-0.00240373611450195 -0.00693988800048828 0.149993896484375 0.09259033203125
0.00219917297363281 -0.0229587554931641 0.15594482421875 -0.0499420166015625
0.0166015625 -0.00417041778564453 -0.162017822265625 0.0282745361328125
0.0104351043701172 -0.00209236145019531 -0.146270751953125 -0.117431640625
0.0102062225341797 0.00523471832275391 0.00619506835937497 -0.258026123046875
-0.00649261474609375 0.0124101638793945 0.26678466796875 -0.225357055664063
-0.0261440277099609 0.000335693359375 0.36761474609375 0.148223876953125
-0.00503158569335937 -0.0346260070800781 0.088836669921875 0.464019775390625
0.0363082885742188 -0.0218696594238281 -0.209136962890625 0.30340576171875
0.0570297241210938 -0.00460433959960938 0.0376930236816406 0.0102958679199219
0.0309581756591797 -0.0284938812255859 0.224212646484375 -0.365386962890625
-1.90734863281267E-06 -0.0217247009277344 -0.17645263671875 -0.480010986328125
-0.0190982818603516 0.00361251831054687 -0.423980712890625 -0.048248291015625
-0.00748395919799805 0.00722742080688477 -0.18817138671875 0.266769409179688
0.0087122917175293 2.81333923339844E-05 0.053558349609375 0.251815795898438
0.00633668899536133 -0.00490665435791016 0.162460327148438 0.07745361328125
0.0152721405029297 -0.008575439453125 0.152847290039063 -0.061676025390625
0.0146293640136719 -0.00570964813232422 -0.159988403320312 0.0312347412109375
0.00862836837768555 -0.000582695007324219 -0.147216796875 -0.112899780273438
0.0122203826904297 0.00612735748291016 -0.000885009765625005 -0.256973266601563
-0.00344276428222656 0.0113801956176758 0.257080078125 -0.234268188476563
-0.0256671905517578 -0.00134849548339844 0.371429443359375 0.13092041015625
-0.00786209106445312 -0.03839111328125 0.103485107421875 0.458465576171875
0.0364837646484375 -0.0281524658203125 -0.2066650390625 0.315216064453125
0.0619468688964844 -0.00859451293945313 0.0236148834228516 0.0185127258300781
0.0328693389892578 -0.0340404510498047 0.229400634765625 -0.355010986328125
-0.000352859497070312 -0.0265445709228516 -0.162078857421875 -0.488494873046875
-0.0198402404785156 0.000398635864257815 -0.42535400390625 -0.064849853515625
-0.00611686706542969 0.00584173202514648 -0.198501586914063 0.2615966796875
0.0105094909667969 0.00161647796630859 0.0473785400390625 0.255508422851562
0.00523948669433594 -0.00313949584960938 0.162353515625 0.08251953125
0.0132246017456055 -0.0100851058959961 0.155303955078125 -0.059326171875
0.0120716094970703 -0.00856208801269531 -0.15850830078125 0.0339202880859375
0.0064239501953125 0.000293254852294922 -0.149566650390625 -0.108688354492188
0.0143642425537109 0.00631523132324219 -0.01104736328125 -0.25494384765625
0.0011444091796875 0.00945186614990234 0.245193481445313 -0.2442626953125
-0.0238780975341797 -0.00164222717285156 0.374176025390625 0.111083984375
-0.0115890502929687 -0.0387535095214844 0.122955322265625 0.450042724609375
0.0325202941894531 -0.0306644439697266 -0.199859619140625 0.32513427734375
0.0603179931640625 -0.0106468200683594 0.0099029541015625 0.0277729034423828
0.0322113037109375 -0.0354804992675781 0.234283447265625 -0.340179443359375
-0.000268936157226564 -0.0290660858154297 -0.143096923828125 -0.49432373046875
-0.0185661315917969 -0.00185203552246093 -0.4266357421875 -0.08258056640625
-0.00273394584655762 0.00349068641662598 -0.210617065429688 0.254776000976562
0.0129632949829102 0.00208759307861328 0.0392608642578125 0.258087158203125
0.00309181213378906 -0.00205278396606445 0.160614013671875 0.087799072265625
0.0100669860839844 -0.0124645233154297 0.15655517578125 -0.055816650390625
0.00991535186767578 -0.0109834671020508 -0.156814575195312 0.037628173828125
0.0040888786315918 0.000205278396606445 -0.151535034179688 -0.104705810546875
0.0163459777832031 0.00469684600830078 -0.02099609375 -0.252349853515625
0.00593233108520508 0.00701045989990234 0.231781005859375 -0.251983642578125
-0.0204105377197266 -0.00142097473144531 0.37567138671875 0.09393310546875
-0.0144882202148437 -0.0359458923339844 0.141693115234375 0.444488525390625
0.0254383087158203 -0.0285377502441406 -0.192169189453125 0.337493896484375
0.0533676147460938 -0.0100555419921875 -0.0018768310546875 0.0365791320800781
0.0288848876953125 -0.0336627960205078 0.24542236328125 -0.32568359375
-0.000579833984374998 -0.0277633666992188 -0.119964599609375 -0.500152587890625
-0.015284538269043 -0.00339317321777344 -0.42510986328125 -0.103179931640625
0.00142824649810791 0.000832796096801758 -0.224624633789062 0.24786376953125
0.0156002044677734 0.00250148773193359 0.0285491943359375 0.260757446289063
0.00175905227661133 -0.00243425369262695 0.158706665039063 0.0913238525390625
0.00695991516113281 -0.0150442123413086 0.157562255859375 -0.05328369140625
0.00706958770751953 -0.0132598876953125 -0.155990600585938 0.0406646728515625
0.00160419940948486 -0.000665664672851562 -0.15362548828125 -0.10247802734375
0.0177936553955078 0.00373458862304688 -0.030548095703125 -0.251190185546875
0.0111913681030273 0.00401020050048828 0.22125244140625 -0.258743286132813
-0.0162830352783203 -0.000454902648925782 0.376983642578125 0.078887939453125
-0.0165424346923828 -0.0302524566650391 0.160400390625 0.437652587890625
0.0170097351074219 -0.0234718322753906 -0.18408203125 0.347381591796875
0.0425148010253906 -0.00709915161132813 -0.00982666015624999 0.04473876953125
0.0224323272705078 -0.0277042388916016 0.25360107421875 -0.312042236328125
-0.000459671020507813 -0.0234565734863281 -0.09954833984375 -0.505401611328125
-0.0112228393554687 -0.00328445434570312 -0.42352294921875 -0.11956787109375
0.00580072402954102 -0.00247764587402344 -0.237548828125 0.240859985351563
0.0182933807373047 0.00207710266113281 0.01715087890625 0.262069702148438
0.000371932983398437 -0.00252556800842285 0.15545654296875 0.0943145751953125
0.00443077087402344 -0.0183353424072266 0.158096313476562 -0.0505828857421875
0.00575351715087891 -0.0153665542602539 -0.156585693359375 0.042510986328125
-0.000745177268981934 -0.001839280128479 -0.156204223632813 -0.10186767578125
0.018798828125 0.00143241882324219 -0.0374603271484375 -0.24969482421875
0.0153045654296875 0.00146293640136719 0.211288452148438 -0.262130737304688
-0.0119056701660156 0.00118350982666016 0.376129150390625 0.07000732421875
-0.0161762237548828 -0.0230045318603516 0.170684814453125 0.432830810546875
0.00930309295654297 -0.0147857666015625 -0.175537109375 0.353057861328125
0.0292816162109375 -0.00232315063476563 -0.0123138427734375 0.0498619079589844
0.0136947631835937 -0.0208358764648438 0.26312255859375 -0.3035888671875
-0.000972747802734373 -0.0172576904296875 -0.08233642578125 -0.509521484375
-0.00763559341430664 -0.00186300277709961 -0.420806884765625 -0.131805419921875
0.0100803375244141 -0.00447368621826172 -0.248184204101563 0.235763549804687
0.0203533172607422 0.00129508972167969 0.00772094726562501 0.261428833007812
-0.00130009651184082 -0.00315451622009277 0.152679443359375 0.09515380859375
0.002777099609375 -0.0202960968017578 0.157211303710938 -0.0485687255859375
0.00562000274658203 -0.0166311264038086 -0.157684326171875 0.0435943603515625
-0.0023033618927002 -0.00375795364379883 -0.15777587890625 -0.1036376953125
0.0193214416503906 -0.000391006469726563 -0.0429534912109375 -0.250350952148438
0.0179557800292969 -0.000520706176757813 0.208343505859375 -0.263626098632813
-0.00769472122192383 0.00312948226928711 0.37811279296875 0.06732177734375
-0.0156784057617187 -0.0160427093505859 0.17950439453125 0.43359375
0.00204563140869141 -0.00554180145263672 -0.169097900390625 0.357574462890625
0.0159263610839844 0.00404834747314453 -0.0091705322265625 0.0518035888671875
0.00479984283447265 -0.0125494003295898 0.270263671875 -0.30157470703125
-0.0015869140625 -0.00925445556640625 -0.075103759765625 -0.511932373046875
-0.00399136543273926 0.00114893913269043 -0.42169189453125 -0.13604736328125
0.013178825378418 -0.00639533996582031 -0.253509521484375 0.2349853515625
0.0214424133300781 0.000280380249023437 0.00112915039062499 0.2608642578125
-0.00248908996582031 -0.00478363037109375 0.15045166015625 0.09405517578125
0.00157737731933594 -0.0220241546630859 0.156234741210938 -0.0483551025390625
0.00585651397705078 -0.0169534683227539 -0.158721923828125 0.0437774658203125
-0.00301218032836914 -0.00576639175415039 -0.159942626953125 -0.105987548828125
0.0188808441162109 -0.00268363952636719 -0.0475006103515625 -0.252349853515625
0.0192756652832031 -0.00103187561035156 0.203872680664062 -0.265045166015625
-0.00515174865722656 0.00501108169555664 0.380218505859375 0.065887451171875
-0.0141706466674805 -0.00807380676269531 0.185455322265625 0.433868408203125
-0.0027928352355957 0.00377297401428223 -0.159576416015625 0.3570556640625
0.00427341461181641 0.00962257385253906 -8.39233398437485E-05 0.0493125915527344
-0.00255966186523438 -0.00459051132202148 0.26934814453125 -0.3096923828125
-0.0020451545715332 -0.00171959400177002 -0.083282470703125 -0.509979248046875
-0.000888824462890625 0.00399589538574219 -0.423126220703125 -0.125213623046875
0.0141162872314453 -0.00725936889648437 -0.25030517578125 0.24072265625
0.0211944580078125 -0.00170135498046875 0.00279235839843749 0.259765625
-0.00248146057128906 -0.00663375854492188 0.150146484375 0.0902099609375
0.0015411376953125 -0.0225257873535156 0.154327392578125 -0.0511474609375
0.0165977478027344 -0.00444698333740234 -0.160919189453125 0.0294342041015625
0.0101490020751953 -0.00209140777587891 -0.146408081054688 -0.114959716796875
0.0104026794433594 0.00473213195800781 0.00320434570312501 -0.255233764648438
-0.00661563873291016 0.0124015808105469 0.261962890625 -0.225448608398438
-0.0258750915527344 0.000371932983398441 0.36431884765625 0.14471435546875
-0.0048980712890625 -0.0345001220703125 0.090911865234375 0.45941162109375
0.0358047485351563 -0.0220069885253906 -0.206451416015625 0.300933837890625
0.0565681457519531 -0.00481796264648437 0.036407470703125 0.00952529907226563
0.02978515625 -0.0283355712890625 0.219757080078125 -0.363311767578125
0.000183105468750001 -0.0215072631835938 -0.176300048828125 -0.473114013671875
-0.0190677642822266 0.00371742248535156 -0.42010498046875 -0.0445251464843751
-0.00774192810058594 0.00731086730957031 -0.18341064453125 0.265625
0.00829839706420898 -0.000457763671875 0.0550384521484375 0.248825073242188
0.00592613220214844 -0.00468778610229492 0.161651611328125 0.0752105712890625
0.0143918991088867 -0.00891590118408203 0.151397705078125 -0.06317138671875
0.0146455764770508 -0.00581073760986328 -0.158065795898438 0.03277587890625
0.00926971435546875 -0.000911712646484375 -0.147628784179688 -0.110260009765625
0.0121669769287109 0.00546455383300781 -0.00413513183593753 -0.253524780273438
-0.00336456298828125 0.0111103057861328 0.252212524414063 -0.23455810546875
-0.0257949829101563 -0.000951766967773442 0.36773681640625 0.127288818359375
-0.008209228515625 -0.0382804870605469 0.10687255859375 0.453277587890625
0.0359230041503906 -0.0281982421875 -0.203948974609375 0.31243896484375
0.0607681274414062 -0.00876998901367188 0.0231552124023438 0.0171222686767578
0.0321445465087891 -0.0336647033691406 0.224212646484375 -0.352813720703125
-0.00035858154296875 -0.0258541107177734 -0.163848876953125 -0.4805908203125
-0.0193347930908203 0.001129150390625 -0.4210205078125 -0.060272216796875
-0.00628376007080078 0.00548315048217774 -0.194229125976562 0.260208129882813
0.00994873046875 0.000945091247558594 0.049102783203125 0.252304077148438
0.00465917587280273 -0.00302410125732422 0.16131591796875 0.0801544189453125
0.0123529434204102 -0.01043701171875 0.153549194335938 -0.0607147216796875
0.0116920471191406 -0.00835514068603516 -0.1566162109375 0.03515625
0.00708913803100586 0.000202655792236328 -0.149017333984375 -0.106063842773438
0.0148658752441406 0.00520420074462891 -0.0133819580078125 -0.251815795898437
0.00106143951416016 0.00947761535644531 0.24029541015625 -0.243377685546875
-0.0234603881835937 -0.00128555297851563 0.37060546875 0.108612060546875
-0.0118522644042969 -0.0384597778320313 0.124786376953125 0.446258544921875
0.0322322845458984 -0.0303134918212891 -0.19683837890625 0.322906494140625
0.0594062805175781 -0.0107841491699219 0.00913619995117188 0.0263767242431641
0.0317306518554688 -0.0348777770996094 0.230316162109375 -0.338348388671875
-7.43865966796876E-05 -0.0285320281982422 -0.144134521484375 -0.48846435546875
-0.0177783966064453 -0.00207901000976562 -0.42388916015625 -0.0797729492187499
-0.00337123870849609 0.00289821624755859 -0.206756591796875 0.254318237304687
0.0124855041503906 0.00168704986572266 0.041046142578125 0.255325317382813
0.0032045841217041 -0.00217986106872559 0.159759521484375 0.085418701171875
0.00966644287109375 -0.0127162933349609 0.154800415039063 -0.0569000244140625
0.00916004180908203 -0.0110034942626953 -0.155120849609375 0.0390167236328125
0.00472545623779297 0.000368118286132813 -0.1514892578125 -0.102157592773438
0.0169029235839844 0.00462245941162109 -0.0233306884765625 -0.249801635742187
0.00593996047973633 0.00679445266723633 0.227310180664062 -0.251815795898438
-0.0203857421875 -0.000947952270507817 0.372314453125 0.09027099609375
-0.0142478942871094 -0.0355644226074219 0.143402099609375 0.4395751953125
0.0251312255859375 -0.02801513671875 -0.189544677734375 0.33526611328125
0.0527381896972656 -0.009857177734375 -0.00238800048828124 0.0364036560058594
0.0280342102050781 -0.0325756072998047 0.24029541015625 -0.323822021484375
-0.000612258911132813 -0.0277366638183594 -0.121673583984375 -0.493865966796875
-0.0151386260986328 -0.00351142883300782 -0.42156982421875 -0.0994262695312499
0.00105941295623779 4.02927398681641E-05 -0.220840454101563 0.2467041015625
0.0154838562011719 0.0021514892578125 0.0293426513671875 0.257461547851563
0.00132501125335693 -0.0016019344329834 0.157638549804688 0.089019775390625
0.00664806365966797 -0.0153713226318359 0.156158447265625 -0.0543670654296875
0.00728225708007812 -0.0133943557739258 -0.154449462890625 0.0421142578125
0.00191640853881836 -0.000299453735351563 -0.15325927734375 -0.09967041015625
0.0184803009033203 0.00329971313476563 -0.032928466796875 -0.248092651367188
0.0112676620483398 0.00405406951904297 0.21588134765625 -0.257659912109375
-0.0157709121704102 -0.000358581542968753 0.374114990234375 0.075927734375
-0.0164871215820312 -0.0304393768310547 0.161041259765625 0.4310302734375
0.0166053771972656 -0.0227737426757812 -0.17987060546875 0.34393310546875
0.0416755676269531 -0.00716400146484375 -0.00998687744140624 0.0440101623535156
0.0214424133300781 -0.0277271270751953 0.249481201171875 -0.311492919921875
-8.96453857421881E-05 -0.0232868194580078 -0.100372314453125 -0.49908447265625
-0.0114898681640625 -0.00315570831298828 -0.419036865234375 -0.115753173828125
0.00563335418701172 -0.0024867057800293 -0.233489990234375 0.240814208984375
0.0176181793212891 0.00235557556152344 0.0190582275390625 0.259017944335938
-0.000184774398803711 -0.00203371047973633 0.154876708984375 0.09173583984375
0.00398445129394531 -0.0183277130126953 0.156280517578125 -0.0515289306640625
0.00610446929931641 -0.0151700973510742 -0.1549072265625 0.0439453125
-0.000539660453796387 -0.00171804428100586 -0.15576171875 -0.09942626953125
0.0190925598144531 0.00160980224609375 -0.0401763916015625 -0.246368408203125
0.014948844909668 0.00159931182861328 0.206497192382812 -0.261093139648438
-0.0116729736328125 0.0013284683227539 0.373992919921875 0.066436767578125
-0.0165634155273437 -0.0230598449707031 0.172210693359375 0.42730712890625
0.00884819030761719 -0.0148477554321289 -0.17236328125 0.350433349609375
0.0285739898681641 -0.00194740295410156 -0.0121803283691406 0.0489349365234375
0.0131130218505859 -0.0200157165527344 0.258819580078125 -0.302154541015625
-0.000658035278320312 -0.0167455673217773 -0.0827636718749999 -0.50250244140625
-0.00689220428466797 -0.00181770324707031 -0.418365478515625 -0.128173828125
0.00948333740234375 -0.00514030456542969 -0.24359130859375 0.235885620117188
0.0198650360107422 0.00152206420898438 0.00967407226562497 0.25933837890625
-0.00130200386047363 -0.00287938117980957 0.152328491210938 0.0930023193359375
0.00247573852539063 -0.0203742980957031 0.156219482421875 -0.049835205078125
0.00569820404052734 -0.0163326263427734 -0.155548095703125 0.044586181640625
-0.00153136253356934 -0.00319790840148926 -0.157424926757813 -0.100723266601562
0.0190868377685547 -0.000576019287109375 -0.0447998046875 -0.24761962890625
0.0176353454589844 -0.00025177001953125 0.2030029296875 -0.262237548828125
-0.00771760940551758 0.00282907485961914 0.373931884765625 0.064208984375
-0.0157718658447266 -0.0158319473266602 0.178741455078125 0.428985595703125
0.00196647644042969 -0.00568771362304688 -0.1666259765625 0.354095458984375
0.015629768371582 0.00353145599365234 -0.00907135009765625 0.0504951477050781
0.00424289703369141 -0.0119438171386719 0.26617431640625 -0.299713134765625
-0.00186443328857422 -0.00882339477539063 -0.0765380859375 -0.505584716796875
-0.00344467163085938 0.0011451244354248 -0.41790771484375 -0.13250732421875
0.0128898620605469 -0.00608921051025391 -0.2484130859375 0.234161376953125
0.0209274291992187 -0.000133514404296875 0.00315856933593751 0.258377075195313
-0.00189352035522461 -0.00474023818969726 0.149490356445313 0.0916290283203125
0.000858306884765627 -0.0218315124511719 0.15447998046875 -0.0494537353515625
0.00551700592041016 -0.0169591903686523 -0.157257080078125 0.0443572998046875
-0.00258779525756836 -0.00531673431396484 -0.159378051757813 -0.103286743164063
0.0190219879150391 -0.00265884399414063 -0.0492095947265625 -0.248855590820312
0.0188446044921875 -0.00113677978515625 0.19989013671875 -0.264129638671875
-0.00488471984863281 0.00536775588989258 0.376495361328125 0.06329345703125
-0.0140304565429688 -0.00845909118652344 0.187164306640625 0.4287109375
-0.00297689437866211 0.00343513488769531 -0.156036376953125 0.3538818359375
0.0040130615234375 0.00924777984619141 5.34057617187452E-05 0.0484657287597656
-0.00314617156982422 -0.00463724136352539 0.2647705078125 -0.3082275390625
-0.00200128555297852 -0.00126004219055176 -0.085418701171875 -0.503509521484375
-0.00106620788574219 0.00453329086303711 -0.419952392578125 -0.121124267578125
0.0134086608886719 -0.00781631469726563 -0.2457275390625 0.2403564453125
0.0209598541259766 -0.00220298767089844 0.00489807128906248 0.257049560546875
-0.00255346298217773 -0.00613784790039063 0.149215698242188 0.0877227783203125
0.00127410888671875 -0.0226039886474609 0.152481079101563 -0.05181884765625
0.0161714553833008 -0.00415897369384766 -0.159210205078125 0.0304107666015625
0.0103816986083984 -0.00217151641845703 -0.145782470703125 -0.112274169921875
0.010284423828125 0.00503253936767578 0.00111389160156248 -0.252792358398438
-0.00646400451660157 0.0122499465942383 0.257171630859375 -0.223953247070313
-0.0254440307617188 0.000932693481445314 0.361114501953125 0.14227294921875
-0.0051422119140625 -0.0343894958496094 0.09112548828125 0.45562744140625
0.0357513427734375 -0.0214385986328125 -0.204193115234375 0.2989501953125
0.0560264587402344 -0.00448226928710938 0.0360107421875 0.0090484619140625
0.0296268463134766 -0.0279197692871094 0.217315673828125 -0.358551025390625
8.96453857421863E-05 -0.0206489562988281 -0.1768798828125 -0.468109130859375
-0.0184059143066406 0.0041046142578125 -0.4163818359375 -0.0413513183593751
-0.00795841217041016 0.00656032562255859 -0.180618286132813 0.2637939453125
0.0080714225769043 -0.000669002532958984 0.0561065673828125 0.245849609375
0.00563287734985352 -0.00487613677978516 0.160995483398437 0.0738983154296875
0.0140829086303711 -0.00883293151855469 0.149932861328125 -0.0631256103515625
0.0140514373779297 -0.0061798095703125 -0.157257080078125 0.0336456298828125
0.00904273986816406 -0.000606536865234375 -0.147018432617188 -0.10791015625
0.0126399993896484 0.0055389404296875 -0.00607299804687499 -0.25042724609375
-0.00333881378173828 0.0110340118408203 0.248199462890625 -0.232650756835938
-0.0253391265869141 -0.000984191894531253 0.36358642578125 0.1248779296875
-0.00803375244140625 -0.0379409790039063 0.107391357421875 0.448394775390625
0.0353240966796875 -0.0285491943359375 -0.2020263671875 0.30938720703125
0.0601692199707031 -0.00838470458984375 0.0225086212158203 0.0172405242919922
0.0316028594970703 -0.0331268310546875 0.220550537109375 -0.349639892578125
-0.000391006469726565 -0.0258541107177734 -0.162445068359375 -0.47479248046875
-0.0190505981445313 0.0011444091796875 -0.417572021484375 -0.057891845703125
-0.00585174560546875 0.00558233261108398 -0.1907958984375 0.259078979492188
0.0101289749145508 0.00111103057861328 0.05047607421875 0.249099731445312
0.00448036193847656 -0.00315475463867188 0.160369873046875 0.0788116455078125
0.0124006271362305 -0.0106630325317383 0.152359008789063 -0.06109619140625
0.0124244689941406 -0.00844478607177735 -0.154953002929688 0.0361328125
0.00711297988891602 6.19888305664063E-05 -0.14892578125 -0.103713989257813
0.0153112411499023 0.00566959381103516 -0.0147247314453125 -0.248703002929688
0.000612258911132813 0.0094757080078125 0.236175537109375 -0.241043090820312
-0.0235614776611328 -0.00128555297851563 0.366912841796875 0.106414794921875
-0.0121002197265625 -0.0383338928222656 0.12445068359375 0.44110107421875
0.0312080383300781 -0.0303401947021484 -0.1953125 0.32037353515625
0.0583610534667969 -0.0107002258300781 0.00888252258300782 0.0261669158935547
0.0311622619628906 -0.0346622467041016 0.227142333984375 -0.334930419921875
-0.0001068115234375 -0.0283851623535156 -0.14532470703125 -0.482757568359375
-0.0176753997802734 -0.0012359619140625 -0.419342041015625 -0.076690673828125
-0.00330352783203125 0.00348687171936035 -0.202865600585938 0.2525634765625
0.0122499465942383 0.00156974792480469 0.041534423828125 0.252853393554688
0.00282979011535645 -0.00258588790893555 0.159072875976563 0.0832977294921875
0.00914478302001953 -0.0127735137939453 0.153656005859375 -0.0575714111328125
0.00914096832275391 -0.0110321044921875 -0.153350830078125 0.040069580078125
0.00501918792724609 0.000367164611816406 -0.150146484375 -0.100128173828125
0.0166358947753906 0.00475883483886719 -0.0254364013671875 -0.246994018554688
0.00602436065673828 0.00722932815551758 0.223098754882813 -0.249237060546875
-0.0203170776367188 -0.000938415527343754 0.368377685546875 0.08758544921875
-0.014556884765625 -0.0354804992675781 0.143951416015625 0.434539794921875
0.0246944427490234 -0.02874755859375 -0.188720703125 0.332977294921875
0.051910400390625 -0.0101699829101563 -0.00284576416015625 0.03521728515625
0.0276737213134766 -0.0324878692626953 0.23724365234375 -0.32098388671875
-0.000226974487304689 -0.0271053314208984 -0.12237548828125 -0.489593505859375
-0.0147323608398438 -0.00256252288818359 -0.4185791015625 -0.0974121093750001
0.000891625881195068 0.00010526180267334 -0.216903686523438 0.245407104492187
0.0150146484375 0.00235366821289063 0.03125 0.254806518554688
0.00170803070068359 -0.00191080570220947 0.156692504882813 0.0874481201171875
0.00648212432861328 -0.0154409408569336 0.154647827148437 -0.055145263671875
0.00680828094482422 -0.0133495330810547 -0.153167724609375 0.042755126953125
0.00183188915252686 -0.000141620635986328 -0.153152465820313 -0.097442626953125
0.0184116363525391 0.00314521789550781 -0.034881591796875 -0.244491577148438
0.010589599609375 0.00411033630371094 0.211441040039063 -0.255599975585938
-0.0155830383300781 -0.000164985656738278 0.36968994140625 0.07342529296875
-0.0161724090576172 -0.0304412841796875 0.160888671875 0.42822265625
0.0165958404541016 -0.0230827331542969 -0.17852783203125 0.34112548828125
0.0411911010742188 -0.00688934326171875 -0.0102767944335938 0.0430450439453125
0.0209693908691406 -0.0269641876220703 0.245086669921875 -0.30767822265625
-0.000219345092773437 -0.0228614807128906 -0.100830078125 -0.494415283203125
-0.0110559463500977 -0.00330829620361328 -0.4150390625 -0.113616943359375
0.00539207458496094 -0.00246477127075195 -0.229827880859375 0.238494873046875
0.0174636840820313 0.00157737731933594 0.0208892822265625 0.256515502929688
-0.000241756439208985 -0.00235533714294434 0.153564453125 0.0907745361328125
0.00326347351074219 -0.0182418823242188 0.154464721679688 -0.052703857421875
0.00554943084716797 -0.0153017044067383 -0.153030395507813 0.0445709228515625
1.84774398803712E-05 -0.00153064727783203 -0.155502319335938 -0.097259521484375
0.0191745758056641 0.00127410888671875 -0.0418853759765625 -0.244232177734375
0.0148906707763672 0.00131988525390625 0.202743530273438 -0.2587890625
-0.0116910934448242 0.00119209289550781 0.3692626953125 0.06414794921875
-0.0165176391601563 -0.0228519439697266 0.1724853515625 0.4229736328125
0.00867652893066406 -0.0150241851806641 -0.1705322265625 0.346771240234375
0.0282268524169922 -0.00221443176269531 -0.0123634338378906 0.0484580993652344
0.01324462890625 -0.0200042724609375 0.255157470703125 -0.29888916015625
-0.00102519989013672 -0.01605224609375 -0.08392333984375 -0.4976806640625
-0.00693321228027344 -0.00145578384399414 -0.412872314453125 -0.1251220703125
0.0089569091796875 -0.00498485565185547 -0.239913940429688 0.234054565429687
0.0198287963867188 0.00110626220703125 0.0109405517578125 0.256698608398438
-0.00137019157409668 -0.00381803512573242 0.151458740234375 0.0912628173828125
0.00172233581542969 -0.0203647613525391 0.155044555664063 -0.050506591796875
0.00485515594482422 -0.0165672302246094 -0.153839111328125 0.045196533203125
-0.00166702270507812 -0.00335574150085449 -0.157119750976562 -0.0986785888671875
0.0196647644042969 -0.000597000122070312 -0.04541015625 -0.244476318359375
0.0172615051269531 -6.38961791992188E-05 0.199172973632812 -0.260482788085937
-0.00775003433227539 0.00301122665405273 0.37139892578125 0.06219482421875
-0.0157203674316406 -0.0152091979980469 0.177581787109375 0.42413330078125
0.00255870819091797 -0.00514364242553711 -0.1639404296875 0.35040283203125
0.014918327331543 0.00388240814208984 -0.00975799560546875 0.0501136779785156
0.00381565093994141 -0.01177978515625 0.260711669921875 -0.2978515625
-0.00164031982421875 -0.00891304016113281 -0.07763671875 -0.499359130859375
-0.00382566452026367 0.00117611885070801 -0.413726806640625 -0.12860107421875
0.0123691558837891 -0.00692081451416016 -0.245254516601563 0.233840942382812
0.0205707550048828 -0.000669479370117188 0.00527954101562502 0.256622314453125
-0.00266122817993164 -0.00481462478637695 0.148468017578125 0.0900726318359375
0.000654220581054686 -0.0217704772949219 0.153366088867187 -0.0507965087890625
0.00527763366699219 -0.016876220703125 -0.155059814453125 0.045440673828125
-0.00240898132324219 -0.00534915924072266 -0.15887451171875 -0.100814819335937
0.0187797546386719 -0.00287055969238281 -0.051025390625 -0.246017456054688
0.0183238983154297 -0.0004425048828125 0.19500732421875 -0.261184692382813
-0.00498771667480469 0.00550222396850586 0.37249755859375 0.061126708984375
-0.0138454437255859 -0.00829887390136719 0.185333251953125 0.423492431640625
-0.00270819664001465 0.00311088562011719 -0.155303955078125 0.3511962890625
0.00348377227783203 0.00953102111816406 -0.000289916992187504 0.0472679138183594
-0.00308966636657715 -0.00369143486022949 0.261749267578125 -0.30426025390625
-0.0020519495010376 -0.000589609146118164 -0.0859375 -0.4979248046875
-0.000537395477294921 0.00481081008911133 -0.416961669921875 -0.118255615234375
0.0132532119750977 -0.00755882263183594 -0.242889404296875 0.2388916015625
0.0205307006835938 -0.00249862670898438 0.00685119628906248 0.254867553710937
-0.00272655487060547 -0.00657176971435547 0.148696899414063 0.086029052734375
0.000698089599609377 -0.0223979949951172 0.151763916015625 -0.0528717041015625
0.0161914825439453 -0.00416183471679688 -0.157623291015625 0.03179931640625
0.0106325149536133 -0.00246334075927734 -0.14495849609375 -0.11029052734375
0.010584831237793 0.00482845306396484 -0.00027465820312502 -0.249786376953125
-0.0066680908203125 0.0122213363647461 0.254364013671875 -0.221939086914063
-0.0260219573974609 0.00127983093261718 0.35711669921875 0.14105224609375
-0.00508499145507812 -0.0343036651611328 0.090667724609375 0.4501953125
0.035308837890625 -0.0221633911132813 -0.203033447265625 0.294952392578125
0.0551681518554688 -0.00433349609375 0.034820556640625 0.00866317749023437
0.0288314819335938 -0.0273036956787109 0.2130126953125 -0.356597900390625
0.000656127929687501 -0.020599365234375 -0.175933837890625 -0.46197509765625
-0.01800537109375 0.00411033630371094 -0.412322998046875 -0.0415039062499999
-0.00806236267089844 0.0068812370300293 -0.178268432617187 0.261688232421875
0.00790309906005859 -0.000836372375488281 0.0567474365234375 0.24407958984375
0.00566911697387695 -0.00461483001708984 0.15985107421875 0.072540283203125
0.0134525299072266 -0.00927639007568359 0.148712158203125 -0.063812255859375
0.0140705108642578 -0.00584888458251953 -0.155548095703125 0.0343170166015625
0.00914192199707031 -0.000458717346191406 -0.14617919921875 -0.105621337890625
0.0127296447753906 0.00518131256103516 -0.00717163085937501 -0.248062133789063
-0.00379753112792969 0.0112686157226563 0.244888305664062 -0.2305908203125
-0.0252628326416016 -0.000452041625976558 0.36041259765625 0.122711181640625
-0.00786590576171875 -0.0375518798828125 0.1058349609375 0.44525146484375
0.0350303649902344 -0.0279903411865234 -0.200469970703125 0.306549072265625
0.0593414306640625 -0.0085296630859375 0.02142333984375 0.0163955688476563
0.0313987731933594 -0.0321998596191406 0.217864990234375 -0.345733642578125
-0.000129699707031251 -0.0251617431640625 -0.162139892578125 -0.470458984375
-0.0182991027832031 0.00166702270507813 -0.414215087890625 -0.055908203125
-0.00647735595703125 0.00536155700683594 -0.188140869140625 0.257247924804688
0.00959205627441406 0.000539779663085938 0.05029296875 0.247512817382812
0.0045619010925293 -0.00338220596313477 0.1595458984375 0.0776214599609375
0.0117521286010742 -0.0105371475219727 0.150314331054688 -0.061126708984375
0.0123367309570313 -0.00834083557128906 -0.153839111328125 0.0367584228515625
0.00718164443969727 0.000490188598632813 -0.148178100585938 -0.10150146484375
0.0149526596069336 0.00524425506591797 -0.0161285400390625 -0.246139526367188
0.000258445739746093 0.00907611846923828 0.232803344726563 -0.238922119140625
-0.0237083435058594 -0.000959396362304685 0.362823486328125 0.104949951171875
-0.0115242004394531 -0.0382614135742188 0.12371826171875 0.437530517578125
0.0313072204589844 -0.0306758880615234 -0.19403076171875 0.318511962890625
0.0579948425292969 -0.0104293823242188 0.00787925720214844 0.0256977081298828
0.0302333831787109 -0.0334968566894531 0.223541259765625 -0.33209228515625
-3.81469726562495E-05 -0.0276966094970703 -0.143646240234375 -0.477783203125
-0.0173940658569336 -0.00154876708984375 -0.415069580078125 -0.0744628906250001
-0.00329422950744629 0.00362396240234375 -0.200363159179687 0.250885009765625
0.0121822357177734 0.0012969970703125 0.04278564453125 0.249984741210938
0.0029604434967041 -0.00207948684692383 0.157638549804688 0.081817626953125
0.00893306732177735 -0.0129156112670898 0.152511596679688 -0.058135986328125
0.00925064086914063 -0.0109405517578125 -0.152130126953125 0.040374755859375
0.00520992279052734 0.000392436981201172 -0.149734497070312 -0.097808837890625
0.0167856216430664 0.00453376770019531 -0.0260162353515625 -0.2437744140625
0.0056304931640625 0.00708436965942383 0.219955444335938 -0.248062133789063
-0.0200176239013672 -0.000494003295898435 0.36480712890625 0.088134765625
-0.0146560668945313 -0.0353851318359375 0.142578125 0.4312744140625
0.02447509765625 -0.0287246704101563 -0.186065673828125 0.329498291015625
0.0512504577636719 -0.00972366333007813 -0.00348663330078125 0.0352287292480469
0.0268344879150391 -0.0315341949462891 0.233795166015625 -0.318145751953125
-0.000209808349609374 -0.0264263153076172 -0.120880126953125 -0.483642578125
-0.013981819152832 -0.00292301177978516 -0.413726806640625 -0.0946960449218751
0.000756263732910156 0.000135183334350586 -0.213851928710937 0.244400024414063
0.0149850845336914 0.00163936614990234 0.031829833984375 0.252365112304688
0.00150775909423828 -0.00202107429504395 0.1556396484375 0.0859222412109375
0.00615882873535156 -0.0150823593139648 0.153182983398438 -0.0556182861328125
0.00673484802246094 -0.0135393142700195 -0.151901245117188 0.0435333251953125
0.00254201889038086 -0.000180482864379883 -0.152389526367187 -0.095794677734375
0.018646240234375 0.00319862365722656 -0.035980224609375 -0.24163818359375
0.0103540420532227 0.00438213348388672 0.208953857421875 -0.253326416015625
-0.0162248611450195 0.000191688537597654 0.365203857421875 0.07220458984375
-0.0162754058837891 -0.0303802490234375 0.1590576171875 0.42376708984375
0.0163135528564453 -0.0228099822998047 -0.17681884765625 0.338348388671875
0.0405426025390625 -0.0069122314453125 -0.0105743408203125 0.04241943359375
0.0204257965087891 -0.0264320373535156 0.243072509765625 -0.305145263671875
-0.000349044799804686 -0.0225963592529297 -0.100372314453125 -0.4884033203125
-0.0106468200683594 -0.00278091430664063 -0.412017822265625 -0.111724853515625
0.00461673736572266 -0.00250768661499023 -0.226730346679688 0.2374267578125
0.0176105499267578 0.00150680541992188 0.021514892578125 0.254058837890625
-0.000591278076171875 -0.00228071212768555 0.15277099609375 0.0889129638671875
0.00328254699707031 -0.0181941986083984 0.153778076171875 -0.053192138671875
0.00570106506347656 -0.01531982421875 -0.15155029296875 0.04522705078125
0.000114798545837402 -0.00121963024139404 -0.154739379882813 -0.0949554443359375
0.0193939208984375 0.00084686279296875 -0.04302978515625 -0.241134643554688
0.0144596099853516 0.00201034545898438 0.199996948242188 -0.256942749023438
-0.0114631652832031 0.00168895721435547 0.36676025390625 0.0633544921875
-0.0162773132324219 -0.0229129791259766 0.17108154296875 0.4193115234375
0.00877571105957031 -0.0149555206298828 -0.169891357421875 0.343994140625
0.0276241302490234 -0.00195503234863281 -0.0129127502441406 0.0475196838378906
0.0123329162597656 -0.0194473266601563 0.251434326171875 -0.295745849609375
-0.000587463378906251 -0.0160360336303711 -0.0848388671875 -0.49200439453125
-0.00691843032836914 -0.00158119201660156 -0.410003662109375 -0.123443603515625
0.0085444450378418 -0.00503349304199219 -0.2373046875 0.232467651367188
0.0195789337158203 0.000501632690429687 0.01177978515625 0.25469970703125
-0.00153636932373047 -0.00312662124633789 0.150054931640625 0.0894317626953125
0.00107765197753906 -0.0204315185546875 0.153182983398438 -0.051025390625
0.00503158569335938 -0.0163745880126953 -0.153091430664063 0.0463409423828125
-0.00150561332702637 -0.00326919555664063 -0.156646728515625 -0.09674072265625
0.0200920104980469 -0.000553131103515625 -0.04736328125 -0.241836547851562
0.0175342559814453 9.5367431640625E-06 0.196151733398438 -0.258071899414063
-0.00804662704467773 0.00324821472167969 0.366607666015625 0.061676025390625
-0.0155086517333984 -0.0156545639038086 0.177581787109375 0.420562744140625
0.00228500366210938 -0.00575113296508789 -0.162811279296875 0.3468017578125
0.0148019790649414 0.00407505035400391 -0.0100517272949219 0.0489234924316406
0.00369548797607422 -0.0114269256591797 0.258453369140625 -0.293914794921875
-0.00111579895019531 -0.00759744644165039 -0.0771484375 -0.493927001953125
-0.00319528579711914 0.00165891647338867 -0.410247802734375 -0.12677001953125
0.0117034912109375 -0.00648784637451172 -0.2421875 0.232391357421875
0.0209388732910156 -0.000667572021484375 0.0058746337890625 0.254074096679688
-0.00264453887939453 -0.00459003448486328 0.147796630859375 0.088134765625
0.000507354736328127 -0.02203369140625 0.152206420898438 -0.0508575439453125
0.00488853454589844 -0.0167446136474609 -0.154312133789063 0.0464019775390625
-0.00179958343505859 -0.00497531890869141 -0.158035278320313 -0.098876953125
0.0190963745117188 -0.00275230407714844 -0.052032470703125 -0.242691040039063
0.0184726715087891 -0.00102043151855469 0.192291259765625 -0.258941650390625
-0.00476694107055664 0.00556564331054688 0.369384765625 0.06036376953125
-0.0134429931640625 -0.00889492034912109 0.184783935546875 0.420135498046875
-0.00278854370117188 0.00311088562011719 -0.15447998046875 0.34759521484375
0.00399017333984375 0.0101003646850586 -0.000812530517578122 0.0470504760742187
-0.00379705429077148 -0.00348901748657227 0.2581787109375 -0.301666259765625
-0.00162434577941895 -0.0010906457901001 -0.08489990234375 -0.491485595703125
-0.000988483428955078 0.00482273101806641 -0.411834716796875 -0.11669921875
0.0127897262573242 -0.00738143920898438 -0.239456176757813 0.2379150390625
0.0200901031494141 -0.00294113159179688 0.00781249999999999 0.25213623046875
-0.0024724006652832 -0.00598859786987305 0.147476196289063 0.084442138671875
0.000619888305664062 -0.0219612121582031 0.14990234375 -0.0532989501953125
0.0161342620849609 -0.00444316864013672 -0.156768798828125 0.0319061279296875
0.0109348297119141 -0.00175285339355469 -0.144546508789063 -0.108688354492187
0.0105819702148438 0.00427055358886719 -0.001007080078125 -0.247055053710938
-0.00632858276367188 0.0123758316040039 0.251251220703125 -0.220184326171875
-0.0255107879638672 0.00098419189453125 0.354888916015625 0.13824462890625
-0.00512886047363281 -0.0340328216552734 0.08941650390625 0.447967529296875
0.0351638793945313 -0.0220184326171875 -0.201416015625 0.29364013671875
0.05419921875 -0.004150390625 0.0338287353515625 0.00836944580078125
0.028564453125 -0.0269241333007813 0.212066650390625 -0.35369873046875
0.000574111938476561 -0.0203647613525391 -0.174530029296875 -0.459320068359375
-0.0178775787353516 0.00464057922363281 -0.409088134765625 -0.040374755859375
-0.00804710388183594 0.00689363479614258 -0.176544189453125 0.260025024414063
0.00775909423828125 -0.000942707061767578 0.05682373046875 0.241683959960938
0.00512218475341797 -0.00494813919067383 0.158584594726563 0.0713958740234375
0.0131473541259766 -0.00888824462890625 0.147674560546875 -0.0639801025390625
0.0142316818237305 -0.00610828399658203 -0.154739379882813 0.0346527099609375
0.00942134857177734 -0.000669479370117188 -0.145523071289063 -0.104248046875
0.0130338668823242 0.00518608093261719 -0.00782775878906253 -0.24493408203125
-0.00359630584716797 0.0115594863891602 0.241485595703125 -0.228195190429688
-0.0250473022460937 -0.000471115112304689 0.357391357421875 0.12249755859375
-0.00786209106445312 -0.0379676818847656 0.1046142578125 0.44219970703125
0.0348396301269531 -0.0276947021484375 -0.199371337890625 0.303955078125
0.0588150024414063 -0.0084991455078125 0.0208950042724609 0.0163440704345703
0.0305709838867187 -0.0312099456787109 0.21575927734375 -0.342803955078125
0.000198364257812497 -0.0250053405761719 -0.160736083984375 -0.465789794921875
-0.0184803009033203 0.00146484375 -0.409698486328125 -0.056549072265625
-0.00691413879394531 0.0053715705871582 -0.186187744140625 0.255294799804688
0.00991630554199219 0.000296592712402344 0.05072021484375 0.245437622070312
0.00443649291992188 -0.00328302383422852 0.158096313476563 0.0762481689453125
0.0113105773925781 -0.0103073120117188 0.149887084960938 -0.0618438720703125
0.0118741989135742 -0.00837326049804688 -0.153182983398438 0.037322998046875
0.00750923156738281 1.28746032714844E-05 -0.147384643554688 -0.0997314453125
0.0152473449707031 0.00506210327148438 -0.01678466796875 -0.2432861328125
0.000612258911132812 0.0097360610961914 0.230087280273438 -0.237716674804688
-0.0232753753662109 -0.000745773315429687 0.360137939453125 0.10467529296875
-0.0109176635742188 -0.0381927490234375 0.122467041015625 0.433929443359375
0.0307846069335937 -0.0305194854736328 -0.1925048828125 0.314300537109375
0.0573043823242188 -0.0102462768554688 0.00719070434570313 0.0254440307617188
0.0297374725341797 -0.0329780578613281 0.220703125 -0.328521728515625
0.000202178955078127 -0.0270614624023438 -0.142181396484375 -0.472320556640625
-0.0169000625610352 -0.00122737884521485 -0.41082763671875 -0.0747070312500001
-0.00361442565917969 0.00289201736450195 -0.198379516601562 0.248779296875
0.0123233795166016 0.00121212005615234 0.0423583984375 0.249114990234375
0.00297045707702637 -0.00226783752441406 0.156814575195313 0.0807647705078125
0.00882053375244141 -0.0128297805786133 0.151351928710938 -0.0584716796875
0.00928211212158203 -0.0107736587524414 -0.151290893554688 0.04119873046875
0.00574731826782227 0.000566959381103516 -0.14971923828125 -0.09637451171875
0.0173425674438477 0.00450515747070313 -0.0267486572265625 -0.241455078125
0.00577497482299805 0.00718927383422852 0.217056274414063 -0.2452392578125
-0.0202426910400391 -0.000299453735351561 0.361114501953125 0.08551025390625
-0.0141029357910156 -0.0352630615234375 0.14129638671875 0.427337646484375
0.0239353179931641 -0.0285549163818359 -0.185546875 0.325347900390625
0.0506629943847656 -0.00941848754882813 -0.00413131713867187 0.0344066619873047
0.0265712738037109 -0.0311412811279297 0.2314453125 -0.314727783203125
0.000114440917968749 -0.0260429382324219 -0.11895751953125 -0.478912353515625
-0.0139894485473633 -0.00283527374267578 -0.411163330078125 -0.094329833984375
0.000257566571235657 0.000157728791236877 -0.212203979492188 0.241531372070312
0.0146884918212891 0.00164031982421875 0.0319671630859375 0.250320434570313
0.00109612941741943 -0.00174593925476074 0.155136108398438 0.0849761962890625
0.00561046600341797 -0.0149106979370117 0.152450561523438 -0.055938720703125
0.00706958770751953 -0.0134057998657227 -0.150405883789063 0.043304443359375
0.00319004058837891 0.000150680541992188 -0.151763916015625 -0.093994140625
0.0187358856201172 0.00272178649902344 -0.0361480712890625 -0.239273071289063
0.0102300643920898 0.00452327728271484 0.205902099609375 -0.251251220703125
-0.0160627365112305 0.000588417053222655 0.363525390625 0.072174072265625
-0.0160732269287109 -0.0300426483154297 0.1583251953125 0.420440673828125
0.016387939453125 -0.0230751037597656 -0.17633056640625 0.335601806640625
0.040679931640625 -0.00650405883789063 -0.0110321044921875 0.041778564453125
0.0198764801025391 -0.0258216857910156 0.240447998046875 -0.302459716796875
-0.000291824340820312 -0.0224437713623047 -0.09906005859375 -0.48394775390625
-0.0103673934936523 -0.00267982482910156 -0.40972900390625 -0.110382080078125
0.00458621978759766 -0.00291061401367187 -0.224990844726563 0.235946655273438
0.0170879364013672 0.00160312652587891 0.0221710205078125 0.251708984375
-0.000542044639587403 -0.00186216831207275 0.151885986328125 0.087249755859375
0.00299644470214844 -0.0179042816162109 0.152603149414063 -0.05322265625
0.00523757934570313 -0.0150852203369141 -0.150543212890625 0.04559326171875
0.000376105308532715 -0.00111901760101318 -0.15380859375 -0.0932769775390625
0.0196132659912109 0.00151824951171875 -0.0437774658203125 -0.238357543945312
0.0142765045166016 0.00233364105224609 0.197219848632813 -0.25457763671875
-0.0114936828613281 0.00165843963623047 0.361175537109375 0.063873291015625
-0.0161857604980469 -0.0227317810058594 0.16986083984375 0.41693115234375
0.00837326049804688 -0.0149164199829102 -0.168792724609375 0.340576171875
0.0277633666992188 -0.00168991088867188 -0.0134735107421875 0.0467681884765625
0.0118770599365234 -0.0187931060791016 0.249725341796875 -0.2928466796875
-0.000444412231445313 -0.0156745910644531 -0.0829772949218749 -0.487548828125
-0.00648403167724609 -0.00115203857421875 -0.40625 -0.122314453125
0.00852298736572266 -0.00503110885620117 -0.234725952148437 0.231277465820313
0.019256591796875 0.000570297241210938 0.01220703125 0.25201416015625
-0.00182604789733887 -0.00301218032836914 0.149261474609375 0.088653564453125
0.00112342834472656 -0.0200366973876953 0.1524658203125 -0.051300048828125
0.00481700897216797 -0.0156650543212891 -0.151626586914063 0.0465545654296875
-0.000959157943725586 -0.0027921199798584 -0.155624389648438 -0.0954742431640625
0.0201320648193359 -0.000833511352539063 -0.0482635498046875 -0.239028930664063
0.0167675018310547 -5.62667846679688E-05 0.193115234375 -0.255783081054688
-0.00800752639770508 0.00350618362426758 0.3634033203125 0.061248779296875
-0.0152502059936523 -0.0159130096435547 0.17626953125 0.416290283203125
0.00180387496948242 -0.00574159622192383 -0.16192626953125 0.344268798828125
0.0140924453735352 0.003875732421875 -0.0104103088378906 0.048309326171875
0.00387096405029297 -0.0110292434692383 0.255950927734375 -0.292144775390625
-0.000708580017089844 -0.00805759429931641 -0.075653076171875 -0.490234375
-0.00268435478210449 0.0014801025390625 -0.407135009765625 -0.12579345703125
0.0115346908569336 -0.00691509246826172 -0.240005493164063 0.23004150390625
0.0201492309570313 -0.000791549682617188 0.00654602050781248 0.2518310546875
-0.0029149055480957 -0.00472211837768555 0.146987915039063 0.087554931640625
-0.000377655029296875 -0.0216293334960938 0.151168823242188 -0.05126953125
0.00534248352050781 -0.0162496566772461 -0.152694702148438 0.046478271484375
-0.00184535980224609 -0.00466489791870117 -0.157577514648438 -0.0977935791015625
0.0194149017333984 -0.00278282165527344 -0.0523529052734375 -0.240341186523437
0.0179824829101563 -0.000782012939453125 0.189697265625 -0.257095336914063
-0.00491762161254883 0.00583028793334961 0.3656005859375 0.059783935546875
-0.0138416290283203 -0.00924301147460937 0.182037353515625 0.41668701171875
-0.00252676010131836 0.00322675704956055 -0.153228759765625 0.344451904296875
0.00330066680908203 0.00988006591796875 -0.00153350830078125 0.0462493896484375
-0.00360727310180664 -0.00374698638916016 0.25555419921875 -0.2989501953125
-0.00121927261352539 -0.000951647758483887 -0.084625244140625 -0.487823486328125
-0.000288963317871093 0.00473976135253906 -0.408782958984375 -0.11590576171875
0.0120849609375 -0.00778770446777344 -0.237228393554688 0.235992431640625
0.0198402404785156 -0.00291061401367187 0.00816345214843753 0.250259399414063
-0.00297164916992187 -0.00628042221069336 0.146255493164063 0.083740234375
0.000425338745117186 -0.0223655700683594 0.149337768554688 -0.05328369140625
0.0156478881835938 -0.00417327880859375 -0.156494140625 0.0325927734375
0.0108404159545898 -0.00210952758789063 -0.14404296875 -0.107192993164063
0.0111684799194336 0.00410175323486328 -0.00138854980468751 -0.245132446289063
-0.00624465942382813 0.0128021240234375 0.249313354492187 -0.217941284179688
-0.025238037109375 0.00112533569335938 0.35162353515625 0.139068603515625
-0.00486564636230469 -0.0344371795654297 0.08892822265625 0.44482421875
0.0346145629882813 -0.0218944549560547 -0.202789306640625 0.290679931640625
0.0535354614257813 -0.00376510620117188 0.0328445434570313 0.00865936279296875
0.0282821655273437 -0.0265159606933594 0.209075927734375 -0.3494873046875
0.000804901123046876 -0.0199337005615234 -0.172821044921875 -0.4561767578125
-0.0173873901367188 0.00472640991210938 -0.405975341796875 -0.0400390624999999
-0.00816154479980469 0.00677299499511719 -0.174880981445312 0.2581787109375
0.00731182098388672 -0.000886917114257812 0.056793212890625 0.240768432617188
0.00522661209106445 -0.00439023971557617 0.15740966796875 0.0706787109375
0.0126190185546875 -0.00938129425048828 0.14697265625 -0.0639801025390625
0.0142402648925781 -0.00626277923583984 -0.153762817382812 0.03497314453125
0.00961399078369141 -0.0006866455078125 -0.144927978515625 -0.102676391601563
0.0134725570678711 0.00498867034912109 -0.00842285156250001 -0.243453979492188
-0.00353717803955078 0.0113735198974609 0.240005493164063 -0.226654052734375
-0.0248851776123047 -0.000776290893554685 0.355499267578125 0.122314453125
-0.00790786743164063 -0.0376167297363281 0.10296630859375 0.43798828125
0.0342845916748047 -0.0279788970947266 -0.199859619140625 0.30047607421875
0.0580101013183594 -0.00812911987304687 0.0196571350097656 0.0160198211669922
0.0304508209228516 -0.030975341796875 0.21539306640625 -0.339019775390625
5.72204589843751E-05 -0.0246524810791016 -0.15814208984375 -0.463104248046875
-0.0183296203613281 0.00131034851074218 -0.407257080078125 -0.05621337890625
-0.00655317306518555 0.00505733489990235 -0.185531616210937 0.253448486328125
0.00962352752685547 6.77108764648438E-05 0.0510711669921875 0.243438720703125
0.00423479080200195 -0.0032503604888916 0.15728759765625 0.0753173828125
0.0106086730957031 -0.0103168487548828 0.148712158203125 -0.0625
0.0117387771606445 -0.00840282440185547 -0.152008056640625 0.0376129150390625
0.00780010223388672 0.000244617462158203 -0.146743774414063 -0.0989837646484375
0.0155363082885742 0.00522136688232422 -0.0165863037109375 -0.241073608398438
0.000319480895996093 0.0095834732055664 0.228912353515625 -0.235443115234375
-0.0228977203369141 -0.000915527343749997 0.356964111328125 0.10467529296875
-0.0109367370605469 -0.0381851196289063 0.1212158203125 0.431884765625
0.0307292938232422 -0.0299453735351563 -0.193450927734375 0.31292724609375
0.0562629699707031 -0.00981521606445313 0.00665664672851563 0.0250644683837891
0.0295600891113281 -0.0325679779052734 0.221038818359375 -0.326507568359375
0.000286102294921875 -0.0267410278320312 -0.1395263671875 -0.469696044921875
-0.0163755416870117 -0.00118541717529297 -0.4088134765625 -0.074676513671875
-0.00438952445983887 0.00322628021240234 -0.1971435546875 0.24700927734375
0.0118675231933594 0.00103759765625 0.0423583984375 0.246551513671875
0.00275230407714844 -0.00199294090270996 0.15582275390625 0.0800018310546875
0.00809192657470703 -0.0125789642333984 0.150680541992188 -0.058685302734375
0.00927829742431641 -0.0105247497558594 -0.15045166015625 0.040802001953125
0.00584840774536133 0.000605106353759766 -0.148696899414063 -0.0956878662109375
0.0178070068359375 0.00407218933105469 -0.0272216796875 -0.238906860351563
0.00546503067016602 0.00709962844848633 0.215103149414062 -0.242767333984375
-0.0199337005615234 -9.53674316406249E-05 0.358062744140625 0.08734130859375
-0.0140056610107422 -0.0347194671630859 0.139923095703125 0.426055908203125
0.0235881805419922 -0.0285739898681641 -0.185943603515625 0.32342529296875
0.050323486328125 -0.00846099853515625 -0.00489425659179687 0.0340747833251953
0.0260963439941406 -0.0304679870605469 0.230255126953125 -0.311737060546875
0.000427246093750003 -0.02593994140625 -0.118072509765625 -0.474761962890625
-0.0134477615356445 -0.00253582000732422 -0.408050537109375 -0.0942077636718751
0.000274628400802612 0.000369668006896973 -0.21002197265625 0.240005493164063
0.0144405364990234 0.00160789489746094 0.032440185546875 0.248870849609375
0.0012439489364624 -0.00152432918548584 0.153778076171875 0.0836639404296875
0.00471687316894531 -0.0152387619018555 0.151336669921875 -0.055572509765625
0.00626754760742188 -0.0133762359619141 -0.14947509765625 0.0438995361328125
0.00319480895996094 -4.45842742919922E-05 -0.151580810546875 -0.0929718017578125
0.0188331604003906 0.00284385681152344 -0.036468505859375 -0.2376708984375
0.00994968414306641 0.00462436676025391 0.204086303710938 -0.249053955078125
-0.0156011581420898 0.000679016113281247 0.359710693359375 0.071502685546875
-0.0155391693115234 -0.0293865203857422 0.15545654296875 0.418121337890625
0.0158100128173828 -0.0224456787109375 -0.17559814453125 0.332244873046875
0.0394439697265625 -0.006256103515625 -0.01190185546875 0.0414352416992188
0.0201969146728516 -0.0256595611572266 0.2392578125 -0.2994384765625
0.000288009643554687 -0.0219001770019531 -0.0975341796875 -0.48126220703125
-0.00955581665039063 -0.00293254852294922 -0.40753173828125 -0.110748291015625
0.00423383712768555 -0.00234007835388184 -0.223342895507812 0.234710693359375
0.0172443389892578 0.00106334686279297 0.0218353271484375 0.250640869140625
-0.000249147415161133 -0.00185680389404297 0.151290893554688 0.0868988037109375
0.00244140625 -0.0182380676269531 0.151962280273437 -0.0531463623046875
0.00524616241455078 -0.0150938034057617 -0.149703979492188 0.045928955078125
0.00072777271270752 -0.00111877918243408 -0.153549194335937 -0.0925750732421875
0.0197944641113281 0.000446319580078125 -0.043914794921875 -0.236480712890625
0.0141477584838867 0.0016326904296875 0.195343017578125 -0.252471923828125
-0.0113325119018555 0.00165176391601563 0.359527587890625 0.06243896484375
-0.0156955718994141 -0.0226554870605469 0.167724609375 0.413970947265625
0.00866413116455078 -0.0147314071655273 -0.168670654296875 0.33843994140625
0.0270290374755859 -0.00115966796875 -0.0136833190917969 0.0462799072265625
0.0115108489990234 -0.0181236267089844 0.2496337890625 -0.289886474609375
4.76837158203119E-05 -0.0156717300415039 -0.07965087890625 -0.4833984375
-0.00599145889282227 -0.00143766403198242 -0.403656005859375 -0.1219482421875
0.00877618789672852 -0.00521707534790039 -0.2330322265625 0.229766845703125
0.0189971923828125 0.000585556030273438 0.0120697021484375 0.250625610351563
-0.0018315315246582 -0.0031590461730957 0.148712158203125 0.088226318359375
0.00090789794921875 -0.0194740295410156 0.151214599609375 -0.051544189453125
0.00504970550537109 -0.0155315399169922 -0.150924682617187 0.0467529296875
-0.000753641128540039 -0.00268101692199707 -0.15509033203125 -0.093994140625
0.0197868347167969 -0.00127029418945313 -0.04791259765625 -0.237640380859375
0.0166053771972656 0.000336647033691406 0.191802978515625 -0.253433227539063
-0.00767898559570312 0.0034332275390625 0.36090087890625 0.061859130859375
-0.0148296356201172 -0.0162029266357422 0.173828125 0.4139404296875
0.00183773040771484 -0.00595426559448242 -0.161407470703125 0.340667724609375
0.0140142440795898 0.00474452972412109 -0.0112724304199219 0.0481224060058594
0.0034027099609375 -0.0104608535766602 0.255615234375 -0.28802490234375
-0.000694751739501954 -0.00805902481079102 -0.0750732421875 -0.487457275390625
-0.0028228759765625 0.00150918960571289 -0.40484619140625 -0.12469482421875
0.0113468170166016 -0.0064544677734375 -0.23883056640625 0.228790283203125
0.0204124450683594 -0.000604629516601562 0.00662231445312498 0.2503662109375
-0.00272893905639648 -0.00460338592529297 0.145675659179688 0.0865020751953125
-3.43322753906257E-05 -0.0212955474853516 0.150299072265625 -0.0509033203125
0.00503921508789063 -0.0170164108276367 -0.15252685546875 0.046722412109375
-0.00116968154907227 -0.00440883636474609 -0.156936645507813 -0.096893310546875
0.0194530487060547 -0.00291824340820313 -0.052947998046875 -0.23828125
0.0177001953125 -0.000797271728515625 0.188507080078125 -0.254928588867188
-0.00497102737426758 0.00605392456054688 0.363189697265625 0.0606689453125
-0.0135116577148438 -0.00865554809570312 0.180450439453125 0.414520263671875
-0.00279831886291504 0.00255918502807617 -0.153472900390625 0.340972900390625
0.00350379943847656 0.0100469589233398 -0.001922607421875 0.0457611083984375
-0.00419020652770996 -0.00314736366271973 0.25445556640625 -0.29547119140625
-0.00107014179229736 -0.000556766986846924 -0.0830688476562501 -0.48394775390625
-0.000188827514648438 0.00478124618530273 -0.405731201171875 -0.11529541015625
0.011993408203125 -0.00750827789306641 -0.235824584960938 0.234466552734375
0.0198402404785156 -0.00326347351074219 0.00834655761718752 0.249267578125
-0.00291204452514648 -0.00616264343261719 0.145477294921875 0.0828857421875
-0.000385284423828125 -0.0218296051025391 0.148818969726563 -0.0538787841796875
0.0158863067626953 -0.00439929962158203 -0.155624389648438 0.032257080078125
0.0111446380615234 -0.00195884704589844 -0.143173217773438 -0.106399536132813
0.0111207962036133 0.00400447845458984 -0.00164794921875002 -0.242752075195313
-0.00646686553955078 0.012908935546875 0.248275756835937 -0.216262817382812
-0.0247955322265625 0.00123214721679688 0.349212646484375 0.139801025390625
-0.0044097900390625 -0.0339374542236328 0.086212158203125 0.443145751953125
0.0345325469970703 -0.0223884582519531 -0.20281982421875 0.28851318359375
0.054046630859375 -0.00312423706054688 0.0324344635009766 0.00839614868164063
0.0283260345458984 -0.0259628295898438 0.21087646484375 -0.347015380859375
0.00108718872070312 -0.0197219848632812 -0.169281005859375 -0.453033447265625
-0.0173149108886719 0.00442218780517578 -0.403594970703125 -0.0411376953125
-0.00826644897460938 0.00683832168579101 -0.174850463867188 0.256179809570313
0.00737524032592774 -0.00130939483642578 0.0563201904296875 0.239364624023437
0.00544834136962891 -0.00484085083007813 0.156478881835938 0.0709075927734375
0.0125131607055664 -0.0089569091796875 0.146652221679688 -0.0642242431640625
0.0142393112182617 -0.00613307952880859 -0.152801513671875 0.0354461669921875
0.010197639465332 -0.000574111938476562 -0.145111083984375 -0.101959228515625
0.0129909515380859 0.00512504577636719 -0.00819396972656249 -0.241973876953125
-0.0038919448852539 0.0118246078491211 0.238494873046875 -0.224319458007812
-0.0250530242919922 -5.91278076171834E-05 0.35211181640625 0.1231689453125
-0.00739669799804688 -0.0376663208007813 0.10137939453125 0.4378662109375
0.0341606140136719 -0.0277042388916016 -0.200042724609375 0.298248291015625
0.0573844909667969 -0.00737762451171875 0.0191993713378906 0.0159931182861328
0.030609130859375 -0.0302772521972656 0.21435546875 -0.33673095703125
0.00116539001464844 -0.0242424011230469 -0.15606689453125 -0.461578369140625
-0.0176124572753906 0.0016632080078125 -0.404937744140625 -0.056732177734375
-0.0069880485534668 0.00588369369506836 -0.18426513671875 0.251968383789063
0.00921916961669922 0.000233650207519531 0.0507049560546875 0.242568969726563
0.00406432151794434 -0.0034334659576416 0.156707763671875 0.0755615234375
0.0108547210693359 -0.0105161666870117 0.148452758789063 -0.06158447265625
0.0112733840942383 -0.00816154479980469 -0.151229858398438 0.0374908447265625
0.00829696655273437 0.000653266906738281 -0.146896362304688 -0.0979461669921875
0.0154218673706055 0.00502872467041016 -0.017242431640625 -0.239364624023438
0.000397682189941406 0.00967311859130859 0.226837158203125 -0.233596801757813
-0.0229873657226563 -0.00044059753417969 0.35455322265625 0.1064453125
-0.0110855102539063 -0.0377998352050781 0.119476318359375 0.43060302734375
0.0301113128662109 -0.0301074981689453 -0.19342041015625 0.31109619140625
0.0564193725585937 -0.00860977172851563 0.00605201721191407 0.0251483917236328
0.0295391082763672 -0.03179931640625 0.22052001953125 -0.322418212890625
0.000839233398437502 -0.0267658233642578 -0.138153076171875 -0.469207763671875
-0.0166482925415039 -0.00146865844726562 -0.4058837890625 -0.07568359375
-0.004241943359375 0.0032498836517334 -0.196792602539062 0.24554443359375
0.0117473602294922 0.00091552734375 0.042449951171875 0.24578857421875
0.00294661521911621 -0.00221729278564453 0.155075073242188 0.08001708984375
0.00781345367431641 -0.0127029418945313 0.150543212890625 -0.058563232421875
0.00929355621337891 -0.0103855133056641 -0.150009155273438 0.0414276123046875
0.00585222244262695 0.000870227813720703 -0.148681640625 -0.0944061279296875
0.0176544189453125 0.00405693054199219 -0.027099609375 -0.237197875976563
0.00506496429443359 0.0075078010559082 0.214340209960937 -0.240554809570312
-0.0202140808105469 -0.000368118286132816 0.356231689453125 0.087493896484375
-0.0143852233886719 -0.0352592468261719 0.13787841796875 0.423858642578125
0.0238399505615234 -0.0281124114990234 -0.1859130859375 0.321441650390625
0.0503578186035156 -0.0080413818359375 -0.00536155700683593 0.0339279174804688
0.0257663726806641 -0.0294761657714844 0.22943115234375 -0.3089599609375
0.000446319580078123 -0.0256977081298828 -0.11505126953125 -0.473297119140625
-0.0131521224975586 -0.00271034240722656 -0.405487060546875 -0.094329833984375
-0.000588774681091308 0.0001792311668396 -0.209884643554688 0.238540649414062
0.0140666961669922 0.00100994110107422 0.0322723388671875 0.24835205078125
0.00153958797454834 -0.00201010704040527 0.153732299804688 0.0840606689453125
0.00498008728027344 -0.0146503448486328 0.151519775390625 -0.0560302734375
0.00696086883544922 -0.0134906768798828 -0.149154663085938 0.0444488525390625
0.00340509414672852 6.41345977783203E-05 -0.151168823242188 -0.09271240234375
0.0189914703369141 0.00224685668945313 -0.0369110107421875 -0.235763549804688
0.010223388671875 0.00450038909912109 0.202545166015625 -0.247238159179688
-0.0155057907104492 0.000618934631347657 0.356964111328125 0.073150634765625
-0.0157241821289063 -0.0298690795898437 0.15423583984375 0.417144775390625
0.0159187316894531 -0.0232067108154297 -0.177276611328125 0.330108642578125
0.0397529602050781 -0.00531387329101563 -0.0124473571777344 0.0416984558105469
0.0192375183105469 -0.0251045227050781 0.238983154296875 -0.297027587890625
0.000194549560546875 -0.021697998046875 -0.09625244140625 -0.478424072265625
-0.00942897796630859 -0.0025634765625 -0.403045654296875 -0.110015869140625
0.00458192825317383 -0.00245523452758789 -0.222457885742188 0.232757568359375
0.0171728134155273 0.00112438201904297 0.02142333984375 0.249801635742188
-0.000290870666503906 -0.0023341178894043 0.150436401367188 0.0867156982421875
0.00206184387207031 -0.0174531936645508 0.151641845703125 -0.05340576171875
0.00520038604736328 -0.0148591995239258 -0.149307250976563 0.04559326171875
0.0011134147644043 -0.000914573669433594 -0.153549194335938 -0.0919952392578125
0.0198173522949219 0.000951766967773438 -0.043975830078125 -0.235183715820313
0.0140600204467773 0.00224494934082031 0.194427490234375 -0.250442504882812
-0.0115470886230469 0.00226974487304688 0.357025146484375 0.065765380859375
-0.0159969329833984 -0.0231304168701172 0.16571044921875 0.412689208984375
0.00850868225097656 -0.0146579742431641 -0.169525146484375 0.3355712890625
0.0272655487060547 -0.000608444213867188 -0.0143814086914062 0.0461196899414062
0.0119075775146484 -0.0181732177734375 0.2479248046875 -0.287445068359375
-0.000237464904785157 -0.0149517059326172 -0.07757568359375 -0.48162841796875
-0.00587701797485352 -0.00119924545288086 -0.4005126953125 -0.121795654296875
0.00810098648071289 -0.00484848022460938 -0.232345581054688 0.228317260742188
0.01873779296875 0.0003814697265625 0.012054443359375 0.249557495117188
-0.00122690200805664 -0.00284147262573242 0.1478271484375 0.0877838134765625
0.000181198120117187 -0.0197658538818359 0.151565551757812 -0.051544189453125
0.00516319274902344 -0.0162897109985352 -0.150299072265625 0.0467071533203125
-4.12464141845701E-05 -0.00276088714599609 -0.154754638671875 -0.0933837890625
0.0202407836914063 -0.00106620788574219 -0.0481414794921875 -0.235549926757812
0.0167579650878906 0.00012969970703125 0.190582275390625 -0.251083374023438
-0.00793313980102539 0.00417375564575195 0.35882568359375 0.063079833984375
-0.0148420333862305 -0.0159406661987305 0.171905517578125 0.412750244140625
0.00188446044921875 -0.00624179840087891 -0.163055419921875 0.33917236328125
0.0140380859375 0.00440883636474609 -0.0116615295410156 0.0475959777832031
0.00254726409912109 -0.00993061065673828 0.254638671875 -0.285675048828125
-0.000863552093505859 -0.0074615478515625 -0.07086181640625 -0.48468017578125
-0.00265789031982422 0.00152492523193359 -0.40167236328125 -0.125701904296875
0.0105056762695313 -0.00668048858642578 -0.237350463867188 0.227752685546875
0.0197601318359375 -0.00130653381347656 0.00645446777343751 0.249008178710937
-0.00238823890686035 -0.00420951843261719 0.145065307617188 0.0865020751953125
-0.000566482543945315 -0.0206737518310547 0.150390625 -0.050628662109375
0.0047922134399414 -0.0163612365722656 -0.15228271484375 0.0471649169921875
-0.00106954574584961 -0.00427150726318359 -0.156417846679688 -0.095977783203125
0.0196094512939453 -0.00319290161132813 -0.052581787109375 -0.236328125
0.0178680419921875 -0.000707626342773438 0.187637329101563 -0.252655029296875
-0.0047297477722168 0.00638055801391602 0.360748291015625 0.06109619140625
-0.0134181976318359 -0.00876617431640625 0.179229736328125 0.413726806640625
-0.00297331809997559 0.0028834342956543 -0.1549072265625 0.338775634765625
0.00287628173828125 0.0101327896118164 -0.00243759155273437 0.0451622009277344
-0.00423145294189453 -0.00248265266418457 0.253448486328125 -0.294708251953125
-0.00104439258575439 -0.000300586223602295 -0.0801391601562501 -0.48175048828125
0.000329017639160157 0.00468587875366211 -0.40338134765625 -0.11541748046875
0.0120611190795898 -0.00729179382324219 -0.234878540039063 0.233322143554687
0.0197257995605469 -0.00304222106933594 0.00814819335937499 0.248046875
-0.00284194946289062 -0.00562095642089844 0.144821166992187 0.0823822021484375
-0.000400543212890625 -0.0220756530761719 0.148117065429688 -0.053558349609375
0.0161209106445313 -0.00445652008056641 -0.155441284179688 0.032501220703125
0.0115928649902344 -0.00193500518798828 -0.143707275390625 -0.10638427734375
0.011235237121582 0.00432968139648438 -0.00160217285156247 -0.242019653320313
-0.00674152374267578 0.0130138397216797 0.246932983398437 -0.214202880859375
-0.0251522064208984 0.00134086608886719 0.34735107421875 0.141754150390625
-0.00427627563476562 -0.0340976715087891 0.08465576171875 0.44219970703125
0.0346508026123047 -0.0218658447265625 -0.204315185546875 0.286773681640625
0.0536918640136719 -0.00329208374023438 0.0313510894775391 0.00882530212402344
0.0280380249023437 -0.0249118804931641 0.210906982421875 -0.344451904296875
0.00116729736328125 -0.0198230743408203 -0.167388916015625 -0.45330810546875
-0.0168247222900391 0.00483894348144531 -0.4019775390625 -0.0430908203125
-0.00841856002807617 0.00702190399169922 -0.174850463867187 0.25537109375
0.00705957412719727 -0.00108909606933594 0.0557861328125 0.238601684570313
0.00473165512084961 -0.00446605682373047 0.156143188476563 0.07061767578125
0.0120401382446289 -0.00910568237304688 0.14630126953125 -0.0640869140625
0.0138874053955078 -0.0060577392578125 -0.153060913085938 0.0353240966796875
0.0102672576904297 -0.000601768493652344 -0.144546508789063 -0.1014404296875
0.0135250091552734 0.00495147705078125 -0.00773620605468752 -0.240554809570312
-0.00362873077392578 0.0118999481201172 0.238616943359375 -0.222946166992188
-0.0245990753173828 -0.000562667846679684 0.35003662109375 0.124176025390625
-0.00741195678710938 -0.0377120971679688 0.09942626953125 0.43780517578125
0.0343494415283203 -0.0277652740478516 -0.20135498046875 0.2965087890625
0.0576400756835938 -0.006866455078125 0.0186061859130859 0.0162982940673828
0.0301189422607422 -0.0298137664794922 0.2147216796875 -0.335235595703125
0.000833511352539063 -0.0243701934814453 -0.153289794921875 -0.460784912109375
-0.0177440643310547 0.00198173522949218 -0.403961181640625 -0.0580749511718749
-0.00723505020141601 0.00574254989624023 -0.184310913085938 0.250381469726563
0.00882720947265625 2.00271606445313E-05 0.0495758056640625 0.241989135742188
0.00417184829711914 -0.00282669067382813 0.156082153320313 0.07501220703125
0.0103750228881836 -0.0104103088378906 0.1484375 -0.06170654296875
0.0120630264282227 -0.00898075103759766 -0.151580810546875 0.0376129150390625
0.00838708877563477 0.000415325164794922 -0.1456298828125 -0.0976104736328125
0.0160760879516602 0.00457191467285156 -0.01678466796875 -0.237823486328125
0.000440597534179687 0.0101118087768555 0.2266845703125 -0.231216430664063
-0.0229911804199219 -0.00029563903808594 0.353179931640625 0.105712890625
-0.0107192993164063 -0.0381278991699219 0.1177978515625 0.43035888671875
0.0305461883544922 -0.0296249389648438 -0.195404052734375 0.309173583984375
0.0561714172363281 -0.00841903686523438 0.00519371032714844 0.0248279571533203
0.0297889709472656 -0.0316047668457031 0.22149658203125 -0.3199462890625
0.00128173828125 -0.0266036987304688 -0.135528564453125 -0.466827392578125
-0.0158615112304688 -0.00124740600585937 -0.404937744140625 -0.075408935546875
-0.00406646728515625 0.00276660919189453 -0.1966552734375 0.244308471679688
0.0115804672241211 0.000768661499023438 0.04266357421875 0.24462890625
0.00246691703796387 -0.0019075870513916 0.154632568359375 0.079498291015625
0.00791835784912109 -0.012822151184082 0.1500244140625 -0.058563232421875
0.00936126708984375 -0.0107975006103516 -0.14971923828125 0.0411529541015625
0.00610828399658203 0.000745773315429687 -0.148880004882813 -0.0943450927734375
0.0179042816162109 0.00423812866210937 -0.027130126953125 -0.236160278320313
0.00513648986816406 0.00764656066894531 0.213516235351563 -0.239059448242188
-0.0200119018554688 -0.000289916992187498 0.35443115234375 0.089019775390625
-0.0132179260253906 -0.0350685119628906 0.135650634765625 0.423980712890625
0.0237388610839844 -0.0281028747558594 -0.187347412109375 0.319610595703125
0.0499382019042969 -0.00760650634765625 -0.0058746337890625 0.0335102081298828
0.0259323120117188 -0.0298633575439453 0.230804443359375 -0.30694580078125
0.000991821289062501 -0.0254230499267578 -0.112701416015625 -0.471771240234375
-0.012873649597168 -0.00225734710693359 -0.404388427734375 -0.09478759765625
-0.000104069709777832 0.00026211142539978 -0.209732055664063 0.237472534179688
0.0145244598388672 0.000728607177734375 0.0319366455078125 0.24713134765625
0.00103318691253662 -0.00182271003723145 0.152664184570313 0.083953857421875
0.00447273254394531 -0.0146303176879883 0.15093994140625 -0.0556182861328125
0.00644207000732422 -0.0130271911621094 -0.149215698242188 0.04376220703125
0.00366044044494629 0.000154733657836914 -0.151168823242188 -0.0924224853515625
0.0193061828613281 0.00234222412109375 -0.036529541015625 -0.234054565429688
0.00998306274414063 0.00497913360595703 0.202285766601563 -0.244644165039063
-0.0157594680786133 0.000678062438964845 0.35577392578125 0.074493408203125
-0.0155582427978516 -0.0302085876464844 0.15234375 0.416778564453125
0.0160942077636719 -0.0226554870605469 -0.178436279296875 0.328704833984375
0.0389404296875 -0.00499725341796875 -0.0131301879882812 0.0412673950195313
0.0195217132568359 -0.0248298645019531 0.23944091796875 -0.29437255859375
0.00093269348144531 -0.0213394165039063 -0.0927429199218751 -0.47747802734375
-0.00991058349609375 -0.00270462036132813 -0.402099609375 -0.11090087890625
0.00373125076293945 -0.00244235992431641 -0.221832275390625 0.231903076171875
0.016566276550293 0.000662803649902344 0.0217742919921875 0.248916625976562
-0.000292778015136719 -0.00169801712036133 0.150238037109375 0.086822509765625
0.00211715698242188 -0.0175571441650391 0.151107788085938 -0.053070068359375
0.00539970397949219 -0.0147686004638672 -0.14874267578125 0.0454559326171875
0.00165736675262451 -0.00101327896118164 -0.152801513671875 -0.091461181640625
0.0204067230224609 0.000835418701171875 -0.0438232421875 -0.233718872070313
0.0141439437866211 0.00152206420898438 0.1942138671875 -0.248291015625
-0.0114765167236328 0.00237655639648437 0.355316162109375 0.066680908203125
-0.0155258178710938 -0.0231151580810547 0.162811279296875 0.41253662109375
0.00897407531738281 -0.0150537490844727 -0.17083740234375 0.33465576171875
0.0264053344726563 -0.00067138671875 -0.0153923034667969 0.0456962585449219
0.0114765167236328 -0.017578125 0.248321533203125 -0.285614013671875
0.000552177429199218 -0.0151834487915039 -0.07672119140625 -0.4801025390625
-0.005340576171875 -0.000781536102294923 -0.401031494140625 -0.122711181640625
0.00744771957397461 -0.00478363037109375 -0.232147216796875 0.227294921875
0.0189094543457031 0.00029754638671875 0.0119781494140625 0.248611450195313
-0.00188136100769043 -0.00255107879638672 0.147232055664062 0.0870208740234375
0.000297546386718751 -0.0195808410644531 0.151260375976562 -0.051727294921875
0.00500679016113281 -0.0163259506225586 -0.149856567382813 0.0465240478515625
0.000232696533203125 -0.00268030166625977 -0.154830932617188 -0.0933685302734375
0.0209274291992188 -0.00118255615234375 -0.0480804443359375 -0.234176635742188
0.0162878036499023 0.00090789794921875 0.189788818359375 -0.249725341796875
-0.00786018371582031 0.00361156463623047 0.35845947265625 0.064239501953125
-0.0148677825927734 -0.0163030624389648 0.1702880859375 0.4139404296875
0.0018925666809082 -0.00578689575195313 -0.164581298828125 0.337371826171875
0.0139799118041992 0.00513935089111328 -0.0122566223144531 0.0475425720214844
0.00330257415771484 -0.00974178314208984 0.2545166015625 -0.28399658203125
-0.000477313995361327 -0.00762128829956055 -0.070556640625 -0.48175048828125
-0.00211834907531738 0.00227260589599609 -0.400054931640625 -0.12567138671875
0.0103349685668945 -0.00651741027832031 -0.23724365234375 0.226242065429687
0.0191936492919922 -0.00102615356445312 0.00572204589843753 0.248092651367188
-0.00233268737792969 -0.00398993492126465 0.144760131835938 0.0863037109375
-0.000484466552734376 -0.0217132568359375 0.150283813476563 -0.05157470703125
0.00501251220703125 -0.0166788101196289 -0.15185546875 0.0469818115234375
-0.000662326812744141 -0.00471258163452148 -0.156585693359375 -0.0953826904296875
0.0201892852783203 -0.0030670166015625 -0.0528411865234375 -0.235809326171875
0.0175027847290039 -0.000455856323242187 0.1864013671875 -0.2508544921875
-0.00493907928466797 0.00606346130371094 0.35858154296875 0.061981201171875
-0.0133485794067383 -0.00926780700683594 0.177032470703125 0.414276123046875
-0.00315093994140625 0.00211930274963379 -0.156402587890625 0.3382568359375
0.00299835205078125 0.00999546051025391 -0.00350570678710937 0.0450286865234375
-0.00438761711120605 -0.00236916542053223 0.253509521484375 -0.29119873046875
-0.000578761100769043 -0.000177562236785889 -0.078338623046875 -0.479888916015625
0.000394344329833985 0.0048832893371582 -0.40203857421875 -0.115447998046875
0.0112018585205078 -0.00753021240234375 -0.233779907226563 0.23211669921875
0.0198287963867187 -0.00318145751953125 0.0076751708984375 0.247177124023438
-0.00288581848144531 -0.00539827346801758 0.144638061523438 0.08245849609375
-0.00115585327148438 -0.0219783782958984 0.148574829101563 -0.0535736083984375
0.0156536102294922 -0.00450515747070312 -0.155899047851563 0.0328521728515625
0.0120449066162109 -0.00208282470703125 -0.143218994140625 -0.105926513671875
0.0114984512329102 0.00356483459472656 -0.00128173828125002 -0.241195678710937
-0.00684833526611328 0.0134391784667969 0.247467041015625 -0.212966918945313
-0.0250625610351563 0.00173759460449219 0.346771240234375 0.142822265625
-0.00430679321289062 -0.0345420837402344 0.082366943359375 0.44317626953125
0.0341587066650391 -0.0216255187988281 -0.2060546875 0.2862548828125
0.0532379150390625 -0.00288009643554688 0.0304050445556641 0.00860786437988281
0.0280570983886719 -0.0244483947753906 0.21246337890625 -0.343658447265625
0.00155258178710937 -0.0191917419433594 -0.1641845703125 -0.45330810546875
-0.0163631439208984 0.00458908081054687 -0.402099609375 -0.04473876953125
-0.00873947143554688 0.00716781616210938 -0.175582885742188 0.254409790039063
0.00731801986694336 -0.00140762329101563 0.0556640625 0.238494873046875
0.00520133972167969 -0.00393962860107422 0.156387329101563 0.07098388671875
0.0119876861572266 -0.00863170623779297 0.146713256835938 -0.0637359619140625
0.0142364501953125 -0.00628376007080078 -0.15362548828125 0.0352325439453125
0.0105266571044922 -0.000661849975585937 -0.14483642578125 -0.101730346679688
0.0134038925170898 0.00439357757568359 -0.00759887695312497 -0.239822387695312
-0.00398635864257813 0.0121326446533203 0.238540649414062 -0.22100830078125
-0.0253715515136719 5.91278076171895E-05 0.3497314453125 0.12677001953125
-0.00746536254882813 -0.0380897521972656 0.0975341796875 0.43853759765625
0.0345096588134766 -0.0275688171386719 -0.203948974609375 0.29632568359375
0.0577507019042969 -0.00658798217773438 0.0174531936645508 0.0157613754272461
0.0303363800048828 -0.0295276641845703 0.2159423828125 -0.33270263671875
0.00180435180664062 -0.0242366790771484 -0.1510009765625 -0.46051025390625
-0.0171699523925781 0.00159740447998047 -0.403472900390625 -0.0599975585937501
-0.00709342956542969 0.00562429428100586 -0.185104370117188 0.249221801757813
0.00893974304199219 0.00012969970703125 0.0496063232421875 0.24169921875
0.0043787956237793 -0.00320935249328613 0.156158447265625 0.0756378173828125
0.00990772247314453 -0.0101222991943359 0.148757934570312 -0.0620574951171875
0.0116415023803711 -0.00786781311035156 -0.151748657226563 0.0378875732421875
0.00876665115356445 0.000278949737548828 -0.146331787109375 -0.0971527099609375
0.0165767669677734 0.00466728210449219 -0.0169677734375 -0.237411499023438
0.000110626220703124 0.0100173950195312 0.226837158203125 -0.230331420898437
-0.0229396820068359 -0.000257492065429691 0.352203369140625 0.108734130859375
-0.010284423828125 -0.0383987426757813 0.1156005859375 0.43133544921875
0.0301227569580078 -0.0300369262695313 -0.197723388671875 0.3076171875
0.0559043884277344 -0.0084228515625 0.00442314147949219 0.0248126983642578
0.0295181274414063 -0.0311031341552734 0.2213134765625 -0.3197021484375
0.00127029418945313 -0.0261707305908203 -0.13409423828125 -0.46649169921875
-0.0161342620849609 -0.00107097625732422 -0.404022216796875 -0.07666015625
-0.00474643707275391 0.00352096557617188 -0.196746826171875 0.242996215820313
0.0112161636352539 0.000681877136230469 0.0414581298828125 0.24462890625
0.00259757041931152 -0.00161218643188477 0.154693603515625 0.079833984375
0.00723457336425781 -0.0127687454223633 0.150238037109375 -0.058563232421875
0.00883102416992188 -0.0109424591064453 -0.149917602539063 0.0411224365234375
0.00655412673950195 0.000292778015136719 -0.14825439453125 -0.0937347412109375
0.0183162689208984 0.00403213500976562 -0.0269622802734375 -0.235366821289062
0.00516176223754883 0.00790977478027344 0.214340209960938 -0.23785400390625
-0.0196533203125 9.34600830078129E-05 0.3544921875 0.091217041015625
-0.0134315490722656 -0.0356101989746094 0.133575439453125 0.42523193359375
0.0240287780761719 -0.0281620025634766 -0.1898193359375 0.31842041015625
0.0496788024902344 -0.0072021484375 -0.00732231140136718 0.0338554382324219
0.0258693695068359 -0.02886962890625 0.231231689453125 -0.304473876953125
0.0011749267578125 -0.0250473022460937 -0.110076904296875 -0.472381591796875
-0.0131340026855469 -0.00246524810791016 -0.403778076171875 -0.0974731445312501
-0.000498682260513306 0.000152438879013062 -0.2099609375 0.2371826171875
0.0141496658325195 0.00138282775878906 0.031341552734375 0.247161865234375
0.00112533569335938 -0.00132215023040771 0.152450561523438 0.0837860107421875
0.00436878204345703 -0.0149860382080078 0.151290893554688 -0.0561370849609375
0.00677967071533203 -0.0129070281982422 -0.149429321289063 0.0437469482421875
0.00426840782165527 -0.000106096267700195 -0.151153564453125 -0.091949462890625
0.0195713043212891 0.00256538391113281 -0.0365142822265625 -0.233810424804688
0.0101165771484375 0.00499343872070313 0.203079223632813 -0.243804931640625
-0.0152502059936523 0.000615119934082034 0.35546875 0.076995849609375
-0.0152473449707031 -0.0299453735351562 0.149688720703125 0.41802978515625
0.0157718658447266 -0.0229606628417969 -0.181671142578125 0.326995849609375
0.0390510559082031 -0.00436019897460938 -0.0142974853515625 0.0412368774414063
0.0191287994384766 -0.0239028930664063 0.240997314453125 -0.29144287109375
0.00122833251953125 -0.0214481353759766 -0.090423583984375 -0.47796630859375
-0.00909805297851563 -0.00214004516601563 -0.4019775390625 -0.112945556640625
0.00310301780700684 -0.00240969657897949 -0.222824096679688 0.23065185546875
0.0165681838989258 0.00103664398193359 0.0207977294921875 0.248641967773438
-0.000542521476745605 -0.00194060802459717 0.149566650390625 0.08709716796875
0.00179100036621094 -0.0176277160644531 0.151901245117188 -0.0533905029296875
0.00553035736083985 -0.0153732299804688 -0.149169921875 0.0456085205078125
0.00173628330230713 -0.00085747241973877 -0.153396606445313 -0.091400146484375
0.0205326080322266 0.000616073608398438 -0.0431976318359375 -0.233627319335938
0.0134048461914063 0.00253582000732422 0.194595336914063 -0.247039794921875
-0.0115604400634766 0.00217437744140625 0.35528564453125 0.069091796875
-0.0158653259277344 -0.0234527587890625 0.1619873046875 0.414031982421875
0.00844860076904297 -0.0145769119262695 -0.171875 0.3331298828125
0.0263557434082031 -0.000186920166015625 -0.0161209106445313 0.0452690124511719
0.0115261077880859 -0.0172119140625 0.249542236328125 -0.283905029296875
0.000849723815917968 -0.0152187347412109 -0.0743408203125 -0.479217529296875
-0.00525474548339844 -0.00102806091308594 -0.399688720703125 -0.124298095703125
0.00754070281982422 -0.00467252731323242 -0.232421875 0.226043701171875
0.0185623168945313 0.000349044799804688 0.0113067626953125 0.249267578125
-0.00194549560546875 -0.00283193588256836 0.14666748046875 0.087615966796875
-0.000123977661132811 -0.0198345184326172 0.151412963867188 -0.0515289306640625
0.0051116943359375 -0.0157794952392578 -0.15069580078125 0.04656982421875
0.000776290893554688 -0.00285959243774414 -0.155349731445313 -0.0935821533203125
0.0211372375488281 -0.00115013122558594 -0.048309326171875 -0.233779907226562
0.0164718627929688 0.000537872314453125 0.189926147460937 -0.248687744140625
-0.00795650482177734 0.00393438339233399 0.355865478515625 0.064849853515625
-0.014683723449707 -0.0164813995361328 0.16888427734375 0.413299560546875
0.00160121917724609 -0.00631904602050781 -0.1663818359375 0.335205078125
0.013758659362793 0.00518608093261719 -0.0129013061523437 0.0468902587890625
0.00287914276123047 -0.00902557373046875 0.25665283203125 -0.28179931640625
-0.000346660614013673 -0.00769186019897461 -0.06805419921875 -0.482818603515625
-0.0024254322052002 0.0020134449005127 -0.3992919921875 -0.1265869140625
0.0102291107177734 -0.00667572021484375 -0.237930297851563 0.224838256835938
0.019622802734375 -0.00142288208007813 0.00524902343750001 0.24884033203125
-0.00282788276672363 -0.00377869606018066 0.144683837890625 0.0867919921875
-0.000864028930664062 -0.0211677551269531 0.15032958984375 -0.0511627197265625
0.00548648834228516 -0.0166416168212891 -0.152053833007813 0.0469207763671875
-0.000414848327636719 -0.00454282760620117 -0.156356811523438 -0.0945587158203125
0.0201950073242188 -0.00281715393066406 -0.052520751953125 -0.235092163085938
0.0172615051269531 1.1444091796875E-05 0.186660766601562 -0.250213623046875
-0.00557899475097656 0.00658988952636719 0.35858154296875 0.065185546875
-0.0133180618286133 -0.00981330871582031 0.1751708984375 0.413848876953125
-0.00334644317626953 0.00254464149475098 -0.158477783203125 0.33734130859375
0.00279521942138672 0.0100870132446289 -0.00455093383789062 0.0449867248535156
-0.0045466423034668 -0.00211906433105469 0.255096435546875 -0.29058837890625
-0.000756263732910156 -8.3029270172119E-05 -0.07440185546875 -0.4805908203125
0.000713348388671875 0.00509119033813477 -0.4013671875 -0.117431640625
0.0112953186035156 -0.00730609893798828 -0.234771728515625 0.231369018554688
0.0193634033203125 -0.00307083129882813 0.00741577148437502 0.24725341796875
-0.00290060043334961 -0.00580644607543945 0.144546508789063 0.082427978515625
-0.000833511352539063 -0.0219898223876953 0.148452758789062 -0.0534515380859375
0.0164575576782227 -0.00438308715820313 -0.156280517578125 0.03271484375
0.0124282836914063 -0.00197792053222656 -0.143875122070313 -0.105148315429688
0.0119504928588867 0.00332832336425781 -0.000976562499999976 -0.240676879882813
-0.00709629058837891 0.0136070251464844 0.248260498046875 -0.2119140625
-0.0250797271728516 0.00119400024414062 0.34698486328125 0.144927978515625
-0.00398635864257813 -0.0346183776855469 0.08203125 0.44482421875
0.0346221923828125 -0.0221614837646484 -0.20782470703125 0.28570556640625
0.0531692504882813 -0.00192642211914063 0.0297107696533203 0.00832557678222656
0.0280246734619141 -0.0244884490966797 0.213836669921875 -0.3427734375
0.00259017944335938 -0.0190849304199219 -0.16351318359375 -0.45391845703125
-0.0166969299316406 0.00473785400390625 -0.40185546875 -0.0452880859375
-0.00958919525146484 0.00795173645019531 -0.176605224609375 0.254592895507813
0.00733041763305664 -0.00181674957275391 0.0550079345703125 0.239334106445313
0.00523853302001953 -0.00429439544677734 0.156005859375 0.070892333984375
0.0114526748657227 -0.00896358489990235 0.147506713867188 -0.0637054443359375
0.0144672393798828 -0.00629234313964844 -0.15411376953125 0.035675048828125
0.0103158950805664 -0.000658988952636719 -0.145095825195313 -0.101425170898437
0.0138816833496094 0.00445079803466797 -0.00775146484374997 -0.238906860351562
-0.00395107269287109 0.0124130249023438 0.238388061523437 -0.220123291015625
-0.0252723693847656 0.00031089782714844 0.3504638671875 0.12847900390625
-0.00652694702148437 -0.0381851196289063 0.096038818359375 0.43939208984375
0.0339756011962891 -0.0276470184326172 -0.2052001953125 0.29608154296875
0.0574073791503906 -0.00624465942382812 0.0169763565063477 0.0162992477416992
0.0301418304443359 -0.0291557312011719 0.2176513671875 -0.33245849609375
0.00145530700683594 -0.0240383148193359 -0.148895263671875 -0.4600830078125
-0.0172214508056641 0.00145626068115235 -0.403076171875 -0.059722900390625
-0.00729894638061523 0.00580453872680664 -0.185791015625 0.250076293945313
0.00879096984863281 -0.000331878662109375 0.04931640625 0.241958618164062
0.00347590446472168 -0.00282812118530273 0.15667724609375 0.075897216796875
0.00987529754638672 -0.0104398727416992 0.149063110351563 -0.0618896484375
0.0114650726318359 -0.00810432434082031 -0.152114868164063 0.038238525390625
0.00912284851074219 0.000470161437988281 -0.14697265625 -0.09722900390625
0.0163364410400391 0.00423622131347656 -0.0171051025390625 -0.236862182617187
0.000528335571289063 0.0103511810302734 0.22760009765625 -0.229278564453125
-0.0233421325683594 -0.000253677368164067 0.35137939453125 0.1104736328125
-0.0101165771484375 -0.0387191772460938 0.11419677734375 0.4324951171875
0.0299587249755859 -0.0296096801757813 -0.199310302734375 0.307708740234375
0.055633544921875 -0.007537841796875 0.00364494323730469 0.0251502990722656
0.0298690795898438 -0.0302867889404297 0.22216796875 -0.318145751953125
0.00182151794433594 -0.0265388488769531 -0.13043212890625 -0.467987060546875
-0.015049934387207 -0.000914573669433597 -0.4049072265625 -0.07965087890625
-0.00427603721618652 0.00315022468566895 -0.197967529296875 0.242691040039063
0.0108156204223633 0.000588417053222656 0.04144287109375 0.244918823242187
0.00175797939300537 -0.00137829780578613 0.154876708984375 0.080169677734375
0.00734233856201172 -0.0121946334838867 0.151016235351563 -0.0587005615234375
0.00890254974365234 -0.0107908248901367 -0.150405883789063 0.0419769287109375
0.00677347183227539 0.000261783599853516 -0.149642944335938 -0.093994140625
0.0183048248291016 0.0039215087890625 -0.027435302734375 -0.235015869140625
0.00515413284301758 0.00839042663574219 0.214111328125 -0.23681640625
-0.0201225280761719 8.58306884765595E-05 0.354095458984375 0.0924072265625
-0.0134849548339844 -0.0359382629394531 0.13323974609375 0.426055908203125
0.0232639312744141 -0.0279102325439453 -0.1917724609375 0.31854248046875
0.0497245788574219 -0.00696182250976563 -0.00776100158691406 0.0342082977294922
0.0261020660400391 -0.0284500122070313 0.2320556640625 -0.303131103515625
0.00148582458496094 -0.0252799987792969 -0.107818603515625 -0.473175048828125
-0.0124893188476563 -0.00248146057128906 -0.403350830078125 -0.0974426269531249
-0.00116240978240967 0.000524401664733887 -0.210357666015625 0.236557006835938
0.0139379501342773 0.000693321228027344 0.0314178466796875 0.2471923828125
0.000923514366149902 -0.00158953666687012 0.15277099609375 0.084014892578125
0.00423431396484375 -0.0144386291503906 0.152236938476563 -0.0565338134765625
0.00699901580810547 -0.0133066177368164 -0.14990234375 0.0441741943359375
0.00421023368835449 -2.40802764892578E-05 -0.150924682617187 -0.091400146484375
0.0196189880371094 0.00216293334960938 -0.036529541015625 -0.233749389648437
0.0100746154785156 0.00551700592041016 0.202468872070313 -0.242935180664063
-0.0161733627319336 0.00106525421142578 0.35565185546875 0.078643798828125
-0.0152359008789062 -0.0310382843017578 0.14935302734375 0.419158935546875
0.0157833099365234 -0.0228805541992188 -0.182952880859375 0.32745361328125
0.0393753051757812 -0.00392532348632812 -0.0149765014648438 0.0412178039550781
0.0198535919189453 -0.0239658355712891 0.242431640625 -0.290863037109375
0.00171089172363281 -0.0216007232666016 -0.088653564453125 -0.47705078125
-0.00891017913818359 -0.00152873992919922 -0.402130126953125 -0.1142578125
0.00323486328125 -0.002532958984375 -0.22332763671875 0.231307983398437
0.0163536071777344 0.000845909118652344 0.0208282470703125 0.2491455078125
-0.000734806060791016 -0.00180327892303467 0.1495361328125 0.08709716796875
0.00130844116210937 -0.0174789428710938 0.15301513671875 -0.0536956787109375
0.00576877593994141 -0.0150337219238281 -0.149459838867188 0.0466461181640625
0.00198984146118164 -0.00139176845550537 -0.153884887695312 -0.0911712646484375
0.0209598541259766 0.000736236572265625 -0.0438232421875 -0.232513427734375
0.013676643371582 0.00260829925537109 0.194595336914063 -0.246795654296875
-0.0119657516479492 0.00193500518798828 0.355255126953125 0.070556640625
-0.0156497955322266 -0.0241546630859375 0.160980224609375 0.4158935546875
0.00821018218994141 -0.0155935287475586 -0.17547607421875 0.333984375
0.0257911682128906 -5.7220458984375E-05 -0.0172080993652344 0.0456123352050781
0.0108671188354492 -0.0162267684936523 0.24993896484375 -0.28277587890625
0.00129032135009766 -0.0147056579589844 -0.071533203125 -0.48162841796875
-0.00459527969360352 -0.000536441802978517 -0.399261474609375 -0.12493896484375
0.00695466995239258 -0.00450372695922852 -0.233184814453125 0.225433349609375
0.0186595916748047 6.67572021484375E-05 0.0117950439453125 0.249374389648438
-0.00113463401794434 -0.0024867057800293 0.147003173828125 0.087860107421875
-0.000177383422851564 -0.0197486877441406 0.15191650390625 -0.0518646240234375
0.00528812408447266 -0.0155792236328125 -0.1510009765625 0.0467071533203125
0.00102388858795166 -0.0021442174911499 -0.155197143554688 -0.092559814453125
0.0209751129150391 -0.00157928466796875 -0.04864501953125 -0.2337646484375
0.0165901184082031 0.00108242034912109 0.189666748046875 -0.248153686523437
-0.00831842422485352 0.00454521179199219 0.355865478515625 0.067657470703125
-0.0142440795898438 -0.0164251327514648 0.16754150390625 0.41546630859375
0.0012822151184082 -0.00609540939331055 -0.168182373046875 0.33489990234375
0.0131998062133789 0.00569725036621094 -0.0139236450195312 0.0471839904785156
0.00282621383666992 -0.00867271423339844 0.256195068359375 -0.281646728515625
0.000258445739746095 -0.0075840950012207 -0.0654602050781249 -0.481903076171875
-0.00198602676391602 0.00250768661499023 -0.39898681640625 -0.129852294921875
0.0100936889648437 -0.00619220733642578 -0.238845825195313 0.225204467773437
0.0198936462402344 -0.00130462646484375 0.00503540039062501 0.249114990234375
-0.00201845169067383 -0.00378012657165527 0.144607543945313 0.086700439453125
-0.00169181823730469 -0.0215320587158203 0.15118408203125 -0.0512847900390625
0.00523757934570313 -0.0166082382202148 -0.152435302734375 0.0462799072265625
0.000720024108886719 -0.00415611267089844 -0.157196044921875 -0.09490966796875
0.0207843780517578 -0.00348281860351562 -0.0525665283203125 -0.234619140625
0.0167064666748047 0.000152587890625 0.1866455078125 -0.2491455078125
-0.00543642044067383 0.00595760345458984 0.358489990234375 0.06793212890625
-0.0133018493652344 -0.00954246520996094 0.17437744140625 0.416046142578125
-0.00290775299072266 0.00247406959533691 -0.15985107421875 0.33624267578125
0.00292205810546875 0.0111446380615234 -0.0047149658203125 0.0448226928710937
-0.00438976287841797 -0.00108981132507324 0.257049560546875 -0.288726806640625
0.000121958553791046 2.18525528907776E-05 -0.074005126953125 -0.480255126953125
0.00107812881469727 0.00538492202758789 -0.40093994140625 -0.118316650390625
0.0113124847412109 -0.00694465637207031 -0.23516845703125 0.23138427734375
0.0194587707519531 -0.00262832641601563 0.00709533691406251 0.248184204101563
-0.0029296875 -0.00521945953369141 0.144256591796875 0.0829925537109375
-0.00107192993164063 -0.0219402313232422 0.149490356445313 -0.053558349609375
0.0164451599121094 -0.00430965423583984 -0.15716552734375 0.033355712890625
0.0124216079711914 -0.00262832641601562 -0.144561767578125 -0.105667114257813
0.0119543075561523 0.00349140167236328 -0.00134277343750002 -0.240982055664063
-0.00699329376220703 0.0138645172119141 0.248916625976563 -0.2113037109375
-0.0252742767333984 0.00131034851074219 0.34759521484375 0.14752197265625
-0.00355911254882812 -0.0346012115478516 0.0802001953125 0.447540283203125
0.0342693328857422 -0.0216655731201172 -0.210418701171875 0.285552978515625
0.0529747009277344 -0.00185012817382813 0.0298557281494141 0.00916481018066406
0.0280628204345703 -0.0237903594970703 0.215087890625 -0.341796875
0.00216484069824219 -0.0190238952636719 -0.1612548828125 -0.455322265625
-0.0162296295166016 0.00487613677978516 -0.403228759765625 -0.04595947265625
-0.00921726226806641 0.00745677947998047 -0.177108764648438 0.255325317382812
0.00731420516967773 -0.00137615203857422 0.0555267333984375 0.239517211914063
0.00483465194702148 -0.00439739227294922 0.157150268554688 0.07147216796875
0.0112571716308594 -0.00862693786621094 0.148483276367188 -0.064361572265625
0.0141372680664063 -0.00598239898681641 -0.154769897460937 0.0357818603515625
0.0114555358886719 -0.000677108764648437 -0.145599365234375 -0.101028442382813
0.0141000747680664 0.00429821014404297 -0.00770568847656251 -0.239486694335938
-0.00412654876708984 0.0129547119140625 0.239166259765625 -0.219833374023438
-0.0251884460449219 6.29425048828158E-05 0.35125732421875 0.130279541015625
-0.00645828247070313 -0.0384330749511719 0.095245361328125 0.442108154296875
0.0339221954345703 -0.0271549224853516 -0.208831787109375 0.296478271484375
0.0573959350585938 -0.00550460815429688 0.0164604187011719 0.0165786743164063
0.0304603576660156 -0.0286006927490234 0.219573974609375 -0.33184814453125
0.00235939025878906 -0.023773193359375 -0.14697265625 -0.462371826171875
-0.0166511535644531 0.00170707702636719 -0.404998779296875 -0.061859130859375
-0.00767707824707031 0.00581789016723633 -0.186767578125 0.250457763671875
0.0085453987121582 3.52859497070313E-05 0.0494537353515625 0.242706298828125
0.00383877754211426 -0.00269365310668945 0.156539916992188 0.0760955810546875
0.00957107543945313 -0.0100831985473633 0.150161743164063 -0.0622711181640625
0.0118074417114258 -0.00859546661376953 -0.153305053710938 0.038360595703125
0.00937747955322266 0.000234603881835938 -0.14752197265625 -0.0969696044921875
0.0162439346313477 0.00406742095947266 -0.0174407958984375 -0.236846923828125
-0.000386238098144531 0.0106973648071289 0.228759765625 -0.228515625
-0.0230159759521484 -4.57763671874999E-05 0.35198974609375 0.113677978515625
-0.0102310180664063 -0.0391159057617188 0.113677978515625 0.434234619140625
0.0299777984619141 -0.0297336578369141 -0.201934814453125 0.3082275390625
0.0556411743164062 -0.00739288330078125 0.00248908996582032 0.025299072265625
0.0299186706542969 -0.0302467346191406 0.224761962890625 -0.31732177734375
0.00183868408203125 -0.0262832641601563 -0.129180908203125 -0.469329833984375
-0.015411376953125 -0.000932693481445312 -0.406219482421875 -0.0798034667968749
-0.00504875183105469 0.00357627868652344 -0.199447631835937 0.244155883789063
0.0110979080200195 0.000798225402832031 0.042022705078125 0.246124267578125
0.00230216979980469 -0.00174832344055176 0.155136108398438 0.0806732177734375
0.00668811798095703 -0.012542724609375 0.152130126953125 -0.0592041015625
0.00965023040771484 -0.0107641220092773 -0.151504516601563 0.0418548583984375
0.00681447982788086 0.000388145446777344 -0.149658203125 -0.0929718017578125
0.0184593200683594 0.0031585693359375 -0.02716064453125 -0.234939575195313
0.00525045394897461 0.00870323181152344 0.214859008789063 -0.236358642578125
-0.0200557708740234 0.000228881835937502 0.35430908203125 0.094757080078125
-0.01348876953125 -0.0362205505371094 0.13079833984375 0.427947998046875
0.0236759185791016 -0.0277099609375 -0.195098876953125 0.318817138671875
0.0496368408203125 -0.0062103271484375 -0.00802803039550781 0.0338058471679688
0.0259799957275391 -0.0283088684082031 0.23443603515625 -0.30487060546875
0.00192070007324219 -0.0255031585693359 -0.10736083984375 -0.47430419921875
-0.0120315551757813 -0.00225353240966797 -0.405517578125 -0.0989990234375
-0.00102126598358154 0.000748276710510254 -0.213058471679687 0.236907958984375
0.0142107009887695 0.000935554504394531 0.0305023193359375 0.24822998046875
0.000927925109863281 -0.00123810768127441 0.15350341796875 0.0845794677734375
0.00390148162841797 -0.0151262283325195 0.152801513671875 -0.056915283203125
0.00697994232177734 -0.0135164260864258 -0.1502685546875 0.044342041015625
0.00484561920166016 -0.000248908996582031 -0.1517333984375 -0.091461181640625
0.0203838348388672 0.00218963623046875 -0.0361785888671875 -0.234039306640625
0.00988578796386719 0.00549602508544922 0.203384399414063 -0.242294311523438
-0.0159626007080078 0.000890731811523441 0.35589599609375 0.080535888671875
-0.0154953002929687 -0.0308895111083984 0.14776611328125 0.420867919921875
0.0161151885986328 -0.0229225158691406 -0.185394287109375 0.327362060546875
0.039581298828125 -0.00322341918945312 -0.015625 0.0409164428710938
0.0196418762207031 -0.0230541229248047 0.242401123046875 -0.2908935546875
0.00107765197753906 -0.0213184356689453 -0.0863037109375 -0.478546142578125
-0.00884723663330078 -0.00252246856689453 -0.403045654296875 -0.114898681640625
0.00328564643859863 -0.0024266242980957 -0.224868774414063 0.23065185546875
0.0166807174682617 0.000614166259765625 0.020843505859375 0.249908447265625
-0.000545501708984375 -0.00130367279052734 0.1505126953125 0.0869293212890625
0.00123023986816406 -0.0177078247070313 0.153457641601563 -0.0536346435546875
0.00545024871826172 -0.0147314071655273 -0.150833129882813 0.0467376708984375
0.00312376022338867 -0.0012814998626709 -0.15460205078125 -0.0911407470703125
0.0212345123291016 0.00037384033203125 -0.0439605712890625 -0.233261108398438
0.0136871337890625 0.00291347503662109 0.195632934570313 -0.246612548828125
-0.0117378234863281 0.00237655639648438 0.35565185546875 0.07196044921875
-0.0159549713134766 -0.0246944427490234 0.1602783203125 0.417755126953125
0.00848102569580078 -0.0150938034057617 -0.178131103515625 0.333831787109375
0.0260963439941406 0.000400543212890625 -0.0176239013671875 0.0463752746582031
0.0113725662231445 -0.0162382125854492 0.25262451171875 -0.28216552734375
0.00120925903320313 -0.0148992538452148 -0.0712890625 -0.481475830078125
-0.00522422790527344 -0.00100374221801758 -0.399993896484375 -0.127227783203125
0.00735712051391601 -0.00461578369140625 -0.23455810546875 0.225997924804688
0.0187625885009766 -0.000213623046875 0.0110931396484375 0.250198364257812
-0.00157129764556885 -0.00202286243438721 0.147506713867188 0.088409423828125
-0.000261306762695315 -0.0198211669921875 0.152877807617188 -0.0525054931640625
0.00522994995117188 -0.0163612365722656 -0.151290893554688 0.0471343994140625
0.00110769271850586 -0.00271797180175781 -0.155914306640625 -0.0928497314453125
0.0217571258544922 -0.00182151794433594 -0.0481414794921875 -0.233612060546875
0.0165119171142578 0.00131702423095703 0.191070556640625 -0.247283935546875
-0.00802373886108398 0.00430440902709961 0.357147216796875 0.06939697265625
-0.0144491195678711 -0.0167694091796875 0.1676025390625 0.41729736328125
0.00174570083618164 -0.00636482238769531 -0.170867919921875 0.336517333984375
0.0134086608886719 0.00564765930175781 -0.0147705078125 0.0472488403320313
0.0026850700378418 -0.00863075256347656 0.258590698242188 -0.280746459960938
0.000538349151611328 -0.00765085220336914 -0.064483642578125 -0.483856201171875
-0.00173532962799072 0.00174522399902344 -0.40008544921875 -0.129730224609375
0.00969982147216797 -0.00649261474609375 -0.240081787109375 0.22576904296875
0.0199928283691406 -0.00112724304199219 0.00527954101562501 0.250015258789063
-0.00279569625854492 -0.00356459617614746 0.145355224609375 0.0880584716796875
-0.00132179260253906 -0.0214157104492188 0.151382446289063 -0.0522918701171875
0.00579357147216797 -0.0171880722045898 -0.1534423828125 0.047271728515625
0.000241994857788086 -0.00426769256591797 -0.157989501953125 -0.0949554443359375
0.0212669372558594 -0.00344657897949219 -0.052734375 -0.235137939453125
0.0174694061279297 0.000883102416992187 0.187393188476563 -0.248519897460938
-0.00539636611938477 0.00679159164428711 0.35968017578125 0.0687255859375
-0.0131750106811523 -0.00983238220214844 0.17266845703125 0.419097900390625
-0.00310111045837402 0.0025787353515625 -0.16314697265625 0.336700439453125
0.00236129760742188 0.0111532211303711 -0.0056610107421875 0.0449752807617187
-0.00525093078613281 -0.000977039337158203 0.25799560546875 -0.28759765625
-0.000211566686630249 0.000139132142066956 -0.071380615234375 -0.481964111328125
0.00124025344848633 0.00512266159057617 -0.401763916015625 -0.119720458984375
0.0109062194824219 -0.00681304931640625 -0.237152099609375 0.231536865234375
0.0194549560546875 -0.00333213806152344 0.00724792480468753 0.248626708984375
-0.0027318000793457 -0.00579071044921875 0.145217895507813 0.0830841064453125
-0.00115585327148437 -0.0223579406738281 0.150222778320313 -0.0538177490234375
