TRXV5
3
4
4
9
string Extension=J
integer IsArchMeasurement=1
integer IsSpherical=1
string Generator=SPM
string GeneratorVersion=1.3.1 Dev
double ArchRadius=0.449999988079071
integer FrequencyAxisIndex=0
integer AzimuthAxisIndex=1
integer ElevationAxisIndex=2
Frequency
5 201 700000000 800000000 LIN
Azimuth
7 8 0 2.74889357189107 LIN
Elevation
7 15 -2.74889357189107 2.74889357189107 LIN
Polar H Real Part
13
Polar H Imaginary Part
14
Polar V Real Part
13
Polar V Imaginary Part
14
Polar H Magnitude (dB)
12 0xC0000002 0 1
Polar H Phase
7 0xC0000003 0 1
Polar V Magnitude (dB)
12 0xC0000002 2 3
Polar V Phase
7 0xC0000003 2 3
0.0174741744995117 -0.00549793243408203 -0.132431030273438 -0.081634521484375
0.0101842880249023 -0.00513267517089844 -0.02294921875 -0.188934326171875
0.0150938034057617 0.00130176544189453 0.15423583984375 -0.1983642578125
0.00372791290283203 0.00983428955078125 0.320556640625 -0.024566650390625
-0.0122499465942383 0.0120820999145508 0.21728515625 0.30078125
-0.0115489959716797 0.00910091400146485 -0.10504150390625 0.433807373046875
-0.0257015228271484 0.0242729187011719 -0.26580810546875 0.212646484375
-0.0340805053710938 0.0174579620361328 -0.00272369384765625 0.0408134460449219
-0.0290050506591797 0.0132846832275391 0.338348388671875 -0.13031005859375
-0.00997161865234375 0.022918701171875 0.219696044921875 -0.42364501953125
-0.00659275054931641 0.0168781280517578 -0.21539306640625 -0.364410400390625
0.00373959541320801 -0.000376224517822266 -0.339111328125 -0.022064208984375
0.0152244567871094 0.0030364990234375 -0.192733764648437 0.1627197265625
0.011897087097168 -0.00665378570556641 0.0207672119140625 0.160842895507813
0.016510009765625 -0.0123605728149414 0.131446838378906 0.0720443725585938
0.0166244506835938 -0.00299167633056641 -0.129844665527344 -0.0857696533203125
0.0127601623535156 -0.00423431396484375 -0.01422119140625 -0.189163208007813
0.0147476196289063 0.00045013427734375 0.17132568359375 -0.184188842773438
0.000482559204101563 0.00998020172119141 0.327392578125 0.00665283203125
-0.0143022537231445 0.0119924545288086 0.189208984375 0.3245849609375
-0.0128469467163086 0.0119428634643555 -0.14337158203125 0.423370361328125
-0.0289554595947266 0.0265674591064453 -0.265838623046875 0.187286376953125
-0.0372695922851563 0.0196418762207031 0.0246162414550781 0.0330162048339844
-0.0296363830566406 0.0169410705566406 0.339630126953125 -0.16015625
-0.00985145568847656 0.0248966217041016 0.177825927734375 -0.438629150390625
-0.00584888458251953 0.0173845291137695 -0.2449951171875 -0.333221435546875
0.00154745578765869 -0.00130283832550049 -0.330047607421875 0.0102233886718751
0.013920783996582 -0.00104331970214844 -0.172134399414063 0.176773071289063
0.0132217407226563 -0.00753307342529297 0.032379150390625 0.158798217773438
0.0160179138183594 -0.00952529907226563 0.134391784667969 0.0648269653320313
0.0164451599121094 0.000393867492675781 -0.126289367675781 -0.0928878784179687
0.0139131546020508 -0.00135898590087891 -0.00343322753906252 -0.188934326171875
0.013056755065918 0.00161552429199219 0.190170288085937 -0.168121337890625
-0.00432300567626953 0.00924301147460938 0.333099365234375 0.041351318359375
-0.0169572830200195 0.00782489776611328 0.157928466796875 0.348358154296875
-0.0106010437011719 0.00745391845703125 -0.180999755859375 0.40924072265625
-0.0238780975341797 0.02484130859375 -0.264450073242188 0.1612548828125
-0.0297622680664063 0.021240234375 0.0530853271484375 0.0236015319824219
-0.0221099853515625 0.0163459777832031 0.336456298828125 -0.194732666015625
-0.00606155395507813 0.0217132568359375 0.13067626953125 -0.452728271484375
-0.00651741027832031 0.0142364501953125 -0.274505615234375 -0.302154541015625
-0.00201702117919922 -0.00263524055480957 -0.318145751953125 0.0420532226562501
0.0121526718139648 -0.00255107879638672 -0.150543212890625 0.191192626953125
0.013371467590332 -0.00687026977539063 0.0426788330078125 0.157806396484375
0.0158262252807617 -0.00594520568847656 0.137351989746094 0.059967041015625
0.0151910781860352 0.00499916076660156 -0.12249755859375 -0.0974655151367187
0.0143251419067383 0.00250053405761719 0.00524902343749998 -0.186553955078125
0.00994873046875 0.00348758697509766 0.205596923828125 -0.150619506835938
-0.00965785980224609 0.00754642486572266 0.33380126953125 0.07452392578125
-0.0171661376953125 -0.000514984130859377 0.12603759765625 0.36773681640625
-0.00177860260009766 -0.00168633460998535 -0.218048095703125 0.391204833984375
-0.00866127014160156 0.0186138153076172 -0.262664794921875 0.135162353515625
-0.0108852386474609 0.0210037231445313 0.0739288330078125 0.0143280029296875
-0.00759124755859375 0.0104608535766602 0.331756591796875 -0.223724365234375
-0.000424385070800781 0.0117521286010742 0.093292236328125 -0.460235595703125
-0.00851726531982422 0.00817584991455078 -0.2921142578125 -0.272705078125
-0.00651121139526367 -0.00285577774047852 -0.303955078125 0.069793701171875
0.00946331024169922 -0.00209331512451172 -0.132476806640625 0.20172119140625
0.0128974914550781 -0.004791259765625 0.0523529052734375 0.155593872070313
0.0158300399780273 -0.00189876556396484 0.139915466308594 0.0537796020507813
0.0134696960449219 0.0095357894897461 -0.119712829589844 -0.101402282714844
0.0121726989746094 0.00804615020751953 0.0111083984375 -0.18389892578125
0.00530052185058594 0.00774908065795898 0.216506958007812 -0.137466430664062
-0.0151004791259766 0.00380992889404297 0.33349609375 0.098114013671875
-0.0164604187011719 -0.0123653411865234 0.1038818359375 0.380584716796875
0.0119123458862305 -0.0156221389770508 -0.241851806640625 0.377471923828125
0.0161409378051758 0.0108623504638672 -0.261993408203125 0.117202758789063
0.0169677734375 0.0199413299560547 0.08642578125 0.00611114501953125
0.0127773284912109 0.000232696533203125 0.3236083984375 -0.243743896484375
0.00553703308105469 -0.0035252571105957 0.0644836425781251 -0.464111328125
-0.0116443634033203 -2.57492065429685E-05 -0.303802490234375 -0.2520751953125
-0.0107641220092773 -0.00164318084716797 -0.29364013671875 0.0886840820312501
0.00594234466552734 0.000383377075195312 -0.118820190429687 0.210601806640625
0.0102005004882813 -0.000612258911132813 0.0589599609375 0.155197143554688
0.0146303176879883 0.00233650207519531 0.143112182617188 0.050750732421875
0.0128097534179688 0.0140371322631836 -0.118110656738281 -0.101325988769531
0.00900650024414063 0.0135154724121094 0.011505126953125 -0.180023193359375
-0.000661849975585938 0.0114908218383789 0.21771240234375 -0.129562377929688
-0.0194282531738281 0.000629425048828128 0.332183837890625 0.105438232421875
-0.0135250091552734 -0.0257072448730469 0.094146728515625 0.38323974609375
0.0291156768798828 -0.0325050354003906 -0.2523193359375 0.37005615234375
0.0461692810058594 0.00112533569335938 -0.264556884765625 0.108535766601563
0.0500221252441406 0.0168571472167969 0.0847930908203125 0.00174713134765625
0.0355949401855469 -0.0139656066894531 0.315765380859375 -0.251312255859375
0.0122604370117188 -0.0216236114501953 0.055389404296875 -0.46356201171875
-0.0157604217529297 -0.0102815628051758 -0.306060791015625 -0.2431640625
-0.0162124633789063 -3.43322753906246E-05 -0.28851318359375 0.096038818359375
0.00193548202514648 0.00498199462890625 -0.112838745117188 0.215133666992187
0.00717592239379883 0.0042109489440918 0.061248779296875 0.156814575195313
0.0134191513061523 0.00683307647705078 0.1451416015625 0.0495452880859375
0.0116424560546875 0.0180225372314453 -0.118606567382813 -0.0985946655273438
0.005279541015625 0.0186653137207031 0.00685119628906248 -0.176986694335938
-0.00594902038574219 0.016230583190918 0.212478637695313 -0.132614135742188
-0.022979736328125 -0.00189018249511719 0.33209228515625 0.097625732421875
-0.0122566223144531 -0.0389633178710938 0.105621337890625 0.378448486328125
0.0446548461914063 -0.0521240234375 -0.2425537109375 0.375030517578125
0.0770339965820313 -0.0114822387695313 -0.271621704101563 0.11279296875
0.0849990844726562 0.0133743286132812 0.0696296691894531 0.000442504882812501
0.0609550476074219 -0.0281028747558594 0.3106689453125 -0.24530029296875
0.0207595825195313 -0.0411376953125 0.06182861328125 -0.4622802734375
-0.0195598602294922 -0.0216770172119141 -0.3028564453125 -0.253265380859375
-0.0209503173828125 0.00127792358398438 -0.2913818359375 0.09014892578125
-0.00347805023193359 0.0112838745117188 -0.115936279296875 0.216705322265625
0.00220870971679688 0.011021614074707 0.05999755859375 0.160720825195313
0.0125398635864258 0.0127534866333008 0.146499633789062 0.0522003173828125
0.0109729766845703 0.0204505920410156 -0.119293212890625 -0.0912857055664063
0.000806808471679687 0.0236225128173828 -0.00292968750000001 -0.174102783203125
-0.0107650756835937 0.0218963623046875 0.197311401367187 -0.14385986328125
-0.0268955230712891 -0.00262832641601563 0.329193115234375 0.06658935546875
-0.0146255493164063 -0.0491561889648438 0.1348876953125 0.361663818359375
0.0530319213867187 -0.0734329223632813 -0.210418701171875 0.389678955078125
0.102691650390625 -0.02880859375 -0.279556274414063 0.132568359375
0.118797302246094 0.00930023193359375 0.0375709533691406 0.00481033325195313
0.0890655517578125 -0.0404281616210938 0.306793212890625 -0.2218017578125
0.03363037109375 -0.0603866577148438 0.094482421875 -0.4566650390625
-0.0209312438964844 -0.035430908203125 -0.286407470703125 -0.280426025390625
-0.0265445709228516 0.000814437866210942 -0.3038330078125 0.068756103515625
-0.00775337219238281 0.0160589218139648 -0.134262084960937 0.210464477539063
-0.00370216369628906 0.0180454254150391 0.050262451171875 0.16705322265625
0.0107421875 0.0175256729125977 0.144882202148438 0.0597076416015625
0.0175380706787109 -0.00540733337402344 -0.132286071777344 -0.0820846557617188
0.0105657577514648 -0.00514125823974609 -0.024688720703125 -0.189682006835937
0.0151176452636719 0.00119876861572266 0.153961181640625 -0.199020385742188
0.00326251983642578 0.0101137161254883 0.320709228515625 -0.024169921875
-0.0122432708740234 0.0118646621704102 0.217254638671875 0.304534912109375
-0.0118608474731445 0.00911331176757812 -0.10565185546875 0.435882568359375
-0.0256996154785156 0.0240554809570312 -0.268035888671875 0.213623046875
-0.0347862243652344 0.0180149078369141 -0.00246810913085938 0.040313720703125
-0.0297508239746094 0.0139446258544922 0.3394775390625 -0.12969970703125
-0.00969505310058594 0.0236682891845703 0.222686767578125 -0.424652099609375
-0.00616931915283203 0.017491340637207 -0.215911865234375 -0.367462158203125
0.00377726554870605 -0.000483512878417969 -0.341339111328125 -0.022125244140625
0.0150384902954102 0.00250148773193359 -0.19268798828125 0.164443969726563
0.0116186141967773 -0.00667190551757813 0.0210723876953125 0.161407470703125
0.0159091949462891 -0.0124454498291016 0.13226318359375 0.0722579956054688
0.0168056488037109 -0.00364780426025391 -0.131111145019531 -0.0859603881835937
0.0135078430175781 -0.00398063659667969 -0.0152587890625 -0.189605712890625
0.0151462554931641 0.00012969970703125 0.17138671875 -0.184616088867188
-0.000259399414062499 0.0102338790893555 0.327606201171875 0.00665283203125
-0.0148258209228516 0.0122900009155273 0.18975830078125 0.32708740234375
-0.0133218765258789 0.0122652053833008 -0.143707275390625 0.424560546875
-0.0290203094482422 0.0266590118408203 -0.267242431640625 0.187149047851562
-0.0380134582519531 0.0201911926269531 0.0244426727294922 0.0329627990722656
-0.0303382873535156 0.0173435211181641 0.341033935546875 -0.159698486328125
-0.00977706909179688 0.0254478454589844 0.179595947265625 -0.44049072265625
-0.00619411468505859 0.0173921585083008 -0.246307373046875 -0.334808349609375
0.00128602981567383 -0.00163757801055908 -0.331787109375 0.010040283203125
0.0143013000488281 -0.000716209411621094 -0.172760009765625 0.177322387695313
0.0129709243774414 -0.0075225830078125 0.0328216552734375 0.1597900390625
0.0159473419189453 -0.0101318359375 0.1356201171875 0.0654296875
0.0163040161132813 0.000156402587890625 -0.126838684082031 -0.0930328369140625
0.0145025253295898 -0.00117301940917969 -0.00395202636718751 -0.189712524414063
0.0133457183837891 0.0011444091796875 0.190216064453125 -0.168594360351563
-0.0047760009765625 0.00966835021972656 0.334228515625 0.0421142578125
-0.0169315338134766 0.00813102722167969 0.159271240234375 0.351104736328125
-0.00984954833984375 0.00766372680664063 -0.182220458984375 0.41064453125
-0.0236415863037109 0.0244140625 -0.266754150390625 0.16058349609375
-0.0302658081054688 0.0205821990966797 0.0526504516601563 0.0233840942382813
-0.0225486755371094 0.0163173675537109 0.337921142578125 -0.194000244140625
-0.00604057312011719 0.0216159820556641 0.132415771484375 -0.454742431640625
-0.00653266906738281 0.0146379470825195 -0.274566650390625 -0.303436279296875
-0.00214862823486328 -0.00267243385314941 -0.319183349609375 0.04296875
0.0123863220214844 -0.00247669219970703 -0.151611328125 0.192413330078125
0.0135078430175781 -0.00649642944335938 0.043060302734375 0.158615112304687
0.0157718658447266 -0.00655555725097656 0.138168334960938 0.0602188110351562
0.0152130126953125 0.00496673583984375 -0.123458862304688 -0.097503662109375
0.0144109725952148 0.00269794464111328 0.0045623779296875 -0.187362670898438
0.0100545883178711 0.00407123565673828 0.206390380859375 -0.15093994140625
-0.00971126556396484 0.00779247283935547 0.3349609375 0.075592041015625
-0.0176811218261719 -0.000230789184570315 0.1251220703125 0.369964599609375
-0.00180459022521973 -0.00148117542266846 -0.2200927734375 0.391998291015625
-0.00900840759277344 0.0185337066650391 -0.264389038085938 0.134689331054687
-0.0112495422363281 0.0211734771728516 0.0739059448242188 0.01409912109375
-0.00782203674316406 0.0108861923217773 0.332916259765625 -0.222259521484375
-0.000593185424804687 0.0118303298950195 0.094268798828125 -0.460906982421875
-0.00828075408935547 0.00848913192749024 -0.292083740234375 -0.273101806640625
-0.0066676139831543 -0.00255489349365234 -0.304840087890625 0.0703125
0.00954246520996094 -0.00241279602050781 -0.1326904296875 0.2027587890625
0.0124826431274414 -0.00472068786621094 0.05279541015625 0.1563720703125
0.0152864456176758 -0.00224113464355469 0.1412353515625 0.054351806640625
0.0142831802368164 0.00927543640136719 -0.120903015136719 -0.101882934570312
0.0124988555908203 0.00771141052246094 0.0103607177734375 -0.184478759765625
0.00510978698730469 0.00757741928100586 0.216171264648438 -0.1373291015625
-0.0150957107543945 0.00433540344238281 0.334869384765625 0.0985107421875
-0.0165700912475586 -0.0122976303100586 0.103302001953125 0.382568359375
0.0123252868652344 -0.0161247253417969 -0.244354248046875 0.379425048828125
0.0160894393920898 0.010624885559082 -0.264175415039062 0.115982055664062
0.0164623260498047 0.0199260711669922 0.0859603881835938 0.00630950927734375
0.0124855041503906 2.38418579101562E-05 0.324249267578125 -0.2423095703125
0.00609493255615234 -0.0033106803894043 0.065582275390625 -0.46478271484375
-0.0116796493530273 1.52587890625001E-05 -0.305908203125 -0.25360107421875
-0.0112504959106445 -0.00174522399902344 -0.295562744140625 0.088775634765625
0.00595235824584961 -0.000184059143066406 -0.11907958984375 0.212127685546875
0.00985050201416016 -0.00041961669921875 0.0590057373046875 0.156158447265625
0.0147552490234375 0.00202083587646484 0.143844604492188 0.05108642578125
0.0129451751708984 0.0141372680664062 -0.119163513183594 -0.101066589355469
0.00948905944824219 0.0133161544799805 0.010955810546875 -0.180450439453125
-0.000157356262207031 0.011418342590332 0.218536376953125 -0.129913330078125
-0.0194492340087891 0.000646591186523433 0.33306884765625 0.106414794921875
-0.0143032073974609 -0.0260810852050781 0.0931396484375 0.38616943359375
0.02972412109375 -0.0329322814941406 -0.254486083984375 0.370758056640625
0.0459518432617188 0.00133514404296875 -0.26666259765625 0.107818603515625
0.0495262145996094 0.0178031921386719 0.0849609375 0.00138092041015625
0.0353164672851563 -0.0136222839355469 0.317779541015625 -0.251129150390625
0.0124187469482422 -0.0213413238525391 0.0543212890625001 -0.46466064453125
-0.0157060623168945 -0.00982570648193359 -0.30841064453125 -0.244873046875
-0.0160026550292969 9.05990600585938E-05 -0.2890625 0.09674072265625
0.00177669525146484 0.00448894500732422 -0.11285400390625 0.21624755859375
0.00720977783203125 0.00412559509277344 0.06170654296875 0.158111572265625
0.0136728286743164 0.0072174072265625 0.146194458007813 0.050018310546875
0.0117664337158203 0.0184059143066406 -0.119308471679688 -0.099090576171875
0.00557708740234375 0.0186004638671875 0.00614929199218749 -0.177871704101563
-0.00566577911376953 0.0159587860107422 0.213394165039063 -0.132888793945313
-0.0235309600830078 -0.00215721130371094 0.333953857421875 0.0975341796875
-0.012664794921875 -0.0388603210449219 0.105072021484375 0.37933349609375
0.0451622009277344 -0.0525741577148438 -0.24578857421875 0.377166748046875
0.077178955078125 -0.011474609375 -0.273208618164063 0.11248779296875
0.0849990844726563 0.0138931274414062 0.0692977905273438 8.50680606960506E-19
0.0613441467285156 -0.027801513671875 0.31231689453125 -0.24462890625
0.0208892822265625 -0.0413017272949219 0.06390380859375 -0.46368408203125
-0.0197334289550781 -0.0215873718261719 -0.303253173828125 -0.254150390625
-0.0208721160888672 0.00153350830078125 -0.2921142578125 0.09063720703125
-0.003753662109375 0.0110893249511719 -0.116470336914063 0.21734619140625
0.00212383270263672 0.0112905502319336 0.0603790283203125 0.160919189453125
0.0120334625244141 0.0126228332519531 0.147613525390625 0.0526123046875
0.0111618041992187 0.0207252502441406 -0.120590209960938 -0.0919876098632813
0.00107002258300781 0.0238857269287109 -0.0038299560546875 -0.174835205078125
-0.0102386474609375 0.0215358734130859 0.197860717773438 -0.144180297851563
-0.0272216796875 -0.00284576416015625 0.3326416015625 0.0694580078125
-0.0148086547851563 -0.04937744140625 0.13568115234375 0.362396240234375
0.0542755126953125 -0.0737838745117188 -0.211761474609375 0.392181396484375
0.102996826171875 -0.02838134765625 -0.2813720703125 0.132476806640625
0.118927001953125 0.0098724365234375 0.0373306274414063 0.00396728515625
0.0897064208984375 -0.03961181640625 0.307525634765625 -0.221099853515625
0.0344657897949219 -0.0606956481933594 0.09552001953125 -0.458160400390625
-0.0204391479492188 -0.0355033874511719 -0.28759765625 -0.28289794921875
-0.0268478393554688 0.000490188598632814 -0.304718017578125 0.0683898925781251
-0.00777435302734375 0.0157175064086914 -0.135528564453125 0.21112060546875
-0.00464439392089844 0.0179080963134766 0.0510711669921875 0.167648315429688
0.0109786987304687 0.0175933837890625 0.146270751953125 0.0600738525390625
0.0177936553955078 -0.00569915771484375 -0.134025573730469 -0.0818862915039063
0.0106706619262695 -0.00477790832519531 -0.0251617431640625 -0.191009521484375
0.0157632827758789 0.00163173675537109 0.153732299804688 -0.19964599609375
0.00303173065185547 0.0103940963745117 0.322662353515625 -0.02423095703125
-0.0127935409545898 0.012324333190918 0.21875 0.306243896484375
-0.0114679336547852 0.00930976867675781 -0.107330322265625 0.43994140625
-0.0257167816162109 0.0245265960693359 -0.270614624023437 0.21337890625
-0.0357704162597656 0.0182952880859375 -0.00335311889648438 0.0404548645019531
-0.0300712585449219 0.0140838623046875 0.341552734375 -0.13018798828125
-0.0102214813232422 0.0237312316894531 0.223480224609375 -0.42620849609375
-0.00597286224365234 0.0174627304077148 -0.217559814453125 -0.3681640625
0.00330996513366699 -0.000956535339355469 -0.34283447265625 -0.021697998046875
0.0150671005249023 0.00255393981933594 -0.1943359375 0.165237426757812
0.0118331909179688 -0.00670909881591797 0.021942138671875 0.162979125976563
0.0165729522705078 -0.012507438659668 0.134101867675781 0.0726089477539063
0.0173559188842773 -0.00331497192382812 -0.131790161132813 -0.0865936279296875
0.0137577056884766 -0.00396919250488281 -0.0164947509765625 -0.191177368164063
0.0152750015258789 0.000621795654296875 0.171356201171875 -0.1854248046875
-0.000445365905761719 0.00975894927978516 0.32855224609375 0.006744384765625
-0.0148992538452148 0.0126399993896484 0.189971923828125 0.330108642578125
-0.0131082534790039 0.0114641189575195 -0.14532470703125 0.42755126953125
-0.0291862487792969 0.0266304016113281 -0.270233154296875 0.188323974609375
-0.0385589599609375 0.0204696655273438 0.0239372253417969 0.0326862335205078
-0.0301513671875 0.0176181793212891 0.34405517578125 -0.159912109375
-0.00960922241210937 0.0256481170654297 0.181427001953125 -0.442169189453125
-0.00579071044921875 0.0177860260009766 -0.246856689453125 -0.33819580078125
0.0007171630859375 -0.00154554843902588 -0.333740234375 0.010406494140625
0.0141706466674805 -0.000802993774414063 -0.173873901367188 0.179092407226562
0.0132045745849609 -0.00758075714111328 0.032989501953125 0.160858154296875
0.0160541534423828 -0.0104446411132813 0.136772155761719 0.06585693359375
0.0170421600341797 0.000669479370117188 -0.128326416015625 -0.093658447265625
0.0152511596679687 -0.00146865844726563 -0.0050506591796875 -0.190155029296875
0.0139675140380859 0.00198936462402344 0.191009521484375 -0.170089721679688
-0.00530719757080078 0.0101175308227539 0.335174560546875 0.04193115234375
-0.0176582336425781 0.00831222534179688 0.159332275390625 0.35345458984375
-0.0102939605712891 0.00814342498779297 -0.1837158203125 0.412841796875
-0.0241928100585938 0.0238056182861328 -0.2679443359375 0.161346435546875
-0.03082275390625 0.0216140747070313 0.0523757934570313 0.0229835510253906
-0.0230884552001953 0.0168800354003906 0.341278076171875 -0.194244384765625
-0.00597763061523437 0.0218791961669922 0.133758544921875 -0.457855224609375
-0.00626468658447265 0.014556884765625 -0.275299072265625 -0.30517578125
-0.00253486633300781 -0.00303411483764648 -0.3218994140625 0.042724609375
0.0124683380126953 -0.00297069549560547 -0.152191162109375 0.193801879882813
0.0140886306762695 -0.00679588317871094 0.04327392578125 0.159957885742188
0.0157251358032227 -0.00673198699951172 0.139404296875 0.06072998046875
0.0153865814208984 0.00496673583984375 -0.124893188476563 -0.0984954833984375
0.0151824951171875 0.00268745422363281 0.003631591796875 -0.188308715820313
0.0103368759155273 0.00429344177246094 0.20635986328125 -0.151535034179688
-0.0100793838500977 0.00811290740966797 0.33624267578125 0.075958251953125
-0.0180435180664063 -0.000457763671874997 0.125885009765625 0.374053955078125
-0.00159800052642822 -0.00113570690155029 -0.222412109375 0.395416259765625
-0.00865936279296875 0.018524169921875 -0.26708984375 0.134521484375
-0.0114364624023437 0.0214786529541016 0.0739593505859375 0.014068603515625
-0.00824546813964844 0.0115423202514648 0.3349609375 -0.224365234375
-0.000503540039062501 0.0117416381835938 0.096832275390625 -0.462554931640625
-0.00831270217895508 0.00863075256347656 -0.29400634765625 -0.274444580078125
-0.00647306442260742 -0.00278997421264649 -0.30731201171875 0.07000732421875
0.00858497619628906 -0.00249528884887695 -0.13323974609375 0.20428466796875
0.0124969482421875 -0.00493907928466797 0.0528106689453125 0.157241821289063
0.015167236328125 -0.00264453887939453 0.142349243164063 0.054107666015625
0.0140962600708008 0.00971698760986328 -0.122215270996094 -0.102081298828125
0.0129938125610352 0.00807094573974609 0.00961303710937498 -0.185089111328125
0.00553655624389648 0.00748538970947266 0.217071533203125 -0.138229370117188
-0.0153942108154297 0.00448036193847656 0.33624267578125 0.098724365234375
-0.017115592956543 -0.0123825073242188 0.10455322265625 0.3858642578125
0.0128326416015625 -0.0159702301025391 -0.24609375 0.38238525390625
0.0159749984741211 0.0112028121948242 -0.26593017578125 0.1162109375
0.0161495208740234 0.0202369689941406 0.0857467651367188 0.00627899169921875
0.0124082565307617 0.000673294067382813 0.325836181640625 -0.244110107421875
0.00589275360107422 -0.00308561325073242 0.067413330078125 -0.468048095703125
-0.0117406845092773 0.000370979309082032 -0.307281494140625 -0.253692626953125
-0.0110740661621094 -0.00158023834228515 -0.2972412109375 0.0891723632812499
0.00589990615844727 0.000429630279541016 -0.119674682617188 0.21380615234375
0.0102596282958984 -0.000391006469726563 0.0601654052734375 0.156967163085938
0.0145654678344727 0.00260448455810547 0.1451416015625 0.0506439208984375
0.0131435394287109 0.0141143798828125 -0.120079040527344 -0.102554321289063
0.00972175598144531 0.0135679244995117 0.0101470947265625 -0.181655883789063
-0.000283241271972657 0.0119237899780273 0.218734741210937 -0.130645751953125
-0.0198097229003906 0.000995635986328128 0.334259033203125 0.1080322265625
-0.0141468048095703 -0.0265274047851563 0.0946044921875 0.388763427734375
0.0299186706542969 -0.0328884124755859 -0.256744384765625 0.37359619140625
0.0460128784179688 0.00140380859375 -0.269180297851563 0.108139038085938
0.0503158569335938 0.0179901123046875 0.0851669311523438 0.001129150390625
0.0354499816894531 -0.0131378173828125 0.31878662109375 -0.25347900390625
0.0125274658203125 -0.021484375 0.05633544921875 -0.4677734375
-0.0157575607299805 -0.0101146697998047 -0.309967041015625 -0.245849609375
-0.0164470672607422 0.000108718872070313 -0.290863037109375 0.09698486328125
0.0015866756439209 0.00420618057250977 -0.113616943359375 0.218002319335938
0.00687646865844726 0.00433683395385742 0.0628814697265625 0.158920288085938
0.0135154724121094 0.00698566436767578 0.147445678710938 0.0506134033203125
0.0120029449462891 0.017852783203125 -0.120399475097656 -0.0987930297851563
0.0055389404296875 0.0187244415283203 0.00537109374999999 -0.178543090820313
-0.00579833984375 0.0161190032958984 0.213424682617188 -0.1329345703125
-0.0241718292236328 -0.00179862976074219 0.335968017578125 0.0989990234375
-0.0129661560058594 -0.0389823913574219 0.105560302734375 0.383392333984375
0.0456466674804688 -0.0525932312011719 -0.24749755859375 0.37884521484375
0.0767440795898438 -0.0114822387695312 -0.27581787109375 0.11328125
0.0851593017578125 0.0143585205078125 0.0691871643066406 5.34057617187509E-05
0.0616378784179687 -0.0277938842773438 0.3145751953125 -0.246185302734375
0.0213737487792969 -0.0410194396972656 0.064605712890625 -0.46783447265625
-0.0193729400634766 -0.0216445922851563 -0.3057861328125 -0.25531005859375
-0.0214500427246094 0.00152778625488281 -0.294219970703125 0.0908203125
-0.00360584259033203 0.0109710693359375 -0.117172241210937 0.218490600585938
0.00174713134765625 0.0114145278930664 0.061248779296875 0.161422729492187
0.0119352340698242 0.012364387512207 0.148590087890625 0.0524749755859375
0.0111064910888672 0.0208835601806641 -0.121726989746094 -0.0928497314453125
0.00159835815429688 0.0243034362792969 -0.00415039062500001 -0.175460815429688
-0.0100803375244141 0.0220470428466797 0.198196411132813 -0.144058227539063
-0.0275936126708984 -0.00243759155273437 0.3336181640625 0.0687255859375
-0.0147285461425781 -0.0499038696289063 0.1358642578125 0.365631103515625
0.0545120239257813 -0.0743484497070313 -0.213775634765625 0.393707275390625
0.102828979492188 -0.0287551879882813 -0.2845458984375 0.132843017578125
0.119209289550781 0.0102996826171875 0.0369873046875 0.0038299560546875
0.0899581909179687 -0.0392990112304687 0.309295654296875 -0.22314453125
0.0351600646972656 -0.06103515625 0.097412109375 -0.460540771484375
-0.02081298828125 -0.03546142578125 -0.288299560546875 -0.2843017578125
-0.0271797180175781 0.000244140624999999 -0.306121826171875 0.0684509277343749
-0.00791645050048828 0.015660285949707 -0.135498046875 0.212783813476563
-0.0042877197265625 0.0182552337646484 0.05224609375 0.168655395507813
0.0104799270629883 0.0174436569213867 0.14776611328125 0.0602569580078125
0.0179729461669922 -0.00572967529296875 -0.135902404785156 -0.0817642211914062
0.0118608474731445 -0.00498199462890625 -0.0270843505859375 -0.19091796875
0.0162630081176758 0.00125885009765625 0.153564453125 -0.201873779296875
0.00287246704101563 0.0100688934326172 0.32427978515625 -0.02459716796875
-0.0128726959228516 0.0127420425415039 0.21875 0.307830810546875
-0.0116596221923828 0.00953769683837891 -0.1058349609375 0.443572998046875
-0.0263519287109375 0.0243968963623047 -0.272232055664063 0.21636962890625
-0.0361404418945313 0.0187797546386719 -0.00365447998046875 0.0407562255859375
-0.030487060546875 0.0145816802978516 0.34423828125 -0.130889892578125
-0.00975608825683594 0.0241966247558594 0.224517822265625 -0.429351806640625
-0.00601387023925781 0.0177097320556641 -0.219268798828125 -0.371063232421875
0.00267314910888672 -0.000444650650024414 -0.34613037109375 -0.0214538574218749
0.0155153274536133 0.00279998779296875 -0.194595336914063 0.167434692382813
0.0113801956176758 -0.006500244140625 0.022613525390625 0.164276123046875
0.0162057876586914 -0.0125217437744141 0.135734558105469 0.0728302001953125
0.0170316696166992 -0.00365924835205078 -0.133338928222656 -0.0865631103515625
0.0140285491943359 -0.00430583953857422 -0.0176239013671875 -0.191482543945313
0.0158357620239258 0.000302314758300781 0.171157836914063 -0.187301635742188
-0.000626564025878907 0.0101041793823242 0.33013916015625 0.006805419921875
-0.0154581069946289 0.01251220703125 0.19073486328125 0.331512451171875
-0.013035774230957 0.0117473602294922 -0.145599365234375 0.431427001953125
-0.0293083190917969 0.0265846252441406 -0.272506713867188 0.189208984375
-0.0390472412109375 0.0205459594726562 0.0239677429199219 0.0323505401611328
-0.0311737060546875 0.0181236267089844 0.345428466796875 -0.1605224609375
-0.00919342041015625 0.0267009735107422 0.182373046875 -0.444000244140625
-0.00588226318359375 0.0182590484619141 -0.2491455078125 -0.33978271484375
0.000628471374511719 -0.00129687786102295 -0.33575439453125 0.011077880859375
0.014582633972168 -0.00123214721679688 -0.17437744140625 0.18048095703125
0.0134515762329102 -0.00718402862548828 0.0343017578125 0.162124633789063
0.0155754089355469 -0.0101737976074219 0.138839721679688 0.0653305053710938
0.016758918762207 4.00543212890625E-05 -0.130119323730469 -0.0936126708984375
0.0152978897094727 -0.00124263763427734 -0.00721740722656249 -0.192031860351563
0.0141487121582031 0.0012664794921875 0.190582275390625 -0.170944213867188
-0.00543498992919922 0.0101070404052734 0.337249755859375 0.041595458984375
-0.0175085067749023 0.00829410552978515 0.160614013671875 0.356781005859375
-0.0101909637451172 0.00781059265136719 -0.18475341796875 0.416107177734375
-0.0241565704345703 0.0245208740234375 -0.27044677734375 0.16217041015625
-0.0309162139892578 0.0216445922851563 0.0530662536621094 0.0236091613769531
-0.0233650207519531 0.0177764892578125 0.342559814453125 -0.196685791015625
-0.00586700439453125 0.0227146148681641 0.134552001953125 -0.458526611328125
-0.00599479675292969 0.0151119232177734 -0.2781982421875 -0.30755615234375
-0.00295686721801758 -0.00280523300170898 -0.32421875 0.0442504882812499
0.0120697021484375 -0.00294399261474609 -0.152679443359375 0.195938110351562
0.0128755569458008 -0.00668811798095703 0.0444488525390625 0.160247802734375
0.0155906677246094 -0.00672721862792969 0.141494750976563 0.0608367919921875
0.0151920318603516 0.00496959686279297 -0.126251220703125 -0.0986709594726563
0.0154953002929687 0.00273227691650391 0.00268554687499999 -0.18890380859375
0.0106267929077148 0.00433540344238281 0.206878662109375 -0.153045654296875
-0.0103187561035156 0.00788497924804688 0.33807373046875 0.07574462890625
-0.0185356140136719 -0.000217437744140626 0.127288818359375 0.376922607421875
-0.00193130970001221 -0.00205051898956299 -0.223419189453125 0.397979736328125
-0.00982856750488281 0.0190200805664063 -0.268875122070313 0.135894775390625
-0.0125312805175781 0.0217247009277344 0.0739517211914063 0.0139999389648438
-0.00893974304199219 0.0118551254272461 0.3369140625 -0.2254638671875
4.00543212890614E-05 0.0127344131469727 0.096435546875 -0.466888427734375
-0.00783348083496094 0.0087742805480957 -0.29656982421875 -0.2762451171875
-0.00737619400024414 -0.00251483917236328 -0.308624267578125 0.071929931640625
0.00926017761230469 -0.00250625610351563 -0.133529663085938 0.206787109375
0.0121927261352539 -0.00512218475341797 0.0537109375 0.159011840820313
0.0147867202758789 -0.00238513946533203 0.144821166992188 0.054779052734375
0.0144577026367188 0.00958538055419922 -0.123832702636719 -0.10260009765625
0.0134353637695313 0.008148193359375 0.00872802734374999 -0.1865234375
0.00612354278564453 0.00725889205932617 0.217239379882813 -0.139175415039062
-0.0154199600219727 0.00483036041259766 0.33819580078125 0.099761962890625
-0.0173988342285156 -0.0125389099121094 0.10498046875 0.3887939453125
0.0131063461303711 -0.015599250793457 -0.24737548828125 0.38543701171875
0.0157127380371094 0.0110845565795898 -0.268417358398438 0.117324829101563
0.0168209075927734 0.0203456878662109 0.0857391357421875 0.00601959228515625
0.0119218826293945 0.000347137451171875 0.326812744140625 -0.246246337890625
0.00575017929077149 -0.00281715393066406 0.06695556640625 -0.4697265625
-0.0116539001464844 0.000787734985351563 -0.309417724609375 -0.25628662109375
-0.0116977691650391 -0.00141716003417969 -0.29791259765625 0.0904235839843751
0.00606918334960937 -0.000631809234619141 -0.119476318359375 0.215240478515625
0.00998306274414063 -0.000786781311035156 0.0611114501953125 0.158203125
0.0142145156860352 0.00236701965332031 0.1473388671875 0.05047607421875
0.0130405426025391 0.0139532089233398 -0.122047424316406 -0.102806091308594
0.00991630554199219 0.0134763717651367 0.008880615234375 -0.18243408203125
-0.000215530395507812 0.0111007690429688 0.218505859375 -0.131149291992188
-0.0202808380126953 0.00165176391601563 0.33673095703125 0.108001708984375
-0.0142745971679688 -0.0258331298828125 0.094879150390625 0.39117431640625
0.0302944183349609 -0.033447265625 -0.258087158203125 0.377349853515625
0.0455665588378906 0.00128173828125 -0.271514892578125 0.108673095703125
0.0504684448242188 0.0179481506347656 0.0846710205078125 0.000762939453125001
0.0355949401855469 -0.0128440856933594 0.3201904296875 -0.254852294921875
0.0128211975097656 -0.0211601257324219 0.056915283203125 -0.471343994140625
-0.0164737701416016 -0.0100135803222656 -0.312103271484375 -0.2471923828125
-0.0171194076538086 0.000226974487304686 -0.29327392578125 0.098236083984375
0.00172853469848633 0.0044865608215332 -0.113082885742188 0.220169067382812
0.0071406364440918 0.0042262077331543 0.0638427734375 0.159805297851563
0.0138750076293945 0.00665855407714844 0.149261474609375 0.0501251220703125
0.0122318267822266 0.0184268951416016 -0.122154235839844 -0.0997314453125
0.00564384460449219 0.0186786651611328 0.00500488281250002 -0.179443359375
-0.00532245635986328 0.0163488388061523 0.213775634765625 -0.1341552734375
-0.0239887237548828 -0.00139236450195313 0.336395263671875 0.098968505859375
-0.0127754211425781 -0.0392494201660156 0.10595703125 0.385986328125
0.0462837219238281 -0.0531387329101563 -0.249267578125 0.38275146484375
0.0772628784179688 -0.011871337890625 -0.277999877929687 0.11370849609375
0.0860443115234375 0.0149154663085938 0.0689239501953125 -9.91821289062491E-05
0.0617256164550781 -0.0271186828613281 0.316680908203125 -0.24810791015625
0.0215644836425781 -0.0414352416992188 0.06524658203125 -0.470550537109375
-0.0196304321289063 -0.021392822265625 -0.307525634765625 -0.256744384765625
-0.0217418670654297 0.00155448913574219 -0.296356201171875 0.09246826171875
-0.00401782989501953 0.0111246109008789 -0.1168212890625 0.22088623046875
0.00195884704589844 0.0114679336547852 0.0621795654296875 0.162841796875
0.0118932723999023 0.0126762390136719 0.149856567382813 0.0526275634765625
0.0114154815673828 0.0212059020996094 -0.123062133789062 -0.0926513671875
0.00173568725585938 0.0242958068847656 -0.0053253173828125 -0.175918579101562
-0.0105209350585938 0.0218257904052734 0.19854736328125 -0.146133422851563
-0.0280132293701172 -0.00247383117675781 0.336181640625 0.069976806640625
-0.0151329040527344 -0.0503196716308594 0.1378173828125 0.36920166015625
0.0548477172851563 -0.0746231079101563 -0.214813232421875 0.39776611328125
0.104240417480469 -0.0289077758789063 -0.2869873046875 0.134307861328125
0.119834899902344 0.01080322265625 0.0363235473632813 0.00432968139648438
0.0905380249023438 -0.0393218994140625 0.310546875 -0.22320556640625
0.0352706909179687 -0.0607452392578125 0.096466064453125 -0.463775634765625
-0.020904541015625 -0.0361900329589844 -0.290374755859375 -0.28521728515625
-0.0269508361816406 0.000570297241210942 -0.307952880859375 0.0699462890625
-0.00767803192138672 0.0158729553222656 -0.135482788085938 0.214889526367188
-0.00450706481933594 0.01812744140625 0.052154541015625 0.170166015625
0.0104808807373047 0.0176353454589844 0.150070190429688 0.0606231689453125
0.0179805755615234 -0.00631904602050781 -0.137733459472656 -0.0818099975585938
0.0120458602905273 -0.0045318603515625 -0.028533935546875 -0.192825317382813
0.0166044235229492 0.00136566162109375 0.153060913085938 -0.203903198242188
0.00277423858642578 0.0107240676879883 0.326324462890625 -0.0262451171875
-0.0128297805786133 0.0130090713500977 0.22210693359375 0.3118896484375
-0.0117034912109375 0.00956058502197265 -0.10760498046875 0.446868896484375
-0.0262584686279297 0.0250110626220703 -0.27447509765625 0.217514038085938
-0.0365562438964844 0.0189170837402344 -0.00395965576171875 0.0407485961914063
-0.0311813354492188 0.0152854919433594 0.345703125 -0.131866455078125
-0.00949478149414062 0.0249443054199219 0.225494384765625 -0.433502197265625
-0.00544357299804687 0.0182399749755859 -0.22210693359375 -0.373779296875
0.00279664993286133 -0.000353574752807617 -0.34844970703125 -0.01995849609375
0.0155544281005859 0.00215244293212891 -0.195541381835937 0.17022705078125
0.0118885040283203 -0.00686550140380859 0.0230865478515625 0.165481567382813
0.0154390335083008 -0.0134973526000977 0.137565612792969 0.07305908203125
0.0178146362304688 -0.00384140014648438 -0.135307312011719 -0.086669921875
0.0145292282104492 -0.00401401519775391 -0.0190582275390625 -0.192657470703125
0.016510009765625 7.62939453125E-06 0.17120361328125 -0.189773559570312
-0.00060272216796875 0.0107021331787109 0.332122802734375 0.005126953125
-0.0156917572021484 0.0130376815795898 0.19378662109375 0.333984375
-0.0129756927490234 0.012150764465332 -0.14520263671875 0.435302734375
-0.0299167633056641 0.0276031494140625 -0.27447509765625 0.191375732421875
-0.039398193359375 0.0212478637695313 0.0233936309814453 0.0319728851318359
-0.0317878723144531 0.0185737609863281 0.3472900390625 -0.16265869140625
-0.00883865356445313 0.0267467498779297 0.182525634765625 -0.44854736328125
-0.00583076477050781 0.0183048248291016 -0.251922607421875 -0.34075927734375
0.000612974166870117 -0.00178420543670654 -0.338531494140625 0.0127258300781249
0.0145702362060547 -0.00156974792480469 -0.174545288085938 0.1826171875
0.0134162902832031 -0.00764369964599609 0.035430908203125 0.163314819335938
0.0156240463256836 -0.0104923248291016 0.14031982421875 0.0654830932617188
0.0168857574462891 0.000255584716796875 -0.132011413574219 -0.0942916870117188
0.0160341262817383 -0.00138282775878906 -0.00785827636718748 -0.19281005859375
0.0145816802978516 0.00150203704833984 0.19061279296875 -0.172714233398438
-0.00550174713134766 0.0105085372924805 0.339263916015625 0.041595458984375
-0.0174903869628906 0.0085906982421875 0.1619873046875 0.36029052734375
-0.00968360900878906 0.00789642333984375 -0.184417724609375 0.42083740234375
-0.0245323181152344 0.0245227813720703 -0.272796630859375 0.163772583007812
-0.0312671661376953 0.02264404296875 0.0524520874023438 0.0229454040527344
-0.0239372253417969 0.0178260803222656 0.343597412109375 -0.197052001953125
-0.00545501708984375 0.0231781005859375 0.13409423828125 -0.46295166015625
-0.00560283660888672 0.0153999328613281 -0.281158447265625 -0.307861328125
-0.0032045841217041 -0.0026240348815918 -0.325958251953125 0.0462646484375
0.0123386383056641 -0.00317096710205078 -0.152786254882813 0.19793701171875
0.0136079788208008 -0.00703811645507813 0.0458984375 0.161453247070313
0.0154609680175781 -0.00737476348876953 0.143325805664063 0.06011962890625
0.0161924362182617 0.00477695465087891 -0.128494262695313 -0.0988540649414062
0.0158987045288086 0.00271797180175781 0.00128173828125 -0.190414428710937
0.0111618041992187 0.00399494171142578 0.207046508789063 -0.154296875
-0.0106782913208008 0.00863361358642578 0.340606689453125 0.076385498046875
-0.0186939239501953 -0.00023651123046875 0.128387451171875 0.378997802734375
-0.00111830234527588 -0.00187921524047852 -0.224151611328125 0.402557373046875
-0.00916290283203125 0.0188827514648438 -0.271148681640625 0.13690185546875
-0.0117073059082031 0.0225372314453125 0.0739212036132813 0.013427734375
-0.00884437561035156 0.0122051239013672 0.338104248046875 -0.226593017578125
-2.95639038085946E-05 0.0127954483032227 0.097076416015625 -0.46978759765625
-0.00830698013305664 0.00876474380493164 -0.29962158203125 -0.2781982421875
-0.0075373649597168 -0.00255203247070312 -0.3118896484375 0.07403564453125
0.00917911529541016 -0.00321865081787109 -0.133316040039062 0.20819091796875
0.0122804641723633 -0.00505447387695313 0.0558624267578125 0.1591796875
0.0147714614868164 -0.00262165069580078 0.145980834960938 0.054534912109375
0.0146713256835938 0.00973129272460938 -0.125633239746094 -0.102615356445313
0.013890266418457 0.00805377960205078 0.0074005126953125 -0.187576293945313
0.0063776969909668 0.00741386413574219 0.217498779296875 -0.140914916992188
-0.0158052444458008 0.00544834136962891 0.341217041015625 0.100250244140625
-0.0174856185913086 -0.0122051239013672 0.105621337890625 0.392181396484375
0.0129156112670898 -0.016261100769043 -0.247772216796875 0.389068603515625
0.0160398483276367 0.0111017227172852 -0.271041870117188 0.118667602539063
0.0164661407470703 0.0207557678222656 0.0859527587890625 0.00545501708984375
0.0118589401245117 0.00106143951416016 0.330078125 -0.24847412109375
0.00626182556152344 -0.00273323059082031 0.066162109375 -0.473907470703125
-0.0113039016723633 0.000483512878417971 -0.312286376953125 -0.2567138671875
-0.0122308731079102 -0.00105094909667969 -0.300750732421875 0.092376708984375
0.00583696365356445 -0.000261306762695313 -0.119277954101563 0.217987060546875
0.0103549957275391 -0.00030517578125 0.061798095703125 0.159149169921875
0.0145463943481445 0.00234317779541016 0.148880004882813 0.0507659912109375
0.0135116577148438 0.0140724182128906 -0.124183654785156 -0.102531433105469
0.0108022689819336 0.013218879699707 0.00773620605468749 -0.183761596679687
0.00043773651123047 0.0111722946166992 0.22003173828125 -0.132736206054688
-0.0205001831054688 0.00142097473144531 0.33953857421875 0.108245849609375
-0.0143280029296875 -0.0261383056640625 0.096343994140625 0.395050048828125
0.0306358337402344 -0.0338039398193359 -0.259124755859375 0.381195068359375
0.0464706420898438 0.00111770629882813 -0.273681640625 0.110198974609375
0.0506134033203125 0.0187416076660156 0.0849151611328125 0.000427246093750001
0.0356292724609375 -0.0126533508300781 0.322235107421875 -0.257537841796875
0.0126857757568359 -0.0212192535400391 0.056365966796875 -0.474945068359375
-0.0156726837158203 -0.00949668884277344 -0.31585693359375 -0.24822998046875
-0.0174283981323242 0.000621795654296878 -0.295135498046875 0.10015869140625
0.00144195556640625 0.00475168228149414 -0.113494873046875 0.222259521484375
0.0065617561340332 0.00386619567871094 0.064727783203125 0.160995483398438
0.0132255554199219 0.00667095184326172 0.151123046875 0.0499420166015625
0.0128498077392578 0.0183582305908203 -0.124191284179687 -0.0998077392578125
0.00693893432617187 0.0189113616943359 0.00311279296875 -0.180465698242188
-0.00522327423095703 0.0161075592041016 0.214080810546875 -0.135940551757813
-0.0244865417480469 -0.000898361206054683 0.339630126953125 0.098724365234375
-0.0128593444824219 -0.0394554138183594 0.107757568359375 0.389190673828125
0.0460624694824219 -0.0538444519042969 -0.24969482421875 0.386260986328125
0.0782928466796875 -0.01190185546875 -0.280380249023438 0.114959716796875
0.0867691040039063 0.0147171020507813 0.06903076171875 0.000278472900390626
0.0623626708984375 -0.0273399353027344 0.317626953125 -0.25
0.0217018127441406 -0.0415153503417969 0.066436767578125 -0.4737548828125
-0.0195236206054687 -0.0214920043945313 -0.309600830078125 -0.25836181640625
-0.0218181610107422 0.00205421447753906 -0.298126220703125 0.09381103515625
-0.00403976440429688 0.0107631683349609 -0.116439819335937 0.2232666015625
0.00174427032470703 0.0119791030883789 0.0634918212890625 0.163589477539063
0.011967658996582 0.0128421783447266 0.15264892578125 0.052001953125
0.0117015838623047 0.0212860107421875 -0.124832153320313 -0.0929946899414063
0.00196266174316406 0.0240631103515625 -0.0063934326171875 -0.17694091796875
-0.00963211059570313 0.0219688415527344 0.19915771484375 -0.147048950195312
-0.02789306640625 -0.00149345397949219 0.3385009765625 0.069488525390625
-0.0151824951171875 -0.0504837036132813 0.140289306640625 0.371856689453125
0.0548934936523438 -0.0762557983398438 -0.215667724609375 0.4012451171875
0.105438232421875 -0.029327392578125 -0.289215087890625 0.135467529296875
0.120742797851563 0.0108718872070313 0.03570556640625 0.00347137451171875
0.0907440185546875 -0.0398941040039063 0.31292724609375 -0.225494384765625
0.0357398986816406 -0.0614776611328125 0.096832275390625 -0.4678955078125
-0.0210342407226563 -0.0367164611816406 -0.294189453125 -0.286102294921875
-0.0276832580566406 0.00110435485839844 -0.310150146484375 0.0718994140624999
-0.00831031799316406 0.0161228179931641 -0.135223388671875 0.217147827148438
-0.00467491149902344 0.0185108184814453 0.0545501708984375 0.170913696289062
0.0102338790893555 0.0175580978393555 0.151214599609375 0.0597991943359375
0.0179443359375 -0.00645637512207031 -0.139961242675781 -0.0815505981445313
0.0122900009155273 -0.00492191314697266 -0.030853271484375 -0.194320678710938
0.0169124603271484 0.000986099243164063 0.151992797851562 -0.205978393554688
0.00267410278320313 0.0113935470581055 0.327545166015625 -0.027801513671875
-0.0128717422485352 0.0133962631225586 0.22467041015625 0.31353759765625
-0.0113210678100586 0.00961399078369141 -0.105133056640625 0.45208740234375
-0.0267772674560547 0.0250720977783203 -0.276199340820313 0.220245361328125
-0.0370597839355469 0.0194969177246094 -0.00439453125 0.0408897399902344
-0.0311374664306641 0.0160293579101563 0.348114013671875 -0.135040283203125
-0.0095062255859375 0.0252437591552734 0.226104736328125 -0.436187744140625
-0.00519752502441406 0.0181388854980469 -0.225616455078125 -0.375335693359375
0.00211083889007568 -0.000354409217834473 -0.352020263671875 -0.0180969238281249
0.0154275894165039 0.00217342376708984 -0.19586181640625 0.17254638671875
0.0119447708129883 -0.00669574737548828 0.02496337890625 0.166549682617188
0.0154237747192383 -0.0137434005737305 0.139289855957031 0.0725936889648438
0.0178394317626953 -0.00331687927246094 -0.137947082519531 -0.0867538452148438
0.0148115158081055 -0.00384330749511719 -0.021270751953125 -0.194320678710938
0.0164823532104492 6.58035278320313E-05 0.169998168945312 -0.19140625
-0.000811576843261718 0.0113811492919922 0.334625244140625 0.003875732421875
-0.0153264999389648 0.0130462646484375 0.196746826171875 0.336334228515625
-0.0129165649414063 0.0121669769287109 -0.14447021484375 0.43896484375
-0.0295658111572266 0.0273952484130859 -0.27630615234375 0.193374633789063
-0.0396728515625 0.0222282409667969 0.0231704711914063 0.0329399108886719
-0.0318126678466797 0.0193500518798828 0.34954833984375 -0.164642333984375
-0.00866127014160156 0.0273361206054688 0.182373046875 -0.452178955078125
-0.00529098510742187 0.0191669464111328 -0.256439208984375 -0.342376708984375
0.000210881233215332 -0.00179207324981689 -0.340972900390625 0.01495361328125
0.014378547668457 -0.00167274475097656 -0.174819946289063 0.185821533203125
0.0131807327270508 -0.00780963897705078 0.036834716796875 0.164306640625
0.0153532028198242 -0.0107784271240234 0.141830444335938 0.065887451171875
0.017521858215332 -0.000433921813964844 -0.134201049804687 -0.0940093994140625
0.0160379409790039 -0.00103187561035156 -0.00976562500000002 -0.194320678710937
0.0146560668945313 0.00109291076660156 0.190155029296875 -0.1749267578125
-0.00557518005371094 0.0112905502319336 0.341888427734375 0.0390625
-0.0176429748535156 0.00919723510742187 0.163726806640625 0.361572265625
-0.00958061218261719 0.00800895690917969 -0.184600830078125 0.425384521484375
-0.0251140594482422 0.0250091552734375 -0.2750244140625 0.1661376953125
-0.0320835113525391 0.0230197906494141 0.0521621704101563 0.0226020812988281
-0.0244178771972656 0.0182609558105469 0.345977783203125 -0.200836181640625
-0.00523948669433594 0.0231723785400391 0.13446044921875 -0.46661376953125
-0.00582981109619141 0.0156593322753906 -0.28497314453125 -0.308685302734375
-0.00354504585266113 -0.00276684761047363 -0.32867431640625 0.0482177734375
0.0126018524169922 -0.00302886962890625 -0.152969360351562 0.20068359375
0.0136642456054687 -0.00710582733154297 0.0471954345703125 0.162994384765625
0.0153303146362305 -0.00761032104492188 0.145370483398438 0.060302734375
0.0160636901855469 0.00457763671875 -0.131034851074219 -0.098876953125
0.0161247253417969 0.00247097015380859 -0.00079345703125 -0.191314697265625
0.0109357833862305 0.00379562377929687 0.2071533203125 -0.156784057617187
-0.0111169815063477 0.00894355773925781 0.344696044921875 0.07501220703125
-0.0190181732177734 2.8610229492189E-05 0.131591796875 0.382415771484375
-0.00127506256103516 -0.00169563293457031 -0.224029541015625 0.40777587890625
-0.00953292846679687 0.0189113616943359 -0.273483276367188 0.139373779296875
-0.0117855072021484 0.0227565765380859 0.0743255615234375 0.0130691528320313
-0.00916099548339844 0.0126762390136719 0.3406982421875 -0.230316162109375
4.95910644531241E-05 0.0126314163208008 0.0948486328125 -0.474639892578125
-0.00780677795410156 0.00902652740478516 -0.302764892578125 -0.278167724609375
-0.00767803192138672 -0.00227117538452149 -0.313262939453125 0.0756225585937501
0.00898647308349609 -0.00290870666503906 -0.132781982421875 0.21148681640625
0.0125579833984375 -0.00492191314697266 0.0569915771484375 0.160720825195313
0.0144844055175781 -0.00264453887939453 0.148178100585938 0.0540008544921875
0.015070915222168 0.00928974151611328 -0.127937316894531 -0.102836608886719
0.0141801834106445 0.00787258148193359 0.0050048828125 -0.188613891601563
0.00679969787597656 0.00699996948242188 0.21771240234375 -0.142822265625
-0.0162372589111328 0.00535964965820312 0.344635009765625 0.09942626953125
-0.0176868438720703 -0.0123538970947266 0.108856201171875 0.39544677734375
0.0132503509521484 -0.0165643692016602 -0.249053955078125 0.393157958984375
0.0157318115234375 0.0108537673950195 -0.272933959960937 0.1202392578125
0.0163516998291016 0.0215415954589844 0.0861282348632813 0.00490570068359375
0.0116758346557617 0.00168323516845703 0.33111572265625 -0.2513427734375
0.00642776489257813 -0.00272798538208008 0.06451416015625 -0.478790283203125
-0.0111064910888672 0.0006866455078125 -0.316802978515625 -0.2572021484375
-0.0123805999755859 -0.00121116638183594 -0.3026123046875 0.09527587890625
0.00581264495849609 -0.000225543975830078 -0.119277954101563 0.22052001953125
0.0100479125976563 -0.000544548034667969 0.06414794921875 0.160491943359375
0.013916015625 0.00215530395507813 0.150650024414063 0.05047607421875
0.0135898590087891 0.0144233703613281 -0.126174926757813 -0.102867126464844
0.0110626220703125 0.0129966735839844 0.00578308105468749 -0.185211181640625
0.000978469848632813 0.0113544464111328 0.220794677734375 -0.134353637695313
-0.0208930969238281 0.00195884704589844 0.3428955078125 0.108367919921875
-0.0153408050537109 -0.0259475708007813 0.097320556640625 0.398529052734375
0.0308094024658203 -0.0338363647460938 -0.2586669921875 0.386322021484375
0.0464363098144531 0.0009002685546875 -0.276870727539063 0.111785888671875
0.0513420104980469 0.0187873840332031 0.084869384765625 2.28881835937512E-05
0.0358238220214844 -0.0123176574707031 0.323394775390625 -0.25970458984375
0.0131111145019531 -0.021881103515625 0.053863525390625 -0.478668212890625
-0.0160503387451172 -0.0095834732055664 -0.31817626953125 -0.249481201171875
-0.0175971984863281 0.000621795654296872 -0.296966552734375 0.102203369140625
0.00177931785583496 0.00427079200744629 -0.112472534179687 0.224990844726563
0.00718402862548828 0.0040278434753418 0.0662689208984375 0.161849975585938
0.0131711959838867 0.00646018981933594 0.15301513671875 0.0489959716796875
0.012725830078125 0.0185070037841797 -0.125984191894531 -0.100120544433594
0.00704765319824219 0.0188617706298828 0.00120544433593749 -0.181976318359375
-0.00461101531982422 0.0161685943603516 0.214828491210938 -0.136810302734375
-0.0243167877197266 -0.000915527343749995 0.343902587890625 0.099517822265625
-0.0137405395507813 -0.0397186279296875 0.11053466796875 0.392486572265625
0.0465888977050781 -0.0546607971191406 -0.250244140625 0.390716552734375
0.0782241821289063 -0.01251220703125 -0.28302001953125 0.116973876953125
0.087127685546875 0.0151214599609375 0.0688285827636719 -0.000507354736328124
0.0618820190429688 -0.0273094177246094 0.318267822265625 -0.253509521484375
0.0223426818847656 -0.0420989990234375 0.064208984375 -0.4765625
-0.0193233489990234 -0.0217571258544922 -0.31451416015625 -0.259124755859375
-0.0222759246826172 0.00232124328613281 -0.300018310546875 0.097259521484375
-0.00405216217041016 0.0112390518188477 -0.11590576171875 0.225845336914062
0.00137996673583984 0.0117692947387695 0.065155029296875 0.1649169921875
0.0120172500610352 0.012537956237793 0.154342651367187 0.051300048828125
0.0117874145507813 0.0215320587158203 -0.127296447753906 -0.0927963256835938
0.00259971618652344 0.0244712829589844 -0.00828552246093749 -0.178451538085937
-0.00956153869628906 0.0221481323242187 0.198776245117188 -0.148529052734375
-0.0282135009765625 -0.00115776062011718 0.342071533203125 0.069305419921875
-0.0156593322753906 -0.0509414672851563 0.142822265625 0.375030517578125
0.0555038452148438 -0.0765151977539063 -0.215789794921875 0.406158447265625
0.105422973632812 -0.0302734375 -0.29229736328125 0.13812255859375
0.121994018554688 0.010711669921875 0.0357894897460938 0.00371551513671875
0.091583251953125 -0.03985595703125 0.314727783203125 -0.228729248046875
0.0355300903320313 -0.0615959167480469 0.096649169921875 -0.47210693359375
-0.0208663940429688 -0.0364303588867188 -0.297882080078125 -0.28857421875
-0.0275669097900391 0.00121116638183594 -0.312591552734375 0.0742187499999999
-0.0082998275756836 0.016200065612793 -0.134841918945313 0.21966552734375
-0.00440597534179688 0.0188846588134766 0.0552825927734375 0.172225952148437
0.0105876922607422 0.0177116394042969 0.153152465820313 0.0595855712890625
0.0182971954345703 -0.00663375854492188 -0.141998291015625 -0.0812530517578125
0.012272834777832 -0.00458145141601562 -0.0335540771484375 -0.195281982421875
0.0174942016601563 0.000828742980957031 0.151702880859375 -0.208908081054688
0.00233745574951172 0.0115671157836914 0.3302001953125 -0.029022216796875
-0.0130538940429688 0.0135135650634766 0.2294921875 0.314361572265625
-0.0111684799194336 0.00960445404052735 -0.102447509765625 0.45623779296875
-0.0269737243652344 0.0253887176513672 -0.27740478515625 0.2236328125
-0.03753662109375 0.0204010009765625 -0.00484848022460938 0.0410614013671875
-0.0326080322265625 0.0167694091796875 0.350494384765625 -0.138092041015625
-0.00902938842773438 0.0261478424072266 0.224609375 -0.441009521484375
-0.00511360168457031 0.0184612274169922 -0.230072021484375 -0.376922607421875
0.00185751914978027 0.000177145004272461 -0.355133056640625 -0.015899658203125
0.016204833984375 0.00219917297363281 -0.196670532226563 0.175811767578125
0.0121173858642578 -0.00681304931640625 0.0257720947265625 0.168746948242188
0.0156164169311523 -0.013641357421875 0.14166259765625 0.072113037109375
0.0182361602783203 -0.00421333312988281 -0.140762329101563 -0.0851898193359375
0.0151214599609375 -0.00432395935058594 -0.0237274169921875 -0.194992065429687
0.0163602828979492 7.62939453125E-05 0.168930053710938 -0.1943359375
-0.00191783905029297 0.0116872787475586 0.33673095703125 0.001800537109375
-0.0158596038818359 0.0137491226196289 0.20037841796875 0.339691162109375
-0.0128364562988281 0.0115957260131836 -0.142547607421875 0.446441650390625
-0.0303764343261719 0.0278720855712891 -0.278030395507813 0.196563720703125
-0.0402030944824219 0.0220985412597656 0.0238056182861328 0.0336399078369141
-0.032684326171875 0.0197715759277344 0.350860595703125 -0.168487548828125
-0.00822257995605469 0.0275688171386719 0.1817626953125 -0.45599365234375
-0.00551414489746094 0.0197525024414063 -0.26031494140625 -0.34356689453125
0.00013577938079834 -0.00124239921569824 -0.344390869140625 0.018280029296875
0.0152921676635742 -0.00170612335205078 -0.174392700195313 0.188873291015625
0.0139036178588867 -0.00786876678466797 0.0384521484375 0.166015625
0.0152711868286133 -0.0110940933227539 0.144058227539063 0.0649566650390625
0.018218994140625 -0.000280380249023437 -0.137451171875 -0.0933837890625
0.0165300369262695 -0.00166416168212891 -0.0126190185546875 -0.195144653320313
0.015324592590332 0.000754356384277344 0.19024658203125 -0.178070068359375
-0.00625514984130859 0.0113706588745117 0.34429931640625 0.03802490234375
-0.0186252593994141 0.00976181030273437 0.16925048828125 0.364593505859375
-0.00945949554443359 0.00753593444824219 -0.18243408203125 0.430511474609375
-0.0252609252929687 0.0254173278808594 -0.27606201171875 0.16845703125
-0.0311927795410156 0.0240287780761719 0.0524368286132812 0.0223236083984375
-0.0245380401611328 0.0196990966796875 0.34735107421875 -0.2041015625
-0.00510215759277344 0.0240631103515625 0.133148193359375 -0.471527099609375
-0.00565528869628906 0.0160722732543945 -0.28961181640625 -0.3106689453125
-0.00331521034240723 -0.00229620933532715 -0.33154296875 0.051910400390625
0.013270378112793 -0.00432300567626953 -0.152511596679688 0.20416259765625
0.0135374069213867 -0.00700950622558594 0.0503082275390625 0.16424560546875
0.015019416809082 -0.00748634338378906 0.14715576171875 0.0597686767578125
0.0166416168212891 0.00381755828857422 -0.13323974609375 -0.0976104736328125
0.0163040161132813 0.00213813781738281 -0.00318908691406251 -0.193359375
0.011631965637207 0.00342559814453125 0.206924438476563 -0.158798217773438
-0.0113973617553711 0.00953578948974609 0.3463134765625 0.07421875
-0.0185203552246094 0.000886917114257814 0.135589599609375 0.384124755859375
-0.000946760177612304 -0.00243782997131348 -0.222625732421875 0.41229248046875
-0.00934410095214844 0.0189952850341797 -0.275482177734375 0.142318725585938
-0.0127410888671875 0.0234146118164063 0.0740966796875 0.0126800537109375
-0.00928401947021485 0.0135087966918945 0.34124755859375 -0.235107421875
0.000584602355957031 0.013392448425293 0.0941162109375 -0.478759765625
-0.00791645050048828 0.00938892364501953 -0.307220458984375 -0.278717041015625
-0.00834465026855469 -0.00299072265625 -0.316009521484375 0.079559326171875
0.00957679748535156 -0.00301742553710938 -0.1319580078125 0.21453857421875
0.0121746063232422 -0.0049285888671875 0.0582733154296875 0.16162109375
0.0140247344970703 -0.00316524505615234 0.150192260742188 0.05340576171875
0.0164165496826172 0.00896358489990234 -0.130088806152344 -0.102836608886719
0.0150518417358398 0.00769901275634766 0.00285339355468751 -0.18975830078125
0.00711679458618164 0.00743246078491211 0.218948364257813 -0.144607543945312
-0.0163898468017578 0.00630950927734375 0.3475341796875 0.097686767578125
-0.0182971954345703 -0.0126800537109375 0.112823486328125 0.398529052734375
0.0135822296142578 -0.0162878036499023 -0.24774169921875 0.39923095703125
0.0158843994140625 0.0112180709838867 -0.275344848632813 0.122970581054687
0.0166816711425781 0.0211982727050781 0.086273193359375 0.004241943359375
0.0110502243041992 0.00272941589355469 0.332550048828125 -0.254669189453125
0.00671768188476563 -0.00230598449707031 0.063232421875 -0.48199462890625
-0.011052131652832 0.000585556030273439 -0.320770263671875 -0.257293701171875
-0.0131387710571289 -0.0012807846069336 -0.30517578125 0.098052978515625
0.00527858734130859 -0.000508785247802734 -0.118301391601563 0.2239990234375
0.0104846954345703 -0.00045013427734375 0.0650634765625 0.161483764648438
0.0135908126831055 0.00168609619140625 0.153121948242188 0.0495452880859375
0.0140542984008789 0.0147829055786133 -0.128395080566406 -0.103439331054687
0.011509895324707 0.0127105712890625 0.0041351318359375 -0.186309814453125
0.00069904327392578 0.0118083953857422 0.220733642578125 -0.1368408203125
-0.0207958221435547 0.00281906127929688 0.346099853515625 0.106658935546875
-0.0158233642578125 -0.0266628265380859 0.1019287109375 0.40252685546875
0.03118896484375 -0.0345230102539063 -0.258544921875 0.39154052734375
0.0464096069335938 0.00029754638671875 -0.27874755859375 0.114517211914063
0.0516510009765625 0.0183906555175781 0.0849990844726563 -0.00102996826171875
0.0359764099121094 -0.01251220703125 0.32525634765625 -0.264007568359375
0.0131435394287109 -0.0221538543701172 0.051910400390625 -0.4832763671875
-0.0159158706665039 -0.00973796844482422 -0.32464599609375 -0.249298095703125
-0.0179061889648438 0.000986099243164064 -0.29840087890625 0.10491943359375
0.0014958381652832 0.00473356246948242 -0.110610961914063 0.2279052734375
0.00701141357421875 0.00469017028808594 0.06829833984375 0.162857055664062
0.0123252868652344 0.00652027130126953 0.154891967773438 0.0490570068359375
0.0134201049804688 0.0180034637451172 -0.127914428710938 -0.0998306274414063
0.00739860534667969 0.0192184448242188 -0.000915527343749986 -0.183670043945312
-0.00491714477539063 0.0163898468017578 0.21466064453125 -0.13922119140625
-0.0246105194091797 -0.00041389465332031 0.347564697265625 0.097625732421875
-0.0138931274414062 -0.0397911071777344 0.113677978515625 0.394500732421875
0.0468063354492188 -0.0551681518554688 -0.248321533203125 0.3963623046875
0.079345703125 -0.0127639770507813 -0.28564453125 0.11871337890625
0.087921142578125 0.0151214599609375 0.0685005187988281 -0.00147247314453125
0.0617752075195312 -0.0280113220214844 0.3204345703125 -0.25701904296875
0.0220718383789063 -0.0421638488769531 0.0618896484375 -0.481475830078125
-0.0197486877441406 -0.0219039916992188 -0.31866455078125 -0.257965087890625
-0.0223388671875 0.00220489501953125 -0.301849365234375 0.100006103515625
-0.00415229797363281 0.0117387771606445 -0.115127563476562 0.228424072265625
0.00115585327148437 0.0113649368286133 0.067138671875 0.165985107421875
0.0113401412963867 0.0123872756958008 0.156784057617188 0.050445556640625
0.0125617980957031 0.0210456848144531 -0.129722595214844 -0.0933303833007813
0.00287055969238281 0.0239906311035156 -0.010589599609375 -0.179306030273438
-0.00906562805175781 0.0229587554931641 0.199295043945313 -0.15106201171875
-0.0288009643554688 -0.000699996948242184 0.344390869140625 0.067352294921875
-0.0168037414550781 -0.0515861511230469 0.147003173828125 0.37872314453125
0.055328369140625 -0.0779571533203125 -0.213470458984375 0.411041259765625
0.105392456054688 -0.0305862426757813 -0.294036865234375 0.141204833984375
0.123886108398437 0.01043701171875 0.0353775024414063 0.00351715087890625
0.0926437377929688 -0.0404891967773438 0.3148193359375 -0.233306884765625
0.035308837890625 -0.0625839233398437 0.094757080078125 -0.47576904296875
-0.02093505859375 -0.0375404357910156 -0.302154541015625 -0.288360595703125
-0.0284004211425781 0.00137901306152344 -0.314605712890625 0.0773010253906251
-0.00816917419433594 0.0169363021850586 -0.13348388671875 0.223251342773438
-0.0047454833984375 0.0197238922119141 0.0581512451171875 0.172958374023438
0.0104513168334961 0.0173244476318359 0.156387329101563 0.0591888427734375
0.0184001922607422 -0.00652122497558594 -0.144790649414063 -0.08050537109375
0.013087272644043 -0.00535678863525391 -0.036712646484375 -0.196090698242188
0.0180644989013672 0.000520706176757813 0.14984130859375 -0.211654663085938
0.00243663787841797 0.0120077133178711 0.33160400390625 -0.0330810546875
-0.0128335952758789 0.014404296875 0.234222412109375 0.315155029296875
-0.0109052658081055 0.00964069366455078 -0.09906005859375 0.46160888671875
-0.0267753601074219 0.0263042449951172 -0.277603149414062 0.22735595703125
-0.0375099182128906 0.0210380554199219 -0.00481414794921875 0.0419807434082031
-0.0329380035400391 0.0172977447509766 0.350921630859375 -0.14068603515625
-0.00851821899414063 0.0266342163085937 0.224151611328125 -0.447845458984375
-0.00484085083007812 0.0189781188964844 -0.234710693359375 -0.376953125
0.00162672996520996 -0.000167727470397949 -0.357391357421875 -0.012542724609375
0.0156879425048828 0.00199222564697266 -0.195053100585938 0.179489135742188
0.0121526718139648 -0.00681495666503906 0.0284423828125 0.168960571289063
0.0152196884155273 -0.0140285491943359 0.1441650390625 0.0717315673828125
0.0180740356445313 -0.00450325012207031 -0.142135620117188 -0.084808349609375
0.0168037414550781 -0.00467205047607422 -0.0274200439453125 -0.196319580078125
0.0169496536254883 0.000253677368164063 0.167770385742188 -0.197158813476563
-0.000975608825683595 0.0124950408935547 0.33929443359375 -0.000732421874999999
-0.0158872604370117 0.0138044357299805 0.20562744140625 0.341064453125
-0.0122165679931641 0.0122442245483398 -0.141021728515625 0.449920654296875
-0.0303440093994141 0.0283012390136719 -0.278335571289063 0.200531005859375
-0.0407676696777344 0.0240898132324219 0.0234279632568359 0.0324687957763672
-0.0332813262939453 0.020965576171875 0.353515625 -0.172210693359375
-0.00882720947265625 0.0280990600585938 0.1806640625 -0.460296630859375
-0.00437736511230469 0.0195293426513672 -0.265533447265625 -0.344024658203125
-0.000198960304260254 -0.00129377841949463 -0.34686279296875 0.021270751953125
0.0148630142211914 -0.00258827209472656 -0.17449951171875 0.192840576171875
0.0139389038085938 -0.00784778594970703 0.04034423828125 0.166778564453125
0.0152177810668945 -0.0119533538818359 0.147262573242187 0.064453125
0.0181770324707031 -0.00029754638671875 -0.139701843261719 -0.0923995971679688
0.0172252655029297 -0.00226116180419922 -0.0152587890625 -0.196487426757813
0.0155954360961914 0.000654220581054688 0.18902587890625 -0.180557250976563
-0.00620079040527344 0.011591911315918 0.347412109375 0.036041259765625
-0.0184135437011719 0.00960540771484375 0.1748046875 0.36676025390625
-0.00934219360351563 0.00806903839111328 -0.180572509765625 0.435882568359375
-0.0248794555664062 0.0260810852050781 -0.277328491210938 0.171875
-0.0322036743164063 0.0241985321044922 0.0533065795898437 0.0217399597167969
-0.0249538421630859 0.0203399658203125 0.348846435546875 -0.20904541015625
-0.00506782531738281 0.0244674682617188 0.13031005859375 -0.47552490234375
-0.00558376312255859 0.0162525177001953 -0.294830322265625 -0.3094482421875
-0.00402379035949707 -0.00219106674194336 -0.333770751953125 0.0550537109375
0.0131473541259766 -0.00367259979248047 -0.151763916015625 0.207595825195313
0.013981819152832 -0.00708103179931641 0.0511627197265625 0.1654052734375
0.0153589248657227 -0.00820255279541016 0.15045166015625 0.05828857421875
0.016148567199707 0.00414562225341797 -0.136054992675781 -0.0978164672851563
0.0171079635620117 0.00199508666992188 -0.00599670410156252 -0.194366455078125
0.0113286972045898 0.00272941589355469 0.206085205078125 -0.161346435546875
-0.0110330581665039 0.0102624893188477 0.350921630859375 0.07080078125
-0.0192222595214844 -5.72204589844148E-06 0.13922119140625 0.3870849609375
-0.00122833251953125 -0.00208091735839844 -0.221405029296875 0.417022705078125
-0.00905609130859375 0.01904296875 -0.277496337890625 0.145065307617188
-0.0125160217285156 0.0242710113525391 0.0746383666992188 0.0116424560546875
-0.00937843322753906 0.0146484375 0.341705322265625 -0.238372802734375
0.000529289245605469 0.0136728286743164 0.090362548828125 -0.4813232421875
-0.00747489929199219 0.00941085815429688 -0.312255859375 -0.279052734375
-0.0084686279296875 -0.00170993804931641 -0.317352294921875 0.0827941894531251
0.00897789001464844 -0.00296211242675781 -0.131118774414063 0.217559814453125
0.0126628875732422 -0.00538158416748047 0.061065673828125 0.162628173828125
0.0143766403198242 -0.00346565246582031 0.152938842773438 0.052001953125
0.0155487060546875 0.00903701782226563 -0.133049011230469 -0.102592468261719
0.0154094696044922 0.00771617889404297 0.000976562499999987 -0.19171142578125
0.00748682022094727 0.00695466995239258 0.21783447265625 -0.148117065429687
-0.0166301727294922 0.00677871704101563 0.351654052734375 0.096160888671875
-0.0185337066650391 -0.0119552612304687 0.116302490234375 0.401885986328125
0.013524055480957 -0.0168132781982422 -0.246246337890625 0.404998779296875
0.0155200958251953 0.0109901428222656 -0.277908325195313 0.126007080078125
0.0171871185302734 0.0219497680664062 0.0865097045898438 0.00344085693359375
0.0112056732177734 0.00235939025878906 0.33245849609375 -0.25958251953125
0.00713872909545898 -0.00252771377563477 0.05999755859375 -0.4873046875
-0.0114297866821289 0.000828742980957031 -0.325042724609375 -0.256072998046875
-0.0128602981567383 -0.000580787658691404 -0.30615234375 0.10186767578125
0.00638771057128906 -0.000198841094970703 -0.116958618164062 0.227630615234375
0.0100278854370117 -0.000517845153808594 0.0687713623046875 0.161941528320313
0.0136098861694336 0.00155258178710938 0.155181884765625 0.0482177734375
0.0147495269775391 0.014643669128418 -0.131423950195312 -0.103103637695313
0.0116357803344727 0.0128450393676758 0.00166320800781252 -0.187850952148438
0.00133895874023438 0.0114679336547852 0.2205810546875 -0.139541625976563
-0.0213088989257813 0.003204345703125 0.350799560546875 0.105499267578125
-0.0163154602050781 -0.0264015197753906 0.106353759765625 0.40594482421875
0.0308036804199219 -0.0354194641113281 -0.258453369140625 0.397125244140625
0.0472793579101563 0.00026702880859375 -0.280380249023438 0.117263793945312
0.0520515441894531 0.0187454223632813 0.0851821899414062 -0.00115203857421875
0.0359420776367188 -0.0122528076171875 0.32574462890625 -0.26885986328125
0.0131282806396484 -0.0221805572509766 0.049224853515625 -0.486846923828125
-0.0159053802490234 -0.0101499557495117 -0.32806396484375 -0.248321533203125
-0.0178718566894531 0.000995635986328128 -0.300262451171875 0.109344482421875
0.00140619277954102 0.00425004959106445 -0.109634399414063 0.23162841796875
0.00689125061035156 0.0039362907409668 0.0708160400390625 0.163192749023438
0.0125904083251953 0.00624465942382813 0.157730102539063 0.0474700927734375
0.0138187408447266 0.0180072784423828 -0.130897521972656 -0.0997085571289063
0.00778579711914063 0.0185470581054688 -0.00276184082031252 -0.184005737304688
-0.00453376770019531 0.0165987014770508 0.215835571289063 -0.141708374023438
-0.0250816345214844 -7.05718994140636E-05 0.3507080078125 0.095611572265625
-0.0147171020507813 -0.0403022766113281 0.1190185546875 0.399261474609375
0.0465240478515625 -0.0564842224121094 -0.248199462890625 0.40185546875
0.0787811279296875 -0.0128707885742187 -0.287933349609375 0.123046875
0.0886688232421875 0.0141525268554687 0.0694427490234375 -0.00180435180664062
0.0627326965332031 -0.0289459228515625 0.3194580078125 -0.261444091796875
0.0225296020507813 -0.0426902770996094 0.0596313476562501 -0.48541259765625
-0.0194530487060547 -0.0218143463134766 -0.323638916015625 -0.257843017578125
-0.0223884582519531 0.00264549255371094 -0.303253173828125 0.103973388671875
-0.00364303588867187 0.0111894607543945 -0.11297607421875 0.232101440429688
0.00125885009765625 0.0119028091430664 0.0687408447265625 0.16619873046875
0.0116939544677734 0.0113229751586914 0.158737182617188 0.0493316650390625
0.0127964019775391 0.0214672088623047 -0.132583618164063 -0.0926742553710938
0.00330734252929688 0.0240764617919922 -0.0123443603515625 -0.181182861328125
-0.00884056091308594 0.0226631164550781 0.199005126953125 -0.153457641601562
-0.0286960601806641 -0.000854492187499995 0.3485107421875 0.06463623046875
-0.0165596008300781 -0.051300048828125 0.1512451171875 0.379791259765625
0.0558700561523438 -0.0793228149414063 -0.212646484375 0.416046142578125
0.106094360351563 -0.031829833984375 -0.29571533203125 0.144317626953125
0.124275207519531 0.00984954833984375 0.0351829528808594 0.00287628173828125
0.0924758911132813 -0.041534423828125 0.31475830078125 -0.236236572265625
0.0354347229003906 -0.0635871887207031 0.09063720703125 -0.481719970703125
-0.0216255187988281 -0.0365066528320313 -0.307373046875 -0.287109375
-0.0281925201416016 0.00180625915527343 -0.316436767578125 0.080780029296875
-0.00791549682617188 0.0169172286987305 -0.132171630859375 0.226226806640625
-0.0046844482421875 0.01995849609375 0.0601348876953125 0.173812866210938
0.010249137878418 0.0175285339355469 0.157760620117188 0.057861328125
0.0191020965576172 -0.00727081298828125 -0.14727783203125 -0.0787506103515625
0.0133047103881836 -0.00567054748535156 -0.0397796630859375 -0.19708251953125
0.0183639526367188 0.000577926635742188 0.146820068359375 -0.214035034179688
0.00212669372558594 0.0127344131469727 0.333343505859375 -0.035980224609375
-0.0133953094482422 0.0144014358520508 0.2384033203125 0.316162109375
-0.0109796524047852 0.00959587097167969 -0.0947265625 0.46636962890625
-0.0271492004394531 0.02691650390625 -0.278427124023438 0.23187255859375
-0.037353515625 0.0220298767089844 -0.00442123413085938 0.0414848327636719
-0.0332489013671875 0.0185375213623047 0.35260009765625 -0.145294189453125
-0.00838661193847656 0.0270709991455078 0.22161865234375 -0.452392578125
-0.00446891784667969 0.0193290710449219 -0.24102783203125 -0.377685546875
0.00202298164367676 -0.000133752822875977 -0.36138916015625 -0.00802612304687502
0.0155735015869141 0.00144863128662109 -0.19488525390625 0.183563232421875
0.0120582580566406 -0.00676918029785156 0.0307464599609375 0.170486450195313
0.0150260925292969 -0.0144662857055664 0.146316528320313 0.070404052734375
0.0187129974365234 -0.00446701049804688 -0.145370483398438 -0.0839080810546875
0.0162372589111328 -0.00495243072509766 -0.030120849609375 -0.197418212890625
0.0175762176513672 -0.000331878662109375 0.166366577148438 -0.1998291015625
-0.00211620330810547 0.0129737854003906 0.3416748046875 -0.003997802734375
-0.0154237747192383 0.0147686004638672 0.2099609375 0.34234619140625
-0.0127773284912109 0.0127372741699219 -0.1368408203125 0.454925537109375
-0.0303459167480469 0.0288524627685547 -0.279083251953125 0.204971313476563
-0.0407600402832031 0.0243797302246094 0.0237808227539062 0.0325527191162109
-0.0338058471679687 0.0216770172119141 0.35382080078125 -0.17742919921875
-0.00805473327636719 0.0291233062744141 0.176025390625 -0.46612548828125
-0.00408554077148438 0.0200080871582031 -0.271453857421875 -0.343475341796875
-0.000524520874023438 -0.00124609470367432 -0.349212646484375 0.025604248046875
0.0150041580200195 -0.00236034393310547 -0.1729736328125 0.196258544921875
0.013758659362793 -0.00815296173095703 0.0423583984375 0.168014526367188
0.0146827697753906 -0.0124149322509766 0.149505615234375 0.0630645751953125
0.0178813934326172 -0.000762939453125 -0.141937255859375 -0.0918731689453125
0.0177879333496094 -0.00269126892089844 -0.0186767578125 -0.197952270507812
0.0158147811889648 3.814697265625E-05 0.187728881835938 -0.18353271484375
-0.00603961944580078 0.0124893188476563 0.349334716796875 0.031982421875
-0.0191383361816406 0.00990104675292969 0.178558349609375 0.36932373046875
-0.00889778137207031 0.00780391693115234 -0.177886962890625 0.44110107421875
-0.0246429443359375 0.0262432098388672 -0.278030395507813 0.1763916015625
-0.0328464508056641 0.025299072265625 0.0531768798828125 0.0212783813476563
-0.025146484375 0.0213165283203125 0.348907470703125 -0.21435546875
-0.00440025329589844 0.0241584777832031 0.127655029296875 -0.480255126953125
-0.00497341156005859 0.0166225433349609 -0.300567626953125 -0.309722900390625
-0.00415873527526855 -0.00199747085571289 -0.33563232421875 0.0592041015624999
0.0126047134399414 -0.00415515899658203 -0.15032958984375 0.211380004882812
0.013392448425293 -0.00740528106689453 0.053863525390625 0.165435791015625
0.0143918991088867 -0.00877475738525391 0.152389526367188 0.057037353515625
0.0165958404541016 0.00382232666015625 -0.138778686523438 -0.0966567993164062
0.0180587768554688 0.00191688537597656 -0.00860595703125 -0.195266723632813
0.0115566253662109 0.00292396545410156 0.204940795898437 -0.164566040039062
-0.010930061340332 0.0108261108398437 0.353271484375 0.0679931640625
-0.0192089080810547 0.000970840454101559 0.143798828125 0.39007568359375
-0.000614404678344726 -0.00228977203369141 -0.218292236328125 0.4237060546875
-0.00983047485351562 0.0204296112060547 -0.278656005859375 0.148605346679687
-0.0123081207275391 0.0243759155273438 0.0746612548828125 0.0117111206054688
-0.00926780700683594 0.015284538269043 0.341827392578125 -0.24359130859375
0.00115108489990235 0.0139789581298828 0.0875854492187501 -0.486907958984375
-0.00710964202880859 0.0101718902587891 -0.318115234375 -0.27777099609375
-0.00853872299194336 -0.0020899772644043 -0.31976318359375 0.08660888671875
0.0092620849609375 -0.00337028503417969 -0.128982543945312 0.221267700195313
0.0124502182006836 -0.00551128387451172 0.06402587890625 0.163070678710937
0.014277458190918 -0.00421047210693359 0.154373168945313 0.050872802734375
0.0162410736083984 0.00895881652832031 -0.136238098144531 -0.101242065429687
0.015385627746582 0.00692558288574219 -0.00273132324218752 -0.193099975585938
0.00751590728759766 0.00657510757446289 0.217666625976563 -0.151214599609375
-0.0167045593261719 0.00748062133789062 0.355682373046875 0.093963623046875
-0.0188274383544922 -0.0112590789794922 0.121490478515625 0.4046630859375
0.0135278701782227 -0.0171422958374023 -0.24566650390625 0.4105224609375
0.0159854888916016 0.0108699798583984 -0.278610229492188 0.130157470703125
0.0173072814941406 0.0221843719482422 0.0870285034179688 0.00213623046875
0.0117969512939453 0.00269985198974609 0.332244873046875 -0.265594482421875
0.00696134567260742 -0.0028233528137207 0.05450439453125 -0.490478515625
-0.0113449096679687 0.00134849548339844 -0.330657958984375 -0.255767822265625
-0.0133743286132813 -0.000466346740722655 -0.30731201171875 0.105926513671875
0.00604009628295899 -0.000490665435791016 -0.1142578125 0.230682373046875
0.00986862182617188 -0.000768661499023438 0.0710296630859375 0.162796020507813
0.0143299102783203 0.00126457214355469 0.157867431640625 0.046630859375
0.0153646469116211 0.0138788223266602 -0.134223937988281 -0.101394653320312
0.0123748779296875 0.0127897262573242 -0.00138854980468751 -0.188568115234375
0.00116920471191406 0.0110282897949219 0.220428466796875 -0.142608642578125
-0.0216293334960938 0.00426864624023437 0.353668212890625 0.102508544921875
-0.0167942047119141 -0.0261344909667969 0.112030029296875 0.40771484375
0.0307655334472656 -0.0359764099121094 -0.256011962890625 0.402801513671875
0.0463523864746094 -0.00012969970703125 -0.282379150390625 0.121246337890625
0.0519561767578125 0.0187721252441406 0.0853729248046875 -0.00223541259765625
0.0354347229003906 -0.012298583984375 0.32476806640625 -0.27423095703125
0.0130329132080078 -0.0217952728271484 0.044403076171875 -0.491119384765625
-0.0155792236328125 -0.00951290130615235 -0.334136962890625 -0.246673583984375
-0.0181350708007813 0.00180435180664063 -0.301055908203125 0.114227294921875
0.00173664093017578 0.00453281402587891 -0.107772827148437 0.23504638671875
0.00701904296875 0.00424385070800781 0.0736236572265625 0.16387939453125
0.0128908157348633 0.00569629669189453 0.159210205078125 0.046295166015625
0.0141124725341797 0.0183753967285156 -0.133987426757813 -0.098907470703125
0.00834083557128906 0.0187129974365234 -0.00579833984374999 -0.185791015625
-0.00410270690917969 0.0165023803710938 0.2147216796875 -0.144973754882812
-0.0252761840820313 0.000694274902343754 0.354217529296875 0.092437744140625
-0.0152702331542969 -0.0404891967773438 0.123992919921875 0.400726318359375
0.0467529296875 -0.0576286315917969 -0.245391845703125 0.40728759765625
0.0791168212890625 -0.0139541625976563 -0.28936767578125 0.126373291015625
0.0896453857421875 0.014495849609375 0.0689659118652344 -0.00276947021484375
0.0625572204589844 -0.0284996032714844 0.318756103515625 -0.26593017578125
0.0217742919921875 -0.0433502197265625 0.053436279296875 -0.489837646484375
-0.0203189849853516 -0.0216846466064453 -0.329071044921875 -0.2569580078125
-0.0229969024658203 0.00304794311523438 -0.304656982421875 0.1083984375
-0.00418281555175781 0.0113296508789063 -0.110733032226563 0.23529052734375
0.00207424163818359 0.0122547149658203 0.0721893310546875 0.16717529296875
0.0118389129638672 0.0124998092651367 0.161285400390625 0.0479736328125
0.0131168365478516 0.0220241546630859 -0.134529113769531 -0.0911331176757813
0.00349998474121094 0.0233345031738281 -0.01580810546875 -0.181106567382813
-0.008880615234375 0.0230369567871094 0.198715209960938 -0.156723022460938
-0.0293693542480469 0.000953674316406245 0.352508544921875 0.062652587890625
-0.0177688598632813 -0.0515213012695313 0.155181884765625 0.381591796875
0.0551681518554688 -0.0810928344726563 -0.2095947265625 0.42230224609375
0.106536865234375 -0.0332183837890625 -0.297210693359375 0.1485595703125
0.124862670898438 0.00885772705078125 0.0350894927978516 0.00317764282226563
0.0925521850585938 -0.0426025390625 0.314849853515625 -0.241943359375
0.0355796813964844 -0.064483642578125 0.087371826171875 -0.4854736328125
-0.0213813781738281 -0.0371894836425781 -0.313018798828125 -0.28851318359375
-0.0292034149169922 0.00168800354003907 -0.3182373046875 0.085235595703125
-0.00771141052246094 0.0169811248779297 -0.130767822265625 0.229812622070313
-0.00415802001953125 0.0202617645263672 0.0631256103515625 0.174407958984375
0.0106019973754883 0.0175065994262695 0.160797119140625 0.055938720703125
0.0194549560546875 -0.00755500793457031 -0.150146484375 -0.0776824951171875
0.0132741928100586 -0.00536060333251953 -0.0435943603515625 -0.19659423828125
0.0187816619873047 -0.000598907470703125 0.144393920898438 -0.216201782226563
0.00218486785888672 0.0131683349609375 0.3350830078125 -0.040740966796875
-0.0139884948730469 0.0145845413208008 0.244903564453125 0.31573486328125
-0.0106744766235352 0.0100240707397461 -0.09039306640625 0.47052001953125
-0.0270671844482422 0.0273933410644531 -0.2781982421875 0.2376708984375
-0.0382041931152344 0.0229949951171875 -0.00503158569335938 0.04150390625
-0.0330848693847656 0.0196380615234375 0.3541259765625 -0.1494140625
-0.00755500793457031 0.0275020599365234 0.2171630859375 -0.456329345703125
-0.00409126281738281 0.0186786651611328 -0.24847412109375 -0.37640380859375
0.0019524097442627 3.62396240234375E-05 -0.364501953125 -0.00390625000000007
0.016688346862793 0.00100517272949219 -0.193695068359375 0.187088012695313
0.012115478515625 -0.00770187377929687 0.0338134765625 0.170883178710938
0.0142183303833008 -0.0152807235717773 0.1492919921875 0.069061279296875
0.0178451538085938 -0.00413894653320313 -0.147918701171875 -0.0821533203125
0.0161142349243164 -0.00488090515136719 -0.03375244140625 -0.1990966796875
0.0181236267089844 -0.00134086608886719 0.164077758789063 -0.202728271484375
-0.00115489959716797 0.0134201049804688 0.343414306640625 -0.00762939453125
-0.0160703659057617 0.0150222778320313 0.21600341796875 0.342254638671875
-0.0123348236083984 0.0122699737548828 -0.132598876953125 0.45977783203125
-0.030029296875 0.0299148559570313 -0.279159545898438 0.209487915039063
-0.0410652160644531 0.0252342224121094 0.0230007171630859 0.0317935943603516
-0.0340557098388672 0.0232563018798828 0.353057861328125 -0.181304931640625
-0.00701332092285156 0.0298213958740234 0.1729736328125 -0.4708251953125
-0.00390052795410156 0.0202808380126953 -0.277099609375 -0.343597412109375
-0.000192880630493164 -0.000667333602905273 -0.3514404296875 0.0304260253906251
0.0156517028808594 -0.00266551971435547 -0.17132568359375 0.200164794921875
0.013671875 -0.00871086120605469 0.0458221435546875 0.168304443359375
0.0147294998168945 -0.0122003555297852 0.151626586914063 0.0610198974609375
0.0184612274169922 -0.000558853149414063 -0.14471435546875 -0.0910186767578125
0.0171527862548828 -0.00276851654052734 -0.0218658447265625 -0.198318481445313
0.0155582427978516 0.000132560729980469 0.185836791992188 -0.185989379882813
-0.00570869445800781 0.0132884979248047 0.35333251953125 0.029083251953125
-0.0179042816162109 0.0106678009033203 0.18511962890625 0.3685302734375
-0.00868749618530273 0.00809764862060547 -0.173065185546875 0.446685791015625
-0.0246772766113281 0.0264549255371094 -0.279510498046875 0.180740356445313
-0.0326995849609375 0.0255546569824219 0.0526504516601563 0.01995849609375
-0.0259990692138672 0.0222110748291016 0.349365234375 -0.21917724609375
-0.00371742248535156 0.0252513885498047 0.1226806640625 -0.48345947265625
-0.00484371185302734 0.0166912078857422 -0.305999755859375 -0.3070068359375
-0.00470781326293945 -0.00181341171264648 -0.3365478515625 0.064453125
0.0126190185546875 -0.00415134429931641 -0.147109985351563 0.214065551757812
0.0134382247924805 -0.00763225555419922 0.057098388671875 0.167098999023438
0.013946533203125 -0.00896072387695313 0.1551513671875 0.0553131103515625
0.016850471496582 0.00354194641113281 -0.141265869140625 -0.09637451171875
0.0178432464599609 0.00206947326660156 -0.01220703125 -0.196014404296875
0.01202392578125 0.00262165069580078 0.203964233398437 -0.167007446289063
-0.0114049911499023 0.011662483215332 0.3558349609375 0.06500244140625
-0.0194816589355469 0.00177383422851563 0.151153564453125 0.391326904296875
-0.00020456314086914 -0.00263643264770508 -0.214752197265625 0.429412841796875
-0.00978851318359375 0.0195026397705078 -0.279464721679688 0.15301513671875
-0.0122051239013672 0.0249576568603516 0.0747146606445312 0.010040283203125
-0.00947284698486328 0.0160894393920898 0.34124755859375 -0.248199462890625
0.00114631652832031 0.0142965316772461 0.081024169921875 -0.490814208984375
-0.00689983367919922 0.0102090835571289 -0.32342529296875 -0.27447509765625
-0.00905418395996094 -0.00191116333007812 -0.319793701171875 0.092193603515625
0.00903224945068359 -0.00325107574462891 -0.126327514648438 0.2239990234375
0.0131006240844727 -0.00507545471191406 0.06622314453125 0.1636962890625
0.0146999359130859 -0.00447368621826172 0.156845092773437 0.0495452880859375
0.016632080078125 0.00903415679931641 -0.138748168945313 -0.09979248046875
0.0158672332763672 0.00715827941894531 -0.00540161132812499 -0.193618774414063
0.00736522674560547 0.0063166618347168 0.216796875 -0.153701782226563
-0.016697883605957 0.0084686279296875 0.358917236328125 0.089874267578125
-0.0196952819824219 -0.0120658874511719 0.12646484375 0.405181884765625
0.0137710571289063 -0.0178985595703125 -0.241424560546875 0.415496826171875
0.0150079727172852 0.0105686187744141 -0.279251098632813 0.13385009765625
0.0170574188232422 0.0225963592529297 0.086822509765625 0.001007080078125
0.0122699737548828 0.00276470184326172 0.331207275390625 -0.2708740234375
0.00759601593017578 -0.00259017944335938 0.05078125 -0.49505615234375
-0.0114097595214844 0.00141811370849609 -0.336334228515625 -0.252593994140625
-0.0135440826416016 -0.000485420227050781 -0.308563232421875 0.1119384765625
0.00619840621948242 -0.00158834457397461 -0.110931396484375 0.233322143554687
0.0103025436401367 -0.00115489959716797 0.0743865966796875 0.161972045898438
0.0135135650634766 0.00168132781982422 0.160110473632812 0.044921875
0.0155372619628906 0.0137805938720703 -0.136177062988281 -0.100013732910156
0.0122652053833008 0.0128536224365234 -0.00508117675781248 -0.1898193359375
0.00253200531005859 0.0108280181884766 0.219284057617187 -0.145156860351562
-0.0214767456054688 0.00468254089355469 0.356903076171875 0.099761962890625
-0.0163516998291016 -0.0268630981445312 0.11761474609375 0.40985107421875
0.0309257507324219 -0.0364456176757813 -0.253204345703125 0.40802001953125
0.047576904296875 -0.000576019287109375 -0.283294677734375 0.12518310546875
0.0529937744140625 0.0188827514648438 0.0855560302734375 -0.00321197509765625
0.0359458923339844 -0.0128555297851563 0.322906494140625 -0.27886962890625
0.0134181976318359 -0.0227165222167969 0.0408935546875 -0.494110107421875
-0.0156583786010742 -0.00938987731933593 -0.338409423828125 -0.243896484375
-0.0181808471679688 0.00207138061523438 -0.3006591796875 0.1192626953125
0.0025629997253418 0.00442600250244141 -0.104965209960938 0.238204956054688
0.00635433197021484 0.00422048568725586 0.076995849609375 0.16351318359375
0.01324462890625 0.0059814453125 0.16180419921875 0.0440673828125
0.0146522521972656 0.0182285308837891 -0.136734008789063 -0.0971145629882813
0.00894546508789062 0.0182609558105469 -0.00946044921874999 -0.186477661132813
-0.00391483306884766 0.0165958404541016 0.2130126953125 -0.14801025390625
-0.025146484375 0.00172996520996093 0.357940673828125 0.08905029296875
-0.0160789489746094 -0.0405998229980469 0.129150390625 0.4019775390625
0.0468177795410156 -0.0584602355957031 -0.2420654296875 0.413421630859375
0.079315185546875 -0.0150375366210937 -0.290985107421875 0.130615234375
0.0897598266601562 0.013580322265625 0.0683059692382813 -0.00302505493164062
0.0626564025878906 -0.0286521911621094 0.318115234375 -0.27191162109375
0.0224723815917969 -0.0440750122070312 0.050201416015625 -0.494232177734375
-0.0208969116210937 -0.0214767456054688 -0.33544921875 -0.254486083984375
-0.0227298736572266 0.00361061096191406 -0.30517578125 0.11383056640625
-0.00373077392578125 0.0122671127319336 -0.108566284179688 0.238693237304688
0.00140762329101563 0.0125875473022461 0.075225830078125 0.167282104492188
0.0120868682861328 0.012721061706543 0.162918090820313 0.0453948974609375
0.013824462890625 0.0214920043945313 -0.137283325195313 -0.0898361206054687
0.00375747680664062 0.0232257843017578 -0.0189056396484375 -0.181350708007813
-0.00834274291992188 0.0224323272705078 0.19708251953125 -0.159698486328125
-0.02886962890625 0.00183677673339843 0.354766845703125 0.057373046875
-0.0187339782714844 -0.0517120361328125 0.162353515625 0.38189697265625
0.0548477172851562 -0.0823822021484375 -0.20623779296875 0.426513671875
0.106338500976562 -0.0344314575195313 -0.2979736328125 0.154022216796875
0.125999450683594 0.00833892822265625 0.0347843170166016 0.00297355651855469
0.0930328369140625 -0.0429916381835938 0.31304931640625 -0.246307373046875
0.0349998474121094 -0.0655326843261719 0.083099365234375 -0.48822021484375
-0.0233192443847656 -0.0362319946289062 -0.318023681640625 -0.28594970703125
-0.0289630889892578 0.00284194946289063 -0.31884765625 0.08978271484375
-0.00837230682373047 0.0169916152954102 -0.127975463867188 0.233688354492188
-0.00405311584472656 0.0203914642333984 0.0657958984375 0.174758911132813
0.0106563568115234 0.0166521072387695 0.163009643554688 0.0543060302734375
0.018585205078125 -0.00829315185546875 -0.15203857421875 -0.0744781494140625
0.01373291015625 -0.00587940216064453 -0.0483551025390625 -0.197052001953125
0.017115592956543 -0.000682830810546875 0.142059326171875 -0.219940185546875
0.00173187255859375 0.013453483581543 0.335418701171875 -0.04400634765625
-0.0136594772338867 0.0154266357421875 0.249481201171875 0.31402587890625
-0.00968360900878906 0.00905323028564453 -0.08453369140625 0.473846435546875
-0.0264835357666016 0.027557373046875 -0.275009155273438 0.2418212890625
-0.0378646850585938 0.0235557556152344 -0.00454330444335938 0.0417671203613281
-0.0335350036621094 0.0204658508300781 0.352447509765625 -0.154876708984375
-0.007659912109375 0.0279388427734375 0.212615966796875 -0.46148681640625
-0.00406074523925781 0.0200614929199219 -0.253875732421875 -0.3756103515625
0.0017542839050293 -0.000136852264404297 -0.36529541015625 0.00210571289062504
0.0164594650268555 0.000335693359375 -0.19183349609375 0.191543579101562
0.0116891860961914 -0.00784587860107422 0.036346435546875 0.171096801757813
0.0143823623657227 -0.0158424377441406 0.151519775390625 0.066619873046875
0.018218994140625 -0.00505828857421875 -0.150283813476563 -0.0800323486328125
0.0157527923583984 -0.00554561614990234 -0.0381927490234375 -0.197845458984375
0.0175113677978516 -0.00123023986816406 0.161178588867187 -0.205352783203125
-0.000337600708007811 0.0137805938720703 0.3446044921875 -0.01263427734375
-0.0162668228149414 0.0140380859375 0.222991943359375 0.340545654296875
-0.0116147994995117 0.0126686096191406 -0.12548828125 0.4642333984375
-0.0307941436767578 0.03045654296875 -0.277862548828125 0.213531494140625
-0.040283203125 0.0256500244140625 0.0239791870117187 0.0310745239257813
-0.0336799621582031 0.0237312316894531 0.352996826171875 -0.18707275390625
-0.00743484497070313 0.0298099517822266 0.168182373046875 -0.475311279296875
-0.00394058227539063 0.0205135345458984 -0.282928466796875 -0.340240478515625
-0.00103139877319336 -0.00069504976272583 -0.352874755859375 0.0352783203125
0.0155239105224609 -0.00313472747802734 -0.168838500976562 0.203521728515625
0.0133495330810547 -0.00845909118652344 0.0481109619140625 0.168426513671875
0.0138683319091797 -0.0130720138549805 0.152999877929688 0.0601043701171875
0.0174665451049805 -0.000823974609375 -0.147735595703125 -0.088104248046875
0.0179042816162109 -0.00222015380859375 -0.0264739990234375 -0.197402954101563
0.0160989761352539 -0.000393867492675781 0.182968139648437 -0.189987182617187
-0.00603866577148438 0.0139951705932617 0.354217529296875 0.024566650390625
-0.0186786651611328 0.0109500885009766 0.18994140625 0.3680419921875
-0.00857067108154297 0.00854253768920898 -0.16754150390625 0.4500732421875
-0.0247287750244141 0.0272312164306641 -0.277328491210938 0.18475341796875
-0.0330734252929688 0.0277233123779297 0.0531578063964844 0.019439697265625
-0.0247821807861328 0.0232601165771484 0.346435546875 -0.224334716796875
-0.00289726257324219 0.0258674621582031 0.11669921875 -0.488189697265625
-0.00445461273193359 0.0166254043579102 -0.311920166015625 -0.304229736328125
-0.00458621978759766 -0.00213623046875 -0.338836669921875 0.069610595703125
0.0136804580688477 -0.00418758392333984 -0.145156860351563 0.2196044921875
0.0127124786376953 -0.00834846496582031 0.0602264404296875 0.166351318359375
0.0145883560180664 -0.00928688049316406 0.157028198242187 0.053131103515625
0.0169792175292969 0.00382804870605469 -0.143325805664062 -0.092987060546875
0.0176677703857422 0.00096893310546875 -0.0158843994140625 -0.197372436523437
0.0130386352539062 0.00226783752441406 0.2020263671875 -0.170928955078125
-0.0103950500488281 0.0127649307250977 0.358734130859375 0.060699462890625
-0.0198001861572266 0.00149154663085937 0.156219482421875 0.390411376953125
-0.000380516052246094 -0.00289607048034668 -0.210418701171875 0.43505859375
-0.009796142578125 0.0209522247314453 -0.279205322265625 0.155731201171875
-0.0112075805664063 0.0260047912597656 0.0744781494140625 0.00931549072265625
-0.0088052749633789 0.0161552429199219 0.33978271484375 -0.252655029296875
0.00212383270263672 0.0147228240966797 0.07720947265625 -0.4927978515625
-0.00720500946044922 0.0102767944335938 -0.328887939453125 -0.271820068359375
-0.00953483581542969 -0.00182819366455078 -0.320220947265625 0.0977172851562499
0.00886440277099609 -0.00389766693115234 -0.122772216796875 0.22735595703125
0.0125026702880859 -0.0053558349609375 0.0701751708984375 0.163681030273438
0.0139274597167969 -0.00385856628417969 0.159072875976562 0.04705810546875
0.0165081024169922 0.00880813598632813 -0.141754150390625 -0.097930908203125
0.0167312622070313 0.00605583190917969 -0.00915527343749998 -0.194122314453125
0.007659912109375 0.00639867782592773 0.214935302734375 -0.15728759765625
-0.0168428421020508 0.00901317596435547 0.361480712890625 0.085418701171875
-0.0197467803955078 -0.0113391876220703 0.133575439453125 0.407379150390625
0.0130500793457031 -0.0176429748535156 -0.236480712890625 0.42095947265625
0.0164613723754883 0.0108833312988281 -0.279693603515625 0.13800048828125
0.0175266265869141 0.0227890014648438 0.0864105224609375 0.000930786132812502
0.0119905471801758 0.00319194793701172 0.32940673828125 -0.275726318359375
0.00746297836303711 -0.00277614593505859 0.04461669921875 -0.49884033203125
-0.0109977722167969 0.00164604187011719 -0.340179443359375 -0.248779296875
-0.0129690170288086 -0.000617027282714844 -0.307159423828125 0.11529541015625
0.00602960586547851 -0.000893115997314453 -0.108184814453125 0.237045288085938
0.0101127624511719 -0.00101280212402344 0.076446533203125 0.161529541015625
0.0140800476074219 0.000640869140625 0.162078857421875 0.042938232421875
0.0158281326293945 0.0130939483642578 -0.139289855957031 -0.0976638793945312
0.0130729675292969 0.0116434097290039 -0.00932312011718748 -0.190170288085938
0.00254344940185547 0.0105876922607422 0.217803955078125 -0.1495361328125
-0.0217628479003906 0.00560760498046875 0.360565185546875 0.09576416015625
-0.0179843902587891 -0.0260696411132813 0.1236572265625 0.41033935546875
0.0308189392089844 -0.0373382568359375 -0.250030517578125 0.41314697265625
0.0477485656738281 -0.0007171630859375 -0.28436279296875 0.129547119140625
0.0531883239746094 0.0189399719238281 0.084686279296875 -0.00504302978515625
0.0357437133789063 -0.012542724609375 0.3211669921875 -0.282684326171875
0.0130062103271484 -0.0226840972900391 0.03375244140625 -0.497589111328125
-0.0172300338745117 -0.00943088531494141 -0.342376708984375 -0.24090576171875
-0.0179405212402344 0.0025634765625 -0.300811767578125 0.124114990234375
0.00116682052612305 0.00452709197998047 -0.100479125976563 0.240188598632813
0.00650882720947266 0.00472068786621094 0.079559326171875 0.163482666015625
0.0124063491821289 0.00576305389404297 0.163009643554688 0.0415802001953125
0.0142135620117188 0.0178508758544922 -0.139541625976563 -0.0953445434570313
0.00874519348144531 0.0169305801391602 -0.0131683349609375 -0.185455322265625
-0.00335311889648437 0.0163106918334961 0.213226318359375 -0.15130615234375
-0.0259017944335938 0.00268936157226563 0.361114501953125 0.08551025390625
-0.016326904296875 -0.0405693054199219 0.13616943359375 0.40301513671875
0.0456619262695313 -0.0599517822265625 -0.23760986328125 0.41888427734375
0.0793838500976563 -0.0169525146484375 -0.29071044921875 0.1346435546875
0.0903091430664063 0.013275146484375 0.0680160522460938 -0.00412750244140625
0.0617790222167969 -0.029815673828125 0.31689453125 -0.27618408203125
0.0211524963378906 -0.04376220703125 0.0438232421875 -0.49676513671875
-0.0215530395507812 -0.0216903686523438 -0.33966064453125 -0.250701904296875
-0.0242385864257813 0.00423049926757812 -0.304229736328125 0.117767333984375
-0.00365924835205078 0.0118923187255859 -0.104324340820312 0.241714477539063
0.00256729125976563 0.0127029418945313 0.0786895751953125 0.167526245117187
0.0121374130249023 0.0117673873901367 0.165206909179688 0.044158935546875
0.0137100219726562 0.0214061737060547 -0.139755249023438 -0.0887680053710938
0.00410842895507813 0.0232658386230469 -0.0218353271484375 -0.18194580078125
-0.00816154479980469 0.0235805511474609 0.195724487304688 -0.16259765625
-0.0300140380859375 0.00275993347167969 0.35906982421875 0.054718017578125
-0.0197906494140625 -0.0520591735839844 0.16790771484375 0.38299560546875
0.053497314453125 -0.08343505859375 -0.201904296875 0.432403564453125
0.105880737304687 -0.0357284545898438 -0.29833984375 0.158172607421875
0.126243591308594 0.00655364990234375 0.0344905853271485 0.00205802917480469
0.0929489135742188 -0.0437088012695313 0.312164306640625 -0.252716064453125
0.0343666076660156 -0.0662994384765625 0.077484130859375 -0.492523193359375
-0.023101806640625 -0.0366744995117188 -0.32366943359375 -0.282623291015625
-0.0291213989257813 0.00400733947753906 -0.319427490234375 0.0952148437500001
-0.00798797607421875 0.0169086456298828 -0.124603271484375 0.236648559570313
-0.00403213500976562 0.0205421447753906 0.0691680908203125 0.173934936523437
0.0108461380004883 0.0169610977172852 0.164749145507813 0.051727294921875
0.0189228057861328 -0.00872993469238281 -0.153961181640625 -0.0728759765625
0.0138273239135742 -0.00664520263671875 -0.052001953125 -0.196533203125
0.0186862945556641 -0.0007476806640625 0.137039184570313 -0.222000122070313
0.00259685516357422 0.0137500762939453 0.335174560546875 -0.0496826171875
-0.0130987167358398 0.015629768371582 0.256103515625 0.311614990234375
-0.0100774765014648 0.00955963134765625 -0.076751708984375 0.475860595703125
-0.0266151428222656 0.0281543731689453 -0.274154663085938 0.246475219726562
-0.0377082824707031 0.0250473022460937 -0.0045623779296875 0.0419197082519531
-0.0325851440429688 0.0212688446044922 0.351409912109375 -0.15997314453125
-0.00664901733398437 0.0274639129638672 0.207855224609375 -0.465118408203125
-0.00326347351074219 0.0201282501220703 -0.25994873046875 -0.371917724609375
0.0011061429977417 6.99758529663086E-05 -0.366424560546875 0.00891113281249993
0.0164861679077148 0.000224113464355469 -0.187667846679688 0.195083618164063
0.0119752883911133 -0.00733089447021484 0.039459228515625 0.171646118164063
0.0137662887573242 -0.0160903930664062 0.153350830078125 0.064849853515625
0.0182552337646484 -0.00647544860839844 -0.1529541015625 -0.07794189453125
0.0172586441040039 -0.00590705871582031 -0.04180908203125 -0.197967529296875
0.0174112319946289 -0.00179195404052734 0.158050537109375 -0.208450317382813
-0.00111770629882813 0.0138311386108398 0.3450927734375 -0.018096923828125
-0.0161342620849609 0.0152521133422852 0.227264404296875 0.33843994140625
-0.0114450454711914 0.0125627517700195 -0.1190185546875 0.466796875
-0.0294990539550781 0.0307655334472656 -0.276168823242188 0.217529296875
-0.0402946472167969 0.0271797180175781 0.0236740112304687 0.0314655303955078
-0.0338172912597656 0.0250186920166016 0.350982666015625 -0.1917724609375
-0.00579833984375 0.0300445556640625 0.1622314453125 -0.47857666015625
-0.00343704223632812 0.0204486846923828 -0.28900146484375 -0.336181640625
-0.00135457515716553 -0.000784635543823242 -0.352813720703125 0.041412353515625
0.0150489807128906 -0.00288200378417969 -0.165328979492187 0.207000732421875
0.0130119323730469 -0.00898361206054687 0.0520172119140625 0.168563842773438
0.0135059356689453 -0.0130710601806641 0.155410766601562 0.05670166015625
0.0182380676269531 -0.00246429443359375 -0.149520874023437 -0.086090087890625
0.0183620452880859 -0.00347709655761719 -0.0305328369140625 -0.198410034179688
0.0165252685546875 -0.000645637512207031 0.179962158203125 -0.192611694335938
-0.00576114654541016 0.0143003463745117 0.356170654296875 0.018829345703125
-0.0185832977294922 0.0116291046142578 0.196014404296875 0.367828369140625
-0.00930118560791015 0.00783824920654297 -0.16204833984375 0.4541015625
-0.0245609283447266 0.0280227661132812 -0.277069091796875 0.188705444335938
-0.0318164825439453 0.0283412933349609 0.0531082153320313 0.0190963745117188
-0.0253658294677734 0.0236072540283203 0.3458251953125 -0.22845458984375
-0.00236129760742188 0.0256919860839844 0.110107421875 -0.49072265625
-0.00377559661865234 0.0170888900756836 -0.31622314453125 -0.299407958984375
-0.00461149215698242 -0.00204706192016602 -0.33807373046875 0.074920654296875
0.0126476287841797 -0.00494384765625 -0.140960693359375 0.221023559570313
0.0137481689453125 -0.00781345367431641 0.0633392333984375 0.165435791015625
0.0140285491943359 -0.0095672607421875 0.15814208984375 0.05096435546875
0.0176200866699219 0.00271224975585938 -0.146774291992187 -0.091033935546875
0.0182399749755859 0.000589370727539063 -0.019989013671875 -0.1964111328125
0.0117626190185547 0.00237751007080078 0.199249267578125 -0.174240112304688
-0.0114870071411133 0.0129098892211914 0.360321044921875 0.0555419921875
-0.0201873779296875 0.0023193359375 0.16253662109375 0.39178466796875
-0.000335931777954101 -0.0027003288269043 -0.20428466796875 0.43902587890625
-0.00956344604492188 0.0200061798095703 -0.2772216796875 0.161788940429687
-0.0115604400634766 0.0266265869140625 0.0743942260742188 0.0079345703125
-0.00954246520996094 0.0171585083007812 0.33642578125 -0.258331298828125
0.00245761871337891 0.0148658752441406 0.070648193359375 -0.4962158203125
-0.00655174255371094 0.00979995727539063 -0.3336181640625 -0.267913818359375
-0.0092172622680664 -0.00102710723876953 -0.31890869140625 0.102783203125
0.00891685485839844 -0.00431251525878906 -0.119979858398437 0.23028564453125
0.0123844146728516 -0.00565433502197266 0.0727691650390625 0.162628173828125
0.0132160186767578 -0.004852294921875 0.159927368164063 0.04510498046875
0.0169057846069336 0.00848960876464844 -0.143814086914063 -0.0957794189453125
0.0164985656738281 0.00596904754638672 -0.013031005859375 -0.193862915039063
0.00778436660766602 0.00636196136474609 0.211456298828125 -0.16064453125
-0.0162887573242188 0.00944232940673828 0.3626708984375 0.08087158203125
-0.0195941925048828 -0.0106544494628906 0.13922119140625 0.4061279296875
0.0134925842285156 -0.0182304382324219 -0.231231689453125 0.427154541015625
0.0162191390991211 0.0104732513427734 -0.279281616210938 0.142181396484375
0.0178794860839844 0.0226268768310547 0.0860748291015625 -0.00128936767578125
0.0115165710449219 0.00364589691162109 0.32513427734375 -0.281219482421875
0.00816059112548828 -0.00221586227416992 0.0384521484375 -0.499725341796875
-0.0107879638671875 0.00214862823486328 -0.345703125 -0.2440185546875
-0.0136117935180664 0.000224113464355471 -0.306549072265625 0.12213134765625
0.00535821914672852 -0.0010228157043457 -0.104461669921875 0.239578247070312
0.0101423263549805 -0.00109672546386719 0.0794830322265625 0.161605834960937
0.0136404037475586 0.000428199768066406 0.16253662109375 0.0405120849609375
0.016230583190918 0.012908935546875 -0.142440795898438 -0.0961151123046875
0.0134449005126953 0.0110893249511719 -0.01239013671875 -0.190628051757813
0.00211524963378906 0.0107812881469727 0.216018676757812 -0.151687622070313
-0.0206298828125 0.00633430480957031 0.363800048828125 0.0906982421875
-0.0178966522216797 -0.0262870788574219 0.12969970703125 0.409698486328125
0.0303001403808594 -0.0386619567871094 -0.24407958984375 0.41888427734375
0.0465850830078125 -0.0014495849609375 -0.2830810546875 0.13397216796875
0.0538825988769531 0.0182647705078125 0.0845565795898437 -0.00606536865234375
0.0355072021484375 -0.0125503540039063 0.31793212890625 -0.28924560546875
0.0130081176757813 -0.0230369567871094 0.027008056640625 -0.498748779296875
-0.0164346694946289 -0.00942802429199219 -0.3480224609375 -0.23583984375
-0.0186920166015625 0.00281143188476562 -0.299835205078125 0.12908935546875
0.00188112258911133 0.00452613830566406 -0.0969696044921875 0.242523193359375
0.00668191909790039 0.00422143936157227 0.082611083984375 0.162445068359375
0.012603759765625 0.00527286529541016 0.1654052734375 0.0386199951171875
0.0153532028198242 0.0173463821411133 -0.141632080078125 -0.0935516357421875
0.009002685546875 0.0177726745605469 -0.016448974609375 -0.186767578125
-0.00351715087890625 0.0166130065917969 0.210464477539063 -0.154266357421875
-0.0252685546875 0.00335502624511718 0.36358642578125 0.078460693359375
-0.0174217224121094 -0.0400238037109375 0.142730712890625 0.401763916015625
0.0455703735351563 -0.06109619140625 -0.231414794921875 0.422454833984375
0.0792922973632813 -0.0170822143554688 -0.290191650390625 0.1397705078125
0.0912704467773437 0.01165771484375 0.0672645568847656 -0.005523681640625
0.062103271484375 -0.0298576354980469 0.311859130859375 -0.281982421875
0.0208854675292969 -0.0447044372558594 0.03765869140625 -0.49749755859375
-0.0206031799316406 -0.0213298797607422 -0.343719482421875 -0.24615478515625
-0.0235309600830078 0.00404930114746094 -0.303802490234375 0.123046875
-0.00374794006347656 0.0115432739257812 -0.100448608398437 0.243667602539062
0.00202369689941406 0.0125102996826172 0.080963134765625 0.16583251953125
0.0114526748657227 0.0115566253662109 0.165939331054688 0.0406036376953125
0.01434326171875 0.0207443237304687 -0.141632080078125 -0.0865478515625
0.00480842590332031 0.0233268737792969 -0.0265350341796875 -0.1820068359375
-0.00760459899902344 0.0228939056396484 0.192718505859375 -0.165130615234375
-0.0291500091552734 0.00276756286621094 0.359405517578125 0.048248291015625
-0.020660400390625 -0.0518951416015625 0.174346923828125 0.380950927734375
0.0527572631835938 -0.0840072631835938 -0.195159912109375 0.43505859375
0.106185913085938 -0.0371627807617188 -0.29754638671875 0.162750244140625
0.126876831054688 0.006072998046875 0.0337886810302734 0.00176429748535156
0.0919265747070313 -0.0459518432617188 0.30889892578125 -0.256622314453125
0.0333518981933594 -0.0673141479492188 0.07049560546875 -0.49468994140625
-0.0234947204589844 -0.0374336242675781 -0.328948974609375 -0.277313232421875
-0.0293788909912109 0.00390052795410156 -0.318939208984375 0.0996093749999999
-0.00760841369628906 0.0177974700927734 -0.121109008789063 0.238967895507812
-0.00380325317382812 0.0208969116210938 0.07220458984375 0.173431396484375
0.0109701156616211 0.0167245864868164 0.166030883789063 0.048828125
0.0188045501708984 -0.00917243957519531 -0.156417846679688 -0.069793701171875
0.01336669921875 -0.00638008117675781 -0.0560760498046875 -0.195480346679688
0.0182399749755859 -0.000490188598632813 0.13360595703125 -0.223556518554687
0.00260829925537109 0.0140295028686523 0.333770751953125 -0.054779052734375
-0.0138158798217773 0.0151872634887695 0.2596435546875 0.308502197265625
-0.0100221633911133 0.00951480865478515 -0.070709228515625 0.477874755859375
-0.0254440307617187 0.0287075042724609 -0.27081298828125 0.249252319335938
-0.0367851257324219 0.0262374877929688 -0.00345611572265625 0.0420494079589844
-0.0327358245849609 0.0221042633056641 0.349761962890625 -0.165191650390625
-0.00591468811035156 0.0288314819335938 0.20196533203125 -0.46783447265625
-0.00308990478515625 0.0204010009765625 -0.265411376953125 -0.3677978515625
0.00127780437469482 0.000143766403198242 -0.365875244140625 0.0137023925781251
0.0169706344604492 -0.000120162963867187 -0.184951782226563 0.198013305664063
0.0116891860961914 -0.00812721252441406 0.0427398681640625 0.171249389648437
0.0130472183227539 -0.0171079635620117 0.154464721679687 0.0623321533203125
0.0182781219482422 -0.00542449951171875 -0.154739379882813 -0.0758209228515625
0.0168285369873047 -0.00709915161132812 -0.04559326171875 -0.196762084960938
0.0179653167724609 -0.00283432006835937 0.153961181640625 -0.209518432617188
-9.25064086914049E-05 0.0147438049316406 0.34423828125 -0.022491455078125
-0.0157308578491211 0.016077995300293 0.23187255859375 0.33624267578125
-0.0111570358276367 0.0117645263671875 -0.111236572265625 0.46917724609375
-0.0288066864013672 0.0318317413330078 -0.273483276367188 0.221099853515625
-0.0397109985351562 0.0279769897460938 0.022857666015625 0.0312938690185547
-0.0336666107177734 0.0249843597412109 0.348297119140625 -0.197021484375
-0.00491714477539062 0.0307445526123047 0.1556396484375 -0.47979736328125
-0.00266075134277344 0.0202007293701172 -0.294677734375 -0.331695556640625
-0.00156569480895996 -0.000968337059020996 -0.353271484375 0.0471496582031251
0.0145654678344727 -0.00371551513671875 -0.161849975585938 0.210556030273437
0.0136709213256836 -0.00958919525146484 0.0554656982421875 0.167510986328125
0.013519287109375 -0.0126419067382813 0.157516479492188 0.0535888671875
0.0188980102539063 -0.00207328796386719 -0.151626586914063 -0.0826263427734375
0.0186233520507813 -0.00363540649414063 -0.0346527099609375 -0.197601318359375
0.0164718627929688 -0.00170230865478516 0.176681518554688 -0.195266723632813
-0.00613498687744141 0.014653205871582 0.354583740234375 0.014678955078125
-0.0186176300048828 0.0115718841552734 0.2010498046875 0.364898681640625
-0.00833940505981445 0.008087158203125 -0.153900146484375 0.456878662109375
-0.0246410369873047 0.0277481079101562 -0.274581909179687 0.193069458007813
-0.0314998626708984 0.0291042327880859 0.0525856018066406 0.0189399719238281
-0.0252342224121094 0.0244579315185547 0.342071533203125 -0.235107421875
-0.00249862670898437 0.0262928009033203 0.10308837890625 -0.493438720703125
-0.00266361236572266 0.0173540115356445 -0.322174072265625 -0.29510498046875
-0.00507068634033203 -0.00093221664428711 -0.3365478515625 0.080596923828125
0.0127172470092773 -0.00576686859130859 -0.137130737304688 0.224090576171875
0.0143108367919922 -0.00740909576416016 0.06622314453125 0.165557861328125
0.0136508941650391 -0.0110292434692383 0.15899658203125 0.0485687255859375
0.0173606872558594 0.00206756591796875 -0.149139404296875 -0.08935546875
0.0181598663330078 0.000974655151367187 -0.024627685546875 -0.195571899414063
0.0121746063232422 0.00229930877685547 0.196395874023438 -0.17779541015625
-0.0104312896728516 0.0141067504882813 0.3609619140625 0.05157470703125
-0.0203514099121094 0.00240516662597656 0.16802978515625 0.38824462890625
-0.000727653503417969 -0.00267243385314941 -0.1982421875 0.441741943359375
-0.00921630859375 0.0211124420166016 -0.276031494140625 0.165618896484375
-0.0121746063232422 0.0269489288330078 0.073699951171875 0.00635528564453125
-0.00927162170410156 0.0170841217041016 0.333984375 -0.2626953125
0.00221729278564453 0.0150308609008789 0.0631103515625 -0.498016357421875
-0.00624656677246094 0.00961112976074219 -0.3385009765625 -0.261871337890625
-0.00957965850830078 -0.00164413452148438 -0.31756591796875 0.10797119140625
0.00959110260009765 -0.00385951995849609 -0.11627197265625 0.233749389648438
0.0130558013916016 -0.00650596618652344 0.075775146484375 0.162200927734375
0.0125770568847656 -0.00547599792480469 0.162078857421875 0.042388916015625
0.0164451599121094 0.00789833068847656 -0.14605712890625 -0.0934600830078125
0.0162410736083984 0.00441265106201172 -0.0165557861328125 -0.193115234375
0.00833368301391602 0.00583982467651367 0.209747314453125 -0.162612915039063
-0.0161552429199219 0.00962066650390625 0.363861083984375 0.076080322265625
-0.0192813873291016 -0.0102825164794922 0.146392822265625 0.403656005859375
0.0136375427246094 -0.0195121765136719 -0.22369384765625 0.429107666015625
0.0159082412719727 0.0105524063110352 -0.277420043945313 0.146652221679688
0.0192966461181641 0.0231151580810547 0.0854263305664062 -0.002960205078125
0.0110416412353516 0.00444602966308594 0.320526123046875 -0.285400390625
0.00811672210693359 -0.00198554992675781 0.031585693359375 -0.4991455078125
-0.0110235214233398 0.00156307220458984 -0.348876953125 -0.239166259765625
-0.0151901245117187 0.00104141235351562 -0.305908203125 0.12725830078125
0.0054011344909668 -0.00106239318847656 -0.1007080078125 0.241195678710938
0.00922012329101563 -0.00110912322998047 0.0825958251953125 0.1607666015625
0.012359619140625 0.000438690185546875 0.16339111328125 0.0369873046875
0.0157546997070313 0.012883186340332 -0.144622802734375 -0.0928497314453125
0.0137147903442383 0.0103921890258789 -0.0155181884765625 -0.189239501953125
0.00197505950927734 0.0106334686279297 0.21246337890625 -0.154922485351562
-0.0204200744628906 0.00737380981445312 0.3656005859375 0.084564208984375
-0.018707275390625 -0.0245952606201172 0.134918212890625 0.40765380859375
0.0301666259765625 -0.0391921997070313 -0.23699951171875 0.42236328125
0.04620361328125 -0.00209426879882812 -0.2822265625 0.137420654296875
0.053924560546875 0.0181503295898438 0.0833740234375 -0.007904052734375
0.0357322692871094 -0.0127677917480469 0.313201904296875 -0.293853759765625
0.0122108459472656 -0.0233592987060547 0.020050048828125 -0.499542236328125
-0.0159587860107422 -0.00892353057861328 -0.3521728515625 -0.23028564453125
-0.0185737609863281 0.00234222412109375 -0.297698974609375 0.133392333984375
0.00161075592041016 0.00388336181640625 -0.0928955078125 0.243621826171875
0.00737953186035156 0.00438976287841797 0.08551025390625 0.161865234375
0.0129909515380859 0.00571250915527344 0.166549682617188 0.035675048828125
0.0151462554931641 0.0176887512207031 -0.143173217773438 -0.0916290283203125
0.00985527038574219 0.0169706344604492 -0.0194549560546875 -0.1856689453125
-0.00296211242675781 0.0170183181762695 0.2083740234375 -0.15576171875
-0.0240669250488281 0.00409126281738281 0.36468505859375 0.07501220703125
-0.0180892944335937 -0.0403976440429687 0.148284912109375 0.4002685546875
0.0446128845214844 -0.0622062683105469 -0.22515869140625 0.426300048828125
0.079376220703125 -0.0179977416992188 -0.288726806640625 0.145172119140625
0.0923690795898438 0.0110549926757813 0.0666122436523438 -0.00629425048828125
0.061004638671875 -0.0306930541992187 0.308685302734375 -0.2862548828125
0.0202102661132812 -0.0451736450195313 0.03106689453125 -0.50067138671875
-0.0214500427246094 -0.0211391448974609 -0.347076416015625 -0.2403564453125
-0.0241336822509766 0.00480079650878907 -0.3006591796875 0.128143310546875
-0.00335502624511719 0.0112771987915039 -0.0968170166015625 0.245071411132813
0.00212860107421875 0.0132207870483398 0.08453369140625 0.164337158203125
0.0118179321289062 0.0116939544677734 0.166885375976563 0.0374755859375
0.0151500701904297 0.0212039947509766 -0.144119262695313 -0.0847320556640625
0.00516510009765625 0.0231361389160156 -0.0293426513671875 -0.180496215820313
-0.00795555114746094 0.0231723785400391 0.191635131835938 -0.166961669921875
-0.0285472869873047 0.00415229797363281 0.36077880859375 0.04364013671875
-0.0216255187988281 -0.051483154296875 0.18060302734375 0.379669189453125
0.0515213012695313 -0.0866317749023438 -0.189239501953125 0.44097900390625
0.105300903320313 -0.0379714965820313 -0.29595947265625 0.16680908203125
0.126800537109375 0.00385284423828125 0.0329837799072266 0.000452041625976563
0.0908432006835938 -0.046844482421875 0.306610107421875 -0.260467529296875
0.0320243835449219 -0.0670013427734375 0.063446044921875 -0.4962158203125
-0.0237846374511719 -0.0364494323730469 -0.3333740234375 -0.2735595703125
-0.0290889739990234 0.00456809997558594 -0.316131591796875 0.106353759765625
-0.00718212127685547 0.0173139572143555 -0.11590576171875 0.241958618164063
-0.0039825439453125 0.0210819244384766 0.075347900390625 0.172576904296875
0.0106821060180664 0.0165367126464844 0.167861938476563 0.044921875
0.0187892913818359 -0.00894927978515625 -0.157806396484375 -0.06671142578125
0.0138063430786133 -0.00676155090332031 -0.0593719482421875 -0.193313598632812
0.0195293426513672 -0.00101280212402344 0.127700805664062 -0.22479248046875
0.00359535217285156 0.0142040252685547 0.331756591796875 -0.059417724609375
-0.0125865936279297 0.0155849456787109 0.264129638671875 0.30438232421875
-0.00910758972167969 0.00937652587890625 -0.062957763671875 0.478302001953125
-0.0272655487060547 0.0299320220947266 -0.267364501953125 0.25250244140625
-0.0376472473144531 0.0275688171386719 -0.005279541015625 0.0409317016601563
-0.0325660705566406 0.0226612091064453 0.345367431640625 -0.1697998046875
-0.00522041320800781 0.0284690856933594 0.1949462890625 -0.47100830078125
-0.00289344787597656 0.0208339691162109 -0.271881103515625 -0.362335205078125
-0.000138342380523682 0.000620543956756592 -0.364471435546875 0.0206298828125
0.0157499313354492 -0.000376701354980469 -0.180984497070313 0.201248168945313
0.0120477676391602 -0.00803852081298828 0.0459747314453125 0.168548583984375
0.0121898651123047 -0.0160665512084961 0.156112670898438 0.058563232421875
0.0193996429443359 -0.00638771057128906 -0.156723022460937 -0.072052001953125
0.0159826278686523 -0.00728607177734375 -0.0510101318359375 -0.194244384765625
0.0184116363525391 -0.00327301025390625 0.1490478515625 -0.2109375
-0.000580787658691408 0.0162010192871094 0.34307861328125 -0.027252197265625
-0.0143404006958008 0.0169200897216797 0.2373046875 0.332550048828125
-0.0102167129516602 0.0123281478881836 -0.105560302734375 0.4691162109375
-0.0297279357910156 0.0318527221679688 -0.269729614257813 0.224533081054687
-0.0401458740234375 0.0289764404296875 0.0234947204589844 0.0302238464355469
-0.0328826904296875 0.0268001556396484 0.343597412109375 -0.2015380859375
-0.00523948669433594 0.0312786102294922 0.147491455078125 -0.481658935546875
-0.00181770324707031 0.0198783874511719 -0.3001708984375 -0.32733154296875
-0.00161921977996826 -0.00111293792724609 -0.351318359375 0.05328369140625
0.0154924392700195 -0.00368499755859375 -0.156707763671875 0.212814331054688
0.0125198364257813 -0.00876712799072266 0.0573883056640625 0.166915893554688
0.0123767852783203 -0.0138521194458008 0.158203125 0.0517425537109375
0.0181007385253906 -0.00180244445800781 -0.153472900390625 -0.081756591796875
0.0180244445800781 -0.004241943359375 -0.037628173828125 -0.196258544921875
0.0161752700805664 -0.00119113922119141 0.17254638671875 -0.197555541992187
-0.00426197052001953 0.0163059234619141 0.354034423828125 0.010406494140625
-0.0176124572753906 0.0129585266113281 0.205810546875 0.360931396484375
-0.00788497924804688 0.0071406364440918 -0.147369384765625 0.45928955078125
-0.0239830017089844 0.0284957885742188 -0.272003173828125 0.195632934570312
-0.0309886932373047 0.0294857025146484 0.0525741577148438 0.0172843933105469
-0.0263462066650391 0.024566650390625 0.33819580078125 -0.236663818359375
-0.000904083251953123 0.0256996154785156 0.0961303710937501 -0.49298095703125
-0.0016317367553711 0.0167722702026367 -0.32568359375 -0.28955078125
-0.00532436370849609 -0.00180864334106445 -0.33416748046875 0.085601806640625
0.0126323699951172 -0.00588798522949219 -0.133377075195313 0.225341796875
0.0133647918701172 -0.00828170776367188 0.0684661865234375 0.163894653320313
0.0133180618286133 -0.0101318359375 0.160369873046875 0.04498291015625
0.018280029296875 0.002105712890625 -0.150909423828125 -0.08636474609375
0.0190391540527344 -0.00119400024414063 -0.0280303955078125 -0.194732666015625
0.0132036209106445 0.000990867614746094 0.193374633789063 -0.179840087890625
-0.00913810729980469 0.0145292282104492 0.361846923828125 0.04559326171875
-0.0203857421875 0.00403213500976562 0.17474365234375 0.386566162109375
-9.44137573242186E-05 -0.00270152091979981 -0.19012451171875 0.442962646484375
-0.00921630859375 0.0209407806396484 -0.273635864257813 0.168258666992187
-0.011749267578125 0.0275745391845703 0.0735321044921875 0.00431060791015625
-0.00902938842773438 0.0192012786865234 0.32843017578125 -0.268035888671875
0.00227260589599609 0.014378547668457 0.0556640625 -0.49688720703125
-0.00586509704589844 0.00906753540039062 -0.342620849609375 -0.257598876953125
-0.00919055938720703 -0.000863075256347657 -0.315338134765625 0.11334228515625
0.00917911529541016 -0.00533008575439453 -0.1112060546875 0.234756469726562
0.0117559432983398 -0.00479602813720703 0.0782318115234375 0.160476684570313
0.0128965377807617 -0.00576972961425781 0.163681030273438 0.0380401611328125
0.0159072875976563 0.00707054138183594 -0.148590087890625 -0.08990478515625
0.0167398452758789 0.00481128692626953 -0.0209197998046875 -0.192962646484375
0.00826311111450195 0.00568675994873047 0.20623779296875 -0.166213989257813
-0.0160989761352539 0.011042594909668 0.365447998046875 0.070098876953125
-0.0199794769287109 -0.0112895965576172 0.15106201171875 0.40142822265625
0.0129451751708984 -0.0193672180175781 -0.21771240234375 0.4327392578125
0.0149774551391602 0.00999736785888672 -0.275634765625 0.1495361328125
0.0178565979003906 0.0229778289794922 0.0845489501953125 -0.004730224609375
0.0102910995483398 0.00411605834960938 0.3177490234375 -0.289276123046875
0.00909423828125 -0.00125694274902344 0.0245361328125 -0.50030517578125
-0.00984668731689453 0.00172233581542969 -0.35247802734375 -0.23370361328125
-0.014307975769043 0.00149154663085937 -0.302581787109375 0.130279541015625
0.00550699234008789 -5.57899475097656E-05 -0.096466064453125 0.242645263671875
0.00941181182861328 -0.00111675262451172 0.0852203369140625 0.158599853515625
0.0124111175537109 -0.000542640686035156 0.164718627929688 0.0349578857421875
0.0166044235229492 0.0126485824584961 -0.146942138671875 -0.090240478515625
0.0133790969848633 0.0112285614013672 -0.0197906494140625 -0.186676025390625
0.00237560272216797 0.010833740234375 0.210601806640625 -0.155853271484375
-0.0208644866943359 0.0078582763671875 0.365509033203125 0.0799560546875
-0.0192909240722656 -0.0240039825439453 0.141876220703125 0.406494140625
0.029052734375 -0.0391731262207031 -0.23089599609375 0.42510986328125
0.0467414855957031 -0.0035247802734375 -0.280441284179688 0.142074584960937
0.0550155639648438 0.018157958984375 0.0821685791015625 -0.00817108154296875
0.0350437164306641 -0.013153076171875 0.308502197265625 -0.298004150390625
0.0123958587646484 -0.0216503143310547 0.012786865234375 -0.50006103515625
-0.0159406661987305 -0.00854015350341797 -0.354522705078125 -0.22454833984375
-0.0188541412353516 0.00395584106445312 -0.29449462890625 0.1392822265625
0.00176358222961426 0.00308012962341309 -0.088043212890625 0.244827270507813
0.00680160522460938 0.00411367416381836 0.0879669189453125 0.1597900390625
0.0122241973876953 0.00603485107421875 0.165756225585938 0.0322265625
0.0153141021728516 0.0171365737915039 -0.145248413085937 -0.08721923828125
0.00911998748779297 0.016362190246582 -0.0238800048828125 -0.183990478515625
-0.00298213958740234 0.0168771743774414 0.205032348632813 -0.159500122070313
-0.0234394073486328 0.00468254089355468 0.365631103515625 0.068389892578125
-0.0182838439941406 -0.0394783020019531 0.154083251953125 0.398406982421875
0.043853759765625 -0.0622215270996094 -0.218292236328125 0.4290771484375
0.077362060546875 -0.0189971923828125 -0.28729248046875 0.148223876953125
0.0911026000976563 0.01080322265625 0.066436767578125 -0.0079193115234375
0.0611801147460938 -0.0305366516113281 0.30389404296875 -0.289398193359375
0.0195274353027344 -0.0442924499511719 0.02398681640625 -0.498504638671875
-0.0215492248535156 -0.0211105346679688 -0.3504638671875 -0.233642578125
-0.0234241485595703 0.00501632690429688 -0.299560546875 0.13232421875
-0.00447177886962891 0.0121669769287109 -0.0910491943359375 0.247039794921875
0.00227737426757812 0.0122957229614258 0.0868377685546875 0.163223266601562
0.0106649398803711 0.0113525390625 0.167510986328125 0.0353851318359375
0.0143375396728516 0.0203990936279297 -0.14605712890625 -0.0825958251953125
0.00383377075195313 0.0217761993408203 -0.032501220703125 -0.18011474609375
-0.0082244873046875 0.0232295989990234 0.187744140625 -0.168746948242188
-0.0283031463623047 0.00565719604492188 0.361083984375 0.038360595703125
-0.0224151611328125 -0.0503463745117188 0.185577392578125 0.37591552734375
0.0499649047851562 -0.0870742797851563 -0.182830810546875 0.44134521484375
0.104164123535156 -0.0395126342773437 -0.293121337890625 0.17108154296875
0.127494812011719 0.00298309326171875 0.0323867797851563 0.000314712524414063
0.0897598266601563 -0.045654296875 0.2999267578125 -0.262664794921875
0.0311241149902344 -0.0670700073242188 0.0570068359375 -0.497314453125
-0.0239448547363281 -0.0365257263183594 -0.33746337890625 -0.267974853515625
-0.0292243957519531 0.00497245788574219 -0.31561279296875 0.1099853515625
-0.00754165649414063 0.0192012786865234 -0.111709594726563 0.24237060546875
-0.00351905822753906 0.0224399566650391 0.0773773193359375 0.170501708984375
0.0117454528808594 0.0167598724365234 0.167922973632813 0.043548583984375
0.0184650421142578 -0.00966262817382813 -0.15814208984375 -0.063995361328125
0.0132226943969727 -0.00787639617919922 -0.063995361328125 -0.192245483398438
0.01849365234375 -0.00187301635742187 0.12359619140625 -0.224807739257813
0.00344371795654297 0.0153493881225586 0.32916259765625 -0.063323974609375
-0.013249397277832 0.0165977478027344 0.267913818359375 0.299224853515625
-0.00909900665283203 0.00934219360351563 -0.055572509765625 0.47772216796875
-0.0248165130615234 0.0293922424316406 -0.2618408203125 0.255874633789063
-0.0363349914550781 0.0275993347167969 -0.00349807739257813 0.0416679382324219
-0.032318115234375 0.0234832763671875 0.34283447265625 -0.173675537109375
-0.00476455688476562 0.0279006958007813 0.187255859375 -0.47100830078125
-0.00178337097167969 0.0206069946289063 -0.2757568359375 -0.3564453125
0.000602543354034424 0.000659406185150146 -0.36383056640625 0.02508544921875
0.0168771743774414 -0.00102996826171875 -0.17620849609375 0.2032470703125
0.0112571716308594 -0.00757694244384766 0.0481414794921875 0.168869018554687
0.0118045806884766 -0.0161409378051758 0.156631469726563 0.0561981201171875
0.0182151794433594 -0.00704574584960938 -0.156768798828125 -0.0696868896484375
0.0157556533813477 -0.00687980651855469 -0.0529022216796875 -0.192550659179688
0.0176849365234375 -0.00327301025390625 0.145278930664063 -0.212203979492188
0.000530242919921874 0.0158910751342773 0.341156005859375 -0.031982421875
-0.0145025253295898 0.0165328979492188 0.240142822265625 0.327545166015625
-0.0105733871459961 0.0118656158447266 -0.0972900390625 0.47027587890625
-0.0289459228515625 0.0318183898925781 -0.267074584960938 0.2281494140625
-0.0392494201660156 0.0300369262695313 0.0232143402099609 0.0303287506103516
-0.0330429077148438 0.0280284881591797 0.340087890625 -0.20611572265625
-0.00444793701171875 0.0305881500244141 0.141998291015625 -0.48187255859375
-0.00142288208007813 0.0205669403076172 -0.303466796875 -0.320892333984375
-0.00193548202514648 0.000222682952880859 -0.348114013671875 0.058929443359375
0.0146484375 -0.00442695617675781 -0.153335571289062 0.214614868164063
0.0134029388427734 -0.00969314575195313 0.0596771240234375 0.165130615234375
0.0115604400634766 -0.0142173767089844 0.158554077148438 0.0490875244140625
0.0186538696289062 -0.00304985046386719 -0.154251098632813 -0.077606201171875
0.0175189971923828 -0.00413703918457031 -0.041229248046875 -0.194168090820313
0.0168991088867188 -0.00141143798828125 0.169357299804688 -0.197341918945313
-0.00390148162841797 0.015782356262207 0.354095458984375 0.004486083984375
-0.0172767639160156 0.0124807357788086 0.21075439453125 0.35736083984375
-0.0078587532043457 0.00756597518920899 -0.140655517578125 0.45819091796875
-0.0239734649658203 0.0295524597167969 -0.268402099609375 0.19976806640625
-0.0306415557861328 0.0301170349121094 0.0512924194335938 0.0168190002441406
-0.0243682861328125 0.0263004302978516 0.33355712890625 -0.241546630859375
-0.00108718872070313 0.0262012481689453 0.090972900390625 -0.49298095703125
-0.00271034240722656 0.0164804458618164 -0.32861328125 -0.283416748046875
-0.00555038452148438 -0.000614643096923827 -0.332275390625 0.0908203125
0.0123252868652344 -0.00571155548095703 -0.128662109375 0.2259521484375
0.0133047103881836 -0.00848484039306641 0.0709228515625 0.161483764648438
0.0123128890991211 -0.0100564956665039 0.161483764648438 0.0424652099609375
0.018310546875 0.00175666809082031 -0.151702880859375 -0.0834197998046875
0.0175189971923828 -0.000288963317871094 -0.0308990478515625 -0.1929931640625
0.012446403503418 0.00146007537841797 0.189071655273438 -0.1800537109375
-0.00963783264160156 0.0146799087524414 0.361236572265625 0.04052734375
-0.0200042724609375 0.00382614135742188 0.17913818359375 0.381256103515625
-0.000456809997558594 -0.00309252738952637 -0.18359375 0.44317626953125
-0.00939559936523438 0.0211868286132813 -0.27099609375 0.172012329101562
-0.0102214813232422 0.0280971527099609 0.072418212890625 0.004364013671875
-0.00969886779785157 0.0187473297119141 0.323577880859375 -0.2713623046875
0.0032806396484375 0.0145864486694336 0.049530029296875 -0.49700927734375
-0.00516700744628906 0.0105619430541992 -0.343780517578125 -0.250701904296875
-0.00959396362304688 -0.000136375427246095 -0.313140869140625 0.117919921875
0.00824451446533203 -0.00459814071655274 -0.10662841796875 0.23504638671875
0.011897087097168 -0.00652408599853516 0.0811767578125 0.15765380859375
0.0123167037963867 -0.00522518157958984 0.163345336914063 0.0362396240234375
0.0174007415771484 0.00734233856201172 -0.149642944335937 -0.08721923828125
0.0163288116455078 0.00532150268554688 -0.02435302734375 -0.190963745117188
0.00798416137695313 0.00520658493041992 0.202926635742188 -0.16668701171875
-0.0152873992919922 0.0122737884521484 0.365570068359375 0.06494140625
-0.0204925537109375 -0.00984764099121094 0.1566162109375 0.3984375
0.0125961303710938 -0.0197010040283203 -0.210968017578125 0.4339599609375
0.0155267715454102 0.010350227355957 -0.273544311523437 0.1533203125
0.0190887451171875 0.0233688354492188 0.0829391479492188 -0.0050811767578125
0.0113010406494141 0.00467014312744141 0.311370849609375 -0.2933349609375
0.00792026519775391 -0.00189447402954102 0.016021728515625 -0.49884033203125
-0.0101842880249023 0.0017709732055664 -0.35467529296875 -0.22711181640625
-0.0146446228027344 0.00110721588134766 -0.29913330078125 0.135650634765625
0.00516843795776367 -0.00146198272705078 -0.0912017822265625 0.24298095703125
0.0100440979003906 -0.00184726715087891 0.0874786376953125 0.156036376953125
0.0120105743408203 -0.000561714172363281 0.165206909179688 0.0320587158203125
0.0165796279907227 0.0124998092651367 -0.147659301757813 -0.087615966796875
0.0130271911621094 0.0102481842041016 -0.0223541259765625 -0.186752319335938
0.00217914581298828 0.0102910995483398 0.206985473632812 -0.158889770507813
-0.0199508666992187 0.00773048400878906 0.365081787109375 0.0733642578125
-0.0192775726318359 -0.0247993469238281 0.147064208984375 0.402801513671875
0.0287628173828125 -0.0403823852539063 -0.223785400390625 0.427032470703125
0.046478271484375 -0.0029144287109375 -0.277587890625 0.145095825195313
0.0539932250976563 0.0177421569824219 0.0812149047851562 -0.00986480712890625
0.0344638824462891 -0.0129661560058594 0.302734375 -0.30126953125
0.0128135681152344 -0.0225582122802734 0.00656127929687504 -0.497406005859375
-0.0157966613769531 -0.00882244110107422 -0.355865478515625 -0.219818115234375
-0.01873779296875 0.0041961669921875 -0.29193115234375 0.14306640625
0.00200438499450684 0.0043492317199707 -0.08380126953125 0.246475219726563
0.00724554061889648 0.00382280349731445 0.0902099609375 0.157470703125
0.0117740631103516 0.00428867340087891 0.167327880859375 0.029693603515625
0.016047477722168 0.0165309906005859 -0.147171020507813 -0.085357666015625
0.00928211212158203 0.016545295715332 -0.02703857421875 -0.182861328125
-0.00213909149169922 0.0161075592041016 0.20147705078125 -0.160598754882813
-0.0240249633789062 0.00545692443847656 0.3648681640625 0.0634765625
-0.0191154479980469 -0.0389633178710938 0.15869140625 0.395050048828125
0.0424880981445313 -0.0625762939453125 -0.21295166015625 0.431060791015625
0.0768814086914062 -0.0194931030273438 -0.284820556640625 0.1513671875
0.0915374755859375 0.0095367431640625 0.0655479431152344 -0.00826263427734375
0.06097412109375 -0.0315170288085938 0.2979736328125 -0.292755126953125
0.0188331604003906 -0.0447120666503906 0.0166015625 -0.49822998046875
-0.020965576171875 -0.0206680297851562 -0.352813720703125 -0.22918701171875
-0.0242290496826172 0.00528526306152344 -0.29583740234375 0.13677978515625
-0.00359249114990234 0.01190185546875 -0.08660888671875 0.2474365234375
0.0021371841430664 0.0127553939819336 0.0887908935546875 0.160491943359375
0.0115499496459961 0.0109682083129883 0.168838500976563 0.0316162109375
0.0153121948242187 0.0195255279541016 -0.14727783203125 -0.0782928466796875
0.00542640686035156 0.0222587585449219 -0.0364532470703125 -0.178619384765625
-0.006988525390625 0.0233707427978516 0.183868408203125 -0.170822143554688
-0.0275096893310547 0.00501060485839843 0.35931396484375 0.032684326171875
-0.022857666015625 -0.0503997802734375 0.1900634765625 0.372100830078125
0.0486602783203125 -0.08807373046875 -0.17559814453125 0.441864013671875
0.103111267089844 -0.0402603149414063 -0.290863037109375 0.1748046875
0.127235412597656 0.00160980224609375 0.0316562652587891 0.000753402709960938
0.0899124145507813 -0.0480194091796875 0.2965087890625 -0.266265869140625
0.0311775207519531 -0.0677719116210938 0.050628662109375 -0.4954833984375
-0.0243110656738281 -0.0360336303710938 -0.339752197265625 -0.26190185546875
-0.02880859375 0.00535202026367188 -0.311859130859375 0.114288330078125
-0.00721931457519531 0.0181922912597656 -0.107803344726562 0.243850708007813
-0.00309181213378906 0.0213909149169922 0.080322265625 0.168777465820313
0.01007080078125 0.0162353515625 0.167816162109375 0.0392608642578125
0.0185489654541016 -0.0109710693359375 -0.158950805664063 -0.06072998046875
0.0128421783447266 -0.00775051116943359 -0.065643310546875 -0.188552856445313
0.0186786651611328 -0.00216484069824219 0.1202392578125 -0.2247314453125
0.00412559509277344 0.0153322219848633 0.327117919921875 -0.066864013671875
-0.0126514434814453 0.0167140960693359 0.27032470703125 0.294891357421875
-0.00933074951171875 0.00984859466552734 -0.049591064453125 0.4757080078125
-0.0247898101806641 0.0298061370849609 -0.25921630859375 0.258010864257813
-0.0349636077880859 0.0282363891601562 -0.00385284423828125 0.0412788391113281
-0.0327377319335937 0.0247249603271484 0.338775634765625 -0.17645263671875
-0.00488853454589844 0.0277690887451172 0.18243408203125 -0.471099853515625
-0.000394821166992186 0.0200767517089844 -0.278045654296875 -0.35198974609375
0.000931143760681152 0.000779986381530762 -0.36248779296875 0.030059814453125
0.0169925689697266 -0.00122642517089844 -0.172927856445312 0.205062866210938
0.0116672515869141 -0.00738811492919922 0.050079345703125 0.167129516601563
0.0119047164916992 -0.0168924331665039 0.156967163085938 0.0543670654296875
0.0182514190673828 -0.00764274597167969 -0.15771484375 -0.0668792724609375
0.0159292221069336 -0.00739479064941406 -0.0562286376953125 -0.190933227539063
0.0182209014892578 -0.0035400390625 0.141738891601563 -0.212387084960938
0.000632286071777345 0.0164899826049805 0.338165283203125 -0.035400390625
-0.0153579711914063 0.0173845291137695 0.243865966796875 0.323760986328125
-0.0102348327636719 0.0116672515869141 -0.091796875 0.468231201171875
-0.0278644561767578 0.0326080322265625 -0.262649536132812 0.230499267578125
-0.0377960205078125 0.0306282043457031 0.0229644775390625 0.0295486450195313
-0.0324497222900391 0.0284347534179688 0.337677001953125 -0.207672119140625
-0.00376701354980469 0.0304126739501953 0.13592529296875 -0.4803466796875
-0.00130462646484375 0.0200099945068359 -0.304443359375 -0.314971923828125
-0.00182926654815674 -0.000779867172241211 -0.347015380859375 0.06390380859375
0.0143280029296875 -0.00436592102050781 -0.149246215820312 0.215362548828125
0.0128593444824219 -0.00947380065917969 0.0624237060546875 0.163787841796875
0.0118417739868164 -0.0142288208007813 0.159072875976563 0.0465545654296875
0.0186347961425781 -0.00397872924804688 -0.155853271484375 -0.0750885009765625
0.0180435180664063 -0.00425910949707031 -0.0448150634765625 -0.192214965820313
0.0159034729003906 -0.00248050689697266 0.16448974609375 -0.198089599609375
-0.00377559661865235 0.0158414840698242 0.35150146484375 0.002044677734375
-0.0175333023071289 0.0127172470092773 0.21453857421875 0.35430908203125
-0.00717353820800781 0.0077519416809082 -0.1348876953125 0.458282470703125
-0.0234642028808594 0.0289363861083984 -0.2652587890625 0.20184326171875
-0.0300846099853516 0.0309734344482422 0.051300048828125 0.015960693359375
-0.0244808197021484 0.0275993347167969 0.328338623046875 -0.245330810546875
-0.000890731811523437 0.0260944366455078 0.084503173828125 -0.490386962890625
-0.00247573852539063 0.0163726806640625 -0.33013916015625 -0.277984619140625
-0.0059208869934082 -0.00134372711181641 -0.3287353515625 0.0953369140625
0.0118341445922852 -0.00601768493652344 -0.124786376953125 0.228042602539062
0.0136280059814453 -0.00839900970458984 0.072418212890625 0.160385131835937
0.012293815612793 -0.0106420516967773 0.161392211914062 0.039947509765625
0.0176944732666016 0.00124168395996094 -0.152420043945313 -0.0797576904296875
0.0178012847900391 -0.0015716552734375 -0.03485107421875 -0.19085693359375
0.012486457824707 0.001068115234375 0.184890747070313 -0.182113647460938
-0.00934982299804688 0.0149555206298828 0.360198974609375 0.035614013671875
-0.0199260711669922 0.0035858154296875 0.182647705078125 0.378692626953125
-0.000482320785522461 -0.0033104419708252 -0.17767333984375 0.4454345703125
-0.00894546508789062 0.0216102600097656 -0.268112182617188 0.174957275390625
-0.00987815856933594 0.0279312133789063 0.0712356567382813 0.00341033935546875
-0.00872421264648437 0.0187168121337891 0.31866455078125 -0.274810791015625
0.003509521484375 0.0146265029907227 0.0439453125 -0.494415283203125
-0.00573825836181641 0.0105619430541992 -0.34527587890625 -0.244659423828125
-0.0100612640380859 -0.000126838684082032 -0.309844970703125 0.12139892578125
0.00884628295898438 -0.00537204742431641 -0.102340698242188 0.235626220703125
0.0124578475952148 -0.00688457489013672 0.0825653076171875 0.155929565429688
0.0114803314208984 -0.00550937652587891 0.162765502929688 0.0335540771484375
0.0169591903686523 0.00650215148925781 -0.150390625 -0.084686279296875
0.0161628723144531 0.00438117980957031 -0.02783203125 -0.188491821289063
0.00814294815063477 0.00552654266357422 0.199554443359375 -0.168594360351563
-0.0146875381469727 0.0123262405395508 0.36346435546875 0.06024169921875
-0.0208053588867188 -0.00863838195800781 0.16204833984375 0.394439697265625
0.0125370025634766 -0.0200386047363281 -0.2052001953125 0.43365478515625
0.015406608581543 0.0101099014282227 -0.270309448242188 0.15582275390625
0.0195045471191406 0.0232276916503906 0.0821304321289063 -0.00580596923828125
0.0107698440551758 0.00571727752685547 0.306396484375 -0.294281005859375
0.00758075714111328 -0.00237131118774414 0.011932373046875 -0.49530029296875
-0.0100421905517578 0.00195121765136719 -0.355499267578125 -0.221710205078125
-0.0140380859375 0.00129032135009765 -0.295379638671875 0.13934326171875
0.00545310974121094 -0.00128650665283203 -0.0863189697265625 0.242996215820313
0.00981330871582031 -0.00190067291259766 0.089202880859375 0.154190063476563
0.0114250183105469 -0.000165939331054687 0.164413452148437 0.0295867919921875
0.0169792175292969 0.0119190216064453 -0.148651123046875 -0.0850830078125
0.0135612487792969 0.00981521606445313 -0.0261993408203125 -0.184844970703125
0.00264644622802734 0.0106897354125977 0.20361328125 -0.160675048828125
-0.0192375183105469 0.00857162475585938 0.365234375 0.069244384765625
-0.0195388793945312 -0.0241317749023438 0.152374267578125 0.399200439453125
0.0277328491210937 -0.041015625 -0.21795654296875 0.427459716796875
0.0457763671875 -0.00338363647460938 -0.275466918945313 0.14764404296875
0.0544090270996094 0.0164680480957031 0.0797882080078125 -0.0104522705078125
0.0346622467041016 -0.0129928588867188 0.297882080078125 -0.302734375
0.0119285583496094 -0.0225620269775391 0.00128173828124998 -0.496002197265625
-0.0157995223999023 -0.00880050659179687 -0.357574462890625 -0.212860107421875
-0.0191383361816406 0.00405120849609375 -0.28857421875 0.1463623046875
0.00188803672790527 0.00429773330688477 -0.079864501953125 0.24578857421875
0.00701379776000977 0.00494623184204102 0.0918426513671875 0.155548095703125
0.0117044448852539 0.00481796264648438 0.16668701171875 0.0274658203125
0.0157871246337891 0.0160398483276367 -0.148468017578125 -0.08258056640625
0.010004997253418 0.0157966613769531 -0.0292510986328125 -0.180419921875
-0.00162220001220703 0.016077995300293 0.197799682617188 -0.1619873046875
-0.0235137939453125 0.00603103637695312 0.365386962890625 0.058624267578125
-0.019805908203125 -0.0385971069335938 0.163909912109375 0.391326904296875
0.0407371520996094 -0.0637168884277344 -0.205413818359375 0.4302978515625
0.0763473510742188 -0.0201339721679688 -0.28192138671875 0.15472412109375
0.0909805297851562 0.00864410400390625 0.0634841918945313 -0.00892257690429688
0.0599746704101562 -0.0313453674316406 0.29278564453125 -0.293670654296875
0.0185317993164063 -0.0452537536621094 0.011932373046875 -0.49578857421875
-0.0215072631835938 -0.0207557678222656 -0.354095458984375 -0.224395751953125
-0.0235157012939453 0.00545501708984375 -0.29248046875 0.14031982421875
-0.00329494476318359 0.012242317199707 -0.0833282470703125 0.247055053710938
0.00243663787841797 0.0133047103881836 0.090423583984375 0.158905029296875
0.0106573104858398 0.0108127593994141 0.168350219726563 0.02911376953125
0.0153331756591797 0.0196685791015625 -0.1478271484375 -0.0752716064453125
0.0052032470703125 0.0230617523193359 -0.03912353515625 -0.175582885742188
-0.00572586059570313 0.0235023498535156 0.180938720703125 -0.171646118164063
-0.0267677307128906 0.00597190856933594 0.359283447265625 0.02911376953125
-0.023834228515625 -0.0497207641601563 0.194244384765625 0.368743896484375
0.046722412109375 -0.08831787109375 -0.169769287109375 0.4417724609375
0.101264953613281 -0.0412521362304688 -0.287261962890625 0.178375244140625
0.126106262207031 0.00032806396484375 0.0306568145751953 0.00042724609375
0.0888671875 -0.0478286743164063 0.291290283203125 -0.26861572265625
0.0305442810058594 -0.0673904418945313 0.044464111328125 -0.49481201171875
-0.0244789123535156 -0.0350189208984375 -0.341033935546875 -0.256072998046875
-0.0293865203857422 0.00571441650390624 -0.3079833984375 0.1181640625
-0.0070343017578125 0.0182895660400391 -0.103164672851563 0.243606567382812
-0.00239181518554688 0.0217075347900391 0.082550048828125 0.166839599609375
0.0103759765625 0.0160427093505859 0.16839599609375 0.036773681640625
0.0181827545166016 -0.0109539031982422 -0.1591796875 -0.0577850341796875
0.0127058029174805 -0.00742149353027344 -0.0688323974609375 -0.186126708984375
0.01824951171875 -0.00208473205566406 0.116455078125 -0.224380493164062
0.00481700897216797 0.0153789520263672 0.32318115234375 -0.07012939453125
-0.0115375518798828 0.0168886184692383 0.271331787109375 0.290313720703125
-0.00951194763183594 0.00921058654785156 -0.043365478515625 0.47222900390625
-0.0239124298095703 0.0299606323242188 -0.255386352539062 0.258255004882813
-0.0350017547607422 0.0286045074462891 -0.00393295288085938 0.0408973693847656
-0.0323848724365234 0.0261325836181641 0.334747314453125 -0.1788330078125
-0.003509521484375 0.0284099578857422 0.176483154296875 -0.469879150390625
-0.00091552734375 0.0193157196044922 -0.279449462890625 -0.345184326171875
0.000104963779449463 0.000847816467285156 -0.3590087890625 0.03485107421875
0.0162696838378906 -0.00116729736328125 -0.169036865234375 0.205520629882813
0.0120058059692383 -0.00803184509277344 0.0528717041015625 0.165435791015625
0.0109643936157227 -0.01678466796875 0.157257080078125 0.0517425537109375
0.0183696746826172 -0.00788116455078125 -0.157745361328125 -0.06353759765625
0.0158071517944336 -0.00847625732421875 -0.059173583984375 -0.18829345703125
0.0177211761474609 -0.00367927551269531 0.138259887695313 -0.212142944335938
0.000541687011718749 0.0160160064697266 0.335968017578125 -0.03863525390625
-0.0143318176269531 0.0172224044799805 0.24517822265625 0.319305419921875
-0.00967979431152344 0.0114803314208984 -0.08575439453125 0.464874267578125
-0.0273971557617188 0.0326690673828125 -0.258453369140625 0.231597900390625
-0.0366058349609375 0.0315361022949219 0.0230922698974609 0.0292339324951172
-0.0314350128173828 0.0294284820556641 0.331939697265625 -0.210418701171875
-0.00331687927246094 0.0309886932373047 0.130706787109375 -0.47991943359375
-0.000516891479492189 0.0201892852783203 -0.306304931640625 -0.310028076171875
-0.0021510124206543 -0.000364542007446289 -0.34356689453125 0.0670166015625
0.0137577056884766 -0.00430202484130859 -0.144515991210937 0.2159423828125
0.0125436782836914 -0.009185791015625 0.064422607421875 0.162033081054688
0.0104799270629883 -0.0146102905273438 0.159286499023438 0.0440216064453125
0.0179290771484375 -0.00292205810546875 -0.156341552734375 -0.07147216796875
0.017822265625 -0.00508499145507813 -0.0476226806640625 -0.190521240234375
0.0167140960693359 -0.00239753723144531 0.1597900390625 -0.198165893554688
-0.00317859649658203 0.0163688659667969 0.34930419921875 -0.00335693359375
-0.0181045532226563 0.0133476257324219 0.21636962890625 0.348114013671875
-0.00769615173339844 0.00754213333129883 -0.127471923828125 0.4569091796875
-0.0231685638427734 0.0295543670654297 -0.261917114257813 0.203369140625
-0.0292282104492187 0.0317592620849609 0.0499267578125 0.0151710510253906
-0.0248508453369141 0.0275421142578125 0.323028564453125 -0.2459716796875
-0.000244140625000003 0.0264453887939453 0.0797424316406251 -0.488494873046875
-0.00169277191162109 0.0164127349853516 -0.331329345703125 -0.271881103515625
-0.00589656829833984 -0.00093555450439453 -0.32623291015625 0.0995483398437501
0.0117015838623047 -0.00541019439697266 -0.12017822265625 0.227890014648437
0.0133504867553711 -0.00875663757324219 0.0752105712890625 0.158157348632813
0.01141357421875 -0.011052131652832 0.160720825195313 0.037872314453125
0.017974853515625 0.000911712646484375 -0.152969360351562 -0.0770416259765625
0.0179233551025391 -0.00165557861328125 -0.037078857421875 -0.188796997070313
0.0124778747558594 0.000875473022460938 0.181854248046875 -0.181640625
-0.00895977020263672 0.0146875381469727 0.35760498046875 0.0316162109375
-0.0204105377197266 0.00441169738769531 0.18603515625 0.375152587890625
-0.000764131546020508 -0.00402545928955078 -0.170684814453125 0.443878173828125
-0.00908660888671875 0.0218353271484375 -0.264266967773438 0.176162719726563
-0.00899124145507813 0.0279350280761719 0.0706253051757813 0.00301361083984375
-0.0087738037109375 0.0195388793945312 0.3133544921875 -0.2752685546875
0.00355148315429687 0.0147390365600586 0.037933349609375 -0.491241455078125
-0.00507354736328125 0.0102758407592773 -0.346466064453125 -0.239410400390625
-0.0104255676269531 -0.000282287597656252 -0.306396484375 0.12451171875
0.00813388824462891 -0.00553464889526367 -0.098602294921875 0.235397338867188
0.0122919082641602 -0.00729656219482422 0.08441162109375 0.15423583984375
0.0115165710449219 -0.00620174407958984 0.162261962890625 0.0311431884765625
0.0171213150024414 0.00624465942382813 -0.151153564453125 -0.081573486328125
0.0155315399169922 0.00343894958496094 -0.03082275390625 -0.187026977539063
0.00818586349487305 0.00470829010009766 0.195724487304687 -0.1693115234375
-0.0143966674804688 0.0125274658203125 0.362335205078125 0.05560302734375
-0.0211048126220703 -0.00806045532226563 0.165130615234375 0.390533447265625
0.0111274719238281 -0.0206623077392578 -0.198577880859375 0.43341064453125
0.0153913497924805 0.00995159149169922 -0.267410278320313 0.157440185546875
0.0193977355957031 0.0237522125244141 0.0805511474609375 -0.00673675537109375
0.0112524032592773 0.00518608093261719 0.30108642578125 -0.295989990234375
0.00801181793212891 -0.00221729278564453 0.00759887695312505 -0.493316650390625
-0.00982284545898437 0.00181770324707031 -0.356719970703125 -0.2159423828125
-0.0147914886474609 0.00114250183105469 -0.291748046875 0.141876220703125
0.00531387329101563 -0.0010991096496582 -0.0823211669921875 0.24212646484375
0.0105905532836914 -0.00173759460449219 0.0910491943359375 0.152206420898438
0.0109329223632813 -0.000971794128417969 0.165298461914063 0.0265350341796875
0.016688346862793 0.0117988586425781 -0.149246215820313 -0.0823516845703125
0.0127525329589844 0.00982475280761719 -0.028564453125 -0.18310546875
0.00281143188476563 0.00962162017822266 0.200271606445313 -0.16168212890625
-0.0188007354736328 0.00839424133300782 0.363433837890625 0.065338134765625
-0.0197868347167969 -0.0241413116455078 0.15594482421875 0.394378662109375
0.0269966125488281 -0.0411338806152344 -0.209930419921875 0.4268798828125
0.0450973510742188 -0.00339889526367188 -0.272232055664063 0.149642944335938
0.0547561645507813 0.015960693359375 0.0785140991210938 -0.0110626220703125
0.0331916809082031 -0.0125961303710938 0.291168212890625 -0.30218505859375
0.0115833282470703 -0.0230007171630859 -0.00418090820312499 -0.492767333984375
-0.0157489776611328 -0.00871086120605469 -0.357269287109375 -0.20733642578125
-0.0193290710449219 0.00461196899414063 -0.283935546875 0.1484375
0.00175285339355469 0.00386786460876465 -0.07489013671875 0.245773315429688
0.00687170028686524 0.00389480590820313 0.0936431884765625 0.152786254882813
0.0106525421142578 0.00382518768310547 0.165664672851563 0.0244903564453125
0.016118049621582 0.0158414840698242 -0.149078369140625 -0.0799102783203125
0.00913238525390625 0.0162334442138672 -0.0324859619140625 -0.178909301757813
-0.00204277038574219 0.0154085159301758 0.194488525390625 -0.16259765625
-0.0222625732421875 0.00698471069335938 0.362884521484375 0.053192138671875
-0.0207099914550781 -0.037445068359375 0.166839599609375 0.387420654296875
0.0396156311035156 -0.0645027160644531 -0.199981689453125 0.4300537109375
0.0755996704101563 -0.0215606689453125 -0.27825927734375 0.157058715820313
0.0907211303710937 0.00751495361328125 0.0624427795410156 -0.00891494750976563
0.0595855712890625 -0.0315017700195313 0.2882080078125 -0.295074462890625
0.0180625915527344 -0.0446243286132813 0.00546264648437504 -0.491546630859375
-0.0217342376708984 -0.0204620361328125 -0.35479736328125 -0.21807861328125
-0.0232772827148438 0.00632476806640625 -0.288726806640625 0.1427001953125
-0.0034341812133789 0.0120840072631836 -0.078582763671875 0.246810913085938
0.00310325622558594 0.0124740600585938 0.092132568359375 0.156005859375
0.0113210678100586 0.0108118057250977 0.167404174804688 0.0267181396484375
0.0151824951171875 0.0190982818603516 -0.148681640625 -0.072418212890625
0.00487327575683594 0.0218753814697266 -0.0417633056640625 -0.173828125
-0.00651168823242188 0.0229682922363281 0.1783447265625 -0.171844482421875
-0.0264511108398438 0.00594520568847657 0.356842041015625 0.0242919921875
-0.0240669250488281 -0.0492897033691406 0.197265625 0.364532470703125
0.0453338623046875 -0.0880126953125 -0.1632080078125 0.441741943359375
0.100906372070313 -0.0419540405273438 -0.283660888671875 0.17962646484375
0.126075744628906 -0.00107574462890625 0.0296764373779297 5.34057617187499E-05
0.0882568359375 -0.0486907958984375 0.28662109375 -0.269989013671875
0.0290718078613281 -0.0668067932128906 0.03851318359375 -0.491119384765625
-0.0249137878417969 -0.0347728729248047 -0.341949462890625 -0.249603271484375
-0.0289726257324219 0.00663185119628907 -0.30438232421875 0.12103271484375
-0.00688743591308594 0.0178241729736328 -0.0986328125 0.242919921875
-0.00230026245117188 0.0213260650634766 0.0840301513671875 0.16497802734375
0.00965690612792969 0.0159549713134766 0.167739868164062 0.035003662109375
0.0178318023681641 -0.0108222961425781 -0.159072875976562 -0.05609130859375
0.0130491256713867 -0.00791454315185547 -0.0709686279296875 -0.183761596679688
0.0184822082519531 -0.002899169921875 0.1124267578125 -0.22296142578125
0.0047922134399414 0.0162372589111328 0.31988525390625 -0.072479248046875
-0.0121335983276367 0.0168399810791016 0.2723388671875 0.285491943359375
-0.00924968719482422 0.00829601287841797 -0.038787841796875 0.469940185546875
-0.0232334136962891 0.0302696228027344 -0.250564575195312 0.258895874023438
-0.0341167449951172 0.0297393798828125 -0.003997802734375 0.0409049987792969
-0.0317344665527344 0.0265884399414063 0.32977294921875 -0.180267333984375
-0.00328826904296875 0.0279293060302734 0.17047119140625 -0.467498779296875
-0.000223159790039062 0.0201148986816406 -0.282501220703125 -0.339141845703125
-0.000220507383346558 0.000266045331954956 -0.35491943359375 0.038970947265625
0.0164194107055664 -0.00132465362548828 -0.164306640625 0.206649780273438
0.0117683410644531 -0.00809955596923828 0.0543975830078125 0.1644287109375
0.0103607177734375 -0.0169429779052734 0.157760620117188 0.0493621826171875
0.0171604156494141 -0.00834083557128906 -0.1583251953125 -0.0598602294921875
0.015315055847168 -0.0078582763671875 -0.061981201171875 -0.184799194335937
0.0177116394042969 -0.00398635864257813 0.133880615234375 -0.2110595703125
0.00148868560791016 0.0170125961303711 0.333221435546875 -0.041412353515625
-0.0142316818237305 0.017242431640625 0.246917724609375 0.31573486328125
-0.010009765625 0.0118179321289063 -0.08135986328125 0.463897705078125
-0.0269508361816406 0.0325336456298828 -0.254684448242188 0.232162475585937
-0.0362739562988281 0.0314750671386719 0.0222206115722656 0.0289802551269531
-0.0310955047607422 0.0297451019287109 0.327545166015625 -0.211334228515625
-0.00210952758789063 0.0307083129882813 0.125244140625 -0.476531982421875
-0.000846862792968751 0.0204315185546875 -0.30731201171875 -0.304229736328125
-0.00210916996002197 -0.000232338905334473 -0.340087890625 0.070281982421875
0.0144500732421875 -0.00537109375 -0.141494750976563 0.216583251953125
0.0130491256713867 -0.00991058349609375 0.0655059814453125 0.159881591796875
0.0104188919067383 -0.0141201019287109 0.158706665039063 0.0414886474609375
0.0182285308837891 -0.00387191772460938 -0.156509399414063 -0.0692138671875
0.0171527862548828 -0.00584125518798828 -0.0500946044921875 -0.187484741210938
0.0156145095825195 -0.00263214111328125 0.157211303710938 -0.197265625
-0.00241947174072266 0.0168323516845703 0.345977783203125 -0.0064697265625
-0.0170145034790039 0.0138683319091797 0.218048095703125 0.344696044921875
-0.00711345672607422 0.00734901428222656 -0.123687744140625 0.454132080078125
-0.0232524871826172 0.0297870635986328 -0.2589111328125 0.203704833984375
-0.0286350250244141 0.0317478179931641 0.049041748046875 0.0145912170410156
-0.0230083465576172 0.0282573699951172 0.319122314453125 -0.24713134765625
0.000280380249023438 0.0259838104248047 0.074615478515625 -0.4864501953125
-0.00157833099365235 0.0163106918334961 -0.331939697265625 -0.265594482421875
-0.00623321533203125 -0.00037527084350586 -0.3218994140625 0.10198974609375
0.0121641159057617 -0.00600433349609375 -0.1165771484375 0.227691650390625
0.0129184722900391 -0.0086669921875 0.0763702392578125 0.156173706054688
0.0108070373535156 -0.0111169815063477 0.160781860351563 0.0355682373046875
0.0172977447509766 0.00114250183105469 -0.154159545898438 -0.0749359130859375
0.0173397064208984 -0.0016632080078125 -0.0401153564453125 -0.185897827148438
0.0123615264892578 -6.866455078125E-05 0.17791748046875 -0.181869506835937
-0.00869369506835937 0.0155372619628906 0.35565185546875 0.028564453125
-0.0201740264892578 0.00502395629882813 0.18804931640625 0.369049072265625
-0.00095677375793457 -0.00384283065795898 -0.16644287109375 0.44189453125
-0.00834465026855469 0.0216350555419922 -0.261444091796875 0.177780151367187
-0.0089111328125 0.0289268493652344 0.0683021545410156 0.0023193359375
-0.00791168212890625 0.0200634002685547 0.3074951171875 -0.275146484375
0.00431919097900391 0.0146379470825195 0.0345458984374999 -0.487762451171875
-0.00449943542480469 0.0101070404052734 -0.344940185546875 -0.233734130859375
-0.0104703903198242 0.000530242919921873 -0.302886962890625 0.1275634765625
0.00793123245239258 -0.00474357604980469 -0.094940185546875 0.235076904296875
0.0114765167236328 -0.00688076019287109 0.085906982421875 0.151519775390625
0.0104274749755859 -0.00642299652099609 0.161941528320313 0.0293731689453125
0.0168390274047852 0.00667190551757813 -0.150787353515625 -0.0797882080078125
0.0160903930664063 0.00349712371826172 -0.0329742431640625 -0.184539794921875
0.00804567337036133 0.00457620620727539 0.191986083984375 -0.169815063476563
-0.0135297775268555 0.0126056671142578 0.35992431640625 0.0521240234375
-0.0201587677001953 -0.00851631164550781 0.167694091796875 0.38616943359375
0.0107879638671875 -0.0205554962158203 -0.1927490234375 0.43182373046875
0.0150384902954102 0.0101070404052734 -0.264541625976562 0.158859252929688
0.0195884704589844 0.0230484008789063 0.0795135498046875 -0.00720977783203125
0.0111026763916016 0.00583553314208984 0.294708251953125 -0.295654296875
0.00781106948852539 -0.00173091888427734 0.00289916992187502 -0.48834228515625
-0.0103206634521484 0.00172805786132812 -0.3543701171875 -0.21148681640625
-0.0148153305053711 0.00214576721191406 -0.288116455078125 0.144378662109375
0.00480461120605469 -0.00202798843383789 -0.0790557861328125 0.241180419921875
0.00909233093261719 -0.00199699401855469 0.0921478271484375 0.150177001953125
0.0105361938476563 -0.000843048095703125 0.163299560546875 0.0244903564453125
0.0167207717895508 0.0109596252441406 -0.149566650390625 -0.0795135498046875
0.0127182006835938 0.00940227508544922 -0.031280517578125 -0.180496215820313
0.00248146057128906 0.0101804733276367 0.197128295898438 -0.161636352539063
-0.0178852081298828 0.00911521911621094 0.36138916015625 0.061187744140625
-0.0197467803955078 -0.0234699249267578 0.158966064453125 0.391204833984375
0.0265922546386719 -0.0408859252929687 -0.20635986328125 0.4249267578125
0.0448837280273438 -0.00396728515625 -0.269500732421875 0.150863647460938
0.05413818359375 0.0160102844238281 0.0772705078125 -0.011322021484375
0.0341777801513672 -0.0122604370117188 0.287811279296875 -0.303009033203125
0.0112209320068359 -0.0221576690673828 -0.00781250000000004 -0.4891357421875
-0.0158901214599609 -0.00762367248535156 -0.356689453125 -0.202392578125
-0.0194187164306641 0.00426292419433594 -0.280593872070313 0.15081787109375
0.00187253952026367 0.0044255256652832 -0.071990966796875 0.244003295898438
0.00712156295776367 0.00411033630371094 0.095001220703125 0.150741577148437
0.0102939605712891 0.00402164459228516 0.165481567382813 0.0230255126953125
0.0161104202270508 0.0146713256835938 -0.149200439453125 -0.07696533203125
0.00898075103759766 0.0149164199829102 -0.0346221923828125 -0.176437377929687
-0.00158596038818359 0.0154132843017578 0.192123413085938 -0.162567138671875
-0.0223331451416016 0.00680351257324218 0.3602294921875 0.05084228515625
-0.0206375122070313 -0.0375900268554687 0.1705322265625 0.3829345703125
0.0388298034667969 -0.0643157958984375 -0.194000244140625 0.428924560546875
0.074920654296875 -0.0215225219726563 -0.275909423828125 0.157974243164063
0.0903091430664062 0.00745391845703125 0.0613327026367188 -0.00941848754882813
0.0588912963867188 -0.0315132141113281 0.28131103515625 -0.29571533203125
0.0182266235351563 -0.0449714660644531 0.000549316406250053 -0.489837646484375
-0.0212326049804688 -0.0199851989746094 -0.353515625 -0.212646484375
-0.0234527587890625 0.00591278076171875 -0.2852783203125 0.14459228515625
-0.00323486328125 0.0122251510620117 -0.0745086669921875 0.244873046875
0.00247859954833984 0.0126962661743164 0.093658447265625 0.15380859375
0.0101995468139648 0.0100326538085937 0.1663818359375 0.0243988037109375
0.0154972076416016 0.0187911987304688 -0.148330688476563 -0.07073974609375
0.00492668151855469 0.0210647583007813 -0.0434417724609375 -0.171493530273437
-0.00510215759277344 0.023040771484375 0.1749267578125 -0.171722412109375
-0.0254154205322266 0.00673866271972656 0.354339599609375 0.02032470703125
-0.0242462158203125 -0.0484809875488281 0.199188232421875 0.358978271484375
0.0443344116210937 -0.0878753662109375 -0.157806396484375 0.43902587890625
0.099151611328125 -0.0420913696289063 -0.280746459960938 0.181549072265625
0.124794006347656 -0.0013275146484375 0.0294017791748047 0.000545501708984375
0.0871353149414062 -0.0487060546875 0.281280517578125 -0.270233154296875
0.0280609130859375 -0.0670738220214844 0.033111572265625 -0.4892578125
-0.0254287719726563 -0.0345611572265625 -0.341583251953125 -0.24493408203125
-0.0288047790527344 0.00673103332519531 -0.30078125 0.124114990234375
-0.00685501098632813 0.0179557800292969 -0.09454345703125 0.241729736328125
-0.00220489501953125 0.0219230651855469 0.085540771484375 0.16229248046875
0.00902557373046875 0.0161170959472656 0.166885375976563 0.031890869140625
0.0176544189453125 -0.0110874176025391 -0.158767700195312 -0.053375244140625
0.0124282836914063 -0.00819873809814453 -0.0721893310546875 -0.18109130859375
0.0179405212402344 -0.00281333923339844 0.109710693359375 -0.221054077148437
0.00556373596191406 0.0159749984741211 0.316986083984375 -0.07415771484375
-0.0119724273681641 0.0174665451049805 0.271728515625 0.28192138671875
-0.00911808013916016 0.00786685943603515 -0.034820556640625 0.4658203125
-0.0234451293945313 0.0306053161621094 -0.247344970703125 0.257766723632813
-0.0333175659179688 0.0300865173339844 -0.00420761108398438 0.0405960083007813
-0.0305252075195312 0.0267467498779297 0.3262939453125 -0.181915283203125
-0.00322341918945313 0.0282058715820313 0.166473388671875 -0.464263916015625
-0.000699996948242187 0.0189876556396484 -0.28155517578125 -0.334442138671875
-0.000135183334350586 0.00113070011138916 -0.352569580078125 0.0423583984375001
0.0161819458007813 -0.00156021118164062 -0.160629272460938 0.2060546875
0.0116968154907227 -0.00825023651123047 0.054656982421875 0.161590576171875
0.00962257385253906 -0.0169715881347656 0.15655517578125 0.0472564697265625
0.0174999237060547 -0.00821304321289063 -0.157608032226563 -0.058807373046875
0.0152673721313477 -0.00767898559570312 -0.0631103515625 -0.182525634765625
0.017542839050293 -0.00417613983154297 0.130584716796875 -0.209762573242188
0.00210857391357422 0.0165948867797852 0.330108642578125 -0.043731689453125
-0.0142326354980469 0.0178356170654297 0.247802734375 0.310546875
-0.0101051330566406 0.0112380981445312 -0.0768127441406251 0.460174560546875
-0.0267658233642578 0.0329971313476563 -0.25201416015625 0.2313232421875
-0.0357398986816406 0.0318641662597656 0.0216484069824219 0.0281238555908203
-0.0307407379150391 0.0301456451416016 0.3231201171875 -0.211822509765625
-0.00245857238769531 0.0301914215087891 0.1204833984375 -0.4732666015625
-0.00108146667480469 0.0190505981445313 -0.307525634765625 -0.29833984375
-0.00255274772644043 0.000306129455566406 -0.336761474609375 0.07366943359375
0.0145254135131836 -0.00519752502441406 -0.137176513671875 0.21539306640625
0.0127706527709961 -0.00985622406005859 0.0669403076171875 0.15802001953125
0.00977706909179688 -0.0143041610717773 0.15802001953125 0.03955078125
0.0179710388183594 -0.004180908203125 -0.156021118164062 -0.0662689208984375
0.0167064666748047 -0.00553226470947266 -0.0517120361328125 -0.184524536132813
0.0159091949462891 -0.00243854522705078 0.153427124023438 -0.19708251953125
-0.00231456756591797 0.0168495178222656 0.343017578125 -0.0091552734375
-0.0174875259399414 0.0140266418457031 0.219696044921875 0.34033203125
-0.00778961181640625 0.00715160369873047 -0.11859130859375 0.451202392578125
-0.0225238800048828 0.0296077728271484 -0.254806518554688 0.204574584960937
-0.0279636383056641 0.0319747924804687 0.0487289428710938 0.0137901306152344
-0.0230827331542969 0.0284347534179688 0.314178466796875 -0.24713134765625
0.000408172607421877 0.0256366729736328 0.070556640625 -0.482666015625
-0.00171375274658203 0.0162887573242188 -0.33038330078125 -0.260986328125
-0.00566959381103516 -0.00019693374633789 -0.318328857421875 0.103729248046875
0.0113792419433594 -0.00628662109375 -0.112655639648438 0.226959228515625
0.0124969482421875 -0.00867843627929687 0.0769805908203125 0.154083251953125
0.0100479125976563 -0.0104856491088867 0.159698486328125 0.0333251953125
0.0172662734985352 0.00118541717529297 -0.153366088867188 -0.0721282958984375
0.01739501953125 -0.00197029113769531 -0.0416412353515625 -0.183517456054687
0.0124702453613281 -0.00011444091796875 0.174835205078125 -0.181045532226563
-0.00731754302978515 0.0158395767211914 0.35223388671875 0.025238037109375
-0.0193042755126953 0.00507164001464844 0.189666748046875 0.36627197265625
-0.000955820083618164 -0.00411295890808105 -0.16131591796875 0.438873291015625
-0.00826454162597656 0.0217647552490234 -0.258499145507813 0.177642822265625
-0.00833511352539063 0.0285816192626953 0.0674934387207031 0.00124740600585938
-0.00818824768066406 0.0205192565917969 0.30279541015625 -0.27557373046875
0.00423049926757813 0.0149936676025391 0.029632568359375 -0.484619140625
-0.00478363037109375 0.0101909637451172 -0.34405517578125 -0.227935791015625
-0.0103673934936523 0.000630378723144531 -0.298126220703125 0.12884521484375
0.00800228118896485 -0.00513029098510742 -0.091461181640625 0.233261108398437
0.0115518569946289 -0.00672435760498047 0.08624267578125 0.149856567382813
0.0100030899047852 -0.00588512420654297 0.160720825195313 0.0270233154296875
0.0167770385742188 0.00577831268310547 -0.151840209960938 -0.0765838623046875
0.0153961181640625 0.00306510925292969 -0.0347442626953125 -0.181640625
0.00788688659667969 0.00497961044311523 0.189544677734375 -0.168777465820312
-0.0126152038574219 0.0129909515380859 0.357330322265625 0.04840087890625
-0.0203762054443359 -0.00795173645019532 0.16900634765625 0.3818359375
0.0108184814453125 -0.0206565856933594 -0.1873779296875 0.428955078125
0.0151042938232422 0.0101404190063477 -0.261444091796875 0.159469604492188
0.0204944610595703 0.0231056213378906 0.0777130126953125 -0.00737762451171875
0.0118474960327148 0.00600147247314453 0.290557861328125 -0.29571533203125
0.00795650482177734 -0.00244283676147461 -0.000549316406249973 -0.485321044921875
-0.00979804992675781 0.00197219848632813 -0.3536376953125 -0.20574951171875
-0.0144500732421875 0.00226879119873047 -0.284271240234375 0.14508056640625
0.00507497787475586 -0.00176906585693359 -0.075714111328125 0.240219116210938
0.00960350036621094 -0.00180530548095703 0.0929412841796875 0.1475830078125
0.00990772247314453 -0.000638008117675781 0.163162231445313 0.0225372314453125
0.016326904296875 0.0108671188354492 -0.14990234375 -0.0769805908203125
0.0128459930419922 0.00875186920166016 -0.0325469970703125 -0.178070068359375
0.00279426574707031 0.00982475280761719 0.194259643554688 -0.161270141601563
-0.0173501968383789 0.0093231201171875 0.3590087890625 0.0577392578125
-0.0201034545898438 -0.0229358673095703 0.15948486328125 0.387542724609375
0.0253028869628906 -0.0413131713867188 -0.2001953125 0.422943115234375
0.0444793701171875 -0.0044708251953125 -0.266448974609375 0.151947021484375
0.0535697937011719 0.0152168273925781 0.0758132934570313 -0.0116348266601562
0.0337295532226562 -0.0118083953857422 0.281829833984375 -0.3026123046875
0.01153564453125 -0.0223426818847656 -0.0115966796875 -0.484771728515625
-0.0157232284545898 -0.00792884826660156 -0.353851318359375 -0.198699951171875
-0.0189647674560547 0.00468254089355468 -0.276779174804688 0.151626586914062
0.00146579742431641 0.0039818286895752 -0.0689239501953125 0.242324829101562
0.00689554214477539 0.00417280197143555 0.0955352783203125 0.14862060546875
0.0101766586303711 0.00388050079345703 0.164520263671875 0.0205841064453125
0.0153369903564453 0.0148143768310547 -0.148834228515625 -0.0746307373046875
0.00914382934570313 0.0152206420898437 -0.036285400390625 -0.174072265625
-0.00168037414550781 0.0156593322753906 0.189422607421875 -0.162246704101563
-0.0213661193847656 0.00677299499511719 0.35845947265625 0.047943115234375
-0.0206985473632812 -0.0367774963378906 0.171234130859375 0.37847900390625
0.0383987426757813 -0.0645370483398437 -0.1900634765625 0.42724609375
0.0740280151367188 -0.0214767456054688 -0.271926879882813 0.159393310546875
0.0898208618164063 0.0067291259765625 0.0601768493652344 -0.00943756103515625
0.0580215454101562 -0.0308990478515625 0.276824951171875 -0.29522705078125
0.0172805786132813 -0.0441436767578125 -0.00338745117187504 -0.485565185546875
-0.0214385986328125 -0.0198974609375 -0.352203369140625 -0.207855224609375
-0.0229835510253906 0.00659751892089844 -0.2806396484375 0.146560668945313
-0.00253868103027344 0.0120134353637695 -0.0716094970703125 0.244003295898438
0.00302600860595703 0.0126161575317383 0.093902587890625 0.151870727539063
0.00967597961425781 0.0101947784423828 0.166259765625 0.022216796875
0.0152549743652344 0.0188045501708984 -0.148880004882812 -0.0681304931640625
0.00552749633789062 0.0215435028076172 -0.0454559326171875 -0.168746948242188
-0.00524330139160156 0.0225906372070313 0.171875 -0.171279907226563
-0.0247879028320313 0.00678253173828124 0.3526611328125 0.017974853515625
-0.0242500305175781 -0.047515869140625 0.200775146484375 0.355438232421875
0.0430374145507813 -0.08758544921875 -0.153656005859375 0.437255859375
0.0977706909179688 -0.0424880981445313 -0.276931762695312 0.182479858398438
0.124061584472656 -0.00260162353515625 0.0281753540039063 0.00030517578125
0.0858917236328125 -0.0484619140625 0.276458740234375 -0.269134521484375
0.0277976989746094 -0.0668296813964844 0.030181884765625 -0.485107421875
-0.0257587432861328 -0.0333251953125 -0.340850830078125 -0.240325927734375
-0.0286636352539062 0.00684165954589844 -0.29718017578125 0.125518798828125
-0.0060272216796875 0.0180873870849609 -0.0909423828125 0.24090576171875
-0.00156211853027344 0.0219058990478516 0.08575439453125 0.160140991210938
0.00937461853027344 0.015681266784668 0.16632080078125 0.0305023193359375
0.0172624588012695 -0.0111408233642578 -0.158447265625 -0.051849365234375
0.0126857757568359 -0.00838088989257813 -0.0738372802734375 -0.178909301757813
0.0179958343505859 -0.00284194946289063 0.1063232421875 -0.2197265625
0.00625705718994141 0.015538215637207 0.313751220703125 -0.0748291015625
-0.0111713409423828 0.017268180847168 0.2713623046875 0.2784423828125
-0.00923633575439453 0.00816917419433594 -0.0308837890625 0.462493896484375
-0.0229244232177734 0.0301418304443359 -0.244461059570313 0.258041381835938
-0.0321331024169922 0.0300445556640625 -0.00477981567382812 0.0400352478027344
-0.0306491851806641 0.0272026062011719 0.322357177734375 -0.18206787109375
-0.00264358520507812 0.0277671813964844 0.162506103515625 -0.462158203125
0.000209808349609376 0.0192928314208984 -0.280792236328125 -0.3297119140625
-0.000436067581176758 0.000848650932312012 -0.34832763671875 0.044525146484375
0.0160388946533203 -0.00146961212158203 -0.156997680664062 0.205963134765625
0.0112152099609375 -0.00796699523925781 0.056488037109375 0.1597900390625
0.00923252105712891 -0.0169801712036133 0.155670166015625 0.0454864501953125
0.0178489685058594 -0.00821495056152344 -0.157058715820313 -0.0567474365234375
0.0147895812988281 -0.00790882110595703 -0.0644989013671875 -0.179901123046875
0.017308235168457 -0.00455188751220703 0.127944946289062 -0.208984375
0.00293159484863281 0.0166692733764648 0.3271484375 -0.044952392578125
-0.0137319564819336 0.0174388885498047 0.2474365234375 0.306610107421875
-0.00973987579345703 0.0107107162475586 -0.07342529296875 0.45745849609375
-0.0261440277099609 0.0330486297607422 -0.24884033203125 0.2315673828125
-0.0351791381835937 0.03179931640625 0.0210247039794922 0.0280036926269531
-0.030364990234375 0.0305633544921875 0.3189697265625 -0.211029052734375
-0.00196075439453125 0.0301761627197266 0.1180419921875 -0.470672607421875
-0.000276565551757811 0.0192928314208984 -0.3062744140625 -0.293212890625
-0.00281739234924316 0.000457286834716797 -0.332611083984375 0.07513427734375
0.0136632919311523 -0.00532150268554688 -0.134689331054688 0.214797973632812
0.0129222869873047 -0.00987434387207031 0.0676727294921875 0.155563354492187
0.00959110260009766 -0.0145206451416016 0.157241821289063 0.0380096435546875
0.0175056457519531 -0.0045166015625 -0.156280517578125 -0.06439208984375
0.0167350769042969 -0.00625038146972656 -0.0537872314453125 -0.181793212890625
0.0159292221069336 -0.00322151184082031 0.151123046875 -0.1954345703125
-0.00173377990722656 0.0167007446289063 0.34088134765625 -0.010894775390625
-0.0173330307006836 0.0140790939331055 0.219512939453125 0.336700439453125
-0.00781774520874023 0.00638055801391602 -0.114349365234375 0.44781494140625
-0.0221462249755859 0.0296115875244141 -0.252090454101562 0.2039794921875
-0.0277214050292969 0.0316104888916016 0.0470619201660156 0.0141410827636719
-0.0223026275634766 0.0288753509521484 0.3092041015625 -0.24627685546875
0.000623703002929689 0.025909423828125 0.068328857421875 -0.47869873046875
-0.00145721435546875 0.016240119934082 -0.329498291015625 -0.25616455078125
-0.00623178482055664 -0.000558376312255859 -0.314788818359375 0.105438232421875
0.0114688873291016 -0.00639820098876953 -0.109909057617188 0.2255859375
0.0123491287231445 -0.00926685333251953 0.077362060546875 0.1519775390625
0.00962543487548828 -0.0106019973754883 0.158950805664063 0.0319976806640625
0.0171089172363281 0.000309944152832031 -0.153213500976563 -0.070281982421875
0.0166845321655273 -0.00217342376708984 -0.042510986328125 -0.181365966796875
0.0124006271362305 0.0002288818359375 0.1719970703125 -0.1806640625
-0.00689315795898438 0.0157060623168945 0.350006103515625 0.023406982421875
-0.0197544097900391 0.00521278381347656 0.189422607421875 0.3612060546875
-0.00134634971618652 -0.0041203498840332 -0.157135009765625 0.436431884765625
-0.007720947265625 0.0217304229736328 -0.256027221679688 0.177963256835938
-0.00794792175292969 0.0283298492431641 0.066558837890625 0.00133514404296875
-0.0075836181640625 0.0207633972167969 0.2991943359375 -0.275177001953125
0.00451469421386719 0.0144033432006836 0.027099609375 -0.48114013671875
-0.004119873046875 0.0100784301757813 -0.3427734375 -0.2236328125
-0.0103397369384766 0.000503540039062499 -0.294586181640625 0.12994384765625
0.00786256790161133 -0.0055084228515625 -0.0890350341796875 0.232208251953125
0.0111656188964844 -0.00672721862792969 0.0872039794921875 0.147705078125
0.00979232788085938 -0.00608444213867187 0.160507202148438 0.025848388671875
0.0170049667358398 0.00534725189208984 -0.151641845703125 -0.074554443359375
0.015594482421875 0.00276756286621094 -0.03631591796875 -0.179580688476562
0.00794315338134766 0.00475645065307617 0.186660766601562 -0.168182373046875
-0.0118513107299805 0.0131092071533203 0.3553466796875 0.046051025390625
-0.0200996398925781 -0.00757217407226563 0.17010498046875 0.378692626953125
0.0106754302978516 -0.0206565856933594 -0.184417724609375 0.42718505859375
0.0150880813598633 0.0100879669189453 -0.259078979492188 0.160202026367188
0.0203895568847656 0.0231094360351563 0.0763626098632813 -0.00800323486328125
0.0116415023803711 0.00623321533203125 0.286041259765625 -0.29443359375
0.00820732116699219 -0.0023808479309082 -0.00466918945312496 -0.481048583984375
-0.00945568084716797 0.0021829605102539 -0.352325439453125 -0.20166015625
-0.0149707794189453 0.00254154205322266 -0.280853271484375 0.146240234375
0.0050196647644043 -0.00161981582641602 -0.072662353515625 0.238204956054688
0.0092926025390625 -0.00205898284912109 0.0933074951171875 0.1456298828125
0.00959110260009766 -0.00113677978515625 0.162033081054688 0.021240234375
0.0159807205200195 0.0105094909667969 -0.149581909179688 -0.075347900390625
0.0125656127929688 0.00935554504394531 -0.0342864990234375 -0.175582885742187
0.00300216674804688 0.00934791564941406 0.191497802734375 -0.160369873046875
-0.0165300369262695 0.00956153869628906 0.35675048828125 0.05548095703125
-0.0200557708740234 -0.0225162506103516 0.161712646484375 0.38323974609375
0.0247688293457031 -0.0411338806152344 -0.196136474609375 0.421112060546875
0.0437431335449219 -0.00415802001953125 -0.263702392578125 0.153228759765625
0.0540275573730469 0.0151252746582031 0.0746917724609375 -0.0121688842773437
0.0334930419921875 -0.0116996765136719 0.278228759765625 -0.301300048828125
0.0115756988525391 -0.0221672058105469 -0.01385498046875 -0.481536865234375
-0.0154094696044922 -0.0081024169921875 -0.3531494140625 -0.19317626953125
-0.0187206268310547 0.005157470703125 -0.273696899414063 0.152542114257812
0.00127816200256348 0.00400495529174805 -0.066070556640625 0.240798950195313
0.00672578811645508 0.00360250473022461 0.0956573486328125 0.146102905273437
0.00927734375 0.00414848327636719 0.16339111328125 0.019622802734375
0.0158061981201172 0.0150671005249023 -0.14874267578125 -0.0726776123046875
0.00906944274902344 0.0148553848266602 -0.037750244140625 -0.171783447265625
-0.00147819519042969 0.0157136917114258 0.186431884765625 -0.162216186523438
-0.0206699371337891 0.00688362121582031 0.355255126953125 0.04449462890625
-0.0209007263183594 -0.0363121032714844 0.171661376953125 0.374359130859375
0.0374298095703125 -0.0640640258789063 -0.18536376953125 0.42431640625
0.073028564453125 -0.0217056274414063 -0.27008056640625 0.159469604492188
0.0892868041992188 0.0066986083984375 0.0587539672851563 -0.00947189331054688
0.0576858520507813 -0.0306549072265625 0.273223876953125 -0.29449462890625
0.0175056457519531 -0.0437393188476563 -0.00604248046875002 -0.48150634765625
-0.0213794708251953 -0.0189228057861328 -0.34930419921875 -0.2034912109375
-0.02276611328125 0.00736236572265625 -0.277374267578125 0.146881103515625
-0.00282096862792969 0.0120849609375 -0.06915283203125 0.242340087890625
0.00318622589111328 0.0128898620605469 0.0948944091796875 0.149703979492188
0.00968170166015625 0.00980472564697266 0.164840698242188 0.020660400390625
0.0151634216308594 0.0183925628662109 -0.147994995117188 -0.066192626953125
0.00533103942871094 0.0210857391357422 -0.0454254150390625 -0.166091918945312
-0.00508499145507812 0.0228023529052734 0.169464111328125 -0.170074462890625
-0.024261474609375 0.00635337829589844 0.349700927734375 0.016387939453125
-0.0244674682617187 -0.0472564697265625 0.20025634765625 0.35211181640625
0.0413970947265625 -0.0878219604492188 -0.149932861328125 0.4339599609375
0.096893310546875 -0.0427474975585938 -0.274505615234375 0.182647705078125
0.123672485351563 -0.0024871826171875 0.0271549224853516 0.000268936157226562
0.0850296020507813 -0.047760009765625 0.273086547851563 -0.269027709960938
0.0270500183105469 -0.0661697387695312 0.0263671875 -0.480712890625
-0.0252418518066406 -0.0343265533447266 -0.338958740234375 -0.235382080078125
-0.0285472869873047 0.00686264038085938 -0.293609619140625 0.126190185546875
-0.00590324401855469 0.0179557800292969 -0.0884552001953125 0.239517211914062
-0.00159454345703125 0.0219745635986328 0.0870208740234375 0.157958984375
0.00902080535888672 0.0158405303955078 0.165664672851563 0.0283050537109375
0.0175037384033203 -0.0112142562866211 -0.158309936523438 -0.049835205078125
0.0121784210205078 -0.00783443450927734 -0.074249267578125 -0.175811767578125
0.0177383422851563 -0.0034332275390625 0.105056762695313 -0.218002319335938
0.00619316101074219 0.0158290863037109 0.311248779296875 -0.075408935546875
-0.0111408233642578 0.0173654556274414 0.270950317382813 0.274978637695312
-0.00890350341796875 0.00784587860107422 -0.029998779296875 0.459014892578125
-0.0228176116943359 0.0300426483154297 -0.241409301757812 0.257293701171875
-0.0313320159912109 0.0300083160400391 -0.0043487548828125 0.039703369140625
-0.0296421051025391 0.0276260375976563 0.32000732421875 -0.180908203125
-0.00233078002929687 0.0277748107910156 0.15985107421875 -0.459442138671875
0.000232696533203127 0.0188484191894531 -0.28094482421875 -0.325439453125
-0.000345110893249512 0.00137865543365479 -0.345550537109375 0.0455322265625
0.015904426574707 -0.00175094604492188 -0.154312133789062 0.204833984375
0.0116109848022461 -0.00796413421630859 0.056671142578125 0.1583251953125
0.00814247131347656 -0.0168848037719727 0.155181884765625 0.044036865234375
0.0170078277587891 -0.00847530364990234 -0.157012939453125 -0.05517578125
0.0155820846557617 -0.00837421417236328 -0.0653076171875 -0.177536010742188
0.0170307159423828 -0.00451946258544922 0.125442504882812 -0.207656860351563
0.00335311889648437 0.0165615081787109 0.32403564453125 -0.045745849609375
-0.0139980316162109 0.0175876617431641 0.246917724609375 0.304107666015625
-0.00965976715087891 0.0104665756225586 -0.07086181640625 0.4530029296875
-0.0257453918457031 0.032684326171875 -0.2467041015625 0.230316162109375
-0.0342960357666016 0.0324745178222656 0.0205841064453125 0.0281238555908203
-0.0295543670654297 0.0312519073486328 0.315460205078125 -0.210296630859375
-0.0020294189453125 0.0299243927001953 0.114959716796875 -0.467681884765625
-0.00012397766113281 0.0196666717529297 -0.30523681640625 -0.291778564453125
-0.00287818908691406 0.000477075576782226 -0.329986572265625 0.0758056640625
0.0140342712402344 -0.00572967529296875 -0.131759643554688 0.213516235351562
0.0125198364257813 -0.0099029541015625 0.06793212890625 0.15411376953125
0.00876331329345703 -0.0141496658325195 0.156173706054688 0.036834716796875
0.0175638198852539 -0.00436782836914062 -0.15576171875 -0.0628509521484375
0.0164756774902344 -0.00564861297607422 -0.0543670654296875 -0.179718017578125
0.015681266784668 -0.00362968444824219 0.148834228515625 -0.194351196289063
-0.00167083740234375 0.0173273086547852 0.33819580078125 -0.0123291015625
-0.0168790817260742 0.013880729675293 0.2188720703125 0.333587646484375
-0.0081486701965332 0.0061335563659668 -0.112274169921875 0.445098876953125
-0.0218238830566406 0.0297985076904297 -0.249740600585937 0.203216552734375
-0.0262928009033203 0.0315608978271484 0.0468559265136719 0.0139503479003906
-0.0218887329101563 0.0288257598876953 0.306640625 -0.245758056640625
0.00118827819824219 0.0260486602783203 0.065155029296875 -0.475616455078125
-0.00112628936767578 0.0164394378662109 -0.328033447265625 -0.2525634765625
-0.00601339340209961 0.000269412994384765 -0.311553955078125 0.10662841796875
0.0115852355957031 -0.00676155090332031 -0.107696533203125 0.22418212890625
0.0122442245483398 -0.00918483734130859 0.0787506103515625 0.150405883789063
0.00916481018066406 -0.0106992721557617 0.15850830078125 0.0314483642578125
0.01702880859375 0.000115394592285156 -0.152725219726563 -0.068634033203125
0.0171213150024414 -0.00208282470703125 -0.043975830078125 -0.178985595703125
0.0119724273681641 -0.000308990478515625 0.170089721679688 -0.179122924804687
-0.00592422485351563 0.0156793594360352 0.34716796875 0.020721435546875
-0.0196495056152344 0.005096435546875 0.189605712890625 0.35870361328125
-0.00126862525939941 -0.00418543815612793 -0.154541015625 0.43341064453125
-0.00786590576171875 0.0216407775878906 -0.25360107421875 0.17724609375
-0.0074920654296875 0.0282955169677734 0.065185546875 0.00122833251953125
-0.007110595703125 0.0213222503662109 0.295440673828125 -0.273773193359375
0.00512313842773437 0.0144081115722656 0.0260009765625 -0.476806640625
-0.00448417663574219 0.00997257232666016 -0.341766357421875 -0.220489501953125
-0.0107822418212891 0.000668525695800781 -0.291839599609375 0.129913330078125
0.0079503059387207 -0.00558280944824219 -0.0863037109375 0.23077392578125
0.0116386413574219 -0.00722026824951172 0.0868377685546875 0.146163940429687
0.00904560089111328 -0.00565147399902344 0.15985107421875 0.0241241455078125
0.0165805816650391 0.00536251068115234 -0.15093994140625 -0.0726165771484375
0.0147571563720703 0.00294876098632812 -0.0373992919921875 -0.176956176757813
0.00810813903808594 0.00461530685424805 0.18426513671875 -0.167327880859375
-0.0114221572875977 0.0127239227294922 0.353118896484375 0.04473876953125
-0.0199337005615234 -0.00711441040039062 0.1708984375 0.375213623046875
0.0101432800292969 -0.0212841033935547 -0.181182861328125 0.423583984375
0.0154571533203125 0.0106801986694336 -0.25677490234375 0.159332275390625
0.0202789306640625 0.02252197265625 0.0748443603515625 -0.00772857666015625
0.0117101669311523 0.00646305084228516 0.2811279296875 -0.293060302734375
0.0083928108215332 -0.00223875045776367 -0.00592041015624997 -0.477020263671875
-0.00932121276855469 0.00188541412353516 -0.3492431640625 -0.19873046875
-0.0145168304443359 0.00261878967285156 -0.27789306640625 0.1461181640625
0.00482845306396484 -0.00175237655639648 -0.0704193115234375 0.2366943359375
0.00962257385253906 -0.00182342529296875 0.0935516357421875 0.14410400390625
0.00914382934570313 -0.000933647155761719 0.160797119140625 0.0196685791015625
0.0162277221679688 0.0101375579833984 -0.1492919921875 -0.07318115234375
0.0126876831054688 0.00858211517333985 -0.035675048828125 -0.173782348632813
0.00278186798095703 0.00948429107666016 0.189529418945312 -0.159744262695313
-0.0163192749023438 0.00896930694580078 0.354736328125 0.053070068359375
-0.0202064514160156 -0.0221462249755859 0.16143798828125 0.38006591796875
0.0243377685546875 -0.0410575866699219 -0.19390869140625 0.4185791015625
0.0435562133789063 -0.00412368774414063 -0.261856079101562 0.152389526367188
0.0538902282714844 0.0153427124023438 0.0730133056640625 -0.0118942260742187
0.0336875915527344 -0.0112876892089844 0.274322509765625 -0.300201416015625
0.0119209289550781 -0.0218639373779297 -0.015411376953125 -0.4776611328125
-0.0156869888305664 -0.00765419006347656 -0.3519287109375 -0.190582275390625
-0.0188999176025391 0.00510406494140625 -0.270736694335938 0.153030395507813
0.00157761573791504 0.00390529632568359 -0.0635986328125 0.239425659179688
0.00722980499267578 0.00382471084594727 0.095855712890625 0.144805908203125
0.00911903381347656 0.00441360473632813 0.162551879882812 0.018096923828125
0.0153789520263672 0.0145473480224609 -0.14886474609375 -0.0706634521484375
0.00895214080810547 0.0150728225708008 -0.0386962890625 -0.169204711914063
-0.00169754028320313 0.0155048370361328 0.184982299804688 -0.161117553710938
-0.0201225280761719 0.007110595703125 0.35284423828125 0.042266845703125
-0.0208168029785156 -0.0356712341308594 0.17242431640625 0.371612548828125
0.0361251831054687 -0.0636405944824219 -0.183258056640625 0.421356201171875
0.0724258422851563 -0.02099609375 -0.267059326171875 0.159332275390625
0.0887908935546875 0.0068206787109375 0.0572738647460938 -0.00940704345703125
0.0575103759765625 -0.0303306579589844 0.270050048828125 -0.292022705078125
0.0170516967773437 -0.0433616638183594 -0.00729370117187495 -0.47705078125
-0.0216751098632813 -0.0190181732177734 -0.348388671875 -0.200927734375
-0.0228824615478516 0.00681495666503906 -0.274246215820313 0.146621704101562
-0.00275611877441406 0.0121259689331055 -0.06671142578125 0.240310668945313
0.00291919708251953 0.0125417709350586 0.0949249267578125 0.148193359375
0.00897598266601563 0.0102157592773438 0.164108276367188 0.0193939208984375
0.0152721405029297 0.0174160003662109 -0.148178100585938 -0.0643463134765625
0.00571060180664062 0.0213432312011719 -0.047088623046875 -0.164398193359375
-0.00448799133300781 0.0223636627197266 0.168289184570313 -0.169387817382813
-0.0230445861816406 0.00599479675292968 0.3468017578125 0.01422119140625
-0.0249481201171875 -0.0469169616699219 0.2005615234375 0.34765625
0.0407562255859375 -0.087799072265625 -0.14752197265625 0.431793212890625
0.0958175659179688 -0.0421829223632813 -0.2720947265625 0.18255615234375
0.122871398925781 -0.00258636474609375 0.0266532897949219 0.00100517272949219
0.0845108032226563 -0.0475387573242187 0.268798828125 -0.267868041992188
0.0269737243652344 -0.0660514831542969 0.023895263671875 -0.47784423828125
-0.0252208709716797 -0.0335617065429687 -0.33770751953125 -0.232177734375
-0.0281829833984375 0.00743675231933593 -0.2899169921875 0.12701416015625
-0.00591087341308594 0.0183181762695313 -0.0860595703125 0.23809814453125
-0.0016632080078125 0.0216178894042969 0.086029052734375 0.156524658203125
0.00923824310302734 0.0155191421508789 0.164169311523438 0.027130126953125
0.016911506652832 -0.0111160278320313 -0.157012939453125 -0.0486297607421875
0.0122900009155273 -0.00816822052001953 -0.0751953125 -0.173873901367187
0.01800537109375 -0.00359344482421875 0.10333251953125 -0.216232299804687
0.0065622329711914 0.0156974792480469 0.308746337890625 -0.075531005859375
-0.0106353759765625 0.0177879333496094 0.269775390625 0.273361206054688
-0.00883293151855469 0.00730323791503906 -0.028533935546875 0.456085205078125
-0.0226993560791016 0.0303707122802734 -0.240814208984375 0.256210327148438
-0.0313262939453125 0.0300941467285156 -0.00508499145507812 0.0397911071777344
-0.0299320220947266 0.0277671813964844 0.316650390625 -0.180267333984375
-0.00214576721191406 0.0278816223144531 0.15875244140625 -0.456207275390625
0.000408172607421875 0.0190410614013672 -0.27960205078125 -0.322174072265625
-0.000307083129882812 0.00143039226531982 -0.342803955078125 0.046295166015625
0.0161809921264648 -0.00201034545898438 -0.15234375 0.203887939453125
0.011408805847168 -0.0082244873046875 0.0564117431640625 0.157058715820313
0.00805759429931641 -0.0167913436889648 0.154830932617188 0.0435333251953125
0.0172348022460938 -0.00835037231445313 -0.156524658203125 -0.0538482666015625
0.0149574279785156 -0.00796413421630859 -0.065460205078125 -0.176010131835937
0.0172290802001953 -0.00463485717773438 0.124160766601563 -0.205093383789063
0.00346183776855469 0.0168828964233398 0.321868896484375 -0.04510498046875
-0.0136604309082031 0.0175209045410156 0.245819091796875 0.301971435546875
-0.00995063781738281 0.00989818572998047 -0.069610595703125 0.4508056640625
-0.0259571075439453 0.0329074859619141 -0.24468994140625 0.229598999023438
-0.0342426300048828 0.0325946807861328 0.0199108123779297 0.0277576446533203
-0.0292472839355469 0.0312519073486328 0.31280517578125 -0.2098388671875
-0.00182533264160157 0.0296516418457031 0.11376953125 -0.465240478515625
0.000152587890625 0.0191822052001953 -0.30340576171875 -0.28765869140625
-0.0031588077545166 0.000739097595214844 -0.32696533203125 0.076202392578125
0.0138940811157227 -0.00530338287353516 -0.129974365234375 0.212570190429688
0.0127725601196289 -0.00987911224365234 0.0683441162109375 0.153076171875
0.00818634033203125 -0.0141429901123047 0.1561279296875 0.036529541015625
0.0172767639160156 -0.00507545471191406 -0.15509033203125 -0.06103515625
0.0166540145874023 -0.00607872009277344 -0.0546875 -0.177978515625
0.0150651931762695 -0.00335693359375 0.147369384765625 -0.192916870117188
-0.0010833740234375 0.016383171081543 0.336029052734375 -0.0120849609375
-0.0167007446289063 0.0140323638916016 0.218597412109375 0.332061767578125
-0.00821924209594726 0.00616168975830078 -0.110931396484375 0.4422607421875
-0.0213241577148438 0.0297470092773438 -0.248428344726563 0.202285766601562
-0.0257701873779297 0.031829833984375 0.0456352233886719 0.0138168334960938
-0.0211505889892578 0.0295200347900391 0.303619384765625 -0.24395751953125
0.00105094909667969 0.0255393981933594 0.064727783203125 -0.473358154296875
-0.00146102905273437 0.0161037445068359 -0.326171875 -0.250732421875
-0.0065155029296875 0.000567913055419923 -0.309173583984375 0.106353759765625
0.0111665725708008 -0.00642967224121094 -0.105453491210937 0.223342895507813
0.0128488540649414 -0.00922012329101563 0.0781402587890625 0.149215698242188
0.008575439453125 -0.0106983184814453 0.1580810546875 0.029754638671875
0.0169858932495117 -0.0001373291015625 -0.152816772460938 -0.06683349609375
0.016387939453125 -0.00268936157226563 -0.0444183349609375 -0.176895141601563
0.01220703125 5.81741333007813E-05 0.168487548828125 -0.177703857421875
-0.00576877593994141 0.0159053802490234 0.3450927734375 0.022064208984375
-0.0189437866210938 0.00530052185058594 0.189788818359375 0.356719970703125
-0.00119781494140625 -0.00474071502685547 -0.1524658203125 0.43048095703125
-0.00801849365234375 0.0217990875244141 -0.252410888671875 0.176620483398437
-0.00674819946289062 0.0286178588867187 0.0643653869628906 0.0014190673828125
-0.00695228576660156 0.0218963623046875 0.2933349609375 -0.271392822265625
0.00497055053710938 0.0144262313842773 0.0242919921875 -0.473480224609375
-0.00398159027099609 0.00997638702392578 -0.33917236328125 -0.21856689453125
-0.0107192993164063 0.00069904327392578 -0.289154052734375 0.13043212890625
0.00795459747314453 -0.00547695159912109 -0.084381103515625 0.22955322265625
0.0114469528198242 -0.00687885284423828 0.0872955322265625 0.145111083984375
0.00881385803222656 -0.00551414489746094 0.1585693359375 0.02386474609375
0.0167579650878906 0.00528144836425781 -0.150909423828125 -0.0714111328125
0.0146217346191406 0.00255584716796875 -0.0382537841796875 -0.175186157226562
0.00822877883911133 0.00392055511474609 0.182937622070313 -0.165863037109375
-0.0110807418823242 0.0129308700561523 0.3507080078125 0.0440673828125
-0.0196952819824219 -0.00720977783203125 0.17041015625 0.372528076171875
0.00989723205566406 -0.02099609375 -0.1795654296875 0.421539306640625
0.0146274566650391 0.0101690292358398 -0.255355834960937 0.159255981445313
0.0205326080322266 0.0228786468505859 0.0736541748046875 -0.00739288330078125
0.011683464050293 0.00704383850097656 0.279876708984375 -0.290771484375
0.00827884674072266 -0.00187444686889648 -0.00622558593749997 -0.474212646484375
-0.00956249237060547 0.00162887573242188 -0.347564697265625 -0.196441650390625
-0.0148983001708984 0.00312423706054688 -0.275558471679687 0.1466064453125
0.00477457046508789 -0.00156164169311523 -0.069183349609375 0.2353515625
0.00948810577392578 -0.00180435180664062 0.0933837890625 0.142562866210938
0.00865793228149414 -0.000638484954833984 0.160552978515625 0.0189208984375
0.0162067413330078 0.0103168487548828 -0.149093627929688 -0.0717926025390625
0.012547492980957 0.00841331481933594 -0.0360107421875 -0.17169189453125
0.00334644317626953 0.00925064086914063 0.187484741210938 -0.158798217773438
-0.0153274536132813 0.00908088684082031 0.35186767578125 0.052642822265625
-0.0200862884521484 -0.0217399597167969 0.160552978515625 0.37713623046875
0.0240554809570313 -0.040985107421875 -0.191131591796875 0.416046142578125
0.0430145263671875 -0.0037994384765625 -0.259933471679688 0.152145385742187
0.0534782409667969 0.0152778625488281 0.0720672607421875 -0.0113677978515625
0.0335292816162109 -0.0108909606933594 0.27130126953125 -0.298004150390625
0.0115318298339844 -0.0217037200927734 -0.016510009765625 -0.47491455078125
-0.0158023834228516 -0.00800132751464844 -0.349090576171875 -0.18817138671875
-0.0186271667480469 0.00557136535644531 -0.267730712890625 0.152114868164063
0.00142908096313477 0.00400137901306152 -0.061431884765625 0.23797607421875
0.00702095031738281 0.00383615493774414 0.0960845947265625 0.143783569335938
0.00870561599731445 0.00410318374633789 0.161575317382813 0.017730712890625
0.0157251358032227 0.0144615173339844 -0.148788452148438 -0.0692138671875
0.00909614562988281 0.0144338607788086 -0.0391387939453125 -0.167694091796875
-0.00101280212402344 0.0155105590820313 0.18310546875 -0.159820556640625
-0.01953125 0.00679397583007813 0.3509521484375 0.041259765625
-0.0207138061523438 -0.0355796813964844 0.17132568359375 0.369232177734375
0.0359268188476563 -0.0639457702636719 -0.180267333984375 0.4193115234375
0.0714797973632813 -0.0211563110351562 -0.265670776367188 0.158828735351562
0.0889663696289063 0.00626373291015625 0.0563926696777344 -0.00899505615234375
0.0571365356445313 -0.0297012329101563 0.267547607421875 -0.2900390625
0.0168800354003906 -0.0433769226074219 -0.00765991210937501 -0.474853515625
-0.0213794708251953 -0.0187721252441406 -0.34637451171875 -0.19891357421875
-0.0227775573730469 0.00754165649414063 -0.271774291992187 0.146896362304688
-0.00282382965087891 0.0117549896240234 -0.0650177001953125 0.238677978515625
0.00327968597412109 0.0125350952148438 0.0941314697265625 0.146621704101563
0.0086832046508789 0.0105342864990234 0.163162231445313 0.018524169921875
0.0152950286865234 0.0180034637451172 -0.147796630859375 -0.06298828125
0.00495338439941406 0.0209007263183594 -0.0476837158203125 -0.16259765625
-0.0047760009765625 0.0223121643066406 0.166854858398438 -0.168228149414063
-0.0231075286865234 0.00628089904785156 0.345306396484375 0.012481689453125
-0.02447509765625 -0.046051025390625 0.2008056640625 0.347015380859375
0.0399398803710938 -0.0869064331054688 -0.14495849609375 0.428863525390625
0.0950393676757813 -0.041473388671875 -0.270751953125 0.181686401367188
0.121742248535156 -0.0030517578125 0.026275634765625 0.00139808654785156
0.084014892578125 -0.0469436645507813 0.266586303710938 -0.265640258789063
0.0269432067871094 -0.0656204223632813 0.023895263671875 -0.47454833984375
-0.0252819061279297 -0.0334568023681641 -0.33551025390625 -0.22991943359375
-0.0284538269042969 0.00765991210937499 -0.28814697265625 0.126861572265625
-0.00583648681640625 0.0177059173583984 -0.084442138671875 0.236053466796875
-0.00183486938476563 0.0212764739990234 0.08697509765625 0.15533447265625
0.00875568389892578 0.0158729553222656 0.163223266601563 0.0263824462890625
0.0169916152954102 -0.0117502212524414 -0.156723022460938 -0.047698974609375
0.0116701126098633 -0.00845241546630859 -0.0754241943359375 -0.1722412109375
0.0181846618652344 -0.00389480590820312 0.101760864257813 -0.214431762695312
0.00691699981689453 0.015437126159668 0.30712890625 -0.075164794921875
-0.0110559463500977 0.0175647735595703 0.267654418945313 0.272079467773438
-0.00909709930419922 0.00701236724853516 -0.027313232421875 0.452850341796875
-0.0224132537841797 0.0302581787109375 -0.238800048828125 0.254104614257813
-0.030975341796875 0.0298748016357422 -0.00548553466796875 0.0399551391601563
-0.0290489196777344 0.0280399322509766 0.313934326171875 -0.178802490234375
-0.00196266174316407 0.0276851654052734 0.156494140625 -0.452880859375
0.00048065185546875 0.019134521484375 -0.276275634765625 -0.319854736328125
-0.0012211799621582 0.00160431861877441 -0.340423583984375 0.0463867187499999
0.0158748626708984 -0.00228786468505859 -0.150482177734375 0.202728271484375
0.0112771987915039 -0.00861358642578125 0.0572967529296875 0.156295776367188
0.00747871398925781 -0.0165948867797852 0.15435791015625 0.0427703857421875
0.0173320770263672 -0.00897693634033203 -0.156158447265625 -0.0525054931640625
0.0145893096923828 -0.00810527801513672 -0.066192626953125 -0.17437744140625
0.0170736312866211 -0.00454521179199219 0.12261962890625 -0.203659057617187
0.00328159332275391 0.016510009765625 0.32000732421875 -0.045806884765625
-0.0135269165039063 0.0179538726806641 0.244598388671875 0.30029296875
-0.0104026794433594 0.010157585144043 -0.0694580078125 0.4488525390625
-0.0253314971923828 0.0329189300537109 -0.243453979492188 0.228408813476563
-0.0335121154785156 0.0321178436279297 0.0197105407714844 0.0278301239013672
-0.0291004180908203 0.0313720703125 0.310089111328125 -0.2080078125
-0.00128746032714844 0.0299835205078125 0.114654541015625 -0.462615966796875
0.000219345092773438 0.0191154479980469 -0.302398681640625 -0.28485107421875
-0.00288820266723633 0.000749111175537109 -0.324432373046875 0.076568603515625
0.0136089324951172 -0.00563430786132812 -0.128021240234375 0.211746215820313
0.0127830505371094 -0.00995635986328125 0.0679931640625 0.151824951171875
0.00786304473876953 -0.0135784149169922 0.155563354492188 0.03521728515625
0.0172414779663086 -0.00482559204101563 -0.155364990234375 -0.06048583984375
0.0163583755493164 -0.00593662261962891 -0.0551605224609375 -0.175827026367188
0.0156469345092773 -0.00379467010498047 0.146041870117188 -0.191848754882813
-0.000282287597656252 0.0164556503295898 0.334503173828125 -0.012481689453125
-0.0163106918334961 0.0140314102172852 0.217315673828125 0.3297119140625
-0.00794124603271484 0.00584602355957031 -0.11077880859375 0.439666748046875
-0.0212059020996094 0.0297603607177734 -0.247177124023438 0.201080322265625
-0.0254707336425781 0.0319480895996094 0.0448112487792969 0.0133857727050781
-0.0209369659423828 0.0296630859375 0.301177978515625 -0.2425537109375
0.00158500671386719 0.0251979827880859 0.063690185546875 -0.469451904296875
-0.00104331970214844 0.0160541534423828 -0.324432373046875 -0.248687744140625
-0.00710964202880859 0.000433921813964845 -0.30682373046875 0.106475830078125
0.0113649368286133 -0.00671672821044922 -0.104156494140625 0.221771240234375
0.0126132965087891 -0.0092926025390625 0.07794189453125 0.1483154296875
0.00840950012207031 -0.0104379653930664 0.15728759765625 0.029632568359375
0.0171308517456055 -0.000144004821777344 -0.152603149414063 -0.0656585693359375
0.0162839889526367 -0.00190925598144531 -0.0456695556640625 -0.175201416015625
0.0123367309570312 -0.000505447387695312 0.166702270507813 -0.176300048828125
-0.00529766082763672 0.0155372619628906 0.34344482421875 0.021087646484375
-0.01885986328125 0.005279541015625 0.1885986328125 0.354583740234375
-0.00178098678588867 -0.00475597381591797 -0.151763916015625 0.427520751953125
-0.00805282592773438 0.0214805603027344 -0.25079345703125 0.17578125
-0.00714111328125 0.0286579132080078 0.0633811950683594 0.0016021728515625
-0.00661659240722656 0.0216846466064453 0.290802001953125 -0.269287109375
0.00501441955566406 0.0144977569580078 0.025115966796875 -0.470489501953125
-0.00403118133544922 0.00992870330810547 -0.336090087890625 -0.21722412109375
-0.0107736587524414 0.000943183898925779 -0.286773681640625 0.129852294921875
0.00731039047241211 -0.00519847869873047 -0.0828857421875 0.227493286132813
0.0111856460571289 -0.00695705413818359 0.0872802734375 0.143768310546875
0.00844764709472656 -0.00566434860229492 0.15850830078125 0.0228424072265625
0.0162010192871094 0.00516605377197266 -0.150787353515625 -0.070220947265625
0.0149621963500977 0.002593994140625 -0.0386810302734375 -0.173553466796875
0.00809431076049805 0.00369119644165039 0.181564331054688 -0.165313720703125
-0.0102519989013672 0.0127058029174805 0.349029541015625 0.043304443359375
-0.0192832946777344 -0.00719642639160156 0.16912841796875 0.3709716796875
0.00963401794433594 -0.0208187103271484 -0.177703857421875 0.419403076171875
0.0148210525512695 0.0103015899658203 -0.254165649414062 0.158645629882813
0.0208015441894531 0.0229511260986328 0.0728225708007813 -0.006988525390625
0.0113992691040039 0.00750064849853516 0.2784423828125 -0.28936767578125
0.00830459594726563 -0.00196981430053711 -0.00650024414062504 -0.472198486328125
-0.00940895080566406 0.00179862976074219 -0.345855712890625 -0.19500732421875
-0.0149593353271484 0.00321865081787109 -0.272872924804688 0.145782470703125
0.00460004806518555 -0.00201749801635742 -0.0673828125 0.233795166015625
0.00936603546142578 -0.00220203399658203 0.092987060546875 0.141738891601562
0.00868368148803711 -0.000325679779052734 0.159820556640625 0.0183868408203125
0.0163125991821289 0.0101938247680664 -0.14862060546875 -0.0706939697265625
0.0121698379516602 0.00880718231201172 -0.0360260009765625 -0.169540405273438
0.0029754638671875 0.008941650390625 0.186920166015625 -0.157577514648438
-0.0151834487915039 0.00936412811279297 0.35015869140625 0.052215576171875
-0.0195903778076172 -0.021392822265625 0.160919189453125 0.37554931640625
0.0229225158691406 -0.0410270690917969 -0.191070556640625 0.41387939453125
0.0425605773925781 -0.003570556640625 -0.258529663085938 0.150680541992187
0.0539054870605469 0.0151748657226563 0.0708084106445313 -0.011077880859375
0.0332469940185547 -0.0106220245361328 0.26885986328125 -0.2967529296875
0.0113601684570313 -0.0215988159179688 -0.015625 -0.47198486328125
-0.0156040191650391 -0.00760841369628906 -0.347198486328125 -0.18719482421875
-0.0187454223632812 0.00541114807128906 -0.266250610351563 0.151962280273438
0.00129914283752441 0.00373625755310059 -0.06085205078125 0.236328125
0.0064997673034668 0.00364065170288086 0.095428466796875 0.142791748046875
0.00834798812866211 0.00453567504882813 0.161178588867187 0.0164794921875
0.0154666900634766 0.0145206451416016 -0.147781372070313 -0.0686187744140625
0.00897312164306641 0.0146541595458984 -0.039703369140625 -0.165603637695313
-0.000850677490234374 0.0150794982910156 0.181686401367187 -0.1588134765625
-0.0189857482910156 0.00637435913085938 0.350677490234375 0.040985107421875
-0.0207595825195313 -0.0349502563476562 0.171722412109375 0.367889404296875
0.0348129272460938 -0.0633811950683594 -0.17926025390625 0.41680908203125
0.0712203979492188 -0.020294189453125 -0.26434326171875 0.158660888671875
0.0877914428710938 0.00675201416015625 0.055389404296875 -0.0084075927734375
0.0567626953125 -0.0291862487792969 0.264373779296875 -0.288116455078125
0.0165824890136719 -0.04278564453125 -0.00723266601562503 -0.472015380859375
-0.0212154388427734 -0.01861572265625 -0.344573974609375 -0.196624755859375
-0.0225734710693359 0.007476806640625 -0.27032470703125 0.146148681640625
-0.00269508361816406 0.0121402740478516 -0.0634613037109375 0.236953735351562
0.00274658203125 0.0124940872192383 0.09405517578125 0.14520263671875
0.00836563110351563 0.0108461380004883 0.162368774414063 0.0180206298828125
0.0146312713623047 0.0177192687988281 -0.147384643554687 -0.06219482421875
0.00481414794921875 0.0208110809326172 -0.0477142333984375 -0.160736083984375
-0.00454902648925781 0.0228195190429687 0.165512084960938 -0.166763305664063
-0.0226726531982422 0.00623703002929688 0.34332275390625 0.012420654296875
-0.0244102478027344 -0.0459938049316406 0.199798583984375 0.344085693359375
0.03997802734375 -0.08673095703125 -0.14422607421875 0.427032470703125
0.0941009521484375 -0.0416336059570313 -0.268600463867188 0.181106567382813
0.12115478515625 -0.00275421142578125 0.0253391265869141 0.00167465209960938
0.0838623046875 -0.0464553833007813 0.264373779296875 -0.264404296875
0.0264549255371094 -0.0652580261230469 0.023773193359375 -0.470977783203125
-0.0253219604492188 -0.0332393646240234 -0.33221435546875 -0.227996826171875
-0.0278816223144531 0.00758934020996093 -0.286102294921875 0.12646484375
-0.00598907470703125 0.0175142288208008 -0.0831756591796875 0.234420776367187
-0.00149345397949219 0.0207500457763672 0.08660888671875 0.15411376953125
0.00819015502929687 0.0161581039428711 0.1624755859375 0.0256805419921875
0.016932487487793 -0.0118341445922852 -0.156234741210938 -0.0467529296875
0.0120868682861328 -0.00788211822509766 -0.0752410888671875 -0.170623779296875
0.0179977416992188 -0.00382041931152344 0.101394653320313 -0.212783813476563
0.00730609893798828 0.0159835815429688 0.30511474609375 -0.07421875
-0.0109100341796875 0.0176219940185547 0.2664794921875 0.27203369140625
-0.00941944122314453 0.00663661956787109 -0.027923583984375 0.451507568359375
-0.021759033203125 0.0298290252685547 -0.238189697265625 0.253143310546875
-0.0301647186279297 0.0300655364990234 -0.00592422485351563 0.0396156311035156
-0.0289630889892578 0.0284614562988281 0.313507080078125 -0.17730712890625
-0.00203895568847656 0.0272426605224609 0.157135009765625 -0.4505615234375
0.000663757324218751 0.0183429718017578 -0.275421142578125 -0.31829833984375
-0.000713348388671875 0.00179207324981689 -0.338714599609375 0.0478515625
0.0156955718994141 -0.00248622894287109 -0.149154663085937 0.201568603515625
0.0115966796875 -0.00866031646728516 0.0570068359375 0.155319213867188
0.00727653503417969 -0.0162696838378906 0.15399169921875 0.0421600341796875
0.0162420272827148 -0.00896549224853516 -0.155807495117188 -0.05169677734375
0.0146598815917969 -0.00776958465576172 -0.066162109375 -0.172714233398437
0.0165166854858398 -0.00446414947509766 0.122177124023437 -0.202224731445313
0.00409507751464844 0.0165243148803711 0.318572998046875 -0.0447998046875
-0.0133247375488281 0.0174541473388672 0.243377685546875 0.299896240234375
-0.0103006362915039 0.00978279113769531 -0.0687255859375 0.44580078125
-0.0253200531005859 0.0326442718505859 -0.243026733398438 0.227157592773437
-0.0331192016601563 0.0323562622070313 0.0189304351806641 0.0275993347167969
-0.0288753509521484 0.0318946838378906 0.309234619140625 -0.206390380859375
-0.00145530700683594 0.0296554565429687 0.11346435546875 -0.459991455078125
0.000738143920898438 0.0192775726318359 -0.29913330078125 -0.283782958984375
-0.00298953056335449 0.00110840797424316 -0.32281494140625 0.076507568359375
0.0136041641235352 -0.00568199157714844 -0.12646484375 0.2103271484375
0.0126008987426758 -0.0100574493408203 0.0680389404296875 0.150955200195313
0.00759124755859375 -0.0133256912231445 0.154647827148438 0.0352020263671875
0.0169639587402344 -0.00501251220703125 -0.154266357421875 -0.0593414306640625
0.0158252716064453 -0.00598907470703125 -0.0553741455078125 -0.1744384765625
0.015289306640625 -0.00355434417724609 0.145233154296875 -0.190032958984375
4.57763671874989E-05 0.0163564682006836 0.332275390625 -0.01153564453125
-0.0164871215820313 0.0142269134521484 0.2161865234375 0.328948974609375
-0.00885486602783203 0.00557899475097656 -0.110382080078125 0.438140869140625
-0.0210170745849609 0.0296001434326172 -0.24603271484375 0.199951171875
-0.0251655578613281 0.0321407318115234 0.0439224243164063 0.0139541625976563
-0.0209980010986328 0.0302963256835938 0.300933837890625 -0.24041748046875
0.00155448913574218 0.0250701904296875 0.064300537109375 -0.46728515625
-0.000919342041015624 0.0158300399780273 -0.32220458984375 -0.247467041015625
-0.0070490837097168 0.000748634338378907 -0.304931640625 0.1058349609375
0.0111351013183594 -0.00698280334472656 -0.102951049804687 0.220123291015625
0.0124435424804688 -0.0092926025390625 0.077911376953125 0.146804809570313
0.00784397125244141 -0.010228157043457 0.15692138671875 0.0290374755859375
0.0167179107666016 -0.000151634216308594 -0.152328491210937 -0.064666748046875
0.0163211822509766 -0.00238513946533203 -0.0455474853515625 -0.173782348632813
0.0118589401245117 -0.00075531005859375 0.165557861328125 -0.17529296875
-0.005035400390625 0.0153923034667969 0.34246826171875 0.020263671875
-0.0191116333007812 0.00539970397949219 0.188720703125 0.353851318359375
-0.00193214416503906 -0.00505924224853516 -0.150421142578125 0.425628662109375
-0.00788116455078125 0.0217857360839844 -0.249740600585937 0.17474365234375
-0.00663375854492188 0.0286922454833984 0.0624542236328125 0.00218963623046875
-0.00634765625 0.0219211578369141 0.289703369140625 -0.267669677734375
0.00481986999511719 0.0146703720092773 0.02447509765625 -0.468475341796875
-0.00421333312988281 0.00953865051269531 -0.333984375 -0.21600341796875
-0.0108871459960938 0.00137901306152344 -0.28521728515625 0.12957763671875
0.00750494003295898 -0.00542068481445313 -0.08197021484375 0.226455688476563
0.0115833282470703 -0.00692462921142578 0.08660888671875 0.143157958984375
0.00774431228637695 -0.00520515441894531 0.15765380859375 0.02197265625
0.0165243148803711 0.00509357452392578 -0.149948120117188 -0.0692138671875
0.014678955078125 0.00259113311767578 -0.0392608642578125 -0.171676635742188
0.00786542892456055 0.00397300720214844 0.180450439453125 -0.163848876953125
-0.00976753234863281 0.0122690200805664 0.348602294921875 0.04290771484375
-0.019744873046875 -0.0067291259765625 0.16815185546875 0.369232177734375
0.00906181335449219 -0.0213184356689453 -0.177703857421875 0.417572021484375
0.0144414901733398 0.0104227066040039 -0.252899169921875 0.15740966796875
0.0206737518310547 0.02276611328125 0.0719680786132812 -0.00705718994140625
0.0119791030883789 0.00771522521972656 0.27685546875 -0.2869873046875
0.00843524932861328 -0.00192594528198242 -0.00558471679687498 -0.468963623046875
-0.00913333892822266 0.00164222717285156 -0.3438720703125 -0.194091796875
-0.0148897171020508 0.003448486328125 -0.2713623046875 0.145477294921875
0.00484943389892578 -0.0019230842590332 -0.0665740966796875 0.232040405273438
0.00904750823974609 -0.001617431640625 0.0928955078125 0.140548706054688
0.00835895538330078 -0.000422477722167969 0.1593017578125 0.0181884765625
0.0161399841308594 0.00977802276611328 -0.148605346679688 -0.0698394775390625
0.0118999481201172 0.00848197937011719 -0.036834716796875 -0.168563842773438
0.00315666198730469 0.00914955139160156 0.185958862304688 -0.156051635742188
-0.0147323608398438 0.00906753540039062 0.34979248046875 0.05126953125
-0.0194416046142578 -0.0215930938720703 0.159881591796875 0.373992919921875
0.0225334167480469 -0.040924072265625 -0.189910888671875 0.41204833984375
0.0424690246582031 -0.003265380859375 -0.25762939453125 0.150390625
0.0532684326171875 0.0156059265136719 0.0698776245117188 -0.0103034973144531
0.0334377288818359 -0.0100994110107422 0.26922607421875 -0.29400634765625
0.0114154815673828 -0.0212764739990234 -0.014556884765625 -0.4697265625
-0.0156593322753906 -0.00806999206542969 -0.34454345703125 -0.18634033203125
-0.0185413360595703 0.00586128234863281 -0.264419555664063 0.15087890625
0.00135135650634766 0.00391387939453125 -0.059783935546875 0.235015869140625
0.00671291351318359 0.00372886657714844 0.09539794921875 0.141769409179688
0.00780868530273437 0.00455808639526367 0.160446166992188 0.01617431640625
0.0149116516113281 0.0143823623657227 -0.147598266601563 -0.0677032470703125
0.00798416137695312 0.0146656036376953 -0.040069580078125 -0.164215087890625
-0.00110244750976563 0.0150842666625977 0.181732177734375 -0.1580810546875
-0.0182247161865234 0.00624275207519531 0.348388671875 0.040435791015625
-0.0209236145019531 -0.0352249145507813 0.1715087890625 0.364959716796875
0.0342178344726562 -0.0629348754882813 -0.179412841796875 0.41497802734375
0.0708999633789063 -0.0200576782226563 -0.263534545898438 0.157424926757812
0.0877838134765625 0.006378173828125 0.054931640625 -0.00796127319335938
0.0571823120117188 -0.0289535522460938 0.264373779296875 -0.28582763671875
0.0167808532714844 -0.0425796508789062 -0.00814819335937502 -0.469085693359375
-0.0212059020996094 -0.0183010101318359 -0.342681884765625 -0.197296142578125
-0.0225028991699219 0.00772666931152343 -0.268508911132813 0.14581298828125
-0.00265789031982422 0.0114164352416992 -0.06304931640625 0.235946655273437
0.00273609161376953 0.0125150680541992 0.093994140625 0.144851684570313
0.00846576690673828 0.0107192993164063 0.1611328125 0.01739501953125
0.0149192810058594 0.0182113647460938 -0.146987915039063 -0.060943603515625
0.00447654724121094 0.0208911895751953 -0.047882080078125 -0.15985107421875
-0.00415611267089843 0.0222797393798828 0.164596557617188 -0.166213989257813
-0.0218238830566406 0.00569915771484375 0.341888427734375 0.01220703125
-0.0243606567382812 -0.0453262329101563 0.198516845703125 0.343353271484375
0.0391159057617188 -0.086334228515625 -0.14312744140625 0.424468994140625
0.0943756103515625 -0.0407257080078125 -0.267623901367188 0.180068969726562
0.121131896972656 -0.00235748291015625 0.0248374938964844 0.00207901000976563
0.0836257934570312 -0.045867919921875 0.263580322265625 -0.262176513671875
0.0265541076660156 -0.0644454956054688 0.02490234375 -0.469146728515625
-0.0251922607421875 -0.0329380035400391 -0.330535888671875 -0.226593017578125
-0.0277061462402344 0.00769996643066406 -0.28466796875 0.125335693359375
-0.00563430786132813 0.0173482894897461 -0.0817413330078125 0.233413696289063
-0.00159072875976563 0.0208473205566406 0.08587646484375 0.152725219726562
0.00730800628662109 0.0159854888916016 0.162063598632813 0.0253143310546875
0.0168180465698242 -0.0122556686401367 -0.156051635742188 -0.0462188720703125
0.0117082595825195 -0.00815677642822266 -0.0756072998046875 -0.169631958007812
0.0178012847900391 -0.00370979309082031 0.101272583007813 -0.21148681640625
0.00809001922607422 0.0154647827148437 0.304290771484375 -0.074005126953125
-0.0108156204223633 0.0174989700317383 0.26416015625 0.270843505859375
-0.00975322723388672 0.00656890869140625 -0.02783203125 0.44873046875
-0.0220088958740234 0.0299968719482422 -0.237548828125 0.251907348632813
-0.0302181243896484 0.0301628112792969 -0.0059967041015625 0.0394058227539062
-0.0289382934570313 0.0283050537109375 0.312835693359375 -0.175537109375
-0.00148582458496094 0.0275421142578125 0.157958984375 -0.44940185546875
0.000452041625976562 0.0186595916748047 -0.274658203125 -0.316802978515625
-0.00107836723327637 0.00223875045776367 -0.336944580078125 0.046417236328125
0.0158491134643555 -0.00243854522705078 -0.148406982421875 0.200668334960938
0.0117073059082031 -0.00837516784667969 0.0564117431640625 0.155181884765625
0.00680065155029297 -0.0159444808959961 0.154006958007812 0.0420989990234375
0.016331672668457 -0.0092315673828125 -0.155166625976562 -0.051361083984375
0.0146989822387695 -0.00814342498779297 -0.06689453125 -0.171173095703125
0.0165987014770508 -0.00447273254394531 0.122100830078125 -0.201278686523438
0.00442600250244141 0.0165786743164063 0.317596435546875 -0.044281005859375
-0.013127326965332 0.0172300338745117 0.24078369140625 0.298187255859375
-0.0105533599853516 0.00935077667236328 -0.06927490234375 0.444427490234375
-0.0252189636230469 0.0325794219970703 -0.242599487304687 0.226043701171875
-0.0325355529785156 0.0317058563232422 0.018463134765625 0.0278797149658203
-0.028564453125 0.0324134826660156 0.308990478515625 -0.205780029296875
-0.000608444213867189 0.0297069549560547 0.1131591796875 -0.457763671875
0.000434875488281252 0.0189666748046875 -0.2984619140625 -0.282135009765625
-0.00333118438720703 0.00111556053161621 -0.321533203125 0.076446533203125
0.0132789611816406 -0.00561237335205078 -0.1263427734375 0.209609985351563
0.0124921798706055 -0.0098409652709961 0.06817626953125 0.150192260742188
0.00725841522216797 -0.0129203796386719 0.154495239257813 0.034912109375
0.0172529220581055 -0.00519371032714844 -0.154083251953125 -0.0587158203125
0.0159187316894531 -0.00602912902832031 -0.0561370849609375 -0.173309326171875
0.0154552459716797 -0.00373744964599609 0.145065307617188 -0.188873291015625
0.000437736511230469 0.016606330871582 0.33160400390625 -0.01153564453125
-0.016326904296875 0.013880729675293 0.215301513671875 0.327056884765625
-0.00872802734375 0.00558853149414063 -0.11004638671875 0.436065673828125
-0.0209522247314453 0.0294113159179688 -0.245742797851563 0.199356079101562
-0.0246601104736328 0.0319290161132813 0.0428848266601563 0.0140190124511719
-0.0205745697021484 0.0305023193359375 0.29998779296875 -0.23883056640625
0.00195121765136719 0.0254173278808594 0.06561279296875 -0.4658203125
-0.000804901123046875 0.0161714553833008 -0.32073974609375 -0.2459716796875
-0.00696754455566406 0.000587463378906249 -0.3033447265625 0.105438232421875
0.0109577178955078 -0.00714874267578125 -0.102752685546875 0.219406127929687
0.0121603012084961 -0.00869941711425781 0.0779571533203125 0.147003173828125
0.00760078430175781 -0.0100698471069336 0.156936645507813 0.02899169921875
0.0166540145874023 -0.000287055969238281 -0.15155029296875 -0.063720703125
0.0163259506225586 -0.00255870819091797 -0.0450439453125 -0.172195434570313
0.0122261047363281 -0.000544548034667969 0.166015625 -0.173919677734375
-0.00470161437988281 0.0150842666625977 0.340911865234375 0.021820068359375
-0.0188045501708984 0.00515556335449218 0.187042236328125 0.352294921875
-0.00229978561401367 -0.00549936294555664 -0.152496337890625 0.4249267578125
-0.00756263732910156 0.0219936370849609 -0.249465942382812 0.174179077148438
-0.00642967224121094 0.0285778045654297 0.061737060546875 0.0023040771484375
-0.00659561157226563 0.0224189758300781 0.287872314453125 -0.265716552734375
0.00536537170410156 0.0147333145141602 0.025360107421875 -0.467559814453125
-0.00400161743164063 0.0093994140625 -0.333984375 -0.215728759765625
-0.0111589431762695 0.00185775756835938 -0.284912109375 0.1290283203125
0.00745582580566406 -0.00545692443847656 -0.0817108154296875 0.225738525390625
0.0113525390625 -0.00665187835693359 0.08599853515625 0.142715454101563
0.00736522674560547 -0.00491714477539063 0.156707763671875 0.0221099853515625
0.0160036087036133 0.00510597229003906 -0.149551391601563 -0.0685577392578125
0.0148448944091797 0.00226497650146484 -0.0389556884765625 -0.17059326171875
0.00786876678466797 0.00381374359130859 0.180526733398438 -0.162887573242188
-0.00958538055419922 0.0124711990356445 0.346710205078125 0.0433349609375
-0.0197086334228516 -0.00674629211425781 0.166839599609375 0.368316650390625
0.00869369506835937 -0.0215034484863281 -0.1768798828125 0.415283203125
0.0144472122192383 0.0104532241821289 -0.25213623046875 0.156463623046875
0.0206985473632813 0.0229606628417969 0.0709686279296875 -0.00621795654296875
0.012385368347168 0.00825309753417969 0.27593994140625 -0.2841796875
0.0083322525024414 -0.00174617767333984 -0.00527954101562501 -0.4686279296875
-0.00912094116210938 0.001861572265625 -0.34283447265625 -0.1937255859375
-0.0149688720703125 0.00336551666259765 -0.27069091796875 0.144424438476562
0.00456762313842773 -0.00188636779785156 -0.0665130615234375 0.231643676757813
0.00919532775878906 -0.00185394287109375 0.0923614501953125 0.140609741210938
0.00744867324829102 6.96182250976563E-05 0.158599853515625 0.018157958984375
0.0157327651977539 0.00960731506347656 -0.148193359375 -0.0695037841796875
0.0117292404174805 0.00831794738769531 -0.0372161865234375 -0.166854858398438
0.00332355499267578 0.00906181335449219 0.18603515625 -0.155242919921875
-0.0143222808837891 0.00894832611083985 0.34747314453125 0.051666259765625
-0.0197467803955078 -0.0217800140380859 0.159149169921875 0.37396240234375
0.0221939086914063 -0.0404510498046875 -0.189697265625 0.410064697265625
0.0426406860351563 -0.00329208374023438 -0.25732421875 0.149978637695313
0.0532341003417969 0.0154342651367188 0.0688514709472656 -0.0100555419921875
0.0335578918457031 -0.00966644287109375 0.267578125 -0.29071044921875
0.0116195678710937 -0.0213470458984375 -0.015380859375 -0.46844482421875
-0.0156593322753906 -0.00750255584716797 -0.3436279296875 -0.186004638671875
-0.0185298919677734 0.00597953796386719 -0.2630615234375 0.150588989257813
0.0015866756439209 0.00409984588623047 -0.0593109130859375 0.234161376953125
0.0064854621887207 0.00372886657714844 0.0948028564453125 0.1412353515625
0.00739097595214844 0.00487375259399414 0.16021728515625 0.0159149169921875
0.0146970748901367 0.0139884948730469 -0.14764404296875 -0.06683349609375
0.00843143463134766 0.0145025253295898 -0.039764404296875 -0.163040161132813
-0.00127506256103516 0.015049934387207 0.180923461914063 -0.156356811523438
-0.0178756713867188 0.00580787658691406 0.34759521484375 0.04193115234375
-0.0205650329589844 -0.0351829528808594 0.17010498046875 0.364501953125
0.0341300964355469 -0.0631332397460938 -0.1798095703125 0.412994384765625
0.0709686279296875 -0.0198211669921875 -0.26300048828125 0.15667724609375
0.0881118774414063 0.00708770751953125 0.0540046691894531 -0.0078125
0.0570869445800781 -0.0287818908691406 0.263702392578125 -0.284423828125
0.0172157287597656 -0.0426292419433594 -0.00640869140625001 -0.468353271484375
-0.0211448669433594 -0.0190753936767578 -0.34112548828125 -0.1966552734375
-0.0227813720703125 0.0082855224609375 -0.267242431640625 0.14495849609375
-0.00295543670654297 0.0118865966796875 -0.062408447265625 0.234466552734375
0.00281143188476563 0.012359619140625 0.0935211181640625 0.144256591796875
0.00740909576416016 0.0112648010253906 0.160995483398438 0.017425537109375
0.0145053863525391 0.0182628631591797 -0.146835327148437 -0.060943603515625
0.00457763671875 0.0206756591796875 -0.0481109619140625 -0.158370971679687
-0.00473976135253906 0.0215797424316406 0.164993286132813 -0.165069580078125
-0.02142333984375 0.00530242919921875 0.34149169921875 0.012237548828125
-0.0241661071777344 -0.0452804565429688 0.197357177734375 0.342437744140625
0.0389175415039062 -0.0855331420898437 -0.144744873046875 0.42181396484375
0.0939483642578125 -0.0402450561523437 -0.267593383789063 0.179183959960937
0.12078857421875 -0.00167083740234375 0.0242252349853516 0.00227165222167969
0.0837860107421875 -0.0458297729492188 0.262863159179688 -0.260360717773438
0.02667236328125 -0.0644683837890625 0.0256958007812501 -0.468505859375
-0.0250148773193359 -0.03289794921875 -0.329864501953125 -0.226959228515625
-0.0278549194335938 0.00802421569824219 -0.283355712890625 0.124664306640625
-0.00592041015625 0.0175743103027344 -0.0814971923828125 0.232025146484375
-0.00164222717285156 0.0212688446044922 0.0859222412109375 0.152481079101563
0.00765895843505859 0.0165719985961914 0.161666870117188 0.0248260498046875
0.0169858932495117 -0.0120582580566406 -0.156463623046875 -0.045867919921875
0.0119361877441406 -0.00803947448730469 -0.0757293701171875 -0.168365478515625
0.0180492401123047 -0.0037994384765625 0.100860595703125 -0.210830688476563
0.00819969177246094 0.0156545639038086 0.3043212890625 -0.073028564453125
-0.0111112594604492 0.0175037384033203 0.264801025390625 0.271759033203125
-0.00970649719238281 0.00628852844238281 -0.029815673828125 0.448822021484375
-0.0216941833496094 0.0299129486083984 -0.238082885742188 0.251144409179687
-0.0296268463134766 0.0299243927001953 -0.00661849975585938 0.0395774841308594
-0.0284671783447266 0.0288295745849609 0.311767578125 -0.174346923828125
-0.00152206420898437 0.0274162292480469 0.15911865234375 -0.448516845703125
0.000516891479492186 0.0185832977294922 -0.272674560546875 -0.317047119140625
-0.00140094757080078 0.00230550765991211 -0.33575439453125 0.045806884765625
0.0158576965332031 -0.00254154205322266 -0.147811889648437 0.199966430664063
0.0118808746337891 -0.00852012634277344 0.0569305419921875 0.154266357421875
0.00649166107177734 -0.0159091949462891 0.1536865234375 0.0423126220703125
0.0167436599731445 -0.00966167449951172 -0.155426025390625 -0.0504302978515625
0.0150051116943359 -0.00806713104248047 -0.06640625 -0.170074462890625
0.0170745849609375 -0.00475502014160156 0.121994018554687 -0.200592041015625
0.00473880767822266 0.0161495208740234 0.3173828125 -0.04351806640625
-0.0133190155029297 0.0181159973144531 0.241455078125 0.299285888671875
-0.0109615325927734 0.00918292999267578 -0.069732666015625 0.44305419921875
-0.0250415802001953 0.0325412750244141 -0.24273681640625 0.224777221679688
-0.0327320098876953 0.0318679809570313 0.0176849365234375 0.0277786254882813
-0.0285224914550781 0.0323314666748047 0.30828857421875 -0.203033447265625
-0.00152587890625 0.0295448303222656 0.116363525390625 -0.456817626953125
0.000110626220703126 0.0190868377685547 -0.29638671875 -0.282623291015625
-0.00330615043640137 0.00127267837524414 -0.320770263671875 0.0755310058593751
0.0133247375488281 -0.00569820404052734 -0.126022338867187 0.208206176757813
0.0122642517089844 -0.0100011825561523 0.0678558349609375 0.150344848632813
0.00698471069335938 -0.0131502151489258 0.15478515625 0.034332275390625
0.0171232223510742 -0.00496101379394531 -0.1541748046875 -0.0587615966796875
0.0161237716674805 -0.00608253479003906 -0.0557403564453125 -0.172454833984375
0.0156412124633789 -0.00393199920654297 0.145172119140625 -0.18798828125
0.00100517272949219 0.0162973403930664 0.331298828125 -0.010650634765625
-0.0163202285766602 0.0140047073364258 0.214569091796875 0.328887939453125
-0.00928688049316406 0.00532054901123047 -0.111083984375 0.43463134765625
-0.0208930969238281 0.0295543670654297 -0.246429443359375 0.198287963867187
-0.0245723724365234 0.0317249298095703 0.0429000854492188 0.0145339965820313
-0.0209865570068359 0.0306587219238281 0.2996826171875 -0.237701416015625
0.00174140930175781 0.0253429412841797 0.06597900390625 -0.46514892578125
-0.00119686126708984 0.0158061981201172 -0.319000244140625 -0.2459716796875
-0.00664424896240234 0.000961303710937501 -0.303070068359375 0.10528564453125
0.0109119415283203 -0.00727176666259766 -0.102157592773438 0.21923828125
0.0124588012695313 -0.00919628143310547 0.07745361328125 0.14642333984375
0.00733280181884766 -0.0096139907836914 0.156890869140625 0.0289459228515625
0.0163335800170898 -0.000275611877441406 -0.151504516601563 -0.0635833740234375
0.0161952972412109 -0.00235843658447266 -0.04541015625 -0.171539306640625
0.0121517181396484 -0.00069427490234375 0.16571044921875 -0.173233032226563
-0.00433921813964844 0.0152873992919922 0.340545654296875 0.021697998046875
-0.0187110900878906 0.0054168701171875 0.186187744140625 0.35284423828125
-0.00293874740600586 -0.00523233413696289 -0.152557373046875 0.423309326171875
-0.00767135620117187 0.0219898223876953 -0.25006103515625 0.173385620117187
-0.00601005554199219 0.0284385681152344 0.0607376098632813 0.0027008056640625
-0.00631332397460938 0.0231056213378906 0.288970947265625 -0.2645263671875
0.00553035736083985 0.0150279998779297 0.027191162109375 -0.4666748046875
-0.00444316864013672 0.00968360900878906 -0.3330078125 -0.21636962890625
-0.0111923217773438 0.00141429901123047 -0.284210205078125 0.12799072265625
0.00757360458374023 -0.00539779663085937 -0.0814361572265625 0.225006103515625
0.0108699798583984 -0.00695991516113281 0.08642578125 0.142013549804687
0.00711488723754883 -0.00473308563232422 0.1575927734375 0.0223236083984375
0.0160350799560547 0.00456809997558594 -0.150283813476563 -0.0679779052734375
0.0146312713623047 0.00256633758544922 -0.0392913818359375 -0.170150756835938
0.00838088989257813 0.00390195846557617 0.180862426757813 -0.161483764648438
-0.0091705322265625 0.0122928619384766 0.345489501953125 0.043701171875
-0.0194683074951172 -0.00664138793945313 0.16583251953125 0.369293212890625
0.00890350341796875 -0.0213546752929688 -0.1795654296875 0.415069580078125
0.0143461227416992 0.0111627578735352 -0.253219604492188 0.156036376953125
0.0211658477783203 0.0230159759521484 0.0704421997070313 -0.00542449951171875
0.0125846862792969 0.00858402252197266 0.276031494140625 -0.283660888671875
0.00852870941162109 -0.00141239166259766 -0.00341796874999998 -0.468475341796875
-0.00929737091064453 0.00219821929931641 -0.3402099609375 -0.1944580078125
-0.0149831771850586 0.00359153747558594 -0.270477294921875 0.14361572265625
0.00468969345092773 -0.00156116485595703 -0.0660400390625 0.230926513671875
0.00909805297851562 -0.00187873840332031 0.0924301147460938 0.139289855957031
0.00761604309082031 0.000354290008544922 0.158721923828125 0.01763916015625
0.0158777236938477 0.00966930389404297 -0.148422241210938 -0.068389892578125
0.0115804672241211 0.00849151611328125 -0.0369415283203125 -0.1663818359375
0.00335788726806641 0.00894927978515625 0.185409545898438 -0.154434204101563
-0.0134782791137695 0.00850963592529297 0.3482666015625 0.052215576171875
-0.0197200775146484 -0.0217685699462891 0.157470703125 0.3739013671875
0.0227012634277344 -0.0406875610351563 -0.19091796875 0.408905029296875
0.0422439575195313 -0.0029754638671875 -0.25726318359375 0.148818969726562
0.0533332824707031 0.0160713195800781 0.0686607360839844 -0.00922393798828125
0.0338134765625 -0.00919532775878906 0.26739501953125 -0.289825439453125
0.011993408203125 -0.0210304260253906 -0.012908935546875 -0.467620849609375
-0.015416145324707 -0.00728321075439453 -0.343048095703125 -0.186798095703125
-0.0187664031982422 0.00586318969726562 -0.263290405273438 0.14996337890625
0.00121665000915527 0.00373697280883789 -0.0589599609375 0.233291625976563
0.00666570663452149 0.00362110137939453 0.0946502685546875 0.140975952148438
0.00712776184082031 0.00503158569335937 0.160232543945313 0.016326904296875
0.0146408081054688 0.0142860412597656 -0.147872924804688 -0.066680908203125
0.00823307037353516 0.0147237777709961 -0.0401458740234375 -0.16278076171875
-0.00126361846923828 0.014857292175293 0.181442260742188 -0.1561279296875
-0.017730712890625 0.006011962890625 0.34783935546875 0.041259765625
-0.0203990936279297 -0.0350990295410156 0.16900634765625 0.36480712890625
0.0339622497558594 -0.0631332397460938 -0.179931640625 0.41131591796875
0.0701942443847656 -0.0191421508789063 -0.263412475585938 0.156524658203125
0.0879287719726562 0.007598876953125 0.0537147521972656 -0.0066986083984375
0.0577125549316406 -0.0278549194335938 0.2642822265625 -0.283050537109375
0.0173721313476563 -0.0422706604003906 -0.00476074218749997 -0.467620849609375
-0.0209617614746094 -0.0187416076660156 -0.33892822265625 -0.196044921875
-0.0228080749511719 0.00782966613769531 -0.26702880859375 0.144134521484375
-0.00287151336669922 0.0116205215454102 -0.0619354248046875 0.234237670898438
0.00295257568359375 0.0126562118530273 0.0928802490234375 0.143997192382813
0.00713539123535156 0.0117454528808594 0.161102294921875 0.0175323486328125
0.0145130157470703 0.0181961059570313 -0.146865844726563 -0.060546875
0.00462722778320312 0.0206947326660156 -0.048583984375 -0.158050537109375
-0.00420188903808593 0.0218582153320312 0.165252685546875 -0.164413452148438
-0.0214252471923828 0.00523567199707031 0.340423583984375 0.012725830078125
-0.0241813659667969 -0.0451736450195313 0.196563720703125 0.342498779296875
0.038482666015625 -0.0857925415039063 -0.14501953125 0.422088623046875
0.093780517578125 -0.0397415161132813 -0.267959594726563 0.178359985351562
0.121025085449219 -0.0014495849609375 0.0238208770751953 0.00300788879394531
0.0836181640625 -0.0448684692382813 0.262741088867188 -0.258941650390625
0.02734375 -0.0644035339355469 0.02630615234375 -0.46783447265625
-0.0247116088867188 -0.0331230163574219 -0.328125 -0.228302001953125
-0.0277118682861328 0.00792884826660156 -0.282958984375 0.124114990234375
-0.00569057464599609 0.0173149108886719 -0.08111572265625 0.231201171875
-0.00136184692382812 0.0212421417236328 0.0858154296875 0.152191162109375
0.00714397430419922 0.0164604187011719 0.161834716796875 0.024566650390625
0.0164585113525391 -0.012089729309082 -0.156784057617188 -0.0451812744140625
0.0115623474121094 -0.0081024169921875 -0.0755157470703125 -0.168197631835938
0.0180644989013672 -0.00388526916503906 0.10137939453125 -0.209762573242188
0.008392333984375 0.0152349472045898 0.3045654296875 -0.07159423828125
-0.0105133056640625 0.0169925689697266 0.26373291015625 0.27252197265625
-0.0105056762695313 0.00582504272460937 -0.031219482421875 0.448211669921875
-0.0214309692382812 0.0296421051025391 -0.239715576171875 0.250625610351562
-0.0290908813476563 0.0300922393798828 -0.00742721557617188 0.0397834777832031
-0.0284156799316406 0.0293846130371094 0.312652587890625 -0.172607421875
-0.00145912170410156 0.0277786254882813 0.16021728515625 -0.448089599609375
0.000738143920898437 0.0185966491699219 -0.272705078125 -0.31768798828125
-0.00128293037414551 0.0027008056640625 -0.337310791015625 0.045318603515625
0.0158147811889648 -0.00260829925537109 -0.147811889648438 0.199188232421875
0.012059211730957 -0.00882339477539063 0.056854248046875 0.154266357421875
0.00625801086425781 -0.0155296325683594 0.154434204101563 0.0416717529296875
0.0165891647338867 -0.0095672607421875 -0.15545654296875 -0.05059814453125
0.0146083831787109 -0.00787734985351563 -0.0665435791015625 -0.170242309570312
0.0171070098876953 -0.00493049621582031 0.122222900390625 -0.199630737304688
0.00554847717285156 0.0164499282836914 0.317596435546875 -0.0430908203125
-0.0137214660644531 0.0177021026611328 0.2408447265625 0.300933837890625
-0.0111885070800781 0.00915431976318359 -0.0721435546875 0.44305419921875
-0.0249805450439453 0.0325336456298828 -0.24407958984375 0.224105834960938
-0.0322341918945312 0.0320110321044922 0.0168590545654297 0.0280399322509766
-0.02801513671875 0.0323505401611328 0.3092041015625 -0.201629638671875
-0.000865936279296874 0.0297946929931641 0.117218017578125 -0.45648193359375
0.000514984130859376 0.0189933776855469 -0.2960205078125 -0.28289794921875
-0.0035250186920166 0.0017387866973877 -0.32073974609375 0.07568359375
0.0128631591796875 -0.00587081909179688 -0.125625610351562 0.20855712890625
0.0128555297851563 -0.0102567672729492 0.06756591796875 0.150360107421875
0.00653934478759766 -0.0128021240234375 0.1552734375 0.0345001220703125
0.0165414810180664 -0.00536346435546875 -0.154510498046875 -0.0578460693359375
0.0158700942993164 -0.00574207305908203 -0.0564422607421875 -0.172378540039063
0.0155115127563477 -0.00353240966796875 0.145492553710938 -0.187759399414063
0.000951766967773437 0.0165157318115234 0.331695556640625 -0.0098876953125
-0.0160303115844727 0.0139169692993164 0.214691162109375 0.329254150390625
-0.00888347625732422 0.00487136840820313 -0.110931396484375 0.435455322265625
-0.0214271545410156 0.0292778015136719 -0.247482299804687 0.197616577148437
-0.0245418548583984 0.0313472747802734 0.0420417785644531 0.0143890380859375
-0.0204200744628906 0.0311946868896484 0.300506591796875 -0.23553466796875
0.00171279907226563 0.0257244110107422 0.067718505859375 -0.46551513671875
-0.000657081604003906 0.0159358978271484 -0.31878662109375 -0.247222900390625
-0.00742959976196289 0.00141382217407226 -0.3035888671875 0.104736328125
0.0109767913818359 -0.00718593597412109 -0.1021728515625 0.21875
0.01275634765625 -0.00966262817382812 0.0777435302734375 0.146255493164063
0.00668811798095703 -0.00994586944580078 0.15716552734375 0.028778076171875
0.0167236328125 -0.000257492065429688 -0.152587890625 -0.062957763671875
0.0161638259887695 -0.00222873687744141 -0.04571533203125 -0.171218872070313
0.012080192565918 -0.000781059265136719 0.166610717773438 -0.173126220703125
-0.0040121078491211 0.014409065246582 0.341766357421875 0.022216796875
-0.0187931060791016 0.00493621826171875 0.186309814453125 0.35430908203125
-0.00324010848999023 -0.00493860244750977 -0.15411376953125 0.42303466796875
-0.00779342651367187 0.0216503143310547 -0.250030517578125 0.172195434570312
-0.00594329833984375 0.0284233093261719 0.0606880187988281 0.00310134887695313
-0.00599098205566407 0.0225124359130859 0.289154052734375 -0.26397705078125
0.00555801391601562 0.0147256851196289 0.0285034179687499 -0.467926025390625
-0.00426578521728516 0.00964164733886719 -0.33203125 -0.216766357421875
-0.0110692977905273 0.00225353240966797 -0.28399658203125 0.128082275390625
0.00754928588867187 -0.0059046745300293 -0.0810546875 0.225021362304688
0.0113134384155273 -0.00700187683105469 0.0858612060546875 0.1424560546875
0.00688457489013672 -0.00482940673828125 0.157867431640625 0.0224609375
0.0160913467407227 0.00524806976318359 -0.150604248046875 -0.0678558349609375
0.0144023895263672 0.00255489349365234 -0.039276123046875 -0.169952392578125
0.00833034515380859 0.00316667556762695 0.181350708007813 -0.161392211914063
-0.009033203125 0.0119943618774414 0.346466064453125 0.04473876953125
-0.0195751190185547 -0.00711631774902344 0.166290283203125 0.37017822265625
0.00839424133300781 -0.0210552215576172 -0.180419921875 0.41357421875
0.0149812698364258 0.0108575820922852 -0.253616333007812 0.155120849609375
0.0212135314941406 0.0234928131103516 0.0699577331542969 -0.00490951538085937
0.0127286911010742 0.00878429412841797 0.275726318359375 -0.283355712890625
0.0086817741394043 -0.00156784057617188 -0.001800537109375 -0.46875
-0.00943565368652344 0.00201225280761719 -0.340667724609375 -0.1944580078125
-0.0150957107543945 0.00362873077392578 -0.270431518554688 0.143341064453125
0.00454187393188476 -0.00167417526245117 -0.0656890869140625 0.230392456054687
0.00927257537841797 -0.00205516815185547 0.0925216674804687 0.140243530273437
0.00757837295532227 0.000431060791015625 0.158981323242187 0.017791748046875
0.0154600143432617 0.00999259948730469 -0.148452758789063 -0.068603515625
0.0114717483520508 0.00871372222900391 -0.037261962890625 -0.166000366210937
0.00302410125732422 0.00839376449584961 0.1864013671875 -0.154266357421875
-0.0136680603027344 0.00819110870361328 0.34783935546875 0.051666259765625
-0.0195808410644531 -0.0214500427246094 0.157257080078125 0.37506103515625
0.0221443176269531 -0.040435791015625 -0.192474365234375 0.4075927734375
0.0424423217773437 -0.00252532958984375 -0.258193969726563 0.148239135742187
0.0542221069335938 0.0164413452148438 0.068115234375 -0.00910568237304687
0.0342044830322266 -0.00905418395996094 0.26824951171875 -0.289337158203125
0.0119113922119141 -0.0214519500732422 -0.013275146484375 -0.468719482421875
-0.0152988433837891 -0.00748252868652344 -0.34173583984375 -0.1875
-0.0189151763916016 0.00635719299316407 -0.263046264648438 0.149459838867188
0.00192451477050781 0.00372624397277832 -0.0591278076171875 0.232940673828125
0.00661897659301758 0.00332260131835938 0.094451904296875 0.141387939453125
0.00701808929443359 0.00502586364746094 0.160232543945313 0.0161895751953125
0.0147991180419922 0.0142993927001953 -0.148101806640625 -0.0657196044921875
0.00771617889404297 0.0147018432617187 -0.0403900146484375 -0.1619873046875
-0.00109100341796875 0.0147647857666016 0.182098388671875 -0.155609130859375
-0.0176982879638672 0.00552749633789062 0.34716796875 0.041534423828125
-0.0204505920410156 -0.0350170135498047 0.16778564453125 0.36572265625
0.0337448120117188 -0.0628280639648437 -0.18109130859375 0.412322998046875
0.0707931518554688 -0.0189666748046875 -0.263824462890625 0.15484619140625
0.088043212890625 0.0072021484375 0.0531997680664063 -0.00646209716796875
0.0577659606933594 -0.0274276733398438 0.263992309570313 -0.281097412109375
0.0173683166503906 -0.0427360534667969 -0.00448608398437495 -0.467742919921875
-0.0210762023925781 -0.0192680358886719 -0.338623046875 -0.198150634765625
-0.0230255126953125 0.00801849365234375 -0.267547607421875 0.14410400390625
-0.00273418426513672 0.0119361877441406 -0.061981201171875 0.233657836914063
0.00307369232177734 0.0124101638793945 0.093048095703125 0.144012451171875
0.00720882415771484 0.0113334655761719 0.161407470703125 0.0176544189453125
0.0143985748291016 0.0183048248291016 -0.147415161132812 -0.059967041015625
0.00416755676269531 0.0210437774658203 -0.0485076904296875 -0.15704345703125
-0.00463485717773438 0.0213413238525391 0.165679931640625 -0.164642333984375
-0.0208110809326172 0.00469779968261719 0.341064453125 0.01434326171875
-0.0245780944824219 -0.045379638671875 0.195648193359375 0.34356689453125
0.0379791259765625 -0.0854873657226563 -0.145660400390625 0.421478271484375
0.0937728881835938 -0.0391311645507813 -0.2681884765625 0.177902221679688
0.121360778808594 -0.00054168701171875 0.0234222412109375 0.00284004211425781
0.0846405029296875 -0.044677734375 0.263229370117188 -0.25732421875
0.0272712707519531 -0.064300537109375 0.027496337890625 -0.467376708984375
-0.0251922607421875 -0.0335636138916016 -0.32794189453125 -0.228973388671875
-0.0275955200195312 0.00810432434082032 -0.283172607421875 0.123626708984375
-0.00608634948730469 0.0171642303466797 -0.0815277099609375 0.2313232421875
-0.0017547607421875 0.0214023590087891 0.08599853515625 0.152313232421875
0.00714969635009765 0.0168342590332031 0.161788940429688 0.0245361328125
0.017024040222168 -0.0124959945678711 -0.157455444335938 -0.0454559326171875
0.011749267578125 -0.00843906402587891 -0.076416015625 -0.168014526367188
0.0179805755615234 -0.00428199768066406 0.102127075195313 -0.210296630859375
0.00896739959716797 0.0157480239868164 0.305145263671875 -0.071380615234375
-0.01068115234375 0.0173368453979492 0.263717651367188 0.274078369140625
-0.0101222991943359 0.00606727600097656 -0.03228759765625 0.45062255859375
-0.0221405029296875 0.0296001434326172 -0.240142822265625 0.251052856445313
-0.0291748046875 0.0301914215087891 -0.00777053833007812 0.0393943786621094
-0.0280170440673828 0.0295925140380859 0.313507080078125 -0.172515869140625
-0.001373291015625 0.0279197692871094 0.1629638671875 -0.449066162109375
0.000719070434570312 0.0187110900878906 -0.271026611328125 -0.318359375
-0.00124931335449219 0.0026249885559082 -0.3372802734375 0.044769287109375
0.0157356262207031 -0.00268363952636719 -0.148025512695312 0.199356079101563
0.0119419097900391 -0.00867843627929688 0.0568695068359375 0.1549072265625
0.00663375854492188 -0.0155048370361328 0.154708862304688 0.0424346923828125
0.0166044235229492 -0.00944995880126953 -0.155487060546875 -0.0502166748046875
0.0145626068115234 -0.00741672515869141 -0.06695556640625 -0.169464111328125
0.01727294921875 -0.00514030456542969 0.12261962890625 -0.199493408203125
0.00516033172607422 0.0157899856567383 0.31866455078125 -0.042938232421875
-0.0138216018676758 0.0172634124755859 0.2403564453125 0.301849365234375
-0.0114469528198242 0.00853252410888672 -0.072052001953125 0.44342041015625
-0.0254840850830078 0.0323333740234375 -0.24542236328125 0.223159790039063
-0.0317783355712891 0.0317287445068359 0.0165462493896484 0.0282249450683594
-0.0286273956298828 0.03302001953125 0.31060791015625 -0.20294189453125
-0.00119781494140625 0.0298957824707031 0.117431640625 -0.457794189453125
0.000360488891601563 0.0193119049072266 -0.296142578125 -0.284423828125
-0.00322961807250977 0.00124144554138184 -0.32159423828125 0.074615478515625
0.0135345458984375 -0.00639533996582031 -0.125885009765625 0.207992553710938
0.0129861831665039 -0.010838508605957 0.0674285888671875 0.1505126953125
0.00624179840087891 -0.0127439498901367 0.15594482421875 0.03436279296875
0.0169601440429687 -0.00594615936279297 -0.155242919921875 -0.0580902099609375
0.0156240463256836 -0.00616359710693359 -0.05621337890625 -0.171890258789063
0.0157012939453125 -0.00458908081054688 0.146484375 -0.187225341796875
0.00120830535888672 0.0165109634399414 0.332550048828125 -0.009765625
-0.0159740447998047 0.0139760971069336 0.213836669921875 0.33001708984375
-0.00957679748535156 0.00468063354492187 -0.113372802734375 0.43560791015625
-0.0209445953369141 0.0293045043945313 -0.24835205078125 0.197158813476563
-0.0242900848388672 0.031585693359375 0.0416221618652344 0.0148429870605469
-0.0206184387207031 0.0314292907714844 0.302154541015625 -0.23541259765625
0.00236129760742188 0.0259666442871094 0.0689086914062499 -0.465972900390625
-0.000303268432617188 0.0155868530273438 -0.31866455078125 -0.248016357421875
-0.00707912445068359 0.0015406608581543 -0.303955078125 0.104644775390625
0.0107593536376953 -0.00746250152587891 -0.10198974609375 0.218292236328125
0.0124006271362305 -0.00941371917724609 0.0780029296875 0.146865844726563
0.00680160522460938 -0.00957679748535156 0.157943725585938 0.0288238525390625
0.0162124633789063 -0.000561714172363281 -0.153289794921875 -0.0637969970703125
0.016077995300293 -0.00274372100830078 -0.0462188720703125 -0.170608520507813
0.0120983123779297 -0.000916481018066406 0.167495727539063 -0.172714233398438
-0.00368022918701172 0.01458740234375 0.341888427734375 0.0234375
-0.0185298919677734 0.00552749633789063 0.18597412109375 0.354736328125
-0.00261878967285156 -0.0056309700012207 -0.154144287109375 0.424560546875
-0.0079498291015625 0.0216789245605469 -0.252059936523438 0.171859741210937
-0.00589179992675781 0.0282306671142578 0.0598602294921875 0.00380706787109375
-0.00620841979980469 0.0239715576171875 0.2904052734375 -0.262908935546875
0.00545501708984375 0.0149908065795898 0.030731201171875 -0.46783447265625
-0.00384807586669922 0.00955390930175781 -0.332550048828125 -0.217376708984375
-0.011012077331543 0.00173664093017578 -0.284942626953125 0.128662109375
0.00734186172485352 -0.0057368278503418 -0.081329345703125 0.225067138671875
0.0113067626953125 -0.00715160369873047 0.0867919921875 0.142715454101563
0.00664424896240234 -0.00449943542480469 0.158920288085937 0.0222930908203125
0.0161809921264648 0.00496864318847656 -0.150588989257813 -0.067352294921875
0.0141067504882813 0.00278472900390625 -0.0397186279296875 -0.169418334960938
0.00812101364135742 0.00362825393676758 0.181991577148438 -0.161102294921875
-0.00853252410888672 0.0113430023193359 0.348846435546875 0.045501708984375
-0.020294189453125 -0.00695610046386719 0.166015625 0.37139892578125
0.00805091857910156 -0.0215797424316406 -0.181488037109375 0.414581298828125
0.0151767730712891 0.0105829238891602 -0.254745483398438 0.154922485351563
0.0215950012207031 0.0233383178710938 0.0693931579589844 -0.0042877197265625
0.0132522583007813 0.00949954986572266 0.27862548828125 -0.281768798828125
0.00891494750976563 -0.000935554504394531 -0.00115966796875004 -0.469390869140625
-0.00946521759033203 0.00176239013671875 -0.3409423828125 -0.19677734375
-0.0149383544921875 0.00405597686767578 -0.2713623046875 0.143447875976563
0.00471305847167969 -0.00204133987426758 -0.0661163330078125 0.231033325195313
0.00899410247802734 -0.00182533264160156 0.09246826171875 0.140464782714844
0.00715398788452148 0.000895023345947266 0.15972900390625 0.0173797607421875
0.0152368545532227 0.00990390777587891 -0.149002075195312 -0.068389892578125
0.0112876892089844 0.00795841217041016 -0.0371246337890625 -0.165771484375
0.00296974182128906 0.00823831558227539 0.187469482421875 -0.153945922851563
-0.0133018493652344 0.0076141357421875 0.34912109375 0.05316162109375
-0.0199813842773438 -0.0219230651855469 0.157257080078125 0.37542724609375
0.0219154357910156 -0.0408592224121094 -0.19281005859375 0.408233642578125
0.0425682067871094 -0.00244140625 -0.259384155273438 0.148086547851562
0.0539665222167969 0.0167007446289063 0.0672721862792969 -0.00812911987304688
0.0345821380615234 -0.00853729248046875 0.2703857421875 -0.289459228515625
0.0130653381347656 -0.0208587646484375 -0.00976562500000004 -0.47052001953125
-0.015589714050293 -0.00752449035644531 -0.341949462890625 -0.1888427734375
-0.0192298889160156 0.00624275207519531 -0.264144897460938 0.148788452148438
0.00139689445495605 0.00376391410827637 -0.0593109130859375 0.232833862304688
0.00682973861694336 0.00384855270385742 0.0942230224609375 0.141525268554688
0.00646448135375976 0.00604629516601562 0.160720825195313 0.0160369873046875
0.0152835845947266 0.0144557952880859 -0.148468017578125 -0.0661163330078125
0.00747966766357422 0.0142364501953125 -0.04071044921875 -0.161941528320313
-0.00104427337646484 0.0142335891723633 0.183364868164063 -0.155364990234375
-0.0176239013671875 0.00539398193359375 0.347686767578125 0.04302978515625
-0.0203056335449219 -0.0352630615234375 0.1680908203125 0.3685302734375
0.0337181091308594 -0.0625686645507813 -0.1817626953125 0.41180419921875
0.0712203979492188 -0.0189743041992188 -0.264801025390625 0.155136108398437
0.0884552001953125 0.00785064697265625 0.0525054931640625 -0.0056304931640625
0.0580558776855469 -0.0270881652832031 0.265777587890625 -0.28076171875
0.0177192687988281 -0.042205810546875 -0.00317382812499999 -0.46905517578125
-0.0209178924560547 -0.0193672180175781 -0.339813232421875 -0.199249267578125
-0.0232467651367188 0.00841522216796875 -0.26873779296875 0.144073486328125
-0.00304508209228516 0.012150764465332 -0.0625457763671875 0.233367919921875
0.00307464599609375 0.0125141143798828 0.0933074951171875 0.144134521484375
0.00702667236328125 0.0122184753417969 0.161941528320312 0.017303466796875
0.0146598815917969 0.0178489685058594 -0.1475830078125 -0.05987548828125
0.00459671020507813 0.0210857391357422 -0.0487060546875 -0.156753540039063
-0.00452804565429688 0.0214958190917969 0.166000366210938 -0.1641845703125
-0.0208663940429688 0.00416374206542969 0.343292236328125 0.01373291015625
-0.0242767333984375 -0.0457382202148438 0.197052001953125 0.3447265625
0.0382308959960937 -0.0855865478515625 -0.14764404296875 0.421630859375
0.0943832397460938 -0.0392379760742188 -0.270660400390625 0.177734375
0.121444702148437 -0.00043487548828125 0.0230255126953125 0.00380516052246094
0.0852127075195312 -0.0440597534179687 0.264755249023438 -0.258056640625
0.0273399353027344 -0.0647430419921875 0.02923583984375 -0.468353271484375
-0.0244178771972656 -0.0337085723876953 -0.328125 -0.228515625
-0.0286617279052734 0.008514404296875 -0.283172607421875 0.123382568359375
-0.00571250915527344 0.0171909332275391 -0.0813751220703125 0.230911254882813
-0.0017852783203125 0.0213565826416016 0.085418701171875 0.15338134765625
0.00635242462158203 0.0175533294677734 0.16265869140625 0.0246734619140625
0.016209602355957 -0.0130767822265625 -0.157806396484375 -0.045318603515625
0.0118770599365234 -0.00794601440429688 -0.0765838623046875 -0.168472290039062
0.0181751251220703 -0.00377273559570313 0.102630615234375 -0.210098266601563
0.00937938690185547 0.015019416809082 0.3070068359375 -0.07177734375
-0.011113166809082 0.017329216003418 0.265670776367188 0.277511596679688
-0.0110464096069336 0.00547313690185547 -0.033172607421875 0.451141357421875
-0.0214996337890625 0.0297431945800781 -0.242477416992187 0.250274658203125
-0.0290927886962891 0.0302448272705078 -0.0084381103515625 0.0400619506835938
-0.0281410217285156 0.0298404693603516 0.314697265625 -0.172576904296875
-0.00171089172363281 0.0275630950927734 0.164703369140625 -0.45001220703125
0.000799179077148438 0.0187778472900391 -0.2718505859375 -0.320892333984375
-0.00150752067565918 0.00291299819946289 -0.33831787109375 0.04547119140625
0.015864372253418 -0.00299930572509766 -0.148422241210938 0.199539184570313
0.0116567611694336 -0.00891017913818359 0.0569305419921875 0.1558837890625
0.00579643249511719 -0.0153312683105469 0.155914306640625 0.0420989990234375
0.0168161392211914 -0.00985527038574219 -0.157241821289063 -0.049896240234375
0.0148277282714844 -0.00810527801513672 -0.0670318603515625 -0.17022705078125
0.0172920227050781 -0.00507354736328125 0.123336791992188 -0.200439453125
0.00594234466552734 0.0160665512084961 0.31976318359375 -0.042236328125
-0.0135459899902344 0.0177574157714844 0.2412109375 0.30450439453125
-0.0118513107299805 0.00884246826171875 -0.0733642578125 0.446197509765625
-0.0252552032470703 0.0327911376953125 -0.2469482421875 0.22491455078125
-0.0316486358642578 0.0323581695556641 0.0162754058837891 0.0284900665283203
-0.0285301208496094 0.0334739685058594 0.311370849609375 -0.20184326171875
-0.00086021423339844 0.0296592712402344 0.119659423828125 -0.45867919921875
0.000522613525390624 0.0196933746337891 -0.296142578125 -0.286468505859375
-0.00366044044494629 0.00151443481445312 -0.322784423828125 0.074859619140625
0.0137577056884766 -0.00627899169921875 -0.1259765625 0.208419799804688
0.0127496719360352 -0.0106792449951172 0.0680084228515625 0.151351928710937
0.00598621368408203 -0.0125236511230469 0.156845092773437 0.0350799560546875
0.0169506072998047 -0.00576114654541016 -0.155609130859375 -0.0576629638671875
0.016016960144043 -0.00601291656494141 -0.056549072265625 -0.171859741210938
0.0158481597900391 -0.00431919097900391 0.146804809570313 -0.187744140625
0.00159645080566406 0.0158796310424805 0.334136962890625 -0.00872802734375
-0.0163974761962891 0.0141630172729492 0.21453857421875 0.333770751953125
-0.0100240707397461 0.00486469268798828 -0.11480712890625 0.437225341796875
-0.0214958190917969 0.0291423797607422 -0.249954223632813 0.197479248046875
-0.0240135192871094 0.0315761566162109 0.0411491394042969 0.0152511596679688
-0.0200023651123047 0.0318889617919922 0.3018798828125 -0.23583984375
0.00182342529296875 0.0260391235351563 0.071624755859375 -0.4683837890625
-0.000897407531738282 0.0154657363891602 -0.318878173828125 -0.249969482421875
-0.00706577301025391 0.00205326080322266 -0.305084228515625 0.10418701171875
0.0110635757446289 -0.00730133056640625 -0.10223388671875 0.218780517578125
0.0126104354858398 -0.00991630554199219 0.0778350830078125 0.147674560546875
0.00638103485107422 -0.0087437629699707 0.158279418945312 0.0287933349609375
0.0158452987670898 -0.000601768493652344 -0.15338134765625 -0.0632171630859375
0.0162420272827148 -0.00258922576904297 -0.046295166015625 -0.17120361328125
0.0125408172607422 -0.00124740600585938 0.168182373046875 -0.172698974609375
-0.00350475311279297 0.0142574310302734 0.3436279296875 0.023162841796875
-0.0189418792724609 0.00538063049316407 0.186859130859375 0.357879638671875
-0.00365209579467773 -0.00533342361450195 -0.157073974609375 0.424713134765625
-0.0077056884765625 0.0217247009277344 -0.253402709960937 0.172409057617188
-0.00569343566894531 0.0285739898681641 0.0596809387207031 0.00423431396484375
-0.00567817687988281 0.0235195159912109 0.292755126953125 -0.26226806640625
0.00544357299804688 0.0150146484375 0.03106689453125 -0.470001220703125
-0.00424671173095703 0.00940036773681641 -0.332550048828125 -0.218597412109375
-0.0110254287719727 0.00264263153076172 -0.2860107421875 0.128265380859375
0.0075831413269043 -0.00602006912231445 -0.08160400390625 0.224822998046875
0.0112028121948242 -0.00751972198486328 0.0864105224609375 0.143295288085938
0.00638103485107422 -0.00455522537231445 0.159133911132813 0.022430419921875
0.0157451629638672 0.00435256958007813 -0.1517333984375 -0.067657470703125
0.0143356323242188 0.00255298614501953 -0.03985595703125 -0.169479370117188
0.00801944732666016 0.00323724746704102 0.183059692382813 -0.161636352539063
-0.00874614715576172 0.0114841461181641 0.34991455078125 0.045806884765625
-0.0198135375976563 -0.00704383850097657 0.16644287109375 0.374114990234375
0.00770378112792969 -0.0214138031005859 -0.182830810546875 0.415985107421875
0.0150289535522461 0.0110454559326172 -0.256515502929688 0.156082153320313
0.0215339660644531 0.0235424041748047 0.0690574645996094 -0.00445556640625
0.0136737823486328 0.0095510482788086 0.27960205078125 -0.282318115234375
0.00910186767578125 -0.00126838684082031 0.000915527343750048 -0.472259521484375
-0.00946903228759766 0.00192356109619141 -0.341522216796875 -0.197540283203125
-0.0152301788330078 0.00422954559326172 -0.272109985351562 0.14410400390625
0.00459003448486328 -0.00217914581298828 -0.0665435791015625 0.2313232421875
0.00918292999267578 -0.00222682952880859 0.0932769775390625 0.140945434570313
0.00684022903442383 0.0002593994140625 0.160888671875 0.01806640625
0.0156469345092773 0.00987339019775391 -0.150039672851563 -0.0677642822265625
0.0112419128417969 0.00880908966064453 -0.0375518798828125 -0.1656494140625
0.00309896469116211 0.00827836990356445 0.18829345703125 -0.153900146484375
-0.0131092071533203 0.00758552551269531 0.350982666015625 0.054656982421875
-0.0197334289550781 -0.0217018127441406 0.157684326171875 0.378387451171875
0.0215034484863281 -0.0405769348144531 -0.1947021484375 0.408935546875
0.042694091796875 -0.00188827514648438 -0.2613525390625 0.148422241210938
0.0545692443847656 0.0165939331054688 0.0676345825195313 -0.00777435302734375
0.0353050231933594 -0.00837326049804688 0.27081298828125 -0.288726806640625
0.0127277374267578 -0.0211887359619141 -0.00982666015625003 -0.47235107421875
-0.0160446166992188 -0.00759696960449219 -0.34320068359375 -0.19012451171875
-0.0191516876220703 0.00652694702148438 -0.265594482421875 0.149063110351562
0.00150418281555176 0.00345206260681152 -0.05926513671875 0.234039306640625
0.0066370964050293 0.0035400390625 0.0948486328125 0.142059326171875
0.00640773773193359 0.00575637817382813 0.162033081054687 0.016265869140625
0.0148286819458008 0.0141572952270508 -0.149154663085938 -0.06610107421875
0.00807857513427734 0.0148429870605469 -0.040130615234375 -0.161758422851563
-0.00101375579833984 0.0144367218017578 0.184860229492187 -0.156021118164063
-0.0170221328735352 0.00512313842773438 0.350860595703125 0.04315185546875
-0.0205192565917969 -0.0356254577636719 0.167236328125 0.3690185546875
0.0336494445800781 -0.0626907348632813 -0.184478759765625 0.413360595703125
0.071258544921875 -0.0184097290039063 -0.266616821289063 0.155044555664062
0.0889663696289063 0.00778961181640625 0.0522918701171875 -0.00523757934570312
0.0588722229003906 -0.0270309448242187 0.267242431640625 -0.280929565429688
0.0181617736816406 -0.0423851013183594 -0.00134277343750002 -0.471832275390625
-0.021026611328125 -0.0191764831542969 -0.340118408203125 -0.20098876953125
-0.023101806640625 0.00851631164550782 -0.269622802734375 0.143707275390625
-0.00297451019287109 0.0115814208984375 -0.062347412109375 0.234298706054687
0.00293731689453125 0.0126657485961914 0.0934906005859375 0.14544677734375
0.006744384765625 0.0126094818115234 0.162429809570313 0.0175628662109375
0.0143947601318359 0.01824951171875 -0.148391723632813 -0.05950927734375
0.00384712219238281 0.0208492279052734 -0.0491180419921875 -0.1568603515625
-0.00415802001953125 0.0218582153320313 0.16790771484375 -0.164291381835938
-0.0210494995117188 0.00402259826660156 0.34381103515625 0.01470947265625
-0.0247421264648437 -0.0461387634277344 0.197357177734375 0.34637451171875
0.0378875732421875 -0.08612060546875 -0.149078369140625 0.42291259765625
0.0947799682617188 -0.0389633178710938 -0.271514892578125 0.177841186523438
0.122581481933594 -0.00032806396484375 0.0225124359130859 0.00419998168945312
0.0855941772460938 -0.0442352294921875 0.266311645507813 -0.257461547851563
0.0279884338378906 -0.0644798278808594 0.031005859375 -0.4715576171875
-0.0248374938964844 -0.0333309173583984 -0.328704833984375 -0.230712890625
-0.0281562805175781 0.008392333984375 -0.285064697265625 0.124176025390625
-0.00615215301513672 0.0173587799072266 -0.0826263427734375 0.2313232421875
-0.00186538696289063 0.0213642120361328 0.0855865478515625 0.153427124023438
0.00664710998535156 0.0179004669189453 0.163528442382813 0.0250091552734375
0.0167474746704102 -0.0128564834594727 -0.158935546875 -0.0452880859375
0.0119972229003906 -0.00816154479980469 -0.0773162841796875 -0.168838500976563
0.0181179046630859 -0.00443458557128906 0.10284423828125 -0.211135864257812
0.00948524475097656 0.0151281356811523 0.308807373046875 -0.071929931640625
-0.0109443664550781 0.0177364349365234 0.2677001953125 0.278640747070313
-0.0114412307739258 0.00562477111816407 -0.0330810546875 0.453765869140625
-0.0217876434326172 0.0296783447265625 -0.244232177734375 0.251724243164062
-0.0286006927490234 0.0300807952880859 -0.00861358642578125 0.0408287048339844
-0.0283451080322266 0.0303688049316406 0.3172607421875 -0.172607421875
-0.00164604187011719 0.0278434753417969 0.166473388671875 -0.452911376953125
0.000761032104492187 0.0187091827392578 -0.273651123046875 -0.32159423828125
-0.00150418281555176 0.00309276580810547 -0.3406982421875 0.045684814453125
0.0158004760742188 -0.00341892242431641 -0.148513793945313 0.200714111328125
0.0118551254272461 -0.00932693481445313 0.0575714111328125 0.15631103515625
0.00599956512451172 -0.0154390335083008 0.156829833984375 0.041961669921875
0.0163202285766602 -0.00969314575195313 -0.157852172851563 -0.049957275390625
0.0149869918823242 -0.00876617431640625 -0.06842041015625 -0.170425415039063
0.0172500610351563 -0.00545978546142578 0.123825073242188 -0.200515747070313
0.00592708587646484 0.015620231628418 0.321563720703125 -0.042327880859375
-0.0135383605957031 0.0178012847900391 0.24334716796875 0.306488037109375
-0.0121088027954102 0.0084676742553711 -0.074859619140625 0.447540283203125
-0.0251064300537109 0.0323982238769531 -0.248519897460938 0.225677490234375
-0.0313453674316406 0.0320396423339844 0.0156574249267578 0.0290069580078125
-0.0279884338378906 0.0337047576904297 0.31329345703125 -0.20208740234375
-0.000820159912109373 0.0302505493164063 0.121246337890625 -0.46209716796875
0.000883102416992187 0.0190258026123047 -0.297393798828125 -0.28790283203125
-0.00365257263183594 0.00206232070922852 -0.3250732421875 0.07550048828125
0.0135297775268555 -0.00650596618652344 -0.126358032226562 0.209686279296875
0.0131492614746094 -0.0111942291259766 0.0688018798828125 0.152008056640625
0.00595283508300781 -0.0127506256103516 0.15789794921875 0.03497314453125
0.0170669555664063 -0.00570392608642578 -0.157241821289062 -0.0578765869140625
0.016148567199707 -0.00589656829833984 -0.0569305419921875 -0.172393798828125
0.016082763671875 -0.00443363189697266 0.147994995117188 -0.18817138671875
0.00169277191162109 0.0157251358032227 0.33599853515625 -0.00885009765625
-0.0166606903076172 0.0141468048095703 0.216583251953125 0.335357666015625
-0.01031494140625 0.00473499298095703 -0.11663818359375 0.43865966796875
-0.0213546752929688 0.0292377471923828 -0.251907348632812 0.198471069335938
-0.0240612030029297 0.0316734313964844 0.0411758422851562 0.0156059265136719
-0.0202274322509766 0.0323486328125 0.304931640625 -0.236297607421875
0.00210762023925781 0.0263252258300781 0.07208251953125 -0.470001220703125
-0.000427246093750002 0.0160903930664063 -0.3209228515625 -0.252105712890625
-0.00739288330078125 0.00182342529296875 -0.306732177734375 0.10540771484375
0.0109691619873047 -0.00719261169433594 -0.1019287109375 0.21978759765625
0.0132589340209961 -0.00998878479003906 0.078460693359375 0.148483276367188
0.00644445419311523 -0.0086665153503418 0.160125732421875 0.02874755859375
0.0166387557983398 -0.00118160247802734 -0.154541015625 -0.0628662109375
0.0164346694946289 -0.00255298614501953 -0.0468902587890625 -0.171371459960937
0.0123796463012695 -0.00100612640380859 0.169342041015625 -0.173599243164063
-0.00304317474365234 0.0146446228027344 0.34552001953125 0.023468017578125
-0.0190143585205078 0.00501441955566406 0.186981201171875 0.359771728515625
-0.00364065170288086 -0.00560331344604492 -0.157501220703125 0.42669677734375
-0.00781631469726563 0.0221443176269531 -0.255172729492188 0.172454833984375
-0.00503730773925781 0.0285892486572266 0.0595893859863281 0.00434494018554688
-0.00545883178710938 0.0241661071777344 0.293731689453125 -0.264495849609375
0.00600814819335938 0.0155887603759766 0.032318115234375 -0.47369384765625
-0.00437736511230469 0.00993633270263672 -0.3338623046875 -0.220672607421875
-0.0115442276000977 0.00220203399658203 -0.287811279296875 0.129302978515625
0.00763845443725586 -0.00605392456054688 -0.0817718505859375 0.22662353515625
0.0113439559936523 -0.00737953186035156 0.087371826171875 0.1439208984375
0.00662708282470703 -0.00405263900756836 0.16058349609375 0.0223846435546875
0.0160112380981445 0.00487613677978516 -0.153076171875 -0.067596435546875
0.0138044357299805 0.0027313232421875 -0.0404510498046875 -0.169631958007813
0.00833749771118164 0.00311088562011719 0.184646606445313 -0.162445068359375
-0.00803279876708984 0.0110893249511719 0.351531982421875 0.045623779296875
-0.0200138092041016 -0.00739479064941406 0.167236328125 0.37615966796875
0.00769424438476562 -0.0212593078613281 -0.183807373046875 0.41729736328125
0.0151510238647461 0.0107927322387695 -0.258148193359375 0.155364990234375
0.0224647521972656 0.0237331390380859 0.0691719055175781 -0.00388717651367187
0.013890266418457 0.0102367401123047 0.2811279296875 -0.283172607421875
0.00943088531494141 -0.000844001770019531 0.000244140625000013 -0.474395751953125
-0.00930595397949219 0.00162792205810547 -0.34393310546875 -0.19842529296875
-0.0153388977050781 0.00466251373291016 -0.274261474609375 0.14501953125
0.00442600250244141 -0.00244665145874023 -0.0660552978515625 0.232192993164063
0.00939369201660156 -0.00233745574951172 0.0935211181640625 0.142074584960938
0.00622892379760742 0.00126075744628906 0.161666870117188 0.0176239013671875
0.0156173706054688 0.00986766815185547 -0.151123046875 -0.068328857421875
0.0113229751586914 0.00840187072753906 -0.0378265380859375 -0.165985107421875
0.00323629379272461 0.00819015502929688 0.190078735351563 -0.155120849609375
-0.0131206512451172 0.00745296478271484 0.35369873046875 0.053955078125
-0.0202350616455078 -0.0218563079833984 0.158905029296875 0.38116455078125
0.0214385986328125 -0.0407600402832031 -0.195709228515625 0.411712646484375
0.0431327819824219 -0.0020904541015625 -0.262969970703125 0.1484375
0.0548057556152344 0.0169715881347656 0.0671768188476562 -0.00725173950195312
0.0357742309570313 -0.00789642333984375 0.27264404296875 -0.29010009765625
0.012725830078125 -0.0211925506591797 -0.010406494140625 -0.4752197265625
-0.0157632827758789 -0.00779628753662109 -0.34564208984375 -0.19183349609375
-0.0193710327148438 0.00658607482910156 -0.266677856445313 0.150634765625
0.00148582458496094 0.00308966636657715 -0.0595703125 0.235336303710938
0.00648736953735351 0.00356817245483398 0.0952606201171875 0.142929077148438
0.00652980804443359 0.00629234313964844 0.16314697265625 0.0158538818359375
0.0148544311523438 0.0146541595458984 -0.150253295898437 -0.06573486328125
0.00772857666015625 0.0150470733642578 -0.0410919189453125 -0.162353515625
-0.000501632690429687 0.0142917633056641 0.185623168945312 -0.155853271484375
-0.0169248580932617 0.00418663024902344 0.3526611328125 0.043243408203125
-0.0213165283203125 -0.0357551574707031 0.17034912109375 0.371795654296875
0.0335731506347656 -0.0630912780761719 -0.18536376953125 0.415740966796875
0.071807861328125 -0.018524169921875 -0.268814086914063 0.155960083007813
0.0892791748046875 0.00829315185546875 0.0521392822265625 -0.00488662719726562
0.0593452453613281 -0.0263786315917969 0.268707275390625 -0.28265380859375
0.018157958984375 -0.0425338745117188 -0.00131225585937499 -0.474609375
-0.0213661193847656 -0.0192832946777344 -0.342132568359375 -0.201385498046875
-0.0233707427978516 0.00863456726074218 -0.2705078125 0.1448974609375
-0.0028228759765625 0.01177978515625 -0.06268310546875 0.235137939453125
0.00274848937988281 0.0125131607055664 0.0941925048828125 0.1461181640625
0.00673389434814453 0.0129327774047852 0.163986206054688 0.017333984375
0.0142555236816406 0.0183925628662109 -0.149856567382813 -0.0601654052734375
0.00374412536621094 0.0217494964599609 -0.04937744140625 -0.1575927734375
-0.00446891784667969 0.0218086242675781 0.169052124023437 -0.165252685546875
-0.0209426879882813 0.00388717651367188 0.3458251953125 0.014404296875
-0.0247650146484375 -0.0463294982910156 0.1978759765625 0.349395751953125
0.0380706787109375 -0.0861892700195313 -0.149566650390625 0.42608642578125
0.0954208374023438 -0.0391845703125 -0.273345947265625 0.177932739257813
0.123268127441406 -0.00026702880859375 0.0219573974609375 0.00460243225097656
0.08685302734375 -0.0440826416015625 0.268417358398438 -0.258773803710938
0.0283088684082031 -0.0646324157714844 0.0305175781249999 -0.4730224609375
-0.0251789093017578 -0.0336189270019531 -0.331085205078125 -0.23309326171875
-0.0283679962158203 0.0082550048828125 -0.28582763671875 0.12451171875
-0.00601577758789062 0.0175876617431641 -0.08184814453125 0.232528686523437
-0.00152015686035156 0.0211963653564453 0.08648681640625 0.1541748046875
0.00613021850585937 0.0183124542236328 0.164077758789063 0.0244598388671875
0.0168008804321289 -0.0132427215576172 -0.160476684570313 -0.0448760986328125
0.0120735168457031 -0.00872898101806641 -0.0785980224609375 -0.169464111328125
0.0186710357666016 -0.00454139709472656 0.103118896484375 -0.212860107421875
0.00963783264160156 0.0149650573730469 0.31060791015625 -0.07171630859375
-0.0112876892089844 0.0180492401123047 0.268630981445313 0.280853271484375
-0.0120668411254883 0.005615234375 -0.032989501953125 0.45623779296875
-0.022003173828125 0.0303421020507813 -0.245742797851562 0.254013061523438
-0.0288677215576172 0.0304069519042969 -0.00883865356445312 0.0407371520996094
-0.0281848907470703 0.0308017730712891 0.319580078125 -0.173797607421875
-0.00155067443847656 0.0281867980957031 0.167633056640625 -0.455108642578125
0.00083160400390625 0.0184726715087891 -0.27508544921875 -0.3233642578125
-0.00181794166564941 0.00303363800048828 -0.343231201171875 0.0460205078125
0.0161857604980469 -0.00343132019042969 -0.14862060546875 0.202301025390625
0.0123043060302734 -0.0094757080078125 0.05859375 0.157470703125
0.00508785247802734 -0.0150394439697266 0.1585693359375 0.042083740234375
0.0170907974243164 -0.0103025436401367 -0.159576416015625 -0.049163818359375
0.0151128768920898 -0.00844192504882813 -0.069427490234375 -0.17083740234375
0.0173883438110352 -0.00625514984130859 0.12451171875 -0.202438354492188
0.00672626495361328 0.0158939361572266 0.32440185546875 -0.042755126953125
-0.0134372711181641 0.0182094573974609 0.2440185546875 0.308990478515625
-0.0125513076782227 0.00895500183105469 -0.07489013671875 0.45013427734375
-0.0254783630371094 0.0327224731445312 -0.25042724609375 0.227127075195312
-0.0314254760742187 0.0320777893066406 0.0155029296875 0.029449462890625
-0.0277004241943359 0.0343551635742188 0.315185546875 -0.203155517578125
-0.000770568847656249 0.0303306579589844 0.12274169921875 -0.464752197265625
0.000494003295898437 0.0190982818603516 -0.300140380859375 -0.28857421875
-0.00393795967102051 0.00215744972229004 -0.32659912109375 0.07635498046875
0.0132913589477539 -0.00673961639404297 -0.126556396484375 0.211349487304688
0.0128984451293945 -0.0111989974975586 0.069610595703125 0.15313720703125
0.00556659698486328 -0.0124855041503906 0.159378051757813 0.034332275390625
0.0169839859008789 -0.00614166259765625 -0.158370971679688 -0.057586669921875
0.0164518356323242 -0.006439208984375 -0.05859375 -0.173202514648438
0.0162811279296875 -0.00432300567626953 0.1484375 -0.189620971679688
0.00218391418457031 0.0157413482666016 0.3382568359375 -0.009124755859375
-0.0169210433959961 0.0142135620117188 0.216278076171875 0.33837890625
-0.0108661651611328 0.00485801696777344 -0.116668701171875 0.441802978515625
-0.0213146209716797 0.0294361114501953 -0.25335693359375 0.199661254882812
-0.023956298828125 0.0322265625 0.0411834716796875 0.0163345336914063
-0.0198135375976563 0.0326480865478516 0.30645751953125 -0.238250732421875
0.00237464904785156 0.0262374877929688 0.0728759765625 -0.474029541015625
-0.000706672668457031 0.016383171081543 -0.32244873046875 -0.25341796875
-0.00778436660766602 0.00218439102172852 -0.30908203125 0.106414794921875
0.0111198425292969 -0.00788593292236328 -0.102218627929688 0.221511840820313
0.0128011703491211 -0.0100288391113281 0.079559326171875 0.149551391601563
0.00559043884277344 -0.00877618789672851 0.16119384765625 0.0285491943359375
0.0165014266967773 -0.00105667114257813 -0.15618896484375 -0.062469482421875
0.0162258148193359 -0.00283050537109375 -0.0480499267578125 -0.172348022460938
0.0123691558837891 -0.00173759460449219 0.170150756835938 -0.174789428710938
-0.00322437286376953 0.0144243240356445 0.34869384765625 0.0238037109375
-0.0192546844482422 0.00562095642089843 0.189483642578125 0.363006591796875
-0.00384664535522461 -0.00559616088867187 -0.159210205078125 0.429656982421875
-0.00794792175292968 0.0221881866455078 -0.257583618164063 0.174026489257813
-0.00518989562988281 0.0290012359619141 0.05950927734375 0.004913330078125
-0.00499153137207031 0.0247077941894531 0.29473876953125 -0.2659912109375
0.0054931640625 0.0153779983520508 0.03228759765625 -0.476348876953125
-0.00378799438476562 0.0101947784423828 -0.33673095703125 -0.222076416015625
-0.0115776062011719 0.00301742553710938 -0.289337158203125 0.13031005859375
0.00732040405273438 -0.00650358200073242 -0.08099365234375 0.228195190429688
0.0115060806274414 -0.00719833374023437 0.0882720947265625 0.145004272460938
0.00633335113525391 -0.00396394729614258 0.162261962890625 0.02178955078125
0.0161123275756836 0.00444126129150391 -0.154388427734375 -0.0670623779296875
0.0141210556030273 0.00249767303466797 -0.0408477783203125 -0.17059326171875
0.00825214385986328 0.00241422653198242 0.185760498046875 -0.163726806640625
-0.00817680358886719 0.0113401412963867 0.354339599609375 0.045928955078125
-0.0202198028564453 -0.00722312927246094 0.16912841796875 0.37896728515625
0.00721931457519531 -0.0212821960449219 -0.185546875 0.419464111328125
0.0149974822998047 0.0115594863891602 -0.260223388671875 0.156448364257812
0.0225772857666016 0.0239696502685547 0.0692214965820313 -0.00336074829101562
0.0139522552490234 0.0104579925537109 0.28271484375 -0.285552978515625
0.00962352752685547 -0.00116348266601562 0.000640869140624997 -0.477813720703125
-0.00932884216308594 0.00193500518798828 -0.3455810546875 -0.199737548828125
-0.0153951644897461 0.00461483001708984 -0.275146484375 0.145919799804687
0.00473308563232422 -0.00239753723144531 -0.0659637451171875 0.233810424804688
0.00916099548339844 -0.002593994140625 0.094085693359375 0.142715454101563
0.00629043579101563 0.00181055068969727 0.163116455078125 0.0172882080078125
0.0154180526733398 0.0102996826171875 -0.1529541015625 -0.0680694580078125
0.0114173889160156 0.00842761993408203 -0.038543701171875 -0.1669921875
0.00336694717407227 0.00851678848266602 0.191482543945312 -0.156173706054687
-0.0128755569458008 0.00672245025634765 0.355712890625 0.053924560546875
-0.0203304290771484 -0.0218734741210938 0.16015625 0.3836669921875
0.0209884643554688 -0.0410957336425781 -0.19732666015625 0.4149169921875
0.043426513671875 -0.00219345092773437 -0.265045166015625 0.149505615234375
0.0554618835449219 0.0161666870117188 0.0672187805175781 -0.00722503662109375
0.0364456176757813 -0.007720947265625 0.2734375 -0.291534423828125
0.0129146575927734 -0.0207424163818359 -0.00845336914062503 -0.47882080078125
-0.0158443450927734 -0.0077829360961914 -0.3472900390625 -0.1923828125
-0.0192470550537109 0.00696372985839844 -0.267593383789062 0.15203857421875
0.00173163414001465 0.00362372398376465 -0.059417724609375 0.23626708984375
0.00653934478759766 0.00354862213134766 0.0963897705078125 0.143447875976563
0.00663423538208008 0.00650405883789062 0.164520263671875 0.015655517578125
0.0149345397949219 0.0146188735961914 -0.151885986328125 -0.0654754638671875
0.00771236419677734 0.0154285430908203 -0.0415802001953125 -0.162872314453125
-0.00110054016113281 0.0145196914672852 0.18658447265625 -0.15753173828125
-0.0172309875488281 0.00430583953857422 0.355377197265625 0.042938232421875
-0.0210456848144531 -0.0362739562988281 0.1710205078125 0.37451171875
0.0333061218261719 -0.0632896423339844 -0.18597412109375 0.418365478515625
0.0724945068359375 -0.0185623168945313 -0.2703857421875 0.15643310546875
0.0901870727539062 0.00804901123046875 0.0522346496582031 -0.00467681884765625
0.0601539611816406 -0.0268363952636719 0.269866943359375 -0.284423828125
0.0186233520507812 -0.0428428649902344 -0.000274658203125004 -0.477752685546875
-0.0215950012207031 -0.0194892883300781 -0.345428466796875 -0.202484130859375
-0.0235595703125 0.00885963439941406 -0.272308349609375 0.146072387695313
-0.00284004211425781 0.011815071105957 -0.062835693359375 0.237289428710938
0.00291347503662109 0.0127620697021484 0.095184326171875 0.146774291992188
0.00607872009277344 0.013148307800293 0.165069580078125 0.0167694091796875
0.0145778656005859 0.0191383361816406 -0.1510009765625 -0.0594024658203125
0.00365257263183594 0.0211620330810547 -0.0500946044921875 -0.157791137695313
-0.00435256958007812 0.0214786529541016 0.170364379882813 -0.166458129882813
-0.0212078094482422 0.00360870361328125 0.348114013671875 0.014617919921875
-0.0248794555664063 -0.046478271484375 0.200347900390625 0.351898193359375
0.0379791259765625 -0.0868072509765625 -0.15118408203125 0.428497314453125
0.096710205078125 -0.03924560546875 -0.275619506835937 0.179519653320313
0.124229431152344 6.103515625E-05 0.0219650268554688 0.00493049621582031
0.0875625610351563 -0.044403076171875 0.269912719726563 -0.260498046875
0.0283355712890625 -0.0654869079589844 0.030609130859375 -0.476898193359375
-0.0254116058349609 -0.0339088439941406 -0.333526611328125 -0.233642578125
-0.0285434722900391 0.00881767272949219 -0.288421630859375 0.126220703125
-0.00599575042724609 0.0175361633300781 -0.082122802734375 0.234237670898438
-0.001617431640625 0.0220737457275391 0.087493896484375 0.155776977539063
0.00638961791992187 0.0186347961425781 0.165603637695313 0.0240478515625
0.0167856216430664 -0.0134744644165039 -0.161575317382813 -0.0439910888671875
0.0123224258422852 -0.00845718383789063 -0.0794677734375 -0.1700439453125
0.0188198089599609 -0.00469398498535156 0.10357666015625 -0.214584350585938
0.0101613998413086 0.0149021148681641 0.31304931640625 -0.073760986328125
-0.0113887786865234 0.017791748046875 0.272216796875 0.282745361328125
-0.0123357772827148 0.00562953948974609 -0.032867431640625 0.460601806640625
-0.0218448638916016 0.0305347442626953 -0.24676513671875 0.255767822265625
-0.0280399322509766 0.0303955078125 -0.00931930541992188 0.0413970947265625
-0.0283432006835938 0.0315055847167969 0.3206787109375 -0.176910400390625
-0.00159263610839844 0.0285625457763672 0.16778564453125 -0.459625244140625
0.000904083251953125 0.0188102722167969 -0.278045654296875 -0.324981689453125
-0.00156807899475098 0.0037229061126709 -0.344940185546875 0.04791259765625
0.015864372253418 -0.00371074676513672 -0.149307250976562 0.203964233398438
0.0124664306640625 -0.00972938537597656 0.0597991943359375 0.1585693359375
0.00539302825927734 -0.0150222778320312 0.160110473632813 0.041534423828125
0.0166387557983398 -0.0107288360595703 -0.1611328125 -0.0484466552734375
0.0148849487304688 -0.0086212158203125 -0.07049560546875 -0.171432495117187
0.0178604125976563 -0.00596427917480469 0.12506103515625 -0.2039794921875
0.00697994232177734 0.0156612396240234 0.32720947265625 -0.044036865234375
-0.0139293670654297 0.0180416107177734 0.248046875 0.311614990234375
-0.0133485794067383 0.00882720947265625 -0.07470703125 0.4541015625
-0.0254611968994141 0.0329647064208984 -0.251693725585938 0.22930908203125
-0.0313777923583984 0.0327548980712891 0.0156421661376953 0.0296516418457031
-0.0279502868652344 0.0350284576416016 0.3179931640625 -0.2059326171875
-0.000366210937500001 0.0308322906494141 0.1226806640625 -0.469390869140625
0.000717163085937501 0.0193843841552734 -0.302978515625 -0.290985107421875
-0.00428533554077148 0.0030360221862793 -0.329071044921875 0.0780029296875
0.0133953094482422 -0.00719165802001953 -0.126174926757813 0.212554931640625
0.0128965377807617 -0.0112504959106445 0.0706024169921875 0.15362548828125
0.00520420074462891 -0.0125751495361328 0.161453247070312 0.0343170166015625
0.016871452331543 -0.0063323974609375 -0.159759521484375 -0.0567626953125
0.0163297653198242 -0.00658321380615234 -0.059478759765625 -0.173629760742188
0.0158662796020508 -0.00488567352294922 0.149215698242188 -0.191497802734375
0.00265693664550781 0.0155839920043945 0.34088134765625 -0.010345458984375
-0.0169687271118164 0.0143890380859375 0.220489501953125 0.340667724609375
-0.0107088088989258 0.0049285888671875 -0.116607666015625 0.4453125
-0.021331787109375 0.0298748016357422 -0.255294799804688 0.20172119140625
-0.0238151550292969 0.0320587158203125 0.0409698486328125 0.01666259765625
-0.0197963714599609 0.0335445404052734 0.307464599609375 -0.24114990234375
0.00233840942382813 0.0267562866210938 0.073028564453125 -0.47869873046875
-0.000861167907714844 0.0161380767822266 -0.325958251953125 -0.25396728515625
-0.00744771957397461 0.00227546691894531 -0.310882568359375 0.108917236328125
0.0112104415893555 -0.00863838195800781 -0.102020263671875 0.223236083984375
0.0128068923950195 -0.0106344223022461 0.080841064453125 0.150146484375
0.00562810897827149 -0.00853872299194336 0.162826538085937 0.0279998779296875
0.0164899826049805 -0.000706672668457031 -0.157882690429688 -0.0626678466796875
0.016230583190918 -0.00271224975585938 -0.0489349365234375 -0.173110961914062
0.0124607086181641 -0.00200748443603516 0.1712646484375 -0.176437377929687
-0.00260066986083984 0.0138988494873047 0.351531982421875 0.023162841796875
-0.0195140838623047 0.00548171997070312 0.1920166015625 0.365325927734375
-0.00473451614379883 -0.00546503067016601 -0.15911865234375 0.43292236328125
-0.00749397277832031 0.0220890045166016 -0.259445190429688 0.175689697265625
-0.00480842590332031 0.0292167663574219 0.0595245361328125 0.0052337646484375
-0.00450706481933594 0.0251331329345703 0.297119140625 -0.268218994140625
0.00638389587402344 0.0157442092895508 0.031402587890625 -0.480499267578125
-0.00430965423583984 0.0101680755615234 -0.339111328125 -0.2230224609375
-0.0118656158447266 0.0034952163696289 -0.291473388671875 0.132781982421875
0.0073385238647461 -0.00628376007080078 -0.0809783935546875 0.229660034179688
0.0114269256591797 -0.0075225830078125 0.0892791748046875 0.145492553710937
0.00578165054321289 -0.00386762619018555 0.1639404296875 0.0215911865234375
0.0162496566772461 0.00452423095703125 -0.15618896484375 -0.06646728515625
0.0146350860595703 0.00250720977783203 -0.0421600341796875 -0.170974731445313
0.00827836990356445 0.00269412994384766 0.186538696289063 -0.165069580078125
-0.00804710388183594 0.0106372833251953 0.357452392578125 0.04522705078125
-0.0202732086181641 -0.00725936889648438 0.170928955078125 0.38055419921875
0.00681877136230468 -0.0217857360839844 -0.185791015625 0.42413330078125
0.0153713226318359 0.0111188888549805 -0.262359619140625 0.158523559570312
0.0229969024658203 0.0238170623779297 0.0691947937011719 -0.00357437133789062
0.0150260925292969 0.0106201171875 0.2847900390625 -0.287506103515625
0.0095376968383789 -0.000967025756835937 -0.00155639648437504 -0.48101806640625
-0.00998973846435547 0.00201034545898437 -0.3494873046875 -0.20001220703125
-0.0157670974731445 0.00487899780273438 -0.276596069335938 0.1484375
0.00476598739624023 -0.00265073776245117 -0.0650482177734375 0.235549926757812
0.00959110260009765 -0.00266456604003906 0.0957794189453125 0.143310546875
0.00607442855834961 0.00174760818481445 0.16497802734375 0.0164337158203125
0.015660285949707 0.0100650787353516 -0.154586791992188 -0.0672149658203125
0.0115423202514648 0.00881481170654297 -0.0399932861328125 -0.167617797851563
0.00361776351928711 0.0081634521484375 0.1925048828125 -0.157470703125
-0.0131311416625977 0.00678730010986328 0.358367919921875 0.05401611328125
-0.0207462310791016 -0.0222053527832031 0.16217041015625 0.386474609375
0.0209007263183594 -0.0416488647460937 -0.198577880859375 0.418609619140625
0.0439224243164063 -0.00200653076171875 -0.267257690429688 0.15167236328125
0.0563240051269531 0.0165634155273438 0.0671844482421875 -0.0069427490234375
0.03680419921875 -0.00741958618164063 0.2757568359375 -0.294189453125
0.0132560729980469 -0.0213737487792969 -0.010406494140625 -0.481903076171875
-0.0159320831298828 -0.00743961334228515 -0.35198974609375 -0.194244384765625
-0.0196819305419922 0.00747871398925782 -0.269912719726563 0.153884887695312
0.00078582763671875 0.0035400390625 -0.0582275390625 0.238616943359375
0.00675201416015625 0.00351190567016602 0.0976104736328125 0.144332885742188
0.00645637512207031 0.00722789764404297 0.166168212890625 0.0147552490234375
0.0151681900024414 0.0147266387939453 -0.1539306640625 -0.064910888671875
0.00773143768310547 0.0150537490844727 -0.0426025390625 -0.163330078125
-0.000644683837890626 0.0142536163330078 0.187637329101563 -0.15966796875
-0.0173978805541992 0.00409412384033203 0.358367919921875 0.042022705078125
-0.0217170715332031 -0.0362586975097656 0.1732177734375 0.377349853515625
0.0332603454589844 -0.0638771057128906 -0.1866455078125 0.42242431640625
0.0730514526367188 -0.0189743041992188 -0.273025512695313 0.158462524414063
0.0912017822265625 0.0085601806640625 0.0518455505371094 -0.00442123413085938
0.0611190795898438 -0.026458740234375 0.272796630859375 -0.28643798828125
0.0184860229492187 -0.0428848266601562 -0.00280761718750004 -0.482177734375
-0.0217914581298828 -0.0192718505859375 -0.348236083984375 -0.20440673828125
-0.0236053466796875 0.00889587402343751 -0.274017333984375 0.148391723632813
-0.00301551818847656 0.0115156173706055 -0.061737060546875 0.238555908203125
0.00261592864990234 0.0130500793457031 0.0962677001953125 0.147903442382813
0.00636672973632813 0.0139369964599609 0.166763305664063 0.0159912109375
0.0146312713623047 0.0188694000244141 -0.152603149414063 -0.058929443359375
0.00395584106445312 0.0220623016357422 -0.0511016845703125 -0.15814208984375
-0.00426483154296875 0.0217819213867188 0.171493530273438 -0.167938232421875
-0.0209236145019531 0.00331687927246093 0.351654052734375 0.01287841796875
-0.0254096984863281 -0.0469512939453125 0.202606201171875 0.353546142578125
0.0370864868164062 -0.0875015258789063 -0.151123046875 0.4312744140625
0.096527099609375 -0.0394210815429687 -0.277267456054688 0.181350708007812
0.12554931640625 -0.000457763671875 0.0220775604248047 0.00515556335449219
0.0883331298828125 -0.0445022583007812 0.271072387695313 -0.261032104492188
0.0286903381347656 -0.06610107421875 0.0294189453125 -0.481689453125
-0.0258369445800781 -0.0342235565185547 -0.336822509765625 -0.234954833984375
-0.0284919738769531 0.00910186767578125 -0.2901611328125 0.127777099609375
-0.00588226318359375 0.0176258087158203 -0.08135986328125 0.235565185546875
-0.00164985656738281 0.0220661163330078 0.088623046875 0.15655517578125
0.00622940063476563 0.019256591796875 0.167160034179688 0.0235595703125
0.0163402557373047 -0.013819694519043 -0.163894653320313 -0.0433502197265625
0.0121774673461914 -0.00879287719726563 -0.0812835693359375 -0.170379638671875
0.0186576843261719 -0.00499343872070313 0.10321044921875 -0.216384887695313
0.0105743408203125 0.0144529342651367 0.315765380859375 -0.075714111328125
-0.0108051300048828 0.0181770324707031 0.2772216796875 0.284332275390625
-0.0128049850463867 0.00569820404052734 -0.03118896484375 0.4644775390625
-0.0218124389648438 0.0300998687744141 -0.249221801757813 0.259521484375
-0.0281848907470703 0.0305709838867188 -0.00946044921875001 0.0418014526367188
-0.0280742645263672 0.0322036743164063 0.323394775390625 -0.177581787109375
-0.00129318237304687 0.0287227630615234 0.168731689453125 -0.4638671875
0.001617431640625 0.0190963745117188 -0.281829833984375 -0.32666015625
-0.00135636329650879 0.00405168533325195 -0.3477783203125 0.0502319335937501
0.0158529281616211 -0.00389957427978516 -0.149307250976562 0.205886840820313
0.0123844146728516 -0.0104951858520508 0.0609283447265625 0.1595458984375
0.00488853454589844 -0.0151681900024414 0.162094116210938 0.0408935546875
0.0164670944213867 -0.0109157562255859 -0.162933349609375 -0.048004150390625
0.0152063369750977 -0.00874614715576172 -0.072265625 -0.172332763671875
0.0178661346435547 -0.006622314453125 0.125015258789063 -0.2064208984375
0.00691032409667969 0.0154571533203125 0.329833984375 -0.045867919921875
-0.0142536163330078 0.0183181762695313 0.252655029296875 0.31256103515625
-0.0138893127441406 0.009063720703125 -0.073272705078125 0.457611083984375
-0.0255985260009766 0.0329608917236328 -0.253372192382812 0.23223876953125
-0.0313987731933594 0.0326938629150391 0.0154132843017578 0.0298824310302734
-0.0277442932128906 0.0359764099121094 0.319244384765625 -0.208038330078125
-0.000202178955078128 0.0314102172851563 0.122100830078125 -0.473876953125
0.00113487243652344 0.0194187164306641 -0.306488037109375 -0.291717529296875
-0.00424456596374512 0.00295400619506836 -0.331390380859375 0.08087158203125
0.0134620666503906 -0.00776576995849609 -0.12615966796875 0.214797973632813
0.0128173828125 -0.0119457244873047 0.071868896484375 0.154861450195313
0.00497817993164063 -0.0122146606445313 0.163406372070313 0.0333709716796875
0.0169925689697266 -0.00631332397460938 -0.161788940429688 -0.0560302734375
0.0166244506835938 -0.00646209716796875 -0.0609283447265625 -0.174346923828125
0.0162086486816406 -0.00525188446044922 0.149993896484375 -0.1929931640625
0.00272941589355469 0.0155296325683594 0.3443603515625 -0.011810302734375
-0.0170764923095703 0.0147008895874023 0.224456787109375 0.343475341796875
-0.0116758346557617 0.00495338439941406 -0.114959716796875 0.449005126953125
-0.0212345123291016 0.0299663543701172 -0.256866455078125 0.204788208007813
-0.0238552093505859 0.032012939453125 0.0410423278808594 0.0169029235839844
-0.0195484161376953 0.0337295532226563 0.310272216796875 -0.2437744140625
0.00295639038085938 0.0270576477050781 0.071502685546875 -0.4822998046875
-0.000479698181152343 0.016575813293457 -0.330291748046875 -0.254486083984375
-0.0074763298034668 0.00249862670898438 -0.312774658203125 0.111236572265625
0.0111989974975586 -0.00836181640625 -0.101699829101563 0.225006103515625
0.0128669738769531 -0.0107326507568359 0.0825042724609375 0.150848388671875
0.00535202026367188 -0.00849008560180664 0.164718627929688 0.0269927978515625
0.0166864395141602 -0.00105571746826172 -0.159500122070313 -0.0611724853515625
0.0165462493896484 -0.00280475616455078 -0.051025390625 -0.173782348632813
0.0123996734619141 -0.00236892700195313 0.17181396484375 -0.179412841796875
-0.00257301330566406 0.0141487121582031 0.35491943359375 0.02178955078125
-0.0200557708740234 0.00564956665039063 0.19500732421875 0.36785888671875
-0.00499439239501953 -0.00570011138916016 -0.158538818359375 0.437744140625
-0.00748443603515625 0.0222682952880859 -0.261215209960938 0.178192138671875
-0.00444412231445312 0.0293998718261719 0.0592918395996094 0.00563812255859375
-0.00461578369140625 0.0256671905517578 0.29827880859375 -0.270904541015625
0.00670814514160157 0.0162687301635742 0.0308837890625 -0.485748291015625
-0.00401687622070313 0.00994873046875 -0.344268798828125 -0.22344970703125
-0.0114479064941406 0.00321197509765625 -0.292633056640625 0.135223388671875
0.0073089599609375 -0.00697755813598633 -0.0800628662109375 0.231460571289063
0.0113077163696289 -0.00812530517578125 0.09124755859375 0.146163940429687
0.00567531585693359 -0.00342607498168945 0.165328979492188 0.020477294921875
0.01605224609375 0.00471782684326172 -0.157974243164062 -0.0661163330078125
0.0144548416137695 0.00250053405761719 -0.0435943603515625 -0.171600341796875
0.00837802886962891 0.00238752365112305 0.18792724609375 -0.167556762695313
-0.00774669647216797 0.0105190277099609 0.36090087890625 0.04364013671875
-0.0206375122070313 -0.00733566284179687 0.17437744140625 0.3841552734375
0.00677871704101563 -0.0217857360839844 -0.184417724609375 0.427337646484375
0.015294075012207 0.0111904144287109 -0.26416015625 0.160354614257812
0.0238780975341797 0.0239276885986328 0.0689849853515625 -0.00282669067382812
0.0153770446777344 0.010655403137207 0.28570556640625 -0.291778564453125
0.00997257232666016 -0.00095367431640625 -0.00296020507812497 -0.4869384765625
-0.00949859619140625 0.00205707550048828 -0.353057861328125 -0.201019287109375
-0.0158824920654297 0.00531768798828125 -0.278457641601563 0.150802612304688
0.00417494773864746 -0.00291919708251953 -0.0641937255859375 0.237503051757813
0.00913429260253906 -0.00274848937988281 0.0964813232421875 0.1444091796875
0.00594949722290039 0.00221443176269531 0.166610717773438 0.015533447265625
0.0161027908325195 0.00998210906982422 -0.155990600585938 -0.066680908203125
0.0114803314208984 0.00889396667480469 -0.0413970947265625 -0.16815185546875
0.00338315963745117 0.00796270370483398 0.193954467773438 -0.15972900390625
-0.0129833221435547 0.00658321380615234 0.361572265625 0.05157470703125
-0.0208301544189453 -0.0224246978759766 0.166015625 0.389251708984375
0.0206527709960938 -0.0418510437011719 -0.19805908203125 0.422027587890625
0.0436668395996094 -0.00223159790039063 -0.26910400390625 0.153213500976563
0.0572052001953125 0.0166015625 0.0675239562988281 -0.00662994384765625
0.037384033203125 -0.00797653198242188 0.2767333984375 -0.296844482421875
0.0133514404296875 -0.0212745666503906 -0.013214111328125 -0.486419677734375
-0.0159587860107422 -0.00783920288085938 -0.35528564453125 -0.193695068359375
-0.0195484161376953 0.00761222839355469 -0.271011352539063 0.156845092773438
0.00104141235351563 0.00335240364074707 -0.0572509765625 0.239990234375
0.00646352767944336 0.00368452072143555 0.099395751953125 0.145538330078125
0.00574445724487305 0.00713682174682617 0.16778564453125 0.0143890380859375
0.0153360366821289 0.0149211883544922 -0.155380249023437 -0.0647125244140625
0.00758743286132812 0.0154991149902344 -0.0438385009765625 -0.164093017578125
-0.000646591186523438 0.014312744140625 0.188934326171875 -0.161834716796875
-0.0174388885498047 0.0036468505859375 0.36138916015625 0.040863037109375
-0.0220451354980469 -0.0365791320800781 0.176971435546875 0.380096435546875
0.0327529907226563 -0.0645294189453125 -0.186798095703125 0.424957275390625
0.0733413696289063 -0.0194244384765625 -0.274185180664063 0.160659790039062
0.0923995971679687 0.00797271728515625 0.0519332885742188 -0.00406265258789062
0.0615501403808594 -0.0275993347167969 0.273040771484375 -0.289459228515625
0.0187644958496094 -0.0433845520019531 -0.00527954101562496 -0.486083984375
-0.0224075317382813 -0.0193958282470703 -0.351409912109375 -0.2039794921875
-0.0238590240478516 0.00933074951171875 -0.275100708007813 0.150436401367187
-0.00320148468017578 0.0117921829223633 -0.0611114501953125 0.240524291992188
0.00278472900390625 0.0128049850463867 0.0982513427734375 0.148345947265625
0.00633430480957031 0.0142698287963867 0.168716430664063 0.014892578125
0.0147209167480469 0.0189552307128906 -0.154586791992188 -0.058258056640625
0.00388717651367188 0.022125244140625 -0.052764892578125 -0.15887451171875
-0.00426673889160156 0.0220851898193359 0.172012329101563 -0.17047119140625
-0.0212593078613281 0.00338554382324219 0.3553466796875 0.011505126953125
-0.0259780883789063 -0.0473098754882813 0.2060546875 0.356842041015625
0.0371017456054687 -0.088165283203125 -0.149627685546875 0.4356689453125
0.0973587036132812 -0.0401229858398437 -0.279815673828125 0.184555053710937
0.126541137695313 -0.0008392333984375 0.0217266082763672 0.00558090209960937
0.0895614624023438 -0.0454254150390625 0.271392822265625 -0.264328002929688
0.0287971496582031 -0.066619873046875 0.0281982421875001 -0.48583984375
-0.0261116027832031 -0.034149169921875 -0.340087890625 -0.235565185546875
-0.0288753509521484 0.00964927673339844 -0.2913818359375 0.1298828125
-0.00615310668945313 0.0177497863769531 -0.0809326171875 0.237564086914063
-0.001556396484375 0.0220489501953125 0.0902557373046875 0.157394409179688
0.00622749328613281 0.0197334289550781 0.169158935546875 0.022705078125
0.0163793563842773 -0.0139894485473633 -0.165359497070312 -0.0422210693359375
0.0124273300170898 -0.00897789001464844 -0.0843505859375 -0.170974731445313
0.0191783905029297 -0.00564384460449219 0.102340698242187 -0.2188720703125
0.0108928680419922 0.0144529342651367 0.3179931640625 -0.077911376953125
-0.0106620788574219 0.0184192657470703 0.280548095703125 0.28607177734375
-0.0133037567138672 0.00575542449951172 -0.0285339355468749 0.468414306640625
-0.021881103515625 0.0306529998779297 -0.248504638671875 0.261795043945313
-0.0279922485351563 0.0312118530273438 -0.00984954833984376 0.0427207946777344
-0.0280055999755859 0.0327053070068359 0.32537841796875 -0.18145751953125
-0.000894546508789064 0.0289363861083984 0.16656494140625 -0.46929931640625
0.00169754028320313 0.0190906524658203 -0.28564453125 -0.327880859375
-0.0016016960144043 0.00423312187194824 -0.35015869140625 0.05279541015625
0.0159616470336914 -0.00429725646972656 -0.148269653320312 0.208404541015625
0.0121383666992188 -0.0109100341796875 0.062530517578125 0.160171508789062
0.00485801696777344 -0.0149145126342773 0.164230346679688 0.039886474609375
0.0165014266967773 -0.0112533569335938 -0.164932250976563 -0.0475921630859375
0.0149030685424805 -0.00888442993164063 -0.07464599609375 -0.172927856445313
0.0176448822021484 -0.00688743591308594 0.12451171875 -0.208465576171875
0.00735092163085937 0.0152549743652344 0.332550048828125 -0.04803466796875
-0.0139446258544922 0.0188121795654297 0.256439208984375 0.314849853515625
-0.0141315460205078 0.00901508331298828 -0.071868896484375 0.461151123046875
-0.02545166015625 0.03326416015625 -0.254959106445312 0.235336303710938
-0.03125 0.0333175659179688 0.0152664184570312 0.0305900573730469
-0.0273208618164062 0.0363235473632813 0.32049560546875 -0.2125244140625
-0.000108718872070313 0.0311794281005859 0.121246337890625 -0.478729248046875
0.00109481811523437 0.0198440551757813 -0.3106689453125 -0.292877197265625
-0.00410628318786621 0.00323843955993652 -0.333526611328125 0.08380126953125
0.0134754180908203 -0.00785923004150391 -0.125701904296875 0.217666625976563
0.0133438110351563 -0.0121755599975586 0.074188232421875 0.15576171875
0.00504016876220703 -0.0125761032104492 0.165191650390625 0.032196044921875
0.0171604156494141 -0.00698375701904297 -0.16351318359375 -0.05535888671875
0.0165596008300781 -0.00687313079833984 -0.0630340576171875 -0.174468994140625
0.0163650512695313 -0.00573539733886719 0.149765014648438 -0.1961669921875
0.00299739837646485 0.0153589248657227 0.347900390625 -0.01422119140625
-0.0172090530395508 0.014892578125 0.229583740234375 0.3448486328125
-0.0121784210205078 0.00505828857421875 -0.1136474609375 0.4541015625
-0.0213069915771484 0.0305728912353516 -0.258316040039063 0.206954956054688
-0.0232887268066406 0.0328922271728516 0.0412635803222656 0.017242431640625
-0.01898193359375 0.0345993041992188 0.311676025390625 -0.24664306640625
0.00329399108886719 0.0272903442382813 0.06988525390625 -0.487823486328125
-0.000262260437011718 0.0166149139404297 -0.334564208984375 -0.254669189453125
-0.0076146125793457 0.00273418426513672 -0.314727783203125 0.114501953125
0.0110034942626953 -0.00867366790771484 -0.100601196289062 0.227432250976563
0.0131282806396484 -0.0116500854492188 0.084381103515625 0.151687622070312
0.00536346435546875 -0.00817012786865234 0.166488647460938 0.02587890625
0.0169048309326172 -0.00133323669433594 -0.161697387695313 -0.060760498046875
0.016606330871582 -0.00317478179931641 -0.0526580810546875 -0.1744384765625
0.0129432678222656 -0.00257205963134766 0.172332763671875 -0.181289672851563
-0.00279426574707031 0.0141162872314453 0.358184814453125 0.01959228515625
-0.0198135375976563 0.00595855712890626 0.19952392578125 0.369842529296875
-0.00535202026367188 -0.00575733184814453 -0.157379150390625 0.441619873046875
-0.00754356384277344 0.022491455078125 -0.26239013671875 0.181427001953125
-0.00398826599121093 0.0297527313232422 0.0596427917480469 0.00547027587890625
-0.00391960144042969 0.0263423919677734 0.300323486328125 -0.275177001953125
0.00683879852294922 0.0164194107055664 0.027740478515625 -0.48974609375
-0.00386524200439453 0.0100717544555664 -0.347991943359375 -0.223236083984375
-0.0118522644042969 0.00376129150390625 -0.29449462890625 0.13824462890625
0.0072474479675293 -0.00727128982543945 -0.078643798828125 0.234039306640625
0.011265754699707 -0.00836658477783203 0.0930633544921875 0.146896362304688
0.00588846206665039 -0.00338840484619141 0.167800903320313 0.0196075439453125
0.0162363052368164 0.00456619262695313 -0.159835815429688 -0.0649871826171875
0.0147686004638672 0.00241279602050781 -0.0454254150390625 -0.17236328125
0.00872039794921875 0.00199508666992188 0.187850952148438 -0.169952392578125
-0.00775432586669922 0.0102367401123047 0.363861083984375 0.0411376953125
-0.0212631225585938 -0.00682258605957031 0.17822265625 0.387603759765625
0.00632858276367188 -0.0215873718261719 -0.183624267578125 0.43267822265625
0.0158414840698242 0.0112953186035156 -0.265396118164063 0.163192749023438
0.0242042541503906 0.0236263275146484 0.0695762634277344 -0.00308990478515625
0.0158195495605469 0.0108070373535156 0.286468505859375 -0.2955322265625
0.0103302001953125 -0.000797271728515625 -0.00543212890624998 -0.490509033203125
-0.00970745086669922 0.0020599365234375 -0.356842041015625 -0.19964599609375
-0.0157718658447266 0.00563240051269531 -0.279342651367188 0.154083251953125
0.0044245719909668 -0.00255918502807617 -0.0626983642578125 0.240020751953125
0.00899791717529297 -0.00272464752197266 0.09954833984375 0.145004272460938
0.00606918334960938 0.00257492065429688 0.168792724609375 0.0142669677734375
0.0161447525024414 0.00997161865234375 -0.157913208007812 -0.0657501220703125
0.011444091796875 0.00885391235351562 -0.042938232421875 -0.16845703125
0.00340366363525391 0.0078587532043457 0.195159912109375 -0.162445068359375
-0.0128087997436523 0.00617599487304687 0.3653564453125 0.0506591796875
-0.0214023590087891 -0.0218963623046875 0.16949462890625 0.39202880859375
0.0201568603515625 -0.0421829223632813 -0.1976318359375 0.427947998046875
0.044464111328125 -0.00249481201171875 -0.27099609375 0.156661987304688
0.0578231811523438 0.016143798828125 0.0672416687011719 -0.00688552856445312
0.0382347106933594 -0.00809478759765625 0.277587890625 -0.301727294921875
0.0136528015136719 -0.0212745666503906 -0.016387939453125 -0.490875244140625
-0.0161933898925781 -0.00757503509521485 -0.3590087890625 -0.193084716796875
-0.0197620391845703 0.0082244873046875 -0.272689819335938 0.159805297851563
0.00110173225402832 0.00299859046936035 -0.055633544921875 0.242996215820312
0.00618982315063477 0.00329446792602539 0.1014404296875 0.145721435546875
0.00631093978881836 0.00755834579467773 0.169403076171875 0.01239013671875
0.0153036117553711 0.0152511596679687 -0.157623291015625 -0.063720703125
0.00798225402832031 0.0152921676635742 -0.045928955078125 -0.164260864257813
-0.000815391540527344 0.0144853591918945 0.18988037109375 -0.164154052734375
-0.017338752746582 0.00365257263183594 0.365234375 0.039093017578125
-0.0224533081054687 -0.0363845825195313 0.181427001953125 0.383392333984375
0.0325927734375 -0.0646591186523438 -0.185821533203125 0.43109130859375
0.0739364624023437 -0.0201644897460937 -0.276702880859375 0.1640625
0.0934982299804688 0.007293701171875 0.0519905090332031 -0.00384902954101562
0.0627975463867188 -0.0278091430664063 0.2734375 -0.293243408203125
0.0187034606933594 -0.0439071655273438 -0.00790405273437495 -0.490875244140625
-0.0222415924072266 -0.0191211700439453 -0.356201171875 -0.20318603515625
-0.0239734649658203 0.0100269317626953 -0.27667236328125 0.154083251953125
-0.00331783294677734 0.0118608474731445 -0.0588226318359375 0.242782592773438
0.00285434722900391 0.0130043029785156 0.100143432617187 0.149215698242188
0.00604820251464844 0.0146236419677734 0.170135498046875 0.014007568359375
0.0152854919433594 0.0190277099609375 -0.156524658203125 -0.0577545166015625
0.00368690490722656 0.0224666595458984 -0.0546112060546875 -0.159713745117188
-0.00373649597167969 0.0225753784179688 0.172698974609375 -0.173126220703125
-0.021148681640625 0.00333404541015625 0.35919189453125 0.008880615234375
-0.02667236328125 -0.0473976135253906 0.211822509765625 0.358184814453125
0.0365676879882812 -0.0889053344726563 -0.1485595703125 0.4404296875
0.0980682373046875 -0.0411376953125 -0.2808837890625 0.18817138671875
0.127861022949219 -0.00152587890625 0.0213813781738281 0.0057525634765625
0.0901641845703125 -0.0457229614257813 0.272613525390625 -0.268661499023438
0.0287704467773438 -0.0677680969238281 0.0257568359375 -0.49053955078125
-0.026458740234375 -0.0344047546386719 -0.345184326171875 -0.234832763671875
-0.0289974212646484 0.00976371765136718 -0.29241943359375 0.13299560546875
-0.00613212585449219 0.0179443359375 -0.0794525146484375 0.239776611328125
-0.00156593322753906 0.0224704742431641 0.0924072265625 0.157958984375
0.00636863708496094 0.0202522277832031 0.170608520507813 0.02142333984375
0.0158452987670898 -0.0146951675415039 -0.167343139648438 -0.041351318359375
0.0122928619384766 -0.00902080535888672 -0.086700439453125 -0.170974731445313
0.0192508697509766 -0.00572967529296875 0.101730346679687 -0.22125244140625
0.0115671157836914 0.0142354965209961 0.320465087890625 -0.081634521484375
-0.0108661651611328 0.0182971954345703 0.28704833984375 0.285675048828125
-0.0140142440795898 0.00592613220214844 -0.025634765625 0.472442626953125
-0.0217628479003906 0.0309085845947266 -0.248764038085938 0.266952514648438
-0.0273265838623047 0.0310802459716797 -0.00989151000976562 0.0430641174316406
-0.0276279449462891 0.0338649749755859 0.325927734375 -0.185394287109375
-0.00038909912109375 0.0293121337890625 0.165191650390625 -0.47509765625
0.00176048278808594 0.019073486328125 -0.290557861328125 -0.3287353515625
-0.0014643669128418 0.00446557998657227 -0.35308837890625 0.0566406249999999
0.0160541534423828 -0.00512123107910156 -0.148178100585937 0.21112060546875
0.0122785568237305 -0.0110139846801758 0.0651092529296875 0.161361694335938
0.00449657440185547 -0.014744758605957 0.166534423828125 0.0386810302734375
0.0163536071777344 -0.0116739273071289 -0.1669921875 -0.0458831787109375
0.0152664184570312 -0.00934886932373047 -0.0770416259765625 -0.172821044921875
0.0182781219482422 -0.00749588012695313 0.1241455078125 -0.21099853515625
0.0077505111694336 0.0151662826538086 0.335723876953125 -0.051239013671875
-0.0140514373779297 0.0186710357666016 0.261138916015625 0.31646728515625
-0.0143404006958008 0.00903797149658203 -0.06854248046875 0.466644287109375
-0.0252246856689453 0.0335407257080078 -0.255203247070313 0.239105224609375
-0.0309238433837891 0.0329933166503906 0.0151290893554688 0.030731201171875
-0.0271759033203125 0.0374298095703125 0.3218994140625 -0.21612548828125
0.000423431396484375 0.0319023132324219 0.119354248046875 -0.484283447265625
0.00150680541992188 0.0198192596435547 -0.315155029296875 -0.292816162109375
-0.00409126281738281 0.00379037857055664 -0.3353271484375 0.086883544921875
0.0134801864624023 -0.00788116455078125 -0.124359130859375 0.2198486328125
0.0128993988037109 -0.0126848220825195 0.076171875 0.156234741210938
0.00485324859619141 -0.0120420455932617 0.1669921875 0.0305328369140625
0.0168275833129883 -0.00662803649902344 -0.165863037109375 -0.0539093017578125
0.016535758972168 -0.00661468505859375 -0.0653839111328125 -0.175430297851563
0.0166692733764648 -0.0059967041015625 0.149337768554688 -0.199066162109375
0.00322532653808594 0.0150547027587891 0.351043701171875 -0.016754150390625
-0.0174074172973633 0.0152244567871094 0.2342529296875 0.346221923828125
-0.0122451782226562 0.005340576171875 -0.111480712890625 0.458648681640625
-0.0217552185058594 0.0306320190429688 -0.259384155273438 0.211624145507812
-0.0232372283935547 0.0330429077148438 0.0406532287597656 0.0172691345214844
-0.0183639526367187 0.0354537963867188 0.312164306640625 -0.251861572265625
0.00341415405273438 0.0272216796875 0.06591796875 -0.4930419921875
-0.000178337097167969 0.0167303085327148 -0.338348388671875 -0.254638671875
-0.00757503509521484 0.00380182266235352 -0.316436767578125 0.11773681640625
0.0109348297119141 -0.00953865051269531 -0.0989532470703125 0.230178833007813
0.0131044387817383 -0.0113306045532227 0.086517333984375 0.152206420898438
0.00518465042114258 -0.0085606575012207 0.168853759765625 0.0243988037109375
0.017186164855957 -0.00125026702880859 -0.163681030273438 -0.0592803955078125
0.0165691375732422 -0.00333786010742187 -0.055267333984375 -0.174911499023438
0.012608528137207 -0.00299549102783203 0.172592163085938 -0.184112548828125
-0.00182342529296875 0.0132045745849609 0.362091064453125 0.017364501953125
-0.0201835632324219 0.00591659545898437 0.203369140625 0.373291015625
-0.00589990615844727 -0.00564002990722656 -0.155517578125 0.447509765625
-0.007476806640625 0.0227489471435547 -0.263504028320313 0.184295654296875
-0.00352859497070313 0.0295181274414062 0.0595970153808594 0.006011962890625
-0.00388717651367188 0.0266399383544922 0.300750732421875 -0.279754638671875
0.00768470764160156 0.0160284042358398 0.024200439453125 -0.49468994140625
-0.00396442413330078 0.0103235244750977 -0.353363037109375 -0.222686767578125
-0.0119333267211914 0.00420570373535156 -0.295806884765625 0.14251708984375
0.00737571716308594 -0.00766801834106445 -0.076934814453125 0.236785888671875
0.011383056640625 -0.00866413116455078 0.094818115234375 0.147689819335938
0.00554227828979492 -0.00282001495361328 0.16986083984375 0.016998291015625
0.0166797637939453 0.00439453125 -0.161972045898438 -0.063629150390625
0.0143013000488281 0.00232887268066406 -0.047882080078125 -0.172683715820312
0.00843191146850586 0.00190067291259766 0.188720703125 -0.172927856445313
-0.00809097290039063 0.0106420516967773 0.3680419921875 0.039520263671875
-0.0212669372558594 -0.00687980651855469 0.183624267578125 0.38946533203125
0.00535964965820313 -0.0219230651855469 -0.18353271484375 0.438201904296875
0.0156736373901367 0.0109100341796875 -0.266754150390625 0.166732788085938
0.0244026184082031 0.0235786437988281 0.0693283081054688 -0.00321197509765625
0.0168533325195313 0.0115194320678711 0.28594970703125 -0.299530029296875
0.0107326507568359 -0.00054931640625 -0.00924682617187502 -0.494842529296875
-0.0101919174194336 0.00237274169921875 -0.36279296875 -0.199188232421875
-0.0158872604370117 0.00606822967529297 -0.281036376953125 0.157943725585938
0.00425863265991211 -0.00320816040039063 -0.06085205078125 0.24249267578125
0.00920867919921875 -0.003265380859375 0.101715087890625 0.145172119140625
0.00579071044921875 0.00269174575805664 0.170578002929688 0.01287841796875
0.0163421630859375 0.0107488632202148 -0.160507202148438 -0.0644073486328125
0.0113029479980469 0.00882530212402344 -0.045379638671875 -0.169479370117187
0.00371885299682617 0.00775766372680664 0.194839477539063 -0.165908813476562
-0.0131082534790039 0.00637054443359375 0.36993408203125 0.047454833984375
-0.0217266082763672 -0.0221881866455078 0.17498779296875 0.395172119140625
0.0195083618164063 -0.0426139831542969 -0.19671630859375 0.43267822265625
0.0448112487792969 -0.00304031372070313 -0.27239990234375 0.159515380859375
0.0585899353027344 0.0157699584960938 0.0672988891601563 -0.00696563720703125
0.0383872985839844 -0.00790023803710938 0.278839111328125 -0.306304931640625
0.0136928558349609 -0.0220222473144531 -0.0198974609375 -0.494842529296875
-0.0164203643798828 -0.007568359375 -0.36431884765625 -0.191558837890625
-0.0197219848632812 0.00868988037109375 -0.273239135742187 0.163467407226563
0.000868082046508789 0.00329232215881348 -0.0537567138671875 0.245223999023437
0.00667810440063477 0.00314664840698242 0.103851318359375 0.14593505859375
0.00599575042724609 0.0079808235168457 0.171707153320312 0.0110626220703125
0.0157394409179688 0.0150232315063477 -0.159683227539063 -0.0621185302734375
0.0078744888305664 0.0153722763061523 -0.0481719970703125 -0.165634155273438
-0.000478744506835937 0.0145025253295898 0.190444946289063 -0.167556762695312
-0.0174922943115234 0.00392246246337891 0.36895751953125 0.03558349609375
-0.0232162475585937 -0.0368995666503906 0.1865234375 0.383636474609375
0.0314254760742188 -0.0657920837402344 -0.18316650390625 0.4356689453125
0.0741119384765625 -0.0203399658203125 -0.277694702148438 0.16729736328125
0.0943450927734375 0.00669097900390625 0.0520172119140625 -0.0039520263671875
0.0631637573242188 -0.0289192199707031 0.27294921875 -0.298187255859375
0.018829345703125 -0.0445365905761719 -0.01123046875 -0.493743896484375
-0.0224628448486328 -0.0195541381835938 -0.360931396484375 -0.201934814453125
-0.0235347747802734 0.0102558135986328 -0.277206420898438 0.157791137695313
-0.00361728668212891 0.0119533538818359 -0.05706787109375 0.2452392578125
0.00289154052734375 0.0129909515380859 0.102249145507813 0.149856567382813
0.00663185119628906 0.0147237777709961 0.172378540039063 0.011962890625
0.0152683258056641 0.0195560455322266 -0.158966064453125 -0.056427001953125
0.00410842895507813 0.0227546691894531 -0.056121826171875 -0.159988403320313
-0.00391578674316406 0.0220355987548828 0.173309326171875 -0.176284790039063
-0.0214595794677734 0.00323295593261719 0.361663818359375 0.006256103515625
-0.0278091430664063 -0.0474662780761719 0.217681884765625 0.36065673828125
0.0356063842773438 -0.0900650024414063 -0.14691162109375 0.4459228515625
0.0985260009765625 -0.0421295166015625 -0.282745361328125 0.191619873046875
0.129226684570312 -0.00267791748046875 0.021453857421875 0.00620651245117187
0.09130859375 -0.0471878051757813 0.273513793945312 -0.272048950195313
0.028778076171875 -0.0685462951660156 0.0214843750000001 -0.494354248046875
-0.0274505615234375 -0.0347652435302734 -0.350433349609375 -0.23419189453125
-0.0289859771728516 0.0101737976074219 -0.29461669921875 0.1363525390625
-0.00613594055175781 0.0180816650390625 -0.078369140625 0.2423095703125
-0.00171279907226563 0.0227451324462891 0.0949249267578125 0.159103393554688
0.00647163391113281 0.0205535888671875 0.172698974609375 0.0195159912109375
0.0160245895385742 -0.0150585174560547 -0.169479370117188 -0.0387420654296875
0.0122909545898438 -0.00927162170410156 -0.0894775390625 -0.17095947265625
0.0197315216064453 -0.00616836547851563 0.099639892578125 -0.224090576171875
0.0115203857421875 0.0137653350830078 0.322052001953125 -0.08544921875
-0.0111618041992188 0.0188045501708984 0.2916259765625 0.286407470703125
-0.0142030715942383 0.00635147094726563 -0.020233154296875 0.476715087890625
-0.0220127105712891 0.0312767028808594 -0.249542236328125 0.27081298828125
-0.0274105072021484 0.0314102172851563 -0.0100593566894531 0.0436172485351563
-0.0271396636962891 0.0342273712158203 0.327392578125 -0.18963623046875
2.28881835937522E-05 0.0296688079833984 0.162567138671875 -0.479766845703125
0.00200843811035156 0.0193119049072266 -0.295928955078125 -0.327545166015625
-0.00120115280151367 0.00465488433837891 -0.354248046875 0.060882568359375
0.0160655975341797 -0.00517940521240234 -0.1470947265625 0.213836669921875
0.0121488571166992 -0.0112638473510742 0.067230224609375 0.161895751953125
0.00421524047851562 -0.0145845413208008 0.168563842773438 0.0364532470703125
0.0161705017089844 -0.0117425918579102 -0.168502807617187 -0.044281005859375
0.0153665542602539 -0.00967788696289062 -0.07989501953125 -0.1728515625
0.0179309844970703 -0.007232666015625 0.122711181640625 -0.213821411132812
0.00801277160644531 0.0147304534912109 0.33740234375 -0.055450439453125
-0.0138683319091797 0.0195636749267578 0.266998291015625 0.315887451171875
-0.0149631500244141 0.00962066650390625 -0.06463623046875 0.470947265625
-0.0251502990722656 0.0343647003173828 -0.254608154296875 0.243316650390625
-0.0304508209228516 0.0336704254150391 0.0151290893554688 0.0314121246337891
-0.0268211364746094 0.0379638671875 0.322906494140625 -0.22021484375
0.000949859619140624 0.0326156616210938 0.114898681640625 -0.489013671875
0.00197982788085938 0.0200328826904297 -0.321807861328125 -0.2918701171875
-0.00389504432678223 0.00406575202941895 -0.33721923828125 0.0919494628906251
0.0132627487182617 -0.00843906402587891 -0.123031616210937 0.22296142578125
0.0127248764038086 -0.0129613876342773 0.0782012939453125 0.156875610351563
0.00477027893066406 -0.0120992660522461 0.168609619140625 0.0287322998046875
0.0167293548583984 -0.00765705108642578 -0.16845703125 -0.052215576171875
0.0164899826049805 -0.00741958618164062 -0.068267822265625 -0.175872802734375
0.016413688659668 -0.00659942626953125 0.148300170898438 -0.202117919921875
0.00351810455322265 0.0143299102783203 0.353240966796875 -0.020904541015625
-0.017338752746582 0.0157070159912109 0.2396240234375 0.3475341796875
-0.0127048492431641 0.00543308258056641 -0.10760498046875 0.462799072265625
-0.0213203430175781 0.0308628082275391 -0.259933471679688 0.215179443359375
-0.0227088928222656 0.0336399078369141 0.0409049987792969 0.017486572265625
-0.0181465148925781 0.0356941223144531 0.31231689453125 -0.256072998046875
0.00400924682617187 0.0278587341308594 0.06292724609375 -0.496673583984375
0.00025463104248047 0.0167741775512695 -0.344482421875 -0.25250244140625
-0.00793600082397461 0.00365209579467773 -0.317047119140625 0.122222900390625
0.0106353759765625 -0.00970172882080078 -0.097076416015625 0.233062744140625
0.0127363204956055 -0.0117397308349609 0.089019775390625 0.15240478515625
0.00504159927368164 -0.00818061828613281 0.17071533203125 0.022491455078125
0.0172262191772461 -0.00166225433349609 -0.16558837890625 -0.0575408935546875
0.0169858932495117 -0.00348854064941406 -0.0575408935546875 -0.17486572265625
0.0130891799926758 -0.0031890869140625 0.171768188476563 -0.18780517578125
-0.00209236145019531 0.013331413269043 0.365631103515625 0.012603759765625
-0.0199699401855469 0.00618362426757813 0.210601806640625 0.373809814453125
-0.00624704360961914 -0.00520420074462891 -0.15185546875 0.451629638671875
-0.00752639770507812 0.0226249694824219 -0.26397705078125 0.188446044921875
-0.00319862365722656 0.0300083160400391 0.0597572326660156 0.00585556030273438
-0.00280380249023438 0.0271892547607422 0.300384521484375 -0.28448486328125
0.00757503509521484 0.0166282653808594 0.02020263671875 -0.499542236328125
-0.00403213500976563 0.0103616714477539 -0.3592529296875 -0.22052001953125
-0.0120677947998047 0.004547119140625 -0.296142578125 0.146514892578125
0.00663423538208008 -0.00755119323730469 -0.074981689453125 0.238937377929688
0.0113391876220703 -0.00911617279052734 0.0975341796875 0.1478271484375
0.00567150115966797 -0.00275325775146484 0.171173095703125 0.0154876708984375
0.0163373947143555 0.00423526763916016 -0.164215087890625 -0.06207275390625
0.0149068832397461 0.00250816345214844 -0.049896240234375 -0.173233032226563
0.00860834121704102 0.00182437896728516 0.188308715820313 -0.176483154296875
-0.00758075714111328 0.0103893280029297 0.371917724609375 0.035614013671875
-0.021881103515625 -0.00714111328125 0.18951416015625 0.391357421875
0.00538444519042969 -0.0220127105712891 -0.1810302734375 0.443206787109375
0.0160150527954102 0.0109167098999023 -0.267929077148438 0.170257568359375
0.02557373046875 0.0233325958251953 0.0694694519042969 -0.00336837768554687
0.0171909332275391 0.0114116668701172 0.28564453125 -0.304046630859375
0.0106267929077148 -0.000568389892578125 -0.013427734375 -0.499176025390625
-0.0095510482788086 0.00236797332763672 -0.367645263671875 -0.19793701171875
-0.0162181854248047 0.00658988952636718 -0.280838012695313 0.163009643554687
0.00422477722167969 -0.00333905220031738 -0.0583343505859375 0.244491577148438
0.00928115844726563 -0.00324344635009766 0.103897094726563 0.14520263671875
0.00596189498901367 0.00296211242675781 0.172409057617188 0.0106201171875
0.0165128707885742 0.0100278854370117 -0.162353515625 -0.063232421875
0.0118646621704102 0.00927257537841797 -0.0472564697265625 -0.169723510742188
0.00410842895507813 0.00747251510620117 0.195266723632813 -0.169265747070313
-0.0127162933349609 0.00629806518554688 0.372802734375 0.044464111328125
-0.0224113464355469 -0.0224208831787109 0.18072509765625 0.395751953125
0.0196418762207031 -0.0429496765136719 -0.193359375 0.437255859375
0.0448493957519531 -0.00376510620117188 -0.273178100585938 0.163772583007813
0.058990478515625 0.0153617858886719 0.0673751831054688 -0.00705718994140625
0.0394744873046875 -0.00844573974609375 0.2772216796875 -0.3109130859375
0.0137538909912109 -0.0216026306152344 -0.024505615234375 -0.499298095703125
-0.01666259765625 -0.00733566284179687 -0.36865234375 -0.189788818359375
-0.0197639465332031 0.00881385803222657 -0.273483276367188 0.16802978515625
0.000771999359130859 0.0030512809753418 -0.0512237548828125 0.246841430664063
0.00673389434814453 0.00328636169433594 0.1058349609375 0.146438598632813
0.00629663467407227 0.00843286514282227 0.172882080078125 0.0088653564453125
0.015955924987793 0.0152044296264648 -0.161422729492187 -0.0609283447265625
0.00835990905761719 0.0158929824829102 -0.0507354736328125 -0.165481567382812
-0.00042724609375 0.0144777297973633 0.19073486328125 -0.171142578125
-0.0174560546875 0.00336933135986328 0.37249755859375 0.033538818359375
-0.0239906311035156 -0.0365371704101562 0.192474365234375 0.387176513671875
0.0307998657226563 -0.0661430358886719 -0.18133544921875 0.440521240234375
0.0744094848632813 -0.0217208862304688 -0.2786865234375 0.17156982421875
0.0949859619140625 0.00591278076171875 0.0520172119140625 -0.00418853759765625
0.0639114379882813 -0.0288543701171875 0.273223876953125 -0.30206298828125
0.0186424255371094 -0.0447921752929688 -0.0164184570312499 -0.5006103515625
-0.0232925415039063 -0.0194149017333984 -0.365814208984375 -0.201385498046875
-0.0239353179931641 0.0110149383544922 -0.27801513671875 0.162445068359375
-0.00365638732910156 0.0118799209594727 -0.0553741455078125 0.247726440429687
0.0028076171875 0.0132884979248047 0.10479736328125 0.149993896484375
0.00659084320068359 0.0149097442626953 0.173675537109375 0.01007080078125
0.0154170989990234 0.0197257995605469 -0.160476684570313 -0.054656982421875
0.00452232360839843 0.0230579376220703 -0.05853271484375 -0.15985107421875
-0.00366783142089844 0.0222454071044922 0.172653198242188 -0.178939819335938
-0.0214557647705078 0.00328826904296875 0.3643798828125 0.00244140625
-0.0280113220214844 -0.0477790832519531 0.22235107421875 0.3607177734375
0.034912109375 -0.09039306640625 -0.144134521484375 0.4503173828125
0.0983963012695313 -0.0434036254882813 -0.28326416015625 0.19598388671875
0.130172729492187 -0.0040740966796875 0.0214042663574219 0.00675201416015625
0.0916061401367188 -0.0484619140625 0.272720336914063 -0.2762451171875
0.0281219482421875 -0.0690803527832031 0.01739501953125 -0.498992919921875
-0.0273017883300781 -0.0344944000244141 -0.355499267578125 -0.23272705078125
-0.0291748046875 0.0108299255371094 -0.295196533203125 0.14111328125
-0.00600433349609375 0.0183753967285156 -0.0755462646484375 0.245193481445312
-0.00160408020019531 0.0227622985839844 0.0971832275390625 0.15887451171875
0.00680160522460937 0.0210914611816406 0.174728393554688 0.0174560546875
0.015864372253418 -0.0154991149902344 -0.170944213867188 -0.0368499755859375
0.012542724609375 -0.00941944122314453 -0.0924224853515625 -0.17071533203125
0.0193843841552734 -0.00642967224121094 0.09771728515625 -0.22625732421875
0.011866569519043 0.0139713287353516 0.323486328125 -0.089752197265625
-0.0107173919677734 0.0190200805664063 0.2977294921875 0.283935546875
-0.0144872665405273 0.0065765380859375 -0.0155029296875 0.47967529296875
-0.0214080810546875 0.0315322875976562 -0.24761962890625 0.275619506835938
-0.0271244049072266 0.0316619873046875 -0.00982284545898438 0.0442314147949219
-0.0268840789794922 0.0350894927978516 0.3267822265625 -0.193572998046875
0.000183105468749998 0.0300540924072266 0.157958984375 -0.48553466796875
0.00196075439453125 0.0196762084960938 -0.30194091796875 -0.326904296875
-0.00113487243652344 0.00496625900268555 -0.35595703125 0.0657958984375
0.0158920288085938 -0.005523681640625 -0.144866943359375 0.216262817382813
0.0121335983276367 -0.0118551254272461 0.06976318359375 0.161941528320313
0.00399684906005859 -0.0144939422607422 0.16998291015625 0.0348052978515625
0.016077995300293 -0.0124177932739258 -0.170684814453125 -0.0418701171875
0.0153322219848633 -0.00989151000976563 -0.0821685791015625 -0.172439575195313
0.0184326171875 -0.00848007202148438 0.121002197265625 -0.216339111328125
0.00855445861816406 0.0141830444335938 0.338897705078125 -0.05950927734375
-0.0139751434326172 0.0196018218994141 0.272979736328125 0.315582275390625
-0.0150814056396484 0.0100479125976562 -0.059326171875 0.475128173828125
-0.0255317687988281 0.0344944000244141 -0.254119873046875 0.247634887695313
-0.0301609039306641 0.0338287353515625 0.0154209136962891 0.0316791534423828
-0.02630615234375 0.0386619567871094 0.322296142578125 -0.224395751953125
0.00149917602539062 0.0326633453369141 0.11102294921875 -0.493072509765625
0.00195693969726563 0.0201606750488281 -0.3255615234375 -0.289093017578125
-0.00365757942199707 0.0041658878326416 -0.338165283203125 0.096099853515625
0.0129251480102539 -0.0085906982421875 -0.12060546875 0.225082397460938
0.012730598449707 -0.0132646560668945 0.0813140869140625 0.156723022460938
0.00430107116699219 -0.0119609832763672 0.170623779296875 0.026763916015625
0.0168266296386719 -0.00741291046142578 -0.16973876953125 -0.0496673583984375
0.0164871215820313 -0.00779056549072266 -0.0708770751953125 -0.174972534179688
0.0164566040039063 -0.00710010528564453 0.147140502929688 -0.205047607421875
0.00354862213134766 0.0145206451416016 0.355560302734375 -0.0252685546875
-0.0174846649169922 0.0157194137573242 0.24591064453125 0.346282958984375
-0.0132856369018555 0.00559806823730469 -0.1038818359375 0.46734619140625
-0.02105712890625 0.0312824249267578 -0.2587890625 0.219131469726563
-0.0218524932861328 0.0338115692138672 0.0412063598632813 0.0170326232910156
-0.0172042846679687 0.0365982055664063 0.310699462890625 -0.260284423828125
0.00463294982910156 0.0282993316650391 0.057861328125 -0.5001220703125
0.000424385070800781 0.0164556503295898 -0.349517822265625 -0.2509765625
-0.00754261016845703 0.00420904159545898 -0.317413330078125 0.126617431640625
0.0103082656860352 -0.00972652435302734 -0.09478759765625 0.235092163085938
0.0124473571777344 -0.0124664306640625 0.0914764404296875 0.15240478515625
0.0050806999206543 -0.00811004638671875 0.172592163085937 0.0196685791015625
0.0166635513305664 -0.00200843811035156 -0.167678833007813 -0.055572509765625
0.0168170928955078 -0.00400352478027344 -0.0603179931640625 -0.174346923828125
0.0127630233764648 -0.00370883941650391 0.17095947265625 -0.190765380859375
-0.00185775756835938 0.013463020324707 0.368743896484375 0.007781982421875
-0.0206527709960938 0.00670814514160157 0.21661376953125 0.374725341796875
-0.00665378570556641 -0.00479602813720703 -0.147613525390625 0.4581298828125
-0.00721549987792969 0.0230159759521484 -0.264083862304688 0.1927490234375
-0.00312423706054687 0.0295867919921875 0.0597457885742187 0.005096435546875
-0.00217628479003907 0.0274848937988281 0.29864501953125 -0.289276123046875
0.00830078125 0.0166482925415039 0.01470947265625 -0.50299072265625
-0.00362491607666016 0.0103845596313477 -0.363006591796875 -0.21807861328125
-0.0119009017944336 0.00519847869873047 -0.29620361328125 0.151336669921875
0.00666379928588867 -0.00814342498779297 -0.0723876953125 0.240554809570312
0.0110397338867188 -0.00928592681884765 0.100418090820313 0.147323608398438
0.00550031661987305 -0.00265312194824219 0.172943115234375 0.013153076171875
0.0164480209350586 0.00430488586425781 -0.16656494140625 -0.0603179931640625
0.0148172378540039 0.00226783752441406 -0.05303955078125 -0.17303466796875
0.00844621658325195 0.00144624710083008 0.187835693359375 -0.179122924804687
-0.00779151916503906 0.00996112823486328 0.37506103515625 0.031402587890625
-0.0222091674804688 -0.00624275207519532 0.195404052734375 0.39166259765625
0.00455474853515625 -0.021942138671875 -0.176300048828125 0.44696044921875
0.0160951614379883 0.0104665756225586 -0.268569946289062 0.174636840820313
0.0258350372314453 0.0232315063476563 0.0695075988769531 -0.00366973876953125
0.0175514221191406 0.0112495422363281 0.284210205078125 -0.307586669921875
0.0112876892089844 -0.00103282928466797 -0.019134521484375 -0.502105712890625
-0.00990772247314453 0.00239944458007812 -0.371612548828125 -0.194183349609375
-0.0158491134643555 0.00681591033935547 -0.2811279296875 0.166824340820312
0.00390863418579102 -0.00395798683166504 -0.0557861328125 0.2462158203125
0.00907039642333984 -0.00340557098388672 0.106689453125 0.144927978515625
0.00594139099121094 0.00332403182983398 0.173675537109375 0.008148193359375
0.0162010192871094 0.0102548599243164 -0.164352416992188 -0.0608978271484375
0.0120410919189453 0.00884246826171875 -0.04986572265625 -0.16949462890625
0.0039830207824707 0.00749874114990234 0.1944580078125 -0.172225952148438
-0.0128583908081055 0.00619792938232422 0.376220703125 0.040008544921875
-0.0234088897705078 -0.0225009918212891 0.1865234375 0.396697998046875
0.0185928344726563 -0.0431976318359375 -0.18963623046875 0.441925048828125
0.0450592041015625 -0.00420379638671875 -0.273193359375 0.167633056640625
0.0601310729980469 0.0144882202148437 0.0678520202636719 -0.007171630859375
0.0402336120605469 -0.00886154174804688 0.274993896484375 -0.315155029296875
0.0140972137451172 -0.0222892761230469 -0.03076171875 -0.503143310546875
-0.0167999267578125 -0.00727367401123047 -0.37384033203125 -0.185699462890625
-0.0200386047363281 0.0094451904296875 -0.273666381835938 0.1724853515625
0.000870704650878906 0.00304388999938965 -0.0490570068359375 0.248809814453125
0.00665092468261719 0.00336503982543945 0.108383178710938 0.145980834960938
0.00621700286865234 0.00834035873413086 0.17437744140625 0.006378173828125
0.0163135528564453 0.0149612426757813 -0.163345336914063 -0.0591278076171875
0.00802040100097656 0.0158185958862305 -0.0534515380859375 -0.165359497070313
2.09808349609369E-05 0.0140933990478516 0.18951416015625 -0.173583984375
-0.0173540115356445 0.00323867797851562 0.374969482421875 0.02679443359375
-0.0248908996582031 -0.0365257263183594 0.1988525390625 0.38641357421875
0.0301437377929687 -0.0667610168457031 -0.17962646484375 0.445831298828125
0.0747146606445313 -0.0222549438476563 -0.27862548828125 0.175384521484375
0.0959701538085938 0.00502777099609375 0.0515975952148438 -0.00380706787109375
0.0640907287597656 -0.030029296875 0.271148681640625 -0.306884765625
0.0186233520507812 -0.0457000732421875 -0.0224609375 -0.502044677734375
-0.0237636566162109 -0.018707275390625 -0.37066650390625 -0.19720458984375
-0.0239028930664063 0.0116195678710937 -0.27752685546875 0.166748046875
-0.00326919555664063 0.0121479034423828 -0.05206298828125 0.249374389648438
0.00324153900146485 0.0132675170898438 0.107711791992188 0.149429321289063
0.00688552856445312 0.0157861709594727 0.17498779296875 0.007659912109375
0.0165233612060547 0.0193805694580078 -0.1627197265625 -0.05291748046875
0.00475502014160156 0.0228729248046875 -0.061492919921875 -0.160308837890625
-0.0032501220703125 0.0219173431396484 0.171783447265625 -0.18310546875
-0.0218524932861328 0.00344657897949219 0.367706298828125 -0.00164794921875
-0.0294647216796875 -0.0476799011230469 0.228485107421875 0.362274169921875
0.033935546875 -0.0912857055664063 -0.13995361328125 0.4547119140625
0.0986328125 -0.0446624755859375 -0.283355712890625 0.1993408203125
0.130996704101563 -0.005828857421875 0.0210323333740234 0.00704765319824219
0.0922470092773438 -0.04949951171875 0.271255493164063 -0.280563354492188
0.0279121398925781 -0.0698432922363281 0.01165771484375 -0.503021240234375
-0.0283432006835938 -0.0343780517578125 -0.35906982421875 -0.230133056640625
-0.0291423797607422 0.0113124847412109 -0.295379638671875 0.145111083984375
-0.00601768493652344 0.0183429718017578 -0.072967529296875 0.246963500976562
-0.00134086608886719 0.0229625701904297 0.100173950195313 0.1590576171875
0.00713539123535156 0.02178955078125 0.175460815429688 0.015472412109375
0.0152826309204102 -0.0157804489135742 -0.172393798828125 -0.0344696044921875
0.0115985870361328 -0.0095205307006836 -0.0956878662109375 -0.169708251953125
0.0199165344238281 -0.00716590881347656 0.0948486328125 -0.228622436523438
0.0123529434204102 0.0132722854614258 0.324127197265625 -0.0947265625
-0.0107975006103516 0.0192813873291016 0.30322265625 0.281524658203125
-0.0154237747192383 0.00661754608154297 -0.00939941406249999 0.48236083984375
-0.0212764739990234 0.0315418243408203 -0.24609375 0.279434204101563
-0.0262947082519531 0.0322551727294922 -0.00942611694335938 0.0448265075683594
-0.0259552001953125 0.03564453125 0.325836181640625 -0.1988525390625
0.00138664245605469 0.0298557281494141 0.152435302734375 -0.489227294921875
0.002655029296875 0.0192737579345703 -0.30657958984375 -0.32366943359375
-0.00131034851074219 0.00528860092163086 -0.356689453125 0.070831298828125
0.0154933929443359 -0.00631046295166016 -0.1417236328125 0.219619750976563
0.0119085311889648 -0.012751579284668 0.072418212890625 0.16156005859375
0.00347900390625 -0.0146961212158203 0.17193603515625 0.0321807861328125
0.0158309936523438 -0.0125932693481445 -0.172317504882813 -0.0396881103515625
0.0150585174560547 -0.00968360900878906 -0.086029052734375 -0.172073364257813
0.0180416107177734 -0.00843429565429688 0.118606567382812 -0.219146728515625
0.00893688201904297 0.0142354965209961 0.3404541015625 -0.0640869140625
-0.0138397216796875 0.0196495056152344 0.280426025390625 0.313446044921875
-0.0156354904174805 0.0100259780883789 -0.0533447265625 0.478271484375
-0.0247325897216797 0.0345973968505859 -0.2529296875 0.251876831054688
-0.0296840667724609 0.0346050262451172 0.0158004760742187 0.0319042205810547
-0.0256118774414063 0.0392303466796875 0.321044921875 -0.230438232421875
0.00199127197265625 0.0327682495117188 0.105987548828125 -0.4984130859375
0.00225830078125 0.0202178955078125 -0.331329345703125 -0.286102294921875
-0.00400114059448242 0.00488710403442383 -0.33795166015625 0.1014404296875
0.0131540298461914 -0.00952339172363281 -0.11767578125 0.227783203125
0.012451171875 -0.0141620635986328 0.08404541015625 0.156448364257813
0.00403308868408203 -0.0117254257202148 0.172317504882813 0.02435302734375
0.0167741775512695 -0.00828933715820313 -0.171722412109375 -0.0473480224609375
0.0164642333984375 -0.00795364379882813 -0.0742645263671875 -0.1746826171875
0.0165491104125977 -0.00749874114990234 0.144790649414063 -0.207809448242188
0.00443649291992187 0.014246940612793 0.357757568359375 -0.03045654296875
-0.0173158645629883 0.0158195495605469 0.25341796875 0.345733642578125
-0.0136642456054688 0.00612545013427734 -0.098907470703125 0.469818115234375
-0.0209636688232422 0.0318927764892578 -0.2574462890625 0.223251342773438
-0.0213813781738281 0.0339202880859375 0.0413436889648438 0.0174026489257813
-0.0164871215820313 0.0371437072753906 0.3087158203125 -0.26568603515625
0.00492668151855468 0.0283737182617188 0.050689697265625 -0.50445556640625
0.00051116943359375 0.0167865753173828 -0.3544921875 -0.24609375
-0.00757694244384766 0.00429916381835938 -0.317474365234375 0.13232421875
0.0103702545166016 -0.0100889205932617 -0.0913543701171875 0.237213134765625
0.0121278762817383 -0.013005256652832 0.0937957763671875 0.15142822265625
0.00447177886962891 -0.00798130035400391 0.174057006835938 0.0177764892578125
0.0169029235839844 -0.00243568420410156 -0.169586181640625 -0.0537872314453125
0.0163259506225586 -0.00361824035644531 -0.063385009765625 -0.174240112304688
0.0129776000976563 -0.00363540649414063 0.16937255859375 -0.19390869140625
-0.00147151947021484 0.0128202438354492 0.3699951171875 0.00372314453125
-0.0205745697021484 0.00710868835449219 0.22247314453125 0.373931884765625
-0.00762081146240234 -0.00496625900268555 -0.1439208984375 0.45953369140625
-0.00698280334472656 0.02337646484375 -0.263671875 0.196456909179687
-0.00211524963378906 0.0299415588378906 0.0595054626464844 0.00492095947265625
-0.00162506103515625 0.0277023315429687 0.296417236328125 -0.29351806640625
0.00865554809570313 0.0165309906005859 0.00820922851562498 -0.5050048828125
-0.00358200073242188 0.0103940963745117 -0.368499755859375 -0.214019775390625
-0.0121650695800781 0.00558376312255859 -0.295745849609375 0.15606689453125
0.00617122650146484 -0.00810718536376953 -0.06903076171875 0.242538452148438
0.011021614074707 -0.00940322875976563 0.102767944335937 0.146926879882812
0.00540018081665039 -0.00243091583251953 0.173965454101563 0.0105743408203125
0.0166015625 0.00371265411376953 -0.168350219726562 -0.0578155517578125
0.0150012969970703 0.00190067291259766 -0.05596923828125 -0.172958374023438
0.00856208801269531 0.00136661529541016 0.186233520507813 -0.18328857421875
-0.00767326354980469 0.00995922088623047 0.37750244140625 0.0263671875
-0.0226192474365234 -0.0060272216796875 0.20123291015625 0.39056396484375
0.00409126281738281 -0.0218410491943359 -0.17230224609375 0.45074462890625
0.0162744522094727 0.0107240676879883 -0.267837524414063 0.178695678710937
0.0260162353515625 0.0228385925292969 0.0694503784179688 -0.00412368774414062
0.0180587768554688 0.0111827850341797 0.2813720703125 -0.31427001953125
0.0114412307739258 -0.00105094909667969 -0.025299072265625 -0.504119873046875
-0.00924587249755859 0.00283145904541016 -0.3760986328125 -0.190399169921875
-0.0160865783691406 0.00748538970947266 -0.279464721679688 0.171463012695313
0.00368523597717285 -0.00357151031494141 -0.052215576171875 0.247940063476563
0.00877666473388672 -0.00371837615966797 0.109283447265625 0.144241333007813
0.00599765777587891 0.00360822677612305 0.17474365234375 0.0054168701171875
0.0165386199951172 0.010045051574707 -0.166305541992188 -0.0589752197265625
0.0117769241333008 0.00890445709228516 -0.0529022216796875 -0.16949462890625
0.00378561019897461 0.00725126266479492 0.193038940429688 -0.176223754882813
-0.0130481719970703 0.00602436065673828 0.37982177734375 0.035125732421875
-0.0233192443847656 -0.0219593048095703 0.193450927734375 0.39630126953125
0.017669677734375 -0.0429573059082031 -0.18475341796875 0.44683837890625
0.0449867248535156 -0.00482177734375 -0.272689819335938 0.171554565429687
0.060760498046875 0.0137748718261719 0.0671806335449219 -0.0074615478515625
0.0405540466308594 -0.00906753540039063 0.272216796875 -0.320465087890625
0.0141830444335938 -0.0226345062255859 -0.036712646484375 -0.504547119140625
-0.017369270324707 -0.00706863403320312 -0.378173828125 -0.182586669921875
-0.0196590423583984 0.0102577209472656 -0.271621704101563 0.17681884765625
0.000849246978759766 0.00290918350219727 -0.045440673828125 0.250045776367188
0.00644874572753906 0.00308609008789063 0.111541748046875 0.145492553710937
0.00627470016479492 0.00864553451538086 0.17559814453125 0.0037689208984375
0.0161800384521484 0.0151863098144531 -0.165695190429688 -0.0568695068359375
0.00827312469482422 0.0158586502075195 -0.0556793212890625 -0.165618896484375
0.000232696533203126 0.0144758224487305 0.188766479492188 -0.177871704101563
-0.0178813934326172 0.00326156616210937 0.3780517578125 0.022705078125
-0.0256080627441406 -0.0364570617675781 0.204864501953125 0.386688232421875
0.0290184020996094 -0.0673370361328125 -0.17315673828125 0.45013427734375
0.074554443359375 -0.0232620239257812 -0.27880859375 0.180389404296875
0.0966339111328125 0.00290679931640625 0.0517959594726563 -0.00407791137695313
0.0647964477539063 -0.0311851501464844 0.2689208984375 -0.311553955078125
0.0182685852050781 -0.0459747314453125 -0.027984619140625 -0.50506591796875
-0.0241203308105469 -0.0189285278320312 -0.375152587890625 -0.19287109375
-0.0235652923583984 0.01171875 -0.275924682617188 0.17138671875
-0.00366783142089844 0.012110710144043 -0.0487060546875 0.25103759765625
0.00299263000488281 0.0133152008056641 0.11004638671875 0.148895263671875
0.007171630859375 0.0158004760742188 0.176284790039062 0.0050506591796875
0.0162277221679688 0.0196666717529297 -0.164810180664063 -0.0498504638671875
0.00478744506835937 0.022979736328125 -0.0640106201171875 -0.159164428710938
-0.0025787353515625 0.0226879119873047 0.170257568359375 -0.186492919921875
-0.0217342376708984 0.00309562683105469 0.3690185546875 -0.00726318359375
-0.03021240234375 -0.0478286743164063 0.2347412109375 0.359649658203125
0.0325546264648438 -0.0915908813476563 -0.135528564453125 0.458770751953125
0.0984878540039063 -0.0462265014648438 -0.2822265625 0.204864501953125
0.131645202636719 -0.00725555419921875 0.0211830139160156 0.00734329223632812
0.0922012329101563 -0.0508041381835938 0.269012451171875 -0.285797119140625
0.0270767211914062 -0.0707931518554687 0.004547119140625 -0.505126953125
-0.0287876129150391 -0.0342979431152344 -0.36492919921875 -0.2261962890625
-0.0289020538330078 0.0121288299560547 -0.29443359375 0.150238037109375
-0.00617218017578125 0.0185108184814453 -0.0699005126953125 0.2490234375
-0.000976562499999999 0.0231971740722656 0.102523803710938 0.158035278320313
0.00753402709960938 0.0221881866455078 0.176528930664063 0.0129547119140625
0.0151395797729492 -0.0159311294555664 -0.173873901367188 -0.03179931640625
0.0120515823364258 -0.0100183486938477 -0.098876953125 -0.167922973632813
0.0195465087890625 -0.00799942016601563 0.092132568359375 -0.229965209960938
0.0124444961547852 0.012324333190918 0.323516845703125 -0.099273681640625
-0.0105686187744141 0.0191059112548828 0.3092041015625 0.279815673828125
-0.0152959823608398 0.00714683532714844 -0.00247192382812499 0.483184814453125
-0.0212917327880859 0.0317478179931641 -0.243743896484375 0.283355712890625
-0.0254764556884766 0.0320491790771484 -0.0091400146484375 0.0453338623046875
-0.0253753662109375 0.0362319946289063 0.324188232421875 -0.204803466796875
0.00146484375 0.0303707122802734 0.146514892578125 -0.49261474609375
0.00301551818847656 0.0195484161376953 -0.31396484375 -0.319610595703125
-0.00116968154907227 0.00573158264160156 -0.356414794921875 0.076324462890625
0.0157108306884766 -0.00637435913085938 -0.138900756835938 0.222259521484375
0.0111894607543945 -0.0125455856323242 0.075347900390625 0.161590576171875
0.00359630584716797 -0.0141773223876953 0.172988891601562 0.0296630859375
0.0155353546142578 -0.0131292343139648 -0.174026489257812 -0.0364837646484375
0.0148735046386719 -0.0100736618041992 -0.08905029296875 -0.17095947265625
0.0178775787353516 -0.00898551940917969 0.115570068359375 -0.221527099609375
0.00860309600830078 0.013667106628418 0.3408203125 -0.06951904296875
-0.0135135650634766 0.0199356079101563 0.285888671875 0.310089111328125
-0.0159149169921875 0.0106658935546875 -0.046783447265625 0.48028564453125
-0.024627685546875 0.0349044799804688 -0.250595092773438 0.256500244140625
-0.0288848876953125 0.0348014831542969 0.0158481597900391 0.032012939453125
-0.0244102478027344 0.0403823852539062 0.317413330078125 -0.23516845703125
0.00269126892089844 0.0326099395751953 0.098602294921875 -0.50103759765625
0.00237083435058594 0.0202083587646484 -0.336700439453125 -0.28277587890625
-0.00368309020996094 0.00486087799072266 -0.337554931640625 0.107086181640625
0.0123510360717773 -0.00945949554443359 -0.114395141601563 0.23028564453125
0.0119915008544922 -0.0143060684204102 0.087005615234375 0.155899047851563
0.00377273559570313 -0.0115480422973633 0.173675537109375 0.0213470458984375
0.0167655944824219 -0.00827312469482422 -0.17315673828125 -0.0445404052734375
0.0163440704345703 -0.00803470611572266 -0.0776519775390625 -0.173446655273438
0.0165586471557617 -0.00749301910400391 0.14251708984375 -0.210693359375
0.00446510314941406 0.0141077041625977 0.358551025390625 -0.035430908203125
-0.017268180847168 0.0163784027099609 0.25811767578125 0.34368896484375
-0.0141277313232422 0.00629520416259765 -0.0923767089843749 0.47259521484375
-0.0202121734619141 0.0319576263427734 -0.256805419921875 0.227371215820312
-0.0213470458984375 0.0340938568115234 0.0414924621582031 0.0172576904296875
-0.0156440734863281 0.0376625061035156 0.306915283203125 -0.27093505859375
0.005706787109375 0.0283946990966797 0.044921875 -0.507110595703125
0.000884056091308592 0.0170297622680664 -0.359161376953125 -0.242828369140625
-0.00784206390380859 0.00466537475585938 -0.31646728515625 0.137298583984375
0.00981712341308594 -0.0103549957275391 -0.088287353515625 0.2391357421875
0.0118179321289063 -0.0133228302001953 0.096923828125 0.150360107421875
0.00489711761474609 -0.00788021087646485 0.174835205078125 0.014404296875
0.0166139602661133 -0.00244903564453125 -0.171524047851563 -0.05084228515625
0.0166969299316406 -0.00427818298339844 -0.0663909912109375 -0.173614501953125
0.0127620697021484 -0.00413990020751953 0.167221069335937 -0.196823120117188
-0.00119495391845703 0.0125150680541992 0.37188720703125 -0.001983642578125
-0.0211238861083984 0.00736808776855469 0.2294921875 0.371978759765625
-0.00743770599365234 -0.00445556640625 -0.1370849609375 0.46380615234375
-0.00667762756347656 0.0230274200439453 -0.261871337890625 0.200546264648438
-0.001495361328125 0.0298900604248047 0.0596084594726562 0.00463104248046875
-0.000888824462890628 0.0279102325439453 0.292755126953125 -0.298828125
0.00886440277099609 0.0166950225830078 0.000854492187500016 -0.50823974609375
-0.00321865081787109 0.0108890533447266 -0.37261962890625 -0.208251953125
-0.0121278762817383 0.00580501556396484 -0.294158935546875 0.161102294921875
0.00629854202270508 -0.00834369659423828 -0.0652618408203125 0.244155883789062
0.0105772018432617 -0.010258674621582 0.10540771484375 0.145263671875
0.00484418869018555 -0.00222587585449219 0.175567626953125 0.0074615478515625
0.0164337158203125 0.00388336181640625 -0.170333862304688 -0.05560302734375
0.0148162841796875 0.00192642211914063 -0.0583953857421875 -0.171890258789063
0.00833797454833984 0.000515937805175781 0.184341430664063 -0.186325073242188
-0.007110595703125 0.00981712341308594 0.379364013671875 0.02093505859375
-0.0230064392089844 -0.00588607788085937 0.208740234375 0.390228271484375
0.00359916687011719 -0.0216712951660156 -0.1663818359375 0.454803466796875
0.0165424346923828 0.0102710723876953 -0.26666259765625 0.182723999023437
0.026763916015625 0.0222988128662109 0.0693321228027344 -0.00470733642578125
0.0191135406494141 0.0111408233642578 0.278900146484375 -0.317413330078125
0.0114355087280273 -0.000802993774414063 -0.032958984375 -0.506195068359375
-0.00963592529296875 0.00274276733398438 -0.380462646484375 -0.18511962890625
-0.0159101486206055 0.00761795043945313 -0.27789306640625 0.176467895507812
0.00373673439025879 -0.00411057472229004 -0.0482330322265625 0.249053955078125
0.00823402404785156 -0.00420856475830078 0.111907958984375 0.142822265625
0.00616168975830078 0.00366878509521484 0.175582885742188 0.0022430419921875
0.0170917510986328 0.00950813293457032 -0.168502807617188 -0.0562591552734375
0.0122518539428711 0.00819110870361328 -0.055694580078125 -0.168365478515625
0.00382661819458008 0.00691938400268555 0.190933227539063 -0.1795654296875
-0.0126771926879883 0.00604820251464844 0.381317138671875 0.029388427734375
-0.0243759155273438 -0.0214672088623047 0.20050048828125 0.3953857421875
0.016998291015625 -0.0436897277832031 -0.179901123046875 0.449951171875
0.0451164245605469 -0.005279541015625 -0.271759033203125 0.176193237304688
0.0611495971679688 0.0128173828125 0.0673332214355469 -0.0077667236328125
0.0406723022460938 -0.00992584228515625 0.269256591796875 -0.323486328125
0.0138053894042969 -0.0227394104003906 -0.04425048828125 -0.50634765625
-0.017120361328125 -0.00684547424316406 -0.382049560546875 -0.176849365234375
-0.0193443298339844 0.01043701171875 -0.26995849609375 0.181716918945313
0.000538349151611328 0.00310087203979492 -0.04119873046875 0.251083374023438
0.0066828727722168 0.00300312042236328 0.1142578125 0.144180297851563
0.00634956359863281 0.00954246520996094 0.176361083984375 0.000778198242187501
0.0167598724365234 0.0149469375610352 -0.167312622070313 -0.0540313720703125
0.00850391387939453 0.0160331726074219 -0.0585784912109375 -0.1641845703125
0.000142097473144533 0.0139083862304687 0.186965942382812 -0.181716918945313
-0.0177841186523438 0.00334930419921875 0.379791259765625 0.0174560546875
-0.026519775390625 -0.0366554260253906 0.210693359375 0.38433837890625
0.0279541015625 -0.0672492980957031 -0.168243408203125 0.453033447265625
0.0741806030273438 -0.0248794555664063 -0.277496337890625 0.183883666992188
0.0973892211914063 0.00193023681640625 0.0518455505371094 -0.00424957275390625
0.0645484924316406 -0.0320396423339844 0.2642822265625 -0.316070556640625
0.0179710388183594 -0.0463752746582031 -0.0355224609375 -0.50689697265625
-0.0240573883056641 -0.0188102722167969 -0.380401611328125 -0.18896484375
-0.0234909057617188 0.0125007629394531 -0.274368286132813 0.176055908203125
-0.00337123870849609 0.0121612548828125 -0.045074462890625 0.252471923828125
0.00332927703857422 0.0132045745849609 0.112838745117188 0.147506713867188
0.00757980346679688 0.0161752700805664 0.177047729492188 0.001861572265625
0.0168437957763672 0.0192718505859375 -0.166107177734375 -0.0475921630859375
0.00482177734375 0.0233802795410156 -0.067047119140625 -0.15826416015625
-0.00232315063476563 0.0222415924072266 0.168624877929688 -0.189208984375
-0.0219573974609375 0.00339698791503906 0.37060546875 -0.013519287109375
-0.0312232971191406 -0.0473060607910156 0.24114990234375 0.35797119140625
0.031036376953125 -0.0922317504882813 -0.128936767578125 0.461669921875
0.0980606079101563 -0.0473785400390625 -0.280517578125 0.208969116210938
0.131668090820313 -0.00891876220703125 0.0213871002197266 0.00713157653808594
0.0921478271484375 -0.0523605346679688 0.2657470703125 -0.290008544921875
0.0265045166015625 -0.0714874267578125 -0.00149536132812501 -0.507476806640625
-0.0291080474853516 -0.0340023040771484 -0.36895751953125 -0.221282958984375
-0.0286941528320313 0.0126094818115234 -0.293426513671875 0.155242919921875
-0.00574493408203125 0.0187301635742187 -0.06585693359375 0.250137329101563
-0.000968933105468751 0.0236415863037109 0.1055908203125 0.157867431640625
0.00757408142089844 0.0224018096923828 0.17816162109375 0.00982666015625
0.0145349502563477 -0.0165014266967773 -0.174957275390625 -0.0285491943359375
0.0117044448852539 -0.00981521606445313 -0.101837158203125 -0.166595458984375
0.0194206237792969 -0.00834846496582031 0.0880126953125 -0.232131958007813
0.0127506256103516 0.0123310089111328 0.323150634765625 -0.104949951171875
-0.0106449127197266 0.0199413299560547 0.31427001953125 0.27520751953125
-0.0155220031738281 0.00765705108642578 0.00476074218749997 0.48358154296875
-0.0208320617675781 0.0321636199951172 -0.240478515625 0.287628173828125
-0.0249862670898437 0.0323314666748047 -0.00871276855468751 0.0454559326171875
-0.0247573852539062 0.0366973876953125 0.32330322265625 -0.20794677734375
0.00213241577148437 0.0305538177490234 0.141021728515625 -0.4962158203125
0.003265380859375 0.0192470550537109 -0.317840576171875 -0.315277099609375
-0.000954151153564454 0.00569057464599609 -0.35540771484375 0.0823364257812499
0.0152587890625 -0.00662136077880859 -0.135482788085938 0.224609375
0.0111331939697266 -0.0134878158569336 0.0783843994140625 0.160079956054688
0.00262260437011719 -0.0141191482543945 0.174041748046875 0.026031494140625
0.0152320861816406 -0.0134077072143555 -0.174972534179688 -0.033843994140625
0.0146656036376953 -0.0102596282958984 -0.0916748046875 -0.16925048828125
0.0180797576904297 -0.0094146728515625 0.11224365234375 -0.223434448242188
0.00948429107666015 0.0130062103271484 0.340484619140625 -0.075103759765625
-0.0135974884033203 0.0206737518310547 0.290740966796875 0.307525634765625
-0.0163431167602539 0.0109262466430664 -0.041168212890625 0.480560302734375
-0.0243759155273438 0.0353126525878906 -0.247573852539063 0.259994506835938
-0.0283660888671875 0.03460693359375 0.0158348083496094 0.0322265625
-0.0240287780761719 0.040771484375 0.314849853515625 -0.240203857421875
0.00325393676757813 0.0329170227050781 0.091888427734375 -0.5028076171875
0.00340652465820312 0.019683837890625 -0.341033935546875 -0.278961181640625
-0.00365304946899414 0.00536680221557617 -0.336883544921875 0.112396240234375
0.0122499465942383 -0.009765625 -0.110565185546875 0.231597900390625
0.0118207931518555 -0.0145883560180664 0.0896148681640625 0.1546630859375
0.00367259979248047 -0.0113821029663086 0.174407958984375 0.018035888671875
0.0162239074707031 -0.00842857360839844 -0.174972534179688 -0.042022705078125
0.0159893035888672 -0.00838184356689453 -0.08050537109375 -0.17169189453125
0.0161314010620117 -0.00839996337890625 0.139007568359375 -0.212722778320313
0.00460433959960938 0.0134944915771484 0.3582763671875 -0.041229248046875
-0.0172195434570313 0.0165262222290039 0.265655517578125 0.339569091796875
-0.0142049789428711 0.00713729858398438 -0.08502197265625 0.474273681640625
-0.02044677734375 0.0321140289306641 -0.25323486328125 0.231674194335938
-0.0205326080322266 0.0338153839111328 0.0416183471679688 0.0168418884277344
-0.0151443481445312 0.0382537841796875 0.303436279296875 -0.2750244140625
0.00641059875488281 0.0283393859863281 0.038116455078125 -0.509429931640625
0.00129127502441406 0.0169029235839844 -0.3634033203125 -0.23797607421875
-0.00749444961547852 0.00509548187255859 -0.3148193359375 0.142578125
0.00968170166015625 -0.0108146667480469 -0.0844573974609375 0.23992919921875
0.0116853713989258 -0.0134963989257812 0.09967041015625 0.149765014648438
0.00431632995605469 -0.00732517242431641 0.176177978515625 0.0110626220703125
0.0165939331054688 -0.00289630889892578 -0.173248291015625 -0.047760009765625
0.0165681838989258 -0.00434780120849609 -0.0700531005859375 -0.17193603515625
0.0124435424804688 -0.00453472137451172 0.164306640625 -0.199417114257813
-0.00141334533691406 0.0124578475952148 0.37225341796875 -0.008209228515625
-0.0206279754638672 0.00749969482421875 0.2362060546875 0.36981201171875
-0.00798511505126953 -0.00442075729370117 -0.13140869140625 0.46539306640625
-0.0070648193359375 0.0231075286865234 -0.25958251953125 0.204681396484375
-0.000995635986328126 0.0299968719482422 0.0595169067382813 0.00448989868164063
0.000125885009765626 0.0282440185546875 0.290069580078125 -0.3031005859375
0.009765625 0.0167255401611328 -0.00698852539062504 -0.508880615234375
-0.00314426422119141 0.0109291076660156 -0.37628173828125 -0.2041015625
-0.0116462707519531 0.00584220886230469 -0.291595458984375 0.16546630859375
0.00607585906982422 -0.00872993469238281 -0.061065673828125 0.244613647460938
0.00997161865234375 -0.0104656219482422 0.108535766601563 0.144302368164063
0.00489282608032227 -0.00214862823486328 0.175750732421875 0.0043182373046875
0.0170354843139648 0.00343418121337891 -0.171127319335938 -0.0522613525390625
0.0141239166259766 0.001708984375 -0.0618896484375 -0.170822143554688
0.00883293151855469 0.000349998474121094 0.1820068359375 -0.189849853515625
-0.00689029693603516 0.0093393325805664 0.38031005859375 0.0155029296875
-0.0231437683105469 -0.00576210021972656 0.214935302734375 0.38720703125
0.00327110290527344 -0.0218868255615234 -0.16107177734375 0.458465576171875
0.0162744522094727 0.01007080078125 -0.264251708984375 0.186996459960937
0.0274009704589844 0.0217857360839844 0.0691337585449219 -0.00506973266601562
0.0194778442382813 0.0110607147216797 0.2740478515625 -0.322357177734375
0.0117120742797852 -0.00113868713378906 -0.03961181640625 -0.506591796875
-0.00929069519042969 0.00287437438964844 -0.38360595703125 -0.1798095703125
-0.0155735015869141 0.00816726684570312 -0.274948120117187 0.180984497070313
0.00345182418823242 -0.00385832786560059 -0.0443115234375 0.249465942382813
0.00833559036254883 -0.00420618057250977 0.114410400390625 0.141281127929688
0.00587892532348633 0.00397396087646484 0.176162719726563 -0.0005340576171875
0.0170202255249023 0.00948524475097656 -0.1695556640625 -0.0536651611328125
0.0121889114379883 0.00828456878662109 -0.058624267578125 -0.167144775390625
0.00387859344482422 0.00665712356567383 0.189224243164063 -0.183563232421875
-0.0128889083862305 0.00578594207763672 0.382415771484375 0.023223876953125
-0.0248641967773438 -0.0214004516601563 0.20648193359375 0.39190673828125
0.0161628723144531 -0.043487548828125 -0.173187255859375 0.4534912109375
0.0452194213867188 -0.00605010986328125 -0.26983642578125 0.1806640625
0.0614509582519531 0.0114212036132813 0.0670814514160156 -0.00844955444335938
0.0411567687988281 -0.0102920532226563 0.264556884765625 -0.3284912109375
0.0139007568359375 -0.022918701171875 -0.0523681640625 -0.507171630859375
-0.016911506652832 -0.00655555725097656 -0.385467529296875 -0.171173095703125
-0.0190143585205078 0.0108432769775391 -0.266983032226563 0.186065673828125
0.000313758850097656 0.00309419631958008 -0.037139892578125 0.251632690429688
0.00624608993530274 0.00242948532104492 0.116531372070313 0.142196655273438
0.00638389587402344 0.00937843322753906 0.177032470703125 -0.00238037109375
0.0166397094726563 0.014430046081543 -0.168899536132813 -0.051300048828125
0.00888633728027344 0.0163612365722656 -0.0613250732421875 -0.163070678710938
0.000101089477539061 0.0137548446655273 0.183929443359375 -0.185012817382813
-0.0180377960205078 0.00302696228027344 0.380889892578125 0.01080322265625
-0.0269584655761719 -0.0358428955078125 0.2183837890625 0.38165283203125
0.0268974304199219 -0.0679130554199219 -0.16119384765625 0.456390380859375
0.0735092163085938 -0.0254364013671875 -0.274871826171875 0.188034057617188
0.0972824096679688 0.00025177001953125 0.0516929626464844 -0.00429534912109375
0.064605712890625 -0.0334053039550781 0.260528564453125 -0.320068359375
0.0171890258789062 -0.046783447265625 -0.0435791015625 -0.5074462890625
-0.0244255065917969 -0.0182991027832031 -0.383087158203125 -0.183502197265625
-0.0231552124023438 0.0131378173828125 -0.272064208984375 0.180404663085938
-0.00304985046386719 0.0123815536499023 -0.040771484375 0.252761840820313
0.00321674346923828 0.0129880905151367 0.115341186523437 0.146133422851562
0.00779056549072266 0.0168170928955078 0.177230834960938 -0.000976562499999999
0.0172348022460938 0.019287109375 -0.16766357421875 -0.044708251953125
0.00518608093261719 0.0232219696044922 -0.06951904296875 -0.157302856445313
-0.00213241577148437 0.0218639373779297 0.165863037109375 -0.192459106445313
-0.0220928192138672 0.00354766845703125 0.37139892578125 -0.018585205078125
-0.0324058532714844 -0.0466117858886719 0.247283935546875 0.355072021484375
0.0293350219726562 -0.0923690795898438 -0.122589111328125 0.4642333984375
0.0975723266601563 -0.0490875244140625 -0.278396606445313 0.213150024414063
0.132240295410156 -0.0111465454101563 0.0209388732910156 0.00775337219238281
0.0923080444335938 -0.0541763305664063 0.26251220703125 -0.293212890625
0.0254898071289063 -0.0716094970703125 -0.00985717773437497 -0.508514404296875
-0.0301017761230469 -0.0332393646240234 -0.372894287109375 -0.216888427734375
-0.0282077789306641 0.0134696960449219 -0.29058837890625 0.15966796875
-0.0054779052734375 0.0188827514648438 -0.0621490478515625 0.251312255859375
-0.000316619873046873 0.0234107971191406 0.108322143554688 0.156036376953125
0.008392333984375 0.0224571228027344 0.178390502929687 0.0067901611328125
0.0141887664794922 -0.0168304443359375 -0.175750732421875 -0.025848388671875
0.0114622116088867 -0.0101633071899414 -0.104766845703125 -0.164398193359375
0.0190486907958984 -0.00908851623535156 0.0842742919921875 -0.23297119140625
0.0127801895141602 0.0117683410644531 0.320709228515625 -0.109710693359375
-0.0103549957275391 0.0196647644042969 0.318084716796875 0.269866943359375
-0.0159435272216797 0.00797748565673828 0.011505126953125 0.484130859375
-0.02069091796875 0.0322074890136719 -0.235565185546875 0.291107177734375
-0.0242385864257812 0.0322647094726563 -0.0080108642578125 0.0461616516113281
-0.0234718322753906 0.0372886657714844 0.318939208984375 -0.21295166015625
0.00267219543457032 0.0303707122802734 0.132659912109375 -0.498077392578125
0.00372886657714844 0.0194416046142578 -0.322479248046875 -0.311920166015625
-0.000266075134277344 0.00578022003173828 -0.354034423828125 0.0882263183593751
0.014892578125 -0.00718402862548828 -0.131866455078125 0.225555419921875
0.0109272003173828 -0.013789176940918 0.0809326171875 0.159072875976563
0.0025634765625 -0.0135440826416016 0.1741943359375 0.023468017578125
0.0147027969360352 -0.0135974884033203 -0.175445556640625 -0.0307464599609375
0.0144014358520508 -0.0105390548706055 -0.0952301025390625 -0.1669921875
0.0175361633300781 -0.0100984573364258 0.109085083007813 -0.225128173828125
0.00922584533691406 0.0127801895141602 0.33935546875 -0.07989501953125
-0.0130596160888672 0.0205802917480469 0.29559326171875 0.302947998046875
-0.0163640975952148 0.0114049911499023 -0.033721923828125 0.48193359375
-0.0240097045898438 0.0355720520019531 -0.243911743164062 0.263946533203125
-0.0274562835693359 0.0350341796875 0.0159721374511719 0.0321693420410156
-0.0229072570800781 0.0413475036621094 0.3121337890625 -0.244384765625
0.00405120849609375 0.0326862335205078 0.083465576171875 -0.50518798828125
0.00340461730957032 0.0203189849853516 -0.345550537109375 -0.27294921875
-0.0031895637512207 0.00508213043212891 -0.33489990234375 0.11798095703125
0.0116176605224609 -0.0102739334106445 -0.106918334960938 0.2330322265625
0.0115127563476563 -0.0150117874145508 0.091583251953125 0.152999877929688
0.00331401824951172 -0.0113592147827148 0.174880981445313 0.015167236328125
0.0159101486206055 -0.00868129730224609 -0.175247192382813 -0.038848876953125
0.0158967971801758 -0.00824356079101563 -0.0837554931640625 -0.170394897460937
0.015925407409668 -0.00875473022460938 0.13592529296875 -0.214675903320312
0.00492000579833984 0.0132322311401367 0.357818603515625 -0.046783447265625
-0.0170660018920898 0.0171699523925781 0.27154541015625 0.3353271484375
-0.014495849609375 0.00685787200927735 -0.0787353515625 0.475921630859375
-0.0197696685791016 0.0322647094726562 -0.251190185546875 0.234954833984375
-0.0197315216064453 0.0338420867919922 0.0413665771484375 0.0170364379882813
-0.0139198303222656 0.0383186340332031 0.298583984375 -0.279541015625
0.00751686096191406 0.0283927917480469 0.0296630859375 -0.508819580078125
0.00149822235107422 0.0168724060058594 -0.366485595703125 -0.232391357421875
-0.00727510452270508 0.0048828125 -0.311431884765625 0.147369384765625
0.00901031494140625 -0.0112066268920898 -0.0800628662109375 0.240341186523438
0.0112476348876953 -0.014063835144043 0.101715087890625 0.147720336914063
0.00415325164794922 -0.00728082656860351 0.176162719726563 0.00836181640625
0.0167274475097656 -0.00300693511962891 -0.173828125 -0.0445098876953125
0.0162143707275391 -0.0045318603515625 -0.072418212890625 -0.170562744140625
0.0123987197875977 -0.005126953125 0.1611328125 -0.202774047851562
-0.000845909118652343 0.0118503570556641 0.37225341796875 -0.012939453125
-0.0206966400146484 0.00785255432128907 0.241607666015625 0.365936279296875
-0.00826644897460938 -0.0037078857421875 -0.124603271484375 0.467803955078125
-0.00701141357421875 0.023468017578125 -0.2568359375 0.20794677734375
-0.000413894653320311 0.0290012359619141 0.0593376159667969 0.00393295288085938
0.000934600830078124 0.0281276702880859 0.284912109375 -0.306549072265625
0.0102472305297852 0.0162591934204102 -0.013153076171875 -0.5091552734375
-0.00305843353271484 0.0105962753295898 -0.37860107421875 -0.19732666015625
-0.011479377746582 0.00607204437255859 -0.288177490234375 0.170013427734375
0.00540542602539063 -0.0088653564453125 -0.0569305419921875 0.24554443359375
0.00990390777587891 -0.0107479095458984 0.110748291015625 0.142303466796875
0.00492334365844726 -0.0019073486328125 0.175735473632813 0.000885009765625
0.0164461135864258 0.00315284729003906 -0.1727294921875 -0.0496063232421875
0.0151691436767578 0.00147628784179688 -0.064788818359375 -0.169113159179688
0.0086369514465332 0.000262737274169922 0.178878784179688 -0.193084716796875
-0.00689506530761719 0.00910758972167969 0.38067626953125 0.00836181640625
-0.023345947265625 -0.00548362731933593 0.221405029296875 0.38409423828125
0.00238037109375 -0.0217876434326172 -0.15374755859375 0.460052490234375
0.0161867141723633 0.00997161865234375 -0.261520385742188 0.190475463867188
0.0278663635253906 0.0211963653564453 0.0688667297363281 -0.00554656982421875
0.0201683044433594 0.0105705261230469 0.26898193359375 -0.325103759765625
0.0117435455322266 -0.001617431640625 -0.048492431640625 -0.5057373046875
-0.00938320159912109 0.0028524398803711 -0.38702392578125 -0.17498779296875
-0.0152416229248047 0.00899219512939453 -0.272537231445313 0.18536376953125
0.00315952301025391 -0.00420522689819336 -0.0403900146484375 0.2496337890625
0.0084376335144043 -0.00473403930664063 0.116912841796875 0.139739990234375
0.0057063102722168 0.00409889221191406 0.176727294921875 -0.003692626953125
0.0169076919555664 0.00925731658935547 -0.170562744140625 -0.0501251220703125
0.0120954513549805 0.00847530364990234 -0.061370849609375 -0.165817260742188
0.00393581390380859 0.00652313232421875 0.186111450195313 -0.186279296875
-0.0127925872802734 0.00574970245361328 0.3837890625 0.016937255859375
-0.0253334045410156 -0.0207767486572266 0.213531494140625 0.388214111328125
0.0150947570800781 -0.0433425903320313 -0.167633056640625 0.456024169921875
0.04449462890625 -0.00653457641601563 -0.268035888671875 0.183883666992188
0.0615921020507813 0.0107231140136719 0.0668678283691406 -0.00872421264648438
0.0411262512207031 -0.0112953186035156 0.259124755859375 -0.3319091796875
0.0135898590087891 -0.0232639312744141 -0.060089111328125 -0.50555419921875
-0.0171899795532227 -0.00638198852539062 -0.387908935546875 -0.166229248046875
-0.0187549591064453 0.0115928649902344 -0.264328002929688 0.19012451171875
0.00053715705871582 0.00275087356567383 -0.0333709716796875 0.251556396484375
0.00609779357910156 0.0025177001953125 0.118728637695313 0.140518188476563
0.00649452209472656 0.00956535339355469 0.177017211914063 -0.0054168701171875
0.0171747207641602 0.0146064758300781 -0.169952392578125 -0.0483245849609375
0.00934505462646485 0.015965461730957 -0.0641937255859375 -0.160980224609375
0.000555038452148437 0.0137233734130859 0.18115234375 -0.187652587890625
-0.0180282592773438 0.0031280517578125 0.3814697265625 0.00555419921875
-0.0278434753417969 -0.0352058410644531 0.223846435546875 0.378997802734375
0.0256309509277344 -0.0680961608886719 -0.155364990234375 0.459228515625
0.0733413696289063 -0.0264205932617188 -0.272689819335938 0.1925048828125
0.0974655151367188 -0.0009918212890625 0.0511054992675781 -0.0044403076171875
0.0645027160644531 -0.0340156555175781 0.255615234375 -0.322967529296875
0.0169143676757812 -0.0472145080566406 -0.051055908203125 -0.506622314453125
-0.0248947143554687 -0.0177898406982422 -0.38555908203125 -0.177398681640625
-0.0229625701904297 0.0132350921630859 -0.268600463867188 0.184906005859375
-0.00329303741455078 0.0123357772827148 -0.036407470703125 0.2528076171875
0.00283718109130859 0.0133476257324219 0.1177978515625 0.144271850585937
0.00787639617919922 0.0165395736694336 0.17706298828125 -0.0044708251953125
0.0172882080078125 0.01922607421875 -0.16888427734375 -0.0418243408203125
0.005706787109375 0.0232467651367188 -0.072174072265625 -0.155258178710938
-0.00188446044921875 0.0219230651855469 0.162857055664063 -0.195358276367188
-0.0222682952880859 0.00328826904296875 0.3702392578125 -0.025054931640625
-0.0334281921386719 -0.0464515686035156 0.25244140625 0.34991455078125
0.0278244018554688 -0.0925521850585938 -0.11590576171875 0.466400146484375
0.0963668823242188 -0.0499496459960938 -0.275054931640625 0.217193603515625
0.131942749023438 -0.0131912231445313 0.0208797454833984 0.00763130187988281
0.0909957885742188 -0.0554046630859375 0.257843017578125 -0.2972412109375
0.024658203125 -0.0720596313476562 -0.01751708984375 -0.5091552734375
-0.0305538177490234 -0.0329971313476563 -0.375030517578125 -0.210723876953125
-0.0282630920410156 0.0137119293212891 -0.288421630859375 0.164642333984375
-0.00529670715332031 0.0189781188964844 -0.05792236328125 0.251632690429688
-0.000179290771484375 0.0233783721923828 0.110794067382813 0.15386962890625
0.00855636596679688 0.0227832794189453 0.178375244140625 0.0030670166015625
0.0138921737670898 -0.0168657302856445 -0.17596435546875 -0.0226287841796875
0.01123046875 -0.010462760925293 -0.10772705078125 -0.161666870117188
0.01922607421875 -0.00928306579589844 0.0805816650390625 -0.233016967773438
0.0131855010986328 0.0111398696899414 0.318817138671875 -0.113861083984375
-0.0104942321777344 0.0198974609375 0.32275390625 0.2646484375
-0.0163183212280273 0.0082550048828125 0.018035888671875 0.482940673828125
-0.0201339721679688 0.0325813293457031 -0.232452392578125 0.29290771484375
-0.0238323211669922 0.032257080078125 -0.00749969482421875 0.04669189453125
-0.0226860046386719 0.0379867553710938 0.31427001953125 -0.216339111328125
0.00308609008789062 0.0301151275634766 0.126129150390625 -0.49884033203125
0.00409889221191406 0.018798828125 -0.3262939453125 -0.304840087890625
-0.000134944915771484 0.00595235824584961 -0.352294921875 0.093017578125
0.0147848129272461 -0.00761604309082031 -0.12762451171875 0.2269287109375
0.0104217529296875 -0.0138778686523438 0.0831298828125 0.1568603515625
0.00223350524902344 -0.0134963989257813 0.1749267578125 0.020172119140625
0.0146665573120117 -0.0140457153320313 -0.175613403320312 -0.0276641845703125
0.0147676467895508 -0.0110387802124023 -0.0972747802734375 -0.164840698242188
0.0176010131835938 -0.0103836059570313 0.104888916015625 -0.225479125976563
0.00945091247558594 0.0122356414794922 0.33782958984375 -0.0849609375
-0.0133094787597656 0.0205650329589844 0.300048828125 0.29693603515625
-0.0164575576782227 0.0123624801635742 -0.026763916015625 0.480865478515625
-0.0237045288085938 0.0355148315429687 -0.239532470703125 0.266403198242188
-0.0265789031982422 0.0350418090820313 0.0163516998291016 0.032379150390625
-0.0215339660644531 0.0416069030761719 0.30804443359375 -0.2481689453125
0.00468826293945312 0.0324478149414063 0.0767822265624999 -0.5054931640625
0.00378227233886719 0.0197505950927734 -0.347412109375 -0.26678466796875
-0.00305461883544922 0.00574970245361328 -0.331085205078125 0.122344970703125
0.0118780136108398 -0.0105466842651367 -0.1031494140625 0.232986450195312
0.0110292434692383 -0.0154485702514648 0.0943756103515625 0.151321411132813
0.00314044952392578 -0.011021614074707 0.174896240234375 0.0120849609375
0.0159473419189453 -0.00918388366699219 -0.175628662109375 -0.0354766845703125
0.0157232284545898 -0.00863456726074219 -0.086334228515625 -0.168045043945313
0.0155916213989258 -0.00905895233154297 0.13226318359375 -0.216156005859375
0.00505447387695313 0.012669563293457 0.3563232421875 -0.051971435546875
-0.0172233581542969 0.0172004699707031 0.27459716796875 0.33184814453125
-0.0145406723022461 0.00802326202392578 -0.071990966796875 0.475616455078125
-0.0197086334228516 0.0322742462158203 -0.246795654296875 0.237899780273437
-0.0190143585205078 0.0335235595703125 0.0415382385253906 0.0167503356933594
-0.0131263732910156 0.0385360717773438 0.2940673828125 -0.28265380859375
0.00766181945800782 0.0281257629394531 0.02386474609375 -0.50787353515625
0.00156879425048828 0.01690673828125 -0.3692626953125 -0.225677490234375
-0.00713348388671875 0.00553464889526367 -0.308563232421875 0.151611328125
0.00884246826171875 -0.0114946365356445 -0.0763702392578125 0.241134643554688
0.0107555389404297 -0.0141839981079102 0.104232788085938 0.146026611328125
0.00419521331787109 -0.00680685043334961 0.176239013671875 0.00531005859375
0.0157032012939453 -0.00334453582763672 -0.174102783203125 -0.041748046875
0.0161590576171875 -0.00449752807617188 -0.07550048828125 -0.16851806640625
0.0120048522949219 -0.00544643402099609 0.15838623046875 -0.204238891601563
-0.00106620788574219 0.0115747451782227 0.372589111328125 -0.018829345703125
-0.0205669403076172 0.00824546813964844 0.24615478515625 0.360931396484375
-0.00841999053955078 -0.00355291366577148 -0.11859130859375 0.46820068359375
-0.00633621215820312 0.0232505798339844 -0.253936767578125 0.211105346679688
0.000135421752929688 0.0286769866943359 0.0588874816894531 0.00324249267578125
0.00143623352050781 0.0280017852783203 0.279449462890625 -0.309173583984375
0.0101556777954102 0.0160617828369141 -0.0201416015625 -0.507171630859375
-0.00267219543457031 0.0106172561645508 -0.380889892578125 -0.191741943359375
-0.0110855102539063 0.00668716430664062 -0.2852783203125 0.173553466796875
0.00526714324951172 -0.00893497467041016 -0.0532684326171875 0.245132446289063
0.00959300994873047 -0.0109357833862305 0.112724304199219 0.140411376953125
0.00513935089111328 -0.00211811065673828 0.175613403320313 -0.00213623046875
0.0167999267578125 0.0031585693359375 -0.17291259765625 -0.046600341796875
0.0149335861206055 0.00115489959716797 -0.067230224609375 -0.167190551757813
0.00839900970458984 -4.14848327636719E-05 0.175628662109375 -0.1951904296875
-0.00686836242675781 0.00879383087158203 0.3812255859375 0.0020751953125
-0.0234375 -0.0045013427734375 0.226715087890625 0.380218505859375
0.00161361694335938 -0.0212631225585938 -0.147735595703125 0.460205078125
0.0158233642578125 0.00937461853027344 -0.259048461914063 0.193115234375
0.0282211303710938 0.0205898284912109 0.0679817199707031 -0.0054931640625
0.0207710266113281 0.0107555389404297 0.263824462890625 -0.32806396484375
0.0127410888671875 -0.00193309783935547 -0.0546875 -0.50469970703125
-0.0092935562133789 0.00333309173583984 -0.387939453125 -0.166778564453125
-0.0148887634277344 0.00904655456542969 -0.2689208984375 0.188629150390625
0.00285172462463379 -0.00424861907958984 -0.035919189453125 0.249908447265625
0.00818634033203125 -0.00455522537231445 0.118637084960938 0.137344360351563
0.00581836700439453 0.00418281555175781 0.175582885742188 -0.006927490234375
0.0170497894287109 0.00923252105712891 -0.171600341796875 -0.0471954345703125
0.0121145248413086 0.00852108001708984 -0.0641632080078125 -0.164169311523438
0.00419378280639648 0.00596761703491211 0.1832275390625 -0.1888427734375
-0.0130443572998047 0.00547695159912109 0.38330078125 0.010833740234375
-0.0255107879638672 -0.0201683044433594 0.218841552734375 0.384857177734375
0.0145187377929688 -0.0433845520019531 -0.161712646484375 0.456329345703125
0.0441818237304688 -0.00694656372070313 -0.264678955078125 0.186920166015625
0.0614356994628906 0.00963211059570313 0.0661582946777344 -0.00874710083007813
0.0419464111328125 -0.0117950439453125 0.253509521484375 -0.333251953125
0.0133781433105469 -0.0232944488525391 -0.065673828125 -0.5042724609375
-0.0170927047729492 -0.00613117218017578 -0.388671875 -0.15863037109375
-0.0187740325927734 0.0117835998535156 -0.26043701171875 0.193923950195313
0.000483989715576172 0.00281810760498047 -0.029144287109375 0.251235961914063
0.00583648681640625 0.00243043899536133 0.12115478515625 0.138298034667969
0.00686931610107422 0.00978946685791016 0.17669677734375 -0.0089263916015625
0.017578125 0.0142707824707031 -0.17041015625 -0.0446624755859375
0.00917243957519531 0.0154600143432617 -0.0663604736328125 -0.159805297851563
0.00091838836669922 0.0132369995117188 0.178466796875 -0.1900634765625
-0.0176467895507813 0.00313377380371094 0.380096435546875 -0.000762939453125
-0.0286273956298828 -0.0350227355957031 0.229949951171875 0.375091552734375
0.0239982604980469 -0.0676460266113281 -0.148468017578125 0.458648681640625
0.0726318359375 -0.02752685546875 -0.270477294921875 0.195114135742187
0.0971450805664062 -0.00246429443359375 0.050689697265625 -0.0045928955078125
0.0643119812011719 -0.0345802307128906 0.25042724609375 -0.324859619140625
0.0162620544433594 -0.0473785400390625 -0.05755615234375 -0.505767822265625
-0.0251388549804688 -0.0175495147705078 -0.387115478515625 -0.170928955078125
-0.0225696563720703 0.0137920379638672 -0.265365600585938 0.18798828125
-0.00296115875244141 0.0120172500610352 -0.0324859619140625 0.25274658203125
0.00305557250976563 0.0133123397827148 0.1197509765625 0.141876220703125
0.00832653045654297 0.0171442031860352 0.177215576171875 -0.007476806640625
0.0175552368164063 0.0194435119628906 -0.169219970703125 -0.0384674072265625
0.00596809387207031 0.023345947265625 -0.0747833251953125 -0.153518676757813
-0.00176048278808594 0.0212440490722656 0.159271240234375 -0.197433471679687
-0.022064208984375 0.00333023071289063 0.36895751953125 -0.03009033203125
-0.0339202880859375 -0.04547119140625 0.25732421875 0.346160888671875
0.0263290405273438 -0.0922470092773438 -0.10980224609375 0.465850830078125
0.0948257446289063 -0.0511016845703125 -0.272323608398437 0.220748901367188
0.131553649902344 -0.0144119262695313 0.0207462310791016 0.00794410705566406
0.090789794921875 -0.0568466186523438 0.2528076171875 -0.300262451171875
0.0235824584960937 -0.0723342895507813 -0.023681640625 -0.5069580078125
-0.0311908721923828 -0.0326042175292969 -0.3790283203125 -0.204925537109375
-0.0276947021484375 0.0141963958740234 -0.285064697265625 0.167449951171875
-0.00513076782226563 0.0192394256591797 -0.0536041259765625 0.25140380859375
-8.20159912109388E-05 0.0232086181640625 0.113189697265625 0.152252197265625
0.00921249389648437 0.0233821868896484 0.177886962890625 0.000350952148437501
0.0134487152099609 -0.0167875289916992 -0.175430297851563 -0.0195465087890625
0.0111923217773438 -0.0104312896728516 -0.109909057617187 -0.15911865234375
0.0190448760986328 -0.00947380065917969 0.0770111083984375 -0.23370361328125
0.0126447677612305 0.0104436874389648 0.316619873046875 -0.1181640625
-0.0103874206542969 0.0200977325439453 0.324493408203125 0.2586669921875
-0.0162534713745117 0.00900745391845703 0.024688720703125 0.48101806640625
-0.0197696685791016 0.0326614379882813 -0.2264404296875 0.295196533203125
-0.0231971740722656 0.0320854187011719 -0.00710296630859375 0.0466270446777344
-0.021484375 0.0378570556640625 0.310089111328125 -0.219329833984375
0.00389480590820312 0.0300464630126953 0.118408203125 -0.4993896484375
0.00453567504882812 0.0187797546386719 -0.32861328125 -0.29888916015625
8.6784362792969E-05 0.00629711151123047 -0.348785400390625 0.098388671875
0.0142555236816406 -0.00763416290283203 -0.123809814453125 0.226882934570313
0.0101871490478516 -0.0140008926391602 0.0856781005859375 0.155517578125
0.00199222564697266 -0.0135307312011719 0.174606323242188 0.017181396484375
0.0140800476074219 -0.0143804550170898 -0.1756591796875 -0.0246429443359375
0.0141324996948242 -0.0108652114868164 -0.0998382568359375 -0.162506103515625
0.0172262191772461 -0.0110435485839844 0.10137939453125 -0.225921630859375
0.00943946838378906 0.0115985870361328 0.335296630859375 -0.08929443359375
-0.0127334594726563 0.020751953125 0.30242919921875 0.291748046875
-0.0166683197021484 0.0129604339599609 -0.0206298828125 0.4788818359375
-0.023681640625 0.0355453491210938 -0.236221313476562 0.26806640625
-0.0261936187744141 0.0347518920898438 0.0167942047119141 0.0319614410400391
-0.020782470703125 0.0416679382324219 0.303436279296875 -0.2506103515625
0.00558853149414062 0.0327968597412109 0.070556640625 -0.50286865234375
0.00429153442382813 0.0193500518798828 -0.349639892578125 -0.26043701171875
-0.00342941284179688 0.0052342414855957 -0.32781982421875 0.1268310546875
0.0114154815673828 -0.0107212066650391 -0.099151611328125 0.233322143554687
0.0101861953735352 -0.015355110168457 0.0963287353515625 0.149078369140625
0.00289154052734375 -0.0107889175415039 0.174331665039063 0.0091400146484375
0.0154857635498047 -0.00957775115966797 -0.17608642578125 -0.032073974609375
0.0158395767211914 -0.00936412811279297 -0.0882415771484375 -0.165740966796875
0.0156593322753906 -0.00949573516845703 0.128768920898438 -0.216506958007813
0.00492095947265625 0.0122108459472656 0.354522705078125 -0.05706787109375
-0.0169410705566406 0.0176792144775391 0.2783203125 0.32696533203125
-0.014775276184082 0.00848388671875 -0.065460205078125 0.47467041015625
-0.0196285247802734 0.0320949554443359 -0.243255615234375 0.239089965820313
-0.0188064575195312 0.0339088439941406 0.0407905578613281 0.0165939331054688
-0.0120086669921875 0.0389366149902344 0.288360595703125 -0.285400390625
0.00845146179199219 0.0282402038574219 0.016204833984375 -0.506744384765625
0.00242328643798828 0.0169878005981445 -0.369781494140625 -0.219268798828125
-0.00679111480712891 0.00571298599243164 -0.304595947265625 0.155609130859375
0.00839328765869141 -0.0110750198364258 -0.0724334716796875 0.240493774414063
0.0101337432861328 -0.0144481658935547 0.105972290039063 0.14385986328125
0.00389242172241211 -0.00680446624755859 0.175262451171875 0.001953125
0.0159549713134766 -0.003448486328125 -0.174072265625 -0.0384368896484375
0.0159931182861328 -0.00511264801025391 -0.0770721435546875 -0.165817260742187
0.0122203826904297 -0.00592994689941406 0.153884887695313 -0.205612182617188
-0.00103378295898437 0.0117263793945313 0.369842529296875 -0.02484130859375
-0.0211372375488281 0.00891304016113281 0.25079345703125 0.35516357421875
-0.00915336608886719 -0.00314044952392578 -0.112030029296875 0.466949462890625
-0.00647926330566406 0.0229892730712891 -0.250564575195313 0.2132568359375
0.000495910644531252 0.0284194946289063 0.0585784912109375 0.003021240234375
0.0024261474609375 0.0279254913330078 0.274017333984375 -0.3121337890625
0.0109338760375977 0.0159292221069336 -0.02728271484375 -0.505096435546875
-0.00234031677246094 0.0109939575195313 -0.381927490234375 -0.185882568359375
-0.0109224319458008 0.00682926177978516 -0.28192138671875 0.17755126953125
0.00511360168457031 -0.00944805145263672 -0.049102783203125 0.244400024414063
0.00872039794921875 -0.0109949111938477 0.114334106445312 0.137771606445313
0.00481319427490234 -0.0015716552734375 0.17486572265625 -0.0044097900390625
0.0169296264648437 0.00296974182128906 -0.1734619140625 -0.04315185546875
0.0145587921142578 0.000913619995117188 -0.06964111328125 -0.165557861328125
0.00848007202148438 -0.000374317169189453 0.172286987304687 -0.196151733398437
-0.00706005096435547 0.00893592834472656 0.3782958984375 -0.002960205078125
-0.0234355926513672 -0.00437355041503906 0.23193359375 0.37432861328125
0.00119972229003906 -0.021087646484375 -0.141082763671875 0.460113525390625
0.015385627746582 0.00926494598388672 -0.25616455078125 0.195526123046875
0.028289794921875 0.019622802734375 0.0675697326660156 -0.00575637817382813
0.0212154388427734 0.0102405548095703 0.2587890625 -0.330413818359375
0.0124187469482422 -0.00189876556396484 -0.061920166015625 -0.502105712890625
-0.00928211212158203 0.00312614440917969 -0.38848876953125 -0.162200927734375
-0.0146903991699219 0.00900173187255859 -0.264480590820313 0.1920166015625
0.00271463394165039 -0.00460577011108398 -0.032196044921875 0.248291015625
0.00764942169189453 -0.00500774383544922 0.120391845703125 0.134834289550781
0.00600576400756836 0.00422000885009766 0.176010131835938 -0.0096588134765625
0.0171527862548828 0.00892257690429687 -0.172027587890625 -0.044158935546875
0.0120916366577148 0.00801467895507813 -0.06640625 -0.162078857421875
0.00439214706420899 0.00583553314208984 0.179840087890625 -0.190536499023438
-0.0126771926879883 0.00513172149658203 0.38189697265625 0.00360107421875
-0.0257854461669922 -0.0198745727539063 0.222747802734375 0.379638671875
0.0134620666503906 -0.0431060791015625 -0.15478515625 0.455474853515625
0.0435562133789063 -0.0074462890625 -0.261734008789062 0.189712524414063
0.0618400573730469 0.00885009765625 0.065948486328125 -0.00960159301757813
0.041412353515625 -0.0121879577636719 0.24932861328125 -0.336090087890625
0.0129108428955078 -0.0235271453857422 -0.072479248046875 -0.501190185546875
-0.0176792144775391 -0.0059661865234375 -0.38983154296875 -0.154693603515625
-0.0179405212402344 0.0121002197265625 -0.256195068359375 0.196380615234375
0.000298976898193359 0.00262641906738281 -0.0249176025390625 0.250137329101563
0.00595808029174805 0.00259971618652344 0.122703552246094 0.136001586914063
0.00698947906494141 0.00993061065673828 0.17486572265625 -0.0113525390625
0.0174350738525391 0.0145196914672852 -0.170700073242188 -0.0419464111328125
0.00910091400146485 0.01568603515625 -0.068389892578125 -0.157211303710938
0.000767707824707031 0.0130815505981445 0.175308227539063 -0.192184448242188
-0.0179576873779297 0.00311088562011719 0.37786865234375 -0.0068359375
-0.0289249420166016 -0.0341415405273438 0.234130859375 0.3695068359375
0.0228500366210937 -0.0671501159667969 -0.14111328125 0.458709716796875
0.0711746215820313 -0.0280838012695313 -0.266677856445313 0.198028564453125
0.0963821411132813 -0.0038299560546875 0.0502967834472656 -0.00482559204101563
0.0639572143554688 -0.0361671447753906 0.24591064453125 -0.326812744140625
0.0160293579101562 -0.04730224609375 -0.0640869140625 -0.502197265625
-0.0251445770263672 -0.0169868469238281 -0.387115478515625 -0.164794921875
-0.0218830108642578 0.0143909454345703 -0.2618408203125 0.191024780273438
-0.00298500061035156 0.0121774673461914 -0.02874755859375 0.251449584960938
0.00323390960693359 0.0128946304321289 0.121299743652344 0.139686584472656
0.0081329345703125 0.0171098709106445 0.176055908203125 -0.010711669921875
0.0174999237060547 0.0188999176025391 -0.169448852539063 -0.0361175537109375
0.00613021850585938 0.0233173370361328 -0.076263427734375 -0.151336669921875
-0.00141716003417969 0.0213623046875 0.155914306640625 -0.198776245117187
-0.0222434997558594 0.00320243835449219 0.36810302734375 -0.035980224609375
-0.0344085693359375 -0.0447769165039063 0.2607421875 0.339996337890625
0.0246429443359375 -0.0919952392578125 -0.10260009765625 0.46630859375
0.09375 -0.0526046752929688 -0.268157958984375 0.2237548828125
0.131393432617188 -0.0169143676757813 0.0205860137939453 0.00826644897460937
0.0900650024414063 -0.0577850341796875 0.247528076171875 -0.30120849609375
0.02294921875 -0.0725631713867188 -0.030120849609375 -0.50421142578125
-0.0312767028808594 -0.0319442749023438 -0.37969970703125 -0.197296142578125
-0.0270595550537109 0.01434326171875 -0.28106689453125 0.171432495117187
-0.00494194030761719 0.0188999176025391 -0.049896240234375 0.250747680664063
-0.000217437744140624 0.0232162475585937 0.114700317382813 0.149749755859375
0.00963783264160156 0.0230369567871094 0.177169799804688 -0.0023193359375
0.013092041015625 -0.0166893005371094 -0.175338745117188 -0.0165557861328125
0.0108880996704102 -0.0100555419921875 -0.111587524414062 -0.155715942382813
0.0186405181884766 -0.0100154876708984 0.0731201171875 -0.232559204101563
0.0130033493041992 0.0102739334106445 0.3128662109375 -0.121551513671875
-0.0100975036621094 0.0201702117919922 0.326446533203125 0.254058837890625
-0.0166568756103516 0.00925159454345703 0.0301513671874999 0.476348876953125
-0.0195465087890625 0.0325717926025391 -0.223419189453125 0.295928955078125
-0.0224399566650391 0.0316505432128906 -0.00672912597656251 0.0462684631347656
-0.0204963684082031 0.0378074645996094 0.305816650390625 -0.221527099609375
0.00415420532226562 0.0300884246826172 0.11199951171875 -0.496429443359375
0.00436592102050781 0.0183467864990234 -0.32989501953125 -0.29217529296875
0.000416278839111329 0.00615692138671875 -0.344329833984375 0.10125732421875
0.0138940811157227 -0.00799369812011719 -0.119583129882812 0.226654052734375
0.00947475433349609 -0.0143404006958008 0.0867767333984375 0.153244018554688
0.00231170654296875 -0.0128345489501953 0.173904418945312 0.0141754150390625
0.0140419006347656 -0.0142927169799805 -0.175338745117187 -0.02197265625
0.0140848159790039 -0.0108833312988281 -0.1019287109375 -0.159194946289063
0.0170049667358398 -0.0117015838623047 0.098236083984375 -0.226028442382813
0.00928592681884766 0.0113105773925781 0.332244873046875 -0.092987060546875
-0.0128688812255859 0.0212039947509766 0.305755615234375 0.285980224609375
-0.0163116455078125 0.0128297805786133 -0.014617919921875 0.475921630859375
-0.0229568481445313 0.03582763671875 -0.231369018554688 0.268447875976562
-0.0256786346435547 0.0344753265380859 0.0169963836669922 0.0318031311035156
-0.0198631286621094 0.0415763854980469 0.297760009765625 -0.252105712890625
0.00634002685546875 0.0324306488037109 0.06402587890625 -0.501220703125
0.00443458557128906 0.0194683074951172 -0.350341796875 -0.254547119140625
-0.0027775764465332 0.00580692291259766 -0.323822021484375 0.129913330078125
0.010920524597168 -0.0108919143676758 -0.0951995849609375 0.233230590820313
0.00989627838134765 -0.0156097412109375 0.0976715087890625 0.146560668945313
0.00279331207275391 -0.0104207992553711 0.173919677734375 0.0062103271484375
0.0152568817138672 -0.00955009460449219 -0.175308227539062 -0.0297698974609375
0.0157575607299805 -0.00964164733886719 -0.090179443359375 -0.162933349609375
0.0151891708374023 -0.010101318359375 0.12493896484375 -0.217636108398437
0.00451374053955078 0.0118980407714844 0.352081298828125 -0.061676025390625
-0.0164623260498047 0.0179100036621094 0.281890869140625 0.32000732421875
-0.0148305892944336 0.0090036392211914 -0.060394287109375 0.471893310546875
-0.0193862915039063 0.0322170257568359 -0.238494873046875 0.241195678710937
-0.0176563262939453 0.0332202911376953 0.0410003662109375 0.0158004760742188
-0.0111083984375 0.0384979248046875 0.282196044921875 -0.28594970703125
0.00922393798828125 0.0275058746337891 0.01007080078125 -0.504058837890625
0.00198173522949219 0.0162477493286133 -0.3701171875 -0.21307373046875
-0.0065460205078125 0.00614213943481445 -0.30029296875 0.15826416015625
0.0079345703125 -0.0112743377685547 -0.06854248046875 0.239181518554688
0.00958251953125 -0.014643669128418 0.107879638671875 0.141006469726563
0.00383710861206055 -0.00598239898681641 0.174270629882813 -0.000396728515625
0.0156450271606445 -0.00407314300537109 -0.174072265625 -0.035430908203125
0.0156774520874023 -0.00545978546142578 -0.079071044921875 -0.163528442382813
0.0115413665771484 -0.00649166107177734 0.15069580078125 -0.206314086914063
-0.000658035278320312 0.0109024047851563 0.368194580078125 -0.029876708984375
-0.0207386016845703 0.00909042358398438 0.254241943359375 0.35089111328125
-0.00938320159912109 -0.00276088714599609 -0.106231689453125 0.465057373046875
-0.00631332397460937 0.0230693817138672 -0.246597290039063 0.215011596679687
0.000741958618164063 0.0279197692871094 0.0581626892089844 0.00292587280273438
0.00343894958496094 0.0277996063232422 0.268280029296875 -0.313140869140625
0.0117940902709961 0.0157394409179688 -0.033111572265625 -0.502166748046875
-0.00224399566650391 0.0106744766235352 -0.381927490234375 -0.1798095703125
-0.010502815246582 0.00728702545166016 -0.27685546875 0.179763793945312
0.00465774536132813 -0.00867748260498047 -0.045379638671875 0.243301391601563
0.00916385650634766 -0.0114250183105469 0.115577697753906 0.135429382324219
0.00490951538085938 -0.000971794128417969 0.173995971679688 -0.0078125
0.0164861679077148 0.00272846221923828 -0.17327880859375 -0.0397186279296875
0.0146055221557617 0.000417709350585938 -0.0714111328125 -0.162918090820313
0.00840234756469727 -0.000879764556884766 0.1683349609375 -0.197357177734375
-0.00699520111083984 0.00826072692871094 0.376800537109375 -0.00726318359375
-0.023651123046875 -0.00373458862304688 0.2353515625 0.368927001953125
0.000612258911132815 -0.0203933715820313 -0.135406494140625 0.4576416015625
0.0157442092895508 0.00925159454345703 -0.2525634765625 0.197769165039063
0.0283775329589844 0.0191707611083984 0.0670089721679688 -0.00664138793945312
0.0213050842285156 0.00961494445800781 0.25335693359375 -0.3306884765625
0.0123224258422852 -0.00230884552001953 -0.06707763671875 -0.4984130859375
-0.00920772552490234 0.00323200225830078 -0.389007568359375 -0.155364990234375
-0.0143194198608398 0.00928878784179688 -0.260284423828125 0.194015502929688
0.00261831283569336 -0.00430536270141601 -0.02850341796875 0.246719360351563
0.00726699829101563 -0.00482892990112305 0.121322631835937 0.132606506347656
0.00617170333862305 0.00455665588378906 0.173690795898438 -0.0121612548828125
0.0172023773193359 0.00846481323242188 -0.171096801757813 -0.0408172607421875
0.012232780456543 0.00780105590820313 -0.0684967041015625 -0.15948486328125
0.00431966781616211 0.00577926635742188 0.176177978515625 -0.191375732421875
-0.0130386352539062 0.00564861297607422 0.379608154296875 0.00018310546875
-0.0260772705078125 -0.0192279815673828 0.22637939453125 0.37506103515625
0.0126762390136719 -0.0427322387695313 -0.147308349609375 0.4549560546875
0.0429763793945313 -0.00792312622070313 -0.257980346679688 0.191177368164063
0.0615234375 0.00765228271484375 0.0647010803222656 -0.0100440979003906
0.0414810180664063 -0.0129051208496094 0.243194580078125 -0.336761474609375
0.0131244659423828 -0.0233364105224609 -0.078277587890625 -0.4976806640625
-0.0171785354614258 -0.00545692443847656 -0.39007568359375 -0.147369384765625
-0.0177173614501953 0.0122642517089844 -0.251846313476563 0.1990966796875
0.000327825546264649 0.00257968902587891 -0.0212249755859375 0.2486572265625
0.00560474395751953 0.00232172012329102 0.12347412109375 0.133430480957031
0.0068817138671875 0.00997734069824219 0.1739501953125 -0.01446533203125
0.0175151824951172 0.0139560699462891 -0.170562744140625 -0.03887939453125
0.00909805297851563 0.0152578353881836 -0.0703887939453125 -0.15521240234375
0.0010538101196289 0.0129108428955078 0.17181396484375 -0.192977905273438
-0.0177249908447266 0.003021240234375 0.376220703125 -0.0120849609375
-0.02923583984375 -0.0332679748535156 0.23724365234375 0.365020751953125
0.0217819213867188 -0.0671424865722656 -0.13702392578125 0.456634521484375
0.0707550048828125 -0.0285263061523438 -0.263427734375 0.2003173828125
0.0963287353515625 -0.00519561767578125 0.0498542785644531 -0.0050506591796875
0.0637626647949219 -0.0366706848144531 0.240447998046875 -0.327667236328125
0.0155181884765625 -0.0475120544433594 -0.07086181640625 -0.4979248046875
-0.0252552032470703 -0.0167102813720703 -0.387298583984375 -0.15899658203125
-0.0216083526611328 0.0142841339111328 -0.256668090820312 0.193252563476563
-0.00268268585205078 0.0123424530029297 -0.0249176025390625 0.249435424804688
0.00353050231933594 0.0129270553588867 0.122703552246094 0.136772155761719
0.00846481323242188 0.0175533294677734 0.174407958984375 -0.0127716064453125
0.0179977416992188 0.0186252593994141 -0.1688232421875 -0.033416748046875
0.0065765380859375 0.0232391357421875 -0.077972412109375 -0.149093627929688
-0.00149345397949219 0.0212612152099609 0.152511596679688 -0.199874877929688
-0.0219554901123047 0.00346183776855468 0.364959716796875 -0.041290283203125
-0.035125732421875 -0.0438423156738281 0.2647705078125 0.33465576171875
0.0232772827148438 -0.0911712646484375 -0.096527099609375 0.46307373046875
0.0927658081054688 -0.0527191162109375 -0.264541625976563 0.225234985351563
0.129959106445312 -0.0182647705078125 0.0209693908691406 0.00794601440429687
0.0894241333007813 -0.0589065551757812 0.24237060546875 -0.302459716796875
0.0221786499023438 -0.0731430053710938 -0.03643798828125 -0.501251220703125
-0.0313262939453125 -0.0312442779541016 -0.380096435546875 -0.191619873046875
-0.0268440246582031 0.0145683288574219 -0.277069091796875 0.173797607421875
-0.00500297546386719 0.0187149047851563 -0.0463409423828125 0.24951171875
0.000114440917968752 0.0235271453857422 0.1160888671875 0.147491455078125
0.00989913940429687 0.0233078002929688 0.175979614257813 -0.004852294921875
0.0123271942138672 -0.0170173645019531 -0.17437744140625 -0.01416015625
0.010772705078125 -0.0105400085449219 -0.112335205078125 -0.153228759765625
0.0182590484619141 -0.0106639862060547 0.0699920654296875 -0.231781005859375
0.0128011703491211 0.00926685333251953 0.309661865234375 -0.123931884765625
-0.0100936889648438 0.0198230743408203 0.32708740234375 0.247833251953125
-0.0170707702636719 0.00995445251464844 0.034637451171875 0.47125244140625
-0.0192050933837891 0.0326614379882813 -0.218017578125 0.295623779296875
-0.0219707489013672 0.0312824249267578 -0.00617218017578125 0.0463752746582031
-0.0194969177246094 0.0378875732421875 0.301116943359375 -0.22320556640625
0.00470542907714844 0.0296707153320313 0.104949951171875 -0.495025634765625
0.00458526611328125 0.0183601379394531 -0.330718994140625 -0.286773681640625
0.000272274017333984 0.0064091682434082 -0.3404541015625 0.10455322265625
0.0135726928710938 -0.00797176361083984 -0.116119384765625 0.225906372070313
0.00885677337646485 -0.014805793762207 0.0884857177734375 0.150955200195312
0.00174808502197266 -0.0124673843383789 0.172683715820313 0.011932373046875
0.0131149291992188 -0.0140323638916016 -0.174407958984375 -0.0191650390625
0.0139122009277344 -0.0114812850952148 -0.103042602539062 -0.156219482421875
0.0167322158813477 -0.0117979049682617 0.094879150390625 -0.225250244140625
0.00951099395751953 0.0110597610473633 0.328125 -0.095977783203125
-0.0126266479492188 0.0212802886962891 0.306396484375 0.281402587890625
-0.0168323516845703 0.0133333206176758 -0.00918579101562497 0.47247314453125
-0.0227775573730469 0.0360183715820313 -0.2271728515625 0.269271850585938
-0.0249290466308594 0.0340843200683594 0.0165081024169922 0.0316658020019531
-0.0187416076660156 0.0415916442871094 0.29229736328125 -0.252838134765625
0.00683403015136719 0.0317554473876953 0.05792236328125 -0.49847412109375
0.00437355041503906 0.0187873840332031 -0.35150146484375 -0.248626708984375
-0.00242424011230469 0.00599431991577148 -0.319915771484375 0.132568359375
0.0103635787963867 -0.0108184814453125 -0.0917510986328125 0.231536865234375
0.00963878631591797 -0.0157680511474609 0.0992431640625 0.14471435546875
0.00308132171630859 -0.0105104446411133 0.172470092773438 0.0039520263671875
0.0144672393798828 -0.00951862335205078 -0.174850463867187 -0.027008056640625
0.015289306640625 -0.00935745239257813 -0.0919647216796875 -0.160232543945313
0.0147676467895508 -0.0101242065429688 0.12188720703125 -0.217605590820313
0.00488185882568359 0.0115985870361328 0.348602294921875 -0.06524658203125
-0.0165348052978516 0.0180320739746094 0.2835693359375 0.31488037109375
-0.0150365829467773 0.00895881652832031 -0.055572509765625 0.468292236328125
-0.01904296875 0.0321025848388672 -0.23468017578125 0.24102783203125
-0.0172691345214844 0.0326671600341797 0.0402488708496094 0.0153961181640625
-0.0102806091308594 0.0384178161621094 0.27789306640625 -0.28607177734375
0.00944709777832031 0.0273799896240234 0.00473022460937504 -0.500244140625
0.00249862670898437 0.0160560607910156 -0.370330810546875 -0.208221435546875
-0.00594854354858399 0.00586605072021484 -0.2957763671875 0.16070556640625
0.0076904296875 -0.0118474960327148 -0.0647735595703125 0.238204956054688
0.00953006744384765 -0.0150470733642578 0.108497619628906 0.139175415039063
0.00380229949951172 -0.00603866577148438 0.173416137695312 -0.0029296875
0.015599250793457 -0.00360679626464844 -0.173385620117188 -0.0325775146484375
0.0158395767211914 -0.00563240051269531 -0.0806732177734375 -0.161300659179688
0.0116281509399414 -0.006744384765625 0.146835327148438 -0.206298828125
-0.000627517700195312 0.0109701156616211 0.364898681640625 -0.033111572265625
-0.0207462310791016 0.00929069519042969 0.256103515625 0.344573974609375
-0.00921440124511719 -0.00223636627197266 -0.100341796875 0.462677001953125
-0.00640487670898437 0.0228157043457031 -0.243057250976562 0.215988159179688
0.00123214721679687 0.0274295806884766 0.0577888488769531 0.00240325927734375
0.00382232666015625 0.0275917053222656 0.26385498046875 -0.3133544921875
0.0117692947387695 0.01556396484375 -0.038665771484375 -0.49835205078125
-0.00235176086425781 0.0103139877319336 -0.38067626953125 -0.1746826171875
-0.0100765228271484 0.00736618041992187 -0.272674560546875 0.181915283203125
0.00437736511230469 -0.00931262969970703 -0.042205810546875 0.24114990234375
0.00863742828369141 -0.0113525390625 0.116729736328125 0.133094787597656
0.00490665435791016 -0.00126743316650391 0.1729736328125 -0.0095977783203125
0.0164051055908203 0.002471923828125 -0.17236328125 -0.037506103515625
0.0144948959350586 0.000432968139648437 -0.07305908203125 -0.160476684570313
0.00779104232788086 -0.00133132934570313 0.165237426757813 -0.198104858398438
-0.00707435607910156 0.00839376449584961 0.373626708984375 -0.011627197265625
-0.0237445831298828 -0.0034332275390625 0.23797607421875 0.36346435546875
0.000143051147460937 -0.0203018188476563 -0.1297607421875 0.455963134765625
0.0153055191040039 0.00897407531738281 -0.248992919921875 0.198654174804687
0.0283088684082031 0.0182437896728516 0.0665702819824219 -0.00651168823242187
0.0215091705322266 0.00900459289550781 0.247650146484375 -0.33074951171875
0.0128498077392578 -0.00211143493652344 -0.07275390625 -0.493438720703125
-0.00855016708374023 0.00324010848999023 -0.387908935546875 -0.1492919921875
-0.0140342712402344 0.009765625 -0.256195068359375 0.195785522460938
0.00234675407409668 -0.00429797172546387 -0.02520751953125 0.24468994140625
0.00701570510864258 -0.0051422119140625 0.122108459472656 0.1304931640625
0.00616025924682617 0.0048675537109375 0.172409057617188 -0.014556884765625
0.0173616409301758 0.00821971893310547 -0.171127319335938 -0.0384979248046875
0.0124578475952148 0.00783252716064453 -0.069366455078125 -0.156936645507813
0.00424289703369141 0.00522851943969727 0.172988891601563 -0.192169189453125
-0.0127363204956055 0.00507926940917969 0.376190185546875 -0.004119873046875
-0.0261459350585937 -0.0183315277099609 0.2291259765625 0.36956787109375
0.011810302734375 -0.04205322265625 -0.142791748046875 0.45233154296875
0.0421905517578125 -0.00822067260742187 -0.254806518554688 0.19293212890625
0.0608978271484375 0.00664520263671875 0.0641632080078125 -0.0096588134765625
0.0411911010742188 -0.0133476257324219 0.237457275390625 -0.336334228515625
0.0130062103271484 -0.0234889984130859 -0.0841064453125001 -0.4931640625
-0.0171518325805664 -0.005218505859375 -0.387969970703125 -0.141876220703125
-0.0174551010131836 0.0120916366577148 -0.247543334960938 0.199737548828125
-9.51290130615232E-05 0.00262618064880371 -0.0185699462890625 0.246002197265625
0.00541830062866211 0.00223684310913086 0.124443054199219 0.131248474121094
0.00723171234130859 0.00980377197265625 0.173095703125 -0.0167236328125
0.0177993774414063 0.0141239166259766 -0.17022705078125 -0.0358428955078125
0.00942611694335938 0.0154628753662109 -0.0721588134765625 -0.15289306640625
0.00107097625732422 0.0123577117919922 0.168197631835938 -0.193893432617188
-0.0181541442871094 0.00281333923339843 0.373992919921875 -0.015899658203125
-0.0299243927001953 -0.0328407287597656 0.239227294921875 0.358489990234375
0.0207138061523438 -0.0666313171386719 -0.130767822265625 0.455291748046875
0.0697021484375 -0.0289421081542969 -0.259689331054688 0.201950073242188
0.0955963134765625 -0.0058135986328125 0.0494842529296875 -0.00508880615234375
0.0633354187011719 -0.0374832153320313 0.23486328125 -0.32794189453125
0.0148391723632813 -0.0471649169921875 -0.07537841796875 -0.494415283203125
-0.0252952575683594 -0.0160465240478516 -0.3868408203125 -0.15264892578125
-0.0209808349609375 0.0144577026367187 -0.2525634765625 0.19451904296875
-0.00300502777099609 0.0121936798095703 -0.0220794677734375 0.247451782226563
0.00303077697753906 0.0127048492431641 0.123771667480469 0.135009765625
0.00927543640136719 0.0176048278808594 0.173904418945312 -0.015350341796875
0.0180759429931641 0.0185585021972656 -0.167953491210938 -0.0302276611328125
0.00688552856445313 0.0230178833007813 -0.0797882080078125 -0.146499633789063
-0.00079345703125 0.0202350616455078 0.1490478515625 -0.200180053710938
-0.0219917297363281 0.00348854064941406 0.36309814453125 -0.044403076171875
-0.0352439880371094 -0.0431632995605469 0.2666015625 0.32965087890625
0.0218887329101563 -0.090911865234375 -0.0909423828125 0.460418701171875
0.091278076171875 -0.0532073974609375 -0.260223388671875 0.226577758789062
0.12896728515625 -0.0193328857421875 0.0207061767578125 0.00831222534179687
0.088134765625 -0.0596160888671875 0.238067626953125 -0.30133056640625
0.0209884643554687 -0.0724868774414063 -0.041778564453125 -0.497161865234375
-0.0319061279296875 -0.0304489135742188 -0.37841796875 -0.18646240234375
-0.0262413024902344 0.0149307250976563 -0.272262573242188 0.175369262695313
-0.00466156005859375 0.0187759399414063 -0.043426513671875 0.247573852539063
0.00022125244140625 0.0230197906494141 0.117263793945312 0.14508056640625
0.0099945068359375 0.0230617523193359 0.174789428710938 -0.007415771484375
0.0122127532958984 -0.017024040222168 -0.17333984375 -0.0123138427734375
0.0110712051391602 -0.0109472274780273 -0.113525390625 -0.150070190429688
0.0183925628662109 -0.0109272003173828 0.0677642822265625 -0.22991943359375
0.0128698348999023 0.00920009613037109 0.306365966796875 -0.126220703125
-0.00970268249511719 0.0202579498291016 0.328216552734375 0.242645263671875
-0.0168914794921875 0.0101957321166992 0.038360595703125 0.468292236328125
-0.0193080902099609 0.0321502685546875 -0.214141845703125 0.2952880859375
-0.0217704772949219 0.0313968658447266 -0.006439208984375 0.046112060546875
-0.0188331604003906 0.0377693176269531 0.296478271484375 -0.22381591796875
0.00511741638183593 0.0294208526611328 0.1004638671875 -0.492401123046875
0.00496673583984375 0.0181045532226563 -0.33001708984375 -0.281219482421875
0.000672340393066406 0.00608301162719727 -0.33575439453125 0.106109619140625
0.0132837295532227 -0.00810527801513672 -0.1131591796875 0.22442626953125
0.00872898101806641 -0.0148525238037109 0.08905029296875 0.149124145507813
0.00164985656738281 -0.0126104354858398 0.170989990234375 0.0093536376953125
0.0132102966308594 -0.0139303207397461 -0.173675537109375 -0.017181396484375
0.0136842727661133 -0.0119514465332031 -0.104202270507813 -0.153823852539063
0.0164871215820312 -0.012176513671875 0.091644287109375 -0.2244873046875
0.00937461853027344 0.0102195739746094 0.3253173828125 -0.0987548828125
-0.0126686096191406 0.0214080810546875 0.30706787109375 0.2755126953125
-0.0169525146484375 0.0132884979248047 -0.00689697265625001 0.467987060546875
-0.022613525390625 0.0357933044433594 -0.223846435546875 0.268936157226562
-0.0243854522705078 0.0335979461669922 0.0166912078857422 0.0312232971191406
-0.0178947448730469 0.0411376953125 0.287994384765625 -0.253875732421875
0.00703048706054687 0.0318336486816406 0.05316162109375 -0.49603271484375
0.0045928955078125 0.018829345703125 -0.35015869140625 -0.242828369140625
-0.00233697891235352 0.00620889663696289 -0.3155517578125 0.134552001953125
0.01019287109375 -0.0111665725708008 -0.0886688232421875 0.229690551757813
0.00916671752929687 -0.0161867141723633 0.09967041015625 0.142379760742188
0.00222396850585938 -0.00957584381103516 0.171112060546875 0.0013427734375
0.0143346786499023 -0.00957679748535156 -0.173553466796875 -0.024871826171875
0.0151529312133789 -0.0094757080078125 -0.0927886962890625 -0.15740966796875
0.0142717361450195 -0.0106592178344727 0.118804931640625 -0.215469360351563
0.00495338439941406 0.0108823776245117 0.345245361328125 -0.06854248046875
-0.0162734985351563 0.0177669525146484 0.283660888671875 0.309417724609375
-0.0156240463256836 0.00931549072265625 -0.051055908203125 0.465301513671875
-0.0188694000244141 0.0321044921875 -0.231414794921875 0.241058349609375
-0.0168437957763672 0.0323009490966797 0.04022216796875 0.0152778625488281
-0.00957870483398438 0.0380744934082031 0.274322509765625 -0.28668212890625
0.0101051330566406 0.0269870758056641 -3.05175781249792E-05 -0.496337890625
0.00304317474365234 0.0159730911254883 -0.368255615234375 -0.202850341796875
-0.0059056282043457 0.00639915466308594 -0.291961669921875 0.162078857421875
0.00730419158935547 -0.0114965438842773 -0.062103271484375 0.23590087890625
0.00853824615478516 -0.0149068832397461 0.108573913574219 0.136604309082031
0.00371170043945313 -0.00574111938476563 0.171783447265625 -0.0056610107421875
0.0157661437988281 -0.00403499603271484 -0.172500610351563 -0.0308074951171875
0.0154991149902344 -0.00584125518798828 -0.081817626953125 -0.158706665039063
0.0115022659301758 -0.00675582885742188 0.144149780273438 -0.205764770507813
-0.000944137573242189 0.010218620300293 0.360992431640625 -0.036834716796875
-0.0205402374267578 0.00923919677734375 0.257659912109375 0.3397216796875
-0.00958442687988281 -0.00173664093017578 -0.0960693359375 0.45953369140625
-0.00626564025878906 0.0231132507324219 -0.239501953125 0.2164306640625
0.00113296508789063 0.0268783569335938 0.0571060180664063 0.00232315063476563
0.00458526611328125 0.0273342132568359 0.258270263671875 -0.3116455078125
0.0122547149658203 0.0152120590209961 -0.042755126953125 -0.4935302734375
-0.00173759460449219 0.0104560852050781 -0.378662109375 -0.16876220703125
-0.010004997253418 0.00735855102539062 -0.267990112304688 0.18231201171875
0.00408363342285156 -0.00903034210205078 -0.0395050048828125 0.23919677734375
0.00784492492675781 -0.011387825012207 0.116455078125 0.131301879882813
0.00517892837524414 -0.00128173828125 0.171310424804687 -0.0117645263671875
0.0165061950683594 0.00238704681396484 -0.171539306640625 -0.034942626953125
0.0145359039306641 0.000463485717773437 -0.0741729736328125 -0.15789794921875
0.00798559188842773 -0.0013737678527832 0.162017822265625 -0.198532104492188
-0.00648355484008789 0.00804901123046875 0.371307373046875 -0.016265869140625
-0.0237159729003906 -0.00342369079589844 0.239471435546875 0.3582763671875
-0.000152587890624999 -0.0195465087890625 -0.124664306640625 0.45330810546875
0.0147571563720703 0.00843620300292969 -0.245437622070313 0.198776245117187
0.0285968780517578 0.0174694061279297 0.0651817321777344 -0.00709915161132812
0.0221099853515625 0.0087738037109375 0.24359130859375 -0.330291748046875
0.0130167007446289 -0.00257110595703125 -0.0758056640625 -0.49053955078125
-0.00878095626831055 0.00323200225830078 -0.3848876953125 -0.144378662109375
-0.0135049819946289 0.00935840606689453 -0.251312255859375 0.19573974609375
0.00227808952331543 -0.00416421890258789 -0.0227813720703125 0.241806030273438
0.00634670257568359 -0.00502395629882813 0.122543334960938 0.127883911132813
0.00629758834838867 0.00496387481689453 0.171157836914063 -0.0166778564453125
0.0172805786132813 0.00848579406738281 -0.170181274414063 -0.036346435546875
0.012639045715332 0.00761795043945312 -0.0703125 -0.154739379882813
0.00395727157592773 0.00489950180053711 0.169967651367188 -0.192337036132813
-0.0126876831054687 0.00492095947265625 0.373748779296875 -0.00872802734375
-0.0266838073730469 -0.0181007385253906 0.2301025390625 0.36517333984375
0.0114097595214844 -0.0412826538085938 -0.13763427734375 0.4495849609375
0.0419807434082031 -0.00844192504882813 -0.251739501953125 0.193649291992188
0.0605850219726563 0.00605010986328125 0.0636634826660156 -0.009521484375
0.0414695739746094 -0.01397705078125 0.232391357421875 -0.334686279296875
0.0131320953369141 -0.0240497589111328 -0.0872802734375001 -0.4876708984375
-0.0172662734985352 -0.00496387481689453 -0.386138916015625 -0.138214111328125
-0.0172586441040039 0.0122814178466797 -0.243072509765625 0.199935913085938
3.76701354980469E-05 0.00226998329162598 -0.0157318115234375 0.244140625
0.00518941879272461 0.00222158432006836 0.124687194824219 0.1290283203125
0.00766849517822266 0.010533332824707 0.17132568359375 -0.0186614990234375
0.0178718566894531 0.0135364532470703 -0.16912841796875 -0.0337066650390625
0.00916767120361328 0.0149993896484375 -0.072967529296875 -0.150482177734375
0.00105476379394531 0.0119857788085938 0.164718627929688 -0.193328857421875
-0.0175056457519531 0.00263023376464844 0.37017822265625 -0.01934814453125
-0.0304183959960937 -0.0319709777832031 0.24212646484375 0.353668212890625
0.0197067260742187 -0.0659065246582031 -0.12664794921875 0.45166015625
0.0682182312011719 -0.0291595458984375 -0.256240844726563 0.202285766601563
0.0944595336914063 -0.00751495361328125 0.0486679077148438 -0.00505828857421875
0.0627479553222656 -0.037841796875 0.229461669921875 -0.3262939453125
0.0147743225097656 -0.0474739074707031 -0.079559326171875 -0.488922119140625
-0.0250148773193359 -0.0159587860107422 -0.384765625 -0.14837646484375
-0.0206813812255859 0.0144023895263672 -0.249191284179688 0.195144653320313
-0.00318241119384766 0.0124111175537109 -0.0196685791015625 0.244796752929687
0.00303173065185547 0.0129003524780273 0.123764038085938 0.13232421875
0.00925922393798828 0.0173883438110352 0.171844482421875 -0.0172882080078125
0.01837158203125 0.0183238983154297 -0.167343139648438 -0.0274658203125
0.0069427490234375 0.0228500366210938 -0.080596923828125 -0.143661499023437
-0.0010986328125 0.0201549530029297 0.145538330078125 -0.200393676757813
-0.0221328735351562 0.00353050231933594 0.35906982421875 -0.047576904296875
-0.0362930297851562 -0.041900634765625 0.267181396484375 0.32391357421875
0.0210189819335937 -0.0894088745117188 -0.08673095703125 0.457305908203125
0.0897979736328125 -0.053009033203125 -0.257080078125 0.227432250976563
0.127609252929688 -0.02081298828125 0.0206794738769531 0.008087158203125
0.087646484375 -0.059844970703125 0.233154296875 -0.301361083984375
0.0205230712890625 -0.072113037109375 -0.04632568359375 -0.49298095703125
-0.0313014984130859 -0.0303897857666016 -0.377410888671875 -0.18096923828125
-0.0255222320556641 0.0151481628417969 -0.268341064453125 0.176422119140625
-0.00432777404785156 0.0187530517578125 -0.03985595703125 0.24566650390625
0.00089263916015625 0.0229320526123047 0.118209838867188 0.142608642578125
0.0107936859130859 0.0230655670166016 0.173309326171875 -0.009063720703125
0.011591911315918 -0.0166721343994141 -0.172164916992188 -0.0103607177734375
0.0110187530517578 -0.0108880996704102 -0.11370849609375 -0.147415161132813
0.0178546905517578 -0.0110206604003906 0.0649261474609375 -0.228805541992188
0.0129814147949219 0.00859260559082031 0.302978515625 -0.127593994140625
-0.00993537902832031 0.0204181671142578 0.326080322265625 0.237396240234375
-0.0169239044189453 0.0106630325317383 0.0406494140625 0.4644775390625
-0.0195407867431641 0.0319747924804688 -0.210723876953125 0.2933349609375
-0.0208663940429687 0.0304164886474609 -0.0059814453125 0.0459136962890625
-0.0178756713867188 0.0373687744140625 0.292510986328125 -0.223785400390625
0.00568389892578125 0.0289554595947266 0.0972900390625 -0.4881591796875
0.00499343872070312 0.0178775787353516 -0.32830810546875 -0.2764892578125
0.000972270965576173 0.00624179840087891 -0.332550048828125 0.107635498046875
0.0129709243774414 -0.00837135314941406 -0.110687255859375 0.223342895507812
0.00825977325439453 -0.01470947265625 0.089569091796875 0.147064208984375
0.00169754028320312 -0.0122776031494141 0.170120239257812 0.0081634521484375
0.0127658843994141 -0.0144987106323242 -0.172760009765625 -0.0153350830078125
0.0135164260864258 -0.0116100311279297 -0.104293823242187 -0.15106201171875
0.0164422988891602 -0.0122833251953125 0.08978271484375 -0.222366333007813
0.00922775268554688 0.00980281829833984 0.322357177734375 -0.100616455078125
-0.0125370025634766 0.0208911895751953 0.306396484375 0.2720947265625
-0.0163488388061523 0.0145387649536133 -0.00372314453124995 0.464691162109375
-0.0222091674804687 0.0354843139648438 -0.220199584960937 0.267822265625
-0.0239906311035156 0.0328655242919922 0.0164299011230469 0.0315265655517578
-0.0170364379882813 0.0411796569824219 0.284332275390625 -0.252716064453125
0.00762939453125 0.031219482421875 0.050140380859375 -0.4910888671875
0.00514984130859375 0.0184135437011719 -0.34857177734375 -0.2376708984375
-0.00197839736938477 0.00615978240966797 -0.312255859375 0.13623046875
0.00972080230712891 -0.0114345550537109 -0.0863494873046875 0.228378295898437
0.00895977020263672 -0.0161380767822266 0.100151062011719 0.140174865722656
0.00251960754394531 -0.00943851470947265 0.170394897460937 0.000579833984374999
0.0138492584228516 -0.00997066497802734 -0.173202514648437 -0.0226898193359375
0.0151729583740234 -0.00985145568847656 -0.093231201171875 -0.154998779296875
0.0143356323242188 -0.0113143920898438 0.116439819335938 -0.215408325195313
0.00483131408691406 0.0104217529296875 0.342498779296875 -0.0703125
-0.0162792205810547 0.018280029296875 0.282958984375 0.30535888671875
-0.0149765014648437 0.009857177734375 -0.04742431640625 0.4609375
-0.0185165405273438 0.0319709777832031 -0.228408813476562 0.240753173828125
-0.016448974609375 0.0319538116455078 0.0400810241699219 0.0153007507324219
-0.00896453857421875 0.0378570556640625 0.27020263671875 -0.28558349609375
0.0101566314697266 0.0263824462890625 -0.00314331054687496 -0.4920654296875
0.0029458999633789 0.0156049728393555 -0.36627197265625 -0.197052001953125
-0.0055842399597168 0.00613260269165039 -0.2879638671875 0.163360595703125
0.00730705261230469 -0.0119819641113281 -0.05975341796875 0.234146118164063
0.00879478454589844 -0.0151195526123047 0.1092529296875 0.135025024414063
0.00373697280883789 -0.00553607940673828 0.170257568359375 -0.006805419921875
0.0153141021728516 -0.00423622131347656 -0.171920776367188 -0.02862548828125
0.0157079696655273 -0.00558376312255859 -0.0826873779296875 -0.156051635742188
0.0109519958496094 -0.00692176818847656 0.1412353515625 -0.205673217773438
-0.00108623504638672 0.0100460052490234 0.358489990234375 -0.039703369140625
-0.0205574035644531 0.00996780395507813 0.257965087890625 0.33551025390625
-0.00954055786132812 -0.00126171112060547 -0.093109130859375 0.455963134765625
-0.00655364990234375 0.0228176116943359 -0.237060546875 0.215347290039063
0.00117111206054688 0.0263042449951172 0.0564117431640625 0.00259017944335938
0.00493240356445313 0.0272140502929687 0.254119873046875 -0.3114013671875
0.0122661590576172 0.0151596069335937 -0.044708251953125 -0.488311767578125
-0.00196552276611328 0.0102968215942383 -0.3760986328125 -0.16363525390625
-0.00983047485351562 0.00721359252929688 -0.264480590820312 0.182785034179688
0.00337982177734375 -0.00934123992919922 -0.0373077392578125 0.236923217773438
0.00768375396728516 -0.0115137100219727 0.117012023925781 0.129096984863281
0.00506734848022461 -0.000586509704589844 0.169845581054688 -0.013275146484375
0.0161857604980469 0.0023956298828125 -0.17083740234375 -0.0333709716796875
0.0142402648925781 8.7738037109375E-05 -0.0745391845703125 -0.155120849609375
0.00762414932250977 -0.0018305778503418 0.1590576171875 -0.197479248046875
-0.00722503662109375 0.00770235061645508 0.366729736328125 -0.0198974609375
-0.0240707397460938 -0.00284004211425781 0.239654541015625 0.35418701171875
-9.72747802734354E-05 -0.0194320678710938 -0.122161865234375 0.450103759765625
0.0144376754760742 0.00892066955566406 -0.242279052734375 0.198257446289063
0.0287284851074219 0.0171260833740234 0.0645942687988281 -0.00686264038085937
0.0222682952880859 0.00822830200195313 0.23760986328125 -0.328643798828125
0.0131244659423828 -0.00260353088378906 -0.077789306640625 -0.484588623046875
-0.00907993316650391 0.00353813171386719 -0.382080078125 -0.140228271484375
-0.0132207870483398 0.00936412811279297 -0.24798583984375 0.195571899414063
0.00184297561645508 -0.00420999526977539 -0.0206146240234375 0.240066528320313
0.00623083114624023 -0.00516080856323242 0.122726440429687 0.126075744628906
0.00627326965332031 0.00543785095214844 0.169509887695313 -0.01837158203125
0.0174198150634766 0.00802707672119141 -0.169342041015625 -0.0344085693359375
0.0120315551757813 0.00727748870849609 -0.0713958740234375 -0.152252197265625
0.00388598442077637 0.00415587425231934 0.166748046875 -0.192581176757813
-0.0130224227905273 0.00431346893310547 0.37078857421875 -0.01123046875
-0.0264072418212891 -0.0175838470458984 0.2313232421875 0.359344482421875
0.0113410949707031 -0.0409889221191406 -0.134002685546875 0.446258544921875
0.0410499572753906 -0.00853729248046875 -0.24847412109375 0.193161010742188
0.0603103637695313 0.0054931640625 0.0625572204589844 -0.00986099243164063
0.0411567687988281 -0.0146255493164063 0.22857666015625 -0.33367919921875
0.0129470825195313 -0.0239715576171875 -0.08990478515625 -0.483612060546875
-0.0169343948364258 -0.0051717758178711 -0.38336181640625 -0.132781982421875
-0.0168056488037109 0.0124959945678711 -0.23968505859375 0.20037841796875
-0.000232934951782226 0.00244641304016113 -0.0140228271484375 0.241683959960937
0.00484895706176758 0.00220537185668945 0.124618530273438 0.126884460449219
0.00769996643066406 0.0104570388793945 0.169677734375 -0.019805908203125
0.0175657272338867 0.0131540298461914 -0.1680908203125 -0.0319671630859375
0.0097970962524414 0.0145540237426758 -0.07330322265625 -0.147903442382813
0.000900268554687501 0.0115957260131836 0.162368774414063 -0.193405151367188
-0.0179100036621094 0.00296974182128906 0.3675537109375 -0.022552490234375
-0.0297451019287109 -0.0316143035888672 0.241943359375 0.348419189453125
0.0192451477050781 -0.0650825500488281 -0.122344970703125 0.449310302734375
0.0675048828125 -0.0291252136230469 -0.2530517578125 0.201751708984375
0.0939559936523438 -0.0080108642578125 0.0487213134765625 -0.0047760009765625
0.0620460510253906 -0.0380592346191406 0.225921630859375 -0.324798583984375
0.0141334533691406 -0.0472908020019531 -0.08160400390625 -0.48492431640625
-0.0250930786132813 -0.0158405303955078 -0.381866455078125 -0.14495849609375
-0.0198783874511719 0.0145111083984375 -0.244720458984375 0.196014404296875
-0.00272750854492187 0.0117311477661133 -0.0172576904296875 0.242431640625
0.00285816192626953 0.0123796463012695 0.123947143554688 0.130645751953125
0.00951194763183593 0.017852783203125 0.17047119140625 -0.01861572265625
0.0180873870849609 0.0179061889648438 -0.16705322265625 -0.0262451171875
0.00673866271972656 0.0226325988769531 -0.08056640625 -0.141632080078125
-0.00108146667480469 0.0196208953857422 0.143051147460938 -0.199630737304688
-0.0219249725341797 0.0032806396484375 0.355865478515625 -0.050689697265625
-0.0361328125 -0.0416946411132813 0.267333984375 0.318817138671875
0.0203170776367188 -0.0885086059570313 -0.083648681640625 0.4537353515625
0.0882492065429687 -0.053466796875 -0.254119873046875 0.226821899414062
0.125740051269531 -0.02166748046875 0.0201435089111328 0.00864219665527344
0.0860137939453125 -0.0604019165039063 0.22882080078125 -0.300018310546875
0.0199661254882812 -0.072052001953125 -0.04949951171875 -0.489715576171875
-0.0314159393310547 -0.0300502777099609 -0.37493896484375 -0.177703857421875
-0.0253620147705078 0.0152606964111328 -0.264480590820312 0.176986694335938
-0.00445365905761719 0.0184555053710938 -0.0378570556640625 0.2432861328125
0.00056266784667969 0.0229377746582031 0.118087768554688 0.140899658203125
0.0105628967285156 0.0233745574951172 0.172012329101562 -0.010955810546875
0.0115194320678711 -0.0169210433959961 -0.171539306640625 -0.00915527343750003
0.0106267929077148 -0.0108499526977539 -0.1138916015625 -0.144973754882813
0.0176296234130859 -0.0114955902099609 0.063323974609375 -0.226882934570313
0.0125293731689453 0.00816917419433594 0.2994384765625 -0.128631591796875
-0.00969886779785156 0.0202846527099609 0.326202392578125 0.234588623046875
-0.0170974731445313 0.0112085342407227 0.043060302734375 0.4599609375
-0.0193099975585937 0.0319747924804688 -0.208099365234375 0.291778564453125
-0.0208225250244141 0.0301895141601563 -0.0059661865234375 0.0458221435546875
-0.0177421569824219 0.0372047424316406 0.28839111328125 -0.22332763671875
0.00604629516601563 0.0285987854003906 0.09326171875 -0.485931396484375
0.00508689880371094 0.0175857543945313 -0.328125 -0.27203369140625
0.00102519989013672 0.00592327117919922 -0.32958984375 0.109375
0.0128107070922852 -0.00789928436279297 -0.108551025390625 0.221542358398438
0.00784969329833984 -0.0149021148681641 0.08990478515625 0.145401000976563
0.00148773193359375 -0.0118875503540039 0.168853759765625 0.006591796875
0.0121555328369141 -0.0140581130981445 -0.17120361328125 -0.0136260986328125
0.0131330490112305 -0.0118598937988281 -0.104766845703125 -0.148849487304688
0.0161361694335937 -0.0127601623535156 0.087249755859375 -0.22137451171875
0.00923728942871094 0.00964832305908203 0.3187255859375 -0.101837158203125
-0.0129413604736328 0.0215320587158203 0.305755615234375 0.268218994140625
-0.0165929794311523 0.0144405364990234 -0.00164794921875002 0.4603271484375
-0.0223197937011719 0.0351982116699219 -0.218231201171875 0.266525268554688
-0.0236015319824219 0.0328197479248047 0.0165672302246094 0.0309219360351563
-0.0162773132324219 0.0406570434570312 0.28167724609375 -0.2530517578125
0.00782203674316407 0.0305881500244141 0.047271728515625 -0.48712158203125
0.00499153137207031 0.0184669494628906 -0.345703125 -0.2342529296875
-0.00153875350952148 0.00615739822387695 -0.308074951171875 0.13623046875
0.00946426391601563 -0.0114307403564453 -0.08465576171875 0.226577758789063
0.00841236114501953 -0.0161552429199219 0.0996627807617188 0.138328552246094
0.00255870819091797 -0.00945472717285156 0.168838500976563 -0.001220703125
0.0138006210327148 -0.0101613998413086 -0.171875 -0.0214080810546875
0.0153007507324219 -0.00981044769287109 -0.0935211181640625 -0.15240478515625
0.0141334533691406 -0.0113182067871094 0.113693237304688 -0.213882446289062
0.00466442108154297 0.0103359222412109 0.339019775390625 -0.072052001953125
-0.0164661407470703 0.0179805755615234 0.283599853515625 0.302215576171875
-0.0152349472045898 0.0101642608642578 -0.04486083984375 0.456390380859375
-0.0186958312988281 0.0320243835449219 -0.226043701171875 0.239883422851563
-0.0164566040039062 0.0314750671386719 0.0394973754882813 0.0154991149902344
-0.00807952880859375 0.0372848510742188 0.265533447265625 -0.284027099609375
0.0106906890869141 0.026397705078125 -0.00552368164062502 -0.488525390625
0.00304317474365234 0.0157585144042969 -0.364105224609375 -0.193267822265625
-0.00557947158813477 0.00597953796386719 -0.284942626953125 0.163177490234375
0.00652217864990234 -0.011469841003418 -0.0576629638671875 0.232177734375
0.00798606872558594 -0.0151281356811523 0.109153747558594 0.132499694824219
0.00378561019897461 -0.00551557540893555 0.169326782226563 -0.0079498291015625
0.0151681900024414 -0.003936767578125 -0.170852661132812 -0.026885986328125
0.0149316787719727 -0.00645160675048828 -0.0831146240234375 -0.1539306640625
0.0108652114868164 -0.00741672515869141 0.138656616210938 -0.204879760742188
-0.000967025756835938 0.00975322723388672 0.355133056640625 -0.041046142578125
-0.0205841064453125 0.0102100372314453 0.258270263671875 0.33148193359375
-0.00990581512451172 -0.000953674316406248 -0.0888671875 0.453155517578125
-0.00658607482910156 0.0227470397949219 -0.234390258789063 0.214797973632812
0.00182914733886719 0.0259761810302734 0.055755615234375 0.0019683837890625
0.00543403625488281 0.0264663696289063 0.251220703125 -0.309295654296875
0.0128097534179687 0.0145025253295898 -0.04827880859375 -0.4840087890625
-0.00142097473144531 0.0101871490478516 -0.37335205078125 -0.160247802734375
-0.00947475433349609 0.00740814208984375 -0.261383056640625 0.182449340820313
0.00360202789306641 -0.00949764251708984 -0.0357666015625 0.234512329101563
0.00720787048339844 -0.0114898681640625 0.117027282714844 0.127288818359375
0.0052027702331543 -0.000295162200927734 0.168441772460937 -0.0144500732421875
0.0159397125244141 0.00204658508300781 -0.169876098632813 -0.0311126708984375
0.014155387878418 -0.000279426574707031 -0.0751495361328125 -0.15313720703125
0.00706291198730469 -0.00247001647949219 0.157150268554687 -0.19720458984375
-0.00673294067382813 0.00733041763305664 0.364654541015625 -0.020965576171875
-0.0236701965332031 -0.00243949890136719 0.240081787109375 0.349578857421875
-0.000558853149414063 -0.0184555053710938 -0.118743896484375 0.446624755859375
0.0143299102783203 0.00891685485839844 -0.240325927734375 0.198486328125
0.0285491943359375 0.0165996551513672 0.0638389587402344 -0.00671768188476563
0.0224704742431641 0.00813484191894531 0.234283447265625 -0.32623291015625
0.0132036209106445 -0.00289058685302734 -0.08038330078125 -0.481597900390625
-0.00879955291748047 0.00323295593261719 -0.380462646484375 -0.13775634765625
-0.0129194259643555 0.00961017608642578 -0.244277954101563 0.19537353515625
0.00161528587341309 -0.00431299209594726 -0.0191497802734375 0.23748779296875
0.00597333908081055 -0.00526714324951172 0.122146606445313 0.124237060546875
0.00661373138427734 0.00547170639038086 0.1680908203125 -0.0191802978515625
0.0170526504516602 0.00784111022949219 -0.168304443359375 -0.0323028564453125
0.0122013092041016 0.00683307647705078 -0.0712738037109375 -0.150238037109375
0.00375866889953613 0.0039818286895752 0.164718627929688 -0.191604614257813
-0.0128383636474609 0.00442886352539063 0.3675537109375 -0.0133056640625
-0.0264911651611328 -0.0170860290527344 0.2318115234375 0.3543701171875
0.0102195739746094 -0.0400962829589844 -0.132110595703125 0.4442138671875
0.0400886535644531 -0.008148193359375 -0.246246337890625 0.193206787109375
0.0595436096191406 0.00531387329101563 0.0619392395019531 -0.00931167602539062
0.0411720275878906 -0.0148773193359375 0.224456787109375 -0.3314208984375
0.0129013061523438 -0.0238609313964844 -0.09210205078125 -0.480499267578125
-0.0165166854858398 -0.00534248352050781 -0.381317138671875 -0.13018798828125
-0.0159845352172852 0.0121870040893555 -0.23583984375 0.199905395507812
-0.000473976135253906 0.00237512588500977 -0.0122833251953125 0.238983154296875
0.00475931167602539 0.00226402282714844 0.124458312988281 0.124916076660156
0.00767230987548828 0.0104751586914063 0.16827392578125 -0.0211639404296875
0.0177841186523438 0.0130577087402344 -0.167251586914063 -0.0302886962890625
0.00895118713378906 0.0143585205078125 -0.07379150390625 -0.145782470703125
0.000861167907714844 0.0112705230712891 0.15948486328125 -0.192962646484375
-0.0176277160644531 0.00249671936035157 0.364959716796875 -0.0242919921875
-0.0304241180419922 -0.0305709838867188 0.2420654296875 0.344696044921875
0.0188102722167969 -0.0641250610351563 -0.119903564453125 0.4451904296875
0.0665283203125 -0.0291252136230469 -0.250564575195313 0.2015380859375
0.0926437377929687 -0.008148193359375 0.0475883483886719 -0.0049591064453125
0.0621528625488281 -0.0385093688964844 0.222381591796875 -0.322906494140625
0.01409912109375 -0.0471839904785156 -0.08294677734375 -0.481048583984375
-0.0248813629150391 -0.0154609680175781 -0.379730224609375 -0.14068603515625
-0.0198230743408203 0.0142059326171875 -0.241455078125 0.195281982421875
-0.00305652618408203 0.0119857788085938 -0.0158843994140625 0.24029541015625
0.00273227691650391 0.012629508972168 0.124000549316406 0.128814697265625
0.00956344604492188 0.0173969268798828 0.16900634765625 -0.0195159912109375
0.0183887481689453 0.0178279876708984 -0.165283203125 -0.0244598388671875
0.00696182250976562 0.0218944549560547 -0.0810394287109375 -0.139625549316406
-0.001190185546875 0.0195865631103516 0.141021728515625 -0.198623657226563
-0.0217399597167969 0.00333213806152344 0.352630615234375 -0.0523681640625
-0.036224365234375 -0.0408363342285156 0.266754150390625 0.315032958984375
0.0192794799804688 -0.0877685546875 -0.08099365234375 0.4508056640625
0.0875396728515625 -0.0527114868164063 -0.250930786132812 0.22576904296875
0.124916076660156 -0.0218124389648438 0.0197620391845703 0.00891685485839844
0.0854034423828125 -0.0605316162109375 0.225494384765625 -0.29779052734375
0.01947021484375 -0.0713577270507812 -0.0509033203125 -0.484344482421875
-0.0315208435058594 -0.0294437408447266 -0.372833251953125 -0.1739501953125
-0.0245952606201172 0.0151462554931641 -0.260879516601563 0.176605224609375
-0.00424003601074219 0.0183277130126953 -0.0365142822265625 0.24090576171875
5.53131103515634E-05 0.0229225158691406 0.118354797363281 0.138763427734375
0.0110187530517578 0.0235252380371094 0.170242309570312 -0.01214599609375
0.0114078521728516 -0.0166482925415039 -0.1707763671875 -0.00787353515625002
0.00994682312011719 -0.0112142562866211 -0.113784790039063 -0.143157958984375
0.017186164855957 -0.0116891860961914 0.061676025390625 -0.22528076171875
0.0123834609985352 0.00787258148193359 0.296234130859375 -0.128875732421875
-0.00990676879882813 0.0203819274902344 0.32427978515625 0.2322998046875
-0.0167207717895508 0.0114326477050781 0.042633056640625 0.456787109375
-0.0190696716308594 0.0320510864257813 -0.207305908203125 0.28997802734375
-0.0207176208496094 0.0293159484863281 -0.005706787109375 0.0452346801757812
-0.0166168212890625 0.0366020202636719 0.286956787109375 -0.220733642578125
0.00632095336914063 0.0282649993896484 0.09234619140625 -0.48187255859375
0.00525379180908203 0.0169849395751953 -0.32464599609375 -0.269927978515625
0.00134086608886719 0.00613880157470703 -0.326202392578125 0.109283447265625
0.0125398635864258 -0.00850200653076172 -0.106903076171875 0.21954345703125
0.00762081146240234 -0.014678955078125 0.0895843505859375 0.143478393554688
0.00176620483398438 -0.0114126205444336 0.168365478515625 0.0055999755859375
0.0121955871582031 -0.0143346786499023 -0.170684814453125 -0.0127716064453125
0.0132064819335938 -0.0117988586425781 -0.104141235351563 -0.146881103515625
0.0157880783081055 -0.0128259658813477 0.0858001708984375 -0.219375610351563
0.00941562652587891 0.00913333892822266 0.31610107421875 -0.10223388671875
-0.0126895904541016 0.0214481353759766 0.304168701171875 0.264129638671875
-0.0171899795532227 0.0146694183349609 -0.00143432617187496 0.457183837890625
-0.0221824645996094 0.0355567932128906 -0.216690063476562 0.265426635742188
-0.0234870910644531 0.0319766998291016 0.0161628723144531 0.0312709808349609
-0.0159111022949219 0.0399818420410156 0.278884887695313 -0.250244140625
0.00751304626464844 0.0308170318603516 0.04498291015625 -0.485595703125
0.00517082214355469 0.0180168151855469 -0.343719482421875 -0.232208251953125
-0.0013890266418457 0.00603818893432617 -0.305419921875 0.136962890625
0.00899600982666016 -0.0111684799194336 -0.0827484130859375 0.224655151367187
0.00782966613769531 -0.0162534713745117 0.100410461425781 0.137222290039062
0.00212192535400391 -0.00896358489990234 0.167129516601563 -0.001953125
0.0135583877563477 -0.00965023040771484 -0.171463012695313 -0.0199432373046875
0.0146732330322266 -0.00982284545898438 -0.0937347412109375 -0.150604248046875
0.0136756896972656 -0.0115127563476563 0.112228393554688 -0.212631225585938
0.00470733642578125 0.0105047225952148 0.336334228515625 -0.072509765625
-0.0159854888916016 0.0184898376464844 0.281402587890625 0.29840087890625
-0.0147809982299805 0.0106201171875 -0.0443115234375 0.454986572265625
-0.0191116333007813 0.0320682525634766 -0.224929809570313 0.238357543945312
-0.015472412109375 0.0310802459716797 0.0386924743652344 0.0154495239257813
-0.00745010375976562 0.0368576049804688 0.26275634765625 -0.2828369140625
0.0108776092529297 0.0261802673339844 -0.00671386718750001 -0.485107421875
0.0028839111328125 0.015223503112793 -0.361663818359375 -0.1907958984375
-0.0054326057434082 0.00605535507202149 -0.28192138671875 0.163238525390625
0.00648593902587891 -0.011993408203125 -0.056610107421875 0.230316162109375
0.00799179077148438 -0.0148391723632812 0.108558654785156 0.131759643554688
0.00384759902954102 -0.00513219833374023 0.1683349609375 -0.009063720703125
0.014866828918457 -0.00427150726318359 -0.170486450195313 -0.0257415771484375
0.0147075653076172 -0.00611114501953125 -0.0827484130859375 -0.151962280273437
0.0109224319458008 -0.00823402404785156 0.137557983398437 -0.203750610351563
-0.00137996673583984 0.00935077667236328 0.352447509765625 -0.0423583984375
-0.0202445983886719 0.0103073120117187 0.256805419921875 0.32843017578125
-0.00976085662841797 -0.000596046447753906 -0.08917236328125 0.448883056640625
-0.00680160522460937 0.0226802825927734 -0.233154296875 0.21337890625
0.00170707702636719 0.0254344940185547 0.0552330017089844 0.00253677368164063
0.00615692138671875 0.0255966186523437 0.248260498046875 -0.308135986328125
0.0133094787597656 0.014312744140625 -0.0477294921875 -0.48089599609375
-0.00164699554443359 0.0100250244140625 -0.371673583984375 -0.158050537109375
-0.00917530059814453 0.00718975067138672 -0.258102416992188 0.1820068359375
0.00319290161132813 -0.00915336608886719 -0.0345458984375 0.23291015625
0.00672435760498047 -0.0113029479980469 0.116302490234375 0.1258544921875
0.00481176376342774 -0.000248432159423828 0.166976928710938 -0.015350341796875
0.0157861709594727 0.00196456909179688 -0.169204711914063 -0.0303192138671875
0.013850212097168 -0.000411033630371094 -0.07568359375 -0.151504516601562
0.00741386413574219 -0.00238370895385742 0.155227661132813 -0.196090698242188
-0.00720453262329102 0.007049560546875 0.36248779296875 -0.0230712890625
-0.0235118865966797 -0.0022735595703125 0.24017333984375 0.347198486328125
-0.000570297241210937 -0.0182075500488281 -0.11846923828125 0.44378662109375
0.0140714645385742 0.0086374282836914 -0.238433837890625 0.196945190429688
0.0278511047363281 0.015960693359375 0.0639610290527344 -0.00675582885742188
0.0225467681884766 0.00739479064941406 0.23175048828125 -0.324432373046875
0.0134210586547852 -0.00256443023681641 -0.08111572265625 -0.476837158203125
-0.00815868377685547 0.00346183776855469 -0.37725830078125 -0.135711669921875
-0.0125484466552734 0.00909805297851563 -0.242095947265625 0.195175170898437
0.00132846832275391 -0.00443029403686523 -0.0187530517578125 0.235794067382813
0.00596284866333008 -0.00526571273803711 0.122238159179687 0.122795104980469
0.00614786148071289 0.00528907775878906 0.166854858398438 -0.02020263671875
0.0173425674438477 0.00751781463623047 -0.167251586914062 -0.0312957763671875
0.0117130279541016 0.00650405883789063 -0.0714111328125 -0.1484375
0.00347137451171875 0.00389432907104492 0.163223266601563 -0.19097900390625
-0.0129623413085938 0.00386619567871094 0.364959716796875 -0.01556396484375
-0.0264778137207031 -0.0168952941894531 0.231292724609375 0.351531982421875
0.0101661682128906 -0.0390243530273438 -0.130218505859375 0.440277099609375
0.0398139953613281 -0.00801467895507813 -0.244186401367188 0.1920166015625
0.0591850280761719 0.00489425659179688 0.061309814453125 -0.00916671752929688
0.0413436889648438 -0.0149497985839844 0.2235107421875 -0.329620361328125
0.0131149291992188 -0.0240211486816406 -0.09222412109375 -0.47711181640625
-0.0164213180541992 -0.0050201416015625 -0.378265380859375 -0.127899169921875
-0.01580810546875 0.0121746063232422 -0.233474731445313 0.199310302734375
-0.000582218170166016 0.00222301483154297 -0.0118255615234375 0.23724365234375
0.00444746017456055 0.00195598602294922 0.124557495117188 0.124000549316406
0.00773525238037109 0.0104684829711914 0.166717529296875 -0.021759033203125
0.0176982879638672 0.0125999450683594 -0.166717529296875 -0.029449462890625
0.00923442840576172 0.0145597457885742 -0.073944091796875 -0.144119262695312
0.000946044921874999 0.0109138488769531 0.15869140625 -0.191986083984375
-0.0180835723876953 0.00241279602050781 0.36212158203125 -0.0252685546875
-0.0303497314453125 -0.0301742553710938 0.2408447265625 0.340301513671875
0.018646240234375 -0.0633583068847656 -0.118408203125 0.441650390625
0.0662841796875 -0.0281791687011719 -0.248947143554687 0.200973510742188
0.0918655395507813 -0.00838470458984375 0.0470428466796875 -0.004486083984375
0.0613784790039063 -0.0390090942382813 0.2203369140625 -0.321533203125
0.0142440795898437 -0.0470352172851563 -0.084808349609375 -0.47705078125
-0.0249290466308594 -0.0153541564941406 -0.376953125 -0.13970947265625
-0.0200538635253906 0.0146522521972656 -0.239410400390625 0.193649291992187
-0.00301074981689453 0.0119190216064453 -0.0150604248046875 0.23809814453125
0.00250816345214844 0.0129928588867187 0.123435974121094 0.127609252929688
0.00992393493652344 0.0176277160644531 0.167343139648438 -0.0200042724609375
0.0183143615722656 0.0176448822021484 -0.164657592773438 -0.02349853515625
0.00696182250976563 0.0216865539550781 -0.081146240234375 -0.137718200683594
-0.000719070434570311 0.0193004608154297 0.13922119140625 -0.197647094726563
-0.0219669342041016 0.00318336486816406 0.35003662109375 -0.052825927734375
-0.0360145568847656 -0.0395889282226563 0.265777587890625 0.3125
0.0189056396484375 -0.0867843627929688 -0.0806274414062501 0.446502685546875
0.0867233276367188 -0.05230712890625 -0.249038696289063 0.22515869140625
0.123580932617188 -0.0221786499023437 0.0194797515869141 0.00880050659179687
0.0849151611328125 -0.06072998046875 0.222564697265625 -0.297576904296875
0.01953125 -0.0714950561523438 -0.052398681640625 -0.480712890625
-0.0313949584960938 -0.0288314819335938 -0.370758056640625 -0.172088623046875
-0.0247230529785156 0.0149421691894531 -0.258636474609375 0.176483154296875
-0.00440597534179687 0.0185508728027344 -0.0354766845703125 0.238677978515625
0.000331878662109376 0.0227489471435547 0.118354797363281 0.137741088867188
0.0116291046142578 0.0232219696044922 0.168258666992188 -0.0129241943359375
0.0111246109008789 -0.0172033309936523 -0.16949462890625 -0.00718688964843753
0.01031494140625 -0.0112276077270508 -0.11370849609375 -0.141693115234375
0.0172214508056641 -0.012298583984375 0.061279296875 -0.22369384765625
0.0121917724609375 0.00749111175537109 0.294708251953125 -0.128265380859375
-0.00983428955078125 0.0204963684082031 0.32257080078125 0.22900390625
-0.017033576965332 0.011749267578125 0.042694091796875 0.45263671875
-0.0193901062011719 0.0318431854248047 -0.204833984375 0.2886962890625
-0.0206565856933594 0.029083251953125 -0.00567245483398438 0.0448989868164063
-0.0163497924804688 0.0364875793457031 0.28485107421875 -0.21954345703125
0.00607872009277343 0.0276508331298828 0.091705322265625 -0.478851318359375
0.00501346588134766 0.0171947479248047 -0.322509765625 -0.265625
0.00128793716430664 0.00584220886230469 -0.323974609375 0.10894775390625
0.0120658874511719 -0.00851726531982422 -0.105865478515625 0.217453002929688
0.00694561004638672 -0.0147161483764648 0.08978271484375 0.14251708984375
0.00166797637939453 -0.0111465454101563 0.166534423828125 0.0049285888671875
0.0124320983886719 -0.0142183303833008 -0.1697998046875 -0.0122222900390625
0.013066291809082 -0.0123844146728516 -0.10406494140625 -0.14556884765625
0.0151777267456055 -0.0129232406616211 0.0848846435546875 -0.218429565429688
0.00887012481689453 0.00928020477294922 0.313995361328125 -0.102203369140625
-0.0123367309570312 0.0212879180908203 0.303558349609375 0.2608642578125
-0.0167055130004883 0.0149288177490234 -0.00122070312499997 0.45318603515625
-0.0222396850585937 0.0348625183105469 -0.214889526367188 0.263626098632813
-0.0230426788330078 0.0316715240478516 0.0162029266357422 0.0306434631347656
-0.0154304504394531 0.0399017333984375 0.275405883789062 -0.24871826171875
0.00820159912109375 0.0303955078125 0.045074462890625 -0.482147216796875
0.00486373901367188 0.017913818359375 -0.34112548828125 -0.228729248046875
-0.00130796432495117 0.00576877593994141 -0.302093505859375 0.135772705078125
0.00912189483642578 -0.0114145278930664 -0.082244873046875 0.222549438476562
0.00783920288085938 -0.0160932540893555 0.09991455078125 0.136093139648438
0.00238418579101563 -0.00946521759033203 0.166702270507813 -0.002960205078125
0.0140161514282227 -0.00994491577148438 -0.1702880859375 -0.01910400390625
0.0143985748291016 -0.0101280212402344 -0.09368896484375 -0.149002075195312
0.0137033462524414 -0.0117692947387695 0.111160278320313 -0.21173095703125
0.0042724609375 0.0095977783203125 0.33447265625 -0.07269287109375
-0.0166301727294922 0.0181770324707031 0.281097412109375 0.295989990234375
-0.0150861740112305 0.0108280181884766 -0.045135498046875 0.450408935546875
-0.0189228057861328 0.0318851470947266 -0.222808837890625 0.23736572265625
-0.0161914825439453 0.0301570892333984 0.0386886596679688 0.0152854919433594
-0.0069427490234375 0.0361518859863281 0.260238647460938 -0.280075073242188
0.0109233856201172 0.0254001617431641 -0.00662231445312501 -0.4827880859375
0.00285530090332031 0.015162467956543 -0.358642578125 -0.1900634765625
-0.00513839721679688 0.00609111785888672 -0.278945922851563 0.161651611328125
0.00614738464355469 -0.012115478515625 -0.05596923828125 0.228164672851562
0.00722694396972656 -0.0149574279785156 0.108940124511719 0.130393981933594
0.00372457504272461 -0.0049586296081543 0.167190551757813 -0.0096893310546875
0.0147504806518555 -0.00412654876708984 -0.169143676757812 -0.0246429443359375
0.0149707794189453 -0.00648880004882813 -0.0827789306640625 -0.150421142578125
0.0105724334716797 -0.00815677642822266 0.136428833007813 -0.202499389648438
-0.00107812881469727 0.00877141952514648 0.35040283203125 -0.0430908203125
-0.0205726623535156 0.0103340148925781 0.256072998046875 0.3248291015625
-0.0100317001342773 -0.000327110290527343 -0.0890808105468751 0.4462890625
-0.00684738159179687 0.0226364135742188 -0.231170654296875 0.212478637695313
0.00139808654785156 0.0248908996582031 0.054718017578125 0.00257110595703125
0.00646400451660156 0.0252780914306641 0.245147705078125 -0.305633544921875
0.0125007629394531 0.0140018463134766 -0.048614501953125 -0.47857666015625
-0.00200462341308594 0.00990772247314453 -0.36883544921875 -0.15765380859375
-0.00870132446289063 0.0065460205078125 -0.256057739257813 0.180953979492188
0.00302219390869141 -0.0093231201171875 -0.034423828125 0.231002807617188
0.00659942626953125 -0.0113906860351563 0.11614990234375 0.124946594238281
0.00510978698730469 -0.000133991241455078 0.166061401367188 -0.016143798828125
0.0157890319824219 0.00162506103515625 -0.168243408203125 -0.0291748046875
0.0136833190917969 -0.000453948974609375 -0.0750274658203125 -0.149856567382813
0.00705242156982422 -0.00298357009887695 0.153884887695313 -0.194503784179688
-0.00722074508666992 0.00658941268920899 0.359771728515625 -0.0228271484375
-0.0236892700195313 -0.00217056274414062 0.238372802734375 0.343475341796875
-0.000585556030273436 -0.0175819396972656 -0.1170654296875 0.439453125
0.0136756896972656 0.00892925262451172 -0.237152099609375 0.19659423828125
0.0279636383056641 0.0159740447998047 0.0627861022949219 -0.00592041015625
0.0229892730712891 0.00715446472167969 0.23028564453125 -0.321929931640625
0.0133581161499023 -0.00314903259277344 -0.07989501953125 -0.474609375
-0.00838565826416016 0.00309610366821289 -0.374481201171875 -0.132965087890625
-0.0122184753417969 0.00935077667236328 -0.239517211914063 0.194015502929687
0.00109291076660156 -0.00457763671875 -0.017608642578125 0.2335205078125
0.00543737411499024 -0.00505685806274414 0.121337890625 0.121414184570312
0.00648880004882812 0.00587129592895508 0.165252685546875 -0.02081298828125
0.0168552398681641 0.00778102874755859 -0.166702270507813 -0.0301361083984375
0.0115833282470703 0.00642681121826172 -0.0717620849609375 -0.146575927734375
0.00324249267578125 0.00355362892150879 0.161453247070313 -0.190216064453125
-0.0131340026855469 0.00401973724365234 0.362060546875 -0.015960693359375
-0.0269126892089844 -0.0158901214599609 0.229827880859375 0.34942626953125
0.0102691650390625 -0.0391311645507812 -0.129302978515625 0.437255859375
0.0393562316894531 -0.00800704956054688 -0.243057250976563 0.191360473632812
0.0587196350097656 0.00441360473632813 0.0605888366699219 -0.00893783569335938
0.0409126281738281 -0.0151176452636719 0.22125244140625 -0.32696533203125
0.0126934051513672 -0.0242633819580078 -0.092559814453125 -0.47332763671875
-0.0165395736694336 -0.00490188598632813 -0.3756103515625 -0.126312255859375
-0.0153942108154297 0.0121078491210937 -0.231414794921875 0.197952270507813
-0.000318408012390137 0.00211226940155029 -0.01129150390625 0.23492431640625
0.00416946411132813 0.00214004516601563 0.124069213867187 0.123283386230469
0.00802516937255859 0.0107965469360352 0.1654052734375 -0.02239990234375
0.0176563262939453 0.0127391815185547 -0.165252685546875 -0.028533935546875
0.00883674621582031 0.0140800476074219 -0.0735015869140625 -0.141998291015625
8.39233398437498E-05 0.0105981826782227 0.156723022460937 -0.1910400390625
-0.0176067352294922 0.00222206115722656 0.358245849609375 -0.02667236328125
-0.0301132202148438 -0.0298728942871094 0.240081787109375 0.3385009765625
0.0183372497558594 -0.0625762939453125 -0.1165771484375 0.439056396484375
0.065185546875 -0.0283699035644531 -0.247268676757812 0.200302124023438
0.0915069580078125 -0.00870513916015625 0.0467185974121094 -0.00471115112304688
0.0615348815917969 -0.0390167236328125 0.21746826171875 -0.3179931640625
0.0141754150390625 -0.0471343994140625 -0.085418701171875 -0.475067138671875
-0.0246944427490234 -0.0152912139892578 -0.3746337890625 -0.137451171875
-0.0193614959716797 0.0143833160400391 -0.23651123046875 0.1929931640625
-0.00323581695556641 0.0118799209594727 -0.0149993896484375 0.235885620117188
0.00232982635498047 0.0123300552368164 0.12359619140625 0.126296997070313
0.0102348327636719 0.0177764892578125 0.166061401367188 -0.0209197998046875
0.0184783935546875 0.0175399780273437 -0.164016723632813 -0.0220794677734375
0.0069580078125 0.0220279693603516 -0.0810470581054687 -0.13671875
-0.00102615356445313 0.0190620422363281 0.137939453125 -0.1966552734375
-0.0217761993408203 0.00250053405761718 0.34698486328125 -0.053131103515625
-0.0360832214355469 -0.0397109985351563 0.2640380859375 0.309326171875
0.0185165405273437 -0.08563232421875 -0.079681396484375 0.44427490234375
0.08544921875 -0.0518569946289063 -0.247451782226563 0.22406005859375
0.123100280761719 -0.0222015380859375 0.0196743011474609 0.00880622863769531
0.0843582153320312 -0.0610198974609375 0.220703125 -0.29400634765625
0.0190887451171875 -0.0713653564453125 -0.053253173828125 -0.477874755859375
-0.0311355590820312 -0.0290489196777344 -0.366973876953125 -0.16961669921875
-0.024169921875 0.0147686004638672 -0.256423950195313 0.174758911132812
-0.00416183471679688 0.0181102752685547 -0.0347747802734375 0.236907958984375
-8.96453857421869E-05 0.0226650238037109 0.117965698242187 0.136138916015625
0.0118293762207031 0.0233898162841797 0.167266845703125 -0.0128936767578125
0.0109081268310547 -0.0166282653808594 -0.168930053710938 -0.00669860839843747
0.0100793838500977 -0.0112180709838867 -0.113365173339844 -0.140289306640625
0.0168666839599609 -0.0125970840454102 0.0605010986328125 -0.222244262695313
0.0117664337158203 0.00755500793457031 0.2933349609375 -0.1282958984375
-0.0101528167724609 0.0204238891601563 0.32135009765625 0.228912353515625
-0.0168638229370117 0.0122079849243164 0.041595458984375 0.450439453125
-0.0191707611083984 0.0317306518554688 -0.204437255859375 0.286285400390625
-0.0206317901611328 0.028533935546875 -0.00583267211914063 0.0448989868164063
-0.0161170959472656 0.0357933044433594 0.282318115234375 -0.21820068359375
0.00630569458007812 0.0275688171386719 0.091033935546875 -0.476470947265625
0.00507450103759765 0.0168838500976563 -0.320587158203125 -0.2646484375
0.00145292282104492 0.00572967529296875 -0.32135009765625 0.108001708984375
0.0120201110839844 -0.00874996185302734 -0.105133056640625 0.215789794921875
0.00716972351074219 -0.0145206451416016 0.0892333984375 0.141616821289063
0.00147247314453125 -0.0111169815063477 0.166213989257812 0.0045928955078125
0.012171745300293 -0.0142126083374023 -0.169235229492188 -0.0110321044921875
0.0132551193237305 -0.012272834777832 -0.104156494140625 -0.143875122070313
0.0153541564941406 -0.013667106628418 0.084197998046875 -0.217086791992188
0.00862884521484375 0.00870323181152344 0.31292724609375 -0.102203369140625
-0.0129032135009766 0.0218772888183594 0.30242919921875 0.260284423828125
-0.0164041519165039 0.0153751373291016 -0.000488281250000048 0.45098876953125
-0.0221443176269531 0.0351238250732422 -0.214370727539063 0.262039184570313
-0.0235099792480469 0.0312080383300781 0.0156154632568359 0.0310420989990234
-0.0147933959960938 0.0392684936523438 0.27471923828125 -0.246231079101563
0.00815200805664063 0.0297470092773437 0.0455322265625 -0.47967529296875
0.00481891632080078 0.0171651840209961 -0.339324951171875 -0.228485107421875
-0.00153827667236328 0.00573873519897461 -0.30078125 0.134765625
0.00880050659179688 -0.0114383697509766 -0.0810699462890625 0.22125244140625
0.00733375549316406 -0.0158023834228516 0.0996322631835938 0.135337829589844
0.00261783599853516 -0.00886154174804688 0.16534423828125 -0.0034027099609375
0.0133266448974609 -0.00986385345458985 -0.169662475585938 -0.018890380859375
0.0145998001098633 -0.0107898712158203 -0.0938568115234375 -0.147918701171875
0.0132360458374023 -0.012150764465332 0.110641479492187 -0.21051025390625
0.00421905517578125 0.00889015197753906 0.333160400390625 -0.073394775390625
-0.0167579650878906 0.0187358856201172 0.27996826171875 0.2943115234375
-0.0149297714233398 0.0118398666381836 -0.044952392578125 0.44989013671875
-0.0190906524658203 0.0320777893066406 -0.222427368164062 0.23553466796875
-0.0160636901855469 0.0294742584228516 0.0382041931152344 0.0155105590820313
-0.00720977783203125 0.0358428955078125 0.259414672851563 -0.278732299804688
0.0113868713378906 0.0256156921386719 -0.00592041015624997 -0.479400634765625
0.00274658203125 0.014892578125 -0.3568115234375 -0.18890380859375
-0.00487041473388672 0.00580453872680664 -0.277694702148438 0.160781860351562
0.00629806518554688 -0.0118885040283203 -0.055755615234375 0.226333618164063
0.00724124908447266 -0.0149478912353516 0.1083984375 0.129158020019531
0.00371122360229492 -0.00491237640380859 0.166152954101563 -0.009765625
0.0148143768310547 -0.00472736358642578 -0.16851806640625 -0.02398681640625
0.0148258209228516 -0.00662899017333984 -0.08282470703125 -0.1492919921875
0.010589599609375 -0.00851249694824219 0.135452270507813 -0.201263427734375
-0.00132846832275391 0.00891590118408203 0.348785400390625 -0.044158935546875
-0.0204620361328125 0.0106315612792969 0.254638671875 0.322784423828125
-0.0101327896118164 4.76837158203104E-05 -0.0882568359375 0.443572998046875
-0.0070037841796875 0.0226345062255859 -0.230300903320313 0.211502075195313
0.00144767761230469 0.0241966247558594 0.0541915893554688 0.0031585693359375
0.00641632080078125 0.0248584747314453 0.244842529296875 -0.303436279296875
0.0126981735229492 0.0135688781738281 -0.0489501953125 -0.476165771484375
-0.00191879272460937 0.00995922088623047 -0.36688232421875 -0.15728759765625
-0.00875329971313477 0.00754785537719726 -0.25439453125 0.180450439453125
0.00325965881347656 -0.00932598114013672 -0.0340576171875 0.229339599609375
0.00678825378417969 -0.0113859176635742 0.115676879882812 0.124305725097656
0.00548505783081055 -0.000142097473144531 0.165130615234375 -0.0164794921875
0.0158367156982422 0.00181388854980469 -0.16748046875 -0.02874755859375
0.013702392578125 -0.000363349914550781 -0.0750274658203125 -0.148284912109375
0.00648021697998047 -0.00296735763549805 0.15325927734375 -0.193893432617188
-0.00724029541015625 0.0062413215637207 0.358154296875 -0.023712158203125
-0.0239105224609375 -0.00170326232910156 0.237457275390625 0.341644287109375
-0.000417709350585936 -0.0170736312866211 -0.116180419921875 0.437591552734375
0.0134639739990234 0.00926971435546875 -0.236495971679687 0.19525146484375
0.027496337890625 0.0154819488525391 0.0624847412109375 -0.00582122802734375
0.0228633880615234 0.00682449340820313 0.22894287109375 -0.319122314453125
0.0129566192626953 -0.00344467163085938 -0.0812072753906251 -0.47198486328125
-0.00854301452636719 0.00318670272827149 -0.372589111328125 -0.13275146484375
-0.0123891830444336 0.00909709930419922 -0.237533569335938 0.193145751953125
0.00115728378295898 -0.00444412231445313 -0.017730712890625 0.231704711914063
0.00560903549194336 -0.00545978546142578 0.121360778808594 0.121116638183594
0.00720930099487305 0.00552606582641601 0.164718627929688 -0.021331787109375
0.0166845321655273 0.00771713256835938 -0.165664672851563 -0.0299835205078125
0.0113162994384766 0.00626373291015625 -0.071685791015625 -0.145721435546875
0.00296640396118164 0.00284790992736816 0.16033935546875 -0.189071655273438
-0.0129499435424805 0.00400733947753906 0.3602294921875 -0.016571044921875
-0.0264835357666016 -0.0160102844238281 0.228485107421875 0.346893310546875
0.0100173950195313 -0.0384140014648438 -0.129547119140625 0.43402099609375
0.0390090942382813 -0.00719451904296875 -0.2418212890625 0.189697265625
0.0583686828613281 0.00420379638671875 0.0605735778808594 -0.00809478759765625
0.0410423278808594 -0.015625 0.218841552734375 -0.32489013671875
0.0133686065673828 -0.0239467620849609 -0.09344482421875 -0.4708251953125
-0.0164461135864258 -0.00469684600830078 -0.37347412109375 -0.126068115234375
-0.0152788162231445 0.0118675231933594 -0.2298583984375 0.19610595703125
-0.000957965850830078 0.00226068496704102 -0.0110015869140625 0.232864379882813
0.00434565544128418 0.00189566612243652 0.122970581054687 0.121971130371094
0.00812339782714844 0.0111484527587891 0.164154052734375 -0.022735595703125
0.0176944732666016 0.0125160217285156 -0.164993286132813 -0.0279083251953125
0.00860500335693359 0.0137691497802734 -0.0732574462890625 -0.141708374023438
-4.95910644531244E-05 0.0102176666259766 0.155960083007812 -0.1900634765625
-0.0177345275878906 0.00180625915527344 0.3577880859375 -0.027069091796875
-0.0296897888183594 -0.02960205078125 0.2388916015625 0.336761474609375
0.0180892944335938 -0.0618515014648437 -0.117279052734375 0.43597412109375
0.0643081665039063 -0.0279426574707031 -0.246917724609375 0.198486328125
0.090789794921875 -0.00870513916015625 0.0463523864746094 -0.00378036499023438
0.0610809326171875 -0.0391120910644531 0.216339111328125 -0.315948486328125
0.0141639709472656 -0.0470809936523438 -0.084259033203125 -0.470703125
-0.0246505737304687 -0.0152645111083984 -0.372100830078125 -0.13726806640625
-0.0190658569335938 0.0140285491943359 -0.234848022460938 0.19134521484375
-0.00336170196533203 0.0114727020263672 -0.0147705078125 0.234939575195313
0.00247859954833985 0.0124702453613281 0.122940063476563 0.125869750976563
0.0105056762695312 0.0179367065429688 0.165237426757813 -0.021209716796875
0.0183506011962891 0.0179042816162109 -0.163421630859375 -0.0218963623046875
0.00658035278320313 0.0217609405517578 -0.0811920166015625 -0.135040283203125
-0.00118255615234375 0.0183849334716797 0.136627197265625 -0.196243286132813
-0.0217533111572266 0.00234794616699218 0.34490966796875 -0.053466796875
-0.0355262756347656 -0.0391349792480469 0.2630615234375 0.30670166015625
0.0187835693359375 -0.08502197265625 -0.07989501953125 0.44171142578125
0.0854721069335938 -0.0506668090820313 -0.247329711914063 0.223236083984375
0.122222900390625 -0.0220184326171875 0.0198612213134766 0.00937271118164062
0.084136962890625 -0.060943603515625 0.220184326171875 -0.292694091796875
0.0195693969726562 -0.0709915161132813 -0.052093505859375 -0.4757080078125
-0.0309181213378906 -0.029266357421875 -0.366363525390625 -0.169464111328125
-0.0236930847167969 0.0142917633056641 -0.254684448242188 0.173416137695312
-0.00448036193847656 0.0181808471679688 -0.035003662109375 0.235122680664063
0.000253677368164064 0.0231208801269531 0.117027282714844 0.135795593261719
0.0118179321289062 0.0234546661376953 0.16668701171875 -0.0133209228515625
0.0108003616333008 -0.0166406631469727 -0.16839599609375 -0.00625610351562499
0.00975227355957031 -0.0116186141967773 -0.112525939941406 -0.139076232910156
0.0167617797851563 -0.0128746032714844 0.060577392578125 -0.22125244140625
0.0117216110229492 0.00735092163085938 0.292266845703125 -0.127532958984375
-0.0102310180664062 0.0207176208496094 0.32012939453125 0.227386474609375
-0.0171957015991211 0.0124626159667969 0.040313720703125 0.44927978515625
-0.0192089080810547 0.0316448211669922 -0.205780029296875 0.285888671875
-0.0206146240234375 0.0276813507080078 -0.00630950927734375 0.0444755554199219
-0.0158462524414063 0.0355491638183594 0.28204345703125 -0.21734619140625
0.00646781921386718 0.0271568298339844 0.09130859375 -0.473876953125
0.00529098510742188 0.0165643692016602 -0.31805419921875 -0.2637939453125
0.00166988372802734 0.00602436065673828 -0.3203125 0.107086181640625
0.0113286972045898 -0.00885009765625 -0.104965209960937 0.21441650390625
0.00670242309570312 -0.0144023895263672 0.089599609375 0.140823364257813
0.00188732147216797 -0.0106735229492188 0.165740966796875 0.0040283203125
0.0121326446533203 -0.0142908096313477 -0.168975830078125 -0.0110015869140625
0.0125408172607422 -0.0124711990356445 -0.103546142578125 -0.142990112304687
0.0148515701293945 -0.013758659362793 0.0840911865234375 -0.216018676757813
0.00837326049804688 0.00865793228149414 0.3114013671875 -0.101776123046875
-0.0125446319580078 0.0219287872314453 0.300384521484375 0.259063720703125
-0.0171651840209961 0.0154752731323242 -0.00219726562500005 0.449737548828125
-0.0226631164550781 0.0352020263671875 -0.214248657226563 0.2608642578125
-0.0231800079345703 0.0304813385009766 0.0155010223388672 0.0309352874755859
-0.0146369934082031 0.0388870239257812 0.274429321289063 -0.24578857421875
0.00799751281738281 0.0296192169189453 0.04443359375 -0.477020263671875
0.00477409362792969 0.0177650451660156 -0.336639404296875 -0.227142333984375
-0.00115346908569336 0.00555276870727539 -0.29888916015625 0.134063720703125
0.00855636596679688 -0.0114450454711914 -0.0810394287109375 0.219802856445313
0.00696659088134766 -0.0160255432128906 0.0993576049804687 0.135101318359375
0.00279045104980469 -0.00849580764770508 0.165252685546875 -0.0036163330078125
0.0136127471923828 -0.00976371765136719 -0.169235229492188 -0.0175933837890625
0.0140209197998047 -0.0105733871459961 -0.09307861328125 -0.146682739257813
0.012690544128418 -0.0124578475952148 0.110382080078125 -0.21002197265625
0.00409030914306641 0.00898456573486328 0.331329345703125 -0.07275390625
-0.0168247222900391 0.0185966491699219 0.278717041015625 0.2926025390625
-0.0150976181030273 0.0114498138427734 -0.04608154296875 0.44683837890625
-0.0189304351806641 0.0318508148193359 -0.222061157226562 0.234268188476563
-0.0159282684326172 0.0293922424316406 0.0382461547851563 0.0157051086425781
-0.0064697265625 0.0352706909179688 0.2593994140625 -0.27685546875
0.0115261077880859 0.0250434875488281 -0.00619506835937503 -0.477447509765625
0.00295257568359375 0.0148382186889648 -0.35546875 -0.18853759765625
-0.00472784042358398 0.00581073760986328 -0.27642822265625 0.159942626953125
0.00619792938232422 -0.0119953155517578 -0.05548095703125 0.225143432617188
0.00715923309326172 -0.0148763656616211 0.1083984375 0.1287841796875
0.00405454635620117 -0.00458288192749023 0.165695190429688 -0.0098724365234375
0.0149145126342773 -0.00456523895263672 -0.16790771484375 -0.0240478515625
0.0146207809448242 -0.00693702697753906 -0.0825347900390625 -0.147750854492188
0.00985050201416016 -0.00892734527587891 0.134841918945313 -0.200592041015625
-0.00135612487792969 0.00829839706420899 0.347991943359375 -0.043731689453125
-0.0205497741699219 0.010528564453125 0.253509521484375 0.321685791015625
-0.00978279113769531 0.000392913818359373 -0.09002685546875 0.441619873046875
-0.00731086730957031 0.0230045318603516 -0.230133056640625 0.209976196289063
0.00155830383300781 0.0240421295166016 0.0535202026367188 0.00314712524414063
0.00674819946289062 0.0244255065917969 0.24456787109375 -0.301788330078125
0.0133876800537109 0.013422966003418 -0.048187255859375 -0.474700927734375
-0.00195121765136719 0.00951099395751953 -0.364288330078125 -0.15625
-0.00883579254150391 0.00724697113037109 -0.253372192382813 0.17919921875
0.00251102447509766 -0.00904369354248047 -0.0341796875 0.227798461914062
0.00617790222167969 -0.0110349655151367 0.115509033203125 0.123733520507813
0.00546550750732422 0.000428676605224609 0.164337158203125 -0.016357421875
0.0160074234008789 0.00172901153564453 -0.167205810546875 -0.0276031494140625
0.0132551193237305 -0.000691413879394531 -0.074798583984375 -0.147384643554688
0.00638198852539063 -0.00354719161987305 0.15252685546875 -0.193435668945313
-0.00729656219482422 0.00604009628295898 0.3563232421875 -0.02392578125
-0.0237865447998047 -0.0014801025390625 0.235870361328125 0.341064453125
-0.00122833251953125 -0.0165538787841797 -0.11767578125 0.436126708984375
0.0133028030395508 0.00932407379150391 -0.236557006835938 0.194244384765625
0.027130126953125 0.0152072906494141 0.0622787475585938 -0.00494384765625
0.0228767395019531 0.00613594055175781 0.2286376953125 -0.31671142578125
0.0135517120361328 -0.00355815887451172 -0.080474853515625 -0.470428466796875
-0.00844907760620117 0.00308561325073242 -0.369476318359375 -0.1324462890625
-0.0122766494750977 0.00889110565185547 -0.2364501953125 0.19195556640625
0.000802993774414063 -0.00444698333740234 -0.018035888671875 0.230392456054688
0.0050053596496582 -0.00478363037109375 0.120933532714844 0.120277404785156
0.00690746307373047 0.00603961944580078 0.163711547851563 -0.0214385986328125
0.0167264938354492 0.00763797760009766 -0.165313720703125 -0.029388427734375
0.0114164352416992 0.00622844696044922 -0.0713043212890625 -0.1444091796875
0.00272035598754883 0.0028226375579834 0.159744262695313 -0.18841552734375
-0.0135984420776367 0.00341987609863281 0.35888671875 -0.015472412109375
-0.0266895294189453 -0.0158576965332031 0.227325439453125 0.346771240234375
0.010223388671875 -0.0378341674804688 -0.13037109375 0.43182373046875
0.0388946533203125 -0.006927490234375 -0.24200439453125 0.188934326171875
0.0583114624023437 0.00392913818359375 0.0600776672363281 -0.00808334350585938
0.0409507751464844 -0.0157203674316406 0.218475341796875 -0.3228759765625
0.0137214660644531 -0.0244693756103516 -0.091583251953125 -0.46929931640625
-0.0163326263427734 -0.00504207611083984 -0.371368408203125 -0.124847412109375
-0.0152826309204102 0.0119791030883789 -0.229171752929688 0.19561767578125
-0.00119709968566895 0.00224828720092773 -0.01092529296875 0.23175048828125
0.0039365291595459 0.00209617614746094 0.123313903808594 0.121475219726563
0.00850105285644531 0.0111846923828125 0.1640625 -0.022918701171875
0.0177192687988281 0.0128231048583984 -0.164108276367188 -0.027008056640625
0.00866413116455078 0.013737678527832 -0.0732421875 -0.139968872070313
8.86917114257806E-05 0.00972270965576172 0.155258178710938 -0.189804077148438
-0.0177783966064453 0.00152015686035156 0.35565185546875 -0.02642822265625
-0.0299949645996094 -0.0292186737060547 0.237274169921875 0.334930419921875
0.0183486938476562 -0.061126708984375 -0.116943359375 0.4342041015625
0.0644950866699219 -0.0274238586425781 -0.246444702148438 0.197586059570312
0.090484619140625 -0.00870513916015625 0.0464439392089844 -0.0034637451171875
0.0608787536621094 -0.0392112731933594 0.21612548828125 -0.314666748046875
0.0141487121582031 -0.0471229553222656 -0.083099365234375 -0.469635009765625
-0.0245647430419922 -0.0148773193359375 -0.370086669921875 -0.136871337890625
-0.019134521484375 0.0139179229736328 -0.2342529296875 0.19049072265625
-0.00316619873046875 0.0115127563476562 -0.0144805908203125 0.233078002929688
0.00216484069824219 0.0128631591796875 0.122688293457031 0.125236511230469
0.0106487274169922 0.0176811218261719 0.1640625 -0.021270751953125
0.0181674957275391 0.0174274444580078 -0.16259765625 -0.0215606689453125
0.0063629150390625 0.0217399597167969 -0.0806427001953125 -0.133979797363281
-0.0015869140625 0.0179119110107422 0.136871337890625 -0.194992065429688
-0.0216407775878906 0.00194740295410156 0.34393310546875 -0.05401611328125
-0.0356369018554687 -0.0386161804199219 0.262481689453125 0.306427001953125
0.018646240234375 -0.0843582153320313 -0.079925537109375 0.4405517578125
0.084686279296875 -0.050384521484375 -0.245651245117188 0.222000122070312
0.121963500976562 -0.0220184326171875 0.0193557739257813 0.00961685180664062
0.0837631225585938 -0.0607528686523438 0.21954345703125 -0.290374755859375
0.0189132690429688 -0.0713653564453125 -0.05126953125 -0.47381591796875
-0.0308933258056641 -0.0289993286132813 -0.364593505859375 -0.167877197265625
-0.0235595703125 0.0142707824707031 -0.253921508789063 0.172805786132813
-0.00436019897460937 0.0179615020751953 -0.034912109375 0.233688354492188
6.29425048828124E-05 0.0229969024658203 0.117324829101563 0.134971618652344
0.0120563507080078 0.0237808227539063 0.16583251953125 -0.0134735107421875
0.0107622146606445 -0.0170106887817383 -0.1680908203125 -0.00587463378906252
0.00977516174316406 -0.0118236541748047 -0.112586975097656 -0.138717651367188
0.0166215896606445 -0.0133380889892578 0.0602874755859375 -0.220291137695313
0.0112628936767578 0.00703334808349609 0.29217529296875 -0.127593994140625
-0.0100193023681641 0.0204296112060547 0.318511962890625 0.227264404296875
-0.017669677734375 0.0129184722900391 0.03985595703125 0.44818115234375
-0.0194168090820313 0.031646728515625 -0.205718994140625 0.28460693359375
-0.0204849243164063 0.0275096893310547 -0.0067291259765625 0.0448532104492188
-0.0155963897705078 0.0350532531738281 0.280487060546875 -0.214996337890625
0.00649070739746094 0.0271549224853516 0.092315673828125 -0.4736328125
0.00494480133056641 0.0165433883666992 -0.31658935546875 -0.264007568359375
0.00193929672241211 0.00561714172363281 -0.318756103515625 0.105987548828125
0.0110034942626953 -0.00890541076660156 -0.105392456054688 0.213668823242187
0.00625228881835938 -0.0146961212158203 0.0891265869140625 0.140914916992188
0.00204658508300781 -0.010685920715332 0.16497802734375 0.0038299560546875
0.0118627548217773 -0.0143346786499023 -0.16827392578125 -0.0101470947265625
0.0121192932128906 -0.0128049850463867 -0.103424072265625 -0.14215087890625
0.0147981643676758 -0.0141534805297852 0.0838623046875 -0.215591430664062
0.00828456878662109 0.00826692581176758 0.310760498046875 -0.10125732421875
-0.0125923156738281 0.0219516754150391 0.29925537109375 0.25946044921875
-0.0169887542724609 0.0158071517944336 -0.00323486328125005 0.449310302734375
-0.0228824615478516 0.0347843170166016 -0.214797973632812 0.25994873046875
-0.0236110687255859 0.0299472808837891 0.0150184631347656 0.0313854217529297
-0.0143165588378906 0.0385017395019531 0.272293090820313 -0.244155883789062
0.00816726684570313 0.0293102264404297 0.04608154296875 -0.475341796875
0.00489997863769531 0.0174179077148438 -0.3349609375 -0.2261962890625
-0.00102758407592773 0.00558280944824219 -0.2984619140625 0.133636474609375
0.00830459594726563 -0.0114898681640625 -0.0821685791015625 0.218521118164063
0.00712203979492187 -0.0158023834228516 0.0992050170898438 0.134597778320313
0.00270509719848633 -0.00833749771118164 0.164505004882813 -0.00384521484375
0.0134477615356445 -0.00930118560791016 -0.169189453125 -0.01788330078125
0.0141916275024414 -0.0106468200683594 -0.092926025390625 -0.146240234375
0.0129547119140625 -0.0127096176147461 0.110183715820313 -0.208541870117188
0.00374794006347656 0.0086822509765625 0.330780029296875 -0.07269287109375
-0.0168209075927734 0.0185031890869141 0.277191162109375 0.293487548828125
-0.0151481628417969 0.0116844177246094 -0.04620361328125 0.445037841796875
-0.0193843841552734 0.0319557189941406 -0.222671508789063 0.233840942382812
-0.0163497924804687 0.0286083221435547 0.03753662109375 0.015716552734375
-0.00628662109375 0.0347557067871094 0.258758544921875 -0.274505615234375
0.0114479064941406 0.0247993469238281 -0.00558471679687503 -0.47607421875
0.00285816192626953 0.0145349502563477 -0.3524169921875 -0.188140869140625
-0.00475215911865234 0.00552558898925781 -0.27508544921875 0.159194946289063
0.00558662414550781 -0.0120782852172852 -0.0560302734375 0.223678588867188
0.00653266906738281 -0.0148983001708984 0.107704162597656 0.128677368164063
0.00419807434082031 -0.00444269180297852 0.165267944335938 -0.010650634765625
0.0147533416748047 -0.004730224609375 -0.167617797851562 -0.023590087890625
0.0142688751220703 -0.00692272186279297 -0.082305908203125 -0.146759033203125
0.00971317291259766 -0.00884914398193359 0.134902954101563 -0.2000732421875
-0.00175094604492188 0.00809574127197265 0.34722900390625 -0.042510986328125
-0.0208053588867188 0.0106658935546875 0.25201416015625 0.3221435546875
-0.00997829437255859 0.000549316406250001 -0.090576171875 0.44049072265625
-0.00737953186035156 0.0230293273925781 -0.230789184570313 0.209365844726563
0.00151252746582031 0.0235023498535156 0.0536346435546875 0.00389480590820313
0.00711631774902344 0.0241870880126953 0.243896484375 -0.300567626953125
0.0134773254394531 0.0132169723510742 -0.046051025390625 -0.47467041015625
-0.0014801025390625 0.00986576080322265 -0.363128662109375 -0.15545654296875
-0.00880050659179688 0.00717067718505859 -0.252471923828125 0.178329467773438
0.00264549255371094 -0.00932979583740234 -0.0343780517578125 0.226898193359375
0.00618171691894531 -0.011077880859375 0.115402221679688 0.12371826171875
0.00589084625244141 0.000476837158203125 0.164230346679688 -0.0165557861328125
0.0158424377441406 0.00182723999023437 -0.166946411132813 -0.02801513671875
0.0129127502441406 -0.000918388366699219 -0.0746917724609375 -0.146743774414062
0.00589179992675781 -0.00380468368530273 0.152801513671875 -0.192947387695313
-0.00768327713012696 0.00581216812133789 0.35516357421875 -0.02362060546875
-0.0236797332763672 -0.00140190124511719 0.23553466796875 0.3394775390625
-0.000920295715332031 -0.0163669586181641 -0.118072509765625 0.434600830078125
0.0131731033325195 0.009613037109375 -0.2366943359375 0.193771362304688
0.0273303985595703 0.0151119232177734 0.0617523193359375 -0.00503921508789062
0.0230178833007813 0.00647354125976563 0.227935791015625 -0.315155029296875
0.0139169692993164 -0.00405025482177734 -0.079254150390625 -0.4691162109375
-0.00835084915161133 0.00278949737548828 -0.368621826171875 -0.1326904296875
-0.011749267578125 0.00861454010009766 -0.236297607421875 0.190414428710938
0.000444412231445312 -0.00460910797119141 -0.0179595947265625 0.22906494140625
0.00470781326293945 -0.00484991073608398 0.120574951171875 0.12017822265625
0.00725555419921875 0.00623178482055664 0.163665771484375 -0.02166748046875
0.0167303085327148 0.007415771484375 -0.165496826171875 -0.028961181640625
0.0110464096069336 0.00600719451904297 -0.070892333984375 -0.143875122070313
0.00236654281616211 0.00276899337768555 0.159637451171875 -0.187759399414063
-0.0134391784667969 0.00306797027587891 0.3583984375 -0.016265869140625
-0.0263423919677734 -0.0155372619628906 0.226806640625 0.345458984375
0.010284423828125 -0.0374488830566406 -0.131256103515625 0.430511474609375
0.0388984680175781 -0.00696563720703125 -0.242355346679688 0.188262939453125
0.0574455261230469 0.00408172607421875 0.05987548828125 -0.00748062133789063
0.0412178039550781 -0.0162582397460938 0.218597412109375 -0.320892333984375
0.0133705139160156 -0.0243663787841797 -0.0902099609375 -0.4686279296875
-0.0165119171142578 -0.00516223907470703 -0.37042236328125 -0.1256103515625
-0.0156393051147461 0.0118131637573242 -0.228256225585937 0.19476318359375
-0.00131475925445557 0.00198030471801758 -0.011871337890625 0.231430053710937
0.00364494323730469 0.00237751007080078 0.123397827148438 0.121536254882813
0.0085296630859375 0.0112886428833008 0.163726806640625 -0.023193359375
0.0176963806152344 0.0126876831054688 -0.164627075195313 -0.026763916015625
0.00849151611328125 0.0135421752929687 -0.0730743408203125 -0.13970947265625
-0.00010204315185547 0.00959396362304688 0.155059814453125 -0.189483642578125
-0.0183868408203125 0.00124359130859375 0.355255126953125 -0.02642822265625
-0.0301647186279297 -0.0287208557128906 0.236724853515625 0.33367919921875
0.0183906555175781 -0.0607109069824219 -0.118865966796875 0.433074951171875
0.0642547607421875 -0.0266151428222656 -0.246414184570313 0.197463989257812
0.0898056030273438 -0.0084075927734375 0.0458259582519531 -0.0027923583984375
0.0612068176269531 -0.0392570495605469 0.216796875 -0.31268310546875
0.0147247314453125 -0.0471878051757813 -0.0824584960937501 -0.469696044921875
-0.0244159698486328 -0.0151767730712891 -0.36846923828125 -0.13623046875
-0.0185947418212891 0.0135993957519531 -0.233673095703125 0.189468383789063
-0.00321769714355469 0.0116987228393555 -0.01507568359375 0.2325439453125
0.00187492370605469 0.0126962661743164 0.122146606445312 0.125045776367188
0.0106658935546875 0.0182285308837891 0.163925170898438 -0.0214691162109375
0.0179729461669922 0.0175991058349609 -0.162445068359375 -0.020965576171875
0.00612258911132813 0.0212841033935547 -0.0804519653320313 -0.133575439453125
-0.00187301635742188 0.0175457000732422 0.136825561523438 -0.194717407226563
-0.0221805572509766 0.00169944763183594 0.34320068359375 -0.05377197265625
-0.0357704162597656 -0.038360595703125 0.26068115234375 0.30615234375
0.0190582275390625 -0.0837860107421875 -0.0810546875 0.439239501953125
0.0846328735351563 -0.049896240234375 -0.247161865234375 0.221237182617187
0.121238708496094 -0.0219879150390625 0.0186233520507813 0.00962638854980469
0.0837173461914063 -0.0610427856445312 0.218719482421875 -0.289215087890625
0.0194168090820312 -0.0712432861328125 -0.050445556640625 -0.472137451171875
-0.0309638977050781 -0.0289764404296875 -0.36236572265625 -0.16802978515625
-0.0237331390380859 0.0140018463134766 -0.252960205078125 0.171539306640625
-0.00473403930664062 0.017852783203125 -0.0350341796875 0.232742309570313
-0.000133514404296875 0.0232295989990234 0.116943359375 0.134880065917969
0.0123786926269531 0.0238800048828125 0.164840698242188 -0.0134429931640625
0.0106582641601563 -0.0170249938964844 -0.168487548828125 -0.0053558349609375
0.00972557067871094 -0.0118341445922852 -0.112533569335938 -0.138008117675781
0.0163049697875977 -0.0135469436645508 0.0608062744140625 -0.220306396484375
0.0110073089599609 0.00694179534912109 0.2918701171875 -0.1265869140625
-0.0103263854980469 0.0210819244384766 0.318145751953125 0.228057861328125
-0.017155647277832 0.0132236480712891 0.038970947265625 0.447357177734375
-0.0198421478271484 0.0323047637939453 -0.206573486328125 0.283843994140625
-0.0204944610595703 0.0270271301269531 -0.00701904296875 0.0446090698242188
-0.0156421661376953 0.0348682403564453 0.28045654296875 -0.21478271484375
0.00645065307617188 0.027069091796875 0.09271240234375 -0.47271728515625
0.00493144989013672 0.0164108276367187 -0.315093994140625 -0.26483154296875
0.00206518173217774 0.00562000274658203 -0.318450927734375 0.10546875
0.0109767913818359 -0.00871181488037109 -0.105743408203125 0.213180541992188
0.00618171691894531 -0.014495849609375 0.0891571044921875 0.140899658203125
0.00231647491455078 -0.0105571746826172 0.164718627929688 0.003631591796875
0.0113840103149414 -0.0141487121582031 -0.168777465820313 -0.0102386474609375
0.0120954513549805 -0.0129117965698242 -0.103408813476562 -0.141983032226563
0.0148229598999023 -0.0146522521972656 0.0843505859375 -0.215438842773438
0.00803661346435547 0.00799846649169922 0.31097412109375 -0.101226806640625
-0.0129737854003906 0.022003173828125 0.299468994140625 0.260101318359375
-0.0170459747314453 0.0160064697265625 -0.00537109375000001 0.44805908203125
-0.0230712890625 0.035552978515625 -0.21588134765625 0.258773803710938
-0.0235824584960938 0.0296497344970703 0.0149002075195313 0.0311641693115234
-0.0141105651855469 0.0383949279785156 0.2730712890625 -0.24267578125
0.00849533081054687 0.0291213989257813 0.048095703125 -0.4759521484375
0.00485801696777344 0.017974853515625 -0.3348388671875 -0.227935791015625
-0.000649452209472656 0.00528669357299805 -0.2984619140625 0.13238525390625
0.00815391540527344 -0.0113859176635742 -0.082244873046875 0.218185424804687
0.00668811798095703 -0.0155925750732422 0.09893798828125 0.13421630859375
0.00314044952392578 -0.00801467895507813 0.164108276367188 -0.0039215087890625
0.0134925842285156 -0.00997734069824219 -0.1690673828125 -0.0173492431640625
0.0138444900512695 -0.0112295150756836 -0.0928802490234375 -0.1453857421875
0.0125722885131836 -0.0133018493652344 0.110198974609375 -0.2086181640625
0.00342226028442383 0.00874662399291992 0.330108642578125 -0.07220458984375
-0.0166301727294922 0.0190486907958984 0.2772216796875 0.293243408203125
-0.0153236389160156 0.0123977661132812 -0.04815673828125 0.44476318359375
-0.0194950103759766 0.0321903228759766 -0.223922729492187 0.232666015625
-0.0162487030029297 0.0282230377197266 0.0375442504882812 0.0162582397460937
-0.00632858276367187 0.0348587036132813 0.2587890625 -0.27374267578125
0.0114307403564453 0.0244178771972656 -0.00531005859375005 -0.476470947265625
0.00278663635253906 0.0148839950561523 -0.351104736328125 -0.1881103515625
-0.00458240509033203 0.00532770156860351 -0.275482177734375 0.157806396484375
0.0052490234375 -0.0120506286621094 -0.055755615234375 0.22308349609375
0.00631809234619141 -0.0147342681884766 0.107475280761719 0.128837585449219
0.00435209274291992 -0.00464773178100586 0.164901733398438 -0.0108489990234375
0.0146865844726563 -0.00442790985107422 -0.1678466796875 -0.0228729248046875
0.0143871307373047 -0.00679206848144531 -0.0822296142578125 -0.146484375
0.009124755859375 -0.00902175903320313 0.135101318359375 -0.1995849609375
-0.00205230712890625 0.00792598724365234 0.34649658203125 -0.04376220703125
-0.0206642150878906 0.0110893249511719 0.252044677734375 0.32159423828125
-0.0100908279418945 0.00108051300048828 -0.092254638671875 0.439971923828125
-0.00737190246582031 0.0236186981201172 -0.232009887695313 0.208404541015625
0.00119209289550781 0.0231571197509766 0.05322265625 0.004119873046875
0.00698089599609375 0.0236396789550781 0.243896484375 -0.298492431640625
0.0134725570678711 0.0127058029174805 -0.045867919921875 -0.472900390625
-0.00157546997070313 0.00951576232910156 -0.361328125 -0.15576171875
-0.00869941711425781 0.00707244873046875 -0.252090454101563 0.177383422851563
0.00258541107177734 -0.00943756103515625 -0.0345458984375 0.226486206054687
0.00596904754638672 -0.0108842849731445 0.115509033203125 0.123497009277344
0.0061030387878418 0.000624656677246094 0.164260864257813 -0.0166168212890625
0.0157098770141602 0.00197601318359375 -0.166946411132813 -0.027923583984375
0.0129995346069336 -0.00107002258300781 -0.0741119384765625 -0.14642333984375
0.00596284866333008 -0.00431919097900391 0.152725219726563 -0.192626953125
-0.00808906555175781 0.00581789016723633 0.35516357421875 -0.02374267578125
-0.0239086151123047 -0.000986099243164061 0.233978271484375 0.33978271484375
-0.000829696655273438 -0.0156230926513672 -0.12054443359375 0.4332275390625
0.0128889083862305 0.00996685028076172 -0.23760986328125 0.1929931640625
0.0267181396484375 0.01483154296875 0.0616722106933594 -0.00459671020507812
0.0233917236328125 0.00601005554199219 0.22869873046875 -0.3145751953125
0.0139427185058594 -0.00438117980957031 -0.0789794921875 -0.469879150390625
-0.00819730758666992 0.00274085998535156 -0.368072509765625 -0.1324462890625
-0.0119686126708984 0.00868606567382813 -0.236679077148438 0.189666748046875
0.000614166259765625 -0.00489616394042969 -0.0189361572265625 0.228607177734375
0.00475931167602539 -0.00472497940063477 0.121047973632812 0.120468139648437
0.00760984420776367 0.00639772415161133 0.16375732421875 -0.0216217041015625
0.0168037414550781 0.00754070281982422 -0.165313720703125 -0.0287017822265625
0.0112009048461914 0.00597095489501953 -0.0708465576171875 -0.143447875976563
0.00208926200866699 0.00251293182373047 0.15985107421875 -0.188079833984375
-0.0135478973388672 0.00291061401367188 0.358184814453125 -0.015228271484375
-0.0264453887939453 -0.0149745941162109 0.225555419921875 0.344757080078125
0.0100555419921875 -0.0371818542480469 -0.13226318359375 0.43096923828125
0.0388221740722656 -0.00616836547851563 -0.242706298828125 0.18780517578125
0.0577125549316406 0.00364303588867187 0.0597991943359375 -0.00693130493164062
0.0416107177734375 -0.0163650512695313 0.219635009765625 -0.319976806640625
0.0132484436035156 -0.0244159698486328 -0.08935546875 -0.467987060546875
-0.0164318084716797 -0.00554656982421875 -0.369293212890625 -0.125640869140625
-0.0151138305664062 0.0111312866210938 -0.22869873046875 0.193389892578125
-0.00105381011962891 0.00230598449707031 -0.0118865966796875 0.230575561523438
0.00346994400024414 0.00243616104125977 0.123130798339844 0.121284484863281
0.00863838195800781 0.0113897323608398 0.163436889648438 -0.0225830078125
0.0176734924316406 0.0128612518310547 -0.164520263671875 -0.0265350341796875
0.00825023651123047 0.0136842727661133 -0.0728836059570313 -0.139083862304687
-0.000720024108886719 0.00928211212158203 0.155471801757813 -0.189056396484375
-0.0182476043701172 0.000911712646484374 0.355255126953125 -0.02679443359375
-0.0301437377929688 -0.0286178588867188 0.236480712890625 0.334808349609375
0.0185279846191406 -0.060577392578125 -0.12091064453125 0.433074951171875
0.0646247863769531 -0.0264549255371094 -0.246597290039063 0.196792602539063
0.089752197265625 -0.00861358642578125 0.0458946228027344 -0.00246810913085938
0.0610847473144531 -0.039520263671875 0.216766357421875 -0.31207275390625
0.0140724182128906 -0.0476264953613281 -0.081756591796875 -0.468841552734375
-0.0243492126464844 -0.0153160095214844 -0.368072509765625 -0.13665771484375
-0.0187969207763672 0.0134296417236328 -0.233184814453125 0.188186645507813
-0.00373744964599609 0.0114898681640625 -0.0155181884765625 0.231597900390625
0.00166225433349609 0.0132856369018555 0.122200012207031 0.124961853027344
0.0111007690429687 0.0179653167724609 0.163681030273438 -0.021514892578125
0.0187911987304688 0.0171890258789063 -0.162322998046875 -0.0208740234375
0.00582122802734375 0.0217933654785156 -0.0801162719726562 -0.133476257324219
-0.0022125244140625 0.0175895690917969 0.136764526367188 -0.194198608398438
-0.0222492218017578 0.00168228149414063 0.34332275390625 -0.05328369140625
-0.0355949401855469 -0.0382575988769531 0.26007080078125 0.305633544921875
0.0190658569335938 -0.0831832885742188 -0.0819702148437499 0.4371337890625
0.0849456787109375 -0.0492782592773438 -0.247726440429688 0.22113037109375
0.120994567871094 -0.0218124389648438 0.0189476013183594 0.0100269317626953
0.0836029052734375 -0.0609893798828125 0.219268798828125 -0.2880859375
0.0192642211914062 -0.0711669921875 -0.050445556640625 -0.47283935546875
-0.0308151245117188 -0.0291500091552734 -0.360992431640625 -0.16888427734375
-0.0236606597900391 0.0139236450195313 -0.253128051757813 0.170806884765625
-0.00470161437988281 0.0179996490478516 -0.036041259765625 0.2320556640625
-0.000268936157226563 0.0232486724853516 0.116989135742188 0.135124206542969
0.0126018524169922 0.0235366821289063 0.16497802734375 -0.0139923095703125
0.0103578567504883 -0.0169887542724609 -0.168701171875 -0.00529479980468747
0.00961208343505859 -0.0121545791625977 -0.112739562988281 -0.138168334960938
0.0161333084106445 -0.0141010284423828 0.0614471435546875 -0.219970703125
0.0111484527587891 0.00698566436767578 0.29266357421875 -0.12664794921875
-0.0108165740966797 0.0213356018066406 0.3177490234375 0.22894287109375
-0.0176506042480469 0.0137042999267578 0.036651611328125 0.448333740234375
-0.0202236175537109 0.0325660705566406 -0.208221435546875 0.282867431640625
-0.0210952758789063 0.0269660949707031 -0.00762176513671875 0.044830322265625
-0.015289306640625 0.0344009399414063 0.282257080078125 -0.213409423828125
0.0065460205078125 0.0265941619873047 0.09515380859375 -0.473236083984375
0.00477790832519531 0.0164451599121094 -0.31439208984375 -0.265472412109375
0.00189828872680664 0.00577068328857422 -0.3187255859375 0.105682373046875
0.0108318328857422 -0.00915241241455078 -0.106414794921875 0.21221923828125
0.00614452362060547 -0.0145673751831055 0.0890655517578125 0.140884399414063
0.00209999084472656 -0.0108623504638672 0.16522216796875 0.003814697265625
0.0117692947387695 -0.0148763656616211 -0.169113159179688 -0.010345458984375
0.0122079849243164 -0.0125484466552734 -0.10333251953125 -0.141830444335938
0.0143899917602539 -0.0153007507324219 0.0850982666015625 -0.215179443359375
0.00742721557617188 0.00805568695068359 0.31182861328125 -0.10137939453125
-0.0132980346679687 0.0223979949951172 0.30010986328125 0.261322021484375
-0.017277717590332 0.016545295715332 -0.00665283203125001 0.448516845703125
-0.0233154296875 0.0355339050292969 -0.217117309570313 0.259078979492188
-0.023345947265625 0.0294418334960937 0.0147228240966797 0.0314292907714844
-0.0142745971679688 0.0379791259765625 0.275009155273438 -0.242294311523437
0.00833892822265625 0.0289192199707031 0.04766845703125 -0.476226806640625
0.00470829010009766 0.0175695419311523 -0.332916259765625 -0.228240966796875
-0.00075387954711914 0.00532627105712891 -0.29913330078125 0.13165283203125
0.00780677795410156 -0.0114383697509766 -0.0825958251953125 0.2176513671875
0.00665283203125 -0.0159311294555664 0.0988235473632813 0.134727478027344
0.00298404693603516 -0.00807523727416992 0.165054321289063 -0.0038909912109375
0.0131549835205078 -0.00993061065673828 -0.169235229492188 -0.017364501953125
0.0138835906982422 -0.0114002227783203 -0.092987060546875 -0.1455078125
0.0125131607055664 -0.0135250091552734 0.111251831054688 -0.2088623046875
0.00311613082885742 0.0083308219909668 0.331390380859375 -0.071685791015625
-0.0164909362792969 0.0192508697509766 0.277587890625 0.2945556640625
-0.0153818130493164 0.0125112533569336 -0.050201416015625 0.44525146484375
-0.0197792053222656 0.032379150390625 -0.2249755859375 0.2327880859375
-0.0163497924804687 0.0282535552978516 0.0372695922851563 0.0163345336914062
-0.0061187744140625 0.0340328216552734 0.259963989257813 -0.273834228515625
0.011474609375 0.0245628356933594 -0.00338745117187495 -0.477294921875
0.00282764434814453 0.0148868560791016 -0.351409912109375 -0.1884765625
-0.00461387634277344 0.00545358657836914 -0.275466918945313 0.157791137695312
0.00517940521240234 -0.0121746063232422 -0.0566253662109375 0.223587036132812
0.00627899169921875 -0.0144138336181641 0.107894897460938 0.129440307617188
0.00447511672973633 -0.0041041374206543 0.165740966796875 -0.0106201171875
0.0147542953491211 -0.00465583801269531 -0.16802978515625 -0.0233612060546875
0.0139484405517578 -0.00763320922851562 -0.081756591796875 -0.146713256835938
0.00904560089111328 -0.00967693328857422 0.136016845703125 -0.199951171875
-0.00197315216064453 0.0078577995300293 0.347686767578125 -0.042572021484375
-0.0212326049804687 0.0108623504638672 0.251678466796875 0.323089599609375
-0.00986099243164063 0.00149917602539063 -0.0933837890625 0.44024658203125
-0.00782203674316406 0.0234165191650391 -0.233642578125 0.208358764648438
0.00123405456542969 0.0229682922363281 0.0536270141601563 0.00419235229492188
0.0073699951171875 0.0236320495605469 0.24609375 -0.298004150390625
0.0137901306152344 0.0128116607666016 -0.04339599609375 -0.4732666015625
-0.00216388702392578 0.00969600677490234 -0.361572265625 -0.157562255859375
-0.00850296020507813 0.0064845085144043 -0.25286865234375 0.176345825195313
0.00216102600097656 -0.00949764251708984 -0.0354461669921875 0.225631713867187
0.00532245635986328 -0.0109281539916992 0.115211486816406 0.123855590820312
0.00602531433105469 0.000472545623779297 0.16436767578125 -0.01715087890625
0.0155563354492188 0.00171852111816406 -0.167205810546875 -0.0276336669921875
0.0126180648803711 -0.000994682312011719 -0.07452392578125 -0.146484375
0.0052495002746582 -0.00441312789916992 0.15301513671875 -0.192825317382813
-0.00789117813110352 0.00544595718383789 0.356201171875 -0.02197265625
-0.0236015319824219 -0.00100898742675781 0.23431396484375 0.340362548828125
-0.000641822814941407 -0.0156221389770508 -0.122711181640625 0.43389892578125
0.0128593444824219 0.0106134414672852 -0.238616943359375 0.192459106445313
0.027008056640625 0.0145206451416016 0.0613784790039063 -0.0035858154296875
0.0236053466796875 0.00543594360351563 0.229583740234375 -0.31439208984375
0.0140924453735352 -0.00420761108398438 -0.076995849609375 -0.47027587890625
-0.00829219818115234 0.0030508041381836 -0.368072509765625 -0.13531494140625
-0.0120363235473633 0.00845813751220703 -0.236572265625 0.188705444335937
0.000260829925537109 -0.00499820709228516 -0.019439697265625 0.228591918945312
0.00464105606079102 -0.0047755241394043 0.120872497558594 0.120735168457031
0.0077667236328125 0.00620698928833008 0.163833618164063 -0.021331787109375
0.0164260864257813 0.00729751586914063 -0.166030883789063 -0.02886962890625
0.0106420516967773 0.00603866577148437 -0.071197509765625 -0.1436767578125
0.00196218490600586 0.00205862522125244 0.1611328125 -0.187286376953125
-0.0139360427856445 0.00288581848144531 0.359588623046875 -0.015472412109375
-0.0264835357666016 -0.0150051116943359 0.22589111328125 0.3455810546875
0.0104637145996094 -0.036895751953125 -0.1339111328125 0.429962158203125
0.0385856628417969 -0.00586700439453125 -0.244171142578125 0.187347412109375
0.057373046875 0.00395965576171875 0.0595245361328125 -0.00629043579101563
0.0413818359375 -0.0166587829589844 0.2203369140625 -0.319244384765625
0.0136203765869141 -0.0248355865478516 -0.088165283203125 -0.469482421875
-0.0163068771362305 -0.0049734115600586 -0.368896484375 -0.12725830078125
-0.0152158737182617 0.0113430023193359 -0.228668212890625 0.193252563476563
-0.00156724452972412 0.00198662281036377 -0.0129852294921875 0.230438232421875
0.00353479385375977 0.00261020660400391 0.123428344726562 0.122200012207031
0.00907135009765625 0.0114126205444336 0.1634521484375 -0.0231475830078125
0.0175342559814453 0.012639045715332 -0.164596557617187 -0.0265350341796875
0.00778675079345703 0.013641357421875 -0.07293701171875 -0.138938903808594
-0.000802040100097656 0.00955009460449219 0.155914306640625 -0.189285278320313
-0.0180988311767578 0.00124549865722656 0.3553466796875 -0.0252685546875
-0.0300312042236328 -0.0285568237304687 0.234832763671875 0.335662841796875
0.0184555053710937 -0.0600090026855469 -0.121368408203125 0.43206787109375
0.0643157958984375 -0.0256843566894531 -0.248687744140625 0.195831298828125
0.0899276733398437 -0.0086669921875 0.0459327697753906 -0.00201797485351563
0.0614204406738281 -0.0399932861328125 0.218414306640625 -0.31207275390625
0.0143318176269531 -0.0475540161132813 -0.08135986328125 -0.4696044921875
-0.0239601135253906 -0.0152797698974609 -0.367919921875 -0.139129638671875
-0.0188102722167969 0.0134601593017578 -0.234176635742188 0.187957763671875
-0.00424385070800781 0.0115795135498047 -0.0157623291015625 0.231704711914063
0.0018310546875 0.0131940841674805 0.122528076171875 0.125625610351563
0.0110702514648438 0.0181121826171875 0.163894653320313 -0.0216064453125
0.0183315277099609 0.0174236297607422 -0.162887573242188 -0.0208740234375
0.00555038452148438 0.021392822265625 -0.0801010131835938 -0.132987976074219
-0.00254726409912109 0.0172281265258789 0.137115478515625 -0.194686889648438
-0.022247314453125 0.00159454345703125 0.344085693359375 -0.0533447265625
-0.0359687805175781 -0.0384979248046875 0.2591552734375 0.306732177734375
0.0194168090820313 -0.083160400390625 -0.083984375 0.4381103515625
0.0851898193359375 -0.0484085083007812 -0.2491455078125 0.220321655273438
0.121269226074219 -0.0210418701171875 0.0188369750976563 0.0104484558105469
0.0840377807617188 -0.061431884765625 0.22088623046875 -0.28729248046875
0.0196533203125 -0.0718536376953125 -0.048583984375 -0.4727783203125
-0.0304965972900391 -0.0293216705322266 -0.36016845703125 -0.170074462890625
-0.0235061645507813 0.0135841369628906 -0.253860473632813 0.1700439453125
-0.00531196594238281 0.0178985595703125 -0.036285400390625 0.232315063476563
-0.000324249267578123 0.0234603881835938 0.116813659667969 0.135154724121094
0.0126667022705078 0.0241336822509766 0.165115356445312 -0.013458251953125
0.0107975006103516 -0.017298698425293 -0.16937255859375 -0.00505065917968749
0.00972175598144531 -0.0127143859863281 -0.113395690917969 -0.138160705566406
0.0159187316894531 -0.0143709182739258 0.0611572265625 -0.220779418945313
0.0109014511108398 0.00692367553710937 0.292999267578125 -0.127044677734375
-0.010528564453125 0.0212116241455078 0.31976318359375 0.229034423828125
-0.0174264907836914 0.0143184661865234 0.034637451171875 0.450927734375
-0.0206031799316406 0.0323886871337891 -0.20916748046875 0.283721923828125
-0.0213603973388672 0.0261611938476562 -0.00760269165039063 0.0448989868164062
-0.01531982421875 0.0341300964355469 0.283172607421875 -0.21331787109375
0.00635147094726563 0.0266666412353516 0.09661865234375 -0.47442626953125
0.00460720062255859 0.0167789459228516 -0.313751220703125 -0.2674560546875
0.00240278244018555 0.00544404983520508 -0.319915771484375 0.1038818359375
0.0107355117797852 -0.00942802429199219 -0.107650756835938 0.212509155273437
0.00616645812988281 -0.0144901275634766 0.0892333984375 0.141647338867188
0.00266647338867188 -0.0103731155395508 0.1658935546875 0.003692626953125
0.0116348266601563 -0.0144681930541992 -0.170150756835937 -0.0100860595703125
0.0125856399536133 -0.0129661560058594 -0.103790283203125 -0.141647338867188
0.0138511657714844 -0.0155668258666992 0.08551025390625 -0.215545654296875
0.00745344161987305 0.00837230682373047 0.312347412109375 -0.100982666015625
-0.0129680633544922 0.0227947235107422 0.30029296875 0.26141357421875
-0.017364501953125 0.0172615051269531 -0.00732421874999996 0.449920654296875
-0.0237503051757812 0.0359115600585938 -0.218719482421875 0.259445190429688
-0.0239658355712891 0.0287075042724609 0.0144920349121094 0.0314750671386719
-0.0138587951660156 0.0376358032226563 0.27545166015625 -0.241683959960938
0.00812721252441406 0.0285415649414063 0.04925537109375 -0.478302001953125
0.00452709197998047 0.0173702239990234 -0.33306884765625 -0.229522705078125
-0.000730514526367188 0.00560522079467773 -0.29974365234375 0.131134033203125
0.00750255584716797 -0.0117111206054688 -0.0836029052734375 0.217910766601563
0.00654792785644531 -0.0157012939453125 0.099761962890625 0.135612487792969
0.0036168098449707 -0.00836801528930664 0.16552734375 -0.0042266845703125
0.0132198333740234 -0.0104703903198242 -0.170089721679688 -0.01715087890625
0.0132894515991211 -0.0113430023193359 -0.0931243896484375 -0.145889282226562
0.012049674987793 -0.0138673782348633 0.111419677734375 -0.2091064453125
0.00303363800048828 0.0085606575012207 0.332366943359375 -0.072418212890625
-0.0163650512695313 0.0194835662841797 0.27752685546875 0.29443359375
-0.0156173706054688 0.0127458572387695 -0.0517272949218749 0.4473876953125
-0.0203151702880859 0.0324554443359375 -0.226760864257812 0.233001708984375
-0.0169544219970703 0.0283069610595703 0.0374526977539063 0.0170059204101563
-0.00573921203613281 0.0342216491699219 0.261734008789063 -0.272750854492188
0.0112113952636719 0.0247306823730469 -0.0028076171875 -0.478363037109375
0.00284004211425781 0.0147533416748047 -0.35174560546875 -0.19061279296875
-0.00435972213745117 0.00514554977416992 -0.276535034179687 0.156723022460938
0.00526046752929687 -0.0118417739868164 -0.0581207275390625 0.2232666015625
0.00599956512451172 -0.0141658782958984 0.108154296875 0.129981994628906
0.00504875183105469 -0.00444412231445313 0.166061401367188 -0.010528564453125
0.0145015716552734 -0.004791259765625 -0.16912841796875 -0.02294921875
0.0140047073364258 -0.00736522674560547 -0.0825042724609375 -0.147140502929688
0.00859546661376953 -0.0103130340576172 0.13665771484375 -0.200057983398438
-0.00250911712646484 0.00786399841308594 0.3480224609375 -0.04205322265625
-0.0210533142089844 0.0116558074951172 0.25164794921875 0.324432373046875
-0.00998687744140625 0.00165367126464844 -0.095123291015625 0.439697265625
-0.00811195373535156 0.0238819122314453 -0.234634399414063 0.208572387695313
0.000928878784179686 0.0231342315673828 0.053192138671875 0.00449371337890625
0.00753211975097656 0.0231857299804688 0.24725341796875 -0.29852294921875
0.0133695602416992 0.0128631591796875 -0.04376220703125 -0.476318359375
-0.001617431640625 0.00953769683837891 -0.3612060546875 -0.158111572265625
-0.00849342346191406 0.00646495819091797 -0.254440307617188 0.17626953125
0.00159740447998047 -0.00953769683837891 -0.03558349609375 0.226242065429688
0.00550270080566406 -0.0109138488769531 0.115951538085938 0.124397277832031
0.00618648529052734 0.000713348388671875 0.164886474609375 -0.0172882080078125
0.0158824920654297 0.00187778472900391 -0.168289184570313 -0.0275421142578125
0.0123119354248047 -0.00124168395996094 -0.074432373046875 -0.146499633789063
0.00518369674682617 -0.00451135635375977 0.154251098632812 -0.1932373046875
-0.00850391387939453 0.00548028945922852 0.3570556640625 -0.022186279296875
-0.0241737365722656 -0.000869750976562498 0.233612060546875 0.3419189453125
-0.000585556030273438 -0.0151138305664063 -0.123443603515625 0.4345703125
0.0124883651733398 0.0103111267089844 -0.239974975585938 0.192916870117187
0.0268630981445313 0.0148563385009766 0.0612907409667969 -0.00384521484375
0.0237216949462891 0.00520896911621094 0.23114013671875 -0.31390380859375
0.0138301849365234 -0.00425910949707031 -0.076446533203125 -0.471405029296875
-0.00836992263793945 0.00263404846191406 -0.368499755859375 -0.135986328125
-0.0116767883300781 0.00822353363037109 -0.237777709960937 0.189315795898438
-1.9073486328125E-05 -0.00463056564331055 -0.0202178955078125 0.228851318359375
0.00470352172851563 -0.00459575653076172 0.121253967285156 0.121681213378906
0.00757408142089844 0.00661754608154297 0.164398193359375 -0.0217437744140625
0.0168552398681641 0.00709342956542969 -0.166336059570312 -0.0286865234375
0.0100574493408203 0.00587558746337891 -0.0707550048828125 -0.14312744140625
0.00142848491668701 0.00189304351806641 0.161453247070312 -0.18817138671875
-0.014399528503418 0.00270843505859375 0.3597412109375 -0.0142822265625
-0.0269336700439453 -0.0154323577880859 0.2257080078125 0.347900390625
0.0107002258300781 -0.0363235473632813 -0.136383056640625 0.43096923828125
0.038330078125 -0.00585174560546875 -0.245864868164063 0.187408447265625
0.0579338073730469 0.00379180908203125 0.0596122741699219 -0.00550079345703125
0.0414314270019531 -0.0171279907226563 0.22235107421875 -0.31988525390625
0.013763427734375 -0.0250453948974609 -0.0880126953125 -0.470794677734375
-0.0161552429199219 -0.00512599945068359 -0.369415283203125 -0.128509521484375
-0.0151166915893555 0.0109348297119141 -0.230072021484375 0.193069458007812
-0.00158071517944336 0.00154769420623779 -0.01348876953125 0.230560302734375
0.00324583053588867 0.0027158260345459 0.123176574707031 0.122489929199219
0.00895786285400391 0.0117044448852539 0.16448974609375 -0.023193359375
0.0178775787353516 0.0128536224365234 -0.16534423828125 -0.0263214111328125
0.00782871246337891 0.0136842727661133 -0.0728836059570313 -0.139122009277344
-0.00126075744628906 0.00923919677734375 0.156723022460938 -0.18902587890625
-0.0193672180175781 0.000581741333007814 0.356231689453125 -0.02630615234375
-0.0299949645996094 -0.02886962890625 0.234893798828125 0.33599853515625
0.0189094543457031 -0.0596923828125 -0.124359130859375 0.43414306640625
0.0648345947265625 -0.0249443054199219 -0.249954223632813 0.196517944335938
0.0897369384765625 -0.008544921875 0.0456314086914063 -0.001922607421875
0.0612983703613281 -0.0402374267578125 0.220306396484375 -0.312164306640625
0.0147857666015625 -0.0482368469238281 -0.079498291015625 -0.470947265625
-0.0241336822509766 -0.0156440734863281 -0.368255615234375 -0.140350341796875
-0.0189361572265625 0.0129623413085938 -0.235260009765625 0.187759399414062
-0.00400257110595703 0.0114336013793945 -0.0170440673828125 0.23187255859375
0.00178813934326172 0.0136890411376953 0.123085021972656 0.126075744628906
0.0114154815673828 0.0183124542236328 0.164306640625 -0.02142333984375
0.0186576843261719 0.0175685882568359 -0.163101196289063 -0.0208587646484375
0.00560379028320312 0.0219364166259766 -0.0805206298828125 -0.133125305175781
-0.00330162048339844 0.0172863006591797 0.1383056640625 -0.195053100585937
-0.0225868225097656 0.00136566162109375 0.34429931640625 -0.052703857421875
-0.0356025695800781 -0.0382080078125 0.259765625 0.307769775390625
0.019866943359375 -0.082977294921875 -0.08575439453125 0.439697265625
0.0850296020507813 -0.0483245849609375 -0.250106811523437 0.221023559570313
0.121543884277344 -0.020904541015625 0.0185279846191406 0.0110435485839844
0.0844039916992187 -0.0622940063476563 0.221954345703125 -0.286865234375
0.0197525024414063 -0.0718612670898437 -0.048248291015625 -0.4752197265625
-0.0301189422607422 -0.0291385650634766 -0.36090087890625 -0.171661376953125
-0.0234184265136719 0.0133953094482422 -0.25433349609375 0.168930053710937
-0.00518703460693359 0.0175552368164063 -0.0372314453125 0.232330322265625
-0.000242233276367185 0.0234565734863281 0.117866516113281 0.136039733886719
0.0129184722900391 0.0240802764892578 0.16546630859375 -0.013824462890625
0.010406494140625 -0.0173330307006836 -0.170211791992188 -0.00488281250000004
0.00868034362792969 -0.0130491256713867 -0.113601684570313 -0.138359069824219
0.0158405303955078 -0.0149354934692383 0.06207275390625 -0.2213134765625
0.0108404159545898 0.00640392303466797 0.294189453125 -0.127288818359375
-0.0109405517578125 0.0216464996337891 0.320404052734375 0.230682373046875
-0.0176601409912109 0.0145111083984375 0.03558349609375 0.452178955078125
-0.0208587646484375 0.0327472686767578 -0.210662841796875 0.28509521484375
-0.0213088989257812 0.0260028839111328 -0.00780868530273438 0.0452880859375
-0.0152816772460937 0.0339870452880859 0.2847900390625 -0.213592529296875
0.00619888305664062 0.0267295837402344 0.097625732421875 -0.476318359375
0.00433921813964844 0.0166072845458984 -0.31396484375 -0.26812744140625
0.00235223770141602 0.00564289093017578 -0.32073974609375 0.104705810546875
0.0106430053710938 -0.00943851470947266 -0.108474731445313 0.212890625
0.00580596923828125 -0.0144882202148438 0.09033203125 0.141799926757813
0.00319957733154297 -0.0106964111328125 0.166549682617188 0.003387451171875
0.0116434097290039 -0.0148115158081055 -0.170745849609375 -0.00973510742187498
0.0116329193115234 -0.0136594772338867 -0.104965209960938 -0.141876220703125
0.0140514373779297 -0.015934944152832 0.0854949951171875 -0.216415405273437
0.00698757171630859 0.0076446533203125 0.31439208984375 -0.1009521484375
-0.0132904052734375 0.0237159729003906 0.301483154296875 0.2626953125
-0.0175800323486328 0.0170307159423828 -0.00897216796875004 0.4525146484375
-0.024078369140625 0.0362205505371094 -0.220535278320312 0.260208129882813
-0.0243682861328125 0.0286693572998047 0.0143241882324219 0.0318489074707031
-0.0143165588378906 0.0373001098632813 0.277740478515625 -0.241729736328125
0.00856781005859375 0.028656005859375 0.049713134765625 -0.479248046875
0.00483226776123047 0.0174541473388672 -0.3333740234375 -0.231719970703125
-0.00074005126953125 0.00455093383789063 -0.300567626953125 0.131378173828125
0.00766372680664062 -0.0118770599365234 -0.083831787109375 0.218505859375
0.00650405883789063 -0.0162353515625 0.0997314453125 0.136207580566406
0.00367355346679687 -0.00805139541625977 0.16619873046875 -0.0045166015625
0.0130424499511719 -0.00986099243164063 -0.171234130859375 -0.0168914794921875
0.0130519866943359 -0.0120658874511719 -0.093994140625 -0.1458740234375
0.0114650726318359 -0.014185905456543 0.112045288085937 -0.20977783203125
0.00299167633056641 0.00769948959350586 0.333465576171875 -0.072479248046875
-0.0169677734375 0.0200004577636719 0.278594970703125 0.296234130859375
-0.0156097412109375 0.0135421752929688 -0.0531005859375 0.448516845703125
-0.0199470520019531 0.0329914093017578 -0.22882080078125 0.234039306640625
-0.0171413421630859 0.0279216766357422 0.0368728637695313 0.0174179077148438
-0.00635528564453125 0.0339908599853516 0.2635498046875 -0.274383544921875
0.0116443634033203 0.0244274139404297 -0.000885009765625031 -0.4810791015625
0.00286197662353515 0.0149383544921875 -0.35186767578125 -0.19171142578125
-0.00407218933105469 0.0054621696472168 -0.277984619140625 0.157211303710937
0.00450515747070312 -0.012385368347168 -0.0580902099609375 0.223800659179688
0.00631237030029297 -0.0141963958740234 0.108833312988281 0.130325317382813
0.00530052185058594 -0.00428009033203125 0.16668701171875 -0.0113372802734375
0.0146884918212891 -0.00505352020263672 -0.169265747070313 -0.02239990234375
0.0137758255004883 -0.007659912109375 -0.0828857421875 -0.147186279296875
0.00865840911865234 -0.0103139877319336 0.137069702148438 -0.200424194335938
-0.00294065475463867 0.00791072845458984 0.34954833984375 -0.04241943359375
-0.0211582183837891 0.0119075775146484 0.252960205078125 0.325958251953125
-0.0101900100708008 0.00235271453857422 -0.0984191894531249 0.4422607421875
-0.00769615173339843 0.0242252349853516 -0.236038208007812 0.2098388671875
0.000778198242187502 0.0227165222167969 0.0527877807617187 0.004974365234375
0.0075531005859375 0.0229663848876953 0.248992919921875 -0.2984619140625
0.0140371322631836 0.0128335952758789 -0.0426025390625 -0.479095458984375
-0.00180244445800781 0.00981044769287109 -0.3623046875 -0.159759521484375
-0.00853490829467774 0.00604677200317383 -0.25482177734375 0.176681518554687
0.00158119201660156 -0.00963687896728516 -0.03631591796875 0.22686767578125
0.00523757934570313 -0.0110015869140625 0.116714477539063 0.1248779296875
0.00679206848144531 0.000556468963623047 0.16510009765625 -0.01751708984375
0.0159635543823242 0.00143337249755859 -0.168716430664062 -0.0273895263671875
0.0120477676391602 -0.00117874145507813 -0.0745086669921875 -0.146682739257813
0.00460004806518555 -0.0045781135559082 0.154739379882813 -0.19384765625
-0.00896549224853515 0.00503635406494141 0.358612060546875 -0.022613525390625
-0.0243778228759766 -0.000749588012695311 0.234619140625 0.343597412109375
-0.000397682189941405 -0.0152416229248047 -0.126220703125 0.43609619140625
0.0130958557128906 0.011138916015625 -0.242156982421875 0.193008422851563
0.0269432067871094 0.0143394470214844 0.0617866516113281 -0.0027313232421875
0.0238304138183594 0.00487327575683594 0.23248291015625 -0.3155517578125
0.0145893096923828 -0.00520896911621094 -0.07623291015625 -0.473419189453125
-0.00855064392089844 0.00290679931640625 -0.369140625 -0.13665771484375
-0.0117177963256836 0.00822162628173828 -0.238677978515625 0.1893310546875
-3.43322753906254E-05 -0.00482749938964844 -0.0206756591796875 0.229904174804688
0.00431108474731445 -0.00455713272094727 0.122146606445313 0.121856689453125
0.00805091857910156 0.00676965713500977 0.164718627929688 -0.0218658447265625
0.0173072814941406 0.00743961334228516 -0.1673583984375 -0.028228759765625
0.0104494094848633 0.00580120086669922 -0.0713653564453125 -0.144012451171875
0.00114834308624268 0.0016709566116333 0.162506103515625 -0.188674926757813
-0.0144777297973633 0.00208568572998047 0.361236572265625 -0.015838623046875
-0.0264568328857422 -0.0151138305664062 0.22662353515625 0.348388671875
0.010833740234375 -0.0364341735839844 -0.13885498046875 0.432891845703125
0.0387420654296875 -0.00517654418945313 -0.247161865234375 0.188156127929688
0.0576133728027344 0.00418853759765625 0.0596389770507813 -0.00566864013671875
0.0418434143066406 -0.0170860290527344 0.223480224609375 -0.320098876953125
0.0139980316162109 -0.0254917144775391 -0.087493896484375 -0.472320556640625
-0.0165538787841797 -0.0052633285522461 -0.370697021484375 -0.130218505859375
-0.015406608581543 0.0111675262451172 -0.230514526367188 0.193161010742188
-0.00185680389404297 0.00198471546173096 -0.01361083984375 0.23114013671875
0.00322508811950684 0.00298881530761719 0.124038696289062 0.122520446777344
0.00929164886474609 0.0115680694580078 0.1649169921875 -0.023406982421875
0.0179462432861328 0.0130558013916016 -0.165924072265625 -0.026336669921875
0.00747966766357422 0.0138998031616211 -0.0730667114257812 -0.138778686523438
-0.00203227996826172 0.00909328460693359 0.157699584960937 -0.19024658203125
-0.0192222595214844 0.000360488891601563 0.357666015625 -0.026153564453125
-0.0301666259765625 -0.0288314819335937 0.2352294921875 0.3388671875
0.0192489624023437 -0.0597953796386719 -0.126800537109375 0.435394287109375
0.0652236938476563 -0.025360107421875 -0.251129150390625 0.196502685546875
0.0904388427734375 -0.00859832763671875 0.0455856323242188 -0.000801086425781251
0.0614814758300781 -0.0408401489257813 0.2203369140625 -0.31158447265625
0.0148468017578125 -0.0486793518066406 -0.079376220703125 -0.472625732421875
-0.0245037078857422 -0.0157470703125 -0.36968994140625 -0.14117431640625
-0.0191268920898438 0.0126209259033203 -0.235504150390625 0.1881103515625
-0.00456428527832031 0.0114355087280273 -0.0174102783203125 0.232437133789062
0.00140285491943359 0.0136318206787109 0.123565673828125 0.126762390136719
0.0117568969726562 0.0185871124267578 0.164825439453125 -0.022216796875
0.0185718536376953 0.0177135467529297 -0.164794921875 -0.0201568603515625
0.00522232055664062 0.0219478607177734 -0.0804443359375 -0.1329345703125
-0.00332832336425781 0.0170745849609375 0.13916015625 -0.195465087890625
-0.0230998992919922 0.00113487243652343 0.345977783203125 -0.052734375
-0.0358390808105469 -0.0383567810058594 0.260589599609375 0.308929443359375
0.0199813842773438 -0.0830230712890625 -0.0873718261718749 0.44146728515625
0.0858306884765625 -0.0480804443359375 -0.25250244140625 0.221099853515625
0.121864318847656 -0.0208358764648438 0.0186691284179688 0.0114212036132812
0.0848312377929688 -0.0623931884765625 0.22357177734375 -0.288421630859375
0.0199203491210937 -0.0725173950195313 -0.047882080078125 -0.477020263671875
-0.0312690734863281 -0.0293140411376953 -0.3623046875 -0.173309326171875
-0.0234012603759766 0.0132484436035156 -0.255294799804687 0.16973876953125
-0.00577163696289063 0.0182113647460938 -0.03765869140625 0.233322143554688
-0.000816345214843749 0.0240573883056641 0.117759704589844 0.136260986328125
0.0131587982177734 0.0241832733154297 0.166122436523438 -0.013671875
0.0106210708618164 -0.0174427032470703 -0.171371459960938 -0.00428771972656249
0.00899887084960938 -0.0126914978027344 -0.114646911621094 -0.138511657714844
0.0152626037597656 -0.0154790878295898 0.062255859375 -0.222610473632813
0.0104694366455078 0.00627040863037109 0.295989990234375 -0.127838134765625
-0.0107860565185547 0.0221729278564453 0.32305908203125 0.23211669921875
-0.0177898406982422 0.0146846771240234 0.03472900390625 0.4544677734375
-0.0213108062744141 0.0331954956054687 -0.212310791015625 0.28741455078125
-0.0218448638916016 0.0263500213623047 -0.00817108154296875 0.0459556579589844
-0.0156383514404297 0.0337162017822266 0.28662109375 -0.21453857421875
0.00640869140625 0.0265007019042969 0.097900390625 -0.478973388671875
0.004638671875 0.0168523788452148 -0.3153076171875 -0.270111083984375
0.00235652923583984 0.00518178939819336 -0.322784423828125 0.105010986328125
0.010563850402832 -0.00918674468994141 -0.109283447265625 0.213653564453125
0.00528049468994141 -0.0152549743652344 0.090087890625 0.142868041992188
0.00318431854248047 -0.0104780197143555 0.167572021484375 0.0031890869140625
0.0111675262451172 -0.0150518417358398 -0.172042846679688 -0.00912475585937498
0.0112094879150391 -0.013850212097168 -0.105239868164062 -0.14208984375
0.0134191513061523 -0.0163507461547852 0.086090087890625 -0.21771240234375
0.00707483291625977 0.00780916213989258 0.31591796875 -0.102142333984375
-0.0132064819335938 0.0228309631347656 0.303558349609375 0.26409912109375
-0.0175666809082031 0.0173931121826172 -0.00875854492187505 0.454376220703125
-0.0241127014160156 0.0367469787597656 -0.221893310546875 0.262161254882813
-0.0247516632080078 0.0287113189697266 0.0140666961669922 0.0322418212890625
-0.0143661499023438 0.0376243591308594 0.278656005859375 -0.243194580078125
0.0084075927734375 0.0286159515380859 0.051361083984375 -0.4822998046875
0.00463008880615234 0.0175151824951172 -0.335052490234375 -0.232879638671875
-0.00067758560180664 0.00509452819824219 -0.30242919921875 0.132354736328125
0.00767230987548828 -0.0122690200805664 -0.0849151611328125 0.219223022460938
0.00626754760742188 -0.0162229537963867 0.101036071777344 0.136199951171875
0.00395774841308594 -0.00810146331787109 0.167556762695313 -0.0051727294921875
0.0131311416625977 -0.010441780090332 -0.172103881835937 -0.0166015625
0.0130910873413086 -0.0119485855102539 -0.094696044921875 -0.145965576171875
0.0111837387084961 -0.0145778656005859 0.113204956054687 -0.210983276367188
0.00221967697143555 0.00811433792114258 0.335693359375 -0.0736083984375
-0.01727294921875 0.0199623107910156 0.27984619140625 0.29791259765625
-0.0156450271606445 0.0138921737670898 -0.05340576171875 0.45172119140625
-0.0206298828125 0.0334682464599609 -0.230026245117188 0.235595703125
-0.0171833038330078 0.0275497436523438 0.0371131896972656 0.017669677734375
-0.00594139099121094 0.0338363647460938 0.264022827148438 -0.27471923828125
0.0116062164306641 0.0243415832519531 -0.000976562499999961 -0.483642578125
0.00287055969238281 0.014927864074707 -0.353179931640625 -0.192108154296875
-0.00416946411132813 0.00500297546386719 -0.279769897460938 0.158233642578125
0.00470256805419922 -0.0123863220214844 -0.059112548828125 0.224884033203125
0.00592422485351562 -0.0148687362670898 0.109703063964844 0.130271911621094
0.00565099716186523 -0.00470161437988281 0.167922973632813 -0.0117950439453125
0.0146827697753906 -0.00490760803222656 -0.171188354492188 -0.0221099853515625
0.0131111145019531 -0.00766086578369141 -0.083038330078125 -0.147689819335938
0.00785732269287109 -0.0108509063720703 0.138351440429688 -0.202590942382813
-0.00303888320922852 0.00732421875 0.352294921875 -0.042816162109375
-0.0211811065673828 0.011749267578125 0.2545166015625 0.327728271484375
-0.0104484558105469 0.00271320343017578 -0.0999755859375 0.445465087890625
-0.00852394104003906 0.0245838165283203 -0.237808227539063 0.2108154296875
-3.05175781249983E-05 0.0229034423828125 0.05303955078125 0.00608062744140625
0.00748443603515625 0.0225868225097656 0.25048828125 -0.300262451171875
0.0136499404907227 0.0121650695800781 -0.043426513671875 -0.480194091796875
-0.00143146514892578 0.00987529754638672 -0.363922119140625 -0.16094970703125
-0.0084528923034668 0.00622844696044922 -0.256317138671875 0.17730712890625
0.00142097473144531 -0.0100278854370117 -0.0369873046875 0.22760009765625
0.00484275817871094 -0.0107040405273438 0.117507934570312 0.125640869140625
0.00704145431518555 0.000425338745117188 0.16619873046875 -0.0181884765625
0.0159177780151367 0.00135707855224609 -0.170013427734375 -0.0269012451171875
0.0122098922729492 -0.00156021118164062 -0.075347900390625 -0.1474609375
0.00470542907714844 -0.0050663948059082 0.155715942382813 -0.194854736328125
-0.00880146026611328 0.00506114959716797 0.360748291015625 -0.022796630859375
-0.0244884490966797 -0.00052833557128906 0.236236572265625 0.347259521484375
-0.000433921813964845 -0.0148134231567383 -0.127716064453125 0.4390869140625
0.0127906799316406 0.0113277435302734 -0.243911743164063 0.19415283203125
0.026824951171875 0.0140705108642578 0.0614776611328125 -0.00289535522460937
0.0236186981201172 0.004791259765625 0.233917236328125 -0.317138671875
0.0144758224487305 -0.00480079650878906 -0.076812744140625 -0.476531982421875
-0.00864076614379883 0.00312662124633789 -0.371337890625 -0.137603759765625
-0.011906623840332 0.00822734832763672 -0.239852905273438 0.190185546875
-0.000254631042480468 -0.0047602653503418 -0.020751953125 0.230514526367188
0.00415754318237305 -0.00435924530029297 0.123199462890625 0.122215270996094
0.00857400894165039 0.00632810592651367 0.165679931640625 -0.0228729248046875
0.0169572830200195 0.00737285614013672 -0.167800903320313 -0.0276947021484375
0.00980186462402344 0.00623130798339844 -0.0718841552734375 -0.14447021484375
0.000381946563720703 0.00168228149414063 0.162918090820312 -0.1900634765625
-0.0143795013427734 0.00182247161865234 0.362548828125 -0.016326904296875
-0.0267658233642578 -0.0148258209228516 0.227874755859375 0.3516845703125
0.0108146667480469 -0.0359573364257813 -0.140167236328125 0.435516357421875
0.0391311645507812 -0.0049285888671875 -0.249664306640625 0.189300537109375
0.0578994750976563 0.00392532348632813 0.0603828430175781 -0.00542449951171875
0.0418510437011719 -0.0179100036621094 0.224456787109375 -0.321136474609375
0.0140628814697266 -0.0256443023681641 -0.08795166015625 -0.475372314453125
-0.0161981582641602 -0.00534152984619141 -0.37139892578125 -0.130035400390625
-0.0153408050537109 0.0106258392333984 -0.23199462890625 0.194244384765625
-0.00192034244537353 0.00203347206115723 -0.0133819580078125 0.2320556640625
0.00323700904846191 0.00310444831848145 0.124717712402344 0.123527526855469
0.0100183486938477 0.0115594863891602 0.16552734375 -0.0242919921875
0.0179443359375 0.0125102996826172 -0.16717529296875 -0.0258026123046875
0.0076141357421875 0.0141162872314453 -0.0736770629882813 -0.14019775390625
-0.00177478790283203 0.00874423980712891 0.158447265625 -0.191375732421875
-0.0194244384765625 0.000415802001953122 0.3599853515625 -0.026336669921875
-0.0300197601318359 -0.0285205841064453 0.23651123046875 0.3404541015625
0.019683837890625 -0.0599555969238281 -0.127532958984375 0.4375
0.0654296875 -0.0251007080078125 -0.252853393554688 0.198150634765625
0.0909500122070312 -0.008636474609375 0.04583740234375 -0.00096893310546875
0.0622978210449219 -0.0411758422851562 0.221954345703125 -0.31304931640625
0.0145606994628906 -0.0489768981933594 -0.079986572265625 -0.4752197265625
-0.0241069793701172 -0.01568603515625 -0.370697021484375 -0.1424560546875
-0.0187149047851563 0.0127143859863281 -0.23724365234375 0.188873291015625
-0.00442981719970703 0.011383056640625 -0.0172576904296875 0.23358154296875
0.00175666809082031 0.01385498046875 0.124748229980469 0.127479553222656
0.0124931335449219 0.0186195373535156 0.1656494140625 -0.02239990234375
0.0185794830322266 0.0179653167724609 -0.165359497070313 -0.02001953125
0.00476837158203125 0.0220565795898437 -0.08154296875 -0.133453369140625
-0.00335407257080078 0.0168895721435547 0.139556884765625 -0.197189331054688
-0.0231304168701172 0.000938415527343749 0.347900390625 -0.052978515625
-0.0360450744628906 -0.0385398864746094 0.2625732421875 0.3109130859375
0.0202255249023437 -0.0832061767578125 -0.089691162109375 0.443572998046875
0.0866012573242188 -0.0474090576171875 -0.254074096679687 0.2230224609375
0.123023986816406 -0.0212783813476563 0.018402099609375 0.01165771484375
0.0848617553710938 -0.0630569458007813 0.22412109375 -0.289031982421875
0.0195999145507813 -0.0734481811523438 -0.0469970703125 -0.47894287109375
-0.0305080413818359 -0.02947998046875 -0.364288330078125 -0.17340087890625
-0.0240688323974609 0.0130062103271484 -0.257400512695313 0.170562744140625
-0.00560951232910156 0.0177860260009766 -0.038330078125 0.234344482421875
-0.000432968139648436 0.0243015289306641 0.119308471679687 0.137161254882812
0.0138835906982422 0.0246429443359375 0.16680908203125 -0.01416015625
0.0101203918457031 -0.0173892974853516 -0.173187255859375 -0.00373840332031249
0.0088663101196289 -0.0127878189086914 -0.116142272949219 -0.138595581054688
0.0150241851806641 -0.015803337097168 0.0623931884765625 -0.224075317382813
0.0103082656860352 0.00642585754394531 0.29840087890625 -0.12933349609375
-0.0107898712158203 0.0226650238037109 0.3250732421875 0.23333740234375
-0.0183353424072266 0.0147476196289063 0.034515380859375 0.457000732421875
-0.0209674835205078 0.0336380004882813 -0.214019775390625 0.289398193359375
-0.0218219757080078 0.0256919860839844 -0.00820541381835938 0.0460128784179688
-0.0155143737792969 0.0342006683349609 0.28753662109375 -0.215728759765625
0.00648880004882812 0.0265598297119141 0.09979248046875 -0.481781005859375
0.00490188598632813 0.016942024230957 -0.316741943359375 -0.271636962890625
0.00229024887084961 0.00502777099609375 -0.32415771484375 0.105499267578125
0.0104389190673828 -0.00963592529296875 -0.109619140625 0.214981079101563
0.00536441802978516 -0.0146274566650391 0.0915679931640625 0.144058227539063
0.00371265411376953 -0.0105218887329102 0.168533325195313 0.0024261474609375
0.0115365982055664 -0.01513671875 -0.173446655273438 -0.00869750976562499
0.0109548568725586 -0.0137777328491211 -0.106338500976563 -0.142791748046875
0.0130348205566406 -0.016693115234375 0.0865936279296875 -0.219024658203125
0.00715494155883789 0.00741052627563477 0.31768798828125 -0.103240966796875
-0.0136814117431641 0.0239715576171875 0.306060791015625 0.265777587890625
-0.0180854797363281 0.0182781219482422 -0.010040283203125 0.4581298828125
-0.0244140625 0.0369377136230469 -0.223617553710938 0.264190673828125
-0.0252094268798828 0.0286083221435547 0.0135231018066406 0.0332260131835938
-0.0142097473144531 0.0371551513671875 0.280426025390625 -0.24407958984375
0.00856590270996094 0.0287437438964844 0.051116943359375 -0.486358642578125
0.00471305847167969 0.0181236267089844 -0.33660888671875 -0.2337646484375
-0.000662803649902344 0.00522851943969726 -0.30438232421875 0.133331298828125
0.00736427307128906 -0.0122261047363281 -0.085662841796875 0.220657348632813
0.00594139099121094 -0.0156278610229492 0.102119445800781 0.137527465820313
0.00393915176391602 -0.00817441940307617 0.168365478515625 -0.005615234375
0.0130453109741211 -0.0106287002563477 -0.173507690429687 -0.0162353515625
0.0127067565917969 -0.0123729705810547 -0.0954132080078125 -0.146743774414063
0.0110406875610352 -0.014735221862793 0.112869262695313 -0.212860107421875
0.00207853317260742 0.00794363021850586 0.3385009765625 -0.073486328125
-0.0171566009521484 0.0207672119140625 0.282470703125 0.299530029296875
-0.0159187316894531 0.0141935348510742 -0.055023193359375 0.454437255859375
-0.0205898284912109 0.0338039398193359 -0.23150634765625 0.2369384765625
-0.0175762176513672 0.0275497436523438 0.0370101928710938 0.0181808471679688
-0.00593757629394531 0.03387451171875 0.266616821289063 -0.276138305664063
0.0119895935058594 0.0239887237548828 -0.00119018554687504 -0.486907958984375
0.00265598297119141 0.0148248672485352 -0.355560302734375 -0.194580078125
-0.00447511672973633 0.0052952766418457 -0.28125 0.159210205078125
0.00424289703369141 -0.0127744674682617 -0.0594635009765625 0.225570678710938
0.00599098205566406 -0.0147018432617187 0.111221313476563 0.132217407226563
0.00558757781982422 -0.00445842742919922 0.16864013671875 -0.0124969482421875
0.0147342681884766 -0.00504875183105469 -0.172439575195312 -0.0218963623046875
0.0134744644165039 -0.00812053680419922 -0.0836944580078125 -0.14794921875
0.00744438171386719 -0.0107307434082031 0.139144897460938 -0.203964233398438
-0.00311183929443359 0.00745534896850586 0.352874755859375 -0.043853759765625
-0.0212688446044922 0.0123462677001953 0.25677490234375 0.328765869140625
-0.0104408264160156 0.0032806396484375 -0.099822998046875 0.448089599609375
-0.00809097290039063 0.0250053405761719 -0.240203857421875 0.211685180664062
0.000286102294921877 0.0221271514892578 0.0533790588378906 0.00632858276367188
0.00743675231933594 0.0223464965820312 0.2510986328125 -0.30157470703125
0.0143051147460938 0.0122470855712891 -0.043853759765625 -0.4835205078125
-0.0015869140625 0.00962066650390625 -0.36669921875 -0.161407470703125
-0.00853204727172852 0.00640726089477539 -0.257980346679688 0.17913818359375
0.00119209289550781 -0.0100212097167969 -0.0369873046875 0.228897094726563
0.0047454833984375 -0.0108194351196289 0.119125366210938 0.1258544921875
0.00708961486816406 0.000377655029296875 0.167587280273438 -0.0191192626953125
0.0159530639648438 0.00146198272705078 -0.171173095703125 -0.026397705078125
0.0122394561767578 -0.00133705139160156 -0.0761871337890625 -0.147262573242187
0.00402164459228516 -0.00526809692382813 0.156570434570313 -0.19647216796875
-0.00884437561035156 0.00466156005859375 0.363677978515625 -0.024627685546875
-0.0246715545654297 -0.000106811523437502 0.237884521484375 0.3480224609375
-0.000606536865234374 -0.0143222808837891 -0.128662109375 0.442352294921875
0.012908935546875 0.0121793746948242 -0.245742797851563 0.196182250976563
0.0267124176025391 0.0140018463134766 0.0621871948242188 -0.00238800048828125
0.0240726470947266 0.00467491149902344 0.235595703125 -0.31927490234375
0.0148897171020508 -0.00526332855224609 -0.076446533203125 -0.47943115234375
-0.00869560241699219 0.00283193588256836 -0.374603271484375 -0.1385498046875
-0.0119218826293945 0.00830268859863281 -0.240982055664062 0.190902709960938
-0.000482559204101563 -0.00513505935668945 -0.02008056640625 0.232177734375
0.00391578674316406 -0.00444126129150391 0.124061584472656 0.1234130859375
0.0087437629699707 0.0063018798828125 0.166717529296875 -0.0236053466796875
0.0171642303466797 0.00733661651611328 -0.169830322265625 -0.0272979736328125
0.00940608978271485 0.00628280639648438 -0.0724945068359375 -0.144561767578125
0.000133514404296875 0.00162100791931152 0.164703369140625 -0.191925048828125
-0.0153751373291016 0.00186729431152343 0.36541748046875 -0.016876220703125
-0.0272617340087891 -0.0146579742431641 0.22906494140625 0.353271484375
0.0107269287109375 -0.0362129211425781 -0.141265869140625 0.438720703125
0.03961181640625 -0.0041351318359375 -0.251663208007812 0.191329956054688
0.05816650390625 0.00345230102539063 0.0598411560058594 -0.00490570068359375
0.0420761108398438 -0.0181007385253906 0.22601318359375 -0.3233642578125
0.0139713287353516 -0.0265445709228516 -0.089447021484375 -0.4779052734375
-0.0165910720825195 -0.00560283660888672 -0.374755859375 -0.130767822265625
-0.0152616500854492 0.0107021331787109 -0.233718872070313 0.195449829101563
-0.00231051445007324 0.00198984146118164 -0.0138702392578125 0.23382568359375
0.00275993347167969 0.00327658653259277 0.12646484375 0.124130249023437
0.00997638702392578 0.0112075805664063 0.166473388671875 -0.02496337890625
0.0183067321777344 0.0129146575927734 -0.168350219726563 -0.0252838134765625
0.00710868835449219 0.0143613815307617 -0.0741195678710937 -0.140411376953125
-0.00269222259521484 0.00885105133056641 0.159469604492188 -0.192459106445313
-0.019866943359375 -0.000133514404296877 0.361572265625 -0.027587890625
-0.0304813385009766 -0.0284194946289063 0.23797607421875 0.34197998046875
0.0194206237792969 -0.0599250793457031 -0.129119873046875 0.44036865234375
0.0659599304199219 -0.0243186950683594 -0.255111694335938 0.200042724609375
0.0908584594726563 -0.008697509765625 0.0459442138671875 -0.000679016113281251
0.0622024536132812 -0.0415840148925781 0.223114013671875 -0.31524658203125
0.0146446228027344 -0.0498123168945313 -0.0814208984375 -0.478790283203125
-0.0244865417480469 -0.0159854888916016 -0.373809814453125 -0.14312744140625
-0.0191535949707031 0.0126705169677734 -0.23870849609375 0.189895629882812
-0.004852294921875 0.0118141174316406 -0.0176239013671875 0.235336303710938
0.00181865692138672 0.0140762329101563 0.126075744628906 0.127662658691406
0.0126113891601563 0.018707275390625 0.16650390625 -0.0228729248046875
0.0191822052001953 0.0179386138916016 -0.167129516601563 -0.0197296142578125
0.00438880920410156 0.0226268768310547 -0.0814666748046875 -0.133895874023438
-0.00444316864013672 0.0173473358154297 0.140792846679688 -0.199005126953125
-0.0238285064697266 0.000478744506835938 0.349700927734375 -0.0555419921875
-0.0361480712890625 -0.0382041931152344 0.264862060546875 0.3125
0.0203399658203125 -0.0833969116210938 -0.089202880859375 0.445556640625
0.0872955322265625 -0.0478286743164063 -0.255401611328125 0.2252197265625
0.123550415039063 -0.0215835571289063 0.0186405181884766 0.0121345520019531
0.0855026245117188 -0.0640792846679688 0.225616455078125 -0.290740966796875
0.0196990966796875 -0.074493408203125 -0.048553466796875 -0.482147216796875
-0.0310478210449219 -0.0294952392578125 -0.366668701171875 -0.174957275390625
-0.0240974426269531 0.0130805969238281 -0.2586669921875 0.171981811523438
-0.00613021850585938 0.0184173583984375 -0.03851318359375 0.235549926757813
-0.000226974487304686 0.0246982574462891 0.120323181152344 0.137954711914063
0.0140876770019531 0.0244388580322266 0.167984008789063 -0.01458740234375
0.0100984573364258 -0.0171260833740234 -0.174896240234375 -0.00259399414062503
0.00840091705322266 -0.0131635665893555 -0.117172241210937 -0.139091491699219
0.0147275924682617 -0.0160350799560547 0.062347412109375 -0.226425170898438
0.0103216171264648 0.00614547729492187 0.2994384765625 -0.13134765625
-0.0108661651611328 0.0231647491455078 0.3282470703125 0.233856201171875
-0.0175075531005859 0.0156373977661133 0.036376953125 0.46148681640625
-0.02069091796875 0.0346202850341797 -0.2154541015625 0.292266845703125
-0.0218849182128906 0.0263233184814453 -0.008544921875 0.0463600158691406
-0.0158576965332031 0.0338859558105469 0.289337158203125 -0.217437744140625
0.00655937194824218 0.0266952514648438 0.098358154296875 -0.48541259765625
0.0047445297241211 0.0169620513916016 -0.319671630859375 -0.2728271484375
0.00263452529907227 0.00519323348999024 -0.32672119140625 0.107452392578125
0.00979328155517578 -0.00956630706787109 -0.110183715820312 0.217269897460938
0.00551891326904297 -0.0147323608398437 0.09307861328125 0.14434814453125
0.00362110137939453 -0.0105838775634766 0.169631958007813 0.001495361328125
0.0110044479370117 -0.0154027938842773 -0.174819946289063 -0.00785827636718749
0.010676383972168 -0.0146341323852539 -0.108001708984375 -0.143112182617187
0.0126466751098633 -0.0173072814941406 0.086090087890625 -0.220733642578125
0.00692224502563477 0.00693321228027344 0.319915771484375 -0.105743408203125
-0.0135059356689453 0.0242176055908203 0.308502197265625 0.26800537109375
-0.0178108215332031 0.0192813873291016 -0.010009765625 0.462127685546875
-0.0243988037109375 0.0371856689453125 -0.224761962890625 0.266998291015625
-0.0247116088867187 0.0283985137939453 0.0137977600097656 0.0329990386962891
-0.0144767761230469 0.036956787109375 0.281585693359375 -0.24700927734375
0.00888633728027344 0.0287265777587891 0.051788330078125 -0.48858642578125
0.00476837158203125 0.0175914764404297 -0.3394775390625 -0.23553466796875
-0.000522613525390625 0.00431418418884277 -0.30633544921875 0.135040283203125
0.00654506683349609 -0.0115442276000977 -0.085723876953125 0.222808837890625
0.00552654266357422 -0.0159378051757813 0.103935241699219 0.13800048828125
0.00464677810668945 -0.00835037231445313 0.169677734375 -0.00628662109375
0.0130853652954102 -0.0104656219482422 -0.175521850585938 -0.0150604248046875
0.0120439529418945 -0.0125331878662109 -0.0973968505859375 -0.1470947265625
0.010563850402832 -0.0154323577880859 0.113739013671875 -0.214218139648438
0.00204038619995117 0.00787067413330078 0.33990478515625 -0.075714111328125
-0.0177154541015625 0.0213088989257813 0.28521728515625 0.30133056640625
-0.0159120559692383 0.0149402618408203 -0.05419921875 0.458282470703125
-0.020355224609375 0.0346126556396484 -0.232620239257813 0.239425659179688
-0.0178947448730469 0.0271968841552734 0.0374107360839844 0.0183372497558594
-0.00628280639648438 0.0335235595703125 0.267333984375 -0.2786865234375
0.0124969482421875 0.0239486694335938 -0.00283813476562504 -0.489593505859375
0.00298023223876953 0.0151729583740234 -0.35845947265625 -0.19598388671875
-0.00402164459228516 0.00483846664428711 -0.282562255859375 0.160980224609375
0.00373077392578125 -0.0120677947998047 -0.0589447021484375 0.227935791015625
0.00610256195068359 -0.0148601531982422 0.112533569335938 0.132194519042969
0.00600719451904297 -0.00456571578979492 0.169326782226563 -0.0133819580078125
0.013916015625 -0.00563812255859375 -0.173782348632812 -0.021240234375
0.012939453125 -0.00813007354736328 -0.0859527587890625 -0.148468017578125
0.00735569000244141 -0.0111923217773438 0.139617919921875 -0.206253051757813
-0.00299406051635742 0.00689220428466797 0.356719970703125 -0.045806884765625
-0.0213241577148438 0.012908935546875 0.258209228515625 0.331146240234375
-0.0106620788574219 0.00389480590820312 -0.099456787109375 0.452972412109375
-0.0081024169921875 0.0254917144775391 -0.241378784179688 0.214859008789063
0.000741958618164063 0.0224628448486328 0.0538902282714844 0.00632476806640625
0.00745391845703125 0.0226783752441406 0.25213623046875 -0.30419921875
0.0140695571899414 0.0123071670532227 -0.0447998046875 -0.4864501953125
-0.00115203857421875 0.0093545913696289 -0.368499755859375 -0.162353515625
-0.00832462310791016 0.00629425048828125 -0.259429931640625 0.180526733398438
0.000766754150390626 -0.0104293823242188 -0.03680419921875 0.230026245117188
0.00551319122314453 -0.0112743377685547 0.120849609375 0.126380920410156
0.00749683380126953 0.000436782836914063 0.168716430664062 -0.0201873779296875
0.0156974792480469 0.0016021728515625 -0.173568725585938 -0.02593994140625
0.0113525390625 -0.00122261047363281 -0.0775909423828125 -0.148040771484375
0.00380468368530273 -0.00527381896972656 0.157730102539062 -0.198928833007812
-0.00914192199707031 0.00449466705322266 0.36627197265625 -0.02581787109375
-0.0247230529785156 0.00030899047851562 0.240631103515625 0.3502197265625
-0.000981330871582031 -0.0139179229736328 -0.128936767578125 0.445556640625
0.0130977630615234 0.0125970840454102 -0.24737548828125 0.19775390625
0.0269317626953125 0.0140190124511719 0.0625991821289063 -0.00201797485351562
0.0239582061767578 0.00363349914550781 0.23638916015625 -0.32012939453125
0.0145406723022461 -0.00581741333007813 -0.07928466796875 -0.48309326171875
-0.00831460952758789 0.00299739837646484 -0.376251220703125 -0.138641357421875
-0.0121126174926758 0.00813388824462891 -0.242813110351563 0.193679809570313
-0.00162076950073242 -0.00522327423095703 -0.0203094482421875 0.233474731445313
0.00363397598266602 -0.0041203498840332 0.126228332519531 0.123313903808594
0.00962924957275391 0.00626659393310547 0.167709350585938 -0.0250701904296875
0.0173158645629883 0.00787639617919922 -0.171279907226563 -0.026702880859375
0.00927925109863281 0.00644874572753906 -0.07354736328125 -0.1451416015625
-0.000244259834289551 0.00112307071685791 0.164642333984375 -0.194000244140625
-0.0153961181640625 0.00190925598144531 0.368194580078125 -0.018402099609375
-0.0273723602294922 -0.0141716003417969 0.2318115234375 0.355377197265625
0.0107612609863281 -0.0362205505371094 -0.141265869140625 0.4422607421875
0.0397148132324219 -0.00472640991210938 -0.252777099609375 0.193099975585937
0.0582695007324219 0.0034027099609375 0.0608253479003906 -0.00455474853515625
0.0426673889160156 -0.0188179016113281 0.22711181640625 -0.326019287109375
0.0136833190917969 -0.0269660949707031 -0.09124755859375 -0.48175048828125
-0.0167627334594727 -0.00557804107666016 -0.377197265625 -0.1324462890625
-0.0155820846557617 0.0111026763916016 -0.234375 0.197769165039063
-0.00247597694396973 0.0023961067199707 -0.0130615234375 0.236007690429687
0.00301814079284668 0.00309920310974121 0.12841796875 0.123924255371094
0.0104961395263672 0.0115385055541992 0.167648315429687 -0.0259857177734375
0.0184192657470703 0.0132522583007812 -0.170166015625 -0.0245513916015625
0.00713062286376953 0.0144920349121094 -0.075775146484375 -0.140518188476563
-0.00332450866699219 0.00891780853271484 0.160110473632813 -0.195037841796875
-0.0199203491210938 0.000167846679687499 0.36517333984375 -0.029449462890625
-0.0309276580810547 -0.0281009674072266 0.242034912109375 0.343719482421875
0.0199394226074219 -0.0599555969238281 -0.129638671875 0.4443359375
0.0666999816894531 -0.0244026184082031 -0.256973266601563 0.202728271484375
0.09222412109375 -0.00891876220703125 0.0468711853027344 -0.000732421875
0.0622062683105469 -0.0423469543457031 0.223541259765625 -0.318115234375
0.0146446228027344 -0.0504913330078125 -0.084228515625 -0.482696533203125
-0.0246372222900391 -0.0160923004150391 -0.376190185546875 -0.1431884765625
-0.0191574096679688 0.0131969451904297 -0.240432739257812 0.192153930664063
-0.00457572937011719 0.0118474960327148 -0.017242431640625 0.236923217773438
0.00159263610839844 0.0141172409057617 0.127830505371094 0.128448486328125
0.0128669738769531 0.0184326171875 0.16748046875 -0.0241546630859375
0.0191135406494141 0.0186519622802734 -0.168701171875 -0.018463134765625
0.00426101684570313 0.0233573913574219 -0.083587646484375 -0.134208679199219
-0.00405979156494141 0.0165948867797852 0.140914916992188 -0.200897216796875
-0.0239009857177734 0.000131607055664068 0.352630615234375 -0.05621337890625
-0.0363655090332031 -0.0379219055175781 0.26727294921875 0.314849853515625
0.0205307006835937 -0.0844345092773438 -0.090118408203125 0.45074462890625
0.0880889892578125 -0.0481338500976563 -0.257110595703125 0.227066040039063
0.123977661132813 -0.022186279296875 0.0187091827392578 0.01251220703125
0.084991455078125 -0.0650558471679688 0.226318359375 -0.29339599609375
0.0195541381835937 -0.0753631591796875 -0.050018310546875 -0.48626708984375
-0.0313014984130859 -0.0296916961669922 -0.369537353515625 -0.175933837890625
-0.0245876312255859 0.0130729675292969 -0.2593994140625 0.17340087890625
-0.00635910034179688 0.0183124542236328 -0.038330078125 0.237548828125
-0.0009765625 0.0242671966552734 0.122291564941406 0.138633728027344
0.0143680572509766 0.0244369506835938 0.168991088867188 -0.0152587890625
0.00995063781738281 -0.018218994140625 -0.176040649414062 -0.00117492675781249
0.0076904296875 -0.0132732391357422 -0.119598388671875 -0.138847351074219
0.0142765045166016 -0.0163145065307617 0.06182861328125 -0.228317260742188
0.0103359222412109 0.00609588623046875 0.301727294921875 -0.13409423828125
-0.0108470916748047 0.0240211486816406 0.332550048828125 0.2349853515625
-0.0179843902587891 0.0169410705566406 0.037933349609375 0.4654541015625
-0.02093505859375 0.0352401733398437 -0.21600341796875 0.29656982421875
-0.0225372314453125 0.0262928009033203 -0.00859451293945313 0.0471611022949219
-0.0155277252197266 0.0339622497558594 0.290740966796875 -0.22015380859375
0.00683784484863281 0.0264377593994141 0.097747802734375 -0.489776611328125
0.00485324859619141 0.0173406600952148 -0.322418212890625 -0.2747802734375
0.00197982788085938 0.00476169586181641 -0.3284912109375 0.108734130859375
0.00952243804931641 -0.00935745239257813 -0.1107177734375 0.218994140625
0.00487613677978516 -0.0148210525512695 0.09576416015625 0.14501953125
0.00362682342529297 -0.0108938217163086 0.171157836914063 -0.000335693359375001
0.0109767913818359 -0.0157938003540039 -0.176559448242188 -0.00691223144531249
0.0103368759155273 -0.0141410827636719 -0.110305786132812 -0.142745971679687
0.0125389099121094 -0.0176677703857422 0.0858306884765625 -0.223297119140625
0.00710725784301758 0.0072331428527832 0.322021484375 -0.107940673828125
-0.0134086608886719 0.0249385833740234 0.312835693359375 0.2685546875
-0.0178718566894531 0.0196723937988281 -0.00729370117187501 0.465423583984375
-0.0246086120605469 0.0386619567871094 -0.225784301757812 0.2705078125
-0.0254249572753906 0.0286750793457031 0.0139961242675781 0.0336341857910156
-0.0144615173339844 0.0376167297363281 0.28314208984375 -0.249755859375
0.00878143310546875 0.0288677215576172 0.0497436523437499 -0.493133544921875
0.00520706176757813 0.0180130004882813 -0.342803955078125 -0.236968994140625
-0.000315666198730468 0.00474739074707031 -0.308380126953125 0.137054443359375
0.00692176818847656 -0.0120124816894531 -0.085113525390625 0.224655151367188
0.00533390045166016 -0.0167474746704102 0.105392456054688 0.138427734375
0.00414943695068359 -0.00889396667480469 0.1710205078125 -0.0079345703125
0.0129184722900391 -0.0110177993774414 -0.17706298828125 -0.0130462646484375
0.0121564865112305 -0.0125150680541992 -0.0987091064453125 -0.146865844726563
0.00999355316162109 -0.0160932540893555 0.113967895507813 -0.216812133789063
0.00203847885131836 0.0078277587890625 0.342864990234375 -0.07867431640625
-0.0172958374023437 0.0217552185058594 0.2891845703125 0.302093505859375
-0.0158824920654297 0.0158023834228516 -0.05230712890625 0.4620361328125
-0.020782470703125 0.0352439880371094 -0.234573364257812 0.242889404296875
-0.0182876586914063 0.0274085998535156 0.0369606018066406 0.0185127258300781
-0.0055694580078125 0.0339813232421875 0.268585205078125 -0.282379150390625
0.0121479034423828 0.0239849090576172 -0.00390625000000005 -0.494842529296875
0.00319576263427734 0.0149631500244141 -0.361053466796875 -0.195892333984375
-0.0046238899230957 0.00513219833374023 -0.283905029296875 0.1636962890625
0.00375556945800781 -0.0125808715820312 -0.0589599609375 0.229598999023438
0.00577163696289063 -0.0151033401489258 0.114387512207031 0.132369995117188
0.00643777847290039 -0.00486993789672852 0.171066284179688 -0.015167236328125
0.0141201019287109 -0.00555419921875 -0.175735473632812 -0.0196075439453125
0.0124893188476563 -0.00794219970703125 -0.087554931640625 -0.148361206054688
0.00691699981689453 -0.0115432739257813 0.139328002929688 -0.20843505859375
-0.0035405158996582 0.00734233856201172 0.359161376953125 -0.048583984375
-0.0215377807617188 0.0135364532470703 0.263885498046875 0.333282470703125
-0.0101814270019531 0.00393486022949219 -0.099517822265625 0.45513916015625
-0.00785064697265625 0.0262031555175781 -0.242584228515625 0.2176513671875
0.000394821166992185 0.0224742889404297 0.0542144775390625 0.00684738159179688
0.00742721557617187 0.0223350524902344 0.2535400390625 -0.30767822265625
0.0144529342651367 0.011871337890625 -0.0471496582031251 -0.4915771484375
-0.00117301940917969 0.00977897644042969 -0.371429443359375 -0.162689208984375
-0.00876379013061523 0.00617313385009766 -0.260528564453125 0.183380126953125
0.000526428222656249 -0.0102052688598633 -0.0361175537109375 0.232696533203125
0.00472927093505859 -0.0112333297729492 0.123008728027344 0.126800537109375
0.00765371322631836 0.000136852264404297 0.169662475585938 -0.0218963623046875
0.0160074234008789 0.00126266479492187 -0.174896240234375 -0.0245361328125
0.0111188888549805 -0.00155353546142578 -0.0787200927734375 -0.147933959960938
0.00342607498168945 -0.00562906265258789 0.157882690429688 -0.201263427734375
-0.00986957550048828 0.00474739074707031 0.36956787109375 -0.028289794921875
-0.0247745513916016 0.000375747680664063 0.24444580078125 0.3515625
-0.000427246093750001 -0.0137186050415039 -0.12872314453125 0.45037841796875
0.0138731002807617 0.0128507614135742 -0.248764038085938 0.200927734375
0.0269966125488281 0.0137100219726562 0.0631752014160156 -0.00178909301757812
0.0243492126464844 0.00340652465820312 0.2384033203125 -0.3240966796875
0.0145120620727539 -0.00604915618896484 -0.081817626953125 -0.48602294921875
-0.00843620300292969 0.00279808044433594 -0.38018798828125 -0.137939453125
-0.0124025344848633 0.00783920288085938 -0.243850708007813 0.196090698242187
-0.00139808654785156 -0.00496101379394531 -0.019134521484375 0.235488891601563
0.00427055358886719 -0.00458574295043945 0.128189086914063 0.123886108398438
0.00936317443847656 0.00625801086425781 0.168655395507813 -0.0261383056640625
0.0171194076538086 0.00743865966796875 -0.172714233398438 -0.02587890625
0.00955677032470703 0.00675487518310547 -0.07501220703125 -0.1451416015625
-0.000688910484313965 0.00112771987915039 0.16595458984375 -0.196731567382813
-0.0155239105224609 0.00215435028076172 0.37103271484375 -0.020233154296875
-0.0273857116699219 -0.0140609741210937 0.23504638671875 0.357452392578125
0.0112342834472656 -0.0362586975097656 -0.141326904296875 0.446685791015625
0.0401153564453125 -0.00409317016601563 -0.254318237304688 0.196365356445312
0.058746337890625 0.00297927856445313 0.0609626770019531 -0.0047760009765625
0.042755126953125 -0.0197486877441406 0.22760009765625 -0.32952880859375
0.0140209197998047 -0.0273780822753906 -0.094146728515625 -0.4857177734375
-0.0166254043579102 -0.00568580627441406 -0.3814697265625 -0.13153076171875
-0.0161037445068359 0.0107393264770508 -0.235687255859375 0.200042724609375
-0.00277996063232422 0.00221419334411621 -0.0124053955078125 0.23748779296875
0.00294661521911621 0.00335884094238281 0.130760192871094 0.124946594238281
0.0109233856201172 0.0116949081420898 0.16876220703125 -0.027618408203125
0.0183277130126953 0.0134639739990234 -0.171768188476563 -0.023101806640625
0.00699806213378906 0.014653205871582 -0.0768051147460937 -0.140487670898438
-0.00332736968994141 0.00884914398193359 0.1607666015625 -0.197784423828125
-0.0209255218505859 -0.000373840332031247 0.367767333984375 -0.03076171875
-0.0308914184570313 -0.0281867980957031 0.245513916015625 0.346466064453125
0.0197105407714844 -0.0604362487792969 -0.129058837890625 0.449554443359375
0.0676078796386719 -0.0245437622070312 -0.258560180664062 0.205169677734375
0.0924301147460938 -0.009613037109375 0.0469131469726563 -4.95910644531256E-05
0.0624275207519531 -0.0432853698730469 0.225006103515625 -0.320648193359375
0.0146598815917969 -0.0508575439453125 -0.0867919921875 -0.485382080078125
-0.0248737335205078 -0.0157337188720703 -0.379852294921875 -0.143341064453125
-0.0194892883300781 0.0129966735839844 -0.241500854492188 0.1942138671875
-0.00509452819824219 0.0118217468261719 -0.0158843994140625 0.2391357421875
0.00162982940673828 0.0148172378540039 0.130409240722656 0.128379821777344
0.0135211944580078 0.0188140869140625 0.1688232421875 -0.0253143310546875
0.0195598602294922 0.0183334350585938 -0.170318603515625 -0.0179595947265625
0.00468826293945312 0.0231742858886719 -0.0843582153320313 -0.134330749511719
-0.00468349456787109 0.0169391632080078 0.141220092773437 -0.20361328125
-0.0244007110595703 0.000589370727539059 0.355224609375 -0.059112548828125
-0.037109375 -0.0384521484375 0.270660400390625 0.31524658203125
0.0207366943359375 -0.084259033203125 -0.089141845703125 0.45440673828125
0.088623046875 -0.0486526489257812 -0.258438110351563 0.230865478515625
0.125198364257813 -0.0227737426757813 0.019012451171875 0.01287841796875
0.085540771484375 -0.0662002563476563 0.227142333984375 -0.29638671875
0.01947021484375 -0.0755386352539063 -0.0528564453125 -0.49041748046875
-0.0316238403320313 -0.0300312042236328 -0.373321533203125 -0.176239013671875
-0.0244560241699219 0.0129489898681641 -0.261459350585938 0.175750732421875
-0.0060272216796875 0.0189113616943359 -0.03729248046875 0.23895263671875
-0.000339508056640625 0.0250682830810547 0.124137878417969 0.138679504394531
0.0148963928222656 0.0244350433349609 0.169998168945313 -0.0168304443359375
0.00960922241210938 -0.0179233551025391 -0.178009033203125 0.00062561035156248
0.00739765167236328 -0.0128746032714844 -0.121612548828125 -0.138801574707031
0.0140237808227539 -0.0173025131225586 0.0607757568359375 -0.230575561523437
0.0106296539306641 0.00605106353759766 0.303924560546875 -0.13751220703125
-0.0101909637451172 0.0242195129394531 0.336578369140625 0.23480224609375
-0.0182971954345703 0.0173683166503906 0.0406494140625 0.4688720703125
-0.021148681640625 0.0353775024414062 -0.215972900390625 0.29962158203125
-0.0223350524902344 0.0259761810302734 -0.00873565673828125 0.0476646423339844
-0.0157451629638672 0.0337982177734375 0.2926025390625 -0.22314453125
0.00675773620605469 0.0267219543457031 0.09490966796875 -0.494384765625
0.00502681732177734 0.0169715881347656 -0.325347900390625 -0.2752685546875
0.00275325775146484 0.0048980712890625 -0.330322265625 0.112548828125
0.00970458984375 -0.00983524322509766 -0.1103515625 0.221572875976563
0.00476455688476563 -0.0153036117553711 0.0973052978515625 0.145477294921875
0.00349712371826172 -0.0120258331298828 0.172500610351563 -0.001495361328125
0.0108356475830078 -0.0158653259277344 -0.178482055664062 -0.00434875488281251
0.0100297927856445 -0.0144023895263672 -0.112213134765625 -0.142822265625
0.0118045806884766 -0.0179843902587891 0.0856781005859375 -0.22607421875
0.00707101821899414 0.00736188888549805 0.323699951171875 -0.11102294921875
-0.0130538940429687 0.0256824493408203 0.3173828125 0.267974853515625
-0.0176544189453125 0.0206394195556641 -0.00503540039062499 0.470062255859375
-0.0241813659667969 0.0390968322753906 -0.226104736328125 0.273757934570313
-0.0253028869628906 0.0284862518310547 0.0142669677734375 0.0337657928466797
-0.0142478942871094 0.0374908447265625 0.284423828125 -0.2530517578125
0.00911331176757813 0.0287151336669922 0.04638671875 -0.4986572265625
0.00502204895019531 0.0178298950195313 -0.346282958984375 -0.236358642578125
-0.000590324401855469 0.00480461120605469 -0.309783935546875 0.140167236328125
0.00659370422363281 -0.0123367309570313 -0.084625244140625 0.22650146484375
0.00596332550048828 -0.0166749954223633 0.107681274414063 0.138069152832031
0.00444602966308594 -0.00921916961669922 0.17205810546875 -0.0095977783203125
0.0128507614135742 -0.0110301971435547 -0.17877197265625 -0.0126495361328125
0.0120182037353516 -0.0123500823974609 -0.100723266601562 -0.146865844726563
0.00958442687988281 -0.0163516998291016 0.113327026367188 -0.219940185546875
0.00211858749389648 0.00771093368530273 0.344940185546875 -0.081634521484375
-0.0172557830810547 0.0224151611328125 0.295166015625 0.303436279296875
-0.0156221389770508 0.0157470703125 -0.0513916015625 0.4669189453125
-0.0201148986816406 0.0359230041503906 -0.235748291015625 0.246673583984375
-0.0179119110107422 0.0277309417724609 0.0378913879394531 0.0188980102539062
-0.005706787109375 0.0342216491699219 0.268585205078125 -0.28656005859375
0.0127735137939453 0.0241241455078125 -0.00750732421875 -0.49859619140625
0.0032806396484375 0.0149927139282227 -0.364990234375 -0.1953125
-0.00469446182250976 0.00494003295898438 -0.285186767578125 0.166748046875
0.00340175628662109 -0.0133075714111328 -0.0577850341796875 0.232025146484375
0.00550556182861328 -0.0151138305664062 0.1171875 0.132682800292969
0.00608301162719726 -0.00505352020263672 0.172256469726563 -0.016448974609375
0.014256477355957 -0.00541210174560547 -0.177642822265625 -0.0179595947265625
0.0117769241333008 -0.00846958160400391 -0.0896453857421875 -0.148544311523438
0.00603771209716797 -0.0116062164306641 0.13897705078125 -0.211288452148438
-0.00355386734008789 0.00690031051635742 0.362396240234375 -0.050628662109375
-0.0212745666503906 0.0140228271484375 0.267608642578125 0.334503173828125
-0.0105924606323242 0.00465965270996094 -0.098114013671875 0.46063232421875
-0.00817489624023437 0.0269889831542969 -0.243820190429688 0.221450805664062
0.000291824340820314 0.022369384765625 0.0544624328613281 0.00674057006835938
0.00779151916503906 0.0222434997558594 0.253082275390625 -0.31158447265625
0.0146598815917969 0.0122079849243164 -0.051116943359375 -0.495086669921875
-0.00160026550292969 0.0101108551025391 -0.376556396484375 -0.16180419921875
-0.00859165191650391 0.00617170333862305 -0.261672973632812 0.186248779296875
0.000113487243652343 -0.0099802017211914 -0.0347900390625 0.234832763671875
0.00449371337890625 -0.0109701156616211 0.124961853027344 0.126907348632813
0.00784111022949219 -0.00011444091796875 0.170867919921875 -0.023193359375
0.0159072875976563 0.0013885498046875 -0.176483154296875 -0.02313232421875
0.0111656188964844 -0.00167083740234375 -0.0807952880859375 -0.148269653320313
0.00242280960083008 -0.00609540939331055 0.158279418945313 -0.20404052734375
-0.00980472564697266 0.00425243377685547 0.371551513671875 -0.031646728515625
-0.0248298645019531 0.00118255615234375 0.248992919921875 0.3526611328125
-0.000526428222656251 -0.0139493942260742 -0.127655029296875 0.455230712890625
0.0137424468994141 0.0128984451293945 -0.24932861328125 0.20477294921875
0.0271549224853516 0.0133380889892578 0.0637130737304688 -0.0020751953125
0.0237998962402344 0.00303077697753906 0.23724365234375 -0.3282470703125
0.0145626068115234 -0.00617599487304688 -0.086151123046875 -0.489349365234375
-0.00850391387939453 0.00287866592407227 -0.382476806640625 -0.1375732421875
-0.0125885009765625 0.00830173492431641 -0.2447509765625 0.1983642578125
-0.00177145004272461 -0.00490379333496094 -0.0183868408203125 0.237518310546875
0.00367474555969238 -0.00430536270141602 0.130569458007813 0.123977661132813
0.00982093811035156 0.00644874572753906 0.170150756835938 -0.0276336669921875
0.0174741744995117 0.00729560852050781 -0.175247192382813 -0.0244140625
0.00910758972167969 0.00652408599853516 -0.0767822265625 -0.14569091796875
-0.00111842155456543 0.00106990337371826 0.165863037109375 -0.199264526367188
-0.0158090591430664 0.0015249252319336 0.373931884765625 -0.022552490234375
-0.0276584625244141 -0.0138950347900391 0.2403564453125 0.35821533203125
0.0110931396484375 -0.0363273620605469 -0.139678955078125 0.45166015625
0.040557861328125 -0.003936767578125 -0.255859375 0.199661254882813
0.0596237182617188 0.00232696533203125 0.0616455078125 -0.00445556640625
0.0423660278320313 -0.02032470703125 0.227020263671875 -0.333404541015625
0.0138397216796875 -0.0274925231933594 -0.098297119140625 -0.4888916015625
-0.0174474716186523 -0.00542354583740234 -0.3846435546875 -0.131591796875
-0.0156536102294922 0.0106754302978516 -0.23675537109375 0.2025146484375
-0.00276517868041992 0.00203609466552734 -0.0108642578125 0.2393798828125
0.00276899337768555 0.00357675552368164 0.132820129394531 0.125106811523438
0.0113544464111328 0.0112438201904297 0.170013427734375 -0.0289459228515625
0.0187015533447266 0.0132293701171875 -0.174209594726562 -0.022003173828125
0.0069742202758789 0.0152778625488281 -0.0787353515625 -0.1409912109375
-0.00377559661865234 0.00879383087158203 0.161346435546875 -0.200912475585937
-0.0211830139160156 -0.000200271606445316 0.369873046875 -0.033935546875
-0.0315647125244141 -0.0282115936279297 0.2491455078125 0.347625732421875
0.0199546813964844 -0.06072998046875 -0.128387451171875 0.453704833984375
0.0678520202636719 -0.0252304077148438 -0.259674072265625 0.209182739257813
0.0929946899414063 -0.0101242065429688 0.0469017028808594 -0.000144958496093751
0.0625724792480469 -0.0446357727050781 0.224212646484375 -0.32513427734375
0.0140647888183594 -0.0519943237304688 -0.089630126953125 -0.489349365234375
-0.0253162384033203 -0.0160255432128906 -0.38336181640625 -0.141815185546875
-0.0194931030273438 0.0124568939208984 -0.241851806640625 0.197250366210938
-0.00545883178710938 0.0122394561767578 -0.015289306640625 0.240493774414063
0.00197505950927734 0.0147171020507812 0.132377624511719 0.128776550292969
0.0139102935791016 0.0187892913818359 0.169952392578125 -0.02691650390625
0.0201377868652344 0.0183506011962891 -0.171676635742188 -0.0161590576171875
0.00407600402832032 0.0239334106445313 -0.086212158203125 -0.134635925292969
-0.00521183013916015 0.0170726776123047 0.141448974609375 -0.206436157226562
-0.024993896484375 0.00027847290039063 0.3568115234375 -0.0614013671875
-0.0373344421386719 -0.0382881164550781 0.27386474609375 0.317169189453125
0.0206146240234375 -0.0849380493164063 -0.087005615234375 0.459503173828125
0.0891265869140625 -0.0489730834960938 -0.259765625 0.234451293945312
0.125755310058594 -0.0235137939453125 0.0189189910888672 0.0128078460693359
0.0855865478515625 -0.0670623779296875 0.22845458984375 -0.298828125
0.0189361572265625 -0.0767593383789063 -0.056121826171875 -0.493133544921875
-0.0321903228759766 -0.0303668975830078 -0.376251220703125 -0.175506591796875
-0.0248622894287109 0.0130729675292969 -0.26336669921875 0.1788330078125
-0.00631904602050782 0.0190448760986328 -0.03631591796875 0.241470336914063
-8.20159912109352E-05 0.0256309509277344 0.126884460449219 0.138946533203125
0.0157375335693359 0.0247364044189453 0.171432495117188 -0.018341064453125
0.00955390930175781 -0.0182037353515625 -0.179702758789063 0.00248718261718749
0.00677299499511719 -0.0131540298461914 -0.124092102050781 -0.137962341308594
0.0134563446044922 -0.0176963806152344 0.0591583251953125 -0.232284545898438
0.0101137161254883 0.005279541015625 0.30499267578125 -0.1416015625
-0.0102920532226563 0.0249252319335938 0.3414306640625 0.23284912109375
-0.0180149078369141 0.0185947418212891 0.044891357421875 0.471832275390625
-0.0207557678222656 0.0364532470703125 -0.214996337890625 0.30548095703125
-0.0225486755371094 0.0258731842041016 -0.008514404296875 0.0486907958984375
-0.0154304504394531 0.0342922210693359 0.2921142578125 -0.2275390625
0.00699424743652344 0.0265827178955078 0.092987060546875 -0.499755859375
0.00507259368896484 0.0170860290527344 -0.33111572265625 -0.27447509765625
0.00237417221069336 0.00467443466186523 -0.3316650390625 0.1156005859375
0.00965595245361328 -0.0100269317626953 -0.109207153320313 0.223770141601563
0.00472450256347656 -0.0151433944702148 0.099700927734375 0.14556884765625
0.00350379943847656 -0.0117683410644531 0.17401123046875 -0.00335693359375
0.0103673934936523 -0.0156774520874023 -0.17987060546875 -0.002655029296875
0.00967693328857422 -0.0143308639526367 -0.114013671875 -0.142547607421875
0.0111827850341797 -0.0183334350585938 0.0843658447265625 -0.228103637695313
0.00678110122680664 0.00696706771850586 0.32513427734375 -0.11505126953125
-0.0129203796386719 0.0260124206542969 0.322113037109375 0.267852783203125
-0.0177383422851563 0.0213947296142578 -0.000976562499999965 0.474151611328125
-0.0237007141113281 0.0402793884277344 -0.226303100585937 0.278518676757813
-0.0257472991943359 0.0288581848144531 0.0142745971679688 0.0344829559326172
-0.0141105651855469 0.0376091003417969 0.283721923828125 -0.256927490234375
0.00965118408203125 0.0287265777587891 0.0440673828125 -0.5028076171875
0.00548171997070313 0.0180721282958984 -0.35076904296875 -0.2349853515625
-0.000453472137451171 0.00463533401489258 -0.31072998046875 0.14337158203125
0.00634956359863281 -0.0123271942138672 -0.084014892578125 0.228759765625
0.00540733337402344 -0.0164031982421875 0.109970092773438 0.138420104980469
0.00468730926513672 -0.00920772552490234 0.173477172851563 -0.0115509033203125
0.0125808715820313 -0.0112495422363281 -0.180801391601563 -0.010498046875
0.01123046875 -0.0127286911010742 -0.102951049804687 -0.146865844726563
0.00894832611083985 -0.0167036056518555 0.112411499023437 -0.22235107421875
0.00193071365356445 0.00737714767456055 0.34747314453125 -0.08544921875
-0.0171394348144531 0.0228309631347656 0.29913330078125 0.303314208984375
-0.0157146453857422 0.0172662734985352 -0.048919677734375 0.47161865234375
-0.0200080871582031 0.0365371704101563 -0.235504150390625 0.25067138671875
-0.0180168151855469 0.0274257659912109 0.0380973815917969 0.0189933776855469
-0.00567817687988281 0.0338592529296875 0.269561767578125 -0.2890625
0.0125751495361328 0.0239315032958984 -0.011932373046875 -0.502410888671875
0.00321865081787109 0.0151767730712891 -0.3687744140625 -0.194610595703125
-0.00481986999511719 0.00513219833374023 -0.28582763671875 0.169891357421875
0.00312900543212891 -0.0130071640014648 -0.05633544921875 0.234176635742188
0.00565433502197266 -0.0155134201049805 0.119461059570313 0.132682800292969
0.00638198852539063 -0.00520610809326172 0.173294067382813 -0.0185089111328125
0.014582633972168 -0.00582027435302734 -0.179428100585937 -0.0160675048828125
0.0115547180175781 -0.00837230682373047 -0.0914459228515625 -0.148468017578125
0.00570392608642578 -0.0119953155517578 0.139053344726562 -0.213790893554687
-0.00405406951904297 0.00718784332275391 0.363861083984375 -0.0546875
-0.0217418670654297 0.0142955780029297 0.2730712890625 0.3343505859375
-0.0102033615112305 0.00508022308349609 -0.095245361328125 0.46588134765625
-0.00730514526367188 0.0271797180175781 -0.244308471679688 0.224990844726563
-7.24792480468755E-05 0.0222072601318359 0.0553207397460938 0.00653839111328125
0.00775527954101563 0.0220069885253906 0.252960205078125 -0.31524658203125
0.0147743225097656 0.0115938186645508 -0.055419921875 -0.49884033203125
-0.00161552429199219 0.00960159301757813 -0.380401611328125 -0.160186767578125
-0.00873994827270508 0.00628852844238281 -0.261795043945313 0.18951416015625
-0.000169754028320313 -0.0102653503417969 -0.033477783203125 0.237167358398438
0.00458145141601563 -0.0113792419433594 0.127326965332031 0.126983642578125
0.00786924362182617 -0.000143527984619141 0.172332763671875 -0.025360107421875
0.0163946151733398 0.00108909606933594 -0.178680419921875 -0.0211334228515625
0.010798454284668 -0.00156116485595703 -0.08258056640625 -0.1485595703125
0.00237798690795898 -0.00622749328613281 0.157882690429688 -0.207107543945313
-0.0104770660400391 0.00452136993408203 0.3743896484375 -0.034149169921875
-0.0246620178222656 0.00167274475097656 0.2537841796875 0.354278564453125
-0.000406265258789063 -0.0134000778198242 -0.125640869140625 0.458953857421875
0.0144338607788086 0.0133037567138672 -0.250198364257813 0.20843505859375
0.0271797180175781 0.0131797790527344 0.0642662048339844 -0.00218963623046875
0.0244541168212891 0.00237464904785156 0.2376708984375 -0.331268310546875
0.0142736434936523 -0.00662612915039062 -0.09002685546875 -0.492706298828125
-0.00829362869262695 0.00270605087280274 -0.386993408203125 -0.136627197265625
-0.0122604370117188 0.00809764862060547 -0.244827270507812 0.202651977539063
-0.00169229507446289 -0.00503444671630859 -0.0162811279296875 0.239059448242187
0.00352334976196289 -0.00449514389038086 0.133003234863281 0.123374938964844
0.0103626251220703 0.00628089904785156 0.171127319335938 -0.0295562744140625
0.0177497863769531 0.00719451904296875 -0.176742553710938 -0.022674560546875
0.00876140594482422 0.00690317153930664 -0.0785675048828125 -0.145278930664063
-0.00147950649261475 0.000905394554138184 0.165481567382812 -0.202377319335938
-0.0162429809570313 0.00179958343505859 0.378173828125 -0.02691650390625
-0.0281734466552734 -0.0136299133300781 0.244842529296875 0.3592529296875
0.0110893249511719 -0.0357856750488281 -0.1378173828125 0.45733642578125
0.0408515930175781 -0.00407028198242188 -0.256195068359375 0.203414916992187
0.0597572326660156 0.00139236450195313 0.0619277954101563 -0.0048675537109375
0.0424842834472656 -0.0207481384277344 0.226715087890625 -0.336212158203125
0.0138587951660156 -0.0283756256103516 -0.102783203125 -0.4918212890625
-0.0172786712646484 -0.00551605224609375 -0.388916015625 -0.128448486328125
-0.0159225463867188 0.0107288360595703 -0.236923217773438 0.20635986328125
-0.00312018394470215 0.00244545936584473 -0.00898742675781252 0.241073608398437
0.0031435489654541 0.00359535217285156 0.135452270507813 0.124267578125
0.01141357421875 0.0112676620483398 0.170486450195312 -0.031036376953125
0.0193367004394531 0.0133056640625 -0.175949096679687 -0.02044677734375
0.00660514831542968 0.0153284072875977 -0.0807037353515625 -0.141204833984375
-0.0041356086730957 0.00872898101806641 0.160629272460938 -0.203903198242188
-0.0214023590087891 -0.000463485717773442 0.37261962890625 -0.0374755859375
-0.03143310546875 -0.0279788970947266 0.25445556640625 0.3480224609375
0.0195236206054688 -0.0609321594238281 -0.127166748046875 0.457977294921875
0.0682487487792969 -0.0257492065429688 -0.259262084960938 0.212356567382813
0.0930023193359375 -0.01165771484375 0.0472984313964844 -1.14440917968757E-05
0.062225341796875 -0.0456314086914063 0.223388671875 -0.328887939453125
0.0135574340820313 -0.052703857421875 -0.094207763671875 -0.492767333984375
-0.0254001617431641 -0.0160579681396484 -0.38861083984375 -0.141387939453125
-0.0194053649902344 0.012908935546875 -0.242568969726563 0.200424194335938
-0.00541019439697266 0.0128555297851562 -0.0130615234375 0.242691040039063
0.00183200836181641 0.0148715972900391 0.1351318359375 0.128227233886719
0.0143585205078125 0.0178928375244141 0.170623779296875 -0.02923583984375
0.0209159851074219 0.0186729431152344 -0.17315673828125 -0.0147552490234375
0.00445365905761719 0.0245037078857422 -0.0880126953125 -0.134284973144531
-0.00532245635986328 0.0175256729125977 0.140487670898438 -0.209930419921875
-0.025360107421875 -3.43322753906209E-05 0.3597412109375 -0.06689453125
-0.0378456115722656 -0.0383377075195313 0.279327392578125 0.316375732421875
0.0201339721679688 -0.085906982421875 -0.0850830078125 0.463775634765625
0.0896377563476562 -0.0500106811523437 -0.259597778320312 0.23870849609375
0.126319885253906 -0.0248260498046875 0.0189952850341797 0.0131378173828125
0.0853042602539063 -0.0685272216796875 0.225830078125 -0.30340576171875
0.01788330078125 -0.0779953002929688 -0.0609130859375 -0.497314453125
-0.03228759765625 -0.0302181243896484 -0.38153076171875 -0.174285888671875
-0.0248489379882812 0.0135421752929688 -0.26300048828125 0.181777954101563
-0.00616645812988281 0.0190963745117187 -0.03472900390625 0.243850708007813
-9.34600830078154E-05 0.0261039733886719 0.129661560058594 0.139144897460938
0.0161285400390625 0.0241146087646484 0.172164916992188 -0.0202789306640625
0.00864982604980469 -0.0184307098388672 -0.180984497070312 0.00483703613281254
0.00592613220214844 -0.0135478973388672 -0.126365661621094 -0.136886596679687
0.0129222869873047 -0.01800537109375 0.0576629638671875 -0.23419189453125
0.00991439819335938 0.00522422790527344 0.3056640625 -0.14593505859375
-0.00983810424804687 0.0254001617431641 0.347137451171875 0.23089599609375
-0.0176868438720703 0.0192031860351563 0.049285888671875 0.476043701171875
-0.0203323364257813 0.0370407104492188 -0.213897705078125 0.30816650390625
-0.0227260589599609 0.0259838104248047 -0.00832748413085937 0.0489845275878906
-0.0154933929443359 0.0343856811523438 0.2926025390625 -0.229888916015625
0.00728607177734375 0.0268115997314453 0.088958740234375 -0.503875732421875
0.00508308410644531 0.0177116394042969 -0.334442138671875 -0.274658203125
0.00256967544555664 0.00459575653076172 -0.332794189453125 0.119384765625
0.00928688049316406 -0.0101051330566406 -0.108489990234375 0.226715087890625
0.00471210479736328 -0.0155620574951172 0.101959228515625 0.145126342773438
0.00382137298583984 -0.0117454528808594 0.17498779296875 -0.0051422119140625
0.0106782913208008 -0.0159664154052734 -0.181671142578125 -3.05175781250142E-05
0.00890159606933594 -0.0148248672485352 -0.116790771484375 -0.141708374023438
0.0107364654541016 -0.0190658569335938 0.082794189453125 -0.230133056640625
0.00671768188476563 0.00677919387817383 0.327178955078125 -0.1187744140625
-0.0122890472412109 0.0266819000244141 0.32757568359375 0.265716552734375
-0.0170860290527344 0.0220832824707031 0.00277709960937495 0.477996826171875
-0.023681640625 0.0408515930175781 -0.22528076171875 0.282470703125
-0.0252552032470703 0.029052734375 0.0147018432617187 0.0345935821533203
-0.0138359069824219 0.0378265380859375 0.2840576171875 -0.26055908203125
0.00951576232910157 0.0288658142089844 0.039520263671875 -0.506805419921875
0.00552940368652344 0.0177707672119141 -0.354705810546875 -0.23504638671875
-0.00012969970703125 0.004638671875 -0.311248779296875 0.147369384765625
0.00568962097167969 -0.0124855041503906 -0.08251953125 0.2314453125
0.00506973266601563 -0.0167865753173828 0.112228393554688 0.138557434082031
0.00452041625976563 -0.00975799560546875 0.174697875976563 -0.0139923095703125
0.0124320983886719 -0.0112800598144531 -0.1822509765625 -0.00788879394531249
0.0108089447021484 -0.0126237869262695 -0.1055908203125 -0.146041870117188
0.00846099853515625 -0.0166187286376953 0.110977172851563 -0.225082397460938
0.00190353393554687 0.00729751586914063 0.348297119140625 -0.08984375
-0.0165538787841797 0.0234279632568359 0.303741455078125 0.303009033203125
-0.0156745910644531 0.0175876617431641 -0.044769287109375 0.474700927734375
-0.0198249816894531 0.0373764038085938 -0.23486328125 0.25494384765625
-0.0181999206542969 0.0275611877441406 0.0381507873535156 0.0192146301269531
-0.00550270080566406 0.0342445373535156 0.2684326171875 -0.29388427734375
0.0129451751708984 0.0239944458007813 -0.015960693359375 -0.504669189453125
0.00364589691162109 0.0153284072875977 -0.373291015625 -0.1923828125
-0.00484895706176758 0.00504541397094727 -0.286285400390625 0.173919677734375
0.00262546539306641 -0.0129184722900391 -0.0546417236328125 0.236068725585938
0.00500202178955078 -0.0152301788330078 0.121871948242187 0.131965637207031
0.00666570663452148 -0.00556421279907227 0.174392700195313 -0.0211334228515625
0.0146121978759766 -0.00586700439453125 -0.180908203125 -0.01434326171875
0.0111703872680664 -0.00856590270996094 -0.093658447265625 -0.147918701171875
0.00501155853271484 -0.0125017166137695 0.137283325195312 -0.217391967773437
-0.00434732437133789 0.00699472427368164 0.366424560546875 -0.059661865234375
-0.0217227935791016 0.0149116516113281 0.2779541015625 0.334686279296875
-0.00994300842285156 0.00578880310058594 -0.09222412109375 0.470794677734375
-0.00688743591308594 0.0277881622314453 -0.244827270507813 0.229263305664063
0.000379562377929688 0.0221939086914063 0.0551261901855469 0.00615310668945313
0.00796127319335938 0.0219860076904297 0.25274658203125 -0.319122314453125
0.0148992538452148 0.0115680694580078 -0.0595703125 -0.501007080078125
-0.00126171112060547 0.00961112976074219 -0.384246826171875 -0.158203125
-0.00875520706176758 0.00628519058227539 -0.261734008789062 0.19354248046875
-0.000439643859863281 -0.0100994110107422 -0.0312042236328125 0.2386474609375
0.00450325012207031 -0.0118083953857422 0.129241943359375 0.12628173828125
0.00812482833862305 -0.000232219696044922 0.172836303710938 -0.0280303955078125
0.0164422988891602 0.00125026702880859 -0.180435180664063 -0.0190582275390625
0.0103378295898438 -0.00145530700683594 -0.0849761962890625 -0.148178100585938
0.00185680389404297 -0.0060887336730957 0.157012939453125 -0.210647583007813
-0.0107564926147461 0.00457763671875 0.37652587890625 -0.038604736328125
-0.0251102447509766 0.00168418884277344 0.25927734375 0.35394287109375
-0.000282287597656251 -0.0129060745239258 -0.12347412109375 0.464447021484375
0.0147695541381836 0.0135078430175781 -0.250564575195313 0.212493896484375
0.0277671813964844 0.0129661560058594 0.0640525817871094 -0.0023193359375
0.0244884490966797 0.00186538696289062 0.23577880859375 -0.33648681640625
0.0147171020507812 -0.00706005096435547 -0.0960693359375 -0.495635986328125
-0.00858831405639648 0.00280904769897461 -0.391448974609375 -0.133636474609375
-0.0125503540039063 0.00797367095947265 -0.244979858398437 0.205780029296875
-0.00215435028076172 -0.00465965270996094 -0.0139312744140625 0.24151611328125
0.00374913215637207 -0.00436544418334961 0.135154724121094 0.122947692871094
0.0102024078369141 0.00586509704589844 0.17193603515625 -0.0319976806640625
0.0177669525146484 0.00735855102539063 -0.178451538085938 -0.02081298828125
0.00869274139404297 0.00671243667602539 -0.0808563232421875 -0.145462036132813
-0.0018688440322876 0.00108695030212402 0.164718627929688 -0.20611572265625
-0.0165386199951172 0.00165939331054688 0.3792724609375 -0.03143310546875
-0.0282840728759766 -0.0130710601806641 0.25067138671875 0.35955810546875
0.0112380981445312 -0.0360031127929688 -0.136322021484375 0.460845947265625
0.0420303344726562 -0.003936767578125 -0.255691528320313 0.2073974609375
0.059661865234375 0.00100326538085938 0.0621185302734375 -0.0050506591796875
0.0426826477050781 -0.021881103515625 0.22528076171875 -0.34088134765625
0.0132827758789063 -0.0287303924560547 -0.10791015625 -0.494140625
-0.0173854827880859 -0.00555324554443359 -0.39227294921875 -0.126129150390625
-0.015899658203125 0.0109806060791016 -0.236572265625 0.20965576171875
-0.00349879264831543 0.00251293182373047 -0.00773620605468752 0.24267578125
0.00319337844848633 0.00346946716308594 0.137985229492188 0.12347412109375
0.0118818283081055 0.0114984512329102 0.171340942382812 -0.033111572265625
0.0193862915039063 0.0130863189697266 -0.1771240234375 -0.0183868408203125
0.00693035125732422 0.0162382125854492 -0.082305908203125 -0.140609741210938
-0.00433540344238281 0.00890731811523438 0.160140991210937 -0.207656860351562
-0.0220184326171875 -0.000503540039062497 0.375701904296875 -0.04205322265625
-0.0319252014160156 -0.0276966094970703 0.259185791015625 0.348602294921875
0.0195693969726563 -0.061126708984375 -0.12335205078125 0.46282958984375
0.069000244140625 -0.0259780883789063 -0.259780883789063 0.217208862304687
0.0940093994140625 -0.01220703125 0.0481605529785156 -0.000324249267578126
0.0619087219238281 -0.0465965270996094 0.2216796875 -0.331878662109375
0.0129661560058594 -0.0532073974609375 -0.099884033203125 -0.4951171875
-0.0260124206542969 -0.0161094665527344 -0.391143798828125 -0.13775634765625
-0.0196304321289063 0.0131473541259766 -0.242324829101563 0.203964233398438
-0.00532436370849609 0.0130491256713867 -0.010894775390625 0.2445068359375
0.00194931030273438 0.0151052474975586 0.137771606445313 0.127593994140625
0.0149517059326172 0.0180568695068359 0.17132568359375 -0.030914306640625
0.0210456848144531 0.0186405181884766 -0.175033569335938 -0.0124969482421875
0.00428962707519531 0.0249156951904297 -0.0896530151367188 -0.133857727050781
-0.00570487976074219 0.0179519653320313 0.139755249023437 -0.212799072265625
-0.0253829956054688 0.000791549682617188 0.361602783203125 -0.07073974609375
-0.0382461547851562 -0.0378532409667969 0.28387451171875 0.316558837890625
0.0197601318359375 -0.0861663818359375 -0.081024169921875 0.467987060546875
0.0903778076171875 -0.050872802734375 -0.259628295898438 0.24261474609375
0.126617431640625 -0.0265350341796875 0.0194873809814453 0.0137519836425781
0.0855178833007813 -0.0699310302734375 0.225341796875 -0.307891845703125
0.0174560546875 -0.0784683227539063 -0.066619873046875 -0.499420166015625
-0.0330066680908203 -0.030303955078125 -0.385650634765625 -0.171112060546875
-0.0249557495117188 0.0133037567138672 -0.263168334960938 0.185272216796875
-0.00630378723144531 0.0199012756347656 -0.0322723388671875 0.24609375
0.000173568725585935 0.0261459350585938 0.132225036621094 0.13818359375
0.0166206359863281 0.0240821838378906 0.173187255859375 -0.022186279296875
0.00815200805664063 -0.0185546875 -0.181869506835938 0.00750732421875003
0.00605297088623047 -0.0134391784667969 -0.1292724609375 -0.136322021484375
0.0123329162597656 -0.0184478759765625 0.055206298828125 -0.236740112304688
0.0102386474609375 0.00498771667480469 0.30535888671875 -0.150360107421875
-0.00947380065917969 0.0256843566894531 0.35235595703125 0.228759765625
-0.0171985626220703 0.0201225280761719 0.055084228515625 0.477783203125
-0.020233154296875 0.0376815795898438 -0.212677001953125 0.312896728515625
-0.0228347778320313 0.0263233184814453 -0.00788116455078126 0.0492782592773437
-0.0151405334472656 0.0343494415283203 0.29168701171875 -0.235260009765625
0.00709152221679688 0.0265541076660156 0.083892822265625 -0.508026123046875
0.00528144836425781 0.0173273086547852 -0.33880615234375 -0.272064208984375
0.0025022029876709 0.00432848930358887 -0.33380126953125 0.124237060546875
0.00880908966064453 -0.0102100372314453 -0.106903076171875 0.229080200195313
0.00440597534179688 -0.0154666900634766 0.105056762695313 0.14459228515625
0.00316715240478516 -0.0121889114379883 0.176010131835938 -0.0077056884765625
0.01025390625 -0.0160322189331055 -0.18255615234375 0.00242614746093746
0.00848960876464844 -0.0143299102783203 -0.11907958984375 -0.140098571777344
0.0100440979003906 -0.0192737579345703 0.0804595947265625 -0.23272705078125
0.00625228881835938 0.00689554214477539 0.327178955078125 -0.1239013671875
-0.0122127532958984 0.0274181365966797 0.333160400390625 0.264190673828125
-0.0169639587402344 0.0229091644287109 0.00640869140624999 0.48095703125
-0.0232429504394531 0.041412353515625 -0.2236328125 0.28692626953125
-0.0262374877929687 0.028961181640625 0.0152854919433594 0.0353355407714844
-0.0133247375488281 0.0380172729492188 0.284149169921875 -0.26422119140625
0.00990104675292969 0.0287628173828125 0.033966064453125 -0.510406494140625
0.00583839416503906 0.0181179046630859 -0.359771728515625 -0.232940673828125
-0.000479698181152344 0.00443840026855469 -0.31158447265625 0.151641845703125
0.0055227279663086 -0.0125770568847656 -0.0802764892578125 0.233734130859375
0.00471591949462891 -0.0170383453369141 0.115310668945312 0.1375732421875
0.00484561920166015 -0.00986385345458984 0.175094604492187 -0.01593017578125
0.0124597549438477 -0.0117321014404297 -0.183670043945313 -0.00529479980468747
0.0103168487548828 -0.0124444961547852 -0.10797119140625 -0.145095825195313
0.00820159912109375 -0.0173025131225586 0.108627319335937 -0.227691650390625
0.00158262252807617 0.00756216049194336 0.35009765625 -0.094329833984375
-0.016510009765625 0.0244083404541016 0.31011962890625 0.3011474609375
-0.0148601531982422 0.0187549591064453 -0.04058837890625 0.479248046875
-0.0194358825683594 0.0383567810058594 -0.233749389648438 0.258697509765625
-0.0184345245361328 0.0280723571777344 0.0385894775390625 0.01904296875
-0.00539207458496094 0.0343799591064453 0.26702880859375 -0.29718017578125
0.0131816864013672 0.0238227844238281 -0.0208740234375 -0.507843017578125
0.00360298156738281 0.0151128768920898 -0.377471923828125 -0.190399169921875
-0.00432825088500976 0.00527191162109375 -0.285888671875 0.17864990234375
0.00230312347412109 -0.0126848220825195 -0.05279541015625 0.237930297851563
0.00485801696777344 -0.0155181884765625 0.12432861328125 0.131256103515625
0.00656938552856445 -0.00585460662841797 0.175033569335938 -0.0231781005859375
0.0142726898193359 -0.00586032867431641 -0.18280029296875 -0.011322021484375
0.0112247467041016 -0.00804805755615234 -0.096221923828125 -0.1474609375
0.00463199615478516 -0.0122671127319336 0.136215209960937 -0.220138549804688
-0.00454854965209961 0.00702142715454101 0.36773681640625 -0.063934326171875
-0.0215091705322266 0.0158348083496094 0.28363037109375 0.332489013671875
-0.00939178466796875 0.00663185119628906 -0.088226318359375 0.474456787109375
-0.00667381286621094 0.0282840728759766 -0.243362426757812 0.233062744140625
0.000350952148437501 0.0219516754150391 0.0557518005371094 0.00646209716796875
0.0080718994140625 0.0218296051025391 0.25103759765625 -0.323455810546875
0.0149192810058594 0.0115022659301758 -0.0656127929687499 -0.50347900390625
-0.00120258331298828 0.00991916656494141 -0.3875732421875 -0.15478515625
-0.00894927978515625 0.00626754760742188 -0.261444091796875 0.197311401367187
-0.000899314880371094 -0.0101251602172852 -0.0289306640625 0.240142822265625
0.00416660308837891 -0.0115270614624023 0.132026672363281 0.125205993652344
0.0084080696105957 -0.000471591949462891 0.173187255859375 -0.0307159423828125
0.0160970687866211 0.00104427337646484 -0.181686401367188 -0.016815185546875
0.0103015899658203 -0.00123977661132812 -0.0872344970703125 -0.147247314453125
0.00130987167358398 -0.00588321685791016 0.155319213867188 -0.214157104492188
-0.0110721588134766 0.00441932678222656 0.37884521484375 -0.044708251953125
-0.0251235961914063 0.00243949890136718 0.264923095703125 0.353057861328125
-0.000178337097167969 -0.0126791000366211 -0.11895751953125 0.46856689453125
0.0149202346801758 0.0137262344360352 -0.250030517578125 0.216537475585938
0.0277137756347656 0.0124454498291016 0.0647354125976563 -0.00282669067382812
0.0247097015380859 0.00202751159667969 0.233978271484375 -0.340911865234375
0.0145235061645508 -0.00708580017089844 -0.101593017578125 -0.498138427734375
-0.0085301399230957 0.00332784652709961 -0.39373779296875 -0.131072998046875
-0.0126256942749023 0.00858402252197266 -0.243667602539063 0.210235595703125
-0.00238275527954102 -0.00478363037109375 -0.011199951171875 0.242446899414063
0.0035862922668457 -0.00447177886962891 0.13818359375 0.121627807617188
0.0106639862060547 0.00537014007568359 0.17242431640625 -0.034942626953125
0.0182819366455078 0.00728607177734375 -0.180023193359375 -0.0179595947265625
0.00877046585083008 0.00748395919799805 -0.08306884765625 -0.14459228515625
-0.00260806083679199 0.000741481781005859 0.16387939453125 -0.2093505859375
-0.0172052383422852 0.00151157379150391 0.38092041015625 -0.035858154296875
-0.0285205841064453 -0.0125083923339844 0.255096435546875 0.35888671875
0.01092529296875 -0.0362892150878906 -0.132476806640625 0.465606689453125
0.042327880859375 -0.0046539306640625 -0.255996704101563 0.211273193359375
0.0596923828125 0.00032806396484375 0.0631561279296875 -0.00532150268554688
0.0424537658691406 -0.0222930908203125 0.2235107421875 -0.34466552734375
0.013092041015625 -0.0296134948730469 -0.114105224609375 -0.4959716796875
-0.0175256729125977 -0.00556182861328125 -0.396453857421875 -0.122467041015625
-0.0161037445068359 0.0112676620483398 -0.235702514648437 0.213623046875
-0.00376582145690918 0.00278520584106445 -0.00444030761718752 0.244491577148438
0.00299811363220215 0.00371003150939941 0.140701293945313 0.122482299804688
0.0120754241943359 0.0109176635742188 0.172042846679688 -0.035614013671875
0.0200862884521484 0.0130767822265625 -0.178909301757813 -0.0157318115234375
0.00675487518310547 0.0164985656738281 -0.084747314453125 -0.140304565429688
-0.00448322296142578 0.00903892517089844 0.158309936523438 -0.211288452148438
-0.0223045349121094 -0.000255584716796874 0.376434326171875 -0.046478271484375
-0.0326118469238281 -0.0271873474121094 0.265472412109375 0.347808837890625
0.019378662109375 -0.0617408752441406 -0.119232177734375 0.4676513671875
0.069244384765625 -0.0264320373535156 -0.259490966796875 0.22119140625
0.0940093994140625 -0.0137710571289062 0.0483131408691406 -0.000595092773437501
0.0617179870605469 -0.0479621887207031 0.220123291015625 -0.336639404296875
0.0125350952148438 -0.0535354614257813 -0.105712890625 -0.49688720703125
-0.0257453918457031 -0.0157737731933594 -0.395263671875 -0.1351318359375
-0.0197277069091797 0.0136222839355469 -0.241409301757813 0.207992553710937
-0.00568962097167969 0.0129413604736328 -0.00836181640625002 0.246292114257813
0.00226116180419922 0.0151224136352539 0.1402587890625 0.126914978027344
0.0151996612548828 0.017791748046875 0.172225952148438 -0.0334320068359375
0.0213050842285156 0.0188159942626953 -0.176406860351563 -0.00979614257812497
0.00498771667480469 0.0251502990722656 -0.0919876098632812 -0.133155822753906
-0.00625419616699219 0.0180339813232422 0.138107299804688 -0.215652465820313
-0.0262050628662109 0.000537872314453127 0.3623046875 -0.074737548828125
-0.0387077331542969 -0.037689208984375 0.2904052734375 0.31512451171875
0.0197372436523437 -0.0866622924804688 -0.078277587890625 0.471527099609375
0.0901718139648438 -0.0520172119140625 -0.2579345703125 0.247451782226562
0.127265930175781 -0.0283966064453125 0.0196418762207031 0.0130901336669922
0.0846328735351563 -0.07171630859375 0.222808837890625 -0.311981201171875
0.016204833984375 -0.0789337158203125 -0.07257080078125 -0.502777099609375
-0.0337276458740234 -0.0300407409667969 -0.3885498046875 -0.168914794921875
-0.0251808166503906 0.0141582489013672 -0.263397216796875 0.189208984375
-0.00614166259765625 0.0199337005615234 -0.02972412109375 0.247482299804688
0.000577926635742185 0.0266456604003906 0.134819030761719 0.13702392578125
0.0174140930175781 0.0242576599121094 0.173965454101563 -0.0244293212890625
0.00804519653320313 -0.0181865692138672 -0.183578491210938 0.01043701171875
0.00542545318603516 -0.0129156112670898 -0.131805419921875 -0.134391784667969
0.0111713409423828 -0.0179500579833984 0.0523223876953125 -0.238128662109375
0.00981712341308594 0.00486087799072266 0.30517578125 -0.155487060546875
-0.00922203063964844 0.02655029296875 0.357330322265625 0.225616455078125
-0.0170822143554688 0.0207366943359375 0.05902099609375 0.47906494140625
-0.0197982788085937 0.0386619567871094 -0.209381103515625 0.31719970703125
-0.0224571228027344 0.0265941619873047 -0.00737762451171875 0.0504074096679688
-0.0148696899414062 0.0347614288330078 0.289886474609375 -0.239105224609375
0.00780296325683594 0.0267066955566406 0.078643798828125 -0.51129150390625
0.00556373596191406 0.0174970626831055 -0.34344482421875 -0.270355224609375
0.00313854217529297 0.00408124923706055 -0.33380126953125 0.128387451171875
0.0084075927734375 -0.0100975036621094 -0.103866577148438 0.231735229492188
0.00444984436035156 -0.0155963897705078 0.107421875 0.143936157226563
0.00328731536865234 -0.0122709274291992 0.176727294921875 -0.0101165771484375
0.00998973846435547 -0.016047477722168 -0.183807373046875 0.004791259765625
0.00808620452880859 -0.0145359039306641 -0.1214599609375 -0.138908386230469
0.00935745239257812 -0.0192813873291016 0.0778961181640625 -0.2349853515625
0.00676965713500976 0.00621795654296875 0.327239990234375 -0.129058837890625
-0.0117015838623047 0.0277729034423828 0.337615966796875 0.260955810546875
-0.0167179107666016 0.0239162445068359 0.013946533203125 0.483428955078125
-0.0225563049316406 0.0421066284179687 -0.2220458984375 0.29058837890625
-0.0256061553955078 0.029266357421875 0.0156364440917969 0.0353546142578125
-0.0134124755859375 0.0383758544921875 0.281112670898438 -0.268585205078125
0.0104694366455078 0.0288925170898438 0.028289794921875 -0.513214111328125
0.00600051879882812 0.0182037353515625 -0.3631591796875 -0.230255126953125
-0.000302314758300781 0.00467777252197266 -0.310943603515625 0.1563720703125
0.00500583648681641 -0.0128669738769531 -0.078125 0.235809326171875
0.00405025482177734 -0.0174722671508789 0.117294311523438 0.13665771484375
0.00448799133300781 -0.0101861953735352 0.175552368164063 -0.0190887451171875
0.0118885040283203 -0.0115480422973633 -0.184783935546875 -0.00242614746093753
0.0104360580444336 -0.0124101638793945 -0.110183715820312 -0.143218994140625
0.00686836242675781 -0.0171604156494141 0.10711669921875 -0.230484008789063
0.0013117790222168 0.00705671310424805 0.350006103515625 -0.1004638671875
-0.0158481597900391 0.0247936248779297 0.316741943359375 0.297698974609375
-0.0149078369140625 0.0195560455322266 -0.035003662109375 0.48175048828125
-0.0188102722167969 0.0388374328613281 -0.2320556640625 0.262771606445313
-0.0184135437011719 0.0279960632324219 0.0394020080566406 0.019073486328125
-0.00498390197753906 0.0342864990234375 0.265380859375 -0.301239013671875
0.0135498046875 0.0239639282226563 -0.027740478515625 -0.5101318359375
0.0041818618774414 0.0149993896484375 -0.38079833984375 -0.186859130859375
-0.00473976135253906 0.00485563278198242 -0.28497314453125 0.182220458984375
0.00194358825683594 -0.013153076171875 -0.0500030517578125 0.2392578125
0.00429248809814453 -0.0157260894775391 0.127037048339844 0.129440307617188
0.00626564025878906 -0.00614213943481445 0.175582885742188 -0.0257415771484375
0.0140924453735352 -0.00602245330810547 -0.184249877929688 -0.00865173339843752
0.0107259750366211 -0.00833702087402344 -0.098541259765625 -0.146453857421875
0.00370693206787109 -0.0126485824584961 0.1339111328125 -0.2235107421875
-0.00465488433837891 0.00649166107177734 0.368896484375 -0.069091796875
-0.0208644866943359 0.0159969329833984 0.28961181640625 0.331756591796875
-0.00919342041015625 0.00674247741699219 -0.08233642578125 0.477264404296875
-0.00635337829589843 0.0287036895751953 -0.2415771484375 0.236801147460938
0.000387191772460936 0.0219669342041016 0.0562362670898437 0.00609588623046875
0.00841140747070312 0.021636962890625 0.2479248046875 -0.327850341796875
0.0153608322143555 0.0109825134277344 -0.072052001953125 -0.5059814453125
-0.000969886779785156 0.00990581512451172 -0.39031982421875 -0.151397705078125
-0.00908184051513672 0.00682830810546875 -0.260009765625 0.201095581054687
-0.000898361206054687 -0.00983428955078125 -0.0261993408203125 0.241806030273437
0.00436592102050781 -0.0117368698120117 0.134979248046875 0.123924255371094
0.0084996223449707 -0.000730037689208984 0.173599243164063 -0.0328369140625
0.0165538787841797 0.000951766967773438 -0.18310546875 -0.0140228271484375
0.0100364685058594 -0.000642776489257813 -0.0897369384765625 -0.1461181640625
0.000741958618164062 -0.00640869140625 0.153732299804687 -0.21759033203125
-0.011195182800293 0.00437355041503906 0.37969970703125 -0.049407958984375
-0.0248260498046875 0.00287437438964844 0.27093505859375 0.35247802734375
2.00271606445315E-05 -0.0123720169067383 -0.1146240234375 0.472259521484375
0.0158109664916992 0.0136117935180664 -0.248703002929687 0.221038818359375
0.0278263092041016 0.0120754241943359 0.0650863647460937 -0.00284576416015625
0.0245571136474609 0.00185394287109375 0.23004150390625 -0.34393310546875
0.0149068832397461 -0.00719642639160156 -0.108001708984375 -0.498992919921875
-0.00846004486083984 0.00333070755004883 -0.397979736328125 -0.127349853515625
-0.0124063491821289 0.00844287872314453 -0.242462158203125 0.213119506835938
-0.00245285034179687 -0.00451564788818359 -0.00894165039062501 0.243026733398437
0.00349283218383789 -0.00460672378540039 0.140594482421875 0.120330810546875
0.0108699798583984 0.00548362731933594 0.172332763671875 -0.0373687744140625
0.0185508728027344 0.00740623474121094 -0.181915283203125 -0.0152435302734375
0.0084829330444336 0.00755071640014648 -0.0849609375 -0.143463134765625
-0.00261425971984863 0.00146746635437012 0.161758422851563 -0.213394165039062
-0.0172634124755859 0.00171566009521484 0.38238525390625 -0.04095458984375
-0.0282688140869141 -0.0122356414794922 0.262298583984375 0.358062744140625
0.0109634399414062 -0.036376953125 -0.1279296875 0.470123291015625
0.0429611206054688 -0.00439834594726563 -0.25408935546875 0.215377807617188
0.0598182678222656 -0.000698089599609375 0.0626678466796875 -0.00542831420898437
0.0423431396484375 -0.0231666564941406 0.22039794921875 -0.348968505859375
0.0124397277832031 -0.0299911499023438 -0.120849609375 -0.496429443359375
-0.0170955657958984 -0.00530624389648437 -0.399658203125 -0.119384765625
-0.0157737731933594 0.011143684387207 -0.234024047851563 0.21734619140625
-0.00324773788452148 0.00278401374816894 -0.00123596191406248 0.2451171875
0.00304317474365234 0.00367999076843262 0.142913818359375 0.121322631835938
0.0125255584716797 0.0107240676879883 0.172042846679688 -0.0384674072265625
0.0200595855712891 0.0136432647705078 -0.179946899414063 -0.0130462646484375
0.00684833526611328 0.0164899826049805 -0.086639404296875 -0.139144897460938
-0.00486087799072265 0.00913238525390625 0.15679931640625 -0.21429443359375
-0.0223770141601563 0.000114440917968748 0.3770751953125 -0.05267333984375
-0.0332489013671875 -0.027130126953125 0.270843505859375 0.34625244140625
0.0190696716308594 -0.0619239807128906 -0.114837646484375 0.4710693359375
0.0692977905273438 -0.0273513793945313 -0.258193969726563 0.225234985351563
0.0940093994140625 -0.0150527954101563 0.0486831665039063 -0.000698089599609376
0.0611076354980469 -0.0491180419921875 0.217193603515625 -0.34112548828125
0.0119171142578125 -0.05426025390625 -0.112213134765625 -0.497894287109375
-0.0262775421142578 -0.0159034729003906 -0.3990478515625 -0.1307373046875
-0.0195751190185547 0.0134792327880859 -0.239639282226563 0.211380004882812
-0.00559043884277344 0.0132999420166016 -0.00502014160156253 0.247268676757813
0.00263595581054688 0.0157184600830078 0.142898559570313 0.125076293945313
0.0154933929443359 0.0180473327636719 0.172271728515625 -0.0360565185546875
0.0221996307373047 0.0190181732177734 -0.17755126953125 -0.00679016113281248
0.00493431091308594 0.0258445739746094 -0.0944976806640625 -0.131721496582031
-0.00576019287109375 0.0181446075439453 0.135971069335938 -0.219573974609375
-0.0263557434082031 0.000379562377929685 0.363372802734375 -0.08050537109375
-0.0391998291015625 -0.0374832153320313 0.295166015625 0.31304931640625
0.0185775756835937 -0.0866928100585937 -0.073455810546875 0.4739990234375
0.090576171875 -0.0530624389648437 -0.256759643554688 0.251800537109375
0.126708984375 -0.0299224853515625 0.0199069976806641 0.0135860443115234
0.0835189819335937 -0.07281494140625 0.220001220703125 -0.3138427734375
0.0155181884765625 -0.0802078247070313 -0.079132080078125 -0.503509521484375
-0.034210205078125 -0.0299606323242187 -0.393768310546875 -0.16522216796875
-0.0253467559814453 0.013916015625 -0.262298583984375 0.192764282226563
-0.00616455078125 0.0204753875732422 -0.0276031494140625 0.2490234375
0.000888824462890627 0.0267181396484375 0.137672424316406 0.136085510253906
0.0180454254150391 0.0241451263427734 0.174331665039062 -0.0271453857421875
0.00768661499023437 -0.0175437927246094 -0.183670043945313 0.013519287109375
0.00470447540283203 -0.0126533508300781 -0.133880615234375 -0.131683349609375
0.00991058349609375 -0.0178680419921875 0.0496368408203125 -0.23980712890625
0.0102548599243164 0.00406742095947266 0.30419921875 -0.15985107421875
-0.00856971740722656 0.0264873504638672 0.361358642578125 0.221099853515625
-0.0164680480957031 0.0220127105712891 0.066741943359375 0.481719970703125
-0.0186805725097656 0.0398178100585938 -0.205657958984375 0.321136474609375
-0.0226726531982422 0.0267505645751953 -0.00702667236328126 0.0508041381835938
-0.0146617889404297 0.0345191955566406 0.28863525390625 -0.24267578125
0.00771903991699219 0.0259170532226563 0.071197509765625 -0.513519287109375
0.00612068176269531 0.0169706344604492 -0.347015380859375 -0.26708984375
0.00308132171630859 0.00388431549072266 -0.332733154296875 0.1336669921875
0.00837516784667969 -0.0102672576904297 -0.10174560546875 0.233322143554687
0.00291728973388672 -0.0155448913574219 0.110076904296875 0.1422119140625
0.0033721923828125 -0.0119400024414063 0.176773071289063 -0.0132293701171875
0.00935077667236328 -0.0163698196411133 -0.184402465820313 0.00856018066406252
0.00842761993408203 -0.013972282409668 -0.12408447265625 -0.137138366699219
0.00828361511230469 -0.0201301574707031 0.0749664306640625 -0.237091064453125
0.00658798217773438 0.00679302215576172 0.326812744140625 -0.133697509765625
-0.0114612579345703 0.0284328460693359 0.342926025390625 0.257568359375
-0.0158634185791016 0.0248298645019531 0.01849365234375 0.48419189453125
-0.0221099853515625 0.0427131652832031 -0.21942138671875 0.2943115234375
-0.026031494140625 0.0290966033935547 0.0163040161132812 0.0358200073242187
-0.0128517150878906 0.0389328002929688 0.278594970703125 -0.272140502929688
0.0102729797363281 0.0288677215576172 0.0213623046875 -0.513763427734375
0.00616836547851563 0.0171966552734375 -0.3675537109375 -0.2274169921875
-0.00048065185546875 0.00459051132202149 -0.31036376953125 0.16015625
0.0046701431274414 -0.0130147933959961 -0.0749969482421875 0.236709594726563
0.00409317016601562 -0.0177955627441406 0.119537353515625 0.134857177734375
0.00444412231445313 -0.0103855133056641 0.175506591796875 -0.02264404296875
0.0121755599975586 -0.0110454559326172 -0.185775756835938 0.000900268554687471
0.00982093811035156 -0.012420654296875 -0.112335205078125 -0.14239501953125
0.00664234161376953 -0.0174388885498047 0.1044921875 -0.232177734375
0.0010833740234375 0.00672435760498047 0.34906005859375 -0.105010986328125
-0.0158061981201172 0.0253372192382813 0.32135009765625 0.294525146484375
-0.0137214660644531 0.0196247100830078 -0.029388427734375 0.48394775390625
-0.0177154541015625 0.0390167236328125 -0.229156494140625 0.26666259765625
-0.0182590484619141 0.0278511047363281 0.039459228515625 0.0194015502929688
-0.00456809997558594 0.0338478088378906 0.261474609375 -0.305694580078125
0.013275146484375 0.0232982635498047 -0.033294677734375 -0.51116943359375
0.00389862060546875 0.0144577026367188 -0.3837890625 -0.182952880859375
-0.00486946105957031 0.00455379486083984 -0.282989501953125 0.187255859375
0.00213909149169922 -0.0128755569458008 -0.046112060546875 0.241348266601563
0.00476837158203125 -0.0154953002929688 0.129600524902344 0.128700256347656
0.00658798217773437 -0.00594091415405273 0.175552368164063 -0.029327392578125
0.0142850875854492 -0.00580978393554687 -0.185256958007813 -0.00555419921874999
0.01025390625 -0.00815582275390625 -0.101577758789062 -0.144668579101563
0.00299263000488281 -0.0127592086791992 0.131576538085938 -0.22540283203125
-0.00501346588134766 0.0071568489074707 0.368804931640625 -0.0745849609375
-0.0210781097412109 0.0166835784912109 0.29486083984375 0.328521728515625
-0.00858736038208008 0.00761938095092773 -0.077850341796875 0.48052978515625
-0.00582695007324219 0.0295352935791016 -0.239273071289063 0.240570068359375
-4.95910644531226E-05 0.0222682952880859 0.0565605163574219 0.00522613525390625
0.00940704345703125 0.0219459533691406 0.245208740234375 -0.330718994140625
0.015594482421875 0.010981559753418 -0.07861328125 -0.507354736328125
-0.000608444213867187 0.0106620788574219 -0.3941650390625 -0.1474609375
-0.00903034210205078 0.00679588317871094 -0.258041381835938 0.205337524414063
-0.00159835815429688 -0.00948238372802734 -0.0226593017578125 0.242431640625
0.003814697265625 -0.0114269256591797 0.137283325195313 0.121437072753906
0.00838565826416016 -0.00108480453491211 0.173782348632813 -0.03631591796875
0.016871452331543 0.0005645751953125 -0.183807373046875 -0.0109100341796875
0.00929546356201172 -0.00122547149658203 -0.0918731689453125 -0.144699096679688
-0.00029897689819336 -0.00657987594604492 0.151535034179687 -0.220230102539062
-0.0117177963256836 0.00475978851318359 0.380035400390625 -0.054595947265625
-0.0250663757324219 0.00378990173339844 0.276123046875 0.34857177734375
0.00014019012451172 -0.0124540328979492 -0.110107421875 0.475372314453125
0.0161476135253906 0.0141592025756836 -0.246505737304688 0.224334716796875
0.0272598266601563 0.0109081268310547 0.0653953552246094 -0.0031890869140625
0.0247325897216797 0.00072479248046875 0.2266845703125 -0.34832763671875
0.0141363143920898 -0.00796699523925781 -0.114227294921875 -0.499664306640625
-0.00793743133544922 0.00316762924194336 -0.39996337890625 -0.122039794921875
-0.0126514434814453 0.00925827026367188 -0.23980712890625 0.217636108398437
-0.00297141075134277 -0.00412940979003906 -0.0048675537109375 0.244430541992188
0.00335931777954102 -0.00446701049804688 0.143310546875 0.118804931640625
0.0108451843261719 0.00529861450195313 0.17291259765625 -0.0404510498046875
0.0190601348876953 0.0074920654296875 -0.182144165039062 -0.01251220703125
0.00890827178955078 0.00755596160888672 -0.0873260498046875 -0.142807006835938
-0.00261378288269043 0.00102138519287109 0.159149169921875 -0.216339111328125
-0.0175495147705078 0.00177383422851563 0.383392333984375 -0.047454833984375
-0.0291233062744141 -0.0112190246582031 0.267333984375 0.354949951171875
0.0108146667480469 -0.03631591796875 -0.1231689453125 0.47314453125
0.0432548522949219 -0.00508880615234375 -0.252212524414062 0.219345092773438
0.0602645874023438 -0.00193405151367188 0.0627975463867188 -0.00632476806640625
0.042236328125 -0.0233306884765625 0.216766357421875 -0.352081298828125
0.0122299194335938 -0.029632568359375 -0.12738037109375 -0.49798583984375
-0.0172014236450195 -0.00505733489990234 -0.40203857421875 -0.11529541015625
-0.0165281295776367 0.011622428894043 -0.231643676757812 0.220489501953125
-0.0037987232208252 0.00325989723205566 0.00244140625 0.245132446289062
0.00286126136779785 0.0032200813293457 0.145736694335938 0.119598388671875
0.0126581192016602 0.0104684829711914 0.17205810546875 -0.041259765625
0.0206642150878906 0.0132808685302734 -0.180908203125 -0.0101318359375
0.00732135772705078 0.0169076919555664 -0.088531494140625 -0.137664794921875
-0.00593090057373047 0.00996208190917969 0.154052734375 -0.217239379882813
-0.0234050750732422 0.000257492065429685 0.37847900390625 -0.057159423828125
-0.0332965850830078 -0.0258388519287109 0.27581787109375 0.3433837890625
0.0190467834472656 -0.0622367858886719 -0.108917236328125 0.47467041015625
0.0694122314453125 -0.0276718139648438 -0.255874633789063 0.2293701171875
0.0940704345703125 -0.0164566040039063 0.0483474731445313 -0.00107574462890625
0.0606956481933594 -0.0498313903808594 0.213165283203125 -0.342498779296875
0.0110702514648438 -0.0545997619628906 -0.119293212890625 -0.49847412109375
-0.0264072418212891 -0.0154991149902344 -0.401702880859375 -0.125762939453125
-0.0196094512939453 0.0133323669433594 -0.238174438476563 0.21575927734375
-0.00598812103271484 0.014246940612793 -0.00198364257812499 0.248001098632813
0.00236606597900391 0.0157308578491211 0.144851684570313 0.123245239257812
0.0158576965332031 0.0179920196533203 0.172470092773438 -0.0385589599609375
0.0226688385009766 0.0184192657470703 -0.177963256835938 -0.00463867187499997
0.00564193725585938 0.0263328552246094 -0.0953750610351562 -0.130455017089844
-0.00581550598144531 0.0184650421142578 0.133590698242188 -0.222763061523438
-0.0264186859130859 0.000905990600585942 0.363739013671875 -0.086212158203125
-0.0399398803710938 -0.0365486145019531 0.299468994140625 0.30999755859375
0.0175399780273437 -0.0869216918945313 -0.067718505859375 0.4779052734375
0.090301513671875 -0.05419921875 -0.25390625 0.254562377929688
0.127418518066406 -0.0315475463867188 0.0196590423583984 0.0132408142089844
0.0831146240234375 -0.0741958618164063 0.217559814453125 -0.319427490234375
0.013824462890625 -0.08099365234375 -0.084381103515625 -0.504486083984375
-0.0344333648681641 -0.0302600860595703 -0.39739990234375 -0.16143798828125
-0.0248489379882812 0.0139751434326172 -0.260513305664063 0.197784423828125
-0.00609397888183594 0.0203857421875 -0.0241241455078125 0.249801635742188
0.00139045715332032 0.0271854400634766 0.139991760253906 0.134811401367188
0.0181655883789062 0.0239410400390625 0.17413330078125 -0.0294952392578125
0.00731658935546875 -0.0186252593994141 -0.183502197265625 0.016998291015625
0.00439262390136719 -0.012603759765625 -0.136634826660156 -0.129867553710938
0.0100517272949219 -0.0188541412353516 0.04644775390625 -0.2412109375
0.0101547241210938 0.00398349761962891 0.302032470703125 -0.163970947265625
-0.00761032104492187 0.0269832611083984 0.365203857421875 0.21746826171875
-0.0156059265136719 0.0221614837646484 0.0731201171875 0.48114013671875
-0.0179290771484375 0.0396499633789063 -0.20233154296875 0.32464599609375
-0.0228290557861328 0.026702880859375 -0.00551986694335938 0.0507011413574219
-0.0143833160400391 0.0350399017333984 0.28582763671875 -0.246856689453125
0.00845527648925781 0.0268363952636719 0.06671142578125 -0.51556396484375
0.00679588317871094 0.0173759460449219 -0.3519287109375 -0.263580322265625
0.00266790390014648 0.00452947616577148 -0.331787109375 0.137939453125
0.00768089294433594 -0.0102663040161133 -0.0986328125 0.235397338867188
0.00321578979492187 -0.0162630081176758 0.11248779296875 0.140579223632813
0.00312232971191406 -0.0128507614135742 0.177047729492188 -0.015960693359375
0.00871086120605469 -0.016505241394043 -0.1846923828125 0.01141357421875
0.00695896148681641 -0.0142831802368164 -0.126686096191406 -0.135536193847656
0.00759506225585937 -0.0198497772216797 0.071990966796875 -0.23870849609375
0.00622177124023438 0.00583648681640625 0.326019287109375 -0.139007568359375
-0.0105609893798828 0.0287551879882813 0.3460693359375 0.252532958984375
-0.0151653289794922 0.0250167846679688 0.0257568359375 0.4853515625
-0.0207290649414063 0.043121337890625 -0.215423583984375 0.298004150390625
-0.0258369445800781 0.0297756195068359 0.0164794921875 0.0359382629394531
-0.0125808715820313 0.0385589599609375 0.27655029296875 -0.276565551757813
0.0106487274169922 0.0289688110351563 0.017333984375 -0.516571044921875
0.00606346130371094 0.0180530548095703 -0.36993408203125 -0.22247314453125
-0.000289440155029297 0.0045170783996582 -0.308746337890625 0.16510009765625
0.00440311431884766 -0.0127849578857422 -0.0721435546875 0.238937377929688
0.00397682189941406 -0.0177688598632813 0.122566223144531 0.133575439453125
0.00382614135742188 -0.0105400085449219 0.175552368164063 -0.02459716796875
0.0121212005615234 -0.0119180679321289 -0.186065673828125 0.00381469726562499
0.00886917114257813 -0.0121278762817383 -0.114723205566406 -0.140327453613281
0.00619125366210937 -0.0177879333496094 0.101913452148438 -0.234573364257813
0.00129604339599609 0.00694608688354492 0.348785400390625 -0.1099853515625
-0.0149784088134766 0.0263137817382813 0.32568359375 0.291839599609375
-0.0136337280273438 0.0205726623535156 -0.024505615234375 0.486785888671875
-0.0176734924316406 0.0401725769042969 -0.225982666015625 0.270095825195312
-0.0182228088378906 0.0281162261962891 0.0403251647949219 0.0185813903808594
-0.00355911254882812 0.0342197418212891 0.257568359375 -0.309295654296875
0.0140457153320313 0.0231285095214844 -0.0405883789062501 -0.51226806640625
0.00475025177001953 0.0158605575561523 -0.387451171875 -0.178497314453125
-0.0044403076171875 0.00496482849121094 -0.28167724609375 0.190338134765625
0.000909805297851562 -0.0124502182006836 -0.0444488525390625 0.242172241210938
0.00362396240234375 -0.0161857604980469 0.131744384765625 0.126754760742188
0.00674819946289063 -0.00662088394165039 0.175567626953125 -0.0313873291015625
0.0143909454345703 -0.00612735748291016 -0.185577392578125 -0.00318908691406246
0.010289192199707 -0.00753593444824219 -0.103591918945313 -0.143020629882813
0.00264835357666016 -0.0124626159667969 0.129135131835938 -0.227767944335938
-0.00503778457641601 0.00682878494262695 0.368743896484375 -0.078948974609375
-0.0199127197265625 0.0176010131835937 0.2999267578125 0.3243408203125
-0.00769662857055664 0.0081486701965332 -0.072479248046875 0.484283447265625
-0.00520515441894531 0.0300941467285156 -0.237213134765625 0.24517822265625
0.000982284545898439 0.0213451385498047 0.0569076538085937 0.00547409057617188
0.00898170471191406 0.0214138031005859 0.241943359375 -0.33416748046875
0.0161705017089844 0.0102968215942383 -0.08624267578125 -0.505889892578125
-0.000713348388671874 0.00993919372558594 -0.396514892578125 -0.14410400390625
-0.00910663604736328 0.00640583038330078 -0.256057739257813 0.209014892578125
-0.00133705139160156 -0.0103988647460938 -0.0198516845703125 0.242782592773438
0.00376415252685547 -0.0118179321289062 0.139785766601563 0.119766235351562
0.00851154327392578 -0.00142288208007813 0.173690795898438 -0.038543701171875
0.0163984298706055 0.000708580017089844 -0.184646606445312 -0.00811767578124997
0.00984954833984375 -0.000638008117675781 -0.09393310546875 -0.14361572265625
-0.00020599365234375 -0.00596427917480469 0.148788452148438 -0.22283935546875
-0.0119733810424805 0.00475692749023438 0.37969970703125 -0.060394287109375
-0.0244979858398438 0.00419998168945312 0.2808837890625 0.345794677734375
0.00040149688720703 -0.0118999481201172 -0.10406494140625 0.478607177734375
0.0166339874267578 0.0143499374389648 -0.24444580078125 0.227737426757813
0.0272140502929688 0.0109100341796875 0.0652847290039063 -0.00414276123046875
0.0248565673828125 0.0006561279296875 0.222320556640625 -0.3499755859375
0.0146160125732422 -0.00821781158447266 -0.12042236328125 -0.498077392578125
-0.00822973251342773 0.00309085845947266 -0.401763916015625 -0.11895751953125
-0.0126714706420898 0.00882816314697266 -0.237762451171875 0.221298217773438
-0.00267934799194336 -0.00443172454833984 -0.00212097167968748 0.244537353515625
0.00269865989685059 -0.00434398651123047 0.145095825195313 0.116378784179688
0.0110921859741211 0.00493335723876953 0.171875 -0.042266845703125
0.0191154479980469 0.0072021484375 -0.183441162109375 -0.00897216796874998
0.0084080696105957 0.00861501693725586 -0.0896759033203125 -0.140541076660156
-0.00347352027893066 0.00142574310302734 0.156723022460938 -0.21942138671875
-0.0186767578125 0.00218963623046875 0.38348388671875 -0.052642822265625
-0.0287837982177734 -0.0117321014404297 0.2730712890625 0.35321044921875
0.0111541748046875 -0.0357933044433594 -0.117523193359375 0.475372314453125
0.0432357788085938 -0.00563430786132813 -0.250473022460938 0.223907470703125
0.0601043701171875 -0.00249481201171875 0.0630645751953125 -0.00677871704101563
0.0415000915527344 -0.0240325927734375 0.212554931640625 -0.35595703125
0.0114459991455078 -0.0300407409667969 -0.13470458984375 -0.49658203125
-0.0174751281738281 -0.00480937957763672 -0.4049072265625 -0.110870361328125
-0.0165987014770508 0.0116748809814453 -0.229339599609375 0.223968505859375
-0.0037541389465332 0.00376081466674805 0.00556945800781252 0.245712280273437
0.00303840637207031 0.00376605987548828 0.147811889648438 0.117507934570312
0.0127639770507813 0.00972557067871094 0.171401977539063 -0.043731689453125
0.0214290618896484 0.0131244659423828 -0.181396484375 -0.00706481933593746
0.00735378265380859 0.017369270324707 -0.0902481079101562 -0.136405944824219
-0.00557994842529297 0.00998115539550781 0.15228271484375 -0.220474243164063
-0.0235939025878906 0.000635147094726557 0.377471923828125 -0.063934326171875
-0.0336494445800781 -0.0260028839111328 0.28125 0.34051513671875
0.0181732177734375 -0.0625343322753906 -0.10321044921875 0.476318359375
0.0702781677246094 -0.0289535522460938 -0.254135131835938 0.23370361328125
0.0938796997070312 -0.0174331665039063 0.0488319396972656 -0.001220703125
0.0601463317871094 -0.0510368347167969 0.210723876953125 -0.34649658203125
0.010406494140625 -0.0549774169921875 -0.12701416015625 -0.49798583984375
-0.02685546875 -0.0152149200439453 -0.403594970703125 -0.12152099609375
-0.0198554992675781 0.0137901306152344 -0.235366821289063 0.218765258789063
-0.00530910491943359 0.0138998031616211 0.00100708007812499 0.248077392578125
0.00244235992431641 0.0158185958862305 0.147567749023438 0.121337890625
0.0162992477416992 0.0173540115356445 0.171844482421875 -0.0405731201171875
0.0236282348632813 0.0182590484619141 -0.178558349609375 -0.00119018554687497
0.00592422485351562 0.0263633728027344 -0.0976943969726562 -0.129051208496094
-0.00578117370605469 0.019134521484375 0.131301879882813 -0.224746704101563
-0.0274143218994141 0.00175857543945312 0.36346435546875 -0.090789794921875
-0.0401992797851563 -0.0360336303710937 0.304229736328125 0.30621337890625
0.0164108276367188 -0.0873641967773438 -0.062744140625 0.479888916015625
0.0903472900390625 -0.0558624267578125 -0.251724243164063 0.260116577148438
0.126869201660156 -0.0330123901367188 0.0206718444824219 0.0136985778808594
0.0825958251953125 -0.0756301879882813 0.212677001953125 -0.320709228515625
0.0129165649414062 -0.0807723999023438 -0.091583251953125 -0.50421142578125
-0.0348167419433594 -0.0296440124511719 -0.399871826171875 -0.15728759765625
-0.0252532958984375 0.0142307281494141 -0.259124755859375 0.201644897460937
-0.00568771362304688 0.0206699371337891 -0.020233154296875 0.250213623046875
0.00203704833984375 0.0273075103759766 0.142425537109375 0.132583618164063
0.01849365234375 0.0234756469726563 0.174423217773438 -0.0319061279296875
0.00689888000488281 -0.0181217193603516 -0.184036254882812 0.019866943359375
0.00446319580078125 -0.0116558074951172 -0.137062072753906 -0.127304077148438
0.00924301147460938 -0.0191211700439453 0.04315185546875 -0.241806030273438
0.00952243804931641 0.00408363342285156 0.3004150390625 -0.168701171875
-0.0069732666015625 0.0276966094970703 0.368255615234375 0.211944580078125
-0.0152187347412109 0.0227737426757812 0.0789794921875 0.4803466796875
-0.0170326232910156 0.0394668579101563 -0.19793701171875 0.3271484375
-0.0225238800048828 0.0261287689208984 -0.00521087646484375 0.0510101318359375
-0.0137062072753906 0.0352706909179688 0.28167724609375 -0.250335693359375
0.00872993469238281 0.0266914367675781 0.05999755859375 -0.515380859375
0.00654888153076172 0.0165786743164063 -0.35467529296875 -0.25946044921875
0.0033574104309082 0.00387430191040039 -0.32977294921875 0.14166259765625
0.00755214691162109 -0.0102910995483398 -0.0961151123046875 0.236160278320313
0.00334072113037109 -0.0160703659057617 0.114944458007813 0.139228820800781
0.00256729125976563 -0.0125503540039062 0.176254272460938 -0.01837158203125
0.00877666473388672 -0.0164861679077148 -0.184768676757813 0.0146942138671875
0.00679111480712891 -0.0140981674194336 -0.128074645996094 -0.132545471191406
0.00741958618164062 -0.0197982788085938 0.069091796875 -0.239761352539063
0.00583744049072266 0.00573062896728516 0.324127197265625 -0.143280029296875
-0.00998115539550781 0.0290794372558594 0.35040283203125 0.24847412109375
-0.0141239166259766 0.0260963439941406 0.031768798828125 0.4857177734375
-0.0208168029785156 0.0432777404785156 -0.211395263671875 0.30047607421875
-0.0253944396972656 0.0298480987548828 0.0169830322265625 0.0355110168457031
-0.0114936828613281 0.03887939453125 0.2720947265625 -0.28009033203125
0.0115699768066406 0.0286445617675781 0.00833129882812501 -0.51519775390625
0.00701904296875 0.0177421569824219 -0.371978759765625 -0.218414306640625
-0.000244140625 0.00478982925415039 -0.306549072265625 0.168304443359375
0.00426006317138672 -0.0124893188476563 -0.0698699951171875 0.23919677734375
0.00327873229980469 -0.0171909332275391 0.124313354492188 0.131393432617188
0.00421714782714844 -0.0110206604003906 0.174331665039062 -0.02691650390625
0.0113868713378906 -0.0113840103149414 -0.186065673828125 0.00752258300781248
0.00876331329345703 -0.011378288269043 -0.116958618164063 -0.137847900390625
0.00549793243408203 -0.0174970626831055 0.098480224609375 -0.23590087890625
0.000323772430419923 0.0071406364440918 0.34759521484375 -0.115203857421875
-0.0144519805908203 0.0261592864990234 0.32952880859375 0.28662109375
-0.0126094818115234 0.0208511352539063 -0.01739501953125 0.486480712890625
-0.0167198181152344 0.0404853820800781 -0.223098754882812 0.27362060546875
-0.0178871154785156 0.0277328491210938 0.0399971008300781 0.0181732177734375
-0.00378990173339844 0.0336875915527344 0.254486083984375 -0.311492919921875
0.0143985748291016 0.0234222412109375 -0.047119140625 -0.511871337890625
0.00479793548583984 0.015040397644043 -0.388671875 -0.17510986328125
-0.00429725646972656 0.00481224060058594 -0.279434204101563 0.193618774414063
0.00109577178955078 -0.0125303268432617 -0.041015625 0.24249267578125
0.00297069549560547 -0.0157146453857422 0.13372802734375 0.124771118164062
0.00674104690551758 -0.00666570663452148 0.1744384765625 -0.034576416015625
0.0134754180908203 -0.00587177276611328 -0.185028076171875 0.000564575195312524
0.0102682113647461 -0.00715541839599609 -0.104751586914063 -0.141220092773437
0.0023345947265625 -0.0126800537109375 0.126129150390625 -0.2296142578125
-0.00486946105957031 0.00668668746948242 0.3675537109375 -0.085052490234375
-0.0198802947998047 0.0177974700927734 0.30352783203125 0.320343017578125
-0.00756549835205078 0.00849103927612305 -0.0667724609375 0.4840087890625
-0.00409889221191406 0.0290279388427734 -0.23333740234375 0.247772216796875
0.00117301940917969 0.0212745666503906 0.0571823120117187 0.00499343872070313
0.00874710083007812 0.0215930938720703 0.237091064453125 -0.336822509765625
0.0155229568481445 0.0108556747436523 -0.09173583984375 -0.504638671875
-0.000144004821777343 0.00972175598144531 -0.397491455078125 -0.138763427734375
-0.00902462005615234 0.00683021545410156 -0.253494262695313 0.212173461914063
-0.00184726715087891 -0.00929641723632813 -0.0166778564453125 0.2427978515625
0.00347042083740235 -0.0115079879760742 0.141815185546875 0.117950439453125
0.00850677490234375 -0.00153207778930664 0.172500610351563 -0.0414886474609375
0.0171308517456055 0.000859260559082031 -0.184829711914063 -0.00448608398437504
0.00970172882080078 -0.000386238098144531 -0.0959625244140625 -0.141815185546875
-0.00101423263549805 -0.00606632232666016 0.145339965820313 -0.225021362304688
-0.0126762390136719 0.00457763671875 0.378662109375 -0.0660400390625
-0.0244541168212891 0.00442886352539063 0.2862548828125 0.3424072265625
0.00122165679931641 -0.0118284225463867 -0.098114013671875 0.47967529296875
0.0169801712036133 0.0143985748291016 -0.241836547851563 0.23126220703125
0.0277957916259766 0.0104904174804687 0.0653724670410156 -0.004791259765625
0.0246810913085938 0.000238418579101563 0.2181396484375 -0.352630615234375
0.014246940612793 -0.00822639465332031 -0.127532958984375 -0.497589111328125
-0.00852680206298828 0.00336217880249024 -0.404571533203125 -0.1142578125
-0.0123920440673828 0.00866413116455078 -0.234573364257813 0.223846435546875
-0.00355792045593262 -0.00363254547119141 0.00108337402343749 0.244476318359375
0.00259590148925781 -0.00474834442138672 0.147201538085938 0.113693237304687
0.0105476379394531 0.00450611114501953 0.170623779296875 -0.0452728271484375
0.0192146301269531 0.00714111328125 -0.183090209960938 -0.00590515136718752
0.00902080535888672 0.00864124298095703 -0.0909576416015625 -0.139495849609375
-0.0043025016784668 0.0024113655090332 0.154449462890625 -0.22198486328125
-0.0185298919677734 0.00260162353515625 0.38275146484375 -0.057464599609375
-0.0289192199707031 -0.0109691619873047 0.277618408203125 0.347747802734375
0.0110321044921875 -0.0360107421875 -0.11151123046875 0.477142333984375
0.0433464050292969 -0.00582122802734375 -0.248077392578125 0.226837158203125
0.0596160888671875 -0.0032958984375 0.0629768371582031 -0.0073394775390625
0.0407295227050781 -0.0250320434570313 0.207672119140625 -0.35797119140625
0.0115737915039062 -0.0305423736572266 -0.140350341796875 -0.494384765625
-0.0175361633300781 -0.00513553619384765 -0.406158447265625 -0.1048583984375
-0.0158462524414063 0.0119085311889648 -0.225936889648438 0.227294921875
-0.00420475006103516 0.00383162498474121 0.00860595703124999 0.245941162109375
0.00301885604858398 0.00383663177490234 0.149261474609375 0.114883422851563
0.0136938095092773 0.0100116729736328 0.170547485351563 -0.0458221435546875
0.0213031768798828 0.0131130218505859 -0.181610107421875 -0.00398254394531252
0.00750446319580078 0.0172739028930664 -0.0925140380859375 -0.13458251953125
-0.00579071044921875 0.0105991363525391 0.148941040039063 -0.223114013671875
-0.0234508514404297 0.00104904174804688 0.376678466796875 -0.069610595703125
-0.0329513549804688 -0.0252170562744141 0.285491943359375 0.335693359375
0.0175895690917969 -0.0623703002929687 -0.097686767578125 0.477874755859375
0.0695953369140625 -0.0298576354980469 -0.250335693359375 0.237106323242187
0.0932540893554688 -0.0189285278320313 0.048187255859375 -0.00125503540039063
0.0590095520019531 -0.0514564514160156 0.20538330078125 -0.348388671875
0.0093841552734375 -0.0552749633789063 -0.1336669921875 -0.4952392578125
-0.0265769958496094 -0.0145969390869141 -0.4053955078125 -0.1173095703125
-0.0192356109619141 0.0140762329101563 -0.23260498046875 0.221969604492188
-0.00506401062011719 0.0142612457275391 0.00450134277343752 0.248153686523438
0.0027008056640625 0.015660285949707 0.149642944335938 0.119110107421875
0.0164709091186523 0.0170879364013672 0.170761108398437 -0.0434112548828125
0.0239315032958984 0.0180416107177734 -0.178985595703125 0.0019989013671875
0.00641441345214843 0.0270061492919922 -0.0992584228515625 -0.127082824707031
-0.00639724731445313 0.0192470550537109 0.127960205078125 -0.226699829101562
-0.0276470184326172 0.0021209716796875 0.361480712890625 -0.09649658203125
-0.04083251953125 -0.0357093811035156 0.308807373046875 0.303497314453125
0.0163192749023437 -0.087799072265625 -0.055419921875 0.48101806640625
0.0895767211914063 -0.0563430786132813 -0.248428344726563 0.263778686523438
0.126045227050781 -0.0348281860351563 0.0210552215576172 0.0136356353759766
0.0809860229492187 -0.076904296875 0.210052490234375 -0.323394775390625
0.0117874145507813 -0.080902099609375 -0.09844970703125 -0.502655029296875
-0.03570556640625 -0.0285797119140625 -0.401702880859375 -0.15191650390625
-0.0247306823730469 0.0148124694824219 -0.256027221679688 0.204513549804688
-0.00613021850585937 0.0211544036865234 -0.018524169921875 0.250900268554688
0.002288818359375 0.0270328521728516 0.145050048828125 0.129669189453125
0.0191497802734375 0.0228710174560547 0.173538208007813 -0.034637451171875
0.00701904296875 -0.0180549621582031 -0.183013916015625 0.024200439453125
0.00402259826660156 -0.0118255615234375 -0.138778686523438 -0.124130249023438
0.00840950012207031 -0.0191211700439453 0.0404205322265625 -0.24163818359375
0.00902080535888672 0.003997802734375 0.29705810546875 -0.172454833984375
-0.00617790222167969 0.0275077819824219 0.370330810546875 0.20550537109375
-0.0149440765380859 0.0239810943603516 0.08477783203125 0.47894287109375
-0.0170707702636719 0.0399665832519531 -0.19390869140625 0.328948974609375
-0.0227222442626953 0.0262031555175781 -0.00435256958007813 0.0510787963867188
-0.0131092071533203 0.0347194671630859 0.278610229492188 -0.252792358398438
0.00945091247558594 0.0268535614013672 0.05389404296875 -0.516021728515625
0.00628471374511719 0.0176887512207031 -0.356903076171875 -0.25311279296875
0.00317192077636719 0.00458240509033203 -0.3275146484375 0.14593505859375
0.00778388977050781 -0.0106096267700195 -0.0922698974609375 0.236190795898437
0.00307369232177734 -0.0154247283935547 0.115829467773438 0.136489868164063
0.00203990936279297 -0.0132684707641602 0.1756591796875 -0.0213165283203125
0.00893306732177734 -0.0166854858398438 -0.1845703125 0.017974853515625
0.00676631927490234 -0.0132064819335938 -0.12945556640625 -0.129417419433594
0.00552940368652344 -0.0189285278320313 0.0658416748046875 -0.240432739257812
0.00527667999267578 0.0051121711730957 0.320953369140625 -0.148529052734375
-0.00964927673339844 0.0294361114501953 0.35406494140625 0.243316650390625
-0.0138587951660156 0.0266628265380859 0.037811279296875 0.48480224609375
-0.0194358825683594 0.0443229675292969 -0.207672119140625 0.303497314453125
-0.0252532958984375 0.0299701690673828 0.0177879333496094 0.0353279113769531
-0.0108528137207031 0.0387458801269531 0.26678466796875 -0.282073974609375
0.0118350982666016 0.0284156799316406 0.00360107421875004 -0.516021728515625
0.00677490234375 0.0172824859619141 -0.3748779296875 -0.214569091796875
-0.000778913497924804 0.00436735153198242 -0.302947998046875 0.172943115234375
0.00330257415771484 -0.0128335952758789 -0.0662689208984375 0.240203857421875
0.00360488891601562 -0.0176143646240234 0.126670837402344 0.129348754882813
0.00333118438720703 -0.0102615356445313 0.174301147460938 -0.0292510986328125
0.0116920471191406 -0.0116119384765625 -0.186492919921875 0.0105438232421875
0.00854778289794922 -0.0108013153076172 -0.118301391601563 -0.136070251464844
0.00485897064208984 -0.0168924331665039 0.09490966796875 -0.237274169921875
0.000725746154785157 0.00665283203125 0.34564208984375 -0.119415283203125
-0.0145893096923828 0.0261993408203125 0.333099365234375 0.281494140625
-0.0124454498291016 0.0211143493652344 -0.011474609375 0.4866943359375
-0.0147323608398438 0.0396308898925781 -0.219207763671875 0.275619506835937
-0.0172882080078125 0.0277099609375 0.0398292541503906 0.0180587768554688
-0.00341606140136719 0.0346660614013672 0.250244140625 -0.3135986328125
0.0147190093994141 0.0231380462646484 -0.053253173828125 -0.5101318359375
0.00482845306396484 0.0149450302124023 -0.38995361328125 -0.168975830078125
-0.00521135330200195 0.00484991073608398 -0.276153564453125 0.196868896484375
0.000555992126464843 -0.0117034912109375 -0.0376129150390625 0.242889404296875
0.00357723236083984 -0.0163135528564453 0.135505676269531 0.122077941894531
0.00537395477294922 -0.00662422180175781 0.173568725585938 -0.03717041015625
0.0133028030395508 -0.00576877593994141 -0.185104370117188 0.00334167480468749
0.00971603393554688 -0.00775623321533203 -0.106597900390625 -0.138702392578125
0.000894546508789064 -0.0119810104370117 0.123580932617187 -0.23175048828125
-0.00568246841430664 0.00708103179931641 0.3662109375 -0.090423583984375
-0.0189266204833984 0.0180397033691406 0.308135986328125 0.316619873046875
-0.007568359375 0.00928592681884765 -0.060211181640625 0.48406982421875
-0.00383567810058594 0.0298995971679688 -0.231002807617188 0.250167846679688
0.00080299377441406 0.0207939147949219 0.0567283630371094 0.00388717651367188
0.00973701477050781 0.0210151672363281 0.232696533203125 -0.338775634765625
0.0153770446777344 0.00990676879882813 -0.0986938476562499 -0.5023193359375
0.000361442565917968 0.0101432800292969 -0.399658203125 -0.1331787109375
-0.00894355773925781 0.00605487823486328 -0.249893188476563 0.214950561523437
-0.00238037109375 -0.00908088684082031 -0.01336669921875 0.243789672851563
0.00320243835449219 -0.0116739273071289 0.1427001953125 0.115020751953125
0.00812101364135742 -0.00172233581542969 0.170547485351563 -0.04376220703125
0.0168743133544922 0.000590324401855469 -0.18487548828125 -0.00225830078125002
0.00980091094970703 -0.000243186950683594 -0.0970306396484375 -0.139511108398438
-0.00112295150756836 -0.0053563117980957 0.142471313476563 -0.227142333984375
-0.0123586654663086 0.00487518310546875 0.37738037109375 -0.07122802734375
-0.0237140655517578 0.00541496276855468 0.2899169921875 0.33721923828125
0.00105476379394531 -0.0111551284790039 -0.09124755859375 0.480438232421875
0.0169315338134766 0.0133819580078125 -0.238861083984375 0.234451293945312
0.0267410278320313 0.00971221923828125 0.0654487609863281 -0.0054473876953125
0.0244579315185547 -0.000360488891601563 0.21270751953125 -0.354522705078125
0.0142021179199219 -0.00848007202148438 -0.13372802734375 -0.494781494140625
-0.00848388671875 0.00354194641113281 -0.404327392578125 -0.107330322265625
-0.0122060775756836 0.00935268402099609 -0.231155395507813 0.226150512695312
-0.00341701507568359 -0.00384926795959473 0.00402832031249997 0.244033813476562
0.00261640548706055 -0.00497674942016602 0.148529052734375 0.111068725585938
0.0108251571655273 0.00412940979003906 0.169540405273438 -0.04736328125
0.0195293426513672 0.00712966918945313 -0.1832275390625 -0.00315856933593747
0.00840187072753906 0.00876760482788086 -0.0927886962890625 -0.137321472167969
-0.00433659553527832 0.00305390357971191 0.151138305664063 -0.223464965820313
-0.0191249847412109 0.00298118591308594 0.380126953125 -0.063140869140625
-0.0287723541259766 -0.0101337432861328 0.280853271484375 0.34454345703125
0.0114974975585938 -0.0349674224853516 -0.105438232421875 0.4774169921875
0.0438766479492188 -0.006927490234375 -0.2442626953125 0.229217529296875
0.0583686828613281 -0.00357818603515625 0.0630035400390625 -0.0080413818359375
0.0404319763183594 -0.0257797241210938 0.202911376953125 -0.3582763671875
0.0113906860351563 -0.0307998657226563 -0.147216796875 -0.4921875
-0.0174369812011719 -0.00507926940917968 -0.406280517578125 -0.10101318359375
-0.0160303115844727 0.0123252868652344 -0.22308349609375 0.229400634765625
-0.0040433406829834 0.00349617004394531 0.011260986328125 0.244918823242188
0.00315403938293457 0.00411033630371094 0.151962280273437 0.112838745117188
0.0129985809326172 0.00955677032470703 0.168914794921875 -0.0485687255859375
0.0221786499023438 0.0122718811035156 -0.181991577148438 -0.00115966796875004
0.00774192810058594 0.0180377960205078 -0.0933380126953125 -0.132217407226563
-0.0060882568359375 0.0101966857910156 0.145034790039063 -0.224838256835938
-0.0238590240478516 0.000875473022460938 0.375213623046875 -0.07379150390625
-0.033233642578125 -0.0247459411621094 0.28997802734375 0.332122802734375
0.0173797607421875 -0.0622673034667969 -0.0921020507812499 0.48004150390625
0.0698356628417969 -0.0298919677734375 -0.2470703125 0.2393798828125
0.0923385620117188 -0.0202102661132813 0.0492515563964844 -0.0022430419921875
0.0581321716308594 -0.0527458190917969 0.20062255859375 -0.349945068359375
0.00873184204101562 -0.0553245544433594 -0.138458251953125 -0.49365234375
-0.0278759002685547 -0.0146389007568359 -0.407073974609375 -0.111968994140625
-0.0193691253662109 0.0138874053955078 -0.229949951171875 0.223983764648438
-0.00524330139160156 0.0143098831176758 0.007781982421875 0.246917724609375
0.00264453887939453 0.0164070129394531 0.150909423828125 0.116500854492187
0.0164670944213867 0.0166101455688477 0.169525146484375 -0.0462799072265625
0.0255813598632813 0.0183906555175781 -0.179168701171875 0.00437927246093748
0.00726127624511719 0.0275135040283203 -0.101173400878906 -0.125236511230469
-0.00667190551757812 0.0195026397705078 0.124755859375 -0.228836059570313
-0.0275001525878906 0.00169944763183594 0.3590087890625 -0.101104736328125
-0.04150390625 -0.0345687866210938 0.3118896484375 0.2978515625
0.0156097412109375 -0.0875778198242187 -0.049957275390625 0.481109619140625
0.0889053344726563 -0.0569915771484375 -0.244552612304688 0.265777587890625
0.124969482421875 -0.0360336303710938 0.0205650329589844 0.0134449005126953
0.0792007446289063 -0.0776214599609375 0.20526123046875 -0.3248291015625
0.0109176635742188 -0.081085205078125 -0.10552978515625 -0.500244140625
-0.0355682373046875 -0.0286674499511719 -0.402374267578125 -0.146392822265625
-0.0246200561523438 0.0144004821777344 -0.2530517578125 0.206573486328125
-0.00564384460449219 0.0206642150878906 -0.0141448974609375 0.25042724609375
0.00284385681152344 0.0269546508789063 0.146316528320313 0.128372192382812
0.0193500518798828 0.0221271514892578 0.171951293945313 -0.0358428955078125
0.00687026977539063 -0.0182437896728516 -0.182220458984375 0.0256805419921875
0.00381660461425781 -0.0108938217163086 -0.140060424804688 -0.121284484863281
0.00870323181152344 -0.0184307098388672 0.0366363525390625 -0.241592407226562
0.00897407531738281 0.00366878509521484 0.294036865234375 -0.17608642578125
-0.00606918334960938 0.0279693603515625 0.37225341796875 0.2015380859375
-0.0132904052734375 0.0236606597900391 0.0902099609375 0.4776611328125
-0.0156822204589844 0.0403518676757813 -0.189208984375 0.330596923828125
-0.02227783203125 0.0262737274169922 -0.00437545776367187 0.0510787963867188
-0.0123558044433594 0.035736083984375 0.27532958984375 -0.255020141601563
0.008697509765625 0.025848388671875 0.04656982421875 -0.514801025390625
0.00712203979492188 0.0171995162963867 -0.357513427734375 -0.250396728515625
0.00272178649902344 0.00376129150390625 -0.32501220703125 0.148468017578125
0.00693035125732422 -0.0108613967895508 -0.0898284912109375 0.236724853515625
0.00198745727539062 -0.0157232284545898 0.118507385253906 0.134254455566406
0.00255870819091797 -0.0130538940429688 0.17425537109375 -0.0229949951171875
0.00862026214599609 -0.0158958435058594 -0.183837890625 0.0205535888671875
0.00641822814941406 -0.0129833221435547 -0.13153076171875 -0.126853942871094
0.00525474548339844 -0.0195560455322266 0.062286376953125 -0.240463256835938
0.00525188446044922 0.00667858123779297 0.319305419921875 -0.15185546875
-0.00842475891113281 0.0299243927001953 0.35516357421875 0.236907958984375
-0.0137577056884766 0.0270519256591797 0.043243408203125 0.48309326171875
-0.0187873840332031 0.0440635681152344 -0.202789306640625 0.3043212890625
-0.0252914428710938 0.0298309326171875 0.0177803039550781 0.0355873107910156
-0.0114402770996094 0.03857421875 0.26385498046875 -0.28466796875
0.0120353698730469 0.0282115936279297 -0.00378417968750005 -0.51361083984375
0.00745773315429687 0.0176582336425781 -0.375518798828125 -0.20904541015625
-0.000609874725341797 0.00493097305297852 -0.299530029296875 0.175689697265625
0.00355243682861328 -0.0121526718139648 -0.0625 0.239212036132813
0.00268840789794922 -0.0172758102416992 0.127685546875 0.127204895019531
0.00347805023193359 -0.0105476379394531 0.173019409179688 -0.0319061279296875
0.0126571655273438 -0.012171745300293 -0.185333251953125 0.014495849609375
0.00804042816162109 -0.0114917755126953 -0.119102478027344 -0.132591247558594
0.0037393569946289 -0.0173816680908203 0.091583251953125 -0.238388061523437
0.000224590301513672 0.00769805908203125 0.342803955078125 -0.123321533203125
-0.0130710601806641 0.0269355773925781 0.333984375 0.276123046875
-0.0107517242431641 0.0226707458496094 -0.00704956054687499 0.485809326171875
-0.0146903991699219 0.0401535034179688 -0.215057373046875 0.276321411132813
-0.0180892944335938 0.0283756256103516 0.0401878356933594 0.0175323486328125
-0.00227165222167969 0.0334320068359375 0.245819091796875 -0.315093994140625
0.0147724151611328 0.0228424072265625 -0.059844970703125 -0.508575439453125
0.00564956665039063 0.0153160095214844 -0.389678955078125 -0.16473388671875
-0.00504255294799805 0.00574922561645508 -0.273757934570313 0.199172973632812
-6.5803527832032E-05 -0.0124387741088867 -0.034820556640625 0.241806030273437
0.00321006774902344 -0.0162601470947266 0.137359619140625 0.119926452636719
0.00564765930175781 -0.00697612762451172 0.172744750976563 -0.0388336181640625
0.0134468078613281 -0.00544166564941406 -0.18475341796875 0.00654602050781248
0.00932502746582031 -0.00661087036132812 -0.108345031738281 -0.136566162109375
0.00107479095458984 -0.0125198364257813 0.120468139648437 -0.232894897460938
-0.00566720962524414 0.00641393661499024 0.36419677734375 -0.094696044921875
-0.0192756652832031 0.0184555053710938 0.310760498046875 0.31097412109375
-0.0068349838256836 0.00844240188598633 -0.05462646484375 0.484283447265625
-0.00297164916992188 0.0305500030517578 -0.22711181640625 0.252410888671875
0.000909805297851561 0.02069091796875 0.0566978454589844 0.00311660766601563
0.0100040435791016 0.0210704803466797 0.227874755859375 -0.340057373046875
0.0155134201049805 0.0108165740966797 -0.103240966796875 -0.4996337890625
0.000391960144042968 0.0106945037841797 -0.39959716796875 -0.129425048828125
-0.00868749618530274 0.00638198852539062 -0.246566772460938 0.21771240234375
-0.0022735595703125 -0.00933456420898438 -0.0102386474609375 0.241287231445312
0.00238609313964844 -0.0118379592895508 0.144378662109375 0.11285400390625
0.00883007049560547 -0.00225830078125 0.170150756835938 -0.0465087890625
0.0172910690307617 0.000605583190917969 -0.18353271484375 0.00134277343750001
0.00936794281005859 9.5367431640625E-07 -0.0980148315429688 -0.137222290039062
-0.00175046920776367 -0.00508928298950195 0.1390380859375 -0.227951049804688
-0.0124921798706055 0.0053558349609375 0.374786376953125 -0.076080322265625
-0.0245742797851563 0.00509452819824219 0.292938232421875 0.332275390625
0.00148487091064453 -0.0110273361206055 -0.085723876953125 0.480560302734375
0.0180435180664062 0.0134220123291016 -0.234848022460938 0.23541259765625
0.0274906158447266 0.0090789794921875 0.064727783203125 -0.00568771362304687
0.0248737335205078 -0.00134658813476563 0.209716796875 -0.356231689453125
0.0144796371459961 -0.00925922393798828 -0.138885498046875 -0.4906005859375
-0.00759077072143555 0.00305652618408203 -0.403228759765625 -0.10333251953125
-0.0128269195556641 0.009002685546875 -0.227569580078125 0.227691650390625
-0.00320982933044434 -0.00359463691711426 0.00741577148437499 0.243087768554688
0.00297784805297852 -0.00429940223693848 0.149337768554688 0.109375
0.0111093521118164 0.00382900238037109 0.167922973632813 -0.0495147705078125
0.0197353363037109 0.00676727294921875 -0.18280029296875 -0.000671386718750032
0.00966835021972656 0.00860309600830078 -0.0940017700195313 -0.135238647460937
-0.00424838066101074 0.00260019302368164 0.147552490234375 -0.224853515625
-0.0185604095458984 0.0031280517578125 0.379364013671875 -0.06756591796875
-0.0287494659423828 -0.00931930541992188 0.28533935546875 0.338653564453125
0.011474609375 -0.0360488891601562 -0.1005859375 0.477264404296875
0.0442085266113281 -0.00710296630859375 -0.24163818359375 0.231475830078125
0.0586585998535156 -0.00510787963867188 0.0630569458007813 -0.00846481323242188
0.0401878356933594 -0.026153564453125 0.199432373046875 -0.359710693359375
0.0101146697998047 -0.0311603546142578 -0.152191162109375 -0.48651123046875
-0.0179977416992188 -0.0048828125 -0.40521240234375 -0.095428466796875
-0.0155496597290039 0.0119457244873047 -0.219573974609375 0.232040405273438
-0.00400543212890625 0.00361800193786621 0.0149078369140625 0.245040893554688
0.00296401977539062 0.00489521026611328 0.152740478515625 0.110076904296875
0.0130147933959961 0.00956821441650391 0.167709350585938 -0.0500030517578125
0.022491455078125 0.0122051239013672 -0.181472778320313 0.0027313232421875
0.00811004638671875 0.0188217163085938 -0.09539794921875 -0.130195617675781
-0.00548744201660156 0.0109691619873047 0.141799926757813 -0.226654052734375
-0.0239715576171875 0.00179481506347656 0.372528076171875 -0.07757568359375
-0.0339832305908203 -0.0241680145263672 0.29302978515625 0.32781982421875
0.0166778564453125 -0.0621833801269531 -0.086212158203125 0.47808837890625
0.0688323974609375 -0.0308647155761719 -0.24371337890625 0.242355346679688
0.0916366577148438 -0.0206146240234375 0.0485076904296875 -0.00274658203125
0.056732177734375 -0.0530433654785156 0.19512939453125 -0.349609375
0.00789260864257813 -0.0547599792480469 -0.144927978515625 -0.489959716796875
-0.0273933410644531 -0.0149459838867187 -0.40704345703125 -0.107086181640625
-0.0187721252441406 0.0144157409667969 -0.2259521484375 0.226303100585937
-0.00521659851074219 0.0151901245117188 0.010406494140625 0.246429443359375
0.00351333618164063 0.0157585144042969 0.152328491210937 0.114364624023437
0.0171432495117188 0.016082763671875 0.167449951171875 -0.047821044921875
0.0249595642089844 0.0177249908447266 -0.17840576171875 0.00723266601562503
0.00684738159179687 0.0282707214355469 -0.102043151855469 -0.123260498046875
-0.00631523132324219 0.0201492309570313 0.121383666992188 -0.230758666992188
-0.0288562774658203 0.00274848937988282 0.3560791015625 -0.10528564453125
-0.0402374267578125 -0.0347709655761719 0.3154296875 0.292236328125
0.0146942138671875 -0.08734130859375 -0.0445556640625 0.47967529296875
0.0885696411132813 -0.0577850341796875 -0.241363525390625 0.267684936523437
0.124000549316406 -0.0373458862304688 0.0215225219726563 0.0136604309082031
0.0783004760742188 -0.0780563354492188 0.202545166015625 -0.32562255859375
0.0089874267578125 -0.0811538696289063 -0.109161376953125 -0.49798583984375
-0.0362968444824219 -0.028839111328125 -0.4031982421875 -0.140960693359375
-0.0246162414550781 0.0156021118164063 -0.250167846679688 0.210113525390625
-0.00562858581542969 0.0218544006347656 -0.011138916015625 0.249603271484375
0.00277900695800781 0.0276679992675781 0.147994995117188 0.124893188476563
0.0202770233154297 0.0227928161621094 0.170669555664063 -0.039306640625
0.00728797912597656 -0.017608642578125 -0.181488037109375 0.0291595458984375
0.0032196044921875 -0.0108470916748047 -0.140884399414062 -0.118637084960938
0.00736236572265625 -0.0186386108398438 0.0340118408203125 -0.2412109375
0.00861358642578125 0.00404500961303711 0.291229248046875 -0.1788330078125
-0.00541496276855469 0.0279388427734375 0.372161865234375 0.195587158203125
-0.0124073028564453 0.0246601104736328 0.0947265625 0.473297119140625
-0.0151176452636719 0.0404243469238281 -0.18487548828125 0.33154296875
-0.0223674774169922 0.0264015197753906 -0.00319290161132812 0.0515823364257813
-0.0127487182617188 0.0350341796875 0.270858764648438 -0.257339477539063
0.009307861328125 0.0256748199462891 0.042022705078125 -0.51361083984375
0.00753211975097656 0.0166091918945313 -0.35906982421875 -0.246368408203125
0.00201296806335449 0.00377345085144043 -0.32110595703125 0.152069091796875
0.00705242156982422 -0.00968456268310547 -0.0869903564453125 0.2374267578125
0.00200939178466797 -0.0153493881225586 0.119110107421875 0.132949829101563
0.00147628784179687 -0.0134115219116211 0.173263549804688 -0.0252227783203125
0.00890922546386719 -0.015711784362793 -0.182571411132813 0.023895263671875
0.00594425201416016 -0.0121355056762695 -0.132026672363281 -0.124427795410156
0.00436782836914063 -0.0189685821533203 0.0597076416015625 -0.240249633789063
0.00542545318603516 0.00570583343505859 0.315093994140625 -0.154144287109375
-0.00834083557128906 0.0297470092773437 0.35662841796875 0.233001708984375
-0.0115909576416016 0.0274868011474609 0.046783447265625 0.4803466796875
-0.0177955627441406 0.0441627502441406 -0.1990966796875 0.305206298828125
-0.0245895385742187 0.0295257568359375 0.0182514190673828 0.0345001220703125
-0.0102500915527344 0.0384101867675781 0.2591552734375 -0.285888671875
0.0123786926269531 0.0280437469482422 -0.00720214843750001 -0.511993408203125
0.00756454467773437 0.0174055099487305 -0.375 -0.2037353515625
-0.00018930435180664 0.00437760353088379 -0.297454833984375 0.17742919921875
0.00310516357421875 -0.0122833251953125 -0.060699462890625 0.2391357421875
0.0025777816772461 -0.0172710418701172 0.128593444824219 0.124870300292969
0.00291824340820313 -0.011052131652832 0.171585083007812 -0.03411865234375
0.0116796493530273 -0.0112209320068359 -0.18426513671875 0.015960693359375
0.00823593139648437 -0.0109624862670898 -0.120246887207031 -0.1302490234375
0.00358200073242187 -0.0165739059448242 0.088897705078125 -0.23779296875
0.00018310546875 0.00699520111083984 0.339752197265625 -0.127685546875
-0.0127582550048828 0.0265235900878906 0.33740234375 0.27093505859375
-0.0101032257080078 0.0220451354980469 -0.000885009765625023 0.482452392578125
-0.0141487121582031 0.0407752990722656 -0.211013793945313 0.278121948242187
-0.0169353485107422 0.0275440216064453 0.0409736633300781 0.0175933837890625
-0.00219917297363281 0.0336551666259766 0.241119384765625 -0.315185546875
0.0147438049316406 0.0222949981689453 -0.06500244140625 -0.505096435546875
0.005279541015625 0.0147686004638672 -0.391143798828125 -0.1595458984375
-0.00470876693725586 0.00502395629882813 -0.270111083984375 0.201187133789063
2.86102294921864E-05 -0.0120639801025391 -0.0316162109375 0.24072265625
0.00213146209716797 -0.0155057907104492 0.137092590332031 0.117393493652344
0.0058131217956543 -0.00772619247436523 0.170974731445313 -0.0416717529296875
0.0143051147460938 -0.00555133819580078 -0.183486938476563 0.00909423828125003
0.00947475433349609 -0.00637531280517578 -0.108467102050781 -0.133659362792969
1.14440917968756E-05 -0.0117874145507813 0.115890502929688 -0.233444213867188
-0.0061945915222168 0.0072774887084961 0.361846923828125 -0.0986328125
-0.0182209014892578 0.0192356109619141 0.3135986328125 0.3060302734375
-0.00614261627197266 0.00941085815429687 -0.04949951171875 0.482086181640625
-0.00180435180664062 0.0298194885253906 -0.223678588867188 0.253921508789062
0.000461578369140623 0.0213336944580078 0.0565223693847656 0.00310897827148438
0.00976181030273438 0.0207691192626953 0.222564697265625 -0.340087890625
0.0160293579101563 0.00988292694091797 -0.108123779296875 -0.49627685546875
-0.000298500061035156 0.00923538208007813 -0.399658203125 -0.12359619140625
-0.00911998748779297 0.00679588317871094 -0.242996215820313 0.218856811523437
-0.00249671936035156 -0.0086674690246582 -0.00825500488281249 0.241119384765625
0.00249481201171875 -0.0115127563476563 0.145248413085938 0.110626220703125
0.00759696960449219 -0.00225830078125 0.168899536132813 -0.0481719970703125
0.0175142288208008 0.000585556030273438 -0.183731079101562 0.00404357910156251
0.00963211059570312 0.000551223754882812 -0.0997390747070313 -0.134788513183594
-0.00171089172363281 -0.00541162490844726 0.136520385742188 -0.229660034179687
-0.0127687454223633 0.00538539886474609 0.372344970703125 -0.079864501953125
-0.0235080718994141 0.00605964660644531 0.296142578125 0.3277587890625
0.00167465209960938 -0.0107698440551758 -0.082122802734375 0.479339599609375
0.018585205078125 0.0135211944580078 -0.231796264648438 0.23773193359375
0.0268840789794922 0.00938987731933594 0.0650596618652344 -0.00623703002929687
0.0235443115234375 -0.000726699829101563 0.203460693359375 -0.35504150390625
0.0144290924072266 -0.00897693634033203 -0.143524169921875 -0.4866943359375
-0.00782489776611328 0.00345897674560547 -0.403472900390625 -0.0985107421875
-0.012333869934082 0.00905609130859375 -0.224075317382813 0.229278564453125
-0.00331473350524902 -0.00323867797851562 0.010040283203125 0.242080688476563
0.00237798690795898 -0.00374436378479004 0.15045166015625 0.1065673828125
0.0113763809204102 0.00433921813964844 0.166961669921875 -0.0512847900390625
0.0203647613525391 0.00605964660644531 -0.182113647460937 0.00259399414062501
0.00935745239257813 0.00919818878173828 -0.095123291015625 -0.132659912109375
-0.00447607040405274 0.00254678726196289 0.144683837890625 -0.225845336914063
-0.0189342498779297 0.00275421142578125 0.37652587890625 -0.071990966796875
-0.0281562805175781 -0.00918960571289062 0.28839111328125 0.334197998046875
0.0116767883300781 -0.0350742340087891 -0.095306396484375 0.4769287109375
0.0438880920410156 -0.0067291259765625 -0.237686157226563 0.233413696289063
0.0578575134277344 -0.00605010986328125 0.0624504089355469 -0.00865554809570313
0.0396003723144531 -0.026458740234375 0.192352294921875 -0.360076904296875
0.0097503662109375 -0.0306682586669922 -0.157135009765625 -0.48321533203125
-0.0170316696166992 -0.00436973571777344 -0.406097412109375 -0.0912780761718751
-0.0158843994140625 0.0126504898071289 -0.216690063476563 0.232742309570313
-0.00385713577270508 0.00441980361938477 0.017120361328125 0.242935180664062
0.00292825698852539 0.00443935394287109 0.1529541015625 0.1075439453125
0.0140714645385742 0.00900936126708985 0.167068481445313 -0.052154541015625
0.022674560546875 0.0118083953857422 -0.179855346679688 0.00454711914062496
0.00825309753417969 0.018280029296875 -0.0963363647460938 -0.128463745117188
-0.00609397888183594 0.0112524032592773 0.138534545898438 -0.227981567382812
-0.0245132446289063 0.00123977661132812 0.370025634765625 -0.083770751953125
-0.0333957672119141 -0.0234355926513672 0.2955322265625 0.32177734375
0.0169258117675781 -0.06231689453125 -0.082000732421875 0.476837158203125
0.0691299438476563 -0.0311355590820313 -0.240310668945312 0.244369506835938
0.0905990600585937 -0.0221786499023438 0.0484085083007813 -0.0022125244140625
0.0566062927246094 -0.0537986755371094 0.191680908203125 -0.349853515625
0.006988525390625 -0.0551910400390625 -0.14935302734375 -0.4857177734375
-0.0276584625244141 -0.0142078399658203 -0.406280517578125 -0.10308837890625
-0.0191669464111328 0.0145301818847656 -0.223114013671875 0.227508544921875
-0.00494575500488281 0.0150852203369141 0.01300048828125 0.245101928710938
0.00357818603515625 0.0155963897705078 0.15313720703125 0.111480712890625
0.0172510147094727 0.0158500671386719 0.167022705078125 -0.0493927001953125
0.0261669158935547 0.0170783996582031 -0.177459716796875 0.010101318359375
0.00822257995605469 0.0273361206054688 -0.102783203125 -0.121185302734375
-0.00596809387207031 0.02044677734375 0.117401123046875 -0.230575561523438
-0.0277976989746094 0.00279045104980469 0.3536376953125 -0.11004638671875
-0.0410881042480469 -0.0335655212402344 0.316925048828125 0.287689208984375
0.0147018432617188 -0.0868301391601563 -0.03948974609375 0.47894287109375
0.0878524780273438 -0.0588531494140625 -0.237060546875 0.26995849609375
0.122932434082031 -0.0389175415039063 0.0214118957519531 0.0128726959228516
0.0767440795898438 -0.0781173706054688 0.19683837890625 -0.326324462890625
0.00824737548828125 -0.081573486328125 -0.11474609375 -0.493743896484375
-0.03594970703125 -0.0272064208984375 -0.402801513671875 -0.13739013671875
-0.024566650390625 0.0149326324462891 -0.246047973632813 0.211532592773437
-0.00510025024414062 0.0218868255615234 -0.00927734375000002 0.249099731445313
0.00330162048339844 0.0275974273681641 0.149124145507813 0.122833251953125
0.0196857452392578 0.0215187072753906 0.170059204101563 -0.040313720703125
0.00659847259521484 -0.0170087814331055 -0.180252075195313 0.030731201171875
0.00282001495361328 -0.0099334716796875 -0.1412353515625 -0.115753173828125
0.00567054748535156 -0.0181884765625 0.03192138671875 -0.240951538085938
0.00873279571533203 0.00385618209838867 0.288421630859375 -0.179595947265625
-0.00465965270996094 0.0275917053222656 0.371795654296875 0.191619873046875
-0.0110130310058594 0.0248279571533203 0.098876953125 0.469573974609375
-0.013397216796875 0.0392990112304688 -0.180877685546875 0.3294677734375
-0.0226459503173828 0.0263786315917969 -0.00330352783203125 0.0502128601074219
-0.0115814208984375 0.0348567962646484 0.266357421875 -0.25848388671875
0.00912666320800781 0.0258750915527344 0.037353515625 -0.512115478515625
0.00730705261230468 0.0167732238769531 -0.359466552734375 -0.241912841796875
0.00268745422363281 0.00382828712463379 -0.318145751953125 0.153167724609375
0.00703144073486328 -0.0101747512817383 -0.083831787109375 0.237625122070313
0.0019845962524414 -0.0155620574951172 0.119895935058594 0.130447387695313
0.00310707092285156 -0.0134201049804688 0.171844482421875 -0.0268096923828125
0.00757598876953125 -0.0160951614379883 -0.181304931640625 0.026092529296875
0.00659751892089844 -0.0122966766357422 -0.131317138671875 -0.121780395507812
0.00453567504882813 -0.0193653106689453 0.0573272705078125 -0.239028930664063
0.00504207611083984 0.00565719604492188 0.310943603515625 -0.157196044921875
-0.00657272338867188 0.0298042297363281 0.3570556640625 0.227935791015625
-0.0106658935546875 0.0281505584716797 0.05194091796875 0.4775390625
-0.0167922973632813 0.043426513671875 -0.19427490234375 0.30572509765625
-0.0244274139404297 0.0296726226806641 0.0186290740966797 0.0348663330078125
-0.00896453857421875 0.0382308959960938 0.256500244140625 -0.284881591796875
0.0119495391845703 0.0276374816894531 -0.013763427734375 -0.508392333984375
0.00769138336181641 0.0172939300537109 -0.375823974609375 -0.199615478515625
-0.000189065933227539 0.00439047813415527 -0.29315185546875 0.179840087890625
0.00355434417724609 -0.0115041732788086 -0.05810546875 0.238983154296875
0.00271320343017578 -0.0167169570922852 0.129730224609375 0.121536254882813
0.0026702880859375 -0.0114679336547852 0.170303344726563 -0.0356292724609375
0.0114212036132813 -0.0121269226074219 -0.183883666992188 0.0182647705078125
0.00812816619873047 -0.0105991363525391 -0.12103271484375 -0.128082275390625
0.00280094146728516 -0.0168647766113281 0.08648681640625 -0.238540649414063
-0.000223636627197266 0.00698184967041016 0.337493896484375 -0.12939453125
-0.0120468139648438 0.0272655487060547 0.338409423828125 0.26739501953125
-0.00963211059570313 0.0212440490722656 0.00228881835937503 0.479888916015625
-0.0128211975097656 0.0401268005371094 -0.2078857421875 0.277999877929688
-0.0175838470458984 0.0270614624023438 0.040313720703125 0.0171890258789063
-0.00199317932128906 0.033416748046875 0.236602783203125 -0.31640625
0.014556884765625 0.0223598480224609 -0.06787109375 -0.50115966796875
0.00532913208007813 0.0149927139282227 -0.3892822265625 -0.155914306640625
-0.00518465042114258 0.00449752807617188 -0.266036987304688 0.203414916992187
0.000494003295898439 -0.0116214752197266 -0.030670166015625 0.239776611328125
0.00146961212158203 -0.0163078308105469 0.138259887695313 0.114631652832031
0.00588321685791016 -0.00765085220336914 0.16925048828125 -0.0418548583984375
0.0152597427368164 -0.00653266906738281 -0.182846069335938 0.0125579833984375
0.00920009613037109 -0.00629425048828125 -0.1102294921875 -0.131561279296875
2.19345092773447E-05 -0.0113620758056641 0.114303588867188 -0.233505249023438
-0.00663185119628906 0.00701189041137695 0.356781005859375 -0.10302734375
-0.0167922973632812 0.0191440582275391 0.315338134765625 0.302032470703125
-0.00448894500732422 0.00954532623291016 -0.0450439453125 0.479949951171875
-0.00158309936523437 0.0296993255615234 -0.220626831054687 0.25518798828125
0.000171661376953126 0.0207080841064453 0.0564155578613281 0.00337982177734375
0.0110969543457031 0.0197944641113281 0.21826171875 -0.340484619140625
0.0156259536743164 0.00976848602294922 -0.111907958984375 -0.49261474609375
0.000557899475097657 0.0101690292358398 -0.39794921875 -0.12066650390625
-0.00828742980957031 0.00681781768798828 -0.238433837890625 0.219528198242187
-0.00273227691650391 -0.00876522064208985 -0.00592041015624998 0.240066528320313
0.00257492065429688 -0.0113706588745117 0.145172119140625 0.108200073242187
0.00795221328735352 -0.00183296203613281 0.1666259765625 -0.0498046875
0.0177879333496094 0.000637054443359375 -0.183074951171875 0.00669860839843749
0.0100126266479492 0.00124645233154297 -0.100845336914063 -0.133399963378906
-0.0019078254699707 -0.00487375259399414 0.1326904296875 -0.230117797851563
-0.0125141143798828 0.00586032867431641 0.369110107421875 -0.083740234375
-0.0233325958251953 0.00600242614746094 0.298004150390625 0.32391357421875
0.00179862976074219 -0.0105562210083008 -0.07598876953125 0.478057861328125
0.0195560455322266 0.0130519866943359 -0.228118896484375 0.238693237304688
0.0267257690429688 0.00823783874511719 0.0653572082519531 -0.00660324096679687
0.0236797332763672 -0.000444412231445313 0.200531005859375 -0.35467529296875
0.0128955841064453 -0.00932979583740234 -0.1474609375 -0.483428955078125
-0.00774908065795898 0.0032649040222168 -0.40277099609375 -0.0956420898437499
-0.0121726989746094 0.010004997253418 -0.221786499023438 0.23089599609375
-0.0035250186920166 -0.00261068344116211 0.011383056640625 0.240524291992187
0.00293612480163574 -0.00385093688964844 0.150711059570313 0.1041259765625
0.0102405548095703 0.00409603118896484 0.16497802734375 -0.0526580810546875
0.0209159851074219 0.00612068176269531 -0.181350708007813 0.00483703613281247
0.0104360580444336 0.0101079940795898 -0.0956573486328125 -0.132041931152344
-0.00434350967407227 0.00261235237121582 0.141006469726563 -0.2266845703125
-0.0199317932128906 0.00364494323730469 0.373931884765625 -0.076812744140625
-0.0283012390136719 -0.00873374938964844 0.289154052734375 0.328948974609375
0.0110092163085938 -0.035614013671875 -0.090667724609375 0.47589111328125
0.0444145202636719 -0.00684356689453125 -0.23358154296875 0.233978271484375
0.0575599670410156 -0.005706787109375 0.0614280700683594 -0.0083465576171875
0.0385246276855469 -0.0269927978515625 0.189849853515625 -0.359954833984375
0.00923538208007813 -0.0297031402587891 -0.15899658203125 -0.479736328125
-0.0175876617431641 -0.00409317016601563 -0.403076171875 -0.086456298828125
-0.0152206420898438 0.0117912292480469 -0.212509155273438 0.233184814453125
-0.00354099273681641 0.00517892837524414 0.0200042724609375 0.241531372070312
0.00298571586608887 0.00369119644165039 0.152313232421875 0.105911254882813
0.0125198364257812 0.00814342498779297 0.16485595703125 -0.05303955078125
0.0229339599609375 0.0119495391845703 -0.17828369140625 0.00659179687500001
0.00894737243652344 0.0184688568115234 -0.0971221923828125 -0.126823425292969
-0.00627803802490234 0.0106935501098633 0.135177612304688 -0.22900390625
-0.0249462127685547 0.00153923034667968 0.36773681640625 -0.087127685546875
-0.0332984924316406 -0.0230274200439453 0.29791259765625 0.3182373046875
0.0169258117675781 -0.0617141723632813 -0.0770263671875 0.4754638671875
0.06884765625 -0.0320510864257813 -0.237533569335938 0.244430541992188
0.0901260375976563 -0.0234146118164063 0.0477638244628906 -0.00238800048828125
0.0551376342773438 -0.0537109375 0.187347412109375 -0.350189208984375
0.00738525390625 -0.0545997619628906 -0.151885986328125 -0.4827880859375
-0.0272922515869141 -0.0134449005126953 -0.40435791015625 -0.09820556640625
-0.0189838409423828 0.0150566101074219 -0.2188720703125 0.228424072265625
-0.00430011749267578 0.0152006149291992 0.0157012939453125 0.244125366210938
0.00368881225585937 0.0159025192260742 0.153427124023438 0.10906982421875
0.0172319412231445 0.0146455764770508 0.165374755859375 -0.05059814453125
0.0260906219482422 0.0165061950683594 -0.175933837890625 0.0124359130859375
0.00828933715820313 0.0276718139648438 -0.103103637695313 -0.119346618652344
-0.00557899475097656 0.0201225280761719 0.115127563476563 -0.231552124023438
-0.0287723541259766 0.00265121459960937 0.350860595703125 -0.111053466796875
-0.0412178039550781 -0.0322456359863281 0.318634033203125 0.28326416015625
0.014068603515625 -0.086456298828125 -0.03564453125 0.476348876953125
0.0877304077148437 -0.0600509643554687 -0.2333984375 0.271697998046875
0.120643615722656 -0.0390548706054688 0.0214710235595703 0.0131187438964844
0.0752410888671875 -0.0787582397460938 0.192657470703125 -0.325225830078125
0.0079803466796875 -0.0801620483398438 -0.119659423828125 -0.489166259765625
-0.0360527038574219 -0.0267524719238281 -0.401092529296875 -0.1329345703125
-0.0238628387451172 0.0146617889404297 -0.2431640625 0.211807250976563
-0.00430107116699219 0.0213794708251953 -0.00590515136718749 0.247268676757813
0.00356101989746094 0.0275993347167969 0.149444580078125 0.119613647460938
0.0208091735839844 0.0211925506591797 0.169387817382813 -0.04229736328125
0.00641727447509766 -0.0172958374023437 -0.178970336914062 0.03265380859375
0.00318527221679687 -0.0102968215942383 -0.1417236328125 -0.113494873046875
0.00546646118164063 -0.0174503326416016 0.0292816162109375 -0.23956298828125
0.00794172286987305 0.00363636016845703 0.283782958984375 -0.1820068359375
-0.00423622131347656 0.0273265838623047 0.371826171875 0.18621826171875
-0.0113010406494141 0.0251140594482422 0.099853515625 0.465606689453125
-0.0146064758300781 0.0402450561523438 -0.17828369140625 0.329925537109375
-0.0217704772949219 0.0264873504638672 -0.00226211547851563 0.0506515502929687
-0.0119247436523438 0.0355491638183594 0.263031005859375 -0.256744384765625
0.00967597961425781 0.0258808135986328 0.03375244140625 -0.508392333984375
0.00691127777099609 0.0172901153564453 -0.35858154296875 -0.238372802734375
0.00289726257324219 0.00443506240844727 -0.31475830078125 0.155059814453125
0.00628948211669922 -0.00990390777587891 -0.08148193359375 0.235733032226562
0.00141620635986328 -0.015742301940918 0.120986938476562 0.128074645996094
0.000992774963378906 -0.0130472183227539 0.170745849609375 -0.0277252197265625
0.00790882110595703 -0.0149106979370117 -0.179183959960938 0.0286712646484375
0.00651454925537109 -0.0113601684570313 -0.1319580078125 -0.118705749511719
0.0035247802734375 -0.0186939239501953 0.053497314453125 -0.238784790039063
0.00526762008666992 0.00454950332641602 0.309051513671875 -0.15985107421875
-0.00783729553222656 0.0286026000976563 0.35760498046875 0.22320556640625
-0.00923728942871094 0.0272026062011719 0.054351806640625 0.4739990234375
-0.017578125 0.0437202453613281 -0.19183349609375 0.30419921875
-0.0241947174072266 0.0291748046875 0.0192775726318359 0.0340023040771484
-0.00940322875976562 0.0372810363769531 0.25299072265625 -0.2869873046875
0.0116653442382813 0.02734375 -0.016632080078125 -0.5052490234375
0.0081024169921875 0.017369270324707 -0.3739013671875 -0.197479248046875
-0.00011134147644043 0.0040135383605957 -0.29119873046875 0.180419921875
0.00254726409912109 -0.0115032196044922 -0.0559234619140625 0.237640380859375
0.00134563446044922 -0.0171308517456055 0.130538940429688 0.120071411132813
0.00229835510253906 -0.0124664306640625 0.169113159179688 -0.0372314453125
0.0105991363525391 -0.0104551315307617 -0.1802978515625 0.020843505859375
0.00716304779052734 -0.0105009078979492 -0.120338439941406 -0.125442504882813
0.00138759613037109 -0.0160655975341797 0.0836944580078125 -0.237777709960938
-0.000117778778076171 0.0071868896484375 0.332855224609375 -0.131927490234375
-0.0115947723388672 0.0275382995605469 0.34014892578125 0.262847900390625
-0.00764083862304688 0.0226154327392578 0.00656127929687502 0.47723388671875
-0.0128135681152344 0.0405044555664063 -0.203887939453125 0.279769897460938
-0.0174560546875 0.0277156829833984 0.0400657653808594 0.0180740356445313
-0.00270462036132812 0.0326766967773438 0.2318115234375 -0.31671142578125
0.0166225433349609 0.0216178894042969 -0.07122802734375 -0.499053955078125
0.00589179992675781 0.0143041610717773 -0.38897705078125 -0.152374267578125
-0.00382852554321289 0.00460958480834961 -0.264389038085938 0.20367431640625
0.000400543212890625 -0.0112085342407227 -0.0270843505859375 0.238067626953125
0.00212287902832031 -0.0147333145141602 0.137916564941406 0.112678527832031
0.00576925277709961 -0.00699663162231445 0.168289184570313 -0.044158935546875
0.0144405364990234 -0.00680446624755859 -0.181076049804688 0.014312744140625
0.00895023345947266 -0.00606155395507813 -0.109024047851562 -0.128776550292969
-0.00103855133056641 -0.0105476379394531 0.110748291015625 -0.233749389648438
-0.00690937042236328 0.00822114944458008 0.35430908203125 -0.104949951171875
-0.0166282653808594 0.0197639465332031 0.314422607421875 0.297271728515625
-0.00320911407470703 0.00975513458251953 -0.04046630859375 0.47808837890625
-0.0012054443359375 0.0304832458496094 -0.217529296875 0.2550048828125
0.00120162963867188 0.0198535919189453 0.0560989379882812 0.00205612182617188
0.0103797912597656 0.0193748474121094 0.21502685546875 -0.34014892578125
0.0167322158813477 0.0100688934326172 -0.11712646484375 -0.4892578125
-0.00047588348388672 0.00994110107421875 -0.39581298828125 -0.117431640625
-0.00897216796875 0.00752449035644531 -0.237106323242187 0.221405029296875
-0.00129175186157226 -0.00848913192749023 -0.00346374511718748 0.237396240234375
0.00222492218017578 -0.0118741989135742 0.145309448242188 0.106307983398438
0.00784492492675781 -0.00158452987670898 0.165786743164063 -0.0504302978515625
0.0171298980712891 0.000844955444335938 -0.180648803710938 0.00927734375000003
0.00868606567382813 0.00117111206054688 -0.10101318359375 -0.130973815917969
-0.00209999084472656 -0.00465106964111328 0.1314697265625 -0.230377197265625
-0.0129985809326172 0.00629997253417969 0.366424560546875 -0.086395263671875
-0.0227432250976563 0.00709342956542969 0.298370361328125 0.319061279296875
0.00270938873291016 -0.010498046875 -0.0737609863281251 0.476470947265625
0.0183506011962891 0.0141220092773438 -0.225936889648437 0.239761352539063
0.0258846282958984 0.00799751281738281 0.063873291015625 -0.00665283203125
0.0238037109375 -0.00134468078613281 0.196685791015625 -0.355438232421875
0.0131673812866211 -0.00853729248046875 -0.150604248046875 -0.478851318359375
-0.00827169418334961 0.00288105010986328 -0.401397705078125 -0.0910949707031251
-0.0125703811645508 0.0092926025390625 -0.217483520507812 0.230545043945313
-0.00418210029602051 -0.0019996166229248 0.01251220703125 0.238449096679687
0.00238513946533203 -0.00450897216796875 0.150146484375 0.103073120117188
0.0105791091918945 0.00294780731201172 0.16339111328125 -0.053741455078125
0.0218334197998047 0.00575828552246094 -0.180007934570313 0.00785827636718753
0.00971317291259766 0.0104570388793945 -0.0963821411132813 -0.128791809082031
-0.00496864318847656 0.00278091430664063 0.137298583984375 -0.22784423828125
-0.0191783905029297 0.00220489501953125 0.370758056640625 -0.077972412109375
-0.0271759033203125 -0.00891876220703125 0.289703369140625 0.323974609375
0.0106582641601562 -0.0358123779296875 -0.08648681640625 0.473541259765625
0.0443572998046875 -0.00760650634765625 -0.230636596679688 0.234771728515625
0.0566825866699219 -0.00640869140625 0.0620231628417969 -0.00922012329101562
0.0380363464355469 -0.0272026062011719 0.1851806640625 -0.35693359375
0.00957870483398437 -0.0323028564453125 -0.164093017578125 -0.475921630859375
-0.0164089202880859 -0.00487613677978516 -0.40228271484375 -0.0826416015625001
-0.0148286819458008 0.0128068923950195 -0.20989990234375 0.234039306640625
-0.00423145294189453 0.00507545471191406 0.020599365234375 0.240631103515625
0.00321674346923828 0.0044560432434082 0.153350830078125 0.102767944335938
0.013554573059082 0.00883007049560547 0.16265869140625 -0.0542144775390625
0.0244293212890625 0.0116062164306641 -0.17877197265625 0.00857543945312504
0.00806617736816406 0.0185813903808594 -0.0963821411132813 -0.123390197753906
-0.00645160675048828 0.0110769271850586 0.133316040039063 -0.228042602539063
-0.0246372222900391 0.00205039978027344 0.364837646484375 -0.088409423828125
-0.0327014923095703 -0.0232601165771484 0.2977294921875 0.311676025390625
0.0164451599121094 -0.0607070922851563 -0.073699951171875 0.473846435546875
0.0685348510742188 -0.0324134826660156 -0.2342529296875 0.244903564453125
0.0888900756835938 -0.022491455078125 0.0484542846679688 -0.00264358520507813
0.0543594360351563 -0.0534591674804688 0.18377685546875 -0.349578857421875
0.00513458251953125 -0.0543632507324219 -0.155120849609375 -0.47802734375
-0.0274658203125 -0.0142726898193359 -0.404083251953125 -0.0952453613281249
-0.0193252563476563 0.0146560668945312 -0.216140747070312 0.229415893554687
-0.00440883636474609 0.0145120620727539 0.0184173583984375 0.243240356445313
0.00333023071289062 0.016204833984375 0.153594970703125 0.10760498046875
0.0174732208251953 0.0154428482055664 0.164566040039062 -0.0521240234375
0.0258808135986328 0.0168781280517578 -0.17626953125 0.014678955078125
0.00871086120605469 0.0274791717529297 -0.102615356445313 -0.116844177246094
-0.00551986694335938 0.0208110809326172 0.112930297851562 -0.231796264648437
-0.027984619140625 0.00275802612304688 0.348052978515625 -0.114776611328125
-0.0400428771972656 -0.0326957702636719 0.3192138671875 0.27923583984375
0.0144805908203125 -0.0860977172851563 -0.0308837890625 0.4747314453125
0.087371826171875 -0.0591583251953125 -0.229568481445313 0.270263671875
0.119903564453125 -0.0398406982421875 0.0206737518310547 0.0127353668212891
0.0737228393554688 -0.0798568725585938 0.18988037109375 -0.3243408203125
0.0064544677734375 -0.0816574096679688 -0.121307373046875 -0.48614501953125
-0.0360641479492188 -0.027191162109375 -0.3995361328125 -0.13018798828125
-0.024658203125 0.0150794982910156 -0.239822387695313 0.2122802734375
-0.00451087951660156 0.0220375061035156 -0.00486755371093747 0.244735717773438
0.00261306762695313 0.0260829925537109 0.14923095703125 0.11822509765625
0.0204486846923828 0.0221519470214844 0.166854858398438 -0.043701171875
0.00701999664306641 -0.0167417526245117 -0.177383422851563 0.034637451171875
0.00379228591918945 -0.0082240104675293 -0.141067504882812 -0.111068725585938
0.005859375 -0.0179576873779297 0.02740478515625 -0.238540649414063
0.00800752639770508 0.00400304794311523 0.282440185546875 -0.18316650390625
-0.00349617004394531 0.0280055999755859 0.3721923828125 0.1832275390625
-0.0106010437011719 0.0245647430419922 0.103546142578125 0.464599609375
-0.0133934020996094 0.0403022766113281 -0.175048828125 0.329345703125
-0.0221290588378906 0.0259952545166016 -0.00294113159179688 0.0501556396484375
-0.0113410949707031 0.0343742370605469 0.261383056640625 -0.256561279296875
0.00931930541992187 0.0255088806152344 0.0299682617187501 -0.505096435546875
0.00804328918457031 0.0164337158203125 -0.357757568359375 -0.23565673828125
0.00261735916137695 0.00440883636474609 -0.312835693359375 0.1568603515625
0.00660419464111328 -0.00950527191162109 -0.0799713134765625 0.23529052734375
0.00126171112060547 -0.0164203643798828 0.120590209960938 0.126884460449219
0.00158309936523437 -0.0136175155639648 0.169692993164063 -0.0294342041015625
0.008331298828125 -0.0157012939453125 -0.17877197265625 0.0293121337890625
0.00622653961181641 -0.0105819702148438 -0.131889343261719 -0.117424011230469
0.00393486022949219 -0.0182037353515625 0.0534210205078125 -0.238113403320313
0.00441312789916992 0.00560331344604492 0.306854248046875 -0.160247802734375
-0.00627708435058594 0.0297660827636719 0.357391357421875 0.21923828125
-0.00997161865234375 0.0277042388916016 0.056884765625 0.4720458984375
-0.0156021118164062 0.0439643859863281 -0.18963623046875 0.30419921875
-0.0249481201171875 0.0293712615966797 0.0187129974365234 0.0340652465820313
-0.00902938842773437 0.0374717712402344 0.249969482421875 -0.285003662109375
0.0126285552978516 0.0272121429443359 -0.01837158203125 -0.502655029296875
0.00788211822509766 0.0170602798461914 -0.37335205078125 -0.193878173828125
8.74996185302734E-05 0.00411915779113769 -0.288970947265625 0.180694580078125
0.00286579132080078 -0.0111780166625977 -0.0544891357421875 0.2362060546875
0.0014352798461914 -0.0172948837280273 0.130760192871094 0.118537902832031
0.00280380249023438 -0.0117530822753906 0.167510986328125 -0.0380401611328125
0.0106649398803711 -0.0108757019042969 -0.180404663085938 0.0224609375
0.00817394256591797 -0.00940418243408203 -0.120796203613281 -0.123619079589844
0.00151538848876953 -0.0164804458618164 0.0811004638671875 -0.23699951171875
0.000191211700439453 0.00719165802001953 0.330902099609375 -0.134063720703125
-0.0113239288330078 0.0276260375976563 0.337188720703125 0.25811767578125
-0.00749969482421875 0.0225334167480469 0.00946044921875004 0.475799560546875
-0.0118141174316406 0.0399703979492188 -0.2021484375 0.278488159179688
-0.0176105499267578 0.0276889801025391 0.0401649475097656 0.0160942077636719
-0.001800537109375 0.0325946807861328 0.23077392578125 -0.31561279296875
0.0151729583740234 0.0218868255615234 -0.073150634765625 -0.495452880859375
0.00598716735839844 0.0145788192749023 -0.38739013671875 -0.149993896484375
-0.00437498092651367 0.0049748420715332 -0.260162353515625 0.20391845703125
0.000134468078613281 -0.011448860168457 -0.02569580078125 0.23834228515625
0.00145721435546875 -0.0151166915893555 0.138755798339844 0.111480712890625
0.00492191314697266 -0.0075531005859375 0.166427612304688 -0.0448760986328125
0.0147819519042969 -0.00639247894287109 -0.18048095703125 0.0155487060546875
0.00971794128417969 -0.00574398040771484 -0.109428405761719 -0.127243041992188
-0.00136947631835938 -0.0104055404663086 0.108123779296875 -0.2333984375
-0.0065755844116211 0.00722980499267578 0.352081298828125 -0.10650634765625
-0.0165443420410156 0.019775390625 0.315765380859375 0.29345703125
-0.00372695922851563 0.00944709777832031 -0.03839111328125 0.47564697265625
-0.000484466552734373 0.0295124053955078 -0.21435546875 0.254440307617188
0.000293731689453125 0.0193595886230469 0.0555496215820313 0.00273513793945313
0.0100479125976563 0.0194454193115234 0.2125244140625 -0.33892822265625
0.0158758163452148 0.008819580078125 -0.1173095703125 -0.485870361328125
-7.53402709960946E-05 0.00908565521240234 -0.3948974609375 -0.1143798828125
-0.00751447677612305 0.00708484649658203 -0.234481811523437 0.220626831054688
-0.00298452377319336 -0.00795984268188477 -0.00213623046875002 0.237442016601563
0.00162982940673828 -0.0116949081420898 0.145965576171875 0.104568481445313
0.00728321075439453 -0.0024871826171875 0.16375732421875 -0.0512542724609375
0.0181064605712891 8.0108642578125E-05 -0.180831909179688 0.0109710693359375
0.0101642608642578 0.00182914733886719 -0.100814819335938 -0.128364562988281
-0.00299167633056641 -0.00460147857666016 0.1282958984375 -0.230331420898438
-0.0133886337280273 0.00588607788085938 0.363525390625 -0.088653564453125
-0.0223178863525391 0.00699615478515624 0.298553466796875 0.314971923828125
0.0028533935546875 -0.0106525421142578 -0.069671630859375 0.473114013671875
0.0192070007324219 0.0129909515380859 -0.222946166992188 0.239212036132813
0.0260410308837891 0.00782012939453125 0.06329345703125 -0.00697708129882813
0.0233325958251953 -0.0014801025390625 0.192901611328125 -0.353515625
0.0136508941650391 -0.00959300994873047 -0.151702880859375 -0.475921630859375
-0.00749921798706055 0.00258398056030273 -0.399200439453125 -0.0895690917968749
-0.0121316909790039 0.00955677032470703 -0.21514892578125 0.230911254882812
-0.00374341011047363 -0.00235605239868164 0.014862060546875 0.237442016601563
0.00173640251159668 -0.00420951843261719 0.151214599609375 0.101028442382813
0.0115537643432617 0.00329875946044922 0.162704467773438 -0.0545806884765625
0.0211105346679687 0.00627517700195312 -0.178970336914062 0.00912475585937501
0.010249137878418 0.00982093811035156 -0.09564208984375 -0.126792907714844
-0.00515842437744141 0.00325345993041992 0.135894775390625 -0.227447509765625
-0.0203075408935547 0.00376129150390625 0.367706298828125 -0.08111572265625
-0.0275344848632813 -0.00754356384277344 0.290557861328125 0.32098388671875
0.0115394592285156 -0.0355873107910156 -0.083984375 0.472320556640625
0.0438613891601563 -0.00782394409179688 -0.22943115234375 0.234756469726563
0.0565414428710937 -0.00661849975585937 0.061981201171875 -0.00908660888671875
0.0378646850585938 -0.0274467468261719 0.182861328125 -0.357818603515625
0.00900077819824219 -0.0307331085205078 -0.16534423828125 -0.471923828125
-0.0169763565063477 -0.00381565093994141 -0.400238037109375 -0.0809326171874999
-0.0152072906494141 0.0123634338378906 -0.207687377929688 0.232681274414062
-0.00344133377075195 0.00578117370605469 0.0226287841796875 0.238174438476563
0.00285077095031738 0.0042119026184082 0.154388427734375 0.101150512695313
0.0135078430175781 0.00864982604980469 0.1619873046875 -0.0551910400390625
0.0243129730224609 0.0115470886230469 -0.177597045898438 0.0105438232421875
0.00949478149414063 0.0189075469970703 -0.0971221923828125 -0.122894287109375
-0.00572109222412109 0.0121755599975586 0.129852294921875 -0.227981567382813
-0.0250949859619141 0.00262641906738282 0.361968994140625 -0.09112548828125
-0.0331306457519531 -0.022491455078125 0.297576904296875 0.309478759765625
0.016082763671875 -0.0618019104003906 -0.06982421875 0.47296142578125
0.0686759948730469 -0.0324211120605469 -0.231430053710937 0.245223999023438
0.0885543823242187 -0.0229110717773437 0.0475921630859375 -0.00317764282226563
0.053192138671875 -0.0535087585449219 0.181610107421875 -0.3487548828125
0.00540924072265625 -0.054718017578125 -0.156646728515625 -0.472808837890625
-0.0266551971435547 -0.0133285522460937 -0.40203857421875 -0.0929870605468749
-0.0179557800292969 0.0145816802978516 -0.214035034179688 0.22906494140625
-0.00375556945800781 0.0152406692504883 0.0187225341796875 0.240966796875
0.00336265563964844 0.016514778137207 0.153884887695313 0.105484008789063
0.0170278549194336 0.0150632858276367 0.1624755859375 -0.05218505859375
0.0269050598144531 0.0152130126953125 -0.174606323242188 0.0161590576171875
0.00941276550292969 0.0290050506591797 -0.103721618652344 -0.116104125976562
-0.00552177429199219 0.0211219787597656 0.10980224609375 -0.2305908203125
-0.0286502838134766 0.00433731079101562 0.345672607421875 -0.11700439453125
-0.0401763916015625 -0.0314865112304688 0.31878662109375 0.27630615234375
0.0136337280273438 -0.0862884521484375 -0.029083251953125 0.47186279296875
0.086700439453125 -0.0601119995117188 -0.227035522460937 0.270965576171875
0.119308471679687 -0.0401077270507813 0.0208396911621094 0.0129108428955078
0.0734481811523438 -0.0784072875976563 0.186279296875 -0.32452392578125
0.00523376464843749 -0.0796737670898438 -0.124176025390625 -0.482879638671875
-0.0360107421875 -0.0272254943847656 -0.399383544921875 -0.126800537109375
-0.0234832763671875 0.0155696868896484 -0.238388061523438 0.212890625
-0.00432777404785156 0.022369384765625 -0.00274658203125002 0.2451171875
0.00362205505371094 0.0273723602294922 0.150299072265625 0.115890502929688
0.0197353363037109 0.0208950042724609 0.165985107421875 -0.0441741943359375
0.00728607177734375 -0.0171737670898438 -0.177017211914063 0.036224365234375
0.00390148162841797 -0.00891780853271484 -0.140609741210938 -0.109451293945312
0.0056610107421875 -0.017852783203125 0.026214599609375 -0.237930297851563
0.00800037384033203 0.00339841842651367 0.279205322265625 -0.18426513671875
-0.00364494323730469 0.0274333953857422 0.370819091796875 0.17828369140625
-0.00925636291503906 0.0245304107666016 0.105010986328125 0.461029052734375
-0.0124855041503906 0.0395469665527344 -0.17169189453125 0.327789306640625
-0.0218868255615234 0.0258769989013672 -0.00244522094726563 0.0491485595703125
-0.0111484527587891 0.0342350006103516 0.257644653320313 -0.2562255859375
0.00979804992675781 0.0254478454589844 0.02813720703125 -0.502105712890625
0.00766372680664063 0.0159378051757813 -0.3575439453125 -0.23370361328125
0.00209331512451172 0.00394201278686524 -0.309844970703125 0.157012939453125
0.00616550445556641 -0.00951480865478516 -0.078399658203125 0.2342529296875
0.00102996826171875 -0.0147733688354492 0.121185302734375 0.125419616699219
0.0011444091796875 -0.0134992599487305 0.16827392578125 -0.0306549072265625
0.00861644744873047 -0.0154438018798828 -0.17742919921875 0.0318145751953125
0.00610160827636719 -0.0104551315307617 -0.13177490234375 -0.115753173828125
0.00336170196533203 -0.0172080993652344 0.0516510009765625 -0.238006591796875
0.00436639785766602 0.00620889663696289 0.30316162109375 -0.16217041015625
-0.00550460815429687 0.0297069549560547 0.3558349609375 0.215545654296875
-0.00882339477539063 0.0273609161376953 0.058502197265625 0.469482421875
-0.0150222778320313 0.0435562133789063 -0.18695068359375 0.3043212890625
-0.0250682830810547 0.0282649993896484 0.0186614990234375 0.0333232879638672
-0.00868606567382813 0.0371246337890625 0.246917724609375 -0.284088134765625
0.0128574371337891 0.0268955230712891 -0.0205688476562499 -0.50030517578125
0.00762176513671875 0.0167989730834961 -0.371978759765625 -0.192352294921875
-0.000500440597534179 0.00420117378234863 -0.285614013671875 0.1812744140625
0.00279998779296875 -0.0116701126098633 -0.0526580810546875 0.235000610351563
0.00142860412597656 -0.0166683197021484 0.129997253417969 0.116989135742188
0.00223827362060547 -0.0110502243041992 0.166580200195313 -0.038848876953125
0.0116758346557617 -0.011347770690918 -0.179473876953125 0.0241851806640625
0.00784111022949219 -0.00939369201660156 -0.120506286621094 -0.121673583984375
0.00176620483398438 -0.0153799057006836 0.0795745849609375 -0.23681640625
-0.000602245330810547 0.00732803344726563 0.328704833984375 -0.135528564453125
-0.0105190277099609 0.0270671844482422 0.3377685546875 0.254364013671875
-0.0072021484375 0.0228385925292969 0.01171875 0.472747802734375
-0.0116157531738281 0.0393638610839844 -0.200637817382813 0.27777099609375
-0.0177135467529297 0.0271186828613281 0.0405349731445313 0.0159797668457031
-0.00157546997070313 0.0325775146484375 0.227264404296875 -0.314117431640625
0.0152931213378906 0.0215167999267578 -0.074859619140625 -0.492462158203125
0.00574779510498047 0.0143709182739258 -0.386322021484375 -0.147308349609375
-0.00415515899658203 0.00544977188110351 -0.258087158203125 0.203903198242188
-0.00054454803466797 -0.0110073089599609 -0.0252532958984375 0.23651123046875
0.00120735168457031 -0.0154628753662109 0.138565063476563 0.109336853027344
0.00520515441894531 -0.00793266296386719 0.165237426757813 -0.0457000732421875
0.0148410797119141 -0.00622177124023438 -0.179580688476563 0.017333984375
0.00915908813476563 -0.00470161437988281 -0.109367370605469 -0.12548828125
-0.000501632690429688 -0.0104427337646484 0.106521606445313 -0.232955932617187
-0.00642681121826172 0.00776529312133789 0.35009765625 -0.10772705078125
-0.0162296295166016 0.0196685791015625 0.3148193359375 0.290313720703125
-0.00389194488525391 0.00952911376953125 -0.03668212890625 0.474090576171875
-0.000223159790039062 0.0293750762939453 -0.212722778320312 0.254608154296875
0.000564575195312499 0.0197162628173828 0.0559234619140625 0.00226211547851563
0.0103721618652344 0.0188236236572266 0.21002197265625 -0.336578369140625
0.0159320831298828 0.00909709930419922 -0.118621826171875 -0.482818603515625
0.000747680664062501 0.00939273834228516 -0.3929443359375 -0.111907958984375
-0.00789260864257813 0.00633335113525391 -0.232040405273438 0.219985961914063
-0.00281143188476563 -0.00762748718261719 -0.00161743164062501 0.235382080078125
0.00249671936035156 -0.0105209350585937 0.146194458007813 0.103317260742187
0.00747108459472656 -0.00279331207275391 0.162200927734375 -0.0516510009765625
0.0183258056640625 9.5367431640625E-06 -0.178955078125 0.0124664306640625
0.0104827880859375 0.00174236297607422 -0.100288391113281 -0.126983642578125
-0.00322461128234863 -0.00382137298583984 0.125503540039063 -0.230209350585938
-0.0134782791137695 0.00578689575195312 0.36053466796875 -0.090972900390625
-0.0218620300292969 0.00742340087890625 0.297576904296875 0.311248779296875
0.00401878356933594 -0.0107288360595703 -0.06793212890625 0.471923828125
0.0201091766357422 0.0126209259033203 -0.220504760742188 0.2391357421875
0.0255928039550781 0.00744819641113281 0.0633049011230469 -0.00696945190429687
0.0236701965332031 -0.00183677673339844 0.1915283203125 -0.35107421875
0.0133914947509766 -0.00909709930419922 -0.152496337890625 -0.472900390625
-0.00748348236083984 0.00331449508666992 -0.397369384765625 -0.0875244140625
-0.0119733810424805 0.00947284698486328 -0.213302612304688 0.230331420898438
-0.00352931022644043 -0.00208544731140137 0.0156707763671875 0.235183715820313
0.00230169296264648 -0.00390386581420898 0.151046752929688 0.099212646484375
0.0108604431152344 0.00327968597412109 0.161376953125 -0.05548095703125
0.0215167999267578 0.00524330139160156 -0.177444458007813 0.0106353759765625
0.0104103088378906 0.0103206634521484 -0.0963897705078125 -0.125663757324219
-0.00470352172851563 0.0037689208984375 0.133987426757813 -0.226943969726562
-0.0197048187255859 0.00407791137695312 0.364898681640625 -0.083160400390625
-0.0274696350097656 -0.00763893127441406 0.290679931640625 0.318359375
0.0117263793945313 -0.0357246398925781 -0.080780029296875 0.469268798828125
0.0442886352539062 -0.008636474609375 -0.226669311523438 0.234283447265625
0.055511474609375 -0.00670623779296875 0.0614356994628906 -0.009613037109375
0.0375709533691406 -0.0275459289550781 0.18096923828125 -0.355255126953125
0.00864791870117188 -0.0302886962890625 -0.165985107421875 -0.468780517578125
-0.017420768737793 -0.00399017333984375 -0.39892578125 -0.0784301757812501
-0.0148258209228516 0.0117368698120117 -0.205322265625 0.23333740234375
-0.00404930114746094 0.00525951385498047 0.023223876953125 0.236572265625
0.0028080940246582 0.00486850738525391 0.1536865234375 0.0997314453125
0.0135326385498047 0.00809669494628906 0.160690307617187 -0.0559539794921875
0.0239543914794922 0.0108051300048828 -0.176071166992188 0.0121917724609375
0.0104999542236328 0.0191783905029297 -0.0970458984375 -0.121719360351562
-0.00572681427001953 0.0124130249023438 0.128631591796875 -0.227981567382813
-0.0249423980712891 0.00224685668945312 0.359344482421875 -0.092620849609375
-0.0324726104736328 -0.0217971801757813 0.296600341796875 0.306427001953125
0.0162239074707031 -0.0615882873535156 -0.067840576171875 0.4697265625
0.0680122375488281 -0.032684326171875 -0.229660034179688 0.244888305664062
0.086761474609375 -0.0235061645507813 0.0475425720214844 -0.00307464599609375
0.0534286499023438 -0.0537910461425781 0.17816162109375 -0.345916748046875
0.00541305541992188 -0.0540771484375 -0.15924072265625 -0.471435546875
-0.0262851715087891 -0.0138816833496094 -0.400360107421875 -0.09027099609375
-0.0189647674560547 0.0141162872314453 -0.212203979492187 0.22857666015625
-0.00418663024902344 0.0158395767211914 0.01959228515625 0.23822021484375
0.00387477874755859 0.0162019729614258 0.153228759765625 0.1041259765625
0.0170564651489258 0.0148096084594727 0.161392211914063 -0.0531005859375
0.0277175903320312 0.0157184600830078 -0.172088623046875 0.017364501953125
0.00992774963378906 0.0286521911621094 -0.102851867675781 -0.114151000976562
-0.00615501403808594 0.0210762023925781 0.107879638671875 -0.230239868164063
-0.0289745330810547 0.00335311889648437 0.342803955078125 -0.11798095703125
-0.0405044555664063 -0.0314712524414063 0.318878173828125 0.27093505859375
0.0135421752929687 -0.0857620239257813 -0.02703857421875 0.46929931640625
0.0859298706054688 -0.0601806640625 -0.225067138671875 0.27020263671875
0.118118286132813 -0.0404434204101563 0.0210094451904297 0.0131282806396484
0.072357177734375 -0.07867431640625 0.184661865234375 -0.322540283203125
0.0056610107421875 -0.0793609619140625 -0.125244140625 -0.479644775390625
-0.0367698669433594 -0.0262260437011719 -0.39739990234375 -0.12445068359375
-0.0233669281005859 0.0152950286865234 -0.235580444335938 0.212905883789063
-0.00394058227539062 0.0217990875244141 -0.00173950195312499 0.244064331054688
0.00369644165039063 0.0268287658691406 0.149566650390625 0.114089965820312
0.0205974578857422 0.0210609436035156 0.164642333984375 -0.0446929931640625
0.00726985931396484 -0.0171718597412109 -0.175750732421875 0.037322998046875
0.00353622436523437 -0.00875425338745117 -0.140296936035156 -0.107925415039063
0.00503158569335937 -0.0172853469848633 0.024658203125 -0.237228393554688
0.00736713409423828 0.00295925140380859 0.277557373046875 -0.184326171875
-0.00242233276367188 0.0273494720458984 0.368377685546875 0.176971435546875
-0.00885963439941406 0.0251140594482422 0.10467529296875 0.459014892578125
-0.0118980407714844 0.0396232604980469 -0.170196533203125 0.326324462890625
-0.0219650268554688 0.0257244110107422 -0.0016937255859375 0.0493316650390625
-0.0116767883300781 0.0328521728515625 0.256362915039063 -0.255905151367188
0.0100021362304687 0.0250701904296875 0.02655029296875 -0.500823974609375
0.00815677642822266 0.0160741806030273 -0.35516357421875 -0.23126220703125
0.00246977806091309 0.00376725196838379 -0.308074951171875 0.156829833984375
0.00654697418212891 -0.00944709777832031 -0.0781097412109375 0.232986450195313
0.000844955444335936 -0.0150661468505859 0.121269226074219 0.1234130859375
0.00079631805419922 -0.0134754180908203 0.167236328125 -0.030181884765625
0.0084228515625 -0.0149211883544922 -0.176513671875 0.0324554443359375
0.00620555877685547 -0.0103483200073242 -0.13214111328125 -0.113960266113281
0.00310707092285156 -0.0174036026000977 0.0503387451171875 -0.2374267578125
0.00463676452636719 0.0056147575378418 0.301422119140625 -0.1614990234375
-0.00490760803222656 0.0296249389648438 0.354217529296875 0.214111328125
-0.00826644897460938 0.0274505615234375 0.0594482421875 0.466400146484375
-0.0148658752441406 0.0437202453613281 -0.185546875 0.3031005859375
-0.0236911773681641 0.0278511047363281 0.0179786682128906 0.0329990386962891
-0.008392333984375 0.0365409851074219 0.2449951171875 -0.283416748046875
0.0129127502441406 0.0273456573486328 -0.021026611328125 -0.497528076171875
0.008026123046875 0.0168008804321289 -0.370849609375 -0.190338134765625
-9.10758972167968E-05 0.00460386276245117 -0.283905029296875 0.180511474609375
0.00242424011230469 -0.0104713439941406 -0.0517578125 0.234649658203125
0.000907897949218749 -0.0162773132324219 0.130744934082031 0.115638732910156
0.0023193359375 -0.0112342834472656 0.164352416992187 -0.03961181640625
0.011871337890625 -0.0115652084350586 -0.178665161132813 0.0255584716796875
0.00875949859619141 -0.00896358489990234 -0.120506286621094 -0.120040893554688
0.000968933105468751 -0.0147933959960938 0.079010009765625 -0.236434936523438
-0.000829219818115234 0.0079350471496582 0.326629638671875 -0.13665771484375
-0.00949859619140625 0.0264301300048828 0.336669921875 0.25189208984375
-0.00684547424316406 0.0220966339111328 0.012451171875 0.470703125
-0.0114593505859375 0.0401649475097656 -0.198715209960937 0.277145385742188
-0.0173110961914062 0.026397705078125 0.0402259826660156 0.0165519714355469
-0.00131607055664062 0.0324001312255859 0.225067138671875 -0.31329345703125
0.0150985717773438 0.0215911865234375 -0.07568359375 -0.489227294921875
0.00574207305908203 0.014286994934082 -0.3834228515625 -0.146514892578125
-0.00435590744018555 0.00539064407348633 -0.256881713867188 0.202896118164062
-0.000635147094726562 -0.0106306076049805 -0.0243682861328125 0.235137939453125
0.00158882141113281 -0.0150308609008789 0.138717651367188 0.1083984375
0.004730224609375 -0.00776958465576172 0.164443969726563 -0.0465240478515625
0.0148916244506836 -0.00648689270019531 -0.178115844726563 0.01873779296875
0.00993537902832031 -0.00445175170898438 -0.109291076660156 -0.124259948730469
-0.00165367126464844 -0.00980281829833984 0.104705810546875 -0.2322998046875
-0.0073099136352539 0.0072927474975586 0.34814453125 -0.1085205078125
-0.0156326293945313 0.0195903778076172 0.31475830078125 0.28656005859375
-0.00352954864501953 0.010045051574707 -0.03521728515625 0.471221923828125
0.000534057617187497 0.0289554595947266 -0.211654663085938 0.254043579101563
-0.000175476074218751 0.0194530487060547 0.05511474609375 0.0017547607421875
0.0103874206542969 0.0182266235351563 0.20831298828125 -0.33660888671875
0.0163249969482422 0.0084676742553711 -0.12017822265625 -0.480072021484375
0.00010967254638672 0.00915336608886719 -0.39208984375 -0.11065673828125
-0.00821638107299805 0.00675868988037109 -0.229644775390625 0.220169067382813
-0.001861572265625 -0.00692367553710937 -0.000808715820312525 0.234237670898438
0.00219821929931641 -0.0112466812133789 0.145614624023438 0.101364135742188
0.00807285308837891 -0.00303888320922852 0.160751342773438 -0.052703857421875
0.0186843872070313 -1.9073486328125E-06 -0.17803955078125 0.013641357421875
0.0103292465209961 0.00266933441162109 -0.100563049316406 -0.125938415527344
-0.00341081619262695 -0.0031883716583252 0.1236572265625 -0.229598999023438
-0.01300048828125 0.00650596618652344 0.359588623046875 -0.091400146484375
-0.0214328765869141 0.00718307495117187 0.2978515625 0.308990478515625
0.00392627716064453 -0.0100908279418945 -0.06671142578125 0.47076416015625
0.0198574066162109 0.0119953155517578 -0.218887329101563 0.23779296875
0.0255718231201172 0.00774383544921875 0.0628738403320313 -0.00677871704101563
0.0233001708984375 -0.00210762023925781 0.189666748046875 -0.3505859375
0.0132436752319336 -0.00921154022216797 -0.153564453125 -0.469482421875
-0.00838279724121094 0.0022740364074707 -0.3961181640625 -0.0862121582031249
-0.0122995376586914 0.00916767120361328 -0.212173461914063 0.22998046875
-0.00348711013793945 -0.00208735466003418 0.0168609619140625 0.235076904296875
0.00182080268859863 -0.00359678268432617 0.15106201171875 0.09765625
0.0110569000244141 0.00368595123291016 0.15960693359375 -0.056365966796875
0.0216732025146484 0.00562095642089844 -0.177398681640625 0.0113372802734375
0.0105171203613281 0.0103111267089844 -0.095550537109375 -0.124244689941406
-0.00514364242553711 0.00347232818603516 0.1322021484375 -0.227508544921875
-0.0197334289550781 0.00409698486328125 0.363433837890625 -0.083465576171875
-0.0267047882080078 -0.00779914855957031 0.29095458984375 0.31488037109375
0.0117549896240234 -0.0350189208984375 -0.0802917480468749 0.468505859375
0.0437965393066406 -0.00909805297851563 -0.225128173828125 0.234573364257813
0.0552177429199219 -0.0072021484375 0.060638427734375 -0.00920867919921875
0.0373382568359375 -0.0270156860351563 0.1790771484375 -0.35394287109375
0.00884819030761718 -0.0307159423828125 -0.166168212890625 -0.466339111328125
-0.0171117782592773 -0.0041046142578125 -0.397430419921875 -0.07830810546875
-0.0150117874145508 0.0120115280151367 -0.20355224609375 0.232330322265625
-0.00404453277587891 0.00534343719482422 0.0242156982421875 0.236312866210937
0.00272607803344727 0.00420737266540527 0.153121948242188 0.0988922119140625
0.0135307312011719 0.00803279876708984 0.159713745117188 -0.0562286376953125
0.0248222351074219 0.0104541778564453 -0.175750732421875 0.0135345458984375
0.0102329254150391 0.0193634033203125 -0.0962677001953125 -0.11981201171875
-0.00590991973876953 0.0126266479492188 0.126693725585937 -0.227706909179687
-0.0247840881347656 0.00299644470214844 0.357208251953125 -0.094390869140625
-0.0317516326904297 -0.0214309692382813 0.297607421875 0.30291748046875
0.0166244506835937 -0.0609245300292969 -0.065521240234375 0.468170166015625
0.0679779052734375 -0.0325164794921875 -0.227005004882813 0.244277954101562
0.0869827270507813 -0.0237503051757812 0.047332763671875 -0.00270843505859375
0.0528411865234375 -0.0539360046386719 0.17742919921875 -0.344451904296875
0.00544357299804688 -0.0539970397949219 -0.15869140625 -0.468963623046875
-0.0270786285400391 -0.0134105682373047 -0.3985595703125 -0.089599609375
-0.017420768737793 0.0147609710693359 -0.210006713867187 0.228134155273438
-0.00395679473876953 0.0153894424438477 0.0209503173828125 0.237762451171875
0.00427150726318359 0.0165166854858398 0.153701782226563 0.1021728515625
0.0169696807861328 0.0149669647216797 0.161148071289063 -0.053680419921875
0.0283069610595703 0.0149307250976563 -0.172134399414063 0.0183563232421875
0.00965309143066406 0.0285186767578125 -0.102836608886719 -0.11224365234375
-0.00589370727539063 0.0217132568359375 0.106170654296875 -0.228729248046875
-0.0282440185546875 0.00333976745605469 0.3397216796875 -0.1190185546875
-0.040679931640625 -0.0309181213378906 0.317657470703125 0.26934814453125
0.0135345458984375 -0.0854949951171875 -0.026519775390625 0.468292236328125
0.0857086181640625 -0.0596389770507812 -0.222885131835938 0.26910400390625
0.11627197265625 -0.0404281616210938 0.0213050842285156 0.0120010375976562
0.0717010498046875 -0.0783615112304688 0.18212890625 -0.320526123046875
0.0045166015625 -0.0789794921875 -0.126312255859375 -0.476104736328125
-0.036041259765625 -0.0269050598144531 -0.396240234375 -0.121734619140625
-0.0236225128173828 0.0153770446777344 -0.234619140625 0.212554931640625
-0.00339317321777344 0.0220737457275391 -0.000778198242187488 0.242645263671875
0.00456428527832031 0.0267066955566406 0.149871826171875 0.113296508789062
0.0208415985107422 0.0206794738769531 0.1636962890625 -0.0456085205078125
0.00734519958496094 -0.016845703125 -0.17413330078125 0.038360595703125
0.00407981872558594 -0.00804471969604492 -0.140396118164063 -0.1063232421875
0.00532341003417969 -0.0172719955444336 0.0237579345703125 -0.23663330078125
0.00744152069091797 0.0036463737487793 0.276382446289063 -0.184768676757813
-0.00265884399414062 0.0279178619384766 0.368255615234375 0.17547607421875
-0.00835037231445313 0.0243759155273438 0.105194091796875 0.457183837890625
-0.0118560791015625 0.0394401550292969 -0.16973876953125 0.325927734375
-0.0224590301513672 0.0254249572753906 -0.00136566162109375 0.0494003295898438
-0.0110340118408203 0.0338478088378906 0.255096435546875 -0.254898071289063
0.00975608825683594 0.0244789123535156 0.026336669921875 -0.49835205078125
0.00775718688964844 0.0162429809570313 -0.354339599609375 -0.230010986328125
0.00239467620849609 0.00319623947143555 -0.307159423828125 0.15643310546875
0.0064697265625 -0.00853157043457031 -0.077789306640625 0.232421875
0.000205039978027342 -0.0148086547851563 0.120872497558594 0.122703552246094
0.00032806396484375 -0.0135993957519531 0.167022705078125 -0.0300750732421875
0.008819580078125 -0.0151195526123047 -0.176055908203125 0.034027099609375
0.00629329681396484 -0.0095672607421875 -0.13079833984375 -0.113006591796875
0.00297069549560547 -0.0168609619140625 0.0499114990234375 -0.235977172851563
0.00377655029296875 0.00651741027832031 0.29986572265625 -0.162841796875
-0.00510406494140625 0.0298557281494141 0.35400390625 0.212493896484375
-0.00723648071289063 0.0277233123779297 0.060333251953125 0.46429443359375
-0.0134735107421875 0.0438079833984375 -0.183807373046875 0.302032470703125
-0.025054931640625 0.0280570983886719 0.0190105438232422 0.0335578918457031
-0.00936126708984375 0.0365447998046875 0.243438720703125 -0.28277587890625
0.0126304626464844 0.0268955230712891 -0.022674560546875 -0.49560546875
0.00787734985351562 0.0163431167602539 -0.369781494140625 -0.189056396484375
-7.86781311035153E-05 0.00444746017456055 -0.28271484375 0.180816650390625
0.00255107879638672 -0.0111570358276367 -0.0513153076171875 0.233001708984375
0.001373291015625 -0.0169219970703125 0.129913330078125 0.113746643066406
0.00232219696044922 -0.0112323760986328 0.164398193359375 -0.0395355224609375
0.0120935440063477 -0.0111789703369141 -0.177734375 0.025787353515625
0.00860357284545898 -0.00814294815063477 -0.120353698730469 -0.118721008300781
0.000758171081542969 -0.0150423049926758 0.077178955078125 -0.235687255859375
-0.000257015228271485 0.00809812545776367 0.324432373046875 -0.136993408203125
-0.00938224792480469 0.0267772674560547 0.334625244140625 0.250274658203125
-0.00638008117675781 0.0221099853515625 0.01263427734375 0.46905517578125
-0.0108528137207031 0.0397262573242188 -0.197830200195312 0.276535034179688
-0.0177116394042969 0.0264911651611328 0.0399169921875 0.0163536071777344
-0.00127792358398438 0.0320186614990234 0.224090576171875 -0.311981201171875
0.0160179138183594 0.0215663909912109 -0.0770263671875 -0.4874267578125
0.00601291656494141 0.0136384963989258 -0.38323974609375 -0.145111083984375
-0.00475597381591797 0.00491714477539063 -0.254714965820313 0.203582763671875
-0.0003662109375 -0.0104398727416992 -0.023681640625 0.23431396484375
0.00112056732177735 -0.0146398544311523 0.138603210449219 0.106895446777344
0.0047450065612793 -0.00810098648071289 0.163330078125 -0.04595947265625
0.0156564712524414 -0.00655841827392578 -0.177093505859375 0.0202484130859375
0.0103979110717773 -0.0043182373046875 -0.108528137207031 -0.122909545898438
-0.000906944274902344 -0.00991153717041015 0.103652954101563 -0.232772827148437
-0.00679969787597656 0.00810098648071289 0.34527587890625 -0.109527587890625
-0.0155277252197266 0.0198631286621094 0.31353759765625 0.285125732421875
-0.0027618408203125 0.00883865356445313 -0.034637451171875 0.471435546875
0.00107955932617188 0.0290737152099609 -0.2093505859375 0.253555297851563
-0.000558853149414061 0.0193195343017578 0.055328369140625 0.00218582153320313
0.00984001159667969 0.0185871124267578 0.20733642578125 -0.334014892578125
0.0156154632568359 0.00846099853515625 -0.118621826171875 -0.47900390625
0.000364303588867188 0.00910186767578125 -0.390716552734375 -0.10931396484375
-0.00778675079345703 0.00698757171630859 -0.228607177734375 0.219650268554688
-0.002593994140625 -0.00680971145629883 -0.000274658203125008 0.23388671875
0.00120162963867188 -0.0112228393554687 0.145278930664063 0.10009765625
0.00732994079589844 -0.00214576721191406 0.160079956054688 -0.0524749755859375
0.0190773010253906 -0.00105857849121094 -0.177398681640625 0.0147705078125
0.0112218856811523 0.00243663787841797 -0.100845336914063 -0.1246337890625
-0.0030827522277832 -0.00320124626159668 0.122756958007812 -0.229827880859375
-0.0137195587158203 0.00664424896240234 0.356964111328125 -0.091827392578125
-0.0208072662353516 0.00737380981445312 0.29736328125 0.307037353515625
0.00415706634521484 -0.0105628967285156 -0.0665283203125 0.46832275390625
0.0201454162597656 0.0126190185546875 -0.217819213867187 0.23834228515625
0.0249958038330078 0.00746726989746094 0.0627365112304688 -0.00693130493164062
0.0237998962402344 -0.00231361389160156 0.1875 -0.347900390625
0.0131406784057617 -0.00948238372802734 -0.1544189453125 -0.46881103515625
-0.00790166854858398 0.00365972518920899 -0.394805908203125 -0.085693359375
-0.0115718841552734 0.00977897644042969 -0.210693359375 0.229263305664063
-0.00355744361877441 -0.00117278099060059 0.016815185546875 0.234100341796875
0.00257349014282227 -0.00311517715454102 0.151046752929688 0.096466064453125
0.0108814239501953 0.00322532653808594 0.158645629882813 -0.056121826171875
0.0216693878173828 0.00496292114257812 -0.175125122070313 0.01275634765625
0.0114517211914063 0.0107564926147461 -0.0952377319335938 -0.123344421386719
-0.00461673736572266 0.00443124771118164 0.130325317382812 -0.227371215820313
-0.0191764831542969 0.00449752807617187 0.360626220703125 -0.08599853515625
-0.0260486602783203 -0.00759124755859375 0.28961181640625 0.31317138671875
0.0119857788085938 -0.0355033874511719 -0.0787048339843751 0.466461181640625
0.0445709228515625 -0.00849533081054687 -0.224151611328125 0.234420776367188
0.0547752380371094 -0.007476806640625 0.0605316162109375 -0.00939559936523438
0.0369644165039063 -0.0269546508789063 0.178131103515625 -0.35198974609375
0.00895118713378906 -0.0306873321533203 -0.16741943359375 -0.46307373046875
-0.0174722671508789 -0.00388717651367188 -0.396270751953125 -0.0773315429687501
-0.0156230926513672 0.0120792388916016 -0.202072143554687 0.232147216796875
-0.00361919403076172 0.00572586059570312 0.0246734619140625 0.23443603515625
0.00310897827148438 0.00431489944458008 0.15301513671875 0.097503662109375
0.0131626129150391 0.00792884826660156 0.158706665039063 -0.0556793212890625
0.0248088836669922 0.0103034973144531 -0.174209594726563 0.014617919921875
0.0107574462890625 0.0197086334228516 -0.0963363647460938 -0.118637084960938
-0.0062255859375 0.0121965408325195 0.124862670898438 -0.227813720703125
-0.0246181488037109 0.00302314758300782 0.355377197265625 -0.093994140625
-0.0321197509765625 -0.0214519500732422 0.29730224609375 0.302001953125
0.0168571472167969 -0.0603752136230469 -0.066070556640625 0.46624755859375
0.0681991577148438 -0.0327491760253906 -0.225906372070313 0.24468994140625
0.0858535766601563 -0.024078369140625 0.0470428466796875 -0.0030975341796875
0.0518531799316406 -0.0536613464355469 0.175872802734375 -0.342559814453125
0.0045623779296875 -0.0539894104003906 -0.159637451171875 -0.4661865234375
-0.02728271484375 -0.0127964019775391 -0.397735595703125 -0.08843994140625
-0.0186347961425781 0.0149250030517578 -0.209060668945312 0.227493286132813
-0.00408458709716797 0.0156068801879883 0.0206756591796875 0.2364501953125
0.00406360626220703 0.0162820816040039 0.154037475585937 0.101516723632813
0.0173931121826172 0.0144710540771484 0.159317016601562 -0.053466796875
0.0272846221923828 0.0145950317382813 -0.171829223632813 0.0196685791015625
0.010986328125 0.0292797088623047 -0.102386474609375 -0.111587524414063
-0.00570106506347656 0.0215644836425781 0.104232788085938 -0.230300903320313
-0.0284214019775391 0.003753662109375 0.338226318359375 -0.1199951171875
-0.0393409729003906 -0.0305709838867187 0.31658935546875 0.268402099609375
0.013427734375 -0.085052490234375 -0.024627685546875 0.465545654296875
0.0845565795898438 -0.0599212646484375 -0.222274780273438 0.2694091796875
0.116622924804688 -0.0410919189453125 0.0208816528320313 0.0125560760498047
0.071197509765625 -0.0784378051757813 0.181549072265625 -0.31884765625
0.00454711914062501 -0.0787506103515625 -0.1270751953125 -0.474273681640625
-0.035430908203125 -0.0263519287109375 -0.39471435546875 -0.12066650390625
-0.022979736328125 0.0152854919433594 -0.232513427734375 0.212066650390625
-0.00332069396972656 0.0218849182128906 0.00012207031250002 0.241317749023438
0.00417900085449219 0.0269317626953125 0.149658203125 0.112869262695313
0.0209999084472656 0.0206222534179688 0.163070678710938 -0.04473876953125
0.00739479064941406 -0.0167875289916992 -0.17333984375 0.0387420654296875
0.00460433959960938 -0.00691986083984375 -0.139549255371094 -0.106071472167969
0.00446891784667969 -0.0166826248168945 0.02349853515625 -0.235824584960938
0.00686407089233398 0.00379467010498047 0.274932861328125 -0.1844482421875
-0.00189781188964844 0.0273056030273437 0.3663330078125 0.174468994140625
-0.00803947448730469 0.02392578125 0.106109619140625 0.45538330078125
-0.0116996765136719 0.0390777587890625 -0.169921875 0.32501220703125
-0.0226573944091797 0.0249557495117188 -0.00185394287109375 0.0486946105957031
-0.0108222961425781 0.0334033966064453 0.254135131835938 -0.253997802734375
0.00999641418457031 0.0253067016601563 0.02484130859375 -0.497161865234375
0.00771141052246094 0.0160512924194336 -0.353668212890625 -0.2296142578125
0.00267672538757324 0.00358414649963379 -0.305816650390625 0.156280517578125
0.00625133514404297 -0.0091705322265625 -0.07733154296875 0.231430053710938
0.000789642333984375 -0.0152568817138672 0.121192932128906 0.121597290039063
0.000720977783203124 -0.0131816864013672 0.165664672851563 -0.03131103515625
0.00896835327148438 -0.0152740478515625 -0.17498779296875 0.0343780517578125
0.00681400299072266 -0.00957584381103516 -0.130500793457031 -0.1114501953125
0.00223636627197266 -0.017024040222168 0.048431396484375 -0.236419677734375
0.00386619567871094 0.0062413215637207 0.2989501953125 -0.162841796875
-0.00466346740722656 0.0297451019287109 0.353607177734375 0.210662841796875
-0.00732231140136719 0.0272502899169922 0.060791015625 0.464111328125
-0.0134468078613281 0.0431289672851563 -0.18304443359375 0.301910400390625
-0.024810791015625 0.0284233093261719 0.0189476013183594 0.0330467224121094
-0.00845718383789063 0.0366783142089844 0.242645263671875 -0.281219482421875
0.0130939483642578 0.0267887115478516 -0.022705078125 -0.494354248046875
0.0078439712524414 0.0164117813110352 -0.3687744140625 -0.1895751953125
-0.000478982925415039 0.00434970855712891 -0.281158447265625 0.1806640625
0.00337791442871094 -0.0106906890869141 -0.05084228515625 0.233428955078125
0.000422477722167969 -0.0166234970092773 0.12982177734375 0.1134033203125
0.00211143493652344 -0.0111770629882813 0.163436889648438 -0.039825439453125
0.0122222900390625 -0.011631965637207 -0.176422119140625 0.027191162109375
0.00934410095214844 -0.00821208953857422 -0.11981201171875 -0.117790222167969
0.000830650329589845 -0.014460563659668 0.0762176513671875 -0.235458374023437
-0.000839710235595703 0.00738811492919922 0.32330322265625 -0.138275146484375
-0.00947761535644531 0.0269451141357422 0.3350830078125 0.248931884765625
-0.00578880310058594 0.0223140716552734 0.01287841796875 0.46759033203125
-0.0106010437011719 0.03948974609375 -0.19610595703125 0.275802612304688
-0.0177135467529297 0.0261669158935547 0.0400314331054687 0.0160255432128906
-0.00126838684082031 0.0318603515625 0.22369384765625 -0.311370849609375
0.0157089233398438 0.0212917327880859 -0.076629638671875 -0.485687255859375
0.00601577758789063 0.0141086578369141 -0.382568359375 -0.14447021484375
-0.00448942184448242 0.00516033172607422 -0.253799438476563 0.203475952148438
-0.00033855438232422 -0.0100011825561523 -0.0233306884765625 0.233612060546875
0.00109291076660156 -0.0153360366821289 0.138137817382813 0.105903625488281
0.0047307014465332 -0.00750064849853516 0.162353515625 -0.0464324951171875
0.0150604248046875 -0.00659370422363281 -0.177139282226563 0.0204925537109375
0.0106611251831055 -0.00434112548828125 -0.108428955078125 -0.121955871582031
-0.00106906890869141 -0.00933933258056641 0.10333251953125 -0.232345581054687
-0.00725269317626953 0.00810050964355469 0.344146728515625 -0.11053466796875
-0.0149765014648438 0.0199451446533203 0.3131103515625 0.28424072265625
-0.00234413146972656 0.00909900665283203 -0.034149169921875 0.469146728515625
0.00118827819824219 0.0286579132080078 -0.208633422851562 0.253158569335938
-0.000160217285156252 0.0191326141357422 0.0553627014160156 0.00197219848632813
0.0103721618652344 0.0183277130126953 0.204864501953125 -0.334259033203125
0.0158653259277344 0.00835323333740235 -0.118927001953125 -0.476593017578125
0.000566482543945313 0.00888347625732422 -0.389434814453125 -0.10888671875
-0.00873374938964844 0.00713109970092774 -0.227508544921875 0.219100952148438
-0.00284957885742187 -0.00685310363769531 1.40922880449611E-17 0.233001708984375
0.00103759765625 -0.0104312896728516 0.145675659179688 0.100143432617188
0.00744199752807617 -0.00264835357666016 0.160018920898438 -0.05279541015625
0.0195732116699219 -0.000453948974609375 -0.17681884765625 0.015533447265625
0.0108585357666016 0.00299930572509766 -0.0999755859375 -0.123771667480469
-0.00290822982788086 -0.00296115875244141 0.121871948242188 -0.229415893554688
-0.0133705139160156 0.00628852844238281 0.35614013671875 -0.092193603515625
-0.0203971862792969 0.00754356384277344 0.2967529296875 0.3056640625
0.00419044494628906 -0.0109157562255859 -0.06610107421875 0.4681396484375
0.020477294921875 0.0119991302490234 -0.217330932617188 0.237899780273438
0.0246028900146484 0.00759124755859375 0.0626296997070313 -0.00738143920898438
0.0227737426757813 -0.002105712890625 0.18756103515625 -0.346771240234375
0.0133829116821289 -0.00878524780273438 -0.153350830078125 -0.466705322265625
-0.00782585144042969 0.00331449508666992 -0.3944091796875 -0.084991455078125
-0.0119867324829102 0.00966835021972656 -0.20977783203125 0.229141235351562
-0.00358366966247559 -0.00146031379699707 0.01739501953125 0.232635498046875
0.00184392929077148 -0.00325989723205566 0.15081787109375 0.0960235595703125
0.0105857849121094 0.00319957733154297 0.158554077148437 -0.05584716796875
0.0222053527832031 0.00468063354492188 -0.175445556640625 0.0136260986328125
0.0110979080200195 0.0112152099609375 -0.0951614379882813 -0.122398376464844
-0.00495767593383789 0.00422143936157227 0.129959106445312 -0.226669311523437
-0.0195407867431641 0.00380706787109375 0.359588623046875 -0.0858154296875
-0.0257816314697266 -0.00710296630859375 0.289031982421875 0.311553955078125
0.0118980407714844 -0.0351161956787109 -0.0780029296875 0.46588134765625
0.0446357727050781 -0.0086822509765625 -0.223236083984375 0.234603881835938
0.0546035766601563 -0.00760269165039062 0.0601081848144531 -0.008758544921875
0.0366973876953125 -0.0272941589355469 0.1776123046875 -0.3511962890625
0.00844764709472656 -0.0306549072265625 -0.166656494140625 -0.462432861328125
-0.0171089172363281 -0.00429534912109375 -0.3961181640625 -0.0767822265624999
-0.01507568359375 0.0120964050292969 -0.201202392578125 0.231643676757813
-0.00344514846801758 0.00587224960327148 0.02459716796875 0.234024047851563
0.00276899337768555 0.00517368316650391 0.153594970703125 0.096435546875
0.0132408142089844 0.00841903686523438 0.158294677734375 -0.0567779541015625
0.0258369445800781 0.0100193023681641 -0.173934936523438 0.0153656005859375
0.0114536285400391 0.0201282501220703 -0.0962600708007813 -0.118240356445312
-0.00601387023925782 0.0126380920410156 0.123855590820313 -0.227630615234375
-0.0250053405761719 0.00305747985839844 0.353729248046875 -0.095550537109375
-0.0315799713134766 -0.02093505859375 0.296875 0.299835205078125
0.0166168212890625 -0.0610923767089844 -0.065460205078125 0.466156005859375
0.0676116943359375 -0.0330009460449219 -0.225143432617188 0.244003295898438
0.0853500366210938 -0.0235671997070313 0.0465850830078125 -0.00322723388671875
0.051727294921875 -0.0539283752441406 0.17523193359375 -0.342132568359375
0.00475311279296875 -0.0535545349121094 -0.159912109375 -0.464080810546875
-0.0272693634033203 -0.0130767822265625 -0.39569091796875 -0.0879211425781249
-0.0184192657470703 0.0146064758300781 -0.208236694335937 0.227676391601562
-0.00329875946044922 0.0163078308105469 0.0212860107421875 0.236236572265625
0.00376701354980469 0.0165224075317383 0.153549194335938 0.100341796875
0.0174465179443359 0.0150814056396484 0.1591796875 -0.054290771484375
0.0290565490722656 0.0146865844726563 -0.170791625976562 0.020782470703125
0.0114459991455078 0.0287532806396484 -0.10205078125 -0.110763549804688
-0.0052032470703125 0.0208015441894531 0.103622436523438 -0.229232788085938
-0.0280685424804688 0.00364494323730469 0.337554931640625 -0.119964599609375
-0.0394172668457031 -0.0308570861816406 0.316192626953125 0.26654052734375
0.013092041015625 -0.085052490234375 -0.02490234375 0.464935302734375
0.0851516723632813 -0.0600051879882813 -0.220794677734375 0.269195556640625
0.115684509277344 -0.0404815673828125 0.0207328796386719 0.0127849578857422
0.0705642700195313 -0.07861328125 0.180084228515625 -0.318115234375
0.00498199462890624 -0.0783843994140625 -0.1263427734375 -0.47265625
-0.0359649658203125 -0.026092529296875 -0.39459228515625 -0.120880126953125
-0.0236530303955078 0.0155715942382812 -0.231796264648438 0.212265014648438
-0.00352287292480469 0.0221157073974609 -0.000503540039062503 0.240585327148438
0.00417137145996094 0.0274562835693359 0.149703979492187 0.110916137695312
0.0203647613525391 0.0202274322509766 0.16278076171875 -0.045196533203125
0.00747966766357422 -0.0168733596801758 -0.172866821289063 0.039794921875
0.00500202178955078 -0.0072941780090332 -0.139205932617187 -0.104789733886719
0.00455188751220703 -0.0165042877197266 0.0230865478515625 -0.236038208007813
0.0071568489074707 0.00351142883300781 0.274322509765625 -0.185333251953125
-0.00187301635742188 0.0270652770996094 0.366546630859375 0.173675537109375
-0.0080413818359375 0.0243167877197266 0.106658935546875 0.454986572265625
-0.0112991333007813 0.0390739440917969 -0.16815185546875 0.32476806640625
-0.0229454040527344 0.0247383117675781 -0.00208663940429688 0.0485954284667969
-0.0112476348876953 0.0324859619140625 0.253952026367188 -0.2530517578125
0.00995254516601563 0.0250873565673828 0.02496337890625 -0.495941162109375
0.00758171081542969 0.0155029296875 -0.35296630859375 -0.228302001953125
0.00278544425964355 0.00349688529968262 -0.305023193359375 0.156036376953125
0.00664186477661133 -0.00855016708374023 -0.0770263671875 0.2315673828125
0.000703811645507811 -0.0151567459106445 0.121009826660156 0.121345520019531
7.3432922363281E-05 -0.0130500793457031 0.16552734375 -0.031280517578125
0.00939655303955078 -0.0154695510864258 -0.17449951171875 0.0349578857421875
0.00759220123291016 -0.00940704345703125 -0.130409240722656 -0.110816955566406
0.00215435028076172 -0.016718864440918 0.0479278564453125 -0.235946655273438
0.00371885299682617 0.0059661865234375 0.2982177734375 -0.16339111328125
-0.00416946411132812 0.0298786163330078 0.352294921875 0.209716796875
-0.00712203979492188 0.0269813537597656 0.060272216796875 0.46319580078125
-0.0134849548339844 0.0429801940917969 -0.183197021484375 0.301055908203125
-0.0251083374023437 0.0278472900390625 0.0187129974365234 0.0328559875488281
-0.00876998901367187 0.0363388061523438 0.240890502929688 -0.280532836914063
0.0125999450683594 0.0269203186035156 -0.022552490234375 -0.495086669921875
0.00782012939453125 0.0165815353393555 -0.36767578125 -0.188812255859375
-0.000378608703613282 0.00468063354492188 -0.280746459960938 0.180770874023438
0.00293922424316406 -0.0106086730957031 -0.0512237548828125 0.232772827148437
0.00069713592529297 -0.0164794921875 0.130157470703125 0.112815856933594
0.00167465209960937 -0.0108556747436523 0.16357421875 -0.040130615234375
0.0124568939208984 -0.0117807388305664 -0.176162719726562 0.028076171875
0.0090789794921875 -0.00789260864257813 -0.11968994140625 -0.117050170898437
0.000793457031249999 -0.0144453048706055 0.07550048828125 -0.235641479492188
-0.000779628753662109 0.00710010528564453 0.32269287109375 -0.137451171875
-0.00905799865722656 0.0276546478271484 0.334930419921875 0.247772216796875
-0.00557136535644531 0.0221900939941406 0.01446533203125 0.467498779296875
-0.00954437255859375 0.0392837524414063 -0.196121215820313 0.276412963867188
-0.0179233551025391 0.0260848999023438 0.0398101806640625 0.0159072875976563
-0.0014495849609375 0.0316619873046875 0.2235107421875 -0.309722900390625
0.0155811309814453 0.0211925506591797 -0.0766906738281251 -0.485931396484375
0.00562953948974609 0.0138511657714844 -0.3822021484375 -0.145721435546875
-0.00463533401489258 0.00553083419799805 -0.253890991210938 0.203414916992188
-0.000132560729980468 -0.0103178024291992 -0.0234527587890625 0.233474731445313
0.000690460205078125 -0.0147085189819336 0.138595581054688 0.105712890625
0.00455665588378906 -0.00772762298583984 0.162017822265625 -0.0467681884765625
0.0153980255126953 -0.00683116912841797 -0.176040649414063 0.0216217041015625
0.0108718872070313 -0.00407218933105469 -0.108512878417969 -0.121162414550781
-0.00113677978515625 -0.00943851470947266 0.10211181640625 -0.232711791992188
-0.00706577301025391 0.00843906402587891 0.344390869140625 -0.11187744140625
-0.0145206451416016 0.0200862884521484 0.312835693359375 0.282562255859375
-0.00201320648193359 0.00969982147216797 -0.035064697265625 0.46832275390625
0.00131034851074219 0.0285320281982422 -0.208847045898438 0.253067016601562
-0.000627517700195314 0.0193843841552734 0.0546951293945313 0.00200653076171875
0.00994300842285157 0.0184192657470703 0.20611572265625 -0.33233642578125
0.0156488418579102 0.00840854644775391 -0.11968994140625 -0.476226806640625
0.000848770141601563 0.00887966156005859 -0.389495849609375 -0.109649658203125
-0.00848102569580078 0.0070953369140625 -0.227432250976562 0.218978881835938
-0.00274229049682617 -0.00644588470458984 0.000701904296874998 0.232330322265625
0.00113296508789063 -0.0101795196533203 0.145660400390625 0.0997161865234375
0.0071406364440918 -0.00247383117675781 0.1590576171875 -0.052764892578125
0.0192432403564453 -0.000394821166992188 -0.176620483398438 0.0165557861328125
0.0114669799804688 0.00288963317871094 -0.09930419921875 -0.123458862304687
-0.00310087203979492 -0.00291013717651367 0.120620727539063 -0.230224609375
-0.013524055480957 0.00679302215576172 0.35650634765625 -0.092529296875
-0.0203418731689453 0.00735092163085937 0.29608154296875 0.30523681640625
0.00455760955810547 -0.0110988616943359 -0.065399169921875 0.46722412109375
0.0210075378417969 0.0118846893310547 -0.217086791992187 0.237945556640625
0.0244789123535156 0.00718879699707031 0.0625648498535156 -0.00673294067382813
0.0226612091064453 -0.00238418579101563 0.18792724609375 -0.34747314453125
0.0129814147949219 -0.00933837890625 -0.153778076171875 -0.46563720703125
-0.00743675231933594 0.00276279449462891 -0.39300537109375 -0.084442138671875
-0.0116195678710938 0.00962638854980469 -0.209381103515625 0.229049682617188
-0.00306105613708496 -0.000709295272827149 0.0171356201171875 0.232467651367187
0.00148200988769531 -0.00341391563415527 0.1510009765625 0.0953216552734375
0.0104990005493164 0.00297164916992188 0.158035278320313 -0.0563507080078125
0.0229663848876953 0.00449943542480469 -0.174880981445313 0.0145416259765625
0.0118932723999023 0.0114984512329102 -0.094879150390625 -0.121620178222656
-0.00513172149658203 0.00441980361938477 0.128707885742188 -0.226760864257812
-0.0195941925048828 0.00440216064453125 0.3582763671875 -0.086669921875
-0.0253429412841797 -0.00726318359374999 0.288970947265625 0.311767578125
0.0125617980957031 -0.035247802734375 -0.079376220703125 0.466094970703125
0.0444297790527344 -0.00928115844726563 -0.222808837890625 0.23406982421875
0.0538597106933594 -0.0071868896484375 0.0605087280273437 -0.00885772705078125
0.0367050170898438 -0.0275802612304688 0.177825927734375 -0.35003662109375
0.00876235961914062 -0.0300483703613281 -0.16619873046875 -0.463104248046875
-0.0170364379882813 -0.00450420379638672 -0.39569091796875 -0.076263427734375
-0.0152053833007813 0.0120916366577148 -0.20135498046875 0.230972290039062
-0.00343227386474609 0.00567197799682617 0.0248260498046875 0.233444213867188
0.00297403335571289 0.00520563125610352 0.153457641601562 0.0963897705078125
0.0133018493652344 0.00807952880859375 0.157974243164062 -0.0565032958984375
0.0258045196533203 0.0096282958984375 -0.1734619140625 0.0165863037109375
0.0121917724609375 0.0197601318359375 -0.0959625244140625 -0.117530822753906
-0.00558662414550781 0.0122566223144531 0.123077392578125 -0.2276611328125
-0.0247821807861328 0.00286102294921875 0.35284423828125 -0.095794677734375
-0.0313339233398437 -0.0208988189697266 0.29571533203125 0.299530029296875
0.0166206359863281 -0.0613594055175781 -0.0662841796875 0.46527099609375
0.0678253173828125 -0.0333137512207031 -0.22412109375 0.2442626953125
0.0849075317382813 -0.0236587524414063 0.046630859375 -0.00289154052734375
0.0522804260253906 -0.0533866882324219 0.1751708984375 -0.3419189453125
0.00471496582031249 -0.053466796875 -0.158935546875 -0.463958740234375
-0.0267581939697266 -0.0132484436035156 -0.396942138671875 -0.0870361328125001
-0.0185890197753906 0.0145797729492188 -0.20806884765625 0.227127075195312
-0.00302886962890625 0.0158729553222656 0.0218963623046875 0.235946655273438
0.00434684753417969 0.0160398483276367 0.154190063476563 0.0998687744140625
0.017512321472168 0.0145740509033203 0.158950805664063 -0.053863525390625
0.0288810729980469 0.0139942169189453 -0.1707763671875 0.0215301513671875
0.0122699737548828 0.0287494659423828 -0.101936340332031 -0.110382080078125
-0.00534248352050781 0.0214900970458984 0.102752685546875 -0.229629516601563
-0.0284614562988281 0.00366973876953125 0.335968017578125 -0.120819091796875
-0.0388679504394531 -0.030487060546875 0.31494140625 0.265960693359375
0.0134735107421875 -0.0850982666015625 -0.024566650390625 0.4644775390625
0.084930419921875 -0.06036376953125 -0.22039794921875 0.268386840820313
0.115646362304688 -0.0402297973632813 0.0204143524169922 0.0128421783447266
0.0703506469726563 -0.0784378051757813 0.18048095703125 -0.3175048828125
0.00476837158203126 -0.0784149169921875 -0.12664794921875 -0.471893310546875
-0.0360069274902344 -0.026519775390625 -0.39385986328125 -0.12017822265625
-0.0233020782470703 0.0151920318603516 -0.232330322265625 0.211959838867187
-0.00321388244628906 0.0226325988769531 3.05175781249754E-05 0.240966796875
0.00449943542480469 0.0274887084960938 0.15008544921875 0.110641479492188
0.0204887390136719 0.0200443267822266 0.162200927734375 -0.04510498046875
0.00807094573974609 -0.0169763565063477 -0.173065185546875 0.0403594970703125
0.00556850433349609 -0.00696563720703125 -0.13934326171875 -0.103927612304687
0.00440597534179688 -0.0165224075317383 0.022308349609375 -0.235824584960937
0.0070343017578125 0.00389337539672852 0.274154663085938 -0.185165405273438
-0.0011138916015625 0.0275745391845703 0.36749267578125 0.172576904296875
-0.00713157653808594 0.0241432189941406 0.10595703125 0.454254150390625
-0.0110244750976562 0.0386810302734375 -0.1690673828125 0.324310302734375
-0.0232467651367188 0.0243988037109375 -0.00204086303710937 0.0482444763183594
-0.0111503601074219 0.0328655242919922 0.253936767578125 -0.253067016601563
0.00930023193359375 0.0251369476318359 0.0264892578125 -0.496490478515625
0.00801277160644531 0.0153512954711914 -0.353302001953125 -0.230072021484375
0.00272464752197266 0.0034031867980957 -0.30517578125 0.156707763671875
0.0068817138671875 -0.00847244262695313 -0.0770721435546875 0.231735229492187
0.000108718872070314 -0.0152225494384766 0.121238708496094 0.120956420898438
-9.63211059570299E-05 -0.0127058029174805 0.165664672851563 -0.0316009521484375
0.00992393493652344 -0.0154352188110352 -0.173980712890625 0.0354156494140625
0.00765132904052734 -0.00920963287353516 -0.130752563476563 -0.109832763671875
0.00231170654296875 -0.0168733596801758 0.047821044921875 -0.23626708984375
0.00392341613769531 0.00621128082275391 0.29803466796875 -0.163787841796875
-0.00344085693359375 0.0294971466064453 0.35296630859375 0.209381103515625
-0.00673675537109375 0.0272464752197266 0.061126708984375 0.463531494140625
-0.0130882263183594 0.04290771484375 -0.183441162109375 0.300811767578125
-0.0255279541015625 0.0277385711669922 0.0185794830322266 0.0328922271728516
-0.00885009765625 0.036163330078125 0.242935180664063 -0.28070068359375
0.0132465362548828 0.0267906188964844 -0.022430419921875 -0.4935302734375
0.00830173492431641 0.0167369842529297 -0.369384765625 -0.189971923828125
-0.00038909912109375 0.00445652008056641 -0.28106689453125 0.18011474609375
0.00325870513916016 -0.0104923248291016 -0.0513458251953125 0.232986450195313
0.000927925109863281 -0.0166912078857422 0.130439758300781 0.112274169921875
0.00168991088867188 -0.0110206604003906 0.163375854492187 -0.0402069091796875
0.0124855041503906 -0.0118904113769531 -0.1763916015625 0.028228759765625
0.00977706909179688 -0.00806522369384766 -0.11962890625 -0.116584777832031
0.000521659851074218 -0.0142240524291992 0.07525634765625 -0.235427856445313
-0.00144004821777344 0.00746822357177734 0.32275390625 -0.138702392578125
-0.00855064392089844 0.0274009704589844 0.335906982421875 0.24652099609375
-0.00564765930175781 0.0219745635986328 0.013031005859375 0.4677734375
-0.00935745239257812 0.038726806640625 -0.196823120117188 0.275726318359375
-0.0181179046630859 0.0262451171875 0.039703369140625 0.0159988403320313
-0.00118637084960938 0.0313301086425781 0.223358154296875 -0.30975341796875
0.0162010192871094 0.0211181640625 -0.0758056640625 -0.486083984375
0.00592613220214844 0.0138216018676758 -0.381683349609375 -0.146820068359375
-0.00475120544433594 0.00501871109008789 -0.25360107421875 0.203338623046875
-4.29153442382821E-05 -0.00970077514648438 -0.023284912109375 0.233566284179688
0.000686645507812499 -0.0145788192749023 0.138809204101563 0.105697631835938
0.00471305847167969 -0.00776576995849609 0.161849975585938 -0.047210693359375
0.0155172348022461 -0.00721073150634766 -0.175994873046875 0.022552490234375
0.011143684387207 -0.00363731384277344 -0.108566284179687 -0.121086120605469
-0.00149059295654297 -0.00928688049316406 0.1016845703125 -0.232757568359375
-0.00678873062133789 0.00805330276489258 0.343994140625 -0.1114501953125
-0.0139331817626953 0.019775390625 0.313018798828125 0.28228759765625
-0.00203990936279297 0.0092620849609375 -0.03375244140625 0.46905517578125
0.00155258178710937 0.0283737182617188 -0.208892822265625 0.2532958984375
-0.000988006591796874 0.0191936492919922 0.0544166564941406 0.00224685668945313
0.00975227355957031 0.0179271697998047 0.20574951171875 -0.33270263671875
0.0161800384521484 0.00882434844970703 -0.11895751953125 -0.476531982421875
0.000312805175781249 0.00879955291748047 -0.388946533203125 -0.109954833984375
-0.00849580764770508 0.00682687759399414 -0.228042602539063 0.219589233398437
-0.00248479843139649 -0.00659847259521484 0.000106811523437492 0.232742309570313
0.00131702423095703 -0.0105066299438477 0.146087646484375 0.0988616943359375
0.00732326507568359 -0.00304651260375977 0.159332275390625 -0.053070068359375
0.0196399688720703 -0.00080108642578125 -0.176589965820312 0.0171356201171875
0.0120267868041992 0.00340461730957031 -0.099700927734375 -0.122734069824219
-0.00322198867797852 -0.00309276580810547 0.120864868164063 -0.23046875
-0.0135059356689453 0.00655841827392578 0.3555908203125 -0.093963623046875
-0.0195236206054688 0.00782966613769531 0.297393798828125 0.30535888671875
0.0049285888671875 -0.0108671188354492 -0.06597900390625 0.46734619140625
0.021148681640625 0.0114765167236328 -0.217575073242187 0.238296508789063
0.0235939025878906 0.00709152221679688 0.0625801086425781 -0.00653076171875
0.0223007202148438 -0.00257682800292969 0.18780517578125 -0.34619140625
0.0133705139160156 -0.00940704345703125 -0.152496337890625 -0.466064453125
-0.00726556777954102 0.00294160842895508 -0.393096923828125 -0.0849609375
-0.0117759704589844 0.00932025909423828 -0.20941162109375 0.229095458984375
-0.00316762924194336 -0.00101852416992188 0.017364501953125 0.232742309570313
0.0017542839050293 -0.00276589393615723 0.15118408203125 0.0952301025390625
0.0106382369995117 0.00334453582763672 0.158111572265625 -0.05621337890625
0.0228023529052734 0.00413703918457031 -0.175125122070313 0.0150909423828125
0.0118818283081055 0.0113754272460938 -0.094635009765625 -0.121688842773438
-0.00537252426147461 0.00479030609130859 0.12890625 -0.227294921875
-0.0194740295410156 0.00422286987304688 0.357757568359375 -0.087066650390625
-0.0254268646240234 -0.00695610046386719 0.289459228515625 0.311920166015625
0.0125236511230469 -0.0348281860351563 -0.0787658691406251 0.465057373046875
0.0450515747070313 -0.00876617431640625 -0.22357177734375 0.23468017578125
0.0542259216308594 -0.00726699829101563 0.060150146484375 -0.0089263916015625
0.0363693237304688 -0.0274200439453125 0.1781005859375 -0.3505859375
0.00886917114257813 -0.0301990509033203 -0.16656494140625 -0.4622802734375
-0.017277717590332 -0.00404739379882813 -0.39520263671875 -0.076934814453125
-0.0149431228637695 0.012141227722168 -0.201080322265625 0.232284545898438
-0.00305652618408203 0.00606966018676758 0.0253448486328125 0.233169555664063
0.00288581848144531 0.00510025024414063 0.153915405273438 0.096221923828125
0.013397216796875 0.00790977478027344 0.1580810546875 -0.0565948486328125
0.0263042449951172 0.00966835021972656 -0.173294067382813 0.01641845703125
0.0124740600585937 0.0203170776367188 -0.0955657958984375 -0.117134094238281
-0.00570297241210938 0.0128145217895508 0.12286376953125 -0.228073120117188
-0.0249595642089844 0.00262832641601563 0.35308837890625 -0.095611572265625
-0.0308322906494141 -0.0206317901611328 0.295196533203125 0.299560546875
0.0173187255859375 -0.061126708984375 -0.064849853515625 0.4654541015625
0.0679702758789063 -0.0336036682128906 -0.224441528320312 0.2437744140625
0.0851287841796875 -0.0233535766601563 0.0466423034667969 -0.00274276733398438
0.0517120361328125 -0.0540924072265625 0.175140380859375 -0.341705322265625
0.00496292114257812 -0.0538787841796875 -0.1602783203125 -0.464141845703125
-0.0270862579345703 -0.0138168334960937 -0.39630126953125 -0.08697509765625
-0.0187435150146484 0.0143756866455078 -0.20770263671875 0.2274169921875
-0.00323772430419922 0.0162200927734375 0.021453857421875 0.23565673828125
0.00405979156494141 0.0162315368652344 0.15399169921875 0.0996551513671875
0.0173349380493164 0.014552116394043 0.159103393554688 -0.053802490234375
0.029571533203125 0.0137519836425781 -0.169509887695313 0.0223236083984375
0.0125999450683594 0.0288848876953125 -0.101760864257813 -0.110443115234375
-0.004913330078125 0.0221443176269531 0.102432250976563 -0.230072021484375
-0.0289287567138672 0.00384140014648438 0.33575439453125 -0.1207275390625
-0.0385475158691406 -0.0307502746582031 0.31707763671875 0.26580810546875
0.01385498046875 -0.0851898193359375 -0.02606201171875 0.464599609375
0.0853118896484375 -0.060699462890625 -0.220550537109375 0.268768310546875
0.115394592285156 -0.0399551391601563 0.0205116271972656 0.0137615203857422
0.0704803466796875 -0.0783767700195313 0.181427001953125 -0.316802978515625
0.00463104248046875 -0.0786514282226563 -0.1263427734375 -0.471832275390625
-0.0360183715820313 -0.0260581970214844 -0.393890380859375 -0.12030029296875
-0.023712158203125 0.0155124664306641 -0.231948852539063 0.211807250976562
-0.00281143188476562 0.0224132537841797 -9.15527343750151E-05 0.23992919921875
0.00416183471679687 0.0276355743408203 0.150070190429688 0.110260009765625
0.0205039978027344 0.0202770233154297 0.162796020507812 -0.0452728271484375
0.00864887237548828 -0.0172767639160156 -0.172836303710937 0.0411224365234375
0.00623750686645508 -0.00680398941040039 -0.139060974121094 -0.103981018066406
0.00417423248291016 -0.0162525177001953 0.0221099853515625 -0.236770629882813
0.00724887847900391 0.00360822677612305 0.274200439453125 -0.186538696289063
-0.000942230224609373 0.0276298522949219 0.367095947265625 0.17266845703125
-0.00660133361816406 0.0248184204101563 0.1051025390625 0.4559326171875
-0.0107383728027344 0.0387687683105469 -0.16973876953125 0.324737548828125
-0.0232925415039063 0.0242958068847656 -0.00245285034179688 0.0487937927246094
-0.0114345550537109 0.0325851440429687 0.25384521484375 -0.253097534179688
0.0100154876708984 0.0252590179443359 0.027191162109375 -0.498046875
0.00767326354980469 0.0156993865966797 -0.353302001953125 -0.230804443359375
0.00256919860839844 0.00363469123840332 -0.30548095703125 0.1558837890625
0.00690937042236328 -0.00871086120605469 -0.0776519775390625 0.23175048828125
0.00044536590576172 -0.015019416809082 0.121528625488281 0.12017822265625
0.000155448913574219 -0.0130519866943359 0.165817260742188 -0.03125
0.00976085662841797 -0.015650749206543 -0.173828125 0.0364990234375
0.00784873962402344 -0.00893783569335938 -0.129989624023438 -0.109939575195313
0.00185394287109375 -0.0159244537353516 0.047210693359375 -0.236465454101562
0.00378751754760742 0.00607156753540039 0.298004150390625 -0.1640625
-0.00384140014648437 0.0297336578369141 0.352996826171875 0.210113525390625
-0.00632286071777344 0.0269718170166016 0.060211181640625 0.46441650390625
-0.0129661560058594 0.042877197265625 -0.183624267578125 0.301177978515625
-0.0256443023681641 0.0278282165527344 0.0181121826171875 0.0327320098876953
-0.00913619995117187 0.0360298156738281 0.242874145507812 -0.280120849609375
0.0130558013916016 0.0267047882080078 -0.02227783203125 -0.494110107421875
0.00800323486328125 0.0163097381591797 -0.368255615234375 -0.189971923828125
-0.000570297241210937 0.00422263145446777 -0.281219482421875 0.180572509765625
0.00296592712402344 -0.0103034973144531 -0.0507965087890625 0.233016967773437
0.000450134277343751 -0.0164222717285156 0.130615234375 0.112777709960938
0.00163936614990234 -0.0109186172485352 0.163528442382813 -0.03973388671875
0.0132169723510742 -0.0117740631103516 -0.17596435546875 0.02911376953125
0.0102672576904297 -0.00736045837402344 -0.1192626953125 -0.116111755371094
0.000341415405273437 -0.0141496658325195 0.0748443603515625 -0.235748291015625
-0.00113201141357422 0.00759029388427734 0.323211669921875 -0.138946533203125
-0.00806617736816406 0.0274085998535156 0.334930419921875 0.24664306640625
-0.00451278686523437 0.0223541259765625 0.01202392578125 0.468231201171875
-0.00948333740234375 0.0390396118164063 -0.19683837890625 0.276046752929688
-0.0185985565185547 0.0257720947265625 0.0395698547363281 0.0163078308105469
-0.001617431640625 0.0313968658447266 0.224365234375 -0.3094482421875
0.0158901214599609 0.0213356018066406 -0.076263427734375 -0.487457275390625
0.00582695007324219 0.0137157440185547 -0.382537841796875 -0.146026611328125
-0.00443410873413086 0.0050501823425293 -0.253753662109375 0.203125
3.81469726562496E-05 -0.00987148284912109 -0.0233306884765625 0.233612060546875
0.000862121582031251 -0.0146112442016602 0.1392822265625 0.105545043945312
0.00458908081054688 -0.00762128829956055 0.162261962890625 -0.046844482421875
0.0163021087646484 -0.00722503662109375 -0.176467895507813 0.0233001708984375
0.0117788314819336 -0.00359439849853516 -0.108367919921875 -0.119987487792969
-0.00140190124511719 -0.00930595397949219 0.1014404296875 -0.233016967773437
-0.00683832168579102 0.00820350646972656 0.34356689453125 -0.11260986328125
-0.0137157440185547 0.0202388763427734 0.3131103515625 0.28289794921875
-0.00110340118408203 0.00918865203857422 -0.034088134765625 0.46954345703125
0.00171661376953125 0.0283756256103516 -0.208999633789062 0.25341796875
-0.00130653381347656 0.0189781188964844 0.0548934936523437 0.00229263305664063
0.009765625 0.0183162689208984 0.206878662109375 -0.33221435546875
0.015894889831543 0.00862598419189453 -0.118682861328125 -0.477264404296875
0.000552177429199218 0.00928306579589844 -0.389190673828125 -0.110198974609375
-0.00852584838867187 0.00753211975097656 -0.22747802734375 0.21954345703125
-0.00247621536254883 -0.00617313385009766 0.000381469726562496 0.232772827148437
0.00106716156005859 -0.0101099014282227 0.146408081054688 0.0989227294921875
0.00705957412719727 -0.00270938873291016 0.15948486328125 -0.052642822265625
0.0202465057373047 -0.00127792358398438 -0.1763916015625 0.017974853515625
0.0122499465942383 0.00363636016845703 -0.0996322631835938 -0.122055053710938
-0.00306534767150879 -0.00224685668945313 0.120208740234375 -0.230361938476562
-0.0140838623046875 0.00670909881591797 0.3555908203125 -0.09375
-0.0195980072021484 0.00798797607421875 0.29736328125 0.305267333984375
0.00525856018066406 -0.0109348297119141 -0.065399169921875 0.467132568359375
0.0214195251464844 0.0117149353027344 -0.217391967773438 0.238082885742188
0.0241584777832031 0.00757217407226563 0.0625686645507813 -0.00667572021484375
0.0232734680175781 -0.00267219543457031 0.188629150390625 -0.34649658203125
0.0129289627075195 -0.00946712493896484 -0.153350830078125 -0.467376708984375
-0.00728321075439453 0.00312662124633789 -0.393646240234375 -0.0852661132812501
-0.0120477676391602 0.00977039337158203 -0.209854125976562 0.22906494140625
-0.00328159332275391 -0.00125503540039062 0.0168914794921875 0.232986450195313
0.00196170806884766 -0.00284576416015625 0.15167236328125 0.095062255859375
0.0106172561645508 0.00326061248779297 0.158294677734375 -0.0567474365234375
0.0232620239257813 0.0040130615234375 -0.175506591796875 0.0159759521484375
0.0129261016845703 0.0113420486450195 -0.0946197509765625 -0.121360778808594
-0.00507879257202148 0.00472688674926758 0.128570556640625 -0.228302001953125
-0.0200786590576172 0.00453948974609375 0.35968017578125 -0.08721923828125
-0.0251522064208984 -0.00658798217773437 0.2891845703125 0.3115234375
0.0129547119140625 -0.0355072021484375 -0.07928466796875 0.465911865234375
0.0452423095703125 -0.009246826171875 -0.2235107421875 0.2342529296875
0.0537605285644531 -0.00707244873046875 0.0602874755859375 -0.00889968872070313
0.0364456176757813 -0.0278091430664063 0.177490234375 -0.349700927734375
0.00852584838867187 -0.0304527282714844 -0.166778564453125 -0.462249755859375
-0.0174007415771484 -0.00420093536376953 -0.396209716796875 -0.0762329101562499
-0.0151433944702148 0.0125703811645508 -0.201858520507813 0.231887817382812
-0.00321292877197266 0.00601005554199219 0.02490234375 0.233367919921875
0.00300788879394531 0.0052638053894043 0.15362548828125 0.09552001953125
0.0135049819946289 0.00803852081298828 0.157943725585938 -0.056976318359375
0.0269317626953125 0.00902748107910156 -0.173187255859375 0.0173797607421875
0.0128669738769531 0.0202102661132813 -0.0958175659179687 -0.117568969726563
-0.00586223602294922 0.0134010314941406 0.122161865234375 -0.2283935546875
-0.0253925323486328 0.00297355651855469 0.353729248046875 -0.09619140625
-0.0308990478515625 -0.0209693908691406 0.29638671875 0.298614501953125
0.0175971984863281 -0.0614585876464844 -0.0665283203125 0.465911865234375
0.0684318542480469 -0.0337333679199219 -0.224868774414062 0.24456787109375
0.0847854614257813 -0.02301025390625 0.04644775390625 -0.002532958984375
0.0515670776367188 -0.0539360046386719 0.175567626953125 -0.341033935546875
0.0045318603515625 -0.0532264709472656 -0.1583251953125 -0.46417236328125
-0.0273952484130859 -0.0133762359619141 -0.39654541015625 -0.0877380371093749
-0.0184993743896484 0.0146579742431641 -0.2081298828125 0.227066040039062
-0.00299930572509765 0.0163707733154297 0.021240234375 0.236007690429688
0.00451850891113281 0.0168304443359375 0.15521240234375 0.0998382568359375
0.0174455642700195 0.0143928527832031 0.15924072265625 -0.054107666015625
0.0301303863525391 0.0133495330810547 -0.170547485351563 0.0221710205078125
0.0131607055664063 0.0293693542480469 -0.102119445800781 -0.109504699707031
-0.00510978698730469 0.0217151641845703 0.10162353515625 -0.230117797851562
-0.0290546417236328 0.00357627868652343 0.335479736328125 -0.120635986328125
-0.0387916564941406 -0.0307273864746094 0.316070556640625 0.26593017578125
0.0143585205078125 -0.0857162475585938 -0.026519775390625 0.465728759765625
0.0859909057617188 -0.0607376098632813 -0.220504760742188 0.269088745117188
0.115226745605469 -0.0395431518554688 0.0203742980957031 0.0135879516601562
0.0703048706054688 -0.0788345336914063 0.180389404296875 -0.31732177734375
0.00470733642578125 -0.0784149169921875 -0.12640380859375 -0.471954345703125
-0.0364723205566406 -0.0266571044921875 -0.3951416015625 -0.120819091796875
-0.023223876953125 0.0149688720703125 -0.232131958007812 0.2117919921875
-0.00287628173828125 0.0228023529052734 9.15527343750193E-05 0.240982055664063
0.00495147705078125 0.0272483825683594 0.150772094726563 0.110336303710938
0.0208473205566406 0.0200786590576172 0.162994384765625 -0.0452728271484375
0.00867366790771485 -0.0171527862548828 -0.173019409179687 0.042022705078125
0.00638341903686523 -0.00661039352416992 -0.139366149902344 -0.103759765625
0.00423526763916016 -0.0158596038818359 0.02142333984375 -0.2371826171875
0.00677061080932617 0.00365495681762695 0.274185180664063 -0.187179565429687
-0.000885009765625 0.027374267578125 0.36785888671875 0.17327880859375
-0.00637435913085937 0.0245437622070313 0.10638427734375 0.4571533203125
-0.010498046875 0.0389251708984375 -0.16943359375 0.326629638671875
-0.0236167907714844 0.0247631072998047 -0.0024261474609375 0.0486564636230469
-0.0113124847412109 0.0324420928955078 0.255462646484375 -0.253021240234375
0.00993537902832031 0.0253658294677734 0.0267333984375 -0.49859619140625
0.00773906707763672 0.016301155090332 -0.35443115234375 -0.2320556640625
0.00255322456359863 0.00377392768859863 -0.306671142578125 0.1572265625
0.00670433044433594 -0.00857067108154297 -0.0771026611328125 0.23260498046875
0.000522613525390623 -0.0149602890014648 0.122459411621094 0.120407104492188
-0.00012683868408203 -0.0128965377807617 0.166091918945313 -0.0318450927734375
0.0103855133056641 -0.0161066055297852 -0.1744384765625 0.03759765625
0.00860929489135742 -0.00872325897216797 -0.130302429199219 -0.109390258789063
0.00235939025878906 -0.0163917541503906 0.0468597412109375 -0.23736572265625
0.00374603271484375 0.0058598518371582 0.298309326171875 -0.165313720703125
-0.00326919555664062 0.0297279357910156 0.35552978515625 0.209503173828125
-0.00543594360351562 0.0272369384765625 0.06060791015625 0.46514892578125
-0.0126495361328125 0.0427131652832031 -0.18402099609375 0.30230712890625
-0.0259952545166016 0.0275688171386719 0.0184879302978516 0.0329132080078125
-0.00932693481445312 0.0362052917480469 0.24365234375 -0.28118896484375
0.0131664276123047 0.0269966125488281 -0.022247314453125 -0.494964599609375
0.00809192657470703 0.0165271759033203 -0.369903564453125 -0.190704345703125
-0.000284194946289063 0.00430822372436523 -0.281890869140625 0.1817626953125
0.00311088562011719 -0.00996208190917969 -0.05133056640625 0.233261108398438
0.000359535217285156 -0.0160388946533203 0.13134765625 0.1129150390625
0.00165748596191406 -0.010737419128418 0.163589477539063 -0.0402374267578125
0.01312255859375 -0.0119991302490234 -0.176239013671875 0.029998779296875
0.0107040405273438 -0.00743961334228516 -0.119865417480469 -0.115791320800781
0.0002899169921875 -0.0138692855834961 0.0747833251953125 -0.237625122070312
-0.00100088119506836 0.00755453109741211 0.323394775390625 -0.139801025390625
-0.00758743286132812 0.0277690887451172 0.336822509765625 0.24749755859375
-0.00449562072753907 0.0223064422607422 0.012725830078125 0.470001220703125
-0.00886154174804688 0.0393333435058594 -0.196990966796875 0.276779174804688
-0.0187549591064453 0.0257797241210938 0.039398193359375 0.0160751342773438
-0.001373291015625 0.0310878753662109 0.225128173828125 -0.3101806640625
0.0156688690185547 0.0215110778808594 -0.076904296875 -0.48748779296875
0.00586605072021484 0.0138034820556641 -0.382965087890625 -0.14739990234375
-0.00446271896362305 0.0052032470703125 -0.254348754882812 0.203628540039062
-0.000148773193359376 -0.00963878631591797 -0.0236663818359375 0.23419189453125
0.000913619995117186 -0.0144033432006836 0.139335632324219 0.105110168457031
0.00449705123901367 -0.00749778747558594 0.162506103515625 -0.047149658203125
0.0168781280517578 -0.00766181945800781 -0.176361083984375 0.0239105224609375
0.0120620727539063 -0.00316524505615234 -0.108299255371094 -0.120140075683594
-0.00146770477294922 -0.00898551940917969 0.101318359375 -0.23406982421875
-0.00724935531616211 0.00822973251342774 0.344024658203125 -0.112701416015625
-0.0138530731201172 0.0201416015625 0.314422607421875 0.284027099609375
-0.000636100769042969 0.00910472869873047 -0.035552978515625 0.471038818359375
0.0022125244140625 0.0279884338378906 -0.209182739257812 0.25384521484375
-0.00138473510742187 0.0193557739257813 0.0548439025878906 0.00238800048828125
0.00997543334960937 0.0182399749755859 0.207244873046875 -0.333404541015625
0.0159845352172852 0.00886440277099609 -0.11907958984375 -0.478424072265625
0.000525474548339844 0.0089874267578125 -0.39080810546875 -0.11102294921875
-0.00823640823364258 0.00718402862548828 -0.228317260742188 0.2208251953125
-0.00219154357910156 -0.0059514045715332 0.000259399414062486 0.233306884765625
0.00126743316650391 -0.0104541778564453 0.147232055664063 0.0985260009765625
0.00698089599609375 -0.00267267227172852 0.160018920898438 -0.0529937744140625
0.0206222534179687 -0.00147056579589844 -0.1771240234375 0.018829345703125
0.0128641128540039 0.00351428985595703 -0.0996780395507813 -0.122566223144531
-0.00336217880249023 -0.00252962112426758 0.120101928710937 -0.231430053710937
-0.0138101577758789 0.00681304931640625 0.35614013671875 -0.09466552734375
-0.0193595886230469 0.0078582763671875 0.296356201171875 0.305023193359375
0.00534820556640625 -0.0107812881469727 -0.0668640136718751 0.46942138671875
0.0217208862304687 0.0113086700439453 -0.217636108398438 0.23907470703125
0.0238075256347656 0.00752449035644531 0.0623588562011719 -0.00668716430664062
0.0226287841796875 -0.00297355651855469 0.189178466796875 -0.346954345703125
0.0131187438964844 -0.00907611846923828 -0.15411376953125 -0.466796875
-0.00756168365478516 0.00311088562011719 -0.39471435546875 -0.085662841796875
-0.0121622085571289 0.00965595245361328 -0.2100830078125 0.230178833007812
-0.00303840637207031 -0.000997304916381836 0.01763916015625 0.233428955078125
0.00194811820983887 -0.0028839111328125 0.152053833007813 0.094635009765625
0.0106229782104492 0.00334835052490234 0.158615112304688 -0.05682373046875
0.0238170623779297 0.00378227233886719 -0.175018310546875 0.0166778564453125
0.0133390426635742 0.0111598968505859 -0.09503173828125 -0.120780944824219
-0.00512886047363281 0.00504875183105469 0.127883911132812 -0.228973388671875
-0.020050048828125 0.00460433959960937 0.35980224609375 -0.088226318359375
-0.0244712829589844 -0.00701141357421875 0.289520263671875 0.3121337890625
0.0130195617675781 -0.0352592468261719 -0.07989501953125 0.467132568359375
0.0453376770019531 -0.0095062255859375 -0.22332763671875 0.235153198242187
0.0536117553710938 -0.00675201416015625 0.0601387023925781 -0.00839614868164063
0.03662109375 -0.0278205871582031 0.178131103515625 -0.350921630859375
0.00831985473632812 -0.0306434631347656 -0.167144775390625 -0.463134765625
-0.0170078277587891 -0.00424575805664062 -0.3968505859375 -0.0759277343750001
-0.0154027938842773 0.0123052597045898 -0.2017822265625 0.233108520507813
-0.00292301177978516 0.00630569458007813 0.024749755859375 0.234329223632813
0.00294160842895508 0.00544595718383789 0.154800415039063 0.09515380859375
0.0133495330810547 0.0082244873046875 0.158416748046875 -0.0570220947265625
0.0271720886230469 0.00849342346191406 -0.173492431640625 0.01812744140625
0.0132217407226563 0.0204486846923828 -0.0957794189453125 -0.117156982421875
-0.00575447082519531 0.0129785537719727 0.121719360351563 -0.229766845703125
-0.0252914428710937 0.00291824340820313 0.354156494140625 -0.097076416015625
-0.0306949615478516 -0.0207366943359375 0.296966552734375 0.300384521484375
0.017303466796875 -0.0618782043457031 -0.065673828125 0.46771240234375
0.069061279296875 -0.0336074829101563 -0.2252197265625 0.245529174804688
0.0850982666015625 -0.0234222412109375 0.0465049743652344 -0.00199508666992188
0.0515937805175781 -0.0540580749511719 0.176910400390625 -0.34014892578125
0.00431442260742187 -0.0532760620117188 -0.160247802734375 -0.465179443359375
-0.0274143218994141 -0.0134048461914063 -0.39813232421875 -0.0877990722656251
-0.0185146331787109 0.0147991180419922 -0.208358764648437 0.228591918945313
-0.00279712677001953 0.0163965225219727 0.0214996337890625 0.236984252929688
0.00416374206542969 0.0172510147094727 0.15533447265625 0.0994110107421875
0.0178737640380859 0.0148162841796875 0.159469604492187 -0.0543060302734375
0.0304889678955078 0.0125160217285156 -0.170639038085937 0.0230712890625
0.0137405395507813 0.0292587280273438 -0.102203369140625 -0.109832763671875
-0.00515365600585938 0.0220699310302734 0.101165771484375 -0.23138427734375
-0.0293388366699219 0.00358200073242187 0.33740234375 -0.121612548828125
-0.0382194519042969 -0.0307846069335938 0.316650390625 0.26605224609375
0.014434814453125 -0.0856246948242188 -0.025390625 0.4674072265625
0.08599853515625 -0.061248779296875 -0.22100830078125 0.270233154296875
0.115043640136719 -0.039581298828125 0.0200824737548828 0.0134258270263672
0.0701675415039063 -0.07891845703125 0.181396484375 -0.3172607421875
0.0042266845703125 -0.0787124633789063 -0.127532958984375 -0.472991943359375
-0.0362396240234375 -0.0261306762695313 -0.395782470703125 -0.12152099609375
-0.0236434936523437 0.0156021118164063 -0.233047485351563 0.213211059570312
-0.0029296875 0.0231075286865234 0.000122070312500007 0.241012573242188
0.00476646423339844 0.027740478515625 0.152114868164063 0.109756469726563
0.0211048126220703 0.0199928283691406 0.163787841796875 -0.0458526611328125
0.00914764404296875 -0.0176887512207031 -0.17327880859375 0.042938232421875
0.00703763961791992 -0.00685358047485352 -0.139457702636719 -0.103599548339844
0.00373649597167969 -0.015690803527832 0.0213775634765625 -0.238296508789063
0.00706863403320313 0.003662109375 0.275054931640625 -0.188644409179688
-0.000209808349609377 0.0278968811035156 0.369781494140625 0.174346923828125
-0.00553512573242188 0.0248870849609375 0.10595703125 0.45751953125
-0.0106468200683594 0.0386772155761719 -0.170196533203125 0.326873779296875
-0.0240688323974609 0.024810791015625 -0.00259017944335938 0.0486907958984375
-0.0111980438232422 0.0324478149414063 0.2569580078125 -0.253860473632812
0.0103206634521484 0.0255508422851563 0.026214599609375 -0.500732421875
0.00798225402832031 0.0157022476196289 -0.35601806640625 -0.233551025390625
0.0025475025177002 0.00344944000244141 -0.307861328125 0.157562255859375
0.007110595703125 -0.00829076766967773 -0.077911376953125 0.233840942382813
-5.43594360351574E-05 -0.0148429870605469 0.122932434082031 0.121009826660156
8.10623168945305E-05 -0.0128211975097656 0.166763305664063 -0.03240966796875
0.0104799270629883 -0.0163164138793945 -0.174728393554688 0.0385589599609375
0.00945854187011719 -0.00820255279541016 -0.13079833984375 -0.109580993652344
0.0023193359375 -0.0164966583251953 0.046173095703125 -0.238510131835938
0.00320291519165039 0.00621652603149414 0.299560546875 -0.16693115234375
-0.00264739990234375 0.0297012329101562 0.35540771484375 0.210906982421875
-0.00511741638183594 0.0273075103759766 0.060699462890625 0.466522216796875
-0.0126724243164063 0.0426979064941406 -0.184234619140625 0.3037109375
-0.0267620086669922 0.0278644561767578 0.018341064453125 0.033355712890625
-0.00893020629882812 0.0358123779296875 0.24456787109375 -0.281524658203125
0.0129814147949219 0.0270347595214844 -0.022613525390625 -0.49853515625
0.00856304168701172 0.016413688659668 -0.37139892578125 -0.191619873046875
-0.000318527221679688 0.00416994094848633 -0.282806396484375 0.1815185546875
0.00319290161132813 -0.0103073120117188 -0.0509796142578125 0.234359741210937
0.00056743621826172 -0.0164928436279297 0.132080078125 0.112350463867188
0.00134944915771484 -0.0108795166015625 0.164749145507812 -0.040863037109375
0.0139293670654297 -0.0122480392456055 -0.176513671875 0.031005859375
0.0112724304199219 -0.00694561004638672 -0.120101928710938 -0.115982055664063
0.000501632690429689 -0.0137567520141602 0.074127197265625 -0.23846435546875
-0.00157546997070313 0.00789833068847656 0.32489013671875 -0.14111328125
-0.00781440734863281 0.0278549194335937 0.338104248046875 0.248260498046875
-0.00377655029296875 0.0226669311523437 0.0123291015625 0.472137451171875
-0.00887680053710937 0.0390090942382813 -0.197982788085937 0.277801513671875
-0.0186634063720703 0.0260238647460938 0.0396728515625 0.0163116455078125
-0.00129318237304688 0.0311546325683594 0.22552490234375 -0.31207275390625
0.0160808563232422 0.0214366912841797 -0.078369140625 -0.48992919921875
0.00602436065673828 0.0142993927001953 -0.38519287109375 -0.14752197265625
-0.00453424453735352 0.00533199310302734 -0.255386352539063 0.205337524414063
1.62124633789073E-05 -0.00958156585693359 -0.023162841796875 0.2353515625
0.000535964965820312 -0.0145950317382813 0.141006469726563 0.105072021484375
0.00408792495727539 -0.00763225555419922 0.162918090820313 -0.047637939453125
0.0169076919555664 -0.00744247436523438 -0.1766357421875 0.025421142578125
0.0123939514160156 -0.00316524505615234 -0.108688354492187 -0.119918823242188
-0.00160789489746094 -0.00890922546386719 0.100982666015625 -0.23529052734375
-0.00742340087890625 0.00830793380737305 0.345123291015625 -0.11480712890625
-0.0134620666503906 0.0201797485351563 0.3154296875 0.28448486328125
-0.000402450561523437 0.00908946990966797 -0.03558349609375 0.473175048828125
0.00267410278320313 0.0280742645263672 -0.210205078125 0.25531005859375
-0.00175094604492187 0.0191154479980469 0.0551567077636719 0.00254440307617188
0.0100364685058594 0.0177936553955078 0.2086181640625 -0.333465576171875
0.0160541534423828 0.00878810882568359 -0.12066650390625 -0.47979736328125
0.000518798828125 0.00904369354248047 -0.39208984375 -0.11102294921875
-0.00862550735473633 0.00728702545166016 -0.229660034179688 0.221725463867187
-0.00248050689697266 -0.00627946853637695 0.000259399414062481 0.233871459960938
0.000907897949218749 -0.00975418090820312 0.147964477539063 0.0986785888671875
0.00711727142333984 -0.00268125534057617 0.1607666015625 -0.0541534423828125
0.0212135314941406 -0.00203514099121094 -0.176971435546875 0.0196075439453125
0.0135126113891602 0.00351619720458984 -0.0999603271484375 -0.122123718261719
-0.00376224517822266 -0.00218009948730469 0.119125366210938 -0.232666015625
-0.0140266418457031 0.00653553009033203 0.3570556640625 -0.09600830078125
-0.0188541412353516 0.00789642333984375 0.298004150390625 0.306060791015625
0.00606155395507812 -0.0113658905029297 -0.06707763671875 0.471466064453125
0.0220165252685547 0.0109329223632813 -0.218536376953125 0.240203857421875
0.0236625671386719 0.00713348388671875 0.0629234313964844 -0.00655364990234375
0.0227260589599609 -0.0027313232421875 0.19024658203125 -0.348876953125
0.0133905410766602 -0.00913047790527344 -0.15509033203125 -0.469024658203125
-0.00763845443725586 0.00296926498413086 -0.397613525390625 -0.0848083496093751
-0.0119256973266602 0.00951004028320313 -0.211135864257813 0.231582641601563
-0.00297927856445313 -0.0010678768157959 0.0175323486328125 0.234222412109375
0.00171422958374023 -0.00249671936035156 0.1529541015625 0.0949554443359375
0.0109472274780273 0.00314712524414063 0.158889770507813 -0.057220458984375
0.0241489410400391 0.00306892395019531 -0.17535400390625 0.0176239013671875
0.0137090682983398 0.0117387771606445 -0.0952072143554687 -0.121047973632813
-0.00489950180053711 0.00491523742675781 0.128036499023438 -0.229949951171875
-0.0204505920410156 0.00447463989257812 0.3609619140625 -0.08892822265625
-0.0245933532714844 -0.00714683532714844 0.2908935546875 0.3126220703125
0.0133247375488281 -0.0357856750488281 -0.080780029296875 0.470062255859375
0.0460548400878906 -0.0101280212402344 -0.223922729492188 0.236526489257812
0.0533828735351563 -0.00703048706054688 0.0605201721191406 -0.00827407836914063
0.036285400390625 -0.0280113220214844 0.179290771484375 -0.351654052734375
0.00839614868164063 -0.0303745269775391 -0.1683349609375 -0.465576171875
-0.0172033309936523 -0.00461006164550781 -0.3990478515625 -0.0767822265625
-0.0148544311523437 0.0127201080322266 -0.202835083007813 0.234634399414063
-0.00254631042480469 0.00693511962890625 0.0254058837890625 0.235107421875
0.00315237045288086 0.00557518005371094 0.155990600585938 0.0958099365234375
0.0132989883422852 0.00805950164794922 0.159011840820313 -0.057647705078125
0.0277633666992187 0.00801467895507812 -0.173919677734375 0.01910400390625
0.0142440795898438 0.02001953125 -0.0961990356445313 -0.117103576660156
-0.00592613220214844 0.0136804580688477 0.121749877929688 -0.230667114257813
-0.0254764556884766 0.00259590148925782 0.355194091796875 -0.098114013671875
-0.0307903289794922 -0.0210895538330078 0.2987060546875 0.30108642578125
0.0176963806152344 -0.0621986389160156 -0.066864013671875 0.469757080078125
0.0695686340332031 -0.03436279296875 -0.225341796875 0.246612548828125
0.0850982666015625 -0.0230026245117188 0.0468215942382813 -0.00205230712890625
0.0515480041503906 -0.0542716979980469 0.177093505859375 -0.341827392578125
0.00426864624023437 -0.0539894104003906 -0.160614013671875 -0.4676513671875
-0.0267868041992188 -0.0135345458984375 -0.399658203125 -0.08795166015625
-0.0183506011962891 0.0147037506103516 -0.209854125976563 0.229339599609375
-0.00257301330566406 0.0165853500366211 0.0218505859375 0.237594604492188
0.00461101531982422 0.0172433853149414 0.156326293945313 0.099151611328125
0.0180931091308594 0.0147666931152344 0.16009521484375 -0.05450439453125
0.0312900543212891 0.0123958587646484 -0.171142578125 0.02410888671875
0.0144977569580078 0.0292701721191406 -0.102592468261719 -0.109710693359375
-0.00509071350097656 0.0219821929931641 0.100860595703125 -0.232940673828125
-0.0298404693603516 0.00362586975097656 0.3372802734375 -0.1239013671875
-0.0381011962890625 -0.0309066772460937 0.317962646484375 0.2659912109375
0.0145950317382812 -0.0861129760742187 -0.0253295898437499 0.46820068359375
0.0860214233398438 -0.061553955078125 -0.221633911132813 0.270980834960938
0.115646362304687 -0.0398483276367188 0.0200996398925781 0.0136089324951172
0.0701522827148438 -0.0789260864257813 0.181793212890625 -0.31768798828125
0.00459289550781251 -0.0784378051757812 -0.1275634765625 -0.474945068359375
-0.0365333557128906 -0.0262832641601563 -0.39739990234375 -0.12158203125
-0.0239582061767578 0.0153732299804687 -0.233245849609375 0.21392822265625
-0.00260353088378906 0.0232391357421875 0.000442504882812498 0.242263793945313
0.00494956970214844 0.0281162261962891 0.152816772460938 0.109695434570313
0.0210151672363281 0.01995849609375 0.164260864257813 -0.046356201171875
0.00914955139160156 -0.0180015563964844 -0.173446655273438 0.0438385009765625
0.00748062133789063 -0.00681447982788086 -0.140640258789063 -0.103500366210937
0.003448486328125 -0.0156822204589844 0.0203857421875 -0.24005126953125
0.0060272216796875 0.0032196044921875 0.27520751953125 -0.19097900390625
0.000799179077148441 0.0278415679931641 0.372283935546875 0.172943115234375
-0.00589370727539063 0.0242881774902344 0.107452392578125 0.4610595703125
-0.0100250244140625 0.0390090942382813 -0.17071533203125 0.328948974609375
-0.0244274139404297 0.0245475769042969 -0.00284957885742187 0.048828125
-0.0115585327148437 0.0327301025390625 0.256317138671875 -0.255462646484375
0.010009765625 0.0256080627441406 0.026397705078125 -0.503753662109375
0.00830936431884766 0.0165348052978516 -0.358245849609375 -0.23406982421875
0.00254940986633301 0.00353169441223145 -0.30902099609375 0.159271240234375
0.00747537612915039 -0.00857782363891602 -0.0778350830078125 0.23553466796875
0.000116348266601563 -0.0149106979370117 0.124183654785156 0.120857238769531
-0.0003204345703125 -0.0131559371948242 0.16754150390625 -0.032623291015625
0.0111932754516602 -0.0165243148803711 -0.175018310546875 0.039642333984375
0.010014533996582 -0.00860309600830078 -0.132270812988281 -0.109413146972656
0.00156784057617188 -0.0164461135864258 0.04547119140625 -0.240707397460938
0.00322771072387695 0.00622987747192383 0.300628662109375 -0.168212890625
-0.00249862670898437 0.0298042297363281 0.35809326171875 0.21112060546875
-0.00468254089355469 0.0277366638183594 0.06121826171875 0.4696044921875
-0.01226806640625 0.0431137084960938 -0.18463134765625 0.305450439453125
-0.0270748138427734 0.0279884338378906 0.0184955596923828 0.0335159301757813
-0.00904083251953125 0.0358657836914062 0.245574951171875 -0.28314208984375
0.0138759613037109 0.0272712707519531 -0.024322509765625 -0.4998779296875
0.00834465026855469 0.0170392990112305 -0.374603271484375 -0.19281005859375
-0.000514030456542969 0.00461149215698242 -0.283843994140625 0.18365478515625
0.00349140167236328 -0.0097808837890625 -0.0513763427734375 0.236083984375
-4.57763671874995E-05 -0.0164394378662109 0.133201599121094 0.112503051757813
0.00156784057617188 -0.0109491348266602 0.164703369140625 -0.04132080078125
0.013916015625 -0.0125284194946289 -0.176727294921875 0.0325927734375
0.0116939544677734 -0.00739955902099609 -0.120445251464844 -0.115821838378906
0.000137329101562499 -0.0141830444335938 0.073394775390625 -0.239669799804688
-0.00132608413696289 0.00773477554321289 0.325286865234375 -0.1429443359375
-0.00735282897949219 0.0279769897460938 0.3408203125 0.2489013671875
-0.00367355346679688 0.0224456787109375 0.013824462890625 0.47393798828125
-0.00862884521484375 0.0389404296875 -0.198623657226563 0.279647827148438
-0.0192661285400391 0.0260448455810547 0.0398521423339844 0.0161361694335938
-0.000991821289062501 0.0312938690185547 0.226348876953125 -0.31298828125
0.0162410736083984 0.0214462280273437 -0.078857421875 -0.491302490234375
0.00616359710693359 0.0139913558959961 -0.38726806640625 -0.147064208984375
-0.00406789779663086 0.00531625747680664 -0.256637573242188 0.207138061523438
0.000223159790039062 -0.00999832153320313 -0.0232391357421875 0.236572265625
0.000512123107910156 -0.0146026611328125 0.141921997070313 0.105209350585938
0.00393581390380859 -0.00742292404174805 0.16375732421875 -0.0486602783203125
0.0178947448730469 -0.0078277587890625 -0.177780151367188 0.0263519287109375
0.0129356384277344 -0.00374507904052734 -0.109321594238281 -0.120025634765625
-0.00211524963378906 -0.0089883804321289 0.100341796875 -0.237518310546875
-0.00722837448120117 0.00828170776367188 0.346099853515625 -0.11590576171875
-0.0134029388427734 0.0206966400146484 0.31781005859375 0.2841796875
-0.000170707702636718 0.00885295867919922 -0.03448486328125 0.475982666015625
0.00257301330566406 0.027801513671875 -0.21075439453125 0.2568359375
-0.00161170959472656 0.0189285278320312 0.0555763244628906 0.0028076171875
0.00974845886230469 0.0178356170654297 0.208740234375 -0.33575439453125
0.0163583755493164 0.00895595550537109 -0.1217041015625 -0.482421875
0.000613212585449218 0.00939655303955078 -0.394805908203125 -0.11090087890625
-0.00905895233154297 0.00753879547119141 -0.229324340820313 0.223617553710938
-0.00229883193969727 -0.00603580474853516 0.000808715820312526 0.235565185546875
0.000963211059570313 -0.0100240707397461 0.149368286132813 0.0985565185546875
0.00712919235229492 -0.00237226486206055 0.16131591796875 -0.05426025390625
0.0213794708251953 -0.00251579284667969 -0.1773681640625 0.0206756591796875
0.0139102935791016 0.00327205657958984 -0.100357055664063 -0.122222900390625
-0.00330281257629395 -0.00222969055175781 0.11944580078125 -0.234176635742188
-0.0144834518432617 0.00706195831298828 0.35870361328125 -0.09747314453125
-0.0192489624023438 0.00754928588867187 0.300811767578125 0.306732177734375
0.00632381439208984 -0.0110712051391602 -0.066558837890625 0.47467041015625
0.0225830078125 0.010589599609375 -0.219314575195313 0.242324829101562
0.0235843658447266 0.00716209411621094 0.0625381469726563 -0.00637435913085938
0.0227241516113281 -0.00279426574707031 0.189788818359375 -0.349578857421875
0.0133371353149414 -0.00968170166015625 -0.1571044921875 -0.47247314453125
-0.00754642486572266 0.00283002853393555 -0.39990234375 -0.0852661132812499
-0.0122575759887695 0.00987529754638672 -0.210769653320313 0.233352661132813
-0.00267386436462402 -0.000715017318725586 0.018829345703125 0.235275268554688
0.00158047676086426 -0.00276350975036621 0.154434204101563 0.094635009765625
0.010955810546875 0.00355243682861328 0.159957885742188 -0.0581817626953125
0.0244369506835938 0.00277137756347656 -0.1768798828125 0.0191650390625
0.0142669677734375 0.0116901397705078 -0.09600830078125 -0.12164306640625
-0.00576686859130859 0.00450801849365234 0.126861572265625 -0.23211669921875
-0.0204010009765625 0.00485801696777344 0.3621826171875 -0.0908203125
-0.0241851806640625 -0.00699234008789063 0.293731689453125 0.313873291015625
0.0137062072753906 -0.035919189453125 -0.079925537109375 0.4713134765625
0.0466079711914063 -0.0102691650390625 -0.2249755859375 0.237884521484375
0.0536384582519531 -0.00748062133789062 0.0606498718261719 -0.008575439453125
0.0363807678222656 -0.0282974243164063 0.18017578125 -0.353912353515625
0.00856399536132813 -0.0307559967041016 -0.17010498046875 -0.468231201171875
-0.0176544189453125 -0.00422286987304688 -0.401611328125 -0.07659912109375
-0.0153255462646484 0.012476921081543 -0.203598022460938 0.236190795898437
-0.00255441665649414 0.00690793991088867 0.0257110595703125 0.236587524414063
0.0032649040222168 0.00579166412353516 0.15765380859375 0.094940185546875
0.0139455795288086 0.0083456039428711 0.1593017578125 -0.0586700439453125
0.0279960632324219 0.00741004943847656 -0.17486572265625 0.0201873779296875
0.0145397186279297 0.0209255218505859 -0.0967864990234375 -0.117149353027344
-0.00562763214111328 0.0135746002197266 0.121368408203125 -0.231918334960938
-0.0258274078369141 0.00278472900390624 0.35626220703125 -0.09918212890625
-0.0306415557861328 -0.0210170745849609 0.300994873046875 0.300750732421875
0.0182228088378906 -0.0624313354492188 -0.066986083984375 0.471588134765625
0.0699234008789063 -0.0349807739257813 -0.22662353515625 0.248184204101562
0.0849151611328125 -0.0235214233398438 0.0466842651367188 -0.002532958984375
0.0512237548828125 -0.0548934936523438 0.176849365234375 -0.343017578125
0.00451278686523437 -0.0539512634277344 -0.162139892578125 -0.469329833984375
-0.0275630950927734 -0.0135822296142578 -0.402099609375 -0.0876159667968749
-0.0188179016113281 0.0148677825927734 -0.209915161132813 0.231277465820313
-0.00216579437255859 0.0166349411010742 0.022735595703125 0.23858642578125
0.00449466705322266 0.017491340637207 0.157958984375 0.0987701416015625
0.0178794860839844 0.0144939422607422 0.16064453125 -0.0557098388671875
0.0317878723144531 0.0118141174316406 -0.171859741210938 0.0251312255859375
0.0150394439697266 0.0292415618896484 -0.103385925292969 -0.109855651855469
-0.00470924377441406 0.0222492218017578 0.100326538085938 -0.233901977539062
-0.0300464630126953 0.00371932983398438 0.339019775390625 -0.124969482421875
-0.0387382507324219 -0.0309867858886719 0.3211669921875 0.2672119140625
0.0146026611328125 -0.08673095703125 -0.025665283203125 0.471588134765625
0.08697509765625 -0.0626296997070313 -0.221786499023437 0.2733154296875
0.115394592285156 -0.0406875610351563 0.0200691223144531 0.0136775970458984
0.0701217651367188 -0.0799102783203125 0.182159423828125 -0.3199462890625
0.003814697265625 -0.0791244506835938 -0.129730224609375 -0.4764404296875
-0.036895751953125 -0.026611328125 -0.400238037109375 -0.121795654296875
-0.0238456726074219 0.0157318115234375 -0.233978271484375 0.215835571289063
-0.00231361389160156 0.0233879089355469 0.00112915039062501 0.243881225585937
0.00544548034667969 0.0288162231445313 0.153961181640625 0.109848022460938
0.0216712951660156 0.0206222534179688 0.16510009765625 -0.04705810546875
0.00954627990722656 -0.0186557769775391 -0.174148559570313 0.0453033447265625
0.00807905197143555 -0.00653409957885742 -0.141677856445312 -0.102706909179688
0.0039529800415039 -0.0161962509155273 0.018707275390625 -0.24127197265625
0.00617122650146484 0.003662109375 0.2762451171875 -0.192916870117188
0.000427246093749998 0.0276718139648438 0.37542724609375 0.1727294921875
-0.00508308410644531 0.02490234375 0.11016845703125 0.46319580078125
-0.0095977783203125 0.0389213562011719 -0.16986083984375 0.331756591796875
-0.0248203277587891 0.0248565673828125 -0.00271224975585938 0.049285888671875
-0.0118522644042969 0.0329742431640625 0.257736206054688 -0.25738525390625
0.0102787017822266 0.0258388519287109 0.024444580078125 -0.506103515625
0.00829792022705078 0.0164356231689453 -0.3619384765625 -0.235809326171875
0.00226545333862305 0.00349807739257813 -0.31024169921875 0.160980224609375
0.00749111175537109 -0.00889205932617188 -0.0780181884765625 0.236923217773438
-5.43594360351561E-05 -0.015009880065918 0.125579833984375 0.120811462402344
-0.0004425048828125 -0.0128202438354492 0.16845703125 -0.033355712890625
0.0111055374145508 -0.0168266296386719 -0.175857543945312 0.04119873046875
0.0105676651000977 -0.00854396820068359 -0.132499694824219 -0.109634399414062
0.00162506103515625 -0.0160655975341797 0.044525146484375 -0.241424560546875
0.00325393676757813 0.00617170333862305 0.30145263671875 -0.171234130859375
-0.00205039978027343 0.0296745300292969 0.36163330078125 0.21014404296875
-0.00435638427734375 0.0277595520019531 0.0633544921875 0.47222900390625
-0.0118560791015625 0.0428733825683594 -0.185028076171875 0.30780029296875
-0.0270957946777344 0.0282535552978516 0.0181331634521484 0.0330562591552734
-0.00886917114257813 0.0361328125 0.2452392578125 -0.28533935546875
0.0138072967529297 0.0276699066162109 -0.0252685546875 -0.502716064453125
0.0089263916015625 0.016779899597168 -0.376800537109375 -0.192138671875
-0.000169277191162109 0.00448226928710938 -0.2852783203125 0.185760498046875
0.00386905670166016 -0.0102396011352539 -0.0510406494140625 0.237701416015625
-0.000204086303710938 -0.0164337158203125 0.134757995605469 0.112533569335938
0.00112533569335938 -0.0108547210693359 0.166213989257813 -0.0423431396484375
0.0144643783569336 -0.0134086608886719 -0.177886962890625 0.0335845947265625
0.0120019912719727 -0.00742912292480469 -0.121673583984375 -0.115547180175781
-0.000341415405273438 -0.0141401290893555 0.072296142578125 -0.241943359375
-0.00148105621337891 0.00784111022949219 0.32647705078125 -0.14556884765625
-0.00674629211425781 0.0278797149658203 0.3431396484375 0.2491455078125
-0.0029296875 0.0221290588378906 0.015228271484375 0.47723388671875
-0.00777435302734375 0.0391082763671875 -0.198577880859375 0.28228759765625
-0.0195217132568359 0.0262374877929688 0.0402603149414063 0.0157051086425781
-0.00131416320800781 0.0310249328613281 0.22735595703125 -0.3154296875
0.0166301727294922 0.0212154388427734 -0.079864501953125 -0.4947509765625
0.00611686706542969 0.0142450332641602 -0.391021728515625 -0.1483154296875
-0.00462198257446289 0.00580692291259766 -0.256881713867188 0.2093505859375
0.000407218933105468 -0.00984287261962891 -0.0225677490234375 0.238174438476563
7.1525573730468E-05 -0.0144367218017578 0.143081665039063 0.10540771484375
0.00394630432128906 -0.00756263732910156 0.164688110351563 -0.0488739013671875
0.0181922912597656 -0.00832366943359375 -0.178298950195313 0.0276947021484375
0.0135955810546875 -0.00346660614013672 -0.110389709472656 -0.120506286621094
-0.00223588943481445 -0.00861501693725586 0.0992431640625 -0.239669799804688
-0.00776100158691406 0.00822782516479492 0.347747802734375 -0.11773681640625
-0.0127696990966797 0.0204887390136719 0.319549560546875 0.28521728515625
0.000173568725585937 0.00902748107910156 -0.03338623046875 0.478607177734375
0.00327110290527344 0.0275993347167969 -0.211273193359375 0.259231567382813
-0.00207901000976563 0.0191154479980469 0.0554885864257813 0.00264358520507813
0.009765625 0.017852783203125 0.209564208984375 -0.338226318359375
0.0164699554443359 0.00900459289550781 -0.124237060546875 -0.485321044921875
0.000252723693847657 0.00919723510742188 -0.3983154296875 -0.110260009765625
-0.0084686279296875 0.00787067413330078 -0.230255126953125 0.225418090820313
-0.00203657150268555 -0.00591468811035156 0.00192260742187502 0.237106323242187
0.000727653503417968 -0.0100221633911133 0.150604248046875 0.098052978515625
0.00695133209228516 -0.00258684158325195 0.162063598632812 -0.0559234619140625
0.0217266082763672 -0.00316619873046875 -0.178497314453125 0.0219879150390625
0.0142202377319336 0.00343132019042969 -0.101730346679687 -0.122283935546875
-0.00344991683959961 -0.001800537109375 0.118789672851562 -0.236572265625
-0.0143976211547852 0.00649833679199219 0.35955810546875 -0.099822998046875
-0.0186214447021484 0.00815582275390625 0.3037109375 0.307647705078125
0.00649738311767578 -0.0116615295410156 -0.0665893554687501 0.477752685546875
0.0229358673095703 0.0104522705078125 -0.22027587890625 0.243865966796875
0.0232048034667969 0.00738906860351563 0.0627555847167969 -0.00680923461914062
0.0226612091064453 -0.00321388244628906 0.190216064453125 -0.352142333984375
0.0136814117431641 -0.00912761688232422 -0.1585693359375 -0.473876953125
-0.00771045684814453 0.00306844711303711 -0.402252197265625 -0.08447265625
-0.012608528137207 0.010157585144043 -0.211990356445312 0.235549926757813
-0.00228738784790039 -0.000834226608276367 0.019805908203125 0.2369384765625
0.00165510177612305 -0.00205206871032715 0.1558837890625 0.0945892333984375
0.0108118057250977 0.00318145751953125 0.16033935546875 -0.05902099609375
0.0251827239990234 0.00193023681640625 -0.177459716796875 0.02008056640625
0.0155220031738281 0.0115280151367187 -0.0962982177734375 -0.121269226074219
-0.00516462326049805 0.00577592849731445 0.126266479492188 -0.233428955078125
-0.0209197998046875 0.00454902648925781 0.362945556640625 -0.092498779296875
-0.0243816375732422 -0.00721359252929687 0.296844482421875 0.31524658203125
0.0141944885253906 -0.0365180969238281 -0.079254150390625 0.47515869140625
0.0468940734863281 -0.0108566284179688 -0.225448608398437 0.240234375
0.0534286499023438 -0.00716400146484375 0.060882568359375 -0.00819778442382813
0.0364799499511719 -0.0288925170898438 0.179840087890625 -0.355712890625
0.00849533081054688 -0.0310344696044922 -0.17236328125 -0.46917724609375
-0.0176296234130859 -0.00433158874511718 -0.40386962890625 -0.074462890625
-0.0157642364501953 0.0125522613525391 -0.203811645507812 0.238006591796875
-0.00233793258666992 0.00683784484863281 0.027496337890625 0.237823486328125
0.00311517715454102 0.0065455436706543 0.15899658203125 0.09490966796875
0.0139608383178711 0.00807666778564453 0.160369873046875 -0.0593414306640625
0.0286865234375 0.00655746459960938 -0.175430297851563 0.0213623046875
0.0153236389160156 0.0201892852783203 -0.09747314453125 -0.117172241210937
-0.00581073760986328 0.0136299133300781 0.120559692382812 -0.234298706054688
-0.0263729095458984 0.00295829772949219 0.35736083984375 -0.102264404296875
-0.0307388305664063 -0.0211906433105469 0.30218505859375 0.3017578125
0.0181999206542969 -0.062774658203125 -0.0660400390625 0.475311279296875
0.070648193359375 -0.0355453491210938 -0.226821899414063 0.250350952148438
0.0851516723632813 -0.0237197875976563 0.0465621948242188 -0.0020599365234375
0.0514640808105469 -0.055450439453125 0.17767333984375 -0.346221923828125
0.0041656494140625 -0.0542030334472656 -0.16436767578125 -0.47027587890625
-0.0280246734619141 -0.0134315490722656 -0.404541015625 -0.0868530273437499
-0.0188083648681641 0.0148029327392578 -0.21051025390625 0.233551025390625
-0.00213623046875 0.0168008804321289 0.02386474609375 0.240203857421875
0.00479507446289063 0.0175762176513672 0.159225463867188 0.0984039306640625
0.0182685852050781 0.0152511596679687 0.16192626953125 -0.0565185546875
0.0319137573242188 0.0110054016113281 -0.172698974609375 0.026702880859375
0.0154838562011719 0.0292778015136719 -0.103775024414063 -0.109153747558594
-0.00528335571289062 0.0224647521972656 0.0998077392578125 -0.235794067382813
-0.0306472778320312 0.00402450561523437 0.33929443359375 -0.126251220703125
-0.0386772155761719 -0.0310707092285156 0.32403564453125 0.2679443359375
0.0150909423828125 -0.0873184204101563 -0.025238037109375 0.475189208984375
0.0877151489257813 -0.06341552734375 -0.222702026367187 0.275283813476563
0.115745544433594 -0.0405731201171875 0.0203361511230469 0.0141925811767578
0.0702056884765625 -0.0804672241210938 0.182403564453125 -0.322296142578125
0.00384521484375 -0.0792922973632813 -0.131378173828125 -0.47900390625
-0.0372962951660156 -0.0267372131347656 -0.40283203125 -0.120635986328125
-0.0238914489746094 0.0157089233398438 -0.2353515625 0.217727661132812
-0.00189781188964844 0.0229911804199219 0.00201416015625002 0.245254516601562
0.00509834289550781 0.0288314819335938 0.15576171875 0.109649658203125
0.0214672088623047 0.0203456878662109 0.165985107421875 -0.04742431640625
0.0101814270019531 -0.0193195343017578 -0.175064086914063 0.0470428466796875
0.00858879089355469 -0.00695371627807617 -0.143142700195312 -0.102584838867188
0.00395965576171875 -0.0161886215209961 0.017364501953125 -0.242919921875
0.00597620010375977 0.0038752555847168 0.27691650390625 -0.195953369140625
0.000642776489257812 0.0276622772216797 0.377777099609375 0.17144775390625
-0.0046844482421875 0.0249824523925781 0.112640380859375 0.4661865234375
-0.009307861328125 0.0390472412109375 -0.1702880859375 0.33465576171875
-0.0251674652099609 0.0243511199951172 -0.002655029296875 0.0493011474609375
-0.0113143920898438 0.0327682495117188 0.257797241210938 -0.259124755859375
0.0111312866210937 0.0257587432861328 0.0233154296875 -0.51031494140625
0.00796222686767578 0.0160627365112305 -0.364471435546875 -0.235992431640625
0.0026702880859375 0.00354504585266113 -0.31170654296875 0.16363525390625
0.00696945190429687 -0.00910568237304688 -0.07659912109375 0.239837646484375
-0.000555992126464844 -0.0147838592529297 0.127281188964844 0.120658874511719
-0.000925064086914062 -0.0128078460693359 0.169647216796875 -0.03448486328125
0.0112075805664063 -0.0177040100097656 -0.1766357421875 0.0429840087890625
0.0111532211303711 -0.00887584686279297 -0.133895874023438 -0.108963012695313
0.00101947784423828 -0.0164422988891602 0.0429229736328125 -0.243820190429688
0.00291919708251953 0.00617551803588867 0.30242919921875 -0.17425537109375
-0.00183486938476562 0.0300674438476563 0.3641357421875 0.209808349609375
-0.00384902954101563 0.0277118682861328 0.065704345703125 0.475067138671875
-0.0113754272460938 0.0426101684570313 -0.185333251953125 0.31097412109375
-0.0271873474121094 0.0282669067382812 0.0184440612792969 0.0332527160644531
-0.00891494750976563 0.0361175537109375 0.247222900390625 -0.28857421875
0.0141487121582031 0.0274906158447266 -0.02777099609375 -0.506805419921875
0.00868320465087891 0.0168209075927734 -0.3804931640625 -0.19281005859375
-0.000559329986572266 0.00461339950561523 -0.2862548828125 0.189117431640625
0.00371170043945312 -0.0105419158935547 -0.05029296875 0.23968505859375
5.91278076171883E-05 -0.0160760879516602 0.136360168457031 0.112449645996094
0.000987052917480469 -0.010991096496582 0.166961669921875 -0.04327392578125
0.0145740509033203 -0.0138216018676758 -0.1787109375 0.0359039306640625
0.0128021240234375 -0.00727367401123047 -0.123092651367188 -0.115379333496094
-0.000722885131835937 -0.013859748840332 0.071044921875 -0.243667602539062
-0.00170707702636719 0.00800323486328125 0.328155517578125 -0.148468017578125
-0.00645065307617187 0.0283145904541016 0.346923828125 0.249664306640625
-0.00287055969238281 0.0220890045166016 0.015472412109375 0.481292724609375
-0.00770187377929687 0.0389442443847656 -0.19921875 0.28515625
-0.0199413299560547 0.0263996124267578 0.0398902893066406 0.0161514282226563
-0.00133132934570313 0.0312213897705078 0.228424072265625 -0.31817626953125
0.0166225433349609 0.0216560363769531 -0.083221435546875 -0.498687744140625
0.00616836547851562 0.0142745971679688 -0.393463134765625 -0.147735595703125
-0.00425243377685547 0.00544643402099609 -0.258224487304688 0.211944580078125
0.000751495361328125 -0.00988578796386719 -0.0214996337890625 0.240402221679688
9.63211059570299E-05 -0.0144987106323242 0.144973754882813 0.104644775390625
0.00374031066894531 -0.00716066360473633 0.1656494140625 -0.0501708984375
0.0183620452880859 -0.00962448120117188 -0.1790771484375 0.028717041015625
0.0145730972290039 -0.00361824035644531 -0.111854553222656 -0.120002746582031
-0.00218105316162109 -0.00844287872314453 0.0987701416015625 -0.241317749023437
-0.00788259506225586 0.00867986679077148 0.35015869140625 -0.119384765625
-0.0129299163818359 0.0206985473632813 0.323822021484375 0.285491943359375
0.000400543212890624 0.0087890625 -0.03216552734375 0.482818603515625
0.00363349914550781 0.0275955200195313 -0.211517333984375 0.26214599609375
-0.00221633911132813 0.0194015502929688 0.0556373596191406 0.0025177001953125
0.0102367401123047 0.0181217193603516 0.2095947265625 -0.34234619140625
0.0170402526855469 0.0085906982421875 -0.12713623046875 -0.48760986328125
0.000859260559082031 0.00941181182861328 -0.40142822265625 -0.108673095703125
-0.00860834121704101 0.00777816772460937 -0.230865478515625 0.227783203125
-0.00185632705688477 -0.00634288787841797 0.00317382812499998 0.238937377929688
0.000630378723144532 -0.00988292694091797 0.152297973632813 0.0978546142578125
0.0069890022277832 -0.00222539901733398 0.163055419921875 -0.05712890625
0.0222129821777344 -0.00386619567871094 -0.179153442382812 0.0238494873046875
0.0150022506713867 0.00323295593261719 -0.102897644042969 -0.122642517089844
-0.00420212745666504 -0.00191330909729004 0.11761474609375 -0.238677978515625
-0.0146760940551758 0.00702953338623047 0.36151123046875 -0.101776123046875
-0.0188369750976563 0.00801658630371094 0.3074951171875 0.308807373046875
0.00674057006835938 -0.0117216110229492 -0.063385009765625 0.480560302734375
0.0229625701904297 0.0102767944335938 -0.220443725585938 0.246429443359375
0.0232582092285156 0.00709724426269531 0.0630226135253906 -0.00722122192382812
0.0232963562011719 -0.00305747985839844 0.19061279296875 -0.355194091796875
0.0134000778198242 -0.00934600830078125 -0.16156005859375 -0.47662353515625
-0.00747776031494141 0.00323820114135742 -0.4061279296875 -0.083343505859375
-0.0121660232543945 0.0105991363525391 -0.212173461914063 0.237930297851562
-0.00250983238220215 -0.000258922576904297 0.0210723876953125 0.238571166992188
0.00158560276031494 -0.00217115879058838 0.15814208984375 0.0935516357421875
0.0110607147216797 0.00363826751708984 0.16131591796875 -0.059722900390625
0.0257663726806641 0.00147247314453125 -0.17822265625 0.021942138671875
0.0156803131103516 0.0114212036132813 -0.097747802734375 -0.12139892578125
-0.00536251068115234 0.00552558898925781 0.1259765625 -0.235870361328125
-0.0213527679443359 0.00474357604980469 0.365264892578125 -0.095458984375
-0.0241641998291016 -0.00667762756347656 0.299407958984375 0.315948486328125
0.0143508911132812 -0.0369682312011719 -0.07861328125 0.47906494140625
0.0472755432128906 -0.0113983154296875 -0.225845336914063 0.243179321289062
0.0536689758300781 -0.00743865966796875 0.061065673828125 -0.00802993774414063
0.0366783142089844 -0.0291175842285156 0.1802978515625 -0.359039306640625
0.00866889953613282 -0.0311241149902344 -0.17657470703125 -0.471435546875
-0.0178871154785156 -0.00428199768066407 -0.4073486328125 -0.0739746093750001
-0.0155773162841797 0.0132656097412109 -0.2034912109375 0.24078369140625
-0.0026392936706543 0.0068669319152832 0.02850341796875 0.23931884765625
0.00275039672851563 0.00643205642700195 0.161041259765625 0.0945892333984375
0.014286994934082 0.0086212158203125 0.161056518554688 -0.06024169921875
0.0288219451904297 0.00600814819335938 -0.176788330078125 0.0233001708984375
0.0160064697265625 0.0200233459472656 -0.0986328125 -0.117546081542969
-0.00584220886230469 0.01361083984375 0.11932373046875 -0.237075805664063
-0.0268688201904297 0.00328826904296875 0.358612060546875 -0.103729248046875
-0.0311222076416016 -0.0212688446044922 0.306396484375 0.303466796875
0.0180740356445312 -0.0639457702636719 -0.064453125 0.47808837890625
0.0706253051757813 -0.0362777709960938 -0.227462768554687 0.25286865234375
0.0855789184570313 -0.02423095703125 0.0469474792480469 -0.0021209716796875
0.05120849609375 -0.0562171936035156 0.177215576171875 -0.34979248046875
0.00384902954101563 -0.0547828674316406 -0.16888427734375 -0.472900390625
-0.0282802581787109 -0.0136852264404297 -0.408294677734375 -0.0854187011718751
-0.0189132690429688 0.0148849487304687 -0.210342407226562 0.235763549804688
-0.00183391571044922 0.0171432495117188 0.0253448486328125 0.241943359375
0.00518989562988281 0.0180377960205078 0.161376953125 0.0982818603515625
0.0187110900878906 0.0147590637207031 0.162643432617187 -0.0579376220703125
0.0330352783203125 0.0100040435791016 -0.173263549804688 0.027923583984375
0.0166187286376953 0.0291976928710938 -0.10498046875 -0.109977722167969
-0.00442123413085937 0.0228519439697266 0.098846435546875 -0.237899780273438
-0.0307064056396484 0.00411605834960938 0.341339111328125 -0.130096435546875
-0.038665771484375 -0.0316085815429688 0.326385498046875 0.26776123046875
0.0144729614257813 -0.0883865356445312 -0.022735595703125 0.478271484375
0.087615966796875 -0.0643844604492188 -0.222549438476563 0.278793334960937
0.116539001464844 -0.041534423828125 0.020263671875 0.0142383575439453
0.0701370239257812 -0.0813140869140625 0.182281494140625 -0.32470703125
0.00356292724609375 -0.080078125 -0.134307861328125 -0.4822998046875
-0.037750244140625 -0.0266494750976563 -0.407318115234375 -0.1195068359375
-0.0241298675537109 0.0155868530273437 -0.235626220703125 0.220062255859375
-0.00205802917480469 0.0235538482666016 0.00305175781249999 0.247177124023438
0.00594711303710938 0.0291595458984375 0.158004760742188 0.109268188476563
0.0222110748291016 0.0203361511230469 0.167160034179688 -0.0490570068359375
0.0102596282958984 -0.0198421478271484 -0.17596435546875 0.0492095947265625
0.00962352752685547 -0.00738143920898438 -0.14459228515625 -0.101821899414062
0.00337123870849609 -0.015721321105957 0.0152587890625 -0.244369506835938
0.00662755966186523 0.00354242324829102 0.277923583984375 -0.20025634765625
0.000650405883789063 0.027862548828125 0.38262939453125 0.1715087890625
-0.00432205200195312 0.0251255035400391 0.11553955078125 0.4678955078125
-0.0090484619140625 0.038543701171875 -0.168731689453125 0.338592529296875
-0.0259914398193359 0.0249557495117188 -0.00274658203125 0.0498008728027344
-0.0111713409423828 0.0327129364013672 0.258956909179688 -0.262954711914063
0.0113773345947266 0.0263938903808594 0.01922607421875 -0.513275146484375
0.00861454010009766 0.0164146423339844 -0.36962890625 -0.235015869140625
0.00289463996887207 0.00318026542663574 -0.313232421875 0.167205810546875
0.00743865966796875 -0.00917625427246094 -0.076812744140625 0.241958618164062
-0.000366210937499999 -0.0155305862426758 0.129051208496094 0.12078857421875
-0.00041675567626953 -0.0128402709960938 0.171066284179688 -0.0365142822265625
0.0115108489990234 -0.0184879302978516 -0.177169799804687 0.0446014404296875
0.0118036270141602 -0.00926494598388672 -0.135238647460938 -0.108200073242188
0.00111579895019531 -0.0160436630249023 0.041290283203125 -0.245681762695313
0.00339174270629883 0.00658321380615234 0.302764892578125 -0.176727294921875
-0.00121307373046875 0.0300445556640625 0.3685302734375 0.209686279296875
-0.00305747985839844 0.0277290344238281 0.068939208984375 0.4776611328125
-0.0114021301269531 0.0426902770996094 -0.18463134765625 0.314666748046875
-0.0277824401855469 0.0287361145019531 0.0187473297119141 0.0338973999023438
-0.00873184204101562 0.0361671447753906 0.2471923828125 -0.29248046875
0.0143394470214844 0.027252197265625 -0.03173828125 -0.5106201171875
0.00862884521484375 0.0169658660888672 -0.384765625 -0.1923828125
-0.000405788421630859 0.00493574142456055 -0.287628173828125 0.191925048828125
0.00333023071289063 -0.0105800628662109 -0.0489959716796875 0.241607666015625
-0.000479698181152345 -0.016636848449707 0.13812255859375 0.111778259277344
0.000987052917480469 -0.0108394622802734 0.167922973632812 -0.044921875
0.0148963928222656 -0.0149383544921875 -0.179397583007813 0.0375213623046875
0.0136203765869141 -0.00811195373535156 -0.124374389648437 -0.115127563476563
-0.000264167785644532 -0.0137920379638672 0.069976806640625 -0.24603271484375
-0.00199127197265625 0.00818109512329102 0.32855224609375 -0.151580810546875
-0.00620651245117187 0.0277538299560547 0.349945068359375 0.24847412109375
-0.00250244140625 0.0225124359130859 0.0179443359375 0.484283447265625
-0.00728988647460938 0.0388946533203125 -0.198638916015625 0.2886962890625
-0.0202217102050781 0.0265579223632812 0.0404548645019531 0.0158576965332031
-0.00131034851074219 0.031585693359375 0.228271484375 -0.3218994140625
0.0173282623291016 0.0218524932861328 -0.085906982421875 -0.499969482421875
0.00636196136474609 0.0144863128662109 -0.397979736328125 -0.146392822265625
-0.0042872428894043 0.00576496124267578 -0.258529663085938 0.21466064453125
0.000349998474121094 -0.010009765625 -0.0205841064453125 0.242294311523438
-6.10351562500006E-05 -0.0137872695922852 0.147232055664062 0.104248046875
0.00377607345581055 -0.00703573226928711 0.166351318359375 -0.0527191162109375
0.0182762145996094 -0.0104084014892578 -0.17987060546875 0.03082275390625
0.0156164169311523 -0.00371456146240234 -0.112640380859375 -0.119949340820313
-0.00247716903686523 -0.00866937637329102 0.0970458984375 -0.243484497070313
-0.00765562057495117 0.00874614715576172 0.351470947265625 -0.123199462890625
-0.0123481750488281 0.0209102630615234 0.32830810546875 0.285980224609375
0.000856399536132812 0.00883102416992188 -0.0299072265625 0.485748291015625
0.00417518615722657 0.0271644592285156 -0.211517333984375 0.265411376953125
-0.00238227844238281 0.0196723937988281 0.0558204650878906 0.00248336791992188
0.0107498168945313 0.018280029296875 0.20880126953125 -0.345458984375
0.0169525146484375 0.00861454010009766 -0.13092041015625 -0.48968505859375
0.00048542022705078 0.00964450836181641 -0.406036376953125 -0.107940673828125
-0.0088968276977539 0.00815391540527344 -0.231216430664062 0.231536865234375
-0.00186824798583984 -0.00653219223022461 0.00401306152343747 0.24078369140625
0.000506401062011719 -0.00981616973876953 0.154464721679688 0.097259521484375
0.00694894790649414 -0.00249052047729492 0.163421630859375 -0.0581207275390625
0.0225124359130859 -0.00494003295898438 -0.180099487304687 0.0251312255859375
0.0159397125244141 0.00269699096679687 -0.104057312011719 -0.122306823730469
-0.0037846565246582 -0.00203847885131836 0.116973876953125 -0.241409301757812
-0.0150794982910156 0.00722503662109375 0.362945556640625 -0.105010986328125
-0.0180892944335938 0.00803375244140625 0.310943603515625 0.309661865234375
0.00708770751953125 -0.0122365951538086 -0.062591552734375 0.485015869140625
0.0237274169921875 0.00981330871582031 -0.220626831054688 0.24951171875
0.0237178802490234 0.00695991516113281 0.0636482238769531 -0.00730514526367188
0.0226840972900391 -0.00366783142089844 0.19085693359375 -0.3587646484375
0.0139989852905273 -0.0100240707397461 -0.166656494140625 -0.478759765625
-0.00779962539672852 0.00335597991943359 -0.408966064453125 -0.0821533203125
-0.0118770599365234 0.0100812911987305 -0.211776733398438 0.240814208984375
-0.00212931632995605 5.88893890380856E-05 0.022216796875 0.2401123046875
0.00166404247283936 -0.00198185443878174 0.160171508789063 0.0928497314453125
0.0114574432373047 0.0034637451171875 0.162353515625 -0.06201171875
0.026153564453125 0.00077056884765625 -0.178924560546875 0.023773193359375
0.0161705017089844 0.0111007690429688 -0.09881591796875 -0.121482849121094
-0.00583076477050781 0.0056147575378418 0.124755859375 -0.238845825195312
-0.0215282440185547 0.00497627258300782 0.36749267578125 -0.0986328125
-0.024322509765625 -0.00690650939941406 0.303375244140625 0.31549072265625
0.0140571594238281 -0.0373992919921875 -0.076080322265625 0.483489990234375
0.0480194091796875 -0.0116539001464844 -0.2261962890625 0.2462158203125
0.0541458129882813 -0.00785064697265625 0.0609321594238281 -0.00855636596679688
0.0363044738769531 -0.0292129516601563 0.178741455078125 -0.36199951171875
0.00783348083496094 -0.0312309265136719 -0.1785888671875 -0.473968505859375
-0.0177822113037109 -0.00398635864257813 -0.4107666015625 -0.07305908203125
-0.0157699584960938 0.0135393142700195 -0.20367431640625 0.244216918945312
-0.00246095657348633 0.00744533538818359 0.030731201171875 0.241790771484375
0.00338220596313477 0.00638055801391602 0.163330078125 0.093597412109375
0.0144100189208984 0.00873470306396484 0.162567138671875 -0.06243896484375
0.0294151306152344 0.00512313842773437 -0.177444458007813 0.0247650146484375
0.0167350769042969 0.0200138092041016 -0.0998458862304688 -0.117393493652344
-0.00542736053466797 0.0143032073974609 0.118896484375 -0.2392578125
-0.0271415710449219 0.00362586975097656 0.361572265625 -0.107513427734375
-0.0306816101074219 -0.0210781097412109 0.310211181640625 0.30316162109375
0.0180740356445312 -0.0647010803222656 -0.0621337890625 0.4822998046875
0.0710678100585938 -0.0375289916992188 -0.227859497070312 0.256866455078125
0.0860366821289063 -0.0248947143554688 0.0474014282226563 -0.00183486938476563
0.051239013671875 -0.0567817687988281 0.176666259765625 -0.352325439453125
0.00372695922851562 -0.0551719665527344 -0.1724853515625 -0.476043701171875
-0.0283145904541016 -0.0135612487792969 -0.411407470703125 -0.083587646484375
-0.01934814453125 0.0151119232177734 -0.210433959960938 0.238937377929688
-0.00161266326904297 0.0173854827880859 0.0269012451171875 0.243865966796875
0.00541496276855469 0.0187549591064453 0.163772583007813 0.096771240234375
0.0190010070800781 0.0147800445556641 0.16436767578125 -0.0591583251953125
0.0330333709716797 0.00881004333496094 -0.173751831054688 0.0299224853515625
0.017608642578125 0.0294246673583984 -0.106536865234375 -0.109748840332031
-0.00536346435546875 0.0226860046386719 0.0972442626953125 -0.240982055664063
-0.030670166015625 0.00454521179199218 0.3426513671875 -0.132781982421875
-0.0391693115234375 -0.0311775207519531 0.330474853515625 0.268218994140625
0.0143203735351563 -0.0892105102539063 -0.0218505859375 0.48175048828125
0.0879364013671875 -0.06597900390625 -0.221923828125 0.282501220703125
0.117164611816406 -0.0421066284179688 0.0202980041503906 0.0148582458496094
0.0700759887695313 -0.0821304321289063 0.182220458984375 -0.3272705078125
0.002655029296875 -0.0810394287109375 -0.138763427734375 -0.4849853515625
-0.0382652282714844 -0.0264854431152344 -0.41033935546875 -0.117767333984375
-0.0244255065917969 0.0158443450927734 -0.236572265625 0.224029541015625
-0.00110435485839844 0.0233345031738281 0.00520324707031249 0.2491455078125
0.00592231750488281 0.0295219421386719 0.1602783203125 0.108596801757812
0.0226001739501953 0.0202674865722656 0.16827392578125 -0.05059814453125
0.0100193023681641 -0.0208759307861328 -0.176544189453125 0.0516815185546875
0.00979328155517578 -0.00759124755859375 -0.145980834960938 -0.10101318359375
0.00303840637207031 -0.0159406661987305 0.012847900390625 -0.246841430664062
0.00612831115722656 0.00333786010742188 0.277542114257813 -0.203536987304688
0.00155830383300781 0.0281314849853516 0.38543701171875 0.169342041015625
-0.003448486328125 0.0251140594482422 0.11956787109375 0.471221923828125
-0.0084381103515625 0.0391159057617188 -0.1683349609375 0.340728759765625
-0.0258007049560547 0.0255641937255859 -0.00249481201171875 0.0503692626953125
-0.0115547180175781 0.0331954956054688 0.25860595703125 -0.26727294921875
0.0115756988525391 0.0257606506347656 0.016754150390625 -0.517822265625
0.00873565673828125 0.016571044921875 -0.374359130859375 -0.233978271484375
0.00269627571105957 0.00383853912353516 -0.314422607421875 0.170684814453125
0.00791549682617188 -0.00914573669433594 -0.0751495361328125 0.24365234375
-0.000807762145996093 -0.0149068832397461 0.130790710449219 0.119903564453125
-0.000531196594238281 -0.0130596160888672 0.171539306640625 -0.037841796875
0.0113773345947266 -0.019012451171875 -0.178207397460938 0.0473785400390625
0.0120153427124023 -0.0098876953125 -0.136856079101563 -0.107757568359375
0.000731468200683593 -0.0160999298095703 0.0389251708984375 -0.247802734375
0.00268459320068359 0.00615882873535156 0.30352783203125 -0.181396484375
-0.000736236572265623 0.0303592681884766 0.37255859375 0.206878662109375
-0.00308418273925781 0.0275058746337891 0.072998046875 0.48187255859375
-0.0102806091308594 0.0428848266601563 -0.183837890625 0.317962646484375
-0.0276622772216797 0.0287933349609375 0.0187282562255859 0.0334186553955078
-0.00876235961914063 0.0366172790527344 0.246826171875 -0.294830322265625
0.0151233673095703 0.0277786254882813 -0.034271240234375 -0.513153076171875
0.00934696197509765 0.0173168182373047 -0.38934326171875 -0.19073486328125
-0.000356674194335938 0.00472879409790039 -0.28814697265625 0.19549560546875
0.00345802307128906 -0.0103931427001953 -0.0472259521484375 0.244583129882813
6.29425048828136E-05 -0.0163965225219727 0.140411376953125 0.111434936523438
0.000606536865234374 -0.0111665725708008 0.169326782226563 -0.0468597412109375
0.0151491165161133 -0.0153799057006836 -0.1802978515625 0.0396728515625
0.0143232345581055 -0.00842094421386719 -0.125999450683594 -0.114555358886719
-0.000792503356933595 -0.0133180618286133 0.0677947998046875 -0.248214721679688
-0.00202417373657227 0.00823688507080078 0.32958984375 -0.155792236328125
-0.00571441650390625 0.0282707214355469 0.35455322265625 0.2471923828125
-0.00200462341308594 0.022369384765625 0.02288818359375 0.48822021484375
-0.00679779052734375 0.0387039184570313 -0.1983642578125 0.2919921875
-0.0204792022705078 0.0269432067871094 0.0407791137695313 0.0159034729003906
-0.000885009765625003 0.0314464569091797 0.227813720703125 -0.32501220703125
0.0175952911376953 0.0221176147460938 -0.092498779296875 -0.5045166015625
0.00698947906494141 0.0146350860595703 -0.403045654296875 -0.144287109375
-0.00434064865112305 0.00609493255615234 -0.258712768554688 0.21868896484375
0.000405311584472656 -0.00933170318603515 -0.01776123046875 0.244384765625
-0.000149726867675781 -0.0145111083984375 0.148605346679688 0.1033935546875
0.00387048721313477 -0.00741291046142578 0.167343139648438 -0.0536956787109375
0.0187797546386719 -0.0109615325927734 -0.18035888671875 0.0333404541015625
0.0154523849487305 -0.00439739227294922 -0.114654541015625 -0.119850158691406
-0.00276613235473633 -0.00868129730224609 0.0954132080078125 -0.246444702148438
-0.0083456039428711 0.00887680053710938 0.351837158203125 -0.129547119140625
-0.011932373046875 0.0204296112060547 0.332427978515625 0.2852783203125
0.00160455703735351 0.00874519348144531 -0.0273742675781249 0.490142822265625
0.00446319580078125 0.0270462036132812 -0.211395263671875 0.268875122070312
-0.00253868103027344 0.0189723968505859 0.0558700561523438 0.00173187255859375
0.0099945068359375 0.0176563262939453 0.20745849609375 -0.3489990234375
0.0175638198852539 0.00896358489990235 -0.135467529296875 -0.4930419921875
0.000682830810546876 0.00940608978271484 -0.40887451171875 -0.105926513671875
-0.00900459289550781 0.00815010070800781 -0.2303466796875 0.234878540039063
-0.00179672241210937 -0.00591516494750977 0.00668334960937502 0.242919921875
0.000693321228027344 -0.00994014739990234 0.156829833984375 0.0966339111328125
0.00771284103393555 -0.00268268585205078 0.164657592773437 -0.06005859375
0.0233650207519531 -0.00542831420898438 -0.180755615234375 0.027862548828125
0.016387939453125 0.00267601013183594 -0.105499267578125 -0.122367858886719
-0.00421142578125 -0.00218629837036133 0.115280151367188 -0.243972778320313
-0.0151824951171875 0.00713634490966797 0.364837646484375 -0.109527587890625
-0.0181522369384766 0.00838470458984375 0.31536865234375 0.308746337890625
0.00760459899902344 -0.01214599609375 -0.060699462890625 0.489532470703125
0.0240974426269531 0.009124755859375 -0.219940185546875 0.253738403320312
0.0234737396240234 0.00699996948242187 0.0640335083007813 -0.00728988647460938
0.0227680206298828 -0.00429534912109375 0.188934326171875 -0.364013671875
0.0139675140380859 -0.00998878479003906 -0.17047119140625 -0.481689453125
-0.00760269165039063 0.00343990325927734 -0.41314697265625 -0.0796508789062499
-0.0124883651733398 0.0107450485229492 -0.211349487304688 0.244964599609375
-0.00221991539001465 -0.000381231307983398 0.0244903564453125 0.242340087890625
0.00191020965576172 -0.00176608562469482 0.162887573242188 0.0920867919921875
0.0114974975585938 0.00335407257080078 0.163101196289063 -0.0637969970703125
0.02630615234375 -0.000364303588867188 -0.179641723632813 0.0255584716796875
0.0172519683837891 0.0105352401733398 -0.100715637207031 -0.121070861816406
-0.00561714172363281 0.00601005554199219 0.122787475585938 -0.2413330078125
-0.0219173431396484 0.00537109375 0.36871337890625 -0.101715087890625
-0.0244255065917969 -0.00676536560058593 0.307403564453125 0.316436767578125
0.0141868591308594 -0.0378074645996094 -0.07342529296875 0.487335205078125
0.0481414794921875 -0.0129928588867188 -0.225662231445313 0.249832153320313
0.0541572570800781 -0.00846099853515625 0.0615882873535156 -0.009307861328125
0.0366630554199219 -0.0296401977539063 0.17742919921875 -0.365509033203125
0.00832366943359375 -0.0314064025878906 -0.183929443359375 -0.475830078125
-0.0179729461669922 -0.00404167175292969 -0.414398193359375 -0.0702514648437501
-0.0154447555541992 0.0136251449584961 -0.203338623046875 0.247222900390625
-0.00173234939575195 0.00722932815551758 0.032684326171875 0.242630004882813
0.00356960296630859 0.00671958923339844 0.164932250976563 0.0925140380859375
0.0145606994628906 0.00849056243896484 0.16363525390625 -0.06414794921875
0.0297489166259766 0.00415992736816406 -0.17852783203125 0.0272064208984375
0.0176200866699219 0.0196533203125 -0.101463317871094 -0.116889953613281
-0.00591754913330078 0.0140542984008789 0.11663818359375 -0.241744995117188
-0.0273532867431641 0.00363540649414063 0.36212158203125 -0.1104736328125
-0.0313129425048828 -0.0214729309082031 0.314483642578125 0.302825927734375
0.0179634094238281 -0.0653419494628906 -0.060211181640625 0.486968994140625
0.0713119506835938 -0.0387725830078125 -0.227401733398438 0.260009765625
0.0859756469726563 -0.0255889892578125 0.0475540161132813 -0.00244522094726563
0.0514984130859375 -0.0576210021972656 0.175750732421875 -0.3560791015625
0.00332260131835937 -0.0559043884277344 -0.177703857421875 -0.47760009765625
-0.0287685394287109 -0.0132389068603516 -0.4151611328125 -0.0815429687500001
-0.0192584991455078 0.0157756805419922 -0.209747314453125 0.242584228515625
-0.00167751312255859 0.0175065994262695 0.0294189453125 0.24505615234375
0.00573348999023438 0.0186061859130859 0.165542602539063 0.0959320068359375
0.0194072723388672 0.0147705078125 0.16461181640625 -0.0612640380859375
0.0333843231201172 0.0081939697265625 -0.175155639648438 0.031463623046875
0.0179004669189453 0.0289287567138672 -0.108207702636719 -0.109611511230469
-0.00455474853515625 0.0230560302734375 0.09552001953125 -0.242431640625
-0.0314464569091797 0.00466728210449219 0.34326171875 -0.1368408203125
-0.0396842956542969 -0.0311660766601563 0.33416748046875 0.268310546875
0.0140838623046875 -0.0904769897460938 -0.017822265625 0.485321044921875
0.0878524780273438 -0.0672073364257813 -0.22210693359375 0.285888671875
0.117027282714844 -0.043243408203125 0.0204868316650391 0.014739990234375
0.0695037841796875 -0.0834197998046875 0.18115234375 -0.3316650390625
0.00225830078125 -0.0812149047851563 -0.144378662109375 -0.48687744140625
-0.0382614135742188 -0.0263442993164062 -0.41357421875 -0.115631103515625
-0.0242576599121094 0.0163936614990234 -0.235641479492187 0.227127075195313
-0.00118637084960937 0.0238380432128906 0.00648498535156248 0.250823974609375
0.00663185119628907 0.0296745300292969 0.162261962890625 0.107742309570313
0.0231704711914062 0.0201072692871094 0.16937255859375 -0.052093505859375
0.0102710723876953 -0.0217361450195313 -0.176498413085938 0.054229736328125
0.0108156204223633 -0.00795269012451172 -0.148147583007813 -0.0996551513671875
0.00281810760498047 -0.0159187316894531 0.00997924804687501 -0.2481689453125
0.00566577911376953 0.00372695922851563 0.277359008789062 -0.207015991210938
0.00220489501953125 0.0277061462402344 0.3896484375 0.16534423828125
-0.00263023376464844 0.0250339508056641 0.12384033203125 0.47283935546875
-0.008026123046875 0.0387191772460938 -0.166259765625 0.345367431640625
-0.0259513854980469 0.0256385803222656 -0.00231170654296875 0.0503425598144531
-0.0111026763916016 0.0330276489257813 0.258071899414063 -0.270843505859375
0.0120639801025391 0.0262012481689453 0.0121765136718749 -0.521697998046875
0.00892543792724609 0.0166988372802734 -0.378021240234375 -0.233642578125
0.00258541107177734 0.0034947395324707 -0.314422607421875 0.175018310546875
0.00788784027099609 -0.00915050506591797 -0.0728912353515625 0.2467041015625
-0.000664710998535158 -0.0152873992919922 0.133644104003906 0.118934631347656
-0.000967979431152343 -0.0131349563598633 0.172836303710937 -0.040283203125
0.0117168426513672 -0.0201206207275391 -0.1778564453125 0.0494537353515625
0.0125532150268555 -0.0105905532836914 -0.138946533203125 -0.106819152832031
0.000539779663085938 -0.0159521102905273 0.0358734130859375 -0.2491455078125
0.00253725051879883 0.00583076477050781 0.30340576171875 -0.18603515625
-0.00020790100097656 0.0302028656005859 0.375823974609375 0.2054443359375
-0.00210380554199219 0.0281524658203125 0.07623291015625 0.48529052734375
-0.0102386474609375 0.0432205200195313 -0.18194580078125 0.32196044921875
-0.0281734466552734 0.0295467376708984 0.0186767578125 0.0338325500488281
-0.00875854492187501 0.0363426208496094 0.245697021484375 -0.29840087890625
0.0156440734863281 0.0276889801025391 -0.03936767578125 -0.516326904296875
0.00961875915527344 0.0170078277587891 -0.393768310546875 -0.18927001953125
-0.000250339508056641 0.00491571426391601 -0.28857421875 0.199676513671875
0.00340080261230469 -0.0106964111328125 -0.045745849609375 0.2469482421875
-0.000458717346191408 -0.016444206237793 0.142623901367188 0.110183715820312
0.000457763671875 -0.0111160278320313 0.169662475585938 -0.0491180419921875
0.0151472091674805 -0.0161848068237305 -0.180999755859375 0.0424652099609375
0.014348030090332 -0.00901508331298828 -0.127975463867188 -0.113609313964844
-0.000859260559082033 -0.013458251953125 0.0652008056640625 -0.250778198242188
-0.00243282318115234 0.0076141357421875 0.3299560546875 -0.159637451171875
-0.00535964965820313 0.0283317565917969 0.35870361328125 0.246063232421875
-0.00107383728027344 0.0225257873535156 0.026641845703125 0.490997314453125
-0.00650405883789063 0.0384750366210938 -0.19744873046875 0.295867919921875
-0.0206546783447266 0.0270252227783203 0.0405120849609375 0.0158538818359375
-0.000772476196289064 0.0320663452148438 0.226318359375 -0.32904052734375
0.0182380676269531 0.0218162536621094 -0.0958251953125 -0.5059814453125
0.00706577301025391 0.0145978927612305 -0.406158447265625 -0.141693115234375
-0.00440025329589844 0.00615644454956055 -0.258209228515625 0.222900390625
0.000423431396484375 -0.0102996826171875 -0.0157928466796875 0.245925903320312
-2.09808349609378E-05 -0.0145044326782227 0.151840209960938 0.102310180664062
0.00404500961303711 -0.00736284255981445 0.167877197265625 -0.05584716796875
0.0188865661621094 -0.0116443634033203 -0.181427001953125 0.03582763671875
0.0156974792480469 -0.00482368469238281 -0.116218566894531 -0.118827819824219
-0.00272083282470703 -0.00828838348388672 0.0928955078125 -0.249099731445313
-0.00837612152099609 0.00919246673583985 0.353179931640625 -0.1331787109375
-0.0115699768066406 0.0210857391357422 0.336822509765625 0.283843994140625
0.00178718566894531 0.00893115997314453 -0.022735595703125 0.493865966796875
0.00496673583984375 0.0272541046142578 -0.209991455078125 0.272140502929688
-0.00230598449707031 0.0195178985595703 0.055877685546875 0.001434326171875
0.0103378295898438 0.0177326202392578 0.207000732421875 -0.352508544921875
0.0174102783203125 0.00827312469482422 -0.142181396484375 -0.495208740234375
0.00109386444091797 0.00932979583740235 -0.41412353515625 -0.102691650390625
-0.00862693786621094 0.00841903686523438 -0.230072021484375 0.239120483398438
-0.00198221206665039 -0.00628471374511719 0.00898742675781249 0.244216918945313
0.000856399536132813 -0.00974750518798828 0.1585693359375 0.094940185546875
0.00714969635009766 -0.00248956680297852 0.164825439453125 -0.062744140625
0.0232925415039063 -0.00618934631347656 -0.1817626953125 0.0302886962890625
0.0168924331665039 0.00192832946777344 -0.107284545898437 -0.121665954589844
-0.00408363342285156 -0.0016176700592041 0.113006591796875 -0.24615478515625
-0.0151653289794922 0.00771427154541015 0.3658447265625 -0.113800048828125
-0.0181427001953125 0.008819580078125 0.319976806640625 0.30853271484375
0.00714397430419922 -0.0125808715820313 -0.0562744140625 0.49273681640625
0.0243453979492188 0.00876617431640625 -0.219329833984375 0.257476806640625
0.023529052734375 0.00650215148925781 0.0638389587402344 -0.00773239135742187
0.0230731964111328 -0.00395584106445313 0.186798095703125 -0.366424560546875
0.0139541625976563 -0.0104751586914062 -0.1771240234375 -0.482330322265625
-0.00737285614013672 0.00328683853149414 -0.415374755859375 -0.0756835937499999
-0.0122108459472656 0.0108194351196289 -0.210357666015625 0.2486572265625
-0.00200378894805908 -0.000590085983276367 0.0275726318359375 0.243515014648438
0.00188517570495605 -0.00199460983276367 0.164581298828125 0.0905609130859375
0.0114164352416992 0.00337028503417969 0.163528442382812 -0.066192626953125
0.0264511108398438 -0.00123977661132813 -0.180282592773438 0.0281982421875
0.0179080963134766 0.0101146697998047 -0.102142333984375 -0.120628356933594
-0.00594091415405273 0.00632762908935547 0.120986938476562 -0.2437744140625
-0.0221729278564453 0.00564002990722656 0.369903564453125 -0.107177734375
-0.0244293212890625 -0.00679969787597656 0.31207275390625 0.31475830078125
0.0145835876464844 -0.0386199951171875 -0.069671630859375 0.491424560546875
0.0482254028320313 -0.0138435363769531 -0.224578857421875 0.253692626953125
0.05419921875 -0.00880050659179688 0.0614814758300781 -0.00967025756835938
0.0360298156738281 -0.0307197570800781 0.17529296875 -0.36962890625
0.00833511352539063 -0.0319843292236328 -0.190521240234375 -0.47637939453125
-0.0179882049560547 -0.00347900390625 -0.41796875 -0.06561279296875
-0.0155544281005859 0.0140800476074219 -0.201751708984375 0.250457763671875
-0.00187587738037109 0.00725698471069336 0.035369873046875 0.244186401367188
0.00426673889160156 0.00699234008789062 0.167892456054688 0.09088134765625
0.0151157379150391 0.00798416137695313 0.163986206054688 -0.066253662109375
0.0301990509033203 0.00295257568359375 -0.178878784179687 0.029205322265625
0.0184345245361328 0.0190067291259766 -0.103622436523438 -0.116607666015625
-0.0056610107421875 0.0148305892944336 0.114608764648438 -0.24462890625
-0.0283279418945313 0.00447273254394531 0.363037109375 -0.11602783203125
-0.0308055877685547 -0.0209827423095703 0.319793701171875 0.30230712890625
0.0177040100097656 -0.0659599304199219 -0.05621337890625 0.4915771484375
0.0710983276367188 -0.039825439453125 -0.2266845703125 0.263961791992187
0.08624267578125 -0.0265045166015625 0.0476646423339844 -0.00240707397460938
0.0505218505859375 -0.0583686828613281 0.173858642578125 -0.35894775390625
0.00262451171875 -0.0561561584472656 -0.182373046875 -0.478973388671875
-0.0291061401367188 -0.0132942199707031 -0.41949462890625 -0.0776672363281249
-0.0192470550537109 0.0162620544433594 -0.209182739257813 0.246734619140625
-0.00102615356445313 0.0172300338745117 0.0320281982421875 0.246597290039063
0.00629615783691406 0.0187702178955078 0.167999267578125 0.095184326171875
0.0198230743408203 0.0146617889404297 0.165542602539063 -0.0635986328125
0.0340099334716797 0.00691032409667969 -0.175323486328125 0.0338134765625
0.0193977355957031 0.0282230377197266 -0.109710693359375 -0.108810424804688
-0.00459861755371094 0.0237884521484375 0.093292236328125 -0.244720458984375
-0.0323562622070313 0.00527572631835937 0.344512939453125 -0.140594482421875
-0.0400657653808594 -0.0313224792480469 0.33978271484375 0.266754150390625
0.0128936767578125 -0.0916290283203125 -0.01397705078125 0.48956298828125
0.0876541137695312 -0.0687026977539063 -0.220977783203125 0.289459228515625
0.116912841796875 -0.0448074340820313 0.0205650329589844 0.0147285461425781
0.0691375732421875 -0.0846176147460938 0.179931640625 -0.33453369140625
0.00157165527343749 -0.082183837890625 -0.148895263671875 -0.4879150390625
-0.0387001037597656 -0.0264053344726563 -0.41796875 -0.113250732421875
-0.0245876312255859 0.0169734954833984 -0.235824584960937 0.2313232421875
-0.000511169433593752 0.0236530303955078 0.00964355468750003 0.252975463867188
0.00719833374023438 0.0303421020507813 0.164627075195313 0.106002807617188
0.0236167907714844 0.0200557708740234 0.170257568359375 -0.0545501708984375
0.0100631713867188 -0.0222873687744141 -0.176666259765625 0.057159423828125
0.0112476348876953 -0.00822925567626953 -0.150070190429688 -0.09844970703125
0.0028533935546875 -0.0165519714355469 0.0062713623046875 -0.248870849609375
0.00544834136962891 0.0036015510559082 0.276046752929688 -0.212005615234375
0.00287628173828125 0.0276908874511719 0.394073486328125 0.162750244140625
-0.00218582153320312 0.02471923828125 0.130462646484375 0.4755859375
-0.0074615478515625 0.0385475158691406 -0.164306640625 0.349517822265625
-0.0260848999023438 0.0262069702148438 -0.002197265625 0.0506706237792969
-0.0109882354736328 0.0334987640380859 0.256759643554688 -0.275131225585938
0.0124416351318359 0.0261726379394531 0.00704956054687496 -0.524749755859375
0.00926303863525391 0.0165081024169922 -0.38323974609375 -0.230194091796875
0.00260472297668457 0.00359058380126953 -0.31475830078125 0.1793212890625
0.00761318206787109 -0.00956439971923828 -0.071014404296875 0.24835205078125
-0.00110816955566406 -0.0152559280395508 0.136322021484375 0.118057250976563
-0.00114345550537109 -0.0129289627075195 0.173187255859375 -0.0423431396484375
0.0117435455322266 -0.0207805633544922 -0.178436279296875 0.0528411865234375
0.0129241943359375 -0.0107965469360352 -0.141311645507812 -0.105392456054688
0.000267982482910157 -0.0158843994140625 0.033203125 -0.251373291015625
0.00278282165527344 0.00647401809692383 0.303009033203125 -0.190521240234375
0.000579833984374997 0.0301799774169922 0.380889892578125 0.20233154296875
-0.00143814086914063 0.0279045104980469 0.082794189453125 0.485382080078125
-0.00996780395507813 0.0429420471191406 -0.180145263671875 0.32611083984375
-0.0282268524169922 0.0296459197998047 0.0190963745117188 0.0339317321777344
-0.00816726684570312 0.0370330810546875 0.243865966796875 -0.3035888671875
0.0159378051757813 0.0278358459472656 -0.04437255859375 -0.518157958984375
0.00960445404052734 0.0173463821411133 -0.397613525390625 -0.18548583984375
-0.000310420989990235 0.00467491149902344 -0.287628173828125 0.204498291015625
0.00343036651611328 -0.0104818344116211 -0.0429534912109375 0.249176025390625
-0.000434875488281249 -0.0167140960693359 0.14483642578125 0.1090087890625
0.000896453857421875 -0.0111274719238281 0.170684814453125 -0.05126953125
0.0152816772460937 -0.0173130035400391 -0.180633544921875 0.0452880859375
0.0149192810058594 -0.00957202911376953 -0.129867553710938 -0.112289428710938
-0.0010986328125 -0.0138320922851562 0.0622406005859375 -0.252349853515625
-0.00240421295166016 0.00842142105102539 0.3302001953125 -0.1646728515625
-0.00477409362792969 0.0286998748779297 0.363433837890625 0.243499755859375
-0.000825881958007814 0.0229854583740234 0.03118896484375 0.4927978515625
-0.00574493408203125 0.0387992858886719 -0.194915771484375 0.299713134765625
-0.0207023620605469 0.0278491973876953 0.0409736633300781 0.0155601501464844
-0.000423431396484376 0.0314674377441406 0.22247314453125 -0.3333740234375
0.018585205078125 0.0215568542480469 -0.101837158203125 -0.50775146484375
0.00743579864501953 0.0144386291503906 -0.410308837890625 -0.138916015625
-0.00436639785766602 0.00615310668945312 -0.257598876953125 0.227005004882812
0.000464439392089844 -0.0100030899047852 -0.0129852294921875 0.247512817382813
-0.000629425048828124 -0.0141925811767578 0.153549194335938 0.100662231445313
0.00384712219238281 -0.00770044326782226 0.168807983398438 -0.0585479736328125
0.0189952850341797 -0.012786865234375 -0.181610107421875 0.0387725830078125
0.0163087844848633 -0.00576686859130859 -0.117904663085937 -0.117584228515625
-0.00318765640258789 -0.00846290588378906 0.0902252197265625 -0.250701904296875
-0.00832939147949219 0.00959300994873047 0.351837158203125 -0.13751220703125
-0.0111064910888672 0.0214748382568359 0.341552734375 0.28228759765625
0.00215721130371094 0.0088348388671875 -0.0179443359375 0.497650146484375
0.00518226623535157 0.0265426635742188 -0.208938598632812 0.276290893554688
-0.00272560119628906 0.0196857452392578 0.0565834045410156 0.00128555297851563
0.0106544494628906 0.0175333023071289 0.204376220703125 -0.3564453125
0.0183658599853516 0.00842475891113281 -0.147674560546875 -0.49615478515625
0.00109767913818359 0.00997066497802734 -0.4168701171875 -0.0991821289062499
-0.00857067108154297 0.00847339630126953 -0.22906494140625 0.2427978515625
-0.00198173522949219 -0.00615978240966797 0.0118255615234375 0.245681762695312
0.000667572021484375 -0.00955772399902344 0.161407470703125 0.0935211181640625
0.00770235061645508 -0.00286006927490234 0.165756225585937 -0.0649566650390625
0.02337646484375 -0.00757598876953125 -0.182022094726563 0.03271484375
0.0176219940185547 0.00121688842773438 -0.109092712402344 -0.120597839355469
-0.00475931167602539 -0.00158882141113281 0.11029052734375 -0.24908447265625
-0.0156459808349609 0.00794506072998047 0.366302490234375 -0.118621826171875
-0.0174808502197266 0.00880241394042969 0.3251953125 0.306488037109375
0.00739002227783203 -0.0128545761108398 -0.05194091796875 0.496185302734375
0.0244255065917969 0.00794029235839844 -0.217605590820313 0.261398315429688
0.0232067108154297 0.00650596618652344 0.0641822814941406 -0.00828933715820313
0.0229587554931641 -0.00465965270996094 0.182952880859375 -0.370361328125
0.014042854309082 -0.0105018615722656 -0.18353271484375 -0.483245849609375
-0.00777816772460938 0.00372838973999023 -0.4185791015625 -0.07269287109375
-0.0120668411254883 0.0110044479370117 -0.208953857421875 0.25250244140625
-0.0018773078918457 -0.000523924827575683 0.0299224853515625 0.244613647460938
0.00216758251190186 -0.00161969661712646 0.166778564453125 0.088775634765625
0.0120277404785156 0.00304412841796875 0.16351318359375 -0.06854248046875
0.0268268585205078 -0.00222396850585938 -0.180740356445313 0.031341552734375
0.0184497833251953 0.00961875915527344 -0.104110717773438 -0.119544982910156
-0.00526857376098633 0.00656986236572266 0.118453979492187 -0.246658325195313
-0.0226116180419922 0.0064849853515625 0.3702392578125 -0.111541748046875
-0.0242233276367188 -0.00637626647949219 0.317291259765625 0.31353759765625
0.0141754150390625 -0.0390777587890625 -0.065643310546875 0.49530029296875
0.048126220703125 -0.0147323608398438 -0.223968505859375 0.257034301757813
0.0539588928222656 -0.00922775268554688 0.0616455078125 -0.00982666015625
0.0358161926269531 -0.0316810607910156 0.173583984375 -0.373260498046875
0.00793075561523437 -0.0324077606201172 -0.195648193359375 -0.47747802734375
-0.0181407928466797 -0.0039215087890625 -0.42059326171875 -0.0625915527343751
-0.0155649185180664 0.0142917633056641 -0.200592041015625 0.254745483398438
-0.00115871429443359 0.00712394714355469 0.038604736328125 0.245208740234375
0.00409030914306641 0.00699472427368164 0.170089721679688 0.08917236328125
0.015049934387207 0.00786304473876953 0.16387939453125 -0.068634033203125
0.0300064086914062 0.00213432312011719 -0.179351806640625 0.0322723388671875
0.0190544128417969 0.0186271667480469 -0.104812622070313 -0.115882873535156
-0.00591087341308594 0.014683723449707 0.1121826171875 -0.24676513671875
-0.0284175872802734 0.00458526611328125 0.364013671875 -0.120513916015625
-0.0312767028808594 -0.0210285186767578 0.324249267578125 0.30072021484375
0.0172004699707031 -0.0669898986816406 -0.05145263671875 0.495208740234375
0.0711212158203125 -0.041015625 -0.224594116210938 0.267547607421875
0.0866470336914062 -0.0272369384765625 0.047576904296875 -0.00266265869140625
0.0504341125488281 -0.059326171875 0.170928955078125 -0.36456298828125
0.00243377685546875 -0.0564346313476563 -0.188720703125 -0.479583740234375
-0.0294361114501953 -0.0126914978027344 -0.42144775390625 -0.07354736328125
-0.0191020965576172 0.0164318084716797 -0.20745849609375 0.250137329101562
-0.00103855133056641 0.0174446105957031 0.03546142578125 0.247787475585938
0.006561279296875 0.0189762115478516 0.170623779296875 0.092864990234375
0.0205497741699219 0.0144176483154297 0.16571044921875 -0.0657806396484375
0.0334205627441406 0.00565910339355469 -0.175872802734375 0.0371246337890625
0.0196323394775391 0.0282306671142578 -0.111244201660156 -0.107933044433594
-0.00426673889160156 0.0237197875976562 0.09039306640625 -0.247283935546875
-0.0324897766113281 0.00536918640136719 0.34478759765625 -0.145782470703125
-0.0401611328125 -0.0310401916503906 0.34417724609375 0.263580322265625
0.0128250122070313 -0.0918807983398438 -0.00854492187500004 0.4923095703125
0.0877151489257813 -0.0701065063476563 -0.21820068359375 0.2935791015625
0.117340087890625 -0.0458984375 0.0206050872802734 0.0150775909423828
0.068328857421875 -0.0855178833007813 0.176483154296875 -0.33892822265625
0.000465393066406252 -0.0816802978515625 -0.154541015625 -0.48931884765625
-0.0394058227539063 -0.0260658264160156 -0.422271728515625 -0.1092529296875
-0.0247859954833984 0.017181396484375 -0.233413696289063 0.234893798828125
-0.000148773193359377 0.0237064361572266 0.012939453125 0.25384521484375
0.00796890258789063 0.0300807952880859 0.167709350585938 0.104339599609375
0.0239582061767578 0.0195236206054688 0.170822143554688 -0.0572052001953125
0.00987434387207031 -0.0230922698974609 -0.176803588867188 0.060028076171875
0.0112161636352539 -0.00909614562988281 -0.151657104492188 -0.0965576171875
0.00247859954833984 -0.0157651901245117 0.0035400390625 -0.25030517578125
0.00545072555541992 0.00373077392578125 0.274765014648438 -0.216094970703125
0.00315093994140625 0.0273265838623047 0.397308349609375 0.157806396484375
-0.00169944763183594 0.0249462127685547 0.136260986328125 0.475616455078125
-0.00720977783203125 0.0384254455566406 -0.159912109375 0.3525390625
-0.0260009765625 0.0264930725097656 -0.00213241577148438 0.05078125
-0.0104141235351563 0.0338115692138672 0.254150390625 -0.278030395507813
0.0128440856933594 0.0263824462890625 0.00125122070312499 -0.527801513671875
0.00933265686035156 0.0166778564453125 -0.38848876953125 -0.227386474609375
0.00261688232421875 0.00372147560119629 -0.314117431640625 0.18402099609375
0.00782203674316406 -0.0096282958984375 -0.0682373046875 0.251068115234375
-0.00137424468994141 -0.0152559280395508 0.138427734375 0.116096496582031
-0.0013418197631836 -0.0126352310180664 0.17376708984375 -0.0453033447265625
0.0112247467041016 -0.0216236114501953 -0.177993774414063 0.055450439453125
0.0131568908691406 -0.011256217956543 -0.142623901367188 -0.103561401367188
-9.53674316406262E-05 -0.0158185958862305 0.0293731689453125 -0.252410888671875
0.00269603729248047 0.00676202774047852 0.30108642578125 -0.195465087890625
0.00115394592285156 0.0304145812988281 0.38458251953125 0.1973876953125
-0.000764846801757812 0.0275764465332031 0.088287353515625 0.4884033203125
-0.00916671752929687 0.0424880981445312 -0.176727294921875 0.3287353515625
-0.0282573699951172 0.0298748016357422 0.0192241668701172 0.0337066650390625
-0.008209228515625 0.0367088317871094 0.241241455078125 -0.307861328125
0.0166244506835938 0.0275897979736328 -0.051300048828125 -0.520904541015625
0.00992584228515625 0.0173501968383789 -0.401885986328125 -0.18096923828125
0.000194549560546875 0.00481319427490234 -0.28619384765625 0.20867919921875
0.00356101989746094 -0.0110263824462891 -0.04010009765625 0.2509765625
-0.00064563751220703 -0.0165653228759766 0.147552490234375 0.107421875
0.000960350036621094 -0.0112466812133789 0.17034912109375 -0.0542449951171875
0.0148754119873047 -0.0184211730957031 -0.18084716796875 0.0482635498046875
0.0153636932373047 -0.0103559494018555 -0.131744384765625 -0.111000061035156
-0.00166225433349609 -0.0133228302001953 0.05914306640625 -0.253799438476563
-0.00243854522705078 0.00900459289550781 0.32891845703125 -0.169647216796875
-0.00402450561523437 0.0285930633544922 0.368377685546875 0.239654541015625
-0.000158309936523436 0.0223560333251953 0.03802490234375 0.49530029296875
-0.0055084228515625 0.0385856628417969 -0.1923828125 0.30303955078125
-0.0202808380126953 0.0277843475341797 0.0409431457519531 0.0152740478515625
-0.000564575195312502 0.03167724609375 0.2208251953125 -0.336639404296875
0.0192375183105469 0.0214290618896484 -0.10894775390625 -0.509002685546875
0.00721359252929688 0.0142440795898438 -0.41363525390625 -0.134307861328125
-0.0046844482421875 0.00628042221069336 -0.255386352539063 0.231536865234375
0.000505447387695313 -0.00979995727539063 -0.0107574462890625 0.249725341796875
-0.000688552856445312 -0.0146503448486328 0.155807495117188 0.098724365234375
0.00392675399780273 -0.00763607025146484 0.168563842773438 -0.061279296875
0.0188388824462891 -0.01397705078125 -0.181396484375 0.0417022705078125
0.0166988372802734 -0.00632762908935547 -0.119941711425781 -0.116432189941406
-0.00344944000244141 -0.00801944732666016 0.087066650390625 -0.25311279296875
-0.00867080688476562 0.009735107421875 0.35296630859375 -0.142364501953125
-0.0107097625732422 0.0211868286132812 0.34637451171875 0.277618408203125
0.0026702880859375 0.00842189788818359 -0.01348876953125 0.49981689453125
0.00560379028320313 0.0260429382324219 -0.205917358398438 0.280059814453125
-0.00255775451660156 0.0196247100830078 0.0564727783203125 0.000648498535156251
0.0107965469360352 0.0171852111816406 0.201141357421875 -0.361328125
0.0184249877929687 0.00796890258789063 -0.153472900390625 -0.496368408203125
0.00138092041015625 0.00964164733886719 -0.419342041015625 -0.095794677734375
-0.00828695297241211 0.00844097137451172 -0.226943969726562 0.24688720703125
-0.00164461135864258 -0.00642156600952148 0.0148773193359375 0.246810913085938
0.00060272216796875 -0.00964164733886719 0.163330078125 0.0912322998046875
0.0078887939453125 -0.00334596633911133 0.164810180664063 -0.0676116943359375
0.0231170654296875 -0.00832557678222656 -0.182342529296875 0.0363616943359375
0.0177402496337891 0.000642776489257813 -0.110916137695313 -0.119560241699219
-0.00417041778564453 -0.0014185905456543 0.107666015625 -0.250961303710938
-0.0158920288085938 0.00838661193847656 0.3671875 -0.12396240234375
-0.017425537109375 0.00901508331298828 0.331573486328125 0.304046630859375
0.00751495361328125 -0.0132894515991211 -0.046844482421875 0.499542236328125
0.02484130859375 0.00731658935546875 -0.215484619140625 0.265289306640625
0.0234298706054688 0.00644111633300781 0.0639801025390625 -0.00876998901367188
0.0230388641357422 -0.005126953125 0.181121826171875 -0.3734130859375
0.0143241882324219 -0.0107936859130859 -0.189971923828125 -0.482635498046875
-0.00741004943847656 0.00369977951049805 -0.42205810546875 -0.0666198730468749
-0.0121593475341797 0.0110397338867188 -0.206390380859375 0.255844116210938
-0.00159084796905518 -0.000534534454345703 0.0335540771484375 0.24560546875
0.00267624855041504 -0.0017704963684082 0.168960571289063 0.086151123046875
0.0120868682861328 0.00278186798095703 0.163955688476563 -0.0711212158203125
0.0268726348876953 -0.00330924987792969 -0.181015014648438 0.0339508056640625
0.0187053680419922 0.00895309448242187 -0.106010437011719 -0.118972778320312
-0.00555086135864258 0.00673770904541016 0.115814208984375 -0.249053955078125
-0.0225543975830078 0.00638771057128906 0.369598388671875 -0.116119384765625
-0.0243167877197266 -0.00598907470703125 0.322998046875 0.311370849609375
0.014129638671875 -0.0395774841308594 -0.06085205078125 0.499267578125
0.0482292175292969 -0.0158271789550781 -0.221389770507813 0.261566162109375
0.0541114807128906 -0.0102005004882813 0.0617485046386719 -0.0101852416992188
0.0353927612304688 -0.0321731567382813 0.17071533203125 -0.377197265625
0.00755500793457031 -0.0324459075927734 -0.20361328125 -0.47705078125
-0.0181236267089844 -0.00336456298828125 -0.422607421875 -0.0577392578125
-0.0157623291015625 0.0145235061645508 -0.198883056640625 0.258651733398438
-0.000962734222412109 0.00740861892700195 0.042236328125 0.245635986328125
0.00479936599731445 0.00711488723754883 0.172149658203125 0.0867156982421875
0.0153007507324219 0.00775814056396484 0.163528442382813 -0.0716400146484375
0.0306644439697266 0.000623703002929688 -0.17919921875 0.0348052978515625
0.0192604064941406 0.0180015563964844 -0.106788635253906 -0.114715576171875
-0.00553035736083984 0.015131950378418 0.109085083007813 -0.248641967773438
-0.0284233093261719 0.00512313842773438 0.363922119140625 -0.125244140625
-0.0315322875976562 -0.0205955505371094 0.329376220703125 0.2982177734375
0.0162162780761719 -0.0674972534179688 -0.046905517578125 0.498046875
0.0705413818359375 -0.042724609375 -0.222610473632812 0.271408081054688
0.0860671997070312 -0.0283050537109375 0.0473442077636719 -0.00279617309570313
0.0496368408203125 -0.0602798461914062 0.167510986328125 -0.366455078125
0.00123977661132812 -0.0567741394042969 -0.1959228515625 -0.4793701171875
-0.0294418334960937 -0.0124568939208984 -0.425537109375 -0.068817138671875
-0.0190334320068359 0.0168170928955078 -0.205368041992188 0.254165649414063
-0.000160217285156249 0.0175838470458984 0.038665771484375 0.248626708984375
0.00710105895996094 0.0192279815673828 0.17303466796875 0.090576171875
0.0208187103271484 0.0137348175048828 0.1658935546875 -0.0689544677734375
0.0336837768554688 0.00423812866210938 -0.175674438476563 0.03997802734375
0.0202808380126953 0.0273857116699219 -0.113029479980469 -0.106552124023438
-0.00396347045898438 0.0241355895996094 0.08770751953125 -0.249649047851562
-0.0323963165283203 0.00594902038574219 0.343597412109375 -0.15093994140625
-0.0409622192382812 -0.03082275390625 0.349090576171875 0.260955810546875
0.01171875 -0.0927810668945312 -0.00381469726562498 0.49420166015625
0.0866851806640625 -0.07196044921875 -0.216217041015625 0.2969970703125
0.117103576660156 -0.0470809936523438 0.0209388732910156 0.0152015686035156
0.0672683715820313 -0.0870361328125 0.173583984375 -0.342620849609375
-0.000427246093750002 -0.082611083984375 -0.1619873046875 -0.488922119140625
-0.040191650390625 -0.0254745483398438 -0.424285888671875 -0.10400390625
-0.0247020721435547 0.0176677703857422 -0.232070922851562 0.239395141601563
-2.28881835937504E-05 0.0236835479736328 0.0160980224609375 0.255279541015625
0.00843620300292969 0.0301113128662109 0.169692993164063 0.10205078125
0.0248661041259766 0.0198040008544922 0.170730590820313 -0.0597991943359375
0.0095977783203125 -0.0244579315185547 -0.1756591796875 0.0628814697265625
0.0119161605834961 -0.0100307464599609 -0.153778076171875 -0.09490966796875
0.00207614898681641 -0.0156011581420898 -0.00109863281249999 -0.25042724609375
0.00562620162963867 0.00370407104492188 0.272537231445312 -0.22100830078125
0.00388717651367188 0.027496337890625 0.401031494140625 0.15374755859375
-0.00106620788574219 0.0248012542724609 0.1422119140625 0.47607421875
-0.00669097900390625 0.0377159118652344 -0.15655517578125 0.3553466796875
-0.0265522003173828 0.0269374847412109 -0.00133132934570313 0.0508232116699219
-0.0103931427001953 0.0341072082519531 0.252288818359375 -0.283905029296875
0.0134048461914063 0.0261650085449219 -0.00616455078125003 -0.52862548828125
0.0100164413452148 0.016779899597168 -0.391937255859375 -0.222198486328125
0.00271892547607422 0.00358343124389648 -0.31158447265625 0.189208984375
0.00764560699462891 -0.0100202560424805 -0.06494140625 0.253265380859375
-0.00167655944824219 -0.0155401229858398 0.140220642089844 0.114013671875
-0.00131034851074219 -0.0130386352539062 0.174026489257813 -0.0476837158203125
0.0109138488769531 -0.02264404296875 -0.177597045898437 0.0584564208984375
0.0138359069824219 -0.0120248794555664 -0.1446533203125 -0.101638793945312
-0.000485420227050783 -0.0160760879516602 0.0252838134765625 -0.253021240234375
0.00253725051879883 0.00676059722900391 0.299530029296875 -0.199676513671875
0.00179481506347657 0.0299625396728516 0.388427734375 0.1951904296875
-0.000120162963867185 0.0278720855712891 0.093963623046875 0.488494873046875
-0.00872421264648438 0.042236328125 -0.17315673828125 0.332611083984375
-0.0280818939208984 0.0301952362060547 0.0194797515869141 0.0335826873779297
-0.0076904296875 0.03753662109375 0.23870849609375 -0.311767578125
0.0172672271728516 0.0274925231933594 -0.057464599609375 -0.52166748046875
0.0105133056640625 0.0168142318725586 -0.405731201171875 -0.1768798828125
-1.00135803222651E-05 0.00469684600830078 -0.28466796875 0.212982177734375
0.00334358215332031 -0.0109539031982422 -0.0372314453125 0.252197265625
-0.001007080078125 -0.0165796279907227 0.14947509765625 0.104965209960938
0.000246047973632812 -0.0110206604003906 0.170257568359375 -0.056427001953125
0.0146312713623047 -0.0191555023193359 -0.180343627929688 0.051544189453125
0.0155735015869141 -0.0111122131347656 -0.13323974609375 -0.109344482421875
-0.00186824798583984 -0.0132322311401367 0.055145263671875 -0.255157470703125
-0.00214576721191406 0.00901317596435547 0.327606201171875 -0.174407958984375
-0.00346565246582031 0.0286636352539063 0.3719482421875 0.2362060546875
0.000820159912109377 0.0226020812988281 0.043243408203125 0.49761962890625
-0.00499725341796875 0.0382575988769531 -0.189239501953125 0.30712890625
-0.0204029083251953 0.0279865264892578 0.0410537719726562 0.0149497985839844
0.000123977661132811 0.0318241119384766 0.216796875 -0.341278076171875
0.0191421508789063 0.0211219787597656 -0.11627197265625 -0.50933837890625
0.00769233703613281 0.0142316818237305 -0.41754150390625 -0.1292724609375
-0.00423574447631836 0.00640726089477539 -0.253067016601562 0.235504150390625
0.000268936157226563 -0.0100584030151367 -0.00665283203125 0.250579833984375
-0.000946998596191406 -0.0143642425537109 0.1578369140625 0.0961456298828125
0.00368785858154297 -0.00741243362426758 0.168701171875 -0.0638885498046875
0.0181026458740234 -0.0149421691894531 -0.181243896484375 0.0452880859375
0.0172004699707031 -0.00754547119140625 -0.121971130371094 -0.114532470703125
-0.00341081619262695 -0.00815773010253906 0.0836944580078125 -0.254547119140625
-0.0087127685546875 0.0103464126586914 0.35101318359375 -0.14862060546875
-0.0100822448730469 0.0217037200927734 0.352142333984375 0.275115966796875
0.00283622741699219 0.008148193359375 -0.00659179687499998 0.502227783203125
0.00609779357910156 0.0258541107177734 -0.203399658203125 0.28369140625
-0.00281143188476562 0.0195713043212891 0.0562324523925781 0.000465393066406251
0.0111885070800781 0.0173540115356445 0.196044921875 -0.364166259765625
0.0189437866210937 0.00758743286132812 -0.161346435546875 -0.494842529296875
0.00162792205810547 0.00989055633544922 -0.420989990234375 -0.0901794433593749
-0.00845909118652344 0.00875759124755859 -0.223556518554688 0.250885009765625
-0.0016789436340332 -0.00654983520507812 0.0187530517578125 0.247161865234375
0.000563621520996095 -0.00933837890625 0.165283203125 0.088653564453125
0.0072779655456543 -0.0031123161315918 0.165145874023438 -0.0699310302734375
0.02276611328125 -0.00977706909179688 -0.181716918945313 0.039581298828125
0.0180511474609375 9.5367431640625E-05 -0.113029479980469 -0.118331909179687
-0.00467729568481445 -0.00127363204956055 0.103866577148438 -0.253250122070313
-0.0157861709594727 0.00911140441894531 0.36572265625 -0.12823486328125
-0.0170459747314453 0.00915050506591797 0.3355712890625 0.29937744140625
0.00751018524169922 -0.0132770538330078 -0.040283203125 0.50238037109375
0.0249271392822266 0.006500244140625 -0.212814331054688 0.268539428710938
0.0234184265136719 0.00577926635742188 0.0638275146484375 -0.009185791015625
0.0230178833007813 -0.00532150268554688 0.1767578125 -0.376922607421875
0.0142507553100586 -0.0110149383544922 -0.1954345703125 -0.481597900390625
-0.0072331428527832 0.00368595123291016 -0.42498779296875 -0.061370849609375
-0.0122776031494141 0.011652946472168 -0.203765869140625 0.2596435546875
-0.00165724754333496 -0.000811338424682618 0.0370025634765625 0.246002197265625
0.00246500968933105 -0.00157833099365234 0.1707763671875 0.0840301513671875
0.0122509002685547 0.00259971618652344 0.163299560546875 -0.07354736328125
0.0266132354736328 -0.00510025024414063 -0.180618286132813 0.0374603271484375
0.0190010070800781 0.00841522216796875 -0.107856750488281 -0.117462158203125
-0.00554513931274414 0.00705099105834961 0.11163330078125 -0.251113891601563
-0.0226039886474609 0.0069580078125 0.3697509765625 -0.1224365234375
-0.0243129730224609 -0.00616073608398438 0.3284912109375 0.307861328125
0.0133705139160156 -0.0401115417480469 -0.054718017578125 0.500946044921875
0.0478324890136719 -0.016571044921875 -0.218475341796875 0.265274047851563
0.0540084838867188 -0.0106391906738281 0.0616340637207031 -0.0108222961425781
0.0353736877441406 -0.0325508117675781 0.165496826171875 -0.380828857421875
0.00715255737304687 -0.0326957702636719 -0.21014404296875 -0.47509765625
-0.0182437896728516 -0.00327491760253906 -0.425506591796875 -0.0523376464843751
-0.0156726837158203 0.0145797729492188 -0.19573974609375 0.261978149414063
-0.00112819671630859 0.00731134414672852 0.045928955078125 0.246368408203125
0.00493478775024414 0.00730800628662109 0.173995971679688 0.08380126953125
0.016118049621582 0.0074310302734375 0.163299560546875 -0.0739288330078125
0.0301170349121094 -0.00034332275390625 -0.179229736328125 0.0381927490234375
0.0198116302490234 0.0174407958984375 -0.108543395996094 -0.113128662109375
-0.00553321838378906 0.01507568359375 0.105453491210938 -0.2509765625
-0.0288162231445313 0.00567245483398437 0.3623046875 -0.131103515625
-0.0317955017089844 -0.0206031799316406 0.334625244140625 0.2943115234375
0.0158576965332031 -0.0677337646484375 -0.039794921875 0.50079345703125
0.0702247619628906 -0.0436973571777344 -0.219589233398438 0.274871826171875
0.0858306884765625 -0.02935791015625 0.0477180480957031 -0.00322723388671875
0.0487289428710938 -0.0607528686523438 0.163299560546875 -0.368865966796875
0.00075531005859375 -0.0571174621582031 -0.202392578125 -0.478363037109375
-0.0296745300292969 -0.0122947692871094 -0.427337646484375 -0.0635986328125
-0.0188617706298828 0.016937255859375 -0.2021484375 0.257797241210938
-5.72204589843595E-06 0.017608642578125 0.04315185546875 0.248809814453125
0.00770187377929687 0.0190677642822266 0.174789428710938 0.08782958984375
0.0211620330810547 0.0137710571289063 0.165542602539063 -0.0717010498046875
0.0339889526367187 0.00300407409667969 -0.175674438476563 0.0429534912109375
0.0209903717041016 0.0264892578125 -0.114219665527344 -0.105186462402344
-0.00396347045898438 0.0242118835449219 0.084136962890625 -0.250823974609375
-0.0326633453369141 0.00655364990234374 0.341827392578125 -0.15570068359375
-0.0410881042480469 -0.0304794311523437 0.353607177734375 0.256683349609375
0.01043701171875 -0.0933074951171875 0.00244140624999999 0.497467041015625
0.0858993530273438 -0.0732269287109375 -0.212646484375 0.30133056640625
0.1162109375 -0.0489044189453125 0.0212211608886719 0.0152206420898437
0.0661697387695313 -0.0878677368164063 0.16949462890625 -0.3453369140625
-0.00140380859375 -0.0827407836914062 -0.168487548828125 -0.4879150390625
-0.0402603149414063 -0.0251388549804688 -0.426605224609375 -0.099456787109375
-0.0244503021240234 0.0179576873779297 -0.229766845703125 0.242721557617188
0.000335693359375001 0.0241470336914062 0.0199737548828125 0.255523681640625
0.00921821594238281 0.0301361083984375 0.171844482421875 0.099456787109375
0.0251045227050781 0.0186347961425781 0.170425415039063 -0.0628509521484375
0.00890350341796875 -0.0252799987792969 -0.174835205078125 0.06640625
0.0116472244262695 -0.0106182098388672 -0.155029296875 -0.0919189453125
0.00162029266357422 -0.0160198211669922 -0.00421142578125001 -0.250640869140625
0.00534963607788086 0.00343847274780273 0.269180297851563 -0.224609375
0.00466728210449219 0.0275726318359375 0.4029541015625 0.147918701171875
-3.81469726562511E-05 0.0248394012451172 0.147613525390625 0.474945068359375
-0.006256103515625 0.0383071899414062 -0.151611328125 0.35797119140625
-0.0261497497558594 0.0271511077880859 -0.000919342041015628 0.0513153076171875
-0.0100307464599609 0.0336933135986328 0.24847412109375 -0.286102294921875
0.0137786865234375 0.0258502960205078 -0.012451171875 -0.529388427734375
0.0106325149536133 0.016754150390625 -0.394805908203125 -0.21807861328125
0.00293087959289551 0.00403881072998047 -0.30950927734375 0.19317626953125
0.00767040252685547 -0.0100631713867188 -0.06170654296875 0.25439453125
-0.00147151947021484 -0.0151166915893555 0.142532348632813 0.1119384765625
-0.00144863128662109 -0.0129642486572266 0.173553466796875 -0.0508270263671875
0.0104904174804688 -0.0234775543212891 -0.176849365234375 0.06170654296875
0.0134334564208984 -0.0128889083862305 -0.145843505859375 -0.0990142822265625
-0.00123500823974609 -0.016082763671875 0.0221099853515625 -0.253509521484375
0.00242090225219727 0.00666427612304687 0.296600341796875 -0.204193115234375
0.00224876403808594 0.0300636291503906 0.3922119140625 0.189697265625
0.000675201416015628 0.0278282165527344 0.100128173828125 0.488739013671875
-0.00817489624023438 0.0422630310058594 -0.169036865234375 0.3348388671875
-0.0283679962158203 0.0302314758300781 0.0195045471191406 0.0336761474609375
-0.0073394775390625 0.0368270874023438 0.234161376953125 -0.315277099609375
0.0174770355224609 0.0269947052001953 -0.065673828125 -0.521820068359375
0.0111455917358398 0.0169458389282227 -0.40625 -0.17181396484375
6.24656677246092E-05 0.00513029098510742 -0.28167724609375 0.21771240234375
0.00375080108642578 -0.0115127563476563 -0.0331878662109375 0.253509521484375
-0.00145816802978516 -0.0166873931884766 0.151077270507812 0.102676391601563
0.000402450561523437 -0.0112276077270508 0.169769287109375 -0.0594635009765625
0.0140666961669922 -0.0200119018554688 -0.179489135742188 0.054351806640625
0.0152645111083984 -0.0115642547607422 -0.134849548339844 -0.106964111328125
-0.00225067138671875 -0.0134773254394531 0.0516204833984375 -0.255966186523438
-0.0022430419921875 0.00899887084960938 0.32525634765625 -0.179443359375
-0.00269699096679687 0.0282268524169922 0.37579345703125 0.23126220703125
0.00102424621582031 0.0222759246826172 0.049774169921875 0.497650146484375
-0.00453567504882813 0.0377540588378906 -0.1856689453125 0.30999755859375
-0.0204944610595703 0.0286064147949219 0.0411415100097656 0.0145835876464844
0.000606536865234377 0.0316448211669922 0.212188720703125 -0.34417724609375
0.0199470520019531 0.0205268859863281 -0.122222900390625 -0.508575439453125
0.00811100006103516 0.0142946243286133 -0.420196533203125 -0.123870849609375
-0.00417995452880859 0.0065302848815918 -0.249740600585938 0.239166259765625
0.000755310058593751 -0.0103130340576172 -0.00302124023437502 0.2510986328125
-0.000823020935058595 -0.0143451690673828 0.159774780273437 0.093963623046875
0.00348901748657227 -0.00786447525024414 0.16729736328125 -0.0666656494140625
0.0179729461669922 -0.0159378051757813 -0.180526733398437 0.048309326171875
0.0171184539794922 -0.00788974761962891 -0.123565673828125 -0.112785339355469
-0.0037088394165039 -0.00792551040649414 0.0802764892578125 -0.25579833984375
-0.00882816314697266 0.0102024078369141 0.348968505859375 -0.154022216796875
-0.00934791564941406 0.0214138031005859 0.355987548828125 0.27032470703125
0.00334930419921875 0.008087158203125 -0.00134277343749997 0.5029296875
0.0062713623046875 0.0252723693847656 -0.19976806640625 0.28741455078125
-0.00256538391113281 0.0196189880371094 0.0560684204101562 -0.000179290771484374
0.01104736328125 0.0165853500366211 0.193145751953125 -0.367431640625
0.0188770294189453 0.00714683532714844 -0.168212890625 -0.4947509765625
0.00158500671386719 0.00951671600341797 -0.423187255859375 -0.08306884765625
-0.00830268859863281 0.00897789001464844 -0.220809936523438 0.254531860351563
-0.00138711929321289 -0.006439208984375 0.0221405029296875 0.247589111328125
0.000684738159179687 -0.0093832015991211 0.167160034179688 0.0858001708984375
0.00762414932250976 -0.00341272354125977 0.164230346679688 -0.072906494140625
0.0223522186279297 -0.0106754302978516 -0.18157958984375 0.0422821044921875
0.0182094573974609 -0.000873565673828125 -0.114265441894531 -0.116310119628906
-0.00489902496337891 -0.00121641159057617 0.100616455078125 -0.254913330078125
-0.0156288146972656 0.00902175903320312 0.364288330078125 -0.134674072265625
-0.0166187286376953 0.00923824310302735 0.33935546875 0.296295166015625
0.00743389129638672 -0.0138673782348633 -0.0347900390625 0.504730224609375
0.0245532989501953 0.00583839416503906 -0.209671020507812 0.272598266601563
0.0233364105224609 0.00586509704589844 0.0639076232910156 -0.00969314575195312
0.0227241516113281 -0.00575447082519531 0.172821044921875 -0.38104248046875
0.01416015625 -0.0113048553466797 -0.202484130859375 -0.479736328125
-0.00739049911499023 0.00378513336181641 -0.42620849609375 -0.05572509765625
-0.0119237899780273 0.0118064880371094 -0.200241088867187 0.26312255859375
-0.00145256519317627 -0.000853300094604492 0.040863037109375 0.245651245117188
0.00237035751342773 -0.00154376029968262 0.172637939453125 0.08074951171875
0.0121650695800781 0.00246238708496094 0.16302490234375 -0.07672119140625
0.0259666442871094 -0.00588417053222656 -0.180221557617188 0.0401458740234375
0.0196533203125 0.00752067565917969 -0.109329223632813 -0.115882873535156
-0.00567197799682617 0.00668239593505859 0.108856201171875 -0.252777099609375
-0.0227127075195312 0.00753021240234375 0.3690185546875 -0.127838134765625
-0.0241527557373047 -0.00567817687988281 0.33233642578125 0.30352783203125
0.0131301879882812 -0.0406494140625 -0.0484619140625 0.503814697265625
0.0476913452148438 -0.0175323486328125 -0.215499877929688 0.268463134765625
0.0532875061035156 -0.0112838745117188 0.0613937377929688 -0.0114326477050781
0.0347709655761719 -0.03314208984375 0.160430908203125 -0.3818359375
0.00707435607910157 -0.0328922271728516 -0.217620849609375 -0.4725341796875
-0.0184574127197266 -0.00313949584960938 -0.427490234375 -0.04736328125
-0.0151882171630859 0.0153942108154297 -0.191024780273438 0.264846801757812
-0.000657081604003907 0.00727462768554688 0.0495452880859375 0.24591064453125
0.00519084930419922 0.00705671310424805 0.175537109375 0.08135986328125
0.0163164138793945 0.00706958770751953 0.162704467773438 -0.076812744140625
0.0296077728271484 -0.00146484375 -0.179183959960938 0.0411224365234375
0.0202465057373047 0.0166130065917969 -0.109893798828125 -0.111640930175781
-0.00549602508544922 0.0152349472045898 0.102325439453125 -0.25238037109375
-0.0285110473632813 0.00639152526855468 0.36090087890625 -0.135711669921875
-0.0315895080566406 -0.0200099945068359 0.3382568359375 0.289642333984375
0.0151634216308594 -0.0681571960449219 -0.03375244140625 0.501953125
0.0697669982910156 -0.04498291015625 -0.215377807617188 0.279144287109375
0.0849685668945312 -0.0304412841796875 0.0476188659667969 -0.00347518920898438
0.0480079650878906 -0.0620231628417969 0.158905029296875 -0.372528076171875
0.000160217285156246 -0.0571746826171875 -0.20904541015625 -0.475128173828125
-0.0296096801757812 -0.0116329193115234 -0.428131103515625 -0.0572509765625001
-0.0184650421142578 0.0175590515136719 -0.198745727539063 0.260223388671875
0.000479698181152345 0.017460823059082 0.0462646484375 0.248321533203125
0.00847244262695313 0.0189723968505859 0.176666259765625 0.08453369140625
0.0214347839355469 0.0132217407226563 0.164901733398437 -0.0744171142578125
0.0336055755615234 0.00211143493652344 -0.175003051757813 0.0457916259765625
0.0213031768798828 0.0260467529296875 -0.115638732910156 -0.103462219238281
-0.00333595275878906 0.0243015289306641 0.0805816650390625 -0.251556396484375
-0.0327396392822266 0.00728225708007812 0.34112548828125 -0.161346435546875
-0.0416755676269531 -0.0296897888183594 0.35687255859375 0.25225830078125
0.00936889648437499 -0.0936508178710938 0.00823974609375002 0.4981689453125
0.0846939086914063 -0.0752410888671875 -0.209320068359375 0.3050537109375
0.1156005859375 -0.0498046875 0.0211181640625 0.0152339935302734
0.06494140625 -0.0890350341796875 0.16619873046875 -0.34716796875
-0.00262451171875 -0.0829925537109375 -0.17498779296875 -0.48626708984375
-0.0408515930175781 -0.0247726440429688 -0.42901611328125 -0.0931396484375
-0.0240440368652344 0.0180473327636719 -0.226470947265625 0.246551513671875
0.00144195556640625 0.0241870880126953 0.0240020751953125 0.256362915039063
0.00992584228515625 0.0303516387939453 0.173599243164063 0.096221923828125
0.0255641937255859 0.0186080932617188 0.170333862304688 -0.0656585693359375
0.00826644897460938 -0.0258922576904297 -0.17352294921875 0.06915283203125
0.0119028091430664 -0.0114145278930664 -0.15606689453125 -0.089263916015625
0.00115776062011719 -0.0159835815429688 -0.00784301757812498 -0.250030517578125
0.00529813766479492 0.00376272201538086 0.265853881835938 -0.228363037109375
0.00512504577636719 0.0269393920898437 0.404632568359375 0.14208984375
0.00036048889160156 0.0241966247558594 0.153656005859375 0.473114013671875
-0.00578689575195313 0.03759765625 -0.147430419921875 0.360992431640625
-0.0261325836181641 0.0275726318359375 -0.000740051269531251 0.0512771606445313
-0.00988197326660156 0.0338020324707031 0.2457275390625 -0.2889404296875
0.0145149230957031 0.0254993438720703 -0.0205078125 -0.528656005859375
0.0105781555175781 0.0163917541503906 -0.3975830078125 -0.213043212890625
0.00311017036437988 0.00374794006347656 -0.306976318359375 0.197601318359375
0.00781440734863281 -0.0108137130737305 -0.0577850341796875 0.255203247070313
-0.00214481353759766 -0.0151710510253906 0.144256591796875 0.109466552734375
-0.00172805786132813 -0.013056755065918 0.172775268554688 -0.053375244140625
0.00963020324707031 -0.0243129730224609 -0.175247192382813 0.0649566650390625
0.0137577056884766 -0.0138731002807617 -0.147079467773438 -0.096282958984375
-0.00127315521240234 -0.0155067443847656 0.018035888671875 -0.2528076171875
0.00243997573852539 0.0068359375 0.2935791015625 -0.208282470703125
0.00318145751953125 0.0298843383789062 0.394500732421875 0.183197021484375
0.00122261047363281 0.0274982452392578 0.10662841796875 0.487091064453125
-0.007293701171875 0.0421524047851563 -0.16448974609375 0.337371826171875
-0.0278606414794922 0.0311279296875 0.0200824737548828 0.033599853515625
-0.0067901611328125 0.036865234375 0.23016357421875 -0.318328857421875
0.0179920196533203 0.0266475677490234 -0.072662353515625 -0.520660400390625
0.0107202529907227 0.0167865753173828 -0.409576416015625 -0.166534423828125
8.96453857421874E-05 0.0047450065612793 -0.278167724609375 0.221511840820312
0.00363445281982422 -0.0115909576416016 -0.0293121337890625 0.253936767578125
-0.00153732299804688 -0.016505241394043 0.152801513671875 0.10015869140625
0.000135421752929687 -0.0113067626953125 0.168975830078125 -0.06243896484375
0.0133819580078125 -0.0211944580078125 -0.178558349609375 0.05731201171875
0.0157060623168945 -0.0127277374267578 -0.136306762695313 -0.104629516601562
-0.00253391265869141 -0.0127344131469727 0.0477142333984375 -0.25640869140625
-0.00262165069580078 0.00918292999267578 0.322235107421875 -0.18426513671875
-0.001922607421875 0.02862548828125 0.37884521484375 0.225433349609375
0.0018310546875 0.0216178894042969 0.056884765625 0.4981689453125
-0.00432586669921875 0.0371932983398438 -0.181427001953125 0.312347412109375
-0.0203208923339844 0.0285091400146484 0.0412979125976563 0.0141563415527344
0.000530242919921877 0.0315608978271484 0.20880126953125 -0.346466064453125
0.0206317901611328 0.0204753875732422 -0.1292724609375 -0.50628662109375
0.00849151611328125 0.0141048431396484 -0.420989990234375 -0.11822509765625
-0.00380849838256836 0.00627660751342773 -0.2464599609375 0.243148803710937
0.000473022460937501 -0.0102081298828125 0.000885009765624973 0.251449584960938
-0.000802993774414063 -0.0144290924072266 0.161041259765625 0.091339111328125
0.00339365005493164 -0.00808906555175781 0.16680908203125 -0.068878173828125
0.0169200897216797 -0.0167970657348633 -0.18011474609375 0.050872802734375
0.0171566009521484 -0.00871181488037109 -0.124908447265625 -0.110786437988281
-0.00370216369628906 -0.00739049911499023 0.075927734375 -0.25628662109375
-0.0085458755493164 0.0107192993164063 0.347503662109375 -0.1578369140625
-0.00874519348144532 0.0215492248535156 0.359039306640625 0.265899658203125
0.00361776351928711 0.00796031951904297 0.00546264648437499 0.5032958984375
0.00621604919433594 0.0249671936035156 -0.196075439453125 0.28985595703125
-0.00237274169921875 0.0196609497070313 0.0560340881347656 -0.000595092773437499
0.0112876892089844 0.016291618347168 0.18829345703125 -0.36932373046875
0.0192375183105469 0.00730133056640625 -0.1739501953125 -0.491851806640625
0.00208377838134765 0.00983333587646484 -0.42431640625 -0.0777893066406249
-0.00814723968505859 0.00918006896972656 -0.21649169921875 0.2572021484375
-0.00121450424194336 -0.00650787353515625 0.0261077880859375 0.247299194335938
0.000597000122070313 -0.00912380218505859 0.16845703125 0.083038330078125
0.00732660293579101 -0.00337886810302734 0.163421630859375 -0.0758209228515625
0.0216236114501953 -0.0117950439453125 -0.180648803710938 0.0452117919921875
0.0186595916748047 -0.00159645080566406 -0.116073608398438 -0.114173889160156
-0.00451993942260742 -0.000876426696777343 0.09637451171875 -0.255722045898438
-0.0158748626708984 0.00984382629394531 0.362060546875 -0.14013671875
-0.0163955688476563 0.00951576232910156 0.34368896484375 0.291412353515625
0.00777626037597656 -0.0143003463745117 -0.028472900390625 0.50506591796875
0.0247325897216797 0.0053253173828125 -0.205413818359375 0.275405883789063
0.0227851867675781 0.0052337646484375 0.0634422302246094 -0.0103950500488281
0.0224132537841797 -0.00626945495605469 0.166534423828125 -0.38153076171875
0.0139141082763672 -0.0115385055541992 -0.208587646484375 -0.477203369140625
-0.00734663009643555 0.00384283065795899 -0.4266357421875 -0.0502014160156249
-0.011688232421875 0.0119552612304687 -0.1959228515625 0.265792846679688
-0.00137293338775635 -0.000582098960876465 0.044769287109375 0.244827270507812
0.00284028053283691 -0.00162339210510254 0.173980712890625 0.0780792236328125
0.0123682022094727 0.00214481353759766 0.161727905273438 -0.078857421875
0.0260047912597656 -0.00695991516113281 -0.180252075195313 0.0436248779296875
0.0198574066162109 0.00661468505859375 -0.110671997070313 -0.114067077636719
-0.00583791732788086 0.00688266754150391 0.105026245117188 -0.25347900390625
-0.02276611328125 0.00768280029296876 0.367218017578125 -0.132415771484375
-0.024078369140625 -0.00521469116210937 0.33599853515625 0.299468994140625
0.0126113891601562 -0.0407142639160156 -0.041290283203125 0.505340576171875
0.04730224609375 -0.0184249877929688 -0.211563110351562 0.271652221679688
0.0527687072753906 -0.0117874145507813 0.0612640380859375 -0.0115585327148438
0.0340652465820313 -0.0338230133056641 0.15576171875 -0.384521484375
0.00640296936035157 -0.0332050323486328 -0.223052978515625 -0.469635009765625
-0.0183277130126953 -0.00306892395019531 -0.42681884765625 -0.0408630371093751
-0.0147476196289062 0.0150909423828125 -0.188186645507812 0.267745971679688
8.77380371093744E-05 0.00666284561157227 0.0535125732421875 0.244644165039063
0.00543355941772461 0.00706386566162109 0.17706298828125 0.078094482421875
0.016331672668457 0.00692462921142578 0.161270141601563 -0.079803466796875
0.0296154022216797 -0.00272941589355469 -0.177749633789062 0.0441741943359375
0.0210781097412109 0.0160770416259766 -0.111320495605469 -0.109779357910156
-0.00510692596435547 0.0155668258666992 0.09930419921875 -0.25372314453125
-0.0287818908691406 0.00658798217773438 0.3592529296875 -0.142608642578125
-0.0318794250488281 -0.0196571350097656 0.342742919921875 0.286163330078125
0.0143051147460938 -0.0691947937011719 -0.0277099609375 0.502471923828125
0.0686759948730469 -0.04608154296875 -0.21234130859375 0.281951904296875
0.0847320556640625 -0.0314483642578125 0.0476455688476563 -0.00348281860351563
0.0470390319824219 -0.0627937316894531 0.153900146484375 -0.37445068359375
-0.00058364868164063 -0.0572700500488281 -0.2147216796875 -0.47216796875
-0.0297374725341797 -0.0112934112548828 -0.42999267578125 -0.0523681640625001
-0.0183525085449219 0.0177783966064453 -0.195663452148437 0.2633056640625
0.00129413604736328 0.0168867111206055 0.0499725341796875 0.248184204101563
0.00876617431640625 0.0191860198974609 0.177688598632813 0.0820770263671875
0.0216236114501953 0.0129795074462891 0.163803100585938 -0.0767669677734375
0.0334110260009766 0.000989913940429687 -0.17388916015625 0.049041748046875
0.0217361450195313 0.0250911712646484 -0.117179870605469 -0.101402282714844
-0.00265884399414062 0.024444580078125 0.0766754150390625 -0.252716064453125
-0.0333156585693359 0.0077667236328125 0.3389892578125 -0.165618896484375
-0.0415191650390625 -0.0295066833496094 0.361083984375 0.24835205078125
0.00812530517578125 -0.0939407348632812 0.014373779296875 0.497833251953125
0.0837783813476563 -0.0759429931640625 -0.204925537109375 0.307708740234375
0.114982604980469 -0.0513763427734375 0.0217533111572266 0.0151767730712891
0.0635604858398437 -0.0896453857421875 0.161376953125 -0.350555419921875
-0.00377655029296874 -0.0829620361328125 -0.18084716796875 -0.48406982421875
-0.0409393310546875 -0.0242271423339844 -0.430450439453125 -0.0881652832031249
-0.0239791870117187 0.0186138153076172 -0.222991943359375 0.249435424804687
0.00230216979980469 0.0237445831298828 0.0276947021484375 0.255905151367188
0.0105743408203125 0.0304164886474609 0.175216674804688 0.0933837890625
0.0260334014892578 0.0176734924316406 0.169189453125 -0.0680084228515625
0.00753402709960937 -0.0265350341796875 -0.1717529296875 0.0717926025390625
0.0115394592285156 -0.0126428604125977 -0.156585693359375 -0.0860748291015625
0.000997543334960939 -0.0153112411499023 -0.011444091796875 -0.248199462890625
0.00526762008666992 0.00406694412231445 0.261627197265625 -0.231613159179688
0.00536346435546875 0.0267219543457031 0.40655517578125 0.13653564453125
0.00105667114257812 0.0241336822509766 0.15966796875 0.470672607421875
-0.00521087646484375 0.0371780395507813 -0.14276123046875 0.36187744140625
-0.0259494781494141 0.0275611877441406 -0.000137329101562503 0.0512542724609375
-0.00941658020019531 0.0337600708007812 0.24041748046875 -0.292694091796875
0.0150146484375 0.0253238677978516 -0.0264892578125 -0.52655029296875
0.0111112594604492 0.0163421630859375 -0.3995361328125 -0.20782470703125
0.00318408012390137 0.00357413291931152 -0.303253173828125 0.201263427734375
0.00754928588867187 -0.0107927322387695 -0.0540924072265625 0.256210327148438
-0.00184345245361328 -0.0153379440307617 0.14544677734375 0.106857299804688
-0.00212383270263672 -0.0130882263183594 0.17218017578125 -0.0561065673828125
0.00892066955566406 -0.0253047943115234 -0.1737060546875 0.067108154296875
0.0133590698242188 -0.0143842697143555 -0.148086547851563 -0.0936737060546875
-0.00143241882324219 -0.0155115127563477 0.014556884765625 -0.252639770507813
0.00228500366210938 0.00708818435668945 0.289886474609375 -0.211639404296875
0.00356292724609375 0.0296497344970703 0.39544677734375 0.1773681640625
0.00209426879882813 0.0270919799804688 0.112884521484375 0.485443115234375
-0.007354736328125 0.0417137145996094 -0.159423828125 0.3388671875
-0.027801513671875 0.0312175750732422 0.0200138092041016 0.0334129333496094
-0.0063323974609375 0.0371055603027344 0.22601318359375 -0.319427490234375
0.0185127258300781 0.0265617370605469 -0.078643798828125 -0.5179443359375
0.0116539001464844 0.0163002014160156 -0.41131591796875 -0.16259765625
0.000319480895996093 0.00529766082763672 -0.274337768554688 0.225128173828125
0.00393009185791016 -0.0116510391235352 -0.025970458984375 0.25396728515625
-0.00181198120117187 -0.0166387557983398 0.153778076171875 0.096923828125
-7.6293945312501E-05 -0.0112504959106445 0.167709350585937 -0.0643768310546875
0.0130157470703125 -0.02178955078125 -0.177139282226563 0.060516357421875
0.0151529312133789 -0.0133962631225586 -0.137367248535156 -0.102264404296875
-0.00282669067382812 -0.0126991271972656 0.04364013671875 -0.255935668945313
-0.00253105163574219 0.00949668884277344 0.318939208984375 -0.18792724609375
-0.00153160095214844 0.0284843444824219 0.38177490234375 0.22088623046875
0.00221824645996094 0.0213394165039063 0.06256103515625 0.49615478515625
-0.00363922119140625 0.0368843078613281 -0.17578125 0.313995361328125
-0.0203800201416016 0.0283870697021484 0.04095458984375 0.0140495300292969
0.00085639953613281 0.0313205718994141 0.203460693359375 -0.348968505859375
0.0209217071533203 0.0200824737548828 -0.13568115234375 -0.503997802734375
0.00886249542236328 0.0138654708862305 -0.42181396484375 -0.11236572265625
-0.00349140167236328 0.00681734085083008 -0.242462158203125 0.245956420898438
0.000634193420410157 -0.010523796081543 0.00421142578125001 0.250961303710938
-0.00112628936767578 -0.0143918991088867 0.162612915039063 0.08831787109375
0.00342655181884766 -0.00778102874755859 0.165557861328125 -0.0716552734375
0.0166530609130859 -0.0179100036621094 -0.178009033203125 0.0539398193359375
0.0168790817260742 -0.00933933258056641 -0.125877380371094 -0.108482360839844
-0.00409412384033203 -0.00735616683959961 0.072418212890625 -0.256072998046875
-0.00855159759521485 0.0106744766235352 0.343780517578125 -0.16253662109375
-0.00816535949707031 0.0217952728271484 0.361846923828125 0.260589599609375
0.00387096405029297 0.00765609741210938 0.013214111328125 0.504058837890625
0.00635910034179687 0.0243682861328125 -0.191925048828125 0.29180908203125
-0.00240325927734375 0.0193939208984375 0.0557060241699219 -0.0013885498046875
0.0112237930297852 0.0161943435668945 0.182037353515625 -0.3720703125
0.0193996429443359 0.00681114196777344 -0.180816650390625 -0.488037109375
0.00225925445556641 0.00935554504394531 -0.425262451171875 -0.0734558105468749
-0.00814151763916016 0.00915336608886719 -0.21282958984375 0.259246826171875
-0.0014338493347168 -0.0065159797668457 0.029449462890625 0.245681762695313
0.000669479370117187 -0.0094442367553711 0.168914794921875 0.0804290771484375
0.00718879699707031 -0.0038142204284668 0.161911010742188 -0.0777587890625
0.0212688446044922 -0.0126552581787109 -0.17926025390625 0.0482635498046875
0.0179576873779297 -0.00237464904785156 -0.116783142089844 -0.111968994140625
-0.00455856323242188 -0.000648975372314452 0.092437744140625 -0.256515502929688
-0.0158443450927734 0.00971508026123047 0.358367919921875 -0.144775390625
-0.0162277221679688 0.00936222076416016 0.347442626953125 0.2869873046875
0.00793647766113281 -0.0143899917602539 -0.021270751953125 0.50494384765625
0.0246334075927734 0.00486946105957031 -0.201583862304688 0.277114868164062
0.0225563049316406 0.00525093078613281 0.0633049011230469 -0.010498046875
0.0224075317382812 -0.00660514831542969 0.16162109375 -0.38372802734375
0.0140314102172852 -0.0117044448852539 -0.2144775390625 -0.4727783203125
-0.00686168670654297 0.00406026840209961 -0.426727294921875 -0.045654296875
-0.0118951797485352 0.0120115280151367 -0.192459106445313 0.267684936523438
-0.00132942199707031 -0.000871181488037109 0.0484161376953125 0.243621826171875
0.00307679176330566 -0.00175976753234863 0.174606323242188 0.0753631591796875
0.0125446319580078 0.00189113616943359 0.160415649414063 -0.081085205078125
0.0251941680908203 -0.00811958312988281 -0.178054809570312 0.0461578369140625
0.0201244354248047 0.00568771362304688 -0.111488342285156 -0.111663818359375
-0.00521278381347656 0.00712394714355469 0.101364135742188 -0.254196166992188
-0.0227279663085937 0.00804710388183594 0.36370849609375 -0.137054443359375
-0.0234889984130859 -0.00594329833984375 0.3397216796875 0.293365478515625
0.0123062133789063 -0.0411338806152344 -0.03546142578125 0.50482177734375
0.0468330383300781 -0.0196342468261719 -0.2076416015625 0.273513793945313
0.0523796081542969 -0.012451171875 0.0611457824707031 -0.0120162963867188
0.0333957672119141 -0.0340785980224609 0.15045166015625 -0.385040283203125
0.00608062744140625 -0.0332832336425781 -0.227294921875 -0.4654541015625
-0.0179405212402344 -0.00246810913085938 -0.42626953125 -0.0350036621093751
-0.0148887634277344 0.0153074264526367 -0.183761596679687 0.2694091796875
-0.000239372253417969 0.00686264038085938 0.0567779541015625 0.243408203125
0.00535154342651367 0.00714921951293945 0.177749633789063 0.0748748779296875
0.0162315368652344 0.00665664672851563 0.160064697265625 -0.0810089111328125
0.02880859375 -0.00397682189941406 -0.1763916015625 0.0470428466796875
0.0208187103271484 0.0148963928222656 -0.111900329589844 -0.107421875
-0.00465202331542969 0.0156497955322266 0.095306396484375 -0.25445556640625
-0.0290126800537109 0.00720405578613281 0.3572998046875 -0.145172119140625
-0.0316448211669922 -0.0193347930908203 0.34588623046875 0.280548095703125
0.0132637023925781 -0.0691299438476563 -0.02154541015625 0.502899169921875
0.0677261352539062 -0.0468902587890625 -0.20819091796875 0.283966064453125
0.0836410522460937 -0.0323333740234375 0.0473899841308594 -0.00375747680664063
0.045654296875 -0.0630569458007813 0.149017333984375 -0.375885009765625
-0.00130462646484375 -0.0572319030761719 -0.2213134765625 -0.468353271484375
-0.0295886993408203 -0.0108489990234375 -0.42962646484375 -0.0474853515624999
-0.0181179046630859 0.0182895660400391 -0.191162109375 0.26531982421875
0.00155735015869141 0.0170917510986328 0.0539093017578125 0.246673583984375
0.00918769836425781 0.0187702178955078 0.178573608398437 0.0785675048828125
0.0217323303222656 0.0124130249023438 0.162551879882813 -0.0790863037109375
0.0328483581542969 -0.000522613525390625 -0.172836303710938 0.0516357421875
0.0223789215087891 0.0242652893066406 -0.118026733398438 -0.0987701416015625
-0.00276374816894531 0.0245189666748047 0.07318115234375 -0.253265380859375
-0.0328865051269531 0.00849151611328125 0.335968017578125 -0.170318603515625
-0.0412979125976563 -0.0292892456054687 0.363494873046875 0.241912841796875
0.00686645507812499 -0.0939254760742188 0.02099609375 0.49822998046875
0.0820236206054687 -0.07708740234375 -0.19976806640625 0.309051513671875
0.113746643066406 -0.05230712890625 0.0214576721191406 0.0155220031738281
0.0617599487304688 -0.09051513671875 0.1556396484375 -0.3509521484375
-0.00481414794921876 -0.0831146240234375 -0.187103271484375 -0.48095703125
-0.0408973693847656 -0.024017333984375 -0.4295654296875 -0.081695556640625
-0.0235919952392578 0.0188789367675781 -0.21893310546875 0.25177001953125
0.00233840942382813 0.0234260559082031 0.0312347412109375 0.254806518554687
0.0112514495849609 0.0298900604248047 0.175933837890625 0.09027099609375
0.0260124206542969 0.0170688629150391 0.168472290039063 -0.0713043212890625
0.00669670104980469 -0.0272560119628906 -0.169830322265625 0.07421875
0.0115365982055664 -0.0130882263183594 -0.1568603515625 -0.08355712890625
0.00093841552734375 -0.0154409408569336 -0.0150909423828125 -0.246841430664063
0.00509786605834961 0.0040440559387207 0.2576904296875 -0.23406982421875
0.00596237182617187 0.0266189575195313 0.4066162109375 0.130462646484375
0.00140190124511719 0.0238533020019531 0.165008544921875 0.468170166015625
-0.00524520874023438 0.0367660522460938 -0.136993408203125 0.361968994140625
-0.0260295867919922 0.0277671813964844 0.000453948974609376 0.0514106750488281
-0.00898170471191406 0.0337982177734375 0.234710693359375 -0.293609619140625
0.0153923034667969 0.0247287750244141 -0.034149169921875 -0.52532958984375
0.01141357421875 0.0162525177001953 -0.4002685546875 -0.202178955078125
0.00338959693908691 0.00363516807556152 -0.299468994140625 0.20440673828125
0.00765514373779297 -0.0113096237182617 -0.0504913330078125 0.255859375
-0.00234603881835938 -0.0156288146972656 0.14599609375 0.10357666015625
-0.00217819213867188 -0.0129852294921875 0.170486450195313 -0.058349609375
0.00823593139648438 -0.0256900787353516 -0.172027587890625 0.0700225830078125
0.0134792327880859 -0.0152530670166016 -0.148635864257813 -0.0911102294921875
-0.00188732147216797 -0.0153532028198242 0.011199951171875 -0.251174926757813
0.00250720977783203 0.00697946548461914 0.28607177734375 -0.215057373046875
0.00418853759765625 0.0291843414306641 0.396270751953125 0.17279052734375
0.00241851806640625 0.0266399383544922 0.1182861328125 0.4835205078125
-0.00699615478515625 0.0412673950195313 -0.15411376953125 0.340240478515625
-0.0275306701660156 0.0315036773681641 0.020416259765625 0.0331020355224609
-0.00642776489257813 0.0364952087402344 0.2210693359375 -0.320770263671875
0.0189838409423828 0.0260257720947266 -0.0855712890625 -0.515594482421875
0.0114994049072266 0.0164737701416016 -0.412353515625 -0.154876708984375
0.000524044036865234 0.00518655776977539 -0.270950317382813 0.227081298828125
0.00352954864501953 -0.0120658874511719 -0.0224761962890625 0.253219604492188
-0.00206947326660156 -0.0164356231689453 0.154815673828125 0.094329833984375
-0.000291824340820313 -0.0112781524658203 0.166412353515625 -0.06683349609375
0.0117092132568359 -0.0226554870605469 -0.175262451171875 0.062957763671875
0.0150003433227539 -0.0141420364379883 -0.137992858886719 -0.099639892578125
-0.00303554534912109 -0.0122709274291992 0.040191650390625 -0.255538940429688
-0.00243473052978516 0.0099639892578125 0.3153076171875 -0.191131591796875
-0.00102615356445312 0.0280590057373047 0.383148193359375 0.215545654296875
0.00304985046386719 0.0211372375488281 0.0675659179687499 0.49334716796875
-0.00346755981445313 0.0365066528320313 -0.171478271484375 0.31591796875
-0.0201873779296875 0.0284004211425781 0.0408401489257813 0.0137100219726563
0.001220703125 0.0307350158691406 0.19866943359375 -0.349517822265625
0.0211944580078125 0.0194549560546875 -0.140228271484375 -0.50067138671875
0.00897789001464844 0.0138607025146484 -0.421539306640625 -0.107513427734375
-0.00345087051391602 0.00715160369873047 -0.238037109375 0.24786376953125
0.000605583190917969 -0.0107412338256836 0.00794982910156248 0.24951171875
-0.00126361846923828 -0.0143089294433594 0.162811279296875 0.085235595703125
0.00336551666259766 -0.00803232192993164 0.1640625 -0.073486328125
0.0156173706054688 -0.0184516906738281 -0.176483154296875 0.056793212890625
0.0169916152954102 -0.00990104675292969 -0.126434326171875 -0.1058349609375
-0.00436830520629883 -0.00731754302978516 0.0684356689453125 -0.255935668945313
-0.00820732116699219 0.0111465454101563 0.340911865234375 -0.166778564453125
-0.00757789611816406 0.0212135314941406 0.3634033203125 0.25384521484375
0.00417423248291016 0.00707483291625977 0.01727294921875 0.501556396484375
0.00660514831542969 0.0237483978271484 -0.18780517578125 0.2938232421875
-0.00254058837890625 0.0196380615234375 0.0553703308105469 -0.0013580322265625
0.0112934112548828 0.0154190063476563 0.176605224609375 -0.37249755859375
0.0191860198974609 0.00600051879882813 -0.1851806640625 -0.483551025390625
0.00229930877685547 0.00939750671386719 -0.424041748046875 -0.0666198730468749
-0.00784683227539063 0.00940036773681641 -0.2086181640625 0.261581420898438
-0.00144529342651367 -0.00676727294921875 0.03314208984375 0.244781494140625
0.000579833984374999 -0.00976753234863281 0.169708251953125 0.0767974853515625
0.00723743438720703 -0.00391674041748047 0.16033935546875 -0.08013916015625
0.0205535888671875 -0.0137081146240234 -0.177581787109375 0.0509185791015625
0.0185470581054688 -0.00289535522460938 -0.117401123046875 -0.109870910644531
-0.00515365600585938 -0.000514984130859376 0.088623046875 -0.256256103515625
-0.0157737731933594 0.0100002288818359 0.355072021484375 -0.149200439453125
-0.0155153274536133 0.0093679428100586 0.348419189453125 0.28106689453125
0.00775527954101562 -0.0148687362670898 -0.015380859375 0.504364013671875
0.0242271423339844 0.00390243530273438 -0.197616577148437 0.278976440429688
0.0224590301513672 0.0047149658203125 0.0625495910644531 -0.0113143920898438
0.0217704772949219 -0.00701141357421875 0.156829833984375 -0.384185791015625
0.0138092041015625 -0.0122318267822266 -0.220367431640625 -0.468597412109375
-0.00693988800048828 0.00384235382080078 -0.42486572265625 -0.0395812988281251
-0.0112504959106445 0.0124092102050781 -0.187362670898438 0.26934814453125
-0.000901460647583008 -0.00118911266326904 0.0521087646484375 0.242965698242188
0.00307869911193848 -0.00134181976318359 0.175582885742188 0.072113037109375
0.0124177932739258 0.00137996673583984 0.158767700195313 -0.08282470703125
0.0242691040039062 -0.00868606567382813 -0.176101684570313 0.0485992431640625
0.0194931030273437 0.0052642822265625 -0.112556457519531 -0.109245300292969
-0.00520181655883789 0.0073542594909668 0.0973663330078125 -0.254364013671875
-0.0223140716552734 0.00854301452636719 0.360260009765625 -0.14190673828125
-0.0232753753662109 -0.00519561767578125 0.34234619140625 0.28814697265625
0.0117645263671875 -0.0411262512207031 -0.02984619140625 0.5030517578125
0.0460891723632813 -0.020233154296875 -0.203201293945312 0.27569580078125
0.0519371032714844 -0.0128669738769531 0.0606155395507813 -0.0123863220214844
0.0325603485107422 -0.0345630645751953 0.145843505859375 -0.385833740234375
0.00522422790527344 -0.0331802368164063 -0.232666015625 -0.460693359375
-0.0178279876708984 -0.00223350524902344 -0.425811767578125 -0.0306091308593749
-0.0143089294433594 0.0155181884765625 -0.1793212890625 0.271011352539063
0.000499725341796875 0.00662851333618164 0.0602874755859375 0.242095947265625
0.0058751106262207 0.00670051574707031 0.178359985351563 0.07171630859375
0.0162887573242188 0.00583648681640625 0.158782958984375 -0.0835723876953125
0.0280990600585938 -0.00522232055664062 -0.175018310546875 0.0494842529296875
0.0209407806396484 0.0141544342041016 -0.112579345703125 -0.105430603027344
-0.00468730926513672 0.0158424377441406 0.091094970703125 -0.254608154296875
-0.0286350250244141 0.00765419006347656 0.3526611328125 -0.15020751953125
-0.0319423675537109 -0.0191879272460938 0.34844970703125 0.274932861328125
0.0127639770507813 -0.0691795349121094 -0.015411376953125 0.5023193359375
0.0663604736328125 -0.0478248596191406 -0.203033447265625 0.285675048828125
0.0826034545898438 -0.0330352783203125 0.0471420288085938 -0.003997802734375
0.0444831848144531 -0.0640373229980469 0.142913818359375 -0.374908447265625
-0.00219726562499999 -0.0569686889648438 -0.225494384765625 -0.463897705078125
-0.0298137664794922 -0.0107536315917969 -0.4287109375 -0.0408020019531249
-0.0176868438720703 0.0180587768554687 -0.186965942382812 0.266372680664063
0.00207233428955078 0.0172872543334961 0.057525634765625 0.244766235351563
0.00966072082519531 0.0185165405273438 0.179412841796875 0.075469970703125
0.0218944549560547 0.011932373046875 0.160629272460937 -0.081329345703125
0.0316905975341797 -0.0011444091796875 -0.1710205078125 0.0542755126953125
0.0225906372070313 0.0233345031738281 -0.118301391601563 -0.0969009399414063
-0.00229644775390625 0.0248908996582031 0.06976318359375 -0.252655029296875
-0.0325393676757813 0.00878715515136718 0.3311767578125 -0.173980712890625
-0.0416488647460938 -0.0286598205566406 0.365020751953125 0.2374267578125
0.00585174560546874 -0.0944747924804688 0.027191162109375 0.495147705078125
0.0802688598632813 -0.0777511596679688 -0.19500732421875 0.310211181640625
0.112083435058594 -0.0536422729492188 0.0217914581298828 0.0150337219238281
0.0604019165039063 -0.090728759765625 0.150299072265625 -0.35076904296875
-0.00587463378906249 -0.0823745727539063 -0.193115234375 -0.47686767578125
-0.0410194396972656 -0.0233612060546875 -0.430206298828125 -0.0775451660156249
-0.0232505798339844 0.0192279815673828 -0.215057373046875 0.25323486328125
0.00281143188476563 0.0229434967041016 0.035003662109375 0.253158569335938
0.011871337890625 0.0295009613037109 0.176788330078125 0.08697509765625
0.0264816284179688 0.0166950225830078 0.166717529296875 -0.0731964111328125
0.00581741333007812 -0.0278339385986328 -0.167633056640625 0.0761871337890625
0.0114727020263672 -0.0134201049804688 -0.157180786132813 -0.080810546875
0.00064373016357422 -0.0149679183959961 -0.018096923828125 -0.245559692382813
0.0049433708190918 0.00456333160400391 0.253677368164063 -0.236251831054688
0.00679588317871094 0.0263404846191406 0.4058837890625 0.12603759765625
0.00211906433105469 0.0237064361572266 0.1700439453125 0.46429443359375
-0.00466156005859375 0.036590576171875 -0.132080078125 0.361785888671875
-0.0254974365234375 0.02813720703125 0.000823974609375 0.0510177612304688
-0.00868797302246094 0.0334796905517578 0.2313232421875 -0.295135498046875
0.0156669616699219 0.0245532989501953 -0.038818359375 -0.523284912109375
0.0116243362426758 0.0154514312744141 -0.400665283203125 -0.196441650390625
0.00345635414123535 0.00342273712158203 -0.29541015625 0.20703125
0.00810337066650391 -0.0114641189575195 -0.0467071533203125 0.255050659179688
-0.00245380401611328 -0.01495361328125 0.146270751953125 0.101165771484375
-0.00204086303710937 -0.0128812789916992 0.169021606445313 -0.0604095458984375
0.00734329223632813 -0.0264854431152344 -0.169525146484375 0.0723114013671875
0.0131893157958984 -0.0159320831298828 -0.148635864257813 -0.088409423828125
-0.00212287902832031 -0.0147829055786133 0.00775146484375003 -0.249847412109375
0.00253009796142578 0.00708532333374023 0.28228759765625 -0.217529296875
0.00476837158203125 0.0286827087402344 0.3968505859375 0.16705322265625
0.00317001342773438 0.0261001586914063 0.122314453125 0.479217529296875
-0.00641250610351563 0.0404129028320313 -0.150421142578125 0.340728759765625
-0.0276603698730469 0.0319881439208984 0.0201587677001953 0.0330410003662109
-0.00588607788085937 0.0363502502441406 0.21551513671875 -0.322845458984375
0.0189895629882812 0.0256938934326172 -0.089813232421875 -0.512786865234375
0.0122270584106445 0.016200065612793 -0.4129638671875 -0.1502685546875
0.000747203826904297 0.00469636917114258 -0.265838623046875 0.229202270507813
0.00343036651611328 -0.0121660232543945 -0.018646240234375 0.252044677734375
-0.00221729278564453 -0.0165014266967773 0.155364990234375 0.091552734375
-0.000180244445800781 -0.0113239288330078 0.1651611328125 -0.0689239501953125
0.0114212036132813 -0.0234661102294922 -0.17340087890625 0.0651092529296875
0.0142917633056641 -0.014430046081543 -0.138214111328125 -0.0969696044921875
-0.00300979614257813 -0.0120334625244141 0.0375213623046875 -0.253982543945313
-0.00211048126220703 0.00966453552246094 0.3116455078125 -0.19464111328125
-0.000238418579101563 0.0280609130859375 0.3826904296875 0.208953857421875
0.00323677062988281 0.0211830139160156 0.07281494140625 0.490997314453125
-0.003570556640625 0.0360870361328125 -0.167755126953125 0.31634521484375
-0.0198822021484375 0.0291557312011719 0.0409660339355469 0.0135536193847656
0.00177764892578125 0.0304832458496094 0.1939697265625 -0.350616455078125
0.0213451385498047 0.0192584991455078 -0.14447021484375 -0.4970703125
0.00926399230957031 0.0136165618896484 -0.4195556640625 -0.102294921875
-0.00349044799804688 0.0068364143371582 -0.233901977539062 0.24920654296875
0.000239372253417968 -0.0108556747436523 0.0110931396484375 0.24822998046875
-0.00123786926269531 -0.0141391754150391 0.163421630859375 0.082305908203125
0.00353288650512695 -0.00839996337890625 0.16241455078125 -0.076141357421875
0.014923095703125 -0.0190505981445313 -0.174484252929688 0.0589752197265625
0.01666259765625 -0.0105867385864258 -0.126899719238281 -0.103179931640625
-0.00433254241943359 -0.00708961486816406 0.064788818359375 -0.255386352539063
-0.00833415985107422 0.0110626220703125 0.33734130859375 -0.17022705078125
-0.00724029541015625 0.0208740234375 0.36492919921875 0.25067138671875
0.00460910797119141 0.00672149658203125 0.0234375 0.499267578125
0.00684738159179688 0.0233688354492188 -0.182861328125 0.294525146484375
-0.00271797180175781 0.0196437835693359 0.0554046630859375 -0.00152969360351562
0.0112991333007813 0.0155677795410156 0.171722412109375 -0.37066650390625
0.0195121765136719 0.00593185424804688 -0.190185546875 -0.47991943359375
0.00279712677001953 0.0091705322265625 -0.4229736328125 -0.0624389648437499
-0.00728893280029297 0.00935077667236328 -0.203887939453125 0.262069702148438
-0.0013427734375 -0.00689554214477539 0.0365447998046875 0.243179321289063
0.000299453735351563 -0.00954627990722656 0.169921875 0.073822021484375
0.00749683380126953 -0.00416469573974609 0.158248901367188 -0.082000732421875
0.0194950103759766 -0.0144863128662109 -0.175247192382813 0.05352783203125
0.0179824829101563 -0.00359725952148438 -0.117919921875 -0.107284545898438
-0.00499486923217774 -0.000434875488281251 0.0851287841796875 -0.25537109375
-0.0157432556152344 0.0104169845581055 0.3511962890625 -0.15234375
-0.0150489807128906 0.00972080230712891 0.35101318359375 0.275421142578125
0.00749301910400391 -0.0149326324462891 -0.00994873046874997 0.501495361328125
0.0241165161132812 0.00370979309082031 -0.192916870117188 0.280105590820313
0.0221004486083984 0.00461006164550781 0.0625152587890625 -0.0111656188964844
0.0219230651855469 -0.00747108459472656 0.151611328125 -0.38348388671875
0.0138006210327148 -0.0125875473022461 -0.223297119140625 -0.463653564453125
-0.00676918029785156 0.0039210319519043 -0.42364501953125 -0.0343017578125
-0.0109701156616211 0.0123586654663086 -0.183029174804688 0.270126342773438
-0.000647902488708496 -0.00110542774200439 0.054595947265625 0.240646362304688
0.0031428337097168 -0.00188779830932617 0.175323486328125 0.069000244140625
0.0124044418334961 0.000982284545898437 0.1568603515625 -0.0850067138671875
0.0233383178710938 -0.00968551635742188 -0.174362182617188 0.05120849609375
0.0198020935058594 0.00443649291992187 -0.112899780273437 -0.107231140136719
-0.00528669357299805 0.00733327865600586 0.093994140625 -0.254409790039063
-0.0224628448486328 0.00896263122558594 0.357666015625 -0.144256591796875
-0.0229034423828125 -0.00501251220703125 0.3446044921875 0.283355712890625
0.0111465454101563 -0.0414237976074219 -0.023162841796875 0.503570556640625
0.0452651977539063 -0.0206642150878906 -0.198928833007813 0.276901245117187
0.0513229370117187 -0.0130424499511719 0.059722900390625 -0.0125274658203125
0.031707763671875 -0.0346260070800781 0.139678955078125 -0.3856201171875
0.00536155700683594 -0.0333347320556641 -0.23699951171875 -0.45758056640625
-0.0179538726806641 -0.0022735595703125 -0.42333984375 -0.02471923828125
-0.0141372680664062 0.0155086517333984 -0.174636840820313 0.27130126953125
0.000743389129638672 0.0064239501953125 0.0626068115234375 0.240081787109375
0.00631046295166016 0.00674152374267578 0.178207397460938 0.069061279296875
0.0164051055908203 0.00562667846679688 0.156646728515625 -0.0850830078125
0.0271339416503906 -0.00581169128417969 -0.173263549804688 0.0519561767578125
0.0208816528320313 0.014007568359375 -0.113418579101562 -0.103004455566406
-0.00469493865966797 0.0159339904785156 0.088287353515625 -0.25439453125
-0.0282173156738281 0.00810813903808594 0.349822998046875 -0.154541015625
-0.0313148498535156 -0.0189704895019531 0.34893798828125 0.269195556640625
0.0117759704589844 -0.0693702697753906 -0.00927734375000003 0.499267578125
0.0653724670410156 -0.0480842590332031 -0.1986083984375 0.286712646484375
0.0817413330078125 -0.0338592529296875 0.0470046997070313 -0.0041961669921875
0.04364013671875 -0.0634956359863281 0.137969970703125 -0.3746337890625
-0.00288009643554687 -0.0567474365234375 -0.230010986328125 -0.45904541015625
-0.0296115875244141 -0.0103645324707031 -0.42620849609375 -0.03643798828125
-0.01739501953125 0.0184860229492188 -0.181915283203125 0.268325805664063
0.00222587585449219 0.0164995193481445 0.059967041015625 0.2425537109375
0.0101413726806641 0.0187664031982422 0.179290771484375 0.072540283203125
0.0222549438476563 0.0113201141357422 0.159011840820313 -0.082611083984375
0.0310230255126953 -0.00217628479003906 -0.169509887695312 0.0562286376953125
0.0227832794189453 0.0228309631347656 -0.118789672851563 -0.0945816040039062
-0.00185775756835937 0.0248508453369141 0.06597900390625 -0.252120971679688
-0.0325050354003906 0.00932121276855468 0.327728271484375 -0.178314208984375
-0.041656494140625 -0.0282211303710937 0.366851806640625 0.2322998046875
0.00439453124999999 -0.09405517578125 0.032684326171875 0.493316650390625
0.0783843994140625 -0.0783309936523438 -0.190521240234375 0.311279296875
0.110664367675781 -0.0542984008789062 0.0218715667724609 0.0154361724853516
0.05908203125 -0.09136962890625 0.146392822265625 -0.35064697265625
-0.0069732666015625 -0.0818710327148438 -0.1961669921875 -0.471923828125
-0.0409126281738281 -0.0230827331542969 -0.4285888671875 -0.0714111328125001
-0.0228710174560547 0.0191287994384766 -0.210235595703125 0.254714965820313
0.00324630737304688 0.0226593017578125 0.03875732421875 0.251129150390625
0.0127429962158203 0.0290699005126953 0.176666259765625 0.0834808349609375
0.0265026092529297 0.016571044921875 0.164627075195313 -0.0750885009765625
0.00492286682128906 -0.0280399322509766 -0.165878295898438 0.077728271484375
0.0111989974975586 -0.0140171051025391 -0.156661987304688 -0.0776519775390625
0.000757217407226563 -0.0150337219238281 -0.0201873779296875 -0.2430419921875
0.00470256805419922 0.00392055511474609 0.249649047851563 -0.237258911132813
0.00719642639160157 0.0257835388183594 0.4044189453125 0.1204833984375
0.00255775451660156 0.0231246948242187 0.172760009765625 0.46075439453125
-0.00495147705078125 0.03582763671875 -0.128814697265625 0.360931396484375
-0.0255985260009766 0.0281810760498047 0.000999450683593751 0.0507049560546875
-0.00863456726074219 0.032867431640625 0.2264404296875 -0.2962646484375
0.0155277252197266 0.0241680145263672 -0.04437255859375 -0.518218994140625
0.011566162109375 0.0153169631958008 -0.400848388671875 -0.190277099609375
0.00333023071289063 0.00306558609008789 -0.291351318359375 0.208831787109375
0.00736904144287109 -0.0116758346557617 -0.0438385009765625 0.253570556640625
-0.00264453887939453 -0.0153446197509766 0.147323608398438 0.0983734130859375
-0.00265121459960938 -0.0127487182617188 0.16693115234375 -0.06243896484375
0.00642204284667969 -0.0268440246582031 -0.167922973632813 0.0736083984375
0.0128860473632812 -0.016697883605957 -0.14837646484375 -0.0855560302734375
-0.00235557556152344 -0.0141792297363281 0.00552368164062499 -0.247955322265625
0.00222253799438477 0.00719547271728516 0.278549194335938 -0.219024658203125
0.00498580932617188 0.0283088684082031 0.39605712890625 0.162200927734375
0.00390052795410156 0.0257377624511719 0.126068115234375 0.476531982421875
-0.00645828247070312 0.0403289794921875 -0.14593505859375 0.339874267578125
-0.0272312164306641 0.0315113067626953 0.0203018188476563 0.0328178405761719
-0.00535964965820313 0.0360984802246094 0.210845947265625 -0.322021484375
0.0196418762207031 0.0251502990722656 -0.093719482421875 -0.50860595703125
0.0122232437133789 0.0162277221679688 -0.411956787109375 -0.145751953125
0.000632286071777344 0.00530290603637695 -0.262435913085938 0.230804443359375
0.00305843353271484 -0.0123767852783203 -0.0156402587890625 0.25048828125
-0.00245380401611328 -0.0162792205810547 0.155029296875 0.0888671875
-0.000323295593261719 -0.0111608505249023 0.1632080078125 -0.0707550048828125
0.0102252960205078 -0.0235061645507813 -0.170700073242188 0.0674896240234375
0.0142641067504883 -0.0151767730712891 -0.138114929199219 -0.0946044921875
-0.00356006622314453 -0.012110710144043 0.0343170166015625 -0.252410888671875
-0.00225067138671875 0.0099029541015625 0.30706787109375 -0.1968994140625
-6.86645507812494E-05 0.0270423889160156 0.384063720703125 0.203704833984375
0.00337982177734375 0.0204658508300781 0.0776367187499999 0.487518310546875
-0.00324249267578125 0.0359916687011719 -0.16363525390625 0.316375732421875
-0.0191783905029297 0.0288143157958984 0.0406150817871094 0.0132904052734375
0.0016021728515625 0.0307941436767578 0.1885986328125 -0.35101318359375
0.021270751953125 0.0186195373535156 -0.149871826171875 -0.49322509765625
0.00954055786132812 0.013641357421875 -0.418853759765625 -0.0980834960937499
-0.00294685363769531 0.00689506530761719 -0.229736328125 0.249557495117187
0.00042724609375 -0.0111837387084961 0.0140838623046875 0.246551513671875
-0.00116252899169922 -0.0143623352050781 0.16290283203125 0.0790252685546875
0.00312900543212891 -0.00828790664672852 0.160110473632813 -0.0775146484375
0.0142326354980469 -0.0194492340087891 -0.172332763671875 0.0611572265625
0.0162029266357422 -0.0117063522338867 -0.127311706542969 -0.101158142089844
-0.00448226928710938 -0.0074005126953125 0.0620574951171875 -0.253952026367188
-0.00781822204589843 0.010920524597168 0.33258056640625 -0.17327880859375
-0.00685691833496094 0.0208091735839844 0.365631103515625 0.24310302734375
0.00479984283447266 0.00673389434814453 0.0288696289062501 0.4976806640625
0.00652694702148437 0.0232028961181641 -0.178558349609375 0.294525146484375
-0.00261497497558594 0.0192794799804687 0.0548248291015625 -0.00199127197265625
0.0117874145507813 0.0152292251586914 0.16693115234375 -0.371429443359375
0.0196437835693359 0.00544166564941406 -0.1934814453125 -0.475311279296875
0.00269317626953125 0.00905704498291016 -0.421417236328125 -0.0577392578125
-0.00696086883544922 0.00926971435546875 -0.200027465820312 0.26287841796875
-0.0012812614440918 -0.00677108764648438 0.03912353515625 0.24139404296875
0.000465393066406249 -0.00963211059570313 0.1689453125 0.0712738037109375
0.00740957260131836 -0.00423955917358398 0.1563720703125 -0.0836334228515625
0.0188236236572266 -0.0150871276855469 -0.173583984375 0.0548858642578125
0.0177707672119141 -0.00412559509277344 -0.118339538574219 -0.105094909667969
-0.00505161285400391 -0.000301837921142579 0.08258056640625 -0.254714965820313
-0.0152368545532227 0.0107975006103516 0.348602294921875 -0.156097412109375
-0.0150489807128906 0.00956153869628906 0.35162353515625 0.2696533203125
0.00780582427978515 -0.0148200988769531 -0.00497436523437499 0.5006103515625
0.0235996246337891 0.00302886962890625 -0.188690185546875 0.280364990234375
0.0218715667724609 0.0044708251953125 0.06170654296875 -0.0116806030273437
0.0211982727050781 -0.00790214538574219 0.145751953125 -0.382049560546875
0.0136814117431641 -0.0121850967407227 -0.226654052734375 -0.459014892578125
-0.00635242462158203 0.00384092330932617 -0.420989990234375 -0.0303955078125
-0.0107364654541016 0.012364387512207 -0.179061889648438 0.269866943359375
-0.00063931941986084 -0.0014345645904541 0.0565643310546875 0.237823486328125
0.00327205657958984 -0.00196552276611328 0.175018310546875 0.065887451171875
0.0124626159667969 0.000945091247558594 0.155044555664063 -0.0865936279296875
0.0224666595458984 -0.0105781555175781 -0.17279052734375 0.053314208984375
0.0194168090820312 0.00403785705566406 -0.113204956054687 -0.104995727539063
-0.00506496429443359 0.00762319564819336 0.0908203125 -0.253570556640625
-0.0224323272705078 0.00907325744628906 0.3531494140625 -0.14825439453125
-0.022552490234375 -0.00502586364746094 0.34503173828125 0.278472900390625
0.0109443664550781 -0.0414390563964844 -0.019378662109375 0.50030517578125
0.0443534851074219 -0.0212364196777344 -0.194488525390625 0.27783203125
0.0511627197265625 -0.0136566162109375 0.0594940185546875 -0.0125617980957031
0.0308609008789063 -0.0353279113769531 0.135040283203125 -0.38409423828125
0.00499534606933593 -0.0332565307617188 -0.23980712890625 -0.450927734375
-0.0176410675048828 -0.00232124328613282 -0.4205322265625 -0.02142333984375
-0.0138216018676758 0.0155925750732422 -0.17083740234375 0.27117919921875
0.000462532043457032 0.00617742538452148 0.065216064453125 0.237289428710938
0.00651741027832031 0.00621747970581055 0.177902221679688 0.0663299560546875
0.0163726806640625 0.00485610961914063 0.155181884765625 -0.0867767333984375
0.0261573791503906 -0.00619316101074219 -0.171051025390625 0.053558349609375
0.0206928253173828 0.012847900390625 -0.113235473632812 -0.1011962890625
-0.00402545928955078 0.0158586502075195 0.08453369140625 -0.253005981445312
-0.0285129547119141 0.00836753845214844 0.345489501953125 -0.15692138671875
-0.0311260223388672 -0.0188255310058594 0.350341796875 0.263397216796875
0.0107421875 -0.0690994262695313 -0.00503540039062499 0.4979248046875
0.0641937255859375 -0.0487556457519531 -0.194671630859375 0.286407470703125
0.0807037353515625 -0.0340652465820313 0.046722412109375 -0.00441360473632813
0.0420913696289063 -0.0637855529785156 0.133331298828125 -0.37347412109375
-0.00320816040039062 -0.0565109252929688 -0.233062744140625 -0.453704833984375
-0.0293960571289063 -0.0102157592773437 -0.42401123046875 -0.031341552734375
-0.0172271728515625 0.0184555053710937 -0.178329467773437 0.267288208007813
0.00278568267822266 0.0162620544433594 0.0629425048828125 0.24005126953125
0.010406494140625 0.0179405212402344 0.178558349609375 0.0696258544921875
0.0223312377929688 0.0107936859130859 0.157180786132813 -0.0850830078125
0.0301895141601563 -0.00335121154785156 -0.167037963867188 0.05841064453125
0.0224514007568359 0.0219631195068359 -0.118133544921875 -0.09222412109375
-0.00148582458496094 0.0241947174072266 0.06304931640625 -0.251312255859375
-0.0324249267578125 0.00997352600097656 0.32421875 -0.178680419921875
-0.0415153503417969 -0.0275382995605469 0.366241455078125 0.226043701171875
0.0040740966796875 -0.0936355590820313 0.035888671875 0.490936279296875
0.0770797729492188 -0.07867431640625 -0.186279296875 0.3115234375
0.109619140625 -0.0549545288085937 0.0216770172119141 0.0150356292724609
0.057373046875 -0.091064453125 0.14178466796875 -0.348785400390625
-0.00760650634765625 -0.0812911987304688 -0.20013427734375 -0.466278076171875
-0.0409507751464844 -0.0223579406738281 -0.42681884765625 -0.0680847167968751
-0.0225276947021484 0.0195789337158203 -0.206192016601563 0.254653930664063
0.00350570678710937 0.0221900939941406 0.040618896484375 0.24896240234375
0.0128707885742188 0.0286960601806641 0.176589965820313 0.080352783203125
0.0271129608154297 0.0158233642578125 0.163330078125 -0.076904296875
0.00434303283691407 -0.0285663604736328 -0.163116455078125 0.0792694091796875
0.0109577178955078 -0.0146007537841797 -0.15625 -0.075408935546875
0.000539779663085938 -0.0145711898803711 -0.022430419921875 -0.2410888671875
0.00483560562133789 0.0042109489440918 0.24591064453125 -0.238876342773438
0.00745773315429687 0.0247097015380859 0.4033203125 0.117156982421875
0.00287818908691406 0.0220870971679688 0.17498779296875 0.45623779296875
-0.00496292114257812 0.0356636047363281 -0.123748779296875 0.35943603515625
-0.0254974365234375 0.0280742645263672 0.000896453857421871 0.0511550903320313
-0.00841903686523438 0.0328083038330078 0.2213134765625 -0.29449462890625
0.0161190032958984 0.0236625671386719 -0.0477294921875 -0.514923095703125
0.0120325088500977 0.0149621963500977 -0.399383544921875 -0.187225341796875
0.00390124320983887 0.00336384773254395 -0.286895751953125 0.2099609375
0.00711917877197266 -0.0118236541748047 -0.040557861328125 0.252731323242188
-0.002838134765625 -0.0150365829467773 0.146743774414063 0.095733642578125
-0.00255012512207031 -0.0128822326660156 0.16558837890625 -0.0632476806640625
0.0052947998046875 -0.0267486572265625 -0.16583251953125 0.0752410888671875
0.0122032165527344 -0.0169162750244141 -0.14764404296875 -0.083221435546875
-0.00218391418457031 -0.0145635604858398 0.00311279296875 -0.245941162109375
0.00237178802490234 0.00744915008544922 0.273956298828125 -0.22021484375
0.00580406188964844 0.0278434753417969 0.39508056640625 0.15802001953125
0.00409698486328125 0.0253276824951172 0.12994384765625 0.472686767578125
-0.00621795654296875 0.0400276184082031 -0.142425537109375 0.338348388671875
-0.0269832611083984 0.031494140625 0.0202579498291016 0.0326709747314453
-0.00567245483398437 0.0357818603515625 0.20648193359375 -0.32257080078125
0.0196743011474609 0.0245704650878906 -0.097015380859375 -0.504302978515625
0.0124073028564453 0.0153141021728516 -0.410308837890625 -0.141876220703125
0.000586986541748047 0.00504875183105469 -0.257492065429688 0.231704711914062
0.00342559814453125 -0.0126943588256836 -0.0132904052734375 0.248992919921875
-0.00227737426757813 -0.0162601470947266 0.154953002929688 0.0860137939453125
-0.000773429870605467 -0.0116920471191406 0.161468505859375 -0.0714569091796875
0.00901412963867187 -0.0237655639648437 -0.168655395507813 0.06884765625
0.0140552520751953 -0.0158052444458008 -0.137535095214844 -0.0920639038085937
-0.00296497344970703 -0.0115938186645508 0.031494140625 -0.250930786132813
-0.00212669372558594 0.00981521606445313 0.303497314453125 -0.19842529296875
0.000570297241210938 0.0269794464111328 0.381866455078125 0.19915771484375
0.00374794006347656 0.0201473236083984 0.081695556640625 0.485076904296875
-0.0028533935546875 0.035491943359375 -0.159515380859375 0.3150634765625
-0.0195560455322266 0.0284461975097656 0.040283203125 0.0129508972167969
0.0017242431640625 0.0297679901123047 0.1851806640625 -0.34881591796875
0.0216026306152344 0.0181961059570313 -0.15191650390625 -0.487884521484375
0.00993633270263672 0.0129604339599609 -0.416717529296875 -0.09332275390625
-0.00327444076538086 0.00697231292724609 -0.225021362304688 0.249954223632813
0.000340461730957031 -0.0110788345336914 0.0161590576171875 0.244659423828125
-0.00138282775878906 -0.01422119140625 0.162429809570313 0.0767059326171875
0.00279521942138672 -0.00818967819213867 0.158538818359375 -0.07861328125
0.0134391784667969 -0.0202503204345703 -0.169998168945313 0.06292724609375
0.0157222747802734 -0.0117063522338867 -0.126365661621094 -0.0986328125
-0.00487613677978516 -0.00645971298217774 0.05938720703125 -0.252853393554688
-0.00867843627929688 0.0113677978515625 0.32843017578125 -0.174713134765625
-0.00661087036132813 0.0203704833984375 0.3651123046875 0.2398681640625
0.00484848022460938 0.00646591186523438 0.032501220703125 0.49383544921875
0.00633430480957031 0.0224781036376953 -0.174835205078125 0.294677734375
-0.00302696228027343 0.0192718505859375 0.0545120239257813 -0.00193405151367187
0.0110940933227539 0.0151987075805664 0.16351318359375 -0.369903564453125
0.0197372436523438 0.0048675537109375 -0.196746826171875 -0.470123291015625
0.00293922424316406 0.00895881652832031 -0.4183349609375 -0.0546875000000001
-0.00696086883544922 0.00942611694335938 -0.195892333984375 0.26251220703125
-0.000877380371093751 -0.00727939605712891 0.0407257080078125 0.238861083984375
0.00042724609375 -0.00958824157714844 0.169357299804688 0.068878173828125
0.00721073150634766 -0.00453996658325195 0.154815673828125 -0.0843048095703125
0.0176792144775391 -0.0155124664306641 -0.171554565429688 0.05712890625
0.0174798965454102 -0.00489997863769531 -0.117767333984375 -0.102760314941406
-0.00477504730224609 -5.53131103515629E-05 0.079132080078125 -0.253173828125
-0.0151071548461914 0.0108633041381836 0.345489501953125 -0.158599853515625
-0.014042854309082 0.00933074951171875 0.3514404296875 0.26470947265625
0.00739669799804687 -0.0153284072875977 -0.000915527343750024 0.496917724609375
0.0233402252197266 0.00303840637207031 -0.185150146484375 0.279876708984375
0.0215625762939453 0.00450325012207031 0.0611991882324219 -0.0118064880371094
0.0210285186767578 -0.00817298889160156 0.1416015625 -0.379913330078125
0.0134382247924805 -0.0128793716430664 -0.228668212890625 -0.453826904296875
-0.00658512115478516 0.00399160385131836 -0.418609619140625 -0.026824951171875
-0.0105180740356445 0.0127944946289063 -0.17498779296875 0.269851684570313
-0.00045466423034668 -0.00157475471496582 0.059112548828125 0.236038208007813
0.00330328941345215 -0.00199222564697266 0.174270629882813 0.06292724609375
0.0123472213745117 0.000432968139648438 0.152572631835937 -0.08721923828125
0.0213737487792969 -0.0108146667480469 -0.170989990234375 0.0547637939453125
0.0191974639892578 0.00313377380371094 -0.112777709960938 -0.103202819824219
-0.00506591796875 0.00736713409423828 0.0879669189453125 -0.252761840820313
-0.0220680236816406 0.00979995727539062 0.348480224609375 -0.1513671875
-0.0227489471435547 -0.0050506591796875 0.345062255859375 0.273223876953125
0.0104522705078125 -0.041259765625 -0.0149230957031251 0.49755859375
0.0433692932128906 -0.0210151672363281 -0.190399169921875 0.277053833007813
0.0499610900878906 -0.013671875 0.0591545104980469 -0.0127296447753906
0.0301475524902344 -0.0352058410644531 0.130035400390625 -0.381317138671875
0.00457572937011719 -0.0331344604492187 -0.241241455078125 -0.446319580078125
-0.0174026489257813 -0.00183677673339844 -0.41790771484375 -0.0169067382812501
-0.0134029388427734 0.015681266784668 -0.167129516601563 0.270950317382813
0.00123929977416992 0.00586748123168945 0.067596435546875 0.235519409179688
0.00670623779296875 0.00599431991577148 0.177230834960937 0.06317138671875
0.0165691375732422 0.00482654571533203 0.153152465820313 -0.087677001953125
0.0250377655029297 -0.00697708129882812 -0.168930053710937 0.0552520751953125
0.0208282470703125 0.0125865936279297 -0.112678527832031 -0.099029541015625
-0.00373554229736328 0.0156879425048828 0.0816802978515625 -0.252166748046875
-0.0281105041503906 0.00857353210449219 0.3426513671875 -0.15924072265625
-0.0311412811279297 -0.0183200836181641 0.350311279296875 0.2586669921875
0.0106887817382813 -0.0687637329101563 -0.00115966796874996 0.494049072265625
0.06292724609375 -0.0492820739746094 -0.190582275390625 0.286346435546875
0.0796279907226563 -0.0343170166015625 0.0466461181640625 -0.00436782836914063
0.0411376953125 -0.0636062622070313 0.12957763671875 -0.371978759765625
-0.00381851196289063 -0.055938720703125 -0.235260009765625 -0.448699951171875
-0.0293617248535156 -0.0102672576904297 -0.4212646484375 -0.0280456542968749
-0.0170536041259766 0.0184555053710937 -0.17462158203125 0.267333984375
0.00288867950439453 0.0154085159301758 0.064422607421875 0.237777709960937
0.0107431411743164 0.01739501953125 0.178253173828125 0.0667266845703125
0.0222091674804688 0.0105876922607422 0.155303955078125 -0.086151123046875
0.0286045074462891 -0.00404930114746094 -0.165130615234375 0.059967041015625
0.0224456787109375 0.0214920043945313 -0.117912292480469 -0.0903549194335937
-0.00134658813476563 0.0238533020019531 0.060546875 -0.249801635742187
-0.0321216583251953 0.0102691650390625 0.320281982421875 -0.18072509765625
-0.0414314270019531 -0.0271873474121094 0.365936279296875 0.221160888671875
0.00322723388671876 -0.0929718017578125 0.040618896484375 0.48828125
0.0757827758789063 -0.07830810546875 -0.181915283203125 0.310638427734375
0.10791015625 -0.0550384521484375 0.0221881866455078 0.0152721405029297
0.0559234619140625 -0.09063720703125 0.137054443359375 -0.34783935546875
-0.00862884521484375 -0.0810546875 -0.202728271484375 -0.4603271484375
-0.0410690307617188 -0.0221328735351562 -0.423614501953125 -0.06414794921875
-0.0221881866455078 0.0196857452392578 -0.202438354492188 0.255386352539063
0.00399971008300781 0.0216331481933594 0.043182373046875 0.246612548828125
0.0132675170898438 0.0285301208496094 0.17608642578125 0.07781982421875
0.0264968872070313 0.0152244567871094 0.161361694335938 -0.0783233642578125
0.00317001342773437 -0.0286293029785156 -0.161163330078125 0.0805816650390625
0.0106601715087891 -0.0151281356811523 -0.155426025390625 -0.0733184814453125
4.19616699218748E-05 -0.0147218704223633 -0.0239410400390625 -0.23858642578125
0.00476408004760742 0.00440549850463867 0.242645263671875 -0.2391357421875
0.00770378112792969 0.0244941711425781 0.40167236328125 0.113128662109375
0.00363540649414063 0.0223102569580078 0.177215576171875 0.452178955078125
-0.00465011596679688 0.0349407196044922 -0.119964599609375 0.360260009765625
-0.0253086090087891 0.0279350280761719 0.00111389160156249 0.0505790710449219
-0.00828361511230469 0.0323543548583984 0.21832275390625 -0.293914794921875
0.0157508850097656 0.0231666564941406 -0.050689697265625 -0.51116943359375
0.0121555328369141 0.015599250793457 -0.398468017578125 -0.183746337890625
0.00370264053344727 0.00307726860046387 -0.283905029296875 0.21014404296875
0.00744533538818359 -0.0121555328369141 -0.0382843017578125 0.251296997070313
-0.00305366516113281 -0.0150766372680664 0.146530151367188 0.09332275390625
-0.00288772583007812 -0.0123424530029297 0.164352416992188 -0.0647735595703125
0.00453567504882813 -0.0272789001464844 -0.1634521484375 0.0765380859375
0.0120458602905273 -0.0174369812011719 -0.147369384765625 -0.081024169921875
-0.00222492218017578 -0.0141172409057617 0.00166320800781248 -0.243865966796875
0.00234603881835938 0.00704050064086914 0.27081298828125 -0.220672607421875
0.00625991821289063 0.0275001525878906 0.3927001953125 0.15435791015625
0.00430870056152343 0.0250205993652344 0.131988525390625 0.469573974609375
-0.0058441162109375 0.0391960144042969 -0.1385498046875 0.337371826171875
-0.0272998809814453 0.0314273834228516 0.0206050872802734 0.0328350067138672
-0.005340576171875 0.035186767578125 0.2021484375 -0.320770263671875
0.0195903778076172 0.0241451263427734 -0.10028076171875 -0.50030517578125
0.0124320983886719 0.0152664184570313 -0.408355712890625 -0.13873291015625
0.000780582427978516 0.00500631332397461 -0.25445556640625 0.231155395507812
0.00308609008789062 -0.0131692886352539 -0.0109710693359375 0.246856689453125
-0.00261878967285156 -0.0164775848388672 0.154434204101563 0.0837554931640625
-0.000765800476074218 -0.0114450454711914 0.15936279296875 -0.07275390625
0.0080413818359375 -0.0243396759033203 -0.16656494140625 0.0699310302734375
0.0136785507202148 -0.0160245895385742 -0.137100219726563 -0.0902175903320313
-0.00399398803710937 -0.0113010406494141 0.02972412109375 -0.249069213867187
-0.00205326080322266 0.00982856750488281 0.300048828125 -0.199310302734375
0.000690460205078126 0.0265045166015625 0.381011962890625 0.195892333984375
0.00424385070800781 0.0196208953857422 0.08453369140625 0.4815673828125
-0.0032501220703125 0.03466796875 -0.15557861328125 0.314300537109375
-0.0197029113769531 0.028564453125 0.0399589538574219 0.01312255859375
0.00218391418457032 0.0297203063964844 0.18072509765625 -0.34759521484375
0.0214729309082031 0.0173301696777344 -0.154510498046875 -0.483123779296875
0.00972461700439453 0.0129537582397461 -0.414276123046875 -0.0899047851562501
-0.00313425064086914 0.00684356689453125 -0.222015380859375 0.24957275390625
0.000584602355957032 -0.011134147644043 0.0183258056640625 0.242752075195313
-0.00113487243652344 -0.0143232345581055 0.16217041015625 0.074127197265625
0.00288772583007813 -0.00826597213745117 0.15753173828125 -0.0795440673828125
0.0122470855712891 -0.0202560424804688 -0.168350219726562 0.063934326171875
0.0157604217529297 -0.012110710144043 -0.126174926757813 -0.0970611572265625
-0.00446128845214844 -0.00662660598754883 0.05712890625 -0.251434326171875
-0.00808048248291015 0.0111141204833984 0.325927734375 -0.175628662109375
-0.00596809387207032 0.020233154296875 0.3653564453125 0.235504150390625
0.00499200820922852 0.00606632232666016 0.034576416015625 0.49066162109375
0.00607681274414063 0.0224266052246094 -0.171539306640625 0.29327392578125
-0.00275230407714844 0.0193805694580078 0.0541610717773437 -0.00205612182617187
0.0110416412353516 0.0145540237426758 0.15936279296875 -0.36773681640625
0.01971435546875 0.0044097900390625 -0.198089599609375 -0.466033935546875
0.00335454940795898 0.00868558883666992 -0.41668701171875 -0.05224609375
-0.00661468505859375 0.0096139907836914 -0.1929931640625 0.262054443359375
-0.00105953216552734 -0.00734519958496094 0.04241943359375 0.236907958984375
0.000642776489257812 -0.00963020324707031 0.16876220703125 0.0664825439453125
0.00673437118530273 -0.00453090667724609 0.153182983398438 -0.0855560302734375
0.0166845321655273 -0.0154953002929688 -0.169601440429688 0.0585174560546875
0.017303466796875 -0.00567817687988281 -0.117301940917969 -0.101181030273438
-0.00465106964111328 0.000107288360595704 0.0771484375 -0.25244140625
-0.0149688720703125 0.0108375549316406 0.3409423828125 -0.158843994140625
-0.0137100219726563 0.00897598266601563 0.351226806640625 0.261505126953125
0.00753307342529297 -0.0152177810668945 0.00314331054687501 0.494537353515625
0.02264404296875 0.00261497497558594 -0.181854248046875 0.280105590820312
0.0209846496582031 0.0045318603515625 0.0611038208007812 -0.0112075805664062
0.0204601287841797 -0.00797653198242187 0.13861083984375 -0.37896728515625
0.0130062103271484 -0.0129480361938477 -0.2301025390625 -0.449676513671875
-0.00585699081420898 0.00382137298583984 -0.416351318359375 -0.02435302734375
-0.0104103088378906 0.0124883651733398 -0.171798706054688 0.26873779296875
-0.000423312187194824 -0.00192368030548096 0.060760498046875 0.233551025390625
0.00336074829101563 -0.00205373764038086 0.173431396484375 0.06103515625
0.0123815536499023 0.00035858154296875 0.151626586914063 -0.088287353515625
0.0205020904541016 -0.0111579895019531 -0.168380737304688 0.0562896728515625
0.0190296173095703 0.00290107727050781 -0.112419128417969 -0.101936340332031
-0.00501012802124023 0.00766134262084961 0.0852508544921875 -0.251220703125
-0.0220870971679688 0.00967788696289062 0.34478759765625 -0.15264892578125
-0.0222339630126953 -0.00495338439941406 0.34417724609375 0.26849365234375
0.0107917785644531 -0.0413742065429688 -0.0103759765625 0.494964599609375
0.0428009033203125 -0.0214042663574219 -0.187408447265625 0.27642822265625
0.0493392944335937 -0.0138435363769531 0.0591239929199219 -0.0125045776367188
0.0299015045166016 -0.0350265502929687 0.126953125 -0.38055419921875
0.00450325012207032 -0.0329494476318359 -0.24407958984375 -0.441009521484375
-0.0173969268798828 -0.00166511535644531 -0.415771484375 -0.01513671875
-0.0133390426635742 0.0160865783691406 -0.163848876953125 0.26971435546875
0.000958919525146484 0.00561428070068359 0.0688934326171875 0.232559204101563
0.00710296630859375 0.00619268417358398 0.177032470703125 0.0611572265625
0.016291618347168 0.00444793701171875 0.151382446289063 -0.0890655517578125
0.0245399475097656 -0.00766372680664062 -0.16705322265625 0.057098388671875
0.0206508636474609 0.0119819641113281 -0.112007141113281 -0.0980606079101563
-0.00394248962402344 0.0156288146972656 0.0799407958984375 -0.250335693359375
-0.0280590057373047 0.0085906982421875 0.338623046875 -0.160430908203125
-0.0311698913574219 -0.0182018280029297 0.350799560546875 0.255584716796875
0.0100669860839844 -0.0687179565429688 0.00241088867187501 0.491485595703125
0.0625495910644531 -0.0490074157714844 -0.1871337890625 0.28656005859375
0.07867431640625 -0.0344696044921875 0.0462875366210938 -0.004241943359375
0.0401382446289062 -0.0635757446289063 0.12542724609375 -0.36968994140625
-0.00431060791015625 -0.0558204650878906 -0.236053466796875 -0.444915771484375
-0.0292434692382812 -0.00983810424804687 -0.4188232421875 -0.0259399414062501
-0.0167064666748047 0.0182132720947266 -0.171539306640625 0.265960693359375
0.00262451171875 0.0155744552612305 0.066375732421875 0.23565673828125
0.0110597610473633 0.0172853469848633 0.17724609375 0.0640411376953125
0.0217857360839844 0.00989913940429688 0.153900146484375 -0.08673095703125
0.0282955169677734 -0.004302978515625 -0.163314819335938 0.06085205078125
0.0225696563720703 0.0207862854003906 -0.117424011230469 -0.0885543823242187
-0.000785827636718752 0.0242691040039063 0.0587310791015625 -0.248458862304687
-0.0322799682617188 0.0101356506347656 0.3173828125 -0.181854248046875
-0.0406646728515625 -0.0274734497070313 0.366058349609375 0.2178955078125
0.00256347656250001 -0.0930023193359375 0.043304443359375 0.48406982421875
0.0743865966796875 -0.07843017578125 -0.177764892578125 0.310638427734375
0.106689453125 -0.054931640625 0.0221462249755859 0.0156307220458984
0.0544204711914063 -0.0908660888671875 0.134124755859375 -0.3460693359375
-0.00899505615234376 -0.08056640625 -0.204437255859375 -0.456756591796875
-0.0406761169433594 -0.0217132568359375 -0.420745849609375 -0.0607910156249999
-0.0218524932861328 0.0198650360107422 -0.199264526367187 0.254653930664063
0.00386810302734375 0.0217170715332031 0.0447845458984375 0.244384765625
0.0137195587158203 0.028045654296875 0.175399780273438 0.075531005859375
0.0269298553466797 0.0144233703613281 0.159774780273438 -0.0792694091796875
0.00182914733886719 -0.0286502838134766 -0.159271240234375 0.081817626953125
0.0101613998413086 -0.0152997970581055 -0.154052734375 -0.0711517333984375
0.000155448913574219 -0.0144567489624023 -0.024627685546875 -0.236648559570313
0.00490760803222656 0.00393581390380859 0.239044189453125 -0.238449096679688
0.00799751281738281 0.0242767333984375 0.39971923828125 0.11016845703125
0.0037384033203125 0.0215930938720703 0.178619384765625 0.44940185546875
-0.00465011596679688 0.0349254608154297 -0.117156982421875 0.357513427734375
-0.0253276824951172 0.0275859832763672 0.00143814086914062 0.0504188537597656
-0.00823974609375 0.0320358276367188 0.214935302734375 -0.292877197265625
0.0162334442138672 0.0228061676025391 -0.052642822265625 -0.507171630859375
0.0123195648193359 0.0147552490234375 -0.396240234375 -0.180023193359375
0.00400447845458984 0.00362682342529297 -0.280303955078125 0.21038818359375
0.00698947906494141 -0.0125455856323242 -0.0362396240234375 0.248809814453125
-0.00299644470214844 -0.0152387619018555 0.145828247070313 0.091949462890625
-0.00267219543457031 -0.0126218795776367 0.162689208984375 -0.0655364990234375
0.00383758544921875 -0.0272312164306641 -0.161117553710938 0.077545166015625
0.0117607116699219 -0.0174121856689453 -0.146209716796875 -0.0793609619140625
-0.00245952606201172 -0.0139904022216797 0.000564575195312518 -0.241958618164062
0.00224399566650391 0.00735330581665039 0.267562866210938 -0.220672607421875
0.00639533996582031 0.0270271301269531 0.39166259765625 0.150115966796875
0.00470733642578125 0.0248146057128906 0.13409423828125 0.466064453125
-0.00583267211914063 0.0390243530273438 -0.135345458984375 0.33660888671875
-0.0269832611083984 0.0312862396240234 0.0202846527099609 0.0322990417480469
-0.00546073913574219 0.0351238250732422 0.19927978515625 -0.31964111328125
0.0195789337158203 0.0237598419189453 -0.102294921875 -0.496826171875
0.0126733779907227 0.0154752731323242 -0.4058837890625 -0.135894775390625
0.00127267837524414 0.00507307052612305 -0.2510986328125 0.23065185546875
0.00313568115234375 -0.0131492614746094 -0.00903320312499998 0.245590209960938
-0.00284862518310547 -0.0163822174072266 0.153945922851563 0.0818939208984375
-0.00117588043212891 -0.0112848281860352 0.158493041992188 -0.07366943359375
0.00748252868652344 -0.0245132446289063 -0.16522216796875 0.0706329345703125
0.0128726959228516 -0.0164690017700195 -0.136367797851563 -0.0879669189453125
-0.00366497039794922 -0.0112752914428711 0.0281524658203125 -0.247039794921875
-0.00195121765136719 0.00992393493652344 0.296875 -0.2001953125
0.00157737731933594 0.0260601043701172 0.380401611328125 0.19195556640625
0.00443458557128906 0.0195560455322266 0.085052490234375 0.478240966796875
-0.00287818908691406 0.034088134765625 -0.152587890625 0.31298828125
-0.0196628570556641 0.028350830078125 0.0397911071777344 0.0128440856933594
0.00192070007324218 0.0294208526611328 0.17742919921875 -0.34637451171875
0.021636962890625 0.0170688629150391 -0.15521240234375 -0.479766845703125
0.00995826721191406 0.0128068923950195 -0.41241455078125 -0.0875244140625
-0.00294303894042969 0.00686264038085938 -0.218734741210938 0.248641967773438
0.00016021728515625 -0.0116643905639648 0.019439697265625 0.240585327148438
-0.00169849395751953 -0.0147380828857422 0.161422729492187 0.072723388671875
0.0025944709777832 -0.00869226455688477 0.155487060546875 -0.08038330078125
0.011077880859375 -0.0205535888671875 -0.166366577148437 0.0649871826171875
0.0150384902954102 -0.012303352355957 -0.125335693359375 -0.0954513549804688
-0.00448369979858399 -0.00626659393310547 0.0555877685546875 -0.2493896484375
-0.00816059112548828 0.0115146636962891 0.3233642578125 -0.176727294921875
-0.00551605224609375 0.0201282501220703 0.3634033203125 0.23199462890625
0.00519895553588867 0.00565147399902344 0.037628173828125 0.488861083984375
0.00626945495605469 0.0222358703613281 -0.16796875 0.292724609375
-0.00313949584960938 0.0192317962646484 0.053619384765625 -0.00200653076171875
0.01080322265625 0.0142498016357422 0.1566162109375 -0.366302490234375
0.0197429656982422 0.00462150573730469 -0.198974609375 -0.461395263671875
0.00327968597412109 0.00845718383789062 -0.412445068359375 -0.04937744140625
-0.00643157958984375 0.00947666168212891 -0.189346313476562 0.26092529296875
-0.000771045684814453 -0.00760507583618164 0.044219970703125 0.234664916992187
0.000441551208496094 -0.00957870483398438 0.1678466796875 0.0646209716796875
0.00702571868896484 -0.00463581085205078 0.150848388671875 -0.0863037109375
0.0157241821289063 -0.0155792236328125 -0.167953491210938 0.0598907470703125
0.0168914794921875 -0.005828857421875 -0.116416931152344 -0.0996170043945312
-0.00500822067260742 4.14848327636725E-05 0.07525634765625 -0.250091552734375
-0.0149917602539063 0.0110750198364258 0.337310791015625 -0.160797119140625
-0.0137157440185547 0.00876712799072266 0.3497314453125 0.256927490234375
0.00777244567871094 -0.0155763626098633 0.00552368164062499 0.4913330078125
0.0220127105712891 0.00239944458007813 -0.178390502929687 0.278854370117188
0.0204811096191406 0.00407981872558594 0.0604972839355469 -0.0115509033203125
0.0202198028564453 -0.00834274291992188 0.135833740234375 -0.376007080078125
0.0128011703491211 -0.0132513046264648 -0.22930908203125 -0.444976806640625
-0.00617170333862305 0.00383329391479492 -0.41326904296875 -0.0232849121093751
-0.00982475280761719 0.0126514434814453 -0.168960571289062 0.268081665039063
-0.000310540199279785 -0.00153946876525879 0.061798095703125 0.231216430664063
0.00362658500671387 -0.00248098373413086 0.172378540039063 0.059051513671875
0.0120267868041992 0.000314712524414063 0.149703979492188 -0.08905029296875
0.0197257995605469 -0.0115604400634766 -0.166412353515625 0.057037353515625
0.0189704895019531 0.002410888671875 -0.111495971679688 -0.099853515625
-0.00519084930419922 0.00807332992553711 0.0841522216796875 -0.25042724609375
-0.0217952728271484 0.00951957702636718 0.34246826171875 -0.154449462890625
-0.0219650268554687 -0.00504684448242188 0.343017578125 0.265350341796875
0.0101127624511719 -0.0408859252929688 -0.00817871093749998 0.492034912109375
0.0424118041992188 -0.0215225219726563 -0.18365478515625 0.27532958984375
0.0486602783203125 -0.0137557983398438 0.0590133666992187 -0.0122871398925781
0.0292854309082031 -0.0349082946777344 0.123992919921875 -0.3778076171875
0.003936767578125 -0.0329036712646484 -0.243804931640625 -0.436859130859375
-0.0173873901367188 -0.0019674301147461 -0.412872314453125 -0.0122680664062499
-0.0131616592407227 0.0156307220458984 -0.161575317382812 0.268997192382813
0.00110626220703125 0.0055232048034668 0.070281982421875 0.230056762695313
0.00711774826049805 0.00580596923828125 0.1756591796875 0.05908203125
0.0164728164672852 0.00462627410888672 0.14990234375 -0.089935302734375
0.0232696533203125 -0.00769996643066406 -0.16534423828125 0.05755615234375
0.0203514099121094 0.0112991333007813 -0.111366271972656 -0.0958786010742188
-0.00393962860107422 0.0154199600219727 0.0781707763671875 -0.249099731445312
-0.0277500152587891 0.00872611999511719 0.3353271484375 -0.160675048828125
-0.03076171875 -0.0181217193603516 0.349090576171875 0.251678466796875
0.00989532470703124 -0.0682182312011719 0.00531005859374997 0.4886474609375
0.0610618591308594 -0.0489845275878906 -0.183990478515625 0.28546142578125
0.0780410766601563 -0.033966064453125 0.0461616516113281 -0.00352096557617188
0.0395088195800781 -0.0629043579101563 0.123382568359375 -0.366851806640625
-0.00457763671875 -0.055450439453125 -0.2366943359375 -0.439208984375
-0.0288619995117188 -0.00977897644042969 -0.416259765625 -0.0236206054687501
-0.0159378051757812 0.0184707641601563 -0.168182373046875 0.265213012695313
0.00300216674804688 0.0149059295654297 0.0672149658203125 0.232498168945313
0.0112323760986328 0.0168294906616211 0.176467895507813 0.062255859375
0.0219497680664062 0.00946235656738281 0.151870727539063 -0.0873870849609375
0.0272693634033203 -0.00450515747070312 -0.161209106445313 0.061492919921875
0.0226383209228516 0.0204219818115234 -0.1163330078125 -0.0875167846679688
-0.000589370727539063 0.02398681640625 0.0567474365234375 -0.246826171875
-0.0319652557373047 0.0102882385253906 0.313323974609375 -0.18292236328125
-0.0408172607421875 -0.0269508361816406 0.364166259765625 0.2139892578125
0.00200653076171875 -0.0923233032226563 0.0462646484375 0.481719970703125
0.0734329223632813 -0.0782012939453125 -0.175079345703125 0.308624267578125
0.105972290039063 -0.05499267578125 0.0221920013427734 0.0154628753662109
0.053375244140625 -0.0904541015625 0.13134765625 -0.343048095703125
-0.00955963134765625 -0.0801620483398438 -0.204925537109375 -0.452880859375
-0.0406303405761719 -0.0212821960449219 -0.41888427734375 -0.058013916015625
-0.0213775634765625 0.0194492340087891 -0.196365356445313 0.253372192382813
0.00439834594726563 0.0208950042724609 0.045989990234375 0.242355346679688
0.0138587951660156 0.0275154113769531 0.174591064453125 0.0731048583984375
0.0262947082519531 0.0143260955810547 0.157867431640625 -0.0795745849609375
0.00129318237304688 -0.0284862518310547 -0.157608032226563 0.0821685791015625
0.00978565216064453 -0.0160112380981445 -0.153366088867188 -0.069732666015625
-7.43865966796865E-05 -0.0140390396118164 -0.0255889892578125 -0.235031127929687
0.00472354888916016 0.00412368774414063 0.237258911132813 -0.2381591796875
0.00805473327636719 0.0236110687255859 0.39739990234375 0.1082763671875
0.0040435791015625 0.0213069915771484 0.17877197265625 0.446044921875
-0.00444412231445313 0.0345783233642578 -0.11480712890625 0.3555908203125
-0.025115966796875 0.0278148651123047 0.0016021728515625 0.05029296875
-0.00844955444335937 0.0319023132324219 0.212432861328125 -0.29205322265625
0.0162792205810547 0.0224952697753906 -0.053741455078125 -0.50384521484375
0.0122823715209961 0.0143852233886719 -0.394256591796875 -0.178436279296875
0.00348162651062012 0.00330948829650879 -0.277252197265625 0.209915161132813
0.00700855255126953 -0.0123605728149414 -0.0349578857421875 0.247650146484375
-0.00346946716308594 -0.0151042938232422 0.14544677734375 0.089935302734375
-0.00302886962890625 -0.012965202331543 0.161453247070313 -0.0659637451171875
0.00297927856445313 -0.0272808074951172 -0.159271240234375 0.07794189453125
0.0111618041992188 -0.0181732177734375 -0.145172119140625 -0.077545166015625
-0.00243091583251953 -0.0142431259155273 -0.000549316406249996 -0.240158081054688
0.0022883415222168 0.00742101669311523 0.264892578125 -0.220626831054687
0.00632858276367188 0.0264453887939453 0.3902587890625 0.147705078125
0.00517463684082031 0.0244140625 0.13580322265625 0.46234130859375
-0.00616455078125 0.0389289855957031 -0.1329345703125 0.33489990234375
-0.0271873474121094 0.0311050415039062 0.0205955505371094 0.0324802398681641
-0.00484466552734375 0.0346584320068359 0.197845458984375 -0.31768798828125
0.0198841094970703 0.0230770111083984 -0.102752685546875 -0.493408203125
0.0127696990966797 0.015070915222168 -0.404022216796875 -0.13323974609375
0.00107717514038086 0.00464725494384766 -0.248138427734375 0.230270385742188
0.00328731536865234 -0.0132064819335938 -0.00788879394531249 0.242782592773438
-0.00296211242675781 -0.0167093276977539 0.152725219726563 0.08013916015625
-0.00126266479492188 -0.0113868713378906 0.1568603515625 -0.0737762451171875
0.00637626647949219 -0.0244827270507813 -0.162979125976563 0.071258544921875
0.0129842758178711 -0.0166025161743164 -0.135749816894531 -0.0866851806640625
-0.00386714935302734 -0.0111837387084961 0.0272674560546875 -0.245834350585937
-0.00193119049072266 0.00988483428955078 0.29376220703125 -0.199951171875
0.00181770324707031 0.0255489349365234 0.377044677734375 0.189208984375
0.00453758239746094 0.0193977355957031 0.086761474609375 0.47564697265625
-0.00300216674804687 0.0341320037841797 -0.150482177734375 0.312103271484375
-0.01959228515625 0.0281658172607422 0.039703369140625 0.0128326416015625
0.00150299072265625 0.0289955139160156 0.1748046875 -0.34307861328125
0.0214138031005859 0.0166091918945313 -0.156036376953125 -0.4761962890625
0.00957012176513672 0.0126533508300781 -0.409698486328125 -0.0855712890625
-0.00272560119628906 0.00643348693847656 -0.216445922851563 0.248489379882813
0.000451087951660156 -0.0116395950317383 0.0207061767578125 0.239181518554688
-0.0019674301147461 -0.0144052505493164 0.160308837890625 0.071014404296875
0.00255250930786133 -0.00838279724121094 0.153472900390625 -0.0805206298828125
0.010284423828125 -0.0208892822265625 -0.164474487304687 0.0654144287109375
0.0148963928222656 -0.0130281448364258 -0.124122619628906 -0.093414306640625
-0.00449466705322266 -0.00648021697998047 0.0545501708984375 -0.248306274414063
-0.00787162780761719 0.0112953186035156 0.319305419921875 -0.176483154296875
-0.00531196594238281 0.0195770263671875 0.361968994140625 0.229339599609375
0.00528573989868164 0.00545501708984375 0.039794921875 0.48516845703125
0.00602531433105469 0.0216064453125 -0.165924072265625 0.291412353515625
-0.00343132019042969 0.0188980102539062 0.0538291931152344 -0.001678466796875
0.0109348297119141 0.0140142440795898 0.15399169921875 -0.36358642578125
0.0194072723388672 0.00440025329589844 -0.1988525390625 -0.458343505859375
0.00286293029785156 0.0086064338684082 -0.410858154296875 -0.048492431640625
-0.0065469741821289 0.00943660736083985 -0.187164306640625 0.260162353515625
-0.00116634368896484 -0.00739526748657227 0.0445556640625 0.232391357421875
0.00019359588623047 -0.0100641250610352 0.167022705078125 0.0628204345703125
0.00678825378417969 -0.00461292266845703 0.1497802734375 -0.08636474609375
0.0144767761230469 -0.0161466598510742 -0.165634155273438 0.0603179931640625
0.0164070129394531 -0.00636196136474609 -0.1156005859375 -0.09820556640625
-0.00497961044311523 0.000240325927734375 0.0739898681640625 -0.249359130859375
-0.0146398544311523 0.0111808776855469 0.33416748046875 -0.160400390625
-0.0131616592407227 0.00881290435791015 0.349212646484375 0.25433349609375
0.00761032104492188 -0.0157461166381836 0.00711059570312505 0.4892578125
0.0221080780029297 0.00209426879882813 -0.175613403320312 0.277450561523438
0.0199184417724609 0.00450515747070313 0.0604476928710938 -0.0113410949707031
0.0197792053222656 -0.00824165344238281 0.13323974609375 -0.37371826171875
0.0128593444824219 -0.0129585266113281 -0.230255126953125 -0.44122314453125
-0.00591611862182617 0.0038447380065918 -0.4110107421875 -0.0205078125
-0.00973892211914062 0.0125608444213867 -0.166824340820313 0.266311645507813
-0.000504493713378906 -0.00227069854736328 0.0628662109375 0.228866577148438
0.00352835655212402 -0.00258946418762207 0.1715087890625 0.0577850341796875
0.0119237899780273 -7.53402709960937E-05 0.148162841796875 -0.089447021484375
0.0184803009033203 -0.0117092132568359 -0.164993286132813 0.0576934814453125
0.0184974670410156 0.00195503234863281 -0.110923767089844 -0.098541259765625
-0.00502109527587891 0.00768518447875977 0.08270263671875 -0.248550415039062
-0.0218105316162109 0.009765625 0.338836669921875 -0.154144287109375
-0.0213794708251953 -0.00524330139160157 0.3426513671875 0.26251220703125
0.00985336303710938 -0.0414161682128906 -0.00711059570312497 0.488861083984375
0.0419044494628906 -0.0216217041015625 -0.181396484375 0.27386474609375
0.048248291015625 -0.0138130187988281 0.0582351684570313 -0.0127792358398438
0.0286521911621094 -0.0346794128417969 0.12255859375 -0.375
0.00413322448730468 -0.0331363677978516 -0.243499755859375 -0.43341064453125
-0.0167818069458008 -0.00191879272460938 -0.41070556640625 -0.0115051269531251
-0.0125532150268555 0.0160093307495117 -0.158843994140625 0.266815185546875
0.000825405120849609 0.00498580932617188 0.0708770751953125 0.227874755859375
0.0071721076965332 0.00582790374755859 0.17474365234375 0.057403564453125
0.0161895751953125 0.00415706634521484 0.148391723632813 -0.089996337890625
0.0224342346191406 -0.00801658630371094 -0.16363525390625 0.0584564208984375
0.0201263427734375 0.0111770629882813 -0.110862731933594 -0.0949554443359375
-0.00368309020996094 0.0155801773071289 0.076019287109375 -0.248291015625
-0.0275154113769531 0.00890159606933593 0.3330078125 -0.1622314453125
-0.0304508209228516 -0.0182647705078125 0.3480224609375 0.24859619140625
0.00953674316406249 -0.0678939819335938 0.00717163085937501 0.4869384765625
0.0601043701171875 -0.0490264892578125 -0.181549072265625 0.28369140625
0.0767593383789063 -0.0339889526367188 0.0464096069335938 -0.00396347045898438
0.0382766723632812 -0.0628318786621094 0.121551513671875 -0.36517333984375
-0.00479507446289063 -0.0552177429199219 -0.236175537109375 -0.4361572265625
-0.0285739898681641 -0.00926589965820313 -0.413787841796875 -0.0222778320312499
-0.0160160064697266 0.0185317993164063 -0.166412353515625 0.263717651367188
0.00306415557861328 0.0144891738891602 0.0680694580078125 0.230972290039063
0.0109777450561523 0.0166921615600586 0.175399780273438 0.06060791015625
0.0217876434326172 0.00923728942871094 0.150375366210938 -0.087493896484375
0.0262355804443359 -0.00476837158203125 -0.15948486328125 0.0624847412109375
0.0223255157470703 0.0195789337158203 -0.115371704101563 -0.086151123046875
-0.000518798828125 0.02392578125 0.0556640625 -0.245681762695313
-0.0316791534423828 0.0103206634521484 0.3111572265625 -0.184112548828125
-0.04058837890625 -0.0267868041992187 0.363677978515625 0.211395263671875
0.00164031982421874 -0.0920562744140625 0.0477294921875 0.479583740234375
0.0722808837890625 -0.0777511596679688 -0.172088623046875 0.3070068359375
0.104682922363281 -0.0546340942382813 0.0222644805908203 0.0157737731933594
0.05279541015625 -0.0897674560546875 0.12994384765625 -0.34088134765625
-0.00978851318359374 -0.07928466796875 -0.20550537109375 -0.4483642578125
-0.0405006408691406 -0.0212135314941406 -0.416229248046875 -0.056671142578125
-0.0213222503662109 0.0190792083740234 -0.194473266601562 0.252761840820313
0.00417518615722656 0.0206661224365234 0.047027587890625 0.240310668945313
0.0136966705322266 0.0273380279541016 0.17327880859375 0.07135009765625
0.0261363983154297 0.0137004852294922 0.156845092773438 -0.0802459716796875
0.000352859497070311 -0.0287399291992188 -0.155563354492188 0.0822296142578125
0.00963973999023438 -0.0160198211669922 -0.15179443359375 -0.0688323974609375
-8.39233398437488E-05 -0.0138235092163086 -0.0256500244140625 -0.2330322265625
0.00440835952758789 0.00381708145141602 0.234359741210937 -0.23712158203125
0.00812721252441406 0.0232906341552734 0.3955078125 0.106597900390625
0.00410270690917969 0.0209217071533203 0.179412841796875 0.44293212890625
-0.0049896240234375 0.0339851379394531 -0.113311767578125 0.352691650390625
-0.0251960754394531 0.0278759002685547 0.00173950195312499 0.0503578186035156
-0.00866889953613281 0.0317878723144531 0.21142578125 -0.28924560546875
0.0161476135253906 0.0221347808837891 -0.0537414550781251 -0.501007080078125
0.012476921081543 0.0141849517822266 -0.391815185546875 -0.176361083984375
0.00385761260986328 0.00323200225830078 -0.275344848632813 0.208328247070313
0.00679302215576172 -0.0130844116210938 -0.03472900390625 0.24615478515625
-0.00316524505615234 -0.0151643753051758 0.14422607421875 0.0882568359375
-0.0029296875 -0.0127687454223633 0.160568237304688 -0.066497802734375
0.00201988220214844 -0.0271053314208984 -0.157562255859375 0.0782318115234375
0.0108470916748047 -0.0184555053710938 -0.144256591796875 -0.0766448974609375
-0.00279331207275391 -0.0130624771118164 -0.00112915039062498 -0.238677978515625
0.00231838226318359 0.00759553909301758 0.262313842773438 -0.219879150390625
0.00664710998535157 0.0263347625732422 0.38812255859375 0.145904541015625
0.00535774230957031 0.0241146087646484 0.13446044921875 0.460052490234375
-0.00604248046875 0.0383644104003906 -0.13079833984375 0.332275390625
-0.0272045135498047 0.0310096740722656 0.0201816558837891 0.032379150390625
-0.00521469116210938 0.0345115661621094 0.195709228515625 -0.31500244140625
0.0200710296630859 0.0230503082275391 -0.102447509765625 -0.488739013671875
0.0128421783447266 0.0147895812988281 -0.40167236328125 -0.132720947265625
0.00110721588134766 0.00470972061157226 -0.245941162109375 0.228897094726563
0.00304031372070312 -0.012969970703125 -0.00752258300781251 0.24212646484375
-0.00289058685302734 -0.016413688659668 0.15203857421875 0.0790557861328125
-0.00115776062011719 -0.0113687515258789 0.1551513671875 -0.074188232421875
0.0055084228515625 -0.0246086120605469 -0.161605834960938 0.0717620849609375
0.0124282836914063 -0.0171709060668945 -0.134162902832031 -0.0855484008789063
-0.00404739379882812 -0.0111684799194336 0.027252197265625 -0.243698120117188
-0.00205230712890625 0.00968360900878906 0.2913818359375 -0.199554443359375
0.00172615051269531 0.0255603790283203 0.3768310546875 0.1859130859375
0.00530242919921875 0.0188503265380859 0.088043212890625 0.47332763671875
-0.00305557250976563 0.0338420867919922 -0.1485595703125 0.310150146484375
-0.0199928283691406 0.0284881591796875 0.039398193359375 0.01312255859375
0.00150108337402344 0.0286846160888672 0.173370361328125 -0.34130859375
0.0214042663574219 0.0167942047119141 -0.1563720703125 -0.47222900390625
0.00972461700439453 0.0123805999755859 -0.407806396484375 -0.08502197265625
-0.00224971771240234 0.00667858123779297 -0.214340209960937 0.246978759765625
0.000307083129882813 -0.0117635726928711 0.0214691162109375 0.236801147460938
-0.00156879425048828 -0.0144481658935547 0.159820556640625 0.0700836181640625
0.00254440307617188 -0.00864934921264649 0.152374267578125 -0.0806121826171875
0.00963020324707031 -0.0206317901611328 -0.162765502929687 0.0657196044921875
0.0144414901733398 -0.0130987167358398 -0.123451232910156 -0.0928802490234375
-0.00495338439941406 -0.00600099563598633 0.0537567138671875 -0.246917724609375
-0.00787258148193359 0.0115938186645508 0.3179931640625 -0.17681884765625
-0.0049285888671875 0.0191383361816406 0.36029052734375 0.226806640625
0.00537252426147461 0.00542545318603516 0.040313720703125 0.482879638671875
0.00594329833984375 0.0218353271484375 -0.163665771484375 0.289459228515625
-0.00393867492675781 0.0190067291259766 0.0532188415527344 -0.00203323364257812
0.010371208190918 0.0137834548950195 0.1513671875 -0.36102294921875
0.0191822052001953 0.00469970703125 -0.198638916015625 -0.4549560546875
0.00330305099487305 0.00818014144897461 -0.407684326171875 -0.048126220703125
-0.00675868988037109 0.00952434539794922 -0.185775756835938 0.25823974609375
-0.00147676467895508 -0.0079197883605957 0.0454864501953125 0.2305908203125
0.00034046173095703 -0.00994491577148438 0.166061401367188 0.0614013671875
0.00654411315917969 -0.00465250015258789 0.148345947265625 -0.0866546630859375
0.0144643783569336 -0.0158414840698242 -0.16412353515625 0.060394287109375
0.0159530639648438 -0.00616073608398438 -0.115066528320312 -0.097259521484375
-0.00502252578735351 0.000361919403076172 0.0729827880859375 -0.24786376953125
-0.0147209167480469 0.0110740661621094 0.332550048828125 -0.15985107421875
-0.0134611129760742 0.00850677490234375 0.3475341796875 0.25115966796875
0.00767040252685547 -0.0154304504394531 0.007965087890625 0.485748291015625
0.0215282440185547 0.00207901000976563 -0.174468994140625 0.275985717773437
0.0195884704589844 0.00398445129394531 0.06011962890625 -0.0113334655761719
0.0193653106689453 -0.00830650329589844 0.13232421875 -0.37152099609375
0.0127487182617188 -0.0134744644165039 -0.22906494140625 -0.437957763671875
-0.00583648681640625 0.0036625862121582 -0.408050537109375 -0.0206909179687499
-0.00965595245361328 0.0123262405395508 -0.165328979492188 0.264816284179688
-0.000530481338500977 -0.00250530242919922 0.0629730224609375 0.226974487304688
0.0034480094909668 -0.00276875495910645 0.170791625976563 0.056671142578125
0.0116071701049805 -9.63211059570313E-05 0.146804809570313 -0.0893707275390625
0.0179519653320312 -0.011749267578125 -0.1632080078125 0.0587615966796875
0.0179252624511719 0.00192832946777344 -0.10955810546875 -0.097686767578125
-0.00514793395996094 0.00753116607666016 0.08123779296875 -0.247543334960937
-0.0217437744140625 0.00972366333007813 0.336639404296875 -0.15435791015625
-0.0210227966308594 -0.00514984130859375 0.34112548828125 0.260711669921875
0.0102157592773437 -0.0409164428710938 -0.00527954101562496 0.48590087890625
0.0416374206542969 -0.0214500427246094 -0.179656982421875 0.27252197265625
0.0474891662597656 -0.013641357421875 0.0582084655761719 -0.0121307373046875
0.0280609130859375 -0.0347919464111328 0.12030029296875 -0.3729248046875
0.00393867492675781 -0.0331172943115234 -0.242034912109375 -0.430389404296875
-0.0170135498046875 -0.00193023681640625 -0.40826416015625 -0.0113220214843749
-0.0128908157348633 0.0154886245727539 -0.157089233398437 0.265579223632813
0.00110864639282227 0.0046544075012207 0.0711517333984375 0.226089477539062
0.00707149505615234 0.00510358810424805 0.17388916015625 0.055908203125
0.0159997940063477 0.00389480590820313 0.146621704101563 -0.089813232421875
0.0216960906982422 -0.00800895690917969 -0.161972045898438 0.058837890625
0.0195693969726563 0.0109062194824219 -0.109779357910156 -0.0940399169921875
-0.00404167175292969 0.0150547027587891 0.075347900390625 -0.246749877929688
-0.0273818969726563 0.00919151306152344 0.330291748046875 -0.161773681640625
-0.0300006866455078 -0.0180625915527344 0.346343994140625 0.2457275390625
0.0093536376953125 -0.0678596496582031 0.00692749023437501 0.483642578125
0.0597610473632812 -0.0482139587402344 -0.179443359375 0.282135009765625
0.0764312744140625 -0.0337677001953125 0.0463409423828125 -0.00350189208984375
0.0380821228027344 -0.0625457763671875 0.1199951171875 -0.3619384765625
-0.004974365234375 -0.0547370910644531 -0.236175537109375 -0.4322509765625
-0.0285987854003906 -0.0097808837890625 -0.40997314453125 -0.0222167968750001
-0.0158672332763672 0.0180301666259766 -0.165069580078125 0.261749267578125
0.00324249267578125 0.0141744613647461 0.068206787109375 0.228912353515625
0.0117826461791992 0.0161924362182617 0.174209594726563 0.0595550537109375
0.0214080810546875 0.00938987731933594 0.14984130859375 -0.087554931640625
0.0252494812011719 -0.00499343872070313 -0.15802001953125 0.0628662109375
0.0222492218017578 0.0194797515869141 -0.115043640136719 -0.0856552124023438
-0.000417709350585938 0.0238075256347656 0.0543365478515625 -0.24432373046875
-0.0319671630859375 0.0107593536376953 0.30804443359375 -0.183380126953125
-0.0403671264648437 -0.0266990661621094 0.360748291015625 0.20928955078125
0.0019378662109375 -0.0912704467773438 0.04852294921875 0.4761962890625
0.071685791015625 -0.0771484375 -0.170501708984375 0.304901123046875
0.103927612304688 -0.0538787841796875 0.0222988128662109 0.0160331726074219
0.0515518188476563 -0.08880615234375 0.128204345703125 -0.339111328125
-0.00977325439453125 -0.0787811279296875 -0.2044677734375 -0.446075439453125
-0.0402984619140625 -0.020721435546875 -0.413970947265625 -0.056121826171875
-0.0212593078613281 0.0190963745117188 -0.192672729492188 0.250869750976563
0.00425529479980469 0.0201950073242187 0.0478057861328125 0.239013671875
0.0142669677734375 0.0272388458251953 0.172317504882813 0.069915771484375
0.0261268615722656 0.0134601593017578 0.155487060546875 -0.0800628662109375
-0.00034523010253906 -0.0285415649414063 -0.15447998046875 0.082550048828125
0.00906848907470703 -0.0166997909545898 -0.15081787109375 -0.0674896240234375
-0.0002288818359375 -0.0138559341430664 -0.02520751953125 -0.231597900390625
0.00453662872314453 0.00431251525878906 0.233047485351562 -0.236907958984375
0.00836563110351563 0.0229873657226563 0.394256591796875 0.105743408203125
0.00470924377441406 0.0208148956298828 0.179168701171875 0.44158935546875
-0.005096435546875 0.0342464447021484 -0.11309814453125 0.3505859375
-0.0254573822021484 0.0278301239013672 0.0015869140625 0.0499687194824219
-0.00889015197753907 0.0316886901855469 0.20916748046875 -0.2869873046875
0.0161895751953125 0.0216903686523438 -0.05572509765625 -0.497772216796875
0.0122661590576172 0.0141029357910156 -0.390380859375 -0.17681884765625
0.00452518463134766 0.0031285285949707 -0.273849487304688 0.207168579101562
0.00648593902587891 -0.0130844116210938 -0.0336456298828125 0.244415283203125
-0.00357627868652344 -0.0155010223388672 0.143783569335938 0.08734130859375
-0.00318527221679688 -0.012629508972168 0.159194946289063 -0.066741943359375
0.00138282775878906 -0.0271034240722656 -0.156326293945313 0.0788421630859375
0.0105953216552734 -0.0184345245361328 -0.14288330078125 -0.0755615234375
-0.00260734558105469 -0.0134449005126953 -0.000762939453125024 -0.236663818359375
0.00255298614501953 0.00727605819702149 0.2608642578125 -0.219100952148438
0.00684165954589844 0.0257854461669922 0.385589599609375 0.14556884765625
0.00568389892578125 0.0233783721923828 0.134613037109375 0.458160400390625
-0.00607681274414063 0.0379447937011719 -0.129852294921875 0.331085205078125
-0.026885986328125 0.0313358306884766 0.0201358795166016 0.0325889587402344
-0.00549697875976562 0.0335235595703125 0.1929931640625 -0.313995361328125
0.019866943359375 0.0227146148681641 -0.102996826171875 -0.48748779296875
0.012721061706543 0.0147190093994141 -0.399505615234375 -0.1312255859375
0.00141811370849609 0.00458765029907227 -0.2442626953125 0.227569580078125
0.00264263153076172 -0.0135383605957031 -0.00685119628906248 0.240219116210938
-0.00307750701904297 -0.0165071487426758 0.151046752929688 0.0774078369140625
-0.00147056579589844 -0.0116071701049805 0.15484619140625 -0.0747222900390625
0.00489425659179688 -0.0244426727294922 -0.159927368164063 0.072113037109375
0.0120620727539063 -0.0176753997802734 -0.132797241210938 -0.0842514038085937
-0.00393962860107422 -0.0108346939086914 0.026611328125 -0.242630004882813
-0.00188446044921875 0.00992107391357422 0.28985595703125 -0.19915771484375
0.00201797485351562 0.0251827239990234 0.3748779296875 0.18536376953125
0.00526046752929687 0.0184535980224609 0.088226318359375 0.47216796875
-0.00339508056640625 0.0338134765625 -0.14697265625 0.30859375
-0.0200405120849609 0.0281162261962891 0.039093017578125 0.0134162902832031
0.00167465209960937 0.0285129547119141 0.17193603515625 -0.3399658203125
0.0214557647705078 0.0162887573242187 -0.1552734375 -0.470367431640625
0.0103111267089844 0.0121793746948242 -0.40545654296875 -0.0854187011718751
-0.00271224975585938 0.00661849975585938 -0.212432861328125 0.245468139648438
8.96453857421882E-05 -0.0121545791625977 0.0217132568359375 0.235427856445313
-0.0021200180053711 -0.0146188735961914 0.15899658203125 0.0686187744140625
0.0022273063659668 -0.0085296630859375 0.151641845703125 -0.0804290771484375
0.00841903686523438 -0.0207405090332031 -0.161300659179688 0.065765380859375
0.0139713287353516 -0.0135517120361328 -0.122329711914063 -0.0914535522460938
-0.00470781326293945 -0.00603532791137695 0.05340576171875 -0.245147705078125
-0.00782585144042969 0.0112857818603516 0.315338134765625 -0.176666259765625
-0.00510978698730468 0.0187530517578125 0.3592529296875 0.22589111328125
0.00560331344604492 0.00519704818725586 0.040740966796875 0.481292724609375
0.00588798522949219 0.021240234375 -0.162811279296875 0.28851318359375
-0.00378608703613281 0.019134521484375 0.0532951354980469 -0.00162887573242187
0.0104484558105469 0.0136594772338867 0.150421142578125 -0.358428955078125
0.0192127227783203 0.00376129150390625 -0.197845458984375 -0.45257568359375
0.00363492965698242 0.00795888900756836 -0.407257080078125 -0.046844482421875
-0.00641727447509765 0.00937366485595703 -0.183944702148438 0.25665283203125
-0.00102043151855469 -0.00809526443481445 0.0454864501953125 0.229324340820312
0.000262260437011719 -0.010045051574707 0.165176391601562 0.06024169921875
0.00603437423706055 -0.00476646423339844 0.147994995117188 -0.086883544921875
0.0132827758789063 -0.0164451599121094 -0.162994384765625 0.060791015625
0.0158061981201172 -0.00613689422607422 -0.113845825195312 -0.096160888671875
-0.00478982925415039 0.000181198120117186 0.07257080078125 -0.247390747070313
-0.0146760940551758 0.0112752914428711 0.3297119140625 -0.160797119140625
-0.0126800537109375 0.00811100006103516 0.347320556640625 0.249755859375
0.00752735137939453 -0.0157384872436523 0.00872802734375 0.484649658203125
0.0213813781738281 0.001983642578125 -0.172409057617188 0.274658203125
0.0193920135498047 0.0042266845703125 0.0601654052734375 -0.0106925964355469
0.0189723968505859 -0.00840568542480469 0.130889892578125 -0.36956787109375
0.0131540298461914 -0.0133199691772461 -0.22808837890625 -0.435943603515625
-0.00577735900878906 0.00371885299682617 -0.406280517578125 -0.0205993652343749
-0.00969791412353516 0.0122804641723633 -0.164154052734375 0.2630615234375
-0.000487327575683594 -0.00268006324768066 0.063018798828125 0.225738525390625
0.00330615043640137 -0.00241470336914063 0.169830322265625 0.05523681640625
0.0118331909179687 -0.000346183776855469 0.145751953125 -0.0894927978515625
0.0167865753173828 -0.0119705200195312 -0.161911010742188 0.0585479736328125
0.0179977416992188 0.00134086608886719 -0.108955383300781 -0.0967559814453125
-0.00494098663330078 0.00767326354980469 0.08087158203125 -0.246322631835937
-0.0215587615966797 0.0101261138916016 0.33453369140625 -0.154571533203125
-0.0213241577148438 -0.00550651550292969 0.33990478515625 0.258209228515625
0.0104446411132813 -0.0408821105957031 -0.00527954101562497 0.48486328125
0.0408096313476563 -0.0215377807617187 -0.178207397460938 0.2713623046875
0.04730224609375 -0.0133285522460938 0.0582122802734375 -0.0117111206054688
0.0276966094970703 -0.0342235565185547 0.120208740234375 -0.370758056640625
0.00377464294433594 -0.0327014923095703 -0.240814208984375 -0.426849365234375
-0.0171537399291992 -0.00210952758789063 -0.405853271484375 -0.0103759765625
-0.0122089385986328 0.0156688690185547 -0.156387329101562 0.264663696289063
0.000959396362304688 0.00477266311645508 0.07147216796875 0.224685668945313
0.00715351104736328 0.00526285171508789 0.173049926757813 0.055084228515625
0.0160408020019531 0.00384807586669922 0.1461181640625 -0.08978271484375
0.0208168029785156 -0.00815773010253906 -0.160308837890625 0.05889892578125
0.0198841094970703 0.0104007720947266 -0.108901977539063 -0.09356689453125
-0.00342655181884766 0.0153522491455078 0.0753173828125 -0.246078491210938
-0.0277137756347656 0.00920486450195313 0.32781982421875 -0.1617431640625
-0.0297622680664063 -0.0181083679199219 0.34539794921875 0.244140625
0.00959777832031249 -0.0675582885742187 0.00848388671875005 0.481170654296875
0.0589103698730469 -0.0479240417480469 -0.1773681640625 0.28009033203125
0.075531005859375 -0.0334548950195313 0.0462265014648438 -0.00362396240234375
0.0375633239746094 -0.0622138977050781 0.11944580078125 -0.359466552734375
-0.00494766235351562 -0.0546913146972656 -0.2349853515625 -0.430419921875
-0.0287246704101563 -0.00996017456054687 -0.40899658203125 -0.0207519531249999
-0.0157546997070313 0.0181255340576172 -0.163970947265625 0.261337280273438
0.00298500061035156 0.0139894485473633 0.0681304931640625 0.227432250976563
0.0110540390014648 0.016139030456543 0.173934936523437 0.05804443359375
0.0216140747070313 0.00910186767578125 0.148452758789063 -0.087982177734375
0.024322509765625 -0.00500106811523438 -0.156875610351563 0.063140869140625
0.0217647552490234 0.0192718505859375 -0.113380432128906 -0.0847702026367188
-0.000637054443359376 0.0235824584960937 0.054443359375 -0.243118286132812
-0.0318832397460938 0.0106029510498047 0.30670166015625 -0.183074951171875
-0.0396308898925781 -0.0267715454101562 0.36029052734375 0.20794677734375
0.00163269042968751 -0.0910720825195313 0.048583984375 0.47503662109375
0.0711288452148438 -0.07684326171875 -0.168975830078125 0.30377197265625
0.10302734375 -0.0536727905273438 0.0228939056396484 0.0156192779541016
0.0513839721679687 -0.0882492065429688 0.12677001953125 -0.33660888671875
-0.00969696044921874 -0.0783615112304688 -0.20367431640625 -0.443206787109375
-0.0400657653808594 -0.0209083557128906 -0.41168212890625 -0.055999755859375
-0.0212669372558594 0.0191535949707031 -0.191650390625 0.250289916992188
0.00432395935058594 0.0196094512939453 0.04730224609375 0.236892700195313
0.0143165588378906 0.0266399383544922 0.171859741210938 0.06927490234375
0.0256328582763672 0.0132827758789063 0.154281616210938 -0.0807952880859375
-0.00112724304199219 -0.0287590026855469 -0.153045654296875 0.082489013671875
0.0088348388671875 -0.0168514251708984 -0.149642944335938 -0.0670928955078125
-6.67572021484388E-05 -0.013768196105957 -0.0252227783203125 -0.23046875
0.00444364547729492 0.00436019897460938 0.232666015625 -0.235687255859375
0.00826835632324219 0.0225582122802734 0.392578125 0.105377197265625
0.00455284118652344 0.020263671875 0.178497314453125 0.440673828125
-0.00524711608886719 0.0337409973144531 -0.11102294921875 0.34954833984375
-0.0259323120117187 0.0277061462402344 0.0019989013671875 0.0498390197753906
-0.00854301452636719 0.0314731597900391 0.20928955078125 -0.28631591796875
0.0159568786621094 0.0220661163330078 -0.0535583496093751 -0.495635986328125
0.0124855041503906 0.0141420364379883 -0.388153076171875 -0.175872802734375
0.00441503524780273 0.00343179702758789 -0.272354125976563 0.205963134765625
0.00653553009033203 -0.0135784149169922 -0.033172607421875 0.243499755859375
-0.0037384033203125 -0.0150508880615234 0.14312744140625 0.086883544921875
-0.00314521789550781 -0.0128583908081055 0.158767700195313 -0.0667572021484375
0.000955581665039061 -0.0269775390625 -0.155471801757813 0.0785369873046875
0.00992774963378906 -0.0185775756835937 -0.141937255859375 -0.0745391845703125
-0.00255966186523437 -0.0132369995117188 -0.000625610351562483 -0.23614501953125
0.00194168090820313 0.00743532180786133 0.26043701171875 -0.218978881835938
0.006683349609375 0.0254688262939453 0.385711669921875 0.145050048828125
0.00552177429199219 0.0231571197509766 0.134979248046875 0.458160400390625
-0.0065460205078125 0.0377769470214844 -0.12921142578125 0.329833984375
-0.0275039672851563 0.0306129455566406 0.0199775695800781 0.0322399139404297
-0.00565910339355469 0.0337657928466797 0.194488525390625 -0.311614990234375
0.0198993682861328 0.0227069854736328 -0.10198974609375 -0.486419677734375
0.0125999450683594 0.0143423080444336 -0.39837646484375 -0.13116455078125
0.00150156021118164 0.00473880767822266 -0.242904663085938 0.226608276367187
0.00233745574951172 -0.0139007568359375 -0.00714111328125001 0.2391357421875
-0.00371456146240234 -0.0165796279907227 0.150527954101563 0.0771484375
-0.00146198272705078 -0.0115966796875 0.15423583984375 -0.074432373046875
0.00431060791015625 -0.0242118835449219 -0.159194946289063 0.0722198486328125
0.0117073059082031 -0.0177879333496094 -0.13214111328125 -0.0836639404296875
-0.0040283203125 -0.0107669830322266 0.02655029296875 -0.241775512695313
-0.00210666656494141 0.0099334716796875 0.288818359375 -0.199493408203125
0.00195884704589844 0.0245742797851563 0.373504638671875 0.185638427734375
0.00538444519042969 0.0182704925537109 0.087432861328125 0.469635009765625
-0.00339889526367187 0.0332736968994141 -0.146484375 0.30767822265625
-0.0202178955078125 0.0280513763427734 0.0394439697265625 0.0132369995117188
0.00105094909667968 0.0282707214355469 0.171875 -0.33758544921875
0.0212650299072266 0.0158557891845703 -0.155517578125 -0.46856689453125
0.00991725921630859 0.01220703125 -0.404022216796875 -0.085205078125
-0.00220775604248047 0.00660324096679688 -0.2120361328125 0.2445068359375
0.000158309936523437 -0.0122098922729492 0.0215911865234375 0.233901977539062
-0.00218009948730469 -0.0143251419067383 0.157806396484375 0.068145751953125
0.00199413299560547 -0.00887393951416016 0.150985717773438 -0.0806121826171875
0.00798606872558594 -0.0205974578857422 -0.160171508789063 0.0663299560546875
0.0135288238525391 -0.0138893127441406 -0.121475219726563 -0.0909652709960938
-0.00485420227050781 -0.00551366806030274 0.053131103515625 -0.244766235351562
-0.00797939300537109 0.0115623474121094 0.314422607421875 -0.176971435546875
-0.00465774536132812 0.0188961029052734 0.35760498046875 0.223663330078125
0.00610780715942383 0.00480413436889648 0.040130615234375 0.47900390625
0.00566482543945313 0.0211715698242187 -0.161163330078125 0.287384033203125
-0.00385475158691406 0.0191650390625 0.0530433654785156 -0.00120925903320312
0.00957202911376953 0.0132808685302734 0.14996337890625 -0.357421875
0.0192298889160156 0.00363349914550781 -0.19622802734375 -0.4505615234375
0.00347757339477539 0.00785636901855469 -0.403900146484375 -0.0463562011718749
-0.00596427917480469 0.00915718078613281 -0.183441162109375 0.255905151367188
-0.00120353698730469 -0.00818538665771484 0.04583740234375 0.228225708007813
0.000441551208496095 -0.0103950500488281 0.16424560546875 0.059722900390625
0.00574350357055664 -0.00522041320800781 0.146896362304688 -0.0868988037109375
0.0124187469482422 -0.0163116455078125 -0.161911010742188 0.0610504150390625
0.0158653259277344 -0.00683689117431641 -0.113044738769531 -0.0962142944335938
-0.00503444671630859 0.000529289245605468 0.07232666015625 -0.246307373046875
-0.014643669128418 0.0106496810913086 0.32879638671875 -0.161163330078125
-0.0123567581176758 0.00779342651367187 0.344940185546875 0.249542236328125
0.00780677795410156 -0.0156669616699219 0.00860595703124997 0.48236083984375
0.021087646484375 0.00187873840332031 -0.171722412109375 0.273483276367188
0.0192527770996094 0.00460624694824219 0.0600242614746094 -0.0103759765625
0.0190353393554688 -0.00839805603027344 0.13055419921875 -0.367401123046875
0.0128974914550781 -0.0132694244384766 -0.227783203125 -0.434356689453125
-0.00573444366455078 0.00322389602661133 -0.404632568359375 -0.0205383300781251
-0.0094137191772461 0.012181282043457 -0.163223266601563 0.26251220703125
-0.000822305679321289 -0.00262331962585449 0.0630035400390625 0.22418212890625
0.00342440605163574 -0.00248098373413086 0.16925048828125 0.0546417236328125
0.0117034912109375 -0.0004119873046875 0.144821166992188 -0.0895843505859375
0.0158061981201172 -0.0114221572875977 -0.160919189453125 0.0587310791015625
0.0174932479858398 0.00127601623535156 -0.108314514160156 -0.0963897705078125
-0.00515460968017578 0.00791549682617188 0.080413818359375 -0.245223999023438
-0.0217666625976563 0.00950050354003906 0.3330078125 -0.15399169921875
-0.0208892822265625 -0.00542068481445312 0.3388671875 0.257049560546875
0.00995635986328125 -0.0411949157714844 -0.00503540039062501 0.483184814453125
0.0404701232910156 -0.0213241577148438 -0.177322387695313 0.270309448242188
0.0467720031738281 -0.0131607055664063 0.0582160949707031 -0.0116615295410156
0.0273075103759766 -0.0344104766845703 0.1199951171875 -0.368560791015625
0.00408554077148437 -0.0327205657958984 -0.241058349609375 -0.42584228515625
-0.0169448852539063 -0.00213146209716797 -0.40423583984375 -0.011810302734375
-0.0125827789306641 0.0152549743652344 -0.15533447265625 0.263717651367187
0.00102639198303223 0.00426483154296875 0.070770263671875 0.22357177734375
0.00699472427368164 0.00511407852172852 0.171859741210938 0.0543975830078125
0.0155601501464844 0.00338363647460938 0.145370483398438 -0.0899658203125
0.0201244354248047 -0.00790023803710938 -0.159393310546875 0.05950927734375
0.0197391510009766 0.0102405548095703 -0.10791015625 -0.0926742553710938
-0.00379180908203125 0.0152769088745117 0.07476806640625 -0.244827270507812
-0.027099609375 0.00928878784179687 0.32647705078125 -0.161407470703125
-0.0291576385498047 -0.0183582305908203 0.34442138671875 0.24383544921875
0.00902557373046875 -0.0673484802246094 0.00936889648437497 0.479461669921875
0.0589218139648438 -0.0478248596191406 -0.176849365234375 0.278976440429688
0.0752944946289062 -0.0332107543945313 0.0463104248046875 -0.00326156616210938
0.0372734069824219 -0.0612945556640625 0.11859130859375 -0.358673095703125
-0.00508880615234375 -0.0545463562011719 -0.232879638671875 -0.42840576171875
-0.0284824371337891 -0.00966262817382812 -0.407501220703125 -0.0216979980468749
-0.0156078338623047 0.0176963806152344 -0.163070678710938 0.259979248046875
0.00264930725097656 0.0136098861694336 0.0680694580078125 0.2264404296875
0.0112829208374023 0.0161457061767578 0.172714233398438 0.057708740234375
0.021240234375 0.00852203369140625 0.147552490234375 -0.0880889892578125
0.0237541198730469 -0.00519752502441406 -0.155990600585938 0.06317138671875
0.0219154357910156 0.0190906524658203 -0.112770080566406 -0.0845718383789063
-0.000907897949218749 0.0232715606689453 0.0544281005859375 -0.242843627929688
-0.0314769744873047 0.0103302001953125 0.3060302734375 -0.181884765625
-0.0394744873046875 -0.0266532897949219 0.35882568359375 0.2073974609375
0.00198364257812501 -0.0907363891601563 0.048370361328125 0.473236083984375
0.07061767578125 -0.0763626098632813 -0.16790771484375 0.302276611328125
0.102447509765625 -0.0530624389648438 0.0231037139892578 0.0160923004150391
0.051055908203125 -0.0883255004882813 0.127227783203125 -0.33416748046875
-0.00994110107421875 -0.0781173706054688 -0.202606201171875 -0.441253662109375
-0.0399551391601563 -0.0207901000976563 -0.410980224609375 -0.0555725097656251
-0.0205745697021484 0.0188331604003906 -0.19024658203125 0.248870849609375
0.00372886657714844 0.0194339752197266 0.047821044921875 0.235565185546875
0.0141963958740234 0.0264911651611328 0.170700073242187 0.06829833984375
0.0258598327636719 0.0127849578857422 0.153839111328125 -0.0804901123046875
-0.00199317932128906 -0.0287265777587891 -0.152389526367187 0.0827484130859375
0.00868511199951172 -0.0169744491577148 -0.148880004882813 -0.066680908203125
-7.53402709960931E-05 -0.0133676528930664 -0.0244598388671875 -0.229629516601563
0.0045771598815918 0.00418519973754883 0.232025146484375 -0.235504150390625
0.00838470458984375 0.0227069854736328 0.3916015625 0.105712890625
0.00497245788574219 0.0196819305419922 0.17779541015625 0.439849853515625
-0.005279541015625 0.0334568023681641 -0.111419677734375 0.35015869140625
-0.0260086059570312 0.0276775360107422 0.00189208984375 0.0497703552246094
-0.00896072387695313 0.0309715270996094 0.208892822265625 -0.28399658203125
0.0159320831298828 0.021697998046875 -0.0537109375000001 -0.495941162109375
0.0126304626464844 0.0140209197998047 -0.38812255859375 -0.1759033203125
0.00455522537231445 0.00303363800048828 -0.271926879882813 0.205596923828125
0.00658035278320312 -0.0134048461914063 -0.0333404541015625 0.243072509765625
-0.00397777557373047 -0.0154380798339844 0.142913818359375 0.086090087890625
-0.00302600860595703 -0.0126228332519531 0.158477783203125 -0.0671539306640625
-0.000434875488281248 -0.0271015167236328 -0.154464721679688 0.078643798828125
0.00996208190917969 -0.0191593170166016 -0.141342163085938 -0.0743255615234375
-0.00286293029785156 -0.013096809387207 -0.000656127929687498 -0.235870361328125
0.00228166580200195 0.00749444961547851 0.259307861328125 -0.218292236328125
0.00715827941894531 0.0252571105957031 0.38421630859375 0.1451416015625
0.00579643249511719 0.0229663848876953 0.134246826171875 0.456573486328125
-0.00638580322265625 0.0379447937011719 -0.129058837890625 0.328887939453125
-0.0275382995605469 0.0308475494384766 0.0199565887451172 0.0324192047119141
-0.00603103637695313 0.0341415405273438 0.192230224609375 -0.310394287109375
0.0198554992675781 0.0222454071044922 -0.101593017578125 -0.485260009765625
0.0130605697631836 0.0145063400268555 -0.397308349609375 -0.131988525390625
0.00165748596191406 0.00475311279296875 -0.242355346679688 0.22564697265625
0.00252437591552734 -0.0140848159790039 -0.00711059570312498 0.238204956054688
-0.00342655181884766 -0.0165519714355469 0.150619506835938 0.0771026611328125
-0.00194072723388672 -0.011296272277832 0.153610229492188 -0.074462890625
0.00332069396972656 -0.0239219665527344 -0.15777587890625 0.072601318359375
0.0115509033203125 -0.0176467895507813 -0.131546020507813 -0.0837326049804688
-0.00373649597167969 -0.0103578567504883 0.026885986328125 -0.240966796875
-0.00210475921630859 0.0100584030151367 0.2880859375 -0.1982421875
0.00188446044921875 0.0244865417480469 0.372039794921875 0.185394287109375
0.00568008422851562 0.0180301666259766 0.08831787109375 0.4693603515625
-0.00371170043945312 0.0334186553955078 -0.146270751953125 0.306060791015625
-0.0206432342529297 0.0282001495361328 0.0395393371582031 0.0135002136230469
0.000619888305664064 0.0279254913330078 0.170654296875 -0.337005615234375
0.0216274261474609 0.0159664154052734 -0.153289794921875 -0.4671630859375
0.0099334716796875 0.012150764465332 -0.402801513671875 -0.0859680175781249
-0.00217676162719727 0.00648689270019531 -0.211395263671875 0.243667602539063
5.14984130859368E-05 -0.0124759674072266 0.021392822265625 0.233505249023438
-0.00218772888183594 -0.0147190093994141 0.157455444335938 0.06768798828125
0.00217342376708984 -0.00898647308349609 0.150558471679688 -0.0810089111328125
0.00699043273925781 -0.0204620361328125 -0.159713745117188 0.066314697265625
0.0134449005126953 -0.0134906768798828 -0.120658874511719 -0.0911788940429688
-0.00465250015258789 -0.0052485466003418 0.05377197265625 -0.24395751953125
-0.00788593292236328 0.0112667083740234 0.3135986328125 -0.176483154296875
-0.00451469421386719 0.0185050964355469 0.3587646484375 0.22406005859375
0.00597906112670898 0.00505447387695313 0.040557861328125 0.479522705078125
0.00523757934570312 0.0211811065673828 -0.161163330078125 0.2861328125
-0.00420951843261719 0.0191516876220703 0.0532722473144531 -0.000850677490234374
0.00965976715087891 0.0135507583618164 0.150238037109375 -0.355743408203125
0.0192127227783203 0.00346183776855469 -0.19573974609375 -0.4503173828125
0.00381231307983398 0.00816059112548828 -0.40386962890625 -0.047576904296875
-0.00602912902832031 0.00917720794677734 -0.182662963867187 0.254592895507813
-0.00165748596191406 -0.00845861434936523 0.045135498046875 0.22760009765625
0.000180244445800782 -0.00989913940429687 0.163528442382813 0.0591583251953125
0.00593280792236328 -0.0052490234375 0.146484375 -0.0867156982421875
0.0118999481201172 -0.0160436630249023 -0.161041259765625 0.061309814453125
0.0150566101074219 -0.00684642791748047 -0.112228393554688 -0.095703125
-0.00479745864868164 0.000535964965820313 0.0724334716796875 -0.245681762695312
-0.0148029327392578 0.0111799240112305 0.32818603515625 -0.161041259765625
-0.0125741958618164 0.00753498077392578 0.344818115234375 0.24859619140625
0.00809001922607422 -0.0157737731933594 0.0084228515625 0.482513427734375
0.0210895538330078 0.00168800354003906 -0.171356201171875 0.2723388671875
0.0187015533447266 0.00447845458984375 0.0599822998046875 -0.0103530883789063
0.0183296203613281 -0.00812721252441406 0.13067626953125 -0.366424560546875
0.0128660202026367 -0.0136346817016602 -0.227447509765625 -0.43292236328125
-0.00570917129516602 0.00301885604858399 -0.403961181640625 -0.0215759277343749
-0.00907325744628906 0.011937141418457 -0.163192749023438 0.261093139648437
-0.000925779342651367 -0.00323200225830078 0.0625457763671875 0.223983764648438
0.00320839881896973 -0.00298547744750977 0.168365478515625 0.0538787841796875
0.0113353729248047 -0.000478744506835938 0.144744873046875 -0.089263916015625
0.0155763626098633 -0.0115814208984375 -0.160186767578125 0.059051513671875
0.0175724029541016 0.00126838684082031 -0.107490539550781 -0.0962600708007813
-0.00505256652832031 0.00759077072143555 0.080230712890625 -0.245376586914063
-0.0219783782958984 0.0099639892578125 0.33258056640625 -0.1536865234375
-0.0207996368408203 -0.00589752197265625 0.336883544921875 0.257171630859375
0.0103759765625 -0.0411796569824219 -0.00408935546875005 0.482208251953125
0.040374755859375 -0.0209312438964844 -0.176589965820313 0.268905639648438
0.0461273193359375 -0.0129432678222656 0.0584869384765625 -0.0113296508789062
0.0269603729248047 -0.0339012145996094 0.12054443359375 -0.36688232421875
0.003875732421875 -0.0326519012451172 -0.2392578125 -0.4251708984375
-0.0165996551513672 -0.00229263305664063 -0.4046630859375 -0.01141357421875
-0.012080192565918 0.0155515670776367 -0.155258178710937 0.261932373046875
0.00110268592834473 0.00391793251037598 0.0708465576171875 0.222869873046875
0.00718832015991211 0.00508594512939453 0.171295166015625 0.0535430908203125
0.0153665542602539 0.0033721923828125 0.144927978515625 -0.0899810791015625
0.0191612243652344 -0.00781822204589844 -0.158935546875 0.05963134765625
0.0191822052001953 0.0100460052490234 -0.107383728027344 -0.0928802490234375
-0.00382423400878906 0.0153408050537109 0.074737548828125 -0.245040893554687
-0.0276699066162109 0.00919914245605468 0.326629638671875 -0.161376953125
-0.0291690826416016 -0.0186367034912109 0.34332275390625 0.24371337890625
0.00967025756835937 -0.0672378540039063 0.00860595703124998 0.47943115234375
0.0584068298339844 -0.0475502014160156 -0.176361083984375 0.278213500976562
0.07501220703125 -0.0328750610351563 0.0463600158691406 -0.0030517578125
0.0369224548339844 -0.0613594055175781 0.118988037109375 -0.356719970703125
-0.00481414794921875 -0.0541610717773438 -0.2327880859375 -0.427886962890625
-0.028564453125 -0.00962448120117188 -0.4073486328125 -0.0217285156249999
-0.0153560638427734 0.0177726745605469 -0.163040161132813 0.2587890625
0.002899169921875 0.0135536193847656 0.0679168701171875 0.225845336914062
0.0114498138427734 0.0157756805419922 0.172332763671875 0.0572967529296875
0.0210609436035156 0.00844573974609375 0.1474609375 -0.0881500244140625
0.0232353210449219 -0.00499343872070313 -0.155410766601562 0.063262939453125
0.0215625762939453 0.0187397003173828 -0.111862182617188 -0.084869384765625
-0.000728607177734374 0.023193359375 0.05438232421875 -0.242095947265625
-0.0317249298095703 0.0105381011962891 0.305328369140625 -0.1824951171875
-0.038909912109375 -0.0267410278320313 0.356842041015625 0.206939697265625
0.00174713134765625 -0.0909652709960938 0.048431396484375 0.472442626953125
0.0704727172851563 -0.0755081176757812 -0.16778564453125 0.300567626953125
0.102806091308594 -0.05230712890625 0.0229816436767578 0.0157184600830078
0.0507736206054688 -0.0870895385742188 0.127532958984375 -0.33270263671875
-0.00980377197265625 -0.0777206420898438 -0.20196533203125 -0.44000244140625
-0.0397109985351563 -0.0210685729980469 -0.409912109375 -0.0556640625000001
-0.0205059051513672 0.0189399719238281 -0.190338134765625 0.248138427734375
0.00390434265136719 0.0192546844482422 0.04730224609375 0.2349853515625
0.0140342712402344 0.0259017944335938 0.170562744140625 0.0678253173828125
0.0252437591552734 0.0126113891601563 0.153396606445313 -0.0810699462890625
-0.00256729125976563 -0.0280990600585937 -0.152114868164062 0.082855224609375
0.00867176055908203 -0.0171012878417969 -0.14886474609375 -0.0663909912109375
-0.000195503234863282 -0.0133743286132813 -0.0237274169921875 -0.229278564453125
0.00432872772216797 0.00464582443237305 0.232147216796875 -0.234817504882813
0.00836753845214844 0.0220699310302734 0.391754150390625 0.10601806640625
0.00457763671875 0.0198497772216797 0.177947998046875 0.441436767578125
-0.00534820556640625 0.03363037109375 -0.11297607421875 0.348724365234375
-0.0264434814453125 0.0275135040283203 0.00196075439453125 0.0497970581054688
-0.00918197631835938 0.0309906005859375 0.208404541015625 -0.28387451171875
0.0160636901855469 0.0214939117431641 -0.0523681640625 -0.49530029296875
0.0126819610595703 0.0140151977539063 -0.3868408203125 -0.177947998046875
0.0042269229888916 0.0028235912322998 -0.272247314453125 0.204269409179687
0.00639152526855469 -0.0136852264404297 -0.03326416015625 0.242034912109375
-0.00385570526123047 -0.0154027938842773 0.142349243164063 0.0859832763671875
-0.00351715087890625 -0.0125265121459961 0.1580810546875 -0.06695556640625
-0.00125885009765625 -0.026641845703125 -0.154403686523438 0.0789947509765625
0.00943374633789063 -0.0190467834472656 -0.140670776367188 -0.0743408203125
-0.00284671783447266 -0.0131893157958984 0.000152587890624985 -0.235198974609375
0.00188159942626953 0.00720357894897461 0.259841918945313 -0.218414306640625
0.00675010681152344 0.02459716796875 0.384063720703125 0.1448974609375
0.00615501403808593 0.0226325988769531 0.13360595703125 0.458038330078125
-0.00676727294921875 0.037750244140625 -0.129364013671875 0.327880859375
-0.0278110504150391 0.0309906005859375 0.0200233459472656 0.0324783325195313
-0.00622177124023437 0.033599853515625 0.1929931640625 -0.310394287109375
0.0196895599365234 0.0225849151611328 -0.10009765625 -0.48394775390625
0.0131855010986328 0.0142393112182617 -0.397064208984375 -0.132904052734375
0.00163745880126953 0.00453948974609375 -0.24298095703125 0.22509765625
0.00270938873291016 -0.0141572952270508 -0.00685119628906251 0.238113403320313
-0.00362586975097656 -0.0165529251098633 0.1497802734375 0.0764923095703125
-0.00189208984375 -0.0114898681640625 0.15374755859375 -0.07470703125
0.00262451171875 -0.0241374969482422 -0.157684326171875 0.0725555419921875
0.0114326477050781 -0.0179920196533203 -0.130699157714844 -0.083343505859375
-0.0037841796875 -0.0103740692138672 0.027435302734375 -0.240585327148438
-0.00219917297363281 0.010075569152832 0.28778076171875 -0.198028564453125
0.00230216979980469 0.0242671966552734 0.373046875 0.1846923828125
0.00577926635742187 0.0177555084228516 0.08648681640625 0.470306396484375
-0.00378799438476563 0.03289794921875 -0.14617919921875 0.3052978515625
-0.0206966400146484 0.02825927734375 0.0394020080566406 0.0133514404296875
0.000463485717773435 0.0280647277832031 0.172882080078125 -0.335357666015625
0.0213127136230469 0.0157546997070313 -0.1534423828125 -0.46893310546875
0.0100250244140625 0.0119619369506836 -0.4027099609375 -0.0862426757812499
-0.00228643417358398 0.00637435913085938 -0.21197509765625 0.242263793945313
-0.000206947326660157 -0.0124378204345703 0.0212860107421875 0.23309326171875
-0.00251483917236328 -0.0144853591918945 0.157562255859375 0.0671234130859375
0.00202560424804688 -0.00891017913818359 0.150238037109375 -0.081268310546875
0.00664520263671875 -0.0203342437744141 -0.159103393554687 0.0667572021484375
0.0130958557128906 -0.0138273239135742 -0.120437622070313 -0.0908050537109375
-0.00469303131103516 -0.00559282302856445 0.054229736328125 -0.24420166015625
-0.00817203521728516 0.0115165710449219 0.312591552734375 -0.175811767578125
-0.00469589233398438 0.0183849334716797 0.356597900390625 0.2252197265625
0.00634908676147461 0.00459432601928711 0.039276123046875 0.479156494140625
0.00538253784179688 0.0212764739990234 -0.160797119140625 0.285736083984375
-0.00464630126953125 0.0190448760986328 0.0532455444335938 -0.000701904296874999
0.00972747802734375 0.0135288238525391 0.15069580078125 -0.355499267578125
0.0193080902099609 0.00351715087890625 -0.194183349609375 -0.4512939453125
0.00327444076538086 0.00789880752563477 -0.404144287109375 -0.0473022460937501
-0.00603485107421875 0.00934410095214844 -0.183502197265625 0.254547119140625
-0.00160408020019531 -0.00866937637329101 0.044952392578125 0.22723388671875
-9.1552734374999E-05 -0.010345458984375 0.163711547851563 0.0589447021484375
0.00605535507202148 -0.00532722473144531 0.14630126953125 -0.087005615234375
0.0109672546386719 -0.0160045623779297 -0.160797119140625 0.0616302490234375
0.0154047012329102 -0.00706005096435547 -0.111618041992188 -0.0958709716796875
-0.00497150421142578 0.000551223754882813 0.07257080078125 -0.246231079101563
-0.0148115158081055 0.0110397338867188 0.328033447265625 -0.1602783203125
-0.0121936798095703 0.00728130340576172 0.34417724609375 0.250885009765625
0.008331298828125 -0.0160942077636719 0.00875854492187502 0.482879638671875
0.0211353302001953 0.00183868408203125 -0.170944213867187 0.272003173828125
0.0187740325927734 0.00484085083007813 0.0602378845214844 -0.009613037109375
0.0188255310058594 -0.00813484191894531 0.132110595703125 -0.364410400390625
0.0126981735229492 -0.0136909484863281 -0.226104736328125 -0.433380126953125
-0.00557804107666016 0.00359010696411133 -0.404510498046875 -0.02178955078125
-0.009368896484375 0.0120315551757812 -0.163177490234375 0.260726928710938
-0.00113415718078613 -0.0034027099609375 0.06231689453125 0.223419189453125
0.00319433212280273 -0.00288534164428711 0.168365478515625 0.0533599853515625
0.0112066268920898 -0.000950813293457031 0.144454956054688 -0.0899200439453125
0.0152759552001953 -0.0115261077880859 -0.160369873046875 0.059173583984375
0.0172605514526367 0.00146675109863281 -0.106483459472656 -0.0965118408203125
-0.00503826141357422 0.00807952880859375 0.0809326171875 -0.245956420898438
-0.021759033203125 0.00971794128417969 0.333404541015625 -0.1546630859375
-0.0206680297851563 -0.00605583190917968 0.338165283203125 0.25738525390625
0.01068115234375 -0.041351318359375 -0.00503540039062505 0.48309326171875
0.0405044555664063 -0.0208854675292969 -0.17681884765625 0.268234252929688
0.0460700988769531 -0.0123710632324219 0.0591812133789063 -0.0108604431152344
0.026702880859375 -0.0339889526367188 0.121368408203125 -0.36669921875
0.0038604736328125 -0.0325775146484375 -0.238433837890625 -0.425628662109375
-0.0168581008911133 -0.00243186950683594 -0.403961181640625 -0.012115478515625
-0.0124492645263672 0.015167236328125 -0.1553955078125 0.26177978515625
0.000915288925170899 0.00359439849853516 0.07086181640625 0.2225341796875
0.00668478012084961 0.00462532043457031 0.171646118164063 0.0533294677734375
0.0151548385620117 0.00318813323974609 0.145126342773437 -0.0902862548828125
0.018798828125 -0.00762176513671875 -0.158523559570313 0.0592803955078125
0.0190086364746094 0.00988578796386719 -0.1065673828125 -0.0929641723632812
-0.00377655029296875 0.0154085159301758 0.0749664306640625 -0.244857788085938
-0.0279903411865234 0.00931739807128906 0.326690673828125 -0.159912109375
-0.029571533203125 -0.0189189910888672 0.343719482421875 0.243682861328125
0.00981521606445313 -0.0677223205566406 0.00790405273437499 0.48028564453125
0.0587882995605469 -0.0471115112304688 -0.176742553710937 0.277984619140625
0.0745468139648438 -0.03216552734375 0.0466766357421875 -0.00322723388671875
0.0368614196777344 -0.0608406066894531 0.11968994140625 -0.355865478515625
-0.004791259765625 -0.0542335510253906 -0.231719970703125 -0.427764892578125
-0.0283432006835938 -0.00982666015625 -0.405914306640625 -0.023040771484375
-0.0153255462646484 0.0178089141845703 -0.163742065429687 0.258865356445313
0.00286865234375 0.0131425857543945 0.067901611328125 0.224960327148438
0.0112771987915039 0.0156650543212891 0.172210693359375 0.0567626953125
0.0207748413085938 0.00825881958007813 0.1473388671875 -0.08819580078125
0.0223789215087891 -0.0046234130859375 -0.154937744140625 0.063446044921875
0.0216636657714844 0.0184078216552734 -0.111427307128906 -0.08514404296875
-0.000762939453124998 0.023345947265625 0.05487060546875 -0.242935180664062
-0.0317878723144531 0.0106830596923828 0.30499267578125 -0.182098388671875
-0.039093017578125 -0.0272712707519531 0.356292724609375 0.207977294921875
0.00221252441406251 -0.0910110473632813 0.048065185546875 0.4739990234375
0.0702438354492188 -0.075775146484375 -0.1676025390625 0.30023193359375
0.1019287109375 -0.0519485473632813 0.0234336853027344 0.0159893035888672
0.0506439208984375 -0.08721923828125 0.1273193359375 -0.332305908203125
-0.0099334716796875 -0.0780258178710938 -0.200531005859375 -0.4407958984375
-0.0396614074707031 -0.0209579467773438 -0.40972900390625 -0.0576782226562499
-0.0206775665283203 0.0189552307128906 -0.190841674804688 0.24737548828125
0.00403594970703125 0.0186977386474609 0.0468292236328125 0.234786987304688
0.0144195556640625 0.0258693695068359 0.17010498046875 0.0672760009765625
0.025482177734375 0.012420654296875 0.153396606445313 -0.0807037353515625
-0.0030364990234375 -0.0282649993896484 -0.1519775390625 0.0833282470703125
0.00852203369140625 -0.0177154541015625 -0.14801025390625 -0.066436767578125
-0.000494956970214843 -0.0136070251464844 -0.0237884521484375 -0.229522705078125
0.00414919853210449 0.00421261787414551 0.232284545898438 -0.23529052734375
0.00859260559082031 0.0217266082763672 0.392425537109375 0.10693359375
0.00536918640136719 0.019744873046875 0.17791748046875 0.441925048828125
-0.00558853149414063 0.0338897705078125 -0.112457275390625 0.348541259765625
-0.026397705078125 0.0276432037353516 0.00162506103515625 0.0502357482910156
-0.00929832458496094 0.0309677124023438 0.21026611328125 -0.283233642578125
0.0161876678466797 0.0213680267333984 -0.051666259765625 -0.497283935546875
0.012324333190918 0.0142335891723633 -0.3887939453125 -0.178131103515625
0.00473356246948242 0.00244426727294922 -0.272674560546875 0.20465087890625
0.00608634948730469 -0.0140352249145508 -0.03369140625 0.242355346679688
-0.00395488739013672 -0.0152816772460938 0.142807006835938 0.0857391357421875
-0.00395298004150391 -0.0126142501831055 0.158432006835938 -0.0674591064453125
-0.00145149230957031 -0.0267963409423828 -0.154006958007813 0.078948974609375
0.00944328308105469 -0.0193004608154297 -0.140220642089844 -0.0747146606445312
-0.00280094146728516 -0.0126161575317383 0.000747680664062515 -0.236221313476563
0.00182104110717773 0.00780677795410156 0.260025024414063 -0.218734741210938
0.00710678100585938 0.0250015258789062 0.384033203125 0.1458740234375
0.00595283508300781 0.0223007202148438 0.1343994140625 0.458526611328125
-0.006866455078125 0.03790283203125 -0.129852294921875 0.328033447265625
-0.0287666320800781 0.0305633544921875 0.0200634002685547 0.0324974060058594
-0.00653076171875 0.0337314605712891 0.194732666015625 -0.309661865234375
0.0200080871582031 0.0221004486083984 -0.100067138671875 -0.48583984375
0.0129623413085938 0.0144567489624023 -0.39776611328125 -0.13470458984375
0.00196218490600586 0.00429868698120117 -0.243637084960937 0.224822998046875
0.00216007232666016 -0.0145502090454102 -0.00741577148437498 0.23834228515625
-0.00404834747314453 -0.0162754058837891 0.150161743164063 0.0762786865234375
-0.00166797637939453 -0.0116233825683594 0.153671264648437 -0.0748291015625
0.00217247009277344 -0.0237560272216797 -0.157501220703125 0.072601318359375
0.0109443664550781 -0.0178623199462891 -0.130668640136719 -0.0841445922851562
-0.00391674041748047 -0.0103931427001953 0.027984619140625 -0.241119384765625
-0.00249290466308594 0.00998687744140625 0.28924560546875 -0.19854736328125
0.00208473205566406 0.0240879058837891 0.372894287109375 0.18682861328125
0.0059051513671875 0.0176849365234375 0.087127685546875 0.472076416015625
-0.00430488586425782 0.03326416015625 -0.145843505859375 0.30548095703125
-0.0210208892822266 0.0281581878662109 0.039642333984375 0.0143699645996094
0.00075340270996094 0.0281829833984375 0.174102783203125 -0.3349609375
0.0215244293212891 0.0157413482666016 -0.1519775390625 -0.468719482421875
0.0099334716796875 0.0118846893310547 -0.404022216796875 -0.0872802734375
-0.00179576873779297 0.00604248046875 -0.212020874023438 0.242645263671875
-0.000670433044433593 -0.0128278732299805 0.0211944580078125 0.233261108398438
-0.00242805480957031 -0.0147056579589844 0.157516479492188 0.066986083984375
0.00149631500244141 -0.00897789001464844 0.150299072265625 -0.0814208984375
0.00568389892578125 -0.0200862884521484 -0.1591796875 0.0665740966796875
0.0126352310180664 -0.014251708984375 -0.119819641113281 -0.0908737182617187
-0.00498294830322266 -0.00524282455444336 0.0543365478515625 -0.244110107421875
-0.00820827484130859 0.011897087097168 0.313720703125 -0.176788330078125
-0.00450897216796875 0.0181350708007813 0.357818603515625 0.225738525390625
0.00655841827392578 0.00427341461181641 0.0386962890625 0.481201171875
0.00523948669433594 0.021240234375 -0.161834716796875 0.28546142578125
-0.00535202026367188 0.0195484161376953 0.0533256530761719 -0.000835418701171874
0.00907325744628906 0.0140819549560547 0.151947021484375 -0.355743408203125
0.0196819305419922 0.00362014770507812 -0.19549560546875 -0.451812744140625
0.00351190567016602 0.00797033309936523 -0.404876708984375 -0.049346923828125
-0.00587177276611328 0.00913333892822266 -0.183868408203125 0.254425048828125
-0.00193309783935547 -0.00903415679931641 0.04486083984375 0.226852416992188
-0.000250816345214844 -0.0103244781494141 0.16387939453125 0.0584564208984375
0.00552749633789062 -0.0055694580078125 0.146224975585938 -0.087066650390625
0.0104169845581055 -0.01531982421875 -0.160568237304687 0.0621795654296875
0.0148067474365234 -0.00712299346923828 -0.110610961914062 -0.09564208984375
-0.00504398345947266 0.000660419464111327 0.0735626220703125 -0.24664306640625
-0.0153789520263672 0.0111541748046875 0.329498291015625 -0.160064697265625
-0.0120906829833984 0.0074462890625 0.34466552734375 0.250518798828125
0.00822639465332031 -0.0166501998901367 0.00851440429687497 0.482635498046875
0.0209846496582031 0.00201416015625 -0.171401977539063 0.271682739257813
0.0183429718017578 0.00513648986816406 0.0606422424316406 -0.00969696044921875
0.0177402496337891 -0.00790023803710938 0.13250732421875 -0.365814208984375
0.0129327774047852 -0.0132417678833008 -0.225830078125 -0.43505859375
-0.00607824325561523 0.00305843353271485 -0.404052734375 -0.0236816406249999
-0.00895977020263672 0.0120105743408203 -0.163345336914063 0.2606201171875
-0.00107526779174805 -0.00356292724609375 0.0625152587890625 0.223388671875
0.00340151786804199 -0.00290083885192871 0.168380737304688 0.053192138671875
0.0106287002563477 -0.000674247741699219 0.144744873046875 -0.09002685546875
0.014134407043457 -0.0104875564575195 -0.159759521484375 0.059234619140625
0.0170011520385742 0.00100898742675781 -0.106468200683594 -0.0968856811523438
-0.00478744506835938 0.0077824592590332 0.080963134765625 -0.245819091796875
-0.022308349609375 0.0101432800292969 0.332763671875 -0.154022216796875
-0.0204067230224609 -0.006378173828125 0.337646484375 0.258636474609375
0.0107002258300781 -0.0414314270019531 -0.00604248046875 0.483642578125
0.0404624938964844 -0.0207290649414063 -0.1767578125 0.26837158203125
0.04571533203125 -0.0124702453613281 0.0590362548828125 -0.0108528137207031
0.0265655517578125 -0.0339374542236328 0.12152099609375 -0.36724853515625
0.00417137145996093 -0.0327014923095703 -0.2392578125 -0.426544189453125
-0.0166854858398438 -0.00260639190673828 -0.404998779296875 -0.013458251953125
-0.012298583984375 0.0152578353881836 -0.15606689453125 0.261611938476563
0.000428199768066406 0.00350117683410644 0.070465087890625 0.222549438476562
0.00671005249023437 0.00471591949462891 0.171371459960938 0.05316162109375
0.0148105621337891 0.00319766998291016 0.144515991210938 -0.0902099609375
0.01806640625 -0.00760650634765625 -0.158432006835938 0.059661865234375
0.0190372467041016 0.00963973999023438 -0.106704711914062 -0.0934906005859375
-0.00359249114990234 0.0155048370361328 0.0751495361328125 -0.245346069335938
-0.0282306671142578 0.00938415527343749 0.326568603515625 -0.161468505859375
-0.0292396545410156 -0.0190696716308594 0.343780517578125 0.244476318359375
0.00975418090820313 -0.0675239562988281 0.00595092773437502 0.480743408203125
0.0585975646972656 -0.0470314025878906 -0.17706298828125 0.2777099609375
0.0747528076171875 -0.0315399169921875 0.0467491149902344 -0.00280380249023438
0.0368309020996094 -0.0611114501953125 0.121337890625 -0.356292724609375
-0.00501632690429688 -0.0546188354492188 -0.231475830078125 -0.429046630859375
-0.0283660888671875 -0.0103683471679688 -0.408203125 -0.0245361328125001
-0.0155935287475586 0.0174570083618164 -0.163833618164062 0.258544921875
0.00300502777099609 0.0129547119140625 0.0677032470703125 0.225189208984375
0.0115680694580078 0.0155906677246094 0.172195434570312 0.0568389892578125
0.0206146240234375 0.00828933715820313 0.147064208984375 -0.088043212890625
0.0219478607177734 -0.00467681884765625 -0.154739379882813 0.063568115234375
0.0214729309082031 0.0186443328857422 -0.111274719238281 -0.0856246948242187
-0.000816345214843751 0.0233383178710938 0.0547943115234375 -0.242965698242187
-0.0320911407470703 0.0104045867919922 0.3060302734375 -0.182342529296875
-0.0391921997070313 -0.0275459289550781 0.357147216796875 0.208221435546875
0.00198364257812499 -0.0914764404296875 0.04766845703125 0.473663330078125
0.0702972412109375 -0.0754623413085938 -0.168487548828125 0.300384521484375
0.102317810058594 -0.0517807006835937 0.023529052734375 0.0160675048828125
0.0505905151367188 -0.0871734619140625 0.128753662109375 -0.331451416015625
-0.00995635986328126 -0.077545166015625 -0.20013427734375 -0.440643310546875
-0.0397377014160156 -0.0211372375488281 -0.410003662109375 -0.057769775390625
-0.0204334259033203 0.018524169921875 -0.191421508789062 0.2471923828125
0.00383186340332031 0.0185718536376953 0.046478271484375 0.234161376953125
0.0143013000488281 0.0258655548095703 0.170303344726563 0.0669403076171875
0.0249118804931641 0.0126113891601563 0.153472900390625 -0.0809478759765625
-0.00403594970703125 -0.0278263092041016 -0.151687622070313 0.083465576171875
0.00801467895507813 -0.0177688598632813 -0.14764404296875 -0.0663299560546875
-0.000282287597656251 -0.01348876953125 -0.0234527587890625 -0.230667114257813
0.004058837890625 0.00442981719970703 0.233688354492187 -0.236480712890625
0.00855064392089844 0.0218582153320313 0.3936767578125 0.108367919921875
0.00568962097167969 0.0191192626953125 0.177520751953125 0.4439697265625
-0.00590705871582032 0.034088134765625 -0.11224365234375 0.348541259765625
-0.0273990631103516 0.0277576446533203 0.00176620483398437 0.0503387451171875
-0.00969314575195312 0.0310516357421875 0.210052490234375 -0.282623291015625
0.0159263610839844 0.0214252471923828 -0.051361083984375 -0.497589111328125
0.0128116607666016 0.0139703750610352 -0.389617919921875 -0.1793212890625
0.00446844100952148 0.00276041030883789 -0.273345947265625 0.204696655273438
0.00625514984130859 -0.0145788192749023 -0.03436279296875 0.243133544921875
-0.00443840026855469 -0.0152950286865234 0.143112182617188 0.0860137939453125
-0.00426387786865234 -0.0128984451293945 0.1590576171875 -0.067657470703125
-0.00210380554199219 -0.0265483856201172 -0.154296875 0.079803466796875
0.00922775268554688 -0.0193367004394531 -0.140525817871094 -0.0741500854492187
-0.00286865234375 -0.0125589370727539 0.00100708007812502 -0.236618041992188
0.00154876708984375 0.0075840950012207 0.261077880859375 -0.219772338867187
0.00672340393066406 0.0248146057128906 0.3861083984375 0.146392822265625
0.00643348693847656 0.0222930908203125 0.13531494140625 0.460845947265625
-0.00714492797851562 0.0373115539550781 -0.12982177734375 0.3291015625
-0.0287036895751953 0.0311965942382813 0.0204753875732422 0.0330314636230469
-0.0065460205078125 0.0339908599853516 0.194976806640625 -0.309326171875
0.019622802734375 0.0222244262695312 -0.0997314453125 -0.487396240234375
0.0131998062133789 0.0143070220947266 -0.39892578125 -0.13458251953125
0.00201034545898437 0.00442600250244141 -0.244430541992188 0.224822998046875
0.0024871826171875 -0.0146017074584961 -0.00740051269531252 0.23870849609375
-0.00382328033447266 -0.0165987014770508 0.150726318359375 0.07635498046875
-0.00235271453857422 -0.011805534362793 0.154083251953125 -0.075469970703125
0.0015716552734375 -0.0237159729003906 -0.1573486328125 0.0733642578125
0.0106010437011719 -0.0185337066650391 -0.130546569824219 -0.0833511352539062
-0.00401687622070312 -0.00976085662841797 0.028106689453125 -0.24261474609375
-0.00263500213623047 0.0101776123046875 0.289459228515625 -0.19921875
0.00255203247070313 0.0239067077636719 0.374053955078125 0.18701171875
0.00638198852539062 0.0171670913696289 0.087493896484375 0.473052978515625
-0.00439262390136719 0.0330905914306641 -0.146728515625 0.306365966796875
-0.0217723846435547 0.0288105010986328 0.039642333984375 0.0142288208007813
0.000318527221679686 0.0284843444824219 0.17364501953125 -0.336334228515625
0.0215320587158203 0.0158634185791016 -0.152313232421875 -0.470428466796875
0.0103616714477539 0.0121183395385742 -0.404998779296875 -0.08831787109375
-0.00171995162963867 0.00620651245117188 -0.212783813476563 0.242721557617188
-0.000680923461914063 -0.0133457183837891 0.0211029052734375 0.233917236328125
-0.00215244293212891 -0.0146465301513672 0.157608032226563 0.0665283203125
0.00138282775878906 -0.00916385650634765 0.150924682617188 -0.0820770263671875
0.0051727294921875 -0.0199737548828125 -0.159271240234375 0.0673370361328125
0.0127086639404297 -0.0142984390258789 -0.119667053222656 -0.0914230346679688
-0.00502967834472656 -0.00562095642089844 0.0550689697265625 -0.245407104492188
-0.00834178924560547 0.0117483139038086 0.314788818359375 -0.177276611328125
-0.00449943542480469 0.0181369781494141 0.35833740234375 0.226287841796875
0.00686359405517578 0.00414466857910156 0.0408935546875 0.482635498046875
0.00478172302246094 0.0213680267333984 -0.16143798828125 0.285980224609375
-0.00518035888671875 0.0195560455322266 0.0541801452636719 -0.000423431396484374
0.00888919830322266 0.0137691497802734 0.152496337890625 -0.356231689453125
0.0189704895019531 0.00346565246582031 -0.1954345703125 -0.45269775390625
0.00320291519165039 0.00758028030395508 -0.406219482421875 -0.05078125
-0.00575542449951172 0.00907707214355469 -0.184661865234375 0.254562377929688
-0.00209903717041016 -0.00925922393798828 0.0450439453125 0.227462768554688
-0.0002593994140625 -0.0104684829711914 0.16436767578125 0.0585479736328125
0.00542020797729492 -0.00540971755981445 0.146591186523438 -0.0874481201171875
0.0101413726806641 -0.015192985534668 -0.160812377929688 0.062286376953125
0.0151042938232422 -0.00720405578613281 -0.111030578613281 -0.096405029296875
-0.00520658493041992 0.000557899475097657 0.0738525390625 -0.247238159179688
-0.0155258178710937 0.0112771987915039 0.33013916015625 -0.160858154296875
-0.0121498107910156 0.00691318511962891 0.345550537109375 0.25079345703125
0.00869464874267578 -0.016718864440918 0.00619506835937496 0.484771728515625
0.0209312438964844 0.00212860107421875 -0.171585083007812 0.271926879882813
0.0180721282958984 0.00525283813476563 0.0608329772949219 -0.00970458984375
0.0176963806152344 -0.00810623168945313 0.13348388671875 -0.366058349609375
0.0131368637084961 -0.0138387680053711 -0.22503662109375 -0.436859130859375
-0.00553464889526367 0.00318479537963867 -0.406097412109375 -0.023406982421875
-0.00910758972167969 0.0116901397705078 -0.164520263671875 0.260818481445313
-0.00113391876220703 -0.00367474555969238 0.062530517578125 0.22357177734375
0.00329136848449707 -0.00309586524963379 0.169174194335938 0.0530853271484375
0.0101261138916016 -0.00128936767578125 0.144271850585938 -0.090423583984375
0.0136842727661133 -0.010655403137207 -0.16009521484375 0.0596160888671875
0.0169897079467773 0.000732421875 -0.106063842773437 -0.0977706909179688
-0.0051732063293457 0.00797462463378906 0.0810546875 -0.247299194335938
-0.0224685668945312 0.0100803375244141 0.335052490234375 -0.154205322265625
-0.0203418731689453 -0.00626754760742188 0.3389892578125 0.25994873046875
0.0108757019042969 -0.0416984558105469 -0.00637817382812502 0.48468017578125
0.04022216796875 -0.0211105346679687 -0.1773681640625 0.26885986328125
0.0458755493164063 -0.0118637084960938 0.0593376159667969 -0.0106353759765625
0.026611328125 -0.0338516235351563 0.1229248046875 -0.3675537109375
0.00383949279785156 -0.0329303741455078 -0.238525390625 -0.42755126953125
-0.017059326171875 -0.00244522094726563 -0.40631103515625 -0.013519287109375
-0.0122947692871094 0.0151996612548828 -0.157073974609375 0.261886596679688
0.000805854797363282 0.00330948829650879 0.0707244873046875 0.222763061523438
0.00714302062988281 0.00437259674072266 0.171615600585937 0.0533294677734375
0.0147304534912109 0.00322914123535156 0.144943237304688 -0.090789794921875
0.0174560546875 -0.0070953369140625 -0.158157348632813 0.060272216796875
0.0189418792724609 0.010009765625 -0.106521606445313 -0.0942306518554687
-0.00362873077392578 0.0155763626098633 0.07562255859375 -0.246383666992188
-0.028350830078125 0.00980758666992187 0.327911376953125 -0.16204833984375
-0.0290412902832031 -0.0191478729248047 0.3453369140625 0.24530029296875
0.010162353515625 -0.0681190490722656 0.00622558593749999 0.483367919921875
0.0586624145507813 -0.0471992492675781 -0.177383422851562 0.277664184570313
0.0750198364257813 -0.0315093994140625 0.0471916198730469 -0.0026092529296875
0.036712646484375 -0.0608062744140625 0.12176513671875 -0.356201171875
-0.00508880615234375 -0.0548286437988281 -0.231292724609375 -0.430267333984375
-0.0282688140869141 -0.0102519989013672 -0.408172607421875 -0.02435302734375
-0.0151958465576172 0.0177288055419922 -0.16473388671875 0.259201049804687
0.00241851806640625 0.0126047134399414 0.0678863525390625 0.225601196289063
0.011570930480957 0.0155801773071289 0.172760009765625 0.0563507080078125
0.0201549530029297 0.00816154479980469 0.147842407226563 -0.088775634765625
0.0215911865234375 -0.00418853759765625 -0.15509033203125 0.0637969970703125
0.0217170715332031 0.0186729431152344 -0.111129760742188 -0.0857315063476562
-0.000648498535156251 0.0237998962402344 0.0549468994140625 -0.243881225585938
-0.0324058532714844 0.0106849670410156 0.3065185546875 -0.182891845703125
-0.039215087890625 -0.0278892517089844 0.359283447265625 0.208831787109375
0.0021820068359375 -0.091583251953125 0.046875 0.475860595703125
0.0706329345703125 -0.0758590698242188 -0.168609619140625 0.3006591796875
0.102424621582031 -0.0512237548828125 0.0240459442138672 0.0161800384521484
0.0506668090820313 -0.0864105224609375 0.1295166015625 -0.33203125
-0.00968933105468749 -0.078399658203125 -0.199188232421875 -0.44268798828125
-0.0395164489746094 -0.0212821960449219 -0.41204833984375 -0.05908203125
-0.0204715728759766 0.0186748504638672 -0.1920166015625 0.247573852539062
0.00367164611816406 0.0188217163085938 0.046966552734375 0.234954833984375
0.0145378112792969 0.0258026123046875 0.171005249023438 0.067169189453125
0.0250205993652344 0.0125102996826172 0.153411865234375 -0.0817413330078125
-0.00452995300292969 -0.0277633666992187 -0.151626586914063 0.0845947265625
0.00749969482421875 -0.0175895690917969 -0.147994995117188 -0.0661773681640625
0.000126838684082033 -0.0134010314941406 -0.0234375 -0.231643676757813
0.00367879867553711 0.00475931167602539 0.234283447265625 -0.237777709960937
0.00860023498535156 0.0213775634765625 0.39715576171875 0.10748291015625
0.00599288940429687 0.0190372467041016 0.1793212890625 0.445587158203125
-0.00593376159667969 0.0343132019042969 -0.113525390625 0.350860595703125
-0.0278282165527344 0.0282039642333984 0.00147247314453124 0.0504608154296875
-0.00985336303710938 0.0314006805419922 0.21142578125 -0.2833251953125
0.0161399841308594 0.0213260650634766 -0.05224609375 -0.500274658203125
0.0132789611816406 0.013972282409668 -0.391387939453125 -0.182037353515625
0.00497007369995117 0.00255441665649414 -0.275390625 0.204925537109375
0.00552749633789063 -0.0146579742431641 -0.03399658203125 0.243972778320313
-0.00452423095703125 -0.0155048370361328 0.143280029296875 0.08544921875
-0.00426578521728516 -0.013279914855957 0.159210205078125 -0.068634033203125
-0.00260162353515625 -0.0261955261230469 -0.154220581054688 0.08038330078125
0.00893783569335937 -0.0200119018554688 -0.139846801757813 -0.0746383666992188
-0.00314903259277344 -0.0126771926879883 0.000915527343750006 -0.237655639648438
0.00127029418945313 0.0075678825378418 0.261856079101563 -0.220916748046875
0.00706100463867188 0.0241928100585938 0.387847900390625 0.147064208984375
0.00684547424316406 0.0221748352050781 0.136077880859375 0.46337890625
-0.00728225708007812 0.0376129150390625 -0.130615234375 0.329986572265625
-0.0293903350830078 0.0314102172851563 0.0203113555908203 0.032867431640625
-0.00670051574707031 0.0337009429931641 0.195281982421875 -0.31097412109375
0.0198745727539063 0.022125244140625 -0.10076904296875 -0.49017333984375
0.0130062103271484 0.0140275955200195 -0.401214599609375 -0.13519287109375
0.00189566612243652 0.0042426586151123 -0.244796752929688 0.225814819335938
0.00190067291259766 -0.0153217315673828 -0.00740051269531251 0.239654541015625
-0.00426578521728516 -0.0168085098266602 0.151123046875 0.0763092041015625
-0.00275421142578125 -0.011662483215332 0.1541748046875 -0.0761566162109375
0.000871658325195312 -0.0235424041748047 -0.158004760742188 0.074188232421875
0.0102920532226562 -0.0183963775634766 -0.129974365234375 -0.084136962890625
-0.00414657592773437 -0.0103244781494141 0.0280303955078125 -0.24334716796875
-0.00273323059082031 0.0101547241210938 0.29095458984375 -0.200408935546875
0.0026702880859375 0.0237846374511719 0.37628173828125 0.187469482421875
0.00704002380371094 0.0172634124755859 0.0879821777343751 0.4755859375
-0.00423049926757812 0.0333709716796875 -0.1468505859375 0.30682373046875
-0.0218925476074219 0.0285682678222656 0.0401535034179687 0.0140838623046875
0.000234603881835939 0.0282993316650391 0.17474365234375 -0.33673095703125
0.0213336944580078 0.0158977508544922 -0.152618408203125 -0.473419189453125
0.0102729797363281 0.0118827819824219 -0.40667724609375 -0.0888977050781251
-0.00179719924926758 0.00596189498901367 -0.2137451171875 0.243545532226563
-0.00102519989013672 -0.0136537551879883 0.0211181640625 0.234024047851562
-0.00304031372070312 -0.0150527954101563 0.158340454101563 0.0665130615234375
0.00105476379394531 -0.00938034057617188 0.151290893554688 -0.0824737548828125
0.00464439392089844 -0.0199966430664063 -0.159378051757813 0.068145751953125
0.012908935546875 -0.0146446228027344 -0.120033264160156 -0.0917282104492187
-0.00515937805175781 -0.00537967681884766 0.0548095703125 -0.246688842773438
-0.00838851928710937 0.0116748809814453 0.315521240234375 -0.177520751953125
-0.00415802001953125 0.0181026458740234 0.359710693359375 0.22845458984375
0.00684499740600586 0.00362920761108398 0.039459228515625 0.484710693359375
0.00500869750976563 0.0214004516601563 -0.16229248046875 0.28729248046875
-0.00544357299804688 0.0198383331298828 0.0543060302734375 -0.000728607177734374
0.00862503051757813 0.014063835144043 0.153350830078125 -0.356414794921875
0.0198307037353516 0.00341415405273438 -0.195953369140625 -0.455322265625
0.0035548210144043 0.00780439376831055 -0.40814208984375 -0.0507507324218749
-0.00564384460449219 0.00897407531738281 -0.185394287109375 0.255462646484375
-0.00218772888183594 -0.00959873199462891 0.045501708984375 0.228195190429688
7.34329223632811E-05 -0.010223388671875 0.164901733398438 0.0576171875
0.00527524948120117 -0.00531482696533203 0.1468505859375 -0.0881805419921875
0.00938987731933594 -0.0150384902954102 -0.161239624023437 0.0624847412109375
0.0145034790039062 -0.00752353668212891 -0.11126708984375 -0.09661865234375
-0.00506162643432617 0.0010218620300293 0.0745697021484375 -0.248291015625
-0.0159873962402344 0.011540412902832 0.331634521484375 -0.1622314453125
-0.0119657516479492 0.00694942474365234 0.34771728515625 0.25262451171875
0.00849723815917969 -0.0165166854858398 0.00775146484375005 0.4869384765625
0.0209293365478516 0.00195884704589844 -0.172378540039063 0.273345947265625
0.0179080963134766 0.00543403625488281 0.06182861328125 -0.009429931640625
0.0177574157714844 -0.00778579711914063 0.1334228515625 -0.3671875
0.0130643844604492 -0.0137701034545898 -0.226715087890625 -0.437652587890625
-0.0058135986328125 0.00287771224975586 -0.4080810546875 -0.023529052734375
-0.00921344757080078 0.0122127532958984 -0.164764404296875 0.26190185546875
-0.00134873390197754 -0.00398087501525879 0.063262939453125 0.224029541015625
0.0031135082244873 -0.00337624549865723 0.16943359375 0.053131103515625
0.0104265213012695 -0.00121974945068359 0.145217895507812 -0.0911102294921875
0.013214111328125 -0.0108613967895508 -0.16058349609375 0.060150146484375
0.0166988372802734 0.000883102416992188 -0.1064453125 -0.0979537963867188
-0.00557470321655274 0.00787973403930664 0.08148193359375 -0.248306274414062
-0.0225143432617187 0.0103664398193359 0.335784912109375 -0.155670166015625
-0.0201053619384766 -0.00642967224121094 0.34051513671875 0.260284423828125
0.0110549926757813 -0.0421600341796875 -0.00582885742187503 0.48834228515625
0.0401954650878906 -0.0208930969238281 -0.177841186523437 0.269607543945313
0.0459938049316406 -0.0117607116699219 0.0598678588867188 -0.0107994079589844
0.0267524719238281 -0.0337295532226563 0.1234130859375 -0.36773681640625
0.0041351318359375 -0.0334033966064453 -0.23907470703125 -0.430389404296875
-0.0169878005981445 -0.00244808197021484 -0.408294677734375 -0.013671875
-0.0121898651123047 0.0151700973510742 -0.157684326171875 0.263275146484375
0.000478506088256836 0.00321030616760254 0.07122802734375 0.22296142578125
0.00695323944091797 0.00438022613525391 0.17230224609375 0.05255126953125
0.0143375396728516 0.00320243835449219 0.1455078125 -0.09136962890625
0.0166997909545898 -0.00671195983886719 -0.158859252929688 0.0609130859375
0.0188407897949219 0.00989913940429688 -0.106689453125 -0.0945510864257812
-0.00393390655517578 0.0154705047607422 0.0760345458984375 -0.247894287109375
-0.0287666320800781 0.00970077514648438 0.328643798828125 -0.1629638671875
-0.0289192199707031 -0.0192909240722656 0.3470458984375 0.24554443359375
0.0100936889648438 -0.0685653686523438 0.00735473632812499 0.48583984375
0.0588951110839844 -0.0473899841308594 -0.178192138671875 0.278350830078125
0.0748367309570313 -0.031585693359375 0.0480117797851563 -0.0026702880859375
0.036346435546875 -0.0611114501953125 0.121795654296875 -0.356903076171875
-0.005035400390625 -0.0547027587890625 -0.2333984375 -0.43255615234375
-0.0285129547119141 -0.00991058349609375 -0.412078857421875 -0.025543212890625
-0.0154342651367188 0.0176353454589844 -0.16534423828125 0.259719848632813
0.00226879119873047 0.0128068923950195 0.06842041015625 0.226348876953125
0.0117521286010742 0.015162467956543 0.173553466796875 0.05584716796875
0.0202980041503906 0.00815773010253906 0.147842407226563 -0.08966064453125
0.0209522247314453 -0.00382423400878906 -0.155136108398438 0.0647125244140625
0.0213813781738281 0.0185623168945313 -0.111122131347656 -0.0866241455078125
-0.000539779663085937 0.0235996246337891 0.055389404296875 -0.245330810546875
-0.0326900482177734 0.0108909606933594 0.30743408203125 -0.18487548828125
-0.0390281677246094 -0.027984619140625 0.3612060546875 0.209503173828125
0.00286865234374999 -0.0921554565429688 0.04693603515625 0.477935791015625
0.070953369140625 -0.0750198364257813 -0.168914794921875 0.30145263671875
0.10260009765625 -0.0507659912109375 0.0241527557373047 0.0166950225830078
0.0503005981445312 -0.0867691040039063 0.130889892578125 -0.333526611328125
-0.0096893310546875 -0.0781631469726563 -0.20135498046875 -0.444671630859375
-0.0399894714355469 -0.02197265625 -0.413421630859375 -0.0593261718750001
-0.0209445953369141 0.0185585021972656 -0.192947387695313 0.24859619140625
0.00356483459472656 0.0187950134277344 0.04791259765625 0.235702514648438
0.0148029327392578 0.025970458984375 0.171188354492188 0.06658935546875
0.0246429443359375 0.0121784210205078 0.154754638671875 -0.082183837890625
-0.00528526306152344 -0.0273017883300781 -0.15191650390625 0.0850677490234375
0.00756645202636719 -0.0182838439941406 -0.148651123046875 -0.0662841796875
-0.00027942657470703 -0.0134391784667969 -0.0240478515625 -0.23260498046875
0.00357866287231445 0.00448846817016602 0.235275268554687 -0.239822387695312
0.00885009765625 0.02154541015625 0.3990478515625 0.106597900390625
0.006378173828125 0.0188999176025391 0.182037353515625 0.448211669921875
-0.005889892578125 0.0342082977294922 -0.113311767578125 0.351715087890625
-0.0283946990966797 0.0286693572998047 0.00176239013671874 0.05078125
-0.00994300842285156 0.03167724609375 0.21136474609375 -0.28546142578125
0.0160236358642578 0.021270751953125 -0.05267333984375 -0.50335693359375
0.0133218765258789 0.013768196105957 -0.393310546875 -0.182098388671875
0.00487852096557617 0.00254440307617188 -0.27557373046875 0.206405639648438
0.00517463684082031 -0.0151653289794922 -0.033966064453125 0.244827270507813
-0.00507926940917969 -0.0156030654907227 0.1439208984375 0.0852813720703125
-0.00470829010009766 -0.012639045715332 0.159835815429687 -0.0699005126953125
-0.00319671630859375 -0.0258960723876953 -0.153839111328125 0.08172607421875
0.00848770141601562 -0.0199050903320313 -0.140670776367188 -0.0744171142578125
-0.00275421142578125 -0.0124082565307617 0.000976562499999988 -0.238815307617188
0.00121784210205078 0.00796937942504883 0.26287841796875 -0.223159790039063
0.00716018676757813 0.0242576599121094 0.3907470703125 0.147003173828125
0.00721549987792969 0.0219650268554688 0.1373291015625 0.4654541015625
-0.00722885131835937 0.0377998352050781 -0.130767822265625 0.3319091796875
-0.0296077728271484 0.0316715240478516 0.020599365234375 0.0329113006591797
-0.00683212280273438 0.0341835021972656 0.196624755859375 -0.311126708984375
0.0199928283691406 0.022369384765625 -0.100341796875 -0.4923095703125
0.0132360458374023 0.0144672393798828 -0.402313232421875 -0.136566162109375
0.00224924087524414 0.00460433959960938 -0.246688842773438 0.226638793945312
0.00125885009765625 -0.0152978897094727 -0.00662231445312501 0.240509033203125
-0.00434112548828125 -0.0167922973632812 0.15179443359375 0.0758056640625
-0.00289535522460937 -0.0119466781616211 0.1546630859375 -0.0775146484375
0.000200271606445315 -0.0229320526123047 -0.157958984375 0.0754547119140625
0.0102596282958984 -0.0189170837402344 -0.13104248046875 -0.0842056274414062
-0.00387859344482422 -0.010101318359375 0.028411865234375 -0.245071411132813
-0.00300884246826172 0.010406494140625 0.2919921875 -0.202392578125
0.00280380249023438 0.0237255096435547 0.3795166015625 0.1881103515625
0.00670337677001953 0.0169572830200195 0.089508056640625 0.478240966796875
-0.00444221496582031 0.0333747863769531 -0.14727783203125 0.30914306640625
-0.0224113464355469 0.0288314819335937 0.040313720703125 0.0141181945800781
-0.000217437744140623 0.0284786224365234 0.175750732421875 -0.33758544921875
0.0219306945800781 0.0155887603759766 -0.154296875 -0.4757080078125
0.010406494140625 0.0119047164916992 -0.40899658203125 -0.0906372070312499
-0.00205421447753906 0.00633955001831055 -0.2149658203125 0.244781494140625
-0.00115966796875 -0.0139255523681641 0.0218353271484375 0.235626220703125
-0.00310897827148438 -0.0152320861816406 0.159393310546875 0.066131591796875
0.000694274902343751 -0.00941753387451172 0.151321411132813 -0.0836029052734375
0.00416374206542969 -0.0196475982666016 -0.15960693359375 0.0688629150390625
0.0124740600585938 -0.01483154296875 -0.120201110839844 -0.0918655395507813
-0.00536394119262695 -0.00518274307250976 0.0550537109375 -0.248214721679688
-0.00889015197753906 0.0121860504150391 0.3173828125 -0.180389404296875
-0.00402450561523438 0.0178871154785156 0.364013671875 0.2276611328125
0.00736284255981445 0.00358963012695313 0.04119873046875 0.48724365234375
0.00494194030761719 0.0216655731201172 -0.16253662109375 0.288909912109375
-0.00616836547851563 0.0201950073242188 0.054840087890625 -0.000843048095703124
0.00885772705078125 0.0142354965209961 0.153656005859375 -0.35858154296875
0.0195732116699219 0.00315666198730469 -0.19732666015625 -0.457305908203125
0.00347280502319336 0.00796699523925781 -0.41070556640625 -0.0512695312500001
-0.00563526153564453 0.00867319107055664 -0.185653686523437 0.256805419921875
-0.00227069854736328 -0.00941944122314453 0.0461273193359375 0.228927612304688
-0.0004425048828125 -0.0105409622192383 0.165878295898438 0.0581817626953125
0.00482988357543945 -0.00574493408203125 0.14739990234375 -0.0888519287109375
0.00916767120361328 -0.0148401260375977 -0.161651611328125 0.063751220703125
0.0144004821777344 -0.00737953186035156 -0.1116943359375 -0.097808837890625
-0.00548791885375977 0.000987529754638671 0.0743408203125 -0.251129150390625
-0.0159587860107422 0.011866569519043 0.332183837890625 -0.16314697265625
-0.0118188858032227 0.00707340240478515 0.34991455078125 0.25335693359375
0.0089111328125 -0.0170478820800781 0.00903320312499998 0.491485595703125
0.0206890106201172 0.00220680236816406 -0.173309326171875 0.274444580078125
0.0177726745605469 0.00591850280761719 0.061859130859375 -0.0097808837890625
0.01763916015625 -0.00769996643066406 0.13427734375 -0.368804931640625
0.0132131576538086 -0.0140905380249023 -0.228118896484375 -0.44146728515625
-0.00558185577392578 0.00306177139282227 -0.410064697265625 -0.024749755859375
-0.00928497314453125 0.0120649337768555 -0.16607666015625 0.263290405273438
-0.0016627311706543 -0.00442743301391601 0.0636138916015625 0.224853515625
0.00301504135131836 -0.00324916839599609 0.170639038085938 0.05218505859375
0.0102090835571289 -0.00136947631835938 0.14599609375 -0.092132568359375
0.01287841796875 -0.0105876922607422 -0.160812377929688 0.0616302490234375
0.0168962478637695 0.0006866455078125 -0.106491088867187 -0.0983734130859375
-0.00523614883422852 0.00834417343139648 0.0819854736328125 -0.24981689453125
-0.0231037139892578 0.0105190277099609 0.337677001953125 -0.157501220703125
-0.0201625823974609 -0.00634956359863282 0.343353271484375 0.260955810546875
0.0109138488769531 -0.042633056640625 -0.00488281249999999 0.49114990234375
0.040283203125 -0.021270751953125 -0.178390502929688 0.270721435546875
0.0458946228027344 -0.0114555358886719 0.0599746704101563 -0.0105934143066406
0.0264072418212891 -0.0337104797363281 0.123992919921875 -0.370330810546875
0.0040283203125 -0.0336952209472656 -0.241058349609375 -0.431915283203125
-0.0173416137695313 -0.00248146057128906 -0.410400390625 -0.0138549804687501
-0.0123157501220703 0.0151329040527344 -0.158340454101562 0.264541625976563
0.000360488891601562 0.0030519962310791 0.0720977783203125 0.2237548828125
0.00689029693603516 0.00450944900512695 0.173385620117188 0.0522003173828125
0.0144195556640625 0.00305843353271484 0.146041870117187 -0.0924224853515625
0.016688346862793 -0.00660800933837891 -0.15948486328125 0.0618896484375
0.0190315246582031 0.00988960266113281 -0.106697082519531 -0.095245361328125
-0.00396919250488281 0.0157508850097656 0.0761871337890625 -0.250106811523438
-0.0291748046875 0.00980567932128906 0.331329345703125 -0.16461181640625
-0.0286445617675781 -0.019866943359375 0.349090576171875 0.246246337890625
0.0106124877929688 -0.0694961547851563 0.00830078125000005 0.48736572265625
0.0591926574707031 -0.0477638244628906 -0.178558349609375 0.279693603515625
0.0751724243164062 -0.0306167602539062 0.0483551025390625 -0.00254440307617188
0.0363082885742188 -0.0612068176269531 0.1234130859375 -0.358856201171875
-0.00492095947265625 -0.0550155639648438 -0.23382568359375 -0.434967041015625
-0.0286693572998047 -0.0105018615722656 -0.413116455078125 -0.024200439453125
-0.0157260894775391 0.0175933837890625 -0.166091918945313 0.261138916015625
0.00244712829589844 0.0128812789916992 0.069244384765625 0.227005004882812
0.0117530822753906 0.015385627746582 0.174362182617188 0.0550689697265625
0.0204391479492188 0.0081329345703125 0.148834228515625 -0.0904541015625
0.0207691192626953 -0.00356864929199219 -0.155563354492188 0.0650177001953125
0.0216884613037109 0.018829345703125 -0.112030029296875 -0.0872573852539063
-0.000799179077148438 0.0237789154052734 0.0548248291015625 -0.247146606445312
-0.0331096649169922 0.0115890502929687 0.308349609375 -0.18670654296875
-0.039093017578125 -0.0281906127929687 0.36407470703125 0.209564208984375
0.0023956298828125 -0.0931243896484375 0.04827880859375 0.48162841796875
0.0710906982421875 -0.076080322265625 -0.16998291015625 0.302947998046875
0.103439331054688 -0.0511627197265625 0.0241355895996094 0.0164737701416016
0.0506210327148437 -0.087188720703125 0.13067626953125 -0.334228515625
-0.00982666015625 -0.0789260864257813 -0.202484130859375 -0.4468994140625
-0.0399894714355469 -0.0217819213867188 -0.415740966796875 -0.0594177246093749
-0.0206947326660156 0.0187797546386719 -0.1937255859375 0.250091552734375
0.00349998474121094 0.0187282562255859 0.0478515625 0.237106323242188
0.014678955078125 0.0259208679199219 0.1724853515625 0.0663299560546875
0.0249214172363281 0.0123558044433594 0.154876708984375 -0.08343505859375
-0.00550270080566406 -0.0269031524658203 -0.152053833007813 0.0864105224609375
0.00728416442871094 -0.0182952880859375 -0.149017333984375 -0.0662994384765625
-0.000135421752929688 -0.0134315490722656 -0.0251617431640625 -0.234939575195313
0.00382089614868164 0.00489044189453125 0.236404418945313 -0.2425537109375
0.00925254821777344 0.0214595794677734 0.403045654296875 0.10675048828125
0.00662803649902344 0.0183315277099609 0.1844482421875 0.451385498046875
-0.00593185424804687 0.0343742370605469 -0.11285400390625 0.35406494140625
-0.0284633636474609 0.0289707183837891 0.00231933593749999 0.0508995056152344
-0.0104618072509766 0.0317459106445312 0.212493896484375 -0.287353515625
0.0164070129394531 0.0215511322021484 -0.0542297363281251 -0.505889892578125
0.0134267807006836 0.0136260986328125 -0.39727783203125 -0.182281494140625
0.00492095947265625 0.00222253799438477 -0.277435302734375 0.208404541015625
0.00512504577636719 -0.0153646469116211 -0.0334014892578125 0.246307373046875
-0.00517177581787109 -0.0157022476196289 0.145034790039063 0.08551025390625
-0.00514030456542969 -0.0134086608886719 0.160552978515625 -0.070587158203125
-0.00417709350585938 -0.0257148742675781 -0.154983520507813 0.08258056640625
0.00847434997558594 -0.0204811096191406 -0.141265869140625 -0.0745086669921875
-0.00274181365966797 -0.012847900390625 0.000366210937499996 -0.240921020507813
0.00129795074462891 0.00781488418579101 0.263824462890625 -0.225692749023438
0.00769233703613281 0.0240707397460938 0.39404296875 0.147369384765625
0.00749015808105469 0.0216598510742188 0.1390380859375 0.468414306640625
-0.00753021240234375 0.0383529663085938 -0.130157470703125 0.333953857421875
-0.03009033203125 0.0322685241699219 0.0207958221435547 0.0329513549804687
-0.00730514526367187 0.0343799591064453 0.198272705078125 -0.313323974609375
0.0201911926269531 0.0220680236816406 -0.103424072265625 -0.49456787109375
0.0136890411376953 0.014430046081543 -0.406219482421875 -0.13763427734375
0.00242161750793457 0.0039222240447998 -0.248092651367188 0.22882080078125
0.00140857696533203 -0.0155305862426758 -0.00639343261718749 0.24188232421875
-0.00492477416992188 -0.0167865753173828 0.152816772460938 0.075225830078125
-0.00353813171386719 -0.0118894577026367 0.155609130859375 -0.0786590576171875
-0.000280380249023439 -0.0229988098144531 -0.158859252929688 0.0766448974609375
0.0101604461669922 -0.0191631317138672 -0.132087707519531 -0.0843963623046875
-0.00432968139648437 -0.0100717544555664 0.027557373046875 -0.247909545898438
-0.00323963165283203 0.0109233856201172 0.292938232421875 -0.20501708984375
0.00276374816894532 0.0236911773681641 0.383087158203125 0.188690185546875
0.00698661804199219 0.0167264938354492 0.091217041015625 0.48162841796875
-0.00396537780761719 0.0337429046630859 -0.147125244140625 0.3104248046875
-0.0229396820068359 0.0296134948730469 0.040618896484375 0.0144157409667969
6.67572021484349E-05 0.0288295745849609 0.17584228515625 -0.3397216796875
0.0220146179199219 0.0155715942382813 -0.156524658203125 -0.478363037109375
0.0106172561645508 0.01177978515625 -0.412109375 -0.088958740234375
-0.00179433822631836 0.00573587417602539 -0.21527099609375 0.247512817382813
-0.00145721435546875 -0.0140886306762695 0.0229644775390625 0.23614501953125
-0.00340938568115234 -0.0151662826538086 0.160110473632813 0.06585693359375
0.00020122528076172 -0.00905036926269531 0.151962280273438 -0.08489990234375
0.00349044799804687 -0.0193939208984375 -0.159896850585938 0.070343017578125
0.012202262878418 -0.0152053833007812 -0.120780944824219 -0.0925216674804688
-0.00527620315551758 -0.00526857376098633 0.054840087890625 -0.250747680664063
-0.00877571105957031 0.0126256942749023 0.31854248046875 -0.183502197265625
-0.004150390625 0.0181159973144531 0.3658447265625 0.228607177734375
0.0074162483215332 0.00296878814697266 0.043121337890625 0.490692138671875
0.00492668151855469 0.0211524963378906 -0.162689208984375 0.2901611328125
-0.00639152526855469 0.0205192565917969 0.0548744201660156 -0.000900268554687499
0.00866794586181641 0.0140371322631836 0.15411376953125 -0.360931396484375
0.0196056365966797 0.00288581848144531 -0.19915771484375 -0.460906982421875
0.00352764129638672 0.00740814208984375 -0.413299560546875 -0.050262451171875
-0.00582027435302735 0.00905895233154297 -0.18658447265625 0.258132934570313
-0.0026702880859375 -0.0100374221801758 0.046722412109375 0.22998046875
-0.000498771667480469 -0.0107450485229492 0.166412353515625 0.05755615234375
0.00437736511230469 -0.00569438934326172 0.147537231445313 -0.090423583984375
0.00827980041503906 -0.0144929885864258 -0.161605834960937 0.065032958984375
0.0146074295043945 -0.00777721405029297 -0.11279296875 -0.0979156494140625
-0.00517940521240234 0.000933647155761719 0.0735321044921875 -0.25262451171875
-0.0165224075317383 0.0123758316040039 0.334259033203125 -0.166534423828125
-0.0120000839233398 0.00678539276123047 0.354644775390625 0.254608154296875
0.00904273986816406 -0.0177936553955078 0.01031494140625 0.494140625
0.0210018157958984 0.00209617614746094 -0.173202514648438 0.27667236328125
0.0173168182373047 0.00633049011230469 0.0621147155761719 -0.009765625
0.0176868438720703 -0.00800514221191406 0.13494873046875 -0.3717041015625
0.013361930847168 -0.0142841339111328 -0.231292724609375 -0.443115234375
-0.00562238693237305 0.00301170349121094 -0.4136962890625 -0.02294921875
-0.0093221664428711 0.0121517181396484 -0.16632080078125 0.265350341796875
-0.00185966491699219 -0.00447845458984375 0.064605712890625 0.225982666015625
0.00302457809448242 -0.00366306304931641 0.171371459960938 0.0515899658203125
0.00957679748535156 -0.00125503540039063 0.14599609375 -0.0934295654296875
0.0120487213134766 -0.0100622177124023 -0.161407470703125 0.0620574951171875
0.0170955657958984 0.000494003295898438 -0.107673645019531 -0.0989456176757813
-0.0056157112121582 0.00844764709472656 0.081268310546875 -0.252227783203125
-0.0230789184570313 0.0110282897949219 0.338653564453125 -0.16009521484375
-0.0203723907470703 -0.00693130493164063 0.346588134765625 0.261474609375
0.0112342834472656 -0.0430564880371094 -0.00369262695312499 0.494476318359375
0.0407943725585938 -0.0212249755859375 -0.178634643554688 0.272476196289063
0.0461311340332031 -0.0115547180175781 0.0608367919921875 -0.0112648010253906
0.0263729095458984 -0.0341720581054688 0.1241455078125 -0.372222900390625
0.00415229797363282 -0.0335655212402344 -0.243743896484375 -0.43365478515625
-0.0170211791992188 -0.00277423858642578 -0.41357421875 -0.01385498046875
-0.0123720169067383 0.0154943466186523 -0.158660888671875 0.266464233398438
-0.000114679336547852 0.00328516960144043 0.0732421875 0.2249755859375
0.00736856460571289 0.00449895858764648 0.174545288085938 0.051666259765625
0.0140085220336914 0.00292015075683594 0.146514892578125 -0.09393310546875
0.0166053771972656 -0.00623321533203125 -0.1595458984375 0.063079833984375
0.0189552307128906 0.00971221923828125 -0.107215881347656 -0.0962600708007813
-0.00380039215087891 0.0159931182861328 0.0757293701171875 -0.252029418945313
-0.029296875 0.0106849670410156 0.331817626953125 -0.1673583984375
-0.0290184020996094 -0.0194988250732422 0.352874755859375 0.2469482421875
0.0102424621582031 -0.0697669982910156 0.00888061523437499 0.491363525390625
0.0594253540039063 -0.0478057861328125 -0.17840576171875 0.281890869140625
0.0751953125 -0.031463623046875 0.0484390258789063 -0.00278472900390625
0.0360450744628906 -0.0611991882324219 0.12347412109375 -0.361663818359375
-0.00556564331054688 -0.0556831359863281 -0.23626708984375 -0.436553955078125
-0.0290336608886719 -0.0103187561035156 -0.416412353515625 -0.023101806640625
-0.0158901214599609 0.0179462432861328 -0.1663818359375 0.26348876953125
0.00237274169921875 0.0126791000366211 0.070098876953125 0.2281494140625
0.012054443359375 0.0153608322143555 0.17529296875 0.054595947265625
0.0200252532958984 0.00814247131347656 0.149017333984375 -0.09173583984375
0.0204601287841797 -0.0030059814453125 -0.156082153320313 0.06658935546875
0.0218315124511719 0.0185127258300781 -0.112403869628906 -0.0877609252929687
-0.000837326049804689 0.0239162445068359 0.054473876953125 -0.249313354492188
-0.033538818359375 0.0120067596435547 0.309661865234375 -0.187896728515625
-0.0394210815429688 -0.0286636352539063 0.36724853515625 0.21099853515625
0.00232696533203126 -0.0936813354492188 0.050384521484375 0.48406982421875
0.0714950561523438 -0.076416015625 -0.16998291015625 0.305419921875
0.103561401367188 -0.0514297485351563 0.024749755859375 0.0166740417480469
0.0503311157226562 -0.0875930786132813 0.131927490234375 -0.337005615234375
-0.010284423828125 -0.079437255859375 -0.205108642578125 -0.449432373046875
-0.04058837890625 -0.0220069885253906 -0.41900634765625 -0.059051513671875
-0.0209293365478516 0.0185794830322266 -0.195098876953125 0.251907348632812
0.00349044799804687 0.018951416015625 0.0489349365234375 0.237884521484375
0.0150070190429688 0.0256557464599609 0.17303466796875 0.0655364990234375
0.0245380401611328 0.0125293731689453 0.1553955078125 -0.084930419921875
-0.00619888305664063 -0.0271110534667969 -0.15283203125 0.0884246826171875
0.00702095031738281 -0.0183448791503906 -0.150177001953125 -0.0663299560546875
-9.34600830078126E-05 -0.0134391784667969 -0.025390625 -0.236648559570312
0.0034022331237793 0.00515127182006836 0.236801147460938 -0.245834350585937
0.00942420959472656 0.0214653015136719 0.407196044921875 0.10540771484375
0.00684738159179688 0.0183258056640625 0.18731689453125 0.454559326171875
-0.00611305236816406 0.0345401763916016 -0.112274169921875 0.357879638671875
-0.0292129516601562 0.0296745300292969 0.00194931030273437 0.0512008666992187
-0.0103225708007812 0.0322284698486328 0.21368408203125 -0.289703369140625
0.0166740417480469 0.0216522216796875 -0.0572509765625 -0.5087890625
0.0135335922241211 0.0138969421386719 -0.401824951171875 -0.181640625
0.00519466400146484 0.00225162506103516 -0.278778076171875 0.210250854492188
0.00457286834716797 -0.0154571533203125 -0.0331573486328125 0.248504638671875
-0.00550651550292969 -0.0155773162841797 0.146270751953125 0.0848388671875
-0.00575828552246094 -0.0129270553588867 0.161209106445313 -0.072265625
-0.00428199768066406 -0.0255222320556641 -0.155136108398438 0.0843048095703125
0.00816726684570313 -0.020416259765625 -0.142242431640625 -0.0742340087890625
-0.00295257568359375 -0.0127830505371094 -0.000366210937500017 -0.242645263671875
0.0013580322265625 0.00841140747070313 0.26513671875 -0.228927612304688
0.00747299194335938 0.0245037078857422 0.3984375 0.147369384765625
0.00792312622070312 0.0209922790527344 0.142608642578125 0.47216796875
-0.00732421875 0.0388221740722656 -0.13006591796875 0.33685302734375
-0.0306549072265625 0.0325393676757813 0.0213203430175781 0.0335063934326172
-0.00717926025390625 0.0346431732177734 0.197296142578125 -0.316009521484375
0.0202674865722656 0.0224590301513672 -0.1065673828125 -0.497589111328125
0.0136470794677734 0.0141677856445312 -0.41015625 -0.137542724609375
0.0023038387298584 0.00396847724914551 -0.2489013671875 0.230865478515625
0.00088977813720703 -0.0157175064086914 -0.00604248046875 0.243484497070313
-0.00525760650634766 -0.0170097351074219 0.1541748046875 0.0746612548828125
-0.00417137145996094 -0.0118579864501953 0.156158447265625 -0.079986572265625
-0.000875473022460938 -0.0227241516113281 -0.15887451171875 0.0781707763671875
0.00982856750488281 -0.0195293426513672 -0.132049560546875 -0.0845184326171875
-0.00410366058349609 -0.0103464126586914 0.0272064208984375 -0.249679565429688
-0.00329494476318359 0.0113124847412109 0.294647216796875 -0.208251953125
0.003082275390625 0.0233097076416016 0.3863525390625 0.188446044921875
0.00733757019042969 0.0165128707885742 0.09393310546875 0.485260009765625
-0.0044708251953125 0.0338840484619141 -0.14703369140625 0.31292724609375
-0.0237293243408203 0.0299606323242188 0.0409317016601563 0.0142478942871094
-0.000566482543945314 0.0287342071533203 0.17669677734375 -0.344207763671875
0.0222110748291016 0.0158233642578125 -0.158721923828125 -0.481842041015625
0.010615348815918 0.0119247436523438 -0.416900634765625 -0.0889892578125
-0.00133419036865234 0.0060882568359375 -0.2169189453125 0.249649047851563
-0.00179290771484375 -0.0140886306762695 0.023681640625 0.237808227539063
-0.00333023071289063 -0.0152406692504883 0.16162109375 0.064666748046875
9.91821289062494E-05 -0.00912189483642578 0.152236938476563 -0.086395263671875
0.00288772583007812 -0.0191936492919922 -0.160552978515625 0.0716400146484375
0.0121545791625977 -0.0153341293334961 -0.121879577636719 -0.0926742553710938
-0.00504064559936523 -0.00482177734375 0.05401611328125 -0.25323486328125
-0.00935745239257812 0.0128879547119141 0.32110595703125 -0.18511962890625
-0.00356864929199219 0.0175876617431641 0.3707275390625 0.229156494140625
0.00776338577270508 0.00304031372070312 0.045013427734375 0.495086669921875
0.00493812561035156 0.0212497711181641 -0.1627197265625 0.293212890625
-0.00628852844238281 0.020843505859375 0.0552978515625 -0.000808715820312499
0.00850200653076172 0.0140142440795898 0.155548095703125 -0.363616943359375
0.0196762084960938 0.00323104858398438 -0.202667236328125 -0.462432861328125
0.00383424758911133 0.00775241851806641 -0.41741943359375 -0.049224853515625
-0.00564098358154297 0.00883007049560547 -0.187423706054688 0.2607421875
-0.00302410125732422 -0.0101070404052734 0.048095703125 0.231338500976563
-0.000944137573242187 -0.0110301971435547 0.167648315429687 0.0560150146484375
0.00369739532470703 -0.00564432144165039 0.148269653320313 -0.0918731689453125
0.00797939300537109 -0.0145320892333984 -0.162307739257812 0.0667724609375
0.0142803192138672 -0.0078887939453125 -0.11346435546875 -0.0982208251953125
-0.00526618957519531 0.00113439559936523 0.0731048583984375 -0.255203247070313
-0.0164995193481445 0.0125494003295898 0.336700439453125 -0.169677734375
-0.0122699737548828 0.00672149658203125 0.35791015625 0.25439453125
0.00961875915527344 -0.0184535980224609 0.012237548828125 0.49774169921875
0.0210170745849609 0.00194168090820312 -0.172943115234375 0.2786865234375
0.0176849365234375 0.00638389587402344 0.0625381469726563 -0.0104141235351563
0.0173616409301758 -0.00797176361083984 0.134979248046875 -0.37371826171875
0.0131673812866211 -0.0144243240356445 -0.234649658203125 -0.444580078125
-0.00567150115966797 0.00322437286376953 -0.41766357421875 -0.022125244140625
-0.00911235809326172 0.0121965408325195 -0.166488647460938 0.267654418945313
-0.00230145454406738 -0.00435423851013184 0.0661773681640625 0.227828979492187
0.00297212600708008 -0.00333166122436524 0.172988891601563 0.0504913330078125
0.00951480865478516 -0.00126743316650391 0.146575927734375 -0.09478759765625
0.012019157409668 -0.00972461700439453 -0.162033081054688 0.0646514892578125
0.0167217254638672 0.000761985778808594 -0.108596801757813 -0.0997467041015625
-0.0049891471862793 0.00853824615478516 0.0810394287109375 -0.25518798828125
-0.0234260559082031 0.0116233825683594 0.34027099609375 -0.162322998046875
-0.0206146240234375 -0.00695228576660156 0.3505859375 0.2626953125
0.0114021301269531 -0.04400634765625 -0.00210571289062504 0.498321533203125
0.0410575866699219 -0.021392822265625 -0.17938232421875 0.274932861328125
0.045928955078125 -0.0113639831542969 0.0611686706542969 -0.0113906860351562
0.0267848968505859 -0.0343170166015625 0.124053955078125 -0.374267578125
0.00378227233886719 -0.0338535308837891 -0.246978759765625 -0.437225341796875
-0.0175285339355469 -0.00262641906738281 -0.416046142578125 -0.012664794921875
-0.012333869934082 0.015233039855957 -0.158889770507812 0.268386840820313
3.79085540771486E-05 0.00284695625305176 0.0745391845703125 0.226348876953125
0.00698232650756836 0.00429677963256836 0.175491333007813 0.050689697265625
0.0137758255004883 0.00283718109130859 0.146865844726563 -0.0953521728515625
0.0157184600830078 -0.00611400604248047 -0.160675048828125 0.0643463134765625
0.0194168090820313 0.00952529907226563 -0.10797119140625 -0.0967025756835938
-0.00376987457275391 0.0159292221069336 0.074798583984375 -0.254837036132813
-0.0295810699462891 0.0108184814453125 0.333526611328125 -0.1707763671875
-0.0294895172119141 -0.0202388763427734 0.356292724609375 0.24676513671875
0.0103302001953125 -0.0708084106445313 0.011077880859375 0.49542236328125
0.0596733093261719 -0.048126220703125 -0.178985595703125 0.284271240234375
0.0760040283203125 -0.0312652587890625 0.0492095947265625 -0.00314712524414063
0.0363388061523438 -0.0618858337402344 0.123992919921875 -0.362762451171875
-0.00555419921875 -0.0562400817871094 -0.239990234375 -0.438629150390625
-0.0292987823486328 -0.0105361938476563 -0.419586181640625 -0.02337646484375
-0.0158443450927734 0.0180473327636719 -0.166595458984375 0.265731811523438
0.00226402282714844 0.0128936767578125 0.0717010498046875 0.22906494140625
0.0117607116699219 0.0154647827148437 0.1767578125 0.054046630859375
0.0195980072021484 0.00814437866210938 0.1494140625 -0.0930328369140625
0.0198917388916016 -0.00287628173828125 -0.156387329101563 0.0683746337890625
0.0218944549560547 0.0187149047851563 -0.113677978515625 -0.08843994140625
-0.000398635864257813 0.0242366790771484 0.0537261962890625 -0.2515869140625
-0.0337905883789063 0.0122737884521484 0.312347412109375 -0.192169189453125
-0.0399932861328125 -0.0288009643554688 0.370147705078125 0.210540771484375
0.00225830078125 -0.094879150390625 0.05242919921875 0.48748779296875
0.0715560913085938 -0.0770339965820313 -0.170074462890625 0.307708740234375
0.104103088378906 -0.0516586303710937 0.0252342224121094 0.0162620544433594
0.049957275390625 -0.08795166015625 0.1322021484375 -0.3394775390625
-0.0108871459960938 -0.0799026489257813 -0.209075927734375 -0.45135498046875
-0.0408782958984375 -0.0220069885253906 -0.422393798828125 -0.059051513671875
-0.0213241577148438 0.0186958312988281 -0.1956787109375 0.254684448242187
0.00330162048339844 0.0189094543457031 0.050384521484375 0.239547729492188
0.0153675079345703 0.0258522033691406 0.1749267578125 0.0648040771484375
0.0245132446289063 0.0125274658203125 0.15625 -0.08612060546875
-0.00696182250976563 -0.0267009735107422 -0.153106689453125 0.090118408203125
0.00654983520507812 -0.0186004638671875 -0.151351928710938 -0.0655517578125
-0.000458717346191407 -0.013300895690918 -0.027008056640625 -0.238250732421875
0.00331687927246094 0.00545835494995117 0.236557006835938 -0.249237060546875
0.00952339172363281 0.0209980010986328 0.41046142578125 0.1031494140625
0.00736045837402344 0.0182209014892578 0.193634033203125 0.45819091796875
-0.00571250915527343 0.0349903106689453 -0.110137939453125 0.360748291015625
-0.029144287109375 0.0304508209228516 0.00187301635742188 0.0515327453613281
-0.0106754302978516 0.0328273773193359 0.213592529296875 -0.292694091796875
0.0168781280517578 0.0215606689453125 -0.059814453125 -0.514068603515625
0.0139369964599609 0.0138778686523438 -0.405853271484375 -0.182647705078125
0.00506448745727539 0.00214862823486328 -0.280227661132812 0.213302612304687
0.00435543060302734 -0.0158920288085938 -0.0322418212890625 0.250228881835938
-0.00609016418457031 -0.0157613754272461 0.147567749023438 0.0843048095703125
-0.0064544677734375 -0.0129098892211914 0.161956787109375 -0.07379150390625
-0.00514793395996094 -0.0254192352294922 -0.155563354492188 0.0864410400390625
0.00806999206542969 -0.0212306976318359 -0.143524169921875 -0.074005126953125
-0.00313949584960938 -0.0130033493041992 -0.00212097167968748 -0.244873046875
0.000978469848632813 0.00881004333496094 0.265625 -0.232650756835938
0.00807952880859375 0.0240478515625 0.402740478515625 0.14544677734375
0.00843048095703125 0.0210514068603516 0.14691162109375 0.4749755859375
-0.00732803344726563 0.0389022827148438 -0.128997802734375 0.33929443359375
-0.0307331085205078 0.0336265563964844 0.0214328765869141 0.0332527160644531
-0.00722885131835937 0.0350856781005859 0.1976318359375 -0.319244384765625
0.0207424163818359 0.0221309661865234 -0.1090087890625 -0.501861572265625
0.0138168334960938 0.0143527984619141 -0.415008544921875 -0.135528564453125
0.00258827209472656 0.0042426586151123 -0.249359130859375 0.234298706054687
0.000342369079589843 -0.0163087844848633 -0.00439453125000001 0.245468139648437
-0.00547599792480469 -0.0172262191772461 0.155746459960938 0.0737762451171875
-0.0047159194946289 -0.0118026733398437 0.156341552734375 -0.08197021484375
-0.00151252746582031 -0.0224990844726563 -0.159133911132813 0.079742431640625
0.00960159301757813 -0.0198554992675781 -0.133689880371094 -0.0844345092773438
-0.00421810150146484 -0.0102081298828125 0.025726318359375 -0.251937866210938
-0.00332450866699219 0.0118207931518555 0.29510498046875 -0.211944580078125
0.00346565246582031 0.0237274169921875 0.390869140625 0.186431884765625
0.00791454315185547 0.0157575607299805 0.09716796875 0.489105224609375
-0.00446319580078125 0.0337238311767578 -0.146514892578125 0.31671142578125
-0.0230751037597656 0.0307235717773438 0.0409507751464844 0.0138702392578125
-0.000417709350585935 0.0291099548339844 0.176483154296875 -0.346038818359375
0.0224609375 0.0157966613769531 -0.163330078125 -0.484588623046875
0.0106611251831055 0.0117664337158203 -0.42059326171875 -0.0870361328125
-0.00154542922973633 0.00631570816040039 -0.216354370117187 0.252044677734375
-0.00219535827636719 -0.0142393112182617 0.025299072265625 0.239639282226563
-0.00391197204589844 -0.0149745941162109 0.162979125976563 0.0644683837890625
-0.000535964965820312 -0.00904178619384766 0.152999877929688 -0.0879364013671875
0.00292205810546875 -0.0184879302978516 -0.161239624023437 0.0735321044921875
0.011723518371582 -0.0154571533203125 -0.123374938964844 -0.0928497314453125
-0.00520038604736328 -0.00506162643432617 0.0528411865234375 -0.255767822265625
-0.00922203063964844 0.0131435394287109 0.3221435546875 -0.1900634765625
-0.00403976440429688 0.017822265625 0.37567138671875 0.2279052734375
0.00808811187744141 0.0027470588684082 0.049530029296875 0.499725341796875
0.00485038757324219 0.0216236114501953 -0.16265869140625 0.295806884765625
-0.00648689270019531 0.0213184356689453 0.0558013916015625 -0.00140380859375
0.00884342193603516 0.01434326171875 0.15478515625 -0.367034912109375
0.0202693939208984 0.00257110595703125 -0.2071533203125 -0.465087890625
0.00378561019897461 0.0076899528503418 -0.421112060546875 -0.047882080078125
-0.0055837631225586 0.00911617279052734 -0.187057495117187 0.264328002929688
-0.00358390808105469 -0.010218620300293 0.0500030517578125 0.232452392578125
-0.00110054016113281 -0.010833740234375 0.169204711914063 0.0555267333984375
0.00374794006347656 -0.00537776947021484 0.148239135742188 -0.0937347412109375
0.00756549835205078 -0.0139970779418945 -0.162582397460938 0.0685882568359375
0.0144538879394531 -0.00844669342041016 -0.114814758300781 -0.0985488891601563
-0.00565004348754883 0.000815391540527344 0.07244873046875 -0.258163452148438
-0.0162324905395508 0.0131425857543945 0.3367919921875 -0.174072265625
-0.0117883682250977 0.00689315795898438 0.362548828125 0.25311279296875
0.00915908813476563 -0.0186710357666016 0.0154418945312501 0.50140380859375
0.0210494995117187 0.00230216979980469 -0.1728515625 0.282196044921875
0.0174551010131836 0.006500244140625 0.0636024475097656 -0.010498046875
0.0168647766113281 -0.00788593292236328 0.133758544921875 -0.3770751953125
0.013117790222168 -0.0143308639526367 -0.238922119140625 -0.44610595703125
-0.00593996047973633 0.00294399261474609 -0.42156982421875 -0.0204467773437499
-0.00925350189208984 0.0120716094970703 -0.166656494140625 0.27044677734375
-0.00226736068725586 -0.00458192825317383 0.068359375 0.228683471679688
0.00305390357971191 -0.00368499755859375 0.174468994140625 0.049530029296875
0.00907039642333984 -0.00122165679931641 0.146575927734375 -0.0963592529296875
0.0114221572875977 -0.00965785980224609 -0.162445068359375 0.0662384033203125
0.016876220703125 3.24249267578125E-05 -0.109573364257813 -0.0999069213867187
-0.00537776947021485 0.00876140594482422 0.079864501953125 -0.258163452148438
-0.0238189697265625 0.0118675231933594 0.342498779296875 -0.16650390625
-0.0204658508300781 -0.0072174072265625 0.3565673828125 0.2618408203125
0.0112991333007812 -0.0442619323730469 0.000671386718749981 0.501953125
0.0409202575683594 -0.0219078063964844 -0.178375244140625 0.27783203125
0.0463333129882813 -0.0114173889160156 0.0619316101074219 -0.0119094848632812
0.0258808135986328 -0.0342864990234375 0.1231689453125 -0.378326416015625
0.00354385375976563 -0.0343818664550781 -0.252044677734375 -0.43768310546875
-0.0174446105957031 -0.00266551971435547 -0.42041015625 -0.0105285644531249
-0.0123376846313477 0.0153932571411133 -0.158340454101562 0.271560668945313
-0.000288724899291992 0.00285625457763672 0.07623291015625 0.227127075195313
0.00720643997192383 0.00410223007202148 0.17718505859375 0.0493011474609375
0.0134286880493164 0.00332927703857422 0.147018432617188 -0.0972747802734375
0.0157318115234375 -0.00616931915283203 -0.16064453125 0.066925048828125
0.0193309783935547 0.0092010498046875 -0.11004638671875 -0.09674072265625
-0.00379467010498047 0.0165414810180664 0.0731201171875 -0.257904052734375
-0.0298404693603516 0.0112762451171875 0.335235595703125 -0.173980712890625
-0.0295200347900391 -0.0203113555908203 0.360198974609375 0.246795654296875
0.009765625 -0.0718917846679688 0.01397705078125 0.498504638671875
0.0592498779296875 -0.0486602783203125 -0.178070068359375 0.287384033203125
0.075897216796875 -0.0317230224609375 0.0494651794433594 -0.00321578979492188
0.0359230041503906 -0.0621910095214844 0.122955322265625 -0.3670654296875
-0.00613784790039062 -0.0560455322265625 -0.245269775390625 -0.440460205078125
-0.0294990539550781 -0.0103702545166016 -0.424285888671875 -0.0211181640625
-0.0156650543212891 0.0179367065429688 -0.166488647460938 0.268722534179688
0.00200080871582031 0.0124645233154297 0.0733489990234375 0.230499267578125
0.0121889114379883 0.0151700973510742 0.178390502929687 0.052459716796875
0.0196685791015625 0.00798797607421875 0.14984130859375 -0.094818115234375
0.0199661254882812 -0.00244903564453125 -0.15692138671875 0.0702056884765625
0.0221042633056641 0.0181598663330078 -0.114761352539063 -0.0883407592773437
-0.000263214111328124 0.0243339538574219 0.05194091796875 -0.254745483398438
-0.0342350006103516 0.0128440856933594 0.312225341796875 -0.1953125
-0.0397300720214844 -0.0287513732910156 0.375 0.20794677734375
0.00129699707031249 -0.0961837768554688 0.055816650390625 0.491302490234375
0.0713653564453125 -0.0780487060546875 -0.169586181640625 0.31036376953125
0.104339599609375 -0.0520401000976562 0.0252971649169922 0.0164546966552734
0.0497970581054687 -0.0889968872070313 0.13055419921875 -0.3411865234375
-0.0112686157226562 -0.0808639526367188 -0.2120361328125 -0.45379638671875
-0.0413169860839844 -0.0218315124511719 -0.427276611328125 -0.0557556152343751
-0.0213222503662109 0.0191917419433594 -0.195571899414063 0.257186889648438
0.00324821472167969 0.0186958312988281 0.0522003173828125 0.240676879882812
0.0155181884765625 0.0257434844970703 0.1763916015625 0.064422607421875
0.0246067047119141 0.0123920440673828 0.15625 -0.0883636474609375
-0.00729751586914063 -0.0268917083740234 -0.152847290039062 0.092498779296875
0.00646400451660156 -0.0192432403564453 -0.152191162109375 -0.06463623046875
-0.000530242919921875 -0.0135726928710938 -0.0287933349609375 -0.240219116210938
0.00311422348022461 0.00574159622192383 0.236953735351562 -0.253250122070313
0.00977134704589843 0.0211277008056641 0.415679931640625 0.100799560546875
0.00766754150390625 0.0178394317626953 0.197723388671875 0.460174560546875
-0.00604248046875 0.03515625 -0.108551025390625 0.363800048828125
-0.0292377471923828 0.0308322906494141 0.00226974487304687 0.0518150329589844
-0.0107231140136719 0.0330429077148438 0.213470458984375 -0.2965087890625
0.0171871185302734 0.021636962890625 -0.0643310546875 -0.517547607421875
0.0139141082763672 0.0134773254394531 -0.40966796875 -0.180999755859375
0.00486373901367188 0.0019378662109375 -0.279617309570313 0.217315673828125
0.00386714935302735 -0.0158767700195313 -0.0300445556640625 0.252426147460938
-0.00621414184570313 -0.0156345367431641 0.149398803710938 0.0834503173828125
-0.00675678253173828 -0.0128841400146484 0.162078857421875 -0.075958251953125
-0.0057525634765625 -0.0247821807861328 -0.155380249023438 0.0885162353515625
0.00733566284179688 -0.0214099884033203 -0.14483642578125 -0.0731353759765625
-0.00303268432617187 -0.0128822326660156 -0.003753662109375 -0.2469482421875
0.00130271911621094 0.00878620147705078 0.264938354492188 -0.236785888671875
0.00821304321289062 0.0244426727294922 0.408050537109375 0.14276123046875
0.00889968872070313 0.0207939147949219 0.15216064453125 0.478271484375
-0.00701141357421875 0.0390281677246094 -0.127197265625 0.343170166015625
-0.0312671661376953 0.0343704223632813 0.0214347839355469 0.0330162048339844
-0.00743865966796875 0.0355262756347656 0.196563720703125 -0.323638916015625
0.0213031768798828 0.0220184326171875 -0.113189697265625 -0.505035400390625
0.0141782760620117 0.0142269134521484 -0.419342041015625 -0.135009765625
0.00228357315063477 0.00378131866455078 -0.24908447265625 0.237213134765625
-0.000134468078613282 -0.0161876678466797 -0.00184631347656247 0.246810913085938
-0.00602531433105469 -0.017085075378418 0.157073974609375 0.0728607177734375
-0.00466346740722656 -0.0115652084350586 0.15655517578125 -0.084442138671875
-0.00204849243164063 -0.0221328735351562 -0.159286499023438 0.0818939208984375
0.00937843322753906 -0.0202217102050781 -0.134933471679688 -0.0838394165039063
-0.00461959838867188 -0.0101823806762695 0.0242767333984375 -0.254074096679687
-0.00320243835449219 0.0119457244873047 0.29571533203125 -0.21673583984375
0.00325965881347656 0.0232830047607422 0.395477294921875 0.185546875
0.00818824768066406 0.0157966613769531 0.103424072265625 0.492889404296875
-0.00410270690917968 0.0343074798583984 -0.14501953125 0.319793701171875
-0.023834228515625 0.0315341949462891 0.04156494140625 0.0135841369628906
-0.00035667419433594 0.0297470092773437 0.17449951171875 -0.35064697265625
0.023223876953125 0.0152606964111328 -0.167572021484375 -0.48736572265625
0.0110664367675781 0.0117626190185547 -0.42333984375 -0.08648681640625
-0.00162363052368164 0.00572395324707031 -0.216400146484375 0.25567626953125
-0.00257778167724609 -0.0142173767089844 0.0271759033203125 0.240478515625
-0.00448226928710938 -0.0153465270996094 0.164291381835938 0.0628204345703125
-0.00117206573486328 -0.00914192199707031 0.152694702148438 -0.0900726318359375
0.00209426879882813 -0.0185337066650391 -0.16156005859375 0.076019287109375
0.0115890502929688 -0.0159749984741211 -0.12457275390625 -0.0920867919921875
-0.00533151626586914 -0.0050044059753418 0.051239013671875 -0.258407592773438
-0.00920581817626953 0.0138273239135742 0.32275390625 -0.1939697265625
-0.00318336486816406 0.017430305480957 0.3802490234375 0.2275390625
0.00796413421630859 0.00229167938232422 0.053863525390625 0.501922607421875
0.00496101379394531 0.0216121673583984 -0.161102294921875 0.29901123046875
-0.00664138793945313 0.021820068359375 0.0559730529785156 -0.00178909301757812
0.00859165191650391 0.0148468017578125 0.15216064453125 -0.37017822265625
0.0202007293701172 0.00244903564453125 -0.2120361328125 -0.467254638671875
0.0037989616394043 0.00770902633666992 -0.4241943359375 -0.045684814453125
-0.00560522079467773 0.00873470306396484 -0.186279296875 0.267135620117188
-0.00368118286132813 -0.0103769302368164 0.0522003173828125 0.233291625976563
-0.0013580322265625 -0.0111227035522461 0.170989990234375 0.054351806640625
0.00336790084838867 -0.00569868087768555 0.1485595703125 -0.0958251953125
0.00736236572265625 -0.0135469436645508 -0.163055419921875 0.071044921875
0.0143299102783203 -0.00880813598632813 -0.115982055664063 -0.0985336303710937
-0.00554275512695313 0.00108766555786133 0.070587158203125 -0.261398315429688
-0.0166444778442383 0.0134725570678711 0.338653564453125 -0.177734375
-0.0119123458862305 0.00656509399414063 0.36724853515625 0.2529296875
0.00923347473144531 -0.0193214416503906 0.0196533203125 0.504913330078125
0.0208225250244141 0.00139236450195313 -0.171722412109375 0.284637451171875
0.0173702239990234 0.00688266754150391 0.0638656616210938 -0.0108680725097656
0.0174627304077148 -0.00788021087646484 0.13238525390625 -0.381103515625
0.0131130218505859 -0.0153036117553711 -0.244720458984375 -0.4486083984375
-0.0055394172668457 0.00263690948486328 -0.4239501953125 -0.01751708984375
-0.00934410095214843 0.0123891830444336 -0.16522216796875 0.2738037109375
-0.00244760513305664 -0.00423431396484375 0.0706024169921875 0.229217529296875
0.00249528884887695 -0.00375032424926758 0.175552368164063 0.048248291015625
0.00878286361694336 -0.000967502593994141 0.146728515625 -0.0987548828125
0.0113515853881836 -0.00924777984619141 -0.1627197265625 0.0682373046875
0.0166864395141602 -0.000307083129882813 -0.111099243164063 -0.1004638671875
-0.0053858757019043 0.00864362716674805 0.0785064697265625 -0.261001586914063
-0.0239486694335938 0.0127468109130859 0.3416748046875 -0.171539306640625
-0.0203304290771484 -0.00700759887695313 0.3604736328125 0.261505126953125
0.0110893249511719 -0.0451278686523438 0.00503540039062502 0.505645751953125
0.0411148071289063 -0.022216796875 -0.177734375 0.28143310546875
0.046356201171875 -0.0114669799804688 0.0620918273925781 -0.012176513671875
0.0257797241210938 -0.0348377227783203 0.120880126953125 -0.38177490234375
0.00351715087890625 -0.0350990295410156 -0.2567138671875 -0.44183349609375
-0.0175333023071289 -0.00254917144775391 -0.423736572265625 -0.00820922851562503
-0.0125226974487305 0.0156841278076172 -0.158309936523438 0.274826049804688
-0.000288963317871094 0.00260686874389648 0.0787506103515625 0.228164672851562
0.00726795196533203 0.00413227081298828 0.1790771484375 0.0483551025390625
0.0132789611816406 0.00314140319824219 0.147232055664063 -0.0988006591796875
0.015721321105957 -0.005096435546875 -0.161331176757813 0.0686492919921875
0.0196781158447266 0.00918388366699219 -0.1112060546875 -0.0968093872070313
-0.003662109375 0.0162515640258789 0.0713653564453125 -0.26007080078125
-0.0298042297363281 0.0117969512939453 0.335693359375 -0.178955078125
-0.0295886993408203 -0.0202808380126953 0.365570068359375 0.2462158203125
0.00959014892578124 -0.0723495483398438 0.018768310546875 0.5035400390625
0.0594978332519531 -0.0497512817382813 -0.177581787109375 0.290008544921875
0.0762710571289063 -0.0322647094726563 0.0498504638671875 -0.00394439697265625
0.0352210998535156 -0.0624847412109375 0.12103271484375 -0.370758056640625
-0.00637435913085937 -0.0571174621582031 -0.25018310546875 -0.442413330078125
-0.0299453735351562 -0.0102653503417969 -0.427337646484375 -0.0180969238281249
-0.0157527923583984 0.0181884765625 -0.166671752929687 0.271881103515625
0.00206661224365235 0.0125083923339844 0.0758209228515625 0.231201171875
0.0125465393066406 0.0150480270385742 0.180023193359375 0.0512542724609375
0.0196113586425781 0.00814056396484375 0.149871826171875 -0.0970001220703125
0.0197410583496094 -0.00207710266113281 -0.15753173828125 0.072235107421875
0.0224704742431641 0.0183753967285156 -0.116600036621094 -0.0887985229492187
-0.000528335571289062 0.0247516632080078 0.0506134033203125 -0.2568359375
-0.0343589782714844 0.0135116577148438 0.3131103515625 -0.200714111328125
-0.0405387878417969 -0.0294303894042969 0.379486083984375 0.207366943359375
0.000831604003906259 -0.0967483520507813 0.0599365234375 0.494354248046875
0.0715789794921875 -0.0787429809570313 -0.16888427734375 0.314056396484375
0.104988098144531 -0.0528411865234375 0.0255718231201172 0.0158901214599609
0.0491790771484375 -0.0894241333007813 0.129730224609375 -0.344970703125
-0.0123214721679688 -0.0810165405273438 -0.21759033203125 -0.454498291015625
-0.04168701171875 -0.0220146179199219 -0.430145263671875 -0.0538635253906251
-0.0214786529541016 0.0198307037353516 -0.195159912109375 0.2606201171875
0.00320625305175781 0.0187416076660156 0.0543212890625 0.241928100585937
0.0159816741943359 0.0259857177734375 0.178146362304688 0.06280517578125
0.0245399475097656 0.0124797821044922 0.15679931640625 -0.0896148681640625
-0.00819015502929687 -0.0260105133056641 -0.152542114257813 0.095306396484375
0.00607109069824219 -0.0194988250732422 -0.154098510742188 -0.0637664794921875
-0.000691413879394531 -0.0135688781738281 -0.0313568115234375 -0.241729736328125
0.00348520278930664 0.00632238388061523 0.236221313476562 -0.258056640625
0.0102519989013672 0.0207862854003906 0.419921875 0.09820556640625
0.00801277160644531 0.0168638229370117 0.20343017578125 0.4619140625
-0.0055694580078125 0.0352516174316406 -0.106414794921875 0.367156982421875
-0.0300064086914063 0.0316600799560547 0.00258255004882813 0.0520362854003906
-0.0108642578125 0.0334300994873047 0.212005615234375 -0.29974365234375
0.0177459716796875 0.0212802886962891 -0.069305419921875 -0.519866943359375
0.0142488479614258 0.0141143798828125 -0.415069580078125 -0.178924560546875
0.00504302978515625 0.00179576873779297 -0.280364990234375 0.220993041992187
0.00307464599609375 -0.0163555145263672 -0.0279693603515625 0.254043579101563
-0.00639152526855469 -0.0155239105224609 0.150985717773438 0.0822296142578125
-0.0074014663696289 -0.0127086639404297 0.162567138671875 -0.07861328125
-0.00627517700195312 -0.0246849060058594 -0.154739379882813 0.0908203125
0.00724983215332031 -0.0215702056884766 -0.14581298828125 -0.0726470947265625
-0.00311088562011719 -0.0128946304321289 -0.00680541992187503 -0.248687744140625
0.00112628936767578 0.00919055938720703 0.265151977539063 -0.241256713867188
0.00886917114257813 0.0237102508544922 0.412628173828125 0.13934326171875
0.00912666320800781 0.0203189849853516 0.157989501953125 0.480072021484375
-0.00682830810546875 0.0392265319824219 -0.124755859375 0.346435546875
-0.0312347412109375 0.0349349975585937 0.0215682983398437 0.0328750610351563
-0.0072021484375 0.0357398986816406 0.19677734375 -0.32684326171875
0.0213775634765625 0.0217838287353516 -0.118682861328125 -0.507354736328125
0.0147113800048828 0.0140171051025391 -0.423675537109375 -0.132080078125
0.00262641906738281 0.00394034385681152 -0.249099731445312 0.241165161132813
-0.000346183776855469 -0.0163488388061523 -0.000595092773437494 0.248275756835938
-0.0062255859375 -0.0171213150024414 0.158599853515625 0.0713958740234375
-0.00549888610839844 -0.0113458633422852 0.156829833984375 -0.0864715576171875
-0.00240135192871094 -0.0218791961669922 -0.159149169921875 0.0843353271484375
0.00921249389648437 -0.0205039978027344 -0.136444091796875 -0.083160400390625
-0.00464344024658203 -0.0100288391113281 0.0213165283203125 -0.256088256835938
-0.00314140319824219 0.0121774673461914 0.295135498046875 -0.221038818359375
0.00417709350585938 0.0234813690185547 0.401641845703125 0.183197021484375
0.00863838195800781 0.0153694152832031 0.10980224609375 0.49481201171875
-0.00356674194335937 0.0343837738037109 -0.143402099609375 0.322540283203125
-0.023956298828125 0.0320529937744141 0.0415725708007813 0.0132637023925781
-0.000358581542968751 0.0300655364990234 0.172760009765625 -0.354034423828125
0.0230617523193359 0.0150794982910156 -0.174346923828125 -0.48822021484375
0.0112504959106445 0.0118007659912109 -0.428741455078125 -0.082672119140625
-0.00146245956420898 0.00640487670898438 -0.21612548828125 0.259185791015625
-0.00271224975585937 -0.0147209167480469 0.0299835205078125 0.241378784179688
-0.00486087799072266 -0.0154438018798828 0.166015625 0.0614013671875
-0.00162506103515625 -0.00884819030761719 0.1531982421875 -0.0925140380859375
0.00152587890625 -0.0181217193603516 -0.161407470703125 0.0786895751953125
0.0113668441772461 -0.0163240432739258 -0.125999450683594 -0.0919952392578125
-0.00547885894775391 -0.00477170944213867 0.0493011474609375 -0.261184692382813
-0.00931358337402344 0.0143947601318359 0.3223876953125 -0.198455810546875
-0.00336456298828125 0.0176296234130859 0.38507080078125 0.223663330078125
0.00862550735473633 0.00174331665039063 0.058563232421875 0.506072998046875
0.00511741638183594 0.0216236114501953 -0.15960693359375 0.301971435546875
-0.0069732666015625 0.0229053497314453 0.0564193725585938 -0.00197219848632812
0.00841331481933594 0.0147552490234375 0.150146484375 -0.374481201171875
0.0205783843994141 0.00227546691894531 -0.2177734375 -0.468536376953125
0.00374174118041992 0.00785970687866211 -0.428375244140625 -0.041656494140625
-0.00558280944824219 0.00909233093261719 -0.1854248046875 0.270309448242188
-0.00403022766113281 -0.010441780090332 0.054901123046875 0.234039306640625
-0.00137615203857422 -0.0111656188964844 0.172042846679688 0.052215576171875
0.00268173217773438 -0.00510025024414063 0.14825439453125 -0.0978240966796875
0.00686264038085938 -0.0136375427246094 -0.163177490234375 0.073638916015625
0.0136842727661133 -0.00916671752929688 -0.117919921875 -0.0982589721679688
-0.00545978546142578 0.00106000900268555 0.068267822265625 -0.264251708984375
-0.0167427062988281 0.0139455795288086 0.3389892578125 -0.18359375
-0.0115509033203125 0.00655746459960938 0.371185302734375 0.25018310546875
0.00938034057617188 -0.0199203491210938 0.02496337890625 0.509307861328125
0.0214366912841797 0.00145149230957031 -0.17034912109375 0.288238525390625
0.0176963806152344 0.0072784423828125 0.0637321472167969 -0.0115966796875
0.0170345306396484 -0.00804519653320313 0.1302490234375 -0.38482666015625
0.0129861831665039 -0.0152711868286133 -0.24932861328125 -0.44976806640625
-0.00561428070068359 0.00312900543212891 -0.427459716796875 -0.01373291015625
-0.00924396514892578 0.0127410888671875 -0.163909912109375 0.276458740234375
-0.00291585922241211 -0.00461959838867188 0.072967529296875 0.230300903320313
0.00263381004333496 -0.00401425361633301 0.177230834960938 0.04656982421875
0.0084986686706543 -0.000881195068359375 0.146697998046875 -0.101181030273437
0.0110177993774414 -0.00918102264404297 -0.162673950195312 0.0707550048828125
0.0167140960693359 -0.000433921813964844 -0.113052368164063 -0.099945068359375
-0.00573444366455078 0.00859594345092773 0.0758209228515625 -0.264373779296875
-0.0239391326904297 0.0131511688232422 0.344024658203125 -0.176361083984375
-0.0204944610595703 -0.00703620910644532 0.365386962890625 0.258758544921875
0.0104560852050781 -0.0459556579589844 0.00988769531249995 0.510345458984375
0.0406570434570313 -0.0225868225097656 -0.17657470703125 0.28466796875
0.0465660095214844 -0.0113639831542969 0.0624237060546875 -0.0129547119140625
0.0256023406982422 -0.0348320007324219 0.120147705078125 -0.385833740234375
0.00316238403320313 -0.035736083984375 -0.2615966796875 -0.4398193359375
-0.017669677734375 -0.00231361389160157 -0.42803955078125 -0.00436401367187498
-0.012394905090332 0.0160970687866211 -0.156875610351563 0.278472900390625
-0.000514984130859375 0.00275135040283203 0.0815582275390625 0.228836059570313
0.00725078582763672 0.00397205352783203 0.18017578125 0.0464324951171875
0.013092041015625 0.00331211090087891 0.14703369140625 -0.101394653320312
0.0157155990600586 -0.00510692596435547 -0.161331176757813 0.071319580078125
0.0195102691650391 0.00892448425292969 -0.113029479980469 -0.0970993041992188
-0.00374507904052734 0.0168342590332031 0.069183349609375 -0.263076782226562
-0.0300807952880859 0.0125255584716797 0.33544921875 -0.184051513671875
-0.0303115844726563 -0.0202903747558594 0.370452880859375 0.24432373046875
0.0089874267578125 -0.07330322265625 0.022735595703125 0.506134033203125
0.0594749450683594 -0.0500411987304688 -0.17620849609375 0.29388427734375
0.0762786865234375 -0.032318115234375 0.0503463745117188 -0.00425338745117188
0.0354385375976563 -0.0631256103515625 0.118072509765625 -0.373291015625
-0.00676345825195313 -0.0573616027832031 -0.255126953125 -0.442657470703125
-0.0298595428466797 -0.0101261138916016 -0.4307861328125 -0.0138244628906249
-0.0158004760742188 0.0184688568115234 -0.164947509765625 0.275054931640625
0.00192451477050781 0.0126132965087891 0.078857421875 0.231964111328125
0.0126848220825195 0.0150718688964844 0.181472778320313 0.0493927001953125
0.0192432403564453 0.00867462158203125 0.149978637695313 -0.099395751953125
0.0191650390625 -0.0022430419921875 -0.157485961914063 0.0746307373046875
0.0225105285644531 0.0179252624511719 -0.117919921875 -0.0886993408203125
-0.000280380249023436 0.0249156951904297 0.048187255859375 -0.25927734375
-0.0346946716308594 0.0141239166259766 0.3123779296875 -0.2047119140625
-0.0407981872558594 -0.0295486450195312 0.385833740234375 0.205322265625
3.81469726562482E-05 -0.0975265502929688 0.066131591796875 0.497528076171875
0.0708770751953125 -0.0799942016601563 -0.16705322265625 0.317138671875
0.104957580566406 -0.0533447265625 0.0261325836181641 0.0161552429199219
0.0487823486328125 -0.0897750854492188 0.12725830078125 -0.349151611328125
-0.0132827758789062 -0.0813751220703125 -0.222015380859375 -0.456268310546875
-0.0422859191894531 -0.0218963623046875 -0.434539794921875 -0.0501403808593751
-0.0211830139160156 0.0197563171386719 -0.194503784179687 0.264053344726563
0.00330162048339844 0.0186538696289063 0.05755615234375 0.243240356445313
0.0162906646728516 0.0259342193603516 0.1795654296875 0.0612030029296875
0.0242843627929688 0.0130348205566406 0.157257080078125 -0.0919952392578125
-0.0088348388671875 -0.0255756378173828 -0.15216064453125 0.0979156494140625
0.00575447082519531 -0.020172119140625 -0.155685424804688 -0.0624542236328125
-0.000757217407226564 -0.0136308670043945 -0.0343780517578125 -0.242752075195313
0.0035548210144043 0.00632667541503906 0.234298706054688 -0.262649536132813
0.010284423828125 0.0207366943359375 0.423553466796875 0.093597412109375
0.00837326049804688 0.0165548324584961 0.20965576171875 0.46319580078125
-0.0058746337890625 0.0357589721679688 -0.103607177734375 0.371429443359375
-0.02996826171875 0.032867431640625 0.00296401977539063 0.0517425537109375
-0.0105037689208984 0.0337810516357422 0.210662841796875 -0.304534912109375
0.0178680419921875 0.0213031768798828 -0.074554443359375 -0.522705078125
0.0144529342651367 0.0136833190917969 -0.419189453125 -0.175384521484375
0.00529670715332031 0.00168991088867188 -0.279815673828125 0.225082397460938
0.00337409973144531 -0.0161933898925781 -0.0255584716796875 0.256195068359375
-0.00701141357421875 -0.0153989791870117 0.152603149414063 0.080718994140625
-0.00769519805908203 -0.0120887756347656 0.16229248046875 -0.08099365234375
-0.00649642944335938 -0.0243396759033203 -0.154373168945312 0.0938873291015625
0.00647354125976562 -0.0223712921142578 -0.1474609375 -0.071441650390625
-0.00340843200683594 -0.0128688812255859 -0.00961303710937501 -0.251174926757813
0.00101089477539063 0.00965118408203125 0.263717651367188 -0.246414184570313
0.00889205932617188 0.0237026214599609 0.41680908203125 0.134918212890625
0.00960540771484375 0.0198974609375 0.165008544921875 0.481903076171875
-0.00660324096679688 0.0393600463867188 -0.1217041015625 0.34954833984375
-0.0314674377441406 0.0360641479492188 0.0221519470214844 0.0330581665039063
-0.00737762451171875 0.0366439819335937 0.19329833984375 -0.331268310546875
0.0219192504882813 0.0214500427246094 -0.12481689453125 -0.50927734375
0.0150365829467773 0.0141534805297852 -0.428741455078125 -0.12799072265625
0.00256657600402832 0.00360250473022461 -0.248245239257813 0.245208740234375
-0.000706672668457031 -0.0165243148803711 0.00224304199218747 0.24993896484375
-0.00658226013183594 -0.0173883438110352 0.1602783203125 0.0694427490234375
-0.00583839416503906 -0.0111351013183594 0.15643310546875 -0.088409423828125
-0.00303840637207031 -0.0213737487792969 -0.15875244140625 0.087249755859375
0.00804710388183594 -0.0211334228515625 -0.137733459472656 -0.0819091796875
-0.00520133972167969 -0.00965023040771484 0.0189666748046875 -0.25848388671875
-0.00346755981445312 0.012476921081543 0.29443359375 -0.226409912109375
0.00441741943359375 0.0231761932373047 0.405975341796875 0.177642822265625
0.00865364074707031 0.0149965286254883 0.114715576171875 0.4970703125
-0.003753662109375 0.0349178314208984 -0.14019775390625 0.32647705078125
-0.02374267578125 0.0328388214111328 0.0420379638671875 0.0127220153808594
-0.000202178955078127 0.0299091339111328 0.16998291015625 -0.358001708984375
0.0234394073486328 0.0149955749511719 -0.180267333984375 -0.4896240234375
0.0118112564086914 0.0116567611694336 -0.433135986328125 -0.079345703125
-0.00147533416748047 0.00622367858886719 -0.214157104492188 0.262557983398438
-0.00329875946044922 -0.0147943496704102 0.0326080322265625 0.242843627929688
-0.00483989715576172 -0.0154628753662109 0.167984008789063 0.059173583984375
-0.00208902359008789 -0.00878095626831055 0.152999877929687 -0.09503173828125
0.00152587890625 -0.0176162719726563 -0.160736083984375 0.081512451171875
0.011073112487793 -0.0168085098266602 -0.127365112304688 -0.09149169921875
-0.00560617446899414 -0.00453996658325195 0.0459442138671875 -0.263870239257813
-0.00916194915771484 0.0143632888793945 0.3206787109375 -0.20458984375
-0.00284099578857422 0.0174875259399414 0.390228271484375 0.22100830078125
0.0084080696105957 0.00121831893920898 0.064544677734375 0.508392333984375
0.00567245483398437 0.0212841033935547 -0.157623291015625 0.305694580078125
-0.0066986083984375 0.0231189727783203 0.0565414428710938 -0.00297164916992187
0.00819683074951172 0.0149040222167969 0.147552490234375 -0.377655029296875
0.020751953125 0.00171470642089844 -0.224090576171875 -0.469696044921875
0.00393962860107422 0.00800228118896484 -0.432098388671875 -0.0382385253906249
-0.00564670562744141 0.00920391082763672 -0.184127807617188 0.273406982421875
-0.00459098815917969 -0.0100460052490234 0.0575408935546875 0.235000610351563
-0.00206851959228516 -0.0115280151367188 0.173660278320313 0.050201416015625
0.00228309631347656 -0.00485944747924805 0.147842407226562 -0.100189208984375
0.00661945343017578 -0.0131568908691406 -0.1627197265625 0.0757904052734375
0.0139179229736328 -0.00954437255859375 -0.119422912597656 -0.0980072021484375
-0.00591087341308594 0.00125312805175781 0.0650634765625 -0.266799926757813
-0.0164623260498047 0.0147819519042969 0.33905029296875 -0.188873291015625
-0.0114145278930664 0.00656509399414063 0.37890625 0.247528076171875
0.008697509765625 -0.0205249786376953 0.030517578125 0.513214111328125
0.0214767456054688 0.00138092041015625 -0.16839599609375 0.29095458984375
0.0175876617431641 0.00771141052246094 0.0642623901367188 -0.0124969482421875
0.0166959762573242 -0.00791835784912109 0.12677001953125 -0.387664794921875
0.0130186080932617 -0.0154953002929688 -0.25616455078125 -0.449798583984375
-0.00533914566040039 0.00318145751953125 -0.431060791015625 -0.00976562500000006
-0.00928878784179687 0.0125350952148437 -0.162918090820313 0.280410766601562
-0.00320529937744141 -0.00476217269897461 0.07568359375 0.230331420898438
0.00261783599853516 -0.00415968894958496 0.178802490234375 0.0445098876953125
0.00851249694824219 -0.000552654266357422 0.145980834960938 -0.103408813476562
0.0106716156005859 -0.00864410400390625 -0.162704467773438 0.0735321044921875
0.0168285369873047 -0.00113010406494141 -0.114707946777344 -0.0995407104492188
-0.00533771514892578 0.00911426544189453 0.0728607177734375 -0.26708984375
-0.02374267578125 0.013946533203125 0.3436279296875 -0.18115234375
-0.0205554962158203 -0.00754547119140625 0.370513916015625 0.255767822265625
0.0103569030761719 -0.0467262268066406 0.016845703125 0.5130615234375
0.0409622192382813 -0.0233268737792969 -0.174652099609375 0.28759765625
0.0467987060546875 -0.0112571716308594 0.0626907348632813 -0.0136451721191406
0.0251884460449219 -0.0351791381835938 0.115936279296875 -0.3885498046875
0.00263595581054687 -0.0357475280761719 -0.26776123046875 -0.44024658203125
-0.0181293487548828 -0.00222015380859375 -0.430572509765625 0.000793457031250024
-0.0122747421264648 0.0161886215209961 -0.155303955078125 0.281219482421875
-0.000791072845458984 0.0024714469909668 0.0843353271484375 0.228744506835938
0.00710916519165039 0.00402069091796875 0.181350708007813 0.0438690185546875
0.0127859115600586 0.00342941284179688 0.146575927734375 -0.104263305664063
0.0152730941772461 -0.00502777099609375 -0.161087036132813 0.0738525390625
0.0193977355957031 0.00852203369140625 -0.115135192871094 -0.096588134765625
-0.0033102035522461 0.0167436599731445 0.0662994384765625 -0.2657470703125
-0.0302200317382813 0.0134105682373047 0.336181640625 -0.189361572265625
-0.0301609039306641 -0.0202350616455078 0.3753662109375 0.240692138671875
0.00753021240234375 -0.0742950439453125 0.02960205078125 0.508758544921875
0.0593528747558594 -0.0509529113769531 -0.1739501953125 0.297454833984375
0.076324462890625 -0.032501220703125 0.0504379272460938 -0.00447463989257813
0.0343894958496094 -0.0634689331054688 0.1156005859375 -0.3770751953125
-0.0077362060546875 -0.0575599670410156 -0.26116943359375 -0.442535400390625
-0.0306396484375 -0.00934982299804687 -0.43475341796875 -0.010162353515625
-0.0159187316894531 0.0189895629882813 -0.163314819335938 0.278427124023437
0.00199699401855469 0.0127277374267578 0.0821380615234375 0.23187255859375
0.0126533508300781 0.0145912170410156 0.183013916015625 0.0473480224609375
0.0195446014404297 0.00870895385742187 0.149261474609375 -0.101776123046875
0.0193386077880859 -0.0021820068359375 -0.157196044921875 0.0773162841796875
0.0230312347412109 0.0175933837890625 -0.119705200195313 -0.0878753662109375
7.82012939453133E-05 0.0247936248779297 0.044891357421875 -0.261993408203125
-0.0349540710449219 0.0145664215087891 0.312896728515625 -0.20965576171875
-0.0414543151855469 -0.0296745300292969 0.38958740234375 0.201416015625
-0.00107574462890626 -0.0987625122070313 0.071319580078125 0.500640869140625
0.0706634521484375 -0.0809783935546875 -0.16473388671875 0.32086181640625
0.105270385742187 -0.0543594360351562 0.0263175964355469 0.0157890319824219
0.0481033325195312 -0.0906906127929688 0.125579833984375 -0.35198974609375
-0.0141983032226563 -0.0818634033203125 -0.2286376953125 -0.45697021484375
-0.04315185546875 -0.0212974548339844 -0.43890380859375 -0.0454406738281249
-0.0215282440185547 0.0199527740478516 -0.192718505859375 0.26824951171875
0.00337600708007812 0.0188026428222656 0.060333251953125 0.243759155273438
0.0162696838378906 0.0259056091308594 0.180999755859375 0.0589752197265625
0.0241317749023437 0.0131702423095703 0.15679931640625 -0.09478759765625
-0.00933647155761719 -0.0249156951904297 -0.15087890625 0.100357055664063
0.00505638122558593 -0.0202236175537109 -0.15643310546875 -0.0611572265625
-0.000760078430175781 -0.0139360427856445 -0.0379791259765625 -0.243743896484375
0.00308656692504883 0.00645828247070313 0.231887817382813 -0.267776489257813
0.0110073089599609 0.0202426910400391 0.427978515625 0.088165283203125
0.00863838195800781 0.0159854888916016 0.218170166015625 0.46307373046875
-0.00534820556640625 0.0360679626464844 -0.0985107421875 0.373809814453125
-0.0297603607177734 0.0336685180664063 0.00331497192382812 0.0524063110351563
-0.0103054046630859 0.0344657897949219 0.208282470703125 -0.307464599609375
0.0182094573974609 0.0209922790527344 -0.081756591796875 -0.523681640625
0.0149135589599609 0.0135335922241211 -0.425445556640625 -0.171783447265625
0.00530862808227539 0.00148725509643555 -0.279266357421875 0.229080200195312
0.00258827209472656 -0.0166835784912109 -0.022705078125 0.25732421875
-0.00723838806152344 -0.0154809951782227 0.154327392578125 0.0787506103515625
-0.00835418701171875 -0.0119590759277344 0.162002563476563 -0.08367919921875
-0.00761222839355469 -0.0239124298095703 -0.153854370117188 0.096527099609375
0.00648689270019531 -0.0226001739501953 -0.149063110351562 -0.0699920654296875
-0.00361347198486328 -0.0128755569458008 -0.0122833251953125 -0.252365112304687
0.00125598907470703 0.010136604309082 0.2608642578125 -0.25140380859375
0.00951194763183594 0.0233592987060547 0.421783447265625 0.130340576171875
0.00994110107421875 0.0195903778076172 0.171600341796875 0.4827880859375
-0.00645828247070312 0.0393867492675781 -0.117950439453125 0.353271484375
-0.0313720703125 0.0366592407226563 0.0222110748291016 0.0331745147705078
-0.00672149658203125 0.0368118286132813 0.190704345703125 -0.334869384765625
0.0225276947021484 0.0211067199707031 -0.131317138671875 -0.510284423828125
0.0149068832397461 0.0140171051025391 -0.432342529296875 -0.124114990234375
0.00271773338317871 0.00380825996398926 -0.24700927734375 0.2490234375
-0.00131034851074219 -0.0166339874267578 0.00549316406250001 0.25103759765625
-0.00728034973144531 -0.0170660018920898 0.161422729492188 0.067901611328125
-0.00642967224121094 -0.0103387832641602 0.155670166015625 -0.091583251953125
-0.00340080261230469 -0.0213890075683594 -0.158050537109375 0.0900726318359375
0.00811767578125 -0.0215721130371094 -0.139152526855469 -0.0807647705078125
-0.00495624542236328 -0.0101947784423828 0.015045166015625 -0.260009765625
-0.00295352935791016 0.0130281448364258 0.2930908203125 -0.2315673828125
0.00457000732421875 0.0230121612548828 0.41143798828125 0.174774169921875
0.00885677337646484 0.014460563659668 0.122589111328125 0.497772216796875
-0.00326919555664063 0.0346908569335938 -0.13726806640625 0.32958984375
-0.0233688354492188 0.0336971282958984 0.0422554016113281 0.0123252868652344
-4.19616699218752E-05 0.0304050445556641 0.16656494140625 -0.361236572265625
0.0237789154052734 0.0149135589599609 -0.187347412109375 -0.490966796875
0.0114202499389648 0.0115423202514648 -0.436676025390625 -0.0753784179687501
-0.0015559196472168 0.00637292861938477 -0.212615966796875 0.266632080078125
-0.00376701354980469 -0.0146818161010742 0.0354766845703125 0.24365234375
-0.00548553466796875 -0.0153121948242188 0.168975830078125 0.0568695068359375
-0.00257778167724609 -0.00798940658569336 0.151992797851562 -0.0972442626953125
0.000960350036621092 -0.0171585083007813 -0.16033935546875 0.0843505859375
0.0111160278320313 -0.0172624588012695 -0.12921142578125 -0.090301513671875
-0.00586271286010742 -0.0046234130859375 0.0431365966796875 -0.266067504882813
-0.00905990600585938 0.0146598815917969 0.321502685546875 -0.2105712890625
-0.00244140625 0.0175266265869141 0.395477294921875 0.216766357421875
0.00843286514282227 0.000695228576660156 0.071807861328125 0.5111083984375
0.00574874877929688 0.0215110778808594 -0.153839111328125 0.3087158203125
-0.0066986083984375 0.0235977172851563 0.0567893981933594 -0.00332260131835937
0.00850582122802734 0.014836311340332 0.144927978515625 -0.38177490234375
0.0204429626464844 0.00136566162109375 -0.23052978515625 -0.468658447265625
0.00431299209594726 0.00780773162841797 -0.435028076171875 -0.034271240234375
-0.00519943237304687 0.00932502746582031 -0.181610107421875 0.277496337890625
-0.00463104248046875 -0.0109767913818359 0.0606536865234375 0.235504150390625
-0.00218582153320313 -0.0111513137817383 0.1748046875 0.047760009765625
0.00240230560302734 -0.00440216064453125 0.147140502929687 -0.103042602539062
0.00583839416503906 -0.0129718780517578 -0.162094116210938 0.0787811279296875
0.0134305953979492 -0.00990962982177734 -0.121139526367187 -0.097198486328125
-0.00559186935424805 0.00151824951171875 0.061767578125 -0.269439697265625
-0.0163869857788086 0.0152616500854492 0.337158203125 -0.19378662109375
-0.011286735534668 0.0066375732421875 0.38311767578125 0.244384765625
0.00880622863769531 -0.0209217071533203 0.037139892578125 0.514862060546875
0.0212612152099609 0.00119781494140625 -0.1654052734375 0.294830322265625
0.0180568695068359 0.00790214538574219 0.0643157958984375 -0.0129852294921875
0.0163545608520508 -0.007904052734375 0.1236572265625 -0.3914794921875
0.0123977661132813 -0.0159416198730469 -0.26275634765625 -0.449493408203125
-0.00589084625244141 0.00336599349975586 -0.433990478515625 -0.00418090820312495
-0.00918674468994141 0.0129413604736328 -0.159912109375 0.283599853515625
-0.00319957733154297 -0.00455999374389648 0.079254150390625 0.230331420898437
0.0022435188293457 -0.00445890426635742 0.179611206054688 0.041900634765625
0.00788211822509766 -0.000146865844726563 0.14501953125 -0.105560302734375
0.010584831237793 -0.00835800170898438 -0.16180419921875 0.0763092041015625
0.0165128707885742 -0.00137233734130859 -0.116851806640625 -0.0990066528320313
-0.00548076629638672 0.00940513610839844 0.0698089599609375 -0.268936157226562
-0.0238685607910156 0.0143909454345703 0.34246826171875 -0.18670654296875
-0.0208454132080078 -0.00727081298828125 0.37646484375 0.251495361328125
0.00948333740234375 -0.0473747253417969 0.02197265625 0.51531982421875
0.0404548645019531 -0.0237503051757813 -0.172454833984375 0.290557861328125
0.0463027954101563 -0.0118408203125 0.0629806518554688 -0.0144577026367188
0.0243492126464844 -0.0354652404785156 0.11273193359375 -0.392486572265625
0.00204849243164062 -0.0358467102050781 -0.27642822265625 -0.439208984375
-0.0183143615722656 -0.00194358825683594 -0.433135986328125 0.00509643554687493
-0.0120267868041992 0.0162830352783203 -0.152496337890625 0.284332275390625
-0.00109219551086426 0.00264644622802734 0.08782958984375 0.228302001953125
0.00699853897094726 0.00391292572021484 0.182830810546875 0.0412139892578125
0.0126590728759766 0.00377464294433594 0.145950317382813 -0.106613159179688
0.0146398544311523 -0.00463199615478516 -0.160247802734375 0.076629638671875
0.0197257995605469 0.00795555114746094 -0.1170654296875 -0.09600830078125
-0.0035848617553711 0.0171604156494141 0.062957763671875 -0.268386840820312
-0.0302066802978516 0.0140476226806641 0.3341064453125 -0.19378662109375
-0.0308036804199219 -0.0207118988037109 0.3817138671875 0.236968994140625
0.0069122314453125 -0.075103759765625 0.03515625 0.511260986328125
0.0586051940917969 -0.0521011352539063 -0.17059326171875 0.30047607421875
0.0766448974609375 -0.03326416015625 0.050262451171875 -0.00516128540039063
0.0337371826171875 -0.0638809204101562 0.11285400390625 -0.381134033203125
-0.00873565673828124 -0.0577201843261719 -0.26812744140625 -0.441192626953125
-0.0309104919433594 -0.00961685180664062 -0.43597412109375 -0.00543212890624992
-0.0155754089355469 0.0190601348876953 -0.16064453125 0.281951904296875
0.00204658508300781 0.0125579833984375 0.0849609375 0.232315063476563
0.0127525329589844 0.0150136947631836 0.18389892578125 0.0446319580078125
0.0190181732177734 0.00867652893066406 0.148788452148438 -0.104019165039063
0.0190067291259766 -0.00202178955078125 -0.156661987304688 0.0800628662109375
0.0228633880615234 0.0171356201171875 -0.121597290039062 -0.0867919921875
0.000709533691406251 0.0249347686767578 0.04095458984375 -0.26397705078125
-0.0345706939697266 0.0158596038818359 0.311614990234375 -0.21661376953125
-0.0417976379394531 -0.02935791015625 0.394134521484375 0.19696044921875
-0.00247955322265625 -0.0994415283203125 0.07830810546875 0.501739501953125
0.0697174072265625 -0.0819931030273438 -0.161407470703125 0.32489013671875
0.105300903320313 -0.0556259155273438 0.0265903472900391 0.0155448913574219
0.04656982421875 -0.0915908813476562 0.121124267578125 -0.355010986328125
-0.0154876708984375 -0.082244873046875 -0.236175537109375 -0.456390380859375
-0.0433006286621094 -0.0214004516601563 -0.44219970703125 -0.040283203125
-0.0212860107421875 0.0203323364257812 -0.1907958984375 0.2718505859375
0.00351524353027344 0.0192146301269531 0.0634002685546875 0.243789672851563
0.0170574188232422 0.0256767272949219 0.182479858398437 0.0560455322265625
0.024200439453125 0.0130119323730469 0.156158447265625 -0.097869873046875
-0.00982666015625 -0.0248298645019531 -0.149581909179688 0.103424072265625
0.00480842590332031 -0.0204963684082031 -0.157577514648438 -0.058685302734375
-0.00100612640380859 -0.0136451721191406 -0.04132080078125 -0.245101928710938
0.00342082977294922 0.00688409805297852 0.228546142578125 -0.272613525390625
0.0110931396484375 0.0199565887451172 0.429962158203125 0.082122802734375
0.00891780853271484 0.015742301940918 0.224761962890625 0.461151123046875
-0.00477981567382813 0.0358810424804688 -0.094207763671875 0.375762939453125
-0.0293827056884766 0.0343894958496094 0.00358963012695312 0.0524978637695313
-0.00992202758789062 0.0348072052001953 0.20440673828125 -0.312042236328125
0.0183734893798828 0.0208892822265625 -0.0892028808593749 -0.524749755859375
0.0149755477905273 0.0133981704711914 -0.42828369140625 -0.16778564453125
0.00565433502197266 0.00162744522094727 -0.276779174804687 0.234161376953125
0.00220870971679688 -0.0168523788452148 -0.019317626953125 0.258682250976563
-0.00815582275390625 -0.0152273178100586 0.155441284179688 0.07659912109375
-0.00904941558837891 -0.0112152099609375 0.161026000976563 -0.0861663818359375
-0.00791168212890625 -0.0235252380371094 -0.152206420898438 0.099517822265625
0.00581169128417969 -0.023101806640625 -0.150238037109375 -0.0684814453125
-0.00359439849853515 -0.0130395889282227 -0.016357421875 -0.253509521484375
0.00155353546142578 0.0106182098388672 0.25872802734375 -0.257278442382813
0.0100212097167969 0.0233821868896484 0.424468994140625 0.12451171875
0.0103073120117187 0.0187625885009766 0.1796875 0.48193359375
-0.00513839721679687 0.0397682189941406 -0.11370849609375 0.355438232421875
-0.0307807922363281 0.0378341674804688 0.0225734710693359 0.0333843231201172
-0.00636672973632813 0.0368804931640625 0.18670654296875 -0.33819580078125
0.0223617553710938 0.0205669403076172 -0.140533447265625 -0.510650634765625
0.0153474807739258 0.0137224197387695 -0.436370849609375 -0.11962890625
0.00262570381164551 0.00363326072692871 -0.244613647460938 0.253372192382813
-0.00159072875976563 -0.0166454315185547 0.0086517333984375 0.251922607421875
-0.00743293762207031 -0.0169973373413086 0.162750244140625 0.06573486328125
-0.00728702545166015 -0.0100688934326172 0.15478515625 -0.0938568115234375
-0.00373077392578125 -0.0205345153808594 -0.15655517578125 0.093231201171875
0.00772857666015625 -0.0217247009277344 -0.140960693359375 -0.0793914794921875
-0.00514030456542969 -0.00961399078369141 0.011932373046875 -0.262359619140625
-0.00258350372314453 0.0131301879882813 0.2906494140625 -0.237091064453125
0.00498008728027344 0.0228557586669922 0.414154052734375 0.16876220703125
0.00959110260009766 0.0139989852905273 0.1295166015625 0.498748779296875
-0.00317001342773438 0.034637451171875 -0.13287353515625 0.33233642578125
-0.0234260559082031 0.0342426300048828 0.0423469543457031 0.0119094848632813
0.000661849975585941 0.0306110382080078 0.16363525390625 -0.364990234375
0.0237216949462891 0.0140666961669922 -0.194671630859375 -0.488525390625
0.0116949081420898 0.0116481781005859 -0.43890380859375 -0.0682373046875
-0.00140762329101563 0.0059661865234375 -0.209945678710937 0.270401000976563
-0.00427436828613281 -0.0148067474365234 0.038787841796875 0.243759155273437
-0.00581264495849609 -0.0155544281005859 0.169769287109375 0.054412841796875
-0.00309658050537109 -0.00771760940551758 0.150588989257813 -0.0999603271484375
0.00042247772216797 -0.0170431137084961 -0.158737182617188 0.0868682861328125
0.0100440979003906 -0.0178337097167969 -0.130828857421875 -0.0894241333007812
-0.00603437423706055 -0.0044856071472168 0.0391387939453125 -0.267868041992188
-0.00922107696533203 0.0155134201049805 0.318450927734375 -0.21563720703125
-0.00204372406005859 0.0169172286987305 0.400909423828125 0.211669921875
0.00831174850463867 8.392333984375E-05 0.079681396484375 0.51129150390625
0.00554084777832031 0.021240234375 -0.15020751953125 0.312713623046875
-0.00665664672851563 0.0247211456298828 0.0567893981933594 -0.00412750244140625
0.00841426849365234 0.0150060653686523 0.139495849609375 -0.38519287109375
0.0206851959228516 0.00135993957519531 -0.238067626953125 -0.467437744140625
0.00425863265991211 0.00776243209838867 -0.43780517578125 -0.02777099609375
-0.00552558898925781 0.00999259948730469 -0.178741455078125 0.280548095703125
-0.00531578063964844 -0.0101947784423828 0.0645599365234375 0.234695434570313
-0.00280570983886719 -0.0114097595214844 0.175888061523438 0.0456390380859375
0.00146317481994629 -0.00434231758117676 0.145767211914063 -0.105697631835938
0.00605392456054688 -0.0125036239624023 -0.161041259765625 0.081939697265625
0.0126447677612305 -0.0104408264160156 -0.122711181640625 -0.0958709716796875
-0.00520181655883789 0.00166845321655273 0.0582275390625 -0.271728515625
-0.0165386199951172 0.0156383514404297 0.335479736328125 -0.199493408203125
-0.0111083984375 0.00633430480957031 0.388641357421875 0.239105224609375
0.00851249694824219 -0.0217113494873047 0.044921875 0.517181396484375
0.0211658477783203 0.00104522705078125 -0.161590576171875 0.298675537109375
0.0178070068359375 0.00785636901855469 0.0643463134765625 -0.0141716003417969
0.0166654586791992 -0.00783824920654297 0.119232177734375 -0.394317626953125
0.0123367309570313 -0.0166044235229492 -0.269500732421875 -0.44769287109375
-0.00622892379760742 0.00332927703857422 -0.4359130859375 0.00128173828124998
-0.00881576538085937 0.0130128860473633 -0.156951904296875 0.286529541015625
-0.00372457504272461 -0.00492143630981445 0.0821533203125 0.2294921875
0.00215864181518555 -0.00368618965148926 0.180938720703125 0.0390167236328125
0.00766468048095703 0.000182628631591797 0.143997192382813 -0.108444213867188
0.0101814270019531 -0.00847053527832031 -0.160858154296875 0.0796966552734375
0.0162019729614258 -0.00184822082519531 -0.11810302734375 -0.0979385375976562
-0.00522232055664062 0.00922584533691406 0.0655364990234375 -0.271621704101563
-0.0237407684326172 0.0148200988769531 0.340728759765625 -0.19329833984375
-0.0207557678222656 -0.00739669799804688 0.382080078125 0.247650146484375
0.00909042358398438 -0.0479621887207031 0.029998779296875 0.517669677734375
0.0402259826660156 -0.024444580078125 -0.1680908203125 0.2945556640625
0.046783447265625 -0.0118560791015625 0.0626869201660156 -0.0151290893554687
0.0237464904785156 -0.0356483459472656 0.107391357421875 -0.39453125
0.00158309936523438 -0.03631591796875 -0.282501220703125 -0.437408447265625
-0.0181484222412109 -0.00191116333007813 -0.435302734375 0.00997924804687505
-0.0118961334228516 0.0168590545654297 -0.14910888671875 0.287384033203125
-0.0012507438659668 0.00275063514709473 0.091156005859375 0.227874755859375
0.00690603256225586 0.00333356857299805 0.183486938476563 0.03875732421875
0.0127077102661133 0.00435161590576172 0.14453125 -0.10870361328125
0.0149068832397461 -0.00434017181396484 -0.15924072265625 0.0796661376953125
0.0198287963867188 0.00736236572265625 -0.118751525878906 -0.094879150390625
-0.00335502624511719 0.0170497894287109 0.058868408203125 -0.270431518554688
-0.0304145812988281 0.0146236419677734 0.332855224609375 -0.199859619140625
-0.0305862426757813 -0.0202293395996094 0.3851318359375 0.2322998046875
0.00595855712890625 -0.0755996704101563 0.042877197265625 0.513519287109375
0.05804443359375 -0.0527305603027344 -0.167877197265625 0.303985595703125
0.0765304565429688 -0.03411865234375 0.0505943298339844 -0.00571823120117188
0.0327606201171875 -0.0641098022460938 0.107757568359375 -0.38262939453125
-0.00968170166015625 -0.0577774047851563 -0.275482177734375 -0.439422607421875
-0.0311298370361328 -0.00893974304199219 -0.4400634765625 0.000152587890624953
-0.0154438018798828 0.0193061828613281 -0.157318115234375 0.28509521484375
0.00182151794433594 0.0125961303710937 0.0885009765625 0.231399536132812
0.0130510330200195 0.014348030090332 0.184967041015625 0.04205322265625
0.0192813873291016 0.00885200500488281 0.1474609375 -0.106826782226563
0.0192451477050781 -0.00193214416503906 -0.1556396484375 0.0827178955078125
0.0234355926513672 0.0169048309326172 -0.123771667480469 -0.085968017578125
0.000516891479492189 0.0251007080078125 0.0372314453125 -0.265792846679688
-0.0344066619873047 0.0168647766113281 0.309051513671875 -0.22064208984375
-0.0424575805664063 -0.0290336608886719 0.398040771484375 0.191009521484375
-0.004058837890625 -0.100326538085938 0.0845947265625 0.502960205078125
0.0690231323242188 -0.0830078125 -0.157867431640625 0.32733154296875
0.104843139648438 -0.0565185546875 0.0263938903808594 0.0154647827148437
0.0459060668945313 -0.0923614501953125 0.118072509765625 -0.357818603515625
-0.0165939331054688 -0.0821151733398438 -0.241973876953125 -0.4537353515625
-0.0437812805175781 -0.0204582214355469 -0.444488525390625 -0.0353088378906251
-0.0210132598876953 0.0207595825195312 -0.188201904296875 0.275344848632813
0.00349807739257813 0.0188331604003906 0.0671539306640625 0.243804931640625
0.0172100067138672 0.0255470275878906 0.183547973632813 0.05401611328125
0.0247001647949219 0.01336669921875 0.15545654296875 -0.100494384765625
-0.0103378295898438 -0.0240573883056641 -0.14801025390625 0.106582641601563
0.00446701049804687 -0.0208988189697266 -0.159286499023438 -0.0564117431640625
-0.00171279907226562 -0.0141115188598633 -0.045135498046875 -0.2452392578125
0.00352287292480469 0.00724697113037109 0.224594116210937 -0.276657104492188
0.0116977691650391 0.0194435119628906 0.4322509765625 0.07470703125
0.00915622711181641 0.0149269104003906 0.232086181640625 0.459228515625
-0.00445938110351563 0.0361595153808594 -0.089630126953125 0.37841796875
-0.029266357421875 0.0351982116699219 0.00419235229492187 0.0528488159179688
-0.00968551635742188 0.0352058410644531 0.200225830078125 -0.314300537109375
0.0181941986083984 0.0204486846923828 -0.09649658203125 -0.5245361328125
0.0158939361572266 0.0131692886352539 -0.433624267578125 -0.16241455078125
0.00536584854125977 0.00117301940917969 -0.274459838867188 0.238479614257812
0.0015716552734375 -0.0164699554443359 -0.01617431640625 0.258926391601563
-0.00844860076904297 -0.014923095703125 0.156600952148438 0.0740814208984375
-0.00951576232910156 -0.0104808807373047 0.159881591796875 -0.0892333984375
-0.00844001770019531 -0.0227832794189453 -0.150375366210938 0.101852416992188
0.00478553771972656 -0.0231742858886719 -0.151260375976563 -0.0664825439453125
-0.00415325164794922 -0.012782096862793 -0.0201416015625 -0.253921508789063
0.0017242431640625 0.0108366012573242 0.255569458007813 -0.260986328125
0.0104694366455078 0.0227222442626953 0.427978515625 0.118072509765625
0.0103588104248047 0.0181026458740234 0.187713623046875 0.4805908203125
-0.00553894042968749 0.0400314331054687 -0.108428955078125 0.3577880859375
-0.0304832458496094 0.038787841796875 0.0228672027587891 0.0326385498046875
-0.0060882568359375 0.0375251770019531 0.183135986328125 -0.342620849609375
0.0224437713623047 0.0206756591796875 -0.146881103515625 -0.51104736328125
0.0154733657836914 0.01385498046875 -0.439483642578125 -0.113494873046875
0.00286006927490234 0.00369644165039063 -0.242294311523438 0.257110595703125
-0.00202083587646484 -0.0168142318725586 0.012542724609375 0.251861572265625
-0.00827217102050781 -0.0170459747314453 0.163681030273438 0.063079833984375
-0.007598876953125 -0.00937938690185547 0.153533935546875 -0.0962982177734375
-0.00445556640625 -0.0202217102050781 -0.154953002929688 0.0960693359375
0.00666618347167969 -0.0219402313232422 -0.142257690429688 -0.0772247314453125
-0.00515079498291015 -0.00958442687988281 0.00764465332031249 -0.26275634765625
-0.00250530242919922 0.0142049789428711 0.28692626953125 -0.24237060546875
0.00574302673339844 0.0224571228027344 0.4190673828125 0.16192626953125
0.00937461853027344 0.0132560729980469 0.13714599609375 0.498443603515625
-0.00273895263671875 0.0350685119628906 -0.128814697265625 0.3349609375
-0.022705078125 0.0352745056152344 0.0424308776855469 0.0116653442382813
0.000633239746093747 0.0308170318603516 0.15771484375 -0.367156982421875
0.0240478515625 0.0138988494873047 -0.201904296875 -0.488372802734375
0.0120944976806641 0.0115642547607422 -0.441802978515625 -0.064117431640625
-0.00133609771728516 0.00641918182373047 -0.206436157226562 0.273895263671875
-0.00458335876464843 -0.0151081085205078 0.0428314208984375 0.243301391601563
-0.00631904602050781 -0.0151262283325195 0.171066284179687 0.0518341064453125
-0.00354194641113281 -0.00717020034790039 0.1492919921875 -0.102218627929688
0.000113487243652343 -0.0168161392211914 -0.1572265625 0.089935302734375
0.00926017761230469 -0.0180091857910156 -0.132438659667969 -0.0871353149414063
-0.00622224807739258 -0.00456666946411133 0.0351104736328125 -0.269134521484375
-0.00836753845214844 0.0159826278686523 0.315399169921875 -0.220458984375
-0.002227783203125 0.0167856216430664 0.40460205078125 0.206573486328125
0.00828742980957031 -0.000545024871826172 0.08624267578125 0.512176513671875
0.00572395324707031 0.021636962890625 -0.145538330078125 0.314666748046875
-0.00622177124023437 0.0249366760253906 0.0562400817871094 -0.00486373901367187
0.00858402252197266 0.0149955749511719 0.134521484375 -0.3876953125
0.0209560394287109 0.00046539306640625 -0.245452880859375 -0.465240478515625
0.00435018539428711 0.00775480270385742 -0.439727783203125 -0.0225830078125
-0.0049896240234375 0.00921249389648438 -0.1754150390625 0.2833251953125
-0.00536346435546875 -0.0102767944335938 0.0671539306640625 0.234039306640625
-0.00313854217529297 -0.0114078521728516 0.176773071289063 0.0426788330078125
0.00130248069763184 -0.00381636619567871 0.144378662109375 -0.107864379882813
0.00562763214111328 -0.0124444961547852 -0.15985107421875 0.08453369140625
0.0124855041503906 -0.0105171203613281 -0.12420654296875 -0.0947952270507812
-0.00600337982177734 0.00186586380004883 0.053741455078125 -0.273162841796875
-0.016108512878418 0.0163936614990234 0.333038330078125 -0.205108642578125
-0.0106039047241211 0.00630569458007813 0.393524169921875 0.233184814453125
0.00821304321289063 -0.0220718383789063 0.0516967773437499 0.517333984375
0.0213508605957031 0.000391006469726562 -0.158172607421875 0.30120849609375
0.0175971984863281 0.00795173645019531 0.0643959045410156 -0.0147666931152344
0.0160684585571289 -0.00840187072753906 0.1143798828125 -0.396575927734375
0.0123491287231445 -0.0167694091796875 -0.276763916015625 -0.44378662109375
-0.00595998764038086 0.00349950790405273 -0.437744140625 0.00695800781249999
-0.00883197784423828 0.0130577087402344 -0.1531982421875 0.289459228515625
-0.0041346549987793 -0.00478982925415039 0.0859222412109375 0.228683471679688
0.00161361694335938 -0.00396156311035156 0.181167602539062 0.0360870361328125
0.0073089599609375 0.000579833984375 0.1424560546875 -0.11065673828125
0.00980186462402344 -0.00793266296386719 -0.159515380859375 0.08245849609375
0.0162458419799805 -0.00185680389404297 -0.120307922363281 -0.0967941284179688
-0.00530910491943359 0.00951957702636719 0.061981201171875 -0.273468017578125
-0.0236854553222656 0.0157089233398438 0.33770751953125 -0.199493408203125
-0.0205497741699219 -0.00733566284179688 0.386474609375 0.241729736328125
0.00825119018554687 -0.0485572814941406 0.037750244140625 0.51922607421875
0.0398292541503906 -0.0250778198242188 -0.16497802734375 0.29705810546875
0.0466804504394531 -0.0119857788085938 0.0626716613769531 -0.0159187316894531
0.0234489440917969 -0.0358085632324219 0.102325439453125 -0.397430419921875
0.000686645507812503 -0.0363693237304688 -0.290374755859375 -0.433990478515625
-0.0181655883789063 -0.001617431640625 -0.43695068359375 0.01654052734375
-0.0117979049682617 0.0169858932495117 -0.145233154296875 0.290008544921875
-0.00117325782775879 0.00265407562255859 0.094696044921875 0.22662353515625
0.00692605972290039 0.00323581695556641 0.184371948242188 0.0357513427734375
0.0125589370727539 0.00463294982910156 0.14300537109375 -0.111312866210938
0.0143823623657227 -0.00461006164550781 -0.15814208984375 0.0820465087890625
0.0199069976806641 0.00697517395019531 -0.12060546875 -0.09344482421875
-0.00334262847900391 0.0173168182373047 0.05426025390625 -0.272293090820313
-0.0300312042236328 0.0153999328613281 0.329681396484375 -0.20635986328125
-0.031280517578125 -0.0201530456542969 0.390106201171875 0.226409912109375
0.0046539306640625 -0.0760345458984375 0.05072021484375 0.514373779296875
0.0572052001953125 -0.0536079406738281 -0.1636962890625 0.30645751953125
0.0762710571289063 -0.0348892211914063 0.0505409240722656 -0.00649261474609375
0.0319404602050781 -0.0645675659179688 0.102630615234375 -0.3846435546875
-0.010284423828125 -0.0579299926757813 -0.280670166015625 -0.437225341796875
-0.0313014984130859 -0.00837898254394531 -0.441009521484375 0.00671386718749993
-0.0150051116943359 0.0196723937988281 -0.15386962890625 0.287872314453125
0.00201129913330078 0.0126771926879883 0.092132568359375 0.23016357421875
0.012934684753418 0.0142612457275391 0.185562133789062 0.03912353515625
0.0194854736328125 0.00942611694335938 0.146270751953125 -0.109451293945313
0.0190277099609375 -0.00145721435546875 -0.154388427734375 0.085693359375
0.0236721038818359 0.0162544250488281 -0.125282287597656 -0.0848846435546875
0.000659942626953123 0.0253925323486328 0.0334320068359375 -0.266876220703125
-0.0341014862060547 0.0176067352294922 0.3055419921875 -0.22576904296875
-0.0427894592285156 -0.0286293029785156 0.401947021484375 0.18634033203125
-0.00522613525390624 -0.100303649902344 0.092437744140625 0.502899169921875
0.0678329467773438 -0.0839767456054688 -0.1534423828125 0.329803466796875
0.104789733886719 -0.0576171875 0.0269756317138672 0.0149974822998047
0.0448532104492187 -0.0924072265625 0.113433837890625 -0.359588623046875
-0.0179824829101562 -0.0820770263671875 -0.2493896484375 -0.45062255859375
-0.044189453125 -0.0199508666992188 -0.447021484375 -0.029052734375
-0.0208339691162109 0.0210494995117188 -0.185089111328125 0.278793334960938
0.00364112854003906 0.0190010070800781 0.0706329345703125 0.243118286132812
0.0176982879638672 0.0252895355224609 0.184127807617187 0.05072021484375
0.0246810913085938 0.0135059356689453 0.153762817382813 -0.103179931640625
-0.0109691619873047 -0.0236549377441406 -0.1458740234375 0.1090087890625
0.00365066528320313 -0.0213356018066406 -0.159347534179688 -0.0543670654296875
-0.00165939331054688 -0.0139551162719727 -0.04913330078125 -0.244338989257812
0.00394344329833984 0.00727415084838867 0.22076416015625 -0.280929565429688
0.0113315582275391 0.0190105438232422 0.433441162109375 0.067535400390625
0.00904083251953125 0.0141963958740234 0.240478515625 0.454742431640625
-0.00388336181640625 0.0361480712890625 -0.0836181640625 0.37969970703125
-0.0287132263183594 0.0359611511230469 0.00466537475585938 0.0528640747070313
-0.00910186767578125 0.0356521606445313 0.19561767578125 -0.31646728515625
0.0189342498779297 0.0205574035644531 -0.104583740234375 -0.523834228515625
0.0155820846557617 0.0130529403686523 -0.435760498046875 -0.155914306640625
0.00556468963623047 0.00112247467041016 -0.27081298828125 0.241912841796875
0.000794410705566406 -0.0169563293457031 -0.0119171142578125 0.259201049804688
-0.00906753540039063 -0.0147628784179688 0.157196044921875 0.0714263916015625
-0.0100088119506836 -0.00970649719238281 0.158004760742188 -0.0916595458984375
-0.00868606567382813 -0.0226116180419922 -0.148208618164062 0.104660034179688
0.00398445129394531 -0.0234737396240234 -0.152374267578125 -0.063629150390625
-0.00425243377685547 -0.0123462677001953 -0.0243072509765625 -0.253662109375
0.00200080871582031 0.0107259750366211 0.25115966796875 -0.265106201171875
0.0105857849121094 0.0222835540771484 0.429107666015625 0.111236572265625
0.0105171203613281 0.01776123046875 0.19482421875 0.477783203125
-0.00481033325195312 0.0400924682617187 -0.10333251953125 0.359100341796875
-0.0300025939941406 0.0394287109375 0.0231704711914062 0.0325164794921875
-0.005584716796875 0.0374259948730469 0.17767333984375 -0.344940185546875
0.0230045318603516 0.0202159881591797 -0.1544189453125 -0.507080078125
0.0158195495605469 0.0133018493652344 -0.440643310546875 -0.107177734375
0.00284028053283691 0.00332164764404297 -0.238449096679687 0.260574340820312
-0.00277137756347656 -0.0167636871337891 0.015777587890625 0.251327514648437
-0.00875377655029297 -0.0167369842529297 0.164276123046875 0.06011962890625
-0.00786304473876953 -0.00866174697875976 0.151840209960938 -0.099151611328125
-0.00475311279296875 -0.0197467803955078 -0.152511596679688 0.0985260009765625
0.00606155395507813 -0.0222129821777344 -0.14324951171875 -0.0756378173828125
-0.00548839569091797 -0.00985240936279297 0.00358581542968751 -0.263229370117188
-0.00256824493408203 0.0142908096313477 0.28314208984375 -0.247222900390625
0.00591278076171875 0.0218372344970703 0.421417236328125 0.15618896484375
0.00938129425048828 0.0129804611206055 0.1446533203125 0.495574951171875
-0.00259017944335938 0.0347328186035156 -0.12384033203125 0.33642578125
-0.0222702026367188 0.0358238220214844 0.0424003601074219 0.0110130310058594
0.00102996826171875 0.0308990478515625 0.152679443359375 -0.369476318359375
0.0243740081787109 0.0130634307861328 -0.209014892578125 -0.484527587890625
0.0123977661132812 0.0109796524047852 -0.4437255859375 -0.0564270019531251
-0.00106477737426758 0.00574779510498047 -0.201904296875 0.275985717773438
-0.00503253936767578 -0.0148038864135742 0.0458984375 0.242645263671875
-0.00689220428466797 -0.0152368545532227 0.17132568359375 0.0491180419921875
-0.00388669967651367 -0.00636053085327148 0.147018432617188 -0.104660034179687
-5.72204589843735E-05 -0.0160865783691406 -0.154891967773438 0.0925140380859375
0.00858497619628906 -0.0183277130126953 -0.133331298828125 -0.0854110717773438
-0.00657558441162109 -0.00390863418579102 0.0305328369140625 -0.270492553710938
-0.00811290740966797 0.0166416168212891 0.31170654296875 -0.22686767578125
-0.00157451629638672 0.0165605545043945 0.408172607421875 0.198760986328125
0.00813961029052734 -0.000705718994140625 0.0955810546875 0.510284423828125
0.00628280639648437 0.0212936401367188 -0.141387939453125 0.316375732421875
-0.00604248046875 0.0253715515136719 0.0565948486328125 -0.00548171997070312
0.00851535797119141 0.0150651931762695 0.130157470703125 -0.39013671875
0.0205421447753906 0.00017547607421875 -0.25146484375 -0.4615478515625
0.00457000732421875 0.00752639770507813 -0.44061279296875 -0.01519775390625
-0.00536346435546875 0.00947952270507813 -0.171356201171875 0.286041259765625
-0.00584793090820312 -0.0103216171264648 0.07080078125 0.232894897460938
-0.00366783142089844 -0.011204719543457 0.177001953125 0.0395965576171875
0.0011143684387207 -0.0028069019317627 0.142135620117188 -0.110092163085938
0.005157470703125 -0.0122308731079102 -0.157638549804687 0.08758544921875
0.0120687484741211 -0.0108270645141602 -0.125724792480469 -0.0926437377929687
-0.00617504119873047 0.00194311141967773 0.04931640625 -0.273712158203125
-0.01568603515625 0.0169353485107422 0.32843017578125 -0.211029052734375
-0.0108661651611328 0.00639724731445312 0.396240234375 0.227142333984375
0.007598876953125 -0.0222530364990234 0.0604553222656251 0.516021728515625
0.0212364196777344 -0.000192642211914063 -0.1531982421875 0.3031005859375
0.0181789398193359 0.00834083557128906 0.0636863708496094 -0.0155754089355469
0.0161933898925781 -0.00830078125 0.106658935546875 -0.39776611328125
0.0121498107910156 -0.0169239044189453 -0.28387451171875 -0.440704345703125
-0.00609445571899414 0.00355815887451172 -0.437744140625 0.0130615234375
-0.00828361511230469 0.0134916305541992 -0.14910888671875 0.291351318359375
-0.00452136993408203 -0.00487756729125977 0.0893402099609375 0.22674560546875
0.00174498558044434 -0.00396418571472168 0.18170166015625 0.032989501953125
0.00748729705810547 0.000977516174316406 0.140594482421875 -0.112930297851563
0.00966644287109375 -0.008331298828125 -0.157562255859375 0.0848846435546875
0.0157461166381836 -0.00254249572753906 -0.121543884277344 -0.0949249267578125
-0.00516605377197266 0.00951480865478516 0.056671142578125 -0.274398803710938
-0.0232830047607422 0.0162506103515625 0.334991455078125 -0.20367431640625
-0.0207138061523438 -0.00712966918945313 0.389434814453125 0.2353515625
0.00684356689453125 -0.0489006042480469 0.045745849609375 0.517242431640625
0.0394134521484375 -0.0251998901367187 -0.160308837890625 0.29931640625
0.0467453002929688 -0.0124702453613281 0.0623931884765625 -0.0168342590332031
0.0230560302734375 -0.0359954833984375 0.096588134765625 -0.400177001953125
0.000232696533203126 -0.0363273620605469 -0.29510498046875 -0.430206298828125
-0.018463134765625 -0.00154304504394531 -0.437591552734375 0.0234375
-0.0114860534667969 0.0170202255249023 -0.141326904296875 0.29217529296875
-0.00157070159912109 0.00260210037231445 0.0975799560546875 0.22515869140625
0.00667285919189453 0.00335025787353516 0.184463500976563 0.03228759765625
0.0123758316040039 0.00464057922363281 0.14129638671875 -0.113494873046875
0.0143566131591797 -0.00425052642822266 -0.155853271484375 0.0848846435546875
0.01922607421875 0.00699996948242188 -0.122001647949219 -0.0918350219726562
-0.00293922424316406 0.017085075378418 0.050506591796875 -0.273208618164063
-0.0297660827636719 0.0164699554443359 0.32562255859375 -0.21075439453125
-0.0318965911865234 -0.0200729370117188 0.393707275390625 0.220001220703125
0.00307464599609375 -0.0762710571289063 0.057403564453125 0.512908935546875
0.0565376281738281 -0.0542144775390625 -0.158966064453125 0.30877685546875
0.0757369995117188 -0.035400390625 0.0502853393554688 -0.0069732666015625
0.0308151245117187 -0.0646095275878906 0.097320556640625 -0.387237548828125
-0.0115585327148438 -0.0580482482910156 -0.28717041015625 -0.433502197265625
-0.0314235687255859 -0.00837135314941407 -0.441070556640625 0.0142822265625001
-0.0146808624267578 0.0199489593505859 -0.149322509765625 0.290130615234375
0.00218772888183594 0.0125303268432617 0.09564208984375 0.228668212890625
0.0130462646484375 0.0140876770019531 0.18560791015625 0.0356903076171875
0.019287109375 0.00953483581542969 0.143783569335938 -0.1119384765625
0.0188484191894531 -0.00136756896972656 -0.152145385742187 0.0883026123046875
0.0234222412109375 0.0160675048828125 -0.126808166503906 -0.0828399658203125
0.00100517272949219 0.0251979827880859 0.0286102294921875 -0.267303466796875
-0.0337047576904297 0.0182819366455078 0.301727294921875 -0.23095703125
-0.0433502197265625 -0.0286979675292969 0.405670166015625 0.179595947265625
-0.0074920654296875 -0.10113525390625 0.100311279296875 0.502899169921875
0.0665435791015625 -0.0846099853515625 -0.148040771484375 0.33203125
0.103828430175781 -0.0589599609375 0.0269603729248047 0.014923095703125
0.0431900024414063 -0.0927810668945313 0.10943603515625 -0.360748291015625
-0.0192031860351563 -0.0819473266601563 -0.255218505859375 -0.44879150390625
-0.0445594787597656 -0.0192832946777344 -0.447540283203125 -0.0226135253906249
-0.0205020904541016 0.0214443206787109 -0.18157958984375 0.281890869140625
0.00397491455078125 0.0188064575195313 0.074188232421875 0.242050170898437
0.0183086395263672 0.0249710083007813 0.184844970703125 0.0473480224609375
0.0251636505126953 0.0133152008056641 0.152130126953125 -0.105087280273438
-0.0113124847412109 -0.0234947204589844 -0.1429443359375 0.110946655273438
0.00278472900390625 -0.0212001800537109 -0.159713745117188 -0.051422119140625
-0.00191307067871094 -0.0140695571899414 -0.0526580810546875 -0.243545532226563
0.00366926193237305 0.00783920288085938 0.21490478515625 -0.2840576171875
0.0117988586425781 0.0186824798583984 0.435089111328125 0.0601806640625
0.0091848373413086 0.0135612487792969 0.247161865234375 0.450469970703125
-0.00383377075195313 0.0361442565917969 -0.077178955078125 0.37945556640625
-0.028289794921875 0.0367202758789063 0.00510406494140625 0.0527153015136719
-0.00864410400390625 0.0356826782226563 0.190338134765625 -0.31854248046875
0.0190830230712891 0.0199661254882812 -0.11029052734375 -0.520111083984375
0.0159311294555664 0.012455940246582 -0.436920166015625 -0.149261474609375
0.00546789169311524 0.00130271911621094 -0.26800537109375 0.245086669921875
0.000421524047851563 -0.0167522430419922 -0.00849914550781248 0.2586669921875
-0.00946331024169922 -0.0147905349731445 0.157974243164063 0.0686798095703125
-0.0101261138916016 -0.00876235961914062 0.155975341796875 -0.09368896484375
-0.00914573669433594 -0.0215206146240234 -0.14544677734375 0.10748291015625
0.00381660461425781 -0.0235443115234375 -0.152267456054688 -0.0612945556640625
-0.00456619262695312 -0.0126161575317383 -0.0278167724609375 -0.25323486328125
0.00191783905029297 0.01116943359375 0.245880126953125 -0.269332885742188
0.0111942291259766 0.0215950012207031 0.429962158203125 0.104736328125
0.0105257034301758 0.0167913436889648 0.201934814453125 0.474578857421875
-0.00474929809570312 0.0397796630859375 -0.09783935546875 0.360137939453125
-0.0294609069824219 0.0401878356933594 0.0232295989990234 0.0326328277587891
-0.00528335571289062 0.0378341674804688 0.171356201171875 -0.34515380859375
0.0229530334472656 0.0198421478271484 -0.16204833984375 -0.504180908203125
0.0158910751342773 0.0134363174438477 -0.44219970703125 -0.101470947265625
0.00296378135681152 0.00345110893249512 -0.233566284179688 0.26251220703125
-0.003448486328125 -0.0167198181152344 0.0199737548828125 0.250152587890625
-0.00939369201660156 -0.0163946151733398 0.164321899414063 0.0570220947265625
-0.00797224044799805 -0.00778722763061523 0.149642944335938 -0.100997924804688
-0.00514602661132812 -0.0196704864501953 -0.150314331054688 0.101364135742187
0.00510215759277344 -0.0222949981689453 -0.143569946289063 -0.07293701171875
-0.00571155548095703 -0.00967216491699219 -0.000686645507812526 -0.262863159179688
-0.00200176239013672 0.0146007537841797 0.278488159179688 -0.251358032226563
0.00623703002929687 0.0218486785888672 0.422027587890625 0.1480712890625
0.00978660583496094 0.0119380950927734 0.151397705078125 0.49261474609375
-0.00168609619140625 0.0350608825683594 -0.117828369140625 0.337738037109375
-0.0219039916992187 0.0366630554199219 0.0421829223632813 0.0106735229492188
0.00147247314453125 0.0309906005859375 0.14642333984375 -0.370849609375
0.0244789123535156 0.012603759765625 -0.214141845703125 -0.48028564453125
0.0125217437744141 0.0111122131347656 -0.4434814453125 -0.0503234863281251
-0.000946998596191406 0.00602054595947266 -0.198043823242188 0.27838134765625
-0.00547218322753906 -0.0147972106933594 0.04931640625 0.241256713867188
-0.00733375549316406 -0.0148639678955078 0.1715087890625 0.045806884765625
-0.00413942337036133 -0.00568103790283203 0.14544677734375 -0.10650634765625
-0.000381469726562499 -0.0156717300415039 -0.1527099609375 0.0955047607421875
0.00819015502929688 -0.0186538696289062 -0.13427734375 -0.08294677734375
-0.00673198699951172 -0.00429391860961914 0.026153564453125 -0.269744873046875
-0.00782203674316406 0.0167522430419922 0.307220458984375 -0.2313232421875
-0.00124931335449219 0.0164813995361328 0.4093017578125 0.19219970703125
0.00819921493530273 -0.00110721588134766 0.10150146484375 0.50726318359375
0.00621604919433594 0.0213451385498047 -0.136627197265625 0.31787109375
-0.00556755065917969 0.0259761810302734 0.0561103820800781 -0.00600051879882812
0.00902938842773438 0.0152492523193359 0.122955322265625 -0.38958740234375
0.0202827453613281 2.288818359375E-05 -0.258270263671875 -0.457275390625
0.0044398307800293 0.00786495208740234 -0.440155029296875 -0.00921630859375002
-0.00481510162353516 0.00910758972167969 -0.166259765625 0.287139892578125
-0.00627899169921875 -0.0102272033691406 0.0743865966796875 0.231353759765625
-0.003936767578125 -0.0110750198364258 0.17694091796875 0.03643798828125
0.000614643096923828 -0.0024421215057373 0.14019775390625 -0.111732482910156
0.00467109680175781 -0.0117397308349609 -0.155349731445313 0.089935302734375
0.0113964080810547 -0.0112037658691406 -0.12701416015625 -0.0908432006835938
-0.00612449645996094 0.0018000602722168 0.0446624755859375 -0.2742919921875
-0.014988899230957 0.0172767639160156 0.324462890625 -0.215789794921875
-0.0105323791503906 0.00615119934082031 0.397491455078125 0.219818115234375
0.00697517395019531 -0.022918701171875 0.067901611328125 0.51483154296875
0.0206203460693359 -0.000326156616210938 -0.1485595703125 0.304473876953125
0.0185585021972656 0.00848960876464844 0.0636024475097656 -0.01641845703125
0.0160684585571289 -0.00818061828613281 0.1019287109375 -0.39935302734375
0.0115976333618164 -0.0167217254638672 -0.28887939453125 -0.435028076171875
-0.00608062744140625 0.00392675399780273 -0.437469482421875 0.0205383300781249
-0.00823688507080078 0.0131502151489258 -0.144866943359375 0.292724609375
-0.00461864471435547 -0.00438928604125976 0.0923614501953125 0.22503662109375
0.00112676620483398 -0.00402283668518066 0.181304931640625 0.0299835205078125
0.00736570358276367 0.001373291015625 0.138397216796875 -0.114791870117188
0.00929546356201172 -0.0076141357421875 -0.1552734375 0.087310791015625
0.015254020690918 -0.00262355804443359 -0.123016357421875 -0.092926025390625
-0.00514411926269531 0.0095968246459961 0.052093505859375 -0.274383544921875
-0.0228271484375 0.0167160034179687 0.3302001953125 -0.209381103515625
-0.0208187103271484 -0.00719642639160156 0.391815185546875 0.22760009765625
0.00600051879882813 -0.0491981506347656 0.0521240234375001 0.51611328125
0.0387306213378906 -0.0256004333496094 -0.155303955078125 0.301055908203125
0.0462570190429688 -0.0123786926269531 0.0622291564941406 -0.0173377990722656
0.0218963623046875 -0.0358238220214844 0.091583251953125 -0.39892578125
-0.000617980957031246 -0.03607177734375 -0.30078125 -0.424896240234375
-0.0179958343505859 -0.00146865844726562 -0.435577392578125 0.0308837890625
-0.0107746124267578 0.0167818069458008 -0.136749267578125 0.29364013671875
-0.00170445442199707 0.00254464149475098 0.100738525390625 0.22259521484375
0.00643348693847656 0.00278902053833008 0.183929443359375 0.029541015625
0.0124292373657227 0.00539302825927734 0.138839721679688 -0.115715026855469
0.0141801834106445 -0.00412845611572266 -0.153854370117188 0.087646484375
0.0191783905029297 0.00613594055175781 -0.123023986816406 -0.0897293090820313
-0.00281238555908203 0.0175247192382813 0.0454864501953125 -0.272689819335938
-0.02874755859375 0.0169582366943359 0.3211669921875 -0.216278076171875
-0.0315895080566406 -0.0198249816894531 0.39520263671875 0.21319580078125
0.00225830078125 -0.0768585205078125 0.06500244140625 0.512359619140625
0.0552406311035156 -0.054901123046875 -0.15399169921875 0.31060791015625
0.075164794921875 -0.0359268188476563 0.050445556640625 -0.00762176513671875
0.0294151306152344 -0.0646171569824219 0.09124755859375 -0.38671875
-0.0123519897460937 -0.0574493408203125 -0.292755126953125 -0.427490234375
-0.0313949584960938 -0.00794029235839843 -0.440704345703125 0.0198974609375
-0.0143623352050781 0.0200881958007813 -0.14544677734375 0.291229248046875
0.00211429595947266 0.012481689453125 0.09857177734375 0.226669311523438
0.0134038925170898 0.0136842727661133 0.185165405273437 0.03240966796875
0.0195350646972656 0.00973320007324219 0.141983032226563 -0.114105224609375
0.0187664031982422 -0.00141334533691406 -0.150177001953125 0.0909881591796875
0.0232791900634766 0.0155658721923828 -0.1280517578125 -0.0805740356445312
0.00136184692382812 0.0254364013671875 0.0245208740234375 -0.267181396484375
-0.0332298278808594 0.0193748474121094 0.29705810546875 -0.236480712890625
-0.0433769226074219 -0.0282554626464844 0.405548095703125 0.171875
-0.00935363769531249 -0.100395202636719 0.106719970703125 0.49932861328125
0.0647354125976563 -0.0848922729492188 -0.142974853515625 0.3338623046875
0.103370666503906 -0.0592880249023438 0.0273151397705078 0.0147552490234375
0.04180908203125 -0.0927734375 0.1033935546875 -0.362091064453125
-0.0207443237304688 -0.0811920166015625 -0.26055908203125 -0.443756103515625
-0.0443954467773437 -0.0190811157226563 -0.44781494140625 -0.0151672363281249
-0.0202217102050781 0.0216293334960937 -0.176513671875 0.283111572265625
0.00383949279785156 0.0187225341796875 0.077545166015625 0.239578247070313
0.0182456970214844 0.0247821807861328 0.184463500976563 0.044708251953125
0.0250492095947266 0.0141830444335938 0.150009155273438 -0.107711791992187
-0.0117263793945313 -0.0223350524902344 -0.140419006347656 0.112823486328125
0.00204086303710938 -0.0214443206787109 -0.159500122070313 -0.04931640625
-0.00238323211669922 -0.0136842727661133 -0.056488037109375 -0.242080688476563
0.00444746017456055 0.00812959671020508 0.209869384765625 -0.28631591796875
0.0118312835693359 0.0180225372314453 0.433013916015625 0.052978515625
0.00904941558837891 0.0131855010986328 0.251983642578125 0.446258544921875
-0.00353622436523438 0.0361366271972656 -0.072113037109375 0.378692626953125
-0.0276908874511719 0.0370941162109375 0.005218505859375 0.0526618957519531
-0.00851821899414063 0.0353775024414062 0.185821533203125 -0.32073974609375
0.0189704895019531 0.0193080902099609 -0.117706298828125 -0.5169677734375
0.0161342620849609 0.0123968124389648 -0.437347412109375 -0.142852783203125
0.00573635101318359 0.000916481018066406 -0.263229370117188 0.247421264648438
0.000268936157226562 -0.0165033340454102 -0.005157470703125 0.257522583007813
-0.0100774765014648 -0.0138111114501953 0.157516479492188 0.0652313232421875
-0.010223388671875 -0.00797843933105469 0.154022216796875 -0.0960235595703125
-0.00953292846679688 -0.0212764739990234 -0.143142700195313 0.109054565429688
0.00262832641601562 -0.0238895416259766 -0.152206420898438 -0.05889892578125
-0.00490474700927734 -0.0127935409545898 -0.0316162109375 -0.2520751953125
0.00237083435058594 0.0114889144897461 0.24078369140625 -0.271881103515625
0.0107860565185547 0.0214195251464844 0.429779052734375 0.096405029296875
0.0109338760375977 0.0162057876586914 0.20928955078125 0.469329833984375
-0.00411224365234375 0.0402565002441406 -0.092529296875 0.359649658203125
-0.0285263061523437 0.0407333374023438 0.0239028930664062 0.0321693420410156
-0.00493621826171875 0.0376815795898438 0.166748046875 -0.345123291015625
0.0230369567871094 0.0193538665771484 -0.16741943359375 -0.499786376953125
0.015955924987793 0.0127296447753906 -0.442169189453125 -0.094573974609375
0.00270867347717285 0.00312423706054688 -0.229904174804688 0.264862060546875
-0.00377750396728516 -0.0160741806030273 0.0225067138671875 0.249237060546875
-0.00991916656494141 -0.0161542892456055 0.164352416992188 0.0543365478515625
-0.00821733474731445 -0.00675678253173828 0.147537231445313 -0.102462768554688
-0.00545883178710937 -0.0191116333007812 -0.14727783203125 0.102935791015625
0.00420379638671875 -0.0222988128662109 -0.14434814453125 -0.070587158203125
-0.00598430633544922 -0.00966358184814453 -0.00450134277343748 -0.261703491210938
-0.00172328948974609 0.0148696899414063 0.273406982421875 -0.254684448242188
0.00642585754394531 0.021514892578125 0.42327880859375 0.139801025390625
0.00947093963623047 0.0114860534667969 0.160980224609375 0.48797607421875
-0.00159835815429688 0.0344314575195313 -0.11273193359375 0.33770751953125
-0.0211143493652344 0.0370216369628906 0.0417518615722656 0.0104255676269531
0.00177574157714844 0.0311565399169922 0.141571044921875 -0.371185302734375
0.0242176055908203 0.0121574401855469 -0.220977783203125 -0.475677490234375
0.0126094818115234 0.0112848281860352 -0.44287109375 -0.0440063476562499
-0.000518321990966797 0.00608015060424805 -0.194229125976563 0.27972412109375
-0.00594520568847656 -0.0146389007568359 0.052398681640625 0.238845825195313
-0.00805377960205078 -0.0146408081054688 0.17071533203125 0.04351806640625
-0.00393915176391601 -0.00498342514038086 0.142822265625 -0.108444213867188
-0.000802040100097655 -0.0155582427978516 -0.149978637695313 0.097259521484375
0.0077667236328125 -0.0187034606933594 -0.134857177734375 -0.0810470581054688
-0.00680112838745117 -0.00406551361083984 0.0218658447265625 -0.269515991210938
-0.00733566284179688 0.016932487487793 0.301177978515625 -0.23583984375
-0.00113868713378906 0.0162115097045898 0.41107177734375 0.18487548828125
0.00774240493774414 -0.00198793411254883 0.108306884765625 0.504638671875
0.0061187744140625 0.0209331512451172 -0.1314697265625 0.318603515625
-0.00470352172851562 0.0265350341796875 0.0562553405761719 -0.00670623779296875
0.00873184204101563 0.015009880065918 0.11810302734375 -0.390106201171875
0.0203666687011719 -0.000782012939453125 -0.262359619140625 -0.451690673828125
0.0048370361328125 0.00781965255737305 -0.439727783203125 -0.00225830078125004
-0.00431919097900391 0.00971603393554688 -0.162445068359375 0.2882080078125
-0.00644493103027344 -0.00994110107421875 0.0768585205078125 0.228958129882813
-0.00418376922607422 -0.0109825134277344 0.176177978515625 0.0332183837890625
0.000927925109863281 -0.0018613338470459 0.137588500976563 -0.113143920898438
0.00457668304443359 -0.011265754699707 -0.152725219726563 0.0923919677734375
0.0108242034912109 -0.0116825103759766 -0.127601623535156 -0.0886154174804688
-0.00643157958984375 0.00259542465209961 0.040618896484375 -0.274429321289063
-0.0147037506103516 0.0174837112426758 0.319610595703125 -0.22027587890625
-0.0105209350585937 0.00587558746337891 0.400054931640625 0.212860107421875
0.0064239501953125 -0.0231685638427734 0.0748291015625 0.511383056640625
0.0203037261962891 -0.000469207763671875 -0.143768310546875 0.3046875
0.0183429718017578 0.00847625732421875 0.0627861022949219 -0.0166130065917969
0.0157051086425781 -0.00837230682373047 0.0966796875 -0.3983154296875
0.0113306045532227 -0.017425537109375 -0.29339599609375 -0.43048095703125
-0.00556325912475586 0.00368499755859375 -0.436004638671875 0.0255126953125001
-0.00788497924804688 0.0133724212646484 -0.1402587890625 0.29327392578125
-0.00466489791870117 -0.00448989868164063 0.094940185546875 0.22235107421875
0.000874996185302734 -0.00417518615722656 0.180419921875 0.026947021484375
0.00713682174682617 0.00224924087524414 0.135780334472656 -0.116287231445312
0.00938892364501953 -0.00743675231933594 -0.153167724609375 0.0896453857421875
0.0147857666015625 -0.00305366516113281 -0.12353515625 -0.09100341796875
-0.00530624389648438 0.00997257232666016 0.0474395751953125 -0.274429321289062
-0.0223464965820313 0.0175685882568359 0.32489013671875 -0.212066650390625
-0.0206508636474609 -0.00734519958496094 0.39306640625 0.22198486328125
0.00505447387695312 -0.0489387512207031 0.060394287109375 0.51385498046875
0.0383415222167969 -0.0262870788574219 -0.1497802734375 0.301605224609375
0.0463333129882813 -0.0128822326660156 0.0616455078125 -0.0180244445800781
0.0213661193847656 -0.0355339050292969 0.08489990234375 -0.397735595703125
-0.00107955932617188 -0.0364608764648438 -0.305938720703125 -0.418701171875
-0.0181179046630859 -0.00056266784667969 -0.4334716796875 0.035797119140625
-0.0108747482299805 0.0171003341674805 -0.132049560546875 0.294097900390625
-0.00186753273010254 0.00292730331420898 0.103225708007813 0.219833374023437
0.00644493103027344 0.00264644622802734 0.183517456054688 0.02606201171875
0.0128936767578125 0.00572967529296875 0.136154174804688 -0.117156982421875
0.0140256881713867 -0.00398635864257813 -0.151473999023438 0.089874267578125
0.0188674926757813 0.00620841979980469 -0.124137878417969 -0.0879364013671875
-0.00289154052734375 0.0175495147705078 0.04132080078125 -0.273101806640625
-0.0289707183837891 0.0172443389892578 0.317657470703125 -0.219635009765625
-0.0316638946533203 -0.0200843811035156 0.398193359375 0.205535888671875
0.000640869140624999 -0.0763473510742188 0.0723876953125001 0.508514404296875
0.0542793273925781 -0.0552101135253906 -0.14886474609375 0.31109619140625
0.0745391845703125 -0.0362396240234375 0.0503654479980469 -0.00799560546875
0.0285911560058594 -0.0644340515136719 0.0859375 -0.38616943359375
-0.0131454467773438 -0.0568389892578125 -0.296875 -0.42041015625
-0.0313377380371094 -0.00730323791503907 -0.439239501953125 0.0265197753906249
-0.0141487121582031 0.0199356079101563 -0.14105224609375 0.29180908203125
0.00192832946777344 0.0123748779296875 0.101058959960938 0.224014282226563
0.0137062072753906 0.0135383605957031 0.184860229492188 0.0297088623046875
0.0195350646972656 0.00979804992675781 0.139869689941406 -0.115371704101562
0.0186939239501953 -0.0012359619140625 -0.147567749023438 0.0925445556640625
0.0234336853027344 0.0149059295654297 -0.128700256347656 -0.078887939453125
0.00177574157714844 0.0251541137695313 0.02001953125 -0.266281127929688
-0.0329246520996094 0.0197105407714844 0.29168701171875 -0.2384033203125
-0.0434112548828125 -0.0276832580566406 0.4072265625 0.16546630859375
-0.0110626220703125 -0.099884033203125 0.11492919921875 0.496429443359375
0.0635452270507813 -0.0856781005859375 -0.138031005859375 0.333282470703125
0.102264404296875 -0.0601654052734375 0.0274906158447266 0.0144710540771484
0.0399627685546875 -0.0925369262695313 0.097412109375 -0.36083984375
-0.0215072631835938 -0.08038330078125 -0.266357421875 -0.4368896484375
-0.0442695617675781 -0.0178604125976562 -0.445953369140625 -0.0095825195312499
-0.0195999145507813 0.0213909149169922 -0.172210693359375 0.284820556640625
0.00403404235839844 0.0184822082519531 0.0806884765625 0.237686157226563
0.0185317993164063 0.0241489410400391 0.18414306640625 0.0414581298828125
0.0253505706787109 0.013641357421875 0.147262573242188 -0.109542846679688
-0.0117263793945313 -0.0218791961669922 -0.13726806640625 0.114120483398438
0.00136947631835938 -0.0212554931640625 -0.15863037109375 -0.046844482421875
-0.0026407241821289 -0.0138330459594727 -0.059234619140625 -0.2396240234375
0.00449991226196289 0.00791215896606445 0.203857421875 -0.287872314453125
0.0118074417114258 0.0174121856689453 0.431671142578125 0.046417236328125
0.00929832458496094 0.0126180648803711 0.256988525390625 0.439239501953125
-0.00249481201171875 0.0356369018554688 -0.0665283203125 0.377777099609375
-0.0271339416503906 0.0375785827636719 0.0057220458984375 0.0526847839355469
-0.00818634033203125 0.0356788635253906 0.18072509765625 -0.31939697265625
0.0189018249511719 0.0191001892089844 -0.12359619140625 -0.512420654296875
0.0161170959472656 0.0122690200805664 -0.437469482421875 -0.136566162109375
0.00601720809936523 0.000957489013671875 -0.259078979492188 0.249099731445312
-8.58306884765629E-05 -0.016087532043457 -0.00134277343750002 0.25579833984375
-0.01025390625 -0.0138645172119141 0.15704345703125 0.0633697509765625
-0.0100593566894531 -0.00723648071289062 0.151962280273438 -0.0969696044921875
-0.0101184844970703 -0.0204715728759766 -0.139900207519531 0.111091613769531
0.00170516967773437 -0.02337646484375 -0.152297973632813 -0.0566253662109375
-0.00516128540039062 -0.0125293731689453 -0.034942626953125 -0.250015258789063
0.00272083282470703 0.0114173889160156 0.2349853515625 -0.274307250976563
0.0110397338867188 0.0205326080322266 0.429412841796875 0.0889892578125
0.0107259750366211 0.0154542922973633 0.213470458984375 0.46435546875
-0.00360107421875 0.0398826599121094 -0.086883544921875 0.359283447265625
-0.0274772644042969 0.0409202575683594 0.0233402252197266 0.0319614410400391
-0.00421524047851563 0.0372505187988281 0.1610107421875 -0.34564208984375
0.0233650207519531 0.0187187194824219 -0.172576904296875 -0.494537353515625
0.0162496566772461 0.0129785537719727 -0.44091796875 -0.088592529296875
0.0033574104309082 0.00298261642456055 -0.224822998046875 0.265960693359375
-0.00458621978759766 -0.0163373947143555 0.0257720947265625 0.24688720703125
-0.0101194381713867 -0.015812873840332 0.163238525390625 0.0516815185546875
-0.00832414627075195 -0.00626420974731445 0.144989013671875 -0.104461669921875
-0.00571632385253907 -0.0182819366455078 -0.144378662109375 0.104827880859375
0.0035400390625 -0.0221710205078125 -0.1441650390625 -0.0681304931640625
-0.00604534149169922 -0.009552001953125 -0.00810241699218752 -0.260498046875
-0.00144767761230469 0.0149431228637695 0.267898559570313 -0.257369995117188
0.00691032409667969 0.0209121704101563 0.422607421875 0.134796142578125
0.00934219360351563 0.0110273361206055 0.165863037109375 0.48297119140625
-0.001251220703125 0.0341987609863281 -0.107635498046875 0.3369140625
-0.0209083557128906 0.037628173828125 0.0417671203613281 0.00974273681640625
0.00201606750488281 0.0314979553222656 0.135833740234375 -0.370208740234375
0.0240592956542969 0.0118179321289063 -0.225616455078125 -0.4708251953125
0.0129098892211914 0.0103530883789062 -0.44146728515625 -0.0383300781250001
-0.000438690185546876 0.00568199157714844 -0.189453125 0.280548095703125
-0.00619411468505859 -0.0142822265625 0.0551910400390625 0.23687744140625
-0.00845718383789062 -0.0143260955810547 0.169677734375 0.040069580078125
-0.00412273406982422 -0.00456094741821289 0.140007019042969 -0.109100341796875
-0.00110816955566406 -0.0151271820068359 -0.147308349609375 0.0988616943359375
0.0067596435546875 -0.0189228057861328 -0.13507080078125 -0.0789947509765625
-0.00721406936645508 -0.00409173965454101 0.018157958984375 -0.268356323242187
-0.00721168518066406 0.017120361328125 0.295806884765625 -0.23809814453125
-0.000615119934082031 0.0158700942993164 0.409912109375 0.17779541015625
0.0074620246887207 -0.00229930877685547 0.11590576171875 0.500579833984375
0.00637054443359375 0.0206623077392578 -0.125823974609375 0.318084716796875
-0.00467681884765625 0.0260105133056641 0.0554733276367188 -0.0070037841796875
0.0089111328125 0.0150432586669922 0.11212158203125 -0.38897705078125
0.0201377868652344 -0.00107192993164062 -0.267303466796875 -0.445220947265625
0.00469493865966797 0.00770092010498047 -0.43695068359375 0.00305175781249998
-0.00417709350585937 0.00985145568847656 -0.158172607421875 0.2886962890625
-0.00697231292724609 -0.00996685028076172 0.0791168212890625 0.226516723632813
-0.00456523895263672 -0.0106048583984375 0.174880981445313 0.030853271484375
0.000762701034545898 -0.00115251541137695 0.134986877441406 -0.114830017089844
0.00421428680419922 -0.0110445022583008 -0.14984130859375 0.0939483642578125
0.0100383758544922 -0.0116987228393555 -0.127975463867188 -0.0860443115234375
-0.00621318817138672 0.00234174728393555 0.036712646484375 -0.272964477539063
-0.0145645141601563 0.0179252624511719 0.314605712890625 -0.221923828125
-0.00999832153320313 0.0057830810546875 0.400054931640625 0.205535888671875
0.005889892578125 -0.0233535766601563 0.081329345703125 0.507415771484375
0.0201225280761719 -0.00040435791015625 -0.13873291015625 0.304473876953125
0.0189018249511719 0.00824546813964844 0.0621414184570313 -0.0174636840820313
0.0155782699584961 -0.00819969177246094 0.0902099609375 -0.39715576171875
0.010676383972168 -0.0172033309936523 -0.2972412109375 -0.423187255859375
-0.00568485260009766 0.00407314300537109 -0.43310546875 0.031524658203125
-0.00751113891601563 0.0132589340209961 -0.135833740234375 0.292877197265625
-0.00487852096557617 -0.00444364547729492 0.096923828125 0.21966552734375
0.0010380744934082 -0.00394368171691895 0.179275512695313 0.0240020751953125
0.00760650634765625 0.00235891342163086 0.133247375488281 -0.117355346679687
0.00933074951171875 -0.00696849822998047 -0.14984130859375 0.09149169921875
0.0142440795898438 -0.00310516357421875 -0.124366760253906 -0.0887832641601563
-0.0052947998046875 0.00978755950927734 0.0431060791015625 -0.273086547851563
-0.0218410491943359 0.01776123046875 0.318939208984375 -0.217010498046875
-0.0208587646484375 -0.00766372680664063 0.39459228515625 0.21453857421875
0.0044097900390625 -0.0492897033691406 0.066436767578125 0.509307861328125
0.0374794006347656 -0.0260887145996094 -0.14471435546875 0.301727294921875
0.0458221435546875 -0.0129737854003906 0.0609512329101562 -0.0186119079589844
0.0213661193847656 -0.0354690551757812 0.0794677734375 -0.396209716796875
-0.00202560424804688 -0.0358848571777344 -0.307891845703125 -0.412506103515625
-0.0179653167724609 -0.000436782836914064 -0.431915283203125 0.04205322265625
-0.010279655456543 0.0171976089477539 -0.128509521484375 0.29400634765625
-0.00157475471496582 0.00267505645751953 0.105484008789063 0.217056274414063
0.00650882720947266 0.0029444694519043 0.182174682617188 0.0233154296875
0.0127153396606445 0.00579929351806641 0.133712768554687 -0.118133544921875
0.0139122009277344 -0.00384235382080078 -0.148605346679688 0.09130859375
0.0185756683349609 0.00580596923828125 -0.125137329101563 -0.085906982421875
-0.00277042388916016 0.0172853469848633 0.0366363525390625 -0.271804809570313
-0.0279407501220703 0.0178642272949219 0.3114013671875 -0.22308349609375
-0.0317554473876953 -0.0193843841552734 0.396728515625 0.199310302734375
-0.000556945800781251 -0.0762863159179688 0.07879638671875 0.50555419921875
0.0531196594238281 -0.055633544921875 -0.14404296875 0.31036376953125
0.0740432739257813 -0.0366592407226562 0.0496940612792969 -0.00862503051757813
0.0274581909179687 -0.0638236999511719 0.080047607421875 -0.3839111328125
-0.013916015625 -0.0561141967773437 -0.30078125 -0.415802001953125
-0.0311450958251953 -0.00665855407714843 -0.436767578125 0.0328063964843749
-0.0137977600097656 0.020355224609375 -0.136505126953125 0.292205810546875
0.00216579437255859 0.0121088027954102 0.103164672851562 0.22149658203125
0.0133848190307617 0.0135822296142578 0.183761596679688 0.027099609375
0.0200157165527344 0.0101280212402344 0.137046813964844 -0.116470336914063
0.0186100006103516 -0.0010528564453125 -0.144790649414063 0.0945281982421875
0.0229549407958984 0.0145263671875 -0.129074096679688 -0.07659912109375
0.00169181823730469 0.0251846313476563 0.0157012939453125 -0.26470947265625
-0.032318115234375 0.0201282501220703 0.28607177734375 -0.2415771484375
-0.0440254211425781 -0.0273017883300781 0.40557861328125 0.157806396484375
-0.0124969482421875 -0.0993881225585938 0.11968994140625 0.491973876953125
0.0616226196289063 -0.0854263305664063 -0.13238525390625 0.333892822265625
0.100845336914063 -0.0607070922851563 0.0271625518798828 0.0140285491943359
0.0391006469726562 -0.0922775268554688 0.09332275390625 -0.35992431640625
-0.0227508544921875 -0.0794601440429687 -0.269500732421875 -0.42962646484375
-0.0443191528320313 -0.0175361633300781 -0.444915771484375 -0.00372314453124998
-0.0191783905029297 0.0220890045166016 -0.167694091796875 0.28485107421875
0.00414276123046875 0.0185470581054688 0.0827789306640625 0.2353515625
0.0188999176025391 0.0237712860107422 0.1834716796875 0.038604736328125
0.0254135131835938 0.013397216796875 0.144943237304688 -0.110870361328125
-0.0121803283691406 -0.0208492279052734 -0.134063720703125 0.1151123046875
0.000486373901367187 -0.0208263397216797 -0.157943725585937 -0.0440826416015625
-0.00266551971435547 -0.0135412216186523 -0.0612030029296875 -0.237335205078125
0.00475883483886719 0.00821971893310547 0.1986083984375 -0.2884521484375
0.0120906829833984 0.0171346664428711 0.4296875 0.03924560546875
0.00883007049560547 0.0117416381835937 0.26165771484375 0.432647705078125
-0.00268936157226562 0.0359115600585938 -0.0609130859375 0.375518798828125
-0.0261650085449219 0.0382156372070312 0.00678253173828125 0.0524482727050781
-0.00771331787109375 0.03533935546875 0.17633056640625 -0.3187255859375
0.0188732147216797 0.0188350677490234 -0.1285400390625 -0.50701904296875
0.0163278579711914 0.0116567611694336 -0.4371337890625 -0.129638671875
0.00578403472900391 0.000676155090332031 -0.2540283203125 0.249908447265625
-0.000971794128417968 -0.0161857604980469 0.00103759765625 0.253768920898438
-0.0104961395263672 -0.01336669921875 0.156448364257812 0.0608978271484375
-0.0097503662109375 -0.00614070892333984 0.148712158203125 -0.097991943359375
-0.0101146697998047 -0.0201225280761719 -0.137168884277344 0.111618041992188
0.000915527343749999 -0.0234928131103516 -0.15185546875 -0.054229736328125
-0.00547122955322266 -0.0122804641723633 -0.038116455078125 -0.247695922851563
0.0032196044921875 0.01177978515625 0.2301025390625 -0.2752685546875
0.0115413665771484 0.0202312469482422 0.42669677734375 0.0836181640625
0.0105772018432617 0.014801025390625 0.217437744140625 0.458953857421875
-0.00296401977539063 0.039459228515625 -0.081634521484375 0.35711669921875
-0.0270843505859375 0.041351318359375 0.0235061645507812 0.0317478179931641
-0.00391769409179688 0.037567138671875 0.15582275390625 -0.344970703125
0.0226020812988281 0.0184268951416016 -0.177276611328125 -0.4892578125
0.0166788101196289 0.0125732421875 -0.439361572265625 -0.0830078125
0.00341892242431641 0.00266504287719727 -0.221038818359375 0.266265869140625
-0.00502872467041016 -0.016139030456543 0.02825927734375 0.244308471679688
-0.0104598999023438 -0.0154752731323242 0.162322998046875 0.048858642578125
-0.0081167221069336 -0.00521183013916016 0.142486572265625 -0.104721069335938
-0.00615310668945313 -0.0179061889648438 -0.141616821289063 0.10577392578125
0.00291633605957031 -0.0223045349121094 -0.143875122070312 -0.066314697265625
-0.00662899017333984 -0.00904560089111328 -0.01153564453125 -0.258651733398438
-0.000613212585449219 0.0152626037597656 0.26165771484375 -0.258560180664063
0.00695419311523438 0.0199928283691406 0.420867919921875 0.127197265625
0.00923824310302734 0.0101785659790039 0.17120361328125 0.479156494140625
-0.00096321105957031 0.0344085693359375 -0.1033935546875 0.334808349609375
-0.0200271606445313 0.0379104614257813 0.0417060852050781 0.00965118408203125
0.0023193359375 0.0308589935302734 0.131256103515625 -0.368804931640625
0.0243740081787109 0.011322021484375 -0.228515625 -0.464813232421875
0.0128173828125 0.010523796081543 -0.43890380859375 -0.03277587890625
-0.000669956207275391 0.0056614875793457 -0.184768676757813 0.280120849609375
-0.00675773620605469 -0.0143938064575195 0.057037353515625 0.234146118164063
-0.00826358795166016 -0.0141096115112305 0.168685913085938 0.037994384765625
-0.00405430793762207 -0.00354552268981934 0.137901306152344 -0.110588073730469
-0.00176048278808594 -0.014491081237793 -0.144638061523438 0.1002197265625
0.00608444213867188 -0.0183238983154297 -0.135017395019531 -0.0769882202148438
-0.00697422027587891 -0.00369119644165039 0.014404296875 -0.266616821289063
-0.0062713623046875 0.0171928405761719 0.291168212890625 -0.24053955078125
-0.000837326049804689 0.015498161315918 0.409912109375 0.1708984375
0.00724649429321289 -0.00242424011230469 0.120849609375 0.494781494140625
0.00660324096679688 0.0205574035644531 -0.121490478515625 0.317138671875
-0.00397872924804687 0.026397705078125 0.0547027587890625 -0.0074310302734375
0.00911617279052734 0.0150251388549805 0.106201171875 -0.386993408203125
0.0197544097900391 -0.00113487243652344 -0.2701416015625 -0.43988037109375
0.00480222702026367 0.00771808624267578 -0.43389892578125 0.00640869140624993
-0.00423526763916016 0.00960350036621094 -0.15374755859375 0.287872314453125
-0.00705146789550781 -0.0100488662719727 0.0802764892578125 0.223342895507813
-0.00492763519287109 -0.0100555419921875 0.173721313476562 0.0281829833984375
0.000760674476623535 -0.00065988302230835 0.1328125 -0.1153564453125
0.00407695770263672 -0.0106658935546875 -0.146881103515625 0.0956878662109375
0.00965595245361328 -0.0114240646362305 -0.1280517578125 -0.08465576171875
-0.00643253326416016 0.00275325775146484 0.0321044921875 -0.271957397460938
-0.0138359069824219 0.017974853515625 0.308807373046875 -0.22503662109375
-0.0101203918457031 0.00535488128662109 0.400421142578125 0.198760986328125
0.00552177429199219 -0.0235176086425781 0.08746337890625 0.502593994140625
0.0198211669921875 -0.00069427490234375 -0.13336181640625 0.30426025390625
0.0189914703369141 0.00831413269042969 0.0616912841796875 -0.017913818359375
0.0149993896484375 -0.00810527801513672 0.086181640625 -0.39501953125
0.0104360580444336 -0.0171222686767578 -0.300262451171875 -0.417327880859375
-0.00520753860473633 0.00403881072998047 -0.429290771484375 0.0358581542968751
-0.00746726989746094 0.0132856369018555 -0.132415771484375 0.292572021484375
-0.00538110733032227 -0.00442266464233398 0.0985870361328125 0.216461181640625
0.000638723373413086 -0.00390744209289551 0.177886962890625 0.02154541015625
0.00758028030395508 0.00296497344970703 0.130516052246094 -0.117950439453125
0.00866937637329102 -0.00691699981689453 -0.147628784179688 0.09246826171875
0.013545036315918 -0.00361251831054687 -0.124473571777344 -0.087066650390625
-0.00526142120361328 0.00990104675292969 0.039642333984375 -0.272613525390625
-0.0214672088623047 0.0181427001953125 0.314544677734375 -0.21734619140625
-0.0204868316650391 -0.00760650634765625 0.39306640625 0.2080078125
0.00316619873046876 -0.0491714477539063 0.07220458984375 0.505462646484375
0.036651611328125 -0.0263404846191406 -0.140106201171875 0.300750732421875
0.0455970764160156 -0.0129508972167969 0.0602149963378906 -0.0190162658691406
0.0205192565917969 -0.0353240966796875 0.074127197265625 -0.394805908203125
-0.0020599365234375 -0.0359153747558594 -0.310516357421875 -0.40606689453125
-0.0180244445800781 -0.000434875488281248 -0.42767333984375 0.047088623046875
-0.010040283203125 0.0169382095336914 -0.124267578125 0.293060302734375
-0.00174283981323242 0.00261306762695313 0.107025146484375 0.2138671875
0.00627851486206055 0.00267648696899414 0.180679321289063 0.0207366943359375
0.0128440856933594 0.00608158111572266 0.130950927734375 -0.118843078613281
0.0135927200317383 -0.00379371643066406 -0.145858764648438 0.0924224853515625
0.0179920196533203 0.00550270080566406 -0.124908447265625 -0.0833206176757813
-0.00283241271972656 0.0174703598022461 0.0326995849609375 -0.270095825195313
-0.0274639129638672 0.0185337066650391 0.306243896484375 -0.22491455078125
-0.0319290161132813 -0.0192375183105469 0.3961181640625 0.192352294921875
-0.00160217285156251 -0.0758056640625 0.083343505859375 0.500152587890625
0.0522651672363281 -0.0550384521484375 -0.139434814453125 0.30975341796875
0.0735397338867188 -0.036712646484375 0.04913330078125 -0.00875091552734375
0.026885986328125 -0.0637931823730469 0.075836181640625 -0.382476806640625
-0.0146636962890625 -0.0557937622070313 -0.302825927734375 -0.40966796875
-0.0308456420898437 -0.00654792785644531 -0.433197021484375 0.03704833984375
-0.0134410858154297 0.0202426910400391 -0.132171630859375 0.29150390625
0.00161075592041016 0.012054443359375 0.104843139648438 0.217864990234375
0.0132875442504883 0.0132617950439453 0.182052612304688 0.02410888671875
0.0199451446533203 0.0104503631591797 0.134307861328125 -0.117591857910156
0.0180778503417969 -0.000978469848632813 -0.141616821289063 0.095550537109375
0.0226249694824219 0.0140914916992188 -0.129203796386719 -0.0747222900390625
0.00194740295410156 0.0253353118896484 0.011749267578125 -0.263076782226563
-0.0313987731933594 0.0208091735839844 0.28076171875 -0.243377685546875
-0.0437889099121094 -0.0270957946777344 0.405029296875 0.151153564453125
-0.01409912109375 -0.098846435546875 0.125 0.486419677734375
0.0603790283203125 -0.0852127075195313 -0.12744140625 0.332000732421875
0.0999221801757813 -0.0613021850585938 0.0276737213134766 0.0142059326171875
0.03741455078125 -0.0916595458984375 0.088531494140625 -0.3577880859375
-0.02349853515625 -0.0788803100585938 -0.27178955078125 -0.425689697265625
-0.0443840026855469 -0.0167274475097656 -0.44097900390625 0.00149536132812494
-0.0187892913818359 0.0221996307373047 -0.164031982421875 0.285308837890625
0.00408363342285156 0.0182399749755859 0.0850982666015625 0.232162475585937
0.0189342498779297 0.0236949920654297 0.181793212890625 0.03582763671875
0.0257835388183594 0.0139083862304687 0.142379760742188 -0.112152099609375
-0.0124645233154297 -0.020660400390625 -0.131065368652344 0.115577697753906
-4.57763671875003E-05 -0.02099609375 -0.156936645507813 -0.0424041748046875
-0.00310802459716797 -0.0132608413696289 -0.0628814697265625 -0.235275268554688
0.00478839874267578 0.0084228515625 0.1934814453125 -0.288543701171875
0.0118513107299805 0.0164299011230469 0.4254150390625 0.034393310546875
0.00877189636230469 0.0111818313598633 0.263336181640625 0.42938232421875
-0.00244140625 0.0353050231933594 -0.057037353515625 0.37371826171875
-0.025482177734375 0.0383338928222656 0.00644683837890625 0.0525588989257813
-0.00728607177734375 0.0353469848632813 0.17144775390625 -0.317474365234375
0.0189628601074219 0.0187263488769531 -0.132232666015625 -0.50152587890625
0.0161828994750977 0.0118274688720703 -0.43450927734375 -0.125213623046875
0.00598001480102539 0.000491619110107422 -0.251541137695313 0.250152587890625
-0.0010223388671875 -0.0159626007080078 0.00318908691406251 0.25152587890625
-0.0109224319458008 -0.0128726959228516 0.155441284179688 0.0585479736328125
-0.00995922088623047 -0.00553607940673828 0.146682739257813 -0.0987396240234375
-0.0105762481689453 -0.0196056365966797 -0.133895874023438 0.112113952636719
0.000108718872070312 -0.0229072570800781 -0.150161743164063 -0.05279541015625
-0.00586605072021484 -0.0117607116699219 -0.0396270751953125 -0.245376586914063
0.00317001342773438 0.0117387771606445 0.224685668945313 -0.27520751953125
0.0115928649902344 0.0196723937988281 0.42376708984375 0.078857421875
0.0101423263549805 0.014338493347168 0.220916748046875 0.45184326171875
-0.00322723388671875 0.0392494201660156 -0.077850341796875 0.35443115234375
-0.0266571044921875 0.0417060852050781 0.0236949920654297 0.0314826965332031
-0.00344467163085937 0.0375633239746094 0.151885986328125 -0.342315673828125
0.0229511260986328 0.0179233551025391 -0.179534912109375 -0.48382568359375
0.0165557861328125 0.0122833251953125 -0.43853759765625 -0.0780944824218749
0.00337338447570801 0.00248003005981445 -0.2171630859375 0.265625
-0.00500297546386719 -0.0158357620239258 0.029510498046875 0.242233276367188
-0.0108194351196289 -0.0151386260986328 0.161361694335938 0.0472412109375
-0.00835847854614258 -0.00443077087402344 0.139961242675781 -0.105140686035156
-0.00637912750244141 -0.0173349380493164 -0.138710021972656 0.106346130371094
0.00199699401855469 -0.0218830108642578 -0.142929077148438 -0.0647125244140625
-0.0065760612487793 -0.00874662399291992 -0.0139923095703125 -0.256668090820312
-0.000764846801757812 0.0150909423828125 0.257171630859375 -0.259170532226563
0.00700569152832031 0.0197334289550781 0.4183349609375 0.1221923828125
0.00921821594238281 0.0099334716796875 0.173309326171875 0.472900390625
-0.00118255615234375 0.0341320037841797 -0.09906005859375 0.334075927734375
-0.0189399719238281 0.0378532409667969 0.0414352416992188 0.00989151000976563
0.00240516662597657 0.0305576324462891 0.1256103515625 -0.366973876953125
0.0236263275146484 0.0114116668701172 -0.23052978515625 -0.4588623046875
0.0125713348388672 0.0104093551635742 -0.436737060546875 -0.0286865234374999
-0.000304698944091797 0.00562906265258789 -0.181350708007812 0.279159545898437
-0.00695133209228515 -0.0139579772949219 0.0583953857421875 0.2314453125
-0.00858497619628906 -0.0137939453125 0.167434692382813 0.03643798828125
-0.00366568565368652 -0.00271177291870117 0.135116577148437 -0.110824584960938
-0.00157070159912109 -0.0141496658325195 -0.141815185546875 0.10113525390625
0.00513267517089844 -0.0182018280029297 -0.134033203125 -0.07525634765625
-0.00682497024536133 -0.00365924835205078 0.011688232421875 -0.264938354492188
-0.00597572326660156 0.0173521041870117 0.28619384765625 -0.240631103515625
-0.000761032104492188 0.0149850845336914 0.408233642578125 0.164947509765625
0.00709867477416992 -0.00305032730102539 0.126434326171875 0.490814208984375
0.00628852844238281 0.0205936431884766 -0.1175537109375 0.31524658203125
-0.00361061096191406 0.0264549255371094 0.0542411804199219 -0.007293701171875
0.00926876068115235 0.0149736404418945 0.1026611328125 -0.384613037109375
0.0193462371826172 -0.00157928466796875 -0.272308349609375 -0.43365478515625
0.00526952743530273 0.00747919082641602 -0.431610107421875 0.011627197265625
-0.00371742248535156 0.00944900512695312 -0.150543212890625 0.28704833984375
-0.00721073150634765 -0.00976753234863281 0.0818328857421875 0.220809936523438
-0.00535106658935547 -0.00990867614746094 0.1719970703125 0.0263824462890625
0.0013653039932251 0.000144600868225098 0.130264282226563 -0.114799499511719
0.00375652313232422 -0.0105438232421875 -0.14385986328125 0.09613037109375
0.00856208801269531 -0.0112676620483398 -0.127616882324219 -0.0826034545898437
-0.00617647171020508 0.00258922576904297 0.0296173095703125 -0.269210815429688
-0.0134010314941406 0.0183048248291016 0.30291748046875 -0.226959228515625
-0.0101966857910156 0.00559520721435547 0.39892578125 0.192718505859375
0.00512123107910156 -0.0234470367431641 0.0911865234375 0.497802734375
0.0196342468261719 -0.000940322875976563 -0.1295166015625 0.302490234375
0.0190200805664062 0.00810050964355469 0.0612449645996094 -0.0176467895507812
0.0148029327392578 -0.00810337066650391 0.081787109375 -0.391937255859375
0.00997257232666015 -0.0171527862548828 -0.301116943359375 -0.41070556640625
-0.00509548187255859 0.00435256958007813 -0.426361083984375 0.03997802734375
-0.0070047378540039 0.0135068893432617 -0.128814697265625 0.290679931640625
-0.00565338134765625 -0.0041356086730957 0.0994110107421875 0.213531494140625
0.000110864639282226 -0.00367331504821777 0.176345825195313 0.0200958251953125
0.00776052474975586 0.00324869155883789 0.128028869628906 -0.118232727050781
0.00869464874267578 -0.00687456130981445 -0.144485473632813 0.0934295654296875
0.0132369995117188 -0.00343132019042969 -0.12445068359375 -0.084991455078125
-0.00527858734130859 0.0102243423461914 0.0361785888671875 -0.270034790039063
-0.0209770202636719 0.0183734893798828 0.308258056640625 -0.220001220703125
-0.0202045440673828 -0.00732231140136719 0.391510009765625 0.202117919921875
0.00261688232421875 -0.0487747192382813 0.07464599609375 0.501312255859375
0.0357818603515625 -0.0262641906738281 -0.136322021484375 0.29937744140625
0.045257568359375 -0.0128898620605469 0.0600357055664063 -0.0190658569335938
0.0200328826904297 -0.0348854064941406 0.07098388671875 -0.3919677734375
-0.00258636474609375 -0.03558349609375 -0.31146240234375 -0.400054931640625
-0.017486572265625 0.000389099121093752 -0.42474365234375 0.0487976074218749
-0.0097198486328125 0.0172224044799805 -0.121673583984375 0.29150390625
-0.00224089622497559 0.00284886360168457 0.108047485351562 0.211090087890625
0.0060725212097168 0.00285959243774414 0.179306030273437 0.0191497802734375
0.0131492614746094 0.00656414031982422 0.1285400390625 -0.119132995605469
0.0135269165039063 -0.00346565246582031 -0.143020629882813 0.0933685302734375
0.0173425674438477 0.00542449951171875 -0.124824523925781 -0.0821609497070312
-0.00302505493164063 0.0177383422851562 0.029541015625 -0.268478393554688
-0.0270881652832031 0.0186595916748047 0.300628662109375 -0.225738525390625
-0.0319309234619141 -0.0193748474121094 0.394378662109375 0.18719482421875
-0.00293731689453125 -0.0751571655273438 0.088104248046875 0.495819091796875
0.051116943359375 -0.055328369140625 -0.134735107421875 0.308074951171875
0.0727005004882813 -0.0367431640625 0.0486679077148438 -0.0089263916015625
0.0260429382324219 -0.0629615783691406 0.072296142578125 -0.380401611328125
-0.0149040222167969 -0.0551223754882812 -0.3028564453125 -0.402618408203125
-0.0304546356201172 -0.00583267211914062 -0.430084228515625 0.040252685546875
-0.0128192901611328 0.0201301574707031 -0.129791259765625 0.290374755859375
0.00189018249511719 0.0119256973266602 0.105224609375 0.214981079101563
0.0130014419555664 0.0133600234985352 0.1805419921875 0.0218048095703125
0.0204048156738281 0.0107192993164063 0.131690979003906 -0.117942810058594
0.0180473327636719 -0.00110626220703125 -0.139495849609375 0.0963134765625
0.0225162506103516 0.0140209197998047 -0.129158020019531 -0.0728073120117188
0.00253677368164062 0.02532958984375 0.00944519042968749 -0.260940551757813
-0.0305824279785156 0.0211296081542969 0.27618408203125 -0.244003295898438
-0.0439186096191406 -0.0265274047851562 0.402252197265625 0.146575927734375
-0.0149612426757812 -0.0977401733398437 0.127899169921875 0.481964111328125
0.05865478515625 -0.08465576171875 -0.123260498046875 0.33013916015625
0.0989990234375 -0.0609512329101563 0.0276679992675781 0.0138816833496094
0.0363998413085938 -0.0906982421875 0.08477783203125 -0.355804443359375
-0.023956298828125 -0.07757568359375 -0.27264404296875 -0.41961669921875
-0.0438613891601562 -0.016448974609375 -0.437103271484375 0.00503540039062508
-0.0185642242431641 0.0218791961669922 -0.160491943359375 0.283447265625
0.00432014465332031 0.0181388854980469 0.0861358642578125 0.22943115234375
0.0188007354736328 0.0232334136962891 0.17974853515625 0.0341339111328125
0.026123046875 0.0139064788818359 0.1400146484375 -0.1126708984375
-0.0127162933349609 -0.0199851989746094 -0.128494262695313 0.115692138671875
-0.000865936279296877 -0.0208892822265625 -0.155792236328125 -0.040740966796875
-0.00325965881347656 -0.0130558013916016 -0.0648956298828125 -0.232559204101563
0.00495147705078125 0.00832176208496094 0.189605712890625 -0.287353515625
0.0118227005004883 0.0157842636108398 0.421142578125 0.03045654296875
0.00821685791015625 0.0107059478759766 0.26483154296875 0.421966552734375
-0.00228118896484375 0.035400390625 -0.05419921875 0.37060546875
-0.0246162414550781 0.03802490234375 0.00709915161132812 0.0522308349609375
-0.0070648193359375 0.0354728698730469 0.16766357421875 -0.316619873046875
0.0189609527587891 0.0184440612792969 -0.133941650390625 -0.496978759765625
0.0167636871337891 0.0115814208984375 -0.431884765625 -0.12158203125
0.0058598518371582 0.000256061553955078 -0.246810913085938 0.249755859375
-0.00184440612792969 -0.0157327651977539 0.00415039062499999 0.249893188476563
-0.0108489990234375 -0.012364387512207 0.15399169921875 0.056884765625
-0.00935173034667969 -0.00485610961914063 0.144729614257813 -0.0995635986328125
-0.0107975006103516 -0.0187854766845703 -0.131141662597656 0.112503051757813
-0.000555038452148437 -0.0228614807128906 -0.14971923828125 -0.05078125
-0.00571537017822266 -0.0116539001464844 -0.0417938232421875 -0.243301391601563
0.00360679626464844 0.0116958618164063 0.219802856445313 -0.27557373046875
0.01141357421875 0.0194587707519531 0.420989990234375 0.0736083984375
0.0105066299438477 0.0138664245605469 0.2220458984375 0.446044921875
-0.00290298461914062 0.03875732421875 -0.07391357421875 0.35223388671875
-0.0258865356445313 0.0418434143066406 0.0235652923583984 0.03125
-0.00337982177734375 0.0374603271484375 0.148162841796875 -0.34075927734375
0.0226936340332031 0.0176544189453125 -0.182220458984375 -0.478424072265625
0.0169029235839844 0.0120382308959961 -0.4344482421875 -0.074737548828125
0.00340962409973145 0.00269842147827148 -0.213302612304688 0.264892578125
-0.00501155853271484 -0.0156316757202148 0.03076171875 0.239608764648438
-0.0110654830932617 -0.0142097473144531 0.1600341796875 0.0455169677734375
-0.0076608657836914 -0.00371074676513672 0.137481689453125 -0.105178833007813
-0.00650501251220703 -0.0170040130615234 -0.135810852050781 0.106712341308594
0.000921249389648438 -0.0220165252685547 -0.142105102539063 -0.0629119873046875
-0.00679683685302734 -0.00886726379394531 -0.016387939453125 -0.254745483398438
-0.000288009643554686 0.0151519775390625 0.252227783203125 -0.259567260742187
0.00694847106933594 0.0191268920898438 0.4151611328125 0.116943359375
0.00846004486083984 0.00917243957519531 0.1754150390625 0.467041015625
-0.00101470947265625 0.0335216522216797 -0.0948486328125 0.331024169921875
-0.01861572265625 0.0379066467285156 0.0409049987792969 0.00920867919921875
0.00250625610351562 0.0305194854736328 0.122528076171875 -0.36474609375
0.0241298675537109 0.0109748840332031 -0.232025146484375 -0.452972412109375
0.0127677917480469 0.0100564956665039 -0.433349609375 -0.025238037109375
-0.000458240509033202 0.00541114807128906 -0.17791748046875 0.2779541015625
-0.00757980346679687 -0.0136070251464844 0.0588226318359375 0.228775024414063
-0.00906944274902344 -0.0132999420166016 0.16558837890625 0.0346527099609375
-0.00352168083190918 -0.00240159034729004 0.133064270019531 -0.11041259765625
-0.00177955627441406 -0.0136489868164063 -0.138847351074219 0.101127624511719
0.00452423095703125 -0.0180416107177734 -0.1339111328125 -0.07305908203125
-0.00705862045288086 -0.00352859497070313 0.00874328613281252 -0.262451171875
-0.00542259216308594 0.017399787902832 0.28118896484375 -0.2420654296875
-0.000334739685058592 0.0146236419677734 0.405792236328125 0.1593017578125
0.00651311874389648 -0.00328731536865234 0.128448486328125 0.483856201171875
0.00655937194824219 0.0203132629394531 -0.11334228515625 0.313690185546875
-0.00324821472167969 0.026275634765625 0.0537681579589844 -0.00737762451171875
0.00895881652832031 0.0147609710693359 0.098724365234375 -0.38177490234375
0.0194263458251953 -0.00151824951171875 -0.271820068359375 -0.4273681640625
0.00535058975219727 0.00740861892700195 -0.427215576171875 0.013824462890625
-0.00378227233886719 0.00935745239257813 -0.14764404296875 0.285247802734375
-0.00739383697509766 -0.00973129272460938 0.0822906494140625 0.218170166015625
-0.00541877746582031 -0.00970268249511719 0.170944213867188 0.024932861328125
0.00163412094116211 0.000700831413269043 0.127838134765625 -0.114967346191406
0.00364589691162109 -0.00996780395507813 -0.14141845703125 0.0961761474609375
0.008026123046875 -0.0112533569335938 -0.127571105957031 -0.0809173583984375
-0.00657987594604492 0.0029902458190918 0.0262298583984375 -0.26776123046875
-0.0126914978027344 0.0185508728027344 0.298675537109375 -0.227020263671875
-0.00984001159667969 0.00459957122802734 0.395843505859375 0.187347412109375
0.00429534912109375 -0.0234642028808594 0.094268798828125 0.492828369140625
0.0194740295410156 -0.00090789794921875 -0.126068115234375 0.300750732421875
0.0189323425292969 0.00884819030761719 0.0606689453125 -0.0180587768554688
0.0149240493774414 -0.0077972412109375 0.07757568359375 -0.389068603515625
0.00999832153320313 -0.0175876617431641 -0.3009033203125 -0.40460205078125
-0.00509977340698242 0.00409746170043945 -0.42279052734375 0.0426635742187499
-0.00694751739501953 0.0130863189697266 -0.125701904296875 0.289337158203125
-0.00567388534545898 -0.0045466423034668 0.100357055664062 0.210861206054688
1.02519989013671E-05 -0.00358486175537109 0.174362182617187 0.017822265625
0.00793600082397461 0.00362491607666016 0.12640380859375 -0.118080139160156
0.0082402229309082 -0.00634860992431641 -0.1416015625 0.0939178466796875
0.0125217437744141 -0.00335407257080078 -0.123695373535156 -0.0837631225585938
-0.00530910491943359 0.0103111267089844 0.0336151123046875 -0.26788330078125
-0.0200901031494141 0.0183944702148437 0.304046630859375 -0.219818115234375
-0.0204639434814453 -0.00728988647460937 0.38885498046875 0.196990966796875
0.00208282470703125 -0.0486373901367188 0.077972412109375 0.49481201171875
0.0352821350097656 -0.0265693664550781 -0.13250732421875 0.297210693359375
0.0453376770019531 -0.0130157470703125 0.0594558715820313 -0.0189743041992188
0.0197639465332031 -0.0343551635742188 0.06707763671875 -0.388275146484375
-0.0028228759765625 -0.0350990295410156 -0.311431884765625 -0.393341064453125
-0.0172796249389648 0.000430107116699218 -0.4219970703125 0.05157470703125
-0.00974273681640625 0.0168800354003906 -0.117919921875 0.28973388671875
-0.00205326080322266 0.00234866142272949 0.108261108398437 0.208236694335938
0.00583839416503906 0.00327730178833008 0.177505493164063 0.017120361328125
0.0133676528930664 0.00679969787597656 0.126319885253906 -0.1192626953125
0.0129642486572266 -0.00302886962890625 -0.140823364257812 0.0937042236328125
0.0169410705566406 0.00560855865478516 -0.124809265136719 -0.0802688598632812
-0.00249290466308594 0.017608642578125 0.02734375 -0.266036987304688
-0.0264129638671875 0.0184879302978516 0.295440673828125 -0.2266845703125
-0.031707763671875 -0.019287109375 0.392059326171875 0.18170166015625
-0.00379180908203125 -0.0745086669921875 0.0911865234375 0.48974609375
0.0504837036132813 -0.0548324584960938 -0.13092041015625 0.30609130859375
0.072296142578125 -0.0363082885742188 0.0485076904296875 -0.0088348388671875
0.0252876281738281 -0.0621910095214844 0.068450927734375 -0.376495361328125
-0.0153007507324219 -0.0544624328613281 -0.30352783203125 -0.397705078125
-0.0302371978759766 -0.00578689575195312 -0.4259033203125 0.0429382324218751
-0.0126876831054688 0.0200557708740234 -0.126708984375 0.28875732421875
0.00164318084716797 0.0117712020874023 0.105865478515625 0.212509155273438
0.0132083892822266 0.0128765106201172 0.178878784179688 0.020355224609375
0.0207958221435547 0.0112190246582031 0.129890441894531 -0.117477416992188
0.0177402496337891 -0.0003662109375 -0.136566162109375 0.0968399047851562
0.0220813751220703 0.0134181976318359 -0.128837585449219 -0.0714187622070312
0.00258255004882813 0.0249423980712891 0.00645446777343751 -0.2586669921875
-0.0306911468505859 0.0207729339599609 0.270843505859375 -0.243789672851563
-0.0437278747558594 -0.0264854431152344 0.39984130859375 0.142303466796875
-0.01568603515625 -0.097076416015625 0.13128662109375 0.476531982421875
0.0579681396484375 -0.08465576171875 -0.11944580078125 0.328399658203125
0.097900390625 -0.0605239868164062 0.0277175903320313 0.0137119293212891
0.035400390625 -0.0899734497070312 0.080718994140625 -0.352813720703125
-0.0246353149414062 -0.076507568359375 -0.273956298828125 -0.4144287109375
-0.0434989929199219 -0.0159683227539063 -0.433929443359375 0.00796508789062499
-0.0178604125976562 0.0215950012207031 -0.156951904296875 0.282867431640625
0.00371170043945313 0.0175313949584961 0.087249755859375 0.226409912109375
0.0187797546386719 0.0228309631347656 0.17889404296875 0.03216552734375
0.0263462066650391 0.0142002105712891 0.138175964355469 -0.112457275390625
-0.0124874114990234 -0.0192584991455078 -0.125984191894531 0.115509033203125
-0.00131797790527344 -0.0200042724609375 -0.154312133789063 -0.0395965576171875
-0.0036773681640625 -0.0130882263183594 -0.0659637451171875 -0.230438232421875
0.00528812408447266 0.00813865661621094 0.185150146484375 -0.28668212890625
0.0118799209594727 0.015528678894043 0.418182373046875 0.0274658203125
0.00800037384033203 0.0105524063110352 0.264862060546875 0.41656494140625
-0.00219535827636719 0.035064697265625 -0.051422119140625 0.366790771484375
-0.0241279602050781 0.0385398864746094 0.00705718994140624 0.0517501831054688
-0.00663375854492188 0.0353775024414063 0.164093017578125 -0.3138427734375
0.0186424255371094 0.0181503295898438 -0.135162353515625 -0.49224853515625
0.0165205001831055 0.0118074417114258 -0.429779052734375 -0.11773681640625
0.00586128234863281 0.000219345092773438 -0.24395751953125 0.248703002929687
-0.00164222717285156 -0.0156831741333008 0.00521850585937502 0.24749755859375
-0.01116943359375 -0.0120267868041992 0.152755737304688 0.05523681640625
-0.00894832611083985 -0.00428009033203125 0.142333984375 -0.098785400390625
-0.0105972290039063 -0.0186004638671875 -0.128746032714844 0.112564086914063
-0.00142097473144531 -0.0223560333251953 -0.14825439453125 -0.0496063232421875
-0.00613689422607422 -0.011509895324707 -0.0428619384765625 -0.240676879882812
0.00380992889404297 0.0115556716918945 0.21624755859375 -0.274581909179688
0.0112590789794922 0.0189590454101563 0.416839599609375 0.069427490234375
0.00973796844482422 0.0132112503051758 0.223724365234375 0.440948486328125
-0.002899169921875 0.0386848449707031 -0.07098388671875 0.349639892578125
-0.0251083374023438 0.0415000915527344 0.0234336853027344 0.0309467315673828
-0.0031280517578125 0.036895751953125 0.14447021484375 -0.338775634765625
0.0226421356201172 0.0174446105957031 -0.18304443359375 -0.473052978515625
0.0165233612060547 0.0122919082641602 -0.431121826171875 -0.071929931640625
0.0034029483795166 0.00252175331115723 -0.211257934570313 0.263076782226563
-0.00555801391601562 -0.0155773162841797 0.0321044921875 0.237335205078125
-0.0111522674560547 -0.0139694213867187 0.158462524414063 0.044158935546875
-0.00735855102539062 -0.00325155258178711 0.135627746582031 -0.105117797851562
-0.0062093734741211 -0.0163946151733398 -0.133621215820313 0.106536865234375
0.000772476196289064 -0.0212364196777344 -0.14105224609375 -0.0616607666015625
-0.00696563720703125 -0.00864696502685547 -0.017730712890625 -0.252410888671875
0.000458717346191406 0.0151281356811523 0.247787475585937 -0.259078979492188
0.00711441040039063 0.0187530517578125 0.411407470703125 0.11309814453125
0.0083160400390625 0.00896549224853516 0.177825927734375 0.462158203125
-0.000770568847656252 0.0334968566894531 -0.092193603515625 0.329254150390625
-0.0181617736816406 0.0377464294433594 0.040740966796875 0.0092926025390625
0.00254440307617187 0.0302371978759766 0.119537353515625 -0.36236572265625
0.0232639312744141 0.0107078552246094 -0.232696533203125 -0.44805908203125
0.0132331848144531 0.0103464126586914 -0.42919921875 -0.0215454101562499
0.000404357910156249 0.00518798828125 -0.175338745117188 0.276718139648437
-0.00764751434326172 -0.0135831832885742 0.0596160888671875 0.226638793945313
-0.00915908813476563 -0.0124654769897461 0.1646728515625 0.032928466796875
-0.00302743911743164 -0.00182676315307617 0.131538391113281 -0.110397338867188
-0.00209426879882813 -0.0134859085083008 -0.136085510253906 0.101402282714844
0.00374984741210938 -0.0180091857910156 -0.133384704589844 -0.0718841552734375
-0.00709962844848633 -0.00293588638305664 0.00715637207031253 -0.260696411132812
-0.00515937805175781 0.0175228118896484 0.27642822265625 -0.24029541015625
-0.000387191772460938 0.0142116546630859 0.401885986328125 0.157012939453125
0.00638818740844727 -0.00327873229980469 0.130279541015625 0.479339599609375
0.00635719299316406 0.0200443267822266 -0.1102294921875 0.310791015625
-0.0025482177734375 0.0261402130126953 0.0534629821777344 -0.00773239135742187
0.00923728942871094 0.015172004699707 0.09515380859375 -0.379150390625
0.019317626953125 -0.00150108337402344 -0.272430419921875 -0.423492431640625
0.00565147399902344 0.00719928741455078 -0.424285888671875 0.016876220703125
-0.00372695922851562 0.00883674621582031 -0.144500732421875 0.283905029296875
-0.00772762298583985 -0.00929641723632813 0.082916259765625 0.216140747070313
-0.00593852996826172 -0.00962638854980469 0.168502807617188 0.023712158203125
0.00187838077545166 0.00087273120880127 0.126075744628906 -0.115287780761719
0.00318431854248047 -0.00952625274658203 -0.13909912109375 0.0961761474609375
0.00786495208740234 -0.0109119415283203 -0.127090454101563 -0.0795516967773438
-0.00679254531860352 0.00322866439819336 0.0240631103515625 -0.265274047851563
-0.0123081207275391 0.0186023712158203 0.293365478515625 -0.227325439453125
-0.0099325180053711 0.00474929809570313 0.393310546875 0.183074951171875
0.00408935546875 -0.0237808227539063 0.0955810546875 0.48858642578125
0.0187454223632813 -0.000850677490234375 -0.12298583984375 0.298736572265625
0.0189208984375 0.00868988037109375 0.060455322265625 -0.0178031921386719
0.0145950317382813 -0.00742816925048828 0.074920654296875 -0.385833740234375
0.00957584381103516 -0.0171909332275391 -0.300872802734375 -0.399688720703125
-0.0044865608215332 0.00428390502929688 -0.419464111328125 0.04473876953125
-0.00675773620605469 0.0127735137939453 -0.1229248046875 0.28717041015625
-0.00603532791137695 -0.0039820671081543 0.100448608398437 0.208023071289063
-1.09672546386717E-05 -0.00342392921447754 0.173080444335938 0.0167236328125
0.00866317749023438 0.00391244888305664 0.123825073242188 -0.118080139160156
0.00823307037353516 -0.00588655471801758 -0.139472961425781 0.0937423706054688
0.012115478515625 -0.00299739837646484 -0.123184204101563 -0.0819091796875
-0.00524997711181641 0.0103425979614258 0.030853271484375 -0.26593017578125
-0.0196342468261719 0.0182819366455078 0.29913330078125 -0.22021484375
-0.0204677581787109 -0.00759506225585938 0.38592529296875 0.19183349609375
0.00159835815429687 -0.0481605529785156 0.081390380859375 0.489471435546875
0.0349693298339844 -0.0259571075439453 -0.1298828125 0.29534912109375
0.0452423095703125 -0.0127220153808594 0.0588340759277344 -0.0187606811523438
0.0193881988525391 -0.0340671539306641 0.06402587890625 -0.385101318359375
-0.00309181213378907 -0.034576416015625 -0.3115234375 -0.38922119140625
-0.0170135498046875 8.48770141601555E-05 -0.417633056640625 0.0551147460937499
-0.00938796997070313 0.0169076919555664 -0.115386962890625 0.287628173828125
-0.00257992744445801 0.00250887870788574 0.107955932617187 0.205520629882813
0.00600910186767578 0.0030369758605957 0.175857543945312 0.015838623046875
0.0141067504882813 0.00740337371826172 0.124221801757813 -0.118927001953125
0.0131044387817383 -0.00281143188476563 -0.137947082519531 0.09375
0.0166349411010742 0.00549697875976563 -0.124092102050781 -0.07879638671875
-0.00250625610351563 0.0175857543945313 0.0247802734375 -0.263626098632813
-0.0257015228271484 0.0186367034912109 0.2908935546875 -0.226348876953125
-0.0316295623779297 -0.0191078186035156 0.388427734375 0.178314208984375
-0.0042266845703125 -0.073944091796875 0.09344482421875 0.485992431640625
0.0494232177734375 -0.0540924072265625 -0.127838134765625 0.303924560546875
0.0717010498046875 -0.0369186401367188 0.048095703125 -0.00899505615234375
0.0245742797851563 -0.0617408752441406 0.06597900390625 -0.37396240234375
-0.015716552734375 -0.0536537170410156 -0.3038330078125 -0.391510009765625
-0.0299663543701172 -0.00541496276855469 -0.4222412109375 0.0456237792968749
-0.012481689453125 0.0197010040283203 -0.12384033203125 0.286712646484375
0.00132179260253906 0.0119647979736328 0.106246948242188 0.2095947265625
0.0133399963378906 0.0129365921020508 0.176895141601563 0.0194549560546875
0.0208091735839844 0.0110645294189453 0.127937316894531 -0.117630004882813
0.0176429748535156 -0.00049591064453125 -0.134284973144531 0.0968399047851563
0.0217876434326172 0.0136089324951172 -0.127944946289063 -0.0701980590820313
0.00215911865234375 0.02484130859375 0.00482177734374998 -0.256057739257812
-0.0296878814697266 0.0211238861083984 0.266952514648438 -0.243759155273437
-0.0437431335449219 -0.0262336730957031 0.39654541015625 0.13720703125
-0.0162124633789063 -0.09588623046875 0.132354736328125 0.4716796875
0.0567626953125 -0.0837631225585938 -0.116455078125 0.326019287109375
0.0971145629882813 -0.0607681274414063 0.0273952484130859 0.0136890411376953
0.0346755981445312 -0.0889663696289063 0.07830810546875 -0.349578857421875
-0.0249404907226562 -0.0757827758789063 -0.273651123046875 -0.4085693359375
-0.043121337890625 -0.0157966613769531 -0.43109130859375 0.010406494140625
-0.0175933837890625 0.0217418670654297 -0.154327392578125 0.28155517578125
0.00403976440429687 0.0178565979003906 0.0873260498046875 0.223968505859375
0.0184993743896484 0.0228939056396484 0.176925659179688 0.030609130859375
0.0268325805664063 0.0140953063964844 0.135810852050781 -0.112510681152344
-0.0125102996826172 -0.0188331604003906 -0.123733520507813 0.115509033203125
-0.00189208984375 -0.0197391510009766 -0.153091430664063 -0.038299560546875
-0.00352191925048828 -0.0127372741699219 -0.06640625 -0.2279052734375
0.0055699348449707 0.00828456878662109 0.18212890625 -0.285614013671875
0.0112924575805664 0.0150537490844727 0.414459228515625 0.02508544921875
0.00757312774658203 0.00969409942626953 0.265655517578125 0.4112548828125
-0.00209236145019531 0.034881591796875 -0.048095703125 0.36419677734375
-0.02362060546875 0.03875732421875 0.00699615478515624 0.0515861511230469
-0.00647354125976562 0.0352249145507813 0.16143798828125 -0.3109130859375
0.0185832977294922 0.0179233551025391 -0.136016845703125 -0.48651123046875
0.0165843963623047 0.0110244750976563 -0.42645263671875 -0.115325927734375
0.00567531585693359 0.000223159790039062 -0.241683959960937 0.247543334960938
-0.00230216979980469 -0.0155448913574219 0.00651550292968748 0.245452880859375
-0.0112209320068359 -0.0116376876831055 0.150894165039063 0.054595947265625
-0.00862407684326172 -0.00345468521118164 0.140205383300781 -0.0993423461914063
-0.0104923248291016 -0.0179843902587891 -0.126625061035156 0.111557006835937
-0.00168991088867187 -0.022247314453125 -0.146697998046875 -0.0484466552734375
-0.00637054443359375 -0.0116252899169922 -0.043975830078125 -0.239044189453125
0.00402259826660156 0.0117940902709961 0.212310791015625 -0.273529052734375
0.0108547210693359 0.0183830261230469 0.41259765625 0.065826416015625
0.00930213928222656 0.0125961303710938 0.2230224609375 0.43621826171875
-0.00262069702148438 0.0387535095214844 -0.06878662109375 0.34649658203125
-0.02471923828125 0.0417213439941406 0.0233478546142578 0.0312213897705078
-0.00306320190429688 0.0369224548339844 0.141815185546875 -0.335113525390625
0.0226612091064453 0.0175495147705078 -0.18365478515625 -0.468780517578125
0.0168733596801758 0.0116510391235352 -0.42901611328125 -0.06964111328125
0.00362038612365723 0.00202107429504395 -0.208755493164063 0.261978149414063
-0.00564193725585938 -0.0151185989379883 0.0320892333984375 0.23492431640625
-0.0115194320678711 -0.0135955810546875 0.156784057617188 0.04254150390625
-0.00676774978637695 -0.00267934799194336 0.133956909179688 -0.105262756347656
-0.00673770904541015 -0.016082763671875 -0.130973815917969 0.106124877929687
0.000474929809570314 -0.0210647583007812 -0.139869689941406 -0.0602798461914062
-0.00704765319824219 -0.0083613395690918 -0.0182647705078125 -0.25006103515625
0.000329017639160155 0.0152883529663086 0.2437744140625 -0.257949829101563
0.00683403015136719 0.0183010101318359 0.408935546875 0.109588623046875
0.00802993774414063 0.00885677337646484 0.178619384765625 0.457305908203125
-0.000770568847656251 0.0333919525146484 -0.08966064453125 0.326141357421875
-0.0172691345214844 0.0378189086914063 0.0404891967773438 0.00934600830078125
0.00290489196777344 0.0298881530761719 0.116119384765625 -0.35980224609375
0.0232276916503906 0.01055908203125 -0.232757568359375 -0.44317626953125
0.0131826400756836 0.0103120803833008 -0.426239013671875 -0.020782470703125
9.39369201660156E-05 0.00511789321899414 -0.173309326171875 0.274826049804687
-0.00779914855957031 -0.013397216796875 0.06036376953125 0.224349975585938
-0.00992202758789062 -0.0125579833984375 0.162521362304688 0.0320587158203125
-0.00213921070098877 -0.00131165981292725 0.129661560058594 -0.110626220703125
-0.00229835510253906 -0.0130929946899414 -0.133674621582031 0.100845336914062
0.00302600860595703 -0.0171327590942383 -0.132247924804687 -0.0707626342773438
-0.00758838653564453 -0.00288057327270508 0.00553894042968747 -0.25860595703125
-0.00483989715576172 0.0174245834350586 0.272109985351563 -0.240753173828125
-0.000567436218261719 0.0141782760620117 0.3984375 0.15179443359375
0.00594902038574219 -0.00361299514770508 0.1319580078125 0.4749755859375
0.00631332397460938 0.0197086334228516 -0.108062744140625 0.308380126953125
-0.00232315063476563 0.0265331268310547 0.0527000427246094 -0.00768661499023437
0.00912666320800781 0.0148191452026367 0.09307861328125 -0.375640869140625
0.0186195373535156 -0.00138092041015625 -0.27294921875 -0.418975830078125
0.00557756423950195 0.00710630416870117 -0.42047119140625 0.01837158203125
-0.00351762771606445 0.00863075256347656 -0.142791748046875 0.28125
-0.00783634185791016 -0.00964641571044922 0.0826416015625 0.213027954101562
-0.00616645812988281 -0.00926685333251953 0.16693115234375 0.0226898193359375
0.00257754325866699 0.00147700309753418 0.124435424804688 -0.115028381347656
0.0031280517578125 -0.0092782974243164 -0.1365966796875 0.096282958984375
0.00702953338623047 -0.0105390548706055 -0.125984191894531 -0.0784454345703125
-0.00711870193481445 0.00332355499267578 0.02288818359375 -0.263229370117188
-0.0119781494140625 0.01812744140625 0.28985595703125 -0.22613525390625
-0.0094757080078125 0.00423145294189453 0.39007568359375 0.178955078125
0.00317955017089844 -0.0235557556152344 0.097686767578125 0.482452392578125
0.0187854766845703 -0.000665664672851563 -0.119781494140625 0.296356201171875
0.0196361541748047 0.00854110717773438 0.0595893859863281 -0.0177268981933594
0.0142040252685547 -0.00777435302734375 0.072723388671875 -0.382904052734375
0.00937175750732422 -0.0169649124145508 -0.300262451171875 -0.396331787109375
-0.00464010238647461 0.00429058074951172 -0.4156494140625 0.0457153320312501
-0.00655078887939453 0.0127801895141602 -0.12115478515625 0.285858154296875
-0.00624942779541016 -0.00407838821411133 0.100128173828125 0.20550537109375
-0.000452041625976562 -0.0032050609588623 0.170974731445313 0.0155029296875
0.00890827178955078 0.00465583801269531 0.122383117675781 -0.117477416992187
0.00798749923706055 -0.00562238693237305 -0.137016296386719 0.09368896484375
0.0114612579345703 -0.002716064453125 -0.122688293457031 -0.0809555053710938
-0.00543117523193359 0.0105257034301758 0.0290985107421875 -0.264312744140625
-0.0193424224853516 0.0185794830322266 0.29559326171875 -0.2198486328125
-0.0202445983886719 -0.00772476196289063 0.38397216796875 0.189056396484375
0.00105667114257813 -0.0475921630859375 0.0826416015625 0.485809326171875
0.0347080230712891 -0.025360107421875 -0.1265869140625 0.293212890625
0.0449447631835938 -0.0126800537109375 0.0581245422363281 -0.0188446044921875
0.0189361572265625 -0.0336570739746094 0.06170654296875 -0.382293701171875
-0.00331306457519531 -0.0339851379394531 -0.309600830078125 -0.3843994140625
-0.0170373916625977 0.000358581542968751 -0.414825439453125 0.0565490722656251
-0.00899124145507813 0.0167465209960938 -0.1138916015625 0.286407470703125
-0.00264668464660644 0.00261521339416504 0.1077880859375 0.203475952148438
0.00541019439697266 0.00316047668457031 0.173782348632812 0.0150146484375
0.0139312744140625 0.00788211822509766 0.123031616210938 -0.118560791015625
0.012660026550293 -0.00229167938232422 -0.135971069335938 0.0935516357421875
0.0163211822509766 0.00531101226806641 -0.123298645019531 -0.0775985717773438
-0.00231361389160156 0.0176486968994141 0.023223876953125 -0.261260986328125
-0.0251598358154297 0.0188808441162109 0.2884521484375 -0.224761962890625
-0.0311870574951172 -0.0191173553466797 0.385467529296875 0.17327880859375
-0.00487518310546876 -0.0731430053710937 0.093841552734375 0.48114013671875
0.0485725402832031 -0.0537910461425781 -0.12518310546875 0.3018798828125
0.0713119506835937 -0.0366897583007813 0.048095703125 -0.00886917114257813
0.024444580078125 -0.0609970092773437 0.06439208984375 -0.3701171875
-0.0160102844238281 -0.0531997680664063 -0.301361083984375 -0.387939453125
-0.0294399261474609 -0.00569343566894531 -0.417999267578125 0.0466308593749999
-0.0121574401855469 0.0195713043212891 -0.121978759765625 0.28448486328125
0.00127601623535156 0.0114860534667969 0.105819702148437 0.207138061523438
0.0128402709960938 0.0127782821655273 0.174880981445313 0.0182952880859375
0.0216312408447266 0.0111713409423828 0.12628173828125 -0.1171875
0.017308235168457 0.000120162963867188 -0.131973266601562 0.0968170166015625
0.0215225219726563 0.0136833190917969 -0.127853393554688 -0.0688323974609375
0.00257492065429687 0.024993896484375 0.003173828125 -0.254608154296875
-0.0292224884033203 0.0211677551269531 0.2623291015625 -0.242218017578125
-0.0436897277832031 -0.0263175964355469 0.393707275390625 0.13494873046875
-0.016876220703125 -0.0951080322265625 0.133636474609375 0.467864990234375
0.0559463500976563 -0.0828628540039062 -0.114044189453125 0.32275390625
0.09619140625 -0.0603561401367188 0.0274829864501953 0.0133686065673828
0.0338973999023438 -0.0880050659179688 0.076629638671875 -0.346435546875
-0.0249557495117188 -0.0748977661132813 -0.27337646484375 -0.404754638671875
-0.043243408203125 -0.0157127380371094 -0.42840576171875 0.0120849609374999
-0.0175323486328125 0.0209732055664063 -0.152313232421875 0.279922485351563
0.00394058227539063 0.0176029205322266 0.0877685546875 0.22149658203125
0.0184440612792969 0.0226268768310547 0.175445556640625 0.029571533203125
0.0270767211914063 0.0142993927001953 0.134109497070313 -0.112159729003906
-0.0126304626464844 -0.0182476043701172 -0.121589660644531 0.114486694335937
-0.0022430419921875 -0.0198440551757813 -0.151504516601563 -0.0372314453125
-0.00393390655517578 -0.0122795104980469 -0.067108154296875 -0.226333618164063
0.00585079193115234 0.00834894180297852 0.179473876953125 -0.2835693359375
0.0114431381225586 0.0148458480834961 0.412017822265625 0.02203369140625
0.00750732421875 0.00967502593994141 0.26422119140625 0.407318115234375
-0.00223731994628906 0.0346755981445313 -0.04681396484375 0.361907958984375
-0.0233573913574219 0.0383186340332031 0.00743103027343749 0.0513877868652344
-0.00660324096679687 0.0347099304199219 0.159759521484375 -0.308929443359375
0.0180988311767578 0.0179004669189453 -0.136474609375 -0.483245849609375
0.0168523788452148 0.0112743377685547 -0.4246826171875 -0.113128662109375
0.00605964660644531 -0.000328540802001953 -0.239501953125 0.245376586914062
-0.00246906280517578 -0.0152864456176758 0.0066375732421875 0.243759155273438
-0.0114727020263672 -0.0113649368286133 0.150100708007813 0.0536346435546875
-0.00823736190795899 -0.00297117233276367 0.138824462890625 -0.0985794067382813
-0.0109844207763672 -0.0172452926635742 -0.124374389648438 0.111129760742187
-0.00201034545898438 -0.0216751098632813 -0.145950317382812 -0.047760009765625
-0.00626850128173828 -0.0113134384155273 -0.04388427734375 -0.23748779296875
0.00444316864013672 0.0114593505859375 0.208633422851563 -0.271835327148438
0.0110530853271484 0.0182075500488281 0.41082763671875 0.063507080078125
0.00908565521240234 0.0123214721679688 0.22320556640625 0.432159423828125
-0.00277328491210938 0.038330078125 -0.06719970703125 0.3431396484375
-0.0241317749023438 0.042022705078125 0.0232200622558594 0.0310840606689453
-0.00295257568359375 0.0371322631835937 0.139892578125 -0.333038330078125
0.0223884582519531 0.0172138214111328 -0.182830810546875 -0.46502685546875
0.0167684555053711 0.0116701126098633 -0.426544189453125 -0.0683898925781251
0.00358128547668457 0.00220465660095215 -0.206863403320312 0.260543823242188
-0.00590991973876953 -0.0151042938232422 0.031951904296875 0.233230590820313
-0.0116653442382813 -0.0129156112670898 0.155593872070313 0.042327880859375
-0.00622653961181641 -0.00204133987426758 0.132545471191406 -0.104751586914062
-0.00678062438964844 -0.0154552459716797 -0.129356384277344 0.105743408203125
-0.000503540039062501 -0.0206012725830078 -0.138839721679688 -0.0595550537109375
-0.00702333450317383 -0.00816249847412109 -0.0195465087890625 -0.248138427734375
0.00115108489990234 0.0148944854736328 0.240829467773438 -0.256317138671875
0.00684356689453125 0.0181102752685547 0.4056396484375 0.107330322265625
0.0079960823059082 0.00827932357788086 0.177978515625 0.453399658203125
-0.000905990600585938 0.0329875946044922 -0.08795166015625 0.323089599609375
-0.0170974731445313 0.0379066467285156 0.0403823852539063 0.00918197631835938
0.00261116027832032 0.0302028656005859 0.115203857421875 -0.356536865234375
0.0231590270996094 0.0104198455810547 -0.232391357421875 -0.4403076171875
0.0134477615356445 0.00986289978027344 -0.424530029296875 -0.0196228027343749
-0.000298976898193359 0.00487136840820313 -0.172088623046875 0.27276611328125
-0.00777721405029297 -0.0132522583007813 0.059783935546875 0.22222900390625
-0.0098562240600586 -0.0118007659912109 0.161590576171875 0.0312957763671875
-0.00205576419830322 -0.000594019889831543 0.128273010253906 -0.109809875488281
-0.00213050842285156 -0.0123586654663086 -0.132125854492188 0.100364685058594
0.00272846221923828 -0.0168094635009766 -0.131134033203125 -0.0697555541992187
-0.00718259811401367 -0.00252056121826172 0.00448608398437501 -0.256881713867188
-0.00465869903564453 0.0170392990112305 0.269180297851563 -0.239700317382813
-0.000502586364746095 0.0134716033935547 0.3963623046875 0.15045166015625
0.0053553581237793 -0.00394630432128906 0.131256103515625 0.470916748046875
0.00617027282714844 0.0198135375976563 -0.105865478515625 0.30596923828125
-0.00212287902832031 0.0267086029052734 0.0530624389648438 -0.0077362060546875
0.00928974151611328 0.0147581100463867 0.091156005859375 -0.372314453125
0.018829345703125 -0.00152969360351563 -0.271270751953125 -0.4139404296875
0.00569629669189453 0.0072321891784668 -0.417938232421875 0.019378662109375
-0.00321340560913086 0.00866556167602539 -0.141433715820312 0.279434204101563
-0.00828456878662109 -0.00934123992919922 0.082275390625 0.211456298828125
-0.00629806518554688 -0.00900077819824219 0.165298461914063 0.0218963623046875
0.00290107727050781 0.00177216529846191 0.123008728027344 -0.114120483398438
0.00294971466064453 -0.00910854339599609 -0.134300231933594 0.095458984375
0.00684833526611328 -0.0103979110717773 -0.125106811523438 -0.077301025390625
-0.00659799575805664 0.00338888168334961 0.021636962890625 -0.261367797851562
-0.0118293762207031 0.0183429718017578 0.2860107421875 -0.225494384765625
-0.00996780395507813 0.00428676605224609 0.387603759765625 0.176605224609375
0.00327301025390625 -0.0233745574951172 0.098175048828125 0.479888916015625
0.0184078216552734 -0.00107383728027344 -0.118194580078125 0.29388427734375
0.0190830230712891 0.00849723815917969 0.0593719482421875 -0.017578125
0.0139951705932617 -0.00698184967041016 0.07098388671875 -0.37982177734375
0.00925731658935547 -0.0168952941894531 -0.2987060546875 -0.39208984375
-0.00459671020507813 0.00409936904907226 -0.412872314453125 0.04718017578125
-0.00632286071777344 0.0124826431274414 -0.12042236328125 0.283233642578125
-0.00623893737792969 -0.00437211990356445 0.0993499755859375 0.20367431640625
-0.000732183456420898 -0.00293660163879395 0.169570922851563 0.015472412109375
0.00926017761230469 0.004547119140625 0.120895385742188 -0.116912841796875
0.00777292251586914 -0.0052952766418457 -0.135101318359375 0.0930709838867188
0.0111570358276367 -0.00253582000732422 -0.122314453125 -0.0795669555664063
-0.00537204742431641 0.0108308792114258 0.0283660888671875 -0.261795043945313
-0.0186252593994141 0.0180473327636719 0.29302978515625 -0.219329833984375
-0.0201740264892578 -0.00805282592773438 0.380859375 0.18603515625
0.000408172607421872 -0.0473251342773438 0.083038330078125 0.481842041015625
0.0341281890869141 -0.0255508422851563 -0.124267578125 0.290618896484375
0.0446319580078125 -0.0130348205566406 0.0577621459960938 -0.0189781188964844
0.0189285278320313 -0.033111572265625 0.0621337890625 -0.379150390625
-0.00341987609863281 -0.0339813232421875 -0.307708740234375 -0.38140869140625
-0.0162534713745117 0.000431060791015625 -0.41119384765625 0.05694580078125
-0.00903701782226563 0.0164499282836914 -0.112823486328125 0.284088134765625
-0.00329136848449707 0.00237250328063965 0.107437133789062 0.201202392578125
0.00552272796630859 0.00379323959350586 0.17218017578125 0.0143280029296875
0.0146942138671875 0.00735378265380859 0.121711730957031 -0.11798095703125
0.0127162933349609 -0.00188827514648438 -0.134025573730469 0.0931243896484375
0.0163183212280273 0.00595188140869141 -0.122734069824219 -0.076751708984375
-0.00252723693847656 0.0178279876708984 0.0223388671875 -0.259521484375
-0.0251083374023438 0.0186862945556641 0.283905029296875 -0.22393798828125
-0.0312995910644531 -0.0192012786865234 0.382720947265625 0.171844482421875
-0.00494384765625 -0.0728683471679688 0.095184326171875 0.476348876953125
0.0480270385742188 -0.0531768798828125 -0.12322998046875 0.299285888671875
0.0709686279296875 -0.036224365234375 0.0475196838378906 -0.00874710083007813
0.0241928100585937 -0.0603828430175781 0.06268310546875 -0.36724853515625
-0.0159034729003906 -0.0524024963378906 -0.300262451171875 -0.384002685546875
-0.0293140411376953 -0.00502204895019532 -0.41644287109375 0.047882080078125
-0.0121173858642578 0.019256591796875 -0.120849609375 0.283416748046875
0.00125503540039063 0.0113868713378906 0.105972290039063 0.204910278320312
0.0128402709960938 0.0129165649414063 0.173873901367188 0.01739501953125
0.0217857360839844 0.0110721588134766 0.124893188476563 -0.116554260253906
0.0168886184692383 0.000483512878417969 -0.130020141601562 0.0963287353515625
0.0213394165039063 0.0138473510742188 -0.126976013183594 -0.0677566528320313
0.00274085998535156 0.0247974395751953 0.00253295898437497 -0.2515869140625
-0.0287837982177734 0.0214195251464844 0.259735107421875 -0.241485595703125
-0.0434455871582031 -0.0260963439941406 0.3905029296875 0.1331787109375
-0.0173416137695312 -0.0939178466796875 0.132598876953125 0.463653564453125
0.05535888671875 -0.0817337036132813 -0.1123046875 0.320068359375
0.095947265625 -0.059417724609375 0.0272922515869141 0.0132675170898437
0.0342254638671875 -0.0870285034179687 0.075714111328125 -0.344390869140625
-0.0251541137695312 -0.0739898681640625 -0.271575927734375 -0.400726318359375
-0.0426788330078125 -0.015228271484375 -0.424285888671875 0.013671875
-0.0172996520996094 0.021240234375 -0.150711059570313 0.277877807617188
0.00373458862304688 0.0178356170654297 0.08697509765625 0.219619750976562
0.0184459686279297 0.0223484039306641 0.174041748046875 0.02850341796875
0.0272140502929687 0.0143394470214844 0.1326904296875 -0.112022399902344
-0.0130748748779297 -0.0176963806152344 -0.120018005371094 0.113945007324219
-0.00281524658203125 -0.0191860198974609 -0.150405883789063 -0.036865234375
-0.0042877197265625 -0.0124673843383789 -0.0666961669921875 -0.224838256835938
0.00608253479003906 0.00826692581176758 0.176971435546875 -0.282318115234375
0.0109939575195313 0.0144081115722656 0.408203125 0.022216796875
0.00690841674804688 0.00967693328857422 0.2633056640625 0.404144287109375
-0.00210380554199219 0.0346813201904297 -0.04534912109375 0.358551025390625
-0.0229873657226562 0.0381011962890625 0.00726318359375 0.0509490966796875
-0.00654220581054688 0.0349826812744141 0.15960693359375 -0.3062744140625
0.0182437896728516 0.0177421569824219 -0.13531494140625 -0.47943115234375
0.0166664123535156 0.0109663009643555 -0.420989990234375 -0.11187744140625
0.00597047805786133 -0.000399589538574219 -0.238433837890625 0.244110107421875
-0.00284099578857422 -0.0151395797729492 0.006561279296875 0.2420654296875
-0.0115728378295898 -0.0107851028442383 0.1488037109375 0.0530242919921875
-0.00767993927001953 -0.00253057479858398 0.137741088867188 -0.098236083984375
-0.0109663009643555 -0.0170621871948242 -0.122947692871094 0.110404968261719
-0.00232315063476563 -0.0211257934570312 -0.144729614257813 -0.0468292236328125
-0.00649070739746094 -0.0109415054321289 -0.044403076171875 -0.235519409179688
0.00487041473388672 0.0117301940917969 0.206283569335938 -0.270309448242188
0.010894775390625 0.0176277160644531 0.40673828125 0.062713623046875
0.00860118865966797 0.01214599609375 0.223388671875 0.42803955078125
-0.00306320190429688 0.0379791259765625 -0.065765380859375 0.341552734375
-0.023956298828125 0.0413131713867187 0.0231456756591797 0.031005859375
-0.0033111572265625 0.0364761352539063 0.139404296875 -0.33050537109375
0.0219326019287109 0.0169811248779297 -0.18231201171875 -0.46160888671875
0.0166778564453125 0.0115213394165039 -0.42327880859375 -0.0667419433593751
0.00360107421875 0.00185108184814453 -0.205780029296875 0.259353637695313
-0.00646877288818359 -0.0148677825927734 0.0314178466796875 0.231536865234375
-0.0114812850952148 -0.0128326416015625 0.154327392578125 0.041748046875
-0.0059967041015625 -0.00170469284057617 0.131340026855469 -0.104446411132813
-0.00708770751953125 -0.0150127410888672 -0.127357482910156 0.105072021484375
-0.000699996948242187 -0.0201854705810547 -0.137733459472656 -0.0590667724609375
-0.00715017318725586 -0.00788354873657227 -0.019744873046875 -0.246902465820312
0.00119972229003906 0.0147085189819336 0.23809814453125 -0.255477905273438
0.00654029846191406 0.0176525115966797 0.402557373046875 0.105377197265625
0.00786066055297852 0.00818109512329102 0.17779541015625 0.4500732421875
-0.000659942626953125 0.0324954986572266 -0.086883544921875 0.320465087890625
-0.01666259765625 0.03759765625 0.0400772094726563 0.00925445556640625
0.00287437438964844 0.0297393798828125 0.114990234375 -0.3524169921875
0.0228424072265625 0.0101909637451172 -0.23089599609375 -0.436737060546875
0.0132780075073242 0.0100412368774414 -0.421356201171875 -0.0199584960937501
-7.82012939453125E-05 0.00490140914916992 -0.171173095703125 0.271392822265625
-0.00851821899414062 -0.0132122039794922 0.0589141845703125 0.220794677734375
-0.0100622177124023 -0.0118722915649414 0.160079956054688 0.0305328369140625
-0.00157725811004639 -0.000262141227722168 0.126846313476563 -0.108894348144531
-0.0022897720336914 -0.0122346878051758 -0.13018798828125 0.0993118286132812
0.00237655639648437 -0.0165843963623047 -0.130317687988281 -0.0694808959960938
-0.00743436813354492 -0.00247478485107422 0.00407409667968748 -0.25518798828125
-0.0039520263671875 0.0174245834350586 0.26556396484375 -0.238906860351563
-0.000931739807128906 0.0130233764648437 0.3927001953125 0.148101806640625
0.00505590438842773 -0.00410842895507813 0.130462646484375 0.467254638671875
0.00615501403808594 0.0197257995605469 -0.1046142578125 0.30389404296875
-0.00206947326660156 0.0263652801513672 0.0524177551269531 -0.00750350952148437
0.00956344604492187 0.0148601531982422 0.0911865234375 -0.369903564453125
0.0186176300048828 -0.00175857543945312 -0.26922607421875 -0.4114990234375
0.00565385818481445 0.00715065002441406 -0.415252685546875 0.019805908203125
-0.00335931777954101 0.00828886032104492 -0.140243530273437 0.278076171875
-0.00869083404541015 -0.00900459289550781 0.08123779296875 0.20928955078125
-0.00644683837890625 -0.00840902328491211 0.164657592773438 0.0214385986328125
0.00355362892150879 0.00202274322509766 0.121788024902344 -0.113525390625
0.00308322906494141 -0.00864124298095703 -0.132759094238281 0.0950851440429687
0.00631999969482422 -0.0100784301757813 -0.124603271484375 -0.076690673828125
-0.00661993026733398 0.00364875793457031 0.0203857421875 -0.259658813476563
-0.0112590789794922 0.0179862976074219 0.284271240234375 -0.2244873046875
-0.0099782943725586 0.00388145446777344 0.383758544921875 0.174774169921875
0.00301933288574219 -0.0232753753662109 0.098480224609375 0.476226806640625
0.0184211730957031 -0.000406265258789062 -0.116668701171875 0.29156494140625
0.0195693969726563 0.00887489318847656 0.0590744018554688 -0.01739501953125
0.0143413543701172 -0.00698089599609375 0.0703125 -0.37738037109375
0.00922584533691406 -0.0167655944824219 -0.2965087890625 -0.38916015625
-0.00434112548828125 0.00432014465332031 -0.41094970703125 0.0464477539062499
-0.00614738464355469 0.0123329162597656 -0.119384765625 0.28143310546875
-0.00632572174072266 -0.00428676605224609 0.09820556640625 0.202301025390625
-0.000575065612792969 -0.00242996215820313 0.1678466796875 0.015045166015625
0.00955486297607422 0.00490093231201172 0.119964599609375 -0.116119384765625
0.00789928436279297 -0.00486993789672852 -0.133552551269531 0.0928421020507813
0.0110759735107422 -0.00235557556152344 -0.121353149414063 -0.0791244506835938
-0.00537776947021484 0.0108928680419922 0.0275726318359375 -0.26025390625
-0.0184764862060547 0.0183563232421875 0.289031982421875 -0.2166748046875
-0.0200595855712891 -0.00824928283691406 0.3775634765625 0.1844482421875
0.000259399414062499 -0.0473518371582031 0.082366943359375 0.478057861328125
0.0337314605712891 -0.0252437591552734 -0.12322998046875 0.28814697265625
0.0448074340820313 -0.0122299194335938 0.0577125549316406 -0.0188369750976563
0.0188560485839844 -0.0324478149414063 0.05926513671875 -0.37628173828125
-0.00326728820800781 -0.0335140228271484 -0.305999755859375 -0.377655029296875
-0.016362190246582 0.000325202941894534 -0.4090576171875 0.0565185546874999
-0.00899696350097656 0.0161418914794922 -0.111968994140625 0.28192138671875
-0.00329136848449707 0.00203657150268555 0.106781005859375 0.199813842773438
0.00543212890625 0.00327301025390625 0.170318603515625 0.0142822265625
0.0148429870605469 0.00751876831054688 0.120635986328125 -0.11749267578125
0.0124082565307617 -0.00144481658935547 -0.132331848144531 0.0926589965820312
0.0156545639038086 0.00600242614746094 -0.122016906738281 -0.0762786865234375
-0.002532958984375 0.0180416107177734 0.0215911865234375 -0.257644653320312
-0.0245132446289063 0.0189056396484375 0.280532836914063 -0.224105834960938
-0.0312271118164062 -0.0192089080810547 0.38018798828125 0.170074462890625
-0.00548553466796875 -0.0722503662109375 0.09381103515625 0.474517822265625
0.0474891662597656 -0.052734375 -0.121795654296875 0.296539306640625
0.0707855224609375 -0.0357131958007813 0.0478515625 -0.00883102416992188
0.0243072509765625 -0.0595054626464844 0.06146240234375 -0.36468505859375
-0.0154495239257812 -0.0518074035644531 -0.29852294921875 -0.3809814453125
-0.0290870666503906 -0.00537681579589844 -0.413665771484375 0.0474243164062501
-0.0117168426513672 0.0186710357666016 -0.120147705078125 0.281158447265625
0.00116252899169922 0.0115203857421875 0.104476928710938 0.203964233398437
0.0121936798095703 0.0127325057983398 0.17218017578125 0.0172576904296875
0.0222244262695313 0.0110759735107422 0.123306274414063 -0.115821838378906
0.0167179107666016 0.00126934051513672 -0.128997802734375 0.09552001953125
0.0210475921630859 0.01416015625 -0.125968933105469 -0.0671615600585938
0.00230789184570312 0.0247688293457031 0.00201416015624998 -0.250320434570312
-0.0282802581787109 0.0211296081542969 0.256881713867188 -0.241119384765625
-0.0429344177246094 -0.0261383056640625 0.38653564453125 0.131072998046875
-0.01800537109375 -0.093597412109375 0.131561279296875 0.4600830078125
0.0551376342773438 -0.0814743041992188 -0.110748291015625 0.31787109375
0.0955123901367188 -0.0594329833984375 0.0271339416503906 0.0130844116210937
0.0337066650390625 -0.0861892700195313 0.074981689453125 -0.34197998046875
-0.0247650146484375 -0.0735549926757813 -0.269439697265625 -0.397979736328125
-0.0425605773925781 -0.0154037475585938 -0.4227294921875 0.014404296875
-0.0172004699707031 0.0209312438964844 -0.150192260742188 0.27642822265625
0.00333309173583984 0.0173158645629883 0.08685302734375 0.218246459960938
0.0182781219482422 0.0222377777099609 0.1724853515625 0.0283355712890625
0.0272045135498047 0.0141429901123047 0.131729125976563 -0.111465454101563
-0.0130348205566406 -0.0175151824951172 -0.118927001953125 0.113319396972656
-0.0026702880859375 -0.0186443328857422 -0.14959716796875 -0.0369110107421875
-0.00403118133544922 -0.0121908187866211 -0.0665283203125 -0.2237548828125
0.00604057312011719 0.00856590270996094 0.17510986328125 -0.28057861328125
0.010533332824707 0.014063835144043 0.404510498046875 0.021026611328125
0.00634765625 0.00896263122558594 0.262359619140625 0.40167236328125
-0.00228691101074219 0.0346755981445313 -0.045501708984375 0.356414794921875
-0.0226364135742187 0.0380134582519531 0.00731277465820313 0.0506019592285156
-0.006500244140625 0.0348243713378906 0.15740966796875 -0.304046630859375
0.0180549621582031 0.0176105499267578 -0.1346435546875 -0.4765625
0.0167837142944336 0.0110654830932617 -0.419281005859375 -0.1121826171875
0.00575828552246094 -0.000255584716796875 -0.237991333007813 0.242446899414063
-0.00300693511962891 -0.0151205062866211 0.00584411621093751 0.240127563476562
-0.0115814208984375 -0.010655403137207 0.147918701171875 0.0525970458984375
-0.00716352462768555 -0.00220584869384766 0.137123107910156 -0.0974655151367187
-0.0109329223632812 -0.0165948867797852 -0.121696472167969 0.109855651855469
-0.00269889831542969 -0.02093505859375 -0.143707275390625 -0.046661376953125
-0.00623321533203125 -0.0104856491088867 -0.0439910888671875 -0.234100341796875
0.00494098663330078 0.0116539001464844 0.20477294921875 -0.26898193359375
0.0105056762695313 0.0171308517456055 0.40338134765625 0.06219482421875
0.00806522369384765 0.0119495391845703 0.22039794921875 0.426483154296875
-0.002838134765625 0.0379257202148437 -0.065460205078125 0.339141845703125
-0.0236091613769531 0.0409774780273437 0.0232944488525391 0.0308189392089844
-0.00284957885742187 0.03643798828125 0.138458251953125 -0.328460693359375
0.0221347808837891 0.0169811248779297 -0.18048095703125 -0.459381103515625
0.0171222686767578 0.0117864608764648 -0.420867919921875 -0.0666809082031251
0.00365018844604492 0.00149321556091309 -0.205184936523438 0.257354736328125
-0.00649070739746094 -0.0148181915283203 0.0313568115234375 0.230484008789062
-0.0117292404174805 -0.0122604370117188 0.152755737304688 0.0416259765625
-0.00507593154907227 -0.00144481658935547 0.130538940429688 -0.1033935546875
-0.00695610046386719 -0.0147829055786133 -0.126091003417969 0.104217529296875
-0.00122261047363281 -0.0195713043212891 -0.136947631835938 -0.0583419799804688
-0.00735902786254883 -0.0075836181640625 -0.0198822021484375 -0.24505615234375
0.00113964080810547 0.0147733688354492 0.23565673828125 -0.254470825195313
0.00654888153076172 0.017399787902832 0.399658203125 0.10400390625
0.00715017318725586 0.00780820846557617 0.1759033203125 0.44671630859375
-0.000726699829101566 0.0325107574462891 -0.08563232421875 0.318939208984375
-0.0165824890136719 0.0375099182128906 0.040069580078125 0.00962066650390625
0.00307273864746094 0.030029296875 0.113433837890625 -0.35064697265625
0.0226650238037109 0.0103893280029297 -0.22967529296875 -0.433837890625
0.0134649276733398 0.00965404510498047 -0.419219970703125 -0.018951416015625
-0.000313282012939453 0.00452613830566406 -0.170578002929688 0.269546508789063
-0.00851821899414063 -0.0127677917480469 0.0584716796875 0.219757080078125
-0.0099172592163086 -0.0112342834472656 0.158828735351563 0.0308990478515625
-0.001129150390625 -0.000112295150756836 0.126373291015625 -0.108589172363281
-0.00265121459960938 -0.0115623474121094 -0.129386901855469 0.0988082885742187
0.00208568572998047 -0.0159978866577148 -0.129547119140625 -0.0686798095703125
-0.00732803344726562 -0.00239658355712891 0.00360107421874998 -0.253738403320313
-0.00375556945800781 0.016932487487793 0.263885498046875 -0.23748779296875
-0.000679016113281251 0.0126581192016602 0.38983154296875 0.147186279296875
0.00519466400146484 -0.0038905143737793 0.129791259765625 0.464569091796875
0.00566864013671875 0.0200519561767578 -0.1036376953125 0.301544189453125
-0.00156021118164062 0.026611328125 0.0524635314941406 -0.00726318359375
0.00890541076660156 0.0147762298583984 0.090484619140625 -0.367431640625
0.0185794830322266 -0.00206375122070312 -0.268157958984375 -0.40997314453125
0.00590944290161133 0.00745582580566406 -0.41412353515625 0.0196228027343749
-0.00320625305175781 0.0081787109375 -0.140762329101563 0.276382446289063
-0.00925254821777344 -0.00893211364746094 0.0809326171875 0.2086181640625
-0.00644493103027344 -0.00807476043701172 0.162887573242188 0.0213165283203125
0.00391435623168945 0.00233149528503418 0.120590209960938 -0.112800598144531
0.00302839279174805 -0.00835609436035156 -0.131698608398438 0.094390869140625
0.00597858428955078 -0.00924396514892578 -0.123779296875 -0.0761260986328125
-0.00650691986083985 0.00408554077148437 0.0209503173828125 -0.25830078125
-0.0109939575195313 0.0177879333496094 0.281951904296875 -0.2222900390625
-0.0100011825561523 0.00377941131591797 0.381500244140625 0.173919677734375
0.0027923583984375 -0.0233840942382812 0.097503662109375 0.47357177734375
0.0182018280029297 -0.000349044799804687 -0.11578369140625 0.289581298828125
0.0195446014404297 0.008941650390625 0.0590286254882813 -0.0174980163574219
0.0139427185058594 -0.00628376007080078 0.070526123046875 -0.373992919921875
0.00919246673583984 -0.0163040161132813 -0.294281005859375 -0.386871337890625
-0.00400066375732422 0.00404047966003418 -0.408905029296875 0.047088623046875
-0.00594902038574219 0.0120096206665039 -0.1195068359375 0.27996826171875
-0.00661468505859375 -0.00410127639770508 0.09771728515625 0.201034545898438
-0.000655889511108398 -0.00243139266967773 0.167022705078125 0.0147857666015625
0.0103569030761719 0.00512981414794922 0.119270324707031 -0.115310668945313
0.00762271881103516 -0.00418615341186524 -0.132553100585938 0.0921859741210937
0.0107889175415039 -0.00197696685791016 -0.120697021484375 -0.0785675048828125
-0.00541496276855469 0.0112457275390625 0.0272369384765625 -0.25848388671875
-0.0181026458740234 0.0179538726806641 0.287445068359375 -0.216705322265625
-0.0203380584716797 -0.00839805603027343 0.37457275390625 0.183441162109375
0.000370025634765622 -0.047332763671875 0.0822448730468749 0.47509765625
0.0337104797363281 -0.0249824523925781 -0.122314453125 0.2861328125
0.0448417663574219 -0.012298583984375 0.0576629638671875 -0.01873779296875
0.0187473297119141 -0.0320110321044922 0.060272216796875 -0.372955322265625
-0.00346183776855469 -0.0335445404052734 -0.30474853515625 -0.375396728515625
-0.016021728515625 0.000506401062011719 -0.4066162109375 0.0563964843750001
-0.00876998901367188 0.0155868530273438 -0.112335205078125 0.280410766601563
-0.00331473350524902 0.00247955322265625 0.105621337890625 0.198623657226562
0.00496864318847656 0.00413990020751953 0.169448852539063 0.0141143798828125
0.0155124664306641 0.00824546813964844 0.119895935058594 -0.116653442382813
0.0127067565917969 -0.00101280212402344 -0.131019592285156 0.0923843383789063
0.0152959823608398 0.00632286071777344 -0.121391296386719 -0.075958251953125
-0.0026092529296875 0.0179405212402344 0.02093505859375 -0.256500244140625
-0.0243148803710938 0.0188159942626953 0.279403686523438 -0.2220458984375
-0.0314922332763672 -0.0194816589355469 0.377716064453125 0.169219970703125
-0.00578308105468749 -0.0712051391601563 0.093536376953125 0.470184326171875
0.0477561950683594 -0.0521774291992188 -0.12091064453125 0.29473876953125
0.0706558227539062 -0.0354080200195313 0.0475120544433594 -0.0089111328125
0.0242347717285156 -0.0587501525878906 0.061767578125 -0.3623046875
-0.0154304504394531 -0.0518722534179688 -0.298309326171875 -0.37939453125
-0.0284919738769531 -0.00545120239257813 -0.411529541015625 0.048126220703125
-0.0119838714599609 0.0188751220703125 -0.120407104492187 0.279525756835938
0.000397682189941407 0.0117673873901367 0.103591918945312 0.202621459960938
0.0124177932739258 0.0127992630004883 0.171035766601563 0.0173492431640625
0.0225429534912109 0.0109329223632813 0.122611999511719 -0.115257263183594
0.0168800354003906 0.000609397888183594 -0.127899169921875 0.0949325561523438
0.0204811096191406 0.0142250061035156 -0.12548828125 -0.0664215087890625
0.00238037109375 0.0252017974853516 0.00204467773437499 -0.24859619140625
-0.0280170440673828 0.0209083557128906 0.254669189453125 -0.23919677734375
-0.0433540344238281 -0.0262794494628906 0.383544921875 0.1297607421875
-0.0179519653320312 -0.0926589965820313 0.13116455078125 0.458770751953125
0.0545806884765625 -0.08026123046875 -0.110015869140625 0.315521240234375
0.0955657958984375 -0.0589599609375 0.0272045135498047 0.0130500793457031
0.0334701538085938 -0.0853958129882813 0.074310302734375 -0.338897705078125
-0.0248641967773438 -0.0726776123046875 -0.267578125 -0.395904541015625
-0.0420417785644531 -0.0152626037597656 -0.419769287109375 0.013946533203125
-0.0175285339355469 0.0205459594726563 -0.149932861328125 0.2750244140625
0.00325775146484375 0.0176334381103516 0.0858917236328125 0.216766357421875
0.0182037353515625 0.0226459503173828 0.171478271484375 0.028289794921875
0.0279998779296875 0.0140838623046875 0.130348205566406 -0.110916137695312
-0.012664794921875 -0.0169706344604492 -0.117965698242188 0.112258911132813
-0.003570556640625 -0.0183506011962891 -0.14874267578125 -0.03717041015625
-0.00453472137451172 -0.0121440887451172 -0.0660400390625 -0.22332763671875
0.00670385360717773 0.00827217102050781 0.17437744140625 -0.27947998046875
0.0101175308227539 0.0139503479003906 0.40142822265625 0.021087646484375
0.00613164901733398 0.0084233283996582 0.261016845703125 0.40032958984375
-0.00235176086425781 0.0345230102539063 -0.045257568359375 0.35455322265625
-0.0224227905273437 0.0376472473144531 0.00728988647460937 0.0509529113769531
-0.00638961791992188 0.0346431732177734 0.157562255859375 -0.302032470703125
0.0181865692138672 0.0178184509277344 -0.13311767578125 -0.476348876953125
0.0169534683227539 0.0108137130737305 -0.417572021484375 -0.112701416015625
0.00581693649291992 -0.000867843627929688 -0.237350463867187 0.241195678710938
-0.00329303741455078 -0.0146217346191406 0.00541687011718748 0.2393798828125
-0.0116901397705078 -0.009979248046875 0.146591186523437 0.0525970458984375
-0.00646114349365235 -0.00210952758789062 0.136405944824219 -0.096923828125
-0.010960578918457 -0.0164175033569336 -0.120574951171875 0.109199523925781
-0.00300788879394531 -0.0201797485351563 -0.1429443359375 -0.0469512939453125
-0.00640583038330078 -0.0107126235961914 -0.043701171875 -0.2337646484375
0.00496768951416016 0.0115633010864258 0.203598022460938 -0.267776489257812
0.0102157592773437 0.0170822143554688 0.4010009765625 0.061676025390625
0.00764083862304687 0.0113134384155273 0.2193603515625 0.424835205078125
-0.00301361083984375 0.0379371643066406 -0.065582275390625 0.337249755859375
-0.0232276916503906 0.04150390625 0.0230541229248047 0.0308761596679688
-0.00309371948242187 0.0362205505371094 0.1376953125 -0.326690673828125
0.0219478607177734 0.017181396484375 -0.179595947265625 -0.457794189453125
0.017237663269043 0.0112400054931641 -0.420684814453125 -0.0674743652343751
0.00366401672363281 0.00164532661437988 -0.206222534179688 0.255691528320313
-0.00701141357421875 -0.0146884918212891 0.0308685302734375 0.229644775390625
-0.0119266510009766 -0.0117435455322266 0.15240478515625 0.0416107177734375
-0.00463247299194336 -0.00144767761230469 0.130043029785156 -0.102615356445313
-0.00703239440917969 -0.0141048431396484 -0.124862670898438 0.103813171386719
-0.00160408020019531 -0.0189952850341797 -0.135566711425781 -0.0588836669921875
-0.00732851028442383 -0.00762939453125 -0.0197601318359375 -0.244476318359375
0.00154304504394531 0.0141706466674805 0.235122680664063 -0.252273559570313
0.00630569458007812 0.0171289443969727 0.396759033203125 0.1046142578125
0.00684213638305664 0.00751733779907227 0.17584228515625 0.445098876953125
-0.00113105773925781 0.0326671600341797 -0.085540771484375 0.316802978515625
-0.0162734985351562 0.0374565124511719 0.0399169921875 0.00992202758789063
0.00302505493164063 0.0299968719482422 0.113922119140625 -0.3492431640625
0.0227508544921875 0.0103874206542969 -0.2279052734375 -0.43218994140625
0.0138263702392578 0.0095663070678711 -0.417724609375 -0.01953125
0.000143766403198242 0.00426459312438965 -0.170623779296875 0.268356323242188
-0.00867748260498047 -0.0132761001586914 0.057281494140625 0.218856811523438
-0.0101947784423828 -0.0109176635742188 0.157867431640625 0.030487060546875
-0.000585973262786865 0.000327825546264648 0.125885009765625 -0.107490539550781
-0.00258445739746094 -0.011138916015625 -0.128005981445313 0.0986099243164063
0.00194263458251953 -0.0156402587890625 -0.12884521484375 -0.068695068359375
-0.00741672515869141 -0.00213909149169922 0.00421142578124998 -0.252410888671875
-0.00370883941650391 0.0174322128295898 0.263137817382813 -0.235061645507813
-0.000733375549316406 0.0126113891601563 0.387237548828125 0.14617919921875
0.00441980361938477 -0.00392580032348633 0.127655029296875 0.463409423828125
0.00604438781738281 0.0197792053222656 -0.10308837890625 0.299835205078125
-0.0013580322265625 0.0258960723876953 0.0524940490722656 -0.00679397583007812
0.00921535491943359 0.0150938034057617 0.091064453125 -0.3648681640625
0.0186386108398438 -0.00161361694335938 -0.265625 -0.409393310546875
0.00650691986083984 0.0070490837097168 -0.412353515625 0.019317626953125
-0.00342988967895508 0.00799322128295898 -0.141448974609375 0.27459716796875
-0.00903606414794922 -0.00901985168457031 0.079986572265625 0.20751953125
-0.00656986236572266 -0.00796937942504883 0.161834716796875 0.021484375
0.00448894500732422 0.00261402130126953 0.120872497558594 -0.111915588378906
0.00293159484863281 -0.0077052116394043 -0.130973815917969 0.0941390991210937
0.0057373046875 -0.00900554656982422 -0.123039245605469 -0.0762786865234375
-0.00702762603759766 0.00396156311035156 0.0206756591796875 -0.257095336914063
-0.0108604431152344 0.0179653167724609 0.279708862304688 -0.221450805664063
-0.00981998443603516 0.00357246398925782 0.37884521484375 0.172882080078125
0.00232505798339844 -0.0232906341552734 0.095184326171875 0.470672607421875
0.0181007385253906 -0.000202178955078125 -0.115875244140625 0.286773681640625
0.0201244354248047 0.00887489318847656 0.0587959289550781 -0.0170631408691406
0.0144186019897461 -0.00629234313964844 0.07196044921875 -0.372589111328125
0.00886917114257813 -0.0165338516235352 -0.292755126953125 -0.3865966796875
-0.00377106666564941 0.00387763977050781 -0.408416748046875 0.045867919921875
-0.00621700286865235 0.0118570327758789 -0.119842529296875 0.278457641601563
-0.0068960189819336 -0.0040440559387207 0.0971832275390625 0.200469970703125
-0.0011141300201416 -0.00195646286010742 0.165939331054688 0.0152587890625
0.0107250213623047 0.00561237335205078 0.118522644042969 -0.114898681640625
0.00753879547119141 -0.00394630432128906 -0.130867004394531 0.0913467407226563
0.0103750228881836 -0.00166702270507813 -0.120307922363281 -0.0785751342773438
-0.00549602508544922 0.0111684799194336 0.0270233154296875 -0.257400512695313
-0.01837158203125 0.0179100036621094 0.286529541015625 -0.214996337890625
-0.02032470703125 -0.00844955444335938 0.372894287109375 0.18212890625
-0.000152587890624995 -0.0468826293945313 0.079925537109375 0.473541259765625
0.0335292816162109 -0.024322509765625 -0.121978759765625 0.283935546875
0.0450363159179688 -0.0120697021484375 0.0577964782714844 -0.0185127258300781
0.0190391540527344 -0.0317764282226562 0.061187744140625 -0.37139892578125
-0.00314903259277344 -0.0328197479248047 -0.3017578125 -0.375091552734375
-0.0156526565551758 -2.95639038085966E-05 -0.40618896484375 0.055450439453125
-0.00872039794921875 0.0156412124633789 -0.11260986328125 0.279266357421875
-0.00368475914001465 0.00246524810791016 0.1044921875 0.197708129882813
0.00481700897216797 0.00384998321533203 0.168899536132813 0.0142822265625
0.0157604217529297 0.00784015655517578 0.119400024414063 -0.11590576171875
0.0123844146728516 -0.000660896301269531 -0.130195617675781 0.0917129516601563
0.0152769088745117 0.00686264038085938 -0.120941162109375 -0.075531005859375
-0.00241470336914062 0.0181636810302734 0.021514892578125 -0.2552490234375
-0.0237636566162109 0.0181236267089844 0.278030395507813 -0.22027587890625
-0.0311698913574219 -0.0193500518798828 0.37408447265625 0.169342041015625
-0.005401611328125 -0.0711746215820313 0.0921630859375 0.469329833984375
0.0476799011230469 -0.0516395568847656 -0.121246337890625 0.29248046875
0.0709686279296875 -0.0352859497070313 0.0475997924804688 -0.00885772705078125
0.0242958068847656 -0.0585899353027344 0.063507080078125 -0.36029052734375
-0.0155754089355469 -0.0513801574707031 -0.29437255859375 -0.37908935546875
-0.0285568237304688 -0.00579643249511718 -0.410186767578125 0.0452880859375
-0.0116825103759766 0.0184097290039063 -0.120620727539063 0.2786865234375
0.000323295593261718 0.0116119384765625 0.102859497070312 0.201797485351563
0.0125112533569336 0.013214111328125 0.1702880859375 0.017242431640625
0.0227851867675781 0.0113162994384766 0.122421264648438 -0.114814758300781
0.0167932510375977 0.00142097473144531 -0.126617431640625 0.093994140625
0.0202808380126953 0.0148429870605469 -0.125015258789062 -0.0668411254882813
0.0023345947265625 0.0253448486328125 0.00193786621093752 -0.2479248046875
-0.0278911590576172 0.0209007263183594 0.253860473632813 -0.23712158203125
-0.04327392578125 -0.0261154174804687 0.381072998046875 0.129791259765625
-0.0179672241210938 -0.0922470092773438 0.12982177734375 0.45556640625
0.0548934936523438 -0.0796279907226563 -0.10931396484375 0.3138427734375
0.0955734252929688 -0.0584793090820312 0.0272541046142578 0.0131702423095703
0.03387451171875 -0.0846099853515625 0.07550048828125 -0.336181640625
-0.0247344970703125 -0.0723419189453125 -0.266998291015625 -0.3953857421875
-0.0416412353515625 -0.0154685974121094 -0.41864013671875 0.0133361816406251
-0.01708984375 0.0202102661132813 -0.15020751953125 0.274215698242188
0.00311183929443359 0.0174140930175781 0.0844268798828125 0.215927124023438
0.0182476043701172 0.0225696563720703 0.170501708984375 0.0279693603515625
0.0282096862792969 0.0141048431396484 0.13018798828125 -0.1102294921875
-0.0128364562988281 -0.0164680480957031 -0.116920471191406 0.111747741699219
-0.00336265563964844 -0.0179119110107422 -0.148162841796875 -0.0371551513671875
-0.0046701431274414 -0.0121164321899414 -0.0652923583984375 -0.22247314453125
0.00664186477661133 0.00796318054199219 0.17413330078125 -0.278778076171875
0.00996875762939453 0.0136432647705078 0.400604248046875 0.019989013671875
0.00589895248413086 0.00850105285644531 0.258758544921875 0.399627685546875
-0.00249862670898438 0.0343532562255859 -0.045501708984375 0.352996826171875
-0.0224571228027344 0.0381927490234375 0.00714874267578124 0.0506553649902344
-0.00647354125976562 0.0347843170166016 0.157440185546875 -0.30035400390625
0.0176353454589844 0.0176334381103516 -0.131744384765625 -0.474151611328125
0.0172414779663086 0.010594367980957 -0.416839599609375 -0.112579345703125
0.005615234375 -0.000945091247558594 -0.238845825195313 0.239883422851563
-0.00329208374023437 -0.0144128799438477 0.00424194335937501 0.238800048828125
-0.0117387771606445 -0.00982475280761718 0.145858764648437 0.0529937744140625
-0.00586509704589844 -0.00138139724731445 0.136344909667969 -0.0963592529296875
-0.0106191635131836 -0.0158624649047852 -0.120040893554688 0.1085205078125
-0.00345420837402344 -0.0195999145507813 -0.142471313476563 -0.046905517578125
-0.00693893432617188 -0.0102872848510742 -0.04339599609375 -0.233413696289063
0.00498104095458984 0.0116653442382813 0.203109741210938 -0.266937255859375
0.0100259780883789 0.0170345306396484 0.399078369140625 0.06103515625
0.00750446319580078 0.0113534927368164 0.2181396484375 0.425140380859375
-0.0032196044921875 0.0374870300292969 -0.065338134765625 0.33544921875
-0.0230331420898438 0.041290283203125 0.0230522155761719 0.0310592651367188
-0.0033416748046875 0.036346435546875 0.13922119140625 -0.32470703125
0.0222339630126953 0.0168266296386719 -0.17779541015625 -0.456756591796875
0.0172147750854492 0.0115499496459961 -0.419189453125 -0.067779541015625
0.00354385375976563 0.00174379348754883 -0.20623779296875 0.254959106445313
-0.00679683685302734 -0.0146236419677734 0.02960205078125 0.22894287109375
-0.0118465423583984 -0.0114908218383789 0.151504516601563 0.042144775390625
-0.00406360626220703 -0.00119113922119141 0.129722595214844 -0.102348327636719
-0.006866455078125 -0.0137577056884766 -0.12420654296875 0.102928161621094
-0.00172615051269531 -0.0183773040771484 -0.1353759765625 -0.058441162109375
-0.00724172592163086 -0.0073099136352539 -0.01922607421875 -0.244155883789062
0.00125789642333984 0.0144805908203125 0.234786987304688 -0.251327514648438
0.00601291656494141 0.0168085098266602 0.39532470703125 0.105987548828125
0.0066685676574707 0.00759458541870117 0.17449951171875 0.444122314453125
-0.00101661682128906 0.0326328277587891 -0.085723876953125 0.314788818359375
-0.0161590576171875 0.0371170043945313 0.0400581359863281 0.00973129272460938
0.00294685363769532 0.0297279357910156 0.11505126953125 -0.3472900390625
0.0229053497314453 0.0103721618652344 -0.2264404296875 -0.43182373046875
0.013890266418457 0.00971412658691406 -0.417877197265625 -0.02099609375
0.000108718872070312 0.00440073013305664 -0.17169189453125 0.266815185546875
-0.00900554656982422 -0.0128583908081055 0.0561981201171875 0.217987060546875
-0.0103044509887695 -0.0105447769165039 0.156906127929687 0.0310821533203125
-0.000164687633514404 0.000724494457244873 0.125312805175781 -0.107154846191406
-0.00261592864990234 -0.0107564926147461 -0.127471923828125 0.0976104736328125
0.00190258026123047 -0.015131950378418 -0.128128051757813 -0.0690078735351562
-0.00748968124389648 -0.00201797485351562 0.00465393066406249 -0.252059936523438
-0.00374698638916015 0.0166969299316406 0.261703491210938 -0.2342529296875
-0.000981330871582032 0.0125293731689453 0.38616943359375 0.1466064453125
0.00446891784667969 -0.00433874130249023 0.12646484375 0.462310791015625
0.00561141967773437 0.0198249816894531 -0.1033935546875 0.297576904296875
-0.000787734985351565 0.0266208648681641 0.0521354675292969 -0.00682449340820312
0.00922966003417969 0.0151081085205078 0.092193603515625 -0.364288330078125
0.0182113647460938 -0.00134849548339844 -0.264129638671875 -0.407440185546875
0.00628757476806641 0.00673866271972656 -0.41168212890625 0.017974853515625
-0.00288963317871094 0.00774574279785156 -0.141677856445313 0.27386474609375
-0.00916671752929687 -0.00900077819824219 0.079681396484375 0.207275390625
-0.00632715225219726 -0.00749874114990234 0.161758422851563 0.0217132568359375
0.00523519515991211 0.00295448303222656 0.120445251464844 -0.111763000488281
0.00276470184326172 -0.00751352310180664 -0.130142211914063 0.0930709838867188
0.00529241561889648 -0.00862741470336914 -0.121910095214844 -0.0764007568359375
-0.00699090957641601 0.00419425964355469 0.0212860107421875 -0.257431030273438
-0.0107517242431641 0.0175991058349609 0.27899169921875 -0.220870971679688
-0.00987815856933594 0.00317001342773438 0.376434326171875 0.17376708984375
0.00214004516601563 -0.0228214263916016 0.094146728515625 0.469146728515625
0.0180301666259766 -4.9591064453125E-05 -0.115478515625 0.285614013671875
0.0201816558837891 0.00901603698730469 0.0593299865722656 -0.0167198181152344
0.0140676498413086 -0.0063934326171875 0.07196044921875 -0.37066650390625
0.00871467590332031 -0.0166187286376953 -0.29058837890625 -0.38641357421875
-0.00346851348876953 0.00413799285888672 -0.407135009765625 0.0443725585937499
-0.00630092620849609 0.0114974975585938 -0.120635986328125 0.277267456054687
-0.00718450546264649 -0.00398397445678711 0.0958709716796875 0.2000732421875
-0.000960826873779297 -0.00208914279937744 0.16534423828125 0.0153350830078125
0.0111780166625977 0.00539588928222656 0.118667602539063 -0.114303588867188
0.00801849365234375 -0.00332975387573242 -0.130516052246094 0.0912017822265625
0.0101757049560547 -0.00116729736328125 -0.119583129882813 -0.0787124633789063
-0.00529384613037109 0.0113754272460938 0.02777099609375 -0.256805419921875
-0.0175323486328125 0.0179080963134766 0.284912109375 -0.213470458984375
-0.0203399658203125 -0.00899505615234375 0.370391845703125 0.182647705078125
-9.91821289062487E-05 -0.0464668273925781 0.0793457031249999 0.47296142578125
0.0336360931396484 -0.02398681640625 -0.122314453125 0.28216552734375
0.0453681945800781 -0.0118827819824219 0.0580062866210938 -0.018463134765625
0.0190906524658203 -0.0318660736083984 0.061798095703125 -0.36962890625
-0.00325202941894531 -0.0329933166503906 -0.300140380859375 -0.375457763671875
-0.0158624649047852 -0.000230789184570314 -0.404754638671875 0.0541992187500001
-0.00872421264648437 0.0154476165771484 -0.113174438476563 0.277999877929688
-0.00369691848754883 0.00274324417114258 0.103363037109375 0.197799682617188
0.00460004806518555 0.00429868698120117 0.167938232421875 0.0146942138671875
0.0163602828979492 0.00802326202392578 0.119247436523438 -0.115798950195312
0.0126476287841797 -0.000188827514648438 -0.129402160644531 0.091217041015625
0.0152034759521484 0.00711345672607422 -0.120368957519531 -0.0754776000976562
-0.00239181518554687 0.0187530517578125 0.021148681640625 -0.253982543945313
-0.0237407684326172 0.0181541442871094 0.276229858398438 -0.2198486328125
-0.0313682556152344 -0.0203037261962891 0.372344970703125 0.168609619140625
-0.00579071044921875 -0.0710601806640625 0.091827392578125 0.469207763671875
0.0477676391601563 -0.0510063171386719 -0.1209716796875 0.290679931640625
0.0714111328125 -0.0346527099609375 0.047821044921875 -0.00858306884765625
0.0242958068847656 -0.0578804016113281 0.063720703125 -0.358062744140625
-0.0155181884765625 -0.05126953125 -0.29412841796875 -0.37939453125
-0.0286788940429687 -0.00608253479003907 -0.4090576171875 0.0458984375
-0.0121517181396484 0.0184268951416016 -0.121627807617188 0.277389526367188
0.000209808349609374 0.0116434097290039 0.1015625 0.201797485351562
0.0125837326049805 0.0132780075073242 0.169601440429688 0.017730712890625
0.023468017578125 0.0115242004394531 0.122589111328125 -0.114677429199219
0.0168075561523438 0.00217533111572266 -0.126174926757813 0.0936965942382812
0.0204944610595703 0.0150985717773437 -0.124221801757812 -0.0665664672851563
0.00203514099121094 0.0256385803222656 0.00273132324218748 -0.247406005859375
-0.0274982452392578 0.0204944610595703 0.252456665039063 -0.236114501953125
-0.0433197021484375 -0.0269546508789063 0.37908935546875 0.130828857421875
-0.0178146362304687 -0.0922698974609375 0.12860107421875 0.45538330078125
0.0550689697265625 -0.079071044921875 -0.109832763671875 0.311553955078125
0.09552001953125 -0.0576705932617188 0.0276279449462891 0.0133075714111328
0.033905029296875 -0.0844268798828125 0.07568359375 -0.335052490234375
-0.0242233276367187 -0.0725555419921875 -0.26361083984375 -0.395172119140625
-0.041595458984375 -0.01580810546875 -0.418182373046875 0.012420654296875
-0.0170078277587891 0.020111083984375 -0.15130615234375 0.272964477539063
0.00268173217773437 0.017399787902832 0.08416748046875 0.215591430664063
0.0184764862060547 0.0224037170410156 0.16949462890625 0.0285491943359375
0.0288829803466797 0.014373779296875 0.130210876464844 -0.1099853515625
-0.0128812789916992 -0.0161838531494141 -0.116920471191406 0.111618041992188
-0.00373458862304687 -0.0177326202392578 -0.147354125976563 -0.03741455078125
-0.00438690185546875 -0.0118579864501953 -0.065216064453125 -0.222763061523438
0.00656795501708984 0.00802898406982422 0.1732177734375 -0.27777099609375
0.0100870132446289 0.0136928558349609 0.399627685546875 0.021087646484375
0.00496339797973633 0.0085296630859375 0.258087158203125 0.39971923828125
-0.00242805480957032 0.0348300933837891 -0.046234130859375 0.35198974609375
-0.0219688415527344 0.0378494262695313 0.00699996948242187 0.0506553649902344
-0.00653457641601562 0.0347442626953125 0.158599853515625 -0.2996826171875
0.017669677734375 0.0179576873779297 -0.130523681640625 -0.4736328125
0.0173978805541992 0.0105161666870117 -0.4171142578125 -0.113433837890625
0.00571966171264648 -0.00133562088012695 -0.239944458007813 0.239120483398438
-0.00392818450927734 -0.0145645141601563 0.00331115722656251 0.2392578125
-0.0117788314819336 -0.0093994140625 0.145584106445313 0.0533294677734375
-0.00548982620239258 -0.00171518325805664 0.136367797851563 -0.0961151123046875
-0.0108833312988281 -0.0152959823608398 -0.119834899902344 0.108039855957031
-0.00333976745605469 -0.0192146301269531 -0.141372680664063 -0.0475921630859375
-0.00655841827392578 -0.0100393295288086 -0.0431976318359375 -0.233428955078125
0.00527858734130859 0.0112676620483398 0.203033447265625 -0.266098022460938
0.00995731353759766 0.0171184539794922 0.3990478515625 0.063690185546875
0.00697517395019531 0.0111942291259766 0.217498779296875 0.423828125
-0.00323104858398437 0.0378494262695313 -0.065673828125 0.334136962890625
-0.0231475830078125 0.0407218933105469 0.0230693817138672 0.0310516357421875
-0.00335311889648438 0.0361251831054688 0.14013671875 -0.322967529296875
0.0220050811767578 0.0173473358154297 -0.176605224609375 -0.45721435546875
0.0173702239990234 0.0116262435913086 -0.419158935546875 -0.068756103515625
0.00329732894897461 0.00124287605285645 -0.207794189453125 0.253433227539063
-0.00713729858398438 -0.0144214630126953 0.02874755859375 0.228729248046875
-0.0120525360107422 -0.0116090774536133 0.1512451171875 0.0423431396484375
-0.00364255905151367 -0.000779390335083008 0.129981994628906 -0.101364135742188
-0.007232666015625 -0.0136985778808594 -0.12420654296875 0.102767944335938
-0.00170707702636719 -0.0182590484619141 -0.135124206542969 -0.0587081909179688
-0.0073552131652832 -0.00722599029541016 -0.018951416015625 -0.2440185546875
0.00183677673339844 0.0144748687744141 0.234054565429688 -0.250411987304688
0.00597953796386719 0.0169677734375 0.393829345703125 0.105499267578125
0.00624608993530274 0.00726032257080078 0.1719970703125 0.444793701171875
-0.00135612487792969 0.0329647064208984 -0.086090087890625 0.314361572265625
-0.0159873962402344 0.0372047424316406 0.0401458740234375 0.00974655151367188
0.00262641906738281 0.0304718017578125 0.115264892578125 -0.346435546875
0.022796630859375 0.0106372833251953 -0.224639892578125 -0.43280029296875
0.0139780044555664 0.00985240936279297 -0.417022705078125 -0.02130126953125
-3.95774841308597E-05 0.00385379791259766 -0.173080444335937 0.266571044921875
-0.009490966796875 -0.0128850936889648 0.0557861328125 0.218170166015625
-0.0101585388183594 -0.0102748870849609 0.15673828125 0.0316009521484375
0.000576436519622803 0.0008736252784729 0.125450134277344 -0.106834411621094
-0.00262260437011719 -0.0105524063110352 -0.127006530761719 0.0975418090820313
0.00142669677734375 -0.014826774597168 -0.127922058105469 -0.0690689086914063
-0.00745582580566406 -0.00195121765136719 0.0047607421875 -0.251922607421875
-0.00339412689208984 0.0171146392822266 0.261215209960938 -0.233322143554687
-0.00107002258300781 0.012141227722168 0.383880615234375 0.148193359375
0.00458478927612305 -0.00447750091552734 0.12542724609375 0.4615478515625
0.00577163696289063 0.0201511383056641 -0.103851318359375 0.2967529296875
-0.00100517272949219 0.0264682769775391 0.0526885986328125 -0.00667953491210937
0.00912761688232422 0.0155315399169922 0.09283447265625 -0.3623046875
0.0184001922607422 -0.00136566162109375 -0.2623291015625 -0.408416748046875
0.00674152374267578 0.00687694549560547 -0.411651611328125 0.01715087890625
-0.00342178344726562 0.00766324996948242 -0.143142700195312 0.273330688476562
-0.00977516174316406 -0.00921630859375 0.0781402587890625 0.207077026367187
-0.0063481330871582 -0.00743675231933594 0.1611328125 0.02191162109375
0.0055241584777832 0.00295448303222656 0.120994567871094 -0.111122131347656
0.00292015075683594 -0.00694513320922851 -0.13006591796875 0.0927658081054688
0.00562381744384766 -0.00824499130249023 -0.1226806640625 -0.0765304565429688
-0.00685548782348633 0.00435733795166016 0.021270751953125 -0.256546020507813
-0.010498046875 0.0175991058349609 0.279525756835938 -0.218093872070312
-0.010014533996582 0.00314235687255859 0.37548828125 0.174652099609375
0.0019989013671875 -0.0231475830078125 0.0917968750000001 0.469207763671875
0.0176792144775391 0.000186920166015625 -0.115875244140625 0.284332275390625
0.0202960968017578 0.00907516479492188 0.0587806701660156 -0.0166778564453125
0.0140886306762695 -0.00596427917480469 0.0728759765625 -0.36981201171875
0.00939655303955078 -0.0162315368652344 -0.29010009765625 -0.38677978515625
-0.00351262092590332 0.00399327278137207 -0.4075927734375 0.04345703125
-0.00642108917236328 0.0114068984985352 -0.122283935546875 0.277420043945312
-0.00755596160888672 -0.00362586975097656 0.094635009765625 0.200042724609375
-0.000759720802307129 -0.00143218040466309 0.165390014648438 0.0156097412109375
0.0119733810424805 0.00568580627441406 0.118736267089844 -0.114227294921875
0.00786447525024414 -0.00322246551513672 -0.130165100097656 0.0906906127929688
0.0104036331176758 -0.000957489013671875 -0.11962890625 -0.078948974609375
-0.00583171844482422 0.0115156173706055 0.027557373046875 -0.256500244140625
-0.0177993774414062 0.0177116394042969 0.284576416015625 -0.212127685546875
-0.020263671875 -0.00933837890625 0.367523193359375 0.18426513671875
-0.000514984130859377 -0.0465164184570313 0.077423095703125 0.472320556640625
0.0337905883789063 -0.0236339569091797 -0.122512817382813 0.280685424804687
0.0454788208007813 -0.0118370056152344 0.0582199096679687 -0.0181007385253906
0.0188827514648438 -0.0315113067626953 0.063385009765625 -0.368438720703125
-0.00307655334472656 -0.0324344635009766 -0.29888916015625 -0.375030517578125
-0.0153160095214844 -0.000447273254394534 -0.40509033203125 0.053375244140625
-0.00908088684082031 0.0149374008178711 -0.115203857421875 0.278076171875
-0.0043177604675293 0.00295305252075195 0.102264404296875 0.197998046875
0.00478553771972656 0.00423240661621094 0.168212890625 0.0148162841796875
0.0170879364013672 0.00829887390136719 0.119216918945312 -0.115333557128906
0.0124406814575195 7.91549682617187E-05 -0.129135131835938 0.0906219482421875
0.0154743194580078 0.00717926025390625 -0.120231628417969 -0.0759963989257812
-0.00218772888183594 0.0187110900878906 0.022125244140625 -0.254013061523438
-0.0240669250488281 0.0179939270019531 0.277557373046875 -0.218536376953125
-0.0315189361572266 -0.0204200744628906 0.3717041015625 0.170989990234375
-0.00593566894531249 -0.0708084106445313 0.090057373046875 0.4681396484375
0.0476188659667969 -0.05059814453125 -0.121826171875 0.2900390625
0.0714035034179688 -0.034515380859375 0.0480728149414063 -0.00873947143554688
0.0246925354003906 -0.0580101013183594 0.064208984375 -0.358123779296875
-0.0150527954101563 -0.0513496398925781 -0.2913818359375 -0.379486083984375
-0.0282974243164063 -0.00594329833984375 -0.4091796875 0.0446472167968751
-0.0122547149658203 0.0180416107177734 -0.122833251953125 0.277328491210938
7.15255737304693E-05 0.0114927291870117 0.10113525390625 0.201629638671875
0.0122404098510742 0.0134906768798828 0.168899536132813 0.017852783203125
0.0237617492675781 0.0113048553466797 0.122268676757813 -0.114501953125
0.017242431640625 0.00231361389160156 -0.12579345703125 0.0933074951171875
0.0206871032714844 0.0156192779541016 -0.124153137207031 -0.0671310424804688
0.00236320495605469 0.0258636474609375 0.00274658203124999 -0.24725341796875
-0.0274906158447266 0.0205726623535156 0.252609252929688 -0.23443603515625
-0.0433807373046875 -0.027069091796875 0.37841796875 0.1309814453125
-0.0178375244140625 -0.0918121337890625 0.127410888671875 0.4549560546875
0.0547332763671875 -0.0785903930664063 -0.11004638671875 0.310791015625
0.0961227416992187 -0.0576095581054688 0.0273799896240234 0.0134658813476562
0.0341262817382812 -0.0838546752929687 0.07684326171875 -0.3341064453125
-0.0236358642578125 -0.0721435546875 -0.262908935546875 -0.395111083984375
-0.0416412353515625 -0.0162544250488281 -0.41796875 0.01171875
-0.0173358917236328 0.0196495056152344 -0.151962280273437 0.272430419921875
0.00235939025878906 0.0176563262939453 0.0833282470703125 0.216171264648438
0.0180912017822266 0.0226688385009766 0.169479370117188 0.0290985107421875
0.0289440155029297 0.0144157409667969 0.129913330078125 -0.109405517578125
-0.0125885009765625 -0.0159454345703125 -0.11663818359375 0.111053466796875
-0.00387859344482422 -0.0170021057128906 -0.147567749023438 -0.0377197265625
-0.00423717498779297 -0.0117969512939453 -0.064666748046875 -0.223770141601562
0.0069127082824707 0.00816535949707031 0.17376708984375 -0.2774658203125
0.00966835021972656 0.0137014389038086 0.39971923828125 0.022796630859375
0.00495719909667969 0.00837421417236328 0.258270263671875 0.398895263671875
-0.00276565551757813 0.0345897674560547 -0.046875 0.35162353515625
-0.0222702026367188 0.0382041931152344 0.00719833374023438 0.0509719848632813
-0.00670242309570313 0.034942626953125 0.159332275390625 -0.298736572265625
0.0180072784423828 0.0181045532226563 -0.12896728515625 -0.47503662109375
0.0175390243530273 0.0104074478149414 -0.417083740234375 -0.114166259765625
0.0059056282043457 -0.00100994110107422 -0.240997314453125 0.23895263671875
-0.00367450714111328 -0.0145502090454102 0.00248718261718748 0.239730834960938
-0.0113496780395508 -0.00901985168457031 0.145584106445313 0.053436279296875
-0.00476598739624023 -0.00155735015869141 0.136474609375 -0.0955123901367188
-0.0109491348266602 -0.014826774597168 -0.119430541992187 0.107681274414063
-0.00353622436523438 -0.0189533233642578 -0.141372680664063 -0.0475006103515625
-0.00675678253173828 -0.0104255676269531 -0.042938232421875 -0.234344482421875
0.00511455535888672 0.0114107131958008 0.203170776367188 -0.265365600585938
0.00968647003173828 0.0166006088256836 0.39862060546875 0.0638427734375
0.00660991668701172 0.0113248825073242 0.216064453125 0.424835205078125
-0.00328445434570313 0.0377883911132812 -0.065887451171875 0.333740234375
-0.0227241516113281 0.0407829284667969 0.0231094360351563 0.0311183929443359
-0.0034332275390625 0.036529541015625 0.14105224609375 -0.32257080078125
0.0218925476074219 0.0171985626220703 -0.175689697265625 -0.45794677734375
0.0174665451049805 0.0115575790405273 -0.4195556640625 -0.070343017578125
0.00350689888000488 0.000949382781982422 -0.208648681640625 0.254074096679688
-0.0074462890625 -0.0146274566650391 0.0279693603515625 0.229095458984375
-0.0122613906860352 -0.0108966827392578 0.150909423828125 0.0426483154296875
-0.00303244590759277 -0.00097823143005371 0.130226135253906 -0.101417541503906
-0.00698947906494141 -0.0130386352539063 -0.123947143554688 0.102127075195313
-0.00196075439453125 -0.0178489685058594 -0.134429931640625 -0.0592727661132813
-0.0075230598449707 -0.00696992874145508 -0.0184173583984375 -0.244293212890625
0.00199031829833984 0.0143346786499023 0.23406982421875 -0.2501220703125
0.0056304931640625 0.0163440704345703 0.39276123046875 0.106903076171875
0.00614309310913086 0.00761699676513672 0.1719970703125 0.444183349609375
-0.00148773193359375 0.0325946807861328 -0.086181640625 0.313812255859375
-0.015960693359375 0.0370445251464844 0.0401649475097656 0.0103340148925781
0.00269126892089844 0.0300731658935547 0.11669921875 -0.345672607421875
0.0226173400878906 0.0103912353515625 -0.223724365234375 -0.433685302734375
0.0143594741821289 0.00969600677490234 -0.41778564453125 -0.022979736328125
2.00271606445316E-05 0.00344681739807129 -0.174972534179687 0.266799926757813
-0.00919914245605469 -0.0127201080322266 0.0547943115234375 0.218399047851563
-0.00954055786132813 -0.00993919372558594 0.156524658203125 0.0316162109375
0.000971198081970215 0.000713229179382324 0.125885009765625 -0.10626220703125
-0.00226497650146484 -0.0104379653930664 -0.126739501953125 0.0967864990234375
0.00136470794677734 -0.0141630172729492 -0.1278076171875 -0.0698928833007812
-0.00771141052246094 -0.00167274475097656 0.00485229492187499 -0.252487182617188
-0.00353622436523438 0.0166654586791992 0.262298583984375 -0.232498168945313
-0.00150966644287109 0.0116596221923828 0.383941650390625 0.1480712890625
0.00347375869750977 -0.0041801929473877 0.1240234375 0.4617919921875
0.00569915771484375 0.0200977325439453 -0.104400634765625 0.2962646484375
-0.00103187561035156 0.0262584686279297 0.0525436401367187 -0.00630950927734375
0.0092010498046875 0.0154266357421875 0.093841552734375 -0.361846923828125
0.0186023712158203 -0.00140571594238281 -0.26171875 -0.410064697265625
0.00684213638305664 0.00662088394165039 -0.412689208984375 0.015716552734375
-0.00349092483520508 0.0076904296875 -0.144485473632812 0.273208618164063
-0.00973224639892578 -0.00881481170654297 0.0774688720703125 0.207321166992188
-0.00670146942138672 -0.00699806213378906 0.160888671875 0.0221099853515625
0.00576162338256836 0.00291585922241211 0.120857238769531 -0.111106872558594
0.00301074981689453 -0.00642156600952149 -0.129646301269531 0.0923004150390625
0.00542402267456055 -0.00793933868408203 -0.122306823730469 -0.076416015625
-0.00645923614501953 0.00472497940063477 0.0214996337890625 -0.256820678710938
-0.0103616714477539 0.0173234939575195 0.278778076171875 -0.219482421875
-0.0103158950805664 0.00281620025634766 0.37451171875 0.17584228515625
0.00178337097167969 -0.0231285095214844 0.0914306640625 0.47064208984375
0.0182476043701172 8.392333984375E-05 -0.11676025390625 0.283782958984375
0.0202598571777344 0.00909996032714844 0.0594024658203125 -0.0166587829589844
0.0145969390869141 -0.00613689422607422 0.074493408203125 -0.3697509765625
0.0094757080078125 -0.016148567199707 -0.289215087890625 -0.387451171875
-0.00342774391174316 0.00359678268432617 -0.408538818359375 0.0428161621093749
-0.00664520263671875 0.0114536285400391 -0.123611450195313 0.277099609375
-0.00809955596923828 -0.00347089767456055 0.0945892333984375 0.200027465820312
-0.000827670097351074 -0.00130760669708252 0.165374755859375 0.0157470703125
0.012232780456543 0.00593185424804688 0.118537902832031 -0.113754272460938
0.00804615020751953 -0.0028080940246582 -0.130165100097656 0.0904159545898438
0.0102319717407227 -0.000277519226074219 -0.119369506835938 -0.0794143676757813
-0.00530338287353515 0.0117015838623047 0.028289794921875 -0.2569580078125
-0.0179100036621094 0.0174808502197266 0.2855224609375 -0.212646484375
-0.0203037261962891 -0.00933074951171875 0.368621826171875 0.18524169921875
-0.000308990478515628 -0.0461997985839844 0.076568603515625 0.4742431640625
0.0338821411132813 -0.0235939025878906 -0.12322998046875 0.279998779296875
0.0455780029296875 -0.011322021484375 0.0584716796875 -0.018218994140625
0.0192966461181641 -0.0308837890625 0.064605712890625 -0.369354248046875
-0.00283622741699219 -0.0333118438720703 -0.299407958984375 -0.377197265625
-0.0152654647827148 -0.000238418579101559 -0.406768798828125 0.052337646484375
-0.00866508483886719 0.0148735046386719 -0.116363525390625 0.27801513671875
-0.00440835952758789 0.00257635116577148 0.102279663085937 0.198257446289063
0.00497531890869141 0.00464391708374023 0.167510986328125 0.015380859375
0.0176830291748047 0.00803184509277344 0.119491577148438 -0.115242004394531
0.0126762390136719 0.000335693359375 -0.129196166992187 0.090484619140625
0.0152559280395508 0.00752162933349609 -0.120285034179688 -0.0761642456054688
-0.00235557556152344 0.0189685821533203 0.0221710205078125 -0.254440307617187
-0.0235996246337891 0.018096923828125 0.27783203125 -0.21875
-0.0316848754882813 -0.0204792022705078 0.370269775390625 0.171295166015625
-0.005828857421875 -0.0707015991210938 0.088653564453125 0.46954345703125
0.048126220703125 -0.0499954223632813 -0.1224365234375 0.288909912109375
0.0719070434570313 -0.0344085693359375 0.0479774475097656 -0.00870895385742188
0.0249862670898437 -0.0576095581054688 0.065185546875 -0.357940673828125
-0.0148506164550781 -0.0512657165527344 -0.29156494140625 -0.380157470703125
-0.0281352996826172 -0.00615119934082032 -0.410919189453125 0.044891357421875
-0.0120086669921875 0.0180206298828125 -0.12359619140625 0.27764892578125
-0.000372886657714843 0.0121555328369141 0.1005859375 0.20208740234375
0.0124483108520508 0.0138568878173828 0.169357299804688 0.01812744140625
0.0243148803710938 0.0115966796875 0.122825622558594 -0.114013671875
0.0173549652099609 0.00299930572509766 -0.125755310058594 0.0931320190429688
0.0205974578857422 0.0155677795410156 -0.124221801757813 -0.0672760009765625
0.00243568420410156 0.0258350372314453 0.00318908691406249 -0.247360229492188
-0.027313232421875 0.0202198028564453 0.252944946289063 -0.234420776367188
-0.0436935424804688 -0.0275459289550781 0.378173828125 0.132781982421875
-0.0177764892578125 -0.09210205078125 0.127105712890625 0.45672607421875
0.0554351806640625 -0.0779190063476562 -0.110595703125 0.31036376953125
0.096771240234375 -0.0572738647460937 0.0279560089111328 0.0129604339599609
0.0345382690429688 -0.083709716796875 0.0777587890625 -0.33380126953125
-0.0236968994140625 -0.0717926025390625 -0.261474609375 -0.3978271484375
-0.041046142578125 -0.016448974609375 -0.418304443359375 0.01007080078125
-0.0173912048339844 0.0198879241943359 -0.153213500976563 0.272705078125
0.00228309631347656 0.0181217193603516 0.0822906494140625 0.216033935546875
0.0181064605712891 0.0230503082275391 0.169204711914062 0.029022216796875
0.0293998718261719 0.0142002105712891 0.130477905273438 -0.109687805175781
-0.0128984451293945 -0.0154848098754883 -0.116477966308594 0.111122131347656
-0.00398540496826172 -0.0167388916015625 -0.147384643554688 -0.03826904296875
-0.00441455841064453 -0.0113344192504883 -0.06439208984375 -0.2247314453125
0.00719642639160156 0.00800848007202148 0.174453735351563 -0.277908325195313
0.00978279113769531 0.0134687423706055 0.400360107421875 0.023162841796875
0.00452470779418945 0.00833702087402344 0.256561279296875 0.4017333984375
-0.00244140625 0.0353126525878906 -0.047027587890625 0.351470947265625
-0.0220184326171875 0.0375099182128906 0.00709152221679687 0.0511398315429687
-0.00696754455566406 0.0347156524658203 0.160614013671875 -0.298858642578125
0.0179786682128906 0.0182952880859375 -0.1280517578125 -0.476043701171875
0.0177841186523437 0.0107383728027344 -0.419708251953125 -0.1158447265625
0.00553560256958008 -0.00144100189208984 -0.243438720703125 0.239883422851563
-0.00401115417480469 -0.014246940612793 0.00158691406250001 0.240737915039063
-0.0120449066162109 -0.00876331329345703 0.145660400390625 0.0537261962890625
-0.00446414947509766 -0.00167179107666016 0.137008666992188 -0.0958633422851563
-0.0108642578125 -0.0149211883544922 -0.119613647460938 0.107559204101562
-0.00418853759765625 -0.0184173583984375 -0.141494750976563 -0.048309326171875
-0.00707530975341797 -0.0100307464599609 -0.04266357421875 -0.2347412109375
0.00560283660888672 0.0114526748657227 0.203887939453125 -0.266067504882812
0.00929927825927735 0.016627311706543 0.39910888671875 0.064697265625
0.00650215148925781 0.0111198425292969 0.216400146484375 0.4268798828125
-0.003570556640625 0.0381660461425781 -0.066375732421875 0.333984375
-0.0226058959960937 0.0405502319335938 0.0230903625488281 0.0315799713134766
-0.00345230102539062 0.0364952087402344 0.14190673828125 -0.322784423828125
0.0219955444335938 0.0174179077148438 -0.17510986328125 -0.4600830078125
0.0178661346435547 0.0114383697509766 -0.420806884765625 -0.071533203125
0.0032353401184082 0.000629663467407227 -0.210281372070312 0.254196166992188
-0.00800895690917969 -0.0139951705932617 0.02740478515625 0.2301025390625
-0.0122919082641602 -0.0104713439941406 0.151138305664063 0.04296875
-0.00226354598999023 -0.000796318054199218 0.130691528320313 -0.101661682128906
-0.00680160522460938 -0.0126304626464844 -0.12396240234375 0.102432250976563
-0.00201606750488281 -0.0174999237060547 -0.1348876953125 -0.0596694946289062
-0.00752782821655273 -0.00687170028686524 -0.0183563232421875 -0.245468139648438
0.00184249877929688 0.014617919921875 0.23492431640625 -0.250411987304688
0.00553226470947266 0.0167131423950195 0.39434814453125 0.107818603515625
0.00550651550292969 0.00725698471069336 0.17230224609375 0.445465087890625
-0.00136375427246094 0.0330467224121094 -0.087188720703125 0.313873291015625
-0.0156211853027344 0.0369758605957031 0.0404739379882813 0.00999069213867188
0.00305366516113281 0.0299358367919922 0.118072509765625 -0.34619140625
0.0228042602539062 0.0103473663330078 -0.2232666015625 -0.435546875
0.0147371292114258 0.00942325592041015 -0.420135498046875 -0.023681640625
1.74045562744144E-05 0.00391507148742676 -0.176010131835937 0.267425537109375
-0.00960636138916015 -0.0124025344848633 0.0546112060546875 0.219284057617188
-0.010462760925293 -0.00972747802734375 0.157257080078125 0.0322265625
0.00169026851654053 0.000788569450378418 0.126396179199219 -0.106231689453125
-0.00225257873535156 -0.00965213775634766 -0.126876831054688 0.0971755981445313
0.00149345397949219 -0.0139331817626953 -0.127426147460938 -0.0699234008789062
-0.00771903991699219 -0.00128173828125 0.00559997558593747 -0.253875732421875
-0.00338172912597656 0.0165109634399414 0.263214111328125 -0.232681274414062
-0.00143527984619141 0.0118656158447266 0.384063720703125 0.149871826171875
0.00365614891052246 -0.00414872169494629 0.124603271484375 0.463104248046875
0.00554656982421875 0.0201511383056641 -0.10455322265625 0.29620361328125
-0.000637054443359375 0.0264739990234375 0.0528221130371094 -0.0063323974609375
0.00919532775878906 0.015446662902832 0.095672607421875 -0.362579345703125
0.0186443328857422 -0.00101852416992187 -0.26190185546875 -0.411407470703125
0.00702619552612305 0.00702762603759766 -0.414093017578125 0.0151672363281249
-0.00352096557617188 0.00712823867797852 -0.146209716796875 0.27423095703125
-0.0102710723876953 -0.008758544921875 0.07733154296875 0.208541870117188
-0.00646114349365234 -0.00711250305175781 0.161529541015625 0.0228118896484375
0.00643157958984375 0.00321388244628906 0.121269226074219 -0.111061096191406
0.00313758850097656 -0.00608682632446289 -0.129402160644531 0.0924835205078125
0.0053706169128418 -0.00761747360229492 -0.121864318847656 -0.0777435302734375
-0.00665187835693359 0.00480937957763672 0.0222625732421875 -0.258041381835938
-0.0107593536376953 0.0176181793212891 0.280349731445313 -0.2186279296875
-0.010401725769043 0.00255393981933594 0.374420166015625 0.1766357421875
0.00174522399902344 -0.0231990814208984 0.0910644531249999 0.471771240234375
0.0184288024902344 0.000280380249023438 -0.117523193359375 0.283416748046875
0.0208816528320313 0.00907516479492188 0.0597305297851562 -0.0168647766113281
0.0144052505493164 -0.00560379028320313 0.075469970703125 -0.3692626953125
0.00959396362304688 -0.0162782669067383 -0.2886962890625 -0.3896484375
-0.00285172462463379 0.00355434417724609 -0.410186767578125 0.041839599609375
-0.00635433197021485 0.0107660293579102 -0.1251220703125 0.278030395507813
-0.00806427001953125 -0.00366115570068359 0.094512939453125 0.201309204101562
-0.00115680694580078 -0.00131034851074219 0.1654052734375 0.0160980224609375
0.0126333236694336 0.00585079193115234 0.119400024414063 -0.113990783691406
0.00822925567626953 -0.00219297409057617 -0.130058288574219 0.0899429321289063
0.0101051330566406 0.00031280517578125 -0.119468688964844 -0.0799560546875
-0.00557422637939453 0.0120010375976562 0.02850341796875 -0.257766723632813
-0.0177059173583984 0.0173091888427734 0.286285400390625 -0.213134765625
-0.020721435546875 -0.0096435546875 0.3687744140625 0.186767578125
-9.53674316406298E-05 -0.0467071533203125 0.0762939453125 0.47479248046875
0.0342960357666016 -0.0230770111083984 -0.123641967773438 0.279739379882812
0.0463943481445313 -0.0116539001464844 0.0586090087890625 -0.0181312561035156
0.0195026397705078 -0.0311317443847656 0.064727783203125 -0.3695068359375
-0.00259780883789062 -0.0330791473388672 -0.29852294921875 -0.379119873046875
-0.0149879455566406 -0.000592231750488283 -0.407196044921875 0.0513916015624999
-0.00903892517089843 0.0146360397338867 -0.117355346679688 0.278823852539063
-0.00468635559082031 0.00319623947143555 0.101730346679688 0.198654174804688
0.00494146347045898 0.00506925582885742 0.168426513671875 0.0157318115234375
0.0179405212402344 0.00795364379882813 0.120101928710937 -0.115180969238281
0.0131025314331055 0.00105571746826172 -0.129173278808594 0.0905227661132812
0.0152568817138672 0.00819206237792969 -0.120445251464844 -0.0769195556640625
-0.00229454040527344 0.0188884735107422 0.0224456787109375 -0.255615234375
-0.0236682891845703 0.0179367065429687 0.278030395507813 -0.218643188476563
-0.0318202972412109 -0.0209674835205078 0.37054443359375 0.172454833984375
-0.0062103271484375 -0.0705490112304688 0.087738037109375 0.47052001953125
0.0481529235839844 -0.0502853393554687 -0.1231689453125 0.288238525390625
0.07232666015625 -0.0343017578125 0.0485801696777344 -0.0088958740234375
0.0253143310546875 -0.0576438903808594 0.06658935546875 -0.3580322265625
-0.0145187377929688 -0.0514564514160156 -0.290618896484375 -0.38214111328125
-0.0278778076171875 -0.00654411315917969 -0.41229248046875 0.0436706542968751
-0.0121650695800781 0.0178699493408203 -0.125106811523438 0.278213500976563
-0.000519752502441406 0.0124502182006836 0.0998992919921875 0.202896118164063
0.0124073028564453 0.0141181945800781 0.169403076171875 0.01861572265625
0.0249614715576172 0.0113544464111328 0.123245239257813 -0.114028930664063
0.0178489685058594 0.0038604736328125 -0.125625610351563 0.0930938720703125
0.0205593109130859 0.0162754058837891 -0.124862670898438 -0.0675735473632813
0.00264358520507812 0.0259017944335938 0.00350952148437498 -0.2479248046875
-0.0273017883300781 0.0203113555908203 0.253707885742188 -0.23468017578125
-0.0439529418945312 -0.0280342102050781 0.3780517578125 0.13397216796875
-0.0174407958984375 -0.0918807983398438 0.125030517578125 0.45770263671875
0.0559234619140625 -0.07806396484375 -0.112152099609375 0.3095703125
0.0970458984375 -0.0576629638671875 0.0279903411865234 0.0128860473632812
0.035186767578125 -0.0834579467773438 0.0792236328125 -0.33416748046875
-0.0234909057617187 -0.0726165771484375 -0.261932373046875 -0.39837646484375
-0.0410575866699219 -0.0167503356933594 -0.421173095703125 0.010009765625
-0.0177555084228516 0.0198497772216797 -0.154861450195313 0.27374267578125
0.00189018249511719 0.0183372497558594 0.0819244384765625 0.216888427734375
0.0183696746826172 0.0232715606689453 0.169235229492188 0.029876708984375
0.0299167633056641 0.0142917633056641 0.130661010742188 -0.109779357910156
-0.0127573013305664 -0.0152530670166016 -0.116798400878906 0.111534118652344
-0.0036468505859375 -0.0165195465087891 -0.147689819335938 -0.0390167236328125
-0.00487899780273438 -0.0113506317138672 -0.06524658203125 -0.22564697265625
0.00717496871948242 0.00815248489379883 0.174575805664063 -0.278900146484375
0.00928783416748047 0.0132970809936523 0.401947021484375 0.024658203125
0.00425148010253906 0.00835895538330078 0.257904052734375 0.403350830078125
-0.00257301330566407 0.0350761413574219 -0.04730224609375 0.35272216796875
-0.0221099853515625 0.0379104614257813 0.00663375854492187 0.0514755249023438
-0.00717926025390625 0.0354537963867188 0.16180419921875 -0.2991943359375
0.0180149078369141 0.0182628631591797 -0.128631591796875 -0.47845458984375
0.0181598663330078 0.0106220245361328 -0.419708251953125 -0.11614990234375
0.00576162338256836 -0.00176239013671875 -0.245407104492187 0.240371704101563
-0.00436687469482422 -0.0145635604858398 0.00144958496093752 0.241531372070313
-0.011631965637207 -0.00861263275146484 0.146240234375 0.054595947265625
-0.00396943092346191 -0.00168061256408691 0.137710571289063 -0.0961456298828125
-0.0108556747436523 -0.0143814086914062 -0.119598388671875 0.108009338378906
-0.00394630432128906 -0.0188064575195313 -0.141693115234375 -0.0491943359375
-0.00676918029785156 -0.00981330871582031 -0.0424652099609375 -0.236328125
0.00581073760986328 0.0114784240722656 0.20440673828125 -0.26666259765625
0.00914478302001953 0.016697883605957 0.40081787109375 0.0655517578125
0.00594615936279297 0.0110292434692383 0.216583251953125 0.42816162109375
-0.00343704223632813 0.038543701171875 -0.067169189453125 0.3345947265625
-0.02301025390625 0.0407066345214844 0.0234699249267578 0.0317230224609375
-0.00355911254882813 0.0365638732910156 0.142974853515625 -0.32373046875
0.0221805572509766 0.0177898406982422 -0.174285888671875 -0.461700439453125
0.0181884765625 0.0113239288330078 -0.42242431640625 -0.0719604492187499
0.00380802154541016 0.000792264938354492 -0.212921142578125 0.255767822265625
-0.00789546966552735 -0.0142841339111328 0.0266571044921875 0.2314453125
-0.0119905471801758 -0.0106306076049805 0.152053833007813 0.0432281494140625
-0.00177633762359619 -0.000898003578186035 0.131385803222656 -0.102012634277344
-0.00666332244873047 -0.0127677917480469 -0.123878479003906 0.102584838867187
-0.00199031829833984 -0.0171146392822266 -0.135528564453125 -0.060882568359375
-0.00764656066894531 -0.00643634796142578 -0.0183868408203125 -0.246994018554687
0.00222301483154297 0.0145740509033203 0.235977172851563 -0.2513427734375
0.00529861450195313 0.0164356231689453 0.395782470703125 0.109222412109375
0.00543785095214844 0.0073847770690918 0.171875 0.44879150390625
-0.00115776062011719 0.033294677734375 -0.087615966796875 0.313995361328125
-0.0157279968261719 0.0368537902832031 0.0406379699707031 0.0105171203613281
0.00240707397460937 0.0302238464355469 0.119293212890625 -0.347320556640625
0.0231037139892578 0.0107936859130859 -0.222991943359375 -0.4383544921875
0.0146961212158203 0.00963115692138672 -0.421173095703125 -0.024505615234375
3.09944152832034E-05 0.00334477424621582 -0.177886962890625 0.268096923828125
-0.0101127624511719 -0.0122756958007813 0.0540771484375 0.220550537109375
-0.0103244781494141 -0.00945091247558594 0.15753173828125 0.0323638916015625
0.00215649604797363 0.000367522239685059 0.126754760742188 -0.107040405273438
-0.00230503082275391 -0.00911998748779297 -0.126686096191406 0.097198486328125
0.00144577026367188 -0.0138397216796875 -0.127677917480469 -0.0706405639648438
-0.00764274597167969 -0.00168943405151367 0.00524902343750001 -0.254608154296875
-0.00322628021240234 0.0167560577392578 0.263015747070313 -0.2332763671875
-0.001617431640625 0.0115232467651367 0.3853759765625 0.150970458984375
0.00345516204833984 -0.00402283668518066 0.12371826171875 0.46514892578125
0.00563812255859375 0.0201587677001953 -0.105194091796875 0.2962646484375
-0.00028228759765625 0.0264682769775391 0.0536041259765625 -0.0063018798828125
0.00876331329345703 0.0157489776611328 0.0958251953125 -0.36297607421875
0.0186958312988281 -0.00159645080566406 -0.262420654296875 -0.413330078125
0.00744915008544922 0.0065760612487793 -0.41650390625 0.014678955078125
-0.00353670120239258 0.00745105743408203 -0.14825439453125 0.275131225585938
-0.0104751586914063 -0.00832653045654297 0.076934814453125 0.209136962890625
-0.00649881362915039 -0.00655841827392578 0.162139892578125 0.0230560302734375
0.00689315795898438 0.0028986930847168 0.121833801269531 -0.11138916015625
0.00311565399169922 -0.00578403472900391 -0.129447937011719 0.092559814453125
0.0055389404296875 -0.00692605972290039 -0.122367858886719 -0.078094482421875
-0.00688505172729492 0.00500679016113281 0.021942138671875 -0.258651733398438
-0.0102176666259766 0.0175647735595703 0.281524658203125 -0.2191162109375
-0.0104665756225586 0.0022125244140625 0.3753662109375 0.178466796875
0.00164031982421875 -0.0227699279785156 0.089813232421875 0.474273681640625
0.0183753967285156 0.000568389892578125 -0.11785888671875 0.28375244140625
0.0212860107421875 0.00900459289550781 0.0602188110351563 -0.0167884826660156
0.015080451965332 -0.00600051879882813 0.076751708984375 -0.371551513671875
0.00950908660888672 -0.0163965225219727 -0.28955078125 -0.391571044921875
-0.00302791595458984 0.00345253944396973 -0.411712646484375 0.0420532226562499
-0.00671100616455078 0.0111579895019531 -0.126663208007812 0.279693603515625
-0.0081939697265625 -0.00345039367675781 0.093719482421875 0.202255249023438
-0.00061267614364624 -0.000759303569793701 0.165817260742188 0.016326904296875
0.0131034851074219 0.00569725036621094 0.119979858398438 -0.114616394042969
0.00810813903808594 -0.00183534622192383 -0.130096435546875 0.0904464721679688
0.0103969573974609 0.000124931335449219 -0.119392395019531 -0.08074951171875
-0.00526142120361328 0.0124006271362305 0.02886962890625 -0.258880615234375
-0.017852783203125 0.0174102783203125 0.287109375 -0.21319580078125
-0.0211048126220703 -0.0101032257080078 0.36859130859375 0.18792724609375
-0.000915527343749997 -0.0466041564941406 0.076202392578125 0.47735595703125
0.0341758728027344 -0.0229988098144531 -0.124588012695313 0.280227661132812
0.0468597412109375 -0.0116500854492188 0.0589866638183594 -0.0185775756835938
0.0198726654052734 -0.0312767028808594 0.06549072265625 -0.371124267578125
-0.00228118896484375 -0.0332164764404297 -0.298980712890625 -0.381011962890625
-0.0148468017578125 -0.00095844268798828 -0.40948486328125 0.05169677734375
-0.00917339324951172 0.0146121978759766 -0.1190185546875 0.280227661132813
-0.00474452972412109 0.00326395034790039 0.101608276367188 0.199554443359375
0.00493192672729492 0.00528478622436523 0.168533325195313 0.0158538818359375
0.0183544158935547 0.00811576843261719 0.120582580566406 -0.1156005859375
0.0130615234375 0.00131416320800781 -0.129615783691406 0.0904617309570312
0.0158061981201172 0.00872707366943359 -0.120658874511719 -0.0774459838867187
-0.00191879272460938 0.019317626953125 0.02252197265625 -0.256439208984375
-0.0237274169921875 0.0176143646240234 0.279678344726563 -0.2181396484375
-0.0320968627929688 -0.0210609436035156 0.371368408203125 0.173980712890625
-0.00624084472656251 -0.0709304809570313 0.08636474609375 0.47332763671875
0.0485877990722656 -0.0496368408203125 -0.123992919921875 0.2889404296875
0.0726699829101563 -0.034393310546875 0.0488662719726563 -0.00897216796875
0.0254783630371094 -0.0575675964355469 0.068359375 -0.35931396484375
-0.0145339965820312 -0.0515594482421875 -0.292510986328125 -0.38482666015625
-0.0281925201416016 -0.00711441040039062 -0.414215087890625 0.042999267578125
-0.0122528076171875 0.0178756713867187 -0.127243041992188 0.279647827148438
-0.000652313232421875 0.0121526718139648 0.0998077392578125 0.2041015625
0.0125875473022461 0.0139455795288086 0.170181274414063 0.0188446044921875
0.025421142578125 0.0113162994384766 0.123733520507813 -0.115249633789063
0.0180301666259766 0.00367164611816406 -0.126335144042969 0.0934295654296875
0.0206336975097656 0.0162391662597656 -0.124862670898438 -0.0683364868164062
0.00255775451660157 0.0263481140136719 0.00347900390624999 -0.249557495117188
-0.0279560089111328 0.0207939147949219 0.255126953125 -0.23504638671875
-0.0443077087402344 -0.0281867980957031 0.37939453125 0.135498046875
-0.0181961059570312 -0.0923004150390625 0.12579345703125 0.46051025390625
0.0562820434570313 -0.077667236328125 -0.113006591796875 0.310333251953125
0.0979766845703125 -0.0574569702148437 0.0281314849853516 0.0127620697021484
0.0356063842773438 -0.0839920043945313 0.079803466796875 -0.335235595703125
-0.02337646484375 -0.0723495483398438 -0.2633056640625 -0.401031494140625
-0.0415458679199219 -0.0170021057128906 -0.4219970703125 0.00869750976562495
-0.0178279876708984 0.0195884704589844 -0.156448364257812 0.274566650390625
0.00178146362304688 0.0184345245361328 0.0823822021484375 0.218521118164063
0.0187168121337891 0.0234851837158203 0.16998291015625 0.02996826171875
0.0304470062255859 0.0143566131591797 0.131065368652344 -0.110176086425781
-0.0129623413085938 -0.0152359008789063 -0.116935729980469 0.112472534179688
-0.00413227081298828 -0.0161428451538086 -0.148452758789062 -0.0387725830078125
-0.00471687316894531 -0.0113000869750977 -0.0653533935546875 -0.227584838867188
0.0072484016418457 0.00851583480834961 0.175186157226563 -0.280624389648438
0.0091552734375 0.0134553909301758 0.40350341796875 0.02490234375
0.00353002548217773 0.00837469100952148 0.25958251953125 0.4052734375
-0.00276565551757813 0.0352706909179687 -0.047332763671875 0.35394287109375
-0.0217132568359375 0.0377960205078125 0.00767898559570312 0.0518951416015625
-0.0066375732421875 0.0351448059082031 0.1624755859375 -0.3004150390625
0.0186767578125 0.0182685852050781 -0.12982177734375 -0.48175048828125
0.0181140899658203 0.0102348327636719 -0.42364501953125 -0.11810302734375
0.00534439086914063 -0.0018162727355957 -0.246917724609375 0.242233276367188
-0.00446510314941406 -0.0142908096313477 0.001129150390625 0.243026733398438
-0.0118541717529297 -0.00780010223388672 0.146926879882813 0.054473876953125
-0.00356841087341309 -0.00191950798034668 0.138504028320313 -0.09716796875
-0.011042594909668 -0.0137834548950195 -0.119743347167969 0.108383178710937
-0.00433158874511719 -0.0181026458740234 -0.142562866210938 -0.0488433837890625
-0.00721359252929687 -0.00969123840332031 -0.0433349609375 -0.238235473632812
0.00570297241210938 0.0109386444091797 0.204879760742188 -0.26806640625
0.0091705322265625 0.0164222717285156 0.402740478515625 0.066558837890625
0.00581169128417969 0.0113182067871094 0.218505859375 0.42999267578125
-0.00351333618164062 0.038665771484375 -0.067413330078125 0.336090087890625
-0.0227317810058594 0.0411720275878906 0.0236263275146484 0.0315532684326172
-0.00336456298828125 0.0367164611816406 0.14404296875 -0.3251953125
0.0224494934082031 0.0174903869628906 -0.175537109375 -0.465423583984375
0.0186557769775391 0.0111465454101563 -0.426483154296875 -0.073883056640625
0.00342607498168945 0.000579595565795898 -0.214859008789062 0.257049560546875
-0.00819969177246093 -0.0140590667724609 0.02667236328125 0.233108520507813
-0.0123500823974609 -0.0100479125976562 0.15289306640625 0.04351806640625
-0.00141787528991699 -0.000782251358032227 0.131935119628906 -0.102912902832031
-0.00697898864746094 -0.0123882293701172 -0.123931884765625 0.103271484375
-0.00189685821533203 -0.0164518356323242 -0.135818481445313 -0.0611114501953125
-0.00786161422729492 -0.00633049011230469 -0.0187225341796875 -0.248703002929688
0.00180721282958984 0.0145502090454102 0.236618041992187 -0.252609252929687
0.00516796112060547 0.0162277221679688 0.396514892578125 0.109619140625
0.00501394271850586 0.00734090805053711 0.172760009765625 0.451019287109375
-0.00154304504394531 0.0335655212402344 -0.087554931640625 0.315765380859375
-0.0158119201660156 0.0371475219726562 0.0408096313476562 0.0102005004882813
0.0027008056640625 0.0305557250976563 0.12030029296875 -0.348541259765625
0.0229778289794922 0.0107307434082031 -0.225189208984375 -0.440093994140625
0.0150213241577148 0.00932693481445313 -0.425537109375 -0.0238037109375
-0.000378847122192383 0.00340056419372559 -0.179428100585938 0.269989013671875
-0.010157585144043 -0.012176513671875 0.0540008544921875 0.221847534179688
-0.00998401641845703 -0.00926589965820313 0.158584594726563 0.0322723388671875
0.00264596939086914 0.000293731689453125 0.12744140625 -0.107536315917969
-0.00234794616699219 -0.00934505462646484 -0.126968383789063 0.0979537963867188
0.00124645233154297 -0.0136117935180664 -0.128585815429687 -0.0713424682617188
-0.00804567337036133 -0.00102043151855469 0.0052490234375 -0.256759643554688
-0.00324535369873047 0.0167016983032227 0.264068603515625 -0.23492431640625
-0.00174331665039062 0.0117034912109375 0.386627197265625 0.15185546875
0.00286364555358887 -0.00432372093200684 0.124237060546875 0.468292236328125
0.0058441162109375 0.0206069946289063 -0.105682373046875 0.297821044921875
-0.000257492065429689 0.0264816284179688 0.0537376403808594 -0.0064544677734375
0.00927829742431641 0.0159082412719727 0.09600830078125 -0.365447998046875
0.0189571380615234 -0.0012359619140625 -0.26324462890625 -0.416778564453125
0.00751781463623047 0.00640630722045899 -0.418914794921875 0.01416015625
-0.00339031219482422 0.00709676742553711 -0.149459838867187 0.277313232421875
-0.010462760925293 -0.00837039947509766 0.0767669677734375 0.21063232421875
-0.00679397583007813 -0.00634336471557617 0.1629638671875 0.02264404296875
0.00757217407226563 0.00283432006835938 0.122390747070313 -0.1123046875
0.00356769561767578 -0.00512838363647461 -0.129684448242188 0.093170166015625
0.00563335418701172 -0.00656986236572266 -0.123222351074219 -0.0787277221679688
-0.00683403015136719 0.005035400390625 0.0218963623046875 -0.261276245117188
-0.0101833343505859 0.0174951553344727 0.28240966796875 -0.220123291015625
-0.0106649398803711 0.00188350677490235 0.376922607421875 0.1795654296875
0.00106430053710938 -0.0232830047607422 0.091094970703125 0.476715087890625
0.0183506011962891 0.00118637084960938 -0.11834716796875 0.28466796875
0.0214424133300781 0.0087432861328125 0.0607490539550781 -0.0173721313476563
0.0146036148071289 -0.00567626953125 0.07757568359375 -0.373626708984375
0.00957584381103515 -0.0166749954223633 -0.291259765625 -0.394683837890625
-0.00287508964538574 0.00349664688110352 -0.41326904296875 0.0424804687500001
-0.00671768188476562 0.0108089447021484 -0.12786865234375 0.281768798828125
-0.00846529006958008 -0.00321483612060547 0.094085693359375 0.203201293945313
-0.000510305166244507 -0.000548630952835083 0.16680908203125 0.0166168212890625
0.0138139724731445 0.00524139404296875 0.12066650390625 -0.115219116210938
0.00836467742919922 -0.0016026496887207 -0.130561828613281 0.090789794921875
0.0104703903198242 0.00080108642578125 -0.120796203613281 -0.0811080932617188
-0.00505638122558594 0.0126199722290039 0.0285797119140625 -0.260589599609375
-0.0175991058349609 0.0175380706787109 0.28753662109375 -0.21405029296875
-0.0211048126220703 -0.0102882385253906 0.370880126953125 0.188995361328125
-0.00123214721679687 -0.0468292236328125 0.07611083984375 0.48004150390625
0.0342006683349609 -0.0231285095214844 -0.125640869140625 0.281341552734375
0.0469741821289063 -0.0118179321289062 0.0595283508300781 -0.0186424255371094
0.0195407867431641 -0.0311145782470703 0.067169189453125 -0.37139892578125
-0.00257110595703125 -0.0337104797363281 -0.30157470703125 -0.384368896484375
-0.0147151947021484 -0.000906944274902346 -0.412994384765625 0.0524291992187499
-0.00929450988769531 0.0147171020507812 -0.120147705078125 0.282012939453125
-0.00504064559936523 0.00360822677612305 0.1029052734375 0.20123291015625
0.00572061538696289 0.00538015365600586 0.169784545898438 0.0157318115234375
0.0193119049072266 0.00749397277832031 0.120880126953125 -0.116737365722656
0.0131616592407227 0.00188064575195313 -0.129852294921875 0.090850830078125
0.0158882141113281 0.00871944427490235 -0.121406555175781 -0.0780563354492187
-0.00205421447753906 0.0193119049072266 0.022369384765625 -0.2584228515625
-0.0238838195800781 0.0178871154785156 0.281097412109375 -0.21966552734375
-0.0323429107666016 -0.0216140747070312 0.37396240234375 0.174774169921875
-0.00626373291015624 -0.0708847045898438 0.087158203125 0.475799560546875
0.0491943359375 -0.0499114990234375 -0.124420166015625 0.28961181640625
0.0735244750976563 -0.0348358154296875 0.0491905212402344 -0.00873184204101563
0.0258445739746094 -0.0576286315917969 0.069061279296875 -0.36126708984375
-0.0146484375 -0.0518722534179688 -0.294891357421875 -0.3870849609375
-0.0280075073242187 -0.0074462890625 -0.41766357421875 0.042938232421875
-0.0124912261962891 0.0176315307617188 -0.127838134765625 0.2813720703125
-0.000751495361328125 0.012944221496582 0.100372314453125 0.205459594726563
0.013026237487793 0.0145196914672852 0.1710205078125 0.0190582275390625
0.0255966186523438 0.0111980438232422 0.124046325683594 -0.115463256835938
0.018310546875 0.00393486022949219 -0.126113891601562 0.0936965942382813
0.0214633941650391 0.0167503356933594 -0.125717163085938 -0.0690994262695313
0.002960205078125 0.0265254974365234 0.00344848632812498 -0.2503662109375
-0.0279579162597656 0.0204334259033203 0.255874633789063 -0.23663330078125
-0.0446052551269531 -0.0286369323730469 0.3804931640625 0.136016845703125
-0.017852783203125 -0.0926971435546875 0.127166748046875 0.46319580078125
0.0567779541015625 -0.077850341796875 -0.1131591796875 0.3115234375
0.0985336303710938 -0.0580902099609375 0.0283317565917969 0.0127391815185547
0.0360488891601563 -0.0840835571289063 0.080718994140625 -0.336334228515625
-0.0234527587890625 -0.0731658935546875 -0.26348876953125 -0.402557373046875
-0.0416107177734375 -0.0173606872558594 -0.424407958984375 0.00875854492187506
-0.0181865692138672 0.0195426940917969 -0.157730102539062 0.277236938476563
0.001953125 0.0190200805664063 0.0826568603515625 0.21954345703125
0.0188999176025391 0.0238895416259766 0.1708984375 0.0302276611328125
0.0308036804199219 0.0141563415527344 0.132133483886719 -0.110923767089844
-0.0129318237304688 -0.0145473480224609 -0.1170654296875 0.113105773925781
-0.00454330444335938 -0.0157899856567383 -0.149383544921875 -0.03936767578125
-0.00512218475341797 -0.0111865997314453 -0.0664215087890625 -0.229339599609375
0.00750637054443359 0.00821876525878906 0.175140380859375 -0.2825927734375
0.00912094116210938 0.0132131576538086 0.405975341796875 0.024169921875
0.00318670272827148 0.00837612152099609 0.262298583984375 0.40814208984375
-0.00285720825195313 0.0357818603515625 -0.047454833984375 0.355194091796875
-0.0217552185058594 0.0382957458496094 0.00761032104492188 0.0518646240234375
-0.00682449340820313 0.0353355407714844 0.163330078125 -0.30218505859375
0.0188865661621094 0.0185718536376953 -0.130096435546875 -0.485809326171875
0.0184707641601563 0.0103702545166016 -0.426971435546875 -0.11883544921875
0.00574684143066406 -0.00203418731689453 -0.249664306640625 0.24432373046875
-0.0050506591796875 -0.0139684677124023 0.000717163085937493 0.245208740234375
-0.0117712020874023 -0.00767707824707031 0.148162841796875 0.0548248291015625
-0.00314784049987793 -0.00182175636291504 0.139137268066406 -0.097412109375
-0.011138916015625 -0.013951301574707 -0.119697570800781 0.109725952148438
-0.00425148010253906 -0.01776123046875 -0.143218994140625 -0.049774169921875
-0.007049560546875 -0.00943470001220703 -0.0443878173828125 -0.240005493164062
0.00595378875732422 0.0114173889160156 0.20538330078125 -0.27032470703125
0.0090341567993164 0.0168218612670898 0.4041748046875 0.066314697265625
0.00574588775634766 0.0109634399414062 0.21990966796875 0.43212890625
-0.00356674194335938 0.0392570495605469 -0.067108154296875 0.33782958984375
-0.0228652954101563 0.0409698486328125 0.0240306854248047 0.0319080352783203
-0.00348663330078125 0.037567138671875 0.145599365234375 -0.32708740234375
0.0228366851806641 0.017669677734375 -0.17755126953125 -0.46875
0.0191879272460938 0.0110435485839844 -0.4296875 -0.0726013183593749
0.00309157371520996 6.96182250976563E-05 -0.216690063476563 0.259201049804687
-0.00842761993408203 -0.0141506195068359 0.027191162109375 0.234588623046875
-0.0123872756958008 -0.00986576080322265 0.153823852539063 0.0438079833984375
-0.00068509578704834 -0.00111377239227295 0.133369445800781 -0.103492736816406
-0.00704765319824219 -0.0117673873901367 -0.124198913574219 0.103828430175781
-0.00219058990478516 -0.0167007446289063 -0.136573791503906 -0.0614013671875
-0.00814437866210938 -0.00648593902587891 -0.01947021484375 -0.250717163085938
0.00209426879882813 0.0141839981079102 0.237045288085938 -0.255035400390625
0.0052032470703125 0.016209602355957 0.400299072265625 0.109466552734375
0.0044407844543457 0.00707674026489258 0.173675537109375 0.453887939453125
-0.00172042846679687 0.0338459014892578 -0.08758544921875 0.316070556640625
-0.0157470703125 0.0371246337890625 0.041168212890625 0.00989532470703125
0.00251960754394531 0.0308685302734375 0.12017822265625 -0.350311279296875
0.0234775543212891 0.0104999542236328 -0.22711181640625 -0.44329833984375
0.0153779983520508 0.00927734375 -0.42803955078125 -0.0238952636718751
-0.000438451766967773 0.00309085845947266 -0.18121337890625 0.272232055664062
-0.0106039047241211 -0.0122652053833008 0.0548248291015625 0.223541259765625
-0.0103960037231445 -0.00878238677978515 0.15966796875 0.0324554443359375
0.00344061851501465 0.000540018081665039 0.128562927246094 -0.1087646484375
-0.0019679069519043 -0.00878047943115234 -0.127212524414063 0.0984725952148438
0.00105857849121094 -0.0131616592407227 -0.129379272460937 -0.0719985961914063
-0.00757789611816406 -0.000566959381103515 0.00454711914062501 -0.258575439453125
-0.00305747985839844 0.01654052734375 0.266220092773438 -0.236587524414062
-0.00196743011474609 0.011383056640625 0.389129638671875 0.153045654296875
0.0026850700378418 -0.00411820411682129 0.126983642578125 0.4716796875
0.00553703308105469 0.0207061767578125 -0.105438232421875 0.298583984375
-0.000381469726562498 0.0263385772705078 0.0539703369140625 -0.00674057006835937
0.00951385498046875 0.0157623291015625 0.09698486328125 -0.3671875
0.0191764831542969 -0.001373291015625 -0.266143798828125 -0.4188232421875
0.00795602798461914 0.00631618499755859 -0.421844482421875 0.0150146484375
-0.00380897521972656 0.00705051422119141 -0.150238037109375 0.279205322265625
-0.011052131652832 -0.0084381103515625 0.0777740478515625 0.212387084960937
-0.00689458847045898 -0.00629234313964844 0.1644287109375 0.023101806640625
0.00831413269042969 0.00259971618652344 0.123092651367188 -0.113426208496094
0.00342750549316406 -0.00524473190307617 -0.130531311035156 0.0942001342773437
0.00551700592041016 -0.00647354125976562 -0.12420654296875 -0.0795745849609375
-0.00693368911743164 0.00554895401000977 0.0213165283203125 -0.263153076171875
-0.0104808807373047 0.0178470611572266 0.284027099609375 -0.2222900390625
-0.0110397338867187 0.00187873840332031 0.380615234375 0.17962646484375
0.00121307373046875 -0.0233573913574219 0.0931396484375 0.480560302734375
0.0186843872070313 0.000837326049804688 -0.118560791015625 0.2861328125
0.0217323303222656 0.0090179443359375 0.0611343383789062 -0.01751708984375
0.0147562026977539 -0.00580787658691406 0.075958251953125 -0.375518798828125
0.00974464416503906 -0.0166311264038086 -0.293670654296875 -0.397125244140625
-0.00259852409362793 0.00295186042785645 -0.417938232421875 0.04248046875
-0.00673007965087891 0.0105876922607422 -0.128692626953125 0.283203125
-0.00873994827270508 -0.00298881530761719 0.094940185546875 0.20477294921875
-0.000551879405975342 -0.000298082828521728 0.167953491210938 0.016082763671875
0.0146884918212891 0.00512409210205078 0.121353149414062 -0.116119384765625
0.00867033004760742 -0.00117731094360352 -0.130722045898438 0.09149169921875
0.0106315612792969 0.000944137573242188 -0.121505737304688 -0.0816574096679688
-0.00507831573486328 0.0127449035644531 0.027984619140625 -0.262680053710938
-0.0177478790283203 0.0174331665039063 0.28924560546875 -0.216094970703125
-0.0216121673583984 -0.0105209350585938 0.37396240234375 0.19049072265625
-0.00100326538085938 -0.0471687316894531 0.076202392578125 0.482696533203125
0.0350818634033203 -0.0231380462646484 -0.125762939453125 0.2825927734375
0.0475234985351563 -0.0121574401855469 0.0602264404296875 -0.0186920166015625
0.0199527740478516 -0.0313777923583984 0.067474365234375 -0.37457275390625
-0.00288009643554688 -0.0337047576904297 -0.30426025390625 -0.386199951171875
-0.0151081085205078 -0.00147438049316406 -0.41546630859375 0.05340576171875
-0.00942420959472656 0.0148029327392578 -0.121246337890625 0.284423828125
-0.00560712814331055 0.00375175476074219 0.103302001953125 0.202316284179688
0.00544118881225586 0.00580167770385742 0.1712646484375 0.015533447265625
0.0196971893310547 0.00767135620117188 0.121604919433594 -0.117500305175781
0.0138120651245117 0.00207996368408203 -0.130142211914062 0.0913619995117188
0.016322135925293 0.00917911529541016 -0.122871398925781 -0.0785598754882813
-0.00181388854980469 0.0197277069091797 0.021759033203125 -0.260086059570312
-0.0239410400390625 0.0179119110107422 0.28204345703125 -0.220947265625
-0.0328006744384766 -0.0212898254394531 0.376007080078125 0.176177978515625
-0.00667572021484375 -0.07147216796875 0.0888671875 0.47979736328125
0.0496025085449219 -0.0500030517578125 -0.124969482421875 0.29193115234375
0.0738449096679688 -0.0351791381835937 0.049652099609375 -0.00975418090820313
0.0256996154785156 -0.05804443359375 0.068756103515625 -0.36334228515625
-0.0147819519042969 -0.052276611328125 -0.296600341796875 -0.3892822265625
-0.0282058715820313 -0.00757026672363282 -0.419921875 0.0442504882812499
-0.0128803253173828 0.0177879333496094 -0.12872314453125 0.284271240234375
-0.001220703125 0.0129690170288086 0.101165771484375 0.20660400390625
0.0134010314941406 0.0144720077514648 0.172470092773438 0.018707275390625
0.0260963439941406 0.0106697082519531 0.124687194824219 -0.116600036621094
0.0193119049072266 0.00421142578125 -0.126899719238281 0.0947799682617188
0.0216503143310547 0.0169544219970703 -0.127235412597656 -0.06939697265625
0.00329971313476562 0.0268669128417969 0.00285339355468748 -0.252975463867188
-0.0277061462402344 0.0208263397216797 0.257186889648438 -0.23876953125
-0.0454368591308594 -0.0287551879882812 0.38330078125 0.137542724609375
-0.0182571411132812 -0.0926361083984375 0.1278076171875 0.466339111328125
0.056976318359375 -0.078125 -0.113800048828125 0.312957763671875
0.0992507934570313 -0.05853271484375 0.0288600921630859 0.0124835968017578
0.0361251831054688 -0.084136962890625 0.08197021484375 -0.338836669921875
-0.0236587524414063 -0.0735092163085938 -0.266357421875 -0.4049072265625
-0.0418052673339844 -0.0179939270019531 -0.427978515625 0.00991821289062496
-0.0182933807373047 0.0193748474121094 -0.15899658203125 0.279815673828125
0.00165176391601563 0.0190353393554688 0.08349609375 0.22186279296875
0.0194587707519531 0.024139404296875 0.172561645507813 0.029632568359375
0.0317344665527344 0.0141620635986328 0.132820129394531 -0.111923217773438
-0.0127162933349609 -0.0143251419067383 -0.117271423339844 0.114418029785156
-0.00458335876464844 -0.0156078338623047 -0.149917602539063 -0.038909912109375
-0.00506591796875 -0.0112228393554688 -0.068084716796875 -0.231185913085938
0.00782299041748047 0.0079498291015625 0.17547607421875 -0.285247802734375
0.00895404815673828 0.0131940841674805 0.4083251953125 0.023468017578125
0.00328207015991211 0.00855159759521484 0.266998291015625 0.410888671875
-0.00272369384765625 0.0363540649414063 -0.046844482421875 0.357757568359375
-0.0217056274414063 0.0380744934082031 0.00775909423828124 0.0523147583007812
-0.00719070434570313 0.03570556640625 0.16448974609375 -0.305084228515625
0.0190887451171875 0.0186481475830078 -0.13348388671875 -0.489471435546875
0.0192794799804687 0.0100307464599609 -0.429931640625 -0.116973876953125
0.00575113296508789 -0.00223445892333984 -0.251815795898438 0.247329711914062
-0.00562191009521484 -0.0139913558959961 0.00164794921875001 0.2471923828125
-0.0115232467651367 -0.00763988494873047 0.148773193359375 0.0546875
-0.00271511077880859 -0.00179958343505859 0.140182495117188 -0.0990524291992188
-0.0108356475830078 -0.0137567520141602 -0.119979858398437 0.11083984375
-0.00434684753417969 -0.0179882049560547 -0.144363403320313 -0.0494842529296875
-0.00750923156738281 -0.00979995727539062 -0.0457000732421875 -0.242050170898437
0.00574874877929688 0.0112791061401367 0.205429077148438 -0.273284912109375
0.00891494750976563 0.0165557861328125 0.40716552734375 0.066253662109375
0.00514888763427734 0.0114631652832031 0.223236083984375 0.43609619140625
-0.00354766845703125 0.0395469665527344 -0.065582275390625 0.33929443359375
-0.0225601196289063 0.0414924621582031 0.0244979858398437 0.0320358276367187
-0.003570556640625 0.0371856689453125 0.14501953125 -0.329833984375
0.0228500366210938 0.0178146362304688 -0.18017578125 -0.47125244140625
0.0194892883300781 0.0109691619873047 -0.433013916015625 -0.0719604492187499
0.0031437873840332 0.000236034393310547 -0.218353271484375 0.262649536132813
-0.00887393951416016 -0.0139074325561523 0.028045654296875 0.236419677734375
-0.0122909545898438 -0.00965023040771485 0.155059814453125 0.0435333251953125
-0.00070643424987793 -0.00102537870407105 0.133857727050781 -0.104568481445312
-0.00680923461914063 -0.0114583969116211 -0.124359130859375 0.105056762695312
-0.00205135345458984 -0.0161209106445313 -0.137954711914063 -0.061431884765625
-0.00804042816162109 -0.00597906112670898 -0.0211181640625 -0.252487182617188
0.0023651123046875 0.0145349502563477 0.237258911132813 -0.257431030273438
0.00529956817626953 0.0159616470336914 0.4027099609375 0.109161376953125
0.00437593460083008 0.00721216201782227 0.176971435546875 0.45660400390625
-0.00167655944824219 0.0342159271240234 -0.087188720703125 0.318603515625
-0.0156974792480469 0.0375900268554688 0.0418434143066406 0.0105857849121094
0.00260353088378907 0.0311489105224609 0.11962890625 -0.353485107421875
0.0239753723144531 0.0104484558105469 -0.230926513671875 -0.44720458984375
0.0158538818359375 0.00904655456542969 -0.430908203125 -0.0230712890625
-0.000348806381225586 0.00294375419616699 -0.182052612304687 0.275634765625
-0.0111160278320313 -0.0121374130249023 0.0551910400390625 0.22467041015625
-0.0101137161254883 -0.00857448577880859 0.160797119140625 0.0322265625
0.00365042686462402 6.22272491455078E-05 0.129051208496094 -0.110404968261719
-0.00201892852783203 -0.00869989395141602 -0.12774658203125 0.0993118286132812
0.00123214721679688 -0.0128850936889648 -0.130226135253906 -0.0723648071289063
-0.00781917572021484 -0.000787258148193359 0.00358581542968748 -0.261001586914063
-0.00290966033935547 0.0168590545654297 0.26678466796875 -0.238906860351562
-0.00177574157714844 0.0113525390625 0.39208984375 0.152069091796875
0.0028069019317627 -0.00389981269836426 0.128173828125 0.47479248046875
0.00591659545898438 0.021026611328125 -0.104949951171875 0.3006591796875
-0.000144958496093752 0.0262737274169922 0.0550498962402344 -0.00711441040039062
0.0095062255859375 0.0158281326293945 0.097076416015625 -0.37060546875
0.0193462371826172 -0.00189590454101563 -0.26953125 -0.421417236328125
0.00815153121948242 0.00604438781738281 -0.426177978515625 0.0170288085937499
-0.00371694564819336 0.00707864761352539 -0.15093994140625 0.282440185546875
-0.0114412307739258 -0.00788021087646484 0.078765869140625 0.2139892578125
-0.00647306442260742 -0.00584888458251953 0.165298461914062 0.022552490234375
0.0086522102355957 0.00215816497802734 0.123611450195312 -0.114616394042969
0.00346517562866211 -0.00478982925415039 -0.130325317382813 0.0947341918945312
0.00596952438354492 -0.006439208984375 -0.125251770019531 -0.0795822143554687
-0.0067133903503418 0.00629997253417969 0.0199127197265625 -0.265243530273438
-0.0103530883789062 0.0178852081298828 0.284210205078125 -0.22344970703125
-0.0113258361816406 0.00201606750488281 0.382415771484375 0.181365966796875
0.00106239318847656 -0.0236759185791016 0.0938720703125 0.48431396484375
0.0185871124267578 0.000997543334960938 -0.118011474609375 0.287811279296875
0.0218582153320313 0.00887107849121094 0.0618171691894531 -0.0182380676269531
0.0155267715454102 -0.00574207305908203 0.07635498046875 -0.378326416015625
0.00986766815185547 -0.0169820785522461 -0.296539306640625 -0.3988037109375
-0.00213718414306641 0.00276637077331543 -0.42041015625 0.045074462890625
-0.00709342956542969 0.0110645294189453 -0.128997802734375 0.286956787109375
-0.00911426544189453 -0.00260448455810547 0.096343994140625 0.20599365234375
-0.00076216459274292 5.66244125366227E-06 0.169219970703125 0.0158538818359375
0.0149955749511719 0.00490379333496094 0.121551513671875 -0.118133544921875
0.00887393951416016 -0.000514030456542969 -0.130813598632812 0.0926055908203125
0.0112876892089844 0.00106239318847656 -0.122604370117188 -0.082244873046875
-0.00520038604736328 0.0128355026245117 0.027008056640625 -0.26519775390625
-0.017730712890625 0.0176467895507813 0.290496826171875 -0.218109130859375
-0.0217952728271484 -0.0107860565185547 0.37603759765625 0.191192626953125
-0.00140380859375 -0.0471839904785156 0.078704833984375 0.48681640625
0.0348968505859375 -0.0231361389160156 -0.1256103515625 0.28424072265625
0.0480232238769531 -0.0124053955078125 0.0606155395507813 -0.0196113586425781
0.0202751159667969 -0.0315570831298828 0.066650390625 -0.377349853515625
-0.00249290466308594 -0.0339927673339844 -0.307373046875 -0.388824462890625
-0.0150508880615234 -0.00152301788330078 -0.419769287109375 0.0550231933593751
-0.00976371765136719 0.0147542953491211 -0.122222900390625 0.287628173828125
-0.00579118728637695 0.00418710708618164 0.104415893554687 0.203811645507813
0.00560331344604492 0.00609827041625977 0.171707153320313 0.014617919921875
0.0201683044433594 0.00711631774902344 0.121795654296875 -0.118927001953125
0.0146913528442383 0.00276470184326172 -0.130241394042969 0.092926025390625
0.0166997909545898 0.00921916961669922 -0.123954772949219 -0.0787811279296875
-0.00162696838378906 0.0201320648193359 0.0209503173828125 -0.262741088867188
-0.0245990753173828 0.0184345245361328 0.2833251953125 -0.22314453125
-0.0331401824951172 -0.0219993591308594 0.37939453125 0.176422119140625
-0.0068817138671875 -0.0716018676757813 0.09063720703125 0.482635498046875
0.0499229431152344 -0.0502967834472656 -0.12554931640625 0.293243408203125
0.074310302734375 -0.0353622436523438 0.0501289367675781 -0.0100975036621094
0.0261611938476563 -0.0585517883300781 0.068603515625 -0.365692138671875
-0.0150566101074219 -0.0525779724121094 -0.299346923828125 -0.392364501953125
-0.0286159515380859 -0.00774955749511719 -0.42376708984375 0.0459289550781251
-0.0130500793457031 0.017822265625 -0.1292724609375 0.287811279296875
-0.00105381011962891 0.0133848190307617 0.102935791015625 0.20806884765625
0.0136890411376953 0.0151510238647461 0.1737060546875 0.01800537109375
0.0270919799804688 0.0108375549316406 0.125457763671875 -0.118431091308594
0.0195198059082031 0.00478363037109375 -0.126907348632813 0.095703125
0.0220527648925781 0.0173187255859375 -0.128082275390625 -0.0691452026367188
0.00323677062988281 0.0273056030273438 0.00109863281250001 -0.254425048828125
-0.0280818939208984 0.0210723876953125 0.2581787109375 -0.240676879882812
-0.0456771850585937 -0.0291671752929688 0.386199951171875 0.137298583984375
-0.0190811157226563 -0.092987060546875 0.129791259765625 0.47015380859375
0.057769775390625 -0.0782852172851563 -0.113922119140625 0.314849853515625
0.0998001098632813 -0.0594635009765625 0.028900146484375 0.0122489929199219
0.0362319946289063 -0.0851898193359375 0.08154296875 -0.34136962890625
-0.0239639282226563 -0.07391357421875 -0.269378662109375 -0.407958984375
-0.0423660278320313 -0.0184478759765625 -0.432037353515625 0.0109252929687499
-0.0185127258300781 0.0197067260742188 -0.159637451171875 0.282501220703125
0.00168228149414062 0.0197410583496094 0.084503173828125 0.223037719726563
0.01983642578125 0.0242500305175781 0.1739501953125 0.0295562744140625
0.0323963165283203 0.0136070251464844 0.132919311523437 -0.113395690917969
-0.0127973556518555 -0.0138521194458008 -0.116844177246094 0.11602783203125
-0.00443744659423828 -0.0155448913574219 -0.151535034179688 -0.038787841796875
-0.00506591796875 -0.0109720230102539 -0.0711517333984375 -0.232559204101563
0.00760841369628906 0.00824546813964844 0.174591064453125 -0.28851318359375
0.00921344757080078 0.0134620666503906 0.411376953125 0.020965576171875
0.00307750701904297 0.00858879089355469 0.270721435546875 0.412078857421875
-0.00266647338867188 0.0367240905761719 -0.043975830078125 0.359283447265625
-0.0217094421386719 0.0387420654296875 0.00813674926757812 0.0530014038085938
-0.00677108764648437 0.0361824035644531 0.16448974609375 -0.30694580078125
0.019134521484375 0.0184040069580078 -0.136474609375 -0.4923095703125
0.0194950103759766 0.00983047485351563 -0.4351806640625 -0.1168212890625
0.00522518157958984 -0.00252676010131836 -0.253067016601563 0.251266479492188
-0.00523757934570313 -0.0138778686523438 0.00283813476562499 0.249221801757813
-0.0113420486450195 -0.00741958618164062 0.150604248046875 0.0541534423828125
-0.00190508365631103 -0.00207638740539551 0.140625 -0.100509643554687
-0.0109729766845703 -0.0133371353149414 -0.119918823242188 0.112205505371094
-0.00406455993652344 -0.0171966552734375 -0.145553588867188 -0.04931640625
-0.00722122192382812 -0.00944805145263672 -0.047698974609375 -0.243804931640625
0.00654506683349609 0.0114727020263672 0.205169677734375 -0.276351928710938
0.00884437561035157 0.016815185546875 0.410186767578125 0.063751220703125
0.00519275665283203 0.0112838745117188 0.228057861328125 0.437591552734375
-0.0030517578125 0.0397148132324219 -0.06494140625 0.34210205078125
-0.0225372314453125 0.0413780212402344 0.0246238708496094 0.0322208404541016
-0.00316238403320313 0.0376014709472656 0.144317626953125 -0.3328857421875
0.0231990814208984 0.0177707672119141 -0.183807373046875 -0.474853515625
0.019622802734375 0.0106983184814453 -0.438140869140625 -0.0699768066406249
0.0033261775970459 0.000101089477539063 -0.21929931640625 0.266464233398438
-0.00950050354003906 -0.0141372680664062 0.0289306640625 0.2384033203125
-0.0121593475341797 -0.00896549224853515 0.156784057617188 0.0429534912109375
-0.000100135803222656 -0.00129640102386475 0.134162902832031 -0.107009887695313
-0.00685691833496094 -0.0112800598144531 -0.124183654785156 0.106300354003906
-0.00219535827636719 -0.0163974761962891 -0.138984680175781 -0.0616302490234375
-0.00760602951049805 -0.00632619857788086 -0.0229644775390625 -0.254806518554688
0.00263500213623047 0.014674186706543 0.237503051757812 -0.260635375976563
0.00504684448242187 0.0165901184082031 0.40570068359375 0.10870361328125
0.00434541702270508 0.00801706314086914 0.180938720703125 0.459320068359375
-0.00137710571289062 0.0343647003173828 -0.0860595703125 0.3204345703125
-0.0153617858886719 0.0376701354980469 0.0421905517578125 0.009918212890625
0.00266647338867187 0.0312728881835938 0.11932373046875 -0.356170654296875
0.0244159698486328 0.0102310180664063 -0.234283447265625 -0.448760986328125
0.0158004760742188 0.0090627670288086 -0.43585205078125 -0.02099609375
-0.000474452972412109 0.00301098823547363 -0.1832275390625 0.278961181640625
-0.0111818313598633 -0.0118389129638672 0.05694580078125 0.22698974609375
-0.0102367401123047 -0.00806713104248047 0.1622314453125 0.031585693359375
0.00399208068847656 -0.000277042388916016 0.129150390625 -0.111679077148438
-0.00199604034423828 -0.00815963745117188 -0.127655029296875 0.100730895996094
0.00141716003417969 -0.0124483108520508 -0.131843566894531 -0.0723037719726562
-0.00759410858154297 -0.000442981719970703 0.00175476074218751 -0.263275146484375
-0.0027923583984375 0.0172004699707031 0.266845703125 -0.2418212890625
-0.00192642211914063 0.011322021484375 0.395477294921875 0.15313720703125
0.00255823135375977 -0.00416207313537598 0.13311767578125 0.478179931640625
0.00588226318359375 0.0213222503662109 -0.104827880859375 0.30218505859375
-1.33514404296904E-05 0.0261020660400391 0.0556411743164063 -0.00745391845703125
0.00985431671142578 0.0161771774291992 0.09637451171875 -0.37359619140625
0.0198001861572266 -0.00171470642089844 -0.273895263671875 -0.4228515625
0.00826072692871094 0.0057373046875 -0.4300537109375 0.01959228515625
-0.00375556945800781 0.00681161880493164 -0.15167236328125 0.2861328125
-0.0120115280151367 -0.00751018524169922 0.080047607421875 0.21502685546875
-0.00633573532104492 -0.00546646118164062 0.166641235351563 0.0219268798828125
0.00912761688232422 0.00248336791992188 0.124122619628906 -0.116645812988281
0.00381660461425781 -0.00440120697021484 -0.130722045898437 0.0966949462890625
0.00585365295410156 -0.00589370727539063 -0.126487731933594 -0.0795669555664063
-0.0066380500793457 0.00603199005126953 0.018707275390625 -0.267501831054688
-0.0106163024902344 0.0179061889648438 0.2857666015625 -0.2279052734375
-0.0114040374755859 0.00173664093017578 0.3876953125 0.18060302734375
0.000789642333984378 -0.0234146118164063 0.0968017578125001 0.4874267578125
0.0188827514648438 0.00108528137207031 -0.1182861328125 0.289520263671875
0.0221672058105469 0.00881767272949219 0.0620040893554688 -0.0187911987304688
0.0151939392089844 -0.00640487670898438 0.075347900390625 -0.38262939453125
0.0100946426391602 -0.0174102783203125 -0.301910400390625 -0.40167236328125
-0.00224208831787109 0.0023493766784668 -0.424591064453125 0.0478210449218749
-0.00695133209228516 0.0108308792114258 -0.129058837890625 0.29034423828125
-0.00965976715087891 -0.00258350372314453 0.0978240966796875 0.207351684570313
-0.000601410865783691 0.000135183334350586 0.1705322265625 0.014556884765625
0.0153875350952148 0.00468826293945313 0.122032165527344 -0.119117736816406
0.00931358337402344 -0.000100135803222656 -0.131149291992188 0.093414306640625
0.0113058090209961 0.00107574462890625 -0.124298095703125 -0.0824356079101562
-0.00477123260498047 0.0136623382568359 0.0256500244140625 -0.26715087890625
-0.0173988342285156 0.0183792114257813 0.290740966796875 -0.220855712890625
-0.0220413208007812 -0.0110454559326172 0.380462646484375 0.189666748046875
-0.00110626220703125 -0.0475234985351563 0.082305908203125 0.490631103515625
0.0355873107910156 -0.0232963562011719 -0.12579345703125 0.286285400390625
0.0482940673828125 -0.0127525329589844 0.0611610412597656 -0.0201950073242188
0.0201854705810547 -0.0319633483886719 0.06591796875 -0.3800048828125
-0.00277137756347656 -0.0347023010253906 -0.31268310546875 -0.390777587890625
-0.0150604248046875 -0.00160312652587891 -0.422027587890625 0.057708740234375
-0.00982856750488281 0.0146894454956055 -0.121826171875 0.290740966796875
-0.00580215454101563 0.00441884994506836 0.105972290039063 0.204849243164062
0.00571823120117188 0.00577545166015625 0.173858642578125 0.013885498046875
0.0209178924560547 0.00734138488769531 0.122428894042969 -0.120803833007813
0.0150995254516602 0.00247955322265625 -0.130477905273437 0.094207763671875
0.0171747207641602 0.00963592529296875 -0.125328063964844 -0.0791549682617187
-0.00116539001464844 0.0204486846923828 0.0189361572265625 -0.264816284179688
-0.0241928100585938 0.0187053680419922 0.28350830078125 -0.22650146484375
-0.0335235595703125 -0.0223407745361328 0.383056640625 0.177093505859375
-0.00724029541015625 -0.0719223022460938 0.0933837890625 0.487457275390625
0.0500984191894531 -0.0507164001464844 -0.124603271484375 0.295379638671875
0.0749435424804688 -0.0361251831054688 0.0505218505859375 -0.010467529296875
0.0263099670410156 -0.0589065551757812 0.068115234375 -0.369293212890625
-0.015380859375 -0.0534439086914062 -0.30377197265625 -0.3935546875
-0.0286216735839844 -0.00817108154296876 -0.4261474609375 0.0478515625
-0.0129909515380859 0.0178413391113281 -0.128875732421875 0.29034423828125
-0.00139713287353516 0.0135030746459961 0.104736328125 0.209335327148437
0.0140256881713867 0.0152072906494141 0.17510986328125 0.01739501953125
0.0278453826904297 0.0103683471679687 0.125434875488281 -0.120269775390625
0.0195941925048828 0.0048980712890625 -0.126861572265625 0.0971755981445313
0.0226325988769531 0.0173015594482422 -0.130027770996094 -0.0693817138671875
0.00384140014648438 0.0278778076171875 0.00022888183593748 -0.256591796875
-0.0281124114990234 0.0213298797607422 0.25830078125 -0.244049072265625
-0.0468711853027344 -0.0291976928710938 0.39013671875 0.136688232421875
-0.0197906494140625 -0.0936279296875 0.133453369140625 0.474029541015625
0.05780029296875 -0.079010009765625 -0.113250732421875 0.316925048828125
0.100883483886719 -0.0599822998046875 0.0295124053955078 0.0119228363037109
0.0363235473632813 -0.0857391357421875 0.08062744140625 -0.343719482421875
-0.0243606567382813 -0.0744400024414063 -0.2735595703125 -0.40899658203125
-0.04315185546875 -0.0184555053710937 -0.435943603515625 0.01318359375
-0.01873779296875 0.0199394226074219 -0.15997314453125 0.286407470703125
0.001861572265625 0.0200290679931641 0.0866851806640625 0.22418212890625
0.0203266143798828 0.0244255065917969 0.175033569335937 0.02886962890625
0.0328140258789063 0.0137386322021484 0.133445739746094 -0.115509033203125
-0.0130329132080078 -0.0138931274414063 -0.116264343261719 0.116668701171875
-0.00427436828613281 -0.0149593353271484 -0.152587890625 -0.0378570556640625
-0.00540065765380859 -0.0112142562866211 -0.072967529296875 -0.234130859375
0.00798320770263672 0.00788211822509766 0.173095703125 -0.292083740234375
0.00902271270751953 0.0135021209716797 0.4140625 0.01873779296875
0.00291585922241211 0.0086512565612793 0.274688720703125 0.4140625
-0.00225448608398437 0.036712646484375 -0.04229736328125 0.362701416015625
-0.0216102600097656 0.03887939453125 0.0085296630859375 0.0533599853515625
-0.00691604614257813 0.0364036560058594 0.16351318359375 -0.31024169921875
0.0196151733398438 0.0182094573974609 -0.140533447265625 -0.495330810546875
0.0201015472412109 0.00921249389648438 -0.439422607421875 -0.1148681640625
0.00523471832275391 -0.00277376174926758 -0.254119873046875 0.255233764648438
-0.00577354431152344 -0.013728141784668 0.00416564941406251 0.251876831054688
-0.0117311477661133 -0.00714492797851563 0.152084350585938 0.0535430908203125
-0.00166511535644531 -0.00215017795562744 0.1409912109375 -0.102508544921875
-0.010890007019043 -0.0127439498901367 -0.119194030761719 0.113441467285156
-0.00434684753417969 -0.0172805786132812 -0.146636962890625 -0.0490875244140625
-0.00761890411376953 -0.0090179443359375 -0.0500946044921875 -0.245742797851562
0.0065460205078125 0.0113925933837891 0.204147338867187 -0.27947998046875
0.00901889801025391 0.0164890289306641 0.413360595703125 0.062591552734375
0.00506019592285156 0.0114336013793945 0.231903076171875 0.43896484375
-0.002960205078125 0.040283203125 -0.0628662109375 0.34417724609375
-0.0225830078125 0.0422935485839844 0.02520751953125 0.0320987701416016
-0.00333023071289063 0.0376472473144531 0.14410400390625 -0.33544921875
0.0240154266357422 0.0174636840820312 -0.188385009765625 -0.4759521484375
0.0205707550048828 0.0103054046630859 -0.442962646484375 -0.067718505859375
0.00327610969543457 -0.000370025634765625 -0.22015380859375 0.270111083984375
-0.00972270965576172 -0.0135278701782227 0.030548095703125 0.240768432617188
-0.0121326446533203 -0.00899791717529297 0.157943725585938 0.042144775390625
9.65595245361327E-05 -0.00190639495849609 0.134506225585938 -0.108177185058594
-0.00704383850097656 -0.0108127593994141 -0.124351501464844 0.108222961425781
-0.00210666656494141 -0.0157203674316406 -0.140266418457031 -0.0612640380859375
-0.00794792175292969 -0.00574970245361328 -0.025238037109375 -0.2569580078125
0.00284767150878906 0.0144357681274414 0.2369384765625 -0.263702392578125
0.00533771514892578 0.0163383483886719 0.408843994140625 0.10595703125
0.00426054000854492 0.00727081298828125 0.185333251953125 0.46258544921875
-0.000968933105468752 0.035003662109375 -0.08453369140625 0.323089599609375
-0.0150871276855469 0.0377922058105469 0.0428047180175781 0.00939559936523438
0.00346946716308594 0.031463623046875 0.118072509765625 -0.3590087890625
0.0241641998291016 0.009979248046875 -0.239898681640625 -0.4515380859375
0.0168037414550781 0.00841522216796875 -0.439422607421875 -0.0187683105468749
-0.000600099563598633 0.00307703018188477 -0.18316650390625 0.282379150390625
-0.0117702484130859 -0.0117673873901367 0.0583953857421875 0.228363037109375
-0.0104894638061523 -0.00828266143798828 0.163742065429687 0.03082275390625
0.00419950485229492 -0.000633716583251953 0.12994384765625 -0.113639831542969
-0.00216197967529297 -0.00807380676269531 -0.127189636230469 0.102401733398438
0.00122547149658203 -0.0122613906860352 -0.133216857910156 -0.0720443725585937
-0.00802707672119141 -0.000484943389892577 0.000213623046874992 -0.265518188476563
-0.00296783447265625 0.017237663269043 0.266983032226563 -0.245468139648437
-0.00208854675292969 0.0114545822143555 0.39959716796875 0.150543212890625
0.00198721885681152 -0.00431203842163086 0.13665771484375 0.48223876953125
0.00648117065429688 0.0215892791748047 -0.103057861328125 0.305084228515625
0.000528335571289064 0.0263690948486328 0.0557708740234375 -0.00856781005859375
0.00958442687988281 0.0163974761962891 0.09442138671875 -0.377471923828125
0.0196781158447266 -0.00233840942382813 -0.278533935546875 -0.425537109375
0.00849246978759766 0.00538778305053711 -0.4339599609375 0.02203369140625
-0.00417470932006836 0.00713872909545898 -0.151519775390625 0.28997802734375
-0.0121030807495117 -0.00765037536621094 0.081878662109375 0.216079711914063
-0.00663375854492188 -0.00542736053466797 0.168136596679688 0.020843505859375
0.00951766967773438 0.00180149078369141 0.124015808105469 -0.118179321289063
0.00413417816162109 -0.00441980361938477 -0.130210876464844 0.0977935791015625
0.00559043884277344 -0.00629758834838867 -0.128334045410156 -0.0798568725585938
-0.00612640380859375 0.00634336471557617 0.01611328125 -0.269332885742188
-0.0102920532226563 0.0185317993164062 0.28533935546875 -0.22998046875
-0.011993408203125 0.00173282623291016 0.39068603515625 0.179443359375
0.000444412231445315 -0.0239295959472656 0.10150146484375 0.49078369140625
0.0190773010253906 0.00122451782226563 -0.11724853515625 0.291107177734375
0.0226325988769531 0.00864410400390625 0.0625495910644531 -0.0193061828613281
0.0154018402099609 -0.00581836700439453 0.0743408203125 -0.3848876953125
0.00989723205566406 -0.0178623199462891 -0.30755615234375 -0.402069091796875
-0.001922607421875 0.00213301181793213 -0.428314208984375 0.05059814453125
-0.00716495513916016 0.0107212066650391 -0.129119873046875 0.293670654296875
-0.0093536376953125 -0.00166797637939453 0.100021362304687 0.208694458007813
-0.000432819128036499 0.000175982713699341 0.172607421875 0.0138092041015625
0.0159673690795898 0.00405406951904297 0.121658325195313 -0.121322631835938
0.00984382629394531 -0.000263214111328125 -0.13116455078125 0.0952606201171875
0.011897087097168 0.00111484527587891 -0.125770568847656 -0.0824203491210937
-0.00450420379638672 0.0131845474243164 0.0235595703125 -0.269729614257813
-0.0174140930175781 0.0182247161865234 0.291229248046875 -0.223175048828125
-0.0226974487304688 -0.0110988616943359 0.383941650390625 0.1904296875
-0.0020904541015625 -0.0476913452148437 0.08575439453125 0.493072509765625
0.0356101989746094 -0.0234146118164063 -0.124542236328125 0.288360595703125
0.0489921569824219 -0.0133895874023438 0.0609779357910156 -0.0211639404296875
0.0202121734619141 -0.0322761535644531 0.063751220703125 -0.3831787109375
-0.0028076171875 -0.0347690582275391 -0.317138671875 -0.392547607421875
-0.0149126052856445 -0.00176334381103516 -0.42584228515625 0.0609130859375001
-0.0100116729736328 0.0150585174560547 -0.120452880859375 0.2947998046875
-0.00588512420654297 0.00448703765869141 0.10791015625 0.205886840820313
0.00596475601196289 0.00638866424560547 0.175018310546875 0.0128936767578125
0.0216541290283203 0.00673866271972656 0.122390747070312 -0.122467041015625
0.0151767730712891 0.00302505493164063 -0.130500793457031 0.0957870483398437
0.0172023773193359 0.00949287414550781 -0.127212524414062 -0.07867431640625
-0.000802993774414062 0.0209026336669922 0.016937255859375 -0.266510009765625
-0.0239467620849609 0.0189151763916016 0.282958984375 -0.229736328125
-0.0345745086669922 -0.0224056243896484 0.385894775390625 0.175628662109375
-0.00794219970703125 -0.0721893310546875 0.09686279296875 0.491058349609375
0.0502891540527344 -0.0510635375976562 -0.1239013671875 0.297607421875
0.07574462890625 -0.0369720458984375 0.050537109375 -0.0112342834472656
0.0264472961425781 -0.0593070983886719 0.0665283203125 -0.372100830078125
-0.0156936645507813 -0.0536422729492188 -0.307861328125 -0.394287109375
-0.0290470123291016 -0.00801277160644532 -0.430419921875 0.052001953125
-0.0136203765869141 0.018341064453125 -0.128662109375 0.2943115234375
-0.000986099243164062 0.0142221450805664 0.10699462890625 0.210159301757813
0.0146455764770508 0.0150842666625977 0.176345825195313 0.0160369873046875
0.0283432006835938 0.0101146697998047 0.125923156738281 -0.122093200683594
0.0204124450683594 0.00488853454589844 -0.126792907714844 0.0981826782226563
0.0232563018798828 0.017303466796875 -0.131454467773438 -0.0694351196289063
0.00426483154296875 0.0277671813964844 -0.00286865234375001 -0.258865356445313
-0.0277252197265625 0.0214195251464844 0.258193969726563 -0.247406005859375
-0.047393798828125 -0.0291366577148437 0.39300537109375 0.13568115234375
-0.0207901000976563 -0.0938873291015625 0.136749267578125 0.476898193359375
0.0582733154296875 -0.0795822143554688 -0.112396240234375 0.31964111328125
0.101104736328125 -0.0612258911132813 0.0293922424316406 0.0114173889160156
0.0361480712890625 -0.0863265991210938 0.079742431640625 -0.347503662109375
-0.025299072265625 -0.0750274658203125 -0.277557373046875 -0.411346435546875
-0.0432243347167969 -0.0185775756835937 -0.4405517578125 0.0171508789062499
-0.0187320709228516 0.0198650360107422 -0.15936279296875 0.290283203125
0.00163459777832031 0.0201416015625 0.0882415771484375 0.2254638671875
0.0208625793457031 0.0245132446289063 0.176803588867188 0.027587890625
0.0336475372314453 0.0129451751708984 0.13427734375 -0.117256164550781
-0.0132722854614258 -0.0136289596557617 -0.115440368652344 0.118804931640625
-0.00463104248046875 -0.0149154663085938 -0.154312133789063 -0.0376434326171875
-0.00522613525390625 -0.0104608535766602 -0.076202392578125 -0.23516845703125
0.00825405120849609 0.00816249847412109 0.17132568359375 -0.294830322265625
0.00915813446044922 0.0135679244995117 0.416168212890625 0.01483154296875
0.00253200531005859 0.00920963287353516 0.2803955078125 0.4146728515625
-0.00217819213867188 0.0375175476074219 -0.03839111328125 0.364410400390625
-0.0213966369628906 0.0393829345703125 0.00885772705078125 0.053070068359375
-0.00673675537109375 0.0368728637695313 0.16229248046875 -0.314208984375
0.0200157165527344 0.0181865692138672 -0.146392822265625 -0.49688720703125
0.0204181671142578 0.00941276550292969 -0.444732666015625 -0.111602783203125
0.00505590438842773 -0.00277614593505859 -0.25384521484375 0.260528564453125
-0.0061502456665039 -0.0131130218505859 0.00569152832031249 0.253677368164063
-0.0117292404174805 -0.00640869140625 0.153274536132813 0.0531005859375
-0.00114965438842773 -0.0024263858795166 0.141326904296875 -0.104827880859375
-0.01104736328125 -0.0124216079711914 -0.11834716796875 0.115180969238281
-0.0050516128540039 -0.017268180847168 -0.148208618164063 -0.048309326171875
-0.00745105743408203 -0.00891017913818359 -0.05328369140625 -0.247283935546875
0.00664138793945313 0.0115718841552734 0.20294189453125 -0.2828369140625
0.00936603546142578 0.0160923004150391 0.416717529296875 0.058807373046875
0.00471782684326172 0.0114355087280273 0.237518310546875 0.4404296875
-0.00230789184570312 0.040496826171875 -0.060546875 0.346221923828125
-0.0225715637207031 0.042236328125 0.0256748199462891 0.0315399169921875
-0.00292587280273437 0.0383262634277344 0.1416015625 -0.339447021484375
0.0240936279296875 0.0172157287597656 -0.19439697265625 -0.477996826171875
0.0208072662353516 0.00983238220214844 -0.446380615234375 -0.0649414062499999
0.00284075736999512 -0.000443458557128906 -0.219253540039063 0.27435302734375
-0.00953102111816406 -0.0132074356079102 0.0318756103515625 0.242218017578125
-0.0115909576416016 -0.00885963439941406 0.159347534179688 0.041015625
0.00071561336517334 -0.001731276512146 0.134201049804688 -0.110145568847656
-0.00677871704101562 -0.0104923248291016 -0.123672485351563 0.109260559082031
-0.00261020660400391 -0.0157709121704102 -0.141876220703125 -0.060821533203125
-0.00792407989501953 -0.00574064254760742 -0.0283203125 -0.258544921875
0.00309467315673828 0.0147781372070313 0.2362060546875 -0.268051147460938
0.00518894195556641 0.0162630081176758 0.412322998046875 0.1031494140625
0.00395774841308594 0.00754547119140625 0.190216064453125 0.464569091796875
-0.000610351562500002 0.0351905822753906 -0.082305908203125 0.325469970703125
-0.0149002075195313 0.0383148193359375 0.0433387756347656 0.00897598266601563
0.00363540649414063 0.0319843292236328 0.116607666015625 -0.362579345703125
0.0246677398681641 0.00974464416503906 -0.24456787109375 -0.45220947265625
0.0171880722045898 0.00824546813964844 -0.4447021484375 -0.0150146484375001
-0.000837802886962891 0.00273346900939941 -0.183074951171875 0.2869873046875
-0.0120019912719727 -0.0112628936767578 0.060699462890625 0.229873657226562
-0.0101966857910156 -0.00798416137695313 0.165283203125 0.0294342041015625
0.00441932678222656 -0.000730514526367188 0.129608154296875 -0.115127563476563
-0.00199985504150391 -0.00731325149536133 -0.127090454101563 0.104354858398438
0.00113201141357422 -0.0126352310180664 -0.134834289550781 -0.0716629028320313
-0.00751399993896484 -2.47955322265612E-05 -0.0031890869140625 -0.26739501953125
-0.00224113464355469 0.0172195434570313 0.266082763671875 -0.249420166015625
-0.00247859954833985 0.0115365982055664 0.402496337890625 0.149017333984375
0.00206613540649414 -0.00433683395385742 0.141082763671875 0.483154296875
0.00660514831542969 0.0219058990478516 -0.101654052734375 0.30657958984375
0.000377655029296877 0.0266361236572266 0.0560302734375 -0.00868606567382812
0.0100946426391602 0.0164060592651367 0.0924072265625 -0.3800048828125
0.02001953125 -0.00253677368164063 -0.28521728515625 -0.426910400390625
0.00937652587890625 0.00513935089111328 -0.43756103515625 0.025665283203125
-0.00432395935058594 0.00667667388916016 -0.15057373046875 0.29376220703125
-0.01226806640625 -0.0074005126953125 0.0839996337890625 0.217025756835938
-0.00636100769042969 -0.00531387329101562 0.16949462890625 0.0194549560546875
0.00969982147216797 0.00170421600341797 0.124198913574219 -0.120368957519531
0.00427436828613281 -0.00367403030395508 -0.130256652832031 0.0992813110351563
0.00613021850585937 -0.00564002990722656 -0.129928588867187 -0.0797576904296875
-0.00664901733398438 0.00678205490112305 0.013641357421875 -0.271621704101563
-0.00996208190917969 0.0183792114257812 0.2857666015625 -0.235015869140625
-0.0118589401245117 0.00199317932128906 0.394775390625 0.177642822265625
-0.000228881835937497 -0.0235767364501953 0.105987548828125 0.493988037109375
0.0194873809814453 0.00130844116210938 -0.115234375 0.293731689453125
0.0226860046386719 0.00841712951660156 0.0623931884765625 -0.0205497741699219
0.0151586532592773 -0.00584602355957031 0.071807861328125 -0.38848876953125
0.0103836059570313 -0.0182285308837891 -0.3128662109375 -0.402099609375
-0.0020289421081543 0.00203871726989746 -0.431488037109375 0.0543518066406249
-0.00752830505371094 0.0108976364135742 -0.127593994140625 0.2977294921875
-0.0096883773803711 -0.00215625762939453 0.10198974609375 0.209121704101563
-0.000224784016609192 0.000122949481010437 0.173538208007812 0.0122833251953125
0.0164279937744141 0.00420665740966797 0.121292114257813 -0.1231689453125
0.0100135803222656 0.000124931335449219 -0.13079833984375 0.0969009399414062
0.0117692947387695 0.00128459930419922 -0.127410888671875 -0.0825042724609375
-0.004608154296875 0.0137176513671875 0.0206756591796875 -0.27191162109375
-0.0178852081298828 0.0188579559326172 0.291839599609375 -0.2288818359375
-0.0234718322753906 -0.0107383728027344 0.387481689453125 0.188934326171875
-0.00274276733398438 -0.0477561950683594 0.09014892578125 0.497467041015625
0.0360069274902344 -0.0235481262207031 -0.123809814453125 0.29058837890625
0.0488929748535156 -0.013824462890625 0.0612335205078125 -0.0221138000488281
0.0201568603515625 -0.0320053100585937 0.06097412109375 -0.386505126953125
-0.00313949584960938 -0.0352058410644531 -0.3233642578125 -0.391693115234375
-0.0150108337402344 -0.00191307067871093 -0.429595947265625 0.0653686523437499
-0.0099639892578125 0.0150585174560547 -0.11968994140625 0.298370361328125
-0.00591945648193359 0.00485467910766602 0.110382080078125 0.206985473632813
0.00661182403564453 0.00614023208618164 0.176467895507813 0.01153564453125
0.0221424102783203 0.00665664672851563 0.122528076171875 -0.124397277832031
0.0154457092285156 0.00311470031738281 -0.12982177734375 0.09735107421875
0.0178699493408203 0.00962257385253906 -0.129165649414063 -0.0786514282226562
-0.000587463378906252 0.0208950042724609 0.0149078369140625 -0.269378662109375
-0.0240631103515625 0.0194358825683594 0.283782958984375 -0.233612060546875
-0.0352020263671875 -0.022369384765625 0.390655517578125 0.174102783203125
-0.0085906982421875 -0.0728759765625 0.102813720703125 0.494171142578125
0.0507049560546875 -0.0515937805175781 -0.122802734375 0.30023193359375
0.0759735107421875 -0.038055419921875 0.0508193969726563 -0.0124320983886719
0.0257682800292969 -0.0597686767578125 0.06390380859375 -0.37493896484375
-0.0160980224609375 -0.0538978576660156 -0.314422607421875 -0.39581298828125
-0.0294628143310547 -0.00832748413085937 -0.432861328125 0.0559387207031249
-0.0136032104492188 0.0181179046630859 -0.1278076171875 0.2982177734375
-0.00113582611083984 0.014683723449707 0.109130859375 0.2113037109375
0.0146865844726562 0.0151252746582031 0.17791748046875 0.014495849609375
0.0288162231445312 0.00967025756835938 0.12542724609375 -0.124130249023437
0.0209178924560547 0.00551033020019531 -0.126472473144531 0.100013732910156
0.0240230560302734 0.0176315307617188 -0.133140563964844 -0.0690765380859375
0.00506019592285157 0.0282154083251953 -0.00491333007812499 -0.260696411132813
-0.027587890625 0.0222644805908203 0.257522583007813 -0.2510986328125
-0.0487594604492187 -0.0294380187988281 0.39776611328125 0.134521484375
-0.0216445922851562 -0.0941696166992188 0.142333984375 0.479339599609375
0.0583877563476563 -0.080322265625 -0.1109619140625 0.32220458984375
0.10125732421875 -0.0624847412109375 0.0295295715332031 0.011077880859375
0.0355682373046875 -0.0869827270507813 0.07696533203125 -0.35003662109375
-0.0258941650390625 -0.0756378173828125 -0.282501220703125 -0.411895751953125
-0.0440711975097656 -0.01898193359375 -0.44342041015625 0.0205078124999999
-0.0190944671630859 0.0205669403076172 -0.158447265625 0.2940673828125
0.00174331665039063 0.0210590362548828 0.090728759765625 0.2264404296875
0.0211353302001953 0.0243282318115234 0.178207397460938 0.0265350341796875
0.0342807769775391 0.0125160217285156 0.133544921875 -0.119857788085938
-0.0131282806396484 -0.0129976272583008 -0.114883422851563 0.120758056640625
-0.00472831726074219 -0.0146961212158203 -0.155654907226563 -0.0365753173828125
-0.00568771362304687 -0.0104990005493164 -0.0796051025390625 -0.236465454101563
0.00839471817016602 0.00788736343383789 0.168975830078125 -0.299041748046875
0.00923633575439453 0.0130691528320313 0.418701171875 0.0108642578125
0.00216388702392578 0.00882530212402344 0.28564453125 0.414947509765625
-0.00168609619140625 0.03790283203125 -0.035308837890625 0.366455078125
-0.0213699340820313 0.0394248962402344 0.00994491577148437 0.0530815124511719
-0.00611114501953125 0.0372123718261719 0.16033935546875 -0.3170166015625
0.0202789306640625 0.0180206298828125 -0.1513671875 -0.498809814453125
0.0207309722900391 0.00860595703125 -0.44921875 -0.108642578125
0.00500249862670898 -0.00316858291625977 -0.253631591796875 0.265167236328125
-0.00651073455810547 -0.013453483581543 0.00828552246093751 0.255645751953125
-0.0115499496459961 -0.00671005249023438 0.1551513671875 0.0518035888671875
-0.00124669075012207 -0.00274062156677246 0.140899658203125 -0.107147216796875
-0.0111370086669922 -0.0117301940917969 -0.117706298828125 0.117454528808594
-0.00457668304443359 -0.016606330871582 -0.149887084960938 -0.0472564697265625
-0.00748062133789062 -0.00887584686279297 -0.0567779541015625 -0.249237060546875
0.00708961486816406 0.0111484527587891 0.200897216796875 -0.286895751953125
0.00935649871826172 0.0165681838989258 0.419952392578125 0.055816650390625
0.00469207763671875 0.0121345520019531 0.243377685546875 0.4422607421875
-0.0021209716796875 0.040771484375 -0.057586669921875 0.34814453125
-0.0221328735351562 0.0424995422363281 0.0259284973144531 0.0316123962402344
-0.00255584716796875 0.0385246276855469 0.140625 -0.343353271484375
0.0248317718505859 0.0169925689697266 -0.2003173828125 -0.480010986328125
0.0212726593017578 0.00930976867675781 -0.4503173828125 -0.060028076171875
0.00274920463562012 -0.000217914581298828 -0.219314575195313 0.2789306640625
-0.0103368759155273 -0.0126304626464844 0.03485107421875 0.243545532226563
-0.0118446350097656 -0.00848960876464844 0.160751342773438 0.03955078125
0.000808000564575195 -0.00244617462158203 0.134521484375 -0.112762451171875
-0.00715541839599609 -0.0104255676269531 -0.122596740722656 0.111358642578125
-0.00268459320068359 -0.0158376693725586 -0.143417358398438 -0.06036376953125
-0.00798845291137695 -0.00550937652587891 -0.031494140625 -0.260391235351563
0.00334548950195313 0.0149803161621094 0.234329223632812 -0.272186279296875
0.0049896240234375 0.0162792205810547 0.417083740234375 0.09979248046875
0.00405263900756836 0.00777816772460938 0.1964111328125 0.46527099609375
-0.000114440917968753 0.0357208251953125 -0.079986572265625 0.32666015625
-0.0149993896484375 0.0387611389160156 0.0432052612304688 0.00809860229492188
0.00373268127441406 0.0320377349853516 0.113800048828125 -0.366241455078125
0.025360107421875 0.00936508178710937 -0.25067138671875 -0.452545166015625
0.0176811218261719 0.00798606872558594 -0.447601318359375 -0.00997924804687506
-0.000734567642211914 0.00280451774597168 -0.18096923828125 0.291259765625
-0.012298583984375 -0.0113620758056641 0.063140869140625 0.2308349609375
-0.0104885101318359 -0.00750923156738281 0.166412353515625 0.02789306640625
0.00539970397949219 -0.00142765045166016 0.129318237304688 -0.117462158203125
-0.00184822082519531 -0.00710582733154297 -0.126441955566406 0.106109619140625
0.000948905944824218 -0.0121269226074219 -0.136398315429688 -0.0713348388671875
-0.0072789192199707 7.39097595214832E-05 -0.00688171386718752 -0.270065307617188
-0.00208282470703125 0.0172910690307617 0.264236450195313 -0.254058837890625
-0.00216960906982422 0.0115642547607422 0.406402587890625 0.146728515625
0.00199031829833984 -0.00400090217590332 0.1461181640625 0.48504638671875
0.0074462890625 0.0222396850585938 -0.099517822265625 0.309051513671875
0.000949859619140623 0.0268840789794922 0.0560035705566406 -0.00979232788085937
0.0103597640991211 0.01641845703125 0.089202880859375 -0.38299560546875
0.0202102661132813 -0.0030517578125 -0.2911376953125 -0.425750732421875
0.00890541076660156 0.00490760803222656 -0.440032958984375 0.031219482421875
-0.00415945053100586 0.00668191909790039 -0.14910888671875 0.2979736328125
-0.0126924514770508 -0.00678730010986328 0.0869598388671875 0.2181396484375
-0.00610446929931641 -0.00506353378295898 0.171096801757813 0.0177154541015625
0.0102872848510742 0.00107669830322266 0.123420715332031 -0.122138977050781
0.00458097457885742 -0.0033717155456543 -0.129234313964844 0.101158142089844
0.00617027282714844 -0.00588369369506836 -0.131729125976563 -0.0792388916015625
-0.00617599487304688 0.00671291351318359 0.0107879638671875 -0.2744140625
-0.00956916809082032 0.0186233520507813 0.284912109375 -0.239898681640625
-0.0121469497680664 0.0019073486328125 0.399505615234375 0.1759033203125
-0.0004425048828125 -0.0235805511474609 0.112457275390625 0.4959716796875
0.0197811126708984 0.00121498107910156 -0.113677978515625 0.2958984375
0.0232048034667969 0.00827598571777344 0.0628318786621094 -0.0213165283203125
0.0155200958251953 -0.00611972808837891 0.06890869140625 -0.390838623046875
0.0102367401123047 -0.0186882019042969 -0.31903076171875 -0.403961181640625
-0.00166070461273193 0.0015721321105957 -0.4329833984375 0.059600830078125
-0.00748634338378906 0.0108928680419922 -0.1259765625 0.301544189453125
-0.00998210906982422 -0.00142192840576172 0.104629516601563 0.209976196289063
0.000215649604797363 0.000132009387016296 0.174911499023438 0.0106201171875
0.0172843933105469 0.00340557098388672 0.120979309082031 -0.125396728515625
0.0101375579833984 0.000376701354980469 -0.1302490234375 0.098968505859375
0.0118961334228516 0.00146770477294922 -0.129493713378906 -0.0820236206054688
-0.00418758392333984 0.0140857696533203 0.0182647705078125 -0.274139404296875
-0.0174655914306641 0.0190200805664063 0.29107666015625 -0.231781005859375
-0.0235576629638672 -0.0108737945556641 0.392303466796875 0.18707275390625
-0.00337982177734375 -0.0477485656738281 0.094940185546875 0.50030517578125
0.0363883972167969 -0.0240211486816406 -0.12188720703125 0.293365478515625
0.0492401123046875 -0.0142059326171875 0.0613059997558594 -0.0231742858886719
0.0204067230224609 -0.0325107574462891 0.058807373046875 -0.389984130859375
-0.00346755981445312 -0.0356979370117188 -0.328826904296875 -0.39202880859375
-0.0151376724243164 -0.00225543975830078 -0.43231201171875 0.0705566406249999
-0.0100336074829102 0.0152931213378906 -0.11798095703125 0.302276611328125
-0.00585079193115234 0.00513219833374023 0.113021850585938 0.206619262695313
0.00671672821044922 0.00641870498657227 0.1778564453125 0.009521484375
0.0223598480224609 0.00591850280761719 0.121932983398438 -0.127067565917969
0.0164394378662109 0.00351715087890625 -0.12945556640625 0.0990219116210938
0.0177898406982422 0.00981521606445313 -0.130775451660156 -0.0781631469726563
-7.0571899414064E-05 0.0210685729980469 0.011932373046875 -0.271255493164063
-0.0237503051757813 0.0196418762207031 0.283233642578125 -0.237579345703125
-0.036041259765625 -0.0220947265625 0.3946533203125 0.172271728515625
-0.00950622558593751 -0.0730209350585938 0.1082763671875 0.496124267578125
0.0506553649902344 -0.0520896911621094 -0.120880126953125 0.302642822265625
0.07598876953125 -0.03857421875 0.0510025024414063 -0.0127334594726563
0.0254058837890625 -0.060577392578125 0.060882568359375 -0.3770751953125
-0.016693115234375 -0.0542526245117188 -0.32025146484375 -0.39373779296875
-0.0292778015136719 -0.00862693786621094 -0.436553955078125 0.0606384277343749
-0.0132312774658203 0.0184135437011719 -0.126007080078125 0.30242919921875
-0.000545501708984376 0.0147104263305664 0.112152099609375 0.211639404296875
0.0151300430297852 0.0152263641357422 0.179153442382813 0.0127105712890625
0.0292797088623047 0.00896644592285156 0.124801635742188 -0.126556396484375
0.0210838317871094 0.00509834289550781 -0.125999450683594 0.102279663085938
0.0244770050048828 0.0171432495117188 -0.135475158691406 -0.0681991577148438
0.00541305541992188 0.0283870697021484 -0.00817871093749999 -0.262359619140625
-0.0275402069091797 0.022369384765625 0.256332397460938 -0.254425048828125
-0.0494346618652344 -0.0288276672363281 0.402313232421875 0.131317138671875
-0.022735595703125 -0.09454345703125 0.14892578125 0.480438232421875
0.0581283569335938 -0.0811080932617188 -0.10821533203125 0.324737548828125
0.10137939453125 -0.06390380859375 0.0297641754150391 0.0104656219482422
0.0349960327148438 -0.0879974365234375 0.07562255859375 -0.352813720703125
-0.02667236328125 -0.0758132934570313 -0.289642333984375 -0.41278076171875
-0.0442657470703125 -0.0189628601074219 -0.446014404296875 0.025054931640625
-0.0192909240722656 0.0205974578857422 -0.15655517578125 0.29840087890625
0.00206947326660156 0.021209716796875 0.094329833984375 0.22760009765625
0.0219078063964844 0.0243892669677734 0.180160522460938 0.024688720703125
0.0345211029052734 0.0118942260742188 0.132766723632813 -0.121673583984375
-0.0129165649414062 -0.0126752853393555 -0.113372802734375 0.122589111328125
-0.00470924377441406 -0.0146112442016602 -0.156723022460938 -0.03509521484375
-0.00548553466796875 -0.00999355316162109 -0.08331298828125 -0.237152099609375
0.00867843627929687 0.00824546813964844 0.166534423828125 -0.30194091796875
0.00915431976318359 0.013463020324707 0.421844482421875 0.006256103515625
0.0022430419921875 0.00928974151611328 0.292877197265625 0.41314697265625
-0.00112533569335937 0.0381965637207031 -0.0313720703125 0.367523193359375
-0.0209732055664063 0.0398368835449219 0.0104026794433594 0.0530662536621094
-0.00618743896484375 0.0377464294433594 0.158294677734375 -0.320220947265625
0.0207920074462891 0.0176563262939453 -0.158111572265625 -0.500579833984375
0.0208396911621094 0.00828361511230469 -0.453582763671875 -0.104339599609375
0.00484371185302734 -0.00329113006591797 -0.25360107421875 0.270233154296875
-0.00659656524658203 -0.0127496719360352 0.0108489990234375 0.2574462890625
-0.0114555358886719 -0.00604343414306641 0.15655517578125 0.0500640869140625
-0.000861883163452148 -0.00315260887145996 0.1407470703125 -0.109390258789062
-0.0113000869750977 -0.0116491317749023 -0.116584777832031 0.119171142578125
-0.00462818145751953 -0.0164718627929688 -0.151016235351563 -0.046356201171875
-0.00742197036743164 -0.00844192504882813 -0.060089111328125 -0.24945068359375
0.00722312927246094 0.011387825012207 0.1988525390625 -0.29095458984375
0.00945472717285156 0.0161066055297852 0.42303466796875 0.05157470703125
0.00456428527832031 0.0117835998535156 0.25054931640625 0.441619873046875
-0.0014801025390625 0.0415573120117187 -0.0543212890625 0.35015869140625
-0.0216445922851563 0.04290771484375 0.0263614654541016 0.031341552734375
-0.0020599365234375 0.0390739440917969 0.1375732421875 -0.344757080078125
0.0249366760253906 0.0169239044189453 -0.206634521484375 -0.4805908203125
0.0215473175048828 0.00903701782226563 -0.455169677734375 -0.056182861328125
0.00239372253417969 -0.000738620758056641 -0.218292236328125 0.284271240234375
-0.0104808807373047 -0.0129556655883789 0.036956787109375 0.245071411132813
-0.0122451782226563 -0.00802421569824219 0.162124633789063 0.03802490234375
0.00112366676330566 -0.00273275375366211 0.13397216796875 -0.114799499511719
-0.00670337677001953 -0.00989627838134766 -0.121543884277344 0.113365173339844
-0.00241947174072266 -0.0156755447387695 -0.144577026367188 -0.0590667724609375
-0.00813817977905273 -0.0050806999206543 -0.03515625 -0.261428833007813
0.00361919403076172 0.0150156021118164 0.23260498046875 -0.275909423828125
0.00567150115966797 0.0161638259887695 0.419952392578125 0.096771240234375
0.00382757186889649 0.00773048400878906 0.201812744140625 0.465057373046875
0.000476837158203122 0.0360298156738281 -0.076934814453125 0.329132080078125
-0.0143623352050781 0.0388450622558594 0.0437965393066406 0.00806808471679688
0.0037384033203125 0.0320396423339844 0.11083984375 -0.369842529296875
0.0256080627441406 0.00885009765625 -0.256622314453125 -0.453216552734375
0.0178070068359375 0.00728607177734375 -0.450164794921875 -0.00582885742187493
-0.00077056884765625 0.00285434722900391 -0.1798095703125 0.295745849609375
-0.0123987197875977 -0.0103816986083984 0.0655517578125 0.231857299804687
-0.0105323791503906 -0.00706672668457031 0.16778564453125 0.025726318359375
0.00571680068969726 -0.0014643669128418 0.128410339355469 -0.1197509765625
-0.00170516967773437 -0.00678300857543945 -0.125137329101563 0.107627868652344
0.00121402740478516 -0.0122871398925781 -0.138389587402344 -0.0706100463867188
-0.00743532180786133 0.00019073486328125 -0.0101776123046875 -0.27105712890625
-0.00203132629394531 0.0175399780273438 0.263168334960938 -0.258956909179688
-0.00225639343261719 0.0115566253662109 0.411712646484375 0.143218994140625
0.00126218795776367 -0.00427031517028809 0.153411865234375 0.487457275390625
0.00751304626464844 0.0222053527832031 -0.096893310546875 0.311492919921875
0.00128364562988281 0.0266685485839844 0.055908203125 -0.0107040405273437
0.010493278503418 0.0165920257568359 0.08551025390625 -0.3865966796875
0.0203800201416016 -0.00360107421875 -0.297607421875 -0.4266357421875
0.00918865203857422 0.00444507598876953 -0.4429931640625 0.0362854003906249
-0.00471735000610352 0.00668954849243164 -0.146942138671875 0.301544189453125
-0.0129575729370117 -0.00656700134277344 0.0896148681640625 0.21844482421875
-0.0062260627746582 -0.00466537475585938 0.17193603515625 0.0157318115234375
0.0107145309448242 0.000566482543945313 0.123008728027344 -0.124504089355469
0.00485086441040039 -0.00319004058837891 -0.128578186035156 0.1026611328125
0.00612401962280273 -0.00569820404052734 -0.133438110351563 -0.0786285400390625
-0.00589370727539062 0.00700759887695313 0.006988525390625 -0.275741577148438
-0.00942611694335938 0.0187206268310547 0.28338623046875 -0.242767333984375
-0.0122594833374023 0.00179672241210938 0.40313720703125 0.17193603515625
-0.00104522705078125 -0.0236167907714844 0.11883544921875 0.498443603515625
0.0202369689941406 0.00148582458496094 -0.1114501953125 0.29827880859375
0.0230045318603516 0.00767898559570313 0.06243896484375 -0.0222969055175781
0.0152673721313477 -0.00612926483154297 0.065643310546875 -0.39404296875
0.0101127624511719 -0.0189571380615234 -0.32598876953125 -0.40106201171875
-0.00160336494445801 0.00146007537841797 -0.4365234375 0.0632629394531249
-0.00751876831054687 0.0114164352416992 -0.123504638671875 0.305267333984375
-0.0101404190063477 -0.00109100341796875 0.107315063476562 0.210235595703125
0.000401318073272705 0.000680327415466308 0.175796508789062 0.0087127685546875
0.017390251159668 0.00276279449462891 0.120185852050781 -0.127937316894531
0.0105857849121094 0.000603675842285156 -0.129486083984375 0.100288391113281
0.0121650695800781 0.00115871429443359 -0.130928039550781 -0.0809402465820313
-0.00373268127441406 0.014190673828125 0.0145263671875 -0.275604248046875
-0.0168514251708984 0.0194072723388672 0.289642333984375 -0.236541748046875
-0.0244274139404297 -0.0107688903808594 0.39739990234375 0.18231201171875
-0.00388336181640625 -0.0480422973632813 0.101898193359375 0.50250244140625
0.0362319946289063 -0.0241508483886719 -0.11944580078125 0.295318603515625
0.0489730834960938 -0.0150642395019531 0.0612831115722656 -0.0239334106445312
0.0197620391845703 -0.0326023101806641 0.055084228515625 -0.392669677734375
-0.00376510620117187 -0.0358428955078125 -0.334625244140625 -0.38995361328125
-0.015045166015625 -0.00252819061279297 -0.43377685546875 0.0749206542968749
-0.0102500915527344 0.0153331756591797 -0.115478515625 0.30615234375
-0.00604486465454102 0.00578594207763672 0.115814208984375 0.206832885742188
0.00705385208129883 0.006195068359375 0.178619384765625 0.0073089599609375
0.0226783752441406 0.00538444519042969 0.120941162109375 -0.129425048828125
0.0167303085327148 0.00364303588867188 -0.128448486328125 0.100799560546875
0.0186100006103516 0.00946998596191406 -0.132537841796875 -0.0775527954101562
0.000200271606445314 0.0213680267333984 0.00819396972656248 -0.273025512695312
-0.0231876373291016 0.0200481414794922 0.282745361328125 -0.24298095703125
-0.0363235473632813 -0.0220298767089844 0.3990478515625 0.16876220703125
-0.0107650756835937 -0.0727920532226562 0.114501953125 0.4981689453125
0.0506591796875 -0.0527687072753906 -0.1180419921875 0.30450439453125
0.076141357421875 -0.0399627685546875 0.0507774353027344 -0.0134735107421875
0.0251083374023438 -0.060943603515625 0.05755615234375 -0.380401611328125
-0.0178642272949219 -0.0544242858886719 -0.326751708984375 -0.393463134765625
-0.0300788879394531 -0.008270263671875 -0.438018798828125 0.06610107421875
-0.0133781433105469 0.0188732147216797 -0.1231689453125 0.30621337890625
-0.000809669494628905 0.0153436660766602 0.114639282226563 0.211746215820313
0.0155019760131836 0.0152759552001953 0.180755615234375 0.0107574462890625
0.0299873352050781 0.00864028930664063 0.123611450195312 -0.128875732421875
0.0217170715332031 0.00566291809082031 -0.124977111816406 0.103973388671875
0.0249729156494141 0.0170860290527344 -0.137168884277344 -0.06689453125
0.00603485107421875 0.0283527374267578 -0.01177978515625 -0.2642822265625
-0.0274314880371094 0.022857666015625 0.254928588867188 -0.259719848632813
-0.0503807067871094 -0.0287666320800781 0.406158447265625 0.127838134765625
-0.0237197875976563 -0.09429931640625 0.15472412109375 0.4837646484375
0.0580368041992187 -0.0824737548828125 -0.106048583984375 0.32659912109375
0.101760864257813 -0.0647811889648438 0.0300712585449219 0.0100173950195312
0.0347518920898438 -0.0884475708007813 0.07147216796875 -0.355499267578125
-0.0279388427734375 -0.076019287109375 -0.29571533203125 -0.411224365234375
-0.0448493957519531 -0.0186805725097656 -0.448486328125 0.030731201171875
-0.0193767547607422 0.0207004547119141 -0.155120849609375 0.302459716796875
0.00235176086425781 0.0215873718261719 0.096771240234375 0.22808837890625
0.0224742889404297 0.024169921875 0.181640625 0.0225372314453125
0.0353317260742188 0.0111312866210938 0.132431030273438 -0.124786376953125
-0.0132484436035156 -0.0120944976806641 -0.112075805664063 0.124305725097656
-0.00509262084960938 -0.0148487091064453 -0.157333374023438 -0.0336456298828125
-0.00546646118164062 -0.0104351043701172 -0.0871734619140625 -0.237289428710938
0.0089111328125 0.0079345703125 0.162384033203125 -0.3055419921875
0.00907325744628906 0.0134162902832031 0.42431640625 0.001434326171875
0.00199317932128906 0.0091543197631836 0.299774169921875 0.412200927734375
-0.000423431396484378 0.0382347106933594 -0.02801513671875 0.36846923828125
-0.0208854675292969 0.0399856567382813 0.0107917785644531 0.0531578063964844
-0.00569915771484375 0.0376434326171875 0.155548095703125 -0.323394775390625
0.0207977294921875 0.0170688629150391 -0.165313720703125 -0.5006103515625
0.0213546752929688 0.00732803344726562 -0.4581298828125 -0.09820556640625
0.00462198257446289 -0.00312709808349609 -0.25152587890625 0.27496337890625
-0.00682640075683594 -0.0129632949829102 0.01416015625 0.2586669921875
-0.0111942291259766 -0.00592231750488281 0.15802001953125 0.0484466552734375
-0.00078892707824707 -0.00365138053894043 0.139808654785156 -0.111557006835938
-0.0113430023193359 -0.0114965438842773 -0.114608764648438 0.120399475097656
-0.00455951690673828 -0.0161638259887695 -0.152511596679688 -0.044647216796875
-0.00767326354980469 -0.00870561599731445 -0.064697265625 -0.249740600585937
0.00718975067138672 0.0112476348876953 0.1956787109375 -0.294769287109375
0.00953292846679688 0.0160608291625977 0.425079345703125 0.04595947265625
0.00471591949462891 0.0121135711669922 0.25653076171875 0.441070556640625
-0.000831604003906246 0.0415534973144531 -0.04962158203125 0.350799560546875
-0.0216255187988281 0.0433502197265625 0.0267124176025391 0.0313472747802734
-0.00200653076171875 0.0392799377441406 0.134735107421875 -0.347320556640625
0.0252761840820313 0.0161952972412109 -0.214080810546875 -0.479949951171875
0.0219287872314453 0.00836944580078125 -0.457061767578125 -0.05023193359375
0.00204122066497803 -0.000536561012268066 -0.215728759765625 0.28912353515625
-0.0109834671020508 -0.0125942230224609 0.0403900146484375 0.246017456054688
-0.011927604675293 -0.00792121887207031 0.163070678710938 0.0357818603515625
0.00143289566040039 -0.00303387641906738 0.132820129394531 -0.117378234863281
-0.00663185119628906 -0.00935745239257813 -0.1201171875 0.114990234375
-0.00265312194824219 -0.015411376953125 -0.146209716796875 -0.05767822265625
-0.00800800323486328 -0.00526142120361328 -0.039306640625 -0.262466430664062
0.00413322448730469 0.0151042938232422 0.22955322265625 -0.27978515625
0.00550937652587891 0.0164346694946289 0.42236328125 0.092620849609375
0.00350475311279297 0.00833225250244141 0.209503173828125 0.464752197265625
0.00110626220703125 0.0359992980957031 -0.07281494140625 0.330596923828125
-0.0140380859375 0.0388565063476562 0.0437583923339844 0.00716400146484375
0.00459671020507813 0.0321941375732422 0.1072998046875 -0.37261962890625
0.0257797241210938 0.00847053527832031 -0.26434326171875 -0.452117919921875
0.0180416107177734 0.00637245178222656 -0.4534912109375 3.05175781250026E-05
-0.00100851058959961 0.00252008438110352 -0.176971435546875 0.30029296875
-0.0129919052124023 -0.01031494140625 0.06866455078125 0.231903076171875
-0.0101957321166992 -0.00704479217529297 0.168975830078125 0.0241241455078125
0.00567007064819336 -0.00171756744384766 0.127708435058594 -0.12225341796875
-0.00148344039916992 -0.00625276565551758 -0.123626708984375 0.109909057617188
0.000878334045410155 -0.0118064880371094 -0.139808654785156 -0.0692291259765625
-0.00727367401123047 0.000299930572509764 -0.0136260986328125 -0.272384643554688
-0.00138282775878906 0.0176029205322266 0.260452270507812 -0.26263427734375
-0.00196647644042969 0.0116872787475586 0.415191650390625 0.138153076171875
0.00138401985168457 -0.00384235382080078 0.16033935546875 0.48773193359375
0.00798606872558594 0.0223922729492188 -0.094085693359375 0.3126220703125
0.00115013122558594 0.0265998840332031 0.0560455322265625 -0.0120811462402344
0.0107698440551758 0.0165128707885742 0.081024169921875 -0.38916015625
0.0205707550048828 -0.00372695922851563 -0.304840087890625 -0.424072265625
0.00948143005371094 0.00410938262939453 -0.445770263671875 0.04248046875
-0.00474643707275391 0.0067596435546875 -0.14447021484375 0.305328369140625
-0.0131082534790039 -0.00618553161621094 0.0920867919921875 0.218734741210937
-0.00644540786743164 -0.0043644905090332 0.173187255859375 0.0137176513671875
0.010960578918457 5.7220458984375E-06 0.12213134765625 -0.126678466796875
0.00511693954467773 -0.00287580490112305 -0.127143859863281 0.104942321777344
0.00611734390258789 -0.00540018081665039 -0.135345458984375 -0.077392578125
-0.00579547882080078 0.00688695907592773 0.00329589843749998 -0.277542114257813
-0.00894355773925781 0.0192451477050781 0.28094482421875 -0.247589111328125
-0.0124521255493164 0.00170993804931641 0.40643310546875 0.168365478515625
-0.00111770629882813 -0.0235347747802734 0.12554931640625 0.4990234375
0.0201492309570313 0.00093841552734375 -0.107818603515625 0.29974365234375
0.0231590270996094 0.00778961181640625 0.0628585815429687 -0.0235557556152344
0.0157527923583984 -0.00611591339111328 0.060516357421875 -0.3961181640625
0.00979995727539063 -0.0191364288330078 -0.3321533203125 -0.398345947265625
-0.00189459323883057 0.00132477283477783 -0.43719482421875 0.0708007812500001
-0.00776195526123047 0.0113229751586914 -0.120635986328125 0.3087158203125
-0.0101585388183594 -0.000744819641113283 0.110382080078125 0.209747314453125
0.000388920307159424 0.000815749168395996 0.176986694335938 0.0064239501953125
0.0179347991943359 0.00218963623046875 0.118988037109375 -0.130149841308594
0.0113668441772461 0.00066375732421875 -0.128524780273438 0.102134704589844
0.0124111175537109 0.0012969970703125 -0.133506774902344 -0.0802841186523437
-0.00346946716308594 0.0142879486083984 0.010345458984375 -0.2769775390625
-0.0165786743164063 0.0190982818603516 0.287933349609375 -0.242431640625
-0.0245361328125 -0.0104598999023437 0.40045166015625 0.178741455078125
-0.00441741943359375 -0.0479850769042969 0.108856201171875 0.504119873046875
0.0363502502441406 -0.0246467590332031 -0.1163330078125 0.296661376953125
0.0491142272949219 -0.0156173706054688 0.0614433288574219 -0.0251922607421875
0.0195655822753906 -0.0331516265869141 0.04937744140625 -0.394287109375
-0.00435256958007813 -0.0359458923339844 -0.34246826171875 -0.388397216796875
-0.0153083801269531 -0.00282478332519531 -0.43463134765625 0.081329345703125
-0.0101871490478516 0.015899658203125 -0.112396240234375 0.308502197265625
-0.006072998046875 0.00622320175170898 0.119171142578125 0.206375122070313
0.00765752792358398 0.0061039924621582 0.179840087890625 0.0051422119140625
0.0232696533203125 0.00470352172851563 0.119598388671875 -0.131454467773438
0.0168437957763672 0.00345802307128906 -0.127861022949219 0.102912902832031
0.0185718536376953 0.00940132141113281 -0.134307861328125 -0.0765838623046875
0.000698089599609374 0.0216445922851563 0.00442504882812502 -0.274261474609375
-0.0230293273925781 0.0202865600585938 0.280075073242188 -0.24713134765625
-0.037200927734375 -0.0220603942871094 0.4031982421875 0.165008544921875
-0.0114059448242187 -0.0728912353515625 0.1214599609375 0.499481201171875
0.0500946044921875 -0.053436279296875 -0.115264892578125 0.30670166015625
0.0761795043945313 -0.0412368774414063 0.0504837036132813 -0.0146446228027344
0.0246734619140625 -0.0609359741210938 0.05322265625 -0.382415771484375
-0.018463134765625 -0.0545578002929688 -0.33319091796875 -0.391082763671875
-0.0300922393798828 -0.00831222534179688 -0.44073486328125 0.072052001953125
-0.0132827758789063 0.0185623168945313 -0.120269775390625 0.309417724609375
-0.000421524047851564 0.0154590606689453 0.118087768554687 0.210617065429688
0.0159730911254883 0.0149307250976562 0.1817626953125 0.0081939697265625
0.0305233001708984 0.00774765014648438 0.122489929199219 -0.131111145019531
0.0221652984619141 0.00557708740234375 -0.124221801757812 0.105628967285156
0.0257053375244141 0.0168094635009766 -0.138839721679688 -0.0657730102539063
0.00657463073730469 0.0282402038574219 -0.0155792236328125 -0.264907836914062
-0.0271492004394531 0.0231132507324219 0.2523193359375 -0.263961791992188
-0.0511093139648438 -0.0285148620605469 0.40789794921875 0.12298583984375
-0.0255279541015625 -0.094329833984375 0.162567138671875 0.483245849609375
0.0572128295898438 -0.0828857421875 -0.1031494140625 0.329315185546875
0.100837707519531 -0.0664901733398438 0.0299339294433594 0.009613037109375
0.0333328247070313 -0.0885848999023438 0.067840576171875 -0.357513427734375
-0.0290451049804688 -0.0758514404296875 -0.30352783203125 -0.410003662109375
-0.0454139709472656 -0.0184898376464844 -0.449859619140625 0.03753662109375
-0.0191783905029297 0.0213127136230469 -0.15167236328125 0.306671142578125
0.00277519226074219 0.0219478607177734 0.100311279296875 0.22760009765625
0.0231533050537109 0.0239448547363281 0.182525634765625 0.020751953125
0.035797119140625 0.0107192993164062 0.13116455078125 -0.127082824707031
-0.013463020324707 -0.0114212036132813 -0.109809875488281 0.125740051269531
-0.00503444671630859 -0.0142202377319336 -0.15838623046875 -0.0314483642578125
-0.00583362579345703 -0.0103845596313477 -0.091705322265625 -0.23614501953125
0.00899505615234375 0.008026123046875 0.15777587890625 -0.3079833984375
0.00911521911621094 0.0132236480712891 0.423980712890625 -0.0042724609375
0.00167751312255859 0.00944232940673828 0.305267333984375 0.408172607421875
0.000213623046875 0.0382156372070312 -0.023193359375 0.36895751953125
-0.020111083984375 0.0407562255859375 0.0114402770996094 0.0530815124511719
-0.00518798828125 0.038238525390625 0.150787353515625 -0.325408935546875
0.0212993621826172 0.016876220703125 -0.1717529296875 -0.499908447265625
0.0216217041015625 0.00707817077636719 -0.46014404296875 -0.09326171875
0.0043485164642334 -0.00334811210632324 -0.248489379882813 0.279708862304688
-0.00748538970947266 -0.0125751495361328 0.01727294921875 0.2596435546875
-0.0113935470581055 -0.00569915771484375 0.158660888671875 0.046234130859375
-0.000453472137451172 -0.00369429588317871 0.138626098632813 -0.1141357421875
-0.0110054016113281 -0.0109100341796875 -0.112503051757812 0.122077941894531
-0.00466632843017578 -0.0160808563232422 -0.153076171875 -0.0428619384765625
-0.0076756477355957 -0.0084538459777832 -0.068511962890625 -0.249649047851563
0.00810050964355469 0.0111055374145508 0.1910400390625 -0.297821044921875
0.00941753387451172 0.0160293579101562 0.425933837890625 0.042144775390625
0.00440311431884766 0.0122766494750977 0.263824462890625 0.438720703125
6.4849853515628E-05 0.0420608520507813 -0.045318603515625 0.352630615234375
-0.0212860107421875 0.0437583923339844 0.0272426605224609 0.0304317474365234
-0.00105667114257813 0.0396308898925781 0.12945556640625 -0.35052490234375
0.0258979797363281 0.0157623291015625 -0.221099853515625 -0.479339599609375
0.0221748352050781 0.00741386413574219 -0.45916748046875 -0.043701171875
0.00244951248168945 -0.000839948654174805 -0.212310791015625 0.292694091796875
-0.0111246109008789 -0.0119714736938477 0.04351806640625 0.245849609375
-0.0124292373657227 -0.00736045837402344 0.164260864257813 0.0340728759765625
0.00152444839477539 -0.00341248512268066 0.131240844726563 -0.119522094726562
-0.00677490234375 -0.00901031494140625 -0.118354797363281 0.116569519042969
-0.00297641754150391 -0.0151023864746094 -0.1478271484375 -0.0561065673828125
-0.00803232192993164 -0.00523900985717773 -0.043212890625 -0.26275634765625
0.00444316864013672 0.0145730972290039 0.225616455078125 -0.283477783203125
0.00536918640136719 0.0161848068237305 0.423980712890625 0.086822509765625
0.00360298156738281 0.00788354873657227 0.216461181640625 0.4638671875
0.00147247314453125 0.0360145568847656 -0.068695068359375 0.33148193359375
-0.0137138366699219 0.0391998291015625 0.0438728332519531 0.0066070556640625
0.00488853454589844 0.0324344635009766 0.10113525390625 -0.374420166015625
0.0258903503417969 0.00813674926757813 -0.27105712890625 -0.449188232421875
0.0184345245361328 0.00624847412109375 -0.45489501953125 0.00680541992187493
-0.00126791000366211 0.00272536277770996 -0.173980712890625 0.303253173828125
-0.0132379531860352 -0.0100040435791016 0.07196044921875 0.232284545898438
-0.0100698471069336 -0.00718021392822265 0.169509887695313 0.021026611328125
0.00622272491455078 -0.00235271453857422 0.126449584960938 -0.124137878417969
-0.00138330459594727 -0.00585699081420899 -0.122055053710938 0.111045837402344
0.00104045867919922 -0.0117740631103516 -0.140869140625 -0.06787109375
-0.00692129135131836 0.00026559829711914 -0.0188446044921875 -0.27264404296875
-0.00114631652832031 0.017512321472168 0.257095336914063 -0.265350341796875
-0.00244045257568359 0.0116128921508789 0.4173583984375 0.1328125
0.00126981735229492 -0.00383663177490234 0.166900634765625 0.48687744140625
0.00831222534179688 0.0224361419677734 -0.0899658203125 0.313934326171875
0.00165176391601563 0.0270442962646484 0.0560684204101563 -0.0123138427734375
0.0110292434692383 0.0164213180541992 0.076019287109375 -0.39093017578125
0.0200634002685547 -0.00402641296386719 -0.310821533203125 -0.420440673828125
0.0100059509277344 0.00388622283935547 -0.446319580078125 0.0479431152343749
-0.00472068786621094 0.00726413726806641 -0.140655517578125 0.308837890625
-0.0132207870483398 -0.0056610107421875 0.0952301025390625 0.218154907226563
-0.00625133514404297 -0.00401926040649414 0.173721313476563 0.010833740234375
0.0112323760986328 -0.000361442565917969 0.120506286621094 -0.12872314453125
0.00536012649536133 -0.00272417068481445 -0.125564575195313 0.106681823730469
0.00620079040527344 -0.00547313690185547 -0.137001037597656 -0.07598876953125
-0.00571870803833008 0.00698614120483398 -0.00131225585937503 -0.27825927734375
-0.00860786437988281 0.0191249847412109 0.276992797851563 -0.252410888671875
-0.0126781463623047 0.00168037414550781 0.410400390625 0.16339111328125
-0.00176048278808594 -0.0234355926513672 0.132720947265625 0.499053955078125
0.0207691192626953 0.000810623168945313 -0.105010986328125 0.301361083984375
0.0232505798339844 0.00705718994140625 0.0624122619628906 -0.024658203125
0.0155429840087891 -0.00641441345214844 0.054931640625 -0.397705078125
0.00911903381347656 -0.0191059112548828 -0.338775634765625 -0.395538330078125
-0.00167632102966309 0.000606536865234375 -0.438140869140625 0.0783691406250001
-0.00753402709960938 0.0114355087280273 -0.11773681640625 0.311798095703125
-0.0104551315307617 -0.000259399414062499 0.113021850585937 0.208709716796875
0.000518351793289185 0.000503718852996826 0.177566528320313 0.00335693359375
0.0178203582763672 0.00171661376953125 0.11767578125 -0.13134765625
0.0114307403564453 0.00102424621582031 -0.126373291015625 0.104179382324219
0.0127677917480469 0.00161361694335938 -0.134918212890625 -0.0784378051757813
-0.00288581848144531 0.0140295028686523 0.00659179687500002 -0.277328491210938
-0.0161247253417969 0.0196266174316406 0.285308837890625 -0.24530029296875
-0.0250167846679687 -0.0102462768554688 0.404815673828125 0.174072265625
-0.00521469116210937 -0.0477218627929688 0.11590576171875 0.504302978515625
0.0364036560058594 -0.0247993469238281 -0.112884521484375 0.298675537109375
0.0492477416992188 -0.0163536071777344 0.06072998046875 -0.0263175964355469
0.0193138122558594 -0.0333633422851563 0.043914794921875 -0.39593505859375
-0.0047760009765625 -0.0361518859863281 -0.347991943359375 -0.384735107421875
-0.0154800415039063 -0.00282001495361328 -0.435699462890625 0.08807373046875
-0.0102262496948242 0.0156078338623047 -0.108489990234375 0.31207275390625
-0.00594949722290039 0.00653839111328125 0.121994018554687 0.20526123046875
0.00745582580566406 0.00618171691894531 0.180007934570313 0.00244140625
0.0235824584960938 0.00382804870605469 0.117637634277344 -0.133720397949219
0.0177421569824219 0.0034332275390625 -0.126274108886719 0.104217529296875
0.0193290710449219 0.0089263916015625 -0.13623046875 -0.0745925903320313
0.00135421752929688 0.0211505889892578 -4.5776367187487E-05 -0.274688720703125
-0.0228614807128906 0.0207977294921875 0.275802612304688 -0.2506103515625
-0.0378303527832031 -0.0215339660644531 0.40606689453125 0.1595458984375
-0.012664794921875 -0.072967529296875 0.1279296875 0.499481201171875
0.0500144958496094 -0.0538177490234375 -0.111541748046875 0.308197021484375
0.0753631591796875 -0.042449951171875 0.0502052307128906 -0.0156669616699219
0.0236358642578125 -0.0616188049316406 0.048583984375 -0.3836669921875
-0.0191841125488281 -0.0546302795410156 -0.34033203125 -0.38800048828125
-0.0305290222167969 -0.00845146179199218 -0.4398193359375 0.0781249999999999
-0.0129337310791016 0.0190906524658203 -0.116546630859375 0.31219482421875
-8.86917114257829E-05 0.0159215927124023 0.120773315429688 0.210006713867188
0.0165596008300781 0.0148849487304688 0.182144165039063 0.0052642822265625
0.0303993225097656 0.00683784484863281 0.121246337890625 -0.133132934570313
0.0231857299804687 0.00537109375 -0.122322082519531 0.107894897460938
0.0259037017822266 0.0162391662597656 -0.140609741210938 -0.064361572265625
0.0070953369140625 0.0282993316650391 -0.019500732421875 -0.264541625976562
-0.0265789031982422 0.0232009887695313 0.248779296875 -0.267120361328125
-0.051666259765625 -0.0276641845703125 0.411865234375 0.118072509765625
-0.0263290405273437 -0.0938873291015625 0.1693115234375 0.48382568359375
0.0569534301757813 -0.0838699340820313 -0.099395751953125 0.330322265625
0.10052490234375 -0.0680923461914063 0.0300884246826172 0.00910568237304687
0.0325698852539063 -0.0891952514648438 0.064056396484375 -0.358428955078125
-0.0300369262695312 -0.076019287109375 -0.30853271484375 -0.406402587890625
-0.0459861755371094 -0.0185165405273438 -0.450714111328125 0.0435791015625
-0.0191421508789062 0.0216464996337891 -0.148223876953125 0.3096923828125
0.00342750549316406 0.0221920013427734 0.103591918945313 0.227401733398438
0.0235862731933594 0.0236663818359375 0.183029174804688 0.0176544189453125
0.0362396240234375 0.00983810424804688 0.129440307617188 -0.129310607910156
-0.0129499435424805 -0.0111217498779297 -0.107276916503906 0.127784729003906
-0.00499629974365234 -0.0139808654785156 -0.15875244140625 -0.0296630859375
-0.00591278076171875 -0.00989627838134765 -0.094757080078125 -0.235198974609375
0.00951862335205078 0.00763797760009766 0.1533203125 -0.310333251953125
0.00871849060058594 0.0131521224975586 0.423370361328125 -0.01025390625
0.00215625762939453 0.00958919525146484 0.312469482421875 0.40374755859375
0.00115585327148437 0.0388908386230469 -0.017852783203125 0.36846923828125
-0.0199089050292969 0.0406112670898437 0.012176513671875 0.0530128479003906
-0.00472259521484375 0.0380401611328125 0.1468505859375 -0.32745361328125
0.0216999053955078 0.0165615081787109 -0.1790771484375 -0.496673583984375
0.0217819213867187 0.00617218017578125 -0.461334228515625 -0.085479736328125
0.00412964820861816 -0.00313234329223633 -0.2449951171875 0.2838134765625
-0.00728321075439453 -0.0121030807495117 0.0206298828125 0.259689331054688
-0.0113954544067383 -0.00543594360351562 0.159683227539063 0.0440216064453125
-0.0008392333984375 -0.00431919097900391 0.136825561523438 -0.116447448730469
-0.0109729766845703 -0.0103521347045898 -0.110549926757813 0.123764038085937
-0.00540065765380859 -0.0157899856567383 -0.153884887695313 -0.040985107421875
-0.00783300399780273 -0.00852537155151367 -0.0723876953125 -0.248397827148437
0.00784683227539063 0.0111732482910156 0.18646240234375 -0.30023193359375
0.00950813293457031 0.0164413452148438 0.426422119140625 0.035614013671875
0.00438499450683594 0.0124225616455078 0.26959228515625 0.435211181640625
0.000453948974609379 0.0420875549316406 -0.0406494140625 0.351593017578125
-0.0203475952148438 0.0438499450683594 0.02740478515625 0.0299720764160156
-0.00104141235351562 0.0395088195800781 0.124603271484375 -0.352264404296875
0.0255680084228516 0.0149974822998047 -0.227996826171875 -0.475433349609375
0.0225124359130859 0.007171630859375 -0.4613037109375 -0.035858154296875
0.00235295295715332 -0.000701904296875 -0.208587646484375 0.29656982421875
-0.0115823745727539 -0.0116081237792969 0.0471343994140625 0.245742797851563
-0.0119895935058594 -0.00702190399169922 0.164749145507813 0.0314178466796875
0.00178289413452148 -0.0037543773651123 0.1295166015625 -0.122039794921875
-0.00646209716796875 -0.00835323333740234 -0.116058349609375 0.118621826171875
-0.002960205078125 -0.0147762298583984 -0.148345947265625 -0.0542144775390625
-0.00785493850708008 -0.00498867034912109 -0.0479736328125 -0.261886596679688
0.0050201416015625 0.0146045684814453 0.221405029296875 -0.286163330078125
0.00559425354003906 0.0162410736083984 0.425811767578125 0.08154296875
0.00371360778808594 0.00863504409790039 0.223480224609375 0.461395263671875
0.00218963623046875 0.0360755920410156 -0.064483642578125 0.33123779296875
-0.0129203796386719 0.0394210815429688 0.0440635681152344 0.00558853149414063
0.00506210327148437 0.032501220703125 0.09814453125 -0.374267578125
0.0257568359375 0.00735282897949219 -0.278076171875 -0.44573974609375
0.0182857513427734 0.00545692443847656 -0.454315185546875 0.012542724609375
-0.00110149383544922 0.00296282768249512 -0.16973876953125 0.30670166015625
-0.0138959884643555 -0.00967788696289063 0.0749969482421875 0.231475830078125
-0.0101957321166992 -0.00636672973632812 0.1695556640625 0.019134521484375
0.00589513778686523 -0.00290393829345703 0.124610900878906 -0.126625061035156
-0.000825405120849609 -0.00599527359008789 -0.119697570800781 0.112960815429688
0.00115966796875 -0.0117883682250977 -0.142059326171875 -0.0660858154296875
-0.00703573226928711 0.000454425811767578 -0.0232086181640625 -0.272125244140625
-0.0010833740234375 0.0174932479858398 0.253707885742188 -0.270599365234375
-0.0025177001953125 0.0114526748657227 0.418487548828125 0.127410888671875
0.000751256942749024 -0.00334930419921875 0.17388916015625 0.4842529296875
0.0088958740234375 0.0222358703613281 -0.085845947265625 0.31427001953125
0.00208663940429687 0.0265522003173828 0.0556259155273438 -0.0139350891113281
0.011113166809082 0.0164470672607422 0.0712890625 -0.391845703125
0.0202121734619141 -0.00471878051757813 -0.316680908203125 -0.417510986328125
0.00979995727539062 0.00306320190429687 -0.446197509765625 0.05462646484375
-0.00437831878662109 0.0070490837097168 -0.13677978515625 0.311614990234375
-0.0132160186767578 -0.00478267669677734 0.098419189453125 0.21697998046875
-0.00596046447753906 -0.00423288345336914 0.173995971679688 0.0087890625
0.0116691589355469 -0.00120449066162109 0.1181640625 -0.130760192871094
0.00551080703735352 -0.00254344940185547 -0.123756408691406 0.108131408691406
0.0063481330871582 -0.00577068328857422 -0.138206481933594 -0.0749969482421875
-0.00514602661132813 0.006805419921875 -0.00581359863281251 -0.278060913085938
-0.00826644897460938 0.0190944671630859 0.273788452148438 -0.2559814453125
-0.0128135681152344 0.00222301483154297 0.411712646484375 0.157196044921875
-0.00201225280761719 -0.0234394073486328 0.140106201171875 0.497711181640625
0.0208168029785156 0.000873565673828125 -0.100830078125 0.30218505859375
0.0236282348632813 0.00704383850097656 0.0614662170410156 -0.0258750915527344
0.0154609680175781 -0.006591796875 0.05059814453125 -0.397064208984375
0.00879669189453125 -0.0199680328369141 -0.344146728515625 -0.390838623046875
-0.00177311897277832 0.000427007675170898 -0.4376220703125 0.0837402343749999
-0.00715541839599609 0.011566162109375 -0.11285400390625 0.313873291015625
-0.0105152130126953 4.19616699218743E-05 0.116226196289063 0.207809448242187
0.000626683235168457 0.000808835029602051 0.177230834960938 0.0008392333984375
0.0180606842041016 0.00133895874023438 0.115570068359375 -0.133590698242188
0.0116758346557617 0.00100135803222656 -0.124916076660156 0.105461120605469
0.0126419067382813 0.00120067596435547 -0.136161804199219 -0.076690673828125
-0.00265884399414062 0.0140056610107422 0.00193786621093751 -0.278182983398438
-0.0158767700195312 0.0196590423583984 0.280227661132813 -0.24896240234375
-0.0250282287597656 -0.0101470947265625 0.4072265625 0.169708251953125
-0.00557327270507813 -0.0477104187011719 0.123870849609375 0.502899169921875
0.0363922119140625 -0.0253982543945313 -0.1094970703125 0.29974365234375
0.0490264892578125 -0.0170059204101563 0.0598068237304687 -0.0271644592285156
0.0190925598144531 -0.0331478118896484 0.03887939453125 -0.396240234375
-0.00542068481445312 -0.0362396240234375 -0.35382080078125 -0.37982177734375
-0.0153226852416992 -0.00266933441162109 -0.435546875 0.094329833984375
-0.0096120834350586 0.0161018371582031 -0.10455322265625 0.31390380859375
-0.00604248046875 0.0066680908203125 0.124755859375 0.203521728515625
0.00792646408081055 0.00615692138671875 0.18072509765625 -0.000244140625
0.0235595703125 0.00337409973144531 0.115646362304688 -0.135292053222656
0.0179805755615234 0.00348663330078125 -0.124244689941406 0.105964660644531
0.0193824768066406 0.00866889953613281 -0.138145446777344 -0.073089599609375
0.00177574157714844 0.0211620330810547 -0.00422668457031252 -0.274658203125
-0.0220451354980469 0.0208969116210937 0.273757934570313 -0.255447387695313
-0.03839111328125 -0.0210456848144531 0.408477783203125 0.153717041015625
-0.0133895874023438 -0.07232666015625 0.135162353515625 0.4979248046875
0.0496292114257813 -0.05438232421875 -0.108123779296875 0.309539794921875
0.0751953125 -0.0429534912109375 0.049835205078125 -0.0167083740234375
0.0227890014648438 -0.0614700317382813 0.0433349609375 -0.385498046875
-0.0200920104980469 -0.0544624328613281 -0.3455810546875 -0.38323974609375
-0.0309104919433594 -0.00813484191894531 -0.440826416015625 0.0846252441406249
-0.0133514404296875 0.0194435119628906 -0.111846923828125 0.314697265625
6.86645507812508E-05 0.0162563323974609 0.123977661132812 0.208999633789063
0.0170364379882813 0.0144271850585938 0.182540893554688 0.0030059814453125
0.0309715270996094 0.00620841979980469 0.119087219238281 -0.135116577148438
0.0236186981201172 0.00495338439941406 -0.120811462402344 0.108879089355469
0.0264530181884766 0.0159721374511719 -0.141921997070313 -0.0625
0.00774765014648437 0.027496337890625 -0.0231475830078125 -0.264892578125
-0.026123046875 0.0238075256347656 0.245208740234375 -0.270858764648438
-0.052581787109375 -0.0271949768066406 0.41351318359375 0.114044189453125
-0.0277862548828125 -0.0933761596679688 0.1761474609375 0.480865478515625
0.0559616088867188 -0.0841445922851563 -0.0948486328125 0.332000732421875
0.099456787109375 -0.069427490234375 0.0298919677734375 0.00823020935058593
0.0312576293945313 -0.0898056030273438 0.05914306640625 -0.359771728515625
-0.0310821533203125 -0.0757827758789063 -0.313873291015625 -0.402099609375
-0.0466079711914062 -0.0176963806152344 -0.451568603515625 0.04974365234375
-0.0188045501708984 0.0215740203857422 -0.143890380859375 0.3126220703125
0.003509521484375 0.0222740173339844 0.1064453125 0.226577758789063
0.0240993499755859 0.0233688354492187 0.183197021484375 0.015228271484375
0.036468505859375 0.00901031494140625 0.127799987792969 -0.131515502929688
-0.0128993988037109 -0.010920524597168 -0.105072021484375 0.128318786621094
-0.00542259216308594 -0.0136175155639648 -0.159164428710938 -0.0275726318359375
-0.00557136535644531 -0.0101070404052734 -0.0987548828125 -0.233383178710938
0.00984764099121094 0.00747585296630859 0.147796630859375 -0.311309814453125
0.00951385498046875 0.012908935546875 0.42333984375 -0.016326904296875
0.00182056427001953 0.00968742370605469 0.317718505859375 0.3992919921875
0.00176239013671875 0.0388374328613281 -0.012664794921875 0.3675537109375
-0.0195045471191406 0.0409812927246094 0.0125846862792969 0.05255126953125
-0.0043487548828125 0.03839111328125 0.1424560546875 -0.32861328125
0.0216693878173828 0.0161933898925781 -0.186279296875 -0.493743896484375
0.0221767425537109 0.00532913208007813 -0.462677001953125 -0.07891845703125
0.00414371490478516 -0.00342035293579102 -0.240631103515625 0.28759765625
-0.00755882263183594 -0.0117530822753906 0.0240020751953125 0.258956909179688
-0.0112504959106445 -0.00502872467041015 0.159988403320313 0.041259765625
-0.000490188598632813 -0.00445556640625 0.135353088378906 -0.118568420410156
-0.0110607147216797 -0.0100078582763672 -0.10821533203125 0.125
-0.00533485412597656 -0.0154523849487305 -0.1544189453125 -0.0389404296875
-0.00768661499023438 -0.00791263580322265 -0.076324462890625 -0.2470703125
0.00848293304443359 0.0109291076660156 0.1815185546875 -0.30230712890625
0.00947380065917969 0.0157461166381836 0.42608642578125 0.029571533203125
0.00446605682373047 0.0125055313110352 0.2762451171875 0.430999755859375
0.00111007690429687 0.0422019958496094 -0.0357666015625 0.350799560546875
-0.0198593139648438 0.0442886352539063 0.0278701782226563 0.0294094085693359
-5.72204589843782E-05 0.0396194458007812 0.119354248046875 -0.352447509765625
0.0258617401123047 0.0147285461425781 -0.234130859375 -0.471435546875
0.0226840972900391 0.00614166259765625 -0.46112060546875 -0.0305175781249999
0.00216090679168701 -0.000673770904541016 -0.20458984375 0.300079345703125
-0.0113105773925781 -0.011077880859375 0.0503997802734375 0.245330810546875
-0.0121793746948242 -0.00683403015136719 0.165130615234375 0.029052734375
0.00194406509399414 -0.00393199920654297 0.127777099609375 -0.123283386230469
-0.00641965866088867 -0.00795173645019531 -0.113670349121094 0.119850158691406
-0.00337314605712891 -0.0143184661865234 -0.149169921875 -0.052276611328125
-0.00757932662963867 -0.00480937957763672 -0.051422119140625 -0.26043701171875
0.00503063201904297 0.0144872665405273 0.21661376953125 -0.28912353515625
0.00595664978027344 0.0160923004150391 0.425384521484375 0.07623291015625
0.00372743606567383 0.00877666473388672 0.228851318359375 0.457550048828125
0.00296401977539062 0.0363731384277344 -0.059814453125 0.331298828125
-0.012847900390625 0.0390625 0.0432777404785156 0.00493240356445313
0.00567436218261719 0.0324039459228516 0.091278076171875 -0.375701904296875
0.0257930755615234 0.00691604614257813 -0.283355712890625 -0.440277099609375
0.0181922912597656 0.00461769104003906 -0.453460693359375 0.020111083984375
-0.00123953819274902 0.00263047218322754 -0.16534423828125 0.3092041015625
-0.0138101577758789 -0.00890064239501953 0.07843017578125 0.230255126953125
-0.00983142852783203 -0.00617599487304687 0.16949462890625 0.0162353515625
0.00588750839233398 -0.00313377380371094 0.122283935546875 -0.128036499023438
-0.00086355209350586 -0.00515556335449219 -0.117805480957031 0.1138916015625
0.00110626220703125 -0.0112495422363281 -0.143051147460938 -0.064483642578125
-0.00696372985839844 0.000419616699218749 -0.0274200439453125 -0.2711181640625
-0.000230789184570314 0.0172510147094727 0.248672485351563 -0.273193359375
-0.00228595733642578 0.0110979080200195 0.41998291015625 0.122283935546875
0.000974655151367188 -0.00345754623413086 0.1815185546875 0.4815673828125
0.00963211059570313 0.0221748352050781 -0.0810546875 0.31396484375
0.00230216979980469 0.0263004302978516 0.0546417236328125 -0.0147743225097656
0.0116300582885742 0.0163507461547852 0.06634521484375 -0.391693115234375
0.0198726654052734 -0.00564193725585938 -0.322784423828125 -0.41217041015625
0.0100631713867188 0.00214576721191406 -0.444549560546875 0.061126708984375
-0.0042719841003418 0.00687265396118164 -0.13238525390625 0.3134765625
-0.0133285522460938 -0.00478172302246094 0.10089111328125 0.215713500976563
-0.0061497688293457 -0.00409126281738281 0.173843383789063 0.0055084228515625
0.0114898681640625 -0.00149917602539063 0.116477966308594 -0.132591247558594
0.00596046447753906 -0.00210189819335938 -0.121307373046875 0.109619140625
0.00637388229370117 -0.00565671920776367 -0.139350891113281 -0.0726776123046875
-0.0049428939819336 0.00687408447265625 -0.01055908203125 -0.276931762695313
-0.00761795043945312 0.0187950134277344 0.269668579101563 -0.25897216796875
-0.0133438110351563 0.00229167938232422 0.414581298828125 0.151947021484375
-0.002349853515625 -0.0229015350341797 0.145843505859375 0.495391845703125
0.0212326049804688 0.000333786010742188 -0.096466064453125 0.302734375
0.0238914489746094 0.00632858276367188 0.06097412109375 -0.0266342163085938
0.0157289505004883 -0.00670623779296875 0.043609619140625 -0.3984375
0.00872039794921875 -0.0201416015625 -0.348724365234375 -0.385528564453125
-0.00173652172088623 0.000117897987365723 -0.436309814453125 0.090911865234375
-0.00750637054443359 0.0116567611694336 -0.1083984375 0.31640625
-0.0105619430541992 0.00032615661621094 0.119049072265625 0.205825805664063
0.000955641269683838 0.00082927942276001 0.1771240234375 -0.00201416015625
0.0180721282958984 0.000444412231445312 0.113105773925781 -0.135459899902344
0.0126352310180664 0.00102996826171875 -0.122871398925781 0.107246398925781
0.0128650665283203 0.000837326049804688 -0.137619018554688 -0.0750503540039063
-0.00244903564453125 0.0140953063964844 -0.00285339355468752 -0.277420043945313
-0.0157260894775391 0.0196342468261719 0.277328491210938 -0.252166748046875
-0.0251655578613281 -0.00955963134765626 0.407867431640625 0.163848876953125
-0.00719833374023438 -0.0471382141113281 0.129913330078125 0.500823974609375
0.0360755920410156 -0.0260658264160156 -0.105255126953125 0.300079345703125
0.0487098693847656 -0.0173416137695313 0.0591659545898438 -0.0280075073242188
0.0186271667480469 -0.0335140228271484 0.034332275390625 -0.395904541015625
-0.00628662109375 -0.0363807678222656 -0.357940673828125 -0.37335205078125
-0.0156831741333008 -0.00270938873291016 -0.4339599609375 0.101531982421875
-0.00963878631591797 0.0157241821289062 -0.100433349609375 0.3154296875
-0.00563526153564453 0.0068511962890625 0.127105712890625 0.202072143554688
0.00772285461425781 0.00608444213867188 0.180328369140625 -0.0027008056640625
0.0234947204589844 0.002716064453125 0.113746643066406 -0.137580871582031
0.0185108184814453 0.00337409973144531 -0.122276306152344 0.107498168945312
0.0199146270751953 0.00882911682128906 -0.139083862304688 -0.070953369140625
0.00187110900878906 0.0209808349609375 -0.00862121582031252 -0.274246215820313
-0.0219058990478516 0.0206775665283203 0.269866943359375 -0.257858276367188
-0.0387039184570312 -0.0206184387207031 0.410003662109375 0.14849853515625
-0.0144424438476562 -0.0720672607421875 0.143157958984375 0.496978759765625
0.0493125915527344 -0.0548477172851563 -0.104461669921875 0.3096923828125
0.0743026733398438 -0.0440750122070313 0.0488967895507813 -0.0171890258789063
0.0218620300292969 -0.0616874694824219 0.0374755859375 -0.383270263671875
-0.0208473205566406 -0.0544509887695313 -0.35052490234375 -0.376922607421875
-0.0310497283935547 -0.00802612304687501 -0.439727783203125 0.091033935546875
-0.0123214721679688 0.0193061828613281 -0.107666015625 0.3165283203125
0.000288963317871093 0.0160722732543945 0.126632690429688 0.207107543945313
0.0171270370483398 0.0139169692993164 0.182235717773438 0.000183105468750001
0.0307579040527344 0.00546646118164063 0.116859436035156 -0.136772155761719
0.0236434936523437 0.00523567199707031 -0.118881225585938 0.110343933105469
0.0268802642822266 0.0157051086425781 -0.14288330078125 -0.0602264404296875
0.00813674926757813 0.0276241302490234 -0.0277252197265625 -0.263504028320313
-0.0259819030761719 0.0238819122314453 0.2408447265625 -0.273712158203125
-0.052886962890625 -0.0267219543457031 0.41461181640625 0.10772705078125
-0.0290298461914062 -0.0924072265625 0.183685302734375 0.47894287109375
0.0550765991210938 -0.08465576171875 -0.089447021484375 0.332000732421875
0.0987625122070313 -0.0706787109375 0.0293102264404297 0.00765609741210937
0.0301742553710938 -0.0896072387695313 0.05389404296875 -0.3590087890625
-0.03228759765625 -0.0748214721679688 -0.319671630859375 -0.396514892578125
-0.0472450256347656 -0.0175323486328125 -0.4515380859375 0.056121826171875
-0.0189399719238281 0.0222911834716797 -0.13934326171875 0.314666748046875
0.00396919250488281 0.0223331451416016 0.109619140625 0.224822998046875
0.0246391296386719 0.0225830078125 0.183502197265625 0.0121612548828125
0.0363006591796875 0.008148193359375 0.12518310546875 -0.133224487304687
-0.0129337310791016 -0.0100765228271484 -0.102256774902344 0.128860473632813
-0.00554943084716797 -0.0133590698242188 -0.159088134765625 -0.025634765625
-0.00596904754638672 -0.00961112976074219 -0.101974487304688 -0.231338500976562
0.0101327896118164 0.00713062286376953 0.14276123046875 -0.312347412109375
0.00940227508544922 0.0125141143798828 0.42108154296875 -0.022247314453125
0.00150108337402344 0.00998115539550781 0.321685791015625 0.393585205078125
0.00275802612304688 0.0385551452636719 -0.00762939453124999 0.365142822265625
-0.018707275390625 0.0410385131835938 0.0131416320800781 0.0519523620605469
-0.003387451171875 0.0384445190429688 0.137298583984375 -0.328857421875
0.0218391418457031 0.0153312683105469 -0.19140625 -0.48968505859375
0.0216903686523437 0.00494003295898437 -0.461883544921875 -0.072357177734375
0.0041053295135498 -0.00408339500427246 -0.236236572265625 0.290435791015625
-0.00781631469726563 -0.0114593505859375 0.02716064453125 0.2581787109375
-0.0108470916748047 -0.00454139709472656 0.159805297851562 0.0394439697265625
-0.000646591186523438 -0.00500917434692383 0.132675170898438 -0.119918823242188
-0.010432243347168 -0.00942039489746094 -0.105072021484375 0.125617980957031
-0.00539684295654297 -0.0149507522583008 -0.154296875 -0.036865234375
-0.00763463973999023 -0.00811147689819336 -0.080108642578125 -0.245285034179688
0.00883579254150391 0.0104637145996094 0.176177978515625 -0.303314208984375
0.00962543487548828 0.0159521102905273 0.425323486328125 0.024169921875
0.00424671173095703 0.0125513076782227 0.281341552734375 0.425628662109375
0.002349853515625 0.0421333312988281 -0.031341552734375 0.349761962890625
-0.0191001892089844 0.04412841796875 0.0279922485351563 0.0289363861083984
0.000331878662109379 0.0392875671386719 0.11541748046875 -0.352874755859375
0.0259914398193359 0.0137386322021484 -0.239501953125 -0.466094970703125
0.0225410461425781 0.00513076782226563 -0.46051025390625 -0.0237731933593751
0.00190436840057373 -0.000906825065612793 -0.199981689453125 0.302276611328125
-0.0116291046142578 -0.0108442306518555 0.0531158447265625 0.244140625
-0.0116252899169922 -0.00666141510009766 0.164642333984375 0.0264434814453125
0.00164794921875 -0.00440263748168945 0.125213623046875 -0.124618530273438
-0.00598001480102539 -0.00759983062744141 -0.111259460449219 0.120269775390625
-0.00367069244384766 -0.0144519805908203 -0.14935302734375 -0.0504150390625
-0.0081472396850586 -0.00474071502685547 -0.0557403564453125 -0.258758544921875
0.00545787811279297 0.0141191482543945 0.211822509765625 -0.29034423828125
0.00600719451904297 0.0156459808349609 0.4256591796875 0.070159912109375
0.00365447998046875 0.00852441787719727 0.235748291015625 0.45281982421875
0.00365829467773437 0.0361557006835938 -0.05560302734375 0.330169677734375
-0.0120315551757813 0.0394668579101563 0.0432205200195313 0.00439071655273438
0.00588798522949218 0.0324344635009766 0.0865478515625 -0.3748779296875
0.0258979797363281 0.00599861145019531 -0.288604736328125 -0.43487548828125
0.0183296203613281 0.00395774841308594 -0.45098876953125 0.026580810546875
-0.00144720077514648 0.00238561630249023 -0.1612548828125 0.310638427734375
-0.0140142440795898 -0.00849151611328125 0.08038330078125 0.22882080078125
-0.00992012023925781 -0.005889892578125 0.16925048828125 0.0139923095703125
0.00587368011474609 -0.00375699996948242 0.120071411132813 -0.129158020019531
-0.000498771667480469 -0.00486946105957031 -0.115058898925781 0.114967346191406
0.000539779663085936 -0.0110177993774414 -0.144271850585937 -0.0626068115234375
-0.00685262680053711 0.000374794006347656 -0.031463623046875 -0.270233154296875
1.81198120117206E-05 0.0172414779663086 0.24407958984375 -0.274871826171875
-0.00232982635498047 0.0112409591674805 0.420623779296875 0.1168212890625
0.000397205352783203 -0.00345468521118164 0.186767578125 0.477203369140625
0.00984954833984375 0.0219841003417969 -0.077606201171875 0.313720703125
0.00253677368164062 0.0265312194824219 0.0541038513183594 -0.0152549743652344
0.0113563537597656 0.0161533355712891 0.060272216796875 -0.39154052734375
0.0196666717529297 -0.005615234375 -0.32684326171875 -0.40576171875
0.0098733901977539 0.00187492370605469 -0.44189453125 0.067535400390625
-0.00427103042602539 0.00721454620361328 -0.127838134765625 0.315216064453125
-0.0132169723510742 -0.00422096252441406 0.103286743164062 0.213790893554688
-0.00567054748535156 -0.00349235534667969 0.173492431640625 0.00323486328125
0.0111103057861328 -0.00186920166015625 0.11444091796875 -0.133857727050781
0.00634193420410156 -0.00181341171264648 -0.119194030761719 0.110603332519531
0.0061335563659668 -0.00543355941772461 -0.140251159667969 -0.0711898803710938
-0.00515031814575195 0.00717258453369141 -0.014617919921875 -0.275619506835937
-0.00741767883300781 0.0186862945556641 0.264175415039063 -0.26239013671875
-0.0129528045654297 0.00222301483154297 0.414764404296875 0.14666748046875
-0.00277328491210937 -0.0226936340332031 0.15264892578125 0.492584228515625
0.0215320587158203 0.000362396240234375 -0.093109130859375 0.3016357421875
0.0238513946533203 0.00617599487304688 0.0596237182617188 -0.0274772644042969
0.0154914855957031 -0.00650501251220703 0.039459228515625 -0.396820068359375
0.008270263671875 -0.0205326080322266 -0.35296630859375 -0.379180908203125
-0.00173425674438477 -0.000324845314025879 -0.4339599609375 0.0965270996093751
-0.00681018829345703 0.0119667053222656 -0.103668212890625 0.316619873046875
-0.0104179382324219 0.000806808471679688 0.120986938476562 0.2041015625
0.00115180015563965 0.000856876373291016 0.17626953125 -0.00396728515625
0.0178489685058594 -4.9591064453125E-05 0.110641479492187 -0.136802673339844
0.012725830078125 0.00126743316650391 -0.120452880859375 0.107933044433594
0.0130138397216797 0.00104427337646484 -0.138290405273438 -0.0728530883789062
-0.00185585021972656 0.0138711929321289 -0.006683349609375 -0.276199340820313
-0.0150413513183594 0.0196208953857422 0.27227783203125 -0.254852294921875
-0.0255146026611328 -0.00954818725585938 0.41015625 0.15826416015625
-0.00718307495117188 -0.0464363098144531 0.1375732421875 0.497650146484375
0.03594970703125 -0.0263290405273438 -0.1014404296875 0.29998779296875
0.0479698181152344 -0.0182418823242188 0.05841064453125 -0.029144287109375
0.0179901123046875 -0.0333042144775391 0.029693603515625 -0.395477294921875
-0.00683975219726563 -0.036102294921875 -0.361572265625 -0.368560791015625
-0.0157632827758789 -0.0031900405883789 -0.431427001953125 0.107635498046875
-0.00937843322753906 0.016301155090332 -0.096038818359375 0.316680908203125
-0.00580835342407226 0.00755643844604492 0.129638671875 0.199676513671875
0.00813436508178711 0.00571298599243164 0.179336547851563 -0.005523681640625
0.0237388610839844 0.00198936462402344 0.110687255859375 -0.138282775878906
0.0191326141357422 0.00341033935546875 -0.120079040527344 0.108589172363281
0.019866943359375 0.00849151611328125 -0.139762878417969 -0.068878173828125
0.00241661071777344 0.020751953125 -0.0127105712890625 -0.272415161132813
-0.02130126953125 0.0209693908691406 0.264022827148438 -0.260269165039063
-0.0394134521484375 -0.0202560424804687 0.410247802734375 0.14263916015625
-0.0156326293945313 -0.0713348388671875 0.149871826171875 0.4920654296875
0.0487861633300781 -0.05535888671875 -0.09967041015625 0.30950927734375
0.0735397338867188 -0.0447006225585938 0.0483512878417969 -0.0181198120117188
0.0214729309082031 -0.0619468688964844 0.03240966796875 -0.382904052734375
-0.0219001770019531 -0.0536346435546875 -0.3541259765625 -0.370849609375
-0.0312767028808594 -0.00785064697265625 -0.436553955078125 0.0962524414062501
-0.012542724609375 0.0195751190185547 -0.103179931640625 0.317047119140625
0.000797271728515624 0.0163593292236328 0.128631591796875 0.204315185546875
0.0173425674438477 0.0137844085693359 0.18121337890625 -0.002593994140625
0.0307445526123047 0.00485420227050781 0.114181518554687 -0.137939453125
0.0241336822509766 0.00475502014160156 -0.116249084472656 0.11151123046875
0.0269641876220703 0.0150527954101563 -0.143768310546875 -0.058349609375
0.00867843627929688 0.0269718170166016 -0.0318450927734375 -0.261932373046875
-0.0251846313476563 0.0242538452148438 0.236312866210938 -0.275466918945313
-0.0532913208007813 -0.0256881713867187 0.415130615234375 0.1019287109375
-0.0300827026367188 -0.091522216796875 0.189605712890625 0.473968505859375
0.0542755126953125 -0.0849533081054687 -0.086029052734375 0.33135986328125
0.0974807739257813 -0.0712966918945313 0.0290660858154297 0.00735664367675781
0.0290298461914063 -0.0896453857421875 0.048828125 -0.3587646484375
-0.033203125 -0.0743942260742188 -0.3245849609375 -0.39068603515625
-0.0473670959472656 -0.01751708984375 -0.449310302734375 0.0635070800781249
-0.0182399749755859 0.0220870971679688 -0.1346435546875 0.316070556640625
0.00413703918457031 0.0222244262695313 0.112472534179687 0.2222900390625
0.0251140594482422 0.0222721099853516 0.182785034179688 0.0094451904296875
0.03643798828125 0.00733184814453125 0.122383117675781 -0.134445190429687
-0.0127506256103516 -0.00961780548095703 -0.0991897583007813 0.129035949707031
-0.00526142120361328 -0.0129451751708984 -0.158309936523438 -0.023406982421875
-0.005889892578125 -0.0102310180664063 -0.105072021484375 -0.228042602539062
0.0104475021362305 0.00665283203125 0.1380615234375 -0.3125
0.00932884216308594 0.0126733779907227 0.418121337890625 -0.025146484375
0.00200939178466797 0.0100612640380859 0.326263427734375 0.387054443359375
0.00325775146484375 0.0384445190429688 -0.00408935546875002 0.3619384765625
-0.0184288024902344 0.0410957336425781 0.0136260986328125 0.0512428283691406
-0.0035858154296875 0.0384445190429687 0.133331298828125 -0.32855224609375
0.0216865539550781 0.0152511596679688 -0.197784423828125 -0.484375
0.0216541290283203 0.00434684753417969 -0.46197509765625 -0.0654907226562501
0.00361323356628418 -0.00394392013549805 -0.23138427734375 0.29296875
-0.0080251693725586 -0.0112180709838867 0.0298614501953125 0.25750732421875
-0.010737419128418 -0.004180908203125 0.1595458984375 0.03729248046875
-0.000606536865234376 -0.00499296188354492 0.130363464355469 -0.120841979980469
-0.0102596282958984 -0.00840377807617188 -0.102897644042969 0.125953674316406
-0.00555896759033203 -0.0149059295654297 -0.154098510742188 -0.03533935546875
-0.00774860382080078 -0.00842809677124023 -0.08331298828125 -0.242843627929688
0.00891971588134765 0.0103158950805664 0.17132568359375 -0.3031005859375
0.00974750518798828 0.0155239105224609 0.42352294921875 0.018646240234375
0.00432586669921875 0.0128469467163086 0.285125732421875 0.42022705078125
0.00275802612304687 0.0415191650390625 -0.026947021484375 0.347198486328125
-0.018707275390625 0.0440902709960937 0.0280246734619141 0.0282917022705078
0.00107574462890625 0.0394744873046875 0.11077880859375 -0.352447509765625
0.0258808135986328 0.0131893157958984 -0.245330810546875 -0.461090087890625
0.0222873687744141 0.00482368469238281 -0.45843505859375 -0.0171203613281251
0.00172293186187744 -0.000999093055725098 -0.1954345703125 0.304168701171875
-0.0116539001464844 -0.0104789733886719 0.0555877685546875 0.242584228515625
-0.01177978515625 -0.00652408599853516 0.164031982421875 0.0243072509765625
0.00160980224609375 -0.00458335876464844 0.123283386230469 -0.126289367675781
-0.00587320327758789 -0.00706577301025391 -0.108421325683594 0.121253967285156
-0.00372982025146484 -0.0136051177978516 -0.149246215820313 -0.048736572265625
-0.00821256637573242 -0.00460004806518555 -0.0592803955078125 -0.256805419921875
0.00563430786132813 0.0138368606567383 0.20562744140625 -0.29095458984375
0.00572395324707031 0.0157680511474609 0.42303466796875 0.064361572265625
0.00367403030395508 0.00853109359741211 0.241058349609375 0.448760986328125
0.0043792724609375 0.0359649658203125 -0.05157470703125 0.327972412109375
-0.0117454528808594 0.0394096374511719 0.0426406860351563 0.00351333618164063
0.00636672973632812 0.0320816040039063 0.08209228515625 -0.3739013671875
0.0256195068359375 0.00572967529296875 -0.29241943359375 -0.42926025390625
0.0181751251220703 0.00381851196289062 -0.449981689453125 0.0320129394531249
-0.0014188289642334 0.00235652923583984 -0.156829833984375 0.31201171875
-0.0134820938110352 -0.00818157196044922 0.0831146240234375 0.227127075195312
-0.0102901458740234 -0.00579643249511719 0.169296264648438 0.0112762451171875
0.00589275360107422 -0.0036473274230957 0.117866516113281 -0.130485534667969
0.000135898590087891 -0.00453805923461914 -0.112533569335937 0.115287780761719
0.0008544921875 -0.0109901428222656 -0.144500732421875 -0.0607147216796875
-0.00707578659057617 0.000566005706787109 -0.0344085693359375 -0.267898559570313
9.5367431640616E-06 0.0169992446899414 0.238388061523438 -0.275115966796875
-0.00228309631347656 0.0113344192504883 0.41973876953125 0.1104736328125
0.000260591506958008 -0.00320219993591309 0.192718505859375 0.473236083984375
0.0101337432861328 0.0215568542480469 -0.07318115234375 0.311737060546875
0.00307083129882813 0.0263423919677734 0.0535125732421875 -0.0160369873046875
0.0119953155517578 0.0161314010620117 0.05584716796875 -0.389739990234375
0.0191497802734375 -0.00608634948730469 -0.3306884765625 -0.399444580078125
0.00953960418701172 0.00152873992919922 -0.43988037109375 0.0723876953125001
-0.00435400009155273 0.00700807571411133 -0.12347412109375 0.315521240234375
-0.0134191513061523 -0.00407218933105469 0.105331420898438 0.211700439453125
-0.00570917129516602 -0.00362348556518555 0.172332763671875 0.001007080078125
0.011199951171875 -0.00235176086425781 0.111412048339844 -0.1346435546875
0.00668001174926758 -0.00157690048217773 -0.117240905761719 0.111221313476563
0.00664091110229492 -0.00553226470947266 -0.14080810546875 -0.0688018798828125
-0.00466060638427734 0.00698566436767578 -0.0173492431640625 -0.2744140625
-0.006927490234375 0.0188159942626953 0.260833740234375 -0.263702392578125
-0.0132350921630859 0.0023651123046875 0.414398193359375 0.140655517578125
-0.00318145751953125 -0.0222301483154297 0.160186767578125 0.48736572265625
0.0215091705322266 -1.1444091796875E-05 -0.08892822265625 0.3009033203125
0.0236110687255859 0.00608062744140625 0.0586776733398438 -0.0282096862792969
0.0153484344482422 -0.00675773620605469 0.03497314453125 -0.394378662109375
0.00748443603515625 -0.0203475952148438 -0.35595703125 -0.372222900390625
-0.00185501575469971 -0.000970125198364258 -0.4315185546875 0.10150146484375
-0.00690937042236328 0.0119562149047852 -0.099884033203125 0.316925048828125
-0.0103740692138672 0.000997543334960938 0.122650146484375 0.201446533203125
0.00120508670806885 0.000824093818664551 0.175872802734375 -0.0066070556640625
0.0177841186523438 -0.000604629516601563 0.108230590820313 -0.137397766113281
0.0136928558349609 0.00150299072265625 -0.118247985839844 0.108749389648437
0.0129537582397461 0.00116729736328125 -0.138847351074219 -0.07122802734375
-0.00195598602294922 0.0138130187988281 -0.0108489990234375 -0.27508544921875
-0.0144996643066406 0.0198230743408203 0.267776489257813 -0.25775146484375
-0.0258827209472656 -0.00899696350097657 0.40972900390625 0.153350830078125
-0.00815200805664062 -0.0463523864746094 0.1436767578125 0.493316650390625
0.0360488891601562 -0.0261764526367188 -0.097686767578125 0.29876708984375
0.0478706359863281 -0.018341064453125 0.0570716857910156 -0.0295219421386719
0.0178909301757813 -0.0336189270019531 0.024932861328125 -0.39306640625
-0.00737762451171875 -0.03607177734375 -0.36505126953125 -0.361480712890625
-0.0162563323974609 -0.00310134887695312 -0.427978515625 0.111907958984375
-0.00932121276855469 0.0162267684936523 -0.091766357421875 0.31640625
-0.00544118881225586 0.00773000717163086 0.131362915039062 0.197219848632813
0.00819778442382813 0.00555562973022461 0.178482055664063 -0.00823974609375
0.0230941772460937 0.001190185546875 0.10833740234375 -0.139297485351563
0.0196056365966797 0.00317764282226563 -0.117835998535156 0.109085083007812
0.0199832916259766 0.00819206237792969 -0.140625 -0.0667877197265625
0.00267410278320313 0.0203971862792969 -0.01629638671875 -0.271026611328125
-0.0208759307861328 0.0205726623535156 0.25927734375 -0.260635375976563
-0.0392723083496094 -0.0192718505859375 0.4105224609375 0.137725830078125
-0.0160980224609375 -0.0705184936523438 0.15496826171875 0.488189697265625
0.0483169555664063 -0.0557479858398438 -0.095489501953125 0.308563232421875
0.0731964111328125 -0.0450820922851563 0.0474929809570313 -0.0183906555175781
0.0204238891601562 -0.0614395141601563 0.02947998046875 -0.381591796875
-0.0223197937011719 -0.0535736083984375 -0.356231689453125 -0.36505126953125
-0.0315151214599609 -0.00794029235839844 -0.434112548828125 0.10198974609375
-0.0126724243164063 0.0197505950927734 -0.09869384765625 0.31756591796875
0.000882148742675783 0.0163936614990234 0.130325317382813 0.202239990234375
0.0176906585693359 0.0134868621826172 0.180511474609375 -0.0048980712890625
0.0308494567871094 0.00428199768066406 0.111480712890625 -0.138633728027344
0.0250034332275391 0.00441551208496094 -0.113922119140625 0.112068176269531
0.0273418426513672 0.0148181915283203 -0.144012451171875 -0.055999755859375
0.00910186767578125 0.0269947052001953 -0.03485107421875 -0.260101318359375
-0.0244770050048828 0.0237598419189453 0.231246948242188 -0.27606201171875
-0.0535163879394531 -0.0246620178222656 0.413421630859375 0.096405029296875
-0.0314483642578125 -0.0908660888671875 0.195220947265625 0.468353271484375
0.053497314453125 -0.0853271484375 -0.081146240234375 0.329833984375
0.095947265625 -0.0719833374023438 0.0288219451904297 0.00709342956542968
0.0279617309570312 -0.089080810546875 0.045074462890625 -0.357696533203125
-0.0341796875 -0.0735931396484375 -0.327728271484375 -0.384429931640625
-0.0477523803710937 -0.01678466796875 -0.44573974609375 0.0678710937500001
-0.0182323455810547 0.0223064422607422 -0.13037109375 0.31719970703125
0.00501251220703125 0.0225238800048828 0.114776611328125 0.219940185546875
0.0251007080078125 0.0223484039306641 0.182113647460938 0.0064544677734375
0.0362358093261719 0.00722122192382813 0.120506286621094 -0.135292053222656
-0.0121307373046875 -0.00904369354248047 -0.0969085693359375 0.129135131835938
-0.00508403778076172 -0.0126543045043945 -0.157974243164063 -0.021942138671875
-0.00621128082275391 -0.00975990295410156 -0.106887817382813 -0.225723266601562
0.0101308822631836 0.00660228729248047 0.133148193359375 -0.31109619140625
0.00946044921875 0.0123052597045898 0.415985107421875 -0.0303955078125
0.0015869140625 0.0102262496948242 0.328155517578125 0.382598876953125
0.00418472290039063 0.0380134582519531 -0.000244140624999974 0.359954833984375
-0.0178756713867188 0.0410385131835938 0.0137901306152344 0.05084228515625
-0.00289535522460937 0.0383987426757813 0.128692626953125 -0.32763671875
0.0216350555419922 0.0146522521972656 -0.201080322265625 -0.478973388671875
0.0217456817626953 0.00366401672363281 -0.4598388671875 -0.059722900390625
0.00386571884155273 -0.00378870964050293 -0.2271728515625 0.29425048828125
-0.00808238983154297 -0.0110015869140625 0.0324554443359375 0.255752563476563
-0.0109424591064453 -0.00428009033203125 0.15948486328125 0.034820556640625
-0.000315189361572265 -0.00513076782226563 0.128646850585938 -0.1220703125
-0.0100631713867188 -0.00793743133544922 -0.100181579589844 0.125587463378906
-0.00553798675537109 -0.0142631530761719 -0.153671264648438 -0.0336456298828125
-0.00795650482177734 -0.00818490982055664 -0.0859527587890625 -0.240219116210938
0.0087118148803711 0.00963020324707031 0.166229248046875 -0.302398681640625
0.00995826721191406 0.0151023864746094 0.420379638671875 0.013671875
0.00433349609375 0.0127220153808594 0.288604736328125 0.4140625
0.00360488891601562 0.0416412353515625 -0.02349853515625 0.344451904296875
-0.0181198120117187 0.0444259643554688 0.0275382995605469 0.0280208587646484
0.00121307373046875 0.0392341613769531 0.10687255859375 -0.35107421875
0.0255355834960938 0.0128402709960938 -0.24774169921875 -0.4569091796875
0.0221118927001953 0.00453758239746094 -0.456512451171875 -0.012786865234375
0.00210583209991455 -0.000666379928588867 -0.19134521484375 0.30487060546875
-0.011937141418457 -0.00994968414306641 0.05804443359375 0.241165161132813
-0.0116720199584961 -0.00604343414306641 0.16339111328125 0.02227783203125
0.00146007537841797 -0.00510358810424805 0.121078491210938 -0.126640319824219
-0.00543355941772461 -0.00642681121826172 -0.106353759765625 0.121002197265625
-0.0038290023803711 -0.0132265090942383 -0.149154663085938 -0.04754638671875
-0.00804281234741211 -0.00453615188598633 -0.06158447265625 -0.254669189453125
0.00574684143066406 0.0134477615356445 0.201171875 -0.29107666015625
0.00611686706542969 0.0154323577880859 0.421234130859375 0.06024169921875
0.00326013565063477 0.00853061676025391 0.244293212890625 0.44256591796875
0.00482940673828125 0.0356063842773438 -0.047943115234375 0.32501220703125
-0.0111007690429688 0.0392112731933594 0.0418548583984375 0.002777099609375
0.00652503967285156 0.0314903259277344 0.077362060546875 -0.3720703125
0.0253410339355469 0.00524520874023438 -0.295440673828125 -0.423980712890625
0.0182533264160156 0.00283050537109375 -0.447265625 0.0374755859374999
-0.0013728141784668 0.0027015209197998 -0.152984619140625 0.31219482421875
-0.0140295028686523 -0.00791645050048828 0.084564208984375 0.225479125976563
-0.00948047637939453 -0.00559520721435547 0.1678466796875 0.009429931640625
0.00569772720336914 -0.00426673889160156 0.115089416503906 -0.130722045898438
0.00068211555480957 -0.0041651725769043 -0.110572814941406 0.115653991699219
0.00082874298095703 -0.01043701171875 -0.144180297851562 -0.0591583251953125
-0.00694561004638672 0.000642299652099611 -0.0376739501953125 -0.266387939453125
0.000628471374511718 0.0164279937744141 0.23480224609375 -0.276336669921875
-0.00223159790039062 0.0110683441162109 0.419158935546875 0.10626220703125
0.000500679016113281 -0.00295758247375488 0.1976318359375 0.468231201171875
0.0109195709228516 0.0214557647705078 -0.06951904296875 0.310272216796875
0.00322341918945312 0.0263385772705078 0.052520751953125 -0.0164794921875
0.0122642517089844 0.0160322189331055 0.05133056640625 -0.38702392578125
0.0190753936767578 -0.00669479370117188 -0.332855224609375 -0.394805908203125
0.00974941253662109 0.00102901458740234 -0.437591552734375 0.0772705078124999
-0.00416851043701172 0.00723123550415039 -0.119842529296875 0.31561279296875
-0.013249397277832 -0.00327205657958985 0.106674194335938 0.209930419921875
-0.00586318969726562 -0.00322961807250977 0.171127319335938 -0.00067138671875
0.011195182800293 -0.00307655334472656 0.109375 -0.134513854980469
0.00727653503417969 -0.00156497955322266 -0.114356994628906 0.111259460449219
0.00649690628051758 -0.0052800178527832 -0.140853881835938 -0.0671539306640625
-0.00490903854370117 0.00673532485961914 -0.0214080810546875 -0.272369384765625
-0.00708198547363281 0.0183277130126953 0.255615234375 -0.263626098632813
-0.0131034851074219 0.00260734558105469 0.413818359375 0.136383056640625
-0.00333595275878906 -0.0221233367919922 0.163299560546875 0.482208251953125
0.021636962890625 5.91278076171875E-05 -0.085723876953125 0.2996826171875
0.0236587524414063 0.00539207458496094 0.0580062866210938 -0.0284652709960938
0.0151281356811523 -0.00680351257324219 0.0296630859375 -0.392608642578125
0.0070953369140625 -0.0206737518310547 -0.3587646484375 -0.366363525390625
-0.00222396850585937 -0.00101828575134277 -0.427642822265625 0.10595703125
-0.00686073303222656 0.0120754241943359 -0.09619140625 0.31646728515625
-0.00996017456054688 0.00178623199462891 0.124130249023438 0.199020385742188
0.00138628482818604 0.000899314880371094 0.17486572265625 -0.0087127685546875
0.0177364349365234 -0.000944137573242187 0.105560302734375 -0.137565612792969
0.0136861801147461 0.001373291015625 -0.115562438964844 0.109138488769531
0.0131282806396484 0.00129127502441406 -0.139205932617188 -0.0696563720703125
-0.00154876708984375 0.0134372711181641 -0.0136566162109375 -0.273162841796875
-0.0141639709472656 0.0191993713378906 0.262893676757813 -0.25726318359375
-0.0258388519287109 -0.00850486755371093 0.407745361328125 0.14862060546875
-0.00833892822265625 -0.0453758239746094 0.147735595703125 0.48883056640625
0.0358047485351562 -0.0261268615722656 -0.0941162109375 0.297271728515625
0.0476951599121094 -0.0187149047851562 0.0559654235839844 -0.0297126770019531
0.0171337127685547 -0.0334949493408203 0.0198974609375 -0.390655517578125
-0.008270263671875 -0.0357513427734375 -0.3668212890625 -0.35552978515625
-0.0165252685546875 -0.00342750549316406 -0.424468994140625 0.11572265625
-0.00920772552490234 0.0161561965942383 -0.0877685546875 0.316314697265625
-0.00527334213256836 0.00810575485229492 0.132720947265625 0.194931030273438
0.00823640823364258 0.00552892684936523 0.1773681640625 -0.0100860595703125
0.0232524871826172 0.000894546508789063 0.10626220703125 -0.139518737792969
0.0199050903320313 0.00339126586914063 -0.115249633789063 0.109451293945313
0.020111083984375 0.007904052734375 -0.141006469726563 -0.06524658203125
0.00240516662597656 0.0198726654052734 -0.0193023681640625 -0.2694091796875
-0.0204925537109375 0.0204849243164062 0.255172729492188 -0.262619018554688
-0.0395698547363281 -0.0188751220703125 0.409271240234375 0.1319580078125
-0.0169219970703125 -0.0695228576660156 0.160430908203125 0.484130859375
0.0477790832519531 -0.0554428100585938 -0.092620849609375 0.30712890625
0.0718917846679688 -0.0451889038085937 0.0465126037597656 -0.0186614990234375
0.0199661254882813 -0.0610122680664063 0.024993896484375 -0.379974365234375
-0.0231666564941406 -0.0527687072753906 -0.35833740234375 -0.3590087890625
-0.0315456390380859 -0.00769996643066406 -0.430877685546875 0.106719970703125
-0.0123119354248047 0.0196208953857422 -0.094818115234375 0.31671142578125
0.00121498107910156 0.016545295715332 0.131744384765625 0.199600219726563
0.0175933837890625 0.0131607055664062 0.179306030273438 -0.00738525390625
0.0304489135742188 0.00388717651367188 0.109390258789063 -0.138946533203125
0.0255393981933594 0.0042572021484375 -0.112037658691406 0.1123046875
0.0275230407714844 0.0146446228027344 -0.14422607421875 -0.0542144775390625
0.00867271423339844 0.0265426635742188 -0.0381927490234375 -0.25830078125
-0.0241985321044922 0.0236606597900391 0.226974487304688 -0.276504516601563
-0.0536727905273437 -0.0243301391601562 0.41265869140625 0.091796875
-0.0321044921875 -0.0895233154296875 0.19952392578125 0.464447021484375
0.0530929565429688 -0.08514404296875 -0.078460693359375 0.328826904296875
0.094879150390625 -0.0721664428710938 0.0282211303710938 0.00684165954589843
0.0271759033203125 -0.0887222290039063 0.0408935546875 -0.355255126953125
-0.0353317260742187 -0.0731430053710938 -0.329376220703125 -0.378875732421875
-0.0480766296386719 -0.0165901184082031 -0.4425048828125 0.072540283203125
-0.0176582336425781 0.0226535797119141 -0.126129150390625 0.317138671875
0.00541305541992188 0.0225715637207031 0.116241455078125 0.218063354492188
0.0254135131835938 0.0214672088623047 0.181182861328125 0.0042266845703125
0.0364913940429688 0.00609970092773438 0.1177978515625 -0.135940551757813
-0.0117893218994141 -0.00854206085205078 -0.0949478149414062 0.128372192382813
-0.00510311126708984 -0.0121364593505859 -0.157180786132813 -0.0207672119140625
-0.00648593902587891 -0.00963401794433594 -0.109176635742187 -0.222457885742188
0.010467529296875 0.00609397888183594 0.12908935546875 -0.30999755859375
0.00905609130859375 0.0121831893920898 0.41162109375 -0.033721923828125
0.00144863128662109 0.0104207992553711 0.329254150390625 0.376068115234375
0.00432205200195313 0.0375328063964844 0.00286865234375001 0.355926513671875
-0.017333984375 0.0410690307617188 0.0138816833496094 0.0503921508789063
-0.002410888671875 0.0381126403808594 0.12567138671875 -0.32611083984375
0.0216388702392578 0.013916015625 -0.204986572265625 -0.4744873046875
0.0210990905761719 0.00289344787597656 -0.457122802734375 -0.0557556152343751
0.00343489646911621 -0.00362324714660645 -0.222869873046875 0.2943115234375
-0.00795555114746094 -0.0103921890258789 0.0345306396484375 0.254058837890625
-0.01068115234375 -0.00361442565917969 0.158294677734375 0.0330963134765625
-0.000694751739501954 -0.00532150268554688 0.126556396484375 -0.122940063476563
-0.00943946838378906 -0.00778007507324219 -0.098052978515625 0.125267028808594
-0.00528144836425781 -0.0138711929321289 -0.153350830078125 -0.0326385498046875
-0.00815057754516602 -0.00793600082397461 -0.0876617431640625 -0.238021850585937
0.00936317443847656 0.00949478149414063 0.162139892578125 -0.30181884765625
0.00981903076171875 0.0148429870605469 0.418731689453125 0.011627197265625
0.00453472137451172 0.0129165649414063 0.290771484375 0.408782958984375
0.0037994384765625 0.0412635803222656 -0.0205078125 0.341278076171875
-0.0173873901367188 0.0443763732910156 0.0276813507080078 0.0273513793945313
0.00204086303710937 0.0390815734863281 0.102081298828125 -0.349334716796875
0.0254535675048828 0.0120162963867187 -0.250946044921875 -0.44830322265625
0.0221138000488281 0.00359153747558594 -0.452789306640625 -0.00839233398437498
0.001426100730896 -0.000928282737731934 -0.187164306640625 0.304595947265625
-0.0121755599975586 -0.00947189331054688 0.0591583251953125 0.23919677734375
-0.0115070343017578 -0.00541973114013672 0.1629638671875 0.0202789306640625
0.00131940841674805 -0.00484800338745117 0.119194030761719 -0.127288818359375
-0.00510787963867188 -0.00610494613647461 -0.104179382324219 0.120750427246094
-0.00348281860351563 -0.0132455825805664 -0.148757934570313 -0.0458831787109375
-0.00805997848510742 -0.00466108322143555 -0.0642242431640625 -0.252212524414063
0.00651741027832031 0.0131206512451172 0.19757080078125 -0.290740966796875
0.00615310668945313 0.0150909423828125 0.419464111328125 0.055419921875
0.00331306457519531 0.00853490829467773 0.24664306640625 0.437347412109375
0.00534248352050781 0.0351142883300781 -0.04473876953125 0.322265625
-0.01043701171875 0.0390625 0.0415077209472656 0.00261688232421875
0.00725936889648437 0.0317802429199219 0.0736083984375 -0.370208740234375
0.0248870849609375 0.00466346740722656 -0.29718017578125 -0.417510986328125
0.0177974700927734 0.00272941589355469 -0.443756103515625 0.0411987304687499
-0.00163888931274414 0.00271439552307129 -0.149200439453125 0.311248779296875
-0.013519287109375 -0.00712108612060547 0.0860137939453125 0.222793579101562
-0.009307861328125 -0.00540447235107422 0.16656494140625 0.0077056884765625
0.00573301315307617 -0.00448322296142578 0.113227844238281 -0.131370544433594
0.000954866409301757 -0.00377035140991211 -0.108444213867188 0.115402221679687
0.00066375732421875 -0.0100021362304688 -0.143951416015625 -0.057708740234375
-0.0069732666015625 0.000525474548339843 -0.0405426025390625 -0.263580322265625
0.000632286071777344 0.0160608291625977 0.229583740234375 -0.276199340820313
-0.00230884552001953 0.0110025405883789 0.41644287109375 0.101715087890625
0.000233888626098633 -0.00282859802246094 0.199981689453125 0.46307373046875
0.01129150390625 0.0213146209716797 -0.0670166015625 0.308013916015625
0.00354766845703125 0.0259456634521484 0.0521163940429688 -0.0168266296386719
0.0120162963867188 0.0157079696655273 0.047119140625 -0.384613037109375
0.0187606811523437 -0.00677108764648437 -0.334014892578125 -0.387237548828125
0.00878620147705078 0.000638008117675781 -0.43255615234375 0.080596923828125
-0.00429105758666992 0.00736284255981445 -0.115478515625 0.314605712890625
-0.0131778717041016 -0.00286293029785156 0.107421875 0.207229614257813
-0.00596046447753906 -0.00309038162231445 0.170089721679687 -0.0027923583984375
0.0106534957885742 -0.00310134887695313 0.107040405273438 -0.135353088378906
0.00785303115844727 -0.00119161605834961 -0.112648010253906 0.111328125
0.00610208511352539 -0.00512504577636719 -0.140838623046875 -0.0661468505859375
-0.00474119186401367 0.0066523551940918 -0.0238037109375 -0.269866943359375
-0.00630760192871094 0.0182571411132813 0.250534057617187 -0.263442993164063
-0.0132026672363281 0.00253200531005859 0.410675048828125 0.131256103515625
-0.00375938415527344 -0.0217018127441406 0.16644287109375 0.47894287109375
0.02197265625 -0.000711441040039063 -0.08251953125 0.29742431640625
0.0235481262207031 0.00592613220214844 0.0566368103027344 -0.028533935546875
0.0150842666625977 -0.00695991516113281 0.0255126953125 -0.390716552734375
0.00671005249023438 -0.0209159851074219 -0.35919189453125 -0.36138916015625
-0.00240159034729004 -0.00103998184204102 -0.423370361328125 0.10968017578125
-0.00664234161376953 0.0118818283081055 -0.09259033203125 0.315826416015625
-0.0102415084838867 0.00193309783935547 0.125106811523438 0.19671630859375
0.00141489505767822 0.00111699104309082 0.172683715820313 -0.0104522705078125
0.0176906585693359 -0.00128746032714844 0.10382080078125 -0.137580871582031
0.0146169662475586 0.00134563446044922 -0.113922119140625 0.109123229980469
0.0132169723510742 0.00121021270751953 -0.139419555664063 -0.0678176879882813
-0.00208282470703125 0.0133180618286133 -0.016448974609375 -0.27069091796875
-0.0139198303222656 0.0191230773925781 0.258209228515625 -0.258316040039063
-0.0260868072509766 -0.00835037231445312 0.407073974609375 0.142822265625
-0.00870513916015625 -0.04486083984375 0.152130126953125 0.484649658203125
0.0358619689941406 -0.026611328125 -0.091400146484375 0.295654296875
0.0472602844238281 -0.0187492370605469 0.0551223754882813 -0.0303993225097656
0.0165424346923828 -0.0327739715576172 0.0159912109375 -0.387542724609375
-0.00856399536132813 -0.0357475280761719 -0.3671875 -0.348876953125
-0.0166473388671875 -0.00311851501464843 -0.420257568359375 0.1192626953125
-0.00894737243652344 0.0160503387451172 -0.084259033203125 0.315673828125
-0.00482034683227539 0.00818395614624023 0.133575439453125 0.192947387695313
0.00848102569580078 0.00544309616088867 0.176132202148437 -0.0117340087890625
0.0234508514404297 0.000865936279296875 0.103782653808594 -0.1396484375
0.0206203460693359 0.00332450866699219 -0.113677978515625 0.109329223632813
0.0205211639404297 0.00770187377929688 -0.140945434570313 -0.0636749267578125
0.00251197814941406 0.019927978515625 -0.0217437744140625 -0.266693115234375
-0.0204486846923828 0.0207710266113281 0.251052856445312 -0.262420654296875
-0.0398521423339844 -0.0184135437011719 0.408050537109375 0.12799072265625
-0.0172538757324219 -0.0684967041015625 0.16497802734375 0.47998046875
0.0477676391601563 -0.0560150146484375 -0.089324951171875 0.305633544921875
0.0710372924804688 -0.0457229614257813 0.0456275939941406 -0.0188026428222656
0.0192642211914062 -0.0606269836425781 0.021484375 -0.375732421875
-0.0237159729003906 -0.052276611328125 -0.360107421875 -0.3521728515625
-0.0319004058837891 -0.00746345520019532 -0.42510986328125 0.110198974609375
-0.0121936798095703 0.0197315216064453 -0.091339111328125 0.316162109375
0.00131034851074219 0.0166015625 0.133102416992188 0.197128295898438
0.0174007415771484 0.0129098892211914 0.178512573242187 -0.0090484619140625
0.030487060546875 0.00317192077636719 0.107009887695313 -0.139419555664063
0.0261650085449219 0.00447273254394531 -0.1097412109375 0.112396240234375
0.0277137756347656 0.0143337249755859 -0.144119262695313 -0.052642822265625
0.00899314880371094 0.0257987976074219 -0.040313720703125 -0.25579833984375
-0.0237255096435547 0.0238590240478516 0.222198486328125 -0.275909423828125
-0.0541038513183594 -0.023773193359375 0.41046142578125 0.08831787109375
-0.0326461791992188 -0.0882492065429688 0.2022705078125 0.45904541015625
0.0524063110351563 -0.0849761962890625 -0.07525634765625 0.326263427734375
0.0938262939453125 -0.0725173950195313 0.0276203155517578 0.0062713623046875
0.0263137817382812 -0.0880966186523438 0.037933349609375 -0.353546142578125
-0.0358505249023437 -0.0719528198242188 -0.330718994140625 -0.3741455078125
-0.0484962463378906 -0.0160331726074219 -0.439453125 0.076934814453125
-0.0175056457519531 0.0223712921142578 -0.122222900390625 0.316192626953125
0.00545692443847656 0.0225124359130859 0.11749267578125 0.215652465820312
0.0251560211181641 0.0213432312011719 0.179962158203125 0.0024261474609375
0.0355644226074219 0.00608062744140625 0.115867614746094 -0.13641357421875
-0.0110969543457031 -0.00785350799560547 -0.092559814453125 0.127708435058594
-0.00493431091308594 -0.0122966766357422 -0.156585693359375 -0.0196685791015625
-0.00653457641601563 -0.00965690612792969 -0.110794067382812 -0.219985961914063
0.0107812881469727 0.00582408905029297 0.125579833984375 -0.30767822265625
0.00913047790527344 0.0120506286621094 0.40875244140625 -0.036895751953125
0.00162792205810547 0.0105161666870117 0.3310546875 0.37005615234375
0.0048370361328125 0.0375480651855469 0.00488281250000001 0.35321044921875
-0.0169639587402344 0.0406532287597656 0.0140228271484375 0.0493621826171875
-0.00226211547851562 0.0384788513183594 0.1221923828125 -0.324981689453125
0.0209808349609375 0.0139064788818359 -0.207427978515625 -0.468597412109375
0.0208358764648438 0.00261878967285156 -0.453582763671875 -0.051544189453125
0.00329232215881348 -0.0037689208984375 -0.219146728515625 0.294830322265625
-0.00816154479980469 -0.00997447967529297 0.0362548828125 0.252456665039063
-0.0104961395263672 -0.00341320037841797 0.156967163085938 0.031280517578125
-0.000834941864013672 -0.00520038604736328 0.124588012695312 -0.122795104980469
-0.00886821746826172 -0.00728988647460937 -0.0959854125976562 0.1243896484375
-0.00527000427246094 -0.0136175155639648 -0.1527099609375 -0.031463623046875
-0.00810956954956055 -0.00786972045898438 -0.0894775390625 -0.235336303710937
0.00953578948974609 0.00931453704833985 0.158447265625 -0.300262451171875
0.00977897644042969 0.0149984359741211 0.41455078125 0.0072021484375
0.00422477722167969 0.0130176544189453 0.2921142578125 0.403289794921875
0.00448226928710938 0.0408668518066406 -0.018096923828125 0.338592529296875
-0.0173072814941406 0.0439529418945313 0.0272006988525391 0.0270919799804688
0.002197265625 0.0390663146972656 0.099151611328125 -0.348052978515625
0.0246047973632812 0.0119972229003906 -0.252227783203125 -0.444854736328125
0.0213584899902344 0.00333213806152344 -0.450225830078125 -0.00393676757812497
0.00150883197784424 -0.00115406513214111 -0.18377685546875 0.30419921875
-0.011775016784668 -0.00932216644287109 0.060455322265625 0.237106323242188
-0.0112628936767578 -0.00528144836425781 0.161178588867188 0.01885986328125
0.00107479095458984 -0.0052037239074707 0.116897583007813 -0.127189636230469
-0.00422906875610351 -0.00592660903930664 -0.10211181640625 0.119537353515625
-0.00332546234130859 -0.0128946304321289 -0.1488037109375 -0.044464111328125
-0.00835037231445313 -0.00421667098999023 -0.0660400390625 -0.249542236328125
0.00631904602050781 0.0130739212036133 0.193267822265625 -0.28955078125
0.0059814453125 0.0151329040527344 0.417572021484375 0.0526123046875
0.00330543518066406 0.00892829895019531 0.24810791015625 0.431915283203125
0.00579643249511719 0.0351295471191406 -0.042633056640625 0.32061767578125
-0.0104331970214844 0.0389747619628906 0.0411109924316406 0.0020751953125
0.00737953186035157 0.0313606262207031 0.070953369140625 -0.367156982421875
0.0247154235839844 0.00471878051757813 -0.298675537109375 -0.41229248046875
0.0178565979003906 0.00200653076171875 -0.441131591796875 0.04486083984375
-0.00185441970825195 0.00282406806945801 -0.14556884765625 0.3114013671875
-0.0140218734741211 -0.00700473785400391 0.08709716796875 0.220993041992188
-0.00904655456542969 -0.00501537322998047 0.16571044921875 0.0063934326171875
0.00548315048217774 -0.00414943695068359 0.111335754394531 -0.131385803222656
0.00117826461791992 -0.0034182071685791 -0.106163024902344 0.115257263183594
0.000626564025878907 -0.00963783264160156 -0.143722534179688 -0.0564422607421875
-0.00681352615356445 0.000579357147216797 -0.042327880859375 -0.260910034179688
0.000797271728515626 0.0158510208129883 0.22662353515625 -0.275054931640625
-0.00200748443603516 0.0107812881469727 0.414031982421875 0.097503662109375
0.000302553176879883 -0.00251364707946777 0.202423095703125 0.4586181640625
0.0115756988525391 0.0209140777587891 -0.0648193359375 0.305145263671875
0.00357627868652344 0.0256576538085938 0.0507659912109375 -0.0169143676757813
0.0121774673461914 0.0154027938842773 0.044891357421875 -0.38275146484375
0.0186290740966797 -0.00690078735351563 -0.33526611328125 -0.382965087890625
0.00904464721679688 0.000285148620605469 -0.42926025390625 0.0852661132812499
-0.00455379486083985 0.00669527053833008 -0.112548828125 0.31365966796875
-0.0132436752319336 -0.00272560119628907 0.108322143554688 0.20538330078125
-0.00551986694335937 -0.00295877456665039 0.168777465820313 -0.0041656494140625
0.0108823776245117 -0.00300025939941406 0.105010986328125 -0.134956359863281
0.00825977325439453 -0.0011444091796875 -0.110969543457031 0.110923767089844
0.00615739822387695 -0.00461578369140625 -0.140716552734375 -0.064483642578125
-0.00492954254150391 0.00675630569458008 -0.025848388671875 -0.267318725585938
-0.00618362426757812 0.0178012847900391 0.246749877929687 -0.2628173828125
-0.0134458541870117 0.00237083435058594 0.40924072265625 0.12744140625
-0.00391006469726562 -0.0212669372558594 0.170623779296875 0.47265625
0.0223617553710938 -0.000736236572265625 -0.080352783203125 0.294769287109375
0.0233135223388672 0.00559043884277344 0.0557861328125 -0.0292930603027344
0.0151205062866211 -0.00631523132324219 0.02264404296875 -0.38690185546875
0.00635147094726562 -0.0200462341308594 -0.359466552734375 -0.35491943359375
-0.00284695625305176 -0.00129222869873047 -0.419525146484375 0.11248779296875
-0.0069122314453125 0.0116958618164063 -0.08966064453125 0.314208984375
-0.0102224349975586 0.00245857238769531 0.12518310546875 0.194900512695313
0.00162672996520996 0.00101828575134277 0.1712646484375 -0.012115478515625
0.0170555114746094 -0.00142383575439453 0.102020263671875 -0.137557983398438
0.0146284103393555 0.00146770477294922 -0.112251281738281 0.10882568359375
0.0130767822265625 0.00135326385498047 -0.139862060546875 -0.066497802734375
-0.0019378662109375 0.0130681991577148 -0.0188446044921875 -0.268707275390625
-0.0141830444335938 0.018798828125 0.255630493164063 -0.256942749023438
-0.0260143280029297 -0.00854110717773437 0.405364990234375 0.13934326171875
-0.00905227661132813 -0.0443992614746094 0.156341552734375 0.478912353515625
0.0355796813964844 -0.0271339416503906 -0.0887451171874999 0.2940673828125
0.0465583801269531 -0.0189743041992188 0.0540847778320313 -0.0299797058105469
0.0167179107666016 -0.0327720642089844 0.0123291015625 -0.384918212890625
-0.00882339477539063 -0.0353507995605469 -0.3675537109375 -0.343353271484375
-0.0165481567382813 -0.0037841796875 -0.41595458984375 0.12225341796875
-0.00876235961914062 0.0161209106445312 -0.08160400390625 0.31414794921875
-0.00453853607177734 0.00802326202392578 0.133621215820313 0.190719604492188
0.00880146026611328 0.00574779510498047 0.174346923828125 -0.0135955810546875
0.0231857299804688 0.00023651123046875 0.101631164550781 -0.139358520507813
0.0209007263183594 0.00293350219726563 -0.111701965332031 0.109207153320312
0.0200233459472656 0.00736427307128906 -0.141098022460938 -0.0618438720703125
0.00277137756347656 0.0196323394775391 -0.024200439453125 -0.263992309570312
-0.0202884674072266 0.0202751159667969 0.247055053710938 -0.262893676757813
-0.03997802734375 -0.0181312561035156 0.40643310546875 0.124847412109375
-0.0174064636230469 -0.0680351257324219 0.1668701171875 0.474456787109375
0.0468482971191406 -0.0561714172363281 -0.0872802734375 0.302825927734375
0.0704574584960938 -0.0460433959960938 0.0446510314941406 -0.0192222595214844
0.0187950134277344 -0.0601577758789063 0.018402099609375 -0.373504638671875
-0.0243682861328125 -0.05169677734375 -0.35955810546875 -0.34765625
-0.0322151184082031 -0.00756835937499999 -0.422271728515625 0.112152099609375
-0.0118122100830078 0.0195560455322266 -0.088409423828125 0.31512451171875
0.00154495239257812 0.0165491104125977 0.133392333984375 0.195465087890625
0.0179824829101563 0.0127277374267578 0.176361083984375 -0.0110015869140625
0.0300807952880859 0.00284004211425781 0.104782104492188 -0.139007568359375
0.0264205932617187 0.00413322448730469 -0.108009338378906 0.112342834472656
0.0279045104980469 0.0139503479003906 -0.144088745117188 -0.050689697265625
0.00886154174804688 0.0258197784423828 -0.0423126220703125 -0.25341796875
-0.02362060546875 0.02374267578125 0.21868896484375 -0.275848388671875
-0.0537376403808594 -0.0231094360351563 0.40765380859375 0.083465576171875
-0.0327224731445312 -0.0871047973632813 0.204620361328125 0.455230712890625
0.051605224609375 -0.0850906372070313 -0.07275390625 0.323760986328125
0.0925064086914063 -0.0725936889648438 0.02703857421875 0.00628471374511718
0.0255889892578125 -0.0874176025390625 0.03515625 -0.35003662109375
-0.0361175537109375 -0.0711212158203125 -0.330413818359375 -0.36785888671875
-0.0487823486328125 -0.0156402587890625 -0.435821533203125 0.079833984375
-0.0176105499267578 0.0223121643066406 -0.119110107421875 0.31524658203125
0.00576591491699219 0.0222549438476563 0.118255615234375 0.212844848632813
0.0251789093017578 0.0206165313720703 0.178619384765625 0.000961303710937501
0.0356178283691406 0.00521469116210938 0.113578796386719 -0.136161804199219
-0.0102777481079102 -0.00795364379882813 -0.0905227661132813 0.127159118652344
-0.00510406494140625 -0.0114831924438477 -0.15570068359375 -0.0191192626953125
-0.0067911148071289 -0.00973701477050781 -0.110885620117188 -0.217788696289062
0.0105056762695313 0.00539016723632813 0.122467041015625 -0.305908203125
0.00921344757080078 0.0116806030273437 0.405853271484375 -0.03753662109375
0.00168323516845703 0.0109672546386719 0.330810546875 0.365692138671875
0.00504684448242187 0.0370521545410156 0.006927490234375 0.34942626953125
-0.0166358947753906 0.0405044555664062 0.0141181945800781 0.0491981506347656
-0.00175094604492187 0.0379371643066406 0.11883544921875 -0.32232666015625
0.0204334259033203 0.0132675170898438 -0.208160400390625 -0.463104248046875
0.0207767486572266 0.00225830078125 -0.451568603515625 -0.0475463867187499
0.00359821319580078 -0.00373601913452148 -0.216400146484375 0.2943115234375
-0.0082845687866211 -0.00978946685791015 0.0372772216796875 0.250473022460937
-0.0103759765625 -0.00349140167236328 0.156387329101563 0.030120849609375
-0.00116634368896484 -0.00528669357299805 0.122444152832031 -0.122810363769531
-0.00825881958007813 -0.00699663162231445 -0.0942001342773438 0.12396240234375
-0.00556850433349609 -0.0132904052734375 -0.151702880859375 -0.0301971435546875
-0.008544921875 -0.00774908065795899 -0.0902099609375 -0.232467651367188
0.00931262969970703 0.00851249694824219 0.154815673828125 -0.29833984375
0.00977802276611328 0.0145502090454102 0.411712646484375 0.005126953125
0.00444316864013672 0.0130786895751953 0.29278564453125 0.39813232421875
0.0052642822265625 0.03985595703125 -0.01629638671875 0.33416748046875
-0.0170707702636719 0.0439414978027344 0.0268440246582031 0.0263519287109375
0.0020904541015625 0.0386238098144531 0.0968017578125 -0.34423828125
0.0248832702636719 0.0119552612304687 -0.254241943359375 -0.43963623046875
0.0213241577148438 0.00263595581054688 -0.446258544921875 -0.000823974609375017
0.00139319896697998 -0.00133883953094482 -0.18109130859375 0.303558349609375
-0.011754035949707 -0.0091104507446289 0.0618133544921875 0.235946655273437
-0.0110836029052734 -0.00511264801025391 0.160354614257813 0.0173187255859375
0.00112438201904297 -0.00508546829223633 0.114936828613281 -0.127296447753906
-0.00396490097045898 -0.00519847869873047 -0.100471496582031 0.119216918945313
-0.00293254852294922 -0.0125350952148438 -0.147903442382813 -0.0431976318359375
-0.0084233283996582 -0.00433349609375 -0.06732177734375 -0.247314453125
0.00573825836181641 0.0124855041503906 0.190032958984375 -0.287994384765625
0.00561046600341797 0.0149459838867188 0.412750244140625 0.049041748046875
0.00335884094238281 0.00896930694580078 0.24957275390625 0.426971435546875
0.00614738464355469 0.0346813201904297 -0.040496826171875 0.317169189453125
-0.00982284545898438 0.0391197204589844 0.0406303405761719 0.00206375122070313
0.00747489929199219 0.0311450958251953 0.068603515625 -0.365386962890625
0.0241851806640625 0.00418281555175781 -0.29876708984375 -0.406982421875
0.0175971984863281 0.00178718566894531 -0.43780517578125 0.0482482910156249
-0.00157427787780762 0.00245261192321777 -0.143280029296875 0.310302734375
-0.0134115219116211 -0.00672054290771484 0.087249755859375 0.219284057617188
-0.00901508331298828 -0.00482177734375 0.164642333984375 0.0050201416015625
0.00550556182861328 -0.00450658798217773 0.109169006347656 -0.13079833984375
0.00173282623291016 -0.00348520278930664 -0.104576110839844 0.114616394042969
0.000692367553710938 -0.00970554351806641 -0.143417358398438 -0.0549163818359375
-0.00695180892944336 0.00056743621826172 -0.0439453125 -0.259063720703125
0.00088214874267578 0.0155649185180664 0.222457885742188 -0.274383544921875
-0.00236892700195313 0.0107107162475586 0.411773681640625 0.095794677734375
-0.000130891799926758 -0.00256919860839844 0.205902099609375 0.453338623046875
0.0119838714599609 0.0204105377197266 -0.06243896484375 0.30279541015625
0.00394248962402344 0.0256824493408203 0.0503273010253906 -0.017364501953125
0.0122270584106445 0.0155820846557617 0.042266845703125 -0.378997802734375
0.0176143646240234 -0.00701141357421875 -0.33477783203125 -0.37725830078125
0.00881195068359375 3.91006469726562E-05 -0.42529296875 0.0865478515624999
-0.00408506393432617 0.00730228424072266 -0.11065673828125 0.31243896484375
-0.0129938125610352 -0.00237655639648438 0.109085083007813 0.203399658203125
-0.00504446029663086 -0.0029296875 0.167388916015625 -0.005584716796875
0.0105218887329102 -0.00350666046142578 0.102935791015625 -0.134376525878906
0.0088357925415039 -0.00102710723876953 -0.109001159667969 0.110641479492188
0.00658845901489258 -0.00448846817016602 -0.140960693359375 -0.0634613037109375
-0.0049276351928711 0.00674343109130859 -0.0276336669921875 -0.265853881835938
-0.00630569458007813 0.0178318023681641 0.243011474609375 -0.262527465820313
-0.0132989883422852 0.00241279602050781 0.407440185546875 0.1240234375
-0.00420761108398438 -0.0207767486572266 0.172332763671875 0.468963623046875
0.0223789215087891 -0.0007171630859375 -0.077850341796875 0.2923583984375
0.0235443115234375 0.00517845153808594 0.0549087524414063 -0.0288848876953125
0.0151987075805664 -0.00665664672851562 0.02032470703125 -0.383514404296875
0.00594902038574219 -0.0208740234375 -0.35858154296875 -0.3509521484375
-0.00301980972290039 -0.00141191482543945 -0.4171142578125 0.113311767578125
-0.00684452056884766 0.0118913650512695 -0.086944580078125 0.31341552734375
-0.00982856750488281 0.00253105163574219 0.12530517578125 0.192794799804688
0.00180768966674805 0.000872015953063965 0.1702880859375 -0.0131378173828125
0.0170984268188477 -0.00194358825683594 0.0998001098632813 -0.13751220703125
0.0155677795410156 0.00116443634033203 -0.110397338867187 0.108474731445313
0.01300048828125 0.00112342834472656 -0.139602661132813 -0.0654525756835938
-0.00171661376953125 0.0131006240844727 -0.0205230712890625 -0.266036987304688
-0.0134468078613281 0.0182132720947266 0.251220703125 -0.257354736328125
-0.0261859893798828 -0.00791740417480469 0.40289306640625 0.136474609375
-0.0086517333984375 -0.0439224243164062 0.15606689453125 0.475189208984375
0.0355987548828125 -0.02740478515625 -0.086273193359375 0.29132080078125
0.0464668273925781 -0.01947021484375 0.0528488159179688 -0.0302352905273437
0.0163631439208984 -0.0322399139404297 0.01171875 -0.38128662109375
-0.00888442993164062 -0.0350322723388672 -0.3660888671875 -0.337677001953125
-0.016636848449707 -0.00339221954345703 -0.413421630859375 0.1246337890625
-0.00829601287841797 0.0160408020019531 -0.078826904296875 0.3128662109375
-0.00449991226196289 0.00835180282592774 0.133697509765625 0.188766479492188
0.00858497619628906 0.00528860092163086 0.173248291015625 -0.0141754150390625
0.0224552154541016 0.000108718872070313 0.10009765625 -0.138519287109375
0.0218391418457031 0.00296592712402344 -0.110107421875 0.109100341796875
0.0201950073242187 0.00772476196289062 -0.140884399414063 -0.06060791015625
0.00269889831542969 0.0194873809814453 -0.025909423828125 -0.261962890625
-0.019866943359375 0.0201511383056641 0.24359130859375 -0.261459350585938
-0.0400466918945313 -0.0176124572753906 0.402679443359375 0.1219482421875
-0.0178375244140625 -0.0670280456542969 0.168701171875 0.470001220703125
0.046905517578125 -0.0558204650878906 -0.0849609375 0.30078125
0.0694999694824219 -0.0458793640136719 0.0438079833984375 -0.0191535949707031
0.0185585021972656 -0.0595130920410156 0.016204833984375 -0.369903564453125
-0.0246429443359375 -0.0512466430664063 -0.358306884765625 -0.341827392578125
-0.0319080352783203 -0.00738716125488282 -0.418609619140625 0.11517333984375
-0.0117588043212891 0.0197029113769531 -0.085601806640625 0.313751220703125
0.00189876556396484 0.0167903900146484 0.133804321289063 0.193344116210938
0.0177478790283203 0.0123481750488281 0.175140380859375 -0.0118408203125
0.0299739837646484 0.00244712829589844 0.10302734375 -0.139022827148438
0.0268993377685547 0.00373268127441406 -0.10638427734375 0.111671447753906
0.0278224945068359 0.0136165618896484 -0.143844604492188 -0.0493927001953125
0.00901031494140625 0.0254287719726562 -0.043853759765625 -0.250518798828125
-0.0233287811279297 0.0232391357421875 0.215362548828125 -0.274734497070313
-0.0540122985839844 -0.0226249694824219 0.404815673828125 0.080474853515625
-0.0326919555664062 -0.0860214233398438 0.20648193359375 0.449493408203125
0.0512771606445313 -0.08465576171875 -0.069976806640625 0.3206787109375
0.0918350219726563 -0.0722808837890625 0.0266819000244141 0.00604438781738281
0.0249252319335938 -0.0867233276367188 0.033416748046875 -0.34759521484375
-0.0366172790527344 -0.0702133178710938 -0.330108642578125 -0.364166259765625
-0.0487403869628906 -0.0158309936523438 -0.43060302734375 0.082489013671875
-0.0172882080078125 0.0220355987548828 -0.11614990234375 0.3143310546875
0.00598526000976562 0.0224590301513672 0.1185302734375 0.210845947265625
0.0255241394042969 0.0205726623535156 0.176834106445312 -6.10351562499987E-05
0.0355224609375 0.00513076782226563 0.111190795898438 -0.135818481445312
-0.00949382781982422 -0.00738716125488281 -0.0891189575195313 0.126350402832031
-0.00517845153808594 -0.0114917755126953 -0.154586791992187 -0.0184783935546875
-0.0066375732421875 -0.00976276397705078 -0.111572265625 -0.215164184570313
0.0104837417602539 0.00522994995117187 0.120269775390625 -0.30364990234375
0.00866603851318359 0.0116119384765625 0.403106689453125 -0.038238525390625
0.00156688690185547 0.0106716156005859 0.331146240234375 0.36138916015625
0.00600433349609375 0.0365562438964844 0.00833129882812503 0.345947265625
-0.0161018371582031 0.0407066345214844 0.0138168334960937 0.0484619140625
-0.00120162963867187 0.0375480651855469 0.117828369140625 -0.320343017578125
0.0208492279052734 0.0132331848144531 -0.208221435546875 -0.458465576171875
0.0202178955078125 0.00172233581542969 -0.44866943359375 -0.0453796386718749
0.00339531898498535 -0.00416326522827148 -0.213775634765625 0.29388427734375
-0.00803279876708984 -0.0096273422241211 0.038238525390625 0.249114990234375
-0.0104913711547852 -0.00329017639160156 0.155487060546875 0.0290679931640625
-0.000718116760253906 -0.00501012802124023 0.120918273925781 -0.122550964355469
-0.0077662467956543 -0.00654315948486328 -0.092559814453125 0.122840881347656
-0.00496387481689453 -0.0130901336669922 -0.151382446289063 -0.0297393798828125
-0.00852775573730469 -0.00762748718261719 -0.090789794921875 -0.230270385742188
0.00908565521240234 0.00837516784667969 0.152618408203125 -0.296142578125
0.00939846038818359 0.0143527984619141 0.40899658203125 0.00396728515625
0.00422763824462891 0.0132503509521484 0.292877197265625 0.394622802734375
0.00530242919921875 0.0396919250488281 -0.014923095703125 0.332000732421875
-0.0165290832519531 0.0433502197265625 0.0268192291259766 0.0261650085449219
0.0024871826171875 0.0386772155761719 0.095306396484375 -0.34222412109375
0.02423095703125 0.0113697052001953 -0.25286865234375 -0.43505859375
0.0208816528320313 0.00237846374511719 -0.444305419921875 0.000915527343750065
0.00156545639038086 -0.000980734825134278 -0.178466796875 0.303009033203125
-0.0116205215454102 -0.0085296630859375 0.061920166015625 0.2342529296875
-0.0114078521728516 -0.00480556488037109 0.159286499023438 0.016998291015625
0.000924110412597656 -0.00529146194458008 0.113639831542969 -0.126663208007813
-0.00299215316772461 -0.00549077987670898 -0.0986328125 0.118309020996094
-0.00312614440917969 -0.0118112564086914 -0.147628784179688 -0.04315185546875
-0.00838804244995117 -0.00441074371337891 -0.0682525634765625 -0.2449951171875
0.00613880157470703 0.012059211730957 0.186981201171875 -0.286224365234375
0.00555038452148437 0.0146694183349609 0.411651611328125 0.047821044921875
0.00318241119384766 0.00931549072265625 0.25048828125 0.422393798828125
0.00676345825195313 0.0339641571044922 -0.039306640625 0.314422607421875
-0.00996017456054688 0.0385055541992188 0.0399246215820313 0.00214004516601563
0.007843017578125 0.0310020446777344 0.066162109375 -0.362091064453125
0.0235996246337891 0.00431632995605469 -0.29986572265625 -0.4024658203125
0.0169382095336914 0.00168514251708984 -0.43377685546875 0.0492553710937499
-0.00163841247558594 0.00240898132324219 -0.140716552734375 0.309295654296875
-0.0136651992797852 -0.00631809234619141 0.0871429443359375 0.218185424804688
-0.00875711441040039 -0.00442934036254883 0.163177490234375 0.0039520263671875
0.00506019592285156 -0.00479459762573242 0.107894897460938 -0.130111694335937
0.00275802612304688 -0.00335025787353516 -0.102790832519531 0.113479614257813
0.000773429870605468 -0.00940036773681641 -0.1431884765625 -0.0546417236328125
-0.00746774673461914 0.000781059265136718 -0.0450439453125 -0.25689697265625
0.000725746154785155 0.0151500701904297 0.22015380859375 -0.272857666015625
-0.00279998779296875 0.010981559753418 0.4085693359375 0.0936279296875
0.000533580780029297 -0.00205683708190918 0.2052001953125 0.44921875
0.0123195648193359 0.02001953125 -0.060760498046875 0.299652099609375
0.00407218933105469 0.0252437591552734 0.0496635437011719 -0.0172233581542969
0.0123252868652344 0.0152587890625 0.04022216796875 -0.3763427734375
0.0175018310546875 -0.00717639923095703 -0.331512451171875 -0.37353515625
0.00856399536132813 -0.000191211700439453 -0.42474365234375 0.0887451171874999
-0.00415754318237305 0.00690841674804687 -0.10894775390625 0.311737060546875
-0.0131378173828125 -0.0022430419921875 0.108596801757813 0.2022705078125
-0.00525665283203125 -0.00293636322021484 0.166351318359375 -0.0061187744140625
0.0103082656860352 -0.00341987609863281 0.10174560546875 -0.133949279785156
0.0092315673828125 -0.000929832458496094 -0.107742309570312 0.109603881835938
0.00693511962890625 -0.00433683395385742 -0.140869140625 -0.0619964599609375
-0.00555181503295899 0.00657176971435547 -0.0293121337890625 -0.2628173828125
-0.00608158111572266 0.0170526504516602 0.239959716796875 -0.26165771484375
-0.0133209228515625 0.00270557403564453 0.40472412109375 0.121673583984375
-0.00389289855957031 -0.0207405090332031 0.172698974609375 0.46527099609375
0.0223884582519531 -0.00145721435546875 -0.07666015625 0.28973388671875
0.0237808227539063 0.005218505859375 0.0538673400878906 -0.0288619995117187
0.0149803161621094 -0.00655555725097656 0.018951416015625 -0.3807373046875
0.00535392761230469 -0.0204086303710938 -0.3585205078125 -0.347137451171875
-0.00317907333374023 -0.00144410133361816 -0.412994384765625 0.114898681640625
-0.00667095184326172 0.0113258361816406 -0.0850830078125 0.311431884765625
-0.009796142578125 0.00265407562255859 0.125335693359375 0.191268920898438
0.00190675258636475 0.00111258029937744 0.169265747070313 -0.014190673828125
0.0169715881347656 -0.00182533264160156 0.0985183715820312 -0.13653564453125
0.0162439346313477 0.0011749267578125 -0.1092529296875 0.107917785644531
0.013035774230957 0.00141048431396484 -0.139266967773438 -0.0643386840820313
-0.00202655792236328 0.0130252838134766 -0.0215301513671875 -0.264053344726563
-0.0134639739990234 0.0181503295898438 0.248550415039062 -0.255844116210938
-0.0260219573974609 -0.00798225402832031 0.399566650390625 0.133087158203125
-0.009124755859375 -0.0433502197265625 0.157928466796875 0.47076416015625
0.0356101989746094 -0.0269508361816406 -0.085540771484375 0.288787841796875
0.0463600158691406 -0.0190582275390625 0.0522422790527344 -0.0302085876464844
0.0160446166992188 -0.0318145751953125 0.00930786132812496 -0.37847900390625
-0.00962066650390625 -0.0345973968505859 -0.366363525390625 -0.334716796875
-0.0172719955444336 -0.00356388092041016 -0.409820556640625 0.1251220703125
-0.00864124298095703 0.0155105590820313 -0.076873779296875 0.311920166015625
-0.00448465347290039 0.00870037078857422 0.133743286132813 0.187484741210938
0.00858306884765625 0.0053105354309082 0.17193603515625 -0.0155487060546875
0.0225048065185547 -0.000337600708007813 0.0982666015625 -0.138145446777344
0.0222339630126953 0.00281906127929688 -0.10882568359375 0.108367919921875
0.0206222534179688 0.0076904296875 -0.141250610351563 -0.0596923828125
0.0025634765625 0.019195556640625 -0.0262603759765625 -0.25994873046875
-0.0197715759277344 0.0197296142578125 0.240234375 -0.25970458984375
-0.0398674011230469 -0.0173492431640625 0.400421142578125 0.118316650390625
-0.0181159973144531 -0.0660552978515625 0.170074462890625 0.4642333984375
0.0466957092285156 -0.0555305480957031 -0.083709716796875 0.298187255859375
0.0695037841796875 -0.0456161499023438 0.0431060791015625 -0.0189628601074219
0.0185394287109375 -0.0588607788085938 0.014007568359375 -0.36676025390625
-0.0247764587402344 -0.05072021484375 -0.35748291015625 -0.338165283203125
-0.0322818756103516 -0.0072784423828125 -0.415130615234375 0.11553955078125
-0.0116291046142578 0.0193290710449219 -0.0836181640625 0.3125
0.00192356109619141 0.0166120529174805 0.13360595703125 0.191116333007813
0.0178260803222656 0.0127315521240234 0.17376708984375 -0.0131683349609375
0.0296897888183594 0.00244712829589844 0.101249694824219 -0.138076782226563
0.0275897979736328 0.00360870361328125 -0.105384826660156 0.111221313476563
0.0279865264892578 0.0132980346679688 -0.14398193359375 -0.048583984375
0.00895309448242188 0.0252151489257813 -0.0448150634765625 -0.248886108398437
-0.0229835510253906 0.0229701995849609 0.213027954101563 -0.273834228515625
-0.0537567138671875 -0.022216796875 0.402862548828125 0.07989501953125
-0.032745361328125 -0.0853195190429688 0.2069091796875 0.445587158203125
0.050384521484375 -0.0841827392578125 -0.06915283203125 0.318572998046875
0.0911865234375 -0.07196044921875 0.0264816284179688 0.00548362731933593
0.0246963500976562 -0.0864181518554687 0.03106689453125 -0.3450927734375
-0.0370903015136719 -0.0696678161621094 -0.32879638671875 -0.359130859375
-0.0486869812011719 -0.0151596069335937 -0.428863525390625 0.0841369628906251
-0.0171375274658203 0.0222702026367188 -0.114166259765625 0.3134765625
0.00622177124023437 0.0221881866455078 0.118499755859375 0.209503173828125
0.0254344940185547 0.0204963684082031 0.175994873046875 -0.001434326171875
0.0353012084960938 0.00475692749023437 0.109878540039063 -0.135841369628906
-0.009368896484375 -0.00722122192382812 -0.088470458984375 0.125343322753906
-0.00489902496337891 -0.0113039016723633 -0.154754638671875 -0.0181732177734375
-0.00688457489013672 -0.00934123992919922 -0.112045288085938 -0.213088989257813
0.0103883743286133 0.00470161437988281 0.11767578125 -0.302032470703125
0.0086212158203125 0.0117902755737305 0.398651123046875 -0.040252685546875
0.00149917602539063 0.0109167098999023 0.329681396484375 0.35736083984375
0.00592422485351562 0.036773681640625 0.00946044921874999 0.343048095703125
-0.0161247253417969 0.0403900146484375 0.0137786865234375 0.0480880737304687
-0.00125503540039063 0.0376014709472656 0.11517333984375 -0.3179931640625
0.0202236175537109 0.0135211944580078 -0.207794189453125 -0.45440673828125
0.0198097229003906 0.0016937255859375 -0.446014404296875 -0.044158935546875
0.00354623794555664 -0.00400209426879883 -0.211700439453125 0.292816162109375
-0.00836753845214844 -0.00925254821777344 0.0379180908203125 0.247695922851563
-0.010066032409668 -0.00311946868896484 0.154220581054688 0.02825927734375
-0.000664710998535156 -0.00515890121459961 0.119178771972656 -0.122222900390625
-0.00730657577514648 -0.006317138671875 -0.0914154052734375 0.122505187988281
-0.00475788116455078 -0.0125408172607422 -0.150665283203125 -0.029144287109375
-0.00866937637329101 -0.0075221061706543 -0.0911865234375 -0.228546142578125
0.00928306579589844 0.00821495056152344 0.150848388671875 -0.294830322265625
0.00919151306152344 0.0144462585449219 0.40673828125 0.00323486328125
0.00454044342041016 0.0134038925170898 0.293060302734375 0.38897705078125
0.00600433349609375 0.0393257141113281 -0.01409912109375 0.328521728515625
-0.0163497924804687 0.0434150695800781 0.0263996124267578 0.0259075164794922
0.002349853515625 0.0380973815917969 0.093170166015625 -0.340087890625
0.0239200592041016 0.0115413665771484 -0.253509521484375 -0.430938720703125
0.0207405090332031 0.00235939025878906 -0.441131591796875 0.00238037109374997
0.00133156776428223 -0.00149405002593994 -0.17596435546875 0.302001953125
-0.0116252899169922 -0.00804805755615234 0.062347412109375 0.233062744140625
-0.0107269287109375 -0.00448989868164063 0.158370971679688 0.016143798828125
0.00109958648681641 -0.00510311126708984 0.112335205078125 -0.126258850097656
-0.00301504135131836 -0.00516891479492188 -0.0971527099609375 0.117424011230469
-0.00264167785644531 -0.0118827819824219 -0.14703369140625 -0.042236328125
-0.00846624374389648 -0.00415182113647461 -0.068145751953125 -0.242660522460938
0.00600528717041016 0.0120038986206055 0.185211181640625 -0.284423828125
0.00571632385253906 0.014277458190918 0.4093017578125 0.046417236328125
0.00354576110839844 0.00938796997070313 0.250732421875 0.4183349609375
0.00680351257324218 0.0337467193603516 -0.038726806640625 0.311187744140625
-0.0096282958984375 0.0383491516113281 0.0393600463867188 0.00188827514648438
0.00780296325683594 0.0308437347412109 0.06475830078125 -0.35980224609375
0.0235595703125 0.00370216369628906 -0.29833984375 -0.39892578125
0.0168323516845703 0.00107002258300781 -0.432525634765625 0.05029296875
-0.00150442123413086 0.00233745574951172 -0.139007568359375 0.308197021484375
-0.0135097503662109 -0.00603294372558594 0.0872344970703125 0.216537475585938
-0.00872802734375 -0.00421905517578125 0.161911010742188 0.003082275390625
0.00465202331542969 -0.00497293472290039 0.106414794921875 -0.129959106445313
0.00349020957946777 -0.00322270393371582 -0.1015625 0.113021850585938
0.00127792358398437 -0.00931453704833984 -0.143081665039062 -0.053863525390625
-0.00722837448120117 0.000827312469482423 -0.046173095703125 -0.254119873046875
0.000909805297851564 0.0148897171020508 0.2171630859375 -0.2703857421875
-0.00266838073730469 0.010310173034668 0.407196044921875 0.09234619140625
-0.000153422355651855 -0.00195217132568359 0.205810546875 0.445892333984375
0.0122814178466797 0.0200023651123047 -0.0599365234375 0.2977294921875
0.00449752807617188 0.0256595611572266 0.0488395690917969 -0.0170783996582031
0.0121698379516602 0.0157661437988281 0.038360595703125 -0.37335205078125
0.016942024230957 -0.00698947906494141 -0.333465576171875 -0.369110107421875
0.00829553604125977 -0.000485420227050781 -0.4202880859375 0.0896911621093749
-0.00448417663574219 0.00687217712402344 -0.10711669921875 0.310394287109375
-0.0127315521240234 -0.00182247161865234 0.108428955078125 0.201080322265625
-0.00478982925415039 -0.00301122665405273 0.164962768554687 -0.0071563720703125
0.010498046875 -0.00350379943847656 0.100448608398437 -0.133338928222656
0.00988483428955078 -0.00142383575439453 -0.106269836425781 0.108573913574219
0.00691127777099609 -0.00450038909912109 -0.140777587890625 -0.0614776611328125
-0.00527667999267578 0.0066685676574707 -0.0297088623046875 -0.260787963867188
-0.00619411468505859 0.0169496536254883 0.238235473632813 -0.259979248046875
-0.0131998062133789 0.00263690948486328 0.40191650390625 0.1204833984375
-0.00432968139648438 -0.0199184417724609 0.173675537109375 0.46038818359375
0.0227489471435547 -0.00141334533691406 -0.07562255859375 0.287445068359375
0.0234508514404297 0.00510597229003906 0.0530014038085938 -0.0287361145019531
0.014796257019043 -0.00642108917236328 0.017791748046875 -0.378021240234375
0.00518417358398437 -0.0207157135009766 -0.356689453125 -0.34210205078125
-0.00333952903747559 -0.00172138214111328 -0.410491943359375 0.11627197265625
-0.006591796875 0.0115728378295898 -0.083709716796875 0.310577392578125
-0.00968837738037109 0.00267601013183594 0.124801635742188 0.189285278320313
0.00181674957275391 0.00107455253601074 0.167526245117188 -0.014678955078125
0.0166358947753906 -0.00166225433349609 0.0972518920898438 -0.135894775390625
0.016697883605957 0.0010986328125 -0.108009338378906 0.107215881347656
0.0133676528930664 0.00143718719482422 -0.139801025390625 -0.0629119873046875
-0.002197265625 0.0129451751708984 -0.022735595703125 -0.262069702148437
-0.0132598876953125 0.0180854797363281 0.246063232421875 -0.254486083984375
-0.0261592864990234 -0.00760650634765625 0.39849853515625 0.131866455078125
-0.00885391235351562 -0.0425148010253906 0.158660888671875 0.467987060546875
0.0356101989746094 -0.0271148681640625 -0.084014892578125 0.28680419921875
0.0460777282714844 -0.0192718505859375 0.0513534545898438 -0.0300369262695312
0.0164394378662109 -0.0316848754882813 0.008056640625 -0.375701904296875
-0.0100021362304687 -0.0340633392333984 -0.3646240234375 -0.33154296875
-0.0173768997192383 -0.00391006469726562 -0.407196044921875 0.12567138671875
-0.00884723663330078 0.0160017013549805 -0.07550048828125 0.31024169921875
-0.00435161590576172 0.00845718383789062 0.133392333984375 0.185928344726563
0.00863504409790039 0.00547933578491211 0.170394897460938 -0.0162200927734375
0.0223674774169922 -0.00014495849609375 0.0970077514648438 -0.137382507324219
0.0227813720703125 0.00279045104980469 -0.107574462890625 0.107681274414063
0.0204906463623047 0.00756072998046875 -0.141082763671875 -0.058258056640625
0.00237846374511719 0.0193271636962891 -0.0276336669921875 -0.257843017578125
-0.0199432373046875 0.0193557739257813 0.238632202148437 -0.259353637695313
-0.0398979187011719 -0.0170440673828125 0.39947509765625 0.116302490234375
-0.0174789428710937 -0.0651016235351563 0.169647216796875 0.461944580078125
0.0463218688964844 -0.0552520751953125 -0.082489013671875 0.29620361328125
0.0689888000488281 -0.0453758239746094 0.0423660278320313 -0.0190620422363281
0.018280029296875 -0.0583457946777344 0.014129638671875 -0.36444091796875
-0.0251007080078125 -0.0498123168945313 -0.356689453125 -0.334869384765625
-0.0325336456298828 -0.00730895996093749 -0.412567138671875 0.1181640625
-0.0115432739257813 0.0188846588134766 -0.082244873046875 0.311126708984375
0.00228309631347656 0.0167388916015625 0.133560180664062 0.189895629882812
0.0182876586914063 0.0122051239013672 0.172531127929688 -0.013397216796875
0.0297584533691406 0.00229835510253906 0.100074768066406 -0.137367248535156
0.0280666351318359 0.00294113159179688 -0.104042053222656 0.110313415527344
0.0282039642333984 0.0131206512451172 -0.143722534179687 -0.0474853515625
0.0091400146484375 0.0250320434570313 -0.045257568359375 -0.246688842773438
-0.0232028961181641 0.0228157043457031 0.210296630859375 -0.272384643554688
-0.0538406372070312 -0.0216140747070313 0.400726318359375 0.0772705078125
-0.0327835083007813 -0.084381103515625 0.209320068359375 0.442169189453125
0.0507278442382813 -0.0842742919921875 -0.068023681640625 0.31689453125
0.0906448364257813 -0.0718002319335938 0.0257110595703125 0.00626182556152343
0.0243453979492188 -0.08544921875 0.03057861328125 -0.3427734375
-0.0368614196777344 -0.0688056945800781 -0.328826904296875 -0.355560302734375
-0.0489349365234375 -0.0148162841796875 -0.425018310546875 0.0844421386718749
-0.0167961120605469 0.0219268798828125 -0.112396240234375 0.312103271484375
0.00629425048828125 0.0219612121582031 0.118698120117188 0.20782470703125
0.0254993438720703 0.0198497772216797 0.174118041992188 -0.0023193359375
0.0349235534667969 0.0048980712890625 0.108711242675781 -0.13507080078125
-0.00894355773925781 -0.00711631774902344 -0.0867767333984375 0.124099731445313
-0.00465106964111328 -0.0109443664550781 -0.153839111328125 -0.0179443359375
-0.00712013244628906 -0.00934600830078125 -0.111709594726562 -0.211746215820313
0.0100984573364258 0.00477981567382813 0.117095947265625 -0.299346923828125
0.00849246978759766 0.0117883682250977 0.39752197265625 -0.039154052734375
0.00155067443847656 0.0107812881469727 0.329071044921875 0.354095458984375
0.0064849853515625 0.0360145568847656 0.00854492187499999 0.339996337890625
-0.0157928466796875 0.040435791015625 0.0134811401367187 0.0477218627929688
-0.00135421752929688 0.0375328063964844 0.1146240234375 -0.316192626953125
0.0192985534667969 0.0131950378417969 -0.20782470703125 -0.45208740234375
0.0198574066162109 0.00126838684082031 -0.44439697265625 -0.043304443359375
0.00338554382324219 -0.00387644767761231 -0.210052490234375 0.292327880859375
-0.00809478759765625 -0.00906753540039062 0.0385589599609375 0.2474365234375
-0.00963783264160156 -0.00287628173828125 0.153457641601563 0.0272064208984375
-0.00107097625732422 -0.00536155700683594 0.118400573730469 -0.121551513671875
-0.00680971145629883 -0.00640964508056641 -0.0908660888671875 0.121139526367188
-0.00465011596679687 -0.0122842788696289 -0.150131225585938 -0.0287628173828125
-0.00865983963012695 -0.00729227066040039 -0.091583251953125 -0.226425170898438
0.00868558883666992 0.00799274444580078 0.14910888671875 -0.29266357421875
0.00893783569335938 0.0143203735351563 0.40374755859375 0.00262451171875
0.00457191467285156 0.0132551193237305 0.2911376953125 0.3878173828125
0.00605010986328125 0.0389671325683594 -0.01458740234375 0.32586669921875
-0.0156936645507813 0.0430068969726562 0.0263328552246094 0.0259265899658203
0.0023345947265625 0.0381202697753906 0.09283447265625 -0.3375244140625
0.0235977172851563 0.0111598968505859 -0.251922607421875 -0.428131103515625
0.0204315185546875 0.00199127197265625 -0.43927001953125 0.00335693359375003
0.00168347358703613 -0.00114750862121582 -0.17474365234375 0.3016357421875
-0.0120515823364258 -0.00798320770263672 0.0618438720703125 0.231674194335938
-0.0106945037841797 -0.00465679168701172 0.157455444335938 0.0153350830078125
0.000957489013671874 -0.00506782531738281 0.111328125 -0.125457763671875
-0.00202035903930664 -0.00524425506591797 -0.0964431762695313 0.116226196289062
-0.00263690948486328 -0.0112667083740234 -0.146926879882812 -0.041900634765625
-0.0086216926574707 -0.00392723083496094 -0.06884765625 -0.24151611328125
0.00570011138916016 0.0116090774536133 0.1834716796875 -0.282867431640625
0.00513648986816406 0.0141983032226563 0.40667724609375 0.046905517578125
0.00355148315429688 0.00944232940673828 0.250457763671875 0.4150390625
0.00745010375976563 0.0332145690917969 -0.038726806640625 0.308990478515625
-0.00934219360351563 0.0382194519042969 0.038818359375 0.001678466796875
0.00736236572265625 0.0308437347412109 0.063751220703125 -0.3565673828125
0.0229816436767578 0.00397491455078125 -0.296539306640625 -0.39691162109375
0.0162057876586914 0.000891685485839844 -0.430572509765625 0.05035400390625
-0.00140070915222168 0.00213563442230225 -0.137725830078125 0.307220458984375
-0.013646125793457 -0.00590133666992188 0.0869903564453125 0.215652465820313
-0.00868082046508789 -0.00432300567626953 0.161026000976563 0.0028228759765625
0.00509786605834961 -0.00484371185302734 0.105812072753906 -0.129524230957031
0.0037391185760498 -0.00301384925842285 -0.100532531738281 0.111419677734375
0.00101375579833984 -0.00897216796875 -0.142593383789063 -0.053131103515625
-0.00746059417724609 0.000719070434570314 -0.0461883544921875 -0.252792358398438
0.000852584838867186 0.0149250030517578 0.215988159179688 -0.269256591796875
-0.00307464599609375 0.0107669830322266 0.404876708984375 0.09130859375
0.000612616539001465 -0.00166153907775879 0.205078125 0.44189453125
0.0127086639404297 0.0192947387695313 -0.060089111328125 0.29541015625
0.00461387634277344 0.0250453948974609 0.0484619140625 -0.0173873901367188
0.0122814178466797 0.0154800415039063 0.0386962890625 -0.370574951171875
0.0167779922485352 -0.00710582733154297 -0.331787109375 -0.3668212890625
0.00769662857055664 -0.000721454620361328 -0.417510986328125 0.0892028808593749
-0.00451469421386719 0.00678491592407227 -0.1058349609375 0.308837890625
-0.0128374099731445 -0.00185680389404297 0.108505249023438 0.199691772460938
-0.00489330291748047 -0.00235891342163086 0.164230346679688 -0.0076904296875
0.0101423263549805 -0.00359821319580078 0.0995025634765625 -0.133071899414063
0.0108261108398438 -0.00129604339599609 -0.105354309082031 0.108131408691406
0.00699710845947266 -0.00423431396484375 -0.140510559082031 -0.061309814453125
-0.00534820556640625 0.00664854049682617 -0.030517578125 -0.259262084960938
-0.00608253479003906 0.0166120529174805 0.236892700195313 -0.258407592773438
-0.0132675170898438 0.00266075134277344 0.40045166015625 0.119293212890625
-0.00370407104492187 -0.0196666717529297 0.17413330078125 0.456878662109375
0.0228443145751953 -0.00164413452148437 -0.075103759765625 0.28509521484375
0.0232887268066406 0.00514984130859375 0.0526771545410156 -0.0289421081542969
0.0150051116943359 -0.00627803802490234 0.01702880859375 -0.375152587890625
0.00508880615234375 -0.0200481414794922 -0.355072021484375 -0.3404541015625
-0.00373578071594238 -0.00202846527099609 -0.408477783203125 0.1160888671875
-0.0068349838256836 0.0114431381225586 -0.083221435546875 0.3095703125
-0.00950145721435547 0.00316143035888672 0.124649047851562 0.1888427734375
0.00204980373382568 0.00131678581237793 0.166763305664063 -0.01483154296875
0.0164499282836914 -0.00179195404052734 0.0962448120117188 -0.135360717773438
0.0171384811401367 0.000540733337402344 -0.106796264648438 0.106513977050781
0.0136117935180664 0.00167942047119141 -0.139030456542969 -0.0628280639648438
-0.00230979919433594 0.0131187438964844 -0.0229339599609375 -0.26025390625
-0.0136623382568359 0.0177726745605469 0.244384765625 -0.253021240234375
-0.0261402130126953 -0.00764083862304687 0.3963623046875 0.13055419921875
-0.00915145874023438 -0.0420417785644531 0.159149169921875 0.463958740234375
0.0358009338378906 -0.0274429321289062 -0.083831787109375 0.284271240234375
0.0460166931152344 -0.0188522338867187 0.0508766174316406 -0.0299453735351563
0.0162849426269531 -0.0311126708984375 0.00744628906250004 -0.373992919921875
-0.0102787017822266 -0.0338802337646484 -0.36285400390625 -0.32916259765625
-0.0173978805541992 -0.00371170043945312 -0.404571533203125 0.125762939453125
-0.00868129730224609 0.0154867172241211 -0.0748291015625 0.308868408203125
-0.00400352478027343 0.0086822509765625 0.133102416992188 0.18475341796875
0.00890731811523438 0.00492763519287109 0.169601440429688 -0.0165557861328125
0.0221843719482422 -0.000579833984375 0.0957717895507813 -0.137001037597656
0.0232524871826172 0.00225067138671875 -0.106712341308594 0.107032775878906
0.0208168029785156 0.00750732421875 -0.1407470703125 -0.0581512451171875
0.00227737426757812 0.0190620422363281 -0.028350830078125 -0.25628662109375
-0.0202121734619141 0.0187320709228516 0.235748291015625 -0.257949829101562
-0.039581298828125 -0.0169525146484375 0.397308349609375 0.116973876953125
-0.0172615051269531 -0.0649642944335938 0.17034912109375 0.45831298828125
0.0463600158691406 -0.0554275512695313 -0.081756591796875 0.294281005859375
0.0686302185058594 -0.0450172424316406 0.0416908264160156 -0.01898193359375
0.0183601379394531 -0.0582847595214844 0.01287841796875 -0.362579345703125
-0.0253410339355469 -0.0496482849121094 -0.35540771484375 -0.33245849609375
-0.0328426361083984 -0.00724029541015625 -0.410491943359375 0.118927001953125
-0.0117874145507813 0.0190143585205078 -0.0810546875 0.310028076171875
0.00223255157470703 0.017176628112793 0.13311767578125 0.189300537109375
0.0180950164794922 0.0121994018554688 0.171401977539062 -0.01361083984375
0.0294761657714844 0.00172996520996094 0.099365234375 -0.136764526367188
0.0286121368408203 0.002655029296875 -0.103019714355469 0.109786987304687
0.0282192230224609 0.0131340026855469 -0.14349365234375 -0.046630859375
0.00859832763671875 0.0247421264648438 -0.0452880859375 -0.244918823242187
-0.0231647491455078 0.0224475860595703 0.209609985351563 -0.27044677734375
-0.0537109375 -0.0213546752929687 0.39801025390625 0.07745361328125
-0.0326766967773438 -0.0833206176757813 0.207855224609375 0.43914794921875
0.05072021484375 -0.0837478637695313 -0.0672607421875 0.313751220703125
0.09002685546875 -0.07159423828125 0.0252170562744141 0.00598526000976562
0.0242843627929687 -0.08441162109375 0.029876708984375 -0.34039306640625
-0.0374717712402344 -0.0681343078613281 -0.32720947265625 -0.353790283203125
-0.0490798950195313 -0.0146903991699219 -0.424346923828125 0.0847778320312499
-0.0172538757324219 0.0219821929931641 -0.11181640625 0.311370849609375
0.006317138671875 0.0222930908203125 0.118560791015625 0.206802368164062
0.0258388519287109 0.0197238922119141 0.173660278320313 -0.0026702880859375
0.0350456237792969 0.0048828125 0.107490539550781 -0.134101867675781
-0.00803899765014648 -0.00721263885498047 -0.0867538452148438 0.12310791015625
-0.00422477722167969 -0.0106410980224609 -0.153549194335938 -0.0173492431640625
-0.00719642639160156 -0.00921726226806641 -0.111862182617187 -0.211044311523438
0.0100688934326172 0.00446224212646484 0.11669921875 -0.297760009765625
0.00836563110351562 0.0116596221923828 0.39556884765625 -0.03936767578125
0.00174713134765625 0.0110979080200195 0.32757568359375 0.353668212890625
0.00646209716796875 0.035369873046875 0.00848388671875 0.33721923828125
-0.01580810546875 0.0401802062988281 0.0135154724121094 0.0477294921875
-0.00147247314453125 0.037322998046875 0.114349365234375 -0.31427001953125
0.0195121765136719 0.012969970703125 -0.205902099609375 -0.450225830078125
0.0193767547607422 0.00080108642578125 -0.44171142578125 -0.041900634765625
0.00305891036987305 -0.00413036346435547 -0.209136962890625 0.291473388671875
-0.00818252563476563 -0.00869083404541015 0.0381011962890625 0.2462158203125
-0.00976943969726563 -0.00304889678955078 0.152740478515625 0.0271453857421875
-0.00110912322998047 -0.0052032470703125 0.117897033691406 -0.120964050292969
-0.00593423843383789 -0.00631618499755859 -0.0902481079101562 0.119728088378906
-0.00454425811767578 -0.011962890625 -0.150009155273437 -0.028900146484375
-0.00912094116210937 -0.00729846954345703 -0.091552734375 -0.225509643554687
0.00877189636230469 0.00772857666015625 0.148529052734375 -0.290802001953125
0.00887489318847656 0.0141763687133789 0.402679443359375 0.002838134765625
0.00449848175048828 0.0133705139160156 0.2899169921875 0.38397216796875
0.00643157958984375 0.0386161804199219 -0.014739990234375 0.3233642578125
-0.0158500671386719 0.0429191589355469 0.0257701873779297 0.0251579284667969
0.00278472900390625 0.0378913879394531 0.091796875 -0.3349609375
0.0230941772460938 0.0112285614013672 -0.25115966796875 -0.426605224609375
0.0201244354248047 0.00148963928222656 -0.4366455078125 0.00390625000000006
0.000954747200012207 -0.00163948535919189 -0.17413330078125 0.300628662109375
-0.0117397308349609 -0.00782012939453125 0.0619049072265625 0.231552124023438
-0.010228157043457 -0.00420284271240235 0.15643310546875 0.01507568359375
0.00110530853271484 -0.00523471832275391 0.110427856445312 -0.124725341796875
-0.00145339965820312 -0.00499391555786133 -0.095947265625 0.115371704101563
-0.00266361236572266 -0.0113153457641602 -0.14691162109375 -0.041595458984375
-0.00883197784423828 -0.00396442413330078 -0.0688018798828125 -0.239837646484375
0.00567245483398438 0.0114374160766602 0.182586669921875 -0.281051635742188
0.00552749633789063 0.0146322250366211 0.4052734375 0.046112060546875
0.00325489044189453 0.00973606109619141 0.249420166015625 0.41387939453125
0.00774955749511719 0.0329799652099609 -0.03887939453125 0.30657958984375
-0.00944137573242188 0.0381736755371094 0.0382804870605469 0.00203704833984375
0.00755119323730469 0.0309085845947266 0.0638427734375 -0.354461669921875
0.0225467681884766 0.0035400390625 -0.29534912109375 -0.39337158203125
0.0162258148193359 0.000789642333984375 -0.42755126953125 0.0511779785156249
-0.00157332420349121 0.00222468376159668 -0.137359619140625 0.307098388671875
-0.0134096145629883 -0.00566577911376953 0.087005615234375 0.215057373046875
-0.00853252410888672 -0.00395822525024414 0.159774780273438 0.002410888671875
0.00519275665283203 -0.00447654724121094 0.105125427246094 -0.128852844238281
0.00462675094604492 -0.00339555740356445 -0.100486755371094 0.111083984375
0.00137758255004883 -0.00859212875366211 -0.142776489257813 -0.052978515625
-0.00749683380126953 0.000607967376708986 -0.0464324951171875 -0.251434326171875
0.000686645507812499 0.0146884918212891 0.214370727539062 -0.26727294921875
-0.0028076171875 0.0105314254760742 0.40185546875 0.090606689453125
0.00061178207397461 -0.00157070159912109 0.205078125 0.4403076171875
0.0127334594726563 0.0195293426513672 -0.06048583984375 0.293212890625
0.00431442260742188 0.0252609252929688 0.0474166870117187 -0.0170669555664063
0.0126686096191406 0.0154256820678711 0.0377197265625 -0.368988037109375
0.0162868499755859 -0.00665760040283203 -0.329833984375 -0.36468505859375
0.00773715972900391 -0.000494003295898438 -0.415802001953125 0.0898132324218751
-0.00453519821166992 0.00664043426513672 -0.10516357421875 0.30902099609375
-0.01251220703125 -0.0017242431640625 0.107650756835937 0.19921875
-0.00487518310546875 -0.00250482559204102 0.162979125976562 -0.008026123046875
0.0104684829711914 -0.00384140014648438 0.0989151000976563 -0.132125854492188
0.0115280151367187 -0.00155735015869141 -0.105018615722656 0.106697082519531
0.00711488723754883 -0.00385951995849609 -0.140296936035156 -0.060638427734375
-0.00535106658935547 0.00667810440063476 -0.030731201171875 -0.257568359375
-0.00644779205322265 0.0165996551513672 0.235275268554688 -0.256423950195313
-0.0134429931640625 0.00267219543457031 0.399749755859375 0.118560791015625
-0.00376319885253906 -0.0194263458251953 0.173858642578125 0.45513916015625
0.0232810974121094 -0.001953125 -0.07537841796875 0.283294677734375
0.0233039855957031 0.0050811767578125 0.0520401000976563 -0.0282821655273437
0.0148429870605469 -0.0060882568359375 0.017486572265625 -0.372344970703125
0.00428009033203125 -0.019744873046875 -0.353790283203125 -0.337799072265625
-0.00380253791809082 -0.00214242935180664 -0.406402587890625 0.115966796875
-0.00677108764648437 0.0116615295410156 -0.08221435546875 0.30865478515625
-0.00960159301757813 0.00314521789550781 0.124374389648437 0.188140869140625
0.00207936763763428 0.00134849548339844 0.16583251953125 -0.015411376953125
0.016535758972168 -0.00230026245117188 0.095672607421875 -0.134712219238281
0.0178928375244141 0.0004119873046875 -0.106346130371094 0.105239868164063
0.0140438079833984 0.00191688537597656 -0.139541625976563 -0.0621871948242187
-0.0025787353515625 0.0132846832275391 -0.0230865478515625 -0.258544921875
-0.0141258239746094 0.0175857543945313 0.242904663085937 -0.251220703125
-0.0267238616943359 -0.007598876953125 0.395172119140625 0.13067626953125
-0.00913619995117188 -0.0417327880859375 0.158447265625 0.462310791015625
0.0358467102050781 -0.0273971557617188 -0.083770751953125 0.28289794921875
0.0459480285644531 -0.0190696716308594 0.0502700805664063 -0.0294761657714844
0.0163211822509766 -0.0308647155761719 0.00872802734375003 -0.371063232421875
-0.0102500915527344 -0.0338096618652344 -0.360870361328125 -0.327392578125
-0.0173912048339844 -0.00363063812255859 -0.402923583984375 0.12628173828125
-0.00871944427490234 0.0152854919433594 -0.074951171875 0.3082275390625
-0.0041193962097168 0.00871181488037109 0.132247924804688 0.184585571289063
0.00878095626831055 0.00519132614135742 0.168472290039063 -0.016754150390625
0.0220146179199219 -0.000333786010742187 0.09576416015625 -0.135993957519531
0.0240879058837891 0.00181007385253906 -0.106086730957031 0.10614013671875
0.0209159851074219 0.00692939758300781 -0.140609741210938 -0.0575408935546875
0.00220680236816406 0.0191822052001953 -0.028594970703125 -0.25457763671875
-0.019561767578125 0.0187053680419922 0.235076904296875 -0.256561279296875
-0.0399551391601563 -0.0164680480957031 0.395721435546875 0.11572265625
-0.0174179077148438 -0.0641937255859375 0.1705322265625 0.456634521484375
0.0467987060546875 -0.0553817749023438 -0.08203125 0.29254150390625
0.0683135986328125 -0.045318603515625 0.0410079956054688 -0.0184211730957031
0.0184173583984375 -0.0575637817382813 0.0137939453125 -0.36053466796875
-0.02557373046875 -0.0489883422851563 -0.3544921875 -0.33111572265625
-0.0330791473388672 -0.00730514526367187 -0.40771484375 0.117523193359375
-0.0114536285400391 0.0191307067871094 -0.081207275390625 0.30938720703125
0.00266265869140625 0.0166845321655273 0.132461547851563 0.188201904296875
0.0180492401123047 0.0123195648193359 0.170425415039062 -0.013824462890625
0.0292854309082031 0.00185585021972656 0.0983810424804688 -0.135963439941406
0.0288963317871094 0.00222587585449219 -0.103019714355469 0.109054565429688
0.0281848907470703 0.0126686096191406 -0.143569946289063 -0.046234130859375
0.00875473022460937 0.0246238708496094 -0.04559326171875 -0.243576049804687
-0.0231723785400391 0.0221195220947266 0.208847045898438 -0.269058227539063
-0.053558349609375 -0.021026611328125 0.397186279296875 0.0767822265625
-0.0322341918945312 -0.0829696655273438 0.206085205078125 0.436920166015625
0.0508270263671875 -0.08367919921875 -0.067718505859375 0.312469482421875
0.0901870727539063 -0.0708160400390625 0.0248489379882813 0.00599288940429687
0.0244903564453125 -0.0837478637695312 0.030487060546875 -0.338623046875
-0.0370979309082031 -0.0675506591796875 -0.324920654296875 -0.351593017578125
-0.0491943359375 -0.0148696899414063 -0.421905517578125 0.086090087890625
-0.0171833038330078 0.0218524932861328 -0.110687255859375 0.310089111328125
0.00679779052734375 0.0219287872314453 0.118209838867188 0.20556640625
0.0254688262939453 0.0197620391845703 0.172500610351563 -0.0030059814453125
0.0350017547607422 0.00430870056152344 0.106925964355469 -0.13348388671875
-0.00770807266235351 -0.00705194473266602 -0.0858688354492188 0.121986389160156
-0.00414848327636719 -0.0103960037231445 -0.153411865234375 -0.017669677734375
-0.00759601593017578 -0.008941650390625 -0.1116943359375 -0.209823608398438
0.00998020172119141 0.00445079803466797 0.11602783203125 -0.296234130859375
0.00793075561523438 0.0114097595214844 0.393585205078125 -0.03997802734375
0.00189971923828125 0.012242317199707 0.3272705078125 0.350830078125
0.00730133056640625 0.03546142578125 0.00805664062500001 0.335357666015625
-0.0152626037597656 0.0399398803710938 0.0130119323730469 0.0475196838378906
-0.00102615356445313 0.0373687744140625 0.114013671875 -0.312530517578125
0.0190811157226562 0.0133399963378906 -0.206939697265625 -0.447235107421875
0.0191860198974609 0.000837326049804688 -0.4412841796875 -0.0413818359375
0.0030062198638916 -0.00415253639221191 -0.20843505859375 0.290802001953125
-0.00806140899658203 -0.00864982604980468 0.0378875732421875 0.246063232421875
-0.00921058654785156 -0.00285434722900391 0.152053833007812 0.026885986328125
-0.00118255615234375 -0.00523471832275391 0.116592407226563 -0.120880126953125
-0.00535964965820313 -0.00630950927734375 -0.0895309448242188 0.118980407714844
-0.00437545776367188 -0.0120792388916016 -0.14996337890625 -0.0288848876953125
-0.00910758972167969 -0.00715065002441406 -0.09112548828125 -0.224685668945313
0.00884342193603516 0.0075368881225586 0.148193359375 -0.289764404296875
0.00897884368896484 0.0143947601318359 0.401702880859375 0.0029296875
0.00433540344238281 0.0139884948730469 0.2900390625 0.384063720703125
0.0063934326171875 0.0382804870605469 -0.014801025390625 0.321441650390625
-0.0158805847167969 0.0427436828613281 0.0253524780273438 0.0253639221191406
0.00241851806640625 0.0378761291503906 0.092071533203125 -0.33367919921875
0.0227642059326172 0.0114936828613281 -0.250244140625 -0.424163818359375
0.0195713043212891 0.00171089172363281 -0.436187744140625 0.00366210937500005
0.00123167037963867 -0.00159180164337158 -0.174560546875 0.29998779296875
-0.0116691589355469 -0.00784015655517578 0.0612335205078125 0.231643676757813
-0.0103435516357422 -0.00399208068847656 0.156036376953125 0.0145416259765625
0.000620365142822266 -0.00546741485595703 0.110038757324219 -0.124382019042969
-0.000713825225830078 -0.00511789321899414 -0.0955886840820312 0.114952087402344
-0.00222015380859375 -0.0109195709228516 -0.146835327148438 -0.042083740234375
-0.00887584686279297 -0.00399875640869141 -0.0689697265625 -0.238723754882813
0.00539875030517578 0.0114040374755859 0.182281494140625 -0.279617309570313
0.00491619110107422 0.0144033432006836 0.40338134765625 0.04620361328125
0.00344181060791016 0.0100259780883789 0.2484130859375 0.412445068359375
0.00779914855957031 0.0324497222900391 -0.039276123046875 0.30462646484375
-0.00931930541992188 0.0379447937011719 0.0378875732421875 0.00169754028320313
0.00776863098144531 0.0309162139892578 0.064453125 -0.353546142578125
0.0221500396728516 0.00413322448730469 -0.29449462890625 -0.39215087890625
0.0158348083496094 0.000780105590820312 -0.426422119140625 0.0510253906249999
-0.00154209136962891 0.00226330757141113 -0.136444091796875 0.306365966796875
-0.013035774230957 -0.00527667999267578 0.086761474609375 0.214645385742188
-0.00846242904663086 -0.00391387939453125 0.159744262695313 0.0026397705078125
0.00540065765380859 -0.00475311279296875 0.104736328125 -0.128440856933594
0.00498437881469727 -0.00348377227783203 -0.0998687744140625 0.109649658203125
0.0015406608581543 -0.00840425491333008 -0.143096923828125 -0.0529022216796875
-0.00795221328735351 0.00141477584838867 -0.046905517578125 -0.25006103515625
0.000115394592285157 0.0145940780639648 0.214065551757813 -0.266204833984375
-0.00299453735351562 0.0105810165405273 0.4013671875 0.089447021484375
0.000539064407348633 -0.00117981433868408 0.2042236328125 0.4385986328125
0.0130615234375 0.0187530517578125 -0.060638427734375 0.29107666015625
0.00481033325195313 0.0248355865478516 0.0470962524414063 -0.0167999267578125
0.0122518539428711 0.0154514312744141 0.039093017578125 -0.367156982421875
0.0158863067626953 -0.00697612762451172 -0.328582763671875 -0.362457275390625
0.00719499588012695 -0.000590324401855469 -0.414764404296875 0.0896911621093751
-0.00442743301391602 0.00718498229980469 -0.104827880859375 0.3079833984375
-0.0125350952148438 -0.00120162963867187 0.107070922851562 0.198822021484375
-0.00447607040405273 -0.00215244293212891 0.162628173828125 -0.008026123046875
0.010319709777832 -0.00375747680664062 0.098541259765625 -0.131423950195313
0.0118598937988281 -0.00143623352050781 -0.10400390625 0.106483459472656
0.00754976272583008 -0.00388526916503906 -0.140609741210938 -0.0599212646484375
-0.00546503067016601 0.0068359375 -0.031036376953125 -0.257308959960938
-0.00691509246826172 0.0162715911865234 0.23480224609375 -0.255722045898438
-0.0139217376708984 0.00255680084228516 0.397674560546875 0.119964599609375
-0.00356101989746094 -0.0191974639892578 0.1719970703125 0.4534912109375
0.0228424072265625 -0.00212478637695313 -0.076202392578125 0.28192138671875
0.0233802795410156 0.00477981567382813 0.0517768859863281 -0.0281524658203125
0.0149707794189453 -0.00615978240966797 0.01763916015625 -0.37139892578125
0.00423240661621094 -0.0196762084960937 -0.352203369140625 -0.337158203125
-0.00401639938354492 -0.00176262855529785 -0.404083251953125 0.116790771484375
-0.00667095184326172 0.0111312866210938 -0.08233642578125 0.308013916015625
-0.0095682144165039 0.00303554534912109 0.123397827148438 0.187698364257813
0.00168693065643311 0.00130653381347656 0.165206909179688 -0.015655517578125
0.0167293548583984 -0.00220394134521484 0.0950698852539063 -0.133842468261719
0.0183296203613281 0.000543594360351563 -0.105865478515625 0.105087280273438
0.0141534805297852 0.00175952911376953 -0.139511108398438 -0.0617523193359375
-0.00244140625 0.0128574371337891 -0.0237884521484375 -0.257705688476563
-0.0141324996948242 0.0172863006591797 0.24298095703125 -0.25042724609375
-0.0266532897949219 -0.00749969482421875 0.39422607421875 0.130035400390625
-0.00844955444335938 -0.04119873046875 0.158203125 0.460113525390625
0.0362319946289063 -0.0275154113769531 -0.08367919921875 0.28076171875
0.0457878112792969 -0.0187301635742188 0.0495948791503906 -0.0296897888183594
0.0168418884277344 -0.0309867858886719 0.00885009765624996 -0.369537353515625
-0.0102710723876953 -0.0334587097167969 -0.35931396484375 -0.325592041015625
-0.0180778503417969 -0.00350379943847657 -0.40240478515625 0.12481689453125
-0.00855541229248047 0.0154819488525391 -0.07470703125 0.30755615234375
-0.0038909912109375 0.00899982452392578 0.132064819335938 0.1839599609375
0.00896453857421875 0.00537014007568359 0.167922973632813 -0.0172119140625
0.0220851898193359 -0.000200271606445313 0.0946044921875 -0.135337829589844
0.0242881774902344 0.00175285339355469 -0.106109619140625 0.105735778808594
0.0210342407226563 0.00758552551269531 -0.140899658203125 -0.0567474365234375
0.00207901000976562 0.0191669464111328 -0.0284576416015625 -0.253875732421875
-0.0200214385986328 0.0188388824462891 0.234725952148437 -0.255264282226563
-0.0401115417480469 -0.0165786743164063 0.393310546875 0.1146240234375
-0.0168037414550781 -0.0639190673828125 0.170257568359375 0.454132080078125
0.0468559265136719 -0.0557937622070313 -0.082550048828125 0.29083251953125
0.0684432983398438 -0.0446968078613281 0.0407791137695313 -0.0181999206542969
0.0188064575195312 -0.0571708679199219 0.013427734375 -0.359161376953125
-0.0253562927246094 -0.0485343933105469 -0.352294921875 -0.32940673828125
-0.0332603454589844 -0.00717735290527344 -0.405426025390625 0.1177978515625
-0.01177978515625 0.0190010070800781 -0.080718994140625 0.308502197265625
0.00246334075927734 0.0166349411010742 0.1319580078125 0.1878662109375
0.0184707641601563 0.0122241973876953 0.169937133789063 -0.0143890380859375
0.0296554565429688 0.00202369689941406 0.0980682373046875 -0.135597229003906
0.0293407440185547 0.00169944763183594 -0.102043151855469 0.108406066894531
0.0287570953369141 0.0127315521240234 -0.143661499023438 -0.045989990234375
0.00857162475585938 0.0249710083007812 -0.0456390380859375 -0.242462158203125
-0.0231113433837891 0.022216796875 0.20782470703125 -0.268447875976563
-0.0534210205078125 -0.0210952758789062 0.396026611328125 0.076873779296875
-0.0316619873046875 -0.0823287963867188 0.20635986328125 0.43511962890625
0.0507125854492187 -0.0833663940429687 -0.068023681640625 0.310211181640625
0.0897903442382813 -0.07061767578125 0.0243072509765625 0.00604438781738281
0.0246734619140625 -0.0834732055664063 0.030303955078125 -0.33758544921875
-0.0372314453125 -0.0667839050292969 -0.32354736328125 -0.349456787109375
-0.0496330261230469 -0.0146675109863281 -0.420745849609375 0.0854492187500001
-0.0170116424560547 0.0216445922851562 -0.110809326171875 0.30987548828125
0.00641059875488281 0.0218715667724609 0.118087768554688 0.2056884765625
0.0255298614501953 0.0196266174316406 0.171630859375 -0.0030670166015625
0.0355682373046875 0.00448226928710937 0.106605529785156 -0.132858276367188
-0.00700664520263672 -0.00726938247680664 -0.085845947265625 0.121559143066406
-0.00379371643066406 -0.00991344451904297 -0.15350341796875 -0.01776123046875
-0.00776576995849609 -0.00866413116455078 -0.111373901367187 -0.20916748046875
0.00972747802734375 0.00403594970703125 0.11602783203125 -0.294464111328125
0.00795459747314453 0.0112829208374023 0.39385986328125 -0.038116455078125
0.00182628631591797 0.0119380950927734 0.32635498046875 0.349822998046875
0.00715827941894531 0.0349235534667969 0.007476806640625 0.333984375
-0.0155677795410156 0.039947509765625 0.0130195617675781 0.0471115112304688
-0.00125503540039062 0.0371780395507813 0.114166259765625 -0.311279296875
0.0189418792724609 0.0134849548339844 -0.2049560546875 -0.44732666015625
0.0188465118408203 0.000860214233398438 -0.439208984375 -0.042266845703125
0.00286126136779785 -0.00417351722717285 -0.208251953125 0.2900390625
-0.00803613662719726 -0.00859355926513672 0.0373687744140625 0.246139526367188
-0.00932025909423828 -0.0027618408203125 0.151504516601563 0.027130126953125
-0.00110769271850586 -0.00529623031616211 0.116874694824219 -0.120491027832031
-0.004730224609375 -0.00648117065429687 -0.0892410278320313 0.118247985839844
-0.0039520263671875 -0.0117206573486328 -0.14990234375 -0.0289764404296875
-0.00946903228759766 -0.00661563873291015 -0.0911102294921875 -0.223526000976563
0.00868511199951172 0.00737667083740234 0.148223876953125 -0.28814697265625
0.00850296020507812 0.0141916275024414 0.399505615234375 0.003875732421875
0.00465583801269531 0.0141181945800781 0.289642333984375 0.383270263671875
0.00698089599609375 0.0376853942871094 -0.016326904296875 0.320343017578125
-0.0156936645507812 0.042633056640625 0.0251731872558594 0.0256214141845703
0.00269317626953125 0.0380210876464844 0.092041015625 -0.332611083984375
0.0226211547851562 0.0111312866210937 -0.248931884765625 -0.4227294921875
0.0197277069091797 0.00161170959472656 -0.434783935546875 0.00347900390625004
0.00116562843322754 -0.00149762630462646 -0.173614501953125 0.29949951171875
-0.0115995407104492 -0.00765419006347656 0.061065673828125 0.230804443359375
-0.0098419189453125 -0.00435829162597656 0.155364990234375 0.01483154296875
0.000866889953613281 -0.00515604019165039 0.109710693359375 -0.124496459960938
-0.000349998474121094 -0.00557708740234375 -0.09539794921875 0.114006042480469
-0.00195503234863281 -0.0108623504638672 -0.146697998046875 -0.0420989990234375
-0.00949001312255859 -0.00361824035644531 -0.0691680908203125 -0.23797607421875
0.00508022308349609 0.0110158920288086 0.182037353515625 -0.2783203125
0.00478267669677734 0.0145673751831055 0.402679443359375 0.04644775390625
0.00347614288330078 0.00986957550048828 0.24725341796875 0.409820556640625
0.0076446533203125 0.0321369171142578 -0.03973388671875 0.303863525390625
-0.00908279418945313 0.0376930236816406 0.0376472473144531 0.00186920166015625
0.00771522521972656 0.0308647155761719 0.064849853515625 -0.3519287109375
0.0223331451416016 0.00412368774414063 -0.292510986328125 -0.391387939453125
0.0156373977661133 0.000432968139648438 -0.426055908203125 0.051300048828125
-0.00189626216888428 0.00211548805236816 -0.137939453125 0.30596923828125
-0.0133829116821289 -0.0051889419555664 0.086029052734375 0.215087890625
-0.00846576690673828 -0.00388860702514648 0.159103393554688 0.0020904541015625
0.00515413284301758 -0.00465917587280273 0.104316711425781 -0.127792358398438
0.00571393966674805 -0.00395917892456055 -0.0998992919921875 0.109535217285156
0.00163125991821289 -0.00806093215942383 -0.142776489257813 -0.052978515625
-0.00841426849365234 0.00141286849975586 -0.0466461181640625 -0.2496337890625
0.000177383422851562 0.0140504837036133 0.213699340820313 -0.265243530273438
-0.0026998519897461 0.0108394622802734 0.400787353515625 0.09130859375
0.000286996364593506 -0.00109529495239258 0.203277587890625 0.436492919921875
0.0134372711181641 0.0184993743896484 -0.06158447265625 0.290069580078125
0.00460243225097656 0.0246524810791016 0.0464134216308594 -0.01690673828125
0.0124731063842773 0.0157155990600586 0.0384521484375 -0.366180419921875
0.0160760879516602 -0.00697708129882813 -0.3271484375 -0.362457275390625
0.00719308853149414 -0.000769615173339844 -0.41265869140625 0.0883178710937501
-0.00452947616577148 0.0067434310913086 -0.105224609375 0.307891845703125
-0.0125064849853516 -0.00103282928466797 0.10699462890625 0.199172973632813
-0.00427532196044922 -0.00235748291015625 0.162002563476563 -0.008056640625
0.0100994110107422 -0.00336074829101562 0.0982284545898438 -0.131484985351563
0.0125389099121094 -0.00167751312255859 -0.104209899902344 0.105751037597656
0.00721836090087891 -0.00352668762207031 -0.1409912109375 -0.059722900390625
-0.00603199005126953 0.00721406936645508 -0.03082275390625 -0.255783081054688
-0.00694847106933594 0.0162391662597656 0.23443603515625 -0.253799438476563
-0.0137977600097656 0.00302505493164062 0.396453857421875 0.118743896484375
-0.00340080261230469 -0.0192813873291016 0.1728515625 0.45245361328125
0.0230369567871094 -0.00262832641601563 -0.0760345458984375 0.28021240234375
0.0238914489746094 0.00515937805175781 0.0510063171386719 -0.0280113220214844
0.0151653289794922 -0.00588130950927734 0.018341064453125 -0.370025634765625
0.00406837463378906 -0.0191555023193359 -0.350921630859375 -0.336212158203125
-0.00427818298339844 -0.00217890739440918 -0.405120849609375 0.11602783203125
-0.00693130493164063 0.0110073089599609 -0.08233642578125 0.307769775390625
-0.00934982299804688 0.00345325469970703 0.123214721679688 0.187774658203125
0.00241422653198242 0.00126409530639648 0.165054321289062 -0.015716552734375
0.0164804458618164 -0.00226211547851562 0.0946426391601563 -0.133270263671875
0.019073486328125 -0.00037384033203125 -0.105857849121094 0.104667663574219
0.0144805908203125 0.00170135498046875 -0.139785766601562 -0.0613021850585938
-0.00296115875244141 0.0135374069213867 -0.023590087890625 -0.256805419921875
-0.014103889465332 0.0173263549804688 0.242538452148438 -0.249191284179688
-0.0261802673339844 -0.00738716125488282 0.393280029296875 0.129913330078125
-0.0081939697265625 -0.04107666015625 0.158294677734375 0.458740234375
0.0364761352539063 -0.0276718139648438 -0.0843963623046875 0.279815673828125
0.045867919921875 -0.0187492370605469 0.0488548278808594 -0.029144287109375
0.0168972015380859 -0.0306510925292969 0.00881958007812503 -0.368072509765625
-0.0105094909667969 -0.0327816009521484 -0.35791015625 -0.3255615234375
-0.0184154510498047 -0.00373458862304688 -0.401824951171875 0.12567138671875
-0.00906753540039063 0.0154714584350586 -0.074798583984375 0.3077392578125
-0.00417137145996094 0.00877666473388672 0.131851196289063 0.183731079101563
0.00930976867675781 0.00540351867675781 0.16693115234375 -0.0172271728515625
0.0219440460205078 -0.000349044799804688 0.0951080322265625 -0.135116577148438
0.0246467590332031 0.00121879577636719 -0.106033325195313 0.105323791503906
0.0213871002197266 0.00720405578613281 -0.141372680664063 -0.0562286376953125
0.00174140930175781 0.0192432403564453 -0.0287017822265625 -0.252975463867188
-0.0204238891601563 0.0189189910888672 0.23443603515625 -0.254547119140625
-0.0398941040039063 -0.0164642333984375 0.39306640625 0.11566162109375
-0.016632080078125 -0.0635566711425781 0.168853759765625 0.4527587890625
0.0470657348632813 -0.0558052062988281 -0.083831787109375 0.289703369140625
0.0688667297363281 -0.0447311401367187 0.040313720703125 -0.0182151794433594
0.018798828125 -0.0567741394042969 0.01416015625 -0.358489990234375
-0.0256118774414062 -0.0480155944824219 -0.3516845703125 -0.329132080078125
-0.0335693359375 -0.0071563720703125 -0.40655517578125 0.117340087890625
-0.0117607116699219 0.0191173553466797 -0.08050537109375 0.3087158203125
0.00278854370117188 0.0167303085327148 0.131607055664062 0.18798828125
0.0189418792724609 0.0115928649902344 0.169677734375 -0.0143585205078125
0.0297889709472656 0.00182342529296875 0.097930908203125 -0.135017395019531
0.0300121307373047 0.00171661376953125 -0.102134704589844 0.107833862304688
0.0286922454833984 0.0129661560058594 -0.1439208984375 -0.0454559326171875
0.0079803466796875 0.0248184204101563 -0.0451812744140625 -0.24200439453125
-0.0235652923583984 0.0221004486083984 0.208099365234375 -0.266952514648438
-0.053680419921875 -0.020904541015625 0.39471435546875 0.077056884765625
-0.0310287475585938 -0.0820693969726563 0.20654296875 0.43389892578125
0.0513916015625 -0.0835952758789062 -0.069305419921875 0.309326171875
0.0899581909179688 -0.0708389282226563 0.0237636566162109 0.00639915466308593
0.0251998901367188 -0.083282470703125 0.030609130859375 -0.336151123046875
-0.0371360778808594 -0.0664558410644531 -0.322723388671875 -0.349029541015625
-0.0498085021972656 -0.0143661499023437 -0.420074462890625 0.0838623046875
-0.0172748565673828 0.0215511322021484 -0.11041259765625 0.3095703125
0.00698661804199218 0.0222740173339844 0.117568969726562 0.205398559570312
0.0259494781494141 0.0195732116699219 0.171310424804688 -0.0030364990234375
0.035552978515625 0.0044097900390625 0.105926513671875 -0.132820129394531
-0.00636529922485352 -0.00743484497070312 -0.085723876953125 0.120620727539063
-0.00354385375976563 -0.0102643966674805 -0.1539306640625 -0.0180206298828125
-0.00740385055541992 -0.00836992263793945 -0.111297607421875 -0.208343505859375
0.00940418243408203 0.00404453277587891 0.11669921875 -0.294097900390625
0.00750541687011719 0.0116395950317383 0.3946533203125 -0.037506103515625
0.00188732147216797 0.0120277404785156 0.32470703125 0.35003662109375
0.00754547119140625 0.0344524383544922 0.00531005859374998 0.3326416015625
-0.0154457092285156 0.0394477844238281 0.0125350952148438 0.0474395751953125
-0.00104522705078125 0.0371322631835938 0.113677978515625 -0.310699462890625
0.0183925628662109 0.0132217407226563 -0.203887939453125 -0.446502685546875
0.0188045501708984 0.00055694580078125 -0.43914794921875 -0.042724609375
0.00323057174682617 -0.00449562072753906 -0.208953857421875 0.291015625
-0.00803184509277344 -0.00848388671875 0.0373992919921875 0.246826171875
-0.0086979866027832 -0.00256204605102539 0.1513671875 0.0268707275390625
-0.00108957290649414 -0.00556468963623047 0.116950988769531 -0.120559692382813
-0.00407981872558594 -0.00667524337768555 -0.0892868041992187 0.117576599121094
-0.00397109985351563 -0.0117101669311523 -0.150177001953125 -0.0294036865234375
-0.00943946838378906 -0.00677776336669922 -0.0913238525390625 -0.22393798828125
0.00822067260742188 0.00743198394775391 0.148956298828125 -0.287445068359375
0.00862407684326172 0.0141887664794922 0.400634765625 0.005035400390625
0.00469589233398437 0.0139656066894531 0.288970947265625 0.382171630859375
0.0070343017578125 0.037353515625 -0.01727294921875 0.319427490234375
-0.0154953002929687 0.0427818298339844 0.0249156951904297 0.0255374908447266
0.00268936157226563 0.0379371643066406 0.09234619140625 -0.33245849609375
0.02215576171875 0.0115928649902344 -0.24798583984375 -0.42291259765625
0.0197086334228516 0.00209808349609375 -0.435150146484375 0.00268554687500008
0.00122904777526855 -0.00163710117340088 -0.174285888671875 0.29974365234375
-0.0112152099609375 -0.00737762451171875 0.0606842041015625 0.231719970703125
-0.00976181030273438 -0.0042276382446289 0.155044555664063 0.0148468017578125
0.00100898742675781 -0.00503826141357422 0.109779357910156 -0.124275207519531
0.000428199768066406 -0.00547170639038086 -0.0955352783203125 0.113548278808594
-0.00191211700439453 -0.0104961395263672 -0.147415161132813 -0.041778564453125
-0.0092926025390625 -0.00368499755859375 -0.0692291259765625 -0.238006591796875
0.00524234771728515 0.0110349655151367 0.182479858398438 -0.277572631835938
0.0048675537109375 0.0146713256835938 0.4029541015625 0.047119140625
0.00375843048095703 0.0102090835571289 0.24798583984375 0.411590576171875
0.00809288024902344 0.0319137573242188 -0.041259765625 0.302032470703125
-0.00886154174804687 0.0376091003417969 0.0378303527832031 0.00205230712890625
0.00757598876953125 0.0308628082275391 0.064117431640625 -0.35205078125
0.0216217041015625 0.00460433959960937 -0.291839599609375 -0.391693115234375
0.0155658721923828 0.000581741333007813 -0.425811767578125 0.050079345703125
-0.00208711624145508 0.00240516662597656 -0.137786865234375 0.306365966796875
-0.0131416320800781 -0.00511741638183594 0.0856170654296875 0.215438842773438
-0.00815153121948242 -0.00398635864257813 0.158782958984375 0.0026397705078125
0.00503206253051758 -0.00484037399291992 0.104873657226562 -0.127479553222656
0.00623846054077149 -0.00406122207641602 -0.0997848510742188 0.108871459960937
0.00244712829589844 -0.0080561637878418 -0.143585205078125 -0.052154541015625
-0.00852298736572266 0.00185060501098633 -0.0463104248046875 -0.24957275390625
0.000144958496093751 0.0142879486083984 0.21466064453125 -0.264129638671875
-0.00291824340820313 0.0109539031982422 0.399871826171875 0.09185791015625
0.000829815864562988 -0.000750184059143066 0.20281982421875 0.437225341796875
0.01336669921875 0.0182609558105469 -0.06243896484375 0.2886962890625
0.00439453125 0.0248336791992188 0.0467147827148437 -0.0166168212890625
0.0121555328369141 0.0155982971191406 0.03997802734375 -0.36505126953125
0.0153913497924805 -0.00650596618652344 -0.327728271484375 -0.362518310546875
0.00679779052734375 -0.000565052032470703 -0.41357421875 0.08856201171875
-0.00438070297241211 0.00636482238769531 -0.105499267578125 0.308563232421875
-0.0124530792236328 -0.00141525268554687 0.10662841796875 0.199356079101563
-0.00445747375488281 -0.00180816650390625 0.161972045898438 -0.0078887939453125
0.0105533599853516 -0.00352096557617187 0.0981903076171875 -0.131156921386719
0.0128383636474609 -0.00226020812988281 -0.104171752929688 0.105804443359375
0.00787782669067383 -0.00348615646362305 -0.141937255859375 -0.0600128173828125
-0.00574588775634766 0.00707530975341797 -0.0303497314453125 -0.255767822265625
-0.00724411010742188 0.01605224609375 0.235336303710937 -0.253997802734375
-0.0136852264404297 0.00269317626953125 0.397247314453125 0.120025634765625
-0.00336074829101562 -0.0185260772705078 0.17266845703125 0.4527587890625
0.0238819122314453 -0.00280380249023438 -0.0772247314453125 0.279693603515625
0.0240631103515625 0.00538063049316406 0.0504684448242188 -0.0278778076171875
0.0154848098754883 -0.00567626953125 0.018951416015625 -0.369781494140625
0.003448486328125 -0.019134521484375 -0.350372314453125 -0.336883544921875
-0.00461244583129883 -0.00219583511352539 -0.404632568359375 0.116119384765625
-0.00726318359375 0.0111207962036133 -0.0833740234375 0.30865478515625
-0.00905704498291016 0.00347900390625 0.12310791015625 0.188308715820313
0.00233888626098633 0.00169992446899414 0.1649169921875 -0.015533447265625
0.0166158676147461 -0.00183010101318359 0.095123291015625 -0.1329345703125
0.0191059112548828 -0.00030517578125 -0.106117248535156 0.1041259765625
0.0147075653076172 0.00163364410400391 -0.140335083007813 -0.0615234375
-0.00303554534912109 0.0137853622436523 -0.02264404296875 -0.256790161132813
-0.0147628784179688 0.0172691345214844 0.243423461914063 -0.2489013671875
-0.0260696411132813 -0.00727844238281249 0.392547607421875 0.130950927734375
-0.0077056884765625 -0.0405998229980469 0.15667724609375 0.45843505859375
0.0363082885742187 -0.0279426574707031 -0.0853424072265625 0.279586791992187
0.0464706420898438 -0.0190353393554688 0.0487632751464844 -0.0288734436035156
0.0167980194091797 -0.0303096771240234 0.0101318359375 -0.367767333984375
-0.0112113952636719 -0.0328578948974609 -0.35791015625 -0.325408935546875
-0.0183925628662109 -0.00367355346679688 -0.400726318359375 0.12493896484375
-0.00924587249755859 0.0148420333862305 -0.0745849609375 0.307952880859375
-0.00398159027099609 0.00891685485839844 0.131423950195313 0.1844482421875
0.00921726226806641 0.00526905059814453 0.167190551757813 -0.0169219970703125
0.0220508575439453 -0.000913619995117188 0.0949554443359375 -0.134544372558594
0.0251331329345703 0.000606536865234375 -0.105987548828125 0.104927062988281
0.0218639373779297 0.00733757019042969 -0.141433715820313 -0.056365966796875
0.00150489807128906 0.0193290710449219 -0.0283966064453125 -0.253204345703125
-0.0209331512451172 0.0187187194824219 0.234786987304687 -0.254058837890625
-0.0398025512695313 -0.0167083740234375 0.392913818359375 0.116546630859375
-0.0163383483886719 -0.0633659362792969 0.1676025390625 0.453399658203125
0.0476722717285156 -0.0559577941894531 -0.084228515625 0.28839111328125
0.0689544677734375 -0.0450630187988281 0.0396881103515625 -0.018035888671875
0.0193710327148438 -0.0568275451660156 0.014984130859375 -0.3577880859375
-0.0258255004882813 -0.0482139587402344 -0.350189208984375 -0.329559326171875
-0.0337162017822266 -0.0070343017578125 -0.406707763671875 0.115936279296875
-0.0123291015625 0.0190715789794922 -0.080963134765625 0.3092041015625
0.00299453735351563 0.0166530609130859 0.13177490234375 0.188186645507812
0.0183696746826172 0.0117378234863281 0.16949462890625 -0.01434326171875
0.0298709869384766 0.00184440612792969 0.0979843139648437 -0.1348876953125
0.0301742553710938 0.000921249389648438 -0.102882385253906 0.10772705078125
0.0289592742919922 0.0127124786376953 -0.144317626953125 -0.044921875
0.0082550048828125 0.0250453948974609 -0.0450897216796875 -0.24188232421875
-0.0237979888916016 0.0222454071044922 0.208740234375 -0.266342163085938
-0.0537490844726563 -0.0206108093261719 0.39459228515625 0.07769775390625
-0.0314559936523438 -0.0820159912109375 0.205322265625 0.433349609375
0.0516815185546875 -0.08367919921875 -0.06976318359375 0.308746337890625
0.0904006958007813 -0.0702667236328125 0.0232372283935547 0.006378173828125
0.0252227783203125 -0.0829391479492188 0.03118896484375 -0.33563232421875
-0.0374336242675781 -0.0664100646972656 -0.3212890625 -0.349334716796875
-0.0501289367675781 -0.0143013000488281 -0.419708251953125 0.0836486816406249
-0.0177230834960938 0.0215988159179688 -0.110931396484375 0.3095703125
0.00700759887695313 0.0219097137451172 0.117294311523438 0.205612182617187
0.0257797241210937 0.019439697265625 0.171432495117188 -0.0033416748046875
0.0354194641113281 0.0043487548828125 0.106201171875 -0.132110595703125
-0.00602149963378906 -0.00771617889404297 -0.0861587524414062 0.120063781738281
-0.00345134735107422 -0.0103702545166016 -0.154769897460938 -0.018402099609375
-0.0078730583190918 -0.00826120376586914 -0.11126708984375 -0.208938598632813
0.00909614562988281 0.00404548645019531 0.117340087890625 -0.2943115234375
0.00754356384277344 0.0115823745727539 0.3939208984375 -0.037078857421875
0.00222110748291015 0.0124101638793945 0.325103759765625 0.351043701171875
0.00787544250488281 0.0342769622802734 0.00485229492187503 0.3321533203125
-0.0154685974121094 0.0398178100585937 0.012481689453125 0.0473785400390625
-0.000801086425781248 0.0374870300292969 0.1158447265625 -0.31072998046875
0.0181980133056641 0.0135364532470703 -0.203277587890625 -0.446075439453125
0.0180912017822266 0.000461578369140625 -0.43902587890625 -0.0429992675781251
0.00248146057128906 -0.00429487228393555 -0.210052490234375 0.29156494140625
-0.00792741775512695 -0.00828838348388672 0.0374298095703125 0.247268676757813
-0.00871849060058594 -0.00232934951782226 0.151412963867188 0.0272064208984375
-0.000243663787841797 -0.00498867034912109 0.117156982421875 -0.120292663574219
-0.00381088256835937 -0.00702142715454102 -0.0897369384765625 0.117591857910156
-0.00355815887451172 -0.0116338729858398 -0.151168823242187 -0.02947998046875
-0.00946331024169922 -0.006500244140625 -0.0911407470703125 -0.223648071289063
0.0077972412109375 0.00737714767456055 0.149810791015625 -0.287017822265625
0.00818920135498047 0.01458740234375 0.401275634765625 0.00433349609375
0.0048065185546875 0.0142335891723633 0.288543701171875 0.383209228515625
0.00749588012695312 0.0373077392578125 -0.01812744140625 0.318878173828125
-0.0155067443847656 0.0425872802734375 0.0245170593261719 0.0258407592773438
0.00260543823242187 0.0383491516113281 0.093109130859375 -0.3316650390625
0.0220775604248047 0.0121688842773438 -0.247467041015625 -0.42230224609375
0.01922607421875 0.00146102905273438 -0.4366455078125 0.00289916992187495
0.00119161605834961 -0.00146985054016113 -0.17535400390625 0.3009033203125
-0.0113916397094727 -0.00721836090087891 0.0605621337890625 0.232620239257812
-0.00968742370605469 -0.00415611267089844 0.155426025390625 0.0146484375
0.00114583969116211 -0.00532388687133789 0.110237121582031 -0.124053955078125
0.000859737396240234 -0.00604152679443359 -0.0955734252929688 0.11322021484375
-0.00174427032470703 -0.0101852416992188 -0.14776611328125 -0.04229736328125
-0.00974369049072266 -0.00299453735351562 -0.068939208984375 -0.23797607421875
0.00503349304199219 0.011073112487793 0.183364868164063 -0.278091430664062
0.00492668151855468 0.0149297714233398 0.403564453125 0.048553466796875
0.0040283203125 0.0106630325317383 0.246490478515625 0.411651611328125
0.00839614868164063 0.0317745208740234 -0.042266845703125 0.302154541015625
-0.00904464721679688 0.0376434326171875 0.0370712280273438 0.00198745727539063
0.00759315490722656 0.0308475494384766 0.066497802734375 -0.35113525390625
0.0215263366699219 0.00463294982910156 -0.292266845703125 -0.39208984375
0.0151777267456055 0.000680923461914063 -0.4259033203125 0.04974365234375
-0.00218939781188965 0.00229787826538086 -0.138458251953125 0.30712890625
-0.0132627487182617 -0.00494289398193359 0.085662841796875 0.216201782226562
-0.00833320617675781 -0.00405502319335938 0.159042358398438 0.0021820068359375
0.0050959587097168 -0.00491237640380859 0.104934692382813 -0.127632141113281
0.00702667236328125 -0.00415992736816406 -0.100593566894531 0.108474731445313
0.00255537033081055 -0.0078740119934082 -0.144454956054688 -0.0528564453125
-0.00844717025756836 0.00190830230712891 -0.0462493896484375 -0.249603271484375
-0.000333786010742186 0.0140314102172852 0.215423583984375 -0.264434814453125
-0.00282192230224609 0.0108880996704102 0.401641845703125 0.0919189453125
0.00107985734939575 -0.000735580921173096 0.20367431640625 0.437896728515625
0.013671875 0.0177803039550781 -0.063262939453125 0.288726806640625
0.00485992431640625 0.0248279571533203 0.0460891723632813 -0.0164451599121094
0.0131454467773438 0.0156288146972656 0.040008544921875 -0.365509033203125
0.0154495239257812 -0.00585842132568359 -0.326141357421875 -0.36383056640625
0.00666427612304688 -0.00116777420043945 -0.415069580078125 0.087982177734375
-0.00474119186401367 0.00652933120727539 -0.106781005859375 0.309234619140625
-0.0124225616455078 -0.00103569030761718 0.106826782226563 0.200149536132813
-0.00409173965454102 -0.00199198722839355 0.162246704101563 -0.0079803466796875
0.0104427337646484 -0.00361347198486328 0.09869384765625 -0.130989074707031
0.0135908126831055 -0.00266075134277344 -0.104843139648438 0.105003356933594
0.00792789459228516 -0.00321292877197266 -0.142105102539063 -0.0597686767578125
-0.00604104995727539 0.00763225555419922 -0.0306549072265625 -0.2564697265625
-0.00761127471923828 0.0159235000610352 0.235977172851563 -0.253677368164063
-0.0138044357299805 0.00291156768798828 0.397064208984375 0.12109375
-0.00288772583007813 -0.0187149047851562 0.172088623046875 0.452117919921875
0.0239372253417969 -0.00308418273925781 -0.0784454345703125 0.278900146484375
0.0242538452148437 0.00506210327148437 0.0500984191894531 -0.02752685546875
0.0157060623168945 -0.00561332702636719 0.019622802734375 -0.368560791015625
0.00329017639160156 -0.0189399719238281 -0.3499755859375 -0.33740234375
-0.00501203536987305 -0.00218629837036133 -0.404510498046875 0.115692138671875
-0.0070648193359375 0.0110082626342773 -0.084320068359375 0.309173583984375
-0.00919246673583984 0.00333309173583984 0.12286376953125 0.188934326171875
0.00244140625 0.00142431259155273 0.164749145507812 -0.01531982421875
0.0170774459838867 -0.00246334075927734 0.0953598022460938 -0.133064270019531
0.0196475982666016 -0.000732421875 -0.106727600097656 0.103973388671875
0.0149335861206055 0.00176620483398438 -0.14111328125 -0.0615997314453125
-0.00327396392822266 0.0139217376708984 -0.0231170654296875 -0.2574462890625
-0.0147733688354492 0.0174312591552734 0.2435302734375 -0.24859619140625
-0.0265769958496094 -0.00758171081542969 0.39300537109375 0.132110595703125
-0.0076751708984375 -0.0405464172363281 0.156707763671875 0.4580078125
0.0368423461914063 -0.0284423828125 -0.086395263671875 0.279144287109375
0.0467453002929688 -0.019134521484375 0.0482673645019531 -0.0287132263183594
0.0173873901367188 -0.0307064056396484 0.010528564453125 -0.368743896484375
-0.0107059478759766 -0.0323123931884766 -0.35736083984375 -0.325531005859375
-0.0188369750976563 -0.00373268127441406 -0.4017333984375 0.125091552734375
-0.00924110412597656 0.0152978897094727 -0.075714111328125 0.308837890625
-0.00386619567871094 0.00903511047363281 0.1314697265625 0.184799194335938
0.00933742523193359 0.00561046600341797 0.16729736328125 -0.0168914794921875
0.0225410461425781 -0.00063323974609375 0.0953750610351563 -0.134757995605469
0.0257930755615234 0.0002899169921875 -0.106132507324219 0.104682922363281
0.0221748352050781 0.00748062133789063 -0.1424560546875 -0.0558319091796875
0.00153350830078125 0.0197334289550781 -0.0283203125 -0.253433227539063
-0.0210018157958984 0.0185012817382813 0.235595703125 -0.253570556640625
-0.0401763916015625 -0.0162391662597656 0.393798828125 0.117828369140625
-0.016204833984375 -0.0632476806640625 0.1685791015625 0.453704833984375
0.0479850769042969 -0.0558433532714844 -0.085296630859375 0.28826904296875
0.0694808959960938 -0.044647216796875 0.0396347045898438 -0.017547607421875
0.0197410583496094 -0.0569496154785156 0.01513671875 -0.35687255859375
-0.0255966186523438 -0.0478286743164063 -0.3497314453125 -0.331085205078125
-0.0342979431152344 -0.0070953369140625 -0.40655517578125 0.116973876953125
-0.0121994018554688 0.0186882019042969 -0.08197021484375 0.309783935546875
0.0026702880859375 0.0167913436889648 0.131683349609375 0.188446044921875
0.0182037353515625 0.0119609832763672 0.16973876953125 -0.014678955078125
0.0298957824707031 0.00177764892578125 0.09765625 -0.1353759765625
0.0308780670166016 0.00030517578125 -0.103157043457031 0.1080322265625
0.0293960571289063 0.0127487182617187 -0.145217895507813 -0.04498291015625
0.00792121887207031 0.0252704620361328 -0.0454864501953125 -0.242172241210938
-0.0240287780761719 0.0219573974609375 0.209442138671875 -0.267059326171875
-0.0536384582519531 -0.0207481384277344 0.394287109375 0.078582763671875
-0.031005859375 -0.0817108154296875 0.20574951171875 0.43304443359375
0.0521087646484375 -0.0837936401367188 -0.070953369140625 0.30908203125
0.0908966064453125 -0.0703048706054688 0.0231800079345703 0.00696372985839843
0.0257568359375 -0.0826950073242188 0.031982421875 -0.33538818359375
-0.0372352600097656 -0.0661125183105469 -0.321685791015625 -0.3504638671875
-0.050750732421875 -0.0140190124511719 -0.420257568359375 0.084320068359375
-0.0176467895507813 0.0213088989257813 -0.1114501953125 0.309814453125
0.00687789916992188 0.0220870971679688 0.118194580078125 0.206497192382813
0.0260334014892578 0.0193996429443359 0.17120361328125 -0.003082275390625
0.035858154296875 0.00439071655273438 0.10650634765625 -0.132972717285156
-0.00539970397949219 -0.00827646255493164 -0.0866165161132813 0.120193481445313
-0.00301837921142578 -0.0099639892578125 -0.155517578125 -0.018157958984375
-0.00786733627319336 -0.00811910629272461 -0.11138916015625 -0.209609985351563
0.00912284851074219 0.00408935546875 0.117828369140625 -0.294830322265625
0.00766086578369141 0.0115537643432617 0.39599609375 -0.03668212890625
0.00245475769042969 0.0125665664672852 0.326995849609375 0.351165771484375
0.00809288024902344 0.0340957641601563 0.00363159179687503 0.332672119140625
-0.0154380798339844 0.0401115417480469 0.0118865966796875 0.0475273132324219
-0.00123214721679688 0.0375938415527344 0.11602783203125 -0.31085205078125
0.0182285308837891 0.0138397216796875 -0.202880859375 -0.447418212890625
0.0180091857910156 0.0009613037109375 -0.44091796875 -0.0433349609375
0.00281333923339844 -0.00487041473388672 -0.21038818359375 0.292938232421875
-0.0081024169921875 -0.00825929641723633 0.0372772216796875 0.2489013671875
-0.00871753692626953 -0.00219392776489258 0.15142822265625 0.0272979736328125
-0.000697612762451172 -0.00560379028320313 0.117652893066406 -0.120376586914063
-0.00322675704956055 -0.00734663009643555 -0.0901031494140625 0.117263793945313
-0.00343704223632813 -0.0111494064331055 -0.152313232421875 -0.029815673828125
-0.0100002288818359 -0.00624656677246094 -0.091766357421875 -0.224761962890625
0.0078277587890625 0.00749444961547852 0.15032958984375 -0.287750244140625
0.00823211669921875 0.0145339965820312 0.40264892578125 0.00592041015625
0.00533866882324219 0.0144901275634766 0.2904052734375 0.38299560546875
0.00740432739257812 0.0364723205566406 -0.01922607421875 0.3194580078125
-0.0152969360351563 0.0426406860351563 0.0245952606201172 0.0257740020751953
0.00256729125976563 0.0382118225097656 0.09344482421875 -0.332183837890625
0.0219326019287109 0.0121746063232422 -0.248016357421875 -0.424041748046875
0.0192813873291016 0.00150489807128906 -0.436981201171875 0.00189208984375006
0.000557184219360352 -0.00168156623840332 -0.17620849609375 0.30230712890625
-0.0116729736328125 -0.00711822509765625 0.0604400634765625 0.233413696289063
-0.0100765228271484 -0.00356197357177734 0.1556396484375 0.014678955078125
0.00114679336547852 -0.00533676147460938 0.110977172851563 -0.124404907226562
0.00114583969116211 -0.00640153884887695 -0.0964126586914063 0.112953186035156
-0.00112628936767578 -0.0100421905517578 -0.148956298828125 -0.0424041748046875
-0.00969600677490234 -0.00302886962890625 -0.069091796875 -0.239395141601562
0.00466251373291016 0.0109357833862305 0.184738159179688 -0.278060913085937
0.00467967987060547 0.0146141052246094 0.4044189453125 0.0478515625
0.00442790985107422 0.0105056762695313 0.248504638671875 0.41314697265625
0.00847816467285156 0.0312137603759766 -0.043487548828125 0.302459716796875
-0.00874710083007812 0.0374641418457031 0.0372161865234375 0.00250625610351563
0.00799942016601563 0.0310573577880859 0.06610107421875 -0.352325439453125
0.0213184356689453 0.00480842590332031 -0.292510986328125 -0.39288330078125
0.0152158737182617 0.0008697509765625 -0.427703857421875 0.04864501953125
-0.00222635269165039 0.00200176239013672 -0.13909912109375 0.308929443359375
-0.0130243301391602 -0.00486946105957031 0.0859832763671875 0.217147827148438
-0.00780868530273437 -0.00356101989746094 0.159469604492188 0.002349853515625
0.00487089157104492 -0.00437641143798828 0.105171203613281 -0.127731323242188
0.00723505020141602 -0.00458288192749023 -0.100715637207031 0.108413696289063
0.0026097297668457 -0.00799942016601563 -0.145294189453125 -0.052978515625
-0.00873565673828125 0.0019993782043457 -0.046661376953125 -0.25030517578125
-0.000731468200683593 0.0141096115112305 0.216461181640625 -0.26507568359375
-0.00335597991943359 0.0108423233032227 0.402740478515625 0.0927734375
0.00112760066986084 -0.000472903251647949 0.2030029296875 0.4388427734375
0.0140371322631836 0.0175304412841797 -0.06439208984375 0.28900146484375
0.00493812561035156 0.0248050689697266 0.0456924438476562 -0.0163040161132813
0.0127658843994141 0.0154123306274414 0.040802001953125 -0.36566162109375
0.0150308609008789 -0.00608730316162109 -0.327667236328125 -0.364044189453125
0.00639486312866211 -0.000971317291259766 -0.415374755859375 0.087646484375
-0.00458765029907227 0.00634288787841797 -0.10736083984375 0.310272216796875
-0.0121698379516602 -0.000694274902343752 0.107269287109375 0.201370239257813
-0.00393581390380859 -0.00197529792785645 0.162445068359375 -0.00836181640625
0.0102605819702148 -0.00396060943603516 0.0987548828125 -0.131202697753906
0.0142307281494141 -0.00287723541259766 -0.105186462402344 0.105400085449219
0.00838565826416016 -0.00330018997192383 -0.143295288085938 -0.0596160888671875
-0.00641727447509766 0.00776481628417969 -0.0308837890625 -0.256515502929687
-0.00774002075195313 0.0161075592041016 0.23724365234375 -0.25433349609375
-0.0138759613037109 0.0028533935546875 0.398956298828125 0.1220703125
-0.00287246704101563 -0.0184059143066406 0.172332763671875 0.453125
0.0238609313964844 -0.00359535217285156 -0.0792388916015625 0.279266357421875
0.0242633819580078 0.00490570068359375 0.0500831604003906 -0.0275840759277344
0.0155420303344727 -0.00551128387451172 0.019927978515625 -0.370361328125
0.00354194641113281 -0.0190086364746094 -0.35040283203125 -0.3382568359375
-0.00517416000366211 -0.00163125991821289 -0.406982421875 0.115753173828125
-0.00731086730957031 0.0110549926757812 -0.084747314453125 0.31048583984375
-0.00903129577636719 0.00353717803955078 0.122772216796875 0.189865112304688
0.00250649452209473 0.00156164169311523 0.1650390625 -0.015869140625
0.0170269012451172 -0.00246334075927734 0.0958633422851562 -0.1337890625
0.0205860137939453 -0.00117301940917969 -0.107147216796875 0.103919982910156
0.0153284072875977 0.00217914581298828 -0.1422119140625 -0.06085205078125
-0.00320529937744141 0.0139064788818359 -0.0233001708984375 -0.2578125
-0.0150585174560547 0.0176162719726563 0.244857788085938 -0.248748779296875
-0.0264911651611328 -0.00732803344726563 0.394866943359375 0.13397216796875
-0.0075531005859375 -0.040863037109375 0.156219482421875 0.459808349609375
0.0369949340820313 -0.0287017822265625 -0.08795166015625 0.278961181640625
0.046478271484375 -0.01904296875 0.0483131408691406 -0.0283317565917969
0.0176219940185547 -0.0308666229248047 0.01055908203125 -0.36907958984375
-0.0108909606933594 -0.0322170257568359 -0.35943603515625 -0.32757568359375
-0.0187435150146484 -0.0037841796875 -0.403656005859375 0.125213623046875
-0.0093984603881836 0.0149707794189453 -0.076080322265625 0.310516357421875
-0.00390625 0.00903129577636719 0.131805419921875 0.185546875
0.00937175750732422 0.00533294677734375 0.167724609375 -0.01776123046875
0.0226726531982422 -0.00083160400390625 0.0953521728515625 -0.135002136230469
0.0261764526367188 -0.000108718872070313 -0.106719970703125 0.105064392089844
0.0223255157470703 0.00743293762207031 -0.1439208984375 -0.0559539794921875
0.00122833251953125 0.0203609466552734 -0.02825927734375 -0.2537841796875
-0.0211257934570313 0.0186328887939453 0.237228393554687 -0.254226684570313
-0.0401077270507813 -0.0163955688476562 0.39593505859375 0.118194580078125
-0.0157279968261719 -0.0632743835449219 0.168212890625 0.45538330078125
0.0478096008300781 -0.0563201904296875 -0.0865478515625 0.2886962890625
0.0699234008789063 -0.0446319580078125 0.0394363403320313 -0.0175514221191406
0.0198707580566406 -0.056640625 0.015777587890625 -0.3577880859375
-0.0259590148925781 -0.0479583740234375 -0.35052490234375 -0.33026123046875
-0.0344867706298828 -0.00718307495117187 -0.4091796875 0.116912841796875
-0.0126571655273438 0.0185756683349609 -0.08203125 0.31146240234375
0.00265598297119141 0.0170841217041016 0.132034301757813 0.189605712890625
0.0189800262451172 0.0120677947998047 0.169647216796875 -0.0144805908203125
0.0302467346191406 0.00166511535644531 0.0986709594726562 -0.135101318359375
0.0310821533203125 -0.000127792358398438 -0.103485107421875 0.108253479003906
0.0296134948730469 0.0127220153808594 -0.14569091796875 -0.044403076171875
0.0083465576171875 0.0257415771484375 -0.044952392578125 -0.242218017578125
-0.0244388580322266 0.0218982696533203 0.210250854492188 -0.266952514648438
-0.0540847778320313 -0.0210189819335938 0.397003173828125 0.079132080078125
-0.0304412841796875 -0.081695556640625 0.206024169921875 0.435882568359375
0.0529632568359375 -0.0847244262695313 -0.072021484375 0.308502197265625
0.0912857055664062 -0.0703277587890625 0.0226020812988281 0.00735092163085937
0.026275634765625 -0.0829391479492187 0.0325927734375 -0.336334228515625
-0.037322998046875 -0.0660896301269531 -0.32281494140625 -0.35107421875
-0.0509796142578125 -0.0140495300292969 -0.421234130859375 0.0846862792968749
-0.0180873870849609 0.0216522216796875 -0.11175537109375 0.31201171875
0.00713157653808594 0.0223503112792969 0.1177978515625 0.20660400390625
0.0262546539306641 0.019744873046875 0.171661376953125 -0.0033721923828125
0.0357704162597656 0.00417709350585938 0.106468200683594 -0.133285522460938
-0.00529241561889649 -0.0083308219909668 -0.0870208740234375 0.120819091796875
-0.00290012359619141 -0.00993633270263672 -0.1566162109375 -0.017974853515625
-0.00818967819213867 -0.0075068473815918 -0.112533569335937 -0.210281372070313
0.00882530212402344 0.0041656494140625 0.1185302734375 -0.295867919921875
0.00757598876953125 0.0116357803344727 0.3980712890625 -0.036407470703125
0.00245380401611328 0.0124683380126953 0.327972412109375 0.353485107421875
0.00804710388183594 0.0341892242431641 0.00317382812500002 0.333526611328125
-0.0152587890625 0.0401382446289063 0.0117263793945312 0.0475959777832031
-0.000888824462890624 0.0376167297363281 0.116790771484375 -0.311981201171875
0.0177745819091797 0.0142688751220703 -0.203582763671875 -0.449737548828125
0.0181980133056641 0.00030517578125 -0.4429931640625 -0.0430908203125
0.00238442420959473 -0.00435996055603027 -0.21209716796875 0.2940673828125
-0.0081782341003418 -0.0080265998840332 0.0370941162109375 0.250198364257813
-0.0082855224609375 -0.00247478485107422 0.151931762695313 0.0271759033203125
-0.000579833984375 -0.00546741485595703 0.118423461914063 -0.1209716796875
-0.00296926498413086 -0.00800657272338867 -0.0903472900390625 0.117362976074219
-0.00310611724853516 -0.0111541748046875 -0.153778076171875 -0.0293121337890625
-0.0100688934326172 -0.00585556030273438 -0.0922393798828125 -0.2254638671875
0.00773286819458008 0.00732040405273438 0.150909423828125 -0.2891845703125
0.00832462310791016 0.014805793762207 0.404937744140625 0.005859375
0.00506019592285156 0.0147867202758789 0.29022216796875 0.38543701171875
0.00782394409179688 0.0365638732910156 -0.01953125 0.319793701171875
-0.0155754089355469 0.0428810119628906 0.0239505767822266 0.0261363983154297
0.0030364990234375 0.0385017395019531 0.094207763671875 -0.33343505859375
0.0216617584228516 0.0124950408935547 -0.24810791015625 -0.42626953125
0.0189132690429688 0.00156402587890625 -0.43878173828125 0.00234985351562501
0.00066375732421875 -0.00180256366729736 -0.177398681640625 0.30419921875
-0.0118436813354492 -0.00714969635009766 0.0605621337890625 0.235488891601563
-0.0095367431640625 -0.00400733947753906 0.15631103515625 0.01434326171875
0.000891208648681641 -0.00525236129760742 0.1112060546875 -0.124992370605469
0.00146198272705078 -0.00687408447265625 -0.0963973999023438 0.113288879394531
-0.00122642517089844 -0.010218620300293 -0.150161743164063 -0.0420989990234375
-0.00961112976074219 -0.00257492065429688 -0.0698394775390625 -0.239913940429687
0.00446701049804688 0.0109443664550781 0.185562133789062 -0.2794189453125
0.00441455841064453 0.0149707794189453 0.406829833984375 0.049652099609375
0.00429534912109375 0.0107297897338867 0.249267578125 0.414306640625
0.00903701782226563 0.0306911468505859 -0.043914794921875 0.30279541015625
-0.00854110717773438 0.0376167297363281 0.0365791320800781 0.00251007080078125
0.00812721252441406 0.0310134887695313 0.067535400390625 -0.353912353515625
0.0214519500732422 0.00532150268554687 -0.2933349609375 -0.39501953125
0.0150785446166992 0.0005645751953125 -0.42974853515625 0.050079345703125
-0.00228071212768555 0.00217437744140625 -0.13970947265625 0.310394287109375
-0.0132198333740234 -0.00466060638427734 0.0862579345703125 0.2183837890625
-0.00783061981201172 -0.00360441207885742 0.159774780273438 0.002105712890625
0.00544309616088867 -0.00501918792724609 0.105781555175781 -0.128440856933594
0.00762319564819336 -0.00491666793823242 -0.101226806640625 0.109230041503906
0.00331401824951172 -0.00790119171142578 -0.146804809570313 -0.0530548095703125
-0.00881195068359375 0.00228595733642578 -0.0470123291015625 -0.252044677734375
-0.000550270080566408 0.0141935348510742 0.2177734375 -0.265823364257813
-0.0032815933227539 0.0111064910888672 0.404296875 0.09393310546875
0.0018240213394165 -0.000339508056640625 0.204833984375 0.44097900390625
0.0143308639526367 0.0170803070068359 -0.06536865234375 0.2899169921875
0.00484466552734375 0.0247268676757813 0.0458602905273438 -0.0162582397460938
0.0131998062133789 0.0159902572631836 0.040924072265625 -0.36688232421875
0.0151662826538086 -0.005828857421875 -0.329010009765625 -0.365264892578125
0.00627470016479492 -0.0006256103515625 -0.4188232421875 0.0896911621093751
-0.00501346588134766 0.00634384155273437 -0.107696533203125 0.31219482421875
-0.0125703811645508 -0.000550270080566404 0.107742309570313 0.20263671875
-0.00413250923156738 -0.00183391571044922 0.163040161132813 -0.0082855224609375
0.0109434127807617 -0.003753662109375 0.0994949340820313 -0.131950378417969
0.0145139694213867 -0.00368499755859375 -0.105751037597656 0.105712890625
0.00858640670776367 -0.00333690643310547 -0.144546508789063 -0.059295654296875
-0.00628471374511719 0.00834894180297852 -0.0306854248046875 -0.258560180664062
-0.00783538818359375 0.0161161422729492 0.2386474609375 -0.255126953125
-0.0139884948730469 0.00339317321777343 0.399810791015625 0.122772216796875
-0.00242424011230469 -0.0185298919677734 0.173004150390625 0.4561767578125
0.0243282318115234 -0.00413322448730469 -0.0807342529296875 0.280197143554688
0.0245208740234375 0.00491714477539063 0.049774169921875 -0.02752685546875
0.0160322189331055 -0.00559616088867188 0.01953125 -0.371673583984375
0.0034942626953125 -0.0185947418212891 -0.35150146484375 -0.339874267578125
-0.00540494918823242 -0.00193548202514648 -0.409027099609375 0.1160888671875
-0.00745582580566406 0.0115165710449219 -0.08489990234375 0.313323974609375
-0.00902080535888672 0.00372695922851563 0.123992919921875 0.191375732421875
0.00288748741149902 0.0015110969543457 0.165557861328125 -0.0159912109375
0.0172834396362305 -0.00259590148925781 0.0964202880859375 -0.134140014648438
0.0209579467773438 -0.00201034545898438 -0.107650756835937 0.10430908203125
0.015507698059082 0.00199413299560547 -0.14300537109375 -0.0609893798828125
-0.00313568115234375 0.0145626068115234 -0.023681640625 -0.259231567382813
-0.0157966613769531 0.0175046920776367 0.246673583984375 -0.249954223632813
-0.0266819000244141 -0.00755500793457031 0.39617919921875 0.13330078125
-0.00712203979492188 -0.0409164428710938 0.157867431640625 0.46209716796875
0.0371360778808594 -0.0294151306152344 -0.0890045166015625 0.280059814453125
0.0471649169921875 -0.0191841125488281 0.0480461120605469 -0.0285186767578125
0.0178508758544922 -0.0303859710693359 0.010498046875 -0.371185302734375
-0.0112934112548828 -0.0323009490966797 -0.36004638671875 -0.327911376953125
-0.0190315246582031 -0.00356483459472656 -0.405364990234375 0.12701416015625
-0.00991535186767578 0.0153141021728516 -0.07598876953125 0.31195068359375
-0.00379848480224609 0.00938510894775391 0.132537841796875 0.186874389648438
0.00976943969726562 0.00550651550292969 0.168411254882813 -0.0173797607421875
0.0230388641357422 -0.0007781982421875 0.0958328247070313 -0.135894775390625
0.0265922546386719 -0.00101089477539063 -0.107513427734375 0.105636596679687
0.0225772857666016 0.00753593444824219 -0.144805908203125 -0.055267333984375
0.00119972229003906 0.0208396911621094 -0.0285186767578125 -0.255172729492188
-0.0217952728271484 0.0187358856201172 0.238418579101562 -0.25567626953125
-0.0402565002441406 -0.0165023803710937 0.397796630859375 0.11920166015625
-0.0154380798339844 -0.0631027221679688 0.169769287109375 0.45660400390625
0.0487442016601563 -0.0571708679199219 -0.087371826171875 0.289459228515625
0.0702285766601563 -0.0448989868164062 0.0390434265136719 -0.017120361328125
0.0206069946289062 -0.0570259094238281 0.01666259765625 -0.35943603515625
-0.0261573791503906 -0.0475997924804688 -0.35272216796875 -0.331451416015625
-0.0344867706298828 -0.00720024108886719 -0.4105224609375 0.117340087890625
-0.0126705169677734 0.01922607421875 -0.082977294921875 0.312774658203125
0.00284481048583984 0.0173711776733398 0.132965087890625 0.19012451171875
0.0189170837402344 0.0120391845703125 0.17034912109375 -0.0153961181640625
0.0305709838867188 0.00151252746582031 0.0986328125 -0.136016845703125
0.0315170288085938 -0.0004425048828125 -0.104042053222656 0.1085205078125
0.0302639007568359 0.0123291015625 -0.147171020507812 -0.043914794921875
0.00805282592773438 0.0258731842041016 -0.04541015625 -0.2440185546875
-0.0245647430419922 0.0222244262695312 0.211715698242188 -0.269134521484375
-0.0542640686035156 -0.0208854675292969 0.398345947265625 0.078643798828125
-0.0303115844726562 -0.0821609497070313 0.207061767578125 0.437408447265625
0.0529937744140625 -0.085540771484375 -0.072845458984375 0.30975341796875
0.0916671752929688 -0.0709381103515625 0.0226840972900391 0.00704383850097656
0.0268630981445312 -0.083282470703125 0.033111572265625 -0.337890625
-0.03741455078125 -0.0659065246582031 -0.323577880859375 -0.3533935546875
-0.0513458251953125 -0.0138511657714844 -0.42413330078125 0.0835876464843749
-0.0183506011962891 0.0216751098632813 -0.112274169921875 0.313873291015625
0.00739669799804687 0.0226364135742188 0.118942260742187 0.208160400390625
0.0264415740966797 0.0196723937988281 0.172256469726563 -0.003875732421875
0.0364990234375 0.00392532348632813 0.107200622558594 -0.134040832519531
-0.00488758087158203 -0.00903034210205078 -0.0876617431640625 0.120597839355469
-0.00279617309570313 -0.00985908508300781 -0.1580810546875 -0.017303466796875
-0.00873041152954102 -0.00725126266479492 -0.113311767578125 -0.211196899414062
0.0086522102355957 0.00398731231689453 0.11932373046875 -0.2972412109375
0.00761318206787109 0.0122871398925781 0.399993896484375 -0.03692626953125
0.00301265716552734 0.0125646591186523 0.332000732421875 0.354339599609375
0.00858116149902344 0.0334529876708984 0.00283813476562502 0.3345947265625
-0.0149955749511719 0.0401077270507813 0.0115814208984375 0.0477867126464844
-0.000759124755859379 0.0379295349121094 0.1170654296875 -0.31378173828125
0.0177116394042969 0.0145626068115234 -0.205352783203125 -0.451690673828125
0.01788330078125 0.000749588012695312 -0.4461669921875 -0.0432128906250001
0.00262975692749023 -0.00467681884765625 -0.2125244140625 0.29742431640625
-0.00829410552978515 -0.00797462463378906 0.03790283203125 0.252426147460938
-0.00829458236694336 -0.00233650207519531 0.1531982421875 0.02716064453125
-0.000630855560302734 -0.00537443161010742 0.11871337890625 -0.122085571289062
-0.00277900695800781 -0.00800180435180664 -0.0908737182617188 0.117904663085937
-0.00275993347167969 -0.0114116668701172 -0.154830932617188 -0.0290374755859375
-0.0102577209472656 -0.0055694580078125 -0.0931243896484375 -0.22637939453125
0.00772476196289063 0.00772285461425781 0.151824951171875 -0.290557861328125
0.00828647613525391 0.0146751403808594 0.407440185546875 0.005035400390625
0.00586700439453125 0.0144109725952148 0.29327392578125 0.387939453125
0.007843017578125 0.0361137390136719 -0.0203857421875 0.32073974609375
-0.0154228210449219 0.0429420471191406 0.0235462188720703 0.0260848999023438
0.00297164916992187 0.0388107299804688 0.09466552734375 -0.3350830078125
0.0220375061035156 0.0129566192626953 -0.25030517578125 -0.42950439453125
0.0186805725097656 0.00162696838378906 -0.441253662109375 0.00347900390624999
0.000628352165222168 -0.00180327892303467 -0.17779541015625 0.30706787109375
-0.011988639831543 -0.0068197250366211 0.06170654296875 0.237106323242187
-0.00910186767578125 -0.00377082824707031 0.156967163085938 0.0140228271484375
0.00130987167358398 -0.00532436370849609 0.11181640625 -0.125625610351563
0.00228071212768555 -0.00710535049438477 -0.0968399047851563 0.114105224609375
-0.000737190246582031 -0.0103445053100586 -0.152175903320313 -0.0416107177734375
-0.0102729797363281 -0.00203800201416016 -0.0707550048828125 -0.240875244140625
0.00426197052001953 0.0111818313598633 0.185943603515625 -0.280731201171875
0.00464820861816406 0.0149412155151367 0.409820556640625 0.04931640625
0.00463485717773437 0.0110158920288086 0.251251220703125 0.416107177734375
0.00876617431640625 0.0306873321533203 -0.044586181640625 0.30419921875
-0.00912094116210937 0.0378494262695313 0.0364761352539063 0.00232696533203125
0.0084686279296875 0.0312042236328125 0.06561279296875 -0.353759765625
0.021331787109375 0.00513839721679688 -0.29547119140625 -0.3953857421875
0.0150585174560547 0.000406265258789063 -0.431640625 0.050689697265625
-0.00252819061279297 0.00188159942626953 -0.1400146484375 0.31341552734375
-0.0134267807006836 -0.00473213195800781 0.087249755859375 0.219741821289063
-0.00800371170043945 -0.00353050231933594 0.160888671875 0.0020294189453125
0.00534534454345703 -0.0051732063293457 0.106033325195313 -0.129447937011719
0.00803756713867187 -0.00600767135620117 -0.101707458496094 0.109222412109375
0.0032811164855957 -0.00776433944702149 -0.148117065429687 -0.05291748046875
-0.00871419906616211 0.00271844863891601 -0.0479583740234375 -0.2529296875
-0.00127315521240235 0.0143642425537109 0.218429565429688 -0.267288208007813
-0.00303745269775391 0.0110225677490234 0.408660888671875 0.094390869140625
0.00159907341003418 -0.000530004501342773 0.207122802734375 0.442840576171875
0.0143299102783203 0.0165319442749023 -0.065765380859375 0.29071044921875
0.00520706176757812 0.0248146057128906 0.045318603515625 -0.0159912109375
0.0130109786987305 0.0160732269287109 0.040496826171875 -0.368682861328125
0.0152149200439453 -0.00545501708984375 -0.331573486328125 -0.367279052734375
0.00605535507202148 -0.000761508941650391 -0.42071533203125 0.09130859375
-0.0052485466003418 0.00654220581054688 -0.107635498046875 0.31494140625
-0.0126743316650391 -0.000357627868652344 0.108474731445312 0.2039794921875
-0.00358819961547852 -0.00210499763488769 0.163772583007813 -0.009063720703125
0.010498046875 -0.00404834747314453 0.0998382568359375 -0.132621765136719
0.0147628784179687 -0.00435352325439453 -0.10662841796875 0.106376647949219
0.00904083251953125 -0.00368118286132813 -0.146026611328125 -0.0595703125
-0.00651741027832031 0.00882625579833984 -0.0313720703125 -0.2591552734375
-0.00828266143798828 0.016627311706543 0.23876953125 -0.25653076171875
-0.0140781402587891 0.00337314605712891 0.40411376953125 0.121734619140625
-0.00286293029785156 -0.0186214447021484 0.17498779296875 0.456390380859375
0.0244827270507813 -0.00448226928710938 -0.08172607421875 0.2818603515625
0.0244827270507813 0.00459671020507813 0.0494499206542969 -0.0272369384765625
0.0161628723144531 -0.00569343566894531 0.019500732421875 -0.37335205078125
0.003265380859375 -0.0179996490478516 -0.35430908203125 -0.340301513671875
-0.00538158416748047 -0.00189495086669922 -0.410797119140625 0.1171875
-0.00780677795410156 0.0111427307128906 -0.0843505859375 0.31536865234375
-0.00898361206054688 0.0037994384765625 0.12518310546875 0.1922607421875
0.00272607803344727 0.00153517723083496 0.166610717773438 -0.01654052734375
0.0171737670898438 -0.0026397705078125 0.0963897705078125 -0.135231018066406
0.0212879180908203 -0.00273513793945313 -0.108070373535156 0.104843139648438
0.0158481597900391 0.00191307067871094 -0.1446533203125 -0.0605621337890625
-0.00329494476318359 0.0148210525512695 -0.0240478515625 -0.26025390625
-0.0158424377441406 0.0176963806152344 0.24774169921875 -0.251663208007813
-0.0269088745117188 -0.00737380981445312 0.39886474609375 0.133880615234375
-0.00707244873046875 -0.0408897399902344 0.160614013671875 0.4632568359375
0.0372390747070313 -0.0301284790039062 -0.0896148681640625 0.28106689453125
0.0473747253417969 -0.019439697265625 0.047882080078125 -0.0283126831054688
0.0178737640380859 -0.0307846069335938 0.01116943359375 -0.371978759765625
-0.0112857818603516 -0.0319805145263672 -0.3634033203125 -0.32958984375
-0.0199031829833984 -0.003448486328125 -0.40789794921875 0.12799072265625
-0.0103425979614258 0.0154819488525391 -0.0760498046875 0.314544677734375
-0.00369071960449219 0.00952339172363281 0.133834838867188 0.188018798828125
0.00975513458251953 0.00558662414550781 0.169158935546875 -0.0182342529296875
0.0235099792480469 -0.00114822387695313 0.0967941284179688 -0.136886596679688
0.0267372131347656 -0.00196456909179688 -0.107818603515625 0.106201171875
0.0231342315673828 0.00733757019042969 -0.146163940429688 -0.0553131103515625
0.00160026550292969 0.0208950042724609 -0.029144287109375 -0.25640869140625
-0.0218086242675781 0.019256591796875 0.2393798828125 -0.257049560546875
-0.04046630859375 -0.0165519714355469 0.400390625 0.11932373046875
-0.01605224609375 -0.0638046264648438 0.171051025390625 0.459564208984375
0.0490760803222656 -0.0579948425292969 -0.0882568359375 0.290863037109375
0.0703964233398437 -0.0456314086914062 0.0389328002929688 -0.0171470642089844
0.0204811096191406 -0.0571174621582031 0.015869140625 -0.360504150390625
-0.0262451171875 -0.0474395751953125 -0.35430908203125 -0.334197998046875
-0.0350265502929687 -0.00696372985839843 -0.413299560546875 0.11859130859375
-0.0129241943359375 0.0194606781005859 -0.082794189453125 0.315887451171875
0.00332450866699219 0.0173158645629883 0.133819580078125 0.191268920898438
0.0190715789794922 0.0121746063232422 0.17083740234375 -0.0156707763671875
0.0308094024658203 0.00145149230957031 0.0991134643554688 -0.136856079101563
0.0320587158203125 -0.000986099243164062 -0.104415893554688 0.109138488769531
0.0303726196289063 0.0124893188476563 -0.1485595703125 -0.0430145263671875
0.00808525085449219 0.0263538360595703 -0.0465240478515625 -0.245040893554688
-0.0249042510986328 0.022491455078125 0.212448120117188 -0.270233154296875
-0.0548591613769531 -0.0210800170898438 0.401885986328125 0.07977294921875
-0.0305252075195313 -0.0822601318359375 0.2083740234375 0.438995361328125
0.0534286499023437 -0.0862884521484375 -0.073150634765625 0.311370849609375
0.0922317504882813 -0.0714645385742188 0.0220451354980469 0.00771141052246093
0.0267715454101562 -0.083892822265625 0.032257080078125 -0.339385986328125
-0.0375442504882812 -0.0658988952636719 -0.32489013671875 -0.35467529296875
-0.0518455505371094 -0.0141639709472656 -0.42620849609375 0.086578369140625
-0.0187931060791016 0.0218849182128906 -0.11224365234375 0.31640625
0.00749015808105469 0.0224018096923828 0.120071411132812 0.20941162109375
0.0266265869140625 0.0195217132568359 0.173385620117187 -0.00421142578125
0.0368576049804688 0.00384140014648438 0.107696533203125 -0.134620666503906
-0.00436592102050781 -0.00915431976318359 -0.0876998901367187 0.12158203125
-0.00197887420654297 -0.00948715209960937 -0.159423828125 -0.017425537109375
-0.00863981246948242 -0.00665140151977539 -0.114654541015625 -0.2120361328125
0.00850772857666016 0.00408697128295898 0.118988037109375 -0.299041748046875
0.00745868682861328 0.0121517181396484 0.402923583984375 -0.039154052734375
0.00307083129882813 0.0129222869873047 0.333984375 0.3548583984375
0.00845146179199218 0.0331687927246094 0.00302124023437503 0.336151123046875
-0.0146827697753906 0.0404052734375 0.0114593505859375 0.0481643676757813
-0.000469207763671876 0.03802490234375 0.117034912109375 -0.315521240234375
0.017974853515625 0.0151691436767578 -0.2073974609375 -0.453094482421875
0.0178852081298828 0.000848770141601563 -0.449462890625 -0.040924072265625
0.00205373764038086 -0.00486230850219727 -0.212860107421875 0.300262451171875
-0.00824785232543945 -0.00771379470825195 0.039215087890625 0.254425048828125
-0.00844669342041016 -0.00231122970581055 0.154190063476563 0.0263671875
-3.00407409667963E-05 -0.00571966171264648 0.119384765625 -0.123390197753906
-0.00198841094970703 -0.00859403610229492 -0.0907211303710937 0.118705749511719
-0.00253200531005859 -0.0107603073120117 -0.156112670898438 -0.028350830078125
-0.0105066299438477 -0.0049600601196289 -0.0948028564453125 -0.227142333984375
0.00710773468017578 0.00745439529418945 0.151458740234375 -0.2928466796875
0.00853633880615235 0.0150079727172852 0.410400390625 0.00323486328125
0.00598621368408203 0.0148935317993164 0.295562744140625 0.389190673828125
0.00813674926757812 0.035736083984375 -0.02044677734375 0.322479248046875
-0.0151824951171875 0.0429306030273438 0.0237560272216797 0.0257396697998047
0.00337982177734375 0.0387763977050781 0.093963623046875 -0.336883544921875
0.0217685699462891 0.0133781433105469 -0.2530517578125 -0.429718017578125
0.0190486907958984 0.00131988525390625 -0.444671630859375 0.00518798828125006
0.000282764434814453 -0.00163495540618896 -0.178253173828125 0.310089111328125
-0.0119409561157227 -0.00691318511962891 0.062469482421875 0.238845825195313
-0.00946044921875 -0.00406074523925781 0.157974243164062 0.0137176513671875
0.00171995162963867 -0.00572013854980469 0.111824035644531 -0.127044677734375
0.00222682952880859 -0.00778675079345703 -0.0974502563476563 0.114547729492188
-0.000732421874999999 -0.010106086730957 -0.15362548828125 -0.041473388671875
-0.0100326538085938 -0.00186443328857422 -0.0718231201171875 -0.242233276367188
0.0039825439453125 0.0112161636352539 0.1866455078125 -0.28314208984375
0.00479221343994141 0.0152759552001953 0.413177490234375 0.048492431640625
0.00475502014160156 0.0108251571655273 0.254364013671875 0.4166259765625
0.00953865051269531 0.0300521850585937 -0.044464111328125 0.30572509765625
-0.00838088989257813 0.0381622314453125 0.0362014770507813 0.00231170654296875
0.00854873657226562 0.0313148498535156 0.065765380859375 -0.35711669921875
0.0214576721191406 0.00547599792480469 -0.298828125 -0.397552490234375
0.0145912170410156 0.000365257263183594 -0.435394287109375 0.0533752441406249
-0.00268006324768066 0.00200724601745606 -0.140350341796875 0.316802978515625
-0.0138769149780273 -0.00459384918212891 0.0885162353515625 0.221343994140625
-0.00766801834106445 -0.00324058532714844 0.161697387695313 0.001251220703125
0.00562477111816406 -0.00523853302001953 0.106651306152344 -0.130271911621094
0.00871086120605469 -0.005889892578125 -0.102279663085937 0.110389709472656
0.00373601913452148 -0.00777912139892578 -0.149856567382813 -0.0517578125
-0.00875139236450195 0.00329971313476562 -0.049072265625 -0.254165649414063
-0.00144195556640625 0.0147867202758789 0.219390869140625 -0.269638061523438
-0.00313854217529297 0.0116519927978516 0.4107666015625 0.093536376953125
0.00170719623565674 -0.000477790832519531 0.20904541015625 0.44439697265625
0.0145998001098633 0.0161170959472656 -0.066009521484375 0.29278564453125
0.00568580627441407 0.0244388580322266 0.0455055236816406 -0.0161857604980469
0.0137271881103516 0.0159530639648437 0.040435791015625 -0.370452880859375
0.0152034759521484 -0.00513172149658203 -0.334686279296875 -0.36737060546875
0.00612497329711914 -0.000844478607177734 -0.423431396484375 0.093353271484375
-0.00539731979370117 0.00665760040283203 -0.10791015625 0.317901611328125
-0.0125551223754883 -0.000437736511230467 0.109909057617188 0.205001831054687
-0.00341892242431641 -0.00182056427001953 0.164688110351563 -0.0093536376953125
0.010981559753418 -0.00430965423583984 0.100166320800781 -0.133689880371094
0.0152120590209961 -0.00468540191650391 -0.106941223144531 0.10723876953125
0.00932502746582031 -0.00312232971191406 -0.14764404296875 -0.058258056640625
-0.00656414031982422 0.00890922546386719 -0.0328216552734375 -0.260635375976563
-0.00867748260498047 0.016606330871582 0.240341186523438 -0.2593994140625
-0.0142631530761719 0.00332450866699218 0.407440185546875 0.1224365234375
-0.00247955322265625 -0.0188636779785156 0.176971435546875 0.458984375
0.0247554779052734 -0.005126953125 -0.081634521484375 0.282958984375
0.0249233245849609 0.00441551208496094 0.0493125915527344 -0.0273628234863281
0.0163030624389648 -0.00584697723388672 0.019805908203125 -0.375152587890625
0.00319671630859375 -0.0182857513427734 -0.357421875 -0.342254638671875
-0.00582122802734375 -0.00198507308959961 -0.413970947265625 0.120574951171875
-0.00787448883056641 0.0115337371826172 -0.08447265625 0.317840576171875
-0.00929832458496094 0.00417137145996094 0.126602172851563 0.193115234375
0.00338482856750488 0.00166058540344238 0.16741943359375 -0.01739501953125
0.0176906585693359 -0.00278854370117187 0.09619140625 -0.13616943359375
0.0218658447265625 -0.00274467468261719 -0.108718872070312 0.106132507324219
0.0166797637939453 0.00162410736083984 -0.14666748046875 -0.0595550537109375
-0.00279617309570312 0.0153846740722656 -0.0251617431640625 -0.26165771484375
-0.0161018371582031 0.0180130004882813 0.2484130859375 -0.253982543945312
-0.0273551940917969 -0.00728797912597657 0.40283203125 0.134368896484375
-0.00666046142578125 -0.0413932800292969 0.16278076171875 0.465728759765625
0.0374641418457031 -0.0308990478515625 -0.0899658203125 0.28350830078125
0.047576904296875 -0.0198020935058594 0.0472908020019531 -0.0284385681152344
0.0180130004882813 -0.0310592651367188 0.00979614257812497 -0.373443603515625
-0.0116214752197266 -0.0318698883056641 -0.36553955078125 -0.330535888671875
-0.0201263427734375 -0.00339698791503906 -0.40972900390625 0.130645751953125
-0.0102958679199219 0.0159158706665039 -0.075836181640625 0.3179931640625
-0.00401210784912109 0.00993537902832031 0.135345458984375 0.188705444335937
0.00989913940429688 0.00535869598388672 0.169937133789062 -0.018768310546875
0.0236186981201172 -0.00126266479492188 0.09637451171875 -0.138008117675781
0.0273056030273438 -0.002471923828125 -0.108451843261719 0.107162475585938
0.0240154266357422 0.00722312927246094 -0.147735595703125 -0.0543212890625
0.00181007385253906 0.0211315155029297 -0.0303802490234375 -0.257827758789063
-0.0221385955810547 0.0197410583496094 0.240341186523437 -0.25921630859375
-0.0412445068359375 -0.0165214538574219 0.403839111328125 0.119384765625
-0.0156745910644531 -0.06427001953125 0.174346923828125 0.46087646484375
0.0488090515136719 -0.0591163635253906 -0.088592529296875 0.29290771484375
0.0708770751953125 -0.0462875366210938 0.0383872985839844 -0.017120361328125
0.0206832885742187 -0.0573997497558594 0.01507568359375 -0.3634033203125
-0.0262680053710937 -0.0473594665527344 -0.35699462890625 -0.334381103515625
-0.0356330871582031 -0.00669479370117188 -0.415740966796875 0.1217041015625
-0.0134029388427734 0.0194549560546875 -0.082122802734375 0.31878662109375
0.00324249267578125 0.0171794891357422 0.135513305664063 0.19232177734375
0.0192050933837891 0.0120811462402344 0.172164916992187 -0.0166473388671875
0.0308380126953125 0.000823974609375 0.0996932983398437 -0.137809753417969
0.0321121215820313 -0.00209999084472656 -0.104461669921875 0.110054016113281
0.0311546325683594 0.0123271942138672 -0.150192260742188 -0.0424652099609375
0.00835990905761719 0.0268020629882812 -0.0474853515625 -0.24658203125
-0.0251216888427734 0.0227203369140625 0.213668823242188 -0.272750854492188
-0.0552177429199219 -0.0209808349609375 0.40435791015625 0.078094482421875
-0.0305252075195312 -0.0835113525390625 0.21240234375 0.44091796875
0.0532989501953125 -0.0877838134765625 -0.0736083984375 0.313262939453125
0.0926666259765625 -0.0725555419921875 0.0220489501953125 0.0076446533203125
0.0269927978515625 -0.0839920043945313 0.032318115234375 -0.341339111328125
-0.037994384765625 -0.0659980773925781 -0.32867431640625 -0.355133056640625
-0.0526657104492188 -0.0140609741210937 -0.429351806640625 0.088592529296875
-0.0188121795654297 0.0223255157470703 -0.11212158203125 0.319244384765625
0.0075836181640625 0.0226879119873047 0.1217041015625 0.209945678710938
0.0270748138427734 0.0194778442382813 0.173873901367188 -0.0049285888671875
0.0371894836425781 0.00332260131835937 0.107383728027344 -0.135643005371094
-0.00394344329833984 -0.00975322723388672 -0.0874557495117188 0.122772216796875
-0.00191593170166016 -0.00984764099121094 -0.161270141601563 -0.0164337158203125
-0.00833749771118164 -0.00644016265869141 -0.116714477539063 -0.212905883789063
0.00888729095458984 0.00445652008056641 0.11871337890625 -0.301727294921875
0.00741863250732422 0.0122089385986328 0.40618896484375 -0.040863037109375
0.00338554382324219 0.0131416320800781 0.3385009765625 0.35577392578125
0.00895500183105469 0.0331497192382813 0.00378417968750003 0.338165283203125
-0.0146675109863281 0.0401496887207031 0.0118446350097656 0.0485649108886719
-0.000301361083984377 0.0384330749511719 0.116790771484375 -0.3179931640625
0.0184326171875 0.0152664184570312 -0.210784912109375 -0.454742431640625
0.0179519653320313 0.000612258911132813 -0.45172119140625 -0.038482666015625
0.00196266174316406 -0.00487613677978516 -0.21368408203125 0.304168701171875
-0.0087432861328125 -0.00784444808959961 0.0406494140625 0.25634765625
-0.00824165344238281 -0.00203466415405273 0.155120849609375 0.02569580078125
-0.000135421752929688 -0.00577402114868164 0.119316101074219 -0.125480651855469
-0.00208282470703125 -0.00925254821777344 -0.0912704467773438 0.119461059570313
-0.00233745574951172 -0.0109481811523438 -0.158294677734375 -0.027740478515625
-0.0100250244140625 -0.00467395782470703 -0.097076416015625 -0.228836059570313
0.00739479064941406 0.00751304626464844 0.152069091796875 -0.2952880859375
0.00855255126953125 0.01483154296875 0.413360595703125 0.001678466796875
0.00631332397460938 0.0147647857666016 0.299835205078125 0.389312744140625
0.00857162475585938 0.0357818603515625 -0.019775390625 0.324676513671875
-0.0151901245117187 0.0430717468261719 0.0233345031738281 0.0263957977294922
0.00348281860351562 0.0390472412109375 0.093536376953125 -0.339447021484375
0.0218582153320313 0.0133743286132813 -0.2564697265625 -0.431732177734375
0.0185337066650391 0.00121879577636719 -0.44671630859375 0.00732421875000007
7.93933868408204E-05 -0.00168466567993164 -0.178070068359375 0.3134765625
-0.0120086669921875 -0.00643444061279297 0.0646820068359375 0.240509033203125
-0.00892734527587891 -0.00389862060546875 0.1591796875 0.0135650634765625
0.00189685821533203 -0.00574016571044922 0.112266540527344 -0.128791809082031
0.00267219543457031 -0.00801420211791992 -0.0974197387695313 0.115432739257812
-0.000250816345214844 -0.0101737976074219 -0.154983520507813 -0.0406341552734375
-0.0103235244750977 -0.00145435333251953 -0.0736846923828125 -0.243560791015625
0.00393486022949219 0.0118045806884766 0.186614990234375 -0.286102294921875
0.00491142272949219 0.0150775909423828 0.41680908203125 0.04742431640625
0.00517654418945312 0.0107555389404297 0.257110595703125 0.417724609375
0.00927543640136719 0.0299816131591797 -0.0445556640625 0.307525634765625
-0.0087738037109375 0.0381011962890625 0.0361862182617188 0.002197265625
0.00876426696777344 0.0318756103515625 0.06414794921875 -0.358978271484375
0.0217056274414063 0.00592231750488281 -0.3011474609375 -0.399017333984375
0.0148391723632813 0.000273704528808594 -0.438385009765625 0.0548400878906251
-0.00268793106079102 0.0021510124206543 -0.139373779296875 0.319732666015625
-0.0138053894042969 -0.00438690185546875 0.0897369384765625 0.223480224609375
-0.00722312927246094 -0.00305700302124024 0.162155151367188 0.0005645751953125
0.00546979904174805 -0.00541830062866211 0.106864929199219 -0.132194519042969
0.00887393951416016 -0.00677108764648437 -0.102386474609375 0.111045837402344
0.00426101684570312 -0.00766324996948242 -0.151885986328125 -0.0513916015625
-0.00871086120605469 0.00373411178588867 -0.0509796142578125 -0.255813598632813
-0.00146389007568359 0.0150814056396484 0.219512939453125 -0.272506713867188
-0.00345039367675781 0.0115652084350586 0.415283203125 0.09136962890625
0.00214064121246338 -0.000337600708007813 0.213531494140625 0.4451904296875
0.0146293640136719 0.015864372253418 -0.066619873046875 0.29388427734375
0.00568962097167968 0.024444580078125 0.0450477600097656 -0.0163536071777344
0.0138559341430664 0.0161237716674805 0.03839111328125 -0.373199462890625
0.0150032043457031 -0.00514793395996094 -0.336883544921875 -0.368927001953125
0.00616550445556641 -0.000771999359130859 -0.42681884765625 0.09600830078125
-0.00559043884277344 0.00685262680053711 -0.10687255859375 0.32159423828125
-0.0130538940429688 -2.57492065429699E-05 0.111495971679687 0.20623779296875
-0.00358223915100098 -0.00199031829833984 0.165634155273438 -0.0106353759765625
0.0110549926757813 -0.00445747375488281 0.100105285644531 -0.135101318359375
0.0156049728393555 -0.00510311126708984 -0.107109069824219 0.108306884765625
0.00994682312011719 -0.00336647033691406 -0.149612426757813 -0.0579681396484375
-0.00612640380859375 0.0096273422241211 -0.035003662109375 -0.262359619140625
-0.00900936126708985 0.0172863006591797 0.241134643554688 -0.261795043945312
-0.0143442153930664 0.00343894958496094 0.410888671875 0.12103271484375
-0.00194740295410156 -0.0189380645751953 0.1807861328125 0.461761474609375
0.0249500274658203 -0.00559043884277344 -0.081329345703125 0.285003662109375
0.0251426696777344 0.00441932678222656 0.0488204956054688 -0.0273857116699219
0.016749382019043 -0.0056161880493164 0.01873779296875 -0.377532958984375
0.00316238403320313 -0.0180854797363281 -0.361480712890625 -0.341552734375
-0.00571966171264648 -0.00169086456298828 -0.4154052734375 0.12286376953125
-0.00803184509277344 0.0120201110839844 -0.083282470703125 0.321136474609375
-0.00922012329101563 0.00427913665771484 0.128509521484375 0.19439697265625
0.00294232368469238 0.00147199630737305 0.1680908203125 -0.0186767578125
0.0173988342285156 -0.00307178497314453 0.0965194702148438 -0.138046264648438
0.0220775604248047 -0.00406074523925781 -0.108772277832031 0.107269287109375
0.016566276550293 0.00182723999023438 -0.148208618164063 -0.0585784912109375
-0.00305652618408203 0.0157852172851563 -0.02716064453125 -0.263519287109375
-0.0161323547363281 0.018341064453125 0.249313354492188 -0.257583618164063
-0.0273361206054688 -0.00691986083984375 0.4066162109375 0.132781982421875
-0.00693130493164063 -0.0417671203613281 0.16656494140625 0.468902587890625
0.0381050109863281 -0.031463623046875 -0.0897216796875 0.28515625
0.0479545593261719 -0.0203933715820313 0.0472984313964844 -0.0283927917480469
0.0185508728027344 -0.0313987731933594 0.00811767578125001 -0.376953125
-0.0117607116699219 -0.0318927764892578 -0.369293212890625 -0.331390380859375
-0.020355224609375 -0.00323104858398437 -0.412200927734375 0.133056640625
-0.0103683471679688 0.0161676406860352 -0.075103759765625 0.320770263671875
-0.00375843048095703 0.00943851470947265 0.136795043945313 0.189498901367188
0.0102739334106445 0.00529289245605469 0.171112060546875 -0.020233154296875
0.0237445831298828 -0.0016937255859375 0.096282958984375 -0.139022827148438
0.02752685546875 -0.00273513793945313 -0.108482360839844 0.108978271484375
0.02459716796875 0.00659942626953125 -0.149337768554688 -0.053466796875
0.00183677673339844 0.0220394134521484 -0.032196044921875 -0.258682250976563
-0.0228729248046875 0.0197277069091797 0.240798950195313 -0.262191772460938
-0.0414543151855469 -0.0164604187011719 0.40777587890625 0.118621826171875
-0.0157279968261719 -0.0649833679199219 0.177459716796875 0.462371826171875
0.0490951538085938 -0.0597686767578125 -0.088104248046875 0.294769287109375
0.0714797973632813 -0.0468826293945313 0.038360595703125 -0.0171432495117188
0.0207595825195313 -0.058074951171875 0.01318359375 -0.364349365234375
-0.0269393920898437 -0.046966552734375 -0.36181640625 -0.3355712890625
-0.0358848571777344 -0.00635910034179688 -0.417938232421875 0.1240234375
-0.0133934020996094 0.0198574066162109 -0.08111572265625 0.321929931640625
0.00349617004394531 0.0177516937255859 0.137466430664063 0.193115234375
0.0197010040283203 0.0121479034423828 0.1734619140625 -0.0177001953125
0.0315456390380859 0.000553131103515625 0.0988388061523438 -0.139846801757813
0.0324211120605469 -0.00276565551757812 -0.1051025390625 0.111763000488281
0.0315570831298828 0.0117778778076172 -0.15185546875 -0.04144287109375
0.00903892517089844 0.0270614624023438 -0.049407958984375 -0.24737548828125
-0.0257759094238281 0.0233306884765625 0.21356201171875 -0.275543212890625
-0.0555953979492188 -0.0207633972167969 0.40789794921875 0.077728271484375
-0.0305404663085938 -0.0840301513671875 0.214996337890625 0.443328857421875
0.0533905029296875 -0.088409423828125 -0.073150634765625 0.315704345703125
0.093017578125 -0.0733413696289063 0.0218429565429688 0.00826835632324218
0.0270004272460938 -0.08489990234375 0.030670166015625 -0.343292236328125
-0.0388946533203125 -0.0657196044921875 -0.332611083984375 -0.356170654296875
-0.0534782409667969 -0.0135536193847656 -0.4320068359375 0.0913391113281251
-0.0191249847412109 0.0228099822998047 -0.111419677734375 0.322845458984375
0.00782394409179688 0.0230751037597656 0.123748779296875 0.2109375
0.0276584625244141 0.0188808441162109 0.175384521484375 -0.00579833984375
0.0379791259765625 0.00299453735351563 0.107406616210937 -0.137527465820313
-0.00396537780761719 -0.010289192199707 -0.0874176025390625 0.123519897460937
-0.00169944763183594 -0.00985240936279297 -0.163070678710938 -0.0153961181640625
-0.00839614868164063 -0.00652694702148438 -0.119430541992187 -0.21343994140625
0.00824499130249023 0.00436210632324219 0.11737060546875 -0.304534912109375
0.00763797760009766 0.012242317199707 0.408843994140625 -0.04425048828125
0.00376796722412109 0.0126943588256836 0.342803955078125 0.35528564453125
0.0088348388671875 0.032806396484375 0.00521850585937498 0.33953857421875
-0.014801025390625 0.0404586791992188 0.0119743347167969 0.0490875244140625
6.10351562499961E-05 0.0383529663085937 0.115020751953125 -0.3197021484375
0.017974853515625 0.0153560638427734 -0.214935302734375 -0.4566650390625
0.0177841186523438 0.000543594360351563 -0.455718994140625 -0.036468505859375
0.0015416145324707 -0.00480937957763672 -0.21240234375 0.308013916015625
-0.00849390029907227 -0.00773191452026367 0.0427703857421875 0.258499145507813
-0.00802087783813477 -0.00191211700439453 0.156356811523437 0.0251312255859375
-0.000188350677490234 -0.0059967041015625 0.119369506835938 -0.126411437988281
-0.00180339813232422 -0.00957584381103516 -0.0910110473632813 0.120956420898438
-0.00185871124267578 -0.010894775390625 -0.159561157226563 -0.02618408203125
-0.0102968215942383 -0.00437736511230469 -0.0988616943359375 -0.229034423828125
0.00756311416625976 0.00775241851806641 0.1513671875 -0.298370361328125
0.00867748260498047 0.015228271484375 0.41632080078125 3.05175781250009E-05
0.00645923614501953 0.0146093368530273 0.30523681640625 0.389801025390625
0.00857162475585938 0.0352783203125 -0.018157958984375 0.3260498046875
-0.0147323608398437 0.0435447692871094 0.0234279632568359 0.0265884399414063
0.003875732421875 0.0390396118164063 0.091766357421875 -0.34173583984375
0.0221328735351563 0.0135021209716797 -0.260467529296875 -0.43212890625
0.0190448760986328 0.00145912170410156 -0.45086669921875 0.01055908203125
-7.28368759155275E-05 -0.00178933143615723 -0.17724609375 0.31756591796875
-0.0120849609375 -0.00645065307617187 0.0665435791015625 0.242050170898438
-0.00899505615234375 -0.00341987609863281 0.159988403320313 0.0122222900390625
0.00165939331054687 -0.00587940216064453 0.111961364746094 -0.130241394042969
0.00282144546508789 -0.00864934921264648 -0.0975494384765625 0.116867065429688
0.000174522399902343 -0.0101327896118164 -0.156509399414063 -0.039398193359375
-0.0100841522216797 -0.00106143951416016 -0.0757598876953125 -0.244415283203125
0.00400161743164063 0.0117959976196289 0.1866455078125 -0.288848876953125
0.00491142272949219 0.0149774551391602 0.419281005859375 0.0447998046875
0.00560092926025391 0.0108165740966797 0.262664794921875 0.420013427734375
0.00964927673339844 0.0293998718261719 -0.04345703125 0.309173583984375
-0.00823974609375 0.0381889343261719 0.0360298156738281 0.0025177001953125
0.00934791564941406 0.032196044921875 0.063446044921875 -0.3616943359375
0.0214920043945313 0.00590133666992188 -0.30621337890625 -0.39996337890625
0.0150041580200195 0.000376701354980469 -0.439666748046875 0.0587158203124999
-0.00301957130432129 0.00239992141723633 -0.139007568359375 0.323089599609375
-0.0140485763549805 -0.00404834747314453 0.0919952392578125 0.224258422851562
-0.00732231140136719 -0.00341224670410156 0.163650512695313 -0.000823974609375
0.00551843643188476 -0.00575733184814453 0.106437683105469 -0.133682250976562
0.00922775268554688 -0.00734615325927734 -0.1025390625 0.112922668457031
0.00422286987304688 -0.00782060623168945 -0.153457641601563 -0.0504150390625
-0.00877571105957031 0.00406026840209961 -0.0532379150390625 -0.257186889648438
-0.00172042846679688 0.0152816772460938 0.220489501953125 -0.275772094726563
-0.00311660766601563 0.0115556716918945 0.418212890625 0.089813232421875
0.00209593772888184 -0.000759601593017578 0.218109130859375 0.446746826171875
0.0146398544311523 0.0151605606079102 -0.065460205078125 0.29632568359375
0.00592422485351563 0.0244483947753906 0.0448760986328125 -0.0164070129394531
0.0139093399047852 0.0157890319824219 0.036407470703125 -0.375946044921875
0.0153388977050781 -0.00463390350341797 -0.341796875 -0.368927001953125
0.00596952438354492 -0.000681400299072266 -0.428131103515625 0.0983886718750001
-0.00584745407104492 0.00689268112182617 -0.1055908203125 0.32470703125
-0.0127782821655273 9.15527343750026E-05 0.113601684570313 0.207321166992187
-0.00321173667907715 -0.00139927864074707 0.166473388671875 -0.0121002197265625
0.0113258361816406 -0.00489521026611328 0.100364685058594 -0.136451721191406
0.015711784362793 -0.00592708587646484 -0.10711669921875 0.109611511230469
0.0101785659790039 -0.00373077392578125 -0.151016235351563 -0.0567169189453125
-0.00631618499755859 0.00958538055419922 -0.03668212890625 -0.263992309570312
-0.00930595397949218 0.0173540115356445 0.241302490234375 -0.265045166015625
-0.0146541595458984 0.00346755981445313 0.414215087890625 0.11865234375
-0.00181770324707031 -0.0193920135498047 0.1854248046875 0.4627685546875
0.0248794555664062 -0.00649452209472656 -0.08160400390625 0.2867431640625
0.0254993438720703 0.00401878356933594 0.0486335754394531 -0.0274925231933594
0.0167226791381836 -0.00607872009277344 0.01580810546875 -0.379608154296875
0.00322914123535156 -0.0178966522216797 -0.365264892578125 -0.343170166015625
-0.00623369216918945 -0.00207376480102539 -0.41778564453125 0.126556396484375
-0.00824642181396485 0.011631965637207 -0.0819091796875 0.324493408203125
-0.00942134857177734 0.00444507598876953 0.130691528320313 0.194854736328125
0.00368356704711914 0.00151419639587402 0.168991088867188 -0.020233154296875
0.0178089141845703 -0.0037994384765625 0.0963668823242188 -0.138870239257813
0.0223884582519531 -0.00466346740722656 -0.1092529296875 0.108741760253906
0.0171270370483398 0.00146770477294922 -0.150253295898438 -0.05792236328125
-0.00297260284423828 0.0162868499755859 -0.0290069580078125 -0.2645263671875
-0.0165023803710937 0.0188636779785156 0.24981689453125 -0.260467529296875
-0.0279159545898438 -0.00694084167480469 0.410125732421875 0.130706787109375
-0.00725555419921875 -0.0420608520507813 0.170654296875 0.469940185546875
0.0380477905273438 -0.0322151184082031 -0.08953857421875 0.2867431640625
0.0486526489257812 -0.0211257934570313 0.046722412109375 -0.0286521911621094
0.0185222625732422 -0.0317096710205078 0.00570678710937499 -0.377532958984375
-0.0117530822753906 -0.0318603515625 -0.3741455078125 -0.330902099609375
-0.0205173492431641 -0.00322914123535156 -0.41375732421875 0.136688232421875
-0.0108299255371094 0.0159492492675781 -0.073150634765625 0.32379150390625
-0.00381183624267578 0.00997734069824219 0.139358520507813 0.189987182617188
0.0108890533447266 0.00575637817382813 0.171829223632813 -0.021636962890625
0.0242156982421875 -0.00232696533203125 0.0961761474609375 -0.140579223632813
0.0277767181396484 -0.00360870361328125 -0.108673095703125 0.110107421875
0.0249099731445313 0.00656890869140625 -0.151123046875 -0.0518646240234375
0.00225448608398437 0.0221576690673828 -0.033905029296875 -0.260604858398438
-0.0228443145751953 0.0202445983886719 0.24102783203125 -0.265716552734375
-0.0418052673339844 -0.0158233642578125 0.411102294921875 0.116363525390625
-0.0159797668457031 -0.0648536682128906 0.182098388671875 0.464263916015625
0.0490341186523438 -0.0613174438476562 -0.087890625 0.29705810546875
0.0719146728515625 -0.0478591918945313 0.0377464294433594 -0.0167312622070313
0.020843505859375 -0.0584487915039063 0.01080322265625 -0.36785888671875
-0.0270652770996094 -0.0470008850097656 -0.3656005859375 -0.334564208984375
-0.0367088317871094 -0.00634002685546874 -0.419921875 0.12811279296875
-0.0135898590087891 0.0201435089111328 -0.079315185546875 0.32489013671875
0.00337409973144531 0.0176258087158203 0.139694213867187 0.193359375
0.0198593139648438 0.0119571685791016 0.173858642578125 -0.018951416015625
0.0319480895996094 -0.00014495849609375 0.09881591796875 -0.140945434570313
0.0325584411621094 -0.00353431701660156 -0.105316162109375 0.113311767578125
0.0324001312255859 0.0117931365966797 -0.153579711914063 -0.039703369140625
0.00933074951171875 0.0274276733398438 -0.0514678955078125 -0.248733520507813
-0.0258140563964844 0.0236186981201172 0.214019775390625 -0.27911376953125
-0.056182861328125 -0.0204048156738281 0.412322998046875 0.075225830078125
-0.0310516357421875 -0.0844497680664063 0.218536376953125 0.44525146484375
0.053192138671875 -0.0898513793945313 -0.072296142578125 0.31768798828125
0.093536376953125 -0.0746383666992188 0.0216789245605469 0.00866508483886718
0.026885986328125 -0.0858993530273438 0.02862548828125 -0.3455810546875
-0.0390739440917969 -0.0658187866210938 -0.33740234375 -0.356842041015625
-0.0535926818847656 -0.0131568908691406 -0.43408203125 0.0946044921875
-0.0192680358886719 0.0232124328613281 -0.1099853515625 0.326141357421875
0.00812530517578125 0.0227985382080078 0.125946044921875 0.21209716796875
0.0281753540039062 0.0192699432373047 0.17626953125 -0.0072784423828125
0.037994384765625 0.00233078002929688 0.107635498046875 -0.139335632324219
-0.004119873046875 -0.0108280181884766 -0.0869674682617188 0.124717712402344
-0.00138092041015625 -0.0101528167724609 -0.164581298828125 -0.0136871337890625
-0.00883197784423828 -0.00601863861083984 -0.121917724609375 -0.2138671875
0.00857686996459961 0.00460433959960938 0.116546630859375 -0.3070068359375
0.00813674926757813 0.0121173858642578 0.411590576171875 -0.046630859375
0.00384044647216797 0.0124711990356445 0.34759521484375 0.354583740234375
0.00914955139160156 0.0326728820800781 0.00692749023437499 0.341156005859375
-0.0144462585449219 0.040863037109375 0.0117454528808594 0.0494194030761719
0.000453948974609374 0.0387153625488281 0.113800048828125 -0.322723388671875
0.0183448791503906 0.0158233642578125 -0.218780517578125 -0.457733154296875
0.0179557800292969 0.00041961669921875 -0.459686279296875 -0.0338745117187499
0.00166893005371094 -0.00496721267700195 -0.211944580078125 0.312347412109375
-0.00902843475341797 -0.00753211975097656 0.0452728271484375 0.26043701171875
-0.00767898559570312 -0.00189304351806641 0.157379150390625 0.023773193359375
-0.000260829925537109 -0.00614309310913086 0.119606018066406 -0.128448486328125
-0.00123500823974609 -0.00987815856933594 -0.0914230346679687 0.121917724609375
-0.00140476226806641 -0.0112514495849609 -0.161453247070313 -0.0251922607421875
-0.0104274749755859 -0.00413894653320313 -0.101806640625 -0.229690551757813
0.00728464126586914 0.00833892822265625 0.149658203125 -0.300933837890625
0.00855922698974609 0.0152368545532227 0.419677734375 -0.003204345703125
0.00676918029785156 0.0145864486694336 0.310943603515625 0.388702392578125
0.00897216796875 0.035308837890625 -0.017242431640625 0.327972412109375
-0.014678955078125 0.0435943603515625 0.0234355926513672 0.0267601013183594
0.00421905517578125 0.0392532348632812 0.089599609375 -0.3438720703125
0.0225200653076172 0.0137062072753906 -0.264251708984375 -0.432159423828125
0.019012451171875 0.00100898742675781 -0.45361328125 0.013946533203125
-0.000338435173034668 -0.00178027153015137 -0.17578125 0.3216552734375
-0.0122089385986328 -0.00608062744140625 0.0684967041015625 0.24359130859375
-0.00906085968017578 -0.00335311889648438 0.161102294921875 0.011016845703125
0.00153398513793945 -0.00609636306762695 0.112014770507812 -0.13226318359375
0.00343704223632812 -0.00914669036865234 -0.097412109375 0.117828369140625
0.000352859497070313 -0.0104007720947266 -0.158035278320313 -0.0381011962890625
-0.0098724365234375 -0.000657081604003906 -0.078369140625 -0.245071411132813
0.00357151031494141 0.0122518539428711 0.18609619140625 -0.291168212890625
0.00499629974365235 0.0153598785400391 0.42327880859375 0.04150390625
0.00556087493896484 0.010188102722168 0.26715087890625 0.4193115234375
0.00978469848632813 0.0287227630615234 -0.04229736328125 0.31134033203125
-0.00745773315429688 0.0385055541992188 0.0357933044433594 0.00250244140625
0.00940895080566406 0.0317802429199219 0.060760498046875 -0.363616943359375
0.0216770172119141 0.00605392456054688 -0.310699462890625 -0.398681640625
0.0149335861206055 -0.000184059143066406 -0.442626953125 0.061859130859375
-0.00340604782104492 0.00272631645202637 -0.13720703125 0.327178955078125
-0.0139532089233398 -0.00385475158691407 0.0947265625 0.225509643554687
-0.00713109970092774 -0.00314855575561523 0.16473388671875 -0.0023956298828125
0.00580120086669922 -0.00593900680541992 0.105918884277344 -0.135513305664063
0.00908756256103515 -0.00789833068847656 -0.102218627929688 0.113998413085937
0.00482177734375 -0.00810766220092773 -0.155227661132813 -0.0487060546875
-0.00857639312744141 0.00427913665771484 -0.0554656982421875 -0.257843017578125
-0.00172042846679687 0.0156373977661133 0.219100952148438 -0.27935791015625
-0.00330924987792969 0.0116291046142578 0.42205810546875 0.086639404296875
0.00223183631896973 -0.000944852828979492 0.222564697265625 0.4476318359375
0.0150566101074219 0.0144767761230469 -0.064300537109375 0.29766845703125
0.00581932067871094 0.0243148803710937 0.0444450378417969 -0.0163841247558594
0.0142984390258789 0.0156946182250977 0.03387451171875 -0.376922607421875
0.0157098770141602 -0.00455093383789063 -0.346343994140625 -0.367950439453125
0.00602865219116211 -0.00114059448242188 -0.430328369140625 0.103179931640625
-0.00572443008422852 0.00683164596557617 -0.103851318359375 0.328582763671875
-0.0130844116210938 0.000457763671875 0.116012573242188 0.208633422851563
-0.00334930419921875 -0.00153541564941406 0.167648315429688 -0.013336181640625
0.0109214782714844 -0.00526332855224609 0.0998382568359375 -0.13836669921875
0.0158815383911133 -0.00665473937988281 -0.107040405273438 0.110786437988281
0.0103797912597656 -0.00374412536621094 -0.152908325195313 -0.05572509765625
-0.00595855712890625 0.0104503631591797 -0.039093017578125 -0.264999389648438
-0.00914573669433594 0.0179462432861328 0.241012573242188 -0.268341064453125
-0.0146112442016602 0.00352954864501953 0.418182373046875 0.11669921875
-0.00212860107421875 -0.0194091796875 0.19049072265625 0.463836669921875
0.0245838165283203 -0.00714683532714844 -0.07965087890625 0.2890625
0.0257511138916016 0.00358200073242187 0.04840087890625 -0.0278968811035156
0.0168828964233398 -0.00601482391357422 0.012237548828125 -0.38214111328125
0.0029449462890625 -0.0177669525146484 -0.370391845703125 -0.342132568359375
-0.00611734390258789 -0.00172185897827148 -0.419189453125 0.130279541015625
-0.0080881118774414 0.012080192565918 -0.079986572265625 0.327972412109375
-0.009429931640625 0.00459861755371094 0.132568359375 0.195892333984375
0.00364875793457031 0.0012977123260498 0.169921875 -0.0215911865234375
0.0182304382324219 -0.00396919250488281 0.0958404541015625 -0.140945434570312
0.0226535797119141 -0.0052642822265625 -0.108940124511719 0.10980224609375
0.0179405212402344 0.00130081176757813 -0.152099609375 -0.0566864013671875
-0.00266742706298828 0.0165376663208008 -0.0310211181640625 -0.2659912109375
-0.0164909362792969 0.0194034576416016 0.249404907226562 -0.264114379882813
-0.0281162261962891 -0.0069580078125 0.413818359375 0.129364013671875
-0.00759506225585938 -0.0426101684570313 0.17486572265625 0.471099853515625
0.0377731323242188 -0.0331077575683594 -0.0882568359375 0.28955078125
0.048828125 -0.0217018127441406 0.0462493896484375 -0.0282745361328125
0.0184993743896484 -0.0316753387451172 0.00372314453125004 -0.37933349609375
-0.0122261047363281 -0.0316829681396484 -0.377960205078125 -0.33074951171875
-0.0207424163818359 -0.00299453735351562 -0.41619873046875 0.140625
-0.010594367980957 0.0166158676147461 -0.07086181640625 0.32684326171875
-0.00357246398925781 0.0101747512817383 0.1422119140625 0.190231323242188
0.0107498168945313 0.00536823272705078 0.172470092773437 -0.023193359375
0.0242767333984375 -0.00255775451660156 0.0954742431640625 -0.142532348632813
0.0279865264892578 -0.00430488586425781 -0.1085205078125 0.111480712890625
0.0252704620361328 0.00623130798339844 -0.152694702148438 -0.0499420166015625
0.00258827209472656 0.0223464965820313 -0.0366058349609375 -0.261398315429688
-0.02276611328125 0.0206680297851563 0.241073608398438 -0.269332885742188
-0.0423126220703125 -0.015899658203125 0.4156494140625 0.1124267578125
-0.0163421630859375 -0.065704345703125 0.18658447265625 0.4652099609375
0.0489158630371094 -0.0619087219238281 -0.08599853515625 0.299163818359375
0.072174072265625 -0.048614501953125 0.037322998046875 -0.01666259765625
0.0205421447753906 -0.0591964721679688 0.00830078124999997 -0.369049072265625
-0.0274276733398437 -0.0469970703125 -0.370208740234375 -0.33526611328125
-0.0371246337890625 -0.00572586059570312 -0.42120361328125 0.13232421875
-0.0136203765869141 0.0206317901611328 -0.077056884765625 0.32855224609375
0.00392723083496094 0.0177631378173828 0.142135620117188 0.19390869140625
0.0204868316650391 0.0118484497070313 0.175048828125 -0.0209808349609375
0.0319061279296875 -0.000650405883789063 0.0985260009765625 -0.1424560546875
0.0327701568603516 -0.00416374206542969 -0.104705810546875 0.114852905273438
0.0331001281738281 0.0107345581054687 -0.154953002929688 -0.0383148193359375
0.00933074951171875 0.0279464721679688 -0.0542449951171875 -0.249557495117187
-0.0257625579833984 0.0244655609130859 0.21307373046875 -0.28271484375
-0.0569496154785156 -0.0202560424804688 0.414764404296875 0.072265625
-0.031646728515625 -0.0845565795898438 0.2255859375 0.445465087890625
0.0528106689453125 -0.0913848876953125 -0.070831298828125 0.319915771484375
0.0935134887695312 -0.0756759643554687 0.0211467742919922 0.00886917114257812
0.0269622802734375 -0.0859298706054687 0.026123046875 -0.347076416015625
-0.0396728515625 -0.065704345703125 -0.340850830078125 -0.356353759765625
-0.05426025390625 -0.0124359130859375 -0.435394287109375 0.09881591796875
-0.0190334320068359 0.0232410430908203 -0.108123779296875 0.329559326171875
0.00818634033203125 0.0232124328613281 0.128402709960938 0.212173461914063
0.0285892486572266 0.0188522338867188 0.176956176757813 -0.009429931640625
0.0381050109863281 0.00166702270507813 0.106948852539063 -0.140625
-0.00387287139892578 -0.0109758377075195 -0.0868911743164062 0.1263427734375
-0.000711441040039063 -0.0103235244750977 -0.166213989257813 -0.011962890625
-0.00868892669677734 -0.00567150115966797 -0.124832153320313 -0.2139892578125
0.00860834121704102 0.00463104248046875 0.1143798828125 -0.310943603515625
0.0079803466796875 0.0125789642333984 0.4144287109375 -0.05133056640625
0.00401878356933594 0.0124492645263672 0.3524169921875 0.353057861328125
0.00967788696289062 0.031982421875 0.00927734374999999 0.3427734375
-0.0141105651855469 0.0412559509277344 0.0119552612304688 0.0494041442871094
0.000465393066406251 0.039093017578125 0.11175537109375 -0.325225830078125
0.0188198089599609 0.0160789489746094 -0.22369384765625 -0.459014892578125
0.0179557800292969 0.0002899169921875 -0.46197509765625 -0.030853271484375
0.00170040130615234 -0.00475502014160156 -0.210601806640625 0.3162841796875
-0.00902748107910156 -0.00698280334472656 0.0476226806640625 0.261703491210938
-0.00788545608520508 -0.00153589248657226 0.158309936523438 0.0222625732421875
-0.000164031982421875 -0.00615024566650391 0.118766784667969 -0.130615234375
-0.00170135498046875 -0.0105676651000977 -0.0905532836914062 0.123458862304688
-0.00138282775878906 -0.0114974975585938 -0.163223266601562 -0.0239715576171875
-0.0106048583984375 -0.0037851333618164 -0.104537963867188 -0.230087280273437
0.00741147994995117 0.00864315032958984 0.148895263671875 -0.30450439453125
0.00928974151611328 0.0152711868286133 0.423736572265625 -0.007598876953125
0.00686168670654297 0.0149374008178711 0.316131591796875 0.38751220703125
0.00878715515136718 0.0347518920898438 -0.01458740234375 0.329376220703125
-0.014678955078125 0.0441017150878906 0.0232715606689453 0.0268039703369141
0.00482940673828125 0.039581298828125 0.086944580078125 -0.346435546875
0.0228500366210938 0.0139369964599609 -0.2701416015625 -0.433135986328125
0.0188961029052734 0.00102615356445313 -0.455657958984375 0.0185546875000001
-0.000286102294921875 -0.00199151039123535 -0.17388916015625 0.325958251953125
-0.0124540328979492 -0.005950927734375 0.0712890625 0.24481201171875
-0.00867414474487305 -0.00369596481323242 0.16180419921875 0.0094146728515625
0.00165367126464844 -0.00639152526855469 0.1112060546875 -0.134132385253906
0.003082275390625 -0.00971221923828125 -0.096893310546875 0.11956787109375
0.000978469848632812 -0.0106697082519531 -0.160186767578125 -0.036834716796875
-0.009918212890625 -0.000444412231445311 -0.0814208984375 -0.245773315429688
0.00391197204589844 0.012812614440918 0.184783935546875 -0.294891357421875
0.0048666000366211 0.0152206420898438 0.42657470703125 0.03778076171875
0.00578880310058594 0.0101432800292969 0.272552490234375 0.41851806640625
0.00997734069824219 0.0289325714111328 -0.040679931640625 0.31329345703125
-0.00751113891601563 0.0384864807128906 0.0358772277832031 0.0023651123046875
0.0101757049560547 0.0320682525634766 0.0579833984375 -0.365966796875
0.0220508575439453 0.00619125366210938 -0.315826416015625 -0.3994140625
0.0149297714233398 -0.0001983642578125 -0.445465087890625 0.0664367675781251
-0.00265359878540039 0.00247979164123535 -0.135101318359375 0.331268310546875
-0.0140829086303711 -0.00363922119140625 0.097381591796875 0.226699829101562
-0.00710201263427734 -0.00306940078735352 0.165618896484375 -0.003753662109375
0.0058293342590332 -0.00638484954833984 0.105789184570313 -0.136886596679688
0.00922393798828125 -0.00858020782470703 -0.102378845214844 0.115646362304688
0.00511026382446289 -0.00849628448486328 -0.15728759765625 -0.047821044921875
-0.00852298736572266 0.00475215911865235 -0.0587158203125 -0.259185791015625
-0.00143051147460938 0.0161514282226562 0.21881103515625 -0.282470703125
-0.00331211090087891 0.0111961364746094 0.425872802734375 0.08447265625
0.00206029415130615 -0.00117933750152588 0.227935791015625 0.448333740234375
0.0153179168701172 0.0141782760620117 -0.062774658203125 0.30047607421875
0.00646591186523437 0.0242805480957031 0.04400634765625 -0.01617431640625
0.0146265029907227 0.0161466598510742 0.03155517578125 -0.37982177734375
0.0152053833007813 -0.00476551055908203 -0.351043701171875 -0.368560791015625
0.00571870803833008 -0.00128030776977539 -0.432952880859375 0.10784912109375
-0.00584268569946289 0.00734806060791016 -0.101470947265625 0.33203125
-0.0130596160888672 0.000625610351562502 0.119338989257812 0.208877563476563
-0.00301122665405273 -0.00179719924926758 0.168701171875 -0.015167236328125
0.0113277435302734 -0.00527572631835938 0.0990829467773438 -0.139984130859375
0.0161561965942383 -0.00736618041992188 -0.107048034667969 0.112678527832031
0.0109224319458008 -0.00390625 -0.1549072265625 -0.0536346435546875
-0.00617408752441406 0.0108518600463867 -0.0420989990234375 -0.266067504882813
-0.00876617431640625 0.0188846588134766 0.240447998046875 -0.272445678710938
-0.0148963928222656 0.00377368927001953 0.421478271484375 0.113800048828125
-0.00166130065917969 -0.0197372436523438 0.195098876953125 0.4644775390625
0.0248966217041016 -0.00774955749511719 -0.078582763671875 0.291168212890625
0.0258445739746094 0.0028228759765625 0.0475196838378906 -0.0279350280761719
0.0170459747314453 -0.00618076324462891 0.00973510742187504 -0.383453369140625
0.00297927856445312 -0.0177211761474609 -0.376251220703125 -0.341156005859375
-0.00609445571899414 -0.00164508819580078 -0.42132568359375 0.134735107421875
-0.0083913803100586 0.0122671127319336 -0.07757568359375 0.331329345703125
-0.00934696197509766 0.00482177734375 0.13543701171875 0.19561767578125
0.00385546684265137 0.00161480903625488 0.170578002929688 -0.0236358642578125
0.0179615020751953 -0.00440216064453125 0.095947265625 -0.14227294921875
0.0226516723632813 -0.00630760192871094 -0.109054565429688 0.112030029296875
0.0186042785644531 0.000492095947265625 -0.15374755859375 -0.0543212890625
-0.00222015380859375 0.0169153213500977 -0.03424072265625 -0.267868041992188
-0.0166168212890625 0.0203475952148438 0.24945068359375 -0.267425537109375
-0.0284652709960938 -0.00695419311523438 0.418182373046875 0.12530517578125
-0.00770187377929687 -0.0424728393554688 0.181549072265625 0.472137451171875
0.0374031066894531 -0.0340423583984375 -0.08673095703125 0.291290283203125
0.0487327575683594 -0.0225410461425781 0.0460624694824219 -0.0285148620605469
0.0187759399414063 -0.032470703125 -0.000183105468749994 -0.381866455078125
-0.0121974945068359 -0.0311927795410156 -0.3839111328125 -0.3294677734375
-0.0210819244384766 -0.00281143188476562 -0.418243408203125 0.145233154296875
-0.0105495452880859 0.0170669555664063 -0.068359375 0.330596923828125
-0.00340557098388672 0.0106649398803711 0.144256591796875 0.190582275390625
0.0112667083740234 0.00532150268554688 0.173568725585938 -0.0254669189453125
0.024078369140625 -0.00317955017089844 0.09539794921875 -0.144256591796875
0.0282649993896484 -0.00522041320800781 -0.108879089355469 0.113273620605469
0.0262088775634766 0.00538444519042969 -0.155181884765625 -0.0487213134765625
0.00294685363769531 0.0226669311523438 -0.0391845703125 -0.26324462890625
-0.0224456787109375 0.0216522216796875 0.240249633789062 -0.273849487304687
-0.0433197021484375 -0.0161514282226563 0.4176025390625 0.11029052734375
-0.017120361328125 -0.0659866333007813 0.1915283203125 0.466339111328125
0.0483245849609375 -0.0632781982421875 -0.08477783203125 0.301177978515625
0.0718994140625 -0.0500717163085938 0.0371856689453125 -0.0164031982421875
0.0203018188476562 -0.0594215393066406 0.00595092773437501 -0.37115478515625
-0.0277175903320312 -0.0465469360351563 -0.374908447265625 -0.334136962890625
-0.0374908447265625 -0.00549697875976562 -0.423095703125 0.137176513671875
-0.0135421752929687 0.0206985473632813 -0.0740966796875 0.33148193359375
0.00376510620117188 0.0179080963134766 0.145034790039062 0.194046020507813
0.0210933685302734 0.0116348266601563 0.175582885742188 -0.0225372314453125
0.0320835113525391 -0.0010528564453125 0.097625732421875 -0.144805908203125
0.0331783294677734 -0.0052490234375 -0.104728698730469 0.116798400878906
0.0338039398193359 0.0101718902587891 -0.156265258789063 -0.0364227294921875
0.0101547241210938 0.0281352996826172 -0.05657958984375 -0.250579833984375
-0.0258274078369141 0.0250282287597656 0.212799072265625 -0.28631591796875
-0.0573883056640625 -0.0197830200195313 0.41845703125 0.069183349609375
-0.0324630737304688 -0.084930419921875 0.22967529296875 0.4451904296875
0.052093505859375 -0.0924453735351563 -0.069183349609375 0.322845458984375
0.0934295654296875 -0.0770111083984375 0.0209407806396484 0.00937843322753906
0.026336669921875 -0.0865554809570312 0.023895263671875 -0.34942626953125
-0.0403289794921875 -0.0650520324707031 -0.345428466796875 -0.354705810546875
-0.0548477172851563 -0.0121116638183594 -0.43829345703125 0.102935791015625
-0.0193386077880859 0.0238189697265625 -0.105865478515625 0.333343505859375
0.00859642028808594 0.0230312347412109 0.131500244140625 0.212310791015625
0.0287437438964844 0.0189361572265625 0.177764892578125 -0.0110321044921875
0.0384902954101563 0.00109100341796875 0.106521606445312 -0.143310546875
-0.00367164611816406 -0.0116195678710938 -0.0855636596679688 0.127349853515625
-0.00108718872070313 -0.0104856491088867 -0.167251586914062 -0.010223388671875
-0.00826215744018555 -0.00544500350952148 -0.12799072265625 -0.213409423828125
0.00849819183349609 0.00480937957763672 0.11224365234375 -0.313201904296875
0.00794029235839844 0.012568473815918 0.415313720703125 -0.056121826171875
0.00427150726318359 0.0125322341918945 0.358612060546875 0.35174560546875
0.0099639892578125 0.0318813323974609 0.012359619140625 0.344085693359375
-0.0134468078613281 0.0413322448730469 0.0118637084960938 0.0494728088378906
0.0014190673828125 0.0391654968261719 0.10858154296875 -0.326904296875
0.0194778442382812 0.0158958435058594 -0.228668212890625 -0.457672119140625
0.0177879333496094 -0.000143051147460938 -0.46502685546875 -0.0256042480468749
0.001251220703125 -0.0048670768737793 -0.20751953125 0.3218994140625
-0.00906467437744141 -0.00705051422119141 0.0508880615234375 0.263015747070313
-0.00753116607666016 -0.00196599960327149 0.159622192382813 0.02069091796875
-0.000308036804199219 -0.00650644302368164 0.117790222167969 -0.132499694824219
-0.00140857696533203 -0.0109481811523437 -0.0902633666992188 0.124916076660156
-0.00130653381347656 -0.0116796493530273 -0.164642333984375 -0.021453857421875
-0.0102376937866211 -0.00324916839599609 -0.107559204101563 -0.23040771484375
0.00759172439575195 0.00849008560180664 0.14654541015625 -0.30694580078125
0.00920486450195313 0.0153779983520508 0.424713134765625 -0.01202392578125
0.007080078125 0.0144796371459961 0.321929931640625 0.3870849609375
0.009124755859375 0.0344161987304688 -0.011810302734375 0.331451416015625
-0.0138969421386719 0.0443382263183594 0.0234451293945313 0.0271720886230469
0.00492095947265626 0.0398101806640625 0.084014892578125 -0.348419189453125
0.0230140686035156 0.0141277313232422 -0.27606201171875 -0.432373046875
0.0190029144287109 0.000528335571289063 -0.458282470703125 0.022674560546875
-0.000298142433166504 -0.00160324573516846 -0.171600341796875 0.329833984375
-0.0126018524169922 -0.00546550750732422 0.0744476318359375 0.24615478515625
-0.00850963592529297 -0.00323867797851563 0.162994384765625 0.0071563720703125
0.00198030471801758 -0.00644063949584961 0.110626220703125 -0.13592529296875
0.00382518768310547 -0.0105619430541992 -0.0962905883789063 0.120948791503906
0.000905036926269532 -0.010951042175293 -0.161788940429688 -0.0341644287109375
-0.0101156234741211 0.000402450561523438 -0.084564208984375 -0.246078491210937
0.00420379638671875 0.0130777359008789 0.182159423828125 -0.298736572265625
0.00487422943115234 0.0157365798950195 0.428924560546875 0.0325927734375
0.00575923919677734 0.010462760925293 0.278961181640625 0.41888427734375
0.0100612640380859 0.0280933380126953 -0.0379638671875 0.31463623046875
-0.00713348388671875 0.0383453369140625 0.0353736877441406 0.00248336791992188
0.0102996826171875 0.0317726135253906 0.0552978515625 -0.367950439453125
0.0220069885253906 0.00655174255371094 -0.320648193359375 -0.397735595703125
0.0148277282714844 -0.000642776489257812 -0.44769287109375 0.0721130371093749
-0.00319528579711914 0.00243759155273438 -0.132293701171875 0.33477783203125
-0.0139646530151367 -0.00328254699707031 0.100631713867187 0.226821899414063
-0.00697755813598633 -0.00303983688354492 0.166152954101563 -0.0057373046875
0.00562238693237305 -0.00661659240722656 0.104766845703125 -0.138816833496094
0.0095052719116211 -0.00936603546142578 -0.101783752441406 0.117111206054688
0.00537347793579102 -0.00833559036254883 -0.158966064453125 -0.045257568359375
-0.00833225250244141 0.00545644760131836 -0.061798095703125 -0.259628295898437
-0.00125885009765625 0.0164718627929688 0.216827392578125 -0.286773681640625
-0.00301933288574219 0.01220703125 0.4285888671875 0.0792236328125
0.00234675407409668 -0.000986814498901367 0.233306884765625 0.447235107421875
0.0150213241577148 0.0137691497802734 -0.06024169921875 0.30224609375
0.00656700134277343 0.0243282318115234 0.0439529418945312 -0.0168685913085937
0.0151176452636719 0.0159492492675781 0.027313232421875 -0.38079833984375
0.0154008865356445 -0.00447845458984375 -0.357086181640625 -0.365478515625
0.00584030151367188 -0.00116443634033203 -0.43524169921875 0.112579345703125
-0.00613975524902344 0.00762796401977539 -0.0982666015625 0.335479736328125
-0.0134181976318359 0.000645637512207032 0.121551513671875 0.208847045898438
-0.00282025337219238 -0.00189828872680664 0.168472290039063 -0.01715087890625
0.011347770690918 -0.00589370727539063 0.097869873046875 -0.142074584960938
0.0161495208740234 -0.00828266143798828 -0.106201171875 0.114707946777344
0.0115165710449219 -0.0045013427734375 -0.157073974609375 -0.051971435546875
-0.00559234619140625 0.010894775390625 -0.04547119140625 -0.26654052734375
-0.00916481018066406 0.0192584991455078 0.238800048828125 -0.276748657226563
-0.014735221862793 0.00391292572021485 0.427032470703125 0.10772705078125
-0.00214576721191406 -0.0200614929199219 0.201690673828125 0.464752197265625
0.0246620178222656 -0.00817680358886719 -0.076507568359375 0.29254150390625
0.0262985229492188 0.00276374816894531 0.0476417541503906 -0.0279693603515625
0.0171127319335938 -0.00653362274169922 0.00598144531249996 -0.385711669921875
0.00318527221679687 -0.0175313949584961 -0.380401611328125 -0.338470458984375
-0.00659704208374023 -0.00169086456298828 -0.422760009765625 0.1416015625
-0.0082550048828125 0.0123720169067383 -0.074462890625 0.33489990234375
-0.00921821594238281 0.00545215606689453 0.138336181640625 0.19561767578125
0.00395536422729492 0.00119352340698242 0.170806884765625 -0.02545166015625
0.018310546875 -0.00519561767578125 0.0943603515625 -0.1444091796875
0.0228271484375 -0.00697135925292969 -0.108322143554688 0.113571166992187
0.0187759399414063 0.000226974487304688 -0.155441284179688 -0.0529632568359375
-0.00178909301757813 0.0173606872558594 -0.03759765625 -0.268341064453125
-0.0164909362792969 0.0207386016845703 0.2470703125 -0.272384643554688
-0.0286617279052734 -0.00619125366210937 0.422332763671875 0.1217041015625
-0.00807952880859375 -0.0429573059082031 0.18621826171875 0.472503662109375
0.0371932983398438 -0.0352287292480469 -0.084442138671875 0.293304443359375
0.0486793518066406 -0.0230789184570313 0.0455436706542969 -0.0284080505371094
0.0182361602783203 -0.0331439971923828 -0.00369262695312502 -0.383575439453125
-0.0126018524169922 -0.0311851501464844 -0.389007568359375 -0.32684326171875
-0.0214099884033203 -0.00249481201171875 -0.41741943359375 0.151123046875
-0.0106706619262695 0.0170803070068359 -0.064971923828125 0.333465576171875
-0.00343608856201172 0.0108299255371094 0.147430419921875 0.1898193359375
0.0115900039672852 0.00491809844970703 0.174118041992188 -0.0278472900390625
0.0244197845458984 -0.00372123718261719 0.0933990478515625 -0.1461181640625
0.0281772613525391 -0.00650978088378906 -0.107833862304688 0.11529541015625
0.0265274047851563 0.00487327575683594 -0.156967163085938 -0.046600341796875
0.00347900390625 0.0226974487304688 -0.0422821044921875 -0.26385498046875
-0.0227851867675781 0.0222988128662109 0.2386474609375 -0.277587890625
-0.0432929992675781 -0.0153541564941406 0.423065185546875 0.10601806640625
-0.0175018310546875 -0.0663375854492188 0.196929931640625 0.466766357421875
0.0479011535644531 -0.0646400451660156 -0.08251953125 0.303558349609375
0.0715789794921875 -0.0509719848632812 0.0369071960449219 -0.0163192749023438
0.0198211669921875 -0.0599708557128906 0.00180053710937503 -0.37237548828125
-0.0284500122070313 -0.0463333129882813 -0.379730224609375 -0.330657958984375
-0.0377388000488281 -0.00493621826171875 -0.424163818359375 0.142730712890625
-0.0135612487792969 0.0210838317871094 -0.071533203125 0.334686279296875
0.00421714782714844 0.0180950164794922 0.148574829101563 0.19329833984375
0.0211448669433594 0.0112972259521484 0.175857543945313 -0.0249481201171875
0.0320987701416016 -0.00185394287109375 0.0968475341796875 -0.146881103515625
0.0332412719726563 -0.00632095336914063 -0.103988647460937 0.118949890136719
0.0341148376464844 0.00924873352050781 -0.158523559570313 -0.0340728759765625
0.010650634765625 0.0280323028564453 -0.0596160888671875 -0.25115966796875
-0.0256786346435547 0.0254783630371094 0.210662841796875 -0.290557861328125
-0.0580368041992188 -0.01934814453125 0.421905517578125 0.065765380859375
-0.0336074829101563 -0.085174560546875 0.235687255859375 0.444915771484375
0.0514984130859375 -0.0936050415039063 -0.0665283203125 0.3253173828125
0.0931777954101563 -0.07867431640625 0.0213127136230469 0.00957298278808593
0.0260086059570313 -0.0872726440429688 0.02001953125 -0.35040283203125
-0.0411338806152344 -0.0646591186523438 -0.35186767578125 -0.3544921875
-0.055633544921875 -0.0116958618164062 -0.439483642578125 0.108856201171875
-0.0194244384765625 0.0240612030029297 -0.10198974609375 0.336578369140625
0.00881576538085938 0.0233230590820313 0.134201049804688 0.21246337890625
0.0294666290283203 0.01849365234375 0.1788330078125 -0.0130462646484375
0.03900146484375 0.000682830810546875 0.10516357421875 -0.144622802734375
-0.00387668609619141 -0.012059211730957 -0.0850601196289063 0.128738403320313
-0.000467300415039061 -0.0107555389404297 -0.168380737304687 -0.0075225830078125
-0.00877237319946289 -0.00507926940917969 -0.131179809570313 -0.2127685546875
0.00881576538085938 0.00497341156005859 0.109649658203125 -0.315521240234375
0.00819301605224609 0.0124549865722656 0.41656494140625 -0.061614990234375
0.00435161590576172 0.0126190185546875 0.365142822265625 0.348388671875
0.0101909637451172 0.0309371948242187 0.015655517578125 0.345001220703125
-0.0133895874023438 0.0414390563964844 0.0121726989746094 0.0502853393554688
0.00188064575195313 0.0392112731933594 0.10504150390625 -0.32904052734375
0.0196571350097656 0.0162792205810547 -0.2352294921875 -0.457244873046875
0.0180282592773438 -0.000291824340820313 -0.466796875 -0.0202331542968751
0.00119924545288086 -0.00471878051757812 -0.20477294921875 0.325653076171875
-0.00912761688232422 -0.00661373138427735 0.054443359375 0.264129638671875
-0.00747346878051758 -0.00185728073120117 0.159866333007813 0.0186614990234375
-3.62396240234379E-05 -0.00658416748046875 0.116920471191406 -0.134529113769531
-0.00109291076660156 -0.0113086700439453 -0.088653564453125 0.126556396484375
-0.000831604003906251 -0.0117092132568359 -0.166000366210938 -0.019317626953125
-0.0103693008422852 -0.00302791595458985 -0.1112060546875 -0.229934692382812
0.00740337371826172 0.00890445709228516 0.143280029296875 -0.31005859375
0.00922203063964844 0.0153093338012695 0.427093505859375 -0.017913818359375
0.00720500946044922 0.0144939422607422 0.3277587890625 0.383941650390625
0.00941085815429688 0.0338535308837891 -0.00860595703124997 0.33172607421875
-0.013275146484375 0.0437545776367188 0.0236873626708984 0.0273494720458984
0.00563430786132812 0.0396614074707031 0.080718994140625 -0.350189208984375
0.0231552124023438 0.0142307281494141 -0.280914306640625 -0.431182861328125
0.0192813873291016 0.000194549560546875 -0.4603271484375 0.02880859375
-0.000458002090454102 -0.00164926052093506 -0.168243408203125 0.333526611328125
-0.0126953125 -0.00564384460449219 0.077850341796875 0.246261596679688
-0.00865459442138672 -0.00333023071289062 0.16326904296875 0.00579833984375
0.00152826309204102 -0.00672388076782227 0.10919189453125 -0.137855529785156
0.00378131866455078 -0.0109033584594727 -0.0953750610351563 0.122383117675781
0.000973701477050781 -0.0113058090209961 -0.163497924804688 -0.0320281982421875
-0.00981807708740234 0.000693321228027343 -0.0876007080078125 -0.246017456054688
0.00442695617675781 0.0128087997436523 0.180206298828125 -0.302398681640625
0.00541400909423828 0.0157508850097656 0.431488037109375 0.0283203125
0.00620746612548828 0.010096549987793 0.284942626953125 0.41473388671875
0.0104084014892578 0.0276546478271484 -0.034759521484375 0.316192626953125
-0.0070037841796875 0.0381584167480469 0.0353507995605469 0.00249481201171875
0.0111217498779297 0.0325088500976563 0.050262451171875 -0.369476318359375
0.0226707458496094 0.00657272338867188 -0.326934814453125 -0.39593505859375
0.014918327331543 -0.000528335571289063 -0.447998046875 0.0785217285156249
-0.00276350975036621 0.00272417068481445 -0.128692626953125 0.338165283203125
-0.0142431259155273 -0.00290584564208985 0.103866577148437 0.226852416992187
-0.00687980651855469 -0.00297069549560547 0.166656494140625 -0.00811767578125
0.0054783821105957 -0.00686931610107422 0.103363037109375 -0.1409912109375
0.00947761535644531 -0.00988578796386719 -0.100837707519531 0.118858337402344
0.00574493408203125 -0.00901985168457031 -0.160293579101563 -0.042938232421875
-0.00815677642822265 0.00557899475097656 -0.0654449462890625 -0.259445190429688
-0.00120258331298828 0.0167913436889648 0.214569091796875 -0.289947509765625
-0.00295162200927734 0.0118865966796875 0.43206787109375 0.073822021484375
0.00244522094726563 -0.0016181468963623 0.240142822265625 0.4454345703125
0.0153417587280273 0.0133075714111328 -0.057281494140625 0.303375244140625
0.00704193115234375 0.0237998962402344 0.0433731079101563 -0.0165824890136719
0.015507698059082 0.0155811309814453 0.02294921875 -0.3817138671875
0.0153894424438477 -0.00462627410888672 -0.362884521484375 -0.36297607421875
0.00523900985717773 -0.0014033317565918 -0.43365478515625 0.118438720703125
-0.0057225227355957 0.00777816772460937 -0.094512939453125 0.338531494140625
-0.0131645202636719 0.00114822387695313 0.125198364257812 0.208648681640625
-0.0027163028717041 -0.0016319751739502 0.169464111328125 -0.0197296142578125
0.010986328125 -0.00645828247070313 0.0968780517578125 -0.144256591796875
0.0164432525634766 -0.00898456573486328 -0.10546875 0.11602783203125
0.0117101669311523 -0.00533103942871094 -0.158721923828125 -0.0495147705078125
-0.00533103942871094 0.0115776062011719 -0.0492095947265625 -0.266708374023437
-0.00887870788574219 0.0200347900390625 0.236907958984375 -0.281158447265625
-0.0149040222167969 0.00415515899658203 0.42950439453125 0.104339599609375
-0.00211715698242188 -0.0197601318359375 0.208526611328125 0.46337890625
0.0242214202880859 -0.00911140441894531 -0.073211669921875 0.29461669921875
0.0262603759765625 0.00205802917480469 0.0470390319824219 -0.0279655456542969
0.0174160003662109 -0.00675201416015625 0.000396728515625011 -0.3861083984375
0.00315093994140625 -0.0171880722045898 -0.384796142578125 -0.334747314453125
-0.00693130493164063 -0.00125551223754883 -0.42236328125 0.146881103515625
-0.00836849212646484 0.0128564834594727 -0.0703125 0.337066650390625
-0.00942230224609375 0.00548458099365234 0.141250610351563 0.195220947265625
0.00423645973205566 0.00104355812072754 0.171340942382813 -0.027496337890625
0.0178909301757813 -0.00557899475097656 0.09307861328125 -0.145767211914063
0.0228366851806641 -0.00790023803710938 -0.107376098632813 0.115715026855469
0.0191993713378906 -0.000701904296875 -0.157470703125 -0.0502777099609375
-0.00164890289306641 0.0172748565673828 -0.0412139892578125 -0.268600463867188
-0.0162582397460938 0.0214023590087891 0.24505615234375 -0.276336669921875
-0.0287036895751953 -0.00618743896484375 0.425628662109375 0.11505126953125
-0.00866317749023437 -0.0427055358886719 0.1927490234375 0.470611572265625
0.0370254516601563 -0.0362319946289063 -0.082122802734375 0.294952392578125
0.0484237670898438 -0.0240631103515625 0.0452499389648438 -0.0286521911621094
0.0183696746826172 -0.0328807830810547 -0.008880615234375 -0.383453369140625
-0.0129489898681641 -0.0307292938232422 -0.39398193359375 -0.3236083984375
-0.0215358734130859 -0.002044677734375 -0.418975830078125 0.15631103515625
-0.0102195739746094 0.0178012847900391 -0.061309814453125 0.336212158203125
-0.00327205657958984 0.0105314254760742 0.149871826171875 0.188812255859375
0.0116262435913086 0.00509548187255859 0.174224853515625 -0.0298004150390625
0.0242881774902344 -0.00440216064453125 0.0926055908203125 -0.147842407226563
0.0283050537109375 -0.00701904296875 -0.106857299804688 0.11737060546875
0.0272121429443359 0.0040130615234375 -0.158035278320312 -0.044158935546875
0.00358963012695313 0.0234241485595703 -0.0460052490234375 -0.264175415039063
-0.0223979949951172 0.0227375030517578 0.2366943359375 -0.28094482421875
-0.0434226989746094 -0.0151329040527344 0.42510986328125 0.101226806640625
-0.0184974670410156 -0.0661430358886719 0.20355224609375 0.464996337890625
0.0469169616699219 -0.0653152465820313 -0.07958984375 0.30596923828125
0.0711212158203125 -0.052398681640625 0.0367317199707031 -0.0166664123535156
0.019775390625 -0.0605201721191406 -0.00265502929687501 -0.373687744140625
-0.02923583984375 -0.045928955078125 -0.38641357421875 -0.327972412109375
-0.0380973815917969 -0.00431060791015625 -0.42388916015625 0.148345947265625
-0.0131301879882813 0.0215167999267578 -0.067108154296875 0.33795166015625
0.00448799133300781 0.0179271697998047 0.151275634765625 0.192779541015625
0.021514892578125 0.0110855102539062 0.175827026367188 -0.027557373046875
0.0323276519775391 -0.00271797180175781 0.09515380859375 -0.148513793945313
0.0331611633300781 -0.00724220275878906 -0.102897644042969 0.120628356933594
0.0344352722167969 0.00848579406738281 -0.159439086914063 -0.0313873291015625
0.0112056732177734 0.0281429290771484 -0.062957763671875 -0.251602172851563
-0.0253887176513672 0.0263805389404297 0.2076416015625 -0.29345703125
-0.0587387084960938 -0.0191192626953125 0.423553466796875 0.059539794921875
-0.0347671508789063 -0.084991455078125 0.241729736328125 0.44354248046875
0.0501785278320313 -0.0948486328125 -0.063934326171875 0.3262939453125
0.0925979614257813 -0.079986572265625 0.0208625793457031 0.00994491577148437
0.0249786376953125 -0.0881423950195312 0.016387939453125 -0.35150146484375
-0.0417861938476563 -0.0640335083007813 -0.35540771484375 -0.350555419921875
-0.0558547973632812 -0.0107536315917969 -0.44000244140625 0.114410400390625
-0.0192241668701172 0.0250568389892578 -0.09808349609375 0.3399658203125
0.00942039489746094 0.0234642028808594 0.137435913085938 0.21160888671875
0.0298919677734375 0.0182666778564453 0.17901611328125 -0.0156097412109375
0.0391273498535156 -1.1444091796875E-05 0.104095458984375 -0.146621704101563
-0.00426483154296875 -0.0126495361328125 -0.0833892822265625 0.130661010742188
-0.000490188598632813 -0.0109767913818359 -0.169540405273438 -0.00480651855468753
-0.00857686996459961 -0.00441884994506836 -0.134552001953125 -0.211334228515625
0.00884437561035156 0.00519561767578125 0.106109619140625 -0.3170166015625
0.00845241546630859 0.0125131607055664 0.41748046875 -0.06829833984375
0.00443744659423828 0.0123920440673828 0.369384765625 0.34393310546875
0.0100383758544922 0.0307807922363281 0.01971435546875 0.344757080078125
-0.0129547119140625 0.0417747497558594 0.0126152038574219 0.0499496459960938
0.00253677368164063 0.0394515991210938 0.101776123046875 -0.330810546875
0.0199661254882813 0.0164833068847656 -0.240631103515625 -0.455413818359375
0.0176906585693359 -0.000623703002929687 -0.467926025390625 -0.0137329101562499
0.00132131576538086 -0.00486278533935547 -0.200897216796875 0.32952880859375
-0.00925064086914063 -0.00624942779541016 0.0579071044921875 0.26416015625
-0.00724935531616211 -0.00188779830932617 0.160629272460938 0.016754150390625
-0.00060129165649414 -0.00681829452514648 0.115188598632813 -0.136825561523438
-0.00139904022216797 -0.0119199752807617 -0.0876235961914062 0.127273559570313
-0.000886917114257811 -0.0118513107299805 -0.166732788085938 -0.016845703125
-0.0105018615722656 -0.00274467468261719 -0.114471435546875 -0.228485107421875
0.00726985931396484 0.00891304016113281 0.140289306640625 -0.313018798828125
0.00938892364501953 0.0152711868286133 0.427703857421875 -0.022613525390625
0.00733852386474609 0.0139236450195313 0.332122802734375 0.37921142578125
0.00964736938476563 0.0331096649169922 -0.00570678710937503 0.33258056640625
-0.0129661560058594 0.0440750122070312 0.0234222412109375 0.0271873474121094
0.00630569458007813 0.0395164489746094 0.0762939453125 -0.351654052734375
0.0237941741943359 0.0138416290283203 -0.28656005859375 -0.428619384765625
0.018646240234375 0.000553131103515625 -0.46075439453125 0.034515380859375
-0.000496625900268555 -0.00132274627685547 -0.16455078125 0.337310791015625
-0.0130481719970703 -0.00524711608886719 0.0816497802734375 0.246246337890625
-0.0084538459777832 -0.00310802459716797 0.163711547851562 0.003021240234375
0.000960350036621094 -0.0070796012878418 0.107475280761719 -0.139640808105469
0.00328922271728516 -0.0116367340087891 -0.0944671630859375 0.124298095703125
0.00158596038818359 -0.0111322402954102 -0.164642333984375 -0.0295562744140625
-0.00980663299560547 0.000942230224609376 -0.092010498046875 -0.24554443359375
0.00435924530029297 0.0132274627685547 0.176727294921875 -0.3052978515625
0.00578880310058594 0.0154743194580078 0.433258056640625 0.022125244140625
0.00596809387207031 0.00979804992675781 0.2906494140625 0.41229248046875
0.0103912353515625 0.0272617340087891 -0.031646728515625 0.316558837890625
-0.00632858276367188 0.0383491516113281 0.0349063873291016 0.0024871826171875
0.0115451812744141 0.0317707061767578 0.045928955078125 -0.369659423828125
0.0226821899414063 0.00665283203125 -0.33221435546875 -0.39276123046875
0.0146484375 -0.00045013427734375 -0.4488525390625 0.083892822265625
-0.00318264961242676 0.00282597541809082 -0.125396728515625 0.3419189453125
-0.0144119262695312 -0.00245952606201172 0.106887817382813 0.226242065429687
-0.0066533088684082 -0.00306892395019531 0.166305541992188 -0.0104217529296875
0.00553750991821289 -0.00740766525268555 0.102005004882813 -0.142669677734375
0.00949192047119141 -0.0106420516967773 -0.0997390747070312 0.120353698730469
0.00595855712890625 -0.00916004180908203 -0.161514282226563 -0.0404052734375
-0.00822734832763672 0.00588846206665039 -0.0686492919921875 -0.258956909179688
-0.000782012939453126 0.0170707702636719 0.21173095703125 -0.2938232421875
-0.00303459167480469 0.0118350982666016 0.433990478515625 0.067962646484375
0.00237751007080078 -0.00110673904418945 0.24664306640625 0.443450927734375
0.0145463943481445 0.0127716064453125 -0.05438232421875 0.304473876953125
0.00737190246582031 0.0237789154052734 0.0429534912109375 -0.0165328979492188
0.015507698059082 0.0158100128173828 0.018035888671875 -0.382476806640625
0.0156583786010742 -0.00494861602783203 -0.368804931640625 -0.360504150390625
0.00584745407104492 -0.00127220153808594 -0.43450927734375 0.124755859375
-0.00567007064819336 0.00779199600219726 -0.09051513671875 0.341888427734375
-0.013153076171875 0.0016937255859375 0.1280517578125 0.207916259765625
-0.00280213356018066 -0.00178766250610352 0.16900634765625 -0.0220947265625
0.0107297897338867 -0.0066680908203125 0.09539794921875 -0.145614624023438
0.0162687301635742 -0.00966358184814453 -0.104461669921875 0.117843627929688
0.0117740631103516 -0.00572586059570313 -0.160018920898438 -0.047088623046875
-0.00514984130859375 0.0116367340087891 -0.0527801513671875 -0.267044067382813
-0.00818252563476563 0.0199871063232422 0.23406982421875 -0.284271240234375
-0.0148906707763672 0.00455856323242188 0.431610107421875 0.09796142578125
-0.00285148620605469 -0.0203571319580078 0.21441650390625 0.4603271484375
0.0242462158203125 -0.00971794128417969 -0.070465087890625 0.29632568359375
0.0262260437011719 0.00185966491699219 0.0465850830078125 -0.02789306640625
0.017578125 -0.007171630859375 -0.00454711914062503 -0.38616943359375
0.00292491912841797 -0.0170984268188477 -0.391693115234375 -0.3299560546875
-0.00713777542114258 -0.00139951705932617 -0.421966552734375 0.152008056640625
-0.00813770294189453 0.013340950012207 -0.06597900390625 0.33905029296875
-0.00896549224853515 0.00587368011474609 0.14483642578125 0.193695068359375
0.00404930114746094 0.00115084648132324 0.170852661132813 -0.03033447265625
0.0179195404052734 -0.00574302673339844 0.09130859375 -0.147323608398438
0.0229759216308594 -0.00893974304199219 -0.106147766113281 0.117645263671875
0.0194339752197266 -0.00111579895019531 -0.158294677734375 -0.047698974609375
-0.00116157531738281 0.0176620483398438 -0.044158935546875 -0.26837158203125
-0.016265869140625 0.0218238830566406 0.242233276367188 -0.280319213867188
-0.0289630889892578 -0.00575447082519532 0.428131103515625 0.11053466796875
-0.00921249389648437 -0.0430488586425781 0.199676513671875 0.47003173828125
0.036346435546875 -0.0373458862304688 -0.078704833984375 0.296722412109375
0.0483932495117188 -0.0249671936035156 0.04443359375 -0.02874755859375
0.0178661346435547 -0.0338535308837891 -0.0140380859375 -0.38433837890625
-0.0131568908691406 -0.0303840637207031 -0.39825439453125 -0.319091796875
-0.0221500396728516 -0.00179481506347656 -0.417266845703125 0.1619873046875
-0.00991630554199219 0.0177288055419922 -0.056793212890625 0.338226318359375
-0.00297451019287109 0.0109786987304688 0.15325927734375 0.187637329101563
0.0115699768066406 0.00507831573486328 0.174057006835938 -0.0326080322265625
0.0242347717285156 -0.00480079650878906 0.0908203125 -0.149566650390625
0.0280513763427734 -0.00795364379882813 -0.106170654296875 0.119277954101562
0.027191162109375 0.00343132019042969 -0.159286499023438 -0.0416107177734375
0.004425048828125 0.0230731964111328 -0.0495147705078125 -0.263809204101562
-0.0220127105712891 0.0234031677246094 0.233367919921875 -0.285064697265625
-0.0442276000976563 -0.0144271850585937 0.4276123046875 0.09637451171875
-0.0193519592285156 -0.0663070678710937 0.21087646484375 0.462646484375
0.0460128784179688 -0.0665512084960938 -0.076416015625 0.307281494140625
0.07073974609375 -0.0531387329101563 0.0363235473632813 -0.0166053771972656
0.0194854736328125 -0.0611381530761719 -0.00708007812499997 -0.37335205078125
-0.0292549133300781 -0.0455894470214844 -0.390777587890625 -0.3228759765625
-0.0383872985839844 -0.00404739379882812 -0.422027587890625 0.15484619140625
-0.0132579803466797 0.0218849182128906 -0.062744140625 0.3394775390625
0.00446701049804688 0.0185070037841797 0.153671264648438 0.190872192382813
0.0216999053955078 0.0105133056640625 0.17620849609375 -0.0303192138671875
0.0323886871337891 -0.00294113159179687 0.0936126708984375 -0.150115966796875
0.0328636169433594 -0.00828361511230469 -0.101730346679688 0.122482299804687
0.0349788665771484 0.0073699951171875 -0.16046142578125 -0.0285491943359375
0.0116920471191406 0.0282306671142578 -0.0664215087890625 -0.250640869140625
-0.0253944396972656 0.0270099639892578 0.20513916015625 -0.297515869140625
-0.0591812133789063 -0.0180435180664063 0.42596435546875 0.053619384765625
-0.035858154296875 -0.0846710205078125 0.247894287109375 0.441070556640625
0.0489273071289062 -0.0956344604492188 -0.059844970703125 0.32830810546875
0.09185791015625 -0.0814208984375 0.0208892822265625 0.0100746154785156
0.0242156982421875 -0.0886459350585938 0.011627197265625 -0.35247802734375
-0.0421371459960937 -0.0637474060058594 -0.362091064453125 -0.346649169921875
-0.0562019348144531 -0.00968933105468751 -0.439056396484375 0.12109375
-0.0190887451171875 0.0250930786132812 -0.09393310546875 0.342742919921875
0.00980377197265625 0.0235748291015625 0.14105224609375 0.210678100585938
0.0301036834716797 0.0178070068359375 0.178787231445313 -0.0183868408203125
0.0389518737792969 -0.00064849853515625 0.102279663085938 -0.148788452148438
-0.00403404235839844 -0.0130949020385742 -0.082000732421875 0.131538391113281
-0.000346183776855468 -0.0108480453491211 -0.169937133789062 -0.00238037109374999
-0.00863504409790039 -0.0039215087890625 -0.137222290039063 -0.209548950195313
0.00901985168457031 0.00512027740478516 0.102264404296875 -0.319061279296875
0.00809860229492188 0.0122842788696289 0.417236328125 -0.0732421875
0.00457096099853516 0.0120477676391602 0.373626708984375 0.3385009765625
0.0101909637451172 0.0305252075195312 0.023406982421875 0.344696044921875
-0.0121307373046875 0.0415420532226563 0.0133476257324219 0.050323486328125
0.00302886962890625 0.0396232604980469 0.096710205078125 -0.33074951171875
0.0199966430664063 0.016326904296875 -0.246917724609375 -0.4521484375
0.0178279876708984 -0.000720977783203125 -0.4688720703125 -0.00671386718750003
0.00119161605834961 -0.00459814071655273 -0.1964111328125 0.333404541015625
-0.00935649871826172 -0.00605583190917968 0.0618438720703125 0.263900756835938
-0.00717687606811524 -0.00179910659790039 0.160751342773438 0.01422119140625
-0.000808238983154296 -0.00676298141479492 0.113533020019531 -0.138572692871094
-0.00176334381103516 -0.0125894546508789 -0.0860824584960938 0.12890625
-0.000655174255371093 -0.0120334625244141 -0.167404174804688 -0.014404296875
-0.00999832153320312 -0.0022439956665039 -0.117233276367187 -0.22674560546875
0.00803852081298828 0.00922679901123047 0.136383056640625 -0.31524658203125
0.00953388214111328 0.0149850845336914 0.428924560546875 -0.02899169921875
0.00739860534667969 0.013981819152832 0.338775634765625 0.37493896484375
0.00984954833984375 0.0326557159423828 -0.00143432617187497 0.3328857421875
-0.0123367309570313 0.0442733764648438 0.0240135192871094 0.0274887084960938
0.0068359375 0.0399703979492188 0.072052001953125 -0.351837158203125
0.0240020751953125 0.0135498046875 -0.29229736328125 -0.425018310546875
0.018646240234375 0.000112533569335938 -0.460968017578125 0.0413513183593749
-0.000666260719299317 -0.00126850605010986 -0.159820556640625 0.34014892578125
-0.0128889083862305 -0.00442600250244141 0.084716796875 0.246002197265625
-0.00807094573974609 -0.00322628021240234 0.163803100585937 0.000701904296875
0.00145483016967773 -0.00724124908447266 0.10595703125 -0.141464233398438
0.00295066833496094 -0.0121421813964844 -0.0931396484375 0.125801086425781
0.0016937255859375 -0.0114631652832031 -0.16558837890625 -0.0265655517578125
-0.00968551635742188 0.00138378143310547 -0.0955352783203125 -0.244293212890625
0.00498294830322266 0.0135946273803711 0.173095703125 -0.3079833984375
0.00561141967773437 0.0155792236328125 0.434600830078125 0.016876220703125
0.00642776489257812 0.00976657867431641 0.296234130859375 0.40887451171875
0.0103816986083984 0.0267353057861328 -0.0279541015625 0.3170166015625
-0.0058746337890625 0.0379676818847656 0.0346622467041016 0.00271224975585938
0.0119571685791016 0.0322399139404297 0.041229248046875 -0.370086669921875
0.0225677490234375 0.00635719299316406 -0.33721923828125 -0.38800048828125
0.014251708984375 -0.000719070434570313 -0.447723388671875 0.0906982421875001
-0.00312590599060059 0.00289654731750488 -0.12017822265625 0.34381103515625
-0.0147104263305664 -0.0024871826171875 0.1102294921875 0.225921630859375
-0.00672435760498047 -0.00285768508911133 0.166458129882812 -0.0122528076171875
0.00539159774780274 -0.00686216354370117 0.10040283203125 -0.144393920898438
0.00920391082763672 -0.0112123489379883 -0.0982742309570313 0.122108459472656
0.00574779510498047 -0.00955104827880859 -0.16259765625 -0.0377960205078125
-0.0081329345703125 0.00646257400512695 -0.0728607177734375 -0.258407592773438
-0.000616073608398438 0.0176639556884766 0.208099365234375 -0.297210693359375
-0.00299263000488281 0.011988639831543 0.435821533203125 0.062103271484375
0.00210857391357422 -0.00131142139434814 0.252685546875 0.439178466796875
0.0147895812988281 0.0122871398925781 -0.050628662109375 0.3048095703125
0.00754547119140625 0.0232467651367188 0.0420417785644531 -0.0166206359863281
0.0158357620239258 0.0155248641967773 0.0125732421875 -0.381805419921875
0.0158529281616211 -0.00428962707519531 -0.372283935546875 -0.35595703125
0.00560140609741211 -0.00128507614135742 -0.433013916015625 0.13128662109375
-0.00575065612792969 0.00781488418579102 -0.08575439453125 0.343414306640625
-0.0129776000976563 0.00169754028320312 0.131057739257813 0.206756591796875
-0.00286555290222168 -0.00168800354003906 0.168167114257812 -0.024505615234375
0.0109806060791016 -0.00683403015136719 0.09332275390625 -0.146560668945313
0.0159978866577148 -0.0106296539306641 -0.103134155273438 0.119285583496094
0.0121784210205078 -0.00597286224365234 -0.161117553710937 -0.044403076171875
-0.00487804412841797 0.011723518371582 -0.056365966796875 -0.266036987304688
-0.00791358947753906 0.0202751159667969 0.2305908203125 -0.2880859375
-0.0146665573120117 0.00501251220703125 0.43365478515625 0.09271240234375
-0.00318527221679687 -0.0200004577636719 0.219940185546875 0.4581298828125
0.0236568450927734 -0.0103778839111328 -0.067413330078125 0.29705810546875
0.0260410308837891 0.001007080078125 0.0458412170410156 -0.0283164978027344
0.0170707702636719 -0.00740718841552734 -0.00891113281249998 -0.38653564453125
0.00301265716552734 -0.0171890258789063 -0.39581298828125 -0.324951171875
-0.00705480575561523 -0.00164318084716797 -0.420379638671875 0.16009521484375
-0.00784587860107422 0.0131120681762695 -0.061767578125 0.341400146484375
-0.00917148590087891 0.00624179840087891 0.146957397460938 0.191696166992188
0.00428175926208496 0.00114011764526367 0.170639038085937 -0.032623291015625
0.017608642578125 -0.0063934326171875 0.08953857421875 -0.148590087890625
0.0222587585449219 -0.00959205627441406 -0.104896545410156 0.118980407714844
0.0196323394775391 -0.00178146362304688 -0.159408569335938 -0.0449371337890625
-0.00104808807373047 0.0175704956054688 -0.048583984375 -0.267868041992188
-0.0156631469726563 0.0221309661865234 0.2393798828125 -0.28369140625
-0.029205322265625 -0.00557708740234374 0.429473876953125 0.105499267578125
-0.009490966796875 -0.0428085327148438 0.20526123046875 0.466522216796875
0.0352554321289063 -0.0377769470214844 -0.075775146484375 0.297515869140625
0.0482864379882812 -0.0258941650390625 0.0436172485351563 -0.0284194946289063
0.0177555084228516 -0.0335788726806641 -0.01947021484375 -0.38372802734375
-0.0130500793457031 -0.0302085876464844 -0.40325927734375 -0.3143310546875
-0.0224323272705078 -0.00151443481445312 -0.415771484375 0.167938232421875
-0.00962638854980469 0.0182399749755859 -0.05242919921875 0.340179443359375
-0.00284957885742187 0.0109710693359375 0.156036376953125 0.186080932617188
0.0118036270141602 0.00455093383789063 0.17303466796875 -0.0350189208984375
0.0240535736083984 -0.00510215759277344 0.0886993408203125 -0.150894165039063
0.0275745391845703 -0.00894546508789063 -0.104255676269531 0.12078857421875
0.0274143218994141 0.00228118896484375 -0.159774780273438 -0.03802490234375
0.00476455688476562 0.0231361389160156 -0.053466796875 -0.263275146484375
-0.0216789245605469 0.0239353179931641 0.230560302734375 -0.289154052734375
-0.0441017150878906 -0.0139732360839844 0.428466796875 0.08929443359375
-0.0203018188476563 -0.0661849975585938 0.217010498046875 0.4600830078125
0.0444297790527344 -0.0671539306640625 -0.07257080078125 0.308135986328125
0.0698585510253906 -0.0543594360351563 0.0355491638183594 -0.0161285400390625
0.0183563232421875 -0.0610275268554688 -0.012237548828125 -0.372894287109375
-0.02935791015625 -0.0446357727050781 -0.395538330078125 -0.31707763671875
-0.0386466979980469 -0.00324249267578125 -0.4205322265625 0.160552978515625
-0.0128135681152344 0.0222187042236328 -0.05780029296875 0.34149169921875
0.00490188598632813 0.0183334350585938 0.156570434570313 0.189483642578125
0.0218086242675781 0.010406494140625 0.175491333007813 -0.0327911376953125
0.0325145721435547 -0.00358772277832031 0.0917816162109375 -0.15155029296875
0.0322780609130859 -0.00884056091308594 -0.100181579589844 0.124343872070313
0.0348606109619141 0.00650787353515625 -0.161041259765625 -0.0255126953125
0.0125141143798828 0.0281505584716797 -0.07012939453125 -0.24969482421875
-0.0246982574462891 0.0273532867431641 0.2008056640625 -0.300628662109375
-0.0595359802246094 -0.0173530578613281 0.426849365234375 0.047271728515625
-0.0367965698242188 -0.0846099853515625 0.253570556640625 0.43646240234375
0.0480117797851562 -0.0966415405273438 -0.05657958984375 0.3289794921875
0.09039306640625 -0.0829849243164063 0.020660400390625 0.0105171203613281
0.0231781005859375 -0.0887527465820313 0.00747680664062504 -0.3519287109375
-0.0433006286621094 -0.0631866455078125 -0.3662109375 -0.343170166015625
-0.0570831298828125 -0.00901412963867187 -0.437469482421875 0.127777099609375
-0.0188789367675781 0.0256462097167969 -0.08917236328125 0.3443603515625
0.0102767944335937 0.0231876373291016 0.144302368164063 0.209060668945313
0.0304012298583984 0.0170001983642578 0.178466796875 -0.0207672119140625
0.0388870239257813 -0.0017242431640625 0.1002197265625 -0.15069580078125
-0.00470256805419922 -0.0132331848144531 -0.080474853515625 0.132316589355469
-8.48770141601552E-05 -0.0115766525268555 -0.169891357421875 0.000579833984374969
-0.00846338272094727 -0.00372982025146484 -0.140335083007813 -0.207260131835937
0.0092010498046875 0.00541591644287109 0.09759521484375 -0.320465087890625
0.00841045379638672 0.0121450424194336 0.415374755859375 -0.07855224609375
0.00453376770019531 0.012089729309082 0.3782958984375 0.332489013671875
0.0105857849121094 0.0296592712402344 0.027374267578125 0.34375
-0.0117340087890625 0.0415458679199219 0.0130882263183594 0.0504684448242188
0.00345230102539062 0.0393104553222656 0.092315673828125 -0.33154296875
0.0204124450683594 0.0165042877197266 -0.252288818359375 -0.448974609375
0.0176181793212891 -0.00107955932617188 -0.4688720703125 -0.00131225585937505
0.00115442276000977 -0.00460100173950195 -0.19183349609375 0.335845947265625
-0.00939178466796875 -0.00576019287109375 0.0653533935546875 0.263504028320313
-0.00711345672607422 -0.00180864334106445 0.160552978515625 0.01220703125
-0.000563621520996093 -0.00716114044189453 0.111480712890625 -0.140045166015625
-0.00186443328857422 -0.0130329132080078 -0.084716796875 0.129600524902344
-0.000716209411621093 -0.0122213363647461 -0.167678833007813 -0.0110931396484375
-0.00994491577148437 -0.00174331665039063 -0.120834350585937 -0.22509765625
0.00823116302490234 0.00935459136962891 0.1322021484375 -0.31646728515625
0.00975990295410156 0.0150613784790039 0.426971435546875 -0.03521728515625
0.00764656066894531 0.0138454437255859 0.343780517578125 0.369537353515625
0.00981330871582031 0.031982421875 0.00198364257812498 0.332000732421875
-0.0117034912109375 0.043914794921875 0.0234832763671875 0.0274848937988281
0.007568359375 0.0391578674316406 0.06719970703125 -0.3519287109375
0.0243968963623047 0.0136203765869141 -0.29815673828125 -0.420562744140625
0.018341064453125 -0.000598907470703125 -0.460296630859375 0.0480957031250001
-0.00059044361114502 -0.0013498067855835 -0.155303955078125 0.342926025390625
-0.0129413604736328 -0.00413131713867188 0.0886077880859375 0.245086669921875
-0.00855159759521484 -0.00290822982788086 0.163314819335938 -0.0015106201171875
0.00054931640625 -0.00712299346923828 0.104080200195313 -0.142730712890625
0.00295448303222656 -0.0127048492431641 -0.0915451049804687 0.126419067382813
0.00118350982666016 -0.0118398666381836 -0.166213989257813 -0.0240478515625
-0.00906944274902344 0.00124073028564453 -0.0987091064453125 -0.242233276367187
0.00525474548339844 0.0139331817626953 0.169403076171875 -0.31005859375
0.005828857421875 0.0151529312133789 0.43310546875 0.009796142578125
0.00630092620849609 0.009857177734375 0.300445556640625 0.40472412109375
0.0105323791503906 0.0261745452880859 -0.024749755859375 0.3167724609375
-0.005706787109375 0.0380477905273438 0.0343151092529297 0.00219917297363281
0.0124359130859375 0.0315532684326172 0.03515625 -0.36968994140625
0.02301025390625 0.00617027282714844 -0.34130859375 -0.384002685546875
0.0143308639526367 -0.00118637084960938 -0.446044921875 0.096099853515625
-0.00336647033691406 0.00293040275573731 -0.11492919921875 0.34564208984375
-0.0143442153930664 -0.00203323364257813 0.11358642578125 0.224685668945313
-0.00661706924438477 -0.00279378890991211 0.165664672851563 -0.01513671875
0.00506591796875 -0.00687456130981445 0.0981292724609375 -0.145645141601563
0.00896358489990234 -0.0115680694580078 -0.0967559814453125 0.122871398925781
0.00591850280761719 -0.00972843170166015 -0.163650512695313 -0.0348663330078125
-0.00774431228637695 0.00665044784545898 -0.0763092041015625 -0.256179809570313
-0.000173568725585936 0.0174808502197266 0.204376220703125 -0.299530029296875
-0.00269317626953125 0.0118236541748047 0.43511962890625 0.055633544921875
0.00210106372833252 -0.00111651420593262 0.256866455078125 0.434814453125
0.0142936706542969 0.0116062164306641 -0.047576904296875 0.30548095703125
0.00726509094238281 0.0227870941162109 0.0419883728027344 -0.0166282653808594
0.0160179138183594 0.0147943496704102 0.00765991210937498 -0.381256103515625
0.0161628723144531 -0.00463104248046875 -0.377716064453125 -0.34912109375
0.00523853302001953 -0.0012364387512207 -0.430450439453125 0.1376953125
-0.0054931640625 0.00785398483276367 -0.080169677734375 0.344451904296875
-0.0132465362548828 0.00192356109619141 0.1334228515625 0.204757690429688
-0.00267410278320313 -0.00168728828430176 0.167999267578125 -0.026397705078125
0.0103321075439453 -0.00678062438964844 0.0909271240234375 -0.148208618164063
0.0156621932983398 -0.0111980438232422 -0.1011962890625 0.120964050292969
0.0122175216674805 -0.00664138793945313 -0.161666870117188 -0.0407867431640625
-0.00442028045654297 0.0120391845703125 -0.060302734375 -0.26507568359375
-0.00757980346679687 0.0207786560058594 0.226776123046875 -0.29095458984375
-0.0146579742431641 0.00473594665527344 0.434051513671875 0.086151123046875
-0.0035400390625 -0.0202350616455078 0.225830078125 0.45452880859375
0.0230293273925781 -0.0108222961425781 -0.064208984375 0.297088623046875
0.0261116027832031 0.000562667846679688 0.0448532104492188 -0.0282859802246094
0.0175409317016602 -0.00774288177490234 -0.013824462890625 -0.385040283203125
0.00262928009033203 -0.0167942047119141 -0.398284912109375 -0.32098388671875
-0.00734615325927734 -0.00115108489990234 -0.41790771484375 0.16510009765625
-0.00788688659667969 0.0134096145629883 -0.05621337890625 0.342742919921875
-0.00923252105712891 0.00599575042724609 0.150161743164062 0.190109252929687
0.0041968822479248 0.00114965438842773 0.169769287109375 -0.0352935791015625
0.0171318054199219 -0.00614833831787109 0.0871124267578125 -0.150360107421875
0.0223407745361328 -0.0103130340576172 -0.103485107421875 0.120681762695313
0.0195903778076172 -0.00253677368164063 -0.160476684570312 -0.0415496826171875
-0.000343322753906249 0.0179290771484375 -0.052581787109375 -0.266281127929688
-0.0155754089355469 0.0224552154541016 0.235626220703125 -0.2869873046875
-0.0293617248535156 -0.00519561767578125 0.430633544921875 0.098236083984375
-0.0104713439941406 -0.0427284240722656 0.21124267578125 0.46258544921875
0.0348663330078125 -0.0383529663085938 -0.07232666015625 0.29840087890625
0.0474777221679687 -0.0264854431152344 0.0435943603515625 -0.0283393859863281
0.0172252655029297 -0.0338249206542969 -0.024444580078125 -0.382171630859375
-0.0132846832275391 -0.0299091339111328 -0.407440185546875 -0.307830810546875
-0.0221042633056641 -0.00106620788574219 -0.413177490234375 0.17376708984375
-0.00986671447753907 0.0182132720947266 -0.0467529296875 0.340301513671875
-0.00297832489013672 0.0111360549926758 0.158416748046875 0.184310913085937
0.0119504928588867 0.00459861755371094 0.172760009765625 -0.03753662109375
0.0236949920654297 -0.00562667846679688 0.086700439453125 -0.152206420898438
0.0273666381835937 -0.0100326538085938 -0.102645874023437 0.122100830078125
0.0270404815673828 0.00167083740234375 -0.160430908203125 -0.0348968505859375
0.00548744201660156 0.0234413146972656 -0.0570220947265625 -0.261489868164063
-0.0214405059814453 0.0247669219970703 0.225433349609375 -0.2919921875
-0.0445709228515625 -0.0135536193847656 0.429473876953125 0.083221435546875
-0.0210418701171875 -0.0656471252441406 0.223236083984375 0.456573486328125
0.0437583923339844 -0.0678558349609375 -0.069061279296875 0.308349609375
0.0692100524902344 -0.0555191040039063 0.0351333618164063 -0.0163440704345703
0.0177574157714844 -0.0615768432617188 -0.01666259765625 -0.371551513671875
-0.0302658081054688 -0.0443153381347656 -0.398773193359375 -0.312347412109375
-0.0388336181640625 -0.00262832641601563 -0.4185791015625 0.166229248046875
-0.0124893188476563 0.0224666595458984 -0.05291748046875 0.342254638671875
0.00528144836425781 0.018218994140625 0.159210205078125 0.187271118164062
0.0221099853515625 0.00973701477050781 0.174545288085938 -0.0354766845703125
0.0319652557373047 -0.00412750244140625 0.0890655517578125 -0.15228271484375
0.0319080352783203 -0.0103282928466797 -0.0981979370117187 0.125747680664063
0.035430908203125 0.0056304931640625 -0.16119384765625 -0.0224151611328125
0.0131988525390625 0.0278816223144531 -0.073333740234375 -0.248809814453125
-0.0240516662597656 0.0283432006835937 0.196685791015625 -0.30364990234375
-0.0599174499511719 -0.0166091918945312 0.427947998046875 0.042236328125
-0.038238525390625 -0.0834426879882812 0.25927734375 0.432281494140625
0.046234130859375 -0.0976409912109375 -0.052093505859375 0.3289794921875
0.0896453857421875 -0.0836410522460937 0.0209579467773438 0.0104999542236328
0.0220718383789062 -0.0892333984375 0.002471923828125 -0.351654052734375
-0.043487548828125 -0.0618782043457031 -0.3709716796875 -0.337127685546875
-0.0569496154785156 -0.00790786743164062 -0.43560791015625 0.133636474609375
-0.0180931091308594 0.0258083343505859 -0.08453369140625 0.345733642578125
0.0107288360595703 0.0233211517333984 0.14697265625 0.206817626953125
0.0308380126953125 0.0165920257568359 0.177902221679687 -0.0231781005859375
0.0387840270996094 -0.00221633911132813 0.09796142578125 -0.15191650390625
-0.00496196746826172 -0.0137968063354492 -0.0789413452148437 0.132911682128906
-0.000223159790039063 -0.0114288330078125 -0.169891357421875 0.00357055664062496
-0.00788784027099609 -0.00366926193237305 -0.142440795898438 -0.204666137695313
0.00945186614990234 0.00553607940673828 0.0936279296875 -0.32110595703125
0.00855731964111328 0.0123805999755859 0.413543701171875 -0.08489990234375
0.00458717346191406 0.0120143890380859 0.3804931640625 0.32568359375
0.0102329254150391 0.0292015075683594 0.03118896484375 0.34161376953125
-0.0113182067871094 0.041473388671875 0.0139846801757812 0.0504302978515625
0.00385284423828125 0.0389747619628906 0.08685302734375 -0.331451416015625
0.0208168029785156 0.016021728515625 -0.25628662109375 -0.443695068359375
0.0173635482788086 -0.00120639801025391 -0.46649169921875 0.00509643554687499
0.0007781982421875 -0.00489568710327148 -0.1871337890625 0.337921142578125
-0.00971317291259766 -0.00542640686035156 0.06890869140625 0.262283325195313
-0.00678396224975586 -0.0018768310546875 0.160308837890625 0.0097503662109375
-0.00115537643432617 -0.00718975067138672 0.109222412109375 -0.140701293945313
-0.00234413146972656 -0.0137691497802734 -0.0827484130859375 0.130851745605469
-0.000628471374511719 -0.0128183364868164 -0.167755126953125 -0.00834655761718747
-0.00984573364257813 -0.00139427185058594 -0.123641967773437 -0.22259521484375
0.00836277008056641 0.0091400146484375 0.128204345703125 -0.31787109375
0.00994396209716797 0.0146503448486328 0.425537109375 -0.041015625
0.00755214691162109 0.0138034820556641 0.347625732421875 0.36297607421875
0.0100517272949219 0.0315780639648438 0.00555419921875 0.330047607421875
-0.0114021301269531 0.0436859130859375 0.0235824584960938 0.0272121429443359
0.00806808471679687 0.0391426086425781 0.062103271484375 -0.3505859375
0.0244102478027344 0.0141239166259766 -0.30194091796875 -0.41522216796875
0.0183048248291016 -0.000701904296875 -0.458984375 0.0533752441406251
-0.000430107116699219 -0.00161087512969971 -0.1490478515625 0.344512939453125
-0.0132408142089844 -0.00401592254638672 0.091461181640625 0.243270874023437
-0.00825309753417969 -0.00313138961791992 0.16241455078125 -0.0035247802734375
0.000713825225830078 -0.00739192962646484 0.101760864257813 -0.14422607421875
0.00286579132080078 -0.0131034851074219 -0.0895919799804688 0.127189636230469
0.001922607421875 -0.0120315551757813 -0.166259765625 -0.0218505859375
-0.00878286361694336 0.00184106826782227 -0.101669311523437 -0.240310668945313
0.00547218322753906 0.0137691497802734 0.164764404296875 -0.311370849609375
0.00597667694091797 0.0152349472045898 0.432403564453125 0.00482177734375
0.0062408447265625 0.00984477996826172 0.306488037109375 0.397857666015625
0.0103549957275391 0.0261020660400391 -0.020782470703125 0.315582275390625
-0.00517654418945312 0.0373191833496094 0.0341358184814453 0.00255584716796875
0.0131816864013672 0.0310745239257813 0.03094482421875 -0.368408203125
0.0233497619628906 0.00616455078125 -0.345733642578125 -0.377471923828125
0.0142345428466797 -0.0011749267578125 -0.44378662109375 0.10247802734375
-0.0031590461730957 0.00272297859191895 -0.10992431640625 0.347137451171875
-0.0145034790039062 -0.001251220703125 0.115615844726562 0.222076416015625
-0.00641202926635742 -0.00269603729248047 0.164901733398438 -0.0172119140625
0.00452756881713867 -0.00691318511962891 0.0959930419921875 -0.146728515625
0.00859260559082031 -0.0124979019165039 -0.0949935913085938 0.124099731445313
0.00600814819335938 -0.0106172561645508 -0.163345336914063 -0.031646728515625
-0.00679254531860351 0.00682783126831055 -0.079437255859375 -0.254867553710938
0.000263214111328126 0.0178661346435547 0.2001953125 -0.30145263671875
-0.00269603729248047 0.0118265151977539 0.4356689453125 0.050140380859375
0.00177609920501709 -0.00133538246154785 0.262786865234375 0.429534912109375
0.0142917633056641 0.0110626220703125 -0.04400634765625 0.3046875
0.0076904296875 0.0224781036376953 0.0409660339355469 -0.0164070129394531
0.0163812637329102 0.0146570205688477 0.00296020507812498 -0.3792724609375
0.0159425735473633 -0.00440025329589844 -0.3800048828125 -0.342559814453125
0.00518131256103516 -0.000990867614746094 -0.428131103515625 0.142578125
-0.00531291961669922 0.00814104080200195 -0.07659912109375 0.345733642578125
-0.0131263732910156 0.00270748138427735 0.136566162109375 0.203094482421875
-0.00239896774291992 -0.00169205665588379 0.166839599609375 -0.0284576416015625
0.0101261138916016 -0.00719642639160156 0.0889892578125 -0.149368286132813
0.0155267715454102 -0.0116405487060547 -0.100112915039062 0.121696472167969
0.0119333267211914 -0.00704574584960938 -0.161727905273438 -0.0379180908203125
-0.00387668609619141 0.0123777389526367 -0.0631866455078125 -0.262954711914063
-0.00690078735351563 0.0209159851074219 0.222442626953125 -0.293548583984375
-0.0148630142211914 0.00445842742919922 0.43487548828125 0.079986572265625
-0.00378608703613281 -0.0197715759277344 0.231903076171875 0.449188232421875
0.0223960876464844 -0.0113182067871094 -0.06024169921875 0.297119140625
0.0257396697998047 -3.62396240234375E-05 0.0442123413085938 -0.028076171875
0.0172595977783203 -0.00788402557373047 -0.018218994140625 -0.382415771484375
0.00281333923339844 -0.016728401184082 -0.401611328125 -0.31451416015625
-0.00731992721557617 -0.00144529342651367 -0.41461181640625 0.170013427734375
-0.0074615478515625 0.0134944915771484 -0.051666259765625 0.343017578125
-0.00895118713378906 0.00673961639404297 0.151901245117188 0.188400268554688
0.00429940223693848 0.000966787338256836 0.168182373046875 -0.03759765625
0.0172519683837891 -0.00680160522460938 0.085205078125 -0.150680541992188
0.0215263366699219 -0.0110588073730469 -0.101158142089844 0.121871948242187
0.0193443298339844 -0.00279617309570313 -0.160369873046875 -0.0384521484375
2.86102294921858E-05 0.0177497863769531 -0.055694580078125 -0.265487670898438
-0.0146369934082031 0.0230674743652344 0.230682373046875 -0.28924560546875
-0.0292625427246094 -0.00475883483886718 0.42974853515625 0.09307861328125
-0.0107612609863281 -0.0425643920898438 0.217041015625 0.45806884765625
0.033447265625 -0.0389747619628906 -0.068450927734375 0.2977294921875
0.0466079711914063 -0.0273780822753906 0.0424156188964844 -0.028533935546875
0.0169315338134766 -0.0342273712158203 -0.026702880859375 -0.37982177734375
-0.0134830474853516 -0.0293216705322266 -0.409942626953125 -0.30218505859375
-0.0225086212158203 -0.00104713439941406 -0.410736083984375 0.179901123046875
-0.009490966796875 0.0180244445800781 -0.04278564453125 0.341217041015625
-0.00235939025878906 0.0115461349487305 0.160537719726563 0.18157958984375
0.0118932723999023 0.00394058227539063 0.171539306640625 -0.039825439453125
0.0236492156982422 -0.00575065612792969 0.0844268798828125 -0.152542114257813
0.0265960693359375 -0.0109233856201172 -0.100090026855469 0.123214721679687
0.0270748138427734 0.000825881958007812 -0.160430908203125 -0.03192138671875
0.00574493408203125 0.0230445861816406 -0.0606842041015625 -0.261077880859375
-0.0207405090332031 0.0250606536865234 0.222015380859375 -0.294342041015625
-0.0447654724121094 -0.0126228332519531 0.4293212890625 0.0762939453125
-0.021728515625 -0.0651817321777344 0.227081298828125 0.45184326171875
0.042694091796875 -0.0680313110351563 -0.065185546875 0.307891845703125
0.0679588317871094 -0.0565109252929688 0.0346813201904297 -0.0159835815429688
0.016876220703125 -0.0615386962890625 -0.0213623046875 -0.3695068359375
-0.03057861328125 -0.0435409545898438 -0.40234375 -0.30535888671875
-0.0388412475585937 -0.00203704833984375 -0.41522216796875 0.171661376953125
-0.0123462677001953 0.0223503112792969 -0.048492431640625 0.341827392578125
0.00568008422851563 0.0181865692138672 0.161376953125 0.184600830078125
0.0225639343261719 0.0093231201171875 0.173095703125 -0.0373992919921875
0.0321006774902344 -0.00464630126953125 0.0870361328125 -0.153717041015625
0.0316352844238281 -0.0106182098388672 -0.0962371826171875 0.127311706542969
0.0349845886230469 0.0046844482421875 -0.160919189453125 -0.019317626953125
0.0136375427246094 0.0280990600585938 -0.077178955078125 -0.246566772460938
-0.0237579345703125 0.0282020568847656 0.19219970703125 -0.305328369140625
-0.0600700378417969 -0.0157699584960937 0.426239013671875 0.0357666015625
-0.0390777587890625 -0.08258056640625 0.26458740234375 0.42724609375
0.04437255859375 -0.0978775024414063 -0.048431396484375 0.3282470703125
0.0879287719726562 -0.08502197265625 0.0210227966308594 0.0109844207763672
0.0207672119140625 -0.089111328125 -0.00164794921874996 -0.3494873046875
-0.0442581176757812 -0.0610923767089844 -0.372833251953125 -0.331390380859375
-0.0568923950195313 -0.00743484497070312 -0.432891845703125 0.138092041015625
-0.0175075531005859 0.02587890625 -0.07940673828125 0.346038818359375
0.0109481811523437 0.0232830047607422 0.149276733398438 0.204208374023438
0.0308723449707031 0.0161113739013672 0.176605224609375 -0.025848388671875
0.0385246276855469 -0.0030364990234375 0.09539794921875 -0.152542114257813
-0.00504207611083984 -0.0142450332641602 -0.0769271850585938 0.133216857910156
-0.000181198120117187 -0.0115289688110352 -0.169265747070313 0.00617980957031253
-0.00779199600219727 -0.00323057174682617 -0.144393920898438 -0.202133178710938
0.00986003875732422 0.005523681640625 0.090118408203125 -0.320953369140625
0.00896644592285156 0.0122499465942383 0.41082763671875 -0.089385986328125
0.00496768951416016 0.0119104385375977 0.384307861328125 0.31903076171875
0.0103569030761719 0.0288047790527344 0.0343017578125 0.339996337890625
-0.0109138488769531 0.0408134460449219 0.0141944885253906 0.0504112243652344
0.0042572021484375 0.0388641357421875 0.0833740234375 -0.330169677734375
0.021148681640625 0.0162010192871094 -0.261688232421875 -0.4384765625
0.0172357559204102 -0.00138664245605469 -0.465362548828125 0.0108642578125
0.000846385955810547 -0.00458669662475586 -0.181396484375 0.339599609375
-0.00975418090820313 -0.00499057769775391 0.0718841552734375 0.260848999023438
-0.00707197189331055 -0.00140047073364258 0.159759521484375 0.0076751708984375
-0.0013575553894043 -0.00699615478515625 0.107025146484375 -0.1419677734375
-0.00256633758544922 -0.0136947631835938 -0.0807113647460937 0.131217956542969
-0.000205039978027344 -0.0129909515380859 -0.167587280273438 -0.00579833984375003
-0.00991916656494141 -0.00141716003417969 -0.126678466796875 -0.2200927734375
0.00869464874267578 0.00959300994873047 0.1240234375 -0.318115234375
0.00996685028076172 0.0150156021118164 0.42303466796875 -0.046722412109375
0.00796127319335938 0.0140590667724609 0.35015869140625 0.35687255859375
0.00958251953125 0.0312080383300781 0.00894165039062503 0.328887939453125
-0.0110931396484375 0.0437965393066406 0.0238571166992188 0.0272884368896484
0.008544921875 0.0387001037597656 0.057281494140625 -0.34912109375
0.0247898101806641 0.0137786865234375 -0.30419921875 -0.4090576171875
0.0180034637451172 -0.000860214233398438 -0.45654296875 0.0584716796874999
-0.000527620315551758 -0.00117921829223633 -0.14501953125 0.345977783203125
-0.0133066177368164 -0.00364494323730469 0.0944671630859375 0.241989135742188
-0.0081486701965332 -0.00260496139526367 0.161727905273438 -0.0055084228515625
0.000638008117675781 -0.00731801986694336 0.0995941162109375 -0.144180297851563
0.00232601165771484 -0.0135183334350586 -0.0876998901367188 0.128128051757813
0.00142002105712891 -0.0124711990356445 -0.165618896484375 -0.0185699462890625
-0.00887584686279297 0.00185966491699219 -0.10443115234375 -0.237899780273438
0.00603199005126953 0.0139217376708984 0.16058349609375 -0.31256103515625
0.00604915618896484 0.0148000717163086 0.43023681640625 -0.001739501953125
0.00627708435058594 0.00919437408447266 0.309234619140625 0.3924560546875
0.00979232788085937 0.0253238677978516 -0.017547607421875 0.314239501953125
-0.00489425659179688 0.0372810363769531 0.0334053039550781 0.00266265869140625
0.0129547119140625 0.0309944152832031 0.0264892578125 -0.366790771484375
0.0234470367431641 0.00597000122070312 -0.347869873046875 -0.37188720703125
0.0138397216796875 -0.00136566162109375 -0.43988037109375 0.108001708984375
-0.00327610969543457 0.00347661972045898 -0.10504150390625 0.347320556640625
-0.0145149230957031 -0.000909805297851561 0.118072509765625 0.220672607421875
-0.00648832321166992 -0.00281333923339844 0.164169311523438 -0.0190887451171875
0.00446033477783203 -0.00743198394775391 0.0936737060546875 -0.1470947265625
0.00831508636474609 -0.0129423141479492 -0.0929183959960938 0.124900817871094
0.00592041015625 -0.0106029510498047 -0.163742065429688 -0.0292205810546875
-0.00684261322021484 0.00700807571411133 -0.0823822021484375 -0.252761840820313
0.000755310058593749 0.0181465148925781 0.1956787109375 -0.302703857421875
-0.00248527526855469 0.0117082595825195 0.433441162109375 0.044647216796875
0.00216710567474365 -0.0015556812286377 0.266448974609375 0.425384521484375
0.0142087936401367 0.0105381011962891 -0.041107177734375 0.30377197265625
0.00783729553222656 0.0220413208007813 0.0405426025390625 -0.0166168212890625
0.0162220001220703 0.0149250030517578 -0.000335693359375005 -0.3773193359375
0.0159225463867188 -0.00466823577880859 -0.38189697265625 -0.338043212890625
0.00476264953613281 -0.00173139572143555 -0.424713134765625 0.1466064453125
-0.00567865371704101 0.00799465179443359 -0.071380615234375 0.34588623046875
-0.0128364562988281 0.00276947021484375 0.138336181640625 0.2008056640625
-0.00292325019836426 -0.00206875801086426 0.165542602539062 -0.0308685302734375
0.00972747802734375 -0.00727462768554688 0.087677001953125 -0.14935302734375
0.0147113800048828 -0.0124635696411133 -0.0974960327148438 0.123054504394531
0.0119485855102539 -0.00767421722412109 -0.162124633789063 -0.0352935791015625
-0.00389194488525391 0.0123691558837891 -0.066802978515625 -0.261337280273437
-0.00640678405761719 0.0211048126220703 0.2176513671875 -0.294830322265625
-0.0145235061645508 0.00470542907714844 0.43212890625 0.073333740234375
-0.00407791137695312 -0.0198078155517578 0.235504150390625 0.444549560546875
0.0220069885253906 -0.011993408203125 -0.05743408203125 0.296478271484375
0.0253372192382813 -0.000715255737304688 0.0437469482421875 -0.027679443359375
0.0170564651489258 -0.00813198089599609 -0.021942138671875 -0.380126953125
0.00307369232177734 -0.0163230895996094 -0.40380859375 -0.30804443359375
-0.00753688812255859 -0.000622272491455078 -0.410797119140625 0.174285888671875
-0.0073699951171875 0.0136213302612305 -0.047271728515625 0.343017578125
-0.00858974456787109 0.00700521469116211 0.154083251953125 0.185958862304688
0.00423622131347656 0.00100541114807129 0.166961669921875 -0.0395050048828125
0.016942024230957 -0.00690937042236328 0.08282470703125 -0.151473999023438
0.0211868286132813 -0.0115947723388672 -0.0992050170898437 0.122962951660156
0.0194873809814453 -0.00397682189941406 -0.160354614257812 -0.0356903076171875
0.000524520874023439 0.0179462432861328 -0.0588836669921875 -0.262710571289063
-0.0137844085693359 0.0233440399169922 0.2265625 -0.291717529296875
-0.0290565490722656 -0.00473594665527344 0.42962646484375 0.0858154296875
-0.0112457275390625 -0.0418510437011719 0.221435546875 0.45263671875
0.0328903198242188 -0.0391502380371094 -0.065216064453125 0.29742431640625
0.0462532043457031 -0.0278434753417969 0.0417709350585938 -0.0280075073242188
0.0165519714355469 -0.0343818664550781 -0.0318603515625 -0.378143310546875
-0.0134525299072266 -0.0286731719970703 -0.411224365234375 -0.295684814453125
-0.0224113464355469 -0.000713348388671875 -0.405731201171875 0.18402099609375
-0.00916290283203125 0.0181961059570313 -0.038177490234375 0.340972900390625
-0.0023193359375 0.0114212036132813 0.161880493164063 0.179183959960938
0.0119819641113281 0.00372219085693359 0.169570922851562 -0.04217529296875
0.0231208801269531 -0.00638771057128906 0.0825042724609375 -0.15362548828125
0.0263996124267578 -0.0115718841552734 -0.098388671875 0.124664306640625
0.0266456604003906 0.00026702880859375 -0.15997314453125 -0.028839111328125
0.00609779357910156 0.0230197906494141 -0.063262939453125 -0.2584228515625
-0.0201053619384766 0.0248432159423828 0.216766357421875 -0.29608154296875
-0.0446891784667969 -0.0121116638183594 0.4276123046875 0.071685791015625
-0.0224990844726563 -0.0646553039550781 0.231842041015625 0.445465087890625
0.0411567687988281 -0.0686264038085937 -0.061981201171875 0.307342529296875
0.0669708251953125 -0.05682373046875 0.0344142913818359 -0.0151920318603516
0.0163040161132813 -0.0617866516113281 -0.025543212890625 -0.366119384765625
-0.0306434631347656 -0.0428123474121094 -0.403045654296875 -0.2994384765625
-0.0390052795410156 -0.00152587890624999 -0.412078857421875 0.17529296875
-0.0122470855712891 0.0227108001708984 -0.04327392578125 0.342132568359375
0.00593948364257813 0.0184898376464844 0.16290283203125 0.182388305664063
0.0224037170410156 0.00947952270507813 0.171600341796875 -0.03973388671875
0.0314922332763672 -0.00514030456542969 0.0849609375 -0.154205322265625
0.0310535430908203 -0.0113124847412109 -0.0939483642578125 0.1279296875
0.0349006652832031 0.00374794006347656 -0.160415649414063 -0.0165863037109375
0.0141105651855469 0.0274391174316406 -0.0794830322265625 -0.244140625
-0.0229663848876953 0.0284194946289063 0.18768310546875 -0.3070068359375
-0.0602569580078125 -0.0153465270996094 0.42437744140625 0.030242919921875
-0.0393905639648438 -0.0818634033203125 0.267608642578125 0.422607421875
0.0427398681640625 -0.0977401733398438 -0.04443359375 0.32696533203125
0.08642578125 -0.0858078002929688 0.0207233428955078 0.0112705230712891
0.0200881958007813 -0.0890960693359375 -0.00531005859375003 -0.34765625
-0.0443229675292969 -0.0602989196777344 -0.3768310546875 -0.32568359375
-0.0570793151855469 -0.00660705566406251 -0.43023681640625 0.1434326171875
-0.0173110961914063 0.0261383056640625 -0.074249267578125 0.347076416015625
0.0110626220703125 0.0225315093994141 0.1510009765625 0.202102661132813
0.0310764312744141 0.0154705047607422 0.175918579101563 -0.028045654296875
0.0383567810058594 -0.00373077392578125 0.093353271484375 -0.153213500976562
-0.00524139404296875 -0.0144586563110352 -0.0751724243164063 0.133506774902344
-0.000153541564941406 -0.0124225616455078 -0.168502807617187 0.00846862792968747
-0.00774574279785156 -0.00310039520263672 -0.1461181640625 -0.198974609375
0.00997066497802734 0.00505352020263672 0.08575439453125 -0.320526123046875
0.00862312316894531 0.0119829177856445 0.4073486328125 -0.09344482421875
0.00493621826171875 0.0117578506469727 0.38458251953125 0.312835693359375
0.010345458984375 0.0279865264892578 0.037078857421875 0.337005615234375
-0.010284423828125 0.0405998229980469 0.0144271850585937 0.0504913330078125
0.00508499145507813 0.0387840270996094 0.07958984375 -0.328460693359375
0.0211219787597656 0.0160255432128906 -0.26348876953125 -0.432708740234375
0.0168943405151367 -0.00139141082763672 -0.46246337890625 0.01666259765625
0.000910282135009765 -0.00485324859619141 -0.1773681640625 0.339813232421875
-0.00926876068115234 -0.00449466705322265 0.07452392578125 0.258895874023438
-0.00684309005737305 -0.00123739242553711 0.158737182617188 0.005950927734375
-0.0012507438659668 -0.0070500373840332 0.104995727539063 -0.142333984375
-0.00300979614257813 -0.0143337249755859 -0.0792617797851562 0.131309509277344
-0.000652313232421874 -0.0131645202636719 -0.166702270507812 -0.00334167480468753
-0.00961494445800781 -0.000618934631347655 -0.127639770507813 -0.217361450195313
0.00898456573486328 0.00919914245605469 0.1197509765625 -0.318817138671875
0.0102462768554688 0.0146703720092773 0.42022705078125 -0.05047607421875
0.00782585144042969 0.0136556625366211 0.351593017578125 0.351409912109375
0.0100879669189453 0.0303916931152344 0.011505126953125 0.3260498046875
-0.0103607177734375 0.0432281494140625 0.0236415863037109 0.0273342132568359
0.00852584838867187 0.0385627746582031 0.05389404296875 -0.34716796875
0.0251846313476563 0.0133552551269531 -0.306976318359375 -0.403472900390625
0.0181083679199219 -0.00134658813476562 -0.453460693359375 0.06390380859375
-0.000715732574462891 -0.00163710117340088 -0.139678955078125 0.34552001953125
-0.0129661560058594 -0.00319004058837891 0.09661865234375 0.239715576171875
-0.0080265998840332 -0.00323486328125 0.160720825195313 -0.0076904296875
0.000812530517578126 -0.00702285766601563 0.0978546142578125 -0.14501953125
0.0019683837890625 -0.0140247344970703 -0.0860748291015625 0.128074645996094
0.00167179107666016 -0.0124692916870117 -0.1656494140625 -0.0156097412109375
-0.00879859924316406 0.0023651123046875 -0.106842041015625 -0.234786987304688
0.00625801086425781 0.0140228271484375 0.156494140625 -0.312896728515625
0.00575733184814453 0.0149612426757813 0.4278564453125 -0.00701904296875
0.00620651245117187 0.00939083099365234 0.31182861328125 0.385833740234375
0.0101776123046875 0.0245857238769531 -0.014801025390625 0.312225341796875
-0.00436019897460938 0.037261962890625 0.03314208984375 0.00283432006835938
0.0132389068603516 0.0305023193359375 0.022186279296875 -0.36328125
0.0237045288085937 0.00593185424804687 -0.350189208984375 -0.366302490234375
0.0138139724731445 -0.00144100189208984 -0.43719482421875 0.1121826171875
-0.00313282012939453 0.00313425064086914 -0.100372314453125 0.3472900390625
-0.0145511627197266 -0.000625610351562501 0.120437622070312 0.21868896484375
-0.00665903091430664 -0.0024714469909668 0.16278076171875 -0.0213165283203125
0.00454902648925781 -0.0074319839477539 0.0918426513671875 -0.147506713867188
0.00785350799560547 -0.013514518737793 -0.0909957885742188 0.12518310546875
0.00568580627441406 -0.0109043121337891 -0.163330078125 -0.02642822265625
-0.00594377517700195 0.00759458541870117 -0.0850067138671875 -0.250411987304688
0.000905990600585939 0.0180912017822266 0.191558837890625 -0.303924560546875
-0.00224971771240234 0.0115499496459961 0.43145751953125 0.03936767578125
0.00199234485626221 -0.00137078762054443 0.2701416015625 0.41949462890625
0.0135812759399414 0.00994491577148438 -0.037322998046875 0.301605224609375
0.0081024169921875 0.0215606689453125 0.0399017333984375 -0.0161247253417969
0.0166587829589844 0.0141420364379883 -0.00494384765625001 -0.37432861328125
0.0161046981811523 -0.00445556640625 -0.3836669921875 -0.3321533203125
0.00468063354492188 -0.00140190124511719 -0.420623779296875 0.151123046875
-0.00567626953125 0.0082707405090332 -0.067352294921875 0.34490966796875
-0.0129880905151367 0.00345993041992188 0.13983154296875 0.198333740234375
-0.00247669219970703 -0.00168418884277344 0.164138793945312 -0.0327301025390625
0.00980758666992188 -0.00753211975097656 0.0845489501953125 -0.149856567382813
0.0145788192749023 -0.0133552551269531 -0.0957717895507812 0.123291015625
0.0118684768676758 -0.00795078277587891 -0.161163330078125 -0.032470703125
-0.00336456298828125 0.0125322341918945 -0.06890869140625 -0.259048461914063
-0.00591468811035157 0.0213699340820313 0.2138671875 -0.296234130859375
-0.0145769119262695 0.00514793395996094 0.43115234375 0.0679931640625
-0.00399208068847656 -0.0197639465332031 0.2393798828125 0.438446044921875
0.0217037200927734 -0.0122966766357422 -0.05413818359375 0.29437255859375
0.0255050659179687 -0.00121116638183594 0.0427436828613281 -0.0274581909179687
0.0167913436889648 -0.008453369140625 -0.026336669921875 -0.376708984375
0.00290393829345703 -0.0162992477416992 -0.406341552734375 -0.302978515625
-0.00705480575561523 -0.0010986328125 -0.40655517578125 0.17822265625
-0.00724887847900391 0.0138511657714844 -0.042816162109375 0.342254638671875
-0.00867891311645508 0.00753927230834961 0.1552734375 0.18341064453125
0.00415754318237305 0.00103878974914551 0.165573120117188 -0.0413055419921875
0.0165319442749023 -0.00723075866699219 0.0809326171875 -0.151702880859375
0.0206050872802734 -0.0128688812255859 -0.0972442626953125 0.123451232910156
0.0195446014404297 -0.00450897216796875 -0.159576416015625 -0.03302001953125
0.000606536865234374 0.0177116394042969 -0.0612335205078125 -0.260528564453125
-0.0135669708251953 0.0231800079345703 0.221771240234375 -0.2919921875
-0.0293807983398438 -0.00424766540527343 0.426971435546875 0.080780029296875
-0.0113258361816406 -0.0415534973144531 0.22442626953125 0.446319580078125
0.0319023132324219 -0.039215087890625 -0.0618896484375 0.295562744140625
0.0457992553710938 -0.0281829833984375 0.0410919189453125 -0.027618408203125
0.0161705017089844 -0.0346698760986328 -0.03521728515625 -0.374786376953125
-0.0137596130371094 -0.0282726287841797 -0.412200927734375 -0.289398193359375
-0.0223503112792969 3.24249267578131E-05 -0.40203857421875 0.18792724609375
-0.00924301147460938 0.0185012817382813 -0.033538818359375 0.339599609375
-0.00261783599853516 0.0115194320678711 0.163162231445313 0.17626953125
0.011897087097168 0.00408363342285156 0.168212890625 -0.0439910888671875
0.0230655670166016 -0.00681877136230469 0.0800323486328125 -0.153457641601563
0.0255775451660156 -0.0121383666992187 -0.096343994140625 0.125572204589844
0.0267372131347656 -0.0004425048828125 -0.159164428710938 -0.02587890625
0.006561279296875 0.0228271484375 -0.0659637451171875 -0.255813598632813
-0.0196323394775391 0.0251560211181641 0.212615966796875 -0.29669189453125
-0.0446510314941406 -0.0114860534667969 0.42578125 0.066131591796875
-0.0233535766601563 -0.0638961791992188 0.234588623046875 0.440826416015625
0.0400886535644531 -0.0689926147460938 -0.05865478515625 0.306182861328125
0.0660438537597656 -0.0574951171875 0.0340747833251953 -0.0150585174560547
0.0155448913574219 -0.0615615844726562 -0.02960205078125 -0.364593505859375
-0.0306129455566406 -0.0420570373535156 -0.405059814453125 -0.2928466796875
-0.0391082763671875 -0.000774383544921868 -0.4071044921875 0.179656982421875
-0.0120716094970703 0.0223808288574219 -0.039306640625 0.341094970703125
0.00612449645996094 0.0185337066650391 0.163955688476562 0.179428100585938
0.0225582122802734 0.00883674621582031 0.170059204101563 -0.041778564453125
0.0311126708984375 -0.00588226318359375 0.0824127197265625 -0.1541748046875
0.0302181243896484 -0.0122852325439453 -0.0916519165039062 0.128303527832031
0.0347976684570313 0.00272560119628906 -0.159088134765625 -0.01373291015625
0.0144367218017578 0.0269565582275391 -0.081695556640625 -0.242141723632813
-0.0226535797119141 0.0284976959228516 0.18408203125 -0.307098388671875
-0.0596389770507813 -0.0140800476074219 0.421905517578125 0.025848388671875
-0.040618896484375 -0.081268310546875 0.271514892578125 0.4161376953125
0.0411300659179688 -0.0977630615234375 -0.04119873046875 0.32574462890625
0.0848159790039063 -0.086273193359375 0.0208282470703125 0.0118026733398437
0.0189056396484375 -0.0886459350585938 -0.00869750976562503 -0.344207763671875
-0.0445098876953125 -0.0594100952148438 -0.377532958984375 -0.320098876953125
-0.0574188232421875 -0.00559997558593751 -0.425933837890625 0.14776611328125
-0.0172481536865234 0.0261421203613281 -0.069671630859375 0.34521484375
0.0111179351806641 0.0227260589599609 0.152694702148438 0.19903564453125
0.0310020446777344 0.0151996612548828 0.173309326171875 -0.0300750732421875
0.037750244140625 -0.00388717651367188 0.09027099609375 -0.153518676757813
-0.00588703155517578 -0.0149898529052734 -0.0731887817382813 0.133750915527344
-4.00543212890627E-05 -0.0124521255493164 -0.167312622070313 0.0107879638671875
-0.00754594802856445 -0.002777099609375 -0.147262573242187 -0.196533203125
0.00986576080322266 0.00526332855224609 0.0821533203125 -0.319793701171875
0.00876712799072266 0.0116329193115234 0.403289794921875 -0.09759521484375
0.00499916076660156 0.0120201110839844 0.385711669921875 0.3055419921875
0.0103855133056641 0.0277938842773438 0.039459228515625 0.334381103515625
-0.00973129272460938 0.0404891967773438 0.0145187377929687 0.0503883361816406
0.00530242919921875 0.0382843017578125 0.07635498046875 -0.325836181640625
0.0217456817626953 0.0156974792480469 -0.265960693359375 -0.42669677734375
0.0166139602661133 -0.00170707702636719 -0.46075439453125 0.0207214355468751
0.000349044799804687 -0.00470399856567383 -0.17279052734375 0.339508056640625
-0.00947284698486328 -0.00437450408935547 0.076995849609375 0.257247924804688
-0.00687837600708008 -0.00120830535888672 0.15716552734375 0.0044708251953125
-0.00137996673583984 -0.00699949264526367 0.102691650390625 -0.142715454101563
-0.00302600860595703 -0.0144739151000977 -0.077789306640625 0.131004333496094
-0.000967979431152343 -0.0133705139160156 -0.165908813476563 -0.000946044921875003
-0.00879287719726563 -0.00100231170654297 -0.129287719726562 -0.214492797851563
0.00928783416748047 0.00919723510742188 0.1162109375 -0.316925048828125
0.009918212890625 0.0143270492553711 0.417236328125 -0.054046630859375
0.00809669494628906 0.0136070251464844 0.35296630859375 0.343780517578125
0.00950241088867187 0.0306854248046875 0.01483154296875 0.32373046875
-0.0102577209472656 0.0429115295410156 0.023712158203125 0.0275039672851563
0.00933456420898438 0.0376663208007813 0.050689697265625 -0.3441162109375
0.0250816345214844 0.0131282806396484 -0.310302734375 -0.398284912109375
0.0176258087158203 -0.00116729736328125 -0.449371337890625 0.0688171386718751
-0.000440120697021484 -0.00134217739105225 -0.13580322265625 0.345123291015625
-0.0129766464233398 -0.0030670166015625 0.098602294921875 0.237808227539063
-0.00804901123046875 -0.00265121459960938 0.159194946289063 -0.0089874267578125
0.000504493713378906 -0.00702810287475586 0.095123291015625 -0.145309448242188
0.00172996520996094 -0.0144176483154297 -0.084503173828125 0.128677368164063
0.001434326171875 -0.0128622055053711 -0.164810180664063 -0.01397705078125
-0.00845527648925781 0.00262212753295898 -0.108642578125 -0.232162475585937
0.00653362274169922 0.0136947631835938 0.152862548828125 -0.31280517578125
0.00674724578857422 0.0143823623657227 0.424957275390625 -0.01123046875
0.00646018981933594 0.00929164886474609 0.313262939453125 0.3807373046875
0.00989723205566406 0.02435302734375 -0.012664794921875 0.31011962890625
-0.00441741943359375 0.0369033813476563 0.0330715179443359 0.00255012512207031
0.0136508941650391 0.0301685333251953 0.01959228515625 -0.36029052734375
0.0237522125244141 0.00561714172363281 -0.35107421875 -0.359832763671875
0.0137605667114258 -0.00156784057617187 -0.432647705078125 0.116058349609375
-0.00321149826049805 0.00301027297973633 -0.096527099609375 0.34619140625
-0.0143156051635742 -0.000261306762695315 0.121871948242187 0.216461181640625
-0.00656938552856445 -0.00249385833740234 0.16143798828125 -0.022552490234375
0.00474071502685547 -0.00782966613769531 0.0896148681640625 -0.148025512695313
0.00777626037597656 -0.0140867233276367 -0.089019775390625 0.125473022460938
0.00576686859130859 -0.0112552642822266 -0.162033081054688 -0.0239105224609375
-0.00606012344360351 0.00700998306274414 -0.0876007080078125 -0.247894287109375
0.00135040283203125 0.0178852081298828 0.186981201171875 -0.303924560546875
-0.00221538543701172 0.0114364624023438 0.42919921875 0.033966064453125
0.00206410884857178 -0.00117731094360352 0.27154541015625 0.412261962890625
0.0132913589477539 0.00965213775634765 -0.035125732421875 0.29937744140625
0.00781440734863281 0.0213260650634766 0.0393714904785156 -0.0157585144042969
0.0163707733154297 0.0135946273803711 -0.00869750976562501 -0.37200927734375
0.0158300399780273 -0.00462055206298828 -0.384765625 -0.324615478515625
0.0044560432434082 -0.00164127349853516 -0.41656494140625 0.15411376953125
-0.00549936294555664 0.0083770751953125 -0.0626220703125 0.343902587890625
-0.0128335952758789 0.00408077239990234 0.141357421875 0.196090698242188
-0.00233721733093262 -0.00152301788330078 0.162918090820312 -0.034393310546875
0.00965785980224609 -0.00777339935302734 0.0830535888671875 -0.14935302734375
0.0137996673583984 -0.0136690139770508 -0.0936660766601562 0.123863220214844
0.0118503570556641 -0.00831890106201172 -0.160614013671875 -0.0296783447265625
-0.00265312194824219 0.0127449035644531 -0.0706939697265625 -0.256362915039063
-0.00548934936523437 0.0212936401367188 0.209197998046875 -0.296234130859375
-0.0144739151000977 0.00479030609130859 0.427703857421875 0.06396484375
-0.00409126281738281 -0.0192661285400391 0.240875244140625 0.432647705078125
0.0210628509521484 -0.0124301910400391 -0.05157470703125 0.292236328125
0.0245780944824219 -0.00139808654785156 0.0421218872070312 -0.027191162109375
0.017059326171875 -0.00847434997558594 -0.029815673828125 -0.37347412109375
0.00293540954589844 -0.0161991119384766 -0.406402587890625 -0.295684814453125
-0.00781011581420899 -0.000571727752685548 -0.40264892578125 0.181549072265625
-0.00709724426269531 0.0129995346069336 -0.038818359375 0.340301513671875
-0.00846529006958008 0.00750207901000977 0.155899047851563 0.180908203125
0.00434613227844238 0.00084376335144043 0.16387939453125 -0.0429229736328125
0.0162544250488281 -0.00713062286376953 0.0789794921875 -0.151443481445313
0.0202960968017578 -0.0129756927490234 -0.0948944091796875 0.123855590820312
0.0193309783935547 -0.0042877197265625 -0.158889770507813 -0.030426025390625
0.00110816955566406 0.0178413391113281 -0.0639495849609375 -0.258621215820313
-0.0131130218505859 0.0230293273925781 0.218017578125 -0.29290771484375
-0.0292720794677734 -0.00380516052246094 0.426025390625 0.0760498046875
-0.0118217468261719 -0.0409202575683594 0.228515625 0.442596435546875
0.0307960510253906 -0.0394554138183594 -0.0592041015625 0.293975830078125
0.0447273254394531 -0.0286178588867188 0.0406341552734375 -0.0270004272460938
0.015899658203125 -0.0342445373535156 -0.03887939453125 -0.3697509765625
-0.0136528015136719 -0.02801513671875 -0.41241455078125 -0.284515380859375
-0.0220947265625 0.000516891479492187 -0.39776611328125 0.190582275390625
-0.00893211364746093 0.0183601379394531 -0.029937744140625 0.338470458984375
-0.00232887268066406 0.0118579864501953 0.16387939453125 0.174484252929688
0.012211799621582 0.00349235534667969 0.16607666015625 -0.045196533203125
0.0225009918212891 -0.00715446472167969 0.0780487060546875 -0.153579711914063
0.0250453948974609 -0.0124702453613281 -0.0940322875976563 0.125564575195313
0.0268230438232422 -0.001190185546875 -0.158370971679688 -0.0238494873046875
0.00723457336425782 0.0227794647216797 -0.0680389404296875 -0.253585815429688
-0.0187473297119141 0.0254592895507813 0.2086181640625 -0.298004150390625
-0.0445671081542969 -0.0114517211914063 0.42303466796875 0.061004638671875
-0.0233306884765625 -0.0628814697265625 0.238189697265625 0.43505859375
0.0389595031738281 -0.0690116882324219 -0.055816650390625 0.304656982421875
0.0648117065429688 -0.0578041076660156 0.0334396362304688 -0.0147953033447266
0.0147666931152344 -0.0614166259765625 -0.032257080078125 -0.36029052734375
-0.0305595397949219 -0.0413551330566406 -0.4046630859375 -0.2874755859375
-0.039215087890625 -0.00040817260742188 -0.404296875 0.181671142578125
-0.0118579864501953 0.0226249694824219 -0.03546142578125 0.339691162109375
0.00665283203125 0.0182113647460937 0.16510009765625 0.17645263671875
0.0223960876464844 0.00848388671875 0.168914794921875 -0.0425872802734375
0.0307388305664062 -0.00650405883789063 0.0804290771484375 -0.15411376953125
0.0293254852294922 -0.0124683380126953 -0.090118408203125 0.128860473632813
0.0345649719238281 0.00174522399902344 -0.158538818359375 -0.01104736328125
0.0147762298583984 0.0265750885009766 -0.0842437744140625 -0.23974609375
-0.0213241577148437 0.0283393859863281 0.17889404296875 -0.307342529296875
-0.0599403381347656 -0.0137672424316406 0.4183349609375 0.0211181640625
-0.0411834716796875 -0.0802993774414063 0.27337646484375 0.41168212890625
0.0399017333984375 -0.0976333618164063 -0.037872314453125 0.323883056640625
0.0836257934570313 -0.086639404296875 0.0210094451904297 0.011871337890625
0.0186004638671875 -0.088134765625 -0.011566162109375 -0.34136962890625
-0.0442619323730469 -0.0583419799804688 -0.377471923828125 -0.3131103515625
-0.0570640563964844 -0.00488281250000001 -0.42169189453125 0.15106201171875
-0.0169830322265625 0.0263233184814453 -0.066009521484375 0.3441162109375
0.0118923187255859 0.0228404998779297 0.15338134765625 0.1959228515625
0.031463623046875 0.014678955078125 0.172409057617188 -0.0319061279296875
0.0372581481933594 -0.00440597534179688 0.088165283203125 -0.153366088867188
-0.00587940216064453 -0.0150175094604492 -0.071868896484375 0.133171081542969
-0.000318527221679687 -0.0127382278442383 -0.166259765625 0.012542724609375
-0.00710582733154297 -0.00293684005737305 -0.148101806640625 -0.1934814453125
0.0107059478759766 0.00515174865722656 0.07904052734375 -0.3184814453125
0.00855255126953125 0.0116205215454102 0.399505615234375 -0.1002197265625
0.00499439239501953 0.0120573043823242 0.38519287109375 0.300506591796875
0.00988197326660156 0.0271396636962891 0.040924072265625 0.331268310546875
-0.00975418090820313 0.0403900146484375 0.0146942138671875 0.0502815246582031
0.00579071044921875 0.0373916625976563 0.073394775390625 -0.32354736328125
0.0216407775878906 0.0159549713134766 -0.266693115234375 -0.4210205078125
0.0165300369262695 -0.00167083740234375 -0.4559326171875 0.0250854492187499
0.000258922576904297 -0.00490236282348633 -0.167633056640625 0.339630126953125
-0.00942039489746094 -0.00428485870361328 0.0785675048828125 0.255172729492188
-0.00659608840942383 -0.00119733810424805 0.15631103515625 0.0031890869140625
-0.00142765045166016 -0.00681638717651367 0.101181030273437 -0.142837524414063
-0.00343227386474609 -0.0148038864135742 -0.0757980346679688 0.131057739257813
-0.000579833984374999 -0.0133991241455078 -0.1650390625 0.000991821289062489
-0.00838518142700195 -0.000582695007324218 -0.130294799804688 -0.21240234375
0.00961208343505859 0.00898551940917969 0.113189697265625 -0.316558837890625
0.0100555419921875 0.0138721466064453 0.4136962890625 -0.05804443359375
0.00759696960449219 0.0132274627685547 0.353118896484375 0.338897705078125
0.00948524475097656 0.0297794342041016 0.01611328125 0.32122802734375
-0.00994110107421875 0.0427017211914063 0.0235309600830078 0.0275096893310547
0.00943374633789063 0.0377044677734375 0.047943115234375 -0.341949462890625
0.0256977081298828 0.0129718780517578 -0.310028076171875 -0.392852783203125
0.0175952911376953 -0.00159645080566406 -0.4449462890625 0.071624755859375
-0.000453829765319824 -0.00189626216888428 -0.1318359375 0.3450927734375
-0.012669563293457 -0.00220870971679687 0.0997314453125 0.235687255859375
-0.0078425407409668 -0.00224447250366211 0.1575927734375 -0.0102386474609375
0.000228404998779297 -0.00720119476318359 0.09368896484375 -0.14501953125
0.00132942199707031 -0.0147476196289063 -0.0822677612304688 0.127891540527344
0.00147151947021484 -0.0129022598266602 -0.164077758789063 -0.0114898681640625
-0.00777387619018555 0.00259780883789062 -0.109756469726563 -0.2296142578125
0.00687408447265625 0.0137252807617188 0.148773193359375 -0.311553955078125
0.00611591339111328 0.0145263671875 0.4224853515625 -0.015228271484375
0.00615978240966797 0.00947666168212891 0.312957763671875 0.3746337890625
0.0094451904296875 0.0241222381591797 -0.00991821289062502 0.307342529296875
-0.00380325317382812 0.0364913940429687 0.0324974060058594 0.003448486328125
0.0137405395507813 0.0297775268554687 0.016937255859375 -0.35784912109375
0.0235652923583984 0.00574874877929687 -0.3521728515625 -0.353851318359375
0.0133514404296875 -0.00140285491943359 -0.429656982421875 0.119110107421875
-0.00292873382568359 0.00275325775146484 -0.092559814453125 0.3455810546875
-0.0141420364379883 0.000584602355957029 0.123046875 0.214569091796875
-0.00635433197021484 -0.00218296051025391 0.159622192382813 -0.0238189697265625
0.00421857833862305 -0.00771141052246094 0.0879669189453125 -0.147293090820313
0.00671768188476563 -0.0146045684814453 -0.08758544921875 0.125099182128906
0.00575351715087891 -0.0115785598754883 -0.161483764648438 -0.021881103515625
-0.00578927993774414 0.00744962692260742 -0.0881195068359375 -0.244766235351563
0.00174713134765625 0.0179538726806641 0.18316650390625 -0.30322265625
-0.00225162506103516 0.0115156173706055 0.426971435546875 0.0302734375
0.00178790092468262 -0.00119411945343018 0.273834228515625 0.407440185546875
0.0132827758789063 0.00965595245361328 -0.032562255859375 0.29779052734375
0.00786781311035156 0.0210971832275391 0.0388145446777344 -0.0152053833007813
0.0164957046508789 0.0137786865234375 -0.010955810546875 -0.36663818359375
0.0164308547973633 -0.00456333160400391 -0.384765625 -0.320465087890625
0.0043177604675293 -0.00155949592590332 -0.411712646484375 0.157562255859375
-0.00525951385498047 0.00823211669921875 -0.0596923828125 0.342559814453125
-0.0125894546508789 0.00391006469726562 0.141983032226563 0.194000244140625
-0.00252604484558105 -0.00177145004272461 0.160888671875 -0.0354766845703125
0.00969696044921875 -0.00764846801757812 0.0811309814453125 -0.1492919921875
0.0131816864013672 -0.0139780044555664 -0.0923385620117187 0.123802185058594
0.0119743347167969 -0.00841140747070313 -0.15936279296875 -0.0273895263671875
-0.00235176086425781 0.0123128890991211 -0.0727081298828125 -0.253524780273437
-0.00497245788574219 0.021148681640625 0.20452880859375 -0.29632568359375
-0.0143098831176758 0.00476169586181641 0.424652099609375 0.059112548828125
-0.00485420227050781 -0.0188846588134766 0.2425537109375 0.42730712890625
0.0203838348388672 -0.0125827789306641 -0.04937744140625 0.290252685546875
0.0245914459228516 -0.00177574157714844 0.041656494140625 -0.0264320373535156
0.0168600082397461 -0.00865745544433594 -0.0323486328125 -0.369873046875
0.00299453735351563 -0.0162391662597656 -0.404937744140625 -0.290374755859375
-0.00751495361328125 -0.000439167022705079 -0.399017333984375 0.183502197265625
-0.00667572021484375 0.0136213302612305 -0.035247802734375 0.338470458984375
-0.0085444450378418 0.00755977630615234 0.15606689453125 0.178451538085938
0.00422883033752441 0.00104093551635742 0.161956787109375 -0.043701171875
0.0165195465087891 -0.00766849517822266 0.076507568359375 -0.150985717773438
0.0195121765136719 -0.0133247375488281 -0.0936355590820312 0.124053955078125
0.0187721252441406 -0.00538444519042969 -0.15802001953125 -0.027923583984375
0.00170135498046875 0.0176143646240234 -0.065643310546875 -0.255996704101563
-0.0124435424804687 0.0229511260986328 0.213470458984375 -0.29296875
-0.0289535522460938 -0.00410270690917968 0.42169189453125 0.072479248046875
-0.01214599609375 -0.0405044555664062 0.22894287109375 0.435943603515625
0.0300216674804688 -0.0396041870117188 -0.05706787109375 0.291748046875
0.0439071655273438 -0.0290451049804688 0.0399971008300781 -0.0266342163085938
0.015716552734375 -0.0342636108398438 -0.04046630859375 -0.36614990234375
-0.0133075714111328 -0.0276813507080078 -0.410980224609375 -0.27734375
-0.0222644805908203 0.000682830810546874 -0.394256591796875 0.193389892578125
-0.00868606567382813 0.0182723999023438 -0.026519775390625 0.33685302734375
-0.00201606750488281 0.01171875 0.1644287109375 0.171783447265625
0.0123672485351562 0.00335502624511719 0.164703369140625 -0.046234130859375
0.0223388671875 -0.00661468505859375 0.0761566162109375 -0.15313720703125
0.0246219635009766 -0.0131034851074219 -0.092254638671875 0.125373840332031
0.0266819000244141 -0.00172805786132812 -0.157363891601563 -0.021636962890625
0.00718498229980469 0.0223369598388672 -0.069854736328125 -0.250762939453125
-0.0184307098388672 0.0253086090087891 0.204132080078125 -0.29736328125
-0.0448112487792969 -0.0111732482910156 0.42059326171875 0.0579833984375
-0.0235824584960937 -0.0623741149902344 0.2388916015625 0.42987060546875
0.0377311706542969 -0.0685272216796875 -0.053802490234375 0.3023681640625
0.0633583068847656 -0.0578956604003906 0.0330715179443359 -0.0139865875244141
0.0146102905273438 -0.0609626770019531 -0.034515380859375 -0.35577392578125
-0.0303840637207031 -0.0408668518066406 -0.403076171875 -0.28216552734375
-0.0388336181640625 1.90734863281273E-05 -0.39898681640625 0.18487548828125
-0.0118255615234375 0.0225925445556641 -0.032012939453125 0.3382568359375
0.00620079040527344 0.0187530517578125 0.16552734375 0.17425537109375
0.0225925445556641 0.00803184509277344 0.166915893554688 -0.043975830078125
0.0305156707763672 -0.00635337829589844 0.0782928466796875 -0.153839111328125
0.0288467407226563 -0.0129508972167969 -0.087738037109375 0.128730773925781
0.0342636108398437 0.00141716003417969 -0.1573486328125 -0.0088653564453125
0.0151157379150391 0.0259761810302734 -0.0851898193359375 -0.2369384765625
-0.0211925506591797 0.0285987854003906 0.175079345703125 -0.30743408203125
-0.0600051879882813 -0.013397216796875 0.4161376953125 0.017242431640625
-0.04095458984375 -0.0792922973632813 0.273712158203125 0.404510498046875
0.0385513305664063 -0.0969085693359375 -0.036529541015625 0.321380615234375
0.0819244384765625 -0.086395263671875 0.0206050872802734 0.0119953155517578
0.0174484252929688 -0.0878067016601563 -0.01409912109375 -0.337677001953125
-0.0443572998046875 -0.0574836730957031 -0.377105712890625 -0.307769775390625
-0.0565261840820313 -0.00410079956054687 -0.4183349609375 0.15313720703125
-0.0167293548583984 0.0261058807373047 -0.062286376953125 0.3428955078125
0.0121479034423828 0.0224208831787109 0.155197143554688 0.193557739257812
0.0313625335693359 0.0140590667724609 0.170120239257813 -0.033172607421875
0.0369911193847656 -0.00502777099609375 0.0861663818359375 -0.152923583984375
-0.00626373291015625 -0.0151023864746094 -0.0703887939453125 0.132400512695312
-0.00010967254638672 -0.0128068923950195 -0.165206909179688 0.0145111083984375
-0.00719404220581055 -0.00226640701293945 -0.148452758789063 -0.190811157226563
0.0106086730957031 0.00500774383544922 0.0767822265625 -0.31707763671875
0.00885677337646485 0.0111246109008789 0.3958740234375 -0.10223388671875
0.00534915924072266 0.0118160247802734 0.385040283203125 0.29541015625
0.00955009460449219 0.0267200469970703 0.042236328125 0.327728271484375
-0.00947189331054688 0.0396804809570313 0.0150299072265625 0.0495643615722656
0.00611495971679687 0.03717041015625 0.070953369140625 -0.320465087890625
0.0224018096923828 0.0156459808349609 -0.267791748046875 -0.415740966796875
0.0163393020629883 -0.00144100189208984 -0.452972412109375 0.0271606445312499
0.000409126281738282 -0.00460052490234375 -0.164398193359375 0.3382568359375
-0.00924968719482422 -0.00366783142089844 0.0802459716796875 0.252899169921875
-0.00642490386962891 -0.00140810012817383 0.154998779296875 0.001983642578125
-0.00139951705932617 -0.00734615325927734 0.0989990234375 -0.142364501953125
-0.0035400390625 -0.0150394439697266 -0.0745391845703125 0.130744934082031
-0.000493049621582031 -0.01361083984375 -0.163955688476562 0.00265502929687502
-0.00860404968261719 -0.000411987304687501 -0.131500244140625 -0.209625244140625
0.010035514831543 0.00908756256103516 0.109710693359375 -0.31536865234375
0.0104732513427734 0.0136079788208008 0.409576416015625 -0.06048583984375
0.00748920440673828 0.0133218765258789 0.353118896484375 0.33258056640625
0.00905609130859375 0.0291976928710937 0.017578125 0.31842041015625
-0.00958633422851562 0.0422782897949219 0.0234546661376953 0.0273971557617188
0.00984573364257813 0.0372352600097656 0.04571533203125 -0.3382568359375
0.0253448486328125 0.0127944946289063 -0.31011962890625 -0.388031005859375
0.0173807144165039 -0.00132560729980469 -0.441650390625 0.0743713378906249
-0.000848889350891114 -0.00151371955871582 -0.12835693359375 0.3436279296875
-0.0129270553588867 -0.00177574157714844 0.101028442382813 0.233840942382813
-0.00785970687866211 -0.00222110748291015 0.156967163085938 -0.0113372802734375
0.000286579132080079 -0.00707674026489258 0.091796875 -0.144607543945313
0.00123786926269531 -0.0149002075195313 -0.081085205078125 0.127655029296875
0.00115108489990234 -0.0131387710571289 -0.162506103515625 -0.00942993164062499
-0.00778722763061524 0.00257110595703125 -0.11077880859375 -0.227279663085937
0.00735855102539062 0.0134296417236328 0.145477294921875 -0.310455322265625
0.00613117218017578 0.0144214630126953 0.417694091796875 -0.018707275390625
0.00634574890136719 0.00927352905273437 0.31396484375 0.3687744140625
0.00926780700683594 0.0235424041748047 -0.00851440429687503 0.30462646484375
-0.00416946411132812 0.0361595153808594 0.0324172973632813 0.00354957580566406
0.0137958526611328 0.0291728973388672 0.01531982421875 -0.3536376953125
0.0240345001220703 0.00539207458496094 -0.3502197265625 -0.349639892578125
0.0133018493652344 -0.00165271759033203 -0.42578125 0.120758056640625
-0.00325107574462891 0.00296425819396973 -0.089263916015625 0.34442138671875
-0.0142126083374023 0.000278472900390624 0.123550415039062 0.211883544921875
-0.0062403678894043 -0.00259876251220703 0.158187866210938 -0.0245513916015625
0.00407266616821289 -0.00746440887451172 0.0861663818359375 -0.1470947265625
0.0065317153930664 -0.0146045684814453 -0.0859298706054688 0.124992370605469
0.00539588928222656 -0.0118732452392578 -0.160385131835938 -0.0200042724609375
-0.00542116165161133 0.00721597671508789 -0.0900115966796875 -0.242721557617188
0.00235557556152344 0.0178356170654297 0.1796875 -0.30206298828125
-0.00229644775390625 0.0110330581665039 0.422821044921875 0.027496337890625
0.00227642059326172 -0.00111126899719238 0.274017333984375 0.40130615234375
0.0126361846923828 0.00916194915771484 -0.03143310546875 0.29486083984375
0.00776481628417969 0.0206012725830078 0.0384712219238281 -0.0151596069335937
0.0166616439819336 0.0130767822265625 -0.0123291015625 -0.363372802734375
0.0164041519165039 -0.00465965270996094 -0.383209228515625 -0.3145751953125
0.00396108627319336 -0.00156974792480469 -0.40704345703125 0.15850830078125
-0.0053400993347168 0.00792932510375977 -0.0572509765625 0.3406982421875
-0.0122365951538086 0.00421142578125 0.142364501953125 0.191909790039063
-0.00248479843139648 -0.00119996070861816 0.159469604492188 -0.0366058349609375
0.009613037109375 -0.00753593444824219 0.0793304443359375 -0.149215698242188
0.0126819610595703 -0.0141143798828125 -0.0904159545898438 0.123649597167969
0.0114078521728516 -0.00860023498535156 -0.158294677734375 -0.02569580078125
-0.00207614898681641 0.0124673843383789 -0.074005126953125 -0.251068115234375
-0.00461959838867188 0.0211105346679688 0.201873779296875 -0.295806884765625
-0.0144481658935547 0.00475692749023438 0.422027587890625 0.05694580078125
-0.00458145141601563 -0.0183582305908203 0.243377685546875 0.42205810546875
0.019744873046875 -0.0127658843994141 -0.04736328125 0.288055419921875
0.0242156982421875 -0.00182914733886719 0.0411109924316406 -0.0257797241210938
0.0173511505126953 -0.00848770141601563 -0.0330810546875 -0.3651123046875
0.00320816040039063 -0.0159759521484375 -0.40399169921875 -0.28497314453125
-0.00761795043945313 -0.000296592712402344 -0.393951416015625 0.185455322265625
-0.00708389282226562 0.0134353637695313 -0.03314208984375 0.33697509765625
-0.00826168060302735 0.00786447525024414 0.156845092773438 0.17608642578125
0.00448226928710938 0.00100469589233398 0.160614013671875 -0.0446624755859375
0.0160369873046875 -0.00762176513671875 0.0753631591796875 -0.150436401367188
0.0189056396484375 -0.0137557983398438 -0.0917739868164062 0.123924255371094
0.0183181762695312 -0.00558853149414062 -0.156951904296875 -0.0254974365234375
0.00170516967773438 0.0173931121826172 -0.0671539306640625 -0.253585815429687
-0.0120201110839844 0.0229225158691406 0.210662841796875 -0.292266845703125
-0.0291748046875 -0.00403213500976563 0.41949462890625 0.068359375
-0.0118675231933594 -0.0402030944824219 0.23077392578125 0.431427001953125
0.0294723510742188 -0.0391464233398438 -0.055389404296875 0.290435791015625
0.0433807373046875 -0.0289039611816406 0.0392036437988281 -0.02606201171875
0.0151157379150391 -0.0338973999023438 -0.0433349609375 -0.36334228515625
-0.0134773254394531 -0.0273551940917969 -0.4100341796875 -0.273956298828125
-0.022430419921875 0.000587463378906248 -0.388946533203125 0.195556640625
-0.00864028930664063 0.0187721252441406 -0.0238037109375 0.335205078125
-0.00161933898925781 0.0123443603515625 0.16455078125 0.169036865234375
0.012272834777832 0.00376796722412109 0.162841796875 -0.046600341796875
0.0220527648925781 -0.00710296630859375 0.07415771484375 -0.152633666992188
0.0237255096435547 -0.0135269165039062 -0.0906219482421875 0.125724792480469
0.0259914398193359 -0.00234413146972656 -0.15643310546875 -0.0196380615234375
0.00754356384277344 0.0222568511962891 -0.0714263916015625 -0.248443603515625
-0.0179920196533203 0.0251979827880859 0.200531005859375 -0.297576904296875
-0.0445976257324219 -0.011077880859375 0.4166259765625 0.05377197265625
-0.0236625671386719 -0.061248779296875 0.2398681640625 0.424224853515625
0.0368690490722656 -0.0680694580078125 -0.051116943359375 0.30010986328125
0.0625991821289063 -0.0579566955566406 0.0330753326416016 -0.0134334564208984
0.0140838623046875 -0.0605087280273437 -0.035430908203125 -0.353302001953125
-0.0299224853515625 -0.0402450561523438 -0.40325927734375 -0.27752685546875
-0.0386428833007813 0.00043106079101563 -0.395233154296875 0.18609619140625
-0.0112075805664062 0.0226421356201172 -0.02935791015625 0.3360595703125
0.00662994384765625 0.0183143615722656 0.16510009765625 0.172134399414063
0.0221633911132813 0.00812911987304688 0.164703369140625 -0.0445404052734375
0.0302467346191406 -0.00665473937988281 0.076812744140625 -0.152984619140625
0.0282859802246094 -0.0132865905761719 -0.086273193359375 0.128646850585938
0.0334606170654297 0.000734329223632812 -0.155746459960938 -0.00703430175781253
0.0152721405029297 0.0260467529296875 -0.086334228515625 -0.234375
-0.0203609466552734 0.028472900390625 0.171844482421875 -0.306854248046875
-0.0597991943359375 -0.0127754211425781 0.41253662109375 0.014190673828125
-0.0407638549804688 -0.0781631469726563 0.27496337890625 0.400726318359375
0.0376968383789062 -0.0960617065429688 -0.033966064453125 0.31866455078125
0.0808181762695313 -0.0863189697265625 0.0207042694091797 0.0129814147949219
0.01715087890625 -0.0872879028320313 -0.01580810546875 -0.3348388671875
-0.0443305969238281 -0.0568046569824219 -0.3768310546875 -0.30413818359375
-0.0562858581542969 -0.0036468505859375 -0.412933349609375 0.156005859375
-0.0161037445068359 0.0263481140136719 -0.059478759765625 0.341064453125
0.0119762420654297 0.0220432281494141 0.154861450195313 0.191024780273438
0.0311470031738281 0.0137386322021484 0.168914794921875 -0.03387451171875
0.03662109375 -0.00550079345703125 0.084747314453125 -0.152923583984375
-0.00685310363769531 -0.0154695510864258 -0.069305419921875 0.131607055664063
-0.000325202941894533 -0.013157844543457 -0.164077758789063 0.0156402587890625
-0.00671100616455078 -0.00194311141967773 -0.148681640625 -0.188888549804688
0.0104284286499023 0.00479221343994141 0.074005126953125 -0.315338134765625
0.00868606567382813 0.0112142562866211 0.393310546875 -0.10333251953125
0.00518512725830078 0.0115976333618164 0.3826904296875 0.290771484375
0.00922966003417969 0.0265426635742187 0.042877197265625 0.324615478515625
-0.00919723510742188 0.0395889282226562 0.0148200988769531 0.0496978759765625
0.00609970092773438 0.0367050170898437 0.068603515625 -0.318115234375
0.0219650268554687 0.0155372619628906 -0.268157958984375 -0.4127197265625
0.0161237716674805 -0.0016326904296875 -0.44921875 0.0290527343749999
0.000545501708984375 -0.00524997711181641 -0.1614990234375 0.33740234375
-0.00922775268554687 -0.00379276275634765 0.080902099609375 0.251495361328125
-0.00650215148925781 -0.000894069671630858 0.15362548828125 0.0017852783203125
-0.00167226791381836 -0.00671863555908203 0.0972442626953125 -0.142196655273438
-0.00401592254638672 -0.0152349472045898 -0.0730514526367188 0.130165100097656
-0.000480651855468749 -0.0137186050415039 -0.162704467773438 0.00424194335937501
-0.00809097290039063 -0.000485897064208983 -0.131576538085938 -0.206954956054688
0.0101213455200195 0.00897789001464844 0.10736083984375 -0.314239501953125
0.00982284545898438 0.0132455825805664 0.406494140625 -0.062713623046875
0.00796127319335938 0.0133247375488281 0.351043701171875 0.3277587890625
0.00923919677734375 0.0290870666503906 0.01873779296875 0.315185546875
-0.00963973999023438 0.0418052673339844 0.0233783721923828 0.0275936126708984
0.00967788696289063 0.0367469787597656 0.044036865234375 -0.3353271484375
0.0253963470458984 0.0127887725830078 -0.308685302734375 -0.3828125
0.0170497894287109 -0.00141811370849609 -0.43817138671875 0.076507568359375
-0.000761508941650391 -0.00155198574066162 -0.124603271484375 0.34234619140625
-0.0125265121459961 -0.00162887573242187 0.10198974609375 0.2318115234375
-0.00740337371826172 -0.00212240219116211 0.15496826171875 -0.0121612548828125
-2.86102294921882E-05 -0.00727748870849609 0.09039306640625 -0.144500732421875
0.000887870788574218 -0.0151176452636719 -0.079742431640625 0.127464294433594
0.0013580322265625 -0.0133228302001953 -0.16180419921875 -0.00761413574218747
-0.00769138336181641 0.0033574104309082 -0.111724853515625 -0.224761962890625
0.00752067565917969 0.0132646560668945 0.143646240234375 -0.309661865234375
0.00623321533203125 0.0137662887573242 0.415130615234375 -0.01898193359375
0.00659465789794922 0.00947475433349609 0.313690185546875 0.364837646484375
0.00919151306152344 0.0233612060546875 -0.00762939453124998 0.302276611328125
-0.00397109985351563 0.0353126525878906 0.0320167541503906 0.00387191772460938
0.0139274597167969 0.02911376953125 0.013580322265625 -0.35009765625
0.0242195129394531 0.00533294677734375 -0.349517822265625 -0.344024658203125
0.0126934051513672 -0.00171947479248047 -0.421539306640625 0.122711181640625
-0.00345301628112793 0.00308847427368164 -0.086456298828125 0.34246826171875
-0.0140352249145508 0.00100326538085937 0.124099731445313 0.210403442382813
-0.00601673126220703 -0.00215530395507812 0.156646728515625 -0.0254669189453125
0.00393533706665039 -0.00762557983398437 0.084686279296875 -0.146484375
0.00627994537353516 -0.0150461196899414 -0.084320068359375 0.125267028808594
0.00563716888427734 -0.0118608474731445 -0.159347534179687 -0.018524169921875
-0.00541877746582031 0.00738382339477539 -0.0905303955078125 -0.240234375
0.00259304046630859 0.01739501953125 0.177032470703125 -0.30194091796875
-0.0024261474609375 0.0109434127807617 0.4193115234375 0.024322509765625
0.00195705890655518 -0.00112605094909668 0.27410888671875 0.396881103515625
0.011988639831543 0.00917816162109375 -0.030120849609375 0.29278564453125
0.00733757019042969 0.020416259765625 0.0383033752441406 -0.0144920349121094
0.0168075561523437 0.01318359375 -0.01385498046875 -0.36041259765625
0.016265869140625 -0.00428962707519531 -0.38189697265625 -0.309478759765625
0.00430750846862793 -0.00135397911071777 -0.404571533203125 0.159027099609375
-0.00512552261352539 0.00833272933959961 -0.053680419921875 0.33935546875
-0.0123586654663086 0.00424957275390625 0.142684936523438 0.189682006835938
-0.00212323665618897 -0.00104284286499023 0.157455444335937 -0.036834716796875
0.00889778137207031 -0.00792407989501953 0.07763671875 -0.148574829101563
0.0123834609985352 -0.0146331787109375 -0.0888595581054687 0.123771667480469
0.0113611221313477 -0.00902938842773438 -0.157821655273438 -0.024444580078125
-0.00203418731689453 0.0119733810424805 -0.07489013671875 -0.248825073242188
-0.0042724609375 0.0206336975097656 0.1990966796875 -0.295013427734375
-0.0147933959960938 0.004669189453125 0.41912841796875 0.0537109375
-0.00427055358886719 -0.0180473327636719 0.2440185546875 0.417022705078125
0.0194034576416016 -0.0128726959228516 -0.0458984375 0.2855224609375
0.0240230560302734 -0.00173759460449219 0.0407600402832031 -0.0249977111816406
0.0168638229370117 -0.00861263275146484 -0.035064697265625 -0.36175537109375
0.00313949584960937 -0.0155496597290039 -0.40313720703125 -0.282012939453125
-0.00758457183837891 -0.000198841094970702 -0.390655517578125 0.18560791015625
-0.0072021484375 0.0132293701171875 -0.03070068359375 0.335296630859375
-0.00823545455932617 0.00787115097045898 0.156692504882813 0.174667358398438
0.00462675094604492 0.000941276550292969 0.158676147460938 -0.04559326171875
0.0157222747802734 -0.00779628753662109 0.0740509033203125 -0.150344848632813
0.0180339813232422 -0.0142478942871094 -0.0903549194335938 0.123794555664062
0.0184173583984375 -0.00614738464355469 -0.155776977539063 -0.0241241455078125
0.0020294189453125 0.0175933837890625 -0.0673675537109375 -0.251129150390625
-0.0114002227783203 0.0229301452636719 0.207550048828125 -0.29180908203125
-0.0293159484863281 -0.00375938415527344 0.4163818359375 0.06549072265625
-0.0121612548828125 -0.0398597717285156 0.22998046875 0.42633056640625
0.0287322998046875 -0.039031982421875 -0.05364990234375 0.28802490234375
0.0428085327148438 -0.029388427734375 0.0393218994140625 -0.025146484375
0.0149822235107422 -0.0339336395263672 -0.043975830078125 -0.35906982421875
-0.0130653381347656 -0.0268039703369141 -0.4091796875 -0.268890380859375
-0.02215576171875 0.00115966796875 -0.3851318359375 0.19537353515625
-0.008697509765625 0.0180282592773438 -0.02191162109375 0.333251953125
-0.00151634216308594 0.0122861862182617 0.164093017578125 0.167953491210938
0.0121974945068359 0.00350475311279297 0.161117553710938 -0.047271728515625
0.0216655731201172 -0.00729179382324219 0.0733184814453125 -0.152542114257813
0.0233936309814453 -0.0137805938720703 -0.0888290405273438 0.125419616699219
0.0256690979003906 -0.002655029296875 -0.154586791992188 -0.017822265625
0.0078277587890625 0.0216712951660156 -0.0716705322265625 -0.246002197265625
-0.0173702239990234 0.0249538421630859 0.197509765625 -0.295654296875
-0.0443115234375 -0.0102272033691406 0.4141845703125 0.051971435546875
-0.02374267578125 -0.0610504150390625 0.240509033203125 0.419281005859375
0.0361404418945313 -0.0676727294921875 -0.05010986328125 0.297821044921875
0.0618820190429688 -0.0578346252441406 0.0325145721435547 -0.0128231048583984
0.0137405395507813 -0.06048583984375 -0.0367431640625 -0.348968505859375
-0.0299224853515625 -0.0399627685546875 -0.400726318359375 -0.2735595703125
-0.0384407043457031 0.000785827636718754 -0.39178466796875 0.186431884765625
-0.0115127563476563 0.0223617553710938 -0.027191162109375 0.3338623046875
0.00660133361816406 0.0180397033691406 0.16497802734375 0.169769287109375
0.0221595764160156 0.00795173645019531 0.16326904296875 -0.045745849609375
0.0296688079833984 -0.00648689270019531 0.075286865234375 -0.152618408203125
0.0277271270751953 -0.0136890411376953 -0.0844345092773437 0.12835693359375
0.0328559875488281 -4.1961669921875E-05 -0.154022216796875 -0.00506591796874997
0.0152359008789062 0.0250396728515625 -0.0865325927734375 -0.231857299804687
-0.0200996398925781 0.0283241271972656 0.16888427734375 -0.3050537109375
-0.0597038269042969 -0.0127525329589844 0.409515380859375 0.0120849609375
-0.0408477783203125 -0.07720947265625 0.27435302734375 0.395050048828125
0.036590576171875 -0.0960464477539063 -0.03216552734375 0.316650390625
0.079345703125 -0.0858230590820313 0.0206832885742188 0.0128192901611328
0.0164947509765625 -0.0865097045898437 -0.0164794921875 -0.331390380859375
-0.0439224243164062 -0.0563240051269531 -0.374664306640625 -0.2994384765625
-0.05621337890625 -0.00302886962890624 -0.408782958984375 0.156829833984375
-0.0165786743164063 0.0256748199462891 -0.056640625 0.339630126953125
0.0119285583496094 0.0220603942871094 0.15460205078125 0.1890869140625
0.0314235687255859 0.0132961273193359 0.167587280273438 -0.034576416015625
0.0362472534179688 -0.00586700439453125 0.083282470703125 -0.15216064453125
-0.00687694549560547 -0.0155220031738281 -0.0683135986328125 0.131645202636719
-0.000198364257812501 -0.0133037567138672 -0.162704467773437 0.0168304443359375
-0.00630903244018555 -0.00207996368408203 -0.148529052734375 -0.186553955078125
0.0107221603393555 0.00455093383789063 0.072113037109375 -0.31402587890625
0.00855350494384766 0.0113334655761719 0.389984130859375 -0.1048583984375
0.00537014007568359 0.0119180679321289 0.3817138671875 0.286376953125
0.00913429260253906 0.0263595581054688 0.043121337890625 0.3221435546875
-0.00928115844726563 0.0392189025878906 0.0152435302734375 0.0496292114257813
0.00618362426757813 0.0364913940429688 0.068359375 -0.31524658203125
0.0221118927001953 0.0153541564941406 -0.267578125 -0.408905029296875
0.015960693359375 -0.00184726715087891 -0.44647216796875 0.0308837890625
0.000195026397705079 -0.00505304336547852 -0.159149169921875 0.33660888671875
-0.00894069671630859 -0.00306510925292969 0.0819549560546875 0.249649047851562
-0.00602531433105469 -0.00122928619384766 0.152420043945313 0.00048828125
-0.00150060653686523 -0.0068659782409668 0.0959930419921875 -0.141769409179688
-0.00462818145751953 -0.0151424407958984 -0.0724258422851562 0.129341125488281
-0.000860214233398437 -0.0138702392578125 -0.161468505859375 0.00549316406250002
-0.00791740417480469 -4.76837158203117E-05 -0.131271362304688 -0.205245971679688
0.0101337432861328 0.00874042510986328 0.10498046875 -0.31280517578125
0.00988292694091797 0.0137262344360352 0.403350830078125 -0.06427001953125
0.00791168212890625 0.0134639739990234 0.350067138671875 0.32318115234375
0.00873565673828125 0.0291213989257812 0.018829345703125 0.312652587890625
-0.00995254516601562 0.0415000915527344 0.0233955383300781 0.0276374816894531
0.0101737976074219 0.0363540649414063 0.042877197265625 -0.3321533203125
0.0255603790283203 0.0123100280761719 -0.308349609375 -0.379852294921875
0.0167083740234375 -0.00119876861572266 -0.43402099609375 0.0771789550781251
-0.00110518932342529 -0.00178778171539307 -0.122711181640625 0.34100341796875
-0.0125160217285156 -0.001220703125 0.10205078125 0.23077392578125
-0.00749015808105469 -0.00223255157470703 0.15411376953125 -0.01275634765625
0.000111103057861329 -0.00703668594360351 0.0892181396484375 -0.1444091796875
0.000325202941894531 -0.0151653289794922 -0.0787582397460937 0.126640319824219
0.00170612335205078 -0.0133209228515625 -0.16070556640625 -0.00674438476562501
-0.00730180740356445 0.00249052047729492 -0.111343383789063 -0.222793579101563
0.00774383544921875 0.0132112503051758 0.14105224609375 -0.3079833984375
0.0061502456665039 0.0137672424316406 0.412322998046875 -0.020233154296875
0.00656890869140625 0.00945472717285156 0.3115234375 0.361053466796875
0.00862693786621094 0.0232162475585938 -0.00711059570312501 0.29986572265625
-0.0042877197265625 0.0351409912109375 0.0320186614990234 0.00423622131347656
0.0138645172119141 0.0287990570068359 0.012786865234375 -0.347198486328125
0.0242385864257812 0.0053558349609375 -0.34881591796875 -0.341400146484375
0.0128917694091797 -0.00190925598144531 -0.41815185546875 0.123626708984375
-0.00316023826599121 0.00274515151977539 -0.084747314453125 0.341064453125
-0.013575553894043 0.000827789306640622 0.12408447265625 0.209136962890625
-0.00568342208862305 -0.00214004516601563 0.155517578125 -0.026275634765625
0.00381231307983398 -0.00745201110839844 0.0839691162109375 -0.146392822265625
0.00572586059570313 -0.0153255462646484 -0.0836868286132812 0.124992370605469
0.00514602661132813 -0.0122594833374023 -0.15838623046875 -0.0170135498046875
-0.00510501861572266 0.00713348388671875 -0.0907135009765625 -0.2381591796875
0.00259113311767578 0.0170936584472656 0.1739501953125 -0.301300048828125
-0.00253105163574219 0.0111160278320313 0.4168701171875 0.022705078125
0.00192224979400635 -0.00112557411193848 0.272186279296875 0.392852783203125
0.0119562149047852 0.00909709930419922 -0.02972412109375 0.290069580078125
0.00780105590820313 0.0203857421875 0.03778076171875 -0.0138053894042969
0.0163850784301758 0.0126533508300781 -0.01458740234375 -0.356689453125
0.0164833068847656 -0.00478649139404297 -0.380950927734375 -0.306976318359375
0.00390529632568359 -0.00123786926269531 -0.401519775390625 0.160430908203125
-0.00549745559692383 0.0079960823059082 -0.05206298828125 0.338043212890625
-0.0121307373046875 0.00485801696777344 0.1431884765625 0.188201904296875
-0.00197005271911621 -0.00103580951690674 0.156585693359375 -0.0372467041015625
0.00855302810668945 -0.00764369964599609 0.0767974853515625 -0.147918701171875
0.0117034912109375 -0.014862060546875 -0.08807373046875 0.123489379882813
0.0112075805664062 -0.00901699066162109 -0.1561279296875 -0.0227508544921875
-0.00161361694335937 0.0124006271362305 -0.0753021240234375 -0.246261596679688
-0.00399017333984375 0.0205211639404297 0.19659423828125 -0.294219970703125
-0.0146141052246094 0.00487613677978516 0.41619873046875 0.0509033203125
-0.00455093383789062 -0.0179519653320312 0.243316650390625 0.4136962890625
0.0187950134277344 -0.0129299163818359 -0.045654296875 0.283538818359375
0.0236072540283203 -0.0019683837890625 0.0400543212890625 -0.0246086120605469
0.0165119171142578 -0.00887584686279297 -0.0345458984375 -0.358367919921875
0.00333976745605469 -0.0156402587890625 -0.400238037109375 -0.27850341796875
-0.00770902633666992 2.52723693847642E-05 -0.387451171875 0.18658447265625
-0.00701332092285156 0.0132961273193359 -0.02880859375 0.33392333984375
-0.0077204704284668 0.00817632675170898 0.156295776367188 0.172683715820313
0.00477695465087891 0.000859737396240234 0.15728759765625 -0.04571533203125
0.0153684616088867 -0.00791168212890625 0.0729827880859375 -0.149276733398438
0.0177211761474609 -0.0143661499023438 -0.088958740234375 0.123619079589844
0.0177497863769531 -0.00589752197265625 -0.154037475585938 -0.022613525390625
0.00227069854736328 0.0175275802612305 -0.068389892578125 -0.248855590820312
-0.0113849639892578 0.0225925445556641 0.20489501953125 -0.290496826171875
-0.0291881561279297 -0.00336074829101562 0.4141845703125 0.064544677734375
-0.0119094848632813 -0.0393486022949219 0.229888916015625 0.42138671875
0.0281105041503906 -0.0388908386230469 -0.053070068359375 0.285430908203125
0.0422477722167969 -0.02880859375 0.0390472412109375 -0.0247955322265625
0.0150985717773438 -0.0339221954345703 -0.04425048828125 -0.356536865234375
-0.012603759765625 -0.0268611907958984 -0.4063720703125 -0.26519775390625
-0.0222759246826172 0.00130081176757812 -0.381744384765625 0.19537353515625
-0.00833511352539063 0.0182552337646484 -0.020050048828125 0.3319091796875
-0.00169754028320313 0.0122823715209961 0.163848876953125 0.16595458984375
0.0124330520629883 0.00346946716308594 0.159942626953125 -0.0481719970703125
0.0216484069824219 -0.00753211975097656 0.07196044921875 -0.151596069335938
0.0225868225097656 -0.0137825012207031 -0.0879592895507812 0.125198364257813
0.0252857208251953 -0.00328254699707031 -0.153411865234375 -0.0164031982421875
0.00837516784667969 0.021514892578125 -0.0723876953125 -0.243804931640625
-0.0173358917236328 0.0250148773193359 0.1947021484375 -0.295562744140625
-0.0444183349609375 -0.01055908203125 0.4114990234375 0.049468994140625
-0.02362060546875 -0.0603828430175781 0.240020751953125 0.415924072265625
0.0354270935058594 -0.0673103332519531 -0.04888916015625 0.295654296875
0.0611076354980469 -0.0570640563964844 0.03240966796875 -0.0122203826904297
0.01373291015625 -0.0597877502441406 -0.037841796875 -0.346099853515625
-0.0297088623046875 -0.0394859313964844 -0.3992919921875 -0.2703857421875
-0.0385780334472656 0.000919342041015633 -0.38787841796875 0.187591552734375
-0.0111522674560547 0.0222721099853516 -0.025360107421875 0.33251953125
0.00730514526367187 0.0181808471679688 0.164993286132813 0.168472290039063
0.0221042633056641 0.00753974914550781 0.161834716796875 -0.0460357666015625
0.0291900634765625 -0.0067596435546875 0.0739288330078125 -0.1522216796875
0.0271968841552734 -0.0142230987548828 -0.0829925537109375 0.127830505371094
0.0325069427490234 -0.000494003295898438 -0.152816772460938 -0.00381469726562499
0.0150661468505859 0.0250816345214844 -0.0871734619140625 -0.22998046875
-0.0197467803955078 0.0278511047363281 0.166412353515625 -0.303985595703125
-0.0595741271972656 -0.0121803283691406 0.407012939453125 0.009735107421875
-0.0409698486328125 -0.0769500732421875 0.273406982421875 0.389892578125
0.0364761352539063 -0.0950241088867188 -0.031707763671875 0.313232421875
0.0785598754882813 -0.0855484008789063 0.0207347869873047 0.0129470825195312
0.0163345336914062 -0.0858840942382813 -0.0169677734375 -0.32861328125
-0.0438194274902344 -0.0552101135253906 -0.37359619140625 -0.29559326171875
-0.0560722351074219 -0.00265884399414064 -0.40576171875 0.15716552734375
-0.0162849426269531 0.0259284973144531 -0.054595947265625 0.33734130859375
0.0123844146728516 0.0218296051025391 0.1544189453125 0.186676025390625
0.0312385559082031 0.0133018493652344 0.165802001953125 -0.03521728515625
0.0364189147949219 -0.00554656982421875 0.0817108154296875 -0.151779174804688
-0.00724029541015625 -0.0155563354492188 -0.0675506591796875 0.130935668945313
-0.000221252441406251 -0.0133523941040039 -0.161880493164063 0.017486572265625
-0.00641870498657227 -0.00237083435058594 -0.148422241210938 -0.185104370117187
0.0108652114868164 0.00447559356689453 0.07135009765625 -0.312591552734375
0.00855922698974609 0.0110645294189453 0.38763427734375 -0.104736328125
0.00516796112060547 0.0117044448852539 0.378387451171875 0.28448486328125
0.00898933410644531 0.0258064270019531 0.04229736328125 0.319793701171875
-0.009613037109375 0.0389938354492188 0.0149116516113281 0.0497932434082031
0.00648880004882813 0.0363502502441406 0.06689453125 -0.3125
0.0218334197998047 0.015106201171875 -0.2655029296875 -0.405914306640625
0.015477180480957 -0.00146484375 -0.442626953125 0.03131103515625
-1.81198120117193E-05 -0.00500583648681641 -0.157684326171875 0.335296630859375
-0.00877189636230469 -0.00279664993286133 0.0823822021484375 0.248733520507813
-0.00613880157470703 -0.00119304656982422 0.151809692382813 0.00048828125
-0.00150346755981445 -0.00664472579956055 0.095245361328125 -0.141510009765625
-0.00481033325195313 -0.0154533386230469 -0.0718154907226563 0.129302978515625
-0.000351905822753906 -0.0143814086914063 -0.160430908203125 0.00604248046874999
-0.00743436813354492 5.6743621826173E-05 -0.131072998046875 -0.203460693359375
0.010493278503418 0.00838661193847656 0.104522705078125 -0.3111572265625
0.00977802276611328 0.0128688812255859 0.400848388671875 -0.063720703125
0.00791835784912109 0.0132198333740234 0.348236083984375 0.3218994140625
0.00819015502929688 0.0285587310791016 0.01873779296875 0.310089111328125
-0.00970458984375 0.0414047241210938 0.0230674743652344 0.0280113220214844
0.009857177734375 0.0361366271972656 0.0423583984375 -0.3297119140625
0.0256423950195313 0.0119724273681641 -0.306854248046875 -0.376190185546875
0.017207145690918 -0.00128936767578125 -0.431976318359375 0.0780029296874999
-0.00138461589813232 -0.0014646053314209 -0.1217041015625 0.33929443359375
-0.0121965408325195 -0.00112342834472656 0.102203369140625 0.229461669921875
-0.00744915008544922 -0.00234556198120117 0.152801513671875 -0.01300048828125
3.33786010742131E-06 -0.00692033767700195 0.0878448486328125 -0.143218994140625
-0.000470161437988281 -0.0155601501464844 -0.0782623291015625 0.126358032226563
0.00119209289550781 -0.0138320922851563 -0.159500122070313 -0.00569152832031253
-0.00686168670654297 0.00306272506713867 -0.111358642578125 -0.221237182617188
0.00792312622070313 0.0130777359008789 0.1395263671875 -0.307220458984375
0.00546169281005859 0.0136709213256836 0.40911865234375 -0.022064208984375
0.00614356994628906 0.00913333892822266 0.3111572265625 0.35626220703125
0.00864410400390625 0.0228309631347656 -0.00750732421874999 0.2974853515625
-0.00386619567871094 0.0349273681640625 0.0316734313964844 0.00466346740722656
0.0137557983398437 0.0284461975097656 0.01202392578125 -0.344390869140625
0.0245475769042969 0.00504302978515625 -0.34674072265625 -0.339385986328125
0.0125274658203125 -0.00168895721435547 -0.41534423828125 0.123260498046875
-0.00316667556762695 0.00285482406616211 -0.08355712890625 0.339874267578125
-0.0133581161499023 0.00104618072509766 0.1240234375 0.2078857421875
-0.0058903694152832 -0.0019984245300293 0.154525756835937 -0.02593994140625
0.00352287292480469 -0.00753116607666016 0.0824127197265625 -0.14520263671875
0.00526618957519531 -0.0156145095825195 -0.0827255249023437 0.124061584472656
0.00513935089111328 -0.0122108459472656 -0.157180786132813 -0.01617431640625
-0.00485944747924805 0.0072169303894043 -0.091278076171875 -0.2364501953125
0.00312709808349609 0.0171394348144531 0.172882080078125 -0.299835205078125
-0.0025482177734375 0.010807991027832 0.413848876953125 0.02252197265625
0.00174427032470703 -0.00112032890319824 0.270538330078125 0.390350341796875
0.0118188858032227 0.00864315032958984 -0.02911376953125 0.287841796875
0.00754547119140625 0.0202884674072266 0.03765869140625 -0.0132827758789063
0.0169095993041992 0.0127773284912109 -0.014556884765625 -0.353546142578125
0.0163660049438477 -0.00492191314697266 -0.378448486328125 -0.30364990234375
0.00391674041748047 -0.00124764442443848 -0.399688720703125 0.160797119140625
-0.00562238693237305 0.00790071487426758 -0.050994873046875 0.33660888671875
-0.0117530822753906 0.00477218627929688 0.142257690429688 0.187362670898438
-0.00143611431121826 -0.00109410285949707 0.155014038085938 -0.0374298095703125
0.00855207443237305 -0.00769138336181641 0.07635498046875 -0.147247314453125
0.0115070343017578 -0.0150127410888672 -0.0870361328125 0.1229248046875
0.0113286972045898 -0.00920295715332031 -0.154998779296875 -0.021636962890625
-0.00166225433349609 0.0119962692260742 -0.07586669921875 -0.244888305664063
-0.00376510620117188 0.0205516815185547 0.194427490234375 -0.292449951171875
-0.0145406723022461 0.00473690032958984 0.413116455078125 0.05078125
-0.00415992736816406 -0.0183448791503906 0.24267578125 0.410675048828125
0.0186519622802734 -0.0127410888671875 -0.045654296875 0.281646728515625
0.0230903625488281 -0.00219917297363281 0.0399894714355469 -0.023956298828125
0.0164852142333984 -0.00890159606933594 -0.03497314453125 -0.354888916015625
0.00324535369873047 -0.0156784057617188 -0.398468017578125 -0.275726318359375
-0.00772285461425781 3.62396240234367E-05 -0.385009765625 0.1856689453125
-0.00700664520263672 0.0131311416625977 -0.0286865234375 0.33258056640625
-0.00761127471923828 0.00836372375488281 0.156234741210938 0.172164916992188
0.00504159927368164 0.000766277313232422 0.156524658203125 -0.046142578125
0.0150480270385742 -0.00755405426025391 0.0722808837890625 -0.148956298828125
0.0168771743774414 -0.0144138336181641 -0.0875320434570312 0.123054504394531
0.0178413391113281 -0.006591796875 -0.152969360351562 -0.0216217041015625
0.00233936309814453 0.0170202255249023 -0.0680694580078125 -0.247390747070312
-0.0108737945556641 0.022735595703125 0.203643798828125 -0.290069580078125
-0.0293731689453125 -0.00379180908203126 0.411102294921875 0.0618896484375
-0.0121307373046875 -0.0388984680175781 0.229339599609375 0.41912841796875
0.0276908874511719 -0.0388908386230469 -0.052825927734375 0.283843994140625
0.041473388671875 -0.0285797119140625 0.0385780334472656 -0.0241966247558594
0.0150489807128906 -0.0337314605712891 -0.043548583984375 -0.352783203125
-0.0127220153808594 -0.0264568328857422 -0.404510498046875 -0.263458251953125
-0.0224628448486328 0.00102615356445313 -0.37945556640625 0.196258544921875
-0.00889778137207031 0.0182456970214844 -0.01910400390625 0.330291748046875
-0.00125789642333984 0.0125532150268555 0.163467407226563 0.164627075195313
0.0121440887451172 0.00329971313476563 0.158721923828125 -0.0480804443359375
0.0211753845214844 -0.00733566284179688 0.0714569091796875 -0.150680541992188
0.0221405029296875 -0.0143070220947266 -0.0863876342773438 0.125167846679688
0.0249404907226563 -0.00324630737304688 -0.152297973632813 -0.01531982421875
0.00784111022949219 0.021148681640625 -0.0722503662109375 -0.242172241210938
-0.01690673828125 0.0244026184082031 0.193603515625 -0.29351806640625
-0.0443649291992187 -0.0104026794433594 0.408905029296875 0.048797607421875
-0.0231437683105469 -0.0598602294921875 0.23870849609375 0.411865234375
0.0350341796875 -0.066802978515625 -0.04925537109375 0.293701171875
0.0604629516601562 -0.0573921203613281 0.0325546264648438 -0.0120334625244141
0.0135841369628906 -0.0594482421875 -0.037994384765625 -0.342864990234375
-0.0294952392578125 -0.0390625 -0.397186279296875 -0.267852783203125
-0.0381050109863281 0.00121307373046875 -0.38568115234375 0.187042236328125
-0.0109176635742188 0.0224857330322266 -0.024139404296875 0.330902099609375
0.00695991516113281 0.0182304382324219 0.164352416992187 0.167129516601563
0.0227737426757813 0.00771141052246094 0.160934448242188 -0.0465240478515625
0.0295543670654297 -0.00716400146484375 0.073394775390625 -0.151168823242188
0.0267601013183594 -0.0142784118652344 -0.0819778442382812 0.127517700195313
0.0324535369873047 -0.000560760498046875 -0.151779174804687 -0.00352478027343752
0.0152873992919922 0.0246315002441406 -0.086944580078125 -0.228195190429688
-0.0195770263671875 0.0275058746337891 0.164825439453125 -0.302581787109375
-0.0596351623535156 -0.0120964050292969 0.404449462890625 0.00927734375
-0.0409698486328125 -0.0761795043945312 0.272003173828125 0.38824462890625
0.0354385375976563 -0.094573974609375 -0.0316162109375 0.311553955078125
0.0774307250976563 -0.0848922729492187 0.0208358764648438 0.0134983062744141
0.016021728515625 -0.0855865478515625 -0.016998291015625 -0.325469970703125
-0.0429534912109375 -0.05511474609375 -0.371368408203125 -0.2921142578125
-0.0555877685546875 -0.00194931030273438 -0.403045654296875 0.1578369140625
-0.0164146423339844 0.0257759094238281 -0.053375244140625 0.336456298828125
0.0121250152587891 0.0219154357910156 0.154159545898438 0.186508178710938
0.0311126708984375 0.0130901336669922 0.16455078125 -0.0355987548828125
0.0359649658203125 -0.00564193725585938 0.080841064453125 -0.15106201171875
-0.00778484344482422 -0.0158596038818359 -0.0670242309570313 0.13043212890625
-0.000256538391113282 -0.0136175155639648 -0.160980224609375 0.0183868408203125
-0.00596761703491211 -0.00206232070922852 -0.147857666015625 -0.183502197265625
0.0111093521118164 0.00389862060546875 0.070465087890625 -0.311309814453125
0.00805091857910156 0.0108366012573242 0.38507080078125 -0.1046142578125
0.00553226470947266 0.0117979049682617 0.378509521484375 0.281158447265625
0.008697509765625 0.0260639190673828 0.04290771484375 0.31768798828125
-0.009307861328125 0.0388679504394531 0.0153732299804688 0.0496711730957031
0.00609970092773438 0.03631591796875 0.067169189453125 -0.30975341796875
0.0224361419677734 0.0149326324462891 -0.263824462890625 -0.40283203125
0.0155735015869141 -0.00129413604736328 -0.44158935546875 0.0320129394531249
8.63075256347654E-05 -0.00490188598632813 -0.155731201171875 0.334075927734375
-0.00913619995117188 -0.00290966033935547 0.0822296142578125 0.247467041015625
-0.00580120086669922 -0.00100231170654297 0.150497436523438 7.62939453124999E-05
-0.00154447555541992 -0.00693893432617188 0.0948333740234375 -0.140914916992188
-0.00501251220703125 -0.0156726837158203 -0.071014404296875 0.128890991210937
-0.000635147094726563 -0.0141143798828125 -0.159347534179688 0.00711059570312499
-0.00721311569213867 -0.000288009643554688 -0.130935668945313 -0.202224731445312
0.0104923248291016 0.00818538665771484 0.102783203125 -0.310150146484375
0.00917339324951172 0.0128660202026367 0.39849853515625 -0.06463623046875
0.00829124450683594 0.0131626129150391 0.3475341796875 0.317535400390625
0.00791358947753906 0.0284042358398438 0.018524169921875 0.308380126953125
-0.00970458984375 0.0409660339355469 0.0229282379150391 0.0277996063232422
0.0100936889648437 0.0361061096191406 0.04241943359375 -0.326904296875
0.0256767272949219 0.0123043060302734 -0.305633544921875 -0.374237060546875
0.0165491104125977 -0.00134849548339844 -0.429718017578125 0.077667236328125
-0.000869989395141601 -0.00171351432800293 -0.12030029296875 0.338409423828125
-0.0121564865112305 -0.000942230224609372 0.102462768554687 0.228012084960938
-0.00702142715454102 -0.00209379196166992 0.151962280273438 -0.0131683349609375
-0.000193119049072266 -0.0072474479675293 0.0878753662109375 -0.142730712890625
-0.000675201416015625 -0.0155878067016602 -0.077606201171875 0.12548828125
0.0010223388671875 -0.0141496658325195 -0.158538818359375 -0.00474548339843751
-0.00658178329467773 0.00298118591308594 -0.111129760742188 -0.220474243164063
0.00802421569824219 0.012639045715332 0.137908935546875 -0.30621337890625
0.00562381744384766 0.0136871337890625 0.407440185546875 -0.0223388671875
0.00644683837890625 0.00922584533691406 0.309326171875 0.353057861328125
0.00799179077148438 0.0227909088134766 -0.00756835937500001 0.295806884765625
-0.00458908081054687 0.0352325439453125 0.0317955017089844 0.00530242919921875
0.0136585235595703 0.0283260345458984 0.012359619140625 -0.3411865234375
0.0243167877197266 0.00494766235351563 -0.346099853515625 -0.3360595703125
0.0124654769897461 -0.00172233581542969 -0.41448974609375 0.123565673828125
-0.00366449356079102 0.00302433967590332 -0.08221435546875 0.337982177734375
-0.013401985168457 0.00166893005371094 0.124114990234375 0.206954956054688
-0.0059051513671875 -0.00166940689086914 0.153244018554688 -0.0265045166015625
0.00372648239135742 -0.00746393203735352 0.08258056640625 -0.145004272460938
0.00488471984863281 -0.0154581069946289 -0.0821685791015625 0.123619079589844
0.00510787963867188 -0.0126543045043945 -0.156173706054688 -0.014923095703125
-0.00478458404541016 0.00734472274780274 -0.090484619140625 -0.235076904296875
0.00311851501464844 0.0170698165893555 0.17156982421875 -0.29827880859375
-0.00264835357666016 0.0108451843261719 0.411285400390625 0.021942138671875
0.00198864936828613 -0.00121843814849854 0.2703857421875 0.38653564453125
0.0114612579345703 0.00870704650878906 -0.029083251953125 0.28656005859375
0.00686836242675781 0.0201549530029297 0.0374984741210938 -0.0128211975097656
0.0167465209960938 0.0125551223754883 -0.014068603515625 -0.3504638671875
0.0167102813720703 -0.00468921661376953 -0.377532958984375 -0.30133056640625
0.00360584259033203 -0.00124335289001465 -0.3968505859375 0.1605224609375
-0.00506591796875 0.00792026519775391 -0.0501708984375 0.33489990234375
-0.0115823745727539 0.00510787963867188 0.141769409179688 0.186309814453125
-0.00184786319732666 -0.000702619552612305 0.154464721679688 -0.0373992919921875
0.00864028930664063 -0.00759077072143555 0.0753936767578125 -0.146987915039063
0.0108346939086914 -0.0150651931762695 -0.0863494873046875 0.122467041015625
0.0109148025512695 -0.00974369049072266 -0.153900146484375 -0.020660400390625
-0.00139999389648437 0.0118045806884766 -0.0756378173828125 -0.243362426757812
-0.00333976745605469 0.0202140808105469 0.193023681640625 -0.291961669921875
-0.0147209167480469 0.00464439392089844 0.411102294921875 0.049407958984375
-0.004180908203125 -0.0177898406982422 0.240997314453125 0.40643310546875
0.0186042785644531 -0.0126457214355469 -0.0449066162109375 0.280029296875
0.0229568481445313 -0.0021514892578125 0.0397491455078125 -0.0230789184570312
0.0164833068847656 -0.00868701934814453 -0.03509521484375 -0.352447509765625
0.00335693359375 -0.0153408050537109 -0.39801025390625 -0.272308349609375
-0.00800895690917969 -0.000204086303710939 -0.382598876953125 0.186492919921875
-0.00737667083740234 0.0131921768188477 -0.02716064453125 0.330780029296875
-0.00744724273681641 0.00901508331298828 0.155868530273438 0.170928955078125
0.00507259368896484 0.0012359619140625 0.155807495117188 -0.046173095703125
0.0154266357421875 -0.00770473480224609 0.071563720703125 -0.148162841796875
0.0166807174682617 -0.0146751403808594 -0.087005615234375 0.122482299804688
0.0171937942504883 -0.00697135925292969 -0.152252197265625 -0.0207061767578125
0.00257301330566406 0.0167636871337891 -0.0680694580078125 -0.245712280273438
-0.0107460021972656 0.0221805572509766 0.201080322265625 -0.288909912109375
-0.0294704437255859 -0.00342750549316406 0.409637451171875 0.061614990234375
-0.0116119384765625 -0.0388908386230469 0.227813720703125 0.416595458984375
0.0272064208984375 -0.0386695861816406 -0.052276611328125 0.281707763671875
0.0412063598632813 -0.0288925170898438 0.0387039184570313 -0.0235214233398438
0.0147953033447266 -0.0336647033691406 -0.043487548828125 -0.350311279296875
-0.0128555297851562 -0.0262012481689453 -0.40325927734375 -0.2601318359375
-0.0223484039306641 0.00112342834472656 -0.3782958984375 0.1953125
-0.00860786437988281 0.0178756713867188 -0.0186767578125 0.328887939453125
-0.00105667114257812 0.0127077102661133 0.163665771484375 0.163497924804688
0.0122642517089844 0.00339698791503906 0.157974243164063 -0.04827880859375
0.0211448669433594 -0.00729942321777344 0.070465087890625 -0.150100708007813
0.0216045379638672 -0.0144367218017578 -0.0857620239257812 0.124862670898438
0.0246047973632813 -0.00371551513671875 -0.150527954101562 -0.0145721435546875
0.00805282592773438 0.0213279724121094 -0.0720672607421875 -0.24090576171875
-0.01690673828125 0.0240478515625 0.191741943359375 -0.292724609375
-0.0444374084472656 -0.010009765625 0.406768798828125 0.0478515625
-0.0233726501464844 -0.0595664978027344 0.2374267578125 0.409942626953125
0.0346412658691406 -0.0665626525878906 -0.049652099609375 0.29180908203125
0.0598106384277344 -0.0567207336425781 0.0323848724365234 -0.01129150390625
0.0132217407226562 -0.0591316223144531 -0.037322998046875 -0.34075927734375
-0.02911376953125 -0.0386238098144531 -0.396087646484375 -0.265167236328125
-0.0381851196289063 0.00171279907226563 -0.3837890625 0.187286376953125
-0.0110454559326172 0.0221729278564453 -0.02325439453125 0.330078125
0.00730133056640625 0.018463134765625 0.163803100585938 0.166000366210938
0.0226631164550781 0.00761795043945313 0.15966796875 -0.04608154296875
0.0292034149169922 -0.00715446472167969 0.0726165771484375 -0.150741577148438
0.026092529296875 -0.0138607025146484 -0.0810317993164063 0.127273559570313
0.0317745208740234 -0.000982284545898438 -0.150238037109375 -0.00215148925781251
0.0157222747802734 0.0242462158203125 -0.0867156982421875 -0.226730346679687
-0.0192527770996094 0.0276241302490234 0.163116455078125 -0.302276611328125
-0.0593605041503906 -0.0120086669921875 0.401458740234375 0.009674072265625
-0.0401535034179688 -0.0753707885742188 0.27178955078125 0.384857177734375
0.0349273681640625 -0.0941390991210937 -0.03125 0.3099365234375
0.0772171020507813 -0.0844650268554688 0.0208721160888672 0.0138950347900391
0.0161590576171875 -0.0855331420898438 -0.01629638671875 -0.32342529296875
-0.0429725646972656 -0.0546951293945313 -0.36993408203125 -0.29034423828125
-0.0558013916015625 -0.00207901000976564 -0.400604248046875 0.157440185546875
-0.0164680480957031 0.0263462066650391 -0.052032470703125 0.334991455078125
0.0122966766357422 0.0221080780029297 0.154190063476563 0.184844970703125
0.0312137603759766 0.0129547119140625 0.163726806640625 -0.0358428955078125
0.0354270935058594 -0.00626373291015625 0.0800018310546875 -0.150711059570313
-0.00794029235839843 -0.0160655975341797 -0.0665359497070313 0.129913330078125
-0.000507354736328125 -0.0137453079223633 -0.159942626953125 0.0184478759765625
-0.00594949722290039 -0.00201797485351562 -0.147796630859375 -0.182769775390625
0.0112485885620117 0.00412750244140625 0.069000244140625 -0.3095703125
0.00758266448974609 0.0108547210693359 0.3839111328125 -0.104583740234375
0.00524806976318359 0.0115795135498047 0.375732421875 0.279693603515625
0.00830650329589844 0.0257358551025391 0.04229736328125 0.316680908203125
-0.00958251953125 0.0386505126953125 0.0149345397949219 0.0499687194824219
0.00630950927734375 0.0358505249023438 0.066864013671875 -0.307952880859375
0.0225296020507813 0.0147418975830078 -0.26239013671875 -0.400726318359375
0.0153722763061523 -0.0016326904296875 -0.4383544921875 0.0323791503906249
-0.000185966491699219 -0.00517463684082031 -0.1549072265625 0.333984375
-0.00847196578979492 -0.00251007080078125 0.0821380615234375 0.247360229492188
-0.0056767463684082 -0.000775814056396485 0.149749755859375 -6.10351562500001E-05
-0.00167703628540039 -0.00702047348022461 0.0941848754882813 -0.140174865722656
-0.00559329986572266 -0.0158672332763672 -0.0705108642578125 0.128280639648438
-0.000548362731933595 -0.0146379470825195 -0.15887451171875 0.00767517089843751
-0.00719022750854492 6.10351562500001E-05 -0.130569458007813 -0.200836181640625
0.0101070404052734 0.00775909423828125 0.102081298828125 -0.308502197265625
0.00930309295654297 0.012751579284668 0.396453857421875 -0.064697265625
0.00831794738769531 0.013270378112793 0.3447265625 0.315887451171875
0.00778007507324219 0.0282535552978516 0.01763916015625 0.30645751953125
-0.0095672607421875 0.0410079956054688 0.0230579376220703 0.0287132263183594
0.0101127624511719 0.0358200073242188 0.0426025390625 -0.324615478515625
0.0256118774414063 0.0124416351318359 -0.30474853515625 -0.372406005859375
0.0163192749023438 -0.000935554504394531 -0.428558349609375 0.0782775878906249
-0.00100898742675781 -0.00210356712341309 -0.119049072265625 0.33685302734375
-0.0119857788085938 -0.000374794006347658 0.102203369140625 0.227996826171875
-0.00727415084838867 -0.00169086456298828 0.151214599609375 -0.0130767822265625
-8.34465026855467E-05 -0.00702762603759766 0.0872650146484375 -0.14251708984375
-0.000867843627929687 -0.0160427093505859 -0.0770339965820313 0.125160217285156
0.00124359130859375 -0.0142269134521484 -0.157760620117188 -0.00436401367187498
-0.00680112838745117 0.00292491912841797 -0.110931396484375 -0.219223022460938
0.00803947448730469 0.0125646591186523 0.137451171875 -0.305084228515625
0.00567626953125 0.0132741928100586 0.405731201171875 -0.02154541015625
0.00654983520507813 0.00908946990966797 0.306732177734375 0.35076904296875
0.00794601440429687 0.0224094390869141 -0.00775146484375001 0.29412841796875
-0.00441551208496094 0.0346336364746094 0.0315914154052734 0.00557327270507813
0.0139408111572266 0.0280647277832031 0.012420654296875 -0.33917236328125
0.0243892669677734 0.0050201416015625 -0.344268798828125 -0.334075927734375
0.0123815536499023 -0.00111961364746094 -0.411224365234375 0.12286376953125
-0.00343251228332519 0.00282931327819824 -0.082183837890625 0.337371826171875
-0.0128908157348633 0.0022287368774414 0.123764038085938 0.206024169921875
-0.00548458099365234 -0.00164556503295899 0.152435302734375 -0.0263671875
0.00365304946899414 -0.00755214691162109 0.0821075439453125 -0.144744873046875
0.00447654724121093 -0.0156154632568359 -0.0818557739257813 0.123664855957031
0.0050821304321289 -0.0126895904541016 -0.1552734375 -0.01434326171875
-0.00458192825317383 0.00710439682006836 -0.0908050537109375 -0.233810424804688
0.00333976745605469 0.0168991088867188 0.17047119140625 -0.29791259765625
-0.00299835205078125 0.0108728408813477 0.409637451171875 0.020599365234375
0.00251913070678711 -0.0010678768157959 0.269439697265625 0.383758544921875
0.0110740661621094 0.00853443145751953 -0.02984619140625 0.2847900390625
0.00706291198730469 0.0197582244873047 0.0373153686523438 -0.011993408203125
0.016667366027832 0.012232780456543 -0.01434326171875 -0.348358154296875
0.0164356231689453 -0.00486850738525391 -0.374237060546875 -0.300567626953125
0.00373387336730957 -0.0013582706451416 -0.394775390625 0.160736083984375
-0.00551986694335937 0.00788640975952148 -0.049407958984375 0.33502197265625
-0.0112667083740234 0.00538825988769531 0.141372680664063 0.185836791992188
-0.00155770778656006 -0.000925540924072266 0.1534423828125 -0.0374298095703125
0.00854253768920898 -0.0079498291015625 0.074981689453125 -0.146530151367187
0.0103750228881836 -0.0154285430908203 -0.0860366821289063 0.122123718261719
0.0105276107788086 -0.0100870132446289 -0.153335571289063 -0.0198822021484375
-0.00127124786376953 0.0117664337158203 -0.0753631591796875 -0.242279052734375
-0.00334358215332031 0.0196399688720703 0.191650390625 -0.29095458984375
-0.0151844024658203 0.004364013671875 0.409454345703125 0.048797607421875
-0.00410842895507813 -0.0181484222412109 0.23992919921875 0.404266357421875
0.0180568695068359 -0.0124740600585937 -0.0455322265625 0.278244018554688
0.0224494934082031 -0.00195693969726563 0.0395355224609375 -0.0223464965820313
0.0164279937744141 -0.00881481170654297 -0.0340576171875 -0.35040283203125
0.00395488739013672 -0.0151853561401367 -0.39508056640625 -0.271087646484375
-0.00780582427978516 0.000451564788818359 -0.381072998046875 0.185546875
-0.00688266754150391 0.0130071640014648 -0.0269775390625 0.330047607421875
-0.0071868896484375 0.00900554656982422 0.154937744140625 0.170074462890625
0.00515413284301758 0.00126504898071289 0.154632568359375 -0.0462188720703125
0.0151920318603516 -0.007476806640625 0.0714263916015625 -0.147674560546875
0.0160942077636719 -0.0149021148681641 -0.0865631103515625 0.122360229492188
0.0171022415161133 -0.00700950622558594 -0.15118408203125 -0.020233154296875
0.00231075286865234 0.0166110992431641 -0.068145751953125 -0.244461059570312
-0.0105609893798828 0.0221595764160156 0.199981689453125 -0.28814697265625
-0.0297374725341797 -0.00334739685058593 0.406280517578125 0.060638427734375
-0.0116653442382812 -0.0388031005859375 0.226043701171875 0.413299560546875
0.0269889831542969 -0.0380935668945313 -0.0528717041015625 0.28045654296875
0.0407981872558594 -0.0282859802246094 0.0388145446777344 -0.0225868225097656
0.0147342681884766 -0.0331287384033203 -0.04254150390625 -0.347198486328125
-0.0123367309570313 -0.0261211395263672 -0.401885986328125 -0.2589111328125
-0.0219917297363281 0.00173759460449219 -0.375885009765625 0.1951904296875
-0.00858688354492188 0.0180778503417969 -0.017974853515625 0.327789306640625
-0.000870704650878906 0.0128383636474609 0.162612915039063 0.163055419921875
0.0126533508300781 0.00339698791503906 0.1568603515625 -0.0484161376953125
0.0210361480712891 -0.00732231140136719 0.0700225830078125 -0.149887084960938
0.02093505859375 -0.0142440795898438 -0.0848388671875 0.124237060546875
0.0241489410400391 -0.00349617004394531 -0.150314331054688 -0.0137481689453125
0.00823020935058594 0.0211238861083984 -0.0717926025390625 -0.239669799804688
-0.0167331695556641 0.0237903594970703 0.190338134765625 -0.29180908203125
-0.0451927185058594 -0.00999832153320313 0.404144287109375 0.048095703125
-0.0229454040527344 -0.0591659545898437 0.237579345703125 0.40777587890625
0.0340080261230469 -0.0662422180175781 -0.0496826171875 0.290069580078125
0.0596046447753906 -0.0563735961914063 0.0324993133544922 -0.0106925964355469
0.0133743286132813 -0.0586280822753906 -0.036712646484375 -0.338043212890625
-0.0289459228515625 -0.0385971069335937 -0.39404296875 -0.264404296875
-0.0380516052246094 0.00171661376953126 -0.380340576171875 0.186676025390625
-0.0112075805664063 0.0223770141601563 -0.0228271484375 0.3292236328125
0.00744819641113281 0.0182914733886719 0.16290283203125 0.165359497070313
0.0226650238037109 0.00727272033691406 0.1591796875 -0.0464630126953125
0.0289459228515625 -0.0072479248046875 0.0719451904296875 -0.150482177734375
0.0253067016601563 -0.0143871307373047 -0.080352783203125 0.126358032226563
0.0312404632568359 -0.00173377990722656 -0.149429321289063 -0.00173950195312502
0.0154933929443359 0.0245170593261719 -0.0864410400390625 -0.225997924804688
-0.019378662109375 0.0272159576416016 0.162109375 -0.300689697265625
-0.0595283508300781 -0.0121994018554687 0.40032958984375 0.0093994140625
-0.0400924682617188 -0.0750503540039062 0.27001953125 0.382720947265625
0.0348052978515625 -0.0931320190429688 -0.0313720703125 0.308685302734375
0.0765914916992188 -0.0838775634765625 0.0209903717041016 0.0142955780029297
0.0161285400390625 -0.085357666015625 -0.0159912109375 -0.3211669921875
-0.0423927307128906 -0.0544967651367188 -0.36767578125 -0.28912353515625
-0.0557899475097656 -0.00194168090820313 -0.398651123046875 0.15716552734375
-0.0163364410400391 0.0260372161865234 -0.051483154296875 0.333831787109375
0.0130195617675781 0.022003173828125 0.153274536132813 0.18414306640625
0.0312004089355469 0.0127487182617187 0.162460327148437 -0.0356292724609375
0.035400390625 -0.00613784790039063 0.0794219970703125 -0.150283813476563
-0.00868606567382812 -0.0162448883056641 -0.0662384033203125 0.129981994628906
-0.000790596008300782 -0.0144691467285156 -0.159423828125 0.019012451171875
-0.00536966323852539 -0.00216960906982422 -0.147354125976562 -0.182449340820313
0.0108537673950195 0.0036468505859375 0.06915283203125 -0.30950927734375
0.00770759582519531 0.0108375549316406 0.381622314453125 -0.10540771484375
0.00533485412597656 0.0117197036743164 0.37432861328125 0.277679443359375
0.00851249694824218 0.0255928039550781 0.040557861328125 0.314605712890625
-0.00948715209960938 0.0387344360351563 0.0146522521972656 0.0494575500488281
0.00611114501953125 0.0351295471191406 0.067230224609375 -0.305145263671875
0.0229454040527344 0.0148735046386719 -0.260955810546875 -0.39910888671875
0.0150203704833984 -0.000969886779785156 -0.4365234375 0.0323791503906249
-0.000156402587890625 -0.00508975982666016 -0.15447998046875 0.332763671875
-0.00859928131103515 -0.00247669219970703 0.08160400390625 0.24627685546875
-0.00527477264404297 -0.000670433044433595 0.149002075195313 -1.52587890625E-05
-0.00133991241455078 -0.00667524337768555 0.0941925048828125 -0.14019775390625
-0.00609493255615234 -0.0159883499145508 -0.07061767578125 0.127593994140625
-0.00111579895019531 -0.0148591995239258 -0.158233642578125 0.00785827636718748
-0.00753021240234375 -3.81469726562483E-05 -0.130584716796875 -0.200439453125
0.0105228424072266 0.00766181945800781 0.10162353515625 -0.308197021484375
0.00909042358398438 0.0128393173217773 0.3958740234375 -0.064361572265625
0.0083160400390625 0.0129365921020508 0.343231201171875 0.314422607421875
0.00754547119140625 0.0281352996826172 0.0167236328125 0.305145263671875
-0.0098876953125 0.0408134460449219 0.0230770111083984 0.02874755859375
0.00941848754882812 0.0354118347167969 0.04241943359375 -0.322845458984375
0.025787353515625 0.0121860504150391 -0.30194091796875 -0.370361328125
0.0166692733764648 -0.000849723815917969 -0.42645263671875 0.07769775390625
-0.00160098075866699 -0.00181591510772705 -0.119232177734375 0.336761474609375
-0.0119304656982422 -0.000413894653320315 0.10260009765625 0.2269287109375
-0.0065312385559082 -0.00169181823730469 0.150909423828125 -0.0129241943359375
-0.000161170959472655 -0.00711441040039063 0.0869598388671875 -0.14251708984375
-0.00175285339355469 -0.0160636901855469 -0.0767440795898438 0.125373840332031
0.00114250183105469 -0.0140552520751953 -0.156890869140625 -0.0035400390625
-0.00645971298217774 0.00309896469116211 -0.111160278320313 -0.2178955078125
0.00825786590576172 0.0125722885131836 0.13623046875 -0.30426025390625
0.00511837005615234 0.0138769149780273 0.403564453125 -0.02276611328125
0.00688934326171875 0.00926399230957031 0.30572509765625 0.350006103515625
0.00788307189941406 0.0226116180419922 -0.00906372070312502 0.29278564453125
-0.00413894653320313 0.0344810485839844 0.0315933227539063 0.00603485107421875
0.0139694213867187 0.0276546478271484 0.013580322265625 -0.337158203125
0.0242099761962891 0.00491142272949219 -0.34307861328125 -0.333740234375
0.0121440887451172 -0.00145816802978516 -0.410919189453125 0.122711181640625
-0.00365614891052246 0.00290703773498535 -0.081390380859375 0.337310791015625
-0.0130462646484375 0.00208854675292969 0.123764038085938 0.206069946289063
-0.00547885894775391 -0.00158786773681641 0.152069091796875 -0.0259552001953125
0.00361871719360352 -0.00736570358276367 0.081451416015625 -0.144271850585938
0.00357437133789062 -0.0158510208129883 -0.0808868408203125 0.123275756835938
0.00496006011962891 -0.0130300521850586 -0.154190063476563 -0.0138397216796875
-0.0041799545288086 0.00740575790405273 -0.0904083251953125 -0.232620239257812
0.00313854217529297 0.0166845321655273 0.169586181640625 -0.297027587890625
-0.00328254699707031 0.0107574462890625 0.4083251953125 0.0211181640625
0.00269579887390137 -0.00124287605285645 0.267547607421875 0.382293701171875
0.0106515884399414 0.008575439453125 -0.03106689453125 0.2833251953125
0.00695228576660156 0.0196094512939453 0.0376319885253906 -0.0114860534667969
0.0160436630249023 0.0122823715209961 -0.013275146484375 -0.34661865234375
0.0167837142944336 -0.00493049621582031 -0.372894287109375 -0.29931640625
0.00350570678710937 -0.0011742115020752 -0.3931884765625 0.15985107421875
-0.00572347640991211 0.00779342651367188 -0.049835205078125 0.333984375
-0.0117349624633789 0.0054473876953125 0.141555786132813 0.185211181640625
-0.00150656700134277 -0.000997304916381836 0.152725219726563 -0.0374908447265625
0.00834465026855469 -0.00766372680664063 0.0753173828125 -0.145828247070313
0.00988197326660156 -0.0157995223999023 -0.0850830078125 0.121917724609375
0.0109939575195312 -0.0103397369384766 -0.152206420898438 -0.01934814453125
-0.00145149230957031 0.0119504928588867 -0.0752105712890625 -0.242095947265625
-0.00343132019042969 0.0197238922119141 0.191009521484375 -0.290191650390625
-0.0152473449707031 0.00445747375488281 0.407073974609375 0.04833984375
-0.00423812866210938 -0.0179023742675781 0.238739013671875 0.40338134765625
0.0179862976074219 -0.0125942230224609 -0.0462799072265625 0.277908325195313
0.0223636627197266 -0.00190162658691406 0.0397987365722656 -0.0215187072753906
0.0163850784301758 -0.00887489318847656 -0.032867431640625 -0.348876953125
0.00384521484375 -0.0152673721313477 -0.393768310546875 -0.2705078125
-0.00820159912109375 0.000213623046875001 -0.379425048828125 0.18487548828125
-0.00729179382324219 0.013310432434082 -0.02618408203125 0.329498291015625
-0.00727653503417968 0.00910472869873047 0.154632568359375 0.1700439453125
0.00543117523193359 0.00083160400390625 0.153594970703125 -0.046051025390625
0.0153141021728516 -0.00775909423828125 0.071258544921875 -0.147598266601563
0.015751838684082 -0.0150718688964844 -0.085906982421875 0.122077941894531
0.0168266296386719 -0.00710582733154297 -0.150070190429687 -0.019256591796875
0.00279426574707031 0.0168886184692383 -0.0678253173828125 -0.24365234375
-0.0102348327636719 0.0216655731201172 0.19970703125 -0.287353515625
-0.0295867919921875 -0.00347518920898438 0.405303955078125 0.06182861328125
-0.0110893249511719 -0.0384979248046875 0.2257080078125 0.412384033203125
0.0269279479980469 -0.0387535095214844 -0.0536956787109375 0.278900146484375
0.0408172607421875 -0.0281181335449219 0.0384521484375 -0.0219039916992187
0.014617919921875 -0.0330886840820313 -0.041961669921875 -0.345855712890625
-0.0120372772216797 -0.0262317657470703 -0.4002685546875 -0.258575439453125
-0.0224666595458984 0.00161361694335937 -0.37420654296875 0.194732666015625
-0.00902175903320313 0.0180625915527344 -0.016754150390625 0.32745361328125
-0.000754356384277343 0.0127782821655273 0.161956787109375 0.162368774414063
0.0128154754638672 0.0035400390625 0.15618896484375 -0.0483245849609375
0.0209522247314453 -0.00762557983398438 0.0699615478515625 -0.149688720703125
0.0205249786376953 -0.0145397186279297 -0.0843658447265625 0.123878479003906
0.0237369537353516 -0.00417327880859375 -0.149078369140625 -0.013031005859375
0.00800514221191406 0.0208702087402344 -0.0720977783203125 -0.239013671875
-0.0162334442138672 0.0238418579101562 0.189788818359375 -0.2904052734375
-0.0449295043945313 -0.00994110107421874 0.403778076171875 0.04718017578125
-0.0226554870605469 -0.0590629577636719 0.234954833984375 0.405548095703125
0.0337600708007812 -0.0662612915039063 -0.04974365234375 0.289031982421875
0.0588340759277344 -0.0564308166503906 0.03271484375 -0.0100307464599609
0.0135650634765625 -0.0585975646972656 -0.03564453125 -0.336517333984375
-0.0287742614746094 -0.0383377075195313 -0.392242431640625 -0.262420654296875
-0.0379409790039063 0.00194931030273437 -0.3809814453125 0.18670654296875
-0.0112991333007813 0.0224380493164062 -0.02227783203125 0.328460693359375
0.00769615173339844 0.0184688568115234 0.162811279296875 0.16522216796875
0.0229225158691406 0.00764656066894531 0.157913208007813 -0.0462799072265625
0.0290679931640625 -0.00735664367675781 0.0721282958984375 -0.150146484375
0.0250530242919922 -0.0140609741210938 -0.07977294921875 0.126502990722656
0.0311946868896484 -0.00197410583496094 -0.148178100585938 -0.00135803222656251
0.0152988433837891 0.0243854522705078 -0.0860443115234375 -0.2252197265625
-0.0188846588134766 0.0266819000244141 0.161376953125 -0.300201416015625
-0.0594558715820313 -0.0118942260742187 0.39862060546875 0.009735107421875
-0.0396957397460938 -0.0746612548828125 0.267974853515625 0.38214111328125
0.0348358154296875 -0.0930252075195313 -0.032135009765625 0.307098388671875
0.0766983032226562 -0.0833892822265625 0.0211734771728516 0.0146617889404297
0.016204833984375 -0.0847930908203125 -0.015380859375 -0.319091796875
-0.0422248840332031 -0.0540122985839844 -0.365936279296875 -0.28778076171875
-0.0556144714355469 -0.00193405151367187 -0.397552490234375 0.156158447265625
-0.0165691375732422 0.0261192321777344 -0.0513916015625 0.333160400390625
0.0126438140869141 0.0219631195068359 0.153060913085938 0.183319091796875
0.0314750671386719 0.0125961303710938 0.161819458007813 -0.0355224609375
0.0350761413574219 -0.00632476806640625 0.07977294921875 -0.149765014648438
-0.00883293151855469 -0.0161733627319336 -0.0661239624023437 0.12884521484375
-0.00026226043701172 -0.0141410827636719 -0.158935546875 0.019500732421875
-0.00590753555297851 -0.00217008590698242 -0.146728515625 -0.182052612304688
0.0110502243041992 0.00362968444824219 0.069854736328125 -0.30975341796875
0.00753021240234375 0.0110607147216797 0.380462646484375 -0.1033935546875
0.00543880462646484 0.0122489929199219 0.37249755859375 0.2760009765625
0.0077972412109375 0.0256557464599609 0.03973388671875 0.313995361328125
-0.00992584228515625 0.0382156372070312 0.0151901245117188 0.0501213073730469
0.00620651245117188 0.0354576110839844 0.068084716796875 -0.3048095703125
0.0228958129882813 0.0149173736572266 -0.260498046875 -0.397918701171875
0.0148725509643555 -0.000832557678222656 -0.435791015625 0.0314331054687501
-0.000588417053222657 -0.00537109375 -0.154144287109375 0.332550048828125
-0.00872182846069336 -0.00181341171264649 0.0821533203125 0.246490478515625
-0.00533533096313476 -0.000778675079345703 0.149017333984375 -0.000244140625
-0.00161409378051758 -0.00666475296020508 0.0936431884765625 -0.1397705078125
-0.00628185272216797 -0.0159053802490234 -0.0707778930664063 0.12762451171875
-0.00106143951416015 -0.0151443481445313 -0.158203125 0.00830078124999997
-0.00715255737304687 -0.000303745269775389 -0.1304931640625 -0.200057983398438
0.0107955932617187 0.00761795043945313 0.1015625 -0.307586669921875
0.00865554809570313 0.0129556655883789 0.395751953125 -0.0635986328125
0.00831413269042969 0.0128612518310547 0.342071533203125 0.313385009765625
0.00736427307128906 0.0277099609375 0.01593017578125 0.304718017578125
-0.0100784301757812 0.040618896484375 0.0233001708984375 0.0290660858154297
0.0098724365234375 0.0353050231933594 0.044281005859375 -0.322021484375
0.0261669158935547 0.0122318267822266 -0.30218505859375 -0.371185302734375
0.0160837173461914 -0.000799179077148438 -0.425933837890625 0.07745361328125
-0.00170576572418213 -0.00196611881256104 -0.118988037109375 0.33734130859375
-0.0115089416503906 -0.000198364257812498 0.102462768554688 0.227294921875
-0.00654315948486328 -0.00171518325805664 0.150375366210938 -0.0131683349609375
-0.000184059143066406 -0.00698184967041015 0.0867919921875 -0.142623901367187
-0.00177097320556641 -0.015960693359375 -0.0766143798828125 0.12530517578125
0.000457763671875 -0.0144147872924805 -0.156875610351562 -0.00352478027343753
-0.00623846054077148 0.00303840637207031 -0.110427856445313 -0.2178955078125
0.00822925567626953 0.0123691558837891 0.136871337890625 -0.304473876953125
0.00496864318847656 0.013519287109375 0.403289794921875 -0.02178955078125
0.00647449493408203 0.00913429260253906 0.3062744140625 0.3497314453125
0.00738525390625 0.0219211578369141 -0.00942993164062501 0.291351318359375
-0.00486946105957031 0.0345039367675781 0.0314464569091797 0.00633621215820313
0.0137538909912109 0.0278854370117187 0.01483154296875 -0.335601806640625
0.0242462158203125 0.00459671020507813 -0.341796875 -0.332855224609375
0.012272834777832 -0.00133419036865234 -0.410400390625 0.123138427734375
-0.00404906272888184 0.00259566307067871 -0.08160400390625 0.33734130859375
-0.0129079818725586 0.00220584869384766 0.123748779296875 0.205841064453125
-0.00492620468139649 -0.00182580947875976 0.151718139648438 -0.026153564453125
0.00327968597412109 -0.00766897201538086 0.081329345703125 -0.144805908203125
0.00338935852050781 -0.0158958435058594 -0.0814132690429687 0.122947692871094
0.00452518463134766 -0.0131149291992188 -0.154251098632813 -0.013275146484375
-0.00452136993408203 0.0073246955871582 -0.09063720703125 -0.232467651367187
0.00336647033691406 0.0162734985351563 0.16912841796875 -0.297515869140625
-0.00355625152587891 0.0107612609863281 0.4073486328125 0.021942138671875
0.00219893455505371 -0.00107932090759277 0.26617431640625 0.381988525390625
0.0105714797973633 0.00859355926513672 -0.031585693359375 0.2822265625
0.00688743591308594 0.01959228515625 0.0375900268554688 -0.0111122131347656
0.0163774490356445 0.012293815612793 -0.01123046875 -0.344818115234375
0.0169134140014648 -0.00485610961914063 -0.372222900390625 -0.298431396484375
0.0036778450012207 -0.000764846801757812 -0.393341064453125 0.159759521484375
-0.00610637664794922 0.00799751281738281 -0.04901123046875 0.334320068359375
-0.010986328125 0.0056610107421875 0.141357421875 0.185379028320313
-0.000925421714782715 -0.000383436679840088 0.15283203125 -0.0373992919921875
0.00805997848510742 -0.00754976272583008 0.07501220703125 -0.14593505859375
0.00974464416503906 -0.0156459808349609 -0.0846328735351563 0.121864318847656
0.0106325149536133 -0.0101852416992188 -0.15240478515625 -0.018707275390625
-0.00139236450195312 0.0119047164916992 -0.07489013671875 -0.240951538085937
-0.00349044799804687 0.0196342468261719 0.191192626953125 -0.28955078125
-0.015385627746582 0.00433254241943359 0.4061279296875 0.05029296875
-0.00367927551269531 -0.0181999206542969 0.237060546875 0.40118408203125
0.0177688598632813 -0.0126399993896484 -0.0473175048828125 0.27685546875
0.0222492218017578 -0.00203514099121094 0.0399932861328125 -0.0212364196777344
0.0161666870117188 -0.00905418395996094 -0.031280517578125 -0.346893310546875
0.00383186340332031 -0.0155582427978516 -0.3914794921875 -0.270263671875
-0.00825643539428711 0.000111103057861328 -0.3792724609375 0.185028076171875
-0.00771808624267578 0.0132112503051758 -0.026153564453125 0.32965087890625
-0.00696277618408203 0.00920867919921875 0.154373168945313 0.170272827148438
0.00554895401000977 0.00112628936767578 0.153717041015625 -0.04595947265625
0.0150270462036133 -0.00772285461425781 0.0706787109375 -0.147445678710938
0.0148105621337891 -0.0148296356201172 -0.0854339599609375 0.122322082519531
0.0168123245239258 -0.00755882263183594 -0.14990234375 -0.0190277099609375
0.00269794464111328 0.0164766311645508 -0.0674285888671875 -0.2435302734375
-0.0105457305908203 0.0216274261474609 0.19952392578125 -0.286468505859375
-0.0300769805908203 -0.00338172912597657 0.403900146484375 0.06146240234375
-0.0112152099609375 -0.0386695861816406 0.223785400390625 0.411163330078125
0.0270347595214844 -0.0381240844726563 -0.0543060302734375 0.278411865234375
0.0402641296386719 -0.027923583984375 0.0390586853027344 -0.0210990905761719
0.0147247314453125 -0.0328502655029297 -0.04052734375 -0.34466552734375
-0.012115478515625 -0.0259780883789063 -0.398895263671875 -0.258941650390625
-0.0222358703613281 0.00155830383300781 -0.37420654296875 0.194305419921875
-0.00919723510742188 0.0182647705078125 -0.017303466796875 0.327850341796875
-0.000630378723144531 0.0129642486572266 0.161727905273437 0.162918090820312
0.0128898620605469 0.00303363800048828 0.155548095703125 -0.04815673828125
0.0212593078613281 -0.00779151916503906 0.0697479248046875 -0.14935302734375
0.0201187133789063 -0.0144767761230469 -0.0841751098632812 0.123886108398438
0.0234699249267578 -0.00449943542480469 -0.148590087890625 -0.0130615234375
0.00835990905761719 0.0209064483642578 -0.071533203125 -0.238052368164063
-0.0164470672607422 0.0236091613769531 0.189666748046875 -0.291107177734375
-0.0451393127441406 -0.0101127624511719 0.402191162109375 0.04815673828125
-0.0228729248046875 -0.0592155456542969 0.233673095703125 0.405029296875
0.0341758728027344 -0.0658760070800781 -0.050445556640625 0.28863525390625
0.0592536926269531 -0.0557785034179687 0.0329704284667969 -0.00960350036621094
0.0137710571289063 -0.0586166381835938 -0.0345458984375 -0.3353271484375
-0.0283050537109375 -0.0384559631347656 -0.39056396484375 -0.263153076171875
-0.0383033752441406 0.00194549560546875 -0.379730224609375 0.185333251953125
-0.0115871429443359 0.0224208831787109 -0.02252197265625 0.3284912109375
0.00733375549316406 0.0183162689208984 0.1627197265625 0.165023803710938
0.0232677459716797 0.00745391845703125 0.1575927734375 -0.046295166015625
0.0286598205566406 -0.00754165649414063 0.072113037109375 -0.150009155273438
0.0245838165283203 -0.0145015716552734 -0.0789566040039063 0.126113891601563
0.0307884216308594 -0.00175666809082031 -0.1475830078125 -0.000991821289062518
0.0154876708984375 0.0241718292236328 -0.086578369140625 -0.22454833984375
-0.0193710327148437 0.0265464782714844 0.161041259765625 -0.2998046875
-0.0597496032714844 -0.0115394592285156 0.39697265625 0.0103759765625
-0.0392684936523437 -0.0749359130859375 0.267059326171875 0.38165283203125
0.0346145629882813 -0.0932235717773438 -0.033233642578125 0.306732177734375
0.0761795043945312 -0.0832290649414063 0.0212593078613281 0.0152130126953125
0.0165328979492188 -0.0842514038085938 -0.01470947265625 -0.31829833984375
-0.0416450500488281 -0.0545463562011719 -0.365142822265625 -0.28851318359375
-0.055755615234375 -0.00101852416992189 -0.396575927734375 0.155670166015625
-0.0170345306396484 0.0258579254150391 -0.051055908203125 0.333343505859375
0.0128650665283203 0.0219478607177734 0.152236938476562 0.183441162109375
0.0317268371582031 0.0127372741699219 0.161331176757813 -0.0356903076171875
0.0351943969726563 -0.00624847412109375 0.079345703125 -0.1500244140625
-0.00940513610839844 -0.0161752700805664 -0.0665206909179687 0.129531860351563
-0.000300407409667969 -0.0145597457885742 -0.159011840820313 0.01971435546875
-0.00598764419555664 -0.00226640701293945 -0.147506713867188 -0.181686401367187
0.0109596252441406 0.00362014770507813 0.069000244140625 -0.30926513671875
0.00745105743408203 0.0108919143676758 0.381072998046875 -0.1036376953125
0.00520038604736328 0.0116872787475586 0.372711181640625 0.277862548828125
0.00765228271484375 0.0253658294677734 0.039031982421875 0.313934326171875
-0.0100440979003906 0.038543701171875 0.01483154296875 0.0500831604003906
0.0061798095703125 0.0355339050292969 0.069427490234375 -0.30303955078125
0.0229682922363281 0.0149002075195313 -0.25836181640625 -0.39764404296875
0.0155515670776367 -0.00100421905517578 -0.4371337890625 0.03216552734375
-0.000640392303466797 -0.0048832893371582 -0.154266357421875 0.333099365234375
-0.00846433639526367 -0.00174140930175781 0.08258056640625 0.247314453125
-0.0048670768737793 -0.000708580017089843 0.14837646484375 0.000152587890625
-0.00135421752929687 -0.00649833679199219 0.0939483642578125 -0.140083312988281
-0.00688743591308594 -0.016448974609375 -0.070709228515625 0.127365112304688
-0.00111198425292969 -0.0154790878295898 -0.157852172851563 0.00863647460937503
-0.00690937042236328 0.000192642211914063 -0.13037109375 -0.200149536132813
0.0108804702758789 0.00757217407226562 0.101776123046875 -0.308319091796875
0.00813674926757813 0.0129327774047852 0.3939208984375 -0.064453125
0.00829315185546875 0.0129613876342773 0.34246826171875 0.313690185546875
0.00698089599609375 0.0277557373046875 0.014617919921875 0.303863525390625
-0.0102272033691406 0.0403709411621094 0.0229682922363281 0.0295352935791016
0.0096282958984375 0.0355644226074219 0.044403076171875 -0.320587158203125
0.0258693695068359 0.0120258331298828 -0.30108642578125 -0.369964599609375
0.0162734985351563 -0.000608444213867187 -0.426727294921875 0.077392578125
-0.0018770694732666 -0.00199079513549805 -0.119049072265625 0.33734130859375
-0.0116195678710937 0.000125885009765626 0.102386474609375 0.22784423828125
-0.00625753402709961 -0.00151538848876953 0.150436401367188 -0.0128326416015625
-0.000141620635986329 -0.00729560852050781 0.0869293212890625 -0.142471313476563
-0.00250434875488281 -0.0164785385131836 -0.0765457153320312 0.125617980957031
0.000852584838867187 -0.0146579742431641 -0.156936645507813 -0.00311279296874998
-0.00602531433105469 0.00316095352172852 -0.110153198242187 -0.21759033203125
0.00809860229492188 0.011988639831543 0.13677978515625 -0.3046875
0.00459384918212891 0.0133514404296875 0.40179443359375 -0.02154541015625
0.00664186477661133 0.00876188278198242 0.305023193359375 0.34808349609375
0.00743293762207031 0.0224838256835938 -0.01104736328125 0.2916259765625
-0.0045318603515625 0.0343914031982422 0.0318393707275391 0.006622314453125
0.0137691497802734 0.0277194976806641 0.015380859375 -0.335357666015625
0.0247592926025391 0.00490379333496094 -0.3408203125 -0.33367919921875
0.0123577117919922 -0.000946044921875 -0.4107666015625 0.122589111328125
-0.00432705879211426 0.00273609161376953 -0.08184814453125 0.3377685546875
-0.0124397277832031 0.00225925445556641 0.123611450195312 0.2064208984375
-0.00481843948364258 -0.00199317932128906 0.151565551757813 -0.02606201171875
0.00321722030639649 -0.00751733779907227 0.081390380859375 -0.144424438476563
0.00357532501220703 -0.0161571502685547 -0.0811538696289063 0.123085021972656
0.00443363189697266 -0.0133466720581055 -0.154037475585938 -0.0127410888671875
-0.00402069091796875 0.00703048706054688 -0.0903167724609375 -0.232666015625
0.00371837615966797 0.0162391662597656 0.16961669921875 -0.297027587890625
-0.00389671325683594 0.0108699798583984 0.40582275390625 0.02130126953125
0.00231623649597168 -0.00103759765625 0.26580810546875 0.38031005859375
0.0103816986083984 0.00836181640625 -0.032470703125 0.28155517578125
0.0064544677734375 0.0195198059082031 0.0378875732421875 -0.0106010437011719
0.0165557861328125 0.0123329162597656 -0.011016845703125 -0.344329833984375
0.0170879364013672 -0.00498294830322266 -0.3719482421875 -0.298004150390625
0.00361537933349609 -0.000848531723022461 -0.3931884765625 0.1585693359375
-0.005645751953125 0.00834894180297852 -0.04913330078125 0.33465576171875
-0.0110721588134766 0.00578975677490234 0.141403198242188 0.18609619140625
-0.00124466419219971 -0.000921726226806641 0.152374267578125 -0.0380096435546875
0.00881671905517578 -0.00729274749755859 0.074981689453125 -0.145660400390625
0.00895023345947265 -0.0158481597900391 -0.0847244262695313 0.122047424316406
0.010040283203125 -0.010523796081543 -0.151809692382813 -0.0186767578125
-0.00123310089111328 0.0116415023803711 -0.0751953125 -0.241134643554688
-0.00275802612304688 0.0194950103759766 0.19049072265625 -0.289947509765625
-0.0156478881835938 0.00467109680175781 0.40606689453125 0.04986572265625
-0.00367927551269531 -0.0182018280029297 0.236236572265625 0.401702880859375
0.0176849365234375 -0.0126132965087891 -0.04803466796875 0.275543212890625
0.0222225189208984 -0.0020294189453125 0.0399360656738281 -0.0208587646484375
0.016535758972168 -0.00920486450195313 -0.03118896484375 -0.346832275390625
0.00448322296142578 -0.0154237747192383 -0.39093017578125 -0.270751953125
-0.0080413818359375 0.000696182250976563 -0.379852294921875 0.184967041015625
-0.0077352523803711 0.0132122039794922 -0.026611328125 0.329925537109375
-0.00673198699951172 0.00944232940673828 0.154800415039063 0.170150756835938
0.00582742691040039 0.000956058502197266 0.153289794921875 -0.046234130859375
0.0148124694824219 -0.00760459899902344 0.071197509765625 -0.147552490234375
0.0148963928222656 -0.0148897171020508 -0.0854263305664062 0.122039794921875
0.0164155960083008 -0.00737476348876953 -0.14923095703125 -0.0186309814453125
0.0023956298828125 0.0168056488037109 -0.067657470703125 -0.243545532226562
-0.0102024078369141 0.0217380523681641 0.19830322265625 -0.28656005859375
-0.0303115844726563 -0.00330352783203125 0.4041748046875 0.06256103515625
-0.0112342834472656 -0.03875732421875 0.22357177734375 0.410308837890625
0.0272941589355469 -0.0380439758300781 -0.0545806884765625 0.277801513671875
0.0404739379882813 -0.0279464721679688 0.0388298034667969 -0.0204086303710938
0.0148448944091797 -0.0332927703857422 -0.03900146484375 -0.34381103515625
-0.011871337890625 -0.0261325836181641 -0.39788818359375 -0.25897216796875
-0.0223731994628906 0.00197601318359375 -0.373809814453125 0.1944580078125
-0.00927734375 0.0179576873779297 -0.017608642578125 0.327789306640625
-0.000144004821777345 0.0131549835205078 0.162002563476563 0.162704467773438
0.0130319595336914 0.00300312042236328 0.15545654296875 -0.0481719970703125
0.0207195281982422 -0.00770950317382812 0.0697784423828125 -0.149307250976563
0.0196666717529297 -0.0144195556640625 -0.0838623046875 0.123992919921875
0.0233516693115234 -0.00451278686523438 -0.148086547851562 -0.01239013671875
0.0082855224609375 0.0209980010986328 -0.0715484619140625 -0.238067626953125
-0.0162277221679688 0.0232791900634766 0.188690185546875 -0.2908935546875
-0.0459175109863281 -0.00963592529296874 0.401092529296875 0.0487060546875
-0.022491455078125 -0.0592803955078125 0.23297119140625 0.4044189453125
0.0342788696289063 -0.0659065246582031 -0.051513671875 0.287811279296875
0.0592918395996094 -0.056060791015625 0.0329360961914063 -0.00885963439941407
0.0138969421386719 -0.0586700439453125 -0.03369140625 -0.33477783203125
-0.0282669067382812 -0.0385589599609375 -0.389495849609375 -0.262969970703125
-0.0381546020507813 0.00223922729492188 -0.380279541015625 0.186065673828125
-0.0115509033203125 0.0224266052246094 -0.022247314453125 0.3282470703125
0.00766944885253906 0.0185680389404297 0.162857055664063 0.16522216796875
0.0231437683105469 0.00733375549316406 0.157135009765625 -0.046112060546875
0.0286273956298828 -0.00748443603515625 0.07196044921875 -0.150115966796875
0.0241775512695313 -0.0141201019287109 -0.0794601440429688 0.126319885253906
0.0303936004638672 -0.00174331665039063 -0.147659301757813 -0.000366210937500008
0.0156078338623047 0.0242710113525391 -0.085784912109375 -0.224517822265625
-0.0190048217773437 0.0265827178955078 0.161529541015625 -0.300048828125
-0.0603523254394531 -0.0116119384765625 0.397247314453125 0.01080322265625
-0.0390243530273437 -0.07513427734375 0.26556396484375 0.38104248046875
0.0347824096679687 -0.0924530029296875 -0.03436279296875 0.305938720703125
0.0762939453125 -0.0827789306640625 0.0216655731201172 0.0156764984130859
0.0166854858398437 -0.08441162109375 -0.012969970703125 -0.3177490234375
-0.0420494079589844 -0.0540733337402344 -0.364166259765625 -0.28802490234375
-0.0557403564453125 -0.00151062011718751 -0.398468017578125 0.154693603515625
-0.0168609619140625 0.0258274078369141 -0.05126953125 0.33349609375
0.0131454467773437 0.0217952728271484 0.152633666992188 0.183364868164063
0.0316371917724609 0.0124378204345703 0.1610107421875 -0.0357666015625
0.0347805023193359 -0.00626754760742188 0.079071044921875 -0.149551391601563
-0.00979804992675781 -0.0158958435058594 -0.06689453125 0.129867553710938
-0.000857353210449218 -0.0146799087524414 -0.159271240234375 0.0203399658203125
-0.00543642044067383 -0.00213956832885742 -0.147262573242188 -0.181869506835938
0.0112543106079102 0.00352001190185547 0.0692138671875 -0.310394287109375
0.00684642791748047 0.0109834671020508 0.38104248046875 -0.1038818359375
0.00527763366699219 0.0117969512939453 0.372161865234375 0.276092529296875
0.00727462768554688 0.0257453918457031 0.038177490234375 0.3138427734375
-0.00923919677734375 0.0385093688964844 0.0153274536132813 0.0507965087890625
0.0061187744140625 0.03570556640625 0.070159912109375 -0.303558349609375
0.0229740142822266 0.0149707794189453 -0.258575439453125 -0.3988037109375
0.015254020690918 -0.00114154815673828 -0.437225341796875 0.03167724609375
-0.000605106353759765 -0.00492095947265625 -0.154876708984375 0.3338623046875
-0.00798654556274414 -0.00141286849975586 0.08251953125 0.247879028320313
-0.00502538681030274 -0.000658988952636719 0.14849853515625 7.62939453125E-05
-0.00146484375 -0.00671625137329101 0.0941619873046875 -0.140220642089844
-0.00734329223632813 -0.0164670944213867 -0.0707931518554688 0.128074645996094
-0.00109386444091797 -0.0157184600830078 -0.158370971679688 0.00881958007812503
-0.00680780410766602 -0.00041961669921875 -0.130279541015625 -0.20062255859375
0.0108633041381836 0.00737190246582031 0.101654052734375 -0.30914306640625
0.00802707672119141 0.013300895690918 0.394378662109375 -0.06378173828125
0.0081787109375 0.0126438140869141 0.340545654296875 0.313018798828125
0.00686454772949219 0.0280323028564453 0.013946533203125 0.303985595703125
-0.0102729797363281 0.0405769348144531 0.0233192443847656 0.0297126770019531
0.00960540771484375 0.03515625 0.0457763671875 -0.320648193359375
0.0262947082519531 0.012359619140625 -0.30078125 -0.37139892578125
0.0162029266357422 -0.000689506530761719 -0.426788330078125 0.0767211914062501
-0.00200796127319336 -0.00176906585693359 -0.118896484375 0.338348388671875
-0.0118207931518555 8.86917114257807E-05 0.1025390625 0.228713989257813
-0.00593662261962891 -0.00211238861083985 0.15045166015625 -0.0129241943359375
0.000127315521240234 -0.00752496719360352 0.0871124267578125 -0.14288330078125
-0.00279998779296875 -0.0166416168212891 -0.0770111083984375 0.125732421875
0.000809669494628906 -0.0151834487915039 -0.156753540039063 -0.00277709960937497
-0.00603580474853516 0.00241422653198242 -0.1102294921875 -0.218231201171875
0.00803756713867187 0.0120639801025391 0.136566162109375 -0.30523681640625
0.00429821014404297 0.0135269165039063 0.40301513671875 -0.021331787109375
0.00652313232421875 0.0089569091796875 0.3037109375 0.34869384765625
0.00706672668457031 0.0224552154541016 -0.0115966796875 0.291290283203125
-0.00456809997558594 0.0345306396484375 0.0318584442138672 0.0074615478515625
0.0136184692382813 0.0275306701660156 0.016326904296875 -0.33544921875
0.0247230529785156 0.00479888916015625 -0.34130859375 -0.3343505859375
0.0122232437133789 -0.00122737884521484 -0.410980224609375 0.122772216796875
-0.00452947616577148 0.00302934646606445 -0.08184814453125 0.338226318359375
-0.012578010559082 0.00244998931884766 0.123825073242188 0.207382202148438
-0.0045619010925293 -0.00160121917724609 0.151504516601563 -0.0262908935546875
0.00360393524169922 -0.00748157501220703 0.0817108154296875 -0.145187377929688
0.00259590148925781 -0.0162887573242188 -0.0815200805664063 0.123329162597656
0.00475025177001953 -0.0134792327880859 -0.1539306640625 -0.0124359130859375
-0.0040593147277832 0.00715732574462891 -0.0904541015625 -0.232772827148438
0.00360679626464844 0.0160369873046875 0.170013427734375 -0.29736328125
-0.00435161590576172 0.0107412338256836 0.40679931640625 0.02264404296875
0.00217831134796143 -0.00128352642059326 0.265411376953125 0.381317138671875
0.0102214813232422 0.00815486907958984 -0.03326416015625 0.282623291015625
0.00638008117675781 0.0199089050292969 0.0381011962890625 -0.00994491577148437
0.0162906646728516 0.0123519897460937 -0.00991821289062503 -0.344451904296875
0.0169410705566406 -0.00449085235595703 -0.3717041015625 -0.299468994140625
0.00365376472473145 -0.000941753387451172 -0.39434814453125 0.158935546875
-0.00631284713745117 0.00785255432128906 -0.049560546875 0.335235595703125
-0.011016845703125 0.00610828399658203 0.141372680664063 0.1866455078125
-0.000660419464111328 -0.000846922397613526 0.1524658203125 -0.037811279296875
0.00866937637329102 -0.00759315490722656 0.0752105712890625 -0.146499633789063
0.00850868225097656 -0.0158462524414063 -0.0849456787109375 0.122184753417969
0.00994586944580078 -0.0106773376464844 -0.15185546875 -0.018280029296875
-0.00110912322998047 0.0118198394775391 -0.074920654296875 -0.241409301757813
-0.00322914123535156 0.0195198059082031 0.191070556640625 -0.290557861328125
-0.0161409378051758 0.00470542907714844 0.40673828125 0.05084228515625
-0.00348854064941406 -0.0181903839111328 0.236053466796875 0.400604248046875
0.0176639556884766 -0.0128955841064453 -0.0494232177734375 0.275924682617188
0.0221366882324219 -0.00194358825683594 0.0404701232910156 -0.0201072692871094
0.0164279937744141 -0.00893592834472656 -0.02978515625 -0.346710205078125
0.00439643859863281 -0.0153293609619141 -0.391998291015625 -0.271728515625
-0.00805759429931641 0.000441551208496092 -0.38037109375 0.18438720703125
-0.00790214538574219 0.013397216796875 -0.026519775390625 0.3310546875
-0.00623607635498047 0.00957107543945313 0.155181884765625 0.171035766601563
0.00596094131469726 0.00126838684082031 0.1533203125 -0.046356201171875
0.0151338577270508 -0.00832271575927734 0.0711669921875 -0.148117065429688
0.0142316818237305 -0.0154123306274414 -0.085662841796875 0.122344970703125
0.0162572860717773 -0.00747299194335938 -0.14959716796875 -0.0182342529296875
0.00262928009033203 0.0170574188232422 -0.067535400390625 -0.243194580078125
-0.0105113983154297 0.0211105346679688 0.199005126953125 -0.28759765625
-0.0306453704833984 -0.00286865234375 0.4039306640625 0.06292724609375
-0.0114364624023438 -0.0386428833007813 0.221466064453125 0.411346435546875
0.0270614624023437 -0.0384063720703125 -0.0561981201171875 0.277801513671875
0.0406723022460938 -0.0278816223144531 0.0389556884765625 -0.01983642578125
0.0154190063476563 -0.0330047607421875 -0.038238525390625 -0.343963623046875
-0.0115413665771484 -0.0260715484619141 -0.3985595703125 -0.25897216796875
-0.0226974487304688 0.00191116333007812 -0.375244140625 0.19439697265625
-0.00928115844726563 0.0182762145996094 -0.0174560546875 0.3291015625
-0.00052642822265625 0.0128936767578125 0.162094116210938 0.163482666015625
0.013209342956543 0.00337314605712891 0.155471801757813 -0.048095703125
0.0211887359619141 -0.00754737854003906 0.0700531005859375 -0.14984130859375
0.0191478729248047 -0.0142688751220703 -0.0839691162109375 0.124565124511719
0.0233860015869141 -0.00453567504882813 -0.147964477539063 -0.01202392578125
0.00834274291992188 0.0209560394287109 -0.0711669921875 -0.238540649414063
-0.0166587829589844 0.0232582092285156 0.18975830078125 -0.29180908203125
-0.0456390380859375 -0.00946044921875 0.402252197265625 0.048919677734375
-0.0221214294433594 -0.0594444274902344 0.233489990234375 0.40472412109375
0.0342559814453125 -0.0659141540527344 -0.052703857421875 0.288330078125
0.0589027404785156 -0.0557479858398438 0.0329227447509766 -0.00848770141601563
0.0137405395507813 -0.0582809448242187 -0.032928466796875 -0.334625244140625
-0.0280990600585937 -0.0387954711914063 -0.390594482421875 -0.2637939453125
-0.0380821228027344 0.00203323364257813 -0.380615234375 0.185699462890625
-0.0118618011474609 0.0225486755371094 -0.022369384765625 0.329193115234375
0.00816917419433594 0.0185203552246094 0.163101196289063 0.16607666015625
0.0234241485595703 0.00727462768554688 0.157546997070313 -0.04656982421875
0.028717041015625 -0.00751495361328125 0.071990966796875 -0.150421142578125
0.0238094329833984 -0.0136184692382813 -0.0789566040039063 0.126068115234375
0.0304317474365234 -0.00223541259765625 -0.147323608398437 0.000289916992187507
0.0149097442626953 0.0242576599121094 -0.086273193359375 -0.224822998046875
-0.0195636749267578 0.0262050628662109 0.160888671875 -0.300079345703125
-0.0607070922851563 -0.0113677978515625 0.397125244140625 0.010711669921875
-0.0390472412109375 -0.0745697021484375 0.265838623046875 0.3817138671875
0.0353240966796875 -0.0926361083984375 -0.035430908203125 0.306182861328125
0.0762557983398438 -0.0828018188476563 0.0218086242675781 0.0159645080566406
0.0170364379882812 -0.0843429565429688 -0.012298583984375 -0.318145751953125
-0.0417366027832031 -0.0544166564941406 -0.36480712890625 -0.2889404296875
-0.0558662414550781 -0.00159072875976563 -0.398468017578125 0.1558837890625
-0.0169277191162109 0.0260429382324219 -0.051116943359375 0.334686279296875
0.013275146484375 0.0220527648925781 0.152572631835938 0.184356689453125
0.0318031311035156 0.0122585296630859 0.1611328125 -0.0360107421875
0.0347709655761719 -0.00606727600097656 0.0792083740234375 -0.150375366210938
-0.0100975036621094 -0.0164690017700195 -0.0670852661132813 0.130317687988281
-0.000858306884765623 -0.0149288177490234 -0.1593017578125 0.0211334228515625
-0.00533151626586914 -0.00195837020874023 -0.147781372070312 -0.182464599609375
0.0113554000854492 0.00316810607910156 0.068450927734375 -0.3111572265625
0.00646781921386719 0.0109310150146484 0.38323974609375 -0.10400390625
0.00529956817626953 0.011662483215332 0.373046875 0.2762451171875
0.00749397277832031 0.0253257751464844 0.03729248046875 0.31427001953125
-0.00982666015625 0.0382881164550781 0.0149269104003906 0.0510025024414063
0.00613021850585937 0.0356330871582031 0.071258544921875 -0.30352783203125
0.0228404998779297 0.0149135589599609 -0.25927734375 -0.400634765625
0.0152969360351563 -0.0010528564453125 -0.438446044921875 0.0310363769531251
-0.0011286735534668 -0.00512266159057617 -0.154296875 0.334808349609375
-0.00771045684814453 -0.00153684616088867 0.0829315185546875 0.2484130859375
-0.00473117828369141 -0.000874519348144532 0.14874267578125 -9.15527343750001E-05
-0.00145149230957031 -0.00677871704101562 0.094390869140625 -0.141128540039063
-0.00781345367431641 -0.0164995193481445 -0.071044921875 0.128273010253906
-0.00107955932617188 -0.0160493850708008 -0.158157348632813 0.00955200195312497
-0.00642585754394531 0.000338554382324219 -0.131103515625 -0.20074462890625
0.0110626220703125 0.00728988647460938 0.101959228515625 -0.30999755859375
0.00740909576416015 0.0135889053344727 0.395721435546875 -0.06365966796875
0.00823783874511719 0.0130062103271484 0.341766357421875 0.313812255859375
0.00677490234375 0.0278358459472656 0.01312255859375 0.3045654296875
-0.0104179382324219 0.0407371520996094 0.0236968994140625 0.0299968719482422
0.00951004028320312 0.0352554321289063 0.046478271484375 -0.3209228515625
0.0264739990234375 0.0123939514160156 -0.300750732421875 -0.371002197265625
0.0163850784301758 -0.000804901123046875 -0.428131103515625 0.0778503417968751
-0.00211489200592041 -0.00195229053497314 -0.1192626953125 0.34033203125
-0.0109519958496094 0.0003662109375 0.102890014648438 0.229522705078125
-0.0056610107421875 -0.00188732147216797 0.150787353515625 -0.0132598876953125
0.000103473663330077 -0.00728368759155274 0.0875396728515625 -0.143707275390625
-0.00333690643310547 -0.0168924331665039 -0.0766677856445312 0.126243591308594
0.000738143920898438 -0.0152921676635742 -0.156951904296875 -0.00205993652343751
-0.00587177276611328 0.00295066833496094 -0.111114501953125 -0.218673706054687
0.00856876373291016 0.0122394561767578 0.136566162109375 -0.306549072265625
0.0042276382446289 0.0140056610107422 0.40386962890625 -0.021514892578125
0.00687026977539062 0.00912380218505859 0.30426025390625 0.34967041015625
0.00686454772949219 0.0224819183349609 -0.012359619140625 0.291748046875
-0.00489616394042969 0.0345802307128906 0.032196044921875 0.00762939453125
0.0139617919921875 0.0278148651123047 0.017730712890625 -0.335906982421875
0.0249862670898438 0.00491714477539063 -0.341339111328125 -0.336029052734375
0.0122594833374023 -0.0009002685546875 -0.412933349609375 0.123199462890625
-0.00447797775268555 0.00302362442016602 -0.08123779296875 0.340423583984375
-0.0123739242553711 0.00282382965087891 0.1246337890625 0.20819091796875
-0.00428199768066406 -0.00152683258056641 0.151870727539063 -0.026275634765625
0.00375652313232422 -0.00770902633666992 0.0816802978515625 -0.14569091796875
0.00252723693847656 -0.0169219970703125 -0.0811538696289063 0.123832702636719
0.00443363189697266 -0.0135297775268555 -0.154342651367188 -0.0120849609375
-0.00442934036254883 0.00727605819702148 -0.090667724609375 -0.233688354492187
0.00320529937744141 0.0162315368652344 0.17010498046875 -0.29864501953125
-0.004150390625 0.0110569000244141 0.4088134765625 0.02117919921875
0.00216412544250488 -0.00118732452392578 0.266265869140625 0.382171630859375
0.0102348327636719 0.00817680358886719 -0.03436279296875 0.28277587890625
0.00666618347167969 0.0197639465332031 0.0381660461425781 -0.00979232788085937
0.0168895721435547 0.0118856430053711 -0.00848388671874998 -0.3448486328125
0.0173912048339844 -0.00490093231201172 -0.3731689453125 -0.30072021484375
0.00336003303527832 -0.00063776969909668 -0.39593505859375 0.1602783203125
-0.00609207153320313 0.00829219818115234 -0.048858642578125 0.336883544921875
-0.0105781555175781 0.00663948059082031 0.1422119140625 0.18695068359375
-0.000112593173980713 -0.000688254833221436 0.152740478515625 -0.03753662109375
0.00888538360595703 -0.00774765014648438 0.0756378173828125 -0.147186279296875
0.00820541381835937 -0.0156450271606445 -0.0845794677734375 0.122108459472656
0.00990390777587891 -0.0111780166625977 -0.151931762695313 -0.0178985595703125
-0.001068115234375 0.0120468139648438 -0.0748748779296875 -0.24249267578125
-0.0031280517578125 0.0190010070800781 0.191162109375 -0.291290283203125
-0.0165243148803711 0.00523471832275391 0.4072265625 0.049896240234375
-0.00359153747558594 -0.0182209014892578 0.23553466796875 0.401947021484375
0.0175304412841797 -0.0129766464233398 -0.0500030517578125 0.276458740234375
0.0224342346191406 -0.00156593322753906 0.0407867431640625 -0.0196990966796875
0.0167636871337891 -0.00909709930419922 -0.028564453125 -0.346954345703125
0.00460147857666016 -0.0157375335693359 -0.392333984375 -0.2724609375
-0.00806427001953125 0.000700950622558592 -0.382476806640625 0.185882568359375
-0.00802421569824219 0.0133390426635742 -0.0264892578125 0.33258056640625
-0.00652027130126953 0.00979042053222656 0.15533447265625 0.171417236328125
0.00618314743041992 0.00119113922119141 0.153594970703125 -0.0465087890625
0.0151100158691406 -0.00777339935302734 0.071258544921875 -0.148818969726563
0.0138931274414063 -0.0150327682495117 -0.0855636596679688 0.122489929199219
0.0161666870117188 -0.00786876678466797 -0.149581909179688 -0.0183563232421875
0.00284290313720703 0.016657829284668 -0.067657470703125 -0.244293212890625
-0.0100498199462891 0.0213737487792969 0.199554443359375 -0.2882080078125
-0.0311737060546875 -0.00306510925292969 0.40484619140625 0.0638427734375
-0.0113754272460937 -0.038665771484375 0.22308349609375 0.410888671875
0.026641845703125 -0.0383186340332031 -0.0561065673828125 0.278427124023438
0.0407905578613281 -0.027923583984375 0.0391273498535156 -0.019439697265625
0.0149459838867187 -0.0334663391113281 -0.037445068359375 -0.3436279296875
-0.0116462707519531 -0.0261917114257813 -0.3988037109375 -0.25933837890625
-0.0226821899414063 0.00225639343261719 -0.3753662109375 0.195831298828125
-0.00918960571289063 0.0181674957275391 -0.01708984375 0.330230712890625
0.00018596649169922 0.0134620666503906 0.162826538085937 0.16375732421875
0.0134754180908203 0.00308895111083984 0.15582275390625 -0.048919677734375
0.0208568572998047 -0.00770187377929688 0.0705718994140625 -0.150421142578125
0.0191097259521484 -0.0143642425537109 -0.0837173461914062 0.124420166015625
0.0230960845947266 -0.00483322143554687 -0.147903442382813 -0.0115203857421875
0.00841712951660156 0.0208835601806641 -0.0713043212890625 -0.239669799804688
-0.0166130065917969 0.0234260559082031 0.189239501953125 -0.2923583984375
-0.0464057922363281 -0.009307861328125 0.40289306640625 0.049713134765625
-0.0222969055175781 -0.0597152709960938 0.233062744140625 0.40496826171875
0.0341148376464844 -0.0663833618164063 -0.05340576171875 0.2884521484375
0.0592269897460938 -0.0555877685546875 0.0330886840820313 -0.00821685791015626
0.0143013000488281 -0.0585784912109375 -0.0313720703125 -0.3353271484375
-0.0280723571777344 -0.0388450622558594 -0.390533447265625 -0.264404296875
-0.0383758544921875 0.00227355957031249 -0.3817138671875 0.18609619140625
-0.01202392578125 0.0223579406738281 -0.02099609375 0.3310546875
0.00809288024902344 0.0186309814453125 0.163558959960938 0.16607666015625
0.0239353179931641 0.00711631774902344 0.157470703125 -0.0467376708984375
0.028411865234375 -0.00752639770507813 0.0718994140625 -0.150741577148438
0.0234127044677734 -0.0137405395507813 -0.0790176391601562 0.127204895019531
0.0296134948730469 -0.00219535827636719 -0.146942138671875 0.000579833984374993
0.0152378082275391 0.0241565704345703 -0.0860137939453125 -0.225631713867188
-0.0194797515869141 0.0263290405273438 0.1612548828125 -0.30145263671875
-0.0610237121582031 -0.0108375549316406 0.3984375 0.012054443359375
-0.0385894775390625 -0.075164794921875 0.266082763671875 0.3817138671875
0.035308837890625 -0.0931320190429688 -0.035919189453125 0.306732177734375
0.0767593383789063 -0.0826950073242188 0.0222244262695313 0.0163707733154297
0.0170516967773438 -0.0843887329101563 -0.01153564453125 -0.318511962890625
-0.0414848327636719 -0.0542984008789063 -0.365814208984375 -0.289306640625
-0.0562171936035156 -0.00114822387695312 -0.4010009765625 0.156280517578125
-0.0172309875488281 0.0263442993164063 -0.050689697265625 0.33563232421875
0.0133857727050781 0.0217609405517578 0.1536865234375 0.184478759765625
0.0322475433349609 0.0123386383056641 0.1610107421875 -0.036346435546875
0.0351047515869141 -0.00632095336914063 0.0789337158203125 -0.150360107421875
-0.0105581283569336 -0.0167818069458008 -0.0667724609375 0.130912780761719
-0.000742912292480467 -0.0155134201049805 -0.159835815429688 0.0216827392578125
-0.00495672225952148 -0.00196504592895508 -0.148574829101562 -0.182586669921875
0.0115385055541992 0.00335025787353516 0.068756103515625 -0.312286376953125
0.00638103485107422 0.0112524032592773 0.3839111328125 -0.10333251953125
0.00530719757080078 0.0118570327758789 0.37261962890625 0.27679443359375
0.00716972351074219 0.025543212890625 0.036834716796875 0.314300537109375
-0.00997543334960938 0.0387420654296875 0.0150794982910156 0.051361083984375
0.00614547729492188 0.0356559753417969 0.072113037109375 -0.30352783203125
0.0231838226318359 0.0152416229248047 -0.25909423828125 -0.401275634765625
0.0151586532592773 -0.000834465026855469 -0.43939208984375 0.0323486328125
-0.000942230224609375 -0.00529241561889649 -0.1551513671875 0.336456298828125
-0.00783395767211914 -0.00165700912475586 0.0838470458984375 0.250228881835938
-0.00441169738769531 -0.000968456268310548 0.149002075195313 -0.0001373291015625
-0.00163030624389648 -0.0070796012878418 0.094024658203125 -0.141845703125
-0.00810050964355469 -0.0167074203491211 -0.0711746215820312 0.128814697265625
-0.00160026550292969 -0.0159015655517578 -0.158233642578125 0.0105133056640625
-0.00650787353515625 9.96589660644543E-05 -0.131378173828125 -0.200607299804687
0.0109176635742188 0.00699520111083984 0.101409912109375 -0.311279296875
0.00780868530273438 0.0134897232055664 0.39599609375 -0.064788818359375
0.00828838348388672 0.0126476287841797 0.343170166015625 0.312469482421875
0.00665473937988281 0.0278854370117188 0.012542724609375 0.305145263671875
-0.0102043151855469 0.0405426025390625 0.0237445831298828 0.0304813385009766
0.00976943969726563 0.03521728515625 0.04736328125 -0.321014404296875
0.0264358520507813 0.0125617980957031 -0.30169677734375 -0.372772216796875
0.0163555145263672 -0.000423431396484375 -0.4296875 0.0774536132812499
-0.00259876251220703 -0.00149989128112793 -0.119232177734375 0.3421630859375
-0.0111303329467773 0.000517845153808592 0.103607177734375 0.230514526367187
-0.00564813613891602 -0.00168704986572266 0.150588989257813 -0.01336669921875
-4.57763671875007E-05 -0.00716829299926758 0.0871124267578125 -0.144500732421875
-0.00385475158691406 -0.0167932510375977 -0.0770797729492188 0.126556396484375
0.000555038452148438 -0.0152606964111328 -0.157180786132813 -0.00154113769531252
-0.00604057312011719 0.00311899185180664 -0.111984252929688 -0.219390869140625
0.00824546813964844 0.0118741989135742 0.136810302734375 -0.30731201171875
0.00381755828857422 0.0140447616577148 0.40509033203125 -0.021148681640625
0.00655841827392578 0.00940036773681641 0.304412841796875 0.348724365234375
0.00677871704101563 0.0222492218017578 -0.013031005859375 0.2926025390625
-0.00473785400390625 0.0345134735107422 0.0323581695556641 0.00789070129394532
0.0139217376708984 0.0278491973876953 0.018157958984375 -0.3363037109375
0.0249500274658203 0.00484085083007813 -0.342010498046875 -0.335601806640625
0.0126762390136719 -0.00092315673828125 -0.41436767578125 0.12322998046875
-0.00429487228393555 0.00295209884643555 -0.081024169921875 0.341827392578125
-0.0119094848632812 0.00302314758300781 0.125396728515625 0.208709716796875
-0.00429129600524902 -0.00171566009521484 0.152145385742188 -0.0262451171875
0.00374269485473633 -0.00763797760009766 0.0816497802734375 -0.146255493164062
0.00177288055419922 -0.0164861679077148 -0.0811538696289062 0.124198913574219
0.00425910949707031 -0.0136203765869141 -0.154373168945312 -0.0113372802734375
-0.00407171249389648 0.00766515731811524 -0.091766357421875 -0.23431396484375
0.00380325317382813 0.01605224609375 0.169952392578125 -0.2998046875
-0.00438785552978516 0.0115575790405273 0.409088134765625 0.021697998046875
0.00245594978332519 -0.00118589401245117 0.2650146484375 0.38128662109375
0.0103492736816406 0.00817108154296875 -0.035186767578125 0.28338623046875
0.00621795654296875 0.01983642578125 0.0385780334472656 -0.00912094116210937
0.0166311264038086 0.0120019912719727 -0.00900268554687498 -0.3450927734375
0.017430305480957 -0.00459384918212891 -0.373809814453125 -0.301025390625
0.00367927551269531 3.91006469726563E-05 -0.3968505859375 0.16021728515625
-0.00649166107177734 0.00835084915161133 -0.04833984375 0.33856201171875
-0.0104742050170898 0.00675201416015625 0.143280029296875 0.187957763671875
0.0001678466796875 -0.000782251358032226 0.152877807617187 -0.0381927490234375
0.00826406478881836 -0.00802993774414063 0.0755462646484375 -0.147872924804688
0.00803852081298828 -0.0159893035888672 -0.0847854614257813 0.123023986816406
0.00956344604492188 -0.0110616683959961 -0.151901245117187 -0.0174102783203125
-0.00103664398193359 0.012110710144043 -0.0756988525390625 -0.243179321289063
-0.00322914123535156 0.0189285278320313 0.191436767578125 -0.2928466796875
-0.0170125961303711 0.00521564483642578 0.4085693359375 0.050506591796875
-0.0038604736328125 -0.0178623199462891 0.236358642578125 0.4031982421875
0.0176048278808594 -0.013092041015625 -0.05023193359375 0.277359008789063
0.0221443176269531 -0.00189781188964844 0.0411300659179688 -0.0190048217773438
0.0168647766113281 -0.00876617431640625 -0.028350830078125 -0.34765625
0.00441169738769531 -0.0156974792480469 -0.3924560546875 -0.2725830078125
-0.00838518142700195 0.000689506530761717 -0.382843017578125 0.18658447265625
-0.00782394409179688 0.0137443542480469 -0.02606201171875 0.33447265625
-0.00606822967529297 0.0100240707397461 0.156204223632813 0.171859741210938
0.00653791427612305 0.000662803649902344 0.153671264648438 -0.046661376953125
0.0150604248046875 -0.00790977478027344 0.0712738037109375 -0.149276733398438
0.0135984420776367 -0.0154094696044922 -0.0848541259765625 0.123550415039063
0.0161314010620117 -0.00825786590576172 -0.149551391601562 -0.0174713134765625
0.00266075134277344 0.0168285369873047 -0.0680084228515625 -0.245254516601563
-0.0105438232421875 0.0212993621826172 0.199615478515625 -0.2891845703125
-0.0313014984130859 -0.00248146057128907 0.404693603515625 0.063934326171875
-0.0112953186035156 -0.0388946533203125 0.2236328125 0.4122314453125
0.0268516540527344 -0.038330078125 -0.057342529296875 0.278945922851563
0.0406227111816406 -0.0278396606445313 0.0398750305175781 -0.0192337036132813
0.0151920318603516 -0.0335674285888672 -0.037139892578125 -0.3443603515625
-0.01153564453125 -0.0264530181884766 -0.400115966796875 -0.26080322265625
-0.0225925445556641 0.00226783752441407 -0.377532958984375 0.19598388671875
-0.00985908508300781 0.0187816619873047 -0.0164794921875 0.331268310546875
3.91006469726549E-05 0.0135526657104492 0.163619995117188 0.16455078125
0.0136375427246094 0.00305747985839844 0.155487060546875 -0.049285888671875
0.02093505859375 -0.008087158203125 0.069915771484375 -0.1510009765625
0.0188179016113281 -0.0146427154541016 -0.083404541015625 0.125
0.0227203369140625 -0.00430870056152344 -0.148025512695313 -0.011199951171875
0.00852394104003906 0.0210456848144531 -0.0726776123046875 -0.23992919921875
-0.0166893005371094 0.0233135223388672 0.189422607421875 -0.293304443359375
-0.0469512939453125 -0.00923538208007813 0.402557373046875 0.050048828125
-0.0221977233886719 -0.0596542358398438 0.23236083984375 0.4073486328125
0.0346641540527344 -0.0658226013183594 -0.05413818359375 0.288909912109375
0.0593414306640625 -0.0556297302246094 0.0336875915527344 -0.00779151916503907
0.0141754150390625 -0.05908203125 -0.03094482421875 -0.3353271484375
-0.0279655456542969 -0.0389251708984375 -0.39141845703125 -0.26470947265625
-0.0384292602539063 0.0026092529296875 -0.384002685546875 0.187896728515625
-0.0124435424804688 0.0231037139892578 -0.0213623046875 0.33251953125
0.00824546813964844 0.0189437866210938 0.164443969726563 0.166656494140625
0.0238208770751953 0.00684738159179688 0.157791137695313 -0.04718017578125
0.0289402008056641 -0.00774002075195312 0.07183837890625 -0.152069091796875
0.0230998992919922 -0.0139045715332031 -0.0786590576171875 0.127677917480469
0.0300559997558594 -0.00214767456054688 -0.147232055664063 0.00114440917968751
0.0156841278076172 0.0240612030029297 -0.086395263671875 -0.225662231445313
-0.019287109375 0.0264930725097656 0.1610107421875 -0.302093505859375
-0.0616645812988281 -0.0108566284179687 0.398529052734375 0.01129150390625
-0.0391006469726563 -0.0750656127929688 0.266448974609375 0.38360595703125
0.0355758666992187 -0.093292236328125 -0.036712646484375 0.307891845703125
0.0771331787109375 -0.0829544067382812 0.0224113464355469 0.0167598724365234
0.0171127319335938 -0.0847396850585938 -0.011260986328125 -0.31884765625
-0.0414161682128906 -0.0543136596679688 -0.365936279296875 -0.290313720703125
-0.0567054748535156 -0.000751495361328125 -0.40069580078125 0.157073974609375
-0.0173187255859375 0.0265064239501953 -0.050811767578125 0.3377685546875
0.0134429931640625 0.0223007202148438 0.153884887695313 0.184707641601563
0.0320930480957031 0.0120201110839844 0.161148071289063 -0.036590576171875
0.0352516174316406 -0.00631332397460938 0.0788726806640625 -0.1519775390625
-0.0113992691040039 -0.0166206359863281 -0.0668411254882813 0.132110595703125
-0.00137424468994141 -0.0154018402099609 -0.16009521484375 0.0225067138671875
-0.00504016876220703 -0.00207090377807617 -0.150070190429687 -0.182907104492188
0.0113410949707031 0.00310802459716797 0.06817626953125 -0.31414794921875
0.00597476959228516 0.0117521286010742 0.3839111328125 -0.10516357421875
0.0052337646484375 0.011601448059082 0.37359619140625 0.276702880859375
0.007354736328125 0.0254096984863281 0.036651611328125 0.316009521484375
-0.0100746154785156 0.0387535095214844 0.0155105590820312 0.0514602661132812
0.00616073608398437 0.0354461669921875 0.07177734375 -0.304412841796875
0.0231246948242188 0.015380859375 -0.260894775390625 -0.401885986328125
0.0157537460327148 -0.00101852416992187 -0.440948486328125 0.0323181152343749
-0.00129508972167969 -0.00517368316650391 -0.15435791015625 0.33929443359375
-0.0075526237487793 -0.000887393951416016 0.08447265625 0.25152587890625
-0.00439047813415527 -0.000991106033325194 0.14971923828125 -0.0003662109375
-0.00182151794433594 -0.00712966918945313 0.0941162109375 -0.143157958984375
-0.00854682922363281 -0.0167160034179688 -0.0709304809570313 0.1300048828125
-0.00150871276855469 -0.0161552429199219 -0.158645629882813 0.0112152099609375
-0.00662708282470703 3.81469726562569E-06 -0.133392333984375 -0.20184326171875
0.0109043121337891 0.00732612609863281 0.1005859375 -0.313690185546875
0.00762271881103516 0.0135679244995117 0.39801025390625 -0.064422607421875
0.00825786590576172 0.0129718780517578 0.343963623046875 0.313751220703125
0.00629997253417968 0.0279827117919922 0.01275634765625 0.305908203125
-0.0101699829101563 0.0408821105957031 0.02410888671875 0.0310707092285156
0.00974655151367188 0.035369873046875 0.047698974609375 -0.321746826171875
0.0267295837402344 0.0124416351318359 -0.303009033203125 -0.372711181640625
0.0163688659667969 -0.000983238220214844 -0.43115234375 0.0790405273437499
-0.00246357917785645 -0.00136065483093262 -0.11846923828125 0.34442138671875
-0.0111045837402344 0.000698089599609374 0.105361938476563 0.231842041015625
-0.00584316253662109 -0.00185728073120117 0.151046752929688 -0.0141754150390625
0.000204563140869141 -0.00740814208984375 0.0872955322265625 -0.145553588867188
-0.00407886505126953 -0.0164871215820313 -0.0768280029296875 0.127532958984375
0.000343322753906251 -0.0157651901245117 -0.15753173828125 -0.00114440917968752
-0.00596141815185547 0.00286149978637695 -0.113388061523437 -0.219635009765625
0.00823116302490234 0.0116329193115234 0.1361083984375 -0.30926513671875
0.00382328033447266 0.0147209167480469 0.40545654296875 -0.022216796875
0.00683307647705078 0.00928020477294922 0.30731201171875 0.348907470703125
0.00673294067382813 0.0220241546630859 -0.01318359375 0.293914794921875
-0.00492095947265625 0.034454345703125 0.0326862335205078 0.00843620300292969
0.0144538879394531 0.0278415679931641 0.0185546875 -0.336456298828125
0.0248641967773438 0.00479698181152344 -0.344940185546875 -0.33538818359375
0.0122528076171875 -0.000894546508789063 -0.41552734375 0.124908447265625
-0.00470685958862305 0.00302696228027344 -0.080535888671875 0.344207763671875
-0.0121479034423828 0.00340461730957031 0.126678466796875 0.210006713867188
-0.00388741493225098 -0.00131702423095703 0.152999877929688 -0.027099609375
0.00370407104492188 -0.00753593444824219 0.0820770263671875 -0.147628784179688
0.00124549865722656 -0.0164222717285156 -0.0813217163085938 0.12518310546875
0.00418376922607422 -0.0139236450195313 -0.154815673828125 -0.0110626220703125
-0.00393772125244141 0.00730180740356445 -0.092742919921875 -0.2349853515625
0.00381755828857422 0.0156211853027344 0.169464111328125 -0.301849365234375
-0.0048065185546875 0.0114192962646484 0.410919189453125 0.021209716796875
0.00251340866088867 -0.00133848190307617 0.267364501953125 0.382843017578125
0.00981903076171875 0.00826644897460938 -0.03533935546875 0.28387451171875
0.00638198852539063 0.0200881958007813 0.0386619567871094 -0.00896072387695313
0.0170154571533203 0.0121726989746094 -0.00808715820312503 -0.34600830078125
0.0176200866699219 -0.00527763366699219 -0.376434326171875 -0.301025390625
0.0035097599029541 -0.000913381576538086 -0.3994140625 0.163360595703125
-0.006317138671875 0.00840425491333008 -0.04754638671875 0.340972900390625
-0.0105657577514648 0.0063323974609375 0.144393920898437 0.1883544921875
-5.44190406799316E-05 -0.00100618600845337 0.1533203125 -0.0389251708984375
0.00889396667480469 -0.00813198089599609 0.0753021240234375 -0.149200439453125
0.00756740570068359 -0.0161380767822266 -0.0847244262695313 0.124038696289063
0.00972557067871094 -0.0112085342407227 -0.1524658203125 -0.0169525146484375
-0.00111770629882812 0.0117874145507812 -0.076568603515625 -0.243621826171875
-0.00322532653808593 0.0194511413574219 0.19085693359375 -0.2945556640625
-0.0171604156494141 0.00571155548095703 0.409576416015625 0.0504150390625
-0.00366020202636719 -0.0181980133056641 0.23809814453125 0.403564453125
0.0173511505126953 -0.0132293701171875 -0.0505523681640625 0.27825927734375
0.0225639343261719 -0.00180244445800781 0.0413475036621094 -0.0189971923828125
0.0166988372802734 -0.00922203063964844 -0.02880859375 -0.348236083984375
0.00460433959960938 -0.0155544281005859 -0.39593505859375 -0.271636962890625
-0.00823211669921875 0.000704288482666016 -0.383636474609375 0.187408447265625
-0.0081939697265625 0.0138235092163086 -0.024444580078125 0.336090087890625
-0.00579071044921875 0.0102386474609375 0.157379150390625 0.173126220703125
0.00663661956787109 0.000603675842285156 0.153793334960938 -0.0477294921875
0.015049934387207 -0.00817108154296875 0.07086181640625 -0.150558471679688
0.013056755065918 -0.0151472091674805 -0.0849761962890625 0.124267578125
0.0163326263427734 -0.00843334197998047 -0.149688720703125 -0.0167694091796875
0.00313568115234375 0.0170774459838867 -0.0692138671875 -0.245620727539062
-0.0106258392333984 0.0212306976318359 0.19970703125 -0.291168212890625
-0.0321369171142578 -0.00256919860839843 0.407073974609375 0.06121826171875
-0.0110054016113281 -0.0392417907714844 0.225006103515625 0.412506103515625
0.026824951171875 -0.0390052795410156 -0.0578460693359375 0.280075073242188
0.0409202575683594 -0.0283203125 0.0402145385742188 -0.0189895629882813
0.0156078338623047 -0.0338630676269531 -0.036865234375 -0.34613037109375
-0.0119190216064453 -0.0270538330078125 -0.402252197265625 -0.259796142578125
-0.0232448577880859 0.00234794616699219 -0.37872314453125 0.19873046875
-0.00962448120117187 0.0187454223632813 -0.015411376953125 0.3336181640625
0.000637054443359375 0.0138235092163086 0.164413452148438 0.165176391601563
0.0140609741210937 0.00283432006835937 0.15618896484375 -0.049560546875
0.0208168029785156 -0.00820541381835938 0.0700225830078125 -0.152252197265625
0.0185527801513672 -0.0147151947021484 -0.0833282470703125 0.125411987304687
0.0227546691894531 -0.00528526306152344 -0.148193359375 -0.0105743408203125
0.00832748413085938 0.0213527679443359 -0.0732879638671875 -0.240676879882813
-0.0167350769042969 0.0233306884765625 0.1895751953125 -0.295257568359375
-0.0472679138183594 -0.00888824462890625 0.405517578125 0.049072265625
-0.0224800109863281 -0.0596771240234375 0.2340087890625 0.406829833984375
0.0343284606933594 -0.0668296813964844 -0.053802490234375 0.29071044921875
0.0594749450683594 -0.0560493469238281 0.0338058471679688 -0.00748062133789063
0.0142478942871094 -0.0592994689941406 -0.03106689453125 -0.3363037109375
-0.0278587341308594 -0.0386466979980469 -0.39453125 -0.264739990234375
-0.0389404296875 0.00308990478515626 -0.384033203125 0.18914794921875
-0.0120735168457031 0.0231800079345703 -0.02044677734375 0.33404541015625
0.00859451293945313 0.0188465118408203 0.165237426757813 0.1671142578125
0.0242824554443359 0.00672531127929688 0.158203125 -0.0480804443359375
0.0286788940429688 -0.0076446533203125 0.0719757080078125 -0.153030395507813
0.0228843688964844 -0.0140552520751953 -0.0781631469726562 0.127967834472656
0.0291996002197266 -0.00287628173828125 -0.147293090820313 0.00175476074218748
0.0157299041748047 0.0243625640869141 -0.0875396728515625 -0.226638793945313
-0.0195808410644531 0.0261440277099609 0.16082763671875 -0.303558349609375
-0.0621795654296875 -0.0104827880859375 0.4002685546875 0.009735107421875
-0.0391311645507813 -0.0755538940429688 0.26702880859375 0.3837890625
0.0352249145507813 -0.0937423706054688 -0.03643798828125 0.308746337890625
0.0771560668945313 -0.08331298828125 0.0228939056396484 0.0174579620361328
0.0168914794921875 -0.085174560546875 -0.01068115234375 -0.31964111328125
-0.0414505004882813 -0.0550689697265625 -0.368988037109375 -0.290985107421875
-0.0566825866699219 -0.000682830810546887 -0.402435302734375 0.159210205078125
-0.0174655914306641 0.027099609375 -0.049591064453125 0.338897705078125
0.0136070251464844 0.0224132537841797 0.154922485351563 0.186264038085938
0.0325889587402344 0.0114517211914063 0.161468505859375 -0.0371246337890625
0.03521728515625 -0.00684356689453125 0.0785675048828125 -0.152816772460938
-0.0119857788085937 -0.0162620544433594 -0.0665512084960938 0.132575988769531
-0.00150585174560547 -0.0157184600830078 -0.160781860351563 0.0232086181640625
-0.00499391555786133 -0.00232648849487305 -0.151687622070313 -0.18353271484375
0.0113306045532227 0.00313854217529297 0.06658935546875 -0.31640625
0.00620746612548828 0.0118207931518555 0.3848876953125 -0.10791015625
0.00555706024169922 0.011749267578125 0.3773193359375 0.27593994140625
0.00722122192382813 0.0255298614501953 0.037078857421875 0.3167724609375
-0.00979995727539063 0.03875732421875 0.0155448913574219 0.051971435546875
0.00608444213867187 0.03558349609375 0.072601318359375 -0.3055419921875
0.0238265991210938 0.0150375366210938 -0.263671875 -0.4029541015625
0.0153102874755859 -0.000966072082519531 -0.443634033203125 0.0346679687500001
-0.00149154663085938 -0.00505828857421875 -0.153656005859375 0.341796875
-0.00754404067993164 -0.00125980377197266 0.0860137939453125 0.252670288085937
-0.0038602352142334 -0.000851631164550781 0.1500244140625 -0.0011444091796875
-0.00161933898925781 -0.00691747665405273 0.0936431884765625 -0.144561767578125
-0.00908088684082032 -0.0166349411010742 -0.0710601806640625 0.130783081054687
-0.00181293487548828 -0.0163116455078125 -0.159683227539063 0.0121612548828125
-0.00671625137329102 0.000259876251220704 -0.134841918945313 -0.202239990234375
0.0109453201293945 0.00704669952392578 0.0999755859375 -0.31500244140625
0.00729560852050781 0.0139446258544922 0.3990478515625 -0.0675048828125
0.00846481323242188 0.0130615234375 0.3463134765625 0.315185546875
0.00676536560058594 0.0278091430664063 0.012786865234375 0.3074951171875
-0.0104866027832031 0.0409049987792969 0.0242900848388672 0.0311050415039063
0.0100650787353516 0.0350303649902344 0.047454833984375 -0.322906494140625
0.0266799926757813 0.0121383666992188 -0.304962158203125 -0.37371826171875
0.0164022445678711 -0.000903129577636719 -0.43310546875 0.0810546874999999
-0.0024566650390625 -0.00147104263305664 -0.11785888671875 0.346527099609375
-0.0107221603393555 0.000848770141601564 0.106704711914063 0.2330322265625
-0.00488758087158203 -0.00201225280761719 0.152099609375 -0.01422119140625
-0.000123023986816406 -0.00740194320678711 0.08746337890625 -0.146682739257812
-0.00474739074707031 -0.0168685913085938 -0.0767440795898438 0.128616333007813
0.000333786010742186 -0.0156354904174805 -0.158340454101563 0.000137329101562487
-0.00569534301757813 0.00312948226928711 -0.114608764648437 -0.219955444335938
0.00848865509033203 0.0120983123779297 0.135284423828125 -0.311279296875
0.00373649597167969 0.0146913528442383 0.407806396484375 -0.024444580078125
0.00659084320068359 0.00904273986816406 0.308502197265625 0.34918212890625
0.00687980651855469 0.0220260620117188 -0.01336669921875 0.294586181640625
-0.00461387634277344 0.0347652435302734 0.0327796936035156 0.00844383239746094
0.0142650604248047 0.0276107788085938 0.01849365234375 -0.33740234375
0.0254058837890625 0.004608154296875 -0.34722900390625 -0.337127685546875
0.0122261047363281 -0.00123786926269531 -0.41741943359375 0.127777099609375
-0.00498485565185547 0.00313282012939453 -0.07891845703125 0.34735107421875
-0.0116786956787109 0.00327682495117187 0.128463745117188 0.210708618164063
-0.00360941886901855 -0.00202083587646484 0.152740478515625 -0.0277862548828125
0.00322818756103516 -0.00774431228637695 0.081756591796875 -0.148757934570313
0.000739097595214845 -0.0163030624389648 -0.0808792114257813 0.12640380859375
0.00374794006347656 -0.0142726898193359 -0.155487060546875 -0.009735107421875
-0.00372076034545899 0.00763559341430664 -0.0943756103515625 -0.236099243164063
0.0039825439453125 0.0160188674926758 0.16876220703125 -0.303070068359375
-0.00456047058105469 0.0118017196655273 0.4117431640625 0.019317626953125
0.002410888671875 -0.00129938125610352 0.26849365234375 0.383819580078125
0.00986671447753906 0.00766372680664063 -0.03533935546875 0.285369873046875
0.00639533996582031 0.0201053619384766 0.0391960144042969 -0.00908660888671875
0.0170717239379883 0.0117607116699219 -0.00851440429687503 -0.347442626953125
0.0175743103027344 -0.00499725341796875 -0.37762451171875 -0.301025390625
0.00376033782958984 -0.0003204345703125 -0.399688720703125 0.1640625
-0.00653505325317383 0.00877666473388672 -0.046722412109375 0.3427734375
-0.0102329254150391 0.00729942321777344 0.145904541015625 0.189971923828125
0.000413775444030762 -0.000932872295379639 0.153854370117188 -0.0395660400390625
0.00825166702270508 -0.00843095779418945 0.0753021240234375 -0.151077270507813
0.00703716278076172 -0.0159025192260742 -0.0843658447265625 0.124656677246094
0.00957107543945313 -0.0115957260131836 -0.152786254882812 -0.016265869140625
-0.000683784484863283 0.0123777389526367 -0.0785064697265625 -0.244094848632812
-0.00315666198730469 0.0193939208984375 0.190887451171875 -0.296844482421875
-0.0174274444580078 0.00570297241210937 0.41162109375 0.04925537109375
-0.00351715087890625 -0.0182933807373047 0.23980712890625 0.405242919921875
0.0172824859619141 -0.0134401321411133 -0.0511932373046875 0.279052734375
0.0224456787109375 -0.00200843811035156 0.0417976379394531 -0.0186004638671875
0.0171775817871094 -0.00946044921875 -0.028778076171875 -0.349578857421875
0.00431060791015625 -0.0160608291625977 -0.3983154296875 -0.27294921875
-0.00842809677124023 0.00103855133056641 -0.3853759765625 0.190460205078125
-0.00780773162841797 0.0142059326171875 -0.022735595703125 0.3382568359375
-0.00586509704589844 0.010284423828125 0.159347534179688 0.173126220703125
0.00719451904296875 0.000703334808349609 0.154022216796875 -0.0486907958984375
0.0151948928833008 -0.00858306884765625 0.0709686279296875 -0.15179443359375
0.0126314163208008 -0.0151968002319336 -0.084747314453125 0.125343322753906
0.0157308578491211 -0.00872039794921875 -0.150436401367188 -0.015777587890625
0.00289821624755859 0.0167045593261719 -0.070159912109375 -0.246902465820313
-0.0105876922607422 0.0214824676513672 0.19866943359375 -0.293243408203125
-0.0321712493896484 -0.0023651123046875 0.407989501953125 0.061859130859375
-0.0114631652832031 -0.0392799377441406 0.225799560546875 0.41357421875
0.026824951171875 -0.0395469665527344 -0.057708740234375 0.281158447265625
0.040771484375 -0.0286445617675781 0.0404891967773438 -0.0188407897949219
0.0152435302734375 -0.0338783264160156 -0.036651611328125 -0.34735107421875
-0.0118389129638672 -0.0268306732177734 -0.40521240234375 -0.2601318359375
-0.0228385925292969 0.00237655639648438 -0.379425048828125 0.1993408203125
-0.0095977783203125 0.0192203521728516 -0.013763427734375 0.335968017578125
0.000575065612792969 0.0139484405517578 0.166091918945313 0.165740966796875
0.0143270492553711 0.00280284881591797 0.156326293945313 -0.050933837890625
0.0205955505371094 -0.00836181640625 0.0699310302734375 -0.15374755859375
0.0178260803222656 -0.0143260955810547 -0.0828170776367188 0.126541137695312
0.0223255157470703 -0.00551605224609375 -0.148834228515625 -0.00953674316406248
0.00865364074707031 0.0210933685302734 -0.073944091796875 -0.241348266601563
-0.0167675018310547 0.0235462188720703 0.18914794921875 -0.297760009765625
-0.0475959777832031 -0.00846099853515625 0.406341552734375 0.04815673828125
-0.0224075317382812 -0.0602645874023437 0.236297607421875 0.408294677734375
0.0342063903808594 -0.0671615600585938 -0.0546875 0.291961669921875
0.0593719482421875 -0.0565757751464844 0.0342807769775391 -0.00695991516113282
0.01422119140625 -0.0596237182617187 -0.0311279296875 -0.3375244140625
-0.0280265808105469 -0.0391349792480469 -0.39642333984375 -0.26470947265625
-0.0390052795410156 0.00310516357421876 -0.385498046875 0.19146728515625
-0.0121383666992188 0.0234737396240234 -0.018341064453125 0.335906982421875
0.00889968872070313 0.0187492370605469 0.166259765625 0.1673583984375
0.0244235992431641 0.00642585754394531 0.15826416015625 -0.048797607421875
0.0287723541259766 -0.00784683227539063 0.0711212158203125 -0.154373168945312
0.0231151580810547 -0.0139884948730469 -0.0781173706054687 0.12921142578125
0.0297050476074219 -0.00340461730957031 -0.147567749023437 0.00274658203124997
0.0159130096435547 0.024200439453125 -0.088836669921875 -0.227157592773438
-0.0195903778076172 0.026519775390625 0.159912109375 -0.3056640625
-0.0628089904785156 -0.0100555419921875 0.4024658203125 0.009796142578125
-0.0396041870117188 -0.0761566162109375 0.270111083984375 0.3834228515625
0.0350418090820313 -0.0942001342773438 -0.03607177734375 0.31011962890625
0.07708740234375 -0.0837936401367188 0.0229663848876953 0.0176105499267578
0.0172805786132813 -0.0858154296875 -0.0113525390625 -0.321014404296875
-0.0414810180664062 -0.0546455383300781 -0.370697021484375 -0.2904052734375
-0.0570640563964844 -0.000396728515625 -0.403045654296875 0.16119384765625
-0.0178928375244141 0.0273723602294922 -0.04815673828125 0.341400146484375
0.0142650604248047 0.0227622985839844 0.157028198242187 0.185989379882813
0.0329818725585938 0.0115013122558594 0.161849975585938 -0.038116455078125
0.0352439880371094 -0.00690078735351563 0.0787811279296875 -0.15399169921875
-0.0124673843383789 -0.0165910720825195 -0.0664291381835937 0.134063720703125
-0.00183486938476563 -0.0158281326293945 -0.161270141601563 0.0248565673828125
-0.00506162643432617 -0.00203275680541992 -0.15374755859375 -0.183807373046875
0.0113811492919922 0.00285816192626953 0.06475830078125 -0.31817626953125
0.00598526000976563 0.0120658874511719 0.386810302734375 -0.110382080078125
0.00565624237060547 0.0116872787475586 0.3785400390625 0.274749755859375
0.00726699829101563 0.0253067016601563 0.038238525390625 0.318084716796875
-0.00964355468749999 0.0390090942382813 0.0164718627929688 0.0523872375488281
0.00637435913085937 0.0354881286621094 0.0723876953125 -0.307159423828125
0.0236606597900391 0.0150375366210938 -0.265594482421875 -0.404571533203125
0.0152368545532227 -0.000527381896972656 -0.4456787109375 0.03717041015625
-0.00180959701538086 -0.00500297546386719 -0.152984619140625 0.344268798828125
-0.00710010528564453 -0.000491619110107423 0.0880889892578125 0.253524780273438
-0.0037086009979248 -0.000886201858520508 0.150543212890625 -0.0015869140625
-0.00208950042724609 -0.0072789192199707 0.0933837890625 -0.145919799804688
-0.00962257385253906 -0.0169353485107422 -0.0703964233398438 0.131988525390625
-0.00205039978027344 -0.0164957046508789 -0.160400390625 0.01348876953125
-0.00636672973632812 0.000112056732177733 -0.13677978515625 -0.202362060546875
0.0111494064331055 0.00713253021240234 0.098724365234375 -0.317352294921875
0.00729751586914063 0.0140676498413086 0.400543212890625 -0.06854248046875
0.00844764709472656 0.0131969451904297 0.348785400390625 0.31341552734375
0.00670433044433594 0.0273532867431641 0.013946533203125 0.307891845703125
-0.00991058349609375 0.0412483215332031 0.0247974395751953 0.0311393737792969
0.0103492736816406 0.0356330871582031 0.047576904296875 -0.324615478515625
0.0275421142578125 0.0119667053222656 -0.308563232421875 -0.3740234375
0.0165214538574219 -0.000824928283691406 -0.43572998046875 0.0834045410156251
-0.00281143188476563 -0.00151205062866211 -0.1165771484375 0.34991455078125
-0.0107288360595703 0.00096607208251953 0.108993530273437 0.234359741210937
-0.00500059127807617 -0.00176525115966797 0.152542114257813 -0.0151824951171875
-0.000250339508056641 -0.0075836181640625 0.0866851806640625 -0.148040771484375
-0.00530910491943359 -0.0167694091796875 -0.076416015625 0.129280090332031
4.00543212890616E-05 -0.0158452987670898 -0.15887451171875 0.00114440917968752
-0.00571727752685547 0.00328588485717773 -0.116607666015625 -0.220611572265625
0.00878334045410156 0.0117425918579102 0.134063720703125 -0.31341552734375
0.00378131866455078 0.0149068832397461 0.409454345703125 -0.02581787109375
0.00667476654052734 0.00916862487792969 0.3109130859375 0.349761962890625
0.00679588317871094 0.0218181610107422 -0.013092041015625 0.29608154296875
-0.004486083984375 0.0348396301269531 0.0332355499267578 0.00886917114257813
0.0147933959960937 0.0279216766357422 0.01800537109375 -0.339630126953125
0.0255851745605469 0.0047454833984375 -0.349365234375 -0.3358154296875
0.0128202438354492 -0.000842094421386719 -0.418548583984375 0.129486083984375
-0.00499439239501953 0.00344562530517578 -0.077972412109375 0.3499755859375
-0.0118789672851562 0.00377464294433594 0.130142211914063 0.211639404296875
-0.00380897521972656 -0.00166249275207519 0.15362548828125 -0.02923583984375
0.00333690643310547 -0.00815153121948242 0.0811004638671875 -0.150283813476563
0.000328063964843749 -0.0162992477416992 -0.080413818359375 0.127639770507813
0.00386428833007813 -0.0147705078125 -0.156265258789063 -0.00917053222656253
-0.00400209426879883 0.00722742080688477 -0.09539794921875 -0.236648559570313
0.00365924835205078 0.0160541534423828 0.168060302734375 -0.30609130859375
-0.00507068634033203 0.0120992660522461 0.414337158203125 0.018096923828125
0.00237226486206055 -0.00125837326049805 0.2716064453125 0.383087158203125
0.0101251602172852 0.00771999359130859 -0.035125732421875 0.286529541015625
0.00639724731445313 0.0198974609375 0.0396499633789063 -0.0086822509765625
0.016942024230957 0.012019157409668 -0.00885009765625001 -0.349029541015625
0.0180511474609375 -0.00513458251953125 -0.381317138671875 -0.300445556640625
0.00340175628662109 -0.000370264053344727 -0.401153564453125 0.168060302734375
-0.00732517242431641 0.00900077819824219 -0.044403076171875 0.345184326171875
-0.0099334716796875 0.00758647918701172 0.14739990234375 0.189910888671875
0.000510931015014648 -0.00111830234527588 0.154159545898438 -0.040924072265625
0.00865697860717773 -0.0084075927734375 0.0746612548828125 -0.151885986328125
0.00629806518554687 -0.0160350799560547 -0.0839691162109375 0.126617431640625
0.00937175750732422 -0.0118589401245117 -0.153488159179688 -0.0146636962890625
-0.000897407531738282 0.0124197006225586 -0.0803375244140625 -0.245574951171875
-0.00282859802246094 0.0190143585205078 0.189544677734375 -0.29901123046875
-0.0177555084228516 0.00618362426757813 0.413787841796875 0.048858642578125
-0.00381660461425781 -0.0181179046630859 0.241546630859375 0.40460205078125
0.0174627304077148 -0.0139026641845703 -0.050537109375 0.280914306640625
0.0224132537841797 -0.00214767456054688 0.0419654846191406 -0.0184249877929688
0.0171289443969727 -0.00954151153564453 -0.02996826171875 -0.350494384765625
0.00483512878417969 -0.0162239074707031 -0.4017333984375 -0.27069091796875
-0.00833320617675781 0.00100469589233399 -0.38653564453125 0.193603515625
-0.00801658630371094 0.014251708984375 -0.021148681640625 0.341278076171875
-0.00571632385253906 0.0107288360595703 0.160858154296875 0.173324584960938
0.00768899917602539 0.000347614288330078 0.15460205078125 -0.0496063232421875
0.0149650573730469 -0.00829029083251953 0.070220947265625 -0.153091430664063
0.0122241973876953 -0.0152397155761719 -0.0841522216796875 0.126365661621094
0.0158119201660156 -0.00871562957763672 -0.151077270507813 -0.0151824951171875
0.00294971466064453 0.0169534683227539 -0.07196044921875 -0.247589111328125
-0.0102996826171875 0.021392822265625 0.19744873046875 -0.295562744140625
-0.0326652526855469 -0.00154876708984376 0.41229248046875 0.06103515625
-0.0114364624023438 -0.0394744873046875 0.22747802734375 0.41485595703125
0.0265655517578125 -0.0402107238769531 -0.05706787109375 0.282928466796875
0.0409469604492188 -0.0286293029785156 0.0408554077148438 -0.0184745788574219
0.015625 -0.0342521667480469 -0.03863525390625 -0.34820556640625
-0.0116691589355469 -0.0267505645751953 -0.407623291015625 -0.259735107421875
-0.0227947235107422 0.00309562683105468 -0.38153076171875 0.2027587890625
-0.00980186462402344 0.0192909240722656 -0.011810302734375 0.338165283203125
0.000926017761230468 0.0137729644775391 0.1678466796875 0.1658935546875
0.0147724151611328 0.00220966339111328 0.156005859375 -0.0521697998046875
0.0206298828125 -0.00877952575683594 0.068939208984375 -0.15472412109375
0.0174226760864258 -0.0142030715942383 -0.0824508666992188 0.1278076171875
0.0224609375 -0.00548744201660156 -0.14923095703125 -0.00845336914062497
0.0085906982421875 0.0210094451904297 -0.075714111328125 -0.24212646484375
-0.0167102813720703 0.0234165191650391 0.18817138671875 -0.29925537109375
-0.04815673828125 -0.00814819335937501 0.40802001953125 0.047027587890625
-0.0228996276855469 -0.0603218078613281 0.238861083984375 0.408721923828125
0.0339851379394531 -0.0679512023925781 -0.05377197265625 0.2933349609375
0.0596389770507812 -0.0565299987792969 0.0348224639892578 -0.00687217712402344
0.0145187377929688 -0.0602569580078125 -0.032135009765625 -0.339202880859375
-0.0282325744628906 -0.0390472412109375 -0.39910888671875 -0.2630615234375
-0.0391845703125 0.00363922119140624 -0.386444091796875 0.1956787109375
-0.0124034881591797 0.0234794616699219 -0.016876220703125 0.338409423828125
0.00965118408203125 0.0189895629882813 0.168121337890625 0.167572021484375
0.0248622894287109 0.00601768493652344 0.15850830078125 -0.049591064453125
0.0288600921630859 -0.00815391540527344 0.0704803466796875 -0.155548095703125
0.0226631164550781 -0.0140571594238281 -0.0772628784179688 0.130409240722656
0.0294609069824219 -0.00329208374023438 -0.148025512695313 0.00354003906249999
0.0159397125244141 0.0244731903076172 -0.0903778076171875 -0.227508544921875
-0.0199756622314453 0.026519775390625 0.15899658203125 -0.3082275390625
-0.0631065368652344 -0.00969696044921874 0.4044189453125 0.008697509765625
-0.0403976440429688 -0.0762405395507812 0.272308349609375 0.3848876953125
0.035064697265625 -0.0950851440429688 -0.036163330078125 0.3118896484375
0.0768508911132812 -0.0843658447265625 0.0236854553222656 0.0179443359375
0.0170135498046875 -0.0858078002929687 -0.01190185546875 -0.322296142578125
-0.0421104431152344 -0.0548896789550781 -0.3739013671875 -0.289276123046875
-0.0568084716796875 4.19616699218685E-05 -0.404876708984375 0.16485595703125
-0.0174331665039063 0.0275058746337891 -0.0465087890625 0.34368896484375
0.0144329071044922 0.0221881866455078 0.158721923828125 0.1865234375
0.0332584381103516 0.0112342834472656 0.16259765625 -0.039154052734375
0.0354652404785156 -0.00696945190429687 0.078033447265625 -0.155242919921875
-0.0129632949829102 -0.0164871215820312 -0.0653610229492188 0.134895324707031
-0.00195884704589844 -0.0164165496826172 -0.161788940429688 0.026336669921875
-0.00477695465087891 -0.00182342529296875 -0.155670166015625 -0.18316650390625
0.0112037658691406 0.00254440307617188 0.06304931640625 -0.31951904296875
0.00596427917480469 0.0121355056762695 0.387939453125 -0.112518310546875
0.00557422637939453 0.0116510391235352 0.381622314453125 0.274322509765625
0.007110595703125 0.0255050659179688 0.038726806640625 0.31927490234375
-0.00952529907226563 0.03900146484375 0.0167198181152344 0.0526199340820313
0.00661087036132812 0.035552978515625 0.071533203125 -0.3084716796875
0.0240497589111328 0.0150928497314453 -0.2685546875 -0.403594970703125
0.0154447555541992 -0.000870704650878906 -0.4483642578125 0.03924560546875
-0.00225639343261719 -0.00489377975463867 -0.15155029296875 0.34814453125
-0.00706052780151367 -0.000686168670654297 0.0905303955078125 0.255233764648438
-0.00351786613464355 -0.00110340118408203 0.151123046875 -0.00274658203125
-0.00160455703735352 -0.00755023956298828 0.0929718017578125 -0.147445678710938
-0.0102310180664063 -0.0165691375732422 -0.0699386596679688 0.133628845214844
-0.00236034393310547 -0.0167551040649414 -0.16070556640625 0.014678955078125
-0.00653314590454101 0.000179767608642577 -0.139114379882813 -0.20220947265625
0.0111627578735352 0.00709438323974609 0.096343994140625 -0.319305419921875
0.00719833374023438 0.0144586563110352 0.40179443359375 -0.07208251953125
0.00848770141601563 0.0130472183227539 0.350982666015625 0.311370849609375
0.00661087036132812 0.0273151397705078 0.014404296875 0.309661865234375
-0.0098114013671875 0.0412864685058594 0.0254306793212891 0.0314388275146484
0.01043701171875 0.0352249145507813 0.046905517578125 -0.32568359375
0.0270786285400391 0.0119247436523438 -0.31268310546875 -0.3751220703125
0.0167789459228516 -0.000471115112304687 -0.43658447265625 0.087066650390625
-0.00307393074035644 -0.00143980979919434 -0.114837646484375 0.35205078125
-0.0102777481079102 0.00140953063964844 0.110595703125 0.234359741210938
-0.00463581085205078 -0.00185441970825195 0.152664184570313 -0.0167083740234375
-0.000316619873046876 -0.00762224197387695 0.086181640625 -0.150131225585938
-0.00582981109619141 -0.0167579650878906 -0.0756378173828125 0.130844116210938
-0.000329971313476563 -0.0162572860717773 -0.159469604492187 0.00257873535156248
-0.00582456588745117 0.00316286087036133 -0.118515014648437 -0.221420288085938
0.00882625579833984 0.011439323425293 0.132659912109375 -0.315643310546875
0.00358486175537109 0.0152158737182617 0.411834716796875 -0.028472900390625
0.00685310363769531 0.00940227508544922 0.313995361328125 0.349456787109375
0.00690460205078125 0.0217380523681641 -0.01190185546875 0.2969970703125
-0.00449562072753906 0.0350208282470703 0.0334815979003906 0.00878715515136719
0.0147876739501953 0.0277614593505859 0.016571044921875 -0.341583251953125
0.025604248046875 0.00439453125 -0.3526611328125 -0.335601806640625
0.0125284194946289 -0.000993728637695313 -0.420135498046875 0.1337890625
-0.00477838516235352 0.00362968444824219 -0.075531005859375 0.3524169921875
-0.01171875 0.00394058227539062 0.132461547851563 0.211990356445313
-0.00312352180480957 -0.0018153190612793 0.153900146484375 -0.030120849609375
0.00318098068237305 -0.008209228515625 0.0803985595703125 -0.1517333984375
-0.000282287597656249 -0.0163278579711914 -0.0799713134765625 0.128761291503906
0.00368213653564453 -0.0146894454956055 -0.156707763671875 -0.00769042968750002
-0.00399303436279297 0.00739908218383789 -0.0981903076171875 -0.236923217773437
0.00404644012451172 0.016362190246582 0.16632080078125 -0.30780029296875
-0.00515365600585937 0.013117790222168 0.4151611328125 0.01654052734375
0.00226926803588867 -0.00153207778930664 0.273895263671875 0.383636474609375
0.00950050354003906 0.00750541687011719 -0.034027099609375 0.287933349609375
0.00675773620605469 0.0200748443603516 0.0398292541503906 -0.008544921875
0.0174360275268555 0.0120048522949219 -0.010528564453125 -0.349517822265625
0.0181560516357422 -0.00490188598632813 -0.384033203125 -0.301025390625
0.00337052345275879 -0.000569343566894531 -0.402496337890625 0.17230224609375
-0.00664138793945312 0.00894641876220703 -0.04254150390625 0.347686767578125
-0.00996780395507813 0.00722789764404297 0.149993896484375 0.190567016601563
0.000979423522949219 -0.00153791904449463 0.154556274414063 -0.042022705078125
0.00839757919311523 -0.00837516784667969 0.074127197265625 -0.1534423828125
0.00600433349609375 -0.015986442565918 -0.0833206176757813 0.127471923828125
0.00922870635986328 -0.0121603012084961 -0.153717041015625 -0.0136566162109375
-0.000679016113281251 0.0118732452392578 -0.081756591796875 -0.246002197265625
-0.00270843505859375 0.0190048217773438 0.188507080078125 -0.30120849609375
-0.0178508758544922 0.00658607482910157 0.41632080078125 0.0467529296875
-0.00383377075195312 -0.0186595916748047 0.24456787109375 0.40631103515625
0.0170869827270508 -0.0141420364379883 -0.050384521484375 0.282318115234375
0.0223789215087891 -0.00219917297363281 0.0425071716308594 -0.0183219909667969
0.0175991058349609 -0.00980567932128906 -0.030426025390625 -0.351959228515625
0.00516223907470703 -0.0158233642578125 -0.40435791015625 -0.27105712890625
-0.00836086273193359 0.000706672668457033 -0.38763427734375 0.196624755859375
-0.00829792022705078 0.01434326171875 -0.018798828125 0.34320068359375
-0.00544548034667969 0.0105009078979492 0.16290283203125 0.173858642578125
0.00730228424072266 0.00046539306640625 0.15472412109375 -0.05084228515625
0.0151653289794922 -0.00867843627929688 0.06939697265625 -0.154708862304687
0.0118741989135742 -0.0150604248046875 -0.083892822265625 0.127372741699219
0.0156278610229492 -0.00928401947021484 -0.151107788085938 -0.0137786865234375
0.003387451171875 0.0169448852539063 -0.074127197265625 -0.248291015625
-0.0103588104248047 0.0212669372558594 0.196929931640625 -0.29779052734375
-0.032562255859375 -0.00120925903320312 0.41253662109375 0.05926513671875
-0.0119857788085938 -0.039581298828125 0.231353759765625 0.4150390625
0.0263900756835938 -0.0403709411621094 -0.057098388671875 0.284210205078125
0.0407867431640625 -0.029022216796875 0.0415458679199219 -0.0184288024902344
0.0156288146972656 -0.03448486328125 -0.039306640625 -0.348968505859375
-0.0118789672851562 -0.0270786285400391 -0.410736083984375 -0.25823974609375
-0.0230503082275391 0.00338363647460937 -0.38140869140625 0.207427978515625
-0.00995445251464844 0.019561767578125 -0.00985717773437499 0.34063720703125
0.00131034851074219 0.0138835906982422 0.170028686523438 0.165542602539063
0.0150337219238281 0.00195598602294922 0.156570434570313 -0.0531768798828125
0.0211868286132813 -0.00890922546386719 0.0681610107421875 -0.156524658203125
0.0172462463378906 -0.0145282745361328 -0.0813827514648437 0.128738403320313
0.0222358703613281 -0.00616073608398438 -0.149307250976563 -0.007293701171875
0.00876617431640625 0.0209293365478516 -0.07763671875 -0.242446899414062
-0.0165138244628906 0.0233936309814453 0.187103271484375 -0.301483154296875
-0.0485420227050781 -0.00744247436523438 0.410919189453125 0.045135498046875
-0.023162841796875 -0.0604209899902344 0.241363525390625 0.409942626953125
0.0339126586914063 -0.0684928894042969 -0.052978515625 0.29425048828125
0.0595283508300781 -0.0575332641601563 0.0353622436523438 -0.006591796875
0.0139427185058594 -0.0602645874023438 -0.03375244140625 -0.340240478515625
-0.0282249450683594 -0.038787841796875 -0.402191162109375 -0.262420654296875
-0.0396156311035156 0.00368881225585937 -0.3880615234375 0.199005126953125
-0.0123424530029297 0.0241565704345703 -0.01409912109375 0.34027099609375
0.0097198486328125 0.0190296173095703 0.170379638671875 0.168319702148438
0.0254287719726563 0.00589179992675781 0.158523559570313 -0.0512847900390625
0.0288887023925781 -0.0080413818359375 0.06988525390625 -0.156707763671875
0.0223464965820313 -0.0141639709472656 -0.0765609741210937 0.131523132324219
0.0291404724121094 -0.00384140014648438 -0.14813232421875 0.00453186035156253
0.0165309906005859 0.0241355895996094 -0.09222412109375 -0.2283935546875
-0.0196361541748047 0.0266857147216797 0.1580810546875 -0.309844970703125
-0.0634307861328125 -0.00860977172851563 0.4056396484375 0.006103515625
-0.04010009765625 -0.0764999389648438 0.27496337890625 0.38531494140625
0.0343399047851563 -0.0958404541015625 -0.035003662109375 0.313812255859375
0.0773849487304688 -0.0852127075195313 0.0240402221679688 0.0182514190673828
0.01654052734375 -0.0862808227539063 -0.0128173828125 -0.32330322265625
-0.0427093505859375 -0.0550003051757813 -0.3759765625 -0.28924560546875
-0.0573005676269531 0.00117874145507812 -0.40509033203125 0.16705322265625
-0.0181179046630859 0.0283584594726562 -0.044281005859375 0.34674072265625
0.0149059295654297 0.0223770141601563 0.16046142578125 0.186782836914063
0.0340843200683594 0.0107975006103516 0.162277221679688 -0.0403289794921875
0.0356254577636719 -0.00733566284179688 0.0768585205078125 -0.156356811523438
-0.0135211944580078 -0.016087532043457 -0.0648040771484375 0.136192321777344
-0.00244045257568359 -0.0168867111206055 -0.161956787109375 0.0277557373046875
-0.00472164154052734 -0.00203657150268555 -0.157958984375 -0.182907104492188
0.011744499206543 0.00290966033935547 0.060577392578125 -0.321990966796875
0.00623512268066406 0.012446403503418 0.388916015625 -0.115386962890625
0.00573444366455078 0.0112600326538086 0.38409423828125 0.271942138671875
0.00705528259277344 0.0253829956054688 0.040313720703125 0.319915771484375
-0.00926589965820312 0.0393714904785156 0.0173606872558594 0.0528945922851562
0.00692367553710938 0.0354232788085938 0.070709228515625 -0.310455322265625
0.0245113372802734 0.0150184631347656 -0.27215576171875 -0.403961181640625
0.0158786773681641 -0.000974655151367188 -0.45050048828125 0.0433349609375
-0.00220346450805664 -0.004913330078125 -0.14959716796875 0.3505859375
-0.00670242309570313 -0.000561714172363281 0.0933685302734375 0.255722045898438
-0.0030510425567627 -0.000930547714233399 0.152114868164063 -0.0036773681640625
-0.00212526321411133 -0.00760364532470703 0.0917816162109375 -0.14923095703125
-0.0111408233642578 -0.0162982940673828 -0.0692214965820313 0.134483337402344
-0.00246238708496094 -0.0174751281738281 -0.161453247070313 0.0168304443359375
-0.00619220733642578 2.57492065429689E-05 -0.141647338867188 -0.202178955078125
0.011509895324707 0.00656795501708984 0.094390869140625 -0.3212890625
0.00753974914550781 0.0147361755371094 0.404052734375 -0.0750732421875
0.00828742980957031 0.0127143859863281 0.353790283203125 0.311126708984375
0.0068817138671875 0.0274257659912109 0.015716552734375 0.310333251953125
-0.00965499877929687 0.0418510437011719 0.0250015258789063 0.0316162109375
0.0109786987304687 0.0355758666992187 0.045806884765625 -0.326995849609375
0.0277023315429688 0.0118942260742188 -0.31451416015625 -0.374267578125
0.0167303085327148 -0.000737190246582031 -0.438690185546875 0.0910949707031249
-0.00337862968444824 -0.00102448463439941 -0.113037109375 0.355377197265625
-0.0103549957275391 0.00159168243408203 0.113189697265625 0.235549926757813
-0.00461339950561523 -0.002166748046875 0.153045654296875 -0.0174713134765625
-0.000237464904785157 -0.00748443603515625 0.08538818359375 -0.1514892578125
-0.00656986236572266 -0.0164241790771484 -0.0751724243164062 0.131927490234375
5.62667846679694E-05 -0.0162181854248047 -0.159927368164063 0.00424194335937501
-0.00555419921875 0.00323486328125 -0.120651245117187 -0.221206665039063
0.00892829895019531 0.0114612579345703 0.130706787109375 -0.318328857421875
0.00315189361572266 0.0154666900634766 0.412811279296875 -0.031005859375
0.00691032409667969 0.00894260406494141 0.3157958984375 0.34759521484375
0.00650215148925781 0.0213451385498047 -0.01092529296875 0.2987060546875
-0.00410842895507812 0.0350532531738281 0.0338687896728516 0.00922775268554688
0.0155048370361328 0.0277442932128906 0.014495849609375 -0.341949462890625
0.0260848999023437 0.00433731079101562 -0.356109619140625 -0.33551025390625
0.0125703811645508 -0.0007476806640625 -0.421142578125 0.137603759765625
-0.00522518157958984 0.00355243682861328 -0.073333740234375 0.35479736328125
-0.0115022659301758 0.00399589538574219 0.134307861328125 0.212890625
-0.00233697891235352 -0.00211238861083984 0.154281616210938 -0.0310821533203125
0.00299787521362305 -0.00826025009155273 0.080078125 -0.1531982421875
-0.00110721588134766 -0.0165796279907227 -0.0793380737304688 0.1298828125
0.00363063812255859 -0.0149116516113281 -0.157363891601563 -0.00625610351562498
-0.00341081619262695 0.00768899917602539 -0.0998382568359375 -0.23712158203125
0.00403308868408203 0.0156717300415039 0.165008544921875 -0.311187744140625
-0.00550079345703125 0.0130786895751953 0.41748046875 0.01409912109375
0.00235414505004883 -0.00132369995117188 0.276702880859375 0.383056640625
0.00980949401855469 0.0069122314453125 -0.03338623046875 0.289276123046875
0.00685501098632813 0.0201625823974609 0.0397529602050781 -0.00831222534179687
0.0177078247070313 0.0114974975585938 -0.0115966796875 -0.351318359375
0.0179901123046875 -0.00575447082519531 -0.387939453125 -0.298919677734375
0.00384402275085449 -0.000585317611694336 -0.40325927734375 0.1751708984375
-0.00695133209228515 0.0092611312866211 -0.03997802734375 0.3511962890625
-0.00947856903076172 0.00778961181640625 0.151626586914063 0.1905517578125
0.000930488109588623 -0.00106990337371826 0.154739379882813 -0.043365478515625
0.00831985473632813 -0.00892353057861328 0.0727996826171875 -0.154800415039063
0.0055398941040039 -0.0157546997070313 -0.0824508666992188 0.128471374511719
0.00927925109863281 -0.0118312835693359 -0.154464721679687 -0.0125885009765625
-0.000333786010742187 0.0123147964477539 -0.0838623046875 -0.24664306640625
-0.00279045104980469 0.0194892883300781 0.186767578125 -0.303985595703125
-0.0182285308837891 0.00706100463867188 0.4163818359375 0.043701171875
-0.0042724609375 -0.0185604095458984 0.247222900390625 0.4063720703125
0.0169620513916016 -0.0145206451416016 -0.0494384765625 0.28326416015625
0.022186279296875 -0.00248908996582031 0.0427398681640625 -0.0186996459960938
0.0173959732055664 -0.0101327896118164 -0.03204345703125 -0.35260009765625
0.00481414794921875 -0.0164623260498047 -0.407867431640625 -0.26910400390625
-0.00821542739868164 0.00130891799926758 -0.388519287109375 0.201171875
-0.00836753845214843 0.0151891708374023 -0.01611328125 0.345306396484375
-0.0053567886352539 0.0105428695678711 0.164871215820313 0.173812866210938
0.00780057907104492 0.0001068115234375 0.155044555664063 -0.051971435546875
0.0150747299194336 -0.00896167755126953 0.068359375 -0.155960083007813
0.0116186141967773 -0.0151405334472656 -0.0824661254882812 0.128593444824219
0.0154685974121094 -0.00899505615234375 -0.151748657226563 -0.0128631591796875
0.00355911254882813 0.0174026489257813 -0.0761566162109375 -0.2484130859375
-0.0103988647460938 0.0218772888183594 0.195281982421875 -0.300567626953125
-0.0329475402832031 -0.000801086425781251 0.415191650390625 0.056915283203125
-0.0120658874511719 -0.0396690368652344 0.234649658203125 0.41583251953125
0.0262031555175781 -0.0409011840820313 -0.05621337890625 0.285736083984375
0.0409049987792969 -0.0294303894042969 0.0418243408203125 -0.0185317993164063
0.0154590606689453 -0.0350532531738281 -0.0411376953125 -0.34979248046875
-0.0119438171386719 -0.0269680023193359 -0.413604736328125 -0.257781982421875
-0.0235233306884766 0.00341987609863282 -0.382354736328125 0.20953369140625
-0.00966644287109375 0.019683837890625 -0.00668334960937502 0.342254638671875
0.001495361328125 0.0140399932861328 0.1715087890625 0.1656494140625
0.0151081085205078 0.00177001953125 0.157272338867188 -0.054840087890625
0.0209789276123047 -0.00904273986816406 0.0666961669921875 -0.157760620117188
0.0170726776123047 -0.0143041610717773 -0.08087158203125 0.130020141601563
0.0224723815917969 -0.00658035278320313 -0.14984130859375 -0.00628662109374999
0.00933837890625 0.0208892822265625 -0.0799102783203125 -0.243637084960938
-0.0164165496826172 0.0234050750732422 0.185760498046875 -0.3045654296875
-0.0487136840820313 -0.00629425048828125 0.41253662109375 0.043548583984375
-0.0237693786621094 -0.0607337951660156 0.24432373046875 0.4091796875
0.0334129333496094 -0.0687713623046875 -0.052276611328125 0.296844482421875
0.0595169067382813 -0.0580711364746094 0.0355949401855469 -0.00659561157226563
0.0137443542480469 -0.0606575012207031 -0.034912109375 -0.341552734375
-0.0285224914550781 -0.0394172668457031 -0.405914306640625 -0.2620849609375
-0.0395851135253906 0.00400924682617188 -0.38812255859375 0.203094482421875
-0.0123043060302734 0.0243415832519531 -0.011932373046875 0.3428955078125
0.00973701477050781 0.0190677642822266 0.172271728515625 0.167648315429688
0.0255050659179688 0.00536918640136719 0.158905029296875 -0.05242919921875
0.0291194915771484 -0.00886726379394531 0.068603515625 -0.15826416015625
0.0213642120361328 -0.0143852233886719 -0.075927734375 0.13262939453125
0.0288562774658203 -0.00397109985351563 -0.148483276367188 0.00602722167968749
0.0168113708496094 0.0242347717285156 -0.0943756103515625 -0.228652954101563
-0.0196533203125 0.0266647338867188 0.156341552734375 -0.312896728515625
-0.0640525817871094 -0.00812530517578126 0.4080810546875 0.00372314453125
-0.0411148071289063 -0.0767135620117187 0.27703857421875 0.38482666015625
0.03375244140625 -0.0964736938476563 -0.03387451171875 0.314544677734375
0.0770263671875 -0.0861587524414063 0.0244922637939453 0.0184612274169922
0.01666259765625 -0.0870437622070313 -0.01434326171875 -0.324371337890625
-0.0426254272460938 -0.0544853210449219 -0.3802490234375 -0.2882080078125
-0.057891845703125 0.00124740600585937 -0.407257080078125 0.171875
-0.0177841186523438 0.0285778045654297 -0.041473388671875 0.348236083984375
0.0156059265136719 0.0221519470214844 0.16265869140625 0.186721801757812
0.0341262817382813 0.0098419189453125 0.162979125976563 -0.0412139892578125
0.0355796813964844 -0.00785446166992188 0.0758819580078125 -0.157928466796875
-0.000828762870646499 0.00284455797115114 -0.149420240166343 0.0169964234359835
0.00254805013212554 0.00631226075818181 -0.0991806412211202 -0.13825135874908
0.0202884399720348 0.017628204572798 0.0939775585233118 -0.243164130164454
-0.00709224404454307 0.0161322184832399 0.319146737102963 -0.0940520716096196
-0.0312897019832381 0.0030327481591155 0.310143035557374 0.301613653842526
-0.0283594332705498 -0.045447446158363 -0.0875455926946561 0.459031650479455
0.0168437125166 -0.0382522096709475 -0.29482279110116 0.137532791346947
0.0330708645812536 -0.0202753483237976 -0.0469918235940652 0.0379721428721526
0.0152398646539156 -0.00734973725658812 0.31396061032647 -0.0542077051117344
0.0172794101721464 -0.0101887864681238 0.222383122940162 -0.411906481076893
0.0105635343510926 -0.00958657416314547 -0.24756822502248 -0.399868268508674
0.00702280427006925 -0.014642672069264 -0.394946260101998 0.0237905148922582
0.00360847695742085 -0.014153591531555 -0.164026923703992 0.211932223841119
-0.00702906431191344 0.00218153050691854 0.0742743206948058 0.13083808146866
-0.00854509342453683 0.0125010436556557 0.167379751851386 -0.0127595992456792
-0.00172616294875241 0.00143762033971053 -0.150484290579325 0.0123607769262771
0.00228975094604381 0.0076304189816659 -0.0873987239879784 -0.142446458372299
0.0218706916204968 0.0204799856726871 0.120703571654274 -0.237811090879193
-0.00645930475764358 0.0141250004448509 0.334511681993697 -0.0644095010603582
-0.0325981019757222 -0.00384628948056633 0.279575468517538 0.336326239643397
-0.0252385589704191 -0.051423517314194 -0.134632925532981 0.448007304922693
0.0210216640129713 -0.0381447148327351 -0.293360144775085 0.110506178285159
0.0342988119131144 -0.019959817619106 -0.0225220080581364 0.036302967742591
0.0144435611289415 -0.00878267453499909 0.319922264515854 -0.0849783236295973
0.0149520075592474 -0.0135705192974414 0.177286953216121 -0.435119769155435
0.00983847536688786 -0.0129191987236278 -0.287346003306221 -0.365758603601807
0.00918988265606459 -0.0160245353657541 -0.381845335897386 0.0595654899079801
0.00531304138763899 -0.0123057767995656 -0.136069212022869 0.217096620227027
-0.00760165460595459 0.004250818494275 0.0873701712522422 0.12512431842988
-0.0090382498173976 0.0119400593854692 0.165040691780994 -0.0194771066294103
-0.00311758153670346 -0.00186501904992823 -0.151843881871947 0.00673329690817062
0.00186833640853593 0.0069738623449822 -0.0752092851861379 -0.146818440986198
0.0225730445604298 0.019973357043843 0.147924209187175 -0.227793049155805
-0.00380581202641235 0.0128986830671997 0.347228458053819 -0.0304154876012604
-0.0308311205209268 -0.00601920611120189 0.243251350047879 0.368203022092929
-0.0226836151803112 -0.0513481690720077 -0.183708280063512 0.429010034543277
0.0174311118717406 -0.0339314907210544 -0.289761636165672 0.0813196206416361
0.0256299133300465 -0.0188531704095355 0.00329469573576001 0.0352110741170038
0.00673927128937182 -0.00631819541649714 0.322285361194152 -0.117516101155215
0.0120388336803695 -0.0100399786942226 0.125262334777606 -0.452050364685751
0.0118608037916788 -0.0117982870695746 -0.323294545799598 -0.330503538347343
0.0123019580977272 -0.0173043615534159 -0.363865578021328 0.0948915431182222
0.00572102460133859 -0.012185212036832 -0.105853834762782 0.222676206382237
-0.00816898561977479 0.00405646824875374 0.0995741631705599 0.119567804545434
-0.0110247724056185 0.00935248021434736 0.163508211690124 -0.0248450826501002
-0.0056045618612387 -0.00677778077253117 -0.152989477153 0.00254436859120582
0.00045228545849187 0.00380746511302293 -0.0653148055260154 -0.148944323503878
0.0240039532448436 0.0175501268875012 0.172248940657786 -0.216207035337935
0.000426958160268397 0.01388747193338 0.356436937677849 0.00197218555532744
-0.0275273982289058 -0.00196986485312189 0.206085026520624 0.395466643295751
-0.0236176234156214 -0.0437315367370176 -0.229483818060022 0.408681002621654
0.00354745556566224 -0.0293201770983096 -0.287289690310675 0.0597880338233826
0.00782540721184608 -0.0163064707862492 0.0235679380237672 0.0352644184725891
-0.00682051946608732 0.00148959760290541 0.321454389989479 -0.144922165995453
0.0101040676856373 -0.00013993608196256 0.0818589274852047 -0.463427132624684
0.0181991077842657 -0.00731133315344458 -0.349446641018896 -0.29722206388064
0.0161373921872155 -0.0189509959767976 -0.344530560498415 0.123274914164056
0.00546097911876846 -0.0145048973718499 -0.0787795922035581 0.225404196381586
-0.010368486935246 0.0012346461683642 0.109665303511848 0.114983844494802
-0.0131569880974083 0.00566900916555761 0.160000727554259 -0.0307031536836322
-0.00777153557620136 -0.0121410841107121 -0.153611767900663 -0.000383746223854187
-0.000430415434197456 -0.00218598162069908 -0.0592665003652107 -0.148091061539764
0.0253189237818741 0.0135704755196035 0.188096857205108 -0.205835379497759
0.00609055422144194 0.0171634112161678 0.361015175846937 0.0234796699678738
-0.0235840547928943 0.00875818580983381 0.177924941284759 0.409875906059607
-0.0296771538287201 -0.0303335723936453 -0.260328058571542 0.391647190159948
-0.0182747048497251 -0.0242783373258869 -0.285735903573897 0.0467630613950588
-0.0185704499398446 -0.0137606623284518 0.0359093078386924 0.0359368823112002
-0.0242633055171358 0.0142181368575027 0.316996844873181 -0.163320095013819
0.0105818267979148 0.0151033396376771 0.0495369476773941 -0.467948091813419
0.0266952282019776 -0.000714233273948132 -0.364270025287787 -0.271895552452925
0.02015965025509 -0.0208474449152627 -0.328808474470828 0.142088717543482
0.00297019005308397 -0.0193260484970102 -0.0588350571599623 0.227452350748578
-0.0132662489336565 -0.00425652675806093 0.11712313714836 0.110820902481634
-0.0165225310519281 0.00071572884575775 0.157660183396329 -0.034422502323824
-0.0103941031354919 -0.0170940267527831 -0.154461003465333 -9.31342278082112E-05
-0.00260662305766905 -0.00901872172777567 -0.0592112405867154 -0.145136242891874
0.0260108033729272 0.0079451652572232 0.192288551303662 -0.199010571000155
0.0125021203047981 0.0221960726898749 0.362256918381401 0.0302251992171435
-0.019282238212516 0.0243378525974779 0.167523149286721 0.41300963703286
-0.0397775621318099 -0.0127402206381995 -0.27104755807431 0.384633365071308
-0.0459376082084203 -0.0199078718480328 -0.289299344157014 0.0458267436428587
-0.0492928725514666 -0.0105958191929925 0.0362239093832055 0.0376853916356685
-0.0446859570050694 0.0291753248570571 0.313554335561327 -0.168157206307068
0.0124057633771493 0.0341852670812945 0.0394813820009833 -0.467504320813826
0.0376263301433106 0.00854029086171467 -0.370146624811251 -0.263833297786814
0.0247927846466285 -0.0227013157808968 -0.321624612445409 0.148821781621654
0.000250492102106738 -0.0254795900446479 -0.0495385287194037 0.229296672072722
-0.0158135191936928 -0.0106600750602721 0.119417331386687 0.111327415660809
-0.0189836252139927 -0.00429533539668305 0.157188437165105 -0.0366872663340604
-0.0124192837397031 -0.0220385482775444 -0.155342227284478 0.00335622996344663
-0.00455063897500079 -0.0164206325280355 -0.0651772096553564 -0.140134381791704
0.0264879632726251 0.000173767553635525 0.183932652351237 -0.19920971433143
0.0196072051798558 0.0264251123944704 0.360685701801546 0.0174915654993406
-0.0118805257189233 0.0412120369660694 0.178522125167148 0.401139437873831
-0.0500313500284922 0.00928393249902409 -0.258021197543689 0.390895939480528
-0.0752677251508624 -0.0127821879824372 -0.295932187146513 0.0564391427663252
-0.0815681347994884 -0.00762211341101462 0.0241558392078394 0.0402728929237362
-0.066226791342032 0.0440006071766659 0.309467381728968 -0.155956954442854
0.0127725152172579 0.0556213505227691 0.0501143025084551 -0.461725008512718
0.048948797277455 0.0205598692374119 -0.363757964891088 -0.274589291888695
0.0310007820565057 -0.0228001594514697 -0.324685100334251 0.143432802202473
-0.00240039124493777 -0.0350939735844845 -0.0512057996438602 0.230844067501746
-0.0190453760870471 -0.0202929286530907 0.116994860104625 0.114121421995546
-0.0231411928871434 -0.0105519229961274 0.158036589946869 -0.0358568609282231
-0.0153020079999705 -0.0265905625986081 -0.15542977685649 0.00972680357088944
-0.00756091507110172 -0.0248542331117445 -0.0781649831646562 -0.131776993437577
0.0260237254050283 -0.00905873891689741 0.16100173910815 -0.203986815304952
0.0266327016982371 0.0273150019491753 0.353991949003876 -0.0138934697294492
-0.000757772230343304 0.057683003712041 0.214355270021643 0.373380720888318
-0.0556369789704805 0.0344051812097958 -0.218743968119809 0.409840487381852
-0.100938177709331 -0.00094210135313318 -0.30555068539022 0.0835873409077713
-0.111871684734654 -0.00484718555718221 -0.00317685653100345 0.0434268859446857
-0.0915259166461139 0.0550042830271506 0.303448975274342 -0.128185405984096
0.00796126092952414 0.0783003544163295 0.0875378896437139 -0.450966497309602
0.0591916294625318 0.0375524238614783 -0.341270281765423 -0.307231192453622
0.0392365625741453 -0.020904845261786 -0.343691240059091 0.117088471090706
-0.00254203944469924 -0.0415521104219165 -0.0729093041539308 0.232431323361896
-0.0205861093271353 -0.0307870516034207 0.1083014811428 0.122784775950608
-0.0256234764187519 -0.0161002048181959 0.161297233107453 -0.0306474114727538
