TRXV5
3
4
4
9
string Extension=J
integer IsArchMeasurement=1
integer IsSpherical=1
string Generator=SPM
string GeneratorVersion=1.3.1 Dev
double ArchRadius=0.449999988079071
integer FrequencyAxisIndex=0
integer AzimuthAxisIndex=1
integer ElevationAxisIndex=2
Frequency
5 201 800000000 900000000 LIN
Azimuth
7 8 0 2.74889357189107 LIN
Elevation
7 15 -2.74889357189107 2.74889357189107 LIN
Polar H Real Part
13
Polar H Imaginary Part
14
Polar V Real Part
13
Polar V Imaginary Part
14
Polar H Magnitude (dB)
12 0xC0000002 0 1
Polar H Phase
7 0xC0000003 0 1
Polar V Magnitude (dB)
12 0xC0000002 2 3
Polar V Phase
7 0xC0000003 2 3
-0.00483127407737847 -0.0173215059941537 -0.0981554460986301 0.0401892291733401
0.00330748805828187 -0.0128751923104567 -0.0107553860722415 -0.0938836328475601
0.00623210720050501 0.00421202831880561 0.175073138529802 -0.0837706240283882
-0.0106050258123593 0.0132606287523775 0.230735230669691 0.162797909670509
-0.0230758326540755 -0.000773357995034397 -0.0521324485978863 0.407203847308502
-0.000200924747020907 -0.0398525223961549 -0.425572043278364 0.188050374782869
0.0186910499984585 -0.021980341439158 -0.307422290580954 -0.183429860955349
0.0195858337313183 -0.00802024092655988 -0.0638689258659794 -0.0186906319082047
-0.0110729413010993 -0.00987580749265761 0.256965714492285 0.260938681937459
-0.00692415195694342 0.014862217410542 0.497912382127481 -0.0357377265714121
0.00357972519564744 0.0237686697974096 0.210138203626038 -0.404286372301842
0.0152337094494894 0.00954894798135014 -0.201388821278105 -0.236982218031052
0.0124089968248949 -0.0201348270770226 -0.201904847854554 0.0431637542077695
0.00462973725393741 -0.0159045195910821 -0.00250303090467424 0.0713549601550726
-0.00234714009918343 -0.00551577096558144 0.114025562411168 -0.0513286922621197
-0.00586721350446151 -0.0202342662723168 -0.0987230715741146 0.0411033513887948
0.00631176248665939 -0.0135947906802177 -0.00527280962221731 -0.0932963712604887
0.0111070670826297 0.00232610418069591 0.177507334974344 -0.0746363456633738
-0.00786088546231621 0.00962515248140316 0.216264944431959 0.179290516750382
-0.0258495095864804 -0.00450554331295218 -0.0845936418284458 0.406309777944126
-0.0011818989638408 -0.0410648079400921 -0.44387617899422 0.158673199046589
0.0199109634529568 -0.0194659028299781 -0.297791738640637 -0.198974665589788
0.0198514922605792 -0.00466180578356769 -0.056283010212233 -0.0112640360094868
-0.0123651672095719 -0.00706111089059211 0.27089414321696 0.249029623149013
-0.00966177849910177 0.0142644813073463 0.491528880775087 -0.0697046714447437
0.00207631431208476 0.0218126079984328 0.177777253374542 -0.414323989564293
0.0176392685440923 0.00565006471535131 -0.217619313825453 -0.222150563720675
0.0167176080488494 -0.0226946092127463 -0.198066761471969 0.0511692050203173
0.00678728766964385 -0.0160271002968189 0.00211054966938966 0.0718676472465378
-0.00344916618046152 -0.00823151337360983 0.111856906070436 -0.0515386067762783
-0.00780016189578142 -0.0222471412069481 -0.10019827659627 0.0415194259327878
0.00838409086642948 -0.0121273576070549 -0.000306305845802423 -0.0911207216457864
0.0151943203910224 0.00130023196383418 0.18094808212662 -0.0658047048455579
-0.00564501515163949 0.00645790786321414 0.201356243923485 0.193340786684705
-0.0282824629716187 -0.00794349335611878 -0.119345615813059 0.401260400439425
-0.00219709574680936 -0.0414599069049175 -0.460643379454338 0.12497588273807
0.0179918619316027 -0.0179153043458656 -0.286969538687809 -0.213815337923827
0.0167212269763396 -0.00403083766418397 -0.0496860789849113 -0.00340425609438114
-0.016747811708285 -0.00593604191449464 0.283970455636442 0.235260127601421
-0.0130587382928596 0.0150775997853925 0.476768737534464 -0.105395501619854
0.000864024503305234 0.0205919588753895 0.138673937248898 -0.423080621412794
0.0193139936275529 0.00125106801917709 -0.233930818813344 -0.205555895467544
0.0190753844844798 -0.0247746912432446 -0.193603438127127 0.0610179384692701
0.00764643308765919 -0.0151410070636234 0.00671843882895538 0.0738521154178814
-0.00570448802441258 -0.0103741909799186 0.110119015908724 -0.0494526733823074
-0.010023918123594 -0.0231729949474897 -0.101079199291256 0.0424773192095419
0.00909417905343294 -0.00915923539886552 0.00439219306918345 -0.08759385877588
0.0176689193600889 0.00185183400177226 0.183013778224694 -0.0567926823786212
-0.00445589881935149 0.00420054270823575 0.186065770137728 0.204983294359035
-0.0289142144234145 -0.011474142794062 -0.154748317030247 0.392186718893321
-0.0028833955309032 -0.040959223416195 -0.477115258928917 0.0910166921947207
0.014380913839195 -0.0174734921686427 -0.277494605005835 -0.228068603265126
0.0115554614178477 -0.00629420021045509 -0.0451071049497304 0.0038468750632058
-0.0226288600071988 -0.00558433470819506 0.292828919538327 0.220530778348821
-0.0162488017470346 0.0168508956730277 0.460773315879599 -0.137600398215282
0.00112086898239035 0.0198649190039107 0.104732833470984 -0.429193315634131
0.020788390119861 -0.00216274801008292 -0.247388306650038 -0.190650584241505
0.0200342673361758 -0.0252534062284503 -0.189049122412394 0.0705513258608251
0.00712543363429185 -0.013126235448087 0.0112346545768354 0.0767202748791882
-0.00858517131601568 -0.010432761428047 0.106835549627937 -0.0491791237699188
-0.0130019731806134 -0.0221464584189768 -0.103872376006328 0.0435700899926613
0.00699490666132464 -0.0054255453643543 0.00781025280881965 -0.0837956129507468
0.0173460648068784 0.00427785189167285 0.185272283225221 -0.0500338326716905
-0.00414361281176425 0.00247930131936383 0.171807227664844 0.212326088516227
-0.02898490397783 -0.013743193743941 -0.182660944429969 0.380543346123232
-0.00299554756866752 -0.0397060414737968 -0.488974651361419 0.0605323011124788
0.0100384241537212 -0.0190965368216751 -0.271685468138717 -0.240108852684321
0.00487572657225011 -0.0100038279984429 -0.0416908344714461 0.0104987911140742
-0.0284987399910015 -0.00568569124638163 0.299029799978714 0.209700365777911
-0.0177770294988105 0.0193932648427942 0.445390669160379 -0.161016354703261
0.00107224898942177 0.0189963535238484 0.0735436611247213 -0.432861408357629
0.0206331382211749 -0.00466668589523835 -0.25951191825065 -0.178469288860145
0.0189344861538389 -0.0242398966566212 -0.183139137590437 0.0778457126380908
0.00581144887007505 -0.00962288948518373 0.0155980812419547 0.0801836704849814
-0.0114284591931582 -0.00960282746889068 0.105143645023849 -0.0482920766862608
-0.015692075717753 -0.0193088641711451 -0.104658195856054 0.0451027818093159
0.00388742783592812 -0.00133484440829978 0.00884649926148782 -0.0792416807260893
0.0144683523817573 0.00721638006352658 0.187760350577437 -0.0454086910404032
-0.00559091756854588 0.00168490162882307 0.163367703015232 0.215222009056568
-0.0277149101030543 -0.0148608675373109 -0.201703559503271 0.371859758643004
-0.00385847360752208 -0.0385959125639002 -0.497487564144781 0.0434702340412714
0.00505511881457391 -0.0223954374000395 -0.270134917541209 -0.245006882467779
-0.00210770933414917 -0.0156001572519355 -0.0417612831301674 0.0142979456271552
-0.033947140211527 -0.00631391748863747 0.301390276122209 0.201878510997075
-0.0181939955189678 0.0211424822970269 0.432271699227823 -0.178032667899724
0.00236630763457143 0.018530070213758 0.0530159496236272 -0.435417602150854
0.0195663031533039 -0.00518872182387458 -0.265257606165643 -0.171255870584203
0.0169344998827885 -0.0213361348039141 -0.179451351139518 0.0822960060590173
0.00340866392522144 -0.00574969229283758 0.0178009150425196 0.0831292419608011
-0.0137016666891665 -0.007433983200098 0.101970328561461 -0.0486435345537319
-0.0176777559623402 -0.0154637341790342 -0.10639772133812 0.0453376352179932
-0.000427381486366515 0.00178762300982069 0.00756453323627435 -0.0756172299533226
0.00918249227812175 0.0103378516168433 0.190694046421299 -0.0442345961728948
-0.00755015657855858 0.00239774239934579 0.162310002500296 0.212486113149842
-0.0257761154675071 -0.0144515218054914 -0.208691062097697 0.366650013626428
-0.00332739643442831 -0.0361422515830807 -0.50161948143 0.0367603083591406
7.4933039153173E-05 -0.025812877376375 -0.271777897618618 -0.247201862016052
-0.00805088186128917 -0.0222181306924416 -0.0442148643322688 0.0153567163231977
-0.0384451715814804 -0.00758324587391793 0.297870783811339 0.201779812396627
-0.0175805117350759 0.0235232238056709 0.428779020800352 -0.179548371443163
0.00393440851756132 0.01887335185696 0.0487470479855154 -0.437117989163139
0.0179119221575886 -0.00453135034773577 -0.267438737908616 -0.171289256302648
0.0139715791206679 -0.0176176787567749 -0.177354098621891 0.0833906072842018
0.000310220121108686 -0.00172925462243711 0.0183799069615425 0.0867892792768226
-0.0149899966692959 -0.00399699277144479 0.101185993682292 -0.0481203939675201
-0.0177787609718911 -0.0109167864408882 -0.107096249676019 0.0452842681647725
-0.00480814773496779 0.00488752224855804 0.00517368824766464 -0.0734321435254659
0.00303585291708656 0.0141815117037692 0.19193557418475 -0.0469623377593923
-0.0104611377625611 0.00391269954373916 0.168120657310395 0.206690364041983
-0.0233314749616939 -0.0123127122667642 -0.198366015865764 0.368308282463538
-0.00289660058770475 -0.0346641393771795 -0.501726410069013 0.046580022486497
-0.00411179801497948 -0.0289201991861267 -0.279250874973753 -0.243521627612037
-0.0125796709204216 -0.0281550497411721 -0.0484007737976885 0.0137274510943756
-0.0412365553360382 -0.0101784989864105 0.292206002869476 0.207149771938975
-0.0157246366740771 0.0243315813246624 0.430952921673363 -0.168575998974239
0.00579064131548262 0.0192815545837745 0.0576611445562194 -0.437016882599497
0.0158662545121134 -0.00176329236479876 -0.264248352728442 -0.178521140603569
0.0103094753235274 -0.0130699309823873 -0.177592064663604 0.0805000640180196
-0.00275839724665876 0.00185107435069036 0.0174800910558614 0.0889038805603969
-0.0158863573716982 -4.3517470507036E-05 0.100962792500109 -0.0485603336807267
-0.00498821629892316 -0.0166606160439237 -0.0984826917755233 0.0405078727464637
0.00338804345746968 -0.0128753736994988 -0.0122476268331324 -0.0951863802008327
0.00599997060128247 0.00414585025505446 0.175076139550893 -0.0864178884395923
-0.0104569242095068 0.0131165556185466 0.233581722921254 0.160934882432639
-0.0232732690144683 -0.000224717567210826 -0.0473775352557874 0.410510588374827
-0.000820628698326976 -0.039703533531115 -0.424694231494314 0.193141519032945
0.0190395126249074 -0.0224237631618775 -0.311777657862391 -0.181570146765756
0.0199708164899588 -0.00788840219779024 -0.0642844611099931 -0.0179772820295253
-0.0112428072058984 -0.00950351603646587 0.260207594580086 0.260543629394776
-0.00706992933002052 0.0149597513251123 0.501955246918548 -0.0406178692912175
0.00369543203091919 0.0239118326867064 0.206724077943249 -0.4100220432603
0.0153934810941454 0.00964884598230617 -0.20591172060288 -0.236801915089401
0.0125337865406325 -0.0203732943753719 -0.203101640361232 0.0458679430471131
0.00423337187183465 -0.015700234295896 -0.001721861517068 0.0720879083446167
-0.00261289604165266 -0.00543618017493429 0.114282062146767 -0.0524766347290986
-0.00616337132632728 -0.0197729922447212 -0.0990724255006398 0.0415265316346933
0.00596858192370647 -0.0135448984242905 -0.00640392385341794 -0.094113580119683
0.0110297495600325 0.00181029031943505 0.177522707911287 -0.0771868281504494
-0.00801508504435283 0.010274858418285 0.220322230916092 0.177643902204701
-0.0260559394035196 -0.00408387379409081 -0.0807027520813952 0.409620617454101
-0.00122423308422968 -0.0412898983582224 -0.444397117414159 0.163421870102445
0.01932057201759 -0.0196281466290165 -0.301388205531132 -0.19760039421562
0.0195950360765335 -0.00479274974424288 -0.0572039321269446 -0.0107388190633301
-0.0129059267450046 -0.00704241775593227 0.274302986739054 0.248042026547101
-0.00944164240902783 0.0145910482877876 0.494567714802262 -0.0758375220821911
0.0026503614532384 0.0222254054797675 0.174057427223 -0.419608024761006
0.0178745617015815 0.00525087490588905 -0.221945671903429 -0.221204772980148
0.016295204806926 -0.0235586869468541 -0.199303423264396 0.0546698292578177
0.00662068496993269 -0.0165156929159115 0.00266754936463933 0.0724326775457671
-0.00372303809962436 -0.00782348493577327 0.112391255340941 -0.0526846147090924
-0.00824933635524092 -0.0220371147074983 -0.100461127834824 0.0422130588473371
0.00796907548478412 -0.012035193564029 -0.0013841140741719 -0.0919285752418618
0.0151632563153577 0.000835858758885463 0.180953344354952 -0.0685069495322376
-0.00563981042503541 0.0068596874558117 0.205200354308428 0.191548501714689
-0.0282043388669636 -0.00812890663156544 -0.117057562286488 0.405784471526162
-0.00250754810543841 -0.0418642806940459 -0.461777431653569 0.131095257317029
0.0180274987674039 -0.0178620818136498 -0.291229802761477 -0.212697638859327
0.0170761914912474 -0.00419534420334153 -0.0503385988964645 -0.00271058446707797
-0.0168410649199669 -0.00625076981917241 0.288176935302333 0.234115086985941
-0.0131961125884475 0.0153917037434542 0.47819824866404 -0.110656129400761
0.00118232956765923 0.0211327141669647 0.135798866694532 -0.427993693694398
0.0199084291545202 0.00132403511673734 -0.238461319028549 -0.204623652676689
0.0189183165821684 -0.0252532262169427 -0.195096216672584 0.0644657040524542
0.0077347595959234 -0.0157963453276065 0.00743498503326769 0.0746608458783292
-0.00626710237915083 -0.0103672310279149 0.110220055824582 -0.0505348718733633
-0.0104910118989497 -0.0224939143731737 -0.101430370056206 0.0432772943026394
0.00838760318825001 -0.00936068967797596 0.00346121547182853 -0.0884775187306803
0.017642079439423 0.0018716899196863 0.183290226412969 -0.0594413642939555
-0.00461255406087096 0.00435276414835597 0.189687386101857 0.203708082770847
-0.0292357655169421 -0.0108182902946547 -0.151642980606354 0.396059454579871
-0.00313153943109151 -0.0411050167701475 -0.478573833071566 0.0963251618511137
0.0145188775165344 -0.0181630180570622 -0.282844878419503 -0.227586149688469
0.0112051275836344 -0.0063352880485688 -0.0452120097968701 0.00454344267382737
-0.0226318762321764 -0.00537801231238122 0.296579140771115 0.219640551427438
-0.0160841225670236 0.0170912294351599 0.463195593202072 -0.142861564258036
0.00106614354734365 0.0201688154838727 0.100087839487284 -0.434892221694999
0.0209654112150801 -0.00192120292245896 -0.251923235673891 -0.18965586004325
0.0195951068198649 -0.0260325033685205 -0.18958122396495 0.0728980868745152
0.00684586023755518 -0.0134016769904431 0.0123432558034548 0.0776966595450352
-0.00876667567096552 -0.0103103356886785 0.107198520832002 -0.050062845760829
-0.0131413689366537 -0.0213038184071109 -0.103948185862105 0.0439244410961173
0.00703013960336706 -0.00590354759562625 0.0065410736814616 -0.0844981669797793
0.0172738928527185 0.00419528376128446 0.186226626163673 -0.0524614013272465
-0.00466336977899011 0.00245219833648314 0.175521612435412 0.212254184200217
-0.0289468262465054 -0.0131539100678303 -0.18030286582755 0.384952360316295
-0.00315826570052465 -0.0400398645921354 -0.490839722071646 0.0651636368247914
0.00995445105215953 -0.0188598358264662 -0.275465887578355 -0.239155720094906
0.00509578214868434 -0.0102142556489366 -0.0425266515557444 0.0104409479625428
-0.0286171452313402 -0.00529433572505434 0.302284640038601 0.2082726712385
-0.0177839104240033 0.0193131392492685 0.447849668748646 -0.167113509605019
0.00105395869751876 0.0190906368644946 0.069133912286956 -0.436139881413898
0.0207197838661508 -0.00457935138019986 -0.263137491189049 -0.176661522991139
0.0185117117377573 -0.0243459280927726 -0.183899032770002 0.0808330213971694
0.00508107528748875 -0.0101792739118784 0.0164565236325591 0.0809751620193372
-0.0114647089603187 -0.00928838766624424 0.105361196293128 -0.0489098954010917
-0.0157372096546511 -0.0187206386445106 -0.104395565077541 0.0460433589759464
0.00402437419577539 -0.0018039495842271 0.00804010347647121 -0.0799745128131381
0.0144028875629645 0.00697587144929221 0.188552347348634 -0.0476817212547457
-0.00544945652713284 0.00143980616387221 0.16691457711922 0.21466429538015
-0.0281453854705835 -0.014562453611274 -0.198379893804 0.37669974498993
-0.00369091372679669 -0.0385222286910658 -0.500348424050567 0.047124599554342
0.00470701062607549 -0.0220515870210728 -0.273212226847903 -0.245605803063993
-0.0022567860221365 -0.0158793802664815 -0.0418591783318369 0.0151180263872481
-0.0341332515575253 -0.00584652618322154 0.30533836201589 0.201003690431254
-0.018152939396784 0.0217157498882043 0.433868076924768 -0.181978991057227
0.00282404718681803 0.018985666894996 0.048601079083166 -0.439820664028247
0.0197824442412969 -0.00543566356321741 -0.269866997965835 -0.169478064951375
0.0164664455571273 -0.0220422175111464 -0.180061441928432 0.0852080531357486
0.00304044337043949 -0.0060536622137192 0.0186357929947717 0.0841046067703393
-0.0141650741668132 -0.00687736210934763 0.102306639690774 -0.0492131429020608
-0.0172782879220935 -0.0148158518679091 -0.106725064433891 0.0459253428463349
-0.000304657370258594 0.00201942265619418 0.00658805720394732 -0.0767424055413605
0.0091531409197184 0.0106331932781051 0.19128001443381 -0.0463972895104096
-0.00775656691427028 0.00204749518893762 0.1653882902576 0.212386078050648
-0.0255468868787675 -0.0135516042465904 -0.205073322667174 0.370655390809904
-0.00388252514272743 -0.0366075198853756 -0.504984420696226 0.0423713914587304
-0.000569971901276941 -0.0258699554520027 -0.276254983433988 -0.245365252896293
-0.00818537407787495 -0.0226793564112065 -0.0449897939786879 0.0161816846567312
-0.0385221250395472 -0.00728997333849185 0.302116113236304 0.2001398588482
-0.0173343136737647 0.0236990761900901 0.428452228811357 -0.185708221837314
0.00455227577644818 0.0190183153331431 0.0433142417325554 -0.441387456130627
0.0179598004249297 -0.00483966571560545 -0.271659062574367 -0.169174040154031
0.0138642589127528 -0.0176438255228214 -0.178174098591527 0.0861245034734386
0.000351983234454438 -0.00189888053793921 0.0196209775174691 0.0872230322229094
-0.0155466245978364 -0.00362063813261446 0.101899609354992 -0.0491525650612597
-0.0178384403653098 -0.010531859365301 -0.107395629284639 0.0461813872513599
-0.00506213784775971 0.00592008419622893 0.0044505314697843 -0.0741911098470062
0.00323625446133904 0.0140356664302748 0.19214731173998 -0.0497481383425452
-0.0105480868884062 0.00408573914538883 0.171546765405499 0.206366396351074
-0.0230890796251767 -0.0120621946488447 -0.195906489990498 0.371418482069227
-0.00310883596057174 -0.0343854744707468 -0.504842795957019 0.0526015697008287
-0.00463204924297628 -0.0287854007642276 -0.284427482655506 -0.240832072385996
-0.0130151466562045 -0.0279642167683239 -0.0488869866639889 0.0143931707160611
-0.041254524676684 -0.00986051626908342 0.296569647273979 0.206114352402994
-0.0153182409984386 0.0251631363372168 0.433140678446746 -0.174816681822245
0.006657046884008 0.0193875929205757 0.0521575604572575 -0.442829646704557
0.0161405013785877 -0.00198177853296976 -0.26884017038976 -0.176724534306892
0.0100978597149257 -0.0135645081338457 -0.178058226811152 0.083887223402532
-0.00266706432877132 0.00189215119812011 0.0185524746649727 0.0894824911152502
-0.0158826194422611 0.000403995229334119 0.101203495175741 -0.0493234833255899
-0.00509957719034524 -0.0163474848209009 -0.0990369952863973 0.0418427817073973
0.00302646792843985 -0.0131338757819698 -0.0137474441821809 -0.0952727456603197
0.00616500317305139 0.00420065519508481 0.175458835723695 -0.0897140104987234
-0.0100056873707864 0.0136006615488679 0.237453142670342 0.158298205732768
-0.0231055757354742 -0.000172089714002677 -0.0434291118992567 0.413252514606255
-0.00113037006204008 -0.0402001667807089 -0.425792787058222 0.197939942869367
0.0181514571970778 -0.0226763808423636 -0.315210414833331 -0.180490579045673
0.0198846946765656 -0.00835687096033131 -0.0656320027348145 -0.0175112745378331
-0.0116145889253722 -0.00958562429845622 0.264688056717959 0.260184911983296
-0.0069005376939363 0.014681576182567 0.503486088945146 -0.0470325121321879
0.00459897201290584 0.0241533584622508 0.202695811776636 -0.415145544294158
0.0160988030219077 0.00957097148631299 -0.21085386313542 -0.235572970275654
0.0124001905452882 -0.0210398294743604 -0.204044326206651 0.0491313940379068
0.00426278792449171 -0.0163840673463884 -0.00136256441135559 0.0722209840623931
-0.0027590563968016 -0.00518838828006348 0.11423219979193 -0.0536108992562087
-0.00644146994217215 -0.0192280076446674 -0.0992202777681302 0.0426344379243967
0.00530495960753231 -0.0133574894286687 -0.00765730764647327 -0.0946136030834997
0.0111844181158862 0.00176463669417859 0.178182505966549 -0.0800294660764295
-0.00796129516475487 0.00992897757668489 0.223514472043784 0.175939392241128
-0.0261168928869633 -0.00392075415598562 -0.0765187416854951 0.412416934432336
-0.00196476694840166 -0.0413112981152948 -0.444787847085919 0.170091117302651
0.0190713432833621 -0.019761505609832 -0.30577887233741 -0.195986499141194
0.0197478172019826 -0.00465504385942516 -0.0573989669996908 -0.00990787822271064
-0.0127000244315267 -0.00711505772045822 0.27991725505508 0.246130816752119
-0.00926869846846686 0.0145543768862076 0.49447366729719 -0.0815996283118355
0.0029243240860824 0.0222773592761124 0.168796613011583 -0.424023366493059
0.0180504179085158 0.00559960992311354 -0.2267619288016 -0.219646219251475
0.0161225015867251 -0.0237799407562461 -0.200099810639461 0.0573130680583341
0.00629109523596184 -0.0166856263711543 0.00369066620885888 0.0726595084953078
-0.00382927689903624 -0.00799585593472986 0.112865196865807 -0.0534935498208935
-0.00834199691307392 -0.0214908969940715 -0.10082648845292 0.0433920679406516
0.00796635979532666 -0.012259194862541 -0.00251384920678149 -0.0929118177426912
0.0151343663510061 0.000739969150226588 0.181012403036237 -0.0710962718757038
-0.00585524640903914 0.00688429869908528 0.20850690392893 0.190637185754912
-0.0280492650368627 -0.00767980270277709 -0.111840401192579 0.408041535813379
-0.00311311625382896 -0.0417349195433972 -0.462690417270736 0.135987435960558
0.0176211386637058 -0.0184206233503097 -0.29621908096292 -0.210938470370125
0.0170433961132536 -0.00449093032799235 -0.0513184425425009 -0.00219814411514756
-0.0174040150180218 -0.0055567076236663 0.291770082159765 0.232810833345051
-0.0129819750827438 0.0154974999090727 0.480516197691965 -0.11673086842771
0.00170783408028626 0.0215119670031777 0.131590626775437 -0.432896679122658
0.0201838327111608 0.00105010831052758 -0.242708344228268 -0.202320236717073
0.0185831956617989 -0.0258228538325776 -0.195919970826038 0.0676995252582052
0.00733047808754314 -0.0161346683138469 0.00861332594909526 0.0752093840442594
-0.00642310744034524 -0.0101679731997172 0.11091928230468 -0.0515827446414256
-0.0112012641262556 -0.0219148118137314 -0.101576320020402 0.0445010304569392
0.00835890889618142 -0.0092387898782976 0.00196618990320025 -0.0891398055040248
0.0176361350903682 0.0017185830295293 0.183685331360653 -0.0619044658040447
-0.00450188615951843 0.00434197172291984 0.193393270318666 0.202789886660913
-0.0292876738107854 -0.0108272845846972 -0.147960750825782 0.400125618147585
-0.0036125592235443 -0.0413708075184707 -0.479396564411062 0.101352740047228
0.0141550070023032 -0.0179652285440514 -0.286437141776811 -0.226015393052814
0.0114660697639253 -0.00637303718299562 -0.0458579084788335 0.00558563783756696
-0.0226776203720312 -0.00509260341636328 0.301069750437046 0.217468549225956
-0.0158660824322201 0.0174884086317096 0.463157333618603 -0.149409093879292
0.00118530247234857 0.0202493158526582 0.0947830387051002 -0.437722737930349
0.0211692595161746 -0.00237137373338644 -0.256966564331689 -0.187344889723847
0.0189966534488714 -0.0265434768913145 -0.19048343633289 0.0762476941556054
0.00696967274923146 -0.013716352295896 0.0128169479625847 0.0777194999242635
-0.00897849352811213 -0.0104529342809193 0.107705527790526 -0.0511552500286346
-0.0133620115165572 -0.0210431230901709 -0.10420634605656 0.045373412018354
0.00644564564670655 -0.00530237502361926 0.00551690237747218 -0.0846683175607836
0.0173814227964449 0.00432050209509669 0.186709276590068 -0.0552187109959531
-0.00440414732821601 0.00256104817692931 0.179046575981848 0.211009062403344
-0.0288635990295915 -0.013134468262322 -0.175745329380889 0.38913460811452
-0.00363660999305539 -0.0401178277140459 -0.493447242655218 0.0710018382792426
0.00948162626339507 -0.0192831648619584 -0.279399382877873 -0.23849260103283
0.00492931595097714 -0.0104818850181765 -0.043053659186395 0.0118001318482265
-0.0290044240143649 -0.00500458357518739 0.307108145745265 0.206699570467465
-0.0175788347781852 0.0194286270972132 0.446926767470816 -0.171987434586232
0.00168052025970161 0.01922582543051 0.0642913344871916 -0.440417202556952
0.0208300140943334 -0.00493377013928621 -0.267227615366119 -0.174274532692009
0.0181427184758747 -0.0251402627337733 -0.184429885597008 0.0839598618236757
0.0050490404355886 -0.0105454536260305 0.0173889384070076 0.0812917456218835
-0.0120730614102822 -0.00919214471213699 0.105622244853155 -0.050103447267954
-0.0159069684148424 -0.0184790689051977 -0.105172623994952 0.0470073890695632
0.00392504979529151 -0.00152065742227785 0.00741149347090314 -0.0807639666241342
0.0143170200635878 0.00741478752501024 0.189428295788513 -0.0503019511538223
-0.00580286461839441 0.00208055044746392 0.170763266077125 0.213694475230411
-0.0282100473044134 -0.0140784330186775 -0.195850979557462 0.380519087777904
-0.00408740725459235 -0.0382864209433607 -0.502381805544549 0.0520981806826286
0.0044195023672444 -0.0219266336098445 -0.277540970390895 -0.244601057010454
-0.00238367473266139 -0.0156852373393946 -0.0421347053764715 0.0160434267503521
-0.0344532415771783 -0.00572617401431245 0.309296844022323 0.199538061725414
-0.0179322586189167 0.0217292585739311 0.435708269351222 -0.189091826317451
0.00294931456926628 0.0190495896066838 0.0444714332601014 -0.443327301342241
0.0198605580589647 -0.00585968288734547 -0.273926629644257 -0.166931099375225
0.0163556650039667 -0.022301655367197 -0.180374570510797 0.0882582033878914
0.00292585727169511 -0.00646032846000636 0.019584405840992 0.084553046039741
-0.0143690333233956 -0.00676914139446744 0.102766195410936 -0.0503290029436986
-0.0176252243744736 -0.0148572652062213 -0.10702714020829 0.0471669892371988
-0.00078417726769156 0.00229763921036461 0.00615462877620026 -0.0773357266836553
0.00955808697361486 0.0107867245965393 0.192037093851088 -0.0495052004369966
-0.00814480298920134 0.00217120133873793 0.169290798641336 0.211651516555264
-0.025906568916078 -0.0137808823506707 -0.202545898179726 0.375416546966134
-0.00429022240010698 -0.0363228871717275 -0.506029950044857 0.0459834607587774
-0.000580775127953383 -0.0257857747533724 -0.281267620817283 -0.246246508408036
-0.0083651920653652 -0.0221030149748297 -0.0448953844198664 0.0170768892158883
-0.0388710756124216 -0.00685140260339626 0.305393828955945 0.19909498496885
-0.0172552095281698 0.0234701113226322 0.429266640961584 -0.190008551622138
0.00432913059517373 0.0187422601374006 0.0374848767927388 -0.443485339102116
0.0184844359860977 -0.00464514005696969 -0.275519935171072 -0.167121947303072
0.0133911343447083 -0.0183436187883734 -0.177954451835447 0.0894640010837406
0.000170497905032498 -0.0022140528851523 0.0211790000379711 0.0880158337766655
-0.01562177203724 -0.00321127706981272 0.101686396550161 -0.0499809392582966
-0.0180339403257938 -0.0098926117923753 -0.107661593747173 0.0477925200647823
-0.00517739179776512 0.00555634543138383 0.00365129191942948 -0.0748288320565593
0.00287068731536347 0.013893156529402 0.192927531888936 -0.0523804130635386
-0.0110919307196377 0.00412926808862408 0.175141949606695 0.205917775188478
-0.0232818993052482 -0.0117435019711339 -0.192538122064255 0.376669965615636
-0.00372408312778307 -0.034493872495496 -0.506344577603694 0.0567205706629351
-0.00505933720956928 -0.0291110153496089 -0.287094584318984 -0.240909236997801
-0.0132746607043746 -0.0277058122156879 -0.0494683142269168 0.0148873264978871
-0.0417462424131162 -0.00941898495146644 0.299918639871351 0.204036518922904
-0.0154259490412801 0.0248504274122344 0.433051328540105 -0.181281464619067
0.00656933965615419 0.0200031875069145 0.046563621614159 -0.446817876045944
0.0161460836746225 -0.00203808556004037 -0.272442468132175 -0.174279486135521
0.00946799552203006 -0.0138948366395005 -0.178709303933941 0.0867434482612315
-0.00330920582296373 0.00162153343977769 0.0199084705437754 0.0901364317229784
-0.0160839138812949 0.000591037516140004 0.101766812749729 -0.050648200542452
-0.00564165153886454 -0.0157117557647181 -0.098746314254293 0.0425760480943299
0.00263088759737974 -0.0130037093853135 -0.0149123688037134 -0.0961540968829902
0.0061003449412048 0.00395182239433448 0.174292494087364 -0.0932057668877954
-0.00931515257208569 0.0136154181527946 0.240457442871149 0.155634024381291
-0.0230100567837949 1.18153329970797E-05 -0.0379378801514746 0.415555030261738
-0.00160662102851744 -0.0398383806423022 -0.424761898882604 0.203718443731812
0.0181046601872769 -0.0224146911516836 -0.319033295149637 -0.178479970133438
0.0197319550834199 -0.00867029369756381 -0.066322134438494 -0.0167217037179429
-0.0115886058004719 -0.00929050986455212 0.268813440642919 0.257592432538028
-0.00639799107167074 0.0150129456998638 0.505242369698335 -0.0527783751971998
0.00492362824667625 0.0242285404067345 0.197489321546205 -0.420257569668858
0.0159802897595933 0.00935771275077559 -0.21527972786922 -0.233707560005901
0.012314036011636 -0.0209732675270788 -0.204761878321341 0.0517872235756577
0.003978754389131 -0.0164794484874834 -0.000946220501057588 0.0726480560064419
-0.00334952170310051 -0.00505536561401633 0.114423753876593 -0.0548936123000448
-0.00671898086978955 -0.0192005446270412 -0.0995674734578246 0.0435729138568369
0.00516082640898044 -0.0134406350527033 -0.00976691400447018 -0.0952191698111806
0.011117256115215 0.0015105911939712 0.177578530399833 -0.0829839717881095
-0.00797732457807963 0.00943343219117173 0.227181367954855 0.173739822037632
-0.0255092146430181 -0.00355310166432695 -0.0719580126414876 0.414850431072193
-0.00252623958981324 -0.0414560792103952 -0.443992591153231 0.175113540867806
0.0188740618440432 -0.0198137405433816 -0.308480757329426 -0.19349043410955
0.0197701914986115 -0.00508399426490545 -0.0578345293827118 -0.00882824409488725
-0.0130385319099591 -0.00729115726352449 0.282092337573206 0.245152446774248
-0.00926804149254199 0.0147955271754885 0.49611778400824 -0.0879753088184899
0.0029810259914672 0.0230040644969917 0.163705792208441 -0.428687884038683
0.018387824718469 0.00515595892714699 -0.230923744075642 -0.217370770755231
0.0160113303316136 -0.0241107033756521 -0.200725156766716 0.0608000810499539
0.00608294524939274 -0.016985913834443 0.00383022869267027 0.0734787720410312
-0.00438365839301943 -0.00809882559709287 0.112647598245487 -0.0547979310005855
-0.00832840694318576 -0.0215073451138807 -0.101154821149914 0.0441126167277069
0.00738114583158324 -0.0122659609227337 -0.00428772067192179 -0.0932757493619654
0.0150326678128616 0.000337132872516615 0.180723539740156 -0.0739509129449588
-0.0057112659353329 0.00654970875405526 0.212385135261023 0.188422040814286
-0.0279291233480155 -0.00673803709609021 -0.106755873423085 0.411032809962248
-0.00350948001425173 -0.041454009289147 -0.462005979667033 0.141681792880236
0.017618359102526 -0.0183260720731579 -0.298735539558761 -0.209849076345658
0.0175301552060454 -0.00466162418229802 -0.0516564234729458 -0.00178855842230629
-0.0172497941316488 -0.00568435763712424 0.295826779420466 0.230086746965963
-0.0126248502200388 0.0153688178716264 0.479517958932783 -0.123305687168531
0.00201350425005 0.0210154089197976 0.125345959695885 -0.43586372656537
0.0205378533435451 0.000966572686598855 -0.247436626395979 -0.200181583353428
0.0184048322025071 -0.0261758763573475 -0.196532494450031 0.0707982850046926
0.00682023347043327 -0.0170545299558732 0.0090684814053605 0.0755929930190841
-0.00664472062040139 -0.00965123705444989 0.110915058288593 -0.0533391272458365
-0.0112259811412486 -0.0216910474775909 -0.102015505582413 0.0455518220369438
0.007853756379759 -0.00929276232198151 0.000751879867179919 -0.0901751643840336
0.0176672035488027 0.00170684005873697 0.183627298177863 -0.0651152644027408
-0.0046622794477782 0.00432473266860443 0.196590915766474 0.201079277632026
-0.0291322607086589 -0.0106316995790194 -0.142687270066136 0.403823451926377
-0.00437965416688792 -0.0412262671197845 -0.479897567101499 0.106999015368096
0.0139915227440188 -0.0180252312975463 -0.290255535817272 -0.224157161307731
0.011350758641633 -0.0067698244568999 -0.0462067857008105 0.00572706602362706
-0.0227484459239971 -0.00480089924872237 0.304858495843932 0.216408633287542
-0.0157174889957333 0.0177856915548636 0.463260904324243 -0.154426096516924
0.00169701450762362 0.0203530603438942 0.0900841907517301 -0.441460724385604
0.0213669504003949 -0.00262123134122721 -0.26095841634805 -0.184838990175589
0.01899526134569 -0.0270300887743601 -0.190030353878282 0.07993098896447
0.00620021935315136 -0.0139965851636447 0.0138692626599546 0.0780465181968607
-0.00905902220684797 -0.0103196261444594 0.107666329391427 -0.0528084069453733
-0.0133907952883022 -0.0203654976585843 -0.103984005832278 0.0466577678681264
0.00673182322546016 -0.00551397399894597 0.0041815467172059 -0.0859533815648417
0.0170412294236423 0.0037996304887726 0.186730090812007 -0.0580034250048903
-0.00431832452806507 0.00261582052832289 0.182394739882097 0.208706320803442
-0.0288566754779217 -0.0127565250348227 -0.171554312868579 0.393271333025775
-0.00433206353213398 -0.0404182763322963 -0.493576273449316 0.0766321502782703
0.00949307206640895 -0.0191374365664137 -0.282711238101571 -0.23675963145455
0.00493927806018997 -0.010270290392215 -0.0430589789395051 0.0120010803904406
-0.0288806864691458 -0.00486750943955778 0.31028075317503 0.204642237936608
-0.0171549310121056 0.0197557096141564 0.447068070376724 -0.179282140838991
0.00186090342537216 0.0192174470656578 0.0582295351093375 -0.443420860776378
0.0209073071578756 -0.00522857483346875 -0.271652644601903 -0.170667732756489
0.0181740405346093 -0.0256565425717048 -0.18488131858494 0.0872932822904567
0.00473900827133256 -0.0110451084305404 0.0185600524501592 0.0816342023656613
-0.0125638490076544 -0.00915318743145952 0.105613308861841 -0.0513026659267128
-0.0161679402511525 -0.0177098602573918 -0.104809662637864 0.0482432964318638
0.00338024285331219 -0.00170946508248844 0.00542819231711745 -0.081097657529543
0.0142210557490964 0.0074304881404893 0.189698939149749 -0.0534489317005002
-0.00595304567674882 0.00186219410100407 0.174256771887516 0.212581925819726
-0.0279318025207915 -0.0137857105200648 -0.191492357134769 0.383929912735892
-0.00429113413475725 -0.0384578805543944 -0.502416231366894 0.0582520221343343
0.00420261930687156 -0.0216134358837555 -0.28018374922655 -0.242633142074358
-0.00239981057204416 -0.016107256692166 -0.0426941735598168 0.0164800902913788
-0.0346807733198837 -0.00515364228589017 0.312792406189931 0.196383378369353
-0.0175263469925445 0.022079297893388 0.434122270809697 -0.194911419640605
0.00323743174396126 0.0190533371817471 0.0379902684417774 -0.445337581550314
0.0199760365144904 -0.00573856027171924 -0.278229606457499 -0.163642219999549
0.0163905256399826 -0.0227715509184388 -0.18031259574079 0.0915352135992278
0.00264397641775913 -0.00685836779980605 0.0209057452424997 0.0854911394865493
-0.014267185539877 -0.00650359578052374 0.102782145352833 -0.0516027361328802
-0.0176977897243174 -0.0141848067372451 -0.107424620546356 0.0485164648424455
-0.00067127864645373 0.00232399387274784 0.00510950940392426 -0.077713953225023
0.00930277953517201 0.0104129692183993 0.191406793462821 -0.0518898021247387
-0.00721269564620746 0.00221448744165997 0.172410231336332 0.209970615169809
-0.0258282956675554 -0.0133831118708113 -0.19807818655867 0.380048544252302
-0.0045741801419629 -0.0365403115776153 -0.507618251464687 0.0531848816047795
-0.00119617334406423 -0.0254990522078871 -0.284555988374132 -0.244350831149919
-0.00876989900442643 -0.0222041212284999 -0.0448717920117623 0.0171780808764647
-0.0392452873010306 -0.00680847778721043 0.30989450676749 0.196556852315086
-0.0167798837245777 0.0240637230442189 0.427922180111845 -0.197543454367557
0.00543211566976337 0.0187796778868546 0.0317692494814768 -0.447799292802663
0.0186403394679083 -0.00426202391576307 -0.279674894030619 -0.163267486736195
0.013399687926478 -0.0184612996167156 -0.177843773563696 0.092314992957442
-0.000171550608176038 -0.00255060332717675 0.0217075539662124 0.0879025999541612
-0.0158529885179031 -0.00305841465119365 0.101663279754885 -0.0505506758274917
-0.0180471491620031 -0.00983887352318901 -0.107539053204773 0.0485479521719725
-0.00530673463511752 0.00606542238606919 0.00260895597400406 -0.0756886460048425
0.00328723011893198 0.0143483739310291 0.192606438870299 -0.0549565867022141
-0.0105696933225411 0.00409504500044401 0.179109572228847 0.203464037286216
-0.022707093555289 -0.011614031948428 -0.189659006971642 0.381511868575153
-0.00376905076495149 -0.0347976571928652 -0.50842643347759 0.0638772271174921
-0.00521449297252551 -0.0281243870087407 -0.290566412193004 -0.239480592221737
-0.0135099413001377 -0.0280504451850197 -0.050175172549236 0.0154902764499917
-0.0422723828741792 -0.00930106391605443 0.303809186534728 0.201931620717913
-0.0149871009254593 0.0252590536238095 0.431801999915613 -0.186783182715251
0.00685686485255935 0.0199944038739499 0.0403986575297332 -0.449471930812897
0.0162840418552823 -0.00205195971022257 -0.276866620081934 -0.171693204487648
0.0094683895139836 -0.0141405532803955 -0.17853304134204 0.0897212878408313
-0.00298578142957607 0.00105549781223413 0.0207584401388193 0.0903415906964093
-0.0162305686789055 0.000776010939148016 0.101151641024315 -0.0517292789248971
-0.00566078805600211 -0.0160990318648042 -0.0989606746613525 0.0436576457627227
0.00189598240306427 -0.0124405270510826 -0.0166875412435851 -0.0963773390831615
0.00596277443135023 0.00399634733349676 0.174115375369946 -0.0959132846023279
-0.00966055927171189 0.013399094877619 0.243020846112967 0.152586685153334
-0.022592821700028 0.000357163488081149 -0.0320322298343589 0.416175393627434
-0.00239812897402155 -0.039925795588216 -0.422946738296086 0.209164703204487
0.01789915575296 -0.0225290933456776 -0.321078525660256 -0.175359571631308
0.0198655856094004 -0.00875927286591437 -0.0664650548260599 -0.0162398921284754
-0.0122195640500436 -0.00874690462190227 0.272057420370111 0.255478325774631
-0.00658877965178118 0.0147703045942286 0.505933578939136 -0.0588733887791696
0.00528844108991741 0.023854337900832 0.193547146968778 -0.423499825777959
0.016443361662794 0.00940924641778104 -0.219671405465879 -0.231864946658517
0.0119326628801679 -0.0217217209236722 -0.205455736017048 0.0553187409970902
0.00368253233748145 -0.0167714488763123 -0.000398118459834897 0.072955712685092
-0.00345699964895836 -0.00490938100726864 0.114574360678991 -0.0561707199475884
-0.00697721013556169 -0.0184109902033128 -0.0993510744570622 0.0444007003465473
0.0048174926048643 -0.0134259148181588 -0.0112162931476604 -0.0956502331500244
0.0108169978888725 0.00134706849030175 0.176772773374928 -0.0858595708396724
-0.00761702138369376 0.00981884084885837 0.229624958103852 0.170706394982711
-0.0256222182401706 -0.00326709217800416 -0.0659503288957794 0.417452421262406
-0.00310992058082616 -0.0412035475066637 -0.443537304713392 0.181173235251142
0.0191506287666862 -0.0201497121830562 -0.311708148619464 -0.190955281198027
0.0196021309719473 -0.00523039179490411 -0.0582148029111022 -0.00844483916337231
-0.0135940291950449 -0.00633359380063131 0.286489574813126 0.242177108494371
-0.00885725314212337 0.0146969890541832 0.495921930408002 -0.094083340979069
0.00323550505913816 0.0221523979413519 0.158009179075523 -0.432217821891285
0.0185911634017318 0.00523665601083202 -0.235408156765747 -0.215195066188223
0.0158867947213678 -0.0249248357619677 -0.200901051272236 0.0637999993624823
0.00567591582569943 -0.0176112908691106 0.00474773043202869 0.0735182082192478
-0.00439731969478077 -0.00773306910313051 0.112562890040825 -0.0558271445263904
-0.00867003791855527 -0.0208670429085766 -0.100706217301113 0.04509455233052
0.00700190740469467 -0.0122627415671564 -0.00549943189343164 -0.0941273272820234
0.0150485899899315 0.000528128778935592 0.179973191171465 -0.0768383725488667
-0.00584950518787187 0.00648038835601511 0.2153232184703 0.185587481720713
-0.0274173011287623 -0.00691759446889098 -0.10195571953178 0.412806314503552
-0.00401912816338464 -0.0412895016489994 -0.461615269297665 0.147203829736448
0.0170553964140499 -0.0182158706185841 -0.302905819065086 -0.206405495265119
0.0170941937220751 -0.00486674644624662 -0.0520273102590896 -0.000844346751232339
-0.0176705309611255 -0.00519590811332986 0.29850255674148 0.228604411286216
-0.0126494781012941 0.0158936991955111 0.480342136645826 -0.128420018498157
0.00243398134730769 0.0211511452231486 0.119845191608881 -0.439303103176907
0.0210590930985402 0.000499225898685124 -0.251487276841188 -0.197625540204518
0.0180280179239798 -0.0268835679825642 -0.196053185585998 0.0736485422813279
0.00633575639775607 -0.0170247310764705 0.0101840009260526 0.0754692990828544
-0.00750204516020785 -0.00948387620277648 0.110637743070528 -0.0540384102630562
-0.0117289143930356 -0.0212386536256053 -0.10178131976752 0.0468307099524154
0.00784383285720746 -0.00986065756883247 -0.000500572116252753 -0.0902452632064671
0.017612620935919 0.00149336135106281 0.183431517054467 -0.0679963732009469
-0.00453881702760122 0.00397349823384149 0.199838908757756 0.198710424208083
-0.0290846689679446 -0.0102463247851262 -0.138128290934511 0.406500889263621
-0.00457443848678706 -0.0414025962298512 -0.480242817028931 0.113619078061567
0.0134449817673024 -0.0176332433728918 -0.29459857999294 -0.221761722889501
0.011241742920922 -0.00667260661746795 -0.0465625934986525 0.00656670951460245
-0.0232854572938757 -0.00449859251148016 0.308511830726427 0.212528143400141
-0.0155315461333896 0.0176975176645395 0.462072118469484 -0.16103944576707
0.00187462153478563 0.0200000612776127 0.0837247795970706 -0.443749141437692
0.0215569380100732 -0.00251908211488491 -0.265027577848249 -0.181503768679969
0.0188465392095405 -0.0273790211006514 -0.189789152824392 0.0819826701259727
0.00603117860693818 -0.0149569017958001 0.0151232598331331 0.0782909122480151
-0.00974950187617454 -0.00990830081076783 0.107385302217248 -0.0533751099458194
-0.0138988559591094 -0.0199795981843279 -0.103670921288606 0.0479409723876526
0.00615247478875769 -0.0055509842247172 0.00316753110985045 -0.0865893958226429
0.0168329303556474 0.00429266237706737 0.186836968777495 -0.0608581695974469
-0.00416505593506661 0.00280291259777133 0.18575657752483 0.207062236753834
-0.02927283721984 -0.0127871984330813 -0.1682643949804 0.396295651626343
-0.00461181670302389 -0.040175833830462 -0.493517489429699 0.0823301710614928
0.0089422074504331 -0.0190611918678689 -0.285930668001442 -0.234173573824953
0.00462053222409749 -0.0106053141784345 -0.0434217803981575 0.0131135943599322
-0.0291177974613026 -0.00433672908017731 0.314866122291721 0.201506463294156
-0.0174307027740308 0.0198323345935233 0.445159211288797 -0.185873897120661
0.00244282326731673 0.0195668936182256 0.0534727490418348 -0.446493783539158
0.0213008206227595 -0.00506252826048732 -0.275709447348833 -0.168029516579724
0.0176965910355423 -0.0262486199897025 -0.184157636792074 0.0905519516554178
0.00431160189681803 -0.0112540898251346 0.0193685177255637 0.081655094778713
-0.0123007559205313 -0.00862433645572548 0.105594876747568 -0.0519437067718258
-0.0164338360012417 -0.0171821731326408 -0.10444959566008 0.0493149297228318
0.0033372698593349 -0.00141773782923539 0.00446617046922032 -0.0817211335143322
0.0143560647964562 0.006793639344846 0.18903658528109 -0.0558171226163474
-0.00533126967870553 0.00189032272380406 0.177460071255655 0.210675148977715
-0.027773480877875 -0.0133467594316986 -0.188089106113286 0.387888414645286
-0.00532096772861352 -0.038472567814385 -0.503208357745665 0.0652519499554122
0.00369361665990814 -0.0214782059724567 -0.285723712562351 -0.239698235620722
-0.00256712127256732 -0.0155950859725339 -0.0428832694085803 0.0167093951794527
-0.0349564772269778 -0.00469629747795884 0.315480655921181 0.194119348994055
-0.0177914246009798 0.021834397229861 0.432204489958473 -0.200218192778844
0.00366331050091433 0.0190922429955437 0.0321461397334617 -0.44721864654729
0.0202722414069073 -0.00598333978405199 -0.281994278751534 -0.160653100130076
0.0158487968601648 -0.0230338255462364 -0.179966664903752 0.0940591985632777
0.00197738067942439 -0.00724533076405974 0.0219164523642771 0.0850072395984706
-0.0144808920406817 -0.00621695028433439 0.102742150271261 -0.0526280274359831
-0.0178263890597269 -0.0130062533196889 -0.106518893324227 0.0495785164851348
-0.000687979355877097 0.00314598917657778 0.00421207082226703 -0.0782332238578534
0.00917823158152158 0.0103998924340123 0.19109859283718 -0.0548204196170729
-0.007992102012792 0.00238222577351048 0.175906848350236 0.208854782465874
-0.0253149612706098 -0.0134293379181837 -0.195048584409025 0.383424537417169
-0.00506859814245053 -0.036377110839523 -0.507951231028623 0.0591967536858522
-0.00144996645237069 -0.0254040864678391 -0.288018636574056 -0.240905943907882
-0.00930059864185206 -0.0218847825717161 -0.0448334141521705 0.0183316967406182
-0.039823002567761 -0.00609388404958639 0.312556892026238 0.194578310468961
-0.0170467495126745 0.0239798693970629 0.426500742029089 -0.202307045249456
0.00510154171349402 0.0190308724054364 0.0264736405668187 -0.448284097233686
0.0186910996156938 -0.00487852680172583 -0.283363791273374 -0.159899553664237
0.012987269180269 -0.0190640389164927 -0.177671045111862 0.0954733306191358
-0.000658096312067054 -0.00282870689446314 0.0231853515256107 0.087882587263726
-0.0156321418079844 -0.00230963425298621 0.101576903361673 -0.0519723969283141
-0.018195262468287 -0.00881183384206612 -0.106957429364495 0.0497085353255062
-0.00516081999927527 0.00615998747613915 0.00136745564311802 -0.0760021476278624
0.00326896394852572 0.0140532487291475 0.192790895777808 -0.0576121223289163
-0.0104272702949312 0.00438937263613187 0.181230305694912 0.20211080963405
-0.0228757938753628 -0.0114322336241482 -0.185221852533709 0.383231605604997
-0.00475884485261185 -0.0343696094655365 -0.507229699643465 0.0697015668638651
-0.00589827990519375 -0.0283309640451482 -0.294717536979898 -0.236002730273137
-0.0139578096472007 -0.0278649340151419 -0.0499363093465082 0.0159208868446575
-0.0425757106291609 -0.00890945990799833 0.306762658231941 0.199693261471171
-0.0148488044438862 0.0256467421456598 0.430542785241975 -0.192892203197171
0.00734390177341999 0.0197537315410607 0.0341086576484739 -0.451550187057528
0.0165040098710849 -0.00224111337401314 -0.280588336563264 -0.167488878423811
0.00922805169127948 -0.0142078505093286 -0.177941554381272 0.0924052940155826
-0.00359177623113246 0.00115908901700113 0.0220953853995285 0.090593798414665
-0.0165673755612614 0.001094194774724 0.101005398413294 -0.0521289583536998
-0.00563720219940473 -0.0152007856190769 -0.098680593902045 0.0446016949475705
0.00153126660114998 -0.0128002206818406 -0.0183393757827237 -0.0967348194056652
0.00583968026686726 0.00376783300481969 0.172595767678067 -0.0982193847622251
-0.00956213170368189 0.0141442293754226 0.245553903088795 0.148885853020235
-0.0220859568822902 0.000504204867261684 -0.0280692780298569 0.417197343654935
-0.00309988864640644 -0.0398027092503275 -0.421290180670185 0.214111638070758
0.0172899861116816 -0.0228993332226767 -0.324633995730525 -0.171015858080195
0.0194664506888112 -0.00897993294998958 -0.0674920116186779 -0.0149705572927989
-0.0124983271358595 -0.00932607938209414 0.275874641574291 0.253386117942784
-0.00616634708466635 0.0151278538298969 0.506062595888363 -0.0665839713003411
0.00527764475115387 0.0242299127232476 0.188027077067374 -0.427131680792264
0.0167609366584565 0.00914196884554414 -0.223484891147687 -0.22943210538756
0.0118093005674647 -0.0218580860511306 -0.205477877467238 0.0580026618927533
0.00303931565825076 -0.0170180694291031 0.00018020814843859 0.0731764327216519
-0.00375337515579643 -0.00488630597385377 0.113796376992997 -0.0573882324414114
-0.00663482965231378 -0.0179999019382294 -0.0989414809338617 0.0451656933432075
0.00476245250823286 -0.0132346847842454 -0.0124276519581555 -0.0962393052160559
0.0107434947291575 0.00144456381019447 0.17572661586843 -0.0887486207536894
-0.00764348864332789 0.00959258404675079 0.231988764666949 0.167940865231464
-0.0256997645888321 -0.0027661400864542 -0.0607064419287048 0.419073070901026
-0.00365324388180688 -0.0412079292394344 -0.440334726357301 0.185194127669225
0.0183150547751709 -0.0197795684508896 -0.314571979229412 -0.187985411815281
0.0197794744350223 -0.00514786798565096 -0.0590543143168408 -0.00763753287825336
-0.0135274924876763 -0.00625109160334622 0.289846286960068 0.239457308216232
-0.00892979952326774 0.0145312349280426 0.49508251545029 -0.100975207769119
0.0041415425896492 0.0226399527382709 0.153100540187813 -0.435113667272545
0.0192880417592246 0.00499615361589932 -0.23911118752077 -0.212596428599208
0.0155767309535621 -0.0250704269930028 -0.200989595227442 0.0667901674230472
0.00525566141290874 -0.0180358565873727 0.00512131833517852 0.0737499724211237
-0.00486029615211155 -0.00756341294783743 0.112098401061521 -0.0569400296798692
-0.0089521090257285 -0.0199887867461859 -0.100292302167999 0.0460313194585292
0.00687807318803719 -0.01200113694925 -0.00651200837942711 -0.094471402758338
0.0149068555316765 0.000125948194487333 0.179126664249002 -0.0795563540850889
-0.00551353862324599 0.0065938268005238 0.218637625107759 0.183349172436006
-0.0273995735795799 -0.00633114684308074 -0.0975922504540537 0.414603140816981
-0.0047369030472427 -0.0413242626635075 -0.460304160457811 0.152670586433468
0.0167773354062406 -0.0182850603945011 -0.305024359968752 -0.204868143103561
0.0168977390934065 -0.0048849436651728 -0.0522316406779894 -0.000208977980680384
-0.0176961326885949 -0.00506703084180928 0.301765706029867 0.225078371122927
-0.0122998229422922 0.0156841518778433 0.479273556159716 -0.135748195017356
0.00241991150036306 0.0213104120592027 0.114487702410252 -0.441523828317111
0.0211062587912834 0.00035546249657006 -0.25448452447454 -0.194635729808437
0.0175997741702735 -0.0268972315553276 -0.195516841334736 0.0766183693779219
0.00587323496151014 -0.0174583918204143 0.0104262424268755 0.0757656430952079
-0.00757569225742969 -0.00941147156013982 0.110262881743214 -0.0551510820481034
-0.0112144943063042 -0.0205741102706029 -0.101143999487902 0.0473438707868255
0.0073325661029221 -0.00922440400014061 -0.00161990025151236 -0.0906098695186745
0.0173617983201602 0.00109140740589083 0.182367391856297 -0.070266493821519
-0.0043701608036891 0.00452825164486531 0.202631587449017 0.195967804320224
-0.0282140750863853 -0.00995612730536631 -0.13324870985512 0.408346427076745
-0.00528874837195808 -0.0408827934519284 -0.479293749374358 0.118365754265292
0.0133208290773981 -0.017933830667222 -0.295977934239622 -0.21865852578239
0.0114749817115106 -0.00676679066918713 -0.0466284447205844 0.00716183247837829
-0.0233056692269156 -0.00429161855636333 0.310929799134359 0.209412700596148
-0.0150961610181663 0.0174948564999736 0.459749290856984 -0.167640294724174
0.00219457394929222 0.0203448295105415 0.0770607106063003 -0.446386288763616
0.0215934614362267 -0.00318176882378229 -0.267862710799976 -0.178120090632704
0.0180148564123862 -0.027732415279102 -0.189910923431923 0.0853157950458294
0.00558597566617971 -0.014843869419302 0.0156114342574817 0.0782399617136769
-0.0102025125702699 -0.00964687868672428 0.107167874043679 -0.0542798428825423
-0.0135660385486597 -0.0195614130348345 -0.103748934156573 0.0487202172433401
0.00587694337822311 -0.00563172772970728 0.00196946675251615 -0.0867340575427658
0.0169687576264209 0.00361419911451465 0.185663138302682 -0.0634299088024909
-0.00454910450909694 0.00247478494270851 0.188816505528326 0.205295915797127
-0.0289695245076597 -0.0119483905358054 -0.162981146841614 0.397824772096303
-0.00536994648765139 -0.0400247714181341 -0.493324771322226 0.0886380802309216
0.00876421886661853 -0.0189901493306156 -0.289320927558958 -0.23117887242014
0.00496747438660101 -0.010522722781652 -0.0435884710335671 0.0132111955862896
-0.0293270484502135 -0.00414260639769594 0.315573948807289 0.197361523679819
-0.016918294163188 0.0204416570839633 0.443722580938936 -0.190850082675305
0.00264149103113296 0.0194195221210672 0.0462450203645655 -0.4479654098425
0.0217031956597506 -0.00555776270160903 -0.278698080166975 -0.164635458011722
0.0172797170488868 -0.02657438411305 -0.183575924430852 0.0930861685754377
0.0040636854275547 -0.0119445999096624 0.019755569959977 0.0815511784633417
-0.0126467100524888 -0.00838360632069834 0.105136731211019 -0.0534437718545733
-0.0163705601769153 -0.0166825258496196 -0.104312565954461 0.0504067636437535
0.00286757991682353 -0.00123854667762366 0.00341915656748272 -0.0818180256276321
0.0143244994344246 0.00704714553382007 0.188540039745856 -0.058804340962787
-0.00571208728027669 0.00222212913411366 0.180312196296736 0.208659333803846
-0.0278961017995873 -0.0134858118970855 -0.183479427527191 0.390683807195183
-0.00558372168131852 -0.0384635106621461 -0.502945507177892 0.0706271015089986
0.00344356037281749 -0.0214681599376762 -0.288165632449748 -0.237642778224443
-0.0025161481079338 -0.0157254544759391 -0.0425317602263347 0.0174474474012387
-0.0349408221502166 -0.0043264206531724 0.31800883406421 0.190168444829178
-0.0172426083272492 0.0222450849728342 0.430267475608749 -0.207082833377575
0.00353887739698109 0.0192212872184891 0.0256956917372299 -0.447986761061888
0.0204390641379658 -0.00611061417592642 -0.285376635478539 -0.156480902389377
0.0153011357590096 -0.023498782332209 -0.179076637232498 0.0974570818328441
0.00173740742187893 -0.00745940733197992 0.0230144173531043 0.0850332639386214
-0.0149357505938105 -0.00565947470266496 0.102330085465101 -0.0533533241716985
-0.0173308462154041 -0.012810026964454 -0.106301215644596 0.050407590171027
-0.000636467435108869 0.00297827934336528 0.00314442042079759 -0.0786106973108471
0.00897337354009852 0.0105959665391909 0.190917011604695 -0.0571665933286076
-0.00801559961963076 0.00249661874432346 0.179058535068772 0.207043122066365
-0.025853376431151 -0.0129612884427533 -0.191039638268868 0.386396041902087
-0.00542126152810475 -0.0363788916030693 -0.508271180348999 0.0642980520409389
-0.00228888111173484 -0.0247343996409799 -0.29152170258841 -0.238190717029077
-0.00927639087713548 -0.0219569864871991 -0.0451603037885295 0.0186166332779987
-0.0396286025683437 -0.00556925289261898 0.314867929931768 0.19076393334042
-0.0162242591591589 0.0242804012678561 0.424764164935427 -0.208406726522696
0.00550570984843597 0.0192564142764136 0.0191557783155307 -0.449575252394538
0.0189858692015865 -0.00496944839747251 -0.28642673203432 -0.155780310817687
0.0124490786498884 -0.0195736197854848 -0.176676352621038 0.0983456799164783
-0.000652628913219377 -0.00281503127097768 0.0240188407798913 0.0880772796237552
-0.0160190238902443 -0.00224501663376588 0.101243692588056 -0.0528486227283363
-0.0176293874402336 -0.00802713659174135 -0.10650481371155 0.0505943561980872
-0.00553354243200885 0.00660600994354902 0.000630453365239465 -0.0759543998780564
0.00296388051939869 0.0142711513333477 0.191997723373355 -0.0599387270165406
-0.0104328528131142 0.0043942681572357 0.184825166073346 0.200325035011507
-0.0225851917762533 -0.0115714279867783 -0.182094779024697 0.386409505759768
-0.00489337049166344 -0.0342240058326008 -0.50694452883958 0.0743582980599415
-0.00605527067418605 -0.0281787758096845 -0.297110630949468 -0.233783033639851
-0.0141910218708555 -0.0275889022663767 -0.0501388986373936 0.0168215170157542
-0.0426748120483496 -0.00817550095206467 0.309927065840176 0.196233424945213
-0.0147521283005859 0.0257276281176204 0.428492539447061 -0.198092093077576
0.00771563584156839 0.0197954980626349 0.0288329883395026 -0.452683976036239
0.0166391576495082 -0.00326666939735496 -0.284054049615664 -0.163189738800606
0.00887291368034858 -0.0149438719257674 -0.177073421502819 0.0959896545740891
-0.00388128460941599 0.000887165631398864 0.0231348245653718 0.0906084830698482
-0.0163718766793926 0.00162503999217049 0.100286624295279 -0.0532163092731123
-0.00559809487833911 -0.0144483794929981 -0.0981013098230349 0.0449570410338355
0.00160809538093667 -0.0123653962811098 -0.0197342900498166 -0.096868114588829
0.00614265758806486 0.00351460837229445 0.170894408867112 -0.100964344099174
-0.00914886643254554 0.0135920329689917 0.246808894923707 0.145901496149522
-0.0217092810931505 0.000827020657345464 -0.0224301625094079 0.416944344150647
-0.00330040758199592 -0.039814830139927 -0.418748779636891 0.219483423318324
0.0172446001016841 -0.0225004264545436 -0.326665709699014 -0.168893521142837
0.0195011208713088 -0.00944105542925039 -0.0679368274620845 -0.0140120623188673
-0.0126059872558326 -0.00890686479223447 0.278299076471461 0.250877963534519
-0.00621929521052623 0.0148248159510681 0.503582287783568 -0.0714092094256904
0.00587819210901681 0.0241099303737035 0.181467923703568 -0.429962009992914
0.0172086842287222 0.00891512400477589 -0.22766658846008 -0.225720684956285
0.0113727744015404 -0.0223866619960727 -0.204853214443196 0.0612004700003426
0.00266491160164013 -0.0173771776473019 0.000861431231377129 0.0735131711779553
-0.00366709467801966 -0.00470103591533137 0.113226990788153 -0.0588914437972989
-0.00683128480214308 -0.017516093675086 -0.0983759425592176 0.0460449080341825
0.00416680080286828 -0.012856096937108 -0.0134977234130747 -0.0961963985620185
0.0109557760118354 0.00159345327686115 0.174748408065145 -0.0918788846931674
-0.00769832858262215 0.0102489155090564 0.234699289502031 0.165015039244154
-0.0249591788208771 -0.00251596963974769 -0.0564692162296422 0.41817583265914
-0.00395699531306942 -0.0410626746825427 -0.438395432287454 0.190759004919108
0.0181205446114609 -0.0199803379834333 -0.316353313180391 -0.185227062771499
0.0195719303349764 -0.00547706093301738 -0.0593804901050796 -0.00697837859829362
-0.0139737523801865 -0.00621332668361101 0.292653819907254 0.23721981244314
-0.00895243818802164 0.0148257020887334 0.493340003477639 -0.105678125675808
0.00393277043661981 0.0225462240713203 0.146937644749609 -0.437739095570347
0.0196480150068613 0.00488875555642196 -0.242440088353992 -0.209944672061886
0.0151343112638671 -0.0249329482107067 -0.200127027655574 0.0698647095457665
0.00480379571108821 -0.0179391213349744 0.00618739281529899 0.0738667194613506
-0.00507477170242491 -0.00728603832917559 0.11154973764696 -0.0587262208108017
-0.00914882439961468 -0.0197164059189934 -0.100360157100764 0.046809888541419
0.0063086890389326 -0.0119528789131431 -0.00811566320751467 -0.0947609062926928
0.0147699113475559 0.00049476760660833 0.178160291319166 -0.0819856437609249
-0.00543409481056574 0.00679399837860888 0.220678511129242 0.180138326596722
-0.0275657451696427 -0.0061063936313385 -0.0914544437975403 0.415600746637255
-0.00514780479674377 -0.0413510157751356 -0.458327770455414 0.157879229308847
0.0166825074040156 -0.0183993863163879 -0.307586718369894 -0.201785560263511
0.0168112768456231 -0.00550275281299172 -0.0523930792606465 0.000741778625541302
-0.0176022888843619 -0.00490401724497939 0.304406234556152 0.22251644588138
-0.0118085007887947 0.0156724162487983 0.476636995308472 -0.141234418944533
0.0028601103341133 0.0213947078455418 0.107730803973884 -0.444221307480231
0.0212723373764296 0.000444067803928277 -0.258235662036236 -0.191000471543601
0.0172400041019254 -0.0276410897419385 -0.194990752202391 0.0795754614147959
0.00531974409273314 -0.0177340260176772 0.011406755032347 0.0760328810325006
-0.00759475422041081 -0.0089461794885423 0.109589654680134 -0.0558740760959012
-0.0115177249784747 -0.0201491807910479 -0.100729722571861 0.0481289413489498
0.00710900651352324 -0.00909661281228872 -0.00281994200914574 -0.0911107477690198
0.017144273611028 0.00130457191286549 0.182150365800649 -0.0730398737845424
-0.00454925451417232 0.00400977453441296 0.20515329197691 0.194190616892885
-0.0285382180256504 -0.00936284849008146 -0.128553031820103 0.409871163118174
-0.00550280819323137 -0.0408737711099178 -0.476878860114034 0.123307881712754
0.0127655928017812 -0.0178002680226655 -0.299712438256578 -0.216312706100813
0.0113662576958732 -0.00681734095226272 -0.047117494720906 0.00736657789092985
-0.0233158037439267 -0.00422273654670246 0.312792446128295 0.206188025945409
-0.0148033414109304 0.0180227312235327 0.458187321434342 -0.173573019027266
0.0024591507404167 0.0204194265389029 0.0709798050076982 -0.449176926495563
0.0217460398246023 -0.00292817447492209 -0.270327744509255 -0.174580647664068
0.0180512727605152 -0.0280099150249824 -0.189347412311602 0.0883254589296193
0.00495419228664863 -0.0150800008462622 0.0166357561458491 0.0785631513048557
-0.0103331598764318 -0.00922523960756464 0.106597046484339 -0.0551844291673862
-0.013839842424622 -0.019040487593811 -0.103140455487548 0.049633221631004
0.00587737928523605 -0.00552413009764831 0.000834826512049861 -0.086914781846513
0.0170604452028858 0.0037135117842894 0.185176728095861 -0.0656838284825331
-0.00459246097614021 0.00285923273316099 0.19155443034339 0.203120350159577
-0.0282476103517479 -0.0116703553225099 -0.159341065502729 0.401079905261689
-0.00554364618047788 -0.0397718690951167 -0.491942346354461 0.0939437318878189
0.00790036454327786 -0.0190229947281909 -0.292496166930785 -0.22798818905173
0.00503972907079047 -0.0105221846663215 -0.0433620122361627 0.0141006000378037
-0.0292472391967552 -0.00377540012520603 0.318744099499888 0.193932963182452
-0.0168589387121133 0.020316484163944 0.440294376727522 -0.196957328723068
0.0025392815151708 0.019433898885164 0.0392924971621213 -0.449306296679548
0.0214970194766046 -0.00595845156575738 -0.281439311700405 -0.160474852430552
0.0166343157687281 -0.0263790806572258 -0.182617025652711 0.0963533561057315
0.00357448213653699 -0.0120030668734677 0.0210682784830881 0.0819936438065092
-0.0129905346088222 -0.00793027711324585 0.104932766783211 -0.0540796152672787
-0.0160855268605175 -0.0162585171626776 -0.10364886131385 0.0509750435127881
0.00295015088484067 -0.000972146460711341 0.0026819230303611 -0.0821118558949255
0.0141055751781741 0.00691212165231768 0.18773644715732 -0.060608772485476
-0.00622901601578478 0.0019482923754993 0.183521210054866 0.206685575996832
-0.027443691217634 -0.0134314891818727 -0.179882020730672 0.39346091297855
-0.00575741513461219 -0.0382905955350265 -0.503051920768672 0.075272877820491
0.0027995986402935 -0.0212369890071987 -0.290644361840627 -0.234709008744204
-0.00300270394979382 -0.0156410550905786 -0.0425365572399291 0.0181592393573518
-0.0351064242849437 -0.00404198271653413 0.320612396197168 0.187821546064939
-0.0169148351468688 0.0225269941559653 0.426794060987041 -0.211834066017471
0.00415270543455876 0.0190156808787965 0.0194475305577549 -0.449645995487663
0.0207638868744675 -0.00672287321106598 -0.287354945429544 -0.152898402582882
0.0146636157485524 -0.0242300338381308 -0.178349278401268 0.100230245954924
0.00166051429254893 -0.00770579214086239 0.0237317586951214 0.0844959519575623
-0.0147953881104733 -0.00531711155006495 0.10207863969112 -0.0538602988974324
-0.0175325278295253 -0.0123895571351614 -0.105517595523553 0.0511977357858057
-0.000957581568550974 0.00279937682283738 0.00179257450149762 -0.0789815779858658
0.00945872531423311 0.0107147217646776 0.190480751393246 -0.0595030775533239
-0.00786670663776439 0.00214590715989466 0.180852857423015 0.205112721747218
-0.0255542665293937 -0.0123767284547758 -0.185246079266296 0.388527864928737
-0.00596987585195594 -0.0358063036560821 -0.50669860664868 0.0711139642598013
-0.00228938818007012 -0.0247393136093255 -0.293837347532116 -0.23596391985324
-0.00971149039520491 -0.0214215474697783 -0.0452541019287808 0.0193508496459776
-0.0397496165980907 -0.00560796715495803 0.317114397479544 0.188118995693408
-0.0161572898927393 0.0245197895068648 0.422624910003081 -0.212989230748655
0.00608816910009035 0.0190273409678293 0.0141263561952283 -0.449862515265053
0.0190355850996847 -0.0054344381530813 -0.289106991254678 -0.152182967373564
0.0122642104277378 -0.0196400977450299 -0.17609350313364 0.101485319455067
-0.00160574208611771 -0.00306675310591393 0.025104772257038 0.0882043182233957
-0.0161559185967256 -0.00189231569835338 0.100545280458068 -0.0534538788240703
-0.0173203437293232 -0.00768455307459505 -0.106006975770211 0.051833846528092
-0.00533591016105231 0.00662210988830732 -0.000428067410054459 -0.0764014127286854
0.00308720744684812 0.0143476138677726 0.191214654002527 -0.0617793516013887
-0.0111316922038358 0.00441130021047299 0.186906925115896 0.198122638939707
-0.0228321183332898 -0.0112423428589641 -0.176771250437142 0.390147141735191
-0.00537070862451481 -0.0337999162961673 -0.505230913185791 0.0809680066950186
-0.00688296611456398 -0.0276975288084559 -0.300471589439987 -0.231123040048966
-0.0147369403172805 -0.0274190188369685 -0.0502490215389596 0.017967708046114
-0.0430303454119959 -0.00751976764180104 0.311929169720224 0.192549695989497
-0.0143919959883703 0.0258275445279672 0.425916504857438 -0.204366073279029
0.0082710519571266 0.0194700105114701 0.0212386701788007 -0.452816621261885
0.0167309569515247 -0.00296067239828153 -0.286478054577455 -0.160250125091385
0.00877103306532998 -0.0152327177063201 -0.176563480093725 0.098678441422439
-0.0042397069826511 0.000747960300762829 0.023993561343456 0.0904916542701618
-0.0164524560189825 0.00197244782534893 0.100067745369075 -0.0541826574226448
-0.00534426170854717 -0.0144162824447744 -0.0981956521892889 0.0457584491249977
0.00125358860327263 -0.0121526212475933 -0.0212223465274188 -0.0963972840041425
0.00600763998206701 0.00404883178048041 0.169638197319665 -0.102581722710749
-0.00933705520938425 0.0138604047946043 0.24908753051669 0.142922363981605
-0.0215856949998695 0.000998895562486748 -0.0180374820169031 0.416802539833862
-0.00382728394985725 -0.0393768316504996 -0.414612281842684 0.223237068915343
0.0165487751726244 -0.0226560194712436 -0.327865853467744 -0.165115930124818
0.0187712403611723 -0.00913303641941393 -0.0679955868267695 -0.0134555017896341
-0.012761399797258 -0.00860314680591616 0.280966801831554 0.247383835285857
-0.00602630530353217 0.0150762487447933 0.502608722187591 -0.0768657490383451
0.00565901375987191 0.0241079773948108 0.176318825203351 -0.43153100306326
0.017605886226315 0.00883186961777783 -0.230974423521701 -0.223606723951615
0.0111178152426969 -0.0225246981668768 -0.2043408818291 0.0633523505599118
0.00234989222551082 -0.0177258545682389 0.00106662131852033 0.0736351191069883
-0.00419228677711484 -0.00425359976586633 0.112740895056784 -0.0591430451303004
-0.00678042096121008 -0.0169152408281203 -0.0979479809293792 0.0465477700868845
0.00388067614580874 -0.0129591982865285 -0.0149198712089272 -0.0963977323311578
0.0111295903741611 0.00122817375773862 0.172766104958845 -0.0934008224047211
-0.00724950937246107 0.0098621349551157 0.236124029613977 0.161696184715475
-0.0246508275467671 -0.00266911561415657 -0.0511194588187732 0.418541398608222
-0.00454924714117815 -0.0408136858705425 -0.435301034493738 0.194803513099179
0.0176093790834588 -0.0196507390677495 -0.318189397664864 -0.182237899145437
0.0197103219901304 -0.00590984775412299 -0.0598094431991479 -0.00575571298967361
-0.0143322932257507 -0.00612542207432707 0.294483616607829 0.233689223606069
-0.00878377487324225 0.0146421046862998 0.491735015393278 -0.112181731028605
0.00441215826343847 0.0224830243871763 0.14156029737552 -0.438706331368618
0.0198541453094083 0.00459994667823266 -0.245380888248769 -0.206494400717383
0.0148453508142795 -0.0257556662864735 -0.199782722095964 0.0726777807530335
0.0042164611875878 -0.018210408597356 0.00670669015037429 0.0737635491657
-0.00542362406817253 -0.00693596171504057 0.110664319970039 -0.0591935671625951
-0.00907244409378475 -0.0191990040317096 -0.0998726925718661 0.047420341007083
0.00617809284296761 -0.0116305731629363 -0.00928228239304529 -0.0950350778698625
0.0149554824779385 0.000137717627944216 0.177310878774781 -0.0849738603883056
-0.00547771626114691 0.00652689552458361 0.221515420050327 0.17782622079017
-0.0271888664488943 -0.00588406224803015 -0.0876931010830905 0.41682915448262
-0.00564698615074612 -0.0409950588258356 -0.455163262935649 0.162038224665469
0.0160733414016089 -0.0183018197776779 -0.309621440389951 -0.198118980390418
0.0169778862909085 -0.00513648326884214 -0.0526185232101434 0.00112144202496482
-0.0182168740201079 -0.00498989519536113 0.306725536256071 0.219044286958375
-0.0115232941454139 0.0162495753704353 0.474813798019045 -0.146604027727258
0.00314125126545694 0.021599609394516 0.102650008890709 -0.443325842649721
0.0213141969205663 0.00039379503705048 -0.260713234321028 -0.188189265671503
0.0165762983307026 -0.0275915442665384 -0.194303166993029 0.0822687893866224
0.00497134019650647 -0.0178461591162683 0.0119570928899462 0.0757587434273573
-0.00797786037090023 -0.00888228373241344 0.10900718117985 -0.0569459303539468
-0.0115603556106994 -0.0198505391271492 -0.100707453581747 0.0492155474992432
0.00650980013866941 -0.00898583007181467 -0.00397321699494841 -0.0910672021670911
0.0171691867085834 0.00113153961219645 0.180946099704118 -0.0754244964962447
-0.00463448533859714 0.00406889511141679 0.206990606806097 0.19147184809062
-0.0284421238790985 -0.00905835908504448 -0.123368381259135 0.410322159776064
-0.00588732042626709 -0.040449633080154 -0.475575716204838 0.127869423361816
0.0125937499231542 -0.0176267730191483 -0.301664972550929 -0.213345671073928
0.011093939334657 -0.00668471244309177 -0.0466845127418491 0.00833112658155749
-0.0235228794663046 -0.00357303767044598 0.31516654035968 0.203817879178093
-0.0148214145353976 0.0177213767611287 0.455072414895242 -0.178111452421874
0.00296165596026203 0.0203935340561455 0.0652579078725869 -0.449208215657557
0.0220185586325241 -0.00346510726533589 -0.273141287356803 -0.170905842109972
0.0171907198611687 -0.0287823566585044 -0.188372166010426 0.0911042241014639
0.00466048377411841 -0.0153597138183296 0.0173791599933046 0.0785648969954886
-0.0104999144708246 -0.00884683746347576 0.105992745963254 -0.0560145208221019
-0.0139262045120173 -0.0184092651172384 -0.102472485762936 0.0502652686480592
0.00530727190820671 -0.00558575936271448 -6.50676331506772E-05 -0.0871039308407318
0.0169572953873512 0.0035014843761008 0.184045378791492 -0.0678722680483935
-0.00492162492423054 0.0025711721791136 0.193596165358637 0.200434672665967
-0.0281954322342767 -0.0116575950853021 -0.154541981090015 0.401388364257113
-0.00608933186630405 -0.0394321646940535 -0.490742957077653 0.0988093395029396
0.00800138585503731 -0.0189111453267715 -0.29544498666641 -0.225437607527164
0.00445136086624488 -0.0104547470517303 -0.0434173079312774 0.0144088451494142
-0.0295062886169647 -0.00371327014788333 0.32091005955371 0.191637082431881
-0.0165189162109072 0.0201698718282311 0.437589429592131 -0.202005508624379
0.0033549611241299 0.0195717164551688 0.0336309456505699 -0.448945028239317
0.021892295230918 -0.0061601545613282 -0.283489194710773 -0.156719646971804
0.0163797110982103 -0.0271256884631658 -0.181676761221266 0.0986184389272641
0.00277388199894998 -0.01220367939907 0.0220405878340837 0.081551342926537
-0.012976725962203 -0.00743856514430287 0.104486394247582 -0.0550285639425185
-0.015878044626649 -0.0155626909080044 -0.103267506185316 0.052270241200457
0.00274990954516155 -0.000701892274876736 0.00149582693358258 -0.0825952171717644
0.013883038970682 0.00671929461663587 0.186983662445913 -0.0631202770838678
-0.00608357659066648 0.00182369028899357 0.185524385410982 0.20442982134652
-0.0271825733174861 -0.0130235486305143 -0.174745585955785 0.394459731663628
-0.00601930426149991 -0.0379769998614267 -0.502232121886104 0.0811105391002669
0.00241479060998653 -0.0212072270362931 -0.293130893373438 -0.23172643048589
-0.00294275210127776 -0.0156143136916218 -0.0427657843303003 0.0185381840240016
-0.035450311799337 -0.00377451771994172 0.32235836622846 0.183866897270809
-0.0166831805928468 0.0226643910711669 0.424813426545392 -0.216038852548828
0.00422614792721361 0.0191001388134503 0.0128540158121306 -0.449641302586804
0.0204465947647891 -0.00681948951531659 -0.289878919444002 -0.148876675560759
0.0143853927584308 -0.0242046531730556 -0.176861951742226 0.102625252510478
0.00114007777585607 -0.00810724455378902 0.0245417653545811 0.0846359064266463
-0.0150736537292069 -0.00490168147776903 0.100985211729568 -0.0547545120944192
-0.017157956917412 -0.0118334934075569 -0.104954455497226 0.0523738404367853
-0.000899094756950849 0.0036258938029423 0.00154109508511757 -0.0791087370534702
0.00936227407877331 0.0104637254555792 0.18906221011587 -0.0616351023918169
-0.00832507345208485 0.00239897730980232 0.183720469879932 0.20276893200818
-0.0249031746042707 -0.0126163424403586 -0.181620382198802 0.390854912624238
-0.00625187298826653 -0.0359988893627649 -0.505757812384805 0.0757609271623242
-0.002869501696375 -0.02480439938267 -0.296667396730592 -0.23366548175997
-0.00973324529350567 -0.0216123899842598 -0.0450958737636902 0.0197326235397161
-0.0401306144878533 -0.00503485054767926 0.319302958998531 0.18386602530133
-0.0159494743289144 0.024723885860706 0.418929154949179 -0.218007880737907
0.00602352863484672 0.019090444274548 0.00751505968651902 -0.449796083977762
0.0191113039149242 -0.00557123216621114 -0.291079328087159 -0.148532571194303
0.0116605051225376 -0.0205207309544311 -0.174391557430876 0.104072325134584
-0.00140632569203499 -0.00329777222592859 0.0256336072604711 0.0877908849580011
-0.0159255024093612 -0.00112941484000427 0.10050639801433 -0.0542455350505193
-0.0172800406147357 -0.00718574374013639 -0.105231203666421 0.0524439233333188
-0.00494831136528876 0.00687787938642991 -0.00124061779402099 -0.0764635971801303
0.0029963168197493 0.014602393881961 0.190599588479883 -0.0639168303641363
-0.0110930929873408 0.00456109012949274 0.189480442130336 0.196363799035728
-0.0224642403336236 -0.0112435303130409 -0.172226800810628 0.391864391840121
-0.0058666993678779 -0.0339592679453453 -0.504712185703036 0.0871817911053699
-0.00712663783831051 -0.0273554873890753 -0.303855750173556 -0.228332819318159
-0.0150365021356579 -0.027012545796458 -0.0497842979696179 0.0186480298290533
-0.0432406422762106 -0.00728646190798983 0.314518111158379 0.189454799409303
-0.0144360474546097 0.0257711272531794 0.423142397906895 -0.208173892722133
0.00843824847416728 0.0196114137507675 0.0162652715841279 -0.453325982789811
0.0173080141941856 -0.00320831212918899 -0.288609686935066 -0.156138113497636
0.00842797411821888 -0.0150273645991969 -0.175374575661079 0.100630168147439
-0.00427365244706183 0.000262447945358463 0.024700037998718 0.0901807161576074
-0.016226978421003 0.00239894577185066 0.0995340062973269 -0.0547292550586833
-0.00553469696515621 -0.0139565723521453 -0.0970747880824373 0.0463603879931963
0.00108434191261708 -0.0120530009249655 -0.0222630199242085 -0.0965960232072351
0.00586062603417373 0.00389519057799904 0.167656687019824 -0.105128665453722
-0.00928220214960604 0.0133007725517374 0.24933605333564 0.13991952783674
-0.0214904569735492 0.00103636882337891 -0.0129668010599243 0.416732605021536
-0.00419025234104303 -0.0393704037801562 -0.411637544273603 0.226253503193239
0.0162490382360083 -0.0224458856771442 -0.329096248552329 -0.163382289363163
0.0191837996283364 -0.00934061628171464 -0.0683976080595401 -0.0124784787497773
-0.0128089727500939 -0.00853807915051325 0.283668663384834 0.24411952132216
-0.00581689902320269 0.014726921948791 0.500780781773015 -0.0823592510866306
0.00599097552482933 0.023996764906425 0.171064264857478 -0.432715048084362
0.0180003782344985 0.0086994178271403 -0.233079886253767 -0.220377513845435
0.0106639155459042 -0.0228580978294771 -0.203143550301223 0.0662578946508423
0.00187301869212892 -0.018042157593502 0.00166042134118468 0.073367252505161
-0.00429448968611275 -0.00406621108859162 0.111356004387155 -0.0600702356996121
-0.00674562593832492 -0.0168745001294716 -0.0973495755743283 0.0473864440960634
0.00384407922585841 -0.0127879404518006 -0.0160923845033126 -0.0964097361517787
0.0105297814589371 0.00131048728195506 0.171829978314345 -0.0955163677963978
-0.00737370997368473 0.0100494058145615 0.23765860450452 0.158441943509399
-0.0241601418234001 -0.00253423955616126 -0.0467993720501505 0.418487282041295
-0.00481227166478039 -0.0403642095213497 -0.431832941337362 0.198162889375009
0.0172997243771277 -0.0198149263103117 -0.319602234151281 -0.178755098701826
0.019370748555733 -0.00573999827911857 -0.0599260615209218 -0.00517812939818592
-0.0143337133352799 -0.00561089576610666 0.296592898423469 0.229881616919159
-0.00844230167029522 0.0145003930861773 0.489794711530283 -0.117653163811655
0.00440324604741375 0.0222718363164569 0.135562309777392 -0.440118668458525
0.019877414224928 0.00413547079586987 -0.247269031435241 -0.203020386694229
0.0146530576000529 -0.0260925294267346 -0.198650652936702 0.0746143704879637
0.00368282959962344 -0.0184866396065928 0.0072801171849774 0.0737867912714746
-0.00551346284408553 -0.00669677261266204 0.109870838668903 -0.0597199031107704
-0.00873479185943394 -0.0191614300356195 -0.098702321180215 0.0482366709496928
0.00593849709336145 -0.011853243722551 -0.0106530363475672 -0.0949725691489413
0.0145278889506304 0.000223710454588237 0.175638550452487 -0.0861124403635595
-0.00579070535376861 0.00678131496661013 0.223341360578722 0.175010107603473
-0.0266627614795897 -0.00586262728685474 -0.083294881152981 0.417681851565554
-0.00564060979380382 -0.0408089254688101 -0.454157228306827 0.166472774321114
0.0159573374325057 -0.0179437346717753 -0.310104294453731 -0.195513222755125
0.0166423946976033 -0.00550250936378974 -0.0528256758571005 0.00191843946704789
-0.0179333243028784 -0.00429572374224071 0.30833481560799 0.215310952075081
-0.011784060226529 0.015812963657671 0.472760139072193 -0.150909361664072
0.00326612466666489 0.0216842384437996 0.0970344195938801 -0.444921707446197
0.0216872677317721 3.2052598054967E-05 -0.262878800107282 -0.184401548395396
0.0160904707614999 -0.0278557088979971 -0.193089903951782 0.0847161600190651
0.00443071604641992 -0.0180511836303996 0.0121508628771918 0.0753883932981487
-0.00821826605819615 -0.00835271306661016 0.108689156834445 -0.057602216842176
-0.0113315030916363 -0.0191808332116256 -0.0995946953733231 0.0496173140503101
0.0065543050274794 -0.00878855465953402 -0.00535794997681399 -0.0911064050700796
0.0168997156344086 0.00103093683184354 0.179426708959254 -0.0773133958638186
-0.00461166139827316 0.00419876294963437 0.208730941386879 0.18885683463013
-0.028089446480403 -0.00901699601548021 -0.119740324379801 0.411630790632034
-0.00626830296469973 -0.0405014155643929 -0.473250963639649 0.133208170765749
0.0121394089172559 -0.0175912031837073 -0.303083130369843 -0.209433496213568
0.0108052277452022 -0.0070575044661917 -0.0469785025846687 0.00872849469447346
-0.0239433270692881 -0.00361840911452377 0.316892792906293 0.200563838089893
-0.0146571889258747 0.0179667588015446 0.452834203294371 -0.182264683957135
0.00291067310623932 0.0204159834162874 0.0592691685515441 -0.448713302733187
0.0223358819249905 -0.0035477894699181 -0.275450387237034 -0.167351783566028
0.0166965070496526 -0.0285920018494995 -0.18692089837629 0.0935201308413958
0.00386597918741692 -0.0156889283475534 0.0178440589313125 0.0780999443553032
-0.0104452673425832 -0.00855519223863711 0.105767767828546 -0.0567129431609324
-0.0135346284852883 -0.0179603915347258 -0.101855840863231 0.050816411039312
0.00554584246807982 -0.00524389901077863 -0.00123082165614478 -0.0873344741003687
0.0170311244711607 0.00354026593283675 0.183024695695741 -0.0696662312503391
-0.00466166480779906 0.00253306287449991 0.195370165789957 0.198518946483831
-0.0282459562906993 -0.0113025795078454 -0.150703037706838 0.402241715661037
-0.00625484211884081 -0.0392471060123226 -0.487618604939759 0.103092881751409
0.00782755419523685 -0.0185375175655478 -0.297632868605538 -0.222608073752043
0.00429472291789352 -0.0105103965783621 -0.043581019973672 0.0146014112333721
-0.0295737632819018 -0.00337605255392523 0.321707443438578 0.188958381398572
-0.016345635930488 0.0203245040128508 0.435156845597617 -0.206067723192546
0.00340276732995493 0.0196392627448097 0.0289200235162159 -0.447645300458739
0.0216697992503873 -0.00604891096471686 -0.28537981133986 -0.153760395462793
0.0162318390756779 -0.027299937157126 -0.180180825623064 0.100823622930512
0.00269750045395226 -0.0123766301107036 0.0223425426099973 0.0812233165711906
-0.0130889000670789 -0.00695651862113963 0.103590731145945 -0.0556724414187665
-0.0158045866677923 -0.0150516014826675 -0.102345008696598 0.0521814266599322
0.00239512109288923 -0.000876135446188676 0.000545358377520173 -0.0822286433343787
0.0141065787173734 0.0069801042078007 0.185958912582096 -0.0649017607019333
-0.00614409876419839 0.00205246822541726 0.187233029181598 0.202574323500599
-0.0271036782599359 -0.0125473182943083 -0.170461298381478 0.396878787659859
-0.00711483378825459 -0.0377646250476922 -0.498026134942457 0.0850956397773487
0.002201965063301 -0.0207738151478517 -0.295487557077074 -0.229817821899962
-0.00296558520691918 -0.0154227675438605 -0.0425363588499493 0.0193669854344514
-0.0351061139511532 -0.00343586384067001 0.32390517372369 0.180569857674022
-0.0169306567230198 0.0225589175855992 0.421840323358703 -0.219360504853116
0.00475179463244268 0.0189360630534866 0.00892311655126216 -0.449188350470879
0.0208820248673134 -0.00697780438424834 -0.291034173715729 -0.145058916562196
0.0144661791739982 -0.0243551705908437 -0.175836329676782 0.104752203902977
0.000720923217241084 -0.00818764881858956 0.0249647356329707 0.0845746834277282
-0.0152616538374422 -0.00424734208764723 0.100908789713784 -0.0554297656510709
-0.016967132902716 -0.0115723823102617 -0.104219400847027 0.0525296306907074
-0.000825773585935666 0.00347478050777388 4.18518324931632E-05 -0.0793523237603197
0.00911473109028714 0.0103549364283291 0.188616194167706 -0.0635618506319018
-0.00860455188868717 0.00260336097947792 0.185072238836473 0.200935515337479
-0.0251540583305917 -0.0121421302386092 -0.177485836295067 0.392532307652947
-0.00645893498047994 -0.0356448053729187 -0.503606831187555 0.0804936327078134
-0.00335159793158435 -0.0242705553077677 -0.297692681607993 -0.229480216215991
-0.0100435859052241 -0.021444871762446 -0.0451512969801342 0.0204076654346089
-0.0401546609990901 -0.00436659610517535 0.320148284758728 0.181040071814039
-0.0155614834631773 0.0243027053056001 0.416335623643292 -0.222193612327681
0.00625692455573653 0.0190426070754871 0.00189693435748359 -0.449351058777433
0.0188531779515106 -0.00586646185675014 -0.292930370196747 -0.144148971264139
0.0112910554844456 -0.0203423384254471 -0.17326118826447 0.105658432773165
-0.00168112892158006 -0.00349737721696755 0.0261562860067093 0.0873892720597382
-0.0161821205044222 -0.000946699764927332 0.0994738416112619 -0.0547219574051665
-0.016854585901786 -0.00690046244909499 -0.104514124533922 0.0528873672821337
-0.00494768197044595 0.00722076398529162 -0.00238862525213687 -0.0761424862761798
0.00361433554231035 0.0145651450433355 0.189093533022132 -0.0661518847267768
-0.0112429083985298 0.00444222636968135 0.191017978940931 0.193865629117463
-0.0223348298597556 -0.0109217157715703 -0.168949957207875 0.392778073824677
-0.00614579214897798 -0.0336212345526713 -0.501986029269087 0.0911758925429278
-0.00766575787644531 -0.0269043731214824 -0.304090338475448 -0.224593023577197
-0.015354404493919 -0.0267514946159391 -0.0498521479240559 0.0190645975725152
-0.0433184048226052 -0.00645706981779131 0.315190254527978 0.186644387808879
-0.0142067214600778 0.0258332193930774 0.420358216079973 -0.212267582040971
0.00855643645597009 0.0192731638457908 0.0100839150251898 -0.451702400567468
0.0168568887642593 -0.00342811067318752 -0.290607670665797 -0.152762424342265
0.00805549548687416 -0.0156004378484306 -0.174181378586619 0.102917993573416
-0.00445605546618933 0.000514140127131089 0.0254946178247842 0.0896309055629566
-0.0162652601678871 0.00282119084507695 0.0987626873751281 -0.0552599728761395
-0.00501020031271829 -0.0137111676389746 -0.0972556620687803 0.0466196858623584
0.000990659266227252 -0.0115946083369825 -0.0232931823391884 -0.096614410913794
0.0059474374139248 0.00375806642482359 0.166492975213034 -0.106546251907741
-0.00892141817993513 0.0139248139077883 0.251027480079137 0.137559809223896
-0.0212939271887405 0.00081744837214253 -0.00965841955982435 0.416081820693073
-0.00473556092162192 -0.0388649387455073 -0.409078136648536 0.229813969259806
0.0159567489761945 -0.0221240691985566 -0.329860716115369 -0.159861584630475
0.0189190892270598 -0.00951644013608856 -0.0681391711594865 -0.0120919441444891
-0.0134520668694837 -0.00798591813122479 0.284674563816597 0.242091917844567
-0.00609221336575763 0.0146987367080062 0.498477295398478 -0.0862418558319141
0.00631007735330815 0.0239334705537501 0.165552551227823 -0.433069593685256
0.0180353734318277 0.00835121711373969 -0.235339529357709 -0.217273235007779
0.0104194557445857 -0.0232923196240795 -0.203397753892975 0.0683268092024776
0.00162626645314987 -0.0178963249277244 0.0021455923178657 0.0740079254718413
-0.00440471893230169 -0.00396030285789672 0.110433893927597 -0.0605011566068916
-0.00656565034026741 -0.0164849859933409 -0.0972254816268976 0.0476086434329199
0.00357395562043593 -0.0124718057505672 -0.0171645344673668 -0.0967955708076838
0.0105558422699477 0.00114882822864099 0.170085517293494 -0.0972821923067304
-0.00721797623500047 0.00990526565874107 0.238347515393456 0.156472726512184
-0.0239451909426632 -0.00250078759303795 -0.0434355426692167 0.417726021274704
-0.00499476416172808 -0.0403711162753856 -0.430647482812348 0.200983413391303
0.0167710315466498 -0.0195005678564899 -0.320571833176427 -0.175875131931509
0.0192879870766056 -0.00584966553647896 -0.0597634275346947 -0.00453031304706589
-0.0142789205704079 -0.00577921536665613 0.296842475182499 0.228351742450731
-0.00804179436617208 0.0148604238519347 0.486653980316401 -0.121402532969871
0.0045729373584235 0.0221494805898397 0.132048446671421 -0.439849152258645
0.0201066411891439 0.00407216069937604 -0.24961116200821 -0.200167045086119
0.0138977994767051 -0.0262074901859723 -0.198103276825035 0.0771491605983221
0.00329215869437869 -0.0187852392558328 0.00738714988983512 0.0734220854163732
-0.00567789357011402 -0.0066450089392108 0.109235576620777 -0.0598165362438034
-0.00907177986650442 -0.0187511012453501 -0.0984797997759805 0.0485225364684019
0.00600651270478442 -0.0118135330961359 -0.0114939043769347 -0.0947726238046704
0.0143197104921298 0.000417804503041807 0.174374545811057 -0.0875953017233341
-0.00599390901440558 0.00625146387868203 0.225418467789681 0.173037542085051
-0.0262021100730388 -0.00535704998778116 -0.079962968937055 0.416522870625788
-0.00579206555368799 -0.0403894395315921 -0.450603402782715 0.168599274663539
0.0152411348075931 -0.0182487386660848 -0.311535297598184 -0.19255090722449
0.0163288942364772 -0.0056844231646782 -0.0525591873313039 0.00236433598206355
-0.0181112908027259 -0.0042770735297136 0.309582770384278 0.213277742279062
-0.0114885871234707 0.0162642434312853 0.469211937421432 -0.155081937679535
0.00333397068423395 0.021471524667116 0.0923341435056993 -0.445399036650152
0.0220156766443947 -2.46930191007827E-05 -0.264571904338875 -0.181307099123145
0.016160268264413 -0.0285642781512327 -0.192369071391764 0.0863681535713272
0.00427041593467818 -0.0178840427945057 0.0129071084319662 0.0757388216361504
-0.00810114800223289 -0.00795710630434457 0.1081659209074 -0.0582980234403918
-0.0108683887525541 -0.0190240238980225 -0.0992536921782954 0.0497280104572417
0.00645489682322533 -0.00859703580051488 -0.00617603070510214 -0.0915789038606295
0.0167653091448722 0.000841535296992164 0.178241421236523 -0.0787472215159177
-0.0049095903094061 0.00391757782584048 0.210022302180337 0.186542355082886
-0.0277285014232319 -0.00889230349702078 -0.115419860946421 0.411378580767104
-0.00641040201145769 -0.0400154273561991 -0.47117517263625 0.136005248447803
0.0122233304915098 -0.0173405389218818 -0.304900742575768 -0.207757585045036
0.010763626716666 -0.00692819445198041 -0.0471987636782055 0.00914181375015598
-0.0237584337757791 -0.00295186450250142 0.317677709110732 0.19668217971086
-0.0141949069683085 0.0178082487192393 0.449444084304755 -0.186686967360396
0.00315522171151469 0.0204569908644562 0.0544214502608195 -0.449161592904893
0.0221640944992533 -0.00370621223018428 -0.276670838250109 -0.164189499657752
0.0162374667525376 -0.0289467809282273 -0.186298437051383 0.0949264317895727
0.00376230149681291 -0.0158263377924276 0.0181848269355241 0.0777148597803213
-0.0107744595911836 -0.00797546951228967 0.10509310076168 -0.0570092849969724
-0.0133926059043323 -0.0176169694490229 -0.101353698922678 0.0512673955204427
0.00514169393130756 -0.00495150285518802 -0.00209063933137684 -0.0875250326254251
0.0167607871498596 0.00345031631716204 0.182494723123912 -0.0714178035022751
-0.00508424747280615 0.00244442259169267 0.196816813457473 0.196334691814071
-0.0281974932024818 -0.0112066498416109 -0.146903452694497 0.404167984746305
-0.00653126668944756 -0.0387691979634238 -0.486652734191583 0.106320484333745
0.00737971254344789 -0.0182050459436999 -0.299489303574836 -0.219399960529192
0.00384110503304294 -0.0103270086188634 -0.0432628496102466 0.0153773002988218
-0.0295626313800232 -0.00288732624416038 0.322367022557616 0.1861325423865
-0.0159513986488737 0.0203501085912965 0.431510870908759 -0.210008626055301
0.00326145054805207 0.0193228298266659 0.0240236689227378 -0.448250109491225
0.0216196607077838 -0.00651850245700828 -0.286661258696535 -0.149962769032348
0.0154091259909206 -0.027256548365761 -0.179222482701017 0.102819726790724
0.00232146753039693 -0.0126419946800948 0.0228453528710759 0.0814213546198542
-0.0130772474734727 -0.00704781409023017 0.103191912512361 -0.0557355642617616
-0.015327797208398 -0.0148734773297807 -0.10209178079515 0.0526810276356081
0.00257231187303768 -0.000589567832917805 -0.000321660605051287 -0.0827665840182332
0.0140245489979842 0.00697771874753365 0.185174939031525 -0.0667735412233727
-0.00670182096635614 0.00204262197174071 0.188868043897724 0.201292458355526
-0.0272525014225408 -0.0124541046718684 -0.167682758381159 0.397421358748619
-0.00676829163210503 -0.0370634233122293 -0.496917030016183 0.0894213106774957
0.00184610209658779 -0.0206668733673221 -0.29579039330153 -0.225556891885864
-0.00344824672461506 -0.0152566301313974 -0.042404528396317 0.0192482226499733
-0.0355560687627384 -0.00288814371200457 0.325297990747838 0.177372706864579
-0.0162485380136497 0.0226081626901238 0.418232766672308 -0.222445309289931
0.00478297335067367 0.0191096560966172 0.00339967761635824 -0.448150133654922
0.0206379593219169 -0.00695641788558162 -0.292976394283485 -0.141675704615608
0.0137731463421573 -0.0247598383005651 -0.174810735337622 0.107224834188722
0.000119762577861901 -0.00824505812555542 0.0259341106464687 0.0842107669433543
-0.0153453131209874 -0.00420386304640479 0.0999533394065501 -0.0555859411337033
-0.0164821783976551 -0.0110416032209484 -0.103550104173004 0.0531669938736299
-0.000975407214218395 0.00371539034853115 -0.00068539120035091 -0.0792805762778074
0.00915440158927248 0.010546831769756 0.187295808229449 -0.0649056862388641
-0.00888157658069056 0.00276433867928116 0.187241398820653 0.199524935144451
-0.0247303801761452 -0.0124741522365778 -0.173383783247326 0.394085105117168
-0.00661980756531908 -0.0352996647832752 -0.502291527640355 0.0843260792599883
-0.0032209270207036 -0.0234951530303989 -0.29934177133411 -0.228230963592519
-0.0101089092837307 -0.0213952800688859 -0.0447380859502202 0.0206765633233291
-0.0403039404646545 -0.00378514581910333 0.321254588022251 0.178648345840089
-0.0155719727159893 0.0244045848283519 0.41233458561981 -0.224615510271761
0.00631875229090641 0.019000267761637 -0.003426084924802 -0.448779253649993
0.0195289359335401 -0.00618035623358931 -0.294139395021776 -0.141486684715836
0.0107832508117025 -0.0204314235871444 -0.171957779860402 0.107747148487902
-0.00239863870820397 -0.00353694420044759 0.0272201164267275 0.087395345276103
-0.016265494606783 -0.00040711492486415 0.0990862727403619 -0.0548239156989047
-0.016584551892276 -0.00672972453261179 -0.104037512380063 0.05359137847665
-0.00498017490810066 0.00780771764003834 -0.00301504381330086 -0.0766528364053792
0.00358923915301129 0.0146073744143776 0.188112139602668 -0.0680819725762427
-0.0117410803622573 0.00426229268509355 0.192907457510605 0.192743968845942
-0.021973894996137 -0.0107890946833132 -0.163775220886515 0.393668543482118
-0.00593958199103407 -0.033393058662928 -0.501551496817289 0.0942693561265506
-0.00803823177230497 -0.0265406796372233 -0.306064760289713 -0.222342221845501
-0.0155820771907981 -0.0266009555144612 -0.0496057158184144 0.0194402363316499
-0.0435125617173851 -0.00585359311362297 0.316909157414303 0.183647566889847
-0.0140534412031627 0.025998377151814 0.417055992196778 -0.214770915716324
0.00909740289657275 0.0194430851562697 0.00501793944431311 -0.452393016374085
0.0170639250755495 -0.0033031844854105 -0.291662696923049 -0.148625073714802
0.00738000320768185 -0.0153509390870348 -0.172895701891754 0.105162520445766
-0.00502556745863305 0.000794339095320144 0.0259755161262867 0.0896024316073245
-0.0159455614485107 0.00284041983772638 0.0981612254701868 -0.0556890608430071
-0.00913434833518953 -0.0103956090712453 -0.0777526609401605 0.0740504381767452
-0.0046533074190056 -0.0114725230431761 -0.0523271193766506 -0.0851375771278817
0.0068208397915007 0.000271641593956278 0.125049234038015 -0.15255773453591
-0.00238258365589491 0.0162551076596443 0.281952578626095 0.0530063126119822
-0.0186817716931869 0.0120321529565825 0.118033925878721 0.398095050932538
-0.0217716420266636 -0.0322667202573931 -0.313269822765806 0.346790494688149
0.00555758214599327 -0.0275175380358309 -0.36506253762158 -0.0441375874690644
0.0144881449638061 -0.0145272983410196 -0.0682881608447705 0.0111271162992114
-0.0150003283498174 -0.00279148942930411 0.343823032330951 0.14155607850819
-0.00251973575399307 0.0141950011103541 0.445769846130814 -0.232128024723694
0.0145920893404244 0.0206492813710628 0.0196353322450728 -0.45818126238206
0.0200872787641506 0.0025893303635818 -0.287728611098977 -0.134585450912298
0.0030887782020095 -0.0243883153481891 -0.171997812060833 0.127256284496275
-0.00436282739274815 -0.0181090760642888 0.0232794914085067 0.0695416815453953
-0.00575656819482106 -0.00157014761927477 0.0868570761787595 -0.0882691343357961
-0.0118330919734337 -0.0122879568429871 -0.0774139914555151 0.0747256765668597
-0.00154236352521362 -0.012925976572944 -0.0456504182570327 -0.0865293839272949
0.0103894203299983 -0.00358337673568694 0.1318302677226 -0.144413528838704
-0.00207905239494777 0.012323827583724 0.277104571943722 0.075053688237681
-0.022630819932587 0.00973478123070234 0.0872893493269245 0.410019696178359
-0.0223832024322276 -0.033831523084424 -0.342365039970051 0.326458364992854
0.00747388297235924 -0.0250327526901222 -0.361597039845447 -0.0622589243870025
0.015886586180868 -0.011166631665054 -0.0580589134769129 0.0151995341965092
-0.0151015506981931 -0.000226324069355027 0.351604987303686 0.123778636531851
-0.0046650959451059 0.0148925503014974 0.4238044885105 -0.262311603633874
0.012116981579585 0.0194548120493054 -0.0145555685149241 -0.453537423173916
0.0208924280570151 -0.00214246719160506 -0.296771665272399 -0.113222881198602
0.00562286463649897 -0.0285446313990077 -0.164242137807464 0.133975059545695
-0.00323509822672022 -0.0193635566440068 0.0284305121453388 0.0685261257196496
-0.00809684551178361 -0.00373150864754662 0.085667614100977 -0.0874481109352595
-0.0142865301106635 -0.013992068601797 -0.0785997244531195 0.0764824206387364
0.000385242640860083 -0.013283482438662 -0.0402292760731119 -0.0866692053270175
0.0135915826585857 -0.00596652284108424 0.138446199559957 -0.136728989039995
-0.00193152516669063 0.00862214608904521 0.268763177937483 0.094832884475009
-0.0266149436600161 0.00739541006723865 0.0528647354427783 0.420393060547548
-0.0237641338699213 -0.0342384399945149 -0.371655099436825 0.303725960252431
0.00688244503197934 -0.0234451770623184 -0.358506052381194 -0.0807632351614998
0.0135152214930127 -0.010001302041944 -0.0489704411306961 0.0195496989102599
-0.0181524018967953 0.00219979245555073 0.356884295311451 0.106074933056462
-0.00711107664819422 0.0177118392938372 0.397082181565793 -0.289544586765499
0.0110106533625033 0.0192308910884279 -0.053383041445298 -0.447559284594233
0.0210148202415946 -0.00721721594109482 -0.305073274795591 -0.0907886119477642
0.00655867097008495 -0.0309253347333773 -0.156401985373372 0.141287184950345
-0.00225700416845067 -0.0194426152872269 0.0341617877872874 0.0685296808563116
-0.0105992401758674 -0.00457121312923285 0.084929911297003 -0.0850667716114225
-0.0166720924129143 -0.0136073811448962 -0.0786179588974796 0.0782727609295751
0.00240965403939923 -0.0107903459334075 -0.0343185050574077 -0.0852278265556308
0.0166487315930295 -0.00579101482480686 0.145046016336217 -0.128845986767736
-0.0018637258440249 0.00606786363689671 0.259105752912215 0.113117610890887
-0.0289956726613455 0.0051673095388875 0.0171619567465771 0.425661621245278
-0.0243118783372583 -0.0335760807029802 -0.400809081386102 0.278212021092139
0.0035353582382326 -0.0217039075688267 -0.357064493466709 -0.0983963678547539
0.00764233685067552 -0.00983940180925805 -0.0418755151119067 0.024292924082043
-0.0230913501771908 0.00453149577480287 0.359811762991412 0.0887803387884573
-0.0098746835809652 0.0201875013521341 0.368490480199988 -0.311508278989992
0.010431643620161 0.0183393986986201 -0.0887872488947086 -0.437890616311379
0.0202556614692075 -0.0104143331210535 -0.311627688696491 -0.0710115570112378
0.0069334928502654 -0.0321677666588004 -0.147288731195766 0.147467973281971
-0.00202609068818526 -0.0168910452394708 0.040439498027839 0.0685772917024386
-0.013078677274155 -0.00399465480277422 0.0824950885138374 -0.0828515329764984
-0.0180007589134271 -0.0114045860856298 -0.0800982548351864 0.079964641627229
0.00268460870822382 -0.00699732289037769 -0.0293900997105296 -0.0826415061490943
0.0171175637479765 -0.00338281813021014 0.151020970636277 -0.12321517175078
-0.00269207860978669 0.00506569437446888 0.24935607056415 0.126943279695424
-0.0301320663870162 0.00264833135506048 -0.016201834889145 0.427623461537593
-0.024519440296096 -0.0332957900288061 -0.425828043495955 0.256465455098369
-0.00113995915855612 -0.0213660517183801 -0.35426416132072 -0.110504437253113
0.00048029599612775 -0.0106941309641482 -0.0361435033786605 0.0283931984661246
-0.028298333390961 0.00713870051079828 0.36215143741865 0.0763657448069008
-0.0101477925120793 0.0233847503785207 0.345193263643867 -0.328662197347916
0.0106939044908242 0.016420823965313 -0.118743392740178 -0.427621837592689
0.019410070001834 -0.0134264204222272 -0.315880991109575 -0.0548822491366699
0.00637831241454684 -0.0302965037595825 -0.138653948670642 0.152534958437103
-0.00231730313522992 -0.0130890696259719 0.0454482916726608 0.0706976475767175
-0.0151793912583205 -0.00166872952307772 0.0814873681274211 -0.0810774525203932
-0.0196511361068888 -0.00812328004779608 -0.0802798780673428 0.0813449151336394
0.00151828388626111 -0.00150365228362699 -0.0256346980907534 -0.0787421614881934
0.0158422561552304 0.000570240166770982 0.154897025013117 -0.119815452020858
-0.00428468188144594 0.00493474506418437 0.242740197984077 0.133586222376913
-0.0301793956926 0.00117976731284638 -0.0365315931163053 0.428349991605317
-0.0242137549268149 -0.0321373092882466 -0.440954069834682 0.241863892248707
-0.00750562743334074 -0.0214242681866335 -0.355344289349722 -0.116619281615998
-0.00792362740803433 -0.0128936004712011 -0.033820194151684 0.0319910268974546
-0.0339258440343826 0.00852562396877967 0.361499754715165 0.0678148552290959
-0.0101647670172904 0.0254640712047911 0.327495659392828 -0.338058515675268
0.0118579999787791 0.016321168258986 -0.135860473262004 -0.421662607444267
0.0179175884478881 -0.0131067084971759 -0.319255692135598 -0.0449041752662666
0.00554818931860587 -0.026980376685296 -0.133845701272002 0.15552520963347
-0.002751635326054 -0.00830788733403824 0.0492478856437618 0.0725975200521434
-0.0159263793077216 0.00112930687157174 0.0783302626630416 -0.0802006180135832
-0.0195464503748612 -0.0039553023758249 -0.0816714425848381 0.082119370659998
-0.000593598698089464 0.00382396578536037 -0.0254032383605095 -0.0756969536320115
0.012412648835649 0.0056718692483213 0.157863701612914 -0.11913326707394
-0.0058114639766145 0.00628581995681606 0.241060740289918 0.132225273821356
-0.028135819349129 0.000534422086651078 -0.044060115159046 0.426293753134468
-0.0236848533517746 -0.0300569624010559 -0.447676106320614 0.23876840808136
-0.0130612717251944 -0.0230733848444085 -0.357612176546603 -0.1170831473132
-0.0160952853065371 -0.0162592764699632 -0.0349000869089866 0.0340789977664936
-0.0390013022981206 0.00927902711308047 0.358983637423643 0.0698405889253578
-0.00881890665339493 0.027131673739574 0.322246696846706 -0.337646338984131
0.0134023069284881 0.0155983466191289 -0.143073015484438 -0.419838856401444
0.0171489350584755 -0.0117688720758806 -0.319804201662242 -0.0441136935300577
0.00480849530905492 -0.0221549290783116 -0.130993496211932 0.155031365446309
-0.00362199454512058 -0.00321766301004157 0.0514316855859561 0.0749498160185088
-0.015992946551837 0.00501662419288778 0.0772983431487178 -0.0788966206504448
-0.0181215363534236 0.000244342775291114 -0.0821089218490777 0.082465809212471
-0.00350346193903076 0.00882095889319691 -0.0265821974862927 -0.072695338876316
0.00772054900087088 0.0113733489943918 0.15775295137488 -0.121986746691435
-0.00790824388594161 0.00883628529641776 0.243746335811815 0.123678638216592
-0.0250879606260262 0.00105553358140396 -0.0361965407582925 0.424654536243184
-0.0224895076614865 -0.0281673870009103 -0.442767325568659 0.248082852821771
-0.0185516277346378 -0.024126537093879 -0.362072994489171 -0.11040907168332
-0.0225009935213051 -0.0197241354166353 -0.040020862452446 0.0344628029932843
-0.0422109488073532 0.00786147415528108 0.355642601309435 0.0750850789275499
-0.00676565945258572 0.0275469823972069 0.330302599363658 -0.330400728467104
0.0156700210084402 0.015585198777965 -0.135420020865598 -0.426277662255987
0.0157165174440528 -0.00840714295941786 -0.32033972879438 -0.0522399782804282
0.00263964843328002 -0.0164608802349002 -0.132018693954084 0.152997642306928
-0.00498023060833632 0.00110960906472846 0.051229778382738 0.0775845467763448
-0.0148396939272065 0.00859058953891213 0.0770801803096143 -0.0795672233916376
-0.0093244919807181 -0.00996758781568203 -0.0772606624531583 0.0741912063259917
-0.00405022060180093 -0.0111588957990804 -0.052727886308012 -0.084848939014372
0.00609999924526761 0.000556572975330048 0.123601236626352 -0.153280158581819
-0.00268759144907596 0.0161848676914923 0.281976884796727 0.050997440193776
-0.0182939085782265 0.0116691965554431 0.119828757127342 0.397214418223544
-0.0220156762609031 -0.0320509080439308 -0.310970372629482 0.347762023073224
0.00505388011833715 -0.0267099912414753 -0.365158520542545 -0.0410634864640619
0.0140652922209361 -0.0147104429208995 -0.0680893233796018 0.0119244916927885
-0.0148855564755074 -0.00275603946180892 0.343098645839112 0.138434968664754
-0.00232399681796248 0.014136086291112 0.441714543417222 -0.234642417742187
0.0143502666818125 0.0206238445539914 0.0172738922516215 -0.457015677032399
0.0201795045834033 0.00220965589869578 -0.288963335590457 -0.131262840465926
0.00280728726878534 -0.0246779123531283 -0.170862955690542 0.128643682463504
-0.00477180690970671 -0.017704511643977 0.0236325165930367 0.0697232630160854
-0.00581386360511943 -0.00125441362735971 0.0863194694943329 -0.0879676737473301
-0.0115416228522777 -0.0122617760541541 -0.0766302284883398 0.0751091588152186
-0.00207214729024052 -0.0124211599774364 -0.0468383868865188 -0.0862193196045585
0.0100690875735481 -0.00339902054897655 0.13064487618335 -0.145324035190752
-0.00211528254082871 0.0123944083940808 0.276581640930987 0.0724003621725045
-0.0222115354929083 0.00952857043342343 0.0909192725334668 0.409169679401049
-0.0228366546824012 -0.0333613068167514 -0.338107451144446 0.327578254983203
0.0071844362719822 -0.0250965283446986 -0.361598039060985 -0.0601652084053569
0.0158339911943447 -0.0111730296090581 -0.0577427957967847 0.0157128371979299
-0.0148642010740949 2.6356672008945E-05 0.351427765211135 0.12122714022687
-0.00479795761202777 0.0149604520898316 0.420702347452805 -0.263829023109423
0.0125806458894329 0.0196046523291687 -0.0188288214243039 -0.452449648875941
0.0209626317498917 -0.00271490394785158 -0.297092531587586 -0.110972248891642
0.00498836859246515 -0.0284941063392016 -0.163450794055939 0.135240088269542
-0.00363735531506258 -0.0191451913892818 0.0284721576541412 0.0682354076254206
-0.00820231616307452 -0.00362628441051455 0.0848666476749908 -0.087582782198472
-0.0142906764386061 -0.0135855484497621 -0.0778551529863026 0.0764648435726354
0.000374461000945067 -0.0127693101934796 -0.0410331315786747 -0.0863852521245912
0.0137798630189582 -0.00620785984550971 0.137222672278661 -0.137593401562961
-0.00175006147203939 0.00894657981831262 0.269476888171938 0.0929116858152662
-0.0265135326546142 0.00704884380257458 0.0553181478545012 0.42000208624007
-0.0237341201686747 -0.0339224897300949 -0.368555659128747 0.304799049573963
0.00643483545092628 -0.0228243382297296 -0.359578851644584 -0.0778909201205402
0.0131654734667064 -0.0099888873006292 -0.0492731640787264 0.0201456718624179
-0.0182722281507942 0.00251733234295528 0.358115543880122 0.103429516065874
-0.00750998071148796 0.017370718659628 0.393957254652064 -0.290075744597798
0.011623078100563 0.0188765485992513 -0.0582207589319953 -0.446094334187906
0.0212635039791818 -0.00695056256016282 -0.304986485566602 -0.0881546879746266
0.00637452320336167 -0.0311028274894906 -0.155097840650059 0.143068882782749
-0.00276542328932053 -0.0192472220583965 0.0341290445786463 0.0686376062744771
-0.0107608293090211 -0.00452568063623907 0.0839945402000447 -0.084636502799212
-0.0164368586395854 -0.0137242440096931 -0.0778591365908349 0.078574267077993
0.0019283956200904 -0.0104489231294089 -0.0349581478400847 -0.0848375146990977
0.0162050562701824 -0.00578749518593539 0.14372448312454 -0.129901168580369
-0.00195292148832449 0.00619156543368417 0.259292026538441 0.110824142014348
-0.0289733383171478 0.00465142924761742 0.0194624163941831 0.425915129587447
-0.0247298497330097 -0.0337820560930485 -0.398807361148713 0.280494805419652
0.00321422208114972 -0.0213762451581335 -0.356473589460285 -0.0949745569083297
0.0073829582753644 -0.00969478708342782 -0.0416634617928674 0.0245436237261294
-0.0229411077602392 0.00532940339377456 0.361584297229584 0.0858383559601875
-0.00982351671989467 0.0201757231189225 0.365137267130983 -0.313748995475472
0.0105822053921941 0.0181686685242829 -0.0925334731684098 -0.437203035746599
0.0206881534087669 -0.010636748764972 -0.311657135809003 -0.0683152123258537
0.00627480706829936 -0.0321179927125932 -0.145962221833202 0.148862631004754
-0.0025969715755373 -0.016683741033929 0.0405435215285035 0.069232169964671
-0.0131110004343176 -0.00379386822756062 0.0817714728683646 -0.0830598975157881
-0.0182631004832959 -0.0112146665369908 -0.0793537036380634 0.0798093519666153
0.00267771169873923 -0.00660893444076751 -0.0301196302158744 -0.0823508208856999
0.0168933686405271 -0.00348592362915165 0.149806850219435 -0.124381853333224
-0.00274660746910335 0.00488499268338255 0.249613227891489 0.124383424907079
-0.0304924224092214 0.00250403589477749 -0.0123871424614869 0.427953965912128
-0.0244628344418749 -0.032610477694715 -0.422604072279829 0.256535514983778
-0.00137991653800437 -0.0207113680500219 -0.35516809127696 -0.108268749025668
0.00057322714585423 -0.0103997817269288 -0.0354779327989435 0.0289153053468075
-0.0282134012167372 0.00714682927336824 0.361476140036257 0.0729297267031096
-0.0102814208995562 0.0232323031135324 0.342236959435205 -0.329538562140544
0.0110304384533689 0.0172104212820089 -0.121402999062524 -0.425834351974146
0.0194782306472666 -0.0127969469943672 -0.316285955647357 -0.0517097964531336
0.00605560796883407 -0.0306104923466624 -0.137307576163158 0.154383759576828
-0.00274711936297758 -0.0127765739597686 0.0461086509063834 0.0704080569318039
-0.0149691271920918 -0.00156116198927601 0.0802639495868607 -0.0811370731065091
-0.0193364602379067 -0.00801660616587903 -0.0795197406769728 0.0814066366700099
0.00167218521949109 -0.001060039699108 -0.0267485978562627 -0.0787854275341989
0.0156028243185796 0.000581248369977992 0.153736958131524 -0.120622223880845
-0.00459807485106996 0.00528112507842917 0.243538082433935 0.131833638982416
-0.0295822696107507 0.00102497532317646 -0.0343810209252988 0.427191028593852
-0.0241617874668543 -0.0318450490937968 -0.438935014484873 0.244846751528626
-0.00773213230493041 -0.0212048762385461 -0.354219418968952 -0.114640939604878
-0.00811020104956417 -0.0128957609206198 -0.03364850636068 0.032485183034697
-0.0339513045780258 0.00884454740277844 0.361253292904667 0.065022569637277
-0.00997799542425962 0.0254003565322685 0.324156690156641 -0.33896509386551
0.0118944763159695 0.0161932103041057 -0.139677582378891 -0.419508131339197
0.0180121566967996 -0.0133335519543867 -0.319179010153252 -0.0420758788381082
0.0053093759339219 -0.0272589760698491 -0.131835203159746 0.156136153287958
-0.00337144615171911 -0.00818330936373703 0.0496739510743232 0.0720805827586731
-0.0154920856469634 0.00123114614227106 0.0781591794559756 -0.0802171158612727
-0.018944033562642 -0.0042075899501102 -0.0807006813991099 0.081856120752347
-0.00048759630772272 0.0038883535030465 -0.0262123731054823 -0.0755231390085282
0.012580615435642 0.005570814586556 0.156430659742632 -0.120300679409383
-0.00604101722811023 0.00627499102580935 0.241488644839772 0.13016609642975
-0.0277107563306311 0.000554956744282836 -0.041396549988456 0.426123522378256
-0.0234605843887592 -0.029755126408321 -0.44560769087104 0.241228497057768
-0.0134285909050343 -0.0224178752510584 -0.35582103766726 -0.116037246112698
-0.0160812548206024 -0.0159062954028147 -0.0349930301943662 0.034260325894722
-0.038392691837177 0.00935302397016431 0.358019881365438 0.0671738388412763
-0.00878250103773798 0.0270284418518412 0.318883128137097 -0.338429366019026
0.0133492642012162 0.0155470795856143 -0.1458721401364 -0.41824514729014
0.0165673111455567 -0.0118241448726107 -0.320054896066996 -0.0407691003549844
0.00379612617418432 -0.0224218309256123 -0.129238027972236 0.156322723304221
-0.00387336254907001 -0.00328245455106211 0.0521092404760694 0.0749031896287135
-0.0155247739484349 0.00503254268257075 0.0769152443697402 -0.0796883759030702
-0.0174205976206315 0.000261596414792739 -0.0814731274189967 0.0819626608703228
-0.00274189559812833 0.00918478690955867 -0.0273869883849195 -0.0730031970252759
0.00803982454910809 0.0111047683947943 0.156597071316256 -0.123164209477716
-0.00821915484758278 0.00920606490846933 0.244965652785823 0.121623179442905
-0.0247303277552664 0.00116665802800837 -0.0323611468449213 0.424204457358033
-0.0225842066114792 -0.0281776878623606 -0.440785333990494 0.251489344304047
-0.0186148661876322 -0.0234456946299959 -0.36195890683493 -0.107944688142168
-0.0228820333400248 -0.0195486124176942 -0.0396840826341307 0.0342937565039905
-0.0421055949261464 0.00835369040338247 0.355753768811211 0.0728779042420799
-0.0069083414441128 0.0276457226518588 0.326618545673732 -0.330900819355185
0.0159688401305141 0.0151141402133811 -0.13820136164287 -0.424453953379621
0.0159054928911249 -0.00876107665617408 -0.319681248404672 -0.049437601838681
0.00222670766194883 -0.0168736513540377 -0.13108107556051 0.154322654297181
-0.00515141008755084 0.00127610547612601 0.0516440148083628 0.0774580728363482
-0.0146522414853829 0.00883522274605935 0.0761584569397229 -0.0795331184888634
-0.00894342181091109 -0.00996112894448458 -0.0766166574969417 0.0740871609466426
-0.00375183440198082 -0.0110980811567152 -0.0538265795145463 -0.0846986696127185
0.00669134482914292 0.000586103982751265 0.121873304140749 -0.153997133874671
-0.00256824703113384 0.0163981602405726 0.281987922821875 0.0486380426178947
-0.0179057750053915 0.0113544481095307 0.12208582115081 0.394358856565691
-0.0215162463675642 -0.0321231465528998 -0.308527005777592 0.348330528453683
0.00519901391583226 -0.0262275451454444 -0.365479518992471 -0.0398585503704597
0.0137962062367444 -0.0144718392550726 -0.0684510102753944 0.0122619353650567
-0.0147355692282362 -0.00251856289606823 0.34373375152699 0.136442813518243
-0.00230955795391985 0.0142101784846209 0.43957687496081 -0.234857310471555
0.0143332112904783 0.0199197495016482 0.0122113804632073 -0.45656589673546
0.020619944529701 0.00215525927123778 -0.289697344676258 -0.129505506265026
0.00265812552485058 -0.0246488602154961 -0.169484994420468 0.129972778064225
-0.00527951855464407 -0.0176003080359842 0.023466453249091 0.0697973234969243
-0.00593748346358179 -0.00143430925913729 0.0855019834737418 -0.0881977306808301
-0.0109657371180273 -0.0123808140415629 -0.0767711788037158 0.075074681247263
-0.00183383464813783 -0.0121845757854647 -0.0475173425187418 -0.0860988914373504
0.0102512342767959 -0.00349242699653374 0.129082402274196 -0.145803371956895
-0.0025559443016618 0.0122144220892563 0.276527871496008 0.0712588750277778
-0.022007714400129 0.00948834705225928 0.0915785102701104 0.40718042590424
-0.0225348951927325 -0.0332620922843498 -0.336118524545651 0.328804332488357
0.00721469747116233 -0.024580191354692 -0.361282620166895 -0.0582574338898558
0.0154230135235191 -0.0110415393293547 -0.0580213238780492 0.0161109731567711
-0.0151156969109692 0.000160512847922682 0.350798669133012 0.119421121353166
-0.00480171032545644 0.0150210436614608 0.417978438754356 -0.264765376010733
0.0121374402948907 0.0193501278830315 -0.0211578045049887 -0.451823634342472
0.0209804041244921 -0.00278509176991225 -0.297555528771824 -0.107922915323746
0.00477522046406749 -0.0287415932427718 -0.162016502110166 0.136774270896276
-0.00372757438841231 -0.0195002904934178 0.0287614267628414 0.0681345377110072
-0.00831137106481132 -0.00345974921418141 0.0843480269538825 -0.0876740680211987
-0.0139736042399877 -0.013792515973781 -0.0775292102756115 0.0767161695895913
0.000552261470055767 -0.0125107766644072 -0.0419802036921559 -0.0861822173681832
0.0136988257440824 -0.00582500382717304 0.135885832964463 -0.138292606622345
-0.00197130614987189 0.0085747503268425 0.269571257248455 0.0910290954962444
-0.0261161652046835 0.00694204046422314 0.0575833220662674 0.418717870293119
-0.0239677884609623 -0.0334395741593519 -0.365621272088284 0.306318687606348
0.00610418697153359 -0.0225717267220059 -0.358742493228575 -0.0771109331081494
0.0131515430695233 -0.00978224905839135 -0.0492544749613857 0.0204224937630814
-0.0182686822992387 0.00259406445725247 0.357286786366947 0.101753531562107
-0.00758504031401099 0.0171274201378785 0.391589265072307 -0.291585809255651
0.0113617828467645 0.0184658704404169 -0.0613750956825726 -0.444295726013301
0.0213200845679769 -0.00733010866838845 -0.306009891836578 -0.0860061633039127
0.00610333718813768 -0.0317026554768935 -0.153945898805414 0.143941580002806
-0.00307303907763719 -0.0189839243311549 0.0344743424785342 0.0681985612903882
-0.0106494482301901 -0.00438315513348237 0.0836907287255288 -0.0849208217758996
-0.0162204482190021 -0.0133427156397007 -0.0775152528942141 0.0782212791126133
0.00226518978056905 -0.0103348137105105 -0.0355209246459447 -0.0851714412037256
0.0161889067077827 -0.00607601633462372 0.142296478610061 -0.130610809875667
-0.00178090675706771 0.00645976958800745 0.259942851559328 0.108835884333709
-0.0284184204376109 0.0047241734925125 0.0226965790371215 0.42516734409192
-0.0246617662789492 -0.0335479264110226 -0.39528678261403 0.282222667715933
0.00319049008080237 -0.0207718709774103 -0.356522204208033 -0.0934217117226286
0.00749675082926918 -0.00961403807890789 -0.0412862485164466 0.0248823451675238
-0.0229101488382215 0.00508664328735039 0.360232981875101 0.0833893226518728
-0.00956281197005842 0.0204810439555871 0.362832316726229 -0.314782588031726
0.0104693109944752 0.0177018648528335 -0.0946854579048953 -0.435398164722344
0.0207242407249007 -0.0107921174768444 -0.312289706618985 -0.0655670985500679
0.00646118478006026 -0.0322798134724529 -0.144967832138566 0.150045658253603
-0.00271814926050594 -0.0165911300298328 0.0407590813267488 0.0691289640333677
-0.0130980645232092 -0.00346614848471295 0.0814644152073867 -0.0827912283820622
-0.0176178717178943 -0.0114650169177063 -0.0788001131281483 0.0797465931770742
0.0023516514972489 -0.00599638058191742 -0.0307640700845225 -0.0825668417810554
0.0170558281991092 -0.00296037645201158 0.148376025854957 -0.124793474370146
-0.0031475339356809 0.00489788700051627 0.250425291620776 0.122630547670009
-0.0303650549513299 0.00293363927158984 -0.0083254235783917 0.426985262931449
-0.0243776945701954 -0.0327132979626626 -0.420803802913675 0.259144531091077
-0.00142729829633935 -0.0201369063552859 -0.354533675913076 -0.107259923134007
0.00036739715689051 -0.0104709505177661 -0.0358926982158998 0.0293866897606809
-0.0282330488798802 0.00773196809406602 0.361409633013315 0.0708125140391302
-0.0101996011588708 0.0229833830764667 0.33883080508399 -0.331841049690025
0.0109220215244161 0.0170780429367299 -0.123346531664633 -0.424452888740296
0.019386504985968 -0.0130893915332838 -0.316599241705428 -0.0488071461225466
0.00568184602152479 -0.0303447178648745 -0.135868871394528 0.15447339725806
-0.00309019462859786 -0.0131061091759137 0.045979568473575 0.0698390914207099
-0.0145912072078081 -0.00129197249908331 0.0802177733396456 -0.0811374953480025
-0.0190385655567918 -0.00808858382363196 -0.0789540888657254 0.0813954419518051
0.00174845394385465 -0.00137535946065178 -0.0276527750790263 -0.0788468670192487
0.0156213286485835 0.000761786520784976 0.153107818044071 -0.12081549015364
-0.00482480371799751 0.00493800437201226 0.244637310950043 0.130113446237109
-0.0297579981938591 0.00132573713101806 -0.032029983271087 0.428308208065283
-0.0242368632361642 -0.0314736571806737 -0.435693949113994 0.246416340813087
-0.00716159947571193 -0.0208790646260531 -0.35514332864181 -0.113023242121023
-0.00770480431367397 -0.0124260472364365 -0.0335502798371885 0.0321856313403183
-0.0337030151567818 0.00924929520102432 0.360676738490845 0.0639154839118949
-0.00952022121039419 0.0253027825841227 0.321261387141864 -0.340107496072523
0.0120602150624044 0.0160516296657386 -0.142100567582786 -0.417799413647612
0.0180465400406525 -0.0136996431740423 -0.319104256223515 -0.0394640794427792
0.00463894534148827 -0.0273386607602623 -0.130536828764458 0.157640429951024
-0.00336352607412126 -0.00796397213820313 0.0498613432004266 0.0720422193193606
-0.0159503205704626 0.00187871446848463 0.0776405942967846 -0.0798704434460092
-0.0189424723596004 -0.00406151946824561 -0.080101867717837 0.0824422021222682
-0.000386418554955287 0.00405486079885504 -0.0266039265456273 -0.0756334672403959
0.0126263380850086 0.00576026214166204 0.154869517081267 -0.12075472354998
-0.00625878796221649 0.0065402952282441 0.242345784957608 0.128298936435632
-0.0276780205267118 0.000548715874538495 -0.03765066978868 0.425696536886745
-0.0233582467827052 -0.0296782074013262 -0.442443581334371 0.242468082405194
-0.0133623920046762 -0.021478119247891 -0.357089666244208 -0.114138382699713
-0.0161531123059393 -0.0158231622569544 -0.0348315761888081 0.0349137736404134
-0.0385231688205967 0.0095809061718087 0.357525967064224 0.0642000507183481
-0.00841695293691949 0.0270331611336481 0.316754652990499 -0.339039307784698
0.0132904362620553 0.0152233342225517 -0.149636633638677 -0.416490330402962
0.0166040375239198 -0.0119052310008964 -0.319904295640778 -0.0381325056539437
0.00344501834223457 -0.0222439599979666 -0.127703961639218 0.157379544875422
-0.0043531028421967 -0.00327705792500023 0.05227423703318 0.0746446783065577
-0.0153123530218007 0.00537159432760586 0.0767708553232323 -0.0792195101811464
-0.0171727326041098 0.000111772726530819 -0.0806965741956672 0.0821234325832094
-0.0025806919427454 0.0091462537034766 -0.0279263855748966 -0.0733291110501721
0.00817969757890808 0.0115104065364105 0.155720805836157 -0.124345046450383
-0.00867762479340112 0.00928291688400212 0.245376071210729 0.120541196477457
-0.0246755872228204 0.00100321705515632 -0.0300848760949155 0.424052685525564
-0.0225307237180848 -0.027702757783078 -0.438115128228931 0.253072117124953
-0.0184683656961642 -0.0229188928480296 -0.361535617626794 -0.107121781061988
-0.0229312567575426 -0.0194157583832493 -0.0395180288596461 0.0347662535593586
-0.0423361986530463 0.00894646233105234 0.355317078962769 0.0714700568525079
-0.00639235788939177 0.0273209667007164 0.322863083181349 -0.332979367313075
0.0157539509580527 0.0153207232635485 -0.14140827535301 -0.421731682540197
0.0156631853012161 -0.00915754443891037 -0.320170476226733 -0.0461400668537994
0.00160619615867971 -0.0169020399794919 -0.128780269333159 0.155134003455163
-0.00531326202353443 0.00169162619241947 0.0519806144415131 0.0771402981457108
-0.0140663409646226 0.00873720928212535 0.076056460392082 -0.0791160243317172
-0.00861256058553679 -0.00979265493512101 -0.0763391536737927 0.0738655470003655
-0.0040003821138927 -0.010468155414814 -0.0544751357343721 -0.084571002550665
0.00660308058054392 0.000381616423924775 0.120436109679252 -0.154582521477615
-0.00250875793575166 0.0162091592767737 0.281554926920762 0.0467338095611776
-0.0177609839006111 0.0107285064282639 0.123304831554573 0.394180718660986
-0.0218018852903521 -0.0316608458839061 -0.304868629869892 0.350206292536083
0.00465049949435426 -0.0260625103551871 -0.364114081320428 -0.0374142468256851
0.0139823109385117 -0.0141158548712321 -0.0683539936154186 0.0129448368323147
-0.0152540393129597 -0.00244844693097431 0.343017314442451 0.133752454953844
-0.00248872449699951 0.0143917025390664 0.437847394941881 -0.238339585285682
0.0141749767376452 0.0201046688260151 0.00967467434079118 -0.45621477038485
0.0204840151633794 0.00151465300689716 -0.290212442491025 -0.127105780364495
0.00211107357477004 -0.0248315626448846 -0.169026635561812 0.131244244107875
-0.00580788291817406 -0.0173782026841485 0.023204296824751 0.0701350866417229
-0.00571237031014353 -0.000294478908349023 0.0850153338022413 -0.0881833799409538
-0.0110836958187741 -0.0122952674472961 -0.0762149890757921 0.0751541978431026
-0.00192472378803124 -0.0122611107484057 -0.0486073221638775 -0.0862323146694371
0.0102023916484322 -0.00341967721741489 0.127733511065287 -0.146642041490886
-0.0027785128209511 0.0124771394082309 0.277161808210365 0.0690093631156643
-0.0222244364718767 0.00886353607863509 0.0931674019990632 0.407529967620608
-0.0227319573013359 -0.0327894526636148 -0.334375523808702 0.329551489455701
0.00695660337964638 -0.023945064295007 -0.36197143800224 -0.0566898265326518
0.0155843420943432 -0.0113079254778158 -0.0581778748160484 0.0165348371000766
-0.0151224601530088 0.000281062028302951 0.351121458300806 0.11793778149834
-0.00479648125700953 0.0147001622650102 0.415368765696403 -0.267557792421128
0.0125561812135773 0.0193386748787126 -0.0246593401374735 -0.450662795139784
0.0211248089706622 -0.00300908692517683 -0.298256990856704 -0.106310888415223
0.00417746604206761 -0.0289014415962909 -0.16053479136094 0.137794157820593
-0.00415605553649465 -0.0189719462404998 0.0285307461187114 0.0687665350196817
-0.0078139891513106 -0.00318465074987634 0.083903286822324 -0.0874420618833176
-0.0137110374595201 -0.0133568288436364 -0.0769566304561701 0.0765808357265335
0.000386182742676247 -0.0118781424492484 -0.0426346025727345 -0.0865655608722453
0.0135006082043968 -0.00576724946763532 0.135069255333139 -0.139338813001173
-0.00214173414019102 0.00885196851065577 0.26897683601837 0.0891864875541253
-0.0260050937239475 0.00704415673643147 0.0597690255353991 0.417713700354883
-0.0240450750629894 -0.0333832680946546 -0.363907010362128 0.306903890440654
0.00639834670545787 -0.0220250545504881 -0.358919814287221 -0.0746778839069824
0.0130107093168708 -0.01006002616171 -0.0494403847197602 0.0205471301662558
-0.0182222091781927 0.00319168265344051 0.3577533165254 0.0992257108547465
-0.00749047412737197 0.0170878229429366 0.388225211118591 -0.293340602240486
0.0115680135794268 0.018970770210222 -0.0632097259845182 -0.443389132783884
0.0211014120315376 -0.00764275471315304 -0.306223364522114 -0.0830913872382601
0.00545446188486821 -0.0316656558985076 -0.152430085536228 0.144952989875301
-0.00344305717123057 -0.0185858955922234 0.0343123121445705 0.0687462993999592
-0.0107234196695953 -0.00391029709764697 0.0832743306264021 -0.0848726861304748
-0.0158009536912457 -0.0132469105433562 -0.0768686259277814 0.0782723407839224
0.00205829089188964 -0.0101280042924578 -0.0365494059433419 -0.0848382452599765
0.0162244543978237 -0.00565237514488873 0.141392414035295 -0.131504240172041
-0.00203386490527302 0.00633388048902322 0.259933176850015 0.107205351144872
-0.0282391857755388 0.00483414470626917 0.0242297920720709 0.423805639641636
-0.0245756167718127 -0.0332155379806887 -0.393381367331448 0.282602591422827
0.00292319268278884 -0.0204954829144108 -0.355932201615604 -0.0912599204303679
0.00753894567473374 -0.00918207043162257 -0.0414289539742553 0.0251940426770201
-0.0229899807125088 0.00572442217852421 0.361233822511026 0.0819361717998225
-0.00942435809620676 0.020182100780195 0.360675293090702 -0.316093032892738
0.0109386826378307 0.0181187399426504 -0.0981507752046779 -0.43346123398778
0.0205584609281012 -0.0110385426266766 -0.311876519744863 -0.0635227326801999
0.0058908606204997 -0.0318883463054197 -0.143830036074189 0.151052968081306
-0.00301616577127715 -0.0168256082486209 0.0408068225303233 0.0687515857115606
-0.0128548687484407 -0.00345954443867609 0.0808310438032581 -0.0827406409256482
-0.0177925289786601 -0.0114189928834465 -0.078661567303838 0.0801404009577923
0.00230002693005778 -0.00617299396029692 -0.031407582112707 -0.0827557734943721
0.0171025866927513 -0.00325084375340009 0.147494160774557 -0.125499326006398
-0.00311211159142131 0.00522021619114626 0.251675581401925 0.121179696045647
-0.0294096904165714 0.00199001914310768 -0.00772959291385953 0.426640740330014
-0.0243326351640243 -0.0325125708385098 -0.417818672663051 0.2610436733958
-0.00115141931821191 -0.0199661860119687 -0.355202269013882 -0.104726690061958
0.000579729152711138 -0.0104122447136069 -0.0359787505231187 0.029667777188555
-0.0282524466918604 0.00805647079336976 0.361971409434046 0.0695393941173263
-0.0101487447618684 0.0228727961834772 0.336239372693141 -0.33224748576897
0.0111660203774638 0.0170121665882137 -0.12635577752125 -0.423696479528396
0.0193038784413614 -0.0132707215685821 -0.316496352738055 -0.0467978861630089
0.00503217956327381 -0.0308103311876523 -0.135343000656504 0.156100834191673
-0.00348599956226496 -0.013237365535865 0.0461803849728117 0.0701894337616108
-0.0145690978935192 -0.00108276696826336 0.0800426416306933 -0.0809254457701373
-0.0186679755387127 -0.00807578802104664 -0.0782932737706668 0.0813560249787164
0.00166618197555971 -0.000868292651706883 -0.0278645144566885 -0.0787431783873334
0.0158369140825365 0.000805716662429406 0.151725149882375 -0.121752063760478
-0.00468034513772549 0.00512907019151218 0.244961054575496 0.128191658822427
-0.0295273169803437 0.00115307138177739 -0.0276908993970689 0.427548142224169
-0.0242715356078386 -0.0310404249685866 -0.434918225291732 0.247611758149687
-0.0075945797428421 -0.0202854736324714 -0.354636063384981 -0.112258641876871
-0.00789002817609721 -0.0125704392891415 -0.0335419602722683 0.0327181422265957
-0.0336260918999173 0.00994543817493469 0.361422735011654 0.0625391849920954
-0.00993054901467565 0.0255789478605259 0.318568595780014 -0.34054106470964
0.0121859828193625 0.0160989100126577 -0.146841366797479 -0.416697738389889
0.0180189161339718 -0.0135288441822552 -0.318835716218376 -0.0368339801877435
0.00423084644183557 -0.0271973319482436 -0.129782076137781 0.158040045359814
-0.00349210757167799 -0.00832952334501474 0.0502909965515472 0.0718777412283356
-0.0150992134075824 0.00211147832578208 0.0776346507299113 -0.0802645097783462
-0.0184224511629292 -0.00392372357080358 -0.0797936223871989 0.0820827624700311
-0.000203838101670752 0.00452772418020301 -0.0273080674943526 -0.0758263381679766
0.012467209271875 0.00580741520065226 0.154667986663311 -0.121541634024522
-0.00658510119295511 0.00678295534975698 0.2434709362886 0.126763862799126
-0.0275586784575078 0.000335163180898075 -0.0365786191748898 0.426231341198656
-0.023466853400994 -0.0292025970286442 -0.44099489653614 0.243950206757662
-0.0133762594253925 -0.0214843444859139 -0.357013583556401 -0.111396674016737
-0.0164347545082488 -0.0157451828448992 -0.0351317648614021 0.0350795685113603
-0.0382995665850867 0.00987104995517194 0.358677354864851 0.0624836437212676
-0.00861739318290726 0.0272367161737579 0.31427523460838 -0.339641027564056
0.0137963060463807 0.0153559408127511 -0.151582390735868 -0.41517493955708
0.0169442834833243 -0.011922895977528 -0.320408526908421 -0.0360359703076445
0.00334203362959572 -0.0221289380307358 -0.126649037364399 0.15833877577168
-0.00479107973544028 -0.00306963970749873 0.0527567669126746 0.0745384181684579
-0.0151177233246185 0.00531567954698769 0.0765419062063175 -0.0792257580406808
-0.0171756444926292 -4.09741569355557E-05 -0.0806170406153616 0.0825583348211468
-0.00267997617622839 0.00952323802720526 -0.0288530991977421 -0.0729846696342059
0.00856518115682149 0.0114117820266361 0.154988203791703 -0.124717818794184
-0.00834296006819859 0.00927740626327092 0.245815706100979 0.118928372767026
-0.0246160239537563 0.000812125380261541 -0.0275496459846167 0.424421768352578
-0.0224005743790262 -0.0275746557472087 -0.435640468266823 0.254251481358907
-0.0185010486154605 -0.0226268528187624 -0.361580595801659 -0.104720667552814
-0.0227325302523844 -0.0189183415178568 -0.0397531886621482 0.0351377761375258
-0.041923747978083 0.00903242512119766 0.35560450239493 0.0695860463030345
-0.00631102447451645 0.0274447863528328 0.32138529507985 -0.333114125684439
0.015837391123512 0.0153082363017823 -0.144728894289438 -0.420390041212935
0.0155860614349137 -0.00883691311559033 -0.319684075087443 -0.0437318137933197
0.00155800902210504 -0.0170678887572707 -0.128129382407819 0.155930967771092
-0.00574482586916632 0.00175852455314299 0.0523072679859478 0.0772833343017695
-0.0142344219829054 0.00899340177735499 0.0756032356963347 -0.0793406973163987
-0.00834581240903242 -0.0101152621879098 -0.0768594572771965 0.0743245154526474
-0.0042219140639041 -0.0101485113161353 -0.0557410066775821 -0.0844149324753287
0.00687065323644742 0.000570755301074559 0.119149564590411 -0.155470403701217
-0.00279712238586787 0.0164502360490202 0.281900952973873 0.0452793733263415
-0.0175025336717792 0.0108952653587167 0.125630182505838 0.392719408412576
-0.0216014921858522 -0.0312687618979106 -0.304881157216227 0.34957610472878
0.0046841446810569 -0.0260429452344423 -0.365428101525807 -0.0373094929729319
0.0138635412908497 -0.0143242695575445 -0.0684897718427988 0.0129235130852944
-0.0151635634915924 -0.0018818329300551 0.344056479461624 0.132439010207405
-0.00217719606396354 0.0138756333642649 0.435557879172165 -0.239896644684598
0.0149690946238256 0.0200207431599395 0.00657578735562206 -0.455201839222714
0.0202141741252908 0.00172590261778994 -0.290907610851039 -0.12518180657936
0.00209449695548075 -0.0247982728011154 -0.16816108868175 0.132743824218449
-0.00599377344530197 -0.0176372408002664 0.0238601940400387 0.0701997145188208
-0.00579181752504314 -0.000522476631767905 0.084777200044657 -0.0885134556204096
-0.0107623363854157 -0.0124270350613213 -0.0759833731496047 0.074658720387749
-0.00177757786036771 -0.011946568453524 -0.049512919369827 -0.0860890837048374
0.0103892908079293 -0.00356753186748354 0.126832842053399 -0.147530219133721
-0.00253749786248984 0.0123687200311374 0.277274175958937 0.0678274230721507
-0.0218760665336148 0.00884031260904914 0.096099558441006 0.406955781694807
-0.0228261013375611 -0.0328115783404174 -0.332564347195091 0.330171811572038
0.00658601506546931 -0.0234074707525812 -0.362213889374548 -0.0554767962731273
0.01522910312075 -0.011061961818153 -0.0581969792895881 0.0172404764634175
-0.015464274086686 0.000622047234668336 0.35179577148622 0.116060430441639
-0.00442455057721822 0.0147483770281234 0.414365412412863 -0.269220074399572
0.0129371147700723 0.0192979211709384 -0.027179947125982 -0.45189701523933
0.0214551698206791 -0.00286370829323025 -0.299220629612655 -0.103781872055526
0.00421709518163529 -0.0287997987858935 -0.160595224434743 0.138895848214065
-0.00416313777139855 -0.0186440899227306 0.0288009544054268 0.0685267308117318
-0.00771847236540568 -0.00304580726842953 0.0831634390296148 -0.0873567838742312
-0.0135158147662718 -0.0140155575692938 -0.0769322385305569 0.0763699192745808
0.000514051241907482 -0.0118797139195985 -0.0432666469406527 -0.0862105291503859
0.0134974631578377 -0.00570129890002069 0.134229419212332 -0.139273494946969
-0.00251555317608228 0.00882833136974789 0.270015432922011 0.0884047605923785
-0.025858922629183 0.00701745360500037 0.0617717066015218 0.417407684608229
-0.0238381712995271 -0.0332414720035694 -0.362856544784092 0.308241144850949
0.00593721196536348 -0.0221726722124995 -0.359553232426887 -0.0741061401288633
0.0130616337781462 -0.00994646050138504 -0.0493272406712392 0.0210820287340845
-0.0180730248643655 0.00341621373350775 0.358950512756126 0.0974372525735542
-0.0070220086228915 0.0172668112416993 0.386344551467455 -0.295603262356503
0.0115260336868505 0.0186494639181073 -0.0663834112291119 -0.442371709435124
0.0212515923210353 -0.0074953948040605 -0.306604709883913 -0.0810996394453844
0.00527483843793514 -0.0313079051524392 -0.15185053781443 0.146302860140183
-0.00399413233853363 -0.0186240568126015 0.0350348115011552 0.0684494484300484
-0.0105697954515485 -0.00359999518315171 0.0830832102389689 -0.0851660684159545
-0.0158696584011332 -0.013254206466824 -0.077045664638437 0.0783045269784063
0.00216173124929809 -0.00953446551853641 -0.0375892205431567 -0.0849168786428487
0.016275415122515 -0.00568052111141635 0.140770881966183 -0.132261143585203
-0.0023617966254374 0.00686360128526274 0.261514048969474 0.10663592188444
-0.0285217653796089 0.00448219786315271 0.0251600959341647 0.424807270294494
-0.0245130227914674 -0.0328989423219579 -0.392707158383333 0.28415261336867
0.00318254171072292 -0.0202259626439824 -0.35740203898289 -0.0908406446415029
0.00728731659284033 -0.00914486122043739 -0.0415196431774724 0.0251414902803785
-0.0228044487527347 0.005280150969895 0.360403099685873 0.0807993778224989
-0.00912030669534604 0.0201298639631046 0.358146569455529 -0.316350348894519
0.0111852995211334 0.017920304917977 -0.101643951296569 -0.432559001227495
0.0210004636969084 -0.0109353965888367 -0.312948220390306 -0.0614077693618823
0.00513039686335546 -0.0319520656580472 -0.142785274745925 0.152230577041721
-0.00339184015335902 -0.0170097167203319 0.0406211093638497 0.0691187802933079
-0.0128541982580554 -0.00302954805511894 0.0808739970377607 -0.0829885233999769
-0.0176736865986475 -0.0111946051615917 -0.0782308210770649 0.0799803763887565
0.00268416333331145 -0.00565131629781131 -0.0323304569485794 -0.0825285065259142
0.0169475094454223 -0.00321009265994423 0.147038999603055 -0.125878692126365
-0.00382482711379338 0.00554120745340548 0.252132318370984 0.120427147166694
-0.0293721441423578 0.00252636164403347 -0.00603164430384356 0.426063093973951
-0.0242768493146972 -0.0325810199710846 -0.418294317707848 0.262433981100538
-0.00154914580878841 -0.0193042972028911 -0.354952974229706 -0.103923564097407
0.000499674030262489 -0.00998818696009772 -0.03588513525665 0.0295442112874852
-0.0281236744651738 0.00813511227576961 0.360516405803925 0.0673610913635876
-0.0100878379085844 0.0231853409646885 0.334040510411901 -0.333190916501031
0.0115233012928552 0.0167103020630787 -0.129391161364089 -0.421450376387299
0.0195873527443115 -0.013182619901851 -0.317099019223798 -0.0448419651051085
0.00463686101938469 -0.0306137427434449 -0.134437187703344 0.15687534617287
-0.00372801686908303 -0.0124854645066906 0.0467492268462217 0.0701007490762388
-0.0143874712513349 -0.00112363359534353 0.0797917125078551 -0.0812977640712438
-0.0183857673697503 -0.00810089772412004 -0.0781812543823898 0.0813245544572196
0.00204721863562792 -0.000615203034229618 -0.0285311981724152 -0.0789259768771812
0.0156766117641454 0.000593338287836117 0.151238403034989 -0.122080385380899
-0.0047245798704044 0.00556060392906316 0.245589441978476 0.126862641407016
-0.0296072041097759 0.000699874579226113 -0.0272843908935653 0.42896296365523
-0.0241356902657892 -0.0310738752755687 -0.434319906204453 0.249375119300814
-0.00743668734300247 -0.0192148407643765 -0.355484159723157 -0.11004042969089
-0.00809161765101702 -0.0122955200166846 -0.03341266080107 0.0331863383099237
-0.0332614270603093 0.00989324492576887 0.361508962926022 0.0603659916522365
-0.00951458417196036 0.0255046878525968 0.316398842691602 -0.34205804369115
0.0121821974570903 0.0159246930825513 -0.14911200949799 -0.414896002617729
0.0181560295958501 -0.0136607670983936 -0.31916850869247 -0.0353230606969401
0.00417055577585028 -0.0272478142783171 -0.12823214326556 0.159146189896575
-0.0040892050192959 -0.00802519086911458 0.050281100976927 0.0721052261349838
-0.0152840194965319 0.00196300369964825 0.0771912076941517 -0.0797410120131316
-0.0178713489937959 -0.00407871781158472 -0.0794356725610805 0.0816210561609926
-6.36877806099809E-05 0.00452297179143919 -0.0278720375623604 -0.0757110123186414
0.0122520394049665 0.00558056411062724 0.153974479046217 -0.122415598006323
-0.00701321062185863 0.00692798590895675 0.244196593067701 0.126355671328065
-0.0272208964014938 0.000591267068120103 -0.033351038666222 0.426418870326696
-0.0237172011541329 -0.0291855750153068 -0.438662233404739 0.246059936626937
-0.0132679864102493 -0.021043509813009 -0.358578211184148 -0.110223986452518
-0.0165929806678555 -0.0152940604885718 -0.0348369531381194 0.0349349189947104
-0.0383372952199712 0.010207943133678 0.358152461247584 0.0600435259481141
-0.00823074988863278 0.0270006684975607 0.311986762425207 -0.341582430696372
0.0142673252432103 0.0155540070087932 -0.153603572192572 -0.413990813945029
0.01674366939458 -0.0124921457670222 -0.320747793556662 -0.0343153578085591
0.00316268453314169 -0.0224490493565454 -0.125617725657494 0.159123463839284
-0.00465377578543413 -0.00317704904580901 0.0524971202975925 0.074850235758055
-0.0151680768567509 0.00564494133814466 0.0760766910937294 -0.0789694206612092
-0.0168237790879375 -2.07809809848435E-05 -0.0804704580876344 0.0819871304049046
-0.00209279071617033 0.00965748838380058 -0.0292192753580397 -0.0730407117223594
0.00857114111707342 0.0113359737547129 0.154263609554874 -0.125539666964959
-0.00846871577299972 0.00961981978158038 0.246369763026695 0.117887852614074
-0.0244608878318757 0.000922796474440725 -0.0250534685223593 0.425273918132351
-0.0225381329179762 -0.027421487310789 -0.434444901029083 0.255968317127604
-0.0187413329137274 -0.0220229968157707 -0.36157018086028 -0.102867190719729
-0.0227194062287491 -0.0186637346438975 -0.0398313026441545 0.0352005426438072
-0.0418520268109173 0.00984747667116495 0.355999794164473 0.0680548166144617
-0.00627522257020536 0.0277826484717858 0.320817513278296 -0.333173728068622
0.0161663652149451 0.0147594329452782 -0.147336469860176 -0.418916651695176
0.0158672976708783 -0.00912593207356432 -0.320548189201723 -0.0423189215025898
0.000964445026336765 -0.0168100547549985 -0.127040943949175 0.156914446220526
-0.00569452450320868 0.00200102114628274 0.0527151463933202 0.077118782578754
-0.0139475242641597 0.00915211846177007 0.0754592780547948 -0.0792076237765361
-0.0086156591874691 -0.0101305205580684 -0.0765655088269904 0.0738871856814782
-0.00366048134797327 -0.00983461971424988 -0.0568496270781909 -0.0842442414095415
0.00680566124631834 0.000687557258894803 0.118987869188202 -0.155693756086869
-0.00284814610108541 0.0167407351673578 0.282962312908734 0.0446194339017408
-0.0176583796724762 0.0108233479552098 0.127339966617719 0.39334235516446
-0.0214435841135576 -0.0310641767104734 -0.303550920838307 0.350103689333001
0.00478964156471913 -0.0255904082991882 -0.365806691294762 -0.0359424307576948
0.0138576152374251 -0.0144957333970235 -0.0685821876514933 0.0133172969142587
-0.0150971838724746 -0.00165180497771098 0.345227734617798 0.131432788648713
-0.00238925150426542 0.014383107224059 0.434648817888169 -0.241506618117161
0.0150333972854511 0.0200122893719405 0.00465822559467534 -0.455322643315846
0.0207670637130616 0.00136876928979584 -0.292361700491254 -0.124550087603284
0.00155121904129156 -0.025064868477414 -0.167815708951348 0.133772185307737
-0.00631910090432429 -0.0173209783972907 0.0238628077261324 0.0705183858840801
-0.00565148702771236 -0.000711848897385308 0.0844095752780138 -0.088269533508073
-0.0107653773633534 -0.0124384305887103 -0.0764935865946614 0.0754619957143082
-0.00169935419583172 -0.0114667265248804 -0.0498723527855164 -0.0859411810953581
0.0102053346447257 -0.00338356638334632 0.126418465420834 -0.147983206031617
-0.00279151237992727 0.012418423784312 0.27823425662712 0.0669785763559805
-0.0217922167553948 0.00892453656692937 0.0979159083941281 0.407741518650563
-0.0224202461327528 -0.0326720780026678 -0.332166188874325 0.331984868071108
0.00688164099543529 -0.0237087871829443 -0.361582248593948 -0.0547019644204586
0.0151348383788213 -0.010819453470036 -0.0584062471894158 0.0171100540145942
-0.0149388890754846 0.000543058164382887 0.35239403335422 0.114900607445437
-0.00469308645473966 0.0149224225088838 0.413034452593741 -0.270165881402999
0.0132777037999246 0.0192713078028569 -0.0293566878586967 -0.450825640156965
0.0215057682612742 -0.00314047186972251 -0.30038001102027 -0.102068202302671
0.00349624506347745 -0.0287077722879408 -0.160263151430083 0.140258990009732
-0.00491861859301743 -0.0185785629757761 0.0289251849499319 0.0687384739433698
-0.00792684467598912 -0.00282065505033415 0.0831458897053246 -0.0870867290632445
-0.0133988387831915 -0.013921922725756 -0.077061119103322 0.0765880585234534
0.000499583541378453 -0.0114498303489273 -0.0442952007664013 -0.0864463623443901
0.0139340700683822 -0.00578011479183992 0.133461724155785 -0.140282565761911
-0.00255860183034193 0.00902665670966576 0.271039849212531 0.0874732847670006
-0.0257738549010053 0.00664298725309749 0.0630977116583971 0.417593034682692
-0.0236016564655298 -0.0327343071219705 -0.361592116200471 0.309379658848287
0.00599586339370868 -0.0215210139008432 -0.359872257428798 -0.0723271305503796
0.0130129231557373 -0.009801369960564 -0.0494911956126078 0.0213117142420543
-0.0178934279889267 0.00351685882308275 0.35847227831997 0.0963572718384606
-0.00747252596029397 0.0175452521428344 0.386457205082563 -0.29593425036212
0.0116263561107064 0.0191003176196458 -0.0681647239750449 -0.442021500471168
0.0215414713356575 -0.00716060824102373 -0.307138672476862 -0.0802053361651738
0.0047916952229469 -0.0316562961309993 -0.151649317715606 0.147230693266261
-0.00398946934693122 -0.0186485734295215 0.0345301264459043 0.0686007278483766
-0.0104145085299378 -0.00352963927459794 0.0828805622148607 -0.0848730635329941
-0.0154602866452546 -0.0133663150723877 -0.0772453059733155 0.0779814783981125
0.00192881526386235 -0.00935704859673265 -0.0376778313248732 -0.0848525964191745
0.015832388075873 -0.00566429285446413 0.139697112735325 -0.132567920701057
-0.0026225467536666 0.00661027514259926 0.261830341748306 0.104920753312587
-0.028682186013698 0.00432645035707905 0.0275851187463198 0.426175821402209
-0.0243122821772002 -0.0329512413224821 -0.39271662772269 0.284725333655771
0.00317115435967725 -0.0196745120624126 -0.357851190160965 -0.090015305553083
0.00750856524591411 -0.00928579384732232 -0.0420078890283191 0.0254761820885062
-0.0227498751641444 0.00611760193486501 0.361759410755626 0.0794014421427498
-0.00950063057377446 0.0201849285081213 0.357019963243961 -0.318381757461946
0.0114087957299399 0.0180047268162403 -0.103020082480466 -0.43286650350391
0.0208118237855381 -0.011196546537797 -0.313728121144932 -0.0595370467927646
0.00506297565631265 -0.0323555937116565 -0.142604087492793 0.153435540880759
-0.00383496365058545 -0.0162665708500403 0.0409043087535386 0.0694307076961084
-0.0128739942948528 -0.00304117357455988 0.0806157074291841 -0.0828052808528603
-0.0173556732962646 -0.0115732952404475 -0.0780785813602052 0.080316762604602
0.00247926642883177 -0.00570551337344742 -0.0328619677408588 -0.082430999156238
0.0170385825749552 -0.00310035287338315 0.146309106075492 -0.126448632307815
-0.00359905655790153 0.00546843024169424 0.252850014207221 0.119392342518639
-0.0298397182613605 0.00248554096769276 -0.00390006406110649 0.427614671925224
-0.0245817158355827 -0.0323569128755299 -0.416447847890726 0.262864440939027
-0.00149681158165346 -0.0189439015540709 -0.355702590137303 -0.10289892812883
-3.4689878811716E-05 -0.0102813939300244 -0.0357562605498918 0.0304731601604538
-0.0282191470096327 0.0080415480853711 0.36245049449089 0.067834129571621
-0.0101294858957267 0.0236409714715608 0.332990657221153 -0.334210770733586
0.0113930329264141 0.0171683398530918 -0.132872360609038 -0.420692383488181
0.0194258822141263 -0.0132720440527042 -0.317317254442759 -0.0421635188755281
0.00490561072985507 -0.0306546520660583 -0.133204809531561 0.158239090732777
-0.00391340017139602 -0.0128124584343191 0.0467751980964622 0.0708676277921996
-0.0145810404645453 -0.000746344633429278 0.0796480919821805 -0.0814304669377862
-0.0182710831713431 -0.00814059242047222 -0.0783165162374467 0.0817058176237859
0.00188465379474124 -0.000280820734532531 -0.0294656232252318 -0.0790599388967255
0.0156054542828069 0.000418099374349222 0.150914127438783 -0.122326701332817
-0.0057621780550719 0.00587271297394593 0.247283340626688 0.126450747574206
-0.0291645115720196 0.000802031347660945 -0.0256262199731343 0.428394292429188
-0.0242561634545238 -0.0309493048001219 -0.43357377691267 0.250209397344162
-0.00717614199424614 -0.0195523737037915 -0.356222394669154 -0.110356219008327
-0.00882540546385394 -0.0123313469700095 -0.0336965411864755 0.0335363057481082
-0.0331345516221193 0.0102144302203466 0.361254696289096 0.058646455966846
-0.00941321335340165 0.0256143881759936 0.315289486819285 -0.343972305760237
0.0120541203252512 0.0157649643387985 -0.148995758191414 -0.414960158651589
0.0183055032469581 -0.013864651019725 -0.320222822592514 -0.0331848768898753
0.00385158067695382 -0.0273806701430125 -0.127866417821563 0.160522792334218
-0.00419386237460819 -0.00796067299475908 0.0508464053234259 0.072406063476501
-0.0149483917178578 0.00215936164581788 0.077081578696588 -0.0796361033153556
-0.0178680684964453 -0.00475476350312609 -0.0799840758114111 0.0820264353479676
-3.28178329954722E-05 0.00483389045327902 -0.0284828339375181 -0.0755891750008652
0.0125697022587287 0.00547161382349103 0.152963965548127 -0.122265856162052
-0.0071865027802571 0.00728508626516676 0.245553410547611 0.125387050640065
-0.0274877934630909 0.000327815294948486 -0.0318200607937282 0.427487285041861
-0.0231817586411454 -0.0290079398440763 -0.438853734314881 0.248144481250289
-0.0135178540037299 -0.0204877259921843 -0.358323303101544 -0.109347354472045
-0.0162352775440595 -0.015110855896827 -0.0349635205263199 0.0353123731574755
-0.0385892465062708 0.0106372024220061 0.359023918132601 0.0613316040142318
-0.00791598686258281 0.0268355111180505 0.311220384058041 -0.343168286876617
0.0139263123712546 0.0156647476354341 -0.154828098972593 -0.412501787148743
0.0168469657462253 -0.0121924202334423 -0.321099699534376 -0.032474610910777
0.00296174946706505 -0.0224053627049693 -0.125228096688372 0.160272512531289
-0.00501964366498186 -0.00280477546113829 0.053029054987915 0.0749016629450469
-0.0148118397565546 0.00553446234957275 0.076153736906596 -0.0792318064738828
-0.0167191882684032 -0.000302524260724399 -0.0801747887002066 0.0821554211453963
-0.00226174490440387 0.00994373894125759 -0.029662420557401 -0.0730412355099234
0.00842031097673254 0.0114636903212051 0.153787101937838 -0.125626799350137
-0.00899578013058151 0.0100440900075405 0.248208769447269 0.117364175315917
-0.0244379248076552 0.000564630666959757 -0.0233679266155766 0.425888431568157
-0.0222823914008559 -0.0275108120559439 -0.434523554666755 0.257399057597268
-0.0187053508074815 -0.0218069387060876 -0.362556838661609 -0.102729862312942
-0.0230784359456431 -0.0186214721007092 -0.0393289279323284 0.0355402331966814
-0.0421365245759894 0.00977646585438605 0.356215960176475 0.0669203301187717
-0.00617795077427759 0.0278072021885344 0.31730625917815 -0.335546376675802
0.0160520145742759 0.015137175161886 -0.148554745158923 -0.417398432946212
0.0160863107761892 -0.00907270591628163 -0.321089732371632 -0.0403061822800077
0.000615419056242375 -0.016738091418279 -0.126402803175408 0.158366564140621
-0.00587188749543067 0.00190847360057755 0.0527254648087064 0.0772193193745801
-0.0136716325586108 0.0091981161254666 0.0749410243505018 -0.0791837094737093
-0.00809360702878725 -0.0104224136633016 -0.0767044973145797 0.0741550642322871
-0.00369916580658911 -0.00939549898150671 -0.0572225355918631 -0.0849241832628672
0.00631150133398908 0.0010675662434972 0.118248007220646 -0.156465926277592
-0.00321654146444496 0.0168425403957787 0.283445635451372 0.0431586524877685
-0.0175338494060028 0.0104653179708762 0.129187449401824 0.393533401697707
-0.0215573894598565 -0.0310146640960971 -0.301881932263683 0.352228700159743
0.00484542440908833 -0.0246851005372775 -0.366003060398576 -0.0345215432339839
0.0135954666069395 -0.013963880216871 -0.0687575348071065 0.0136019557757059
-0.0153437804144694 -0.00101097792694168 0.3462469018815 0.131011872919739
-0.00222235423604648 0.0139110831647255 0.434322670780021 -0.242159526310723
0.0149610659195401 0.0197383861382776 0.00221444252786166 -0.455937961606079
0.0206836107836916 0.00127056557620318 -0.293555524388345 -0.122438864627978
0.00170468321273788 -0.025111407186228 -0.167211717915774 0.134746921974793
-0.00646978833158825 -0.0169822732552297 0.0239901912521761 0.0713451176792577
-0.00566993767210795 -0.00069986827446483 0.0843314711915453 -0.0885158067441801
-0.0104742819166639 -0.0129902551665449 -0.0767330687570989 0.0755015067472679
-0.00156034940988216 -0.0111928156170572 -0.0510892477880354 -0.0865135905238466
0.0102417408001453 -0.00333902163681822 0.125176699881748 -0.148865646728407
-0.00271868349978513 0.0126215016518658 0.27859979875888 0.0653194698345811
-0.0218328267817961 0.00857713077186939 0.0982046932607209 0.407685505036704
-0.0229896253083024 -0.0326239410008179 -0.331544507960876 0.332659224263215
0.00657737967508395 -0.0227015979685385 -0.362995377010314 -0.0540733794221398
0.0156627071008645 -0.0112245078672978 -0.0587437015629432 0.0174752844148839
-0.0152521419008631 0.00115096608680012 0.353252823735534 0.114106163964035
-0.00449343840431187 0.014730458716347 0.412680592266911 -0.272098754051596
0.0129531054563036 0.0193031591733363 -0.0328446197959383 -0.450978456981049
0.0215214300354857 -0.00354942511603306 -0.301179695353219 -0.1009158897627
0.0034703805955733 -0.0294487227496078 -0.159927241962581 0.141281587241097
-0.00493426979207788 -0.0182916996951629 0.0291410382895402 0.0695174277859523
-0.00771924384558005 -0.00283344768631511 0.0827513184357884 -0.0871970656318317
-0.0132344921486797 -0.0141851980861928 -0.0772021832159312 0.0768139536147983
0.000672187534253616 -0.0114413948303389 -0.0451315514457643 -0.0860615366855833
0.0132212056380722 -0.00568476766321804 0.132729034358248 -0.140996023077744
-0.00263587879524762 0.00945107780216846 0.27170945718542 0.0857496829972476
-0.025328798315931 0.00681080709371546 0.0646988454213963 0.418294225131078
-0.023854849172779 -0.0332644001238802 -0.361661631751334 0.310215250929922
0.00620497639519614 -0.0207252950970821 -0.359638719736589 -0.0721137083069994
0.0128388361101231 -0.00945169135268325 -0.0495837975047078 0.0212827206953315
-0.018264845778864 0.00370311220668086 0.358829582079027 0.0956452453052926
-0.00760611620700448 0.017143093501054 0.384480447957281 -0.297633020334129
0.0118139849628118 0.0189865213389282 -0.0716637447748488 -0.442171942841595
0.0211530577078273 -0.00788018142370858 -0.308564263008738 -0.0783177670804847
0.00441700709157783 -0.031965980089833 -0.151286185188258 0.148573624884299
-0.00422610345974082 -0.0186277474477211 0.035065335555225 0.0692451660304941
-0.0104677317412557 -0.00334709537124341 0.0825811634812457 -0.0851565357611846
-0.0155915063294524 -0.0137135697402921 -0.077290403612908 0.0784736794822623
0.00204886711111864 -0.00931478808226247 -0.0391302010576978 -0.0851313279125767
0.0164152853532314 -0.00544115756668659 0.139672057159547 -0.133247323856977
-0.00300580148140232 0.00693947468874384 0.263054261455677 0.105201904842941
-0.0283606400283615 0.00435168771598714 0.0279982891896978 0.426748271351834
-0.02422525453819 -0.0327447263266749 -0.392269612361613 0.285389126568526
0.0029270931528466 -0.0193812694421037 -0.359060579262554 -0.0894633894664526
0.0073155768818733 -0.0090140267972841 -0.0421055673853546 0.0259767123847847
-0.0224930106681467 0.00645836338532868 0.36240022649714 0.0785813375633455
-0.00929039557306347 0.0203623567436012 0.356459188440493 -0.319383774782321
0.0113463622576672 0.0175980500077042 -0.106318599346216 -0.432596513003513
0.0206486816402459 -0.0115952116282417 -0.314024772609382 -0.0576732150140399
0.00468214422944241 -0.0322199506761998 -0.142036566600153 0.154549931472775
-0.00369635629529699 -0.0159682797592263 0.0412160242147554 0.0691289448513067
-0.0127340053886323 -0.00282362473155333 0.0807267427020115 -0.0827256681497406
-0.0171365147654676 -0.0119761915166054 -0.0781852887541868 0.0803445859432883
0.00255882565311406 -0.00523912474032317 -0.033624476348661 -0.0829888511020823
0.0173834682964721 -0.00330425889991715 0.145918059186533 -0.127102852186826
-0.00396530382697964 0.00588137413504782 0.254033572848632 0.118809209765929
-0.0295883873974739 0.00218414139410425 -0.0020371213641384 0.428880731427856
-0.0242601964679908 -0.0321354681623699 -0.4153013326107 0.263406479115019
-0.00151347766496606 -0.0185748191580567 -0.356208083836917 -0.102760062077195
-4.82605496991524E-05 -0.0102069027450264 -0.0360405947671203 0.0304203140713047
-0.0279194518603273 0.00856909745252048 0.363779865862656 0.0662904501000755
-0.00999273061355263 0.023264866763476 0.331842135192132 -0.335138054339287
0.0117618702638293 0.0171905014069591 -0.134071013446167 -0.420638322616937
0.0196867616278019 -0.0133710258984567 -0.31830087180732 -0.0412736891594246
0.00434262641179745 -0.0309160553913901 -0.133067289564244 0.159149336080332
-0.00438094047618121 -0.0124412619084938 0.0469141803227967 0.0710057956420737
-0.014306217290585 -0.000924093186542699 0.0795004554168169 -0.0810219302924217
-0.0182280948521326 -0.00827020736594101 -0.0781872311013943 0.0815183727312975
0.00198726199229192 -0.00025928623653737 -0.0300444580416438 -0.0791145343465454
0.015669657855004 0.00064518815309187 0.15031435149978 -0.123579075411541
-0.00544229707229974 0.00600058038392473 0.248002247202141 0.126380660068132
-0.0293538760349841 0.000488877299081369 -0.0239364548387702 0.430026749245265
-0.0242363070667306 -0.0307493811828473 -0.431881710289804 0.251884721378194
-0.00768152056705697 -0.0189344550289171 -0.356983690219408 -0.108403925405923
-0.00843657304921593 -0.0120236360938581 -0.0335952701982145 0.0334954936418476
-0.0336295081928389 0.0103791059306379 0.36262873807706 0.0585058866104264
-0.00978624809896871 0.025491585574328 0.314687086689815 -0.344069582669736
0.012438853771115 0.0159411113873792 -0.152104428127389 -0.415311296486146
0.0183658169480772 -0.0137784441558382 -0.320091474270343 -0.0316672200302122
0.00328132698356015 -0.0279129982453806 -0.12776774042779 0.161218510763131
-0.00470019293006626 -0.00793876064626308 0.0511023170860612 0.0724734467866288
-0.0150444541551017 0.00232300292206183 0.0769418083359658 -0.0801760232472759
-0.0182525833947093 -0.00439841698666991 -0.079308208694695 0.081823917003222
9.48535174063701E-05 0.00520522239464355 -0.0289820108345187 -0.0755790597425376
0.0125053715685609 0.00596956193086452 0.153709927577132 -0.122929026527497
-0.00735904544563648 0.00756778533384508 0.246356440467059 0.124911214793823
-0.0275217651671578 0.000485275948901298 -0.0305081528190841 0.42826476655072
-0.0233045159477686 -0.0294171218743645 -0.43887249617353 0.2487876358158
-0.013746341160659 -0.0196260545815728 -0.358639143788745 -0.108710321217283
-0.0164803637293123 -0.0152201924201295 -0.0349759650963321 0.0358122586950206
-0.0382245934281068 0.0112083634265034 0.358621516576849 0.0599963608124371
-0.00809594165228599 0.0266880600275512 0.308651760063064 -0.343808169184876
0.0142496524121688 0.0154650295370894 -0.157944143356911 -0.412702572189085
0.016960417663706 -0.0121077342081875 -0.321217420243805 -0.0315212980459908
0.00211611637910084 -0.0226774238076546 -0.1243225311062 0.161325804122876
-0.00519013585281443 -0.00278721330003688 0.0530432320101581 0.0751725239209376
-0.0149086886815619 0.00559931919938664 0.0763024024105125 -0.0789255816522536
-0.0164788365655353 -0.000362960235625711 -0.0800145866016319 0.0823778998167287
-0.00148063775031994 0.0101883046605633 -0.030735918013956 -0.0731223137797283
0.008616694218317 0.0114673528505331 0.152919845560236 -0.126051675502811
-0.00916969611293114 0.0105035269327193 0.249048084879944 0.11671132332773
-0.024324037562131 0.000762738800603235 -0.0218662143757208 0.42755450609492
-0.0223094352564537 -0.027443202043968 -0.433147165494587 0.257920374728028
-0.0188890157682085 -0.0208956584441541 -0.362677179850149 -0.100883870401116
-0.023312828750182 -0.0181715408600393 -0.0399390763331519 0.0359567615829577
-0.0418796218251505 0.010082143003433 0.356453880480996 0.0664522787063734
-0.0059346554670221 0.0279311191948695 0.318108635427642 -0.336473156713609
0.0160433195123368 0.0148715873913249 -0.15198864702971 -0.418112460149808
0.0160922236244475 -0.00925606112871247 -0.321842651873371 -0.0388075936568592
0.000250877522530395 -0.0169740743657425 -0.125648922277414 0.159215465183078
-0.00617093860354917 0.00164468314087452 0.053036976171274 0.0780397944801703
-0.0137596095530488 0.00904727760878168 0.0754244122219783 -0.0792774740416772
-0.00853847407374974 -0.0106776062132812 -0.0763945387636411 0.0746191984213254
-0.00388898795886922 -0.00935244448225028 -0.0581174695306688 -0.0848941763966658
0.00680582176055454 0.000850136210724545 0.117640947349632 -0.157542157750382
-0.00371826200741463 0.016960594299973 0.28435709307175 0.0422704926607142
-0.0172193507974194 0.0104185081075399 0.130776727928383 0.395022513697567
-0.0221269743500622 -0.0313474013700005 -0.30221669304987 0.354056484870268
0.00455276153510406 -0.0245834818444214 -0.366722449671951 -0.0337139559242675
0.0135062749505447 -0.0140875569153939 -0.0691257402713878 0.013927399883792
-0.0151701081885513 -0.00124600804703567 0.346993301715339 0.13007985969676
-0.00220787041398051 0.0141063523621206 0.434692661091003 -0.245007195408809
0.0149702325918279 0.0199865271443412 -0.000763975327367163 -0.456304580465173
0.0209587983595101 0.0012748450418907 -0.294455533325886 -0.121255971336962
0.00102987832643939 -0.0251874863454732 -0.167441752297398 0.136306721349343
-0.00653529247132219 -0.0169390379469169 0.0241740299608523 0.0712598875183344
-0.00588031235418316 -0.000497545176555931 0.0841902319965734 -0.0881594076357082
-0.0105607009227626 -0.0131026847343128 -0.0768907552875035 0.0756839836550446
-0.00151929483390245 -0.010949170318836 -0.0520739579820704 -0.0862551799512041
0.0103381969360296 -0.00326347444159796 0.124917404815844 -0.149542218607262
-0.00329000987142376 0.0131148309471971 0.279874545455992 0.064525823048165
-0.0215898777637893 0.00856647330848371 0.101385169214621 0.409529761038857
-0.0229044844799214 -0.03255758000181 -0.330354206803426 0.334255156088542
0.00649336041128112 -0.022741707461859 -0.363749128305184 -0.0529121585413834
0.0154161830287942 -0.010823973192248 -0.0588472523854879 0.0178864818495189
-0.0153888086228706 0.00141709758679407 0.354312397755738 0.113259961953979
-0.00441376944032272 0.0150397325256911 0.412239803411046 -0.272858529559119
0.0133404490257992 0.0192818635199613 -0.0340816277182637 -0.4505077894866
0.02149289751933 -0.00321745292642043 -0.30265068254942 -0.100274562295304
0.00308722721435162 -0.0288594193755552 -0.159348463579834 0.143053417876425
-0.00543993446732957 -0.0184899776608767 0.0290400431896509 0.0701812360149736
-0.00818476139080412 -0.00258972639089922 0.0830772416839644 -0.0875314172730062
-0.0133183430455802 -0.0142813521568652 -0.0770105982379653 0.0769336433120571
0.000670664918945378 -0.0111156547752949 -0.0464269776829296 -0.0860371931244592
0.0137253383245295 -0.00587336497622157 0.132157481099173 -0.141703617782574
-0.00275608475617155 0.0095186767339556 0.272908482114547 0.0853761955219125
-0.0254223302942359 0.00673250969039853 0.0677664254027779 0.419861621322865
-0.023968094603699 -0.0328395317282201 -0.360571180871741 0.310655033678203
0.00586442381222628 -0.0208457547770725 -0.361642436528936 -0.0710150613455807
0.0132131845210216 -0.00954196842910349 -0.0499508408322894 0.0217816074012853
-0.0181273625457923 0.00395564496541202 0.360114181172318 0.0945767780728215
-0.00678421213909222 0.017462833177074 0.383903191031154 -0.298333112334761
0.0116503901951247 0.0183665118355224 -0.073854597357967 -0.443178522004542
0.0219138885643253 -0.00834578863555337 -0.309851978061863 -0.0770615012554278
0.00411816559968246 -0.0318339009136483 -0.150463467947886 0.149878923891882
-0.0045032332262065 -0.0184601439409116 0.035049081198434 0.0698340253338022
-0.0103234007743337 -0.00352061646982316 0.082589733145329 -0.0849312172555529
-0.0154621267327227 -0.0142079605878518 -0.0774140122678022 0.0783163793921347
0.00210069046441777 -0.00868867850500669 -0.0399667659406894 -0.0853204587246588
0.0164312439880955 -0.00531152268128809 0.139627059724664 -0.133860492407518
-0.00333688467949171 0.00755446262502018 0.263922496158908 0.103850007776559
-0.028559699308505 0.0040181488038642 0.029843243581277 0.427195639328972
-0.0243808186208127 -0.0330019544238738 -0.39148877052409 0.287888553978572
0.00309681605427421 -0.019098349376354 -0.360641688036418 -0.0880737590119412
0.00718884344488717 -0.00899025756941086 -0.0422701925629256 0.0267716760272478
-0.0229167159669831 0.00649687423781462 0.363291916035812 0.0777786215243099
-0.00942757827514192 0.020521652746355 0.355288827513456 -0.322045126991052
0.0113371195497368 0.0181119684476532 -0.108945406664334 -0.432364277418108
0.0207393981060569 -0.0114607845997622 -0.315879534215317 -0.0563518252106888
0.00421742726292161 -0.0326254257848174 -0.141468275292778 0.155563143892465
-0.00443599233187096 -0.0162334064819992 0.0416496669557702 0.0701605428650278
-0.0125572807020065 -0.0028302162798737 0.0808917806955319 -0.0827888743033715
-0.0173845967620345 -0.011482617181484 -0.0779526575410891 0.0802884751359922
0.00290203385801918 -0.00505173419634515 -0.0339478091588243 -0.0831317455264344
0.0172019407086759 -0.00336599148554605 0.145733936088151 -0.127630698793157
-0.00417345488265478 0.00634240481792739 0.255839945977395 0.117805544485787
-0.0295228997158744 0.00236620008184703 -0.000897959776803801 0.430470061197797
-0.02429506676228 -0.0322039716049132 -0.416631920237482 0.266684393588882
-0.00137750645764606 -0.0185170568173397 -0.357502908640284 -0.100873532567464
1.73860454802334E-05 -0.00992217642507201 -0.0365735994635456 0.0311062809947651
-0.0277249054269372 0.00892870454602883 0.362626606336883 0.0661397767520513
-0.00993620814528216 0.0231704271472874 0.33023003411499 -0.336700455135499
0.0112071081608204 0.0166182987882769 -0.137679656085253 -0.421562915629635
0.0197390428614521 -0.0136945580077204 -0.318843857117411 -0.0394856898301374
0.00408673847205109 -0.0309186869454298 -0.132418965456358 0.160043903058716
-0.00436132811509111 -0.0123527921925876 0.0471532556425158 0.0709367895574252
-0.0140079910946438 -0.000656577344850718 0.0798563952164184 -0.0808271047974566
-0.0183270366279769 -0.009114353856758 -0.0783719085449623 0.0823918364512996
0.00239922223905807 0.000196865169163957 -0.0311976605428512 -0.0795591471053831
0.0155618619819718 0.000959314243561689 0.150932545607858 -0.124105017630555
-0.00562234080444473 0.00616676351088365 0.249389877354112 0.125332475755982
-0.0290600777297585 0.000591599712305796 -0.0226477154022885 0.431599440236976
-0.023900737441362 -0.0308203876523905 -0.431869349448682 0.253498596900137
-0.00725321602614849 -0.0181036910255611 -0.357503468579228 -0.107632044614375
-0.00834561535539402 -0.01175161009452 -0.0337019523167273 0.0342671769250881
-0.0331071802142901 0.0109164959355068 0.363229566997739 0.0571842056830103
-0.00986158578802483 0.0260681086587467 0.315115317952966 -0.345621279551554
0.0127234435046454 0.015903017704283 -0.154483340683145 -0.4140828421511
0.018155638742785 -0.0138109343725045 -0.321754221973256 -0.0291683303386514
0.00332819738259681 -0.0275502307056225 -0.12671275856902 0.162892720570843
-0.00468361597905174 -0.00800976154280113 0.051187454491278 0.0731665035285217
-0.0149791191982065 0.00232085935251852 0.0772721004695145 -0.0794387021394311
-0.0176490674675053 -0.00450825393067772 -0.0796996912997749 0.0825102300889545
0.000758872485415118 0.00545078972183816 -0.0298567760948114 -0.0761209555153019
0.0122495843048404 0.00633645802659309 0.153349760171575 -0.123454300368517
-0.00764779863927987 0.00825659982789232 0.247635615723928 0.124350917470165
-0.0276875347878595 -0.00017908110881747 -0.0287890580855377 0.429772833688866
-0.0232502902068448 -0.0293470360170251 -0.438665594173647 0.250321245723951
-0.0134542037221653 -0.0197773417666373 -0.361515575890567 -0.108296235216862
-0.0165473423836438 -0.0147403537356646 -0.035466119950052 0.0364300889708193
-0.0382354419801614 0.0115284108096377 0.359791283324114 0.0576251692135882
-0.00842620670912141 0.0272412711918082 0.309281828292966 -0.344994077412308
0.0144636253096399 0.0151966726943109 -0.160953526856411 -0.411187300759907
0.0169797763398255 -0.0126083941186843 -0.322194484253281 -0.0292955813450011
0.00170489370812579 -0.022611175618565 -0.123745075538382 0.162674678146165
-0.00547516334321719 -0.0022607044783704 0.0535916435063548 0.0754224433552161
-0.0145107331997745 0.00564580773701692 0.0763267801515947 -0.0789366671730676
-0.0163989758719057 -0.000692773318768379 -0.0798583358398075 0.0823030654790777
-0.00162665284161385 0.0101489981983554 -0.0314027773290622 -0.0730624072513985
0.00846597123008085 0.0117641131040901 0.153588724495591 -0.126885116333159
-0.0092928198854079 0.0109546106011136 0.25047689297755 0.116046841381999
-0.0246898258688821 0.000245924885499734 -0.0201385489499933 0.428860557601951
-0.0222545212295001 -0.0275905855764571 -0.435023115835977 0.259824273898589
-0.0184036492493162 -0.0211170429368322 -0.365081286585173 -0.101355201286959
-0.0230576687812956 -0.018138014342172 -0.0399359617663251 0.03657010507444
-0.0417276313513327 0.0105350614448061 0.357189663006827 0.0652378883985852
-0.0061989305356852 0.0278515158041376 0.316901217713644 -0.337003516419961
0.0164169561159825 0.0148033698025541 -0.153450906239905 -0.418591964597521
0.0159306703809167 -0.00936261765280259 -0.32218085004431 -0.0377459667516467
0.000278218587502831 -0.0171756984270147 -0.125400088035277 0.160717177626072
-0.00622314101146026 0.0022578745428299 0.0532381610142601 0.0778330138799222
-0.0137194219484146 0.00923916089121815 0.0753663412836937 -0.0787889759101707
-0.00820351116417175 -0.0108479240414308 -0.0772422787162663 0.0745755552215646
-0.00332371686873238 -0.00882292615498007 -0.0595983391884945 -0.0849334228903074
0.00681518952024764 0.000647302249853517 0.117031951996682 -0.158684931275845
-0.00293252785336249 0.0171040963034702 0.285448332895561 0.0404389379887057
-0.0178613636616235 0.0104154211143534 0.133092140339218 0.395625743420685
-0.0219686102586796 -0.0311443594483504 -0.302339118611321 0.355508542172451
0.00442288186539542 -0.0242576571711104 -0.369406947569436 -0.0326499025131863
0.0136406391743481 -0.0140498255644394 -0.0695071609662717 0.0147890167481712
-0.0157694337049319 -0.000972219444817325 0.349545832514062 0.13006619972999
-0.002332274380206 0.0140207226741745 0.433604903804509 -0.247173044222757
0.0150092262314393 0.0199160047576324 -0.00309114634479444 -0.457113582549828
0.0210332019212067 0.000982396726296065 -0.296647650291112 -0.120003828745351
0.000629970459036323 -0.0253753311982816 -0.16702980814175 0.137816006530345
-0.0070312861368707 -0.0170811284047715 0.0241223991237614 0.0722825551350274
-0.00578055434781673 -0.000533806558270494 0.0839720028148173 -0.0888264083586323
-0.0103481131430332 -0.0128484042943337 -0.0765085915483422 0.0758261565591887
-0.00117456548514345 -0.0104547811817425 -0.0531192334145044 -0.0869009103900201
0.0102259272098283 -0.00307991847204889 0.124370376181143 -0.150609746873527
-0.0034625549435287 0.01346179164847 0.281377271125313 0.0638867596685464
-0.0218593234242832 0.00828763487379535 0.102768285887897 0.410147660794224
-0.0228810756662263 -0.0326099717173924 -0.331266056995601 0.336091001863881
0.00668961640892089 -0.0222799433946481 -0.366058530073575 -0.0514082027108096
0.0152143387958143 -0.0109161314051996 -0.0596185637766631 0.0184002103535074
-0.015416579855395 0.00171094185693677 0.356251558078034 0.111987276538051
-0.00476342246795032 0.0147006106747724 0.412443890148326 -0.274337208581437
0.0133943312651755 0.0193138569054575 -0.0367697095710305 -0.452256026839187
0.0215879870160165 -0.00346461843391345 -0.304688926669787 -0.098440786456452
0.00294226849902199 -0.0295962527665198 -0.159303888378544 0.144228426534371
-0.00547321669109048 -0.018353270150382 0.0295740692445249 0.0705375118266994
-0.00798503463411398 -0.00254264092008397 0.0831694012891513 -0.0876656594128115
-0.0133738688079747 -0.0143528046826961 -0.0772686273741084 0.077028859409263
0.00122060014680068 -0.0107376064322167 -0.047109104143518 -0.0869061839736994
0.0136401047901808 -0.00526418392946772 0.132113261990012 -0.143247221799901
-0.00304616684061817 0.00950911273894126 0.274556554763381 0.0846823495182653
-0.0257565605958997 0.00636606068469501 0.0690785253570663 0.42145374610013
-0.0237429838348967 -0.0331624060937276 -0.361376648664061 0.313238026086848
0.00588469392389813 -0.0199593200015317 -0.363618928924032 -0.0694143962817813
0.0130039392573939 -0.00941261548753938 -0.0502796089931751 0.0228538823498368
-0.0178103197120944 0.00446864764383429 0.361227299971039 0.0932490068860042
-0.00733376660129219 0.0177071492648489 0.384163827476303 -0.300859687710165
0.0117474225952119 0.0183384209179229 -0.0760580247015352 -0.442560607122134
0.0214514500560479 -0.00807784757226382 -0.3119902345819 -0.0755694383782723
0.00407018887421124 -0.0321405166104373 -0.151443335536403 0.15126494399518
-0.00504351709265277 -0.0183736107531328 0.0359244151307769 0.0703407889216963
-0.0103164891838985 -0.00312542192476455 0.0831116516251598 -0.0856473006606361
-0.0155858041770395 -0.0144200814144314 -0.0773718758883698 0.0788880173814168
0.0021592646563769 -0.00848931805370513 -0.0406549989227142 -0.0854870457999012
0.016462214380823 -0.00535895017699648 0.13962049594837 -0.135039004451853
-0.00353434325646347 0.00764460956969966 0.266250396745063 0.103176540356472
-0.028303661451252 0.00424562866919028 0.0329230128130072 0.429698623477837
-0.0242925999326308 -0.0329831193708485 -0.392742157694986 0.290789868590579
0.00309174859551472 -0.0184294625278687 -0.361230509653362 -0.0872136956560382
0.00757959286353402 -0.00911203649073805 -0.0429184532083986 0.0267894246218349
-0.0227940220477441 0.0071282172842773 0.365165852553072 0.0761272901414666
-0.00948563002119868 0.020042075821716 0.355626006235945 -0.323068067679378
0.0114951754498111 0.0180737838409716 -0.111764475127712 -0.433752788090565
0.0207343688620396 -0.0114675937238091 -0.317054682865058 -0.0552434073387655
0.00402970126741715 -0.0328701675607121 -0.141171121868881 0.157192537976284
-0.00455809267283283 -0.0164195739825403 0.041817487865587 0.0704525670107905
-0.0125224341144352 -0.00281017820551382 0.080925545248051 -0.0830301860280473
-0.0170453970524194 -0.0116421934913109 -0.0780836791868215 0.0801902662860082
0.0027653993507043 -0.00463655187388023 -0.0348623922197771 -0.0828734983717466
0.0171208041450513 -0.00279545884406025 0.145714699621382 -0.128839755563444
-0.00424738643220021 0.00688626730221997 0.257529392619533 0.117154351018581
-0.0302410862777923 0.00196040737715949 0.001257295938262 0.43345176069439
-0.024414376615247 -0.032462671481223 -0.416931201524496 0.269236747965808
-0.00145835690628538 -0.0178549134246752 -0.359794741681307 -0.100921587758086
0.00013758853219618 -0.00975925752022732 -0.0370510459728398 0.0313397177448115
-0.0276854237331479 0.00901929630743128 0.364865297500923 0.0639464409262146
-0.0102966922068639 0.0234138623936341 0.330770785332805 -0.339003739807446
0.0116819982739492 0.0169826098850385 -0.138729349672244 -0.422277911161231
0.0194755150423512 -0.0145016548221797 -0.320499096231673 -0.0378624695256689
0.00344893080893406 -0.0307542409400212 -0.13210518062683 0.16188087993492
-0.00467207150851489 -0.0125660188284105 0.0477665361694391 0.0718974742705105
-0.0140800959399698 -0.000913004295574844 0.0793794009581557 -0.0816727765989689
-0.0181391568493021 -0.00886657971465512 -0.0783637417278575 0.0820164438964786
0.00263735644457921 0.00011486659183379 -0.0319355225483017 -0.079699309235626
0.0155959487487921 0.000771116284720614 0.150353470615464 -0.12472065068111
-0.00582626134877196 0.00730780013803854 0.251877893340452 0.124510889413583
-0.0297086507115058 0.00048286879840383 -0.0208578439905229 0.433593419473892
-0.024041113480286 -0.0309845590911609 -0.433550112861773 0.257076593187436
-0.00695144083955601 -0.0181297764457738 -0.359840157312923 -0.107085100210822
-0.00817236225903134 -0.0115149045124996 -0.0341623222468691 0.0346209374447588
-0.033037017299863 0.0109664816563258 0.364615179769978 0.0551795852252181
-0.00949647286089461 0.0257050081750818 0.313092717859392 -0.347267185366851
0.0129527772015421 0.0157001943288788 -0.157981105646893 -0.413905703004143
0.0185514427734162 -0.0139734899098528 -0.323142921287085 -0.0291871522840492
0.00264138730953431 -0.0274560002234543 -0.126483697867902 0.164553706731802
-0.00463118076834437 -0.00789000902804929 0.051694466984785 0.0736958258189533
-0.0145946788473449 0.00249632927573245 0.0776234839573582 -0.0800479472096898
-0.0181160178970733 -0.00483875784004286 -0.0794768004820147 0.08284322170731
0.00097788510155173 0.00567607818525528 -0.0309436724096913 -0.0765021318888937
0.0129281373754314 0.00617099805654362 0.153245710965492 -0.124590159115172
-0.00775741265026619 0.00842727999585757 0.249464624359966 0.123773035688274
-0.027835981824958 -1.83483453647174E-05 -0.0271568595701374 0.433128534692369
-0.023229346573475 -0.0292989258162529 -0.440079719629712 0.252335246746401
-0.0131823947628736 -0.0189657489199217 -0.361740409277215 -0.107110171767504
-0.0166682055956035 -0.014588787593419 -0.0352819121125447 0.0367483247511674
-0.03818379883946 0.0116914349793607 0.361005721366562 0.0570150726650187
-0.00761536084942169 0.0272321836734413 0.308664172420936 -0.347673326512476
0.0143185143492051 0.015321366231739 -0.164694776160077 -0.412408362338266
0.0169511533676993 -0.0125666409687514 -0.323508379200601 -0.0269157422602458
0.00147873064450818 -0.0225700512709614 -0.123189750412017 0.164339066204692
-0.00535177653923054 -0.00245111782771312 0.0541174629626425 0.075920031015939
-0.01453040069974 0.00574917211425414 0.0766890209045974 -0.0787415189717783
-0.0167283977487665 -0.00136040476007854 -0.0802937224790939 0.0828410716577787
-0.00153087495065577 0.0110798457379421 -0.0318424356072956 -0.0732424260366679
0.00861725756725549 0.0117110674250269 0.153730528835602 -0.127617250673681
-0.00946702552619317 0.0112621605119438 0.252150547221413 0.115089699904537
-0.0244745353940515 0.00071748907607396 -0.0185678296158006 0.430895893298784
-0.0217933554189719 -0.0274573226274644 -0.434523750163857 0.262057677892131
-0.0181576782918863 -0.0200766976321692 -0.365889785772217 -0.101263821910185
-0.0231411419270576 -0.0177270366391944 -0.0398963059949877 0.0367525733209377
-0.0419944464379218 0.0106230070042452 0.359488330641286 0.0642568497515927
-0.00625666418153953 0.0280453368518089 0.316303394295231 -0.339341529328528
0.0166011731835085 0.0148109096454937 -0.155900961366599 -0.417705925154513
0.0158146266710157 -0.00935054606794162 -0.3247533412931 -0.0355532193538376
-0.000501121783356688 -0.0170715350178054 -0.125022112599781 0.162377800635876
-0.00626340979862477 0.00231593008696958 0.0541887983982105 0.0784898827233769
-0.013202210614031 0.00944347720302167 0.0761103546071646 -0.078903999958213
-0.00842053376210344 -0.0107819523991167 -0.0773365129707114 0.075443051260502
-0.003588446908776 -0.00834662986047686 -0.0607391633480244 -0.0848183009441142
0.00695939552656904 0.000637370627185324 0.116445918704585 -0.159687470324299
-0.0029661463407445 0.0172903724078574 0.287522441484906 0.039640841856039
-0.0173950521677153 0.00999363649868074 0.136046566650505 0.397338556169188
-0.0214052686887362 -0.0316151864032183 -0.302041222071136 0.358666927381238
0.00436994481702533 -0.0238615163954202 -0.370676330391072 -0.0313851251850279
0.0137176569815665 -0.0136491693519997 -0.0700141853522256 0.0153914247237865
-0.0149770385381275 -0.000603556539560663 0.350156164436164 0.12707408802953
-0.00239925967007546 0.0138314718115052 0.434141489518274 -0.249447040784212
0.0154558801665 0.0202537005588889 -0.00515411505445955 -0.45978835156858
0.0215006768904582 0.000881228471378146 -0.298321621870511 -0.119418347413544
0.000447629760398032 -0.0254190636369479 -0.167192023764943 0.139573161504357
-0.00739346087833174 -0.0168254674818603 0.0245009846392378 0.0730274636123893
-0.00573190343637459 -0.000703123729963492 0.0839550021740647 -0.0889831701029993
-0.0105987756367703 -0.0135370099752789 -0.0771446341228828 0.0756821053687867
-0.00115414617143789 -0.0108951930344484 -0.0546656900272523 -0.0867692167239884
0.0106606207080358 -0.0033544104099468 0.124523977986133 -0.151833116992355
-0.0030601804103307 0.0133106694697731 0.283372643674964 0.0627048936051762
-0.0216779339916786 0.0082313251195665 0.105662771534903 0.412350855709856
-0.0230717461484154 -0.0327043263058622 -0.331967471606752 0.339711480908947
0.00679892180975314 -0.0219053011901203 -0.368488656636624 -0.0500106225258843
0.0149450155600086 -0.0107456485234266 -0.0597531935456799 0.0190903133334606
-0.0151316800580118 0.00181556794866727 0.358034408338279 0.110674989009186
-0.00436197083505636 0.0149665039857451 0.412350854353866 -0.277634517010162
0.013720205078238 0.019081774359904 -0.0408886339696853 -0.454001435695966
0.0216262024057041 -0.00350657288088569 -0.306214317998313 -0.0964806802013705
0.00257785925629226 -0.0298600959496304 -0.15972697687585 0.146334045155314
-0.00583339979561055 -0.0187613181288996 0.0300812492844869 0.0717062490636756
-0.00783510368434434 -0.00269555640094979 0.0833361015584899 -0.0882289119437592
-0.0132603799586659 -0.0146863072479156 -0.077660862176341 0.0779437090276112
0.00069629409994971 -0.0106477118676618 -0.0486486445418137 -0.0870998651755861
0.0142068515242315 -0.00555312521726675 0.131483148545727 -0.144393108969517
-0.00290460201123798 0.0101524898248232 0.276685424617997 0.0827849107819973
-0.0256995290223188 0.00654853438729296 0.0711892303791331 0.423660349002966
-0.0237526941934055 -0.0329001362184414 -0.361963580924367 0.31663979090003
0.00601333496150327 -0.0203602163455169 -0.366229147124131 -0.0688424708771226
0.0131052630641483 -0.00916356055048156 -0.0508052715733735 0.0228025751534808
-0.0179905359284809 0.00468914477505316 0.363962516224585 0.0926722900733945
-0.00751833898821234 0.0172703838767456 0.383165074913532 -0.304074289099237
0.0121343917532623 0.0188898355748981 -0.0797244838598535 -0.44423619295246
0.0219625360815652 -0.00837050238229353 -0.314001127924545 -0.0739068662627495
0.00357482108652246 -0.0325889453230437 -0.150479401761384 0.153522292980391
-0.00518130072574236 -0.0181861829467485 0.035982208435012 0.0710332195026591
-0.0104721007212138 -0.00355242709376 0.0826536333705019 -0.0853873807652319
-0.0156035379595451 -0.0145965145422864 -0.0773391726594392 0.0792163509981625
0.00267301882263985 -0.00875010530079692 -0.0419789672524096 -0.0860116935717009
0.0164868912351293 -0.00519426014858189 0.139162393532025 -0.136058561598714
-0.00361942999294826 0.00803905879667962 0.268214387331407 0.101932608696555
-0.0285295772276175 0.00394568441094309 0.0349995264024834 0.432099292136882
-0.02419667242051 -0.0329530547246897 -0.392637249427391 0.292528974799347
0.00275739298856888 -0.0182647777603994 -0.363010150655165 -0.0855094335908981
0.00730329418744464 -0.00901289547184767 -0.0428819469667198 0.0276824793352803
-0.0229088494793823 0.00734024479615553 0.366822661503068 0.0769106052385615
-0.00917273804732142 0.0205231679399616 0.355187307478653 -0.32570637472076
0.0118255443900663 0.0180381371472112 -0.114778501019605 -0.434551606029778
0.0209548728948491 -0.0119712107385295 -0.318346789364465 -0.0530137507665126
0.00343292973334156 -0.0326790834722732 -0.141227420094539 0.159094916792384
-0.00497529469632804 -0.016177474453722 0.0421776174632777 0.0709352453698719
-0.0126572872710105 -0.00261685367801201 0.0811769113869628 -0.083544092845365
-0.0174145506882764 -0.0122536987297869 -0.0784668478930522 0.0809471104008809
0.00304240224148585 -0.00494844156926533 -0.036338150783236 -0.0835288243965302
0.0172054198377291 -0.00331100202937011 0.145517435843576 -0.13003589848772
-0.00439608048817245 0.00697644583616317 0.259382319530987 0.116497954556011
-0.0301751929340256 0.00170326739278862 0.00270445968830051 0.435423557091811
-0.0243775029857527 -0.0321221787490735 -0.417625180010495 0.271357339100111
-0.00142568101954663 -0.0177370453068225 -0.36184219035847 -0.0996971128587146
0.000231047901553771 -0.00984127347941853 -0.0369480121428063 0.0320990209986147
-0.0283105957421144 0.00973123645523356 0.367225185391478 0.0628988959253987
-0.010353015147486 0.023510262725081 0.330447204099521 -0.341418505370545
0.0122060711409389 0.0171268724821445 -0.142596683585236 -0.422576735511754
0.0197369149869637 -0.0141422627848328 -0.322328496804328 -0.0360583994958697
0.00321137244931839 -0.0311552186074755 -0.132158337798469 0.163565588154268
-0.00482876437638019 -0.0122158519732738 0.048527080105989 0.0718420441033657
-0.0140247006461022 -0.00116876416689691 0.0801920945063432 -0.0815231005283099
-0.0181849064332193 -0.00911574611157008 -0.0789312926741694 0.0824538799244892
0.00274227383087243 0.000360937794334616 -0.0328034815041948 -0.0800621133448732
0.0156593397552065 0.00090019844371182 0.151209995588116 -0.12549593112891
-0.00614260713903383 0.00743269080441281 0.25356879562499 0.124455888008632
-0.0297654112319045 0.00037838692253836 -0.0184286603459647 0.437498248771527
-0.0239736623110766 -0.0308398352513462 -0.432757831228891 0.259322509982981
-0.00766429634749321 -0.0177520426988948 -0.361948067567939 -0.10538870843065
-0.00842331040670051 -0.0114507190094312 -0.0342542061965866 0.0352297040929466
-0.0333615171393098 0.0111620825515254 0.366283396881383 0.0540449739504927
-0.00933066442610901 0.0260949722333991 0.312223132168887 -0.350605735280333
0.0129553661836077 0.0158304644182194 -0.161534896017339 -0.41481119436853
0.0182169058372313 -0.0140732153426946 -0.324583757063437 -0.0262211663573687
0.00237041913629876 -0.0277603099752818 -0.125798891896599 0.165848684632888
-0.00521895145169663 -0.00759874418079908 0.0525487855892678 0.073754012403788
-0.0146061136081281 0.00216538153376202 0.0776724198567283 -0.0804966233698255
-0.0182552111289989 -0.005173921677353 -0.0799561466875419 0.0831967278615694
0.00137979079701974 0.00591460684758179 -0.0312759049529234 -0.0766142509134083
0.0127100222827276 0.00591201498577883 0.153534764709657 -0.125487430369844
-0.00757772191145599 0.00914109855927672 0.251717040985041 0.123012787323289
-0.0280368282964795 1.51348931524374E-05 -0.0241176933517661 0.435492223392652
-0.0233027794647159 -0.0293881349227275 -0.440521376880929 0.256017380294623
-0.0133674229199199 -0.0185807488958237 -0.364635000175862 -0.106668502965219
-0.0167405739434438 -0.0143546550873084 -0.0356467364364919 0.0369429167182564
-0.0383527915654531 0.0120218178515913 0.363843212744381 0.0555693023671469
-0.00791040439692525 0.0274127189924957 0.308318019276016 -0.350261915054164
0.0146659464654335 0.0148135022686204 -0.167522244282709 -0.412574926892757
0.0168115796292146 -0.0127851589695083 -0.325961879346664 -0.025092074050862
0.00134560839607726 -0.0227618986902415 -0.12312321175287 0.166168258760971
-0.00581574767361328 -0.0026543701151426 0.0547190812583916 0.0762149823344264
-0.0145870453936584 0.0057453925594824 0.0768885410871857 -0.0792805180187297
-0.0166062078816399 -0.00107913783365454 -0.0801484523459842 0.08356566366073
-0.00113115017180086 0.0108558269436466 -0.0328935907248482 -0.0736140829642872
0.00877223421512409 0.0116587654860902 0.153840963995848 -0.128929181404612
-0.00920683691328505 0.0122929479377938 0.254803293701478 0.114077859531989
-0.0246370660441404 4.77599545335074E-05 -0.0163748737313501 0.432234270963991
-0.0219141404452727 -0.027474199044906 -0.435102405349294 0.264383816103855
-0.0188571273530154 -0.0199580932577655 -0.368682469167599 -0.0991518102983307
-0.0237869944427139 -0.0174505053535209 -0.0401842601885311 0.0380102389643278
-0.0418980072200466 0.0110555248541922 0.361127677093095 0.0629494350784577
-0.00633205778578454 0.0281642851380027 0.316306708859201 -0.341422279461172
0.0165012259371602 0.0151000104772344 -0.159687105041041 -0.418960522552957
0.0157922423461395 -0.00945866275558523 -0.326138378525638 -0.033785987005379
-0.000858385125961665 -0.0170981697572934 -0.124477549586434 0.16385991579494
-0.00643629697424652 0.00240102586969066 0.0542905493332808 0.0790950915451868
-0.0131121165055129 0.00916346422762183 0.0758076842897563 -0.0790654972898308
-0.00859581357051966 -0.011295486235759 -0.077637405117888 0.0757770265080602
-0.00300865897545414 -0.00859791513483339 -0.062357821721813 -0.0848445514465359
0.00723619630439077 0.0010839456931453 0.116092222025285 -0.161451484874672
-0.00315225537198975 0.0178984473138565 0.289171730921715 0.0375872357494086
-0.0177718262127046 0.00978911958367891 0.139792500900953 0.398863472597027
-0.0220688134904568 -0.0312580931032219 -0.301587697266638 0.361692393667635
0.00442874243340978 -0.0236814488304752 -0.37327207569255 -0.0294698604678464
0.0134921036932791 -0.0137594348657673 -0.0705329134943199 0.0160527975435756
-0.0156869311473887 -0.000380427796577079 0.353801398425743 0.127821977012326
-0.00271282091228379 0.0138546192896772 0.435157470222344 -0.25131644631442
0.0153389156113403 0.019827523086936 -0.009221332715871 -0.460587273452931
0.0212353025764919 0.000965309879816353 -0.301655674501368 -0.117282418555909
-0.000149448027262855 -0.0258206483575093 -0.167524875684144 0.141680083474562
-0.00725181060540255 -0.0164182352217886 0.0252485247361129 0.0733403634392056
-0.00574615592363407 -0.000634274946390238 0.084196816835772 -0.089517873321274
-0.0106324693651109 -0.0133384407438697 -0.0769905530777259 0.0766712559499376
-0.00115452860827856 -0.0101486819716724 -0.0559743139839561 -0.0866797738316583
0.0106875298255264 -0.00325554505195495 0.123523466384999 -0.153356621737618
-0.00342630726253909 0.0139971122799742 0.285549791582757 0.0608444779213758
-0.0218778192107991 0.00839450986870656 0.108001452042805 0.414419687326023
-0.0227299597817077 -0.0327621907899823 -0.330957131535835 0.343031811434019
0.00688957193080683 -0.0213959801705712 -0.369811756720724 -0.0477443200559278
0.0154269519241853 -0.0108065357931804 -0.0601875339542206 0.0195990964358599
-0.0149712317674144 0.00234051469054078 0.359960546933829 0.109955843545749
-0.00466151618925005 0.0150050408181286 0.41298157135924 -0.28127226330014
0.0138982730162645 0.0193102432027152 -0.0439147054422549 -0.455426871573108
0.0220002168417107 -0.00386493105942938 -0.308879424251377 -0.0955275727085337
0.00211190480743191 -0.0299900730160375 -0.159587971885098 0.148018975741712
-0.00596523821078208 -0.0186221062980162 0.0302598500378813 0.0721120360858
-0.00772920984032851 -0.0026258035043923 0.0835837696129449 -0.0882389840276889
-0.0139007230848918 -0.0148884399999956 -0.0777846121879882 0.0784525020828888
0.00114650720918436 -0.0104270026650942 -0.0499187974852292 -0.0872779781680079
0.0137829857921456 -0.0053253262322533 0.131446785858351 -0.145660904942259
-0.0029871526352115 0.0104875712760635 0.278651067200635 0.0821799606164082
-0.0257464908421413 0.00634787084660668 0.0725590100915864 0.425456301247433
-0.023729511444133 -0.0328188139144401 -0.362195007451736 0.319587836418069
0.00632607827202075 -0.0195296752293153 -0.367640816473015 -0.0676856757915661
0.0125987286039721 -0.00921115495273724 -0.0509704259694069 0.0236847104900495
-0.0180338709580529 0.00469421121140747 0.366462664770094 0.0915499529592836
-0.00754691875718212 0.0174816698021439 0.3842767237686 -0.307029786470235
0.0126192730920257 0.0187986578510937 -0.0829291357871291 -0.445829922726282
0.0219461741042473 -0.00864566582656563 -0.31614355505647 -0.072277643808569
0.00285744772840615 -0.0322782536876834 -0.149791805094273 0.155338903385275
-0.00540706443829058 -0.0184112951900727 0.0365598472460687 0.071153851272213
-0.0106223309201029 -0.00362053741966385 0.0827582886654471 -0.0860800538345584
-0.0157139488752555 -0.0146105730258335 -0.0774113743138306 0.079728898973105
0.00258726073628379 -0.00835554047025334 -0.0431923447816113 -0.0858985486858574
0.0164902437472284 -0.00559240900078008 0.139286037792777 -0.138085685689674
-0.00334058712948318 0.00836106829284541 0.270554342482688 0.10097173631709
-0.0286722118673801 0.00401513740913209 0.0379517213747904 0.433749097190912
-0.0245451578845737 -0.0333695538582321 -0.394403774251924 0.296466842733301
0.00346482838660363 -0.017742196261682 -0.365990518838447 -0.0853964463793929
0.00764976335164716 -0.00858596166859295 -0.0426123626106518 0.0279637419083987
-0.0227325579496794 0.00769231004131278 0.368995858872731 0.0735663421114762
-0.00911328406438302 0.020655911244107 0.353867896741667 -0.330116449838476
0.0120488515033071 0.0179439139992824 -0.11870675994972 -0.435114423567456
0.0212082347294854 -0.0122738908580723 -0.320850169135243 -0.0515233388996688
0.00304064642916798 -0.0332986451840428 -0.140778847642708 0.161212888827471
-0.00490389190430384 -0.016485801863832 0.0424280909394315 0.0715370905923958
-0.0124809652705624 -0.00248965930581234 0.0812529020360924 -0.0840143469088687
-0.0172234295281688 -0.0126623809103209 -0.0788252235192139 0.0817205353615582
0.00334950044029535 -0.0042562115149072 -0.0377178956937948 -0.0835032729724995
0.0170442577041686 -0.0030023968360161 0.145750291861545 -0.131427896829904
-0.00413858052447471 0.00737320296084081 0.262181022413362 0.115057809814883
-0.0300473149448366 0.00186821385650438 0.00639985176555899 0.437590247762661
-0.0241603762708262 -0.0323180889992888 -0.418745446639887 0.273303609623057
-0.00128591427031029 -0.0170706796925894 -0.364659945035895 -0.0978847772511255
8.08169520510776E-05 -0.00929204915050419 -0.0372493876214129 0.0323430369206514
-0.0280082859340041 0.0100970888649187 0.370233810379668 0.0619048738063969
-0.00961398771022739 0.0237510136800527 0.330278427592505 -0.344373674819367
0.0120751666570739 0.0168895074986177 -0.146671834245357 -0.422916261395062
0.0200134490133388 -0.0142843856983108 -0.324643768655344 -0.0334298477553239
0.00264619510138921 -0.0315435180650428 -0.131409251831173 0.16579501315956
-0.00509922201812279 -0.0123598406240531 0.0489024624724476 0.0726561081388905
-0.014076751456356 -0.000712931292908589 0.0801968338877866 -0.0824043562729482
-0.0185888567145516 -0.00913989659237801 -0.0787915408347939 0.0833700984477892
0.00311065552329385 0.00056185747211403 -0.0339782750506756 -0.0804737454146508
0.0165632855384115 0.000960125527355846 0.1510672686434 -0.127136719064456
-0.00591405801860268 0.00750653624583348 0.256503642235279 0.1231783753828
-0.029702315928006 0.000730272901796421 -0.0153370944535182 0.439049079974134
-0.0238120032019647 -0.0309577372768779 -0.434731106059466 0.261818191932978
-0.00738823678055703 -0.0172539678054479 -0.364063344056973 -0.104477242213825
-0.00839337665522726 -0.0112822953450073 -0.034401096854506 0.0359792136755987
-0.0333778907671916 0.01170475945508 0.368194893656041 0.0532232623969556
-0.00925761179667344 0.0260955166020332 0.312670481581839 -0.353682014033198
0.0132291533115372 0.0160307186996938 -0.164995673290514 -0.41584020174381
0.0184288495614178 -0.0143368262640185 -0.326213835607784 -0.0243049525262063
0.00180848319859158 -0.0281779424861842 -0.12553848480443 0.16777964628645
-0.00534973964055641 -0.0075074281571615 0.0533223405172565 0.0744866017068304
-0.0147331666740532 0.00216898953222973 0.0775135455682931 -0.0808320315211186
-0.018196606100886 -0.00527601223188371 -0.0799189634042729 0.0838656107301394
0.00148467368071486 0.00618486290291878 -0.0325391990662842 -0.0764112370264876
0.0131485879655445 0.00577585791388327 0.15401950466179 -0.126992040321047
-0.00722953371117932 0.00954240316450522 0.254389309276461 0.121988097142223
-0.0280391251887028 -0.000236023516439301 -0.0213660042047847 0.438398054286691
-0.0232263564706265 -0.0294798560851484 -0.44193790904866 0.259029025859556
-0.0131594136138883 -0.0180583604820388 -0.366225007382764 -0.104697758353539
-0.0168139382094037 -0.0142194818601996 -0.035808420583737 0.0381170999556817
-0.0384486314635396 0.0123926289595718 0.36627566279502 0.053624109574293
-0.00790490861406531 0.0277495263656329 0.307765274261441 -0.353081836199634
0.0145378726700644 0.0155167372818137 -0.16995485585878 -0.413738151115877
0.0172170807023969 -0.0131158438794679 -0.327662752837312 -0.0232162484867232
0.000613407782252009 -0.0224818191011756 -0.122790770265694 0.167919820952794
-0.00566574133187828 -0.00243811480465454 0.0555049781195799 0.0765544369513896
-0.0144149296445121 0.00599347837521313 0.0767851981442964 -0.079479693273864
-0.0168946245913163 -0.00100883117234646 -0.0803382997556214 0.0839563531370071
-0.00111168980839595 0.011125942707746 -0.0338143258268567 -0.0735813750736904
0.00892184119878583 0.0117756217208835 0.153639065484339 -0.129927395452214
-0.00979408995948699 0.0124420281836311 0.257172857091973 0.113710209159649
-0.0250047135809636 -0.000128747750457269 -0.0148139820160116 0.436879466326037
-0.0220912519614778 -0.0280243418467779 -0.436429978642674 0.269094385030463
-0.0184440467579181 -0.0192869257589979 -0.370781253708561 -0.0972104779488444
-0.0232339067054391 -0.017406196800225 -0.0403577353697199 0.0379068143885438
-0.0420587014039792 0.0118985035146095 0.363930556655336 0.0617399175748999
-0.00579749632108928 0.0283340326223354 0.315251065882301 -0.345956580499365
0.0168967554662003 0.0151972903493265 -0.163837167630322 -0.42043825015903
0.0160824757673468 -0.0096050869767198 -0.327803347939461 -0.0312830694907957
-0.00126512894478473 -0.0171440911066504 -0.124576747549912 0.165733927908941
-0.00662612487915443 0.00237098042989816 0.055512090267535 0.0792106770724644
-0.0129703622567614 0.00924063084690414 0.0764444888076589 -0.0791968230598824
-0.00859372763849835 -0.0113756788766577 -0.0775277319813063 0.0761221761671981
-0.00265980669595338 -0.00809384902107868 -0.0640589373377243 -0.0847371559415427
0.00725857279343728 0.000737785940961092 0.115287170505047 -0.162745743157984
-0.00297524320946426 0.0180372764386709 0.291776806533879 0.0355988394207823
-0.0177983185137324 0.00987281278679747 0.142865832753874 0.400315631700449
-0.0218279815936032 -0.0314365438880364 -0.301607763489349 0.365852775511185
0.00411884283251639 -0.0235087247587816 -0.376073357195661 -0.0275942593844981
0.0137089758322877 -0.0138200855894213 -0.0711974243771114 0.0167907722767363
-0.0148678895823507 -6.30022289055763E-05 0.356079606002308 0.12584649180603
-0.00218471913169958 0.0140455332045581 0.435411679492693 -0.255546909090634
0.0159864731178629 0.0204222261555883 -0.0126146628545662 -0.464495897198545
0.0214989781573112 0.000641730054754435 -0.303891244378233 -0.115686201025306
-0.000481206985322875 -0.0261334072958661 -0.167634525584907 0.144661021421407
-0.00778190492423141 -0.0166171670882204 0.0254417857315453 0.074546053566413
-0.00561168864987423 -0.000600837245385177 0.0840114727259794 -0.0901684493472524
-0.011316509149031 -0.0139266613626097 -0.0773272416487073 0.0776914022720663
-0.0008419954039503 -0.0101538441699079 -0.0573061350484197 -0.0870874799840902
0.0106070298306567 -0.00348245661718373 0.123336099870016 -0.155113618411007
-0.00337001599748219 0.0142966372086989 0.288151865304611 0.0586057633062109
-0.0219982831718487 0.00838341517447031 0.111858626701748 0.41623836741324
-0.0230499660608712 -0.0328968778539509 -0.330968082003733 0.346006492102938
0.00685795214075476 -0.0215970161720975 -0.372532077017592 -0.0467251358124884
0.0152931729693872 -0.0106368651473558 -0.0606589410944511 0.0204492611641387
-0.0150090782505193 0.00257498804315525 0.362768903967707 0.108551357148584
-0.00421059092790997 0.0149856262036344 0.412866450936191 -0.28438686471874
0.0141154926275988 0.0191246298721115 -0.0469234449989454 -0.457132348678427
0.02239426589841 -0.00430566668098024 -0.311994152877063 -0.0927982288838059
0.00151712581625809 -0.0302092353378047 -0.159426745185329 0.15039057316226
-0.0065230541016962 -0.0185189931742536 0.0307359205268329 0.0725998449232389
-0.00740393242259537 -0.00269553335479609 0.082990987293326 -0.0893175114393896
-0.0140881585796446 -0.0149597305624265 -0.0778433449323656 0.0791033209026149
0.00132752152477753 -0.0106764107234385 -0.0511065625202682 -0.0869968187437439
0.0138005325851881 -0.00556710850393126 0.131198162156012 -0.147750594348825
-0.00321485605927378 0.0109923990197448 0.281671378118931 0.079873506912818
-0.0262268723339644 0.00635633918103862 0.0778310349131945 0.428620457831151
-0.0239658661060357 -0.0331004085426951 -0.361981626479596 0.32358908075224
0.00640870409500968 -0.0193077687656507 -0.370428001238246 -0.0648740672174479
0.0128767440356845 -0.00921656385819174 -0.0508447269478089 0.024454831791181
-0.017504646729013 0.00522997849165896 0.368677862233767 0.0896765916212449
-0.00789604099324469 0.0178358034457516 0.384087164232641 -0.310308572177728
0.0129983517989083 0.0188087901391706 -0.0871160916100597 -0.447149721430968
0.0222643654996545 -0.0087864970248952 -0.31895486784919 -0.0699994251804201
0.00249012844655307 -0.0323635013724926 -0.149830369846169 0.157791826768833
-0.00545622729339205 -0.0181602960363988 0.0371449135843658 0.0719844134381236
-0.0104979331803645 -0.0036377020545376 0.0827132515673619 -0.0867359615800876
-0.0161798388808843 -0.0144835760952614 -0.0775882130133957 0.0811215596607109
0.00305874131811622 -0.00823964394893223 -0.0443730489969152 -0.0861298231667968
0.01679027063838 -0.00586874320277448 0.138856958150333 -0.139027723443086
-0.00357033721680968 0.00862929155659393 0.273695467909563 0.100126297931315
-0.0283702877726132 0.00404611611668988 0.0414836323045927 0.437170340554129
-0.0246562313078888 -0.0335639293253251 -0.394263357364067 0.300147680284046
0.00344547196071263 -0.0173727145159939 -0.368794274446316 -0.0827132000832191
0.00758123400148855 -0.00869271426954294 -0.0434482624036059 0.0289008138173189
-0.0226378890816008 0.00787533440766133 0.371371219734743 0.072304084908307
-0.00935212790303928 0.0208778273530054 0.354883608398393 -0.333146811224378
0.012425548520345 0.0178811543207444 -0.122508912885638 -0.436334444145933
0.0212208695615334 -0.0124856770447561 -0.323078160428656 -0.0492994468465318
0.00260985226406733 -0.0331291035081565 -0.140503251640137 0.163248210431828
-0.00519652203053658 -0.0162171818871208 0.0439288729779553 0.0721478793432229
-0.0124251841405685 -0.00281542043655469 0.0813491004747424 -0.0847973519291399
-0.0178457114033965 -0.0126791508376098 -0.0789232333727836 0.0827616441651311
0.00386509299886843 -0.00464067399279848 -0.0392712214702903 -0.0841151603943065
0.0178042573821657 -0.00342900745549133 0.146237092236517 -0.132795420149622
-0.00436959332976208 0.00785352561920338 0.264345671067507 0.114636940280723
-0.0301460772083779 0.00194726301455241 0.00914954921661685 0.440560780308524
-0.0244227935444961 -0.0325489913334672 -0.419793802428298 0.278382941384516
-0.00132567375670467 -0.0171096271569253 -0.366746632015267 -0.096513490351374
0.000140882455029894 -0.00922491277658964 -0.0377470277845429 0.0332176831059017
-0.0279739365043794 0.0105581931823101 0.371747559131903 0.0595667000908338
-0.00960144064211674 0.0234034021309377 0.328648387747253 -0.348812957829937
0.0126999055027775 0.0173909356515955 -0.151079144224652 -0.42457361108815
0.0200538218701806 -0.0147577006062934 -0.3272652725478 -0.03116863860565
0.00219630813633397 -0.0317078274420455 -0.13072508061825 0.168475779172799
-0.00568080290895165 -0.0125042004338089 0.0499783369572959 0.0735014118788328
-0.0141104105010895 -0.000543565890266527 0.0800415011872668 -0.0827506911638839
-0.0186714549171012 -0.00923452552001616 -0.0791857274800991 0.0838692191452023
0.00333655339131328 0.000639746835107956 -0.0354153430814168 -0.0807997943818104
0.0161637533528725 0.000734299077441518 0.151245733479093 -0.128655521121006
-0.00618767807190928 0.00821340276681446 0.259055718536907 0.121867895388683
-0.0301620332225883 0.000844312432589827 -0.0118582172451805 0.443196389023565
-0.0242724483271428 -0.0314151864365551 -0.436051912481758 0.266297721709682
-0.00726407317327851 -0.0169528260474725 -0.36779815291746 -0.102530679035626
-0.00833897131008633 -0.0111153333311659 -0.0345892475883597 0.0365942541998129
-0.0329099653606789 0.0124955016054152 0.371449498197329 0.0512601447070543
-0.00915628671966069 0.0260021977751002 0.311598014470849 -0.357475990771006
0.0136553961150906 0.0157757608430643 -0.16905202951402 -0.415855391868798
0.0184768346638533 -0.0148545881278269 -0.329050437023446 -0.0213140536866816
0.00116080661370447 -0.0280366033059522 -0.124992565155621 0.170482170073403
-0.00561577303925344 -0.00754383980112654 0.0542087591434843 0.0747435920137399
-0.0144152558605006 0.0022707230160119 0.0778866399602076 -0.0811408836438058
-0.0185814057585065 -0.00537692285528271 -0.0799383850490782 0.0845150100938767
0.00161011249420763 0.0060888581377449 -0.0338379272698194 -0.076942419840388
0.0130742200763069 0.00582273351880787 0.154285702199786 -0.12854008122663
-0.00773598691699842 0.00969244675619479 0.257368364717613 0.120720936925103
-0.0280140289798965 -0.00026142044787005 -0.0193584333631415 0.441840085404385
-0.0232642636577276 -0.0296371670177732 -0.443457952759675 0.263971223576862
-0.0135385847019375 -0.0178975346043361 -0.370150937033688 -0.103992814994748
-0.0170000678150973 -0.0140787992773139 -0.0359901265899308 0.0387408767158381
-0.0383913335589324 0.0126544949696394 0.368892389370991 0.0519539029372204
-0.00803087173955267 0.0283724717911451 0.307325871718065 -0.356686408780645
0.0152162066834059 0.0152680577893654 -0.174225119031092 -0.415180508448153
0.0169866754486458 -0.0128574411877535 -0.329743937985264 -0.0206269296121627
-0.000299529938967662 -0.0227297652224237 -0.121887166926342 0.170398887424974
-0.00563828242412598 -0.00229969144999525 0.0568688889033847 0.0770779652233558
-0.0143435875018864 0.00573683857308866 0.0773335815841811 -0.0799127295533354
-0.0173453216692437 -0.0014387791282871 -0.0802628711835668 0.0849704323773195
-0.000440826074255724 0.0112420963234555 -0.0349353811356455 -0.0739152124153409
0.00919191119366896 0.0117497596608362 0.154134505271679 -0.13140864312378
-0.00964133095351541 0.0129895627104915 0.259511770144192 0.112523357470074
-0.025060249630747 0.000250319448745069 -0.00914005937127826 0.439110806637978
-0.0225313695988564 -0.0277782706866691 -0.436702809994541 0.272053095405037
-0.018370506089422 -0.0190368369278352 -0.374098385205118 -0.0968153868775267
-0.0237482641747302 -0.0172718313308999 -0.0402913838440786 0.0393549483769046
-0.041756347800685 0.0124165063299314 0.366237673470365 0.058712733029316
-0.0061909543429715 0.0286001833777698 0.315060473159728 -0.348428889413529
0.0168863889533867 0.0148327124816129 -0.168316650835374 -0.420381193059787
0.0163147079806355 -0.00998843858067011 -0.329833199143339 -0.0291139748968791
-0.00168219128806135 -0.017284149271512 -0.123638246335531 0.167865828955339
-0.00663046159114806 0.00269793880214493 0.0562826172581804 0.079757480646546
-0.0133004969077244 0.00933882267251547 0.0761446829487188 -0.0801606082326896
-0.00914528137344343 -0.0112106051685684 -0.0778112160365309 0.0772758169443695
-0.00285843069076935 -0.00803679672054432 -0.0655098927406356 -0.0847033949357581
0.00731091007444643 0.00101612552097164 0.11496479410039 -0.165058078426261
-0.00311610051491623 0.0185582548345916 0.294201230861161 0.033222128476428
-0.0178184989555248 0.00999657346062436 0.14721739715576 0.402759916607457
-0.022035828197341 -0.0313225892974216 -0.300902776694158 0.369643798611846
0.00452680879469252 -0.0232731906619698 -0.379010232968777 -0.0253951361562493
0.0135987518861414 -0.0136638583648763 -0.0712817483718095 0.0178446416610665
-0.0149267584232687 0.000105084877898157 0.357368948276633 0.124478054895539
-0.00221158612108976 0.0143378225916788 0.436371785323028 -0.260205906851997
0.0156159008328799 0.0197646329504448 -0.015380568728238 -0.466303679627175
0.0217629136658921 0.00031473352905282 -0.307278471867968 -0.113772299660359
-0.000871684822643706 -0.0258774870658938 -0.166872176447033 0.147020733955617
-0.00774695933914431 -0.0166948155570927 0.0262760689098361 0.0750686143156014
-0.00595729772835777 -0.000696738617247848 0.0838378283717622 -0.0909610787107218
-0.0113486527364655 -0.0139706140168477 -0.0774375472479439 0.0782744296669939
-0.000756405837961546 -0.0100058415090285 -0.0593151214297601 -0.087013888491038
0.0106835773689514 -0.00341171917054337 0.122664380884066 -0.156775752636881
-0.00319433657645562 0.0149537598342024 0.290923783543483 0.0564363421703577
-0.0218037377834425 0.00803941552676665 0.117170186229997 0.417780076968944
-0.0231714942915012 -0.0334738904098606 -0.331704501909488 0.351898508954379
0.00687285927740868 -0.0210002435550266 -0.374790295530625 -0.0449696639846927
0.0152071457972857 -0.0108772406838876 -0.0609419275432641 0.0213543599228927
-0.0150056515040118 0.0028611823150176 0.366278171304838 0.106839234462925
-0.00466534787689682 0.0155458773082142 0.412548645752076 -0.289684146492346
0.0141592499001701 0.0193755562088925 -0.0531142590215176 -0.457757734259208
0.0224671663727068 -0.00433365463646021 -0.314599994688499 -0.0914025682017887
0.00105777892539729 -0.0301600727646285 -0.159115112890154 0.15307858397056
-0.00676316594413635 -0.0183058033367682 0.0321515016366679 0.0731021667084774
-0.00788637858790486 -0.00255974384105709 0.0828374289359895 -0.090443248182099
-0.014634877008845 -0.0152169416354302 -0.0781066766987949 0.08001390824787
0.00152126156665042 -0.00994247330255038 -0.052974763085489 -0.0870905004663117
0.0140304027528304 -0.00566115681732089 0.130790157406857 -0.149003647827442
-0.00323179618032853 0.0117647069820146 0.284939840031616 0.0784704668275578
-0.0256840124598843 0.00619203460736562 0.0816795843989541 0.430870696846531
-0.0241745689454821 -0.0334610557294368 -0.362955024570812 0.328910638523754
0.00627340576767815 -0.0188737683080999 -0.373583131306188 -0.0638103498031673
0.0130519319728664 -0.00912364844845387 -0.0517480142079845 0.0254466448139569
-0.017536721193336 0.00577286809062772 0.371582277003158 0.087341955917426
-0.00713090267572504 0.0180624162244995 0.384346317652873 -0.314899970247816
0.0130118429551563 0.0188494382799865 -0.091354903117331 -0.449393310702176
0.0225139337972753 -0.00929490017465274 -0.3211939182914 -0.0677359154186624
0.00222556900809072 -0.032675062836582 -0.149867185523366 0.160632973032156
-0.00570374849248414 -0.018289708862395 0.0383093198776494 0.072590939115316
-0.0106408114804033 -0.00351209731151253 0.0826101578061492 -0.0874812341358619
-0.0165954363223481 -0.0149966438613557 -0.0778148922637003 0.0817037109602962
0.00278872345280075 -0.00811511926445559 -0.0463204082380535 -0.0862914797857472
0.0167542167880017 -0.00588588458348185 0.139005868615968 -0.140902286950845
-0.00364740340723517 0.00949319220006329 0.276055516920923 0.0978285382777268
-0.0288010705217442 0.00429840867713611 0.0447376127450125 0.439960584221937
-0.0249080715113604 -0.0336339856092269 -0.39504695321328 0.305790178153254
0.0033136757041263 -0.0173713112390421 -0.371216107501442 -0.0810338229968443
0.00764453098790804 -0.00851632925097139 -0.0439688750124311 0.029574114974646
-0.0224224032038155 0.00819091086573028 0.374493997342805 0.0700589159526756
-0.00918425717428376 0.0207690805477985 0.35392966506051 -0.33686623206622
0.012939196896342 0.0179048472031604 -0.126959507526789 -0.437766878916035
0.0212402439051791 -0.0125442404774429 -0.325726821827385 -0.0457877788928862
0.00228225397840119 -0.0333355789637622 -0.140450862813927 0.166257305317281
-0.0054467010477474 -0.0163375218847713 0.0445510858060397 0.0725484394040973
-0.0125710256040695 -0.0024105337530035 0.0812887309865412 -0.0856572345526829
-0.0183356352203512 -0.012789479476167 -0.0791834301339861 0.0835010833581736
0.00357806039433469 -0.00422847596386844 -0.0399875107067156 -0.0837476315174548
0.0176124141420047 -0.00312127556643952 0.146409080601145 -0.134681768798409
-0.00423908583820055 0.00834342320907588 0.267993681734181 0.112566148205873
-0.0306271279177732 0.00222392933348214 0.0129060654231928 0.445119308040258
-0.0247341001977964 -0.0326024528883829 -0.419879631841337 0.283198229425558
-0.000617290831194968 -0.0164046401162907 -0.370067688347157 -0.0946238478046668
0.000187692850011743 -0.0091638312934111 -0.0373876137560755 0.0342847085736288
-0.0275323583441266 0.0104356548791564 0.37469914251374 0.0567376321250901
-0.00984105699754871 0.0238949841751922 0.328524631297462 -0.352723009756891
0.0127478771728463 0.0172476574149545 -0.155347215513315 -0.425737413279996
0.0198288351652911 -0.0146803747770923 -0.329185186352484 -0.0286678838506596
0.00123199085425061 -0.0317185601606304 -0.130152045443446 0.170512194895278
-0.00588542376625746 -0.0123511166744749 0.050833700782779 0.0731473936889161
-0.0139052527137204 -0.00073372749915628 0.0802428732784741 -0.0835461604412467
-0.019170309200086 -0.00935623212310529 -0.078750192837252 0.0849970984138579
0.0034883050259226 0.000861117064005934 -0.0366158484324436 -0.0804863297078796
0.0162596303210727 0.000756398062894622 0.151122556146929 -0.131002917468244
-0.00619972398559784 0.00872830897685552 0.262424666091475 0.120611112089541
-0.0300733555576641 0.000505857963530986 -0.00890404155386814 0.445779476777324
-0.0245926377694009 -0.0314488495744166 -0.438288393140745 0.271710144806759
-0.00715979341103318 -0.0167664241955058 -0.370639949122907 -0.100875092035188
-0.00853354753261694 -0.0109894039942926 -0.0350396380268833 0.0375578782090488
-0.0335747507329298 0.0126159499281308 0.37346672824247 0.0492033215086583
-0.00905320754351731 0.0265278239183839 0.310721337254048 -0.361914482800693
0.0140476939801422 0.0158881206471526 -0.17445726301776 -0.417297378009502
0.0190382269410827 -0.0152226836709694 -0.331018327807819 -0.019325919443929
0.000752704007525372 -0.0279007150549715 -0.124393713656011 0.172679062581246
-0.00580522318063484 -0.00759530952968021 0.0553004040621421 0.0751962732642057
-0.0147874246462834 0.00224919158261212 0.0782240186121698 -0.0820084007600109
-0.0190973665383982 -0.00550892338068912 -0.079972093387517 0.0855798670303754
0.0021804432289144 0.00653830622701313 -0.0353107358747186 -0.0771152839883643
0.0134042614589783 0.00603778817477601 0.154224542815383 -0.130298723028574
-0.00752139003966243 0.0108934860127777 0.260519177510657 0.119547530039723
-0.0282250054393799 1.12401722155327E-05 -0.0152878322672148 0.445454792930311
-0.0235566534481473 -0.0297985393539803 -0.443074596266871 0.268353139775374
-0.0128115962004204 -0.0172084262241321 -0.371719957779813 -0.101524112269798
-0.0171735468798314 -0.0138757076695045 -0.0358651325328849 0.0396663987231005
-0.0386399723405912 0.0135674407988751 0.370801347923733 0.0504953179556384
-0.00765331081792087 0.0282732241439687 0.305615865224769 -0.360751686769677
0.0152614907032494 0.0152429282589386 -0.17897265369758 -0.415014230051266
0.0173597627866046 -0.0129737785327078 -0.332057446799654 -0.0172894246091126
-0.000301954432558605 -0.0231312035602556 -0.121757901885847 0.172702587833041
-0.00606550836656376 -0.00237470018965087 0.0576514236402077 0.0776401938013711
-0.0141831616748739 0.00557871595491667 0.077320481673523 -0.0810287886791783
-0.0174173756978518 -0.0013663552214355 -0.0806867431069519 0.0857646774808196
0.000151759103984491 0.0111356435100023 -0.0367784122357681 -0.0735942684661194
0.00923728903391972 0.0117046712635228 0.154291402049605 -0.133769568433012
-0.00941653019729612 0.0133358362754629 0.262671988316983 0.111340787757476
-0.0250779468220185 0.000248059643977051 -0.00639685182120545 0.442538191551894
-0.022749107617208 -0.0281383256610918 -0.438645321200916 0.278342747137029
-0.0187241914822919 -0.0184656257287889 -0.377150190296156 -0.093982438684133
-0.0235264472831385 -0.0171630832881293 -0.0403945846106316 0.0399730350630213
-0.0422170703377955 0.0124777460628554 0.369125506312646 0.0568905725477954
-0.00537887118977706 0.0285796834113165 0.313745118878656 -0.352734819479323
0.0177075119052488 0.0146537283180952 -0.173234510000611 -0.422168508259929
0.0164666866127549 -0.0101721009852745 -0.332448952397336 -0.0271653388385996
-0.00149297907216456 -0.0172032256327793 -0.123108936486076 0.1708047190209
-0.00678726692588202 0.00262828636417924 0.0574413184489694 0.0800947372372306
-0.0126791954547353 0.00940768514799929 0.0764376555296873 -0.0805778234312429
-0.00942867694384671 -0.0114123224475219 -0.0776951707990264 0.0779274576574943
-0.00240448566622552 -0.00766599058224334 -0.0677946853528162 -0.0844203730554844
0.00737475979409759 0.000532782964527844 0.113893145348965 -0.166668942833986
-0.00302924893390681 0.0187441364706314 0.296401416581173 0.0306079654179728
-0.0176933752665649 0.00978103975707948 0.151719601905542 0.404927449046188
-0.0224142557962155 -0.0319049797551328 -0.299382455976181 0.374612783500024
0.00444466275508158 -0.0226515788895225 -0.380514529529683 -0.0215359419805607
0.0135825965616953 -0.0136734677487387 -0.0721824273384063 0.0188629648582432
-0.0151690892529289 0.000632248639782292 0.362701212673458 0.121377220075284
-0.00204351966630038 0.0141933252093434 0.437159870864982 -0.264414511321438
0.0161197304700151 0.0200914310967461 -0.0205021732646143 -0.467494797243155
0.0218146102812378 0.0003408072615838 -0.310869290576692 -0.111800280910562
-0.00163128155291941 -0.0261150263521874 -0.166901382620986 0.149658180669377
-0.0084131716857617 -0.0165246999594547 0.0272699463810616 0.0760530153541901
-0.00589035286911057 -0.000598915162951885 0.0840661468039029 -0.0918171061325606
-0.0120458705621986 -0.014118144325113 -0.0781043268674907 0.0793036547826687
-0.000626316274491615 -0.0100587758447009 -0.0611924871252807 -0.0864400954700646
0.0107102581411495 -0.0030900165485 0.12224039858689 -0.159181709530289
-0.00314892043053916 0.0154850545211871 0.293568386705883 0.0544496723599041
-0.0223420412461469 0.00816817240098762 0.121098480387493 0.421194304313369
-0.0232173629558247 -0.0332694399097276 -0.330777617445663 0.355293858033366
0.00706748102172808 -0.020604109216294 -0.378325049115367 -0.0414418228974643
0.0155955248540686 -0.0108778936395845 -0.0615347380975949 0.022665040243562
-0.0148519114702342 0.00335524687138174 0.369915912550989 0.104145711610636
-0.00445725625923048 0.0153968976466252 0.412166541782289 -0.295387556265181
0.0144051017548671 0.0194589038232155 -0.0573767685042665 -0.460871231591005
0.0223871930163909 -0.00506199599228148 -0.317554857495287 -0.0883222391423426
0.000503731186718652 -0.0301478756366684 -0.158547578671594 0.156273155485987
-0.00690702487950836 -0.0183297124108623 0.0323711273005978 0.0739810999383059
-0.00799740366201675 -0.00241431621356268 0.0827562267295298 -0.0911327994431333
-0.0148984072642588 -0.0152447285693645 -0.0781595799003773 0.0809789777294457
0.00178210096752102 -0.0104495765216455 -0.0546766899590841 -0.087231753221884
0.0145429806850524 -0.0056909206433953 0.130067758989687 -0.150600599669161
-0.0029338174241734 0.0118710942177302 0.287175643689254 0.0754689444746586
-0.0263687354329598 0.00629029095452899 0.0857680132697605 0.433729132876649
-0.0245578377532833 -0.0335556658551466 -0.36223437136674 0.333647777883508
0.00612069369669162 -0.0188693858368683 -0.376979664936814 -0.0599645617215886
0.0136472176047224 -0.00910139205795795 -0.052359167477526 0.026343889333896
-0.0175047031743737 0.00593368697667119 0.374242705654434 0.0850997368603063
-0.00723683529563105 0.0182691061459922 0.382610262295004 -0.319314465766926
0.0135236046674816 0.0188416985627225 -0.0975470625449619 -0.450073322506236
0.0223458736390501 -0.009741643633565 -0.324390146849816 -0.0649554610970204
0.001168323668529 -0.0325959259960029 -0.149069707294688 0.16297765122019
-0.00601419305660511 -0.0183770647961686 0.0393143240334708 0.073190601402995
-0.0105347745850722 -0.0035391987192424 0.0828249753822315 -0.0888874226271628
-0.0167620103946289 -0.0147228394077235 -0.0775575390944573 0.0825511457523736
0.00329158255507427 -0.00790577671881425 -0.0478694448151565 -0.0858438376572481
0.0168123873382549 -0.00609021744372792 0.138643254385927 -0.1428691240614
-0.0036152704348851 0.00972325010606462 0.279484310981087 0.0956697006327464
-0.0292442098691911 0.00417589006852987 0.0493485710944246 0.442830962803324
-0.024917439781149 -0.0333517498804954 -0.39413254192583 0.310036568174318
0.00364551757669048 -0.0169693812433205 -0.374281042141237 -0.0767112183231027
0.00765112431905324 -0.00840384987315568 -0.0437958026220923 0.0307524928776722
-0.0219740960795157 0.00871937043220358 0.377001178352594 0.0666899676676311
-0.00869752314140928 0.0211261227685418 0.352437811590474 -0.342037950131971
0.0128956822984264 0.018051294673691 -0.132207873731977 -0.438641656846612
0.020964871931168 -0.0128491621216744 -0.329120123778447 -0.0425295136908219
0.00162760447691139 -0.0335813794776357 -0.139483981736148 0.168626657791014
-0.00592958527064769 -0.0161159145613308 0.0461423154210935 0.0728403238133244
-0.0124570249004529 -0.00291968610948995 0.0814332737220482 -0.0865567660041644
-0.0186973525648608 -0.0128192052659524 -0.0786081074873192 0.084280481985845
0.00417288219713191 -0.00409954863546235 -0.0417285590791564 -0.0841752042746953
0.0180546884973312 -0.00338458848566757 0.145683878877227 -0.136979848928241
-0.00454909427756228 0.00879489501885457 0.271083908813467 0.11086052653556
-0.0306387394733862 0.00225628428686912 0.0176843479990124 0.447722729889653
-0.0246049719968498 -0.0327553460452327 -0.420424562848563 0.288102598319166
-0.000939713483660561 -0.016174311929053 -0.373529338817804 -0.0926090195931914
0.000245256712166755 -0.00889465172828134 -0.037851217500534 0.034798816436775
-0.0275468337298758 0.0112666744458276 0.377114987960986 0.0539356904759081
-0.00944476485729717 0.0241053768267143 0.327182101855491 -0.358205223312094
0.0133057801809057 0.0169437920609524 -0.160207293407463 -0.425743991792471
0.0200337180223208 -0.0152667918548553 -0.331962271125353 -0.0252577373103577
0.000982735584626875 -0.0320037934693311 -0.129281772194791 0.173365242160388
-0.00557247099006814 -0.0126346667880468 0.0520897408236265 0.0739778630907591
-0.0139404949014704 -0.000614025492819857 0.080485226475531 -0.0843042048480196
-0.0197194671556172 -0.00958478333951114 -0.0786206280398434 0.0859822439600417
0.00387188747200473 0.00105314886203939 -0.0377479443715242 -0.0804231764180904
0.0162474296860299 0.000463658530288957 0.151365557022725 -0.132418673187309
-0.00612552690738791 0.00945402297342727 0.265317346937287 0.118811731510262
-0.0303979304102309 0.000561181592921942 -0.0037106242148885 0.44903926046646
-0.0246842626960438 -0.03156316811047 -0.437001788514426 0.276274701631473
-0.0066665929611042 -0.0163033350136033 -0.373785441193386 -0.099580727674695
-0.00853030389444694 -0.0108998317566629 -0.0346871205573511 0.0386318818878244
-0.0330298429929292 0.0130167817065729 0.376819038200204 0.0459614913219369
-0.00890010134831913 0.0267070429725138 0.309364707320111 -0.366256904716397
0.0142748559320971 0.0155842839760954 -0.180270152748026 -0.417636160077066
0.0184139852801997 -0.0152543610229188 -0.333555675016588 -0.0153289426451101
0.000394346436446743 -0.0280630361712179 -0.123490802890645 0.175478844771862
-0.0058764336595072 -0.00752210611886563 0.0560840335288689 0.0754245627021296
-0.0146860504731813 0.00212564745189708 0.077916430585899 -0.083198579514822
-0.0190876530096725 -0.00541724116612305 -0.0798000781112572 0.0863708373077442
0.00222815901567956 0.00643296926534733 -0.0360976513623336 -0.0771017485482042
0.013587670147234 0.00601378588112976 0.154591206920894 -0.132730868492483
-0.00781610268678929 0.0110970709055367 0.263651287727167 0.117505432133514
-0.0284696235390443 0.000156792315907768 -0.0107558596443959 0.449714265670493
-0.0239020553884113 -0.0298358741937127 -0.443129617598434 0.27306659480744
-0.0132536143669052 -0.016979668527177 -0.375183598229245 -0.0988421568063998
-0.0171778520755085 -0.0136693419204805 -0.0358181786688701 0.0406523196234378
-0.0381838120076889 0.0137784006773813 0.372976241949547 0.0468689376347383
-0.00771425641095156 0.0285018379042696 0.305098636633348 -0.364215263057427
0.0159634470297969 0.0154119463868262 -0.185038515978598 -0.415610809389884
0.0171431256830235 -0.0136364636557827 -0.334653765211982 -0.014322664657721
-0.000894595160079441 -0.0229654172058221 -0.120093794592466 0.175437915120405
-0.00607392195638649 -0.0023674482177616 0.0586388018505902 0.0778801887196042
-0.0139578457635112 0.00586142547705616 0.0775508188519259 -0.0816474806451512
-0.0174998254288144 -0.00145220860255483 -0.0804330768055405 0.0870419742387117
0.000302808797309971 0.0118858649658687 -0.0376089909165222 -0.0737814186316642
0.00943576205270346 0.0117358539971403 0.154718060065164 -0.135474685407312
-0.00992760017957285 0.0137409922940592 0.265860021804891 0.109518373764579
-0.0256533285559777 0.000158156723116481 -0.00246681926274518 0.446799854268535
-0.0227671917011292 -0.0284146284329543 -0.437589160928229 0.283263231287034
-0.0184751689357549 -0.0183461808446246 -0.380223984184524 -0.0917709146817126
-0.0243638718940561 -0.0169768899165406 -0.0404551376941618 0.0406260022168394
-0.0420923009114469 0.0135870652622926 0.371072142815789 0.0534708788161333
-0.00582590194330214 0.029094767792525 0.313096895153301 -0.356705341947777
0.0177413519019772 0.0146411369888174 -0.177884528225248 -0.422307285774491
0.0162561674679015 -0.010353102362489 -0.335415244223464 -0.0229207518706796
-0.00211853541100162 -0.0171716679849527 -0.122008057969846 0.173389056305571
-0.00675810133616502 0.00288099470889715 0.0587465810162405 0.0804831799045273
-0.0129233359067851 0.00961827260505486 0.0762754447043091 -0.0812573119996396
-0.00964253551528538 -0.011622071535859 -0.0778772018613288 0.0788338851607387
-0.00244513075124717 -0.00749529492284623 -0.0692604726437136 -0.0842932775634029
0.00760606561172081 0.000826203237848365 0.111921984780097 -0.168852953014427
-0.00277960392829069 0.0197500339267691 0.298467107183929 0.0268420352952896
-0.0179493007910867 0.0100876785572587 0.158914182423601 0.405192804524759
-0.0226916886283773 -0.0317983757800346 -0.297865810383898 0.379690987878475
0.00497532403912019 -0.0223021997727798 -0.382973660954518 -0.0173669276595137
0.0137062408078908 -0.0135552767708704 -0.0724055589103878 0.0200347741032283
-0.015381573295058 0.000678005594127923 0.365084047233168 0.119073635625581
-0.00179069441769726 0.0145480314315506 0.436377855188933 -0.270323164418849
0.0164131889681811 0.0197165522196234 -0.0265199626409054 -0.470754849577544
0.0223137570837493 -0.000161914750003551 -0.313810539458504 -0.108322247914916
-0.00211979844324185 -0.0265814837297145 -0.166233384477561 0.152735780335559
-0.00859097196970732 -0.0161961066305702 0.0279421753444 0.0764642176159286
-0.00605170194884853 -0.000549124287798919 0.0831084899114262 -0.0931391596037421
-0.0123275902613676 -0.014028556434849 -0.0775400679440571 0.0804312760317741
8.07581165710256E-05 -0.00988056301995057 -0.0630497254556575 -0.0862844954580733
0.0113190165159729 -0.00335479792492076 0.120487713610345 -0.160968857827575
-0.00285233880450018 0.015644838811964 0.295713078152656 0.0508956549471724
-0.0223969282001005 0.00818305743140248 0.12658967042246 0.421896903888587
-0.0234136793999227 -0.0337453690325467 -0.32787525330878 0.361221148495116
0.00709110034499414 -0.020709781116798 -0.379994997513517 -0.037242666548035
0.0155639882834097 -0.0109410082016201 -0.061829875717063 0.0232332157075809
-0.0145910541708302 0.00373625834733088 0.372930672237688 0.100330740982217
-0.00391497664146911 0.0154056860672004 0.411923653599339 -0.299561348063102
0.0150594657566966 0.0192825181810572 -0.0638762130113766 -0.46177125868837
0.0223542565823227 -0.00525469128429603 -0.320401435696013 -0.0854404199035213
8.12512096133051E-05 -0.0299156154647674 -0.157058205760442 0.159242360959918
-0.0074352972773754 -0.0182458239086886 0.0335103286176435 0.0744232289788304
-0.00792666108902776 -0.00236820568133206 0.0826828206009433 -0.0921104778171365
-0.0152146099532377 -0.0150209474374878 -0.0779904113080121 0.0820398409787202
0.00196730687710282 -0.0101037284270097 -0.0564754708025698 -0.0868983527977066
0.0144315207534229 -0.00633714333229335 0.129250283723462 -0.153221872173073
-0.00304777218815017 0.0121602042004967 0.289535214147109 0.0727063193879559
-0.0263861093465439 0.00671062177444756 0.0925337078487533 0.435882655165762
-0.0246574595305511 -0.0337870014152152 -0.361085822400982 0.339145281543247
0.00652967368815465 -0.0188313211248079 -0.379606807598498 -0.0571965951744465
0.0130691334963469 -0.00868502761227318 -0.0518785505594965 0.0274194160753923
-0.0178358850182175 0.00653473664899559 0.377661548447542 0.0813532078455619
-0.00671040239326678 0.0178364146139503 0.381979220645435 -0.3251003807603
0.013702769760892 0.018667499503617 -0.102338094563749 -0.450891513869187
0.0223087011746861 -0.0101136062513829 -0.326412656093535 -0.0607799766546253
0.000953511923819423 -0.0333680969748234 -0.147858328460033 0.166392051682901
-0.00650741438406765 -0.0181916033247129 0.0400188341994915 0.0737933368444843
-0.0105317173392716 -0.00361758778771581 0.0826205284986586 -0.0897511901363764
-0.0174024688364476 -0.0146144292229744 -0.0772298110012729 0.0837074171148968
0.00379413321165754 -0.00734445752131623 -0.0494707628030141 -0.0858182890256243
0.0168292936566913 -0.00633237398999989 0.137917831568655 -0.144938512878377
-0.00298433307418033 0.01000446511441 0.28243793891902 0.0932196983128415
-0.0292582963848439 0.0036041101310411 0.0549320920590039 0.444274645755164
-0.0254334775243322 -0.0336942580519315 -0.393292585973655 0.316502955010544
0.00375373178952562 -0.0166179255422843 -0.376538476761243 -0.075481363567827
0.00757965240379894 -0.00828778040754507 -0.0437799985572087 0.031605315511706
-0.0221113240921941 0.00881343326408534 0.379925431007769 0.0634567345901646
-0.00861751459687098 0.0212378944658834 0.351673025014735 -0.348450374381242
0.0135673837444117 0.0175744180290839 -0.138685114946697 -0.439380983083513
0.0214311741711502 -0.0134694904741527 -0.331591351876236 -0.0391822569743309
0.000955113519818267 -0.0336295123588696 -0.137638520213203 0.171590354265638
-0.00631494542831218 -0.0160387578739075 0.0467978386285997 0.0735162273821391
-0.012821422299042 -0.00290628795761089 0.0807998028482858 -0.0870657551173427
-0.0190315173515832 -0.0126229621859202 -0.078140710848516 0.0859534582501427
0.00409483588867827 -0.00368042401712504 -0.0432408305058059 -0.0835557179039975
0.0178952997299816 -0.00341643821274861 0.145451314434299 -0.138730869548785
-0.00448113181969927 0.00934331099297472 0.274402174211479 0.108103640480995
-0.0306371169137959 0.00180040608572311 0.0227687882833659 0.449869705676038
-0.0250310419570987 -0.0331603651793893 -0.418657811585442 0.293743853183921
-0.000919158300111628 -0.0157221402814928 -0.375722989204798 -0.0897406126620253
0.000608635776595193 -0.00897193677226369 -0.0376417302446399 0.0363416336786836
-0.0276497135968273 0.0117662959330723 0.380009089285811 0.0505305630039606
-0.0094470658125181 0.0245007182867343 0.325030713984815 -0.363503026635678
0.0131171225229648 0.0166182130142291 -0.166662079318291 -0.425624195571465
0.020039244389396 -0.0153279712071671 -0.334360859559604 -0.0216596767320822
0.000384164110803435 -0.031456827473313 -0.127803219054775 0.175818607005184
-0.00634728527713535 -0.0122971848123648 0.0531834404275474 0.0742044289774447
-0.0144831780363424 -0.000684093961176449 0.0798869373732018 -0.0855809036622611
-0.0200995498521879 -0.00933157513216119 -0.0783264367024028 0.0872408182753255
0.00432054768336892 0.000909957053912521 -0.0395829803459658 -0.0804894411643657
0.0164060071451506 0.000355750753359991 0.151145187823108 -0.135302173785941
-0.00595225384311966 0.010099067236062 0.26860142576895 0.116422815843457
-0.0307471396597105 0.000937555524737019 0.0025964727950437 0.452720531738064
-0.0248832255386813 -0.0315718757682106 -0.437079191005941 0.282631985004692
-0.00681047300009881 -0.0155637511520091 -0.377343614117656 -0.0947004992848552
-0.00844352014305839 -0.0102950769495742 -0.03477961235301 0.0395978554922999
-0.0329025841914466 0.013682650975085 0.378733837591341 0.0420477674036381
-0.0086225217847299 0.0272573198161082 0.306864272390547 -0.370228554518364
0.0142813557188431 0.0157957273316682 -0.184799489626621 -0.416958950595562
0.0185933158523901 -0.0159146687957691 -0.335621857508929 -0.0110570567945065
-0.000106989855740638 -0.028156764601912 -0.121791974633541 0.177992429920831
-0.00594322094813222 -0.00731022619722825 0.0573184477329316 0.0758985543740367
-0.0146740185603107 0.00205394279495804 0.0779162991972901 -0.083565840999017
-0.0197282925310133 -0.00511711127345385 -0.079668867477924 0.0880165938758201
0.00295989220414512 0.00684893263951944 -0.0377682533646721 -0.0767734551318163
0.0137277357059874 0.00588601619937513 0.154670036203886 -0.134369308711713
-0.00768632038177595 0.0117106924739903 0.267106613184333 0.115349150893152
-0.0287360789487432 0.000162543017605944 -0.00517047872384897 0.451620885940886
-0.0244419422388841 -0.0299030907088165 -0.443362439081608 0.27975446244345
-0.0134432167110332 -0.0166275044306816 -0.379436393063816 -0.0958026390021196
-0.0173670729325363 -0.0132335702928806 -0.03540063608313 0.0414952191933421
-0.0382318775696837 0.0147094518677177 0.377114054932861 0.0431807086637277
-0.00693825299576891 0.0286095564521235 0.302386495029542 -0.369969991061161
0.0161892168357392 0.0149305605225095 -0.190338380864868 -0.414433328067191
0.0170733705813404 -0.0144176236801005 -0.336345801409696 -0.0104145761765088
-0.00156056674944026 -0.0231032771098933 -0.118781267136644 0.178033132285293
-0.00619544425743566 -0.0021035504198013 0.0602695029425329 0.0782996535035567
-0.0144205113767046 0.00570920803755009 0.0769932366727162 -0.0826592101150973
-0.0177438154185268 -0.00137162643630183 -0.0800779295724496 0.087773708838662
0.000873600216048802 0.0117898988530387 -0.0387853862799375 -0.0735693837673996
0.00947701758936235 0.0118586203847885 0.15411015397154 -0.137887563043065
-0.00944219527694501 0.0145382823322456 0.269429056159807 0.106583907811306
-0.025442663811749 0.000263890163770835 0.00354571318881634 0.450349246460215
-0.0228553438366684 -0.0282361208048535 -0.437174104975416 0.288706390897977
-0.0181370868421431 -0.0176597893514573 -0.383696927296875 -0.0882232071856545
-0.0238124539744059 -0.0167042198808342 -0.0399288447694656 0.0421700063026992
-0.0419960253861815 0.0141120190755538 0.374295604818558 0.0503015349369595
-0.00499666817879474 0.0288303017436876 0.310886638357994 -0.362556260763847
0.0178148925101247 0.0142308869706364 -0.184080393571237 -0.420890935829371
0.0161742119880747 -0.0103725593616326 -0.33699002794523 -0.019012135640589
-0.00294798910561426 -0.0170285710483867 -0.120667162073456 0.175758174255684
-0.00684533276175904 0.00299308493433687 0.0600629230165349 0.0805673021385794
-0.012931231085982 0.00908223653082671 0.075952626289493 -0.08226070620417
-0.0102800197516961 -0.0114464316976183 -0.0772657363761127 0.0806305585415855
-0.00185677825793631 -0.00797676068162857 -0.0714524708882993 -0.0831867680630353
0.00760819295496229 0.000398467754622597 0.110882864500293 -0.170858873926203
-0.00287319133908463 0.0196286091081134 0.30074416402852 0.0233395540543596
-0.0176596324399993 0.00976724246169054 0.164562712215052 0.405849571952056
-0.0232852747061247 -0.0318788400405238 -0.295292350381485 0.384469634673632
0.0047331597960536 -0.0218702039085969 -0.385865890760663 -0.0143434812179392
0.0135211113829993 -0.0140970953421798 -0.0726181413935911 0.0213528166749133
-0.0151754414754683 0.00121145507404131 0.368401465169837 0.114510460402564
-0.00187503022525682 0.0142788929177467 0.435067293192896 -0.27634393905148
0.0168830068904082 0.0199190130748041 -0.0316913402647458 -0.470528651057799
0.0226280603000506 -0.00075005401283572 -0.31708133640976 -0.10506405291116
-0.00241700835893207 -0.0263576159683926 -0.165304407421069 0.155817153896333
-0.00892872809592488 -0.0166439998626912 0.0293846269671048 0.0771342444470958
-0.00618287898838292 -0.000490725731410757 0.0824551022071789 -0.0939904362219152
-0.0130057965445719 -0.013843849192393 -0.0768885608649095 0.081705262169678
3.54763417172964E-05 -0.00937687965680967 -0.0647212703031277 -0.0855932410254327
0.0108764460410436 -0.00394574375848948 0.119104647405809 -0.16326106569316
-0.00294759191891415 0.0160722601959837 0.298223597916317 0.0475567607079756
-0.0221705140494743 0.00842552830833763 0.134313994925046 0.422999787403576
-0.0240351262518559 -0.0334228313447087 -0.326057319254037 0.365570365017078
0.00713809709050626 -0.0203468613890284 -0.382998121243083 -0.0342731199780231
0.0155210053955196 -0.0107677870411734 -0.0613472107065633 0.0249914755781489
-0.0148393684660779 0.00390527094493614 0.376116599472376 0.0960305488950432
-0.00392545686995619 0.0157808769180199 0.409874952152785 -0.306699468278824
0.0148802160025242 0.0192500581798142 -0.0687301750669675 -0.462459468333929
0.0226083966668358 -0.00515758720097003 -0.323306810009339 -0.0816264153201932
-0.000701513389640786 -0.0306123111929004 -0.156621562611842 0.162375286010072
-0.00752190486266804 -0.0179357767127439 0.0346675284004718 0.0748859844618405
-0.00823157139998252 -0.00260539104456198 0.0820923191752703 -0.0931417238534573
-0.0155822703105372 -0.0153219578632114 -0.0770858563168048 0.0830908259102665
0.00203637023539418 -0.00982555112097954 -0.058310810882911 -0.0863463933155297
0.0143072955999509 -0.00600266761585292 0.12815733543195 -0.155255618248461
-0.0028051169761743 0.0126649900026932 0.292340220894242 0.0692085765216015
-0.0264738328195012 0.00639847574087068 0.0975657230428282 0.436656735103835
-0.0248515421224155 -0.0336043363348319 -0.358415572635005 0.344321891365385
0.00646162279383364 -0.0183940556974409 -0.381336186287707 -0.0528062906931852
0.0132165568170899 -0.008978094333145 -0.0523778157806249 0.0287587146593128
-0.017466435912876 0.00675648164696513 0.380276345357599 0.0772154013883207
-0.00667141014070472 0.0182918137222733 0.379896042329398 -0.330342721080496
0.0142135169960265 0.0187924951148761 -0.109184213004951 -0.45114999803549
0.0224728457712441 -0.00989022055871982 -0.329922575385528 -0.0561728330799808
0.00026321106132477 -0.0328387878257987 -0.146333733836857 0.168916122882639
-0.00725141880171338 -0.0184150204952529 0.0416515939089804 0.074036270851708
-0.0112576380914387 -0.00331890844883182 0.0819861952636182 -0.0904590833074257
-0.0178717972776917 -0.0145925552607875 -0.0770267402305406 0.0849973490373703
0.00393746227202969 -0.00805854401982887 -0.0510526071973607 -0.0854109460063964
0.0171759329829698 -0.00680098140668292 0.13696631499532 -0.146962775616687
-0.00325559511581258 0.0107555575152902 0.285475976021553 0.0894831240690208
-0.0295738413270594 0.00392203160574811 0.0618636377188818 0.447762940641431
-0.0258545744421355 -0.0338197447501596 -0.391472174503207 0.321612623710286
0.00396859035450223 -0.0160877617923136 -0.379808224287817 -0.0708995423921141
0.00755388527111162 -0.00852157787956255 -0.0439217259297483 0.033245791865342
-0.0218173220710527 0.00922754051517388 0.381951710898019 0.0593944544901814
-0.00832290481966871 0.0216126567668823 0.348197941699916 -0.353395906258009
0.0137723200527522 0.0179432185931435 -0.144914505913933 -0.438863509101725
0.0214035995825246 -0.0137865839185369 -0.334142880189701 -0.0350366418127267
4.05645122638771E-05 -0.0335212156602358 -0.136184465605312 0.174790909300821
-0.00622907057187075 -0.0159822756367588 0.0478889193766593 0.0735761159466854
-0.0130296071348187 -0.00271134684150747 0.080263718215416 -0.0885762789481112
-0.0197887959401025 -0.0129592502146365 -0.0778800640261534 0.0865873714544772
0.00494524089075073 -0.00413743066227426 -0.04504795478744 -0.0831172343020337
0.017884159761794 -0.00371117469924878 0.145245423115325 -0.141193170611693
-0.00463449136290854 0.00993952944903136 0.277854446033343 0.105721102900569
-0.0310750744752519 0.00225287707960934 0.0281901769519674 0.451884768561236
-0.0255723866165938 -0.0333592099786361 -0.41850463200836 0.301367943201209
-0.000810248852399663 -0.0155172913679219 -0.379206131374006 -0.0856042580785381
0.000472918262993521 -0.00870260279460006 -0.0371194679938524 0.0368336713524119
-0.0274994790443473 0.0120333705114235 0.382700306333684 0.0465176404482357
-0.00897364203200454 0.0243983538489146 0.321338416741789 -0.368077660994186
0.0139265224953027 0.0169350324354972 -0.173617576988097 -0.424298763609513
0.0199584572846757 -0.0159691136946206 -0.336182781790581 -0.0166936464333093
-0.00021980955172621 -0.0315889476978505 -0.125943402496228 0.178427009431934
-0.00620149093455415 -0.0120861660652849 0.0548508217638577 0.0738224093833857
-0.0142253038494309 -0.00097641397093368 0.0798515975904344 -0.0861390100118673
-0.0202276746140827 -0.00901378324492452 -0.0777066724750707 0.0878878225853804
0.00434094476188523 0.00117580924814804 -0.0406253992729631 -0.0798570820043991
0.016915571263211 -4.2452374917526E-05 0.150157455216806 -0.137229239099372
-0.00549577447716323 0.0105017310003273 0.272176709681695 0.113387671550139
-0.0309575230172721 0.00104410349128785 0.00828109103625092 0.45586181680119
-0.0252037361706679 -0.0320949191404996 -0.436555391993808 0.288702088282869
-0.00665828253279084 -0.0150188551907581 -0.379445891316208 -0.0915422006423224
-0.0088462339445018 -0.0104538497202332 -0.0344891560750385 0.0407889318077773
-0.0325905540994417 0.0143603221804252 0.381204281954776 0.0374330846550341
-0.0081462375785463 0.0276288726093863 0.304387152972182 -0.376660869938834
0.0145817564227188 0.0157811793799518 -0.191040998378003 -0.416311685802522
0.018412987430952 -0.0159639992801889 -0.337921227203188 -0.00681317097965124
-0.000960186644400615 -0.0281162078829165 -0.119656752027351 0.180335389989819
-0.00598325147134193 -0.00768840715498153 0.0586613887500178 0.0756969234789455
-0.014501333824205 0.00205550947805532 0.0775797719768417 -0.0846965335480151
-0.0199634292433699 -0.0053528519811767 -0.0789569734485472 0.0888900559619212
0.00340231464208452 0.00639967877754015 -0.0392008137480728 -0.0764588093558944
0.0137643786456562 0.00574551906442346 0.15350818048252 -0.13702761547049
-0.00758423616471393 0.0121342647945202 0.269955230298305 0.113032663337727
-0.0292748914681066 0.000241915976343423 0.00062067419483143 0.454999355862952
-0.0246957803626372 -0.0301633846057151 -0.441314856625328 0.285669983318765
-0.0129495948392857 -0.0159690922519507 -0.381170747039314 -0.0922601865911624
-0.0171724106778267 -0.012849964924824 -0.0350898135728731 0.0425322964776515
-0.0378401750205001 0.0150306683316812 0.378136134878622 0.0382961031993032
-0.00659126644955494 0.0286202364750688 0.298836938225926 -0.374691407876312
0.0165018254614558 0.0147516169777845 -0.197278030404595 -0.414990371597316
0.0174719999915534 -0.0140484375614604 -0.338607298966835 -0.00596566559791407
-0.00218290420433874 -0.022865342300491 -0.116740346316853 0.180364355124101
-0.00644834070064979 -0.00237607367812333 0.0614052709708816 0.0782282788614465
-0.0142886352493644 0.00572029903449671 0.0764798471486325 -0.0834609521907817
-0.0183623883424972 -0.000717268135426542 -0.0792698775768307 0.0890070633026029
0.00179506415003039 0.0118979030397929 -0.0404643695362073 -0.0735927182131287
0.00989024108974177 0.0116408455809161 0.153554812823963 -0.139937037380617
-0.0092642402368833 0.0151102314160312 0.272301838692507 0.103753255320449
-0.0259526408042209 1.23973499125182E-05 0.00905587023731942 0.452901155496838
-0.023240102251291 -0.0281852389696413 -0.436807942346931 0.294655534801337
-0.0182994642592286 -0.0170511617391824 -0.386123697909496 -0.0851353648669319
-0.0244957639123813 -0.0161062836134159 -0.0400476653439955 0.0429005744259288
-0.0417250647231566 0.0147796539285034 0.376707381881003 0.0469044627870872
-0.00488929553864921 0.0293821574748671 0.308580705911684 -0.367054970241159
0.0183933679012084 0.0144740737031904 -0.190670567374766 -0.420229592030869
0.0164266297427708 -0.0108010382098656 -0.33932624594401 -0.0145149876750997
-0.0032728401596235 -0.0169830820238886 -0.118607633826029 0.178662476972985
-0.00648167290680805 0.00303219898457715 0.061215744316612 0.0805745308246215
-0.0129063013974249 0.00928964428949959 0.0757045681827771 -0.0829859190183857
-0.0107052214023432 -0.0113705243871983 -0.0768581929141559 0.0819345200080626
-0.00147060472819727 -0.00707364749583074 -0.0732060441848939 -0.082047171656193
0.00800630092977497 0.000517550249201875 0.108844078859196 -0.172920196545964
-0.00238159785047766 0.02063834877686 0.302417875842285 0.0194890688395571
-0.0178237642272612 0.00997317280554295 0.171068894184453 0.404719577993239
-0.0232699944220326 -0.031986806411319 -0.291556236571029 0.389595438405848
0.00488746389604107 -0.0218622010339918 -0.386293287024158 -0.00970942321475075
0.0134787624074212 -0.0141424725648367 -0.0722679528597807 0.0227655764164926
-0.0154352022064637 0.00193153925850671 0.370618946699506 0.110101657041009
-0.00156312219386247 0.0143592871919529 0.432925617127884 -0.28307142374653
0.0169214056513704 0.0199890336191269 -0.0391116621383608 -0.471420659884275
0.0226716442153302 -0.000916909254196335 -0.320252228797346 -0.100436748735379
-0.00296719661275513 -0.0258626876684111 -0.163731509841648 0.159034860977179
-0.0093038419176549 -0.016481431131409 0.0302527733299365 0.0773147923476585
-0.00629113274009662 -0.000457879403120367 0.0817732462880075 -0.095045804492397
-0.0130395177555617 -0.0136856119054277 -0.0762577747783698 0.0825416054072845
0.000352270737196058 -0.00945717539521214 -0.0666739188191076 -0.0847031194411043
0.0108965958085478 -0.003418856256007 0.117601196679261 -0.165044968352012
-0.00240777011269171 0.0162768132985485 0.300017205536552 0.0430423900355782
-0.0224364890350575 0.00820749837034175 0.138709657589113 0.422564485637129
-0.0243885429900544 -0.0338696706514657 -0.323002607434896 0.372276662500953
0.00755392001825808 -0.019977331136122 -0.385214563769865 -0.0291654349390198
0.0153618666050234 -0.011188662545197 -0.0617530919597679 0.0263487422202535
-0.014637905946817 0.00436763680828576 0.378391520930182 0.0919343579342548
-0.00417015863939078 0.0159122322903786 0.40757677867914 -0.310998151661006
0.0154850163772947 0.0190816827904497 -0.0752810354581413 -0.462957682053653
0.0227079130045205 -0.00582147404758753 -0.326833326140724 -0.0776484233651392
-0.00137055750582098 -0.0303510829649995 -0.154286090862423 0.165623843531245
-0.00768720936775284 -0.018275094332126 0.0355053328645234 0.0754293248434296
-0.00847036951394864 -0.00252006967794892 0.0815288179641492 -0.0940160228528434
-0.0159701518478107 -0.0149401649189206 -0.0767907458473179 0.0846696826750808
0.00250360123145139 -0.00999614082409701 -0.060237840587835 -0.0855222964293317
0.0144274343072842 -0.0062855762016574 0.12687764164025 -0.157714014409643
-0.00276026264981964 0.0134193997685545 0.295099894717724 0.0658534524680465
-0.0266143461832914 0.00684071184733478 0.104722764126164 0.437261713624766
-0.0255222082048945 -0.0335322279182773 -0.355840573504923 0.351009871678595
0.00682477607840607 -0.0180845055307621 -0.384650401869516 -0.0485177408260227
0.0133234789311925 -0.00922965487353663 -0.0519406416118514 0.0301564554240267
-0.0171052085771409 0.00698860502173911 0.382427820955375 0.072042990471041
-0.00621189392296715 0.0185944451533853 0.376803155592308 -0.335775741998591
0.0143279021049931 0.0186799730370524 -0.114084599404563 -0.450685563332985
0.0222835773385486 -0.010619680394661 -0.331767845843836 -0.052241735131338
-0.000325489226071889 -0.033198720298844 -0.145077963357814 0.171812626485829
-0.007264345023455 -0.0180799864975689 0.0424397022018264 0.0738930363673608
-0.0114487803572888 -0.00345187227483917 0.0813467773162694 -0.0916227727926185
-0.0185849535809382 -0.0143830370392742 -0.0764802390766341 0.0861456486567052
0.00398846963323309 -0.00756407603644043 -0.0528448377019441 -0.0849005008827348
0.0170664024596726 -0.00632742538226999 0.135716689918642 -0.149611528759244
-0.00298684196091982 0.0114936763475577 0.287995457731421 0.0859865247847238
-0.0297185145547292 0.00464555733802862 0.0680980190929458 0.44867723678244
-0.0258197673904296 -0.0338164013436933 -0.389729911675384 0.327751503273381
0.00429514345502373 -0.016144888401527 -0.382671157210503 -0.0667933502813975
0.00777025285403172 -0.00809942995060371 -0.0433929950764967 0.0341517965860651
-0.0220033762301836 0.00986634447254136 0.385135300145875 0.0546825542460566
-0.00786621507366255 0.0214903825823317 0.344613637160214 -0.358601338705699
0.0138012701768371 0.017964448970689 -0.151926999788826 -0.437737275863293
0.0214812853577859 -0.0138975049079703 -0.335447497313751 -0.0305265645474283
-0.000439139717774089 -0.0335730900693804 -0.134784523485216 0.177314125404832
-0.00683313722118393 -0.0161126050361376 0.0495527041667637 0.0738396055986368
-0.0129911703817137 -0.00257820033603384 0.0799743295256209 -0.0894397570780809
-0.0199062676552588 -0.0125173566787145 -0.0775322841042069 0.0877925226617686
0.00505664437713602 -0.00401019681938477 -0.0466363648285018 -0.0827523637900924
0.0180545173115097 -0.00395572424612931 0.143488320194831 -0.143736769893259
-0.00387031253777531 0.0105635220280911 0.280232392114376 0.10176374453583
-0.0311322591056061 0.00263411044759715 0.0357146686768389 0.454325782690224
-0.0257783575749549 -0.0332462423242254 -0.416185621022826 0.307189828718455
-0.000321301416950526 -0.0151755125160055 -0.381336966066426 -0.0814454866185046
0.000294362502051261 -0.00867747897760449 -0.037064477729473 0.0381485901266911
-0.0273313212288678 0.0127902765977701 0.384016787486667 0.0406538502202978
-0.00847932149084069 0.0248740382286141 0.318908491055962 -0.37389948463939
0.0143509916075938 0.0166556827925796 -0.180125893728112 -0.423314441643175
0.0199763328884966 -0.0158936534202876 -0.337808210620085 -0.0125526401059115
-0.00113984409630808 -0.0317888937396578 -0.124044443957162 0.181480768247162
-0.00677076800148928 -0.0124674776455797 0.0556167351155666 0.0741487429809089
-0.0145678265604962 -0.000953649990381155 0.0791278585389468 -0.0876200996175103
-0.0209704409888541 -0.0090189913295541 -0.0769050450384288 0.0895977203145227
0.00507883781540507 0.00101877212077584 -0.0423091728939427 -0.0793877336894995
0.016716221608645 6.57184369007996E-06 0.149949116189088 -0.139757556205918
-0.00531765305120067 0.0105296961194632 0.27452768524529 0.110073784759292
-0.030725403594639 0.00102845185531446 0.0134825925182354 0.457366807876554
-0.0258510346426004 -0.0314512665604662 -0.433546886198714 0.295033766371392
-0.00606016983776226 -0.0150781900986207 -0.383491656465467 -0.0879303623712913
-0.00831967789049464 -0.0100797947607878 -0.0341386783399368 0.0416153105012407
-0.0326429690057887 0.0147412266950034 0.382442870990162 0.0334744146056809
-0.00800844761407444 0.0271007022124539 0.300487988519505 -0.380344071995192
0.015311431139235 0.0156695833343402 -0.199329974361438 -0.414952346626594
0.0184024843300859 -0.0162312003499877 -0.33918107304644 -0.00192046106656323
-0.00179694715320248 -0.0278341185864095 -0.117393182115832 0.183011097630061
-0.0064616039288676 -0.00737880117037198 0.0604552098495423 0.0752514779831352
-0.0149390397307217 0.00262729855708263 0.0771758997205203 -0.0854662777528856
-0.0203945239173836 -0.00480135235692855 -0.0777249936925295 0.0899385228133402
0.00344978527313775 0.00663860850562506 -0.0405831258272618 -0.0758847840273632
0.0138393547167737 0.00574154260884784 0.153291433033824 -0.139095499016138
-0.00732897998742624 0.0127879837402047 0.272966332810853 0.109122171204696
-0.0291124462085332 0.000557755275646277 0.00624149212539193 0.456169692388501
-0.0250622775159653 -0.0302539416547363 -0.440954130262975 0.29323149692833
-0.0122618969093775 -0.0157056131574029 -0.384948331493341 -0.0881273079816858
-0.0169592133665094 -0.0127222606992781 -0.034684972594744 0.0432260963397375
-0.0379144693403455 0.01590607030678 0.381097002075259 0.0343415451078114
-0.00608731743206554 0.0291156714337258 0.295038978946886 -0.380634718907384
0.0166419221808769 0.0150076539454151 -0.203804025116387 -0.411867562211245
0.0170320854954814 -0.0144382558971619 -0.34046501810766 -0.00140455848298613
-0.00245805760400421 -0.0226138940213145 -0.114960673749007 0.182726076089168
-0.00636433106154078 -0.00207605509132475 0.0627506851561567 0.0777450430667431
-0.0143963260191582 0.00574091681945712 0.0762730414978728 -0.0843763709507668
-0.0187047591581239 -0.000439730633135698 -0.0783421256192348 0.0899515190915352
0.00212970642597222 0.0116642487570123 -0.041998091917859 -0.0729691529992344
0.0102294320046748 0.0116992584443234 0.15294837327658 -0.142652223135297
-0.00876782771936765 0.0151976699945185 0.27526288934827 0.101052409292235
-0.0258766083712512 0.000505824062219143 0.0155022914631483 0.455181557173887
-0.024062876215321 -0.0283828718239213 -0.434490635377297 0.303017975882279
-0.0181200497568762 -0.0164526627403617 -0.388933555470802 -0.0802048313846196
-0.0246289671878377 -0.0158425862125584 -0.0393311839441992 0.0441467987805306
-0.0417035042441468 0.0149047037855225 0.378358421158951 0.0420260529383856
-0.00422270508834544 0.0293631640518425 0.304864947571742 -0.37239536202316
0.0185458025602005 0.0138824682692144 -0.195836139693297 -0.419653381235522
0.0162021325541583 -0.0111689603761075 -0.341320095186817 -0.00994776286926002
-0.00396943877464754 -0.0165238162650799 -0.116799039030866 0.181165927426254
-0.00660415300557166 0.00315604508951415 0.0628078818132011 0.0802100154171274
-0.0130224960727942 0.00947945462521269 0.0753824859401499 -0.0838793666367545
-0.0112782380310237 -0.011032174628823 -0.0764547235411607 0.0824793333287539
-0.0011923805874022 -0.00736096136974673 -0.0753333879179493 -0.0811731768184188
0.00795951214031698 0.000177834891029526 0.106781084418172 -0.174505460786384
-0.00214495627748789 0.020596807594267 0.303630111678703 0.0150930739969973
-0.0178271984745068 0.00973617687648619 0.178259607701391 0.405315819909524
-0.0240381621699931 -0.0318867831576661 -0.287299801817981 0.394766416400921
0.00504047254726107 -0.0212996891640104 -0.387830704515146 -0.00610202113012218
0.0136555840016167 -0.013848677223422 -0.0724089765141392 0.0239832479063034
-0.01466530544384 0.00209766135971755 0.372697624685617 0.105249784842019
-0.00139394198696267 0.0146716190310556 0.430112356864669 -0.289014035464437
0.0172803035910784 0.0196090787979133 -0.0458297461254905 -0.472259519256645
0.0229738504020363 -0.00123392155210609 -0.322517328154322 -0.0963443134923256
-0.0040378182765618 -0.0261368887156433 -0.16197357846382 0.162811416243441
-0.00929484024404762 -0.0158721233978958 0.0315835985033218 0.0775446178460892
-0.00651453414871329 -0.000620816361180395 0.080606204615568 -0.0959242521878831
-0.0137434983518034 -0.0139507433039733 -0.0755379959221934 0.0839866288717382
0.000502425194959362 -0.00903506899496859 -0.0683947611984 -0.0835853764066986
0.0110629422357427 -0.00396187194747175 0.115687574057762 -0.166895793233899
-0.00203441114931121 0.0168391412901736 0.301258736660449 0.0387294249954362
-0.0224085288770526 0.00823705519561784 0.145700289708855 0.422381389054493
-0.0248285538806636 -0.0337337787253352 -0.319320996216618 0.376940460234205
0.00783923789142745 -0.0198994264196995 -0.386510239938902 -0.0246612699809923
0.0158613698433403 -0.0107840606534591 -0.0612877963084416 0.0273083902285125
-0.014570170312651 0.00451217103489415 0.380533183795688 0.0871176471617734
-0.0037130648329464 0.0157198167138979 0.403401218644932 -0.3171723309558
0.0156192072472944 0.0186109014709977 -0.0817400311641021 -0.461994881616359
0.0231672557565766 -0.00624756833236106 -0.32794717815877 -0.0727630366803137
-0.00180816190169069 -0.0303601280521183 -0.152631159050097 0.168258446776124
-0.00824774308509513 -0.0180053162733821 0.0370173904827448 0.0752573651816759
-0.00880755779767793 -0.00273292183118656 0.0802469568633666 -0.0947013015722097
-0.0164927621977246 -0.0150596624770329 -0.0760929004351517 0.0858046539823955
0.00271707855912347 -0.00997477801521993 -0.0623284128626581 -0.0846119723484633
0.0144545552169041 -0.00651111720203112 0.125220724039612 -0.159406812750639
-0.0022514816841046 0.0134487019814534 0.297054836582474 0.0609264165233423
-0.0269305623170783 0.00662834865252777 0.110923971267335 0.437838827426192
-0.026160652028422 -0.0338025371288909 -0.352480234510039 0.357132355193254
0.00696706628381735 -0.0178044230260886 -0.385758728438399 -0.0429410286812934
0.0134622404586814 -0.00890949871436673 -0.0517864543122649 0.0310325728280455
-0.017105873329872 0.00721374281405295 0.384108850248105 0.0674248213348424
-0.00605742643666002 0.0184715844935396 0.371465200373466 -0.341125663197053
0.0147174556842579 0.0184275017407884 -0.121652311321821 -0.449458531739678
0.0224388651360102 -0.010901290555267 -0.334012984184074 -0.048094484579301
-0.000964719217399603 -0.0331893693711621 -0.142643212737166 0.174705334153896
-0.00774207886537474 -0.0180892463433819 0.043837364967335 0.0739521561874285
-0.011492301482113 -0.00346984801051006 0.0802218442720976 -0.0925134059539304
-0.0189491898874976 -0.0141245724570602 -0.0758156507002748 0.0872094020909509
0.00475085332888971 -0.0077604481164662 -0.0545057774416881 -0.083866586289585
0.0168632185878612 -0.00700874932612124 0.13413097480036 -0.151398544164481
-0.00291498392797961 0.0119300478085522 0.289993487556524 0.0818680219617568
-0.02970676591358 0.00457846673585677 0.0755660430577044 0.449817117972977
-0.0266049228500728 -0.0335795218263119 -0.385582841316269 0.334316517967644
0.00432511619363614 -0.0160910785180333 -0.385150396701965 -0.0614154927945491
0.00809204473127931 -0.00819013915065957 -0.0430546622361555 0.0347309605388285
-0.0214540697309956 0.0100799406021524 0.386906006885392 0.0498013277299804
-0.00781344202693523 0.0219068045782302 0.34028593416662 -0.363320410132903
0.0144824040799636 0.0173999799765749 -0.15822441774949 -0.436377148189522
0.0218747156841381 -0.0140850144634049 -0.337243306780609 -0.0257692029411024
-0.00144390289870669 -0.0335587693931834 -0.132269221722049 0.179709315441307
-0.00733872167526528 -0.0160023382782642 0.0507337802336524 0.0735035613808134
-0.0132002738035344 -0.0028333677495501 0.0791329295609301 -0.0905519748773908
-0.0204255543009186 -0.0121367790321566 -0.0761463851498288 0.0891862350891293
0.00542204646372449 -0.00400542782513668 -0.0485471445338238 -0.0821550831797203
0.0175778371837098 -0.00425732892868805 0.142511824922003 -0.145986018059256
-0.00379328825556422 0.0111450424159908 0.282746528132567 0.0985003077019956
-0.0317661186433134 0.00262832264205612 0.0426320524192283 0.455988874603475
-0.026151770586768 -0.0331318680717826 -0.414000422486147 0.313086845507107
-0.000248127384850631 -0.0147044906520764 -0.382821524061559 -0.0766207576194283
0.000384954393273886 -0.00845884540546464 -0.0368606840799995 0.0391476313940466
-0.0267069015809904 0.0125036614926879 0.384997394515684 0.0362703708222128
-0.00819037079030485 0.0247964752048573 0.314129025450972 -0.377787191108368
0.0142467803048799 0.0162721002035379 -0.186821021033324 -0.420961754104321
0.0197106864152498 -0.0166360633139346 -0.339041223598524 -0.00701045893934631
-0.00183863876254656 -0.0315417114843755 -0.121988049039039 0.184534067995299
-0.00700546904657746 -0.0123131530693745 0.0567508963725785 0.0741421006137551
-0.0145808002717051 -0.00085427524323287 0.0780763874141754 -0.088150113723608
-0.0210118429682306 -0.00852271428409416 -0.0759464021821326 0.0904611440775686
0.00509785789569362 0.00101836523080059 -0.0435659555457346 -0.0784665148282609
0.0168827272702847 -0.000419994260980576 0.148352256970496 -0.141919743477162
-0.00531619180066333 0.0115661244674317 0.277487552751245 0.105992782920944
-0.0311729517516274 0.00145458897770226 0.0211638225735133 0.458606614189634
-0.0260285606272558 -0.0318629184992339 -0.431520119214856 0.302281930069471
-0.00604843976539275 -0.0147672043253092 -0.384532521326269 -0.08271647631035
-0.00838007863079974 -0.010103948725918 -0.0334268883865324 0.0425629890556747
-0.0326263320902516 0.015600793123444 0.384706666529904 0.0289611872490028
-0.00761156092497383 0.0277625576711741 0.297017491264039 -0.384305666960488
0.0153511489819658 0.0154650137172068 -0.204860444891883 -0.412551173336549
0.018412812405224 -0.0165929546164961 -0.340284485007397 0.00310870197215668
-0.00231877784509017 -0.0280971573223068 -0.115425113512648 0.185875238062077
-0.00666878588078648 -0.00710576473590941 0.061710843133187 0.0754655507173672
-0.0150366775495177 0.00228235740064204 0.076125146592536 -0.0863660768682427
-0.0204761490816821 -0.00458266816564541 -0.0771993945358582 0.0912915336907243
0.0045370250664289 0.00638579405361016 -0.0421169618812826 -0.0753744999298069
0.0135351167837707 0.00554673465439661 0.151977760399162 -0.141381263645426
-0.00692808041388812 0.0130763204342005 0.275370757886032 0.105565744138151
-0.029608491029817 0.000440110915594004 0.0140572241486382 0.458404213183582
-0.0253729401469873 -0.0299754809438615 -0.436522015440591 0.299522178201536
-0.0126676027543094 -0.0155930333533158 -0.386691750740685 -0.0838700092236541
-0.0172317258019674 -0.0123672522800189 -0.0341769434660668 0.0446447356931233
-0.0373474939371974 0.0164607971394147 0.382426136616811 0.0286611777487015
-0.00610403883837677 0.0288785818465052 0.290578193452196 -0.38346972744069
0.0169281927072856 0.0146705824191541 -0.209302121192171 -0.40997938581278
0.0170326481271698 -0.0145146958573447 -0.341074034202876 0.00361958720343167
-0.00294002985182932 -0.0225452318136877 -0.112389781838073 0.18567275783227
-0.00668315169945397 -0.00204002524019006 0.0641372757359152 0.0772458985643469
-0.0145658535147627 0.00586006971012523 0.075758911185403 -0.084901831092781
-0.0186610340721014 2.41529449115929E-06 -0.077332689873762 0.0917080609199644
0.00255091519240606 0.0121106517701866 -0.0428624712212662 -0.0719460122609962
0.0106140741048882 0.0111412871186788 0.151882864972471 -0.144306650363857
-0.00877165946057497 0.0161746625403751 0.277754985043173 0.0969965926731695
-0.0263492108109254 0.000720150255759052 0.0227627129361342 0.455704101464853
-0.0241243089948202 -0.0285701156106875 -0.431970057091667 0.308463346779259
-0.0177668104306192 -0.01600017266058 -0.390811227972014 -0.0755209954920806
-0.0240856470811883 -0.0153416562983157 -0.038795129017901 0.045026404878166
-0.041440970660986 0.0155968587925603 0.380295825612164 0.0370321341665099
-0.00386345433724873 0.0298474383315004 0.301406962404078 -0.37759743614829
0.0191218162559344 0.0140223213734257 -0.202272983510108 -0.416781023598626
0.0164247879754805 -0.0110538848129098 -0.341901214717358 -0.00513925457759059
-0.00442306841954117 -0.0164784304153783 -0.114217073605879 0.183751461957298
-0.00696852071383735 0.00325467853114064 0.0639901744176835 0.0800768097966408
-0.0128557507085893 0.0093157601631029 0.0745625801477552 -0.0847067844166323
-0.0115663402755701 -0.0109717096524037 -0.075611380147753 0.0836240525846018
-0.000948049592419731 -0.00722626691381864 -0.0770663558453293 -0.0794714722563596
0.00766468618366463 0.000361644305135201 0.104587454062508 -0.176526699087369
-0.00158356136260314 0.0212128083885143 0.303979014850179 0.00954996729533189
-0.0179814561892011 0.00965736961013545 0.183631847596873 0.403648349712394
-0.0241818664000918 -0.0324371602259137 -0.28308636811569 0.399806870856155
0.00513614496441141 -0.021398028846177 -0.388072401549178 0.000741048791731179
0.0137293372679858 -0.0136275308546445 -0.0719966366037293 0.0258405225272184
-0.0148560536724816 0.00215814579969586 0.375646320711089 0.100343312997212
-0.00111569415685321 0.0146729622693908 0.426464317702831 -0.295652110965074
0.0181835634070656 0.0189644670925217 -0.0528836736712748 -0.472201160332774
0.0231042229521651 -0.00163526453905162 -0.32558256800936 -0.0921581596236178
-0.00412092815035254 -0.0256952436198599 -0.159795481373694 0.164750069397801
-0.00992217818579991 -0.0163388381138032 0.0326378386422746 0.0778929681890297
-0.00681996645414637 -0.000549798692432951 0.0797291899015473 -0.096623072049437
-0.0144650088344255 -0.0132786973629345 -0.0744872249297113 0.0849670462933925
0.000645904927504815 -0.00946248604436729 -0.0704778957159542 -0.0820396027737977
0.0107867658939309 -0.00419301051431805 0.113839271735315 -0.168820444940679
-0.00193785757944719 0.0173647904624152 0.302573886637489 0.0346278739316542
-0.0227846382926793 0.00847801068258944 0.152510439301091 0.421443519520035
-0.0254595210149855 -0.0334261974660818 -0.31494405895055 0.382902413726057
0.00766369853446752 -0.0196479810611054 -0.387744382939446 -0.0194216391573316
0.0160271690423101 -0.0112040166125724 -0.0612838005002164 0.0283457729985454
-0.0142805464313563 0.0047691083673865 0.381180933309349 0.0817042155723705
-0.0032595819978849 0.0156653472729998 0.400128078765429 -0.323562470136763
0.0160573951388085 0.0186962492287505 -0.0894729419039623 -0.46217604865306
0.0232628953680676 -0.00654345888402287 -0.330998940653885 -0.0684431130985128
-0.00257114440544823 -0.0299512017838971 -0.15048217582217 0.170754551265504
-0.00886661798685174 -0.018140777336349 0.0380787672236198 0.0753424973495025
-0.00890460231484826 -0.00233026336392231 0.0790472432489725 -0.0958490714802081
-0.0172519886103637 -0.0143611047325868 -0.0751409022198904 0.0863401055303706
0.00301064704682934 -0.00997123499309906 -0.0633686860575211 -0.0838059236074665
0.0142433900714716 -0.00686687111019383 0.123011877535918 -0.16133673695489
-0.00184525911161565 0.0141379229755916 0.298193558966596 0.0568159595039115
-0.0266977401940326 0.00712795678980711 0.117396608001397 0.43689030058385
-0.0263191023565693 -0.0338491647547107 -0.348710469034312 0.361577407311257
0.00737076703038623 -0.01737652943968 -0.38637385420676 -0.0390960652886044
0.0134407176499373 -0.00908942656130556 -0.051586787674972 0.0323058717106372
-0.0165279036808094 0.0075877492227904 0.386207280798405 0.0621986806047728
-0.00572898545307796 0.0182672635592479 0.36821296714086 -0.347372559070551
0.0145979076323646 0.018499264292941 -0.129024257459073 -0.448521201381808
0.0225759261133911 -0.0112745043606842 -0.335379065397243 -0.0421807902634186
-0.00187403870899446 -0.0328598970737328 -0.14026515142924 0.17728611360338
-0.0080766812761965 -0.0177434251984069 0.0444986494187519 0.0738249119481475
-0.0114798988987161 -0.00365632475174807 0.0795770820410049 -0.093576373377932
-0.0193231531252957 -0.0141168890274064 -0.0746193502598061 0.0885354766668883
0.0046818935652211 -0.00785683386094669 -0.0563493656376194 -0.082524078056948
0.0165137250747789 -0.00697636019724856 0.132568320386844 -0.153712853688918
-0.00229915447066691 0.0122394314215631 0.291733587297969 0.0771492821898871
-0.0299282687670284 0.00516181897915993 0.0825307045077452 0.449985940807415
-0.0269560889306499 -0.0338343833805081 -0.382863495985103 0.340040607793563
0.00485710009314555 -0.0156778173401011 -0.385849602519137 -0.0568537774696763
0.00799671850403232 -0.00804885023166457 -0.0428268490408883 0.0358892623912259
-0.0212374932356784 0.0105400461395901 0.386192578274779 0.0444341888324513
-0.00752722878465772 0.0219636561516449 0.337712164237985 -0.368492968865273
0.0148182471584323 0.0176055805122092 -0.165361653400397 -0.434902589953755
0.0214714784007141 -0.0144746738793402 -0.337923457836015 -0.0205973532111315
-0.00170876625940886 -0.0330585504494686 -0.129717813730173 0.182428296267662
-0.0075520542270225 -0.0158050485161321 0.051504859131351 0.0733045721224512
-0.0136432091615421 -0.00278052362191103 0.0781529290241872 -0.0913698684665997
-0.0208472713642698 -0.0115992683425966 -0.0754008546399235 0.0900344608710125
0.00549008000867279 -0.00442508944698691 -0.0502878699275599 -0.0805974465162077
0.0177634927913043 -0.00447371545268618 0.140948177100859 -0.148160968715614
-0.00352855833799295 0.0113758020119454 0.284740398882702 0.0937327746952105
-0.0314822965098838 0.00298704206335839 0.0485472299096542 0.456452875125652
-0.0266800156253355 -0.0332396718250149 -0.409467534802817 0.319970844195914
0.000359304729790139 -0.014747205416466 -0.385585556406427 -0.0713954024850654
0.000582604504018455 -0.00817728273052236 -0.0360818096723876 0.0398410877332691
-0.0267160425873044 0.0133084581698882 0.38651814912468 0.0313477046026223
-0.00755573659134152 0.0248977144977275 0.31058693191143 -0.382549867529513
0.0150565393385121 0.0161633405838631 -0.192461372077853 -0.418005965167301
0.01948311600162 -0.0168537374212823 -0.33973381031244 -0.00222328560792435
-0.00219647243000668 -0.0312554536796863 -0.119322985025149 0.185923565261725
-0.00755535531172566 -0.0122164746564801 0.0584572185724353 0.073632818467101
-0.0149616077087893 -0.000507277837388504 0.0775611340832581 -0.0888600472024974
-0.021257340883742 -0.00807588464585489 -0.0750867404460103 0.0916323203269476
0.0059815010888114 0.0009090994533337 -0.0448244421265451 -0.0774847029634929
0.0169364412379816 -0.000170740881329427 0.147276513488306 -0.14441350459265
-0.00501214618840737 0.0119514680993654 0.280079231915522 0.102247544320626
-0.0312526122375958 0.00132024488601019 0.0272600381925525 0.460408040047131
-0.0264229836971817 -0.0316705287749457 -0.428285889579695 0.30803105264185
-0.00565931355588552 -0.014399226421622 -0.386607273017285 -0.0779737422197947
-0.00833143011992007 -0.00959120139651924 -0.0330734163990099 0.0434401626943325
-0.0317891690227335 0.0157192930022127 0.385713059799815 0.0231527442813699
-0.00717459959431766 0.0276612044431803 0.29047494637132 -0.390140277896329
0.0158617611946866 0.0150436109614992 -0.210717610075915 -0.409288269342079
0.0183165182534954 -0.0164473671600924 -0.340961481904236 0.00798421422287808
-0.002761493893061 -0.0278158294142809 -0.113024072639556 0.187652488551927
-0.00698470182818347 -0.00738196190345107 0.0630511943458469 0.0749329405849956
-0.014945997443408 0.00249998288128311 0.0757580644134326 -0.0870317082077578
-0.0206154992613566 -0.00364879331315269 -0.0764637778779324 0.092373757596359
0.00487266913767493 0.00681264169722383 -0.0431345847741449 -0.0743300618262067
0.0141158496149996 0.005051450847353 0.15032934213765 -0.143785887635531
-0.0064002484249394 0.0138577711113916 0.277783071419866 0.102218670919541
-0.0295665179313299 0.000780671695493784 0.0202462452143766 0.459844304324021
-0.026019847598925 -0.0305498583715706 -0.435176899975141 0.306196143189072
-0.0121484809251463 -0.0150577437083203 -0.38754817499369 -0.0789163846894929
-0.0173118085070977 -0.0120897277543457 -0.0337804472870888 0.0450867381598609
-0.0369932300118332 0.0167892280884329 0.383132741777362 0.023944943413987
-0.00540770797588941 0.0290416366910341 0.285752260213368 -0.388156007912839
0.0172900864389656 0.0143851549419974 -0.216078050045458 -0.407009387395804
0.0172592100935141 -0.0148842552993505 -0.341261517068858 0.00893911242974288
-0.00372125059022928 -0.022400290604627 -0.109885290363669 0.187473608417554
-0.00679186927120135 -0.00221604349613731 0.0655054488451528 0.0769626349616898
-0.014363028977087 0.00615066862088888 0.0749154924233397 -0.0858640733802229
-0.0189092474320523 0.000483356132602138 -0.0766120723468617 0.092426343409282
0.00351697720291121 0.0114157784345308 -0.0442919468847716 -0.0710296698947403
0.0105120329298031 0.0113806847818795 0.150229830036362 -0.147172528587797
-0.00812443073644958 0.016339170382704 0.279844051516677 0.0922429334060821
-0.0265678036226247 0.000951051875294465 0.0301322999093604 0.456152481032881
-0.0244206003842075 -0.0280526100251624 -0.428226209079238 0.314213175904259
-0.0176173519354619 -0.015569798580889 -0.393116524543572 -0.0712357432636582
-0.0246671568243339 -0.0144466717085058 -0.0378722128173799 0.0456714224478488
-0.0415641918540891 0.0164017483729665 0.381499318161327 0.0318544240254133
-0.00349741400808282 0.0300220530410771 0.294440680411736 -0.380832103477269
0.0191995138172647 0.0134247191230926 -0.208767362933626 -0.413163194966007
0.0164302700520674 -0.011820675863653 -0.343189611861164 -0.00040796216062897
-0.00498753025823618 -0.0161048273475318 -0.111426930237186 0.186058758447548
-0.00687140201629548 0.00328667289360183 0.0655645958822117 0.0795125544552631
-0.012651100635879 0.00978531379762759 0.0742776284353001 -0.0856450235783769
-0.0119827301484091 -0.0106717955449715 -0.0744480525251763 0.0852907715584826
-0.000164729304088774 -0.00726473766325177 -0.0786466508562395 -0.0778141540073694
0.00772833350932534 -5.86558154189558E-05 0.101833998647881 -0.177872527777192
-0.00130150063160058 0.0209233724406998 0.304177102022875 0.00538524481567524
-0.0182061442698578 0.00959528790722648 0.190610583011459 0.402087050600536
-0.0249741501827183 -0.0322151676205848 -0.277166440124745 0.404390246702226
0.00539624318171026 -0.0212063780676214 -0.388558138700287 0.0062030205413967
0.0137490147048631 -0.0139508552815912 -0.0714585592045161 0.0266816218010695
-0.0144123837608018 0.00254011438564172 0.376139507295417 0.0950462653532755
-0.000720594862335227 0.0142957377275604 0.422571229198091 -0.301790129484757
0.018066810381213 0.0188893029786621 -0.0603888393685635 -0.470205435090009
0.0230861574278726 -0.00176013922881587 -0.326429718677152 -0.0863569176232538
-0.00459806287933966 -0.0255282639137405 -0.157328520224762 0.167692921392782
-0.00992310509772156 -0.0157502574940905 0.0338397287240543 0.0775957395764725
-0.00654386737300138 -0.000662409772324211 0.0780105819473399 -0.0973412950284027
-0.0146557549894231 -0.0128903367193436 -0.0737905965261201 0.0863901003511349
0.00151646805100978 -0.0094172265652338 -0.0720145128544687 -0.0806643712454301
0.0106869435489357 -0.00444479746908514 0.111061124566812 -0.170289134020065
-0.00143008130384368 0.0175124457410398 0.303275793108615 0.0299394416334408
-0.0228796034841689 0.00835444340053061 0.160008630764542 0.419545960758033
-0.0260782810731849 -0.0335206712927596 -0.310391731680063 0.387247763458871
0.00819928086299272 -0.0191425728521173 -0.387134781410242 -0.01416750601279
0.0157018600990527 -0.0109859058775355 -0.0607484673566611 0.030278711898521
-0.01361339925702 0.00505115126285226 0.381996837265391 0.0759865929205641
-0.00308001345444116 0.0157349120678711 0.394762264452669 -0.327895938640455
0.0160502206589784 0.0186191816731313 -0.095308926918392 -0.46006610356452
0.0230689825857152 -0.00687091102898442 -0.331679381500664 -0.0628115069313057
-0.00299893178817856 -0.0301106863963281 -0.148373032941761 0.174204657698624
-0.00894195284356579 -0.0176006934480483 0.0392146128315089 0.0750697738091074
-0.00884316595470507 -0.00281996839700009 0.0779668425503818 -0.0966913901847023
-0.0176079443386435 -0.0139621530310731 -0.07391534400657 0.0871159063929466
0.00333235180473428 -0.0100154419522008 -0.064886298579985 -0.0817423936179619
0.0141169819487375 -0.00678444916172758 0.120798173842743 -0.163462199902028
-0.00144769006652079 0.0143781482508287 0.299092486245372 0.0521051949846062
-0.0268319535759992 0.00712359480310403 0.124592462192097 0.435035855069024
-0.0267695385816128 -0.0340109379074283 -0.344410389165084 0.367247647531967
0.00746416917594418 -0.0170696938454749 -0.3871795657847 -0.0331668104718042
0.0137777906215117 -0.00885200066558126 -0.0509472392895349 0.0329227349673331
-0.0164211268664632 0.00802908709443162 0.385580313217054 0.0568514523709419
-0.00575961104181177 0.0181753773621476 0.364184655711545 -0.35202560603651
0.0156650427522876 0.018146520253785 -0.13596576108813 -0.446241357345802
0.0224034616120099 -0.0112375759826006 -0.335778862201836 -0.0375012434466971
-0.00220279600595132 -0.0323770143971419 -0.137575116637856 0.179645229245559
-0.0084075830291649 -0.0176509595372111 0.0457440191676804 0.0738139147058687
-0.0116628633554525 -0.00303703907792521 0.0779832140559567 -0.0944293717058363
-0.0194674352781709 -0.013350338110878 -0.0736693985933383 0.0896665142803894
0.00489045956636147 -0.00796296552592615 -0.0575365822595965 -0.08132029064064
0.0164566862277645 -0.00703720326771123 0.130761759997185 -0.155791929295257
-0.00187606841233231 0.0128890091796928 0.293361405156948 0.073134763240291
-0.0296628812698073 0.00553477426215172 0.0896215287585426 0.448852063737607
-0.0274686678724929 -0.0335616639336857 -0.378016752230597 0.345509000961549
0.00477685518200916 -0.0151543634791827 -0.386460085367595 -0.0511356260549079
0.00804232610549296 -0.00819905318388754 -0.0421314826604071 0.0370435220304796
-0.0209731553229878 0.0109137634804498 0.387173704890909 0.0391686923514363
-0.00691516609710907 0.0214342042825523 0.330249518708343 -0.372901123415871
0.0153807780601229 0.0174036905135312 -0.170469953660895 -0.43139188093544
0.0210528560624804 -0.0147649390270598 -0.338514454309867 -0.014556676456355
-0.00237608415798388 -0.0334318129254246 -0.126594624054646 0.184906694059641
-0.00822931516118829 -0.0155120189551488 0.0530706346089691 0.0728424279338878
-0.0135985919875406 -0.00266262687962028 0.0768277476574234 -0.0921287818691559
-0.0213242544334176 -0.0111618051346957 -0.0743720805764533 0.0913660252985717
0.00634748581294608 -0.00447661158369395 -0.0508766098631211 -0.0795823383016042
0.0178192317489464 -0.00443193686511584 0.138766591434677 -0.150106968737403
-0.00268621550661993 0.0118612742535607 0.286052230926642 0.0885699280752933
-0.0315485225762619 0.00336178946977838 0.0568357463997785 0.455301402936294
-0.0271754062282466 -0.0332168400218176 -0.406319247786647 0.325575596214185
0.000289604158037709 -0.0141768503674424 -0.386061368521879 -0.0658900422853401
0.000576932167344361 -0.00803095562810683 -0.0354921736383006 0.0409397490545687
-0.0260237173541717 0.0137285219027205 0.387379973362385 0.0260904764497073
-0.00733334708754538 0.025266190342956 0.304008141011104 -0.38656224866601
0.0151665876391932 0.0160520831829113 -0.19884831340597 -0.41530670042373
0.0197727596232663 -0.016632848255404 -0.340627077093709 0.00322083503801909
-0.00281951201708553 -0.0312254069614076 -0.116907110863699 0.188133032181539
-0.00764835084758044 -0.0120577566215878 0.0596325944367257 0.0730852041846225
-0.0151605663229999 -0.000595025189568958 0.0765479466120603 -0.0898077338164543
-0.0215479112394493 -0.00745964744275814 -0.0736548090734825 0.0926437769705842
0.00623704117114194 0.000841487939056892 -0.0466008359556436 -0.0764736694341513
0.0165158180744876 -0.000419332645203637 0.145344966189311 -0.146277062783284
-0.00436622388580874 0.012491088525245 0.281404867485456 0.0981479475397486
-0.0310008790518423 0.00182177761868776 0.0348764852775157 0.459751205573229
-0.0267975986701489 -0.0318743403076647 -0.423664873044076 0.314722515805262
-0.00560266629692497 -0.0137872225515582 -0.386375816342655 -0.0719972917338896
-0.00849221395767148 -0.00922743736274731 -0.0320831977814464 0.0441024618065807
-0.0317484408230304 0.0162005407736738 0.385870608760609 0.0173229237525244
-0.00683963166086851 0.0279053197087292 0.285932877984242 -0.39317736135647
0.0162629237831598 0.0150917111636451 -0.217654350939845 -0.405190215775785
0.0181334821258405 -0.0171899769762409 -0.341069058933386 0.0139858504792882
-0.00340492986352473 -0.0275746172985936 -0.110206858526163 0.189422240351692
-0.00717304064400283 -0.00705398941785787 0.0639991309769209 0.074089801404404
-0.0154825143253141 0.00226884688364677 0.07428513134975 -0.0877408893133334
-0.0207780395010408 -0.00349250064098192 -0.0745042168637389 0.0934360838028754
0.00560023995919581 0.0059975227128371 -0.0444862661554306 -0.0733853022551822
0.013909167086766 0.00483051057053472 0.149017100086044 -0.145743856074376
-0.00604311010903271 0.0143480445290455 0.279721037216915 0.0970146407287434
-0.0294613283533479 0.00141363696772365 0.0283851306540844 0.458856788883445
-0.026249178740268 -0.0299666651887658 -0.430451680815271 0.312608003148451
-0.0119034974074022 -0.0142975589390016 -0.388723147161098 -0.0724483605601079
-0.0173956894697371 -0.011611595684109 -0.0326401974126386 0.046055866443253
-0.0364648619598358 0.0171418510258982 0.38295074939808 0.0181894312784764
-0.00473538829662738 0.0293251874510189 0.280509468535402 -0.392539407386995
0.0174695319248126 0.0140483414515771 -0.221605413548703 -0.402881649435926
0.0169421133400052 -0.0151570525768055 -0.341646201124472 0.0142779644314833
-0.0040420626917741 -0.0216361525809909 -0.106811549320442 0.1898734410457
-0.00700743133254256 -0.00181633856802649 0.067179783845006 0.0762838431792372
-0.0144253576349454 0.00602581628217909 0.0737644250124271 -0.0864251598163631
-0.0188462444662987 0.000637456981921436 -0.0752827560862077 0.0938907190872223
0.00406626612540309 0.0118767757241121 -0.0452423884786715 -0.0700199780194374
0.0105657064080117 0.0110687584778523 0.148443376950497 -0.149402113419301
-0.00753713178874527 0.0169893265192123 0.281430852303046 0.088729414765709
-0.0267337247708254 0.00111443251687624 0.0385880496859236 0.455781657576087
-0.0249797474511063 -0.0284184477153678 -0.424992382377143 0.321805020777169
-0.0170480693736812 -0.0148913770610833 -0.392715541535057 -0.0648393606243247
-0.0247858104318085 -0.0139928641713819 -0.0369208301510854 0.0466051255845259
-0.0407330291668357 0.0169995715744348 0.381418288981956 0.0262087192300998
-0.00329120019770631 0.0297629689849749 0.290099023367558 -0.385559491194293
0.0194496486220088 0.0132177711256624 -0.21491983598932 -0.409901012425615
0.0160496263071766 -0.011255307372804 -0.343048031411906 0.00567320498962975
-0.00535677785242323 -0.0159079674966995 -0.108781817532792 0.188144953863374
-0.00668393272253936 0.00316215527279524 0.06683550333825 0.0788377100131005
-0.0130633641095827 0.00952977829470666 0.0728244305196953 -0.0862049637636794
-0.0138620062266666 -0.00637879660846576 -0.0624032356353169 0.0914746228906058
-0.00372799141584184 -0.0074260380483287 -0.086721465250683 -0.0666256508660388
0.00732981751223414 -0.00496154364705326 0.0785652644541903 -0.186820188053186
0.00780769311953471 0.0193424528299471 0.300530641904112 -0.0327718096549215
-0.00889617057225265 0.0187167157241335 0.237619888628988 0.374349685782635
-0.0297558600228138 -0.0156949104017249 -0.223833407131318 0.427503261888921
-0.00158696487903712 -0.0177442007908618 -0.383273980098786 0.0533155942703209
0.0116982275589754 -0.0138972874508549 -0.067067553228241 0.034992075072588
-0.0100079378475422 0.000937840910610839 0.383177403204061 0.0590570166455263
-0.00296590955809894 0.00884423409008928 0.394579295771621 -0.339102667065388
0.0150540041339767 0.0165717544583081 -0.103498947127679 -0.461154790238842
0.0227647923435992 0.000182378382598386 -0.333488144047269 -0.0569155078802531
-0.00463505148294372 -0.0235374251793744 -0.141015603420202 0.182434973137351
-0.011424016468441 -0.0154600491747239 0.0407488760676322 0.0751493279222936
-0.00784988111327283 -0.000378643539273921 0.0696658467404732 -0.102158238217879
-0.0168168747932277 -0.00832979258730777 -0.0612541140543841 0.0926316141637057
-0.00231728013510247 -0.0101824229907891 -0.0802584972720186 -0.0706169514724561
0.0102767517636401 -0.00971781946372578 0.0890296594847963 -0.180688153357755
0.00708163050010648 0.0164596649663135 0.302778477020029 -0.00878259390198751
-0.0138625033357067 0.0189823341384285 0.21040758523228 0.396871670556415
-0.031858573963303 -0.0169751667813745 -0.257439341599665 0.416735225838771
0.00101775568826178 -0.0165583626687532 -0.383892913074638 0.0327024787019338
0.0143187909266247 -0.011297420344516 -0.0561192819580987 0.036817688549137
-0.00914273191959184 0.0028772835333643 0.387407136299095 0.0393221794612067
-0.00543073527961164 0.0109529370697703 0.36486124747144 -0.363632882989723
0.0133920886589103 0.0173189416337662 -0.139356453038128 -0.447063568553737
0.0228836913004902 -0.00500020059952266 -0.337316170397405 -0.0328225857029619
-0.00318086172447717 -0.0284086606074677 -0.131672802878012 0.187601552798913
-0.0106952216264016 -0.0174423230887923 0.0458977796707564 0.0722526149022563
-0.0104346030187406 -0.00204108922264507 0.0692592044008013 -0.101636338592206
-0.0196438502333592 -0.0084814566309214 -0.0612038145517712 0.0939180797871836
-1.00576837127027E-05 -0.0107035460471077 -0.0735483830487646 -0.0725108104699169
0.0134894278713829 -0.0121774827800856 0.0998083254410233 -0.174992023608402
0.00711834969570894 0.0133949653328702 0.301372506326481 0.0141628297853883
-0.0188655891817447 0.0186054590145746 0.177498677894401 0.416326399137655
-0.034028575187868 -0.0174998901149049 -0.292595116251573 0.400455125167293
0.00048931419563784 -0.0144752031627243 -0.387204977932229 0.0139777485314852
0.0126024016713633 -0.00930844846578511 -0.0461244853512551 0.0387936337862018
-0.0117903164060887 0.00614010897670007 0.389734146468784 0.0193354588224785
-0.00806061729590209 0.0146630736371857 0.33165821013684 -0.384687356759466
0.0121437926835611 0.0169600130639037 -0.17768110771456 -0.429323984306512
0.0221406679664392 -0.00948932210558476 -0.338940517422384 -0.00699281276200002
-0.00283031615608552 -0.031120757792022 -0.120685792289489 0.192866435004081
-0.0105362126431776 -0.0177097732726727 0.0527634321936699 0.070178671114629
-0.0134442047295695 -0.00285191533005826 0.0700119426655497 -0.0991803818184457
-0.0216018629654524 -0.00774464127191652 -0.0606749304412968 0.0960491539297594
0.00232229916939789 -0.009101119779335 -0.0667227401389442 -0.0729286584749478
0.0159469946510627 -0.013229945052472 0.110137122403994 -0.168031365517499
0.00596752564498394 0.012165770303449 0.298605569877908 0.0364968894981321
-0.0228119714249526 0.0179684193187472 0.143858850151362 0.433754755046111
-0.035650811081039 -0.0175216313084829 -0.328793017721814 0.383443788520767
-0.00192386744620893 -0.0126752523109114 -0.387275202092024 -0.00471466763381896
0.00712052599988867 -0.00785368590841275 -0.0370324983662208 0.0413921279924886
-0.0160811221960256 0.00956540803516778 0.388720570893378 0.00199807639614179
-0.00947821950813372 0.0183759999758428 0.29684993987511 -0.401958307139773
0.012116202386851 0.0164933096115351 -0.210856990385997 -0.410967054183037
0.0208792959905404 -0.0129872458502563 -0.340218945796947 0.0157026686051688
-0.00290744628690148 -0.0315800752026785 -0.109429969661516 0.196595773871183
-0.00948862917899348 -0.0158732978685392 0.0598885896058513 0.0687063460541258
-0.0149762382127355 -0.00194531886952711 0.0687393652140067 -0.0967837945465351
-0.0225303762428584 -0.00518807026099826 -0.0610845802576756 0.0975480196113865
0.00373158093185594 -0.00628035807042141 -0.0602511274780685 -0.0717805743025996
0.0174932758426086 -0.0107513489142952 0.119355636313534 -0.164305385497831
0.00482082587677395 0.0118090364561324 0.293278646447475 0.052512441008588
-0.025622649577138 0.016350921271031 0.111685379022906 0.445334254990076
-0.036326708765192 -0.0168551240361977 -0.3579658590887 0.366595660828646
-0.00634795737939094 -0.0111487085472708 -0.389614000067999 -0.0198833596569506
0.000341652707182998 -0.00680611063615996 -0.0297399989191702 0.0442742390018376
-0.0208739672969082 0.0129115684823954 0.38665749119523 -0.0116164496896395
-0.00935580658815822 0.0218198690074953 0.268843875110213 -0.413912044645426
0.0125075200766011 0.0157881167907066 -0.236515924578372 -0.391995652427901
0.0187539885750579 -0.0148971918334953 -0.339376277056787 0.0342724329991324
-0.00329290756568785 -0.0300776473058526 -0.0986160627094633 0.199678366036161
-0.00897841949086134 -0.0119036267890066 0.0660792074171992 0.0675792411983731
-0.0161190866910277 4.06439806725015E-05 0.0686816557587253 -0.0944546116213374
-0.0228777580712574 -0.00217682113907427 -0.0606477658057738 0.0993332468692737
0.00461833668327488 -0.00119345177525173 -0.0552417502136142 -0.0698517630594077
0.0172854848785828 -0.00676419293129575 0.125577158477675 -0.160920998549613
0.00312703160519827 0.0128127299222783 0.289748563499509 0.0617788361837273
-0.0254853361360537 0.0154376901368396 0.0903279671480543 0.450802768858933
-0.0363146021568206 -0.0152931855763555 -0.376350639680714 0.358987002239843
-0.0124719017313069 -0.00993993539510281 -0.391294734718756 -0.0255769575442041
-0.00883117855229216 -0.00723732205182996 -0.0261496260421952 0.0472809520990486
-0.0262068710423372 0.0162726445160921 0.385428727069434 -0.0186740488873132
-0.00836800642564192 0.0250447989885064 0.249773750207864 -0.420511429895273
0.012764172283298 0.0148768915397609 -0.253590199133656 -0.382109655337706
0.0176284404007601 -0.014600861757395 -0.339119634559503 0.0447211470012483
-0.00321812571050419 -0.0259799004288657 -0.0916652945367507 0.200675035980712
-0.00756964345143296 -0.0075500370278344 0.0711070714911649 0.0684539048253616
-0.0161536272947083 0.00338745844623889 0.0672979038378322 -0.0923618986841725
-0.021746299680739 0.00220152694242781 -0.0615814588179813 0.0996753204132137
0.00487021579324006 0.00414230528951828 -0.0533267049886503 -0.0664909297849616
0.0153192298588002 -0.000292288260836011 0.129683735623389 -0.161576915192252
0.00229938558014809 0.0145456686352929 0.287314419691132 0.0611452066547376
-0.0241980193347754 0.0144535191855743 0.0827828934443789 0.451706858597231
-0.0358550568042295 -0.0140272071523449 -0.384294012185386 0.355698269973392
-0.0191141454067878 -0.00975189101408836 -0.392070704237584 -0.0251261207910746
-0.0173836902414703 -0.0083405279633532 -0.0268173226694815 0.0493186645294161
-0.0311671169582601 0.0178785199932634 0.383415314214472 -0.0184050328981306
-0.00646012942566156 0.0257227604357856 0.245126182215008 -0.418608094912282
0.0143233102618477 0.0137903925070158 -0.257834007019827 -0.379282911866909
0.0167735442477712 -0.0124761266414485 -0.340110141603142 0.0457331491291409
-0.00337901787134158 -0.0205369877771469 -0.08873658576116 0.200336878905545
-0.00695441631763846 -0.00256704535591985 0.0743580140106726 0.0707196968070044
-0.0150908846472198 0.00721644828709315 0.0664540394899849 -0.0910418830179105
-0.0190134643710491 0.00600191663636684 -0.0620442255812205 0.0995862924262627
0.00406244384355252 0.00982749463167022 -0.0540665120080191 -0.0631613593584404
0.0127223158116945 0.00582679827110964 0.127713002741314 -0.164982648091862
0.00118395035620737 0.0177613288954288 0.288349992962326 0.0521867424379354
-0.0208170313162471 0.0138376219767013 0.0930428065275737 0.447622695620716
-0.0344130847618706 -0.0124835207003235 -0.377070926473852 0.365263839136652
-0.0244813161161021 -0.00963020684217562 -0.395327678681074 -0.017184196162993
-0.0252268536205816 -0.010325989987596 -0.030916529675692 0.0499354387082707
-0.0360222107700123 0.0181485155862165 0.381661400614927 -0.0112133962719287
-0.0044690293354891 0.0261252043367952 0.254907696555851 -0.412916894508189
0.0162599206947719 0.0126097289293207 -0.253010153490833 -0.385969016330502
0.0161722258138326 -0.00894222668844313 -0.342125443781761 0.0363708952602817
-0.00374308802369552 -0.0148133673858975 -0.0905485227372811 0.197951731339709
-0.00637349942224134 0.00280532492994779 0.0744960135647963 0.0730398268552031
-0.0129593041495927 0.0103478027590138 0.065798280334353 -0.0904494881799848
-0.0142526597737425 -0.00561691309653963 -0.06075792060066 0.0919349513283328
-0.00326820520693943 -0.00770771375055739 -0.0877259959308711 -0.0651659350489758
0.00720740312944827 -0.00474394843919849 0.0762226872494283 -0.187488635048934
0.00823512341898679 0.0194975361788302 0.298859015824251 -0.0372578455121807
-0.00839301239659737 0.0184693256165333 0.242940457302383 0.369646888710067
-0.0299237873361137 -0.0154382828461289 -0.217089003056766 0.431113862258681
-0.00184739552817853 -0.0177877777864021 -0.382420184126094 0.0578923110965651
0.0117884949669035 -0.0141843276442852 -0.0662622679311801 0.0357786661793167
-0.0100537090329597 0.00139290300725602 0.382642727833807 0.0533990371113434
-0.00306476331457291 0.00856615832234456 0.388135336176666 -0.342310596104566
0.0154839313568804 0.0166151902016243 -0.109649985811547 -0.456961576041
0.022625271845245 -0.000179478757518312 -0.333715594746609 -0.0516141259227779
-0.00477922655963454 -0.0232912598488305 -0.137481300066486 0.184360252632531
-0.0118733524472973 -0.0153554581289915 0.0417872565282551 0.0746776124955092
-0.00828884658217043 8.73192341529182E-07 0.0683246282887583 -0.102582966643423
-0.0168822550505726 -0.00766790660673511 -0.0597503586815731 0.0930627719809598
-0.00153890814933445 -0.0103185064821235 -0.0814909473206649 -0.0679863207512278
0.0101527613582422 -0.00981952945870853 0.0865387846464994 -0.181572388784779
0.0074093871722102 0.0161891324237409 0.301321171962229 -0.0131816070235391
-0.0137922627926786 0.0191030646966868 0.214098957937397 0.392708882815119
-0.0322764969110914 -0.0168590260758697 -0.24998604410439 0.418623794366562
0.000940257020557773 -0.0164250023078045 -0.382487160555322 0.037601631994241
0.0142536929806776 -0.0113777329467785 -0.0551508476941398 0.0374799873998909
-0.00932266893319262 0.00369256868221501 0.386962080084973 0.0330222600390305
-0.00545760321149896 0.0104271715290806 0.359106537687349 -0.36682696424765
0.0133553811684297 0.0169160004412548 -0.143886775242937 -0.441519125801906
0.0227833095809768 -0.00511371423820058 -0.336204901256909 -0.0273020348985618
-0.00357700815333913 -0.0279923804631266 -0.128162025886476 0.188998339145575
-0.0112999111919486 -0.0173689590067937 0.0469756555192117 0.0719348832085688
-0.0107728586251657 -0.00254410330996203 0.0679772350450969 -0.101578877964932
-0.0199671108086412 -0.00810847348722126 -0.0599782769507502 0.0947272719118249
0.000717078850854264 -0.0111239796066122 -0.0749047125330014 -0.0705220272737855
0.0122260625434713 -0.0127075839925758 0.0973675842975179 -0.175095276006813
0.00745273787630995 0.0135603488522905 0.300675309336252 0.00926155425680921
-0.0186721527580182 0.0188196232016563 0.183681957291832 0.412401539800011
-0.0342558894748191 -0.0172221401531966 -0.287261485265887 0.402371764442461
0.000927277833314773 -0.0144922654442065 -0.385243436463453 0.0182392799099057
0.0123924928841266 -0.00957051040438977 -0.0453220661620229 0.0397853632422784
-0.0116755837486418 0.00616487853429986 0.388118896908854 0.0145980814082172
-0.00791900400340825 0.0142603644647064 0.32380542335068 -0.386615190994054
0.012485688402539 0.0164784552145889 -0.183264817512858 -0.424870721351166
0.0221312399008805 -0.0098877150934906 -0.337927180339858 -0.00181141704274767
-0.00320363388266191 -0.0308395005506475 -0.117143603412109 0.19404468852416
-0.0104424257697981 -0.0172523526019857 0.0535646042205312 0.0697632591919958
-0.0137268703646053 -0.00242778584757199 0.0683743657205702 -0.0994814186069198
-0.0220924278269467 -0.00746655722300683 -0.0592009391139719 0.0962457559338502
0.00234991917206896 -0.00994387417922557 -0.0678005109230124 -0.0706779631129774
0.0157269393418209 -0.0131876891086202 0.107843589072643 -0.169356659422572
0.00616373634247207 0.0124976587572335 0.298397703947294 0.0312517179400618
-0.0222284064010122 0.018007094546493 0.149500891374295 0.430401180101205
-0.0355737671429478 -0.017458222286898 -0.322472154316202 0.385926974546145
-0.00181509944713209 -0.0119948128075795 -0.386010861734219 0.000956282747338563
0.00730026866425167 -0.00775143811418018 -0.0360270234207284 0.0423107900407093
-0.0154866854768309 0.00989871779326471 0.388044627270817 -0.00424884687465862
-0.00915536844584758 0.018245591497543 0.289683477057091 -0.404663920885828
0.0124292156678808 0.016395642842124 -0.216108551659396 -0.406606194490368
0.0204457089018126 -0.0130085364792037 -0.338604462647816 0.0209619387340676
-0.00368941337960518 -0.031520400205041 -0.10596327573092 0.198251119640937
-0.0100307203589165 -0.0157624300381605 0.0605772873903481 0.0676841659186934
-0.0152386482118751 -0.0017450832339781 0.0675566333214109 -0.0970981909004271
-0.0229924795852614 -0.00504312843567269 -0.0595439445068535 0.0975095797001098
0.00411799329121233 -0.00638703391450772 -0.0608603191908743 -0.0703778782164949
0.0170955186275859 -0.0110660888852113 0.11687353934527 -0.165251435218321
0.00564695975284467 0.0119476320306086 0.293479609841484 0.0481603840422012
-0.0249739669601945 0.016828961209936 0.118412015225951 0.440536632051406
-0.0363852018361175 -0.016724501063227 -0.351324867684953 0.369902213259277
-0.0057655365748633 -0.0110856935501553 -0.388488183830362 -0.0143897629271382
0.000192197279225479 -0.00721955110235919 -0.0289255210513603 0.0451177047320881
-0.0208084349579513 0.0134649870854857 0.384556362217073 -0.015367547141386
-0.00903750989805449 0.0215828948852973 0.261459085702883 -0.416249136387314
0.0127178078037322 0.0156672115451712 -0.240288903396475 -0.387637239249041
0.0191986476966048 -0.0149943378776573 -0.337666592363443 0.0388838839001574
-0.00354394939805902 -0.0293150467670105 -0.095101526639585 0.200005129585675
-0.008718542433587 -0.0116793810907397 0.0669784116221501 0.0664333240730259
-0.0164807609764091 0.000438229599681014 0.0674568354773245 -0.0947996599768003
-0.0231207272719186 -0.00139041648999798 -0.0589233290508379 0.0989996698499975
0.00511236243744245 -0.00169370573874223 -0.0563086028748428 -0.067879369279781
0.0172100385554935 -0.00654682972992 0.12369430335573 -0.162145161687528
0.00386974569091451 0.01289044368465 0.289283695929991 0.0575341181360621
-0.025352595044882 0.0154976128694273 0.0976032219479281 0.447500062682348
-0.0363993125275371 -0.0152961654359204 -0.371259296870909 0.361375306032606
-0.012337781467746 -0.00994275412782758 -0.389913733133293 -0.0210396742578396
-0.00848361251923768 -0.00722410670573517 -0.0252914238080933 0.047616722780368
-0.0257314371398294 0.0163118813995053 0.383574780015816 -0.0249255920065985
-0.00784886604804076 0.0243987487906868 0.243004389546951 -0.421334326423293
0.0132382481323961 0.0144926465778262 -0.257213952010272 -0.376307151703999
0.017649502205729 -0.0149303773861069 -0.338060333736828 0.0492524817832164
-0.00375360399526402 -0.0258360094927773 -0.0884555367227501 0.200930477105706
-0.00808320689711833 -0.00765797314346723 0.0715303243146598 0.0674730023435054
-0.0162457237193967 0.00379027754522134 0.0660114949074744 -0.0927520646423675
-0.0214618005056874 0.00286579295914583 -0.0598147598816343 0.0998801868251883
0.00533455439650589 0.0038371812520699 -0.0540743670973126 -0.0651489787838598
0.0158450488655352 -0.000790582408858903 0.126485943967947 -0.16282723660628
0.00263537411888474 0.0150571756543726 0.28777901062643 0.0571647691125599
-0.0238145668390649 0.0144060211127738 0.091133248454105 0.448446766211686
-0.035883364143488 -0.0134828965657984 -0.377321070237511 0.360173822023654
-0.0186091214549062 -0.00945189610247271 -0.391464172832137 -0.0197833278842995
-0.017448282044485 -0.00840425196100638 -0.025696855273487 0.0492363324797753
-0.0304602877282166 0.0182375508997797 0.380993513270499 -0.0236822890889856
-0.00602752815925967 0.0260052264245117 0.237337830354269 -0.41991290252216
0.0144967160863634 0.0131720056385932 -0.263511262805421 -0.372326806676931
0.0170310019158023 -0.0125475373414895 -0.337752612398745 0.0500013628005137
-0.00381851368173252 -0.0204028346215497 -0.0855394267366518 0.200868532792742
-0.00687835856342868 -0.00248437814183188 0.0746122574427649 0.0693391771629676
-0.0152443589732208 0.00676385289360912 0.0655137733922303 -0.0910915012647756
-0.0190249883532245 0.00626179669539747 -0.0610083359256786 0.100214349990176
0.00484836586190391 0.00940186936118808 -0.0544535489558851 -0.0623305708246598
0.0128868552553329 0.00589074880664536 0.125382676684313 -0.166398209264006
0.00153309801350967 0.0179736228866819 0.288713881793001 0.0475714984935188
-0.0206255859487251 0.0140074018148859 0.100436426305967 0.443617741542349
-0.0341052917961513 -0.0118677135111945 -0.371170837214599 0.368383575260091
-0.0240136242255839 -0.00890293887296149 -0.394174922507328 -0.0125603230583382
-0.0251205111544685 -0.00971516891347005 -0.0298776294273168 0.0503628315559087
-0.034540524006802 0.0185704956398622 0.379913541859362 -0.0164745556062884
-0.00387152935215376 0.0265008021653519 0.247759416460143 -0.413728855588019
0.0165314395936669 0.0120812723101969 -0.256878444041695 -0.380762462448484
0.0165773510120773 -0.00883212075116688 -0.34003321991964 0.0415907075221374
-0.00418653137868746 -0.0142678964590332 -0.0875425340485444 0.198730191558983
-0.0066623695716621 0.00270500238497085 0.0752379360089336 0.0721320989304033
-0.0131206474861557 0.0102529661688586 0.0649693622860288 -0.0911267944860339
-0.0142081411181448 -0.00521737375275552 -0.0590239324799735 0.0922970285646027
-0.00274006920220445 -0.00765952228389336 -0.0882762750216542 -0.063049712836687
0.00724626807276863 -0.00462765481035081 0.0731186406888589 -0.187275798473032
0.00852202818582386 0.0196274884412521 0.2966148823971 -0.0410281267683917
-0.00831679720455087 0.0185240372353941 0.246077860133661 0.364985613307108
-0.0299425433792406 -0.0152700029502818 -0.210034705219896 0.430786851694984
-0.00125010777574642 -0.0170096897784728 -0.379490121052261 0.0624172855488302
0.0116761310849707 -0.0136374755471015 -0.0652777468462602 0.0370021414512215
-0.00968227707415831 0.00152167313004585 0.381539460220928 0.0484348616179274
-0.00272135913693757 0.00880563094545613 0.381257045886404 -0.346141783088715
0.0150624755844652 0.016246310110578 -0.115417400392358 -0.452115954396842
0.0229030286409546 -0.000493064417597935 -0.333642894036773 -0.0474652184720454
-0.00540293117501773 -0.0230302943404237 -0.134563834255925 0.185278694837319
-0.0119055308950766 -0.0154054874503272 0.0425091089982264 0.0743947215806823
-0.00831694835281275 3.9134917139692E-05 0.0667743815866977 -0.102327839849116
-0.0170452034963055 -0.00699037048020764 -0.0585407653307405 0.0932659298462237
-0.00157895811615337 -0.0101181133758149 -0.0821767283918407 -0.0662583904250536
0.00959951820862321 -0.00921841377132722 0.0834728279408834 -0.181541314207517
0.00780326928467275 0.0163486004139076 0.299238289867521 -0.0172086395786165
-0.013566736019848 0.0186692366396942 0.220414573862903 0.388221271572372
-0.0321120387051281 -0.0168021300302843 -0.245836052070249 0.418903500992521
0.00127814551116372 -0.0161784517568439 -0.380700028942286 0.0420597119155338
0.0140841089726829 -0.0111053457726922 -0.0539906917229634 0.0385669592672395
-0.00843889608484867 0.00330206939323377 0.384310024969073 0.0296843035108853
-0.00531444779506744 0.0103457809058531 0.352254619412283 -0.369632707966421
0.013594926636074 0.0164283693958729 -0.148671648492922 -0.436633634762305
0.0225148096520147 -0.00532810664983475 -0.335612953106114 -0.022576138157864
-0.00418850541726904 -0.0276149374373946 -0.125429493501692 0.190261517039707
-0.0108698433797585 -0.0170003649149601 0.0478427390942242 0.0709027633834229
-0.0110867806284876 -0.00162929248640209 0.0665192837852838 -0.101775525119223
-0.0201711577703019 -0.00761781556875182 -0.0581198449657998 0.0949125877642987
0.000493519212765261 -0.0109998967953455 -0.0756581365004576 -0.0687356644252929
0.0128605727253797 -0.012766222510351 0.0946091433427103 -0.176400866426125
0.00747211476061916 0.0137015674789372 0.299215006858343 0.00507937566346541
-0.017917565227599 0.0186514615947879 0.188182101248569 0.407799417496436
-0.0339584422988217 -0.0167539728489989 -0.280085730609243 0.404239510799028
0.00117974579215343 -0.0139205935644715 -0.382928824945936 0.0231939703663317
0.0127673490968412 -0.00943152601257794 -0.0449557295384237 0.0402069210328719
-0.0111421626648584 0.00620699286291677 0.386629169721801 0.0102621274590466
-0.00761597306090772 0.0143087187598936 0.318393514841509 -0.388462383337666
0.0131667780911285 0.0168892379964734 -0.186778224068981 -0.419610175283131
0.0217056809304164 -0.00996964725335819 -0.336722627755957 0.00314809805495723
-0.00387589571345161 -0.0300801854749838 -0.113766800145405 0.195271228118018
-0.0104903816335237 -0.0171735394086709 0.0544170349238468 0.0685101251965596
-0.0135069191877155 -0.00243940520192004 0.066719851988297 -0.099335366001866
-0.0218071030216573 -0.00675350947472749 -0.0575118440157241 0.096127340855303
0.00254698658059066 -0.0100020900917874 -0.0682063834251406 -0.0691124459070371
0.0156071105374599 -0.0131214022591169 0.105445921130993 -0.169674967225728
0.00679085339373606 0.0124514071113459 0.297136649458909 0.0271857229311257
-0.0222227196231773 0.0179288135641179 0.154053017800079 0.426157226195217
-0.0361030879716669 -0.0168931329059069 -0.315601168503864 0.388795635305882
-0.00133037566609207 -0.011822530374678 -0.384610938760497 0.00639040037615674
0.00749574976302131 -0.00787155429812425 -0.0356351394839684 0.0427979490019759
-0.0151938364209377 0.010050167030935 0.384398439241936 -0.00873995536828239
-0.008852844963055 0.0181872704569127 0.282763112588575 -0.406267511175884
0.0124807699519205 0.0160012812963903 -0.219331648237214 -0.400153285731453
0.0206670515684215 -0.0130225764811221 -0.337060435309991 0.0253036772315985
-0.00392657596075554 -0.0311237652665303 -0.103253021981676 0.198592845150424
-0.0100669595801561 -0.0155380604594677 0.0608448845028581 0.0665065523864302
-0.0155109314655678 -0.00122069194978917 0.066352451366511 -0.0967021919668726
-0.0230965469606797 -0.00419264540467233 -0.0578216198647806 0.098116646543636
0.00474653563192135 -0.00662927914110653 -0.0614204052607224 -0.068516711783737
0.0172886230456222 -0.0108491596526734 0.114495185177343 -0.16585953647117
0.00579767968364284 0.0124450675314933 0.292613369186991 0.0435813370395963
-0.0247958296410346 0.0169094809163139 0.1233832856386 0.437661661707989
-0.0366517847867853 -0.0163818067429965 -0.346013489106414 0.372696119292936
-0.00591621077059918 -0.0104842280980903 -0.387046077506852 -0.00983332363913634
0.000274024037739996 -0.0069438315625828 -0.0281813576881395 0.0454983731935305
-0.0200366947572153 0.0136737484905498 0.382258244728887 -0.0215934067695271
-0.00894278430739323 0.0217918149290402 0.255681832411688 -0.416786919796779
0.0125414974293992 0.0151869752383663 -0.244476325987647 -0.380590899284264
0.0187085709365002 -0.0153229507154706 -0.336123814394053 0.0438271934568824
-0.00440668926567183 -0.028843814555436 -0.0919642036559768 0.201226740415145
-0.0091237682742007 -0.011949587930819 0.0677029952132835 0.0659671090916213
-0.0165899966828103 0.000556187309123572 0.0668256179583955 -0.0946428095157945
-0.02258521699497 -0.00117532891190437 -0.0571934067334004 0.0996195451292358
0.00547471706839426 -0.00206766939956579 -0.0566104481330997 -0.0664153382668664
0.0170481824998165 -0.00682309917619108 0.121331108985337 -0.163600518211181
0.0046895279471643 0.0130772378829636 0.289062660026783 0.0530173935198756
-0.0252721463721271 0.0155596360708736 0.103942940304798 0.445313174830977
-0.0366323405685523 -0.0152779024947298 -0.365047265185272 0.365069387977575
-0.0118010389093538 -0.00953999182877874 -0.38847176064906 -0.0156653709716878
-0.00841494779307267 -0.00679711186853056 -0.0244495179813479 0.0474238946615754
-0.0247245511228386 0.0166652679491308 0.381604528647998 -0.0308947142632685
-0.00770742651511095 0.0241446787167037 0.235678147863038 -0.421810333867096
0.0136051969472476 0.0138863971164992 -0.261868861644717 -0.369543849574367
0.0173140353837456 -0.0146731531838115 -0.3358215243353 0.054024657286977
-0.00408300409277034 -0.0252607059393358 -0.0851234170839311 0.201268463797996
-0.0083644104548825 -0.00721472650916854 0.0726309944863927 0.0664306942492019
-0.0164667329293204 0.00382528148282992 0.0648089230082219 -0.0928128980982368
-0.021371562761133 0.00298500134728681 -0.0584801070232264 0.100122353509825
0.00540961864660696 0.00322340242280249 -0.0545945156577393 -0.0637607684962694
0.0152580480229438 -0.00046299943825614 0.12506086451579 -0.163700063817561
0.00353261204120605 0.0154008557193153 0.287564643116254 0.05256540819878
-0.0241475028949309 0.0151031056854888 0.0965663452869329 0.445103426710913
-0.0359039379212735 -0.0134640059297471 -0.371699944395539 0.362397366769025
-0.0181243584116094 -0.00928466982350007 -0.390685579860802 -0.0153817085534703
-0.016855903159777 -0.00817926690452603 -0.0250754066775971 0.0498532125628229
-0.0300400915198102 0.0184315692332117 0.379555771591381 -0.0290877513976939
-0.00592521245282791 0.0260665282225203 0.231825357622341 -0.420196454265626
0.0146107887154243 0.0130453901256122 -0.266269137129753 -0.367218002935519
0.0167336249771579 -0.0128085293101239 -0.336017195965505 0.0547698151777318
-0.00414535305895398 -0.0201327803819389 -0.082303649906368 0.201067332465829
-0.00713469680694191 -0.00222697310856481 0.075084388323598 0.0678662959512935
-0.0149515725161766 0.00713820213880826 0.0643350820889294 -0.0914923826168585
-0.0184941456010153 0.0066150168623427 -0.0589765398396834 0.100159729393629
0.00515540460830799 0.00897870292669433 -0.0546756862991729 -0.0609837231859496
0.0128624859003219 0.00552537380746525 0.123441730731403 -0.16727460017198
0.00229955859253282 0.0178330324627405 0.288198127540296 0.0438111495230971
-0.0208215046389922 0.0142129214832504 0.105581673841477 0.441493226187905
-0.0342832256543518 -0.0115493452903729 -0.365228109016349 0.371072377407542
-0.0237005600871226 -0.00894349001537671 -0.391790800590514 -0.0079605827964831
-0.0244730168262116 -0.00956693080370786 -0.0289705399448368 0.0509280710456074
-0.0336983457456715 0.0188238925896261 0.377813872569721 -0.0210260728997183
-0.00354138928164816 0.0259994916629287 0.241112701750099 -0.413978838528177
0.01630826568839 0.0119680788031749 -0.260228434648536 -0.375400890648364
0.0160244132384377 -0.00924336032999404 -0.338182422219653 0.0460149696532258
-0.00425785053910763 -0.013928087559826 -0.0845380419860885 0.199184308799861
-0.00631972713128149 0.002886634719808 0.0762459129708391 0.0707228247972762
-0.0129698965263928 0.0103711317368457 0.0637119058223456 -0.0909095099584627
-0.0141495399852847 -0.0044268989685039 -0.0577942838006097 0.0919167308441439
-0.0025821383749846 -0.00803441809705559 -0.0885093278276858 -0.0608074059678064
0.0074204668682874 -0.00463690890420452 0.0706155925451343 -0.187362591713445
0.00967739187032078 0.0194081845714229 0.29431602835526 -0.0447867160992466
-0.00840589454317556 0.0182535577009044 0.250861615490471 0.359680441614629
-0.0302536336645216 -0.0151821152897806 -0.203720135737993 0.4309981406516
-0.000887514582649051 -0.0167241616729119 -0.375179886288857 0.0655390671079192
0.0117273291065554 -0.0138421900595556 -0.0647949409239408 0.0377477103500767
-0.00921747172163824 0.00151129857627401 0.378308778781857 0.0434837736645317
-0.0025948508457159 0.00883925762192943 0.375603336319857 -0.34759762902726
0.0152645747754786 0.0155776685874613 -0.120016170546189 -0.447451365996605
0.0231990193577526 -0.000489403558183034 -0.331313462327001 -0.0425872748015324
-0.00532351826611633 -0.0226491036784565 -0.131496204650499 0.186180082742154
-0.0119078818180711 -0.015047908174086 0.0433701013654171 0.0735539845924338
-0.00882259993816207 0.000119067354528447 0.0655518303196962 -0.101613542154962
-0.0168281010965985 -0.00734064138515834 -0.0571877325866613 0.0935217993417717
-0.00129120686780728 -0.0107047732941364 -0.0823754045287333 -0.0645429860002546
0.00971794970557042 -0.00954623868012168 0.0811144120531708 -0.181523975702925
0.00863893182591537 0.0163628029549951 0.297062025530697 -0.0213336968215078
-0.0137194885299686 0.0186915678782069 0.223682462320643 0.383655725328387
-0.0325513126649191 -0.0166842132139126 -0.239219912652739 0.419691307529243
0.00230752006098792 -0.0159604306809398 -0.378558527532498 0.0461128439442819
0.0143485051436395 -0.0114570264791146 -0.0538027838680372 0.0388881652863111
-0.00833215941802761 0.0041151113012998 0.382131628148827 0.0235515964877949
-0.0050139674024412 0.0105194185273429 0.347090988910252 -0.370774532855651
0.0140759708138719 0.0159309907839126 -0.153924099935066 -0.432856393547296
0.0228029142439845 -0.00581092270303797 -0.333898338062985 -0.0181213039135266
-0.00468530980055051 -0.0269648123886837 -0.121209726045275 0.190810802888817
-0.0113678038624327 -0.0166244056082149 0.0480661333717194 0.0705436238163298
-0.0110618843384062 -0.00149799940875668 0.0650048372153903 -0.101426017182771
-0.0201189567242642 -0.00733450556000071 -0.0568669245955394 0.0948357726625874
0.00138039171178876 -0.0116035290148583 -0.076069883673349 -0.0670153256790687
0.0125188168624543 -0.0124258956920038 0.0918580937529617 -0.176138004761941
0.0082628850422088 0.0135886137060028 0.296918969913793 0.00135458871161812
-0.0181809390302379 0.01844535609581 0.192252276990118 0.403028545845919
-0.034338475353932 -0.016468479234135 -0.274415324033892 0.404473562126432
0.00205473002644822 -0.0141220316090407 -0.380754266974899 0.0263682982846995
0.012645448936459 -0.0092447862764869 -0.043681460226965 0.0407523151800645
-0.0108500140428399 0.00633212552799645 0.38448857008154 0.00574618090232916
-0.00732303599930494 0.0140214438177125 0.31113164393605 -0.389748143942271
0.0129587085063895 0.0160806628318834 -0.190907734040075 -0.414340904873072
0.021854387772814 -0.0100507105447711 -0.3349114969362 0.00745903565554582
-0.00420230989640569 -0.0298395515383819 -0.110824607011238 0.195389255537453
-0.0112202131164491 -0.0165669961978411 0.0551180737538864 0.0678799254044114
-0.0138499318701585 -0.0020835581766871 0.0656764543451687 -0.0992201120945276
-0.022300787532551 -0.00626788071238769 -0.0560834420957681 0.0967733412303799
0.00309893361395159 -0.0100569311789982 -0.0686808803409164 -0.0680596615429331
0.0149432850488805 -0.0131146524449307 0.103251916883966 -0.170152743092662
0.00744437246611707 0.0127416191336267 0.295217010631635 0.0222903740742277
-0.0221104651872897 0.0181672405538324 0.159747382786462 0.421928335528365
-0.035879743229192 -0.0165911811074189 -0.310173657854459 0.389534143518015
-0.000893322309573241 -0.0119396927485883 -0.382196383335001 0.0102307749803663
0.00805820771744069 -0.00786639700791088 -0.0345132907308447 0.0432354280395765
-0.0148798612247279 0.0099342063602822 0.381701357172979 -0.0119438491432592
-0.00861840258438729 0.0180358663315542 0.277168877479301 -0.406683054655819
0.0130852684081213 0.0156899753945354 -0.22415373448679 -0.394567666545328
0.0205191014445699 -0.0131980635665542 -0.334637124040805 0.0290419963435412
-0.00437548496359399 -0.0302641262807771 -0.0997123474311932 0.199111433089681
-0.0104752127383706 -0.0152125114657436 0.0615051051790319 0.0664016831857229
-0.0159877201242844 -0.00105961608546529 0.0650539128158101 -0.0967043400403122
-0.0231401530852126 -0.00429672187333467 -0.0562825556097947 0.0981925652635493
0.00487320060619396 -0.00689132901003053 -0.0618131952851262 -0.0675740588169374
0.0171525069339502 -0.0108750265005881 0.112552959492408 -0.166525893041479
0.00645938181431592 0.0121561592322902 0.291202398306133 0.0395839711893717
-0.0244680327657745 0.0172682589072079 0.129568511293945 0.433801643010438
-0.0364729069405569 -0.0157230650923951 -0.338917180926128 0.374139647326727
-0.00509624120901209 -0.0103525786323862 -0.384358365913414 -0.00535418094562843
0.000576062057468431 -0.0066602928943635 -0.027240816574677 0.0454685592333466
-0.0195535257490058 0.0132199272659588 0.379685385976251 -0.0257725130330943
-0.00835325113514837 0.0217188070802614 0.248739204535724 -0.41633934715787
0.0132298940138207 0.0146828553395468 -0.247911026414264 -0.376544515099311
0.0183041338075645 -0.0156568533295529 -0.333964001719608 0.0478902468988794
-0.00440186841431383 -0.028530916219949 -0.0893282313989361 0.201133115784786
-0.0094368462723912 -0.0117271014303353 0.0680663832802671 0.0650393439199738
-0.0165082380330829 0.000849908444861493 0.0649917723594459 -0.0950611002365488
-0.0231407737770807 -0.000639354881374613 -0.0558825673443087 0.0995156473465365
0.00609935282507621 -0.00220490570263802 -0.0573862666008539 -0.0653374096280766
0.0169968258580559 -0.00616286217507125 0.118819267226026 -0.164097232096126
0.00544972720333102 0.0133675524566429 0.287982236810218 0.048858313071053
-0.0251465177452425 0.0154591672312292 0.109875749449849 0.442064057978069
-0.0368786256113713 -0.0145955379879878 -0.358571755477922 0.366186083278226
-0.0110009024413654 -0.0094278000392059 -0.386797554837544 -0.0118132488911941
-0.00809385750332915 -0.00657345384698131 -0.0235437890852087 0.0485915808455688
-0.0245691287786688 0.016537427004665 0.377692353173422 -0.0330628165980882
-0.00697046872745018 0.0243453781253379 0.229364395341581 -0.4217600927772
0.0136159516957385 0.0134973912113084 -0.263597513188945 -0.36363278814624
0.0171697346362578 -0.0148721869108292 -0.333081233264498 0.0577820372765116
-0.00461119667619496 -0.0246420861686099 -0.0822620170106799 0.201462949212538
-0.00812340689158539 -0.00664979528125911 0.0730775448994377 0.0655747186288778
-0.0165005357981031 0.00386081288130692 0.0637455399720677 -0.0930101027392677
-0.0214332193448176 0.00362230539997711 -0.0569165248226883 0.1000994123442
0.00620791666931394 0.00280338375551565 -0.0545365983219444 -0.0627344814197253
0.0150767212663864 -0.000910179125179451 0.122655324983326 -0.164355276768219
0.0039281621538875 0.0155848352345133 0.285737186138151 0.048061737720339
-0.0238671354498473 0.0147656004995878 0.102257735506686 0.442411348136931
-0.0360921665735728 -0.012917499193125 -0.364871078492023 0.364842936245682
-0.0175737863271396 -0.00888497175189036 -0.387908360711446 -0.0119986596114227
-0.0167029661658468 -0.00748574582312597 -0.0240306373842391 0.0496756129046746
-0.0293588095602942 0.0188803205775769 0.37526924956291 -0.0324909783758493
-0.00492918742890212 0.0257215921567974 0.225241843365138 -0.420524033891853
0.0150000828723882 0.0124711769897322 -0.268092360440529 -0.360396030413341
0.0162887592918031 -0.0128656602950648 -0.333084681294918 0.0590451750272223
-0.00459077284344204 -0.0196846471116537 -0.0792735752949213 0.201141606097646
-0.00710695833231815 -0.00229266209417038 0.0757342260545497 0.0672853345028426
-0.0154687546276001 0.00701113867434311 0.063304810461368 -0.0912761764375058
-0.018733363868412 0.00717580521761201 -0.0574214971202831 0.0999702011533367
0.00541080978821826 0.00812883950147652 -0.0556364159802004 -0.0592973832615377
0.0128080737179823 0.00605451688544678 0.121263891215436 -0.167668905338149
0.0028269957203853 0.0179571414262331 0.286658483187677 0.0394431711433473
-0.0208071421347258 0.0136806134230285 0.110906107365203 0.437228736528749
-0.0342394255298875 -0.0112013001301023 -0.358031103847333 0.374795629433881
-0.0226940196910042 -0.00821317680029175 -0.389811881579396 -0.00380953880667315
-0.0243935655854908 -0.00940969613715643 -0.0273517630201634 0.0507500506270682
-0.0337072092325848 0.0191301112604322 0.374896679739595 -0.0250525333510705
-0.00328325078896572 0.0258349564536119 0.233982292107897 -0.415746650805627
0.0167334012509155 0.0114903656047137 -0.262972138884013 -0.36866739638931
0.0166444772590829 -0.0091022963312695 -0.335415439920295 0.049689727834441
-0.00459256757172689 -0.0138676639401937 -0.081212760214567 0.199458997523218
-0.00659973289510498 0.00300655520429853 0.0763392835819627 0.0696101022639737
-0.0130764144430834 0.0104802751801068 0.0625088609463802 -0.0904065405339747
-0.0142736277458782 -0.00481558262304278 -0.0569558331731743 0.092135091101606
-0.0021149763544032 -0.00820692895273183 -0.0884399723005688 -0.0588588943144781
0.00711119467127135 -0.00449958329784635 0.0685078532961616 -0.186600085960028
0.0096612153964652 0.0194848048601363 0.291778712861415 -0.0472985001257098
-0.00848825491008315 0.0182604640872015 0.252800964317208 0.355812861472603
-0.0301483196552672 -0.0148669172514739 -0.198879953621829 0.429706991942435
-0.000639130698312655 -0.0167717377030568 -0.372637131212663 0.0685275949225651
0.0113536090362679 -0.0137982092011198 -0.0636736586429345 0.0382872424142758
-0.00893770702246101 0.00182721999234877 0.374950656779297 0.0397251466245643
-0.00224811421173447 0.00852572448926166 0.369301184077773 -0.347379885200126
0.0154428118284501 0.0154379830205613 -0.123048342258717 -0.442842738535784
0.0226521076260196 -0.00102671392602365 -0.329967956406621 -0.0388744444314462
-0.00572047117357221 -0.0219462413976628 -0.129064713423285 0.186827293824686
-0.0121067850433523 -0.0145337160944252 0.0441991959335559 0.0732966926262711
-0.00909511022280659 0.0003178671799333 0.0640984950234959 -0.101892122312602
-0.0170461334882824 -0.00650535719762167 -0.0558648572199693 0.092923590557171
-0.000737908488015623 -0.0110443872097332 -0.0826502632721223 -0.0632268558093765
0.00934224980856443 -0.0096241446250314 0.0792874183030357 -0.181052118476289
0.0086413586254614 0.0166992515716777 0.294751020470053 -0.0238563275176427
-0.013598358826185 0.0182982812612885 0.226410376101106 0.37842938528143
-0.0324259488553406 -0.0159260841296108 -0.231923147192339 0.418960193496494
0.00233457225324268 -0.0156140187313906 -0.375248498186436 0.0495357707665493
0.0144036942358214 -0.0112398459684233 -0.0530185002512946 0.0396762287967212
-0.00796215278147685 0.00401668823329895 0.378762959468556 0.0197630941909479
-0.00504341722036459 0.0103654756768347 0.339021196149256 -0.369569162836869
0.0139672049284185 0.0157848539861987 -0.157388792382567 -0.427435995470954
0.0226512236874555 -0.00568120722145185 -0.331911252998862 -0.0146079008929744
-0.00508770509679871 -0.0267687102426992 -0.118850840086817 0.190904784198423
-0.0115684817614454 -0.016530282790905 0.0490288615813905 0.0697070408979095
-0.0114806400312542 -0.00152674517693434 0.0634604054213322 -0.100660744128641
-0.0204125736033874 -0.00679126480113402 -0.0555944398539164 0.0946267909447617
0.000760269492007552 -0.011940417364053 -0.0763182169556136 -0.064868626713925
0.0124027827795761 -0.0120423634610352 0.0903204636120804 -0.175743179779538
0.0084264372047538 0.0137636009627483 0.29457130483531 -0.000870688467980094
-0.0179304851876899 0.0183138391235145 0.195886877210959 0.398914464511126
-0.0346342812242069 -0.0162803231029046 -0.267627909224389 0.405126569959822
0.00214399377248034 -0.0140215962876892 -0.378192555123199 0.0302880225996458
0.0130623270057804 -0.00935618146227059 -0.0429330179822343 0.0409132827119848
-0.010372839718029 0.00668180701116097 0.38058645101419 0.00134700217152218
-0.00723985314537504 0.0140499290523073 0.305834463794027 -0.389835313835373
0.0132506345973538 0.0157358729392681 -0.194645774231629 -0.408796582363431
0.0215041932908297 -0.0100985362814544 -0.333029028912192 0.0105532709588095
-0.00437474782553398 -0.0292694020208063 -0.107835073459951 0.195131860842198
-0.0111031292554282 -0.0166792876903269 0.0548539876923948 0.0667355893957597
-0.0143336012254908 -0.00203393493456875 0.0644595011051887 -0.0987172847468787
-0.0224318334469081 -0.00575047187607155 -0.0544799373224852 0.0962632080645149
0.00333552014093254 -0.0107803047960395 -0.0689535151773807 -0.0660957362017168
0.0152964100853202 -0.0129549757881563 0.101007835409452 -0.170218069666949
0.00807187507548878 0.0123580539230735 0.293132079163495 0.0195256803869966
-0.0219519046723539 0.0175306289674921 0.16311074380818 0.416786455064057
-0.0363226940009849 -0.0160246511616056 -0.303997265338902 0.390718917726345
-0.000459150951230122 -0.0116460981976932 -0.379853146854419 0.0131299524763272
0.00790780910718999 -0.00770839120409152 -0.0337729783671471 0.0431297843932015
-0.0143219658431667 0.0101273107965462 0.379198279692448 -0.016836640258522
-0.00765323280557044 0.0179433572658614 0.270054995861438 -0.406151181129739
0.0130009878231447 0.0153445010891795 -0.225493449608311 -0.389351520285764
0.0200266483021539 -0.0134539407947979 -0.33237183414078 0.0333644508295351
-0.00495535874063635 -0.0298902236212092 -0.0966630059566524 0.198617307445791
-0.0103401749216471 -0.0148705933707138 0.0617194151697657 0.0649860017815753
-0.0161239486449702 -0.000998701512595959 0.0639089842866665 -0.0964021854337272
-0.0231328454037486 -0.00352502490630289 -0.0547508476103176 0.0975285466382262
0.00515484677258136 -0.00765581853644938 -0.0627475187879454 -0.0658000117928541
0.0168089742748191 -0.0106439690532218 0.110339298851585 -0.16620813788374
0.00716665584973632 0.0122006759253998 0.289988239517324 0.0364707563900785
-0.024380969973678 0.0169650566950368 0.133923357777145 0.429120119959213
-0.0368423577933035 -0.0154348161253728 -0.332911299835393 0.37617453998636
-0.00491145299986277 -0.0103922725504351 -0.380582185906478 -0.000709251493899805
0.00112072253506248 -0.00684201785530318 -0.0264985086361135 0.0459960484051117
-0.0188321382145793 0.0132661225362627 0.37630879344397 -0.029416525710306
-0.00798726172217201 0.0214803428202597 0.243934601992322 -0.415167010939632
0.0133187575801097 0.0147429690088475 -0.249502164615257 -0.369958280553972
0.0190525632368306 -0.0158641315697368 -0.330753397171182 0.05077864431236
-0.0044584265717924 -0.027872861921602 -0.0862081920316726 0.200560680031085
-0.00985971654602631 -0.0113389596730407 0.0685794406028804 0.0638929240544908
-0.0168100704031409 0.00065733770396428 0.0639144927807107 -0.0944235596905316
-0.0225718250678912 -0.000231765057045703 -0.0545424928820244 0.0991574643758543
0.00611584996977712 -0.00275568113900515 -0.0571901709770576 -0.0639146729607046
0.0165011960260181 -0.00654975516643981 0.117073490014075 -0.164259700288291
0.00548221602836406 0.0131306619010289 0.286829921676144 0.0456472941704628
-0.0247237416826932 0.0153791609234066 0.11286894256072 0.437044081833618
-0.0369293028947024 -0.0143586852008856 -0.352829086489329 0.36796294131463
-0.0108649356299797 -0.00913628733068199 -0.383195451463377 -0.00813171237964517
-0.00747195131326011 -0.00640249964530555 -0.0224904433686135 0.0482724900530591
-0.0243414169335662 0.0169759137562026 0.375045893102974 -0.0375869351573538
-0.00687999299366495 0.0242917922415434 0.22377913522854 -0.42002898878217
0.0139761236960132 0.0133416572177113 -0.266116150177109 -0.357994436140898
0.0175424271226145 -0.0152661047697759 -0.330220392968983 0.0610193085774095
-0.00468259395421098 -0.0246108996956923 -0.0791150315026016 0.201272226073947
-0.00845242757022034 -0.00709580645121497 0.0733894108671106 0.0641885372443979
-0.0168750620703521 0.00390388852633717 0.0626975547247744 -0.0925162314133597
-0.0208792339928158 0.00394295991483731 -0.055312499101217 0.0998692335175467
0.00658902362951844 0.00262080392551411 -0.0549609190015245 -0.0613542961350322
0.0152563952231167 -0.00112788806142669 0.120403741677186 -0.164798385698126
0.00435046851975907 0.0154623658037065 0.285091979853989 0.0452338049434793
-0.0231128935829995 0.0151326581627984 0.106752892403252 0.437836374715465
-0.0359185123403559 -0.0126030138403859 -0.358064610026626 0.365775466288312
-0.0169983814227349 -0.00906998002560579 -0.385379255952299 -0.00862785266080732
-0.0166753160939384 -0.00743307100618202 -0.0226818261440806 0.0496438624985289
-0.0291731972009708 0.0188315308574281 0.372872910321023 -0.0366068865985073
-0.00481925430836886 0.0256249990774236 0.218859780803758 -0.417895899747714
0.0151789941204323 0.0124660405073542 -0.270392245241857 -0.355236498722158
0.0168917097025172 -0.0132669538329051 -0.330912087294233 0.0626860860890875
-0.00459268636028618 -0.0188803855759067 -0.0761811948939483 0.200339806203853
-0.00744759729794645 -0.00188998071840432 0.0759501000545614 0.0657598503977141
-0.0151635031051752 0.00728754788476851 0.0621859797238361 -0.0908154901874226
-0.0184275984166263 0.00718214423472213 -0.0561091397473312 0.0994639822747761
0.00569264137351313 0.00780734197011067 -0.0548803426362076 -0.0584300504741292
0.0131151565729622 0.00542430463443338 0.119107585468717 -0.167831243081953
0.00346354247815628 0.0179795602996636 0.285210956076209 0.0366845477579761
-0.0205516778802091 0.0140982203911515 0.115926153119254 0.434623787830759
-0.0343534652432303 -0.0109865115202371 -0.351178512662895 0.373290209428877
-0.0222744323639371 -0.00850361123064213 -0.387151244090158 0.000745657698560214
-0.0236868957478688 -0.00902860503689382 -0.0268115307364734 0.0507069845068803
-0.03307253465791 0.0188805086703412 0.37151401119296 -0.0286153156453168
-0.00278712152030449 0.0254150557267217 0.228683994656522 -0.413129577030991
0.0167022456835515 0.0108692502765432 -0.26464699818552 -0.363254664366823
0.0162738480941082 -0.00959004993488182 -0.332692031217477 0.0531326613864519
-0.00441572397683162 -0.0130518570311088 -0.0781279495326933 0.198888817141443
-0.00641519379609991 0.00262315463788699 0.0765367840904279 0.0687411491031799
-0.0133224905328627 0.0104925863719338 0.0614749535905942 -0.0906228643825385
-0.0142868854826037 -0.00383269552321859 -0.0552555378432574 0.0913848790120171
-0.00179023411846431 -0.0086449858242149 -0.0883450286932913 -0.057726271332248
0.00715449766906909 -0.00469651264956718 0.0660262845922082 -0.185646080447246
0.0101242405597329 0.0189183485567307 0.289260957929186 -0.049363916958147
-0.00823965285731715 0.0174273860431837 0.254897233183432 0.349442883940693
-0.0300841946622738 -0.0147695765245035 -0.193775251443398 0.428887876578564
-0.000101566571020758 -0.0163865245577218 -0.369404906854427 0.0722758240989388
0.0115495504901444 -0.0134848388695242 -0.0624605103955017 0.0387395294888746
-0.00881955412030865 0.00205334853238839 0.372443487564017 0.0365117219607135
-0.00266221129006733 0.00841646973295322 0.363684764636011 -0.347169028068242
0.0154301422430329 0.0153730185020458 -0.125698600665851 -0.438387508001851
0.0229176793632004 -0.00154295736696012 -0.327915289879583 -0.0351362393630698
-0.00617768374555281 -0.0213804698145329 -0.126355606469157 0.185845009981364
-0.0122008643950167 -0.0141521129841662 0.0443362639949247 0.0725441441047205
-0.00916718590030842 0.000650349364356099 0.0630844225962335 -0.101078362735897
-0.0170529713821173 -0.00612264095270433 -0.0548074768915723 0.0926542036776766
-0.000366017558634801 -0.0109517289619511 -0.0825227679577001 -0.0613108012592113
0.00950329557398047 -0.00955919387519984 0.0777608818206674 -0.179972234542585
0.00935272941817281 0.0165387017930246 0.292511239443432 -0.0259559778811605
-0.013150287829838 0.017904639020334 0.22893735970419 0.373390480391118
-0.0324328337812794 -0.0160913466838172 -0.227978183457389 0.417552635155222
0.00269080348791398 -0.0152794340915707 -0.37233398834947 0.0513954619536912
0.0145851992296943 -0.0114106230025838 -0.0518619948058833 0.0399750773771315
-0.00785428468338744 0.00357805993795268 0.375512032558528 0.0184236848596332
-0.00437647348869488 0.0104768743563197 0.335600922930935 -0.370994901065858
0.0142039734741823 0.0155659948102571 -0.158752109367475 -0.421579552538662
0.0225304905315242 -0.00582075920160983 -0.329478886894086 -0.0112511135386845
-0.00484610032655335 -0.0262556975754245 -0.116592320646014 0.190429982492282
-0.0118074532707672 -0.0162261456233754 0.0490159935160045 0.0690294089551687
-0.0117150966113069 -0.00129442887037208 0.062935337354583 -0.100597605336137
-0.0204889935300244 -0.0067159014029444 -0.0545663845928642 0.094189291026716
0.0015508075264822 -0.0120044413666537 -0.0764088019496944 -0.0636893018989168
0.0121472113484345 -0.0121400085886658 0.0886722586472687 -0.175303846799146
0.0091040180891866 0.0137556631643742 0.292785611556986 -0.00408186272363862
-0.0178969237768449 0.018103960072443 0.197411763007418 0.3945644340465
-0.034706871029423 -0.0159775671681769 -0.263387444517293 0.405081149156637
0.00244620952927996 -0.013668245646696 -0.37450763085142 0.0338785805524602
0.0130001554590993 -0.00940093309362905 -0.0418015404892991 0.0414171735462564
-0.0100200853356392 0.00653093428108977 0.377214975845129 -0.0016736868879256
-0.00675159402160572 0.0136647847453094 0.300340351737528 -0.388094610817906
0.0135112183944293 0.0156317286180417 -0.195172994352542 -0.403633343410405
0.0217543596499186 -0.0104607362541213 -0.330540303866952 0.0136269726318933
-0.00502845660777862 -0.0287509149372047 -0.105784398844657 0.194984322242644
-0.0111295597014376 -0.0162812053888954 0.0553969541903939 0.0665338011123072
-0.0143716873895171 -0.00199255249343643 0.0633330137776 -0.0985210802541232
-0.0220492439507301 -0.00539255877574855 -0.0532913230893093 0.0955493454122127
0.00354226982320677 -0.0106984176835685 -0.068897590869351 -0.0648182623519764
0.0149303621656462 -0.0130690151789787 0.0993695961852943 -0.170285470105652
0.00846430526378897 0.0125276556210501 0.29136476032455 0.016759876302992
-0.0213935788144293 0.0177126313693903 0.166207277034605 0.413281212304173
-0.0357150275531767 -0.0158021799252451 -0.298832838614408 0.389228294144724
-3.5453943351374E-05 -0.0115995076453426 -0.376832311695319 0.0158898059688559
0.00777631160723571 -0.00777270995200404 -0.0328350178916018 0.043661483083434
-0.0137603660217989 0.00962796906948336 0.374635182665307 -0.0189988733177065
-0.00805184946212471 0.0178631753758015 0.265760966068049 -0.404393994231332
0.0131764504939254 0.0150003192008416 -0.226571391412303 -0.384845655335906
0.0203976533941011 -0.0137272308842234 -0.329733076055078 0.0359115399500144
-0.0050598161008614 -0.0290244103307094 -0.0944664569658914 0.198545096668541
-0.0107303850705334 -0.0148684457042024 0.0621374977816056 0.0645503337617907
-0.0159678130977363 -0.000852380268914541 0.0628952265836265 -0.0959408813517355
-0.0229893410890769 -0.00301971573306385 -0.053881051129201 0.0974090751188977
0.00541450611317304 -0.0078695749266864 -0.0627409401236456 -0.0644431457274486
0.0167821934645614 -0.0106291909909122 0.108277872696257 -0.166691232369882
0.00694532600744836 0.0122262851384815 0.287568887287227 0.0335532184001641
-0.0239850130175065 0.0169026800508501 0.13672968720979 0.425670438439804
-0.0367442897324366 -0.0152919714951965 -0.32779200710472 0.375242035168335
-0.00449040748100961 -0.00983597977857482 -0.378265424239712 0.0027442234329442
0.00124808189912987 -0.00668472972592167 -0.0253762184912649 0.0456359854175337
-0.0184030756714383 0.0133892762242625 0.372935033162205 -0.0319568542769258
-0.00776394301281388 0.0212580357641674 0.238415393994316 -0.414260817870233
0.0132165868747388 0.0142879966108359 -0.251183673401642 -0.363900905818142
0.0186033423137064 -0.0154820222134594 -0.328376302308509 0.0534492660210138
-0.00545006525412784 -0.0273488647132138 -0.0842858334416552 0.199894869360156
-0.00979098709659017 -0.0111923821541308 0.0685289062019284 0.0632659170398455
-0.017127957451731 0.000806079871034027 0.0632224865618911 -0.0942129421138405
-0.0222720845210038 0.000664242060780647 -0.0533248589750849 0.0983391586990704
0.00624983316939382 -0.00311306846985118 -0.0568397493049683 -0.0629673764595434
0.0166783610337286 -0.00660179047761007 0.115283795371377 -0.163774121276158
0.00621399454951179 0.0133524714997943 0.284843413777452 0.0425401293898245
-0.024591486108268 0.0154683743442507 0.115445131426605 0.433623768786845
-0.0364307460054088 -0.0140128790322177 -0.346827414317357 0.367152225595527
-0.010024323002775 -0.0089514146732699 -0.381230750550755 -0.0038945844120123
-0.00692932971609349 -0.00647478778649144 -0.0219944974636519 0.0483039005034636
-0.0237402474129247 0.0167568886472632 0.370701975969136 -0.039650541629355
-0.00616358683338061 0.023992193913968 0.219451370646243 -0.418581907920581
0.01417355940411 0.0131767796381021 -0.265944484333827 -0.352065779585487
0.017144447676308 -0.0149841705021182 -0.327271634109249 0.0633180508016548
-0.00502055164387625 -0.0237707734964862 -0.07687896958935 0.200907334557396
-0.00840880711047208 -0.00723265325830813 0.0734142539234994 0.0637426428713306
-0.0169462180848606 0.00417654350296288 0.0618133012133063 -0.0915279665344323
-0.0207432999557797 0.00389023094145241 -0.0540440597604479 0.0990476680772278
0.00671393929849809 0.00169165608760512 -0.0546884436097325 -0.0600626716687333
0.0149057543559547 -0.000742648484481682 0.118670280543958 -0.164589026950238
0.00535578328535148 0.0154583655267845 0.283446518993205 0.0427962424359642
-0.0235198834507775 0.0148051919805428 0.109320952329045 0.43388303750667
-0.0360727098752826 -0.0121907844431141 -0.353101574264411 0.366311093507443
-0.0165325260918869 -0.00844422410995522 -0.383065367499964 -0.00521977324754595
-0.0157687220907992 -0.00703160890087021 -0.0220241393208415 0.0496165876389712
-0.0283708018350966 0.0192511216854722 0.369515007119359 -0.0388903183740381
-0.00455655024754562 0.0249895629881393 0.21440918958075 -0.415875265379198
0.0151103126545371 0.0118575382943229 -0.270148550798373 -0.349109895870729
0.0163094958309047 -0.0131710981604179 -0.328505026245101 0.064462432604683
-0.00481958375163906 -0.0185436496373425 -0.074497076585847 0.200034749875961
-0.00736780202449194 -0.00227236243964717 0.0757836338857938 0.0652618803687691
-0.0152917795110727 0.00752636331698292 0.0615450617956559 -0.0903789202575633
-0.0178550359703173 0.00754362715523688 -0.0545655443787595 0.0987106343836989
0.00632738340545257 0.00727843363468405 -0.0553487527220638 -0.0574856554240635
0.0133239997314702 0.00553435453545509 0.117499262651968 -0.168091914483658
0.0041967497155552 0.0184555689925534 0.283958923247554 0.0340707502886151
-0.0205446506172387 0.0145500215372681 0.118833131389203 0.429140070341837
-0.0342653779639274 -0.0107068408828225 -0.346439771165801 0.374921043917808
-0.0219508278829435 -0.00803338144755477 -0.384876598848989 0.00308444480073712
-0.023176631999373 -0.00836158547631272 -0.0261295390737891 0.0503719440672359
-0.0321823310087253 0.0192666654354 0.368720964990358 -0.031804627780097
-0.00269565793610278 0.0256874000534486 0.224829378622616 -0.411868109671354
0.0166137051119663 0.010435349678294 -0.265190383846356 -0.359779213198316
0.0165439800152081 -0.00955225323809539 -0.330259465787616 0.0562649618837211
-0.00460750149205068 -0.0130055039653171 -0.0764848037457176 0.198516165770753
-0.00668316650634372 0.00259271602108957 0.0766750653289427 0.0676821998359868
-0.0132391705815901 0.0105268746966183 0.060805943946593 -0.0903575352654108
-0.0141550740476159 -0.00341758867867899 -0.0546319362421944 0.0911824136326924
-0.00126668677466946 -0.00893391180223501 -0.0880642869685736 -0.0559802819805089
0.00728429712553128 -0.00440025021198157 0.0649826018895376 -0.184798407336486
0.0106286954777049 0.0193525159489659 0.286631920554235 -0.0513231985462256
-0.00813918014349964 0.0176682584074842 0.256382789532964 0.345684083933535
-0.0303630573268669 -0.0147325683163715 -0.190770566449599 0.426721017893608
0.000726465527590683 -0.0162380228096907 -0.365929571222279 0.0728438127284092
0.0121028751722546 -0.0137970888428522 -0.0618626679002121 0.0388157522400351
-0.00816754275221478 0.00169327658907494 0.369778770405843 0.0332170947576335
-0.00253139369803838 0.00798610597459512 0.359252576501245 -0.347286805448209
0.0155711882163857 0.01486787555294 -0.126849559401456 -0.434044914688614
0.0229999625796598 -0.00133272870335214 -0.327035616900612 -0.0332018165859862
-0.00600886457462588 -0.0207489993381491 -0.124054340913831 0.185797090901811
-0.0122753969490266 -0.0139438972123739 0.0446676173229956 0.0719545332193413
-0.00909081815620001 0.000662094022890758 0.0619816876294545 -0.100304816810611
-0.0172612069602358 -0.00506022578599106 -0.053308673741422 0.0917677811231998
-0.000366488612363482 -0.0111420021355076 -0.082401368956369 -0.0599747693053913
0.00931040020856752 -0.00956126366168219 0.0758029458618383 -0.179583483262387
0.00946912664642545 0.0160573255145482 0.289750023026584 -0.0286870012495648
-0.0131828255629706 0.017748802459862 0.228970017608127 0.369552669989819
-0.0320546905771293 -0.0157212310213732 -0.223795050457873 0.416186774629411
0.0030182440125431 -0.015446005762254 -0.368154252036965 0.0540884565127231
0.0144878718153517 -0.0113095389745621 -0.0509441455871742 0.0399330095724235
-0.00738289032084996 0.00397307524340177 0.373108969790588 0.0151828684668689
-0.00446719798661031 0.0101439837032865 0.329574619366319 -0.369163230362657
0.0139915924253295 0.0152082563480096 -0.159883910425872 -0.418211988642739
0.0222422726793543 -0.00612038784303349 -0.32766321379809 -0.00868194672596794
-0.0049069492355302 -0.025765363672566 -0.114447232550862 0.190366709101917
-0.0116556261052205 -0.0158745294189008 0.0492416566825897 0.0684115979337267
-0.0117590560094472 -0.000989506207090847 0.0619044603508483 -0.0998067645278961
-0.0200443304499012 -0.00561146471053557 -0.0532972769319243 0.0936183636951007
0.00171547968046182 -0.0125368542378167 -0.0762345175606907 -0.0626503008604546
0.0122802574829605 -0.0121530294547013 0.0865523480375694 -0.174830203156476
0.00926969324405623 0.0142108986805258 0.290879511796602 -0.00630549779669106
-0.0178579523780233 0.0177975214287361 0.199202205017174 0.389822556262817
-0.0344217072056777 -0.0159571818120058 -0.258711414092076 0.403543359213552
0.00303647119482422 -0.0134927568066267 -0.371508272763831 0.0351871135795276
0.0128811148844553 -0.0093408755670335 -0.0411642927358237 0.0417451912864471
-0.00977907257502816 0.00691869670980269 0.37383759097604 -0.00399823644484443
-0.00660294526077346 0.0137520062906503 0.295510869797478 -0.387436140642674
0.0133364286410061 0.0153277898924962 -0.196251283086555 -0.39901723469637
0.0218486632644153 -0.0104529866187015 -0.327867221801025 0.0161595504653898
-0.00484483776940852 -0.0279415510237916 -0.10361236432577 0.194100140536085
-0.0113934809531778 -0.016226204716192 0.0550468701824492 0.0660868052771101
-0.0146273035958903 -0.00152620888969185 0.0629685659285183 -0.0975686794980876
-0.0219342109061084 -0.00447824382245006 -0.0524075249693029 0.0951337898234177
0.00347357666589731 -0.0109599213915788 -0.0686953336782966 -0.0639486562857747
0.0148007781031774 -0.0129145943547275 0.097880117674034 -0.169227666406209
0.00866620668308459 0.0126653168325218 0.289302762408692 0.0145623754352919
-0.0214993697102099 0.0177688692938709 0.168585661553214 0.409006739826422
-0.0361160550467081 -0.0158536249213752 -0.294156991922166 0.388679322100059
0.000576478598910549 -0.0117953035580639 -0.373361660424214 0.0178928309849243
0.00856398073807406 -0.00758683354332864 -0.0323882747174714 0.0436808670924947
-0.0139712710426479 0.00986315770222069 0.371749740749311 -0.0203105332595906
-0.0078622270801227 0.0173725197455022 0.260565302223919 -0.402070976381963
0.0131289700746748 0.0147655994784045 -0.22806702384296 -0.379496408576506
0.0200204544605546 -0.0134670038156147 -0.327271878867541 0.0380206520848422
-0.0052070611928152 -0.0286713652489398 -0.0923858347647113 0.197176165610508
-0.0106097615449412 -0.0144135536758702 0.062033271834479 0.0637531023642592
-0.0162213403308061 -0.00082842206924656 0.0622378163620619 -0.0953958328684374
-0.0229369486688446 -0.00239117029663889 -0.0524333947379789 0.096535176286067
0.00508542705695942 -0.00824853003081917 -0.0620890415513625 -0.0632751732634685
0.0166232537639142 -0.0105525879026844 0.106870695553596 -0.166103429651808
0.00760752262217503 0.0121256792333321 0.286487430005619 0.0312358339905044
-0.0237795865289096 0.0165518131899331 0.13834020227174 0.420068141121344
-0.0365917971854814 -0.0151362133632726 -0.323767794214465 0.374640106153358
-0.00384470982600937 -0.00992110593328444 -0.374473668048673 0.00455254817066144
0.00121506314684606 -0.00652539454576891 -0.0253286379866735 0.0462169200929652
-0.0181292775597602 0.0134055223496114 0.369269602145459 -0.0340299977776266
-0.00768637426888116 0.0209281161525713 0.23317821886103 -0.411675414614108
0.0136517214011873 0.0142543012560074 -0.250953676015002 -0.361055704682424
0.0186481984014462 -0.0151295557162715 -0.325556265941415 0.0557798053286321
-0.00493791861421794 -0.0268142549992434 -0.0820089826155724 0.198942894186599
-0.00985412831047208 -0.0110777751939055 0.068445955310349 0.0625491311026075
-0.0169720244243562 0.00113346918739065 0.0624296099546657 -0.0934197995953375
-0.0222683715777825 0.000825630865406719 -0.0523314080782384 0.0977866390725867
0.00633222610008245 -0.00366917947294691 -0.0567841843887745 -0.0614587388356092
0.0166230034287548 -0.00669585340921992 0.113538082403555 -0.1640731312475
0.00676148780214508 0.013057482887904 0.282802629726508 0.0403072225382502
-0.0245847134890625 0.0154920521733791 0.11970223472049 0.428643178165794
-0.0369201809326651 -0.0138689770245531 -0.341971283230142 0.366725995473977
-0.00938934291216971 -0.00879741483918689 -0.377391900499781 -0.00209465162027863
-0.00715526452241595 -0.00606204190218303 -0.0212758684489145 0.0481863273043075
-0.0230280367647391 0.0164981413156485 0.367987102722252 -0.0416189202672153
-0.00632727169138897 0.0237635022642581 0.215205440305788 -0.416318770291787
0.0139954243183564 0.0128499167354051 -0.265797308446662 -0.347980488198287
0.0171335650358459 -0.0152179075327475 -0.324799891416969 0.0660419210215637
-0.00500296306426702 -0.0231516962561761 -0.0750908979632303 0.199493136604471
-0.00884637721880612 -0.00691094765939034 0.0730600341911253 0.0633214298205786
-0.0167105451295587 0.00419197274582343 0.0606324102850244 -0.0914477643054531
-0.0208935475846384 0.00408876703181599 -0.0531882589882925 0.0987173087891334
0.00654795593143707 0.0012951788374207 -0.0546509710686779 -0.0591785219403273
0.0153693884179038 -0.000652237965768248 0.116950905117761 -0.164929235242157
0.0057014970567574 0.0150667975683203 0.281192648218724 0.0403371945360024
-0.0234441773942457 0.0149108248030861 0.112441190052926 0.430141105776466
-0.0359734136355866 -0.0119668775246746 -0.347958676816693 0.366017560039098
-0.0158183433475723 -0.00828981357014328 -0.379334864633948 -0.00280410694362979
-0.0155548464445122 -0.00713625164877441 -0.0214263347549852 0.049739558552892
-0.027802729051379 0.0186708086159741 0.365347239505706 -0.0405509307752593
-0.00458845105776097 0.0249389238038668 0.210845519743189 -0.413946525918969
0.0152683596945001 0.0115220032904991 -0.27061990813966 -0.345231811399098
0.016635465515573 -0.0131101126311977 -0.325238686391389 0.0667410891640091
-0.00459672690572364 -0.0181110755509646 -0.0724671866463404 0.199259629731214
-0.00790923551204884 -0.00229333674335443 0.0761135745417262 0.0644931482956317
-0.0154602068580976 0.00768868979662913 0.0605323273383616 -0.0899895590708048
-0.0177579194992493 0.00781997328084659 -0.0533112256961867 0.0986727335446718
0.00619152184978269 0.00634442776941676 -0.0552686739672476 -0.0563077357442682
0.0130881140635683 0.00528890798821991 0.116106784021207 -0.167919006820148
0.00473346421366393 0.0179798837120714 0.281573864091678 0.0315062596864285
-0.020322815860329 0.0140092061921626 0.121301118837251 0.424766024631793
-0.0341974945981577 -0.0104762830358114 -0.34105966433133 0.373254445690577
-0.0207773175746319 -0.00752541120520814 -0.38140530464378 0.00523849137950617
-0.0226594684446899 -0.00840879258774667 -0.0253955023529082 0.0504581857071966
-0.0317771633851722 0.0192511889469238 0.365238034234851 -0.033478412226913
-0.00242262441440998 0.0251107908135092 0.221055074780713 -0.408445953854701
0.0165448786646006 0.0104948582661832 -0.264954755909917 -0.353760197939602
0.0163270829841834 -0.00977842218905882 -0.328078399564362 0.0581958501769621
-0.00464833628733233 -0.0119182454261269 -0.0749152846389687 0.197657625086097
-0.00657605669991663 0.00289437310123462 0.076800255213919 0.0669922845405835
-0.0135483820090806 0.0110330145806904 0.0602513914985941 -0.0895922191292673
-0.0139696236208776 -0.0032299512608305 -0.0541734239103057 0.0900141237442435
-0.00110753670748342 -0.00930983086403354 -0.0880683832121195 -0.0546786741575717
0.00723843029077345 -0.00459551937524233 0.0638784106522078 -0.18357359738876
0.0111524399821254 0.0190301019830559 0.283911485388564 -0.052609102537752
-0.00848325972013229 0.0173375186029732 0.255204816382038 0.342644896499531
-0.0302714023926698 -0.014177991607918 -0.185492269398266 0.424667654233567
0.000535427331409254 -0.0163215865465457 -0.364160082394498 0.0747107734230056
0.0118658877419989 -0.013610038340505 -0.0606740605358926 0.0390172211581206
-0.00839910738952777 0.00191295977662174 0.366903329468074 0.0309602061835367
-0.0025443932597833 0.00804345827373614 0.355215530729968 -0.345870493152768
0.0153273012487814 0.0147308187572381 -0.12719540803316 -0.430171980946705
0.0225161687282178 -0.00175671451965099 -0.323917073563479 -0.0301371008842565
-0.00625453398076422 -0.0207225921268116 -0.121969152468834 0.185202677011535
-0.0122785166485432 -0.0137354721193834 0.044421670511167 0.071532498477181
-0.00944785864368248 0.000523284840858311 0.0613291473236757 -0.0993370262310203
-0.0169458504042334 -0.00497426319866829 -0.0527686389924051 0.0911193656160103
-8.24183819346015E-05 -0.0117761379001966 -0.0821054285142713 -0.0585421869857381
0.0098096182300914 -0.00924285370992209 0.0743838398265985 -0.179040150246636
0.0104219994771959 0.0162640991237735 0.28782284573246 -0.0295578363214018
-0.0131404009635157 0.01755159635357 0.229429869528387 0.365359887604895
-0.0320637304261869 -0.0157254258216881 -0.219407274439245 0.414233514108715
0.00337763495307431 -0.0157046929239674 -0.366544805104069 0.0548564431052961
0.0148438963780711 -0.0113546646479509 -0.0504603357857048 0.0401228407749378
-0.00738757669318407 0.00366226089242182 0.36987586358704 0.0136573326268259
-0.00466323222808175 0.0101591460555441 0.326709382844 -0.366534519773381
0.014192722994992 0.0146901159632421 -0.161395414154085 -0.413150389464686
0.02289644077319 -0.00625160025177756 -0.325602557764721 -0.007163837914501
-0.00516498605449869 -0.0246696781562873 -0.112878016545347 0.189272120700273
-0.0121213678781542 -0.0159064538493797 0.0490812700651685 0.0685983333809481
-0.0119218207272894 -0.00120358610568212 0.0611701803379854 -0.0987006982301051
-0.0203588506160191 -0.00529743542974336 -0.0522307472191685 0.0928886845289132
0.00173015268426017 -0.0125740788082812 -0.0757831041294166 -0.0614267009928421
0.012164725682247 -0.0123386070821313 0.0858860913139286 -0.174246163117576
0.00988101845956483 0.0134780083386006 0.288366868019464 -0.00751614157591843
-0.0175981956400471 0.0178348524577128 0.200900697127667 0.386188836466166
-0.0342280914858203 -0.0156257621095355 -0.25329801055558 0.40109919972035
0.00313456628651611 -0.013481030956489 -0.36890010313611 0.037166555109004
0.013294745852397 -0.00973137204224764 -0.0406161815409081 0.0417334959025867
-0.00985356338088006 0.00663228377728835 0.370519837186764 -0.00528161628597837
-0.00654040671096254 0.0136959681935939 0.291339754628855 -0.384612855806777
0.0132409813271555 0.0149727103598219 -0.196055538795539 -0.394348608785762
0.021590758073866 -0.0101029071696838 -0.325290312142095 0.0177107214319958
-0.00504952516877514 -0.0275847097868098 -0.101917858776307 0.193374925530567
-0.0115085804023307 -0.0156454092284209 0.0558583674317908 0.0655046965652462
-0.0147801722070708 -0.00134741004038779 0.0621092191742866 -0.0970217454591367
-0.021714424484641 -0.00465979009987973 -0.0513148496408184 0.094025383812334
0.00403017355939561 -0.0112208487107186 -0.0683481899970582 -0.0627688473213602
0.0150379916740503 -0.0124297434009005 0.0964425492163118 -0.169310940533119
0.00965332408883693 0.0126599353336243 0.28762722838596 0.0124812160716925
-0.0216738187692809 0.0176926891203582 0.170433649797194 0.404382689548043
-0.0354229759591022 -0.0155778276691739 -0.290750720196919 0.38763504793711
0.00095806951681337 -0.0114862041736389 -0.370979030255618 0.0200287259649037
0.00871763975811138 -0.00768428730355275 -0.0322119693700258 0.0434207760414038
-0.0132584637299611 0.0102967729600602 0.369800554894019 -0.0230000409484854
-0.007644480153373 0.0174868999271575 0.257049240780992 -0.400307101421542
0.0131879612982375 0.0148629536196781 -0.22655324752381 -0.375111302610303
0.0200010114627665 -0.0134914407942691 -0.325090408239571 0.0392159190050001
-0.00523659609166317 -0.0280462793796119 -0.090306279534408 0.196584326821543
-0.0110331192985037 -0.0143788688724436 0.0617758698487878 0.0635049786054959
-0.0163206178314289 -0.000895258966965878 0.0614946430496825 -0.0947584937449604
-0.022749949344573 -0.00221724768547529 -0.051615652339238 0.0961977492074042
0.00562023395785459 -0.00885964061345625 -0.061777287678371 -0.0624390382862101
0.0167453506581205 -0.0106977199119609 0.105509462726764 -0.165512533343667
0.00838681684485267 0.012708386880239 0.284451510963721 0.0293811654185373
-0.023490786116106 0.0163913110174715 0.140665882222443 0.417322884919926
-0.0363893796285053 -0.0151208137550553 -0.318925776961017 0.373288744526189
-0.00351157380164621 -0.00977505123669633 -0.373368132246571 0.00603598528704268
0.00186779631053639 -0.00660296787584862 -0.0244824250594962 0.0453991102672668
-0.0176342134779848 0.0132649782310782 0.366147670376187 -0.0346710170868869
-0.00729466796467926 0.0209809206937803 0.22975794364366 -0.410808424273132
0.0131056072404591 0.0139622732263183 -0.251081590256743 -0.35584923131349
0.0185682911421287 -0.0153934082836104 -0.323433485609585 0.0571857450063309
-0.00519773314842762 -0.0264083392135311 -0.080228205523571 0.198242705967966
-0.0100777490180543 -0.0109024439195402 0.0682305149380117 0.0622653311105997
-0.0172133383959936 0.00138324137206026 0.0617521916833175 -0.09240022484581
-0.0222418845764686 0.0010758310459026 -0.0506806516090165 0.0972178472697008
0.00607633977065686 -0.00428978267599319 -0.0567733221085849 -0.0605684706861065
0.0166048368529259 -0.00660508431544912 0.11207011057212 -0.163866996243819
0.00713301792943715 0.0135373280966441 0.280938199443262 0.038489633693771
-0.0242933756370555 0.0156821145777002 0.121119557357925 0.424562752302098
-0.0364245534247354 -0.0134584140444705 -0.33766054115916 0.365547465074672
-0.00916126344212732 -0.00868342225137194 -0.374882392802428 -0.0010156548319007
-0.00658537685676519 -0.00674841218797662 -0.020634954256957 0.0475152686102488
-0.0229744149785982 0.0168080082267108 0.365570375364203 -0.0424793000681558
-0.00614671850066773 0.02361968933978 0.212031042835512 -0.41320101744277
0.0141049044372128 0.0126522489771243 -0.265886414305581 -0.344320200248261
0.0175713820788174 -0.0152445086512145 -0.322561640278906 0.0670076792555142
-0.00532107711419142 -0.0226898437922692 -0.0733987253463362 0.198984322713827
-0.00871859676465934 -0.00686340531695668 0.0734303698714633 0.0623123354261074
-0.0170326558587597 0.00450202150731208 0.0604348041188661 -0.0907309163063858
-0.0203509307735134 0.00446501265899733 -0.0520355861607429 0.0980659460118302
0.00667263474971869 0.000609614402482877 -0.0546826015785413 -0.058357579803078
0.0154146733721783 -0.000792823208860015 0.115563701239745 -0.164279611228572
0.00583048287688966 0.0153631496653174 0.28004340352033 0.0389510033218786
-0.0229868246272451 0.0147475821838082 0.115044251614863 0.426840958479091
-0.0359827586133248 -0.0121069957584293 -0.344251983381491 0.365145059175903
-0.0149479892654047 -0.00801398911943577 -0.377421249506576 -0.00117409546554689
-0.0148371742499769 -0.00726049479422119 -0.0209911284163332 0.0498450494889852
-0.0275730117952738 0.0187749619325454 0.362385171367081 -0.0411276887747468
-0.00424203181504776 0.0251894285553927 0.207543504797115 -0.411989487394614
0.0151232165503932 0.0112868871910828 -0.27001132776098 -0.341377899668504
0.0168655112560559 -0.0131083637139634 -0.322525686663952 0.0676505539442568
-0.00467213878111159 -0.017419407236782 -0.070862308018186 0.19863099504138
-0.00747999216035772 -0.0017742600185204 0.0760905083839111 0.0637923287274554
-0.0156209337145104 0.00777397216583707 0.0602944075682194 -0.0892460979412454
-0.0174096710239196 0.00814802402515086 -0.053033163354091 0.0977858535372927
0.00645523913823595 0.00641206468302979 -0.0545828046750502 -0.0555186750422696
0.0128095032150069 0.00556309957748152 0.115040534328841 -0.167153918391689
0.0048822919569886 0.0181443963808429 0.280037656053493 0.0301187803280793
-0.0204014705637052 0.0134707096365523 0.123044067021396 0.421290528559789
-0.0340925006385771 -0.0104208321719316 -0.337045564533903 0.372898334395592
-0.0204470129856246 -0.00777942240201873 -0.378360115860629 0.00658486746867461
-0.0226396020976211 -0.00834951476854591 -0.0250975292874307 0.050326505297234
-0.0315945392530149 0.0192613482304578 0.362578465023371 -0.0348199192812145
-0.00219345236478498 0.0250046638230285 0.216857906444725 -0.407482906103128
0.0166131730603301 0.01017286993242 -0.264477384593747 -0.349570815133001
0.0165322573700263 -0.00966185895949212 -0.325751483136424 0.0594086732820211
-0.00460927535523792 -0.0118963920175914 -0.0726539230831273 0.19686820565252
-0.00678723887117992 0.00311853203644448 0.076504984967839 0.0664046130528965
-0.0132433669154553 0.0108269711916627 0.0601135971731944 -0.0887950489161808
-0.0139101682687523 -0.00286169789576305 -0.0534590362891135 0.0897272887274965
-0.00112912294625651 -0.00943862274781745 -0.0873479389501274 -0.0537973846848297
0.00728926996333036 -0.00413465296290483 0.062906283520239 -0.18317148381053
0.0115506279770211 0.0189780418984053 0.282097487757716 -0.0525008522605786
-0.00818443397796036 0.0167874508902692 0.255642569577076 0.339080509076679
-0.0304293643278098 -0.0145350734890755 -0.183561495309577 0.422491004213993
0.00129906837796375 -0.016377787987218 -0.360155619056012 0.0753727088964439
0.0119430675788772 -0.0137839086074938 -0.0601087158502783 0.0392541603435559
-0.00837251284496323 0.00193260381813053 0.364427275266872 0.0300344045699154
-0.00228639664259103 0.00819739665714646 0.352195233286474 -0.342242282354835
0.0153610615935248 0.01432355637515 -0.127931271812682 -0.425002975445737
0.0233448013828218 -0.00126877338800969 -0.322287239272565 -0.0296369434808303
-0.00579958181402554 -0.0200626655760633 -0.121252600019379 0.184833216737045
-0.0124025841079058 -0.0135962398275306 0.044614187310481 0.0713065378534151
-0.00950413728124421 0.000747189792926728 0.0613912325197007 -0.098762084560338
-0.0169095949637612 -0.004933223716129 -0.0520704332306379 0.0906861314071508
-0.000193435266118836 -0.0117973869297351 -0.0818256763390105 -0.0579464057103481
0.00979152289861607 -0.00932806731234068 0.0739515850068736 -0.177712929567639
0.0103678286091555 0.0160819474438392 0.285231643374927 -0.0299916212619283
-0.0133063165191622 0.0172476245746651 0.23045362047308 0.362184593208762
-0.0326523639662122 -0.0159133589315359 -0.217579207069962 0.412124168579826
0.00378485433782751 -0.0153580168828473 -0.362849447085107 0.0559049683425547
0.0145869374179613 -0.0111969869317477 -0.0497995960955413 0.0404556437799428
-0.00678864299487937 0.00378840916247879 0.368234753370279 0.0117880796449716
-0.0045889261479917 0.0101632093000222 0.32288503835468 -0.365204503039257
0.0139231785779948 0.0146807376399889 -0.16079378716916 -0.4088232504695
0.0228779295895785 -0.00640352898386988 -0.323922761853139 -0.00515651260798384
-0.00538572045790389 -0.0247950743247452 -0.111057578485535 0.188889198983669
-0.0119311036562986 -0.01543563935206 0.0493353565715211 0.06774642817815
-0.0123575629858156 -0.000783156465704715 0.0610365245835308 -0.0982863024003098
-0.019961038833893 -0.00509120617932893 -0.0515170249899538 0.0923030486965718
0.00205552101890546 -0.0130196197665318 -0.0755002183111044 -0.0605478407383793
0.0125247865202126 -0.0117218270397691 0.0846303934579801 -0.173430291070929
0.0101593363545917 0.0131164676607355 0.286688632412954 -0.00818260279845257
-0.0174444924481696 0.017828822774324 0.20170560767565 0.382890071274296
-0.0345649729445665 -0.0158263721550976 -0.251891889920927 0.399768929018577
0.00372724755337595 -0.0133529635726056 -0.366026920752051 0.0372314702214862
0.0129967146926169 -0.00961717179719708 -0.0401600627054467 0.0418511191437331
-0.00926413176124077 0.00641379209078884 0.368635776695992 -0.00674473959165995
-0.006247242430463 0.0135355366497725 0.289298756876495 -0.383422808732328
0.0134089440207275 0.0145729775989055 -0.196141852008331 -0.390535553920747
0.0217770745463227 -0.0106875904294045 -0.324073488289136 0.0190200908117081
-0.00521739774700828 -0.0269649705231704 -0.100634555776949 0.193322172790779
-0.0115520843791792 -0.0155996953093174 0.0554739562747634 0.0652281633568217
-0.0146071056388534 -0.00117506475584875 0.0614385590307981 -0.0961075653310308
-0.0218276188933691 -0.00411350765725093 -0.0507794279414422 0.0937762852901338
0.00364338129182554 -0.0123439845895321 -0.0681874670655165 -0.0614512045867998
0.014895759383933 -0.012656125338391 0.0953638121814966 -0.168286101714009
0.0100029231654135 0.0128886237123019 0.285448634142908 0.0113604971764829
-0.0212707327752494 0.0171924268273249 0.170888512894072 0.400664140665018
-0.035624531886699 -0.0154757881678034 -0.287422913573085 0.38566581364724
0.00150237683929752 -0.0117076919155938 -0.368615489053904 0.0198981663013446
0.00884328580750285 -0.00792579932910222 -0.031097365050346 0.043599826040652
-0.0127880047395007 0.00953550716226688 0.366136351872635 -0.0238755310049231
-0.00719454788256857 0.0174766578525752 0.2542838610282 -0.39874402434725
0.0129763999783525 0.014081638845412 -0.227274029278438 -0.370518356547954
0.0204721227578142 -0.0137252068035947 -0.323064873762116 0.0403830839392092
-0.00518633389532893 -0.0273525470856584 -0.0892337815636357 0.196437547553336
-0.0110517512439691 -0.0140612074376109 0.0622999634380219 0.0630177705463812
-0.0164768751017079 -0.000527368886405679 0.0609098344861424 -0.0940742924598043
-0.0223671834940686 -0.00206220289151501 -0.0513904126975948 0.0949801860977193
0.00588715370855533 -0.00908112614366596 -0.0619309169946452 -0.0621182959880806
0.0171872505622617 -0.0102397915825829 0.104939528332361 -0.164877494312984
0.00871419341891343 0.0125170008920918 0.281951417478793 0.028240619915933
-0.024065822340792 0.0165321571416967 0.142479324676617 0.414990098942764
-0.0367942217124542 -0.0146835106125363 -0.315457355681603 0.372486619564808
-0.0025988768310864 -0.0099841602809651 -0.369207692084799 0.0064508034096462
0.00197773430498321 -0.00731078048591009 -0.0244710026213288 0.046109510023225
-0.0174420394342962 0.0137645195370162 0.363630548577196 -0.0348836361067913
-0.00713193658850738 0.0202319432534567 0.227197031158508 -0.406514314292795
0.0132249040169375 0.0132305956529987 -0.250911203271885 -0.351835779934085
0.018605080558238 -0.0153289339989146 -0.321463912236986 0.058079856506551
-0.00519201341269434 -0.0257538817711994 -0.0787023998857354 0.197828865663857
-0.0101422687870325 -0.0109430013596917 0.0682496357363104 0.061733311454642
-0.0176024736051551 0.0019204638899772 0.0615824437462687 -0.0919563642162516
-0.0221671818682844 0.00125608047386123 -0.0502021266650239 0.0964833733231694
0.0063764918024125 -0.00488303976064483 -0.0567132505831315 -0.0602897672386961
0.0170981001987798 -0.00640378867907421 0.111644556000308 -0.163598679761317
0.00765750532264895 0.0133952835180486 0.280142284725374 0.0372049286190089
-0.02450379216747 0.0152991914786726 0.122425403621201 0.422149058418716
-0.0362120946499732 -0.0135213190286777 -0.334642711002674 0.363934089099776
-0.00828047005993831 -0.00856834574498788 -0.372028649885956 8.92676176051327E-05
-0.00647624731745232 -0.00665572529215897 -0.0202203399723229 0.0480138894734809
-0.0221667130208189 0.0167615429310589 0.362090544719549 -0.043782471072953
-0.00620047088905746 0.0234943305275009 0.208881300258333 -0.41143878727043
0.0141847782704 0.0124640701127377 -0.264761936371588 -0.340702100324583
0.0173553598255063 -0.0154356464043035 -0.320419375726009 0.0684531008767371
-0.00484814404751832 -0.0219468470326483 -0.0724423314006263 0.198647395771233
-0.00918287680038561 -0.00683503892275712 0.0728134263733571 0.0620720239502024
-0.0171998707336503 0.00445117957528916 0.0601562466330823 -0.0901928926477718
-0.0204425653960652 0.00471572321634238 -0.0511633672450086 0.0972641887824283
0.00665520414394695 0.00019989613928085 -0.0544514552740891 -0.0575281839090871
0.0158087922780863 -0.000985510477362548 0.115066678389992 -0.164310740648802
0.00664303619614644 0.0149578464331233 0.278157692479944 0.0373988256954027
-0.0228778248488683 0.0144206181902818 0.116707861280847 0.422990122071036
-0.0353463228547365 -0.0122801622767808 -0.341098929611354 0.363917427209869
-0.0145951700069098 -0.00812390812604494 -0.374309255653143 -0.000709422497186614
-0.0149460111924912 -0.00706078373782832 -0.0205519315205749 0.0489449991102458
-0.0270435695210952 0.0185200811377614 0.359982356263389 -0.0416744351074602
-0.00430304262668211 0.0246284366839895 0.204643182646167 -0.409281082934109
0.0151859355042556 0.0110968924503676 -0.270296982132466 -0.337722892934718
0.0161521999761048 -0.0131502970387222 -0.320856380779306 0.0686049474982012
-0.00483078078757806 -0.0170134995498363 -0.0694517275540823 0.197688008151394
-0.00818474980745264 -0.00201256075056468 0.0760305433805396 0.0635964023911838
-0.0155206725366978 0.00777374475796893 0.0600741337442253 -0.0884714987107078
-0.0172843887741191 0.0081115506118465 -0.0517889119327666 0.0970278250956366
0.0063417302552196 0.00524934880263832 -0.054580659770989 -0.0546646155535537
0.0131806910007739 0.005456148468989 0.113763396162672 -0.167389969591999
0.00597433652970279 0.0177649965411856 0.278277870438244 0.0290616054838407
-0.0203217646669697 0.0137373039180721 0.124530083886053 0.418222497867579
-0.0341605739391011 -0.0103208661962614 -0.333241814400677 0.371434128790377
-0.0200798027457257 -0.00790689670986873 -0.375844811657897 0.00866270947935247
-0.0216351978734475 -0.00859041730278507 -0.0243272967779406 0.0497850383418682
-0.0306620306045155 0.0190569620881693 0.35916292551099 -0.0358717629794248
-0.00205308215963501 0.0246902515252277 0.215000040990028 -0.404770740593924
0.0165998222757901 0.0103752867346084 -0.264026033110564 -0.346311898822062
0.0165226778289301 -0.0101306447691903 -0.323066325357272 0.0606214143127131
-0.00477197076239122 -0.0111566349436079 -0.0713496860034388 0.196170669026792
-0.00663395584177468 0.00257692364047565 0.0764217995201863 0.0655575187218017
-0.0132628229164951 0.010910959609902 0.0597531631562144 -0.0886003835351894
-0.0138532256743642 -0.00310177224263808 -0.053171930662555 0.0889343995182997
-0.000364694168710867 -0.0099667907563392 -0.0869993329853644 -0.0529345447544339
0.00764214666383237 -0.00439787710242841 0.0621147757150825 -0.182036863397068
0.0117766376826556 0.0187772089047301 0.280326675138449 -0.0532521638257239
-0.00873860361014218 0.0167626565952892 0.256335836251391 0.335501892800503
-0.0306959430695209 -0.0145589915361876 -0.182826586701261 0.421719654438906
0.00206585071584546 -0.0159117599406635 -0.357929102252233 0.0742818094051556
0.012290873220396 -0.0136570666740695 -0.0594328495473544 0.0389202441237245
-0.00770026649630809 0.0023348615421888 0.362156475638345 0.0298340008654384
-0.00193988334689223 0.00800383320284086 0.348704762812784 -0.341317684817875
0.015372203504372 0.0142081122174713 -0.128433195949808 -0.422258368743194
0.0232084424022215 -0.00177952214841703 -0.320890680143886 -0.0278686560122359
-0.00621326346725494 -0.0198379980191343 -0.119837294313666 0.184385798448751
-0.0122745104924334 -0.0134337575611778 0.0446246952930668 0.0712640189642915
-0.00973529942568167 0.00107904338683502 0.0604475326801541 -0.0979764628025262
-0.0168721627902225 -0.00376778113633129 -0.051950436483392 0.0901411198492591
0.000600826887737877 -0.0124869138390094 -0.080834459616418 -0.0573935298657495
0.00997306902347432 -0.00878885187874272 0.0730218228869783 -0.177461515193053
0.0108654075965995 0.0159498353739283 0.284006475417726 -0.0307738864412981
-0.0132475888663652 0.0172044733413284 0.230659652378321 0.359366182374252
-0.0325565836164578 -0.0155224303164856 -0.216446422450088 0.409976054596997
0.00481016753668415 -0.0150177170767127 -0.360641710352297 0.0552586054722026
0.014966325862148 -0.0114271973752679 -0.0490782427212068 0.0399745643930134
-0.00698107186037944 0.00365684457364497 0.364931047896274 0.0118154098287562
-0.00453452643448306 0.0103056884484614 0.319924745944341 -0.362627401501042
0.0139174221648805 0.0144494654436992 -0.160325897517807 -0.406237562120961
0.0229359060466082 -0.00645087851489453 -0.32269769672017 -0.0046900504858239
-0.00524205265009254 -0.0239905906242858 -0.110918587562003 0.188204692621338
-0.0120912472704874 -0.015560724721721 0.0492654309368522 0.0676503646543404
-0.0121345565268911 -0.000249407616592918 0.0603398324245277 -0.0974615901683569
-0.0196561139538442 -0.00495351485312198 -0.0512132543999122 0.0911911628128029
0.00190039057400707 -0.0133665672807452 -0.0749566586104072 -0.0599468568068756
0.0128345080759138 -0.0113296332181671 0.0840263550037726 -0.172806978390505
0.0108094357553588 0.013606869783782 0.284715506313014 -0.00917437738776731
-0.0174309882132723 0.017727859650956 0.201342435779179 0.380662682326294
-0.0345037517955846 -0.0155814966041759 -0.248940420428089 0.397720854887777
0.00400475340028106 -0.0134467149510845 -0.363922907883094 0.0376953253881109
0.0137876409345661 -0.00981023944210271 -0.0395412077859664 0.0420644675664063
-0.00905484781072958 0.00628832586033514 0.36437662512751 -0.00696199411638563
-0.00607134631819422 0.0132697351012905 0.286297431458765 -0.380250663427501
0.0132189635973896 0.0143106395209208 -0.195256566467359 -0.387220182967607
0.02199140277683 -0.0108773321513288 -0.322207045051834 0.0196815510805432
-0.00508940938861061 -0.0267823649079688 -0.0998999306116921 0.192035409535765
-0.0118260555336947 -0.0157527973072819 0.0554874862248338 0.0648702704967073
-0.0150784919750642 -0.000717667009487367 0.0611228347041154 -0.0953152168966488
-0.0215648959723854 -0.00369993494202678 -0.0503855647607826 0.0927616361137601
0.00391226216718744 -0.0124464432546831 -0.0676736377258929 -0.0610999047087041
0.015570098324973 -0.0124779383110209 0.0949272660365675 -0.168016390139155
0.00991951361221109 0.0122401734500808 0.283946386839555 0.0116718311510846
-0.0208856302208909 0.0170652555629104 0.171513501899806 0.397871802511064
-0.0357542769779966 -0.0156736247423223 -0.285541361946985 0.384247341190141
0.00214728096235362 -0.0117490497817132 -0.36704569665603 0.020195079063548
0.00900639421217766 -0.00794297894353625 -0.0307602019845657 0.0435543967847058
-0.0127417302067639 0.0100143968849567 0.364555175823672 -0.0247517070240738
-0.00742464859936033 0.0167308338291476 0.252868770655439 -0.395110706545898
0.01338773424619 0.0141235512800393 -0.225095242058953 -0.368531566698612
0.0204593900472933 -0.0136428999675947 -0.320803444061615 0.0417563943271579
-0.00506843401404712 -0.0268395646321183 -0.0888561738002767 0.194957883316942
-0.0113014338448516 -0.014079786296921 0.0618833186193288 0.062341711286714
-0.0162989854680573 -0.00012160520655493 0.0606912086672865 -0.0932929643048599
-0.0220567157937292 -0.00145661747742749 -0.0505510287777175 0.0944021219735567
0.00555692264148167 -0.00955417073422351 -0.0616477160268181 -0.0609991349745093
0.0166133755056032 -0.0104564476993729 0.104447585746228 -0.164193516784656
0.00920993171675105 0.0125308960821636 0.280804865956274 0.0278002827059541
-0.023980400813227 0.0162904248429891 0.14216589778658 0.411314284046442
-0.0363926090647393 -0.0145462125534935 -0.313195836166782 0.370523875250515
-0.00191126192468849 -0.0100785697386287 -0.368462215363772 0.00671177642917256
0.00234485251723861 -0.00707482898502755 -0.0237865375714447 0.0455665275490917
-0.0168878197158221 0.0132577897906506 0.361984613030129 -0.0360202470260853
-0.00689594999382886 0.0204278649994908 0.225647321920339 -0.405211235441784
0.0133086304513062 0.0132894765662699 -0.248794195928033 -0.350377572324247
0.0189530319912137 -0.015046853067226 -0.319468312093734 0.0583729078680854
-0.00496734569536131 -0.0255272416794729 -0.0783490739980005 0.197333229665693
-0.0102253980765459 -0.0107920136798018 0.0679635706556508 0.0613572680488222
-0.0177493490496469 0.00206268826855554 0.0616248625647054 -0.0914166466551131
-0.0218114680387109 0.00166707151603613 -0.0496394171689985 0.0958099824560852
0.00668504187332121 -0.00508881832616938 -0.0562949438815176 -0.0596250099848114
0.0166129850737083 -0.00636462831425135 0.11121101138729 -0.162897000348146
0.00772020399174435 0.013608231454077 0.278547675672941 0.0371981494900715
-0.0242932594185854 0.0151092281234305 0.123084784744573 0.419672424643053
-0.0365020184530973 -0.0132468188720817 -0.331541558319006 0.36196742070591
-0.00782679467994462 -0.00868145671364056 -0.370394648180924 5.95187925875381E-05
-0.00584530887151634 -0.00673215303541918 -0.0199778301280794 0.0477059741850595
-0.0220702061056227 0.0165818062284074 0.359614936987827 -0.0438156894543961
-0.00582966397553187 0.0228019823180101 0.206926037639981 -0.409363511994068
0.0140605586814512 0.0119138565059451 -0.264025758400508 -0.337775620386428
0.0173514957756859 -0.0148676926057696 -0.318850281709153 0.068698247026701
-0.00497718179015389 -0.0215514194527911 -0.0718116508424282 0.197025716627169
-0.00923069067283263 -0.00665729436018208 0.0728693901242494 0.0620382401108929
-0.0170194104625462 0.00486074135417488 0.060230890555744 -0.0891584035003333
-0.0200069190623043 0.00543287504532206 -0.0510679816825885 0.0962509789564702
0.00698122520779113 -6.41285075553147E-05 -0.0537310020559399 -0.0570502090912886
0.015403229624025 -0.00086138174350079 0.114544926310983 -0.163124183103432
0.00684785082287533 0.0151234671206733 0.276853439630665 0.0364837812316405
-0.0232685182978867 0.0138215252191389 0.116024646987672 0.420131652072838
-0.0356230410360481 -0.0118412018948964 -0.338408275206921 0.36222838684678
-0.014023237899639 -0.00817058230511776 -0.371944984274482 -5.72547338505636E-05
-0.0144902947893873 -0.00727293960088204 -0.0199850028913017 0.049105381459157
-0.0267647668330785 0.0185769664337072 0.357387717417442 -0.0428751424944046
-0.00428560743056931 0.0246286357309526 0.202680601086073 -0.407627917653521
0.0149885286999614 0.0108803325574176 -0.267911129755362 -0.335705588962146
0.0168589553011593 -0.0133384386390759 -0.318928765877133 0.0693950946394833
-0.00468835966485337 -0.0164407187211228 -0.0686079331702499 0.196683496117942
-0.00815713429016749 -0.00203469383399097 0.07543417109443 0.0633123821008743
-0.0155240231999686 0.00792676553328471 0.0598872716646491 -0.0879300130856967
-0.0171202113423727 0.00848430248940713 -0.0512736064913526 0.0963390585974528
0.00671904247042066 0.00507802632135373 -0.0540684780338311 -0.0546181257341844
0.0138072317989014 0.00522619406793879 0.112931640142896 -0.166912653586598
0.00577409960385392 0.0176390422355647 0.276843394419084 0.0283506786465029
-0.0203158873588826 0.0131780213187066 0.123568007806616 0.415528513787812
-0.0338385507764936 -0.00979915780694195 -0.331065702661242 0.368730197976211
-0.0193618323155858 -0.00769646950114466 -0.373647182133702 0.00798754266714187
-0.0218632620524892 -0.00887767237510826 -0.0239718721697131 0.0499673202324175
-0.0302932418617911 0.0188624297693595 0.356576124128349 -0.0354479463917036
-0.00202873943568943 0.0243230613412218 0.211528855623627 -0.40264157441289
0.0163300744732629 0.010123932397429 -0.262150060730997 -0.343108112811597
0.0164687961004956 -0.00968636011186195 -0.320758083252896 0.0610006846222033
-0.00434794835901034 -0.0112752101391681 -0.0710598470478204 0.195397650433825
-0.00716885071807308 0.00249869745424297 0.0762776989945566 0.0655975338092691
-0.0135053174760981 0.0110345520211377 0.0595330251510299 -0.0879696203954413
-0.0137281297163709 -0.00221359188625927 -0.0525124680130098 0.0881241237324164
-0.000526984917573194 -0.0107882534846089 -0.0867110048902231 -0.0523720270577871
0.00765360574166991 -0.00425852826095031 0.0621178916506754 -0.18118422530781
0.0119815461834322 0.0190048745050131 0.279367598322642 -0.0527968528481287
-0.00888151242143145 0.0166372696018653 0.255339221060974 0.334500744720126
-0.0303590339201868 -0.0143501925172983 -0.181256710477917 0.419167395503671
0.0024865705536492 -0.0161740535291346 -0.356367931421516 0.074010895796799
0.0125653506277924 -0.0134725519556161 -0.0588682276418968 0.0389303665453146
-0.00758626182656682 0.00227040652809605 0.359212529227616 0.0293273254603367
-0.00243355767763825 0.00799375993202114 0.347797963542522 -0.338835002574
0.0153215457093852 0.0141474383867311 -0.127367993201673 -0.421250191980357
0.0230394995651737 -0.00177777917880355 -0.320788254025218 -0.027250763474354
-0.00596239314140945 -0.0195303745571063 -0.119355198424418 0.183694388507522
-0.0123892796439256 -0.0132580216605494 0.04408633995509 0.0709029243347766
-0.00995867543507578 0.00122270416086451 0.0608741045119317 -0.0972630455978939
-0.0165515811904268 -0.00376833853677731 -0.0516033445175262 0.0890013423381058
0.00020695988841742 -0.0123883926440295 -0.0805885995151226 -0.056443956446377
0.0101530801605551 -0.00880442901774186 0.073248058502339 -0.176938115914768
0.0112268531682721 0.0159460610910024 0.282399497845063 -0.030828546444731
-0.0134051100365281 0.0170199279066366 0.230221000507723 0.357332365938248
-0.0327789916192988 -0.0155595995852248 -0.214281296239989 0.409411239308233
0.00497883431246864 -0.0153534321965545 -0.359523961674315 0.0556555256386943
0.0151540498741648 -0.011550720869477 -0.0485099047930527 0.0405289967279036
-0.00680606826951419 0.00379583474757972 0.36237169018768 0.0113015873227568
-0.00426383964208718 0.00983645557545957 0.318357465245465 -0.360816496411549
0.0140427134314706 0.0141798788873443 -0.159842487641793 -0.405191337250391
0.0226635662844245 -0.00657254664449006 -0.321306751495407 -0.00404303441876077
-0.00529678838805044 -0.0238349712048054 -0.110086190438094 0.187471072911629
-0.0119618767810274 -0.0153818099787996 0.0489452159417167 0.0675113196353847
-0.0124593877590935 -0.000267109378485364 0.0603584835103943 -0.0966417697395361
-0.0194842861543034 -0.00432743246546231 -0.0510717431729138 0.0901925069866334
0.00225290295429794 -0.0138090757504983 -0.074893166842247 -0.0593641345509624
0.0121285054631522 -0.0113698846287546 0.0840467870153494 -0.171821027500417
0.0107077881369513 0.0132435489404237 0.283301744414872 -0.00893555947289911
-0.0176829642032168 0.0174997473121688 0.201031606370338 0.377216361415088
-0.0341430397164275 -0.0159776449226303 -0.248401401561683 0.396380905971676
0.0050887550622044 -0.0133890263634438 -0.362845249420727 0.0368267634465743
0.0137123891412346 -0.00963122300010863 -0.0392584637280108 0.0414124604893697
-0.00874448487824004 0.00630856842061796 0.362851358579266 -0.0069568753192408
-0.00625424509286913 0.0132344794587562 0.284283800362339 -0.378421402805053
0.0134574172929402 0.0145654597336766 -0.193716716389479 -0.385402386460951
0.0213668683180635 -0.0105706101968215 -0.321440969841085 0.0205151093807548
-0.0049779820747482 -0.026084169220617 -0.0997353693347353 0.191736404383411
-0.0117396936711382 -0.0154263933303048 0.0554284677201651 0.0642416388598444
-0.0152944368342146 -0.000372500924075013 0.0613757982076684 -0.0947382316256934
-0.0212550714889405 -0.0030889505545871 -0.0501515131680756 0.0922006152694873
0.00378104803193225 -0.0125877088802393 -0.0672697744872733 -0.0601410282327899
0.0149738073581963 -0.0125235694128656 0.0942198285248627 -0.16726750903587
0.0101484063052309 0.0122976662120999 0.282710859049063 0.0112671817979488
-0.0210925783066362 0.0167086607769147 0.171318788592326 0.396708610087371
-0.0355667419072179 -0.0153959327904735 -0.283055597005733 0.381583963882079
0.00265000544603114 -0.0114116431185382 -0.364685952783192 0.0211742553096235
0.00921740081194802 -0.00810282075400019 -0.030473985426076 0.0431694041263656
-0.0126364373567705 0.00964100526596239 0.362012588182211 -0.0234564556877942
-0.0074662570126819 0.0170874289608108 0.250685095803051 -0.392843833120253
0.0129310844388416 0.013959844446549 -0.224935065567121 -0.367108401267883
0.0205139760788237 -0.0135511683159167 -0.320068650152905 0.0418754424820129
-0.00518245291986284 -0.026572717199882 -0.0883519616786777 0.194601682630045
-0.0109668099092078 -0.0137946306937139 0.0620138088199723 0.0622023181708143
-0.0168918618902002 0.000190829528708804 0.0614402902288983 -0.0922948142040873
-0.0219448134220371 -0.00112288429285722 -0.050499257654117 0.0938575663481169
0.0054635090927295 -0.00991371184292169 -0.0606287442664595 -0.0605401684274526
0.0167797785933269 -0.0102244677796151 0.103898200839178 -0.164269127607766
0.00966444492262628 0.0122260602464522 0.279665307811162 0.0271216491744304
-0.0234885968854158 0.0161489168663894 0.142292771677347 0.40924941762616
-0.035958698453006 -0.0151514783742056 -0.31125793093898 0.368489382203467
-0.00156054577799036 -0.0101578751421231 -0.365683181819786 0.00629226796398442
0.00252464704023519 -0.0067896716587857 -0.0233408112778197 0.0453516041552384
-0.0169892124206762 0.0131400528343923 0.360146699286015 -0.0361791244428766
-0.00682585041990021 0.0203619900910585 0.225097530030701 -0.401027861351548
0.0131315826567345 0.0134746409018224 -0.247245239132878 -0.347665941587195
0.0183811673075824 -0.0153918264947617 -0.317852313084543 0.0591113288572113
-0.00505592331910777 -0.0247601703006568 -0.0778628585419918 0.196360596211132
-0.0104543454358845 -0.0107748363278876 0.0682709009536966 0.0616583083314499
-0.0176494294749635 0.00240004183583879 0.061381666591716 -0.0905062413421242
-0.0216730046985318 0.00178773868090636 -0.0497823579649945 0.0947956339181981
0.00631532246275182 -0.00552194599253059 -0.0556993818135218 -0.0590364090358805
0.0169403123937467 -0.00626994965013342 0.110862503492986 -0.16233204053429
0.00830406962304288 0.0131435011749248 0.276963676793441 0.0361371961106648
-0.024331355525674 0.0156045814705199 0.122942221990036 0.416446764495857
-0.0362020765543564 -0.0135797056684618 -0.330504526597087 0.361057353493276
-0.00712104985422154 -0.00949761143455297 -0.367999165361891 -0.000208366437137516
-0.00575009467006536 -0.00671710644511472 -0.0192290149376911 0.0473235774566176
-0.0218579612343578 0.0163670700983999 0.358114584673658 -0.0430725382565756
-0.00602148731331833 0.0227334860055964 0.206363058445728 -0.405474418930569
0.0139788364934009 0.012148546215176 -0.262529442941744 -0.336465216444934
0.0176470089220277 -0.0149998196665913 -0.316889336328328 0.0684129888898197
-0.00490634871604939 -0.0216806373285208 -0.0712042531305121 0.196815689244023
-0.00929830481258669 -0.00666350851569422 0.0726558361506441 0.0617397319421303
-0.0171687326199104 0.00530536994904753 0.0602777004855397 -0.0887778241180548
-0.0197887991254831 0.00530570756014239 -0.0500406075665711 0.0957357379772645
0.00687904416195954 -0.000491259580314801 -0.0534816517823638 -0.0570550987750607
0.0153195404881556 -0.000867186162160286 0.114338308438455 -0.163044198305475
0.00720599085159933 0.014877838552845 0.275317983291557 0.0362208690818125
-0.0230044459237485 0.0145237527351819 0.117321348504927 0.417506057184308
-0.0353590127948266 -0.0117664677795411 -0.335915454757454 0.360124121308777
-0.0134193078747765 -0.00856446415067721 -0.369615192184938 0.000643092123646513
-0.0145857886964223 -0.00718557997946148 -0.0193637800967708 0.0488316464393495
-0.0266615221049469 0.0185691675211146 0.355600803450759 -0.0432719789560441
-0.00435224316226286 0.0245864891210526 0.20259039638811 -0.405089392267773
0.0149875263688049 0.0107799222374806 -0.267024749645047 -0.333434675529551
0.016467592235629 -0.0134620591195912 -0.317276709077715 0.0698504846754011
-0.00436910904425881 -0.0162169095644417 -0.0680149574568305 0.196168792888878
-0.00816509507819505 -0.00217489878707275 0.0756431930751184 0.0625876965162922
-0.0160486372434606 0.00793722262000614 0.0600562510658312 -0.0876085831446452
-0.0167849690764291 0.00835423459352228 -0.0510977901232843 0.0953707785384465
0.00624913788454168 0.00425548684384114 -0.0537842095845251 -0.0539529732796954
0.0136280973991279 0.00542927365791272 0.112838139891851 -0.166740132387983
0.0065084475086225 0.0174951335842908 0.276112644190959 0.0279003350336845
-0.0204806773128014 0.0134474130334354 0.125180080899237 0.413569256943971
-0.034011512197063 -0.00991734742601977 -0.328976459379459 0.368153282949918
-0.0185469251859918 -0.00786453199640957 -0.371674879868295 0.00731384113995353
-0.0216482954221332 -0.00883421294683699 -0.0234632126192268 0.0501428188921864
-0.0301661350810854 0.0188421486054925 0.35477945058692 -0.036094617612596
-0.00183006851540599 0.0239751112688781 0.211718762594239 -0.401121972997468
0.0161202449741473 0.0098198279329605 -0.260658728087351 -0.341500106218976
0.0166222728845321 -0.0101098918200768 -0.319970981129752 0.0619745742438862
-0.00442275640707196 -0.0104927901537557 -0.0701436108557999 0.194642125095505
-0.00742597625282329 0.00280263482216989 0.0763376015226741 0.0657181553519814
-0.013453280207048 0.0114463956413949 0.0595218256982479 -0.087617774426379
-0.013670686314609 -0.00182391072242936 -0.0526290619526497 0.0875438546940578
-0.000512240099638852 -0.0108449046162144 -0.0861390157553758 -0.0519282837016128
0.00796548322944872 -0.00436477795210889 0.0621772333536994 -0.180830151590948
0.0121731876716793 0.0182786136516884 0.278126601663275 -0.0529490498612919
-0.00863629287781937 0.0162933670413263 0.254796454409255 0.333210223289075
-0.0303071798744841 -0.0144816239085119 -0.180210102336555 0.418026442044733
0.002858387642 -0.0163906436134779 -0.355440681601429 0.0738018041490613
0.0125889260687372 -0.0136959769110941 -0.0588118491276358 0.0390663409741941
-0.00768520229558426 0.00202569640891102 0.357610845726206 0.0290775120417494
-0.0021688874167187 0.00790164859414913 0.346115809508395 -0.337686231968304
0.0151101046956661 0.0139488823838438 -0.126385199658988 -0.41990359978205
0.0233105354248011 -0.00213274924075512 -0.319592876730475 -0.0268800910454499
-0.00594628866624511 -0.0190526484113343 -0.118936231569411 0.183638428062152
-0.0121378511465654 -0.0130572738663662 0.0444276839003884 0.0711365797249892
-0.01013031642901 0.00181226806030863 0.0606713555472317 -0.0968390932461626
-0.0165021079865258 -0.00338969655680132 -0.0516118852122291 0.0883881175889614
0.000954961120777854 -0.0130386707879673 -0.0805014942862626 -0.0562099802575732
0.0103511929775073 -0.00846113218559426 0.0727755757120511 -0.176258108910342
0.0116439378603785 0.0161544940794851 0.281711597541822 -0.0309458206620624
-0.0138069839539762 0.0170066582849455 0.230398400602318 0.356716289191517
-0.0326621875286086 -0.0154114300181249 -0.212841407042245 0.407541439481475
0.00546166510176494 -0.0150928928022561 -0.357537510556053 0.0545941418283735
0.0152476998282372 -0.0118444177299573 -0.048088089999152 0.0405820771265187
-0.00663090409893229 0.00338455443413241 0.361092608866271 0.0118194161454655
-0.00407363432392445 0.00938007965006892 0.318329734621865 -0.360209884728623
0.0137882271741912 0.014067907050882 -0.159241293123468 -0.401812081867788
0.0230545192435973 -0.00629275121760878 -0.320692308390408 -0.00398030353024877
-0.00477120092989092 -0.0234440711933464 -0.110014582883286 0.18730521653476
-0.0119217873470662 -0.0151836552425657 0.0492212375628172 0.0676179033389393
-0.0128064731009135 -0.000345491454968133 0.0607105643998554 -0.0963781551504056
-0.0193205876520113 -0.00392818986569124 -0.0506117925728669 0.0897009702682613
0.00230924088344595 -0.0143775336301835 -0.0744274276625562 -0.0587821941855768
0.0126109577889016 -0.0117994494879619 0.0840738875461233 -0.171707687497715
0.0115181443808436 0.0135879506320575 0.282708654351539 -0.00901882357232445
-0.0179347824499403 0.0168975387840023 0.200633673918596 0.377082106537929
-0.0342442076230314 -0.0156900408169201 -0.247166536291751 0.393982770467386
0.0050315685717238 -0.0137165948253399 -0.361329281253527 0.0369514301956352
0.0143956077839193 -0.00949515592275996 -0.0387289450592906 0.0412392258485665
-0.00832268521880522 0.00629435774937426 0.361442738111081 -0.00642188092827197
-0.00638587218869069 0.0132200282201423 0.28274020863033 -0.376381485400318
0.0134364595342623 0.0146470986676163 -0.192751784923807 -0.384131817016115
0.0220527616269152 -0.0108432215682643 -0.320278229234185 0.0200563748725387
-0.00447955536758617 -0.0259636482158682 -0.0990285042100686 0.191648987578225
-0.0118507625486811 -0.0150015818876784 0.055328414665556 0.0648095986606338
-0.0153361606145359 -0.000281216374919822 0.061567385333024 -0.0939956577002429
-0.0212439162257693 -0.00311420021079354 -0.0503571567546137 0.0909379699089917
0.00389548475920694 -0.0127495779435516 -0.0668768320772506 -0.0603881566496997
0.0154559143145745 -0.0119265667413273 0.0948269043094378 -0.16740964608607
0.0108681018899136 0.0127177306254752 0.282230019812571 0.0111549799249251
-0.0213018969729573 0.0169785174925415 0.171226733088622 0.395640040911627
-0.0355717153273967 -0.015642743882734 -0.282321252290937 0.380541521088261
0.00296147746513313 -0.011801167510023 -0.363644501546993 0.0203311283922931
0.00938861830026648 -0.007996612212208 -0.0302785491031513 0.0432341635876709
-0.0124778002123084 0.0097042792391565 0.361496969350571 -0.0234151421161363
-0.00719168263534582 0.0169403541422118 0.251080066954572 -0.39207597693866
0.0133644290567516 0.0139666533765518 -0.22256968026753 -0.365244186482035
0.0205308476883958 -0.0137780351327456 -0.319108701947287 0.0424348830304959
-0.00470665880186638 -0.0262967291146723 -0.0879023724720931 0.194363720130061
-0.0116642230747759 -0.0136410319505551 0.0617661889161957 0.0627002850812461
-0.0172311651807004 0.000570822595097893 0.0613236898483488 -0.0920539797927769
-0.0218358993488243 -0.000811709659359216 -0.0499704720246887 0.0929396713784901
0.00538205297492756 -0.010627285131171 -0.0606330530828464 -0.0598594507761286
0.0167605649086865 -0.00976701008986577 0.10407514625007 -0.164338867260306
0.00991077394995697 0.0123583579922769 0.278298494566572 0.0282687142704758
-0.0240801026913579 0.0161444889691297 0.142740013572579 0.407849267289051
-0.0361136035992409 -0.0144193458236465 -0.311164615255649 0.366220223700426
-0.00131164070842256 -0.00987076594079773 -0.364652325251871 0.00565080837745041
0.00276964113400173 -0.00700237404270797 -0.0229225940703927 0.0453051783625503
-0.0167168214084237 0.013402143677761 0.357640048434216 -0.0348527780053817
-0.00704722371869681 0.0203641303306408 0.225099541876106 -0.400108735087402
0.0133813115399956 0.0131175515767915 -0.246123499253768 -0.346381940442061
0.0189139641314029 -0.0155515716285561 -0.317379597254592 0.0589461671255039
-0.00488039176437398 -0.024340490780429 -0.0774994348821479 0.196090158148665
-0.0106831681373317 -0.0108611360923963 0.067765437876523 0.0614750703714903
-0.0175626650968677 0.00237084095376431 0.0614493133844294 -0.0900570510138949
-0.0215249860504971 0.00251601458968127 -0.0493348119558753 0.0937256166592402
0.0062676515566628 -0.0060367486259561 -0.0552113976401734 -0.0584527983621933
0.0168051483839479 -0.00683673260481646 0.111079694030593 -0.162409936814717
0.0087679306331307 0.0131768127893131 0.276459950978669 0.0361652330083177
-0.0245177766118759 0.0152996226453933 0.123725885873396 0.415704547024883
-0.0364589689837315 -0.013316487620765 -0.329283565742234 0.360665537118205
-0.00673415834592553 -0.00896109100891517 -0.367669654422029 8.36132611807895E-05
-0.00544765587119847 -0.00645174092989814 -0.0189891791670061 0.0471725291211504
-0.0212788101637664 0.0161226356558193 0.355485121350635 -0.0426792818580023
-0.00575926451273575 0.0227695391944167 0.206413155356843 -0.404997195131832
0.0143188741686518 0.0119245395118801 -0.261957662625464 -0.335408855267304
0.0177175409263029 -0.0150241702956 -0.316253939744457 0.068947584645809
-0.00464227086894342 -0.0212307425772642 -0.0707997393152755 0.196855841399436
-0.00929141020068814 -0.00674449676231354 0.0725521098579798 0.0620752826142116
-0.0175468437501179 0.00543484472075778 0.0605300479126841 -0.0881777130208936
-0.0196584038117343 0.00566570560671437 -0.0500677635035839 0.0944443327909952
0.00689034369706007 -0.000989535652200345 -0.0528180089151838 -0.0565550207500662
0.0155098081973127 -0.00104296629106907 0.114399348218346 -0.162774848626184
0.00810973198881145 0.0154048825653129 0.274706674565284 0.0357658198066143
-0.0232132581205614 0.0141054778975753 0.117766416047549 0.416684198468055
-0.0355555462894135 -0.0117577826550554 -0.334537638299696 0.35897028503003
-0.0130561317311237 -0.00899201999281551 -0.368880581847321 0.000479273020808364
-0.0139126608635887 -0.00760709394716333 -0.0195015654211057 0.0490066941336276
-0.026012003757662 0.0184064441134965 0.353640471777609 -0.0424708572525532
-0.00389342411133856 0.0238459706797291 0.201666184925286 -0.401953568914238
0.0150354145173851 0.010898336800822 -0.266231224763499 -0.33212036528836
0.0169718535868611 -0.013121920733159 -0.316378934740906 0.0699788494417505
-0.00433798964002424 -0.0157876921532534 -0.0678161865774704 0.195976198628767
-0.00828146159289519 -0.00182597885026633 0.0751215963488507 0.0625676258414786
-0.0162594175451131 0.00844255207579022 0.0600269991523825 -0.087143362574021
-0.0166479157219355 0.0088981500086105 -0.0511116004135495 0.0944818267860215
0.00632177298455521 0.00369691933430568 -0.0534502638603844 -0.0534878270572052
0.0134734289849351 0.00539785611312986 0.113279470886713 -0.165981938917378
0.00669500840616174 0.01773896254234 0.275773681147029 0.0274231027219921
-0.0204899850136394 0.0134008873088436 0.12526760607765 0.411925439697542
-0.0338584084471275 -0.0101004026929975 -0.327812804894128 0.366059838048617
-0.0184521845415904 -0.00828911845118863 -0.370934325720233 0.00813184012341137
-0.0208266579423169 -0.00869242645665719 -0.0231776347181305 0.0495890662774308
-0.0294985402095325 0.0187415090794991 0.353641210412473 -0.0351151287806786
-0.00193929217607013 0.0239956166574551 0.211442836513213 -0.39937365861932
0.0160864914192872 0.00965894894004686 -0.259814593851492 -0.340258096195174
0.0167344433463978 -0.0100365006447446 -0.319116161812119 0.0614618755478966
-0.00412399030414217 -0.0103035373343259 -0.0700594265464896 0.193966632768452
-0.00721948566085651 0.00245776326972147 0.0757782570408193 0.0654618692836158
-0.0141450214979425 0.0112298172584129 0.0594307441005295 -0.0864460153316159
-0.0135836484531693 -0.00168990543189271 -0.0528215819477226 0.0864555010939268
-0.000713007806810377 -0.0114768354650972 -0.0862245991675429 -0.0518214730475883
0.00784660967734912 -0.00422101070049479 0.0624813198480188 -0.180377816032212
0.0125538972645585 0.0185205411594928 0.277747706578821 -0.0520978556115443
-0.0092429013844505 0.0161452728134091 0.254894184953983 0.332750763425298
-0.0304654474085389 -0.0145822638950343 -0.18121696178589 0.416791037739439
0.00336032519424257 -0.0157821763242037 -0.354638519708704 0.0725262604218083
0.0126646054848404 -0.0142158715157245 -0.0586639543615849 0.0390193260911524
-0.00720669557250686 0.00219974306379138 0.35645370571214 0.0298200668180818
-0.00224603473398131 0.00764450141707531 0.34674369089239 -0.336076404671881
0.0149432149968905 0.0140163737542808 -0.125548715913559 -0.418606600439251
0.023496845913112 -0.00216623306940148 -0.318854198896923 -0.0273171594910012
-0.00533507414801671 -0.0189908836201148 -0.118988152654352 0.183326600746052
-0.0124586903786835 -0.0130203743250449 0.0443090857271993 0.0713847889873779
-0.0103434586687667 0.00187269986950454 0.0609550270328567 -0.0964218265798207
-0.0161340087544725 -0.00307611222844706 -0.0516323435378301 0.0878401706391799
0.000420423625550949 -0.0135056811468049 -0.0806943116666643 -0.0559039021987513
0.00986475493127627 -0.00893419045233115 0.0733046667445383 -0.175785062807334
0.0120007600248692 0.0159541900698202 0.281269308329163 -0.0296528093551213
-0.0138680520010796 0.0167867640940043 0.229189126917963 0.356348428594187
-0.0324093521394781 -0.0156814160568564 -0.212213880240582 0.406254979563505
0.0060539353993608 -0.0156441834001981 -0.357373958094293 0.0540738420552412
0.015553084543348 -0.0115745899641219 -0.0483430109935689 0.040175255988662
-0.0061849931442135 0.00394571880366366 0.359608841545493 0.0125076312498998
-0.00430025552970988 0.00942500656414623 0.318766272420158 -0.357437067075355
0.0137553450078956 0.0143513589152784 -0.156896544180762 -0.402388617950382
0.0231616850615002 -0.00679261451229487 -0.319904977795996 -0.00374599228237719
-0.00463055058978048 -0.0231438793394387 -0.109696103413078 0.187389475355147
-0.0120517184782695 -0.0152247341491576 0.048953924327197 0.0680907258625668
-0.0129418875065428 0.000259836697142914 0.0609470874933927 -0.0954063019096089
-0.0193838462149636 -0.00337619904885266 -0.0510364964542265 0.0891438663483461
0.00224127916968023 -0.0148602425175564 -0.0737667601744491 -0.0584520766208821
0.0130084883531792 -0.0115475774071984 0.0841691092519751 -0.171818012069731
0.0116425136075199 0.0135151227471095 0.28173648424662 -0.00888375772326626
-0.0181482231835872 0.0166853006476643 0.200559312511529 0.376232468138896
-0.0343187654215943 -0.0156474367570679 -0.247022189347107 0.394101841810086
0.00576738628297882 -0.0138807260637461 -0.361083142798581 0.0349845158154548
0.0140972732469429 -0.00988640862221414 -0.0383934126527722 0.0413147501035978
-0.00819307427645499 0.00599792375708081 0.361159693694753 -0.00526651121200003
-0.00646924370632446 0.0132807048894034 0.285104042067278 -0.374496055131634
0.0128643812772831 0.0138190707512717 -0.192993657567687 -0.384086161555974
0.0221121012729875 -0.0107148049319696 -0.320206125009774 0.0202806268797038
-0.00448167832658101 -0.0254890191283951 -0.0994749532784328 0.191370722268021
-0.0117738039103342 -0.0157096057181969 0.0551256546958775 0.0649826218847977
-0.0158561728582838 -0.000299896457999179 0.0616972124125778 -0.0941510874728007
-0.0211229439511448 -0.00260027564210105 -0.0498138151143347 0.0908928308292441
0.00405505312964782 -0.0131036151004721 -0.0665957889743872 -0.0602236946409748
0.015568936137662 -0.0122070979327299 0.0948831428855762 -0.167053817604568
0.0112544999837225 0.0123281729555133 0.28150446228999 0.0109667703755385
-0.0218126747263823 0.0170443914637841 0.171826798971185 0.394390670459704
-0.0355653054563451 -0.0155199928438025 -0.282923497010104 0.378678643056849
0.00320333430664216 -0.0115437813725461 -0.36284864647636 0.0185697064075626
0.00987797752012811 -0.00833413777352368 -0.0301420867635994 0.0433134562532795
-0.0120785297230497 0.0095998742840781 0.35958983082861 -0.0223965527218243
-0.00745466948433139 0.0166946229770099 0.251020370058142 -0.390314470630942
0.012784773276339 0.0138496289538833 -0.221807855903648 -0.365076047918936
0.0210423828488491 -0.0140029058100692 -0.31903476030446 0.0414777425665362
-0.0047815756687663 -0.0262636987804668 -0.087996720149982 0.194335227653893
-0.0111963897272526 -0.0137545825052952 0.0616941186294547 0.062905945436343
-0.0176470438961374 0.000559369251848803 0.0611800709453129 -0.0918035953796726
-0.0216252228311277 -0.000952498233382461 -0.0500478401615973 0.0926119359867026
0.00534444820195786 -0.0107663789746946 -0.0603139515346284 -0.0598872162880673
0.0171082421729198 -0.0101673281290359 0.104568938576938 -0.16449808900498
0.010276727877361 0.0121573554559195 0.278588624125901 0.0281460965448403
-0.0238836788673619 0.0153891701627736 0.142311771913392 0.407452259547379
-0.0359649787091834 -0.0144195429191154 -0.309396416749119 0.36629166608953
-0.00023853160758255 -0.0102171394419872 -0.364454150744245 0.00495645917898771
0.00306569780006439 -0.00702151455441544 -0.0228032418799133 0.0454554281278973
-0.0163655354808213 0.0132381630339964 0.357335691703953 -0.0359094983734576
-0.00686507574478762 0.0197612009552671 0.225161087001806 -0.399089827755541
0.0132696452091737 0.0132629323564442 -0.245274724402009 -0.346595808299258
0.0191777947455276 -0.0156622854384435 -0.317134296832469 0.0591629114567963
-0.00423589124242182 -0.023958721397337 -0.0774992801689834 0.195897997243063
-0.0110951414732987 -0.0107418029388033 0.0676961524812761 0.061474809695295
-0.0179287697143963 0.00274457740999537 0.0616485025026706 -0.0903182690364043
-0.0211814172471477 0.00244309260698587 -0.0493846294695202 0.0936540687388182
0.00615037530955012 -0.00621007948104969 -0.0551091120578645 -0.0584177351017562
0.0168308346734427 -0.00617750907167466 0.111359181482003 -0.161914950187946
0.00906630096703149 0.013050421778699 0.276701074283741 0.0365612346029347
-0.024531207931826 0.0145295839353034 0.123337008202921 0.414880475161449
-0.0363884268857471 -0.0134679897992405 -0.329274252180777 0.359397714072992
-0.00635353764419273 -0.00917910869734722 -0.366974222671616 -0.00100396212549089
-0.00517751408651962 -0.00688800605303749 -0.0192870677933395 0.0473048356070774
-0.0210757511229956 0.0161702827433863 0.354929453019981 -0.0431378087489034
-0.00598840590046489 0.0227171012962655 0.205735968418164 -0.403267292354338
0.0137320117992366 0.0114587664273543 -0.261376302493276 -0.333718632475198
0.0176377928527917 -0.0153150195622355 -0.316559658541047 0.0685018433574434
-0.00461609062702989 -0.0209035101558213 -0.0708197754804491 0.196647206030164
-0.00946812195445788 -0.00636067280097364 0.0721252020446196 0.0618555093861212
-0.0174058560157561 0.00575362571107362 0.0607972862536419 -0.0882141968648348
-0.0197973781937084 0.00546681684702924 -0.0503717550457524 0.0942117338504482
0.00629729572704075 -0.00117035556245124 -0.052634985157088 -0.0564510355245217
0.0157450058982633 -0.000755787028786288 0.114662263949475 -0.162679324709143
0.00836970882943461 0.0146955095273192 0.274426885688245 0.0365066634627743
-0.0232918045224206 0.014105627604252 0.119119553021499 0.41653956191519
-0.0354116241323933 -0.0117886570059938 -0.335103793193536 0.357130705055527
-0.0122980562067338 -0.00901448878742102 -0.36880005230622 -0.00143632055787528
-0.0139775351541452 -0.00768300790963232 -0.0193288137954663 0.0487260343339697
-0.0260750940455885 0.0182656572030089 0.353143441106698 -0.0415187334415776
-0.0040630102346212 0.0239896117300941 0.202337583221986 -0.400549846125744
0.0149250946268374 0.0106345424148347 -0.264699830336962 -0.332205939129328
0.017121881917846 -0.0130859785568815 -0.316349230618606 0.0696872405025949
-0.00389653923695962 -0.0156349394264911 -0.0677094206002943 0.195895286797553
-0.00882129465124931 -0.0018727705090291 0.0755441844780063 0.0630295647819659
-0.0163947040772735 0.00888995756623096 0.0606583369727574 -0.0867705628333272
-0.0164143291153992 0.00912727777801477 -0.0512944656798337 0.0941976017625082
0.00606154392218578 0.00355288300582456 -0.0530526198931412 -0.0533961680900766
0.0136647696924207 0.00535131138711129 0.112902248500644 -0.166499396045041
0.00746243458609235 0.0170808938308054 0.275267749524548 0.0282764623104282
-0.0206960833967218 0.0131245316052046 0.125960895160369 0.411885189200559
-0.0338658931294923 -0.0100103813301016 -0.327677094676554 0.365372767329001
-0.0182009111373364 -0.00861590927190052 -0.369877568390769 0.00702446103284261
-0.0212583570340592 -0.00917465394273836 -0.0230214509836111 0.049606829293798
-0.0297520823990664 0.018858854871363 0.353214329665594 -0.0347860537570007
-0.00165381792570532 0.0240147488306994 0.210880096275848 -0.396792258431438
0.0161769995695109 0.00946972235368141 -0.25942651039281 -0.340727252341168
0.0169521730652587 -0.0103133507767371 -0.319055213873316 0.0613156641142681
-0.00415038977222639 -0.0100867924815662 -0.0700995886874025 0.19405784350085
-0.00729137121587172 0.00299724771392171 0.0757243536615153 0.0650784242961404
-0.0139315574972842 0.0119121707126324 0.0599225192192555 -0.0862822354171661
-0.0133069781942642 -0.00115035302187566 -0.0528989263948661 0.0862908404561096
-0.00063188407653935 -0.0112117561726633 -0.086151486190592 -0.0511893763521324
0.0085797324784919 -0.0040598258577853 0.0630995342397441 -0.180712265637396
0.0128342435062263 0.0189009345953211 0.277988997788463 -0.0518344921758256
-0.00940888615308686 0.0159391147970686 0.255273880103224 0.332785368613973
-0.0304980884389494 -0.0145398722107239 -0.180959501930617 0.416418195480779
0.00380230042444945 -0.0164959753833408 -0.355587889174689 0.0712467487757076
0.0127970515947708 -0.0137552778978286 -0.0585804059516232 0.0389471565363143
-0.00708911390297238 0.00220793919670842 0.356418884144931 0.0307556852443311
-0.00220711327546755 0.00765958120112196 0.347645462873344 -0.334278621091062
0.0151816309974538 0.014076360668401 -0.123723629357326 -0.418343852212007
0.0239076852988532 -0.00224605034227285 -0.320453804640864 -0.0273495440572316
-0.00529938937719394 -0.0188977060853735 -0.119703994105428 0.183433245431754
-0.0125179504083902 -0.0130294350114891 0.044291740911723 0.0718865785148086
-0.0106892732002787 0.00183569544490409 0.0613023798969599 -0.0958570562912042
-0.0161323575948708 -0.00270771083879082 -0.0517152762609547 0.0871211431804628
7.33431904814969E-05 -0.0137584384997894 -0.0801197871255369 -0.0559884603202416
0.0107407531694487 -0.00906887957312966 0.0734468453778211 -0.176212730362731
0.012072027593583 0.0155003455194925 0.281311806943826 -0.0293007872865001
-0.0141199971069641 0.0167561391473421 0.229613944543229 0.356015443448764
-0.0326700121215116 -0.0157111484348843 -0.213196191652611 0.405501077151927
0.00637334731736976 -0.0155405076744666 -0.357400585464964 0.053330642187765
0.0160123231183178 -0.0115761351600455 -0.0480271350407682 0.0401500615152436
-0.00609382690989656 0.0036515220610664 0.359291945598649 0.0129770140054103
-0.00445533414234681 0.00951856216330352 0.318824920943863 -0.356449956401677
0.0136761382610451 0.0138896410650184 -0.158097203007759 -0.401127949002407
0.0231435914470949 -0.00668764853329545 -0.320567091429898 -0.00436856073562535
-0.00438021374195771 -0.0228978197796594 -0.110091832671977 0.187593825748878
-0.012746312072116 -0.0147745400636481 0.0488923725268664 0.0684550842395223
-0.0129321030454267 0.000799536684273384 0.0615272594230523 -0.095498524580117
-0.0189924951885966 -0.00329628361075497 -0.0518443195541177 0.0890192672194761
0.00193919269544703 -0.0151451215919038 -0.0738369000032644 -0.057961207433303
0.0135245557374769 -0.0114594440556442 0.0846785359467759 -0.171686723447626
0.0127790700208655 0.0133172667005395 0.282262811358849 -0.00867807043739501
-0.0184780225319626 0.0168872927218975 0.201717022767007 0.376913650670613
-0.0347427327902577 -0.0157531012924963 -0.248009510368685 0.393789391098593
0.00611212374684707 -0.0137869400327946 -0.360774287013854 0.0348310504792999
0.0142453263336688 -0.00977603124723835 -0.0385895089647167 0.041784233309591
-0.00782566870646202 0.00584379692254873 0.359577647607472 -0.00569366654294329
-0.00625094378832284 0.0128850810034021 0.285445474597896 -0.374704002463849
0.0131429505898907 0.0143804777677931 -0.192321457727891 -0.384264569872905
0.0226971504884308 -0.0109298017964803 -0.32043496582696 0.0202190661611779
-0.00406550540866786 -0.0252847499312275 -0.0992794756296327 0.191331551783026
-0.0120179936766548 -0.0150085713722724 0.0549379203945603 0.0654967132842019
-0.0156027047867046 0.000618092787390662 0.0625143961938403 -0.0935708198086243
-0.0207736843376282 -0.00225996724327988 -0.0502869970865261 0.0901506099719828
0.00360618912627097 -0.014129116222009 -0.0671996457652839 -0.05982629985834
0.0156614752186882 -0.0121799349852532 0.095720916219595 -0.167556898842426
0.0116720228728691 0.0125048033537849 0.281442407469176 0.0116395933081165
-0.0219827050661749 0.0169590389351155 0.171409700290108 0.395343741117402
-0.0361763442852849 -0.0154593962948502 -0.283034369340719 0.379506669028399
0.00372582637513836 -0.0121841898457918 -0.362713688864146 0.018066863029446
0.00983959946686281 -0.00820321002103627 -0.0297477733694286 0.0433937033725696
-0.0121008060489618 0.0094089153787294 0.358603381929258 -0.0224866942661413
-0.00711987863100535 0.0165650579387677 0.251743538487468 -0.389927705315131
0.0127827171473746 0.0133288886325968 -0.22206578837281 -0.364935606335232
0.0208973922860517 -0.0137450244139011 -0.318909908688583 0.0412406149769154
-0.00459572461305274 -0.0260453818621511 -0.088881061625237 0.19456250131591
-0.0113577152101256 -0.0135029315190101 0.0615203141973016 0.0633805552884529
-0.0175168215858867 0.000923369482020597 0.0620592221691537 -0.0917085457307301
-0.0217430448680619 -0.000611572967347845 -0.0501775625998096 0.09204223116794
0.00512631492776717 -0.0113246895825884 -0.0603002530195748 -0.0598031329141994
0.0172566346494604 -0.0098117993965417 0.105581857671628 -0.164558090546067
0.0108706587550945 0.0117572359917181 0.278178517787458 0.0278403949468708
-0.0240871619447523 0.0158362314698478 0.141940521797614 0.407897705069921
-0.0363874228630257 -0.0147766208715506 -0.310050667776292 0.36489750396166
-0.000189111555618681 -0.00997531288526866 -0.363764723997587 0.00508387216480983
0.00296330938030291 -0.00760991879391687 -0.0225080202419991 0.0456084116523991
-0.0164056550721082 0.013229421563709 0.356492571453415 -0.0346980221899606
-0.0064513751268642 0.020271654181006 0.225603989978746 -0.398276246680788
0.0133407397674189 0.0126994017573244 -0.244778848858774 -0.345071116043796
0.0190817263335146 -0.0156258895294317 -0.317167221051145 0.0589462857837192
-0.00447752395672864 -0.0239267104757516 -0.0781674677086768 0.196260177823634
-0.011107651388521 -0.0105849657692258 0.0680340130591768 0.0621336084211977
-0.0180484977425398 0.0030677760996588 0.0625006040527978 -0.0893856004255917
-0.0207904282930842 0.00260674570472668 -0.049752559282578 0.0931569415037366
0.0061422048205666 -0.00674150568125043 -0.054822511382182 -0.0585290776940789
0.0171583535218936 -0.00611914311503021 0.111836675368584 -0.162363681830392
0.00984101448106503 0.013089839231351 0.276418401352473 0.0364274304581202
-0.0247496062935658 0.014485109578644 0.123853224031202 0.415481592318367
-0.0365030969300959 -0.0135430621577054 -0.328747070059485 0.357939817191419
-0.00627937134860115 -0.00935417830492506 -0.365540381543253 -0.0012377567123221
-0.00488020549010871 -0.00738768323778235 -0.0185730151058546 0.0471285355809626
-0.0210242109922505 0.0156960879971455 0.354415819034877 -0.0419940787907609
-0.00563804928758751 0.0226222796646419 0.207013680493615 -0.402360551944794
0.0135537176835503 0.011885711712576 -0.259399340309496 -0.3349663359442
0.0180512579200118 -0.0154307474179327 -0.316774529047788 0.0684734094740488
-0.00447438492488209 -0.0205659570236895 -0.0711477341570438 0.196918087878931
-0.0103268957928714 -0.00692348023180458 0.0726059726995191 0.0618499050649301
-0.0176770171127829 0.0058463314409041 0.0611708438651579 -0.0881896109648039
-0.0191750090546006 0.00589073690263273 -0.050526871085182 0.0935277179704036
0.00640503533953793 -0.00166780876886543 -0.0527734976706773 -0.0563149571670046
0.0158709133874625 -0.00121467091903636 0.115184964610768 -0.163506323328864
0.00857328463984563 0.0145314709991588 0.274885580821694 0.0366748006210545
-0.0236161184764302 0.013614807372948 0.117197316005118 0.416268665236188
-0.0355611083563735 -0.0118681502524736 -0.3352555010255 0.357244926298261
-0.0119579535853098 -0.00874047055847324 -0.368644807026483 -0.00213747632903018
-0.0134274185150547 -0.00800029282506468 -0.0190146878721509 0.0487365115999828
-0.0255754573582223 0.0179572914727363 0.352673729539244 -0.0410370172507631
-0.00389224046732959 0.0235948486016565 0.203193250441767 -0.401466566170353
0.0148178670955867 0.0104819079109669 -0.263819380847084 -0.332347116704298
0.0173236178764408 -0.0131311730780596 -0.316415335251827 0.069803766074959
-0.00371424211834506 -0.0156049907525629 -0.0686775188721529 0.196363239434709
-0.00890730394544135 -0.0016038547471229 0.0756011779476748 0.0631809477155465
-0.0164272291531863 0.00874894007643517 0.0611099106965154 -0.0860315440956187
-0.0166398962410064 0.0094913758091306 -0.0512642404191025 0.0933110050832052
0.00561525022406368 0.00282116340012137 -0.052902212323709 -0.0534832818302644
0.0141259812001046 0.00517222648003089 0.114012478993337 -0.167003785170398
0.00791716334161357 0.0172252324593735 0.275412985205405 0.0287100164172616
-0.0210142833443624 0.0133437491415785 0.125441107856268 0.411185368164444
-0.0339450123890443 -0.0103146168008569 -0.327928474446594 0.364254382232978
-0.0177024756147258 -0.00888634011051713 -0.370239102164487 0.00642633786651505
-0.0207138511643691 -0.00886986212216542 -0.0226527730879883 0.0490881138215541
-0.0295783617863098 0.0188284528555827 0.352465210547478 -0.0340139526795382
-0.00160712602390575 0.023701768924878 0.212959145567072 -0.396903611357747
0.0157374392304777 0.0103089118282862 -0.258065698792958 -0.341058295542222
0.0173578444310231 -0.0104341099673613 -0.319332676356338 0.0608943139035013
-0.00363331067923876 -0.00971915132978194 -0.0696907175463286 0.194159497202477
-0.00797239313889671 0.00353179067398672 0.0761282124520477 0.0659569033270646
-0.014595495382496 0.0118907263137978 0.0602740155746566 -0.0861038623040438
-0.012945104873612 -0.00075618345829023 -0.0538885727445237 0.0856472382576283
-0.000952752619310607 -0.0123556092121488 -0.0858728486970686 -0.0513040955599893
0.00869463171791853 -0.00386878874030683 0.0636329289776951 -0.181488807788341
0.0132236076957636 0.0182743932621557 0.278144048118629 -0.0521214704417806
-0.010223255344367 0.0163533201074021 0.256115672605801 0.334022841158237
-0.0304311007991444 -0.0146837000793413 -0.182088276375487 0.416075418331504
0.00407824146718485 -0.0166198325977323 -0.356578290008028 0.0718404367699922
0.0131050509770618 -0.0142010009861873 -0.0583892339301753 0.0389768790594596
-0.00689978022279398 0.00223783547055469 0.356306799915174 0.0318658572155897
-0.00182724359907766 0.00759481411807555 0.348695709103806 -0.33536783092084
0.0151875258337885 0.0143844527691593 -0.123575075732581 -0.419553803398353
0.0243430789725379 -0.00261101016637439 -0.320722881493243 -0.0276766946777058
-0.00494038928995738 -0.0182425699826131 -0.120025726704323 0.18362464437592
-0.012645008586051 -0.0129142329478697 0.0441917921061057 0.0719983876629534
-0.0104440013688296 0.00274221935669324 0.061508708123968 -0.0957728795498948
-0.0159559194004562 -0.00273050030753765 -0.0526728022397068 0.0867633027231323
0.000491904534093349 -0.0142809883913694 -0.0797458381855336 -0.0556871736739384
0.0107140691523614 -0.00890533948632955 0.0745037036667646 -0.176971960792435
0.0128815775447691 0.0158032309979659 0.281948045308001 -0.0293923695702509
-0.0142216168516757 0.0163985355580576 0.230381240439712 0.35633771298396
-0.0327378507331188 -0.0157415535347957 -0.213890734221801 0.40571865346781
0.00650035917940719 -0.0157839012111315 -0.358339938030006 0.0526314831558654
0.0159294596603223 -0.0119212595783898 -0.0476942494491544 0.0400503617777957
-0.00616862471605474 0.00360992564327469 0.359294975145375 0.0134702178540318
-0.00401615532203442 0.00942908113226643 0.321156532600303 -0.35618106174122
0.0137568920743199 0.0141705252059142 -0.157174242650681 -0.40378041746312
0.0234514769918179 -0.00668371037124795 -0.321406330578846 -0.00409220426713082
-0.00445584972523679 -0.0227357491633475 -0.110427879463912 0.188144115030422
-0.0124553147484771 -0.0152767297063456 0.0486752452577657 0.0685539846722398
-0.0130193938167965 0.00111731069143485 0.061935884895603 -0.0952910043228072
-0.0188837929497505 -0.00315684744679311 -0.0516600750293769 0.0883902755020586
0.00176206803285292 -0.0154344039744697 -0.0737863344815603 -0.0583520793917799
0.0131024644826758 -0.0116956795502435 0.0854968513524631 -0.172741068523958
0.0126862588045289 0.0133596441651289 0.282685347735317 -0.00789801795069996
-0.0184766314772389 0.0167589585259704 0.201292952875659 0.377099054318826
-0.0345399410600541 -0.0155251745855942 -0.248320744341077 0.393514363887065
0.00657374636571564 -0.0143136179947974 -0.362704351138799 0.0340465940432029
0.0147623449757285 -0.00993675800113387 -0.0382420209555326 0.0418167482336749
-0.00815650758533432 0.00611547433403347 0.359958940506591 -0.00483490227380373
-0.00617588363480553 0.0129782988619302 0.28670093506949 -0.374320946052899
0.0133896644390977 0.0140792138948663 -0.1914876268636 -0.384709262847623
0.0224625598606309 -0.0113723065714603 -0.321559432730982 0.0203388085978758
-0.00401070399554098 -0.0254756195887391 -0.100240091608046 0.191958383986165
-0.0120828038748927 -0.0152227043609788 0.0552541756894253 0.0653576749551062
-0.0156282911622823 0.000458680578336471 0.0626966605404401 -0.0936666607101246
-0.02069372884071 -0.00241376008085829 -0.0504532531684115 0.0901532509281406
0.00374738800732814 -0.0139812443901829 -0.0665884195788784 -0.0593646276725266
0.0158429385702427 -0.0122251182354939 0.0962578074559007 -0.168075547859817
0.0119788315712298 0.012408716782168 0.282190946125825 0.0126283071934288
-0.0220047166860985 0.0165454391406668 0.172056611231918 0.395013262720206
-0.0361750832824138 -0.0156566369109676 -0.28331552409119 0.379648939500062
0.00423940473596865 -0.0123861869518775 -0.363073489918643 0.017631483478815
0.0100946884070901 -0.00872636988612079 -0.029297973891129 0.0434822649607182
-0.0116796205003281 0.00946759975971799 0.358879186537789 -0.0216971771653662
-0.00708849925538968 0.0166213166886399 0.25327678719227 -0.388046101151909
0.0133692962889086 0.0136385721546895 -0.220890525530786 -0.365240629726728
0.021184149383751 -0.0143110489743727 -0.320227248100275 0.0421858960376308
-0.00405863243435215 -0.0259270469349567 -0.0887723806548377 0.195543566685762
-0.0118948831229536 -0.0137046997970966 0.0621404015848592 0.063880271951136
-0.0174429198898722 0.00138975663919015 0.0622748948847473 -0.0916226626290922
-0.0214553005401835 -0.000169042233197361 -0.0507655579704745 0.0914142789940219
0.005186444587153 -0.0113998361370888 -0.0599188848859266 -0.0599717092582368
0.0178199024831641 -0.0102746093702157 0.105704978686937 -0.164996792371931
0.0114980578325419 0.011982863127375 0.279493635053525 0.028999257058987
-0.0249371795674133 0.0156286727558185 0.142788587741231 0.4085901041988
-0.0363264445322042 -0.0152412542361353 -0.311472130102934 0.365737619968299
0.000298867333683122 -0.0104867066723862 -0.364612813881437 0.00352565590150781
0.00318933822705926 -0.00766272533925191 -0.0225015517741931 0.0453191688758543
-0.0160948086363576 0.0129711839228701 0.357167569410124 -0.0336042639879785
-0.00723995829821572 0.0199336741348191 0.22568325403036 -0.398538432389852
0.0132314675075066 0.0129883950516087 -0.244506566163332 -0.347243621148446
0.0193715903475432 -0.0152902675876754 -0.318558011786337 0.0587833879778501
-0.00417681863862358 -0.0236124014959933 -0.078328609420685 0.196951309633824
-0.0113017122711657 -0.0102478872317563 0.0677968905030663 0.0623914969208289
-0.0179814912189824 0.00327847446732683 0.0629812984149414 -0.0895345011791042
-0.0208166108114173 0.00299935624688745 -0.0502439859812708 0.0925906743785919
0.00544196192346015 -0.00729570448212316 -0.0552057919224038 -0.0587396035606788
0.0175616400016662 -0.0064690476552209 0.11254732472205 -0.162835460223225
0.0102411569733914 0.013103533916247 0.277471530476413 0.0373545877680834
-0.0251687276112247 0.0146643494318138 0.123568999305471 0.415825516760577
-0.036458346054178 -0.0134337798318904 -0.32931040248523 0.357894561615298
-0.00599790859094338 -0.00959900562396752 -0.366971019201106 -0.00232282654728868
-0.00511763214793709 -0.00745500872177561 -0.0192612538587596 0.047491845839561
-0.0214088273409414 0.0159711822950404 0.355285348953719 -0.0412860229525271
-0.0058611055831959 0.0222200893878084 0.207972737610333 -0.402754482378607
0.0137389155878129 0.0116239821133088 -0.260241255926498 -0.335112014062245
0.0184055292382663 -0.0157480653837788 -0.31819231289307 0.0690813574546431
-0.00355354205428052 -0.0201419713071603 -0.0715142757127246 0.197564355461161
-0.0101448840233031 -0.00607909106073578 0.0729467586809554 0.0626442192588276
-0.0178757777557316 0.00574480003127455 0.0615967336442557 -0.0878247409281399
-0.0190493773531318 0.00617706491545504 -0.0508597983078008 0.0928407834372818
0.00560770242343208 -0.00204657646523553 -0.0523704187704404 -0.0563162774110394
0.0159656032915958 -0.000758577660559335 0.116279810563002 -0.163777731443285
0.00924532055203585 0.0146861810777525 0.275588414304396 0.0368649538730712
-0.0238770455477614 0.0137150502185117 0.117868922022892 0.416881245250589
-0.0359381499622128 -0.0118055706550707 -0.335468539996223 0.357116068503472
-0.0118187630296553 -0.00927445580725353 -0.367729228737167 -0.00188662983066832
-0.0131940275363409 -0.00802518167431408 -0.0190872789403874 0.0484749385849574
-0.0254163348311642 0.0183337400373927 0.353380212130868 -0.0406347979476939
-0.00407162384123787 0.0237862026151312 0.204750279681018 -0.40119442948156
0.0147292396864972 0.0104519605787007 -0.264001349247824 -0.334001930588444
0.0176049221141639 -0.0141586757961218 -0.318249514987181 0.0692495708889092
-0.00345935597313446 -0.0151598392406663 -0.0687770231690012 0.196718661811375
-0.00914974439554209 -0.00144313233151821 0.0756860667765861 0.0634261491326846
-0.0163294622870921 0.00941621211856734 0.0620850890112572 -0.0866947859982987
-0.0159355067802013 0.00973882566699624 -0.0519428625697922 0.0930957070489891
0.0058027754657105 0.0026236464805736 -0.0531590068641217 -0.0536508975364649
0.0142057569494044 0.00529069075469265 0.114794726000897 -0.167309445013089
0.00798419160009336 0.0172733417836336 0.276119646640043 0.0289211989852586
-0.0214060264905549 0.0129299719183439 0.126445513106272 0.412751167162902
-0.0345184391890219 -0.00995512598610153 -0.329011335220952 0.365271868805737
-0.0168600623275785 -0.00874490949101834 -0.370255768970186 0.00516425988813459
-0.0207314985746913 -0.00937178564264957 -0.0227704725152289 0.0490750658432159
-0.0295656706044687 0.018107574607189 0.352590565283419 -0.0333153275414567
-0.00192424410570232 0.0239033370877894 0.2137331650459 -0.396335476171355
0.0161915475357071 0.0100678264784609 -0.259140896045111 -0.340939352623834
0.0175254875889421 -0.0104390524117036 -0.32034660549742 0.0613447693547885
-0.00319213147952586 -0.00987601662185942 -0.0704881547500313 0.194823362405369
-0.00801328994068719 0.00302683775120314 0.0762593163036427 0.0666202862785384
-0.0140568210354669 0.0123842337321076 0.0609549490140063 -0.0862779325014867
-0.0127831754236263 -0.000524191214661221 -0.0541057539169233 0.0854038806666229
-0.000996480128738696 -0.0124124005529081 -0.0864645558182989 -0.0510713820210813
0.00851102865138319 -0.00411416645135493 0.0642805207080324 -0.182467708610473
0.0137227640725784 0.0185209821212857 0.279942055311074 -0.0513281385467286
-0.010430840217958 0.0163005718936283 0.256789736066922 0.333888391528527
-0.0313837550335875 -0.0146272980983384 -0.182583516563723 0.417584473787866
0.00471212652782829 -0.0165856498905275 -0.355982296471786 0.0716409494248025
0.01361359356128 -0.0143384411252639 -0.0584483476654563 0.0392375244103194
-0.00686213460084099 0.00201399711704003 0.356750089491627 0.0325196969853536
-0.00169899274756726 0.00748154463842599 0.349948969097654 -0.334883782035223
0.0150747841124209 0.0140852370800947 -0.123069116757316 -0.420926987172793
0.024037361286995 -0.00256377257158968 -0.321716021349427 -0.027419306447585
-0.00513632890973219 -0.0181535287158787 -0.120043228190862 0.184153179439012
-0.0128846140929034 -0.0130947335273229 0.0439727699125572 0.0725283100063752
-0.0109122675761554 0.0030368600728235 0.0623503492094977 -0.0955353578414585
-0.0159637547900128 -0.0019911520782537 -0.0527982182524324 0.0867165717511206
0.000132060513575155 -0.0146888455285319 -0.0802579597787141 -0.0554257825188695
0.0110379454016627 -0.00914420262824015 0.0749755962519497 -0.177836997619436
0.0129306226370448 0.0158078279000531 0.283454364450845 -0.0292450807761142
-0.0148628446346483 0.01658968986552 0.231111693360619 0.357535445530526
-0.0330311405254699 -0.0157192582468315 -0.215766127793407 0.40673170656657
0.00714179191915935 -0.0162678056086443 -0.360352187993568 0.0530342061981142
0.0159412115677091 -0.012166680912411 -0.0479714228094833 0.0399977038391447
-0.0061206870028093 0.00398010189381186 0.360193377582044 0.0142519563888803
-0.00413504544779517 0.00928073242561364 0.321626721331493 -0.356315595274746
0.0135338024578355 0.0141610140590681 -0.156469248802656 -0.403503819823204
0.0237646949442231 -0.00683736443170834 -0.323117615621742 -0.00447583495482508
-0.00374855961145204 -0.0225587113607941 -0.111232059919385 0.188436126841329
-0.0126026757848654 -0.0147613957545902 0.0493511147641934 0.0692459138472198
-0.0133202201459057 0.00139917250318685 0.0625386975582846 -0.0947880024850141
-0.0187385483796117 -0.00292467607222911 -0.0522025553608884 0.0885202825760573
0.00173472865887133 -0.0161344015497921 -0.0736312021371665 -0.0586041715288925
0.0139158230090749 -0.0116576251708938 0.0860052881948168 -0.173728074354494
0.0129322328811498 0.0131594397337471 0.284117489649861 -0.00807306132519343
-0.0190704720727626 0.0167158798555252 0.20251563366102 0.38015217572026
-0.0348508691601887 -0.0161668082153418 -0.250495571273849 0.394303587418835
0.00703871590625225 -0.0143450614377095 -0.362812979335973 0.0329272646453318
0.0151665832694203 -0.0103086692181696 -0.0380220988972183 0.0416163519240535
-0.00816519727644563 0.00611637096133328 0.361362638218589 -0.00418234633965011
-0.00607198727276733 0.0126982023652735 0.288421525726522 -0.374914215130827
0.0131971836448506 0.0142177208917319 -0.190842266915825 -0.385430808011227
0.0230222717079547 -0.0109567498004067 -0.322724551394997 0.0202736500743963
-0.00386407248847971 -0.0249603238727233 -0.100432953726184 0.192927670886128
-0.0130262309416837 -0.0151705664798072 0.0550053001821874 0.066553620997426
-0.0160495047500743 0.00103330631874251 0.0634278771748553 -0.0933220240865141
-0.0202018538697794 -0.00174706657556265 -0.0506558719400097 0.0898100943362337
0.00361417893908123 -0.0142163603960113 -0.0668056981235329 -0.0597077458096918
0.0161233641423082 -0.0122630702444135 0.0967224565205124 -0.169480623595385
0.0125322691143464 0.0118939608573186 0.282958563894284 0.0124141151972085
-0.0225023379002233 0.0164889009769539 0.172194754961479 0.396907386867424
-0.0358082017243319 -0.0159876129902611 -0.28406807767273 0.381183518689723
0.00461154681877294 -0.0124789858348191 -0.364747384913904 0.0167976781985981
0.0103906045344589 -0.00856077911012554 -0.0296554832757436 0.0435319507268317
-0.0115839809172418 0.00898420864423295 0.359863496251135 -0.0208094283546893
-0.00711485612527307 0.0165016622816071 0.254468217769053 -0.389542680537965
0.0128714902058719 0.0138272109954977 -0.221759190687046 -0.36608243665355
0.0218591928604176 -0.0148826721581092 -0.32198534286782 0.0413796760915876
-0.00379665071862601 -0.025419959073908 -0.0891622917099495 0.196027979447156
-0.0121250976092804 -0.0135248843721035 0.0618343993305293 0.063797040454472
-0.0174724655060231 0.00194691691594657 0.0629766376816386 -0.0916200822033989
-0.0213525508159513 6.49799581829537E-05 -0.0513776070966216 0.0912727201612312
0.00493920090107543 -0.0121037892199369 -0.0599256494442138 -0.0598634943844287
0.0178338600863573 -0.0103401347810838 0.106315547974236 -0.166156562765038
0.0117504524922187 0.0119516292628592 0.28003324432857 0.0290537711010368
-0.0247701901919412 0.0158894912133689 0.142795832998493 0.409745723562344
-0.0368429225338534 -0.0151044396341707 -0.313315875764259 0.365290151489141
0.000468031379872581 -0.0108325496783408 -0.36569733099496 0.00378788249926627
0.00356603826419219 -0.00780920625631907 -0.0223254496551295 0.0454063779103724
-0.0161635645911195 0.0124167963575014 0.35783339443934 -0.0333267819153354
-0.0067743535380915 0.0204185892138557 0.228177834273475 -0.398875619845158
0.0130500099703503 0.0129778275587699 -0.243985512182187 -0.347469695186683
0.0200647797524024 -0.0159244872610366 -0.319826408558654 0.0590250351158258
-0.00386329407965894 -0.0241411634532641 -0.0787638250608796 0.197390761043842
-0.0114245579188086 -0.0103202555304771 0.0683305775183086 0.0627191455838887
-0.0182663956367328 0.00361809988053464 0.0632766847645547 -0.0899828174071187
-0.0206192834877509 0.00316098167994132 -0.0503250590066847 0.0922888933147831
0.00557524588450419 -0.0074495195915212 -0.054584997261701 -0.0584574401942293
0.0179924947812257 -0.00644802731841485 0.113430582074001 -0.164554836921789
0.0101244621063502 0.0131183391936104 0.278310457934002 0.0381484127007406
-0.0253698478925296 0.0149084435122742 0.124815994651139 0.416042430295502
-0.0370308212479623 -0.0137570093503989 -0.331658673064241 0.358703604013893
-0.0053464936851509 -0.0100721404980792 -0.3681502599926 -0.00311923987678772
-0.00465951130845987 -0.00764747277871474 -0.018595484927086 0.0471703721214112
-0.0209449291438248 0.0162277573472756 0.356073747850549 -0.0413295462935032
-0.00584304208847389 0.0222453105637748 0.208987749749516 -0.402450146819744
0.0138449161596472 0.0118549098818673 -0.259431885899264 -0.337693706758364
0.0185789250418697 -0.0156841191469691 -0.318610424805499 0.0688163365638961
-0.00338946856546412 -0.0200033205795409 -0.0721721346717446 0.198079540195415
-0.0105894315441832 -0.00605176594536126 0.0727392392260233 0.062918678838046
-0.0182324775744689 0.00628749349472588 0.0625753412069508 -0.0877519007367444
-0.019212294364933 0.00672649844101416 -0.0511588477763135 0.0934587059242102
0.00595899448750605 -0.00236490526082365 -0.0527316258032991 -0.0568063132765926
0.0163844299905437 -0.000789569168345283 0.116941274262872 -0.165269972155836
0.00927911762516451 0.0146053340075449 0.275984176457393 0.0379193136583193
-0.0241729569133446 0.0138573847199263 0.117776219680651 0.417958305991028
-0.0358965160668599 -0.0116933029651437 -0.336316082141592 0.356857153730505
-0.0115919782076838 -0.00956069814619709 -0.369689871429731 -0.00337838468686809
-0.0133473552130436 -0.00852220445731857 -0.0189069997536692 0.0489912801744364
-0.0260351977883675 0.0179735976835047 0.353786340857797 -0.0400854455499322
-0.00386262544139761 0.0236833374084068 0.205819188607786 -0.401971201999681
0.0146605655741042 0.0106614989197711 -0.264030965314217 -0.334262453881344
0.0180159437083341 -0.014544377839346 -0.319291415746449 0.0701654181642719
-0.00318070220034042 -0.0153531853248486 -0.0688067712478446 0.197337450831157
-0.0093987254046537 -0.00165219225114864 0.0758618658570757 0.064080490796272
-0.0165350678377668 0.00957891005182093 0.0622440905802988 -0.0862820382118505
-0.0156861726914868 0.0096080849375477 -0.0514745994712837 0.0932991077153236
0.00577057999751512 0.00283614230583369 -0.0527284163948296 -0.0536240766582302
0.0138921131343698 0.00501483192824702 0.115987305723277 -0.168148969976778
0.00857835615839005 0.0169976660351661 0.27722984022458 0.0293199023040434
-0.0216449757184363 0.0133566213318946 0.127674537276199 0.413412270229001
-0.034579173073277 -0.0101952709684749 -0.32978985907742 0.365097428750063
-0.0169546752512299 -0.00923001268635252 -0.372358542677174 0.00555324319707258
-0.0207903108437278 -0.00966724623237349 -0.0227614564046769 0.0493224107640967
-0.0294349843567175 0.0185382437405947 0.35375744055729 -0.0330788010037755
-0.00202867824975498 0.0235162875373033 0.214733491750116 -0.396397012939758
0.0157613778905121 0.0098816075556642 -0.258627247756618 -0.34220913219263
0.0176048534988635 -0.0105110945659288 -0.321543775239881 0.0613130563345407
-0.00307355796708715 -0.00952149152033793 -0.0706060592520801 0.196000462662772
-0.00821425589524085 0.00304224418395843 0.0766078730049302 0.0664863470264812
-0.014380590871122 0.0127881755954622 0.0614842483944456 -0.0863382170838656
-0.0127402082803202 -6.78721674000045E-05 -0.0546708617058561 0.0860159649770523
-0.000589067626294955 -0.0130451974890772 -0.0863410369273143 -0.051883215015522
0.00885481614572973 -0.00439361912646548 0.0649823378206324 -0.183112856972268
0.014125813028006 0.0184816397960175 0.281197428032338 -0.0519005068995895
-0.0101986066857094 0.0162567413376551 0.258770639786059 0.335724524076896
-0.030888595611812 -0.0147042191483146 -0.183501830753282 0.419006672275917
0.00500999768474253 -0.0172745033232092 -0.358277430254038 0.0722085910361702
0.0139000408512593 -0.0144697095822027 -0.0583375730560318 0.0390506585591393
-0.00653332765100648 0.00184552511615327 0.357956704590483 0.0321398203801302
-0.00210877904459843 0.00719008068069194 0.352473792401706 -0.334052103521365
0.0152298970132247 0.0144195879550846 -0.123745596506217 -0.423059885467624
0.0243492238116047 -0.00312189351393079 -0.323775107677521 -0.027492663128488
-0.00421339914691191 -0.0186173621554704 -0.121705372799331 0.18579730406132
-0.012776751703583 -0.0127010892227789 0.0445321750962746 0.0731690280776035
-0.0106719428689202 0.0035925784887695 0.0630427341788089 -0.0961994181481503
-0.015337517067711 -0.00184148417393524 -0.0534205375851014 0.0869397337242694
-0.000183529357668166 -0.01503933549344 -0.0799908662358485 -0.0553603024102394
0.0111756906958557 -0.00896405360356278 0.076279387375451 -0.179389638369639
0.0136716673341933 0.0161096340355194 0.285573260021729 -0.0290458731017557
-0.015109623195635 0.0164578835567779 0.231790828262205 0.359790523689149
-0.0333104524719479 -0.0159374110557014 -0.215857958016909 0.407831811645343
0.00745437739401459 -0.016418129504309 -0.361075409356057 0.0516869364613075
0.0160770693713074 -0.0118285157690228 -0.0474716998600818 0.0402375732242636
-0.00582218489449323 0.00382073421840383 0.361128596241146 0.0142055461263963
-0.00410145428286997 0.00941299150487698 0.323189238841391 -0.357374184805197
0.0140542340403584 0.0142608472855561 -0.156384838346589 -0.406293248708319
0.024393040568962 -0.00744869897644839 -0.325469098776034 -0.00393253697129427
-0.00400816662344971 -0.0226745382787442 -0.111500099944739 0.189974725821119
-0.0127394773329613 -0.0148408620374268 0.0496372870925581 0.0699100859570524
-0.0132170704053086 0.00161954611607063 0.0628619698687513 -0.0957299506508506
-0.0185146682120871 -0.00277857447677869 -0.0530080900024875 0.0880159430774934
0.001691296569854 -0.0162402453664947 -0.0743263119492379 -0.0586284585238107
0.0138514627521637 -0.0119328665394455 0.0872530286638284 -0.174621160117677
0.0130004699023829 0.0133506553391959 0.285693881943239 -0.00712239116100991
-0.0189530413638919 0.0165728781257664 0.203766768843926 0.380740035412878
-0.0353168856896011 -0.0157775988294051 -0.250124800196293 0.395976809354766
0.00762227617873661 -0.0148633520686432 -0.364082937683721 0.035043849247689
0.0152520284226376 -0.010300428507968 -0.0384082084913566 0.0418747936132457
-0.00750233083972295 0.00624130893408381 0.363045209689632 -0.00304667534627386
-0.0060003371288784 0.0129463452072573 0.289691664045751 -0.376251444635065
0.0132129484747826 0.0141130363982276 -0.191056365384875 -0.388617904605634
0.023510195579791 -0.0114867285632881 -0.324752889776087 0.0202248652370766
-0.00316676791166602 -0.0251767211815723 -0.101175869905634 0.194421172902577
-0.0126557463799144 -0.0148943777278001 0.055635529190345 0.0667962584035669
-0.0161809470776079 0.00118844830379592 0.0639870169641806 -0.0935092936079707
-0.0201568012912587 -0.00184682037914869 -0.0514152562191995 0.0901636997611853
0.00349579930999425 -0.014898029195577 -0.0671128720404005 -0.0599946420092275
0.0163732303292846 -0.0124274728463229 0.097471096559953 -0.170432796633818
0.0134223314016291 0.01200719976867 0.284749957693466 0.0125170049987792
-0.0228949821192807 0.0167723568397352 0.175242327714215 0.398541415009639
-0.036745337647284 -0.0155625226426606 -0.286101730205851 0.382365382418052
0.00535443290810429 -0.0127520466591135 -0.36584142230645 0.0159939251338735
0.0104968476208278 -0.00889798941483905 -0.0296319993470493 0.0436569778586177
-0.0114897496051371 0.00917690571118809 0.360947257503628 -0.020908375786585
-0.00704064517523675 0.0165707223506624 0.25617607276807 -0.391090241694134
0.0133442280568927 0.0134880917972919 -0.222233581605963 -0.368799425952586
0.0222903831067887 -0.0146722069494491 -0.323868221659053 0.0421274075210045
-0.0036415182429843 -0.0256179418596665 -0.0898782329682324 0.197613364127856
-0.0124089688787789 -0.0134240968053102 0.0628483806581673 0.0647215597114641
-0.0178053595947867 0.00214182830993663 0.0636466492533105 -0.0915990837803858
-0.0210024430979998 0.000264941551966657 -0.0514816796674053 0.0912801002193162
0.00476860878375013 -0.0119260300194148 -0.0598063222551495 -0.0604593751590748
0.0176134323308036 -0.0102630664722133 0.107352913444089 -0.166745456161914
0.0123482343134426 0.0118965460206001 0.282054799760646 0.0292010312367019
-0.0249592962695162 0.0157412437375916 0.145263596141787 0.412693159806054
-0.0369540503057634 -0.0151506137480417 -0.315116407684005 0.368007378868481
0.000854763441894434 -0.0110971826058382 -0.367612151999035 0.00295807525573474
0.003554237885448 -0.00808001002747137 -0.0225397787551928 0.0455738667902848
-0.0159436428360059 0.0128357780525684 0.359102202575579 -0.032903651850656
-0.00716937372585478 0.0201173476066388 0.229767480191843 -0.400033125599131
0.0128553270379759 0.0129787035579374 -0.245514402611863 -0.3504489537307
0.0201732808769526 -0.016205040559505 -0.321685055997438 0.0597567141853876
-0.00319137084621819 -0.0239447163772783 -0.0795766830470996 0.199019043527614
-0.0118412705329308 -0.0101859627856083 0.0691561119196846 0.063135827247353
-0.0186029154360028 0.00394617863154491 0.0636102467709135 -0.0902683782123849
-0.0208146118225555 0.00356232769383283 -0.0506944622558919 0.0926711502348399
0.00528694869423754 -0.00801292191663773 -0.055244171598233 -0.0587745188336832
0.0182566351526506 -0.00624282078928236 0.114340647427767 -0.16577050222248
0.0107623435960859 0.0124565687798679 0.279901980477072 0.0383817178314292
-0.0258688487604272 0.0147869650710993 0.125332602657796 0.419304337852313
-0.0370904232018765 -0.0136294024208595 -0.332422381045064 0.360017448866549
-0.00492454580728385 -0.0100971753605913 -0.369746247886117 -0.00288169504330177
-0.00480178662365024 -0.00794928421835548 -0.0183527636563064 0.0474191386008197
-0.0207194362047605 0.0159168064422322 0.356870381034518 -0.0407522909504546
-0.0057698331731086 0.0226042429960317 0.211200752792007 -0.403829662085821
0.0140277551947551 0.0117336789171696 -0.260254762966819 -0.338219490482804
0.0191622502686505 -0.0162701461862862 -0.321219877918244 0.069377455027706
-0.00328901527551897 -0.0202382638395322 -0.0725062198061679 0.199346679327709
-0.0106750005195158 -0.00605408751198689 0.0734042520511757 0.0633338598445545
-0.0181042480385768 0.00688323988782135 0.0631563335132015 -0.0885493484554953
-0.0187527639871398 0.00675183186045164 -0.0515490492692009 0.0927107248527871
0.00564090802478132 -0.00257790642292525 -0.0527082368544602 -0.0568026631014257
0.0162093327793791 -0.000947812068493176 0.117664925469352 -0.165839241221034
0.00981093784346567 0.0145100485427703 0.278726870057444 0.0376563104127353
-0.0246040270157474 0.0139042763624357 0.119603605142469 0.41971110053328
-0.0361931625664732 -0.0113837402498857 -0.339110728348739 0.35783103097376
-0.0111890647079313 -0.00978355420152652 -0.370658193842665 -0.00292150840821175
-0.0130102732228189 -0.00883673151045674 -0.0186557345416013 0.0489088989452192
-0.0258069479741612 0.0180071999783389 0.355038319106089 -0.0405681923671546
-0.0040265475349642 0.0237296091470498 0.20601275260242 -0.403306375932139
0.0146578405753642 0.0107138536986892 -0.264577070965632 -0.335469052684728
0.0187745924774853 -0.0142409566631054 -0.321514903442036 0.0704643488494592
-0.00316848617664771 -0.0155432006605942 -0.0688996664223868 0.198801336529063
-0.00952457663805467 -0.00165010702039624 0.0763063491255674 0.0645515580306684
-0.0165953426763094 0.00978921369196035 0.062882028496744 -0.0868248188928231
-0.0156173461231778 0.00985238796142021 -0.0523825208924302 0.0930863498203418
0.00539901724407131 0.00214827957658323 -0.0531270088342685 -0.054010417456848
0.0143464759069183 0.00497991664866212 0.116901664100529 -0.169557597603936
0.00847090909247701 0.0167349700942683 0.279391191734138 0.0294321734185261
-0.0217463043834677 0.0132046783944655 0.128270986867833 0.414631378566449
-0.034995367443056 -0.00986432697782368 -0.331798490206014 0.366724177965055
-0.0166994474695842 -0.00944302933352714 -0.372524395236999 0.00436160042308798
-0.0206049167893243 -0.0100431764367429 -0.0224794972895676 0.0492435687858254
-0.0293452149946099 0.0187577298690023 0.355178923739497 -0.0332710689494255
-0.0018589518710515 0.0240029406005694 0.216708168129698 -0.398831941003296
0.0161401732497002 0.00976008270007343 -0.259945435654836 -0.343990506902696
0.0180858763687104 -0.0106875751018626 -0.324241926112627 0.062273230152721
-0.0029725940021126 -0.00968475409690723 -0.0711427267917931 0.197202501545684
-0.00835192045192862 0.00341320017903923 0.0768278887064738 0.0671010510151884
-0.0142978370088761 0.0131222000373091 0.0621992529127586 -0.0862822034789996
-0.0123908947179997 0.000174591178161239 -0.0552250119314027 0.0859391710541575
-0.000867793206113331 -0.0128887046416604 -0.0868376519500885 -0.0515616335079055
0.00860566728174286 -0.00453997827988337 0.0654499916495219 -0.185095481165978
0.0148035692826471 0.0185607428827782 0.283169735506642 -0.0522763509814838
-0.0106662643760764 0.0161760449410208 0.26080433696131 0.337861613645208
-0.0316110916043515 -0.0146739537833746 -0.184221237037621 0.422145033339332
0.00516018837977318 -0.0176337853198679 -0.360970543927982 0.0704792020544189
0.0138132995833401 -0.0146315504579659 -0.0582354259568268 0.0394619672114789
-0.00678814655661134 0.0018059372980417 0.359950186896021 0.0323290721072226
-0.00206399944900442 0.00724878448840108 0.355521019713409 -0.337604040262967
0.015446179419309 0.0140755895031007 -0.124631551490043 -0.425367520700673
0.0248947941005058 -0.00248545052298647 -0.326961205416464 -0.0276494816526148
-0.00416645564127314 -0.018185789530863 -0.122152220978231 0.187375564312209
-0.0129027468682545 -0.0125339688225475 0.0452927675678128 0.0735245116166228
-0.0104182896595182 0.00402817549089352 0.0636816506564045 -0.096519108137909
-0.0154876586540483 -0.00169970405929069 -0.0541141795438493 0.086898914670322
8.09289426682925E-05 -0.0156526067764753 -0.0812312395810678 -0.0558048934675455
0.0114802589003434 -0.00902335494176963 0.0760704355934866 -0.180508944244877
0.0141244868894405 0.0154162858479827 0.286478473655991 -0.029511769884232
-0.0151975062465934 0.0167022654018266 0.236155817216044 0.3619317879933
-0.0339519936123873 -0.0156850547262769 -0.21630580756869 0.411844724276241
0.0078176881479294 -0.0167527432747844 -0.363278572275712 0.052172464868495
0.0163371740738142 -0.0125002336719378 -0.047835545817128 0.0405212422856097
-0.00613565937063686 0.00407770337845008 0.363488074206196 0.0142781502265149
-0.00450391532926051 0.00912942956220485 0.324822586715437 -0.360477613846744
0.0136816375521445 0.0141502051121301 -0.157656858084972 -0.407671566788174
0.0246215670495235 -0.00760245033300269 -0.327058608694855 -0.00366830194466538
-0.00350286255909536 -0.0224848009742588 -0.11273360405035 0.191554458763267
-0.0131300806860399 -0.0149775061752186 0.0498917528526656 0.0703907446278903
-0.0136283463271185 0.00223262674353847 0.0632009216635839 -0.09540172203438
-0.0181151993111653 -0.00210667775763136 -0.0536360226323593 0.0892458104418488
0.00137060766243361 -0.0165646270128126 -0.0748030743967837 -0.0588360369681522
0.0140327174859753 -0.0117157305026086 0.0874357907538203 -0.176744433272661
0.0139783186290599 0.0132336699744597 0.288118128981887 -0.0078881240932641
-0.0194958730757523 0.0168997842316025 0.206479706950734 0.382837645559277
-0.0357924914488786 -0.0157447946768552 -0.251853694474937 0.398063940849119
0.00796079848145622 -0.015189441626931 -0.367346619820842 0.0338380909080397
0.0147223983028987 -0.010929854308074 -0.0382231043297422 0.0422795126352169
-0.00807122588102714 0.00608947624958384 0.364185889867204 -0.00382423332219227
-0.00627603022212868 0.0128339994413556 0.290958483260551 -0.377967190784634
0.0131996451215153 0.0144147289606163 -0.193374751988897 -0.390526022935857
0.0238148362360056 -0.0116216654854898 -0.326976700202906 0.0215866467350903
-0.00316061850396296 -0.0250584943880953 -0.101436604198131 0.195427922125694
-0.0132736414190105 -0.0151115740533009 0.0563041271360598 0.0675020430472149
-0.0157950823203692 0.00165573159786991 0.0645587599503955 -0.0945034655466657
-0.0202770885901466 -0.00126954334007742 -0.0520292439181498 0.0903499371754634
0.00320029718375094 -0.0152575406499314 -0.0673477138218503 -0.0600909350804512
0.0167054375014611 -0.0126049965722396 0.0986459480861591 -0.172191143928819
0.0135630476964211 0.012064993342023 0.287177449172648 0.0121500310830569
-0.0228722238207038 0.0164740967906919 0.175445420759109 0.400674273854301
-0.0371081041528626 -0.0154536140118279 -0.287294570735277 0.384046993259712
0.00541989885957161 -0.0132000261796126 -0.369440508349241 0.0168391883537735
0.0106844610395717 -0.00901835693528437 -0.02931494298533 0.0439593766823102
-0.0117000152336878 0.00950447860765618 0.362772764744138 -0.0208755900802751
-0.00715277410843188 0.0164854783306587 0.257351130618316 -0.392947085399684
0.0133427079193644 0.0135690800671038 -0.223669783423238 -0.370597326276524
0.022106380428554 -0.0148688089830258 -0.326302582638062 0.0429611759950955
-0.00310681198515994 -0.025535412426262 -0.0906233448007183 0.198879536447325
-0.0125000087543371 -0.0135062100865179 0.0628038299345194 0.0651053070845007
-0.0178627613147388 0.00253012100644038 0.0641960865254661 -0.0922709513485459
-0.020866399464266 0.000430143779871673 -0.0520900634251579 0.0914129738280933
0.00465292110380636 -0.0126527397550259 -0.0603295313444073 -0.0607046002993891
0.0180532707747751 -0.010567249564123 0.108377430997904 -0.168277454194841
0.0128130796770068 0.0119465293350756 0.284075893175539 0.0291571078018883
-0.0256010078093202 0.0156193105555922 0.146390660119434 0.414455782723722
-0.0377565604933047 -0.0149915285913897 -0.315904957556663 0.369635275544061
0.00101429183572616 -0.0114097453926028 -0.369528260475748 0.00199465188873389
0.00358668128581214 -0.00840853127281926 -0.0219448053815575 0.046022169412243
-0.0161443844838531 0.0132224816211481 0.361007636058271 -0.033712603762226
-0.00679422797276737 0.020030488009842 0.232123223450145 -0.402652047745202
0.0134257131303574 0.0131114098362422 -0.247793448679035 -0.351348181862172
0.020741806604377 -0.0165686006800841 -0.324217191137968 0.060979711391683
-0.00291635870515654 -0.0236662189756344 -0.0797673439836218 0.200964266797146
-0.0123357080846062 -0.010143450477908 0.0692631156028482 0.0635969122338627
-0.0188769334979151 0.00461647244421744 0.0648775420344068 -0.0906569978812672
-0.0205068276563695 0.0035817641134664 -0.0514229965640711 0.0929017635863547
0.00513991401065963 -0.00788878025579096 -0.0553950965402719 -0.0595732516945102
0.0185400133424398 -0.00638528850336948 0.115480507551505 -0.167444220687421
0.0114986593444773 0.0122179945253776 0.281952180628206 0.0385868193973988
-0.0260236770625 0.0143956399187419 0.127462684287844 0.421583799247502
-0.0376864327295027 -0.0137967918442759 -0.333770905522894 0.362595737852182
-0.00478345552649054 -0.0105064991207032 -0.372530931793557 -0.00411617351514176
-0.00476591070419283 -0.00814479821822354 -0.0182451762271049 0.0478975722100758
-0.0209090185598581 0.016637976175551 0.359410805555281 -0.0414995805487544
-0.00576024326252261 0.0226192682956029 0.212384539867697 -0.406367622039089
0.0141729144114684 0.0116705462503517 -0.262944259939346 -0.339917899211225
0.0195306303303913 -0.0163245021194956 -0.323344919016291 0.0705113061581976
-0.00329645687920297 -0.0200099240826846 -0.0723077735452955 0.201206555846361
-0.0113095930663164 -0.00561617589040556 0.0739707709994878 0.0636710280445272
-0.0183280091445013 0.00726767929989034 0.0633089384303446 -0.0889945456466026
-0.0183718179791148 0.00714095995236309 -0.0521395081892423 0.0931655306332335
0.00548800382912221 -0.00288114561974286 -0.052562694787835 -0.0571406874599925
0.0167102009011909 -0.00114162561361295 0.118770911296197 -0.16808000170695
0.010300845929031 0.0140358087771485 0.280262278005267 0.0377476954726104
-0.0252209303371815 0.0140059057613452 0.121361084661128 0.423233600383901
-0.0365525904017031 -0.011826256186865 -0.340802426275161 0.36110848597576
-0.0113722386093195 -0.00976920173475689 -0.373504442349283 -0.00379778453168789
-0.0132835119840588 -0.00901528651756632 -0.0183451154546341 0.0489204716593047
-0.0258047490791374 0.0181071951249291 0.357303873515172 -0.0400494667628667
-0.00380293399329972 0.0237759151632273 0.207173024114945 -0.405231669168236
0.0149488630224701 0.0105956033449099 -0.266903673936466 -0.33718285949346
0.0186720054467313 -0.0143027358975685 -0.323438093912879 0.0721936409366948
-0.00292262515982231 -0.015179378531036 -0.0693444701020343 0.201012768235412
-0.00989590129647247 -0.00125876904665974 0.0771181270374731 0.0653443341136897
-0.016505920641597 0.0104949509953392 0.063490515402488 -0.0872968208241012
-0.0153877496576785 0.0100759111198926 -0.0532906529639841 0.0933578788115701
0.00519892330799745 0.00196518918678752 -0.0533842257000492 -0.0546994114897969
0.0144988927960518 0.00506522816547149 0.11754998050061 -0.170892368322738
0.00925912815393169 0.0166661730141949 0.281771378221472 0.0289577925218414
-0.0223303777392094 0.0133515271956137 0.12972972662691 0.417630224165178
-0.0351174087504267 -0.0100771083819675 -0.333419784261155 0.36808852598106
-0.0165760744684231 -0.0100962155527158 -0.375268845584281 0.00517883977607464
-0.0206867023863856 -0.0101786002325362 -0.0224009357853854 0.0499681307614312
-0.02964293886073 0.0188998789786094 0.357131083694671 -0.0334492880144854
-0.00154360929764199 0.0238030239752654 0.217011350110484 -0.40163988189676
0.0163349877072778 0.0096225754629796 -0.261288399774693 -0.34627595357636
0.0182740992254678 -0.0109647840406653 -0.326510546368789 0.0632757356423538
-0.00304270729586239 -0.00978851053108704 -0.071253684285565 0.198870663336546
-0.00871607963388966 0.00385060361181103 0.0777788441071387 0.0680060914242492
-0.014285797032633 0.0135978906192209 0.0630135558956215 -0.08669351360173
-0.0123212837459325 0.000506165630433303 -0.0563276005739362 0.0866210392531638
-0.000502190555991147 -0.0130746788679166 -0.0873000629533982 -0.05142537638171
0.00953326518322602 -0.00472872075175792 0.0660487074098436 -0.187472896728609
0.0146834397026362 0.0182450052258499 0.285922583829795 -0.0525584239766728
-0.0109620104830282 0.0162416326301293 0.264477379526234 0.340266593477944
-0.0322274235344318 -0.0144726996081955 -0.185162161892782 0.425373581508464
0.00559191559069761 -0.0179449909711128 -0.363629124585023 0.0715331172599611
0.0140172719936169 -0.0150561832205481 -0.0585775737283513 0.0398322684861711
-0.00679663990402534 0.00217048259062843 0.362360025921886 0.0319600459132571
-0.00199246654266751 0.00740562944025633 0.356633346716476 -0.340893513484795
0.015530082244579 0.0145183258927073 -0.125408047956125 -0.428393711564916
0.025120763765029 -0.00268197888471717 -0.329289303624362 -0.0267421550590874
-0.00429000642349118 -0.0181697324979991 -0.122400134127029 0.189815623629473
-0.0134378445924676 -0.0125112135943357 0.0456215344182411 0.0746896204808305
-0.0108165663030051 0.00419074694020127 0.0639736956723568 -0.0977070049684964
-0.0154088531423385 -0.00143449259018512 -0.054805537909909 0.0877438124404182
-7.99584931813441E-05 -0.0159552022941741 -0.081799874329497 -0.0557264962369003
0.011573996628988 -0.00931048494748126 0.0767529975397214 -0.182745171153861
0.0145147180984567 0.0159279071107085 0.289910979575319 -0.0303054894579015
-0.0151424791575057 0.0165460139188578 0.239305657077659 0.36341373030905
-0.0341684723569056 -0.0157814757340326 -0.218294957684849 0.41550898456738
0.00850369375404868 -0.0171184339794825 -0.366408093512933 0.0534743777452901
0.0166003633357572 -0.0129441297321016 -0.048185815274021 0.0411380590300865
-0.00539895092475987 0.00401944277881294 0.365928341919437 0.0142894980851592
-0.00393497913437049 0.00942184878361673 0.32736076842835 -0.36227473918283
0.0138717542481471 0.0142391847299946 -0.159036148088426 -0.411528039642932
0.0247335379815849 -0.00779583146157501 -0.330038746776325 -0.00218349133437156
-0.00315105225600203 -0.0224772689679308 -0.112858158617451 0.193760216636849
-0.013777473432461 -0.0142273378568522 0.0507218588597367 0.0712160559078328
-0.0138137324873717 0.00294085680299025 0.0642465490822256 -0.0964320428271777
-0.0179608125887382 -0.00194891824545255 -0.0540099136728837 0.088988922399006
0.00160172326051267 -0.0168012162964265 -0.0751819910597845 -0.0587058312767594
0.0142904938965629 -0.0117132528551479 0.0882633797732339 -0.17848672649246
0.0146508095110959 0.0133667621182898 0.290551539168205 -0.00835809932487871
-0.0199906035609838 0.017159768642392 0.209677749508695 0.385201182513958
-0.0361450365071571 -0.0159224024642641 -0.253016640410516 0.40140693516416
0.00818228829983266 -0.0155929635260211 -0.370410588998114 0.0355142658104153
0.0152075430270781 -0.0109508668399152 -0.0381550614295905 0.0427312427512084
-0.00777852135272833 0.00656354520423629 0.367193480880657 -0.00444512949400061
-0.00626685749197834 0.0128354097380327 0.293395334215768 -0.381577375001387
0.0136729628392868 0.0142736525019598 -0.194935005420923 -0.392989659396142
0.0242389661702002 -0.0123843018713413 -0.33085953997561 0.0227469358099854
-0.00293045608901026 -0.0250340880737687 -0.101964911399117 0.198214355172637
-0.0132853999762989 -0.0149811014767967 0.057119334823636 0.0679674864544275
-0.0165518991541839 0.00254875223167901 0.0653449060857174 -0.0948245254581247
-0.0200058861365824 -0.00102257536574781 -0.0522620848792147 0.0905739562329602
0.00303354023295482 -0.0157756649793738 -0.0676168861673257 -0.0603666075318244
0.016697591325884 -0.0126089085632233 0.0993329656418727 -0.17417569124717
0.0142845733423893 0.0120333405731742 0.289887807058845 0.0123402148224942
-0.0236066464319344 0.0168006420439827 0.179230184691029 0.403386894982486
-0.0375661470718738 -0.0158172204444988 -0.289148100758817 0.387480692080695
0.00622407093667644 -0.0135398150951763 -0.371579212438254 0.0173276319787048
0.0105566792474982 -0.00957058501032875 -0.0291052438595817 0.0438762685072928
-0.0117671154705679 0.0094175349933539 0.366198508790999 -0.0215162062393066
-0.00709965346265946 0.0166468807959539 0.258284107886308 -0.396470836178445
0.0132790408446091 0.014263875565374 -0.225428274889759 -0.373689491919123
0.0227003508981837 -0.0149707435672961 -0.328890158657487 0.0445019118861711
-0.00286855820659618 -0.025736613829887 -0.0910257444518595 0.201180749753261
-0.0130974522611544 -0.0131077180915618 0.0636287440872604 0.0655325125699992
-0.0177520063822364 0.00290761552690667 0.0647381197682468 -0.0931552324108751
-0.0209401363521365 0.000854338661280284 -0.0522774170401304 0.0921501763378799
0.00467701788920873 -0.0126537963063182 -0.0605513848115492 -0.0607197378220264
0.0183420103793639 -0.0101892683703312 0.109484399620167 -0.171450621320176
0.0134541720454543 0.0119375049777771 0.286952062918368 0.0282363682157124
-0.0259906706827433 0.015910684124142 0.148860483439516 0.416624278679423
-0.0379542680773845 -0.0152447636570567 -0.317106032130684 0.373079836475903
0.00170626835495744 -0.0115138483970756 -0.37261036420207 0.00281234322770078
0.00402844840867092 -0.00881622965945549 -0.021869075449809 0.0462111601891288
-0.0162443165528842 0.0128382445367226 0.363491607652876 -0.0335987766668541
-0.00677473480337532 0.0197814546389247 0.232543039500324 -0.404929758786565
0.0138453838863464 0.0129546019010683 -0.249303952303136 -0.354888628335565
0.0206285157668546 -0.0168207037238238 -0.327062766386384 0.0620112050290429
-0.00338130765428469 -0.0236257843346054 -0.0797999512979919 0.202821165490394
-0.0125825775520176 -0.00996081289597347 0.0699016885681524 0.0647293098025433
-0.0183311004988535 0.00514129387295045 0.0655816600956818 -0.0912706086386568
-0.0202131529970957 0.00398917601344854 -0.051816281315942 0.0931130004735592
0.00521753498142455 -0.00842114285985131 -0.0559800161321392 -0.0595435501414568
0.0187562887161081 -0.00708692002278894 0.116125856554483 -0.16936224626268
0.011966186879158 0.0126391005496046 0.285345085342366 0.0375462897781746
-0.0267800447709202 0.0149108887445729 0.129870993277513 0.424058527708602
-0.0377719738265109 -0.0135602274473533 -0.33639857014331 0.364763763180202
-0.00409537230924476 -0.0106245073737402 -0.374860953365089 -0.00339345311052764
-0.00461194163239424 -0.0082247095668944 -0.018265949053688 0.0482948521265685
-0.0208769945230604 0.0161999992049404 0.362238588694256 -0.0420825643132442
-0.00533801315659487 0.0225061608481544 0.213394401304693 -0.41056063539313
0.0143309014504781 0.01181916057566 -0.26631431871231 -0.343219378224085
0.0198266733827556 -0.0167919346700837 -0.326171387390788 0.071663278242158
-0.00280648446848516 -0.0204016887774607 -0.0726415343484009 0.203263251283104
-0.0115224886178196 -0.00574692801179356 0.0750770506115849 0.0643719404369171
-0.0183164822292497 0.00763530781886492 0.0643924420548571 -0.0896475409611504
-0.0182860792517627 0.00701052854490175 -0.0527389000149907 0.0938597615254739
0.00515776822542281 -0.00322051141823453 -0.0532147557851648 -0.0574338567535455
0.0173295382167473 -0.00137557743884738 0.119733081459985 -0.170692905308288
0.0108287048173177 0.0143159802750139 0.283090837051033 0.0372423018952035
-0.0252620788675365 0.0141715648527211 0.124103921004865 0.424873315195667
-0.0374673898507779 -0.0118366825986886 -0.3428809052664 0.363991976798646
-0.011063435122828 -0.0106069668808659 -0.37705436859737 -0.0029705748518666
-0.0132771921907333 -0.00904236763131795 -0.0182081535696982 0.0489819439126991
-0.0256061985867844 0.0182811663322411 0.360059844975677 -0.0407957676730427
-0.00374580910038405 0.0235654874446359 0.209294263295171 -0.408782040184527
0.0146991698628536 0.0110478839472313 -0.269544062959769 -0.339797310320037
0.0188183777421292 -0.0149246321756766 -0.326082655731751 0.073367983974742
-0.00226032889078805 -0.0155128562167133 -0.0697516564076067 0.202843264845977
-0.0100412817154283 -0.00116535398365464 0.0777164905419312 0.0658307315440608
-0.0165330784159105 0.0110321345674105 0.0639237139966632 -0.0883749436192167
-0.0153866882694839 0.0108894457928569 -0.0533162717246983 0.0935627114884842
0.0046128860724011 0.00175374161204802 -0.0533288298073168 -0.0548252382908663
0.0145647886731306 0.00469199014504374 0.118440578188587 -0.17380417635242
0.00938761028975082 0.0167900588909627 0.284778151795802 0.0289119562105134
-0.0224496573851957 0.0135937464960044 0.132024084363268 0.421239436236698
-0.0357807160158171 -0.0101768605128106 -0.335148090274181 0.371818566948731
-0.0167704261154878 -0.010129023044208 -0.378408632162928 0.00553875061391964
-0.0209163275121743 -0.0103174660560356 -0.0219959863936165 0.0496412031832887
-0.0296210368737428 0.0190678943980194 0.359591851225892 -0.0343753561761507
-0.00179650792214326 0.0242373763679607 0.219848411028476 -0.404856923335775
0.0165798827160316 0.00996607826731224 -0.263217390042752 -0.348284528612263
0.0187508375389956 -0.0109997059151037 -0.328561459910154 0.0648626181618781
-0.00278778579256213 -0.00957736716448699 -0.0716710425688443 0.200919635214009
-0.00901463066170406 0.00380586235616572 0.0782671949599383 0.068045560864592
-0.0141543060407465 0.0138179120098986 0.0635239742373433 -0.0874056261698625
-0.0117963815769854 0.000567305155757873 -0.0566119015730019 0.0870997670521724
-0.00142891168753138 -0.0134401089264159 -0.0880844053193817 -0.0513030173289226
0.00949874787857187 -0.00492141434872425 0.0658292671096635 -0.189397249824428
0.0157131698064365 0.0181453074114079 0.288514163468585 -0.0546539160135622
-0.0111101606728453 0.0163621285095097 0.268728333280596 0.341887914867143
-0.0325548165316349 -0.0147569788223514 -0.185064731312081 0.429698623194655
0.00532964962063612 -0.0181371467088681 -0.366736989866514 0.0750576536101637
0.013967079502114 -0.0152341174936609 -0.0585301064034076 0.0400302641460686
-0.00654083331591226 0.00235671246875975 0.365385292512688 0.0311785902563236
-0.00189162744294017 0.0075284097620282 0.359446408212666 -0.344667045206245
0.0155429501287847 0.0143416950517207 -0.128905907214288 -0.432123157067236
0.025368452146959 -0.00337280555481397 -0.332481329866956 -0.0251363622372611
-0.00387096349687572 -0.0183154132081068 -0.122887636630045 0.191753006520973
-0.0135403405547486 -0.012224816474255 0.0465075453404475 0.0753718698320664
-0.0109008760481851 0.00462115979103059 0.0641329522506798 -0.0980723039871866
-0.0156873820251208 -0.0011017240851955 -0.0549581050716672 0.088338697394507
-0.00058455708750025 -0.0166790984455913 -0.0829319298385125 -0.0558992222169071
0.0120067658599006 -0.00915890580976566 0.077148569132966 -0.185622990403007
0.0150824727553591 0.0155380773532585 0.29202508744518 -0.0322647943756883
-0.0158687195091391 0.0172682295144347 0.243457830246435 0.3653606104824
-0.0345462831375866 -0.0158843016603564 -0.219124945958768 0.419727000266109
0.00880048976511342 -0.0175743608136163 -0.369052843743891 0.0555263084241222
0.0168561154244376 -0.0127990522738539 -0.0478752682062682 0.0415900189656477
-0.00551562906733888 0.00401214926857422 0.368539399005725 0.0131789846507324
-0.00367848394447279 0.00939249345760178 0.32891987829706 -0.366523532811128
0.0146316638258773 0.0144688837770514 -0.162501333964726 -0.415610527816855
0.0249870073299848 -0.00823014318509383 -0.333885835150102 -0.000825002348750454
-0.00310781799222329 -0.0225889790998298 -0.112831275273016 0.19584862505859
-0.0138556490978537 -0.0143532454292514 0.0509657599596022 0.0718193567637454
-0.0136594260524861 0.00283018706081448 0.0646090668402127 -0.0976530943845382
-0.0180492273449497 -0.0013763841652952 -0.0541513100572211 0.0896667921799204
0.00103611690211283 -0.0170191885723108 -0.0762033898831247 -0.0589691648637491
0.0145615758943638 -0.0121748174426951 0.088085247381184 -0.180790897266418
0.0150530873449131 0.0130482612448318 0.293295929437937 -0.0100742824011462
-0.0201551051193576 0.0172599043948368 0.214954687838039 0.386717896475873
-0.0366836780611891 -0.0161972161617598 -0.253213965982948 0.406017991827346
0.00828890022848808 -0.0160986519725183 -0.372884149493842 0.0362992603109161
0.0156167225367172 -0.0112961923964059 -0.0381311103873666 0.0425397939799068
-0.00776065535382107 0.00645314837470884 0.369271907767662 -0.00539986612364293
-0.00580280790290243 0.0128132184100835 0.295733287698954 -0.384580946322699
0.0136994198537182 0.0148267356266412 -0.197120658162417 -0.396241956175355
0.0243376096481681 -0.0124281536190323 -0.333639026551651 0.0239861883679427
-0.0026985570147684 -0.0250853087467033 -0.102022635392078 0.200342096841711
-0.0139363104052812 -0.0145691401274885 0.0580866350506309 0.0689104515078866
-0.0162036004846963 0.00247079891944778 0.0658971944019984 -0.096108878177933
-0.0201364538327684 -0.000926221744801808 -0.0525564001665251 0.0912495168329292
0.00316204840661841 -0.0158181511676656 -0.0680233223217905 -0.0608713923099528
0.017231241498687 -0.0127821194228695 0.0997376323683672 -0.176558157211153
0.0142991962408797 0.0120597218121424 0.292607514106368 0.0111844996704943
-0.023961502783647 0.0167482766129528 0.182545564772698 0.407333736052535
-0.03801444923316 -0.0154904677406584 -0.289324356599324 0.391013076238196
0.00633512342044393 -0.0137531706730893 -0.374688596626587 0.018957205916764
0.0109234763960575 -0.0097243005136862 -0.0292210804428621 0.0445604134486504
-0.0118266916810717 0.00963294286736911 0.36870477408089 -0.0229843419868659
-0.00733306947479265 0.0167147589709233 0.260350141821051 -0.399963779879995
0.0136382585049547 0.0143494687785182 -0.229213063217936 -0.375866348061491
0.0228348272423227 -0.0157912390885577 -0.332295554828186 0.0466047457828453
-0.0028763407956679 -0.0260124850116372 -0.0907092260578908 0.203488813096351
-0.0138949616749762 -0.012834252151851 0.0647662473461677 0.06653421383688
-0.0183009010064982 0.0033673903551333 0.0653425244369942 -0.0941445571253424
-0.021102979181157 0.00137560594575478 -0.0526343040921693 0.0932702534673317
0.00432817011237373 -0.0128492445546002 -0.0615338953523719 -0.0610669532253328
0.018774381740365 -0.0106665052185978 0.109810287352543 -0.173667665266072
0.0132779057913518 0.0114730848940244 0.290295800965698 0.0280096126184686
-0.0265448347842793 0.0156780719519823 0.152289995431813 0.42010793859219
-0.0383083468431551 -0.0148944496934724 -0.319721464876242 0.376221592213362
0.00163551852270975 -0.0122507108440472 -0.376074889051711 0.00332500176793331
0.00377879474633131 -0.00844164484493604 -0.0215712285748065 0.0466325808338171
-0.0161000858580062 0.0130132480371894 0.3659803547642 -0.0353122085384272
-0.00671180936523475 0.0202175702630548 0.232835094295993 -0.409681527920514
0.0136839708472095 0.0132735049989791 -0.253126895915141 -0.35737825035291
0.0212704598088409 -0.0170739248310078 -0.329706215771729 0.0643482164632556
-0.00302712103591676 -0.0235246724253777 -0.0797524303717653 0.205561721684946
-0.0127942658077646 -0.00955056885436538 0.0708958983039473 0.0648849494713825
-0.0187597784843081 0.00551714405384843 0.0658692183569156 -0.0921872538529521
-0.0203113717133878 0.00458335881645851 -0.051971251868156 0.0939443640244019
0.00462651227812383 -0.0086190490068437 -0.0559971013793379 -0.0601632236117613
0.018934521923577 -0.00675622059810856 0.116694702743192 -0.172114031188846
0.012342774118056 0.01258235447151 0.28829750123921 0.0367258405411988
-0.027004899228115 0.0151903450615063 0.133607927971924 0.427093472966465
-0.0382607764017935 -0.0132745503352225 -0.337155393781184 0.369448091111685
-0.00444453160051409 -0.0112387826592368 -0.377445123824097 -0.00238614175141798
-0.00472729383845894 -0.0083199081045156 -0.0178805791900056 0.0481963423876553
-0.0213753929172327 0.0161518422786542 0.363983541232688 -0.0431752492734206
-0.00573401400674345 0.0227224270465353 0.213205169217426 -0.414449069426712
0.0140740869506884 0.0124020493756214 -0.268535321796713 -0.344558087611118
0.0200663089122952 -0.0172469382174222 -0.3290023317117 0.074545248322698
-0.00270515942487552 -0.0205169805876427 -0.0729123782958935 0.205699427238076
-0.0116280921105164 -0.00535007569962473 0.0760201608335184 0.0647440225302513
-0.0184115310943107 0.00845316589314283 0.0649283518831911 -0.0903893895803382
-0.0182227283629679 0.00762177372113551 -0.0531999397220751 0.0947023504996672
0.00541722974908627 -0.00312736620838534 -0.0535875930693807 -0.0582563124220137
0.0173793560958822 -0.00116456401997969 0.120629132006881 -0.17262952386433
0.0115210077544832 0.0141591114726188 0.286291242007984 0.0367553384677443
-0.0258714358569361 0.0148065413892028 0.129177076754032 0.428043693268673
-0.0373294967530908 -0.0115751775106046 -0.345121473030546 0.367769374705224
-0.0111561276861709 -0.0104021939703173 -0.379434019417289 -0.00200553810878946
-0.0131282913683782 -0.00923326001794634 -0.0179372186586469 0.0493106645761665
-0.0261627037124556 0.0183399970179998 0.362342779408186 -0.0426549325872708
-0.00374409448626539 0.0238770604031495 0.210376919529454 -0.412890760360325
0.0153008303061593 0.010981224519998 -0.274167689219978 -0.342682391466411
0.0189998071312218 -0.0150268399419587 -0.329025761023152 0.0758952950983105
-0.00241533690967924 -0.0155446410792565 -0.0694431817795116 0.204466152172505
-0.0105437879870175 -0.000824702953594867 0.0787635447554696 0.0662396066768953
-0.0166561558332175 0.0112410022229602 0.0648103555953719 -0.089211006511714
-0.0153369163161742 0.010825436651151 -0.0536752010084617 0.0942943106169397
0.00459956696340774 0.00140900791845262 -0.054085274734482 -0.0553035037420803
0.0147761076014342 0.00511339601111431 0.119220976636326 -0.176346875419911
0.0101950846547679 0.0164485773095255 0.28671203209725 0.0282892148717527
-0.0233932684614356 0.0135742843364164 0.136424458407852 0.422799403543952
-0.0359166398660253 -0.00976130350498186 -0.336444571739715 0.376678498029442
-0.0167593318923361 -0.0104096235663347 -0.381603681074887 0.00665018878329816
-0.0205114386833015 -0.0105616856182897 -0.021906742947825 0.0499408216122215
-0.0300176656569128 0.0193110222600451 0.36259124481353 -0.0355361584430297
-0.0014226116311835 0.0240019700222096 0.220725076626402 -0.408949347998888
0.0167232042431212 0.00984519353358713 -0.268766068561271 -0.350858540079688
0.0186032301026568 -0.0117720025207992 -0.33215044650694 0.0666081449834769
-0.00229995052710065 -0.00949313643093465 -0.0712068758572224 0.203767590899122
-0.00929343543641327 0.00414760668152653 0.0793097756209509 0.0688466798761186
-0.0141321413606098 0.0143728979406392 0.0641353183085944 -0.0890744474770487
-0.0105856504240816 0.00295232020102262 -0.0538208520854112 0.0888627623254876
-0.00394162345526628 -0.0126613750823255 -0.0903779038054721 -0.047112171293811
0.00743776322881407 -0.00767144987498624 0.0558810692512189 -0.193314498829542
0.0206798108261673 0.0128720894258627 0.284399312288246 -0.0698055803420761
-0.00216090043739925 0.0193372674600636 0.289726170702404 0.326263980276241
-0.0294459899591722 -0.00553526099191853 -0.162300106842975 0.4385580265068
0.00229332054922577 -0.0168736321103938 -0.362809208499441 0.0994698138260045
0.0129601765640048 -0.01558328608094 -0.0557121234146048 0.0440597524400136
-0.00590916353080301 0.00334505698819418 0.37547999348098 0.00974176121501113
-0.000608355008213999 0.0118470492693326 0.351382801263215 -0.375879389766318
0.0223869380028411 0.0129632256562444 -0.157889816174292 -0.436992911515272
0.0284249936511566 -0.0110767374079562 -0.346414585900355 -0.00551037881681038
-0.00763504372492631 -0.0211384651530395 -0.115089103460359 0.206624802214767
-0.0166414917188336 -0.0112792346413656 0.0527285314611288 0.0767962299912467
-0.0094105366492145 0.00728988222923902 0.062640000471528 -0.103087960017108
-0.0136949803981088 0.0021774051143077 -0.0519582295626234 0.0895549791607815
-0.00378005099097983 -0.015225082333153 -0.0839601965407257 -0.0517382238088168
0.00934358104675744 -0.0126021977724771 0.0674377076605607 -0.189176707030207
0.0200681906594755 0.00989332599039086 0.289445859812324 -0.0467343802176006
-0.00704284239476728 0.0199322413995469 0.266105013198949 0.351442111242339
-0.0320582795351193 -0.00616580403238397 -0.194701558232594 0.429636016004955
0.00470751542385825 -0.0165429474848675 -0.366821797613522 0.079821354933124
0.0162637182453476 -0.0135876385925033 -0.0450790155880859 0.0450695198773556
-0.00521295998056228 0.0042464419891707 0.377644209449895 -0.00834108383583855
-0.00242354540226005 0.0140133302040167 0.319660378103656 -0.397395173071031
0.0210533363449281 0.0124880272416788 -0.192273204226849 -0.417922926965671
0.0270688897879221 -0.0159973142626858 -0.345950624276456 0.0199628608071961
-0.00738643385512251 -0.0254152136613798 -0.104962589631716 0.210313005834538
-0.0168474828044744 -0.0133679056410789 0.0577037359789899 0.0727456205405387
-0.0123838838446192 0.00521140873636608 0.0631757974570076 -0.102463759663941
-0.0164346099252021 0.0016953335021812 -0.0510432675347836 0.090733214245668
-0.00227578555341568 -0.0166024115926878 -0.0775999843874165 -0.0551693479925744
0.0121510308794752 -0.0160749895036302 0.0791357388688395 -0.185273839211387
0.0203970108227881 0.00816087355803466 0.291876066029424 -0.0247836376914893
-0.0114823316740818 0.0209451663991348 0.23762164476669 0.375147773628875
-0.0345755248171534 -0.00540529064382681 -0.231368521667738 0.41818585841845
0.00444173882620546 -0.0148901560121762 -0.371366286461244 0.0613136151585613
0.0149571189627176 -0.0119570412469677 -0.0351193786019543 0.0452656683962604
-0.00699494137346256 0.00747793746189315 0.378606998919325 -0.0270672068881897
-0.00397311966109659 0.0175180319091522 0.284436392066907 -0.414399812593234
0.0200562832281953 0.012645745697688 -0.226911017433258 -0.396563583980807
0.0255802510464034 -0.0206155266619548 -0.345160190469738 0.0460052287026798
-0.00750763494240069 -0.0280730320996959 -0.0933815983238643 0.213893507979921
-0.0168508833593008 -0.0131643055175894 0.0643226126523208 0.0692523049314365
-0.0155202984316629 0.00483449078612805 0.064253013613529 -0.100811656474616
-0.0184731173978088 0.0023869084177975 -0.0492405445550475 0.0922303917707559
-0.000251275118847576 -0.0155586749804828 -0.0704040798110325 -0.0575455082289165
0.0145878355258477 -0.0164318234885841 0.0915502576805904 -0.181138825510796
0.0198742658696481 0.00721529723587075 0.292346717093848 -0.00400947652146126
-0.0151183000347934 0.0220881544375775 0.207136887355461 0.395144447243987
-0.0364332827640186 -0.00489291728393522 -0.267588728670504 0.406455722812249
0.00242392971603469 -0.0126912690646579 -0.374570857731529 0.0435391466113348
0.0105415373951597 -0.00996672683391589 -0.0261504882193531 0.0464847912952399
-0.0102172093114821 0.0107831324562968 0.376325716076055 -0.0459166494355373
-0.00412932842388426 0.0211736082494293 0.247073142304161 -0.428674305437198
0.0201265844605947 0.011555806532172 -0.258493808776381 -0.372514961792751
0.0233190258456982 -0.0239372231989858 -0.341817590410332 0.0695858522461616
-0.00754623576290661 -0.0282954479167421 -0.0816228771093857 0.216831614687421
-0.0167012869069196 -0.011545789399235 0.0709727850706538 0.0665263451944952
-0.0172564921253469 0.00598804102770291 0.064790424599268 -0.0986254670668187
-0.01882749287314 0.00469754287215717 -0.0493602454215787 0.0935160723097366
0.000905851790630154 -0.0125075976116641 -0.0635461348154566 -0.0584099262230212
0.0162906264954697 -0.0151323426453804 0.101382782611803 -0.178124787402479
0.0194047544433482 0.00733983771813477 0.290706472233779 0.0129194386993144
-0.0178385711548014 0.0218846526420478 0.177029234633433 0.409894366581936
-0.0373869155839897 -0.0039752161951725 -0.298421205880783 0.393274922056661
-0.00174979843394736 -0.0107920246143314 -0.376795169608049 0.0289069494108116
0.0038789389442442 -0.00863459930108407 -0.0189509333778371 0.0480605673467618
-0.0144142099762917 0.0145919250340514 0.372885312186839 -0.0575025834328726
-0.00304880720048241 0.0245200454031063 0.217691937360898 -0.437169225873168
0.0201544520298307 0.0105051200332187 -0.282258222827188 -0.352789345914456
0.0213116391850612 -0.0250684544924555 -0.338530015998435 0.0873272298932128
-0.00716453699288134 -0.0262965982787514 -0.0703932759524171 0.21740580335544
-0.01574962155862 -0.00816434891527427 0.0780546461828015 0.0642805089918773
-0.0177572282734657 0.0081063335710863 0.064905866668761 -0.0965211999659601
-0.0175585626957266 0.00737133863322437 -0.0489150090093758 0.0942311812808676
0.00224110152438831 -0.00856164139053664 -0.058360562181658 -0.0571648791331974
0.0163627805368822 -0.0110938548421209 0.108068092155165 -0.177497259577473
0.0182409842971279 0.00841546598625756 0.288769667332816 0.022430266652253
-0.0188288962084286 0.0215363424610102 0.159497575702624 0.41920790373701
-0.0375342130452504 -0.00191152719477046 -0.316625787891937 0.385477912041624
-0.00778967982062729 -0.00965991386153114 -0.378240722964088 0.0224704957277525
-0.00463161160963122 -0.00803738818372832 -0.0147874845385058 0.0493258018505737
-0.019341957678728 0.0181121305027038 0.370311538136488 -0.0658419128173877
-0.00131799299301988 0.026789927071539 0.197781225386736 -0.440821401685701
0.0201021959394854 0.0083741813478611 -0.297762926033653 -0.338740338517645
0.0199444276970978 -0.0251662112873639 -0.3362690066102 0.0976418674590223
-0.00659091224847989 -0.0224496780338528 -0.0628124828289962 0.217573926058826
-0.0145973419065573 -0.00367934476461201 0.0834012436519448 0.0636615653191208
-0.017056089274466 0.010902063301565 0.0643095048295581 -0.0951514723423607
-0.0157586006190535 0.0106333859615945 -0.0500931768197611 0.0956871120286135
0.00313150560207665 -0.00338660178817489 -0.0564367410505804 -0.055716075313974
0.0157357026954148 -0.00546289658339012 0.111285202780127 -0.178917787151707
0.0173080203529672 0.0100055281906662 0.28793287129343 0.021690012928216
-0.0177458350139889 0.0208802305152248 0.153792225528054 0.419914077284587
-0.036514637531702 -0.000714867044161255 -0.324880689224133 0.385648338193249
-0.0145175046250067 -0.0081422083430298 -0.379887550807118 0.0227828679985411
-0.0136114646241188 -0.00836620567161518 -0.014851924071132 0.0503077571122778
-0.0237951422324248 0.0207165189342758 0.368751522532988 -0.0652198033836565
0.000425685217430298 0.0277337930500907 0.193122684293886 -0.439941372898952
0.0211036257714818 0.00737948554547859 -0.301709695250487 -0.336903939169897
0.0193986993348163 -0.0228278482148162 -0.336437768629649 0.0988090506651338
-0.0065634207758577 -0.0175103287841233 -0.0592031147742928 0.21681926261069
-0.0127183177734754 0.00103477006534007 0.0857449416453254 0.0642734270903316
-0.0153543541189815 0.0139898693369031 0.0640081303230476 -0.0940277437720317
-0.012647122639913 0.0132111987326159 -0.0508563933253593 0.0957995574452362
0.00319984565195279 0.00166969937584998 -0.0568149993911162 -0.0524832629354499
0.0138638801438288 0.000974408727515555 0.109184078635436 -0.182340325337545
0.0158069600356862 0.0126789651970549 0.287889902480333 0.0128447505469688
-0.0151779346596322 0.0197512920235697 0.16128836686971 0.414885072415867
-0.034595075533967 0.00115704708324517 -0.316061435951984 0.391752385466318
-0.0202720893822267 -0.00724161498794153 -0.379505237997756 0.0304072890684626
-0.0213786182352979 -0.00880400223061459 -0.0187778373526325 0.0513428547294515
-0.0276714577060935 0.0222032703003212 0.368818575962535 -0.0582550824350635
0.00258406809323617 0.0280005981679735 0.204060976205655 -0.43496433365651
0.0226041239116862 0.00670742326906097 -0.296936751188152 -0.345198130983998
0.0190452073660573 -0.0196443761853092 -0.33937839513641 0.0902163796903886
-0.00585438326679615 -0.011847488913592 -0.0612833676816655 0.21463826179624
-0.0114572309947786 0.005795858305272 0.0865444895217478 0.0670211374265424
-0.0126924983782534 0.0171131822687572 0.063653362439515 -0.0932833415372892
-0.0103327104707616 0.00365499304969136 -0.0538959688288984 0.0896354889242235
-0.00468927162011307 -0.0125356744862451 -0.0913244934404424 -0.046766787942996
0.00758010940721825 -0.00780585043501621 0.0551567781662239 -0.195461228286572
0.0214679515177718 0.012831658450923 0.286643611688845 -0.0727287677410457
-0.0024326285724409 0.0194216854739329 0.296162159942965 0.326770072752915
-0.0297626647624369 -0.00501027986342036 -0.159468804952351 0.443416524631316
0.0020620040644881 -0.0176456564374108 -0.364694996856743 0.103539584651296
0.0130844462361558 -0.0159305802054264 -0.0557901363051154 0.0447590244731495
-0.00593883180702776 0.00326926498696032 0.378538079404468 0.00753629120604866
-0.000285208350687099 0.0119199250474086 0.35142960549855 -0.381229416456289
0.022821970665659 0.0130867589203123 -0.162887592200604 -0.439475431903143
0.0284107013246841 -0.0121217335361509 -0.350297155312209 -0.00251980462367966
-0.00748491741349122 -0.0214273539598604 -0.114994937811232 0.209515387755221
-0.0172806027228438 -0.0108394227467598 0.0539276847466033 0.0773344011788543
-0.00954926528037851 0.00735988311431556 0.0629408851399356 -0.104399148499238
-0.0133629148186694 0.0021701943936317 -0.052158643342074 0.0904089752296963
-0.00393370891668349 -0.015335924607149 -0.0855628156837468 -0.0514836326058041
0.00970956442388448 -0.0128795729659333 0.0671438577336329 -0.191586967600679
0.0208541760792776 0.0102035587178157 0.292215563955656 -0.0498736055402032
-0.00745268028808751 0.0203350594974288 0.270174322141359 0.352737131229722
-0.0324922292546132 -0.00581705593000869 -0.194164934870111 0.434330923495228
0.00482241464704178 -0.0168797686579873 -0.3701310423019 0.0830474071362352
0.0162010358665201 -0.0141961189442492 -0.0451088285863013 0.0452410629017081
-0.00466170336191132 0.00464552049166289 0.380704797211264 -0.0108361824458497
-0.0018470464628701 0.0137816518638013 0.319935214463589 -0.402731906833786
0.0212336207816938 0.0125570435926948 -0.197051608159047 -0.419875243707354
0.0273525857841785 -0.016816413263033 -0.349354183580925 0.0229475619640693
-0.00732679947144432 -0.0253905475664375 -0.104210201735417 0.213116861680352
-0.017525910557078 -0.0127519080354851 0.0585085244974864 0.0737446815647083
-0.0124156397156499 0.005935641591825 0.0629045338355876 -0.103496788342015
-0.0165441679212947 0.00207680032874397 -0.0510988370576407 0.0921510077546238
-0.00247773573998183 -0.0167365976459667 -0.0790023759818613 -0.0549540141298449
0.0120477643497551 -0.0156928183433455 0.0793396627912604 -0.188269873857345
0.0209127631695765 0.00733938488290525 0.294632573754303 -0.0273837487324982
-0.0113664874189477 0.0217540898292213 0.243781484938703 0.37615714134891
-0.0348798033150153 -0.00495086741370813 -0.230103967200245 0.422929761082758
0.00448647009705192 -0.0152348185024808 -0.374485111482757 0.0638835400986411
0.0148741125508187 -0.0122337527713661 -0.0351539107778815 0.0461920379268367
-0.00660371220925571 0.00752583136222771 0.381027140369211 -0.0307283139931061
-0.00350362399362857 0.0175423552317187 0.283009790787036 -0.419323081224937
0.0203326167605704 0.0121577786663161 -0.233221150251949 -0.398203683041187
0.0253132597645743 -0.0216860077598654 -0.347571107870926 0.049652812220596
-0.00732544955457268 -0.0284160689256575 -0.0928176385184575 0.217659790537654
-0.0173667009513074 -0.0126817617455845 0.0654144225008326 0.0698732774676632
-0.0154065908289743 0.00552427894683697 0.0641624187926463 -0.10176450469432
-0.0182260983147227 0.00283204087279351 -0.0496409979215792 0.0932614261207141
-0.000934133447742312 -0.015885450123965 -0.0715898939294728 -0.0572339044155072
0.0145743166307808 -0.0171928941948739 0.0910439906948146 -0.18402154465014
0.0206841987738754 0.00688162267909298 0.295390315958605 -0.00621471165111515
-0.0151615274325838 0.0224045392760402 0.212499942198181 0.39667327581447
-0.0367429824671954 -0.00446841664702431 -0.268121133446448 0.410666457022827
0.00263464117427685 -0.0132739534363676 -0.376769840228244 0.0452980647442146
0.0106860680329223 -0.0104584279346561 -0.0256876956764672 0.0469233187468866
-0.0102644880129618 0.0110578905043817 0.378626720760444 -0.0487540876635994
-0.00392289004184391 0.0209328866020064 0.246306680302238 -0.434841081535779
0.0203097251725951 0.0115533261029055 -0.263716317308901 -0.374936966019659
0.023733388795837 -0.0243378712864729 -0.343894399627533 0.0726990089257801
-0.00748088012332044 -0.0285795555922314 -0.0809270005859178 0.219794833481161
-0.0170893240521219 -0.0107058810405554 0.072514651273319 0.0662096048102541
-0.0171227261320593 0.006672319644358 0.0646570869233435 -0.0996243813585727
-0.0188372562583238 0.00484172545564512 -0.0496533891599948 0.0945212163901208
0.000549960379707277 -0.0132056178713913 -0.0648334322198523 -0.0581333573829223
0.0165415625992115 -0.0152218916706626 0.101123710505955 -0.181731334219176
0.0196992119998926 0.00721573856760446 0.294103247829071 0.0109691972311433
-0.0181542245398298 0.0222434714239061 0.183500012076142 0.411798998215725
-0.0377823297661335 -0.0034212574010432 -0.297836714235525 0.397980824217174
-0.00147870319604578 -0.0113939530531673 -0.379930620374802 0.0314883428066403
0.00334474373643756 -0.00887230547616203 -0.0184446193039709 0.0481852964322219
-0.0143639775695604 0.0149906187311923 0.375242080451371 -0.0613636215309917
-0.0030841854015734 0.0245032204962693 0.216266399695321 -0.441809455891486
0.020424215100911 0.00983284697378874 -0.287827903046509 -0.353437829735511
0.0214683922988995 -0.0260211799499053 -0.340610272099225 0.0913340856564833
-0.00765437735782861 -0.0264440938705005 -0.0685928574376922 0.220585217019161
-0.0163097310550207 -0.00786248102797066 0.0789563116360258 0.0643959839710085
-0.0182025480923506 0.00867203229776998 0.0651536913292327 -0.0979533965698353
-0.0180828192087959 0.00757572056083361 -0.0491990207960546 0.095927389504971
0.00159366995596792 -0.0087927547931306 -0.059376034901751 -0.0574072094959668
0.0167055600983388 -0.0113247728247938 0.107857681210846 -0.18074954849689
0.0186918398091902 0.00809504854692343 0.292647790715954 0.0200575698414089
-0.0191471588499981 0.0220207806973628 0.164024074036621 0.421406450029176
-0.0382488285674839 -0.00184647433492702 -0.317969972189488 0.391177616849538
-0.0077548651689474 -0.00978044827493173 -0.381077226649656 0.0237462234817721
-0.00485773832315416 -0.00807429037017692 -0.014483560687827 0.0494384181151657
-0.019015415657401 0.0189007287829852 0.372908013924804 -0.0695087405995702
-0.00138146531646295 0.0270401354163313 0.196248073164877 -0.445241629826743
0.0204473776643138 0.00873015777853935 -0.30278746029753 -0.339884084627853
0.019965017437274 -0.0257929126740847 -0.339519248859228 0.101829700036444
-0.00707550559758584 -0.0234227509621832 -0.0617280727690903 0.220223729986406
-0.0148397266625486 -0.0033088842063682 0.0839559598746988 0.0635879141152525
-0.0173009979780093 0.0116923932164349 0.0643792992321924 -0.0961560387561512
-0.0155877665864185 0.0109795215720936 -0.0498193648050432 0.0966095558506699
0.00254807273619088 -0.00372657934227605 -0.0572736747068219 -0.0556875883849755
0.0157194870366304 -0.00539087949926904 0.11056873186799 -0.181834031818088
0.0176387884314059 0.00977506722069581 0.291015194902654 0.0198218319551813
-0.0175223072556722 0.0210759302652006 0.158054218767348 0.422495775732977
-0.0369413415088806 0.00018017429316879 -0.324726599925744 0.389881208583414
-0.0146791001701763 -0.0082171962073551 -0.382046424080781 0.0243615100283564
-0.0138665410753987 -0.00854978851059031 -0.0145908716669056 0.0505480716095922
-0.0234157418640359 0.0214406185063538 0.37104820939716 -0.0685274206450088
0.000795067958138967 0.0280506138344293 0.19191582951279 -0.443694331720473
0.0216088371048552 0.00746718942241462 -0.307749131441721 -0.337652759262407
0.0189787546362732 -0.0235321043935331 -0.338351188108861 0.102803866092348
-0.0062688057594242 -0.0173837726855436 -0.0582485164120085 0.219321098906844
-0.0129652756246529 0.0013000919182888 0.0877848698490662 0.0647776326714416
-0.0153214523227994 0.0145398232678303 0.0645818640341738 -0.0951249164440307
-0.0126475759574255 0.0137337380901085 -0.0508383875583407 0.0964743668908056
0.00299942521839761 0.00125964843264717 -0.0571860396122289 -0.0527023985475232
0.0139138797950773 0.000781743562681654 0.108511876015908 -0.185412923695435
0.0165113528606276 0.0126192163918584 0.290547387924681 0.0108088536829546
-0.0153039267023916 0.0200148319081045 0.16701896358017 0.417215479264771
-0.0350523999745829 0.00145075755262004 -0.31554823465103 0.397190245069756
-0.0201215644913642 -0.00743735180051033 -0.383116396521635 0.0328035087223611
-0.021452823196533 -0.00893193014734442 -0.0185174932921802 0.051286423055119
-0.0276019770423265 0.0224962075863243 0.371176795836294 -0.0618089396271427
0.00284602696030684 0.0281256203747826 0.202783644664305 -0.439879672328796
0.0229087037057358 0.00639878518432664 -0.301673919078003 -0.346498631069292
0.0193031870915181 -0.0201936295400195 -0.342389636628862 0.0943390589702986
-0.00554465832428934 -0.0115566682721677 -0.0604413476291593 0.217327970363276
-0.0113873937584657 0.00624145876498628 0.0882364532510326 0.0668190867879663
-0.01242614815119 0.0176124769519266 0.0636140826821889 -0.095012117905347
-0.00983135164121988 0.00369589846673561 -0.0538918652147776 0.090769678179864
-0.00519144485226325 -0.012677555152396 -0.0922881645794457 -0.0463574512666284
0.00753381498310251 -0.00799491557198774 0.0536618524189607 -0.198730416373342
0.0218070838402826 0.0125470586941037 0.288579097343179 -0.0764444712040825
-0.00261317963522872 0.0194872715077528 0.302847973001733 0.325417024583863
-0.0301695694461723 -0.00483223688174904 -0.156870714831593 0.44752830040316
0.0021009806103103 -0.0179490550587973 -0.367816741751675 0.108239174837581
0.0129387046056529 -0.0162544722783848 -0.055786036366103 0.0456696928788132
-0.00548531914953919 0.0036837128758674 0.38169762935658 0.0041698581728454
-0.000227039813649719 0.0119323127270466 0.352983117308298 -0.388479568296176
0.0232970881931382 0.0130253321722781 -0.16899781855689 -0.44323751770471
0.0287624787865309 -0.0124181273236688 -0.353374881185403 0.00128301385280854
-0.00767289103132494 -0.02124459411589 -0.114168276714627 0.212759417434867
-0.0174617117437149 -0.0103283645573699 0.0549032509967926 0.0776557498839105
-0.00934442183343384 0.00812734450274409 0.0626712985524053 -0.105495943391048
-0.0132133808601411 0.00274051864549859 -0.0519878841983318 0.0913923300817514
-0.00437425263875099 -0.0156501781204581 -0.0863279356482635 -0.0511190468014328
0.00939335348135063 -0.01282650892971 0.0660853979600392 -0.194855961363247
0.0213916619418748 0.00963342332469527 0.294421878969749 -0.0532789357808031
-0.00725673447237912 0.0204714052312309 0.27724366492338 0.352228743453111
-0.0333362454520764 -0.00546211602569946 -0.19129458683306 0.439438238474587
0.00489427073413976 -0.0173057258003602 -0.37210600719732 0.0871655379538119
0.0160578482862055 -0.014108879451396 -0.04500582373502 0.0459059931772154
-0.0044359501318763 0.00484775197933872 0.383253058170977 -0.014258663421493
-0.00182290750696986 0.0142841741486707 0.319390225518671 -0.409392031266849
0.0218840813684592 0.0125669391919526 -0.202693631715119 -0.422875546427554
0.0274122650950855 -0.0176399190894299 -0.352829040104361 0.0273799460800709
-0.00752435091658109 -0.0258661892111361 -0.103881356797534 0.216436608783006
-0.017672051993175 -0.0126695579838708 0.0599008373799774 0.0734052178428039
-0.0125690132978572 0.00644605790260292 0.0627789369825831 -0.105178685237952
-0.016201569403068 0.00242346389995883 -0.0509040506910553 0.0927964452216574
-0.0026104308497389 -0.0169851533078049 -0.080121915117775 -0.0551081398394572
0.0119320779093232 -0.0162256878172109 0.0782757201354148 -0.191386545615143
0.0211929008221371 0.0080407776956249 0.297793461920853 -0.030132636079242
-0.0114446322772091 0.022063417255032 0.249748394669928 0.375506000191003
-0.0354507584230949 -0.0051457339030496 -0.22883126518105 0.429268254574434
0.00484528539314774 -0.0154534612158817 -0.376800996426757 0.0677976759545084
0.0151675414252396 -0.0126070711310432 -0.0345703216160265 0.0462103220374256
-0.00626315758876211 0.00757586971332247 0.383771618067595 -0.0334769133215666
-0.00330377251007464 0.0176244916510947 0.281830450612287 -0.426324889241491
0.0207949432712105 0.0122030740790365 -0.237687907345371 -0.399228209890626
0.0255463169085772 -0.0218578746815808 -0.350766752624975 0.0542933368140997
-0.0070702811670696 -0.0284261245349903 -0.0915047428528252 0.220911273878617
-0.0178546451826378 -0.0124486542092645 0.0672831686118136 0.0699142947219315
-0.015476840501272 0.00617267329478932 0.0640807104410347 -0.103121518590692
-0.017991048065411 0.00346999409481663 -0.0492644271383713 0.0943468798062358
-0.00124976576532536 -0.0161962629837742 -0.072191228466321 -0.0571908803383317
0.0148336052924286 -0.0175054529448729 0.0895957896517543 -0.187139863746169
0.0209717046335517 0.00670980405491286 0.299003920209817 -0.00916248726422633
-0.0157627489674053 0.0230166401035529 0.218948305416405 0.398853554157559
-0.0371780363342561 -0.00430062962106441 -0.264640299843667 0.416317780443779
0.00262000277188216 -0.0133379781417456 -0.380032032823018 0.0498016503946379
0.0103017915618688 -0.0106505891437286 -0.0254969680624695 0.0470427684147849
-0.0103757712310912 0.0110866204055435 0.380730064558144 -0.0520756232824138
-0.00388457863087749 0.0214010916858258 0.244770074255966 -0.440452366537777
0.0206687789333963 0.0110861234623376 -0.269746377244379 -0.376279067445604
0.0233150836085804 -0.0251809673495994 -0.347159086361114 0.0772427153300105
-0.00760397469332098 -0.0284290645914323 -0.0790667323261398 0.222935058190194
-0.0174737723816742 -0.0107768834386137 0.0737706150434918 0.0669154803336799
-0.0170098951278808 0.00710829348053405 0.0645726581231662 -0.101337089364208
-0.018722017097628 0.00550703578295933 -0.048963356484826 0.0958009138571592
0.000195427999608431 -0.013493449698116 -0.065589291334121 -0.0581667910082441
0.0162897241725835 -0.0154582263262414 0.099902812054447 -0.185005659221095
0.0200519483163893 0.00646747695053377 0.296766171741676 0.00836531346648822
-0.0181757271880762 0.0229705550352038 0.190332875307474 0.41409356413364
-0.0379152859482823 -0.00301846548034978 -0.29772618903983 0.403100174596313
-0.00186011259039479 -0.0115868645313164 -0.383490512881458 0.0350939619166238
0.00338988992695519 -0.00931810725396145 -0.0182613764686052 0.0484999711501489
-0.0143558407106131 0.0154956231747299 0.377918116090608 -0.064687795543197
-0.00285862695768531 0.0249319999577629 0.215569456720042 -0.447604895182921
0.0205573268063519 0.00987893989090426 -0.29407500364762 -0.354320221938591
0.0217577779506066 -0.0266645503093585 -0.343027375011005 0.0960239738459585
-0.00762425227025708 -0.0261862178357216 -0.0671419302695523 0.223881373008173
-0.0165264106958409 -0.00721475022454002 0.0804722155834467 0.0642190843654029
-0.0181914640732382 0.00922675480997257 0.0653431663545988 -0.0991898588003434
-0.0172623968189972 0.00807845807788776 -0.048697570643389 0.0966318653186998
0.00169907129535747 -0.00878135631441915 -0.0602476609471225 -0.0575854673545097
0.0167189115517604 -0.0115316455847439 0.107086418701735 -0.183835369490365
0.019466985483972 0.00778707861237255 0.295452388098446 0.0172599151870647
-0.0189728244204488 0.0222155912315375 0.170098538872514 0.421538605419225
-0.0383317507004394 -0.00156918957871326 -0.316493127396141 0.397793663565479
-0.00819621086587593 -0.00997177572142892 -0.384212294354461 0.0280130316847255
-0.00502518164992622 -0.00841312395322701 -0.0141078959618762 0.0497738581006016
-0.0189350770700501 0.0192553005591962 0.375835832799905 -0.0732203198597543
-0.00121162131399773 0.0270665868597347 0.194519908890773 -0.45121721675521
0.0207708629551018 0.00871179558720019 -0.309167936676854 -0.340388373182483
0.0199781235822686 -0.0263625024416997 -0.341371590698722 0.106887721851304
-0.00704253260983479 -0.0228791656585264 -0.0600825939873407 0.223671517384881
-0.0150862600208959 -0.00260501635083698 0.0857820502111958 0.0636351634528764
-0.017049017773466 0.0123430874328198 0.0645912719749473 -0.0975857729638284
-0.0154775396985087 0.0115125132635371 -0.0499014381025346 0.0970249075135333
0.00212820544074948 -0.00420497833504309 -0.0577782805080618 -0.0555518112391561
0.0154485346748228 -0.00608674837322356 0.109970678493582 -0.185732907982764
0.0175983314978054 0.0100635360470479 0.294278230975522 0.0169302856084581
-0.0181647199630498 0.0216642786664879 0.16412431435496 0.423981891801091
-0.0371896244597806 0.000460905704198877 -0.323306919124944 0.395987049830973
-0.014735921145241 -0.00852660217532795 -0.385820439208238 0.0275459084323091
-0.0138768317319098 -0.00859696428864238 -0.0143498335908002 0.0504379643647992
-0.0236231324886726 0.0218134087949175 0.373527557496827 -0.0726733333683798
0.00101124465066712 0.0280200006356949 0.190375405783595 -0.449248995057389
0.0218646087541157 0.00748977422181057 -0.313923626797905 -0.337788118086184
0.0192802192939688 -0.0247828748723177 -0.341153560913172 0.108001272275801
-0.00637602947195804 -0.0176449357888169 -0.056377530430974 0.222336548710607
-0.0132661625085941 0.00227239895952551 0.0889744920604727 0.0647644010803645
-0.0151856807691894 0.0149626537200686 0.0643753703983207 -0.096619325143504
-0.0119300658996726 0.0139593612700685 -0.0504158627206576 0.0976499027801792
0.00269440240753214 0.00173931197173777 -0.0579212230317111 -0.052734467324065
0.0142926109235259 0.000584153832369569 0.108108616793098 -0.189147102676246
0.0169568859735974 0.0118488003654899 0.294280946800011 0.0081567974752381
-0.0148709130805781 0.0207041931334699 0.173394567801831 0.417243326288225
-0.0353629899581902 0.00188466906662484 -0.315797676171822 0.404949912959184
-0.0203935920456503 -0.00753597887753074 -0.386035884815244 0.0367152885653399
-0.0215352263887099 -0.00929165209022035 -0.0179802379040337 0.0513950609913093
-0.0274638524782952 0.0227149408726545 0.373140811432993 -0.0651326217368785
0.00323018863655245 0.0287191330358416 0.20102461969267 -0.446368072317407
0.0230455533078395 0.00611555819890709 -0.308385519994553 -0.346277289911156
0.0192784413905714 -0.02102630054014 -0.345188054762498 0.098571820745874
-0.00563657922560652 -0.011720535761945 -0.0585461658493041 0.220341761514394
-0.0114332781801252 0.00691639736775551 0.0897060944521436 0.0667955750327227
-0.0121744601784056 0.0182151275395306 0.06361213640479 -0.0963137405304498
-0.00935663524155356 0.00378216194583604 -0.0541013802304321 0.0920810728125994
-0.0051078442680133 -0.0132588249764003 -0.093153281796645 -0.0454379745557129
0.00791235410858697 -0.00848856626544235 0.0518420654246405 -0.201572627103393
0.0228254696180591 0.0118847563502963 0.290683064673404 -0.080410519125935
-0.00251715660005711 0.0195154922229804 0.309440299521053 0.323640351022857
-0.0305449738987202 -0.00410707068614168 -0.153388546802593 0.453216508037102
0.00159861253291537 -0.0183652324269922 -0.369672823197664 0.113377115777207
0.0127566100584695 -0.0165459995765893 -0.055615149371346 0.0460981883263224
-0.00582905485819932 0.00371359261352392 0.384293641247935 0.000183097320718385
-0.000330815804138561 0.0119413123798209 0.350851282383787 -0.394136945974753
0.0233076685681119 0.0127596334338313 -0.174650449047488 -0.445219047933047
0.0287676066432189 -0.0128441088833964 -0.356611175411291 0.00540162830443807
-0.00734390754544061 -0.0218595529739905 -0.113058387511559 0.216064416484469
-0.0173534227599986 -0.00997108054983602 0.0564092444094488 0.0781472708415102
-0.00916263726711975 0.00844652991115356 0.0618665938200557 -0.107445960520441
-0.0127435761054204 0.00309808378139895 -0.0518247350842092 0.0926091071296073
-0.00443146983975902 -0.0155219742708828 -0.0880257278681954 -0.0508572428598423
0.0094217242482256 -0.0132595553651653 0.0645797209209572 -0.197752284761611
0.0216489422302256 0.00916446083948859 0.2968154256738 -0.0568183786871367
-0.00743678734140902 0.0214441567491134 0.286337258228562 0.351121327496633
-0.0334680412904788 -0.00437258437955945 -0.187674950284582 0.445728060342086
0.00465344487915093 -0.0179450559704931 -0.373781828150367 0.0913638977240409
0.0157982032788638 -0.0148203124575681 -0.044365011099034 0.046160997276589
-0.00443425144225799 0.00479644874505753 0.386484327943797 -0.0186675592348921
-0.00197947092197288 0.0140611181440378 0.318539187244071 -0.416053316078758
0.0219460542268028 0.0122151179949784 -0.208640996278817 -0.423697147435208
0.0277683666079722 -0.0181361652322807 -0.355186158237516 0.0315675765418992
-0.00733382490209858 -0.0259615348414757 -0.102611856488639 0.220204845691622
-0.0180715572896083 -0.0121997558281456 0.0613780825121004 0.0738370537583937
-0.0124258151531667 0.00699396226598828 0.062373617396799 -0.106726824720084
-0.0161580124962757 0.00312053502649171 -0.0502263163901062 0.0939150985481247
-0.00303074857460809 -0.0168068333470235 -0.0807895841038584 -0.054485711274734
0.0120835043474728 -0.0167369647069062 0.0761649635669137 -0.194458612152132
0.021858567672936 0.00706569497043936 0.29990034012558 -0.0339021224554135
-0.0116594991232624 0.0223533907457343 0.256339695134933 0.375744897588152
-0.035970203315348 -0.00457485772658486 -0.224858150427115 0.434759881451978
0.00495079581636056 -0.0157346633401827 -0.378689168776626 0.072637741980743
0.0149358243815191 -0.0128238165316092 -0.0345880789207271 0.0469663766093788
-0.0061789726151367 0.00784074926746489 0.386030875158158 -0.0388034407695923
-0.00308819276888536 0.0174258274228625 0.279663672550225 -0.432504364705838
0.0212064814801488 0.0119236554852791 -0.245131604389046 -0.399821381868346
0.025548816429664 -0.0227381893002239 -0.353227889724281 0.0587076747580851
-0.00771240567525702 -0.0288550699307344 -0.0896085785209645 0.223922061264212
-0.0181370952673666 -0.0121541058482157 0.0682032835184835 0.0697625787419918
-0.0151739234210485 0.00691411938018892 0.063817416580396 -0.104558552112611
-0.0176735110346336 0.00415036668661087 -0.0488929603523444 0.0949759594350664
-0.00156408971923155 -0.0162580680181773 -0.073488566525379 -0.056895681020585
0.0147799051081238 -0.0178931876940032 0.0885670879087744 -0.190694250290152
0.0213483877291265 0.00670047923526727 0.30140116564709 -0.0129660124626057
-0.0157499732593127 0.0233805475729541 0.227196558591445 0.398401822863663
-0.0376607184407786 -0.00363783967925078 -0.264034312499744 0.421850224648889
0.00215231893142296 -0.0136759567621243 -0.38284540146343 0.0549190830009353
0.0103008914451307 -0.0107648329679465 -0.0249636328372581 0.0477771599875391
-0.0103187827702945 0.0117791567723994 0.383741399822083 -0.0572645161133031
-0.00372154282328937 0.021463092536196 0.242387377340095 -0.446800167143027
0.0211244027174639 0.011152991188753 -0.275079776572757 -0.377187551125935
0.0235097938706022 -0.0260624175845865 -0.349494926970508 0.0826129651778403
-0.00773763398797485 -0.0286829788632958 -0.0772141441882171 0.225903056043739
-0.0178532172052455 -0.00997742960749025 0.0754059305406315 0.0664913117832019
-0.0172158467005514 0.00765484286766457 0.0643151789965468 -0.102824316273645
-0.0181763038260575 0.00582720199318265 -0.0491261191950299 0.0967151126972371
0.000420952277722642 -0.0135619176627897 -0.066547617359249 -0.0581576845065424
0.0164976399128913 -0.0158304719969339 0.0989753372704973 -0.188406034558761
0.0206938117074271 0.00623259999018148 0.300326273098589 0.00501250181323764
-0.0185411627189689 0.0231806228592851 0.196457028967473 0.414594496089024
-0.0384764125874684 -0.00264748829574495 -0.295573726259262 0.410176741045179
-0.00178653191072869 -0.0116357589128799 -0.386050612177281 0.0401081598591297
0.00349018967166933 -0.00959233669743326 -0.0174987086652273 0.048534226933139
-0.0141114652562322 0.0155798902482271 0.380618937441946 -0.0699357302204311
-0.00223014336760971 0.0247923391742951 0.211947219112534 -0.453995460986474
0.0207469174028827 0.0102548043083164 -0.299420807769829 -0.354121738293494
0.0212402745194068 -0.0273866355536634 -0.344993188473947 0.10153671853341
-0.00791493616960252 -0.0268740308389749 -0.0650744151420751 0.226675726015935
-0.0166596294004759 -0.00648672301505475 0.0823824012171726 0.0639464436626176
-0.0178167740519886 0.0100361407207268 0.0647777899717749 -0.100858543825772
-0.0172151015809307 0.00885166473927812 -0.0481535422842167 0.0978236223618078
0.00158033195656668 -0.00874206860557511 -0.0613533369956472 -0.0573333996916823
0.0170874130732261 -0.0118025620848022 0.106348663533271 -0.187343178269372
0.019389731343428 0.00717769567029888 0.29817307174535 0.0141552665118398
-0.0191243755149174 0.022970808381161 0.177701971015902 0.423875469556963
-0.0385585028110646 -0.000813824454213241 -0.315413716793661 0.403293980214748
-0.00792175533652295 -0.00958752406705163 -0.387023123936192 0.0321806183602553
-0.00525299715690666 -0.00842400606587256 -0.0135545320492635 0.0501633711420536
-0.0185923324533588 0.0197415782114157 0.377541079542584 -0.0791033843994416
-0.000885372400227742 0.0269911516431444 0.191228558060848 -0.457670295968899
0.0211978238468214 0.00854911468544691 -0.314533234244977 -0.339244750966793
0.0197774901000241 -0.0271840786278487 -0.343444692984848 0.112141973071578
-0.00699137793078806 -0.0231613750514791 -0.0571318553328729 0.22676738244359
-0.0151582365761651 -0.00202437429495998 0.0873265165778169 0.0636127229719826
-0.0171720559002045 0.012633254203932 0.0643413713146174 -0.0989427947709218
-0.0147172148307184 0.0116600555639641 -0.049328129417116 0.098132301041198
0.00214041636479516 -0.00422736020089068 -0.0593002205697694 -0.0553461675454341
0.0163057742905557 -0.00632002187883114 0.108852887521582 -0.189126454141117
0.0181802764614186 0.00917284841380291 0.297456367893653 0.0134200344535029
-0.0181658949116491 0.0221559810900096 0.171555578873036 0.425896195357791
-0.0374039039658755 0.00128299352427209 -0.320998376788529 0.403334309169779
-0.0147643230384638 -0.00876745419168582 -0.389199666349022 0.032483109198982
-0.0143827438111706 -0.00816930228460808 -0.0136440917097668 0.0512032065093315
-0.023368916793388 0.0223282285696751 0.375368386090055 -0.0769968815456057
0.00152232536823598 0.0287796724144027 0.186825806565286 -0.455555481314148
0.0219061427793332 0.00709116451545069 -0.319805995127954 -0.335445766197003
0.0190965335357075 -0.0254767672015493 -0.34334573400713 0.113006452882397
-0.00604830320880988 -0.0177242868993413 -0.0544118664157703 0.224950826169883
-0.0133443461201898 0.00223494784342836 0.0908242110182183 0.0640656047996179
-0.0152962930425522 0.0159701173104202 0.0645088252584805 -0.0982687653280711
-0.0115810916057616 0.0141737590877315 -0.0500295366496844 0.0989096823980804
0.00271076575382394 0.00116305841967464 -0.0592690226135291 -0.052943137643344
0.0143520822844866 0.000606421119361598 0.107045219959269 -0.192931473489935
0.0174271009171385 0.0113581178813122 0.297037251899749 0.00375586641458655
-0.0150890364191529 0.0206843971051532 0.180774422019329 0.419008363035666
-0.0356577346789443 0.00277700421415666 -0.313068961048665 0.410466828677377
-0.0207796270575923 -0.00742292102922302 -0.388367661546692 0.0415611093118767
-0.0221662281682075 -0.00926059533353537 -0.0178495696404749 0.0519866036340047
-0.0272761955109553 0.0237549740274386 0.375626174136487 -0.0700575316960282
0.00356028722180122 0.0281610296657583 0.197183843444539 -0.45146606352663
0.0234095131380253 0.00639471044270818 -0.313995642637446 -0.346045152176619
0.0193729766931808 -0.0215340805314092 -0.347037207858631 0.103737501038261
-0.00566647629118131 -0.0119175708995375 -0.0563651730817452 0.223869460182337
-0.0114966662724014 0.00749089259269037 0.0914820614242536 0.0665320960714582
-0.0118395605520644 0.0189016107066175 0.0636529021603916 -0.0979521893831597
-0.00930669882939832 0.00435827922527725 -0.0531855957009856 0.0929131377711553
-0.00568561400379794 -0.0133964623281655 -0.0946625542347889 -0.0442862800731555
0.007616753327721 -0.00837989526678557 0.0497072617084196 -0.203979205391072
0.0231091040948654 0.0112227561089151 0.292263458540639 -0.0849321875927189
-0.00270680153531492 0.0199614058057684 0.317378662527143 0.321725197919447
-0.0312197338683891 -0.00350870250557457 -0.148172292729238 0.458408819503637
0.00152095127881432 -0.0185946068668212 -0.370190996580933 0.117844801377378
0.0126142547049516 -0.016702110372452 -0.0553685414526972 0.0469152582468958
-0.00527046296038549 0.0039431782642493 0.385970683763629 -0.00457546621371086
0.000255798517987998 0.0118235352745005 0.348391341247901 -0.402123607396365
0.0235961655824212 0.0126206699956286 -0.180705138976862 -0.444256386913085
0.0290289501268898 -0.0141205530597357 -0.360271009079981 0.00984015794867343
-0.00771088854810798 -0.0218005615009105 -0.110804987570253 0.219930952612796
-0.0177195117325931 -0.00957335959437268 0.0577245867720756 0.0784615063773475
-0.00923340433556892 0.00876079980561542 0.0609993595175735 -0.1088051585429
-0.0125809935440683 0.00301247823445934 -0.0516168337199382 0.0940571323912862
-0.00479357826200799 -0.0162658483216637 -0.0887838042543748 -0.0497618185616023
0.00961647920192551 -0.013637702083593 0.062321800687724 -0.200464893581228
0.0223676509293668 0.00865422441324928 0.298283048204055 -0.0616102374042522
-0.00765560913373606 0.021562080968204 0.292381166639662 0.349786666992223
-0.0335985647667632 -0.00451112198692024 -0.18284233256241 0.451170099448039
0.00471025173158569 -0.0180513153104072 -0.376043692843865 0.0978987428881675
0.0159229410854813 -0.015082282715485 -0.0443973397820735 0.0472655250463124
-0.00391449879223513 0.00529649510645117 0.388228788218249 -0.023814446116969
-0.00134718001859869 0.0139216806728322 0.313870232683315 -0.422665119705863
0.022419068412353 0.0122615961486177 -0.216238919503692 -0.424181686955265
0.0274691006865566 -0.0191622978291572 -0.358505029580753 0.0368588308399702
-0.0074688375305795 -0.0259965556294427 -0.10010502531952 0.223418824624265
-0.0183111230675307 -0.01145415413247 0.0632818519011613 0.0738672319353265
-0.012276495552766 0.00751418427459974 0.0619500212709885 -0.107937560345184
-0.0156469146218022 0.00347727662253196 -0.0503231171989075 0.0952441968035833
-0.00365215211699596 -0.0168706079335941 -0.0820106259233251 -0.0538422978490164
0.0121228352621892 -0.017473338072797 0.074524583661322 -0.197460308079102
0.0223819743346336 0.00658717559748592 0.301984013607797 -0.03873189761254
-0.0115531257655269 0.0230053549928546 0.263966596116595 0.374366030175786
-0.0362102825001001 -0.00387821487891679 -0.221581278389635 0.440258282595374
0.00468089752726845 -0.0164418302547564 -0.381088207219947 0.0772019791581951
0.0147977431742 -0.0130434730670978 -0.034235039985408 0.0476292449571731
-0.00575178358487722 0.00799474960065463 0.386766131739951 -0.0439460642523409
-0.00285607637421594 0.0173640229788622 0.276936818141116 -0.438158506740138
0.0218171335776829 0.0120488069442346 -0.251212894725343 -0.400331438411534
0.0257201288049293 -0.0235727037505725 -0.355340461349126 0.0640679572553308
-0.00782605718636594 -0.0284961729958423 -0.0873665383363455 0.227221776279496
-0.0187002132119457 -0.0116585397204755 0.0697318650184815 0.0698297362296829
-0.0152408750664875 0.00745790465875885 0.063240055238307 -0.106613071641678
-0.0173936258556031 0.00424094856140584 -0.0484709502787169 0.096372822208165
-0.00215902504950316 -0.016032952250535 -0.0741595945034369 -0.0561954723830796
0.0146628071131132 -0.0180445675911026 0.0870623199410288 -0.19398605958644
0.0218321445728702 0.00583143379930925 0.303823160700672 -0.0164609004429366
-0.0156592367472184 0.0236528648323303 0.23351702063585 0.396641491949814
-0.0378182676299492 -0.00294157809708501 -0.260148038901929 0.428032326036163
0.00264694721114539 -0.0141520967700545 -0.384371724392863 0.0590763366798524
0.0102028362581404 -0.0113026565795949 -0.024447978250082 0.048119922520547
-0.00961099187915008 0.0118075708805577 0.385045655432928 -0.0619747668421091
-0.00306234231800204 0.0216115086378483 0.239161499992266 -0.453037119939438
0.0214717069273461 0.011081826391853 -0.283435594607584 -0.375805759610928
0.0236800688781644 -0.0264702913075325 -0.351557648807548 0.0885066133907291
-0.00811408436710655 -0.0288431255274895 -0.0746209178171446 0.229031834310759
-0.018094560304048 -0.00953478064736143 0.0770867888451813 0.0665016845641722
-0.0169274125637743 0.00853065594979325 0.0634511743501485 -0.104203789541619
-0.0178900904541161 0.0060447413130633 -0.0486042081962677 0.0979332343230279
-0.000527539278287601 -0.0136390611917442 -0.0679326460325484 -0.0575056302687076
0.0167754312664621 -0.0162527492123879 0.0970083521267304 -0.192212787057812
0.0208690320179803 0.00623164748293027 0.302804723379023 0.000736071053465182
-0.018606628299677 0.0238253468070693 0.203406876853104 0.413832218037037
-0.0391240966874306 -0.00185241254868861 -0.292017869589717 0.417180336724573
-0.00206559760192623 -0.0119714821617559 -0.386929389539658 0.0437004651039353
0.0031171606283711 -0.00961057150560759 -0.0169362796688865 0.0489167183628835
-0.0134223239335319 0.0154956365283766 0.381163472945523 -0.0752457879868999
-0.00221598795991578 0.0250392245420471 0.207486255243047 -0.458687059681751
0.0211894548796265 0.00946979487023071 -0.307598598958965 -0.352334156903833
0.0210823270612139 -0.028278305706836 -0.347430686434866 0.106915308073773
-0.00773562958058149 -0.0268215977722359 -0.0630064184258154 0.22990841888917
-0.0173270920761992 -0.00608293756921494 0.0838730991125731 0.0641165989565814
-0.0175389850728541 0.0107093536392012 0.0644973955408152 -0.102834078261637
-0.0166977575561534 0.00923682242833203 -0.0475561897108456 0.0989706333823001
0.00122410012894108 -0.00939725294746922 -0.0623828052117757 -0.0573321580634576
0.0169554888820894 -0.0126303130154737 0.103997917518041 -0.191037189308147
0.0201106060796511 0.00665646613876829 0.30135569577651 0.0103295233849538
-0.0192951679070087 0.0232748835919119 0.184670160794896 0.424298307691609
-0.0388646212043423 2.71935101526961E-05 -0.31271539200752 0.410077148981851
-0.00784784051160945 -0.0100641238853637 -0.389362351680554 0.0378911813991361
-0.0055517384434296 -0.00865654287798037 -0.0128997168965647 0.0505933010948792
-0.0181493920576343 0.0195396018898258 0.378073539780173 -0.0829598723557728
-0.000333741034755884 0.0274526203401685 0.187370966489342 -0.462766876932772
0.0218478961315896 0.00849223059140693 -0.321874015748464 -0.338417491822973
0.019777681098851 -0.0277745073565206 -0.344844758591595 0.118259091655632
-0.00726176666098136 -0.0231626797611193 -0.0549692918507675 0.229326052027967
-0.0158728017615027 -0.001890588044495 0.0890043667743338 0.0630582242696394
-0.0165705482800707 0.0135272546315199 0.0637039782471409 -0.100816554203212
-0.0146924756865668 0.012331303189104 -0.0483752402568299 0.0995959861997023
0.00189734724041741 -0.00370672755252329 -0.0602159330149918 -0.0555573337932292
0.0159926274643253 -0.00639928287281501 0.107523034531034 -0.192008896438789
0.0188018028316347 0.00845448381951376 0.300205082005481 0.0098901248051705
-0.0180826142558995 0.0224892454146781 0.178039518707689 0.425772338207434
-0.0376731645884738 0.00189260650213831 -0.318457520472332 0.409385159210483
-0.0148102360641114 -0.00840166583603344 -0.391232693850735 0.0372305541809971
-0.01460520238939 -0.0082546163049989 -0.0128391372377397 0.0516922446337687
-0.0229943014695765 0.0225191210266478 0.376500908526978 -0.0821952650617574
0.00166744276206475 0.0288212642374293 0.182726368164592 -0.46089524196262
0.0224238861611076 0.00716394035124517 -0.327437396436878 -0.334576224085307
0.0190585419463582 -0.0258638284491823 -0.344179793408656 0.118765822173871
-0.00638805026054773 -0.017928635226588 -0.0516530588166552 0.227811599359428
-0.0134727020437992 0.00328494235628363 0.0921850136113075 0.0635165786686089
-0.0143402029027507 0.0158114727298932 0.0636133220143219 -0.0997149474063203
-0.0107828425715718 0.0147412441527573 -0.0495881440091471 0.100078627613014
0.00261200748233363 0.00156513484185846 -0.0605670726313059 -0.0526616035522472
0.0146663290776277 9.08983981387848E-05 0.104790058423846 -0.19658761703252
0.0177931146156085 0.0109253868348928 0.299808235582757 0.000593789054135095
-0.0156571972159772 0.0210440662142809 0.185900414499717 0.41897735689765
-0.0355923092900412 0.00350298036128001 -0.311291495391213 0.416739779311448
-0.0208839689714345 -0.00724218033820727 -0.390981560258385 0.0454534934861626
-0.0224386118775086 -0.00883745702296984 -0.0174570719216998 0.0518917575216008
-0.0270798731436141 0.0242330364109383 0.37729332131753 -0.0753317469239658
0.00389452618669632 0.0282570244760125 0.194137792040886 -0.458209349319936
0.0238309507401151 0.00643264353524934 -0.321085161635812 -0.344971957303994
0.0188935034746908 -0.0222896986965137 -0.347951096023892 0.110119217242129
-0.00581563937551491 -0.0119815481003486 -0.0539242089847366 0.226157868587361
-0.0118220893720916 0.00794327877816812 0.0931195833587394 0.06577244775623
-0.0115151947834127 0.0191536838153377 0.0627111383991789 -0.0991337237787233
-0.00840309905170636 0.00462667290841839 -0.0528543778985176 0.0945834374284212
-0.00580678817746911 -0.0133442828765086 -0.0959984221277353 -0.0435149503315735
0.00800250571735104 -0.00856267420957104 0.0471821240482668 -0.207034315342517
0.0236754520437975 0.0105476137294288 0.293258373444824 -0.0895653212189858
-0.00274352980073838 0.020124431440636 0.324672377724482 0.318593107008711
-0.0313100070391777 -0.00317624071097316 -0.143102865669387 0.463181960136357
0.00183966588924071 -0.018537130127906 -0.372402183384083 0.123388250875443
0.0125241631816273 -0.0171676021529409 -0.0553260143005132 0.0476097404573777
-0.00510028687844168 0.00412378322036211 0.387682425720584 -0.00989721472924622
0.000212596231802019 0.01178702659784 0.345266978544622 -0.40875936107732
0.023977641664508 0.0125279667766845 -0.188482633827811 -0.446491312560842
0.0290300213681166 -0.0148112589467069 -0.362435025215609 0.0160723350799213
-0.00808277097127787 -0.0215447685632994 -0.108548129421407 0.222679268515069
-0.0183032156975912 -0.00885723815113511 0.0597277302589278 0.0785367308298375
-0.00876284945398477 0.00968642505615437 0.0606031289454263 -0.11011410524899
-0.0120172785738695 0.00350697203041666 -0.0507868334865691 0.0950356921971103
-0.00538673053720318 -0.0158138469122274 -0.0893258700977122 -0.0486448488449471
0.009833400221675 -0.0136422479696978 0.0594376911836824 -0.203484274313494
0.022876300466214 0.00850218397168846 0.299866292722372 -0.0666915305886066
-0.00753237678740548 0.0215651183800674 0.299433354952182 0.346486204738901
-0.0340017372616525 -0.00379251264065969 -0.17895105023592 0.456166537351007
0.00458187227609807 -0.018249217120829 -0.376547908835249 0.102580811002394
0.0158575911766054 -0.0152172842527579 -0.043956487824005 0.0477707357545549
-0.00380460645599198 0.00502331000341474 0.38971148627258 -0.028803671298335
-0.00128502414043256 0.0144843054636203 0.31125443247991 -0.429074302824002
0.0228577767106228 0.0121707667069591 -0.223333543123742 -0.423421379299323
0.0273846760388217 -0.0194386636521326 -0.359865907893677 0.0430546801510427
-0.00759308930651285 -0.0262139206704796 -0.097611250143008 0.226545165814087
-0.0186491418944605 -0.011093663985874 0.0644658376342828 0.0737802379323637
-0.0119359706765705 0.00811562689137266 0.060623616856851 -0.109577094581253
-0.0151311842354978 0.00351605493818113 -0.0494151159661035 0.0964285516114964
-0.00396801791187054 -0.0174323528608543 -0.0835189286896823 -0.0530689727207895
0.0121576302841779 -0.0172869404467868 0.0723368595332564 -0.200288866463118
0.0225967653436563 0.00605351011128493 0.30395718071488 -0.0428423723708527
-0.011863730996077 0.0234341147504944 0.272081479276181 0.372562096326781
-0.0364591595191906 -0.00316188621548163 -0.217680752834273 0.445121356555778
0.00463068369679529 -0.0165707430311777 -0.38251716338939 0.0829909754156467
0.0145939698110758 -0.0136679218378271 -0.0337712347709263 0.0479597266855265
-0.00559295805684224 0.00809787265276836 0.38913641781619 -0.0493252757262491
-0.00293532578459499 0.017759169860583 0.272276328387368 -0.445542972890749
0.0221378877128148 0.0119137126881388 -0.259116679176154 -0.399309139091594
0.0257353000249776 -0.0240794975382104 -0.356722143857205 0.0703680627356221
-0.00780263133920162 -0.0287830505387899 -0.0845314949944746 0.229918585142022
-0.0188029899466821 -0.010734711700086 0.0713527648956411 0.069401397318222
-0.0151788209677193 0.00791432437957994 0.0622796464360414 -0.107487431288079
-0.0168979142136167 0.00468419749154568 -0.0479577829348203 0.0978973422794407
-0.00242758594721501 -0.0163691537267784 -0.075497292836683 -0.0558161086324297
0.0145037159415662 -0.018280718455161 0.0846086770373221 -0.197659656215097
0.0223630667193014 0.00528017198953275 0.305932693721264 -0.0211170916090255
-0.0155130267243939 0.0241215429338303 0.240508621263078 0.39552061210628
-0.0384059359791071 -0.00204226962063431 -0.255472517389047 0.434186934215999
0.0023165026425676 -0.014167996532322 -0.385905360291586 0.0657783650707644
0.0101333980373115 -0.0113371405307854 -0.0243544099089004 0.0486205071153303
-0.00926712163743044 0.0123170073644939 0.386233433499371 -0.067705352232617
-0.00264056911872988 0.021790110615681 0.233518488539133 -0.457817166207397
0.0218905639283738 0.0105813924680819 -0.290349858279962 -0.373122951285027
0.0233083485151714 -0.0269957436035156 -0.352237568616307 0.0943231694657947
-0.00846682886540567 -0.0288008958203643 -0.0715286245072376 0.232469190961978
-0.0184318058918241 -0.00897060883302816 0.0784012434531436 0.065835953186428
-0.0168329145272612 0.00880844843035104 0.0621528310445514 -0.105895024678997
-0.017229232303998 0.00662209689282264 -0.0476158395099658 0.0992069260590976
-0.000761007978055988 -0.0138002342523148 -0.0688312511874741 -0.0567262810099032
0.0163444613996985 -0.0168117823623221 0.0944551536192134 -0.194919592669765
0.0213315753595091 0.00564116788627543 0.304883710472061 -0.00334115915375751
-0.0184232259495785 0.024231866421412 0.210430071888974 0.413295136318193
-0.0390413741634688 -0.0012829353965599 -0.288230357659145 0.421806574506804
-0.00200103477235515 -0.0115703595921129 -0.388868817202337 0.0496676044978851
0.00316038190676427 -0.009966736757281 -0.0165162035254896 0.0493445125460021
-0.0135939251391761 0.0162710672084307 0.382425520398192 -0.0806469548541577
-0.0020958848560502 0.0251519443037876 0.203442310221804 -0.464564059488103
0.0216443460200952 0.00946863212734011 -0.313260103456856 -0.350965160780662
0.0209935275556367 -0.0287120457753397 -0.347570078215537 0.113094192186476
-0.00779500049797065 -0.0270851167465939 -0.0596704347694494 0.2329169853214
-0.0177793018738136 -0.0054822378218852 0.0854669931396271 0.0631732653575298
-0.0172810532825813 0.0109643273066008 0.0635391272378923 -0.103726824570898
-0.015970661497046 0.00975747692414507 -0.0467609088557317 0.100184290884317
0.000772551523994684 -0.00875680617171232 -0.0630090254265891 -0.0567633989006909
0.0171072412422668 -0.0127406189635053 0.102117752803669 -0.194529186049789
0.0203421480168892 0.00634267354229143 0.303891681594302 0.00593209161766301
-0.0196076306954466 0.0238620994412882 0.192368912829004 0.423758692559585
-0.0393810018296028 0.000789379803942707 -0.30842157464367 0.416704970599739
-0.00807668717085597 -0.0102322014102621 -0.390809954222724 0.0425739540480622
-0.00576359610371055 -0.00855583126823118 -0.012738057035693 0.0504985368205645
-0.0178797971650783 0.020040146728847 0.379721036368008 -0.0887236620988615
0.000106342897186463 0.0273643606561462 0.182558525597006 -0.468146171690211
0.0217041818672652 0.00788831351483272 -0.328240431056826 -0.336624874155436
0.0195931437822565 -0.0286568803955869 -0.345475772837403 0.123759985257413
-0.00738418260341676 -0.0232605170684349 -0.0522036080240912 0.231939062395312
-0.0158124915114208 -0.00102293441463945 0.0901039897381332 0.0625606559128928
-0.0166298405292837 0.0141153009001589 0.0634432516873504 -0.102066860389064
-0.0136178194374058 0.0120190079018445 -0.0481015783191314 0.100908448732647
0.00198417658436587 -0.00380128805104952 -0.0606373599954709 -0.0553717845876161
0.0163928661718853 -0.00693737043888555 0.105210563431568 -0.196287069193217
0.0191687713949267 0.00845048705738642 0.302338461141364 0.00529016225722282
-0.0182016121795203 0.0230704874161815 0.185959999120503 0.425445823796386
-0.0378103548231404 0.00226399224299432 -0.315383305886592 0.415190219600753
-0.0150258276984844 -0.00842634707389945 -0.392857932747644 0.0419588359933625
-0.0146469793605397 -0.00836749662939757 -0.0127376176480767 0.0516459358531118
-0.0227533285354902 0.0229566058711465 0.37789192279565 -0.0881852219459525
0.00230584765242581 0.0287317033369712 0.177830992142121 -0.465824013158223
0.0227357031345372 0.00664562079659695 -0.333823901409577 -0.332682807026758
0.0185265449712269 -0.0266959526166 -0.34561108474026 0.124576302961068
-0.00636517343641089 -0.0181074402020935 -0.0487989146411755 0.230575372599711
-0.0136457999563352 0.00395870966257342 0.0943185070693731 0.0632668961184035
-0.0141133415831047 0.0167395485055522 0.0627938351572362 -0.101070714272208
-0.0100056305278234 0.0148696835452122 -0.0492284868422996 0.101041132466779
0.00254921125344837 0.00120407431546218 -0.0608526016629866 -0.0522059007806281
0.0145356660491331 -0.000199378334516005 0.102763641715311 -0.199577146111778
0.018537447075675 0.0107963024570544 0.301745381745115 -0.00386642084196856
-0.0155916959714285 0.0221135157842896 0.194489336022718 0.418085442200276
-0.0360200785970125 0.00387272957534516 -0.305187024002513 0.423714402393802
-0.0209862111146315 -0.00718374770181119 -0.393380157338485 0.0502984785881425
-0.0227944347467157 -0.00849358798920196 -0.0167405304880711 0.0524131981412639
-0.0265945445189124 0.0243302594730228 0.377174999546151 -0.0807943921751892
0.00398492143567003 0.0282571523443535 0.189097800620054 -0.461879411478095
0.0242630664019354 0.00574049477262033 -0.328385198410992 -0.342286448922195
0.0191958641184245 -0.0228223387168234 -0.349189328122756 0.115920600040547
-0.00567863519541016 -0.0125266101096228 -0.0509260808228582 0.228850614812124
-0.0115190208682039 0.00854189144410627 0.0948604213436072 0.0649942794525325
-0.0109474910961508 0.0195054146433109 0.0621993207396061 -0.101062234871671
-0.00819120781663357 0.00501772386617513 -0.0519710432678238 0.0956650968839074
-0.00633853246446789 -0.0132953659424669 -0.0966915008778312 -0.0420483128655451
0.0074283423385921 -0.00866607201637806 0.0440855679840463 -0.208578045033506
0.0238739757948895 0.010303147706717 0.293690834974689 -0.0948154034237814
-0.00285605155283637 0.0205249531779574 0.330296264888712 0.313642943961001
-0.0312421050010888 -0.00238573893827321 -0.136678652682005 0.46653220463927
0.00139969024258556 -0.0188777393810142 -0.370359602596831 0.129385037233108
0.0122148834779228 -0.0175737187019042 -0.0547347071013542 0.0488465080960636
-0.00472883970364161 0.00421221648135783 0.388656370218782 -0.015228959713132
0.000505370857376501 0.0117643694867722 0.341150582761834 -0.415987628158377
0.024223057080154 0.0118695865264811 -0.196532556059599 -0.445625817441587
0.0287236231869606 -0.015726229455922 -0.363829078627179 0.0225528927626769
-0.00783899142195003 -0.0217608330825974 -0.105357177004218 0.226087440189401
-0.0182699611529694 -0.00857062412548006 0.0610213871729609 0.0778877808070545
-0.00814733915471878 0.00967051897365527 0.0588154907995598 -0.111843193225523
-0.0116614496068962 0.0041738324633285 -0.04961643449979 0.0960645216704818
-0.00616979988332597 -0.0162636798633864 -0.0904156507054071 -0.0479366369888463
0.00974678012810285 -0.0141358414914226 0.0564988029478796 -0.205566845821217
0.0231625701095355 0.00786786197229605 0.300751389299894 -0.0714933328300471
-0.00737511637244983 0.0222802558725052 0.30580195905062 0.342979925203362
-0.0342271473932138 -0.00303857956756174 -0.172579706766938 0.459309728405553
0.00470787402501407 -0.0187192001694695 -0.377033238226556 0.108489588316111
0.0154562418614848 -0.0158003504941552 -0.0433482343490339 0.0483346822211505
-0.0036357591417273 0.00535549323757488 0.390856036693232 -0.0344338073864384
-0.0008238878571275 0.0139820073451807 0.30772526661998 -0.436312896521766
0.0231289144102856 0.0116776868092936 -0.230030763737575 -0.42214639426373
0.0272659824363365 -0.0202469038193785 -0.36069857492439 0.0487414449384891
-0.00778106647995095 -0.0264542779846375 -0.0942583133325662 0.229480242996218
-0.0186793387263139 -0.0104464999924453 0.0660651264916357 0.0734009852582182
-0.0119177518174955 0.00866739395207544 0.0598331180466974 -0.110967542145364
-0.0146267201113314 0.00417558935322906 -0.0489688382502894 0.0976071814821467
-0.00483410310362433 -0.0174173466170856 -0.0842141499792207 -0.0518341912130866
0.0122078704196745 -0.017629839987448 0.0689139316307603 -0.203124265611703
0.0229922736092719 0.00513854709048905 0.30484298525775 -0.0478130250939867
-0.0119220146836634 0.0239543227406784 0.279234670170625 0.3691276285259
-0.0367728195596161 -0.00223575580739553 -0.210906116989365 0.450068192399455
0.00485517123751526 -0.0168866055881545 -0.382569671365853 0.089074043805972
0.013701065510803 -0.0136448924252608 -0.0330827630912281 0.0489135492166131
-0.00522874169027516 0.00869626119713008 0.389667052920788 -0.0552517648740863
-0.0022830702158651 0.0177017079933486 0.267008156305375 -0.451346994947118
0.0220527764550697 0.0111926559494988 -0.266385330049543 -0.397127518557593
0.025296698820882 -0.025157381888324 -0.357265534236021 0.0767858403750535
-0.00812985351117189 -0.0290469552505912 -0.0815620156545377 0.233306809241918
-0.0191484728058071 -0.0105457724507203 0.0730551349319717 0.0693750581887523
-0.0151654622228882 0.00840403543975251 0.0612852150081962 -0.109155132885858
-0.0163745692570919 0.00487854553351634 -0.046632659675364 0.0984562273582116
-0.00276960109369823 -0.0165375174057048 -0.0765794394587618 -0.0548204999354148
0.0147593808407601 -0.0187098117594432 0.0817891012729326 -0.19991526500856
0.0226416009937734 0.00448388162433657 0.306978175890121 -0.0263714382522741
-0.0158298176252343 0.0250883685308325 0.248291023021645 0.391609932512593
-0.0383600702020031 -0.00164280795098526 -0.250885365513158 0.440799616475122
0.00173892584359089 -0.014896800096132 -0.386861253449731 0.0712736537859194
0.0099671727782905 -0.0118218363110154 -0.0233888198862824 0.0487190572416626
-0.00915260782018848 0.0124428913444585 0.386527989243782 -0.0735202224620981
-0.00209720766653941 0.0219108406801371 0.229627310092156 -0.463918705025334
0.0218899022694823 0.0104702951202221 -0.296594450969794 -0.370499451236781
0.0226121465307622 -0.0279832305484221 -0.352278521704951 0.10080503023415
-0.00831908592467643 -0.0291696958983473 -0.0685792233556212 0.234755249452536
-0.0187299046077226 -0.00847551547863432 0.0794549469912772 0.0649652947477006
-0.0165963856080324 0.00990826828711099 0.0614208302427282 -0.10715186989981
-0.0165063162379159 0.00671672347181682 -0.0464719114854419 0.100034045387211
-0.00107685261669384 -0.0136343146418332 -0.0699900515347561 -0.0564191359099512
0.0162965610080734 -0.017049202822889 0.0922056330071834 -0.198096958874999
0.0214649801549634 0.00482964767939353 0.306787038772989 -0.00914738325453407
-0.0185964386108969 0.0247025812549329 0.217461947130706 0.410635896066129
-0.0391790682584624 -0.000611131913249317 -0.282962984422197 0.427819030535236
-0.00211508902055962 -0.0121551914345867 -0.39010775260298 0.0552037430459219
0.00267443063404747 -0.00979652854616059 -0.0158747734790478 0.0495836240610479
-0.0128157003323376 0.0163790941234011 0.382681917091334 -0.0864626365309837
-0.00122092738128302 0.0253360051673986 0.198484883470119 -0.470293194920865
0.0216236191024096 0.00920720938190464 -0.320971172493894 -0.346885527753024
0.0208496864901649 -0.0297485794394342 -0.347409167467867 0.119315716233129
-0.0083984438115045 -0.0269659769327677 -0.0561300956336861 0.23507623015464
-0.0175267039199777 -0.00478539471863856 0.0869287967307478 0.0617920777178295
-0.0171428059088502 0.0118736502087736 0.0624373364684989 -0.105685216636884
-0.0156954259272955 0.00956541601709797 -0.0457404975788019 0.101435923503792
0.000559582867066141 -0.00919432036046348 -0.064602018062516 -0.0562873643697923
0.0169254459242947 -0.0135083041713792 0.0996174534020814 -0.197659156435699
0.0206965692712926 0.00582821396289857 0.305778934259513 0.000684197021075594
-0.0194688756832242 0.0249559826173162 0.200039629242127 0.42121684762302
-0.0389708153368454 0.00139569391445896 -0.30309717271467 0.422317131979428
-0.00846208538015477 -0.00994024874189091 -0.392740951509037 0.0485624111425116
-0.0059210853523067 -0.00854975349510564 -0.0115686051264997 0.0507582706046822
-0.0177726793817978 0.0209801965948159 0.379207142328618 -0.094916351317018
-2.92289567757134E-05 0.0274037068994134 0.176708928119466 -0.471566385868964
0.0220674223403656 0.00802912837141194 -0.335742030386166 -0.332383049617568
0.0190800987075149 -0.0292892117615792 -0.345342757268951 0.13019531466319
-0.00770023291807877 -0.0231535764114469 -0.0486453541737273 0.234162309672078
-0.0157693957393526 -0.000699955627510677 0.0916247997277338 0.061192128855806
-0.0160540529159033 0.0146517104594617 0.0621116362132343 -0.103845668972913
-0.0133221232772467 0.0123487653693749 -0.0467024892183723 0.102015790624052
0.00154711689996623 -0.00396180039109873 -0.0619719950375821 -0.0546089451835137
0.0163567992406452 -0.00693959378883069 0.102866919353358 -0.199666644256118
0.0196243890509626 0.00786911168938463 0.304697282265259 0.000382450028533832
-0.0183642871952208 0.0238468055590126 0.194206193849858 0.423427935268729
-0.0375975869086075 0.00316811583424365 -0.31079471516757 0.421401315657732
-0.0150642761634907 -0.00820653218054719 -0.393602169908518 0.0482419376620819
-0.0150906325590028 -0.00805747952662382 -0.0122070212402646 0.0520844886336396
-0.0219830326165807 0.0234259911974698 0.37770670625425 -0.0944499232810503
0.00248635695510901 0.0287929871617077 0.173202626246763 -0.470406614954751
0.022908163906665 0.00661783033806554 -0.3387462979806 -0.32873395790793
0.0181543072114089 -0.0271836034877626 -0.34507838548903 0.131258648387012
-0.00661455944925286 -0.0176120463175821 -0.0448561989319798 0.232544524855998
-0.0133574627281241 0.00436434122500554 0.0955013007363281 0.0618821970298517
-0.0137835040629449 0.0176519224664593 0.0617243088601498 -0.10225009749576
-0.00981883327936375 0.0149348458381246 -0.0476879621561411 0.102075389412299
0.00247299182925068 0.00125688295825393 -0.0622567041611793 -0.0518400248811303
0.0145494902502777 -0.000611061109990472 0.10043702783234 -0.202863142001593
0.0188610793424014 0.0107170308970841 0.304093712858311 -0.00903745480381122
-0.0156749364563831 0.0225131154460837 0.201445998838025 0.417239760446594
-0.0356612778397986 0.00466590096603242 -0.302439133659154 0.429378757940637
-0.0210444250180654 -0.00661948968414033 -0.393469385366945 0.057635225156275
-0.0230642385613984 -0.0081505458413729 -0.0162105596494905 0.052735574344049
-0.0262948227240548 0.0252561790944219 0.377936851370831 -0.0867528570671619
0.00468258801074501 0.0281358442669856 0.183414037715986 -0.467320809947461
0.024222087971931 0.00583611281353208 -0.334313526838124 -0.338660250422596
0.0187101884882172 -0.0233850667362995 -0.34879748773238 0.122593896136929
-0.00575104744961671 -0.0120261963181588 -0.0475375089993747 0.231095809359051
-0.0117726916849533 0.00911060862010987 0.0964102433572604 0.0641435103507858
-0.0108565170885463 0.0199184257059881 0.0609627622571999 -0.102469228981085
-0.00765208630338307 0.00553606581494657 -0.0509370458667226 0.0965283955420367
-0.0065161086480476 -0.0133097929432749 -0.0973721315316532 -0.0406571731294096
0.00821506647649704 -0.00944434354367649 0.0402407170288356 -0.211531914010957
0.0245169499018282 0.00989721856706191 0.293376183695774 -0.100057143522617
-0.00296483490775543 0.0209248944809806 0.335586995518191 0.308149295721553
-0.0316756421920971 -0.00155941204415694 -0.127918952859517 0.470776977699704
0.00154479057970632 -0.0187331765543312 -0.368834890087828 0.135493826342725
0.0119928599407663 -0.0175132459123328 -0.0542288572045807 0.0495075226619256
-0.0046775208801405 0.00366555712334073 0.388910719732063 -0.0211635892295346
0.000722297384755467 0.0115147366298882 0.337156418352837 -0.422084224615762
0.0245709205292126 0.0116102822083697 -0.203182091173445 -0.442678788119441
0.0286705931259945 -0.0159964475664555 -0.363643927864851 0.0285702237758726
-0.00804195565182251 -0.0221553360166644 -0.102038409710835 0.228755169060413
-0.0187996417798734 -0.00738808028186998 0.06288298663537 0.0774693396315701
-0.00825224389553162 0.0102797696843199 0.0575866015759835 -0.11242252728466
-0.0110449991643487 0.00438418398263314 -0.0492432031038303 0.097132377326807
-0.00611975967550126 -0.0161082444671135 -0.0915649825145746 -0.0460167421320081
0.00957530248510364 -0.0144797135560178 0.053170412572154 -0.20813579200884
0.0237962277940036 0.00714954772607093 0.30056586286025 -0.0769795146651968
-0.00711330813182717 0.0227679002430259 0.313680076105215 0.338039448868698
-0.0344692881242377 -0.00210578310033397 -0.166120471961501 0.463742500786768
0.00434049933281303 -0.0186600086547944 -0.375702427440363 0.115928647963954
0.0154691899782717 -0.016105864204474 -0.0427309300000358 0.0493014586780465
-0.00318961636139205 0.00574901578706493 0.389794174699921 -0.0406707247776226
-0.00117571694294685 0.0137500492536327 0.301219241042214 -0.440002393686592
0.0236023408220909 0.0118829083585681 -0.237066165836415 -0.420323375858879
0.0269735667659928 -0.0205267752865487 -0.361210249938971 0.0551363519108359
-0.00815227345078832 -0.026442931719494 -0.0904035351035862 0.232334590768551
-0.0189702648047896 -0.00985035917823693 0.067393109696689 0.0727902160717228
-0.0113348078418593 0.00922077635902994 0.0581312450810773 -0.111945932749511
-0.0143029297802084 0.00420432673461296 -0.0476130694841782 0.097901763841818
-0.00518351281605429 -0.0173051864592978 -0.0853515631908446 -0.0508481894517431
0.0122852061348494 -0.0179179878804434 0.0656945563952752 -0.205821043407938
0.0231840553706724 0.00521901975449548 0.305664699899626 -0.0535288859620844
-0.0114987062815139 0.0242648047745138 0.285357062265064 0.365020896124848
-0.036842558636072 -0.00144231165074073 -0.204160895339241 0.455253022000017
0.00446416217167993 -0.0165594680261114 -0.381300392444553 0.0946648330398667
0.014424094693659 -0.0139402618477442 -0.0321525292473742 0.0486173399549954
-0.00548682276415175 0.00873632175490068 0.388649292335262 -0.0609716395903167
-0.002196728829376 0.0177686112576689 0.261967983121362 -0.456401742678408
0.0226800793281064 0.0114663782597214 -0.273183349132422 -0.393542483971414
0.0253522340464049 -0.0258003784001538 -0.356969901156456 0.0828575210210468
-0.00826510613236521 -0.0290088249010518 -0.0776489014397883 0.235487494389757
-0.0191466071037665 -0.00969552083263963 0.0745397191503702 0.0683106806971693
-0.0144168904003757 0.00915593189038184 0.0598997918497071 -0.110086113573842
-0.0162061534595569 0.00546364262423992 -0.0457695883829796 0.0990514008196236
-0.0030396189796177 -0.0162630381036546 -0.0776341542489431 -0.0539454305815139
0.0144767174267623 -0.0192021541250547 0.0784935374200203 -0.202771805273938
0.0228444345870438 0.00408084057970962 0.307621402043938 -0.0322477735045836
-0.0156444922293223 0.0254055766069636 0.257202374878058 0.388574343909589
-0.0385698710153468 -0.000452433435827238 -0.243955169181652 0.444102489850967
0.00227436394048473 -0.0146073289384662 -0.385889719866637 0.0772433712674207
0.00966252834845511 -0.0118745499308703 -0.0229603774012639 0.0490951839841357
-0.00874127757606507 0.0124636070586686 0.385152598902755 -0.0795351032109716
-0.00204947448903524 0.0218087288976433 0.221661347939562 -0.467946987865622
0.0222259904371959 0.0103187624293923 -0.30365215580686 -0.366222187556264
0.0226028750354408 -0.0286099919407733 -0.351836428778996 0.107494920488332
-0.00880863304381191 -0.0290923980900174 -0.0646862238237481 0.237034353785433
-0.0189010063150774 -0.00805265089204465 0.081337585162402 0.0641482837540804
-0.0159947494879975 0.0104321990058798 0.0602883923362267 -0.108837079329681
-0.0162750113908443 0.00741041655568146 -0.0452185483634364 0.101196587447686
-0.00134256180682457 -0.0138022977812199 -0.0709343749933435 -0.0555245085522094
0.0162125284281777 -0.0176596764930569 0.0894688847475997 -0.200874107575096
0.0219800134696256 0.00420576340436058 0.307673508684072 -0.0137249754711312
-0.0185227256712951 0.0255476948832263 0.227083873655404 0.40804949790682
-0.0391649519857224 0.000264637595338017 -0.277319357702282 0.432943113646394
-0.00181517129803227 -0.011913557889415 -0.390215811280084 0.0613513076789092
0.0027268351509822 -0.00984659570534582 -0.0156029990972358 0.0499413253983916
-0.0121805855376036 0.0165749603300565 0.381315914798652 -0.0930967731454053
-0.00141287746538757 0.0256682427684429 0.19098118943295 -0.473845445956314
0.0217456604210593 0.00909217137957944 -0.326429969008075 -0.342167823661416
0.0200488473952476 -0.0304896509326864 -0.346341750713789 0.126936265144968
-0.00894998774176996 -0.027187503645336 -0.052395814238166 0.237106977313033
-0.0178345115099621 -0.00416180670168562 0.0881821735322826 0.0610733144988614
-0.0169390782354961 0.0122294341150073 0.0609001668067391 -0.106571880334397
-0.0151326073529498 0.00951000285072055 -0.0441004153449866 0.101842451277854
2.22906425036548E-05 -0.00907573429881919 -0.0655086440321286 -0.0553633989145678
0.0166400055521175 -0.0134919484850147 0.0958649530179324 -0.200495321588482
0.0209438607589145 0.00537472370960984 0.306930298193274 -0.00437096375152101
-0.019459691452822 0.0250292822296137 0.20701123011995 0.418272084951873
-0.0389261002355312 0.00265177902412433 -0.298031968631716 0.426620966255578
-0.00805250116037316 -0.00990621937981392 -0.392450758896145 0.055275537408357
-0.006310629178704 -0.00837432368494966 -0.0108251743840622 0.0508380289127387
-0.0172267727733698 0.0203062636735805 0.378236940811442 -0.100990830914519
0.00102158785377346 0.0273650566526243 0.169352643316281 -0.475441923681013
0.0219947463325845 0.00757472081776071 -0.340884002225237 -0.327141237893439
0.0181986865477508 -0.0302155061713008 -0.343845453603842 0.137345437855796
-0.00811987816872214 -0.0234670401135399 -0.0444256847581395 0.236515439961291
-0.0159626455704822 0.000105086035651812 0.0933414538263978 0.0598229418763447
-0.0154529825324757 0.0150706979455937 0.0608283838061288 -0.104833389594428
-0.0124579566782599 0.0126523301841038 -0.0455061362155309 0.102754786889394
0.00147958157217041 -0.00391504717514858 -0.063228742552853 -0.0540246707059106
0.0159919309770611 -0.00743570629318395 0.0994434564684927 -0.202267512289797
0.0199399296317519 0.00691452303321961 0.305461292380386 -0.00528964788389394
-0.0185471623783831 0.0240993042941704 0.202036942311475 0.42044265287553
-0.0377777734336672 0.00414051305699084 -0.304298384730899 0.427183768109565
-0.0152427836211984 -0.008020062487233 -0.394179093633377 0.0546489460130384
-0.0153183578771389 -0.00786363938765322 -0.0111688006973146 0.0514327784418772
-0.0216158144566129 0.0242896834982795 0.37603378486568 -0.100246846193456
0.00305859771256301 0.0282075325669638 0.164176482424077 -0.473113811355393
0.022851335873111 0.0060326903958113 -0.34569309157209 -0.323293971004781
0.0180108847036435 -0.0274392459228104 -0.343598555632271 0.13791112857153
-0.0070650938067848 -0.01815555239921 -0.0409358460539396 0.234670412109676
-0.013511497864147 0.00478552452516044 0.0968683571018651 0.0608703285750967
-0.0132777372433329 0.0174687801790997 0.0604316456325755 -0.1037119098143
-0.00932673081767686 0.0152157858173686 -0.0463314264382535 0.102820842064287
0.00219410511973888 0.0015446834582434 -0.063204499466498 -0.0508825578152388
0.0150966671906183 -0.000523990408923225 0.0967697098052784 -0.206308281573142
0.0190102757281495 0.0094218500713197 0.304219188914622 -0.0145918859021809
-0.0156844578979466 0.0230666448358665 0.210298613608264 0.413719879264635
-0.0354900916038339 0.00571664700515148 -0.295797731923118 0.434722489259632
-0.0213550095422032 -0.00651318526688772 -0.392924119903338 0.062875486837064
-0.0235309375836798 -0.00772704462334702 -0.0154966931676421 0.0527533863255459
-0.0256135678645499 0.0256620292621112 0.376911190096685 -0.0925554221170936
0.0049060066362937 0.0282231801923755 0.176798499327076 -0.470321093748481
0.0244214509305405 0.00509482921817536 -0.341426670362713 -0.333227415225448
0.0181033231161095 -0.0239089637812149 -0.347513442392835 0.128969624172023
-0.00604190771761433 -0.0123364580679013 -0.0431585872145646 0.232617767172324
-0.0113794542142281 0.00960512496075785 0.0980185381212382 0.063100483398
-0.00972969780697261 0.0203582179208887 0.059697117369695 -0.103416844384122
-0.00682964931278235 0.00524737766794523 -0.0493143535136475 0.0973782871758578
-0.00681918536324066 -0.0135141998055045 -0.0980294766815656 -0.0392280681888072
0.00842428438696841 -0.0091838803115302 0.0364925485150463 -0.212537104610208
0.0245821259852279 0.0094021780178126 0.291450832178803 -0.105427647486568
-0.00315956016100646 0.021231306840833 0.341803035356584 0.301685384153654
-0.0317577527007991 -0.00100231235127179 -0.122744314562832 0.472014990173542
0.00111798405435723 -0.0188750740833709 -0.366397836184381 0.140900090809129
0.0114406045860647 -0.0179034320977623 -0.0532872586856383 0.0499460317990043
-0.00388717720690378 0.00394204163227571 0.387884517008877 -0.0271280732631829
0.00105892427166565 0.0115123134802568 0.32918288393396 -0.426771505022227
0.025193881377109 0.0114959414959814 -0.210579365850327 -0.439804099431929
0.0281686487119378 -0.0168956954439583 -0.363879659323118 0.0353752377906124
-0.00825594086519402 -0.0221664656634124 -0.097671415907096 0.230866056016872
-0.0185574694685191 -0.00744204263784551 0.0639105897055645 0.0765713887025198
-0.00765504153384378 0.0107218024545809 0.0560643431346112 -0.113288485453466
-0.0107702032738932 0.00468401991120188 -0.0474542397749836 0.0978298301550476
-0.00672684779707983 -0.016201255784177 -0.0924635085751332 -0.0445899931607495
0.00974275302378454 -0.01432463785558 0.0493164092899709 -0.209672216255272
0.0236588296337543 0.0065711347494188 0.299613029716988 -0.0818017145550584
-0.00720898754396424 0.0227423401252508 0.319725189633821 0.331000126526587
-0.0343792675718781 -0.00182979711239019 -0.159333523130606 0.464703976167304
0.00390504555776593 -0.0185338928465033 -0.373632204358027 0.120535967439152
0.0152505902651866 -0.0158620418661261 -0.0418675019586784 0.0496274408321887
-0.0028329430520217 0.00588853684297997 0.389145471282509 -0.0464058497368303
-0.00087426840915817 0.0142422526925646 0.293810301501134 -0.445191519327637
0.0232527990637393 0.011371181692216 -0.244419872956976 -0.415077874873819
0.0263819000842318 -0.0214301866857488 -0.360409785573627 0.0615824698144502
-0.00865303879094934 -0.0262875980597733 -0.0865327148670685 0.234188104186648
-0.0193086019847624 -0.00924718989928753 0.0691411436695223 0.0720130912099751
-0.0106163053483655 0.0100116599891925 0.0564119439290528 -0.113224486932295
-0.0133944349415473 0.00480209830149004 -0.0462467528581165 0.0992163002103094
-0.00568151318931486 -0.0174030597018312 -0.086429761953658 -0.0494710359754283
0.012041993267794 -0.0182513726650282 0.0618783483834038 -0.207134316632804
0.0236822065578724 0.00408887661343992 0.304637325605379 -0.0584529427369705
-0.0115134128532853 0.0247838288676414 0.292782566723943 0.358674600880001
-0.0371348662999837 -0.000637431152487926 -0.197370131399034 0.458117198765937
0.00421422956321492 -0.0171646272366233 -0.379939897971903 0.101500029077005
0.0138201462589777 -0.0144198558303561 -0.0320349513268395 0.0494453648989539
-0.00453454005663043 0.00873262977052147 0.387768995458065 -0.0668651697731024
-0.0018922646595319 0.0175972494245288 0.253828759508167 -0.459740832849832
0.0224732649066049 0.011022310681736 -0.279132942418461 -0.38935095479113
0.0244615386529276 -0.0262551448464284 -0.355499222197811 0.0899117938458629
-0.0087477687322414 -0.0291921045245686 -0.0742552879752662 0.237610238409602
-0.0192697435967618 -0.00911943427849949 0.0754108531295095 0.066845296849015
-0.014175411167963 0.00963407806978708 0.0582841556898565 -0.111160635813959
-0.0154478068396256 0.00537446948805916 -0.0441224837423547 0.100317564695495
-0.00361001811094593 -0.0165329852549157 -0.0783962586026783 -0.052923917904973
0.0144588778376114 -0.0194165349546523 0.0744747907796667 -0.204517328542005
0.0229035056716538 0.00344087728155561 0.307512134958339 -0.0368491072536777
-0.0154875966760473 0.0253543264609431 0.263021814095906 0.382902380395581
-0.0386592741708846 0.000249850161031889 -0.237496841239717 0.447633935893734
0.00219341194824769 -0.014234138145272 -0.385444398879655 0.0830848772167965
0.00901757018307949 -0.0120722540438219 -0.0220937987992571 0.0493186899814612
-0.00824002341500766 0.012359626511295 0.384069468051277 -0.0860730088033065
-0.00167562652322239 0.0215746893677463 0.215265771246653 -0.471386527268178
0.0224571143961079 0.00986048632800792 -0.310514663506935 -0.362551004669842
0.0223058915647961 -0.0290230640078145 -0.350580615929027 0.113387250473556
-0.00913918026131092 -0.0292320596644405 -0.0603560470137717 0.238245128155404
-0.0189845689902887 -0.00681947648565317 0.0822862440168421 0.0632806010062995
-0.0159550792492443 0.0112625560789703 0.058904844500952 -0.109513121237359
-0.0155616696015645 0.00764556111830218 -0.0436661911202909 0.101402863703473
-0.00180097180929889 -0.0132524054727611 -0.0714323179479073 -0.0547086092697082
0.0163179685007715 -0.0178609817030997 0.085413076528743 -0.203231766783489
0.022285653271214 0.0035621011361301 0.308351951506506 -0.0191014765922328
-0.0182413314731394 0.0262793454789774 0.23346594827345 0.402559367869797
-0.0388491104001919 0.00119165783611555 -0.270005084530015 0.436022553999347
-0.00201261528099885 -0.0124208455331475 -0.388354604529835 0.0672624679155949
0.00222979134424883 -0.0101757142518108 -0.0146675700123659 0.0500021420171939
-0.0119793365224903 0.0164825625620573 0.379609737335403 -0.0984598464879421
-0.000557088870537167 0.0251186128876246 0.183375903894471 -0.477670048978241
0.0220682321597785 0.00858598539656944 -0.331611292811489 -0.337918283100468
0.0194277740898312 -0.0306352209174351 -0.34441480763511 0.132319005570806
-0.00929361847452443 -0.0268277669198898 -0.0484491547278116 0.23832904237295
-0.0178398112752991 -0.00391287503559687 0.0893066416532862 0.0598598051087706
-0.0158922933509776 0.0128784068651207 0.0594639341235678 -0.107921937570733
-0.0141874960602554 0.0105605956608443 -0.0429646890562676 0.1021653381378
7.46403651095105E-05 -0.00928426439556424 -0.0662139699612593 -0.0549119409158985
0.0169921585792921 -0.0137955130234541 0.0925634991524337 -0.202787975680203
0.0210944845792606 0.00508458614778323 0.30737766523722 -0.00969699863588404
-0.0192622970834724 0.0254982613136309 0.215091295464213 0.413623634442869
-0.039044539193114 0.00319913383397324 -0.291972845979921 0.431325190087715
-0.00854468620252607 -0.00957300521666232 -0.391923554093645 0.0602694287055802
-0.00647439987361947 -0.00825397725217897 -0.01041073527885 0.0507786878448069
-0.0164429199155304 0.0210419178327258 0.376294837322492 -0.106926434168212
0.00114559428191495 0.0272134116452028 0.162512014282119 -0.477735288844731
0.0225788327980036 0.00704273168298685 -0.346395523108742 -0.322887235802609
0.0178352918269631 -0.0303457441744665 -0.341093705560106 0.142969835388263
-0.0084654826979054 -0.0232531398296057 -0.0398579954189698 0.237297597075716
-0.0159720520323092 0.000736461108840095 0.0943206595063139 0.0587223749583538
-0.0151503476638598 0.0157558908309406 0.0596479457955694 -0.105879687475138
-0.0120448741404647 0.0129652534609327 -0.0437521461255741 0.103128132027756
0.0010432795899654 -0.00385714554277686 -0.0636107853981374 -0.0529452159516162
0.016226012501011 -0.00786494895558034 0.0961059519285546 -0.20413281277456
0.0199209459694355 0.0062631655650844 0.305762873755707 -0.0098722762079461
-0.0182459808520466 0.0247285571303585 0.209535222973267 0.415226243872453
-0.0372211374272781 0.00447013220581534 -0.298149337627484 0.430260604443502
-0.0152283298783644 -0.00771069501380968 -0.392546438561868 0.0612382403678169
-0.0152877225807483 -0.00717922783363156 -0.0103658453913524 0.0517297057275047
-0.0207868102838953 0.0244139927774154 0.374003376679759 -0.10518361285125
0.00345526758366167 0.0284573588904075 0.157750879237179 -0.476271318345601
0.023227549989105 0.00580125011561586 -0.351965547836188 -0.318130481933592
0.0174095187783798 -0.0283142148269908 -0.341721516434065 0.144183939435777
-0.00714096443409303 -0.0181224954618027 -0.0367325387841464 0.235115003933788
-0.013647278958308 0.00560774618475929 0.098276294578075 0.0592601849497001
-0.0128234423300664 0.0184910713264861 0.0587753928401812 -0.104821972768246
-0.00818492460420189 0.015028033331518 -0.0448232425707943 0.103309642132147
0.00181362616294531 0.00140286094317674 -0.0640116807411024 -0.0502772349254172
0.0150410723178251 -0.00104585898319191 0.0929871951068712 -0.207812100199114
0.0193167289466302 0.00868894517381256 0.304865578344939 -0.0201997225101727
-0.0155660697731487 0.0235561159244848 0.217276098554575 0.40908653469008
-0.0355921131540655 0.00603130672246161 -0.28870730973734 0.438628613756635
-0.0212829725359811 -0.0060584826154428 -0.392198429360144 0.0683429021991456
-0.0235081060704957 -0.00741620765266438 -0.0149143838193316 0.0535017158678636
-0.0248806328713359 0.0257070121196809 0.374752079212369 -0.0988564289908432
0.00559240112123933 0.0279620096012427 0.169354560577673 -0.473129320930521
0.0245209056102708 0.00501861381605605 -0.346641637268451 -0.328399134965169
0.0178919663100843 -0.0246905825395852 -0.345691251104563 0.134569039777637
-0.00630516133309215 -0.0121952734144949 -0.039212511467095 0.233489030283074
-0.0111400020768619 0.0101392458636681 0.099067013700721 0.061627393850529
-0.00973886127677749 0.0208066261826771 0.0585574406222959 -0.104497131758884
-0.00703925911777103 0.00535997032210784 -0.048430000838049 0.0979551626889641
-0.00710908826604259 -0.0131253426445393 -0.0977206672648873 -0.0377241388132442
0.00794864306233107 -0.00968329085861027 0.032491740524193 -0.213394406103187
0.0253042443506712 0.00830265891303962 0.289490144531686 -0.110009446372134
-0.0027075673928912 0.0212549253650868 0.346467217514724 0.295513500398893
-0.0313115204159141 -0.000223635602056611 -0.113759897025981 0.471217136810822
0.000693301280444586 -0.0188192583322214 -0.364769244751233 0.146483810833885
0.0112741867356748 -0.0180063867273666 -0.0525075433320516 0.051160543203856
-0.00352903836902502 0.00380664460856208 0.385540205224386 -0.0331485435245751
0.000746325935180644 0.0117189419273397 0.32156889460564 -0.430801108934733
0.025074852408552 0.0109817781760746 -0.217107470049092 -0.435829486385136
0.0277034465702149 -0.0174722375970299 -0.36273261522645 0.0412244692438994
-0.00821850609936634 -0.0219155198806573 -0.0936456205243309 0.23185653298572
-0.0184129460127205 -0.00640318025573064 0.0654454529091668 0.0756037563912502
-0.0072510388406341 0.0111891919378399 0.0540647229340888 -0.11447441391261
-0.010071590248142 0.00446334636118848 -0.0467180346356433 0.0985530364694444
-0.00674277155937867 -0.0156371450187758 -0.0927888148409582 -0.0435130634294981
0.00969004430285602 -0.0152122699263815 0.0461965912515799 -0.210090486156461
0.0238681706457713 0.00619347976003777 0.297567306001267 -0.0868422869373319
-0.00703660543814365 0.0233567570726185 0.324108757191977 0.324057835172604
-0.0336724299612025 -0.000829146072561316 -0.151422301573799 0.466540295556861
0.00352368278926996 -0.0187762897948657 -0.371030205527002 0.125329537829505
0.0145230227155443 -0.0163156049937542 -0.0411555355018821 0.0501705485619132
-0.00245245417177199 0.00550032015402284 0.386641145970484 -0.0527344008370849
-0.00102058992470771 0.0140122558641846 0.287441056075008 -0.448371606768438
0.0238136296997882 0.0107901789813839 -0.249888573648006 -0.411637837079068
0.0256554625321856 -0.0225742487117592 -0.360122731708421 0.0679342505879752
-0.00867792975686959 -0.026576744646402 -0.082820154583941 0.235776250326463
-0.019308179061296 -0.0086421904733394 0.0700452471256539 0.0709258771213815
-0.0104227094776796 0.0102875143633382 0.0551967479720359 -0.113403865816398
-0.0130285492686982 0.00449233865403006 -0.044845480101273 0.0995567182262219
-0.00558802636717034 -0.0168928052957324 -0.0864936432516081 -0.0478448706939662
0.011790047217942 -0.0184755096185202 0.0591567787635314 -0.208305799771203
0.0237554541074529 0.00362074391916975 0.3038246779987 -0.0635698322261207
-0.0116691704939473 0.0250153586932015 0.297336632482431 0.35320091152429
-0.0366286488303107 0.000186026330505303 -0.191237537766386 0.459632811341257
0.00439062227250412 -0.0173238260642169 -0.377852994805034 0.107723998160014
0.0137589433547145 -0.0143115580151102 -0.0307569298976597 0.0497048612768067
-0.00381002772081154 0.00812095522023229 0.384910082331408 -0.0725519246472135
-0.00144474912073594 0.017645689003511 0.247731253591564 -0.463680799111878
0.0233337942806458 0.010425845280835 -0.284355019996309 -0.383282289047785
0.0234118118459839 -0.027193039182243 -0.35436622757386 0.0954348630412394
-0.00913188651899222 -0.0287531510672042 -0.0697791289061016 0.238152837035032
-0.019563863130181 -0.00827926804554546 0.0768754647546293 0.065936424514445
-0.013642824671791 0.0104646095702917 0.0566031676228349 -0.111516651108385
-0.0147784775387775 0.00588148122075424 -0.0428595617631617 0.100581059422711
-0.00450276931134952 -0.0163137635394211 -0.079081401655917 -0.0517251639307339
0.0137410153856746 -0.0197283828275875 0.0712132341209228 -0.205790111779968
0.0230606374471069 0.00250928647575688 0.306647039401566 -0.0424745010985387
-0.0151524015399791 0.0258110768889234 0.268870619074485 0.377989601880056
-0.0383390203037919 0.000794736149554522 -0.229469187517275 0.450889311252565
0.00215719136432816 -0.0146298014069365 -0.383593340973053 0.089005815100357
0.00912649509319526 -0.0118896005290299 -0.0219401463013561 0.0496523213596612
-0.00725137572398394 0.0126250108117719 0.380825527820832 -0.0909349320111767
-0.00135640674925899 0.0215726789599842 0.20720693861857 -0.473848838026254
0.022465750016162 0.00929521803466623 -0.314913618410365 -0.355924609972279
0.0215142866605861 -0.0297680133426736 -0.348037269214797 0.119411669416478
-0.00967196402495023 -0.0287122459638693 -0.0559640821418471 0.23907519922881
-0.0187635277397317 -0.00629640836861293 0.0835716148862431 0.0617417974990515
-0.0151123794854233 0.0111942593881618 0.0570688610912418 -0.110368784127708
-0.0148878575245047 0.00776711291925225 -0.0423916884847918 0.101983723465867
-0.0021373471360041 -0.0135279987188939 -0.0724819512767526 -0.0533980616028758
0.0161283909472769 -0.0179875362342562 0.0818736983610867 -0.204128965265548
0.0219926790597001 0.00270267237215613 0.307379269823033 -0.0246629005443843
-0.0180101601616488 0.026436381867328 0.239040148209781 0.3979959683317
-0.0387583800021322 0.00184211848494948 -0.262884123211837 0.439123620061735
-0.00200937804585115 -0.0117612714159436 -0.38713505047736 0.0735760853065552
0.00202907026485744 -0.0100491751684414 -0.0140074010408874 0.049688767563398
-0.0120194599055585 0.0162482862891663 0.377049035968026 -0.104110122423228
-0.000427780860293814 0.0248484239419813 0.176400261272272 -0.477838274467525
0.022345942804346 0.00843809014791385 -0.336575111043409 -0.331869491044986
0.0186130628861398 -0.0314449693271076 -0.342235243233911 0.138885654555919
-0.0088195064564056 -0.0270482479983934 -0.0443713533173941 0.239072192667216
-0.0177417974549305 -0.00314491956216374 0.0901607093871082 0.0588144260535019
-0.0158069497579721 0.0138142094700319 0.0579711834201237 -0.108618214537956
-0.0138873944631893 0.0103110233486984 -0.0413125303506499 0.102918968407067
-0.00059108149171974 -0.00917824975263792 -0.0671182698559112 -0.0538751946421206
0.0167659770184625 -0.013992748132069 0.0892103523523671 -0.204702562999664
0.0212748645181348 0.00359761606127954 0.306748959519496 -0.015035847365296
-0.0189014073679384 0.0267135740560973 0.221359843264165 0.407411742077561
-0.037932493059046 0.00378216765455624 -0.284479267895892 0.433970352100834
-0.00834253192590387 -0.00954668960961874 -0.389575482645577 0.0657774180347302
-0.0066210187520112 -0.00781068819153425 -0.00936424386129905 0.0509301834916381
-0.0155899178327574 0.0213517032329534 0.373480270744217 -0.112187826776656
0.0011834051799435 0.0268537881745059 0.153649395713961 -0.480182909410936
0.0226664346432186 0.00679806745526834 -0.351759323289595 -0.31631549132452
0.0170506620847846 -0.0308029444578554 -0.338850696834297 0.149184394839192
-0.00848767497548987 -0.0229813473153839 -0.036185246984541 0.237985949887293
-0.0161525455681411 0.00173982488039877 0.0958543957453969 0.0574183127624325
-0.0146530933229129 0.0161352690666513 0.0577764252306211 -0.10673991300365
-0.0113271518771293 0.0130783122505488 -0.0420097804825828 0.103494852048071
0.000994190328564677 -0.00377212603864486 -0.0646639744790573 -0.0521655006996043
0.0162320871298765 -0.00787960146709168 0.0913847558653877 -0.20614054656936
0.0202269903065003 0.00564090913830867 0.304915600790182 -0.0150369657149738
-0.0176519095067394 0.025531045796562 0.214788501000814 0.410278425170373
-0.0369396670977057 0.00537160857635163 -0.291098905132893 0.43358276494732
-0.0148230302328709 -0.00724673030081329 -0.390104704757353 0.0660639468156931
-0.0156071077948466 -0.0073544791809742 -0.0103278208291327 0.0518027232417448
-0.0202696373471362 0.0241935670755221 0.371121430677669 -0.110922226867965
0.00372923262538899 0.0278735257530315 0.14980997373274 -0.478508719827536
0.0231865550834983 0.0055757831235153 -0.354671626118317 -0.311943491213378
0.0165505637225217 -0.0285654298035287 -0.337821060958958 0.14957704335778
-0.00751826628730108 -0.0184223797114373 -0.0329760563848573 0.236253270923326
-0.0133990242553444 0.00622934885326115 0.0990547196399304 0.0577764283084678
-0.0121657421565261 0.0187355198162951 0.0575166087930578 -0.105843161573109
-0.0079201298191096 0.0150399382386928 -0.0430594608566542 0.10390618702254
0.00205416479908408 0.00151563799700695 -0.0650450476897667 -0.0490501626907038
0.0151629414384073 -0.00110078016234674 0.0891505533471983 -0.2098444584955
0.0192586279135741 0.00851627732999799 0.30407277208235 -0.0248107731970858
-0.0154259280359154 0.02413424428914 0.222888119173296 0.403110048715037
-0.0347780835215586 0.00668330045820372 -0.282697334658883 0.441147883367187
-0.0208140903391631 -0.00535572782564071 -0.390011366659611 0.0748403553477974
-0.0234897488630527 -0.00718862591551798 -0.0140293730099645 0.0529947421468302
-0.0240938703037566 0.0260230051639349 0.371967228763281 -0.104506990849231
0.00589672206549649 0.0279852711786009 0.161134072882893 -0.476295379499017
0.0247158917557946 0.00440072020989648 -0.350054476853065 -0.321515403045864
0.0173186584586194 -0.0252911991753935 -0.343115172922889 0.141317781626469
-0.00642374970973384 -0.0121923213592574 -0.0349978456200648 0.234312035108962
-0.0110249758863897 0.010493771808518 0.0997705082645573 0.0601473595848498
-0.00897071303569993 0.0210348207641792 0.0562503809179485 -0.105722796469436
-0.00596850409871119 0.00544898430945762 -0.0473547019251262 0.0980081183411153
-0.00754781123853325 -0.0129428577609405 -0.0982239610428518 -0.0361379213536445
0.00766327374418545 -0.00995961954022214 0.0296399992165717 -0.212911490655633
0.0250587682753917 0.00743296790634216 0.287048452006816 -0.11394017859195
-0.00243109970408213 0.0215782731435105 0.349828411621401 0.288425892660029
-0.0310857627144058 0.000281219334625851 -0.107883043466789 0.472140368518288
0.000325949755252943 -0.0189445700651451 -0.359760942785988 0.151562147079276
0.0108993243630936 -0.0177332960015027 -0.0517366812545496 0.0510693534735664
-0.00337363808238065 0.00433884505973531 0.383512846011596 -0.038057564544084
0.00099821204607773 0.0112693043417036 0.315185816474608 -0.433537327705885
0.0252237749359893 0.010674017879376 -0.222541459328226 -0.430860980494122
0.027579584141425 -0.0180153694170438 -0.360698963392324 0.0473972415998269
-0.00853489436378658 -0.0215900709145285 -0.0899758942002311 0.232991900125771
-0.0182417969609477 -0.00602184704320159 0.0661352892181335 0.074906742469664
-0.00694146461681242 0.0116276608841793 0.052056416809068 -0.114327143227226
-0.0095972540096087 0.00474228823382327 -0.0444781641219703 0.098945337627234
-0.00739664499739312 -0.0156419357245654 -0.0928047801275818 -0.0413519649133938
0.00937095620371026 -0.0151211445062372 0.0421593542456097 -0.211158135755088
0.0241736034901469 0.0052516939187561 0.295767047029419 -0.0913518972980301
-0.00727395355411001 0.0234618111752477 0.328290063626404 0.317391995969335
-0.0340278086284452 4.83567795342248E-06 -0.144153817597678 0.466985521864815
0.00378824022812204 -0.0186839498967323 -0.367817787489403 0.13157605478299
0.0142748692034229 -0.0168207690224782 -0.0405617507190057 0.0506897852584573
-0.00231086007521345 0.00566918023052644 0.384766228637116 -0.0575637494015379
-0.00066500934208184 0.0136665141455781 0.279907802271769 -0.451398178796593
0.0238933987362127 0.0105736781610652 -0.255589294371414 -0.405708484993765
0.0255401018842353 -0.0230701267617247 -0.357825855086666 0.0737140777674062
-0.00861690890924539 -0.0263999815851392 -0.0789478680493143 0.235987976831784
-0.0193316748161615 -0.00747196654579074 0.0711253246087751 0.0696438297733451
-0.00977832406662829 0.0106273412351095 0.053054772406925 -0.113615312173475
-0.0126938676924117 0.00481922089120148 -0.0437672024182961 0.0998342146106014
-0.00648061063675508 -0.0169896383510863 -0.0868171630955357 -0.0465388570733659
0.0117735817676647 -0.0187720864422401 0.0550369930932681 -0.209552027884183
0.0235456264376236 0.00316295584082154 0.302048776276332 -0.0686628236688561
-0.0113311983233461 0.0253770233660634 0.301716854382641 0.346384839154503
-0.0363624517740727 0.0003165660570058 -0.183253174853555 0.458190119625108
0.00396580480025623 -0.0173899076075515 -0.374837532240444 0.111445027689735
0.0129345885987638 -0.014433186383945 -0.0301433230993471 0.0499605379986984
-0.00393758343182405 0.00826233490568683 0.381723411888583 -0.0778902086402165
-0.00149861796185058 0.0174161038064831 0.240541033050111 -0.465268937204332
0.0231258727804029 0.0100876772187399 -0.289791253236253 -0.378856365259426
0.023281069472754 -0.0271377768914292 -0.351351106352078 0.10130261866114
-0.00961063593193873 -0.0286122480377184 -0.0657124221786626 0.238811442642023
-0.0192151449894525 -0.00748406688005679 0.076944704123946 0.0650366648935972
-0.0132348995029577 0.010836023130793 0.0544950069855854 -0.112251417288053
-0.0136852028715778 0.00588269315846544 -0.0410627856388401 0.100388521674922
-0.00460593081194929 -0.016127079899901 -0.0797388256936644 -0.0504583226774868
0.0141415546487144 -0.0198720241602704 0.0673479934167069 -0.20680781629011
0.0230678621899086 0.0021248855927536 0.305249315362487 -0.0476154209625008
-0.0147749771961152 0.0264459334395946 0.273069051565114 0.371331458726565
-0.0378156518440003 0.00180750915598479 -0.221252212819448 0.451296134810666
0.00219336535027336 -0.0144903286852109 -0.379639513145075 0.0939350700482202
0.00870765116846799 -0.0119992603995873 -0.0208933315537067 0.0494034688368357
-0.00733664822340623 0.012879093968832 0.378211040242325 -0.0964792453602657
-0.00161812887029076 0.0210753452277229 0.199765513325296 -0.474583622122347
0.0223779688657462 0.00867689982026869 -0.319316181067348 -0.34846949840323
0.0209552079956197 -0.0305206321466105 -0.34505811291788 0.12449660906382
-0.00945076206152504 -0.0289857211492852 -0.0526425597467472 0.239896527441514
-0.0187668327456984 -0.00527637010130484 0.0843858227299336 0.0602978966475495
-0.0148061446022592 0.0117160835749207 0.0549141553440933 -0.11048117712343
-0.0148608945792001 0.00777095010729002 -0.0407671120333937 0.101935970704832
-0.00248232857890923 -0.0138066852601049 -0.072989192420239 -0.0528337349467255
0.0158737589218013 -0.0184989633527964 0.0780555703962263 -0.20552151009388
0.0221471777829599 0.0018870782331603 0.306064982142439 -0.0289842100504336
-0.0180851676442095 0.0266995662741842 0.244988300372419 0.390422483716132
-0.0382903380236009 0.00278026586306383 -0.256476491294067 0.440576645649037
-0.00218322655045495 -0.0120143327721181 -0.385454957686458 0.0786623583263002
0.00214793640115786 -0.00963647301915579 -0.0135257973304543 0.0501995893687531
-0.0112285773907547 0.0171130558244021 0.372951329238419 -0.108424764931643
0.000174866820278421 0.0247473018839793 0.16898089415234 -0.479345291993625
0.0224414796398787 0.00791535496044091 -0.339794106138982 -0.326061402617235
0.0183557007679131 -0.0319256687417891 -0.338732066158132 0.144240092860191
-0.00924249444122266 -0.0267425568124154 -0.0403346495126446 0.239171590309581
-0.0174634325482665 -0.00232195554449754 0.090667421144455 0.0572167694042652
-0.015292170327533 0.0140949272060783 0.0561636800660313 -0.109050346685051
-0.0129137947492522 0.0100707981451584 -0.0399627339748599 0.102932774566228
-0.000904647007185433 -0.00939097658457431 -0.0673057856414465 -0.05236420180517
0.0165809002834548 -0.0145272248306518 0.0853297930880668 -0.205515812085171
0.0214858336892468 0.00333621410441204 0.305855098169519 -0.0194711605877334
-0.018576937416675 0.0267283816746768 0.227313778328162 0.401959344438017
-0.0379254878740691 0.00465362090446861 -0.278416887412412 0.436976451832616
-0.00840833925078014 -0.00953527508918409 -0.386789530773179 0.0710747199617457
-0.00648582671362524 -0.00796621798615857 -0.00936723109658137 0.050692450602801
-0.0154559602057603 0.0214098302816891 0.369637208983072 -0.116625086794706
0.00186949285920144 0.0268868482538841 0.148244329070672 -0.480957460654286
0.0227839840620638 0.00648251099223352 -0.354991554019893 -0.310019688240048
0.0169438052486616 -0.0313318200946127 -0.335310872441968 0.153698979131022
-0.00877042901569238 -0.0231509613910708 -0.0320009679174041 0.237905972627558
-0.0156309486590622 0.00191170731192933 0.0965298889842395 0.0558386020819512
-0.0138921846855809 0.0167944509631833 0.0558757617196812 -0.107521687891051
-0.010555467037958 0.0128493312086558 -0.0408030166817868 0.103564982446831
0.000734190389697418 -0.00396458600499954 -0.0651205140785459 -0.0512020471317588
0.016445902618455 -0.00827375245510587 0.0882235564471728 -0.207352915826576
0.0200425188738613 0.00548290581043307 0.304220110456408 -0.0199134675429151
-0.0175956542936619 0.0258544354544291 0.220530961846735 0.406105575401603
-0.0368764932147209 0.00594869598833843 -0.284178666629107 0.436380475541534
-0.0151564040186651 -0.00749480227565185 -0.3887241379171 0.0710222969279446
-0.0155114389692096 -0.00680581327752051 -0.00975497122656968 0.0515527271764197
-0.0196311681696404 0.0245870532076111 0.367953460719451 -0.116038929587447
0.00482909474142804 0.0277375290491346 0.142823544872636 -0.47883413832741
0.0236150228179354 0.0049157500041525 -0.359814411271623 -0.30544298863186
0.0161126900885163 -0.0290207363540232 -0.335395082816655 0.154881146678892
-0.00756453039994789 -0.0180898704708798 -0.0291479300845901 0.236273327888363
-0.0128611142098701 0.00659930105825117 0.0997621923792718 0.0564752654253643
-0.0115703927131979 0.0189001502523222 0.0563475464976026 -0.105850710034509
-0.00690386730266105 0.0147942972259053 -0.0417411018398667 0.103848424834467
0.00204894964587735 0.00115671463507374 -0.0653405585845791 -0.0483908093630342
0.0147583137215495 -0.00161036429411762 0.085804645434513 -0.210510129436536
0.0191490320180953 0.00793069966652298 0.303310698249228 -0.0297934544901243
-0.014900439667059 0.0244104609118314 0.228909448381309 0.398280779403871
-0.0345383960961303 0.00741020667367213 -0.274757625808323 0.443243538736217
-0.0206608210756557 -0.00543548667580938 -0.387876710036832 0.0793258671909632
-0.0233775212915941 -0.00641483462194937 -0.0132482624697325 0.0530720573063444
-0.0238401308075274 0.0260535296373044 0.368078117499337 -0.108866411604049
0.00624623989592214 0.0276300564564881 0.154323857703436 -0.476339568304437
0.0245681506978271 0.00463519584170567 -0.353599907149322 -0.315289020762674
0.0164426193846767 -0.0253239849570504 -0.339694615859231 0.146314681079029
-0.00671543870437766 -0.0124118408444328 -0.0311672172612501 0.234408884360707
-0.0107869724933439 0.0112903444787466 0.100509796571124 0.0585164853858042
-0.00866038509496169 0.0214746904128784 0.0554420437335806 -0.105727233580979
-0.00516352744752177 0.00518373350908433 -0.0461852563523563 0.0984762147809415
-0.00772119818035188 -0.0127889120382496 -0.0983916601752417 -0.0341669671959242
0.00759548983746643 -0.00990430591435227 0.026289438247472 -0.212831721986882
0.0247613445110861 0.00685157197963527 0.284675231413019 -0.117686867693135
-0.00281181156217693 0.0218624800222305 0.351620719868005 0.280664924101288
-0.0308666481995511 0.000895193796116977 -0.101195163151912 0.469695961414581
0.00079170686638526 -0.0189040847535154 -0.357188442579549 0.154644947784491
0.0104891117073544 -0.0175708450423494 -0.0509280594952473 0.0518339569598645
-0.00346816410840906 0.00384696805359872 0.380081828019172 -0.0424107119522509
0.00117926572227775 0.0115141225996489 0.307615543984402 -0.435598057638958
0.025373389570173 0.0100469125072987 -0.226855852937607 -0.425841770895009
0.0266287888593279 -0.0182291353111482 -0.358658686778188 0.0516113228246502
-0.00895313274035774 -0.0216643940735513 -0.0863380903349915 0.233655385195219
-0.0184469791617313 -0.00568868880364108 0.0670981601794528 0.0737157614378633
-0.00600757974355535 0.0118961324370467 0.0507089740392003 -0.114382438474982
-0.00906134487444366 0.00457910325797138 -0.0440169018787628 0.0987675265674951
-0.00741032314759772 -0.0158673925966789 -0.0932808900332387 -0.0405159266757235
0.0092983468846559 -0.0152427411962564 0.0390478099563868 -0.210921611381073
0.0244015958499524 0.00461827076867511 0.29325084853769 -0.0946017824550307
-0.00693212564677207 0.0236367741194901 0.329303883602943 0.310755913632782
-0.0332956184086216 0.000508899379343298 -0.136340961893371 0.46488964310288
0.0041454512021333 -0.0187785281062264 -0.364720846728008 0.134061904426331
0.0136994166865453 -0.0164701302424089 -0.0395915913922632 0.0506734200278202
-0.00184489920059558 0.00552019582007911 0.380461140396762 -0.0618800373866369
-0.0002995978470017 0.0136130225255501 0.27319033415296 -0.452103550788529
0.0239561253302259 0.00997209347209933 -0.259706177690692 -0.401017583432001
0.0247796976588688 -0.0230748599094583 -0.355056874735683 0.0789247599019071
-0.00934495376790223 -0.0260039848028496 -0.074558650414987 0.236580131436099
-0.0187201350518743 -0.00683088883108359 0.0717096446906189 0.0685858525092777
-0.00938270338189201 0.0104671285794961 0.0511802514421971 -0.113507299952355
-0.012048352732725 0.00465928472427139 -0.041959515070142 0.0996842245172444
-0.00637658364622483 -0.0169301121979124 -0.0866863068246985 -0.0452672470867979
0.0112169878508578 -0.0192183833199587 0.0517568820230196 -0.209348022793531
0.0236544320751826 0.00275666955993522 0.299349585617957 -0.0729249029133272
-0.0109994042622714 0.025546803363336 0.305053057158451 0.339973608329974
-0.0358983275769554 0.00153703226178085 -0.176149698338237 0.458990046692633
0.0039175326397774 -0.0170209929666335 -0.370930396842356 0.115178170046741
0.0129497481864679 -0.0146904819857633 -0.029515589823523 0.0496418169195959
-0.00356044477627928 0.00840908731701429 0.377887659779719 -0.0817190015038967
-0.00107277076596027 0.0170337382215386 0.232783322708531 -0.464427010803105
0.0231464820452406 0.00957647080073733 -0.292923480975566 -0.372076311668673
0.02268287471923 -0.0280016654200968 -0.348307148888066 0.105805245753646
-0.00949915751948051 -0.028664537310804 -0.0622667288836893 0.238470559721893
-0.0195830739180555 -0.00737550978835308 0.0782168323920351 0.0641133843234283
-0.0126172167015278 0.0108969848710863 0.0528570163390697 -0.112521196122202
-0.0137215154914566 0.0057926546539224 -0.0400578125382227 0.100758620786883
-0.0048720936795812 -0.0160345000816024 -0.0801507421705808 -0.0489836816714769
0.0137207524155822 -0.0200647647207596 0.0642245573823809 -0.207109751340433
0.022790510301725 0.00186978706056036 0.303990468654847 -0.0510889173445587
-0.0149154373754455 0.0268135959595207 0.276205837095333 0.364982933953826
-0.0375986802959583 0.002116228168648 -0.215866731975711 0.451626127939558
0.00216948474744771 -0.014247207400814 -0.375791205498161 0.0977267227004111
0.00866238098582711 -0.0119907300801897 -0.0205445372806494 0.0493481724618811
-0.00662851910366537 0.0123390437094045 0.373455713898121 -0.100508322401249
-0.00116187825570309 0.0210944740563046 0.194228224296899 -0.474332407710187
0.0227855178264837 0.0089955749411064 -0.321777080167731 -0.342974875629777
0.019884087831692 -0.0306849668886355 -0.341559757267866 0.129434228742726
-0.00985502592504062 -0.0288558483667645 -0.0489974711925365 0.239459724287502
-0.0187044475962959 -0.0049666876175211 0.0849115275867996 0.0592534039246103
-0.0141475340519925 0.0118788839821749 0.0535322413955916 -0.110926139511583
-0.0138844383447606 0.00746435052135803 -0.0395686623053263 0.102158678156869
-0.00246716721698602 -0.0126643444655666 -0.072869198706902 -0.0513579703769202
0.0152738327001675 -0.0185214428722442 0.0750199564027698 -0.205934456221563
0.0221773641482395 0.00131501612078999 0.304798903139885 -0.0330910917361576
-0.0175943955884737 0.0274696281684554 0.248731382716393 0.385409614643056
-0.0379797822812911 0.00339306536807502 -0.249102054386554 0.441068806170586
-0.00225941630754434 -0.0117125646169408 -0.380545125217002 0.0838859677304545
0.00187537351504107 -0.00980168994797112 -0.0129328334572073 0.0496058628379013
-0.0106192489977159 0.0168350582814874 0.368657608530327 -0.112600074264514
0.000311834076925876 0.0244707206914966 0.161476575399 -0.479475155938928
0.0221432087942931 0.00706808851086988 -0.343299198006065 -0.318283167757624
0.0176872138497687 -0.032314389127276 -0.335297594993924 0.147527002857025
-0.00994537207048983 -0.0266056092901467 -0.0370765841919012 0.238793926743106
-0.0178219077963099 -0.00147863736109629 0.0915405145399462 0.0562823507596413
-0.0148676313011501 0.0143921510327118 0.0550384522353477 -0.109125886471835
-0.0123579981314609 0.0104241393749755 -0.038601760572141 0.102987971554728
-0.000784446119472879 -0.00902339561244011 -0.0677767428384392 -0.051267960594962
0.0164016963132259 -0.0143561454204613 0.081340403566141 -0.206514728836242
0.0213290441157531 0.00304177692934086 0.304201919184613 -0.0241460939811182
-0.0183950284281315 0.0270163157809173 0.230565869273721 0.39699168076727
-0.0376646706077287 0.00508371846563452 -0.270079863978225 0.436717053687534
-0.00781185592665711 -0.00987304039940821 -0.383556603712974 0.0751032134777486
-0.00691929090661434 -0.00782397579448487 -0.0089029164166469 0.0507630289969374
-0.0147303694207274 0.0208638253918912 0.365632253892776 -0.120511692129061
0.00222357269876515 0.0265242214989246 0.14042727181007 -0.480120872783527
0.0229394888444252 0.00583370210814474 -0.357274179279136 -0.302912468003637
0.0162255651853548 -0.0316747562184822 -0.331005219383893 0.158606263475299
-0.00926993974308519 -0.0231812309486217 -0.028602058051889 0.237795770012745
-0.0154365823946653 0.00279491812630973 0.0971457572835276 0.0544361141754561
-0.0135917959214553 0.0165800991800812 0.0544746772940559 -0.107632001197029
-0.0101999279840992 0.0125846817407348 -0.0389395104733603 0.103514253379606
0.000881612851953981 -0.00372392864797484 -0.0652563865755076 -0.0503418958573936
0.0159526571810951 -0.00825298790616466 0.0850520255287136 -0.20824142074143
0.0205273052747596 0.00449456535209978 0.302607463323577 -0.024219978279682
-0.0175241645594959 0.0263999490757108 0.224646047991248 0.39889801252308
-0.0359820029594869 0.0064790021453054 -0.277166342434721 0.436706881715538
-0.0144102192899079 -0.00719569935314614 -0.384690960388208 0.0753384659394454
-0.0158776811684359 -0.00645991895925531 -0.0086540805979007 0.051385150035071
-0.0189330211517713 0.024593550493258 0.36327795867686 -0.11951208629789
0.00450353807705769 0.0277111171755094 0.136203974933644 -0.476499608438955
0.0235770996595536 0.00501158960521662 -0.360576593571529 -0.299004437682565
0.0151524241684517 -0.0295495585423512 -0.331346548569007 0.159137783246143
-0.00763450686486408 -0.0178515168276809 -0.0253235990544593 0.235184318681678
-0.0126610370727786 0.00693365531553777 0.100320173467244 0.0545018550701145
-0.0108365109315794 0.0189702419433972 0.0546566443491797 -0.106453814316533
-0.00588411428817222 0.014762329128942 -0.04009410021614 0.104001163898855
0.00232388703969674 0.00132819126762939 -0.0655998931032044 -0.0475651062641803
0.0150744843883607 -0.00194150509077665 0.0820070111794431 -0.211758533306491
0.0192575614971636 0.0074865102731614 0.301274398138339 -0.03352779779075
-0.0146387855942548 0.0250494592652368 0.232978543051494 0.391717330514906
-0.0340261150367649 0.00782929646458269 -0.268599611892222 0.443630564591558
-0.0204776050806386 -0.00483993009367812 -0.384347708490038 0.0839049816336979
-0.0236145276616643 -0.0060204245077764 -0.0131915917673589 0.0528052261596489
-0.0229548609691861 0.0262836349461077 0.364264175413173 -0.112640782506999
0.00628219278735463 0.0270926787250897 0.148099809818185 -0.474295397580139
0.0244186070624454 0.00397653767624874 -0.357664134401702 -0.308449188957327
0.0159906671724977 -0.0258987032987664 -0.335784232347544 0.15050941065652
-0.00613093045768136 -0.0122604391104845 -0.027814275526751 0.233447063771702
-0.0106668371649882 0.0116715931902367 0.101228745834062 0.0577048221049342
-0.00755205815061017 0.0212740711119666 0.0535641304328013 -0.105888782048923
-0.00484425397762239 0.00499974684151226 -0.0446385825411951 0.0980692061091805
-0.00755377341910901 -0.0124762637663709 -0.0979559961221684 -0.032815312412794
0.0074176060955247 -0.01035443566439 0.0233355422241699 -0.212194752563038
0.0253159018996686 0.00662921917602585 0.281529561782755 -0.120401639834797
-0.00208128600424064 0.0218991849590343 0.354134263434442 0.274138545998558
-0.0307621841904368 0.00142278221621466 -0.0948691676864939 0.467494751927365
0.000271652058538985 -0.0187977492277671 -0.352463569284008 0.156488774533012
0.0101318601687994 -0.0176155132815004 -0.0500225133014561 0.0517368467937888
-0.0031188623705017 0.00405835334196687 0.376620892945757 -0.0453108855725555
0.000928328324704047 0.0109997863957636 0.302196750557952 -0.435182075880437
0.0254180960841413 0.00975283549647109 -0.230755222240363 -0.420121828635537
0.0264039070877528 -0.0187539014689342 -0.355408562274429 0.0562060770635725
-0.00886778943462949 -0.0218117914636629 -0.0826294971356884 0.233739977287357
-0.0173225105758278 -0.00495332270349223 0.0676558384307845 0.0724812977304919
-0.0057889206773486 0.0118857822864397 0.0488888236051354 -0.114201733932166
-0.00832548947327796 0.00428950863255849 -0.0423882300623341 0.0988405168471027
-0.0076982083331361 -0.0158079868380536 -0.093074023417272 -0.0388273944164979
0.00869929299777454 -0.0156874533685814 0.0361264085829454 -0.2105186973255
0.0237869844095762 0.00380947924136171 0.290877362699318 -0.0978860907903913
-0.00712841200990091 0.0240456355181828 0.332317152229947 0.303564528993154
-0.0331593981320274 0.00122434464540368 -0.131682976428713 0.463286808452663
0.0037683161645214 -0.0181491396942556 -0.360071449742089 0.138188131884897
0.013738626341895 -0.0161270035936677 -0.0390518485040683 0.0506511212626762
-0.00181126772754982 0.00560922441536375 0.377015045214559 -0.0658637205827958
-0.000357821925946404 0.013274558029038 0.265922635725791 -0.451635965419531
0.0241426233279085 0.00973811508810205 -0.262034082629478 -0.394582424436699
0.0244574135336696 -0.0236216883113166 -0.351148858089286 0.0827917055118712
-0.00945987543601413 -0.0263392747262339 -0.0714617396313602 0.23654765537561
-0.0183825552409308 -0.00667475841886437 0.0720819865572908 0.0678695859086751
-0.00923417096821783 0.0113470310319331 0.0496579037740792 -0.113922283673377
-0.0115460893295127 0.00505796923951301 -0.0405017919906617 0.0997930304635846
-0.00721022021646342 -0.0165311507797655 -0.086761143798666 -0.0442069404329586
0.0110791509659712 -0.0190242530442075 0.0480748206195853 -0.209134667595431
0.0236822840914595 0.00188469959437929 0.297140205836119 -0.0752404264861638
-0.0109620109097224 0.0255359058696692 0.307001711985039 0.332009256868311
-0.0352226776148119 0.00179611171806717 -0.170928115958365 0.457752412017652
0.00405179123072041 -0.016793015936786 -0.367294008319076 0.117890791488384
0.0124640614258779 -0.0144726719088799 -0.0288259495126516 0.0501286865045935
-0.00307081533562022 0.00854996936688502 0.373962672517156 -0.0855117224523909
-0.00121522319304739 0.0170385251946273 0.225817370296204 -0.463802398794479
0.0228999721270916 0.00941576042422182 -0.295076741902712 -0.368255959391168
0.0216716511090138 -0.0280397276752104 -0.344508595538859 0.110174321930111
-0.00997073978819251 -0.0287954927000783 -0.0582530241098474 0.238232875296909
-0.0193446133325172 -0.00681118321464733 0.0783089593936314 0.0629412827180758
-0.0118886304434804 0.0115429970736964 0.0517210735388677 -0.112632373827623
-0.0129322701051197 0.00605877202101776 -0.0386406873944831 0.100433850436866
-0.00500217397709679 -0.0158801986860574 -0.0798091402930849 -0.0479056849202054
0.0136602668243946 -0.0204331629198616 0.0605490960852263 -0.207345491628313
0.0230549744156349 0.000990459590033421 0.301381536500879 -0.0543609480405655
-0.0145195821751723 0.0272973513302243 0.278948572378059 0.358403931920029
-0.0368338541440904 0.00252074541660819 -0.210241435024191 0.450093119290336
0.00206137634338825 -0.0142942145784198 -0.372943644464943 0.101584141902494
0.00805499054347299 -0.011886077935012 -0.0200445392356045 0.0494714384744362
-0.00634650450128666 0.0120002888196786 0.369807143516449 -0.103425680623777
-0.000802085545991527 0.0207573836066747 0.186251023706681 -0.473436581246393
0.0225995535805179 0.00848340318333857 -0.324174066076289 -0.337424771430889
0.0193609566681771 -0.030920379607245 -0.338133405019758 0.132961239121587
-0.0102518700336813 -0.0287781894789149 -0.045260083533269 0.239345254171905
-0.0187209700570944 -0.0041937833080126 0.085244466159314 0.0583814858535662
-0.0134996686575808 0.0126946538511753 0.0520325317606421 -0.110860555165746
-0.0132451643756824 0.00762357940234399 -0.0381187079832564 0.101619235369568
-0.00313849644189213 -0.0131881476063867 -0.0736706037086597 -0.0502869669533531
0.0150889433573142 -0.0186876327692455 0.0714774868783867 -0.20601325005641
0.0223247855012553 0.00136483461659511 0.302950786033499 -0.0368495150760368
-0.0173960945877637 0.0277358176146433 0.25227196535432 0.378484134560513
-0.0374854477851664 0.00388791522502093 -0.2439034314869 0.440672958665686
-0.00203000278680197 -0.0118355309058182 -0.377743726623045 0.085668647050964
0.00189119157201814 -0.00927158830547395 -0.0124110296943744 0.049403974539913
-0.0102041018944908 0.0164438278643088 0.365387815814141 -0.116225481359532
0.00053707132986117 0.0244840645906399 0.155735025947239 -0.477721944916616
0.0225004632290905 0.00738701111508736 -0.345350082483973 -0.312781353541942
0.0170564011856226 -0.0319879794651166 -0.330781065287105 0.151969561260036
-0.00994289377666302 -0.0269018702739589 -0.033064177413631 0.23852818734221
-0.0171773658515268 -0.00090540737085844 0.0918748363503116 0.0551843822561113
-0.0141283760342381 0.0146500348545942 0.0531896877491753 -0.108852274707289
-0.011920617227734 0.0102028398424039 -0.037155827237671 0.102283392103263
-0.00124068941163918 -0.00961385347236665 -0.0681106171461945 -0.0505768053198132
0.0156945671168038 -0.0147508663763648 0.0785139340073664 -0.206321213264914
0.0209555654522253 0.00231128908306136 0.302807482906156 -0.0273914310321285
-0.0179662596080515 0.0276507491365323 0.234966833345103 0.390714301434532
-0.0366090624127864 0.00540748656994067 -0.264039063653793 0.436265780668094
-0.00792743156428968 -0.0092356420013694 -0.380489772030237 0.0799299620841129
-0.00655160542030688 -0.00742332565661357 -0.00826957201834091 0.0505131153180853
-0.0142351060518988 0.0213993330765772 0.361409136275549 -0.124542284220836
0.0025384448343497 0.0265845964454159 0.134169075037358 -0.478450053213542
0.0227028731070608 0.00578199335965837 -0.357743740175529 -0.296814145164343
0.0150091870577548 -0.0316471507042917 -0.327521427831729 0.162058195632729
-0.00954202409498148 -0.0228454507458461 -0.0250465651540298 0.236349103570896
-0.0147511652183884 0.0029424003965996 0.0969099904114575 0.0528708692775432
-0.0128674284595145 0.0170353155676694 0.0531032025982268 -0.107331708283153
-0.00953408020228752 0.0125348651628636 -0.037523986772232 0.103481002523543
0.000661854839535746 -0.00383013091030149 -0.0657013626332265 -0.049161741333021
0.0159546418428274 -0.00889826246195511 0.0816586197691517 -0.207685594642195
0.0196781531233923 0.00441862588874083 0.301363491323663 -0.0277077298865512
-0.0171613368749656 0.0265671571753205 0.228157713340208 0.394222325460554
-0.0355819591416871 0.00671969294755742 -0.271406949592437 0.438000891157301
-0.014483687089101 -0.00673171995238174 -0.381306373931753 0.0802223315037241
-0.0154568507148549 -0.00610465804334156 -0.00872252551981547 0.0509599113280057
-0.0183041671796777 0.024508855953082 0.359024443709176 -0.122664819536598
0.00475054041424647 0.0271277153979468 0.130177121571624 -0.476335159071482
0.0230654293610802 0.00453731664294583 -0.36253718409358 -0.292512890684592
0.0148208087639985 -0.0290086405656942 -0.327438171911568 0.162558517942863
-0.00798657190800643 -0.0176751751521916 -0.0215389368967203 0.234609324014223
-0.012621621402567 0.00758258162344438 0.10074342664837 0.0537116399121878
-0.0103407973748581 0.0193719463815127 0.0531680940568939 -0.10649866300265
-0.00592888879227469 0.0142556910307624 -0.0389116945430103 0.103735841787524
0.00137444324580936 0.00139009238338591 -0.0657748927947371 -0.0461582518171183
0.0151666606177111 -0.00187424737942023 0.0786368068139007 -0.211542688417541
0.0196596039438248 0.00706732380067943 0.300015094640098 -0.0374539704833748
-0.0147076856554089 0.0254034799602221 0.236181328725797 0.38628799626693
-0.0336099716089037 0.00855390746982199 -0.261229747271546 0.444147296107346
-0.0202555070414577 -0.00469480816100523 -0.381230906386956 0.087481893655086
-0.0234762442229597 -0.0057705369390377 -0.0123798374107544 0.0523957019111731
-0.0221333862930675 0.0266726487036321 0.360646866095055 -0.116332491634585
0.00644955371155412 0.0267570044350781 0.142178424865542 -0.472970146662845
0.0244049736245287 0.00366387113693412 -0.358182804485942 -0.303470501977603
0.0152702357121208 -0.0260257005635393 -0.331570908116108 0.1538922017743
-0.00670969602018136 -0.0121553934844361 -0.0243295343244955 0.233630296628808
-0.00985117595642354 0.0118062958794958 0.101575216213153 0.0556027778617715
-0.00687349964718538 0.0215964826927292 0.0522091311654946 -0.106086490221805
-0.00406580304827875 0.00479325928245342 -0.0439539332813354 0.0983548333008787
-0.00810729319352705 -0.0127439501885528 -0.0974264171590021 -0.0315749187851329
0.00777601500722051 -0.00993304554990762 0.0201722878500161 -0.211094909228516
0.0245658139274838 0.00619435690414546 0.279254402697586 -0.123391847030613
-0.00262512169122715 0.0221182354753702 0.35405048826671 0.267315738460543
-0.0301478368967914 0.00140939577439754 -0.0892459916371169 0.464802936470846
0.000588295197991461 -0.0187569667602557 -0.348507598370174 0.159351878927955
0.00997184521226741 -0.017634247034094 -0.0493856700755899 0.0520708286813159
-0.00284018264287631 0.0038858327394812 0.372692128445403 -0.0490529550929173
0.000944057895451794 0.0105221472175846 0.295391442996727 -0.435134555232919
0.0250133120255837 0.00981417261101858 -0.233164031757938 -0.415630310543829
0.0257832199138833 -0.0190788012517907 -0.35305756104455 0.0598249162277876
-0.00907205063229622 -0.0215021182018682 -0.0794576260136385 0.232748861316118
-0.0176477788882753 -0.00434550799416226 0.0682769774606517 0.071116515540267
-0.00537666382908161 0.0120588319779649 0.0476061273658048 -0.113503407392882
-0.00791557678520324 0.00407128851525534 -0.0414682765831673 0.0986567778336987
-0.0076005817096338 -0.0149826191196717 -0.0932333783809287 -0.0379117992542867
0.00900017472157411 -0.0156362576758238 0.0330311390344786 -0.209959846345586
0.0244545567677756 0.0035421474415427 0.28793067989985 -0.101258917440154
-0.00656595805799206 0.0243063436632529 0.332282614910791 0.297711114444123
-0.0328392191633229 0.00144439992162442 -0.126135510511796 0.462369299555024
0.00380705862015136 -0.0190015103875382 -0.356271303976577 0.140311768708488
0.0130853856826902 -0.0161169566035957 -0.0384005558305325 0.0514690439131045
-0.00137855234494507 0.00522130316841237 0.3727501717899 -0.0675859971524655
-1.83833058271833E-05 0.0131959495110015 0.259821887790009 -0.451577673453965
0.0237055976108819 0.00919519266547029 -0.26412254894393 -0.389169092982146
0.0236317547853734 -0.0238473537532082 -0.348167450071943 0.0861813406551535
-0.00977454394438582 -0.0260151728006575 -0.0686477002457572 0.236217293946823
-0.018466640052742 -0.00580521408298227 0.072652235370214 0.0667270044061877
-0.00842342142551658 0.0112834303317549 0.0485066667896188 -0.113668559009701
-0.010822006917304 0.00451962999406979 -0.0397640257181826 0.0998163458691811
-0.00716362052176511 -0.0164048195472384 -0.0864445041887323 -0.0429306075482269
0.0110048692710664 -0.0192616287572399 0.0457450917031939 -0.20814061824751
0.0237966228115667 0.00156472552610295 0.295118651668006 -0.0783422690040544
-0.0105600445063647 0.0260848293876922 0.309043449501549 0.326550420503556
-0.0349767942409216 0.0022548282736604 -0.164344759721151 0.455210651468412
0.00369512165644492 -0.0168567068893663 -0.364209012812405 0.122520886251471
0.012600414497816 -0.0141350717234812 -0.0283285502763092 0.0498590539644275
-0.00302635446134322 0.00795315136409893 0.370150693081383 -0.0881509859394677
-0.00089986922954436 0.0169311142816224 0.220443750330503 -0.463312367433699
0.0232691040897816 0.00886459752862819 -0.297072532189998 -0.360825558112192
0.0214571078765413 -0.0282779315424007 -0.341120289876738 0.112365107149782
-0.0104252244563364 -0.0284101235041962 -0.0552514544730067 0.237880597436187
-0.0184826121442202 -0.00581234450145534 0.0790822491073818 0.0614338575329387
-0.0119055970279625 0.0114008460564697 0.0500502145361425 -0.111930064147605
-0.0124176856463244 0.0061583281939177 -0.0374853367676007 0.100046881397609
-0.00555153553785263 -0.0156539773919196 -0.0794090712689343 -0.0466379679607082
0.0132935875309524 -0.0204834227194298 0.057428762003177 -0.206308935408273
0.0229123239099435 0.000832432433879864 0.299357668331282 -0.0578692956624887
-0.0145655079766752 0.0276157522581701 0.281836483393369 0.35343258945809
-0.0361808542319207 0.00290401414227836 -0.204079259492522 0.448571900937895
0.00217834994681122 -0.0141135301742846 -0.368745031841913 0.103591661625256
0.00802206165749277 -0.0113169642038236 -0.0190808182644139 0.0493158105538615
-0.00615346992658003 0.0123596511759732 0.364978328612245 -0.106453268173666
-0.000396685913637829 0.020788790479719 0.180593792560453 -0.471101201045037
0.0225832747859734 0.00838253739450457 -0.323237484469118 -0.332407976645174
0.0189203078210469 -0.0310975035277941 -0.334642840894622 0.136646727634768
-0.0105525517361084 -0.0285335870873906 -0.0419975100919317 0.238232328354171
-0.0183987277862911 -0.00338804080401645 0.0856943683360732 0.057134688425023
-0.0132782681393897 0.0126454384927715 0.0509149723755952 -0.110625118874233
-0.0126997875797454 0.00725371282528691 -0.0369261274309615 0.101110867083214
-0.00362863772361151 -0.0130705407504397 -0.0730889583564361 -0.0492588922234949
0.015188826531701 -0.0186394836509042 0.0678004495147422 -0.20643212374325
0.0217555622161449 0.000732862263400552 0.301269077527491 -0.0404452529654631
-0.017231129611063 0.0279334195143163 0.254098804834753 0.372465533101726
-0.0363998327653257 0.00433044454214297 -0.237943310901741 0.4392729541904
-0.00189784999951305 -0.0116948741956374 -0.373744199817599 0.0889641556926557
0.00147992354839977 -0.00927354564182658 -0.0114520683637921 0.049233230294064
-0.00946430875138429 0.0165853143944768 0.360828039967939 -0.11775940426344
0.000527872109167681 0.024076001521412 0.149645911328218 -0.475967962854687
0.0223755270260795 0.00702611402025513 -0.345342751817306 -0.307527043154514
0.015875657783119 -0.0325260331190117 -0.326784686657053 0.155086824044684
-0.0103847955373091 -0.0264351930205291 -0.0298587117969755 0.237315450379754
-0.016978224923482 -0.00030536454426261 0.0919449524504164 0.0534506239217049
-0.0136881525970776 0.0148394256519809 0.0525521424449999 -0.108669423345432
-0.0114689844772844 0.00984058610739977 -0.0358814165443326 0.101822251993792
-0.00064825428247859 -0.00886434758323584 -0.0678502438162825 -0.0492391640755591
0.0160160806650055 -0.014741349034356 0.0754655439640854 -0.205854788625267
0.0210251044194205 0.00166238901784128 0.30053949942853 -0.0306335908878258
-0.0184118934880229 0.0280109117122137 0.237364117402902 0.385554121309128
-0.036583451032792 0.00571476278527057 -0.25874954802041 0.43628001287449
-0.00762288848774279 -0.00922520350779879 -0.37747272158974 0.0815970110463015
-0.00686779536715219 -0.00719642561085826 -0.00783335243088738 0.0500078736053393
-0.0133363818823193 0.0210065796952799 0.357470028462785 -0.126084991653309
0.00249662904962721 0.0260096966736542 0.12961927290642 -0.476628060970548
0.0226510982969022 0.00568008232983559 -0.358745192277964 -0.290905318956838
0.0147978779705731 -0.0316882983321614 -0.323004045413182 0.165054882668963
-0.00936548194093021 -0.0226563778187575 -0.0222352657374995 0.235548180001623
-0.0147096565638467 0.00366786266880129 0.0969882815247253 0.0519765430725374
-0.0121213029807239 0.0169559885590172 0.0517341658351675 -0.107155724413028
-0.00868329722835878 0.0120654857093722 -0.0371937062120245 0.102891834655526
0.000339670901197723 -0.00407492695285612 -0.065842333261152 -0.048443204461082
0.015611263629867 -0.00872860722443503 0.0783199993629763 -0.207926389683516
0.0201152723511665 0.00369844310236429 0.299372932488858 -0.0308531107389928
-0.0168579496306016 0.0270458090696935 0.229377320568125 0.387134734926881
-0.0348526700846582 0.00734500946174212 -0.264810073684711 0.436798459865195
-0.0139555860092371 -0.00679680639020068 -0.37772509172194 0.0822506945308641
-0.0155759641305658 -0.00604113991913156 -0.00770095284527395 0.0509134019915621
-0.0181753458774401 0.0245476136607153 0.355712055571422 -0.124843088105701
0.00480934719687861 0.0269464736531161 0.12459821378693 -0.473720205988121
0.0232488373468328 0.00440217892285885 -0.361556901312299 -0.287184731060208
0.0142859715521028 -0.028745751877752 -0.323081583017648 0.165758994875413
-0.00801525253849508 -0.0178287348910291 -0.0189463049846464 0.233738749988431
-0.0121265304898502 0.00803005379102701 0.100530413546168 0.0522803423638232
-0.0100037601534802 0.0200214620296318 0.0519574300919439 -0.106010855298599
-0.00530599208720332 0.0139140651131847 -0.0378792144725133 0.103438832557871
0.00179565018384157 0.00146536225592915 -0.0658534293230345 -0.045513354498063
0.0143884411810105 -0.00198691892649995 0.075461628017948 -0.211182841399807
0.0189736242320674 0.00640951401786243 0.297578949124751 -0.0403104665122052
-0.0143654591237833 0.0254742482575798 0.238939718025628 0.380671237862024
-0.0327132136448373 0.0083760481922005 -0.255523862909216 0.442583658027237
-0.0197115134855572 -0.0046717978695023 -0.377297819529408 0.0910062279132067
-0.0234312982871993 -0.0053347866330401 -0.0119606050918263 0.0522486916983252
-0.0216443562371471 0.0259221153850382 0.356437406326038 -0.118427765146081
0.00651074904372448 0.0261713511985958 0.135788885875872 -0.472121694389942
0.0246549239278035 0.00303009144899663 -0.359213224687637 -0.296058276200669
0.0142576501403542 -0.0267329136352632 -0.328206983731526 0.157419337816919
-0.0065749434405799 -0.012056547374776 -0.0213495665277808 0.231489253556741
-0.009446839679563 0.0123406835639092 0.101279163230838 0.0541178591977796
-0.00652666308347817 0.0216049362855811 0.0510772348889776 -0.105931641716746
-0.00396722528264676 0.00472719276044611 -0.0424888403749408 0.097919239105289
-0.0082514325537927 -0.0125238352570953 -0.0971266185533358 -0.0307723035530028
0.00785712303634901 -0.0104561863268055 0.0183376066675821 -0.211061208145295
0.0248074574057107 0.00565191167578225 0.276190873796858 -0.124904028239936
-0.0023004732916292 0.0225324257657432 0.353143858266587 0.261209568268553
-0.0296810541009614 0.00197557651023099 -0.0864505862459559 0.461898004939654
0.000823859971053414 -0.0182130472519151 -0.343841952381679 0.161096229943166
0.00950170146303202 -0.0172281540750932 -0.0484180839936682 0.0520774850322901
-0.00227486872668919 0.00346557640282044 0.36878987623347 -0.051921476952207
0.00146091758425048 0.0102001598406465 0.288795408610921 -0.434227190497979
0.0248483973913531 0.00927925293279276 -0.234749653515892 -0.410282477076569
0.0249630901921825 -0.0190749777326022 -0.349873668010309 0.0628383465587183
-0.00918014468928848 -0.021763684738523 -0.0766297390494439 0.232219455952056
-0.0175330750182726 -0.00446800414665098 0.0680954514508706 0.0708421373870819
-0.00466419819963356 0.0124086607121135 0.0464437252441218 -0.113448806763288
-0.00741263158169207 0.00437037945145848 -0.0404060441382563 0.0982601417635186
-0.00838669265928851 -0.0154216242228402 -0.0922494651460442 -0.0361657410409084
0.00873057012036589 -0.0155915237176508 0.0306291996432211 -0.209083289304191
0.0237175655451045 0.00294531330646914 0.285793629853627 -0.102660074771505
-0.00678053573837614 0.024550270035129 0.33421400178742 0.29171890138859
-0.0321978155022458 0.00210239616909999 -0.122029165506751 0.459344644975209
0.0037155881194574 -0.01856655385824 -0.352098829565309 0.14247775899188
0.0129350045362572 -0.0159214344032897 -0.0375461246936771 0.0509820552615544
-0.00104568020862296 0.00480002377850801 0.36898332823542 -0.0704799739756623
-8.54436184480126E-05 0.0126312865751367 0.253381942909865 -0.450302355244092
0.0239309335989606 0.00934668059286654 -0.264668499324205 -0.384462347347289
0.022735343641788 -0.0242270733200197 -0.344474099296905 0.0891601575589428
-0.00987130935652127 -0.0259435292333928 -0.0650480938068156 0.23573667941852
-0.0181842605455261 -0.00530262409367862 0.0728580615688836 0.0661422329185873
-0.00802850531914923 0.0119659631367189 0.0471147241505472 -0.113272504681577
-0.00989428024211263 0.004355754347179 -0.0386659128065465 0.0989208525250768
-0.00741993143848008 -0.0161633010986325 -0.0863152988439366 -0.0417755241170897
0.0111782396049402 -0.0194048896974103 0.0430371940341779 -0.207640116825649
0.0236512862186824 0.00118686443567753 0.292040142218066 -0.0812213882279137
-0.0108380920648818 0.0266775737247584 0.309004083819153 0.320012829828761
-0.0347297096605514 0.00267245050230743 -0.160137464056556 0.453749507844692
0.00435495193822842 -0.0168235283533153 -0.360014243321259 0.123358544134278
0.0121492346457763 -0.0140631933989624 -0.027617193507351 0.0497806336998521
-0.00252749435522983 0.00798987158321791 0.366213873054975 -0.0903852794864342
-0.00104397994069911 0.0165628063199528 0.214736674265067 -0.461095591962798
0.0230885899062365 0.00887179481747253 -0.29846081598798 -0.355112456245421
0.0208468140203341 -0.0282940947414222 -0.337680964337925 0.115617396047625
-0.010055115969344 -0.0283504293843527 -0.0525100460882113 0.237149442071707
-0.0191473389943068 -0.00517101933226474 0.079312913262548 0.061030050567312
-0.0111041838392877 0.0118266358968751 0.0493084972421857 -0.111591997655587
-0.0118679352200164 0.00517007705441869 -0.03666084183116 0.0999038850426889
-0.00565024571974925 -0.015393683394865 -0.0795095835221123 -0.045746286226901
0.0129628690067461 -0.0207028801716356 0.0559875144257452 -0.205800134351396
0.0230904363928255 0.000258667190850763 0.297273297532803 -0.0603518012112138
-0.0141571740447325 0.0277864174118795 0.281873934614876 0.346091839111676
-0.0358712952093525 0.00330796383641998 -0.199342226905322 0.447240205590392
0.0025550879150988 -0.0144351850272986 -0.365556652720863 0.105507799560805
0.00801855479336516 -0.0120604262430381 -0.0191299048450222 0.0493114008391092
-0.00578555164452289 0.0119813913061693 0.361638075104176 -0.107615605811861
-0.000709606091643472 0.0202229734251288 0.176412947861394 -0.469305935063756
0.0226969580893823 0.00779313603072317 -0.326080572515591 -0.32575781469391
0.0183398349904307 -0.0313815111551663 -0.330377745025381 0.138811692918652
-0.010684324523786 -0.028004340866199 -0.0396900860899518 0.237322911263279
-0.0182983667377979 -0.0033936585871867 0.0858943728885508 0.0562299379268546
-0.0127291060127456 0.0128536474176824 0.0497329760653901 -0.11007985471963
-0.0122543485857659 0.0071207067220446 -0.0355636037897481 0.100952960729019
-0.00366037023097942 -0.0129011468311471 -0.0734300832281864 -0.0481900892164887
0.0150428505917802 -0.0189312641685251 0.0660500375344983 -0.20544302974904
0.0220582830178853 0.000421486416936463 0.299179073042263 -0.0427046082537071
-0.01709669086291 0.0283031511338636 0.255358829034922 0.36724899746307
-0.0358912561758307 0.00441195651415773 -0.232127171795572 0.437621784655268
-0.0014211612137504 -0.0117717821781114 -0.371474590177239 0.0913625549723229
0.00139381121471186 -0.00920202505434901 -0.0114313819049707 0.0492176327288013
-0.00888251877730345 0.0163308750737225 0.356406997917006 -0.120326592288676
0.000820168268219026 0.0233450325745305 0.145034967919173 -0.473094286620025
0.0226417521399238 0.00653814716901929 -0.345160840697337 -0.301407171303527
0.0157244735389942 -0.0324092680643614 -0.324094640577369 0.157039759148504
-0.0105944349404757 -0.0264097649785178 -0.0278753138404273 0.236085183563064
-0.0167903960400677 4.78641592023695E-05 0.092017081233903 0.0524070659246391
-0.0129251065447822 0.0149019368695109 0.0511683865956333 -0.108623886361653
-0.0105277804429573 0.00973241126690916 -0.0348772385305631 0.101877814973924
-0.00169271888312368 -0.00845096632113146 -0.0678753364888287 -0.0489087660977022
0.0157272350656495 -0.0145273764053688 0.0732609631341498 -0.205587375281757
0.0210766344425216 0.00104518239770795 0.29862380097153 -0.0329858262572224
-0.0176317646331374 0.0279736155807655 0.237106485127084 0.379686768082542
-0.035715803841285 0.00588836250119952 -0.253677555523715 0.434871512578674
-0.00719378763290704 -0.00885797844325897 -0.373832824873567 0.0834896068639916
-0.0063608652355809 -0.0067168241800941 -0.00762612139065387 0.0497841990354241
-0.0131519427033047 0.0207083369226507 0.352462925368542 -0.127555331782666
0.00236176908001717 0.0259243497920629 0.12492939340708 -0.474410690845403
0.0224662287097705 0.00527685282936831 -0.359072539829175 -0.285583142803582
0.0143928606154445 -0.0317258973582701 -0.319695643872024 0.16690649831035
-0.00966303503434949 -0.0223773933437312 -0.0200771144056725 0.234269570357535
-0.0146604020865374 0.00433891827473095 0.097140837493995 0.0506802804705792
-0.0116485574572662 0.0170531179811011 0.0505294290827255 -0.106825423075992
-0.00839569170763141 0.0113897892228938 -0.035569303354451 0.102552228917876
-0.000117241351328717 -0.00385620299001524 -0.0654591683008782 -0.0472366747717958
0.0153607293449648 -0.00919632778400666 0.0759208252856424 -0.207400235180346
0.0201902636752055 0.00342637522546603 0.297283095039027 -0.0337522219845647
-0.0167538700130943 0.0270497506709778 0.231997169792012 0.38160269405225
-0.0345261780668051 0.007804636494537 -0.260455192803516 0.435605898894238
-0.0139384137347449 -0.00656920301964395 -0.374014516374065 0.0832671132913699
-0.0156142699120977 -0.00548207609768108 -0.00754739738644943 0.0504627458664637
-0.0174347909883545 0.0244666685299718 0.350752895580619 -0.126465268484468
0.00472377948110084 0.0267732054397188 0.121251903998601 -0.470426231772529
0.0232299043703432 0.00424020602133236 -0.36256458319854 -0.282091033137902
0.0137679017967754 -0.0297852311576403 -0.318963984182909 0.168115775803105
-0.00815026404150762 -0.0174566378892181 -0.0162136090034091 0.23277117775267
-0.0120206100486436 0.00831131784734131 0.10068185386995 0.0509842645486131
-0.00919191553014342 0.0193251953454146 0.0509590457417378 -0.105917368873228
-0.00448995109773759 0.0134852748916152 -0.0367687325236885 0.103207160336871
0.00132671037015754 0.00122915876282051 -0.0654945754354421 -0.0445831839838573
0.0143573741282606 -0.00232623851134964 0.0730717413905381 -0.211134436304092
0.0191459626804268 0.00567661661475969 0.295712853584927 -0.0429911253110003
-0.0142411873282356 0.0258633449195213 0.239746945065907 0.374628267401088
-0.0321088443389804 0.00876677867940378 -0.251917957314231 0.441761434791662
-0.0195263627931231 -0.00425694397092974 -0.372714932542242 0.0920282168566967
-0.0234309828512526 -0.00478588780679236 -0.0113927047663501 0.0517656934701253
-0.0213015288605693 0.0261083564571966 0.352094940279797 -0.120325339908133
0.00675721903473474 0.0265193222858536 0.132224851424956 -0.46865284320381
0.0247605269324371 0.00338370995610291 -0.358089237613675 -0.293131182871285
0.0141115444096434 -0.0260573121028983 -0.32444998368287 0.159433896899926
-0.0070723557424721 -0.0119785840569521 -0.0187532012358865 0.230926941467211
-0.00924130246100905 0.0128317502369881 0.101847583802101 0.053418667279517
-0.00600820350142391 0.0219182289832611 0.0502981857402895 -0.105551903994626
-0.00330992568134368 0.00455021314112057 -0.0418831283284338 0.0974112370386775
-0.00841141090390958 -0.0118305452145641 -0.0965709350917747 -0.0295232920868698
0.00773925458382644 -0.0105751638199393 0.0158950163551719 -0.209805849816818
0.0243603407646787 0.00520793470878086 0.274150599828966 -0.126138854285357
-0.00234819722303145 0.0225728533505935 0.351896322446523 0.255781522836058
-0.028965812295223 0.00242104703853493 -0.0824156225571479 0.45915386136429
0.000895336358523936 -0.0177923241016573 -0.340389772193624 0.161144749574581
0.00978325230349173 -0.0172075420069967 -0.0475969888165422 0.0515998153850494
-0.00231917113621239 0.00378245390733305 0.365502161220405 -0.0527076658587366
0.000947194404959164 0.0101506987980406 0.28519901760421 -0.43302051474562
0.0247181172430718 0.00904501431741877 -0.235425537353026 -0.405637592994137
0.0241566992770113 -0.0196865898075772 -0.347420871240877 0.0658490600054947
-0.00922229231754753 -0.0213368092509593 -0.0742510083357788 0.232164636071964
-0.0171203165248541 -0.00355308301623814 0.0686246473724898 0.0703317450744897
-0.00397401477431004 0.0125454342964321 0.0459041100929517 -0.112856102580596
-0.00687645425592429 0.00390092958126056 -0.0395610001150818 0.0979901590095212
-0.00835229716455943 -0.0146919841669143 -0.0923320235828663 -0.0356368920973957
0.00894398443874126 -0.0157130685246424 0.029115565525341 -0.208797884983045
0.0238079723090959 0.00275158973501737 0.283733694384918 -0.104537375376232
-0.00671068948902202 0.025024166977813 0.332891856270364 0.286824479892456
-0.0318986597819498 0.00194933646986506 -0.119194969034352 0.45633844112696
0.00384074698157295 -0.0184219624847977 -0.348708767903552 0.142325074113629
0.0130568110985445 -0.0157827691162757 -0.0374904689536319 0.0503452467692317
-0.000727148355852853 0.00481074881018673 0.364936329117167 -0.0717038895985995
-0.000202327066735099 0.0129601024474818 0.249145252409985 -0.447216912611845
0.0238323085812954 0.00877630453355974 -0.266461604267543 -0.380342813710762
0.0223637429476578 -0.0239409942389966 -0.341828678605059 0.091514166249924
-0.00988153326569504 -0.0258759514393997 -0.0631897322495269 0.234873617401532
-0.0179506194369837 -0.00481761459593366 0.073163872849807 0.0646626303949769
-0.00775790156778222 0.012009502253361 0.0462761325466988 -0.1123030516476
-0.0097815036394742 0.0044182176378252 -0.0381224035532341 0.0985418459271737
-0.00760499944007392 -0.0161944356530844 -0.0863087157816075 -0.0409834509426636
0.0106173921721691 -0.0198181174345796 0.0413485147145488 -0.206694817546559
0.023486117435797 0.000700817723606903 0.290201875265443 -0.0826407027823269
-0.0105709900106927 0.0268090550285982 0.309664616990403 0.315449404148013
-0.0342060725929636 0.00273706283211613 -0.156354359158309 0.451337189616161
0.00431564305617906 -0.0167703627782582 -0.356014807053905 0.124443414237486
0.0117987048343877 -0.013900593029475 -0.0272311444223967 0.0499143961778223
-0.00269678298899178 0.00773738349389611 0.362216421434774 -0.0910728365327985
-0.00116062734025379 0.01664834792643 0.211411398705509 -0.457936086481667
0.0235571362653882 0.00855089995750285 -0.298527862969773 -0.350784405659072
0.0202813528615634 -0.0284651591677078 -0.335219408817742 0.1177213262285
-0.0104814829395568 -0.0280778249466487 -0.0503709032223353 0.236431553511508
-0.0185620169864265 -0.00503901954419764 0.0790715570138022 0.0604157194846024
-0.0105932029651093 0.0118485300911948 0.0483596240874095 -0.111212553113138
-0.0108545572522703 0.00513021311938641 -0.0357254556409649 0.0991863066762296
-0.00615488519154451 -0.0151878792942762 -0.0790642011956968 -0.0447604409665264
0.0128947422681478 -0.0206133584292624 0.0532114391526394 -0.205347516503943
0.0225389600237096 -5.84576226577219E-05 0.294696381373293 -0.0618186592026215
-0.0144299971052917 0.0282010154269605 0.282918305450329 0.341542772180814
-0.0355980782996528 0.00356123545238351 -0.195731067869011 0.445401374092762
0.00277004990197913 -0.0145305279360623 -0.362126870806821 0.107555545232643
0.00807932853004561 -0.0117324948034665 -0.018395482295296 0.0487518550021808
-0.00575128019122058 0.0119002875584937 0.357280814286364 -0.108839099760474
-0.000616424192079624 0.0204494676453481 0.172617528176207 -0.46831761329652
0.0225237861548866 0.00737224004054498 -0.325019250870328 -0.322214646347624
0.0175471842745626 -0.0314278191075653 -0.327271111096345 0.140199179008635
-0.0108115784199386 -0.0283430775476577 -0.0371049417381256 0.236050911225899
-0.0178547024427309 -0.00264193718691866 0.0857821667437119 0.0553568643353376
-0.0124667600225569 0.0128856704031537 0.0487862130979305 -0.109638536994828
-0.0113943621147595 0.00699045460524141 -0.0351430373670978 0.100526725714645
-0.00397652657155537 -0.0130241194129952 -0.0728388495379483 -0.0479168275249347
0.0147495498021547 -0.019191601139196 0.0636061815179572 -0.204408948046627
0.0219166084756337 -0.000257488008950021 0.296794893912715 -0.0446169876965075
-0.0166563339601561 0.0284956233230342 0.256149164215924 0.361999394453898
-0.0356339898240488 0.00450495562745071 -0.229301496457964 0.436118390644685
-0.00170705800231521 -0.011362263704269 -0.366287830182097 0.0927042657281667
0.0017218566609682 -0.00900796136844034 -0.0112173481050531 0.0490828299871338
-0.009231379064807 0.0162873247873503 0.353455090989164 -0.120736718343369
0.000929191489475865 0.0236681103055122 0.141420851827654 -0.470259686148488
0.0225513398510471 0.00664948613216231 -0.344719017764607 -0.297264000843354
0.0149651233694343 -0.0325144300395256 -0.320523415929651 0.15935586306348
-0.0104875304627252 -0.025943875177972 -0.0253416007334912 0.235315759427862
-0.016698791068244 0.000572350730975633 0.0923965654732984 0.0511774385161065
-0.0129217200671533 0.0150046702658977 0.0500347226059728 -0.108233521218109
-0.0104367414304674 0.00912418318512551 -0.0335931848457779 0.101448581986669
-0.00182286179322486 -0.0084897474631008 -0.0681596812762088 -0.0481541604482381
0.0155150723001871 -0.0147672291036643 0.0707632550078526 -0.204886687579557
0.0208441341249283 0.00124131456096445 0.2968493599779 -0.0354439441778852
-0.0177694980127412 0.0282733963707255 0.238847176097798 0.374860652276245
-0.0351933241439132 0.00636518866208163 -0.249747119527213 0.43210195169177
-0.00731144070591479 -0.0089611021340197 -0.369989418156038 0.0845432465206209
-0.0068359719043269 -0.00681381652439758 -0.00744030423709453 0.0492591440773211
-0.0128388121202224 0.0205262280785942 0.348644385837696 -0.128082450494066
0.00268048273920821 0.025531661590608 0.121344545778518 -0.47077564706332
0.0227489480616485 0.00539165767585777 -0.35685967474172 -0.2808176846477
0.0131138580270243 -0.0318335539600532 -0.316085480443055 0.168800337085936
-0.00983177074825661 -0.0218636216554754 -0.0175414978970859 0.233351552125998
-0.0140770956266034 0.00423893659168576 0.0970340923023627 0.0494711568752254
-0.0113345508392243 0.0173360105224399 0.0498343107814279 -0.106716967683612
-0.00782748914918648 0.0113204488681653 -0.0349836546276425 0.101685455622336
-0.000461698349468763 -0.0038813154875436 -0.0653692908844849 -0.0465928797273251
0.0151974877073703 -0.00922421697922013 0.07335286703238 -0.207132504655856
0.0200713996778703 0.00303407792032361 0.295714771238379 -0.0356822642441325
-0.0167309213453222 0.0273884146449889 0.231947926408746 0.37791241833558
-0.0342552645813296 0.00778055622760899 -0.256581758475221 0.433980300188836
-0.0137791954266511 -0.00622285282888619 -0.370736342683423 0.0856888210154477
-0.0152874680337818 -0.00525465479760956 -0.00703171926861727 0.0504875799248561
-0.0171797552436333 0.024044588196446 0.347485870545931 -0.127924989412627
0.0052269665726346 0.0264550616271857 0.116745973463092 -0.468926384105879
0.0230388686027298 0.00402764769972543 -0.36097539356659 -0.277254178351717
0.013096463153825 -0.0297823100055498 -0.316086284112256 0.169254097158725
-0.00835970368740922 -0.0173926171069082 -0.0142808973776196 0.231428782548319
-0.0114302386842889 0.00874986510039114 0.100385941395978 0.0499024198452064
-0.00898073414915889 0.0197045622914804 0.0499249705472483 -0.105359159961482
-0.004192104071673 0.0130474981145675 -0.0355958630219047 0.102348458926733
0.0011101904776486 0.00101545599309306 -0.065488800104437 -0.0442246252327998
0.0143487098985241 -0.0024373705074553 0.070693514912815 -0.210219267917049
0.0189129541052286 0.00510525146340545 0.293912497552439 -0.0451712557241202
-0.0137084321676982 0.0259118865783069 0.240626283127076 0.369311065857057
-0.0318402508964438 0.00885453528757735 -0.245919281037675 0.439220968472828
-0.0192153537547524 -0.00449473758584472 -0.370263958270468 0.0934180835230658
-0.0231115998055723 -0.00455956518361009 -0.0113905533690996 0.0514751231266428
-0.0201158728750463 0.0256597030050239 0.348312290370304 -0.12098216695549
0.00696505150859342 0.025742592094757 0.127273333938899 -0.467982538307967
0.0245379368847899 0.00256411560570838 -0.358311934209339 -0.287006750388148
0.0134161179141635 -0.026347210377592 -0.320821618932326 0.161044115881088
-0.00671640078160489 -0.0115931101383253 -0.0168534478869007 0.229556039260151
-0.00929438681070987 0.0129677847970567 0.10126174603808 0.0522617531888608
-0.0056653715388717 0.021468989692265 0.0490862825997747 -0.104697787367413
-0.00282896385134561 0.00391419878020761 -0.0415932836214213 0.0973957272271493
-0.00841005253074596 -0.0122830823716547 -0.0964716316764897 -0.029159006214985
0.00818599794953279 -0.0111012888594386 0.0141158065389736 -0.208965185616275
0.0245037909124452 0.00491852515550863 0.272044153429113 -0.127888108115374
-0.00216828681303585 0.0229962959569309 0.350868599594657 0.251815315803409
-0.0286197097653212 0.00264526035864452 -0.0798665529663562 0.457074988272771
0.001098396620386 -0.018194329611169 -0.337328722924801 0.162153746150724
0.00939060231511034 -0.0172141287827132 -0.0470278233412817 0.0520018883914122
-0.00159781211142845 0.00356199032061071 0.361924479359269 -0.0534615501005793
0.000752426339943036 0.0099153931564911 0.281214830612889 -0.431168549126564
0.0249388741260844 0.00882306562016205 -0.235891234825945 -0.400810360949652
0.0239194206902514 -0.0197501596651259 -0.344653987317684 0.0675365420681875
-0.00970860831562607 -0.0216427533195626 -0.0722126457013788 0.23099280441987
-0.016339817284418 -0.00311931848437536 0.0687956329530939 0.0694205878851609
-0.00413508085732386 0.0121745233084058 0.0444318934740639 -0.112282751247248
-0.00655731630297341 0.00374009581029915 -0.0390860844976965 0.0974119549227284
-0.00860399470669563 -0.0148986443962687 -0.0916630225813545 -0.0349153799023426
0.00878097732332797 -0.0159814660664433 0.026726591568976 -0.207393218239386
0.0236137259195846 0.00210408307273778 0.281779773863208 -0.105907023656135
-0.0066925519330136 0.024995059525817 0.331527378552099 0.283217803229217
-0.0315282701181576 0.00216708847093008 -0.11657677231356 0.452618308522581
0.00356986191379323 -0.0180760131428247 -0.34448678184306 0.143967141779093
0.0128688133642106 -0.0156959096307288 -0.0368516520329836 0.0507575269532834
-0.00100597649700413 0.00460137723176933 0.362605847288843 -0.0725381819184456
-9.43826595325159E-05 0.012424311124738 0.24717286223464 -0.447605200198176
0.0233943346136852 0.00872122800269551 -0.266392694968691 -0.376245381729388
0.0221922533351956 -0.0242245344764615 -0.339555183886341 0.0931863818922303
-0.00994879994292391 -0.0251351606711543 -0.0612782604443691 0.233302383844857
-0.0177034007640854 -0.00492226550496615 0.0731489063921179 0.0643729746336507
-0.00692761603248305 0.0116801508188599 0.0455036176718303 -0.112101442424133
-0.00919767418684 0.0036074062378428 -0.0371993370898305 0.098294543514221
-0.00767898226115183 -0.0158556156473452 -0.0856423681335776 -0.0401905349362325
0.0105965453800305 -0.0194699050664129 0.0399386062052962 -0.205832729083878
0.0235966941914917 0.00028270995635174 0.28843438799542 -0.0838726242214988
-0.0104950688858184 0.0271948295831699 0.308609693101514 0.310122452877374
-0.0333020692844557 0.00273017337677304 -0.154471184859387 0.448453159107225
0.00436059649673293 -0.0165000062586658 -0.353339320440927 0.126086692428783
0.0116569642308267 -0.0138255932672942 -0.0270444966740443 0.0492913558159213
-0.00190645750602709 0.00750543542550865 0.359620683573403 -0.0924006755555005
-0.000950660393232335 0.0164136158745649 0.207412971370369 -0.457393200080267
0.0232970779953034 0.0081207555574264 -0.29758259690701 -0.347081917751434
0.0194743360052682 -0.0281463196094677 -0.332108613415241 0.119494112874548
-0.0107872338296106 -0.0276437856340017 -0.0488029307747457 0.235521599421469
-0.0181397599896363 -0.00435299242024527 0.0792966221646817 0.059359930544768
-0.0103536496584617 0.0119734433672319 0.0477702602670899 -0.11055066550784
-0.0114103218216967 0.00489535639730928 -0.0350946477763785 0.0988355777686578
-0.00596599131638812 -0.0155209731083389 -0.0788804143213134 -0.0438838638260013
0.0127223644578936 -0.0208396341394093 0.0519430806904875 -0.204557458311506
0.0223815819682602 -0.000762545627007789 0.293634307212858 -0.0636153710703447
-0.014225181858317 0.0284097551608413 0.282789093190429 0.336300713117024
-0.0349986923876744 0.00385947264044753 -0.193129130772133 0.441935506179279
0.00257425197776082 -0.0142512841173075 -0.359456156157055 0.108092441406567
0.00810568753794255 -0.0115010313678523 -0.0182111134240894 0.0486519390537537
-0.00505974920772852 0.0113859884651747 0.354080585672274 -0.109292323813334
-0.00088276783095062 0.0204057641595162 0.169132509542611 -0.465327829276236
0.0224829554798706 0.00762071330861739 -0.324930733205825 -0.318339192793446
0.0174094178182147 -0.0312453694400184 -0.324640517556412 0.142378148608493
-0.0108398478088114 -0.028215775556564 -0.0357311892175129 0.235497162121515
-0.017373019741297 -0.00242480827904861 0.0857490716266175 0.0539710676141679
-0.0120147074253027 0.013230742490297 0.0478811522529804 -0.109361668234063
-0.0114171276333004 0.00672901873217556 -0.0342798769045195 0.0999095464310927
-0.00401239344262776 -0.0130474901949799 -0.0726301398780813 -0.0466622649412195
0.0148186851240387 -0.0188278480754779 0.0618828417138277 -0.204068264864349
0.0213985495968296 -0.000183934961409761 0.294699473352831 -0.0460527934345858
-0.0170843898901681 0.0293569842196895 0.25689355134479 0.358702148339818
-0.0348190136401247 0.00467299929070897 -0.226377452748171 0.433586085290215
-0.00105859906819796 -0.011786532689794 -0.363589081509279 0.0924569773387407
0.00160103122493485 -0.0087688374449159 -0.0107845893091201 0.0490470750062662
-0.00819217460911284 0.015931445556822 0.349503332219095 -0.121548776992864
0.000850109669354622 0.0233729701915344 0.137339825154028 -0.46821896139692
0.022083750121305 0.00622162243226397 -0.343708533668002 -0.293249033237792
0.0146577727341541 -0.0322763497113012 -0.317812456246732 0.159826109573628
-0.0109004407811658 -0.0256233901453669 -0.0233689653598132 0.233772847484045
-0.0163933933913674 0.000480522621102359 0.0917219029320299 0.050620908128635
-0.0122665575062215 0.0147631375763893 0.0494447350767193 -0.107704572694631
-0.00998903536979306 0.00876193356063815 -0.0328458893783179 0.100814295626013
-0.00177490159272495 -0.00849449623059178 -0.0676398431172968 -0.0471577452693765
0.0153563229751002 -0.0154249474583978 0.068973573067158 -0.204415052837942
0.0204747925477302 0.000926028735133876 0.295828145014931 -0.0368447137637317
-0.0171355078545097 0.0288291144339304 0.238787174771771 0.369784258628669
-0.0349100174978391 0.00634792304513529 -0.246537930790132 0.430924390118004
-0.00693824088142348 -0.00923755283072972 -0.36680635490844 0.0871153296107647
-0.00632664001704205 -0.00669066165793382 -0.00703064421667314 0.0493570376229065
-0.012740698351577 0.0207707702560213 0.345667507007289 -0.129048201786286
0.00260370856650551 0.0253256262018384 0.118567170891736 -0.467674521648553
0.0224628054892144 0.00487263561847722 -0.356281803999073 -0.276865099342521
0.0130266580922265 -0.0319293540843029 -0.312797303491988 0.170291343200257
-0.0100521380080153 -0.021988131568495 -0.0155827622728751 0.231949775831713
-0.0139301215943813 0.0048514160403787 0.0968901383354546 0.0487774090200529
-0.0108158536052717 0.0176758647521294 0.0493740939410775 -0.105967547350872
-0.00746555623723787 0.0108836935962984 -0.0344331737517698 0.101488468823967
-0.000123941491805206 -0.00369382987311271 -0.0654071224407888 -0.0458951010808629
0.0152969561341432 -0.00940026271114291 0.0718732405622005 -0.206147481757632
0.0194070161069951 0.00298062494702172 0.29459693394583 -0.0376659824493942
-0.0163375181697474 0.0280627849988071 0.233168327758914 0.372145511918521
-0.0338669170704776 0.00760703121282457 -0.252601173037673 0.431412792867771
-0.0134294888815751 -0.00618709537876708 -0.367459688119043 0.0864679852777601
-0.015134938116851 -0.00484308800988699 -0.00726943888769567 0.0499031074160119
-0.0167882752071121 0.0238220810432436 0.344543924108488 -0.128320437435762
0.00486148678768628 0.0261424190541857 0.113522661867025 -0.466518488243668
0.0227478070598291 0.00327918402662908 -0.360656494913448 -0.272087400946542
0.0122716606271948 -0.0297013676269027 -0.312742521702608 0.170524153759092
-0.00875659626591254 -0.0171592560732214 -0.0129038265667036 0.230144609521677
-0.0115351814635707 0.00889839513626858 0.100686244431286 0.049317278949177
-0.00854112910235831 0.0191786294807035 0.0491097717675152 -0.104793934575854
-0.0040246724882652 0.0124410311604197 -0.034926376064001 0.102234609635309
0.000902584834560273 0.000985524776788945 -0.0655055459203169 -0.0431700199836276
0.0144027841459431 -0.00303790394782398 0.0690472552185239 -0.209181492380537
0.0189618272074785 0.00536979966522447 0.292108381454694 -0.0466714232215856
-0.0138680669576297 0.0265192627746522 0.24071285167035 0.365189088442416
-0.0316839049665576 0.00877484905864103 -0.243381648550369 0.437920275028882
-0.0189664769025491 -0.00430509704120135 -0.367583131576839 0.0950503315957166
-0.0229341601121986 -0.00433419735325543 -0.0109213263451109 0.0509337542337897
-0.0197407738616754 0.0256485602702872 0.345435223554157 -0.12087893451461
0.00706920493033081 0.0255708350753938 0.124614762713405 -0.464388944163057
0.0242506868410583 0.00292269302871018 -0.356968586218002 -0.283670605746059
0.0133920447479897 -0.0258489283586611 -0.317693761003791 0.162319461867903
-0.00696875909254572 -0.0117327664304301 -0.0152639349767807 0.228226221734637
-0.00856760227399263 0.0128112972136318 0.101076028323365 0.0514635035297801
-0.00485121233823922 0.0211328865531348 0.0484533154810606 -0.104736402032267
-0.0029119431528192 0.00426947684233521 -0.0407645873658883 0.0969867406403487
-0.0087201579872674 -0.0120982819278882 -0.0955383963167241 -0.028283288252827
0.00766641031058454 -0.0110132703828084 0.0129428277689897 -0.207855356479548
0.0241047701033515 0.004905083598244 0.270303912837059 -0.128603485576462
-0.00217614535563517 0.0235216033120042 0.349825087670373 0.248119797117513
-0.0284971553876551 0.00294790522545222 -0.0790102672701233 0.453988120117083
0.00137785635007277 -0.0183063340856992 -0.335286478898348 0.162233957405838
0.0091075388381127 -0.0163566284965109 -0.0467327130086839 0.0518397932702256
-0.00176684000228285 0.00357571635358475 0.359779914229557 -0.0534866240012702
0.00094838597002698 0.0101928208254747 0.279030014881943 -0.429337614324218
0.0247869480773764 0.00863584191583286 -0.235469159850939 -0.398839029749843
0.0234290648281114 -0.018980339741387 -0.341372680238444 0.0691680280695697
-0.00927047005082019 -0.0209719629446056 -0.0706798121558272 0.230307108759629
-0.0162470602560381 -0.00280707428246841 0.0689375067117682 0.0686787233563191
-0.00379986096261173 0.012699620217273 0.0442264191929379 -0.111830876843206
-0.00625254321653989 0.00326335780777972 -0.0381420533482466 0.0969604228258354
-0.00857516765587757 -0.0147675473870764 -0.0915186658105156 -0.0343697573126089
0.0089468494548941 -0.0160095774288901 0.0254815688508534 -0.206660683763569
0.0235303803609834 0.00186643633477109 0.27966839790477 -0.10616914460043
-0.00614369213666968 0.0251976592122345 0.331482009723133 0.278816871753913
-0.0311718773152577 0.00219289053860008 -0.113577405632092 0.451497191256876
0.00431245454602583 -0.0185607570149749 -0.343943995522061 0.143624860681887
0.0126196149855543 -0.0154722454384123 -0.0365044878739592 0.050324468709948
-0.000251768209544256 0.00452564702039495 0.359334837034836 -0.0731140412897381
-6.47783408572224E-05 0.0126895332550265 0.242990335587889 -0.444671516241841
0.023269333191978 0.00814558123038382 -0.266342012284406 -0.372230816305768
0.0214649589395671 -0.0240411858247438 -0.336906711272609 0.0942074128973802
-0.0100722906016269 -0.0254869612047555 -0.0599300486930608 0.233254683451818
-0.0177340263442006 -0.00390730181123373 0.0736752730364729 0.0643589917455887
-0.00682870751505194 0.0117285671909519 0.0450573065105572 -0.111089175649522
-0.00903854995766938 0.00363098157415174 -0.036588088715416 0.0976250831629515
-0.0076357566603203 -0.0159065378602136 -0.0855379982731429 -0.0392643944961666
0.0104572445939847 -0.0197220204218061 0.0380909418258031 -0.205042194901843
0.0232565396212249 -0.000306614243879094 0.287015129868097 -0.085191432719495
-0.0103888010735667 0.0274069251435763 0.307744012798891 0.306366087844507
-0.0332638437537406 0.00298587886194644 -0.152382309625975 0.447188602629763
0.00427969849368181 -0.0167218686807756 -0.35058886219993 0.125356038326115
0.0115263210394778 -0.0135092173682816 -0.0270315361382309 0.0492466354804166
-0.00211497349784682 0.00762448770659367 0.356109047190455 -0.0918408311203923
-0.000902572437320271 0.0165744025216237 0.204826463410528 -0.454513448891183
0.023077696558205 0.00796151956819339 -0.297709839946453 -0.343551392137806
0.0192437713078556 -0.0284235543916125 -0.329599415381069 0.12039244514797
-0.0108795241296112 -0.0277201040577356 -0.0472128122124702 0.234296093572345
-0.0179507284590786 -0.00410303013843993 0.0792462361108388 0.0590972085905126
-0.0096137614069336 0.0124175734012348 0.0474612212067184 -0.110225662956293
-0.0105579605724246 0.00475363755979741 -0.0345698626130534 0.0982801476612671
-0.00600177298425989 -0.0150631011611295 -0.0789232589161776 -0.043842811012938
0.0125515788721834 -0.0207610105721995 0.0503399360868911 -0.204024644243199
0.0223026446328169 -0.000895415620346934 0.291624230319053 -0.0646359495504063
-0.014107661762181 0.0283603679866197 0.282283937754764 0.333142087770092
-0.0344008260670558 0.003923699105597 -0.190431439326146 0.439826745324945
0.00271578345335791 -0.0140761034085769 -0.356668935162428 0.107559224776026
0.00772488772155674 -0.0112590034813059 -0.0180723018466381 0.0488828590674912
-0.00467852333856389 0.0114581506049172 0.351954193135452 -0.10926663650352
-0.000843640666745915 0.019968960622975 0.166932446006718 -0.463194521881471
0.0221447614341453 0.00727282731975237 -0.324327727965011 -0.313530522769808
0.0166420148114546 -0.0313211430275526 -0.321679845893377 0.143029663069379
-0.0112131242385066 -0.027901766309045 -0.0336702019872063 0.234390774986127
-0.0175556147607247 -0.00181711977623777 0.0859333914374093 0.0542802180890087
-0.0113012446957268 0.0131317534266175 0.0474492254255478 -0.108839442406978
-0.0108507328098933 0.00641244472695716 -0.0342194314078035 0.0994670416511382
-0.0045532396266199 -0.012186265465159 -0.0721186852428107 -0.0461948860970763
0.0146013371419479 -0.0192251600275863 0.0606579083372244 -0.203625719256381
0.0211834205211385 -0.000691670915065862 0.293796527903306 -0.0469583296196025
-0.0168868374394894 0.0292135230226745 0.253847989013737 0.354952783908188
-0.0347257403920726 0.0049935813428062 -0.223240699577217 0.432553159914886
-0.00129751080733053 -0.0114567237308888 -0.361306522951006 0.0933607131499295
0.00147095223586056 -0.00843799778352683 -0.0110268480635556 0.04865590786863
-0.00839175538509198 0.0157802997659002 0.346517410322455 -0.121904806181767
0.000981419605981949 0.023285026567174 0.136044561400294 -0.466192127532321
0.0219195291391857 0.00630982737363495 -0.343959630587441 -0.289450793757106
0.0137589692748245 -0.0323719847943541 -0.315098322527345 0.161611670340819
-0.010626511188897 -0.0253126897803265 -0.0222749305922898 0.233036568946198
-0.0162705537991229 0.00137593817297784 0.0918940400292276 0.0509031563722302
-0.0113426734958567 0.0152749199332828 0.0488910085625956 -0.107258309096441
-0.00947033650733221 0.00848513875071241 -0.0326398311160917 0.100142564752563
-0.00217959059398153 -0.00865226212398338 -0.067899876290908 -0.0469712387898941
0.0152818655707435 -0.0151702939645243 0.0676178467040111 -0.204030290650632
0.0205190193773384 0.00014367565089534 0.293410483811719 -0.0386665129720778
-0.0172903258698574 0.0290783548506509 0.23807154781243 0.366138507110323
-0.0342793593109853 0.00613803152764026 -0.24349440445271 0.428871198063003
-0.0067770757441735 -0.00867564688255164 -0.364935912458937 0.0868611826752604
-0.00652212485080893 -0.00645929133451249 -0.00713855362950455 0.0489902547489195
-0.0123340033079038 0.0201250480894923 0.343335754047456 -0.129001065262392
0.00293867256111091 0.0249615379675706 0.115619405965767 -0.465753885056827
0.0225979266859606 0.00451626420403778 -0.356437838773109 -0.274497876113896
0.0121748970743169 -0.0317021378490197 -0.310196841125133 0.171129223022094
-0.00980237342658139 -0.0220411934597083 -0.0146116236076581 0.231087148037152
-0.0137499580565312 0.00528964325118685 0.0973532986834333 0.0481961462780875
-0.0103798554183 0.0174147040857216 0.0486474125851735 -0.105412894417014
-0.00721465010655539 0.0107477440888255 -0.0337108586414023 0.101028420316424
-0.00027643806270568 -0.00376253183662628 -0.0655777593265652 -0.0456088172468427
0.0150176130346906 -0.00928067234208497 0.0708135566784815 -0.205651926364171
0.0196698037717004 0.00216272805599307 0.291778255585301 -0.0385166737320821
-0.0164140797361016 0.0283346642683277 0.232566001429219 0.369172509878378
-0.0327969688088289 0.00786509189262224 -0.250426147622315 0.428584179112079
-0.0125034507563294 -0.00667628620914884 -0.364987656157894 0.0869076761881928
-0.0147404611442426 -0.00496004803264849 -0.00687806610693015 0.0501011888544571
-0.0159131074718596 0.0236904274331905 0.34118653446848 -0.128136629503345
0.00519306049994293 0.0259120143625904 0.112079664143847 -0.463880326634534
0.0233835981152105 0.0033553891900441 -0.359891294899202 -0.270917015548903
0.0120680203950997 -0.0294132712613261 -0.309721026872683 0.171148843998307
-0.00839404736266482 -0.0173471375752966 -0.0110747978198325 0.228895471531336
-0.0112378399966403 0.00907369994829102 0.100145363009954 0.0484474575106872
-0.00810529479017899 0.0192888227485488 0.0486680248132484 -0.10464973765171
-0.00350846800741053 0.0118507981227254 -0.0344131214955909 0.10110567084325
0.00128540990106343 0.00138519947951616 -0.0653009789821013 -0.0426261812898377
0.0141066906048381 -0.00295258974104044 0.0675618464526951 -0.208635017015277
0.0188186710188359 0.00495539131372351 0.290576028499409 -0.0480510782559811
-0.0137066211381309 0.026734306906676 0.241058228648195 0.360976040602146
-0.0309181756359838 0.00883373642215967 -0.241498949103692 0.435432754362393
-0.018870800518022 -0.00415714185974794 -0.364581692626483 0.0943516464436079
-0.0225362987600062 -0.00416309530488454 -0.0105596774843793 0.051651780647499
-0.0194895040240847 0.0253363185790478 0.342689269670174 -0.121156497925685
0.00708171542180268 0.0249297328149594 0.123029498965684 -0.462038890522591
0.0240455020064546 0.00279150137861502 -0.354661603307846 -0.281084136012271
0.0126943774037039 -0.0261727512454917 -0.315069301619132 0.162987038885895
-0.00706386663502161 -0.0114740571242265 -0.0138112815499443 0.227834146585549
-0.0082039342768491 0.0132696271026269 0.100872418244747 0.0502554414789409
-0.00493095609356284 0.0212035186286759 0.0476613207010126 -0.104193739760155
-0.00249111635204973 0.00350310656494754 -0.0405135716472495 0.0964473281466235
-0.00891890262764363 -0.0118671390322579 -0.0952991310821214 -0.0281545357146783
0.00752602325476241 -0.0114227720686148 0.0121201840323132 -0.207147928472886
0.024303955602858 0.0044433944876726 0.268897572161212 -0.128604739575709
-0.00226695268083571 0.0237888810145142 0.349520685684318 0.245744157128014
-0.0281034621520274 0.00254115670074881 -0.0776377929422209 0.45256969373416
0.00175430958248714 -0.0179411415047198 -0.3330328972219 0.162447221112883
0.00922850576865189 -0.0165139540014895 -0.046567021862177 0.0518022810433638
-0.00159504698779329 0.00311048495487585 0.356926003156591 -0.0541756991177483
0.000953161245775543 0.0100605973466879 0.276374014932408 -0.428030007764531
0.0245752475928637 0.0083123549751045 -0.235241307827495 -0.396019482267467
0.0234423044380445 -0.0195508449846983 -0.340688391497398 0.069307935994911
-0.00962356940022083 -0.021121546182404 -0.0699250090371275 0.229946204565258
-0.0162313402820528 -0.00240635687701546 0.0691162373233021 0.0689270438643228
-0.00319543823697703 0.0123594356796085 0.043808991405181 -0.111698981574565
-0.0061944185133173 0.00299443166873799 -0.0385103357008938 0.0968979946395835
-0.00900283786992273 -0.0141758923203775 -0.090520668401967 -0.034154714716053
0.00900957206192082 -0.0161382399382617 0.0249645277930026 -0.206093253584066
0.0231005384458923 0.00184700251917879 0.278619137905055 -0.106999597263176
-0.00692306983327829 0.0255584513153906 0.330121745066042 0.27700478209385
-0.0308561352171908 0.00212615782794451 -0.112439748486708 0.448853707923709
0.00490826968886622 -0.0182538707368792 -0.340649829157204 0.143143762351457
0.0126845278479433 -0.0154342994572584 -0.0359738106759275 0.0504765910121961
-0.000264470534222372 0.00466082531520355 0.357105625313857 -0.0732859119374167
-0.000161381417597698 0.0121686048351213 0.241663587137653 -0.443957213549028
0.0232388578971024 0.00822369021590373 -0.264920621635126 -0.370687299118357
0.0211370944339578 -0.0240774830713094 -0.334576131296338 0.094917809853395
-0.0102668654249247 -0.025392275361729 -0.0585162541950672 0.232400944648792
-0.0171819856675895 -0.00379337896683521 0.0734500585779709 0.0639803956254464
-0.00623592101157993 0.0118490780387741 0.0447402319372866 -0.110872768979568
-0.00854721230021264 0.00360686399355029 -0.0365493827705783 0.0978161397304733
-0.0080639434144781 -0.0154874125833009 -0.0846549296980565 -0.0393834880341926
0.0103953671879726 -0.0198591484243061 0.0373590404794505 -0.204977807413534
0.0226849732995094 -0.000404102928219862 0.285669877307657 -0.08536787232767
-0.0104103470315987 0.027629532382916 0.307944004956288 0.303879542804478
-0.032769714879812 0.00275985392928735 -0.150893043236272 0.443993749225426
0.00470586168266635 -0.0167122484015808 -0.348312759179522 0.124502978448715
0.0117112926246954 -0.0132136940581405 -0.0265987448309625 0.0494187964092376
-0.00175795893538977 0.00722146185739204 0.354337778822147 -0.0915979089933825
-0.00116477216376409 0.0160592734858395 0.203483376356434 -0.452881185638624
0.022965710073085 0.00809738383471393 -0.296762726338912 -0.340840782630885
0.0186062306351007 -0.0279990491809854 -0.327508016029766 0.120961411459331
-0.0106289804001389 -0.0279467172869168 -0.0464959608369588 0.23391275659165
-0.017474371929948 -0.00355337554909052 0.0795629760494444 0.0584480375713235
-0.00939662235903264 0.0119515690888536 0.0467558041040292 -0.109585480761896
-0.0104814126850077 0.00455831609428982 -0.0345177626234471 0.0983652188184248
-0.00605893707441661 -0.0145946522946103 -0.0784348689059623 -0.0435035563650794
0.012653067294332 -0.0208893903156483 0.0494914276662395 -0.203854527151546
0.0222585815461599 -0.00125952417177247 0.290589022085463 -0.0655140536646207
-0.0137046741355189 0.0291363166829047 0.281968716861808 0.329016038727122
-0.0338084755504421 0.00343498171672738 -0.189354108968454 0.439404358567615
0.00315074442188916 -0.0140679014308693 -0.355845726092782 0.108031121553244
0.0077475562946622 -0.0111060578709593 -0.0172773668407255 0.0487650018559805
-0.00489527720367041 0.0112392617483433 0.34942504136513 -0.109024564147468
-0.000606153049712052 0.0198445626881808 0.164911935578172 -0.461481019503907
0.0224652446350431 0.00721453879164364 -0.322986343371687 -0.313486133948643
0.0164261765635435 -0.0306008687354947 -0.320468211178272 0.143236442125929
-0.0113576357838655 -0.0271663834717841 -0.0331028835968666 0.233924369913081
-0.0168770179415996 -0.00172615594612205 0.0860889805134564 0.0535239243685167
-0.0108205223991456 0.0130163992268221 0.0472866101424853 -0.108302435964589
-0.0105830142213054 0.00610831788877134 -0.0336367724829139 0.0989685320017031
-0.004014876524432 -0.0125342833019014 -0.0721927912438866 -0.0464102943971434
0.0146233335643503 -0.0189276371451077 0.05947921975309 -0.203330088171561
0.0211479148748498 -0.000525017084634895 0.292501097786104 -0.0480747622108512
-0.0165337527877593 0.0293769738911505 0.254712134999915 0.352695701519308
-0.0345558227860212 0.00486908933912542 -0.222162644292376 0.430767133394243
-0.000599531203188747 -0.011467546431016 -0.359600228877857 0.0940698639785821
0.00129379690880907 -0.00828568120484423 -0.0106114401098721 0.0481408357359586
-0.00805180987137379 0.0156432977939528 0.345325496097661 -0.121580379736441
0.00112126211486744 0.0228940294660956 0.135096175298022 -0.464302399306714
0.021779650527015 0.00616009855314776 -0.341829147645559 -0.287825132257135
0.013498448947739 -0.0322502247014778 -0.312582810088785 0.160990497346305
-0.0109753949251641 -0.0255747527480269 -0.0216529524731458 0.232698019091138
-0.0158957969120468 0.00158525592618676 0.0918269536460074 0.0499009658443843
-0.0115255319264531 0.0151764981063101 0.0487798788012665 -0.106808510820855
-0.00940375946127037 0.00823230120655918 -0.0323097160287691 0.0999749665083851
-0.00235659192478416 -0.00832577255960702 -0.0675820679530637 -0.0465543554304683
0.0150624665111817 -0.0153482059157934 0.0669637829366628 -0.203043680962589
0.0204369168192558 0.000285466240517791 0.29302488033887 -0.0392872975438342
-0.017402903028381 0.0292386863669241 0.238368506907193 0.364621065377448
-0.0344143866457709 0.00654364531592886 -0.243036583978761 0.426036848097881
-0.00654456029090685 -0.00907244795399358 -0.362438615392247 0.0862316308652114
-0.0061598932180764 -0.00640699369946518 -0.00655351113653425 0.048704358246384
-0.0118957479360318 0.0200743571848997 0.341162491586581 -0.128713566525601
0.0027568518277139 0.0246963796896833 0.114566233915293 -0.464280509023185
0.022394007310912 0.00475856755094205 -0.353937156305082 -0.272219366262242
0.0126302635928291 -0.0315768691802514 -0.308589732299683 0.170984641128771
-0.00978205484480921 -0.0217568249011579 -0.0133634347999834 0.230620734806847
-0.0133661479593077 0.00557292186713761 0.0965574804986855 0.0479915498459064
-0.00990003350857036 0.0173001101266202 0.0482835550325384 -0.10538784560758
-0.00736526857378722 0.0103942172621994 -0.0332960878330351 0.100540043096292
-0.000584026672266185 -0.00356015434870739 -0.0645932837610415 -0.0455600166036684
0.0147631224153395 -0.00959259976010493 0.06999457308886 -0.204817100725073
0.0195800466571764 0.00234972317480267 0.291324161062129 -0.0390475207962263
-0.0164623086482618 0.0282792023982691 0.232513736137906 0.367213212628349
-0.0326774312928313 0.00756380300571596 -0.248983132362295 0.4284355433677
-0.0126593088744029 -0.00631968517448286 -0.363510164393469 0.0874060825344844
-0.0145053699911051 -0.00507099259373571 -0.00705135448082917 0.0499379468932858
-0.0159564337916119 0.0229491021760216 0.338407068578857 -0.127781125079619
0.00531899338547866 0.0256232535921782 0.110580073955029 -0.462099282652863
0.022936461772576 0.00308103455449346 -0.358743845073479 -0.268735143727612
0.011582039655831 -0.0290246707818551 -0.307538763129873 0.171415888511889
-0.00875766403979682 -0.016849467203625 -0.0101976513223078 0.228815244622431
-0.0106710337255675 0.0095103352706554 0.10021013731635 0.0479397072067015
-0.00717230213684238 0.0191678741228068 0.0477332645844069 -0.104734729304915
-0.00320269126694295 0.0114381127028532 -0.0343172634050514 0.101200715920091
0.000695438244595488 0.000964839155588944 -0.0653004124067819 -0.0424337946606652
0.0142423408634661 -0.00312900400864418 0.0670078938120215 -0.208412855021714
0.0183144705174617 0.0046901805573475 0.290248734310009 -0.0488746824819286
-0.0134267584892014 0.0268785909162901 0.240423076422323 0.359998838792944
-0.0304053124482675 0.00795268099019826 -0.240652686616033 0.434121633253796
-0.0183377234446537 -0.00443133953720916 -0.361882321063313 0.0947791185365927
-0.0222582500733717 -0.00421040628872727 -0.0105636694862955 0.0514179465580305
-0.0193571445695803 0.0254116634161013 0.340361717516244 -0.120833701565094
0.00684304324260241 0.0248640476553247 0.12072353699112 -0.459867896319435
0.0240418285067985 0.00257749811927053 -0.355071348262652 -0.278768813481859
0.0123894148669448 -0.025696541073155 -0.313016211010588 0.163777009623419
-0.00690754794373237 -0.0108162261947799 -0.0126417608081833 0.226554254032007
-0.00811928448907486 0.0136419955237066 0.101013616136563 0.050302242272763
-0.0044060375720804 0.0212488022466938 0.0474954718595457 -0.104260446450717
-0.00203187117720694 0.00291851195444398 -0.0401493548641521 0.0965258012157267
-0.00893763988956048 -0.011855139868639 -0.0948081235041112 -0.0274761835690794
0.00755607326712156 -0.011914281592321 0.0111943532018983 -0.206560074014777
0.0240409744017827 0.00418131107129986 0.268746860472902 -0.12926189417756
-0.00208644120209348 0.0241684750307894 0.348712241285956 0.242720667506651
-0.0281342173870415 0.0025463895684161 -0.0780391556226334 0.450583010599644
0.00174710539411189 -0.0181241493979321 -0.331736904828232 0.160595280661217
0.00945415180453305 -0.0161747771170754 -0.0464992742274249 0.0518132059547932
-0.00160720502474326 0.00312364563561069 0.355870258739788 -0.0535059154463405
0.000557152264655351 0.00997968058375686 0.276460213523227 -0.425621244337844
0.0244321088863156 0.00807299325068154 -0.23561428485952 -0.394436276288754
0.0229214494095213 -0.0194638612806268 -0.339906460756139 0.070201969990694
-0.00992718741654297 -0.0209685914364839 -0.0690076808441086 0.229165610295813
-0.0155872185586713 -0.0022662211255281 0.0690941808817301 0.0688006662946824
-0.00304079128811403 0.0127393132598562 0.0435065045727473 -0.110724321696034
-0.00592368825705756 0.00282021382610205 -0.0384937497189018 0.0968951440944259
-0.00918497964477524 -0.0146311398623337 -0.0902652900175961 -0.0332766849462308
0.00881448180007982 -0.0164102509725107 0.0247119942178234 -0.204867491442496
0.023613112890901 0.0017733250315539 0.278040168398564 -0.108498388547011
-0.0064829867352441 0.0257897689092226 0.328645867656142 0.274353471972516
-0.0308400065782327 0.00207694123110852 -0.112265285461427 0.447227251590626
0.00479318750343956 -0.0185055164533102 -0.34023840829512 0.1428857967351
0.0126474371641356 -0.0151459973131857 -0.0359632815125043 0.0503915805870477
0.000142199604589331 0.00456293683281615 0.355457277314547 -0.0729282916605497
-5.79158732256016E-06 0.0123304092157104 0.23996481865945 -0.442215048583249
0.0232721624963215 0.00811848734972256 -0.265327942952812 -0.368878902187863
0.0209889687292179 -0.0240705423625518 -0.33341283710465 0.0952237177024885
-0.0100483137554712 -0.0250224612324445 -0.0582390981784528 0.231687296999846
-0.0168029011495459 -0.00395803660726569 0.0734254035742839 0.0635830773273151
-0.00595192363988191 0.011931625904406 0.0442479912714121 -0.110500686983862
-0.00865587553290039 0.00307594939739103 -0.0362591470114475 0.0977170971464844
-0.00813602646372117 -0.01581175362924 -0.0846562926674491 -0.0386887082674844
0.010343448339769 -0.0201401434595304 0.0366343321394228 -0.204556952543707
0.0229290065875077 -0.000355108433542948 0.285592614246416 -0.0858655970436823
-0.0107504056429735 0.0279541249107494 0.305656239795587 0.301911085752787
-0.0324621305736763 0.00277558239182743 -0.150313531558461 0.444061374920664
0.00477820464146912 -0.0169447755783689 -0.346752271317929 0.124182008501171
0.0116913375529511 -0.0131045396326388 -0.0263887630571881 0.0495037307802899
-0.00138172163096409 0.00676358946029419 0.352848588113419 -0.0918060219418732
-0.000878339875363107 0.0160627018239648 0.202538092323681 -0.452322947472574
0.0225186732348369 0.00785856444892004 -0.295473713716315 -0.339693474147433
0.0184920288633807 -0.0285542220034472 -0.326015479714583 0.122186330134006
-0.0107472210114349 -0.0273942306354067 -0.0453615935611317 0.233410346829873
-0.0168999175980635 -0.00315835516664 0.079448997110817 0.0581107015393965
-0.009202354147041 0.012168988588939 0.0465032398560105 -0.109505732442611
-0.0102113502104858 0.00358956956304835 -0.0339001130214951 0.0979786659743456
-0.00635616163406399 -0.0145066784213851 -0.0778434412301079 -0.04312383594199
0.0126223182582022 -0.0211765715307322 0.0494134631851723 -0.203431570357687
0.0222886907450776 -0.00133770836332991 0.289879422243523 -0.0659292290248397
-0.0145591870026106 0.0291154077763276 0.280593584969814 0.327981696553885
-0.0335848175571634 0.00384598994541336 -0.188746917920047 0.436976619957648
0.00319282217386412 -0.0143806230664396 -0.353883672874793 0.107739455706956
0.00788176101887514 -0.0110488479647936 -0.0172697476197068 0.0484697402348548
-0.0043423022304962 0.0110574763732544 0.347888357276624 -0.108860287875404
-0.000628848197890924 0.01969105666123 0.16435473263834 -0.460409016596262
0.0222642031820047 0.00731287301247002 -0.32234829770366 -0.310277291657044
0.0156616476658066 -0.030784524062617 -0.319002859338308 0.144539297174872
-0.0111838790660722 -0.0272976750283386 -0.032076648139077 0.233098603118926
-0.0170677815434002 -0.00160832170150874 0.0855841199414385 0.0537324447965716
-0.0106361020740182 0.0134827752091465 0.0474180131647796 -0.108167377950713
-0.0103059076430354 0.00547866465038638 -0.0337062057456307 0.0994102097797614
-0.00436069665670907 -0.0124664059202884 -0.0722296532573656 -0.0459123910409076
0.0142768852423751 -0.0195534686830878 0.059393548629496 -0.202941497528468
0.0210987786387174 -0.00110960176268748 0.292489571194245 -0.0488366983178605
-0.0164396817467275 0.0296834635541734 0.254226571362016 0.349345016765309
-0.0343242933960421 0.00454365740557769 -0.222470675599044 0.430053396825284
-0.000653421994213962 -0.0117562359511328 -0.357560481171689 0.0936346016132849
0.00172681135965811 -0.00834790537090062 -0.0108698803295973 0.0482157817195601
-0.00773894286968248 0.0152160572412324 0.343360451000323 -0.120162308527264
0.000902392194078588 0.0228460559145533 0.133664550283013 -0.463617743690556
0.0222213711744686 0.0055591938210049 -0.341445943107931 -0.286561531596351
0.0134121007326664 -0.0321755148543135 -0.311055621897338 0.161825066041672
-0.0110175868686381 -0.0253826252137165 -0.0205793010769393 0.232337275907003
-0.0150406609539907 0.00175787378536737 0.0921506071740733 0.049296424366358
-0.0108931762747838 0.0152715142460752 0.0488645019025137 -0.106366807158457
-0.00889850504961965 0.00768917557366666 -0.0320861121045623 0.0993983627027233
-0.00239388217197504 -0.0082269850727512 -0.0672896244017759 -0.0464097960216323
0.0149300689793578 -0.0157420926503644 0.0657525281199651 -0.203296084145739
0.0199941453247783 3.8698010709555E-05 0.293068692344598 -0.0406017244039672
-0.0171411754837147 0.0301449078308873 0.238089906888952 0.36158889496218
-0.0339681989395402 0.00612751210431428 -0.241131162523408 0.426108615988644
-0.00612551143797706 -0.00905115526992111 -0.361546706944445 0.0867663654604971
-0.00618779173425652 -0.0061336099724489 -0.00660902542867585 0.049067734451327
-0.011681466593926 0.0198678187688136 0.338991856744613 -0.128092727958917
0.00265054700943704 0.0249438567257379 0.114543377518902 -0.462760938060008
0.0224436335769495 0.0042326937790419 -0.353707323899532 -0.269469080645561
0.0117658384782705 -0.0315349367930467 -0.307304299862814 0.17094469042386
-0.0102346266646318 -0.022119991766032 -0.012739915337753 0.230072435836484
-0.0129686188236257 0.00587516274682239 0.096738174188737 0.0476073181596674
-0.00961461641730585 0.0173680073022909 0.048533877921871 -0.105184199543646
-0.00688806859314369 0.00946892594789542 -0.0328523550513561 0.100162087888068
-0.00102843752958619 -0.00321142976780576 -0.0645825035612986 -0.0454237952915213
0.0148869594892938 -0.00968724224167927 0.0692741697508277 -0.205211769866471
0.0188859458514521 0.00213779039405578 0.291144802699543 -0.0408239572030992
-0.0163231949268892 0.0289220257072671 0.232658560332251 0.363629568474547
-0.0325877403121239 0.00747798499002618 -0.247909255112987 0.427277312772352
-0.0122882575007599 -0.00658763302350122 -0.361856878549529 0.0863942795012524
-0.0147796845612904 -0.00437879468189922 -0.00653084906856038 0.0499141283421554
-0.0155441197475695 0.0231333387735962 0.336718096440919 -0.126990009704753
0.004897342677356 0.0256892748625125 0.109940775422364 -0.460821748362699
0.0231134012681923 0.00355397367310053 -0.357490961308736 -0.267238006625167
0.0116467441313605 -0.0291113185338741 -0.306507150238919 0.171946180950522
-0.00843446612222007 -0.0165143084736294 -0.00979533514031739 0.228017895245204
-0.0104918592602289 0.00979269407823716 0.099962171840224 0.0475891170924079
-0.00759344769049398 0.0194160241478561 0.0488425674887559 -0.104101201651651
-0.00344445297039776 0.0109905810962252 -0.0339524147642249 0.100706655011355
0.000596950150445149 0.001206574209559 -0.0647408151611314 -0.0424638688081697
0.0141096886216266 -0.00287850104967698 0.0664107969519877 -0.207991484008979
0.0183182935351637 0.00428239671315191 0.289240812674951 -0.0501599453598118
-0.0138412900586856 0.0274852884206455 0.239739460299593 0.357441373898049
-0.0302741103530176 0.00847894208897855 -0.23848275283073 0.432435557672208
-0.0180548494258036 -0.00475688058780192 -0.360647500528084 0.0939197875384984
-0.0218603571949758 -0.00371339328139064 -0.0103097480899271 0.0508528617246284
-0.0194515488224357 0.0249442379575758 0.338656654336118 -0.120655134996215
0.00703294940198999 0.0252557076297776 0.120113465866049 -0.459475442050337
0.0241620475974907 0.00195609005154592 -0.355141542318711 -0.276986085534754
0.012346462310557 -0.0256791413544885 -0.31169976528982 0.164198448463772
-0.00682668875904171 -0.0117694797767377 -0.0127328012788314 0.225977160694191
-0.00761349339417597 0.0138122437290077 0.100955072039569 0.0500597238034711
-0.00402987447979732 0.0211955237050482 0.04745709957149 -0.103542880419689
-0.00187597620217625 0.00346599619059453 -0.0225830485867231 0.106636560758224
-0.0112160311616485 -0.00879476309692564 -0.101370653285033 -0.0111788514233491
0.00412037299006818 -0.0134919317510583 -0.0267286046197563 -0.209270817775025
0.0247682386303166 -0.00537051687950974 0.246543813098796 -0.177763895246849
0.0079775117362248 0.0208541604610828 0.392194942762754 0.178242710064845
-0.0209146486184733 0.00920368388781675 0.00238538891287198 0.46169093995234
-0.0030058975289781 -0.0150147448902173 -0.297162795155367 0.217871210818293
0.00634819411904249 -0.0168432240274401 -0.0355252568527011 0.0594413352683047
0.00239541096856563 0.0023461443378404 0.34558613975363 -0.120036179322521
0.00667259091632314 0.0059834672042536 0.194452101259096 -0.485847951593228
0.023914010929015 -0.00217676043186544 -0.315413242525711 -0.349739253597238
0.0134546603997295 -0.0258475309844917 -0.325662179054687 0.14046285144519
-0.0159988174329765 -0.0166171778991609 -0.0216285978648231 0.245498726788555
-0.0155558758415612 0.00285900272799845 0.0854651597344847 0.0540146177903862
0.00129167409461535 0.0117824541087096 0.0227369959952568 -0.12009189586614
-0.0049849561430521 0.00383745418461178 -0.0201768041653611 0.105993895395614
-0.0119730517389028 -0.0112570149733478 -0.097337578755928 -0.017572324706633
0.00365201794028379 -0.0184082815454248 -0.0131302898200257 -0.210674979169247
0.0241278149152074 -0.00706391140113283 0.260368150958219 -0.158849473970789
0.00480630466997223 0.0239379716513373 0.378688855742511 0.212440747786753
-0.0235048156496387 0.00994662488416191 -0.0320519072118828 0.465743086555643
-0.000454474076624981 -0.01584847412045 -0.308586993612543 0.201370593358529
0.00977818265958505 -0.0162112072267577 -0.0254347725147386 0.0561325545849006
0.00342323807277664 0.00287944567520037 0.341747139142814 -0.139066557943817
0.00552630702094074 0.00829684686675675 0.156060052211094 -0.494534494431533
0.021665059226854 -0.00179775615202148 -0.33998940539432 -0.317259293964129
0.0101184952455777 -0.0289871226389308 -0.313731440700525 0.164110295296289
-0.0176525715612184 -0.0205225526738572 -0.00855117114846717 0.245336512617459
-0.0167608547398392 0.00127320713902848 0.0881932889951966 0.048288555044022
-0.00204940031028864 0.0117573781669022 0.0236063769935082 -0.120317988715443
-0.00734879400968483 0.00435399178933734 -0.0188371105148771 0.106142512611011
-0.0116500512118963 -0.0121543504055931 -0.0923783345345508 -0.0241409549880788
0.0051195681718033 -0.0220652318771965 -3.77465075010432E-06 -0.211972561934007
0.0229871019348815 -0.00902498444633442 0.271884568957015 -0.138279607881556
0.00161425034463718 0.0278919116840267 0.361067406625666 0.244622595570666
-0.0255485237178569 0.0116564275146167 -0.071052284493914 0.4688505367879
6.60234031773111E-05 -0.0144373379150557 -0.319092731984222 0.185515544421775
0.00941313319011822 -0.0144342035457125 -0.0165666791523743 0.0538318084072991
0.00258707849786456 0.00575383708270495 0.335427365769192 -0.157626144390552
0.00519520508746523 0.0118520362302489 0.114915659517983 -0.497220754929784
0.0208684496214756 -0.00176638411110623 -0.365746987733175 -0.28052827738043
0.00670583676947451 -0.0324438103788531 -0.301240371520921 0.188972611765224
-0.0181816138969514 -0.0224488148730373 0.00352051937154243 0.244722870822185
-0.0169524183284493 0.00198612842541284 0.0936979674279873 0.0415693412697899
-0.00500862892028768 0.0123327055902384 0.0255315352546024 -0.119447819099166
-0.00893411509683644 0.00546233490593812 -0.0162594079091921 0.106210138156618
-0.00993686059243927 -0.0118993503474536 -0.0870270696399648 -0.0296975256414729
0.00692825063544236 -0.0239194789746903 0.0118791083079234 -0.212785480587014
0.0223245158056567 -0.00976753043378414 0.280088398054931 -0.118718461529376
-0.00132320314163346 0.030086172684737 0.342185336671035 0.274278217213761
-0.0263792926360922 0.0128856763985241 -0.110467738255758 0.469010424599109
-0.00104675456869937 -0.0119048444777863 -0.328887123825761 0.168394845753764
0.00602480036107554 -0.0115778832442995 -0.00812937606241994 0.0509499490646321
0.000914363933065364 0.00984676794287506 0.328146093366586 -0.174092359779882
0.00582750479891897 0.0149609097915164 0.0746772164022803 -0.496640542266579
0.0196473325055783 -0.00213596513264456 -0.385853260318415 -0.247710968056629
0.00403911406055029 -0.0344690261434298 -0.289218194963792 0.210533039249793
-0.0182500426662569 -0.0224039142074229 0.0165967299643821 0.242501565629185
-0.0160884151349291 0.00395072020136708 0.0984712915697695 0.03511987652788
-0.00631641833876025 0.014201466027602 0.0274058168160929 -0.118321482951813
-0.00901683491895629 0.00710817343254587 -0.0151590975303145 0.107030489396543
-0.00754348995757062 -0.00994420309497654 -0.0814116865245391 -0.0330903051915199
0.00830289939339386 -0.022771000081018 0.0227542446571756 -0.214501361884381
0.0217672737970089 -0.00907677894580716 0.285396802529719 -0.101841802463517
-0.00358974678468277 0.0314809493357885 0.318195560266847 0.300491044494384
-0.0270989335397246 0.0141827329478264 -0.143447529196282 0.466024645485797
-0.00425744733857395 -0.00810925149167262 -0.336816748069697 0.154427512293893
0.000364981211589968 -0.00819335009856412 -0.0012314688454529 0.0499399497755625
-0.00219984244266406 0.0145343899728965 0.320673661473859 -0.185252327346439
0.00793767185006855 0.0179313013138888 0.0440221165760232 -0.494542805592388
0.0192668693059524 -0.00306606462160321 -0.400131578344607 -0.218824798690478
0.000902708379995599 -0.0349410379453827 -0.278370647495395 0.226297320087935
-0.0170428172526171 -0.0197883869034836 0.0279961009570508 0.237090698079013
-0.0141973300794574 0.00698739386948108 0.104324747631072 0.0295647576127144
-0.00621419695361169 0.0160858522368916 0.0283164514155566 -0.117594566282701
-0.00765810867385702 0.00929926100148928 -0.0136941258566054 0.107439962371262
-0.00461186138542897 -0.00672960859902877 -0.0768908230003155 -0.0348272893266143
0.0101765309490885 -0.0191570810105392 0.029282444623973 -0.215934743704428
0.0215155430872278 -0.00764718088430406 0.287204752744514 -0.0930240441143372
-0.00419467857284628 0.03192933150242 0.303931325343435 0.316283310496393
-0.0264435096377315 0.0158632368788219 -0.166080507436222 0.466683573084435
-0.00894075955105176 -0.0046048809269908 -0.339807339150725 0.1477968608003
-0.00668873767293851 -0.00452352429786347 0.0026500331377738 0.0493186497184279
-0.00476310895385566 0.0191808755603137 0.31522434144821 -0.192467794298921
0.00944386316969944 0.0191500336895471 0.0234816617437375 -0.490114125799328
0.019211076395995 -0.00452162917014519 -0.409963588815839 -0.200161461104561
-0.000251063813990268 -0.0331294127015499 -0.272176224304907 0.235155914315583
-0.0158992940667855 -0.0168446483878191 0.0350753488504489 0.234488378962859
-0.0109273848603689 0.0101546030562964 0.107866140992023 0.0271585249850792
-0.00463865210653942 0.0177884052528534 0.0284821530200605 -0.1162217668058
-0.00501267816696183 0.0102553292436339 -0.0150066341801028 0.109075303715652
-0.00198426529168393 -0.00253554707619871 -0.0738131855566211 -0.0338423558426489
0.0116865617799331 -0.0133303667851434 0.0314810473042888 -0.218062072375759
0.0205479142959255 -0.00569653824739377 0.285547142032639 -0.0931330753176849
-0.00367950116670284 0.0309112366629847 0.300279023778055 0.319206966899201
-0.0247687090944718 0.0166912965471769 -0.172078680923456 0.467229908767299
-0.0150921885677247 -0.00140417535996017 -0.341184100109201 0.148170900161741
-0.0145166681684856 -0.00171944137082148 0.00280911990748045 0.0501195835418339
-0.00792877008368284 0.0234934191342929 0.314058273251982 -0.191363247116789
0.0115102626820632 0.0195920483230418 0.0195904096201862 -0.486991099436288
0.0187239392579291 -0.00534007609787392 -0.411632481387732 -0.195304755508544
-0.000343200573608547 -0.0313894375902756 -0.271876115746227 0.235916383106685
-0.0134742122073802 -0.0121960542721337 0.0372024343066041 0.232029917750686
-0.00732737297857313 0.0135954372105314 0.111569821482898 0.0253820838275038
-0.00160221866783614 0.0195417170992951 0.0286868332078885 -0.11492368233139
-0.0012135010608388 0.0109954207671173 -0.0153625162913299 0.109416772973709
0.000494144634405684 0.00188402703285098 -0.0737936044968178 -0.0309060755328288
0.0117675954419532 -0.00700153245241482 0.0276262237339408 -0.220000637036345
0.0203396687131813 -0.00305406607152077 0.282631732464603 -0.102263039146677
-0.00160082250415629 0.0289673946362332 0.30546518562353 0.310622660420377
-0.0228103385144594 0.0172144953234062 -0.161792802772386 0.473078044012477
-0.019572870419973 0.00189693771404046 -0.338808797086983 0.15507191893622
-0.0212993124823083 0.000372594558189656 -0.000534143680200912 0.0520100179377859
-0.01136054828694 0.0255534975164157 0.316202400362632 -0.184522332704158
0.0131453706394705 0.0189568862410508 0.029893437501805 -0.487577600274141
0.019860092164219 -0.00680150666546835 -0.409559317574 -0.206094898118811
0.0015454570235476 -0.0280873398847071 -0.278608070768684 0.228914136684099
-0.0112131293057747 -0.00721899141660743 0.0344266421726571 0.229979222838012
-0.00415627263698541 0.0169246682974073 0.112364470679323 0.0278141427108263
0.00173883136184395 0.0205333383544557 0.027568730989595 -0.114571535386254
-0.00151687330612225 0.00276012928787186 -0.0221353341036195 0.106298886897509
-0.0117896720955001 -0.00881945951161511 -0.100601455792823 -0.0103369164848412
0.0040482570648116 -0.0139319002968493 -0.0270063940415504 -0.209556461891511
0.0248056425241372 -0.00517042653609164 0.246792047423619 -0.179012710487523
0.00816407012795087 0.0218823141394014 0.391860565875195 0.176567655837421
-0.0206653083031716 0.00929337857643789 0.00305813936497601 0.461147366930221
-0.00260774114980953 -0.015563039944169 -0.29682892711703 0.21754943801167
0.00657649164538912 -0.0163154470095457 -0.0353624955910235 0.0594864785763347
0.00239248865273124 0.00218713582104712 0.345405892602578 -0.120186547551532
0.00653165515510088 0.00601646840935603 0.193796060435685 -0.484411446358317
0.0231612611648278 -0.00232080168322892 -0.314959003046559 -0.348838734299886
0.0127747530427988 -0.0253044581765854 -0.324812380043156 0.140489699254567
-0.0157693817535631 -0.0169219039634654 -0.0207282689897348 0.245271408080205
-0.015536867685634 0.00277592498184174 0.0846548117945618 0.054161342338769
0.00157188349237477 0.0116933977905494 0.0223019778050944 -0.119964261522259
-0.00502867031795971 0.00324282917222021 -0.0202058473115387 0.106043113096058
-0.0120755764864188 -0.0108957254283088 -0.097219058474168 -0.0180665963828618
0.00404966041750215 -0.0186595061631695 -0.0139795285387179 -0.210946603506527
0.023690070728987 -0.00726168261562487 0.260891573552805 -0.159060188780023
0.0045525326399323 0.0246503821964586 0.378842356339112 0.210302148713767
-0.0230696182155241 0.00971712079969222 -0.031650127133806 0.465399671648528
-0.000289934499845603 -0.0162787455416861 -0.30830098256378 0.200946622476382
0.0100926052078719 -0.0160820740562378 -0.0252458690104731 0.0563995001780349
0.00375758374123804 0.00268339429737171 0.341929283676173 -0.138548522426986
0.00550534237392049 0.00791008796837102 0.155208477167664 -0.49408880351881
0.0218585013594422 -0.0018695526209666 -0.340828095539783 -0.317189735729498
0.0102024928323815 -0.0294315422030147 -0.314155530363371 0.164842785622735
-0.0169652855104103 -0.02034087328796 -0.00901625682937257 0.245220806841433
-0.0165205619086152 0.00184711913714985 0.0890374603065646 0.0481263004533331
-0.00200589761435224 0.0117397344680345 0.0236421245366502 -0.120040196667965
-0.0073240769044735 0.00367352468645919 -0.0183297374275595 0.10624685984547
-0.0113319457999063 -0.011843263037418 -0.092648694729598 -0.0240535380353683
0.00484106373527783 -0.0225576984193437 -0.000810079720218134 -0.212016978309617
0.0230588660692278 -0.0089055540707135 0.271851031057558 -0.139105322393145
0.00147795096049926 0.0279570042112932 0.361468387046924 0.242976436649953
-0.0253057352055477 0.0114178834669445 -0.070979426999321 0.46807904455745
0.000438112450038074 -0.0144322001761979 -0.318328669569642 0.183747256471791
0.00943878454885137 -0.0143812015894468 -0.016260262093098 0.0539613637977179
0.00269149151312798 0.00557070650862965 0.33524524277981 -0.157019269179268
0.00507383715757297 0.011702822536191 0.114723913822742 -0.496977175015505
0.0203713262110146 -0.00194381440883781 -0.36583777021887 -0.28110761349053
0.00706092347226309 -0.0325622862443749 -0.300728102699247 0.190168033986505
-0.0179066636150682 -0.0226300794303314 0.004364076612017 0.244469030121026
-0.0169386708601785 0.00221961800879189 0.0935434284954935 0.0414790994568854
-0.00450455960847496 0.012365835159653 0.0256908351224938 -0.119352812106597
-0.00884582329664073 0.00516820093733284 -0.0161898973600116 0.10631429194263
-0.0100489405508632 -0.0121317192291387 -0.0873883132323335 -0.0296812700024081
0.00665604384410323 -0.0239544651958797 0.0123111047376029 -0.213702740023188
0.0227608481998326 -0.00968579897411028 0.28068935518031 -0.119401209856509
-0.00125832159259461 0.0304077593556526 0.340519432595734 0.27313475074567
-0.0263287093193284 0.0127899011714041 -0.110580119324854 0.469097463207416
-0.00098746505278313 -0.0121250826932708 -0.327701868510732 0.167291892202699
0.00598771685005936 -0.0113319724496052 -0.00779204089539401 0.0516110584964448
0.000562585409413046 0.00989523375335852 0.327398795924041 -0.17360227267348
0.00572751994213546 0.0149551347420928 0.0744935353923024 -0.495928395403238
0.0195539823022441 -0.00205749640306841 -0.385136728195101 -0.247079250177389
0.00379835984695079 -0.0343642909426346 -0.289022319128744 0.211158642530205
-0.0182807003356048 -0.0219765065566663 0.0174940838425276 0.242179657931253
-0.0157833186386444 0.00426834819586219 0.0989964929592854 0.0352249917764685
-0.00614335420080984 0.0140457693140799 0.0271623983860588 -0.118396785120811
-0.00839353299351837 0.00668937228955213 -0.015114287015519 0.107051556481808
-0.00754113668607712 -0.00980789792033424 -0.0808336874790187 -0.0333339140224052
0.0086484755003382 -0.0227210748438956 0.0223343672643341 -0.214657755164611
0.0217664902721476 -0.00877072491686252 0.286090083650562 -0.102716252906026
-0.00321955428130529 0.032259057915925 0.319482809409313 0.299099165206415
-0.0267043194964677 0.0140569690434126 -0.145177983010088 0.467234876484779
-0.00414592919724332 -0.00874560399055795 -0.335206541910387 0.155765064392197
0.000386068910629982 -0.00800415499423394 -0.000835050590340429 0.0497297957483096
-0.0018988325157026 0.0143397609363503 0.320163086354105 -0.184753776674037
0.00729843069121905 0.0176857134581157 0.0434486410538919 -0.493642824669407
0.0191353422754583 -0.00328577889416734 -0.399662233194434 -0.218947324773064
0.00121751028063187 -0.0345909766816185 -0.277938989180708 0.22696400694121
-0.0172980080251782 -0.0199459478215418 0.0287631467711656 0.23780669921735
-0.0137894085247105 0.00714532340598944 0.103824208080162 0.0298628577380842
-0.0059293724922783 0.0160029256716178 0.0287609727842584 -0.11735268675626
-0.00749603886296206 0.00853464728568939 -0.0137481617406084 0.107117609002915
-0.00451012603344572 -0.00635837174367567 -0.0763459250626442 -0.0345309687157417
0.0104904745259397 -0.019412327117138 0.0289898170535782 -0.216887627596854
0.0212308721475096 -0.00773182671220703 0.287700100870376 -0.0945247856675086
-0.00406903532604196 0.0323223438977918 0.30384347107062 0.314718183284182
-0.0261085689464909 0.0159261457371627 -0.164687956001445 0.467249720686517
-0.0091045960251878 -0.00536119225892047 -0.339471061800651 0.147950093701766
-0.00682991696604318 -0.00440068196356243 0.00279436430597005 0.0495765221847687
-0.00452397777472749 0.0191402644254692 0.314917980494903 -0.191965782151479
0.00974623490277542 0.019045938456484 0.0231620061679869 -0.490464789189811
0.0188556123726381 -0.00444781709857178 -0.40954093532823 -0.20003277500253
-0.000169920380852677 -0.0333228080739001 -0.272151869933204 0.235678242180251
-0.0159831214190842 -0.0164204914738365 0.0358676720675216 0.234278888515222
-0.0103646853278931 0.0100796481022997 0.108378288163447 0.0267043526670994
-0.00399776977505461 0.017849486974233 0.0287358465788706 -0.11620046017178
-0.00478032140228826 0.0101020276844741 -0.0147189187775372 0.108739330399231
-0.00237651485413074 -0.00265674132541778 -0.0741339930224956 -0.0336925538229996
0.0108164544699501 -0.0140574237345679 0.0313618019813217 -0.218160291631087
0.0203351710309591 -0.00539728766329738 0.285731395462354 -0.0941018505752848
-0.00349330819269632 0.0313587762258848 0.299138988092942 0.318371952858151
-0.0248396156256479 0.01650562086264 -0.171552752521731 0.467864114086057
-0.0146522943315628 -0.00152733057925096 -0.341035889173278 0.147586111789742
-0.0144757179563766 -0.00148702501449342 0.00273661022041397 0.0503159713857583
-0.00779398560587511 0.0231289849185501 0.313301472084234 -0.190463162661973
0.0115452815961266 0.0195549388663231 0.0215267025474637 -0.487057211611695
0.0192266812281303 -0.00571850745577109 -0.41237755971986 -0.196718907211344
-0.00067018300006145 -0.0314515022208072 -0.270967722508802 0.236255016925321
-0.0135096759730612 -0.0119311483343936 0.0384484275238526 0.231199364307843
-0.0070618149817635 0.0139412828818729 0.111486965302004 0.0259425521318271
-0.00147401512199646 0.0194676043331572 0.0285970202961874 -0.115046281264471
-0.0014678837798532 0.0106621786737499 -0.0151115660028562 0.109534945333442
0.000286957737568462 0.00198323904140496 -0.073781293613351 -0.0304897648330068
0.011758185228562 -0.00735002087620397 0.027776676935024 -0.220957526386384
0.0201209740106932 -0.00336024665779438 0.282204557979126 -0.102540059214582
-0.00118641831862695 0.0295578451847149 0.304686477575074 0.309710786208213
-0.0226231551729079 0.0167317591939028 -0.1615549131228 0.473363263285639
-0.0191985412697703 0.00177300970716452 -0.3403193233772 0.154684443939239
-0.0212985047866939 0.000649645649944075 -0.000947768629714872 0.0523363427635727
-0.010863403190578 0.025520892773176 0.31587554249542 -0.184391366413454
0.0137927012130242 0.018807648840783 0.0309979820771512 -0.487695311043504
0.0197977424496582 -0.00643937239630027 -0.411274119763596 -0.206482351769859
0.000682575226388162 -0.0284579692391138 -0.278565561778815 0.229402062616677
-0.0109551654570893 -0.00703336120814625 0.0352305320306025 0.2302120105102
-0.00399423612370444 0.0168831095151059 0.112572408591503 0.0279168374828037
0.00206658482207449 0.0202368850566148 0.0273269977426177 -0.114217351375475
-0.00136633326435796 0.00224237273739511 -0.022117667319544 0.106508362473681
-0.0114442863210121 -0.00905509894190676 -0.10140538621363 -0.0103434934802395
0.00350284295009539 -0.0141191599892224 -0.0273928465312741 -0.210452001995088
0.0245969310931717 -0.00595934379975166 0.24679989436892 -0.180050436800068
0.00826608954280299 0.0218978885009904 0.392961102542509 0.175764760655016
-0.0206420005639583 0.00919847375047644 0.00380496221571255 0.462918126403972
-0.00246964037543261 -0.0151826832626894 -0.296378453942881 0.218715206313772
0.00658134143691577 -0.0169677544523455 -0.0351006429818485 0.0599307582916354
0.00228092020045728 0.0024011140988521 0.345624015951802 -0.120009112771523
0.00623323963701364 0.00595966413028986 0.194274700105508 -0.485726853463866
0.0230387483594229 -0.00238183114836902 -0.316506757409262 -0.348677837246801
0.012664012141316 -0.0257043547999236 -0.325683557880877 0.141397831152248
-0.0161362116851061 -0.0169336355098041 -0.020779062900399 0.246113536362486
-0.0152044539764895 0.00279274441846437 0.0853405677696676 0.0543828150374563
0.00168850162737109 0.0116189323065974 0.0224225076083833 -0.120241323726502
-0.00489767225899833 0.00264537582962672 -0.0195524465576728 0.10657999993168
-0.0121017484038168 -0.010947610912887 -0.0975947751626062 -0.0175410532224137
0.00394571240685683 -0.0188037166030611 -0.0141216663496523 -0.211869041935578
0.0235579680474144 -0.0073124926219863 0.260823695139428 -0.160554911066535
0.00470541045690434 0.0250288931528978 0.379925254063959 0.21033674112891
-0.0232487505430109 0.00958200780963657 -0.0326965437196619 0.465309231755458
4.4468621230984E-05 -0.0163464385886371 -0.308309933059737 0.201594265125109
0.0100662922216636 -0.0161142736051506 -0.0253558515969835 0.0564396501061286
0.00356561250252283 0.00235315920065723 0.341455231400791 -0.137858704851525
0.00527471612598858 0.00792939577021166 0.155728622842147 -0.493489006659791
0.0214927791194408 -0.00187078634671032 -0.33993524891209 -0.316141140525876
0.010079951406612 -0.0292657737865742 -0.31491985591222 0.166639893322582
-0.01719039402049 -0.0201248352047798 -0.00852539133868555 0.246492933248055
-0.0161516420641627 0.00176900890614323 0.089187703940423 0.0479744936355313
-0.00149713872048663 0.0120694165237058 0.0235134268241073 -0.120257910332631
-0.00710948396060309 0.00353434938798011 -0.0182411145833256 0.106293112278916
-0.0121101497452566 -0.0123922963759567 -0.0929885350504705 -0.0242804518315658
0.00469861455107643 -0.0226260664317733 -0.000975167827817891 -0.213309880309675
0.0229378992636736 -0.00924576632667917 0.272847279218118 -0.140187120972574
0.00168004774240428 0.0284485931051004 0.361671777305795 0.242514256616705
-0.0249599363561241 0.0113317629551349 -0.0707749158589576 0.468662859275567
8.6024861866903E-05 -0.0149864893245949 -0.319920625681324 0.18358392852259
0.00978634849882657 -0.0141109020166596 -0.0159902631181063 0.0536157428762975
0.00289414553774375 0.00537409940900437 0.335221225153054 -0.157402187013302
0.00471298306939898 0.0116860500895409 0.114047433587612 -0.496984516478615
0.0204246723383066 -0.00186865182428932 -0.364904967099381 -0.280851495998046
0.00668294220810965 -0.0323914722710369 -0.301665447746687 0.190815177203856
-0.0182982154816198 -0.0224044807456993 0.00476535427281866 0.245106535967363
-0.0162900426802275 0.00208081375514319 0.0941475153601635 0.0413859794066743
-0.00431340601925101 0.012416477667707 0.0256167219456675 -0.119943301453749
-0.00864202647453394 0.00487931474139739 -0.0158395711598802 0.106430697881826
-0.00991675396814255 -0.0118358969306077 -0.0869662688715605 -0.0293306550083033
0.00675157483315152 -0.0242006874509165 0.0116264847239232 -0.214179546044838
0.0226681077095556 -0.00952421965186403 0.281573830443148 -0.120880677740515
-0.00114588394761375 0.0309201629181269 0.341294760634477 0.273020029019737
-0.026364338974117 0.0124349635483348 -0.111033475687114 0.469424120108909
-0.00114059682294015 -0.0123846301374933 -0.32888782014737 0.168245270075486
0.00620486370363877 -0.0113458589929527 -0.00767709021821774 0.0513849000322318
0.00114022128701132 0.00961936530385754 0.327440569077152 -0.173630924155251
0.00572722844665953 0.0150020070136714 0.0742490679054998 -0.498319263731653
0.0198535159649782 -0.00224213048528617 -0.385757957302999 -0.245710809749507
0.00298833942172559 -0.0342947807606482 -0.2888731024571 0.212255075842775
-0.0183695177558705 -0.0221009351849989 0.0180817801316811 0.242658255920623
-0.0153189988220761 0.00424931323164125 0.0991965067718562 0.034773610814193
-0.00586750640316486 0.0145075129083158 0.0274568672670814 -0.118648268105835
-0.00894415835291311 0.00631028847947086 -0.0145610462547574 0.107313485867306
-0.00750511874031914 -0.00939476092117355 -0.0813634142567611 -0.0335564454779645
0.0086106177842744 -0.0230026252003253 0.022052962479143 -0.215925199994045
0.0221540207750654 -0.00943999545910551 0.286289382371339 -0.103931982697101
-0.00325374798858058 0.0323233293657848 0.319343916957271 0.298993569140448
-0.0265733014854643 0.0137509877815007 -0.146265276709892 0.467193229599292
-0.00366260633795175 -0.00868408455350885 -0.336781103146417 0.154287544962849
0.0005373515687262 -0.00792615842903772 -0.000836996775342441 0.0498840080325658
-0.00205167219129909 0.014274252942457 0.320802907320281 -0.185042929341651
0.00726927268741702 0.0176429278028212 0.042775014919293 -0.494749078447956
0.0190222535699275 -0.00313240515683963 -0.400654327574107 -0.218484154458986
0.000569202112664434 -0.0344128915256608 -0.276943655561919 0.228038342650917
-0.0177882437969751 -0.0200204967552598 0.0292848950956846 0.238642876525409
-0.013434553757109 0.00718196494354979 0.10436692132343 0.0294873412448593
-0.0058092063152624 0.0156894615500325 0.0286420291387744 -0.117424508245911
-0.00730192193484368 0.00804320145469215 -0.0134056689869976 0.107554534493343
-0.00520560525082498 -0.00622009784356448 -0.0765795196990733 -0.0345803685546795
0.0103303563167617 -0.0194323941152698 0.0280416123876709 -0.217227263712307
0.0208426059296251 -0.00756681162944787 0.288521128254884 -0.0952692417850943
-0.00370149617979999 0.0328796784471281 0.305837497521824 0.315057524041317
-0.0260823621928233 0.0156362488942417 -0.165511169081749 0.468054612027046
-0.00869024475436503 -0.00493612499657209 -0.341383033273864 0.14750049356758
-0.00671128252697526 -0.00480443755765035 0.00318912251786353 0.0495664590143159
-0.00453708705233127 0.0188553501023032 0.315661824543021 -0.191878638661314
0.0094023175866368 0.0193918076058625 0.0233909179509666 -0.490156895011664
0.018822662594238 -0.00436538521760576 -0.409773652617862 -0.198799569658616
-0.000675834067539639 -0.0335671607112913 -0.271935022155109 0.23698949492876
-0.0160663444093337 -0.0167359336180918 0.0366801680048889 0.234673793656615
-0.0106967035818358 0.01068685387724 0.109233831717621 0.0268003995319039
-0.00382442555829592 0.0177593374183985 0.0286161943367331 -0.116141788153754
-0.00510046982321586 0.00953465071000954 -0.0141240998503791 0.108753730404905
-0.00238339093201685 -0.00249157370947362 -0.0742771167593328 -0.0338967739751078
0.0113929813946804 -0.0140241428418934 0.0302633191016948 -0.219013102002053
0.0206317017179837 -0.00604829465456688 0.286307109646067 -0.0951230048853649
-0.00297046274406218 0.0320916006331608 0.299356738580719 0.318909585579947
-0.0247073580451643 0.0164907133078499 -0.172036981986785 0.47056715683111
-0.0146805455126973 -0.00168597690791224 -0.341911481239258 0.147386458486304
-0.0147100243890797 -0.00126259706272423 0.00313831003103661 0.0504800479655886
-0.00755564754606932 0.0231448209225155 0.31385319707055 -0.190252400176833
0.011572394706331 0.0192813980373474 0.019276017437369 -0.488054196574429
0.0191837974019588 -0.00520503261065608 -0.413032264681206 -0.19469031182692
-0.000566229895945517 -0.0311955965124048 -0.271213728462382 0.236924330274866
-0.0135886240073998 -0.0119813874668025 0.0389366938560176 0.232097756497344
-0.00668814668854736 0.0138686484345582 0.111673915628467 0.0255156913266706
-0.00130611698280884 0.0192613133061869 0.0282485781925145 -0.115194292063356
-0.0017196264481362 0.0106168449674654 -0.0146328634178108 0.109219600667155
0.000117227098126279 0.00197967230405814 -0.0737999837308808 -0.0310647491867996
0.0117083130349489 -0.00801790586583481 0.0268277485922836 -0.22082017932063
0.0204443829845949 -0.0032493884273705 0.283072813139654 -0.104740059837375
-0.0011474038786285 0.0301508293584196 0.305589349051189 0.31003423469353
-0.0225739948878537 0.0171034554383954 -0.160353861955562 0.474729605937235
-0.0191591214747755 0.00127607545988045 -0.339077358374885 0.154833041265839
-0.0215894213179172 0.000553278970770379 -0.000226050742222261 0.0523509962331542
-0.0106934273221985 0.0256941655311072 0.316307092766953 -0.183596137747476
0.0131774742106839 0.0188332887528773 0.0305615358319386 -0.488222217396088
0.0202302184850384 -0.00621404573159423 -0.410978818279918 -0.204728304509922
0.000404456737117208 -0.0279328516099928 -0.27780313466161 0.23015145483987
-0.0111389391012615 -0.00702762865929868 0.0358865191460671 0.230990223291492
-0.00344066263043757 0.0169673333160565 0.112685073561373 0.0274809670591238
0.00223594978435948 0.0203435482499982 0.0277386629440711 -0.114688790454633
-0.00176815476591401 0.00203702744454481 -0.0221932714931987 0.106691281402959
-0.0121439755750261 -0.00891885445825263 -0.101002589683244 -0.0101482884009802
0.00376664335310026 -0.0142593931572157 -0.0278183898464155 -0.211058332497656
0.0246209734955109 -0.005561687131932 0.247235739164388 -0.182124673026633
0.0084488711401253 0.0225648571048847 0.394736362383996 0.175618268959961
-0.0209287448013503 0.00871173024674273 0.00259263699477809 0.464016936872059
-0.00232441508299141 -0.0157468540279289 -0.297504207795165 0.21937381487439
0.00673398656818387 -0.0165829975796913 -0.0347270129327963 0.0598681476774922
0.0025922667796106 0.00182793322262006 0.346551773812923 -0.119746014036015
0.00620684271985102 0.00571387135167638 0.194785942049733 -0.486674307822893
0.0233017049076561 -0.00209579196912218 -0.316224436761149 -0.349025256178829
0.0124487858445728 -0.0256054543120694 -0.325892979921635 0.143010763514161
-0.0159601191189188 -0.0169743186673902 -0.0199352752967228 0.247207702460728
-0.015065554406781 0.00317756096194247 0.0863893893264484 0.0539429613936561
0.00189975313548755 0.011507996445538 0.0220126738338924 -0.120454350310067
-0.00465469154953527 0.00246127122231774 -0.0194094081490996 0.106535882693553
-0.012428231485681 -0.0107872204605645 -0.0971087808198203 -0.0173530956306295
0.00362495834266984 -0.0197165126985278 -0.0156665472492874 -0.21279918170289
0.0238336581913207 -0.00796827604883339 0.261881747419486 -0.161758098219506
0.00469869482094371 0.0259432440053878 0.381000007156827 0.209698695843314
-0.0230926608838133 0.00953445207759239 -0.032342731493569 0.46809551326915
-7.11187259163273E-05 -0.0163553439261205 -0.308911442330124 0.202244756198456
0.00997956723520746 -0.0162885345126317 -0.0252991968392099 0.0569874888373139
0.00380613002552002 0.00265983142879535 0.342716019763906 -0.138804855824373
0.00501989364715883 0.00818382552757543 0.155796815211052 -0.4962457398195
0.0217470480479958 -0.00204082254453221 -0.342261142864408 -0.317545505540338
0.00984144945979666 -0.0289710093222837 -0.314853522394928 0.167775423486485
-0.0172148551421443 -0.0207260765220261 -0.0073742051493094 0.247450182390583
-0.0156574194038191 0.00197530271308929 0.0896130775053697 0.048349467750381
-0.001271194548127 0.0120868938217645 0.0235202080773824 -0.120794727171577
-0.00711159084684011 0.00264729227739792 -0.0177820135126659 0.107150310965006
-0.0120713637670944 -0.0117489627171862 -0.0929597491942532 -0.0242598450708787
0.00493806228303673 -0.023398809734532 -0.00224338391167001 -0.214508344654793
0.0232255974701323 -0.0092317647847265 0.273819920269586 -0.141650607792824
0.00169113966777667 0.0292142201919145 0.363417193148425 0.241534811869299
-0.0249112821854059 0.0110681137415338 -0.071366972825451 0.470542382863799
0.000666944133867649 -0.0150843540851042 -0.31974424388219 0.185912989993471
0.00961257785288002 -0.0145644093271357 -0.0162049055013174 0.0538947119136187
0.00296855713490718 0.00514067536738719 0.336064275762982 -0.157303535164124
0.00490129727058615 0.0115005981809996 0.114221294429812 -0.49893253725448
0.0205475020746667 -0.00193286847293544 -0.367531086967957 -0.281569458169017
0.00624940557161984 -0.032201099783542 -0.301494985689118 0.192874757245165
-0.0183500546290247 -0.022218788032252 0.00630647253534662 0.24662902076553
-0.0163758601908096 0.0025326491912837 0.0943876937931897 0.041200209007909
-0.00428777302495181 0.012528143652481 0.0256776666822241 -0.119945180247827
-0.00892793541150097 0.00453947385512287 -0.0156113027958132 0.106818133397122
-0.0102974092742888 -0.0118155912606201 -0.0870614708409077 -0.0295098542074468
0.00673652839580219 -0.024643625387004 0.010996889193862 -0.214428471265869
0.0226252692767743 -0.00994678861151812 0.282223347731257 -0.122341849240504
-0.000855192916441464 0.0320697251194152 0.342050780748366 0.2731610578144
-0.0261193906872321 0.0124403111224172 -0.110621758481413 0.471326802363816
-0.000772438530504453 -0.012558516503637 -0.329461058633265 0.16908111468586
0.0061674952802165 -0.0113820099069098 -0.00750643168984435 0.0513239759210888
0.000988473671764285 0.00950291154579906 0.328282761598686 -0.173713504269291
0.00573763050475494 0.0152140695963828 0.0742211710352731 -0.499301771176766
0.0199034663486543 -0.00245106959172479 -0.387766136049935 -0.246486550027292
0.00329093604849033 -0.0343309540034838 -0.288809246434856 0.213830466481788
-0.0182494458362828 -0.0217537212537808 0.0189529584323652 0.243171093113753
-0.0150237308388512 0.00489990061136482 0.0999192265655666 0.0346285088565903
-0.00541109887223137 0.0143233294700273 0.0270628843072099 -0.119173338765317
-0.00896192865697085 0.00615068721733268 -0.0146082403928188 0.10747750693096
-0.0079724010750926 -0.0099095655324759 -0.0814062066207647 -0.0329973472778015
0.00849779680512547 -0.0232032449552163 0.0224498954550674 -0.216599666777602
0.0216454551402472 -0.00959743474344847 0.288022399962341 -0.105557473410927
-0.00285103586780977 0.0329404732080357 0.320195987420513 0.299695908795458
-0.0271944617146556 0.0137620220060418 -0.144985628387784 0.470078966619419
-0.00407058425241428 -0.0089499923497287 -0.336958310852766 0.155977602408212
0.000746593466958964 -0.00780770222630844 -0.000768782587804382 0.0501981571839309
-0.00144908734778078 0.0139402505439143 0.321148711445535 -0.185809905286713
0.0072837988403207 0.0178559911638435 0.0433375399650109 -0.496466411014407
0.0192534788501075 -0.00335061284072862 -0.402168712825164 -0.218349530011215
0.000256334763372047 -0.0343878562553326 -0.277533592906373 0.229931054458841
-0.017611280738702 -0.0196290899817892 0.0309161404963431 0.239301163148321
-0.0134154519643618 0.00724384547308468 0.105335837483299 0.0295394953776658
-0.00535059254208404 0.0159681859802784 0.0285114106286913 -0.118300049365878
-0.00737857328296482 0.00792655156039024 -0.0129813380357621 0.107692851449376
-0.00518203376707617 -0.00650638646606691 -0.0768765164082534 -0.0349552818899575
0.0101678295644686 -0.019721233522822 0.028135247338983 -0.21829044764998
0.020950048158602 -0.00814184428826235 0.290195940736728 -0.0967743735186005
-0.0036146689704846 0.0336626267514203 0.30642797744851 0.314803478115297
-0.0258701061032747 0.0154246826855413 -0.165849152514096 0.470248158982186
-0.00884756515043899 -0.00577253035604774 -0.341021604345624 0.148927615462018
-0.00662751151644689 -0.00431908060656771 0.00362736364579442 0.0499790935505586
-0.00456670785520391 0.0192288200280591 0.316381727508122 -0.192438562925297
0.0089694337426689 0.0191017269565942 0.0233018097567887 -0.492383952586478
0.0186436346110021 -0.00449469729083881 -0.412174498492823 -0.199185044291455
-0.000724293865261246 -0.033468414278327 -0.271732120452743 0.238161481911611
-0.0161698703591868 -0.0164858013740957 0.0375882787368877 0.235580966674682
-0.0100440049428027 0.0107793702230937 0.109469654205348 0.0261881821161681
-0.00384431534094956 0.0178456746680138 0.0286654378949133 -0.11680902832148
-0.00497654430822276 0.00917009614917208 -0.0140720760014064 0.109088631196756
-0.00248493321326376 -0.00234830494176373 -0.074539941297786 -0.033140174985388
0.0111932543876961 -0.014018186566161 0.0303260073402995 -0.220287106051842
0.0205788338396204 -0.00606134917339242 0.287969899788976 -0.0969151978100569
-0.00327696871638126 0.0321343003887562 0.300304387805238 0.319251070754366
-0.0246943392409513 0.0162791664929548 -0.172307274127663 0.472918787216985
-0.0145845364355634 -0.0021721616880211 -0.34293643814027 0.148280292823593
-0.0145094524063439 -0.00133745446582526 0.00312224804730189 0.0506160029668746
-0.00789492236048938 0.02312942647673 0.314694202427786 -0.191002801262345
0.0116792212709766 0.0195988731174661 0.0185048466595202 -0.488751892134126
0.0190629553984474 -0.00539429517388071 -0.414210748608835 -0.196161957221812
-0.000669570980688263 -0.0311289263507435 -0.271734967401235 0.238904621114063
-0.0134936234442695 -0.0121304320181223 0.0397593715437544 0.232883770972176
-0.00658403079862112 0.0140796116639722 0.112402698834662 0.0257490282368123
-0.00123198592349632 0.0190894298535046 0.0285502603873642 -0.11596779031815
-0.00168709521471082 0.00973470836494827 -0.0147321864003102 0.110043724563768
-0.000191387962609044 0.00202834274082899 -0.0741112106891495 -0.0303457322916589
0.0118425407291628 -0.00789037427462814 0.0266119280090609 -0.222557176926205
0.0203766304070036 -0.00345291816171931 0.283434190838971 -0.106284368710591
-0.000775869281804668 0.0305109091818974 0.3067262889234 0.310407745451913
-0.022431643362387 0.0168442151438182 -0.161975051086584 0.476739163724692
-0.0193992576102648 0.00123795805581494 -0.340208840388862 0.155270226187486
-0.0212999941727584 0.000604588716438142 -0.000218773371802046 0.052732811301646
-0.0108046478255067 0.0254806332273341 0.316344869628817 -0.18432259469581
0.013145492648349 0.0186290047834961 0.0293106837181266 -0.488911754181159
0.0201663700452284 -0.0066783842478056 -0.412736421872799 -0.205149112216484
0.000336884546590117 -0.0279637591583971 -0.27803790518159 0.231780044504407
-0.0111239963544719 -0.00688218331048499 0.0370841705073035 0.231080673108776
-0.00350697191772839 0.0171130887251127 0.113171492508287 0.027817182522372
0.00257911841529106 0.0204668192905625 0.0276304164341647 -0.115149476990639
-0.00158073622562749 0.00151613376595184 -0.0217137962406201 0.107831807056215
-0.0118029645548039 -0.00864124864810989 -0.101359023897394 -0.00977968424461964
0.00346906662534738 -0.0145722414393619 -0.028718100568489 -0.212714544408483
0.0245013836731771 -0.00606046456409722 0.248553094650917 -0.18396489241048
0.00867130517313922 0.0229226712186148 0.395229690015871 0.174610606364662
-0.0208044714280584 0.00870476171903553 0.00349958828774157 0.466281107924862
-0.00261222268433368 -0.0155287459158502 -0.29819264732135 0.219955517803153
0.007072912632148 -0.0165763597118322 -0.03495164410379 0.0606475812821221
0.0025988150242647 0.00167740296995992 0.346947058933123 -0.120340842843223
0.00599720881312387 0.00567732544372824 0.193644846585239 -0.490301613831867
0.0234367914309632 -0.00211755117368698 -0.318727426871191 -0.350605476484654
0.0123542027394577 -0.0252234681960531 -0.327455262374416 0.144692495519736
-0.0162401356794189 -0.016845065008174 -0.0190477576385201 0.248840455605142
-0.0147792803242711 0.00346704404835759 0.086917733076827 0.0540217571334654
0.0024075844157353 0.0118637308304607 0.0224274700325546 -0.121216551695433
-0.00500912493353131 0.00206195869781445 -0.0190234926362498 0.107286386810909
-0.0127842175699279 -0.0110310226817493 -0.0975696544258714 -0.0171160519287524
0.00368648532401023 -0.019605360384 -0.0155761285022496 -0.214014800242063
0.0236164009566703 -0.00800577014670801 0.262913287712094 -0.164542625741292
0.00520175724941777 0.0262246955526839 0.382300795691381 0.210273241087518
-0.0232519826973349 0.0093083398863589 -0.0319096039594881 0.469865038824146
9.53653540301819E-05 -0.0163342353279918 -0.309309727537561 0.203557033318579
0.01015725065635 -0.0160831744867022 -0.0248786663254316 0.0570091168875167
0.00406299150791695 0.00202381430170357 0.344059558459982 -0.139594808652462
0.00530988337350156 0.00786968453497179 0.154726437292573 -0.49851953352113
0.0219290356397064 -0.00237778809665627 -0.343667657424026 -0.318883477861488
0.00959903553216046 -0.0292096734044631 -0.315353682932569 0.169681874789767
-0.017012398256111 -0.0202003083568567 -0.0066590338174004 0.248677516786527
-0.0157087738146458 0.00243540302517752 0.0908449460581804 0.047730653964169
-0.000963500015544862 0.0120074924916502 0.0235733829374908 -0.121597679207392
-0.00747440950202218 0.00297459301813677 -0.0169591503227088 0.107223317260266
-0.0119139722433491 -0.0122492419443992 -0.0931066127723778 -0.0238753120048734
0.00470220545197795 -0.0234673044972718 -0.00233689365454035 -0.215541358219705
0.0230311292184337 -0.00957016171968503 0.274850869541721 -0.143407433147586
0.00186927704549108 0.0297322513988644 0.365339130073841 0.241751014292632
-0.0252877491523293 0.0108004186034257 -0.0712542497598057 0.472568449204189
0.000918365163246799 -0.0157339691324188 -0.321860941940968 0.185852158517774
0.00969041268532535 -0.0143532484682411 -0.0156053285869821 0.0542286984466497
0.00297364604266463 0.00542183340466064 0.336792311573277 -0.158373156125103
0.00511188830041675 0.0118176938281089 0.114502204905418 -0.5012787000919
0.0207159725528661 -0.00218386310838312 -0.36961938270879 -0.281875177604956
0.00606471936896539 -0.0322781609386622 -0.302271271193042 0.194229556919146
-0.0182800514216828 -0.0220966073030868 0.00678059377930303 0.24757277176515
-0.0158807922979086 0.00290360881571261 0.0953560150619359 0.041069827572096
-0.00396257535481985 0.0130476379424366 0.0260392648716807 -0.120737293397615
-0.0086964534072498 0.00465498124840912 -0.0154476507912883 0.10733927803673
-0.0105716001043828 -0.0118519181650443 -0.0877264665624893 -0.0293462922375494
0.00674395616276701 -0.0252295034859722 0.00991767111424664 -0.216927264623792
0.0226564301800403 -0.0101177764117871 0.284128612290004 -0.124239105930387
-0.000466406235416432 0.0322300919479005 0.343310194426683 0.27338826132574
-0.0264444062645918 0.0124831092328731 -0.111249034347215 0.473982917275091
-0.000334424181712751 -0.0125669023222778 -0.330977634254728 0.170906772333939
0.00668233507601233 -0.0112715790637608 -0.00728346041258391 0.0520976670009883
0.00124761163543034 0.00919614745245093 0.329233054104227 -0.175084552587262
0.00533435577932761 0.014899800042361 0.0738064893082654 -0.501315451309763
0.0198362982234398 -0.00284247682494576 -0.390925379291234 -0.247173440032223
0.00315341356118171 -0.0343579079760463 -0.289531975321699 0.215906809658759
-0.0183107948167289 -0.0218945156948787 0.0202418312408953 0.244236236171855
-0.0150606953086577 0.00481588862827679 0.101008056963397 0.0347011298963057
-0.00503371429056765 0.014491726174457 0.0271101901591489 -0.120034561749037
-0.0091458214749934 0.00603851321870881 -0.014222569180707 0.108042328023984
-0.00780254989413565 -0.00977071327636133 -0.081948971856544 -0.033526878489995
0.00862139136144175 -0.0236139831464252 0.0204658828312104 -0.218264812411702
0.0218935730769543 -0.0097423596567886 0.289155119427599 -0.107476109403647
-0.00302182959040582 0.033829226409465 0.322994084025308 0.299761663921133
-0.0265690231504076 0.0135287599370782 -0.145715365629381 0.472432026210518
-0.00379100837050076 -0.00938703149524676 -0.338537946292195 0.156941056940018
0.000893683329498185 -0.00805610596527056 -0.000281291655798619 0.0504325100817372
-0.00193238110543803 0.0142927649779777 0.322037007177134 -0.185963205283311
0.00735250654303805 0.0177712690727121 0.0433842183260673 -0.498588919522857
0.0189736043874117 -0.00323292862035457 -0.4044578893184 -0.219030235707052
0.00032606367853345 -0.0340830175361853 -0.277756528134882 0.232648016435091
-0.0178292612047527 -0.0197955423934308 0.0315392637926753 0.241069291257744
-0.0129691139570651 0.00777977588829124 0.105759402790305 0.0297233414023848
-0.0050955188584227 0.0163497102519656 0.028667599394794 -0.119017638114537
-0.00720698756098424 0.00749121262112417 -0.0125336342301849 0.108056124640823
-0.00503147043382918 -0.00679385285144663 -0.0775887612894914 -0.0347452939950115
0.0103970566752126 -0.0201082554160032 0.0278555977246709 -0.219441088641446
0.0206723414325027 -0.00868689332102668 0.291204746024215 -0.0986670511418011
-0.00351311363042976 0.0340237135002597 0.308168150064198 0.314257227676848
-0.0259168402830976 0.0152046556734194 -0.1668580704337 0.472469324615257
-0.00853621346711237 -0.00570066098415695 -0.342622246642939 0.14943219136512
-0.00657875672753501 -0.00405477861904618 0.00385641510085564 0.0501185774971216
-0.00441744947955619 0.0189883457767245 0.316603092001792 -0.193330336162212
0.00931257817679536 0.0192431693244732 0.0217720353287578 -0.495450986462038
0.0185672941392869 -0.00474953341266216 -0.414277814301262 -0.199406594778309
-0.00102189312600032 -0.0336066873715436 -0.271748473794918 0.241168400235364
-0.0158595020328087 -0.0163507773892313 0.0390631248661039 0.236795740614704
-0.00997186238070231 0.0111337688621083 0.110661821860312 0.0262300147006821
-0.00354684145433745 0.0177647386462788 0.0284026640239703 -0.11698971062195
-0.00496881861146264 0.00888357679626073 -0.0136040228073826 0.109334088838853
-0.00241042681451047 -0.00238499295827765 -0.0749740313433785 -0.0342681655741286
0.0108408512388333 -0.0139647043499176 0.0302341723329898 -0.221838627558838
0.0203762252622065 -0.00650901085887676 0.289205009972962 -0.0988484316627901
-0.00273673027923314 0.032861511334085 0.301853892655557 0.318970887627248
-0.0251532795800046 0.0165826689924417 -0.173361159270684 0.474905279249076
-0.0141440276644371 -0.00242653237795295 -0.343445235590413 0.148847569300627
-0.0141349441179178 -0.00180751063580909 0.00346666225773884 0.050781483801568
-0.00809209537224865 0.0230963702325979 0.315037134707328 -0.192297879162087
0.0114138306188785 0.0198849336666279 0.0178041796355597 -0.492224961984778
0.019145990107141 -0.00520925309702746 -0.416574738092899 -0.196143061086978
-0.000907932156229798 -0.0311302355198853 -0.271850571994356 0.241199244169555
-0.0135392537221673 -0.0118629076586331 0.0412401346978001 0.233645917031396
-0.00636842773907943 0.0140853430681463 0.112951979305585 0.0254901375173555
-0.000479154880395195 0.0192776475915342 0.0286636458209566 -0.116804809919406
-0.00181387499168303 0.00956864715623565 -0.0138343251587715 0.109793000658368
-0.0001337890886963 0.00216290379639115 -0.0741815797857606 -0.0308389669767897
0.0117294298109287 -0.00818203557969259 0.0258888570316894 -0.223969401082796
0.0202350584547004 -0.0039410919851828 0.285093658124482 -0.108063134293503
-0.000751291484832835 0.0309656836308986 0.30789779930514 0.310568995661239
-0.0225099478553046 0.0166731111029803 -0.162816513870527 0.479655285959442
-0.019111687590553 0.000757777696241222 -0.341663158327486 0.15588633339012
-0.0215577344690943 0.00049801702462147 0.000335084219465298 0.0528544375152028
-0.0108387135341334 0.0251355459359083 0.316995443993565 -0.184807395457551
0.0131802075325278 0.0189134021795448 0.0291387134621078 -0.491613418549388
0.0200922690060493 -0.00716841966996116 -0.41528633000203 -0.206166544730629
0.000334307098293905 -0.0279711957985804 -0.278297502613713 0.234128357829217
-0.011380583294747 -0.00678794409356941 0.0378569421301641 0.232233465957138
-0.00261931999313571 0.0176041466441563 0.114464371726304 0.0270090506487688
0.00270854131519616 0.020216568368052 0.0271285514637221 -0.116055253510904
-0.00176736336322503 0.00136372202556511 -0.0212198457935069 0.10832601265315
-0.012093796777418 -0.0084817514202218 -0.101751699211996 -0.00957636584740869
0.00329038440524505 -0.0152975664539582 -0.0305937168098558 -0.213909420071215
0.0253602198696606 -0.00606993046652042 0.249529512481721 -0.186887922647365
0.00912969469863572 0.0236436664786654 0.398426840161337 0.173711911967281
-0.02057242119448 0.0085854759471558 0.00549604906619876 0.46979553851463
-0.00276051602241085 -0.0163539958768941 -0.29909736842321 0.22195654699285
0.00632097558473636 -0.0165197943167506 -0.0344922730249984 0.0611828050484508
0.00271223123063164 0.00163504704293458 0.349009554947497 -0.121818414601758
0.00606399784442072 0.00590045670052861 0.194233950822018 -0.493816522380529
0.0234745982771676 -0.00221635202144597 -0.321973188913461 -0.351601775445209
0.0124828768832344 -0.0255099942476874 -0.328240978923786 0.147074136502179
-0.0164118258565553 -0.0169607352510944 -0.0178526834183014 0.250223375410274
-0.0144752836572874 0.00343425537498185 0.0878419147121802 0.0546012237340481
0.00256129917838646 0.0118269942831098 0.0218632123146569 -0.121907546256651
-0.00498593369584584 0.00152752407962565 -0.0186600449252163 0.108191692569614
-0.0130917263416899 -0.0106599209364444 -0.0986865036354388 -0.0168025081523008
0.00341354189230916 -0.0199925170501231 -0.016814419965576 -0.215258201106525
0.0235660876304422 -0.00773996518706024 0.264437708326526 -0.167759749660515
0.00510288208671205 0.0270951998806831 0.384630639189408 0.208773571217888
-0.0230798128053026 0.00949675905165121 -0.0303841395183504 0.472585285361357
0.000525890050724337 -0.0168423295842017 -0.310440605564274 0.206489342224868
0.0103240532876477 -0.0160977473164765 -0.0247352140635652 0.0571067031391386
0.00428066310152118 0.00218651428287988 0.344975987348684 -0.14185692015051
0.00519365911056883 0.00790252916425087 0.154798548134181 -0.501289581833217
0.0218223723675486 -0.00217205477216906 -0.347074114256954 -0.318516802215635
0.00967133141725146 -0.0295101336966777 -0.316599079478445 0.17241714030012
-0.0178495037764969 -0.0201839388030484 -0.0054478257307712 0.250654985593157
-0.0155129083621569 0.0025643341115557 0.0913760118467471 0.0478244291533963
-0.000340931956514186 0.0121169577319926 0.0234650862185431 -0.122049465231838
-0.00754851796040675 0.00252475009690847 -0.0168333892717003 0.107931758601908
-0.012750991307766 -0.01183976504556 -0.0941985079506181 -0.0234330414603268
0.00461574380481265 -0.0235167848205065 -0.00350820661139629 -0.21709607025875
0.0230956105047949 -0.00958399860446284 0.275899715499467 -0.146551869591191
0.00181520855574486 0.0299574697312511 0.368336069799835 0.241604205693209
-0.0252843732665115 0.0109857949610556 -0.0707089212910052 0.476377630336467
0.000958917770781715 -0.0159123474341191 -0.321992218845976 0.188501921544246
0.0100598933571054 -0.0143686397192027 -0.015327618660683 0.0543586281924899
0.00310136258684809 0.0046549272019232 0.337787601659763 -0.160212939080415
0.00469366744955559 0.0117828663586086 0.114104303473645 -0.505543714579223
0.0206988733729914 -0.00212436875259747 -0.372367125048509 -0.281961781222838
0.00592556083537046 -0.0325948222771966 -0.303473854245918 0.197433895002918
-0.0185558182355375 -0.0222868928390025 0.00833186377283779 0.24951962056268
-0.0157461655435307 0.00310315447735059 0.0963331812395043 0.0410508341755059
-0.00332658317092921 0.0131450518038402 0.0257157731586221 -0.121666289627368
-0.00899017964860892 0.00382012584247307 -0.0146154486513169 0.107987201215116
-0.0106857815129166 -0.0115085020444063 -0.0883495562584808 -0.0291154975860234
0.00625337168226954 -0.0253557310770263 0.00946829670549882 -0.218742858882655
0.0226059122536801 -0.0102298789604661 0.285106457307736 -0.127356463119447
-0.000167361030037042 0.0329603662211389 0.346206721202835 0.272950792883743
-0.0266190131252927 0.012348822062191 -0.110468269806859 0.47830742991306
-0.000725951980781481 -0.0132301627668306 -0.33179335674338 0.17292664392922
0.00665971876579677 -0.0114441681402653 -0.0067600457415673 0.0525323965372793
0.00107975307669918 0.00892990530642209 0.330149023725797 -0.176856115297833
0.00581072990579574 0.0147452375931329 0.0728033885198599 -0.504876756942206
0.0200168937921752 -0.00255898012301282 -0.394238731507416 -0.246898755308904
0.00265498278170732 -0.0346920555711514 -0.290390868238598 0.219067113265063
-0.0190082260931725 -0.0220405404198615 0.0218686334940184 0.24627980985108
-0.0145355037582693 0.00487310378428076 0.101406686401783 0.0343688973569574
-0.00459694789663937 0.0141080432563764 0.0264376213405897 -0.120930922686425
-0.00895975263335904 0.00537836953129538 -0.0140163887737905 0.108446826117212
-0.0082310175773067 -0.0098996677909938 -0.082267870378746 -0.0330070573001014
0.00843444041772396 -0.0237167966774795 0.0201734094349743 -0.220213869770061
0.0217060078602756 -0.0101268306126487 0.290880346778452 -0.110406938558595
-0.00255314976724931 0.0343732430956097 0.324407136902037 0.299606246013957
-0.0269242538535701 0.0136934079651927 -0.146612362760614 0.476457652736968
-0.00348798535729069 -0.0100660948502555 -0.34020690179128 0.158652631513873
0.000919882131794758 -0.00796189937379754 6.71203706654459E-05 0.0509479012206308
-0.00127209174132153 0.0138228114047062 0.323283770894382 -0.187724004445902
0.0073844866535487 0.0173415039249102 0.0406077813738361 -0.50147029488362
0.0192133344788175 -0.00370083757130809 -0.40714933817241 -0.216832289018331
0.000329272023522933 -0.0346959860819169 -0.279040749089863 0.234326750431192
-0.0178286295626096 -0.0194953227563329 0.0337205418647169 0.241500702657812
-0.012488809216971 0.00822881838724815 0.106691308881937 0.0287343386908156
-0.00491443316677877 0.0160775595191913 0.0287204408293072 -0.119542370245024
-0.00724385632025896 0.00728866618460863 -0.0122161238775673 0.109179215885516
-0.00532337557387545 -0.00578647674274381 -0.0780640499638009 -0.0348150481648545
0.010068129603975 -0.0203549896664566 0.0269875225153201 -0.221620095319299
0.0206892381809425 -0.00835015143198442 0.29299917426887 -0.101229985608787
-0.00342734235389579 0.0349662484235248 0.311170010307452 0.315772084626584
-0.0264862281898859 0.0151283152504023 -0.166652980478932 0.476280288002766
-0.00888885481504961 -0.00605320433396343 -0.34403556110059 0.152356731954511
-0.00644065228234575 -0.00422260716484165 0.00405121485759333 0.0502060340344338
-0.00435117106905551 0.0187968343171949 0.318366080839108 -0.194638451239655
0.00947883106197324 0.0193376023147288 0.0203849249417823 -0.497484932718701
0.0192179182597269 -0.00465636652142884 -0.416294700606517 -0.199420004736026
-0.0010891617040116 -0.0334759796863538 -0.271938535913765 0.243980726627072
-0.016174885990373 -0.0165966243265826 0.0409826715307511 0.238295372388542
-0.00958881625241213 0.0112798329513566 0.111174950475257 0.0257380819047363
-0.00337874915856957 0.0178604743077493 0.0283363750298469 -0.118462895197944
-0.00539740625490343 0.00833787484214826 -0.0132192595410386 0.109982728032441
-0.00279194432599141 -0.00207364026127191 -0.0751979155376526 -0.0341963267027782
0.0110348066374879 -0.0149596760626178 0.0289879267843416 -0.223663801302954
0.0202542561249697 -0.00631740318271333 0.291002796009787 -0.101234420282059
-0.00264888827144646 0.0337134563330354 0.304138077586685 0.319600448821528
-0.0249912854665143 0.0164945926924826 -0.173270451974067 0.477994860218044
-0.0140733409411616 -0.00217081029074889 -0.345374114875347 0.150586945318958
-0.0143668712179692 -0.0013950063165211 0.00379216407226767 0.0512572896399499
-0.007498941588196 0.0228802333683252 0.31599297144807 -0.193964764581934
0.0117551241361632 0.0194857200778659 0.0154601270098686 -0.494147260015215
0.0193776796025103 -0.00572711979604824 -0.419913482948079 -0.196083646261918
-0.00171789870056734 -0.0312233260324876 -0.271177991367224 0.244682779327626
-0.0137638003944921 -0.0116142100502543 0.0424616757172338 0.23490483235889
-0.00605556609663973 0.0147325978635603 0.114318767518769 0.0250120557899985
-0.000288263405534395 0.0196627896565989 0.0284586015500002 -0.117257427663483
-0.00179009239660489 0.00927606666924688 -0.0136016796794117 0.11054553697327
-0.000104276251239326 0.00208597629944586 -0.0748039047535211 -0.0306246151635348
0.011788480605213 -0.00832829771244842 0.0251491232057058 -0.226191174863004
0.0203402083892004 -0.00387760171699587 0.286727030047774 -0.111032946307625
-0.000436496031318987 0.0313707686283706 0.311778138070471 0.311093082095021
-0.0226018466934805 0.0168151125091716 -0.162616785101979 0.482867547859221
-0.0190029422138839 0.000715207887627516 -0.343592138491565 0.158297369706246
-0.0214094534668718 0.000550702143633413 5.32447876091567E-05 0.0528860476982854
-0.0105406131527081 0.0254435125209265 0.318746191332186 -0.187205868517076
0.0133176349380752 0.0188218774193402 0.0276056764481646 -0.494389506335258
0.0203089426017247 -0.00725257135763928 -0.418930976555205 -0.205250697282407
0.000173961347787572 -0.0279799158331267 -0.278243872446254 0.237325441446576
-0.0112066387374708 -0.00669372926824776 0.0391886672986815 0.233555193136426
-0.00239404672410581 0.0176107547982904 0.11506587293114 0.0270388612270257
0.00306767764678779 0.0204466780716391 0.0271794459026212 -0.116793804324785
-0.0015956434837281 0.000835702512758682 -0.0205435853508533 0.109487849793019
-0.0127182874142321 -0.00835426595305619 -0.102891423221647 -0.00888559550871012
0.00328691436308689 -0.015338661322317 -0.032131058623822 -0.215559978036695
0.0248826811693776 -0.00645888861645569 0.249915160128186 -0.191671508818246
0.00929800286489299 0.0243613583518208 0.402624537112434 0.17181373256973
-0.020985741837886 0.00839252241650871 0.00745396292164347 0.472298846994698
-0.00256120488250652 -0.0166666745705797 -0.300487426960892 0.225473778430252
0.00672242257476145 -0.0167150246801345 -0.0344984768665623 0.0614131230672499
0.00291589986744023 0.00113515397413251 0.349740851092971 -0.123989926113751
0.0059421655754274 0.00574786809907483 0.193095939726877 -0.497224997903656
0.0234848378339718 -0.00262174773882378 -0.32546818885464 -0.351879654612391
0.012105392209358 -0.0254230825270184 -0.328780611694782 0.150250001849243
-0.0166673650755001 -0.0166786322743315 -0.0158193507924597 0.252782447054363
-0.0145744369132634 0.00369592087568534 0.0885390805437903 0.0544953879189694
0.0033857930316011 0.0118107209727302 0.0213823070114229 -0.12287839248358
-0.0050738285617627 0.00116130258228362 -0.0183909006237763 0.109077776412511
-0.0134267556133183 -0.0106523671900042 -0.0990970137752046 -0.016150511848839
0.00306619688747644 -0.0202296670417074 -0.0182377952574166 -0.217254341368819
0.0236785095248229 -0.00876287919820762 0.265063552114756 -0.171037774497445
0.0061124617140526 0.0274089808590279 0.387074552300242 0.207312775267533
-0.0231442933407948 0.00947675834241133 -0.0281153551284243 0.477642757833953
0.000232154720280894 -0.0177423103072554 -0.311579331345588 0.208335730565329
0.0100954622395297 -0.0164489234391692 -0.0240610815076713 0.0581268026589219
0.0039618179851188 0.00193153214895203 0.346030676207878 -0.143343980002662
0.00515184647566536 0.0078031310551821 0.152719469501481 -0.50610489851999
0.0219775133353909 -0.00244503106704219 -0.351927441058414 -0.319940125668733
0.00928818971746814 -0.0295537335339846 -0.316902876124428 0.175723966369171
-0.0174674834971407 -0.020154017077924 -0.00329540767385951 0.251986188326955
-0.0156025109338684 0.0025738069530821 0.0926904438188727 0.0477513373340152
-0.000389272976742089 0.0118088388908704 0.0224655507346651 -0.123042091346746
-0.00768695967416505 0.00260895224647227 -0.016550540522098 0.108396389336205
-0.0130779662311049 -0.0120944179071475 -0.0942436743512173 -0.0230112775986226
0.00430206131397946 -0.0242989959145724 -0.00483478141120315 -0.219116951124339
0.0232572200609069 -0.0100567583913685 0.276980332383132 -0.150532797673252
0.00276172331638576 0.0306537937294856 0.371316254043228 0.241209571813545
-0.0255180281025071 0.0108093973548771 -0.0681013039339746 0.479344736047382
0.000813058541031879 -0.0160381904395346 -0.323048564657038 0.191423998974554
0.00977448324807815 -0.0147633232715246 -0.0148191093926799 0.0554859894859589
0.00269171850291057 0.00486273030223977 0.339578144100313 -0.162142964215557
0.00508072367348482 0.0114152021123861 0.111823607444941 -0.508795479050229
0.020739456236554 -0.0023558464042902 -0.375247537427174 -0.280797953089588
0.00550892196470001 -0.0326803004036569 -0.303382719247791 0.200424589356578
-0.0189863346977753 -0.0222248429351824 0.0102749881348702 0.251376885222027
-0.0152042212489687 0.00307241907669599 0.0969412747327321 0.0410184029287989
-0.00321137616563201 0.0130602466081463 0.0248952691590013 -0.122538595502171
-0.00899879223750929 0.00373841401395796 -0.0135344374886044 0.108694045139089
-0.0108580278612016 -0.0115948402154579 -0.0885309338258403 -0.029048502572378
0.00625193618449193 -0.0260291699861559 0.0077392847451915 -0.220201751204448
0.0224665156416988 -0.0104705508714465 0.286767884377503 -0.130765422799341
-0.000443236999842628 0.0333310917157995 0.350233182878251 0.270949859748445
-0.0269926479907043 0.0126076694618157 -0.109490672364477 0.481365991740534
-0.000186576428658958 -0.0136694478449551 -0.334104561108363 0.175134106390744
0.00678547454691582 -0.0112479409670092 -0.0064442181106331 0.0524594105070274
0.00100439874683096 0.00922632111580786 0.330894632199831 -0.17984946844476
0.00554151733348522 0.0151851924064601 0.0710365455489927 -0.508544070798977
0.0197816747597959 -0.00291987274060005 -0.397024761966449 -0.246570501086267
0.00248633589442538 -0.0342775521109788 -0.290068136493302 0.221965689420298
-0.019162767629126 -0.0218247815074286 0.0234701528032828 0.247777174856647
-0.0143076939459852 0.00531682496541485 0.102812672417262 0.0341066095340789
-0.00426264832476238 0.0142297866632797 0.025625389237113 -0.121817275568271
-0.00895257931861747 0.00536388140047125 -0.0130139954346278 0.109124512941154
-0.00842463475937046 -0.00962653415908275 -0.0830274742006369 -0.0331097478854769
0.00813769052576886 -0.0240001163910738 0.0188112938459908 -0.222421211355789
0.0220668551522082 -0.0104754890015214 0.292185581411558 -0.11377351349735
-0.00206219496407531 0.0350095316145131 0.328405661218666 0.299033416737536
-0.0269538664061492 0.0139892126633386 -0.144744267838035 0.479882268447927
-0.00344190605919657 -0.010015297388307 -0.341513401701087 0.161939161107612
0.00107745424865929 -0.00796966974657862 0.000289089268083795 0.0511044937180682
-0.00144670403495543 0.0137529155216791 0.324016823784901 -0.190190788250593
0.00694546065009922 0.0179684455592531 0.0393591456432773 -0.505990948594034
0.0191518626025103 -0.00389385452181722 -0.410574445995648 -0.217056936846576
-0.000333924781925904 -0.0345458133754751 -0.278492116502383 0.238098677377164
-0.0181009833257897 -0.0200066229840456 0.0347932211879369 0.243839987472861
-0.0121726265289224 0.00857953831231185 0.107845200400701 0.0280612036065517
-0.00452465026827881 0.0163578387452281 0.0277724023082021 -0.120547441076974
-0.00779658939855806 0.00723938748402468 -0.011167606394162 0.109588758243278
-0.00564800462186579 -0.00608128971785216 -0.0784033782490823 -0.0341849483218339
0.0095760718878013 -0.0208221351310392 0.0253717032309072 -0.223721575183796
0.0211595139050598 -0.00859522287058124 0.294496119718535 -0.10472315481196
-0.00278639117619628 0.0356508500073773 0.313918655948131 0.314808353387199
-0.0265871620305676 0.0148622738555426 -0.165390787589653 0.482612585644906
-0.00885791029304927 -0.00636002087570476 -0.345611574824478 0.153578980681346
-0.00644499853131613 -0.00430372776756008 0.00443354151360414 0.0507356436019711
-0.00461343950910887 0.0186808088371337 0.319010612039662 -0.197073361508936
0.0093540808108409 0.019583296945959 0.0190425836652086 -0.501437033501356
0.0191694993239077 -0.00488449306390096 -0.420193133064759 -0.198821776553042
-0.00139801675523686 -0.033400422288058 -0.272151099872939 0.247180419575269
-0.0166438823335665 -0.0161608887578293 0.0427150330134716 0.239611102004564
-0.00921708172140699 0.0113685746534518 0.112059756198185 0.0250499146299711
-0.00292532246171998 0.017894153752777 0.0275104510479725 -0.119384497737034
-0.00559780138980536 0.00835731886415474 -0.0116966118007244 0.11022185259328
-0.00289753635899504 -0.00233678023288871 -0.0757186227333005 -0.0338092050010309
0.0109032418378657 -0.0154890354894465 0.02760016353109 -0.22551988792027
0.0207541589727508 -0.00670268928969626 0.29176043530092 -0.104820780635319
-0.00193004710308226 0.0345046016939793 0.309838006391116 0.319178340909773
-0.0248931428023855 0.0162719364881456 -0.172237589168049 0.482889889095374
-0.0143700995771148 -0.00266128402758895 -0.346920362783722 0.152240264144759
-0.0140570887328241 -0.00100479231939032 0.00474150987413451 0.0513596868918822
-0.00768209353091808 0.0225527374964123 0.316527030563871 -0.195966580567091
0.0117209760828829 0.0198833119561086 0.0142257211199635 -0.498106596474941
0.0196822466879684 -0.0060499633171242 -0.423807022733192 -0.193765913979693
-0.00156763288146534 -0.0314830499519857 -0.271508210936431 0.247284246697176
-0.014174862125114 -0.0114146670025679 0.0451229841666697 0.236828496939657
-0.00531093078323659 0.0149598873633546 0.114784910361527 0.0243876406000415
0.000158897533042844 0.0194576315186301 0.0279229894734169 -0.118448091651713
-0.0021063102020733 0.00909397545338265 -0.0125846700721064 0.110545382297315
-0.000253382522100399 0.00213973186474652 -0.0754160804602809 -0.0302930234750401
0.0116610563946125 -0.00821044976167121 0.0234906180730175 -0.22875100829677
0.0202588144172929 -0.00387760911078228 0.288317393090084 -0.114044690390309
0.000413185965928844 0.0324586053849517 0.31420819974868 0.31005743783983
-0.0228475513530455 0.0163846068165417 -0.162272892998669 0.487486062267621
-0.0190800876218162 0.000755518940606804 -0.344901682303075 0.160258790970568
-0.0216386228079965 0.000905950879903798 0.00127119034502286 0.0531972749511553
-0.0108485492304226 0.0253340285515533 0.319078145404054 -0.18960900440222
0.0134945819155878 0.0184858669234848 0.0245030535495232 -0.497535269199243
0.0202168093195923 -0.00722811347524592 -0.421545538116243 -0.205368126765944
-0.000311458340582678 -0.0278770927674236 -0.277963591993108 0.24042791624542
-0.0114061024081775 -0.00631405941864564 0.042039034845549 0.235332409012958
-0.00204598099519547 0.0178958054377634 0.116084451999846 0.0263594207818838
0.00363203118864637 0.0206546023009607 0.0265888877646058 -0.117867636117704
-0.00154652065760318 0.000398041117463258 -0.0193625553430017 0.110323710580453
-0.0123142233688944 -0.00835293993418986 -0.103781799611245 -0.00808635057928445
0.00316600522537224 -0.0157638215535783 -0.0343576691975763 -0.216820982171972
0.0251151154652277 -0.00701050209619888 0.249736187292569 -0.194765211143796
0.00964736216926956 0.0244802878191171 0.405467107238267 0.169275396021327
-0.0210675303789243 0.00842833943308982 0.0118976137568527 0.476215163121114
-0.00275760734165716 -0.0170681793979456 -0.301677544890508 0.227870952852969
0.00668128422110451 -0.0171484843104669 -0.0340502097815862 0.0621603844122368
0.00260092587803832 0.00126814748864448 0.351719941029887 -0.126547827346524
0.00605693638895244 0.00583651996518351 0.192000009842338 -0.502539974656816
0.0234694429476322 -0.00279754356665403 -0.331240091923836 -0.352974395533226
0.0123841109399263 -0.025865511716827 -0.330130711812857 0.154198926058818
-0.0166065756535596 -0.0167219544868242 -0.0138088999995136 0.254656330982664
-0.013687002033894 0.00363786087127969 0.0899162712489722 0.05404204611983
0.00321593355978456 0.0117922774365869 0.0206357615185263 -0.123271510100122
-0.00512920848984535 0.00102539310525206 -0.0175283683869573 0.109510032500566
-0.0135653263218011 -0.0108015317462337 -0.099241406799823 -0.0160012813451639
0.00307039891890125 -0.0210023901251428 -0.0206457767118508 -0.219202011493224
0.0235193732448726 -0.00839608671843406 0.265673434393285 -0.175074439038887
0.00621306052881278 0.0284174761139416 0.392567069534201 0.204369519286274
-0.0236714519859025 0.0095837917719938 -0.0263203843715727 0.480363628500043
0.000392038533060085 -0.0178569055092081 -0.311980673364114 0.211679188663564
0.0106294774466311 -0.016114252274274 -0.0233771876426657 0.0587667999391493
0.0042395556248973 0.00203685906062023 0.347303075710963 -0.146911860932809
0.00499065062851916 0.00785787442727288 0.150870805300353 -0.511506307593923
0.0219903473065539 -0.00298476919487545 -0.356802096114398 -0.319784928798755
0.00927969776551998 -0.0297038079348838 -0.317649930104443 0.179375388547733
-0.0180258668249048 -0.0200474594412333 -0.00111518044835265 0.254309539929197
-0.015583470420919 0.00304946188142173 0.0935529087148933 0.0473638008234767
7.86554687738604E-05 0.0119779235922458 0.0219409720031841 -0.12402476949911
-0.00797444021839845 0.00164412048286086 -0.015510925425336 0.10979561480763
-0.0130516922551735 -0.0117381281097694 -0.0949088443540709 -0.0227647401903673
0.0037811250300867 -0.0246101415029946 -0.0068871787658192 -0.22131076984275
0.0229412192720177 -0.0105707121316582 0.278059089623088 -0.154598435080041
0.00308303029970156 0.0317152516462454 0.375653386087481 0.239042003344608
-0.0255177346128973 0.0105744781860159 -0.0660083025376867 0.483991044668478
0.000471431916644579 -0.0165722882349484 -0.323876708234827 0.195722853314251
0.010418928647621 -0.0144783610313943 -0.0144160604990448 0.0556773756763559
0.00306394233373638 0.0046389894262192 0.340498302400093 -0.165267547573328
0.00461359410283622 0.0117877952212153 0.108978591924323 -0.513484415772266
0.0208851311467832 -0.00285095638457991 -0.380808027790358 -0.28083401074732
0.00550396133303259 -0.0322989783102834 -0.303356159710193 0.20471552435087
-0.0191601160214179 -0.02220820060672 0.012838985651676 0.252972608800561
-0.0155845571671886 0.0031891045529221 0.0985188652902987 0.0406642244869613
-0.00273185626893876 0.0129538253771186 0.0241879380546885 -0.123748551998293
-0.00900953464569131 0.00338767525661952 -0.0128211337003794 0.109079261361221
-0.0115432591174712 -0.011282858232732 -0.0892492226715054 -0.0279804849551689
0.00570293704871966 -0.0261710562756334 0.00648799667349082 -0.222169175760211
0.0225817290729074 -0.0107369105667257 0.287986670929296 -0.13447515484548
0.000563766558311218 0.0341834167853828 0.353708501220195 0.271345446889561
-0.026498382937418 0.0125248771607433 -0.106553235150846 0.485166060164385
-0.00031752387670876 -0.0135542452800242 -0.33407121074558 0.178422491949328
0.00678451610589382 -0.0116685318799743 -0.0056593617952847 0.0531467431144813
0.00126129872962677 0.00862896467744492 0.332147960732355 -0.181744554549991
0.00578236752397962 0.0152822760532338 0.067598266146406 -0.513527589509061
0.0198774981687312 -0.0031654383863728 -0.401240114086272 -0.244563226519823
0.00193840467396149 -0.0346395132810992 -0.290070312119062 0.225891691320468
-0.019355644938559 -0.0214499788453437 0.0261888186313741 0.249585816588011
-0.0142652247368335 0.00579493170786817 0.103605616300086 0.0333283809448854
-0.0038359559954353 0.0145827751070926 0.0255282935751852 -0.123134109718901
-0.00924580528478001 0.00487049131080282 -0.0114322593471 0.109794748088518
-0.00908573419958164 -0.00942525220102897 -0.0837213589694999 -0.0323853250530157
0.00802407775457528 -0.0250488289331305 0.0168632563461127 -0.223646088695139
0.0220598987990966 -0.010851959134739 0.294010129793922 -0.117538602948025
-0.0017296613874376 0.0355089515891366 0.33170761744869 0.297893376555695
-0.0275922204357946 0.013989405796486 -0.142203058220557 0.483957615210476
-0.00371950661648114 -0.0105333345098629 -0.340708373483704 0.164228402662837
0.00150969162963305 -0.00796437316543464 0.00123613200792695 0.0511675158767823
-0.000836205419967434 0.0134693104799414 0.324913076428386 -0.193865778333868
0.00771065290950421 0.0179084403926753 0.0356466427243308 -0.508812386429606
0.0195585690742217 -0.00416197304439978 -0.416084357350462 -0.21637611566954
-0.000338860515731174 -0.0345440475643468 -0.278383444108227 0.241905104643745
-0.0184822304245275 -0.019702168049745 0.0378080995748168 0.245098226901568
-0.0121228022207204 0.0085929180484195 0.109460479275745 0.0275401007383843
-0.00426594718958794 0.0159794008495446 0.0270529812181371 -0.122004776114881
-0.00770892515118742 0.00635234716047943 -0.0103664869000835 0.11058407739226
-0.00567926195234887 -0.00608729020704676 -0.078862106641569 -0.0340956010100683
0.0094711526055008 -0.0210177104209255 0.023572421654548 -0.225627060958004
0.0208027776506353 -0.00865780811303665 0.295996468777993 -0.108739993479264
-0.00257689340557932 0.0362163532810455 0.319962398944132 0.314565699183192
-0.0267400233754242 0.0151016593393567 -0.162419135256427 0.486221291471971
-0.00877715152455614 -0.00647464285617871 -0.346619207118917 0.157570590736386
-0.00621731356348818 -0.0043392277169101 0.00472457322538413 0.0506808490131041
-0.00410160814973929 0.0185218304147886 0.319522617543924 -0.200397117663888
0.00965865130365617 0.0196193295789865 0.0146600401017241 -0.505033829348577
0.0188723218273462 -0.00533148205153414 -0.424539327596754 -0.195872438855513
-0.00212691097837236 -0.033476999441976 -0.271948569754156 0.251515549611321
-0.0166933743262674 -0.0157285622685097 0.0454102316735663 0.241057688991093
-0.00868400989102499 0.0116451220402643 0.113305891332742 0.0242531405213799
-0.00219476711706579 0.0177509309544395 0.027187687544033 -0.120518285676009
-0.00547194422329427 0.00830511673115786 -0.0110563569142517 0.111304550669931
-0.00306717468693577 -0.00164595616294846 -0.0767945805133212 -0.0332108427968292
0.0107205719408181 -0.0157435396872416 0.0255242225750479 -0.227790815470637
0.0205079036851299 -0.00720679114077587 0.294247716770037 -0.108882776521665
-0.0013710370170771 0.0350211777559177 0.312533915235235 0.319130636259094
-0.0253526505938604 0.0164220931740698 -0.170259827834323 0.488086931827456
-0.0142474203387879 -0.00301323493302541 -0.347411176399194 0.156400358198479
-0.0137881081069165 -0.00117372607078185 0.00532768350309013 0.0512258937990099
-0.00722501988381287 0.0228218616266242 0.317830313246532 -0.198877171536878
0.0117762376897137 0.0196372548165412 0.0106504427830535 -0.501431411753673
0.0192824280702383 -0.00601734005401053 -0.427359442656118 -0.191886437395051
-0.00181518121576566 -0.0314577184236327 -0.2712275408514 0.251680415274349
-0.0142519781520311 -0.0113479967340003 0.0473257375207796 0.238081040623958
-0.00532999065888014 0.0149940093280124 0.116087204934138 0.0232880432491967
6.66535784082803E-05 0.0194200745375107 0.0276128211049998 -0.118982804857608
-0.00200949277692709 0.00881231783008425 -0.0112301815184065 0.111975734831205
-0.000368487901421799 0.00214716458407202 -0.0761895441036677 -0.0299581922365241
0.0111305545543459 -0.00864086319196946 0.0216376974862427 -0.230578060941174
0.0203182095742751 -0.00410124272902209 0.28916711232616 -0.1180219998451
0.000820488960920487 0.0332341907734541 0.318583699233185 0.310243259993056
-0.0227275782035834 0.0170719443819856 -0.158009787343265 0.49224769433126
-0.0190632009114194 0.000864012146975679 -0.346356656502483 0.164202696696235
-0.0213147427237346 0.00118684842942109 0.0013903709722888 0.0538048764048705
-0.0105532513109342 0.0248649915746847 0.320497631760778 -0.1928354934999
0.0133288838520394 0.0188863720593594 0.0224964053723319 -0.501643055061877
0.020360871505227 -0.0077596963666772 -0.426971322556249 -0.202860777492939
-0.000837315162876463 -0.028018677088245 -0.278334627410468 0.244858418204392
-0.0117585721653257 -0.00621505638921452 0.0444895496983181 0.236408517872091
-0.00175021105764051 0.0178172949637973 0.117091508337041 0.0257964251077745
0.00393731718300781 0.0203659115155375 0.0263638327230737 -0.118845811710962
-0.00165098555434983 0.000225909223476851 -0.0186905324165642 0.11100866061774
-0.0127614169376334 -0.00825038585316547 -0.103598607445736 -0.00716013251642208
0.00241401369922649 -0.0163527328619933 -0.0369379764837832 -0.218341670880467
0.0251352526289658 -0.0068785317785386 0.249548817884947 -0.19963207511461
0.0103777862510133 0.0249684083535911 0.408303158558618 0.16642843091679
-0.0210011229015011 0.00855616335318089 0.0145409225266536 0.479468308577296
-0.0025361627383631 -0.0172477463710395 -0.300353670938849 0.232937756462964
0.00700819573301499 -0.0171972390362105 -0.0331688775521377 0.062303058211011
0.00286826553348277 0.000799655658889811 0.352000153143593 -0.130035623598183
0.00575039128211396 0.00563707102294974 0.188627780554222 -0.506950855057983
0.0237290541475753 -0.00297905243219367 -0.336564915598311 -0.351127698994425
0.0117755700588355 -0.0260399911378639 -0.330025228585328 0.158489308270879
-0.016863968127562 -0.0166117285042443 -0.0111876356651922 0.256737112859487
-0.0137058224775452 0.00401922121600829 0.0912121657789306 0.0536925885973959
0.00408465081460253 0.0120632102923994 0.0197274696167167 -0.124928476029106
-0.00539709718574133 0.000607133305510837 -0.0159248588984648 0.11048082226664
-0.013696045962761 -0.010406954021361 -0.10076456253951 -0.0150261008584474
0.00255158171214609 -0.02151035081591 -0.0232385198640482 -0.220339020029667
0.0242741926275394 -0.00883860654861509 0.26567811196886 -0.17942698487811
0.00676710265158828 0.0288134570058554 0.39668631542746 0.20127944456204
-0.0238530187089614 0.00986367031995254 -0.0215655465510354 0.483435135299513
3.39605071741755E-05 -0.0183113161212129 -0.312130488254433 0.215945012935177
0.0104301385277425 -0.0167805740502124 -0.022917097036404 0.058865558775093
0.00448619223266642 0.00139111350585299 0.347588284533418 -0.149889955516681
0.00514862624072083 0.00826285311266217 0.148263137313586 -0.515746178960961
0.0219090385077311 -0.00265615856635277 -0.359507599672757 -0.317445767226343
0.00849687342296334 -0.029892685239122 -0.317431818215733 0.18437322376139
-0.0185597383719577 -0.0205016180572043 0.00209568246262763 0.256624187829354
-0.0147382533863132 0.00291706649124264 0.09473147785245 0.0468942449008694
0.00047237681239607 0.0120864281770617 0.0208030655672548 -0.124908541423072
-0.00773176302838491 0.0014106405009735 -0.0139107680367367 0.110568331551086
-0.0135311361776548 -0.0113987633469316 -0.0958688791002475 -0.0219621914761639
0.00310154035124665 -0.0253009949856794 -0.00954897816654766 -0.222702133050959
0.0227402827404816 -0.0109096274358605 0.278491712851408 -0.159275351239738
0.00412124285089023 0.0322722052430163 0.379668535883574 0.236888434116849
-0.025565294543202 0.0109539188242579 -0.0622924874005785 0.48731771608045
0.000830834772388054 -0.0168853954301294 -0.324240365915915 0.198111411546802
0.0100037941339148 -0.0147230157522382 -0.0131798232190337 0.0563749601406074
0.00317869229105531 0.00429921232712344 0.3405913014265 -0.168948491282398
0.00517130668466749 0.0114411377078966 0.105003046867727 -0.516524492609764
0.0208637373636941 -0.00280328144721358 -0.384748168269621 -0.279703489256305
0.00522200010422586 -0.0326650340384377 -0.303515792491037 0.209056359521914
-0.0196608249159724 -0.0220095177499131 0.0154623864290543 0.25422946478696
-0.0151499331726626 0.00375196963980766 0.0997725011026055 0.0395894946214769
-0.00217733924463214 0.0131092692271104 0.0233161603566587 -0.124598744363529
-0.00927497409325541 0.00326818212592761 -0.0115453027404933 0.109768579947285
-0.0116558396470026 -0.0111028052827177 -0.090357982141965 -0.0279245088763234
0.0049344336489745 -0.026805751912671 0.00359157244560598 -0.224034061609347
0.0223745289661066 -0.0112548823846232 0.287841187218166 -0.139054574837056
0.00122055062188681 0.0348189347483496 0.359299227757793 0.268680853676531
-0.0267710171799369 0.0127239374916716 -0.103546120030441 0.490180734689788
-0.000557369157565463 -0.0147159755914622 -0.334460873735206 0.182756617223079
0.00668060449962283 -0.0116972031458563 -0.00512105450113593 0.0534652495000792
0.00128027884442699 0.0086700509695959 0.333108832679984 -0.185851031855181
0.00572500852630466 0.0150689006405502 0.0628944269704658 -0.516983739106152
0.0198686031682418 -0.0033571940225121 -0.406626589345363 -0.243170082114638
0.00177321119215585 -0.034507525618013 -0.289160930893061 0.230971912020696
-0.0195461597312518 -0.0215291812637557 0.0291981435692137 0.250988864580096
-0.0139848201008148 0.00577525928342489 0.10497766884802 0.0329087230969637
-0.00355453767518665 0.0147470844078937 0.0247808502732407 -0.123930173475599
-0.0093497052918618 0.00473286855148987 -0.0105156738826881 0.110560267572145
-0.00892848640544556 -0.00949528676854078 -0.0847834363177523 -0.0319410489133926
0.00756835882839799 -0.0252881311622056 0.0148879744378102 -0.225735880492468
0.0220375525180325 -0.0107304225926602 0.294330305291007 -0.122417270505171
-0.00094669341711576 0.0363702884566778 0.337485174507874 0.297183607266968
-0.0272266489098446 0.014063252088457 -0.137827003904468 0.489495694973039
-0.00372270318583287 -0.0106740438290782 -0.342041757201753 0.168182702588786
0.00103854447994351 -0.00840746524374944 0.00196522487491425 0.0516192968817244
-0.00119851184804688 0.0130877569604485 0.32470677597762 -0.19746506932021
0.00754382427941987 0.0178048896582809 0.0306879600913019 -0.512199078306457
0.0190329894199097 -0.00453783822660522 -0.419968879597503 -0.212770842873086
-0.00115254547528564 -0.0344629125393516 -0.277286569072451 0.247665028157392
-0.0184288016229246 -0.0194545430806296 0.0411070075473972 0.246321685438061
-0.011853808178105 0.00891865640235942 0.110425916209013 0.0269186661239338
-0.00390500047403306 0.0162416590349364 0.0261823224964411 -0.122776693496388
-0.00792458563497495 0.00653984315608946 -0.0091843553244942 0.110700239360954
-0.0064253705225092 -0.00590664895809079 -0.079725717491094 -0.0339212945138633
0.00933176865030903 -0.0216754129735893 0.0216555928882745 -0.227896873034363
0.0214900110943756 -0.00941580630950665 0.296657040358421 -0.113799501750666
-0.00160512742628975 0.0366126019674 0.323819731307123 0.312742737686858
-0.0267119459956107 0.0153083985676322 -0.160018010552181 0.491303268614203
-0.00894621752186294 -0.00678924915932443 -0.347759935689063 0.162000960399235
-0.00637275521569241 -0.0044046204884051 0.00599968090928108 0.0510100647864535
-0.00387324885623608 0.018215423887082 0.319610525997892 -0.205101679842662
0.00999919142286553 0.0191875641082842 0.0103795642442814 -0.509244476284386
0.0190355859154532 -0.00539431127209264 -0.430028746895499 -0.19360373494736
-0.0025270574856667 -0.033682996065351 -0.270127992280514 0.25679050846763
-0.0165512202187245 -0.0157195579629254 0.0486485990299262 0.241950363766769
-0.00837455693001519 0.0122468052219424 0.114241219793689 0.0233614776887684
-0.001903338086821 0.0178900214762902 0.0263039584091146 -0.121506843435765
-0.00590332857075235 0.00837894221846829 -0.00979038401563159 0.111901751724796
-0.00337014592105293 -0.00174219177016391 -0.0770049979792283 -0.0331143761393334
0.0102277071597425 -0.015517681884181 0.0231222704914578 -0.230055240457176
0.0206344330822853 -0.00744486155174667 0.29476761372125 -0.113456239666995
-0.000784686678357448 0.0356172036570642 0.317880232870502 0.317290136118703
-0.0249895241866604 0.0162594379748224 -0.166792078223129 0.494207593343162
-0.0149074212645931 -0.00319008189109215 -0.34931315437119 0.160814736960532
-0.0142700159057056 -0.000972802232517596 0.00558346753917151 0.0518252241382138
-0.00729159380513502 0.0228082723758153 0.317373191387193 -0.20333331656831
0.0122170005782768 0.0195995786198807 0.00591440217663222 -0.505664708057673
0.0195134636963809 -0.00657201287279219 -0.432507533331118 -0.189089421949615
-0.00208634156462057 -0.0310489022759095 -0.269839888358417 0.256013506832901
-0.0142008267208769 -0.0113416749148986 0.0505521940600225 0.239411701769874
-0.00442205834387606 0.0152032111406951 0.117176783178493 0.0223905435919326
0.000815148286486854 0.0195164962994741 0.026157324467281 -0.120329398876968
-0.00211356156514654 0.00859959933937465 -0.0105828903709663 0.112314909882773
-0.00054838479094542 0.00268804874198815 -0.0768544462764151 -0.0297811128386855
0.0107627752644804 -0.00919320046388394 0.0192399511500857 -0.232467060503403
0.0202700795479139 -0.00465185555607036 0.290159524091564 -0.122330371243956
0.00107076553172478 0.0332190971898916 0.32361484388408 0.308844609103587
-0.02307477104319 0.0169903155310055 -0.156228346488198 0.497129191166875
-0.0193080582501023 0.000730765092822886 -0.34742094919617 0.168248472346102
-0.0213850272187533 0.0011762117710787 0.00252156472108308 0.0538445524323552
-0.0102119364533409 0.0251579369241259 0.320278571174372 -0.196689417298396
0.0141997509533329 0.0189536512541982 0.0172234509824924 -0.505477049800027
0.0202773722990934 -0.00789563207830398 -0.430345813094287 -0.200153920383237
-0.000935617271051931 -0.0280218474516823 -0.27733942134129 0.249668718453976
-0.0115245248741198 -0.00644562138009063 0.0471862485080038 0.237870408741091
-0.00105298748294491 0.0182001553607131 0.118220340842337 0.0243802603248508
0.0043295109859935 0.0203011800104001 0.0248384440293188 -0.119832811530814
-0.00208789416382218 6.22218188164826E-05 -0.0171457210434625 0.112141311488388
-0.0131140296018426 -0.00824669470958733 -0.104538744454019 -0.005764740831984
0.00221334244514892 -0.0166094576105511 -0.0402219589378033 -0.219402584236619
0.0249999699321903 -0.00746655217340298 0.248579059438801 -0.205289601000601
0.0113966880693952 0.0256433221234258 0.412645859215834 0.163255052039889
-0.0211860843480865 0.00879912687075798 0.0198673322427926 0.482681399809544
-0.00311515425913978 -0.0174225431756051 -0.298458644368858 0.236691490362252
0.00718108945830496 -0.0170336779641753 -0.0322004076678026 0.0632464557908209
0.00293847699764994 0.000520676851444062 0.35264159315082 -0.134160639782353
0.00559146806936082 0.00602959016889154 0.183740958837275 -0.511932539588002
0.0236408595493391 -0.00376638081608489 -0.342251215868956 -0.349298823860245
0.0114224111514153 -0.0260149678600171 -0.330164161943947 0.163354914417093
-0.0170680918477526 -0.0165370034601785 -0.00760673095067319 0.258584394562379
-0.0132516447150984 0.00393232176338432 0.0924182463359947 0.0534611910125133
0.00405841944716868 0.0120277727866815 0.0180474521075258 -0.124892684990254
-0.00528536591881827 0.000585168032548129 -0.0147627294162126 0.111180776495196
-0.0139317069503249 -0.0101328508887067 -0.101098308930196 -0.0138163311031921
0.00174871223546269 -0.0213588959768122 -0.0258420415851194 -0.222212636844072
0.0238621983958396 -0.00972694208075641 0.264869692257461 -0.184475457884335
0.00783459855171913 0.0290970305422758 0.400962112290718 0.199010844865278
-0.0237540568220141 0.00957123973206605 -0.0166355244305647 0.487723000107281
0.000241334351494506 -0.0187353192256395 -0.312296391238629 0.219608753259841
0.010413029777533 -0.016738751737369 -0.0227440573506859 0.0593839575257506
0.00428771875215601 0.00118719183189773 0.349048069795653 -0.153713824910337
0.00510895171417601 0.00819131376024232 0.141767743825564 -0.519878501560333
0.0221367771759932 -0.00298522831046331 -0.367003927985476 -0.314914845154403
0.00789763769271182 -0.0293843808025941 -0.317226847656841 0.188747597474158
-0.0183247285815531 -0.0200127448749899 0.00562429052726274 0.25782803531835
-0.0142802503173411 0.00347060062278067 0.0962986530622447 0.0462527875271784
0.00131484889719514 0.0119971851739256 0.0194732868020163 -0.125858657678192
-0.008442495299239 0.00174113637441728 -0.0123777038390068 0.110911270573895
-0.0136182243894264 -0.0115707319973981 -0.0967661843526548 -0.0206957350905295
0.00286798247211103 -0.0255972410972653 -0.0126763801952889 -0.224335642795543
0.0231726138335429 -0.0106698103882714 0.278030470787682 -0.16489955817501
0.00476833981817182 0.0325541666704244 0.385451417774637 0.232241958523785
-0.0257126597741975 0.0112275359651558 -0.0577184274269887 0.492229767046198
0.000582015408432352 -0.0169914471100989 -0.322891240085228 0.20319058268579
0.0101674407693606 -0.0147187725141627 -0.0128645234752775 0.0566204325203696
0.00352938186647076 0.00407122067673753 0.34078998111113 -0.17360296586103
0.00480236746975366 0.0117986438555584 0.0987778983640401 -0.521486118300184
0.0207085146553652 -0.00286192146618527 -0.3923064441037 -0.277209647625126
0.00506990546501167 -0.0328343561080546 -0.301963307282655 0.21427293623449
-0.0193355054667523 -0.0217431089158827 0.0196305785463264 0.256122848516972
-0.0146215409479246 0.00413699112966357 0.100930938717078 0.0389883355230342
-0.00185402316068478 0.0132216184231136 0.0222274704830605 -0.125154293871435
-0.00971142087894102 0.00298208854528982 -0.0098446361460541 0.110603530800493
-0.0119530332873575 -0.0109645302244393 -0.0906863430772188 -0.0263941247657228
0.00479540555100474 -0.0271548466487133 0.000515508982831166 -0.225606976909346
0.0222596442073743 -0.011981869754697 0.288456260655116 -0.144771303013085
0.00202465668464265 0.0352671395346684 0.364181345861743 0.265194797373513
-0.0269369370045749 0.0127389876105445 -0.0990638513189189 0.494419209885547
-0.000780350348866874 -0.0147824660787841 -0.334400056580499 0.187293834378017
0.00695946654080992 -0.0119382153553405 -0.0048298040212664 0.0532000540484636
0.00162596323622025 0.00843281813970632 0.333273347259208 -0.190152351800673
0.00601907149020457 0.0150947782088299 0.0584556684273159 -0.520538064139083
0.0199810689070392 -0.0036517939071779 -0.411369823594447 -0.239888293047577
0.00127541754251685 -0.0344243910171052 -0.287729056322373 0.235662133371789
-0.0198258758631188 -0.0218796663503242 0.0330339456763204 0.25263483445794
-0.0134429815957841 0.0061254418915299 0.105811732484734 0.0318888921799066
-0.00318854932081047 0.01452827938908 0.023232450183126 -0.12492707514445
-0.00926860372826066 0.00475890314635678 -0.00945172197100199 0.110941825457186
-0.00942687587081142 -0.00878787952386904 -0.085783568678332 -0.0314024211131124
0.00706507850910003 -0.0256352629605485 0.0116277549023307 -0.228463569760118
0.0216855277399178 -0.0115693866862036 0.294820289687324 -0.127173816225494
-0.000659067183730593 0.0372209513086511 0.34239241400959 0.293944118024597
-0.0273178921834574 0.0137816366032771 -0.135379974230124 0.49382127000271
-0.00397833052862604 -0.0113572208700578 -0.34291798565453 0.172002731971169
0.0010493988305493 -0.0078049312459502 0.00307193659287284 0.0517225602528704
-0.000862517168973293 0.0131383981168642 0.324296325420308 -0.202119552610652
0.00785380612275048 0.0178340925675064 0.0262301004434135 -0.516320724157876
0.0191469265585987 -0.00455729533344361 -0.42476988263108 -0.210252565640437
-0.00151305113404327 -0.0346915757786172 -0.275646754416446 0.251878853816329
-0.0195009501234612 -0.01922121931185 0.0446022486514618 0.24825803933659
-0.0113972949549852 0.00895855579242941 0.111225380130378 0.0253641691443964
-0.0034604580528226 0.0164082433214158 0.0249697621105767 -0.123892732336362
-0.00869036479698062 0.00641975270577584 -0.00749545844452994 0.111756809156834
-0.00637559101456807 -0.00565028254118203 -0.0807004634243433 -0.0327946813481105
0.0087025769048072 -0.0215479734281826 0.0186589989373318 -0.230136074904213
0.0211142600806888 -0.00948945665168003 0.297154356349216 -0.118088005985239
-0.000633627079285565 0.0370589272402169 0.328517838323624 0.310961321902644
-0.0271340038701525 0.015573719489244 -0.155643857390322 0.496190400125344
-0.00864118882763138 -0.00708239639927232 -0.348145135736223 0.165465938998074
-0.00595549614714376 -0.00451822940328879 0.00677551137156388 0.0510108541091863
-0.00388551197736225 0.0187365758956491 0.319177098485441 -0.208936217339073
0.00982213596775494 0.0195512529594315 0.00405404393753777 -0.511462495988646
0.0192747581698898 -0.00551523881193585 -0.433172313723517 -0.189585337791099
-0.00266132378742809 -0.0338537678830761 -0.268563005805736 0.261010721058094
-0.0168158090192044 -0.015545869691796 0.0514406029496241 0.243451511620486
-0.00837582853096579 0.0122330555719764 0.115482407421434 0.02247605777126
-0.00132464626824668 0.0177882389758344 0.0247222458140324 -0.122584964871485
-0.00627073012380371 0.0075624098550268 -0.00803774664587583 0.111853217040388
-0.00335769174566808 -0.00148126259789229 -0.0779783840557419 -0.0322094921489741
0.0100856596493844 -0.0154589179867558 0.0207837122578311 -0.232498440842852
0.0205064070457802 -0.00717379315069163 0.294610099248588 -0.118066012441146
0.000277814432205342 0.0359910992621936 0.322489144360416 0.314404193351982
-0.0258460393239279 0.0167924744496847 -0.163566049969805 0.498047687356397
-0.014758876176243 -0.00313797712690821 -0.348937971325007 0.165275195787467
-0.0140989032406854 -0.000825937561297783 0.00643466263466226 0.0521735188500409
-0.00678719393031402 0.0230020902227981 0.317297000585913 -0.207399004381794
0.0119128368699852 0.0192350438861509 -0.000102599356567905 -0.507957269743668
0.0191172688471853 -0.00662465048570446 -0.437516600258458 -0.184870913864297
-0.00216925869028029 -0.0313117311792389 -0.268807502688237 0.260850018543903
-0.0146116154408462 -0.0110224338695037 0.0538969201092641 0.24044886446569
-0.00390574552012187 0.0152510865330478 0.118471552414345 0.0209788628446
0.00116831632932281 0.0194139251925398 0.0249278953436468 -0.12128759942558
-0.00261663668994343 0.0087649042656065 -0.00859417839082723 0.112416022936984
-0.000559256744844904 0.00261311639134112 -0.0777555233096972 -0.0291711502606601
0.0103672315449925 -0.0092287434162513 0.0159595879696424 -0.235027245668977
0.0206340240530176 -0.00507394119710881 0.290603943004056 -0.127273187489496
0.00195269541465523 0.0342782502247111 0.328659590058271 0.306945611016348
-0.0231967735836635 0.017214665116811 -0.151773444082334 0.502390403026438
-0.0195444662927384 0.000689786801367331 -0.347154487337739 0.174601937151642
-0.0210826471250068 0.00152743389666547 0.00305623730964184 0.0538225256216286
-0.0101809859658664 0.0254883417914899 0.320029584929061 -0.201510080882189
0.0138002042711602 0.0188011651292998 0.011988956775175 -0.508946447029428
0.0203427249283983 -0.00801407447819209 -0.43509164656215 -0.197112289278132
-0.000970151080639167 -0.0280416215043307 -0.27657679769032 0.254129294916421
-0.0113242271009864 -0.00583207147104239 0.0506761480724889 0.238823447601728
-0.000469625833465616 0.0179813020814283 0.119481461439355 0.0238793907624079
0.00497703752494436 0.0199977117818412 0.0241521121247817 -0.120111854851295
-0.00197709781321147 -0.000455471898457285 -0.0152953982492442 0.112772105784456
-0.0132357662162972 -0.00802035817018432 -0.104538907741189 -0.00419614623192824
0.00161141577188032 -0.0167248870712852 -0.0436434078121443 -0.220447495417231
0.0250579152448007 -0.00818997442565201 0.24721959966529 -0.210149698517471
0.0121124875227962 0.0258302644068913 0.416161393995647 0.156401817238502
-0.0214557291763175 0.00917081932010562 0.0265156539877419 0.48482521088004
-0.0031732801772847 -0.0179885888592601 -0.296786354430671 0.241451213598061
0.00703526545277527 -0.0171584728638005 -0.0313403379992651 0.0635522216205333
0.00322525316406705 0.000679459887378345 0.352546868274349 -0.139297492844314
0.00544058779576165 0.00527308450540869 0.176745358070556 -0.516984490346822
0.0236487709568472 -0.00392926308124748 -0.348443001183479 -0.346933672853403
0.0116908241924543 -0.0261022066493959 -0.329464455843467 0.168585954642473
-0.0179089361871103 -0.016060578453682 -0.00360536954051098 0.260340383020541
-0.0130325123418505 0.00416246502106454 0.0940505500508201 0.0520752953479081
0.00452388149998155 0.0117249585706142 0.0167948558667063 -0.126024965201483
-0.0055881616342859 0.000414545428205 -0.0136151083490774 0.111929977714356
-0.0143709614322728 -0.00990131031956307 -0.100976145055317 -0.0123275508701938
0.00124396362563642 -0.0223408997283874 -0.0303049135490358 -0.223388699019158
0.0241129806142742 -0.0101474574568955 0.264258313615017 -0.190394857954384
0.00873258524328184 0.0297693156041141 0.406458731886967 0.193231413536288
-0.0240640219325533 0.00990563660130314 -0.0108676818435556 0.490817953740342
1.33476210239496E-05 -0.019108564561196 -0.309732316789571 0.225512321114502
0.0103173322661666 -0.0172156403147754 -0.021043455132007 0.0604456050900283
0.00449761627192164 0.000876517154786306 0.347941765466158 -0.159311086645573
0.00515234191368235 0.00788956481605679 0.136953511542779 -0.52529801853128
0.0219853628792734 -0.00355074662359119 -0.372609575534603 -0.311371149461217
0.00760680113592969 -0.0295801896269409 -0.315231435383174 0.194699904753046
-0.0187318951060854 -0.0200859729119716 0.00958036282819791 0.259926240652235
-0.0140730863403432 0.00370022509568581 0.0974846477666671 0.0448810498720503
0.00127590391361918 0.0119823072672118 0.0179073512322464 -0.12678960922332
-0.00867181337286372 0.00144325318632008 -0.0110675356040841 0.111701571246944
-0.0141115757976192 -0.0111282741702537 -0.0969505332042131 -0.0195125869385154
0.00239977975660065 -0.0252994289260429 -0.0161108392953233 -0.226127124716305
0.0234245035505918 -0.0115302090419529 0.277244816567837 -0.169975781661894
0.00513271079738144 0.0329562474163057 0.389398764012248 0.229161838697327
-0.0257707275772438 0.0110920532487155 -0.0521378329281197 0.495316175728218
0.000577402938525779 -0.018024931753127 -0.323129970159917 0.208864428848305
0.0101939781604939 -0.0148258185072873 -0.0119997914217532 0.0559012385551583
0.00370769875284647 0.00386501993369911 0.340354628053222 -0.178044409562289
0.00514475678164806 0.0115157244657895 0.0938882946914743 -0.526104243299673
0.0208228366546837 -0.00328372960578382 -0.396351961543495 -0.27303036214641
0.00439721668414908 -0.0327992728232754 -0.30091599014196 0.219520696428049
-0.0198981969503684 -0.0216474225369786 0.0234152517841767 0.257681035804748
-0.0140702741615441 0.00419199659341613 0.101897750587518 0.0379140423664033
-0.00181153600889383 0.0132966565913727 0.0201832500265229 -0.1259201564204
-0.00973667787207673 0.00307642433544807 -0.00808596247296914 0.111351366328074
-0.0120912010388091 -0.0107511091914395 -0.0911890529109033 -0.0257541759042939
0.00447325922569193 -0.0271229850556833 -0.00307144597699501 -0.227413773499057
0.022548827714022 -0.0121741141494008 0.287524070748502 -0.150171146583083
0.00274394740021186 0.0356815716567237 0.369397205649233 0.261955951478386
-0.0272483884780173 0.0128390642175969 -0.0930164326527586 0.500299196267803
-0.000937915704676171 -0.0148270197593898 -0.332530058325098 0.192060803331211
0.00658251319857991 -0.0116859134607928 -0.00306549014631476 0.0541984994087836
0.00183671237778236 0.00818900541739603 0.33182624930715 -0.194477844480925
0.00618608001669408 0.0152600621873521 0.0507820136026946 -0.524292279203239
0.0198993327926958 -0.00391421283467759 -0.416843788706359 -0.23572761383428
0.000949249742006276 -0.0348153166409974 -0.286162210304268 0.240529873865598
-0.0201164728810043 -0.0211086151982097 0.0371251099481768 0.25363115775091
-0.0132771025763535 0.0064426568677632 0.107447038208908 0.0305591121157733
-0.00242338067965306 0.0142116434988132 0.0213938443771528 -0.125906814782375
-0.010151300634971 0.0044603518909458 -0.00736455486688128 0.111518246357057
-0.00956301692869999 -0.00869424366550837 -0.0859051670960637 -0.0300500468628586
0.00652953903054551 -0.0258798191060608 0.00834821010352091 -0.230027555369648
0.021595229161526 -0.0116750184854973 0.294720660749236 -0.133085266065025
0.000861448645098285 0.0373757178839096 0.346931431221438 0.290628027255008
-0.0278084608952848 0.0144592309747044 -0.130592671516125 0.49909454477231
-0.00365549556119158 -0.0116012712070031 -0.343464723898431 0.177657110537424
0.00141298264305476 -0.00793507810235959 0.00331776476170561 0.0518858286319344
-0.000892161472101427 0.0132066668068621 0.323159343520584 -0.206079845957442
0.00840764244327712 0.0174627539393675 0.0181889654286218 -0.519424944714921
0.0193390568445072 -0.0048464833356561 -0.429892916112554 -0.205003389878212
-0.00193483423196562 -0.0347001262075697 -0.273782418587474 0.257108023368222
-0.0192911084026413 -0.01863077790766 0.0484297528875047 0.248575848986145
-0.0110234610956647 0.00925921079224776 0.112003212611763 0.0243405739091949
-0.00272754675608853 0.0162016930435251 0.0234950033652466 -0.124947162311443
-0.00825779083503071 0.00647580588089208 -0.00573236774035606 0.111572043245063
-0.00691807846598552 -0.00538170834065063 -0.0809061226421587 -0.0321305835233743
0.00806627917482191 -0.0219722627517019 0.0148626948903818 -0.2319461833195
0.0211987079321515 -0.0104996210875615 0.295912670370409 -0.123534756886708
0.000316050186001192 0.037892134665318 0.334187491783268 0.308099489575149
-0.0265206004673641 0.0157046558990916 -0.151747080095344 0.50043024744637
-0.0091654797626542 -0.00733251757853413 -0.346669726095075 0.170599085093194
-0.00650294533075256 -0.00412370169254105 0.00755480181927484 0.0509826019467782
-0.00360952268885506 0.018628866700392 0.317969871127333 -0.214177195326824
0.0103493559270708 0.0195442739398223 -0.00260700308903362 -0.51441765456728
0.0191436812655149 -0.00591635813879193 -0.439488264468061 -0.184741597956531
-0.00308165780789076 -0.0336886384603181 -0.266463060479936 0.266447859593117
-0.0172295706777975 -0.0154358402876909 0.0562108545534655 0.243848638488582
-0.00732226499903488 0.0123431162076856 0.116413136600791 0.0207910392054089
-0.0010199994196302 0.0179960065650771 0.0233969026928124 -0.123263695799001
-0.00608272240488783 0.00727978960593242 -0.00685850760029078 0.112411238779581
-0.00326795535027019 -0.00118707098485133 -0.0783342481083291 -0.0317915244557671
0.0096612931261498 -0.0162645021551926 0.0172669963875748 -0.234507657626284
0.0204177589443839 -0.00804865469068218 0.294753585870297 -0.124409414329101
0.00119020558131079 0.0369999740782953 0.329019926213307 0.312084173540385
-0.025639352695901 0.0167338832382263 -0.157340381267938 0.50315792694103
-0.014961891707431 -0.00318092225986046 -0.348425820956804 0.170113495477501
-0.0141548731099442 -0.000757235033933712 0.00780887237138401 0.052112505236108
-0.0066450036346468 0.0228265493399012 0.316152117209602 -0.211948083280664
0.0126016180668051 0.019262979435795 -0.00536224610336836 -0.509506634348783
0.0193720472977561 -0.0074728944620308 -0.44132953510882 -0.180454677237418
-0.0032891773514638 -0.031100216633406 -0.26618839806013 0.266241719925803
-0.0145997251590314 -0.0107828689165243 0.0578308307131475 0.240820865435616
-0.00372613681504234 0.0154776276876345 0.118892136583474 0.0202455035212864
0.00225924893862739 0.0192689867598754 0.0233179302535524 -0.122492102684881
-0.0028268378930887 0.00800998494636151 -0.00737412088773809 0.113162176294525
-0.000492148215673478 0.00279913594962083 -0.0779981839362665 -0.0286452013666024
0.0102400296796124 -0.00988789967373361 0.0125532828573499 -0.236453688224826
0.0203293048629506 -0.0053113318063877 0.290303821573724 -0.133276591382375
0.00329383320447223 0.0340134629635193 0.333936405651288 0.302664986390561
-0.023654224695976 0.0173953670987709 -0.146702260977294 0.50738679135464
-0.0196964542163157 0.000667807781494899 -0.346734532523128 0.177768433184009
-0.0216125653624521 0.00200548587025205 0.00401074631855334 0.0535034458515669
-0.009792420331361 0.0255838992580471 0.319316806884724 -0.205803214623158
0.0141485282105848 0.0184806287288424 0.00520685000400965 -0.511871328637049
0.0204933118255175 -0.00902650296742963 -0.440215967033701 -0.19111056673834
-0.0009996448223728 -0.0278241658283322 -0.273070249185786 0.259317600835637
-0.0118587358860291 -0.00576953389458144 0.0545927670119831 0.239663986933219
0.000145861643665861 0.0183987529198572 0.119951316875001 0.0217335316914178
0.00545734946005465 0.0200564407403447 0.0227896611929186 -0.121403425878994
-0.00227918104821287 -0.000613256322860814 -0.0138011272046767 0.112780477916006
-0.0138957919832895 -0.00740764265715117 -0.104968535614694 -0.00304414330104651
0.00122469184300346 -0.0171163611377574 -0.0482706918046953 -0.221442685897086
0.024847504185299 -0.00867769355000285 0.245083274002314 -0.215219451012342
0.0127972464618198 0.0258240650864131 0.419457419842202 0.152236904650897
-0.0216905104228702 0.00937783369933008 0.0332205283028088 0.486880436344846
-0.00316370030680907 -0.0180838281161639 -0.29433789031544 0.246955063515593
0.00665102900039209 -0.0172726926863126 -0.0304775689956163 0.0641737602181107
0.00297491164123793 0.000337747400002898 0.35213161598149 -0.144010954256418
0.00564031912964766 0.00518671271150654 0.172055662187406 -0.52158352876046
0.0234320472702771 -0.00431284542515815 -0.354710501067172 -0.344123225413105
0.0109576765465662 -0.0261709060786958 -0.328316007894999 0.174133227039471
-0.017691342713806 -0.0161353719413592 6.19311871850795E-05 0.261717191802482
-0.0127265512210218 0.0047255232230526 0.0949436412518073 0.0508611641726599
0.00525336392041368 0.0116494914512527 0.0148759347290459 -0.127146524126384
-0.00594104381839398 0.000331995038520385 -0.0110653567952745 0.11207428879316
-0.0146573842462294 -0.00933303454592039 -0.10146065042773 -0.0109718530560934
0.000764107364571691 -0.0223666033293381 -0.0330325508085761 -0.223941542198912
0.0242955120000779 -0.0101242009356392 0.261913220592352 -0.196058589507915
0.00934363916626466 0.0294220484597604 0.40940383208032 0.188819614311178
-0.024516091264535 0.0102533725174301 -0.00352250164863912 0.494345256826814
-7.99317854527984E-05 -0.0191769581859037 -0.307206120374354 0.230106568502228
0.0103868413300893 -0.0173720565030337 -0.0200621561622943 0.0605390333273948
0.00431822733685462 0.00104332538756286 0.346955908918398 -0.164070815321626
0.00529915006371476 0.00749198228098285 0.129666026370866 -0.528944663552764
0.0218546954883376 -0.00403700825272365 -0.379318779520763 -0.308455171612731
0.00787730810165578 -0.0300157747395487 -0.313422745512352 0.199472980643197
-0.0189922077211134 -0.0197164592510486 0.0137610883355649 0.260595058404555
-0.0137889480701615 0.00361643786772527 0.0981658803822357 0.0437383599368542
0.00206091714132387 0.0116569663557524 0.0160014521074538 -0.127252586429562
-0.00862276507371438 0.00121648282752212 -0.00834963402839139 0.111801588490243
-0.0142432271941674 -0.0105573262102461 -0.0977018870452671 -0.0190608914431353
0.00168768636935789 -0.0260055368454759 -0.0200291455235136 -0.226728574082692
0.0230788277127602 -0.0121657292984608 0.275750949560133 -0.176149245854674
0.00659306571083908 0.0334331578063073 0.393834665531475 0.222887793286629
-0.0258492356303207 0.0116492218949207 -0.0447753176084234 0.497842977887888
0.000392247357360062 -0.0180299405521901 -0.320764085389802 0.2130057562313
0.0101745895619228 -0.0154923603934379 -0.0110767268254711 0.0566768648707404
0.00354368851264148 0.00344367089813084 0.338497694557034 -0.183283140147478
0.00505291743651127 0.0115905538978614 0.086455062732038 -0.527997671187322
0.0208788512043676 -0.00376307068979572 -0.401698937601938 -0.267350254188846
0.00389759629754064 -0.0328837740528023 -0.298139208268352 0.224999346399989
-0.0203356453621052 -0.0212783589450156 0.0282139601708455 0.258759861747222
-0.013666399678733 0.00449732133671536 0.103159814645174 0.0361764262810176
-0.0010456764094699 0.0127627612805102 0.0184909330790214 -0.126951603983841
-0.00996661636522663 0.00249988297290173 -0.00669659852460939 0.111292348760687
-0.0125995491566648 -0.0102184082422081 -0.0922314727434863 -0.0243433859734485
0.00343934803958541 -0.0274402672442614 -0.00679353312490875 -0.228775433541524
0.0221221330061645 -0.0126565515341499 0.286378302648017 -0.156119306528225
0.00401936866622964 0.0366248681191452 0.372943805063175 0.257939357289892
-0.027218573007708 0.0132642279694363 -0.0877405940974735 0.503484626695684
-0.000973070938947659 -0.0154542369030169 -0.332409768413669 0.196299961589124
0.00684197618062111 -0.0121495391310495 -0.00234252390261668 0.0539295162001192
0.00186470339806764 0.00863804062885824 0.3301174931669 -0.200409397539672
0.0063333787349582 0.0151500913341677 0.0453084391889793 -0.526374930117909
0.0199689340014819 -0.00412582803339844 -0.421833713250642 -0.23048254916975
0.000243780690653918 -0.0347566867526154 -0.283173006489686 0.246114174623267
-0.0206205098157277 -0.0209575311005638 0.0419001515436743 0.254096296368551
-0.0126628343221427 0.00631966815278983 0.108019081780266 0.0286253467557926
-0.00251469065270987 0.0144779104938242 0.0192741241114876 -0.126216629841903
-0.0103754546282632 0.00439741455776183 -0.005174504229383 0.11174143353303
-0.00986007168752739 -0.00853709381780912 -0.0870529532219093 -0.0288537582581839
0.00590645167086277 -0.0263131895567111 0.00450570592719203 -0.23144130967764
0.0220068728549645 -0.012252277406891 0.293823743497161 -0.138646207514936
0.00131777796829041 0.0377261194019803 0.352921536547367 0.287162584142528
-0.0276453504984329 0.0144138809065047 -0.121691628396525 0.503844706517178
-0.0039980727301395 -0.0116389255121746 -0.341996025352528 0.183934028562771
0.00136492306704043 -0.00817314594034019 0.0044557810477175 0.0514396942579019
-0.000853446854896711 0.0133104011373727 0.322374760476548 -0.211508473983667
0.00800528711844903 0.0178907460154841 0.0115657357097877 -0.521267331422329
0.0194080173899566 -0.00489903406153227 -0.434230680284525 -0.199434785993635
-0.00218312288541259 -0.0349483144704615 -0.270346887265017 0.261947005222645
-0.0194672694397633 -0.0184375354735321 0.0532055699679723 0.248967330560585
-0.0101030252285725 0.00942026263633543 0.112828022693032 0.022517318244468
-0.00198663058364122 0.0165481484763899 0.0215309493757709 -0.125610614440386
-0.0087650753434592 0.00613141391595966 -0.00403337681023466 0.111838712107775
-0.00662705654688731 -0.00513420155238235 -0.0817621388779328 -0.0312770665591286
0.00760269657231919 -0.0223905572625525 0.0115497020752333 -0.233617369975362
0.021089256441226 -0.01068043619812 0.296427781226743 -0.129847263810856
0.00127718336544943 0.0379541946351993 0.339232437431305 0.302352177343595
-0.026890087618152 0.0163494186193795 -0.144321199139929 0.504762194909705
-0.00935955233664856 -0.0071863644645235 -0.345963849574355 0.176489347280287
-0.0059348426398232 -0.00426374837267951 0.00879260562306826 0.0508827117994921
-0.00340449069766644 0.0185742713252411 0.316037558188399 -0.218416046500875
0.0104691245749748 0.0190057693518435 -0.00917025247336883 -0.516936141729988
0.0190036401285722 -0.00639170456129852 -0.443289757065208 -0.179082875766364
-0.00350131489019123 -0.0338072414955827 -0.26319689534686 0.271261259098058
-0.0173677805374315 -0.0150807006415516 0.0604275629714374 0.245133513184248
-0.00681045860882743 0.0126903872083846 0.117307789324675 0.0189668666682063
-0.000306184941047193 0.0176491112663431 0.0211403736612807 -0.124321282781075
-0.00650538085898821 0.00744024542264045 -0.00434234100355151 0.112429723321592
-0.00367416296762165 -0.00146419340627865 -0.0794932897853419 -0.0303628753756274
0.00872172211641145 -0.0166790407542919 0.013666778073324 -0.235984689051807
0.0201379350582758 -0.00824098361128875 0.293745745807801 -0.130069439834997
0.0021289960963271 0.0370666926741387 0.333894285242872 0.306727435012411
-0.0259037003897673 0.0171755992053856 -0.152055508517986 0.507378210236643
-0.0149337336454114 -0.00312134974451128 -0.347237314165385 0.175404930386243
-0.0142168339492178 -0.000259089202315551 0.00839301265818519 0.0515646979090932
-0.00640260938482296 0.0223194626406849 0.313952547951112 -0.217798172133533
0.0125902954346788 0.0197948565306643 -0.0133630878255428 -0.51159235647739
0.0191179335226236 -0.00740096681621935 -0.446503684875947 -0.1750958295372
-0.0032428732475668 -0.0309632307861556 -0.26276627012803 0.271689424578696
-0.0147249034944094 -0.0106093444664248 0.0623751389779705 0.241556807101175
-0.00282235676720323 0.0156297179349381 0.120105797109623 0.0179709417979649
0.00225532445441278 0.01921683827706 0.021869589201382 -0.123157662927439
-0.00261345287977629 0.00806343802217678 -0.00501628660451291 0.113149175881247
-0.0010027717047831 0.00323883180705075 -0.0785716034651544 -0.0271238809593703
0.010020150196394 -0.00969386675246939 0.00964686255677249 -0.237824614227023
0.0203733795124994 -0.00586013332851329 0.28919510783805 -0.138978912348081
0.00406162470792022 0.0346515888471945 0.340278501230861 0.299010004561682
-0.0235880109222069 0.0179784772309416 -0.140755704550622 0.5137069015949
-0.0193787342712182 0.000492476363791848 -0.345241551963203 0.183539679895557
-0.0213682810303103 0.00199392070820072 0.00474231539391894 0.0542539651069136
-0.00931640742794282 0.0254170932899123 0.316850209987491 -0.210684134070253
0.0141453820469428 0.018391702067139 -0.00205219654228406 -0.513415545242127
0.0201198338510289 -0.00905624213390424 -0.445470628749663 -0.185515174131373
-0.00214490936741535 -0.0277132417749469 -0.270318395691639 0.264317438802858
-0.0120451788754471 -0.00551790406415911 0.0591754204747184 0.240003262574293
0.000759188092614292 0.0183183889234942 0.121453141376442 0.0200243858166489
0.00635793030128766 0.0200120288741415 0.0208944645562862 -0.121928961334142
-0.00273236199433704 -0.000667777209964471 -0.0115549812280284 0.113206480377442
-0.0143246046207447 -0.00711872989048288 -0.104668397991742 -0.00133809679187901
1.07591544483889E-05 -0.0171293940363808 -0.0516905982618292 -0.221208964676901
0.0248764611254019 -0.00872136235139497 0.240796145678788 -0.220234330329486
0.0135654429837473 0.0259924662050039 0.422320911849684 0.144239732505465
-0.0217378021008455 0.0091838252769306 0.0397662981856249 0.487743541587125
-0.0031344508720812 -0.0183089902880069 -0.291426385045312 0.250853342899976
0.00675129371491764 -0.0173837120276465 -0.0293723873749305 0.0645187371424383
0.00293522689604015 -0.000137540821411122 0.350085685968789 -0.149036309396989
0.00555355743674332 0.00528652893968676 0.163562754676362 -0.525907669319884
0.0232195536648357 -0.00434787307160713 -0.361019733945831 -0.338872034624475
0.0110083634719994 -0.0260861104306421 -0.32536316680375 0.180376508896105
-0.0180043333882849 -0.0157596891981903 0.00543812147343816 0.262112426383332
-0.0124640421396349 0.00445820503308832 0.0964744156461102 0.0494863050182935
0.00577247053075489 0.0113540369231925 0.0123874909932201 -0.127001161011046
-0.00573818930333122 0.000194446134615699 -0.00893275996415523 0.112681448788432
-0.0147918880458197 -0.00883780933041107 -0.102194986594911 -0.00911999303484128
-3.77396355436665E-05 -0.0226450503718202 -0.0382599436350979 -0.224018297541322
0.0235311578346715 -0.0109818042683043 0.258497357660956 -0.201388700387499
0.0103084412812512 0.0301887472547118 0.411114893723931 0.181450059955894
-0.0244780771605557 0.0104201658364741 0.00336690039601305 0.494384209073862
-0.000674774426552975 -0.0196440699012301 -0.304698135599359 0.234720482158524
0.0103492859378451 -0.0178890906606152 -0.0190880423614409 0.06050034670898
0.00419482906497832 0.000589670385550238 0.344587062231114 -0.169516987431192
0.00505539223516172 0.00724847467705915 0.1223509025345 -0.531275187965824
0.0216344972588828 -0.0040576214915389 -0.383216195231564 -0.30190113023003
0.00746778678554707 -0.0296945378619625 -0.310950739217793 0.205342099636292
-0.0196440390118934 -0.0193805438377979 0.0187213128139873 0.260762167215529
-0.0133547750704057 0.00410961213649018 0.0992943700811208 0.0427735073848144
0.00204733599494332 0.0116551697935917 0.0140163902756881 -0.127173778047978
-0.00827930427989717 0.00111896870441043 -0.00690866825207227 0.112010370369118
-0.0148632877645918 -0.0101668673220474 -0.0979937025256055 -0.0167233804066739
0.000540681720789388 -0.025896989595765 -0.0244519739666227 -0.227204357776201
0.0230313484284768 -0.0128753214214306 0.272560639753899 -0.181178671448012
0.00735992354566715 0.0338718598513507 0.397769372839389 0.216891657903699
-0.025908695773925 0.0119593905301017 -0.0378752355357305 0.500312693529783
1.14365542464179E-05 -0.0183460577747338 -0.318046668850974 0.217896294741339
0.0100206882046218 -0.0155635143680162 -0.00989289590264879 0.0568950378844793
0.00349464518480075 0.00340455845141122 0.336614373488838 -0.188628226919657
0.00496696645709207 0.0117714254165997 0.0792822286733737 -0.531576467761873
0.0205717869296533 -0.00427994591087061 -0.408014497783899 -0.262553159104263
0.00355127865104145 -0.0330619034070309 -0.295012537092306 0.229556748827703
-0.0206797620163282 -0.0209954937482455 0.0328307263666414 0.258157309036406
-0.01322998016806 0.0048502198536756 0.103968942982293 0.0349913589881679
-0.000472234197576657 0.0129081941193962 0.0166000269143338 -0.127333399915961
-0.0101016056525366 0.00257109256205351 -0.00447167030348291 0.111616423871103
-0.0130173274553749 -0.0100380296489782 -0.0922134103678782 -0.0233924906515507
0.00257892046795711 -0.0278841308896488 -0.0110353136810468 -0.229498450499953
0.0223664226822092 -0.0134011067113737 0.283800836867895 -0.161533162454388
0.00497448503660581 0.0366665398548604 0.377357909891806 0.252239915667433
-0.0272929387283902 0.0135375449145391 -0.0796110652965752 0.504752596278136
-0.00107008350014783 -0.0159752075754277 -0.329734145639145 0.202346847954659
0.00672339211352262 -0.012174049480066 -0.00152747966016793 0.053759084277322
0.00210668658465267 0.00780900613522278 0.3268266062385 -0.204554504411339
0.00631382548171952 0.0150758681862609 0.0363769337835279 -0.528234965086333
0.0199780112131832 -0.00463750261392923 -0.42675447238 -0.224976387419244
-6.6679793188926E-05 -0.0346415553730794 -0.279523707241785 0.250973398195205
-0.0210765080557275 -0.0204428829920357 0.0462860291223732 0.25401221906589
-0.0125085376599112 0.00694739124450215 0.108746388019205 0.0272794944103339
-0.00175894198590459 0.014451783176642 0.0175102336993492 -0.126578712485295
-0.0101481569069968 0.00458834035070202 -0.00356108155034499 0.111698397698118
-0.0102156846275404 -0.00788474724087886 -0.0870442707521284 -0.0274779256452371
0.00489719111218079 -0.026414367065562 0.000249888548400867 -0.232042558801392
0.0217624938839053 -0.0129167661094303 0.291719034769832 -0.145251520860558
0.00291420735543272 0.038280425457074 0.357508199121562 0.280749030568789
-0.0277319331240159 0.0146682561909956 -0.114897925168315 0.50727837474716
-0.00430601578758687 -0.0119842334712739 -0.338147438535334 0.189521455602263
0.0017940718774688 -0.00798226076297236 0.00558703231774468 0.0514668959216603
-0.000476833734108726 0.0126984379442025 0.31888349225848 -0.216821514781881
0.00792345006939899 0.017437354384948 0.00322084317898894 -0.522763928741708
0.0191608113529072 -0.00535571562464704 -0.437818749235415 -0.192332177469883
-0.00285915143688664 -0.0347318062377425 -0.265418108119402 0.267319166413976
-0.0196968621601667 -0.0184061640790173 0.0579532837944041 0.248633449864688
-0.00971161590934953 0.00974340194001992 0.113963560396964 0.0205050440659076
-0.00167384456024085 0.0160503380894877 0.0194411851154563 -0.126228665380467
-0.00875930440946538 0.00673891089163645 -0.00182770714100231 0.111579258529073
-0.00688602376418553 -0.0046913767602001 -0.082451249952205 -0.0298496808700729
0.0066775417852432 -0.0228966237902109 0.00717169969731187 -0.234889853605673
0.0209854081160101 -0.0112551113905721 0.293889884923985 -0.135619578016205
0.00251383275335148 0.0384087984758042 0.344295521206166 0.298383177735294
-0.0268699604042195 0.0166557092431424 -0.137598010507096 0.508805994580871
-0.0092083748928697 -0.00753034895673302 -0.34327060074026 0.181401446727169
-0.00607055377028292 -0.0035561311715505 0.00946577621667509 0.0508958271636116
-0.00309064427149678 0.0182132459346144 0.312284955002354 -0.223803255427404
0.0105196932663076 0.0189196808625924 -0.0181924518974925 -0.517041902103689
0.0187565339070636 -0.00710565318622811 -0.447103996644302 -0.171515557489905
-0.00403776661902389 -0.0335466133033376 -0.258245867467185 0.276070249591146
-0.017485836637865 -0.0145346071907178 0.0654935841097733 0.243786430507305
-0.00592716251946903 0.0125011407494557 0.117036362333631 0.0169662033779894
0.000268147414354047 0.0178209529273069 0.0196660578751861 -0.124586476062832
-0.00667494911411669 0.00735240045066534 -0.00242829554107022 0.112366868874658
-0.00362631604827857 -0.000796506849613534 -0.0799821311863077 -0.0295581974744858
0.0081330906436474 -0.0167771390999166 0.00903602353774935 -0.237229875785827
0.0201997052453814 -0.00914864367103704 0.291967805922426 -0.135401299165756
0.00315687123626447 0.0376074548095622 0.338718037755264 0.301181324171268
-0.0255856275083143 0.0176510595944279 -0.143818875215077 0.512007624949589
-0.0147090392041165 -0.00335060370951205 -0.345712999615334 0.180395157656598
-0.0137427297043451 -0.000275566902572433 0.00933670134655317 0.0513689663485939
-0.00639211073944211 0.0226673493994329 0.311392407466127 -0.221898333493618
0.0125729217880519 0.019663237992573 -0.0205933339607534 -0.513461688632844
0.0191074882004303 -0.0077551277047301 -0.44966590445655 -0.167651806931107
-0.00413204161454559 -0.0309456748618794 -0.257911654838565 0.276478826049084
-0.0144205873690245 -0.0103924852026863 0.0670498238025759 0.240650078491346
-0.00274512755666479 0.0157117035228814 0.120620271318218 0.0158040776612409
0.00296122264431558 0.0187372760678546 0.0199947942701902 -0.123775768865155
-0.0032298267920172 0.00778689004281152 -0.0030814143027665 0.113083912161738
-0.000630748882086416 0.00307817070934885 -0.0791953855713269 -0.0264157334676863
0.00937741114010467 -0.0103856047467654 0.00511598201353555 -0.238569849749904
0.0200455596289481 -0.00637881179735529 0.287185767093113 -0.14481551528481
0.00530801758149261 0.0351089777763394 0.344134950182055 0.292782018426479
-0.0233312452285762 0.0178451116115887 -0.132381533257396 0.515403252474318
-0.0194948508765563 0.000611931877459801 -0.342281428540426 0.189162740436015
-0.0209458303152498 0.00223002762042473 0.00599580552072706 0.0534310651879761
-0.00919423321004369 0.0253128175050206 0.314131199989928 -0.21473012764786
0.0145899318308377 0.0179091324921604 -0.00942782605078561 -0.513717993864491
0.0199733711741615 -0.00952173696518469 -0.448487276424438 -0.178192326300245
-0.00198002976782328 -0.0278167303635371 -0.266050340695231 0.269360906865137
-0.0115600762846845 -0.00576443747073216 0.0631003656499863 0.239744572638466
0.00139232492360295 0.0180273683726473 0.12186203361161 0.0181341142973041
0.00653204346703841 0.0194502296082165 0.0187435712688459 -0.122779340354738
-0.0027294270235222 -0.00109833130779486 -0.00922988170797725 0.11302502619071
-0.0145193135081669 -0.00682132635024812 -0.104801637626944 0.000372458093701156
-0.000450123746054411 -0.0169979967533751 -0.0558509402244845 -0.21997653192513
0.0247838221411564 -0.00979286225993701 0.236645506230719 -0.225588498093653
0.0146450221752078 0.0261796365776848 0.424287196171209 0.13790147052961
-0.0220920937366043 0.00977391132705939 0.049492884669669 0.486872294513937
-0.00399622584701659 -0.0183156511614422 -0.286271260834035 0.256718802362671
0.00619022920694346 -0.017656658144083 -0.0280508266225791 0.0649297227763814
0.0034359673684405 -0.000186902973420822 0.346711584296942 -0.154722843393201
0.00546023708987834 0.00495666544754985 0.154119673627771 -0.526672749793947
0.023232156384817 -0.00508555686621744 -0.365656142499301 -0.332747460098345
0.0100918847486387 -0.0267408210169891 -0.322655597147208 0.185688679064402
-0.017931680534883 -0.0152741298513986 0.00984346994746992 0.261659105486586
-0.0120900387498834 0.00458135789676549 0.0972293316525527 0.0483668561536885
0.00593994753088606 0.0110295981337559 0.0104797378137677 -0.126808377058938
-0.0062540795775662 -4.34177517049496E-05 -0.00683446606346281 0.112499640827682
-0.0154860366589711 -0.00880680095388135 -0.101833216741454 -0.00760733504167931
-0.000931809960107416 -0.0222958700282049 -0.042225014537655 -0.223584137213948
0.0236835900939424 -0.0118031904043633 0.254542989770531 -0.206497711840168
0.0115777778018471 0.0298902392125174 0.41427754253599 0.173964171666174
-0.0239862478784669 0.0106971202941031 0.0123412741625382 0.494246995258137
-0.00109868189332672 -0.019526343394446 -0.299492392178948 0.238981447854628
0.00958459117629009 -0.0173746336297037 -0.017637653620141 0.0603693356218079
0.0047013525364222 0.000150127712153874 0.341790570731478 -0.17409083494244
0.00527320414763644 0.00745570973829754 0.113030211375582 -0.532806492692738
0.0219828190822804 -0.00430204504516486 -0.388058224950091 -0.295673873947277
0.00671100373926596 -0.0300610882053274 -0.306991797422228 0.211078958353351
-0.0197148928711215 -0.0188432228021071 0.023389263136969 0.260801806989983
-0.0128127335597809 0.00434114963827175 0.0999461504588228 0.0406963821839981
0.00263877874357913 0.0112388850619941 0.0116280002493135 -0.127317074078326
-0.00881660258061613 0.00106586173886093 -0.00405299040803864 0.111222465630405
-0.0150362822337227 -0.0097421068386173 -0.0981046876223895 -0.0149590167196581
-1.31243351624826E-05 -0.0264884380645115 -0.0285227479635589 -0.227375502612387
0.0228494465552693 -0.0136743956898702 0.268380944283583 -0.186730926697786
0.008782115220193 0.0338016006873594 0.399213517281059 0.209048860533196
-0.0262841891783814 0.0123048415778943 -0.0280928519171049 0.501324393268349
-0.000526686366008413 -0.0187680410700639 -0.315170046023846 0.223413041591454
0.00977224376564425 -0.0154821862027949 -0.00863099553547248 0.0565176140028996
0.00381231829823429 0.00298001323037578 0.333143623484509 -0.192862800903029
0.0054521844107133 0.0118288363175624 0.0693499544395551 -0.532628857571942
0.0205445889139035 -0.00435169664475878 -0.410770144632473 -0.25492830639041
0.0031006569943198 -0.0328533664696485 -0.290588011779641 0.234827323989146
-0.021055441217528 -0.0205873920599147 0.0373907652838148 0.257431079258262
-0.0127960628440751 0.00507798863950768 0.104566042452061 0.0333715889193511
0.000192391176821124 0.012483796347651 0.0138352696687909 -0.127756426738761
-0.0100832329145181 0.00292182873162337 -0.00228341897130308 0.111086072864388
-0.0134110857651014 -0.00951462166152383 -0.0925560447261018 -0.022124805434855
0.00189800151313617 -0.0278995582688498 -0.0151971047400022 -0.229782913903139
0.0221245147266822 -0.0140448072851925 0.280739127973561 -0.167494541096426
0.00610881370710628 0.0366273785534397 0.382129314904229 0.244489888640216
-0.0273284686941493 0.0139475048839341 -0.0713505836103179 0.506319849795167
-0.00157120037548097 -0.0157235487734356 -0.325787566712776 0.207234653695107
0.00665684054722349 -0.0122308892978454 1.19356280557153E-05 0.0532197719138135
0.00211820520839654 0.00761379354352611 0.323511158262174 -0.210147027542564
0.00596284859855777 0.0148377738718153 0.0270000619392202 -0.52777632450403
0.0195423705592511 -0.004903699333024 -0.429502714385475 -0.216668083986309
-0.0004096441304626 -0.0342324582790622 -0.275291986281225 0.255837811631057
-0.0209071843557325 -0.0203955554909494 0.0511555596975058 0.253316949458512
-0.0117006094720885 0.00663936774001958 0.108987004896409 0.0255059138169145
-0.00148833280115154 0.0141982852524132 0.0156699060517067 -0.127125093665691
-0.0103674083315798 0.00451134538478031 -0.000717823070824462 0.111284335660964
-0.0103451471915336 -0.00719966375685929 -0.0873600441524597 -0.0266512636674879
0.00445315685942798 -0.0267965869536758 -0.00399302545770691 -0.232463553070162
0.0216895026195554 -0.0132506179321461 0.288059811657843 -0.150133195991353
0.00423175708263193 0.0384281134487425 0.360609948755739 0.273931298276075
-0.0274542579162565 0.0152160796141591 -0.106958881955818 0.507800003539947
-0.00430205455084421 -0.0119019421898396 -0.334816924688739 0.192882849920647
0.0014405027070994 -0.00842731595279787 0.0065639241037719 0.0510510683047199
-0.000322485347238791 0.0124839534051362 0.315164564530062 -0.221258231556561
0.00854961448617152 0.0173358106287044 -0.00486934141901241 -0.521214794809251
0.0188770655128492 -0.00546900749679204 -0.440596127042544 -0.185173846450854
-0.00342908426234075 -0.0342754906334891 -0.260733228428429 0.271212066863518
-0.020045289924986 -0.0177447987392764 0.0627953432803596 0.247982411491848
-0.00938001937116404 0.0096497955457464 0.114090566634866 0.0185226062469426
-0.00110831883928756 0.0156166810516793 0.0171651767991577 -0.12635467548516
-0.00874686456393644 0.00614919524847518 0.00043210520071658 0.11063120760917
-0.00702819271241049 -0.00443882862812815 -0.0830410806099295 -0.028208951557467
0.00609935166529121 -0.0225926589487316 0.00249104399323487 -0.234795265685811
0.0205500737956282 -0.0115607871995733 0.291425400498827 -0.140572924208765
0.00400229000995228 0.038761412755898 0.347662045310578 0.291290939273292
-0.0269764968698267 0.0165971882984503 -0.128786082488182 0.51124930773176
-0.00918018832588797 -0.0073783643099468 -0.339821674702453 0.186369420678518
-0.00631201039876843 -0.00393907840063498 0.0108818504303441 0.0502926015051838
-0.00314556861158064 0.0180001856537431 0.308770098594333 -0.227572958137684
0.0105501174926306 0.0190651047602321 -0.0265961375397769 -0.516092312172529
0.018800601846839 -0.00659803294103844 -0.449526299335095 -0.164600985887577
-0.00495781416141041 -0.032825079034979 -0.25309657070728 0.280008956985138
-0.0180213192724646 -0.0143696590929669 0.0703565231722573 0.242418457086675
-0.00596641466730397 0.0124840012901322 0.118016941290671 0.0147417958501976
0.000923159874116434 0.0175823002829918 0.0179086481777121 -0.124992452404233
-0.00644818548183921 0.00708400215345415 4.70329534746624E-05 0.112136174304009
-0.00388457292282686 -0.00056003134576473 -0.0798496570378835 -0.0281258091788753
0.00776116962951006 -0.0168555293602592 0.00480988003977657 -0.237395714766235
0.0202749775682028 -0.00965372527483019 0.288488955649678 -0.141554529517783
0.00436227487825424 0.0376372837413956 0.343565527954451 0.296098827881219
-0.0258548415135827 0.0180061134386728 -0.133260933265819 0.514395110312263
-0.0149294971753165 -0.00345390906726842 -0.343275493025045 0.186024816167772
-0.0136366554522448 0.000270567074156854 0.0102747222797713 0.0504942421916924
-0.00542772956528844 0.0221878497835117 0.30716291149982 -0.226654609265183
0.0132061580665702 0.0190727979589115 -0.0304837940219572 -0.512469737530425
0.0187544018400445 -0.00800939317558185 -0.451022719061265 -0.159835560575815
-0.00471649418748849 -0.0308548563685499 -0.252951599669175 0.281399775354541
-0.01457949019271 -0.0104270573119803 0.0719392667988125 0.239554556597167
-0.00148592987541052 0.0155988244179733 0.120642618499368 0.0138531633255093
0.00387928579954027 0.0181869282741584 0.0178493599733944 -0.123801394346487
-0.00331136904993508 0.00779517298785492 -0.00107985840417507 0.11248526367341
-0.000495133312861586 0.00315574981483282 -0.07954771182536 -0.0248561313791041
0.00921443573759436 -0.00998513587600319 -0.000730771794670276 -0.238880685228125
0.0201084200993126 -0.00696273266721981 0.283743801769644 -0.150214784754154
0.00636989682463981 0.0350516776009452 0.348680290259771 0.286547092512516
-0.0233365937864696 0.0182618433314985 -0.123069267155113 0.518727778826578
-0.0197413672128797 0.00108950152214522 -0.337980035211135 0.192952264654297
-0.0211757532246461 0.00283878419672964 0.00707178926438746 0.0532165749306041
-0.00854468112269401 0.0256319949513168 0.309380061603955 -0.219203945322479
0.0148459049668088 0.0178247059913122 -0.0187681238905428 -0.513867770713214
0.0197267682446814 -0.00963470134016855 -0.451490119478997 -0.170823676307006
-0.00286753477462564 -0.0271840362615151 -0.260076607981898 0.273606720467506
-0.0112978859867253 -0.0053687164201101 0.0686417742630483 0.238271273413661
0.00199717371878376 0.0178106716454625 0.121882406045233 0.0162757707525978
0.00722849021095307 0.0189692331994193 0.0166958629049886 -0.122633799344768
-0.00297573983688477 -0.000913486766475771 -0.00693410782605216 0.112545984392802
-0.0142442880081767 -0.00589517249754317 -0.104048911714107 0.00193012261841898
-0.000613502743833223 -0.0171490490897489 -0.0598452620737873 -0.218679702846546
0.0243037971328169 -0.0106218793231786 0.231600630971527 -0.229392675866581
0.0155951573517456 0.0262049719099822 0.424765856886525 0.128779676425134
-0.0218136714834137 0.00982684198105519 0.0563592988655519 0.484413609664309
-0.00425439790767642 -0.0186478148531456 -0.280388810832899 0.259541366873289
0.00662374033284714 -0.0174087411003488 -0.0261987678982098 0.0646383621390957
0.00283361529131728 -0.000904525781521615 0.343117459619024 -0.158514061776528
0.00530405338766638 0.00486511022458999 0.144063885799499 -0.528340404905396
0.0232307845824473 -0.00521350177062445 -0.370653564689334 -0.325006257289648
0.00993191374354382 -0.0265820584326366 -0.317073762295559 0.190638981422442
-0.0180158198448891 -0.0152939624789531 0.0148916061182284 0.260520468639485
-0.0110605919949454 0.00454031711979706 0.0975677033609633 0.0461578493464045
0.00653625607900434 0.0108363547652194 0.00851980380955239 -0.126484351141822
-0.00666474640481833 -0.000273015795588118 -0.00448332294820086 0.111452151819743
-0.0156551164316591 -0.0084355420370835 -0.101331455890244 -0.00609389263978924
-0.0012872004025375 -0.0225380118602308 -0.0468199773993014 -0.222723491883581
0.0236784393245673 -0.0124561278973468 0.249452509470973 -0.211129314865046
0.0122235222589088 0.0299461980343254 0.414900876676808 0.166850167298888
-0.0239245431595026 0.0108859017973309 0.0191429780132538 0.491861989871997
-0.00159001913703781 -0.0198931627533952 -0.294013182716519 0.243060158529018
0.00961167148645477 -0.0178268329741256 -0.0167221755057873 0.0603301128800438
0.00486719665955292 -0.000128769044351072 0.336474141293048 -0.178548692609819
0.0048596116584598 0.00748753153945304 0.102603141831187 -0.531538057940325
0.02111203848601 -0.00469887574322403 -0.391707974210412 -0.288933605020835
0.0062014640067337 -0.0299962434107412 -0.30270081279727 0.21549067829135
-0.020404684879114 -0.0185849637966916 0.0280475797141029 0.259884415002835
-0.0124740566891049 0.00402834855124881 0.100598801588836 0.0392176923374661
0.00335930756266758 0.0113363119983864 0.00998994161589666 -0.127002083019611
-0.00916421110128853 0.00101858948050923 -0.00259526351971368 0.110591636028818
-0.015223536518382 -0.00896037901602837 -0.0979760333330443 -0.0134476212210467
-0.00106172704777577 -0.0263086643340996 -0.0330581970094795 -0.22535869177013
0.0223617320646462 -0.0141410458421337 0.264636707083886 -0.191152959620624
0.00951508065025898 0.0336067465093535 0.400510072197545 0.201357644456981
-0.0260288701621836 0.0128089426763021 -0.0201421166964279 0.501141574548991
-0.00115376863392693 -0.0189584369751892 -0.309622737855685 0.227025406408753
0.00981431893294795 -0.015461632985359 -0.00729388338009742 0.0563991412722043
0.00427675531367602 0.00309964490446245 0.328337876594429 -0.197780403795805
0.00509909734430122 0.0111029542562071 0.0602244229339027 -0.530929459546736
0.0202227564768331 -0.00451507066341888 -0.413087569535482 -0.248293083096479
0.00216891396331895 -0.0327567319256184 -0.284720226045786 0.23948275512306
-0.021320416567609 -0.0205154985786153 0.0422631297752575 0.256722625479371
-0.0126507924225487 0.00523726047382987 0.104782384626364 0.031054491892384
0.000155167502727673 0.012476566604275 0.0117746348300868 -0.127000415822738
-0.01026354973555 0.00292699324915227 -0.000733816244191554 0.10993888284345
-0.0133698858008384 -0.00883393443309102 -0.0920601470761982 -0.0203396620347026
0.000596395883032643 -0.0278130032050525 -0.0196116627973026 -0.228820795998693
0.0213735943159718 -0.0143354518914198 0.275773044193352 -0.171896653245376
0.00712555566130534 0.0368755260201944 0.383552565849875 0.237577043651392
-0.0275545320467085 0.01406903794521 -0.0619464533444357 0.507157459409547
-0.00247620103206679 -0.0160065943876692 -0.320031856833082 0.211862478201522
0.00653107001591811 -0.0121071007478469 0.0012631327568685 0.0529996566458351
0.00176536125916874 0.00774700148811837 0.318474572872992 -0.213649652976165
0.00602699931788655 0.0144442613177035 0.0183298135601376 -0.526476496693875
0.019421659324159 -0.00499877593981867 -0.430261959158137 -0.20875824291215
-0.00129277596335328 -0.0340401719102299 -0.268746480085305 0.259575369322485
-0.0209446799555619 -0.0199918735355109 0.0556592865114766 0.251187548191955
-0.011052424461652 0.00689963582513799 0.108944995593171 0.0235743338237166
-0.000867210983426469 0.0143913249949883 0.013544342540779 -0.126994037163614
-0.0103663247260408 0.00437682930131267 0.00110432400152258 0.110197674092357
-0.0106575444052505 -0.0071466737200654 -0.0876591244570903 -0.0251702673598818
0.00313731357251871 -0.0262869761813019 -0.00831047303190994 -0.231976728025887
0.0210010053612231 -0.0141730799275077 0.28415041303758 -0.155128065542444
0.00531680077588779 0.0380664593295512 0.363763943387032 0.267577655746077
-0.0273388864599791 0.0152193376655105 -0.0976304905056796 0.509242428782952
-0.00499370397878231 -0.011993031638145 -0.331186314953154 0.198698162516526
0.00142772717244171 -0.00834775993892553 0.0078944087977774 0.0507481835398526
0.000452033536327333 0.0122778665737028 0.309732943880706 -0.225213059236175
0.00886288445410551 0.0167410392952747 -0.0150251039865626 -0.519361486274496
0.0190609005155544 -0.00615654574701609 -0.441782262765155 -0.176113084388115
-0.00393561414994709 -0.03416015861984 -0.254961180468697 0.275705374119084
-0.0203704437946627 -0.0176558754788716 0.0672429600943905 0.245470871454103
-0.00887315120785216 0.00994099476911498 0.114313680106976 0.0169027185388849
-0.000505071108968184 0.0156662453075792 0.0150695108100995 -0.126349867864801
-0.00929556983335431 0.00587363915705277 0.00272365017906848 0.110199490929495
-0.00701503498901443 -0.00394597984057 -0.0832346129742024 -0.0273220983411979
0.00513423608524259 -0.0223456132986523 -0.00184377339521418 -0.234600748339534
0.0203721406101834 -0.0120672464676338 0.286755907204386 -0.146391380686771
0.00516433496890028 0.0388572130830755 0.351901913776105 0.284382174612458
-0.026611002475763 0.0171214051942279 -0.119870437362275 0.512781452875008
-0.00960719332168575 -0.00761911240727294 -0.336464969080588 0.191455572866105
-0.00540387791689699 -0.00357523997681052 0.0114381918708569 0.0494135386177515
-0.00235542089744711 0.0177133226147064 0.303915492323629 -0.232166973695577
0.0107072633814144 0.0185162670198575 -0.0341020843466576 -0.512609802375255
0.0186020063432194 -0.00701901518818706 -0.450492512963963 -0.155833994270675
-0.00522047527699643 -0.0328630172128752 -0.247310558567738 0.283477939345169
-0.0181212134703345 -0.0141113385816226 0.0745856470443641 0.240556361313756
-0.00503483204222728 0.0125261896473275 0.117801367309019 0.0126957021725643
0.00129883727078902 0.0167574695123936 0.0154790522884418 -0.124968132956673
-0.00669048874545444 0.00690349175723479 0.00120849066309252 0.110511568746645
-0.0036513495976805 -0.000154870364742459 -0.07958915880458 -0.0268839964909091
0.00694285067996822 -0.0164353208478012 6.70624645375671E-05 -0.236849494135914
0.0197646390176312 -0.0103769273661472 0.285294265109876 -0.146849995018052
0.00566893022253937 0.0372592244198425 0.346970821384558 0.289306110350628
-0.0250321954747241 0.0182322548517164 -0.127191756713247 0.515128820752206
-0.0147077357799585 -0.00314318969991883 -0.337715084073685 0.190131755883079
-0.0136413752054734 0.000247520328967459 0.0117315618269835 0.0503612432193221
-0.00547150653040447 0.0222138748424652 0.3018131390742 -0.229247539269122
0.0130912440398698 0.0188543316003719 -0.0382838505994273 -0.509163789360136
0.0184550141078052 -0.00831939308865767 -0.452716765646496 -0.151677990280948
-0.00472784846701592 -0.0306551162661177 -0.24655134035787 0.284024993852416
-0.0146688891944372 -0.0094641634441737 0.076157908843318 0.237180662589261
-0.00151683062868658 0.0155969059570098 0.120868087744301 0.0118578442848274
0.00443705103531712 0.0178331904837666 0.0156479154969484 -0.123615648043457
-0.003547137736033 0.00774364512277148 0.00134460945356252 0.112098928796445
-0.000528196517886026 0.00373617792641258 -0.0794407031677707 -0.0239034969873423
0.00871956860967548 -0.00995620309304651 -0.00448830837647013 -0.23879783414849
0.0201960844182977 -0.00722396960661312 0.279625530347662 -0.155836847788058
0.00801224655542561 0.0347234726658953 0.351206992983654 0.279800487529149
-0.023107982667427 0.0187261634358018 -0.114512487441199 0.518941369355719
-0.0194125151242553 0.000936135826987441 -0.334300330581984 0.199057459798017
-0.020792424279364 0.00305148244165215 0.0082147366507633 0.0524284234255839
-0.00834438522498205 0.0252324033494174 0.304766518093034 -0.223734572700125
0.0150568418501647 0.0174927438253055 -0.0269318797040945 -0.511769441659565
0.0195860430470193 -0.00988784414698596 -0.452346221880102 -0.163938838608015
-0.00298317372418589 -0.0274313440201101 -0.254798135489095 0.276975933414011
-0.011675944138619 -0.00540254710589273 0.0719653346151725 0.236505494718416
0.00237859357443148 0.0177077502740271 0.121751377645017 0.013932720895939
0.00751260341852124 0.0185181650295667 0.0146782927977618 -0.122444872688336
-0.00313155415636508 -0.000945734767344279 -0.00433087149792172 0.111786886195767
-0.0144999375046317 -0.00608145442806292 -0.103193409216698 0.00389187767609939
-0.00136545508658709 -0.0169011517051954 -0.063589035103669 -0.2163922971501
0.0239857260201431 -0.0114108184625088 0.225498604900786 -0.232347406361062
0.0167020902897449 0.0253553312114505 0.423916819589356 0.119442807916374
-0.0218851184872763 0.0102798402268901 0.0646109619333924 0.480334277554964
-0.00484513231551701 -0.0184101474625031 -0.274335913740234 0.260830614373371
0.00588915378517215 -0.0175248983083131 -0.0252712950623068 0.0643642995463906
0.0026885163936631 -0.000742622470833749 0.338145054085614 -0.16292982251651
0.00508731112904074 0.0043461399370011 0.134627381886799 -0.526113871213402
0.022256938613699 -0.00550926769290268 -0.372694687124133 -0.316872867078692
0.00925204122283776 -0.0266157007640011 -0.312387170266766 0.194699690278182
-0.0187092295663953 -0.0145546125666008 0.0198501048783352 0.259047989680967
-0.0106420870335704 0.00476287568772507 0.0978141795255728 0.0445912542723019
0.00663847117371479 0.00986196799970599 0.00615392701445067 -0.125770750153057
-0.00663167718629827 -0.000297421779530359 -0.00274496855482083 0.110585788027278
-0.015748877206997 -0.00772982591742657 -0.101191010673917 -0.00397631568500732
-0.00256233185087783 -0.0227742825061605 -0.0503762797648242 -0.220663499122927
0.0229161622280625 -0.0129181722633526 0.244057352939852 -0.215027208512613
0.0134316236713431 0.0293509780978007 0.415731551657782 0.158281296935658
-0.0243164483437586 0.0111805664433099 0.0285343865070054 0.489203143918929
-0.00195319580435115 -0.0198230869494773 -0.288342033841039 0.246401721070393
0.00921206327258135 -0.0178470463232553 -0.0152114838154534 0.0598714075664392
0.00470561190709818 -0.000438796055001755 0.331950229250193 -0.182368950304832
0.00512919936049349 0.00743606774248151 0.0945157849951799 -0.530624558134476
0.0207521495057201 -0.00532280670900989 -0.392908648644141 -0.279922011347487
0.00547566234416612 -0.0296448663026278 -0.29561194889743 0.219294947622027
-0.0200114480293063 -0.0183749374013903 0.032839436881395 0.257944078580794
-0.0120621679775365 0.00442326841719906 0.100772109612531 0.0374371686505898
0.00381717213070545 0.0107266679327341 0.00711386832260332 -0.126539812166292
-0.00905873964182895 0.0010181026818239 -0.000389019257490934 0.109784615162327
-0.0154243884582937 -0.00879763361092547 -0.0972402570990775 -0.0112998671186613
-0.00147054599837739 -0.025947187055059 -0.0365741652447532 -0.224103194500525
0.0217021672579415 -0.0146512856263818 0.259531139521177 -0.195169859398921
0.0105532397461508 0.0331976943939964 0.401932303100782 0.193880565167997
-0.0259088282830147 0.0132525870954903 -0.0132887187746474 0.499309825169805
-0.00160695436579684 -0.0189790085201218 -0.303234817856808 0.230418844228814
0.00949929948596441 -0.0156932550679599 -0.00611125801212908 0.0554531183712868
0.00369727555929656 0.00216842412385176 0.322847782043681 -0.201017231539137
0.00532647878671862 0.0107265274819507 0.051359447636789 -0.530163652440934
0.0198385140968104 -0.00556261528618001 -0.414967593951699 -0.240285537981527
0.00214737971064459 -0.0326125123078999 -0.279302829047126 0.241998549431805
-0.0210050691473518 -0.0201093260199906 0.0466193856268693 0.254413801691667
-0.0121822625403873 0.00538901919402776 0.104746839800994 0.0295938604860391
0.000276961610164599 0.0119940227635545 0.0095318782518573 -0.126121121819888
-0.0101336907938543 0.00255538482837217 0.00182842294910143 0.108958302392231
-0.013151756232184 -0.00835180979162118 -0.0921869088458942 -0.0187487997684032
0.000244742202566869 -0.0276802972688328 -0.0235847382352071 -0.227488144411649
0.0211163090264344 -0.0146636381565291 0.271296954447998 -0.177220050179985
0.00857098148377969 0.036599789174219 0.384299345019167 0.228255832723996
-0.02692689806811 0.0142847139271025 -0.0538852517698137 0.505490117022019
-0.00219579878079149 -0.0158437401768441 -0.315953665069532 0.215072813483532
0.00660076835719433 -0.0122945361857016 0.00188629112496291 0.0521457418772712
0.00211332693640056 0.00712648125743553 0.313283878593222 -0.21737176004038
0.00655388220779968 0.0143338219104616 0.00988596154530604 -0.523956094800112
0.019396934274762 -0.00567869822344998 -0.431425081370628 -0.200113089371644
-0.00190252617287487 -0.033696872928491 -0.262233499777744 0.262617305740108
-0.0216368173558374 -0.0197210310249229 0.0604669976639427 0.249150532552636
-0.0110522478502615 0.00690444011845381 0.108950579077993 0.0220402291239825
-0.000422045351255841 0.0135464446891534 0.011250823679495 -0.125994352531111
-0.0109514784907973 0.00437456801586747 0.00300788864855974 0.10912862117449
-0.0105687815177768 -0.00684578286370887 -0.0869054169097535 -0.0233638565130708
0.00256724754077665 -0.0262831945269325 -0.0133573230364772 -0.230489771359518
0.0206195763888904 -0.0140562996990022 0.279675161140081 -0.160618366810545
0.00648841516112368 0.0379588894693428 0.366113231842816 0.259529306690327
-0.02723648521983 0.0157748907949391 -0.0896569062746703 0.507902305582028
-0.00516616290256661 -0.0118252657752735 -0.325176388875457 0.201971362875866
0.00133476252662384 -0.0083476443309372 0.00822251843343135 0.0495623762813119
-7.22391701990961E-05 0.0119181910368496 0.304209915653855 -0.228390076203161
0.00893652608235949 0.016321083537305 -0.0240422178491159 -0.516468405591712
0.018421315820651 -0.00645859148826707 -0.442562614736588 -0.168703984063116
-0.00460916391328218 -0.0338134214274834 -0.248634859067154 0.277872168503263
-0.0201445580737851 -0.0172976553994981 0.0717377833377019 0.243095001809602
-0.00817862927875531 0.00953509322542771 0.114162110979137 0.0148210551687974
7.1145700031877E-05 0.0156782412390183 0.0129593154182497 -0.125632204017353
-0.0092180439138362 0.00611691727924501 0.00418876506423933 0.108791174375626
-0.00725292815083942 -0.00358588063954786 -0.0832481299711076 -0.0259706335613601
0.00442378816831261 -0.0227117112274939 -0.00640983452805474 -0.23357891405132
0.0200029287952594 -0.0130761390646514 0.282742814965753 -0.151570965276276
0.00598738012926041 0.0383278494019558 0.353318644304347 0.277066171415132
-0.0264571184008285 0.0174530898594226 -0.110934273662365 0.511440489317787
-0.00961064201569592 -0.00767403111494671 -0.33130263570979 0.194936345550609
-0.00595818787365535 -0.00362416141088236 0.0123856640222064 0.0491698535528898
-0.00242123365632696 0.0175140198437789 0.298014957995637 -0.235039265485735
0.0109259149082672 0.0177747207772772 -0.0431620950205775 -0.509324309923887
0.0180060305891304 -0.00768470214349359 -0.448866143274356 -0.148298587258997
-0.00553138162708993 -0.0327794207383026 -0.240233651659109 0.286027573697969
-0.0180742603859905 -0.0138588994298504 0.078725245034561 0.237860254702958
-0.00482019356473263 0.0127304056847528 0.117516748742274 0.0110706876596655
0.00166376313688748 0.0166280923868646 0.0132834616221187 -0.124054132828124
-0.00707989987184246 0.0071383174551506 0.00365699494138456 0.109233100971018
-0.00413293588999927 0.000438485963413408 -0.0798257589274374 -0.0251912507431584
0.00663385454107754 -0.0169210398975892 -0.00459601120903799 -0.235886995088909
0.0192175752723071 -0.0103775305920329 0.280427142110662 -0.151084299023209
0.0069459686970839 0.0370494970888524 0.349383520211655 0.282025884194783
-0.0250982921361488 0.0183295260641071 -0.117924669530056 0.514310403895637
-0.0152304015836852 -0.00314569429868359 -0.333343708542091 0.195015094083077
-0.0135861261627871 0.000257230136141947 0.0118938411772531 0.0499241574197283
-0.00484259045300936 0.0222261100118627 0.295657321570747 -0.233181854646872
0.0137365547422741 0.0181925928338514 -0.046738006061304 -0.505609461946618
0.0180971509865075 -0.00885601760281348 -0.452278397583515 -0.142478973081087
-0.00504581809020823 -0.0297498009021787 -0.240326611116736 0.285865116814238
-0.0144302274205286 -0.00979404268486984 0.0797968843078986 0.234829080352468
-0.000267818301204422 0.0150636848301995 0.119977379900842 0.009667770444202
0.00438220263932643 0.0173421553915366 0.0132904813527989 -0.122919501292934
-0.00345323282752232 0.00787846357257335 0.00307846117341811 0.110133658204821
-0.000906457835930182 0.0040105190297073 -0.0795134126786407 -0.0222170399648784
0.0079683773338731 -0.0102556443805709 -0.00899807290775821 -0.236986822500067
0.0192958280901829 -0.00749039476192936 0.274483841188328 -0.160290826811853
0.00894230548067724 0.0343756106463101 0.353539251684577 0.272057657015265
-0.0224394918928714 0.0184994905793621 -0.104713345697199 0.518320700737993
-0.0196516660618613 0.000977143092502302 -0.329104674545923 0.203079350522155
-0.0205088899123356 0.00334561731808552 0.00879189341321744 0.0517764816273141
-0.0077603715757459 0.0248857473389701 0.299445159930458 -0.22725308189973
0.0148104153327445 0.0166747159186552 -0.0348811960176337 -0.507370236869874
0.0190797546938526 -0.0103979753433984 -0.452252175006853 -0.154397327830041
-0.00306755628188049 -0.0273651495309186 -0.249070086810268 0.27975111644873
-0.0115180678423071 -0.00482086433984635 0.0764057987653571 0.233775659582221
0.00306658417194616 0.0173249097106632 0.121580825029297 0.0116269877864482
0.00751130331149455 0.0180382240697618 0.0127845416046387 -0.122045762429468
-0.00351995590798186 -0.0013847462381203 -0.0032000357209571 0.110351113264558
-0.014567173333873 -0.00488864392057877 -0.101754802461149 0.00522442331134641
-0.00253847612788509 -0.0173839820702876 -0.0670847381248124 -0.213421906033436
0.0242037758722232 -0.0117510310908312 0.219512323824931 -0.234901076270599
0.0172903021788293 0.0251914637984256 0.421856730664209 0.113500838662951
-0.0219033789181474 0.010615821350901 0.0722597240744718 0.477505207842727
-0.00501668574400301 -0.0191226243550773 -0.269298931867067 0.264979566804129
0.00558194874410462 -0.0179251623772298 -0.0233427667615961 0.0638561930400561
0.00284151561659408 -0.000659401628375626 0.332454106023968 -0.166019777956666
0.00553980127549045 0.00455580251993007 0.127222007266996 -0.523716290497223
0.0221892036828547 -0.0057106550638451 -0.374622944705009 -0.308868393073441
0.0096062786523084 -0.0264287888509874 -0.306097940854624 0.197758383421664
-0.0188479601710371 -0.0145377853909986 0.0242672575896613 0.256743671116755
-0.010530594063846 0.00468560473643653 0.0981119996550674 0.0430649139099189
0.00702362573765058 0.0098516963612871 0.0040383603082902 -0.124512262698022
-0.00665082179119253 -0.000277802914010044 -0.000965035691159666 0.108778772123616
-0.0152982818040411 -0.00709126420965998 -0.0999068039912536 -0.00264748550626777
-0.00306274956821903 -0.0217436299802508 -0.0539596160666768 -0.218166141110868
0.0225893957460986 -0.0136234759216697 0.238197789085098 -0.216928039844917
0.0142107896606559 0.0292669823546869 0.414111166351155 0.149810488649595
-0.0239655824883916 0.0113669526430043 0.0360209535435666 0.48625794160875
-0.00262687581072193 -0.0203987425615499 -0.282791002041337 0.247879926858139
0.0093553479076939 -0.0179963613788099 -0.0140825188337429 0.0590533105725151
0.00429921097022005 -0.000413725331844209 0.32621974504654 -0.18584049034246
0.00496372024957095 0.00707957470396718 0.0848395639929389 -0.526257929774907
0.0206733192100827 -0.00516251480185974 -0.395160563493294 -0.272019823152711
0.00500997204837732 -0.029640360536074 -0.29040897384397 0.222607792049399
-0.0201908848851621 -0.0177181342447503 0.0371421550269485 0.254727942572266
-0.0118017237820799 0.0040642671796153 0.100748621513007 0.0356926522464792
0.00367776642816042 0.0101569663063342 0.00536690055224479 -0.125091386537186
-0.00945044154700778 0.00118289855735438 0.00152993969402249 0.108608388127295
-0.0153933362944813 -0.00819980406795158 -0.096055140537619 -0.0103769462221442
-0.00255038521561776 -0.0259003156832851 -0.0403204325058894 -0.221997800548373
0.0214264987355784 -0.0153183160795277 0.253380417951828 -0.198134048255992
0.0118151961993159 0.0325777597629653 0.401279684970828 0.185568891588438
-0.0254612072052764 0.0135751125604035 -0.00439445506012748 0.494980509965362
-0.00152672327483186 -0.0191040526335306 -0.297642578314083 0.232485768368604
0.00926495444047182 -0.015695668169297 -0.00534465528033601 0.0547989265345268
0.00391213633673005 0.00229490440516959 0.316837320861933 -0.203421435891909
0.00536606449841934 0.0106410657039767 0.0425530275898265 -0.524878145762103
0.0193616240741247 -0.00526070819752296 -0.414851684668602 -0.229837875762934
0.0012552459172017 -0.0321601373879186 -0.27266705250851 0.24533247834389
-0.0215968425505577 -0.0196654947481387 0.0513754747972097 0.252157063095247
-0.0116827905537175 0.0049891803227896 0.104459143974561 0.0275169721848227
0.00119070579195588 0.0117670111271714 0.00774681204183386 -0.125440309779933
-0.010487286876089 0.00263157644871936 0.00417043749677005 0.108119750848377
-0.0135361476869661 -0.00771480586427794 -0.0915382309910361 -0.0168857298940517
-0.000509219703994777 -0.026999876192514 -0.0277145530089579 -0.225654387113486
0.0206685497083154 -0.0155981462009363 0.266020228417634 -0.179357841099413
0.00891152427000945 0.0357801039474638 0.384331906509993 0.220800149286376
-0.0268334762430944 0.0146887625068931 -0.0454005646109214 0.502469138195184
-0.00269258561528247 -0.016037161824969 -0.308871249939141 0.217677711783135
0.00649872065462912 -0.0122715646355763 0.00260697169145628 0.0509563789103612
0.00218734176705145 0.00667921553726209 0.306847135592811 -0.219443580316922
0.00679872517183574 0.0138785117948247 0.00226794744017439 -0.518399346901832
0.0186186114491854 -0.00593021833180515 -0.431337297754295 -0.192354305703953
-0.00216021264659621 -0.0333859044600001 -0.255468904740482 0.2646591358806
-0.0213151233848537 -0.0188285946039829 0.0641493687527231 0.24611147546852
-0.0102635387284104 0.00714885426823592 0.108503678258032 0.0200707812504991
0.000209994932049444 0.0131260096981764 0.00912196872354795 -0.124789418744444
-0.0107955840258328 0.00426147755216093 0.00509370831947287 0.107589964420167
-0.0104250900472633 -0.00628178237385102 -0.0866201059756243 -0.022330421034574
0.00172551234029482 -0.0260165990871581 -0.0168942982758266 -0.22891061878181
0.0199124527195833 -0.0148939369895132 0.274314468530319 -0.163735266050464
0.00758534973153688 0.0376361662538776 0.366435407960539 0.250668753497381
-0.0271854469279512 0.0163766879338751 -0.081416903281602 0.505000813271327
-0.00500199666044079 -0.0120817361669144 -0.319930363699858 0.204599828431609
0.00115321910721848 -0.00855605525772816 0.00901553128050293 0.0490695946861561
0.000251588803541722 0.0116705872113909 0.297596611019884 -0.230615491511672
0.00890673352294285 0.0159373058845719 -0.031144157924888 -0.511150987313156
0.0177327100639892 -0.00644908384335618 -0.441206432639827 -0.15983789161461
-0.00487596631082949 -0.0335534619616473 -0.241801378152706 0.279366728163755
-0.0202985389121312 -0.0166981383690687 0.0755125088586696 0.240211636394053
-0.00782382973274402 0.0093763076491798 0.113014826661892 0.0131443820210575
0.000287999789025075 0.0147225440365445 0.0108304171974291 -0.124681007977703
-0.00962552094873158 0.00582438442152659 0.00652774928767717 0.107473233394095
-0.00711896045000651 -0.00312997412441878 -0.0827973388517861 -0.0246169284831556
0.00423735883879602 -0.022134060870337 -0.0101492106711344 -0.231485286509385
0.0195397187632081 -0.0129628506305978 0.27769251170121 -0.155560326377027
0.00738905925334084 0.037655874577025 0.3536055796505 0.267673827155768
-0.0263085678813249 0.0178520041226534 -0.101918666529106 0.51095098576778
-0.00950142604695165 -0.00767803572299173 -0.325344302406989 0.19796374830133
-0.0055397013252345 -0.00410167542406484 0.0129147869250946 0.047953114469596
-0.00226497966000102 0.0172914042673307 0.292263768553355 -0.236939060005222
0.0113013617524257 0.0177211936453122 -0.0501194604962369 -0.50474055325336
0.0180262258594359 -0.00753878146626287 -0.44735595637421 -0.140009302263766
-0.00605215662152548 -0.0319953759220209 -0.233646141937677 0.287653937419484
-0.017149866929159 -0.0136826271180132 0.0817384809586683 0.234540274037218
-0.00392444386535772 0.0121412561964776 0.116196783222993 0.00925258139934711
0.00140268128805104 0.0163689915475282 0.0113452907325267 -0.12302273973353
-0.00693541115106461 0.0069618490531927 0.00522298719162885 0.108206765697154
-0.00395822753764748 0.000203107715701221 -0.0798866531331393 -0.024005626076826
0.00584668593710396 -0.0164128189259251 -0.00861538194089514 -0.23404813154022
0.0187187069432246 -0.0108947447632605 0.27572053490484 -0.154869861513809
0.00796889193022234 0.0363719462719723 0.350458722888115 0.273116160328008
-0.0247352533269329 0.0190359726353907 -0.108099061260656 0.512685063588543
-0.0150626350309236 -0.00290233187185327 -0.326939476511095 0.197940928186078
-0.0133349180823471 0.000533779545387042 0.0128910367201362 0.0486295414923546
-0.0052559980655504 0.0215826790754542 0.289219896840992 -0.235191203718656
0.013546163497581 0.0177057591798032 -0.0547767466201452 -0.501134017789355
0.0178261477881906 -0.00915143818018781 -0.450087732899688 -0.134568116019499
-0.00555987256638657 -0.0302523790748109 -0.233830454367482 0.287402887139303
-0.0147405133357461 -0.0094250347038251 0.0835153091182952 0.231527407257692
-0.000362151867205127 0.0145907578379921 0.11893696864191 0.00843422299876407
0.00490088585385789 0.0169915076480567 0.0111020668987362 -0.122321232817205
-0.00380003622505651 0.00719380003417173 0.00496960979602961 0.108569932055089
-0.000840957837602972 0.0041388876947464 -0.0788129417435671 -0.0207526226367949
0.00732236691013034 -0.00988631169414225 -0.0133849874437933 -0.235305249326272
0.0188792935699243 -0.00826874559259896 0.269329342921691 -0.163556400996098
0.0100858834671398 0.0339559124499053 0.355049415602826 0.264776444760103
-0.0229725314376869 0.0194754748615686 -0.0963805583579492 0.516549528905855
-0.0193055898558837 0.00135623740998052 -0.324021642177512 0.20492322142294
-0.0201719127449724 0.00333854269932765 0.00972767189752921 0.0508250195701472
-0.00763187819569476 0.0247122761967295 0.293127162899415 -0.228950376293434
0.0148800865377617 0.0167640695731197 -0.0422508217244286 -0.502023333338342
0.0184781829996377 -0.010581818790137 -0.449990172349092 -0.146180362845379
-0.00367053386922754 -0.0267198627780293 -0.241832912782495 0.281348491807827
-0.0107942694613787 -0.00470602547363004 0.0798113502186056 0.230549253108326
0.00377623908827312 0.0169830210688418 0.120625968382022 0.00979469847838836
0.00839163668303436 0.0172848279880958 0.0106546522758485 -0.121475168249988
-0.00393563813529036 -0.00153165103677164 -0.00128158869094912 0.10873555140014
-0.0147317648008511 -0.00502029659691915 -0.100762933697656 0.00650721332203276
-0.00299157838170375 -0.0169063973543002 -0.0701430808110591 -0.210940658161802
0.0230215598576982 -0.01197162695837 0.213285934136737 -0.236023883434645
0.017733969852753 0.024284626084194 0.417848137003075 0.105981401545274
-0.0215224939973237 0.0107180808684109 0.0771983656102954 0.470920104096337
-0.00536808272345836 -0.0186364525302352 -0.262447034239241 0.264294086337649
0.00557707880261699 -0.0173783243490026 -0.0228342632425955 0.0628244593752651
0.00274627729050767 -0.00105816209940937 0.327482137247141 -0.168548632414586
0.00512435688700765 0.0040202058302599 0.118794664313534 -0.520042697103646
0.0218190661774325 -0.00569163477376726 -0.374682654470157 -0.300954868666663
0.0087327184431028 -0.0259149307476814 -0.299897431443984 0.200178551606494
-0.018480946707725 -0.0143242486861929 0.0278306586671276 0.253602121698786
-0.0101947806328975 0.00453628251026617 0.0974176485635166 0.0416097322775913
0.00727272008586583 0.00923762728498721 0.0023388728925621 -0.122606929489264
-0.00747800290861307 -0.000144703818025218 0.00108451141590173 0.107801115121251
-0.0154466418887389 -0.00629016499419842 -0.0989257551884732 -0.00155326885403976
-0.00387659815466043 -0.0217863235356052 -0.0570474404656887 -0.215090421657253
0.0216394657459268 -0.0137507910060238 0.232294575715609 -0.218240445988704
0.0152822697678788 0.0283619305323397 0.410946728233507 0.142483045594946
-0.0239221961037424 0.0116142982277498 0.0402271150043949 0.481379797665583
-0.00264446833605491 -0.0201174288034335 -0.277268208648753 0.248512399641321
0.00919483598113706 -0.017819256752457 -0.0130649254513052 0.0578543298205415
0.00389403708720032 -0.00119831409677398 0.319924119336472 -0.187559636676077
0.00465114677684275 0.00707443764887567 0.0763021202767361 -0.522515807801693
0.0200063892843977 -0.00598752021289294 -0.395111410627733 -0.262820593351665
0.00512519940443014 -0.0292258224426252 -0.283955011359981 0.223396773739632
-0.0203213092153062 -0.0173909856495975 0.0410359670112128 0.251880698773516
-0.0114929429394182 0.00403656995923726 0.100083443728234 0.0343496794245145
0.00421687482640238 0.00985606601817719 0.00351636620869108 -0.124065196834007
-0.00926745659228963 0.0012817264158479 0.00304037433355449 0.10673834877375
-0.0155084227177515 -0.00773129719866316 -0.0951409847548567 -0.00897753444684448
-0.0028717467832505 -0.025165414363655 -0.0436501727146191 -0.219765251620015
0.0208779947901022 -0.0152730583996378 0.247388916296522 -0.200722667270245
0.0129985691427734 0.0318227015747098 0.399030259898125 0.17806944040382
-0.0249142263981429 0.0133370379992173 0.00150440080767245 0.490346623805289
-0.00215565475630771 -0.0189215541185585 -0.291551735130999 0.233623997136455
0.0090294238503486 -0.0156270210327656 -0.0040642582652119 0.0545907360321899
0.00357989567448781 0.00210180139512569 0.310838822139613 -0.205251474426875
0.00504796418474061 0.0104607873158625 0.0347994825759942 -0.519800200118712
0.019165041974203 -0.00555192876328958 -0.413324924584242 -0.222502818604988
0.00120880020228159 -0.0314942944053812 -0.266047909438958 0.246662129780156
-0.0212453899666369 -0.0192141235013025 0.0549488382761183 0.247942066852558
-0.0114980224639903 0.00476565404585595 0.103677039946045 0.0259826523137304
0.00159474873351196 0.0114250846233246 0.00620134193982922 -0.124194122448699
-0.0107386996514447 0.00272281635513272 0.00549759936344962 0.106299866084862
-0.013195907214147 -0.00756679680564889 -0.0905605869629225 -0.0155485071270368
-0.00120301466785316 -0.0268183479740353 -0.0307885341624614 -0.222921703422048
0.0203999869615873 -0.0157567585676172 0.260233351499554 -0.182643492428916
0.0105410653810739 0.0352340994580274 0.383323827061299 0.213054773274723
-0.0262329987105856 0.0149431533110359 -0.0381216540173638 0.497217170923606
-0.00288137321287606 -0.0159129998774519 -0.303356507121078 0.218758009878724
0.00600933335364519 -0.012362115510534 0.003468392311586 0.0507017950984616
0.0025017833965766 0.00670073137150731 0.300327975393405 -0.221303949181133
0.00671243188371596 0.0140116764195733 -0.00479484518499685 -0.513059464479614
0.0184941266119218 -0.00561343310011386 -0.427492530749842 -0.184174557313855
-0.00221219827596355 -0.0331682138338877 -0.249144132919921 0.265091605745735
-0.0212216296214358 -0.0184197020957909 0.0670494310098462 0.242402265720949
-0.00988558383384942 0.00684541370484635 0.107605581201151 0.0181216611999417
0.000655213895159787 0.0124936661705853 0.00739982933946404 -0.123636505906572
-0.0108193203757442 0.0042475365764043 0.00640580416228917 0.10634827604055
-0.0105997242925511 -0.00584220760810893 -0.0856247059277356 -0.020932086877031
0.000921649443067826 -0.025580366342305 -0.0208845634325543 -0.226469529228834
0.019282022773493 -0.0152761738612018 0.268755042644516 -0.166840511083304
0.00839502975388887 0.0368028287690059 0.365623340633328 0.244735644825222
-0.0267479005781287 0.0163842812787579 -0.0723454876801847 0.502966271629324
-0.0053763130052743 -0.012306882680801 -0.314252563876023 0.206601941376878
0.00129238484530119 -0.00832092559859226 0.0101359208362111 0.0477854495528964
4.53344725658217E-05 0.0119974114076132 0.291610242683139 -0.232059300595369
0.0089122322155697 0.0160309041939847 -0.0370225927827674 -0.506516139259798
0.0176038101866167 -0.00682567959941179 -0.438859869784918 -0.151145836753418
-0.00555430236156418 -0.0334371591138911 -0.234640410725422 0.280500310199817
-0.0203143210564688 -0.0165536030238053 0.0784745509714105 0.236437216441773
-0.00678293674515162 0.00941007405236506 0.112228274697547 0.0111063993811277
0.000522417549115516 0.0145448547673219 0.00878266035505756 -0.123078415589691
-0.00942683503248703 0.00564515528802387 0.00784845980565982 0.105959292041877
-0.00727688818359511 -0.00321387002009973 -0.0817143140433951 -0.0231433948518956
0.0033016446549097 -0.0217171412325618 -0.0144325682873297 -0.229591950063033
0.0185011158314605 -0.0136740649560073 0.271868665054999 -0.157676261463254
0.00785788909473605 0.0372957636879056 0.353816139366886 0.261720421022861
-0.0260306237531882 0.0175912504705553 -0.0937150252409278 0.506558843214937
-0.0101856707939938 -0.00757188090573808 -0.319804343673509 0.201300934711983
-0.00550737467167263 -0.00385689476255655 0.013245946951209 0.0470786268965454
-0.0018074151500745 0.0170881801284482 0.285358693643579 -0.237460387657256
0.0110187903616839 0.0173639216657076 -0.0556029657851458 -0.497590941986847
0.0171642470730772 -0.00779307303258294 -0.444354248751237 -0.131818193819558
-0.0064740824499154 -0.0316643277191315 -0.226520894802114 0.28804346624753
-0.0178401193039985 -0.0129002952126027 0.0851930782514523 0.231041342626852
-0.00365803646361359 0.0120130156725118 0.115267068138174 0.00782164829317073
0.00239351167504983 0.0153715786780891 0.00920469337166932 -0.121685032918714
-0.00724544850548457 0.00723565385607542 0.00725545903850777 0.106122017181634
-0.00343904865394819 0.000212742577224065 -0.0793592544515249 -0.022842443603108
0.00538081765103864 -0.0161039880440212 -0.012477461636316 -0.231509525951646
0.0183942437778531 -0.0107848079997124 0.270179915283871 -0.158001544516846
0.0090495016377502 0.0359261307535258 0.349281205557658 0.26598180712575
-0.0248801603086461 0.0186712238991923 -0.0997789194933474 0.509794352273434
-0.0150304482880189 -0.00284908307710818 -0.321333809579995 0.199656273140972
-0.0128306009711803 0.000285259610216002 0.0132538046764948 0.0477589847620055
-0.00453891149699851 0.0213178513006177 0.283752137831135 -0.236396791134124
0.0133712677359759 0.0172541217814202 -0.0603944401318992 -0.494570928518585
0.0175980907629189 -0.00947633004200512 -0.447674994631148 -0.128566244019965
-0.00606789481449123 -0.0292605591437483 -0.227053986212475 0.287943733468791
-0.0144597384402682 -0.00896930537916922 0.0862276773548613 0.228180216626018
3.01712501013084E-05 0.0142095175395731 0.118219545401412 0.00623104057208542
0.00521144608645073 0.0166197777464866 0.00927560599778729 -0.121126063094666
-0.00379780075065011 0.00753581278680364 0.00669420049185132 0.106965956617825
-0.000514702291362981 0.00443218620319328 -0.0781258568190586 -0.0197048300739755
0.00702787113448663 -0.00970649696531212 -0.0171678370703842 -0.233341398138912
0.0185969564111428 -0.00851892429104169 0.263938189244142 -0.16645178586325
0.0108755616278332 0.0328817705347996 0.354492447232641 0.256771847655901
-0.0226836199710288 0.0191414307429573 -0.0881914907016759 0.513073255240351
-0.0196510382188895 0.00115315434593521 -0.318090639948685 0.208008525507593
-0.0196808654696082 0.00357005093554366 0.0102890968268521 0.0496963696042099
-0.00702780701615759 0.0243542241557446 0.286862513738485 -0.229887444332925
0.0148206210139145 0.0163390098113328 -0.048772150440144 -0.496152343387271
0.0186819734975451 -0.0106632002774267 -0.447967121972589 -0.139081186556873
-0.00388832115647525 -0.0265303381129577 -0.235614672340785 0.281889979977679
-0.0110077492818475 -0.00498036125944945 0.0823217260592597 0.227118905947307
0.00434013751350132 0.0164472204142609 0.119318213454533 0.0080827518816758
0.00898701409664824 0.0164237100256626 0.00894061855560533 -0.119508166481573
-0.0042375917380721 -0.00164289505382716 6.75304609685883E-05 0.107152497703169
-0.0146316864228003 -0.00433618224202378 -0.0993626151536768 0.00820904755354428
-0.00320886417999929 -0.0161305774308031 -0.0722231555576871 -0.207510376777512
0.0225597040091313 -0.0127852781979475 0.206902467591952 -0.236030339040911
0.0183349407115565 0.0239264624467533 0.414818644827353 0.0999169588868571
-0.0215401081417093 0.0107143472327075 0.0805029036399886 0.465742544921783
-0.00493197203130558 -0.018209307986715 -0.255788486711588 0.263171530115366
0.00584513166165555 -0.0172992632922363 -0.0214245208220303 0.0623020614072144
0.00253508419589735 -0.00112684672724854 0.320999580502914 -0.169548602657025
0.00477878214705123 0.00432392441704002 0.110196859481495 -0.516059792949824
0.021558752495649 -0.00611500841702383 -0.373699268178969 -0.293921559546417
0.00848606591033118 -0.0258586165099953 -0.294158482071648 0.201118551768617
-0.0183867644330153 -0.0141103979115255 0.031087865029381 0.250233686407474
-0.00973739199488621 0.00438145749381279 0.0966598281051642 0.0398600424460155
0.00759910021238584 0.00852748807232345 0.000864901703096725 -0.121001202031213
-0.00705364372941256 -0.000314498467957424 0.00221466142458622 0.105976187697574
-0.0149026484337697 -0.0065314966471593 -0.0979090288963544 -3.92855915385543E-05
-0.00460201216692133 -0.0213412575681235 -0.0592114107168686 -0.212112958845491
0.02129944532305 -0.014278813002301 0.226257000755673 -0.21966780576476
0.0158125198006017 0.027575042250547 0.405904203319798 0.136204682616522
-0.0236789770914941 0.0118602339636769 0.0459038557654164 0.475883630437079
-0.00270640854213828 -0.0198517822571867 -0.270078400586703 0.248473261067792
0.00894657583820352 -0.0176782876110448 -0.0126628393774574 0.0573638786096562
0.00415001713406037 -0.000676966220685856 0.314634122994513 -0.188144386678782
0.0045339400157135 0.00645876812693043 0.0717233272798841 -0.517789751279419
0.0202090026732676 -0.00571435227851083 -0.392250377273674 -0.256355203061306
0.00499844821045052 -0.0290290198096693 -0.278898578974753 0.223862456587473
-0.0201974541299038 -0.0171413905706279 0.0431513529944508 0.248499605934442
-0.010837952461861 0.00401269839656351 0.0996547402761161 0.0327096706953809
0.00409600540479905 0.00951098668924134 0.00262555199448731 -0.121972181829727
-0.00968423882027882 0.00109160549699738 0.0041430948708773 0.104926550767809
-0.0150823537983009 -0.0073729677082215 -0.0945570997551703 -0.00756539512466795
-0.00329637819975777 -0.0248964567783259 -0.0461960804176266 -0.216658956366812
0.0205065464112627 -0.0160102790613099 0.242368215571677 -0.201744650909529
0.0133572246010972 0.0312584422191328 0.395372222755246 0.171642921015647
-0.0251716113616105 0.0135636824346624 0.00708388066132485 0.485239168343883
-0.00183925582323769 -0.0187793479226092 -0.28586009688313 0.234157031887736
0.00864167877333497 -0.0158100174538078 -0.00434272251995721 0.0534796683105051
0.00363182506920934 0.00189956287828333 0.30490092232034 -0.205097825362529
0.00495014999184792 0.00978853322483273 0.0284745388095078 -0.513268455833613
0.0187558459707649 -0.00579940499214309 -0.411030715384223 -0.214680566149132
0.00067490338142066 -0.0312993550092585 -0.259992838388557 0.246434714750074
-0.0211952258240346 -0.0182603399364045 0.0573537690266975 0.244713194553227
-0.010951369921167 0.00480383443058885 0.102996742011805 0.0248431326620232
0.00204804365489355 0.0107512986175309 0.00444606085328361 -0.122663461882139
-0.0106649139033245 0.00260506306122066 0.00648413116487857 0.104091517582274
-0.0131698462857904 -0.00701280924258347 -0.0898272926542365 -0.0149890811255431
-0.00198560004726937 -0.0265750550636696 -0.0343677540201219 -0.22028682663134
0.0199027573253608 -0.0161968930679579 0.254437673860339 -0.18412076103008
0.0108743836349677 0.0344704073637298 0.380372433431101 0.206553444288887
-0.0261859598356911 0.0149952210011451 -0.0329520286752524 0.493724692737331
-0.00289569436187974 -0.016057541893413 -0.297102582926347 0.218560002136542
0.00602392197602396 -0.0124805632770598 0.00415839536498243 0.0494294402944859
0.00222479367384435 0.00596010049415923 0.29441181705038 -0.220899458534754
0.00657997890462548 0.0132123788934738 -0.010970215802968 -0.508026580135927
0.0177448832773706 -0.00608028742063091 -0.425066866022245 -0.177116024175687
-0.00275627190312655 -0.0331112346713966 -0.243380455520933 0.26525165806946
-0.0214557567347037 -0.018049553336482 0.0701376804601846 0.238674069047449
-0.0097041255285167 0.00702427755029905 0.107025778781619 0.0166357157433116
0.000770439393870646 0.0123253976139911 0.0057140646721737 -0.122258093579722
-0.0105921011866761 0.00392975604701897 0.00738998270882148 0.103997744652371
-0.010968287948313 -0.00549131310250244 -0.0851405914652885 -0.0196229817170211
0.00035558526791425 -0.0252676186633197 -0.0232415294051427 -0.223908510183364
0.0190382093345599 -0.0154673992114759 0.2632382042734 -0.168698874173462
0.00934694355509258 0.0359929727101762 0.363792803799968 0.237072706471759
-0.0261358336733358 0.0165569130997662 -0.0667192592114575 0.497577373044749
-0.00618898524427991 -0.0120306859608688 -0.307754699169421 0.207768011299315
0.000966714488986127 -0.00810311343707356 0.0105335566856278 0.0469337942012106
0.00036991522790366 0.0111810235204415 0.285364295857008 -0.232201023968716
0.00880674261385241 0.0155791600666647 -0.042158732113763 -0.498562191672432
0.0174318313768623 -0.00679620880104266 -0.434792795210201 -0.145942404406238
-0.00537905144811799 -0.0321889802837995 -0.2285002240162 0.279488667497319
-0.0201334849365092 -0.0160591029568076 0.0808485436499554 0.232801752079581
-0.00710379671424544 0.00878163043968173 0.110907507087916 0.0102100870409525
0.000984247927314888 0.0141514559370571 0.00772339034542882 -0.121924300206664
-0.00943232931171469 0.0060371546649412 0.00903164761032145 0.104118693373879
-0.00711377512365969 -0.00249775749368871 -0.0809986284156656 -0.022165662416387
0.00253595669054115 -0.0214922677707377 -0.0168798584625755 -0.226302666708587
0.017839321472347 -0.0141661818112976 0.266194453330651 -0.160098786353545
0.0090640792121807 0.0368660832812537 0.351689199067073 0.253605871240622
-0.0256144342144489 0.017918274336823 -0.0873206917706156 0.501896547429971
-0.0100356892045335 -0.00750924598058029 -0.313799568463105 0.200327386828042
-0.00545986115835054 -0.00398717811790554 0.0139871906631309 0.0461125513797776
-0.0017972722755094 0.0165589717754675 0.279570697999242 -0.237583247876845
0.0109986379063864 0.0169711400302999 -0.0614931391805517 -0.490669913236891
0.0171024508247456 -0.00776108355227839 -0.440199045611095 -0.125545374503286
-0.00643414175566242 -0.0310052035320558 -0.220892960153101 0.286423025134725
-0.0176826138434284 -0.0127581314738325 0.0873038329626282 0.227436699151387
-0.00304180004404471 0.0116921947190221 0.114236196795967 0.00612988750879145
0.00246808575736751 0.0149448847652431 0.00793138070337098 -0.120190313019678
-0.00737753936664542 0.00709326227137728 0.00862243051581085 0.104729795682373
-0.00364147707036409 0.000948495858550606 -0.078509956855501 -0.0215905812760163
0.00462376418978535 -0.0155246968188745 -0.0156488722710589 -0.229201374909146
0.0173691964916597 -0.0110736771531539 0.26405633211424 -0.159908727180593
0.00972045694739787 0.0350864279509306 0.348086536544162 0.257990917493497
-0.0240076695531881 0.0187828268212471 -0.0937417912067249 0.504617072727475
-0.0149490270920184 -0.00295296873041743 -0.315629396946189 0.201173442865663
-0.0126337411419303 0.000746168176481704 0.0143706401502185 0.0467441388513124
-0.00423755090030042 0.0207810568417459 0.277763299727944 -0.235773330514159
0.0134158085666074 0.017168035225657 -0.0645636164546766 -0.488989672242755
0.0171294015557734 -0.00951246309423469 -0.443910467002856 -0.121466079203831
-0.00602143261968589 -0.0290153303479886 -0.220680503542764 0.287981744708617
-0.0140018200578774 -0.0088827582970824 0.0883999888540951 0.224306547709001
0.00031424584795411 0.0137869776511815 0.117279894989254 0.00472785874367741
0.00563984031938388 0.0158247060191498 0.00781920227059085 -0.119486332897042
-0.00398589400923775 0.00756424494064425 0.00765779689786292 0.105014735344065
-0.000640066070185738 0.00423999786924869 -0.0776255393026033 -0.0188408538736438
0.00636977874662207 -0.00937779533527069 -0.0196117137025979 -0.230797544214325
0.0174962537401934 -0.00887290787031477 0.258630696083217 -0.16759308707633
0.0114982230295459 0.0321249861316459 0.352255126558607 0.250401428627199
-0.0221349597308251 0.0192985300183798 -0.0816455008564459 0.509263788452952
-0.0190391826618027 0.00151776233796739 -0.313111891595169 0.207715994055268
-0.019249162806889 0.0038145541288587 0.010536103698397 0.0488730786412015
-0.00681975105425584 0.0239776083874302 0.28071407391007 -0.22974681876554
0.0143864087164268 0.0158602952147024 -0.05366211664952 -0.489254502462834
0.0181671818906276 -0.0106522817470032 -0.444473485736457 -0.131167863214112
-0.00411619425189505 -0.0261441908549153 -0.229296837280613 0.281932496513127
-0.0109966991724441 -0.00428771038217352 0.084466596099352 0.223387881326234
0.00461192355725813 0.016102925932913 0.117936221446845 0.00660883991699228
0.00887564137521434 0.016164273683916 0.00704537645364559 -0.118245141028578
-0.00441773771726448 -0.00134443403218707 0.0010973531140271 0.105594173195872
-0.0141807157561699 -0.00379227045806559 -0.0978753348883043 0.00835538166072478
-0.00365017070334371 -0.0154942943800598 -0.0734669961996215 -0.204438939928573
0.0219286216896388 -0.0130116161626035 0.202585555360748 -0.235203498105606
0.0190209129410044 0.023331602523492 0.409188030683813 0.0954749787343329
-0.0214732871127303 0.0112647304448596 0.0848726803116006 0.458755466517947
-0.00558983362217056 -0.0181742023455533 -0.251333986969613 0.262901501077643
0.00509182251274328 -0.0174125191535424 -0.0206688904907227 0.0611263347681329
0.00260625709064311 -0.00166081670838316 0.31521493730359 -0.170046976142249
0.0049139333322029 0.00399934030394672 0.106179746792488 -0.508498538309801
0.0207648625919938 -0.00625017367959983 -0.370573718811963 -0.28568471574744
0.00809038855086842 -0.0258973571669307 -0.288882680315196 0.201503766844204
-0.0182350360980563 -0.0137193180915878 0.0332283348034618 0.246840532444748
-0.00908600267683412 0.0043785432695629 0.0962020419868604 0.0384323616175056
0.0078589570021251 0.00801627797558005 -0.000111318952403288 -0.119322309777309
-0.00718487800538975 -0.000376285032792463 0.0032584783176756 0.104078549181737
-0.0152567802635121 -0.00550393537789513 -0.0959432095830154 0.000395346741423202
-0.00451262383763583 -0.020994589878329 -0.0610809164964244 -0.209024113525065
0.0207137563603131 -0.0144687731642622 0.220257108923056 -0.218735026557118
0.0164449513530402 0.0271978389269066 0.402390967324874 0.130257034252984
-0.0234248103335224 0.0121008504653672 0.0502085337879258 0.469342875727509
-0.00299788249814639 -0.0197084783319663 -0.264447356838183 0.24739072227477
0.00842674486164911 -0.0174738117592205 -0.0112835899100038 0.0562481041466493
0.00383262488522543 -0.00128086587730298 0.307970256049366 -0.187472595657547
0.00422801504954915 0.00635305917786144 0.0653056540571137 -0.509666469828881
0.019406822514447 -0.00610066589242263 -0.389753963128077 -0.24786549248598
0.00435157620064756 -0.0285703910003913 -0.271838340755277 0.223841691283292
-0.0201320035527383 -0.0165308829563917 0.0454646235144648 0.244946594840328
-0.0104225357008992 0.00388268314866009 0.0985058297988722 0.0318219617247587
0.00430686844040588 0.00925719560156681 0.000972168880301453 -0.12041112139279
-0.00961013851370413 0.00106500299381023 0.00566650958454113 0.103728427942653
-0.0148445996856893 -0.00695117585400113 -0.0925585612094921 -0.00675201839939619
-0.0045107670066529 -0.0246737673330957 -0.048672952606122 -0.21319320723942
0.0199866967735318 -0.0158843730454492 0.236092058577946 -0.201674491643994
0.0141791787891443 0.0304666698702649 0.391044379853803 0.165496843024356
-0.0251103453725021 0.0134099830823339 0.0108127152399022 0.480037516128079
-0.00250781680466645 -0.0186850928538086 -0.279460305353667 0.232514784467112
0.00862512913660139 -0.015425711153909 -0.0032571685853852 0.0518495597462922
0.00319699677565806 0.00159491963628165 0.298996127498902 -0.204983110003333
0.00473108864879191 0.0100243865607213 0.0235971088516489 -0.507071895771106
0.0184799901815478 -0.00560220764776368 -0.407548668182406 -0.208176251133531
0.000564680909869688 -0.0309189656194676 -0.254222433557098 0.245247246672579
-0.0210323359170459 -0.0179385938648584 0.0596149930583717 0.240923852122795
-0.0105277543982357 0.00498002126303952 0.101900502374271 0.0236984773233958
0.00208467433855874 0.0102942440074771 0.00346593168001404 -0.120676661115093
-0.0110608584088922 0.00266096860160756 0.00760708040639887 0.102249454557645
-0.013182371212244 -0.00632162985753746 -0.0888258721104752 -0.0135563640579924
-0.0024385032847931 -0.0257996528130063 -0.035741296010646 -0.217120376064612
0.0191010893393186 -0.0163051384339987 0.248852263978798 -0.183876471922576
0.0117484516008548 0.0337667747773551 0.377020970076748 0.200367796746416
-0.0262684705212701 0.014805436594273 -0.0275530114325105 0.488160901237683
-0.00344222892953863 -0.015725127330627 -0.291202705995716 0.219404787378172
0.00595687086557 -0.0120603816629511 0.00439747864476866 0.0483483453887783
0.00203837995836985 0.00588531719092587 0.288656279500311 -0.220141372846156
0.00642558533525157 0.0132014171988505 -0.0146946622314089 -0.499499224937754
0.0176336522411564 -0.00607943523919478 -0.421076226938139 -0.1713643502118
-0.00302249508536119 -0.0323122341446194 -0.237222210312354 0.264212897980548
-0.0212835547304149 -0.0178060288960907 0.0715348408920355 0.235052277341047
-0.00891961750762564 0.00613190300349041 0.105412358043194 0.0153159057382749
0.00100200481116 0.0120216614128709 0.00422314390423791 -0.120363542618194
-0.0108921535098986 0.00452391784614122 0.00895777036959841 0.102371161170641
-0.0104774876215156 -0.00549690480601766 -0.0843293571325456 -0.0186588945940256
-5.10227026749542E-05 -0.0247958597742036 -0.0258529989007 -0.220864614142081
0.0182144158604954 -0.0158626111939466 0.257568493422558 -0.169321986324619
0.0099940040267324 0.0355825029613205 0.360364680000219 0.230445787521552
-0.0261841163211748 0.0167304165256706 -0.061772432935864 0.492861027760609
-0.00598564630398619 -0.0120892859246936 -0.30190343547058 0.206640666696364
0.00125938969686627 -0.00806717804356076 0.0106975364992928 0.0460443380554174
0.000351324753703424 0.0103736310798765 0.279128273792015 -0.230742089925253
0.00844217886097274 0.0152823939942261 -0.0450777753437862 -0.490704118120354
0.0169043228750944 -0.00694551407298282 -0.430973488362227 -0.13979013785638
-0.00569764789449806 -0.0321919275271969 -0.22335266968973 0.278642454305415
-0.0197641965025303 -0.0158181975195658 0.082099565645452 0.229178349883314
-0.00643788880588458 0.00903552976666639 0.109987615810892 0.00875031180603942
0.0014378533225269 0.0136708637205492 0.00629231534611042 -0.119993462042796
-0.00960616585170462 0.0053599763189085 0.0101991501408361 0.101758199973802
-0.00664475136732999 -0.00228637865316782 -0.0798669240842388 -0.0211479291731542
0.00224137771967577 -0.0210793282668934 -0.0195516082944063 -0.223989807064108
0.017769187836738 -0.0139884506072443 0.260396367466757 -0.161451811639583
0.00953855967690732 0.0360234710609069 0.350525337275237 0.247299439044258
-0.0255247967103802 0.0180286020937268 -0.0801021432426706 0.498115655519361
-0.0099919095495418 -0.00723658048764002 -0.307612363766326 0.201046146501847
-0.00525920144729451 -0.00351277110017583 0.014251337717455 0.0448017900082825
-0.00165036374626465 0.0161287515817126 0.273362642169401 -0.236088497619489
0.0110968720533544 0.0164060434814566 -0.0633112242092484 -0.483559240947433
0.0167689327897909 -0.00806975447523767 -0.436426379487197 -0.12000202400085
-0.00663213015144832 -0.0305519632532948 -0.215199544441591 0.285003027173977
-0.0174987761631976 -0.0125794569666544 0.0886502985377952 0.223719193753598
-0.0026037239015542 0.0116613124820846 0.112947480230898 0.00491577297937671
0.00305494019180195 0.0145268259233742 0.00676064865110463 -0.118794019889352
-0.00715491848676687 0.0067400239159594 0.00934539125271451 0.10254621729487
-0.00330492658111985 0.00149066357372879 -0.0778341765637477 -0.0210547762026443
0.00429395981776865 -0.0157071281106694 -0.0179662025968967 -0.22583094156758
0.0174522349646565 -0.0117153330133063 0.259331118444358 -0.160764625471109
0.00997918596374175 0.0342308156825891 0.345490338015173 0.252111883100772
-0.0238146965178767 0.0189419614554863 -0.0872842390508155 0.500021373112744
-0.0151717205700967 -0.00264740294481944 -0.309196931460989 0.200608469976801
-0.0123810069088828 0.000668793958161996 0.0141060662946143 0.0458289987110861
-0.00423489149544664 0.0202890049411355 0.27189658367736 -0.234568687601413
0.013001641544961 0.0169258329075615 -0.0681481748520509 -0.480231488410526
0.0169868492162946 -0.00955381452931977 -0.43898827197297 -0.115733310343125
-0.00635173603843082 -0.0284718166247843 -0.215040668511429 0.285266137155163
-0.0139529138223105 -0.0085847992207843 0.0897352896802845 0.220389077739332
0.00131208169972936 0.0135775872080507 0.115433041672154 0.00397800657674616
0.00557696965284998 0.0151029978904375 0.00717388419609657 -0.117782366216606
-0.00423498516640551 0.00716600858404279 0.00853499069898628 0.10281777611736
2.96388019948861E-05 0.00453365993356233 -0.0766884972126012 -0.0179866820948461
0.00650669869441489 -0.00916422832679028 -0.0223035574602922 -0.227678078020833
0.0177664221230035 -0.0089436579751751 0.252828835777909 -0.168326418062031
0.0121949465325756 0.0313287818771105 0.34946619602718 0.242250519836947
-0.0216882191491581 0.0190887060837668 -0.0752239462433226 0.502729580559076
-0.0190465550963374 0.00133026388549708 -0.304715217817123 0.207978749100125
-0.0186668435787694 0.00374461561457523 0.0106892651500439 0.0478973190109582
-0.00704285746138999 0.0240071022494199 0.274696584092372 -0.229086297711555
0.014603026452157 0.015509832891732 -0.0565545148406729 -0.482812351691685
0.0174815071633336 -0.0104926589058556 -0.43849234324001 -0.125194697268659
-0.00429975185026436 -0.0259110077762442 -0.22293258822386 0.280055965559581
-0.0109689107013627 -0.00433187506470516 0.0866674415756648 0.219331922418263
0.00446790757170362 0.0151598738022883 0.11669890667702 0.00593121600564762
0.00891776406719148 0.0157058135727574 0.00601431215011636 -0.116333663997204
-0.00309088888154011 0.000463192555250857 0.0177933063078956 0.10166274047123
-0.014319523477974 9.57320312493177E-05 -0.0955122139155603 0.0230551812751879
-0.00976504507572386 -0.0146711681785201 -0.104168103555365 -0.190731516438832
0.0155139969426191 -0.0213104879253123 0.166968156025875 -0.262456504103257
0.0254499491720461 0.0115600094622289 0.418821041308374 0.0349276028574129
-0.0135453300406696 0.0125113850719254 0.147517902448447 0.444370659448813
-0.005884653693309 -0.0143119722446576 -0.216015888971252 0.293422004360528
0.00400616310287585 -0.0171343149630329 -0.0122906145877067 0.0625395438433296
0.00132316247575171 -0.00441163496278951 0.288913950424427 -0.214107060596799
0.00353225012490084 -0.000231091182755019 0.0260675123688413 -0.51981391893236
0.0155668331935967 -0.00852172368241131 -0.408718074971171 -0.226077162147755
0.00069901770565748 -0.0243067445006031 -0.253262614501575 0.240271312196119
-0.0192623698821535 -0.00902775738192488 0.0706586581340145 0.23672944737284
-0.00700349001621337 0.00617910164889598 0.0995254706227891 0.022932561441788
0.00757033730753643 0.00495762570367147 -0.0159897291122483 -0.115647422143129
-0.00609694389014702 0.00190091083448185 0.0195868203959181 0.100241984088609
-0.0157766049866219 -0.00186662237807944 -0.0951971165021813 0.0155228529911522
-0.0112757987207322 -0.0198496136325756 -0.0919635822379166 -0.197432269040271
0.0143518742223628 -0.0229460464341567 0.187398445505469 -0.249178914779564
0.0244762471881836 0.0163528550706055 0.417323461507088 0.0699808713932174
-0.0154222887813891 0.0139470781778783 0.115574398481751 0.459713529873253
-0.00329283670078388 -0.0159805131325435 -0.232701615186134 0.281611436536658
0.00672869896706189 -0.0175321294791171 -0.0030599039006893 0.0570041039686704
0.00268705248901612 -0.00454668357545261 0.279399754385385 -0.231105231668312
0.00314817155676777 0.00219663247811392 -0.0134545722307211 -0.51533805663058
0.0140996341137192 -0.0075269402179408 -0.421401461902103 -0.186200372181623
-0.00277513663696624 -0.0261852568295259 -0.232826530846588 0.260319563955814
-0.0212751193093094 -0.0119238772663233 0.0830343411095335 0.232296011396605
-0.00811403662825256 0.0058051221378745 0.100446973663424 0.0151090038406524
0.00493704605032141 0.00652915036345931 -0.0148705909084735 -0.117074817162601
-0.00808506844864549 0.00355135586621478 0.0215697221454377 0.0995453701497058
-0.0157425797955644 -0.00306626212473657 -0.0932342864496376 0.00708877655015083
-0.0112353135616519 -0.0235048586890243 -0.07998780078061 -0.20393322946554
0.014515530777663 -0.0248149890454748 0.205633233840009 -0.234182005458808
0.0233610996941266 0.0202196170156691 0.411987340690785 0.106529583957003
-0.0165044965110261 0.0161801680576437 0.0774455034750151 0.475106234116797
-0.00305055155927761 -0.0147558157706355 -0.248479743095059 0.268861604297243
0.00704435503247138 -0.01575336940287 0.00432203829358976 0.0512252677821069
0.00254897166859169 -0.00205529779782845 0.266416517640952 -0.246581218377082
0.00384773620049933 0.00576783210724314 -0.0540263925795811 -0.505406429859626
0.013178465883567 -0.00705801033417928 -0.434388967543877 -0.143545316141478
-0.00643993949555488 -0.028203483458339 -0.212095355229477 0.279428928133848
-0.0226362919621856 -0.0129238236809614 0.0956483241406994 0.22642118623119
-0.00828299285986278 0.00646098582262029 0.102901332171407 0.00690232326771728
0.00269989186063173 0.00825266698955661 -0.0125577450476412 -0.11772888353317
-0.00891808236895178 0.00513019645361621 0.0237809869272692 0.0978507349756323
-0.0146245840209201 -0.0032002888883338 -0.0895193343064842 0.00030798462035934
-0.00987054494628453 -0.0251302492958519 -0.0686397944479892 -0.209683071168172
0.0134633812074552 -0.0250766311753245 0.220392093817257 -0.218812299574558
0.0218162725575291 0.0241489152852204 0.402554222332767 0.143633967904902
-0.0169644363386362 0.0181472399784563 0.0408938900450825 0.489025928621196
-0.00353680557111681 -0.0125358543784462 -0.263031904375869 0.256831544269235
0.00473816189177966 -0.0124196377962412 0.0113883092303182 0.0472532726338209
0.00138103582270188 0.00251864795337136 0.254836183333103 -0.260494624729873
0.00546309719911075 0.00882636046986503 -0.092455792766314 -0.491548614459293
0.0122972221361053 -0.00691619108606373 -0.441777926889727 -0.103585572080555
-0.010084270351822 -0.0283459784078384 -0.19316382906884 0.294754438307721
-0.0219282484078907 -0.0126964412831293 0.106955233541853 0.219338492896207
-0.0064913388315797 0.0079538330026189 0.105743779985051 -0.0012129483346361
0.00181189540167976 0.00953649156658639 -0.0117204875776046 -0.117754680294923
-0.00896954244353043 0.00644163435308419 0.0239096323242435 0.0978908015909265
-0.0113819815685246 -0.00189157072236981 -0.0862003563726583 -0.00582378899718838
-0.00734814633168491 -0.0242772372893032 -0.0587071447766001 -0.214824419984391
0.0133255070654528 -0.0240187736278295 0.23099624924717 -0.205445043773406
0.0212977474246033 0.0264576747650362 0.389005072955328 0.176686245392933
-0.016898799823415 0.019798953662743 0.0071242316849765 0.498453768002348
-0.00518911776983156 -0.00783001356219465 -0.274343093787122 0.246498297757303
0.000625333568952088 -0.00817590113453279 0.0168913488156147 0.0433994221442149
-4.93447630139192E-05 0.00784016567636592 0.244675354344623 -0.269000738876149
0.00809246029931652 0.0110184376065509 -0.12082295005982 -0.479047682047605
0.0116836616225148 -0.00709290280140169 -0.445476726797942 -0.0719378741019207
-0.0125861959558764 -0.027549031821611 -0.176332339228728 0.306293869586238
-0.0206600808388086 -0.0110281955903759 0.116400182180466 0.211486056461614
-0.00366213867031215 0.0100672951360368 0.108125783589919 -0.00831747933902424
0.00214896119196097 0.0113610025413777 -0.0100044494452112 -0.117277030570213
-0.00735941049001541 0.00804456736731305 0.025299917356166 0.0975025395943258
-0.00808488892424506 0.000188427378064159 -0.0823472328667324 -0.00855957159923268
-0.00464864741891897 -0.0216592603509292 -0.0531145782480842 -0.218420575780745
0.0135291559899197 -0.0226747656163166 0.235751576563815 -0.197557588510421
0.0209480277306589 0.0268421992687398 0.382155727586238 0.194537152457626
-0.0162721087137938 0.0213918530847169 -0.012369336115002 0.505718613832777
-0.00924708412023731 -0.00314177474379763 -0.28188467082662 0.240372095636796
-0.00524671559141373 -0.0032633465457304 0.0199576011832178 0.0417278850459607
-0.00103540857001221 0.0130849485102804 0.237064323792132 -0.274310837544473
0.010031369853699 0.0121575442792501 -0.138277521743014 -0.468436839324135
0.0113431920123765 -0.00790173297445266 -0.448792372964835 -0.0503178793057545
-0.0136171235612814 -0.0265792420101216 -0.167403995486689 0.312836189711635
-0.017436907014453 -0.00805048435168181 0.121715078732594 0.205220458374577
9.50694451881161E-05 0.0119480818838755 0.110289967523385 -0.0128688500530226
0.00414539979983998 0.0117839125794856 -0.00934614360242985 -0.116512809091859
-0.00492711835304575 0.0088431406396884 0.0248346061876644 0.09800173450673
-0.00443922920751615 0.00270717110277725 -0.0800669072951894 -0.00830627299086404
-0.00134915529836558 -0.0167257800338289 -0.0517319232963667 -0.220668529038275
0.0130896067071011 -0.020365347641776 0.2335940935745 -0.196262168417783
0.0217610434132551 0.0255575148675441 0.379078204861195 0.198904279392791
-0.0148227073735674 0.022423913157052 -0.0163957854891866 0.510102209006267
-0.0133843298205668 0.00228082350936207 -0.284000519813929 0.241664851597688
-0.0117189849520464 0.00182686857331253 0.019764806929038 0.0424545644979921
-0.00280199388272267 0.0177349010122686 0.234772550981928 -0.273140507995287
0.0122348932080282 0.0121045221943621 -0.141545885507283 -0.466022562126714
0.0117157392162904 -0.00952886576897615 -0.449386220168795 -0.0466990356316047
-0.0126757315357364 -0.0242336895039808 -0.168177357316249 0.312426936885336
-0.0143388021064081 -0.00486294478957077 0.122383748989346 0.20182909536958
0.00487413751492989 0.0131536658215153 0.112298448707064 -0.0144764471981344
0.00665793708434473 0.0123775719731564 -0.0089590775200071 -0.11572205486405
-0.0020888609075605 0.0089212037734972 0.0242037684814142 0.0990317970514097
-0.000170144223961961 0.00569194901587174 -0.078688401358636 -0.00522884519550978
0.000752122014257796 -0.0107303674915857 -0.0561045205790507 -0.220588908422693
0.01328112671035 -0.017522215949448 0.226018622682379 -0.203588346555245
0.0225333029077332 0.0228691113561224 0.381441896273913 0.190566698758928
-0.0123215972188571 0.0227304969883615 -0.00458580414478171 0.511307582426849
-0.0168970538120619 0.00683129467131155 -0.279933002099881 0.247444162833382
-0.0174407959499603 0.00575792197494196 0.0169197089629561 0.0451591171736306
-0.00526037572604788 0.0211182824932241 0.239458027168393 -0.267439116264588
0.0131950851069615 0.0106358531429061 -0.131001645753307 -0.468293930329413
0.0123126219256308 -0.0116183971894823 -0.452429399936257 -0.0564564972770086
-0.0106149540069564 -0.0218350814002546 -0.177124949087721 0.308475694589791
-0.0105896690315244 -0.000996650663953834 0.118975923871975 0.202078041164118
0.00831530375037867 0.0148138838431741 0.113780979011567 -0.0125026083241139
0.00998434491859777 0.0123180598868577 -0.00950379147797377 -0.113846819845119
-0.00319852300525901 0.000852262128264471 0.0180324157170711 0.0999205979716461
-0.0140280542862157 1.33525745059059E-05 -0.0942116724496306 0.0235935524085691
-0.00980902546458066 -0.0144321714692703 -0.103737261526941 -0.187718033940852
0.01520290473384 -0.0212778898392158 0.163136668356017 -0.259824935543618
0.0254190963638545 0.0111843287280244 0.412237343768625 0.0331165942232756
-0.0134316560575043 0.0123386243888899 0.149355603800345 0.438104178880382
-0.00617611263430342 -0.0144755497527592 -0.212347886028454 0.290082362454298
0.0031717501407073 -0.0169404437381571 -0.0117361921776669 0.0615425430484768
0.00145747294296581 -0.00462392585083901 0.28460598340533 -0.210924055769224
0.00334446775456329 -0.000262286518045676 0.0241769607068235 -0.512064327451582
0.0145091506070984 -0.00843573673010079 -0.403645060290367 -0.219020696912122
0.000627228952495814 -0.023690420779598 -0.248142359544114 0.238120992375638
-0.018946535502446 -0.00893492340802981 0.0714935285464639 0.233391065169432
-0.00709233158804494 0.00539635879868881 0.0988751361947346 0.0219380196030822
0.00794618392567756 0.00504943336665129 -0.0157073682294889 -0.11392747747794
-0.00623542063025434 0.00165036543556149 0.0199655536784458 0.0988678515682925
-0.0155601879027075 -0.00180863445766633 -0.0932639578604266 0.015563921832331
-0.0112520300567073 -0.019505577174166 -0.0922678632596708 -0.194872491066715
0.0138048075160602 -0.0226778944598927 0.183387958295015 -0.246589388171208
0.0239923840318771 0.0156790415681809 0.410899953426039 0.0687217191293145
-0.0154328262086953 0.0140026921857348 0.114478199153706 0.453302335497743
-0.00417636652206114 -0.0158102856355641 -0.228083106912164 0.278266653397093
0.00685919154009378 -0.0177709161437932 -0.00326156935423745 0.0555760693075031
0.002689707409394 -0.0044302211374604 0.274366875316643 -0.228271866382848
0.00283432935828816 0.00247439371270118 -0.0155629873863865 -0.507429141063196
0.0140013393282413 -0.00772775272618948 -0.416628880249326 -0.182158657483533
-0.00272974199452942 -0.0259726352745405 -0.229076460631239 0.25727289587009
-0.0209761406347218 -0.0115466177516187 0.083700748844063 0.228720984907034
-0.00803443991285141 0.00573740097176063 0.100057398639425 0.0147207755748379
0.00509925622180358 0.00611154349756192 -0.0149457510061686 -0.115268562942191
-0.00818639041861335 0.00319509016115062 0.0216282152095363 0.0974640428891377
-0.0157002462349319 -0.00304840291986874 -0.0915321542749967 0.00767258531599875
-0.0111949466487341 -0.0229182002642867 -0.0803972225334326 -0.201495115677827
0.0131500684470822 -0.0244616482064461 0.20118643728324 -0.232323774595667
0.0232044031005595 0.0198572631695584 0.405897798943566 0.103423623044674
-0.0163590585044535 0.0160562182814329 0.0783390417206384 0.468322730447192
-0.00354196274555772 -0.0150088534868496 -0.244303103825932 0.265045444023674
0.00696142691315153 -0.016321333127806 0.00412379538608036 0.0506039426196961
0.00228094525958899 -0.00188882398320776 0.262536872715865 -0.243644722010081
0.00376747544314578 0.00557309551335054 -0.0539950240497211 -0.497245154411124
0.0129588081169582 -0.00711859429390287 -0.427162318512889 -0.140050969566557
-0.00694089143149088 -0.0275766403033241 -0.208028098338808 0.276435045015001
-0.0219148836370196 -0.0130431524852128 0.0959230957531793 0.222936303136186
-0.00774150139128282 0.00639199859227953 0.10204348841924 0.00658879298971929
0.00277132126090482 0.00807478174390668 -0.0131635319895522 -0.115995943268915
-0.00906234460756392 0.00530622134128494 0.0232222537336533 0.0959184128638226
-0.0135691935173883 -0.00281282068901764 -0.0885303462529377 0.000195622373529873
-0.00983801911676898 -0.0243215680375143 -0.0687196341874255 -0.20647631040512
0.012882835313028 -0.0249177574108682 0.216390008693888 -0.216865162264285
0.0221896757754569 0.0234243047790074 0.39733188240266 0.140514565154163
-0.0172126248970811 0.0184895931521437 0.0415350171706821 0.482983909924846
-0.0034924319490743 -0.01214553354257 -0.258231570109326 0.253605001382254
0.00475217609179237 -0.0124678038526962 0.0111388581140895 0.0460161131179219
0.00131972155098239 0.00258311303335412 0.250876794951508 -0.257208466741479
0.00535397795716133 0.00837448198823169 -0.0923513305711196 -0.484885733055495
0.0123112229468323 -0.00714708866826706 -0.436768263171107 -0.100865156190903
-0.0101871640854352 -0.0281068660544808 -0.189229860815698 0.290801427071877
-0.0217612359398927 -0.0124533736972774 0.107171270457366 0.215387333892336
-0.006744755534484 0.00769297096323504 0.104027020065521 -0.0015533543485366
0.00152324588101321 0.00917760728089516 -0.011402669337494 -0.11550068188469
-0.00911074632065843 0.00651364796596834 0.0241311737798017 0.0957538737337085
-0.0110250938176508 -0.00187862189911815 -0.0849666126073626 -0.00553309691661591
-0.00727356610960066 -0.0239812164319236 -0.0591450192761539 -0.211609281862106
0.0130010291866848 -0.0240095446402559 0.226777844380677 -0.203814708547611
0.0214422123947736 0.025715609188782 0.384870822453723 0.172390050081336
-0.0168302278505993 0.0202744116355114 0.00913339716730853 0.492513969763439
-0.00557517919393345 -0.00803164941877086 -0.270013835029194 0.244012329569607
0.000634409192986964 -0.00790510622799929 0.016453150764512 0.0424491728247961
0.000239166755946605 0.00775309872462159 0.240337436327276 -0.266562323626777
0.00760420707554106 0.0110545721883401 -0.120598383326308 -0.472214309370411
0.0114511545893007 -0.00733118852140112 -0.439737103273942 -0.0693270273537639
-0.0125013748620167 -0.0272990512898804 -0.173611053256332 0.303176651628481
-0.0202552501152035 -0.0104974575916543 0.11651276474255 0.207704459786596
-0.00321032227003863 0.00949787456621828 0.106551209563301 -0.0085263404647139
0.00202143448952853 0.0105380023991711 -0.0101591877105607 -0.115438254320339
-0.00752006465341606 0.00784797562457286 0.0254204855299796 0.0954094930622675
-0.00721346292570548 0.00029716081608323 -0.0812468441972969 -0.00815290331083272
-0.00517420631237379 -0.0206564760148969 -0.0534799156210678 -0.215126287637438
0.0130131568668303 -0.0223965982955221 0.231447594288945 -0.195972185065958
0.0209571141771094 0.0262492700227924 0.37688853764487 0.190536024076808
-0.0164110378858224 0.021675812197286 -0.00813439440160214 0.500028772723986
-0.0095296757663029 -0.00284108264717101 -0.277094861300575 0.238211101556949
-0.00505150979481545 -0.00280377253150573 0.0198828503972762 0.0408107812309148
-0.00118596291884504 0.0129880058132615 0.233320774515395 -0.271116385673987
0.00985093284115313 0.011872298698947 -0.137566871006362 -0.46260858911631
0.0112665832199168 -0.00822424249186763 -0.441604443752891 -0.0482175108710728
-0.0134516603574576 -0.0261992810379153 -0.164712143882853 0.309119153902267
-0.0174200297447341 -0.00787494769056147 0.121354902243853 0.20184260093195
0.000416929625895433 0.01167106668109 0.108932654667072 -0.0130537977944534
0.0044755328227541 0.01166477175001 -0.00963145573920448 -0.114554305851369
-0.00537689725621535 0.00877564681363401 0.0248949993954184 0.0959868347702862
-0.00369109170472478 0.00271273342542578 -0.0784800053508238 -0.00829317102610458
-0.00185764581659328 -0.0156928078811234 -0.0524632364461419 -0.217092747852386
0.0124835064848141 -0.0201590325031337 0.229243868410639 -0.195649595401363
0.0213536898857978 0.0249952681206467 0.373200655279613 0.195866403741982
-0.0145695679769415 0.0222808763782861 -0.0149849463516868 0.502449321511211
-0.0131882165883917 0.00215213329054314 -0.279755342517365 0.237628509012038
-0.0114119514450599 0.00162391478701876 0.0198013324857926 0.0412160010300996
-0.00305057680787437 0.0171621005723914 0.231600214498067 -0.269455657829739
0.0119580793091099 0.0116418918591354 -0.14059188856973 -0.457728379982089
0.0110201227778742 -0.00965393903799287 -0.443884256057916 -0.0431339488868782
-0.0124925147584755 -0.023600480628976 -0.164354616037622 0.308728383964064
-0.0138833749836087 -0.00465428151987951 0.121941198942422 0.198306848041993
0.00441946685547287 0.0127281685331394 0.110974254146593 -0.0147415613672364
0.00639686783024386 0.0120851507472172 -0.00915193763922835 -0.113678959220344
-0.00229280820987348 0.00884917798814987 0.0243966797624993 0.0967866225857375
-0.000533538403237692 0.00546756927870777 -0.0776112077491218 -0.00562885670861794
0.000490214361900507 -0.010053655174972 -0.0567600391539037 -0.216730164670099
0.0125067789112139 -0.0178273011862291 0.221950823690887 -0.20210987870504
0.022835458309301 0.0220249903666324 0.377483961082647 0.185161103791829
-0.0120569155557369 0.0223296235847465 -0.00280593626944702 0.504258439281736
-0.0168243251491496 0.00650263974947277 -0.274481144614872 0.244307309570861
-0.0168343875443381 0.00539717732470455 0.0167817073673814 0.0440605319210992
-0.00489964750418561 0.0207930270284571 0.235494337735283 -0.264706969700009
0.0135086383441588 0.0102825413642467 -0.129257803229205 -0.461138369551433
0.0117155663018949 -0.0111029804589758 -0.445293890998999 -0.054953080035031
-0.0102648656810958 -0.0212765003213316 -0.173052228559166 0.305148472591647
-0.0104926106804437 -0.00100601526700079 0.118244781522422 0.198613214871694
0.00812765161643702 0.0138370944670179 0.112871715066189 -0.01241391621252
0.00957448353473418 0.0120305010875344 -0.00993978080621782 -0.112388490586749
-0.00368522131197961 0.000702332580513947 0.0177366628604809 0.0983070729119654
-0.0141171109066812 0.000285476662505225 -0.0927194918057702 0.023519201164487
-0.0102050339697421 -0.0137317189288785 -0.103180688093171 -0.185305061792682
0.0146978401975348 -0.0212440541287559 0.16041273913346 -0.256506259739019
0.0254844741318165 0.0106716821091385 0.406662188203841 0.0318363578807806
-0.0136589476440693 0.0122321728862897 0.148044389352114 0.432742914646616
-0.00610851047957734 -0.0144210423090306 -0.209479738821562 0.285814924748448
0.00350689405506884 -0.016885116413841 -0.0114791034418166 0.0607497178319074
0.00144403354280986 -0.0045854337165614 0.279773259973329 -0.20894558984137
0.00291285124174481 0.000146368514603725 0.0241669305938506 -0.50546191377776
0.0147465723734934 -0.0083409772694848 -0.398808523091345 -0.216204979414003
0.000917902158753784 -0.023857905758256 -0.245365634421007 0.235815079853036
-0.0189745222612788 -0.00894498879239485 0.0709731186832735 0.229854309635756
-0.00651115981015031 0.00587432627015218 0.0975479226771251 0.0219282365730829
0.00775708300796121 0.00470515999739341 -0.0155832626417974 -0.112001246718969
-0.00607562021542221 0.00171698846646929 0.0197563900163163 0.0969907542727589
-0.0153256004576857 -0.00113722336448585 -0.0918736454210575 0.0147919958421622
-0.0112039871165262 -0.0184127841817026 -0.091679172524825 -0.191965591136475
0.0138592629935772 -0.0228681183466007 0.18056530418172 -0.243580036315103
0.0241518983952343 0.0151319538067544 0.405197079882248 0.0670363102005724
-0.0149880104756479 0.0137394901890026 0.113803769561058 0.447830845690296
-0.00371869071651863 -0.0155826899118034 -0.224950369620306 0.27434417632786
0.00650665860845233 -0.0172272798782467 -0.00314485582593929 0.0546921905198335
0.00220796168308609 -0.0048190124840794 0.270196090564836 -0.224399386898678
0.00280081788393005 0.00217532629752282 -0.015163423940992 -0.501716088644346
0.013311797991574 -0.00709915882805788 -0.411303259550926 -0.179824710028981
-0.00281152648552984 -0.025521190199722 -0.22570478257061 0.254126873873782
-0.0206563408058139 -0.0115897063713377 0.0828714177780171 0.225273345888747
-0.00775992721302548 0.00536093055325286 0.0984749936662791 0.0143870206910293
0.00485421583669631 0.00568109005915584 -0.0147835974044714 -0.113119319896972
-0.00849326091857661 0.00337640032655261 0.0211012205309611 0.0951918592856927
-0.0153252376659492 -0.0025076987373685 -0.0902712300648083 0.00704785806784167
-0.0115968002390237 -0.0222001012915864 -0.0803111555969434 -0.198506959135195
0.0128657681934711 -0.0244675359924171 0.198009330677994 -0.229333228593801
0.0231459063346387 0.0191897796875447 0.401150249172207 0.101460384897438
-0.0164728360643549 0.016215346103672 0.0786118024855873 0.4643933725089
-0.00352016454352681 -0.014859225170104 -0.240821517851321 0.261979455259018
0.00701314591994005 -0.0160531870649094 0.00412176389139146 0.0493759170366633
0.00198458920992623 -0.002303139214788 0.259462313831204 -0.240142407216623
0.00343480583020755 0.0057988054101577 -0.0541328650233832 -0.491399489766003
0.0126980480450532 -0.00673717717194276 -0.422060064551303 -0.137171010764033
-0.00674201082505901 -0.0269615967046121 -0.204887662232151 0.273154312898455
-0.0218497807156952 -0.0128386577485817 0.0954542050996294 0.219655552624757
-0.00743663752007742 0.00554788956788984 0.100494835975925 0.00662407572345484
0.00274333169714523 0.00697352699401686 -0.0131332816186668 -0.113748432128438
-0.00904856915512361 0.00452631425240408 0.0232632121201423 0.0940116440561911
-0.0136022902261238 -0.0023061654043342 -0.0872831800313022 0.000284415678748907
-0.00962294869154122 -0.0240973830310029 -0.0686274137444812 -0.203216930671397
0.0126960434719838 -0.0248011547844707 0.212219028787635 -0.215052273859381
0.0221577924016474 0.0230806820799365 0.391453879629435 0.138136701413819
-0.016719296919462 0.0181414341821587 0.0417875951221557 0.477380171774089
-0.0038516950836339 -0.0121841632200313 -0.255070172290761 0.249820036547128
0.00472046392312524 -0.0123806721118705 0.0108566176222495 0.0450086296267687
0.0010147484965418 0.00212068948390798 0.246841055360241 -0.253456911574906
0.00523040175869399 0.00877942800686127 -0.0909213211276233 -0.478535158254076
0.0120109419469077 -0.00706519655290404 -0.42978921116996 -0.0990059119657586
-0.0102339567395495 -0.0278594372504968 -0.185849555896252 0.288146164636474
-0.0219391249129506 -0.0125828208819159 0.10629883665634 0.212354838911062
-0.00562378954491869 0.00744681211026135 0.102956561311269 -0.00133501023344702
0.00165746064246258 0.00875421307146989 -0.0117142529796606 -0.113959742572623
-0.00915684806006837 0.00636349775162276 0.0240636178753289 0.0939101858198907
-0.0110031833459036 -0.00161398209850936 -0.0835838017935297 -0.00571473253250087
-0.00722928374023874 -0.0233143600712082 -0.0595483714671588 -0.208711917724675
0.0121966187240625 -0.0238830376546826 0.222884362676803 -0.201292019408502
0.0211640669535986 0.0250480746744488 0.380220201570601 0.169704229997766
-0.0168901993575807 0.0198053988258991 0.00888980445808913 0.486410033208854
-0.00550649855761234 -0.0078476413519793 -0.267075916678491 0.239523130959308
0.00059734465374701 -0.00807271788046903 0.0166783471386658 0.0418637217240009
0.00015334577756678 0.00713055015792952 0.236218363075747 -0.262068604957887
0.00747699298738864 0.0103832231987385 -0.120453264367523 -0.46560804274811
0.0114495990151228 -0.00746963030195967 -0.434039415803148 -0.0679490236561464
-0.0124733850311144 -0.0270131850006816 -0.170139138200128 0.298616040343076
-0.0204326501149516 -0.0102725417675611 0.115293694309045 0.204576997678653
-0.00315265530946294 0.00947443104246018 0.105204715757328 -0.00869519284233923
0.00224235853590272 0.0101277844351831 -0.0101676453064942 -0.113677713158168
-0.00757824673969707 0.00821281217130519 0.0249653650332164 0.0930535316388595
-0.00739242847233975 0.00032699217624016 -0.0800709228568603 -0.00850697360107788
-0.00452292542808585 -0.0199069321405963 -0.0535487207672959 -0.212287760635835
0.0122183341792213 -0.0225329221078099 0.227093864502119 -0.19377060996591
0.0211989190313546 0.0255401141907342 0.372374009193703 0.187355262164066
-0.0161708671332786 0.021660152280354 -0.00730985388755748 0.494354017422435
-0.00939502889124069 -0.00297779975653085 -0.273138020008869 0.235245516131019
-0.00485445370982799 -0.00280588987014484 0.0191611269709658 0.0403490252287936
-0.00154515965162698 0.0126868636278414 0.229245454247555 -0.266760582246921
0.00935332626125743 0.0115407050555571 -0.137549045233915 -0.4544738599709
0.0106952533418632 -0.00822981362883163 -0.436161372024925 -0.0475987457975752
-0.0129887659852845 -0.0256357283055777 -0.16150071988691 0.305222032942995
-0.0172762922776629 -0.00821546086254821 0.120402202207881 0.198864440250754
0.000694036229438601 0.0110173389300386 0.107267390414439 -0.0131886104806047
0.0039979698127771 0.0113603843842146 -0.00960330467925803 -0.112835361657657
-0.00534691051430827 0.00886605372817532 0.0240454315352046 0.0940060061581176
-0.00352609088322129 0.00291060980931353 -0.0777411713152203 -0.0081082312975136
-0.00188839830349074 -0.0156584764519625 -0.0520955906684732 -0.213821182611081
0.0124159786596984 -0.0199311263690012 0.225729505580687 -0.192596272077872
0.0215758206684013 0.0242432890856587 0.368535021655985 0.193126372446067
-0.0143922420613157 0.0223092152217417 -0.0134726306708084 0.496152624144176
-0.0133447780855565 0.00230795697434068 -0.275409312482929 0.235439820764326
-0.0113192462767277 0.00169642616655774 0.0188184844177303 0.0407749144908642
-0.00354762058767769 0.0170763407684718 0.228247146902078 -0.265463525549427
0.0114621149597147 0.0117817452043642 -0.139203284659781 -0.451268180758612
0.0111963426783706 -0.00950176592006819 -0.438210916068211 -0.0432797813873267
-0.0123085881558997 -0.0233747290672619 -0.161268410663036 0.305040502932746
-0.0135044158051291 -0.00475602085395203 0.120927357286594 0.195514624541832
0.0045294994531201 0.0125829198025582 0.109505895729435 -0.0144134643188248
0.00645970226768695 0.0116641019294534 -0.00888546143555941 -0.112177022020145
-0.00267648662403977 0.00867077895604028 0.0239246696259495 0.0949842391758879
-0.000179131393028175 0.00572569327300469 -0.0761988945156101 -0.00512449120182841
0.000571686168101747 -0.00984548458566532 -0.056667178933642 -0.213652526945149
0.0122580731371061 -0.0173465504276416 0.218278463612075 -0.199997114224712
0.0225602122073783 0.0211359725654079 0.371672527306396 0.182884198088914
-0.0123906615133479 0.0221543995779365 3.57679791818411E-05 0.498217288533648
-0.0165624935429134 0.00651658907636271 -0.270872138445281 0.2416453527906
-0.0172772195218092 0.00540235156188721 0.0159910014063796 0.0434514107261463
-0.00524422245482919 0.0202299358424826 0.232381068901392 -0.259859718135665
0.0131277950717286 0.00995284598051075 -0.128848788205188 -0.454467482164394
0.0112902895990942 -0.010938737334511 -0.439706670611389 -0.0530554015018908
-0.0102352284383996 -0.021114067234166 -0.170352352082565 0.300851937250934
-0.0103609182562158 -0.00120353343170837 0.117435183598186 0.195280341986934
0.00811393321239355 0.0141373610720215 0.111060741501645 -0.0126523188289339
0.00943475791626319 0.0112354025268633 -0.00993557742459181 -0.110807772307394
-0.00363147939257381 0.000630206337448486 0.0174580637771165 0.0967373676237221
-0.0136505439506506 0.000275559440169443 -0.0914845932417891 0.022306450206558
-0.0100649217350066 -0.0138080592710915 -0.102051974782095 -0.182513849455253
0.0148442679877813 -0.0211234943078854 0.157387781937081 -0.253662017090968
0.0252123630412033 0.0103716836631965 0.401828778930101 0.0323129517877296
-0.0133768225940352 0.0122403963684073 0.144809567684076 0.42768463032015
-0.00613709184746595 -0.0138076720579656 -0.207270758180013 0.281849635369911
0.0035067308132689 -0.0161566158658658 -0.0117146244641449 0.0591333333905395
0.00127752125153082 -0.00505219894354858 0.27607169595514 -0.204630748257771
0.00278674371688839 -0.000531556225380253 0.0254860600529689 -0.499377805956017
0.0144534157927475 -0.00782267116716096 -0.393470670863102 -0.215458777671079
0.00101898821179657 -0.0234781381173847 -0.242903034678872 0.232036801271381
-0.0190559166027679 -0.00839566347092472 0.0703369796197277 0.227016237755254
-0.00676218561234038 0.0052460490846159 0.0965637995411705 0.0219567271304123
0.00754748287835412 0.00454142117908357 -0.0150870972392693 -0.110401938995423
-0.00637335009683705 0.0020804537247353 0.0192598577021758 0.095194080509533
-0.0149173088149857 -0.00148037279515053 -0.0912647544486558 0.0143089082138201
-0.0117029128991291 -0.0179174245923753 -0.0907925928747391 -0.189922720217935
0.0130350067863833 -0.0229997406769769 0.177563645329228 -0.240781235575732
0.0240210062070861 0.0143768412192191 0.399936402331014 0.068105650602241
-0.0151343083852826 0.0135172094456464 0.111702563160798 0.444061926299591
-0.00405205671032991 -0.0155789818194128 -0.222040128556897 0.269803352093867
0.0064487627087637 -0.0174475370199931 -0.00391097447500682 0.0537647889942208
0.0022893354311149 -0.00452407724251919 0.267596554247484 -0.220119629773569
0.00248483553057361 0.00198994885957136 -0.0126678883464928 -0.494844683736029
0.0134001705425588 -0.00689777420316737 -0.40512047307535 -0.178287410644451
-0.00275640474466152 -0.0253500950221127 -0.223462701389313 0.251550771658502
-0.0205339786836745 -0.0116236451922034 0.0824663106700175 0.222989037642069
-0.00773007987654153 0.00517000974648288 0.0974053787724845 0.0148411879019061
0.00485396300873956 0.00553329919863542 -0.0144160904609547 -0.111756354690135
-0.00846228922375249 0.00319062890061419 0.021083397624967 0.093809475075037
-0.0150124260076866 -0.00238669025453353 -0.0890762518305794 0.00702942101315867
-0.0115239491948362 -0.0219158688337671 -0.0799241752349683 -0.195397906228989
0.0126859858266365 -0.0241562989283455 0.195389941449337 -0.226574606903516
0.0232440941301735 0.0188859670636765 0.394421599716811 0.101904293470581
-0.0166659364326226 0.015831808296226 0.0776124511616436 0.458838351696057
-0.00349609891022417 -0.01422403036384 -0.238227734828427 0.257651405120345
0.00658577007957476 -0.0156058572214815 0.00382462716256365 0.0483726657681655
0.00203019035762713 -0.00199143216435834 0.256653964078166 -0.236096206145134
0.003260404024094 0.00539013775928469 -0.0526934940493977 -0.484442822442074
0.0119998329153646 -0.00662073731469707 -0.416569519783727 -0.136119901214097
-0.00639307498381742 -0.0270073702796561 -0.202596827592427 0.268823914175165
-0.0214272299223884 -0.0127645157023406 0.0943000139447932 0.217193794305243
-0.0073926499902273 0.00558732422801357 0.0993347953569085 0.00711240697521404
0.00302875845441309 0.00676101342771527 -0.0127120023652422 -0.112640223211129
-0.00907542766294784 0.00513969226361573 0.0223994191598903 0.0925330976122254
-0.0132067018532134 -0.00247820611470184 -0.0859158602664489 1.15531794929729E-05
-0.00984396150107931 -0.0235548846279257 -0.0679578209964105 -0.201066630468453
0.0121825461219624 -0.0244150961892349 0.209173667643229 -0.211968989093651
0.0220446402288012 0.0219206145102514 0.386189877094315 0.136859570552813
-0.0170470077108403 0.0176649342997668 0.04121369997846 0.471755242314902
-0.00368741714305979 -0.0116803923743331 -0.252783456611065 0.245810911412013
0.00467877149872272 -0.0123081994389129 0.0104910679170863 0.0440060759485856
0.00152909362884457 0.00195871372037336 0.243596965945982 -0.249020437723004
0.00492046905350024 0.00875604045263081 -0.0889846382071369 -0.471744812929976
0.0117890465585143 -0.0066345011333831 -0.424087403583537 -0.0984428781513799
-0.00936888879549918 -0.0275036534738826 -0.183986641205649 0.283584796001108
-0.0212208480301269 -0.0124409840806853 0.105058387286165 0.209912899443725
-0.00562833675629408 0.00721681145361844 0.101796208196441 -0.00143882208071293
0.00145401822041369 0.00839705135889488 -0.0112928229885824 -0.112601959422118
-0.00935822211101158 0.00638714497588857 0.023616238093218 0.0921296424682194
-0.010604204979629 -0.00158614828761895 -0.0827021522074894 -0.0058276711950107
-0.00733937871388812 -0.0226362702010417 -0.0585402450210682 -0.206167754590895
0.012175562523081 -0.0234579458576086 0.219652338350368 -0.199056714539921
0.0210654484146474 0.0241861246788159 0.374744684668411 0.167572745375257
-0.017185130017692 0.0195738816302277 0.00800144001715154 0.480982528580212
-0.00595663360399763 -0.00777880180223291 -0.264115083250444 0.236213149531276
0.000421772033900612 -0.00811557605247257 0.015746629189469 0.0407436398950501
-0.000217696633990153 0.00724638089491836 0.233932118661046 -0.257774115737379
0.00721173226431445 0.0105801255653645 -0.116843360432939 -0.459895014798221
0.0111435714315444 -0.00710408686175915 -0.427978216820296 -0.0677011235426696
-0.0123262118933567 -0.0265774392929416 -0.168290148867142 0.295213049634419
-0.0196908164078884 -0.0103535906885863 0.114297852133416 0.201864301988708
-0.00293525716168859 0.00921935439862914 0.103839558240975 -0.00813268814930994
0.00207284031880776 0.00985199019413594 -0.0097114623297543 -0.112430710237193
-0.00792955155447059 0.00805349922869517 0.0244424374433657 0.0915222611344349
-0.00703504105189526 0.000439354264687924 -0.0792355718125507 -0.00860633707697781
-0.0043690437883626 -0.0197931240056398 -0.0534740771419666 -0.209871658253154
0.0119390737322533 -0.0218167302976159 0.224481070024399 -0.191556539861406
0.021122291870347 0.0250845215544677 0.367134288160294 0.184838046959391
-0.0161521651137059 0.0212335616240274 -0.00919941417181799 0.487180424737467
-0.00922736948644002 -0.00295914147096769 -0.270475444242401 0.231231718819367
-0.00492314467556218 -0.00309760346997831 0.0190186817791062 0.0391057610842297
-0.00168668458133342 0.0125307489990291 0.226923841438673 -0.263280542880422
0.00915079331211718 0.0114627909603488 -0.134186808624295 -0.449942775622655
0.0107532523962694 -0.00811644820922374 -0.430425290404961 -0.0473943652709807
-0.01307118622834 -0.0255971561036947 -0.159777136945631 0.300843675120307
-0.0169431505314906 -0.00767883861756184 0.119219015058617 0.195663714709237
0.00047578016700899 0.0108736003936999 0.1064946349963 -0.0122418523329459
0.00362938133097351 0.0108440238360488 -0.00904399970520709 -0.111472789470294
-0.00574527342043861 0.00867575494573771 0.023419647063627 0.0926510772321376
-0.00336344711237257 0.00297063677775419 -0.0769662965218621 -0.00840132313595701
-0.00214319836735346 -0.0146693409097594 -0.0520221984257997 -0.211914971726397
0.0118378203897752 -0.0197034655871819 0.222420428558011 -0.190931845307835
0.0213639694612176 0.0233248249390394 0.364659147596203 0.189729374596292
-0.0143660347526106 0.021952522263118 -0.013596773861749 0.491519329675593
-0.0129138304440081 0.00205397974677032 -0.272315649926498 0.231858871260845
-0.0107285694710722 0.0013263235742534 0.0185188937797441 0.0403169819931349
-0.00319460182221789 0.0160721839502964 0.226000655628903 -0.260902412432707
0.0112230102531245 0.0114697674244446 -0.136522452048966 -0.445946053576513
0.0107637032010593 -0.00930913479354468 -0.431437029946784 -0.0437676229101423
-0.0117172821383366 -0.0231465000663946 -0.159688939857194 0.301259476445799
-0.0137883630339993 -0.00495503736020073 0.120297539554751 0.19299170442263
0.00455905076016902 0.0125401256171584 0.108605242499208 -0.0138791058197213
0.00606281567948286 0.0113816047702752 -0.00848107792218021 -0.110251049874956
-0.00262536273395018 0.00881904635201571 0.0232092033934719 0.0933727532238589
2.05789215406418E-05 0.00546541692117711 -0.075534884139057 -0.00564234290517817
7.1923126707338E-05 -0.00934315241250248 -0.0565263236507017 -0.211702523926925
0.012013951485354 -0.0172021087668247 0.215720447072234 -0.197051609913532
0.0227129608420935 0.020807851189798 0.367657979043974 0.180381435971476
-0.0120947486387983 0.0220102625108525 -0.00196298015917182 0.49359771728042
-0.0164387377304955 0.00628437968391778 -0.267995959308358 0.23758835313845
-0.0168362167017047 0.00536788964385355 0.0155979324563076 0.042620613169752
-0.00530147030145846 0.0199252555086469 0.229986337976956 -0.255942586146161
0.0127037514530115 0.0100397907693714 -0.12742454434022 -0.44968344931077
0.0111850210620997 -0.0108281980072108 -0.43479680712692 -0.05333670142298
-0.00974193431212818 -0.020954297377862 -0.168251462698556 0.296825739816349
-0.00992711707130401 -0.00139534641736279 0.116363973614647 0.193081192884043
0.0082119604992001 0.0138673331961266 0.110238176674047 -0.0119929215546928
0.00914013470340533 0.0111654678700486 -0.00874549558066847 -0.108825159090118
-0.00434294633799944 0.000377201826289187 0.0168812778642045 0.0956234060821954
-0.0142276807631864 0.000478322591580223 -0.0900507205003459 0.0219077296336096
-0.0101562077339175 -0.0131316283101073 -0.100767524317409 -0.180983335631287
0.0140329952780986 -0.0206717832086374 0.156893969946993 -0.25082493765397
0.0253624592757889 0.0100524904775925 0.397407444314186 0.033673726344132
-0.0135498389176996 0.0121576451857433 0.141409062086641 0.424425616606707
-0.00603260770769878 -0.0134067153296035 -0.206813430660566 0.277902088436358
0.00351878432438805 -0.0162002773401923 -0.0117957371138422 0.0581780679906233
0.000908333109765206 -0.00479209520479514 0.274627465020504 -0.200895952849339
0.0021421321895632 -0.000221336487213964 0.0269670496914641 -0.492234553203082
0.0143648735986338 -0.00758881439296778 -0.389340466536731 -0.21518850002823
0.00119626651568359 -0.0234340961776015 -0.240972877553439 0.229271271289639
-0.0185229873872984 -0.00878767078512797 0.0693498573078523 0.224775902604076
-0.00609856500073121 0.00509808132984286 0.0955450099389731 0.0219043834043285
0.00741117866663867 0.0043413632951073 -0.0144303276738981 -0.1091715863174
-0.00688128656641013 0.00143265683772281 0.018648734172854 0.0939632167324067
-0.0147039341005777 -0.000644641636649717 -0.0901699780201582 0.0138090362488762
-0.0114768560170043 -0.0176087287588351 -0.0898876704548649 -0.187709354167192
0.0127487879215563 -0.0224760899367802 0.176308232326 -0.23768942318678
0.0240649167214894 0.0141557021966335 0.395181597342566 0.0682563219060957
-0.0153827090369981 0.0135162058004494 0.110144145671931 0.439088617118391
-0.00349524621813635 -0.0157556080658182 -0.221391124671232 0.265443722512701
0.00679470509589524 -0.0171564477291242 -0.00372170638272213 0.0527497594856571
0.00185246345596247 -0.00490236011184496 0.266124037278048 -0.216604698592655
0.00231376643828032 0.00203786308452753 -0.0104540408641674 -0.488606476043221
0.0128645636733803 -0.00723271510814625 -0.400199117068663 -0.178061489108452
-0.00242811204996591 -0.0251057789605472 -0.22215541378072 0.248353574369119
-0.0202958956463374 -0.0115325426596451 0.0809240869193462 0.220490075038773
-0.00729978070784987 0.00436865569646348 0.0965442145145764 0.0149194319844103
0.00494450934839148 0.00534737717176734 -0.0136192035175834 -0.110380802191226
-0.00884241768070186 0.00320760300606066 0.0201862951989998 0.0924619411515617
-0.0148863269420113 -0.0024118338520026 -0.088046603026906 0.00651506096805598
-0.0113367613452702 -0.0214901623149301 -0.0788203747051244 -0.194186110232587
0.0117907081478377 -0.0240661215144604 0.19370098042281 -0.223962235458499
0.0227623664012323 0.0180893800754293 0.389919726495836 0.101624434767391
-0.0163731511219681 0.0160105812666206 0.0748336093641603 0.454268773260404
-0.00345234990911125 -0.0149368926297988 -0.237636607570052 0.253429561374331
0.0067842252123476 -0.0154858444643401 0.00302233417571298 0.0478687200414306
0.00203829401235448 -0.00190951270491689 0.254824567182351 -0.232292689868977
0.00331558284577111 0.00563556804383194 -0.0490600041285322 -0.480538517550901
0.0124673568217418 -0.00645459410223113 -0.41115131914421 -0.138127656214814
-0.00628093914023171 -0.0267069955758525 -0.201770601753351 0.266193658076072
-0.0213594143525464 -0.0127194835961832 0.0928996951162016 0.2149217710525
-0.0069432063494125 0.00540306239972391 0.098624901476129 0.00680035147754709
0.00288065454867161 0.00677127234064655 -0.0118584560106746 -0.110972852883553
-0.0097788807072136 0.00492905203713154 0.021847232080741 0.0910682990640601
-0.0130889082589752 -0.00232116899670708 -0.085142139156733 -0.000673176930922542
-0.0097539111215035 -0.0225445603255063 -0.0669012875869793 -0.199277055941727
0.0120474383816954 -0.0243243097852903 0.207819158336984 -0.208977600582547
0.02180662862762 0.0215788220116171 0.381638886183592 0.137832677772254
-0.0169000370617577 0.0179450258197143 0.0390681374382442 0.467574053647445
-0.00412436006465123 -0.0119658469769961 -0.250713423960166 0.242507446193585
0.00500042202048527 -0.0121311553802445 0.0100839842540275 0.0431289763035773
0.000987354528407894 0.00227531289605885 0.24242701035254 -0.245334167872623
0.00448310907260115 0.00805811015461047 -0.0858661200674108 -0.46740340366772
0.0111378412825815 -0.00611551198512533 -0.420168634007624 -0.0994240500548192
-0.00946677650470787 -0.0269018358065487 -0.182883966868661 0.280074714829743
-0.0213762235459098 -0.0123182623627511 0.103730071923983 0.207272176955647
-0.00543030253862166 0.00693631444406369 0.100559207840829 -0.0011536910682989
0.00205582290954682 0.00868306611383403 -0.0109289065929145 -0.111762453217038
-0.00941659517504916 0.00647484613098636 0.0230308407110686 0.090853157074633
-0.0104708772304967 -0.00130293905932826 -0.0817780635886559 -0.00596861413952075
-0.00702881039754946 -0.0221846280647454 -0.0582389103538832 -0.204403952472467
0.0115206477936699 -0.0235806896910795 0.217954162305708 -0.196349522415718
0.020553452641153 0.0238873322556049 0.370022423162835 0.167777954325377
-0.016790787511014 0.0196564449936 0.00701069614569595 0.475018722126494
-0.00571538367626785 -0.00811720710295881 -0.26240577683554 0.232456394050044
0.000486722828840042 -0.00786854026910039 0.0154860882368607 0.0400563341093743
-0.000439495603203266 0.0065870493821343 0.232187514395023 -0.253587392792398
0.00628561174797204 0.0107093347480665 -0.113622238285007 -0.454364009823048
0.0108974458892288 -0.0067022839520113 -0.422544638814488 -0.0688703850613185
-0.011837319310845 -0.0263293183123456 -0.167695151936782 0.291111620031616
-0.0197437160688637 -0.0103054800980708 0.112317527434644 0.200316179146426
-0.00281980383043284 0.00896790755290013 0.103448223121531 -0.00797461838503029
0.00191351162121655 0.00967089285876979 -0.00905528535257624 -0.110555075309063
-0.00814497072227151 0.00767787073220857 0.023195132062853 0.0902387892892668
-0.00673281823412203 0.000547519160848938 -0.0785664253479404 -0.00894743791097544
-0.00464165570963171 -0.0192298822999564 -0.0524050662260407 -0.207501421758621
0.0113464988527279 -0.02174414943723 0.221701789684098 -0.188453676073722
0.0206278101690374 0.0246111951185509 0.362231300719141 0.185515471844636
-0.0162993909202417 0.0207466077901738 -0.0104079915873004 0.482363833277141
-0.00902242612107555 -0.00330936227722946 -0.268902993414693 0.22810154314747
-0.00483232816847524 -0.00288205765912274 0.0182530876448774 0.0386530910354298
-0.00188306934347363 0.0120496047296621 0.225407925313625 -0.258236384669134
0.00895272174881908 0.0113188182340767 -0.129339218214797 -0.44502363701368
0.0105884065095724 -0.00822622831727615 -0.425973687075982 -0.0489954551771353
-0.0130173277224705 -0.0249513064015892 -0.159543233107694 0.297731898785523
-0.0170611567985208 -0.00780889666571486 0.117946055468965 0.194262947070445
0.000490160621034613 0.010460823530264 0.105716463865327 -0.0117433018377249
0.00390976950349095 0.0105632879900098 -0.00844189027139654 -0.110365810326854
-0.00579223831576416 0.00851635616145549 0.0230454484576157 0.0911140611112569
-0.0029722451540458 0.00336014146311704 -0.0758152812745999 -0.00867432970063338
-0.00174375966102614 -0.014397857330236 -0.0509452467062141 -0.209853965123747
0.0113402832047041 -0.0194688121784226 0.220413533191263 -0.188004782478296
0.0211431889586313 0.0229643895248609 0.35980562461389 0.190552102965576
-0.0143727673632893 0.0216275672064793 -0.0156594053426385 0.486868453419974
-0.0128163514270705 0.00226056961689173 -0.270189194409993 0.228144090377514
-0.0106705047069655 0.00165184881658534 0.0179244982376834 0.0391151276231875
-0.00345195089982086 0.0164626490353988 0.224242503796286 -0.256905800214545
0.0111240693204534 0.0112732443273832 -0.133925929843811 -0.441273308212094
0.0107930385317396 -0.00927959995958539 -0.426965449260164 -0.0453575051224148
-0.0121736543940128 -0.0233071978072799 -0.159247117441088 0.29850737603358
-0.0135826903865573 -0.00445549827397407 0.118380848581002 0.191146631621349
0.0046684196359953 0.0119987409222505 0.107429369237579 -0.0130079626243008
0.00640021443801463 0.0108354427323462 -0.0078265864677391 -0.109005591845759
-0.00323194423506056 0.00860217772869487 0.0222518231664686 0.0918972771081191
0.000152258672658424 0.00581737005411044 -0.0746204221310784 -0.00566827354259186
0.000574410408796688 -0.00909011808417429 -0.0558750128122726 -0.209624596749959
0.0112009535673613 -0.016851538634223 0.213110994245307 -0.194501094029792
0.0225574075163085 0.0203533487029681 0.360937412552852 0.181113169992604
-0.0123099567912366 0.0217459646775067 -0.00378518056764295 0.48814908045711
-0.016374935600096 0.00612185760003747 -0.26634105276742 0.234995046020687
-0.0165452929884201 0.00508953434798357 0.0153447804179994 0.042105158108877
-0.00530240041852393 0.0191054928716168 0.228528943980669 -0.2517672746828
0.0121128084243981 0.0104569599278833 -0.122679395645766 -0.44431432482007
0.0111808944555041 -0.0106033194223932 -0.429644596019333 -0.054218463006837
-0.00992883119223712 -0.0209620690658524 -0.167742459050794 0.293700534112456
-0.010443083982271 -0.00137262637985993 0.114859585221199 0.190931226928075
0.00813756983529888 0.0132148458983515 0.108980272948434 -0.0117708597085034
0.00914992180998625 0.0106925143527786 -0.00851702905995644 -0.107827521718357
-0.00455481234695398 0.000869424057276246 0.0159380564279262 0.0937267282641369
-0.0136954965080102 0.000115518268700016 -0.0895553914042966 0.0211766242451815
-0.0102827520365856 -0.0127218663989881 -0.0996663781948212 -0.179582803160054
0.0136008109439975 -0.0207138712998756 0.156318310850945 -0.247348802181955
0.0253020586066727 0.00921221674047262 0.393041917817925 0.0357926360355228
-0.0136604036342744 0.0122764011683419 0.1389618041217 0.42135702164723
-0.00586235545420439 -0.013737683294274 -0.207501833323096 0.273874282155669
0.0033554864247493 -0.0162153663380101 -0.0123021123212628 0.0574371610781633
0.000777993714062259 -0.00493925894452293 0.27310357080985 -0.196868333807062
0.00212732718423315 -0.000377747445906153 0.0298652994373706 -0.488363143798951
0.0143991553592089 -0.00777245388893194 -0.383292238430882 -0.214734787950996
0.0014472726374577 -0.0228006841710482 -0.239687212893791 0.225917871425129
-0.0182499721943606 -0.00899676690047585 0.0676659906843914 0.222310418976485
-0.00634542944693701 0.00486967361465147 0.094911656148655 0.022861778989514
0.0074532589884653 0.00402604679076818 -0.0139147946455804 -0.107814114993553
-0.00633918332260082 0.00182007476605781 0.0179085401603485 0.0926823358711687
-0.0146568186433861 -0.00131407255770111 -0.0887618398672403 0.0135355321573869
-0.0111367174834633 -0.0172292014061155 -0.0884862358301812 -0.185821151569756
0.0127926941486453 -0.0226977437931586 0.175688247030434 -0.235173209368292
0.0239198083085541 0.0139146605770811 0.392151560298646 0.0696913295835079
-0.0151769187470635 0.0137146725304362 0.106182580070484 0.435690656958705
-0.00404617533842548 -0.0155724196337183 -0.221228951230789 0.262100928577783
0.0066455848626365 -0.0169780456648114 -0.00438957450080034 0.0519103720601506
0.00217982508610694 -0.00471174610910541 0.264464838771825 -0.213007361055378
0.00174468092936121 0.00211983416899165 -0.00829533877322398 -0.485514493581982
0.0129165343166622 -0.00703745581080049 -0.394403140899304 -0.179208819157085
-0.00211241710899364 -0.0252749638679224 -0.221089958131885 0.244106672741823
-0.020231699767261 -0.0114075973867426 0.0793961201028541 0.218565953120493
-0.00734127677579518 0.00443754407359118 0.0958085467186187 0.0155393692689252
0.00469843465520203 0.00494280231660217 -0.0129700587675962 -0.109002192884581
-0.00899605911392196 0.00322772355492089 0.0191838391024148 0.0911731934983156
-0.0143581416756673 -0.00209534470234694 -0.0871195829238674 0.00612077065191738
-0.0115560959358507 -0.0210543519041107 -0.0776121637733298 -0.193029418974468
0.0117250631806122 -0.0240478469458683 0.192737975757152 -0.221498432219071
0.0226204081451353 0.0179868467144003 0.386219740087656 0.103807753967837
-0.0166181009962251 0.0154955693487433 0.0714991605790817 0.451502967858362
-0.00307650885256412 -0.0140860619879498 -0.236916086402174 0.249547952955758
0.00710582023252249 -0.0154313326444832 0.00266550603554315 0.0468931428225066
0.00181431555634913 -0.00225090564511119 0.252800447558285 -0.227664840610168
0.00231952866951344 0.00546124642715756 -0.0467402022254296 -0.475308971345231
0.0122333709821281 -0.00622199269397389 -0.40732383674727 -0.13924573345925
-0.00610232457316025 -0.026301204597539 -0.201423462917497 0.262279083215818
-0.0213340460508242 -0.0129654751658065 0.0916544152361828 0.213777070342448
-0.00728352653799272 0.00515352857894204 0.0979286187082272 0.00770375467518025
0.00229682418818172 0.00678344239840774 -0.0108290106157959 -0.110058805153616
-0.00955881235449065 0.00471616955731963 0.0211591851761995 0.0893513313396671
-0.0129345468708152 -0.00217248527976515 -0.0844110339351029 -0.00126707232496545
-0.0095963592480823 -0.0224377422346952 -0.0662620822846174 -0.197855403017968
0.0118692516789216 -0.0242633946166671 0.206445671309939 -0.206816579647585
0.021573589542983 0.0213900355994597 0.378475206915087 0.13797658309303
-0.0170451403400786 0.0175315339928289 0.0362588205201637 0.463125977598993
-0.00365212141311762 -0.011692411215891 -0.250043337787239 0.238490703206882
0.00435041038931913 -0.0117981453417098 0.00961221835407871 0.0428309558448381
0.000800292638138315 0.00189920043005688 0.241321183904861 -0.241038157170644
0.00455483327354721 0.00853611076492651 -0.0807417041508099 -0.463843541712338
0.0112124530586076 -0.00631486916195209 -0.414710156306897 -0.101101290355965
-0.00957520769914874 -0.027272496188732 -0.183127045437994 0.276975760000651
-0.0210776229270234 -0.0120067645297768 0.102308858136685 0.205564755873164
-0.00575384143899969 0.00672693955586275 0.100150950603323 -0.000126768591647243
0.00186397585806228 0.00794526466778339 -0.00953106457775992 -0.110341168559572
-0.00983452389823572 0.00627757021343079 0.0216239994717183 0.0896988779035546
-0.00994046656149493 -0.00130419261036775 -0.0808632264676127 -0.00677676833594913
-0.00707277910464283 -0.0217092046708178 -0.0568581691441212 -0.203199884161998
0.0114164987899246 -0.0232084759637896 0.216385970301505 -0.194268629101725
0.0210357271202778 0.0231425744151308 0.36557253694629 0.168893075322968
-0.0170020512635363 0.0190438956458167 0.00535724706807931 0.472533195095806
-0.00550669999797858 -0.00749669866041189 -0.261527634975516 0.228181494082219
0.000913407054412848 -0.00789889016408413 0.0147615586678742 0.0395890066688322
-0.000376283486278045 0.00650833155567383 0.231586714445486 -0.249647059915006
0.00621175217327022 0.0105775837949493 -0.109347181319206 -0.451574549903513
0.0106357267451583 -0.00679005819651269 -0.417895652202851 -0.0726006505729771
-0.0119968838859131 -0.0264674142530715 -0.167984168058869 0.287924927520266
-0.019523527833125 -0.0105347989940026 0.111132200093113 0.19902785404835
-0.00293777288323446 0.00872507557744628 0.102306088479185 -0.00700056468961654
0.00215409499449796 0.00922488365547774 -0.00800486028062392 -0.110058955076316
-0.00858644423841212 0.00755909200794996 0.0222183813822335 0.0891983245379287
-0.00683791947750245 0.000756883514506014 -0.0776626272974798 -0.00938951111878625
-0.00444648394110882 -0.0187232861476313 -0.0516364981165965 -0.205505337721234
0.0111218561203838 -0.0212051966286018 0.221097307754549 -0.186336231099606
0.0206688168305253 0.0241070480164653 0.357448364687246 0.185625949298607
-0.0157748871824712 0.020856464626954 -0.0127888658471187 0.478444197287847
-0.00935617313184186 -0.00341756160702014 -0.267550660150144 0.223832586977988
-0.00488978558738141 -0.00315128296087842 0.0175551751751317 0.0383304398917664
-0.00180241120637047 0.0114079678092275 0.22526385137237 -0.25406713866862
0.00848465327113991 0.011425749455361 -0.124880098634392 -0.441810386907338
0.0103347389066324 -0.00767249811030023 -0.421434309663493 -0.0521724721129104
-0.0123721008715737 -0.0249705483432952 -0.159726830729888 0.293904706427195
-0.0167119642237299 -0.00777805697917246 0.116390115660669 0.192959577231073
0.000742385349974924 0.010081614106265 0.104552970405149 -0.0111778968177024
0.00309815367144 0.00997144082805517 -0.00796234976493239 -0.108779081532649
-0.00642619700961303 0.00839541163368832 0.0222842031587248 0.0898167231777961
-0.00297308431435498 0.00295213418761249 -0.0752465876856797 -0.00949732757421193
-0.00192608622195504 -0.013646280361199 -0.0500382436747617 -0.207818057027155
0.0112451086183363 -0.0190203650243743 0.218538421724977 -0.185681365056985
0.0212837356537876 0.0229135039498812 0.354713716919043 0.190100230110554
-0.0141521284250569 0.0216687676799041 -0.0178123278465825 0.482211929616707
-0.0131281410747539 0.00143208113031754 -0.269660647376955 0.224753904843078
-0.010878539313151 0.00126414406724753 0.0174829383928527 0.0393106728224613
-0.00379671149936712 0.0157531536103687 0.224126096438329 -0.252545248131709
0.0107264483641064 0.011044713994514 -0.128718491882042 -0.437532168421428
0.0107088916154796 -0.00906436440684292 -0.422811705049208 -0.0468607894973811
-0.0117815668875836 -0.0232931693242568 -0.159163383875722 0.294266754216427
-0.0136283682813091 -0.00507069435949331 0.115977744752687 0.19012839482488
0.00466142206881681 0.0118328453202086 0.106864016438352 -0.0128349266481651
0.00582932398691216 0.0107148369958849 -0.00704583226067298 -0.107867313005919
-0.0033853380931032 0.00884319686943578 0.0215360889705576 0.0907473642338496
0.000256068844594024 0.00595728573919177 -0.0734868047279481 -0.00625279232425264
0.000493047645447997 -0.00873623378650458 -0.0542727227964385 -0.207587881862517
0.0110204783386747 -0.0167150079073276 0.212108951849425 -0.19165454878112
0.0220945711202002 0.0196152413375084 0.358623634556318 0.181402110760988
-0.0124535387218391 0.0217904696132541 -0.0056279064010551 0.484174402859926
-0.0165108568925085 0.00650167358926335 -0.265536281464862 0.229923811048685
-0.0163953174389189 0.00492548446501227 0.0144088076060904 0.0418779889363825
-0.00551209997546332 0.0189642049198111 0.228182522306189 -0.248181963811122
0.0116817178668876 0.0101896554790211 -0.118122135853137 -0.440989386072296
0.0109812064338716 -0.010178140429043 -0.424913693514182 -0.0566887421361366
-0.0100410198215556 -0.0207683169134406 -0.167879372848404 0.289668172797248
-0.0101203627623742 -0.00137619389044444 0.113166843662889 0.190134525706728
0.00822049765636441 0.012632174949549 0.108254320589311 -0.0104579581409844
0.00916620246177322 0.0101302361393498 -0.00811148526806034 -0.10649039294262
-0.00481755294158276 0.000541422846986168 0.0149017115531163 0.093013585881573
-0.0127199681487234 0.000518404598831911 -0.0888673230920228 0.0202840527640424
-0.00981283380523909 -0.0127250107598074 -0.0978479020714021 -0.179119680160639
0.0133896478357496 -0.0203728376189706 0.156012997667166 -0.245072569743028
0.0247763009985038 0.00972296290927448 0.390113546834563 0.0385917949460382
-0.0136798884603044 0.0121298313476329 0.134655394879564 0.420847587110737
-0.00609159899754063 -0.0142585473236569 -0.207940224157112 0.269866063081205
0.00384828180772857 -0.0161821972644016 -0.0125889120157079 0.0567203614541306
0.000571896408166597 -0.00523082288436274 0.272828133488288 -0.192316659798489
0.0017556544528294 -0.000201380488006426 0.0331281101288101 -0.484682839502374
0.0135675541354417 -0.00736701313183916 -0.379232959681609 -0.215884865895666
0.00162841176051548 -0.0225633590872546 -0.239963299847792 0.223047475869153
-0.0183428865112471 -0.00947129320386852 0.0664312117115362 0.221736757160431
-0.00607797725380082 0.00453559813497385 0.0940736331465939 0.0230633813259767
0.00750858800906628 0.00391960670821969 -0.0125486381479862 -0.107159655751733
-0.0071596409917176 0.00180100513881623 0.0167573675344955 0.0911730613309597
-0.0144373743077167 -0.00115069871308471 -0.0885180186764833 0.0127710911467789
-0.011099849438925 -0.017124651596276 -0.0867234301567526 -0.185164005583863
0.0123311094076039 -0.0222995484167673 0.175451216023287 -0.232264183905383
0.0236191895512 0.0137341601837364 0.387706888469768 0.0721031337032586
-0.0158644805841903 0.0133581931351459 0.103750379992467 0.435471764913913
-0.00419241436476648 -0.0153197266776242 -0.221761079681663 0.258318783320932
0.00679558953297709 -0.016820881458881 -0.00476088395616455 0.0513947394639262
0.00188207561748143 -0.00506693768217113 0.264534753382574 -0.208465049588102
0.00205307715102423 0.0024383698143118 -0.00385196491150881 -0.481058075001146
0.0129696606072418 -0.00658459782441531 -0.391450741239152 -0.181868906241019
-0.0023216181922524 -0.0252048150317467 -0.221720038362968 0.241393838417691
-0.019857303754208 -0.0116630956894109 0.0778880556422891 0.217793582331381
-0.00693653529959539 0.00427214499608775 0.0950805263588628 0.0163213742108377
0.00453546749262058 0.00487181995015592 -0.0119663052185244 -0.10833362396738
-0.00896662151119093 0.00294713320289654 0.0179587711672289 0.0899998006755066
-0.0142797804891985 -0.00186048451298516 -0.0864734173070772 0.00487896306738702
-0.0112385011443028 -0.020642000591595 -0.0759198359734304 -0.191864698892402
0.0115000423160445 -0.0236045279857679 0.192269562554757 -0.218600805218071
0.0225937474034803 0.0176150171099012 0.38265257296678 0.104728369254819
-0.0165498068348752 0.0156253494734515 0.0680405480254925 0.44825752326475
-0.00342749042400589 -0.0144772951153113 -0.236828828872716 0.246028098278636
0.00678841145774047 -0.0152773500367433 0.00215743759088433 0.0464352705805799
0.00152973099634052 -0.0023066506804606 0.253715508263109 -0.223310207544196
0.00268233037023438 0.00565568093744238 -0.0415199916235648 -0.471898219197434
0.0119731528415865 -0.00614743082191692 -0.402553141490598 -0.14158796742355
-0.005649605671757 -0.0267525642572914 -0.202388524375264 0.25934117095945
-0.0210385430483726 -0.0123133529743558 0.0902370472816743 0.211996281731097
-0.00676435776913621 0.00510833135085254 0.0972567371823534 0.00819563239162391
0.00244831715928708 0.00612548309648845 -0.00978230634992494 -0.108945688292954
-0.00988605737463787 0.00464481902159843 0.0199185676057845 0.0889456859915414
-0.0126855961348636 -0.00197318115889966 -0.0835319319469792 -0.0019258790260806
-0.00939175723375305 -0.0220707710841719 -0.0649032986015144 -0.196678632392156
0.0114647013015927 -0.0235254489958993 0.205969110588737 -0.204512096899385
0.0212533218116932 0.0207491361375743 0.37358858903796 0.139784677283314
-0.0173153761560926 0.0172933346860034 0.0329311569794631 0.462035443473666
-0.00390128841497263 -0.0117106293784881 -0.249856464065352 0.235197006975277
0.00459799417257912 -0.0122261816976098 0.00870924772945666 0.0419916267051735
0.000705653968278912 0.00153025464835348 0.241658232502928 -0.236672430153006
0.00420144639250287 0.00851712324420211 -0.0769292194000379 -0.461607440252985
0.0112427287450901 -0.00605288381831154 -0.409960835315903 -0.103634515595353
-0.00888737947379078 -0.0269738262076308 -0.183772805024949 0.274077437698828
-0.0205528874150347 -0.0122991236153601 0.100484781314841 0.204809884925124
-0.00553386904057968 0.0063495250372076 0.0998365839393397 0.000476351401878645
0.00125690753038948 0.00754693767012549 -0.00913266243994457 -0.108989375157036
-0.0100356132426735 0.00597841051183806 0.0206124294814917 0.0881862640845425
-0.00997145563662653 -0.000887889749120334 -0.0801082096978316 -0.00693285838695471
-0.00694209208222304 -0.0214850412836899 -0.0555299853154518 -0.201750832513185
0.0110458090258995 -0.022929808992256 0.215778360992309 -0.190955375052154
0.020458513443883 0.0233207735090313 0.361904262204187 0.169861228839747
-0.0168904041387227 0.0193987709625981 0.0020951951592426 0.470715669168329
-0.00584662700963291 -0.00773860145225918 -0.26149743368431 0.224687837063615
0.000696267560495485 -0.00793205051222777 0.0144375903760588 0.0394113108528745
-0.0003551016271572 0.00635996353602307 0.232285758546898 -0.245611999198354
0.0062184998566832 0.0103368667904988 -0.106382316587839 -0.448400156080421
0.0104002864156301 -0.00678052041713627 -0.414037090306852 -0.0745569091345382
-0.0113510734321227 -0.0264664604584719 -0.168783028835502 0.285305226275739
-0.0193401626841355 -0.0103504678965514 0.109319339282597 0.197700998384173
-0.00286782040573976 0.00849495332037796 0.101687975826675 -0.00608833901232902
0.00198196664021285 0.00907887715438838 -0.00722867051401299 -0.108868357869925
-0.00870032217858683 0.00761265187662404 0.0219468501191324 0.0878420593555785
-0.00638725314547352 0.000808895434268152 -0.0767530755988971 -0.0101942975760011
-0.00447850366192598 -0.0182560566378663 -0.0503131608889259 -0.204953438148772
0.0107311802827941 -0.0210671293076166 0.219493171146684 -0.183674509069987
0.0205363307703063 0.0238513631867916 0.353133683068898 0.18670905317411
-0.0161535716487225 0.0204659436518644 -0.016446656202279 0.475674848355772
-0.00900492168020336 -0.0033180633692962 -0.267994478881416 0.21992815829684
-0.0045219509548695 -0.00326212952588576 0.0165882935267628 0.0382719577328915
-0.00202578112688542 0.0115840745708975 0.226018182337759 -0.250202568305712
0.00797814284692467 0.0115230923466114 -0.122015646774239 -0.439342642788137
0.0102166358574136 -0.00735318131825721 -0.417186849952457 -0.0556104947238608
-0.0125972359902603 -0.0249720041136416 -0.160309194396073 0.291292919380252
-0.0166287939741914 -0.0081231353210571 0.114329718595754 0.192258722485738
0.000842214205205047 0.0100574894972251 0.104091858375662 -0.0102436341885944
0.00347048014207617 0.00981432528656878 -0.00682646851533109 -0.108120902967855
-0.00679697323778345 0.00869213694164243 0.0214307230273317 0.0885639755667147
-0.0029820442811134 0.00334817429026433 -0.0744715132056464 -0.00970200783047134
-0.00178522976422472 -0.01342018884079 -0.0489768152797607 -0.207069538916091
0.0109182361242621 -0.0189000940015782 0.217602765388617 -0.182773051869794
0.0204470317215009 0.0223592898837361 0.35011164761626 0.191862087443786
-0.0144132724797928 0.0218766612549436 -0.0196323870030737 0.478427603724398
-0.0129360962499899 0.00169515429011628 -0.269112444000758 0.219861437066313
-0.0107088525173345 0.00113889638064707 0.0169367162565909 0.0386263271915959
-0.00381315418500953 0.01570306730474 0.22437546030162 -0.248506590092821
0.00998133476253816 0.0115413648814987 -0.124162972140317 -0.435576163965266
0.0104852383086966 -0.00843776302460701 -0.420133520066153 -0.0502093691287532
-0.0116942218661685 -0.0230120130202751 -0.160004637653225 0.29103188640191
-0.0134872832685436 -0.00496138796973769 0.115271337233812 0.188982531135207
0.00474534414439094 0.0115232047407618 0.10625813098063 -0.0116841968771808
0.00558643309356464 0.00990274705118306 -0.00591073712511798 -0.10719249975085
-0.00357413093318058 0.00858367765295826 0.0203120266987837 0.089844758485407
0.000338724932468209 0.00568968108271197 -0.0732740437075766 -0.00713807691806284
0.000813822535982394 -0.00841236724142347 -0.0534483490086499 -0.206596308304165
0.010763358206555 -0.0163464448960758 0.211839536089593 -0.189020668070857
0.021702300416593 0.0196302895804007 0.353918313371085 0.183557990430202
-0.0124539735996885 0.0213831706349644 -0.00804412097531065 0.480820813864758
-0.0163276739927832 0.00589726541074327 -0.265018334706985 0.226914522296945
-0.016509337710946 0.00458413140359361 0.0138944233473447 0.0410303474443124
-0.00591727741603555 0.0187738831167537 0.227640190169213 -0.243322252658554
0.0113837481270644 0.0102434317573567 -0.113941820610863 -0.439633481049576
0.0111357702471116 -0.0101113737396626 -0.421157208949534 -0.0597665102931721
-0.0092067995599388 -0.0209328978378681 -0.168427288324245 0.286908695027203
-0.00998395647219525 -0.00158379810767922 0.11076082654492 0.188990788078034
0.00763416405461813 0.0125531245625871 0.107688327369076 -0.00969836712443311
0.00871949681991175 0.0103821362217573 -0.0068450422917073 -0.105911116824394
-0.00454818066516581 0.000459884907792341 0.014081170435312 0.0920524528965354
-0.0127796869502734 0.000467276814569025 -0.0890330352449731 0.0192137097582952
-0.00987931320150418 -0.0125232300541143 -0.0969598607179445 -0.178913001009252
0.0128650261989519 -0.0205575229494507 0.157393270927479 -0.242248899581078
0.0250510514303423 0.0093475564595808 0.387330751074452 0.0411775292902439
-0.0144341336851586 0.0120570437898218 0.130719801017878 0.419854599421835
-0.0056360876857793 -0.0139562962554239 -0.20845371729296 0.267164423035151
0.0034711628146875 -0.0158003794257168 -0.0135300084354811 0.0562005328587056
0.000672404270551018 -0.00502524815987328 0.273202401677999 -0.189142045201567
0.00166161978387496 8.20007822226925E-05 0.0388056543662133 -0.481261399703456
0.0137518169193791 -0.00726532241718498 -0.375311692370201 -0.219435839586111
0.00162618968192688 -0.0231286083382359 -0.241235245249467 0.21950972870174
-0.0179409441592855 -0.00924687388300371 0.063916892782319 0.220531747898596
-0.0061215159116162 0.00408092915022019 0.0935691744341772 0.0240772995706805
0.00698122162796716 0.00363722568476342 -0.0117151710721532 -0.105975061710684
-0.00703460678654455 0.00155052353993697 0.0158021476082179 0.0910440297706203
-0.0145637432915888 -0.000998266522479296 -0.0882442326349506 0.0114036702848994
-0.010984585510251 -0.0163968357042334 -0.0856119552422521 -0.184653917200443
0.0121164539921126 -0.0220613396118974 0.176447683232414 -0.229980381094895
0.023349490846725 0.0134623830533818 0.385674810722833 0.0750789000535039
-0.0156623521119043 0.0132709355965321 0.0985819430449017 0.434031243559431
-0.00408986939106445 -0.0154774307868375 -0.223515672092244 0.255160325243675
0.00717223194166378 -0.0166067996972072 -0.00539669621499666 0.0508189631211397
0.00204785134619488 -0.00489711749892834 0.264565147645252 -0.205055620368013
0.001333102856584 0.00256316515172126 0.000807760062740238 -0.477562547676599
0.012863486829914 -0.00642670857157949 -0.388770256661316 -0.182864864371686
-0.00172369840098543 -0.02486996234682 -0.222600095608255 0.238515751007783
-0.0199828644215733 -0.0120023446618354 0.0759935134406698 0.217385794467213
-0.00714244848887309 0.00378560123360361 0.0948098373121049 0.0176094645729375
0.00450394261807304 0.00454252335230576 -0.0106874286132389 -0.107286329767529
-0.00931229445683076 0.00330018788502183 0.0175905051763135 0.0895393321959046
-0.0142559663629174 -0.00180157611595292 -0.0858515979950143 0.00391927383297397
-0.0108070929177064 -0.020302230169609 -0.074438710775727 -0.190920712958322
0.011321623025292 -0.0234094036755547 0.192127549016223 -0.216030714339387
0.0223121821811429 0.0175304581292813 0.378978130806293 0.10870154284804
-0.0163264621154108 0.0155161233811878 0.0643738151730677 0.447479994009387
-0.0031651002448074 -0.0143779099962616 -0.237989313636353 0.243220314590834
0.00709250905745393 -0.0146609905521518 0.00135984451870445 0.0459937941779041
0.00154883922879174 -0.0024382150028759 0.25403993140807 -0.219938142676715
0.00225472439821464 0.00563786655329198 -0.035725299850944 -0.469039631109576
0.0120523233466162 -0.00585338963612089 -0.399751517225104 -0.143760316167006
-0.00561936689734942 -0.0265442433519143 -0.203412436297825 0.256616890900043
-0.0209638382742216 -0.0128670408289564 0.0877331628653689 0.211684060861328
-0.00685479215540294 0.00488423479257206 0.0963637479046382 0.00905853986095602
0.00273866328077648 0.00592228386260467 -0.00897403563445108 -0.108116221082981
-0.0100358942496057 0.00468503520803902 0.0191256984002259 0.0879240712471184
-0.0124777849201879 -0.00242594683259494 -0.0830853985263068 -0.0028360963480152
-0.00911982574428908 -0.0220687246215601 -0.0628941811778325 -0.196414923620828
0.0111169131245246 -0.0236314860947536 0.205738054140912 -0.200721224431633
0.0214464849170721 0.0209179911922874 0.370657510502197 0.142074330057636
-0.0175377400479484 0.017496338446908 0.0307963770271116 0.458913041899281
-0.00383389040501549 -0.0115339348690559 -0.250757642294402 0.231213519000752
0.00463553628375927 -0.0117688978860022 0.00840087605762453 0.0420305411397644
0.0004284147611818 0.00150948682966204 0.242625574533127 -0.232510854366723
0.00376719714046941 0.00835312684495175 -0.0730989564656731 -0.458844502329028
0.0111365092514675 -0.00605266542646259 -0.407374086744954 -0.107198397148735
-0.00857651958870223 -0.0269521166570358 -0.185084489523248 0.270627450758728
-0.0206830248514725 -0.0124424523267432 0.0987476305640562 0.204869102374782
-0.00556031399507182 0.00628892865222028 0.0992550777885297 0.00146991575388995
0.00162311232223221 0.00737176772571719 -0.00754267083345768 -0.108740795613644
-0.00995562220062175 0.00580969835697823 0.0195176789187979 0.088227794021083
-0.00985180793743654 -0.00117902130224933 -0.0799688520997681 -0.00797784902786491
-0.00690865123437679 -0.0209471402057809 -0.0545146347943123 -0.201019463158351
0.0110805609875473 -0.0224858126880522 0.215667062510623 -0.188622916489033
0.0203633655614508 0.0229888640810188 0.358442397233715 0.172773831698539
-0.0171386196613552 0.0188892924624338 -0.00198461385301341 0.466567528266228
-0.0057874055960636 -0.00784625117977786 -0.262872032677937 0.221469475255029
0.000952207851922532 -0.00783182143611099 0.0134732729388684 0.0393363376317592
-0.00101444443946955 0.00605182011335628 0.233505423450544 -0.242127017659565
0.00588893128564142 0.0106412916553354 -0.100695701430609 -0.447316233275042
0.0107592946451569 -0.00646682510103754 -0.41205106791613 -0.0772830802367402
-0.0111503712530003 -0.0264957243780964 -0.171080177890132 0.282387851196868
-0.0194193996833724 -0.0110702468477396 0.107679742696604 0.197738983767594
-0.00275662849718521 0.00848476972148462 0.101949111640481 -0.00507239873547406
0.00172941000447525 0.00872600024915183 -0.00614458742235037 -0.108434138813064
-0.00887196353919644 0.0074067199558899 0.0207532949839716 0.0870338936989725
-0.00629168394571098 0.0009621140480322 -0.0762699631805396 -0.010380571658837
-0.00424209394848006 -0.0178229930519544 -0.0489007326728783 -0.204090110458176
0.0108607014271306 -0.0204895368976685 0.22047382422152 -0.181155949985826
0.020150815102595 0.0232920666225368 0.35172545646413 0.19029607023102
-0.0161896888376604 0.0203402507566076 -0.0202903708775983 0.473327688033475
-0.00914562789095253 -0.00336634890981361 -0.268445194488987 0.216914255683208
-0.0045424776933906 -0.00350251590343347 0.016427951258583 0.0377262466105716
-0.00273381151070156 0.0106835287012959 0.226188406262421 -0.245950132111006
0.00842835060028625 0.0115220042729598 -0.116953574010383 -0.438519789807729
0.0102599173336362 -0.00722419986011842 -0.41520028931217 -0.0572770192739152
-0.0118838311609086 -0.0249661544086819 -0.16192289661937 0.288859401185256
-0.0163984306390257 -0.0081936673500626 0.112198653922151 0.191903586106246
0.000777587538652566 0.00981446463103557 0.104275102968384 -0.00930950830616876
0.00334532018125396 0.00960294292990624 -0.00570770613798242 -0.107460476885832
-0.00646211375799931 0.00855502067679213 0.020030255802454 0.0880032312245863
-0.00288966652617012 0.00320206136258024 -0.0740607463118872 -0.0105431079244436
-0.00175650353872475 -0.0130355066567182 -0.0473319692391682 -0.205993242471967
0.010413741223672 -0.0188563732715737 0.21808720451 -0.18035763810518
0.0207269359185236 0.0223145440729923 0.346897568795438 0.193877466701688
-0.0146375600545954 0.0214030646502553 -0.0242019611699218 0.476526399678048
-0.0129124854693296 0.00138899370804292 -0.270649606031037 0.216510117690512
-0.0105791682367955 0.000963005802006557 0.0160300301235817 0.0383288969557973
-0.0040016902514385 0.0152939712269926 0.226032206872793 -0.244708029914242
0.0100966812536224 0.0111926211986156 -0.118847378080419 -0.434567107251924
0.0102541121907896 -0.00864515097925075 -0.416796496830407 -0.0523238413886125
-0.0112381456222805 -0.0231148833688621 -0.162232318768048 0.288938071022381
-0.0131837119852434 -0.00514190398069555 0.113112712718455 0.188209750178012
0.00473037619086094 0.011337462020421 0.105690645941711 -0.0109261375806983
0.00554803749440415 0.00976795690333889 -0.0051623643550552 -0.106498276444309
-0.00399556521171893 0.00883550351124719 0.0190420912500276 0.089105730521939
0.000523638137434221 0.00582200899125235 -0.0731128974319121 -0.00777202112855402
0.000747622824337491 -0.00811617542998434 -0.0511832067533323 -0.206085664069962
0.0106126010165735 -0.0161983675791243 0.211700335940548 -0.186760901012417
0.0217359860239502 0.0194149653280621 0.350952579340781 0.186377686148449
-0.0122904045462992 0.0214715958001988 -0.0128248081251694 0.478933119136135
-0.0162356668229286 0.00597721382969889 -0.266714686880689 0.222994689711884
-0.0164277984486365 0.00466214858254017 0.0134829840861257 0.0406224357967552
-0.00645287182556192 0.0184297475171841 0.228854393604033 -0.239385299579627
0.0113022405846983 0.0107013129009316 -0.109895601165728 -0.437891616883468
0.0108467601829624 -0.0102513006402314 -0.419770512942825 -0.0626707973956554
-0.00976473325390508 -0.0206210969081297 -0.169482415006544 0.284376563532006
-0.00987560108064424 -0.00135736168654906 0.109631327902796 0.188636384648476
0.00785790171184652 0.0123467728345744 0.107140339100936 -0.00886290471245163
0.00852994408154063 0.00991044504574964 -0.00568949257631245 -0.104993599573055
-0.00521707941396862 0.0009046244683306 0.0130445287994816 0.0920014325364792
-0.0126195913787905 0.00041838253247698 -0.0879143951518808 0.0183380307588664
-0.00964880486216226 -0.0120817383068569 -0.0948702306813699 -0.179243776980218
0.0128656073207811 -0.0200089953080613 0.158734587464357 -0.241114885912347
0.024867664666213 0.00943353556126093 0.386202907603867 0.0453761044758254
-0.0144225054165806 0.0118076600693985 0.12627581178631 0.420498721139692
-0.0061094305247442 -0.0139916923498778 -0.211067629167723 0.26429626267551
0.00391740647783888 -0.0156431452059524 -0.0144689424212936 0.0555076530582784
0.000393739343218399 -0.00503867118611285 0.27429659431588 -0.184748095842758
0.00148054628382925 0.000250047247319073 0.0429015987555396 -0.480354357118393
0.0137958092663715 -0.00708956927786119 -0.372554701519267 -0.223496200882167
0.00163917011793185 -0.0225462019927878 -0.242131534946457 0.217434731412415
-0.0181703354456229 -0.0094993832392864 0.0623333795542134 0.220517314371211
-0.00612173656975941 0.00437241915494867 0.0935617744892577 0.0253098482766458
0.00720330809383529 0.00341732892696983 -0.0105853278339733 -0.105730577437271
-0.00751393193300746 0.00178031133441815 0.0146544584056078 0.0901465957334668
-0.013563596101738 -0.0011846734336944 -0.0883508864498489 0.0107338651138591
-0.011079578331824 -0.0168773405388185 -0.0840504805354274 -0.184705073394915
0.0120827780632416 -0.0219566547384016 0.177701373168294 -0.22845325607557
0.0231201005652767 0.0133041408736727 0.384061034510234 0.0790027482246782
-0.0160121026991542 0.0133546339312162 0.0951171667015043 0.434135997176281
-0.00375419437679583 -0.0154620208712625 -0.225571074846841 0.251357871168906
0.00758682940910242 -0.0162008579992391 -0.00576238246929514 0.0504805677743019
0.00184650915608178 -0.00464745837282605 0.26659378195814 -0.201746225406191
0.00157870655675615 0.00232572284360538 0.00567914993616533 -0.477789950219141
0.0127990719854691 -0.00652070218527394 -0.385796471062754 -0.187370191619008
-0.00159383241262863 -0.0250854884589701 -0.224645512483819 0.23614828847868
-0.0197884336188168 -0.0117187419598659 0.0742715413894594 0.216974093275118
-0.00691376219189324 0.00397738226024311 0.0949098764288042 0.0179218563163855
0.00430999526396073 0.00444808735369849 -0.00952392134988177 -0.10680706041969
-0.00960866871652333 0.00341621987355428 0.0159964797486912 0.0887760047868165
-0.0136659757779896 -0.00198510313783633 -0.0857155161533552 0.00322731046880601
-0.0108138299923231 -0.0197782870846856 -0.073207839533384 -0.190984917080065
0.0113190956280836 -0.0229404073707696 0.194240684819087 -0.214008528997404
0.0224423536735794 0.0173095061421025 0.377214036041803 0.111550875054847
-0.0164786911587015 0.0153967019368288 0.0600094523726941 0.447654255975343
-0.00362219374199087 -0.0146212851943111 -0.240394493988687 0.239748381219398
0.00732102088876328 -0.0150800076946561 0.00114324216419844 0.0458148029755849
0.00188476781890237 -0.00313550613341811 0.255551640560347 -0.216704075417805
0.00199266321638336 0.00541092552062896 -0.0307244951890463 -0.468494542877085
0.0117047339253305 -0.00572616748559172 -0.397382178199382 -0.146696365311736
-0.00516487147024478 -0.0265983161782302 -0.205902146099626 0.2537184863809
-0.0210424614640092 -0.013422585480677 0.0864691890702879 0.211743663488332
-0.00674465553331933 0.00458735715852529 0.0972254640628415 0.00999953673949104
0.00255400428888983 0.00560835700544275 -0.00802947214516386 -0.107987123728801
-0.0103124228140489 0.00459321303929986 0.0180474067603172 0.0877462471336748
-0.0122395059499489 -0.00220193838841395 -0.083352595267238 -0.00351971371261295
-0.00928365264454621 -0.0214331987860328 -0.0617371630266595 -0.19611269163594
0.0111607263778498 -0.0234532807023897 0.207552900573573 -0.199615546196869
0.0213591250860739 0.0202863154657393 0.366901133569271 0.145669898091189
-0.0173354682715314 0.0174104135812866 0.025300442429955 0.459294428157766
-0.00386933876688158 -0.0121288369530698 -0.252623571368352 0.228489003902311
0.00494993303262631 -0.0118594463593991 0.00750889847162186 0.0417613287189932
0.000332800607312517 0.00155257230341415 0.244180790810896 -0.228990649713944
0.00370170928169523 0.0089211409513368 -0.0683130504143927 -0.457790343784334
0.0111784314554681 -0.00598817055087439 -0.406777011090853 -0.111406602308854
-0.00818591209955431 -0.0271976923749036 -0.187357744598431 0.269807514472553
-0.0206703457458791 -0.0123772049079299 0.0972608339789372 0.205003785887566
-0.00552138766175061 0.00606259754294811 0.0988187189715506 0.00224327413730746
0.0013927638653913 0.00744096688231416 -0.0064315085723454 -0.108217986869201
-0.0108231472939874 0.00648775359004753 0.0190777449551869 0.0874910389617736
-0.00947412625317539 -0.00117270263116113 -0.0791494729898563 -0.00901291644737545
-0.00664210794955964 -0.0203834891933017 -0.052927254333283 -0.200713308439855
0.010791700440247 -0.0222132791770371 0.216899111069836 -0.186675218075568
0.0204857831721379 0.0226563724498331 0.355232489454551 0.176020759964221
-0.017274256579571 0.0192203551851383 -0.00502419276491086 0.467123815600627
-0.0058935788231384 -0.0079497096457973 -0.263799998925887 0.218849486100017
0.00116201727450505 -0.0076084000425468 0.0122813832811514 0.0388416069177784
-0.000833799907309606 0.00591802941557207 0.23499217990797 -0.239025923807293
0.00517436184523899 0.0108631905087584 -0.0955479891410788 -0.447907524543912
0.00994515906742748 -0.00636604203622971 -0.410759897172873 -0.0805918579069012
-0.010798122346889 -0.0271685390363007 -0.172878974140804 0.28153760636687
-0.0190401595037082 -0.0110199826456197 0.10653774217411 0.197728701999697
-0.00267540288721001 0.00830098932121264 0.100876634744081 -0.00441930636404087
0.00164935693195709 0.00839598661607489 -0.00501927873843353 -0.107887334107331
-0.00924233463922982 0.00774900001114674 0.0198611550896924 0.0869159904759274
-0.00589004347722777 0.000614133941387987 -0.0760315209750625 -0.0116578461267305
-0.003926127763096 -0.017809807110781 -0.0474974974221124 -0.203494418444962
0.0106385890105745 -0.0207319571290539 0.220359743192666 -0.179602231424808
0.0201804637987535 0.0232704307159372 0.347390525062282 0.193117351303549
-0.0166192653735031 0.0205158814958339 -0.0244639832489187 0.473417856031811
-0.00882882411542637 -0.00347340523510441 -0.269694356035192 0.214085899455539
-0.00472773736343326 -0.00325171142553967 0.0156213822242207 0.0375004284647492
-0.00254932285341752 0.0107112217598019 0.228494142671426 -0.243315055104164
0.0081179326515102 0.0113227772223732 -0.112531944180232 -0.437810314618578
0.0102010335633785 -0.00751745135901237 -0.413345989484007 -0.0616270998901837
-0.0116526356086993 -0.0247278518566151 -0.164402202783762 0.286387472593133
-0.0162335563041654 -0.00819464481916383 0.111368211269131 0.191840489504377
0.000715161355611106 0.00979224574333233 0.103544265089548 -0.00838883556761785
0.00354631797094049 0.00960704387335148 -0.00431222257250675 -0.107361056918622
-0.0068849262698658 0.00823232127371365 0.0187260195704862 0.087766812737276
-0.00280278286029681 0.00304189359423182 -0.0736766435249914 -0.0112438570235131
-0.00185452152126537 -0.0131804426745309 -0.0460913288076595 -0.205485965667763
0.0100409904225599 -0.0183695263668552 0.218802665679504 -0.177993245191841
0.0202126809811389 0.0220734691671453 0.344478144478325 0.197377427517556
-0.0150588908984632 0.0209848635540194 -0.0283549818633155 0.476552380750072
-0.0131567376083879 0.0012100354993723 -0.270796700518055 0.213204357152468
-0.0103640006197377 0.00137432203284106 0.0151341630990586 0.0387983131169302
-0.00445565933922159 0.0151889993139392 0.226813255537146 -0.241525953852212
0.00956601498822684 0.0114275766411907 -0.114894315276987 -0.434258486576787
0.0103481333903907 -0.00862056001299937 -0.415366405958279 -0.0569398183334521
-0.0112236946275902 -0.0233456145635909 -0.163561265004959 0.287439752107256
-0.013350575670711 -0.00529995815684349 0.111523120775042 0.18914968696899
0.00441431098768748 0.0111226075214868 0.105903365157167 -0.00971287829672985
0.00551634512892164 0.0097371474898989 -0.00427222281334497 -0.105925228532815
-0.00401970626969475 0.00851109992405462 0.0180892209960347 0.0883678157105365
0.000556799669623494 0.0060371946629482 -0.072446733191565 -0.00830990503357168
0.000609730781040932 -0.00754413240727054 -0.0501187238218646 -0.205528854543658
0.0100215815929882 -0.0157608750236124 0.212255769795665 -0.184782047226117
0.0215962388808564 0.0193416360969473 0.34835941791041 0.187793706902883
-0.0130999972095176 0.0214179593923444 -0.0160654097753073 0.477905783337555
-0.0162349826981282 0.00546521344091033 -0.267359158112758 0.219625059502914
-0.0161227756532797 0.00461249763613927 0.0125063618452055 0.0407381666635527
-0.00669154665950967 0.0180403886777191 0.230772592197039 -0.236634673982104
0.0106230821826953 0.0105768201003964 -0.10432947697775 -0.437468591119955
0.0111637792298844 -0.00999286017227447 -0.417648725459616 -0.0662842598566341
-0.00913160415560986 -0.0207735994598648 -0.171812406509143 0.282660242863491
-0.00971469490971784 -0.00143152282501294 0.107903621396683 0.189126879733834
0.00825991928347398 0.012830304275203 0.10701778836212 -0.00788204828187583
0.00831055987195908 0.00973963145438232 -0.00469902471473301 -0.104863343779952
-0.0053095350648895 0.000607064179273604 0.0119984162503676 0.0911881927036356
-0.0124982976901843 0.000627454958535704 -0.0885922386892339 0.0177480446422554
-0.0101448220207898 -0.0118421172577557 -0.0944596331444704 -0.179465080520707
0.0128358997992454 -0.0204188301678252 0.16090191465534 -0.239825387954
0.0250282846880165 0.00897804260611211 0.385956428127407 0.0485789680929027
-0.0142918646326849 0.0124470768696468 0.123656486906036 0.422541980763127
-0.00550066212101666 -0.0142879304817428 -0.213835902781077 0.262026399235471
0.00394580068050335 -0.0160909446504034 -0.0149378709425693 0.055498536212914
0.000120981167795889 -0.0054980945802342 0.27586062503724 -0.181244197436268
0.0014201264500267 0.000249045160832187 0.0478933966410245 -0.47962192466461
0.013889497606014 -0.0067727644706415 -0.371350515253137 -0.226300608411851
0.00193561745928791 -0.0229503912224046 -0.244836686575452 0.214932847107727
-0.0179751714277164 -0.0096383911072821 0.0606612968128124 0.220946495212675
-0.00602806864491681 0.00432111985301389 0.0935607464673415 0.025828434802794
0.00698695283553415 0.00303590428709807 -0.00915464697988319 -0.105630825284403
-0.00785772665169698 0.00150068349736265 0.0136447368028334 0.0896998401885765
-0.0140252479882148 -0.000941157871292943 -0.0878906481443052 0.00961721735986233
-0.0105619814686764 -0.0166169230432272 -0.0831403249419177 -0.185762402647568
0.0118908507745026 -0.021915677109485 0.179267554104015 -0.226626408540476
0.0235215671275827 0.0132048873862755 0.383619188695336 0.0825200161968813
-0.0160890469778623 0.0132313676060244 0.0919809657299549 0.435520761923475
-0.00385091063109758 -0.0154122871209831 -0.228200644546446 0.250303122806378
0.00714400792973947 -0.0163531164348483 -0.00715808249844612 0.0501621401839663
0.00148639387012095 -0.00513774744143031 0.268570076186224 -0.198278815475742
0.0011478138571196 0.00243851129225346 0.0101340515714656 -0.477266124621151
0.01260428140664 -0.00618488929231446 -0.383365884175965 -0.190984632967175
-0.0016613651895197 -0.0248809743599605 -0.22725440685083 0.234498835513957
-0.0198221408066575 -0.0121508600988124 0.0729889908812472 0.217383728489995
-0.00733589208189632 0.00412592971559274 0.0949502514849575 0.0188566028768504
0.00472048521071946 0.00443752535749721 -0.00835173060910066 -0.107039669329579
-0.00957118862777786 0.00304902005085309 0.0149438524811846 0.0886570405799385
-0.0138815814516047 -0.00166088217838786 -0.0858862906776015 0.00279708093874854
-0.0108270078257679 -0.0197152396798584 -0.0717912878513279 -0.191019632119022
0.0114021364564226 -0.0233291561595907 0.195660072081269 -0.212438899137974
0.0220276569660966 0.0171139032061026 0.376349477426954 0.117044412415309
-0.0170594001059373 0.0156147710618132 0.0566910472868868 0.448931473324031
-0.00318576403081653 -0.0146163813742805 -0.242424228512975 0.238227768040984
0.00748061292507094 -0.0147492412816419 0.00037188045128561 0.0458135980216798
0.00101417030969988 -0.00277100419399062 0.257334632374718 -0.213769450268895
0.00214862313015932 0.00553143994186851 -0.027722958185393 -0.469638472021604
0.0121164899913266 -0.00548661684514413 -0.396486731886418 -0.15133825898041
-0.00483280438362254 -0.026305534569193 -0.207801844047522 0.252211816233218
-0.0209321325810892 -0.0132612604031465 0.0845856396529255 0.212623265078744
-0.00714310165550153 0.00481209895922728 0.0973874889457404 0.0114146026959343
0.00246976490559226 0.00540064897600129 -0.00645808353708903 -0.107737857102071
-0.0107354675637469 0.00445343722239186 0.0170932413112998 0.0872215621155531
-0.0120201621487644 -0.00190894123581379 -0.082978443499568 -0.00430786766351054
-0.00890655265715913 -0.0217373995176772 -0.0610277646155763 -0.196487866733038
0.010878853218394 -0.0232861283381718 0.209025362371507 -0.197809723073726
0.0209355143238466 0.0205934497842439 0.367112811870679 0.149068753453263
-0.0178445725387283 0.0173250858451569 0.0217600612692702 0.459985928140719
-0.00381046225179743 -0.0116561419679773 -0.255266086987546 0.225930756654231
0.00504195530405554 -0.0117344339123338 0.00654521047722603 0.0417619863095363
0.000134483799844328 0.0015469170300497 0.247923898771211 -0.226320743158172
0.00306030957808241 0.00842524532417152 -0.0632333719648101 -0.459115075284069
0.0113811833005646 -0.00554155310614409 -0.405652260275445 -0.115590775449627
-0.0081185933878949 -0.0275093226262214 -0.190889961516185 0.268353716586806
-0.0203626291367199 -0.0128447222076391 0.0960085158246782 0.205843764997058
-0.00528762309592619 0.00590953048161452 0.0993386255599499 0.00318821081034183
0.00136521645664734 0.00675500575608067 -0.00535989399244649 -0.107738001801731
-0.0104619081885557 0.00593085974338635 0.0177248741114965 0.0870511600066712
-0.00932217955196564 -0.00126635962942572 -0.0790933621805444 -0.00962610558953936
-0.0063444685698397 -0.0204715568791166 -0.0519042180301796 -0.20113854710761
0.0106867117050337 -0.0223600630261412 0.218486066136989 -0.184995522622788
0.0200022213579304 0.0228101481613521 0.354659157933634 0.178438071543942
-0.0178306764620522 0.0187915446010582 -0.00963527230291358 0.467781997515343
-0.00590190444173092 -0.00818336315492982 -0.265946432089092 0.215739430106667
0.00089998009769894 -0.00791592999331139 0.0122440401509588 0.0385551465916576
-0.00107545538011893 0.00576761723385423 0.236973548737092 -0.235743501647802
0.00520152308894674 0.0105339538257342 -0.0910372598881722 -0.447603840336702
0.010756194837412 -0.00614395828632552 -0.409739641252989 -0.0860234503110903
-0.0107929898630529 -0.026820233456866 -0.175362683614394 0.279973592624757
-0.0192312023954586 -0.0105361288350872 0.104952620907947 0.198737296836996
-0.00261321341999687 0.00766933631687295 0.101378749116471 -0.00279400812194081
0.00154450178874845 0.00858248347247463 -0.00375295393944128 -0.108174809324721
-0.00920504273847084 0.00792486538001257 0.0188156802111598 0.086483037839322
-0.00583448749233048 0.000978908034940498 -0.0761258236368193 -0.0119534145904016
-0.00366459890001914 -0.0174504766485252 -0.0457703302593448 -0.204365278773305
0.0106234636570458 -0.0205573109605764 0.221891522337085 -0.17726671429367
0.0198330584300742 0.0231609385111618 0.347905551063496 0.196576702963525
-0.0169325564170116 0.0208659594647605 -0.0270359644082903 0.472486970115029
-0.0089895170209268 -0.00372922637334692 -0.271949615473687 0.210741227342108
-0.00437178649348053 -0.0033838621241342 0.0150796307967725 0.0378072855449419
-0.00285156106258221 0.0103766100433093 0.230910274420553 -0.240626916187543
0.00749268770791578 0.0118737217382548 -0.108026556909322 -0.43823960599286
0.0104016215675832 -0.00733115567930304 -0.413865116278899 -0.0651674063259392
-0.0113598845665153 -0.0254757202934516 -0.167415105954572 0.28609144650353
-0.016727929144737 -0.00827038610167777 0.109702026078687 0.193351756434855
0.000866811539617564 0.00977525065544188 0.103896127707368 -0.00734043419673103
0.00289951583704521 0.00918386988533513 -0.00336415966427921 -0.107049577781933
-0.00738540771589224 0.00867009496093151 0.0178350252056757 0.0872427215541844
-0.0029544295216316 0.00294222716467579 -0.0735188551044291 -0.0117567391287963
-0.00158215276960289 -0.0126441916630733 -0.0448047908805315 -0.206318464888294
0.0101505970852252 -0.0183505210961338 0.219944582911992 -0.176110125763379
0.0196790084570054 0.02192321737146 0.343452036164091 0.200428083591283
-0.0153918916255504 0.0213773861537227 -0.0316237622091433 0.476783411358746
-0.0131603295704811 0.00118553891245729 -0.274100167368229 0.210918116746413
-0.0103154935083658 0.0011385077906011 0.0148474063871947 0.0388354198303145
-0.00424126222019307 0.0150101849973667 0.229869690634694 -0.239030574753158
0.00903865202853551 0.0115477600149741 -0.110152511678661 -0.435585891370668
0.0102751410842922 -0.00842072070982055 -0.415009707344877 -0.0609935921828698
-0.0103576659670767 -0.0232162540201277 -0.167184405670875 0.285954342484837
-0.0129699609832533 -0.00555466050472443 0.110199171848284 0.189893681768204
0.0042442468437613 0.010984810239483 0.105873753789942 -0.00863999032798241
0.00531139816094043 0.0100743261893833 -0.00273437731366652 -0.105829995240029
-0.00454569224973002 0.00916348920382025 0.0172260779388511 0.0885332968764844
0.000545634129063774 0.00593678717256995 -0.0721850846018614 -0.0092455656025469
0.00110532204264819 -0.00724318489789489 -0.0484920968954421 -0.205958304149997
0.0105361900147284 -0.0157477807080773 0.213644640651747 -0.183033153193866
0.0213500111295708 0.0191457600025144 0.345593627094988 0.191018921836419
-0.0131149951553236 0.0211321087336153 -0.0194876199213877 0.478771651027989
-0.0165212775294213 0.00515371254360334 -0.270425049054766 0.217577150923424
-0.016316282291854 0.00383017207530553 0.0119639076458432 0.04121860073578
-0.00709608568705981 0.0180683293708359 0.23356583166753 -0.23359951683118
0.0108507443765737 0.0105668006723001 -0.101009111520858 -0.438722758989066
0.0106843451452414 -0.0100617867992689 -0.417888996079163 -0.0706597922936584
-0.00941421036589891 -0.021432295098722 -0.174826889878884 0.281412825406374
-0.00982718945852695 -0.00197761044709599 0.106834339033504 0.19047993210175
0.00793012174448587 0.0125054323431893 0.107441356983026 -0.00669198173702766
0.0081674857019964 0.0099636196921859 -0.00327752959071913 -0.104785718315619
-0.00539184482764839 0.000579500516410747 0.0109058678382806 0.0914254130367282
-0.0127180954974787 0.000361181578531971 -0.0890272320104078 0.0165262431059115
-0.00995626882638379 -0.0114889809031162 -0.0930366087392132 -0.18058148436104
0.0125368409539393 -0.0201627512703889 0.162326410165521 -0.239157972693269
0.0248340827982267 0.00904911301707852 0.386593320272033 0.0527779398784712
-0.0139563171248204 0.0119646230811617 0.120682446551704 0.425481701487675
-0.0055927304394755 -0.0146544258800769 -0.216979203665509 0.260721268328712
0.00421161020755072 -0.0161813817483348 -0.0157414277374652 0.0548867283238067
0.00046934412688272 -0.00531070179181528 0.27904995415876 -0.179022216114491
0.00134438583739601 0.000211035980926556 0.0529304319009438 -0.480558660932321
0.0140983069720676 -0.00632947183706172 -0.369684648808879 -0.231135032315677
0.00195292813569551 -0.0230084031228929 -0.247537563499588 0.213725973738656
-0.0178938785083833 -0.00932053213553363 0.0597664816996438 0.221868502266283
-0.00592533319612957 0.00378182462344971 0.0934586692017572 0.0269621975879187
0.00723622919957569 0.00312749897706827 -0.00796939834835466 -0.105696910187186
-0.00808188728340735 0.0017030986468251 0.0124754660779083 0.0897637938518558
-0.0138032230513086 -0.001343035170056 -0.0881229376398151 0.00864235131064408
-0.0108463262703505 -0.0160067532884869 -0.0821980683752135 -0.187288326482709
0.0115956033363844 -0.0220583137886214 0.181418895351456 -0.226525329859701
0.0230227495476818 0.0134913461774573 0.384114341093556 0.0854013438475033
-0.0162626600090588 0.0134466485611683 0.0884486904237521 0.438358615976042
-0.00361059311534204 -0.0161711924350158 -0.231085451583753 0.248942257210095
0.0074230242055674 -0.0164468726169426 -0.00781217799303494 0.0499508589094765
0.00160629496555705 -0.00543607038314441 0.270730877598055 -0.195314416815561
0.000746296517372944 0.00266543428300611 0.0157416488344364 -0.47815063366013
0.012866354383029 -0.00572374190237595 -0.383476478187659 -0.195152258402524
-0.00149700395982614 -0.0252556666803258 -0.230095043739818 0.233441277825547
-0.0201754086507844 -0.012526131070872 0.071326160433908 0.218876761853837
-0.00684583768527455 0.00369317774365968 0.0953286154295939 0.0202479959171704
0.0046848721061859 0.00429078566758448 -0.00716750852578512 -0.107178196122659
-0.00983068032756001 0.00315451916080135 0.0146454364039792 0.0886164276894691
-0.013584254730304 -0.00211583589712147 -0.0862117887569159 0.00177572271583609
-0.0104831499924398 -0.0195781090568856 -0.0708920659043446 -0.192961044552507
0.0111335929560992 -0.0231604175184619 0.197189811619057 -0.211874359378924
0.0216352450768132 0.0171971781123869 0.376682055309381 0.119963158920123
-0.0173632246510729 0.0155292787291899 0.0531003277378789 0.450683894323381
-0.0033330686134224 -0.0146809665151148 -0.245559451182946 0.235778990352929
0.00757931125209701 -0.0150332211201164 -0.000680551175373264 0.0455045581880576
0.00126752018923097 -0.00296700659663218 0.26072403205021 -0.21084413681792
0.00140638847850654 0.0056402618685809 -0.0218825576069627 -0.471863986960908
0.0119700836845838 -0.00544608592054345 -0.396477753378763 -0.155909607683898
-0.00465278680916173 -0.0269050555930198 -0.211085672872485 0.251975214789789
-0.0205575362447773 -0.0134695210551015 0.0838646235775468 0.213765981463287
-0.00666587223652604 0.00435561613744314 0.0974244845066364 0.0120894145834494
0.00264876971316223 0.0057193160270358 -0.00575045533527264 -0.108017453199355
-0.0109236165588555 0.0045502826553089 0.0160550991855033 0.0869198841262656
-0.0120797913851193 -0.00213832811308794 -0.0831258668512302 -0.00537850661414487
-0.00886300665801186 -0.0207667900500601 -0.0597504554351409 -0.197846293152947
0.0112535918923669 -0.0231427607474343 0.210594565617163 -0.196231136754407
0.0206906739754205 0.0205513660799279 0.366066106843489 0.153526248596553
-0.01762522308855 0.0174385761428786 0.0177731232903026 0.462709136261344
-0.00387882827019551 -0.0122014255092997 -0.258299112819341 0.224143761413091
0.00522626566031298 -0.011743492536005 0.00655661943719776 0.0417499889792474
-0.000321704290026085 0.00115943715696763 0.249453912717312 -0.224151560656251
0.00329766833977557 0.00875278530074464 -0.0581874307331039 -0.461275237535052
0.0110365959159254 -0.0056477631383622 -0.405460769980427 -0.119052253937093
-0.00806948396553097 -0.0276092193397258 -0.193062092657412 0.267257355385121
-0.0203431755766472 -0.0131150282101207 0.0946681100927186 0.207106568394439
-0.00507615284253473 0.00586345846387633 0.0993643043449268 0.00412252676786232
0.00132545329309408 0.00691917226134446 -0.00425036838538989 -0.108168909324233
-0.0111687631190078 0.00634159067255581 0.0165835863650129 0.0868780097083897
-0.00904327881982838 -0.00125013416189091 -0.0794368909644995 -0.0108487818839246
-0.00596538401432374 -0.0204515448795487 -0.050227216202425 -0.202121731686583
0.010550885413593 -0.0221936551760284 0.219973037124911 -0.18379429227922
0.0197329300141407 0.0225789913328441 0.35416828870736 0.182079474242725
-0.0179706194159844 0.0190684133669216 -0.0130569160389383 0.469104533459084
-0.00585067765448441 -0.00842816119890982 -0.268755116435332 0.213657990200485
0.00140579387919788 -0.00811598172832338 0.0113613349205049 0.0388151553423633
-0.00155339901926675 0.00529085475732757 0.240560536224672 -0.233918976103023
0.00531038325506232 0.0106046546007948 -0.087494460630792 -0.450308361935759
0.0104703772989224 -0.00650152334403547 -0.410680159733098 -0.0891224886522746
-0.0105628189234168 -0.0266629171617839 -0.17803258754907 0.279442370458426
-0.0189613034595377 -0.0108995154314963 0.103652586056745 0.200153611020451
-0.00232158210167712 0.00780232665175013 0.101835893349341 -0.00251015685092214
0.00172013813341906 0.00826563103994604 -0.00283748116269891 -0.108019099768346
-0.00934130233571593 0.00783659498150547 0.0173207295511815 0.0861966777194581
-0.00608137347488459 0.000625056876337064 -0.0763302188246028 -0.0129145176441488
-0.00351217304916691 -0.0173351937552844 -0.0442385501378321 -0.205283624410622
0.0104915618549769 -0.0204149579301631 0.223944727315832 -0.175588215366613
0.0195674062260283 0.0232422022018659 0.3458683094989 0.199686742208151
-0.0168576914726727 0.0202232093211938 -0.0308469084432214 0.473907019798255
-0.00958961084567124 -0.00340448412005357 -0.274943771874595 0.209239278897667
-0.00444874232869753 -0.00373031003653494 0.0146579742239432 0.0380666309357929
-0.00339964358689288 0.0106457187972293 0.234209584813818 -0.238654608438934
0.00745508001128678 0.011796156897171 -0.103288135312317 -0.442558340134426
0.0105359575611523 -0.00711451347667872 -0.414356290032329 -0.0700601137096819
-0.0113230589835816 -0.0256211102904196 -0.169853517725998 0.285431848664065
-0.0163931031709229 -0.00869535167975732 0.108462029509482 0.194673420494727
0.000911545040153627 0.0099807716125536 0.104818210019911 -0.00650700301483425
0.00306261693948552 0.00941613113280627 -0.00214851756408826 -0.107216996330703
-0.00779054355925296 0.0089571130535196 0.0169624885183211 0.0871625817835183
-0.00239024828361718 0.00321998498114797 -0.0740409409224311 -0.0130345908554294
-0.00125799757525773 -0.0124657749432638 -0.0434759563418993 -0.206980819338408
0.0102017027724102 -0.0185276005946581 0.221712376633227 -0.175076134591462
0.0198836143847418 0.0218294172375252 0.342844620104255 0.203671508604941
-0.0156896494636255 0.0214573808438924 -0.0350668466857543 0.478292876130561
-0.0133872090040618 0.00114819993507276 -0.276421005183666 0.208593586606458
-0.0103303640693613 0.0010953139872094 0.014613237221075 0.0386054217325447
-0.00520886486966201 0.0152902176759871 0.233142158236457 -0.237288908611143
0.00896216611794008 0.0116664127905663 -0.106751494074046 -0.437802964107513
0.0102750168940382 -0.00839681404269993 -0.415586700357073 -0.064939932468295
-0.0109661830421349 -0.0238876676745833 -0.169532367981782 0.286099285782391
-0.0131041977291532 -0.00527854234796894 0.109302512610172 0.191932172958485
0.00481326176249132 0.0111946435337459 0.10665376678797 -0.00784635537719581
0.00493229384094883 0.00979010185036778 -0.00161177914757845 -0.105989845188
-0.0047680432833182 0.00879900964618716 0.0162145460860001 0.0885965713797947
0.000686746572271521 0.00610272066120902 -0.0730216902892394 -0.00982255606667924
0.00133851015584825 -0.00730284976634809 -0.0473183886453528 -0.20730817070241
0.0105047724723653 -0.0157640334216793 0.215498634616461 -0.181409141788971
0.0210021758862415 0.0191051322055834 0.345226987913729 0.194891990018553
-0.0136260773080356 0.0213073638403034 -0.0235116481705203 0.479854015985233
-0.0166314285761232 0.00527167290037791 -0.273300888544105 0.215416182997449
-0.0164423088004371 0.00394108268572142 0.0114001693300074 0.0412745309647838
-0.00726115842792915 0.0176553304301379 0.236132261817495 -0.231057499811201
0.0105948922372387 0.0109264112274355 -0.097335147921464 -0.441427737535742
0.0107741858329152 -0.00985527692530043 -0.417978784451321 -0.0749879359458428
-0.00899821443780918 -0.0214893269762082 -0.178698128123421 0.281830412435623
-0.00975724760420335 -0.00188839859536297 0.105230331953563 0.191211412092541
0.00805758928973178 0.0122794817767345 0.10777529392031 -0.00624542966273573
0.00848253529991942 0.00963539452605202 -0.00192853217919428 -0.104982133432228
-0.00580262304276522 0.000678789118302331 0.0101816782997464 0.0917118768055604
-0.0126496629863026 0.000300854445974724 -0.0893169954777668 0.0159651876118738
-0.00981199420928767 -0.0118118424111907 -0.0925311459495509 -0.182258619219842
0.0124109407780375 -0.0204147876170679 0.165862404007158 -0.238602321586541
0.0244731697072928 0.00924524472390416 0.388648692639505 0.0565532292548666
-0.0146430023371161 0.0119942439214674 0.117505610620406 0.429440380867952
-0.00585445727432607 -0.0144374338507005 -0.220844347997493 0.259993593400701
0.0043771336262989 -0.0160093213734668 -0.016536811888813 0.0553794248744768
0.000644540598369377 -0.00567588783853868 0.281589075730626 -0.176733734984917
0.000814036233475996 0.000168743506334151 0.0583534180825781 -0.482160676278259
0.0140023608833587 -0.00651833354887187 -0.370167825552923 -0.236066324880613
0.00216957526224569 -0.0234231497292864 -0.250972453762271 0.213924898863658
-0.0182496298573239 -0.0101190626539385 0.0577242961527384 0.223500577126453
-0.00570963680302087 0.00365571466068116 0.0940251916526855 0.0282025055067155
0.00748994081774143 0.00309913077410364 -0.00690683655644795 -0.106387361766285
-0.00823350637234851 0.00201035155556466 0.0115659797502334 0.0899207383762782
-0.0139004622867942 -0.00109383352794014 -0.0889114441211528 0.00828187147676877
-0.0108966380887968 -0.0158833488042317 -0.081986097480905 -0.188665727847923
0.0118635160657943 -0.021785773478836 0.183814311528251 -0.225706751369598
0.0229725240504544 0.013153917724535 0.385478091310749 0.0897498320436326
-0.0164216833058132 0.01380848293857 0.0850209083475284 0.442624118436895
-0.00363715122719618 -0.0158193154467206 -0.234430857906826 0.247465326485731
0.00752854241759739 -0.0162660114622583 -0.00843155505043604 0.0496837470383253
0.00181726964017242 -0.0054356575024441 0.273999304081377 -0.193662653281184
0.000730497955530429 0.00239611472106792 0.0202856813918858 -0.481950272267964
0.0127971822403768 -0.00588266127399153 -0.383349771174955 -0.201029859501927
-0.00126660395682471 -0.0253619237268702 -0.233070148923095 0.233544168468687
-0.0199985601743621 -0.0123413518107311 0.0707328177826283 0.220416713156204
-0.00738849985900292 0.00319681019121462 0.0955711190395397 0.0215437122679245
0.00456727631362313 0.00412795179429083 -0.00644686335137286 -0.107659129400805
-0.0104264048708826 0.00305149694815212 0.0133326522023971 0.08884340144596
-0.0129975539036704 -0.00215379069460027 -0.0867383363496565 0.000773828080539607
-0.0102864909859823 -0.0194502635718698 -0.0694583958112238 -0.194749562443369
0.011237488815735 -0.0231237085622523 0.200192610851069 -0.211343521635864
0.0221318048715128 0.0173030886638782 0.377941495170819 0.123749263930674
-0.017645829141038 0.0157172678258831 0.0502561975687477 0.454553835267756
-0.00312720932815544 -0.0148567475970614 -0.249694340648656 0.234911076190677
0.00803049021403483 -0.0149515319168153 -0.0012099460598469 0.0458655153565209
0.00092004744132288 -0.00319200407312802 0.263937935463447 -0.209364045219528
0.00194124806596776 0.00551734924082147 -0.0184563115720999 -0.473750348212534
0.0121646830555943 -0.00567409781981909 -0.396703389037934 -0.160279380891029
-0.00499883713371595 -0.0274998240509819 -0.214269395226162 0.252095937682266
-0.0208057601353492 -0.0136522482220076 0.0826188265564849 0.215330086952619
-0.00647180648925691 0.0043175617338509 0.0975724945820977 0.0129634757856514
0.00210840074808914 0.00537493113024715 -0.00441125473303892 -0.108285405599483
-0.0112894793769147 0.00449115422253652 0.014838944086315 0.0871955599712424
-0.0118701401385504 -0.0021307696492613 -0.0833899517554571 -0.00621431540667661
-0.00872738031291003 -0.021003985231283 -0.0585907868279694 -0.19929597259093
0.0107984572435116 -0.0233753914755881 0.213140358002445 -0.195917706902034
0.0208865800570946 0.0206480133755168 0.366835521740709 0.157975573978263
-0.0184112542610645 0.0171999155451547 0.0148978055336166 0.464874885656163
-0.00372938085086958 -0.0117799844917618 -0.261816303061647 0.222895898602294
0.00534122216685636 -0.0116941616346495 0.00512196186371972 0.042214527799335
-0.000226964273890626 0.00130357385686648 0.252724807472585 -0.222612294182454
0.00296921389048421 0.00906663471064327 -0.0539421791437632 -0.464369191281766
0.0110907115979322 -0.00581085438621612 -0.407439164829692 -0.124450831505518
-0.00787432274505882 -0.0278055243925381 -0.197031405136181 0.267154956553073
-0.0205534733258985 -0.0135938347848021 0.0938023153443925 0.209023319520651
-0.00496289107762957 0.005645387533476 0.100290411300035 0.00528725332335389
0.00141690643521243 0.0067753441925541 -0.00333135974917802 -0.108640066697588
-0.0109125526232893 0.00632672972623876 0.0161483904244354 0.0873367403924488
-0.00908946547325584 -0.0015207156371006 -0.0802635385985848 -0.0114796482932286
-0.00571753182494368 -0.0207668499384157 -0.0492951853783449 -0.203848432454599
0.0109037087501093 -0.0224300126078187 0.222281524095263 -0.183169304977694
0.0196854899338184 0.0230173076308582 0.355340867356411 0.186196169220675
-0.0183601188318121 0.019142014013572 -0.0166053941352297 0.471510218085332
-0.00605979655494963 -0.0086993884896158 -0.272596593690926 0.212716576332809
0.0012180170106082 -0.0081974454248432 0.0109036929488534 0.0392107198659886
-0.00198726121444694 0.00543039532382782 0.244425570930443 -0.231441382064136
0.00530398479693618 0.0110163117295085 -0.0835011622161452 -0.454019750859386
0.010817572167563 -0.00580383262881188 -0.412311751209158 -0.0930157481141713
-0.0101146029837482 -0.0268775736045001 -0.18160130757116 0.279749954989806
-0.0190430781763853 -0.0116601064083366 0.102915757454839 0.202145589025518
-0.00265394611200491 0.00786707586963222 0.102863110363168 -0.00162214524901654
0.0015997593901761 0.00814597911031867 -0.00142040443702063 -0.108470897654499
-0.0098774560770897 0.00734352162765055 0.0166268697721 0.0868100959234848
-0.00565193028326306 0.000523336509689773 -0.0759243718914315 -0.0144284058385395
-0.00348665343321642 -0.0171867276086972 -0.0435685442046047 -0.206223367927527
0.00998715267276218 -0.0202473158947388 0.225941305548868 -0.174872231565401
0.019653925722743 0.0232175931681749 0.346980318256403 0.202940606749603
-0.0171024648298907 0.0203238174349384 -0.0351820910148465 0.477352371588673
-0.00927266119428922 -0.00359399256674287 -0.279241570655089 0.207774598090418
-0.00436645093991295 -0.00347429250844353 0.0137658095197014 0.0384583805486114
-0.00322536397645465 0.0105651791338532 0.238078676873439 -0.23732443766271
0.00709759194336764 0.011957749609685 -0.100223447766394 -0.445707217839575
0.0105532746994221 -0.00704381500826271 -0.414982689581042 -0.0739604056999302
-0.0110140362315969 -0.0260325019439543 -0.173747151631183 0.285980537825941
-0.016615417773148 -0.00875817632555469 0.108215873246401 0.196332700467284
0.001009502073028 0.00955030194213754 0.105590563913241 -0.00546394332170082
0.00286301493132081 0.00880464068528483 -0.00115950205954214 -0.107028985403925
-0.00786526747684681 0.00901197412026454 0.0157405829823273 0.0875511907889002
-0.00217312623973292 0.00343147354846371 -0.0743431521073579 -0.0134758763322994
-0.000638483469677324 -0.0122349235577354 -0.0420481858100625 -0.208400372532572
0.00975178189406377 -0.0183855806774673 0.224328070562411 -0.174567031258521
0.0198209441074521 0.0220780611872426 0.342037564926079 0.208522849991029
-0.0159354241944619 0.0213479103429697 -0.0400950215254282 0.480417128095593
-0.0135130732226818 0.000768373966478884 -0.280090119130295 0.207650018764205
-0.010447860027384 0.000872711682150954 0.0140409257727574 0.0391963811908406
-0.00568282612409256 0.0152268985304724 0.236485586821823 -0.236042633671297
0.00923302996537916 0.0119109188239938 -0.103016515116874 -0.441666835605272
0.0105188633379782 -0.0085058932529611 -0.418989683675668 -0.0692136424195407
-0.0110304627351175 -0.023861760854947 -0.173548957377538 0.286487202546206
-0.0133821396835529 -0.00557311065155141 0.108659223714558 0.192799256545652
0.00463855184427488 0.0111327940949677 0.107357163575878 -0.00703644879114919
0.00529668013048482 0.00954652575790022 8.56488464487761E-06 -0.106961873360785
-0.00513472450590909 0.00884485383448043 0.0151357151271207 0.0885449320143264
0.000763712319082888 0.00579340472441758 -0.0727735709426265 -0.0105441839827931
0.00151454164426319 -0.00675421065323682 -0.0467204931069344 -0.208448155998745
0.0100773553623737 -0.0158180239167523 0.217871931189255 -0.180937373215751
0.0211294761544253 0.0194646212337636 0.346488607672213 0.199086905672035
-0.0139739221165268 0.0214037302420728 -0.0288247609972782 0.482376269787437
-0.0163839646542543 0.00496561020971424 -0.276535688318354 0.214424945753677
-0.0161441740566849 0.00352079981653447 0.0102222618991517 0.0410496210334753
-0.00758328939419269 0.0178259889687974 0.240072520044816 -0.230041398175822
0.0101449083092436 0.0110112343148147 -0.0940489278094517 -0.443854704100494
0.0113069733379236 -0.00986440190679589 -0.421117470638204 -0.0788881690847313
-0.00844865817161266 -0.0214915838436588 -0.181786037032787 0.281779068517416
-0.0103105492545924 -0.0016756837071784 0.105113444594294 0.193370836004773
0.00789951457908671 0.0125699997294443 0.108964701105214 -0.00456657519369542
0.00840978152277473 0.00966571055108019 -0.00116490068786904 -0.105486422067405
-0.00579975441374782 0.000690747712983899 0.00964923375416325 0.0921818781631141
-0.0123430246935589 0.000276179506925496 -0.0899225080950838 0.0153890775239554
-0.00979984506115966 -0.0111821151817573 -0.0927118775663696 -0.1839435453823
0.012713317739375 -0.0200229739590019 0.168078503345246 -0.240579473422322
0.0247626454857356 0.00891486050900328 0.391796679842775 0.0588008944445321
-0.0149296244282676 0.0124880672958827 0.116666288044322 0.434147192112725
-0.00633455098753807 -0.0144742285543105 -0.22489714479558 0.260056095403038
0.00466570673059332 -0.0163809367971257 -0.0178095294761374 0.0555028159056426
0.000210214413769794 -0.00562459836443788 0.285157564651481 -0.175349768039505
0.00107495079658567 0.000217423254923531 0.063571663757268 -0.485553656677341
0.0141694456366049 -0.00625070828874795 -0.371732704505286 -0.240888026056872
0.00230781860228029 -0.0236994336002824 -0.254926468150883 0.213933860588505
-0.0187938919204488 -0.0105164391322698 0.0576647189149322 0.226088520873821
-0.00561689548652098 0.0030820337582389 0.0947401639699032 0.0295825431050068
0.00728277799120588 0.00281826829002753 -0.00577873752124983 -0.10682774778692
-0.00871902848920113 0.00198575922792669 0.0112977654976247 0.0908747528324409
-0.0133136218694683 -0.0012932109514459 -0.0894037797493979 0.00766062372667703
-0.0104021706814125 -0.0161806684151933 -0.0813457462391379 -0.190806733547713
0.011648849322015 -0.0218959188734578 0.186870739198967 -0.226496118436272
0.0232370711876181 0.0132428466022557 0.388072309199228 0.0932218288177711
-0.0165754553461054 0.0135890074393223 0.0833398752347416 0.446370691723094
-0.00350076485821971 -0.0159566299844406 -0.238561056422067 0.24756675329124
0.00766473190265729 -0.0163602734582204 -0.00866021335862229 0.0503126257825896
0.00159819411892406 -0.00551168474602239 0.278533646140762 -0.192220885004797
0.000985429104354008 0.00213539513257314 0.0239534623790032 -0.48484465083315
0.012716072073909 -0.00574528708221656 -0.385859114998025 -0.204399232883323
-0.000468953406182417 -0.0257601866284163 -0.237189519534747 0.234004682728985
-0.0201972609918747 -0.0129350215382328 0.0702754059629433 0.222218894677207
-0.00678006815985824 0.00300116239472457 0.0964732041681876 0.0222082368051226
0.00482866269360321 0.00352071331523468 -0.00565234153069208 -0.108204337084351
-0.0103053821484148 0.00301655598634799 0.0129002226363993 0.0891516334760361
-0.0129452935655194 -0.00204891186775483 -0.0873394147954689 -9.84613036117846E-05
-0.0101138637438125 -0.0195110400131692 -0.069914064559956 -0.196262549511497
0.0110489050341082 -0.0232424628399317 0.202892673538946 -0.211978823426392
0.0220348379078292 0.0174325950263562 0.380588671134292 0.127024384649347
-0.0180320297823127 0.0154739255981082 0.0481225564274741 0.459189737710608
-0.00287894776747865 -0.0147192476402374 -0.253071266299136 0.234847160734525
0.00786310314617835 -0.0152043786115991 -0.00228035346727029 0.0455372651278369
0.000753417798967734 -0.00313631418122577 0.268207163264798 -0.208588416263392
0.00140178910662764 0.00591924232470265 -0.0133663503792719 -0.479102330738231
0.0123769053158554 -0.00511653903687502 -0.399118369630037 -0.164420244624726
-0.00435288137058499 -0.0275901379864659 -0.217617708681079 0.252692426494767
-0.0211256131717091 -0.0143012678337275 0.0824577495391364 0.217362579329487
-0.00606390542108546 0.00418677243120848 0.0990205869206827 0.0137078509792152
0.00230375263215418 0.00526904072859403 -0.00337335053140698 -0.10873836634408
-0.0115763005418815 0.00479051977028343 0.0147198283450385 0.0878572614226307
-0.0116038589140317 -0.00212343402985258 -0.0839453931455529 -0.00700266654124783
-0.00843882353741702 -0.0209388912726716 -0.0582774879568245 -0.201364525980289
0.0108904568461125 -0.0231306172119181 0.215706585119234 -0.195996018818639
0.0205976511038835 0.0204057931271028 0.36941344666988 0.161525674743221
-0.0184338490781495 0.0173930347854837 0.0115601565088983 0.468993537418371
-0.0036723270956833 -0.0119897132062861 -0.266090742932827 0.222823535758458
0.00572313043040537 -0.011683581352653 0.0049843389038944 0.0422610733783586
-0.000710997913500319 0.000931020635223951 0.256814679480937 -0.221740694162624
0.00253167575225136 0.00871654443759739 -0.0513535577638547 -0.468607146914635
0.0115145669400539 -0.00533442770652872 -0.409639791200892 -0.127090194899564
-0.00774920701258032 -0.0284215728945197 -0.200136879849728 0.268847066192033
-0.0208694962377184 -0.0133758307121411 0.0933313685587965 0.210987067754723
-0.00500442240946033 0.00597665925486061 0.101139872827548 0.00602357467594764
0.00125677112019796 0.00654342001286699 -0.00244065992301376 -0.109218087911612
-0.0117511328260269 0.00632343783826934 0.0153068267752023 0.0876107436014005
-0.00913601495774026 -0.00116814286179765 -0.0802505866473046 -0.0126172282406394
-0.00557518930597609 -0.0202128750614573 -0.0490440308408097 -0.205975588940656
0.0105137965276209 -0.0223394515698755 0.224976844270797 -0.182655761638937
0.0201033935251331 0.0225468737691036 0.355649228756121 0.190270432299305
-0.0182199694543525 0.0189524628576783 -0.0203600932328763 0.477117132021707
-0.00624066867008511 -0.00843969566936494 -0.276220483851055 0.212249432329683
0.00129885460373087 -0.00803282309041711 0.0106924982140883 0.0392226146020528
-0.00210894073611004 0.00554181902672411 0.248219416006436 -0.231345914262648
0.00498857232875512 0.0110644266315191 -0.079407161456185 -0.458459152517053
0.0106882918666559 -0.00613308858474801 -0.415757882928821 -0.0981950443407106
-0.0100435554591354 -0.027744336957009 -0.185566040958562 0.281560370225635
-0.0195672968773512 -0.0118940716217952 0.103027692177884 0.20344295285728
-0.00236150879812459 0.00747787424207845 0.104215709651785 -0.000811308394463687
0.00148323306906651 0.00762169698268452 -0.000509773732461497 -0.109004639236426
-0.0101041057086533 0.00836225786870453 0.0157765783261709 0.0867184717751961
-0.00559026963776116 0.000785020961177112 -0.0772167889373502 -0.0147021202340678
-0.00309225613473692 -0.0173868159592486 -0.0430798625589027 -0.207981345599108
0.0103117688283348 -0.0202040141154864 0.229230357032965 -0.175186487361767
0.0191588571637658 0.0232866078995142 0.346608205658234 0.208178541080815
-0.0172457293268515 0.0204035550781852 -0.0391315614821707 0.481402218498996
-0.0093038564490706 -0.00382675039839941 -0.282461537768113 0.206733697151988
-0.00398610210676776 -0.00357961544666086 0.0134496813622753 0.0388052974888119
-0.00355158612739036 0.0106263329056784 0.242250734332625 -0.2363693915783
0.00654408694338349 0.012176215558428 -0.0967632242272368 -0.449343740091994
0.0105470250299443 -0.00693415455113807 -0.419495077412567 -0.0780326759914708
-0.0112026456575614 -0.026602095399842 -0.177088315037375 0.287708192601031
-0.0170896125116252 -0.00886896896511176 0.108255985180054 0.198064112831429
0.00157164889506413 0.00951367135195337 0.106448860494461 -0.00491448750542757
0.00300163016268036 0.00873982792044039 -0.000249718782806873 -0.108184060253344
-0.00823404374379889 0.00910239282826045 0.0149813223571164 0.0877753205950818
-0.00252469541385339 0.00348754836993098 -0.0746721991778432 -0.0146808348326188
-0.000372221104338942 -0.0127269437077082 -0.0417297193647095 -0.210436126390458
0.0100066230876465 -0.017986255010197 0.227487052220078 -0.173898575725056
0.0196822893359531 0.0220441376531202 0.343217754595419 0.212670606899382
-0.0159505402442966 0.0214852576247538 -0.0442445781300079 0.483941941114355
-0.0131615235161845 0.000696646350505773 -0.284338330810058 0.207105056200333
-0.0106479916849157 0.000880774287976439 0.0136017072764871 0.0391654368406218
-0.00572634891422058 0.0147716678601187 0.240538353700619 -0.235527604710049
0.0090755727154413 0.0123004864083327 -0.0991673863239322 -0.446542311914837
0.0104971796486166 -0.00818311666435136 -0.421255207842769 -0.0725582473069488
-0.010209038029059 -0.0243460499092402 -0.177156873837608 0.28714767644212
-0.0134529356816092 -0.00522644351980752 0.108719229155252 0.195282643536338
0.0048091327467858 0.0110826100985089 0.108484171005404 -0.00583370366289346
0.00490402075701888 0.0095149642519933 0.00110319771631256 -0.107448428509818
-0.0054387475470697 0.00946179432327961 0.0141248649513134 0.0889220927432624
0.000847185399661026 0.00577033716301111 -0.0736657047766706 -0.0116151057650238
0.00165646693913481 -0.00686764524544766 -0.045636639076441 -0.210636858696166
0.0101520938218916 -0.0152185971437874 0.221112423051879 -0.180955110838263
0.0206415714109041 0.0191355989304669 0.347086664282422 0.203212985499726
-0.0136499530355631 0.0216451571895147 -0.0310703928713017 0.486304052541162
-0.0168546952448689 0.00509102087882502 -0.281185212055407 0.213509760015923
-0.0166147209121865 0.00358390130195252 0.0103064077759424 0.0417347746504844
-0.00788570620147923 0.0179273974180759 0.243955637434486 -0.229468369219447
0.0101435409860787 0.011327807086593 -0.0901662438837431 -0.448321840233601
0.0112094684297728 -0.00999050748513976 -0.422236733072786 -0.0819854506068855
-0.00857673222659123 -0.021974705067729 -0.185047251442392 0.282990985441164
-0.0103499799649465 -0.00197428432493992 0.104693666474469 0.195201852332035
0.00789948622668088 0.0124938591664722 0.109236247378773 -0.00395459326590572
0.00773645393433867 0.00923847079344466 -8.46430122177985E-05 -0.106237568776394
-0.00612649323751602 0.000550905388645521 0.00852661877572759 0.092751901127338
-0.01255787842866 0.000303406907262546 -0.0911671433753514 0.0149788909420074
-0.010010837915811 -0.0115590710962314 -0.0930414094883382 -0.186419291725159
0.0125022499131582 -0.0203893774744856 0.170988283731475 -0.241570330371442
0.0249439318029788 0.00916678633932972 0.395542464893686 0.0619225791720266
-0.0152891008568171 0.0124850997452086 0.115614640198455 0.438629474994052
-0.00578474260361893 -0.0145492685914461 -0.228587152452841 0.261682460686852
0.00469829617775959 -0.0162942234678291 -0.0185301914453854 0.0559436314055036
-3.49601768525817E-05 -0.00594006808380958 0.289870055589817 -0.174895444922663
0.000858431218119855 0.000342257822478095 0.0668572079480351 -0.490553332457217
0.0143847429015844 -0.00603536652501758 -0.372960872576795 -0.245799697710312
0.00272398381698661 -0.0239476145713002 -0.259463513204122 0.214263329998552
-0.0186958827916521 -0.0101287792163186 0.056601242422409 0.228254832543256
-0.00589681703595997 0.00321253984060272 0.0959717118874934 0.0297947962516908
0.00723028078445767 0.00276965686030703 -0.0054284732101331 -0.107586510122295
-0.0082868725262578 0.0021357997220229 0.0105369104179181 0.0910391798232826
-0.0135072288607029 -0.00137335960512934 -0.0902601359583999 0.00713856631747508
-0.0102452687894726 -0.0161927379453719 -0.0819506441239689 -0.193128054080851
0.011778791510127 -0.0221506505607962 0.189546384593746 -0.228154329740277
0.023088690638338 0.0132218815880208 0.391656582107708 0.0965431329102739
-0.0172054003588277 0.0137708610225942 0.0825881245976799 0.451527955085478
-0.00343148950483926 -0.0158686760489109 -0.243119054673945 0.248992645753557
0.00805701122556069 -0.0166041965819903 -0.0095971754719946 0.0506926304104862
0.00131049161582195 -0.00568570781981835 0.281784229356982 -0.192694820725843
0.000704289482700352 0.00255821936599253 0.0276851558349965 -0.488464092978553
0.0133319747143007 -0.005653386962885 -0.38842838389924 -0.209132409975417
-0.000946155197975331 -0.0261120526245315 -0.240927968669735 0.234941873950854
-0.0204313380630957 -0.0129446370439444 0.0694768109739408 0.225114496500804
-0.00676082922125541 0.0032844227715445 0.0972297071032329 0.023296909618582
0.00481456921663101 0.00339594905239845 -0.00434148567518368 -0.109294947293179
-0.0108691460428534 0.00349979600719997 0.0120978091794045 0.0894101498832471
-0.0135777975900095 -0.00213675764860742 -0.0879501152340442 -0.000369757835160244
-0.0100005005641782 -0.0194118024316292 -0.0696188050430657 -0.19873303670796
0.0112997856173493 -0.0232183325693497 0.205833655397941 -0.212934035315959
0.0217599573761438 0.0174353207113683 0.383594915270007 0.130933695083874
-0.0181517351273001 0.0155152852872375 0.0455042954582524 0.464876656762566
-0.00295399902920458 -0.0150829590455565 -0.257333621086724 0.23548578640568
0.00810941795093237 -0.0150536700436947 -0.00202286481800066 0.0463795641499733
0.000502604207509526 -0.00319017827472895 0.272684332792871 -0.208514602822085
0.000912349360771156 0.00605226781813337 -0.0104862177224152 -0.482634164772924
0.0121454442870947 -0.00529402302164035 -0.401773967035862 -0.16849304951294
-0.00445353357979174 -0.027701537989974 -0.222239651341974 0.254531553807177
-0.0216125137908277 -0.0141239048071739 0.0818861767557625 0.219688369366401
-0.0062784462012001 0.00404638617816865 0.0998446381871631 0.0150464955237959
0.00256582687275557 0.00493790311879686 -0.00270472409236136 -0.11000990200818
-0.0118267570213865 0.00447930371956087 0.0139980682056914 0.0881552084565178
-0.0115612317907258 -0.00236119684232287 -0.0851132937951501 -0.00747405047126507
-0.00843597303370148 -0.0212910835966361 -0.057922774816628 -0.202977178361743
0.010777636172177 -0.0233436431037115 0.218868433164187 -0.197519098631235
0.0209677665480018 0.0208641516724117 0.373072458673108 0.165505996436358
-0.0189898683556296 0.0179542801180808 0.00983455462414868 0.47357842033409
-0.00388464374914785 -0.012548338436025 -0.270003647941858 0.222954496885652
0.00548873555468905 -0.0120692213146452 0.00472251858179146 0.0427646859492603
-0.000338067527170609 0.000967208153714316 0.261413890907687 -0.221843402715786
0.00261229219808487 0.00896950941537052 -0.0482426182174642 -0.472608756638914
0.0115228756137555 -0.00532082552039069 -0.412248933326801 -0.132131105249015
-0.00783584828295666 -0.0282276132698811 -0.203786726417482 0.270672971880898
-0.0208949647398993 -0.0137928177512898 0.0933089529169003 0.212814433677908
-0.00471161126447696 0.00576055014013397 0.102666054464508 0.00680412687759579
0.00133935084329635 0.00649116598799863 -0.00137628001167689 -0.109950093697884
-0.0118572803325353 0.00658095176470575 0.0145126813768746 0.0879289028736562
-0.00874448272161581 -0.00148077088394921 -0.0810077497173253 -0.0132721564586493
-0.00592224681694469 -0.0205310394665162 -0.0486187725141546 -0.207668292863572
0.0106005982436848 -0.0224410262027539 0.228162864768814 -0.183444164099636
0.0198355003291444 0.0229557055776095 0.358473167326985 0.194057713934245
-0.0186380616416871 0.0193131907528799 -0.0224349289975041 0.4810026411808
-0.00582397446419205 -0.00886434810939868 -0.280893342411869 0.212226596330068
0.00141173136608758 -0.00819079197025337 0.00997335471151804 0.0398026924258359
-0.00219929470326843 0.00540425417463243 0.252399343700691 -0.231689146499155
0.0046471928635633 0.011467879012294 -0.0771914866740969 -0.462661722981118
0.0107542795274 -0.00612066764892946 -0.418180471645668 -0.100587184955909
-0.00999266051979789 -0.0286133525166043 -0.189199992278636 0.283528759582874
-0.0193833553984557 -0.0119317936859611 0.103187126243925 0.206372562106559
-0.00240343539632817 0.0077013120949753 0.104935826689738 7.19057482150524E-07
0.00131176263652254 0.00775008093529317 -8.10626163782797E-05 -0.109996245312101
-0.0103424699766071 0.00769310638579669 0.0152232781309811 0.0882117918249125
-0.00535066430947133 0.000963831422608323 -0.0775154674555445 -0.015621561362696
-0.00306630266312323 -0.0170745916225597 -0.0423021087064715 -0.210209531076984
0.0107118697311848 -0.0202700407194218 0.231862307560364 -0.175597886241497
0.0192390821060548 0.0236045700538863 0.349723574055919 0.212187298431844
-0.0181604487635131 0.0208024662421516 -0.0424103299594609 0.485782124287465
-0.00928503806779484 -0.00388078852558581 -0.28735850717524 0.206852262477825
-0.00424687837857557 -0.00411180695243208 0.0131203919166956 0.038860244108395
-0.00371747240541004 0.0105064731733585 0.245828162661116 -0.237083373983602
0.00673336833780525 0.0127622301172779 -0.0945772863088046 -0.455636021074801
0.0107030311089731 -0.00685530103054169 -0.423603727086787 -0.0815182865278131
-0.0112705918969548 -0.0269461375609181 -0.180344202135608 0.289769083496849
-0.0166235309812998 -0.00901017603874174 0.108356002605775 0.200669731843586
0.00120747371209377 0.00947763914742511 0.107336850554706 -0.0039009441553377
0.00288317241627383 0.00876882021768053 0.000406935012472408 -0.109412761395654
-0.00852032893078603 0.00915326125619243 0.0142978066555934 0.0885884780894314
-0.00218636363686151 0.00324978868622829 -0.0753461506158719 -0.0149132054056088
-0.000383060661276358 -0.0122865183399452 -0.040751747347406 -0.212892488895174
0.0099909454449649 -0.0181707201253404 0.230125085744072 -0.174951662624282
0.019750167319492 0.0222743304538447 0.346362069741013 0.216859632550399
-0.0160831161530584 0.0213907569159405 -0.0455830758888597 0.489692988142276
-0.0135241550068222 0.000866121378078013 -0.28834933065495 0.207730618279317
-0.0107604865282474 0.000498428894409063 0.0127309579050261 0.0399463989921618
-0.00626029080876004 0.0147427234075583 0.244099508163645 -0.235384969843611
0.0088641349549391 0.0124435843543418 -0.0981215431465144 -0.451389487988277
0.0109846256706615 -0.00796709913310354 -0.42544323890599 -0.0756930945595348
-0.0105755664696006 -0.0248167886600545 -0.180017905961862 0.289678389429592
-0.0133654293740422 -0.00572093154046801 0.109083893181096 0.197174456438915
0.00521101040513762 0.0111553532206985 0.109754194358324 -0.005333443657156
0.00517163596440027 0.00914246664032701 0.0013311194628174 -0.108118966687358
-0.00574925507675416 0.00967658952580008 0.0136402733172394 0.0897173529720396
0.00121011756387575 0.00618012156613255 -0.074319807633712 -0.0123175096527698
0.0016023713176694 -0.00631530400726469 -0.0451240511546001 -0.212717325904104
0.0102137767677774 -0.0152985592644907 0.223347469858554 -0.181458799356236
0.0208510554410644 0.0194487954502918 0.348984649340559 0.207246312527283
-0.0142607312907589 0.021802580953545 -0.0331789833640739 0.49075940099555
-0.0170794094063142 0.00502601453824642 -0.284973424197616 0.214035108652008
-0.016471409562984 0.00363206338014332 0.00972874394286527 0.0421413175637749
-0.00851721780897377 0.0176489813744303 0.24691519570032 -0.229735654839542
0.0100301706749498 0.0115954830973433 -0.0877460634837237 -0.455434732291646
0.0113530256891047 -0.00932670314377526 -0.425512802470583 -0.0868186635036597
-0.00876709007071028 -0.022428013399451 -0.188701356783601 0.285600086076486
-0.0102816518597197 -0.00211924326933024 0.104588110327737 0.197520714228559
0.00815473972415583 0.0121616152446347 0.111012505470195 -0.00360457430497756
0.00783076416154221 0.00926342045575519 0.000910379210486828 -0.106708107090038
-0.00659719291089682 0.00122597802599761 0.00810033547176382 0.0933379990745641
-0.0124020234547691 0.000409092287611871 -0.0921432379929263 0.0145364361710688
-0.00966492588056338 -0.011587572264787 -0.093868154064051 -0.188155059552169
0.0125352782124786 -0.0205473520000781 0.173182319493297 -0.244552515619675
0.0248988011836226 0.00897400823132496 0.400130370785929 0.0654286253859902
-0.0153008585038993 0.0126435975528445 0.116066441689561 0.444918321769593
-0.00568311729942393 -0.0150312587057279 -0.23324714094028 0.26398734248666
0.00544765010553675 -0.0162259754923704 -0.019105097367874 0.0563852807036765
-0.000272844311114914 -0.00605808743446509 0.294317377937016 -0.175482242186181
0.000402620877138403 3.77255665198867E-05 0.0702468860220859 -0.49594464154926
0.0147078444475419 -0.00629302989531719 -0.376968631961551 -0.251603145782805
0.00287494780769282 -0.0244616439849385 -0.263635334557065 0.217157045523188
-0.0191163823323746 -0.0105818069216826 0.0573170121135754 0.231175471186235
-0.00552920766875749 0.00292384350721049 0.0974258889459181 0.0314263864325596
0.00759908068531044 0.00272262537139129 -0.00476694573939389 -0.108494781323939
-0.00933874865852147 0.00183704593461835 0.00973651678381693 0.0919554972599132
-0.0136626002151868 -0.00109740463592324 -0.0915983864752779 0.00690844833228771
-0.0103585727784876 -0.0162680283594215 -0.0823604158256136 -0.195148726622002
0.0112948360589784 -0.0220208739864741 0.192002788754723 -0.230339824459793
0.0235542671362448 0.0134556073942416 0.396392167825479 0.0992067180072027
-0.017385554803644 0.013850947400044 0.0823726883222463 0.457982694385654
-0.00340213162160091 -0.0164823072675153 -0.247240899923694 0.250464077441851
0.00825005644664248 -0.0167758100174094 -0.0101734528931999 0.0513621988091515
0.00125488916159117 -0.00612480743008034 0.286522451213285 -0.191928592253127
0.000445330768833303 0.0024708448540479 0.0311801955465376 -0.495151877016317
0.0131978311615996 -0.00597898962098142 -0.392956622009203 -0.2145151614515
-0.000367158044565791 -0.0269411719164852 -0.244988167396853 0.237213896288934
-0.0206883545317049 -0.0133138004276545 0.0698343395593513 0.227509059708289
-0.0064067409842036 0.00321835436652684 0.098751136576601 0.0235962120898945
0.00509096354212791 0.00376794937314135 -0.00389123302774874 -0.110520260999253
-0.0108401228097441 0.00332345837840637 0.0117843915821926 0.0900795799241236
-0.0127722844357881 -0.00255195467491221 -0.0895352886192725 -0.000955416189171984
-0.00990574220806356 -0.0195146654807761 -0.0705616146218711 -0.200639697450712
0.0109945367495593 -0.0237309629549937 0.208458705215587 -0.214766222842942
0.0221193294152539 0.0176212244668796 0.387744177878498 0.134116619768447
-0.0184422717259499 0.015890737466692 0.0453041661675776 0.470314439933667
-0.0030275278311498 -0.0149709237184437 -0.261822931659084 0.237562718042488
0.00835652949898309 -0.0149433872749006 -0.00267101491122621 0.0467960420259294
0.000227260051110965 -0.00353713693797135 0.276970131110997 -0.208845096938123
0.00090387920851984 0.00608999182424788 -0.00824951368849799 -0.488528743439625
0.0123046532182358 -0.00499705390391421 -0.406607068338999 -0.173760507136337
-0.00425353466258168 -0.0285106193972389 -0.226167396566422 0.257246115885839
-0.0213265475576721 -0.0146689291161796 0.0829895064938533 0.222498112890046
-0.00621166073244284 0.00374379210334665 0.100991916861062 0.0157845738908567
0.00264289872613071 0.00488788272975313 -0.00216877708081817 -0.111120198828074
-0.0124284525186082 0.00500254783322955 0.0132648730590485 0.0891044607254145
-0.0113786675753418 -0.00217438075730895 -0.0860591659897782 -0.00823468734735481
-0.0083692922980346 -0.0210358888004661 -0.0584583058410091 -0.205738877474198
0.010539140562308 -0.0234140402798836 0.222430253596188 -0.199173478415039
0.0209615869174025 0.0208439120137378 0.376498168504708 0.16952473189989
-0.0192030905488453 0.0179047851747435 0.00875073027829343 0.480553746200493
-0.00331049249514311 -0.0125881603531051 -0.274696343716607 0.22414369601022
0.00594609268031449 -0.0119528450086654 0.00432566287896037 0.0431289026277055
-0.000757034520302957 0.000890138265551357 0.265339990700933 -0.222636212881059
0.00215959793977635 0.00903930907269737 -0.0453015693673192 -0.479992065355354
0.0116996264775126 -0.00518054605282946 -0.41711917092541 -0.135331932227928
-0.00777912519458234 -0.0291080202197685 -0.207758788451326 0.273464877063652
-0.0214581378820861 -0.0140446554753117 0.0939577828862404 0.215458973246777
-0.00440455827755749 0.00551864777301513 0.103603663582171 0.00737719328793628
0.00118064820359287 0.0060071899076094 -0.00103814102421476 -0.111546235268897
-0.0122492321511922 0.00661241476127197 0.0143002115886176 0.0885512442694486
-0.00893302700274675 -0.00137699959998308 -0.0821192550118015 -0.0136929986827379
-0.00529131820900043 -0.020188044540841 -0.0486583413404505 -0.210666766579437
0.0104447682036977 -0.0223157147072925 0.231367113155222 -0.185066273764561
0.0201401935027896 0.023138918677337 0.362307076272332 0.199395319178495
-0.0187897900374379 0.0197219677017716 -0.0240007101630066 0.487813239855271
-0.00564198723276062 -0.00829483584916704 -0.285337627172971 0.213283468583731
0.00173547780900631 -0.00819198683944244 0.00935893177394253 0.0405211382591158
-0.00273088339811175 0.00540609333305919 0.256108324184435 -0.232826589778105
0.00488722203427192 0.0114207507986279 -0.0762147116293372 -0.468565746943554
0.0110011074374213 -0.00583744904699162 -0.42309893289041 -0.104141148851455
-0.0103919911907797 -0.0285650185070755 -0.192172951530751 0.28649239657655
-0.0195090907849351 -0.0118196413249357 0.10402491856062 0.208961968694748
-0.00214124668414067 0.00763062867443999 0.106547875535061 0.000557332160462936
0.00134271798303813 0.00752062556611841 0.000899496922387445 -0.111147548119658
-0.010903219087756 0.00828836039521719 0.014875218905736 0.0882668335551485
-0.00526773605419134 0.000618309785028544 -0.0786422893996487 -0.0163170250192582
-0.0027981889768676 -0.0176315279885828 -0.0427787022502546 -0.213275205469799
0.0105863499118869 -0.0204024268323912 0.235032924458227 -0.176910573571055
0.0193701214390539 0.0236629750605731 0.353299188999978 0.216883404592817
-0.0181509015761915 0.0210740795666536 -0.0424533321080058 0.492594643943343
-0.00959719346198631 -0.00386600091710678 -0.291086405395491 0.209065900533489
-0.00390000078348284 -0.00402092396248148 0.0129171628992245 0.039462553591625
-0.00440575040026712 0.010605205510019 0.249865300893042 -0.238427566736659
0.007052656618934 0.0127198058740028 -0.0938241205917418 -0.460728037140342
0.0104377146514033 -0.0070853572082691 -0.428134260408941 -0.0839298557770588
-0.0109767724008361 -0.0274619093272821 -0.183897517661298 0.293298387188127
-0.0170979131021713 -0.00930202416997362 0.109404198897539 0.203281249447747
0.00134314217895462 0.00925307143879395 0.10894717761396 -0.00355380906298908
0.00254014907438472 0.00857621903411049 0.00136238630931195 -0.110529711049404
-0.00880014315382935 0.00967968706323909 0.0144510601364773 0.0890062922568153
-0.001872892166304 0.00318086020552896 -0.0759086737104639 -0.0158392705151693
0.000113243652680213 -0.0125534606735476 -0.0409178124399764 -0.21521572795094
0.0100707958005172 -0.0178173578337368 0.233136922101585 -0.175737403017882
0.0199449037254773 0.0223571193005648 0.349581222722435 0.220703630229
-0.0167362922869861 0.021943734374913 -0.0479717633535887 0.496228720479581
-0.0140983237340168 0.00104913598853779 -0.293466350220411 0.2089357492648
-0.0107106237871973 0.000264236955044695 0.0127649562672471 0.0405483523929036
-0.00635935280464759 0.0147067283866285 0.248281203944794 -0.237221622978339
0.00897705623909096 0.0127007625173297 -0.0961822009280428 -0.457289629113735
0.0105735173581305 -0.00855688390628913 -0.430645447848039 -0.0789171256085072
-0.0107450034040612 -0.025111423359331 -0.183535726392135 0.293184075935862
-0.0137767079168371 -0.00563084683560903 0.109911888741772 0.199811806369526
0.00515491923747492 0.0112437736513026 0.111521747292354 -0.00478511135005018
0.00526942863866622 0.00904010469025943 0.00204269301495835 -0.109335504906284
-0.00611443826409455 0.00994564669448938 0.0133520383303506 0.0902635718015397
0.00120048170802521 0.00595870552774018 -0.075176804006739 -0.012642291743184
0.00238386483817461 -0.00651417447830593 -0.0452431050212223 -0.215128208037282
0.00980850953367518 -0.0152065261920124 0.227021590454393 -0.183076987913707
0.0207268315553335 0.0198239918528068 0.353299702908003 0.211528378920596
-0.0144792069298297 0.0216399787774558 -0.0357263859961678 0.498453938840657
-0.0173514468059246 0.00509899427256734 -0.289537967892698 0.2154759119579
-0.0168036934674376 0.00372995053544722 0.00932169049533453 0.0427585255963004
-0.00885886611160141 0.0179156360194712 0.252171503631711 -0.230545001504085
0.0100197884182267 0.0114655674020901 -0.0868047577142238 -0.459335513428928
0.0116259463724751 -0.00974207205081437 -0.431032235512354 -0.0893170028886891
-0.00876469085575421 -0.0227645099171283 -0.192127784444076 0.288957760862108
-0.0104405538206365 -0.00207048863591959 0.105068069041069 0.200389493938919
0.00839803688456662 0.0121813288212003 0.112350182746437 -0.00278811716062663
0.00784852252521429 0.00900061325786029 0.00142556313304617 -0.108202426587891
-0.00688103464419438 0.0012713474610991 0.00797253174166778 0.0948005250960463
-0.0124270653135913 0.000162817375161397 -0.0931760123371911 0.014768960957716
-0.00976939639170404 -0.0117857946474709 -0.0957738401143568 -0.191260964107165
0.0125693431341328 -0.0207128098511774 0.176057492941788 -0.247862432276159
0.0254653553778088 0.00936855966292411 0.405620896161122 0.06578541202603
-0.0153026081575961 0.01315625118927 0.117259954302423 0.452119559204009
-0.00643763086405554 -0.0154326454191827 -0.236636817231598 0.266216237234254
0.00518971325074681 -0.0166213260446141 -0.0196767894634608 0.0570368291823932
-0.000248949215345808 -0.00627905029186872 0.29852573598953 -0.175970675984676
0.000323411808066415 0.000504989708633608 0.0731181310197484 -0.502034265369083
0.0144359148092591 -0.00602755216188531 -0.381631776477267 -0.256424506211243
0.0030865145754936 -0.0247352550733951 -0.267056984921912 0.220033912870573
-0.0194803452045038 -0.0107197274373072 0.0581822159015112 0.233717997432397
-0.00552638859618178 0.00304591599281795 0.0988300496136683 0.0321385751637831
0.00815798903636168 0.00201825416646103 -0.00467133729061777 -0.110241836225881
-0.00951263336787428 0.00200162157616349 0.00965772223021382 0.0922512924266725
-0.0137247960550767 -0.00159694315637652 -0.0929581093113433 0.00703347239448902
-0.0106844109104373 -0.0163351154196097 -0.0835078602672203 -0.197449962862292
0.0118379634459522 -0.0225711670484849 0.195192851225066 -0.232763446212116
0.0235150043310172 0.0132020592620053 0.402017508522552 0.101478099103101
-0.0173628132388844 0.0141659452349925 0.0836064882867982 0.464495425576184
-0.0039172457587793 -0.0166466997467633 -0.250825332941601 0.253836503491542
0.0086441239515071 -0.0166722922119699 -0.0110340845045083 0.0520708044841162
0.0011355070300017 -0.0066615924075666 0.290932110893029 -0.193677664397177
0.000142036120783871 0.00285046752064893 0.0319738513209438 -0.50130310584542
0.0132653354624491 -0.00544908966018637 -0.397664184289995 -0.217659574126789
-0.000524881466819092 -0.027316936098764 -0.249450368758023 0.240597347154362
-0.0209147666836447 -0.0136518085039602 0.0707096175702112 0.230297941857159
-0.00620571094102145 0.00260281791725355 0.100139049616108 0.0241907218118979
0.00495622589369766 0.00332298234723128 -0.00360697424467543 -0.111727640235036
-0.0112534755978011 0.00374183978155363 0.0111458588952379 0.0908881414197072
-0.0136611519624539 -0.00264285405316784 -0.090965475544677 -0.00124187372672961
-0.010493302055658 -0.0192603781764141 -0.0715056954433736 -0.203892658535467
0.0110206703827225 -0.023870452171595 0.211844019467295 -0.217742474686812
0.0220301212648919 0.0178911931503079 0.393223690296813 0.136718415833855
-0.0186334029176543 0.0160957617382994 0.0451636990604744 0.476986031332846
-0.00326711585479745 -0.0153310761777854 -0.266420467909639 0.240007635901004
0.0082528107257422 -0.0154032473867376 -0.0028415332488311 0.047313308305501
0.000300737545947269 -0.0036512213321494 0.280513506179198 -0.21096950230013
0.000836724841171275 0.00647802477317306 -0.00769703907020786 -0.496370654041705
0.0122434474397708 -0.00493187945404236 -0.41027644483016 -0.176234862550139
-0.00413200662054741 -0.0293138197184761 -0.229248833949823 0.260940835515186
-0.0217102780314981 -0.0146815099121916 0.0834677487845699 0.225677291244564
-0.00573265134434519 0.00329919444027767 0.102228170479495 0.0159777467126197
0.00212095775979362 0.00471013630800196 -0.00158757030452411 -0.112047357080187
-0.012725038787679 0.00498806640395301 0.0130815854373067 0.0897648921112963
-0.0117327340732761 -0.00213866066565934 -0.0872246377458074 -0.00869710606623702
-0.00850696784721564 -0.0212542145098222 -0.0595875292981188 -0.208279882663722
0.0109763334316019 -0.02380019269657 0.225118005888433 -0.202012187914753
0.0211568379670168 0.0210784617221744 0.38149703747491 0.172370428088094
-0.019009608167419 0.0182948741151252 0.0100089597166769 0.486627097290678
-0.0039584183460691 -0.0126734753967374 -0.278822027103067 0.226950190648506
0.00587141601986868 -0.01244929263793 0.00383069953357987 0.04360657227721
-0.000674872253003519 0.000659169273149756 0.269899725555314 -0.224366570052485
0.00193279084308907 0.00924105030128449 -0.0467444225959488 -0.486831459973014
0.0120059619472094 -0.00548707831959779 -0.423592838435529 -0.138388529614056
-0.00800938563852195 -0.0295014734102741 -0.210807997196866 0.277899223183364
-0.0211841431229166 -0.0141885952161032 0.0952762562469752 0.218142168622598
-0.00459588006663149 0.00550389094982595 0.105077620009025 0.0075597109701022
0.00124657616920972 0.00605497033037174 -0.000382126099566969 -0.112560091877952
-0.0126564660533975 0.00684373056133494 0.0141148630994459 0.0897996095333628
-0.00859079006016536 -0.00141569179910513 -0.0830463371566705 -0.0138550137693681
-0.00506478375265839 -0.0202033054035233 -0.0497634602909319 -0.212946790689601
0.0107813936929887 -0.0228088139669367 0.234164156894498 -0.187763239939412
0.0201575294266253 0.023613342643835 0.368392377479163 0.201723829221617
-0.0192831490186923 0.0197169818106883 -0.0244098884129083 0.493535080793054
-0.00583024025689935 -0.00883315410808962 -0.289272031190072 0.215456461943893
0.00169381128316973 -0.00853881755222027 0.0094450717901846 0.0416342187559225
-0.00251210239733333 0.00554996346836533 0.26043473027703 -0.234959175622677
0.00454048049018086 0.0116426748442859 -0.0760509415957231 -0.476171226477867
0.0111462182487454 -0.00605374191600331 -0.429233926925048 -0.105293474167117
-0.0106194769972374 -0.0295912633080541 -0.19513034786438 0.291208846879231
-0.0197411500835657 -0.012264179042891 0.105691351645637 0.211938730792372
-0.00232362440573337 0.00736847884969789 0.107850978285718 0.000963932038927641
0.00111753167729909 0.00734914822436315 0.00119270529229186 -0.112664135039797
-0.0108090835231984 0.00816038795438268 0.014234914796343 0.0887948378076899
-0.00566567478733468 0.00086617752206903 -0.0795641970818975 -0.0162173686899661
-0.00251736113660465 -0.0169826124617312 -0.042823820461023 -0.215903063179776
0.010146900976143 -0.0205456942514749 0.238322184715976 -0.179017064204594
0.0196620232782347 0.0239288868970913 0.357899530991414 0.219906009088984
-0.0184002150752432 0.0213067287580026 -0.0438384982166965 0.499994276421844
-0.00956750630215494 -0.00420240320612314 -0.295543688087343 0.211036336224115
-0.00368198802010716 -0.00396557574057771 0.012434998157801 0.0401707685871453
-0.00492712137136922 0.0106410552114012 0.254222758182975 -0.23998732158432
0.00640209145207752 0.0129647051227909 -0.0941715724397071 -0.467697536455919
0.0108266336831036 -0.00685502541574835 -0.433537238756618 -0.0854550454343534
-0.0112456861451205 -0.0278877289350887 -0.186218049367328 0.297762655190039
-0.0172746313974978 -0.00967566369407954 0.110518739453586 0.205983901099742
0.00196718407606565 0.00922904728442224 0.110436768802954 -0.00337311199422424
0.00282767788158176 0.00864859787172883 0.00154769270208064 -0.112024982743692
-0.00916101397000698 0.00946430284797292 0.0137531169157026 0.0901877858123102
-0.00136032578273136 0.00376682129457919 -0.0770508279092889 -0.0163499414259548
7.94756157039035E-05 -0.0119933356117751 -0.0419516841768237 -0.217977923534923
0.0101109099330606 -0.0179992553607101 0.236199005474794 -0.178747237651386
0.0200073062208809 0.0229520912363401 0.353976271819645 0.225232989783266
-0.0164245890141589 0.0223318079281256 -0.0490176183781976 0.501864362663175
-0.0143633730196143 0.000600607480095581 -0.296738728688542 0.210836807219137
-0.010712471540184 -3.11081800782249E-05 0.0124383582060097 0.0408537014660172
-0.00704892046463268 0.0147647458100995 0.252556676351674 -0.238313843755131
0.0089156998238439 0.0129279619561449 -0.0966777625986447 -0.464048106465088
0.0108197897254897 -0.00851816092387452 -0.43657843964477 -0.0819238695956906
-0.0107169010746005 -0.0259968175913813 -0.186485192180153 0.297789115687088
-0.013644662643736 -0.00575600498987992 0.110951885660384 0.202384615552003
0.00507288917809689 0.0108142307831969 0.112917215132628 -0.00481905132628125
0.00528382287618955 0.00879476733834359 0.002403774962325 -0.110808076925062
-0.00576430051217914 0.0102057225622923 0.0125802098276087 0.091110312596562
0.00129749075720297 0.00638097614396462 -0.0761452230891174 -0.0126857317025229
0.00250488601256758 -0.00649496498098637 -0.0463123034024294 -0.217168561800607
0.00988991431083368 -0.0148617204364684 0.229567654666443 -0.185294297023057
0.0214317182900224 0.0193098209193599 0.357498554223066 0.21466376527749
-0.014220476389736 0.0223487290568643 -0.0364307474741609 0.504007228284228
-0.0176793672550187 0.00468732744476543 -0.294097517270615 0.21752283361345
-0.0169472454035584 0.0033892180336966 0.0094689288903405 0.0437478509623338
-0.00927866328084282 0.0178628598548085 0.256156540484921 -0.232656513241516
0.0100606780615202 0.011635384717326 -0.0851068352696668 -0.466927429978592
0.0112504410119185 -0.01030966964803 -0.436858838663977 -0.0905613600939903
-0.00922056512820697 -0.023341077049337 -0.195342429960634 0.293240662526675
-0.0105138914042946 -0.00201204672089774 0.107522164276272 0.202611631741578
0.00858272575314965 0.0123332746024712 0.113996286934558 -0.00226130560204031
0.00835818366392098 0.00871444950018477 0.00176094218676527 -0.10961687835689
-0.00709931602054268 0.00114578562735419 0.00754238029158219 0.0958954928647197
-0.0123605086138977 0.000392836314219702 -0.0946286183600357 0.015255441237697
-0.00957124893733503 -0.0111404209726707 -0.0977312336491358 -0.193349757505011
0.011831901829522 -0.0206868676955083 0.177607064219428 -0.252157658254431
0.0254568015326431 0.00933605182524925 0.412921814870249 0.0670324469160093
-0.0156920908169826 0.0135096281640584 0.120333052572963 0.458522929538199
-0.005650666968883 -0.0153273091734134 -0.24003873303238 0.270661856310656
0.00507505223818173 -0.016438807304811 -0.0203829023735536 0.0578189987456011
-0.000586944003857791 -0.00654863769960072 0.302754201398516 -0.178485551449609
0.000239527072060177 1.01865525572028E-05 0.0731047099495781 -0.511086269966713
0.0148751017609467 -0.00630189073223418 -0.38923739831336 -0.26038033432492
0.00307858362254436 -0.0253529774119236 -0.27149250911374 0.223509432040006
-0.0197231298010295 -0.0109207918152153 0.0587084862657869 0.237053975934823
-0.00532840947505737 0.00271993099725513 0.100545976645478 0.0325261364412461
0.00784785571464497 0.0019939294581634 -0.00473828206150178 -0.111622266209289
-0.00950648416280181 0.00252889935575986 0.00970767279107948 0.0938937651726892
-0.0140202102606808 -0.00145831844348932 -0.0938772187190822 0.00715864486755301
-0.0107575643186912 -0.0163698188363464 -0.0857989348976838 -0.200308372461345
0.0114908719988677 -0.0227015369169449 0.197543097850509 -0.236789766811875
0.0240661254858459 0.0132279162035413 0.408398914871603 0.102634616033469
-0.017893765941656 0.0145356851050855 0.0852158366378753 0.471703044548703
-0.00352070832837109 -0.0170927500895203 -0.254477172749642 0.257878856555096
0.0087053834650122 -0.0172548183512289 -0.0115403944091407 0.0529157796960805
0.000727473342403849 -0.00636200485162528 0.295415789195029 -0.196578385946802
-5.68490929382486E-05 0.00294645794333355 0.0332618707279755 -0.508978424302676
0.0134376102538726 -0.00533709246074943 -0.403395138925347 -0.22000369336836
-0.000999328462983387 -0.0275910252825525 -0.252333338489607 0.245196257792816
-0.0212447002687834 -0.0136083724230199 0.0718379744540708 0.233785753568568
-0.00598580896036004 0.00250981121259963 0.102115708583571 0.0249205748864991
0.00490343960377761 0.0029447910456655 -0.00353801236921252 -0.113043648883408
-0.0121913018466215 0.00364958141500481 0.0119171998703891 0.0924253887150116
-0.0132713401873526 -0.00244396679144011 -0.0917014754366771 -0.00136027523232886
-0.0101689393640249 -0.0192285071020974 -0.0736335475045366 -0.20691353858316
0.0106046831163807 -0.0240126048006784 0.214275418255312 -0.221325957144869
0.0226328042817926 0.017599400568122 0.398958056090881 0.138085418851969
-0.0190921224618174 0.0167613948492314 0.0481456753628289 0.484375960653221
-0.0031858824450869 -0.0157235194207367 -0.270164605856468 0.243876881675209
0.00882551305999816 -0.0153954447482448 -0.00328585075342168 0.0481929647090369
-0.000115799080163049 -0.00393090588003358 0.284665770747113 -0.213334985534023
0.000394745597857286 0.00580668015731946 -0.00786983896663703 -0.502846740897455
0.0126078510141476 -0.00497242899612905 -0.418052393094897 -0.178627111450217
-0.00469908700428362 -0.0292725018735284 -0.232054486355855 0.264960748056788
-0.0221943453914137 -0.0150038237653373 0.0860068276450578 0.228344819505434
-0.00583126734032798 0.00345518668334961 0.10418881739583 0.0162246536140031
0.00284443230049056 0.00438794365736743 -0.00181780420009213 -0.113989290519263
-0.0127414631231921 0.00497640285864482 0.0133064100407348 0.0908593925528071
-0.011369594722371 -0.00275706135156547 -0.088555329378411 -0.00872818080080385
-0.00803659823943316 -0.02120808918872 -0.0610528649923222 -0.210707153442183
0.0106814100360691 -0.0239599089363262 0.227775974796169 -0.205305892271847
0.0210825584785207 0.0211351313389164 0.387700482882512 0.17393016569766
-0.0193281683212409 0.0183867916152733 0.00897233194591884 0.494678717049137
-0.00389864978692203 -0.0130959199112085 -0.282506976450775 0.230294225943962
0.00617206532778447 -0.0123297138519675 0.00360420429008268 0.0441815458913319
-0.00164106390126121 0.000228225311206099 0.273769001984247 -0.227967981581921
0.00206759560294051 0.0096824972294096 -0.0477929679270966 -0.49355535356087
0.012140513189359 -0.0051592021421131 -0.428933580492869 -0.139988148257222
-0.00799536715435577 -0.0299051539853743 -0.212794447348254 0.2829500007734
-0.0219558040645662 -0.0142771601676112 0.0977383166782323 0.220858481064478
-0.00417900392479031 0.00530446823918815 0.107004441788764 0.00785706791665613
0.0015049972740432 0.00549838887068215 -0.000459085862237937 -0.11413336088522
-0.0125572548896031 0.0073451787507781 0.0136992857007747 0.0903684567665483
-0.00878631312723767 -0.00157222893577403 -0.0847306240622654 -0.0139345453180029
-0.00525154194252505 -0.0206202131067003 -0.0520936698187962 -0.215482932897753
0.0106005863496016 -0.0226865310302151 0.237098559648939 -0.190183074872546
0.019583029794856 0.023363673004592 0.373192334884776 0.204748693764057
-0.0195398859525943 0.0201793020254775 -0.0241572664830434 0.501896144324007
-0.00595613346299048 -0.0087988573340008 -0.293468774094615 0.219530574991809
0.0018129271458777 -0.00830293598418387 0.00947078889255186 0.0420174942029024
-0.00316619313431129 0.0050155658438414 0.26366654232559 -0.237936640392148
0.00454998258543108 0.0122541809349401 -0.0764887821941562 -0.484586895747913
0.0110703329964386 -0.00610136462964609 -0.436131344348734 -0.10835785670906
-0.0108218630484359 -0.0297257369617319 -0.19770998903064 0.29583832797686
-0.0202123646663862 -0.012126609237761 0.107092759083603 0.213983413728575
-0.00139727259942687 0.0074886297494114 0.110046717258443 0.000581218140581376
0.00203576478769396 0.00707493755990995 0.000839181853481389 -0.114342199683361
-0.0116683692699405 0.00872288447022036 0.0145033625278588 0.0899518543033874
-0.00483425250313181 0.000696993260791917 -0.0808760350655244 -0.0169414212671997
-0.00256372246783519 -0.0170310305902792 -0.0444475732440098 -0.219033846328276
0.0099047678847072 -0.0209620520466142 0.241063928386486 -0.182515487192647
0.0199820139539137 0.0240098000889817 0.363702641539096 0.223402299446081
-0.01833262757043 0.0214793875134621 -0.0432136774040811 0.506156903134003
-0.00989773081915836 -0.00403216568365337 -0.300203468245848 0.21398251179537
-0.00419424936287782 -0.00365176296114808 0.0128913323046013 0.0411427912534195
-0.00508042578640184 0.0103257225120363 0.257234144344682 -0.243511213171837
0.00645098208923709 0.0130650059547354 -0.0944424595352529 -0.474402841210365
0.0112309269592989 -0.00745638966065516 -0.440797467399624 -0.0858583474262583
-0.0116018396577998 -0.0285696461068585 -0.188749297015121 0.303076306112527
-0.0174322237771443 -0.0091847391522145 0.113040491586681 0.208399906108541
0.0018911129019768 0.0089715316110825 0.112283901696297 -0.00369132961860817
0.00291219704462576 0.0084151669072952 0.00187663916737062 -0.113637604483916
-0.00935040036826113 0.00956657508985974 0.0138549497293847 0.0906901521737068
-0.00145648843948098 0.00346819212104642 -0.078964380504071 -0.016088964980261
3.22457774549548E-05 -0.0121714618358181 -0.0427529446075515 -0.2211188180983
0.00975528252444854 -0.0186017810743212 0.238803082648927 -0.181790411970537
0.0199377204815298 0.022887558245746 0.359604579764512 0.227673221850149
-0.0168682587309314 0.0224691554819663 -0.0485288287194797 0.510091612841419
-0.0140621155044865 0.000667243131845135 -0.301938277287506 0.214599818600679
-0.010925547115044 0.000170768430405983 0.0125088680955708 0.042001376046917
-0.0074898753944382 0.0152432404642504 0.256122144494829 -0.242011605097941
0.00896097610682477 0.0130598890791752 -0.0995204252926629 -0.469921130770448
0.0113305319284353 -0.00862567022762408 -0.443240473868398 -0.0817622866130433
-0.011136085300396 -0.0263277461208526 -0.189069423887113 0.303448380591474
-0.0140370909039367 -0.00577205120510812 0.113461760183098 0.205261264577833
0.00552147401749348 0.0104829523954406 0.114851489567232 -0.00466951399928932
0.00504538772449435 0.00881190151280615 0.00243674945930732 -0.112201147034844
-0.00603937704797398 0.0102182497823464 0.0127635535158283 0.0917126555925556
0.00166746729084903 0.00626625878584097 -0.0777890469327837 -0.0134824720914561
0.0026225137157664 -0.00628651900519613 -0.0470257080549868 -0.220750291978125
0.0103205436894061 -0.0150946339417734 0.232426216166712 -0.188533158889039
0.0214601062025555 0.0201549432594025 0.363219155835854 0.217546822254662
-0.0148463049927983 0.0225377568943436 -0.0362218086262743 0.512993480527891
-0.0177030347328644 0.00505364861508969 -0.298137696654148 0.221299055413185
-0.0168241106710214 0.00356926985442358 0.00924916092156129 0.0441156546503737
-0.00909536971952697 0.0181801913780203 0.259962642474318 -0.235885112959648
0.0102358808420802 0.0120371442663923 -0.0874152981617231 -0.473288280343674
0.0117074977841477 -0.00977480942434922 -0.444473960542213 -0.0918153334489508
-0.00898416208623685 -0.023561840166413 -0.197096844416422 0.297591902386666
-0.0106099040549588 -0.00210377074573524 0.10888749891264 0.204898680863488
0.00879894870533104 0.0118049160860473 0.115624743782706 -0.00282806170042806
0.00815840235108948 0.00890738847832333 0.00214015215327015 -0.111009829367738
-0.00711939943719244 0.00155019789069533 0.00785385796793382 0.0965392179734598
-0.0124872920104914 -0.000212855865786645 -0.0961682276191532 0.0156828546880603
-0.00941012081079463 -0.0110760401358899 -0.100236347289972 -0.195609572837751
0.0118319832445622 -0.021079099840192 0.17845643518376 -0.256232806145641
0.0258330557979922 0.00893279412613938 0.41829649957047 0.0662377678048258
-0.016123689817799 0.0139480215626659 0.125355465951537 0.465944217799441
-0.0058047389349913 -0.0155853246456707 -0.24281558764814 0.275478786272018
0.00516832797790675 -0.0171339627417276 -0.0208897144657902 0.0591373059942826
-0.00100769141038372 -0.00670205879263813 0.307953360746297 -0.181158154016234
-0.000198643265420653 0.000419948806434378 0.0739997029914573 -0.517860442914702
0.0150025129580661 -0.00631243571113001 -0.39425460411863 -0.262177888973959
0.00230216516544489 -0.0256329575395643 -0.274820692531347 0.228460596621771
-0.0205434578897397 -0.0109601776965438 0.06156794937917 0.240574489470818
-0.00549480207673767 0.00244233184691906 0.102178474636561 0.0327953705425128
0.00788028090526991 0.00178656403486998 -0.0045723740803673 -0.113368605083454
-0.00996375997922359 0.00268817997990961 0.00974343638617939 0.095187561158967
-0.0136481793541243 -0.00128095806191089 -0.0954811676955832 0.00747417444674872
-0.0104855637144623 -0.0162361418990732 -0.0879812922863881 -0.202327965083689
0.0115379288529219 -0.022854772978366 0.199207775828827 -0.241881065028402
0.0241080647544697 0.0134886246612013 0.414698483832695 0.102883028320207
-0.0178458051350336 0.0148281508672161 0.0887007821520108 0.478349970641243
-0.00394773092150384 -0.0170654471631228 -0.257573027442968 0.262317518286372
0.00865435173793527 -0.0175700249726655 -0.0116943154466151 0.0536750610266434
0.000701677787031091 -0.00648468973063769 0.299319522475472 -0.200123970471532
-0.000440026178122922 0.00299505172681092 0.0320877428843608 -0.517816949111723
0.0139354916131253 -0.0058851726674277 -0.4107013208369 -0.222394722884529
-0.000907283999630325 -0.0282464979603254 -0.255653222673254 0.249971574884993
-0.0217090236604786 -0.0135144128256119 0.0748177972458298 0.236183346944197
-0.00605546103215988 0.0029345955123272 0.103838556907059 0.0250977141424422
0.00513181688968635 0.00267162509021026 -0.00347162409363252 -0.114751217980674
-0.0120806458164803 0.00378388645419191 0.0115266650514892 0.0928966847307112
-0.0133091031432525 -0.00272567751837226 -0.0934488057390481 -0.00085831604448212
-0.0105293406957641 -0.0196679947417729 -0.075523900300036 -0.20858756651488
0.0108158300057255 -0.0245817631381464 0.216546313176238 -0.225409942455337
0.0225697297195207 0.017787760678584 0.406371433922014 0.139217441798642
-0.0189273447961554 0.0169807695065888 0.0509584876548293 0.491946317263859
-0.00282043761144042 -0.0159660949833965 -0.272312001251906 0.248027106239345
0.00884339535969654 -0.0156702165542812 -0.00367670728823724 0.0490213770216289
-7.29010474837871E-05 -0.00412144924061368 0.289013718382189 -0.21703346223801
0.000261728904298191 0.00621731631497543 -0.00849985070386823 -0.511459899576565
0.0127485161800851 -0.00514387193265432 -0.425005562374049 -0.181329134252991
-0.00515079842147909 -0.0297772836268553 -0.234446048511873 0.270933033626645
-0.0227451766175911 -0.0147946654616209 0.0883572948750758 0.230872421653515
-0.00616122368559384 0.00349803956030864 0.106251279861701 0.016609596619581
0.00251147243573156 0.00423970286882725 -0.00188774431986263 -0.1158849520014
-0.0131929603162349 0.00532496933884046 0.0128933224758686 0.0918279131120553
-0.0117904616167741 -0.0024093897605508 -0.0899030728824011 -0.00825792661113766
-0.00821592287817252 -0.0212052716201846 -0.0634155129836432 -0.213703256809816
0.010379033011516 -0.0242020158608752 0.230320940496361 -0.209804707449134
0.0214476568789975 0.0213161870343914 0.394108016672814 0.175314870398703
-0.0199168849342185 0.0193783131912896 0.011887435057384 0.502736592202522
-0.0041395461483216 -0.0130146454762665 -0.286539929958077 0.234753088111141
0.00633142346163539 -0.0124189421483044 0.00392785239763139 0.0452291490671607
-0.00180916965058231 0.000540346321390441 0.27735897160213 -0.231973744864119
0.00201527103672044 0.00995792387964969 -0.0488728592841612 -0.500919897289367
0.0120452507793013 -0.00548393087450556 -0.435645525136209 -0.140437023871153
-0.00819063796304045 -0.0305737616567956 -0.215422697913326 0.288073150054991
-0.0223823625588153 -0.014157212069989 0.100198695573647 0.223853843389859
-0.00404267289915672 0.00513220304535628 0.108860871680019 0.00760030988920649
0.0017763827039037 0.0056979185628244 -0.000564886703847126 -0.116407740756207
-0.0131944352610194 0.00722624291510724 0.0133363644238204 0.0913289226157064
-0.00866911984307661 -0.00126650660687408 -0.0862112618550519 -0.0140049824858934
-0.00526769133053717 -0.0209255958467759 -0.053261242824721 -0.218636546948578
0.0104645246205935 -0.0229166989918547 0.240225862472638 -0.194525944589777
0.0199419727111908 0.0238454469156087 0.380888184770995 0.205481956736298
-0.0192376110234139 0.0207973089599322 -0.0225290657373716 0.511086378966372
-0.00663507836457568 -0.00885014630603285 -0.297288527705909 0.223599697162237
0.00191988310287669 -0.00827720306647448 0.00976413001072445 0.0425092151781116
-0.0034530677150408 0.00521428511267028 0.267563961947736 -0.241431354631567
0.00384366523417311 0.0119419426682204 -0.0803470257200346 -0.490208357964173
0.0118490335923586 -0.006220620320256 -0.443970845479461 -0.10771807651912
-0.0113677175298211 -0.0303908876896742 -0.199201771831647 0.301754324051659
-0.0204982982000556 -0.0123777201147989 0.110328441795248 0.216427245172182
-0.00126804107422408 0.00737568801609937 0.11192993124556 0.000532422658856399
0.00158313161433787 0.0070804686924738 0.000903482502289828 -0.115810409442934
-0.011742080948821 0.00891761901313246 0.0145560290999603 0.0908556912075709
-0.00537933571759315 0.000947168851384173 -0.0823452902158862 -0.0165518542997548
-0.0024152698495668 -0.0175552100507784 -0.046480258801149 -0.221990240177069
0.0100212949154424 -0.0209417213999354 0.244101919336366 -0.185686363660477
0.0198569642605466 0.024317623226503 0.370093415124812 0.225317193356079
-0.0186142583270807 0.0220498470619352 -0.0426221769460714 0.515158067990058
-0.0100335740755807 -0.0040589581071864 -0.303635854281951 0.21869056722713
-0.00427869265013952 -0.00392317243148847 0.0125002661717399 0.0415919251431887
-0.00536496704579445 0.0105317556510284 0.26144710239528 -0.24771422392606
0.00650740148291614 0.0133244755061482 -0.0977584404148606 -0.482245859775063
0.0108331627990468 -0.00714148409725961 -0.446986468984309 -0.0859631949054328
-0.0121537082102945 -0.0290227077646523 -0.190713456222464 0.308608470601816
-0.0176941676962266 -0.00957478300299882 0.115144899740228 0.210862170939019
0.00217482111534155 0.00953564260197301 0.114302295257985 -0.00427888077940197
0.00275085913036378 0.00782692902501869 0.00131966098814819 -0.115008621031224
-0.00937646573871571 0.0105684096879308 0.0137730670225582 0.0919790031278324
-0.00117162263968286 0.00350149705984619 -0.0800955978359417 -0.0166856585743334
0.000575702286063997 -0.0123135888036929 -0.0449251886229074 -0.224067334117453
0.00961256466619688 -0.0183619910506821 0.242528737220444 -0.18522004405284
0.0205303031909331 0.0229495496361902 0.366361039022228 0.230216145850572
-0.017001988331297 0.0232161518015919 -0.0474847247548572 0.51819287539824
-0.0139747138856024 0.000696078835606316 -0.305571442873306 0.218064371319346
-0.0108470579719178 0.000540371453464568 0.0124245979549722 0.0422837474247171
-0.007949840845479 0.0149311001996257 0.259920939057498 -0.245799420265846
0.00845201100132713 0.0133470870708629 -0.10142302356457 -0.477806488033672
0.0110816670055922 -0.00878947152645518 -0.451146639775386 -0.0814108520563888
-0.0117730578052656 -0.0265509356055842 -0.190016923334123 0.309354619509239
-0.0141816943774369 -0.00598280850034449 0.116010347474561 0.20767267900157
0.00575578586737141 0.0108013295466364 0.116227356483489 -0.00524825636011204
0.00509860088439665 0.00876766696793208 0.00264084228293916 -0.113957983079147
-0.00661365803751035 0.0107289863537362 0.0129305355850963 0.0930478675003402
0.00184396075468163 0.00628513556634309 -0.0789163776719473 -0.0133682901696384
0.00300856253609898 -0.0062146381304713 -0.0496007998845659 -0.223855701527565
0.0102244562405173 -0.0156575729686352 0.235445748548985 -0.19273239741971
0.0217575786049233 0.020260098157296 0.370265440604399 0.22003416991835
-0.015143163028181 0.0234683826781562 -0.033607885209405 0.520533822333337
-0.0179615016829837 0.00531066244665358 -0.301708584576082 0.225101259945671
-0.0169026198969111 0.00380944975164316 0.00955914857236183 0.0450994809949714
-0.0100602154917622 0.0186781261159708 0.263433487602499 -0.239554625949347
0.0104303153525696 0.012300406679012 -0.0902770902664773 -0.480287962591025
0.0120103106623902 -0.0102922613954064 -0.451683775031177 -0.0931118582861077
-0.00992862538170191 -0.0236655732892736 -0.19903716856246 0.304084352875822
-0.0108488884372518 -0.00212834295541141 0.111419499087947 0.207401382395307
0.00911480088030583 0.0118921527653766 0.117511309381533 -0.00281484828213658
0.00796354112669167 0.00846574545461504 0.00193240369008381 -0.112503376498694
-0.00746598126245994 0.00162098711420385 0.00832287909864144 0.0980104862667305
-0.0121315946544189 0.000214502922804417 -0.0975494716201961 0.0168661286507091
-0.00991850498951024 -0.0113421343920016 -0.103538467067627 -0.197506093782935
0.0116780223371424 -0.0214605985870145 0.180354802271792 -0.261588761312938
0.0259546934948423 0.00875936052464817 0.426292023765653 0.0641299198785253
-0.0160823004344125 0.0147208027550578 0.130052000579214 0.472668958801797
-0.00613098651445634 -0.0157684897565555 -0.244922813947397 0.28092906636541
0.00537075217464314 -0.0173343050587644 -0.0206246546410173 0.0598293204016392
-0.00148049243053529 -0.00714013094578508 0.311549272246353 -0.185975202832895
-0.000203108010246582 0.000869057337138874 0.0727469028504626 -0.527397815281247
0.0155394976717518 -0.00634424567425191 -0.403413455183234 -0.263669069012462
0.00213734963360356 -0.0262698979909044 -0.276840702889093 0.23449887422655
-0.0206029419805333 -0.0110725669371814 0.0640534835034009 0.243763054696947
-0.00543509586712366 0.00246467904982703 0.104778713263849 0.032644237675314
0.00778570474692232 0.00136176689277146 -0.00546461911199288 -0.114294244030723
-0.00986824399341124 0.00298170149401101 0.0100341404036317 0.0957162077060799
-0.0136223786369194 -0.00143660167068236 -0.0971010301006531 0.00789935990264691
-0.0111372677041931 -0.0161935622020893 -0.091277039731767 -0.204623768854457
0.0111502512220658 -0.0231698360758098 0.200439508936279 -0.246982526655293
0.0246984838907356 0.0135584041907628 0.422262087761133 0.100980447489001
-0.018048052399171 0.015722360920884 0.0949837017855195 0.485004881109914
-0.00381895522334881 -0.0173147983300448 -0.26029727986115 0.267801593820663
0.0086454467949488 -0.017580641741382 -0.0117772708798755 0.0545346545993016
-0.000128477265216588 -0.00662595691929063 0.303815443619854 -0.20440652685806
-0.000362369334164826 0.00308033722943398 0.0302985231455743 -0.526570944656035
0.0140941710342764 -0.00571215482099908 -0.419546755331576 -0.224014890133205
-0.000843164741004154 -0.0288353400723371 -0.258289071598744 0.255968525562201
-0.0222067668393697 -0.013870221514306 0.0773590162282394 0.239244595137884
-0.00627020912829776 0.00214831028797634 0.10576976000538 0.0250714161022082
0.00500746088247185 0.00232806561317833 -0.0040349973505431 -0.116563548979769
-0.0127141114559414 0.00407958162753361 0.0119944212150206 0.0942459627681057
-0.0133755306107794 -0.00265021966342821 -0.0952055007402102 -0.000127579986199787
-0.0103867738758248 -0.0197571647452354 -0.0787378932418316 -0.210675176961743
0.0105603405443044 -0.024935047008841 0.217644831268788 -0.230909346551745
0.0234177098446698 0.0179260975234495 0.413920998678831 0.137959950175092
-0.0191895325771452 0.0176206788455636 0.0551241538675378 0.499532075895307
-0.00323809528778158 -0.0161392625628021 -0.275953931290615 0.253708794198484
0.00915734484732695 -0.0159273304936928 -0.0034796190123975 0.0496652332377479
-0.000307997387117412 -0.0042254870436944 0.292222638596128 -0.221582003260839
-0.000136588295710643 0.00689695242189882 -0.0120200836837997 -0.519330341081497
0.0131202690182825 -0.00556431813121045 -0.434380005796859 -0.18063588275952
-0.00488098809135941 -0.0307206300909395 -0.236294614683412 0.276807301815812
-0.0228102597030356 -0.0149388184617011 0.0913312041473821 0.233843069187964
-0.00575983920865794 0.00351703868416639 0.10803427352817 0.0161408047016351
0.00261617724000403 0.00353940582336296 -0.00266838642852178 -0.117199312373095
-0.0134528201394439 0.0059353739573485 0.0139937592835849 0.0926864796006804
-0.0118776931666557 -0.00243058796268391 -0.0919478172787316 -0.00770061465115009
-0.00846720010914906 -0.0215519963463794 -0.066391304354752 -0.216432942185474
0.0100622728845925 -0.0246590181226296 0.232533922258765 -0.213951049549274
0.0221957384696297 0.0215637980127979 0.401383783138242 0.174385429111725
-0.0195358771425041 0.0194439721171603 0.0160709832481309 0.511486965713585
-0.00377644768912774 -0.0134257516288024 -0.289190482490249 0.240129229364786
0.00657605181863997 -0.0128935579660786 0.003518458385564 0.0454403594577289
-0.00197564864557871 9.89564409655322E-05 0.280077418804571 -0.236602241856052
0.00214535032666609 0.0101563407926398 -0.0525446675482441 -0.509114857287376
0.012154432406883 -0.00538563900163416 -0.444395867497942 -0.139528715124718
-0.00910695272108459 -0.0313541466283001 -0.216695203988253 0.294783707451698
-0.0225818151241924 -0.0144970059868558 0.103394243431822 0.226601791135223
-0.00374487477270814 0.0051661851837607 0.110720944600537 0.00736650655229465
0.00166951960325982 0.00538751525453089 -0.00153171262817559 -0.117672436132595
-0.0136641610922333 0.00789523227863568 0.0143887248624189 0.0921466237687331
-0.00871242367833718 -0.00147564053028473 -0.0881950129529051 -0.0140801026183958
-0.00536516114578337 -0.0208706453706209 -0.0559761151736808 -0.221532515757941
0.00999908059527724 -0.0233465638600991 0.242391692283174 -0.199545120248686
0.0205936067619951 0.0238271124424751 0.388408120929091 0.206409502451713
-0.0194667298429402 0.0214861475797488 -0.0189307320773318 0.51706487106759
-0.00597671912510665 -0.00871452987310143 -0.300138433235418 0.229461755995912
0.0020443762234394 -0.00843554647713224 0.0095276971187421 0.0430014816068508
-0.0036037517332298 0.00522099713814049 0.270598480913429 -0.246464314173894
0.00421820213267399 0.0124384118364305 -0.0838562619185648 -0.498234914257477
0.0112452113799477 -0.00629891468463644 -0.451034098002534 -0.107543698198445
-0.0110938042106896 -0.0308315717467643 -0.200267067975059 0.308178690568811
-0.0210537596198962 -0.0124913584642275 0.113597986938311 0.219167857496086
-0.00115478062061134 0.00698735585188108 0.113788969443805 5.50827629597731E-05
0.00159468865270536 0.0066068777974954 7.87753172348176E-05 -0.117646294013568
-0.012117065445774 0.00951232001482053 0.0149570184676198 0.0918976647285829
-0.00483717190214085 0.000502410479173186 -0.0837271104486812 -0.01644430125707
-0.00228827545244641 -0.0175483481438881 -0.0495839925536077 -0.224346216879147
0.00958466335199734 -0.0215304869211501 0.246340912694419 -0.190743045674481
0.0208464893673515 0.0245736723593295 0.379489101899094 0.226724940710693
-0.0189220094075155 0.022419292078306 -0.03893999573057 0.523122476729591
-0.00992080700740018 -0.00408371770822501 -0.307442379128923 0.22374550576204
-0.00390084832829831 -0.00387368598360326 0.0124096733495134 0.0418582904856978
-0.00574392884572299 0.010826392284879 0.263198447265484 -0.252698116166911
0.00673519875450812 0.0134272830796269 -0.101917943760343 -0.488216973643546
0.0109455854062695 -0.00749434685824251 -0.456141311226889 -0.0862997758426779
-0.0123382736501511 -0.0288725449999802 -0.190971355628995 0.315753059228227
-0.0181998445746872 -0.00938141721248875 0.11886077479093 0.213135749292342
0.00244874598606548 0.00902355601936767 0.11622211044495 -0.00478929211658842
0.00322646479003053 0.0078305311823971 0.00120821437877026 -0.116898286236557
-0.00985745947014056 0.0104466245843177 0.0141061383041728 0.0931052336096774
-0.00141395877162764 0.00338820892744564 -0.0816062949745077 -0.0162260126208026
0.000453940827980597 -0.0122646231337258 -0.0468409475114166 -0.226925009475445
0.00939260234850008 -0.0184726738255348 0.244168291225939 -0.190045536010754
0.0210849179714011 0.0231971242077929 0.373866081087632 0.230470187399184
-0.0171198498749746 0.0237327010746382 -0.0428369007578763 0.526911974996829
-0.0142088550350784 0.000827929544371927 -0.3083576286312 0.22412029141172
-0.0110607788883363 0.000546859887567025 0.0125757834176298 0.0428676641239926
-0.00826856227803824 0.0151243519690008 0.262578941208877 -0.250867354732
0.00896313188166224 0.0134590513495795 -0.105419618549092 -0.484735371400767
0.0114511551678507 -0.00920734098299307 -0.457434223666904 -0.0804429687642283
-0.012376085397854 -0.0272078674971986 -0.190947405792958 0.315584059438807
-0.0145324917892921 -0.00578703387075421 0.119212548123979 0.210186115424802
0.00651260841893276 0.0103286635330219 0.118174213421823 -0.00601119467430254
0.0051126237098157 0.00819890891759919 0.00178684204437845 -0.115511060931812
-0.00673933343858024 0.0111015497537068 0.0132761599110329 0.0944223187225
0.00189937367090509 0.00597053355401008 -0.0804151019194502 -0.0129173536905545
0.0031389663434086 -0.00650497743900347 -0.051813075122956 -0.226735319179941
0.00947697119942936 -0.0154673159201308 0.23750423611379 -0.197485340996021
0.0222802693824797 0.0201469209785482 0.377588485266715 0.220963875763546
-0.014672570069479 0.0238016982803364 -0.0300335718031302 0.529048653558395
-0.0178280593165671 0.005552216421157 -0.304894421375476 0.23117325016747
-0.0174111183362351 0.00378687285674205 0.00960483517345364 0.045653520761699
-0.0107128256961528 0.0188560387215084 0.265984468065556 -0.245174661016568
0.010127988823583 0.0121754235687573 -0.0952123393411701 -0.487126503400777
0.0118338968676296 -0.0105467810631507 -0.459415095124903 -0.0893024596604423
-0.00990090561671777 -0.0240380417296377 -0.199191199954924 0.310254204695339
-0.0108164264032066 -0.00219573621801466 0.114564049589016 0.209832130686356
0.00943850587114754 0.0119275966391478 0.119922482260585 -0.00365212005804641
0.00790663964633728 0.00845044161247383 0.00162423439450441 -0.114365144454063
-0.00757409411677785 0.00193963228033383 0.00907339149483226 0.0987099374972456
-0.0124512009205584 -8.97173267181339E-05 -0.0988887238424163 0.0177032446863537
-0.00992948646658544 -0.0113717383806243 -0.107714467163089 -0.199065982992692
0.0117103910837172 -0.0216380580762968 0.18016972675844 -0.267174909109246
0.0263125028693856 0.00878958972728685 0.433607314862186 0.0608901787030801
-0.0156003498794226 0.0148990229652478 0.1379646063979 0.478281450317043
-0.00650969322378401 -0.0160922877292601 -0.246249993089756 0.288106109959875
0.00520856223848751 -0.0175602231416218 -0.0205809851370308 0.0608247843628099
-0.00141432336056933 -0.00685868396427432 0.314197617255893 -0.191579036072143
-0.000150355115605533 0.00071198805739015 0.0677057465150327 -0.536081884624954
0.0154228546205077 -0.00694065230252522 -0.411971688757596 -0.26389178234692
0.0022114039826269 -0.0267368177850635 -0.279127214258557 0.241477504763971
-0.0211499284956654 -0.010577476352647 0.0674787844978454 0.245785917091316
-0.00486715271263549 0.00225575528570251 0.105974148322077 0.0323612996666399
0.00815111695522738 0.00115109345394944 -0.00607726008936089 -0.116192706117098
-0.0104532516129075 0.0029090880534042 0.0111531201925322 0.0967719909670672
-0.0136710655568927 -0.00134400927044318 -0.0985274985904015 0.00908566200573708
-0.0114785175891229 -0.0159879369493133 -0.095076323890569 -0.205979527901183
0.0104246676111245 -0.0233022808669674 0.200225584185335 -0.253019853685397
0.0251986079143173 0.0131558411438734 0.430058349212725 0.097788047160272
-0.0181447389064547 0.0162748310741495 0.101448122718849 0.493108909852061
-0.00359691589300207 -0.0174689804656288 -0.261602239710082 0.274586671572254
0.00872746648545057 -0.0180977284229208 -0.0115274540351411 0.0558564422572806
-0.000216827138868623 -0.00663879933284192 0.30576940394196 -0.209887405811354
-0.000681634201557799 0.00275357256918815 0.025136083276924 -0.534223754992416
0.0144536461605724 -0.00582933828260395 -0.4282935322937 -0.22334526350508
-0.00137639927147147 -0.0295014627263818 -0.258978493156622 0.263227902952356
-0.0225981157589805 -0.0133966777426649 0.0810434891309297 0.24198767096274
-0.00567682450112903 0.00235823783081338 0.108014103965745 0.0243104975659482
0.00522968078708501 0.00223640623098193 -0.0053619838615864 -0.117734200954533
-0.0124031309175302 0.00448164244735452 0.0130814167459497 0.0946876768126148
-0.0134222422049375 -0.00207462635973608 -0.0959011607224822 0.000890263814447373
-0.0101915139042873 -0.019974535725505 -0.0822539058851393 -0.213046095936039
0.0102721872504786 -0.0249915914445622 0.218240316767389 -0.23708644776637
0.0236704221993201 0.017867216264186 0.422082527429159 0.135703214521554
-0.0192956638091984 0.0181645437166983 0.0615189312225929 0.505924267692619
-0.00335764364211284 -0.0165951740981474 -0.277958941073448 0.259980389012541
0.00869867084866957 -0.0163969330549129 -0.00332956461058744 0.0507362092513787
-0.000675697028315747 -0.00430416869799393 0.294595024357345 -0.227626657248814
-5.8393436195129E-05 0.00694929294649506 -0.0163969030662228 -0.527315955664668
0.0130353903303136 -0.00540232269495057 -0.44178130839008 -0.179108229360223
-0.00555715361551687 -0.0312288941033299 -0.236635116240487 0.284458618846624
-0.0236249573019544 -0.0149125093324873 0.0949096974332672 0.236136844408731
-0.00554851833564402 0.00306567184423428 0.109739922361335 0.014939047784926
0.0027712820635541 0.00356882173548866 -0.00356037268584707 -0.118782606793074
-0.0135402365527866 0.0065463398872032 0.0143925012216956 0.0936447745795218
-0.0117544405948249 -0.00243901346751367 -0.0933592910477216 -0.00688745307146944
-0.0085667571299858 -0.0218244027520377 -0.0699347129782005 -0.21855741335669
0.0100851525459452 -0.024849694251325 0.232799392203386 -0.21997534573584
0.022233972749996 0.0212810130293739 0.408998128643152 0.173582301114212
-0.0194757830285596 0.0201877581922492 0.0225328215339786 0.517742057306084
-0.00402594034035783 -0.0130582846591245 -0.290822393764114 0.246636503458788
0.00631182589894925 -0.0129605894100344 0.00431910697307363 0.0467826161527957
-0.00220396163802067 0.000169441385287348 0.28223914537042 -0.242343147895394
0.00223232423238519 0.0100408002812566 -0.0576882167636365 -0.517410823833137
0.0123318207080797 -0.0057451714992454 -0.452607989595747 -0.136882192131821
-0.00957961346934659 -0.0318928005704407 -0.216848904910521 0.302492574982102
-0.0231642882732422 -0.0140939195956553 0.107463490983703 0.228501793504549
-0.00329428845121124 0.00477647235896218 0.112465320874985 0.00613580203940153
0.0012678696101015 0.0048321832597224 -0.00254240081999754 -0.118646589429349
-0.0139082563472272 0.00790532583131326 0.0150402900215363 0.0932173525945785
-0.00870763221732064 -0.00141630765622791 -0.0893683202868747 -0.0129258571755766
-0.005430786168279 -0.0206979679897735 -0.0597217381171735 -0.223859748803388
0.00984881602489785 -0.0234747130812526 0.243990757902076 -0.205536181325273
0.0216242595235246 0.0238878175826674 0.394834585444718 0.205865657138771
-0.0196271765309464 0.02205417380565 -0.0121188721793105 0.525198298195957
-0.00629173297435275 -0.00916113814492561 -0.303291135595172 0.235631896546708
0.00182595066725625 -0.00874293539523007 0.0100510553316635 0.0438924950573755
-0.0042806979837484 0.00526750884694788 0.272178264026397 -0.252853646836049
0.00403883808418326 0.0120978810141283 -0.0892455147652085 -0.505476200407185
0.0116617602779766 -0.00668756771788149 -0.458734410390101 -0.104243916268964
-0.0121400929089658 -0.0310874303006098 -0.200506121291315 0.315397526034618
-0.0212906281147471 -0.0122005706963562 0.117823623697909 0.220955372815689
-0.000557631485999763 0.00719795120984529 0.115124143724848 -0.00119934647532482
0.00159267521177673 0.00617855201186577 -0.000693454584440428 -0.119199369648842
-0.0121578439621113 0.00952379104182637 0.016118158552555 0.0930596266824005
-0.00454903613144763 0.000998147730347162 -0.085978330638298 -0.0160940074760332
-0.00234601895289175 -0.0176619532841762 -0.0529153602259137 -0.226880417269792
0.00971379418709201 -0.0216707614196267 0.247589572747925 -0.196185586502401
0.0205981860677799 0.0244110320998484 0.386189109661715 0.226192126762139
-0.0190021549361529 0.023282990686129 -0.0322621845426226 0.532169579782035
-0.0104160644807072 -0.00395594471336844 -0.309617637925586 0.229816872644075
-0.00431754332284231 -0.00395920167351658 0.0129909987279764 0.0429324543394004
-0.0056979248622729 0.0109997846131762 0.26625057666171 -0.259062597562517
0.00669928613349694 0.0138788450679276 -0.107382493475475 -0.495526958515325
0.0111544640164734 -0.00797313570570083 -0.464367464253003 -0.0815488719606136
-0.013018244045065 -0.0298312808130412 -0.190800318975837 0.322198050225012
-0.0185495012699274 -0.00933519627042589 0.123163755857502 0.214605977660879
0.00311416158353188 0.00900633196665607 0.117836568872107 -0.00573913273924989
0.00308300138114606 0.00733441723827862 -0.000213554236227659 -0.118438939550216
-0.00981967192716821 0.0109894759087532 0.0149894536187788 0.093510445248237
-0.0011672301562704 0.00302317674833612 -0.0827640952626197 -0.0157311912206375
0.000326607057003427 -0.0124223270736459 -0.0511942896528999 -0.229793212565997
0.00948698564714576 -0.0186199708700383 0.245522698644581 -0.195740998929636
0.0216309310431881 0.0232446386316448 0.382329997567547 0.230331918342382
-0.0169685039187916 0.0242208514033362 -0.0383265274178986 0.534848378447988
-0.0148780124439155 0.00111552676045599 -0.311167828684667 0.229811786899646
-0.0110834170623167 0.000682380071257258 0.0133025651423363 0.0437503021896227
-0.00805833888531237 0.0155208626206593 0.264072694281587 -0.256513519907883
0.00891181300318285 0.0137477855898551 -0.111187893110245 -0.490902292139871
0.0113882396283779 -0.00931596210102956 -0.465431346850598 -0.075877434896388
-0.0124977905370692 -0.0276786123441067 -0.190293064350891 0.322848726442339
-0.0145764674731181 -0.00563490227347497 0.123301305445011 0.211203203441534
0.0065910234076991 0.0103230740042026 0.120183262696031 -0.00731806775818582
0.00516592459919989 0.00819570010520598 0.000637869768030678 -0.117321344018849
-0.00665361283348053 0.0115616801453652 0.0143075309957365 0.0950950467664816
0.00236652383472159 0.00589529902439586 -0.0821517117864868 -0.011783241962215
0.00324959099216617 -0.00635008164429435 -0.055380779323781 -0.229128627485245
0.00964230298928643 -0.0157887967680303 0.239164602891531 -0.202513200752339
0.0222954635105201 0.0203295266616897 0.385777662097829 0.219275281565317
-0.0146118640184654 0.0241227726223479 -0.0253821003617053 0.537072990435222
-0.0179588549695263 0.00554104210119238 -0.307412620261716 0.237105682423309
-0.0170244232891029 0.00397156353123867 0.00974960265001965 0.0462262386949103
-0.0105639896954766 0.0194164254147187 0.267940754729229 -0.250310770684092
0.0105214232733033 0.012657907225074 -0.0999638984632078 -0.494156006592493
0.0118724717364618 -0.0109970383467752 -0.46776341471098 -0.0872421111283176
-0.0104071397532465 -0.0247132886941668 -0.200177500195146 0.317544548398091
-0.0111364400568814 -0.00204162230332386 0.118634729555843 0.21160363781605
0.0100442519511615 0.011398799165321 0.121120858649283 -0.00452156203219112
0.00830356875002741 0.00784470625159974 0.000573410241223238 -0.116227647628348
-0.00640708399512364 0.00141305219295071 -0.0122060361833671 0.0978761239539951
-0.0121949243179014 -0.000920534891280099 -0.102539502784411 -0.00208181477993333
-0.0103501583712838 -0.0132108097217337 -0.067251736732967 -0.219512872246845
0.0119811603593421 -0.0234930896997403 0.235877687967587 -0.232087360060907
0.0273604171418016 0.00619118451949376 0.422051976567352 0.146345573930247
-0.0134523449768027 0.0131175065393712 0.0418596030897977 0.50622600883475
-0.0035597494471479 -0.0156488175632528 -0.30631844840847 0.238740869751324
0.0093658056948388 -0.0151625770550285 -0.0334659064956573 0.0566829162860904
9.70077155007599E-05 -0.0067494540570474 0.35435350785329 -0.12833174722809
-0.00075661567347772 -0.00257997665666475 0.174639669661825 -0.521238040025394
0.0145180101454865 -0.00589138517074247 -0.358947052935421 -0.34364799824042
0.00236407868906043 -0.0256737260939206 -0.32618075837678 0.18465552847369
-0.0198019171307302 -0.0133133595930607 0.0191581275556893 0.257737066296342
-0.00376525721930144 0.00184668982603101 0.0986693366912524 0.0536775806814012
0.00766977443706301 0.00123023413685349 0.0190606014419049 -0.116496414147705
-0.00955802143518386 0.00189205251772038 -0.0102377724091064 0.096728286154836
-0.0130320377040203 -0.00234863658626002 -0.0997933147105566 -0.0112462781223993
-0.0104409398254278 -0.0182721202128186 -0.0535090805873695 -0.223660950825575
0.011468432649259 -0.0256401793434683 0.25309127237734 -0.214016204979667
0.0253721390189941 0.0109604840640245 0.410146698571265 0.183856481418072
-0.0158476428242372 0.0146937185517854 0.00303288470974455 0.511896827301528
-0.00120711863981129 -0.016724715263473 -0.318522543416607 0.222661312853801
0.0132661129889441 -0.0148724964004383 -0.0231871893176815 0.0530776930830541
0.00102939415542131 -0.0065355966746636 0.349503671190404 -0.149004960226919
-0.00109831397383562 -0.000198797923774576 0.131085721385363 -0.528829417773784
0.0124708770133961 -0.00525933325882694 -0.381903794359568 -0.306490414260338
-0.000989399807426615 -0.0291119867172019 -0.310178519961654 0.210541726175967
-0.0206601826611056 -0.0162337524179537 0.0332968122438348 0.256797865083704
-0.00450688028528764 0.00149568025339974 0.101665230203694 0.0460796537290216
0.00468198220818154 0.00175790429810147 0.0208310078671502 -0.118111067370199
-0.0119844524523179 0.00276594894445924 -0.00806495354453041 0.0955870261100398
-0.0128008193686796 -0.00384446206422728 -0.0963356009356266 -0.0192017913158918
-0.00883590372388881 -0.0220663244892772 -0.0397317607448587 -0.228574313797412
0.011707548422763 -0.0272947134520108 0.268466493242197 -0.193168777078791
0.0239890501907042 0.015120381722537 0.394726531487695 0.220826454854085
-0.0175201141012816 0.0167996482937814 -0.0392408544003962 0.518939563784163
-0.000551268854310281 -0.0156231612378949 -0.332427708677907 0.205021888184739
0.0130933997678218 -0.0133353419332589 -0.0139932730960066 0.0498581093644471
0.000147610182471592 -0.00371352022894576 0.341781056905124 -0.168992387741639
-0.0016911395745655 0.00363837790696678 0.087645024468875 -0.530695376545628
0.0113416406982151 -0.00464815310347414 -0.404854397013507 -0.265141592871399
-0.00391244722845114 -0.0307252374024351 -0.291881033159272 0.23653291782659
-0.0209973157214726 -0.0175945962630447 0.0487172173539185 0.253763503701897
-0.00435524458013879 0.00300346672577543 0.105682663884418 0.0371707562631424
0.00183521987203913 0.00280819604164174 0.0226635074162784 -0.119129216360442
-0.0132498375523145 0.00444725600823707 -0.0062724606591122 0.0943429169416684
-0.011099718462579 -0.00360126843590777 -0.0914128685551145 -0.025839553396059
-0.00643465681957543 -0.0238386811338887 -0.025755102747941 -0.231635662017139
0.011935165883358 -0.0270064913694337 0.279359203666791 -0.173379431852572
0.0227332388854672 0.0191420513367039 0.375602852963933 0.256700325982695
-0.0188820077159136 0.0187565693219502 -0.0815028967293201 0.523144672253884
-0.00221225958473972 -0.0127746226492258 -0.343554638907644 0.188634952191169
0.00980267994755732 -0.0109146645453384 -0.00608844379605965 0.047330397603762
-0.00236093130247916 3.30109751204202E-05 0.332223625963855 -0.186213383489849
-0.00101473597636557 0.00762982656620422 0.0440679281805915 -0.527204492517594
0.0107198703688597 -0.00530833302897127 -0.423246328520554 -0.226927730250657
-0.00783172752466673 -0.0318470147340591 -0.275496697710329 0.257495704097079
-0.0204364546497099 -0.0166003390256086 0.0619412385239775 0.248922863983939
-0.00286161006156485 0.00484473887334619 0.109685185845043 0.0288204033707131
7.07912148402972E-05 0.00375708763595627 0.0243918579166839 -0.118884807592401
-0.0137123387312368 0.00610207339307794 -0.00547062880186577 0.0940559147933463
-0.00871620580047328 -0.00211795207637163 -0.0862925443518798 -0.0310799547121971
-0.00411497620465238 -0.0222299877779034 -0.0141494081398624 -0.23462833478343
0.0117861593783607 -0.0260144805390433 0.286720771857498 -0.157149576570035
0.0215778683057925 0.0215695303717496 0.355966051485548 0.28510314600878
-0.0191622927064599 0.0211981937280814 -0.118181844437622 0.521920207820051
-0.00489594175495337 -0.00906591254660108 -0.353052894527528 0.174676853999974
0.00424463481043955 -0.00765500494598828 0.00109372148615364 0.0458131498562221
-0.00492358173551618 0.00450369648503041 0.32402708552694 -0.198395465723506
0.000664928717356014 0.0104578494798432 0.00926620682619947 -0.522692336124793
0.00966909786565295 -0.00546146024495345 -0.436541993616081 -0.193732183767326
-0.0105966771864659 -0.0316281182093794 -0.261766914971101 0.273890892172818
-0.0189288214480828 -0.0143700655045408 0.0736891145487537 0.242738962569756
-0.000770442023040565 0.00751250832025575 0.114155399060049 0.0225088231437231
-0.000339021407504675 0.00566050327921341 0.0261268454319039 -0.118806725055766
-0.0123918498895766 0.00805620349723391 -0.00488064246430833 0.0940262468572949
-0.00517495559400239 0.000854021241703471 -0.0820155329305127 -0.0332459123550187
-0.00179164558985659 -0.018770995558945 -0.00635127258418561 -0.23666671359369
0.0115277961700602 -0.0243046606155262 0.288865037167734 -0.146888148965689
0.0212802465123304 0.02273283470586 0.341745587604761 0.302491424729103
-0.0186307252255586 0.023283105583653 -0.1391331117895 0.524658590907862
-0.01017302418623 -0.00501216614849449 -0.357919477332712 0.167970353246844
-0.00262791255237349 -0.00490335289510826 0.00393724894477828 0.0454460329756772
-0.0083644305963345 0.00997315828699937 0.318780606044372 -0.205611187747974
0.00270533720545691 0.0123473677474676 -0.0114073686046926 -0.517211378802227
0.00960466876072281 -0.00663096058523064 -0.444729845750434 -0.171966583117218
-0.0116016050290632 -0.0302926537202117 -0.253258955452838 0.282854994471921
-0.0165119643451676 -0.0107449047222364 0.0803748882153012 0.237567467275894
0.00279300952734628 0.0101089270936677 0.117423422388114 0.0179044455133405
0.00098585188352779 0.00667379019206027 0.0266999305308697 -0.117859554188442
-0.0104545892861554 0.0101683336139864 -0.00590505117967776 0.0945192437124345
-0.00232587349965518 0.00386802502317575 -0.0793477446904722 -0.0321748620772999
0.000403224873533357 -0.0129061565421403 -0.00425295455211267 -0.237691046238249
0.0108414803485794 -0.0213487500446133 0.286962727587081 -0.145934242664071
0.0221388518183348 0.0212950110231418 0.336116182833809 0.307104769778625
-0.0175371616020526 0.024274586842183 -0.146593700424944 0.527674756836603
-0.0156731604563516 -0.000619722754383939 -0.360936185691078 0.166678413925666
-0.0105114459290097 -0.00205081965493167 0.00356350056065727 0.0465219556936941
-0.0117128138549117 0.0139213298548434 0.316852388314287 -0.204432932559092
0.00500584425680935 0.0125652933633356 -0.0151278362948118 -0.512701710213082
0.0100977642665014 -0.00843608431226908 -0.448130797814314 -0.167400100970808
-0.012048311175811 -0.0279263265499492 -0.253315209909497 0.282914501757079
-0.0140013038478645 -0.0065786557781533 0.0816672136309772 0.23462182517671
0.00616005682322189 0.0118661481812906 0.120170684670591 0.0174728848475879
0.00298870952931105 0.00794919224321712 0.0267457629320085 -0.116953768883215
-0.00735013339714946 0.0113311428737142 -0.00661543509187106 0.0964935046205333
0.000173124644204607 0.00716471322994964 -0.0790008899111124 -0.0282914517926546
0.00149604232913734 -0.00634028042626112 -0.0082719725765532 -0.238063450472748
0.010176392369602 -0.0179416331788353 0.280775006649921 -0.154946379598167
0.0237877462679213 0.0188138446052363 0.342303605934359 0.297113123742061
-0.0149128119554972 0.024531640324979 -0.132590469947246 0.530978315157888
-0.019688317515011 0.0030021584963553 -0.358058983759642 0.175764412159929
-0.0175493011749528 0.000190288802898408 -0.000130945640854935 0.0477444181401128
-0.0148335392307087 0.0166068547641535 0.319410877978912 -0.197317022808287
0.00672492011457522 0.0119675447551729 -0.00289042682759266 -0.514073790168652
0.0111348345248259 -0.00978682212940168 -0.447622722108642 -0.179360359476637
-0.0103671872989309 -0.0250780459647699 -0.262281730871513 0.276859655764413
-0.0112058574269721 -0.00173879831413504 0.0765625026335241 0.234182106635945
0.00909406176740432 0.0141721689128933 0.120363818058992 0.0193997714180863
0.00617821628258713 0.00852309061435149 0.0264736108840949 -0.11597717329338
-0.00629479958559503 0.00192353992155081 -0.0111389434860074 0.0990264212494233
-0.0124476806137329 -0.000690736222481485 -0.103622457995711 -0.000496146591781653
-0.0107607966940047 -0.0132502014409736 -0.0713936991306902 -0.219935584992522
0.0114403283221046 -0.023868837661926 0.234396266218599 -0.239762078979964
0.0278989149290403 0.00605162413991296 0.429340620422553 0.142108982958317
-0.0131432358565526 0.0132982625258541 0.0511836222294049 0.509859659090321
-0.00388939386495319 -0.0154414830161579 -0.306865492843447 0.246550015894371
0.00981466910098814 -0.0159826058552224 -0.0329745687501327 0.0576390479759555
-0.000686508327597631 -0.0069002704125962 0.357062771791934 -0.135068106056379
-0.000555691413070963 -0.00292366534534972 0.16882067901863 -0.531696400885294
0.0146732813937129 -0.0062599425798189 -0.368448775278051 -0.341662588709309
0.00178847439057369 -0.0259588595171068 -0.327268339598319 0.192023451591389
-0.0202969106806563 -0.0130221477368691 0.0234770874974807 0.26084940689537
-0.00404957296029653 0.00189748029550421 0.100969580729263 0.0534759835905513
0.00809645163155466 0.000586459906521045 0.0180680869264827 -0.117894288683615
-0.00933071560716093 0.00226445822977485 -0.00945183376886375 0.0977630426469688
-0.0131885002574549 -0.00264711425652608 -0.101396447862888 -0.00956101513140793
-0.0107849171208641 -0.0185005792909572 -0.0580260095409569 -0.225298463762714
0.0111781577550149 -0.0259486096628381 0.252665598475758 -0.220034997789672
0.0260590562010434 0.010424463653989 0.419023198247823 0.179678731659619
-0.0156767214869525 0.0149446758086426 0.0119567822920395 0.517621223779951
-0.00139631700685662 -0.016905210632202 -0.319040028340385 0.229962559139665
0.013613185175788 -0.0153182846586532 -0.0227344997446695 0.0539567867217587
0.000802637311161652 -0.00678548655876299 0.35175623609836 -0.154339761781545
-0.00174638285158391 3.75290603608454E-05 0.125155542770034 -0.538075286758863
0.0126925694668341 -0.00533159819691279 -0.391438637022823 -0.30388244690519
-0.00115166448396312 -0.0289033689026201 -0.310154244001494 0.217651670986436
-0.0206491891473283 -0.0161883856057973 0.0375219939413264 0.258469905822672
-0.00412534765269069 0.00143915505759383 0.103781088279432 0.0453775283845055
0.00504748587555054 0.00136856979344856 0.0188542947747127 -0.119739844824346
-0.0118424149322423 0.00309746356058468 -0.00714249400516176 0.0960123656256679
-0.0131935685489017 -0.00361656177283309 -0.0974613891027325 -0.0176322609690797
-0.00942808988354751 -0.0218669474572733 -0.0436821711677091 -0.229696550521421
0.0112321631286959 -0.0276619335735302 0.267703555873973 -0.200486517326327
0.0240808446693185 0.0152168336725875 0.403462007567148 0.216834893270308
-0.0175572756367059 0.0169095822258179 -0.0321827948860634 0.526176168488112
-0.00114790482166525 -0.0155927393595431 -0.33260411856941 0.212308423188328
0.0134395910716629 -0.0137733008800226 -0.0139256527574709 0.0508532816685592
-0.000285484904534916 -0.00436265777511666 0.343117606745796 -0.175535291782508
-0.00200290649110988 0.00416238853827668 0.0804948064533113 -0.53903045594557
0.0114429861402217 -0.00482813688550663 -0.41437641303853 -0.26207954473682
-0.00458653376300886 -0.0314648034212876 -0.292188537015314 0.244075002098319
-0.0212909254708866 -0.01733667848853 0.0531644237386985 0.256137917440035
-0.0044729165851773 0.00257516904208661 0.107682037960661 0.0363408959900934
0.00231245290650451 0.00237268705057713 0.0214296304698766 -0.120114155681213
-0.0132607919987865 0.00474696617736014 -0.00499940940264575 0.0948637519366269
-0.0110308329840318 -0.00315201069409382 -0.0928648242569265 -0.0248266662014001
-0.00697083189798666 -0.0240632779887992 -0.0299972173977424 -0.233320870298998
0.0114088842511266 -0.0277836865310048 0.280159913487058 -0.180393878980777
0.023229156794496 0.0188326312610024 0.384238116643841 0.25315015553096
-0.0186681397199354 0.0195405173803257 -0.0746056080635246 0.530972907139986
-0.00214965789500871 -0.0127310178120706 -0.345016271838127 0.195911901951286
0.010092976136186 -0.0110451144322792 -0.00570446374993648 0.0476762706993683
-0.00243561638202896 0.00025053840023131 0.333309506299661 -0.192951336837475
-0.00113911374166327 0.00732092568670189 0.0364607259136897 -0.53465726446789
0.0107036070949394 -0.00510352359061936 -0.432548778689607 -0.222521078118713
-0.0082304926459827 -0.0324566404491075 -0.275187302210098 0.265250110002139
-0.0210950732558699 -0.0167569562522772 0.0674913059078801 0.250502395593747
-0.00218476984643259 0.00469314322597148 0.112011970363893 0.0277322790414932
0.00012783001122583 0.00349694999023871 0.0228152262806278 -0.120727482608312
-0.0136887067717992 0.00654740917516053 -0.00439030625162611 0.0950617897053938
-0.00838617266308761 -0.0022627164693278 -0.0879830617904102 -0.0301224480044524
-0.00427685947920654 -0.0225026500432994 -0.0184363031874423 -0.236610090756858
0.0117349278373455 -0.0263894924405441 0.287658052964733 -0.163174322715029
0.0220505003334761 0.021367405529081 0.363806607503435 0.283064462296963
-0.0192807111432593 0.0215582573247508 -0.110651974866836 0.532133497246963
-0.00541548656585652 -0.00904540177355002 -0.354557234927214 0.181749978673564
0.00460332929395528 -0.00826431919144729 0.00147276874918234 0.0465622729197277
-0.00559639415469209 0.00506426935880866 0.325270273042888 -0.205496724702892
0.000799732299083207 0.0104071767226927 0.00222926764818325 -0.528522885277098
0.0095301600409864 -0.00586569326114583 -0.444482388883173 -0.188315856134332
-0.0111290827685134 -0.0320903495956199 -0.259870574122163 0.281957330098384
-0.0193055355889547 -0.0138691545136093 0.0784388224668633 0.243716784436629
-0.000215749023444723 0.00692838072268797 0.115967161208907 0.0207503241787883
-0.000124862996960319 0.00498050983966375 0.0244453248523306 -0.12036138975083
-0.0125528315197919 0.008737451199176 -0.00363429260528621 0.0945109397993473
-0.00502744794610864 0.00116253468894636 -0.0840000276255471 -0.0321268217519308
-0.00171952567805692 -0.0188006682455398 -0.0110921066672768 -0.238215890296472
0.0109037106602344 -0.0244429034483462 0.290124687365012 -0.153929858237008
0.0219072931522009 0.0227390390624718 0.35103837741723 0.301269015016812
-0.0184885075371801 0.0235725434244522 -0.132225547128648 0.533979387398931
-0.0102354952954054 -0.00503159977610165 -0.360280855254441 0.175526488440169
-0.00257447370080867 -0.00453691369471214 0.0044916309451595 0.0456862011441548
-0.00854931945493263 0.00990945978253335 0.319178086095948 -0.212000207754158
0.00290256103358193 0.0123350395297391 -0.0189722890045432 -0.521931740662761
0.00940032474861832 -0.00742783497099181 -0.453727268378922 -0.167353551865676
-0.012403042397465 -0.0304988963693891 -0.252157103851972 0.290973170871544
-0.0169181846412376 -0.0104910016864926 0.0850253170387136 0.239412429268304
0.00294345254386938 0.00958667143097124 0.118740643156966 0.0165745107039253
0.000853433582230545 0.00671037939465316 0.0254692538977495 -0.119822664871165
-0.0108851065974441 0.0105414787988952 -0.00476005385530126 0.0958366719584023
-0.00207905733741722 0.00348472363110274 -0.0810836717060819 -0.0314873304916897
1.16155043428509E-05 -0.0129712536010117 -0.00872675900788096 -0.240193630749523
0.0103483182528006 -0.0217922411330826 0.286996088975984 -0.152816478487014
0.0227986951355707 0.0210845036306493 0.345327457307585 0.304624601518836
-0.0173272368275317 0.0249947083677215 -0.138678870613974 0.536916064403991
-0.0153256054171057 -0.000724314768238065 -0.362134895661707 0.175130045793676
-0.010508844405841 -0.00151072514853726 0.0042079776526035 0.047411046132481
-0.0118625982574331 0.0143432847785048 0.317307366532684 -0.211334642328878
0.00495476723361725 0.0131439416717821 -0.0220371515545153 -0.519727509293976
0.0102186533448737 -0.00831623361502386 -0.45617827638528 -0.162685589876001
-0.0120428283726992 -0.0283096405566427 -0.251681423411954 0.291312726666125
-0.0141261160208986 -0.00623264280988057 0.0860458782061773 0.235445212569326
0.00677171707454714 0.0119566008097498 0.121401609280905 0.0154525747110071
0.00325379805956741 0.00722046468755326 0.0261276119288402 -0.118484809052301
-0.00743663193247139 0.0119108806121608 -0.00590286771077857 0.0965302690167586
0.000441652558436827 0.00767018789646979 -0.0801251526353463 -0.0277488730058393
0.00147285511461563 -0.00676802273707342 -0.0128423850046307 -0.240828720004008
0.00993392070892309 -0.0183962000606738 0.281536855379705 -0.161277851285807
0.024336150113924 0.0182917130763532 0.350873388015402 0.29510052313438
-0.0148976782777997 0.0255058870742781 -0.125628057287918 0.539597565283893
-0.0200963387832958 0.00316107296418 -0.359461999386385 0.182839728900443
-0.0178554221904228 0.000550324146558324 0.000606804256499291 0.0492471387792785
-0.0152664161809028 0.0178766813520117 0.32115246800586 -0.204405840287382
0.00683478532556928 0.012062258334977 -0.0117676904043352 -0.519707028959994
0.0112610334305691 -0.00992043586306218 -0.456145797722752 -0.17380979338051
-0.0108719787033745 -0.0248392031699291 -0.260618446885811 0.283791794152004
-0.0115917163254354 -0.00133262946422785 0.0811907861007893 0.234977855029502
0.00985286424037367 0.0136606729301644 0.122266994658888 0.018227767757174
0.00646072480382009 0.00823275840024 0.0248800206648147 -0.117554330998491
-0.00665636009847202 0.00204247108257284 -0.010525572918565 0.0998358852850292
-0.0124147524632785 -0.000949863437300212 -0.104491570871971 0.0015285934641861
-0.0105890359466818 -0.012704099445819 -0.0764413193703351 -0.220818125991606
0.0110583517351087 -0.0242943543891455 0.232543623576705 -0.246181862321183
0.0280509455194486 0.00505279300657647 0.436593269909693 0.135552534742094
-0.0129148398834791 0.0139774707533049 0.0602268376664598 0.51457287731675
-0.00394980327716005 -0.0160139983983228 -0.30459824847239 0.253337983413845
0.00965929003104348 -0.0160874865550898 -0.0326235901645114 0.0590836409451602
-0.000830741667107554 -0.00686741780745402 0.358035608393899 -0.141698684972231
-0.000645086740702811 -0.00231290845337005 0.161069005508348 -0.539819962390332
0.0150773301771856 -0.00647366619693544 -0.377008135954732 -0.340722316428685
0.00111835340611712 -0.0266102312137076 -0.326721355321406 0.20036379913886
-0.0205654323717636 -0.0119113815283636 0.0280180167661557 0.262671715403793
-0.00347630964607628 0.00172795184409987 0.1032386536836 0.0521654245114618
0.00796906470534709 0.000428250121393686 0.0165810757625032 -0.119592477737169
-0.00942867612591513 0.00250211170068257 -0.00781069042975102 0.0979601131820301
-0.0129091120227155 -0.00220002794306372 -0.102450160402033 -0.00723134942577735
-0.0111670410706872 -0.018099997069049 -0.0628402109465691 -0.2263880363308
0.0105894731498327 -0.0260279706466539 0.251539940145584 -0.22684467664383
0.0262397256641059 0.00999134641815278 0.426719962359313 0.174293177451793
-0.0157087044538541 0.0152644742299243 0.0208698781570734 0.523473044974978
-0.00116830390389286 -0.017164133089711 -0.318053573405968 0.23738304358046
0.013575358255993 -0.0154851529792579 -0.022649157518235 0.0546540870105028
3.39417213449621E-06 -0.00627512301712115 0.352677073711471 -0.162027807255791
-0.00126027067250575 -0.00026704619767295 0.117968296743738 -0.546202423161862
0.0129909128343767 -0.00594736665377413 -0.400966448903429 -0.302415001747449
-0.00154709595122169 -0.0292898546431611 -0.309249682763316 0.225811528036738
-0.0214541042668701 -0.015555141100097 0.042785894335696 0.260165206565329
-0.00414196758120913 0.00126939967435758 0.105678091848516 0.044320460066324
0.00455974315344207 0.00118336900630281 0.0172646142269927 -0.120940388943198
-0.0121314692160113 0.00349991740810236 -0.00586829267872824 0.0961848779735666
-0.0127316961656354 -0.00332108174033051 -0.099558375977 -0.0159044563308441
-0.00982894953591446 -0.0223513248797779 -0.0487491499304518 -0.23085319113122
0.0105358748008205 -0.0277578282165579 0.26633936533178 -0.207261017495202
0.0249081022699583 0.0145635165539193 0.411056357492015 0.212332414877292
-0.0175013268387676 0.0176298626672045 -0.0214655161969686 0.531554816506905
-0.000932601000499869 -0.0155584680217927 -0.333028841181002 0.219342351337757
0.0130196194082374 -0.0141630608289885 -0.0131320356022721 0.0517706711777462
-0.000664269905818201 -0.00418308286142242 0.344695067196132 -0.182225169505752
-0.0022290027203095 0.00393189217895646 0.0723917337125401 -0.544218821584355
0.011287725616834 -0.00523977555716033 -0.422231954738856 -0.257691181914203
-0.00583552025372304 -0.0315988573879249 -0.290689598562214 0.251796140303507
-0.0217856140333754 -0.016671059242667 0.0581721445534932 0.257422649968691
-0.00379963801780992 0.00214074151850813 0.109493631869978 0.0352767215104275
0.00168352678682689 0.00212684605341986 0.019378193588332 -0.121932196741203
-0.0135114049577547 0.00541844696014086 -0.00408707625556013 0.0953270032085594
-0.0112976396900464 -0.00328291808014372 -0.0941984580444334 -0.0233219507309968
-0.00731217378409958 -0.023439855127892 -0.0349514729563833 -0.23466000736447
0.0108439756342158 -0.0281034210887175 0.279346957797995 -0.187565752292011
0.0237440311473835 0.0186010632142165 0.392271959899356 0.247562112182951
-0.0185586654307235 0.0199317044741886 -0.0646506118502511 0.536774192673534
-0.00212215444808501 -0.0132773046685209 -0.34455889319298 0.203431514860034
0.00997431620556507 -0.0114614527361812 -0.00479840052608067 0.0481658176891086
-0.00328933550137005 0.000134567957403596 0.33357997206307 -0.200254871955819
-0.00109169897835465 0.0079447157243798 0.0286521721473253 -0.54149528708112
0.0106682546513612 -0.00562528367733344 -0.440387139387991 -0.21718007488864
-0.00939394658475175 -0.0325166117906621 -0.272236587604963 0.272437464751038
-0.0212734033255797 -0.0159964266756941 0.0720620781013123 0.251279224346998
-0.00264130045693585 0.00437938969768916 0.113486828311647 0.0263858823152626
0.000640640449869754 0.00315502168119249 0.0210191467853937 -0.12249652447243
-0.0140798052592655 0.00699500116079646 -0.0031887297006083 0.0952543594218575
-0.00828427939237766 -0.00158417559155296 -0.089139667350251 -0.028754413713015
-0.00414157470626772 -0.0221950876463015 -0.0227298872927601 -0.238267593489298
0.0112065612182523 -0.0269976445960088 0.287097098227545 -0.169620748103907
0.0228530637353173 0.0213522445174577 0.372611967077803 0.278965238760284
-0.018651642999914 0.0218862613351578 -0.102412406208107 0.537839630410078
-0.00550539411230132 -0.00923144963361028 -0.355507973313538 0.189883676471759
0.00429953644758164 -0.00836304900793605 0.00181346943469514 0.0466642060244699
-0.00634704817599712 0.00508585971789405 0.325707051827701 -0.211935782944672
0.000823177241737624 0.0111699046718489 -0.00677117127712258 -0.533854903940588
0.0099769667505827 -0.00581495614850939 -0.452327749991027 -0.184093552519849
-0.0116794431795386 -0.0324211533480979 -0.257665288368967 0.289603802101185
-0.0196767558775075 -0.0141539964113007 0.0838381970414331 0.244998428301009
0.000235030173266735 0.00654066804350536 0.116852400000557 0.0189269964707412
-4.66509295236417E-05 0.0046218489249323 0.0229236743144403 -0.122241885338054
-0.0126904902850659 0.00941628815431532 -0.00269271788014667 0.0950025060707404
-0.00522565510405296 0.000793434521897028 -0.0850731022479479 -0.0314508239618085
-0.00205514289900735 -0.0187700579848533 -0.0157063990371548 -0.240082217961311
0.0104586742741689 -0.0248017686802601 0.289308084355237 -0.160529817701941
0.0227542357752362 0.0221255897863891 0.359254706077451 0.297884091158013
-0.0185098263352428 0.0243210574628669 -0.123837790288715 0.541918322575643
-0.00992613078613574 -0.00522454338010505 -0.361277023224243 0.182283000367117
-0.00266624750534033 -0.00474574319726678 0.00513579228644668 0.0461092591329852
-0.00894674846920803 0.0101937131926332 0.318905701963732 -0.219686927898077
0.00289865421925554 0.0126573293903383 -0.0271655166522362 -0.52726237834473
0.00948988742670842 -0.0074703384690362 -0.460239096648919 -0.160328758794144
-0.013105249523991 -0.0306725661247948 -0.248959369694513 0.299135190120296
-0.0172660881347788 -0.0101582629804951 0.0905289445665897 0.239679992829824
0.00347394330153017 0.00928675865671498 0.120093142420226 0.0147402087453077
0.000978825665589509 0.00616767553433136 0.0237883904532739 -0.120795665664937
-0.0107395456473026 0.0106648449602523 -0.00332869285684821 0.0965625316935741
-0.00198452879939765 0.0040157028441272 -0.0824084488946987 -0.030129101289118
-0.000104800255946335 -0.0127326859092474 -0.0134639045768732 -0.241910931305671
0.0103792469906341 -0.021790793429513 0.287368946801255 -0.159220482140227
0.0232587383988845 0.0211647465408816 0.354195975739231 0.302233231666493
-0.016486958872162 0.0254786155224272 -0.129346639601583 0.542824208356343
-0.0154005911626247 -0.00028811860760374 -0.362464933105965 0.182677539810168
-0.010594375300738 -0.00189831989073915 0.0043263362713476 0.0475968107322901
-0.0117155703537467 0.0146672430158112 0.317367667028542 -0.218476414222218
0.00493340013536445 0.0131754662638975 -0.0322451511953273 -0.523721696412846
0.010059521955822 -0.00919939773145532 -0.463403558180573 -0.155788464316854
-0.0128930831393106 -0.0282968429977134 -0.248265244201199 0.299059554702994
-0.0142188698619793 -0.00618849282470581 0.0905761708164782 0.235972560318518
0.00716608510765327 0.0114152125983533 0.12278085017618 0.0137090462405806
0.00320250687677914 0.00709436105217981 0.0241860208831651 -0.120179833585492
-0.00750687125260777 0.0120579940342791 -0.00453611005857773 0.0975073235879877
0.00113306188392863 0.00729063301941284 -0.0815547929355706 -0.0266238154447278
0.00175771144696166 -0.00710305871068813 -0.0169644736070435 -0.242645803883541
0.00961572493920101 -0.0184705649379061 0.281113891452531 -0.168222815447135
0.0247694542784338 0.0179983657929644 0.359815568394917 0.291819274621884
-0.0142739211951246 0.0257960388097306 -0.115803266237923 0.548203158804872
-0.0200666504061013 0.00362173408242382 -0.360393979938637 0.191325129533282
-0.0174133939709267 0.00023271546122221 0.00108988536202403 0.049356130803908
-0.0152986420328384 0.0174958770833408 0.31995705029144 -0.211750081947835
0.00704101537467572 0.0118089375238863 -0.0207684536961077 -0.524736538506792
0.0109251447164053 -0.0103080507008127 -0.463960509309566 -0.168353506188405
-0.011197147743989 -0.0254441144182861 -0.258233630123893 0.291387799274025
-0.0113535004992993 -0.00118069529109249 0.0865176780795833 0.236023982978251
0.0106560952532066 0.0134265292159648 0.123548125518912 0.0160356144751253
0.00652988503446952 0.00771738938285307 0.0237194531424545 -0.118768758972055
-0.00652664964710765 0.00261715912469156 -0.00839369330939891 0.10033700633418
-0.0119329095682979 -0.000417198526096393 -0.105045685417492 0.00377230735578194
-0.0107851120484886 -0.0127048657900228 -0.0818932549410039 -0.219690617709101
0.0102570449085198 -0.0241813777632017 0.229023121868006 -0.25167613462224
0.0285840604450653 0.00520296658033924 0.442256136896931 0.127740639081509
-0.0128315696890716 0.0147258338334177 0.0709479574716959 0.517455664426735
-0.00399005567942089 -0.0159250545893905 -0.302625149674076 0.262076449354787
0.00977153287142694 -0.016261346475209 -0.0316501050167485 0.0597562348769459
-0.0015997659957654 -0.00687353293259691 0.358145490387366 -0.148572550867065
-0.000887492809932139 -0.0024405305934747 0.15345080677703 -0.546975382728551
0.0148257414155243 -0.00702450647892736 -0.386563731146576 -0.335291293103743
0.000899427702232237 -0.0269755610147089 -0.325295873921909 0.208620400460979
-0.0207690317833309 -0.0121731141324835 0.0332243605080118 0.2632790261617
-0.0031334191646617 0.000938622942613105 0.104947527663511 0.0509932403664094
0.0082063403516595 0.000448175555206073 0.0142615602545543 -0.120207293657414
-0.00979233141238783 0.00323263818851412 -0.0062966949911726 0.098420026090434
-0.0136774291201695 -0.00237388228578755 -0.103745796099239 -0.00566223161853663
-0.0116350343647608 -0.0182761449693044 -0.06775060364914 -0.226023597246776
0.00962725494619402 -0.026505775139846 0.247861297119292 -0.233282418626725
0.0270354240706976 0.00956299313720915 0.432570111573209 0.166449113788637
-0.0151684858224739 0.0156973112120752 0.0325266213997375 0.526835621334867
-0.00221678994778351 -0.0173880529484565 -0.31645982726704 0.245141851086529
0.0133301677416762 -0.0161332245015818 -0.0218628200917585 0.0554608674731299
-0.000325224274520333 -0.00651500695503719 0.35213403868816 -0.169152350810835
-0.00215648359049836 -7.01535736592094E-05 0.108944314824135 -0.55034808045171
0.0128586794416192 -0.00583368752635106 -0.409508340457613 -0.294710389882023
-0.00274836356086637 -0.0302314166572241 -0.307371502288367 0.234474524105757
-0.0218809434417649 -0.0154319542238209 0.0482210824922188 0.261326341394103
-0.0037469859419114 0.00106586539930332 0.107415279994599 0.0428956247282784
0.00456338954662894 0.000392369565977433 0.0158472980659086 -0.121633785469611
-0.0123379041818063 0.00412113996518242 -0.00473516445340721 0.0968357891909332
-0.0128328822850376 -0.00297733519715202 -0.100183830132181 -0.0145862523171437
-0.0103968763710224 -0.0222384311394641 -0.0536230567684736 -0.230988926645592
0.00969943040999933 -0.0278389708803002 0.264611500799835 -0.213855064208043
0.0254338135216639 0.014290898020316 0.418671461517267 0.205094693355909
-0.0170743290535599 0.0179688147934675 -0.0104162271571052 0.53513922165283
-0.0012082728314343 -0.0158489511853178 -0.330678067214574 0.227618744132169
0.0131524962731345 -0.0143472554049679 -0.0129110583309349 0.0521017224376648
-0.000898225263207962 -0.00418522826656213 0.343277473298917 -0.189820652481938
-0.00205887688752486 0.00409697996045096 0.0631185358298104 -0.550248081535521
0.0117006622913814 -0.00536209041796807 -0.430057204663818 -0.25184324700577
-0.00649070545260519 -0.0317900392764196 -0.287011138526168 0.259371953059282
-0.0221069603976053 -0.0165387670105606 0.0636913188585367 0.257172177451832
-0.00342124469724594 0.00183666954286602 0.111281797998668 0.033223020374363
0.00177624581917032 0.00151964514422345 0.0176773261434342 -0.12288266283653
-0.0138093545358019 0.00581200302711395 -0.00283356603869483 0.0958766975417161
-0.0111418320897221 -0.00315291471412108 -0.0953711219893614 -0.0217104550018735
-0.00790010490452733 -0.0235598974199954 -0.0393901775246338 -0.234904136435461
0.0098519193565832 -0.0281918279218125 0.277206536001924 -0.194270297628875
0.0242721835259431 0.0183160284220464 0.400023625090015 0.242163845546198
-0.0178064105322604 0.0206576864258818 -0.0535491917869996 0.541599928383286
-0.0025456626975392 -0.0130272667518852 -0.342979768529923 0.211163698648563
0.00990327249823714 -0.0116796899486118 -0.0043263609197435 0.0490663171604174
-0.00321924406281661 0.000136120223871184 0.332511784041812 -0.206838563272515
-0.000916490056631015 0.00800874652623257 0.0187548177049535 -0.545935209629553
0.0105719959750614 -0.00549117278672306 -0.447410739760516 -0.211417165311136
-0.00982456863515663 -0.0324011458124006 -0.269080560977168 0.280861192967058
-0.0216426345853396 -0.0158196281616026 0.0776146436322405 0.25119492437482
-0.00193006348408248 0.00411657644825654 0.114878787258304 0.0243984084399339
0.000146156432489144 0.00287855124144704 0.0190386358857901 -0.123062326752925
-0.0139697023867898 0.00773996571310705 -0.00205993905053415 0.0953239579857389
-0.00833773103957078 -0.00172236588307375 -0.0905050673426395 -0.0272111023252043
-0.00469353736901515 -0.02230505357321 -0.0281972973940108 -0.239255911174579
0.0101640513013548 -0.0271308476300512 0.285928976001161 -0.17653710672766
0.0229897447393559 0.0213281774602212 0.380979895086566 0.274326812919028
-0.0184255633894005 0.0227433903934932 -0.0925605816086259 0.544047346799917
-0.00580797258762855 -0.00922045103110593 -0.353858326769134 0.19749461519811
0.00448073584821307 -0.00825130457408538 0.00253298671166011 0.0474108356716336
-0.00586396842520062 0.00518353193859603 0.324040087680414 -0.219825671904128
0.00124553811121153 0.0109546570631237 -0.0178575166316987 -0.538158568081029
0.00986931902808124 -0.00643516752184006 -0.460017898930343 -0.175284965114451
-0.012754874996926 -0.0323389598059952 -0.253099471507713 0.297282917242311
-0.0202455823347425 -0.0137354620270356 0.0890117529548132 0.245304606830654
0.000760318923548301 0.00620525341445584 0.118686657675119 0.0166513095990168
0.00015986874652117 0.00431123039754325 0.0209559210754558 -0.123240984662203
-0.0129827975207447 0.00990583554132608 -0.00150222358140482 0.0955132952791018
-0.0049621216288095 0.000553902606730908 -0.0859496232414778 -0.0298091487650928
-0.00148349114115135 -0.0189217249874359 -0.0202228158133609 -0.241934696606769
0.0101862535573111 -0.0248008836324377 0.288638542181635 -0.166853829605365
0.0226110237057617 0.0218798299257589 0.366988171900532 0.292581107003758
-0.0177686886460579 0.0245534637835638 -0.114102076796274 0.547104318610162
-0.0102448903084536 -0.00463504563281856 -0.359491044239449 0.191020231178795
-0.00234600851057702 -0.00457249950404888 0.00602848433541515 0.0468643895664271
-0.00881069648004209 0.0106181755411243 0.317378962454679 -0.226747169695653
0.0030750762098503 0.0128230636671551 -0.0372498030701683 -0.531572910689266
0.00951140598876561 -0.0076160994637863 -0.466791609483941 -0.153540829994117
-0.0140347492640539 -0.0303628498237176 -0.245115648234498 0.305560144174869
-0.0172378244661765 -0.0102782987903634 0.0952585770069761 0.239019726159981
0.00402396197234409 0.00897746468000399 0.121646360035196 0.0127860223091827
0.00139751817391096 0.00545761466500135 0.0214156667038314 -0.122402432997805
-0.0105978011966007 0.0113775512939542 -0.00170528545600483 0.0965053308665336
-0.00172244589912608 0.00423847017721103 -0.0837702533635973 -0.02897542381876
9.60924943717474E-07 -0.013200375963932 -0.0178630021807155 -0.243143194785762
0.00920748906011252 -0.0218845738451275 0.28533409731161 -0.166310131363674
0.024086806541695 0.0207152599126368 0.362268912076779 0.296637010968193
-0.0161998488855257 0.0257259183288012 -0.118858736216261 0.550063636082072
-0.0156845185272096 -0.000350163966971457 -0.361361364459395 0.190420533161629
-0.0106045992043186 -0.00127590211893313 0.00570892724548642 0.0480318843777525
-0.0122093532059693 0.0154255732394734 0.315789182383211 -0.225162974105537
0.00548026049939926 0.0127851840388081 -0.0416172893744452 -0.526016003006373
0.0100422765366734 -0.00922024588387324 -0.470572912855035 -0.147965980554158
-0.013849779185886 -0.0283799532170307 -0.24442173373955 0.306240708208494
-0.0144953656883264 -0.00564396416627159 0.0958382383909524 0.235703825962221
0.00771664262397644 0.0109860232433001 0.123682666515981 0.0116067415758688
0.00333787311407193 0.00636149239861444 0.0222024050567789 -0.121237729126835
-0.0070069049510366 0.012767516716464 -0.00328005011828787 0.0980970863939473
0.000899151591103338 0.00691877841514792 -0.082450288861417 -0.0249200297508009
0.00152202567692776 -0.00666910825249394 -0.0224247250644496 -0.243731501390781
0.0088042118995204 -0.0188660560700761 0.279467977919064 -0.173893431417419
0.0250898150592416 0.0179125757520375 0.367240179900025 0.286925823096839
-0.0137328755410905 0.0263181670257614 -0.107131360547062 0.55367318170375
-0.0204010416439832 0.00346688290877139 -0.359469680403399 0.198601299811785
-0.0174301492441531 0.000726249640934064 0.00202095198755278 0.0502286503590671
-0.0151451500900528 0.0182096873910629 0.319213409030068 -0.218162040350223
0.00690263557219031 0.0121436057708521 -0.02858897543485 -0.52899878103677
0.0108911241513501 -0.0108756205229253 -0.471098590112547 -0.159646103210067
-0.0122265104968491 -0.0249865019259446 -0.25413151509825 0.299581119400717
-0.0111263265618398 -0.00107018290391441 0.0910303630481218 0.235568464428836
0.0109014633560922 0.0126631414472191 0.125187037280783 0.0143499025091056
0.00620967718403384 0.0073201985735161 0.0212265704721452 -0.119856918430219
-0.00695696076055315 0.00307986206240174 -0.00718416121539741 0.100652308513722
-0.0120722589233902 -0.000398217757273663 -0.10559608737674 0.00520691723728735
-0.0116733267721173 -0.0124396443194272 -0.0861056511985029 -0.219106721696311
0.00949502249564699 -0.0244506865583254 0.224953773779193 -0.258072242269271
0.028446834959817 0.00437232983849483 0.44682015102019 0.119926897718816
-0.0122450937711819 0.0148385292466996 0.0825910432313932 0.518206473343108
-0.00453338634914432 -0.0162769993712575 -0.29878166147887 0.268826788380245
0.00927440618833407 -0.016703993162272 -0.0315038659873415 0.0608675997623254
-0.00179383731315365 -0.00689285293223678 0.35708997710583 -0.15562110518554
-0.00120309223451768 -0.00201650265602449 0.144678083345551 -0.551011953946893
0.0143451562401939 -0.00721575819448456 -0.394661513637553 -0.328298722348596
0.000407689455093976 -0.0272991951515497 -0.322789095296674 0.21583397423889
-0.0211927438537792 -0.0118881803740518 0.0386305998575594 0.26410225805758
-0.00331071922148858 0.00049047783130622 0.106155437206249 0.0490495053545639
0.0077102053190432 -0.000694609040685736 0.0122269180057837 -0.120612582261215
-0.00968146702546375 0.00330245080215513 -0.0051247115050887 0.0988360178089567
-0.013053454047001 -0.00176877654714422 -0.103866961402724 -0.00388320446601708
-0.0114953414375015 -0.0179096388149457 -0.0727344508444803 -0.225123286580875
0.00945358964483362 -0.0269412082643938 0.244909113277336 -0.239435151438025
0.0268308539782669 0.00881808403961771 0.437892849469713 0.159255961817123
-0.0145765489697179 0.0160744139448262 0.0425149339202724 0.528226545369277
-0.00167360533630307 -0.0173448949132506 -0.313152958703565 0.252338041622095
0.0130752692600884 -0.016400798230468 -0.0206066971683191 0.0564689078570618
-6.32650186239989E-05 -0.0067492405509129 0.349927391513604 -0.175768831302841
-0.00207911485121884 0.000243690110710193 0.0990115456769518 -0.556170103037114
0.0127750814462998 -0.0061500994062179 -0.417636696940764 -0.289887727115784
-0.00316965330487915 -0.030070073041978 -0.304008912110857 0.241652588174472
-0.0218844942148314 -0.0150872405982824 0.0529964615366295 0.261099470071439
-0.00382573973631728 0.000413226551830229 0.109106313336948 0.0408081161349895
0.0051842105383128 -0.000296628325944807 0.0133334727942686 -0.122696614511931
-0.0123849849647204 0.00443091791145157 -0.00312830528276806 0.0979579775027674
-0.0129863416184472 -0.0033367434251432 -0.100636494696545 -0.0124871528458959
-0.0104524985562441 -0.0215894082531423 -0.0587649907248868 -0.230404721377669
0.00899799003000409 -0.0282467037134214 0.260583212483529 -0.22036405028886
0.0259053612015587 0.0139440629515242 0.424210357165442 0.198162121712653
-0.016421995867255 0.0184023474188576 -0.00107759612220975 0.538217269747591
-0.00178672655616446 -0.0162459745548694 -0.327939875404159 0.235095856023052
0.013041922862041 -0.0151421510392887 -0.0115446050357763 0.0529288903832428
-0.00149332059476794 -0.00392353216418339 0.341375094889944 -0.196225286972772
-0.00222698988830668 0.00431343460686641 0.052075740539002 -0.554402412147505
0.0115308587368393 -0.00558707051120205 -0.438109613150394 -0.245906801945211
-0.00698420962146886 -0.0315578103913822 -0.284290945950967 0.26678553966945
-0.0226560561881341 -0.0158233877106742 0.0685506247124985 0.256858428592913
-0.003258160232097 0.00155313432354381 0.112048166943794 0.0314354755650624
0.00197694842679518 0.000809591026665335 0.0152682521058976 -0.123145372208407
-0.0134138759868165 0.00625194145296912 -0.0010036035922843 0.0957249881005507
-0.0109356307066222 -0.00318827979853409 -0.0965374092017753 -0.0198275195890369
-0.00777487449453608 -0.0233633087281247 -0.045017780658159 -0.235207129598717
0.00947948358079721 -0.0282216945821373 0.274077264058829 -0.201125811174707
0.0247148250879876 0.0178097369054569 0.407159662778824 0.235146167300453
-0.0176077769954246 0.0208726518263651 -0.0435918124866856 0.544583227288889
-0.00267673497743192 -0.012843831822929 -0.340954886132515 0.219081480665585
0.00992858213223361 -0.0117926076730903 -0.00330540787887677 0.0494245754652452
-0.00384385627131562 0.000473467584797185 0.330716496330756 -0.213659216564615
-0.00139107335236377 0.00790639351780133 0.00885173005753659 -0.547074509058891
0.0105436770921891 -0.00609932446120383 -0.454915520135608 -0.204083449246246
-0.0107152031148389 -0.0326220801466781 -0.26476393938002 0.28783159907751
-0.022129806393634 -0.0156154346974216 0.0829379793534959 0.250647707711568
-0.00124243808054936 0.00367930713634363 0.115964203758434 0.0227409054519404
5.74874263536496E-05 0.00254563977451319 0.0170730048534243 -0.124183794374519
-0.0140830937057168 0.00806715687394118 -0.000416588552327104 0.0957715756813916
-0.00822033991497029 -0.00161642063079844 -0.0918703661479598 -0.0253290528782411
-0.00511537588939001 -0.0222816452778336 -0.0330256699480768 -0.238865255192259
0.00932681093051354 -0.0272016312263147 0.282355302869962 -0.183925614308939
0.0234731179507813 0.02035887074351 0.387243035543682 0.267319330216012
-0.0175948476896856 0.0228513584810828 -0.0812805739828144 0.548018740453127
-0.00564252233048262 -0.00945367992799942 -0.35139282704838 0.205088808058638
0.00478467539976221 -0.00846432740607027 0.00319908939697346 0.0473471487824571
-0.00610854712422987 0.00527897818706585 0.320802757288176 -0.226299040346913
0.000760649086772612 0.0109022231414329 -0.0270964498839212 -0.540524436331152
0.0100484330578256 -0.00665610605061938 -0.466042483964426 -0.168014122558164
-0.0134912799852391 -0.0323819211282885 -0.248647076128697 0.304222800165991
-0.0206110368966343 -0.0132743510760337 0.0941095209771185 0.243661934276689
0.00126677407769121 0.00618472749985589 0.119477235970267 0.0149653345470391
-0.000133626041204192 0.00408058048454435 0.0189291409760223 -0.123768569891914
-0.0128112336584326 0.0103722859715821 0.000414916870712862 0.095548900171193
-0.00458965403440972 0.00103758319214217 -0.0878033293768768 -0.0279980882881979
-0.00206860119736821 -0.018819268684082 -0.0254416957507861 -0.241420680729869
0.00937483007494043 -0.0249353172893462 0.28599789372491 -0.173759310782244
0.023693531887206 0.0215096924284989 0.3742674807057 0.286068592376234
-0.0171608372720351 0.024666624707658 -0.104309785399822 0.55079969622527
-0.0105142355994334 -0.00485363786984328 -0.357679897707284 0.198251710659599
-0.00228464250864041 -0.00477878175080878 0.00674802941530343 0.0468202693050181
-0.00893306378399422 0.0107382678392755 0.314658684462997 -0.233012456797455
0.00317212231946937 0.0126685635344927 -0.0484788063470969 -0.532182284150865
0.00951376908131751 -0.00820545159370697 -0.472328892679643 -0.145829921565281
-0.0151330276861119 -0.0305126404330913 -0.239972859710656 0.31241241399206
-0.0174011688249393 -0.00964038631153431 0.100524417220531 0.238159872383911
0.00465787276552696 0.00855742735334245 0.122241286579476 0.0104254974240878
0.00111447581683206 0.00536083849028777 0.0195444254450556 -0.123227686223637
-0.0101316922541242 0.0118850991614882 -0.000899614773423938 0.0968376703433784
-0.0014116501399139 0.00339515648271604 -0.0847762913013434 -0.0273799273897992
0.000202965963217226 -0.0129892930413336 -0.0231731402245154 -0.243281291707238
0.00890072114518243 -0.0219359130118274 0.283217556258978 -0.172259768646824
0.024797368896666 0.0203946240665604 0.369814604479032 0.290502739533866
-0.0158921405160276 0.0263553401438831 -0.108321349604118 0.553239190427815
-0.0157243440874633 -0.000267364648053455 -0.359486240900596 0.197624687151835
-0.0102299421233781 -0.0014145996109845 0.00625591924048651 0.048095600520562
-0.0120569246017419 0.0154305199008113 0.312372526179748 -0.231804049515284
0.00582792838653044 0.0131858960192147 -0.052204540693391 -0.52824067742426
0.00986062998163298 -0.0092199769128546 -0.475266578707792 -0.140804940516684
-0.0145935160737553 -0.0280043009720324 -0.239163800192649 0.313010008594895
-0.0143357900046606 -0.0054226328883153 0.101418783725323 0.234904880670873
0.00842652392296183 0.0104017497418826 0.125033381870289 0.00965298081024559
0.00312840591955404 0.00634477162266425 0.02016051009168 -0.122148647404333
-0.00730627289482908 0.0131411026399677 -0.00172374068101009 0.0983296845233652
0.00138466452761685 0.00707018679317866 -0.0835556676009221 -0.0234237090141991
0.00210077999191641 -0.00662696408119644 -0.0271899187490624 -0.243663135970564
0.00832238191655356 -0.0186244706995397 0.277392291158898 -0.180801620009776
0.0258828927334908 0.0174116748901844 0.374911126752853 0.280512775679705
-0.0130896416706383 0.0266783478792053 -0.0947622708313877 0.557171886651691
-0.0199548607169855 0.00423973760693497 -0.356690698304994 0.206332636353279
-0.0175074086829955 0.0010089277970423 0.00261701925521899 0.0500759407686414
-0.015341631637722 0.0185910045975393 0.316566990185031 -0.22400620529379
0.00707243104887932 0.0120559403268612 -0.0385018898666504 -0.530043018299691
0.0105072009554506 -0.0111059759149289 -0.47570311860906 -0.151884360821841
-0.012597711243108 -0.0250904897693886 -0.249226318276693 0.306167746611718
-0.0112911688684734 -0.00041901420919155 0.0960294143646797 0.23468306934208
0.0105158975001519 0.011820287466663 0.125816132048252 0.0125156960841157
0.00601836832520371 0.00674904503863906 0.0196547112997592 -0.120502958639698
-0.00692506307916046 0.00319505551706119 -0.00557938571739489 0.100725273665898
-0.0117182863730306 -0.000596032559370205 -0.105740862875857 0.00826088491186307
-0.0114547390848091 -0.0122721678057642 -0.0902123358553721 -0.216971513789286
0.00853753809404304 -0.024273459513852 0.218911091641558 -0.262837939728286
0.028401101534395 0.00383680280540189 0.450238803757149 0.109434703123044
-0.0123863405548786 0.0149766302260634 0.0930800361587888 0.51810943102179
-0.00450501217371725 -0.0163183094735526 -0.293775259374026 0.274360805960033
0.00917402530680164 -0.0167002553822015 -0.0302573236393779 0.0615067273857076
-0.00230287146139793 -0.00658185071836657 0.353947818705674 -0.161888355052948
-0.00149200740249585 -0.00228512071312824 0.133222294905427 -0.554639006965023
0.0141054822433149 -0.00756486837648584 -0.402919864480423 -0.322772872306343
-0.000406067030296451 -0.0274044143580428 -0.318597595183632 0.223518731473079
-0.0212710346020261 -0.0111492072068687 0.0436331031532492 0.262853785092539
-0.00268978863889932 0.000101243081741584 0.107088682594672 0.0477982522693119
0.00818141492005006 -0.00127364786229598 0.00976532050179474 -0.120997455863288
-0.010094530902817 0.00378092211003593 -0.00367364359560294 0.0987448895088037
-0.0129618510124426 -0.00175909020884441 -0.103947165731187 -0.00137798775405179
-0.0119284856698299 -0.0170678889590878 -0.0775202065769947 -0.223245394541663
0.00812340576081935 -0.0264086170723523 0.239401920901207 -0.244572155748277
0.0272805239580936 0.00831330337834566 0.441336267310141 0.149566900457824
-0.0143884591089753 0.0166672805705352 0.0527850942996693 0.52854479233792
-0.00234473621768173 -0.0172092844941575 -0.308050025350618 0.258486720287574
0.0131721128008484 -0.016450433533256 -0.0201710042756956 0.0570345227718024
-0.000637919219101563 -0.00661939797073962 0.347244942838315 -0.18332690908423
-0.0023844186138893 8.18392760671164E-05 0.0874473143124382 -0.557710058501988
0.0129793043278208 -0.00657752240025286 -0.423406311153864 -0.281269537025028
-0.00409563755874843 -0.0297974390334761 -0.298995775969816 0.24832545957729
-0.0225145799215855 -0.0142648266055385 0.0591068861626539 0.259919816250124
-0.00348244866672981 7.19731420602172E-05 0.110209196999428 0.0391617439534237
0.00458749377561227 -0.000616726248678908 0.0110735218234564 -0.122603644464679
-0.0125032907868419 0.00501496079127598 -0.001604210409653 0.0973051170939485
-0.012652785301623 -0.00269678191861576 -0.100741627274604 -0.0101766400988431
-0.0102959648342931 -0.0212994097436121 -0.06401442114979 -0.22955674878043
0.0084303553175241 -0.0284591572642338 0.256688596641063 -0.225817767925301
0.0258295800099885 0.0134579641658333 0.428905911242656 0.188823764569936
-0.0160236592621042 0.0189564469824676 0.0102358955940032 0.538490233818895
-0.00171508158129171 -0.0159890223624222 -0.323363338675235 0.241078729497526
0.0132695185777389 -0.0149778554018236 -0.0108019859143671 0.0531726436170676
-0.00185302708120176 -0.00399628910734307 0.337977164189362 -0.202183642525721
-0.00221747568111904 0.003982193365796 0.0426807962495358 -0.554986233159652
0.0114954218498844 -0.0060293868673859 -0.44357462429804 -0.237597050144512
-0.00776066064336861 -0.0318384841712949 -0.278779100438486 0.272700001513141
-0.022698352944171 -0.0157253888877732 0.0739100196838307 0.256115407975444
-0.00280365872308295 0.00159790232962117 0.113538159363977 0.0299235523370856
0.00191043747692814 0.000882820979407048 0.0133503144048651 -0.12334276599215
-0.0133619469020901 0.00654185115290482 0.000482630761322905 0.0957241694551606
-0.0105426346855502 -0.00285306966982335 -0.0970944911314543 -0.0173359452966441
-0.00847114768501882 -0.0231162405028227 -0.0494575830303029 -0.234023124459618
0.00881931554184287 -0.0284039918234331 0.26958703509687 -0.206644176451079
0.0247790212981515 0.0173221381751357 0.41193771926511 0.2274038787675
-0.0169310288034493 0.0212026315729958 -0.0334768151601966 0.5455527693997
-0.00305867875652519 -0.0135851024521213 -0.336545922489357 0.224908297271228
0.00996791092524887 -0.0119904279171636 -0.00227302714880443 0.0497721751475032
-0.00407373080319534 0.000578313314618032 0.326522361594194 -0.219540025388939
-0.00135758851368847 0.0078904116823142 -0.00192751939129667 -0.548721396000327
0.010356844870538 -0.00634195979406107 -0.459566398673799 -0.194963002929441
-0.0113502646310546 -0.0326466595067753 -0.259133800781879 0.293256045958288
-0.0220744639875293 -0.0151385554191169 0.0872113599771018 0.248393275982777
-0.0014815322767861 0.00347072060737357 0.116489461087801 0.0205506243852796
2.54624756058312E-05 0.00190692685912364 0.014321337531973 -0.124079103957589
-0.0137408827670265 0.00839377957256381 0.000824221273010075 0.0952852136269402
-0.00781329989210665 -0.0018294359141469 -0.0925751277277895 -0.0240096483593312
-0.00528473885901702 -0.0219286485846141 -0.0378044215566217 -0.238716936187622
0.00913142058848711 -0.0271446016655703 0.279211914699323 -0.190028281384532
0.023856075217156 0.0202297418073006 0.394075380396989 0.258581768124141
-0.0171890869298703 0.0235999676446832 -0.0701487958683832 0.549803981617613
-0.00599248873319513 -0.0088805137912363 -0.347503860009484 0.21232380807175
0.00460928042152013 -0.00858286956966054 0.004223070118716 0.0476138061319003
-0.00619790778292698 0.00569070394998463 0.317085794531711 -0.232243390211309
0.00119354902521655 0.0108069370551673 -0.0366869976354248 -0.540274416498007
0.00968889804919888 -0.00732056920683006 -0.469747758339654 -0.158321372858738
-0.0144681439136094 -0.0322811878311341 -0.242548020273641 0.309402721970358
-0.0206426205151794 -0.0126881256974562 0.0990290141685287 0.241839932216215
0.00172227864985852 0.00515618594621091 0.120096060753729 0.0125008877446506
-0.000125703890789766 0.00370667848060503 0.016722025773105 -0.124349337697978
-0.0127534857424078 0.0104267424225403 0.0014044793257031 0.0954765579890253
-0.00451349070225365 0.000964253335014993 -0.0882994589654986 -0.0261110885184926
-0.00205103584213984 -0.0186334935472201 -0.0304553066235458 -0.241273999470595
0.00904928386758817 -0.0249705067707517 0.282457229888858 -0.179733120664894
0.0240804446597157 0.0211033350364817 0.38113676150868 0.277371164658128
-0.0167705477511252 0.0251174145104475 -0.0920798886542124 0.553833784994701
-0.0102240255685651 -0.00458225998443497 -0.354482906671371 0.205729046181298
-0.0023037476162978 -0.00463720999478239 0.00763491970986533 0.0470979101944119
-0.00889724555856221 0.0110232772849945 0.310740873695651 -0.239208716677483
0.00336764109937097 0.0125503944675227 -0.0587482093676573 -0.533068293630508
0.00940029961119038 -0.00824626818063795 -0.475817891791462 -0.137045804854928
-0.0157812652266225 -0.0304144515841576 -0.233069838750231 0.318229873397636
-0.01737445025799 -0.00941395591477007 0.105532295363118 0.235654194317813
0.00480303314826038 0.00739274594236953 0.122964929348404 0.00822076468673707
0.00116004729124647 0.0048395986463853 0.0173077836806662 -0.123273817995999
-0.0101980581397005 0.0122446070527815 0.000648085267150272 0.0964048943971131
-0.00128068470137935 0.00347661089248519 -0.0854212195686487 -0.0256961917091801
0.000269699423226089 -0.0129182118872819 -0.0286972070482158 -0.243114766761413
0.00816339986313083 -0.0220144116001739 0.280365088723321 -0.178538655154481
0.0250956725737248 0.0199619946915243 0.376022066269876 0.283071872109496
-0.0148299446517148 0.0263038571293419 -0.0976304149259287 0.556556074405841
-0.0154661732739686 0.000576823278188178 -0.355945832139832 0.205019216604188
-0.0103534962254989 -0.00102887296457342 0.00717884333171769 0.0480648450526545
-0.0119571614769082 0.0159002439898716 0.309229891720563 -0.237464845660614
0.00588886652801283 0.0129731720933358 -0.0605795909717646 -0.528268620778578
0.00939726318493148 -0.00964710331772839 -0.478098062245985 -0.131431343771081
-0.0152916854863415 -0.0277191080043854 -0.233684691127668 0.317951064039049
-0.014006204588294 -0.00522956382219496 0.105905486646301 0.232396366018328
0.00851562926683081 0.00975966314361089 0.125013596517154 0.00729080382875423
0.00310331776222853 0.00588788476383708 0.017777863724913 -0.122324849995923
-0.00681396828454075 0.0136027700658279 -5.54529402838586E-05 0.0981723514502888
0.00165294797843338 0.00661585575736185 -0.0840903386154726 -0.0216136277827587
0.00189668725828192 -0.00670441930286622 -0.032178413202803 -0.24325012218671
0.00886513935963142 -0.0188402455130636 0.273340866226562 -0.186196850605702
0.0266038653625284 0.0166765745976827 0.381166646684045 0.273081073221622
-0.0126376697916572 0.0266839825109834 -0.0836186700818238 0.559842834140521
-0.0198703320283313 0.00450266675272863 -0.3530867152816 0.213069455471564
-0.0174762450443524 0.00126628623853394 0.00383264812467741 0.0507071429927766
-0.0151135168128441 0.0193295791461015 0.312101336357625 -0.230912790229438
0.0071750060505887 0.0117619647664838 -0.0496014215027186 -0.529891587312865
0.0107075466140712 -0.0113454207222973 -0.479719629975248 -0.142390461342398
-0.013631615143252 -0.0245347034036178 -0.242810910996268 0.312143902553392
-0.011032287899387 -0.000632540508647939 0.100833750482048 0.232657757807459
0.0116374979385324 0.0115586727545816 0.126428968170467 0.0103224688023748
0.00635153344514035 0.00655256128436259 0.0177287231003094 -0.120958534372729
-0.00672893961506763 0.00331536276419755 -0.00375015826998238 0.100235249892644
-0.0117434159866267 -0.00025349338583167 -0.104881116337428 0.0100108334956014
-0.0112473639814049 -0.0115830934957419 -0.0945602113376306 -0.214609023170997
0.00804998731997152 -0.0244924376105651 0.213859369796015 -0.267287836553366
0.028359619360859 0.00332596279757363 0.450827953472573 0.10112478037094
-0.0115418988441945 0.0149138366196451 0.105169691738657 0.512350569175178
-0.00520384788343918 -0.0158407540540513 -0.288482607618462 0.279386541310411
0.0090643974442769 -0.0168266192474753 -0.0288496642942679 0.0620791103552778
-0.00279847930486517 -0.00635282053325454 0.350979817688476 -0.167735330688507
-0.00167867956857975 -0.00202582861867521 0.123098790453408 -0.55725615273292
0.0144426309479323 -0.00794261641220876 -0.408542277533504 -0.313923089327529
-0.000877408080540543 -0.0272475116748269 -0.313566375632825 0.229692576003516
-0.0217044623421461 -0.0108423098666459 0.0489273190802153 0.261768465356065
-0.00287757015193824 -0.000234993810664502 0.108594260495725 0.0456093519226285
0.00790342197391124 -0.00188462211683044 0.00783672701017933 -0.121001617043155
-0.00972934228799031 0.00401644674319027 -0.0019852930153383 0.098426889224003
-0.0126828340377388 -0.00183879225376319 -0.103518727396198 0.00116967441885535
-0.0117152269638858 -0.0167207314593582 -0.0815459216427533 -0.221144235932438
0.00769173127448062 -0.0267840851928638 0.234453037418294 -0.249172744014052
0.0272566054661696 0.00828176590451626 0.443465251498845 0.140619967211855
-0.0140026210175217 0.0168290067762541 0.0660935734538635 0.526186789355383
-0.00273112681618068 -0.0173158500471418 -0.302480995046105 0.263108064744355
0.0126851699644075 -0.0171593936388054 -0.0188794915085707 0.0571732846775253
-0.00108342068351212 -0.00635278514034965 0.342708326287591 -0.188910198302262
-0.00249236684621791 0.000423356169294911 0.0780298446457121 -0.55962340921079
0.0125751535580633 -0.00691045698015198 -0.427587868168404 -0.273503751073272
-0.00473554292053903 -0.02961567714368 -0.294078137159092 0.254066137130008
-0.0228031542956799 -0.014006217066576 0.0632078921306251 0.258285783860818
-0.00329286808801404 -2.86668216780295E-05 0.110702201356287 0.0370072735624276
0.004391223351136 -0.00120178411012736 0.00894226246230749 -0.122416927041262
-0.0120435768132378 0.00556297963214759 -0.000159861675268396 0.096769675886198
-0.0125636396749891 -0.00276403089235122 -0.101210709361638 -0.00795406323319274
-0.0110187450053959 -0.0211028363644916 -0.0682148457917026 -0.227788719998185
0.00776663544700355 -0.0285043886416121 0.250743294176409 -0.231046217967378
0.0258299094650971 0.0126829550254837 0.431181237803649 0.179193924623259
-0.0153408012506272 0.0189198718930506 0.0212767361866315 0.537194892344156
-0.00211705920469447 -0.0159389361081414 -0.31778040127113 0.246671386236455
0.01300306095783 -0.0150454507050158 -0.0102799633744351 0.0528893179572901
-0.0019589008093336 -0.00375236997978176 0.333374716408515 -0.208465106588065
-0.00251613326933408 0.00447528272042407 0.0316905686296808 -0.555511850919668
0.0111945494220961 -0.00640389165527775 -0.447742366844555 -0.2274633589881
-0.00862125249867589 -0.0313957789415632 -0.273071393942388 0.278683930918596
-0.0228848506536299 -0.015037993620518 0.0788865739608526 0.25303035667444
-0.00304535957186392 0.000935580402285361 0.113553847928887 0.0278370813515984
0.00136973305317931 0.000281862440558973 0.0111601496785666 -0.123480644147055
-0.0132234942797335 0.00728920628955075 0.00158646170288093 0.0949125583191757
-0.0108856744942338 -0.00265873068676983 -0.0972335600464622 -0.0159277639908387
-0.00851026270958606 -0.0227262303997048 -0.0544638806406031 -0.232811418192503
0.00796867039597596 -0.0282414865593964 0.26456069421761 -0.211618127397804
0.02511029690923 0.016886183728197 0.415328250809159 0.217720683084739
-0.0164857761516816 0.0216626559216306 -0.0220610408915902 0.545785726385073
-0.00319440106198825 -0.0130685721624267 -0.331187678838199 0.230962520989445
0.00949119017842365 -0.0121504160223011 -0.00192365324269261 0.0499262573364763
-0.00396708857544281 0.000686622147658626 0.321581702191426 -0.226012955138208
-0.00111139559328215 0.00795349711233903 -0.0115825758759975 -0.547393210062768
0.0103242131994544 -0.00628017333763389 -0.461734990277531 -0.184935261027452
-0.012124517354938 -0.032333473496368 -0.252612189449233 0.298854741767875
-0.0220126144515242 -0.0143521745831029 0.0921188399197009 0.246094573828748
-0.000858661775169191 0.00312211976228062 0.116905515963322 0.018134357767838
6.34931328416816E-05 0.00174636627644484 0.0126121548046748 -0.124267447587895
-0.0136524976168982 0.00890727990070471 0.00219700879385303 0.0948262772119251
-0.00812347905172151 -0.00138382123638148 -0.0929435726636415 -0.0217350517344287
-0.00511194804070357 -0.0220643908580905 -0.0426954066213656 -0.236981214522677
0.00838348684778593 -0.0271744435917253 0.274169417208457 -0.194507560307579
0.0244154433374657 0.0196445039324412 0.396928113957666 0.250922316370327
-0.016545311753009 0.0234563398191526 -0.0588664487857777 0.548988423899852
-0.00543649741861496 -0.00909542210218659 -0.342760735801977 0.218064565805386
0.00463580164834122 -0.00883357524377081 0.00493599312137989 0.0473427208229025
-0.006694940949883 0.00588510207762398 0.313005177947281 -0.23728185952674
0.000702426977707747 0.0104450273074529 -0.0466129559517901 -0.539108189841933
0.00988435890650613 -0.00720315090329146 -0.471251562138264 -0.149643891496638
-0.014718473962432 -0.0317800877223121 -0.236615519397368 0.314317523609304
-0.0205826672728495 -0.0123072241199114 0.103337559238181 0.238745231648944
0.0018325080792959 0.00526483136449564 0.120211923096395 0.0103941851885749
-0.000346702283069588 0.00299442650744826 0.0141535759583476 -0.123942209796603
-0.012091854290262 0.0111952575843742 0.00335867457348455 0.0948479173408289
-0.00448147213132385 0.00053485003683261 -0.0880907333386497 -0.0244577159570388
-0.00243244709925908 -0.0183751658618819 -0.0347978649109053 -0.240143626903445
0.00803568809587613 -0.0249109803742095 0.277697027177444 -0.184748493960574
0.0246237187107247 0.0209110216328947 0.385456591163108 0.270308936317957
-0.0156947554729213 0.0250670084357536 -0.0804963260238288 0.555078991060503
-0.0102522373399997 -0.00444694943673545 -0.349744666368021 0.212083386565771
-0.00224772432416023 -0.00479641888763929 0.00824598208198012 0.0465803886364755
-0.00944213064815152 0.0117514909357325 0.306107834998916 -0.244401948806493
0.00313076680565316 0.01243133699762 -0.0684773905683064 -0.52965601353262
0.00921621599002689 -0.00865762944266302 -0.477038049677028 -0.127478316636291
-0.0162274956127952 -0.0297665557552778 -0.225974929137464 0.32267682974681
-0.0175633248843004 -0.00892122050583669 0.109307342812894 0.233177389999476
0.00469376612509041 0.0071468979610139 0.122789820768845 0.0059714580497204
0.000762311119648919 0.00480739264889244 0.0150987116542588 -0.123332108063902
-0.00984275403497639 0.0127406491864041 0.00225737593054094 0.0961174972036068
-0.000833818786977743 0.00361051986448022 -0.0853966264353272 -0.0234324191852348
0.000125662137021066 -0.0131634623468822 -0.03311163920148 -0.242033296553889
0.00799312858702851 -0.0217259336288799 0.27484704311683 -0.18388871834415
0.025634564294477 0.0188877800634924 0.380352190410563 0.276111202182892
-0.0140476744771823 0.0269585908793252 -0.0851235132252302 0.556706097780751
-0.0151575919274528 0.000231399896327893 -0.351374867422459 0.211457048525435
-0.0101189477487844 -0.00112019643905746 0.00817149028593919 0.0474420736636816
-0.0121243749071177 0.0167276275652491 0.30379044556001 -0.242341048528424
0.00567759186634886 0.0128058953460842 -0.0718344804080484 -0.525506755568356
0.00907759521498104 -0.0094797327744766 -0.480742646144832 -0.120659880280036
-0.0159259263265035 -0.0276642317278049 -0.226483336779096 0.322563600258511
-0.014280180672336 -0.00495595260734671 0.10977240753912 0.230263078496446
0.00894811907491611 0.00858074464349603 0.125135809582089 0.0049678308655026
0.00296118982758061 0.00473285354659652 0.0154924049160147 -0.122134752081438
-0.00652485897259612 0.0136491399822294 0.000956012655812782 0.0978114471648054
0.00231698293139625 0.00636634369418197 -0.0843915544658218 -0.0197664662042913
0.0022362716893453 -0.00658291823238509 -0.0365087564376606 -0.24201872737824
0.00750801403534401 -0.0189722400957254 0.268303655992722 -0.19125380617833
0.0268529210515126 0.0159951498307586 0.384549735447325 0.264088216729121
-0.0118002768619767 0.0267464271907995 -0.0724533868417681 0.559756865601525
-0.0195453272318317 0.00468860969094455 -0.3486056257675 0.220214227316096
-0.0168212550804933 0.00151619809556733 0.00430044002853946 0.0502867888299644
-0.0153639009417464 0.0195593135547763 0.307732703363626 -0.234881993676082
0.00728036461452915 0.0122586553821001 -0.0588240173690711 -0.528259564567261
0.00982074980051733 -0.0118896832095091 -0.481466107123491 -0.133100395979705
-0.0137036539810574 -0.0245865182250133 -0.236297827546204 0.315611010331278
-0.011558241467052 -0.000161484696505621 0.105022688580863 0.230054467463894
0.0117385219416047 0.0104929082404193 0.126922522468023 0.00742699937383753
0.00625727287833123 0.00599793471799792 0.0152682903963962 -0.121073148988176
-0.00655670280684866 0.00408648452267165 -0.00266871246145171 0.0998365883149548
-0.0115990777350327 -0.000346697428309513 -0.104938900944928 0.0119046034450709
-0.0111003659769932 -0.0110177914966069 -0.0981197046091488 -0.21139258052441
0.00725257927948504 -0.0240746892473526 0.207733445255052 -0.269632332224839
0.0281775777811512 0.00225162835089291 0.450727772348642 0.0918850094480445
-0.0111327840889209 0.0153488748070062 0.112912842127463 0.508707262497967
-0.00532884928619173 -0.0155018204015797 -0.281691850765207 0.283128268444575
0.00893429227389226 -0.0166307223435184 -0.0283159904933804 0.0620231559671234
-0.00324784173198997 -0.00580206403033865 0.346273537320392 -0.172797452225773
-0.00220697545846697 -0.00170370212316609 0.113899703024504 -0.55550252121307
0.014462810768722 -0.00826743331703005 -0.411252080258551 -0.306475248234137
-0.00151763668624206 -0.0269245813133299 -0.308391446874577 0.234353468800555
-0.0215223284898823 -0.0103219969857562 0.053202412842126 0.25913973754967
-0.00299476611447285 -0.00067220810928223 0.109036204355252 0.0438171395108314
0.00725451722752276 -0.00227249033795308 0.00591581656922746 -0.120067222775637
-0.00957275482299829 0.00448874445460418 -0.000759430317045217 0.0977094773041701
-0.0129336720913403 -0.00162018752338444 -0.1031058250548 0.00295218011941795
-0.0122443796915862 -0.0164987610508976 -0.0855120806920286 -0.218367540461855
0.0069331605248222 -0.026263276745929 0.228296970046441 -0.253253177639784
0.027162259016205 0.0076704014381013 0.444047182087181 0.131317704399237
-0.0136633189934966 0.0167322516188031 0.0737870100822337 0.521136371157566
-0.00285541986624862 -0.017385614758508 -0.296409730636525 0.267183600628678
0.0126093810897637 -0.0171323032349844 -0.0179578270989635 0.0572044695959495
-0.00162188712784759 -0.00583367927405534 0.33895845766629 -0.192665400735835
-0.00276065917544048 0.000671112824883734 0.0678991470057249 -0.558346209380577
0.0122566100780438 -0.00744205643080644 -0.431000406087583 -0.26551068941837
-0.00543633129147345 -0.0296365672059332 -0.288141876152559 0.258668514047004
-0.0226635041696911 -0.0136422359686387 0.0674369714453699 0.255801222121342
-0.0033630792357038 -0.000470130873581132 0.110707961775724 0.0348786140055711
0.00419372636144349 -0.00120511010225411 0.00660483563491359 -0.121709673976417
-0.0121058742935872 0.00569075544497563 0.0014993447156065 0.0961669073014338
-0.0124241088988127 -0.00268045934804852 -0.100382286693974 -0.00589420718903444
-0.0110404341937682 -0.0203951647639934 -0.0718372697915754 -0.225073776303189
0.00685588453787226 -0.0278000192443304 0.245398738798923 -0.234184357437283
0.0260493986142167 0.0121715130507987 0.432849024218573 0.170070648799667
-0.0150381344711721 0.0191558970719374 0.032271644487268 0.534146597803278
-0.00235181555210747 -0.0161230041250143 -0.312078826051111 0.251376440989813
0.0125514985756931 -0.0155427172496159 -0.00944715195168732 0.0530630451240039
-0.00247442246281792 -0.00338907153371726 0.328070733668745 -0.212643197181509
-0.0021494822799408 0.00438932614332364 0.0217193818442398 -0.552770974726606
0.0109197344102851 -0.00678082309667083 -0.449557734944925 -0.219881550114056
-0.00909882497871496 -0.0316203845126445 -0.266444944018654 0.282373622775085
-0.0232206813065166 -0.0146923089469229 0.0828027595663085 0.250490064020702
-0.00268598099138413 0.000131929491378378 0.113634181716971 0.0255978346341606
0.00148620367640405 -0.000103686300985142 0.00875694707528418 -0.123038355551042
-0.0129064017144811 0.00744873628915737 0.00234070064961173 0.0945910487258553
-0.0102651849748662 -0.00270601962757523 -0.0969666632059454 -0.0139933491795624
-0.00847164776843208 -0.0227282935413479 -0.0585401389563009 -0.2301994751041
0.00746071832218365 -0.0282640901590136 0.259588490702718 -0.21591948588539
0.025500547606052 0.0164046368725531 0.417300375731943 0.209258996099415
-0.0159903078352375 0.0213474446447345 -0.0117809181038993 0.54236613662236
-0.00331112988536451 -0.0130338193276293 -0.325960053544811 0.236374944127435
0.00963161243254025 -0.0125649903715671 -0.0013461520915762 0.0498479336271411
-0.00422748182784777 0.0010053403280642 0.317432453744388 -0.229391749675978
-0.000966091148527408 0.00806920026100317 -0.021638579275152 -0.54506286605334
0.0103064038729786 -0.00632960140201991 -0.463003798926171 -0.176274277891254
-0.0129534123383924 -0.0318101350875651 -0.24571726329286 0.302414960652651
-0.0222180887546099 -0.0142529168130301 0.0960799716158737 0.243301652651945
-0.000721873041130239 0.00210481995466818 0.11670478782802 0.0165724018791355
-0.000509950105561997 0.00132459200485875 0.0103654062880157 -0.123334190460729
-0.0132097621413736 0.00957584854395929 0.00374651835061639 0.0941523842970096
-0.00779037990929235 -0.00172240426601038 -0.0928294784052108 -0.0200563273582689
-0.00541196117813227 -0.021139725639381 -0.0469243693622541 -0.234707542008072
0.00755578321544802 -0.0266787143096234 0.268961963833881 -0.198667233150368
0.0249065913161996 0.0190575870294868 0.400520172675686 0.241760131760009
-0.0159799446733694 0.023290775982456 -0.0478235297950235 0.547870901898813
-0.0059889622110466 -0.00849009444815523 -0.337662115802157 0.223909536035908
0.00471108017763722 -0.00850295750952473 0.00541215754236619 0.0471133209108811
-0.00658078368341598 0.00635131487255026 0.307123685101993 -0.241507445582118
0.000998738717464306 0.0107753280478168 -0.0564684434527108 -0.534450530344597
0.00927916831464354 -0.00779074897334822 -0.471611737516854 -0.140556509314143
-0.0157453404987288 -0.0311611988839631 -0.228922275458611 0.318165832462427
-0.0204855126022269 -0.0120373336276089 0.107117597886475 0.236008769519517
0.00173057973496907 0.00429485724018311 0.120042947799103 0.00862811669942066
-0.000850953947965074 0.00267135038104983 0.0125250263835912 -0.123801717551904
-0.0121603749342558 0.0112621942906251 0.00412620499921583 0.0940835043577254
-0.00434004680910168 0.00071751722637589 -0.0885626459162678 -0.0223917240690701
-0.00228250922709661 -0.0183254726392811 -0.0396709857710261 -0.237728132498934
0.00716267028027217 -0.0244128240598198 0.272926907657232 -0.189139449378384
0.0246469767925967 0.0200653063917833 0.38795414303951 0.262146937670253
-0.0151876460373915 0.0253803861158908 -0.0687866015307769 0.552715416890533
-0.0104426244852409 -0.00405253096440926 -0.343675688516374 0.216569364167699
-0.00204367749373299 -0.00472609792726208 0.00923341516719056 0.0463183435281832
-0.00942531459607634 0.011807198671366 0.30015159584918 -0.247854438814103
0.00379301358693727 0.0123334923498481 -0.0772220958052759 -0.526401576891502
0.00898242234640117 -0.00878322549458936 -0.476829529841304 -0.117247143746916
-0.0172927296994043 -0.0294698604876202 -0.219103509029252 0.325450940449819
-0.0175079494717711 -0.00856401756286248 0.113081206200027 0.229742615372911
0.00544696319262543 0.0065698675928763 0.122513188899054 0.00372775856164487
0.000545342954996273 0.00401301319208358 0.0131229896823979 -0.122897468427171
-0.00919480482480578 0.013014433748853 0.00346680645310427 0.0951044084855802
-0.000779193011186506 0.0033179250198769 -0.0856502691338174 -0.0220373701049665
0.000115922357127551 -0.0125685153128696 -0.0373180540031761 -0.239868100320607
0.00764822801802235 -0.0217525813608331 0.269743988776132 -0.187727888230426
0.0260117209614623 0.0186237788533286 0.383204707392829 0.267517240742419
-0.0140825051634731 0.0268288868123018 -0.0744278625305749 0.556531696267804
-0.0154794068892032 0.000740293386920009 -0.345955168842665 0.216696210693187
-0.0095941864408184 -0.00102426590560159 0.00866362017765172 0.0480056185334518
-0.0119468268291155 0.0169750677907227 0.298136891185454 -0.246290399137268
0.00611010759866159 0.0127208099515189 -0.0810938108344687 -0.522744163684156
0.00869940680239268 -0.0102601147678006 -0.481241863853353 -0.111861549909347
-0.0168015936737699 -0.027146734869293 -0.219162230000855 0.32651361507539
-0.0139298480884876 -0.00456251393327232 0.113331446992519 0.227100705962889
0.00908245755163944 0.00813524746599987 0.12459044570598 0.0026531060922844
0.00284609239760527 0.00506020248022513 0.0134968283845204 -0.121801098355818
-0.0058433489134917 0.0138635677967887 0.00268035327291494 0.0969141648802106
0.00234554555242368 0.00589187600119643 -0.0845738445311951 -0.0184079390845378
0.00174048835540796 -0.00641399099282054 -0.0410076394285951 -0.24002548741981
0.00725300241326244 -0.0184916310935321 0.263318278767075 -0.195259998077938
0.027106582059916 0.0155610626381889 0.38811431553649 0.255581570192244
-0.0111514366438509 0.0268369548750543 -0.0621437409399111 0.557953989053557
-0.0193245752943066 0.00509945953140516 -0.34258967193786 0.225136279817391
-0.0167630697524514 0.00197224024807905 0.00486186578657206 0.0503139767824777
-0.0146672764024951 0.0201286531155566 0.30205900684994 -0.239671334991384
0.00784388156709376 0.0116596078257759 -0.0693257073739594 -0.523223267932554
0.010191310269932 -0.0121030069290375 -0.48208999986505 -0.12364498017866
-0.014490126012502 -0.024487598084385 -0.228557036925795 0.319617355585721
-0.0110451556081668 -0.000142927279860491 0.108564165993979 0.227119666360632
0.0117037331938973 0.00979909943493565 0.126166814679984 0.00545238515648536
0.00571351239213374 0.00543827316816761 0.0131175071103173 -0.120757543084889
-0.00633182216160848 0.00406547845221084 -0.00161799847974407 0.09873334235929
-0.0112910468804104 -0.000240798356441658 -0.103306233696231 0.0136507363334392
-0.0114810463172261 -0.0111638299155872 -0.101083633634341 -0.208352738197393
0.00651091016932315 -0.0238371422139018 0.201599366865359 -0.271557436954376
0.0283132856407871 0.00214893767785615 0.449178210061152 0.0828023742901673
-0.0103768458875307 0.015363719107908 0.121703680518484 0.50390857167204
-0.00510695187827885 -0.0157022128455772 -0.275401573292592 0.285314423515529
0.0084525723407414 -0.0172588027810233 -0.0267082338071936 0.0623931364848235
-0.00341508075244808 -0.00567777697636961 0.341901058008575 -0.177280444136115
-0.00224465590390834 -0.00205160849045688 0.10370906386904 -0.55413458653821
0.0140981465884484 -0.0087350927288934 -0.414962974740376 -0.297591557688991
-0.00214668229158334 -0.0272241328899691 -0.302441772706651 0.237938207252031
-0.021489420216632 -0.00995423411217918 0.0569803513110039 0.257050059132609
-0.00283738026700381 -0.00111308600094785 0.10916648936906 0.0419633409788258
0.00675422307311698 -0.00270341601622141 0.00409587599388225 -0.118680038705756
-0.0093108253417413 0.00484609520138795 0.000308624181631202 0.0968159398196265
-0.0128493217439079 -0.00164724424348971 -0.102313683229054 0.00486845792925722
-0.0118280736212123 -0.0163015825611945 -0.0887110219540912 -0.215220577717563
0.00646787924128604 -0.0263082544808505 0.221754286842006 -0.255342314303274
0.0271436085719778 0.00716713545435151 0.443029830620468 0.121610334302324
-0.0126943426250998 0.0170212213429773 0.0826962335000396 0.515733335615224
-0.00293910428941203 -0.017348815163298 -0.28989307328295 0.27024029638997
0.0125278451938208 -0.0171516049474358 -0.0175554210536081 0.0572597460466371
-0.00196874150298083 -0.00549673138650189 0.332475772380342 -0.196975397120569
-0.00286643211000753 0.000634204670809354 0.0594703950810587 -0.55394777059603
0.0123988227221127 -0.00762755661100896 -0.433180559583122 -0.254950481329518
-0.00597124677046712 -0.0291498935277849 -0.281653659531222 0.262452030124238
-0.0222837864262983 -0.0129735882301663 0.071454218825021 0.252952251666546
-0.00317762736751994 -0.00119478114536054 0.110590654390378 0.0333290895968682
0.00426090732158007 -0.0016756441119507 0.00512823556017339 -0.120863344802275
-0.0115197869910326 0.00602508712691545 0.00198795427840538 0.0947720611290219
-0.01261445918488 -0.00264651364654369 -0.099895723552479 -0.00363398729719457
-0.0109389127072506 -0.0199477425259417 -0.0755164481292646 -0.22179389319168
0.00632974264550395 -0.0279824809025015 0.240179602682589 -0.237282631407851
0.0262666920078351 0.0116554999345762 0.432989400994523 0.16120699635615
-0.014348638909711 0.0191051471230142 0.0407273230791164 0.529311579493556
-0.00242667330846198 -0.0157457995978807 -0.305926334788804 0.254848671267628
0.0123896315977231 -0.0157238135521392 -0.00850064803563716 0.0528867307586257
-0.00286772938852304 -0.00310618859812778 0.322589382459052 -0.215772712384353
-0.00234137946910391 0.00435962515558857 0.0126137027055122 -0.549734255843761
0.0111102031724133 -0.00700939739035228 -0.450179834012459 -0.21037902516727
-0.0100462547327153 -0.0312660602436294 -0.259428550818306 0.285853829038133
-0.0228448980600598 -0.014323783853277 0.0863299191849052 0.247421115730602
-0.0023796583866794 -0.000173459193969115 0.113650906522584 0.0235178256913894
0.00125839848524872 -0.000604286548507382 0.00718974541718313 -0.121727612746444
-0.0132654501079944 0.0082788269702904 0.00401256509076776 0.0936639518948702
-0.0105402177878342 -0.00247558818445373 -0.0964815135739762 -0.0120897707920122
-0.00903816469138665 -0.0217783879391743 -0.0616791917726147 -0.227352830676567
0.00648865456309811 -0.0279073231638615 0.253901061677827 -0.21872914264581
0.0253638916572173 0.0158036495939883 0.418488756195187 0.200231884146888
-0.015112554986697 0.0214139534482971 -0.00239179168437053 0.539115481552284
-0.00335221250723314 -0.0130237263351213 -0.319482834575488 0.240132926617134
0.00920156986101574 -0.0126156002775775 -0.000778810489221803 0.0491495056619682
-0.00438081850139852 0.00150640102765095 0.311760515363683 -0.233019787676054
-0.00093080016763885 0.00835164420153746 -0.0309019479480412 -0.541877590321405
0.00983668848469406 -0.00678734032055945 -0.462948623978941 -0.168350989746905
-0.014061943731659 -0.0316887836466981 -0.239300789207161 0.304822027579547
-0.0224099222697639 -0.0136069716735258 0.099400601856347 0.239847515601525
-0.000459189734480714 0.00165162445816265 0.1160950926538 0.01467802348103
-0.000535699295893573 0.00104881483502693 0.00827792072242381 -0.122862469970792
-0.0129697490274589 0.00992469298298281 0.00450596371999507 0.0930979547609914
-0.00769727189784184 -0.00133027604982485 -0.0927201089504116 -0.0179243494320844
-0.00541336633309421 -0.0211782327661921 -0.0507110455629202 -0.232404300497171
0.0067681149102343 -0.0268372990053792 0.26350826444915 -0.202678996538522
0.0247212022093124 0.018407358728666 0.401134559557294 0.233331529278015
-0.0154505484444422 0.0235803008360477 -0.0368923185511084 0.546893393998011
-0.00628042024223538 -0.00900840005035106 -0.331269258269465 0.227042805692996
0.00432547479359661 -0.00885122025590013 0.00612516116123437 0.0469427641922826
-0.00666163824021435 0.00660196006008643 0.301606792355099 -0.244262928569402
0.000909612369193662 0.0115135154971113 -0.0644834298599955 -0.532019449674954
0.00940133507549768 -0.00751862292108041 -0.472394281658148 -0.132277303709067
-0.0158120600802833 -0.0308857474660202 -0.221906842679863 0.319611263521161
-0.0204092242001483 -0.0116118124689654 0.11000969722796 0.232767627844174
0.00192849616518349 0.00386774506413154 0.119459011736406 0.00682891806766463
-0.000729357683120374 0.00250131381342484 0.0102927561371309 -0.123473362893886
-0.0111632373668392 0.0117156609177619 0.00588999501085335 0.0938761895663691
-0.00387770045159266 0.00074178584625769 -0.0881163465346202 -0.0205825955767101
-0.0023287151427175 -0.0180506201305239 -0.0431928058182978 -0.235267781460395
0.00700029579158152 -0.0243960583325888 0.267839445975114 -0.192205750668681
0.0253347885315217 0.0196862062315056 0.389425770136983 0.254017369863718
-0.0143321545729139 0.0252523271829613 -0.0604915842150119 0.549887221286189
-0.0101501254504044 -0.0040310950016348 -0.337700490783138 0.221527704183522
-0.00234683546285751 -0.00473860530387891 0.00928497058440403 0.0464612856340796
-0.00924146639525203 0.0118769872374997 0.294408279918809 -0.250190849956673
0.00355634196268187 0.0126373963400159 -0.0853347501484079 -0.521938559612705
0.00867279962980232 -0.00865279417225992 -0.476953757586653 -0.108919470203858
-0.0170536851582229 -0.0290870898605851 -0.212159847630986 0.326831070225971
-0.0176255703816688 -0.00833442681074934 0.116014349123756 0.226625542934459
0.00531453401456573 0.00586042470385787 0.122050338565373 0.00191466908534976
0.000409823215957627 0.00369373114986796 0.0114485558902735 -0.122369510748849
-0.00872800624920564 0.0132581476957333 0.00436527401609845 0.094499013794642
-0.000621142737929167 0.00284141809447366 -0.0854813222894214 -0.0201841013848494
0.000134488204235316 -0.0130670133497881 -0.0411918537431307 -0.237282873634007
0.00717951695161756 -0.0214939737570725 0.264997614591041 -0.191642279576929
0.025465965975221 0.018254218044909 0.38520795311422 0.258145644668438
-0.0131100610912879 0.0267200479030182 -0.0652776236301811 0.553496378029642
-0.0149381377918144 0.000646018353776748 -0.339776320709965 0.22059285878693
-0.00960511257553053 -0.00102398997849923 0.00907669709946015 0.0477224558349945
-0.0114804645908584 0.0169207374505175 0.29249164852777 -0.248988212006892
0.00600737145916637 0.0130576656596609 -0.0893967687996716 -0.517446220580099
0.00857352538848034 -0.0103155943087493 -0.479906859879788 -0.102816007120295
-0.0170484325944509 -0.0268747174455205 -0.212183111147711 0.327776962964617
-0.0142308518542807 -0.00414650439929435 0.11667275331892 0.222910088244251
0.00884930972941275 0.00768240212830662 0.124435710513449 0.000882717220627603
0.00255163177796214 0.00496162477286486 0.0119360582593925 -0.12127566842364
-0.00570157403624924 0.0140166221755747 0.00392017367745942 0.0963396976424184
0.00304734054410575 0.00597417427246445 -0.0841177077973971 -0.0165664244038423
0.00230278155939963 -0.00665148002716596 -0.0452491554896465 -0.237443384590397
0.00687374118658535 -0.0182052131122744 0.258379420819971 -0.198608243482167
0.0266084552799639 0.0151628943267874 0.38986968041265 0.246986161935614
-0.0107799701691715 0.0268545678617129 -0.0501525413127612 0.555006026498294
-0.0187401243992733 0.00522084847979215 -0.336318989013905 0.22849149115196
-0.016496896061773 0.00221393273213942 0.00568158759747932 0.049903283858045
-0.0141945170857106 0.0203566403007665 0.29680153199389 -0.242893902726186
0.00740825468906801 0.0114982138715478 -0.0759386360779353 -0.519072959512946
0.00978940266768493 -0.0121072466118523 -0.480194451074422 -0.115380885748138
-0.0151024623173127 -0.0239384950815754 -0.221629764135599 0.321516993589211
-0.0106561416545128 0.000177289044812508 0.111237485184495 0.223386706679792
0.0116257516934004 0.00893339124250263 0.125799296240908 0.00324471723078077
0.00542164326627898 0.00517882954419098 0.0116134627590923 -0.120229827866836
-0.00653168869209335 0.00403793431484872 -0.000533328805979753 0.0979454435396707
-0.0113450130337132 -0.00037146371785379 -0.101780029279712 0.015419065695369
-0.0107774862554012 -0.0106049673499462 -0.103522581539075 -0.204747028719079
0.00646198847545659 -0.023806497473384 0.195533812255034 -0.272540569528456
0.0278846959006013 0.00187914671572423 0.446405326388209 0.0756679402956243
-0.0101821399227519 0.0149374953829973 0.128734976147472 0.497487858034121
-0.00549567266061749 -0.0155119616062265 -0.26875539442317 0.286459171143972
0.00838904197734055 -0.0170573041191274 -0.0258244028827178 0.0622225524145302
-0.00315540234351543 -0.00545569462050067 0.336178757252164 -0.180431645642799
-0.00231601427829394 -0.0016209199982365 0.0959122477005487 -0.550238744141938
0.0139513348698383 -0.00898938935370527 -0.41590312843503 -0.290082991489364
-0.00264320507654253 -0.0264086720935998 -0.296407513948859 0.240573698672341
-0.0210905162503005 -0.00965841936022305 0.0597379058625201 0.253937856621825
-0.00248941035351034 -0.00173419561673071 0.108929307175562 0.0406459823776583
0.00668889395641835 -0.0027365482640596 0.00275860323834999 -0.117901994402904
-0.00915009534001904 0.00506252917520008 0.00161490818246761 0.0958184389528197
-0.0122710708003804 -0.00162558328592714 -0.101817769645397 0.00662066143671684
-0.0119317533940691 -0.0156616749156752 -0.0908379605062067 -0.211614018451796
0.00588513492679608 -0.0258657634543274 0.215723279580435 -0.257236283899086
0.0269498497279206 0.00683967389946063 0.441632781782295 0.114978467231831
-0.0124965019352553 0.0169833129141561 0.0896130237940635 0.510648717243392
-0.00301864124145962 -0.0171189108156165 -0.283802871910505 0.27144638758772
0.0122822500033431 -0.0170416181852662 -0.0163492068963452 0.0571604725870362
-0.00234012420284336 -0.00544478304818191 0.327764114484515 -0.199512582499227
-0.0027211308990334 0.000904130381349604 0.0503342720766603 -0.552045365616624
0.0120003076483307 -0.00801761468434807 -0.433524872150325 -0.246703534333596
-0.0067457351237457 -0.0292828483658925 -0.27540794681662 0.264582358694721
-0.022357651435903 -0.0123373884206234 0.0738751905486974 0.2492937154741
-0.0029874762271553 -0.00195106077967587 0.109959146854378 0.031607743132163
0.00372623320729307 -0.00218646671248053 0.00337392127964436 -0.120014322288781
-0.0115643739351849 0.00649154249907902 0.00312012202935271 0.0940164352308118
-0.0119221044374049 -0.00283667830545195 -0.0991935378465076 -0.00256085115497285
-0.0112051774447798 -0.0195642617884407 -0.078544359754508 -0.218380562751776
0.00597890514798877 -0.0276075481060785 0.233469260813582 -0.238917279904064
0.0265410357536223 0.0111919419531286 0.43120422222319 0.153006021055436
-0.0137454240319021 0.0191992849586523 0.0488701023511775 0.523654767770031
-0.00266337042947979 -0.0158413103001019 -0.300368334224854 0.256359454464359
0.0120047402598895 -0.0158502086196824 -0.00760275712073084 0.0525762459591354
-0.00322360349356844 -0.00272904963954011 0.316801389790435 -0.218373761224303
-0.00275306605888159 0.00457446798944303 0.00573494643018239 -0.545875510531203
0.0107658864493609 -0.00712965367196404 -0.450266689410721 -0.202178038226381
-0.0102985249869461 -0.0304335820889451 -0.253373014546815 0.28701954833974
-0.0230316592372373 -0.0138325335407186 0.0888086905643391 0.2440426252649
-0.00256633906093337 -0.000630280326935846 0.112811670304718 0.0223604101792395
0.000862621408596435 -0.00100453264409308 0.00558496601692773 -0.120746700546514
-0.0126115079244939 0.00800141001222358 0.00455753520077305 0.0925477837885266
-0.00989677382970754 -0.00286790060521773 -0.0958341109527405 -0.0104325526122906
-0.00886128115586649 -0.0216853905792737 -0.0645762079208497 -0.224051731456812
0.00633031138547397 -0.0277988386471235 0.247999825254863 -0.220563073271376
0.0255687271351015 0.0154721969774347 0.417491618608556 0.192443583762317
-0.0145339275456969 0.0216847617812315 0.00646203822234373 0.534201329414193
-0.00375711659451276 -0.0128537331931452 -0.313565220066032 0.241984592748047
0.00926026098022904 -0.0123946007559141 0.000281635766016992 0.0486747126111012
-0.00456326297900231 0.00172291296414624 0.30545817142869 -0.234121731850396
-0.00102808510166942 0.00798037904980003 -0.037318948334285 -0.536551787072229
0.00971856806961602 -0.00720275178388281 -0.461210674583063 -0.159733670062221
-0.013599474399718 -0.0308265734709868 -0.232937365894613 0.306034953079507
-0.0219637645055707 -0.0132466899001421 0.101331222157989 0.236187284890666
-0.000567668098467754 0.00127899063759291 0.115646292058787 0.0127921122930788
-0.000709425311045272 0.00063422806600716 0.00681772185641089 -0.121927493651295
-0.012650515541476 0.0100397602498092 0.00586333162299787 0.0922532859048129
-0.00745042877322812 -0.0016226192798752 -0.0918751365665818 -0.0161691286977913
-0.00562491744416255 -0.0211960744310083 -0.0531529662168127 -0.229849859816137
0.00674626197513543 -0.0260595504503205 0.258590506785147 -0.204281649332819
0.0249786388952247 0.0182918047710224 0.401259772786737 0.225315489004438
-0.0145880713911953 0.0232248077694026 -0.0293803369466457 0.541573493804601
-0.00596374029455419 -0.00871491358514363 -0.325319916137158 0.22994467632412
0.00496840725982432 -0.00903287608975209 0.00596667118940866 0.0464206750875707
-0.0065080648792611 0.0067874075790149 0.295005696257369 -0.245908615140396
0.00103951543116225 0.010776852683801 -0.0715420044281691 -0.524892381166518
0.0092540763084947 -0.00770520778511599 -0.469139727151291 -0.124169370790959
-0.0166325085414152 -0.0299411717645065 -0.215014689332251 0.320102087727813
-0.0200026821313323 -0.0113363206873471 0.112549807829819 0.228541441852261
0.00184376263372066 0.00292785586817528 0.118521378504598 0.00506551076071211
-0.00106530526024992 0.00204851959704226 0.00829106616536164 -0.122091751732597
-0.0109906808099682 0.0119974190087461 0.00660020539833957 0.0922599576733615
-0.0038011650801689 0.00070475772862669 -0.0880274413973614 -0.0195593901401931
-0.00267268044277023 -0.0178919200675062 -0.0458726062783612 -0.232541709235464
0.00634300221161749 -0.024241572566906 0.262227400070166 -0.195004478727903
0.0252351460290297 0.0188268075099077 0.390561074190166 0.244046145331658
-0.0141252842066619 0.0252113192189617 -0.0499511477071706 0.545422516388628
-0.0103430712025234 -0.00402154388600475 -0.331716386784707 0.223298488070368
-0.00186205503501277 -0.00529897006868234 0.0102909141615323 0.0458564883866915
-0.00880141079574626 0.0123507062957314 0.288196421078798 -0.252529398944324
0.00344299428645241 0.012387696223709 -0.0913514518439989 -0.516538423172288
0.00848699431726172 -0.00944041377194786 -0.474996396168255 -0.101107727234127
-0.0178405495380848 -0.0284759663316935 -0.205367029179932 0.328392467079654
-0.0173139322367919 -0.00800440964825286 0.11794995981974 0.222310325443349
0.0053884677818812 0.00510226128973347 0.121111403893258 0.000488506230763663
0.000373691355423485 0.00340439461310913 0.00903987732056647 -0.121675324230598
-0.00901413713563506 0.0135750195079878 0.0056384065436365 0.0936971193111437
-0.000643675732069008 0.00281325370286031 -0.0850879222921158 -0.0185592186348032
0.00060875614218234 -0.0127876992927193 -0.0437325868822629 -0.234251759463084
0.00661750321480942 -0.0211137484575922 0.260214592193754 -0.193427457108024
0.0261790770374553 0.0176149423664024 0.38664787349488 0.24960907677418
-0.0124766517865184 0.0267781353345563 -0.0557845472074648 0.549974418721663
-0.0147278973944542 0.000735268454614271 -0.334331133382384 0.223697978852638
-0.00934570814241966 -0.00065571621163812 0.00993968993276593 0.0466728802912515
-0.0114792834314399 0.0169445286775242 0.286541436354211 -0.24973039929469
0.00572127931841114 0.0125068787463609 -0.0958880017495551 -0.512318784483315
0.00866920377704433 -0.0104423020154007 -0.476888237135475 -0.0962962868728429
-0.0174928889901063 -0.0258919301310871 -0.20498087345663 0.328620264356561
-0.0140673419228559 -0.00431637354593355 0.11788594901643 0.219887243243485
0.00909245860666843 0.00672237538472739 0.122955098894177 -0.000392670857343224
0.00204568464742468 0.00452281472037249 0.0101887308205068 -0.120290424900378
-0.00508539312079026 0.0140476371127805 0.00443105008976793 0.094999257495761
0.00239391125176105 0.00562419718496658 -0.0834498081901325 -0.0148767458071939
0.00253144026695981 -0.00678561039606656 -0.0482807438298344 -0.23420888867146
0.0064647096229228 -0.0178831176525343 0.25270933620769 -0.20078832264995
0.0272539280437697 0.0145170444980138 0.389801397931168 0.239316611183972
-0.0105448007096782 0.0266056339740305 -0.0431537799041243 0.55088319537866
-0.0187908146392702 0.00518277302970479 -0.33140058884871 0.231278786039747
-0.0160010616829411 0.00194550148661097 0.00626668668825307 0.0493857065771779
-0.0138711092102124 0.0208745521589296 0.290816506986081 -0.243579367440239
0.00746846347758415 0.0120460339068746 -0.0818699888202349 -0.513416511993677
0.00902049380445753 -0.0123550696947013 -0.479078210762723 -0.107267292655074
-0.0150782799661024 -0.0234969917997579 -0.215484877034522 0.322329919171971
-0.0106422962602203 -0.000307566829668776 0.113698947965073 0.220283881564604
0.0116985496000932 0.00801688618788491 0.124721422241695 0.00210348130680089
0.00520679852580213 0.00490894642568589 0.00956038194386801 -0.119181169776805
-0.00573470851887945 0.00454405460795496 5.01923424840243E-05 0.096711061928015
-0.0111549368148857 -0.000155122337454932 -0.100623374888606 0.0167159492326108
-0.0105640139566172 -0.0105152769523085 -0.104972415162406 -0.200949438065715
0.00581857895357328 -0.0233106658363878 0.189621051917749 -0.272431384452938
0.0276247677018096 0.00130784681442916 0.4428827142993 0.068589162393638
-0.00989612245025238 0.015321310022438 0.133008488720276 0.49118102617548
-0.00544229440886029 -0.0155604979832021 -0.263192785537176 0.286984622639878
0.00829318483118828 -0.0167313253848141 -0.0251322002406969 0.0620651989977089
-0.0037257776074227 -0.00490561734353736 0.331734379078561 -0.182115495627142
-0.00257698562574131 -0.00133485985918735 0.0889789825369069 -0.547307490002989
0.0135581253799437 -0.00885182411538406 -0.415869207877166 -0.281928756501887
-0.00282434744031331 -0.0262813127454236 -0.291145473925412 0.242181980842551
-0.0211751558331589 -0.009297659349691 0.0613443720002846 0.250737738940083
-0.00245600414029934 -0.00179605271869006 0.108812580486159 0.0384957367734906
0.00641913896242677 -0.00333428852377292 0.00169376131406838 -0.116876964469453
-0.00848154908731809 0.00479566377271647 0.00204659228608238 0.0948973872274649
-0.011968806488509 -0.00145216778366197 -0.100355993565315 0.0079019191925407
-0.0115773573216498 -0.0153446224459357 -0.0921783071366416 -0.208481534937817
0.00520077227703079 -0.025301351505163 0.210789918363083 -0.256330443991022
0.0268777938558355 0.00640268502608076 0.43848916720443 0.108043112894409
-0.0120990163247402 0.0164125448404839 0.0946786343844091 0.505551506872094
-0.00353089874911804 -0.016625416411807 -0.278436987078535 0.272300018138371
0.0119989931133498 -0.0173307641391012 -0.0159396442784603 0.0568305178707843
-0.00205982441949131 -0.00476972459262429 0.323310843055169 -0.201403599813375
-0.00327400372741211 0.000861086825152851 0.0439219037239343 -0.546725996710102
0.0117619666718986 -0.00761072400986429 -0.432907207622661 -0.240755379928487
-0.00642580763850624 -0.0286242599184357 -0.270024012065637 0.264941820987346
-0.0226808196769878 -0.0121930571446223 0.0756797928976223 0.246523956998583
-0.00305629552129778 -0.00202627790706646 0.110601786745949 0.0303895641589947
0.00323102400486424 -0.00276449374297546 0.00233715276110089 -0.118464540497502
-0.0114132412089834 0.00663961975848056 0.00333280651489046 0.0930942366188177
-0.0116783911674888 -0.00234080245467151 -0.0985606709079289 -0.00121693844046582
-0.010894472491946 -0.0192645609798574 -0.0798116074907186 -0.215641527838834
0.0056350844069257 -0.027158825050363 0.228917753217028 -0.239985894761663
0.0264239482525538 0.0106179635564844 0.428553478287264 0.146729237441821
-0.0136419133408265 0.0192789791359794 0.0539135970642022 0.518885517765927
-0.00283766167219147 -0.0152594634268678 -0.294071931372751 0.257379686687455
0.0120689646295704 -0.0155846905710977 -0.00755572011023757 0.05225786902369
-0.00309128002553083 -0.00269112921932901 0.312334977786253 -0.219574257435808
-0.0023961745080929 0.00506361589781359 -0.00156331710937598 -0.540775589038106
0.0106265006874762 -0.00711533441945979 -0.448818553253884 -0.195160436409626
-0.0106921103085546 -0.029947160243473 -0.247472917230472 0.287696488573306
-0.02288502403207 -0.0137639227534085 0.0909309522359716 0.24113711618582
-0.00213359434614017 -0.00118849642336997 0.112844987288067 0.0209420250326761
0.000675434740487232 -0.00119691591960665 0.00399013826538069 -0.119498572852923
-0.012759626330632 0.00822270732350893 0.00554386382921732 0.0920424325670395
-0.00990054617432293 -0.00218212175780594 -0.0947177109797487 -0.00929407600700474
-0.00881950362018453 -0.0212118358601149 -0.066341898895695 -0.221072266801095
0.00548242057106595 -0.0274813425894025 0.243312264943893 -0.221720905477766
0.0258147832181599 0.0146458672787696 0.414951177156726 0.185670155584183
-0.0146288099640909 0.0213520776605505 0.012801115516299 0.529423004805433
-0.00383507953406468 -0.012752864051988 -0.308765106612775 0.243048691952379
0.00937174989130771 -0.0129288124370784 0.000272193045225554 0.0485481496709004
-0.0047129074094813 0.00204512911111893 0.300077789473589 -0.235496515322484
-0.000966301811875354 0.00817664817039462 -0.0426773691902206 -0.53112206453038
0.00956544362853501 -0.00733913558649862 -0.460714150726333 -0.152996250325157
-0.0144488304408924 -0.0307262449129188 -0.226896526992167 0.306610907300904
-0.022059472391124 -0.0131890878424256 0.103603504050916 0.233235527186231
-0.000415482382440873 0.000748607776415928 0.11510840352202 0.0115024351910139
-0.00112754213573046 0.000469476551581848 0.00584256003258115 -0.120852112532496
-0.0122075846461064 0.0102944040667162 0.00582149785671534 0.0913498040323824
-0.00726229568194168 -0.00149143223136242 -0.0909124533132289 -0.0150937347990918
-0.00551803735596736 -0.0207987702683437 -0.0557398918563916 -0.226536820312258
0.00584887360381304 -0.0256783264658249 0.253602934873372 -0.205886276998371
0.024989410534251 0.0173613686047241 0.399568174327939 0.217040332557582
-0.0146492123834649 0.0234288270299152 -0.0228460677955875 0.536844752111399
-0.00612323160322125 -0.00910098377216679 -0.320079228792661 0.231021061658859
0.00427238899428153 -0.0088972080435494 0.00661287069761348 0.0465600851051872
-0.00662392182338188 0.00766722023754432 0.28984492571152 -0.246962903693187
0.00117394476339905 0.0110672505202469 -0.0759227122964571 -0.519516593967703
0.00883422954932056 -0.00794240088603249 -0.467123298340911 -0.11706591800429
-0.0169379943110518 -0.029324950553002 -0.208773743831391 0.320147548588078
-0.0201287547190557 -0.010538776902182 0.113951038164469 0.22510011924669
0.00164394024140283 0.00264359060569593 0.117331178272513 0.00367451588417094
-0.00100673348899681 0.00151128475523053 0.00723276012576186 -0.120917589464795
-0.0106812818975268 0.0119826327836059 0.00692213641269309 0.0915361064712252
-0.0037680837398143 0.000178107371075676 -0.0871946920332155 -0.0178506257284819
-0.00240076812248038 -0.0171057969304075 -0.0491157299988962 -0.230156738668218
0.00613277217771089 -0.0231337511845407 0.257546202382918 -0.195977872244874
0.025431198073744 0.0180203768978792 0.389134627657283 0.237510570751693
-0.0134605621471989 0.0252569557524551 -0.0436523168944756 0.542137481051814
-0.00993065858379335 -0.00383917696049724 -0.326510927433285 0.225170866143488
-0.00120021646498805 -0.00478528046522559 0.0101538284219981 0.0454896718764706
-0.00850468928607493 0.0128925317369367 0.282841351218111 -0.252356449894866
0.00365549314025666 0.0121633303818167 -0.0970558864802561 -0.511252556144335
0.00823247985294934 -0.00932523513515786 -0.470746265202197 -0.0951093388802116
-0.0178624970998229 -0.0281224826661807 -0.199966856373514 0.327578123035657
-0.0171116231342318 -0.00794475455673641 0.119326089217891 0.219920714286804
0.00543393670329892 0.00450041832170065 0.119781871204978 -0.000925127742176142
0.000107777647577254 0.00311167058197546 0.00825808290090629 -0.120557988569389
-0.00847798846339549 0.0133760600163677 0.00616062020468459 0.092478317408455
-0.00044025990573539 0.0028954041772811 -0.0844916673378839 -0.0171539131314511
0.000779225294384085 -0.0126864327030634 -0.0463484574923783 -0.231619193457223
0.00615710820219652 -0.0207383141097662 0.255092696783105 -0.194394434567559
0.0259406673902106 0.0170912797693641 0.384294100278815 0.243029331884326
-0.0120967744430068 0.0263826406237537 -0.0478619307563268 0.544532105981488
-0.0143847625855359 0.000753525011008491 -0.328041585741198 0.224748888864372
-0.00897494596202172 -0.00134344823190253 0.0104003796692534 0.0465389068351124
-0.0111350194871381 0.0181783850378231 0.281811562095226 -0.251622353156048
0.00566345427606781 0.012483084453987 -0.099422666886737 -0.505612961376706
0.00832658389747068 -0.0105145742826883 -0.473650585292887 -0.0897572829201084
-0.0176426468272967 -0.0254185500166536 -0.198696926221336 0.328300398650686
-0.0135610718663915 -0.00378070208974279 0.119610597997281 0.216674508329636
0.00840244335456672 0.0059913464447732 0.122331906809166 -0.00208206124005277
0.00175435532373381 0.00385061980856946 0.00881910380056496 -0.119229460776951
-0.00498488417247914 0.0143629560948188 0.00568644799718933 0.0940604757165958
0.00278766729333655 0.0055787777780359 -0.0835301514578424 -0.0141989270499782
0.00252522547705595 -0.00666123236204157 -0.0506889503252995 -0.232242799998173
0.00614476512198764 -0.0177053578162885 0.248003319530482 -0.202307676573957
0.027260776924906 0.0137545290110796 0.388122535639773 0.233165902871262
-0.00988461692278022 0.0261009019715758 -0.0352098526894281 0.546881945886123
-0.0183606274511762 0.00543884013374887 -0.325468608269408 0.232641826631941
-0.0157576020839905 0.0021387843844038 0.0068637808198328 0.0488111074093098
-0.0137695407570537 0.0207909748321779 0.285110223785434 -0.244292526529384
0.00741640969775539 0.0114610012592119 -0.0880977262644947 -0.509157434087798
0.0084941791348372 -0.0124782810458472 -0.475406153629239 -0.100567328535324
-0.0153959760877179 -0.022571278315183 -0.209158014099749 0.322786385867746
-0.0104607866891581 0.000249784747767844 0.114922666122281 0.217318775466432
0.0116320426244163 0.00736599233870248 0.123806885948955 0.000484527715883945
0.00479888252884288 0.00432185194809786 0.00815894077142371 -0.117816675911034
-0.00603570474269582 0.0043818116381528 0.0007123612672623 0.0958832564746434
-0.010802022398961 -0.000391818290376884 -0.0990466281192337 0.017439527437091
-0.010639952957691 -0.0101457705263559 -0.105789554551681 -0.197668862126462
0.00527123339640068 -0.0227601368857924 0.185095575031464 -0.271717526194253
0.0280497156392304 0.000992821219318419 0.438450578349703 0.0638126254394358
-0.0095391915715118 0.0148341596557173 0.135357380248455 0.485173427281805
-0.00582833569638918 -0.0152640942933865 -0.258212124658841 0.286822192090544
0.00798025797555364 -0.0165080950517797 -0.0242409331056886 0.0613667544399613
-0.00351112349288212 -0.00456395308504247 0.326222760030168 -0.182549573985596
-0.00280708179218848 -0.00161267635604461 0.0827026523742674 -0.541689859302757
0.0134139297106324 -0.00863714357190863 -0.414425561859341 -0.275913194018431
-0.00329515169389139 -0.0257360599766771 -0.285309440972121 0.242802595777826
-0.0211381524134376 -0.00902475357537335 0.0632319618810771 0.248035551864461
-0.00270888116047 -0.0027726044699107 0.108243685362869 0.0379859249648101
0.00579930545140259 -0.00363316976482145 0.000768801908474927 -0.115262495981275
-0.00891107863111663 0.00503832768585572 0.00254667307498496 0.0937096857963504
-0.0116605414760874 -0.00163637940733454 -0.0990658303356163 0.00868581640109758
-0.0113391702946779 -0.0149818331946427 -0.0932504942451792 -0.205527158410431
0.00483089760404124 -0.0255069032729961 0.205737573238499 -0.256437797949813
0.0267403735567142 0.0054963845172502 0.434364719814462 0.102183039626863
-0.0117872851576185 0.016350157831611 0.098598898318935 0.498190349660007
-0.00336663728986502 -0.0168904660582507 -0.272678940870839 0.272196117919931
0.0119432582256185 -0.0174556197475516 -0.0150905841234643 0.0568990307525924
-0.00220690279468148 -0.00464476726757979 0.317920778327793 -0.201829925977456
-0.00304809301170718 0.000867335363865842 0.0388663259564991 -0.540682674119962
0.0114625859507722 -0.00816388944347613 -0.430847449061761 -0.235428224612243
-0.00687991027653174 -0.0280770852764678 -0.264759983897689 0.266329600702098
-0.0220145663123241 -0.0117887737467534 0.0775598651392816 0.243511252865997
-0.00321092619614722 -0.00304932193006776 0.109296839472359 0.0295949293930063
0.00283407378664889 -0.00295523431465079 0.00151289626459034 -0.117583751294914
-0.0110689841028135 0.00703216274047945 0.00386691148867044 0.0919861794190656
-0.0112563131457269 -0.00262195288798995 -0.0971693265489577 -1.94207740152425E-05
-0.0106824646793968 -0.0189672893316864 -0.0809413828360715 -0.21200679888921
0.00492515205184088 -0.0265869169640512 0.224049179950987 -0.239567405401815
0.0262585616964629 0.0100755784059548 0.425837636493996 0.140567645306165
-0.0131848486991045 0.0188476833579856 0.0595107435596707 0.511703633210895
-0.00262234508559098 -0.0154704562077608 -0.289355186966787 0.256802093492663
0.0121869364781679 -0.0155593002223494 -0.00733130485026996 0.0516151334800328
-0.00319294591357265 -0.00222306338272481 0.30727483406508 -0.219287131478287
-0.00310618857126752 0.00483164273249738 -0.00545924795098576 -0.535570142047929
0.0100395263364794 -0.00724034280461012 -0.444972196033921 -0.189240969535431
-0.0110359758839521 -0.0298239436094428 -0.242305429062672 0.2872504485433
-0.0223603833986595 -0.012892078527218 0.0921462654626128 0.237239122912512
-0.00243325405509156 -0.00187779494447412 0.111646414950682 0.0196210817299322
-0.000435728768306139 -0.00164733638632831 0.00299324247548274 -0.118381565820417
-0.0122007278078184 0.00874730633958485 0.00553057054830718 0.0906509149700147
-0.00956135086208377 -0.00239949845658196 -0.0940113996494215 -0.00811032346822642
-0.0086092762183125 -0.0207162424764454 -0.068241744315616 -0.218231202537302
0.00512664056691124 -0.0267498093886255 0.238679435643229 -0.221880235205741
0.0255433160575637 0.0143084009803856 0.413096094091385 0.179622109695906
-0.0135864941475086 0.0210848512430211 0.0173423895428773 0.523076951179161
-0.00366287657436645 -0.0128929157238281 -0.30339954444614 0.243066865069691
0.00926123256292408 -0.0125729888612432 0.000729054611512841 0.0484411836433601
-0.00467288834338537 0.00230369480996972 0.295227879437462 -0.235755586692774
-0.00139257314782612 0.00815171183388406 -0.0477881860750648 -0.52432806761267
0.00903605759526576 -0.00719459921980677 -0.456892344818091 -0.147486696593238
-0.0144489303710323 -0.0303891439080997 -0.221309897495919 0.305802769631049
-0.0221577505840303 -0.0127981082153981 0.104164383813398 0.229563284807565
-0.000572764295854305 -0.000190514507673574 0.113836959399165 0.0109444252993138
-0.00107679373872676 6.788222731183E-05 0.00454125799458102 -0.119253815230791
-0.0121819996684885 0.0104731393213126 0.00622098794744407 0.0898842449590213
-0.00685219590526569 -0.00201908860311014 -0.0905343767866235 -0.0142338676953696
-0.00531895593602506 -0.0206261331443499 -0.0575007374362895 -0.223198347036736
0.00554682631350944 -0.0255990237920469 0.248647685892197 -0.206464233392893
0.0252350853553164 0.0172250289331052 0.398255246563669 0.211285894081892
-0.0137333252962449 0.0228719745260167 -0.0161897999643453 0.532140061006565
-0.0062021016398684 -0.00874654279735443 -0.314697704883547 0.231487345401844
0.00462648858091281 -0.00927068106908443 0.00689650040749253 0.0456490767800996
-0.00643792845817218 0.00749103950907956 0.284313350256771 -0.246328464663856
0.000864066174087484 0.0109321414882148 -0.0797357014001439 -0.512957645146713
0.00846435016302642 -0.00797668727212289 -0.464246293773553 -0.112025295144719
-0.0174470848102602 -0.0290716954880292 -0.204494058284255 0.319803574822904
-0.0199021851820086 -0.0106495139657059 0.11490133973302 0.221731009149845
0.00177352826704267 0.00174382526693112 0.116774539001923 0.00274488999601178
-0.00156877615219504 0.00194008612904068 0.00625803470229373 -0.119961272752527
-0.0105040954989305 0.0121994538147274 0.00692127104244613 0.0902694580794401
-0.00350396599008733 0.000369842875359656 -0.086594057475018 -0.0168050110698503
-0.00204050877787345 -0.0173372367069286 -0.0501738746308253 -0.226852948987703
0.00555902628354978 -0.0230688834948025 0.252334397343452 -0.196100153007706
0.0253044495986377 0.0177346141075745 0.386863363072161 0.232200775235004
-0.0128744025248849 0.0245512256273618 -0.0376557330900042 0.536669212289021
-0.00987041617264121 -0.00375480237903001 -0.321459436974138 0.225964902328726
-0.00183368823474335 -0.00476811489700314 0.0101450265754821 0.0451399972892483
-0.00913245900795256 0.0131399211362672 0.278987447081204 -0.251913150101108
0.00330034643036599 0.0123126800567311 -0.100550099335811 -0.504105048041737
0.00772781563845715 -0.00893928540960819 -0.467144018260174 -0.0905082635863095
-0.0180626052739351 -0.0273361101082567 -0.194406098988349 0.326565189747818
-0.016967256827673 -0.00780949578572457 0.120225662750546 0.216399441473906
0.0051481895218562 0.00352370817324294 0.118660098048857 -0.00196187514332474
-0.000309503227595119 0.00298464038503155 0.00708061577707592 -0.119177355588806
-0.00836285917046425 0.013590749668372 0.00635040395729487 0.0915434168629536
-0.000865018442394886 0.00292110410256556 -0.0837235183058794 -0.0163081950894384
0.000843462021816687 -0.0124652048755556 -0.0485998500872441 -0.228511021852024
0.00606367608787863 -0.0208577288224221 0.25033822584637 -0.195607726688723
0.0258003738412155 0.0162125261606312 0.382056555557432 0.23672112362104
-0.0118198495428886 0.025880736077911 -0.0442223404364745 0.539565103752554
-0.0142475715006872 0.00111483572103929 -0.322913171136174 0.22531229732067
-0.00853643769834808 -0.0008485077612406 0.0101058723528897 0.0457550224283908
-0.0113284231199966 0.0176919935836398 0.276634794636605 -0.250635411070083
0.00590580535419294 0.0125903594041809 -0.103434496747695 -0.500025487368598
0.00789224167429843 -0.0108028398545699 -0.471064061158831 -0.0829556936468804
-0.0176363342449554 -0.0249589185069231 -0.194101671162538 0.327142744007199
-0.0132168889442776 -0.00372423027317755 0.120367305171619 0.212834125689322
0.00858835478686607 0.00566601216824112 0.121380641588696 -0.00326060192590849
0.00130668199733 0.00396676534282906 0.00763216857189064 -0.118697816317808
-0.00506840556420706 0.0143241290664642 0.00614083612554974 0.0934000826990004
0.00310518364765232 0.00511682652471357 -0.0819758694141819 -0.012865847901465
0.00248660188416944 -0.00618891813593246 -0.0521240574126934 -0.228745808011122
0.00578840847634443 -0.0171920485159537 0.242991895874413 -0.202420396954833
0.0270383775273035 0.0134097455410718 0.38618708924325 0.226627489390866
-0.00946091762482777 0.0259056785760552 -0.0303410381697543 0.540932162494929
-0.0180748509402555 0.00581428076417175 -0.318951323955709 0.233527098008979
-0.0153772758471538 0.00213985103803232 0.00694222472688728 0.0484571677441559
-0.0130128454207383 0.021276993656836 0.280649873664375 -0.244722273559196
0.00732093052029681 0.0115653581658702 -0.090845556114943 -0.502954874619027
0.00850076414371978 -0.0123157161946567 -0.472772927691027 -0.0957952775737512
-0.015532762047382 -0.022643779063126 -0.204022388335041 0.322135987381786
-0.0100933799673109 0.000191770047433584 0.11536196877523 0.213729144646116
0.0111679133388001 0.00681934527277861 0.122624733395845 -0.000402888626589108
0.00490152105766521 0.00392812895630524 0.00711660562296601 -0.117166738648726
-0.00556851124367254 0.00462332842812297 0.00094652263992871 0.0948575945403414
-0.0105648804979555 -0.000287969845876534 -0.0987816541425284 0.0185450863469066
-0.0104375739467136 -0.00971608593815012 -0.106163243777203 -0.194495281335987
0.00521997233719512 -0.0224880950008916 0.181305703338746 -0.270468021164046
0.0274845909197018 0.000952549620296501 0.434493231278417 0.0603577617469434
-0.00945935996284903 0.0146120142529497 0.139174726574176 0.478497047166848
-0.00548314640538332 -0.0151315540393133 -0.25393837501771 0.285393582368029
0.00838463347048767 -0.0167740583483741 -0.0241071434755603 0.0610484686517098
-0.003316274990406 -0.00450152590220996 0.322709907428441 -0.182134631171884
-0.00268211827857619 -0.00132472613587073 0.0781549702810712 -0.537259069946315
0.0130366596977368 -0.00878139426518875 -0.412160390094182 -0.269100748394777
-0.0037516915556914 -0.0256666008528784 -0.281550915785182 0.242404638973008
-0.0208021885796231 -0.00847511884768958 0.0640549103155585 0.244650905973882
-0.00253529207654549 -0.00345575505701014 0.108000358987888 0.0368373313611508
0.00574550629272803 -0.00396375789045325 -0.000359331785406203 -0.114078454258911
-0.00814075235615533 0.00513232596790986 0.00228795858907445 0.092826919132518
-0.0114347604094613 -0.00179619339311433 -0.0978415889025733 0.00936096611168642
-0.0115238320141404 -0.0149869191047064 -0.094081128624069 -0.20193473166828
0.00489577086113425 -0.024410119506068 0.202115816166798 -0.255560487253926
0.0267738292862307 0.00575558945595333 0.430384656468928 0.0984389577257997
-0.0113630052330948 0.0160864355157015 0.102409712068633 0.491635700074492
-0.0036928871867209 -0.0161502573380523 -0.268157298204411 0.270996241114901
0.0115545677084033 -0.0171736847166885 -0.0149229620908576 0.0560658176567964
-0.00258287952000461 -0.00434918808754579 0.313225751962994 -0.200721515810495
-0.0033580858445692 0.000997779382365947 0.0340243631664595 -0.536325654936591
0.0112582891507271 -0.00797336608362659 -0.426739706504987 -0.230225282608296
-0.00707084560924712 -0.0280457592739606 -0.260106748226274 0.265228374649757
-0.0219230744631733 -0.0115782314940561 0.0781381348958102 0.239806072456278
-0.00309523399387902 -0.00322340342728268 0.108968916457762 0.0285821155027258
0.00239043289026004 -0.00345511520228792 0.00054821296125671 -0.115951270453301
-0.0108819226363667 0.00704581794386683 0.00375147846407796 0.0909906353523278
-0.0112918141008281 -0.00279166928618848 -0.0962169951586495 0.000626166138594243
-0.0106377408832942 -0.0187305533039752 -0.0814672141166696 -0.209432729990954
0.0048618383831401 -0.0260768501095241 0.219491678050466 -0.239269220478153
0.025949984277017 0.0100742654541694 0.421662413959298 0.135891168512754
-0.0130632533324371 0.0185615688578712 0.0620025094133639 0.506534982169773
-0.00262597985699378 -0.0152978593345824 -0.28435124602473 0.256495886763269
0.0116675760632481 -0.0157254911004602 -0.00666334424268975 0.0516633215293245
-0.00299236647480976 -0.00174020443710848 0.302617754699874 -0.219724496107098
-0.00280434317992869 0.00477875416325064 -0.00812212649625329 -0.529921399285494
0.00990847708932504 -0.00724453179348889 -0.443678657462042 -0.185094000399312
-0.0109091465727734 -0.0290368352473687 -0.23753741618502 0.286440408254849
-0.0224730107249098 -0.0131011411145579 0.0918162049428244 0.23425255492183
-0.00238101087112171 -0.00272473474992843 0.110865885488843 0.0190376163073867
1.27275375031589E-05 -0.00160884741861791 0.00246906802472046 -0.117196454125199
-0.011519462490896 0.00835244501146442 0.0058243041521177 0.0896193600667729
-0.0094142184670991 -0.00320844029882 -0.0931835532220007 -0.00705190577103617
-0.00819046719728017 -0.0209558188012561 -0.0687613935757026 -0.215052108699247
0.00507513210461904 -0.0259828135383729 0.234337751584037 -0.221613514536889
0.025519639678453 0.0141033902794613 0.409330457812656 0.175015934225129
-0.013520628931355 0.0208641871870053 0.0224460603347698 0.517332789168946
-0.00363310504419158 -0.0127016765122582 -0.298457863608895 0.24283357468091
0.0092492617998756 -0.0127647317216929 0.00078755937986417 0.0478326344511844
-0.00460789192661368 0.00253506269715122 0.291097670377784 -0.234681814937193
-0.00112813984272035 0.00802979166421039 -0.0490361026898299 -0.519436911790792
0.00910443234950455 -0.0074467607865507 -0.453575778833482 -0.143814493642625
-0.0146299931372164 -0.0297558333244109 -0.217672315517202 0.304496536938805
-0.0213578194019019 -0.0124107861261155 0.10483439858147 0.22691420938766
-0.000315740075128626 -0.000430071890041999 0.113305139219519 0.00991960931395549
-0.00166780777268561 0.000114980649897743 0.00402723153074307 -0.118091698136739
-0.0116970537109727 0.0103504708675684 0.00630559763317457 0.0887418442809744
-0.00686420043243122 -0.00208080930000277 -0.0896639297526437 -0.0128682840304892
-0.0050020016445509 -0.0201282769826612 -0.0578628991867202 -0.220292833857677
0.00541340724277054 -0.0247201392909319 0.244266983178532 -0.206271168487613
0.0246473374221498 0.0170405764788864 0.394953989321183 0.207672248822105
-0.0136386835527501 0.0224791449177392 -0.0126563327678398 0.523545274282595
-0.00599863227622935 -0.00841773445270727 -0.310510292657438 0.231259789451813
0.00476867742456469 -0.00872479889247081 0.00659833874116391 0.0450433622470295
-0.00620548122893916 0.00811310505488819 0.280710765491207 -0.245334598614417
0.000805813590957435 0.0108040584475413 -0.0830570563865537 -0.507835182336471
0.00784498485387385 -0.00816010751743117 -0.459891169814486 -0.107640021106018
-0.0177530647869446 -0.0288972352693158 -0.199483535623737 0.318425766840508
-0.0194545827332295 -0.00997252853887296 0.114873811160126 0.219207967634294
0.00173124651554967 0.00137741580832973 0.115461701917249 0.00207485437636688
-0.00216037783747648 0.00179859434213498 0.00595808697648077 -0.118685636687456
-0.0103484114950866 0.0120285259049624 0.00707816424748618 0.0890347072068395
-0.00316170234081306 -0.000204312997600337 -0.0856939479093415 -0.0157022053134383
-0.00235033320700775 -0.0172784345505969 -0.0515662331098147 -0.224168513257757
0.00573034992523845 -0.0230714770853564 0.247889811815435 -0.19718257700366
0.0253625499274613 0.0174302019499182 0.383723664353767 0.227355110360988
-0.0130775297398784 0.0244159631628604 -0.0348409887008581 0.529915334835421
-0.00976949076678832 -0.00401141669601547 -0.316042784158645 0.22493310500328
-0.00173936380663408 -0.00468050649969472 0.0104239384396924 0.0442970738103172
-0.00867034315698158 0.0130607224625705 0.273908866127549 -0.251453998058116
0.0033477811277185 0.0118373023937261 -0.100839119902364 -0.499353509241552
0.00735687508900346 -0.00919724750710736 -0.464643382544603 -0.0858118957098357
-0.0183485078403113 -0.026834484121894 -0.189679024673334 0.32512463056584
-0.0165595783259527 -0.00752133581939253 0.120003443465789 0.212870401999442
0.00481700307900165 0.0030286161718098 0.118224122361878 -0.00226597768715128
-0.00114725295929425 0.00262133186239251 0.00702927940908667 -0.117930229134793
-0.00762337597425746 0.0139041852835681 0.00674891940787783 0.0899134232454437
0.000190800917764509 0.00266199701886758 -0.0833518436717293 -0.015937840977018
0.000697617798926603 -0.0125097090990073 -0.0489892686319197 -0.22616842074967
0.00578620869758367 -0.0201060105705118 0.245927615982661 -0.195647022229943
0.0262699105440533 0.0162339315469739 0.379507280745633 0.232118921028439
-0.0114610770360515 0.0253593119048116 -0.0394034705279042 0.533945224472202
-0.0143369138481913 0.00109283515559526 -0.317909051157378 0.225333748623488
-0.00861932772612108 -0.00109042075670327 0.0104892291914946 0.0450232734832014
-0.0105398577997293 0.0178263241602599 0.272480117337275 -0.249341860774745
0.0053615864472053 0.0120213665922126 -0.104952592101309 -0.495218143818072
0.00740409779826468 -0.0107121591085027 -0.466113416346406 -0.0801517920856016
-0.0176726929717354 -0.0246936363507288 -0.189986319840366 0.325840942228391
-0.0132097239477042 -0.00412313316833402 0.12041794097215 0.210427865494143
0.00808105168851694 0.00457774903708639 0.120677646219848 -0.00338519294816093
0.00101865563135623 0.00346379931880371 0.00722689067526971 -0.116836319360239
-0.00470688277669587 0.0141516753954893 0.00604550941139253 0.0917671230198084
0.00297861210200568 0.00475401375208039 -0.0813177037269293 -0.0119469866290654
0.00302439444240935 -0.00649731734635443 -0.0534802679959406 -0.226345186523918
0.00558848229921169 -0.0171882209672152 0.238707998687874 -0.202549876463503
0.0266814614459276 0.0130923224041786 0.383253921141333 0.221482161530926
-0.00875885799761745 0.0255785300569816 -0.0265840490835203 0.535480119044419
-0.0176329047113131 0.00539846293247221 -0.315074213411143 0.233193895531938
-0.0149709736801807 0.00189926611589123 0.00712432152547428 0.048180211164243
-0.0131397070625658 0.0213386686618039 0.276976492425223 -0.243246765251256
0.00707778839594708 0.0114960359027312 -0.0933528412608086 -0.497424860968038
0.00819649475819659 -0.0121828142017403 -0.467992861074449 -0.0914852287641068
-0.0153724988664493 -0.0223466561203847 -0.199844216753895 0.320050436460519
-0.00981925960967255 -0.000128747190268087 0.115703079872346 0.211062718386462
0.0108570991793134 0.0060083519126246 0.122093282054547 -0.00104446469191685
0.00351659626230758 0.00457070098174477 0.00711422872486139 -0.115845919231639
-0.00552399522737031 0.00474763250860243 0.000638534380212951 0.0938388819461373
-0.0102162135525478 -0.000467485839588699 -0.0967128152582582 0.0190731379144598
-0.0104146108774606 -0.010039038463753 -0.105448142717623 -0.192451921479375
0.00490439625752895 -0.0222296549619706 0.176811807823158 -0.269773802011725
0.027334127150472 0.000946927070557789 0.430145094080413 0.0574092124080684
-0.00892745418835397 0.0143189851868664 0.139167597926113 0.472870262072389
-0.00552072071023428 -0.0149892965615226 -0.249801037104237 0.283458064546598
0.00786400806630056 -0.0170753616883702 -0.0233734274566829 0.0608526644537155
-0.00336761374571764 -0.00388700365881059 0.317555003261735 -0.181777496479919
-0.00248671483873342 -0.00101171021422621 0.0760558456829523 -0.532577545324052
0.012393010301269 -0.00912235080051255 -0.409649990651478 -0.266577773150458
-0.00324553668964619 -0.0254200925799709 -0.277062336927648 0.241785724629708
-0.0206542214291684 -0.00873431984619459 0.0645329004808814 0.242617346741187
-0.00315589769600016 -0.00360565945759717 0.107260293733713 0.036241313969328
0.00524640415882233 -0.00351134658647899 6.90456568639938E-05 -0.113248374046392
-0.00845419838387338 0.00552625647933172 0.00226648839075667 0.0918808491188051
-0.0114978212970379 -0.00155889695416328 -0.0968192513888231 0.00987881507704667
-0.0109628418485529 -0.0147547101049027 -0.0937352976783824 -0.199395715324757
0.00411574537847959 -0.0242563717475107 0.197318739920313 -0.254491402644656
0.0265338723461958 0.00529930629997367 0.427581422027371 0.0944526044135784
-0.0113567583326904 0.0160337056068649 0.102945686967257 0.487524427752414
-0.00338844148287038 -0.0164207048815299 -0.264824795281926 0.269476320266058
0.0112899362836375 -0.0171517192573526 -0.0145130401635105 0.0556458266842415
-0.0022857279082087 -0.00350027386137488 0.309809649513723 -0.200432569045446
-0.00291062852661443 0.00134853322572751 0.0315975768036059 -0.532694574619381
0.0112171895460483 -0.00798090253416235 -0.425982963409304 -0.226173707918384
-0.00703330262564161 -0.0275395130419814 -0.256895728848198 0.263840254037579
-0.0218859493722164 -0.0115736173116053 0.0778654210772609 0.237560894952
-0.00301069858854698 -0.00365063780487342 0.108119356995986 0.0276664089366396
0.00260462270435736 -0.00337740950243047 0.000341889229681368 -0.114670606313771
-0.0104516277724029 0.00691339827955845 0.00407257534817282 0.0902630867335325
-0.0108868555380575 -0.00279716455056815 -0.0951974243431767 0.00110248012795233
-0.0102274616795305 -0.0184896419655649 -0.082096709520821 -0.206889829067849
0.00441798792883992 -0.0259183559257959 0.215563486410239 -0.237800889430683
0.0260118683081578 0.0099942135410102 0.417985673779493 0.132700025963613
-0.0125479763438276 0.0184420186007581 0.0640301702176519 0.50094188750261
-0.00241173399564646 -0.0154751226173921 -0.280719018168958 0.255002156770473
0.0116739946933038 -0.0154629435811351 -0.00667898181569889 0.0508143523304112
-0.00316938106617753 -0.00113735217455376 0.299533752806854 -0.21886451856289
-0.00277694691583001 0.00517476341739894 -0.0108668012470971 -0.52497644843393
0.0100855420281612 -0.00717728129737203 -0.438788323068612 -0.182379012826741
-0.0109905173069883 -0.0287546280188954 -0.234909578121132 0.285160170110631
-0.0217738267099382 -0.0126663835666021 0.0917626827503629 0.231982436347031
-0.0026244755916944 -0.00250827313378455 0.11023388649169 0.0186014441722111
-0.000269033311869612 -0.00175630240051047 0.00205400819462723 -0.116093546441542
-0.0112929152694372 0.00883069491416424 0.00553034850383453 0.0885742355722368
-0.00931498838850055 -0.00267107061399304 -0.0923365187015678 -0.00625607132611825
-0.00823740454036032 -0.0208824810954154 -0.0693761539867398 -0.212962748464217
0.00467666146925903 -0.0258578843234055 0.229939038326967 -0.220230917495423
0.0257795996786726 0.0133310419656342 0.405861937564132 0.17096382853392
-0.0131463043824537 0.0204546554558072 0.023767879470193 0.512695751469579
-0.00395984493057907 -0.0126004545120135 -0.294272890827759 0.242370028120888
0.00932978579588214 -0.0127663558630662 0.00104435224005857 0.0474160991423878
-0.00484490814075581 0.0029898904373509 0.287620163101985 -0.232996720186286
-0.00102458397027328 0.00790902411604831 -0.0521099669118653 -0.515381838991087
0.00900547948840865 -0.0072448842693549 -0.450196252925658 -0.140370232675797
-0.0145690999958707 -0.0291073351982672 -0.213372540994304 0.303653324240843
-0.0212002729780648 -0.0124075336701602 0.104446907567924 0.224211425254546
-0.000871041806286643 -0.00110132731598115 0.11285354053594 0.0098546184115574
-0.0017673198235814 -0.0006935698152138 0.00309365188271756 -0.116991983538843
-0.0112897602817608 0.0103317265296595 0.00657401187237916 0.0884272476593275
-0.00616662471988051 -0.00227759948492963 -0.08870056547055 -0.0124774604055248
-0.00465790566875073 -0.0198922938734139 -0.0591077014800746 -0.217987691383144
0.0051833295690735 -0.0247211236037801 0.24013568195332 -0.205267683386992
0.0252042402689037 0.0161710573517588 0.39221939040614 0.202473737267051
-0.0131687814230948 0.0221744311055336 -0.010452644404277 0.520744903259634
-0.00598571100643313 -0.00841246692506015 -0.306249677606457 0.230487210295496
0.00490267292411052 -0.00884955804712264 0.00719558724654784 0.0451993022522646
-0.00624300856127607 0.0080366573573671 0.277279608532084 -0.243826598573463
0.00117541714065741 0.010796662573376 -0.0837079587830751 -0.504148633033316
0.0075682865810667 -0.0081736197469438 -0.456240118478952 -0.105495521401195
-0.017498419985824 -0.028075969820998 -0.195898703241332 0.315995352716229
-0.0195199148416151 -0.0106454501458871 0.114462346397101 0.216766033039948
0.00139294446417105 0.000587848990092772 0.11488806440397 0.00155146424659433
-0.00246076672179513 0.00149747372808543 0.00549772231628995 -0.117257246197231
-0.00992439260578181 0.0121577162856732 0.00679184452062949 0.0880618228633143
-0.00314663812547791 -0.000296292719710145 -0.0850953900701937 -0.0153045335122065
-0.00173075045325808 -0.0171578345289067 -0.0521227333114322 -0.2215475919702
0.00514045667729979 -0.0222981574854514 0.244079135111335 -0.19563013602979
0.024818957321256 0.0169389461615191 0.380215688767138 0.222376290174592
-0.012790016398493 0.0241358129428921 -0.0299208064596826 0.52457210985418
-0.00975238480917257 -0.00380869905154426 -0.312909721613152 0.224535134891101
-0.00170146977844525 -0.00503877390198069 0.0102551424576854 0.0442658829167813
-0.00850759223851683 0.0130365218883543 0.270683862738406 -0.249768357475155
0.00338296928638066 0.0123978779875681 -0.10318272275804 -0.493973149950302
0.0072706831051566 -0.00883891003488963 -0.459728150788309 -0.0834333618172336
-0.0180956912723154 -0.0262438650615987 -0.185889526384646 0.323543370938609
-0.0164078666123257 -0.00777163562753117 0.119603974741147 0.21055365770955
0.00481611525544226 0.00274464490352765 0.116689073689282 -0.00296835557143096
-0.00167239082563745 0.00255966053494353 0.00623300452624694 -0.116930961043587
-0.00736785768170741 0.013751211967084 0.00668476534834662 0.0890232413286259
0.00017487548554577 0.0022468022734799 -0.0820443857181603 -0.0149404119231256
0.000964561303888839 -0.0119955730079716 -0.0496753640749657 -0.22365535216855
0.00557680998750396 -0.0195806555501601 0.242334412319552 -0.194793641947797
0.0260647111574035 0.0157184787052909 0.37703902109841 0.228079699282616
-0.0113231268413239 0.0249354022250582 -0.0364287456261974 0.528146240912884
-0.0138201116676447 0.0013104980740112 -0.314652516611825 0.224995942896562
-0.00875025944314343 -0.0012082767557253 0.010257508511513 0.0451511496222961
-0.0106872393254069 0.018406986866931 0.269264815811843 -0.247808973693224
0.00558546542835704 0.0121474378723369 -0.106620238283772 -0.489734616205985
0.00749423573693196 -0.0105551257625621 -0.461838651083627 -0.0762011464771833
-0.017530913669235 -0.024199479176417 -0.185836574121819 0.323494993472652
-0.012596309770098 -0.00354087041915234 0.11992154481523 0.208130679293485
0.00720674646007499 0.00431307036445401 0.119530521846678 -0.00388069221929939
0.000625845907828567 0.00348024186913377 0.00635221584632237 -0.116289104431382
-0.00422273356627511 0.0144204728029101 0.00624407599268172 0.0912160906324933
0.00292851810612276 0.00459199861616767 -0.0804544334750118 -0.0114479289012482
0.00297012470559713 -0.00647694071924195 -0.0537724213779606 -0.22328576908704
0.00577381951415663 -0.016380071672452 0.235048313450268 -0.201819590874284
0.0267905051483896 0.0126817192455116 0.380434624735074 0.217778805402027
-0.00885908800942152 0.0252752964438249 -0.0236950122444828 0.530374190158927
-0.0172253867168308 0.00602947844931773 -0.311143785602235 0.232435617444609
-0.0146629555725015 0.00192935799716044 0.00664864994446414 0.0474992811658306
-0.0131668097563357 0.0219390473592096 0.272305083532201 -0.242173834501824
0.00705037159537458 0.0113075526511961 -0.0941898486286737 -0.491428433505593
0.00776760648499229 -0.0124881255376618 -0.464546585210252 -0.088908991289502
-0.0159722922820414 -0.0217071130493821 -0.196484270445315 0.318049616633827
-0.00932988160580662 -0.00023224010399691 0.115064508807019 0.208656014511845
0.0104873943485065 0.00561765855175478 0.120602539912055 -0.00143394717667738
0.00370800489420995 0.00353652295066533 0.00658018386725361 -0.115001673803915
-0.0054955088557054 0.00483156048863095 0.00080020353106665 0.0933251419281299
-0.0101472425235223 -0.000491945353352876 -0.0960340446763669 0.01844776424479
-0.0099371508102874 -0.0102303863885824 -0.105196466450759 -0.190487907096082
0.00484753671574414 -0.0216641211044439 0.175139339273744 -0.268366948282464
0.0271915640919641 0.000565875690372308 0.426459630757414 0.0551213997231208
-0.00887585165180631 0.0149456638203726 0.140233112791174 0.468841017750266
-0.00546980568398697 -0.0147390986354829 -0.247042927458718 0.28231334094014
0.00824848199351261 -0.0166104721422279 -0.0233441794061582 0.0604627378960571
-0.00336351198898199 -0.00358266816774558 0.315241017158937 -0.180803000421472
-0.00307139671626836 -0.000681321817054293 0.0742865941744189 -0.527876169142216
0.0123807209066306 -0.00899623842272674 -0.407330614586673 -0.262877169672911
-0.00364394242522736 -0.0255665905737624 -0.274591707944135 0.241554846005233
-0.0202619227654942 -0.00882431893069599 0.0646654513710101 0.240457289311679
-0.00321944317334797 -0.00398076884962206 0.107027658886658 0.0360263980076865
0.00506979044671937 -0.00459439690071316 -0.000292841985590553 -0.111794157315579
-0.00812447713003159 0.00572676906400369 0.00198262521322635 0.091370268898354
-0.0111248085735343 -0.0016033129957768 -0.0956682031453119 0.0100304594110243
-0.0106123503953363 -0.0147388917718797 -0.0936227566949457 -0.197674084577547
0.00426514274023674 -0.0237064622617671 0.19512565302673 -0.252848160497442
0.0265272519434188 0.00499214717202373 0.423241893448157 0.0927048552109246
-0.0107111341747848 0.0156590086682721 0.104105130924513 0.481890750803544
-0.00336585350811244 -0.0161723026620588 -0.262850600242259 0.268102181799022
0.0117768661509816 -0.0170957337767217 -0.014588017988974 0.0546566153489334
-0.00232979268106569 -0.00321664913525802 0.307464335598477 -0.199073532571373
-0.00357982604376731 0.00137940107324471 0.0311553313001701 -0.527921891693796
0.0108080209546802 -0.00805839160222366 -0.422258720586151 -0.223159600099836
-0.0074944775638109 -0.0270876444482409 -0.253709258985517 0.263533183459267
-0.0215079613165351 -0.0112234626300956 0.0782587352474032 0.235889063248971
-0.00311685448661936 -0.00388449466643058 0.108120743948532 0.0273014486632458
0.00198426689172993 -0.00340881184445815 6.29382085470824E-05 -0.113761019687576
-0.010317605666026 0.00717192534972108 0.00392845130947939 0.0893724330910974
-0.0109360990491456 -0.00260571145745701 -0.0943813192720865 0.00137046654597328
-0.0102034620136125 -0.018284433804245 -0.081462675543027 -0.205072751657539
0.00415822281400572 -0.0249943153918631 0.213236700256087 -0.23722835556629
0.0254943859489564 0.00986120347149685 0.414341720073092 0.130760812085605
-0.0123505731454794 0.0179075468935414 0.0641928250241769 0.495808071797794
-0.00289453593420784 -0.0152916841944638 -0.278180032069678 0.254124713780354
0.0119370688669847 -0.0156963056344472 -0.00680822068603761 0.0507020377914001
-0.00297357189270078 -0.000885723442095173 0.295488114040834 -0.216767971252688
-0.00306235648174868 0.00485428272211797 -0.0122591605735497 -0.520686413816189
0.00962095468461943 -0.00714179169120492 -0.436916052868105 -0.179346452139632
-0.0111222899350946 -0.0287612144812699 -0.231940865121165 0.283618200974263
-0.0218239813297906 -0.012841830944834 0.0920579161955566 0.229709102876688
-0.00250876567902894 -0.00327938318107495 0.109599274117874 0.0178433235454551
-0.000798854310633819 -0.00202510806110997 0.00169168254268886 -0.115380385183642
-0.0112519713560267 0.00894592382268642 0.00551044775869138 0.087179450202752
-0.00883606730359668 -0.0032984470636745 -0.0911597127189193 -0.00585357570396292
-0.00768370895756133 -0.0203983486682987 -0.068977290131695 -0.211319778163365
0.00479208225651971 -0.0250460921015787 0.227575675223734 -0.219225998893182
0.0253440748216366 0.0137011510676226 0.402345349936314 0.167923056003812
-0.0129909841650069 0.0201421815416806 0.0259670480627003 0.506798143731002
-0.00341399973753126 -0.0124440803821555 -0.29209211549097 0.239958498487758
0.00940948630138489 -0.0129444620358127 0.000537657994165854 0.047337234073457
-0.00461487114170328 0.00305989088097018 0.284699645094825 -0.231628992263979
-0.00132240767803932 0.00829443074844581 -0.0517656587185429 -0.510784638230538
0.00862550238374247 -0.00741087539104049 -0.447108573455784 -0.138229391877377
-0.0144511057339219 -0.0287068109677454 -0.21112582763212 0.301363538623532
-0.0211052968013093 -0.0122234446725048 0.104361040630688 0.222723964195855
-0.00117051279414344 -0.00175027270171382 0.111687462205014 0.009490262837214
-0.00243106588698526 -0.000414862002220525 0.00326339730828467 -0.1156434959933
-0.0112010860161163 0.0106146993684973 0.00638120472886352 0.0871056712945853
-0.00620601537186662 -0.00203700750037331 -0.0878484252199586 -0.0120152175898158
-0.00458208115777777 -0.0199136226970748 -0.0590097192478183 -0.216725442477861
0.00517689584860028 -0.0242873968590386 0.237155996131062 -0.204661145990862
0.0249554175422205 0.0158864272002821 0.388798953439606 0.199794988235519
-0.0133105289000745 0.0218938201805113 -0.00816098154959986 0.515326405605272
-0.00563764156856637 -0.00859326301715528 -0.303295905353214 0.22882245486168
0.00485947694792427 -0.00898127099150823 0.00724398057505114 0.0444656214401354
-0.00618710759562179 0.00828299945852833 0.274999576087176 -0.243021941234146
0.000491819679381458 0.0108065046131747 -0.0840960776501452 -0.498972527539095
0.00762086857019892 -0.00809979165460527 -0.453735539717081 -0.10294964152598
-0.0167621777512547 -0.0277015961971066 -0.193507767109625 0.314596914159592
-0.0191716400377699 -0.0101111167912604 0.114358616282116 0.215051953365752
0.00126963291182586 0.000412957524389924 0.113912827817509 0.00162920016245995
-0.00260989349543935 0.00129956324368534 0.00525721607399085 -0.116068730897725
-0.00994224914934509 0.0122241140712966 0.00666169978982703 0.0872305083384499
-0.00292442640702101 -0.000395914694107752 -0.0843421820137554 -0.0145706658050305
-0.00190083116158149 -0.0169915038303409 -0.052126050799506 -0.219351294388456
0.00559055990678348 -0.0218689877933257 0.241869911189345 -0.194875244743677
0.0250765872759889 0.017015742977373 0.377967894316537 0.220854844924368
-0.0125320631512542 0.0238916862828093 -0.0291470140434909 0.521061918339991
-0.00940449878403175 -0.00417915375782118 -0.309390894848228 0.222891732694343
-0.0014547694808791 -0.00514452429956434 0.0105820188525682 0.0433526317849164
-0.0079646535943027 0.0136502556709378 0.267182235137664 -0.247699910323623
0.00327489260603007 0.0122700469646619 -0.104066332724201 -0.490328735070625
0.00713303290952084 -0.00934087858430287 -0.455582277042239 -0.081720206571972
-0.0180411221886507 -0.0261032345881408 -0.184214437287085 0.321690840056707
-0.0164771827156611 -0.00780521027728764 0.118899168906238 0.208771929145652
0.00412620597253782 0.002294335205558 0.116086849774651 -0.00288086326904727
-0.00145375600455864 0.00283711839254201 0.00602786904468284 -0.116330655948251
-0.00722733782646321 0.0136262499746574 0.00608984526609062 0.0887379809148351
-4.46139833279184E-05 0.00168876743567621 -0.0811470543798657 -0.0147969565463746
0.00133832873882357 -0.0122380978607547 -0.0500144745600007 -0.22189829927414
0.0058268340526823 -0.019323884530558 0.239244357607532 -0.19395714438895
0.0256638890241252 0.0155627705707083 0.374080323697349 0.22462164301558
-0.0107223571489624 0.0248194624695736 -0.0340615668333112 0.524622253733029
-0.013475419806003 0.000840417092745848 -0.311215609527439 0.223615562581707
-0.00826160871033425 -0.00113786711539137 0.0103255830925256 0.0448228783074116
-0.00994144026965066 0.0182623884103767 0.266204618844067 -0.246524957603626
0.00539578963439057 0.0120324335967111 -0.106450505600311 -0.485680185442404
0.00752057696360883 -0.0105308065130655 -0.458771337506621 -0.0758534226745452
-0.0171897938035474 -0.0236854876678618 -0.183798873682205 0.321752187595245
-0.0129295119072306 -0.00383388201771894 0.119456091333733 0.206265149086463
0.00768962286914709 0.00384360142442104 0.118639570250999 -0.00448249404171282
0.000253295088525829 0.00330433687098312 0.00655960315004064 -0.115169348241941
-0.00398166158312055 0.0141908609505693 0.00615823082568064 0.0902367866809947
0.00356734483899254 0.00420632440655501 -0.0798455577468766 -0.0112659787485422
0.003705218937552 -0.00688807521475283 -0.0533084636223733 -0.221647626335293
0.0055674843740561 -0.0163071774197252 0.231931267733564 -0.200683201332386
0.0266271116336196 0.0123446525797786 0.377040159223689 0.214777721070107
-0.00867618864337215 0.0249575303729215 -0.0202710774104582 0.525335227644962
-0.0170260201431093 0.00536507003213265 -0.307902411059608 0.230977527047224
-0.0143578953212641 0.00191036116455576 0.00723571044632366 0.0474047824777581
-0.012526763454546 0.021605586498773 0.270450558856359 -0.239983307172584
0.00697816168202168 0.0114671073879898 -0.0947744772836556 -0.488531831330301
0.00764970179894493 -0.0122435315397189 -0.46102580391885 -0.0865828389763185
-0.0156456127752669 -0.02125211844851 -0.193584202006694 0.31667592117564
-0.00949759671766523 -0.000205668419707475 0.114578600436699 0.207144826574702
0.0100851710759732 0.00492888248725157 0.119763279297464 -0.00177504846007583
0.00308359415992723 0.00343667283243567 0.00611771456801185 -0.114022114160051
-0.00559935833857068 0.00488749731678781 0.000285915715282248 0.0926978918824728
-0.00996098065184163 -0.000614312521473218 -0.0950014135022376 0.0187337061710331
-0.00993424975662561 -0.0100297825628421 -0.104595975438837 -0.18870989763982
0.00452509568976063 -0.0211864427691922 0.173212920206943 -0.266685785153527
0.0270856032337031 0.00091904832776382 0.422564608949809 0.053863838987895
-0.00880861604436146 0.0142292120253813 0.140501559759209 0.465762491955894
-0.00503113340304806 -0.0150612739373599 -0.246081986829212 0.279867887352317
0.00800977159642878 -0.0166106746657422 -0.0231025978073437 0.0600529367288403
-0.00305096006570131 -0.00318434834974097 0.31314465376121 -0.179409384015643
-0.00336109651107344 -0.00108655425607488 0.0729690912246545 -0.524446909957445
0.0120188400158187 -0.00915426449596461 -0.404933369471383 -0.26246921086484
-0.00378831353699848 -0.0248278182305023 -0.272680441293877 0.240488858184059
-0.0202329735855281 -0.00838252647748806 0.0635742711938193 0.239527228458583
-0.00314043022500422 -0.00459669346424717 0.10629379169469 0.035504774107489
0.00459994917902645 -0.00451806198247288 -0.000373889566143883 -0.110803504485628
-0.00806593080806766 0.00599469813347278 0.00160190077115703 0.0906445127262534
-0.0108317146018005 -0.00153182873878333 -0.0948056678061544 0.0103114422825537
-0.010306754291283 -0.0145890344969673 -0.0934253803873405 -0.196286516961705
0.00388820304947795 -0.0232222766585998 0.193398357401799 -0.251689768801811
0.0260372780512192 0.00497455039282739 0.419245510856044 0.0917207090699135
-0.010743011811865 0.0158676078369558 0.105134029512049 0.478743197191631
-0.00291132313894725 -0.0160862186086129 -0.26053585543222 0.266441907435991
0.011684268823141 -0.0170682548162897 -0.0146764136153266 0.0550385921515689
-0.00185043201980117 -0.00329346826392767 0.305136526484043 -0.197743753964236
-0.00366550203013859 0.00192226747796185 0.0314992621156013 -0.523498685556331
0.0109283526645586 -0.00841258202741967 -0.420097944208492 -0.22167739572465
-0.00724165020931111 -0.0269412219058584 -0.251894550218497 0.261694173748348
-0.0209215798755794 -0.0116876869629131 0.0778705225586751 0.234448027016318
-0.00365878136221901 -0.00438452642730742 0.107941663192446 0.027252624644507
0.00159730848716037 -0.00362770261325534 0.000263850846183872 -0.112501397402078
-0.010021321197409 0.00707563242099476 0.00336797555007644 0.0886634264372834
-0.0107943475464203 -0.00286988047986844 -0.0929376481736658 0.00173849893983883
-0.00984771144597024 -0.018252218468314 -0.0804380454585407 -0.20283886705813
0.00409482757644264 -0.025073748558062 0.211274790797659 -0.236040398089289
0.0255689265555981 0.00954462898838867 0.412340553752132 0.128652780344831
-0.0124356574360157 0.0176843261540642 0.0652061081692755 0.491927216217916
-0.00267017329315895 -0.0155060817465015 -0.275469405945829 0.251770269758255
0.0118432428787136 -0.0158004253860591 -0.00653925355166075 0.0505369514169137
-0.00278663525209607 -0.000987706296907059 0.294486208854536 -0.215430593640959
-0.00309958339066326 0.00503844317403101 -0.0122727785779386 -0.518076428486468
0.00973012768250942 -0.00775883975461527 -0.435625493280511 -0.178539356744948
-0.0114311636158531 -0.0279392523040836 -0.229673846342363 0.282053549292734
-0.0215334268827485 -0.0127618790069596 0.0912811132178042 0.228499347240066
-0.00323659956672791 -0.00396491852655404 0.109092998055915 0.0180989425642162
-0.00123246039577062 -0.00243168743549165 0.00191076557383341 -0.114094530205473
-0.0110836803209711 0.00837136275950558 0.00483083268965301 0.0871282512419308
-0.00885802093175656 -0.00311715304023357 -0.0902349421027288 -0.00565443302652438
-0.00757627676519305 -0.0201767127030215 -0.0692854176444721 -0.208899958451503
0.00432581301938426 -0.0250547692093682 0.225378330941158 -0.218632497748598
0.0253007041990317 0.0133715642816488 0.399762419758905 0.166632584052611
-0.0127377226319036 0.0197261386239837 0.0257582254726173 0.504325868415399
-0.00321668751488852 -0.0124111168606785 -0.289398097518351 0.23850411131712
0.00956613406829051 -0.0122402528191849 0.000853514878400832 0.0469616132738796
-0.00436093750900583 0.0034248623375282 0.282782657472213 -0.230138982987201
-0.00171616645495465 0.00859404213392471 -0.0524880358396964 -0.50714351150557
0.00815243401875999 -0.00731494885962974 -0.444665750268719 -0.135942320910537
-0.0142648309109125 -0.0280620700948289 -0.209127062999875 0.299796262017609
-0.0210733962472122 -0.0122514646178682 0.103172090351446 0.220533290303235
-0.00132582891427924 -0.0020231190935072 0.110955760060438 0.00947904953231044
-0.00253239578745531 -0.00121351570824974 0.00303891073150973 -0.115048778725202
-0.0110977991973667 0.0106416774010491 0.00568379519043742 0.0863639348977132
-0.00622816893985826 -0.00255019185161947 -0.0868345628784259 -0.0117737118950365
-0.00468706707814342 -0.0197441459706803 -0.0588023540955846 -0.21440606190277
0.0052579980432465 -0.0237173880787118 0.23572152553866 -0.203099456060927
0.0250227585734364 0.0161480154588817 0.385924394266523 0.197983084717711
-0.0129546842171211 0.0220639866330029 -0.00709481941523958 0.510592015652602
-0.00555368974253442 -0.00869924163373113 -0.300959881667883 0.227684684202439
0.00478611300977281 -0.00915356561072134 0.00657499797470123 0.0443317336234554
-0.00612110754970939 0.00851845717747698 0.272324821617917 -0.240567987203868
0.000804005248335869 0.0107688386336739 -0.0830456152376083 -0.495473319390529
0.00750169255361418 -0.00793514014062825 -0.450678621729379 -0.102473846158181
-0.0176460840398624 -0.0277539541579709 -0.191574490972225 0.313366340473697
-0.0191063327491656 -0.0104059363966883 0.113214462123639 0.213660663359509
0.00111473615102091 -0.000195828141291736 0.113338062352701 0.00143257033565467
-0.00319489116337963 0.00125492660437815 0.00522848650904855 -0.115664898185749
-0.00920113185928123 0.0122981449204502 0.00676106409443641 0.0863924835479763
-0.0027025277714415 -0.000777288022961289 -0.0832349466505908 -0.0147034721934005
-0.00153963042341146 -0.0170241843334668 -0.0513967111454644 -0.217619188341882
0.00543630995264116 -0.021699118429998 0.239586526340322 -0.194663113184311
0.0248328967606246 0.016719982459087 0.37605826668591 0.217154300166082
-0.0125329831002244 0.0236183884292123 -0.0286342150648622 0.517625619832847
-0.00904833053567216 -0.00358995674081845 -0.306844565750621 0.22129960203628
-0.0014562226599365 -0.00516794439543106 0.00982058303482175 0.0432656932861792
-0.00810827174158057 0.0137153756859889 0.266645996507428 -0.24587838002045
0.00286979115565124 0.0121390829990487 -0.102376969734932 -0.48679164791782
0.00680063690572619 -0.00928915906657198 -0.453675755411873 -0.080565074849148
-0.0183079985723799 -0.0261023589261199 -0.181872227808898 0.320017787171721
-0.0160993568789777 -0.00787019625510738 0.118299602012176 0.207269132126334
0.00408171586778659 0.00140911682954266 0.115747221901349 -0.00312083343472614
-0.0020598239760237 0.00245745885976132 0.00556015797296844 -0.115208737815067
-0.00726911165810115 0.0136915699044996 0.00620646333652041 0.0879833516156082
0.000495259768542813 0.00156184582999711 -0.0807154394967722 -0.0139684575020758
0.00135277383772411 -0.0123807726543168 -0.0496650623132743 -0.220196386485506
0.00611726223145267 -0.0191435131294105 0.237485644543477 -0.192773185290927
0.025858079461783 0.0149547215498172 0.371615648432098 0.222301083853746
-0.0109994902339064 0.0243434111291476 -0.0327862194540122 0.520467442024899
-0.013282761281395 0.000955285996386009 -0.309520438946103 0.221836650194074
-0.00770372160218808 -0.00113727581007527 0.00976096223524606 0.0445209949488326
-0.0100866414338107 0.0186184851050179 0.264679262140218 -0.244496957933518
0.00498879432280834 0.0126410083472542 -0.105742295222364 -0.482147864278839
0.00689722266477294 -0.0107428894443403 -0.45631692739768 -0.0738116180850977
-0.0175122400526818 -0.0235461366809609 -0.181952302347329 0.32062703450623
-0.0124310936516792 -0.00462112318299193 0.118227295410217 0.204999228519482
0.00681279568960139 0.0034495568669599 0.117844694516408 -0.00421534834639744
0.000371435674660123 0.00319693614561109 0.00685033617062272 -0.114453839626788
-0.00379848337239472 0.0142305839217813 0.00524445992821625 0.0894962688371107
0.00351531089132037 0.00425369370425474 -0.0785641254267573 -0.0108489011284328
0.00364354474981228 -0.00679233715922619 -0.0535211625486109 -0.220309968113081
0.00580663015673083 -0.0162325973383623 0.230510915436319 -0.198944914422251
0.0266168598836385 0.0120497710208743 0.374841244448367 0.212675069948157
-0.00846029441249736 0.024526994482299 -0.0202402944840471 0.521529621197995
-0.0171604638399807 0.00544596169856611 -0.304809394053071 0.229247465824489
-0.0143896138566366 0.00164941387504256 0.00723453381499755 0.0471606117196435
-0.0119395294986746 0.0218279819017287 0.268074631444461 -0.238210220308731
0.0067633847384955 0.011090826161363 -0.0940595238331874 -0.483484807730571
0.00744112569667202 -0.0122481810421636 -0.458773969331983 -0.0846330334113723
-0.0152999154075215 -0.0209549401463741 -0.191537518764309 0.315107398355581
-0.00897661069816439 -0.000884738170848968 0.114113669828359 0.205773356395406
0.00937478060209748 0.00458894716942311 0.119410532509236 -0.00164073627515854
0.00327328796677858 0.00346687858282711 0.00669991491604491 -0.113225453371476
-0.00506195595314706 0.00518312421582677 -0.000198062688590255 0.0922889848627559
-0.00941626025161057 -0.000885737760658166 -0.0938651362494026 0.0183428791922045
-0.00912534205826727 -0.00966307136093668 -0.104268801151835 -0.187836279763932
0.00453554593540129 -0.0209270270253729 0.171425764512837 -0.265289391227975
0.0269683265587589 0.000564572944838592 0.42072337824356 0.0538930130581618
-0.00879860390479237 0.014141520859563 0.138798150428412 0.462209055081798
-0.00490618757571212 -0.0152965081875855 -0.244378962315435 0.278271610586841
0.00833395315036588 -0.0168793323412881 -0.0235419968376441 0.0591477585408188
-0.00279021331702306 -0.00319317866103305 0.311588498962973 -0.177764653855451
-0.00312370199152084 -0.000643601638094663 0.0727181932665427 -0.521875350396974
0.0121818265342742 -0.00888923511898533 -0.402717457537013 -0.259979370537924
-0.00371621429387222 -0.0246194206575111 -0.271984445573682 0.238815530745556
-0.0196153121828262 -0.00867107103278573 0.0627119785725909 0.238702024442574
-0.00382109622273102 -0.00462913093599614 0.10631719791577 0.035627324102062
0.00402452031935907 -0.00411733181856964 -0.000548509744335139 -0.110679888193993
-0.00778784659558765 0.00589818272213936 0.00129272183589837 0.0901611774323975
-0.0108379939186056 -0.00214463671012587 -0.094181920399375 0.0106042441878815
-0.0101684763615053 -0.0143352323671474 -0.0922031226662665 -0.194826093228114
0.00457024026434927 -0.0228921115269036 0.19217135065563 -0.251426924783474
0.0263880942747179 0.00493104385148868 0.417357889584231 0.0908374571027296
-0.0109882421602724 0.0152737369784859 0.104030877697316 0.47531274775246
-0.00294291383992518 -0.0162781914193373 -0.259037095314458 0.264503523659763
0.0118738952694551 -0.0170466854936906 -0.0146236406247463 0.0543302203366338
-0.00186955058329744 -0.00310099498540545 0.302711963807053 -0.195784859211986
-0.00337397294920649 0.00195866003953195 0.0307731977634733 -0.52199491318921
0.0108103548919813 -0.00783321214563507 -0.418210785176824 -0.220591182918121
-0.00725584381390221 -0.0263838010073397 -0.250245201973331 0.260506352638377
-0.0210481348893469 -0.0117162061158516 0.0769232126724136 0.233300438697366
-0.00396250986265036 -0.00496430349943799 0.107302560557422 0.0275778093774299
0.00144022508215143 -0.00348762719710754 0.000421336311019084 -0.112573981741302
-0.00975141732291381 0.00724849988046782 0.00290353835771532 0.0878201673818033
-0.0104656390808416 -0.00283376864626361 -0.0923670832722351 0.00181364544797371
-0.00970426289447288 -0.0182679805216999 -0.0802185333030385 -0.20112812384158
0.00413179133063076 -0.0247309337159202 0.209364043089074 -0.234830061588968
0.0256010563067249 0.00953668906966381 0.409164081394615 0.128396342846749
-0.0119336252168137 0.0176754085857626 0.0653002909097361 0.489512834646662
-0.00259452641245231 -0.0153512555782087 -0.274516220175494 0.250715846370898
0.0119017038668402 -0.0156625471562446 -0.00667286641193784 0.050305843317459
-0.00293179252188327 -0.00040417548073796 0.292728527831153 -0.212797991640355
-0.00322095952072898 0.00526411224135345 -0.0123926538138342 -0.514286031198113
0.0094068733735952 -0.00748260324562833 -0.43227536084681 -0.176509560314733
-0.0108705384850852 -0.0279614177320736 -0.228281995377588 0.281318198545995
-0.0214164283472401 -0.0124947237753974 0.090691872943061 0.227472068649588
-0.00309062256646775 -0.00407214707668311 0.108940153985002 0.0180075624060306
-0.0011576206029347 -0.00195435608701142 0.00199038108866956 -0.113922842813265
-0.0109193120514434 0.00876504076912091 0.00455289978507411 0.0866737166363291
-0.00833341600645341 -0.00284402093412651 -0.0897193912526415 -0.00556424254049172
-0.00722674035596232 -0.0203639775355585 -0.0682832822489786 -0.20810053028364
0.00475658612227607 -0.0245948101851688 0.223769285611916 -0.21791769956887
0.0252085363242016 0.0131781675021237 0.397578828590867 0.165780340509665
-0.0126140018790374 0.0197622405788719 0.0256299292207501 0.501242863895529
-0.00329565325682155 -0.0121310460940359 -0.288453667501553 0.236856101444315
0.00952775015470477 -0.0127260443471462 0.000796208412500132 0.0467897946326324
-0.00432584574321349 0.00368363946662993 0.281291714144794 -0.228640886024595
-0.00170738975029399 0.00860016164993248 -0.0516337644472734 -0.504647544073935
0.00820838239814877 -0.00739388778312143 -0.44194206430801 -0.136442317614159
-0.0145079907113217 -0.0282411961843818 -0.207889842722656 0.298749406577168
-0.0204268715884736 -0.0121101106513383 0.102454083546689 0.219478094581929
-0.00177092431886314 -0.00209816796542666 0.110995555291534 0.0096140482558981
-0.00257634451847882 -0.000834344601916767 0.00373834634641988 -0.114711727779695
-0.0106808435552303 0.0105813262868958 0.00498537154341672 0.0857051917106343
-0.00608800350296803 -0.00269149966382498 -0.0862860945866214 -0.0113178215125085
-0.004218873177904 -0.0198695056652707 -0.0579588250707811 -0.213838433336277
0.00546581041858378 -0.0230473782557762 0.234276231763398 -0.202618349538274
0.0251723397215158 0.0155229968137395 0.383537665529361 0.197392578362246
-0.0128969284930383 0.0216582654387265 -0.00809770065435022 0.507891041640445
-0.00551318967138323 -0.00869150616913282 -0.298764853819082 0.226261292302733
0.00499506368901917 -0.00931913435512273 0.00640549555343254 0.0443628609177524
-0.00593021363386264 0.00858155428452181 0.270900383086743 -0.238755441820409
0.00045853955658148 0.0107821069058764 -0.0834116828622666 -0.493118308611657
0.00737116058966048 -0.0080087210719872 -0.448832605235991 -0.1019185203146
-0.0171987028115515 -0.0274862143285191 -0.191159582732233 0.312053501140566
-0.0186071597508829 -0.0108600640919535 0.11230995592636 0.212634386491462
0.000825173104787149 -0.000395319903041941 0.113129850497362 0.00169781633682464
-0.00322878260484767 0.00121324631482834 0.00510057416665678 -0.114644694327976
-0.00934238574937979 0.0122001049824548 0.00590879761110866 0.0859420341977541
-0.00323170572427961 -0.000694664332108745 -0.08267214562916 -0.0144978996482182
-0.00116898397746944 -0.0170064947653275 -0.051559471059661 -0.216745105014155
0.00538985013354735 -0.0211244696004865 0.238107724532676 -0.193364981739081
0.0254108931049442 0.016764826769949 0.373287256801047 0.217188679284633
-0.0126419596328936 0.0232930815950096 -0.0279811115205271 0.514201937405841
-0.00954137362436875 -0.00389082253043721 -0.30595166602725 0.220660002125557
-0.000943458665696097 -0.00500697031769142 0.00991021541169879 0.0435950994143956
-0.0076744487947373 0.0141407529355258 0.265059728643833 -0.244765813379214
0.00318060768457697 0.0122643428659231 -0.101422079365082 -0.483558792055735
0.00702333458867598 -0.00929350758142384 -0.452806220758501 -0.0806612206173376
-0.0179952346567453 -0.0257522584666063 -0.180985938774474 0.318319953156622
-0.0158282717091882 -0.00809184074711449 0.117186122175931 0.206507220579524
0.00372150892262628 0.00143542343685343 0.115293971670114 -0.0025810612905587
-0.00200227023738288 0.00220835490407692 0.005644928123666 -0.114714123079675
-0.00686530420323774 0.013397595016743 0.00563387414457824 0.0876002885079988
0.000422958630907847 0.00159215059007475 -0.079788964420018 -0.0138010856857816
0.00173071155591261 -0.0124862190362253 -0.0494524431590817 -0.219239538060079
0.00538491191136809 -0.0186930010663625 0.236247789726055 -0.191621424645589
0.025958411744658 0.0152813232863578 0.369328122459984 0.221816906956665
-0.010896774277932 0.0244930143102034 -0.0337847815393188 0.515738066935716
-0.0132501547208697 0.00121657084316001 -0.307671295091269 0.220766261338767
-0.00776137046627051 -0.00149489814303874 0.0100712422052113 0.0444156444528191
-0.00959864308347651 0.0184448894414403 0.263699299459708 -0.243140922886259
0.00512879136478888 0.01204845246709 -0.105785960195654 -0.479180010709221
0.00678673105596998 -0.0104503154635782 -0.453667492273052 -0.0747630626548944
-0.0174769683426873 -0.0229836143336208 -0.180617353137525 0.318261832769973
-0.0123795971142213 -0.00416231921006043 0.117956959510029 0.20398878429254
0.00701474198365315 0.00271467373219925 0.117308512620611 -0.00440268838952115
-0.000862014007620576 0.0032987148475467 0.00702938510242798 -0.113964441132707
-0.00369982670931045 0.0140853198175453 0.00539293037197921 0.0889441481295945
0.00336378204403233 0.00357377565901088 -0.0784436968857407 -0.0109038435048573
0.00363599803640093 -0.00692734481307533 -0.0534075299137425 -0.219023786480466
0.00552330016580122 -0.0159255857658675 0.228887836327546 -0.197875629073343
0.0266122434287542 0.0118880233888556 0.37250269838149 0.212126915484453
-0.00868716238999108 0.0243943224697526 -0.0209460407480891 0.517952224754113
-0.016744705280588 0.0055424589305578 -0.303641817937199 0.22730618548603
-0.0141681078788557 0.00177334226600092 0.00709916043395954 0.046940518433037
-0.0117429070088777 0.0218287868765676 0.267382755782291 -0.236299631414102
0.00668017040803983 0.0113450887954041 -0.0934577494354874 -0.482684692314127
0.00747145069034775 -0.0122561323549093 -0.456257095716775 -0.0848450552157281
-0.0151961174524718 -0.0205780218326347 -0.189963010298618 0.313448122707931
-0.00947272555258192 -0.000478425064334777 0.113501698513773 0.20511886541932
0.00913527800371733 0.00423846267239163 0.119273367244301 -0.0015208991714378
0.00260008606494623 0.00355938371350638 0.00603075092844032 -0.112842465825274
-0.00547566505170275 0.00489496283926074 -0.000703660031490579 0.0921499712984691
-0.00950491349793837 -0.000608047497059841 -0.0938841750329988 0.0186739355615192
-0.00918462578927484 -0.0100311606883827 -0.103449699046272 -0.187372358929118
0.00483833225957013 -0.0206253488023724 0.171218749153943 -0.264572419358126
0.0273327425445236 0.000732501540085829 0.418593766526328 0.0540271120508951
-0.00875855194029778 0.0138065170819709 0.137915015343143 0.461068484647173
-0.00516035747594674 -0.0150393534729089 -0.244854545595388 0.277447609046197
0.00815368593514029 -0.0168386396535439 -0.0234780126355532 0.0595288108121519
-0.00299187238900439 -0.00240606979219465 0.311226154694495 -0.176644699919218
-0.00336489465665027 -0.000600880322897673 0.0761053822043938 -0.519921709525638
0.0122534175405024 -0.00898193963211646 -0.401859861502984 -0.260526948926411
-0.00370484897679627 -0.0246508520861715 -0.271032467510406 0.238728137669156
-0.0199794025672774 -0.00857854640905594 0.0626791945617837 0.237626129841026
-0.00383936627968064 -0.00519556137541549 0.105812283478195 0.035542825139002
0.00402091185426674 -0.00468879369820311 -5.00776786222754E-05 -0.109537452451504
-0.00748032484524099 0.00587783171964585 0.000891819587966497 0.0898930620803198
-0.0106547340098384 -0.00228590946903743 -0.0939715841026211 0.00986676143997309
-0.00976334072218215 -0.0144683528877367 -0.0919323228112813 -0.19477229265946
0.00386350355531539 -0.0225320520108631 0.191198254579559 -0.250298612587373
0.0260632456868768 0.00481816005230202 0.416012216982134 0.0910864438593665
-0.0109140948409775 0.0152513029556968 0.103644761595416 0.474163579178418
-0.00290337409711304 -0.0163998038551771 -0.259670149672481 0.26258862730686
0.0118802102595849 -0.0171565970561952 -0.01516851125603 0.0544541635556355
-0.00154331056634632 -0.00286824921158921 0.302920823378947 -0.194465334544567
-0.00355330997721399 0.00211033746954492 0.0317455164996241 -0.520073521581392
0.0106206311355586 -0.00814807807298819 -0.416799723161647 -0.221414902982788
-0.00694805305124275 -0.0263148022601998 -0.250542166690317 0.259876751832386
-0.0209874305409855 -0.0112930378059149 0.0762344898936194 0.233230111961613
-0.00454487776871276 -0.00525690201554098 0.107401470523398 0.0273886368215611
0.000789352182475246 -0.00366721074460989 0.000393582676484384 -0.111620065824792
-0.0100298762554603 0.00735214198185603 0.00221785349360631 0.0881348889484417
-0.00988062160846742 -0.00321838940730086 -0.0920565195806894 0.00172658234137659
-0.00932161572052876 -0.0183243807181334 -0.0797418971509845 -0.201450077632836
0.00427294865677859 -0.0239350247444369 0.208319057185523 -0.234348284675405
0.0259203750607625 0.00943281286918752 0.407326026606878 0.128436243059148
-0.0120812400157693 0.017510581645585 0.0646877699183979 0.487882958003007
-0.00244942206162685 -0.0153708307521346 -0.274949237457918 0.249086456225026
0.0122840533122924 -0.0156120272246046 -0.00748360826691042 0.0501343226701408
-0.00278555851684126 -0.000158889355930749 0.2926823317753 -0.211701496934678
-0.00326067464087577 0.00523160297681957 -0.0101635933899254 -0.514377309139464
0.00903945367905432 -0.00743501003450563 -0.431245312974651 -0.177466810244174
-0.0111763949434354 -0.0279779216409887 -0.227956030629915 0.280860415481235
-0.0212056929889671 -0.0128363400054434 0.0899346584359789 0.22747816628039
-0.00339532432828165 -0.0046087758597064 0.108895337240853 0.0181926731004915
-0.00140937703164123 -0.00235603736131447 0.00240758131159363 -0.112979891222334
-0.0108566453352166 0.00864555203878672 0.00380697009752335 0.0864142053007825
-0.00824976195495063 -0.00363242239928056 -0.0894195599599051 -0.00582531152382391
-0.00691804859566907 -0.0205428565956191 -0.0672240272763736 -0.206934433705432
0.00487362134608301 -0.0241734407878105 0.223295435923533 -0.217009484527075
0.0251501689778215 0.0130921559221226 0.395443064805786 0.166128791985681
-0.012972919439121 0.0192797881103406 0.0254136530013905 0.499134846959404
-0.00340318354178121 -0.012286192273047 -0.287563044789031 0.23587501481806
0.00943012640011401 -0.012794470423949 -8.80573651644308E-05 0.0462746250423091
-0.00428986171796395 0.00392008542390756 0.281143640511762 -0.226606603082948
-0.00189254676315223 0.00868607243030366 -0.0505955141384027 -0.502529328392395
0.00829756091591127 -0.00726340886112496 -0.441592348861556 -0.136911460545284
-0.0142627531568759 -0.0280127059781655 -0.207743341878334 0.297504860528302
-0.0203110759611448 -0.0124226794068814 0.102035722313939 0.219503167867229
-0.00183609544931032 -0.00247824285599452 0.11094735427784 0.00937954800438916
-0.00319094270145535 -0.000901750998517376 0.0033170466663014 -0.114542682671808
-0.010530859823896 0.0106356996735909 0.0048701994272942 0.0857249778759798
-0.00600706044867229 -0.00253097316998207 -0.0859474689181186 -0.0114175521652658
-0.00382805324966124 -0.0198598383253606 -0.0574635645978204 -0.213099841617476
0.00527131788282754 -0.0231871272114362 0.232773108438907 -0.201617726004414
0.0252141444391335 0.0155193465623571 0.381528472504919 0.196990982190566
-0.0129458017730161 0.0213197568593047 -0.00889018857639679 0.505536408498986
-0.00530249769142583 -0.00863816318184558 -0.299151456309318 0.224913263621191
0.00505858201191593 -0.00931329488782265 0.00631012114238693 0.0438505171475403
-0.00627266377378948 0.00863480713866541 0.271074608688124 -0.237095901580959
0.000329830925403413 0.0111912868116528 -0.0812793004145244 -0.491791444968268
0.00742062309184635 -0.00801683717114204 -0.44737816378665 -0.101848074464608
-0.0170676450941361 -0.0273416723917845 -0.190846658942358 0.310776664316539
-0.0185683535998046 -0.0105893558737029 0.11179421182431 0.212463286698412
9.70363809981449E-05 -0.00129590896818222 0.112982074384988 0.00193814789975888
-0.00358301066526729 0.000813380955322599 0.00513925361283922 -0.114484479614414
-0.00884744844707675 0.0125502413600072 0.00546844463086938 0.085544057677326
-0.0024323063789776 -0.00113544439814844 -0.0824020322159327 -0.0144530173866521
-0.000925964663451279 -0.0170171385549408 -0.0505846403404813 -0.216216884227067
0.00552621935025532 -0.021481991753086 0.236800639442175 -0.191924959943437
0.0250497837163395 0.0164471758435305 0.371316376811645 0.217361049918247
-0.0124008391011821 0.0230748736039268 -0.0278433920557141 0.512021837749398
-0.00868904498433766 -0.00386981813113732 -0.305219095737285 0.218733261570091
-0.00118581146788967 -0.00524189554931386 0.00982944777016414 0.0430486372200617
-0.00798310065430443 0.0142866417020622 0.264836384167491 -0.242562973472931
0.00282438150105414 0.0121911666108419 -0.0993346408956061 -0.484129530336158
0.00685629231372321 -0.00910166973498855 -0.450575802717962 -0.0810370186709291
-0.018166160015127 -0.0257701601156088 -0.180627802331072 0.317456061160347
-0.0157556976386251 -0.0075672593168973 0.117041311916412 0.206611147383597
0.0033372596522568 0.000921196583407303 0.115374049979605 -0.00262412717773648
-0.00242929828759255 0.00234849290994771 0.00613427888906821 -0.114272999704223
-0.00686407930259448 0.0136629677161798 0.00536431534172227 0.0872278782481818
0.000600417478378434 0.00113786689146437 -0.0796190938648312 -0.0143141174023702
0.00169864557599794 -0.0123949941035691 -0.0491676318048105 -0.218521007431479
0.00557494219376745 -0.0183956541188311 0.234662863236843 -0.191059380679131
0.0255084437025038 0.0147808534711422 0.366885613337464 0.221463092930433
-0.011044656780107 0.0239533483096757 -0.0329337438806103 0.515809962804989
-0.0132728770131047 0.00117433364579306 -0.307558883908624 0.218875859117699
-0.00812217576677647 -0.00157206603551915 0.0093581192893596 0.0443022337553794
-0.00972626495500213 0.0187372850820239 0.263229008793807 -0.241183600828336
0.00488333891837477 0.0125965769224356 -0.103154499913011 -0.477978460760249
0.00619454653145716 -0.0102727830338716 -0.452651003238661 -0.0756288768726453
-0.0174019546081682 -0.0229780299873341 -0.179970632223465 0.31789387064656
-0.0121867423128612 -0.00449752161684815 0.117169630837841 0.204136676299263
0.00627622449791256 0.00241318868581658 0.117293111391136 -0.00401665133649038
-0.000492208393380272 0.0032247330350679 0.00682487760495679 -0.113559552996392
-0.00371269960976451 0.0140201398329293 0.00488899791942817 0.0887653461822026
0.00347151689228022 0.00347926328250177 -0.0775064032973786 -0.0109721375166667
0.00399727450291023 -0.0067040023569429 -0.0527007665605374 -0.218454942300495
0.00549719832597915 -0.015628796305521 0.227702448840726 -0.197341914004409
0.0267149096577517 0.0118742116649864 0.370981528673083 0.212170909948323
-0.00885831331857705 0.0241628671494272 -0.0208460386915914 0.516742121786412
-0.0164726956404843 0.00512303296182791 -0.303636600658258 0.226872560233925
-0.0138153193300078 0.00152494751986471 0.00693954419808243 0.0470507502551468
-0.0119762517191733 0.0216484147757761 0.267027103792257 -0.235437961399723
0.0063129079987794 0.0119507305803531 -0.0919492783671046 -0.481723092847766
0.00683802274551162 -0.0122284402604034 -0.454538157531727 -0.0853358238396414
-0.0149964268868089 -0.0203696850212274 -0.190253908055218 0.313334097647328
-0.0093703022468756 -0.000522578202215085 0.113067111786972 0.204969062516363
0.00853496058407264 0.00412606222756382 0.118824666328254 -0.00175825179475712
0.00164348029086815 0.00384538731875466 0.00671141909158142 -0.112036601285911
-0.00487380614161944 0.00494080279147886 -0.0011059132585829 0.0917747055781053
-0.00934899544930138 -0.00131187783910494 -0.0932649716430477 0.0189478352063375
-0.00876320941972504 -0.0102014177774145 -0.102654763833306 -0.187378733400897
0.0045615144287443 -0.0205408752890017 0.17112571342647 -0.264472811083553
0.0269984061745984 0.000282150612780099 0.418419122243175 0.0537341753047707
-0.00903399499241401 0.0139882828029453 0.138034940794657 0.460079759715503
-0.00480879984456954 -0.0151438125793187 -0.244793912614365 0.275550895344277
0.00862595411043699 -0.0168383757351012 -0.0234619883815057 0.0588687951617695
-0.00287944836069234 -0.00254325250837327 0.311075921593587 -0.175688917863357
-0.00340638695910566 -0.000263692344798567 0.0755030157291881 -0.520739097155143
0.0117015507796753 -0.00881945862410646 -0.401548438554075 -0.260814586724836
-0.00345340290597585 -0.0247733389869598 -0.271513857654515 0.237985921057976
-0.0198694573438737 -0.00921408896203364 0.0622755800688104 0.238271268953958
-0.00443030022160447 -0.00514154581088004 0.106693475913164 0.0356521511845846
0.0034586070627252 -0.00484599065366264 0.000288519346004659 -0.109525254868726
-0.00746128211510299 0.00560700897137079 0.000295225104864554 0.0897300014368101
-0.0106025478073774 -0.00243423720785938 -0.0928252187670179 0.00957012902979256
-0.00986563733705895 -0.0146681235879415 -0.091662916947562 -0.194586543709069
0.00412339264031145 -0.0222493635500778 0.191115281136844 -0.249847850613912
0.026287339742754 0.00492449498933079 0.41459368358805 0.0907858294498335
-0.0106498523748045 0.0152817850202955 0.102471993851817 0.472482973805606
-0.00289771833903362 -0.0164360885081639 -0.258794372830721 0.262609258378658
0.012350496202875 -0.0171849304314447 -0.0147632142033985 0.0544731283519177
-0.00178383027290129 -0.00228662747843054 0.302908530934931 -0.193826245310368
-0.00382924600037229 0.00184401938595883 0.0338474956124869 -0.519650825497267
0.010197804724094 -0.00799370907511064 -0.416329049280623 -0.221492288967385
-0.00693615470048743 -0.0266416310674508 -0.250587211324716 0.259769322965581
-0.0210032498926515 -0.0115159896005357 0.0752587308045831 0.233445172657767
-0.00497448991221088 -0.00552649313925319 0.107537760736611 0.0276423984545791
0.000953800602169671 -0.0038614500531924 0.000963554602909695 -0.112039684936224
-0.00953918249381486 0.0072509701167439 0.00183317897490834 0.0872799245736972
-0.0104650187956486 -0.00310325611264512 -0.0918675141719745 0.00199328253795636
-0.00888642558827807 -0.0183626752058184 -0.079496954669208 -0.201898658898774
0.00448545634741807 -0.0235716432492513 0.20858949492206 -0.233621970591757
0.0258647982576046 0.00962854071396271 0.406463831400658 0.12803376952192
-0.0119911804096871 0.0171022139489015 0.0639206523138631 0.486566258063919
-0.00185558531532255 -0.0150784727557669 -0.275306037115441 0.247498047408039
0.0124370054324232 -0.0155045587045666 -0.00717553787205373 0.049922983746557
-0.00227262223860475 0.000196559414622965 0.29232527215556 -0.21129957888624
-0.0036397223570227 0.00561637709225413 -0.00799479132638732 -0.512617788211145
0.00907921180814534 -0.00745913090673213 -0.430666825638023 -0.177924078134769
-0.0104460466691821 -0.0280180137956205 -0.227984298175699 0.280084907648363
-0.0214933885981276 -0.01314107401329 0.0890414026590759 0.227032897024589
-0.00382725168260906 -0.00475819117199731 0.10881027427315 0.0187184016137621
-0.00188729059238758 -0.00240462829757751 0.00244144441053371 -0.112887253303521
-0.0106977657560569 0.00893122924674727 0.00384893719207402 0.086038237194536
-0.00854879624759654 -0.00349850749599738 -0.0886632789723812 -0.00626854995142577
-0.00658286819528408 -0.0205178843335914 -0.0669613380822195 -0.207719715250076
0.00508881521411574 -0.0237656886517302 0.223276460206916 -0.216306769790883
0.0256013594355246 0.0130656575380089 0.394044333320625 0.165545525222909
-0.0129483096267643 0.0193181833968606 0.0252542023355201 0.49791061915512
-0.00294206813404727 -0.0119104621844911 -0.288090083754552 0.234699494242054
0.00971382058697546 -0.0129011470871186 0.000181087028463967 0.0465352813335837
-0.00425862495162868 0.00447006121183157 0.280866691391666 -0.225436635084308
-0.00212271911938343 0.0090002957033664 -0.0483243178101692 -0.501838471378398
0.00805210726940729 -0.00748955757459929 -0.441454393424441 -0.137207427322802
-0.0143585968091552 -0.0280456854649925 -0.207577729028645 0.29734318606159
-0.0203208623169416 -0.012536270501503 0.101411041120227 0.220078019836674
-0.00215788941981407 -0.00357333565532213 0.110944994084924 0.00955791861829396
-0.00324467295933114 -0.00077320615237149 0.00398604932838965 -0.114062388951446
-0.0100765226628843 0.0104080229024331 0.00439967178644407 0.0855496432195535
-0.0054077591105139 -0.00293130274378547 -0.0852953950560312 -0.0116053670551462
-0.00344418676333418 -0.0197898977008552 -0.0570646071655847 -0.212698721497263
0.0052141511820202 -0.0230154790443735 0.232887610916023 -0.201395171930949
0.0254391553642002 0.0156208258386399 0.380027688889135 0.198152974597318
-0.013178412401205 0.0210799289688263 -0.00921799942078528 0.504882372942095
-0.00503898966526821 -0.00832508489647469 -0.29919525715554 0.223911682117544
0.00577803810397624 -0.00884001841427836 0.00621847209690888 0.0442004424814478
-0.00555366954358893 0.00928087168925391 0.271492509316153 -0.235572811363279
2.40134836014816E-05 0.0113724739405739 -0.0810588918831069 -0.491279758146336
0.00729307873641471 -0.00804983741879079 -0.446847573211036 -0.102753085265389
-0.0162615664650615 -0.0273365833888281 -0.190487048848684 0.311137880048663
-0.0183353389308878 -0.0103178678060971 0.111074521878913 0.212140034080737
1.17820548536087E-05 -0.00152907674174778 0.113155022239152 0.00224465548547957
-0.00375131024530366 0.000896607558170446 0.00609140706367051 -0.114587910363247
-0.00898865245702378 0.0125474332948904 0.00569672427358905 0.0856578328621365
-0.00269179525149923 -0.00117613684438471 -0.0818397554091714 -0.0141370390965176
-0.000583245818620562 -0.0173405295359933 -0.0505782378105927 -0.216199304973467
0.00589747755116655 -0.0207040881754322 0.236175530796187 -0.191693025165988
0.0249358297420604 0.0161923094119561 0.370660650625944 0.217485759758023
-0.012294165733275 0.0225074256096303 -0.0295101078055673 0.510312021148091
-0.00877224043471337 -0.00413927250769751 -0.30491490698256 0.218339855881753
-0.000845759091385949 -0.00550489942773223 0.00951446225812267 0.0435573866108358
-0.00776310297381469 0.0142760330504501 0.264896576283028 -0.24207979627166
0.00264070274865109 0.012354212975657 -0.0985825883432293 -0.482084658071408
0.00697128410433141 -0.00886671404237198 -0.450059907440944 -0.0816556627422908
-0.0172920361687172 -0.0255639067603982 -0.1810475059573 0.31680468432028
-0.0158095999788889 -0.00774542271550597 0.116052283086873 0.206795202571789
0.00335291607394678 0.00105886936028031 0.115206200339638 -0.00248142158170729
-0.002881679525857 0.0023678591080618 0.00672706535262211 -0.114260302010306
-0.00683999577719733 0.0135243423578046 0.00462531372360398 0.0867975289104659
0.000500229994392524 0.000921577551122962 -0.0792574837679891 -0.0140366515490242
0.001913637689812 -0.0124680722093917 -0.0487271543129446 -0.218368622736346
0.0058112701550688 -0.0179121695387124 0.234505888956683 -0.190327433290448
0.0256187625021355 0.0149634552102043 0.366288479241701 0.221585889825216
-0.010982610938179 0.0238654147704476 -0.0342691403155075 0.513038243231099
-0.0130658959847868 0.000733039417097668 -0.307341081583369 0.218285724072164
-0.00764575762620464 -0.00167604924236412 0.00939965660974571 0.0444497813067864
-0.00967160621543754 0.0186647665093218 0.263158555193801 -0.23993577847704
0.00464971861879139 0.0123689173518288 -0.101254295296238 -0.477903748060927
0.0065716218822706 -0.0102928142659024 -0.452734079413877 -0.0759175183780207
-0.0172120282532283 -0.0232168340304913 -0.180160595438278 0.318067063193997
-0.0121617652090706 -0.00441583205490585 0.116179335795952 0.204118741664118
0.00604374335151751 0.00225816378780309 0.117260413145305 -0.00377359959628537
-0.000699864896847065 0.00305375105276294 0.00742133633066847 -0.113524123291165
-0.00341136887126209 0.0139852300769538 0.00450858124422621 0.0888085259451499
0.00344947527176192 0.00328036502229248 -0.0769182741494777 -0.0114040150014053
0.00425552033898012 -0.00722968957894672 -0.0524462331253006 -0.218280949021941
0.00628346509679486 -0.0153398713422852 0.227995180620284 -0.19724983453158
0.026711666438236 0.0119054981420348 0.369280578777418 0.212831775790133
-0.00906861946077085 0.0239911722745516 -0.0219325074284464 0.515457559870225
-0.0167632092688378 0.00501133499496753 -0.303430524554026 0.225645469408837
-0.0135901900663572 0.00121001804954132 0.00646270482354376 0.0466577332872152
-0.0119523964324144 0.0218342881273337 0.267276024017296 -0.233671807813918
0.00585928053607378 0.0118535211217029 -0.0893715334466399 -0.480818879189765
0.00704391920888366 -0.0119470252775155 -0.453553326911655 -0.0870706699969925
-0.0147796414940079 -0.0208714678316451 -0.190199803984515 0.313061964233955
-0.00897699842027614 -0.00105358267977919 0.11219185871246 0.205262952117295
0.00798617359118352 0.0037793548835545 0.118548334579576 -0.00116113617703381
0.00173978151623464 0.0035821202914465 0.00726771595418571 -0.112758896852748
-0.00488791479898226 0.0052698858928482 -0.00142421363073044 0.0920758880249711
-0.00968456232990096 -0.00131276048922019 -0.092952429890467 0.0183456044996399
-0.00899718576329866 -0.0105918828464631 -0.102264074193356 -0.187411853114825
0.00493173017281962 -0.0203929595135178 0.171481022650209 -0.264305582598044
0.0271627476869731 0.00053596197689078 0.418526280701113 0.0553228123896632
-0.00896903133866152 0.0134242784696855 0.13721748025555 0.459419178486058
-0.00483059151747573 -0.0147689560659723 -0.245581605892423 0.275135391609872
0.00886117164042204 -0.0168154727067895 -0.0241731919534883 0.0594508826592863
-0.0026992011355948 -0.00207243671383946 0.311777259630279 -0.1741224870384
-0.0037356862546598 -0.000305817815648149 0.077287591982636 -0.519585326367733
0.0120480875715529 -0.00899009228147176 -0.400346085770952 -0.262267014517115
-0.00343912651949063 -0.0242346833444764 -0.271395123219991 0.237778364854418
-0.0200621367456835 -0.00916341411439019 0.0613743770606468 0.238215889938165
-0.00480315398397645 -0.00562599138118159 0.107084202924423 0.0362363761182706
0.0033536070296906 -0.00447851772799559 0.000410496831594966 -0.110007632594597
-0.0071402359698505 0.00589417398518208 -0.000395772562617278 0.0897781238091934
-0.0105732670854283 -0.00228844113753307 -0.092837445387 0.00955701016497213
-0.00957006563820945 -0.0145123595282942 -0.0912998415249115 -0.194964762866401
0.00427584868548206 -0.0223779573306551 0.190900334646237 -0.249095103849329
0.02626847435336 0.00498122756390704 0.414688519913209 0.0920417098162492
-0.0108467770247837 0.0150452464484433 0.101944611925725 0.473948629800736
-0.00256625896976946 -0.0163136648374764 -0.259868294204886 0.262048262859115
0.0120857705722123 -0.0168453548764791 -0.015584339074956 0.0541373450372513
-0.00145568907254677 -0.00219246918186856 0.303491365486507 -0.19285990545115
-0.00434203570309916 0.00218356806214754 0.0355568356993262 -0.519113963696285
0.0101487157864773 -0.00775145402500471 -0.416376895156691 -0.223491809598169
-0.00743532862782309 -0.0262747825440745 -0.251272130586036 0.259547912542059
-0.0209887921089616 -0.0116520132325485 0.075153796974943 0.233801640266788
-0.00496010987345477 -0.00560305225208979 0.107408112580965 0.0281036613554294
0.0006438953456678 -0.00381647542253574 0.000874889252527127 -0.111362829122685
-0.00984922475796429 0.00744517230509282 0.00182854193189944 0.0878840615718004
-0.0101952174968444 -0.0038697269269092 -0.0912707190478517 0.00136062398439545
-0.0086448045966694 -0.0187171920580203 -0.0788440837813098 -0.201787566949384
0.00431416991804197 -0.0234500443300882 0.208180965474129 -0.233886604088894
0.0259128646254531 0.00931822664556742 0.405524213452199 0.12865904549411
-0.012049862818769 0.0166298177899671 0.0634943221010494 0.485968324436353
-0.00205968080949436 -0.0152481708067204 -0.274829357336394 0.247591484557442
0.0126515305629724 -0.015681430210051 -0.00774453486975982 0.0504020108053141
-0.00237731496772699 0.00037366969393644 0.292921988538921 -0.209598528610366
-0.00352336007699301 0.0056546482790897 -0.00829090114795595 -0.511846943545837
0.00922395359744655 -0.00747285567889792 -0.430523872849054 -0.179730871124592
-0.0108792941609768 -0.0280132625804102 -0.22894271879716 0.280400653933722
-0.0210379758301722 -0.013154855707068 0.0890785949784592 0.227887359402144
-0.00454589040411031 -0.00523271518042758 0.108959976723186 0.0189478153244264
-0.00218836338412045 -0.00262487138969717 0.00305042904497937 -0.113175718867493
-0.0103035063257856 0.00873151202519186 0.003363891734425 0.0862235758952973
-0.00811150199602178 -0.00400269383638597 -0.0882758498857766 -0.00556843302151579
-0.00641620193659297 -0.0202652789235782 -0.0667409283020932 -0.208152280046758
0.00492071588514286 -0.0237376606026547 0.222433945765947 -0.21626384964269
0.0255728765666269 0.0131608298335909 0.392860392722625 0.16621372311925
-0.0131037092274352 0.0189462037017164 0.0232508623777226 0.498071503965765
-0.00284743909300536 -0.012419653847163 -0.288589637814111 0.234011135292599
0.009755260193709 -0.0125242956896021 6.31069532259968E-05 0.0467092007516588
-0.00375920046434819 0.00437284036177379 0.281639737480984 -0.224550655542543
-0.00188550751440726 0.00906156100578396 -0.0467077605970914 -0.502571895921237
0.00780201829094969 -0.00734869161174479 -0.439382277737121 -0.139212607195199
-0.0142176563311825 -0.0281301405750462 -0.208479586703602 0.297727278636
-0.0204847351216044 -0.0129655142619741 0.101099032225362 0.220595274243453
-0.00275542596359605 -0.00337390556585293 0.111000099683459 0.00972958764061265
-0.00360559817842162 -0.000756477424503317 0.00405261578771253 -0.113903040818076
-0.0102782873462489 0.0107313993125102 0.00400433913811179 0.085761096243638
-0.00531515315910575 -0.00293325849580367 -0.085040890823103 -0.0118856559012391
-0.00355791905848868 -0.0198871078018303 -0.0561883161227353 -0.213038605438918
0.00544518328508366 -0.0224882940608089 0.23224180340701 -0.200506943462508
0.02496037874398 0.0151686737844041 0.379915587052577 0.197505661254476
-0.0131142999343812 0.0211353775030414 -0.0106211904200768 0.505145048477092
-0.00519545056225851 -0.00836998871815708 -0.299538493662496 0.223098799203368
0.00544861592678514 -0.00944808370292687 0.00540536014838275 0.0439668888389886
-0.00583216963521948 0.00938993640784935 0.272248568369516 -0.235555783957597
5.19633555327165E-06 0.0113716642937278 -0.0793433766499721 -0.491867906589232
0.00674524526196527 -0.00775778219574113 -0.446038352333363 -0.104112696899712
-0.0168206766533334 -0.0269436613124554 -0.191199032993445 0.310735639383822
-0.0181786522138036 -0.0106278364338943 0.111303155324215 0.212440086817473
-0.000270729168137196 -0.00149474181339023 0.11310000214075 0.00209662361109636
-0.0041510626882467 0.000986670655198929 0.00595080263114219 -0.114644897649372
-0.00902544468067289 0.0121673198454086 0.00510304916381682 0.0856396859507255
-0.00252255144907241 -0.00157953928826567 -0.0816999329517805 -0.0147429201868506
-0.000414700835514943 -0.0176108228287156 -0.0498851027559992 -0.216635948663783
0.00590385158810936 -0.0204243539673461 0.236452518914891 -0.191484448896169
0.0251203646312489 0.016266390387584 0.369576029395588 0.217918468779521
-0.0126621422478544 0.0226583750838555 -0.0295646095450454 0.511634230628963
-0.0089817152203854 -0.00390182232581967 -0.306142797536969 0.216591252905096
-0.000401062262165256 -0.00529153552965311 0.00904689756296258 0.0437187145406635
-0.00736332526823668 0.0144410998805641 0.265129629531459 -0.240533237913631
0.00230421574740931 0.0126458258764551 -0.0986481699324502 -0.483415222410569
0.00660528853117072 -0.00887489145920039 -0.450080953583522 -0.0817730733945326
-0.0177776802113875 -0.0253029022202274 -0.181379411102133 0.317068336148125
-0.0156907043535432 -0.00823454997528092 0.1161178961271 0.207553754771377
0.00288103276510072 0.000555256572514611 0.115136039817286 -0.00224350337119457
-0.00303250467176407 0.00223166707604811 0.00685249627731523 -0.113937308333152
-0.00667682128364992 0.0137368653537539 0.00437888446226482 0.0867886244566276
0.000391046148663937 0.000657095772767428 -0.0788898045760821 -0.0146729087300945
0.0021390381431933 -0.0129166834565313 -0.0489456523417168 -0.218764742890472
0.0058491343128905 -0.0178792207592699 0.234919512526696 -0.189930761754343
0.0260326553202578 0.0148511654744148 0.36596191944472 0.222568204630363
-0.0110731480828685 0.023415727747488 -0.0353983330496708 0.512857534263286
-0.0127915488274017 0.000952585771415451 -0.307137624950141 0.217287479342383
-0.00744690678874277 -0.00174316840512622 0.00936765002740262 0.0444819257677531
-0.00958412653131719 0.0193157165603809 0.265095667723057 -0.23926810528005
0.00420737518235761 0.012656169915291 -0.100507987370418 -0.476944655236253
0.00621725082471944 -0.0105084358190084 -0.452294590330667 -0.0773810293639534
-0.0167723417128039 -0.0228694241986821 -0.180788412703812 0.317592465357969
-0.0122454093003713 -0.0046567176534963 0.116655969803088 0.204860225036971
0.00526790865174542 0.00229331045091487 0.117646572711296 -0.0034597591116525
-0.00153530367111614 0.00320541093016557 0.0076709037668636 -0.113723693653019
-0.00327672873777426 0.0140937701747555 0.00410633219038852 0.0886526393828205
0.00317041368196556 0.0031590720056751 -0.0775260718602001 -0.0110487110194993
0.00450609236775828 -0.00730081859833755 -0.0518842889910423 -0.219014884309359
0.00621525177275086 -0.0148970323213681 0.227367648800252 -0.197049947454959
0.0264552389519512 0.0118775010868399 0.369116795078887 0.212613598002883
-0.00922531752994083 0.0237703839702131 -0.0216868957806292 0.515319407109008
-0.0164222082275714 0.00504609430087422 -0.304347821385649 0.224246021413144
-0.0135942899342132 0.00103797295322608 0.00668260107420245 0.0471946463516529
-0.0109657022752718 0.0221788080923763 0.268276680161425 -0.233179921845754
0.00616771836197179 0.0119886345573313 -0.0895733358946675 -0.480927469520422
0.00671368294401692 -0.0118808327730325 -0.454532419470165 -0.0875891232680298
-0.0148364415614123 -0.0203170794971053 -0.19079599235956 0.312470871890272
-0.00919446204096729 -0.000731682698024392 0.111707013659725 0.20511781383889
0.00796484054144956 0.00372853162436463 0.11930026792151 -0.00145067365374079
0.00127397204035313 0.00370976967309669 0.00737570217785219 -0.112389755417591
-0.00115931865097217 0.00542591659055292 0.0363641433321284 0.0851266542090933
-0.00737905612940912 0.00270290776127249 -0.0760285399215385 0.0565429908285028
-0.0129697726066921 -0.00268704905243751 -0.172194269625847 -0.126264504214064
-0.00816831830927829 -0.0188275493374517 0.0407591582626995 -0.315217642055631
0.0207564254566896 -0.015969382544768 0.40102016137711 -0.13189643948635
-1.574925041574E-05 0.0131214583552161 0.322270725533752 0.356043122545426
-0.0109955429582034 -0.0115893203927556 -0.105940184813755 0.355806173240953
0.00201819499452116 -0.0193513613927605 0.00401450512342339 0.0640936242460138
-0.00181494601322528 -0.00107992644259846 0.207552666780605 -0.292509965640101
-0.00498405474834425 -0.000341299117493284 -0.154958456642742 -0.504138030065813
0.00501219770655552 -0.0124040013328925 -0.47270415363567 -0.0656544302108858
-0.0164931527822485 -0.0164949229967504 -0.144897194348662 0.330203785737111
-0.0219404366859077 0.00246495501937789 0.156754584253452 0.188284259402678
-0.00618575727092081 -0.00266504992936654 0.112550502538254 -0.0119951939363225
0.000679119171198329 -0.00648531255569556 -0.0446371041769827 -0.100894825242074
-0.00282480337034997 0.0072116559492929 0.0372834138121967 0.082621808626213
-0.00880111315151345 0.00221514398778409 -0.0799469766292453 0.0487203520297037
-0.0154290610436411 -0.00673287667972091 -0.165052234840708 -0.1371104076079
-0.00984410949960727 -0.020790861617011 0.0654993352430341 -0.309749603060919
0.0222986967828453 -0.0119881692437967 0.413909873325031 -0.0972188301690051
-0.000945631545692117 0.0148105250273175 0.29594607315847 0.384535490551523
-0.00953954151191311 -0.0135618684394447 -0.124922123061068 0.348905564520782
0.0049937312383541 -0.0212432900026424 0.00917332307311591 0.0563618804954697
-0.000422349548889137 -0.00131631922322758 0.191783775273424 -0.306048869408545
-0.0049910378685078 0.00252557273667073 -0.192306965319334 -0.484560921106544
0.00395446090773323 -0.010843472420941 -0.469682170025643 -0.0227099881550691
-0.0202055845197166 -0.0168809640503991 -0.11588205253518 0.340597033347109
-0.0239433024128224 0.000274349634452526 0.166538414489397 0.177721122261376
-0.00620734636448349 -0.00256890407479859 0.109591426748104 -0.0199348430725013
-0.00201900328230727 -0.00461705972194353 -0.0449885148848846 -0.102303382778429
-0.00504088128070512 0.00913619337428473 0.0373858269763156 0.0805664642473242
-0.00948920865312863 0.000978200959489618 -0.0820325130230205 0.0404739295009586
-0.0167746095176802 -0.010937482874359 -0.157632835143013 -0.148588835523129
-0.0104020434677114 -0.0223461715702493 0.0883504665320776 -0.302575003475036
0.0238335717169625 -0.00873818784806552 0.422972790741454 -0.0597696898973119
-0.00108852364862211 0.0175930019456771 0.266499941325664 0.414001331434201
-0.00875999910739636 -0.0127020802276395 -0.144169636455317 0.342152489902344
0.00583344858665919 -0.0197386777496558 0.0149381500629499 0.0487880006406098
-0.000763904044269306 0.00102757024139472 0.175396395302465 -0.317133795916453
-0.00267366190663439 0.00554656909801878 -0.22839052594573 -0.461509484830458
0.00317030914489705 -0.0096033303965225 -0.464909951184504 0.0226940320696374
-0.0243076806813091 -0.0158898216562849 -0.0879731791237283 0.350567243787028
-0.0250071078333908 -0.000851234339177104 0.176813695107659 0.167141184114087
-0.00525894936228677 -0.00235357984188829 0.108059802264612 -0.0288501937424979
-0.00412254881769196 -0.00224737155362141 -0.043835001050321 -0.104613666781269
-0.00486986591931995 0.0109515478274673 0.0381350863468842 0.0781384445392457
-0.00759999008658416 0.000744758557037993 -0.0828350760662532 0.0323295566208117
-0.015659633436354 -0.0130908133098024 -0.148867020252539 -0.159215789051379
-0.0100446857340716 -0.0228156493846878 0.108220961584305 -0.293336765339952
0.0256483211524051 -0.00531779777487044 0.428700288544674 -0.0202032640635182
-0.0011256959131225 0.0201515868332717 0.235985282453205 0.440756095675039
-0.0080622824032154 -0.00986713884432676 -0.162551267625927 0.336419245794418
0.00421432861232432 -0.0163895634100237 0.0196549712727537 0.0428179121129189
-0.000293013609740399 0.00587805507358855 0.158405461835209 -0.325753705891628
1.47419134967908E-05 0.008526626640317 -0.258924766025202 -0.434520178750343
0.00200984119068056 -0.00898620829938575 -0.457327377036121 0.0635206225060887
-0.0264251291025834 -0.014523916761589 -0.0615728607442506 0.356523581273318
-0.0237994689445571 -0.000130503354536755 0.18443029484522 0.154373308592178
-0.00354965501131828 -0.00196055670552839 0.105657959810585 -0.0374744855176959
-0.00451554056135056 -0.000193696481896139 -0.0429958115748798 -0.106164880958527
-0.00400081181940885 0.0128656283316048 0.0387265673055448 0.0769190175846281
-0.0051950775341989 0.000281614603480384 -0.0827856133607583 0.025528087056576
-0.0127162947017916 -0.014398854984898 -0.142449163423833 -0.169023042560577
-0.00890253254048874 -0.0221942534055443 0.124048042952602 -0.282931396937636
0.026806345822507 -0.00301838544825494 0.429085251066144 0.0139833746291601
0.000119790504280607 0.0220398317108368 0.209146407467813 0.46203916200688
-0.0087712733619946 -0.00564434811334623 -0.177820705235266 0.331280633277266
0.00158485735868611 -0.0114201143971926 0.0240751461242254 0.0377754593341818
-0.000263277481111783 0.0104595655716041 0.14485293489222 -0.330330579751873
0.00314308465964338 0.00945618867421138 -0.285015330596485 -0.409886411256108
0.00115426486273968 -0.00913101533971977 -0.446961755584974 0.0968818100043753
-0.0282914618125742 -0.0126353694527883 -0.0400764268063802 0.361072395245445
-0.0211890483120562 0.000438863176034386 0.189903498325051 0.144212262246847
0.000330936924768016 -0.000932534421590792 0.103561600451147 -0.0455321685462162
-0.0041406182510272 0.00158544565631878 -0.0418481108095151 -0.107351283971927
-0.00226937557955371 0.0134324818741147 0.0394948097645814 0.0769095117241275
-0.00161702527047015 0.00028716372924317 -0.0805640100015926 0.021475404806421
-0.00844129297033531 -0.0128734842780887 -0.137563618210724 -0.174672356216466
-0.00803099957728018 -0.021376881975805 0.132135931776334 -0.276346879744714
0.0274257938232106 -0.00262365599744848 0.429485220329869 0.0356519347775232
0.00136945627603879 0.0233434941055897 0.192997018106399 0.474314996938096
-0.0102312134582896 0.00044791553273959 -0.185910410044304 0.32928272688707
-0.00291726926192218 -0.00533287596538952 0.0272814967427687 0.0357622243571103
0.000999645239194064 0.016340719077601 0.13668130605396 -0.33317088782865
0.00581582180649413 0.00984926718160385 -0.298720341290244 -0.395238153141363
0.000496574351486641 -0.00970430099678504 -0.440439317958194 0.117361406862557
-0.0279500735955552 -0.0109218211892587 -0.0292563792839708 0.362609564938266
-0.0176029451387562 0.00149910461952595 0.192388947086507 0.136760761410126
0.00333218081756303 -0.000308701551249482 0.10413128348288 -0.0500988361151734
-0.00272193113443247 0.00305634723980257 -0.0410731767593534 -0.107753971307009
0.000146650842432127 0.0140123238844608 0.0397323290114148 0.0784206995867658
0.00177482293465371 0.000943060008399489 -0.0775774542766745 0.0202924923075568
-0.0051100076104519 -0.00970467407315689 -0.13653820765964 -0.17761851418001
-0.00627220679280981 -0.0187414667337812 0.130760890423183 -0.27441829954532
0.0275884610232011 -0.00402099857170644 0.426531555712353 0.0426315870796235
0.00299667435005312 0.0238749320840283 0.189303592626448 0.479193902723635
-0.0116670385918796 0.00594985118701168 -0.186631804047771 0.3298600067862
-0.00786819730447063 0.000799466666960888 0.0277226079607482 0.0364170151062358
0.000599636054864587 0.0208077998328571 0.135563318915233 -0.331060004947698
0.00789151918004135 0.00934668371734128 -0.298083790002233 -0.387746837085628
-0.000240247236708028 -0.0106680204460522 -0.439802184370967 0.123630633925751
-0.0268276458810339 -0.00925729817537551 -0.0288366039509783 0.363437492254629
-0.0127795935662418 0.00323741307624454 0.191824535691887 0.134031593692675
0.00709242501060766 0.000146744489337148 0.105260788450744 -0.0518882288591052
-0.000167263556914464 0.00325941978236669 -0.0399714644291313 -0.107216642013998
0.00378210380835924 0.0129074434427333 0.0401722262817935 0.0801960870095524
0.00531918102683383 0.00197293623879055 -0.0750285577493398 0.0226977518926527
-0.000719883623513621 -0.00584682784333892 -0.139809741842803 -0.176336861999029
-0.00506681083797306 -0.0158344916126353 0.122365460218288 -0.277035184206176
0.0267517506680385 -0.007234244955739 0.426045579273502 0.031679528311284
0.00511681069215447 0.0229837306942693 0.201074585494034 0.47604241590072
-0.013291539745211 0.0108167883086477 -0.181253208062504 0.335206825477841
-0.0122424539347608 0.00587025033353051 0.0257835628735638 0.0395886132674158
-0.000257739037885677 0.0247128414733364 0.141827854297418 -0.327606769958797
0.00925924110649489 0.00800354967110605 -0.287479158485252 -0.39740264112867
-2.64277353801542E-05 -0.0124407217026826 -0.446602835559594 0.11455245830581
-0.024314869226704 -0.0077662605322067 -0.0396058936408566 0.362943164638344
-0.00846553566994828 0.00542567022506902 0.188458304230732 0.137045535468779
0.00966604816069142 0.000361651100073327 0.107570535746862 -0.0502021870080512
0.00256736318993818 0.00224377904889607 -0.0399851854554874 -0.105976886224438
-0.00110883550340828 0.00535721742959608 0.0360879363603696 0.0855980375778292
-0.00751833272912838 0.002740277810188 -0.0765071092177408 0.0563456386583749
-0.0127377741718797 -0.00310705143171475 -0.17281794524684 -0.126186882349401
-0.00816548203216994 -0.0182410339279952 0.0405348914230579 -0.315513662916475
0.0207049658375173 -0.0163800602142118 0.402842270625206 -0.132929770151282
0.000172701932146981 0.0125574977080916 0.323576187907119 0.357224037081668
-0.0107389415207568 -0.0114052111106161 -0.106537815674931 0.356607808989091
0.00196536543147271 -0.0196054725340772 0.0037719960316716 0.0644155838816055
-0.00129861208830317 -0.000901209359547189 0.207841571890288 -0.293032615894323
-0.00521242664729356 0.000584494346627525 -0.153889828838975 -0.50745963611518
0.00459369606134351 -0.0125302258689863 -0.475715863056606 -0.065799740408785
-0.0164594909078915 -0.0164750607428137 -0.144889261862446 0.331097739258141
-0.0226467678925588 0.00279419488534541 0.157075175081684 0.189244523847343
-0.00673013532100281 -0.00258368590986731 0.113121075218638 -0.0121899147076225
0.000134859933251428 -0.00666172160993263 -0.0448190531022864 -0.100319283744424
-0.00312654879756012 0.00714898652963289 0.0372303300691607 0.0831802606585796
-0.00936883594086876 0.00198527585167487 -0.0801531955579848 0.048365626497272
-0.015478626087348 -0.00721981271292548 -0.166216055494501 -0.137841775826515
-0.00969966160361626 -0.0201938402378971 0.0646630616218547 -0.312232223227973
0.0222190110823626 -0.0123960976308767 0.415429412680275 -0.0972284451804049
-0.000914318622192732 0.0149465359973155 0.297481210719839 0.385496046451019
-0.00951984871684951 -0.0137312782442667 -0.125151506704887 0.350418062991105
0.00513781982858182 -0.0212332537403624 0.00973923886893395 0.0563319491098724
-0.000418423558507379 -0.0015086756036142 0.192905139931398 -0.306954022317031
-0.00455077111122993 0.00266771944088042 -0.192905292794255 -0.487756358953252
0.00374879709337169 -0.0104924750195636 -0.472534195882341 -0.0222468139767206
-0.0200021606689162 -0.0168092722957051 -0.11681766878922 0.342120247461025
-0.0241550917568586 0.000215881847922419 0.167917515911634 0.17888622023962
-0.006902985948385 -0.0025677361563424 0.110257224730663 -0.0201007418125908
-0.00197308915923462 -0.00415629131026236 -0.0445619202743127 -0.103330707626828
-0.00442135519004902 0.00904245578157419 0.0373460429836892 0.0805184363656393
-0.00915228806170642 0.00099324030978287 -0.082256219412963 0.0401863598030294
-0.0163915606563786 -0.0107151791773792 -0.158148966716672 -0.14945692663409
-0.0103454357159354 -0.0220377308285378 0.0874303854374593 -0.303636976697193
0.0243036861782675 -0.00875551473556542 0.424330378986296 -0.0596347029551646
-0.00110678643141871 0.0176811176652706 0.267836033941422 0.4143526444847
-0.00838525726883706 -0.0126537070481881 -0.144966388637987 0.344052993205181
0.00575861719158351 -0.0197625071574208 0.0147645911804632 0.0490489019563983
-6.04797155663098E-05 0.00113757015867588 0.176258155239442 -0.317453880566773
-0.00269530043069792 0.00592745217782955 -0.229120686587668 -0.463014141862606
0.00312046291528378 -0.0098540366782443 -0.466634096124104 0.0223854862950977
-0.0237017031512718 -0.0159877464739186 -0.0876229994756911 0.351628123101705
-0.0251440659079516 -0.000759838922481799 0.177298300799505 0.167963909971202
-0.00556672655997742 -0.0022140640515906 0.108332556882935 -0.0287810817106114
-0.00375979858364717 -0.00175526525962534 -0.0439919928999825 -0.105060490496997
-0.00472042745362304 0.0110810561839075 0.0379141953719343 0.0782912179997477
-0.00782536743044949 0.000296655459741404 -0.0830921944850207 0.0320430538679375
-0.0154415206231418 -0.0133306999768045 -0.149922854568661 -0.159955647646573
-0.00959382204368388 -0.0229282673715836 0.108404011116126 -0.293653538014133
0.0259339372039355 -0.00514718995599793 0.430435761210573 -0.0209899611900194
-0.000923053521007165 0.0197182191497051 0.235870924872232 0.442711054648995
-0.00776938683894983 -0.00974543606248109 -0.163403413821548 0.337065176912754
0.00463575253352724 -0.0162241211608423 0.0201685895650578 0.0430015724464435
2.69958376865019E-05 0.00559451824067473 0.15895238467539 -0.326440039321191
0.00020490453823193 0.00835097936199349 -0.261241857285105 -0.436470070194434
0.00198230590822983 -0.00862357100901239 -0.459087782291475 0.0627980178917615
-0.0266540005302449 -0.0148115254212429 -0.0614564319412802 0.357452268874756
-0.0236245292173022 -0.000967890490063395 0.185703460904057 0.155292833465942
-0.00359765607543943 -0.00169416805624747 0.106053694762335 -0.0377235447023096
-0.00479523862476203 0.00034477626899574 -0.0432642438922384 -0.10655325234554
-0.00418284844242225 0.0127290072255802 0.0384034700914018 0.0780429789956542
-0.005407589004665 -0.000430715905505176 -0.0824885028088682 0.0256392055005905
-0.012838931517639 -0.0146159387114935 -0.143054839987949 -0.169832692884939
-0.0086245822703339 -0.0221961714325668 0.124004701980735 -0.284476921264711
0.0269226156094722 -0.00323273888113987 0.430781761204633 0.0147014479962843
-9.81568339782253E-05 0.0220642795643699 0.209153698920137 0.463448464388038
-0.00829752797988612 -0.0056917943622634 -0.177950492597029 0.332437080423471
0.00155174486272306 -0.0114279035062229 0.0244316558516183 0.0379902563269677
0.000531645898796779 0.0107712720634039 0.146072606099486 -0.332038695960467
0.00274166064583534 0.0096568394630131 -0.284697962164973 -0.412717811834466
0.00134047972223587 -0.00871531728925461 -0.449158114332887 0.0972569546688228
-0.0282719928989387 -0.0126665868146977 -0.0402626764195987 0.362447422922192
-0.0212293396125463 0.000331663177924603 0.191402491874726 0.144723991748824
-0.000445324072602434 -0.000469275733902342 0.10483562216677 -0.0456105294062464
-0.00413143472701639 0.00218952873357824 -0.0418946848828849 -0.107830131439895
-0.00233753381096771 0.013601049880652 0.0394563821042654 0.0770267055443611
-0.0016396871130503 -4.66730970810512E-05 -0.080492104368983 0.0214648481849595
-0.00905441351042803 -0.0130812920659662 -0.13814269560833 -0.175306924198395
-0.00746666765293148 -0.0205324281937324 0.13194268947539 -0.277270714666425
0.0277776111882422 -0.00308593257340966 0.430747895875306 0.0351190269852626
0.00137116631950366 0.0230950404138684 0.192841935244332 0.476813662191254
-0.0101862011376681 -1.48493346432488E-06 -0.186115654883189 0.330322984887138
-0.00251958644325143 -0.00505613478722251 0.0270318977745317 0.0358133702941914
0.000934201854772878 0.0160866228544912 0.137698420084525 -0.333852976551399
0.00562047916086333 0.0103399061555597 -0.297163021338532 -0.396882059664792
-3.50498428801343E-05 -0.00965757585907184 -0.443767533395271 0.117926264170126
-0.0282165757029302 -0.0105743712687253 -0.0286979570540059 0.36424893859765
-0.0174497137306445 0.00147181935191914 0.193566137684684 0.137253391302136
0.00316019752216871 -0.0004460189299333 0.104477164857587 -0.0505633962847911
-0.0026449097182267 0.00312191916701348 -0.0413737037341955 -0.107778684263009
0.000479006300107364 0.0140606113039683 0.0397672284845458 0.0789701421658422
0.00168928169896348 0.000634528426817091 -0.0782635293149851 0.0207593507105076
-0.00469753370893546 -0.0103255762891576 -0.136895309033611 -0.178511875061855
-0.00601021820688005 -0.0187101176961206 0.130497148672012 -0.275338503865786
0.0277766843502988 -0.00418521397836406 0.429228286293655 0.0424208954897789
0.00322985754006337 0.0238589820825795 0.189986396916314 0.481341131456036
-0.0118176460113444 0.00574916499722506 -0.187878416226355 0.330895457789652
-0.00726633145507219 0.000700579652156146 0.0274656758144791 0.0367718979375595
0.00114680622119565 0.0213574440434544 0.137312974599611 -0.332380962466755
0.00792851971479447 0.00946707068018617 -0.299929386943983 -0.392057361394846
-0.00013398436666258 -0.0104449247682571 -0.443268905064079 0.124167494513368
-0.0263789843531919 -0.00894731488752251 -0.0286876652262988 0.364466032554742
-0.0130232041640853 0.00335909436388442 0.193528423327814 0.13483079820873
0.00639634973108981 -7.84180730396648E-06 0.10556576015134 -0.0523929877054777
-0.000420585540786765 0.00288921803307809 -0.0407908751335391 -0.10758185807289
0.00361005921709746 0.0131628156157997 0.0405863871009358 0.0801104352389073
0.00503595539294474 0.0018833024624777 -0.0748021311785211 0.0223143140931542
-0.000551390080018805 -0.00620796871822764 -0.140623791348553 -0.176780629844058
-0.00464057437855687 -0.0161489190540994 0.122117770751936 -0.278196056392865
0.027125879438796 -0.00705365400106436 0.42788667251658 0.0318696851929425
0.00541043428251854 0.0228792255455343 0.203191457511554 0.477050270999646
-0.013017645870332 0.0113561933426133 -0.181788299254384 0.336240198222486
-0.0123916140345892 0.00613881888877167 0.0258535438870746 0.0402163155318733
0.000593318373909947 0.0249829932630136 0.142780647418938 -0.328631476329163
0.0091322350839448 0.00804083321152551 -0.289198550231463 -0.398515183512618
-0.00055305106433265 -0.0121273782078821 -0.44868195334534 0.1143183960261
-0.0238438405047458 -0.00758651507592464 -0.0400005876639564 0.364287488263425
-0.00886402129112748 0.00536960458029404 0.189350559848164 0.137883812436834
0.00912413841516875 0.000331721533469576 0.108317424030099 -0.0503689147883134
0.00259271722073456 0.00239978552947335 -0.0400758464665538 -0.106296963882375
-0.000747916069847723 0.00542079031207873 0.0363563637790328 0.0861244558417995
-0.00762000167612108 0.00278056623836837 -0.076419319044125 0.0567166136619809
-0.0127225568479768 -0.00299079425478461 -0.174062879037432 -0.127715058669319
-0.00808470361077407 -0.0180820431724371 0.0393941223861393 -0.31798230861374
0.0207926832761361 -0.016850395714083 0.404440360602718 -0.133933152352316
-0.000255119816211179 0.0129147132161459 0.325391737533995 0.359347132519848
-0.0108352022232871 -0.0112388109698501 -0.107079568959773 0.358713651640243
0.00227351460551641 -0.0197308690011608 0.00353375146105217 0.0645295011494907
-0.000940100167549623 -0.000936102825912243 0.209858204563223 -0.294603989072199
-0.00539659697270011 0.000759084899822588 -0.154640998396898 -0.508969622401991
0.00504722050597784 -0.0122503905621052 -0.478812059424021 -0.0657412971488681
-0.0163585771148025 -0.016809086109709 -0.14505000707445 0.33342583565272
-0.0224946846884244 0.00260283675490769 0.158761869278404 0.189967230543061
-0.00724979899840643 -0.00256235099453571 0.114372423252632 -0.0125880393662194
0.000334996836912505 -0.00629605628167302 -0.0448819565271982 -0.101290611513365
-0.00299014872723568 0.00724785001395162 0.0367832438372258 0.0836352364351213
-0.00909642376252752 0.00189421622777873 -0.0799999210051229 0.048985546907925
-0.0155397065623882 -0.00710307446726443 -0.167031965893149 -0.13852372165796
-0.00929328383829519 -0.0204709623196982 0.0639850923549456 -0.312949208620837
0.0225318238499709 -0.0125610711672651 0.417423249572742 -0.0981904496476694
-0.00104243911637182 0.0150526171319399 0.299565330912003 0.386491776215045
-0.00918950933060735 -0.014000826122276 -0.125790834712288 0.352658249720831
0.00501555000651448 -0.021508178850951 0.00960734480500471 0.057049381933478
0.000124013711030627 -0.00134150863264264 0.193485054201663 -0.307988485633999
-0.00439544534431421 0.00302323807137156 -0.193409236671446 -0.490194730310373
0.00389749098765039 -0.0106756078481189 -0.475001458064459 -0.0242353854752753
-0.0199623949269921 -0.0166814331355339 -0.116508193606794 0.343732491267684
-0.0244896737200441 0.000152697786115564 0.169173147366618 0.180054531323578
-0.00708599216606649 -0.00260028085589559 0.111630743099995 -0.0202083752803106
-0.00202595504185853 -0.00440734240329666 -0.0453438566289619 -0.103257609944791
-0.00452500855654371 0.00947729139452449 0.0370687186157893 0.0811906579856799
-0.00953528276606568 0.00087914660262552 -0.0826151949234335 0.041130190474602
-0.0165731524988123 -0.0112987890177242 -0.159203484672813 -0.149854282255302
-0.0102231952673991 -0.0221285794766597 0.0873009592644087 -0.305388713929661
0.0243032521561825 -0.00907939076344971 0.426446292187589 -0.0605174086664052
-0.00118443133670936 0.0176801150569609 0.270080331741428 0.416290653111738
-0.00835294964155259 -0.0127654616067092 -0.14587918529534 0.345692232221597
0.00567099968808551 -0.0203570698629113 0.0150831267275313 0.0494266695067132
0.000296818344793835 0.00132578175115257 0.176876010170778 -0.319670993085499
-0.00288468553084841 0.00610319916441106 -0.230514366537411 -0.465440712157594
0.00300686965105835 -0.0094729816392087 -0.469626253417966 0.0237859654044243
-0.023713284517669 -0.0160394249729454 -0.087060480086905 0.353405051128338
-0.0252459347369479 -0.00066889256021992 0.178841967814724 0.168590387530537
-0.00629831992091023 -0.00244821142006261 0.108693731112464 -0.0295556002784632
-0.00404125904327861 -0.0018041273691265 -0.0439782594149731 -0.105378840294502
-0.00478388067149227 0.0113152243587591 0.0380653433450018 0.0790123691408428
-0.00776953278276699 0.000119215622559797 -0.0832295943722244 0.0326203223196893
-0.0154802380881322 -0.0137145586652628 -0.151061164696218 -0.160833329649144
-0.00939055504331658 -0.023140288455003 0.108651362269419 -0.296302197114787
0.0260748237324345 -0.0057125642774541 0.432453296641889 -0.0213141790853633
-0.000980533903354101 0.0201639756271626 0.238568671905204 0.442924979941838
-0.00806315358607597 -0.0100135682169278 -0.16383967151054 0.339627301033888
0.00474175955485206 -0.0164714233301745 0.0202309376309116 0.0435250019963593
0.000403959768666598 0.00563746004264414 0.160294948035481 -0.328310714454914
5.97360107473625E-05 0.00864410511290943 -0.261855598238815 -0.439440155166891
0.00204267235988511 -0.00884472145352689 -0.460787656839013 0.0646997612289798
-0.0264650537468976 -0.0146938081990935 -0.061553155470551 0.360174453600972
-0.0242350393743213 -0.000624038558222578 0.187291446235668 0.156367073974328
-0.00396050587225029 -0.00179759825862892 0.106698204417932 -0.038456210380014
-0.00472689814557002 0.000375626528590607 -0.0436179336966089 -0.106767799435693
-0.00400440265660821 0.0129860813618692 0.0389486599748864 0.0784394082413736
-0.0053506433760235 -6.61411571511994E-05 -0.0828108866724613 0.0257372076265886
-0.012946923267382 -0.0147214834912731 -0.143750918221429 -0.170095431677811
-0.0086619871844772 -0.0223882745118204 0.123639484562342 -0.286383761449917
0.02718438416046 -0.00384345852734257 0.43329703667279 0.0137296946639511
-0.000201190548263576 0.0220993760402699 0.210486796701576 0.465056803316702
-0.00839812015240559 -0.00561490343010754 -0.179006546324144 0.334259195366294
0.00172720750654486 -0.0117045474371842 0.0246436777679792 0.0385065127058567
0.000867018144777269 0.0104809475535731 0.146085429983847 -0.332724105902346
0.0030376281393801 0.0100539727420821 -0.287397573453817 -0.414547906537434
0.000919573054276488 -0.00884368631940244 -0.452332666244252 0.0980543305102785
-0.0286197512375785 -0.0124496517732101 -0.0392841573776108 0.364032653498456
-0.0215182326274452 0.000259686992759609 0.192095033975206 0.145059916456659
-0.000797992175707014 -0.000970778873470966 0.105401144533564 -0.046077168046477
-0.00449106023451698 0.00257840586843012 -0.0422120464004091 -0.108703291624702
-0.00215317274086439 0.0137575226977591 0.0393802730266471 0.0780142749356227
-0.00204458461030102 -0.000368045099436256 -0.0806210745355179 0.0212220868813098
-0.00895897988865435 -0.0132653432099176 -0.139251350415977 -0.176428312485677
-0.00737157078694538 -0.0210323038331354 0.131906320441955 -0.279132920964298
0.0275136298255657 -0.00305165383235313 0.433132642874302 0.0362209453488725
0.00163826749919743 0.0231264219644468 0.195016702844223 0.478319460012026
-0.00962558076433509 0.000131783400435277 -0.18734786746972 0.331698796265181
-0.00228190373886369 -0.00526032137801719 0.0271763271306735 0.0364694138767272
0.00151546691212051 0.0164664522484743 0.138223680625799 -0.335452128729813
0.00552473012323689 0.0103773241153755 -0.300177042822602 -0.399100596439849
0.00016486961518636 -0.00930901146119408 -0.445246580571344 0.11868090651443
-0.028218191327406 -0.0107345621334911 -0.0281460306808106 0.365844357238801
-0.0174249984637943 0.00147044925399916 0.195040673480189 0.138123206922113
0.00248107622639316 -0.000290250902612726 0.105009883317338 -0.0507071496473563
-0.00285835152350675 0.00313031542954129 -0.0416657075739998 -0.108796703626594
0.000386770568979357 0.0140312183405934 0.0400442908692464 0.0792403472714993
0.00155017401510302 0.000915558649119648 -0.0781954580814592 0.0199510856202426
-0.00524637413758475 -0.0102779909757127 -0.138034656962255 -0.179353167437609
-0.00629933568066627 -0.0184713622564946 0.130821442875278 -0.275893997662503
0.0280940874040718 -0.00463400007476529 0.431311524876591 0.0432495253181597
0.00308682032791475 0.0240740353176565 0.191221513068177 0.483949582034442
-0.0116769955507605 0.00600893544947953 -0.189047404681652 0.332724559473387
-0.00740595746644326 0.000343710254938591 0.0275101620685819 0.0370227074377787
0.00123381183515691 0.0214522771668083 0.13762247308976 -0.333534622829095
0.00811178218552345 0.00996243673986689 -0.300796593191266 -0.393309415567853
-0.000658768866764981 -0.0105279079528733 -0.444877413914147 0.124032652409461
-0.0270341311886043 -0.00872126596138831 -0.027255220462136 0.367536911641374
-0.0129362362969749 0.00307613100733266 0.194249964176054 0.135951790937068
0.00601955791015267 0.000408262546445347 0.106920643121101 -0.052933883236539
-0.000573381786195192 0.00326507210369698 -0.0408710954863629 -0.10800350170864
0.00391914917598468 0.0131968159887813 0.0400602384355184 0.0807503109353423
0.00529149080240923 0.00127256916082684 -0.075249078542649 0.0223369400201504
-0.000606860962727861 -0.00641485644660864 -0.14119275568062 -0.178109115665033
-0.00438780702585235 -0.0160842285563311 0.121642721185753 -0.278942892874032
0.0269767224827274 -0.00733688309759746 0.429610614674577 0.0324376085426045
0.00477077974705263 0.0231752243094188 0.204003417509795 0.479596370564327
-0.01306058306636 0.0110989287476088 -0.18275081722278 0.33852049744322
-0.0118969270789744 0.00587483612762339 0.025695071629644 0.0406078159752279
0.000671068522337408 0.0251631845361057 0.143883837303295 -0.329912250306285
0.00931565001530828 0.00841475902447364 -0.291503263560239 -0.400713755434873
-0.000268630528342822 -0.0118503659112279 -0.45142993388801 0.116668252029889
-0.0240006983529092 -0.00752360935281866 -0.0388537542296216 0.366354101026536
-0.00863534188026446 0.00537572260115789 0.190698683334988 0.139308433054953
0.00900331724599482 0.000626727169598102 0.109349603714282 -0.0511716794794235
0.00194974070317036 0.00264644251962838 -0.0405529676885981 -0.107014011348789
-0.000591802322521749 0.00556844704473477 0.0362880671096441 0.0868481777616561
-0.00738135362610419 0.00247197148407322 -0.076358986706009 0.0570857189732024
-0.0128655820672601 -0.00340588316454927 -0.175283444183293 -0.128110039666365
-0.00842455413186385 -0.0180489850224962 0.0378241359203307 -0.319469228750279
0.0211466060070583 -0.0169293375276861 0.406233526734656 -0.135963359095915
-9.47610686060588E-06 0.0131736039056404 0.329059410410304 0.359442795022827
-0.0103222733057893 -0.0117254770159124 -0.106779149415626 0.361648456704521
0.00237137582915176 -0.0201033123144635 0.00379368712953197 0.0649193322068655
-0.000648490410513879 -0.00081530562388998 0.210077866805572 -0.297350380586474
-0.0050767399380598 0.00102932351630821 -0.158090852813143 -0.513013708293412
0.00487494807940611 -0.012758994086057 -0.482259749206296 -0.0646680246079488
-0.016817177214392 -0.0165358027222808 -0.145085668383725 0.33679148751593
-0.0226739247044541 0.00244514527601272 0.160277228873322 0.190724509161393
-0.00759527679124978 -0.00252136347282279 0.11550123554232 -0.0128275352441323
-0.00033481883633004 -0.00638904968578469 -0.0454393252605162 -0.101958512473195
-0.00308065895748222 0.00677149718186147 0.0369893291499384 0.0839104055526359
-0.00909448738678966 0.00184267521817581 -0.0803932837693503 0.0492516460564875
-0.0156360070110035 -0.00739308331819574 -0.168139233900913 -0.139384862620903
-0.00987695857217649 -0.020334605301968 0.0629799922072241 -0.315271141453085
0.0227675880836315 -0.012964877003584 0.419646499087727 -0.100797890997273
-0.000994691623936651 0.0152101998543652 0.301851739822635 0.388314441446358
-0.00941792522180006 -0.0137409997698355 -0.125556387397871 0.355464311623148
0.00535852622991568 -0.0217014905743221 0.00984231986291054 0.0570237359708442
0.000224430461276187 -0.00105619153695336 0.19452526815119 -0.309990573476282
-0.0048118410203167 0.00344131009404233 -0.196464283953674 -0.493144561814807
0.00383934344426889 -0.0105490047422831 -0.478388598001388 -0.0220512327249434
-0.0200542473071183 -0.0169645510601392 -0.116577663231297 0.347125714882883
-0.0249631719342966 0.000137983621341381 0.171077654009294 0.18083405452214
-0.00768123535805568 -0.00241172267723645 0.112447901197598 -0.0210569146817404
-0.00235167292067392 -0.0044601522985644 -0.0458157177736205 -0.103719695509122
-0.00452390424816525 0.00936306816693208 0.037439775116935 0.0815255915319418
-0.0092765023963972 0.000454269679503973 -0.0825288064028851 0.0414450429219132
-0.0166193179486686 -0.0108678861729634 -0.160448886433318 -0.15052272395608
-0.0102516055007334 -0.0221373719556152 0.0867736672074194 -0.307380012799186
0.0242350255644543 -0.00914132810087834 0.428394358523448 -0.0618956902861595
-0.00121610615890096 0.0179287923936122 0.271802316282178 0.417948892298364
-0.00849765909033099 -0.0134124053091958 -0.146394072865185 0.348610360787216
0.00570869772821708 -0.0204499287320527 0.0147792133345081 0.0497851507832424
0.000416670637431628 0.0012414594424035 0.177085781849894 -0.32179195599809
-0.00264409722154978 0.00652982315870816 -0.232285307859159 -0.467628589366462
0.00277966308787617 -0.00941383464720604 -0.472779698522867 0.0235619530953678
-0.0239914458412298 -0.0162134951594698 -0.0866345876092549 0.356313486999816
-0.0254642649168059 -0.000566776191334575 0.180900642922961 0.16945676268853
-0.00665570080846264 -0.00225757401875141 0.109494932349011 -0.0302538866622856
-0.0045324688959207 -0.00135170397149964 -0.0443161614251571 -0.105727160892513
-0.00515003888876585 0.011345876069575 0.0384388656212749 0.0794763783409365
-0.00776242374713377 -0.000423526197551576 -0.0834676714978406 0.0333113614788382
-0.0156630592944129 -0.0139378986669815 -0.152566673433129 -0.161823411504872
-0.00952679078655785 -0.0229386246754834 0.107856110794066 -0.297908007744668
0.0260679238607664 -0.00607850614800774 0.434756260668028 -0.0237625554393638
-0.001026128663128 0.0205720563065735 0.240978790445159 0.446173671319485
-0.00803611895687934 -0.0098808630294911 -0.16439677894849 0.342189902787174
0.00479373332233613 -0.0168177019183017 0.0201946208334459 0.0436001095604872
0.000663714272999733 0.00595198385585115 0.160685160876376 -0.331009339924874
5.77358596089393E-05 0.00893456661431633 -0.264992708584514 -0.44103528971799
0.00225493171614947 -0.00863319763856289 -0.464027335825425 0.0657865738229322
-0.026720422334603 -0.0146378578741527 -0.0603368967845101 0.363346833898373
-0.0243400569046468 -0.000511519674974991 0.18848954819271 0.157378699468792
-0.00440082906078896 -0.00143247846102782 0.107370950613749 -0.0388973569910559
-0.00505011871397681 0.000837955318055648 -0.0438980027557141 -0.107267199193164
-0.00390687327485236 0.0129499863445704 0.0384912846697211 0.0785189554267338
-0.00526737970781125 -0.000781559707782304 -0.0824063277292033 0.0257320334555043
-0.0126351475461865 -0.0152847015632917 -0.145276633514877 -0.170619020255345
-0.00839798980482849 -0.0219887431685891 0.123790769432888 -0.287939469342897
0.0275795885670483 -0.00391927855025903 0.435785213705411 0.012960074271127
-0.000359734181659802 0.0223026150134416 0.212572771368361 0.466758350122317
-0.00867114705366267 -0.00564689040024216 -0.179093570256298 0.337093561267928
0.00180504723819796 -0.0118532977532919 0.0245659999185441 0.0387514933408867
0.00135866898073987 0.0108773998516633 0.147270536323993 -0.334963167902234
0.00294096322946925 0.0102348558895902 -0.289999208974264 -0.416711517647327
0.000787258650001944 -0.00866980444820421 -0.454332895386974 0.100047113902831
-0.0285370507880912 -0.0130167557921788 -0.0385003588535054 0.367523205405743
-0.0216010450125853 0.000194183360231184 0.194986116435504 0.146358541475385
-0.000894606500122981 -0.000605411892362994 0.105808623389781 -0.0465984672112231
-0.00448921786988719 0.00258196026529319 -0.043107104696887 -0.108649179715106
-0.00182048517813905 0.0137048655673797 0.0394616799251358 0.0781137730969952
-0.00214915013822927 -0.000339471857898744 -0.0806703686601736 0.0213951852855213
-0.00915196588482485 -0.0138825629114651 -0.140592392755119 -0.178037523813906
-0.00687673480749422 -0.0212874173638742 0.131824295674134 -0.28108634862979
0.028122421328981 -0.00359908860218904 0.434101172028909 0.0360542574020942
0.0010307925199231 0.0235337744225526 0.196624074284909 0.480382369399177
-0.00980364870892071 2.27999081686128E-06 -0.187667506590102 0.334418263725538
-0.00224879992088967 -0.0056089240394832 0.0274581344911117 0.0362380675188009
0.00189363416706428 0.0168229698416574 0.138220892586723 -0.338233556749299
0.00592746518179111 0.0105892757783445 -0.302864925718124 -0.400913307108547
-0.000107571656323924 -0.00943897044593915 -0.448289670019564 0.12090843611182
-0.0283006478700622 -0.0108237320750606 -0.0276453294595879 0.369677730741067
-0.0179469165819033 0.00158522872482678 0.197220950520504 0.138950366967584
0.00253905576051343 -0.000286658594837858 0.106095070386483 -0.0518415719612981
-0.00300876933547142 0.00358154021470072 -0.0417160548375459 -0.109369631998403
0.000498605044508232 0.0141024898571365 0.0400329072412709 0.079390241435698
0.00119139581810504 0.00039597119511373 -0.0778565579959159 0.0203814703186729
-0.00479961751868051 -0.0105118797331633 -0.139656508444574 -0.179984538633798
-0.00613164464408044 -0.018699291005182 0.13111573616538 -0.278507030959059
0.0278164024192542 -0.00477690638310975 0.433683134157625 0.0419701193058105
0.00289657807061632 0.0243029157029439 0.193711660686656 0.485117776386699
-0.0116235550058845 0.00545905229432295 -0.189016250815846 0.336037534069646
-0.00766776030016579 0.000677284751458978 0.0280201819109553 0.0373876300183909
0.00145579455060803 0.0215031759302916 0.137684927549767 -0.336133449883659
0.00804019058790689 0.00993191104887569 -0.303552983170959 -0.395624039308446
-0.00052605057796636 -0.0106306171673287 -0.447809716714351 0.126616501114048
-0.0269017258217151 -0.0088255652357094 -0.026185853199365 0.369556766320761
-0.0135025657775782 0.00319452883932152 0.196185329521007 0.136949771295364
0.00562287794121971 0.000360052212408169 0.107587345799619 -0.0538683642153399
-0.000695119756963668 0.00349862840922704 -0.0413881912820501 -0.108740484875108
0.00412878685062476 0.0131838827612056 0.0404817047022302 0.0812855613316232
0.00507639302932888 0.00107510594808225 -0.0751624933987246 0.0227287382845159
-0.000694682841431165 -0.00650911902706019 -0.143363819569875 -0.178740259878682
-0.00386860550550233 -0.0162833319910915 0.121850128832788 -0.281436538604002
0.0270536103966845 -0.00808877998044205 0.432577398293014 0.0318641304672033
0.00471297948311708 0.0232427257611285 0.206469215739127 0.481961632671466
-0.0133273141067784 0.0113723897748175 -0.182393348929347 0.341224396569173
-0.0122600779967533 0.0054001122543672 0.0263125490734551 0.0405552142455617
0.00088062612375831 0.025336849210605 0.144727380439794 -0.332377909923742
0.00956225899949018 0.00874681491629617 -0.292880206188237 -0.403425287867609
-0.00104083981703212 -0.012128558033035 -0.454105734311129 0.118144746475973
-0.0241053732480034 -0.00786922818177167 -0.0380547566794908 0.369475427663232
-0.0095786655454701 0.00562719966944267 0.193089623298635 0.13922342143924
0.00879911802697242 0.00105255854873391 0.10939948518937 -0.0523278455749751
0.00270384441168508 0.00256792751414904 -0.0412327198836438 -0.107600510144135
-0.00081115681590016 0.00595170019009385 0.0369939222936242 0.0872615487448817
-0.0080002062523555 0.00221521998233712 -0.0762103743177639 0.0574093059653305
-0.0129682086573501 -0.00339586128233314 -0.177729734920326 -0.128338558428859
-0.00824273832322774 -0.0179339066401542 0.0368486840424651 -0.322337816528733
0.0213097300081635 -0.017445634579323 0.407963099521937 -0.138730543032988
0.00013951689694581 0.012656179320475 0.332623866305834 0.360967534448267
-0.0106315885962828 -0.0122926286757147 -0.106048151860199 0.364403339713565
0.0023749534139703 -0.0204395141700941 0.00388850246882658 0.0657786765780783
-0.000308070438519326 -0.000623250610490901 0.210741439514545 -0.299625052830891
-0.00513979462451351 0.00118581778279173 -0.160521121560637 -0.515698850573028
0.00433192047627591 -0.0126790323901088 -0.485149952371271 -0.0651202434908712
-0.016422841489812 -0.0170650198139881 -0.144861601973211 0.340334333129634
-0.0229124410855015 0.00258487065629116 0.162597056750826 0.192728781051547
-0.00812606983622717 -0.00220697756148307 0.115843155141591 -0.0135752871473841
-0.000599175854494245 -0.00586526345424462 -0.0460327572048252 -0.102160763406642
-0.00306600730165814 0.00732551340751263 0.0373455320077018 0.0846605764575579
-0.00923595749448742 0.00145566534164248 -0.0803169434380892 0.0499259140341774
-0.0157667286309928 -0.00717369327403599 -0.170372968421936 -0.139650134450005
-0.00964249943403639 -0.020450519404601 0.0620086029553717 -0.317742240004099
0.0228252782745219 -0.0136692984276436 0.422005445906784 -0.103292925300712
-0.0012402500505245 0.0154744381133617 0.306646697156475 0.389217804393719
-0.00937391324813673 -0.0140102598404561 -0.125730984674375 0.357839888901961
0.0051258595641799 -0.0220981695039299 0.00968606187875515 0.0577745428094859
0.000659056944080931 -0.0010836705211117 0.195235041451038 -0.312805795366668
-0.00449780659813172 0.003645668745163 -0.19900535218085 -0.496081010250775
0.0039416542717484 -0.0108295219692947 -0.48252411241941 -0.0206584581452369
-0.0203713012264587 -0.0165969242972206 -0.115315744212897 0.350780448159553
-0.024993010283252 0.000438275096928549 0.173397400218363 0.181590960805413
-0.00801749323824524 -0.00223932917368035 0.113710225385322 -0.0218443086932709
-0.00268638235767725 -0.00434873972719977 -0.0460947472043362 -0.104233122150791
-0.00451871705686596 0.00973898496150317 0.0376178236876182 0.082352001855183
-0.00960524901845888 0.000179988785481815 -0.0827082957390994 0.0419759653136448
-0.0173344734307561 -0.010977446769154 -0.162380250654329 -0.151633764123707
-0.0102772465679835 -0.0218978897219829 0.0856715527421719 -0.310272606212845
0.0247247485512814 -0.00974785430820609 0.431461336432278 -0.064039150537469
-0.00133626504492022 0.0176017393083709 0.276358051942953 0.419377793473364
-0.00836572640992024 -0.0135811363286646 -0.145443931375346 0.351288813842112
0.00609524735358904 -0.020755670351427 0.015403537812318 0.0502143437764084
0.000631881247400157 0.00115319607024932 0.177759883421672 -0.324496788289479
-0.00254263144997509 0.00679039152414199 -0.235905435242213 -0.471299178559907
0.00260215260659244 -0.00922961798965953 -0.477449973901708 0.0261735062726612
-0.0240645522848084 -0.0167965973592001 -0.0860395143652252 0.359681850862913
-0.0253184082462551 -0.000740949192849483 0.183197985822704 0.170197353493075
-0.00684692976682169 -0.00205275686112493 0.110754837686822 -0.0312498078704146
-0.00459315051088424 -0.00158464367408922 -0.0453889686771579 -0.106524927676041
-0.00468178666207867 0.011443947234102 0.0384701375203775 0.079951157769205
-0.00809179174133768 -0.000534115736611354 -0.0833327724228537 0.0332324350443325
-0.0159354722952314 -0.0140187714832562 -0.154355262848835 -0.162967782164898
-0.00935498200029472 -0.0226888052548923 0.107006525073989 -0.30044560489551
0.0265218689061059 -0.006254171516177 0.437134117348542 -0.023970632528522
-0.00125381764786082 0.0205509154722145 0.245748918894279 0.44633755450409
-0.00791721211722833 -0.0101882340674 -0.164225457560445 0.344880121523521
0.00474521929415231 -0.0170105470250582 0.020361765972457 0.044048707767047
0.00110599343554706 0.00588153791236736 0.16039695280258 -0.333838969506962
0.000206842453835499 0.00960008120372174 -0.269009614380954 -0.445106129818968
0.00200781002752336 -0.00874083038338788 -0.468056940870941 0.0689009762303445
-0.0270262512647665 -0.0153200818580881 -0.0592122866293494 0.36653701124418
-0.0248066604770825 -0.000747150669795645 0.190980390679467 0.158193519157742
-0.00485120383896225 -0.00145332325604032 0.108446930005176 -0.0399428073881944
-0.00526430292490606 0.00134340871506115 -0.0449696420373467 -0.108260814542044
-0.00396078858599959 0.012830818680452 0.0391072539148992 0.0789225998140739
-0.00581869461660673 -0.0010072142410187 -0.0826380609877534 0.0261067896034412
-0.0130170171188162 -0.0153349394036522 -0.14743347052743 -0.172069451684728
-0.00844656706039344 -0.0222787557826748 0.123597464253807 -0.29096086142419
0.0276430935343738 -0.00425742558919445 0.438857812507088 0.011543888742661
-0.000211746300951322 0.0221755934128668 0.217656724789845 0.468596052300073
-0.00850146736269821 -0.00616713707659662 -0.179116454685294 0.340070897317198
0.00204285495095832 -0.0119773476610587 0.0251735331588003 0.0390136248339065
0.00154719019577794 0.0110827438154657 0.146901588843573 -0.338586031665108
0.00320849059684241 0.0105895474814294 -0.293225915865719 -0.41966372598247
0.000954253776071082 -0.00836375875394824 -0.458195339926549 0.102779168207466
-0.0285676503439353 -0.0127352728698841 -0.0370681790473299 0.370519139725968
-0.0217002392374298 0.000187068599792676 0.197029087714454 0.146658687197568
-0.00150247976422805 -0.000159226554251235 0.106887311897616 -0.0481842836392189
-0.00472700081525008 0.0029487674254706 -0.0433269203516987 -0.109498143901598
-0.00217435343251988 0.0136969559626896 0.0398899453015258 0.0783386924117225
-0.002332676888385 -0.000667820307321722 -0.0810731231070954 0.0220220057481931
-0.00934681154880587 -0.0141989433136177 -0.142897430462619 -0.178562456921703
-0.00723544176395752 -0.0205761051777113 0.130817144610756 -0.283544606424065
0.0283815557577766 -0.00347171805773123 0.437941661841513 0.034231516530397
0.00159549899649178 0.0239652193141663 0.200233599454229 0.483608515625479
-0.00990208223769289 -0.00031264507413937 -0.187675128104423 0.33761183318505
-0.00208351751664138 -0.00596096563895109 0.02764523608963 0.036474573241382
0.00208636730050831 0.0164637406624667 0.138166623662702 -0.340480380729707
0.00576704377278034 0.0112917727922961 -0.306115519459255 -0.403319282812496
-0.000202094448355346 -0.00936312484620212 -0.452884206665406 0.123604692426082
-0.028621767804144 -0.0104471959456275 -0.0260389650142649 0.373243916732882
-0.0177899838594043 0.00143661736296224 0.19934929241571 0.139185757166085
0.00187188286687755 0.000298003857837114 0.106451128761017 -0.0528120732502514
-0.0032597839382122 0.00388482976575202 -0.0429425945557656 -0.110113556448771
0.00099992604257082 0.0141637788547281 0.0404447738840252 0.0801246722154068
0.00111008097497992 -1.71091139075706E-06 -0.0784377042950827 0.0205029751919192
-0.00482967919994823 -0.0110950328606405 -0.141562296296685 -0.181943339863716
-0.00576428177162436 -0.0186217091253806 0.129977915934813 -0.281058010934496
0.0281202425913641 -0.0052148322884242 0.43740710455672 0.0395808114055117
0.00266409073588987 0.0246465841901662 0.196762167183385 0.488412618085221
-0.0118840307305382 0.00572940427273683 -0.189246588707998 0.338209787244616
-0.00706845036023568 0.000377497420171017 0.0282249836930534 0.0376336701825774
0.00216850414176564 0.0219026475269818 0.138100179756729 -0.338460006487847
0.00883990726424258 0.0104465252089384 -0.306643722381099 -0.397204903910865
-0.000618719773796704 -0.0101774045990244 -0.450746698640872 0.129732292323307
-0.0268370937574632 -0.00905995673260658 -0.0248351432292053 0.373296618127353
-0.0134623806393824 0.00294924588666657 0.198999292784263 0.137191521134001
0.00546951661367111 0.000710396355523002 0.107749429535706 -0.0551237918499693
-0.000823786324387627 0.00424423576314667 -0.0421156791708559 -0.109799900066257
0.00396389054313387 0.0130706791202437 0.0407698193216169 0.0811969556393603
0.00460554110650719 0.00098943751891429 -0.0753756629911991 0.0227793324682214
-0.000879803079612366 -0.00688869348329303 -0.145701285519216 -0.179707174841858
-0.00436702359355085 -0.0160648774357848 0.120620564954975 -0.284020571439217
0.0272686713479378 -0.00832074638935582 0.435086113000728 0.0294079622610087
0.00512153393811629 0.023682432946616 0.209826123406646 0.484508379786365
-0.0134115468910974 0.0111944638934338 -0.183226292971072 0.344312795095157
-0.0123516849836587 0.00541976806346469 0.0266366396823007 0.0415638380696403
0.00157268844948457 0.025407385262269 0.14408130013138 -0.334801343620919
0.00920488604931755 0.00902318844865328 -0.296306982978853 -0.404906391573551
-0.00100920116679419 -0.0124571117715263 -0.456583732565639 0.12021286328716
-0.0244877780287813 -0.00725519575098609 -0.0360654629469437 0.37248635415196
-0.00889428059806945 0.00552128188446832 0.195360100275187 0.139923389208679
0.00849955909511986 0.00115443588957643 0.111125630241521 -0.0532280051391898
0.00219185945433462 0.00330924158715524 -0.0417790597506526 -0.108474868956365
-0.000767484738662497 0.00567370920170852 0.0374394453970314 0.0877978758042522
-0.00782767423580267 0.00208003430521656 -0.0760591472901335 0.0583917817305502
-0.0127470337157558 -0.00332439267112706 -0.179499167792224 -0.128073907459302
-0.00819866918622615 -0.018287755360308 0.0343115036761212 -0.324857489441015
0.0212909699254332 -0.0179043452883542 0.410543489639741 -0.142377389409606
-0.000184859107179683 0.0131959745973654 0.337131041172196 0.36069701483983
-0.0110640488152195 -0.0120465342547574 -0.103966917868842 0.367810793178094
0.00228537323580392 -0.0208739921964437 0.0038186556417772 0.0668298514932889
-0.000318233009036556 -0.000768877528903211 0.210103396663059 -0.303586119387648
-0.00482724909030093 0.00175321255687941 -0.164930153476756 -0.519199327211013
0.004535475275434 -0.0128886354435647 -0.490378308131678 -0.0612401604152734
-0.0163817552031365 -0.0170094750135911 -0.143044042325354 0.344085299931877
-0.0231773511098692 0.00284569991843097 0.165513114103433 0.193252259214263
-0.00815069088674768 -0.00186434810051993 0.117564376714034 -0.01511120751953
-0.000366419829382863 -0.00590118531641272 -0.0468343344090819 -0.102538375069007
-0.00287850976285726 0.007365463615645 0.0373483971123975 0.0851602113018532
-0.00942938496356128 0.00142509643478062 -0.0803654109645458 0.0508865015403021
-0.015694874028966 -0.00783023588770097 -0.172110997833715 -0.140109337565589
-0.00953456080022043 -0.0205858198004571 0.0597415549307526 -0.320855367461535
0.0231699047876387 -0.0141420094489515 0.423846721815549 -0.10617819396067
-0.00118280392779653 0.0151306580575233 0.310820381287227 0.39100130335891
-0.00962070833580718 -0.0146056379674315 -0.123879421587087 0.361745901647002
0.00535980957003599 -0.0228564706106524 0.0100901866988686 0.0582427675297057
0.00129563079066961 -0.00110047873022765 0.194483603668539 -0.316634170171185
-0.00441047386242261 0.00407903508014193 -0.203193219577143 -0.498015779943853
0.00365264867568423 -0.0108029613057032 -0.488247766498594 -0.0173701043622357
-0.0205188409624744 -0.0169062529091954 -0.114075517632845 0.354883521814761
-0.0248118556552421 0.000788327475182004 0.176485539458928 0.182371827192435
-0.00828492595630629 -0.00268760077053589 0.113869416501132 -0.0231246090452594
-0.0027628037262674 -0.00347158942926324 -0.0472694489799078 -0.1056063288886
-0.00454894225422449 0.00983436703794175 0.0381878287620898 0.0826500759950125
-0.00953251321675291 -1.37589868215867E-05 -0.082683605565982 0.0422040459704864
-0.0167127148479767 -0.0117843619836408 -0.164604557055219 -0.152217202468682
-0.0103477377371745 -0.0218040269971788 0.0834120813430168 -0.312816571000659
0.0249364535937326 -0.0101755581285752 0.434024383352041 -0.0678398784085784
-0.001646201416037 0.0180563457255586 0.280322060175712 0.420513396138583
-0.0085505827353624 -0.0136271092597051 -0.144719183335866 0.355200294368998
0.00570864280968566 -0.0211737009816946 0.0158960754056801 0.0506283190073305
0.00111705544520954 0.00193146604563576 0.177402484163271 -0.327456419960046
-0.00246602127110541 0.00674422444282476 -0.241599095217307 -0.474591470191185
0.00270321870925543 -0.00957913249296347 -0.481798962124127 0.028975299035794
-0.0242117976852788 -0.0162086061338856 -0.0840215250945518 0.363664345291131
-0.0257661643463599 -0.000874753884809179 0.186036017276118 0.170577935681934
-0.00725915163843302 -0.00217252338065653 0.111457456863649 -0.0322696767775124
-0.00482279815688678 -0.00104045121182116 -0.0465210130303833 -0.107041852978651
-0.00444705925866029 0.0114540034783655 0.0396572329128805 0.0802940277253366
-0.00798735090702577 -0.000681394516629141 -0.0837787838178028 0.0337403401061832
-0.0157386960801371 -0.0145877217571496 -0.156677639418002 -0.163061176887026
-0.00960313430881612 -0.0229645146971979 0.105351755608099 -0.303707650547022
0.0265225496522919 -0.00662076068453375 0.440043012959069 -0.0275672170574112
-0.00120519666960142 0.0205603490718323 0.24918282330656 0.448826205564763
-0.00773900110510144 -0.0104277982090466 -0.16264291335265 0.348853291950785
0.00486508046050488 -0.0175541357218447 0.0206117276083065 0.0443635374048522
0.00164375085130761 0.00591812508917571 0.159654227856127 -0.336568309966463
0.000295591397020904 0.00983356864901801 -0.272510085520597 -0.444988435566168
0.002080652501769 -0.00834971350793134 -0.470494452256232 0.0711107628964794
-0.027234706458247 -0.0148256864175071 -0.0563420618646718 0.370184423314024
-0.0248355945671592 -0.000920387271229879 0.194258518934111 0.158539861414171
-0.00526781397833429 -0.000961686642265942 0.109315828361131 -0.0414553930054231
-0.00561600193760438 0.00137885528295185 -0.0457913887237052 -0.108905609390706
-0.00374826277510657 0.0134180531826921 0.0397222962523545 0.0796766374378703
-0.00561076245132949 -0.00132326266634757 -0.0833784357645912 0.0270229297174752
-0.0128074892337884 -0.0155859884992264 -0.149753513298876 -0.172477007283516
-0.00848296296210423 -0.0226350777410365 0.121459417866083 -0.293220565541577
0.0278563406374911 -0.00437968187491345 0.442086250484625 0.0083494518294046
-0.000182127930481238 0.0222691067166121 0.221973598898662 0.47064226583586
-0.00832334332972894 -0.0055929135275581 -0.177992320012511 0.343679374984063
0.00163301258429362 -0.0121442911384956 0.0252787519177812 0.0393204968456974
0.00216177863831352 0.0113645049373518 0.145923536166404 -0.34145296356877
0.00327703896394037 0.0109023908106923 -0.298392134085746 -0.420661985574362
0.000744532077876097 -0.00824265318020663 -0.460498858596404 0.106833960785459
-0.0287142413138416 -0.012786983047902 -0.0352334471246737 0.374390456197249
-0.0221209815509307 0.000394429343500905 0.199143389929644 0.146375622718483
-0.00144172636365512 -0.000257095323809808 0.107212288960098 -0.049231525994421
-0.00500683483922597 0.00330359478327337 -0.0439685953135811 -0.110129864867629
-0.00178754564471028 0.0141197665732583 0.040840468950704 0.0789554335848081
-0.00218007712654037 -0.00109978050343574 -0.081539424069603 0.0220725994970178
-0.00933526481723042 -0.0145334260433294 -0.145089861255785 -0.179549576653161
-0.00729855245144349 -0.0210611721464357 0.129444033034036 -0.286135846952488
0.0282523246458082 -0.00435332502200573 0.442449016398837 0.0313540045919713
0.000839680760187238 0.0239298172376135 0.204600743582123 0.485278060600752
-0.00979060484570391 -0.00031206781688801 -0.187209206141927 0.34052537037518
-0.0022351411717549 -0.00617351150388595 0.0282276619975785 0.0374542224807522
0.00262104634803372 0.0167848077855529 0.137884785905361 -0.344182724833792
0.00634510064220462 0.0112610111912238 -0.310072067643173 -0.403740878994446
-0.000197966494560033 -0.00949591469495554 -0.454383716561152 0.128163511614164
-0.028981171201515 -0.0104374453847796 -0.0226508412721214 0.375949552845568
-0.0181045170566208 0.00150632768793859 0.202393949760422 0.139441646201759
0.0017710710659823 0.000593726779628019 0.107415955531897 -0.0542706617965589
-0.00355853332970909 0.00436672578273273 -0.0436388176679978 -0.110652862049515
0.000965164133579878 0.0142636908864948 0.0407825533488721 0.0801597826466494
0.00114974816947285 -0.000284381683750648 -0.0785508848417008 0.0214726198204439
-0.00540575228615003 -0.0112932606004579 -0.143844169640329 -0.182734190223115
-0.00581405833052855 -0.018687590685093 0.128967398932408 -0.283918378459655
0.0281712525819252 -0.00599089577060777 0.440473540972406 0.0380063373267277
0.00324113434254939 0.0245597818363309 0.20272444307154 0.490583313183888
-0.0117875651037491 0.00607682520108765 -0.188646165301792 0.342412701371246
-0.00705526165145399 -0.000161316502987135 0.0284995526968477 0.0378471539984134
0.00221090258123655 0.0216817344590665 0.136711977824527 -0.342189358302373
0.00852014831949684 0.0109312135659928 -0.311192344487106 -0.399196128207685
-0.000949186241991527 -0.0102872388177408 -0.454073436885646 0.134476749100976
-0.0269696904066077 -0.00883526654111368 -0.02192521235021 0.376299700732476
-0.0136490550671375 0.00280961591404928 0.201288091974584 0.137108359718614
0.00523767528407262 0.000877559786589504 0.108320001305137 -0.0562224457305723
-0.000843367239795407 0.00413339526600387 -0.0433536343211879 -0.109772406584917
0.00443867168968899 0.0131139586582446 0.0410802765697336 0.0814469895383261
0.00471825571283217 0.000823440989912768 -0.0757093810999854 0.0233952670342998
-0.000995592331462551 -0.00694382851074448 -0.147312424366223 -0.181081782325211
-0.00415078142973588 -0.0159990040134347 0.119979728956374 -0.286645113353135
0.0275029035175518 -0.00874104786277298 0.439083611793716 0.0276927889481638
0.00487359159926529 0.0237918493015199 0.214597118779593 0.486360700191117
-0.0130851536556357 0.0108755081464512 -0.182350839002904 0.347700035682741
-0.0117437572477542 0.00531168134099049 0.0268525197994323 0.0414543171123162
0.00207445702586835 0.0253594339333289 0.143819329887831 -0.337797651076356
0.00952811618353438 0.00930746761624363 -0.301039279211619 -0.406440765421866
-0.00106034094634214 -0.0119730434807715 -0.460007228969951 0.125125077733761
-0.0242223912143091 -0.0077056878653327 -0.03437349042793 0.37614396743508
-0.00904716704261349 0.00588466745309319 0.19832702915603 0.140273359057507
0.00832159772904979 0.00123985812890658 0.110648729654038 -0.0546144026177592
0.00213195088830627 0.00331208670075789 -0.0428067444751151 -0.108732507677916
-0.000748471208427814 0.00556758625663983 0.0380967000404136 0.0881576320619795
-0.00778067172924436 0.00178245383832587 -0.0760967837900415 0.0590822762953077
-0.0130428882725708 -0.00341008147621585 -0.182562532160434 -0.127842579866735
-0.00787324872508745 -0.0181722405332521 0.0310581022518603 -0.327282658105619
0.0211979266322342 -0.0184820981913007 0.411949904946765 -0.146807849679394
-0.000303835769802204 0.0136357498733873 0.342829848323129 0.36024201840255
-0.011237932263511 -0.012287328429102 -0.102697778567003 0.371241949112003
0.00233064662075363 -0.0209895371022922 0.00470031481551259 0.0670123459105964
0.000181064431993535 -0.000684813939678291 0.209737268436641 -0.306880310429459
-0.0045596860650099 0.00197557185721507 -0.169286015455864 -0.521323744602448
0.00428900958445574 -0.0123494960157694 -0.496041828995427 -0.0580792101916751
-0.0167580442520125 -0.0170995432844393 -0.140994133090951 0.348389890785358
-0.0236470932923247 0.00332970371267942 0.168357239443461 0.193468224809843
-0.00864442862330923 -0.00160137625699307 0.118031818622374 -0.0166310501041291
-0.000703747827337853 -0.00607841853751919 -0.0480950461172238 -0.10324838567378
-0.00281564150073045 0.00752484784874671 0.0383735517755977 0.085800534423026
-0.00939975153925676 0.000868921180693447 -0.0799346634822841 0.0515082248737427
-0.0159406747878904 -0.00791938690755565 -0.175093894206025 -0.139871466211718
-0.00942627862545888 -0.0201667002831701 0.0572270530509542 -0.323294977550754
0.0230785878988338 -0.014213229019067 0.426896972297498 -0.110626842412691
-0.00087430675775859 0.0156250952220652 0.31663442917493 0.389371136445745
-0.00942989689128065 -0.0142771664982467 -0.122005988400807 0.365380577068967
0.00505543822725468 -0.0226715361472723 0.0103146990829673 0.0585697630782678
0.00124373176633534 -0.00130046199001307 0.193652789702069 -0.31972555145189
-0.00431516657687138 0.00398441600231112 -0.209701645829095 -0.500777621286543
0.00372331315654567 -0.0108303615014781 -0.4904933261684 -0.0139623283118857
-0.0203152653844146 -0.016997341912618 -0.11145177997069 0.359099766053168
-0.0251909517630115 0.000794715086330377 0.179286514063911 0.182761677909719
-0.00857912963580886 -0.00203669630453655 0.11521668607767 -0.0242593476022311
-0.00310485821343763 -0.00370754380901038 -0.0487396279568066 -0.105141664665334
-0.00431795772040491 0.00958111038939925 0.0390755113096875 0.0830251541979077
-0.00939775548031796 2.76284932607227E-06 -0.0827938711380202 0.0428945065565176
-0.0170972396216398 -0.0112377363072692 -0.16774363637678 -0.151936038016801
-0.0100504923070619 -0.0216788488624702 0.0809129300494398 -0.31604748987288
0.0250966966259822 -0.0102551639244697 0.436656996267498 -0.0723565135232644
-0.00146523391871305 0.0183111782305577 0.286261356264266 0.420124985738179
-0.00869530580755545 -0.0133005971819919 -0.14284774887592 0.358889019442255
0.00620498242347592 -0.021305252505014 0.0158998089176635 0.051266428176016
0.00148354897373218 0.00128610561716779 0.174886506721979 -0.331669393962829
-0.00267545589105854 0.00731060876442252 -0.247190138017891 -0.475710624458628
0.00272329299160875 -0.00927122576283689 -0.484226853512313 0.0320916823912153
-0.0244088815731481 -0.0163875825742048 -0.0811327210788942 0.367166967187351
-0.0260084743189515 -0.000385111332077372 0.189772470526688 0.170480762606819
-0.00765319407820452 -0.0015854284404017 0.111990368807179 -0.0337696941922886
-0.00495907951424664 -0.00121008853670665 -0.0475136748734947 -0.107576532044582
-0.00447312630900686 0.0115623654735047 0.0396416286483635 0.0809771946056269
-0.0084998462315869 -0.000909803739126196 -0.0835631659560156 0.0345122428405651
-0.0162300365781618 -0.0145664272251834 -0.158892551217908 -0.163033158892079
-0.00976915361951603 -0.0228221876945235 0.102775911757535 -0.306674549653956
0.0270176174784747 -0.00729422566487239 0.44326234328167 -0.0311780755606332
-0.00112718737488609 0.0208018912964745 0.255428343467852 0.449671801805355
-0.00809560696402466 -0.0107943998949507 -0.161741533327922 0.352096624691506
0.0047187858101036 -0.0177534712017759 0.0213497862269918 0.0446127712379765
0.00179105342869429 0.00605235154946981 0.158709999598974 -0.339955943365547
0.000470210248402377 0.010279209201156 -0.278483822807396 -0.448934971500829
0.00175499867636036 -0.00850563948026036 -0.474553239402513 0.0755541890796334
-0.0275466384465843 -0.0149536488827941 -0.0540542005463616 0.373863504796926
-0.0252659013850557 -0.000373504971077722 0.196903524593982 0.157697427365298
-0.00549759965151707 -0.000724536558446518 0.109982162164749 -0.0428336449172789
-0.00563297383715927 0.00110901279761996 -0.0469118765991857 -0.109385109423673
-0.00355286099827693 0.0129788719846501 0.0399859744525659 0.0797492905210359
-0.00589123590879724 -0.0012754587226004 -0.0834482056638774 0.0273418738846453
-0.013222961941328 -0.0159752483828354 -0.152638217090077 -0.173502881502081
-0.00845064818912778 -0.0225647601136473 0.119700086917044 -0.29629592992368
0.0275920987802229 -0.0052230089175947 0.445106740461807 0.00471682296694355
0.00010893586554925 0.0226721200408327 0.227814937585623 0.471502434056525
-0.00799153557377129 -0.00604895214730012 -0.176381146180447 0.347541227432782
0.00224456834769056 -0.0125402352803035 0.0259983372772201 0.0398260717819212
0.00231438594583825 0.0111882651140841 0.143830009859059 -0.345189645260874
0.00329345046953033 0.0112281075822149 -0.304201666815004 -0.421498300223394
0.000388274163380137 -0.00833301204510528 -0.464195792906847 0.112001825815403
-0.0292011679193393 -0.0127243215555496 -0.0314567571079352 0.377337412883893
-0.0221302898406628 0.000687343897954888 0.20268456514807 0.146360700401731
-0.00186802735895137 -0.000167034344703094 0.107625002465967 -0.0504641835362248
-0.00509713351325763 0.00365587494330974 -0.0457057701014331 -0.110684473409233
-0.00134366643653888 0.0141766081979057 0.0411025273717059 0.0794905117542189
-0.00286575210376605 -0.0010980911400425 -0.0811366658947349 0.022917648698149
-0.00938893071838022 -0.0141963570206323 -0.147989621147998 -0.179668166937556
-0.00718884238360196 -0.021021601663992 0.128298633275601 -0.288859214650006
0.028165620007476 -0.00468954943611993 0.445229605394151 0.0284180663717865
0.00148160553052777 0.0240259085291163 0.210473106317011 0.485933959315614
-0.00974772670808009 -0.000223664026483076 -0.184732600865189 0.345219383914606
-0.00213556508361145 -0.00635839932607181 0.0290800767375665 0.0375618503045776
0.00296611857461305 0.0166086152623091 0.136367233726787 -0.347357348408542
0.00632768388681695 0.0117419392918056 -0.316917486098824 -0.406275872218837
-0.000192557496511194 -0.0091541945399299 -0.457335385996543 0.132545098298656
-0.0288505025367125 -0.0105284298640272 -0.0195298539221702 0.379269058490404
-0.0182906751635569 0.00169950178162566 0.204945630332128 0.138875932760836
0.00154142389832093 0.00062050116417069 0.107456650444312 -0.0553323654704603
-0.00337521176061527 0.00440874937060596 -0.045258504332632 -0.11069540688904
0.00132802140065966 0.014174970040483 0.0415360289357198 0.0803652177542949
0.000748563888932285 -0.000484552892823987 -0.0791029682539268 0.0216770959903226
-0.00520234252712366 -0.0116292352110805 -0.147040676050247 -0.182519042491391
-0.00579716342145388 -0.0186621518870175 0.127401996508614 -0.286263284520847
0.0284743113368899 -0.00567863682964541 0.444110417436173 0.0350540602474139
0.0034633131843231 0.0247886640361988 0.2076319306272 0.491570923587063
-0.011630004989235 0.00564249223753883 -0.186601233773917 0.346925854566809
-0.0068976886270917 -0.000117774595987402 0.028928312708955 0.0379859025725008
0.00337892258399584 0.0219709768893736 0.135060237259086 -0.345476211072536
0.00858986350546373 0.0108623149044595 -0.317319286422853 -0.400243262815651
-0.00107964995866455 -0.00994139297245108 -0.456601069170744 0.138443559162474
-0.0275799925107379 -0.00921976666889034 -0.01817115126874 0.380085493530952
-0.0137955981317642 0.00340236930337896 0.204593916276493 0.136756373871099
0.00501940712147521 0.00140078863767081 0.108752888928551 -0.0577999981448496
-0.000769756674241666 0.00451233892839901 -0.0446819867888079 -0.11093233308029
0.00481215542116143 0.0133406089976021 0.0421543706831538 0.0824124686205055
0.00409710633910403 0.000880182178070652 -0.0758355840458449 0.023791893761163
-0.000925904156297343 -0.00772487671890496 -0.150491764243889 -0.180550822676719
-0.00421944292878811 -0.0164856510658192 0.117327534341381 -0.290454741219602
0.0274918687656086 -0.00934309447001239 0.442152538440266 0.0246556237501819
0.00516917051180127 0.0238684688365135 0.220123305948648 0.48684395387532
-0.0128926411710454 0.0110728008070495 -0.180386292885139 0.351783917355674
-0.0119393179931762 0.00525786753322266 0.027445381478805 0.0420372513960625
0.00252152061613968 0.0254307926441247 0.141748532379477 -0.342101320083446
0.00951763249841854 0.00934427292475203 -0.307571222817821 -0.408105396543134
-0.00123795386021621 -0.0119444940463873 -0.463386779300425 0.129278329015969
-0.0243438959811179 -0.00746768235198948 -0.0304796913075451 0.380470691311859
-0.00906535397162341 0.00564833946949229 0.200921785264768 0.139607557865456
0.00801053699331616 0.00154908517951371 0.110857530414557 -0.0564440330428452
0.00242097022863141 0.00387999329114405 -0.0440508187442837 -0.109701878584355
-0.000281287820305737 0.00568768562190888 0.0391661617123925 0.0891301191746044
-0.0077401841057554 0.00174205121129319 -0.0753133607282464 0.0602412868268925
-0.0130779365323484 -0.00372438837826724 -0.184820773912498 -0.127023910861571
-0.00817490032841236 -0.0181929969788899 0.0271009020048871 -0.329892573527618
0.0211425885867813 -0.0188646485773362 0.413213025147599 -0.152198677145806
0.00027587004196117 0.0136684661530785 0.348553188007154 0.358667320266852
-0.0109091884907011 -0.0125125687815217 -0.0987358542184125 0.375174257635508
0.00181672873484098 -0.0215023486221966 0.00491570568100558 0.0675752793163341
0.000771661551364895 -0.00102781266173752 0.207823335161274 -0.310424137585232
-0.00501478467322716 0.00204609210424052 -0.176829779590719 -0.523166226938096
0.00468696984911379 -0.0125784826159997 -0.500007227718704 -0.0535450086403904
-0.0174092466516672 -0.0167992722691036 -0.138072827967609 0.353239231036703
-0.0234864244975338 0.00336943969640988 0.171869038932246 0.193218367905706
-0.00878371629597065 -0.00176461020672909 0.119090543155857 -0.0179500904831777
-0.000751401996325606 -0.00586472986274132 -0.0489495730574136 -0.102935182611199
-0.00250377900838488 0.00763663640601818 0.039265021392333 0.0859280003245462
-0.00962373038017148 0.00109004579678007 -0.0798144562293558 0.0524674199663678
-0.0157133492090035 -0.00788192778553863 -0.177919685372292 -0.139438386621301
-0.00959159934920904 -0.0204480710181752 0.0533720836618133 -0.325882312656234
0.022837207009052 -0.0146295781037073 0.427688467584103 -0.116144878373428
-0.00120580158133246 0.0155540423932289 0.321586999746304 0.390047292488819
-0.0099219057763203 -0.0147365703167967 -0.119530264697245 0.368871647569072
0.00528029285255785 -0.0235302133981501 0.011093185746729 0.0588468772840765
0.00164407477702181 -0.00139837516512215 0.192270110003319 -0.323816820912431
-0.00439757945085186 0.00462170007407822 -0.215243546683831 -0.502538704020388
0.00334565759350662 -0.0103668887142241 -0.495341087516297 -0.00895004054389908
-0.0209222153220989 -0.0169131031267851 -0.108223533413241 0.362334917581236
-0.0254430225155759 0.00112801629656298 0.183085159483479 0.182296640162332
-0.00925425510021417 -0.00150865752617984 0.115701355839293 -0.0259571767913863
-0.0032851216332021 -0.00346785410263728 -0.0501245674177618 -0.105415328389981
-0.00417124434324892 0.00981983694286515 0.0396223338230142 0.0833588180874679
-0.00999402314001873 -0.000267117775080937 -0.0825366139354376 0.0441996431064504
-0.0172094736446879 -0.0118117956866618 -0.170487317828459 -0.151786537642633
-0.0106814881692729 -0.0220668115825866 0.0775870779531326 -0.318214495774872
0.0251541669807146 -0.0109418026392916 0.43821169112587 -0.0768136109399786
-0.00122882449359567 0.0185180427187722 0.292843949671831 0.419265587116185
-0.00833957697193564 -0.0136006303955735 -0.140465963780985 0.362769439612938
0.00592021332610709 -0.0218711968253273 0.016370689097985 0.0514367835619994
0.0022074709802487 0.00141808905458126 0.174002122055757 -0.335142116829834
-0.00245553245316885 0.00776786501750737 -0.252822552893706 -0.475917763594532
0.00241297744990036 -0.00928216348467758 -0.488252089444518 0.03817291280024
-0.0246985597424504 -0.0163073888659879 -0.0772265026442733 0.37062641511639
-0.0262592721895307 2.54236143156115E-05 0.19235465314003 0.169964563992225
-0.00809626176536161 -0.00122764127281975 0.112225601401625 -0.035174780507984
-0.00501775419294307 -0.000567869352080131 -0.0486806197152395 -0.107495974313977
-0.00438673567703152 0.0117079796893103 0.0406646729034949 0.0809587802541622
-0.00856488565141872 -0.00130419091757588 -0.0837991692090707 0.0350954826462013
-0.0161362341810488 -0.0144579322990876 -0.16230601228454 -0.162808748874459
-0.0100312956788629 -0.022726836235027 0.100378910999005 -0.308721576719107
0.0267805745189721 -0.00779298471488759 0.445323624344056 -0.0365916982026003
-0.00072602097537636 0.0211445399292286 0.261467154878961 0.449944709081453
-0.00792767183191449 -0.0107476109524773 -0.158616732535922 0.35678937400379
0.00450652426376454 -0.0182011581364461 0.0219573948420541 0.0451194455057452
0.00224154463031031 0.00568704284124058 0.156282349657327 -0.343352512177081
0.000461780624289327 0.010224527950775 -0.284006483349414 -0.447545634139436
0.00158356024861628 -0.00880172370107336 -0.478738140523479 0.0806582273732309
-0.0275722316133862 -0.0146375381546611 -0.049925781927915 0.3765480467903
-0.0249956644631385 -0.000156249757724042 0.200157609761638 0.157073765989891
-0.00547263224733515 -0.000693672097016807 0.109861237172798 -0.044234586145507
-0.00573514809863842 0.00207614385842239 -0.0480418520105467 -0.109673141384163
-0.00362401108336314 0.0133550906265646 0.0409380324478788 0.0800638919048558
-0.00652217960499982 -0.00155854104615333 -0.0832067553963182 0.0285635633497182
-0.0136316265795466 -0.0156599018663479 -0.155669201225085 -0.17286822736352
-0.00877576374048336 -0.0226737153279612 0.116877065961776 -0.299576530497113
0.027959727490725 -0.00544812583930051 0.448112845142492 0.000582582216362521
0.000252133932349055 0.022736750285045 0.233107204295767 0.472874710481135
-0.00849540170212677 -0.0064053844710954 -0.174272887081308 0.351330468203071
0.00184601107562207 -0.0129307984593277 0.026150797195918 0.0398657410095061
0.00288632878789884 0.0113413911843708 0.142376398936566 -0.348196377458033
0.00403981156135407 0.0119616570061703 -0.310005802378099 -0.422405010166968
0.000656727603460991 -0.00804188319432687 -0.465312218753506 0.117163923078634
-0.0293283502681187 -0.0127922746777753 -0.0273751001434856 0.381012524735666
-0.0224634951971064 0.00072768339398247 0.205757459842352 0.145152612743347
-0.00223782298075812 -6.56792758837732E-05 0.107840675751581 -0.0524570089768295
-0.00482030326585384 0.00391305398049147 -0.0473991367878878 -0.110690542696344
-0.00138589540338035 0.0139305536597157 0.041738047028781 0.0795825600042255
-0.00276680165874496 -0.00154009491043617 -0.0815360380435699 0.0238107103960613
-0.00962972169773479 -0.0147362418066417 -0.151552611271551 -0.179678348083432
-0.00700853606399393 -0.0210408017139701 0.12521104486691 -0.292274700287188
0.0281625347082413 -0.00518124812133964 0.44846134372616 0.0233226779756208
0.00163137569475453 0.0245566196670156 0.217748297458937 0.487585254294643
-0.00951420689054451 -0.000266408816136035 -0.18304612448603 0.349538233038187
-0.00204955181963033 -0.00656225451691479 0.0292149780198371 0.0373884902978861
0.004113522423306 0.017273524719181 0.133374037219819 -0.350827450641409
0.00658388657387297 0.0121549611225728 -0.321618997790605 -0.405313756134036
-0.000556584102600819 -0.00852759077546128 -0.459661027684059 0.138159027292422
-0.0294244948373035 -0.0107058296907461 -0.0147102481955616 0.382230748257848
-0.0183025339327673 0.00203880061150567 0.20893582904217 0.137529633832976
0.00164316487560916 0.000950992804066733 0.107686932386077 -0.057706446383499
-0.00353175638461347 0.00483845569479026 -0.0464596667443863 -0.111028217738207
0.00141258736019799 0.0142274800766781 0.0425464711461222 0.0805461484260844
0.000837547658216164 -0.000854744949151153 -0.0787175348046564 0.0221218133447387
-0.00539353756688831 -0.0116276114502123 -0.149965155824374 -0.183109776211644
-0.00586538834780037 -0.0188489919197228 0.124580214464784 -0.289951363268294
0.0282790257248478 -0.00674469849235898 0.446802724206235 0.0307008831274895
0.00339830770979219 0.0249241394493546 0.213146886911716 0.491892485021925
-0.0114828702042417 0.00594728171765551 -0.184867938310053 0.350070715319162
-0.00744229407012252 -1.79732282527968E-05 0.0298940281606537 0.0380930523389924
0.00386058575941628 0.0220130055521354 0.133014942485349 -0.348144585618945
0.00869795462145805 0.0112876093988252 -0.323260539651342 -0.39806187713867
-0.00141662947454559 -0.0102928471103446 -0.458104500095535 0.144994183589889
-0.0276770338105354 -0.00865565693645759 -0.0135273454036291 0.382230529135125
-0.0136389323955602 0.00310007831072942 0.208200188855729 0.135180476984344
0.00514403744988999 0.00122921591477384 0.108925392963863 -0.0592574339686449
-0.0010317061800221 0.0049149092823891 -0.0455838517790908 -0.111034743488361
0.00477507994314007 0.0133445306555478 0.0430784194547404 0.0825802440557147
0.00386578731580225 0.000220756114412448 -0.0757142515942253 0.024429233159672
-0.00101005511808883 -0.00833150393404431 -0.153837850673418 -0.180868677790498
-0.00454860228495872 -0.0164290509907536 0.115558699960206 -0.292607446101398
0.0274535953364165 -0.00933144768899178 0.445138852669569 0.0200785826305033
0.00519742097703638 0.0243334058775146 0.226474640445582 0.487302529448302
-0.0132235047279753 0.0112611506972319 -0.177095329645349 0.356105906299727
-0.0117905794923163 0.00523590516141242 0.028576195862933 0.0416465221053053
0.00344185026988069 0.0258344641159682 0.139263278523992 -0.344675747623865
0.0102464143807605 0.0093458415388298 -0.313211263461155 -0.407647907563725
-0.00145757087651332 -0.0117755795793733 -0.465099781913566 0.135339271057345
-0.0247036477401875 -0.00717088496890713 -0.0258089498684971 0.383263302548675
-0.00916800471022063 0.00591710584134477 0.204345845616255 0.138097700619168
0.00793325661992114 0.00146222332004065 0.1113869904727 -0.0574691059123003
0.00172302050161712 0.00391093498376073 -0.0451718149397016 -0.109868258515119
-0.000285137315905076 0.00506525777542268 0.0400706511428619 0.0887513121801953
-0.00833350931105266 0.00158623285282579 -0.0748119360418131 0.0606839178222043
-0.0134058054405142 -0.00418467591502905 -0.187679849934664 -0.12594061311298
-0.00812101986148598 -0.018119284629983 0.0225412515124702 -0.33173650371135
0.0211089087994261 -0.0196531966104204 0.413001522496451 -0.157759361568864
0.000250462838590464 0.0132912922498527 0.354902118701649 0.356331077584789
-0.0111828374035241 -0.0125260931896187 -0.0949162884517984 0.378265552361256
0.00171416510670842 -0.0215191622683104 0.00579769488687801 0.0679893894362368
0.00103425437573594 -0.00053443089939313 0.205577238968988 -0.314824552413215
-0.00454313859550942 0.00258966800931835 -0.183043727198455 -0.525539545770726
0.00407390917837162 -0.0125773339428495 -0.50373089651526 -0.0480842724139757
-0.017330395209 -0.0168748835863411 -0.134722896733098 0.356652780293649
-0.0232886801343171 0.00351596567482041 0.176102225647521 0.192317056005549
-0.00919951208117999 -0.001108916050317 0.119656625680153 -0.0198595964681659
-0.00105610016430198 -0.00585940046305058 -0.0508455776757098 -0.102619287358806
-0.00262769224545197 0.00708396667974078 0.040650938034012 0.0859124480930562
-0.0097312722871944 0.000817795867568147 -0.0788277523309942 0.0531543764402513
-0.0161429847230338 -0.00804637703017726 -0.18115525258894 -0.138371593663243
-0.0096539073340322 -0.0199005109927342 0.0491389932473584 -0.327941015492791
0.0228854865787086 -0.0155970538234219 0.427966593389863 -0.121962018204434
-0.00104051659357762 0.0158258257628742 0.328804171178131 0.387300902093599
-0.00964838071281999 -0.0145604474876035 -0.11492887153759 0.372129773169524
0.00489332701180392 -0.0232851315778559 0.0119830519309742 0.0595358532120425
0.00203245465423429 -0.00120344369090439 0.189221929853094 -0.327445318007271
-0.00414948762067521 0.0046010795862981 -0.222455619693854 -0.503699663433111
0.00359754995660556 -0.0107060732669277 -0.49911149448324 -0.00295404193810174
-0.0214742060058971 -0.0167058264836245 -0.104479961809761 0.366613018086697
-0.0255442507989175 0.00152613552206576 0.185932126232655 0.181108011098933
-0.00948703463281773 -0.00159940105473432 0.11595359658641 -0.0275228771533136
-0.00386549066275668 -0.00338241433148093 -0.0511287377022828 -0.105299610627294
-0.00408875473578086 0.00979837527960168 0.0404334667106144 0.0830051227258517
-0.00998290064335371 -0.000321071231775516 -0.0818013519623847 0.0449216522385502
-0.0176169484951752 -0.0118443837247492 -0.172931437936098 -0.149961937873642
-0.0102495774396878 -0.0218102765040871 0.0737386483765079 -0.32095285719534
0.0250248202684759 -0.0114501290400214 0.439447589894788 -0.0823161937803826
-0.000875850282006264 0.0186331570097712 0.299745315878894 0.418325571254339
-0.00877391479182835 -0.0137606495093002 -0.135783408446307 0.366100790481207
0.00546935038562742 -0.0220489202561763 0.0174507378541806 0.0516236040522571
0.00247245836321062 0.0012816007391409 0.170714779757786 -0.338044871235599
-0.00231581032785159 0.00777577322789267 -0.26036216417787 -0.476157376737328
0.00229822828613123 -0.00921360601952598 -0.490189535750424 0.0443189056039959
-0.0249699407959075 -0.0160650110926716 -0.0729091505948224 0.373713726624376
-0.0264518073628255 0.000152750886322967 0.196131920422239 0.168354788628695
-0.00829440371261251 -0.00156464723561439 0.112871140363297 -0.0369397762501694
-0.00507385083156676 -0.000604407658698408 -0.0502991075430234 -0.107790751131091
-0.00427441181847661 0.0119359490614091 0.0416608329688458 0.0812824616836245
-0.00881230643933278 -0.00146712375735839 -0.0835000134101796 0.0363815213010513
-0.0163652116367193 -0.0146553856123909 -0.165365830858111 -0.162395243561238
-0.00966876253664791 -0.0226635512178122 0.0961907476527527 -0.311877083063393
0.0268705204536181 -0.00841208711470214 0.446691720692026 -0.0415170137512844
-0.00107034424550157 0.0209512459161403 0.268486383740793 0.447624998400036
-0.00808308938079793 -0.0105945163906638 -0.154902795433363 0.36014632385658
0.00449949950522822 -0.0183685309582145 0.0222857148413519 0.0451242056800333
0.00283984586185961 0.00595611708565865 0.153046763291707 -0.346235505110629
0.000627081247662944 0.0103659961434469 -0.291082178028148 -0.446964291969626
0.00176989989344468 -0.00812648461454764 -0.47877999175191 0.0878357901923088
-0.0279135347907006 -0.0142015227598322 -0.0443440308225948 0.379702986313582
-0.0252665102288679 0.000197540555262263 0.203950907330575 0.155653134745171
-0.00595220561980312 -0.000342723074558805 0.109588927181671 -0.0462203913522835
-0.00569640136314121 0.00176650622132628 -0.0501160325868689 -0.109275109492923
-0.00305086810111083 0.0135175495844471 0.0422332057700849 0.0803017530546627
-0.00630964225545262 -0.00171366736517843 -0.083681845429073 0.0290892346331052
-0.0138565201377543 -0.0156699149710358 -0.158642136372033 -0.172336716894536
-0.00857025284079563 -0.0222423733554089 0.113490471299554 -0.30277233179744
0.0277832331333637 -0.00622419778119229 0.449329440325623 -0.0050044600799787
-4.78877785474712E-05 0.0232033189089801 0.241496787524354 0.47226234713338
-0.00842880959579696 -0.0060426441717305 -0.170720195800438 0.355299416194248
0.00177067807851108 -0.0130153318891096 0.0272554622718909 0.0401006104184586
0.00349665780440669 0.0111559109196603 0.138771929654462 -0.351736251897536
0.00362071398788697 0.0121879894287893 -0.316358608290572 -0.421046028770042
0.000362457501737754 -0.00800978793480216 -0.467507088280328 0.123129578180166
-0.0295119586871253 -0.0120960612618475 -0.0221416549049437 0.383079822524331
-0.0225021581136415 0.00116172197950215 0.209474099718454 0.143635424495111
-0.00249844490116415 0.000128469853034961 0.10755019497633 -0.0539712957768481
-0.00578645653851762 0.00404904269996228 -0.048791174097424 -0.110810993306167
-0.00111550543177653 0.0140653490866516 0.0429908664624631 0.0797675830546882
-0.00307311023160394 -0.00134642580231891 -0.0810376388214553 0.0243983371167225
-0.00965738511823342 -0.015073238619843 -0.153956483888964 -0.179098344491595
-0.00737643422712715 -0.0210561869362254 0.121270971124855 -0.295403804362433
0.0285448207438752 -0.0055050369749134 0.450500815785581 0.0193188483034294
0.0017201711317228 0.0245875992364452 0.224137836975576 0.487313169334897
-0.00958121704570233 -0.000186039264356544 -0.179115280337149 0.353342978995412
-0.00229451876223907 -0.00678773672509973 0.0301082891699948 0.03718076888233
0.0039277152239264 0.0166302410918085 0.130533623399831 -0.353176391220069
0.00709508217374218 0.0121035684022568 -0.328191267241026 -0.402805665489759
-0.000923399146020612 -0.00886390663002426 -0.461136462526782 0.144480218777091
-0.0293467494907264 -0.0102550201874099 -0.00950095540327624 0.384637230060648
-0.0185984807736932 0.00203888082660592 0.211941759396196 0.136060037655548
0.00130236799392432 0.00112086067445193 0.107556414421268 -0.0592019171342404
-0.00353393154683272 0.00509023405756975 -0.0481225714395592 -0.111775084188468
0.00165770465244916 0.0143563387435711 0.0433878376827912 0.080741133411305
0.000530154467556931 -0.00111980389772205 -0.0788632942401346 0.0232218154071377
-0.0055721383376306 -0.0118243572838661 -0.153679234299784 -0.182237375437832
-0.00555786742274903 -0.0187455951529422 0.121770329723091 -0.291559379404724
0.0283261595819557 -0.00689139173142949 0.449636039506486 0.0250795649441618
0.00358748119957352 0.0248538605297495 0.220751146513359 0.49125263090302
-0.0113830733226278 0.00563230683897683 -0.18116237291731 0.354164718777337
-0.007197370355372 -0.000444560094174102 0.0304762127918553 0.038660979343003
0.00447800622356846 0.0219769484037307 0.129964169928914 -0.351763173476859
0.00910598617041291 0.011560196982926 -0.328796502295932 -0.397897849320977
-0.0013225199373149 -0.00981857339121517 -0.459913497920145 0.150101226610131
-0.0277389158298871 -0.00842340891080891 -0.00944648239413036 0.385321772400983
-0.0135515462734939 0.00406467924641485 0.211508315686274 0.133581879870905
0.00459971525664996 0.00136000940923039 0.108526241054614 -0.0613296193698193
-0.00100247852543106 0.00523088623019831 -0.0476759278646767 -0.111301300506233
0.00500920940434435 0.0137450526253208 0.0441407917650337 0.0820120025105779
0.00369978217188175 0.00030702159457877 -0.0754510026473034 0.0250126147115859
-0.00125843648651557 -0.00769521513900874 -0.157103387400922 -0.180237210050246
-0.00416644421380557 -0.0161816501019386 0.111723169292165 -0.294763950998691
0.0276685520851128 -0.0104838708567944 0.448093868331559 0.0146488252785201
0.00584884259060078 0.0243860333198705 0.232484454824776 0.48613352944063
-0.0125672359486487 0.0111006726230238 -0.17439263060384 0.358864822490566
-0.0117552908825461 0.00514469527508929 0.0288503064036902 0.0416111266813053
0.00388947134518505 0.0255566147289882 0.1365439461367 -0.348267519046785
0.0101881000949761 0.00964694287800257 -0.320252500450207 -0.406438358476038
-0.00145435435716323 -0.0117243752178501 -0.465913991930255 0.141664656315811
-0.0248919129147876 -0.00716729136549098 -0.0211481483294203 0.385409296275998
-0.00904986251762843 0.00589740023908896 0.207401097968876 0.136775855741944
0.0073894353339232 0.00226796487383004 0.111603559765332 -0.0593947372403716
0.00227350709916254 0.00431108669205296 -0.046923642445128 -0.110262856430842
2.64904991916295E-06 0.00577316233273107 0.041623408451802 0.0887473828997667
-0.00825174035247585 0.00143739251529099 -0.0737117890506197 0.0614904103571565
-0.0133773200896787 -0.00359801153028496 -0.190507438964248 -0.124195965215174
-0.00830489425655298 -0.0175048763463649 0.0177468831595294 -0.33191223859036
0.0206496891216633 -0.0202744834823823 0.411287519671195 -0.164284016829347
0.000400890578467455 0.0134884387754762 0.361955078951141 0.351721545132194
-0.0116728487963366 -0.0122149149116632 -0.0904738786281091 0.380513408539118
0.00166170911969834 -0.0217339636233841 0.00718556173074226 0.0682499841481219
0.0013595656367143 -0.000832626819161582 0.202043966702216 -0.318092865511573
-0.00503060130419097 0.00291803844543261 -0.190671230977544 -0.525006758856033
0.00394538201696894 -0.0126777835354164 -0.508169956874439 -0.0417764158644342
-0.0173099540733196 -0.0170386740245365 -0.129988094665186 0.360465088279792
-0.0241073419164058 0.00408116172837761 0.179774690906238 0.191021778221591
-0.00956546978988798 -0.000789723868725169 0.119806579394424 -0.0212099176758249
-0.00116099319669164 -0.00530778066414373 -0.0521333244324218 -0.102726829542234
-0.00238914456424012 0.00750845871996517 0.0412773643737838 0.0861449240137965
-0.00997868420360435 0.00058019361300359 -0.0778385931507296 0.054387822051093
-0.0163288489254914 -0.00774380388516637 -0.183893152068542 -0.136423355221253
-0.00970071449838591 -0.0196754821910988 0.0442113110975458 -0.329341979887586
0.0226982177375437 -0.0161109350810132 0.427091672428403 -0.128338872279509
-0.000709048648293052 0.0160252817423963 0.335720183461645 0.383537327124916
-0.0103454986381075 -0.0147039571583918 -0.110772491652722 0.374707449587177
0.00491789510947699 -0.0241129136594337 0.0127316987773447 0.0596114657819201
0.0025248557097385 -0.00157404213827938 0.185650887579681 -0.330256703524583
-0.00439637904064508 0.00481406985260275 -0.230184565508425 -0.502411531748116
0.0032653445156825 -0.0106704250140685 -0.501413144255704 0.00313389984846415
-0.0211209108376578 -0.0167854506046018 -0.099098873859489 0.369368452214493
-0.0257119446362395 0.00161547347173053 0.19003487586366 0.179239653190094
-0.00974727813005248 -0.000968161428797331 0.116158862544364 -0.0295160553607697
-0.00371955583288282 -0.00326817942613625 -0.0528145446141004 -0.104436804905676
-0.00390403782143823 0.00996783142817269 0.0419063194677671 0.0832738672291992
-0.010164008249559 -0.000218463656541092 -0.0812108471691491 0.0454910447615595
-0.017797486326069 -0.011359102177802 -0.175824661132366 -0.148827134512208
-0.0101904209909976 -0.0212393148772098 0.0686752897438474 -0.323180658407172
0.0250035437607027 -0.0119694668072987 0.438435108599235 -0.0882886372896212
-0.000581806207464261 0.0184812231310684 0.3064823222011 0.41555244067133
-0.0089852570659856 -0.0141762282562772 -0.131914520766437 0.369707052133789
0.00580553064002007 -0.022542780319911 0.0180067910518656 0.0523064595238299
0.00261805561200325 0.00121789099614378 0.167818799104883 -0.340643336398376
-0.00222200751187895 0.00850018144393375 -0.266393150898965 -0.474238451916262
0.00234685991863316 -0.00916221858037191 -0.491809119613525 0.0510227329054531
-0.0252234649430283 -0.0158469426940375 -0.0672840088789478 0.377178473556093
-0.0266311993616125 0.000728900234581177 0.200058767284806 0.166994956635284
-0.00862218641561081 -0.000790753783700368 0.112393918096598 -0.0386375362849486
-0.00576967662427607 -0.000356417541475583 -0.0519718449448208 -0.107427436451528
-0.00396185090257946 0.0119854979312847 0.0425907173970757 0.0809527100467692
-0.00910188970487888 -0.00155011734596626 -0.0828879661309595 0.036819042469458
-0.0168002839083606 -0.014358216261814 -0.168694397763858 -0.16080317521301
-0.0100400310979481 -0.0226340332738462 0.0917524303484893 -0.314535714896703
0.0265977289719682 -0.00869479830166011 0.448215506482487 -0.0482405570566903
-0.000100866073511573 0.0211084569074523 0.275472139369805 0.446246407919247
-0.00799245924753974 -0.0111169166763734 -0.151021918101178 0.363540768347705
0.0046043297987429 -0.0189256306502215 0.0233501899200211 0.0452367980240846
0.00358800876784538 0.00547858653014825 0.148964375935405 -0.350042245748749
0.000844498600803864 0.0108267552561044 -0.299600743980553 -0.445477171436144
0.00154771919143164 -0.00853705754274539 -0.481456957759696 0.0946989176496842
-0.0283877436437697 -0.0141982719421021 -0.0391400061999039 0.382385493161582
-0.0257196422020861 0.000379629916703594 0.206973280840476 0.153537368570169
-0.00622786364908064 8.51486586093478E-05 0.10953441794868 -0.0478067470431995
-0.0055871328692175 0.002234899336038 -0.0518782019669332 -0.109014407349806
-0.00294632936021917 0.0134695231221032 0.0433296681239132 0.0797707626951935
-0.00671602597369025 -0.00188578164089746 -0.0828943573281487 0.0300433556348014
-0.0140898778684727 -0.0158050478526698 -0.161785038975027 -0.171016297351852
-0.00859182149567491 -0.02253092510869 0.108731802339342 -0.304724659080591
0.0279330824522403 -0.00634055724335919 0.450770205016977 -0.0107983142035349
0.000672752311669883 0.0232978180327386 0.247650066857798 0.468717539366853
-0.00843054114323059 -0.00664652622425961 -0.166498611949261 0.359328709487944
0.00173278682921664 -0.0132410076911249 0.0280106149379716 0.0397227756426599
0.00427122841293949 0.0106864675908506 0.135012224902137 -0.354421311220752
0.00411166583528578 0.0121526060497897 -0.322044183676175 -0.417821302213039
0.000553429825637621 -0.00782018865965891 -0.467895186254901 0.129308530856378
-0.0299006751840696 -0.0120356453720812 -0.016751307306053 0.385246083344617
-0.0223719134559709 0.00132577927353427 0.212340842099549 0.140801444787348
-0.00288782550264738 0.000630229762408613 0.107040709124064 -0.0556429394578307
-0.0050786734978088 0.00426160298683954 -0.0500040217217816 -0.110463368669551
-0.00108304927587137 0.0143628372880445 0.0436824671430102 0.0795858893904973
-0.00325315068515563 -0.00165974955887999 -0.0810626524488174 0.0256906422740398
-0.010247717353274 -0.0144351098074616 -0.157760099341998 -0.178184041506924
-0.00744125250492949 -0.0207796451610235 0.118081475853082 -0.297423508792277
0.0284195944026363 -0.00602968704708708 0.451840504244688 0.0117155986090343
0.00221139220439825 0.0248355109144896 0.231528319321387 0.484410353123901
-0.00954065661575274 -0.000420328805837224 -0.175609087191234 0.356506075763687
-0.00257882207735217 -0.0071918755798872 0.0306289308118785 0.0371486273761466
0.00469306390925843 0.0164712398916438 0.125949698901794 -0.356708311266135
0.00709121983366112 0.0124421920086196 -0.335861400059149 -0.401027125102857
-0.000686002774696176 -0.00870810692591686 -0.46042606474127 0.150840843639429
-0.0297118302070882 -0.0100600794178996 -0.0036725388085068 0.386970960167248
-0.0187047642679515 0.00227206302909479 0.214717334211313 0.133425436484186
0.00099135751820062 0.00104072324852126 0.106885444161172 -0.0606212123234215
-0.00346948582755225 0.00521396252769337 -0.0495008318485475 -0.111165581439962
0.00220003168430875 0.0144185541656938 0.044593219645546 0.0806561121443441
-2.46815057292423E-05 -0.00130202137271922 -0.0788705181445422 0.0240743852976575
-0.00554899334010601 -0.0120917277294047 -0.156845031458308 -0.18107671393571
-0.00573165027516651 -0.0185919529997723 0.117575441856454 -0.294870303966425
0.0282465293020034 -0.00757413719802154 0.451449770437729 0.0196225016181376
0.00360228540244942 0.0251471194453188 0.227378854756082 0.488552351768423
-0.0109597051422895 0.00586738292125791 -0.176656861504407 0.357792959391337
-0.00709657685695432 -0.000341355316809504 0.0311680450681687 0.0378518887139561
0.00518257999654687 0.0215306729740479 0.126396455380842 -0.354544384160587
0.00943818398436236 0.0118278821324821 -0.334926712374292 -0.395376401485627
-0.001102821080935 -0.00980981137295547 -0.459548470371561 0.15753724303823
-0.0280794150797157 -0.00816019199452271 -0.00303821646560232 0.387255921911905
-0.0137256221222756 0.00366476149426071 0.214317670689566 0.1316012850818
0.00481830680851969 0.00204392275260933 0.108541416773209 -0.0628960278172241
-0.00101283251246875 0.00507644477049304 -0.0491833894107341 -0.111050412484378
0.005394476587674 0.0134103786988797 0.0449625818785567 0.0821455480434931
0.00332134808644308 -0.000191127131540495 -0.0753090572830973 0.0256176557867623
-0.00134896018290885 -0.00803565077500309 -0.160162791747039 -0.178710204072199
-0.0044756924413083 -0.0162621254029123 0.108096266651631 -0.29811876267549
0.0271397177426655 -0.0108071765003465 0.449189587310299 0.00839649047924651
0.00600144867553943 0.0242202734096617 0.240192975651484 0.484431444988942
-0.0129102003530918 0.0114213450122832 -0.16993279797122 0.362910523101109
-0.0119792449848935 0.00524585956507182 0.029792442324784 0.0412950817282821
0.00460663632259498 0.0254924985954128 0.132690135887196 -0.350839753383716
0.0103306584702931 0.00976018691242099 -0.327155075841512 -0.403299945767341
-0.00169973266967701 -0.0116005657815882 -0.467328209495279 0.147730017846408
-0.0249498591352378 -0.00702296372616803 -0.0153632837193476 0.386916798777146
-0.00913190060047409 0.00603585653046941 0.210733230895324 0.134126789341057
0.00791157474138151 0.00199328019772067 0.110534444160715 -0.0612411234559766
0.00227924116306778 0.00449502835934815 -0.048732540994635 -0.109980899025325
1.16602894188523E-05 0.00593568939153661 0.0428663954390039 0.088579973781837
-0.00880792940527331 0.0012795579843168 -0.072637248051896 0.0623231298186787
-0.0135391258602286 -0.00350373654798622 -0.192989130337822 -0.122372741822171
-0.00822622613439979 -0.0176131209376035 0.0119455292035472 -0.334252750362638
0.0205764811295309 -0.0205493857863997 0.410156955516098 -0.170182938754528
8.39693969694882E-05 0.0136966774290185 0.367432814792663 0.348901712455102
-0.0116647811080361 -0.0123631646467757 -0.0853555944911876 0.382108897785076
0.00160971625458195 -0.0221543695214859 0.00765624880176145 0.0683029577267291
0.00167397331786394 -0.00123873732432924 0.199164278516903 -0.320963388043674
-0.00432011037758584 0.00311194041504648 -0.198279989690769 -0.524088831345203
0.00398313520383908 -0.0129004751841994 -0.509361982837572 -0.033207172001295
-0.017735347905549 -0.0168566763153835 -0.124425589980562 0.36313077357803
-0.0238331875111089 0.00468150131954993 0.183112985717332 0.188844482209728
-0.00963284217834346 -0.000231846452590358 0.119792853079801 -0.0234813558150096
-0.00139114576000437 -0.00516691946364967 -0.0541499550218358 -0.102452127795018
-0.00210730945515718 0.00762918829294249 0.0424407276331174 0.0854823027949053
-0.0100309848388433 0.000129120081546075 -0.0774710795024056 0.0546083866533394
-0.0165198375776498 -0.00791963840054153 -0.186317285590735 -0.134217206715582
-0.00986741762149932 -0.0194044148995937 0.0388072408581936 -0.330825604686755
0.0223323883716427 -0.0167449188690182 0.425311072509926 -0.134694643150068
-0.000532631156711346 0.0160891034755543 0.34022474835951 0.37870104073918
-0.0101111785297708 -0.0150765753442206 -0.105633931678742 0.377298283288041
0.00437626641910336 -0.0241255113317746 0.0135905428163022 0.0596718710476919
0.00260320589751172 -0.00144014348558643 0.181976894085857 -0.333413570670825
-0.0041803379266478 0.00557299308127345 -0.237430054412295 -0.500519933203627
0.0028640382490805 -0.0109495383559769 -0.502346815650898 0.0090748315726436
-0.0215270050662448 -0.0164774327712827 -0.0935871885182323 0.371640109440427
-0.0255906256344424 0.00214705614078097 0.193453344822772 0.177326971107817
-0.00984352269955668 -0.000723834754661559 0.115879589751149 -0.0312345171593398
-0.00361278962645229 -0.00285532587726065 -0.05397222608234 -0.104340229872484
-0.00340654400846588 0.0100615050011163 0.0428780516295177 0.0826854867731924
-0.0106615712600395 -0.000831491703708446 -0.0802347901696245 0.0461394690128033
-0.0179902122752746 -0.0112631205529661 -0.178807967598664 -0.147057170423176
-0.0105309673123577 -0.0214245663900607 0.0641143720315728 -0.324419264784593
0.0247738626016245 -0.0126608685597897 0.438885762580843 -0.0951678222171282
-0.000585137970180393 0.0185129290274425 0.312669317291544 0.411752800187723
-0.0090795774288584 -0.0135751085361122 -0.1269920061646 0.37230128570543
0.00523247031006494 -0.0231526152370329 0.0188094499524687 0.0519251844835102
0.00309576089160603 0.0010225694794968 0.163094712755041 -0.343816952117579
-0.00184243861339402 0.00856628096777766 -0.273459564542341 -0.473021592373653
0.00221631652147442 -0.00903909554367596 -0.493429914150748 0.0579885820563037
-0.0254379666040678 -0.0158808687111306 -0.0622583920210603 0.379611910404055
-0.0263901548139854 0.00107197752923642 0.202695225973186 0.164287163989261
-0.00893908615478987 -0.000291238066957213 0.11249717697018 -0.0408255843897917
-0.00531134939601815 1.76062118016004E-05 -0.05331184019145 -0.107015190237642
-0.00392747083632277 0.0118583379925178 0.0438016113974371 0.0807250142713115
-0.00930278920660423 -0.00146762025828344 -0.082128475670484 0.0382408917778106
-0.0171990944244942 -0.0146069313998845 -0.171063789912673 -0.159296404457854
-0.0101754461228219 -0.0224056417510613 0.0872357399208946 -0.31580557863928
0.0266651351652083 -0.00924193221522258 0.447113543512225 -0.0543464268679551
0.000148276096903413 0.0214011718701162 0.282076737210554 0.442749242457632
-0.00816790640457107 -0.0108466955844718 -0.145878791296678 0.366489165274084
0.00430107764827365 -0.0189681959609474 0.0239878440765372 0.0450167754014724
0.00377239692984773 0.00540817928803917 0.145430252799226 -0.351729066281971
0.00117178378638418 0.0113635952562792 -0.305873657905258 -0.441666405378891
0.00142821842421229 -0.00833438972259252 -0.480325253530993 0.10160643510236
-0.0284987690120235 -0.0142228025069847 -0.0340649090624499 0.38406053004037
-0.0256995605200918 0.00123279524486359 0.210404850954031 0.150894722582034
-0.00608775773184635 0.000504657005850923 0.109271188812123 -0.0500414318780373
-0.00590165729544188 0.00256980183732371 -0.0531540836271278 -0.108270577924685
-0.002791463514924 0.0136389165481086 0.0438650473234417 0.0795138832046369
-0.00691891701013448 -0.00206057143841431 -0.0822290146578442 0.030709791068821
-0.0143266824393812 -0.0160349535975533 -0.165239948508694 -0.169652042443951
-0.00867337947748679 -0.0223310981550708 0.104632132334629 -0.306308983626732
0.0278626715386565 -0.00703795552362785 0.452271179522581 -0.0178686239228339
0.00102816117089919 0.0233020731353479 0.255570003519492 0.467751819854256
-0.00864075151194792 -0.00671204668625209 -0.161435999547115 0.361714520829746
0.00190438813389716 -0.013657686632451 0.0286332623987263 0.0395240771312776
0.00401572142067753 0.0107470599125437 0.130410173121659 -0.356361842595932
0.00417323531503476 0.01239610124936 -0.329283625237242 -0.41567715178932
0.000433240015606504 -0.00823839503598957 -0.467161500744818 0.136321032812903
-0.0305511244710148 -0.0115962043699487 -0.0100313792235733 0.386990939292231
-0.0229016003023247 0.00181384180509207 0.215946021414254 0.138570844203791
-0.00252346906619997 0.000685200908569441 0.107019525001823 -0.0576931595021666
-0.00531403093158977 0.00435993121921651 -0.0518256294637126 -0.110306614866526
-0.000558990212630148 0.014364731844747 0.0448177324144368 0.0790322774232841
-0.00359663710840885 -0.0018333462699143 -0.0807009283090888 0.0263377260173123
-0.0106359137140418 -0.0145918919617978 -0.16116673511396 -0.176345952332262
-0.00746214615730581 -0.0208241339333378 0.114171565091397 -0.299919375105062
0.0284763069792111 -0.00681624244701386 0.453572439489616 0.00609029727620483
0.00217211071140933 0.0249854450289937 0.238729224369894 0.4823030398176
-0.0094497580572026 -0.000828473023152097 -0.171015001153407 0.360166144681454
-0.00230870764439062 -0.00718492735803906 0.031407348578127 0.0371319102307772
0.00508364243548012 0.0165362731943526 0.121748851139065 -0.358276014786191
0.00738187836397895 0.0124358735599801 -0.342920671807173 -0.397451863280668
-0.000957817982017353 -0.00832258944001385 -0.459968550058561 0.157165261731297
-0.0298510287022243 -0.0096404405860639 0.00232772487191907 0.38796063225301
-0.0185242182953503 0.00259773309969742 0.217627204301988 0.130755073695605
0.00108623368646935 0.0011970104447726 0.106389263628419 -0.0625676503462028
-0.00369708307501706 0.0055719616962884 -0.051199830197219 -0.110818974596863
0.00243454534566066 0.0143400509576209 0.0455395592520523 0.0798118074874243
-0.000507693446894238 -0.00185380319091587 -0.0781388363239323 0.0246154257756749
-0.00613519131283931 -0.0119297007752116 -0.159932516999604 -0.179157065073098
-0.0057888488555128 -0.0185625355297129 0.113327201265973 -0.296527193720731
0.0281225695786452 -0.00823702133403282 0.452650641567653 0.0134094723375513
0.00397452131742814 0.0253150559248572 0.235461896535836 0.487975724342324
-0.0110571858912521 0.00602531163986174 -0.172247034816314 0.360278103004898
-0.00721244460406917 -0.000284457432615477 0.0317894972351968 0.0379364137927634
0.00516195220014741 0.0218397055635453 0.122232183262838 -0.356207306954418
0.00976876900918525 0.0115126404116836 -0.34259166810047 -0.392269900814454
-0.00157188640600767 -0.00931713728957567 -0.459033714996795 0.164555753618741
-0.0283018423962945 -0.00831433923396683 0.00293383529594735 0.38807690042963
-0.0139619812590819 0.00417283776654837 0.216698636518049 0.128803649328908
0.00478326671322699 0.00156600208788728 0.107251632210588 -0.0643380133534244
-0.000556775678212201 0.00560646525640901 -0.050324692207217 -0.110696199489369
0.00567014954247734 0.0133014289578128 0.0462141338357809 0.0819927974399476
0.00339134903268307 -0.000679203932878899 -0.0748326655865892 0.0266789111375757
-0.00132517837128583 -0.00823575840480436 -0.163452156562444 -0.17765738403709
-0.00407398018695507 -0.0161961378268153 0.104100046542803 -0.299507418768401
0.0269507454640703 -0.011386910561095 0.450611630768465 0.00232547942491233
0.00605393936319168 0.0248093566333155 0.24809606148054 0.482290675554286
-0.012282330325474 0.0111022722462484 -0.165200495267648 0.365641940399428
-0.0117865909038637 0.00502495800965584 0.0305753669311477 0.0412731630123933
0.00499928785865677 0.0252864896115731 0.128511092984219 -0.353142320851236
0.010485956487475 0.0102342420297134 -0.332726207305194 -0.399695473688098
-0.00201810811691995 -0.0111996632991881 -0.46521755857787 0.156373825638429
-0.0251070326513506 -0.0068964725028145 -0.00952259170275639 0.388135891957495
-0.00914723605118484 0.00614590496927828 0.213542503903997 0.131069713528272
0.00756646743341763 0.00203831363451913 0.109511167575828 -0.0632574205074454
0.00185899909617527 0.00471530195841619 -0.0501086162816266 -0.109257930424983
1.70046523918308E-05 0.00561577465649191 0.0438258807348885 0.0880381648777287
-0.00907261246023005 0.00114806930661315 -0.0711777339483321 0.063331847434912
-0.0134548106401696 -0.00359903600376454 -0.19505261947381 -0.119583093943998
-0.00843640167460295 -0.0173074728606277 0.00643917541276794 -0.33322435367855
0.0198814556213964 -0.0212665257824675 0.406900381597101 -0.176742561113729
0.000734646680449079 0.0137044947498447 0.372213396297334 0.342358669910773
-0.0118479051320832 -0.0122593269714744 -0.0786919232368612 0.383899596040611
0.00133157695427949 -0.0220721869676181 0.00859256195624573 0.0685635795219669
0.00194574263667404 -0.00145206936592466 0.193892073926993 -0.323228218980635
-0.00432022519792563 0.00357005931512221 -0.205211981107395 -0.520002503343857
0.00371776784404862 -0.012473363593787 -0.50978858512224 -0.0263178232112475
-0.01820697572275 -0.0166547066001901 -0.118345927371366 0.365463281049924
-0.023904414627307 0.00492214410624136 0.186745190447475 0.185948519453951
-0.00979023664346917 -2.67768405746525E-05 0.118960465806333 -0.0252874483999765
-0.00168241040879614 -0.00518011394960439 -0.0551327914170379 -0.101229376955978
-0.0019651026583301 0.00760821306109655 0.0436567639103649 0.0851033517475854
-0.0104644602810952 0.000522748805006079 -0.0759266319831015 0.0553948591273892
-0.0168073120724211 -0.00732638946028924 -0.188305607812091 -0.132285006617301
-0.00956355399197125 -0.0195195953176642 0.0333049715935184 -0.330507427482199
0.0222329886084563 -0.0171541768937324 0.423256888039178 -0.140766284640886
-0.00039334941372218 0.0158178008572201 0.346647727534711 0.373797776576001
-0.0105297364308734 -0.0146433663949357 -0.100330215968251 0.378645701638316
0.00432285950385597 -0.0249635090309725 0.0145481629601949 0.0598246085544542
0.00231187093200779 -0.00196380749899233 0.177043179852032 -0.335324014494717
-0.00375503592969825 0.00578317270756008 -0.245590599030019 -0.497108449265828
0.00286977067248584 -0.0106601070822577 -0.503679353399822 0.0176312102073116
-0.0218065001948429 -0.0167217185834726 -0.0873719219273802 0.373704256496907
-0.025728173258656 0.00285520840864674 0.196376004363364 0.17411167353404
-0.00972300151256653 -0.000134140128763175 0.115165164902138 -0.0335083393059018
-0.00368804864453446 -0.00250407907679642 -0.055527204278725 -0.103273612325479
-0.00338305639394204 0.0102795464837778 0.0436273569993217 0.0826744739754345
-0.0105925037497241 -0.000391557535481454 -0.0793413320819934 0.0471428942273477
-0.0181418556829646 -0.0115336392659054 -0.181785009295024 -0.14464467018575
-0.0105190965012953 -0.0213419796548078 0.0585566471882809 -0.325256883766071
0.0244730160230032 -0.0133489893628759 0.437060198998208 -0.101992089974532
-8.70115871443988E-06 0.0186420246878191 0.319333329104619 0.406089201452065
-0.00879699449199235 -0.0137415624807261 -0.121365533787093 0.373507889658837
0.0049868929264175 -0.0231168987935191 0.0197971751826426 0.052219159333365
0.00376832069479017 0.000841537478364698 0.157869709115756 -0.345997152324616
-0.00130882848392046 0.00892411949567087 -0.281029585089993 -0.468876913886999
0.00192376932172741 -0.0089501123038346 -0.492282038354008 0.0658779843806749
-0.025420654881004 -0.0157775653183616 -0.0564332457339962 0.380468182870342
-0.026927347472666 0.00139855074251478 0.20609684605399 0.161640521740129
-0.00866416425704798 -2.54275132960131E-05 0.111639277576642 -0.0424312078178688
-0.00563413809557497 0.000443213754129656 -0.0548616091040436 -0.105902354005933
-0.00360287393394648 0.0121567701952953 0.0448853761807927 0.0803196291519523
-0.00948010859078963 -0.001787604044497 -0.0812901411805632 0.0388693792024426
-0.0170841038394634 -0.0145239758771843 -0.174081979332553 -0.156431484807071
-0.00993545438696147 -0.0220586855401999 0.0821509376646792 -0.31705046561981
0.0261817543603154 -0.00994548813114711 0.446451196190592 -0.0602745234068322
0.00028822391019687 0.0216007026349287 0.288808431888365 0.438252767962599
-0.00809260429108485 -0.0112216076771179 -0.1406971050305 0.368922771083101
0.00399177913084012 -0.0192622513050025 0.0247151969897249 0.0447222899363284
0.00405849217620062 0.00538697127473007 0.14051406507148 -0.353714556490913
0.00150312832609238 0.0118753616715375 -0.312131172462522 -0.438707807183102
0.001175603574662 -0.00786394500587332 -0.479475877704481 0.108951643805928
-0.0287594686441317 -0.0134563824583911 -0.0268642744331222 0.384916324160051
-0.0254749114942705 0.00132664264646085 0.21266606097357 0.147579109161621
-0.00639960138747296 0.00066645656968476 0.10852063768519 -0.0513049642108651
-0.0059497911579891 0.00223338604103484 -0.0547798430944181 -0.107547990654428
-0.00220342963752513 0.0139826973465484 0.0451554568931289 0.0793289472438239
-0.00712216968516719 -0.0020823116682803 -0.0819874819938162 0.0317272147088352
-0.014638231574774 -0.015863061580682 -0.167600863835818 -0.167007039924782
-0.00878757640119977 -0.0221710245992835 0.099546641856304 -0.308405131088678
0.0274951654476187 -0.00750262842838449 0.450698373778097 -0.023707574577025
0.00120790131319586 0.0232966701706241 0.262452756413562 0.463060252565021
-0.00848514500939057 -0.00675444403704632 -0.156294445069793 0.364260274667215
0.00128078835048094 -0.0139224945040545 0.0291824854660984 0.0392047046522298
0.0050758696930187 0.0106516313030169 0.125447839139622 -0.358521811119236
0.00483412225182204 0.0127653693215784 -0.334737430931119 -0.409563421796878
-2.31609202295023E-05 -0.00817668199058353 -0.467065243103766 0.143053742486211
-0.030115076224208 -0.0115455762664162 -0.00412787401869953 0.386705809123605
-0.022150876848511 0.00177561911355147 0.217927071331638 0.135131965046852
-0.0029218921523813 0.000932206221080369 0.10575184718889 -0.0594234361613811
-0.00497776343770141 0.00505559632869737 -0.053358589406288 -0.109401722193878
-0.000150405424506748 0.0144551578606525 0.0460409948804534 0.0785278417801486
-0.0043564061799528 -0.0022495628197883 -0.0802390340754511 0.0267328080846398
-0.0107751202118714 -0.014768239693558 -0.16374245517269 -0.174084897516646
-0.00754718535001289 -0.020836273679103 0.109428842973942 -0.300748055552028
0.0281759199452803 -0.00747019128357408 0.45252568639071 -0.000105402411171294
0.00258302287391016 0.0249182516036606 0.246545394689638 0.478746124684269
-0.00991959525213496 -0.000462553557036619 -0.165598505253922 0.3617364965914
-0.00237736540258651 -0.0074228077036859 0.0318969065580091 0.0367443543719693
0.00554064727751757 0.0162558286162148 0.116448540290966 -0.359784276419372
0.00736446557095747 0.0129569255578621 -0.347292591127248 -0.39154534712072
-0.000865927035108927 -0.00819177416114618 -0.457510147959812 0.165996249896597
-0.0304403627348118 -0.00941429546788675 0.00858396266878188 0.387623182975726
-0.0187779185415806 0.00306167375774683 0.220637793326513 0.127500015939994
0.000980047292993073 0.00177493989625133 0.105072790676576 -0.0644181682361589
-0.0034474319427556 0.00572068351598088 -0.0531436872106428 -0.109932619457896
0.00286601145192952 0.0143303931947055 0.0466232134201441 0.079123243987843
-0.000561007838920266 -0.00160038529149092 -0.0776678305060119 0.0251684247656977
-0.00626083554364341 -0.012328451677316 -0.163065426860807 -0.177276019294706
-0.00583713175936529 -0.0184323964098581 0.108768138582192 -0.298021019502444
0.0278762455310554 -0.00878074364324897 0.452278872441093 0.00691098781762113
0.00455208716858166 0.0254261955134443 0.241842700108997 0.482614421489748
-0.0112110031143992 0.00561866115734037 -0.167262632323847 0.362755598700301
-0.00703821977402333 -0.00058293766318451 0.0318862336777714 0.037578667487984
0.00594898991647068 0.0213397181650229 0.11617006347869 -0.3577857835846
0.009776269969654 0.0119722053431743 -0.348499268594117 -0.386946031538777
-0.00200488095251232 -0.00916653424359406 -0.456003445703708 0.172669185160344
-0.0285819678621997 -0.00795537236918453 0.00865461010749931 0.388110261666088
-0.0138180169124353 0.00431491481395155 0.219414393640415 0.124908694017553
0.00447122650932552 0.00192272880867049 0.106347349096166 -0.0666212379765386
-0.000631458311992968 0.00527044597102158 -0.0521714868441814 -0.109616599576691
0.00606409335509998 0.013339298528369 0.0470831559375731 0.080933628365386
0.00305556204668443 -0.000454729177047397 -0.074396289279093 0.0267814596221728
-0.00180437675073694 -0.00823686985394036 -0.166945784089815 -0.17530673183433
-0.00436768283768456 -0.0158576287863696 0.0992647894757452 -0.299780880362821
0.02696680531762 -0.0117861144258888 0.449127771348156 -0.00365403473799362
0.00668058830173045 0.0245001713826911 0.25474851473941 0.47800868308375
-0.0122422766055875 0.0112762250635872 -0.159581077921669 0.368487252171269
-0.0117960905093819 0.00498582822864492 0.0314007025133601 0.0409311677108095
0.0057247088810799 0.0250600083066801 0.123799397892281 -0.354361361507766
0.011191434370876 0.00985011971488369 -0.338830782745578 -0.395433531326906
-0.0021368726158309 -0.011216701214063 -0.463884475693918 0.162205819809495
-0.0254227940228593 -0.00637080885027009 -0.0033873756307651 0.389091345360777
-0.00892008524256989 0.00653567940684871 0.215541878562627 0.128319770877965
0.0080378997753118 0.00266821799921038 0.108936688595567 -0.064782939495711
0.00203939265737203 0.0047370224755226 -0.0519603837757689 -0.108512080638215
0.000481071723766023 0.00599640764262856 0.0449653558273538 0.0876303733430423
-0.0088649640930994 0.00140092853467966 -0.0700834810079604 0.0633221792094309
-0.0133815074640724 -0.00341053376047498 -0.196662981280518 -0.116340238908677
-0.00828315159617803 -0.0175509289530022 0.00101644149741582 -0.332610361375242
0.0196282284320414 -0.0216750208536542 0.403306411373439 -0.181938097569679
0.000874136936828773 0.013633219653554 0.376808220763257 0.335353018786152
-0.0118703171866493 -0.0125637037409132 -0.0733347919598934 0.383311961035412
0.000937044492264994 -0.0226266324048575 0.0105542665733831 0.0677577162845657
0.0017789550675716 -0.00168679345704006 0.189197342559249 -0.324796212616174
-0.00401816694333034 0.00409474105710128 -0.21319650476981 -0.51752383912561
0.00368963430362313 -0.0122999499206862 -0.510590637777635 -0.0184182807672683
-0.018732507611797 -0.0167116125589503 -0.112280064451437 0.366976200255865
-0.0231863645597693 0.00534731916398082 0.189271485202348 0.18301175610798
-0.00954744370461143 0.000480792934109742 0.118699883763251 -0.0272385534818466
-0.00176688019019276 -0.00512220744847451 -0.0563543282015165 -0.0999988657747871
-0.00164080685716054 0.00801706220027022 0.0444762904730758 0.08466855392809
-0.0105100229164765 0.000159852758596953 -0.074545952778296 0.0561697337571567
-0.0168560169649896 -0.00720337068403841 -0.190398909981419 -0.129322746327789
-0.00935015346617886 -0.0191202821323743 0.0281521303976043 -0.32962527162843
0.021918996838005 -0.0176825199212126 0.419951649449913 -0.146529564812927
0.000292509420853374 0.0158514554977203 0.351673711424188 0.366272842115493
-0.010523537888982 -0.0147866466900253 -0.0941014731495355 0.379141993433726
0.00403865753815284 -0.0250080262573567 0.0153384852782489 0.0592356559180434
0.0029904015590836 -0.00192127641455952 0.172199724451664 -0.336989958410714
-0.00365369741468905 0.00678012298084176 -0.250995162748404 -0.49433604273429
0.00260285277408391 -0.0101178649020509 -0.502276832342516 0.0257521797883922
-0.0222655187383286 -0.0162259051094064 -0.0810168481258626 0.374693916234744
-0.0256258984615382 0.00335453207094269 0.199133091607592 0.171011612992186
-0.00974202897676268 -0.000250317534111482 0.114529387953862 -0.0351182277555905
-0.00393450737008268 -0.00256894453931192 -0.0573772878003017 -0.102378853182053
-0.00324326573253311 0.0103623518662213 0.0455223120113576 0.0818457900163209
-0.0111155987448213 -0.000671312532591252 -0.0782127785961115 0.0476991147858316
-0.0182099443052933 -0.0112238547266615 -0.183850651087851 -0.142091226863319
-0.0107664278970436 -0.0208564902084809 0.0531849917467336 -0.324708172586287
0.0240101479475862 -0.013749357416419 0.434037438401226 -0.106644988412801
3.83020412325977E-07 0.0187896235793377 0.324528578297884 0.400875731174636
-0.0095402589097857 -0.0140177432165415 -0.115294936590453 0.374239560173692
0.00470298596042468 -0.0234885674011562 0.0203829493862285 0.0516547874981157
0.00365684575505121 0.000591552325997044 0.152498884410224 -0.347358923105023
-0.0016283885985566 0.00927718972059502 -0.287383130655047 -0.464205751506262
0.0018942967893769 -0.00881474445663794 -0.491227840567311 0.0730804044411183
-0.0258245814747937 -0.0156392621363401 -0.0502782380239748 0.380398640432804
-0.0269540105299282 0.00192119791983091 0.208190107305997 0.1578796074257
-0.00848198329135248 0.00027557476086318 0.110538308976389 -0.0443498114790873
-0.00551758225747296 0.000434755186269574 -0.0566605333678338 -0.105202099709836
-0.00330107837227458 0.0122253112435397 0.0452683466811188 0.0793685428465556
-0.00973184634133678 -0.00175254930572614 -0.0804583258956408 0.0393898454504624
-0.0174501963046159 -0.0141229432362239 -0.17653648756594 -0.154547872223333
-0.0100769599119449 -0.0220945593585879 0.0762919650305329 -0.316624518475499
0.0258298560244356 -0.0106281445928172 0.444330189740712 -0.0673446012102047
0.000646367760436944 0.0217357130591345 0.294316933206268 0.43176472440396
-0.00823180383132769 -0.0109127687106716 -0.135079430021206 0.369350156528771
0.00389551354458621 -0.019481520358441 0.0251507149681693 0.0448927686778916
0.00424250265603203 0.00522847157003713 0.135077399475223 -0.353948640612997
0.00160807919061686 0.0114138829067119 -0.318282253767623 -0.432612480671498
0.00117785059278508 -0.00796567296036555 -0.476718122669814 0.115862406848167
-0.0287226441849586 -0.0135654842568299 -0.0209278923538597 0.38416488884666
-0.0253408982616556 0.00168053063105992 0.215023221774632 0.144573849199722
-0.00611396762776808 0.000540218636121203 0.106726460983571 -0.0532562538084159
-0.00632468492099267 0.00293064249516285 -0.0563908561924665 -0.1067102954528
-0.00236591142320158 0.0136174976221971 0.0457379447497084 0.0781210523703508
-0.00800198802744072 -0.00248451940448561 -0.0806008402950712 0.0321442395779409
-0.014697049538154 -0.0158783187005801 -0.170392729989529 -0.164958775110171
-0.00905671128931871 -0.0214914649677551 0.0947431052225386 -0.30813410135541
0.0274376968052262 -0.00816490935988179 0.449710347845358 -0.0302564712119345
0.00146854304074597 0.0233381537153428 0.26784569703414 0.457753509171377
-0.00832220503831424 -0.00644950274623785 -0.15063922820816 0.365031701674968
0.00154025700075255 -0.0140323579429198 0.0295135157063963 0.0391462893927682
0.00563256172641193 0.0102170228419238 0.120578281401744 -0.358677050841754
0.00527888298992915 0.0130275689690474 -0.33971511779564 -0.405605168020537
-9.05798377332599E-05 -0.0081140404502738 -0.463915040754679 0.151441517250202
-0.0302637494091057 -0.0111085573452665 0.00242620800965244 0.386039822729773
-0.0224851107809167 0.00222883086194151 0.219558733955506 0.131776755776181
-0.00276047739651264 0.00151602965794694 0.104622182325044 -0.0606498000964457
-0.00519842363360403 0.00484192715084432 -0.054902570641915 -0.108324815178369
-0.000143988007552722 0.0148020996375208 0.0464341779842524 0.0779343916091648
-0.00407108885199736 -0.00223848114322209 -0.0792444856133931 0.0272339757398001
-0.0112146146145116 -0.0147106308930544 -0.166218437535449 -0.172280599623977
-0.00765162653364519 -0.0207288169633995 0.10460851741739 -0.301135017330724
0.0275139651817548 -0.00785235620297316 0.451499563656864 -0.00693868699629858
0.00298964690656752 0.0246217328506904 0.251815533620001 0.47348839474102
-0.00929246584299115 -0.000397506370203908 -0.159290493300689 0.363143079950196
-0.00257698256114313 -0.00739605966175483 0.0325690835232022 0.0360967228242481
0.00623761528505725 0.0159630804237528 0.111615916534618 -0.360352688292816
0.00805126727559031 0.0130532000226612 -0.352648229875771 -0.386947447745125
-0.00114712016778576 -0.00806585547927967 -0.454404695544025 0.172858125762737
-0.030211119404736 -0.0089509090659271 0.0142839580785948 0.38713847754655
-0.0184083523127769 0.00322818085052849 0.221742838221433 0.123786511051067
0.00108117081988087 0.00176510875856661 0.10377770602513 -0.0657727371518375
-0.00343866718283361 0.00629231786155 -0.0542565904882149 -0.108522459452853
0.00315992344370718 0.0142964666471612 0.0473106176550941 0.0786446074252806
-0.00112749151402945 -0.00148706411516735 -0.0773662616500002 0.0262749444540651
-0.00605426171033484 -0.0120679391241715 -0.166251105299813 -0.174848905339669
-0.00568491408915595 -0.0181639680707179 0.10383654648626 -0.298055887926213
0.027730812527604 -0.00960215150697182 0.451176728593249 -0.000122337291797081
0.00491443080134171 0.0252002898083101 0.248939818605924 0.479918471957911
-0.0109127557489467 0.00588678788812751 -0.161337873042278 0.364150470838541
-0.0071830810765505 -0.000482539615955751 0.0330418458763907 0.037156599567176
0.00662012205137666 0.0208252859476313 0.111686484152649 -0.359031893263855
0.0103931673758631 0.0119653252412194 -0.352436358510647 -0.380869039768637
-0.00192138030944391 -0.00892187120578562 -0.454412272760277 0.176799811661479
-0.0285404869172403 -0.00744267406146572 0.0150710325643279 0.387977393632937
-0.0136954048194308 0.00479550127253441 0.221372910753266 0.121570418358033
0.00480311097102604 0.00210067905974276 0.104889489431891 -0.0682501555071011
-0.000830918199755591 0.00603153616373016 -0.0537343766127111 -0.108619321321635
0.00638361467205905 0.0134148711236592 0.0479554011306845 0.0804554200683488
0.00286817267210825 -0.000512683363948096 -0.0736842632964393 0.0272879654829433
-0.00183449283662297 -0.00840587924027712 -0.169651571063358 -0.173298652882622
-0.00431748696868919 -0.0160761269105086 0.0944473902109037 -0.300799037837062
0.0261714579618448 -0.0122373897278956 0.449666915883682 -0.0104797248289206
0.00664741775195824 0.0242505772387709 0.261122456600028 0.473249574494125
-0.0122205339375878 0.0109110478481047 -0.154129244777715 0.369129522391398
-0.0118688448161465 0.00482618054548937 0.0318922762866382 0.0401414295738003
0.00629161206489326 0.0246634455088995 0.118916882067268 -0.355520871158237
0.0111357104126198 0.0100147268439367 -0.343349750548425 -0.389405524598998
-0.00222811450095129 -0.0109448189133223 -0.460401752959251 0.170039604651556
-0.0256809208953825 -0.00624061625253989 0.00312245247179806 0.387908808806703
-0.00842427063011925 0.0061883184322847 0.217847143340044 0.124871569068948
0.00783052504267772 0.00245931269360522 0.107673144801981 -0.0662614327351517
0.00239745316673794 0.00490366748077707 -0.0534607886974451 -0.107545125738766
0.000508142634112612 0.00563040708631458 0.0458041997796881 0.086766515737216
-0.0091159409550392 0.000887865268298596 -0.0685912260192977 0.0635491911569492
-0.0136350255774319 -0.00349978278161121 -0.197517053348808 -0.113287400567961
-0.0082588229961976 -0.0171272561190443 -0.00419091451721602 -0.3307387174358
0.0193542002544611 -0.021877634775188 0.397925001013675 -0.186948761988734
0.00124306229455436 0.013477509515739 0.379004279159698 0.328143114590639
-0.0120286228589642 -0.0125395659947999 -0.0677435242033778 0.382537958960043
0.000673498607834951 -0.0227804472885679 0.0108170967041223 0.067735479052728
0.0021070446394328 -0.0014443083879274 0.184238386629353 -0.326318335277738
-0.00339749449703278 0.00443529951343091 -0.219202157243035 -0.512250219079415
0.0034279564468799 -0.0122146246941117 -0.508006516068159 -0.0116716769268055
-0.0183415520283824 -0.0166986436593763 -0.10623457838518 0.367181241615433
-0.0234368065696746 0.00591086726143705 0.191859644511091 0.180145716729174
-0.00919078475541122 0.000518355366930271 0.117644087732458 -0.0291229144228789
-0.00161965647762516 -0.0045095937008042 -0.0575155839988936 -0.0985303594438782
-0.0013796997362619 0.00794546991745385 0.0457356391662641 0.0839895161016078
-0.0107040845783785 0.000740321502126462 -0.073709346461517 0.0560669572037157
-0.0166485157686858 -0.00684086526825981 -0.191915879330898 -0.12607380604932
-0.0101958307474077 -0.018935516241825 0.0225251713597114 -0.328793396352215
0.0213207009984652 -0.0180829643072549 0.416024564239448 -0.151319491679475
-1.33322114391861E-05 0.0161071182261331 0.355383143726236 0.36016093196464
-0.0108602381698964 -0.0146314345681038 -0.0885496555881777 0.378673906468869
0.00365454401126551 -0.0246592234637674 0.0162568692935645 0.0591136332489461
0.00348208729451423 -0.00230199293297515 0.166461209396757 -0.337972730489512
-0.00332500959082633 0.00632033816725265 -0.257582993530106 -0.488575515691553
0.00266025577643917 -0.0105926616156131 -0.500903296130185 0.0327317959489376
-0.0224551572703273 -0.0161704932644747 -0.0747200152320052 0.375023387265232
-0.0255758566145481 0.00378684811992219 0.201570561728335 0.167498212365849
-0.00999114604264957 3.56794418827112E-05 0.113490751736507 -0.0364206479585337
-0.00410683722828577 -0.00242080104222802 -0.0575200229419127 -0.10098249400961
-0.00270976419935272 0.0102021977460678 0.0453824352463729 0.0810093603499368
-0.0115208838937046 -0.000664783551678053 -0.0771880735213988 0.0480304857348054
-0.018373804613796 -0.0112645511502336 -0.185258860155706 -0.13884979917664
-0.0107874655811359 -0.020761173178985 0.0478067667010214 -0.323977610157133
0.0236866234021708 -0.0143710654108227 0.430589752630487 -0.113019532539036
0.000280404086792665 0.0191756746253745 0.328411666518059 0.394090147791925
-0.0094845204563972 -0.0137573563946255 -0.109788898822643 0.374029675406683
0.0044408282466684 -0.0237528963701807 0.0209914189458867 0.0515662259041189
0.00387197134782118 0.000436570634226528 0.148060237527897 -0.347610056527057
-0.00132610642477192 0.00930311770765919 -0.292490241779276 -0.457787029100893
0.00196953487918113 -0.00891413961787224 -0.488968916850781 0.0796060999507584
-0.0261010942358939 -0.0149117949080539 -0.0434001170193447 0.379956859530837
-0.0260834489207201 0.00215673057718339 0.209805199946936 0.154083512413239
-0.00871136029157257 0.000463864708464056 0.10945662485947 -0.0455779724675617
-0.00559240666138517 0.000573530622112671 -0.0577799188910914 -0.103451613745008
-0.00305630085334031 0.0124688135793289 0.0464695056885438 0.0784065845698654
-0.00989329417216397 -0.00177752044737429 -0.0791996534157611 0.0397794706274628
-0.0179405395009661 -0.0142594994984245 -0.178031432092909 -0.151380856008265
-0.0103844033762335 -0.0218199753365767 0.0713363513898448 -0.316260599617242
0.0253672797786727 -0.0109648957279136 0.440922536702769 -0.0725743058486151
0.00100049363079443 0.0211391687981041 0.299725338279288 0.425448900770643
-0.00846265921713771 -0.0109344806518164 -0.129530555359124 0.369443541486854
0.00335645515708634 -0.0200214790908608 0.0259854866154027 0.0442473090647978
0.00475934446726671 0.00488497596993806 0.129544442827391 -0.354066909881603
0.00231027534369539 0.0121508937237313 -0.32322014649346 -0.427506497079963
0.000851365993955799 -0.00754560900101621 -0.474981648954643 0.122051394493116
-0.0288252736962421 -0.0130485165410357 -0.0147432472200704 0.383469006574742
-0.02518860977581 0.0022921683696168 0.216568845895667 0.139947488852888
-0.00639904844187153 0.000910388400048465 0.106157280286092 -0.0543674515789404
-0.00595457024317092 0.0036620854107734 -0.0572523426689814 -0.10555236984326
-0.00173119666794049 0.0139555960811125 0.0465719588088951 0.0776899992707188
-0.00793429958748166 -0.00225993219645656 -0.0801734449162877 0.0330297899670005
-0.0150391470729205 -0.0155245413178273 -0.172386119291684 -0.161784031184929
-0.00868753598642656 -0.0214838566397501 0.089960134203693 -0.307620882275755
0.0269412734454331 -0.00892696804724356 0.44738871600599 -0.0354085100997477
0.00218749467199843 0.0235773230773192 0.272380442632368 0.449952498024561
-0.00831156541291286 -0.00656323535812292 -0.144576484518329 0.365942656586212
0.00110379155743211 -0.0139128373715114 0.0304197291780111 0.0384677732425532
0.00555385535942448 0.00988484841817141 0.115236887562282 -0.357898774413303
0.00545914104002152 0.0128833434337699 -0.345315770333351 -0.397909772246022
-0.000104785905200997 -0.00758525923779835 -0.459980106918985 0.156805549462128
-0.0305097401845362 -0.0108052676919125 0.0085091804075251 0.38480332308041
-0.0222873063550741 0.00239808425083005 0.22126434082795 0.128322152102591
-0.0027926606927968 0.00152043935527328 0.103184972192402 -0.0620793352615988
-0.00512941730462133 0.00526349374229523 -0.0564908116127954 -0.107471891731155
0.00063953950470971 0.0141722923217067 0.0472092795997531 0.076710611722068
-0.00481408545114006 -0.00213690326328469 -0.0785018525647929 0.0276418265369866
-0.0113509722036076 -0.0147519711518083 -0.168730044808129 -0.168906999896189
-0.00758693797856961 -0.0202819594353639 0.0994159391850707 -0.301202699207807
0.0273682502298104 -0.0081921651795522 0.450043169339219 -0.0120877454673823
0.00329494487387825 0.0249043035081889 0.256731363265255 0.468767290920528
-0.00925244858361788 -0.000616287907814911 -0.15351354802731 0.364575163311871
-0.00271494851542925 -0.00753794966815622 0.0329234356662159 0.0354587059083732
0.00686671084520715 0.0154818913897241 0.106568308589076 -0.359775204699618
0.00833267033579819 0.0127987117313802 -0.356341653110307 -0.38080839423805
-0.00136423734098476 -0.00799182295831052 -0.451999105706602 0.178064861908364
-0.0304607246889307 -0.00896646005546627 0.0207869983805826 0.385748278318989
-0.0182126328120524 0.00358250514674534 0.223189899023887 0.120116437850091
0.00110315827495371 0.00167520306403019 0.102027605789024 -0.0671731913001399
-0.00335925582848196 0.00614878026270203 -0.0557535299829374 -0.107799014672855
0.00330242883719848 0.0145022950327188 0.0476484093722411 0.0777388135107617
-0.00102014947338789 -0.0014478512639158 -0.0763914742198142 0.0261931571817125
-0.00662936091124677 -0.0120839745826355 -0.168461336894842 -0.17194887718441
-0.00601107117822945 -0.0182714702897653 0.0997614358225622 -0.298636424117031
0.0269414236533394 -0.0103195550580177 0.448741263296834 -0.00642604844337463
0.00490248634691698 0.0250782539821855 0.25392516064047 0.473235352773144
-0.0105776720875299 0.00547569702221344 -0.154143062567102 0.365353995413478
-0.00708658833196583 -0.00100192225998771 0.0337905985139189 0.0365361732111181
0.00710323858108956 0.0203479146710291 0.106667094106172 -0.357810139446205
0.0106907662553397 0.0118163558298495 -0.356243464408868 -0.374847889375142
-0.00156734316029585 -0.00894373918930623 -0.448547927689513 0.183642625619604
-0.0282943366121974 -0.00726189943155094 0.0210767985971209 0.385425226987228
-0.0135782683423092 0.0047067934174719 0.222006046971061 0.117896543125393
0.00440401494853411 0.00225655887339421 0.103336975930374 -0.0688151258225616
-0.000746460753182231 0.00613316270019589 -0.0553585077684606 -0.107321024507163
0.00667045217195667 0.0128731722864442 0.0485660348959397 0.0796935436156981
0.00195531578232289 -0.000612741321942889 -0.0729786833612592 0.0276851454858167
-0.00184621517059228 -0.00827341844863255 -0.172368380489269 -0.169402287206657
-0.00421963913138425 -0.0160455981285487 0.0896139037350873 -0.300367378916929
0.0256793564570535 -0.012695084711122 0.446863071923222 -0.0166658663933364
0.00710693733071865 0.024226524965619 0.265990942142934 0.467236019524791
-0.0120181138322345 0.0108236019616611 -0.147758862446787 0.369273901911001
-0.0116925042168553 0.00516215728525037 0.0322689711909178 0.0399546055256777
0.0069690251895656 0.0243444409333261 0.113477296499225 -0.35460161837147
0.0117373944425652 0.00999175205029932 -0.347874345222732 -0.383476635353676
-0.00230159349054003 -0.0107929536512816 -0.457036749178809 0.17605711375605
-0.0256109071049491 -0.00592105318847926 0.00966438063032694 0.386797508424977
-0.00851045359579583 0.00672462237435153 0.219106114758898 0.121010490953213
0.00763749491282742 0.00259630751751345 0.106035273159034 -0.0675684786827406
0.00211746555800347 0.00483037593040623 -0.0549710930028477 -0.10635432294846
0.000532016330268864 0.00561471057237665 0.0467573650387601 0.0860444675275653
-0.00940968100093514 0.00110192713104618 -0.0672019396551242 0.0637250349455224
-0.0136575982286361 -0.00326759924449481 -0.198792939419064 -0.11059319876096
-0.00766703733484527 -0.0169759431493513 -0.00906783606305826 -0.328287007708717
0.0183979945098038 -0.022375694462489 0.39306648490418 -0.19025746656596
0.00178264479443602 0.0137452708491211 0.380863695245761 0.319880542834252
-0.0116808600263957 -0.01221741567913 -0.0618148496390851 0.381200803929667
0.000168899177593415 -0.0227452798817599 0.0117241473624235 0.0677618964761108
0.00254110680881442 -0.00213873700379212 0.179248721512611 -0.325832534007103
-0.00378419043953726 0.00443809841575026 -0.224172505542466 -0.505822802454351
0.00273555226914806 -0.0120445944593891 -0.504952467764194 -0.00377996230350617
-0.0186173083931598 -0.0166357797479955 -0.100251308910145 0.366737191980474
-0.0226678227206753 0.00610497688422251 0.193144770492426 0.176262134522856
-0.00979494608086261 0.000522003532010668 0.116745342609493 -0.0301886238219786
-0.00208391519192602 -0.00502322142612116 -0.0584304370518909 -0.0973234265318905
-0.00138639049965655 0.00787848578323379 0.0460275060418027 0.08310597641706
-0.0110556175688113 0.00052673674362825 -0.0719537169791411 0.0562923007551125
-0.0168424538605657 -0.00687720852357356 -0.193141822052302 -0.12353760442105
-0.00956372146599208 -0.0188885621185894 0.0170274756796529 -0.326944392148377
0.020873787494992 -0.0183321531963993 0.410959026937872 -0.155997350781622
0.00029829205788456 0.015852404623906 0.358219903290008 0.352754010876184
-0.0107366387903046 -0.0147013252450925 -0.0820176605843491 0.376804563166244
0.00317949448760066 -0.0247512052078538 0.0169430155597408 0.0589700942358895
0.00366407290376883 -0.00235992578988995 0.161149612227281 -0.337594672712563
-0.00297935311979185 0.00668075168876777 -0.261945514794932 -0.481902748659953
0.00261572669103923 -0.0102297417395279 -0.496373270088189 0.0390393169937367
-0.0224064338952601 -0.0159390853076293 -0.0693375651174511 0.373673719734586
-0.0248875995310498 0.00395399317220136 0.202290096198398 0.163350889837945
-0.00926381291940181 0.000164168972798747 0.111980076718283 -0.0379318492277211
-0.00418244522447365 -0.00228296869391609 -0.0590779436815669 -0.099557283381458
-0.00253488962561217 0.0103519898092126 0.0463578189076836 0.0803320927924188
-0.011562309986245 -0.000548476804581208 -0.0757997945327998 0.0480648563178244
-0.0185287179082579 -0.0108562839755602 -0.186426804904492 -0.136298746654481
-0.0104466020149562 -0.0204737279183201 0.042375546528561 -0.321818030427592
0.0230574488388174 -0.0148145453665338 0.425239146077812 -0.118160877152051
0.000474690788649406 0.0188342806247641 0.331552763181346 0.386473622186627
-0.00911740213627189 -0.0137222014328232 -0.103896692938864 0.373149181758011
0.00421765120320406 -0.0236038972644841 0.0218592207763556 0.050711991761603
0.00418766102031596 0.000169889351922739 0.142850958195934 -0.346834091056272
-0.000608256743541431 0.00966295891288371 -0.297257053434195 -0.451292596982076
0.00215486628614238 -0.00826298116544002 -0.484557546457538 0.0859218323275539
-0.0256972110839673 -0.0146293505907012 -0.0375408063097732 0.378795136733896
-0.026130116543253 0.00262421814809727 0.210739823624391 0.150806800882566
-0.00862743132681322 0.000863192035945214 0.108206357140371 -0.0469820200524466
-0.00542508328001847 0.000630352278362275 -0.0583354975426802 -0.102462895213639
-0.00292442029970603 0.0123909645671063 0.0470358136541756 0.0777581962469807
-0.0103874652719189 -0.00151277942186998 -0.0780069097200882 0.0402031481830598
-0.0178079349592975 -0.0135764193571379 -0.179783576994278 -0.148529799457902
-0.0102316021488182 -0.0211046500089132 0.0663413838924967 -0.31476051432154
0.0250239711341872 -0.0115344524519961 0.437142234235858 -0.07808993165648
0.00112839946503497 0.021340949828668 0.302101158728852 0.417243462849771
-0.00840913252394303 -0.0106414061054065 -0.123269477918111 0.368796213717192
0.00332127579038671 -0.0198235183936652 0.0265672031595519 0.0433608947447441
0.00492892090257322 0.0043785807444858 0.124888473876114 -0.353756649432749
0.00239946808648739 0.0120048215335796 -0.327109939278922 -0.420027164275144
0.00100155236176765 -0.00732369264920797 -0.469834052016425 0.12816857573098
-0.0288544446931396 -0.0131306280257371 -0.00909955368814201 0.382009828401697
-0.0252405416783285 0.00247672494975549 0.217905201798286 0.136307523005018
-0.00607657742653991 0.00135199938498663 0.104370564428751 -0.0555909570719622
-0.00579458449705794 0.00350541606203736 -0.0580914583736892 -0.104068630725201
-0.00189296272178373 0.014071897634859 0.0471857397845767 0.076492087889658
-0.00793102295070423 -0.00150397686474001 -0.0790147410492297 0.0328307146659701
-0.0152984565050102 -0.0151716599897872 -0.174306885296744 -0.159174113189871
-0.00927154716920206 -0.0215680742472406 0.0848252499066447 -0.306466037726518
0.0262981055835264 -0.00916153228969098 0.442788532018143 -0.041382492148746
0.0021099324053141 0.0232441433462672 0.275861570416196 0.44452293472883
-0.00857071423802256 -0.00657170070552627 -0.139151468215239 0.364931300719557
0.000745407360910868 -0.0147622920500265 0.0305827131852579 0.0380743773627238
0.00600817583386228 0.00975630178634186 0.109939629439696 -0.356860243645231
0.00584199809985145 0.0127845834840398 -0.347998984925314 -0.391442623625428
0.000235047553281325 -0.00732325376715465 -0.455120210534486 0.160995757987511
-0.0301408606309716 -0.0100431215185271 0.0136668341152035 0.382965978136735
-0.0220947813663183 0.00272746374163304 0.22182590327519 0.123914725292351
-0.00253430183397125 0.00173154883504955 0.101167341948896 -0.063634263939554
-0.00490706966386091 0.00484409128676582 -0.057498369564428 -0.105584856192986
0.000741624835763972 0.0146911294049684 0.0478739224578437 0.0755877312959065
-0.00523781809447227 -0.00162195241928215 -0.0777160903266602 0.0282473387233102
-0.011454108788598 -0.014744087848991 -0.170604887456824 -0.165552577122303
-0.00746908064563905 -0.0198666158199124 0.0949427975614827 -0.300650770004388
0.0272209251978154 -0.00866212894237461 0.445920829240913 -0.0182000520411481
0.00352520772499076 0.0244603303131397 0.261835677980023 0.460691396407821
-0.0092790254586402 -0.000583580080774998 -0.147184345003548 0.363689947510783
-0.00277308417393862 -0.00794232873151807 0.0332192781841947 0.0353630187405624
0.00713780519783436 0.0151541756049254 0.102168552251003 -0.358874706084748
0.0086647327782796 0.0131839744874254 -0.359024934786861 -0.373757874312536
-0.00094573934425436 -0.00747386125251046 -0.44719745000371 0.183139219530049
-0.0301974783669265 -0.00868594298499413 0.0264526907423127 0.383232981674209
-0.0176890050984893 0.00409095027440948 0.223894446133465 0.116097384447615
0.00121093443311824 0.00227798751244418 0.100975106321846 -0.0679326711147679
-0.00321123543403987 0.00621209377229311 -0.0566801677486815 -0.106276024391289
0.00354079068228334 0.0140576590489963 0.048388528321244 0.0769743088454881
-0.0014976911841213 -0.00162731269087528 -0.0751819740220175 0.0264173900290846
-0.0066159784098926 -0.0118966296779575 -0.1704600867165 -0.168963518605001
-0.00592374190642019 -0.0182512587779012 0.093819012999847 -0.297400964304627
0.0263051570050091 -0.00955722116359752 0.445430153906933 -0.0115348344367482
0.00506140907615289 0.0249244483245617 0.258521601276877 0.465739043036272
-0.0101231244379241 0.00578428450470011 -0.149576283140161 0.363985495910107
-0.00700168814432215 -0.00143764079668211 0.0341865800400455 0.0357453375914078
0.00764094457020107 0.0200611988500712 0.101785638282904 -0.356949899792663
0.0108268799052925 0.0116585442312566 -0.360579859645207 -0.367062178365036
-0.00181269268329196 -0.00873414403880659 -0.443387377429109 0.189480071044127
-0.0283724479428983 -0.00650346898504857 0.0265181351691417 0.383293420786587
-0.013338419387383 0.00452568367277849 0.222372425181156 0.113792745826292
0.00466569031335571 0.00209152834314035 0.101414098727354 -0.0701538542266597
-0.00074495464075422 0.00566387297846153 -0.0560400507805829 -0.106101290085564
0.00696546481492914 0.0131503457279377 0.0495284958274523 0.0784465289103915
0.0019013454320644 -0.000654713087176262 -0.0723775840310818 0.0278950889146519
-0.00160982052467067 -0.00847134224125374 -0.174353803201367 -0.166799425504415
-0.0039489139210788 -0.0161846321833575 0.0847811706228101 -0.299567523822971
0.0251973881228655 -0.0130903232871167 0.443086260298861 -0.0217783996715776
0.00768224325928184 0.0239056959368899 0.271219920223163 0.460594530606816
-0.0114973350910551 0.0111637859441111 -0.141830901101663 0.367778786722929
-0.011529548543417 0.00481616368414708 0.0330523583812547 0.0387982672796871
0.00754661750444883 0.0244034884002975 0.108638139269425 -0.354434048364498
0.0119159937049909 0.00978183531196445 -0.350107959694901 -0.377550179773691
-0.00223026934214967 -0.0106864823144158 -0.451779115707865 0.18051679656891
-0.0255134374131974 -0.00563531480385193 0.0153675189406801 0.384219556357748
-0.00845753760048528 0.00678145024902779 0.219848028675834 0.117084306176407
0.00751232927560452 0.00251024215225666 0.104266132992413 -0.0682474166104025
0.00244770500554879 0.00501739536510386 -0.0559761661443373 -0.104709535947165
0.000995544199794483 0.005581932305756 0.0475174566357483 0.0850746256401046
-0.00965842836586918 0.000898715684450317 -0.0656193727176777 0.0629278462272396
-0.0136115398705005 -0.00296618006285987 -0.199128871249654 -0.107161553415359
-0.00743111475072338 -0.0168088580257529 -0.0133720733058155 -0.324924307523414
0.0178294637459106 -0.0227381610886296 0.387332024953687 -0.192899853906473
0.00125357232761053 0.0133489564226305 0.382432088423742 0.312575452240232
-0.0118675936490791 -0.0123080861352165 -0.0570637358807287 0.378665752239391
0.000241738131620247 -0.0227632675392419 0.0124242734483379 0.0669873586715036
0.00275384827776141 -0.00220247573829918 0.173986583999054 -0.325379856900949
-0.00340505164381157 0.00451334072759415 -0.229108605512366 -0.499269305873733
0.0026631126614182 -0.0120734950124496 -0.503399982211393 0.00210743010725621
-0.0189941875169212 -0.0162611739610769 -0.0954228181729894 0.365619824735747
-0.0226954863307406 0.00606689570092262 0.19436436535352 0.172308255017059
-0.00950917059763532 0.000948606428335871 0.115108325330732 -0.0317709600601752
-0.0025269750689159 -0.00454712189629129 -0.0590528802540176 -0.0958192645138496
-0.000881468436092549 0.00811389364431584 0.0469597484818521 0.0812325989207876
-0.0113453951614439 0.000253342154560677 -0.0705443382189581 0.0557663767600381
-0.0169777782364523 -0.00690707995528381 -0.193758450699761 -0.119520275231905
-0.00954150293424317 -0.018463306078533 0.0127375859618614 -0.323790923505495
0.0202077818868121 -0.0185352983346472 0.405918973043516 -0.158846890338036
0.00072140006027237 0.0156468848823122 0.35910567444497 0.344736079234919
-0.0107239492640839 -0.0148149752358009 -0.0776939431705147 0.375344827354867
0.00282340704249711 -0.0246280199668822 0.0176352402571471 0.0581542889660596
0.00374204704626 -0.00270532627845998 0.157071057553871 -0.336357065036489
-0.00274294412615402 0.00716196384231354 -0.265997416189615 -0.474987962506118
0.00192360817652241 -0.0099905059000715 -0.494017040520417 0.0460236036431443
-0.0225930838235899 -0.01555333396215 -0.0634308731590268 0.371436687190286
-0.0247851396345948 0.00404830070170218 0.203568282625063 0.160062650737365
-0.00945222475036944 0.000671183928690295 0.110838698338548 -0.0397143422413467
-0.00401601148165121 -0.00202912712177899 -0.0596840426397577 -0.0978187424604177
-0.00229961136561304 0.0104599020439203 0.0466978141730513 0.0792089123386859
-0.0117627502369883 -0.000497269522209744 -0.0746166921923301 0.0479966702405671
-0.0180753351706155 -0.0109311276101005 -0.187629778763531 -0.132626064301621
-0.0102707988884391 -0.0203717527347974 0.0380973825144584 -0.31939215427464
0.0225698708614388 -0.0150237419291923 0.4206699183612 -0.121820654072826
0.000916353292444175 0.0186941620111733 0.332913309428245 0.37882255585419
-0.00960638184338059 -0.0138589046897119 -0.098555074267615 0.370910949652519
0.00362406969071628 -0.0235014777623312 0.022243531518138 0.0500137154286
0.00466167762390553 0.000110437659883287 0.13741862270127 -0.345595404551474
-0.000257035286672491 0.0095851735662533 -0.299921207377531 -0.444983344718055
0.00189087065549846 -0.00887136130328762 -0.480935286143973 0.0906816657379502
-0.0259921387728153 -0.0144415395390337 -0.0320285136529563 0.376175038261079
-0.0256537775969574 0.00280024559074781 0.211428579267877 0.14644520240882
-0.00869953092771049 0.00111423894274199 0.107292698838539 -0.047879838821301
-0.00520984027309103 0.000900895478168973 -0.0594134884658581 -0.100769116005982
-0.0025030765091082 0.0124853198924621 0.0469416875909249 0.0765077698338916
-0.0106966850468005 -0.00118439863450975 -0.0770712222577654 0.0395785487600245
-0.0175969564649019 -0.0136481650628012 -0.180974105956185 -0.145430516529069
-0.0101542121232 -0.0211209759732605 0.062185053245059 -0.312518425304859
0.0251868159847951 -0.0117917913470481 0.432654273095936 -0.0820498384226831
0.00121140067492475 0.0213013571117099 0.30562949607218 0.411392680137421
-0.00812824573723367 -0.0111471352300813 -0.117747307443327 0.366833025381476
0.00310686302349511 -0.0199894631122462 0.0269246483335666 0.0429255135038343
0.0054868642009289 0.0040862991138726 0.119773174523096 -0.351643149255088
0.00279000841863514 0.0121924535894104 -0.329651288828996 -0.412943901637714
0.000928407227649626 -0.00737405405027788 -0.465988706010923 0.13201259641507
-0.0288802755591756 -0.0122535887652285 -0.00391704268394298 0.37975646797311
-0.0245899139442324 0.00269824600434468 0.218253504762124 0.132572755139521
-0.0058105003650866 0.0014942592859024 0.102720391230941 -0.0565232512840334
-0.00598562764949604 0.00376097895602212 -0.0586593552385985 -0.102177755656981
-0.00120172116712319 0.0136332745000127 0.0476917878922036 0.0755488938008642
-0.00840331912796711 -0.00207676404588907 -0.077990261016713 0.0332745211809623
-0.0154205046437416 -0.0151873666847891 -0.175430026357756 -0.155601676820047
-0.00881495073609369 -0.020780262395221 0.0802141907481013 -0.304693172725822
0.0256085816521816 -0.0095423419598501 0.438961137803808 -0.0463397207076324
0.0023051966969187 0.0230125199091951 0.279933677376599 0.438036335219485
-0.00847904318823947 -0.00697533979008385 -0.133952347590693 0.362295415089491
0.00127949330317006 -0.0144745213601284 0.0311864830786538 0.0373061524423464
0.00604463712952832 0.00932962887107641 0.105613712466057 -0.355724885023986
0.006284869043522 0.0133702030910156 -0.348445524246068 -0.385634497400474
-1.43252926686601E-05 -0.00694467576428389 -0.450893514679265 0.165690427805483
-0.0302568847916983 -0.0101818996125182 0.0182887108523483 0.379820410371431
-0.0218507587751974 0.0031079677483752 0.222065856267515 0.119949419555977
-0.00275283029306026 0.00197312149065287 0.0997759372259159 -0.0634018856818474
-0.00496062907249202 0.00547771466002745 -0.057893354524952 -0.104232659608673
0.00111734271136578 0.0142440835532558 0.0482913875646915 0.0748151853117282
-0.00501060708244486 -0.0021784486332359 -0.0768997569343664 0.0283953767239907
-0.0112104023523583 -0.0148918491024606 -0.172008097828516 -0.16266313828509
-0.00723811269177593 -0.0198917573168439 0.0904002328944674 -0.298825846770355
0.0265572558699626 -0.00915509007066628 0.442103005580854 -0.0232285183633782
0.00408229840989877 0.0242065870805173 0.2646373742906 0.454052287334143
-0.00868862179146546 -0.000677209123929413 -0.142327808991958 0.361692922240215
-0.00283493169140873 -0.00762446407201832 0.0339569882597449 0.0340773542762695
0.00740772370731594 0.0145392325005511 0.0969186874957959 -0.356873111754789
0.0093590689081371 0.0126732539644548 -0.36167319047726 -0.367507592774566
-0.00103830628996319 -0.00732154002628893 -0.442005977483316 0.186534145664586
-0.0300832154053079 -0.00788331458786678 0.0315459499270046 0.379719606362084
-0.0177937244300871 0.00365107279757427 0.223771000197413 0.111973676852697
0.000885640041583875 0.00224078047052901 0.0989368891252058 -0.068359076059118
-0.00304470185521181 0.00647185559311375 -0.0572338978197242 -0.104848341770811
0.00408210643805727 0.0142364255995129 0.0488093980893199 0.0753945100126445
-0.0019569760309349 -0.00113598058064471 -0.0746262866992475 0.0269912682995985
-0.00678420167658758 -0.0119509444158234 -0.172265392978772 -0.165196009977991
-0.00574138908185784 -0.018056072295723 0.0898161296802293 -0.296602561442632
0.0262403442455059 -0.0105159282114979 0.442083727326568 -0.0159745414170387
0.00571208666358292 0.0248945202821196 0.262169612546977 0.45794864812789
-0.0101110652084862 0.00545945468794294 -0.144168170878736 0.363184163425642
-0.0068518935715273 -0.00109971209424928 0.0344366961378 0.0347047951150286
0.00756070654463716 0.0196671498839021 0.0969407382041493 -0.355275685497479
0.0109598293800084 0.0115566337861775 -0.36085564605089 -0.36162755726394
-0.0018773387332588 -0.0087076341670965 -0.439202440726504 0.192290537334884
-0.0285624663651666 -0.00649541757282036 0.0313908199656524 0.380354456428872
-0.0130285816842143 0.00494345344972568 0.223119599620867 0.109855324919879
0.00509597331477656 0.00241416158392511 0.0998173878042973 -0.070614058283418
-0.000591216024839169 0.00629351609772176 -0.0568641535203026 -0.104664865098634
0.00692328322950807 0.0129429472498288 0.0499314184360732 0.0770285308790241
0.00176640477021491 -0.000706876876075276 -0.0714129384020743 0.0280646876409445
-0.0020845518473722 -0.00843239704677234 -0.175195778237705 -0.163668707182426
-0.00411245498959812 -0.0158919799912903 0.0803640226146732 -0.297724429170812
0.024659991561082 -0.0134368769616587 0.439767531349246 -0.0267758667128605
0.00795216758928645 0.0239751833358475 0.274024725923457 0.452414915891664
-0.0111410853563592 0.0106459201176611 -0.136687220567281 0.366703220649721
-0.0111363023406704 0.00498094656645295 0.0332050837824506 0.0383672324316313
0.00795646497350566 0.023493915025506 0.104825147297796 -0.352445089300893
0.0120499985447774 0.0100912157954875 -0.352660141358033 -0.370345028691973
-0.00233330713580442 -0.0102954596468642 -0.44668868612087 0.184995491841519
-0.025451542205523 -0.00566686566781515 0.0200044397870896 0.381223486571906
-0.00842638028481415 0.00690638558640064 0.220311089647001 0.113506469324538
0.00788929701797689 0.0025090119720246 0.102328795465629 -0.0692395363244708
0.00251538070378748 0.00511994002423417 -0.0562786955222667 -0.103303082523935
0.00111182040278551 0.00559954637129591 0.0477584332042089 0.0838674053224332
-0.0099125852519376 0.00113824963793546 -0.0643303213256455 0.0625743813708712
-0.0138496449153794 -0.00317975614049646 -0.199374551444312 -0.104601031763049
-0.00727521818714742 -0.01678949378905 -0.0164164050466599 -0.321444729203951
0.0171794903156541 -0.0225429939930396 0.381704850401525 -0.194744586994655
0.00178931359610479 0.0131955239610705 0.380651953430484 0.305729955428703
-0.011982218273756 -0.012050140219849 -0.0522188936074778 0.374875380703684
-0.000536346516130865 -0.0226601705007585 0.012998576495159 0.0658730950614048
0.0030009932052027 -0.00242193464923111 0.169172456385821 -0.32363395120327
-0.00308925333064863 0.00503784209219652 -0.231196601294691 -0.494428831526442
0.00309956209869599 -0.0118467040285775 -0.498925690517185 0.00701948777259636
-0.0186915617922659 -0.0156525555611858 -0.0897176652369153 0.363749354450739
-0.0222731415652767 0.00644222571596183 0.194500463298501 0.168400393767932
-0.0092615205884017 0.00125082380098831 0.113972315829828 -0.0322777601020109
-0.00233244305505774 -0.00447469250728949 -0.0595274975941253 -0.0940658517189548
-0.000900862561228449 0.00794415711266042 0.0466508633574508 0.0812660286310401
-0.0117229700164164 0.000587513840845917 -0.0694807684310022 0.0554331320904036
-0.0170152086276418 -0.0068229999342682 -0.194187630687897 -0.117219495434407
-0.00933145906315359 -0.018300602869487 0.00919059912476964 -0.32090957788041
0.0198140043305061 -0.0188992853978259 0.400772897154871 -0.161828152601158
0.000764877142379427 0.0156719361960511 0.358959892456423 0.338546744989852
-0.0103126519950397 -0.0143851491357062 -0.0729658383915788 0.372350669983937
0.00297749314244956 -0.0248456321842073 0.0182592317076715 0.0576069367741822
0.00426315499449102 -0.00260504879318856 0.152774872533323 -0.334227858015658
-0.00230288510570455 0.0069965239242966 -0.26802883389345 -0.467788377931665
0.00220630244729147 -0.00969486980602251 -0.488580788881583 0.0520898324624766
-0.0221801549628022 -0.0152961343799723 -0.059411621986089 0.368872774479219
-0.0244840939891354 0.00434887901774354 0.203483403845424 0.156370259764202
-0.00928802198736422 0.00105387941631689 0.109688402790512 -0.0400078249712168
-0.0038889680819216 -0.0018663263189533 -0.0602257530421837 -0.096751278737477
-0.00211413668995098 0.010675053534838 0.0470056879355394 0.0777914897510064
-0.0115797277176969 -0.000406572040464528 -0.0736438817725417 0.047748436382754
-0.0181708641644275 -0.0104786014654087 -0.18837767685356 -0.129587345253111
-0.0101763679936765 -0.0204565636978619 0.0347800741418347 -0.31674646193661
0.0222806051439853 -0.0150258445176347 0.415906896419069 -0.124663957447451
0.000915320192611145 0.0183638868280762 0.33323199404595 0.370940689252131
-0.00926551507757677 -0.0138988776565063 -0.0938382295175594 0.367764529806495
0.00357740459176065 -0.0236172294005961 0.0225251234544407 0.0497213213799857
0.00490807860192456 -0.000363633847309822 0.133778324399873 -0.34397382867359
-5.57820912962352E-05 0.00990289344567716 -0.302604666680702 -0.438142716150161
0.00195465558333388 -0.00811498734639768 -0.476144830475268 0.0951093431000024
-0.0261652564741374 -0.0141891126067199 -0.0273752036159345 0.373861137262783
-0.0253924610463678 0.00314551678273212 0.21144227750398 0.143029623552746
-0.0080964725557832 0.00110802434455311 0.105141987637818 -0.0485407913513769
-0.00530247374318628 0.00115661138040711 -0.0597622160430962 -0.0991019700635358
-0.00179441220372846 0.0122133573896545 0.0475582137565702 0.0754318840612062
-0.0106172264680574 -0.00132113242624222 -0.0759961150886621 0.0397408438403263
-0.0176683894267723 -0.0138312532351948 -0.181279336096295 -0.142089303632768
-0.00993810992492355 -0.0210175035757027 0.0580575616885042 -0.310335893308683
0.0243529940463041 -0.0119539402363064 0.42781428145928 -0.0852331064249805
0.00171298230237197 0.0206287849165449 0.306304159995999 0.403902834982802
-0.00841772626207401 -0.0105802804824844 -0.11314483853223 0.364302531063969
0.00269854128155289 -0.0199756862087847 0.0274828187957658 0.0425325977094897
0.00580387925370464 0.00414048996553986 0.11598631662876 -0.349837141321122
0.00304860641366085 0.0123875822160703 -0.331025885537996 -0.406983624029035
0.00116820869482441 -0.00742856201951943 -0.460798506869645 0.136215066501969
-0.0287374383348028 -0.0122011984009868 0.000548572032943774 0.375693915095904
-0.0243941340977741 0.00245211873378264 0.21771146803225 0.129347728570313
-0.00554925759430316 0.00161894486035021 0.101299494524212 -0.0567195954840711
-0.00576458193222965 0.00380256574001132 -0.0595586740933599 -0.101201330191094
-0.000974790021190409 0.0139306120209012 0.0476982485745135 0.0748372611514684
-0.00861161679152531 -0.00167090361479975 -0.0769303833224153 0.0330122205287524
-0.0148847028707377 -0.0149093277934456 -0.176052429790071 -0.152135376721742
-0.00864625511340669 -0.0207369205761308 0.0764608839982498 -0.302314661557225
0.0253555067835806 -0.0101148330022978 0.434979700973461 -0.0496538931529007
0.00221993359631357 0.0229290884305015 0.281804702738358 0.431207056938486
-0.0084057897795803 -0.00683783404034613 -0.128519907644393 0.361324114021458
0.00124747020636859 -0.0144513239332032 0.0312849833785598 0.0365869823399095
0.00726238728751957 0.00916971331031936 0.101718348149558 -0.352601442422253
0.00612953772089778 0.0130156268392849 -0.349978567143838 -0.378060414699382
-6.3024967162614E-05 -0.00707339368897643 -0.44617037331808 0.171551967475651
-0.030354084999746 -0.00983185115653731 0.0234048264824119 0.376920320767156
-0.0216629722211761 0.00314546776382006 0.222048056248329 0.116797860444367
-0.00249206638585109 0.00155658369335361 0.098329237829291 -0.063759272744765
-0.00470264976309643 0.00605395271080521 -0.0587679930470309 -0.102645967076525
0.00147850393759914 0.0141691933062501 0.0485578997180171 0.0739749302041237
-0.00536864799966962 -0.0018067593557432 -0.0760649105489689 0.0276110055788531
-0.0118808098539703 -0.014436733761093 -0.173498131791873 -0.159408372866566
-0.00726734460510022 -0.0199190819683371 0.0860986789665994 -0.296374824334915
0.0259252843944149 -0.00932967907373757 0.438336841094045 -0.0272346446878217
0.00424471130899421 0.0242769358809421 0.265983936325546 0.445503633381877
-0.00877172997591882 -0.000846417560001153 -0.137935948208069 0.359565191300682
-0.0027192925315751 -0.00833758972168346 0.0338434377035692 0.0336269050230734
0.00816505572678729 0.0141344963488573 0.0929472787712016 -0.355146318976432
0.00906724015587817 0.0122888757595197 -0.361758927412285 -0.360677052801598
-0.00119939138753503 -0.00740747710861601 -0.435356822692743 0.19183184826253
-0.0299854560664225 -0.00801946418988797 0.0355635265684116 0.377091166162873
-0.017719034145447 0.0038927756057921 0.223213622823333 0.108651880801484
0.00138725875450308 0.00217439093771485 0.0970520160008364 -0.0688645326807409
-0.00298756738707541 0.00670831304113579 -0.05812682522444 -0.10335414668152
0.00464155874654303 0.0141224825054819 0.0492062086007734 0.0747387817334333
-0.00226847553932799 -0.00139968010009481 -0.0737708578711724 0.0268928804427357
-0.00683794262639385 -0.0118046586049843 -0.172789852908209 -0.162266783973963
-0.00591043153033049 -0.0180014304810934 0.0855947595556336 -0.294314220845288
0.0255102411305712 -0.010746181553632 0.43740937689814 -0.019851823696686
0.00614104213662396 0.024506475482932 0.263269782087139 0.451431727806315
-0.00986388292804924 0.00535654310746671 -0.138748769821892 0.359978290524986
-0.00699622138322403 -0.000892583968797897 0.0346382427184384 0.034229422392241
0.00843456042223308 0.0190534628728731 0.0930552462885762 -0.35305333868949
0.0115706160088696 0.011885716446454 -0.361957607181112 -0.354876224418793
-0.00179818087696948 -0.00828858611260485 -0.434691488283657 0.195111731209755
-0.0284387199183778 -0.00612428075533345 0.0357623102180813 0.377020082161068
-0.012707571610835 0.00493320156527323 0.222677113598666 0.106469223006654
0.00480991255049234 0.00211963103461298 0.0982167637427722 -0.071060326364398
-0.000685972346570511 0.00627778073427252 -0.0575516541012485 -0.103382537089533
0.00755262644248215 0.0124309983191481 0.050022946813824 0.0757058907604271
0.00139586587330653 -0.000675941231523267 -0.0709634706257915 0.0278693050930379
-0.00247796184646498 -0.0082530785194664 -0.176306860028844 -0.160019961550294
-0.00382604196673599 -0.0161033081094567 0.0761964697151088 -0.294983542505285
0.0244770871909505 -0.0134513000743642 0.435497184618068 -0.0312006746275595
0.00806288782048271 0.0230911280943849 0.27561120330221 0.445523572300801
-0.0111256092563751 0.0109532772488864 -0.131421444597602 0.364383095482369
-0.0113409894280639 0.00421421274936601 0.0333365053009293 0.0371817050660386
0.00824061288890979 0.022834482811118 0.100302671506618 -0.349540633393109
0.012607861124409 0.0103011875144732 -0.353860086694672 -0.36422224786819
-0.00223601508601859 -0.00991460517678801 -0.442365714651887 0.188000002251419
-0.0256475156080752 -0.00518754779817879 0.0242946374566518 0.378920976455332
-0.00804793419005779 0.00683417763180206 0.219389023868664 0.110248958605125
0.0078199080790388 0.00220900779934303 0.100769275675391 -0.0696058480946313
0.00277933788296861 0.00504233118296517 -0.0571822041820036 -0.102492558994192
0.00128515496288148 0.00552458827304714 0.0475939590683047 0.0828171920257597
-0.00993929307743549 0.00101471902258916 -0.0633241223962068 0.0614420194602388
-0.0135630530136504 -0.00361439345188998 -0.198670001212289 -0.101928934074646
-0.00762336997610744 -0.0162535987091836 -0.0197564178602047 -0.318352044313078
0.0171216515853589 -0.0226865894365529 0.375976049724342 -0.196046282131354
0.00166888197454794 0.0127388019625807 0.38011126135699 0.299089293291932
-0.0119006627460674 -0.0122647271127499 -0.0490593903405185 0.371904508775556
-0.000360106632779326 -0.0226320386404333 0.0137073869378552 0.0651539623920058
0.00309945355640713 -0.002563623814447 0.166182812590808 -0.321583923653965
-0.00299812156008625 0.00494729012999946 -0.233771630208964 -0.487085605234428
0.00300340373810245 -0.0117083545042231 -0.495031280140033 0.0117711806855527
-0.0187393984915522 -0.0155010518103327 -0.0858666776954714 0.36131351529504
-0.0220180756120929 0.00632884135988176 0.194528167248388 0.165690464490235
-0.00871195640181129 0.00127962321882446 0.112586029667899 -0.0330409283136841
-0.0021504882055629 -0.00449819798582778 -0.0592673423320447 -0.0929395032633061
-0.00078837928952784 0.00769867512116338 0.0472319328977208 0.0802116693711035
-0.0116133221012 0.000693318198611686 -0.067965789563351 0.0548509563372165
-0.0166486911753563 -0.00683216833407365 -0.193667153576616 -0.115022648277662
-0.00898781085586581 -0.0181376587734008 0.00591883860933292 -0.317544122797264
0.019348690791461 -0.0190450234528356 0.395164142875611 -0.162379194678775
0.000582323109192821 0.0154178968016116 0.357932012976985 0.331843685278657
-0.0105840675048374 -0.0141117562573698 -0.0693567879409111 0.368712712678267
0.00239935947755568 -0.024773091992089 0.01850567525744 0.0568143235363577
0.00446782186609514 -0.00288343701124056 0.148908305460069 -0.332565014353804
-0.00204429703037076 0.00741325597138946 -0.267989123082883 -0.462955892601039
0.00238914727141171 -0.00992141910584971 -0.48443974375104 0.0539598443776479
-0.0226353756305583 -0.0149050210091548 -0.0545955909042953 0.366953966187393
-0.0241323293715282 0.00430450183777425 0.202972627010526 0.153050105765139
-0.00921926874460044 0.00124883819567232 0.108115296477642 -0.0404265902812206
-0.00417537014694659 -0.0017250993413086 -0.0600935648388448 -0.0951648757653266
-0.00169903281729751 0.010349752378351 0.0469603212717522 0.0769144025058944
-0.0120042150834585 -0.000251715565876162 -0.0723253878455782 0.0471979953680308
-0.0182536830947192 -0.0103249631664159 -0.188039855376919 -0.127738166602514
-0.00997025398647376 -0.0200456873329824 0.0315556831455921 -0.313616030949027
0.0213364645933932 -0.0152969354600878 0.410211448035913 -0.126217739004621
0.000944403926993308 0.0184512031184393 0.333221117449626 0.364890769990852
-0.00916792406601641 -0.0134644110885847 -0.0899639231923074 0.365790961931611
0.00347220851062121 -0.0239662623019634 0.0231263882001227 0.0486976950877811
0.005020827862483 -0.000751151508727749 0.130612930834441 -0.340869149986504
2.05256407185446E-05 0.00987154186825061 -0.301707499356579 -0.431937432271696
0.00160827548375912 -0.00830549091923027 -0.472328255508186 0.0988795461170722
-0.02584949699445 -0.0139244320857296 -0.0242589448196377 0.370976431667971
-0.0251980960313809 0.00325505159424081 0.210959895593945 0.139458010020836
-0.00833006205768742 0.00138444744009093 0.103765321773676 -0.0483195959828878
-0.00556617116352066 0.000692034628976056 -0.0598273890489047 -0.0978101244572017
-0.00169793716770887 0.0123814360425967 0.0476225883961594 0.0745859446063033
-0.0107823770542789 -0.00149580337411411 -0.0753566895885823 0.0391494433376168
-0.0176726223291739 -0.0129317078248613 -0.181290839192163 -0.13962216469078
-0.00954120509315944 -0.0209564783420903 0.0542776522796419 -0.307044484734456
0.0233924643831089 -0.0119093219671973 0.422638759094702 -0.0878885318986327
0.00144847506739627 0.0210865764981811 0.306737469049858 0.396950952767565
-0.00828158037324063 -0.0109314813064967 -0.109144437887718 0.361768070851531
0.0023938377132561 -0.0203203415536478 0.0276292616959269 0.0417797009546845
0.0059424492671017 0.00354409158348624 0.11199448517504 -0.347731068812613
0.00328285180839049 0.0120198058478669 -0.329962518488736 -0.400161018719227
0.0010497351190884 -0.00722275667051546 -0.456380734592574 0.139789121900982
-0.0286838991733546 -0.0121424465647051 0.00449947801194603 0.37262391640103
-0.0239744395221025 0.00273665964146882 0.217197271311728 0.126448020606333
-0.00543197386916514 0.00130095508140016 0.099530544893988 -0.0568195939246031
-0.00550654449169802 0.00401226658832025 -0.0599636329004546 -0.0989064736267153
-0.00049796341855718 0.013700415067009 0.0477594558659547 0.0737646808194862
-0.00891360023476335 -0.00196771745734254 -0.0762418013755911 0.0325210247187536
-0.0151880610832587 -0.014945796790266 -0.176742237000463 -0.149545209401564
-0.00831470224493187 -0.0210203905822783 0.0729859378454445 -0.299344178987666
0.0251158366639268 -0.0103218314026862 0.430103466184212 -0.0527098662926749
0.00264962326547955 0.02267371347087 0.282173303104746 0.424137745257295
-0.00843852720802218 -0.00697856213542941 -0.124972773889826 0.358505631371035
0.00062118936527899 -0.014665594158343 0.0312647146915914 0.0362057806111205
0.00688200406337424 0.00833006519145005 0.0983622357270434 -0.350493873387911
0.00673945236219722 0.0132380946588663 -0.350544750261832 -0.372325213462361
0.000166723254444847 -0.00679925690100388 -0.440872328600374 0.171622877058673
-0.0300745018803582 -0.00970096737118292 0.0265262969569854 0.372798252082949
-0.0215974027400899 0.00331990394056865 0.221530993166794 0.114283039300923
-0.00273993636440621 0.00243365570413489 0.0967001074606574 -0.0641863082313743
-0.00468427026775228 0.0058467553883038 -0.0590805636251216 -0.101278282942356
0.0018471513775482 0.0138751610868935 0.0488308051712084 0.072913884907945
-0.00543705471596537 -0.00186804415361167 -0.0750231130987735 0.0280906127135861
-0.011371226305106 -0.0144516663479164 -0.17320499126708 -0.156132778136933
-0.00689207073849199 -0.0197727034072254 0.0836035166317167 -0.293712689664984
0.0255718495410711 -0.00939813930086209 0.432229257580352 -0.0287937665321516
0.00392643250168264 0.023674441222951 0.266103748648484 0.439740561328708
-0.00863691203324933 -0.000774188115983692 -0.133415971303026 0.356979318328542
-0.00251988236671587 -0.00807819967072794 0.0338582346130856 0.0331342185919745
0.00823463275572846 0.0137756489184453 0.0896329205982498 -0.351205037347411
0.00958788694986295 0.0130241068362802 -0.360311849184317 -0.354805014233735
-0.00107845390408028 -0.00695697250552138 -0.431534482622695 0.19262541766234
-0.029982248320127 -0.00764449991049096 0.0385748097772543 0.372911022121007
-0.0174644157627723 0.00407259997238957 0.222465231789428 0.106363658438655
0.00118164121740171 0.00206951846554975 0.0954111042532717 -0.068936396348877
-0.00292819934043973 0.00693583208580991 -0.0583454476645608 -0.101990993050422
0.00492593447132082 0.0139101881598409 0.0495929226483298 0.0735420488681689
-0.00241827531775521 -0.000966383738125194 -0.0735726744745299 0.0265130703839416
-0.00653537534150685 -0.0118016319948576 -0.173706637991838 -0.159147445269398
-0.00559398688950772 -0.0181250568876402 0.0829280490344128 -0.291403865475587
0.0249302372503169 -0.0109157396015992 0.433327913107199 -0.0233311894820421
0.00609299934147767 0.0244524204798426 0.263839978639013 0.445176983202337
-0.00982362732321976 0.00518872212693909 -0.1347391672594 0.357664760797573
-0.00698794606587794 -0.00110577960410276 0.0341780796111848 0.0335346699592292
0.00880383764767694 0.0187400140178712 0.0904126713597696 -0.350371297118507
0.0117789474893145 0.0118859407359113 -0.361009580965645 -0.349689141252944
-0.00195951820642878 -0.0079712143443692 -0.427635279578363 0.197886092148228
-0.0284032690826368 -0.00622934537135501 0.0389687478789165 0.372585118415579
-0.0126803004884663 0.00542828784392544 0.221852907634859 0.103064171919264
0.00490893600461577 0.00219921254297791 0.0966816604164764 -0.0707159462301579
9.46033859029836E-06 0.00645402788296932 -0.0574395631871334 -0.102304196386261
0.00801114782238753 0.0123532639290306 0.0502760313183892 0.074858862402719
0.00106102123552083 -1.93609657125054E-05 -0.0698009177024732 0.0278436966230005
-0.00275990808463602 -0.00835737076969747 -0.176310533156441 -0.157656050065744
-0.0039010332967953 -0.0156879674656095 0.0740914297029367 -0.293380156471535
0.0238664752181011 -0.0136523677178356 0.431424927038869 -0.0339485147530372
0.00796447100679915 0.0232494351142455 0.275312022773901 0.44004919499769
-0.0104186247890899 0.0104641323828137 -0.127170327244617 0.361964078845608
-0.011433109071958 0.00416977651631245 0.0334457781390502 0.0365444322504209
0.00869914444412915 0.0220947747946607 0.097627102350098 -0.347925708463509
0.0126798881401111 0.0100425947035245 -0.352021101969121 -0.357998597034559
-0.00219471971484161 -0.00974787367242952 -0.435562922790812 0.191322183787746
-0.0256642000058549 -0.0053740849994913 0.0271823328978887 0.374955784217279
-0.00834968350966875 0.00658013735542917 0.218683952357444 0.106834720972384
0.00772808276246394 0.00270564924870954 0.0990418253127759 -0.0692322718548265
0.00249190666356039 0.00489406951150759 -0.0571220497357914 -0.100837079868632
0.00184754526107385 0.00603542000213196 0.0477716102324507 0.0819338605469393
-0.00989266555030477 0.00140978325498409 -0.0626352865438128 0.0608338910542051
-0.0132514378803468 -0.0031730822490456 -0.198362942704384 -0.0995587609449742
-0.0072125818547526 -0.0164426330368705 -0.0218442924784676 -0.314346889877215
0.0165339594774344 -0.0224475259838648 0.371400868866021 -0.19634823448668
0.0018299512808283 0.0133607615225846 0.378026541072724 0.294071048134247
-0.012217375358807 -0.0120764717705947 -0.0462735609897855 0.368460056620342
-0.000658141777823991 -0.0226760340507057 0.0144105927254264 0.0644757419875246
0.00346078825547803 -0.00296499686874271 0.162742929136072 -0.319106860244568
-0.00232730039707292 0.00531196402085249 -0.233931612456686 -0.482312922228406
0.00296179435109639 -0.0115569280463534 -0.48989996983545 0.0156872428519132
-0.0188436983551752 -0.0152170559974406 -0.0823796348603681 0.357942757845283
-0.0215776779028532 0.00654183786545633 0.19416925352811 0.162254497866634
-0.00864055390893991 0.00145189053773079 0.111033189191989 -0.0333672065334177
-0.00211870866517792 -0.00435635038347454 -0.059500140858974 -0.0915465079965861
-0.000267345339922595 0.00805584813275256 0.0470774779054725 0.0788417577661096
-0.0116506245104752 0.000753889166728323 -0.067398936311787 0.0540719181009793
-0.0166850149017766 -0.0063314209385666 -0.19330292442949 -0.111364332350595
-0.00886108941605603 -0.0182018898085906 0.00373630195104369 -0.313886917134842
0.0187468624505227 -0.0187575815322329 0.390506486318512 -0.163316325711676
0.000797419963980852 0.0154720676257326 0.35643580917527 0.326378696336102
-0.0107474762162718 -0.0144417385853378 -0.0659080053414401 0.364994207072159
0.00228001482401122 -0.0244898992213287 0.0189243617612114 0.0559863297026967
0.00441443553213157 -0.00329880481727129 0.146088437147387 -0.329451710377732
-0.00185059911709556 0.00718869588710667 -0.269865540972011 -0.456804519090766
0.00222733212835879 -0.00995529565454806 -0.479354058578661 0.0574365739746256
-0.0223489279976884 -0.0149552819158364 -0.0519486551870085 0.363398163778147
-0.0239057947968013 0.00462018100596907 0.202362120586696 0.150072605284414
-0.00920390963611037 0.00096233593438228 0.106615323217768 -0.0401497959509825
-0.00425721234700062 -0.00205456049099745 -0.0601893919708307 -0.0936316171797002
-0.00118821921045931 0.0104754883796025 0.0470467273378574 0.076376775376396
-0.0119871474308327 -0.000227491547569877 -0.0716906146912015 0.0469204678492669
-0.0184506242109247 -0.00989181974755751 -0.187492644398527 -0.124981516450895
-0.00968873419768159 -0.0195531068447479 0.0287689986663951 -0.310379642674394
0.0212684093514999 -0.0153487739899053 0.405840521274147 -0.126334965319467
0.00118122456546475 0.0179168064743027 0.331267032217991 0.3592464520464
-0.00959341566351628 -0.0137091023424286 -0.0876237403673912 0.361566700664227
0.00298552730855061 -0.0238463703317141 0.023649730075276 0.0481634973892466
0.00498058815729022 -0.00099664054468112 0.127976062818213 -0.337805580548759
0.00082034301426933 0.0105500351759544 -0.301780291554986 -0.426434326107336
0.00200486694372027 -0.00799991939556888 -0.466210268292824 0.0997850388253038
-0.0259201676837359 -0.0136402544075278 -0.0213259821941133 0.366735280187331
-0.0249744743621239 0.00361259361772704 0.209879381506693 0.136861870173475
-0.00767754551248551 0.00156292219869841 0.10244556286748 -0.0489143814940107
-0.00491273596120732 0.00106121312234202 -0.0597994515487301 -0.0960974426686224
-0.00125388169165607 0.0123954326569724 0.0475737154606155 0.0736767694124066
-0.0108569949701882 -0.00155557383236657 -0.0741943996897093 0.0387928225688132
-0.017708192079565 -0.0128482255310193 -0.18122893963172 -0.136893931435309
-0.00956581986697612 -0.0207793323737874 0.0522952022990069 -0.30386753081426
0.0231722936743679 -0.0126755717463106 0.417597676323151 -0.0880747257636225
0.00202715892724431 0.0205204431867014 0.30526658713545 0.391373593960304
-0.00811412566312774 -0.0113981822394612 -0.105472859290481 0.358313329726585
0.00233025963257049 -0.0198675169254506 0.0272215479122355 0.0410633040586183
0.00603317521472978 0.00322097022090717 0.10987303944153 -0.343407588566868
0.00408473055265994 0.0123677220815327 -0.328517250348321 -0.395081690002609
0.00119646960443659 -0.00704629494824673 -0.450889624112636 0.140623138555029
-0.0285641662523061 -0.0115044791397985 0.00634175047356685 0.369337813855678
-0.0239005192627452 0.00323208752794234 0.216470115698229 0.123823628942782
-0.00559109797612366 0.00180651496204437 0.0983485952351969 -0.0570686221892967
-0.00558239227827412 0.00377581347439439 -0.0596742459830279 -0.0979348763781502
-0.000256041731098199 0.0135567162380351 0.0479174082628685 0.0727629854207606
-0.0086252784926713 -0.00181584876273322 -0.0751398444518068 0.0322775834152905
-0.0152507654623159 -0.014518101635251 -0.176473779359463 -0.147019224437518
-0.00835806733861692 -0.0207146608862725 0.0707140252943627 -0.296942667481377
0.0244484961936153 -0.0103205815844014 0.425165218338183 -0.0539089756824279
0.002858988091875 0.0225130071857686 0.280892818248079 0.418208579512652
-0.00823246118846205 -0.00689085110382168 -0.121126584943834 0.35465312771048
0.00047890694477348 -0.0149356072785147 0.0314061376686214 0.0355127215252381
0.00711484344167528 0.00840986667692863 0.0961804982898202 -0.347424916528457
0.00683547047637692 0.0130446508735012 -0.349665660778823 -0.367024322411206
-0.000265445082046643 -0.00677490661766266 -0.435873302506886 0.173406835791318
-0.030083554908493 -0.00940615903281383 0.028568249587893 0.368934798240993
-0.0211340734616986 0.00327736292128515 0.219561612530834 0.111683145643031
-0.00242687021541239 0.00210726972993627 0.0955100822283012 -0.064263323365097
-0.00440795490413977 0.00583829670351523 -0.059024875750563 -0.100017850989218
0.00223253060053856 0.0137412357471883 0.0487304638048346 0.0715770869781924
-0.00582565669806806 -0.00174790310931189 -0.0744799856747847 0.0275672814178299
-0.0116628076891403 -0.0140230910458758 -0.173407163316694 -0.153823496872305
-0.0067165048236471 -0.0196125251723108 0.0803030598107416 -0.291036556708665
0.0250574210260073 -0.00991227433512039 0.430478971014703 -0.0314436786328597
0.00456107457757915 0.0237798671796787 0.266052933211446 0.433512649447197
-0.00823390750774487 -0.000842375859562939 -0.129913780467176 0.353738480207816
-0.00264291380659809 -0.00808947350396656 0.0338428340279339 0.0325520778603923
0.00801639737435027 0.0132741015830271 0.0874855661230119 -0.348249921167674
0.00981453165884623 0.0126375017043602 -0.360596542711014 -0.350168130898135
-0.00112476492586828 -0.00715269320493045 -0.425678426644767 0.193552074945035
-0.029945014291725 -0.00720264164314672 0.0411684839916521 0.368829633150628
-0.0175608318505257 0.0038296006675712 0.221226249009321 0.103656939666201
0.0013229274010759 0.00203409343292719 0.0940864050049228 -0.068500576928326
-0.00246509614399128 0.00659640969310696 -0.0586723657251885 -0.10059381440465
0.00481847815046747 0.013544750736428 0.0491855083503931 0.0725482987150656
-0.00253507404338125 -0.000793855439366943 -0.0724847660822169 0.0265457993554487
-0.00706197557909769 -0.0117133162603318 -0.173263863586818 -0.156626264918964
-0.00516249329482641 -0.0179361027664219 0.0808288346254636 -0.288509881583937
0.0248106492867678 -0.0109420397249449 0.428893244248663 -0.0256887612749509
0.00632680147110143 0.0242493306801137 0.264506145165913 0.439891512497546
-0.00983332015242399 0.00485506278819193 -0.130891881672315 0.354567721837026
-0.00698502550421755 -0.00157997826341796 0.0345673262560588 0.0328944526298985
0.0089833801607681 0.0180471728975702 0.087198751793888 -0.346584517315387
0.0119264094087099 0.011919156315519 -0.359832114924692 -0.343149988066848
-0.00176953412827337 -0.00791834253706259 -0.423782240278445 0.199756475865327
-0.0283283025733983 -0.00572841226855519 0.0420294047182386 0.369684239710537
-0.0125374098523556 0.00483851192537669 0.220156798578049 0.1013494483941
0.005092195246469 0.00241632838706903 0.0952383003152757 -0.0705286105854164
-0.000454025279600263 0.00654430920149278 -0.0579172633978349 -0.100600380265049
0.00816258765481154 0.0121200988746951 0.0499406459211501 0.0741333061833705
0.00108293153558846 -0.000672374177764691 -0.0695009792810751 0.0278367521155727
-0.00254285259280607 -0.00836437617318374 -0.17656659552426 -0.154179483154311
-0.00351107431796406 -0.01612301689116 0.0705828323392489 -0.2905192775904
0.0234784779372018 -0.0137562547763249 0.426066881975815 -0.0349524202702859
0.00804369435071542 0.0227394369193933 0.275278194230307 0.4330459509822
-0.0104905338134537 0.00986983491080194 -0.123756123022415 0.358411431424371
-0.010934965649707 0.00399371957630571 0.0333231149694286 0.0358026334868266
0.0086959810243802 0.0217972185295845 0.0946777604834751 -0.344284924571777
0.013157578998514 0.0103928909117791 -0.350907207013209 -0.353065774936048
-0.00182167872709575 -0.00939735555492264 -0.430540475313492 0.191349515781402
-0.0252026563752938 -0.00525084467358179 0.0300828947810963 0.370507257899854
-0.00795364498510067 0.00623942425192844 0.217340811653025 0.1042209015874
0.00817020246775979 0.00255139725003276 0.0981072104108383 -0.0693266054461491
0.00254653166912204 0.00537188221522769 -0.0576367291117129 -0.0990628664484727
0.00194967079564394 0.0054073596993607 0.0477975522517847 0.0809634272448891
-0.0098731015945122 0.00119712124728719 -0.0613890806146765 0.0597149376162796
-0.013261900694918 -0.00314590832545232 -0.197499026035419 -0.0979786653478397
-0.00704314214919429 -0.0163237108211803 -0.0229473372045906 -0.310561202715732
0.0161512345637762 -0.022414269919085 0.366375433179143 -0.195497093239624
0.00212093746926488 0.0125919433098538 0.375932460557428 0.289822845393198
-0.0118039016487277 -0.012377146782913 -0.044522685967123 0.364415010602923
-0.000811938432887769 -0.0228160921765743 0.0147808663438228 0.0636849907670543
0.00381176175440264 -0.00300160832681727 0.160150227278008 -0.316607596553626
-0.00212567050378279 0.00571254220037092 -0.233430322376975 -0.47625987431689
0.00306130411343639 -0.0115436413198077 -0.486573921695363 0.0173135268759233
-0.0193507931880581 -0.0151557292599679 -0.0793775266128081 0.355508544085371
-0.0216216410471451 0.00651896534766535 0.192598299219729 0.159903452253572
-0.00886915432257778 0.00147688425695356 0.109887925397746 -0.0334202901088395
-0.00227619855615213 -0.00415372461651103 -0.0591932908581994 -0.090138760731937
3.8043213298256E-05 0.00763307866570976 0.0472172350918613 0.0782227326585576
-0.0118633443999504 0.000924403160591871 -0.0664758366038453 0.0532241876552874
-0.0162988997135764 -0.0065034949836591 -0.19217122975804 -0.110589212077427
-0.00859884331109551 -0.0177517077425677 0.00259649006447967 -0.309883497628733
0.0184591723366726 -0.0191125902732688 0.385755722777756 -0.162939801528943
0.000732078447355347 0.0155056770289919 0.354585491152006 0.321293996674492
-0.010635649629401 -0.014260585534912 -0.0644645784588414 0.361663189124769
0.00229859540402191 -0.0248766003407478 0.0190108500488704 0.0555220676547558
0.00465949284866667 -0.00355534182963279 0.143635228267901 -0.326633955146545
-0.00178855159544689 0.00732588738187903 -0.267722492866006 -0.450277871301047
0.00275046034291068 -0.0093444608255271 -0.476009618867213 0.0585750960275015
-0.0226385166436106 -0.0147966313664134 -0.0492954437883739 0.360303324612067
-0.0238038557991292 0.00442857109771308 0.20136013922388 0.147651694903709
-0.00870688905245224 0.00107130534551732 0.105413180615942 -0.0400202504621819
-0.00401725986777021 -0.00161232971397352 -0.0596279113410463 -0.0927891988985268
-0.000877989751077913 0.0101503872591327 0.0472152452874398 0.0752877822904355
-0.0120875943916396 -9.87916213052195E-05 -0.0710415141244697 0.0459559393920369
-0.0180208885867086 -0.0102711782486508 -0.187074703570711 -0.123341038646657
-0.00935113198071195 -0.0195514958354059 0.0274490324903893 -0.306344583282848
0.0208292611756403 -0.0158077415016612 0.40114489695138 -0.126704663086788
0.00119878838936004 0.0180103356441622 0.32989147560576 0.354284171813992
-0.00920623946224261 -0.0133331007370353 -0.0847339783330102 0.358651376004661
0.00299138925025405 -0.0240114700068801 0.0230650812890084 0.0473473867088691
0.00548869412296787 -0.00103630766682299 0.12530110485122 -0.334764005377548
0.000800086780259026 0.0104441757900882 -0.300157235465308 -0.42078335283126
0.00178661972636047 -0.00818882632296163 -0.462738173045526 0.102886409378627
-0.0261304643219606 -0.013584173123435 -0.0184754021034053 0.364050034798095
-0.0242831264569165 0.00335274290872233 0.209052714385782 0.135154077373526
-0.00764990859030343 0.00129520500505903 0.101346532381249 -0.048540650802661
-0.00528912544637603 0.00117996642001322 -0.0597058808227516 -0.0948864812415907
-0.00116020901173374 0.0117907418926578 0.0475140409836772 0.0731999940771338
-0.0108870064280107 -0.00113798480683704 -0.0730351492452037 0.0385883930236481
-0.0175635854031429 -0.0130311119783415 -0.180650603153302 -0.134970706308934
-0.00916186883603903 -0.0205734272091615 0.050411954017373 -0.300858207126056
0.0228298315617524 -0.0123713286522091 0.413150715853113 -0.0889237770341046
0.00176569751053877 0.0205519850361884 0.304146416278785 0.385854782002879
-0.00837440911287128 -0.0114068088071126 -0.10282370128549 0.354779110462907
0.0021459005028318 -0.020108111188696 0.0274211516382434 0.0408470158702543
0.00635689630356864 0.00282975289137824 0.108200787329266 -0.340935453093969
0.00401318469687488 0.0120859964448096 -0.327922404164016 -0.38963329083492
0.00126497511599564 -0.00696001482425881 -0.445635045964586 0.141248954938364
-0.0288976087849412 -0.0115316350946022 0.00904395304279782 0.365186541838647
-0.0235085760379301 0.00332354216136981 0.214438307102549 0.120971991924239
-0.00533588726520027 0.0015253190977762 0.0969355031443475 -0.0568931015281623
-0.00537301329909879 0.00390817320511875 -0.0595855355362884 -0.0969986936669582
0.000129459198235066 0.0133013065485107 0.0476590490547244 0.0717057584738168
-0.00891526909317731 -0.00167257606477794 -0.074545926276649 0.0319304895341796
-0.014771963102444 -0.0146920048228088 -0.175480539098005 -0.144359929762362
-0.00777335593799387 -0.0208005777196151 0.0686845377085311 -0.293671990890505
0.0243502238494435 -0.0101585281006878 0.420719717719617 -0.0551871249870591
0.00311408295670249 0.0222123925461036 0.279407000831203 0.411978288983017
-0.00792291061999598 -0.00633322662419546 -0.119213401278323 0.351591850693669
2.93071901902137E-05 -0.0144737272934788 0.0311480112354134 0.0347050232258852
0.00740912467519745 0.00760380438354838 0.0944796403297728 -0.343819139562485
0.00727536020285677 0.012906309786399 -0.347518295050897 -0.362098260971815
0.000160109252617998 -0.00671288837475682 -0.431870494781496 0.173529745963056
-0.0300011533018053 -0.00889065654343204 0.0308341209731686 0.365759675790973
-0.0210559246585828 0.0035156118424392 0.218560719893798 0.109092893212691
-0.00169268454262422 0.00190055756820383 0.0937240039139297 -0.0636269638325436
-0.00458542454807096 0.00612957124268676 -0.0583599768047222 -0.0986785894660913
0.00255710339509562 0.013829240111103 0.0483043864812524 0.0711014165968704
-0.00616456071319285 -0.00146256428614902 -0.0742229888125551 0.0272745361854961
-0.0113044924190157 -0.0139220027832084 -0.172995886678647 -0.151489364812922
-0.00626785868164266 -0.0194088825348433 0.0787294636074917 -0.288239452286469
0.0245926766430581 -0.00981830275338988 0.426323437050287 -0.0329018911043678
0.00410263854399708 0.0235549309254068 0.265546100829431 0.429019151714705
-0.008810779494824 -0.00140520349480718 -0.12655737756045 0.350220001238041
-0.00289738402442559 -0.00823544435247916 0.0337399136211861 0.0320045252263565
0.0086851938792693 0.012725596409202 0.0856392150777991 -0.345779420638113
0.00969512390518517 0.0126273969209197 -0.358828919281781 -0.344890911732384
-0.000872568647654623 -0.00692856920402722 -0.419822619908256 0.193619764386335
-0.0301049081164865 -0.00716425683072993 0.0433529217165347 0.36509627656328
-0.0174562803708879 0.00382196398846037 0.219553120518252 0.10178321647943
0.00160181374744393 0.00256097035767048 0.0928686253197254 -0.0683226947619729
-0.00254194755943213 0.00677437973248344 -0.0585258247966443 -0.0992508573471827
0.00535307959554848 0.013548829436136 0.0490123695503133 0.0715821671471547
-0.00262847682507705 -0.000934835252121783 -0.0719268588837625 0.0256714567559603
-0.00699721851866189 -0.011939392697724 -0.172904094617862 -0.153919717538719
-0.00501933407764883 -0.0180671286800274 0.0782604386423637 -0.286083059236235
0.0239384714762556 -0.0107425424019414 0.42502755652887 -0.0266519415459914
0.00611480968083742 0.0237890254118389 0.262004428250164 0.433463902989881
-0.00946774043682081 0.004668534539562 -0.128365085561889 0.351615208666919
-0.00701685858163946 -0.00151208238494765 0.0344567359979859 0.0321837948425226
0.00900258942028077 0.0174969401987198 0.0853365110073872 -0.344049900525467
0.0120666695931913 0.0120671567958759 -0.357928695566811 -0.339218497951895
-0.00167533404178347 -0.00781643124906573 -0.41913162726998 0.20011878383144
-0.028103995291425 -0.00570382793946931 0.0430443227888178 0.365001773097722
-0.0121657941994675 0.00446805860152364 0.218799565958701 0.0988810432444476
0.00477975998399113 0.00204655431984969 0.0941169880222069 -0.0702268534745326
-0.00018922366995825 0.0063531434192794 -0.0578314103244843 -0.0989459045182683
0.00827491643619098 0.0119451230959781 0.0496771885082461 0.0732864911440385
0.00069603005693608 -0.000333887802541724 -0.0689983370456095 0.027609220185803
-0.00245892299311004 -0.00851706887704152 -0.175953826341775 -0.151602166772063
-0.00320949550008638 -0.0158141067338253 0.0689898828107699 -0.286988845624232
0.0227086590069254 -0.0134572383277738 0.42188977161395 -0.0365828994086032
0.00827833841880562 0.0226685164888476 0.272990979270192 0.426561097775661
-0.0102900430751926 0.00988506906191388 -0.121444571401335 0.356078475576528
-0.0112150686930823 0.00404397891267146 0.0332909360035705 0.0357533556360269
0.00872764904515347 0.0208101299941764 0.0927588714201848 -0.341752604741858
0.0130805574380216 0.0102301357394297 -0.348405207620579 -0.348624007270022
-0.00209628597096094 -0.00966009772802953 -0.426866643403337 0.192532050610723
-0.0254393743481692 -0.00496223960731387 0.0321751596457706 0.367315082031973
-0.00766552174201717 0.00638571047040453 0.215693891113468 0.102226731025927
0.00830926427730379 0.00213175924234199 0.0963336345145837 -0.0688507383608503
0.00218612548555123 0.00527934668314771 -0.0572639928894245 -0.0983227959334867
0.0025032217008954 0.00466768911246468 0.0431446456133497 0.0829772423901532
-0.00917074378004577 0.000359918740259594 -0.0638852538960741 0.055954917000117
-0.0134325544795041 -0.00141166349514149 -0.18882556647724 -0.105318572310334
-0.00856231537365607 -0.0154997154894372 -0.009103745040214 -0.306744352174184
0.0122740429005305 -0.0242277570537489 0.367025392019724 -0.177080547058029
0.00259970255287572 0.00980675398066176 0.352600418259718 0.298523730755328
-0.011887788958274 -0.00986597736061403 -0.0590616039702396 0.357493315598198
0.000629835394483844 -0.0230599976571961 0.0116754770747632 0.0632599329224149
0.00516769138469768 -0.00574593755285833 0.170032367012174 -0.30724333711702
-0.00516132616825479 0.0031352663910609 -0.215870949928034 -0.477510265354325
0.000406667419375462 -0.0102393242989021 -0.478497188479924 -0.000905029893076442
-0.0178378655876474 -0.00894090949984877 -0.0931075213022333 0.34477365003113
-0.0188082446760209 0.00822226106577367 0.180971054212992 0.165811563900346
-0.00655753860588616 0.000819945250176425 0.109527604399715 -0.0269916214896602
-0.00339128195583401 -0.00468603229673984 -0.0519801235106604 -0.0919797221508189
0.000540580394480239 0.0068360335138204 0.0429393116781186 0.0805389561783283
-0.0110291962736402 0.000187016567674155 -0.0690153346069016 0.0492773903219448
-0.0164643881287155 -0.00516457790990456 -0.183092370742245 -0.116904548456363
-0.00995772560595252 -0.0171935195862914 0.0155059336126805 -0.305237202166851
0.0148869455631088 -0.0208368079589988 0.383916792357164 -0.144598618228022
0.00176434118204843 0.012088884726408 0.331648476244121 0.329269037404933
-0.010610426062543 -0.0121293311744177 -0.0783472976018253 0.353643071059
0.00344427207674024 -0.0249969908738088 0.0167693441129878 0.0544904973443046
0.00586927682917008 -0.00644991177945348 0.153029726534335 -0.317983800029922
-0.00472039570595304 0.00574934019534452 -0.251130332786684 -0.453590195938032
0.000167356052774643 -0.0077313448268143 -0.470208017864027 0.0400432261605395
-0.0206943247333327 -0.00922562610327369 -0.0640180931969889 0.350914827850034
-0.0209494105627241 0.0059888192771871 0.189699169024517 0.153986558265337
-0.00719163089921908 0.000203600869209258 0.10556500972455 -0.0344606355927228
-0.00519236507483523 -0.00202737657867521 -0.0525940536738842 -0.0940204910063565
-0.000970298292693179 0.00915595160465352 0.042837989190847 0.0779067273180662
-0.010920783827067 -0.000679056513441778 -0.0723485442795344 0.0416477914427229
-0.0177619714978425 -0.00875391860027238 -0.176674029008197 -0.129853836154324
-0.0107866502929404 -0.0192931532403062 0.0401914182301424 -0.30041071262971
0.0172032865820302 -0.0177050089579082 0.398064603529848 -0.107879575908292
0.00214494570554342 0.0148904496138986 0.305995831140856 0.360141106397932
-0.0092840318561278 -0.0112035004048834 -0.0983991546960559 0.349745769676888
0.00461347216522257 -0.0239548409224698 0.0216049034788257 0.0466634396405167
0.00674008005935501 -0.0041509563202472 0.135715896204564 -0.326458458892675
-0.00232068162818699 0.00845392337703968 -0.284442359343041 -0.424983677670075
-0.000285575323542426 -0.0058103106781479 -0.457994285911645 0.0835044828312145
-0.023687577882173 -0.00795964165797305 -0.0342316472708369 0.356138938906456
-0.0218406297210367 0.00481101484273972 0.197806220012962 0.141370936249055
-0.00583861598909116 0.000315706016761668 0.101437045605039 -0.042875026966075
-0.00656528665989055 0.000580256456749162 -0.0525687084559874 -0.0964532695142226
-0.000851099854095125 0.0111010566515908 0.0432647641897662 0.0752669934923287
-0.0101809737956656 -0.00143116108784564 -0.07441085008265 0.0341584243799868
-0.0176401701333519 -0.0117722227164934 -0.170850226619583 -0.140549446893509
-0.010370686373568 -0.0206494939647529 0.0629895243737892 -0.293551733536431
0.0191741889112772 -0.014810518508863 0.409108047849292 -0.0712271607061551
0.00282029199493218 0.0176108325211306 0.279231701702047 0.389872007271119
-0.00846304458922694 -0.00865746665885199 -0.115269056245415 0.345478544277103
0.00332641248900895 -0.0201669805247419 0.0260902558778856 0.0408669184215672
0.00732327449886414 1.58194629373155E-05 0.1188683612325 -0.333145979652516
0.000517518422579612 0.0110480064705811 -0.312412032771024 -0.395278599504269
-0.00107587348323969 -0.00477353198249178 -0.444913916902211 0.122791260705145
-0.0259221298082542 -0.00657825395526676 -0.00698892905510142 0.358817534842576
-0.0206482412953623 0.00441570636625052 0.204335884356021 0.128318287225002
-0.00355525568061836 0.000922399688522074 0.0982365530925951 -0.0508948774539273
-0.00654476962216534 0.0031602745009407 -0.0524917091398006 -0.0986505096531732
0.000355871960826364 0.0124407177083959 0.0435593086906325 0.074122964628795
-0.0080131084935203 -0.00154065967710545 -0.0756652348461272 0.0271492462712658
-0.0153269728320428 -0.0130275701026718 -0.1652189423667 -0.150413705535924
-0.00930671791019971 -0.020493746656861 0.0802661037346992 -0.28563952303904
0.020798802436382 -0.012881201522233 0.414792896455922 -0.0379605240682729
0.00394713848849599 0.0199314133382853 0.25523263923824 0.415437611098088
-0.00869533262766965 -0.00473923425818166 -0.131300223405601 0.341057143305088
0.000962505075171911 -0.0149862752303604 0.029889341240831 0.0351336262270298
0.00816345739933644 0.0050562494035795 0.104700934497162 -0.337684838504682
0.00355647542282624 0.0123372764126838 -0.33141967992909 -0.367674303273061
-0.00159736404144876 -0.00428343662066955 -0.429644555263329 0.155609625247284
-0.0269545201092511 -0.00432641099592722 0.0138962886386237 0.360244228163573
-0.0176038231172178 0.00429879877390648 0.208138720313541 0.116944132201688
-0.000277868362879992 0.000627404721550495 0.0952757755553251 -0.057539074006185
-0.00587375773145117 0.0049820257871319 -0.0519801597834641 -0.100299480770796
0.00231506868090581 0.0129261664796484 0.0441009825212213 0.0734290836179748
-0.00501780901092372 -0.00133916693797659 -0.074277651136083 0.0228238015007595
-0.011686635365072 -0.0122033045053956 -0.162336056870917 -0.157064311786522
-0.00817283181327542 -0.0197394821657498 0.0902935936766136 -0.280740649126371
0.0212574816240664 -0.0123594486597111 0.417965334188684 -0.0151220692251485
0.00584033903804217 0.0211279520411341 0.24055580331716 0.428355619240416
-0.0101007486500488 0.000754863763188078 -0.13995561244963 0.340211139248015
-0.00260636631374842 -0.00840622005006904 0.0322929656853295 0.0323057411947102
0.00897172012168493 0.00964920027720234 0.0975621659063125 -0.337571701579857
0.00628651951294689 0.0121965389461154 -0.342864437463771 -0.350745735216639
-0.00281777338509203 -0.00448402997510988 -0.421532201016109 0.17527833132025
-0.0266917294980983 -0.00262399447142117 0.025381146931281 0.36012923419875
-0.0139705627651908 0.00497155258439432 0.209764616296672 0.109352430278539
0.00320499651135017 0.00141847147363187 0.0945791754502213 -0.0621409947689878
-0.00424183473767579 0.00591258071624299 -0.0510691807710253 -0.100564934331275
0.00494925660459606 0.0124932025474185 0.0447241618525484 0.0741484838946493
-0.00180774063529541 -0.000692652192113223 -0.0726732309532559 0.021213009608644
-0.00757624486350472 -0.00979423881188854 -0.16151536662551 -0.159905473635021
-0.00649849680900518 -0.01801865443166 0.0897554917641328 -0.277546807320578
0.0210761642781087 -0.0141510268707538 0.417473983416091 -0.00980126925624835
0.00752262675380949 0.0215562536446185 0.237442237041795 0.434668017415564
-0.0112033237989326 0.00685309684857349 -0.140741715759509 0.340915513614
-0.00691553213358486 -0.0024026206649647 0.0325960403450998 0.0328678086221252
0.00919773531124778 0.014515584790925 0.096114253713714 -0.33730431271322
0.00826807345348469 0.011135732120925 -0.342219404715594 -0.34522675230542
-0.00343305990355949 -0.00550743080377603 -0.419351646274548 0.180332438909826
-0.02525494904475 -0.000945586590184613 0.0262227903719584 0.360373325522132
-0.00931656067018289 0.00628315294499676 0.209183768723745 0.107284063371023
0.00692154122769742 0.00128159668374222 0.0953490938304087 -0.0637019219744235
-0.00159800281090244 0.00611813892597018 -0.0503479045386089 -0.100761758371055
0.00827175125989416 0.0112320855772752 0.0458693787241333 0.0751975371263792
0.00108905653233133 7.94951679522457E-05 -0.0692798037542852 0.0226269776611545
-0.00323929345771193 -0.00592278593993633 -0.165342222877445 -0.157770578306969
-0.00449330107562757 -0.0158075403039612 0.0811758157940941 -0.279420836477195
0.019889945161859 -0.0163889669054352 0.415747216002326 -0.0188082621184923
0.00954994210002797 0.0204053852092302 0.249454753748325 0.428756427977146
-0.0117990741105313 0.0114481377315991 -0.133587533218403 0.345720610360274
-0.0115613389337742 0.00320143226563651 0.0313532706360083 0.0358783026600968
0.00934686392347298 0.0181074209720442 0.103453135420695 -0.334229678640829
0.00952028775540364 0.00910110389055791 -0.332898031509827 -0.35450216301266
-0.00359464272304536 -0.0071650290381359 -0.426369372497438 0.171537967228297
-0.0224180284593152 0.000137704743382405 0.0152886076716655 0.36128888539903
-0.00476571702149828 0.00784135878721218 0.206464712205395 0.110580867282722
0.00967565227115117 0.00205099169803127 0.0981764265596909 -0.0623025824971954
0.00138939786193547 0.00493383511647802 -0.0503468722433182 -0.0996712086465505
0.00282056817836457 0.00461505049771256 0.0421614588270056 0.0822151314947194
-0.00918154253583866 0.000740194109674525 -0.0635874410732753 0.0549545968957454
-0.0134899327860557 -0.00155027281545741 -0.187597432631445 -0.104553913996477
-0.00810851893742611 -0.0153749118071722 -0.00921090070226233 -0.303519231098907
0.0120205572305675 -0.0237847561323623 0.363194148390998 -0.175027933813067
0.00250259589561892 0.00967027270686371 0.349602521914413 0.296449206027779
-0.0117396495611372 -0.00999470528748923 -0.0583938291406992 0.354116142105607
0.000317563159176544 -0.0230001990315498 0.0119498149742405 0.0624578258119141
0.00521678694928368 -0.00622152402124847 0.168818516471605 -0.304590011345711
-0.00521293853498725 0.00289555681803119 -0.214333779051846 -0.474368280911055
0.000669827727126639 -0.00998771897126582 -0.474638892779445 -0.000807786129851831
-0.0178793392998712 -0.00927460991225514 -0.0919957173431747 0.342019152507361
-0.0190496162498063 0.00813039335114573 0.179451252231132 0.164210558053274
-0.00658732691141893 0.000877473084712789 0.108986635695392 -0.0268680399754799
-0.00347680889691059 -0.00458689701435948 -0.0514931778796166 -0.0906512256354344
0.000523256554635467 0.00656044979032549 0.0422597271864969 0.0797846112205762
-0.0107759893144092 0.000186257764399875 -0.0677933931237919 0.047714528465384
-0.0166227371769574 -0.00503915526526771 -0.182284339552164 -0.116326255677949
-0.00956089180857576 -0.0175715509002842 0.0157095485927757 -0.302127328912473
0.0143629787141389 -0.0205271395754612 0.381054161796663 -0.14248162083516
0.00171661029133756 0.0121035553025345 0.327876617570474 0.326390870092915
-0.0100787602252486 -0.0121938414729175 -0.077223860426301 0.350365097778916
0.00338064340852333 -0.024775007634572 0.0169787508005749 0.0537064508673803
0.00631480221972738 -0.00689175872127135 0.152364626230133 -0.315694850930684
-0.00486928462402019 0.0054241930524122 -0.249811319794988 -0.451165062409006
5.13991677226228E-05 -0.00770597313362521 -0.466502746408664 0.0398795065243907
-0.0205991046846763 -0.00923200736279336 -0.0629245143469163 0.348284844781419
-0.0209413978522939 0.00604421342164152 0.188808991027529 0.152236365064327
-0.00685457892355141 0.000313930463696047 0.105011049642307 -0.0340118666606852
-0.00512454941344607 -0.00215226186886905 -0.0522645432707554 -0.0933568337571966
-0.000518557359310535 0.0089190150217962 0.0420935407159879 0.0770720195789108
-0.0112965415283656 -0.000601871123245077 -0.072244392004271 0.0408297982729147
-0.0179754771461387 -0.00896388668049098 -0.176055401919082 -0.12776656480725
-0.010287917810972 -0.0196388038564634 0.0397866579690503 -0.297808391690831
0.0169941494525307 -0.0175239157557239 0.394992342854887 -0.106981294670197
0.0021642426546548 0.0149911274257647 0.304347515579964 0.356807250542845
-0.00925055600615611 -0.0114323810447935 -0.0974347038012475 0.346257641155328
0.00428028580568752 -0.0236804984675328 0.0211919866779764 0.0467336753068247
0.00643573435567109 -0.00431275380779661 0.134741741819808 -0.323935316262312
-0.00219971209036151 0.0085018049397516 -0.280936903156439 -0.421430032609133
-0.000454338214248362 -0.00583910680545396 -0.45469136368923 0.0831897480051678
-0.0238191637097887 -0.00811021884767569 -0.0339024878303448 0.352583578149032
-0.021200590696438 0.00443101722422203 0.196593729361362 0.140169614093989
-0.00567445488047631 0.000456551102208323 0.100843260940068 -0.0424833121241128
-0.00638362427341374 0.000823527161499972 -0.0522608972396571 -0.0958150584247946
-0.000715193959244312 0.0108302470986514 0.0429690140044424 0.0746213651629195
-0.00988039324075605 -0.00169278426336404 -0.0745186421153523 0.0331913328726045
-0.0176022713308108 -0.0116882490633456 -0.170150244030448 -0.139179023796927
-0.0100529671605996 -0.020349408256702 0.0624833624043298 -0.290709050243385
0.0188345603601228 -0.0146033566460425 0.405622945831272 -0.0694317311168098
0.00298319567070279 0.0172942378906724 0.278000226698367 0.387641400336616
-0.00844184003122674 -0.00895911935954616 -0.115087582621075 0.34140765406938
0.00355145785939993 -0.0202456603988476 0.0260118281955094 0.0396925031477949
0.00745011578649955 -0.000739047617865338 0.117913815764958 -0.330378973721711
0.000662334875873555 0.0106800819240931 -0.309514774231921 -0.393001965497201
-0.000875706229825634 -0.00446326954336133 -0.440982236851109 0.121967283086605
-0.0256348418527205 -0.006411712637716 -0.00675636756011532 0.355616571041917
-0.020438058106335 0.00381469739884216 0.202462753166161 0.12685310637482
-0.00334516892483255 0.000735550042538298 0.0971044482966616 -0.0502554260407911
-0.00699898084251775 0.00341163696465338 -0.0519643487227908 -0.0972510489128943
0.000413170195996494 0.0119912241395795 0.0429497587284449 0.073594238089382
-0.0080199933479915 -0.00147347418830119 -0.0751435088896541 0.0268016523365327
-0.0152515659417013 -0.0129720003914485 -0.165085245962003 -0.149068886243595
-0.00889204945760588 -0.0209028020780322 0.0803064897252467 -0.282747029482819
0.020171830783108 -0.0130088796483441 0.411773569858507 -0.0364549181042078
0.00375215218211605 0.0193903287448393 0.25237872796784 0.411798782637591
-0.00842867499481676 -0.00481178820416274 -0.13045291739535 0.338648560036753
0.000923968087843377 -0.0148969651749118 0.0296135436253069 0.0345014869031444
0.00801527083365743 0.00426217183494122 0.105071711348928 -0.333839462351914
0.00381311269800724 0.0121251548778222 -0.329720534185793 -0.365281522741454
-0.00166830644948929 -0.00406575644360991 -0.426648069052387 0.154827089858825
-0.0270160504266338 -0.00396107909504571 0.0144840365762666 0.356769369811249
-0.0178185121213654 0.00398886461068053 0.206953708402449 0.115683925309927
-0.00030217828665045 0.00105751118826107 0.0946700631132657 -0.0570685562231324
-0.00619908282928631 0.0050672168760109 -0.0510861946361534 -0.0986090260803359
0.00258476630836214 0.0125342184505595 0.0437639100622871 0.0725545832352639
-0.00526900155190308 -0.00165457821194529 -0.0739103157358796 0.0221822138761572
-0.0113437711436241 -0.0124696430164881 -0.161581854959352 -0.155365042867945
-0.00778727641760071 -0.0197823737710421 0.0897386449169034 -0.27743318530416
0.0209868513161706 -0.0124359205327857 0.415230175110328 -0.0139196867271489
0.00586903584468203 0.0209555273122935 0.238811252962735 0.425916999890631
-0.00970188902738971 0.000556519652305537 -0.138747171124185 0.336532885114711
-0.0027548802935512 -0.00894872773377285 0.0319562793639284 0.031863166759057
0.00957279352867153 0.00924990497751845 0.0962767995695711 -0.335563949334066
0.00684466875139801 0.0118515693172777 -0.339884865158515 -0.347927566954666
-0.00246959048650775 -0.00434205193220713 -0.418909940302964 0.174250980288426
-0.0263012716701557 -0.00244306751560159 0.0268875367194656 0.357358858426211
-0.013400567190836 0.00494152085177816 0.208204998957898 0.108351976967154
0.00345135907422116 0.00151748543736912 0.0939250537580885 -0.0612493352560568
-0.00388131370706394 0.00578186693951385 -0.0509162818838578 -0.100350100851002
0.00542945953355198 0.0123038376260579 0.0442132023474158 0.0732965605053328
-0.00205200811556407 -0.000556848231772313 -0.0721317609153567 0.0211000966811712
-0.0075102935518417 -0.00967441955499067 -0.161273810794441 -0.1581255826643
-0.00632126886355552 -0.0182764535849267 0.0889055658054914 -0.275220636162535
0.0207687258906514 -0.0139538871288842 0.41393167144563 -0.00850828830470043
0.00739752395106843 0.0209844657476406 0.235668002808876 0.431489489392526
-0.0110040265475824 0.00637787286849983 -0.13936862100396 0.337713683584793
-0.00704633987862418 -0.00252759337097551 0.0328975258403611 0.0322140882096856
0.00954359199785363 0.0140875832863755 0.0964441122873377 -0.334322987315217
0.00841721891880835 0.0109764455299958 -0.340293461217868 -0.343030630212801
-0.00323278878061592 -0.00512172645303125 -0.415695922609983 0.179130005160232
-0.0245805828780329 -0.00103115958730366 0.0267142738358467 0.357531794957896
-0.00898163667597402 0.00609161687608832 0.207829487427273 0.106189433552969
0.00667876616723677 0.00163451718261763 0.0947530154751949 -0.0631337240179622
-0.00125427237897823 0.00579042595755031 -0.0504604143336386 -0.0996734601599756
0.00873317271813719 0.0109092470385873 0.0451620308218318 0.0742740666710394
0.00110120637598577 0.000125053361814542 -0.0696123022641578 0.0220390787595324
-0.00303323227827815 -0.00615450377548828 -0.16457034486453 -0.1561790414477
-0.0047522966418529 -0.0159494508415819 0.0808267201667467 -0.276961185453014
0.0195944254199885 -0.016177761141001 0.412049484122951 -0.0193166364531011
0.0092972597633579 0.0204979562706588 0.245754358467748 0.424398991101657
-0.0117471818230793 0.0116421487272974 -0.132347554862265 0.341943196209265
-0.0115868820809246 0.00311330701448197 0.0314573873786619 0.0352337293855511
0.00894368451675305 0.0176739333242163 0.10297255493861 -0.331970802196788
0.00979403916722833 0.00930093384695004 -0.330925669577134 -0.351224811530353
-0.0035637298019987 -0.00681105174964585 -0.422901783215677 0.172460832748132
-0.0225753065023386 0.000237836239450043 0.0165001965433894 0.358724133797585
-0.0047001757136638 0.00782730518513806 0.204602855512177 0.10889023950895
0.00966560230615014 0.00188223360150786 0.0974460411667204 -0.0616088748848493
0.00110759694457656 0.00503204228560409 -0.0495549885405291 -0.0989751635262087
0.00263021729839543 0.00460845010176375 0.0417730971672424 0.0816317477165927
-0.0092887211096831 0.00061928459285317 -0.0628616084573394 0.0537070969062224
-0.0130686702257725 -0.00148249709381403 -0.186682625853474 -0.104270688320494
-0.00780875648094696 -0.0156537378675574 -0.00907519455171603 -0.300841098356656
0.0116770777916441 -0.0239094413452265 0.361837708021852 -0.172461197253584
0.00270067769472328 0.00945656798578275 0.346511890419678 0.293867238599305
-0.0115331285096519 -0.010122672391542 -0.0588912438484197 0.351029230201524
0.000199119833242119 -0.022892233781268 0.0120184635275572 0.0613751816099578
0.0056338156650231 -0.00621935415227847 0.168619231408192 -0.301901816945499
-0.00466173787557029 0.0031059647944559 -0.210735675710678 -0.470348903294923
0.00040500987689078 -0.00977129434332221 -0.470678645699383 -0.000790056254047995
-0.0176126085532329 -0.00948981816121941 -0.0915708900585409 0.339502088718588
-0.0186874540509106 0.00816825685993926 0.17800046049169 0.162571111008609
-0.00618562436328609 0.000698917727128892 0.107924437256344 -0.0266890406790238
-0.00346164139010715 -0.00409248880867012 -0.0508433163551167 -0.090375022429855
0.000577227623935983 0.00637819401969199 0.0419680722486071 0.079182954154846
-0.010655585811196 -5.2907594941482E-05 -0.0678527931254653 0.0472898546805311
-0.0163501665083524 -0.0050052063493679 -0.181680393620196 -0.115136928573419
-0.00964947533100496 -0.0179434306724158 0.0159250123847475 -0.299083014941583
0.0141315864901386 -0.0208234594161178 0.377705526037686 -0.141013438156676
0.0018727763357215 0.0115416435109554 0.324668024794651 0.323236239144742
-0.0103455860682238 -0.0122618332021741 -0.0775438451757123 0.346341087218019
0.00367365179808873 -0.0248942547786938 0.016152441824398 0.0535009192689245
0.00635968801252359 -0.0070946210988426 0.152063195311366 -0.313030992711802
-0.00402768014792131 0.00566331168230399 -0.245941883191544 -0.447245532946101
-0.000108172621546843 -0.00754210466277494 -0.463108711743896 0.0386974477561363
-0.0207320857442736 -0.00885487013730161 -0.0625775525414456 0.3458284050801
-0.0206369965723012 0.00603412852638102 0.186804504197654 0.151422541341826
-0.00678949076879921 0.000314870457420922 0.103856069355816 -0.0334627198984338
-0.00519201684177145 -0.00216492249404569 -0.0518471479185995 -0.0930368210887809
-0.000365458982461284 0.0087883613898674 0.0419675385134754 0.0768346378796751
-0.011166135238511 -0.000514022772042372 -0.0716867238634105 0.0396537836721265
-0.0179662978972753 -0.00867972423476736 -0.175519426802444 -0.127329226587677
-0.0100592817877021 -0.0195978147384117 0.0397808524703861 -0.295282031713131
0.0165750999468105 -0.0174611724156396 0.393345950519734 -0.105450607097053
0.00204533996606172 0.0148013858364937 0.300645229225839 0.355098424682295
-0.00916445873442868 -0.0116975192340875 -0.0972023946317208 0.343609999875752
0.00445513988986801 -0.0236743766031412 0.0210659468667124 0.0460382023085775
0.00715798720127104 -0.0046482066880363 0.134078193757826 -0.321598519127966
-0.00232717860890661 0.0087426299131753 -0.278706345514792 -0.420118010526477
-0.000551380863255674 -0.00577384114826322 -0.452647886008212 0.0823859698261024
-0.0235486750881571 -0.0080035776373361 -0.0327309123852848 0.349925269458174
-0.0212580543683496 0.00427490734893952 0.19470243018267 0.139237950796917
-0.00567473167264453 0.00013433075438167 0.10013962251837 -0.0418236757897978
-0.00655762904165245 0.000826337036076414 -0.0516136240920293 -0.0950189612143261
-0.000355500253803033 0.0107007443654966 0.0421872806509127 0.074415857080775
-0.0105661827620326 -0.0016825991741987 -0.0739323345112892 0.03242467019981
-0.0171693136335951 -0.0117652333751476 -0.168934282361072 -0.138627028840288
-0.00978251824996762 -0.0205863740160256 0.0622744440592201 -0.288112870865605
0.0186440056584297 -0.0147345053630163 0.402226197360566 -0.0685838676444558
0.00277999985079482 0.0171872584801046 0.273161993581035 0.384212891575042
-0.00863922907021086 -0.00883424836214178 -0.115114776658003 0.339331880295861
0.00311181262344478 -0.0200551139354675 0.0256215841946178 0.0397458776411157
0.00745244334785609 -0.00052294805519127 0.118262471260114 -0.327238659659508
0.000703550008196933 0.0113896942501671 -0.306858495484021 -0.389618650915433
-0.00109233075822806 -0.00449180393862401 -0.43954297270344 0.121087082969001
-0.0255189232481762 -0.00645676711517025 -0.00668587982107125 0.352741717383471
-0.0200827903300833 0.00382080202478631 0.201394820233284 0.126620685686381
-0.00363146465816851 0.000453929274344678 0.0964885277126674 -0.0492173101332153
-0.00647766629207984 0.00329278223431198 -0.0516124173195654 -0.0971541065207043
0.000674735870354748 0.0120882028485327 0.0421703933249945 0.072719887167941
-0.00815221595000548 -0.00168904887526941 -0.0746551559133442 0.0254363596302015
-0.0150947157729182 -0.0128159504680013 -0.163945436234408 -0.147711204621755
-0.00884259945437737 -0.0206386026626945 0.0789880477796636 -0.280669232760569
0.020267400533662 -0.0128582328290422 0.408971929894761 -0.0357350940447658
0.0041782209970244 0.0193970667277002 0.250893379698921 0.407543106942845
-0.00873807951785057 -0.00485317450004795 -0.130196493321229 0.335247028624076
0.00107213992868082 -0.015150348316659 0.0293528504752148 0.034133497490192
0.00840653569823235 0.00381878857316753 0.104620174319451 -0.331132437921134
0.00418266204641512 0.0123583656955058 -0.326335758913201 -0.362686072010648
-0.00169396921014014 -0.00379120697216886 -0.424158701877844 0.152940634293702
-0.0265465527953827 -0.00385958505121894 0.0141044214911913 0.354072473980353
-0.0175491200609439 0.00397575985720913 0.204870604428222 0.114958635736091
-0.000355618413954777 0.000957431361153204 0.0940346379731323 -0.0557283663910805
-0.00586372039608047 0.00541292526559854 -0.0504027120732718 -0.0989405398337531
0.00256737811981158 0.0123912614646267 0.0433787554063351 0.0722863534370858
-0.00550799083867847 -0.00152635248467055 -0.0738524200520924 0.0212580125049936
-0.0116833331885568 -0.0126358294017663 -0.160625047524775 -0.15397725999689
-0.0073463175132159 -0.0198931895481378 0.0894987331701702 -0.27485742133529
0.0205487164231614 -0.0126492913411347 0.412082675583505 -0.0139551230175437
0.00566916850113865 0.0206038451641935 0.235480333578111 0.422929606305067
-0.0095125650885083 0.000485729997096877 -0.137881071109362 0.334292851208452
-0.00278345210530866 -0.00911807454762669 0.0314652921245436 0.0311010983708612
0.008972307344758 0.00894695491844256 0.0972344033810991 -0.332286819191704
0.00696532119577229 0.0120735798832566 -0.337216858504928 -0.346498392621576
-0.00263333809526665 -0.00425114236037898 -0.415146093826383 0.172568148139174
-0.0261873110897431 -0.0026053797072096 0.0260045849690074 0.354993983337537
-0.0133922465283424 0.00477631044817831 0.207347770719585 0.107638337929615
0.00327537904237602 0.00113746837669554 0.0932386387370738 -0.060686454720607
-0.00394288216653014 0.00574635503455436 -0.0505439770272683 -0.0994471034888005
0.00596563764145937 0.0119358402506303 0.0441685109200087 0.0726327452634824
-0.00236642269333866 -0.000673182715342937 -0.0718908633105462 0.0203271836520048
-0.00775307172384565 -0.00980284675042876 -0.160612104940497 -0.156844815511971
-0.00605085637467597 -0.0180766762937966 0.0891777210689554 -0.27260662519452
0.0205443395739738 -0.0136589767259118 0.411360705599728 -0.00726308218987267
0.00739090460664282 0.0211344388272369 0.23309219544327 0.428758325544019
-0.0110712936903806 0.00654559712228296 -0.138913772881407 0.335087739623614
-0.00702562860232745 -0.00244881485857951 0.0317580097553155 0.031927955430042
0.00979826309696038 0.0133961759751758 0.0968771190388834 -0.331660166498434
0.008681437332754 0.0113755607358382 -0.336560549834776 -0.341071818521892
-0.00305229079296508 -0.0051629771517857 -0.414034542525782 0.17732369610959
-0.024544498163299 -0.000843545084569531 0.0263358079991782 0.354575975722894
-0.00927585901208517 0.00589559369612748 0.206111670621251 0.105690095261082
0.00672481892759844 0.00167966101621014 0.0941293721358122 -0.0622411198520142
-0.00155964038958473 0.00598373334457834 -0.0498218574150564 -0.0990355085309021
0.00850158145077406 0.0106889713376868 0.0447477169983416 0.0737695120521842
0.000861913407116859 0.000416058811686849 -0.0690002607054694 0.021915790509064
-0.00301589244794018 -0.00626247318530763 -0.163513575501449 -0.155098749683641
-0.00463576827519658 -0.0160221692422996 0.0808628259987179 -0.274720306385014
0.0192113783689612 -0.0162549880360465 0.409441617654059 -0.0177401584608044
0.00931128805247792 0.0201400195355035 0.243750477451345 0.422920026953292
-0.0121728925943126 0.0111508823527014 -0.132654729851197 0.338584588700704
-0.0113589095897179 0.00279585691042314 0.030290728154405 0.0348123646439011
0.00925018170338426 0.0169872219886864 0.103323763407482 -0.328356743157553
0.0098669505004182 0.00921162716896828 -0.328200835842016 -0.349249714512758
-0.00371020047045122 -0.0066107637770143 -0.420220521173809 0.170709496886918
-0.022493516861371 5.1909444825065E-05 0.0159256210381614 0.355784018599139
-0.00463675630420429 0.00774646963140109 0.203538926106552 0.108402812031177
0.00986215341902085 0.00164231838177109 0.0968953369468731 -0.0604757019513056
0.00126956928292885 0.00488997846956193 -0.0496734023508099 -0.0980771799040865
0.00332856142468152 0.00406191818615884 0.0415672091867356 0.0815321821131046
-0.0093031127976877 0.00027828461407383 -0.0633506270898494 0.0527182560008964
-0.0133546433282624 -0.00207614048398207 -0.186007391762648 -0.103821944806683
-0.00779937235240049 -0.0161304253933356 -0.00832489508708866 -0.298820577040231
0.0115552704485211 -0.0238636468316691 0.36016818575619 -0.170335417036505
0.00255204059831259 0.00936963393836935 0.343918125653891 0.293510396335196
-0.0112620987131005 -0.010379000207706 -0.0588745146252648 0.34832132711347
0.000656809730759614 -0.0228806916186546 0.0112228418198275 0.061151424807798
0.00587989644772163 -0.00716174226977621 0.168340571603273 -0.300144627770153
-0.00417845492849973 0.00345056316787852 -0.2089393081911 -0.469810884180423
0.000486442430462908 -0.00996193727087715 -0.469597130120089 -0.00239883689258958
-0.0178603120266552 -0.00944539737573879 -0.0918865927445958 0.338098917250998
-0.0184122040526974 0.00813700833352425 0.177408386874928 0.162588036934879
-0.00652082679814686 0.000398003810052694 0.107484352991789 -0.0255628852464648
-0.00332799133194155 -0.00438980071154486 -0.0506039409949101 -0.0897024212086047
0.00108451006370105 0.00583844305951569 0.0414169095566186 0.0788860611323093
-0.0108233853953005 -2.69488297054605E-05 -0.0679174136215481 0.0462143273899024
-0.016217214002366 -0.00509293204118135 -0.180632685551196 -0.11524651891684
-0.00939385718358981 -0.0175898909781791 0.0168880074612368 -0.297456240616956
0.0141472120703484 -0.020721417312476 0.376638447958725 -0.13840396055519
0.00193482172869888 0.0120966013590272 0.32150272852867 0.323761330258611
-0.0101015043611381 -0.0125341115634631 -0.0781279748603048 0.344477397754519
0.00301752649465234 -0.0249241523694134 0.0164127338986654 0.0533517455617666
0.00673670940463132 -0.00741454592372697 0.152960468006993 -0.309733515904317
-0.00399113971152297 0.00601991008110414 -0.243693261728597 -0.445436755328183
9.19668523715663E-05 -0.00753079170336664 -0.461148390320157 0.0375563971776713
-0.0205374127524042 -0.00867873054838837 -0.0623764112865263 0.344349179756475
-0.0205987641376635 0.00569426445695854 0.185858706154189 0.15137618115923
-0.00646690677718863 0.000150409393912969 0.103486944912044 -0.0329073467818713
-0.00547610024261024 -0.00187535477801016 -0.0509724012123991 -0.09208395516337
2.50752341827438E-05 0.00839998383837843 0.0410586279208488 0.076457893279766
-0.0113283569069836 -0.000804901657473189 -0.0714750906708097 0.0391390850392524
-0.0177244991817128 -0.00878455375205465 -0.174540314823851 -0.126931441812003
-0.00944215859657243 -0.0197662591478919 0.0409526017069668 -0.292843616878589
0.0162178102677353 -0.0172634687811829 0.390743969689763 -0.103520059952531
0.00209482057778705 0.0146683967865619 0.296860495492016 0.353526910338242
-0.00919860594545364 -0.0119941855481868 -0.0977986486327549 0.340889216014639
0.00423693607980834 -0.0240311321919393 0.0207995274607718 0.0458791028516385
0.00701582966921984 -0.00500621799513677 0.135532327170712 -0.319093583570799
-0.00157336284801206 0.00860464528518803 -0.275647784917536 -0.41928183862944
-0.000498776219409908 -0.00545630152389319 -0.449523290070434 0.0808504590498811
-0.0234729470486432 -0.00812345276683909 -0.0332645576892205 0.348415622109238
-0.0214724138484233 0.00430596465166219 0.193860858109191 0.138686496754392
-0.00558609119650907 -0.000189081358099707 0.0993955074209515 -0.0410482277864409
-0.00691051320170476 0.000778140857362554 -0.0509528245614369 -0.0947560926950716
-0.000143119003300951 0.010312279215548 0.042028734273162 0.0739605564784897
-0.0103891658177385 -0.00172331615545276 -0.0731986694427264 0.0314162882883346
-0.0169598665212132 -0.0117009010045849 -0.168359932171118 -0.138316562659319
-0.00963165578478526 -0.0206179380083407 0.0626751879451684 -0.285933332132189
0.0187734752519134 -0.0148550933429164 0.401021470404076 -0.0662013557258382
0.00269166187375471 0.0170751061843446 0.271099489211468 0.38431310239221
-0.00855543966097808 -0.00918279534163491 -0.115925229499311 0.336322451925134
0.00318186514547548 -0.020172808330107 0.0253233532175761 0.0393940527593236
0.00765214006012262 -0.0015110673309099 0.118130542611061 -0.325074509294453
0.00102767940097223 0.011018292554282 -0.303494985197149 -0.389635321997489
-0.000790308570572291 -0.00440408683479203 -0.436101596076378 0.119224984353686
-0.0255256253248351 -0.00638545595338246 -0.00687286240843108 0.351366267421194
-0.0200906879941821 0.00380274530942469 0.200285860711222 0.125983017645154
-0.00362075453433864 0.000468257167005904 0.0963727306991361 -0.0488262575157452
-0.00670862200387359 0.00316609315367971 -0.0507379040707243 -0.0965548181081691
0.000621886249630271 0.0113198707856807 0.0420794023785837 0.072953713029826
-0.00819344329926656 -0.00178101290387532 -0.0744235601531971 0.0255257708548176
-0.0146952482896649 -0.0134374276790497 -0.163420774444759 -0.147708449781455
-0.00860311782952747 -0.0208458640458249 0.0797857379731376 -0.278885094998143
0.0198015586947639 -0.0125243138497576 0.406935557806208 -0.0339485356493396
0.00384291407293191 0.0189383300966008 0.247289854352265 0.407527715370381
-0.00796661073077359 -0.00508198383855529 -0.130544069744189 0.333093836157863
0.00102776383663021 -0.0151260606104738 0.0291701492983875 0.0338184646892397
0.0084257711916667 0.00367745013558052 0.105473457068518 -0.329121434130256
0.00435461455628646 0.0121017926021384 -0.322936381535606 -0.363850028676154
-0.00171002134074259 -0.00412280146177404 -0.422208206473085 0.150877434949272
-0.0267873673309264 -0.00431411345769311 0.0140615801341245 0.352351734132278
-0.0170938958064232 0.00388918937665769 0.204619890327177 0.114879517000332
-0.000344448067045845 0.000695234156790894 0.0938310063712486 -0.0549639230300766
-0.00602324721704501 0.00529328850352812 -0.0498246279858996 -0.0983584297248593
0.0031786440110242 0.0122232085980311 0.0429292969534585 0.0717446667788172
-0.00543566013949487 -0.00156039502306942 -0.0734537315132301 0.0210178905752923
-0.0114045036498395 -0.0123803581437144 -0.160037786040012 -0.153605961097096
-0.00705186413510985 -0.0202556029762874 0.0896211562454228 -0.272877116087415
0.0204939062579632 -0.0120479450759522 0.40974623310614 -0.0121688027744309
0.00557878156804064 0.0204122793851622 0.232848315000552 0.421558147319015
-0.00919452382081993 0.000163481550271273 -0.137713629323797 0.331400199523328
-0.00274135978061997 -0.00924545927646012 0.0311962378155363 0.0312792266368668
0.00938656273467474 0.00875773474097121 0.0979404159318373 -0.330385258771338
0.0072524219202593 0.0121382062685826 -0.334667581362543 -0.346024868066453
-0.00236652164585698 -0.00434781601912032 -0.413907437264947 0.171566302617557
-0.0262638328533708 -0.00242788595035002 0.02570784945886 0.353149431041649
-0.0135972537107268 0.00454747255686292 0.205945732829053 0.107131224722674
0.00342544273268856 0.00102277678348193 0.0928635917718066 -0.0597271133453385
-0.00415570237171638 0.00601096640516602 -0.0499946220328955 -0.0990065198723665
0.0058884923549075 0.0115651365271562 0.043206531302852 0.0722803250907367
-0.00230748047109726 -0.000660411406220457 -0.0718555887506652 0.0196171612373675
-0.00745275141849297 -0.0099189805092806 -0.159625141883074 -0.156269081398511
-0.00561531603229855 -0.0182401822894698 0.0900194270309866 -0.270912607294316
0.0204578783904899 -0.0134579388972417 0.409580287252807 -0.00622753994278119
0.00744075672223828 0.0214169551718014 0.230417771705484 0.426254972151602
-0.010479989272079 0.00610298649857261 -0.139279165058838 0.332211105167954
-0.0069530191324134 -0.00288209263904863 0.0316306861733822 0.0319837324146643
0.00960003079860239 0.0133082961302395 0.0974808107998626 -0.329333141860287
0.00872311969527608 0.0111835176258047 -0.334308405088105 -0.340607747244252
-0.0029248771389034 -0.0048066675474574 -0.411537414658147 0.175957982412343
-0.0244426673898912 -0.000862406038105466 0.0263157375639419 0.352580081277871
-0.00927856935389698 0.00553941053443255 0.205364496057832 0.10551759815173
0.00689453096452982 0.00136647287200789 0.0937623772836762 -0.0612721011942974
-0.00170404729126307 0.00584726795315373 -0.049131825134105 -0.0987583489917089
0.00909358422856177 0.0103941518050664 0.0445532205663578 0.0737624404861744
0.000641399666639183 0.000355780858533367 -0.0692106146139444 0.0208101699308115
-0.00323836816597259 -0.00600823746784138 -0.163056157267618 -0.154030955997357
-0.00447138837984786 -0.0163334435895877 0.0811807439476593 -0.272972113969708
0.0192230240952785 -0.0160851023078115 0.407498518379203 -0.0162221354103646
0.00932546184864536 0.0201662957522017 0.241702530346944 0.421010584178419
-0.0119348766237925 0.0108459289141259 -0.132710696519846 0.336708436920175
-0.0112670590508877 0.00251711132351485 0.0303151543190585 0.0348532969580882
0.00935078200783599 0.0166959643298774 0.103807794820719 -0.327154183247235
0.0100404644450841 0.00953015899460669 -0.325116755179594 -0.347872760766156
-0.0037543328401328 -0.00682126069187977 -0.419074969287203 0.168980146774584
-0.0223926965472104 0.000313580964636547 0.0151004312669204 0.354138948043172
-0.00477828552303059 0.00728761600511601 0.202723633937406 0.108361705832604
0.00955847014285492 0.00175816976348125 0.0967136991056954 -0.0595798214209592
0.00116928676575084 0.00469084559262356 -0.0489817747710076 -0.09757966926865
0.0033295142847276 0.00409503145752088 0.0413826717637856 0.0813448167933244
-0.00943753385581018 0.000299483126293155 -0.0631547183550496 0.0518588618114113
-0.0134691302979358 -0.00176463123317607 -0.185365420417595 -0.103675869878478
-0.00703113637632287 -0.0158873317077917 -0.00670012195023881 -0.297193333194521
0.0116080408245588 -0.0235904285983157 0.359472240560023 -0.169042103768672
0.00263606650161488 0.00915312832428597 0.341129197649634 0.293055335724614
-0.0111095928243185 -0.0108635755200733 -0.0600752029220423 0.346677900310986
0.000188253311272908 -0.023032503427527 0.0110144886222776 0.0611404687264992
0.00580997753390312 -0.00691823216586906 0.168660835445788 -0.297747670660791
-0.00397416114347493 0.00325285170133394 -0.206242231001268 -0.46748175087246
0.00015227652852988 -0.00967790657201121 -0.468421145230437 -0.00434234081546627
-0.0178612512618382 -0.00950491521290951 -0.0918344499393041 0.335784899614653
-0.0186995764368744 0.00783979420405328 0.176458614405393 0.162735864240648
-0.00634747366850943 8.74314453646885E-05 0.106947342003141 -0.0249369584473633
-0.00338068357624146 -0.00427033881155854 -0.0499828663628909 -0.0896090027537925
0.00130468617876152 0.00604497339109617 0.0409030623317768 0.0789242390099989
-0.0108873669909141 -0.000364174019845329 -0.0683926146883515 0.0453313946716574
-0.0161723718449469 -0.00576392798651475 -0.18010249767682 -0.11562064851306
-0.00911238564186992 -0.0180057006416373 0.0178382388282595 -0.295600449344659
0.0136848541771421 -0.0205787224357473 0.375869543510513 -0.136698441338514
0.00173711726140385 0.0114063827599424 0.319984912248919 0.322791760341234
-0.00988682783077667 -0.0127537671170028 -0.0787289802617274 0.342673230113705
0.00316543034609109 -0.0246780449980399 0.0160376729547045 0.0528630306789647
0.00652142264600233 -0.00760758619965568 0.153346935270136 -0.308550292774946
-0.00330357326613541 0.0056474263032417 -0.24165839813337 -0.446264107501754
1.32594466521422E-05 -0.00724214249515337 -0.460231973464945 0.0367644550247895
-0.0203897850502605 -0.00928974800126435 -0.0632479755037945 0.341980280269693
-0.0206515319898786 0.00568470621311435 0.18454561565504 0.151392094621812
-0.00664088464803998 -0.000107363592757606 0.103303464608145 -0.0324866055492242
-0.00533435760930187 -0.00201314623034162 -0.0510699640306805 -0.0917457288232082
0.000134941791197788 0.00810351242701949 0.0411674375801651 0.0760595347244596
-0.0113901386152853 -0.00148573438545709 -0.071416449117 0.0378682416034016
-0.01752138200405 -0.00887247966802972 -0.173961789440921 -0.12643883035762
-0.00969800229281633 -0.0197902383078241 0.0417115455494566 -0.291457109454932
0.016006177805059 -0.0172964609582419 0.389442003919802 -0.100675812922571
0.0022723117161136 0.0143892387502974 0.294769756356911 0.352916673845739
-0.00919794682358033 -0.012029165927034 -0.0990365621909466 0.339029195383089
0.00401603163427389 -0.0239325366096584 0.0207244750702082 0.0455842332227361
0.00740592378885807 -0.00506878912516107 0.136399569533976 -0.316831783321151
-0.00172146756839404 0.00886291968031973 -0.273062426367586 -0.418243441348662
-0.000279426580351035 -0.00566003289578107 -0.448702008421218 0.0793375915639149
-0.0236389312333583 -0.0077903841418761 -0.0341152609543907 0.347280375267366
-0.0210301328968781 0.00407094191215625 0.192452168543519 0.138819967390617
-0.00526078457000914 0.000125629053030792 0.0995138312170474 -0.0404043466150242
-0.00681222756756272 0.000526651610863871 -0.0502810849821399 -0.0944984621349076
5.1663584861504E-05 0.0100111752865137 0.0415730296019836 0.0734108678854149
-0.0102865234907057 -0.00180967225930379 -0.0736265458176265 0.0309824093732662
-0.0172249105667566 -0.0119307977385742 -0.168164950876958 -0.137710620323954
-0.00926028606755487 -0.0209371552154549 0.0636652152108026 -0.28504354326603
0.0178859292142274 -0.0147134639342143 0.400536350298764 -0.0647409244398434
0.0026353730123042 0.0169591346801976 0.268788869762237 0.38144245717104
-0.00849708402306784 -0.00956441196359908 -0.116431959150524 0.334776273355017
0.00319715073170403 -0.020204396881092 0.0248400688396342 0.0391706035491725
0.00773352586019379 -0.00139334541606205 0.119911526749397 -0.323452775401043
0.00146786223671918 0.0113966799390375 -0.301167792366318 -0.388492113649155
-0.000777306927126008 -0.00433073908372376 -0.435993682603153 0.117546712880176
-0.0258655775946993 -0.00636859008410682 -0.00816044769981933 0.350255017618209
-0.020061158268383 0.00378027920197096 0.199315568965669 0.12633159942565
-0.00319675658602863 0.000220827907323701 0.095883043931907 -0.0482966955183888
-0.00679459352780064 0.00376299669952413 -0.0503615803525812 -0.0962858394328311
0.000880736042372066 0.0113691139488376 0.0414911020418465 0.0726175760806413
-0.00853631797562175 -0.00205071307854028 -0.074153881210351 0.0248520951172648
-0.0143054256222074 -0.013674747415062 -0.162411461101698 -0.147471097726987
-0.00819217612207033 -0.020982196690772 0.0809652930373172 -0.277062139045649
0.0196366720588689 -0.0122617423614313 0.405918317100708 -0.0313232329416626
0.00372325044908013 0.0191043839173439 0.244328622776363 0.407018244324927
-0.00837506473622216 -0.00569309188467914 -0.131167035984052 0.330728610140163
0.00109896365956864 -0.0153788360049331 0.0283343446927705 0.0340131716056297
0.0082365714835571 0.00341324858937399 0.106201790824001 -0.327689216321641
0.00453106113248698 0.0120769952379972 -0.321267105422414 -0.363129185479831
-0.00160478086301003 -0.00398263005608221 -0.42133193927308 0.149533573683146
-0.0266520644826064 -0.00427513453178792 0.0134209766144284 0.350437482011367
-0.0176402241610435 0.00393441981517963 0.203457682833253 0.114646415019599
-0.000232182602713435 0.000534298570157783 0.0933742337138519 -0.0546404290355959
-0.00586745602535812 0.00530418189232905 -0.0497592019568598 -0.0984684105398467
0.00295171972780273 0.0116766847677002 0.042588202859095 0.0717483138991283
-0.00567328277662146 -0.00170184558520247 -0.0736501055990771 0.0202069631580169
-0.0111931166009243 -0.0126653042613325 -0.15918973868026 -0.153237105464635
-0.00722240275321182 -0.0201711766135696 0.0903179339703239 -0.271515811222115
0.0199967070547106 -0.012249878575326 0.407109050508534 -0.0111687756337237
0.00559506727705356 0.0204743819737608 0.230637842344552 0.420413841543073
-0.00947101715693137 -0.000303018282204908 -0.139092471893606 0.328915838670289
-0.00288001982132738 -0.00948544879281544 0.0311996470360573 0.0314577879861897
0.00919852814955834 0.00798466556590816 0.0985635686184031 -0.328863250505101
0.00723176621199161 0.0125165667175749 -0.331063226920764 -0.346330852593587
-0.00252437973245092 -0.00422624232395451 -0.413623226307072 0.169941559691755
-0.026637990661216 -0.00261336693984308 0.0253364009322141 0.35089651081613
-0.0135080730756908 0.00473468035899879 0.204892979249721 0.10741925727724
0.00327619402492931 0.0012179797089686 0.0926978191583848 -0.0592860103938922
-0.00402865926777355 0.00600862377624426 -0.0491794030682723 -0.0987032178296918
0.00572099339610271 0.0114688186950329 0.0428381935615963 0.0723112314469313
-0.00237045025133408 -0.000545289972596704 -0.0711316475938941 0.0189323801854219
-0.00717411808333592 -0.010131745514601 -0.159192203992828 -0.156444556415481
-0.00596210226337021 -0.0185706942359638 0.0905784230735153 -0.269359184958925
0.0199870916198955 -0.0130025993901885 0.408295602762641 -0.00473671461565118
0.00756981431411567 0.0209358225394841 0.22755521404502 0.425509491209297
-0.0106297780015084 0.00542752659940204 -0.139945806019666 0.329869380806906
-0.00724728654656947 -0.00328305059082171 0.0313392791429146 0.0319572889221558
0.0094368835167603 0.0125747266787358 0.0985688751565948 -0.32764532719977
0.00957437387523525 0.0110165407727133 -0.331219702052873 -0.340084143965457
-0.00348545495040454 -0.00548339035885738 -0.411370697476636 0.172685388448739
-0.0249573980800683 -0.000756315652648089 0.0250101065716195 0.351681008187961
-0.00921693782705445 0.00595987399856941 0.204447207676884 0.105382347134506
0.00644530243668594 0.000966606358741347 0.0934208644609901 -0.0607572117582736
-0.00159292842657741 0.00570010770192517 -0.0487278660941676 -0.0987015549323103
0.00899088472687477 0.00994159387453944 0.0435835691248662 0.0731196040252803
0.000492049065910009 0.000447690890888448 -0.0688647956473349 0.020526418687036
-0.00323705320890113 -0.00640343581365343 -0.162059561665268 -0.153926321492681
-0.00454178797157186 -0.0163122299416034 0.0819316262748104 -0.271537476925807
0.0188179306084264 -0.015852097904229 0.405477548505294 -0.015403553656124
0.00922034482323159 0.0199135175791141 0.23852618798789 0.42048980650246
-0.0120638409858573 0.0106882893111141 -0.133863658153902 0.334677295863628
-0.0114478499348136 0.00232869220454431 0.029838196735787 0.034783406503714
0.00897133063689467 0.0161462612405709 0.10479857583528 -0.325061381797671
0.0103619715479244 0.00951680779396438 -0.323254317910037 -0.348274072032478
-0.00362986755119803 -0.00678618516418622 -0.418321925820503 0.16663834299249
-0.0226153565622539 -6.71586012669922E-05 0.0149776508732684 0.35209493702493
-0.00462145198974848 0.00738977186401696 0.201346135075918 0.10902885064394
0.00939804447819864 0.00177269132674002 0.0962484676212524 -0.0592007721315712
0.00153768848018702 0.00520501045632495 -0.0484708841695149 -0.0974155565491232
0.00329459159812199 0.00377861618630346 0.0412030243517607 0.0809003305972246
-0.00981957212095275 5.87283358741437E-05 -0.0635949052240205 0.0508870712740402
-0.0133338926251301 -0.00205038203242318 -0.184836369379339 -0.103962860763761
-0.00712637572878948 -0.0163415862355823 -0.00594034905822323 -0.296370452206517
0.01131935874508 -0.02383852160612 0.358706793372542 -0.166338863393298
0.00287578894119654 0.00911526622311589 0.339357558345963 0.293966117231297
-0.0113089485563574 -0.0111724706859019 -0.0615898526564901 0.345463092291705
0.00041839062997316 -0.0234467312924612 0.0108068563040956 0.0608114083431033
0.00594842126488106 -0.00747148575471148 0.170522197845467 -0.296920380833126
-0.00386027123075946 0.00326072061615 -0.204200550528738 -0.467636503731266
0.00029229608623508 -0.00982978054492807 -0.466823042938432 -0.00522008609540302
-0.0180631105485855 -0.00955027725584931 -0.0932025816312092 0.334105888581023
-0.0184419223644142 0.00778448743116644 0.175674880988461 0.162883774258006
-0.00620340307119309 0.000269251496730422 0.107036885968085 -0.0246293153473478
-0.00387700434406596 -0.00452939243862246 -0.0495025439490883 -0.0896887436357267
0.00126244928633614 0.00557708361232255 0.040640588916057 0.0789124795529402
-0.0112349205088162 -0.000538424258342047 -0.0681351284291495 0.0444647759560703
-0.0160547268561972 -0.00535452689252171 -0.179281012624781 -0.115492709523921
-0.00843156094056144 -0.0180433168872657 0.0190724087848376 -0.294740485243632
0.0137774144137489 -0.0202973859435683 0.375430765631477 -0.134422547722893
0.00181893227817342 0.011519905510682 0.317162379250888 0.322547888624427
-0.0101749529468941 -0.0127749496591791 -0.0802729600375334 0.341444113449646
0.0031592462373004 -0.0251286674422881 0.0157787677318987 0.052830836506467
0.00694336737900681 -0.00787944298388943 0.154764611877162 -0.306550445751205
-0.00282956334383157 0.00547918731702387 -0.239154120771301 -0.445110163290868
-0.000173092627917731 -0.0075545928465738 -0.459433067273466 0.0341042000157877
-0.0208477422041327 -0.00917543561901417 -0.0638767083735783 0.341903197396789
-0.0203136336025616 0.00522687245160257 0.184013961129471 0.15161904600557
-0.00664816396746895 -0.000368500001999955 0.1032506922639 -0.0315480145155549
-0.00559416300651685 -0.0020346930300772 -0.0502569960429491 -0.0922176910621967
0.000240202877362563 0.00786924327246229 0.0403882482818713 0.0763611295292166
-0.0115692516635947 -0.0015705119221485 -0.0719711732742671 0.0370601571095285
-0.0172678820785889 -0.00949173811093842 -0.173866715852422 -0.127104207924546
-0.00933672252815279 -0.0199201432825127 0.0424015926639584 -0.290287302886408
0.0159245342106842 -0.017371768967625 0.389894254840713 -0.100182420042159
0.00204405505792615 0.0143398628077164 0.292144572842253 0.352738483808816
-0.00885598589486962 -0.0122646510325326 -0.100102862213989 0.338043634182566
0.00412081708884325 -0.0238343616776016 0.0200313820207666 0.0453024469654858
0.00769663539024602 -0.00572080163965466 0.137452483982494 -0.316214028962541
-0.00122589020889539 0.00893660239636922 -0.270621817472569 -0.417819804891247
-0.000488484803531624 -0.00569790460780264 -0.4483687778501 0.0776382236303521
-0.0236340888331278 -0.00857705131711827 -0.0344278560305205 0.345829774244543
-0.0211908582917264 0.00362927508291466 0.191771726055768 0.139156973275102
-0.00560513846815847 1.30107747950154E-05 0.099265087051674 -0.039834322019113
-0.00674103523037206 0.000538538644709005 -0.0501346920895375 -0.0943634096800174
-6.89046662559673E-07 0.00934344829962849 0.0409337776783368 0.0741778109515079
-0.0105039296380885 -0.00205227632018529 -0.0741994532302561 0.0298942619215686
-0.0168718424187891 -0.0121516142131855 -0.167226048434911 -0.1375465219483
-0.00895399907266774 -0.0211657251962724 0.0648842621134011 -0.283717008497138
0.0181166197512207 -0.0146292595116866 0.399880898196873 -0.0629281446458959
0.00262626787974535 0.0170578583195923 0.266620058380692 0.382349199091487
-0.00833314422760965 -0.00967949220274325 -0.117460733265938 0.332749361405303
0.00316255007441088 -0.0206187229278954 0.024453815620722 0.0394120616149706
0.00767964470549456 -0.0019304096884043 0.121451879546251 -0.322758420986978
0.00173554451952595 0.011467550231955 -0.298049985246821 -0.389470763826239
-0.000737382454558329 -0.0045673394140301 -0.434918088570587 0.116239668385248
-0.0259045060955835 -0.00674317417848897 -0.00904463455326314 0.349344920273615
-0.020090310973942 0.00342536494854362 0.198298254227435 0.127104473975202
-0.00332087499767205 0.000363114565473677 0.09646219953955 -0.0473866904426077
-0.00708701727290083 0.00305056483023927 -0.0498872605299801 -0.096348421363205
0.00115034728991457 0.0110013852694301 0.0410677513154775 0.0723980871186054
-0.00879643229680062 -0.0025008719076256 -0.0748944298021623 0.023662225310333
-0.01455107387574 -0.0132095745179787 -0.16253402100574 -0.14713120878812
-0.00804274798799364 -0.0211919056943634 0.0820400491780419 -0.275967612443169
0.0190643217407686 -0.0122282754670334 0.405135006769551 -0.0299596588452241
0.0033279236708883 0.0191755677196554 0.242176556648672 0.406040305144626
-0.00862641751266791 -0.00599076483806781 -0.131689728420391 0.329370495768394
0.000973057659774114 -0.0152485710817226 0.0281782643526694 0.0336742124931913
0.00892860740140956 0.00319619707859207 0.108658243810793 -0.326243871354239
0.00479424475689119 0.0122762551036853 -0.318693871277775 -0.363554358299814
-0.00163001232352138 -0.00374440514205939 -0.421373893715088 0.147320047109903
-0.0268356110260533 -0.00467178645526748 0.0120293103087234 0.349867069857182
-0.0171207577295542 0.00409134668625762 0.202346868931159 0.115573428551105
-0.00018183271048992 0.000250719654747126 0.0933067925377377 -0.0538855421019903
-0.00628568025072728 0.0054369883850687 -0.0490441079510955 -0.0978196463675192
0.00292278219738103 0.0114868060166614 0.0419774287132115 0.0715443055533572
-0.00577660303543662 -0.0018903898231047 -0.0741927037860388 0.0195496183810692
-0.0110582531429286 -0.0123248702266663 -0.158930120769732 -0.153424928997959
-0.00708507670250761 -0.0204419360612592 0.0918895322335399 -0.270382484246022
0.0201677834179056 -0.0121107726722317 0.408511953241387 -0.00819496640876036
0.00538721321294407 0.0204818972294804 0.228482542590695 0.421049267486296
-0.00940414625015056 -0.000340899336826701 -0.139929005966003 0.328055654212327
-0.00260901254569242 -0.00948320230478911 0.030900559680832 0.031427673354364
0.00904217648028687 0.00804884501350117 0.10040297109841 -0.328019364436427
0.00778323337356528 0.0119912883717455 -0.329899816923062 -0.346966851527284
-0.00242690559920776 -0.00415179707609739 -0.413221965728459 0.166619405584905
-0.0263993613354175 -0.00249679202547773 0.0241064571369867 0.350501303611472
-0.0138028043424972 0.00449157545925486 0.204331954854291 0.108343736661753
0.0034596473519924 0.000874208533319604 0.0929601494605389 -0.0585257824342169
-0.00427020372366045 0.00606119731204276 -0.0488262909834686 -0.0989416416275914
0.00579034120883214 0.0108904311007836 0.0425213547583152 0.0722105526482604
-0.00272759010942578 -0.000756802963574934 -0.0721584069365865 0.0183059676000149
-0.00724534844115575 -0.0102082660082212 -0.158808446812327 -0.156033934262438
-0.00553708857891777 -0.0190095010192144 0.0916140186101494 -0.268105733471847
0.0198282057818214 -0.0131966364697584 0.407677613883732 -0.00251417036445335
0.00733347618206927 0.0209620861756096 0.226042507399902 0.425250180369378
-0.011041609172054 0.0054491926736639 -0.140903304578781 0.328773213003335
-0.00724404086535248 -0.00361733276479542 0.0310379198991296 0.0316161637229909
0.00925390205365459 0.0120696928788713 0.100490107699478 -0.326797670526279
0.00985322419804835 0.011108069276695 -0.329057790600412 -0.341790467758293
-0.00315869391379219 -0.0051685524215252 -0.410927522458124 0.172119130172363
-0.0252700559965983 -0.000918322316439514 0.023923170034594 0.350763673141357
-0.00915015961912 0.00571463747260166 0.203668716114078 0.105846704458401
0.0068095180401955 0.00140216442426077 0.0938658385729434 -0.0603869428506464
-0.00146174628786971 0.00637244195578059 -0.0483694503201698 -0.0984914500376902
0.00882506913841508 0.00966052959782016 0.0432302460292165 0.073185890334352
0.000277634228433951 0.000566442651691482 -0.0694965649752659 0.0194089140290097
-0.00309549416453211 -0.00670360365357693 -0.162113140221613 -0.153980672737509
-0.00444448170331644 -0.0167984537363085 0.0832572733906155 -0.270033498337991
0.0187163984760695 -0.0153921678543938 0.405933594242839 -0.012911201430929
0.00948739430171162 0.0197990802578219 0.235195786675831 0.42018448206007
-0.0120429825126978 0.010528837889462 -0.134352893099228 0.3332955996001
-0.0115684982423382 0.00196750867419145 0.0297172562380923 0.0344921415188746
0.00886352787383135 0.0158075948126022 0.10668018993051 -0.323737708193348
0.010698957025815 0.00956240818546191 -0.320710091011192 -0.3492929236119
-0.00377266818699775 -0.00671715933505365 -0.41884540977123 0.165101448042182
-0.0227478034854899 0.000294483732740694 0.0135616101551899 0.352220763432645
-0.00489468324765657 0.00758306781856461 0.200690307753257 0.109368361173348
0.00936984644858293 0.00189004063520468 0.0965812657518659 -0.0578780681181609
0.00114723802929921 0.00486712512575603 -0.0479447619773029 -0.0973614462152327
0.00344345314111626 0.00346715853609952 0.0406906782494404 0.0815969379865432
-0.00936282754147228 5.5947536265288E-05 -0.0634909743408586 0.0503669982737669
-0.0132440820150721 -0.00205070852027171 -0.184962644999881 -0.104128123495408
-0.00747478657344559 -0.0164278000898754 -0.00431688711644519 -0.295816104818545
0.0112611341587993 -0.0236847258034287 0.359666449311424 -0.165123980247071
0.00268729995709115 0.00936368987394349 0.337548095856174 0.294907732015408
-0.0114520347720798 -0.0111939133005417 -0.0634783581786107 0.344857570169156
0.000115822728661773 -0.0233908192774367 0.0105181961161464 0.0605010499764
0.00649672022708053 -0.00752456852871401 0.172168481507247 -0.295966307056188
-0.00352017687136309 0.0033150701095672 -0.201845154701264 -0.469664927487921
0.000495503400205599 -0.00961266808672673 -0.46798166066248 -0.00742714939741699
-0.0179088800031194 -0.00983566410684276 -0.0941830564387322 0.335237986218581
-0.0185996166551585 0.00779480075344825 0.175172311836202 0.163565216239122
-0.00639395964120454 -0.000360799013407916 0.107260302901628 -0.023616412507767
-0.00392739283181275 -0.00418405603087808 -0.0488424294912009 -0.0898597113673672
0.00148947696426993 0.0053834538987411 0.0403465361442489 0.078640461482632
-0.0112766175885718 -0.000856682680641295 -0.0686151884517386 0.0434868988629432
-0.0160118360050673 -0.00558615937002203 -0.179444936235233 -0.116289985605061
-0.00883475976593912 -0.0183993793605279 0.0200556778457996 -0.29456790090787
0.013711286842331 -0.0203705907211469 0.376696695241397 -0.133301123406017
0.00180695433386319 0.0115286215684973 0.31603673370039 0.324823510771952
-0.0100698765604913 -0.0132987040440491 -0.0820047157768748 0.341320386183263
0.00328044567751212 -0.0249632530883649 0.015512074296663 0.0525943385104058
0.00706667373200331 -0.0082935673542593 0.156432264400209 -0.306481899249409
-0.00295827029027195 0.00587782272178117 -0.236736063463625 -0.446488875968786
-0.000168155611015586 -0.00756548108122028 -0.459553121926208 0.0330964780569895
-0.0207329944542264 -0.00883961809670941 -0.0647470000900821 0.341039950366198
-0.0204383702818815 0.00558536918046171 0.183561207735285 0.152401716422026
-0.00637580903427015 -0.000341768994072952 0.10347721848617 -0.0308285822784171
-0.00583831154332777 -0.00207977246226147 -0.0495253872166979 -0.0918594681936595
0.000112332872411943 0.00739963985295057 0.0403410398297673 0.0762700586323871
-0.0117740402986886 -0.0014438626196493 -0.072205556438226 0.0364584978165545
-0.0172959986484264 -0.00951758448955486 -0.173256797101985 -0.127802513441559
-0.00951653792042042 -0.0202044996741564 0.0437301805460183 -0.289708400526315
0.0156582471807737 -0.017049339777227 0.389782165867054 -0.0982108355813317
0.00210318074272908 0.0140590736856559 0.290786523026972 0.354055305344172
-0.00896208158820476 -0.0122507646409702 -0.102074530478204 0.336463834741172
0.00414624774791472 -0.0239297056508795 0.0199669506342673 0.0456136570314054
0.00730262700801818 -0.00601916392047301 0.139812959912754 -0.314810964945904
-0.000938035005995347 0.0089393015500769 -0.268791013186618 -0.419687119130675
-0.000339323588585043 -0.00579019304434425 -0.448615854237999 0.0757944296929598
-0.0236199470925379 -0.00845381193110798 -0.0358419653902827 0.34532637692204
-0.0211812044040961 0.00376770994015135 0.191927260006269 0.140421719652836
-0.00541732587180045 -0.000638367968122156 0.099954623734158 -0.0390845399777548
-0.00670425517111247 0.000551196692864383 -0.0492625409377246 -0.0941822687547239
5.62058580561389E-06 0.0096006348328961 0.0411800599890552 0.0740354909148442
-0.0106351987684294 -0.00195208372543171 -0.0744104546118073 0.0295350010118012
-0.0170765970352997 -0.012513613998303 -0.167607045566021 -0.138167159888603
-0.00901009036217469 -0.0212963242166132 0.0660573440588949 -0.282852798216274
0.0178364624376856 -0.0143866484350931 0.400324377012845 -0.0612838672051101
0.00244015343561483 0.0173728357382983 0.264455260066978 0.384114405838822
-0.00871302658231758 -0.00988521255749984 -0.118976462804082 0.332120712481531
0.0032777770167899 -0.0204889420033216 0.0244816304513512 0.0392699382639745
0.00742940956839061 -0.00184600391346546 0.123037230190743 -0.32193595089611
0.00186673858908865 0.0114474870261806 -0.296196828358884 -0.390155372189471
-0.00100594991615837 -0.0044712770044375 -0.436413657318861 0.115122209038425
-0.025819947009419 -0.00677693212916518 -0.00984862724373092 0.348574812497252
-0.0204153724431047 0.00336708258813984 0.198074090113974 0.127359686077513
-0.00342793754943179 -8.2483485008434E-06 0.0959067879470162 -0.0465083594054834
-0.00687077295097543 0.00370589711312317 -0.0491381179420817 -0.0966399318350439
0.00112392021616192 0.0107221893977387 0.0406221503947725 0.0729624129347714
-0.00910834430488826 -0.00236169123743137 -0.0750110870139784 0.0228773429822376
-0.0146777378563264 -0.013724878920122 -0.16239726567243 -0.147537937487198
-0.00789299277582682 -0.0217203435638845 0.0832816357146768 -0.275009550896529
0.0192444020952185 -0.0123073789855219 0.405612407684587 -0.0278387427901442
0.00400398264363332 0.0190511277150492 0.240599131022674 0.407437296019478
-0.00829010536415122 -0.00588916539430872 -0.133700199487787 0.328240212104726
0.000541154832018547 -0.0160073613361617 0.0279776190691128 0.0338925492358509
0.0087171655149386 0.00238733774863067 0.110448477464917 -0.325597761770867
0.00500196636512034 0.0124887098421243 -0.316540031882894 -0.364382813233989
-0.00157360538411334 -0.00381487816554869 -0.422179879983475 0.145525906791465
-0.02739370737076 -0.00439441878399721 0.0112402128966839 0.350169119506456
-0.0175642563021295 0.0039931764310064 0.202285883049959 0.115935380270529
-0.000227685801520015 0.000351264294330487 0.093905519295155 -0.0533102607379478
-0.00643940332636292 0.00510686763222752 -0.0488048477932943 -0.0983427143088364
0.00301466226764769 0.0112259124706485 0.0418423811014843 0.071818565835891
-0.0058847489934377 -0.0020022516384682 -0.0740727518291721 0.0186341608908613
-0.0110333268313901 -0.0131775810843268 -0.158670685110894 -0.153878913208264
-0.00652301029796353 -0.020875193908633 0.093216745445587 -0.269475392606901
0.0201224477922656 -0.0121397878190692 0.407898369250233 -0.00718500160179908
0.00537861878840804 0.020829745518225 0.226230007633111 0.421395245582355
-0.00976167794706806 -0.000865505991963918 -0.141357897808055 0.326900777523991
-0.00284921358941514 -0.00958060119404126 0.0306598048209375 0.0309115762091061
0.00893837137230923 0.00701403023392536 0.102367844947593 -0.327183765600715
0.00769117376201611 0.0122064042550119 -0.328202399334755 -0.347976021119389
-0.00235581977702597 -0.00387106054042331 -0.413173385834995 0.166232046457922
-0.0264633265382452 -0.00253184314743973 0.0231675738819772 0.350035127067518
-0.013849460958841 0.00435679401595084 0.204134387506415 0.108906212186808
0.00290468222430235 0.000977977151262996 0.0928635206719867 -0.0573953152791649
-0.00418573701216856 0.00649181571846432 -0.048534390846544 -0.0991757743216801
0.00595646119587526 0.0102387502790192 0.0419033577096277 0.0722569678438505
-0.00255313518965982 -0.000847832198699379 -0.0720246774739377 0.0174149352673166
-0.00695786504857825 -0.0105095215658194 -0.158486756430306 -0.15612510351648
-0.00527236289551586 -0.0191434865374615 0.0928464523123105 -0.267441938300295
0.0196936279555781 -0.0131542581212527 0.408161667559706 -0.00164445934961298
0.00726243855309813 0.0207925694606019 0.222825654305422 0.425851321957503
-0.0111033692761989 0.00512783838062788 -0.141844961029075 0.327493977873374
-0.00731572634612637 -0.0035846618257672 0.0305350606968444 0.031526200896709
0.00949033267816265 0.0118969162084278 0.101863654004467 -0.326619344634882
0.0102149177265795 0.0111290912318568 -0.32757038864889 -0.343259939476059
-0.0030985165854941 -0.00521184151713444 -0.411506523061242 0.170123286465564
-0.0251433554214449 -0.00110654854582967 0.0232202720652594 0.351465674946376
-0.00912527564637322 0.00555834040631523 0.203601718603428 0.106419969218986
0.00650396153280385 0.00112613340695838 0.0940876336582038 -0.0593164931037213
-0.00162232514502262 0.00602190443876571 -0.0480392357553623 -0.0983046577826359
0.00875652576920804 0.00951882186671396 0.0428315795944933 0.0735216935464568
0.000281063498060407 7.92395400656539E-05 -0.0697243006411414 0.019089526241652
-0.00331661776527947 -0.00694887718102511 -0.16169975566189 -0.154564588547058
-0.00420709443348702 -0.0169862455593988 0.0846397534080763 -0.269056649436409
0.0185658234590492 -0.0157061884085489 0.404906552823768 -0.0117913604254486
0.00915507697247653 0.0198416521694557 0.233975392380486 0.421227106413572
-0.0120236421239331 0.0097531174003941 -0.13570178043538 0.3318434567428
-0.0118807805588916 0.00198495223620963 0.0295258811228834 0.0346162824966654
0.00892275231337368 0.0153011605503362 0.108319626596052 -0.323530744998378
0.0110921521659302 0.00965289675091963 -0.318657136974505 -0.350729076036967
-0.00337446667384177 -0.00665079961885472 -0.419121544104564 0.163962838062343
-0.0226284947120273 4.66768049140649E-05 0.0127234181004691 0.351840347690949
-0.00496867985592217 0.00747007436941671 0.200694981613126 0.110234787647642
0.00968964150358276 0.00181603139892374 0.0966588377039528 -0.0579348182889793
0.00125746378089929 0.00503996495295115 -0.0478139097649791 -0.0973572743128823
0.00366494248220739 0.00308996167487055 0.0404541748959099 0.0820032658012958
-0.0100700333617877 -0.000266257164402161 -0.0641574721144443 0.0495794086416987
-0.0132677883477529 -0.00263629901342067 -0.18547027983177 -0.104977582066289
-0.0070095667204037 -0.01696822744621 -0.00373468428965321 -0.29626223789073
0.0114152020946889 -0.0235614361957797 0.361141789945799 -0.163505092626338
0.00232068186626417 0.00900263047582137 0.336424817698399 0.297304988145199
-0.0116104964922902 -0.011367410390874 -0.0645698485806569 0.344678866774027
0.000229969222547481 -0.0233289020049092 0.00982100589995127 0.0607528215075732
0.00626573884769762 -0.00774756170647092 0.17426458494684 -0.295237720562789
-0.00332025606841244 0.00327699281312183 -0.200450329741744 -0.469549933106235
0.000495685031518165 -0.00926770256340102 -0.468035093928068 -0.00819962373028866
-0.0184292402084399 -0.00963923498437622 -0.0942267792916591 0.33508667078029
-0.0188592920178634 0.00766376345571443 0.174847138716318 0.164614647925021
-0.00641503295185192 -9.09810242850501E-05 0.107275056077906 -0.0231753843463818
-0.00435786973718866 -0.0040781149874657 -0.0483754309131478 -0.0896486754690793
0.00138952988428505 0.00504269258058001 0.0402661072655828 0.0788762140597334
-0.0115773587848449 -0.000676166145106649 -0.0686925025058318 0.0428863431913221
-0.0161954473326046 -0.00630918899502435 -0.180043363866374 -0.11657568063283
-0.00818112455942391 -0.018615178809054 0.0208644882617128 -0.294124141608311
0.0133050963739586 -0.0204664023114623 0.377847686584773 -0.13106508287034
0.00192956434729081 0.011468619291948 0.314234563676014 0.32643122834335
-0.0102599895480948 -0.0131863444086369 -0.0833343308209315 0.341166531642011
0.00319174522714888 -0.0253086978345485 0.0153939213881094 0.0526888437863693
0.00706673569752038 -0.00847561143399307 0.158675548327869 -0.305296984307315
-0.00274402345616454 0.00606927372525091 -0.235445715931038 -0.44926780551499
-0.000234426272441004 -0.00752580629009756 -0.460131624775099 0.0316538643570658
-0.0215393646006848 -0.0098171508454763 -0.0658166249660646 0.341282764729824
-0.0208310913539091 0.00494973641913829 0.18398196022914 0.153229024803432
-0.00680782086437766 -0.00082854601662705 0.103500135438807 -0.0301576562345764
-0.00597971844193231 -0.00223925622415852 -0.0497128001810328 -0.0920397703733807
2.53135211565282E-05 0.00712996999690605 0.0399193093988878 0.0764294866842185
-0.0119297910962108 -0.00153001695862404 -0.0726387998720848 0.0359783600870366
-0.0175048551350868 -0.00987569711663433 -0.173994814169494 -0.128047580003378
-0.00882073619835182 -0.0205970867550408 0.044961184900504 -0.289268011879787
0.0157368394017527 -0.0172207657729305 0.391018209975071 -0.0961374254396267
0.00172716528747764 0.0141995255473091 0.290034410745323 0.356095253948567
-0.00910426418097632 -0.0128942038843812 -0.102394767649994 0.336808920957831
0.00408607321236365 -0.0240498754361448 0.0194251497916539 0.0457794425379214
0.00793270237556855 -0.00627990887881923 0.141367145951386 -0.31486659782713
-0.000707686280099451 0.00895794661928608 -0.267450498250662 -0.421649394786472
-0.000414943786118 -0.00544116314119379 -0.450257076565854 0.074628032518677
-0.0237313490798252 -0.00875891700958097 -0.0362020551822957 0.347096613392559
-0.0209560620150401 0.00412388315932477 0.19196840567677 0.141065657559199
-0.00561906393218252 -0.000799072972435979 0.100284418858081 -0.0379119238764707
-0.0072730582729105 0.00118040200526145 -0.0490364252459023 -0.0947343941640442
6.42353425827598E-05 0.00900071953045854 0.0407790579542687 0.0742501969388492
-0.0107347405666929 -0.00203502650303371 -0.0749807812328881 0.0285515692111971
-0.0168033717150705 -0.0124750839221121 -0.167954138435818 -0.138773290852346
-0.0088695444710525 -0.021724480775562 0.0671012385270691 -0.282781804873597
0.0177780396561253 -0.0144576173920059 0.401443503316046 -0.059974884336627
0.00261777227761254 0.0167885119139582 0.26291773227579 0.385578860806966
-0.00829312933357988 -0.010156400907752 -0.120498496187844 0.331464988856925
0.00309506812657391 -0.0206880354294381 0.0242617513596228 0.0393989004422519
0.00807069010293127 -0.00257660346798949 0.125243291925159 -0.320933388086047
0.00198541072772993 0.011107207423155 -0.296380070919032 -0.392085593726255
-0.000849026327514464 -0.00418182159551772 -0.437525044391836 0.11354218866774
-0.026444285555453 -0.00672050257593684 -0.010265400467865 0.349303903560698
-0.0203762184838326 0.00343240585502128 0.198195294752723 0.12836761236072
-0.00332165642919428 -0.000277501480151271 0.0968587564866563 -0.0463720088745902
-0.00706717168363557 0.00333240596787625 -0.049072098121202 -0.0967135826741913
0.00087542078796766 0.01019940267106 0.0409508844279975 0.0726699478284677
-0.00905918781501685 -0.00223387462656531 -0.075609668224201 0.0227934165165884
-0.0144153014014657 -0.0138326118015883 -0.162279553792978 -0.149005572431029
-0.00787371698567089 -0.0216478611554134 0.0847186118570569 -0.274982811910299
0.0191503637274338 -0.0120951862064008 0.405924367252616 -0.026438394356312
0.00358161513714549 0.0186189113452783 0.239209231248783 0.408019406951204
-0.00850315031202829 -0.00607121757881391 -0.134699788624701 0.327858122944017
0.000780937560559085 -0.0160589811635325 0.0278224834535989 0.0342680818482784
0.00882806177795745 0.00188927805931237 0.11201682667872 -0.325844768279549
0.00524427386182223 0.0121850159992316 -0.316032096468104 -0.367087798969234
-0.00158958023525016 -0.00403496237640132 -0.423250493332174 0.145164557699955
-0.0269545836423425 -0.00506068169515547 0.0104489782132286 0.350296270280453
-0.0174728025270051 0.00358264717589278 0.202298052271679 0.116637193347852
-0.000114248690398066 0.000338743512224893 0.0942703373029611 -0.0528711330125397
-0.00629995849303189 0.00507932055239517 -0.0485513454281371 -0.0981510852294211
0.00302556027852322 0.0106969554407299 0.0416159476952263 0.0723484524250683
-0.00637404862853691 -0.00150067473257576 -0.0746681317318116 0.0184791786078998
-0.0113583409985434 -0.0133236214335202 -0.159198920340905 -0.154421700670085
-0.00640333111522576 -0.0210995921942942 0.0940762151543871 -0.269933903106574
0.0200896702813716 -0.0120705085063758 0.40978094371631 -0.00587078632553945
0.00544639252031366 0.0205749125648299 0.225108608269045 0.423637587834796
-0.00957446116884059 -0.000972494993064877 -0.143066287607152 0.326678492566227
-0.00298018510073697 -0.010022285401754 0.0302148992103333 0.0313851201149833
0.00931218456974169 0.00705920311483651 0.103990391068473 -0.327845964276468
0.00847868461841696 0.0123708432092467 -0.327848496035673 -0.350817748969249
-0.00198178878954043 -0.0039728864732924 -0.415420016548649 0.164101203241046
-0.0269980708849145 -0.00290342683186393 0.0217776725297872 0.350448985206399
-0.0135041996448361 0.00427788164729844 0.204580939962911 0.109844095254711
0.00295999787355968 0.000672337941150393 0.0935636796202384 -0.0568608324427994
-0.00419701983723475 0.00611293169551668 -0.0484277445123315 -0.0994510513420812
0.00574580411696565 0.0103641619956104 0.0418810933821354 0.0725641184020839
-0.0031046841785527 -0.00089078993463733 -0.0730845896058686 0.0172010917441373
-0.00737844554847165 -0.0106773402284348 -0.158927104669185 -0.157334724701929
-0.00561897115656364 -0.0195494646904105 0.0945822913542353 -0.267436665128909
0.0196910282973624 -0.0129246333271093 0.408814491215688 0.000149316631500818
0.00704890632088138 0.0209946279679781 0.221639121355105 0.427418867636342
-0.0108783500820756 0.00487298995276769 -0.143575307316139 0.327464999869531
-0.00727405228145421 -0.00335149626043509 0.0305566384890695 0.0314850044916773
0.00931393809980726 0.0115983773970901 0.104192634592548 -0.32637021809195
0.0101076773058534 0.011379743532136 -0.327574760390891 -0.344108458061505
-0.00326546617380392 -0.00459349788832463 -0.413498855311598 0.168943347744295
-0.0253630591472788 -0.00117530697763968 0.0224587592174573 0.351430268367837
-0.00934216797591602 0.0056499157981178 0.203736968101187 0.107703126073605
0.0065576164480373 0.000716981326427864 0.0944332083672994 -0.0583592791955711
-0.00187729418469294 0.00591450952580446 -0.0475388593740024 -0.0988960476979676
0.00915149434795085 0.00881023954989303 0.0427287071483502 0.0735642753818954
0.000162617884141241 0.000275125270713321 -0.0700390961896981 0.0184542471902863
-0.00319405577950278 -0.00689423876653889 -0.162393788725811 -0.155097895242504
-0.00441168179394917 -0.0173851752682223 0.0859665997117696 -0.269594905731179
0.018647409152798 -0.0153625154915956 0.406386768167199 -0.0090608089225302
0.00898905759056695 0.0198182414888125 0.232933042228217 0.422481317269465
-0.0127361066606479 0.00975768754251491 -0.137769971518661 0.331443786773859
-0.0118374499037568 0.00182274042315562 0.0287152068683376 0.0349232589448185
0.00872899900471922 0.0149468070577941 0.109451386638471 -0.323474846239036
0.011292842158941 0.00949303738932905 -0.317675230190545 -0.353862996219574
-0.00364915732443287 -0.00692884903011999 -0.420395431471175 0.161992524667463
-0.0228878909122479 -0.000387658423962977 0.011707520092588 0.352205870163282
-0.00494065461403473 0.00731634524384881 0.200358412147375 0.110900346367229
0.00933659034044619 0.00113639648407459 0.0974024666760921 -0.0571106346661217
0.00113862796100618 0.00484868639693017 -0.0472981276963428 -0.0978494503721399
0.00367347870965086 0.003013951562576 0.0403323090554939 0.0822937538034769
-0.0105420616707516 -0.000391083463532526 -0.0650748562829185 0.0491097885280557
-0.0132389887965865 -0.00245173047685802 -0.185905776171731 -0.106580414671042
-0.00674815827237203 -0.0169401825485695 -0.00265492133800087 -0.296803252641951
0.0115615475142008 -0.0240183791966638 0.36339555700428 -0.162898905154261
0.00250089665546395 0.00869923768530394 0.337145223158748 0.298248168422281
-0.011560988351465 -0.011952764379497 -0.0661964168093945 0.345339448765995
-0.000193391102094084 -0.0237891355457816 0.00968567728001209 0.0605423110683595
0.00639680210470823 -0.0081928743204578 0.175071366809998 -0.29552536500119
-0.00274031487517115 0.00313734932988697 -0.199175528048806 -0.473766151330784
9.68128055349004E-05 -0.0098276839235825 -0.469184908071331 -0.010253314107168
-0.0182537588711772 -0.00962820847041847 -0.0956239391177249 0.335872148465112
-0.0192500790116858 0.00786869275306752 0.174867114196034 0.165302352866652
-0.00637563471308791 -0.000185498715590581 0.108166804466057 -0.0224009411871949
-0.00446711111251824 -0.00456003162768813 -0.0482224583365217 -0.0899561664263087
0.00162316404163511 0.00469941331388188 0.0399120976493607 0.0793035564254144
-0.0115959343745672 -0.00097669170221458 -0.069550855750426 0.04261468613366
-0.0162229987581763 -0.00611882745185416 -0.180766936500408 -0.117451576204965
-0.00831513941034555 -0.0188900093667013 0.0223762770594953 -0.295057325267898
0.0131390238491893 -0.0204461942423953 0.379458381502939 -0.130638891530351
0.00166808577333383 0.0114527836947809 0.314948348930344 0.327929204163856
-0.00985029374166239 -0.0138132896938855 -0.0856126206283313 0.34053060740886
0.00326057270808822 -0.0255249685025373 0.0147199080182292 0.0526128634874063
0.00698628247258938 -0.00948682132363384 0.160185558700748 -0.306039663291952
-0.00222479225460766 0.00573371134459534 -0.234087140865634 -0.451135125959095
-0.000228773031646571 -0.00727405674350529 -0.462078435439234 0.0295614709389382
-0.0214607781412556 -0.0095495409536374 -0.0673496959623707 0.342106467633587
-0.0201800651708231 0.00545848927420466 0.184295916292538 0.154152962122819
-0.00677844292040564 -0.000546058948913283 0.104482067438707 -0.0297250738217323
-0.00588568033797121 -0.00164498851913417 -0.0486201127045663 -0.0928456499057969
6.41538398661981E-05 0.00679973908121489 0.0397812602476426 0.0769991782427671
-0.0120251036104144 -0.0025157036208789 -0.0729855674795151 0.0361763769607748
-0.0175803433620855 -0.00996098024173352 -0.174678203917702 -0.12904138152979
-0.00922294583289101 -0.02177725656472 0.0458502542620531 -0.291015474578223
0.0155323356885966 -0.0172227018188672 0.392273249974904 -0.0954428685127608
0.00182638859388256 0.0143312737122911 0.291162388629891 0.358578103771716
-0.00905569012959055 -0.0132141599224276 -0.104324887181603 0.337607342790256
0.00393135244234798 -0.0242803268039521 0.0194953178178923 0.0457020988105866
0.0071667081802484 -0.00688078080990652 0.14368746550612 -0.315743678831426
-0.000570302111008147 0.00869422882640766 -0.267731061681377 -0.423567898233555
-0.000617452421249697 -0.00542805220831499 -0.451894662091818 0.0728379556553085
-0.0240856395035352 -0.00886076543512735 -0.0370039172895521 0.347020488598572
-0.0214066713817595 0.00388455098987172 0.192223198051915 0.142409376733137
-0.00576970329134501 -0.00104705235928241 0.100425568315848 -0.0379831000499296
-0.00730073181835247 0.000931647708969872 -0.0483709740452573 -0.0950608027558965
0.000161271286268015 0.00866277486520344 0.0402056386716849 0.074482325109254
-0.0112465988942815 -0.00269164241759994 -0.0749420435455335 0.0283197408910956
-0.0171052231984446 -0.0128804324908192 -0.168245858001453 -0.140076355228705
-0.00881887461833343 -0.0221818072884668 0.0680867349056769 -0.283772054229997
0.0175014160476992 -0.0143846066658441 0.402787415545983 -0.0588035562584718
0.00262367646925002 0.0170065122637683 0.263786597907588 0.386737809897156
-0.00836508929572712 -0.0101120343888996 -0.122920570232056 0.332377475769969
0.00261117449921455 -0.0208890789443317 0.0237255416952729 0.0392958609505726
0.00775988792343878 -0.00315190094704205 0.126209245889122 -0.321928789226558
0.0021077343502168 0.0110138190240553 -0.296920387500725 -0.395418983439381
-0.00112129286355601 -0.00432622753163051 -0.438445943976564 0.112335272080756
-0.0265013754458633 -0.00715545354394618 -0.0112754913777278 0.350043708392383
-0.0201813085144898 0.00310300331736465 0.19892857217008 0.129770241258956
-0.00351512161550805 -0.000373116218787545 0.0967969675116499 -0.045681850287461
-0.00738117300081271 0.00347964535282732 -0.0486578875688334 -0.0971454459449759
0.00101701766342856 0.0102152898105042 0.0405759430762828 0.0731542261543247
-0.00955887845253506 -0.00228420371200371 -0.0757773329983755 0.0214830781178359
-0.0146161262204933 -0.0144049122712477 -0.162532833371511 -0.149410981791852
-0.00784177565313758 -0.0222866795233297 0.0868249032493717 -0.276670479374752
0.0191852906030373 -0.0125151458220775 0.407888073024163 -0.0247917931291097
0.00382077926401454 0.0188750875222271 0.237590026581847 0.410179529039664
-0.00853833327864671 -0.00585371639518905 -0.13670331156669 0.328100910225728
0.000955671486179031 -0.0161433695062792 0.0278155815457835 0.0340456402475865
0.00857453682958031 0.00189278579673217 0.113729332117457 -0.325757237490954
0.00569974740807156 0.0127588562302162 -0.315409486481092 -0.369992429508998
-0.00173954331754719 -0.00388287862969396 -0.427315854725065 0.143439738050787
-0.0272068799386319 -0.00436037061078934 0.00998329950060044 0.351643236399118
-0.0173669490915434 0.00375476031373924 0.20335305023816 0.118231162504712
-0.000719580108401971 2.56636597046819E-05 0.0946821907786458 -0.0524219560523115
-0.00649803648710319 0.00523451239416596 -0.048654731870023 -0.0989319833153108
0.00335542254058065 0.0101771949791692 0.040935198613915 0.0718037354289565
-0.00620819334758027 -0.00190423606079773 -0.0757993003822213 0.0178525188811997
-0.011248394105246 -0.0133063899162653 -0.159380572545113 -0.155033316101717
-0.00622904499137852 -0.0216576939054504 0.0961497535144823 -0.269925588058284
0.0199168433672439 -0.0117107468340437 0.409994896462817 -0.00373741829696722
0.00499379203670702 0.0205984443075533 0.224725973442167 0.424765032055947
-0.00990465642025024 -0.00111769800086489 -0.145292770424986 0.326468712164897
-0.00258449236127714 -0.0102597069041199 0.0299825215443216 0.0312047028010208
0.00892822775819654 0.00681386454943642 0.106210802640053 -0.328221501273329
0.00851165394265615 0.0124081319905671 -0.326626904122764 -0.353937159977518
-0.00252528483834281 -0.00371612214185577 -0.417556027914177 0.164659649431994
-0.0270480698385149 -0.00286192432615254 0.0207879743889815 0.352461766645017
-0.0140344682039782 0.00419478702336218 0.204473848290237 0.110371570530528
0.00294025550707767 0.000383200644526879 0.0940357044517482 -0.0560904823839555
-0.00448939825599602 0.00652263373267421 -0.0479118141928864 -0.0997098346967155
0.00529110207473147 0.00999008090209207 0.0415763691310533 0.0729676854745648
-0.00295985453651207 -0.000993791791568722 -0.0729784293876301 0.0158894536202253
-0.00753052608479832 -0.0109596902616204 -0.15939306033225 -0.15816430467212
-0.00553746601100576 -0.0192718855480736 0.0962084491228421 -0.267837098643226
0.0198080272574259 -0.0130185251872165 0.410200075794627 0.00204198434982406
0.00707631798625768 0.020612215141353 0.220736745958105 0.429972568893562
-0.0112357593509173 0.00465705623153157 -0.145762048333501 0.327922936001152
-0.00762459547263167 -0.00394304975136107 0.0301069454681182 0.0311622325880702
0.00979819458186986 0.0111606094924164 0.105940480440376 -0.326663133382348
0.010672601669559 0.0112221575347348 -0.325944702509605 -0.347864466396917
-0.00339523650530228 -0.00478213305130144 -0.415648998879922 0.168820201600753
-0.0253933497110386 -0.00149089045810428 0.0215116884785981 0.352333031083475
-0.00952124556949046 0.00528832294587981 0.204379261385116 0.109303390471926
0.0064576575545573 0.000938155592555372 0.0951727336028454 -0.0585556267728357
-0.00216485554601076 0.00635422445387005 -0.0473737035939157 -0.0991835163232089
0.00907786533588545 0.00881551840628797 0.042401527512 0.0733730560854864
-0.000130195945596197 0.000158435011809239 -0.071003450715043 0.0174206346735282
-0.00314265882550555 -0.00730030502224885 -0.162191696665925 -0.156006808937739
-0.00383618475328669 -0.0177325678467303 0.0874337396581288 -0.27091916973038
0.0187319142851572 -0.0152495599355741 0.408422891402037 -0.0078961680101945
0.00899604858409848 0.0201124654713061 0.232453630002457 0.425268055924451
-0.0124405917080914 0.00931413797030511 -0.139025189553545 0.3311285258143
-0.0123924972958216 0.00124161562862543 0.0291832024650417 0.0346342139220871
0.00883636056031433 0.0150061983430663 0.111900997392961 -0.324883314793733
0.0113698322162696 0.00900670748423364 -0.318458511258042 -0.355061214649893
-0.00370208976005512 -0.00658370801894064 -0.421254583267911 0.162955302567531
-0.0231315485155993 -0.000271139686848563 0.01048176252948 0.353993204370136
-0.0049943446861913 0.00751688572837217 0.201648229468117 0.111991923604573
0.00937186763259523 0.0014948621777793 0.0978322754020237 -0.0565137282080749
0.00106624728418665 0.00498602744234468 -0.0472672999947114 -0.0982077795020177
0.00341742739908378 0.00247480790453846 0.0400385567348692 0.0828831512738515
-0.0107752057585664 -0.000884286797044862 -0.0655197334350119 0.0486246456034733
-0.0134983448878308 -0.00268177001286535 -0.187572792125166 -0.10688228417483
-0.00702028877073978 -0.0174697230191762 -0.0013181219881684 -0.297971312558482
0.0114641758002079 -0.0234733975147901 0.365183477351128 -0.162582273490994
0.00237167620172421 0.00891882840051994 0.337301979313249 0.300870930560653
-0.0117496753944244 -0.0120509266220283 -0.0680619410572623 0.346609118884054
0.000211777193038695 -0.0238470120730294 0.00924553946496373 0.0606847542511592
0.00612716392636963 -0.0090927999994444 0.17754602726341 -0.295387018533287
-0.00264475559904946 0.0031566347884593 -0.199417070256276 -0.475674252861525
0.000560374796393804 -0.00947959477462448 -0.473053523300878 -0.0115097728094315
-0.0186335032422265 -0.00972058936253474 -0.0968804632406024 0.337044248171365
-0.0192000681601546 0.00734298896761979 0.175463006001017 0.166719299802207
-0.00678450881550893 -0.0006777387333407 0.10902864136991 -0.0224341608549966
-0.00439637973440558 -0.00454338204415511 -0.0481040802775373 -0.090499015058922
0.00152351543581172 0.00455588397857969 0.0398415441938977 0.0798336915171801
-0.0119864431573083 -0.0013870821627743 -0.0702677883524545 0.0423735993381262
-0.0162760397388633 -0.00635743368553232 -0.181918382536332 -0.118130783593359
-0.00803700867310499 -0.0191726932758457 0.0236430830007546 -0.29644441068976
0.0133595710067579 -0.020512050955619 0.382134115822197 -0.129868374280153
0.00203018607417003 0.0112434926215806 0.315192790440618 0.330405693466018
-0.0101646874126609 -0.0138954159178588 -0.0864586409447173 0.342941995960734
0.0032907060933973 -0.0253861986771314 0.0148019736370246 0.0532317141285086
0.00731090387239513 -0.00955189489515958 0.161575521660292 -0.306708259657967
-0.00229666543069932 0.00602203427483389 -0.23312879418752 -0.454818586637941
-0.000228666788565246 -0.00759970776870913 -0.464906905614257 0.029917332299678
-0.0217923297792943 -0.0093906571976246 -0.0677053541925164 0.343742053435975
-0.0209790006029047 0.00518727169314945 0.184801455290157 0.15537347552309
-0.00676227118217552 -0.00110257646445432 0.104952577200013 -0.0297591003311339
-0.00638546532743827 -0.0019175256533826 -0.0488634176845594 -0.0926183575040847
-2.84995135586043E-05 0.00676186200962926 0.0396905213963269 0.0770158761763292
-0.0123559936944741 -0.00235085221006167 -0.0735656898263802 0.0352452802760163
-0.0177559980964605 -0.0103330000451702 -0.175470095544393 -0.129878478039396
-0.00917121177640615 -0.0214762197589492 0.0473925615691006 -0.291849192521302
0.0160487255274432 -0.0172003038934183 0.395368476012566 -0.0942328785448056
0.00173783447179217 0.0142444310240446 0.28947372000708 0.36057301346307
-0.00929095734151576 -0.0135025290145668 -0.106128648334147 0.337750974858179
0.0042302747198747 -0.0244609774399988 0.0191864724107998 0.0456897537887586
0.00776663932259797 -0.00693144363740391 0.145123911320139 -0.315977481142279
-0.000162598531131717 0.00925749059901296 -0.266628900495924 -0.427457594304696
-0.000778816380597598 -0.00524212627924843 -0.455035472901318 0.0738867991272682
-0.0243459918952231 -0.00861649761258008 -0.0382228542740982 0.348758272584661
-0.0213006490074012 0.00366112994467375 0.192923799724188 0.143222895820482
-0.00593962940151664 -0.000728437114089715 0.101118352744802 -0.0378111506572355
-0.00747224427222688 0.000524587147092283 -0.0487275710013626 -0.0953193788762047
-8.77696191725251E-05 0.00873839457534455 0.0403675292400721 0.0746657761785278
-0.0114023993817304 -0.00242618385974628 -0.0759245638115046 0.0279400411655861
-0.0167747801083814 -0.0129488902568908 -0.169218413638232 -0.141023268233704
-0.00883998195331977 -0.0224025934978815 0.0699445364697674 -0.284525999982022
0.0173686171519232 -0.0145834691500539 0.403976646892338 -0.0580300814662621
0.00263697762458915 0.0168226016926944 0.263214002751607 0.389686258159206
-0.0085192496540061 -0.0107663795216819 -0.123378891190811 0.333666180648376
0.00313809711045998 -0.0210814799434202 0.0236335271135992 0.039752662076488
0.00813744552162611 -0.00333314070705304 0.127954249727158 -0.322878434768642
0.00317830860941553 0.0111686786582698 -0.295498315992551 -0.398382066024301
-0.00055665979181639 -0.0041422932338373 -0.442139425623298 0.112080247447367
-0.0267363171482699 -0.00683451452851722 -0.0114224079218138 0.351898476147718
-0.0206148235104816 0.00353037627676601 0.199273632848841 0.130791677940083
-0.00356689709453276 -0.000379696512095448 0.0979111798312852 -0.0454058028761536
-0.00748248097168471 0.00366534000618596 -0.0490084034666259 -0.0977358351358917
0.00111126226069586 0.0100785544326994 0.0404148893033986 0.0737955142847357
-0.00955052297444167 -0.00280867114453607 -0.0766031685320432 0.0211967357687536
-0.0146752030152864 -0.0143578435645287 -0.163536758029091 -0.150157367389235
-0.00770787499649599 -0.0225980036988726 0.0874624700467752 -0.277160147191184
0.0189102570676148 -0.0124638533081561 0.409907751597913 -0.0241988029618164
0.00373685102196663 0.0188221124996944 0.238588239119278 0.413920429533614
-0.00825154662433815 -0.00666146867401057 -0.138186540510895 0.329627457068869
0.000526304644149755 -0.0162296323504429 0.0277464195129684 0.0345106401713547
0.00877915205749986 0.00137412395186949 0.115576414127231 -0.327451576930318
0.0059897805201235 0.0124205295186337 -0.315557894743072 -0.371825890674561
-0.00153130698496692 -0.00358970926512471 -0.428832776056039 0.144180784941123
-0.0278776141715811 -0.00480954528440814 0.00932018425258451 0.352759710993157
-0.0171312279443706 0.00350370586778469 0.203656808644453 0.119723306058347
-0.000794981941463785 8.87394312261095E-05 0.0952255705196895 -0.0517759252730692
-0.00656900646558543 0.00524809931573947 -0.0482223701303317 -0.099724952977337
0.00288900572619336 0.0103551497599387 0.0412530870662269 0.0726802268988408
-0.00689267034986618 -0.00158212224568581 -0.0760870419856958 0.0171595943467381
-0.0112040128318042 -0.0136017405209971 -0.16043695302234 -0.156221434164551
-0.00659111916160494 -0.0218486229416435 0.0971614534942473 -0.270980332646791
0.0199423065768364 -0.0117887893611542 0.412253032915837 -0.00333333531212526
0.00541034253728455 0.0205629838346156 0.222583617839766 0.427653342632461
-0.00985024991523515 -0.00146247773257181 -0.146556384656925 0.32791665680397
-0.00301039116411892 -0.0103760090222829 0.0300820615191419 0.0315431453223476
0.00944181708477573 0.00635976995216818 0.107625412932154 -0.329593181461919
0.00833876479994267 0.0125584740070422 -0.327901346477461 -0.355000750085396
-0.00249134219261969 -0.00381180465355703 -0.419888333418535 0.164301490000169
-0.0274170572766767 -0.00280001229394157 0.021079538684714 0.353692523668574
-0.0135928292193226 0.00418314784421627 0.205267557076302 0.112315425114886
0.00284419364562771 0.000461459769402497 0.0946624997254761 -0.0561218789982341
-0.00465362713592286 0.00601789178550986 -0.0480026317488319 -0.0999036244726845
0.00575784222283766 0.0096478170655143 0.0415319363125714 0.0730154969378427
-0.0036107123715187 -0.000999748978979821 -0.0735949970414746 0.0163016290814669
-0.00722185001508725 -0.0111700566743895 -0.16011330578755 -0.15933470387023
-0.00501423712637881 -0.0199528246151156 0.0972442512897217 -0.269302444004089
0.0193452861101039 -0.0128511296513881 0.411666060647809 0.00273222796153559
0.00705485523018173 0.0208310546290446 0.22022348814817 0.433301830277728
-0.0114320417102513 0.00425866053794698 -0.147574888495792 0.328328402744425
-0.00789310840473748 -0.00421609345240705 0.0305192109971424 0.0320887077723748
0.0091639966943409 0.010894937849783 0.107452071313827 -0.329028195017635
0.0110497615879813 0.0116364919861898 -0.326651842066255 -0.350763609525361
-0.00295073270434982 -0.00462692131945746 -0.41836709484767 0.167849447098327
-0.0258205740184724 -0.00120639874145977 0.021382535342621 0.354422465022488
-0.00963547062853284 0.00540079903824045 0.205344737441009 0.109718815977313
0.00642931501985653 0.000509005108235267 0.095799309530126 -0.0580624105706081
-0.0020138199760441 0.00616335884167706 -0.04742131708294 -0.100211022591798
0.00863797489269432 0.00829209172550646 0.0422601744861957 0.0742078475294901
-0.000446259876825865 0.000215638061513604 -0.0715888107315222 0.0178092202302931
-0.00300777285101376 -0.00737774189333532 -0.1630935643241 -0.156597492438727
-0.00399995491381495 -0.0177962268479443 0.0885593701471673 -0.272103056760208
0.0183164217891114 -0.0154061273355681 0.410584747568245 -0.00671250543072134
0.0092950710839307 0.0201535283178579 0.231560264795982 0.428160844527479
-0.0125829013164751 0.00877048265207737 -0.140834204168841 0.332553861446331
-0.0122275971418838 0.00141581523216155 0.0287873384787607 0.0349709863919047
0.00809483135008108 0.0140359959552217 0.1136818028356 -0.32551252234155
0.0120596468037683 0.00934704220026223 -0.31708202702487 -0.35810516535882
-0.00353291473241974 -0.0063141370286303 -0.424662477048512 0.161245439215018
-0.0234352258335836 0.000139971147813013 0.00987929196967277 0.355452021352946
-0.00474743088733362 0.00748115754375666 0.202025722597765 0.1127182529958
0.0092805731393848 0.00118768315293073 0.0985202670363996 -0.0561548268544511
0.000413515509424082 0.00510252326737707 -0.0474382537313783 -0.0987705283793573
0.00353552290671504 0.00243702212036654 0.0406900303148085 0.0830239040067205
-0.0111041257243205 -0.000611649016076836 -0.0662373065268085 0.0483497870680557
-0.0136735845084758 -0.00290471088475588 -0.188896833737848 -0.107710298726155
-0.00669326552456931 -0.0174953291411384 -0.000676230258743518 -0.300209817080035
0.011244081973942 -0.0238137511188119 0.368510733566386 -0.162513885463453
0.0020514621523295 0.00873704974895802 0.339811608982745 0.303257779109232
-0.0118481849599973 -0.0120275271015651 -0.0685488386148147 0.348664126898183
4.49619080442104E-05 -0.0240608548515124 0.0092875002101814 0.0613499967008511
0.00617431589438474 -0.00944104902966287 0.179173305534737 -0.297508607037196
-0.00191252157451345 0.00313332349623294 -0.198742107244313 -0.480266497326803
0.000486621070884377 -0.00965905551799324 -0.476130648089959 -0.0112054459483477
-0.0190276132939531 -0.00946808833260922 -0.0977401943363705 0.339473832354601
-0.0193727453537378 0.00755796617494758 0.176912139864929 0.168500350427252
-0.00708669089472094 -0.000680991139594432 0.109973030768508 -0.0216482167355358
-0.0048804185565568 -0.00414527376891413 -0.0482328578437531 -0.0910574693539918
0.00137095374643281 0.00428780307239824 0.0395786923036254 0.0806249600112246
-0.0126152336088484 -0.00153431617461877 -0.0705961255629825 0.0415969628447114
-0.0165906872351351 -0.00663611925231077 -0.182932104164461 -0.119091585034719
-0.00819324886461288 -0.0197355124488892 0.0242492499933164 -0.298396168418409
0.0130534440124606 -0.0208169797662733 0.384960792850031 -0.130268072156065
0.00134054740562436 0.0109979689174531 0.316997839562735 0.333313688678367
-0.0103616958753022 -0.014160780681881 -0.0883192503537552 0.344314340291716
0.00280744518019651 -0.0255158848228922 0.0146142623711259 0.0535331591483442
0.00714455310175788 -0.0100472551535946 0.164123616956391 -0.308838908562303
-0.00191351991047507 0.00601664192579179 -0.234344989990317 -0.456027700589415
-0.000241592143995236 -0.00702670791587858 -0.468503926042862 0.029205336012088
-0.0218870188136492 -0.00955256099507285 -0.0688484088317752 0.34575266288928
-0.0210557096695634 0.00542572391781634 0.186346292871448 0.157437250014452
-0.00697081349471361 -0.00140760731226438 0.105843522606122 -0.0293553690687188
-0.00633722121160175 -0.00188781004215998 -0.0488393757524617 -0.09380888839362
5.46736259612902E-05 0.00685375389862009 0.0396213053143347 0.0779134205702338
-0.0127736653592993 -0.00228795416420112 -0.0745082522498061 0.0347662678052837
-0.0173146654744626 -0.0102200491338823 -0.177019085515424 -0.130858556813354
-0.00902518143882136 -0.0216229261063108 0.0489020982058994 -0.293802169986394
0.0152492082385565 -0.0174171562282053 0.397991408003108 -0.0938152903847362
0.00206457348911816 0.0142775939495105 0.291573960594744 0.362733049867196
-0.0092868119786977 -0.0137220363757981 -0.107361185917112 0.340122532657912
0.0036489749933537 -0.0249805788190958 0.0192239592634882 0.0464155262604514
0.00744948393011497 -0.00730589529919712 0.147449106568265 -0.317928700358451
0.000193546008981771 0.00891790718731843 -0.268403790338566 -0.429785562353981
-0.00046744125783067 -0.00520998593593958 -0.45714931407467 0.0729505488434923
-0.0245800008063947 -0.00853353801940545 -0.039009564491146 0.350695977487539
-0.0216933508194277 0.00342694574658437 0.194278192367191 0.144740241690992
-0.00580188842576636 -0.00122702972897273 0.102171857400737 -0.0375751632718833
-0.00782397006476278 0.000992795072222765 -0.048650783754926 -0.0964454217282109
1.93360791043767E-06 0.00838698483351835 0.040316810278674 0.075225856646323
-0.012015457621697 -0.0023976699069647 -0.0768781593784891 0.0270382319594036
-0.0172842194884482 -0.0130548587636487 -0.17048778745932 -0.14144654764476
-0.00896429222016262 -0.0228363862596064 0.0711235774420994 -0.286412673848171
0.0176652337702883 -0.0143593529717701 0.407754560310337 -0.0568838765450398
0.00242338512284333 0.0168141032070779 0.26315005419228 0.391628752381441
-0.00856343181888459 -0.0112310246552641 -0.124856821897203 0.334497330730062
0.00269303588970601 -0.0212310811999275 0.0238424224248456 0.0399408562134
0.00852543181398322 -0.00396074425258421 0.130181890468175 -0.325322541615292
0.00296475867434957 0.0116075687750564 -0.295547380602129 -0.401761608178794
-0.00114777850614878 -0.00391297532345362 -0.445584412703832 0.112122973631638
-0.0270801531501727 -0.00681342940369378 -0.0121847559863242 0.353978268520848
-0.0203606091491986 0.00315514345321157 0.201095733154119 0.131768425098973
-0.0033187264334169 -0.00046133723928168 0.0984864000549507 -0.044962220453393
-0.00769967217144872 0.00359281783383935 -0.0492764950772353 -0.0983684654292112
0.000995296245273532 0.00973066343051151 0.0402519643220222 0.074117500848344
-0.00995232636262158 -0.00260386399660746 -0.0777629392520653 0.0208735342220567
-0.0148328540466684 -0.0145680209922841 -0.164865566595118 -0.151197769644889
-0.00782691009480908 -0.0231019149073159 0.0890476197503959 -0.278826512798298
0.0189596046689655 -0.0125720861661796 0.413071640877638 -0.0230625009712176
0.00382866399261957 0.019216126370335 0.238698825922512 0.418242849310857
-0.00890212758122646 -0.00701688376303303 -0.139982107446945 0.330918145612861
0.000515506280927467 -0.0165170591378883 0.0275656749941375 0.0346189117259042
0.00858422617753293 0.00105135379499286 0.117472572976127 -0.328870518145129
0.0059408579450239 0.0124186979573674 -0.316746120243188 -0.375914950322029
-0.00163498742637079 -0.0033131686434554 -0.431902954178901 0.144006776401214
-0.0280267669246478 -0.00467901260479081 0.00928559446503224 0.355628588177083
-0.0177596936123246 0.00360587567506297 0.205399750792474 0.120880767430151
-0.000636288860981559 -0.000106664732467433 0.0962006348757237 -0.0520313017038907
-0.00677429736062595 0.00566311943335974 -0.0485287222179108 -0.100289928171422
0.00287320376359966 0.0102196085257941 0.0409677740890643 0.0730717897679171
-0.00710669654482396 -0.00218577902965195 -0.0767220501219318 0.0168673815558124
-0.0114857616153425 -0.0136894997957058 -0.161825836533569 -0.157251903594594
-0.00614566251886102 -0.0218455153356085 0.0987275555975418 -0.273118832130686
0.0197422071468701 -0.0117696919936464 0.416272409899549 -0.0019548961812512
0.00502559376595348 0.0208064077274931 0.223568327705606 0.43094031697334
-0.00999518261990768 -0.00157309449796263 -0.147838455773161 0.329320736183046
-0.00353642281753842 -0.0104033502671297 0.0297602109780195 0.0320651069155578
0.00919999879272056 0.00593871115579711 0.109739974994897 -0.331388601713841
0.00931135089301893 0.0123590588287131 -0.3286776748625 -0.358876130186839
-0.00254653763208607 -0.00349934864746044 -0.422828849555037 0.16410905688277
-0.0277975502306608 -0.00284186234543709 0.0201614126591597 0.355751383614853
-0.0138786400507096 0.00428805146292389 0.207411885445058 0.112816120403908
0.00292102105660894 0.000306009823246496 0.0954857000923155 -0.0560542055124623
-0.00493472420450898 0.00669429148344664 -0.0484127449113209 -0.10099224424703
0.00572789838176516 0.00968836996692252 0.0416696138567031 0.073816840589641
-0.00393290170104433 -0.00103328877939654 -0.0749456585063545 0.0159576991332607
-0.00724628692862691 -0.0114910498596531 -0.161475996808989 -0.159910882068599
-0.00488655579874172 -0.0208929445267884 0.0982992849834222 -0.270992403927551
0.019538648745568 -0.0123865046641806 0.415056010300543 0.00489425514267427
0.00709703573673546 0.020985797641709 0.220534487683667 0.43680293667672
-0.0114541285347004 0.00401285461703861 -0.148971403296161 0.330129172569116
-0.0082777266965672 -0.00411927368635337 0.0302557291312272 0.0322338675355576
0.00948684516967312 0.010789655607372 0.108783238114834 -0.33004120036048
0.0115566568978854 0.0116057444346814 -0.327860099473717 -0.353622837999583
-0.00297151700228749 -0.00465377433697608 -0.420911290614221 0.169006983709875
-0.0261931867331001 -0.0013954515338979 0.0209505439174039 0.356022385360426
-0.00956228237539578 0.0053159655283012 0.206520104343585 0.110947072258085
0.00612068209716187 0.000850590835738311 0.096598954116271 -0.0578071207397899
-0.00242524003179836 0.00640853333577855 -0.0475579767140103 -0.10029531984617
0.00847567717681001 0.00831294940307633 0.0423392166704376 0.0744538802859455
-0.000706557266838097 0.000410115472644556 -0.0723023779364395 0.0173361319673139
-0.00303178604304897 -0.0079011403826399 -0.164508307621931 -0.158069239147732
-0.00376529375442887 -0.0180911031563701 0.0898582504201931 -0.273145646335474
0.01836665562838 -0.0152135916035034 0.413742616664989 -0.00677934411185621
0.0090761266900749 0.0199470162416639 0.231062222075114 0.431367996948044
-0.0127634267860579 0.00884973653481448 -0.143232490395998 0.334651183780773
-0.0129565793006295 0.000967650974225476 0.0286698307671796 0.0353274434238706
0.00851148767936651 0.0141096720008578 0.115940946986664 -0.327545210852227
0.0126981560997263 0.00998695027892018 -0.318238299159455 -0.363374193781543
-0.00380009183867637 -0.00650957494681527 -0.427507234730598 0.162378654804696
-0.0235816618674267 0.000189167894084298 0.00960635037885666 0.357622801113152
-0.00508927851454474 0.00750406919975793 0.203897893605189 0.114267012954307
0.00877232979448899 0.00134243688715174 0.0993358031549168 -0.0557993911519713
0.000244561289423229 0.00491153935797264 -0.0475355599299503 -0.0991491552855076
0.00341153482616604 0.00200071944449959 0.040540983058133 0.084061802812079
-0.0119324896007202 -0.000886041551343729 -0.0669587678816231 0.0480704533665371
-0.0135918595250791 -0.00298821046363965 -0.190738943291032 -0.108178102289273
-0.00691753212309806 -0.0181035282484239 -0.000989984234547131 -0.302519729867058
0.0108633333976804 -0.0241441379954247 0.371812949432822 -0.163972546156114
0.00259430708384101 0.00876365151690703 0.341953708828558 0.306246440731709
-0.0123409765911653 -0.0124172245306848 -0.0696157452626803 0.351180456808958
-0.000253968769331789 -0.0246089059052 0.0095230578973534 0.0616477327408317
0.00688773461477649 -0.00953619372143079 0.181282948716091 -0.299770784644805
-0.00194966222298809 0.00342281374471428 -0.201567581060627 -0.484687929402238
0.000165786991372707 -0.00927084003382137 -0.479461672814457 -0.0123872445106713
-0.0192953171014977 -0.00990089091994371 -0.0977102993568732 0.341991945180278
-0.0189532701206736 0.00748744692232928 0.178428962284189 0.169811492780337
-0.00728266006852204 -0.000978394099022875 0.11049648754972 -0.0216505582398723
-0.00459262819269709 -0.00410118562907612 -0.048595354689947 -0.0915261015221196
0.00135953861021994 0.00448243647690962 0.0401879815302542 0.0812624868834538
-0.0128346299197838 -0.00156733130405907 -0.0716620176750663 0.0418742034470349
-0.0163862589161789 -0.00685469902853918 -0.185180205149027 -0.119856882199528
-0.00813759950115217 -0.0196536892895247 0.0249058562444632 -0.300731659368043
0.0128793948527606 -0.0209274563209861 0.38815988962592 -0.130224366733115
0.00154678131091791 0.0109811876207526 0.318435778072408 0.335237707308039
-0.0104168084301564 -0.0148981737713776 -0.0884761839576037 0.346379456937569
0.00293659175949741 -0.026056176620573 0.0142155222525219 0.0538690202634997
0.00728370700255013 -0.0102782892564591 0.165863399199354 -0.310882409332011
-0.00140748091663134 0.00566872503817429 -0.23669958329 -0.461639136200252
5.56647066417395E-05 -0.00735635700548014 -0.472451196517194 0.0293009036466094
-0.021967387553795 -0.0100941752586501 -0.0696897039493078 0.348367867886476
-0.0213829272470921 0.0052778705020496 0.188001430563667 0.15845068683975
-0.00711049049035978 -0.00135367545856233 0.107595474356921 -0.0291461096292412
-0.0070437448125407 -0.00117153216335853 -0.0494030757170593 -0.0944872696182458
-2.24736491286948E-05 0.00638212225081203 0.040226558925051 0.0783711570503491
-0.0134156186965512 -0.00226520495792749 -0.074945882678247 0.0343733580049364
-0.0178818076787414 -0.0104801531778391 -0.178779356489689 -0.132152465504838
-0.00855099160452853 -0.0220027521617704 0.0488191794627001 -0.295493816439639
0.015498312141838 -0.0176565506724157 0.401194077449302 -0.0946414288263287
0.0017458888517766 0.0143241835342077 0.292667412210571 0.365914167527401
-0.00935486161671726 -0.0138279720720584 -0.108882664823281 0.34201577194513
0.00403552298951653 -0.0246167614995259 0.0191816599511982 0.0466552342740397
0.00790123528637702 -0.00827969344299373 0.147914896624893 -0.32036642896043
0.00030748675997659 0.0095856883824345 -0.269678621476132 -0.435222675820005
-0.000351430792127207 -0.00491752922734911 -0.461681930547018 0.0731259062451265
-0.0250796864096179 -0.00864907017000083 -0.038474184521244 0.352922187668892
-0.0217053675046564 0.00341947279377989 0.196575143481278 0.14552890952803
-0.0062952936499084 -0.00124473664852975 0.102755141577333 -0.0373852103939961
-0.00803293008702605 0.00131550820864143 -0.0491870694123998 -0.096800530669368
-0.000163480538252985 0.0082218583137917 0.0404678804147675 0.0758203081058509
-0.0124912870198461 -0.00260853092723919 -0.0774491723749021 0.0275151686911704
-0.017351772370355 -0.0139767032336659 -0.172383894317625 -0.142550061480538
-0.00889258799574522 -0.0233438974951475 0.072011543047032 -0.288873933247223
0.0174621286552016 -0.0144238520562463 0.410649947458948 -0.0572252909128284
0.00217730222668199 0.0169443778533532 0.265465914267919 0.397095312770961
-0.00853825659616512 -0.0110101116173799 -0.126346092791017 0.337410263400225
0.00287241827536408 -0.0215225716710949 0.0237361303908023 0.0398096466972555
0.00803370491679438 -0.00399506715576073 0.132521197664361 -0.327362291081346
0.00327689841744717 0.0116138935716348 -0.298369044579138 -0.405017815942625
-0.00125322931923613 -0.0040602708494663 -0.448857006158189 0.112891564960937
-0.0271946608745739 -0.00705480721911922 -0.0119126872976625 0.356852811587271
-0.0207050169545762 0.00320339143976834 0.20256908400744 0.133243933230888
-0.00379608207979209 -0.000820267977167069 0.0995761263736058 -0.0454860379805911
-0.00773113028612984 0.00381647239818601 -0.0499204000769712 -0.0988465297821168
0.000803286959742153 0.00983104870611738 0.0407142849885621 0.0744481450163885
-0.0101981584407507 -0.00277365540256903 -0.0782730758508483 0.0205652750507773
-0.014656357831379 -0.0150369954039901 -0.166840689330467 -0.152619812873632
-0.00772703987036083 -0.0234868669505767 0.0904926682740404 -0.280884855908544
0.0191264032275917 -0.0124730642065434 0.416510312949966 -0.0227825291116685
0.00382240720372199 0.0193018155690278 0.240539136772046 0.418714680578637
-0.00916740245006363 -0.00725308591109304 -0.140833052936326 0.333003669828926
0.000707254490664291 -0.0166361789396543 0.0273751651359017 0.0346324561547363
0.00885225637304764 0.000759214877390729 0.118691541081058 -0.331497830333456
0.00677952006096012 0.0124103107838996 -0.318917774322042 -0.378936492434835
-0.00172685231734943 -0.00332965285395082 -0.435202873789883 0.145186858792955
-0.0285808208462014 -0.00470833299341618 0.00899261076699649 0.358225365980961
-0.017675077908644 0.00350702278953142 0.20736066395134 0.121397325786368
-0.000587250085721464 -9.04449027449078E-05 0.0971905523176095 -0.0519259894403621
-0.00711513286870344 0.00582233863659163 -0.0487409506241228 -0.100976158499991
0.00245671705222597 0.00991095323940365 0.0410534872888698 0.0738388162927544
-0.00769373423071456 -0.00184459355746698 -0.0778453812648617 0.0165918444244708
-0.0111677508621743 -0.0142833515464327 -0.163893158874429 -0.158639263944636
-0.00672951649637715 -0.0229559338379705 0.0998168616457385 -0.275243832135214
0.0200805953477628 -0.011677125338301 0.419760242790148 -0.00170384380228786
0.00532760372101092 0.0204689632658117 0.225233052632736 0.434363102570532
-0.00974570582611502 -0.00185545693296648 -0.149144785697125 0.331248356266167
-0.00370698924672509 -0.010499849655458 0.0298792708902312 0.0326824246387173
0.00910673258563742 0.00565993320816989 0.110317600621851 -0.334448270792485
0.00939807202093981 0.0125569180595084 -0.329790391197981 -0.361642880208262
-0.00247814567736927 -0.00364753320127448 -0.425879963953651 0.16550419964072
-0.0280357849644534 -0.0027345497645084 0.021020926163919 0.358348259301766
-0.0140219539301869 0.0043808544122778 0.209327882464873 0.11400367429915
0.00277983286096602 -3.06782954654031E-05 0.0962953691870416 -0.0561915832568411
-0.00534177203439742 0.00688492226294811 -0.0486550030243707 -0.101503280645261
0.00565576628031265 0.00934636632728473 0.0419032684998628 0.0739479549553181
-0.00431729715010301 -0.000611597996426563 -0.0758800132217779 0.0156215099200791
-0.00761692586639541 -0.0112611229727501 -0.163279246492162 -0.161160819021006
-0.00554994992581355 -0.0209958596026087 0.0997067338391849 -0.273336717606649
0.0196673519100262 -0.0126123558506877 0.418242992194375 0.004564648598165
0.00717898261337891 0.0212615536065352 0.222377883175309 0.439563724199502
-0.0118350317477092 0.00398560207724466 -0.150807411751852 0.331994233179462
-0.00835718888968667 -0.00440746373009126 0.0301496528269469 0.0322928685570883
0.00884854452531935 0.0107386382187395 0.110998294214476 -0.333274529616797
0.011691620012085 0.0114907973064373 -0.330152221236012 -0.357178088891182
-0.00315560361481666 -0.00452906478465978 -0.424953079056496 0.170131285253533
-0.0264870312842554 -0.000971073170067718 0.021373237132672 0.359362710598782
-0.00946351903700697 0.00554291559424272 0.207717212046433 0.111984460860711
0.00615777449193677 0.000425110812631746 0.097811098953614 -0.057696248357873
-0.00220899176904119 0.00682369685586463 -0.0480505633914351 -0.10171359545923
0.00859461226033428 0.00790233700763225 0.0422871772644643 0.0748049924865139
-0.00122999595144429 0.000421336406717904 -0.0729480531840911 0.0171653251142902
-0.00350197154564507 -0.00764717705510852 -0.16611079275403 -0.159095682621999
-0.00423911170932397 -0.0185291030064845 0.0911707779481224 -0.275614175092944
0.0188180370372084 -0.0151934285827227 0.416664469996791 -0.00637921718477986
0.0090988674306769 0.0204397364030268 0.233417771931646 0.434525187640684
-0.0132836886854796 0.00881546412308693 -0.144442759860991 0.335940361626718
-0.0129403800065835 0.000673230344289953 0.0290886498811447 0.03536097202048
0.00820331199258287 0.0141766292009469 0.116550382098607 -0.330454008656672
0.0122866099483165 0.00945701388672971 -0.321492569273671 -0.365256997370009
-0.00351640389019801 -0.00642639454563047 -0.431701580968641 0.163748954015342
-0.0241938489419612 0.000167844617516863 0.0102088252408217 0.359911428133113
-0.00541914844768769 0.00758547830598853 0.205470814030735 0.115077561271514
0.00900325871903396 0.00114711095142922 0.100768575352064 -0.0560209226795952
0.000677157132883428 0.00543048750606113 -0.0481856281050583 -0.10028268074917
0.00336772661948026 0.00202762504485532 0.0409652676879685 0.0846166073899033
-0.0116027992646358 -0.000645244063356875 -0.0678072716118701 0.048203779659389
-0.0136872600792911 -0.00308162332300571 -0.193111015517475 -0.108790333393818
-0.0067827564412311 -0.0183312216074652 -0.0010807412401815 -0.305283791999814
0.0107204724770512 -0.0241389369171122 0.375157895424629 -0.165333540084877
0.00211507398078552 0.00877349702527358 0.345912415411114 0.307484640992861
-0.0123152539366941 -0.0131977004079675 -0.0695835388623604 0.354185651653083
-0.000494881388137058 -0.024575052747177 0.00923940164217454 0.0623918474001208
0.00622138318972497 -0.010371026803302 0.182603555783651 -0.302862603588129
-0.00172731682384566 0.0031613402017079 -0.203045989162267 -0.488730140954485
0.000496340360214069 -0.00948102214194098 -0.482549772520548 -0.0123134104064468
-0.0194798496728999 -0.00934877225984398 -0.0986093727788907 0.344614974442674
-0.0195296073406921 0.00784289066721416 0.180655576785287 0.171572745902662
-0.0072008855893658 -0.000934800330874931 0.112417805256776 -0.0220751495624365
-0.00482921523366727 -0.00410029284825136 -0.0488062857168018 -0.0925982142461355
0.00110208708076514 0.00416181792856424 0.0403704062028465 0.0817374955664257
-0.0136218732632537 -0.00118170625999811 -0.0725238449510114 0.0419505166545089
-0.0166002004985549 -0.006915542996945 -0.186999324781339 -0.12070248782951
-0.00877289952303026 -0.0202552656015429 0.0244855975020481 -0.303415146825921
0.0130906698412372 -0.0211244404832548 0.391288744227805 -0.132677647942636
0.0012978252969265 0.0112170633119122 0.321794699469248 0.337500831505497
-0.0106545760446088 -0.0147697787005816 -0.0892634069445481 0.34995117617479
0.00275051573558505 -0.0265914773267953 0.0147536273963911 0.0544411966044889
0.0073256769023851 -0.0106543422088664 0.167060233375285 -0.313934553094327
-0.00159224509182139 0.00564025270774856 -0.238584215913499 -0.465399496017931
-0.000564852715798568 -0.00704067703373984 -0.475985363137839 0.0306766835935209
-0.0228701271388617 -0.00938999892078727 -0.0686563699028754 0.352226754859726
-0.0213034601930301 0.00569545091642876 0.189872944901742 0.159381140165436
-0.00703177407994055 -0.00150581876495745 0.107859273157768 -0.0294094296128042
-0.00711244346057492 -0.00190196657217644 -0.0498122699695483 -0.0945589743167345
-0.000391006024735457 0.00644427065226592 0.0404457469468623 0.0786991631420621
-0.0139335996025923 -0.00210430906940383 -0.0761291553623544 0.0349426753107376
-0.0179586367473949 -0.0108551871125854 -0.180842410062286 -0.132589901689921
-0.00900025413461414 -0.0225015232813211 0.0495218754440055 -0.298793889412551
0.0154308480871411 -0.0173351272012755 0.405288815969486 -0.0957850511571098
0.00147178674507559 0.0140965196787075 0.295742215685597 0.369617727729864
-0.00950276406085847 -0.0141928770226788 -0.109125273252813 0.344376564865108
0.00363761396221364 -0.0254518991186711 0.0193706953169541 0.0467883149452663
0.00793148194507554 -0.00826905560339666 0.14985343013072 -0.32322149263206
0.000643766212360853 0.00893314808489309 -0.272544272431344 -0.43699276822547
-0.000478058944686582 -0.00559941659435797 -0.466156068925273 0.0746724492243132
-0.0257189477398017 -0.00857094069790303 -0.0390418503969577 0.356717981585728
-0.0220178268927778 0.00388210053502662 0.198458571556971 0.147041567285346
-0.00606107203044093 -0.00135459912776125 0.104025077909184 -0.0376538954623681
-0.00809719146021221 0.00127230257742383 -0.0496511292769131 -0.0975078370738471
-0.000408290437748693 0.00800674833465554 0.0409975160842232 0.0764540521666895
-0.0128211175331649 -0.00263778459009477 -0.0788871596683171 0.0271197213053245
-0.0172629046296526 -0.0140573742124971 -0.17467247612726 -0.143952609615454
-0.00883201088015466 -0.0238659371576085 0.0725209992442319 -0.29151876282393
0.0176560819259993 -0.0144841365910718 0.414458337714226 -0.0586527064777356
0.00216298060742316 0.0168954892079572 0.268374634788764 0.398787484477904
-0.00866312400731685 -0.0114542676118606 -0.12746310687195 0.339850644273967
0.00266643516869157 -0.0219329139719422 0.0238553703364452 0.0407370961145394
0.00808563651895392 -0.0046077896370049 0.132281996340711 -0.330477736155359
0.00366324406965029 0.011132332785173 -0.301832201369555 -0.408342328154277
-0.000981156743553188 -0.0037754669038746 -0.453195420269455 0.11504555429402
-0.0274361092607756 -0.00668689760145344 -0.0116732939200755 0.359703148001974
-0.0207025229485535 0.0034776060063929 0.20475208415523 0.133278770948684
-0.00388577109068943 -0.00109003958733697 0.100863256214955 -0.0456203848720551
-0.00817376892770889 0.00373477598988252 -0.0499008229876723 -0.0995248690714074
0.000543766576741444 0.00922849154244825 0.0411953895091048 0.0749780162608656
-0.011006711856601 -0.00261557864136969 -0.0794402960150137 0.0212698452330894
-0.0152258479836537 -0.0151244067599161 -0.1686774041917 -0.152660971485346
-0.0079885695452298 -0.0241297344410057 0.0907188709908418 -0.283117688809005
0.0188620159108731 -0.0122976247130322 0.420322377296797 -0.0238947908741496
0.00365822324367902 0.019357149179105 0.242223291438629 0.422545628252315
-0.00897293602856816 -0.00754525301304071 -0.142566537843097 0.336316243158759
0.00037942721357447 -0.0168739758371758 0.0279068120077314 0.0351167418767472
0.00838943952795666 0.000534381404609782 0.119574342154484 -0.335017550457657
0.00688674677757208 0.0125255731988343 -0.322343248516696 -0.382022800370384
-0.00186724849703193 -0.00321584085035594 -0.440221919055211 0.147097214120093
-0.0285722281546784 -0.00468940192914554 0.010343164474535 0.361629983881606
-0.018042630753799 0.00362924153708464 0.209332651433977 0.122350541363683
-0.000739806322961997 -0.000227182143090952 0.0983897031536773 -0.0523537661758095
-0.00702964329309401 0.00611843189361986 -0.0493592031441994 -0.101648285472646
0.00272937182618561 0.00945668217835217 0.041458219691902 0.0740819526933697
-0.00759184398956824 -0.00178151496085531 -0.078967648885532 0.0168855082690085
-0.0114468703486715 -0.0144896355710514 -0.165605807729209 -0.159579854966401
-0.00713472300524509 -0.0228202101372511 0.10020612316353 -0.277506732916688
0.0196204816251367 -0.011773086267396 0.423401312558343 -0.00208971923917245
0.00502614191555034 0.0207076277723389 0.22758126620029 0.437000794102132
-0.0098565834925131 -0.00218998799862616 -0.149621876057043 0.333509167959823
-0.00375020327733306 -0.0105246859066058 0.0302994917964829 0.0321091979462573
0.00851067470113128 0.00545758054617134 0.111687637221279 -0.336784866326116
0.0100277455284227 0.0121691626045678 -0.334426925384498 -0.364653740929627
-0.00294966111770032 -0.00377280944618849 -0.430512153877021 0.167959734692899
-0.0282351875494127 -0.00258249484782173 0.0221903682938028 0.361962086985216
-0.0141761421071908 0.00424122233867692 0.211413396621679 0.114996281220868
0.00267963344036355 8.54053273753692E-05 0.0973916992890932 -0.0562211262004919
-0.00510358138819852 0.00686263608712217 -0.0491757224729802 -0.101998633377744
0.00540413530577026 0.00951629991954813 0.0424467783647716 0.0742466615277692
-0.00485685631586145 -0.000638507186890411 -0.0769329575095503 0.0153949439428973
-0.00773588339010889 -0.0113252854174065 -0.165186543373376 -0.161842246538432
-0.0055511527100035 -0.0214253032122801 0.100200308187336 -0.275757891448936
0.019522562223652 -0.0127323153159132 0.421949961194544 0.00408419723530738
0.00689939114363912 0.0212084063920937 0.224764304692149 0.443729518135839
-0.0113862029353053 0.00379944511477117 -0.151511854716097 0.334093539644732
-0.00860721820123206 -0.00480938830830137 0.0308431011405889 0.0327573605390132
0.00891608818010072 0.00992043276003674 0.110984731121648 -0.33548410986606
0.0119409695184694 0.0110760792958265 -0.333779830262781 -0.359352625905209
-0.00313458026856462 -0.00427106724808416 -0.428150634004867 0.172816432191695
-0.0270721047164455 -0.00102166740374721 0.0220465881343961 0.362168431473745
-0.00955892810055342 0.00522546322401938 0.210573505659086 0.112175769614616
0.00607103856779263 8.86849293841507E-05 0.0985651117382989 -0.0576313899749626
-0.00254486331178048 0.00650784850932126 -0.0488670893177684 -0.1020306880127
0.00838741230954879 0.00802230808383734 0.0429314162770294 0.075492063948968
-0.00168215356032444 0.000649309607416964 -0.0739548206389818 0.0171291943167771
-0.00346923641644526 -0.00810382799609708 -0.168810925556646 -0.159536693757875
-0.00474097013073224 -0.0193967896815858 0.0909254607727554 -0.278043918801109
0.0187849298375121 -0.0151171252497087 0.420981499290169 -0.00692793391455986
0.00885354877667064 0.0203534002320391 0.23600876690589 0.438390259326827
-0.0128703256223532 0.00890768955192947 -0.144065122443761 0.339293487203391
-0.0131888829851078 0.00132708083960285 0.0289524908567421 0.0355344602604072
0.00821464614520015 0.0137594557279653 0.117999365090561 -0.333277792249383
0.013113790252799 0.00923017317319341 -0.324562968422503 -0.367228896013551
-0.00329737058201808 -0.00613264335543259 -0.435228577726238 0.165357704315121
-0.0244766399638704 0.000390562656508782 0.0110506638738308 0.36298789780914
-0.00500525415923013 0.00758914492825108 0.208033586055794 0.115495684280715
0.00886643914390419 0.00108009768765959 0.101460490448343 -0.0563324639185375
0.00058974207053629 0.00562779234863435 -0.0483620342942626 -0.100582316518947
0.00319786379306793 0.00175489084322371 0.0411528409405163 0.0850753169845178
-0.0124569624963912 -0.000925066496375685 -0.0686682106907969 0.0489623577536952
-0.0138774863766383 -0.00384256815988598 -0.195631934088008 -0.109276521324384
-0.00690351736944884 -0.0188010213718759 -0.00213020826214018 -0.30721311967965
0.0105568255218412 -0.0244573391400644 0.377933322685047 -0.16872143141855
0.00182431975341882 0.00868562850637983 0.34842079011223 0.310237958314472
-0.0124076453592564 -0.0129654987919827 -0.0696209570525434 0.356496315414369
-0.00056235769899288 -0.0245965532609223 0.00921163328676144 0.0631943404080398
0.00633511581614422 -0.0106839789438401 0.183588746678107 -0.306037051262076
-0.00147703320395864 0.00351812835738038 -0.205462477109795 -0.493078676260971
-0.00014238932943368 -0.00940619232463707 -0.488696258605409 -0.0104607182236871
-0.0200490469414329 -0.00942844063177698 -0.0983468568958072 0.348217050899376
-0.0195396874475534 0.00804224348466176 0.182946263121149 0.171917552542316
-0.00754244796261164 -0.00108443156326019 0.113449990083459 -0.0222940621455158
-0.00548020372222312 -0.00386011581499117 -0.0494775938526373 -0.0929745962119209
0.00127653191684702 0.00375066732007289 0.0412682424602273 0.0821541156910425
-0.0138274724304764 -0.00139030986618544 -0.0729970785249105 0.0423163293530025
-0.0168397358915367 -0.00712792532889724 -0.189996251121636 -0.121259464125694
-0.00835827185047349 -0.0210707661482419 0.023407172942986 -0.306510080972987
0.0127166230837557 -0.0209590861870378 0.394919639182515 -0.134965927591404
0.00120333681212326 0.0111935267454627 0.324825699183642 0.340069030102621
-0.0112641129178311 -0.0151453530171938 -0.0888047579637965 0.35286918156631
0.00261570051611548 -0.0268202624397145 0.014186836375899 0.0544922475008214
0.00758770578132051 -0.0109821292233622 0.167809442187884 -0.3168637950672
-0.000826958513128688 0.00584558021385725 -0.242164717041391 -0.468747210178004
-0.000455958042895037 -0.00710983111734933 -0.480867348040668 0.0323617130798671
-0.022680196850518 -0.00963757497254913 -0.0683347655181905 0.354788254761045
-0.0216894123365273 0.00550882038367857 0.192702346611485 0.160856324273545
-0.00763177192665266 -0.00170803319927281 0.109302289210733 -0.0296695652290876
-0.00728368086131421 -0.00144681443804831 -0.0508259725644346 -0.0953736923785296
-0.000174487332042142 0.00621696720800377 0.0412861895320057 0.0793869284119436
-0.0143099644238282 -0.00223956661291711 -0.0772242869752966 0.0346681234983978
-0.0181022801490577 -0.0111104580116387 -0.183468733000899 -0.132776229779276
-0.00934809736089328 -0.02258477655338 0.0487939976033323 -0.301166272375127
0.0151453920609614 -0.017831099057708 0.40834110666617 -0.0981712948694597
0.00172654378250002 0.0144061518115574 0.299572751585099 0.370952354430634
-0.0098451649319433 -0.0150451473426526 -0.109237226159423 0.348485770265707
0.00367061902703791 -0.0254664835160574 0.0196763199640325 0.0472922489436401
0.00765061596701463 -0.00877927933993175 0.150525708144841 -0.327271144069948
0.000940350879431768 0.00861156458835824 -0.275290548396748 -0.440620672473101
-0.000467577089928252 -0.00511259170537159 -0.469389978049075 0.0771621818015466
-0.025995793032042 -0.00827311295334989 -0.0373588795886174 0.360468906495574
-0.0222356129346567 0.00430626688355079 0.201136871519999 0.147520796383429
-0.00643688982888327 -0.00181891880509154 0.10519905493829 -0.0375274821358167
-0.0084106373588125 0.00141705771158415 -0.0504398473393276 -0.098250765776222
-0.000574558261089532 0.00778376023826088 0.0414821682242456 0.0770033774168891
-0.0134824706677797 -0.00295702658105527 -0.0792289184422295 0.0273360196467726
-0.0174529313612569 -0.0143885857211097 -0.177156202473611 -0.143874073903091
-0.00913285069589602 -0.0241329019506913 0.0714942581597477 -0.294969033519378
0.0175149623982977 -0.0143504808771174 0.419059204129302 -0.059970687277133
0.00226400779575087 0.0170113870927181 0.272669627928426 0.40200103604012
-0.00894932823028396 -0.0117168637625469 -0.127175244969766 0.343113550744452
0.00236664719971022 -0.022273092659676 0.0240019886588233 0.0407913155064671
0.00789076886948604 -0.00457399490359278 0.133707272958836 -0.334245037025802
0.00389626334481989 0.0112592009918568 -0.306097394259906 -0.411411981798351
-0.000936675445904192 -0.00348483786434754 -0.456149579465999 0.117629884546584
-0.0283519016536883 -0.00648125630754063 -0.0100676198576625 0.363630658995935
-0.0209695722160626 0.0032310625780015 0.208054072760703 0.134138444690905
-0.00410982984277783 -0.00149187182659519 0.101827514190914 -0.0458217089610213
-0.00852920753992036 0.00411304989628782 -0.0509115608227145 -0.100055051522758
0.000526082317548298 0.00938593082237195 0.04144678615858 0.0752549018766567
-0.0112191760011492 -0.00276494772901495 -0.0803913150291847 0.0208700939931199
-0.015083144197805 -0.0150020018358439 -0.171365719951044 -0.153195957080794
-0.00836870528931326 -0.0242054016878893 0.0904445026968868 -0.286397162872876
0.0191882777969287 -0.012848812018486 0.423916954465378 -0.0258085685183775
0.00346994328536748 0.0190708899999324 0.246410138057813 0.425464318384908
-0.00895885794703601 -0.00762445496804542 -0.141999374347779 0.338347339790889
8.18485247148583E-05 -0.0171958043679492 0.0280759255942741 0.0355187680010685
0.00823594567795865 -6.25820478261253E-05 0.120288844050707 -0.337814758616267
0.00742085500455508 0.0126350224466247 -0.326379289457336 -0.384875854282342
-0.00162496772397772 -0.0029084076220785 -0.443281346422836 0.150953260083512
-0.0292216818798645 -0.00451910359856476 0.0120553291610942 0.364591203176733
-0.0179761159896396 0.00359619573635122 0.211745080957937 0.122606718477826
-0.000977524212259158 -0.000283076283220076 0.0990853664025999 -0.0528351964307752
-0.00720098428812856 0.00616979751272453 -0.0501008057928878 -0.102124630850203
0.00264305524604554 0.00934521106566891 0.0422364728412031 0.0741172760054254
-0.00856886848466783 -0.00210278003735181 -0.0793684541128501 0.0167787117496548
-0.0116778880093722 -0.0148980123663186 -0.167864008782132 -0.159874986085554
-0.00687351617098255 -0.0237636830724814 0.100280819919432 -0.280955353667677
0.0196450800226587 -0.0119409615450515 0.427461141380058 -0.00350674922854204
0.00526154118222319 0.0207207480589306 0.230902384497018 0.441263397519937
-0.0101379659134887 -0.00253506416175308 -0.150376841962931 0.336869014957683
-0.00365398672531234 -0.0110935059725671 0.030643695751297 0.0322502450915232
0.00937506247017425 0.00497757317672617 0.112005032209771 -0.34075582727223
0.010195555998438 0.0124695360637175 -0.337946541037917 -0.367770729276557
-0.0023766448193284 -0.00352318510732471 -0.434208470087317 0.170936450575235
-0.0290546037771888 -0.00221124331866689 0.0237679104535162 0.364833451338218
-0.0140242836530157 0.00457290214982558 0.213903209979701 0.115043456911645
0.00233792211413326 -0.000131959934501847 0.0985615430721168 -0.0569539688285423
-0.00519137770512763 0.00706912091553234 -0.0498887553177912 -0.102862873216916
0.00540836074012325 0.00925031055298576 0.0427279178120594 0.0753129929927798
-0.00523909262261104 -0.000582891491424469 -0.0777844991978983 0.0158367038820684
-0.00792630327183674 -0.0119301180076604 -0.167993754185766 -0.162336170549854
-0.00605146335192276 -0.0216563516199946 0.100326336635464 -0.278769479766244
0.0198505675823297 -0.0127094708342313 0.426224905421052 0.00233620904429415
0.00706874142715822 0.0214593674848502 0.228278691679176 0.447235787983089
-0.0115799662572634 0.00345143292876779 -0.151788026532428 0.337951260770073
-0.00860447761448798 -0.00466444749490957 0.0308403433693654 0.0331663290132006
0.00891170929064248 0.00990450357872589 0.11116477032457 -0.339463257389148
0.0124618914915039 0.0110516315276209 -0.338158172316747 -0.362268155268869
-0.00322380110221242 -0.00422835720321715 -0.431900510381563 0.175974709214634
-0.0271992079513463 -0.000329078625870014 0.0242650440294039 0.365535545972249
-0.0097112919879882 0.00614641447103504 0.213453457076574 0.112468507214477
0.00607512254229811 0.000536019379553711 0.0997625996091099 -0.0587913423311408
-0.00229602237437592 0.00697424804238334 -0.0496323864428918 -0.103133294337199
0.00828581132551397 0.00754192015354668 0.0434954123660878 0.0756660208520268
-0.00204414365999625 0.000664381592498581 -0.0747107667723834 0.0172976826121896
-0.00371110067158843 -0.00851363685687719 -0.171169173244031 -0.160558570961866
-0.00445647495115567 -0.0197921919000179 0.0916370461497537 -0.281663444351655
0.0187948640842587 -0.0154367899817203 0.424777464105908 -0.00794697070368109
0.0092543767581495 0.0207541963746801 0.240283045256365 0.441051648477509
-0.0133940956520173 0.00882466637466831 -0.144798819879192 0.342816554688916
-0.0135238439175523 0.00100208805917936 0.0293704068679848 0.0358242202846029
0.00823345597426287 0.0131884517393568 0.118577360633413 -0.337186008982534
0.0132225986839249 0.00932211759754463 -0.328997245171524 -0.370378311660461
-0.00371965526993756 -0.00597271370984175 -0.438048818594354 0.16943094822074
-0.024676784859548 0.000103692776209661 0.0122186014949752 0.366692837814163
-0.00517860214918224 0.00775737524258526 0.210218241822903 0.115867860896711
0.0088509636908799 0.000788131140527591 0.102755346224064 -0.0569726220873035
0.000407537110357788 0.00585551059547578 -0.0489853141391824 -0.1015211718723
0.00292636673036901 0.00172783451422336 0.0425744692531062 0.085289663049578
-0.0129307947110134 -0.00101890650273913 -0.0693608838550949 0.0493864092861976
-0.0143075189076354 -0.00346768702140887 -0.198856834084008 -0.108537575981375
-0.00730875193000287 -0.0192025772481679 -0.00405362680325359 -0.311179886102657
0.0104259783709605 -0.024570982718001 0.381054100028146 -0.172264496194157
0.0020564676394349 0.00881327753526583 0.354866091742584 0.309492063224279
-0.012542560105108 -0.013598513165657 -0.0690060312718879 0.360450310738488
-0.000813681431232576 -0.024880251041334 0.0094508202247001 0.0632422287655251
0.0061011240992075 -0.010964715695506 0.183822578416261 -0.30930191910124
-0.00113686140549234 0.00302380016200158 -0.210000844953332 -0.497650142631475
0.000325086155922654 -0.00951810305602631 -0.494853093202467 -0.00822797896917551
-0.0204845185442623 -0.00949752986834535 -0.096685537103142 0.352273735287936
-0.0197758200039884 0.00825632472269539 0.186195039207728 0.17225394482113
-0.0079456977411355 -0.0012531526365107 0.115378432359899 -0.0223069584107551
-0.00569232836566699 -0.00389547945511496 -0.0505999539091791 -0.0933668638272574
0.000804663079666106 0.00336733361564351 0.0420413227675925 0.0829054414261008
-0.014269915106444 -0.00118219583795127 -0.0740574076642978 0.0423676773081231
-0.0171343816457632 -0.00724843207058472 -0.193031927402393 -0.120490707408084
-0.0088885038554384 -0.0212538324016743 0.0224857540764562 -0.309331536647926
0.012312128281475 -0.021333537714673 0.398158760967772 -0.138588168323463
0.00102999169205865 0.0114042864008549 0.330788626628975 0.3415618829381
-0.0109184906119803 -0.0158019765360427 -0.0879263111710451 0.356214577838976
0.0025839120351589 -0.0269296895874082 0.0147652614931224 0.0550568771233139
0.00702403311886412 -0.0117765380258592 0.1677652206527 -0.320634658789062
-0.000434721553798874 0.00577880758275586 -0.245901315348154 -0.473861401801579
-0.00031194242399487 -0.00703060455332555 -0.485843854763658 0.0349093679266109
-0.0229234458371311 -0.00936622896003234 -0.0662592227124382 0.359114004147925
-0.021660910394605 0.00542812287914879 0.195832160992032 0.16112950193264
-0.00816772753264141 -0.0019197786556407 0.110783356624648 -0.0299416835714665
-0.00726719583236715 -0.00158150626574058 -0.0515722981829342 -0.0963058428487642
-0.000632211525751669 0.00599777286675844 0.0416571268251539 0.0801600992785081
-0.0147990352846787 -0.00204213152891869 -0.0777083410604011 0.0355785145561561
-0.0183918478728856 -0.0112517700339735 -0.186479076974299 -0.132831639404482
-0.00945032934382604 -0.0231892147410481 0.0479488877164562 -0.304749799735733
0.0150376119104757 -0.0176013719425677 0.411830978712963 -0.100928354550883
0.00180211120985254 0.0145187279675518 0.304475997103273 0.372411081898961
-0.00987013957035158 -0.0149763635213337 -0.10862191747854 0.351608852945738
0.00350754515286497 -0.0259542590255794 0.0196662224006938 0.0479309391847228
0.00758723062369587 -0.00905021388098833 0.150061859414666 -0.330630930922668
0.00126085421688163 0.00881482353578135 -0.281172680561578 -0.444763061953287
-0.000310984543281804 -0.00476847316433704 -0.474132503691171 0.0803756827673661
-0.026015269654783 -0.00824136844049889 -0.0357640236585288 0.364014749160495
-0.0223246251406477 0.00408087026085619 0.203621329879405 0.147942788573524
-0.00638683470786891 -0.00136878053655268 0.106649357023674 -0.0385253934487114
-0.00877795184067915 0.00195411901557561 -0.0514906244064837 -0.0986288042393933
-0.000418484320526791 0.00789897101895454 0.0419587588325176 0.077325957278311
-0.0140786809878381 -0.00256246409084298 -0.0803015411705 0.0281850455407234
-0.0175884898569984 -0.0142038103486813 -0.180221413033635 -0.144450668745642
-0.00932912042862874 -0.0244419624605216 0.0712923716847674 -0.298074083315226
0.0173561059856458 -0.0147518098722436 0.422445537142611 -0.0626870743453622
0.00273783343730664 0.017339316036324 0.276463756068897 0.405675778596198
-0.00913221132209632 -0.0121146559636815 -0.126456153635804 0.346928808927612
0.00257398084448102 -0.0221662195901982 0.0245902616596275 0.0410308311928434
0.00804088998259091 -0.00527544536176326 0.133572643755441 -0.337734772388289
0.00461870746758991 0.0110014909312706 -0.310811328461923 -0.413620880269098
-0.00131694024565434 -0.00368647553584595 -0.46122024113217 0.121914573577603
-0.0288967120410179 -0.0064095997933692 -0.00748917528313163 0.36653120412777
-0.0206634796282718 0.00322671169213213 0.210514302182007 0.134411121866636
-0.00406267392749629 -0.000949391571602405 0.102899063523799 -0.0466866418424367
-0.00884277184114441 0.00451046407693116 -0.0517983195625327 -0.100873698309461
0.000317020003369018 0.00935715385650287 0.0419175099415756 0.0761326276922424
-0.0114960284401051 -0.0026915227133514 -0.0816840377017341 0.0213871216276342
-0.0155754469605571 -0.0157168209239516 -0.175035341520255 -0.153904264530517
-0.0083139050730781 -0.024677199198425 0.090096736649893 -0.289618094191528
0.019463255342108 -0.0124623663708049 0.428792267218214 -0.027679375288483
0.00342111646825831 0.0195589299950714 0.249403104613373 0.428457914025972
-0.00885712081034773 -0.00794977248158901 -0.141891593161444 0.342906378070162
0.00017208013147321 -0.0171146986822154 0.028340132231305 0.0356688777893247
0.00850324185417608 -0.000419198589762549 0.119765844397559 -0.342263879325238
0.00733627677991966 0.0121953060807088 -0.331487562481503 -0.387644554790778
-0.00164094116739864 -0.00265712381164144 -0.445787016980553 0.155060907419002
-0.02958284134757 -0.0039122810596982 0.0144092462607072 0.368319192445283
-0.0183614113964496 0.00376397020154442 0.214973658764223 0.122543149595224
-0.000992390038252541 -0.000864405683493377 0.0999983012941012 -0.0532552973585327
-0.00757698317180417 0.00613674125048585 -0.0510383757891155 -0.102906345950643
0.00222242299172543 0.00978776628578575 0.0427436847690995 0.0747635423009221
-0.00862977078563358 -0.00176049664036344 -0.0804571332530457 0.0178083122445221
-0.0121272403293767 -0.0150023930266626 -0.170933333715148 -0.160193498069396
-0.00718295596793692 -0.0239739061594311 0.099677890754848 -0.283972996249095
0.01977725601307 -0.0116640202087423 0.431860040138746 -0.00409846385867307
0.00494800053273189 0.0211620060875111 0.236205949872118 0.443926711602459
-0.0101102875430185 -0.00266998278336546 -0.150168812214378 0.34004374533796
-0.00385355124492223 -0.0113334153944228 0.031146174173864 0.032999313944007
0.00876438326861269 0.00475377777016489 0.111725244698879 -0.344260558754527
0.0109542130800344 0.0121076041849496 -0.343842273977313 -0.370216467593967
-0.00263750727913729 -0.00321569282000922 -0.436817507158315 0.175949160741562
-0.029243683927069 -0.0022936845396419 0.0263402037865514 0.368830989072323
-0.0142202320169141 0.00405077987709089 0.217290663889485 0.115134943773621
0.00242280322446836 -0.000404152814749188 0.100093939006045 -0.0576460598545216
-0.00557668003193073 0.00746853925321368 -0.0512229984425326 -0.103162918860923
0.00499023443744916 0.00902456960005499 0.043380900861943 0.0756509163054552
-0.00535118830872539 -0.000546909557147677 -0.0787460223436528 0.0158412202952179
-0.00794379763746948 -0.0126120419001956 -0.17116609106087 -0.162686729157732
-0.00602645281541462 -0.0222684884235031 0.0996052097649474 -0.282431789629836
0.0200317219130308 -0.0126857332755065 0.430261047027366 0.000104564325265082
0.00745966474422755 0.0219633814029941 0.233253951412452 0.450080629621396
-0.0120761446344669 0.00379481291685079 -0.15241077432982 0.341531233979826
-0.00883322201871703 -0.00498716991588868 0.0314071547232692 0.0333138046433797
0.00876917460578354 0.0100274896652274 0.111384406669325 -0.343240260734768
0.0126899913535405 0.0113424179103074 -0.3436797192101 -0.364179886701764
-0.0031366317453622 -0.00428176649957134 -0.434774282831314 0.180260717489834
-0.027751235711271 -0.000513133915962281 0.0265992150576774 0.369291639337858
-0.00944609242993917 0.00581261329540041 0.215930469190897 0.112315873262293
0.0063250220414979 0.000257858490381326 0.100720436705689 -0.059689586277452
-0.00229996154941889 0.00722414540920684 -0.050212366528921 -0.103202578384348
0.00842373836886228 0.00741129330172812 0.0446030086294422 0.0762075990035872
-0.00199660406309359 0.00086582367678309 -0.0758721605700544 0.0174880922085617
-0.00356291157751446 -0.00854071888275133 -0.174429881457644 -0.16059733140901
-0.00491978995099215 -0.0201498100833253 0.0906615551991988 -0.284556152303978
0.0187327180009719 -0.0154907042421497 0.428896727585637 -0.0102126452996417
0.00909904679551774 0.020468798573857 0.243284886610902 0.445533800373956
-0.0131100613018691 0.0086559637321429 -0.145313902065819 0.346213379212261
-0.0136417503171798 0.00086324833533384 0.029251173735411 0.0366232448363887
0.00842047354469894 0.0136115886079671 0.116704364240512 -0.341131735418365
0.0136107322722462 0.00932947450577841 -0.334633152851748 -0.373042433853651
-0.00336240330739861 -0.00607131956246408 -0.440821934817036 0.173041629225288
-0.0250624375731975 0.00101496123298824 0.015006434179944 0.370191343855248
-0.00508437659854174 0.00796822051531773 0.213130667796485 0.115457787631751
0.00896339874370213 0.000970340345352964 0.10385837648864 -0.0581955024751525
0.000694561765462819 0.00577558139571433 -0.0502282967827344 -0.102218396048987
0.00312493626882105 0.00136713216562179 0.0439342955344982 0.0861307973240229
-0.013637421796034 -0.000404234485194404 -0.069454832377812 0.0499143511680324
-0.0145751659812485 -0.00399114394453823 -0.201625995773825 -0.108295380703629
-0.00787748299360819 -0.0194994162193823 -0.00583589972785653 -0.314318172561681
0.0100950343332003 -0.0250306165153949 0.382714105999044 -0.176382399327186
0.00183797853930221 0.0087514942852014 0.359230553062331 0.311041331083178
-0.0129593364155259 -0.0137448025885279 -0.0669804717466802 0.364632208246865
-0.00158236207323655 -0.0249790922338057 0.0102913266734929 0.0638223455726437
0.0057245091879679 -0.0115994062744855 0.183701122372342 -0.313077587464245
-0.000982030743573468 0.00271260530250802 -0.214829629341103 -0.500780434533542
2.02521164387602E-05 -0.00926200689955728 -0.498359569944611 -0.00429722754054052
-0.0207500935893817 -0.00912246609464918 -0.0952215889196423 0.356108621797509
-0.0199019109460659 0.00879986414121127 0.189723483844267 0.172847558629469
-0.00824421753687201 -0.00137092210226425 0.115972684129385 -0.0234312531671936
-0.00564563428606273 -0.00381488965339169 -0.0512906018955589 -0.0936213643434278
0.00131861409619885 0.00363259642452523 0.0430020536294164 0.0828531625502961
-0.0152258981521034 -0.00116569812359877 -0.0749551485673339 0.0437247241734704
-0.0173144835003193 -0.00751841048379478 -0.196046549141838 -0.120060739945129
-0.00876408964770808 -0.0215484195055953 0.0204772908843799 -0.312271923395651
0.0128170267387798 -0.0213205101805283 0.401072484886238 -0.142233686333637
0.00109630737529212 0.0115320869289519 0.335136659934167 0.342528354187038
-0.0115997232510287 -0.0160095427713958 -0.0864756499559121 0.359444992131835
0.00209415191391274 -0.027425479695449 0.0151349207451512 0.0556485422801541
0.00697634969410338 -0.0120545364663852 0.167675683740097 -0.325385493391434
-0.000206948852896786 0.00526656755464307 -0.25224050065255 -0.476436079782554
-0.000112839867668769 -0.0066061377412333 -0.49120657029515 0.0398758604312199
-0.0235565857984464 -0.00907433329498222 -0.0643536163169386 0.362260999012809
-0.021919483783062 0.00588190997652554 0.199327810326848 0.16072273964845
-0.00833193944924669 -0.00131846039248534 0.111595876750373 -0.0309312491915526
-0.00800152387817099 -0.00115359889727483 -0.0529010775855384 -0.0959304076518774
-0.00048194339612524 0.00554592589434743 0.0429080690495161 0.0801020842682885
-0.0154710607947853 -0.00213877241004485 -0.0783620893003436 0.0356206026947886
-0.0187393163385559 -0.0115163619582246 -0.190926753181419 -0.132712865448191
-0.0100775676026672 -0.0235748055911045 0.0463123963711796 -0.308223373395959
0.014672562427457 -0.0176449948727302 0.414664442509721 -0.106114195546351
0.00152520595209791 0.0144258493603245 0.309719847933648 0.373807722632446
-0.0102170640974075 -0.0153508226828989 -0.10719008367295 0.355232738026766
0.00375311838421923 -0.0259231130505575 0.0206203985968923 0.0481804421730498
0.00704664088412008 -0.0098453912695208 0.15016483523939 -0.333867259315281
0.00135565797401943 0.00898599799385751 -0.287140082389112 -0.447575676365154
-0.000356645863746714 -0.00471449755612444 -0.478901377008752 0.0848404644869303
-0.0267135956806852 -0.00791371642606973 -0.0329261099859108 0.367389167267601
-0.0224573712914482 0.00398261325584497 0.207512327014464 0.148262189134359
-0.00715423426348747 -0.00204869849379328 0.107690286150566 -0.0397230040769341
-0.00865054339315063 0.00180667508000003 -0.0524166816055742 -0.0993580258485366
-0.000706641201955404 0.0081474377311786 0.0433377119786762 0.0776610468580982
-0.0146262399394264 -0.00219421238330103 -0.0808572883995275 0.0279483253201343
-0.018367722656667 -0.0149381230916309 -0.18340778705405 -0.144470151580501
-0.0095290839169277 -0.025205462477089 0.0698227828291351 -0.301357777193217
0.0173658333928779 -0.0146861021812903 0.426452827817932 -0.0664104156932176
0.0024061389756721 0.0169824385579845 0.282189134111851 0.407092415879924
-0.00956385651667429 -0.0125158998568986 -0.125831922055702 0.350518495031113
0.0022548932904289 -0.0226846114413497 0.0249523097436081 0.0409348922450712
0.00729224056671338 -0.00522042231599269 0.1319526036343 -0.341892650489577
0.00494882870818624 0.0109871582997127 -0.317188537673803 -0.41640841778351
-0.00115003438419613 -0.00361901907155941 -0.464369220514987 0.126676522513333
-0.0288106304444669 -0.0060622986203706 -0.00503078277016217 0.370693756156594
-0.0212350495173225 0.00385624727273623 0.214038208077093 0.134138123923885
-0.00470071053337932 -0.00151197843055562 0.103741435641601 -0.0477195548221821
-0.00894851600629704 0.00436107906185759 -0.0526561810777997 -0.101125192215922
-0.000140078453718884 0.00969965686092176 0.0429041979038789 0.0761353542632998
-0.0121515657597685 -0.00263877300231194 -0.0824928388809142 0.0219254764032406
-0.0159401213031548 -0.016081599879815 -0.17804724212116 -0.154488892870576
-0.00904181641818674 -0.0253509341895889 0.088779388578849 -0.293725260257514
0.0189841580466026 -0.0122652280875582 0.432780287654401 -0.0316614570968395
0.00350233233708431 0.0197035914208217 0.256383926603702 0.431130248932947
-0.00956090648219777 -0.00840468473941175 -0.140825108342335 0.345769296245503
-0.000178400143937262 -0.0178041651570812 0.0290881457608974 0.035931341485017
0.00856896617042703 -0.000882564397886863 0.119352469835027 -0.346236205058864
0.00783687976288839 0.0125251247530364 -0.337300383964669 -0.388966428004177
-0.00156544653555875 -0.00258017393782504 -0.450022509976671 0.159632692303263
-0.0304188222522415 -0.00408436353302999 0.0175807135676777 0.371515409572691
-0.0183311560135563 0.00353615125283107 0.218142789118605 0.121905520102776
-0.00127279914780055 -0.000738646607733711 0.101306488714954 -0.0536955767471416
-0.00729048845973516 0.00700004925855633 -0.0523649661498691 -0.103462733244084
0.00217706500368683 0.00983241516858184 0.0436875047424013 0.0752220699322829
-0.00898830034888357 -0.00128629264341213 -0.0814757031401961 0.0179027962373429
-0.0121932948323312 -0.0154611649510915 -0.174125274173994 -0.160208513939947
-0.00730603387635629 -0.0245205852357415 0.0986467246173291 -0.287842593555662
0.0201313476005588 -0.0120909979961152 0.435274891676519 -0.00833709633180419
0.00549761730311607 0.0213128643005962 0.241011491972415 0.446157590608691
-0.0103661389043116 -0.00299156474992946 -0.149288299845748 0.344558431417945
-0.00410227388445415 -0.0109106202199922 0.0313446178658473 0.0332750893620744
0.00912113443344599 0.00458509083348574 0.110658784538484 -0.348984656875317
0.0113278845359062 0.0118640611629061 -0.349281080212929 -0.372704186894585
-0.00254095942590209 -0.00319514222589973 -0.440066727274566 0.181230826431532
-0.0299617221505708 -0.00166117601345567 0.0289636378251588 0.372059188782494
-0.0139808337865872 0.00448189767224602 0.220364313215385 0.114305800974997
0.00247283181160516 -9.87825171512562E-05 0.100165942731737 -0.0590031302491007
-0.00511776337550284 0.00668658832158524 -0.0523295994989838 -0.103990085117174
0.00491914186881942 0.00939765616356579 0.0441507172909166 0.0762315634032781
-0.00609230996936497 -0.000314992580819199 -0.0798387706562854 0.0163376823659363
-0.00802775139906559 -0.012628913792193 -0.173789616090479 -0.162846594212773
-0.00629891523698356 -0.0224039962717106 0.0986140034974213 -0.286136629457035
0.019980311930835 -0.0134115258699789 0.434549132005239 -0.00256604593389108
0.00739328154615346 0.0217128853476399 0.238378514506052 0.451819020844209
-0.0118347846036033 0.00325019706414958 -0.15037940143214 0.345432338620057
-0.00849889909452135 -0.00453676173083887 0.031826648329939 0.0331665020822096
0.00853676198780096 0.00973788439766849 0.109850703778028 -0.347902165047407
0.0133396113030734 0.0108682062998611 -0.349116451075675 -0.366173392695256
-0.00304073752676432 -0.00414821442497003 -0.438174725181665 0.186136352064165
-0.0280042301967714 -0.000318081484663633 0.0299380214626133 0.372355795187526
-0.00950473166352163 0.00589265820280371 0.219192094760108 0.111832551998835
0.00531494212181076 0.000116978256161868 0.101372270523518 -0.0605720933649546
-0.00241630776353646 0.00733383098639454 -0.0520827322205935 -0.103749947531419
0.0085516322118014 0.0068554473335573 0.0448333098807668 0.0771373907597733
-0.00276605611659509 0.000519778016198131 -0.076695282380456 0.0184333134390648
-0.00377365447736936 -0.00858117321763814 -0.177326230361925 -0.160268981978232
-0.00523187304324109 -0.020200342815005 0.0892258688564507 -0.288098374550543
0.0185663052274905 -0.0151319018839637 0.432368355596625 -0.0132263675410455
0.00935743783584455 0.0205988451077246 0.251263458799893 0.446150811340543
-0.0135437861684228 0.00850791905620829 -0.144179663780821 0.349387071399816
-0.0136750356524495 0.000627394515309632 0.0291042410966012 0.0366711126460026
0.00791298853328113 0.0132788670440642 0.116109078709467 -0.344633321024555
0.0142576968636114 0.00881608485422733 -0.340751623398539 -0.374674572234977
-0.00316927137455503 -0.00565390701846469 -0.444351097561799 0.177214886697478
-0.0254579282015298 0.000957962334349128 0.0186132263918205 0.373398888916213
-0.00510207482564686 0.00786886935784497 0.216494807886342 0.116320736245957
0.0087041750406102 0.0008583740968241 0.104823301548104 -0.0585700489855273
0.000211199703922575 0.00592776202469278 -0.0510634970680036 -0.102924788073088
0.00301598747760098 0.00114352450635342 0.0448561719083447 0.0863443759013139
-0.0139643974551281 -0.000627645276780696 -0.0702709736305357 0.0506806604454925
-0.0146250544325449 -0.00362105878649988 -0.205556384809436 -0.106556278906141
-0.00778604788179949 -0.0200656128124715 -0.0088405913414752 -0.317302379249489
0.00964953854175656 -0.0251495650032696 0.385751085519919 -0.180862388232013
0.00174129486749957 0.00873493541649997 0.365219447230726 0.310614331336072
-0.0131370644622207 -0.0136010985808571 -0.0643500910158038 0.367934943536883
-0.00142159349644699 -0.0253156113371923 0.0106331211361127 0.0646162632532492
0.00560269805641174 -0.0116180069647084 0.183134484712817 -0.318323864394854
-0.000609658377624889 0.00290211875808182 -0.221963017885855 -0.503621168363159
3.68905167411732E-05 -0.00926353748866746 -0.503057745867582 0.000547233388902896
-0.0209930358163284 -0.00905415247926334 -0.0926873829637176 0.360144141853576
-0.0198935877376418 0.00886891795293756 0.193461656250338 0.172564909535193
-0.00839204056656015 -0.00152064367439004 0.117459854901646 -0.0244624850902594
-0.0057380725272401 -0.00366122556071771 -0.0526680738427376 -0.0938700914275344
0.000873946441532689 0.00370439858569152 0.0446606609369252 0.0834393778642932
-0.0157132313460397 -0.000879485050189313 -0.0752461903261177 0.0436928495033828
-0.0177524328773127 -0.00726019469560799 -0.199366640744632 -0.118990907317684
-0.00937126810142892 -0.0220977005257358 0.0181113720749011 -0.315395254070937
0.0121370578814583 -0.0218496274691411 0.403981995544242 -0.146989726918535
0.00117725904225914 0.0117195821553158 0.342425022658735 0.341838816578497
-0.0117164442289538 -0.0161533777909763 -0.084858249111736 0.363545424832884
0.00182533318899512 -0.0275788820738805 0.0159267703765733 0.0561234102689711
0.00701759930835949 -0.0123202933836081 0.166778064838471 -0.329247897660315
-6.19138416406359E-05 0.00563185929746617 -0.259564194538317 -0.478837802224331
-0.000592472188712515 -0.00680033276731466 -0.493851225898061 0.0441452926476617
-0.0237935463527632 -0.00890273384791879 -0.0618495507078602 0.366810481113146
-0.0222913066891977 0.00618303912115679 0.202436837636613 0.160279475571289
-0.00844646762059462 -0.00217879542684553 0.113707206773739 -0.0322490858029897
-0.00811865566744955 -0.00133146140209624 -0.053466557986019 -0.0964853760489071
-0.000531628977429538 0.00606313628645473 0.0439094542373225 0.0804577419566225
-0.0159918347826398 -0.00150902793684341 -0.0791576092213092 0.0362388017784493
-0.019188139309076 -0.0116440330264809 -0.193811716724245 -0.131335341434036
-0.0100042961893879 -0.024012742200198 0.0435792830931817 -0.31175254619472
0.0151125149165418 -0.0182534843599527 0.418607498613624 -0.110225755810092
0.00134325837966865 0.0143985884478706 0.316108061780011 0.374944754494021
-0.0104557155946815 -0.0158985619676088 -0.105474185526935 0.359236625065104
0.00310656355188893 -0.0265232791883413 0.0210798566487822 0.0486062340600385
0.00690693779737531 -0.010116056644456 0.148380026499882 -0.338489440102787
0.00214676918425567 0.00887756003300044 -0.294240540555364 -0.449533026647281
-0.000904761113296 -0.00459455225528702 -0.481889916448421 0.0894891116831863
-0.0269880615752508 -0.00792838426368996 -0.0303397770118402 0.371543899645398
-0.0227714122660251 0.00450888400851384 0.210853918503109 0.14741844689004
-0.00735630118943305 -0.00224045805164445 0.108269114588727 -0.0402013559761399
-0.00904545071117765 0.00219209753858452 -0.0531736221274335 -0.0993171697023958
-0.000834414180832644 0.00784786118989513 0.0439950732972751 0.0780126461095185
-0.0148622077680217 -0.00215537537394676 -0.0813232847276818 0.0290964349724705
-0.0187248220027182 -0.0146977790650849 -0.186690077928137 -0.143332645080461
-0.0100707673396212 -0.0251749674943887 0.0678031753293873 -0.304661061560036
0.0171718672954397 -0.0149173639115566 0.429743327459774 -0.07048025412058
0.00242978261254972 0.0172878025622796 0.286770151332806 0.407247582022301
-0.00961986728479958 -0.0127273126839552 -0.124280469232526 0.354274156166497
0.00185972530705334 -0.023021754502077 0.0255188533571113 0.0414954221808047
0.00775107122679462 -0.00608705221554183 0.130386899855802 -0.346332870786593
0.00542376048435049 0.0110961836357429 -0.323834335331526 -0.417434043704725
-0.00161516206761689 -0.00366952829869274 -0.466429766945787 0.130782897457777
-0.0294101613928587 -0.0057215714365558 -0.00147979929754619 0.373731822890351
-0.0216188665921172 0.00424387517190677 0.217428144944214 0.133158220198135
-0.00478865672546643 -0.00135146047505436 0.104524919476721 -0.0485013282471284
-0.00945280742693977 0.00486283317035828 -0.0536973700791457 -0.101508911437283
-0.000312162695098642 0.00905062810052487 0.0438675158555686 0.076428905722945
-0.0125032439292894 -0.00205786204404954 -0.083536973527477 0.0226815891944981
-0.0164932282977219 -0.01622776078373 -0.181519700775348 -0.153200453151995
-0.00901402833189949 -0.0255037708397879 0.0873421639598183 -0.297265460284233
0.0192349724695886 -0.0125139866958428 0.435860780511925 -0.0347192437515612
0.00378129092049663 0.0196331383500804 0.261452857425311 0.432339409089066
-0.00960004465614157 -0.00837891288055346 -0.139568680393487 0.350550534951447
-0.000750282757979044 -0.0171564129684294 0.0291414970487101 0.0358535350986928
0.00824838624395287 -0.00103812569529046 0.116506002115986 -0.350662624693271
0.0085392245903403 0.0121028832327735 -0.344730000493357 -0.389314631101268
-0.00169984692466838 -0.00297370145278858 -0.453739931859851 0.164661264066274
-0.0302512815769139 -0.00343267122293753 0.0217471669366792 0.374582291332803
-0.0185327049348933 0.00411602415986808 0.222134593147495 0.121373933285938
-0.00174131365877518 -0.00076251748309274 0.102010570266908 -0.0555299268440868
-0.00775039112388101 0.00671323418766599 -0.0537832258889984 -0.103789264964715
0.00220412624921107 0.00940587922120507 0.0442955895561614 0.0752654188896977
-0.00968672450836018 -0.00142888224690509 -0.082522347441228 0.0185954426617102
-0.0129724690327084 -0.0158031531897458 -0.17767894179939 -0.160055998564644
-0.00809559177529785 -0.0250979193976751 0.0975016068382809 -0.292249860072963
0.0195810225399811 -0.0120682900516339 0.439117074402981 -0.0122123498164342
0.00558153101732747 0.0214176660219851 0.24681567863791 0.448930871362386
-0.011178460713228 -0.00290772955234923 -0.148142994881586 0.348743791879617
-0.00443586748772879 -0.0113089513790777 0.03162158461648 0.0329357078025217
0.00866010451470853 0.00467041543218676 0.108925475916847 -0.352443549546041
0.011553425984072 0.0121364351651293 -0.356602933545684 -0.372207915752059
-0.00271660758340732 -0.00307654379946803 -0.442558161498182 0.185818089953971
-0.0302472226375186 -0.00125901161308544 0.0333125553859297 0.374677113624426
-0.0145407388207197 0.00499740035453982 0.223624420944041 0.113239724478079
0.00217252411838364 -0.00052248591722912 0.101434832000194 -0.0598311009038469
-0.0056461330715356 0.00762200198356822 -0.0536045098439759 -0.104739847700426
0.00537127551768915 0.00871022988774764 0.0449527992209172 0.0756855455434118
-0.00597795846913683 -5.06608200493972E-05 -0.0800935179804935 0.0172176560570363
-0.00847272366556849 -0.0131538421736273 -0.177457474996136 -0.162407444765747
-0.00721570852743056 -0.0227156587957657 0.0972328459173138 -0.289122161761907
0.0199425178047509 -0.0134251823492916 0.439142278156382 -0.00661444007341497
0.00734426711447693 0.0216140816420532 0.24340587481952 0.454304450730307
-0.0122086955997764 0.00323909423007635 -0.149739713351403 0.350330386928996
-0.00927791629486815 -0.00481339291920573 0.032065223559235 0.0337062480012117
0.00900676850624004 0.0094386440944048 0.108253969966077 -0.352267144292754
0.0136705219361344 0.0106533415425154 -0.356220881437948 -0.366525596500631
-0.00351455135932131 -0.00380071663010485 -0.440020429267046 0.191519392777312
-0.0282338137498071 0.000790008820904348 0.0340739973800072 0.375243482979981
-0.0093414400442078 0.00573384978931073 0.223011747245595 0.111458857042057
0.00593801565198762 -0.0003286768709325 0.10241834220709 -0.06174229403302
-0.00302754385314529 0.00780701529563188 -0.0528809984803587 -0.104405619876722
0.00816812334637983 0.007182402275915 0.0460795594905141 0.0769587302877802
-0.00257847971481284 0.00109972528975546 -0.0776802984122911 0.0186982849228479
-0.00386055746515792 -0.00856423304951108 -0.181157105279291 -0.159872371313255
-0.0056541002402104 -0.0208666768763908 0.0879475432323903 -0.292036530181346
0.0185363552596002 -0.0158090620057974 0.436725988131208 -0.0171804820094201
0.00929187897331531 0.0209662238443994 0.256248865814361 0.448725579549426
-0.0136032651589898 0.00830398952141752 -0.142744892659635 0.353895606166425
-0.0138921634722378 0.000731200463499524 0.0308522462840842 0.0371614664612736
0.00819268865781931 0.0130368545373491 0.114995248604064 -0.348219333307029
0.0145327339086528 0.00851720262589768 -0.346253462648459 -0.375607197236175
-0.00341283915058618 -0.0058116136468193 -0.446929959113719 0.1838361489642
-0.0258274279314351 0.00172274202114177 0.0219487009391811 0.377015866277828
-0.00508795761415218 0.00794571354788324 0.219981098223399 0.114781295865104
0.00847620906757337 0.000861790099346979 0.105742826847358 -0.0599937122094269
0.000469233363950051 0.00610767340771722 -0.0527643811166316 -0.103284551534505
0.00280324675582199 0.000857741623999229 0.0461703232794722 0.086735198420467
-0.0146226913905821 -0.000260464882214122 -0.0702909288521155 0.0510283918432927
-0.0149707917312302 -0.00365783981591183 -0.208681992427058 -0.105068904887034
-0.00827957992927259 -0.0201366562394925 -0.0128504810208784 -0.318913381052416
0.00940512361704042 -0.0253792262681527 0.386544650246967 -0.186952731798006
0.00198701064443009 0.00877929386415739 0.371796396372563 0.30928028688017
-0.0139084241599685 -0.0140459669197914 -0.0620446511156075 0.370823277795512
-0.00149058752819735 -0.0256495469157487 0.0114096351076834 0.0646147783171895
0.00579983055765168 -0.0122157229106859 0.181639255230174 -0.322327938150984
-0.000426798327912783 0.00291665034777171 -0.227988147102896 -0.505570098575429
-0.000290075019136275 -0.00969733043679599 -0.506677291533334 0.0061896688458871
-0.02146104979403 -0.00877965728041975 -0.0891191285955771 0.364297531928937
-0.0201242127939982 0.00881499366886786 0.196587324358651 0.172119398007499
-0.00851258894620581 -0.00154032058323262 0.118089332731516 -0.025979728990506
-0.00655971979814647 -0.00320746603033812 -0.0534839984089444 -0.0941161527639606
0.000320758312392517 0.00354819798495848 0.0452384939821611 0.0836436363023706
-0.0161467326478301 -0.000719411058858766 -0.0759554981427814 0.0449321942936424
-0.0178001824428924 -0.00738886248711303 -0.203294872662046 -0.117761487268841
-0.00972706467379836 -0.0225508587873944 0.0141202762723502 -0.318717450675637
0.0115937133795626 -0.0218589357404567 0.40595557521184 -0.152805164183775
0.000771580908230164 0.0114035523698974 0.347992530132702 0.341521470083092
-0.012114487413295 -0.0163976712454137 -0.0814697187276506 0.366971676247069
0.00147431313313538 -0.0280109091197103 0.016670712200455 0.0566435852981236
0.00673692670516086 -0.0131191708288668 0.164284490815046 -0.33387403193442
-0.000151731811798211 0.00540715988683801 -0.265749192531079 -0.479858827882602
-0.000516161971615036 -0.00700859700668752 -0.499253858380875 0.0494727534883125
-0.024321388045419 -0.0084904454039257 -0.0586753252185104 0.369840308918488
-0.0218347537410208 0.00648097230881566 0.206541892257293 0.159684002063938
-0.00851893018208243 -0.0021719770084626 0.114012700946724 -0.0332922485987612
-0.00830302108040614 -0.000794430565253102 -0.055032890588551 -0.0965865652874885
-0.000641687799482797 0.00605393554297203 0.0451415559391289 0.0809234480798193
-0.0161267292996543 -0.00164361912510797 -0.0798223000726962 0.0374367816356268
-0.0197000637987913 -0.0118505343105067 -0.196839249643814 -0.130118985592041
-0.0105800293776855 -0.0241774266887854 0.0408442885599438 -0.314800855444091
0.0145449858624471 -0.0183588053496674 0.421608614608903 -0.11563639888261
0.00128076042618101 0.0143340844621489 0.322229709626102 0.374631393148944
-0.0102706998503202 -0.015936071697048 -0.102179386000782 0.362833530875406
0.00271140999017181 -0.0266476770871319 0.0215219713909596 0.0487975325441229
0.00705831515540968 -0.0103490850807929 0.146070496412389 -0.342672346080215
0.00193040944114563 0.00837276779553569 -0.299068695987579 -0.449430927817744
-0.000696606333637093 -0.0046759802333782 -0.485602629790327 0.0958388299699127
-0.0273858295834566 -0.00755458592096856 -0.0254032380905064 0.374500649383545
-0.0226756707537433 0.00542549583886114 0.215049134688189 0.145961017373411
-0.00741825962628385 -0.00209167605614248 0.109255130396747 -0.041672188519565
-0.00939319032688738 0.00231481335190988 -0.0549478205850053 -0.0994303774296497
-0.00114282002259322 0.00760530495263364 0.0454431823708334 0.0782013563724741
-0.0153914800259292 -0.00174572002959127 -0.0824561427089032 0.0298720810294571
-0.0189790415971252 -0.0149337355081722 -0.19077281836929 -0.142033763395175
-0.0105452110514682 -0.0256472665683897 0.0651821962974675 -0.308273967355039
0.0169995228619948 -0.0149793684011227 0.432499394220037 -0.0761699878684852
0.00208856446188754 0.0176154726745602 0.294959886108421 0.407146201084123
-0.00965881395673852 -0.013151778854109 -0.120997742794899 0.358167773768613
0.00167021727362168 -0.0231395023448574 0.0258768478014968 0.0417742981589502
0.00730311544991731 -0.00596466178965443 0.128129390812805 -0.350448125496155
0.00562497458982934 0.0107220643308311 -0.330481142133436 -0.418059859142673
-0.00146786217506734 -0.00321211033501457 -0.469415443730661 0.138566879664825
-0.0297745510251058 -0.00521163489933618 0.00335607813713832 0.37608740400289
-0.0216353077966895 0.00428406612928009 0.221261368283453 0.132372604916526
-0.0050860224916735 -0.00169079598618527 0.10538010108976 -0.049548913298858
-0.00904504891965821 0.00533152932120219 -0.0557115610207176 -0.10190338871845
8.56109848746515E-05 0.00910830260534124 0.0457994260390743 0.0769069624367905
-0.0130673445427959 -0.0018479736741224 -0.0838023779795515 0.0233226178948823
-0.0164953743529463 -0.0162744929425473 -0.184822198957605 -0.152152260934761
-0.00968156808928771 -0.0261483421023899 0.0844237655278686 -0.300823741508256
0.018831699593788 -0.0128165780631358 0.439139003752364 -0.0392609525905799
0.00364666918934067 0.0197898929328519 0.267547932408865 0.433244285431667
-0.00969740611663185 -0.00900173440757285 -0.136782030856735 0.354469472275422
-0.000805449995295269 -0.0179461299565614 0.0298640030711459 0.0365551475449602
0.00806789014534611 -0.00126001848072226 0.1144893656448 -0.354669149170601
0.00897886491142038 0.0119334046829879 -0.351811903338593 -0.38967005717396
-0.00206122981624674 -0.00269596360738179 -0.454189873437462 0.172434002248423
-0.0308891140712279 -0.00288796226732826 0.0251793256387299 0.376604882580833
-0.0186628007610154 0.00418526106851373 0.224813339762937 0.119879584028236
-0.00181217474883095 -0.00125187134174977 0.101974305657236 -0.0565893675869771
-0.00787226615537424 0.00672158169118004 -0.0551563682319437 -0.104140934719728
0.00178375875922213 0.00942495999350541 0.0455693221490634 0.0758339622971249
-0.0101831039600249 -0.00090134821394869 -0.0829614572897353 0.0194448435431134
-0.0131629751622655 -0.0157839690129644 -0.181822230941031 -0.158739336248793
-0.00871698415656541 -0.0249926625112541 0.095196579845363 -0.294461107911879
0.0198476868316263 -0.0122039852816402 0.443210959264648 -0.0176012955383056
0.00560224760683885 0.0212734670737839 0.253218489280455 0.448756047120481
-0.01097373489031 -0.00306587997763019 -0.14560545743607 0.353273582287668
-0.00460421236413565 -0.0115734054213163 0.0319804680863288 0.0330034453987369
0.00890295013184058 0.00414604110666381 0.1058410866475 -0.356842393444551
0.0119796473956448 0.0118491357631983 -0.363115118789801 -0.371558067779356
-0.00229158396405445 -0.00290495800910897 -0.443758234083416 0.191773963315572
-0.0304592002709175 -0.00070644728682393 0.038341792097408 0.377133585001379
-0.0143733335704736 0.0045963276045096 0.226483836759913 0.111814182976637
0.00182565660876321 -0.000503850829313071 0.101758024153915 -0.0610484280412882
-0.00559897427382205 0.00803685069937526 -0.0549647094279427 -0.104470777742452
0.00481699231498333 0.00901099438780602 0.0463204386585938 0.0762972372444568
-0.00620692654883319 -0.000155533565934442 -0.0811945911970251 0.0177598557629579
-0.00871850577692179 -0.0128911876309338 -0.181427565758189 -0.161233445612731
-0.00710843229161203 -0.0233128293247904 0.0950398005106465 -0.292573233376593
0.0195646862876743 -0.0132429495938282 0.442292196220286 -0.0107959149985601
0.00767472572899781 0.021610365657068 0.250952729333173 0.454417761251397
-0.0126396274559939 0.00318238464782244 -0.14647658372739 0.353389510877757
-0.00964700057823544 -0.00478171412427272 0.0327697317115721 0.0333613443111631
0.00855887841356458 0.00881403078738405 0.105630417502717 -0.355759294810138
0.0142600377842416 0.0102310215659227 -0.363199982036139 -0.366338021034122
-0.00347776983448228 -0.0039726018936993 -0.442380288000862 0.198933337977641
-0.0288330421370603 0.000807997722129937 0.038671259715537 0.378079590554273
-0.0094785578368706 0.00614567974540882 0.226412005111316 0.109283888357497
0.00565669363734255 -0.000284797962193051 0.102811662771448 -0.0630676382146477
-0.00269075637441465 0.00780265116582722 -0.0540795520814742 -0.104578873874438
0.00808994830341313 0.00729048092743388 0.0472531867752993 0.0767435111253498
-0.00317425461488777 0.00159918845798824 -0.0782650033219563 0.0196779771832478
-0.00389481216350434 -0.00903322605172965 -0.184981089726264 -0.159402372997985
-0.00630288475110069 -0.0210614479576252 0.0847279625917504 -0.294636028055788
0.0186492417936455 -0.0157021048235111 0.439598899926231 -0.0228129137226031
0.00983978822813179 0.020881863772048 0.263255136615761 0.449504957292841
-0.013795244210173 0.00852689470102421 -0.139919606006205 0.357776679694222
-0.0142129264910193 0.00103403312896336 0.0308382974550195 0.0366772277730492
0.00805757072417727 0.0131333403010697 0.112537795152031 -0.352622330353019
0.0153448793829265 0.00837421965080717 -0.353310349253671 -0.375936247292348
-0.00356663077791423 -0.00565852617475628 -0.448883664421731 0.190414100128329
-0.0260091637621289 0.00181017140587496 0.0271015657076433 0.379590478328688
-0.00541798117711205 0.00793667305818739 0.22363862855565 0.112887724063736
0.00859043402659522 0.000473417056233303 0.106131308539067 -0.0614115799595479
0.000673360642755226 0.00651748519835439 -0.0541616073240264 -0.103349552099405
0.00242555906725575 0.000857210062932132 0.0473459566604947 0.0862919519711856
-0.0152558507324618 0.000164607526590485 -0.0704030222573264 0.0525251667827111
-0.0151977541166259 -0.00359673381172312 -0.21221186453938 -0.103087849647353
-0.00824130557619343 -0.0202166871399767 -0.0166187112100889 -0.322236101507224
0.00899711254486655 -0.0252586278680083 0.387966391790407 -0.193629473480291
0.00133847593043907 0.00863832365192623 0.377428722909184 0.306995960790334
-0.0141740163058109 -0.0142438242747168 -0.05688445427512 0.374002029987331
-0.00226779017940021 -0.0258514420227004 0.0121251283479508 0.0651210469194568
0.00531416619802369 -0.0121229305305321 0.178542325697617 -0.326424577058282
-0.000555067994472799 0.00267286975035616 -0.235912203612042 -0.506874285210666
-0.000156824850228483 -0.00906642935121384 -0.510087646625808 0.0128029009748515
-0.0218489944092399 -0.00815169576150722 -0.0848160050391289 0.367573248313335
-0.0200591525548371 0.00938263982637239 0.200864228058652 0.170692749712988
-0.00891213151418335 -0.00164027486859042 0.119489425932406 -0.0275490323846198
-0.00659916393944396 -0.00297742754002381 -0.0548865084157862 -0.093952702144726
0.0001140598611704 0.00318832103817054 0.0466023353521067 0.0834681159259108
-0.0166654947122784 -0.000473698562193273 -0.0758517175437486 0.0456250628634068
-0.0185415155847411 -0.00761365798773439 -0.206220658417831 -0.115177416157075
-0.0100603412625028 -0.0220895047654819 0.0103973778250971 -0.320775254765338
0.0109579209852055 -0.0221558827964486 0.406915869970502 -0.158458721321548
0.000695392926034609 0.011220310560083 0.355402793762727 0.339569657761315
-0.0123541077294584 -0.0164351759078389 -0.0777732049684939 0.369762531228111
0.0011627850546319 -0.028038948197664 0.0171544098629913 0.0565106970705407
0.00614824468139921 -0.0133128309095962 0.162152641096308 -0.337190546167532
0.000432170219949669 0.00502714250257996 -0.273086924656071 -0.480832612472407
-0.000606475698069695 -0.00659554510764919 -0.50069517759982 0.0549720857885489
-0.0248045498723375 -0.00814505321799099 -0.0534882972589214 0.373509081436953
-0.0221493645092136 0.00709368124390775 0.210263115378614 0.158185468443409
-0.00905335175213039 -0.00244005568573672 0.114475126402517 -0.0348020765806733
-0.00843982055808674 -0.000667867663296007 -0.0562468926090093 -0.0964024842781396
-0.000921084014400816 0.00607267790124156 0.0460794821873084 0.0809003795352827
-0.0171569564929771 -0.000945813546623557 -0.0800105929548248 0.0385878969344241
-0.01981114865539 -0.0118799620519541 -0.200493287778454 -0.128594145456149
-0.0112209825012104 -0.0243282876872097 0.0372481592658047 -0.31703325841455
0.0146241998674529 -0.0182893835069067 0.422620356149729 -0.120822035383358
0.0013520570673021 0.0149336171993198 0.329462711032442 0.373753773550264
-0.0110906550873797 -0.0157264818413028 -0.0986412546062288 0.365864977375616
0.00227521940493623 -0.0267901583447047 0.0218058652354294 0.0492618283467564
0.00664457663756971 -0.0111726254950275 0.14272757677264 -0.347044578534956
0.00288253044824765 0.00840539407481899 -0.308266565120662 -0.449988911484508
-0.000873558763593246 -0.00457618572488721 -0.488104894676321 0.101880978625324
-0.0277865966369767 -0.00656955974145648 -0.021119896172486 0.377458678322936
-0.0230911322908965 0.00512890433848816 0.218253482481852 0.144849888735283
-0.00773704475699662 -0.00213731926028976 0.109422849891254 -0.043014714232392
-0.00927686192132864 0.00254290374617261 -0.0563998865879524 -0.0990174649645812
-0.00132033028113974 0.00791941961064821 0.0463143901605695 0.0776629779435171
-0.0155999664995844 -0.00150589635138116 -0.082757288931746 0.0305744824086275
-0.0195504517551773 -0.0153281938235159 -0.193956686323829 -0.14015071308352
-0.011229982353366 -0.0257522600331231 0.0616268507900689 -0.311472641392524
0.0168144535817423 -0.0150690051531409 0.434718127809714 -0.0809429265888512
0.00234532244205281 0.0175203351060398 0.300184823057017 0.406217080846793
-0.0105727393105745 -0.0134904323189552 -0.118036311156239 0.361633546338542
0.00139514554193567 -0.0233341980215192 0.0263097343941227 0.0415795547268751
0.00729074415944432 -0.00686148118912788 0.125307987533231 -0.353874506944618
0.0057063922257004 0.0110489749246381 -0.33822113355242 -0.416412958652333
-0.00129589437790216 -0.00297603697536748 -0.470879128104441 0.144709742071165
-0.0302852903178808 -0.00514284194763831 0.0076345853372877 0.379695003872551
-0.0215057804135005 0.00398324836359964 0.224572066911926 0.130465261611773
-0.00534213897279278 -0.00169478043131371 0.105691878117984 -0.0509037493357377
-0.00944219883459609 0.00566176084069451 -0.0568627106511374 -0.101416895572543
-3.82033276638288E-05 0.00922441276078506 0.0464051442999949 0.076329848625731
-0.0133459545190778 -0.00141900851479886 -0.0841402229113683 0.0240848558084667
-0.017218997298171 -0.0164168359694503 -0.188083660002312 -0.150214455264487
-0.0102725347227677 -0.0261493545598003 0.0817516525194295 -0.303863999824616
0.0184313050952619 -0.0127794503415074 0.441659144872501 -0.0455593016984041
0.00382602843401265 0.0198569474070689 0.275146457768392 0.433582112528171
-0.010360692993452 -0.00897605225580188 -0.1336271706086 0.35792029366589
-0.000664492773983937 -0.0183222737123261 0.030490343424519 0.0363040770565065
0.00812210261106446 -0.00165122886600472 0.110898457265548 -0.357745103744357
0.00942833739539904 0.0114431586405153 -0.357496791757533 -0.388577955911527
-0.00205113677300862 -0.00212894447944459 -0.456139148912212 0.178173820212263
-0.0307929673850262 -0.00211859509957955 0.0305387747606595 0.379735217536533
-0.0186746655136862 0.00473706664747323 0.228287798626275 0.117755186420624
-0.00227416678968329 -0.00123811187338679 0.102677010450415 -0.0583039411368731
-0.00812040650699915 0.00745821298825906 -0.0568831973452082 -0.103845748071508
0.00201967083969406 0.00950898096916304 0.0472413708570149 0.0754911092317047
-0.0102181521442196 -0.000761004119172988 -0.0834536856148737 0.0201158690816473
-0.0136321646396181 -0.0157873065818238 -0.185609642161297 -0.15725372798733
-0.00899635785627447 -0.0252393527124541 0.0918933890419606 -0.297847721476662
0.0197057412860589 -0.0121630109130279 0.445428929098922 -0.0235903252218482
0.00566564286716907 0.0214082638067063 0.261016510556583 0.448642213587486
-0.011730086113641 -0.00353929161985718 -0.142534177543674 0.356577825573071
-0.00514368704348461 -0.0117586949977316 0.0328760018223422 0.0326560589002558
0.00847650826749614 0.00376261533007349 0.10229201099236 -0.360663289955721
0.0123913658938003 0.0113686274116992 -0.370135445584723 -0.369429931060293
-0.00234933519424864 -0.00261240243703216 -0.444734439604084 0.198609318566956
-0.0307969932596654 -0.000204539132752323 0.0429193440941898 0.379611163341835
-0.0147810925034673 0.00479205328741728 0.230361785312979 0.10973811832425
0.00182349817965525 -0.000835388828336137 0.101746376887139 -0.0626014168220692
-0.0057565060431548 0.00829492605451682 -0.0569560084302501 -0.104574941503534
0.00500889115944923 0.00855053943112876 0.0471452951980199 0.0761366734558388
-0.00701699608223833 0.000333343945115365 -0.0822289272924234 0.0187102938573463
-0.00928143069637968 -0.0132711312533487 -0.185102442855308 -0.159690709207083
-0.00802860922681869 -0.0236150139393141 0.0921486750440527 -0.295644852674843
0.0197441825359574 -0.0133553871732389 0.445686188368595 -0.0158076575202657
0.0077697080759876 0.0218958469318155 0.258869477621984 0.454508763948398
-0.0129690739401411 0.00309144601466175 -0.143487832568062 0.357059769842527
-0.0098031060122053 -0.00477865694431121 0.0335473731649341 0.0330728602378957
0.00891516299050595 0.00889364226936346 0.102654428834993 -0.359087211604485
0.0144405582562539 0.00985650199774269 -0.370230660412664 -0.364439894070456
-0.003217383171817 -0.00332125223104735 -0.443264747551363 0.206733725369154
-0.0289067425138167 0.00161032394006553 0.0440265956045787 0.37950061913666
-0.00986898375950233 0.00605929681557296 0.229297411317709 0.107461895340357
0.00523239700550058 -6.79285757182093E-05 0.103526584140235 -0.0640486462456984
-0.00276313669498764 0.00797390410696174 -0.0566410653288498 -0.104385215386412
0.00807150407860423 0.00722764142804927 0.0485267348849789 0.0765935208716016
-0.00328768129638256 0.00170410480051033 -0.0789402233756217 0.0203422829413952
-0.00481163297911455 -0.00926237009656243 -0.188636621058841 -0.157297234295712
-0.00648783680569323 -0.0215997125190956 0.0822551648680168 -0.298841347785437
0.0184603623256022 -0.0158463072418692 0.442007007716117 -0.0270448364220594
0.00940877851099556 0.0206239057666172 0.269747510437403 0.449836396497318
-0.0141371581415365 0.00808242469692347 -0.136804114182406 0.362275817771483
-0.0145421767304919 0.00084433884734567 0.0316390461907749 0.0363665235127254
0.00765339882109094 0.0124048026917329 0.109341137167314 -0.356434939603155
0.0155610880368285 0.00812982027240172 -0.360920496334719 -0.373489917182378
-0.00351148146128164 -0.00527407051989093 -0.449939708412459 0.197260765286019
-0.0263772809841324 0.00230248051109275 0.0322239831042702 0.382765804363014
-0.00503162407430703 0.00820448738825333 0.226804207080163 0.111277877927117
0.00831045205025696 -0.000125737944475434 0.106301595674816 -0.0630667503954562
0.000677618733545865 0.00660315375103879 -0.0564188786824168 -0.103516146432566
0.00262238117513763 0.000830694043755217 0.0486245909211019 0.0858179252037299
-0.015753579787113 0.000614635282668423 -0.0705232371725143 0.0529268746169928
-0.0152086004795727 -0.0033317555098974 -0.214767948615657 -0.100341477697744
-0.00876222386512061 -0.0206180406668535 -0.0218603550286347 -0.32337362228673
0.00865333352043892 -0.0252482408882534 0.387184401139252 -0.199195521979454
0.00141755469622378 0.00867610752566394 0.383932843989737 0.302723135838814
-0.0146581927311742 -0.0143864586119578 -0.0529710661214151 0.376396092011955
-0.00267951192167081 -0.0260288982106477 0.0127617733833917 0.0657466354236358
0.00519151022447185 -0.0125822901802325 0.17497226274784 -0.330890677594447
-0.000127115575070592 0.00247175738604391 -0.243449419676998 -0.506395356368674
-7.0478443281773E-05 -0.00918490650457122 -0.513056289801134 0.0184375844186029
-0.0219335924663053 -0.00801836294737148 -0.0804617633524603 0.370434309880724
-0.0199542881553987 0.00971473640598852 0.204614240985077 0.169464848575774
-0.00922888480170658 -0.00140416167189248 0.119704167790512 -0.0291534215041956
-0.00720580315062016 -0.00299454859811008 -0.0564724895547534 -0.0933314037228671
0.000582959425563482 0.00334870872911458 0.0476940155112323 0.0832158981563076
-0.0167262187504698 4.5718175871775E-05 -0.0760795384665901 0.0463501062787018
-0.0186367434915592 -0.00806753464286438 -0.209772093741126 -0.113047423079535
-0.0106019074164348 -0.0223534115910128 0.00605757424531466 -0.322335434051228
0.0111347105200169 -0.022079376206164 0.40627649132904 -0.164469747405286
0.000997347372578111 0.0116150112205645 0.360815953967052 0.335994272743456
-0.0133998606403218 -0.0167417810269125 -0.0736280471224534 0.372417923178908
0.000945776544752597 -0.028375531599595 0.0183299160161724 0.0570169813188205
0.00593207803726591 -0.0135842789436215 0.158330375948242 -0.341056266364807
0.000443922389912928 0.00513243576411321 -0.281837966102172 -0.480944076565753
-0.000964762641659499 -0.00653943636721672 -0.501903924112501 0.0631886991945656
-0.0249920437096683 -0.00760936267590276 -0.0470866458185198 0.376282151561868
-0.0222346062766702 0.00702742508227686 0.212922961688592 0.156411736878836
-0.00924639686655023 -0.00198458608518074 0.114993964479276 -0.0360160056318002
-0.00834695923808763 2.36308493930535E-05 -0.0577844584340142 -0.095935889123147
-0.000507492161664763 0.00610755158542188 0.0477719207863525 0.0804985648283571
-0.0174267020657421 -0.000963810254469575 -0.0803090988165995 0.0388969145251177
-0.0204117682050918 -0.0119692669438801 -0.203750933742652 -0.12544344659042
-0.0123445085797039 -0.0245679817720621 0.0327392042056827 -0.319883767112611
0.0138798531921814 -0.0191146012918748 0.423277066927728 -0.128166760515523
0.00124402802869251 0.0147100058114609 0.335734037739886 0.371330311531754
-0.0117707693328899 -0.0165769432264074 -0.0946487898256034 0.368587837037693
0.00178727595086696 -0.0269820040610719 0.0226124671935254 0.0492097059941007
0.00670909775338682 -0.0108540798249393 0.139560213687013 -0.350861878747826
0.00298172191128069 0.00810476237979669 -0.315626792521167 -0.44842444697557
-0.000905963607441993 -0.00407352545578598 -0.488622746237813 0.109420394482369
-0.0283374512831714 -0.00624845859120318 -0.015308186699388 0.379375784353432
-0.0228943566058429 0.00561663407439048 0.221639635767909 0.142232888612381
-0.00801220979584627 -0.00198952881199317 0.11036805595993 -0.0442423578717508
-0.00968549037593096 0.00284748821961896 -0.0588772865591343 -0.0985330146938638
-0.00100501309640118 0.00792905826771476 0.0476900968291743 0.0771097328874601
-0.0160780176914655 -0.00132206904138877 -0.0833955500148429 0.0319866938377853
-0.0200220375721702 -0.0149558770320992 -0.197601604843919 -0.137550008134367
-0.0114543561433164 -0.0259395105769256 0.0573710268706256 -0.313181571815983
0.0167148549746789 -0.0153616523483136 0.436298908560018 -0.088036376771005
0.00252042483557767 0.0176783063937853 0.308568416265949 0.404313057136606
-0.0106524891223903 -0.0134922521254018 -0.113589777008367 0.365228943092924
0.000839056245207093 -0.0236548994493212 0.0270111805575646 0.0413178960960913
0.00662483373604831 -0.00699552735626471 0.122106817755788 -0.357766257871992
0.00620543546983495 0.0107037981663886 -0.345475075084437 -0.414741880037236
-0.00145013645498707 -0.00301003229758124 -0.47331760770078 0.151668062589656
-0.0302285771012943 -0.00422279152755631 0.0133551784788877 0.381004044442617
-0.0217902838057292 0.00499351168339287 0.227621989824466 0.128150574166764
-0.00595110210083915 -0.00161431786508113 0.105841752926164 -0.0521274950656581
-0.00934909111420832 0.00521468443838764 -0.0587499977416051 -0.101060151629524
0.00012681823450864 0.00917492443027606 0.0476495294539626 0.0762581120681822
-0.0136038100121132 -0.000972556830159855 -0.0844080146650179 0.0256014633521968
-0.0176728546576591 -0.0162834568299287 -0.191918062900128 -0.148462123553151
-0.0110493359452122 -0.026261245745076 0.0774170225476249 -0.306364660833224
0.0187163008500259 -0.0128908898084854 0.443303774183957 -0.0526644545950318
0.0038268892210878 0.0197853281961071 0.283317391283684 0.431121985001323
-0.0101175321863826 -0.0090103899344537 -0.130034945590803 0.361045526913833
-0.001487922949252 -0.0180348593728778 0.030966647146435 0.0358730690503987
0.00811691074048257 -0.00180437174623044 0.107094252310565 -0.361155975074954
0.00969522033109747 0.011437709206152 -0.364817701749017 -0.385419598134219
-0.00123477403648697 -0.00252847424308543 -0.45558355194964 0.186096315161884
-0.0313098461816518 -0.00182506129484319 0.035992564182707 0.380660220035881
-0.0182645257251151 0.0046564807347642 0.232021936065716 0.11518153401919
-0.00185477198213158 -0.00113498076242506 0.102960283423625 -0.0598132593613916
-0.00814671643827367 0.00778999013275242 -0.0583886864513557 -0.103701513091753
0.00187590773989714 0.00968274094835962 0.0483962641470618 0.0747986198066872
-0.0106558599458938 -0.000344643014957966 -0.0843675417718869 0.0213560617240041
-0.0136142422405188 -0.0157799925286871 -0.188754193895773 -0.155164180300753
-0.00960291317340662 -0.0255705092396104 0.0887511530732322 -0.301212564471164
0.0195449959537123 -0.0126160584566734 0.447683203765458 -0.0279251925126331
0.0061926460597654 0.0213698426369141 0.268796588041065 0.448122834589741
-0.0116769984523587 -0.00357046357861711 -0.138046864383787 0.359793269301311
-0.00523870167913989 -0.0115692002990587 0.0332050075681783 0.033057748232816
0.00840783469141223 0.00367891990619521 0.0984114600883696 -0.36308997665177
0.0127070634648142 0.0113797658705392 -0.375879173227 -0.367215909227784
-0.00223421223832289 -0.00197528866646544 -0.44533041378525 0.206122523944543
-0.0309913999422527 0.000333565746205277 0.0489624675301533 0.381419977274429
-0.014367537570586 0.00530760797440395 0.233338550051501 0.106784682791513
0.00126319583124583 -0.000923119641897072 0.102295408453446 -0.0638577688139776
-0.00590757015061736 0.00906905206583346 -0.0578219084009514 -0.104256136791259
0.00490425333011578 0.00836151675448234 0.0490854557550745 0.0757036983874786
-0.00694155013758322 0.000674735376070124 -0.0824983125080116 0.0194625708883883
-0.00976147095325913 -0.0135408517567443 -0.189152236677717 -0.157746973899177
-0.00840548751847745 -0.02335132898112 0.0879596889127964 -0.299193456017906
0.0195914501162628 -0.0138151859193144 0.447934027638471 -0.0229947167471398
0.00795452321430711 0.0218301132033684 0.265978028515968 0.454851848437787
-0.0128948199742155 0.00268865441388988 -0.140267924439978 0.360706593573957
-0.00984867737732057 -0.00509985789776064 0.0336719044456142 0.0332671038802255
0.00891126625123412 0.00823203396194504 0.0974715030080848 -0.36135096276834
0.0149033954422507 0.00952118041894011 -0.376900560127924 -0.36209113623054
-0.00297661282089316 -0.00331297010429427 -0.442656499974317 0.211744879093961
-0.0289466810639054 0.00176954268409069 0.0495242033745975 0.380966910800751
-0.00952106491461622 0.00596638686877422 0.23284656340134 0.104211314135264
0.00524057791357194 -6.20720188768478E-05 0.103373151084441 -0.0663294145783415
-0.00273773561993218 0.00857291621493103 -0.058093804683733 -0.1038614795094
0.00802263715976096 0.00712393759288678 0.0497611606572316 0.076338453493467
-0.00330235310169005 0.00229543616472557 -0.0789976221281054 0.0212236946194638
-0.00485898820404498 -0.00978912295887649 -0.192289632919841 -0.155034491329103
-0.00727443784445699 -0.0213315730185468 0.078667199983333 -0.300913554426756
0.0185688254062539 -0.0163932257875793 0.444351899656326 -0.0339314867369577
0.00971245959800041 0.0205706941165841 0.278331059235478 0.44836001382494
-0.0142753666539521 0.00811266342895973 -0.132603468804226 0.364325542396587
-0.0149393362029937 0.0012684873685032 0.0321052218777116 0.0359019014788714
0.00821922683811367 0.0127365233844866 0.105077677735472 -0.360045661251
0.0158968272118339 0.00742635155008119 -0.367176735291887 -0.371845127843601
-0.0029139237755187 -0.00486858772335239 -0.451052908776691 0.203864354798281
-0.0265867625752761 0.00336630173743392 0.0373497834882393 0.383107235827773
-0.00472619885883357 0.00820865507671347 0.229622806274514 0.108127181401448
0.00808526225707615 -8.2216432191121E-05 0.107265738817574 -0.0649813038013251
0.000146006131154623 0.00741699835599268 -0.0573929659880836 -0.102985525878168
0.00246037804036091 0.000832204625561711 0.0017508255918095 0.0998558880018428
-0.0131841932862704 -0.00692130464159901 -0.0878348649173574 0.0132514870886099
-0.0106682341356217 -0.00797432156947735 -0.141142225736098 -0.190965057770442
-0.00114484572571865 -0.0195112468984212 0.134833373644978 -0.296958340088859
0.0142653685739894 -0.0220266039263282 0.43595540237499 0.00798394260400659
-0.000784269925848638 0.00566872209430937 0.190227597842673 0.452322215004312
-0.00599904033328692 -0.0164392217935568 -0.227969754705122 0.304740560672884
0.0104835417372677 -0.0242661630485108 -0.0197598226155656 0.0634223155521199
0.00919891791860601 -0.0119760107610911 0.307992061585287 -0.208563123619517
-0.00480696246682717 0.000350330624052124 0.0235193557568244 -0.556813344500406
0.00146272161842462 -0.0063438166840702 -0.459370465902614 -0.226295569640466
-0.0145592950841515 -0.0112041797727259 -0.248846926974251 0.285107002837382
-0.0204342855547752 0.00101375181316873 0.0974326425470078 0.249216015416254
-0.00568336712150433 -0.00646980280467102 0.120702238707645 0.0341013225174935
-0.00494301623591529 -0.00555160321875885 -0.00112927280312511 -0.110970656759729
-0.00101395947281008 0.0019798987979598 0.00241049212996215 0.0972394230636477
-0.0139525654160041 -0.00787280204912611 -0.089514379239278 0.00460308670852523
-0.0122158303080919 -0.012730376639188 -0.130077620134248 -0.19974476899469
-0.00204537373237124 -0.0223852953855819 0.158580591811319 -0.283380910116457
0.0158283916335323 -0.0180194372824723 0.437698496280664 0.0478739733871119
-0.00229774937219472 0.00783378544869459 0.154326806576622 0.470413464979832
-0.00381994409684213 -0.0179511218777769 -0.243831139776045 0.291081783933431
0.0144709585445262 -0.0247961205882339 -0.0109863517277141 0.0581776713237402
0.0107103113218259 -0.0121834453524651 0.29877336334237 -0.225877714925616
-0.00560521748498499 0.00319177614332081 -0.0210666207822568 -0.549432596110543
0.000183860016569402 -0.00438942378024741 -0.470322841371804 -0.182114032429576
-0.0171540090650109 -0.0124507575771115 -0.223512533251664 0.305061397103301
-0.0209524743980703 -0.00203340556640406 0.11159617677262 0.242176860556508
-0.00576745032955422 -0.00702102246760054 0.12046816119466 0.0255409910803674
-0.00806383757443192 -0.00437252663708733 -0.000983768190226065 -0.11417646477805
-0.00346444952527915 0.00325227589290091 0.00345456997325159 0.0943562940538966
-0.0142560763954594 -0.00862208294821682 -0.0901024900235279 -0.00396012055379678
-0.0119869626689019 -0.0169505003560609 -0.118538937689087 -0.208100645784358
-0.00217256664494277 -0.0250347357775626 0.18144424318601 -0.267661940639847
0.0167579971180264 -0.0138971308663008 0.434390828382407 0.0883889931412075
-0.00317095739405731 0.0115677804876807 0.114795517096942 0.487975722747328
-0.00267179300347621 -0.0169160336062263 -0.260914060398795 0.277387981225551
0.0152077735149721 -0.0231487112321682 -0.00301978682743873 0.0531788799102653
0.00945801798624258 -0.00975132344034737 0.286490428175328 -0.24189852609368
-0.00489935991271593 0.00743424366996688 -0.0654104008261912 -0.538447448576508
-0.000905137038978413 -0.00207088443677517 -0.480807534075634 -0.134577698277349
-0.0197006188484443 -0.0130763611054418 -0.196742322020664 0.323866221575636
-0.0204113969392031 -0.00461354187301153 0.124894854703581 0.233723080805575
-0.00469137765377545 -0.00616146918658225 0.120562123060134 0.0157132966142365
-0.0107464131487352 -0.00173649108155402 0.000507589312468837 -0.116827192808183
-0.00450937384985526 0.00514509512017282 0.00529506319810276 0.0920680585074563
-0.0128753754629489 -0.00831390131018353 -0.0887368597570525 -0.0114036342433997
-0.0102152485911594 -0.0197295797171339 -0.107908879340745 -0.215509999261686
-0.00170396572723375 -0.0266761925147683 0.200141968163093 -0.250461433065873
0.0182084960200917 -0.0104617239105379 0.426876575425336 0.129609787724292
-0.00313951271620506 0.0146065118467972 0.0743018473784015 0.504195241415218
-0.0036378174071868 -0.0142055784354469 -0.274944189698782 0.264348396428608
0.0124392702192407 -0.0205553543752498 0.00410516345426734 0.0492202438616422
0.00789134427819197 -0.00536373466337513 0.273599304783102 -0.257182658313422
-0.00317767881692197 0.0116031813966641 -0.107619363101944 -0.522934130213737
-0.00152459837031409 -0.000580562413760411 -0.485307159033688 -0.0908721351732351
-0.0224029792989265 -0.0124939399132794 -0.171701081281552 0.338943461550953
-0.0192262616056621 -0.00469359740600737 0.138541916591238 0.224133049608713
-0.00269521701509646 -0.0052081132362552 0.120562996099702 0.00634461097686216
-0.0113287792929086 0.000617835045500884 0.000478355924563316 -0.11916590896349
-0.00399769857653678 0.00694031081017957 0.00591077471620375 0.0906851663698771
-0.0109328428817529 -0.00689157675740652 -0.0871329979001139 -0.018079283509662
-0.00718217254227514 -0.0200159786434585 -0.0980982996964756 -0.221904575520788
-0.00101695039776083 -0.0267505690077271 0.21446234947027 -0.235147112793568
0.0192156170736635 -0.00769081631535614 0.416520612440339 0.165201035193181
-0.0029057250809443 0.01741057897742 0.0392464553186341 0.516453755349095
-0.00580766818068385 -0.00998806876998849 -0.287916230082487 0.25402850761547
0.0079181402908884 -0.0172000615586904 0.0104021588139807 0.0456214424160251
0.00619796935446541 -0.000471361093838094 0.263027250735159 -0.266307957975089
-0.000450897599750992 0.0140398437832268 -0.138082754803719 -0.507171226052235
-0.00200737302200374 -0.000380293782727829 -0.487031088161439 -0.0521170770957347
-0.0239762094829042 -0.010803951788814 -0.152126636902184 0.349965533602221
-0.0166221443521078 -0.00359971766447235 0.148142618368275 0.214975457120384
9.94705974421742E-05 -0.00327588312393681 0.121432518885563 -0.00135915027655388
-0.0115874912089418 0.00307726179593081 0.00181703940932651 -0.121065230981205
-0.00231088403331712 0.00815017779881512 0.0067168088087056 0.0900463582278515
-0.00835505973440037 -0.00468855743328309 -0.0848959947983037 -0.0216908549487202
-0.00469718772996714 -0.0174318094824897 -0.0924925849100219 -0.226426914180872
-0.000256499591757931 -0.0255136870460378 0.22111739203104 -0.22440751978189
0.0199215541937805 -0.00709698248415113 0.408275890653781 0.187569150055733
-0.0015405649740098 0.0201263525611318 0.018065792641619 0.522805981634944
-0.00935570082090145 -0.00529166393789671 -0.294548128621047 0.248788242617581
0.00115590490266909 -0.0131314668385838 0.0136882572339008 0.0441363896244455
0.00413028314264106 0.00475566625881683 0.255661565661473 -0.273096905794703
0.00228912828381428 0.0149412192189632 -0.158006226967531 -0.495864571873991
-0.00256190522303338 -0.000442461802924166 -0.487626377912827 -0.0289154162016665
-0.0242812528752887 -0.00851614609939824 -0.140052039470581 0.356110363209588
-0.0132181047552995 -0.000769404093819653 0.153485977559959 0.208206622663695
0.00318560106723396 -0.00112725068377839 0.122660475211522 -0.0056805578080224
-0.00957292854263218 0.00488051949289282 0.00277082871124655 -0.12184786715028
0.000443524215593806 0.00925353103571252 0.00677683241469974 0.0906582035854345
-0.00539921698822774 -0.00187127089671299 -0.0826914660194469 -0.0223998042538806
-0.00205860215728418 -0.0133483087705331 -0.0905488585713677 -0.228512480782723
-1.87864012374656E-05 -0.0235542158471711 0.2201913325831 -0.223121169353754
0.0208323415770805 -0.00822879800706454 0.405985597993927 0.193604643509689
-0.000203407684454545 0.0214310574980783 0.0136163676692049 0.527198910936899
-0.0134552346265831 -0.000366573528311095 -0.295811061698169 0.248194931877523
-0.00627391032588411 -0.00934308433744351 0.0137193563859109 0.0449579429637697
0.00205264647751143 0.00924145668059747 0.255098854203665 -0.272529582901335
0.00502324290363931 0.0149367649466761 -0.16067723091742 -0.490821470479027
-0.00268079215860626 -0.00208578404183397 -0.488139054040204 -0.0231054076470503
-0.023616832523248 -0.00615797152696655 -0.140058520319096 0.356557010596516
-0.00919968273995865 0.00231832182798753 0.154106410237555 0.205687963294474
0.00591414993591661 0.000908410941859129 0.124613935957256 -0.00636402966693607
-0.00702573595176354 0.00576464560166938 0.00255034612295352 -0.121457483967128
0.00415389069620397 0.00900151496613155 0.00739580218676745 0.0917745799573875
-0.00330629790978625 0.000849877485957459 -0.0803921812568926 -0.0195864196217253
0.000105298174232106 -0.00766218125691899 -0.0946431324206174 -0.228433372952484
-1.37202566906802E-05 -0.0203016318667239 0.212633360610973 -0.229458834922576
0.0206180868395978 -0.0104870766919736 0.407795686350941 0.181961517118787
0.00214456013300842 0.0210291873583032 0.0267872876117314 0.526998352373171
-0.0177046423703052 0.00356322221167341 -0.292327572693184 0.255064589103668
-0.0133130975831842 -0.00575972317806773 0.0107550032939129 0.0471479355255154
-0.000489206244805723 0.0120682562347591 0.260179985947642 -0.267034503274723
0.00641024706657065 0.0132506557550216 -0.147234131818095 -0.494738814583692
-0.00246842912374221 -0.00376496905367022 -0.490692578531437 -0.0336211107814793
-0.0218755960305663 -0.00421155838465939 -0.152007993976427 0.35313064400896
-0.00569737132721047 0.00624265096169413 0.14890293257445 0.207762144619022
0.00868193995154278 0.00314519383028267 0.127199532618334 -0.00320493484669744
-0.00351758827838448 0.00654989902956233 0.00248461915960532 -0.119914465880746
0.00232014068878445 0.000527441820514424 0.00273702934687742 0.0999482227194088
-0.0135035623364852 -0.00648684372939188 -0.0876170292387534 0.0140556230591302
-0.011224587889454 -0.0081185799550433 -0.14448434313555 -0.188808984264665
-0.00145044969024306 -0.0200701960892787 0.130210723450893 -0.298790087622468
0.01424755464571 -0.0222525694376937 0.436940922287088 0.00146919389268663
-0.00115463518020497 0.00560275191579436 0.196043656458763 0.449345232554845
-0.0065063672669042 -0.0169879465518838 -0.224057836075275 0.307569151089849
0.0100021224284545 -0.024640450022484 -0.0186273028063594 0.0636705654219507
0.00912179770584231 -0.0122198818345901 0.305813892556031 -0.212994087594201
-0.004579915514173 0.000391220817366806 0.0148341869882844 -0.556001017333421
0.00128908167103905 -0.0064071726151967 -0.463607304802158 -0.219413547465672
-0.0148044751881269 -0.0114178642010897 -0.245238450363742 0.288990083390354
-0.0205104814067639 0.00152568288717643 0.101746661969163 0.248061223164314
-0.00614206042048622 -0.00643407154388036 0.121741245643056 0.0330726485458937
-0.0053129286687939 -0.00556257831681154 -0.00261257524517106 -0.111188203843332
-0.000791227570565461 0.0017622895228547 0.0039744453152349 0.0975153202782876
-0.0145785428164166 -0.00754253884441263 -0.0895379636829064 0.00545524155608152
-0.0124223016180754 -0.0126750581494347 -0.133788221566696 -0.197344186491672
-0.00254789652563136 -0.022804719955011 0.154640348101099 -0.286313271419198
0.0151306383367708 -0.0182041633681394 0.439219900022253 0.0416533213544565
-0.00227572803771753 0.00781903616321259 0.162614908509848 0.468958737609664
-0.00397455804048594 -0.0180903509582783 -0.240557280858593 0.295225396434161
0.0142964407466828 -0.0250019309523794 -0.0103432044388169 0.0583631390907425
0.0102276995164119 -0.0122918025018832 0.295696641899233 -0.230216464253002
-0.00522029065326959 0.00304134446465548 -0.0286590680657398 -0.551179243236284
4.86113883798114E-05 -0.00442185684085637 -0.474542151414862 -0.175422572729015
-0.0174519414514077 -0.0123447468115605 -0.21923597278359 0.308870889894173
-0.0207390399885596 -0.00200621243613124 0.116201450141041 0.240740886402183
-0.00610357853843586 -0.00702877976952495 0.121335619239371 0.024330715831844
-0.00843927998146703 -0.00359838894041304 -0.00283881258030944 -0.113900636532987
-0.00371883627667951 0.00342024516986232 0.00509117335696796 0.0944197508063575
-0.0147974213012506 -0.00826735319656151 -0.0901912941695572 -0.0026621234668471
-0.0122854051383276 -0.01721446590716 -0.122566817982042 -0.20653372815215
-0.00268781186360204 -0.0252143163129843 0.177198008190289 -0.271198474388311
0.0161135104143503 -0.013965998718749 0.436149381904955 0.082366838598094
-0.00296428649183481 0.0112270104324088 0.122565035198825 0.48566940103105
-0.00337960358111493 -0.016973439674142 -0.257629211712573 0.281712407786449
0.0146984307285565 -0.0236101053742485 -0.00254498372973356 0.0532544259023006
0.00939146920119784 -0.00978976108756067 0.283436928956642 -0.246518321017694
-0.00455136357659525 0.00720902727379321 -0.0733132324042769 -0.53791761335405
-0.0010154698146773 -0.00162534511969974 -0.483220075309762 -0.127731717098235
-0.020000448448135 -0.0128415219366159 -0.191820978639414 0.327138703221289
-0.0207008630587439 -0.00429947092328609 0.129679774055141 0.232188173283162
-0.00506202736350534 -0.00678475327237116 0.121305192035194 0.0148211867356485
-0.0106206273873703 -0.00172367915866495 -0.00183197383096439 -0.117037237765529
-0.00428338718660469 0.00519941813128678 0.006514711675294 0.0919692464716406
-0.0130662768355356 -0.0081875216432353 -0.0891578933914989 -0.0109075134928114
-0.0104349026726023 -0.019927903082083 -0.111724746118348 -0.213911223379609
-0.00190670034460731 -0.0266489134115664 0.196244231260868 -0.254309056542635
0.017894535554119 -0.0104875022840674 0.430209651515863 0.124175976899332
-0.00294286318726954 0.0142560068551969 0.0821030811227878 0.503785120029172
-0.00339564939099853 -0.0141176668434828 -0.271940534761446 0.268170231328891
0.0121897684626297 -0.0210494095418473 0.0048347801438408 0.0486467170223786
0.00809736999598057 -0.00545522960906388 0.270728878203291 -0.261456965382925
-0.00255966503574269 0.0111450148344051 -0.115430208488359 -0.523341318318456
-0.0016526274525096 -0.000586516098686931 -0.488901287720662 -0.0826470589561095
-0.0227317040570334 -0.0121681868888982 -0.166945296034436 0.342406517037861
-0.019510633166864 -0.00422224256489414 0.141784825568238 0.222430548192259
-0.00278509949380871 -0.00514054639384415 0.121447208778527 0.00495592465441598
-0.0119457380420362 0.000902259482542762 -0.00102215288607944 -0.119280036082591
-0.00422382948468016 0.0068669379392578 0.00693122518958092 0.0907503197298127
-0.0116441792864981 -0.00678361283617019 -0.0874678709852437 -0.0173672173453377
-0.00802265514003006 -0.020533572721011 -0.102340478425085 -0.220830713303915
-0.00119698081072967 -0.0263572866154747 0.21157892127414 -0.2383586508278
0.0187561662426985 -0.00788169272374076 0.419810643821854 0.15986285355967
-0.00285338108669559 0.0173789948174856 0.0457924703234499 0.515975502661286
-0.00611130080176319 -0.0100854567305763 -0.284745987673077 0.25774951961783
0.00765797949317099 -0.0174748640459971 0.0106933140053429 0.0456958046529852
0.00650227854887047 -0.00118311636925551 0.259987020393769 -0.271173235146429
2.84093977278455E-05 0.0139431769912059 -0.146205588723999 -0.505732731227071
-0.00213897036397072 5.60705844667164E-05 -0.488562601294697 -0.0447648007429342
-0.0241488443627178 -0.0105945048809524 -0.146721922292557 0.352594746480286
-0.0160536384481024 -0.00314379349869225 0.151467763957799 0.213287248851802
-8.27990818165155E-05 -0.0033376638373054 0.121910010637294 -0.0023718470179097
-0.0113446810309962 0.00364868763759947 -3.75330796542615E-05 -0.121152510551397
-0.00223200980738293 0.00828821388975596 0.00823290717717926 0.0896451809026845
-0.00872808775076881 -0.00430447812286067 -0.0849634830515901 -0.0212432739982325
-0.00469393616623091 -0.0177939890586467 -0.0965672177615784 -0.225153403840001
-0.00100087706832965 -0.0255651464579128 0.218464857082655 -0.2285943126058
0.0196532338785508 -0.00738827558632267 0.412134493711816 0.182750352938464
-0.00149274617130896 0.0200096334054686 0.0249541213789465 0.523703470210241
-0.00941434284173884 -0.00566441891548728 -0.291652113722586 0.252510570088989
0.000989686147810532 -0.0129429643437258 0.01459524996361 0.0443758060399552
0.00394406212285769 0.00405553795815962 0.253136504719431 -0.276615610158695
0.00256427026885011 0.014969335957594 -0.164529569545878 -0.494124090747459
-0.00226609757523957 -0.000643935826097876 -0.488856941774482 -0.0231304882622774
-0.024602848742742 -0.00857864896517833 -0.135587231691976 0.358900714317569
-0.0130968948290985 -0.000857159345288619 0.157624099436938 0.206374298861112
0.00271593219460277 -0.00123100683141752 0.1228957704533 -0.00689912295338729
-0.00965716579588124 0.00522750057261397 0.000728860634092661 -0.12206869315084
0.000349847640671745 0.00876482250873395 0.00828634064261129 0.0904014866434431
-0.00613419836238838 -0.00150127297537109 -0.0833275445654058 -0.0212126889598046
-0.00244681341151485 -0.013471676902312 -0.0947879901076488 -0.227455105445873
-0.000673896662447122 -0.0234435605553903 0.217241002437255 -0.226651899043267
0.0204236410863021 -0.0081636006891758 0.409012884271901 0.188097388379139
-0.000128001559822497 0.0214550225256979 0.0196929345678317 0.527148785563448
-0.0133735070278672 -0.000485254032081319 -0.292810662544194 0.252555680271001
-0.00632785548567083 -0.00902237594139548 0.0144240584896456 0.044760927494262
0.00214545013109884 0.00910357840537772 0.252163722170712 -0.276124136906931
0.00539437973905652 0.0144218093013464 -0.167790427964673 -0.489148982857054
-0.00288497110859419 -0.0015732474170405 -0.48920408775393 -0.0147569657733263
-0.0238622590822745 -0.00606950759284567 -0.135880168609606 0.359613098169065
-0.0090574820191589 0.00224396290068412 0.157479973702496 0.204677119101038
0.00581263229552896 0.000764258813720466 0.125186501802834 -0.00778758917754038
-0.0067833790815624 0.00642333030544307 0.000965133558701896 -0.121750978457916
0.00403614677608395 0.00856303135835495 0.00873287581734658 0.0914760400698185
-0.00344968431834212 0.00106549553067646 -0.08109248526586 -0.0190212088213525
-0.000375313908546295 -0.00799553937715999 -0.0996213336617159 -0.226626070383525
-0.000592926772599496 -0.0209929515177534 0.210296780176306 -0.232375057349756
0.0204806556180802 -0.0107874085966901 0.411635184210585 0.17652210527947
0.00237532220736101 0.0213246071710958 0.0346164452966409 0.527564729820298
-0.0175300213033313 0.00372796254436237 -0.289376780087454 0.260039913253311
-0.0136377020009518 -0.00668847235827708 0.0115193316356432 0.0467228581694209
-8.04687287365808E-05 0.012203328590972 0.257532573012344 -0.271006153513697
0.00712451423304624 0.0131503246538536 -0.153868432817931 -0.494316811893995
-0.00245873038814918 -0.00393003294285273 -0.492210485991802 -0.0250184709705177
-0.0216545637856966 -0.00378736325647882 -0.147066586836578 0.356246566165375
-0.00613916444973854 0.00635190158125373 0.152992502524192 0.206596784254284
0.00827747579929966 0.00316728839186956 0.127417687206918 -0.00488629225488136
-0.00338988811827575 0.00626547485042824 0.000863574184864627 -0.120146829621741
0.00147336221505276 0.00088755610898197 0.00493198609568326 0.100600551597237
-0.0133979344300787 -0.00579724852185797 -0.0866793210475925 0.0149002804593745
-0.0102480217954043 -0.00840847828093222 -0.147928481259944 -0.187406222663563
-0.0010990280235101 -0.0202943441963548 0.124793800342677 -0.301889268432193
0.0134749248257236 -0.0218140961918291 0.437543291797138 -0.00402016761517683
-0.00136612232598087 0.00531813853250762 0.203956241097052 0.448062160170583
-0.00604835196949482 -0.0162373147383178 -0.219464831216846 0.310167683429353
0.0101556902221088 -0.0250225306601105 -0.0169030361600389 0.0637385863617433
0.00935934717180449 -0.0127120555994463 0.302600118946543 -0.216184042871093
-0.00409860292344706 -0.00076415343957394 0.00781108491533969 -0.55727170458127
0.000155021888901651 -0.00631322883631859 -0.466542071885773 -0.212063728917386
-0.0157111115459814 -0.010967070144566 -0.241153292246247 0.293562221499277
-0.0206768636548742 0.000555837488453565 0.105639236665351 0.246328860052809
-0.00640569662950962 -0.00572627852581642 0.122643069915155 0.0324121367961835
-0.00639744647975387 -0.00577068940812067 -0.0044192382419411 -0.111250878024732
-0.00128962100584356 0.00111616221926966 0.00577707488941103 0.0970354268096
-0.0153920385630366 -0.00801818004941654 -0.0887453591940861 0.00588899641714983
-0.012923370748175 -0.0137477785866163 -0.13789805533527 -0.194806773384983
-0.0025821587479839 -0.0235905934626579 0.151140855722262 -0.288256279837776
0.0142591605466485 -0.0176835554889535 0.439452243208634 0.0348136828199027
-0.00207035253849416 0.00772437696346442 0.168508946155617 0.466148600653997
-0.00386963242045472 -0.0178645743919186 -0.236006557334891 0.297926768580678
0.0130845576943048 -0.0252453697539756 -0.0089546403629581 0.0589060536186757
0.00957346364755775 -0.0123804298206406 0.291985972619707 -0.235333652632691
-0.00440814423182402 0.00350647373987461 -0.0371002081954335 -0.548590420739374
0.000288812300668451 -0.00332623622580071 -0.476350642797478 -0.169248368455244
-0.0184141682006498 -0.0113417105359407 -0.214631406711153 0.31152691206002
-0.0213697739775043 -0.00136949748911528 0.12064280822238 0.238997866415284
-0.00573982854124226 -0.00688008295046615 0.122553608203667 0.0224301481327206
-0.00900693255067911 -0.00450983242189159 -0.004856260078962 -0.113742427417842
-0.00301301164921444 0.00304664688346036 0.00633769635649749 0.093250565989855
-0.0145457252991155 -0.0074561421118481 -0.0908988664376791 -0.0027166616864579
-0.0125043421118256 -0.0169588040625323 -0.12545368382763 -0.203913103078863
-0.00240019099813276 -0.0258962151243785 0.173603739620196 -0.273987670386112
0.0166599535133994 -0.0146150036706131 0.437853873316865 0.0757126164577208
-0.00396775786619914 0.0113197818184149 0.130518633990674 0.485792978306523
-0.00430668315551447 -0.0170955537445695 -0.253341760722933 0.286160365160809
0.0138072879596661 -0.0249155645035114 -0.00226758115275612 0.0527648421230267
0.00994611590399251 -0.00959816934647629 0.280421346569214 -0.250730585012898
-0.0043058403183296 0.00828241435905742 -0.0824287251252722 -0.538630263490583
-0.000730012373158302 -0.00200630249053161 -0.486370116724565 -0.12004976640772
-0.0195837650510111 -0.0127891803804047 -0.186646507384803 0.330460661263996
-0.0204561967275673 -0.00447589676613144 0.134111435571076 0.231180772256519
-0.00507472405105275 -0.00769541542151542 0.122305208149192 0.0128835764845606
-0.0115454941757107 -0.00155007100915641 -0.00292227190062663 -0.116868148768291
-0.00411791265912264 0.00501698068953485 0.0068800010104347 0.0922276424273069
-0.0137523215743691 -0.00758471275510558 -0.0898098447917908 -0.0108725054900057
-0.0114011855546147 -0.0203081671237317 -0.115488654976509 -0.212789021112792
-0.00274484816000615 -0.0262442632066631 0.193637290214504 -0.25657763199456
0.0168340915994879 -0.0102896318046918 0.430537406373937 0.117203047101468
-0.0029597865886222 0.0150823257748604 0.0893204779735604 0.502240364177615
-0.00317268772246102 -0.014706736285344 -0.268195015001054 0.272857705512946
0.0126968502107937 -0.0218474980172009 0.00517773549671855 0.0491613231602929
0.00719088649177351 -0.00645452521762 0.267413348222788 -0.265002440560026
-0.00165748872044032 0.010866893225913 -0.121629992082752 -0.521002094771608
-0.00142045055373749 0.000108459324771389 -0.489128734330393 -0.0758907994333665
-0.0232122583888891 -0.0112241112197287 -0.162638394135414 0.344405568715853
-0.0200498280581089 -0.00449477747594744 0.14508469908034 0.220457872630787
-0.00340344436514836 -0.00612029492266942 0.121725874287241 0.00297160370585001
-0.0119496765731403 0.00201494078356869 -0.00265316652303923 -0.119203025542112
-0.00416505156270695 0.00694831753381753 0.00826767015633552 0.0894850982707811
-0.0110354788261183 -0.00617345022325495 -0.0877529658065565 -0.0176920119623328
-0.00849758692971965 -0.0206100962855549 -0.106515865541054 -0.22025014793501
-0.00270481370275015 -0.0274124834642859 0.209053428250552 -0.241679562396524
0.0195309145767393 -0.00832227783326066 0.422739594073722 0.154931510922765
-0.00296410044959544 0.0168204476426159 0.0549397869106193 0.514977139322404
-0.00611867366142508 -0.0104552973375 -0.281036373343174 0.262256224634797
0.00823741349810201 -0.017535642707456 0.0112057916995217 0.0466837901869757
0.00682933753209388 -0.000523736763953567 0.255314040733939 -0.274657857941152
0.000915484714141419 0.0141377381261916 -0.153772231185436 -0.505704499445685
-0.00235160547630493 -0.000633028105147114 -0.488850821269787 -0.0386229559309743
-0.0247726239970088 -0.0111913621190763 -0.14043020993244 0.355433862567923
-0.0169537564974231 -0.00316634336315349 0.154840050886731 0.210881252516441
0.000204688917399776 -0.00444577698307797 0.121111187211525 -0.00325770558253167
-0.0126220734254751 0.00330053190227858 -0.00173411569340956 -0.120335077250048
-0.00258619568165342 0.00887727367723869 0.00986758334063978 0.0905397551644059
-0.009614265381575 -0.00386249434659892 -0.0865034721805015 -0.0212838577654047
-0.006029773840316 -0.0182171087215696 -0.10023974390838 -0.222346047977668
-0.00165952668865434 -0.0250753588825466 0.21540227071343 -0.232344664476984
0.0202751442246627 -0.00693926000871838 0.415618636043274 0.177919149242497
-0.000826328108304453 0.0193611463766629 0.0325362908957021 0.522446924520728
-0.0103955923636349 -0.00593082262232944 -0.288448009314628 0.256396881146638
0.00145473795005996 -0.0132578938362883 0.0141841576092847 0.0440346863410042
0.00432838625276896 0.00353136995231276 0.249485642388653 -0.28139052318677
0.00368442031007195 0.0143673312483908 -0.172739780506911 -0.49325124738972
-0.00249891579837308 0.000690399357743694 -0.489544775059708 -0.0137892126779798
-0.0243825747055871 -0.00821963983086892 -0.130749142156563 0.361894158487319
-0.0121128564313405 -0.000864615930163508 0.161652349370491 0.205148638911782
0.00356975699376914 -0.00109029194911637 0.123429417566156 -0.00812145997368873
-0.0103565073859609 0.00604164099211509 -0.000774351708091968 -0.121395914690785
-0.000204117538954388 0.00845294496248009 0.0100316097267833 0.0891091463532241
-0.0068107115109875 -0.000896107363126323 -0.0842514191497854 -0.0213303145472506
-0.00215711800086149 -0.0139228157871292 -0.0978794543055073 -0.22626597066687
-0.00135882937387217 -0.0241084015260723 0.214288697285768 -0.23056075790672
0.0203003204547926 -0.00766827555650682 0.41186349949256 0.181909554453148
0.00102578848174298 0.022204983559778 0.0292375998875166 0.526561607658276
-0.0146683333687152 -0.000183356820640397 -0.289686076712299 0.256698258213763
-0.00659718905132732 -0.00866926564769124 0.015561204856099 0.0436393484654414
0.00234917821610722 0.00935549736662493 0.247775383947439 -0.280348469423987
0.00471716174494951 0.0134963247763027 -0.173905254145292 -0.487790385376987
-0.0035098988844817 -0.00199195636953823 -0.49100103346111 -0.00703857958620679
-0.0234633975424611 -0.00649652993142815 -0.130721406845159 0.361690333740474
-0.00963318654839913 0.00264288045369044 0.161179842836524 0.202269667652802
0.00626590085920759 0.00088225790817986 0.124754839105837 -0.00989995886172203
-0.00587606013029177 0.00645888416202975 -0.0012021317911974 -0.122337385724559
0.0034506701422858 0.00880485168482759 0.0103900583693624 0.0918488611126913
-0.00441876506675718 0.000717805272569042 -0.0816281632280349 -0.0178003487563628
0.00030300475673861 -0.00789262047271754 -0.102596168451966 -0.224817445887869
-0.000421208136643908 -0.0216812752312955 0.206532746337478 -0.236584511055599
0.0197065690948733 -0.0116765263076637 0.412785693981446 0.17118593926913
0.00235786275517391 0.0216620535849131 0.042364251464746 0.527485054453615
-0.0169229957856888 0.0035127011857468 -0.284887202898118 0.262968029671693
-0.0143556416699279 -0.00546446600395504 0.0121731116375516 0.0477878024545716
-0.000975282159884702 0.011846701566276 0.254240341965265 -0.274693663557393
0.00703951802758658 0.0135792168323457 -0.161825798265384 -0.49206223539335
-0.00308601370822218 -0.00367825000008047 -0.492772011714042 -0.0178012301811495
-0.0226890389922775 -0.00344066524870669 -0.14227873530294 0.358979290044939
-0.00486591946481179 0.00581917648868855 0.156749825390788 0.203850299991911
0.00780794585255658 0.00220973535951358 0.127900816343915 -0.00661909864593293
-0.00308959568659628 0.00666500261264178 -0.00138028659609394 -0.120252716770074
0.0019922924738888 0.000401426386309804 0.00574750835768503 0.0995954315733251
-0.0146742157290755 -0.00615395736713623 -0.0872576068547291 0.0153682498135059
-0.0117544015064902 -0.00820897868054072 -0.150682327326857 -0.184238154020282
-0.0024299718240098 -0.0203939886464562 0.1207309214435 -0.302171093961879
0.0131782525530751 -0.022277900312079 0.437106174741705 -0.0102377788894981
-0.00131265661488027 0.00535652187456475 0.209532240805391 0.443665338398577
-0.00696449042957385 -0.0171101320412345 -0.214745779657746 0.31283648863116
0.00909787986659615 -0.0249898128676866 -0.0172331616303384 0.0637881572000841
0.00873452779369561 -0.0130155845918974 0.299338712632826 -0.220190191632825
-0.00438022431260904 -0.000151812603772852 -0.000242598235325524 -0.556765208453227
0.000790807499186939 -0.00613069631808505 -0.467841388531032 -0.206096018681198
-0.0153511273257223 -0.0104978258238562 -0.237060850380453 0.295431767367541
-0.0200669083174626 0.00201565984153825 0.109478177748118 0.245485506481462
-0.0066369357291472 -0.00684143864953885 0.124030536604035 0.0305471095748228
-0.00605772348545608 -0.00500593745162555 -0.00587601514662887 -0.110448538042587
-0.00106033651205498 0.00169267177037023 0.00690627733052348 0.0964089737212669
-0.0158415849122795 -0.00684556457552314 -0.0894768691574689 0.0073000801972819
-0.0129131047987773 -0.0131437178283947 -0.140372985789065 -0.19331509690462
-0.00349748006758545 -0.0232343077749885 0.146293588663447 -0.290284706788723
0.0144715844258112 -0.0182558149249459 0.440843394934311 0.0295722402548169
-0.00270432144138071 0.00785210427982596 0.173861884363195 0.462946310510768
-0.00429790175371562 -0.0186612522961462 -0.231363750152634 0.300566805154941
0.0134613877350498 -0.0255749944783091 -0.008769396416194 0.0583917853379586
0.00952613408623652 -0.013203287268931 0.289466880578592 -0.237794047085098
-0.00497288392891417 0.00299317123215319 -0.0452653687039555 -0.550145976577865
-0.000189950874249213 -0.00375719915730116 -0.477949990043395 -0.160839470891218
-0.0181169595954265 -0.0115679046111107 -0.209931739331839 0.315060798784525
-0.0209249259064852 -0.00143748507519567 0.123517077349161 0.237740310904019
-0.00639891818669929 -0.00745234923388984 0.122621776860763 0.0213937283334619
-0.00897074719374774 -0.00364695864159836 -0.00556685816361213 -0.113212342954306
-0.00344808010705864 0.0031378867946876 0.0076799294878256 0.0937805994676431
-0.0153908762971135 -0.00795746689381713 -0.0906227026247246 -0.00155487130882974
-0.0124592834131601 -0.0173146423588518 -0.129455761907397 -0.202285074882887
-0.00369891696123876 -0.0257930902363396 0.169444937796481 -0.275844365335263
0.0161952941399846 -0.0143146450780498 0.438700591645505 0.0703960116252652
-0.00309836173515274 0.0113781081832007 0.136296456515417 0.48329320260581
-0.00374305384198626 -0.0178253886405814 -0.249282931253334 0.287230172028561
0.0139040043264277 -0.0244345679291157 -0.00138243121758576 0.0536296288285206
0.00899425192798488 -0.0104281827775014 0.276489234882932 -0.254407154040216
-0.00417462415050662 0.00746670230587647 -0.0890358577956439 -0.536339513101743
-0.000875884660082462 -0.00177422093482356 -0.486896618026438 -0.113303585230936
-0.0207660380562797 -0.0119255567336218 -0.182527020902078 0.332108315977919
-0.0205695431574611 -0.00327070568242054 0.136650603620854 0.228276158353385
-0.00555358577261435 -0.00670898996403942 0.122231932633672 0.0114500695350339
-0.0110461303750587 -0.00144384972552996 -0.004840669860016 -0.116447401670457
-0.0046959220015396 0.00544282372898102 0.00879028469176118 0.0912528728672279
-0.0143134356026246 -0.00759480112758209 -0.0896105241448268 -0.00939033433102606
-0.0114222617079825 -0.0205320055711114 -0.11842022979308 -0.210006368951915
-0.00297511103490225 -0.0271313907953746 0.189051470636641 -0.259582560459192
0.0171887668833687 -0.0106073810640659 0.433765500262841 0.111395269116903
-0.0035117087722477 0.0146709584528734 0.0969035985529722 0.50089287400262
-0.00462118449674669 -0.0149715867150041 -0.263922518499669 0.275180715860844
0.0116707425541632 -0.0213617518909356 0.00582900463389892 0.0486450303701364
0.0078461532997712 -0.0063884492558004 0.262968078719207 -0.268727250865734
-0.00183103658366874 0.0112622177017258 -0.128556776528246 -0.519724820592128
-0.00177801721612557 -0.000152582792412159 -0.49099409741032 -0.0690355205140238
-0.0230256458186662 -0.0108776186441596 -0.156610580449967 0.346687678697195
-0.0190913829983167 -0.00372716538505796 0.149108982702968 0.218319540851455
-0.00356800828831692 -0.0055644599630336 0.121904149297018 0.0027052423329135
-0.0121187188948572 0.00154532137880843 -0.00426945576497871 -0.119127780212908
-0.00423505739377842 0.00658218008388754 0.00943569203318215 0.0900324087771574
-0.0119011265027075 -0.0065576146581436 -0.0880403902219066 -0.0157178137327224
-0.00839630652241377 -0.0205275343499205 -0.109270466582338 -0.217120167952378
-0.00250656822223718 -0.0273863580375714 0.204459576864814 -0.244362960399081
0.0186887806124265 -0.00862287890065944 0.424073147310212 0.148313700374414
-0.00289882443436781 0.0177367726092917 0.0603747111243122 0.514176218568507
-0.00632697281695885 -0.0111168921471482 -0.27681808628894 0.264776497330646
0.00729951323149828 -0.0174515501822712 0.0119838494701241 0.04557944029264
0.00588348372319158 -0.00105600884507972 0.252477424790069 -0.27796861870203
0.000513023925365407 0.013479728630142 -0.15988971501911 -0.501287609258782
-0.00239130048118423 0.000200572643026288 -0.490227332202809 -0.0304454340863426
-0.0247937982574168 -0.00992764066370801 -0.136621755465179 0.357124079873984
-0.0161694205033454 -0.00270424199736185 0.15848501305026 0.208731062585709
-0.000964245084957563 -0.00398724106687744 0.122446272708514 -0.00512107959139339
-0.0114750979496947 0.0037910802384531 -0.00299457316566372 -0.120763933337291
-0.00242905005807697 0.00787025045069733 0.0105190223037875 0.0891332146676586
-0.00934529132391258 -0.00368618069607277 -0.0860319056804531 -0.0192754374900714
-0.00587815088096508 -0.0186190260698317 -0.103435638214783 -0.222020271713578
-0.00181631358028769 -0.0260470785211812 0.211290979225586 -0.234542637269176
0.0195590155163569 -0.00719217922645127 0.417320618222807 0.170464380972838
-0.00151098123017702 0.0201812411596226 0.0406880921909773 0.52106812781678
-0.00998078216040713 -0.00642621982019398 -0.28400404271845 0.259643260433186
0.000605968566625859 -0.0137809744036942 0.0152947590592617 0.0436671578424623
0.00455531637580757 0.00360955816092811 0.245093201629624 -0.283742028587014
0.00350476140007753 0.0146183560580159 -0.178603790622408 -0.490262621333643
-0.00256486173945546 -0.000220668306318502 -0.488988092481742 -0.00762975582397676
-0.0249870645134701 -0.00740768545233675 -0.124572005261578 0.363154385621811
-0.0129032453940815 -0.000687546372727671 0.163271004898485 0.202906685884778
0.00252604418133883 -0.00174266961290698 0.123547194652823 -0.00975000914322106
-0.010009272638552 0.00529006357460166 -0.00270802764222793 -0.121781630591909
0.000542523852272775 0.00864899592843193 0.0105580045273378 0.0896033986936364
-0.0069035942354505 -0.0012432332439578 -0.084156395512362 -0.0195823047434337
-0.00303240394225965 -0.0137363928599407 -0.102824904952312 -0.224127368632421
-0.00163480530561825 -0.0239437811649699 0.210346847581977 -0.232749344303763
0.0205730200464486 -0.00846284907395211 0.414646683106037 0.175632947385787
0.000523371587025869 0.0214423069764998 0.0353636208296751 0.526824799860693
-0.0142810839398572 -0.000908002851276416 -0.286177201465914 0.260030112916477
-0.0066850608192217 -0.00947177164743261 0.0153683310346574 0.0440967362627697
0.00220797481504216 0.00833110910067823 0.244428234860778 -0.283125732402821
0.00629134381807175 0.0142564623735132 -0.180944434764867 -0.485710947731651
-0.00278253189817894 -0.00123122877479794 -0.49197388066923 -0.000700659224258621
-0.0241356493909621 -0.00494440395001143 -0.125031067299704 0.363447728137292
-0.00872027114797061 0.00244926733897823 0.163852322524644 0.199310434609096
0.00564495518121223 2.1085435540984E-05 0.125782748780102 -0.0105935012888907
-0.00713518672370534 0.00668238289272105 -0.0025750183966222 -0.121186123988998
0.0042451017814831 0.00855839524218558 0.011277616760275 0.0907679213009255
-0.00392672382703533 0.00143272556090131 -0.08173260119209 -0.0169827233297088
-0.000626033553977735 -0.00831836781349276 -0.106784859990425 -0.223026301044231
-0.00150003513232573 -0.0211591944360599 0.202729872756912 -0.23891475118628
0.0202802271647329 -0.01146970398983 0.416580288054904 0.164247357974621
0.00265602511497863 0.0209765983484017 0.0489502457850395 0.526079189297264
-0.0179311127095406 0.00322917316641915 -0.281131676983174 0.267326451534612
-0.0137898639757098 -0.00632633791792176 0.0126426408849677 0.0465079983167606
-0.000168908315811025 0.0115716040477287 0.249205189217737 -0.277857155216739
0.00752141455129076 0.0125535404117325 -0.167865593593682 -0.489476531439398
-0.00241330819674701 -0.00359040657768183 -0.492852724698978 -0.0120382383446938
-0.0222103074571622 -0.00303145955406903 -0.136706774674729 0.360186872941928
-0.00572292133664403 0.00634526205348207 0.159964091825547 0.202206912184509
0.00811176906850326 0.00247225686775972 0.127637156310289 -0.00796365695826602
-0.00380070518688352 0.00657793357938496 -0.00254890712838847 -0.11991930861611
0.00180954525455134 7.00269023691327E-05 0.00698790250824496 0.0992754925826935
-0.0148935767422906 -0.00601288331265182 -0.0866676797509206 0.0164110919045824
-0.0120256354513046 -0.0086884159737707 -0.153149579134146 -0.181786087536033
-0.00280529485234506 -0.0202776718405879 0.117169214592783 -0.303260455187073
0.0129112881508967 -0.0223749472556951 0.435361936482059 -0.0161211906637341
-0.00158590401374758 0.00568744732994313 0.21437265404557 0.439284386880236
-0.00739166946635014 -0.0172816243580507 -0.210328979112803 0.314061570983282
0.0086668999947302 -0.0255386896180637 -0.0162608963040891 0.0637606937823936
0.00850781012871954 -0.0131702225843052 0.295485262336512 -0.223776225896188
-0.00381844261006679 -0.000530509070486341 -0.00819736826544103 -0.556288284320519
0.000884969264923816 -0.00606736806060708 -0.471107287676231 -0.19924343070649
-0.0154904508400581 -0.0102035001832949 -0.231762063556803 0.297714205763226
-0.0201135421556773 0.00220834406724023 0.112230334507675 0.242687320431911
-0.00705667524375961 -0.00675928745703 0.124473688073225 0.029104527651132
-0.00629510609527893 -0.0049743514442491 -0.00681625810980317 -0.1100210093949
-0.000666504321623373 0.00161305180930555 0.00795801470925413 0.0962340372167328
-0.015890403021418 -0.00671264618034294 -0.0891098380263852 0.00775843866028213
-0.0134237288541993 -0.0133246479622043 -0.142677200234767 -0.191021726850316
-0.00371873201308316 -0.0232748596785432 0.141810760097498 -0.29118084460869
0.0140629630460874 -0.0183148697144952 0.439826117542935 0.0234305313573592
-0.00273468507194917 0.00795878186098099 0.180020937181773 0.460160393650425
-0.00510591899289645 -0.0187545917353334 -0.227360275858109 0.301811920307119
0.0131710488333673 -0.0258375057989668 -0.00783113559297012 0.0582931495902582
0.00995540283775931 -0.0134338814439557 0.285542172898665 -0.240599818299417
-0.0045471861283026 0.0026740773916833 -0.0506851012087128 -0.54802190666674
-0.000222664395863114 -0.00343067750410237 -0.478601311058514 -0.155289330142536
-0.0179213569262776 -0.0111373685211625 -0.205399903179997 0.316220315954395
-0.0208255546763179 -0.00111821510744629 0.12666021006726 0.235161659727406
-0.00678065094310487 -0.00756850908233569 0.123282773565506 0.0203218263492876
-0.00925007577872388 -0.00346234530115665 -0.00691293702727984 -0.113145049276088
-0.00334417570364694 0.00386689275114337 0.00874329505472955 0.093556785289244
-0.0162533599100216 -0.00755723931995645 -0.0898512027058697 -0.000193365942391829
-0.0133837880351621 -0.0176523643974685 -0.132071218675901 -0.199482460480693
-0.00389431083683281 -0.0258475202920163 0.164784878175881 -0.277359603452983
0.0157930669027265 -0.0143161958015418 0.438585622760046 0.0644602510932263
-0.00374210350084917 0.0115156563943478 0.142518999773938 0.478471834716819
-0.0041369877590736 -0.0179246978012624 -0.244605373250387 0.28907774502921
0.0136803757818109 -0.0243478759660573 -0.000804082232186038 0.052898697730774
0.00889497821183058 -0.011085354254284 0.272505383579585 -0.256621381006162
-0.00395564261198883 0.00713099617786824 -0.0957249388702257 -0.534764932961112
-0.000828185745983372 -0.00144044984203263 -0.486543181914914 -0.106617972064945
-0.0209146665334296 -0.011751730073424 -0.177446950084058 0.334006705360641
-0.0204685055548158 -0.00347473730874165 0.140223978455192 0.225561455505301
-0.00561477204557948 -0.00714326566045601 0.122492223054211 0.0102144485169854
-0.0116980918276884 -0.000956802433847226 -0.00637490126769394 -0.115837000064396
-0.00451372915016553 0.0052607759712199 0.0100574497198488 0.090926625655292
-0.0147309571419925 -0.00709230346839892 -0.0894673371091615 -0.00821495125367114
-0.0116287045689837 -0.0204231106527579 -0.121610688479557 -0.207842914425968
-0.00367922092090001 -0.0273053558965101 0.184814661215368 -0.260888558272254
0.0173469924135491 -0.0108002249369324 0.433844682277383 0.106253164200822
-0.00332977635052055 0.0144943111532697 0.102809232288925 0.497783804221251
-0.00457585067105832 -0.0151227013696569 -0.259590664073015 0.27731120892987
0.011443477495891 -0.0215857663797812 0.00642085880124266 0.048434759258377
0.00747417021211126 -0.00643819569547189 0.258755220954026 -0.270314609873321
-0.00146180187544548 0.0108292953255906 -0.135509963762403 -0.517328551766009
-0.00163869329008039 -0.000208324767029245 -0.489342512261011 -0.0624259521430477
-0.0231522601690288 -0.0107961882304081 -0.15115523235969 0.348399419974094
-0.0193591435800333 -0.00346657821089222 0.152127258387104 0.215875987404782
-0.00389361181388184 -0.00579448234263122 0.122219910509937 0.000904136103029408
-0.0123491159370631 0.00172343377926385 -0.00591162820943127 -0.1185508430604
-0.0039837964301599 0.0070765095575917 0.0103078855407461 0.089252842430827
-0.0123541493965792 -0.00586775545505742 -0.0883942734094982 -0.0148709624358055
-0.00878703828127064 -0.0209779041081324 -0.112210312386486 -0.21512311276793
-0.0029060254985864 -0.0271528293946539 0.200012323662079 -0.246411423884344
0.0186222863302192 -0.0081968327999423 0.424427458243723 0.14168649209335
-0.00283897406386586 0.0177483162416665 0.0673698973444439 0.51079566746022
-0.00662455954396342 -0.0108675709333238 -0.272429679779096 0.266768554772724
0.0069933716971191 -0.0181789764424549 0.0126744400164428 0.0449815923649895
0.00587435420878129 -0.00150294411858785 0.248270018094062 -0.279798199181576
0.000991687827618061 0.0131522521432396 -0.166228573772977 -0.49933198231376
-0.00226635025020819 0.000551859023205887 -0.489497651949003 -0.0246931714179663
-0.025027950355362 -0.00922981161595722 -0.13099173917406 0.358404256164675
-0.0165113907093318 -0.00237265745991693 0.161152520690466 0.205914822614885
-0.000977295617906541 -0.00420423865377867 0.122003550754998 -0.00676842023719984
-0.011920936475232 0.00452944966312582 -0.00476811153322279 -0.120674090334153
-0.00259285168474213 0.00823357541415895 0.0114424924519469 0.0886020837436636
-0.0099158784559648 -0.00352987780432496 -0.0859971775366301 -0.0186725798862806
-0.0059574511441087 -0.0187877766085651 -0.106943998022021 -0.219532751234246
-0.00256505379593362 -0.0262257522134123 0.207624279717997 -0.236384612402863
0.0193759636932547 -0.00749923967122607 0.418576381226521 0.165493238149227
-0.00130621447391763 0.0201361382696221 0.0473657057415704 0.52018856082196
-0.0105389705310289 -0.0062618262362818 -0.279678838956368 0.261794310807983
0.000544335288198907 -0.0138740508110843 0.015531073014765 0.0436772979932981
0.00447263778798468 0.00356903313308348 0.241035960602192 -0.285791683673482
0.00402623560078076 0.0141753391589864 -0.184337304049682 -0.486661259072309
-0.00242149388107768 0.0001008130719716 -0.488108147529728 -0.00127045105241272
-0.0250583141549793 -0.00712017645356065 -0.119558850937305 0.363424929953529
-0.0129109454497581 -0.000493134936698046 0.165995363740369 0.199832724035745
0.00200477679116818 -0.00184127527449783 0.12322853666082 -0.0108372018594997
-0.0102350662568099 0.00599602303719269 -0.00442808985414865 -0.121104077589787
0.000797813458261203 0.00851037684159324 0.011247034496298 0.0887360976729896
-0.00668547891145112 -0.00117227050477432 -0.0842520111244805 -0.0191544835939534
-0.00308159345954453 -0.0146709132447315 -0.10532071704982 -0.221804845701869
-0.00204871660646722 -0.0239152918093228 0.207234192146006 -0.234908126878246
0.019959537192757 -0.00850775824533848 0.416040424841499 0.17040073076481
0.000228072636789424 0.0213367624607196 0.04200175455587 0.523980313785673
-0.0143389699062533 -0.00105479407581509 -0.281376057355366 0.262099062956693
-0.00731649478591471 -0.00993873194123513 0.0162206711412304 0.0436784928434612
0.00235329250339549 0.0082300419019221 0.239806716790953 -0.284709614109248
0.00666484904066104 0.0139706595756148 -0.185993619154978 -0.482668492846942
-0.00264952833109227 -0.00143670361189225 -0.48879818568982 0.00520444961689279
-0.0239349119746818 -0.00460438926123735 -0.11888574935515 0.364004695767783
-0.00927944176052641 0.00252170380824431 0.166190009133007 0.197884649264017
0.00529073700267432 4.75824288829873E-05 0.125386964712371 -0.011878748197914
-0.00683935797671002 0.00664971037190998 -0.0040422255195954 -0.120819937156699
0.00450197942530086 0.00840746928284331 0.0121411639620309 0.090344484936849
-0.00374170035657673 0.00203460441882637 -0.0825398942186983 -0.0169851933453813
-0.000861434948448429 -0.00913932808338273 -0.109987350761414 -0.220998350851277
-0.00186648505288648 -0.0210748692701198 0.198318507618428 -0.241173448181351
0.0200949742693859 -0.0109881352833757 0.416864293908494 0.158381022171284
0.00283416697793814 0.0211716012140981 0.0558209968078238 0.523794673110903
-0.0175415060583869 0.00340071012332881 -0.276845134472999 0.269046768378384
-0.0142251760248898 -0.00604682826662453 0.0131715470209397 0.0462716516721014
-8.80528011821336E-05 0.0113405505990098 0.245016975578408 -0.28016824128412
0.00828368241384743 0.0122487275107081 -0.174551762878567 -0.48718832868095
-0.00250429314835753 -0.00322621173589416 -0.491502115194045 -0.00525788373156449
-0.0219148414432778 -0.00239681734597268 -0.131345868076865 0.360924238289464
-0.00554958342601208 0.00608655836667758 0.161856058054977 0.199611786753048
0.00781247270747281 0.00174416175371142 0.128183948950777 -0.00929289314090977
-0.00352755277515191 0.00712153700399392 -0.00449584298737359 -0.119770108071514
0.00185823361981533 0.000364681738726269 0.00844336604564724 0.0986796489081681
-0.0153337813081223 -0.00581487037396748 -0.0862155869480801 0.0167053315271035
-0.0122299905910939 -0.0087288769003847 -0.155585241945526 -0.178703510608158
-0.00302209788072784 -0.0207984084893178 0.11227060615307 -0.304253647769129
0.0123035021617752 -0.022628876252217 0.434701209450398 -0.022414965694056
-0.00176609699685541 0.00560094631613906 0.219188146413252 0.435671839943731
-0.00803623912048976 -0.0172548002036998 -0.205527969039331 0.315265556461749
0.00800035792290376 -0.0255124830228067 -0.0151095011842907 0.0639624121223647
0.00796488939198289 -0.0134220038622426 0.292131290413103 -0.22596965202858
-0.00395543555022894 -0.000182599729713082 -0.0139247866565467 -0.554129466093605
0.00112667074191344 -0.00569494373213249 -0.471556285206689 -0.192384261721446
-0.0153784790177132 -0.00970770835056694 -0.226991725475715 0.299608725121721
-0.0198090328808874 0.00235825141147736 0.11550645345814 0.24117760158724
-0.00768610903891922 -0.00668389742029243 0.124761768352814 0.0278197963411558
-0.00676943709233237 -0.00455785246586041 -0.0075473529567357 -0.109249413193662
-0.0014355969502388 0.00148049863369409 0.00902050777608393 0.0955674429753478
-0.0166456081082481 -0.00679279592721646 -0.088742357322292 0.0087581162142428
-0.013908419995219 -0.013245806943489 -0.144825059044904 -0.188290729626032
-0.00369176732772614 -0.0229841227631479 0.137354452405412 -0.292757492197325
0.0134450832634253 -0.0182977717350374 0.43792535695088 0.0180723030313625
-0.00291680214591138 0.0080277628515103 0.184385962236947 0.456249314642388
-0.00562214915987875 -0.0187729595082983 -0.223209987768999 0.303387427244593
0.0124866917547814 -0.0260522729201743 -0.00719600540380401 0.0581022562630886
0.00941241176874688 -0.0131690972695898 0.281779880916634 -0.243126966151428
-0.00468804843213523 0.00267685062114887 -0.0568506509691154 -0.545189956986357
-0.000172536900746534 -0.0028809747145558 -0.479659804266462 -0.149124061331349
-0.0181244592182667 -0.0111521502953198 -0.200206100066209 0.318012249992601
-0.0206732922515703 -0.000796354389326799 0.130080515920106 0.233345859950285
-0.00716519534765533 -0.00750626982535458 0.122997794557586 0.0191569728594566
-0.0100809832990273 -0.00259487853370641 -0.00861518572351883 -0.112204449077269
-0.00360082625327323 0.00342908103911572 0.00985878464385553 0.0932998995064463
-0.0166595583137482 -0.00693123862374469 -0.0899416701687843 0.000104854052115401
-0.0137599659507233 -0.0175507898948228 -0.134634169119099 -0.196905505487632
-0.00446491017852204 -0.0260508331751298 0.160620959002359 -0.278448914575338
0.0154911969082021 -0.0142303192693119 0.437800976268725 0.0582323016567397
-0.00365843095895626 0.0113818961952265 0.147119256976754 0.474637119874236
-0.00474694591024282 -0.0179881870718647 -0.239988062976344 0.290770372809442
0.012964047862118 -0.0245947739523826 3.5245186143881E-06 0.0529674758940389
0.0090272694082907 -0.0108770458723436 0.268162641831138 -0.25877416470248
-0.00333174801896492 0.00723276505738956 -0.101249190362233 -0.531442103064209
-0.000998760929071026 -0.00113884587153682 -0.487150055749858 -0.101163083561697
-0.0211070264712356 -0.0113186220925917 -0.172388736222858 0.335391883267388
-0.0206211051695279 -0.00311105913614082 0.142400598284596 0.223236968040825
-0.00616598370087499 -0.00743273143392838 0.122489530929649 0.00941766371446329
-0.0121328606244586 -0.000719220678585071 -0.0068722801441296 -0.115622562629337
-0.00471920717803328 0.0050871185179353 0.0111415680417698 0.0901981729612347
-0.0148665161698262 -0.00717048247012047 -0.0899581925510903 -0.00813524851661387
-0.0124110667610487 -0.020981713420973 -0.124137016626781 -0.20533998284926
-0.00422619670840595 -0.0269862328978783 0.181304318904745 -0.262833060549002
0.0164855035012303 -0.0108871710231956 0.432585816090699 0.100263834648145
-0.00346926013574747 0.0149555898316622 0.108994316906395 0.494037968436932
-0.00519319302473685 -0.015274185742686 -0.255549821496925 0.278822822917895
0.0112123342272469 -0.0220610138407354 0.00714240370392361 0.0480437181052518
0.00769813308760034 -0.00662352802061911 0.254957920965346 -0.272845693026512
-0.00167999821371024 0.010463249065742 -0.141080109703534 -0.514491523062986
-0.00155082051177933 0.000299225415357523 -0.488160945457183 -0.0549183228440752
-0.0239849317308864 -0.00975156869077895 -0.146581058865357 0.34862131408745
-0.0189482965898348 -0.0034867043530034 0.154984370745593 0.21376227441331
-0.00422407464974735 -0.0058263652704979 0.122231847040483 0.00011266645432307
-0.0128224736856459 0.00215831120045272 -0.00719498543913168 -0.11817738199897
-0.00440039476812378 0.00674856844657887 0.011289979289545 0.0885599973601115
-0.012790007185883 -0.00525246281939613 -0.0885875492629975 -0.0143659906785412
-0.00965374488715313 -0.0207901296903412 -0.114690046554177 -0.212201234687824
-0.00323429168498562 -0.0272922799434645 0.196135535455431 -0.247569999115463
0.0183534167262444 -0.00844572703402677 0.425532822944749 0.136823184790608
-0.00319003982021616 0.0176771078743785 0.0736173890245555 0.507200765206584
-0.00669969681416557 -0.0112159397837781 -0.267876092384485 0.269039649871106
0.00688397978759659 -0.0184339608577685 0.0128844689627489 0.0450354060448152
0.00567325719365628 -0.00194540373578423 0.243498421392743 -0.281696396516154
0.00134648271651175 0.0133190664583739 -0.170924891485243 -0.495691137419516
-0.00307987364611087 0.000942491821572283 -0.487618782284018 -0.0171923777624859
-0.0246162242063232 -0.00833320996653098 -0.125256117351017 0.35859302987916
-0.0156747134634407 -0.00241333202015634 0.163718392053521 0.203535791729844
-0.0020019356242877 -0.0042542676265241 0.12234396219163 -0.00793149402444906
-0.0122021729561191 0.00432695019787479 -0.00610491953856039 -0.120043870404167
-0.00236026372409739 0.00806977904671923 0.0124938166497664 0.088133445252994
-0.00987386527853453 -0.00305328600783477 -0.0857194585055445 -0.0180184994110528
-0.00697252827501442 -0.0183243091388914 -0.109828206565382 -0.216371019421201
-0.00293067373117013 -0.0263325352979804 0.203879883921048 -0.237928184457684
0.0191409618174719 -0.00726406088791411 0.420336078175142 0.15893400172354
-0.00116315332133031 0.0198413661049151 0.0539183895458658 0.517189722310631
-0.0106864960361923 -0.00692975245849297 -0.275773269327552 0.264355757386095
1.43349554287879E-05 -0.0137274612532061 0.0164672064663699 0.0430126811649523
0.00457195654171615 0.00310553042555686 0.236376048449947 -0.287021982959055
0.00450862474910934 0.0137300052933212 -0.18837169447474 -0.483434760036023
-0.00256006665166389 0.000539978710149026 -0.487806015794197 0.00661945290247749
-0.0252046814745628 -0.00673342794746133 -0.114200545848134 0.364092549997273
-0.0127832120284229 -0.000725496534084595 0.168355502033356 0.19692376538417
0.00159555464687197 -0.00236205748484723 0.123044097428024 -0.011702789478585
-0.0103987838451769 0.00569637321844421 -0.00577851698495099 -0.120877320712801
0.000345915624981798 0.00822845691478765 0.012462629370368 0.0884005309027367
-0.00700558575759618 -0.000807639451612236 -0.083969815194903 -0.0181539518975056
-0.00414498056534785 -0.0143933456124731 -0.108385617271293 -0.218963861584608
-0.00257243721297652 -0.0244783844844199 0.202883810376905 -0.236450102082541
0.0198617695572274 -0.00837342926215852 0.416446112146704 0.164196585969438
0.000399205610004816 0.0216921770700793 0.0481295153715542 0.522129478036296
-0.0143305953624589 -0.00120070636473697 -0.277463127153313 0.263981591336704
-0.00737884555950954 -0.00986478313177059 0.0162272146943577 0.0431568663232719
0.00235889615569877 0.00794231708485625 0.236015659183242 -0.287313997194905
0.00698399252978349 0.0137658659222851 -0.191299401989355 -0.478324731992843
-0.00212053777238887 -0.00158821237927122 -0.487187905131003 0.0122636142290629
-0.0242367199444557 -0.00383783633748683 -0.114421501681422 0.364132758085307
-0.00829253680569545 0.00243758934758894 0.168133092455873 0.193997008369048
0.0050508499671273 -0.000356261211099948 0.124862608551038 -0.0135286593548114
-0.00736946633016458 0.00706212807896547 -0.00551460291252352 -0.120860755035219
0.00415365760706839 0.00811883248170878 0.0133677979380715 0.0895057247931246
-0.00438278482991557 0.00181649708323432 -0.0822681439708397 -0.0159868663581911
-0.000978364428290886 -0.00876438435065864 -0.112644454972038 -0.218156415082486
-0.00249207339682451 -0.0209550460762597 0.193978775584549 -0.241599096870729
0.0200787952539604 -0.0113932952064265 0.418228381946689 0.153186284258417
0.0027170878384985 0.0212928985284605 0.0623147949351663 0.520040606409866
-0.0182495951626016 0.0033121049238819 -0.272279709984107 0.271762083842495
-0.0141832421913738 -0.00629297925659291 0.013338439525818 0.0456969469895211
3.2359580407878E-05 0.0108616493699431 0.241111714722494 -0.281769068751651
0.00798911370275519 0.0118087340338156 -0.179370516810896 -0.483261075594071
-0.00187920013206552 -0.00288422491244059 -0.49055520412508 0.000692172031980752
-0.0224253541732228 -0.00206263384587948 -0.12615704469487 0.361331653045054
-0.00500156988262164 0.00663982130359217 0.164480853119284 0.196169699843753
0.00759284784957823 0.00138570263155743 0.128747456228477 -0.0104030733992215
-0.00358433523416758 0.00717644295171502 -0.00551296669577139 -0.119092182812423
0.00193917292191599 -2.48960777128665E-05 0.00945875572171954 0.0980944275806272
-0.0157041198564042 -0.00510002040603336 -0.0854894046689605 0.0168879049737794
-0.0124373285651312 -0.00834702964224539 -0.157103129946197 -0.175308027619261
-0.00340462205491913 -0.0204014001335781 0.10843535192403 -0.30370224688934
0.0122219723613487 -0.0222841865206684 0.432452009918781 -0.0272392032826457
-0.00186208348983311 0.00558989746659967 0.223654402770749 0.430169707740866
-0.00826701325297071 -0.0171266033226941 -0.201367477697811 0.315191806164976
0.00755248772412931 -0.0254577928839241 -0.014731526279859 0.0639726400470814
0.00794709411193944 -0.0136795798183446 0.287811636095075 -0.227920512934499
-0.00344134975421628 -0.000166765625988198 -0.0198030498827869 -0.552829076856372
0.000989867004196249 -0.00592273471444692 -0.471241618451984 -0.186224235794825
-0.0154269783033609 -0.00977868978742086 -0.223020760269398 0.301636896722992
-0.0194534641903625 0.00274696976126343 0.11772679282992 0.238400351258638
-0.00781176700637572 -0.00679768304122899 0.125081173027944 0.0260424312053995
-0.00681018344556825 -0.00410611353673874 -0.00930006368028199 -0.108656725794562
-0.00124241029622471 0.00171523748280069 0.00982827145239342 0.0947559593732005
-0.0167244028729699 -0.0060464860243844 -0.0881319293229881 0.008787447129244
-0.0139712525787061 -0.0132972819908138 -0.147633804647328 -0.185127684227055
-0.00409995989120454 -0.0232814903681373 0.133769048737581 -0.29243625173148
0.0132543835348857 -0.0184567142892828 0.436890283305425 0.0133302715107698
-0.00342837640799743 0.008272230437367 0.189744094738478 0.451058276176846
-0.00580357821426047 -0.0189547787989566 -0.217993694476314 0.304040403884264
0.0122934919657357 -0.0263456179064156 -0.00670903701277856 0.0576313326543322
0.00914361310669947 -0.0138755134722532 0.277326763684835 -0.244586105733319
-0.00442910438350912 0.0027021473183469 -0.0627651216376861 -0.542544321199621
-0.000427977912104967 -0.00341171220708626 -0.479449917787676 -0.142252133926768
-0.0184608320518065 -0.0107286966345669 -0.195195619579051 0.318961157889027
-0.0203264340718256 -0.000722735679545154 0.131904472523439 0.230504307918775
-0.00762746991876206 -0.00717336741838327 0.123379983229358 0.0177033118174429
-0.00964872399791402 -0.00263083473894611 -0.00928155564366819 -0.111542133691851
-0.00330373442960131 0.0035991063319304 0.010516303239957 0.0922559189956663
-0.0167430032947658 -0.00690828901469576 -0.0890073994724417 0.000883165374689048
-0.014207653550606 -0.0177277529998143 -0.136834883284899 -0.194917603548272
-0.00491590852709171 -0.0257246082945452 0.156410986174281 -0.278784887781098
0.0151311676806073 -0.0142996546167117 0.436097115865315 0.0534192861906118
-0.00355446090356287 0.0119373364850566 0.152077914978458 0.471427601238365
-0.0046462740229674 -0.0181398653636107 -0.235603629680013 0.291879108431303
0.0127988490340052 -0.0248770744798657 0.000658175703998375 0.052437767551055
0.00840065016492395 -0.0113269304389189 0.264378659103088 -0.260805673696512
-0.00280907779346655 0.00676991862602432 -0.107088674860207 -0.528799934373497
-0.000836990788923866 -0.000897502757761333 -0.486541394071203 -0.0942278547841264
-0.020895847195421 -0.0105432711725484 -0.167189802700511 0.335293768273072
-0.0203845060199848 -0.00269329646270925 0.144900712257951 0.221040073214468
-0.00665774966552685 -0.00730521368626548 0.122851033307537 0.00797684350447773
-0.0120304644961394 -0.000258979280103933 -0.00832920129993299 -0.114444877043069
-0.00439856899933826 0.005503950911685 0.0118225026701168 0.0891554442841314
-0.0152498690306466 -0.00672065966223857 -0.089307211460521 -0.00740025691839399
-0.0123791349872196 -0.0207350063634103 -0.126002984545325 -0.202258912302328
-0.00443828111681125 -0.0273197067667685 0.176629126972259 -0.263905544431876
0.0166155923364744 -0.0106446654200123 0.432504753958077 0.0948753629021297
-0.00356370310338855 0.0145963930257933 0.113424934336482 0.491398888562369
-0.00519834359937264 -0.015321087136862 -0.250473048971633 0.279869911979716
0.0106747018550163 -0.0224109974331174 0.00735861163478887 0.0479828531281856
0.00718912459822471 -0.0070527270820415 0.250475281015611 -0.274196291047282
-0.00144184441799342 0.0103721219468352 -0.146829246328313 -0.510062856466716
-0.00158337869130939 0.00026495506100806 -0.488174168619467 -0.0495874226461265
-0.0236389856189885 -0.00962574747435616 -0.140836019582299 0.349007999511855
-0.0189355535829285 -0.00330573556203557 0.156397970306075 0.210670324862842
-0.00443719845104838 -0.006035346076056 0.121866356467218 -0.00121298227110542
-0.0127632993085499 0.00266604292604267 -0.00842184052303615 -0.117068949919313
-0.00386000745627652 0.00711990458354855 0.0121820970005059 0.0878307197602124
-0.0132456673840733 -0.00543888663613603 -0.0880425210532809 -0.0135159368146882
-0.00996782565332248 -0.0208498200796431 -0.117533547988137 -0.209501364415502
-0.00360641009890876 -0.027423090619953 0.191857865947087 -0.249315653446945
0.0181661627584099 -0.0081315863540823 0.425278009160782 0.13090909554351
-0.00259465059688644 0.0175314747613654 0.0799882111669953 0.504269077308283
-0.00723163591434927 -0.0113973027913153 -0.263387851980087 0.269977742427359
0.00643048166566309 -0.0184259017642739 0.0130834718433279 0.0442668641245493
0.00561766601327331 -0.00228136085619879 0.240605268229711 -0.283594160421576
0.00211064031340003 0.0129304689943414 -0.176200462076857 -0.490751404703635
-0.00226518783117 0.000516380585196119 -0.486465049546117 -0.0122743378497454
-0.0250628768234677 -0.00799385115098545 -0.120551821072159 0.35809490426419
-0.0161242721568444 -0.00236076488744088 0.165331026798216 0.200845390715465
-0.00180666189378048 -0.00461185962332224 0.122027921610617 -0.0088634887899011
-0.0121356504358651 0.00466847295498027 -0.00749774168871417 -0.119048635902572
-0.00212000459145199 0.00803057496419817 0.0137281322932252 0.0871123936451454
-0.0101942493197742 -0.00334111930945064 -0.0863804000218424 -0.0175145156852739
-0.00708979077051374 -0.0187475245239064 -0.111495782233813 -0.214572073209912
-0.00350045165248297 -0.0260485869922077 0.200455444025212 -0.239240466927722
0.0193523434254516 -0.00736011146651619 0.419899768429544 0.151895163907178
-0.00139686524490203 0.0201467389776949 0.0594119452497328 0.514516023058067
-0.0106276608141164 -0.00615293880070043 -0.271444127075117 0.265199974540298
0.000222457840573229 -0.0138665403993928 0.016376707576791 0.0423237633458349
0.00403007037699804 0.00272150585827041 0.232139333472024 -0.28855101432344
0.00452685898665108 0.0137204257318636 -0.194392756344701 -0.479452050019412
-0.00239359536878547 0.000307695594357461 -0.484414542619779 0.0108992842506273
-0.024941260156194 -0.00622237460515832 -0.109570977485332 0.363635713428086
-0.0127943218277637 -0.000665703187111689 0.170775218580621 0.194332354821441
0.00144018796052793 -0.00218705770588684 0.12316499076477 -0.0135168133981562
-0.00996095758823896 0.00645609956736973 -0.00718293378319638 -0.120229833033057
0.000628455980294664 0.00823926024263966 0.0137912554004123 0.0873220012868401
-0.00732741910412503 -0.000755829604565249 -0.0839025710095639 -0.017671077964415
-0.00443042422341603 -0.0145609976186057 -0.110972085838598 -0.216585528948297
-0.0032222177389482 -0.0243409189997808 0.198967741248182 -0.237645100135357
0.0197555611300503 -0.00878008889618206 0.415839088643473 0.159325460830124
0.000599510992219754 0.0214302066048408 0.0549517090077796 0.519039025977856
-0.0144873540418752 -0.00144034700421062 -0.273166032002641 0.265449049118539
-0.00733186687205268 -0.00978016297302467 0.016499064237319 0.0432581350982355
0.0019964905791881 0.00765183360615967 0.231289232378246 -0.288115415916687
0.00686815041520119 0.0132274076930342 -0.194992673244023 -0.474903940390039
-0.00211317243187487 -0.00079544223787799 -0.484653959280173 0.0173878435178222
-0.0241277586924515 -0.00388507201659714 -0.109521879889302 0.364104066587487
-0.00880463261281692 0.00269247034190874 0.170761640006175 0.191557657986316
0.00464042661581604 -0.000144941103230887 0.124980866462301 -0.0146055402732968
-0.00721557700055288 0.00696462789879865 -0.00749334827831203 -0.119850036704227
0.004012432110558 0.00805219393421541 0.0139768416781788 0.0888255045437417
-0.00468858316620695 0.00241665756149223 -0.0820134369484736 -0.0150766955658123
-0.00158297916891214 -0.00905240102387599 -0.115306669121791 -0.2156994509465
-0.00264331415834149 -0.0214957655898133 0.190947149692377 -0.243032664435844
0.0194881676334979 -0.0115512933564548 0.417222838272988 0.147898818448206
0.00293677882651502 0.0212654887298414 0.0673849347293805 0.519079584528482
-0.0182179884464471 0.00321146576642132 -0.26848672409011 0.272176314717523
-0.0141211003610388 -0.00630697845309081 0.0141495078446672 0.0456001300755876
0.000144326419272876 0.0104994366224334 0.237569087874413 -0.28319495362734
0.00854586387450074 0.01172040486049 -0.183887982452912 -0.47903448885192
-0.00240264366095914 -0.00319348210391465 -0.488602681964371 0.00640830060467255
-0.0220304912870008 -0.00160173183987634 -0.120796279638673 0.361161684208271
-0.00513830951704548 0.00605207068089154 0.166632951350644 0.193972471665321
0.00717215386177077 0.00149955199211155 0.127758653586397 -0.0114735580039229
-0.00376908224340689 0.00714063307137014 -0.00720327666584264 -0.1181517099959
0.0018588946323202 -9.48553399956046E-05 0.00973174870710089 0.0972506644959548
-0.0160193897444042 -0.00488577026656914 -0.0858148548744792 0.0170573648997253
-0.012785378870187 -0.00862297441594903 -0.158746863585732 -0.172333929898575
-0.00393487163035716 -0.0207641035792633 0.104177714128503 -0.302756966086532
0.011601445535462 -0.0219496542046488 0.430589273629659 -0.0306484397294374
-0.00227125831813357 0.00581748099007277 0.22772863834672 0.424500921101823
-0.00881232993431953 -0.0173935785797964 -0.196940035298157 0.315442719263689
0.00743609301819031 -0.0255466885331609 -0.0140148765466857 0.0634974585342829
0.00730865550885038 -0.0140639514452125 0.284189073174488 -0.22930057108192
-0.00350173994374135 -0.000911125311820188 -0.0255721564940308 -0.550402410113745
0.000284510483423687 -0.00560608889433823 -0.470677250423794 -0.180484681283776
-0.016035965736952 -0.0092465430111057 -0.218176670195155 0.301729261421372
-0.0194272915968039 0.00280299913756267 0.119923179360172 0.236429368650408
-0.00769135934222217 -0.00699045314559414 0.124918833210138 0.0252156177621541
-0.00720158900944445 -0.00394352306444554 -0.00970544330520319 -0.107612807608959
-0.00122841973652711 0.00158974078303394 0.0103156840432235 0.0944166006732702
-0.0170325144831435 -0.00601737798154712 -0.0878439209547398 0.00915600642717876
-0.0143408838644843 -0.013601406188739 -0.148310437666487 -0.182611315060969
-0.00510579067600845 -0.0232505882247494 0.129498876604397 -0.291873247035472
0.0133390221262456 -0.018306980565367 0.434405904850328 0.00860660279452858
-0.00311456445095284 0.00835794323607865 0.193447595241568 0.446704392254152
-0.00620303595694479 -0.0190976619117528 -0.213920814417381 0.303973158921365
0.0118745687569856 -0.0261532815070151 -0.00617368115015986 0.0577786448048345
0.00879261291553177 -0.0137346249853055 0.273462265025757 -0.245889787539676
-0.00399581198308456 0.0024164791095806 -0.0686629045428938 -0.538505042843414
-0.000328194934380511 -0.00307986824316965 -0.478707646321103 -0.13710179919248
-0.0185409674131444 -0.010086743852437 -0.190882016056692 0.319211401097193
-0.0201715706474466 -0.000289355351465928 0.133781483215358 0.227704862420393
-0.00796109564973934 -0.00771742575438984 0.123594219890128 0.0168825135482842
-0.00973801855967319 -0.00257096380109772 -0.00984278037386605 -0.11083676660865
-0.00357724307611553 0.00372186339343526 0.0116116724958201 0.0916013347342758
-0.0172938305999626 -0.0064517029862129 -0.0891297413198519 0.00110026546799235
-0.0147574701374324 -0.0179919240223829 -0.138131658623694 -0.191339507119976
-0.00524071844408682 -0.025678535254808 0.152720038427559 -0.279122110848425
0.0150681844880604 -0.0141735177176455 0.435962079476833 0.0490404066023433
-0.00352532526858683 0.0121552703329683 0.155715825620827 0.468347351843912
-0.00518699820958836 -0.0181427831047011 -0.231392805513443 0.291766901369707
0.0123243716343534 -0.025190927240167 0.00135980495916371 0.0520378576503991
0.00813360077092697 -0.0116819685464552 0.26083371465114 -0.261293348771405
-0.0031125852560645 0.00665181823481637 -0.111636360260705 -0.523629640479439
-0.00111943806716784 -0.00101817387200338 -0.484237582411473 -0.0897121062641644
-0.0213012868727486 -0.0104869468064013 -0.163306554358871 0.33571365290422
-0.0201574008676638 -0.00261907599007628 0.14673906101637 0.218477219108408
-0.00700427112196297 -0.00716639331773625 0.122158375259161 0.00696082150452255
-0.0121286705593468 -0.000252441565310686 -0.00941536052491323 -0.113886364870957
-0.00450849458201971 0.00519938812375931 0.0126449709785536 0.0890285239619881
-0.0159599085171916 -0.00620453902365497 -0.088951879935244 -0.0069058970550658
-0.0131733927605707 -0.020532328416451 -0.127794009879842 -0.199727182696161
-0.00491284939284846 -0.026927817971232 0.173209154048041 -0.263684062508316
0.0166443220553603 -0.0106341486643956 0.432031920378851 0.0899804408495721
-0.00368530588674051 0.0151845736135072 0.117506906635126 0.486146514712612
-0.00564797687146163 -0.015182766348302 -0.246625217177016 0.280505770559801
0.0100176384325221 -0.022255388877465 0.00800874550212368 0.0478777613558369
0.00686194317243742 -0.00737551090673228 0.246842052084569 -0.27472346942543
-0.001006649340139 0.0102556030219402 -0.151568417034142 -0.505462617476548
-0.00140969400955884 0.000666150704023694 -0.484990700284511 -0.0455167361786054
-0.0238392369656349 -0.00924057951753795 -0.13698586959361 0.348840968955682
-0.0187282807160718 -0.00307537406213909 0.15855149568976 0.207609327033535
-0.0049370503451838 -0.00614642194728935 0.121660107630009 -0.00221607998222382
-0.0125890468678596 0.00246974438228821 -0.00927233851563824 -0.116661959666465
-0.00418492144677651 0.00669323380349479 0.0131017097401461 0.0873906890818731
-0.0135229866727885 -0.00486657407434619 -0.0876752339825555 -0.0133408327466059
-0.0105567001395092 -0.021109806355933 -0.119642241045063 -0.207515893603407
-0.00414226810206035 -0.0272480668978963 0.188912332226731 -0.249452866959294
0.0180681110141694 -0.00797830141690969 0.424343368972774 0.125403401753143
-0.00278013230568593 0.0180412848039168 0.0847494267036797 0.500788761332183
-0.00716681347455028 -0.0116678972074451 -0.259844448234975 0.270726256090265
0.00596979981231923 -0.0185853971776183 0.0133503077887134 0.0439493618101564
0.00575531505895425 -0.00230796969414227 0.235896858070138 -0.28375326650462
0.00215684548547713 0.0126040975447398 -0.180387743729242 -0.486897534083216
-0.00215239801025636 0.00139196969465703 -0.484186857720863 -0.00710001221824371
-0.0249711083727164 -0.00818890700539488 -0.116100050932008 0.357196284127081
-0.0160591719055017 -0.00238443982637343 0.166789859832733 0.197731478523412
-0.00210337212919639 -0.004481182545888 0.121474336707988 -0.00972196407437823
-0.012338335763868 0.00462081052585276 -0.00836310983232645 -0.118246446161654
-0.00207283873157646 0.00819985174436284 0.0142676349479743 0.0865499174793794
-0.0102881360868019 -0.00278401407977181 -0.0862434753937219 -0.0163933332733541
-0.00771876015576755 -0.0191280607623688 -0.114100310318281 -0.211843132357597
-0.00385791316436871 -0.026142221269758 0.196234811406979 -0.240742264862281
0.0191426387364323 -0.00752641560767461 0.418735016372415 0.146391132690334
-0.00143409488333722 0.0201064300265189 0.0640266597313318 0.51057679969718
-0.0106111849289442 -0.00626753275970195 -0.266921446013186 0.265998928504298
-0.0003261488711527 -0.0144328775421715 0.0168211715996258 0.0420678892817847
0.00414440189516103 0.00291285156937963 0.228325357004285 -0.289288630731542
0.00473248306843982 0.0132806663727383 -0.197851301072392 -0.474241922648125
-0.00237874905052249 0.000615011125636047 -0.482747790641591 0.0166676794041848
-0.0249861230042579 -0.00573445684160343 -0.104925753952521 0.362481730296797
-0.0127218147835819 -0.000391311500829706 0.171886548274345 0.191113355400065
0.00118789235967127 -0.00240279355208393 0.122992896924467 -0.0143114455931787
-0.0101307385418944 0.00648711643745876 -0.00818147437158517 -0.119657371868383
0.000464169746470704 0.00822053388395666 0.0143734752981075 0.0868238934168831
-0.00736255109393763 -0.000262822144339293 -0.0840230540026683 -0.0170245403681247
-0.00495282083815774 -0.014572398868452 -0.112582719274193 -0.214167238436571
-0.0036665715540381 -0.0242632583606043 0.195920706108065 -0.238664787013391
0.020020143961163 -0.00860340751970461 0.415387587890554 0.154432671190175
0.000439976403900662 0.0217135863155522 0.059931705199733 0.51368118423309
-0.0148038443460911 -0.00140656233299911 -0.268854954070701 0.266023616375256
-0.00724673930911892 -0.00982174828219501 0.0171770090159386 0.0422894377113844
0.00199843747697685 0.00732854304228946 0.227090256775975 -0.288485110114975
0.0071285267621109 0.0126023804566895 -0.20010527290881 -0.4702667382183
-0.00289196787023666 -0.000583510871127397 -0.482041003349048 0.0214685886326711
-0.0239029506310317 -0.0039966308835308 -0.104847930765246 0.363014904472964
-0.00839315446094772 0.00213288965647209 0.171778292234768 0.188882925138487
0.00426980406579493 -0.000415748865233509 0.124796169794443 -0.0156416827640036
-0.00757236768736564 0.00729213579188826 -0.00802837384898012 -0.119153546236349
0.0041171091727731 0.00751923863296769 0.0147097852875821 0.0882085602906984
-0.00496310481104252 0.00195189113382654 -0.0817649690900909 -0.0145914848764793
-0.00217741938341682 -0.00925515301762675 -0.11710346358712 -0.212841805347182
-0.00314370829274308 -0.0211800597035288 0.187288743417703 -0.244039636198649
0.0197514533547695 -0.01095900846935 0.416988548939343 0.142849415313432
0.00321070677970634 0.0210043858515252 0.0726768314686495 0.514490339244005
-0.0180563234856788 0.0031645109153971 -0.264343536859185 0.272902443415444
-0.0142391380035617 -0.0063253927651077 0.0144280237213109 0.0452652370140245
-2.78777511313133E-05 0.0108192917738299 0.232679422904154 -0.283949381343603
0.00905497813551501 0.01115977910515 -0.187757377863865 -0.474714954294186
-0.00259249804306276 -0.00257217922833371 -0.484949736969011 0.0116510449015015
-0.0219345734195338 -0.00136113051957072 -0.116607890500619 0.360471976496198
-0.0048165753411985 0.00584083925309111 0.16775984482011 0.191126182852137
0.00696239408504341 0.00138339757158435 0.127306965776545 -0.0126118957886005
-0.00405586745090508 0.00704321715581766 -0.00817324548473971 -0.11769431065206
0.00159664348584553 -0.000208416936137263 0.0110648134331933 0.0964437847047008
-0.0163698734448868 -0.00440239013257487 -0.0849804422610384 0.0168364615613916
-0.0132434570188118 -0.00873905189691989 -0.159950688924129 -0.170065497700854
-0.00382561076990717 -0.0206699253298476 0.100798113685181 -0.302459611205015
0.0113113104734845 -0.0219040163441126 0.427507276874565 -0.0348695698115347
-0.00238752156820547 0.00624649973610001 0.229859877449695 0.420096667649883
-0.00908004018176247 -0.0174378513416112 -0.192866676543407 0.315105662959349
0.00714775282135069 -0.0257136297487559 -0.0131100307824724 0.0628193640889115
0.00774872566968754 -0.0140454384735954 0.28047891439519 -0.230048930438219
-0.00373868904881098 -0.000894182249671277 -0.0302697804318683 -0.54604314303563
0.000406612291339105 -0.00571371538231687 -0.470432932272929 -0.176735804093465
-0.0155749456823947 -0.00897068433743104 -0.21517949946205 0.302377454856095
-0.0190053234230467 0.00304204031817934 0.122256047318397 0.233689043949037
-0.00863729195169471 -0.00686273696257594 0.124994836358668 0.0242070017419279
-0.00724873687605267 -0.0040469797283038 -0.0103576262691033 -0.107189061917438
-0.00129776514973726 0.00141608745302809 0.0117077482154088 0.0933205342407968
-0.0177742900587845 -0.00573973929946137 -0.0872578874572017 0.0092194614999691
-0.0147049649449674 -0.0135537233874262 -0.149629044111656 -0.179579682466339
-0.0050379474020033 -0.0231924182498921 0.125771852758402 -0.291595695440042
0.0126521994945112 -0.018091982766281 0.432672498933835 0.00468708073141499
-0.00354935831265171 0.00895824945594451 0.195592567264488 0.442158980482201
-0.00677749395603087 -0.0189874184574041 -0.209575408108956 0.303904458152558
0.0113758351209782 -0.0265622380477524 -0.00548420341328681 0.0574353702748124
0.00863618538634957 -0.0140476161811017 0.269456742709742 -0.246655110923388
-0.00399682441148671 0.00229107306555187 -0.0723555269141698 -0.535386863399524
-0.000344036637389402 -0.00288710912502661 -0.476805489221048 -0.132166178282629
-0.018782830436206 -0.0100058749593534 -0.186815854259079 0.319798701594866
-0.0198262876331371 -0.000282512788926746 0.13531969410731 0.225166079406297
-0.00848258880271057 -0.00778722387614891 0.123111383903498 0.0155658982203585
-0.0100281525863124 -0.00250021946530415 -0.0115800280643555 -0.110105570116662
-0.00371118735131921 0.00334829930277117 0.0121757007900464 0.0909659370900986
-0.0169584328917771 -0.00623965317594287 -0.0883839749135464 0.00115860441168089
-0.0150389131254639 -0.0179423449325428 -0.140013320316773 -0.189093048330374
-0.00548048858437211 -0.0253913548215849 0.149193390135752 -0.278293492657077
0.0146549927055715 -0.014269761478545 0.433730207271698 0.0445946376304687
-0.00346220395890874 0.0119880970735929 0.160015869268465 0.463837958659808
-0.00557397758229565 -0.0181316447375732 -0.226807785776869 0.291678700419842
0.012060371321889 -0.0252403002831408 0.00161835754416948 0.0517704819124259
0.00791542035026498 -0.0115105286149376 0.256938927235508 -0.262581275804448
-0.00294035649007437 0.00631832599923683 -0.115319671490631 -0.520324092272077
-0.00088161078666432 -0.000569759765317085 -0.482879624274208 -0.0842165506007135
-0.0213720336661294 -0.0102828266517965 -0.159074260599032 0.335300418371963
-0.0198185233643985 -0.00266001528546189 0.14831151899628 0.216262538582275
-0.0072421088702176 -0.00704542689829563 0.122250837043299 0.00574064851953485
-0.0125393501253052 -0.000153034311520174 -0.010446185404843 -0.112744476717449
-0.00445313004409756 0.00491311678897227 0.0133424301352747 0.088043575548558
-0.0162056633774933 -0.00625944605963511 -0.0884021705025386 -0.0062116543564223
-0.0132520623493985 -0.0204009550285483 -0.129741516684001 -0.197680575101996
-0.00532777031080966 -0.0271215481414314 0.169578841999417 -0.264046809465955
0.0162913773354402 -0.0105231136530716 0.429931071628027 0.0851878200858405
-0.0036074188517392 0.0150167151109862 0.122190369915349 0.481407973234761
-0.00583562644959973 -0.0155787116228482 -0.242828093887801 0.280706181847453
0.00986719731960123 -0.022108388295997 0.00794724954619768 0.047634776344158
0.00705503994377839 -0.00759341064954455 0.243160182166832 -0.274776960460606
-0.000637071342497181 0.0100794718991954 -0.154537869775372 -0.503064197980727
-0.00144201135608443 0.000497504385383148 -0.483149186102927 -0.0389683286098377
-0.0234617295174436 -0.0094888341296275 -0.13363444181926 0.347148376354876
-0.0183769058653531 -0.00286292353557604 0.159779807906704 0.205147290726509
-0.00515054084926581 -0.00603406427811877 0.121160449246154 -0.00297082001574618
-0.013191258320648 0.00292210053086953 -0.0102641263777739 -0.115628606357884
-0.00416611017282068 0.00701021503659164 0.0139072171363072 0.0864347270711276
-0.0137116656806318 -0.00474762752252201 -0.0882182957885753 -0.0130254890387355
-0.0111625750853413 -0.0210785044393769 -0.120960866199989 -0.204298153316767
-0.00460289460897572 -0.0270183633203585 0.185616123419364 -0.250141774094325
0.0176407607165435 -0.00838442978391489 0.423595858536809 0.121260229305828
-0.00271092683151101 0.0179131298014557 0.0880431249518952 0.497122111418871
-0.00776272043867397 -0.0116683943020293 -0.255196336989852 0.271506974514498
0.00568302706124217 -0.0188204577634186 0.0139034013567987 0.0436091347638159
0.0053045957210107 -0.00243143136059009 0.232450142117455 -0.284186161114814
0.00258629569256897 0.012122868402224 -0.183775504544729 -0.483389948917948
-0.00170620885793102 0.00131287442826302 -0.48031836689315 -0.00290048215185135
-0.0253424017509423 -0.00772073458454736 -0.112693925240157 0.356294767259785
-0.015585137513915 -0.00234956508249211 0.168259765531338 0.195360874709442
-0.00264929374932196 -0.00421263309098181 0.121604668351084 -0.0107591878363847
-0.0124516793971404 0.00556595534636486 -0.00984720997418282 -0.117677827939052
-0.00257773470287777 0.00753035641998511 0.014895378041248 0.0858525044748723
-0.0103873407065456 -0.00280021751059155 -0.086244879975599 -0.0160713270825961
-0.00824232962449982 -0.0184612282705531 -0.115642299490897 -0.208965243902377
-0.00485757744219093 -0.0261398971028753 0.192996416122624 -0.240687471983349
0.0193681390092097 -0.00759711828364132 0.417765616251192 0.144091368809124
-0.00163203878092539 0.0202006885604223 0.0689698023452309 0.507570991701072
-0.0114044607812796 -0.0066738294754245 -0.263228342809459 0.266848004671253
-0.00046616181007178 -0.0141899052620479 0.0169016670187486 0.0418160823063369
0.00437699303393392 0.00268435707046569 0.224231113453071 -0.289270679307519
0.00472567910376918 0.0130509873130511 -0.201725251496165 -0.472552946246752
-0.00247269201240578 0.000629645549834044 -0.478469137203538 0.020484863952651
-0.0252044952221617 -0.00554104947978431 -0.10014223665721 0.362341906613885
-0.0124964664888211 -0.000271556888754429 0.173092770639088 0.188430004637626
0.000978783837133794 -0.00256214221544469 0.12239219516938 -0.0147657899893762
-0.010305940382045 0.00659505275399973 -0.00964742384920354 -0.118573123164766
0.000502615165929345 0.00784737094184978 0.014575010011796 0.085895148318684
-0.00781154165191974 0.000203373410489215 -0.0844114855460416 -0.0169330332001022
-0.00538010591096809 -0.0147916948229492 -0.114532243597636 -0.211606338176714
-0.00425538499189475 -0.0239249484001608 0.192315038014092 -0.238460174761094
0.0197646638146349 -0.00844876876206024 0.414965810041465 0.149759509064683
0.000532800177005739 0.0215432857548987 0.0638549532949357 0.511703230062334
-0.0146939896549448 -0.00143945834271822 -0.26426835004102 0.266976072818781
-0.00743232853352496 -0.00992803663955117 0.0170820283137628 0.0423376838877651
0.00188116001951157 0.00753089555150891 0.223981099144309 -0.289257249565872
0.00726291321371261 0.0124507034452322 -0.202872411115768 -0.466695343229532
-0.00237114114347604 -0.0011307594203779 -0.479879324014102 0.0268181077292123
-0.0244609160090797 -0.00307075408706532 -0.100740213059916 0.362762183929317
-0.00830527365593305 0.00245156323128346 0.173181158043411 0.186745788488275
0.00393095276807206 -0.000653381833279759 0.124585633552309 -0.0158063564319891
-0.00736641664799889 0.00729927496565946 -0.00922334026990117 -0.118174184259071
0.00430472975149938 0.00744767244452935 0.0150796765830929 0.087148528593431
-0.00467551212420948 0.00263258004965069 -0.0818467772420858 -0.0144706288511515
-0.00251287769721067 -0.0093462930496856 -0.118992784795159 -0.210207315748807
-0.0038468411841729 -0.0209379553851081 0.184238063212062 -0.244136254288757
0.0193014335754543 -0.0116695146406766 0.416201145709522 0.138191503913406
0.0025750155877825 0.0213029802522313 0.0764538881924299 0.510371689390316
-0.0181627702230385 0.00292047138412897 -0.260419246217221 0.273721987722602
-0.0143075342237522 -0.00646317683887477 0.0146281995482708 0.0444648659326556
0.000494051157528262 0.010279804368382 0.228879708737241 -0.285182853984447
0.009224387893369 0.010666020977094 -0.191693178339771 -0.472001401670488
-0.00219040757043819 -0.00261515767570678 -0.482582231101143 0.0156817976927657
-0.0222288856995465 -0.00142371041810115 -0.112606156384152 0.359782331346721
-0.00445668090419335 0.00587596966935982 0.168706349468395 0.188831406932423
0.00644879017166459 0.00164034257047827 0.126619148303537 -0.0138429930402244
-0.00386399623495411 0.00707782200902671 -0.00906634285231865 -0.117044819670742
0.00138140937543448 -0.000156325597677946 0.0110635726624066 0.0954176493732462
-0.0165845974318503 -0.00429555251472998 -0.0843017120168923 0.0168832596974843
-0.0140444016484767 -0.0087539629553728 -0.160041868202785 -0.168010016338384
-0.00453192322401495 -0.020736104858086 0.097655887521477 -0.301322297892194
0.0113537146673574 -0.0214979992770283 0.424688845939281 -0.0376928509907285
-0.00223080068358099 0.00630371385001029 0.231601969720089 0.415764585691799
-0.00925311181222143 -0.017343567951077 -0.189661764283528 0.314912336467147
0.00687506607104461 -0.0256407825096698 -0.0124780931421294 0.0632075811826616
0.00675930318310475 -0.0145010249951473 0.277133432115969 -0.231400438848945
-0.00311019120318569 -5.84937713799978E-05 -0.0340075993467519 -0.543367969275302
0.000519800649831537 -0.00566751837674367 -0.469012867058008 -0.170149171132141
-0.0158191839782196 -0.00873669138943066 -0.210373142544545 0.302207707471463
-0.0187507109113414 0.00327772348857555 0.123194623728887 0.231082927765977
-0.00852852107119041 -0.0065837406386885 0.125137009541597 0.0231409452739939
-0.00738199540817061 -0.0037396883264487 -0.0113511136963828 -0.106233219567587
-0.00109026970006081 0.00104829831849808 0.0124727488722056 0.0928976134687159
-0.0179852468062202 -0.00534956230588567 -0.0868725072555966 0.00970186319661617
-0.0150120664604478 -0.0131000388969169 -0.150808280928757 -0.177159825052544
-0.00533238673803909 -0.0234447012412271 0.122510469174221 -0.290748283156846
0.0127960086105364 -0.0177947376786155 0.430546005685043 0.000521921521085748
-0.00356274582810705 0.00875496567134212 0.198697606088708 0.437211570117413
-0.00696784770409303 -0.0191764285593559 -0.206947663300298 0.303445561706724
0.0110770533810306 -0.026546023165244 -0.00476986090313138 0.056921924517217
0.00846951139450114 -0.0143760050902642 0.26665273862233 -0.247312931763248
-0.00356937920254851 0.00213813777410713 -0.0767520419708739 -0.533568877421462
-0.000682548153982741 -0.0027655700851826 -0.474193608828516 -0.127480162727602
-0.01798234010871 -0.00981768741627296 -0.182655583760142 0.319123856875708
-0.0197692161220624 -0.000474194318469222 0.136666264232697 0.222700618701628
-0.00870893058444008 -0.00783890528053011 0.122955735690754 0.0147427823632861
-0.00993048742490469 -0.00178319831376262 -0.011591637052527 -0.109283671591209
-0.00360056495728028 0.00381196878975137 0.0124079838906456 0.0900930658297222
-0.0179705161138851 -0.00557421554625859 -0.0887778724684382 0.00119638631343343
-0.0152399075461564 -0.0174668320758783 -0.140826331780043 -0.186663332504487
-0.00593646343155031 -0.0256002401766525 0.146495821452306 -0.278552944161669
0.0142326138111699 -0.0142203312181492 0.4321547145743 0.0407925502663462
-0.00353650270116322 0.0116855843427609 0.162319907621294 0.459246592961153
-0.00579180431852889 -0.0189749889360056 -0.223388090981675 0.291507960680916
0.0121405062436005 -0.0251296616400616 0.00214065515582495 0.0518770835059753
0.0082679524172913 -0.0121345822410693 0.253554781799363 -0.262494180237431
-0.00286294739919351 0.00642417903233257 -0.119799950411912 -0.516992509626942
-0.000740185674597289 -0.000978689240512719 -0.480250814976242 -0.0790771463696377
-0.0212589285037576 -0.00936858428432725 -0.155118065636299 0.334443421428134
-0.0198539388588801 -0.00222682993126275 0.14903008523841 0.213637913295853
-0.00796706349739665 -0.00748927012800542 0.122233043100323 0.00503256908940722
-0.0122331688719178 0.000247619225075968 -0.011096797450363 -0.112289629753849
-0.0045438731948637 0.00526423747010935 0.0138263341517942 0.0871247483651387
-0.0163126103020365 -0.0058378308053693 -0.088523149603636 -0.006005431707996
-0.0141816780201817 -0.0201913585044916 -0.131259401492194 -0.194560719121796
-0.00579332464801258 -0.0269315810335426 0.166564035161283 -0.263510693194638
0.0163858784184296 -0.0105230123023211 0.428267551775702 0.0819604610549632
-0.00353891468154552 0.0151562525886824 0.12400080703983 0.479546899272251
-0.00620967751208207 -0.0152865590836102 -0.239664786421988 0.280865340180824
0.00984164037876227 -0.0225522956281784 0.00921751929253127 0.0465499019842214
0.00685523416175732 -0.00796866714851641 0.23958531006528 -0.275632238265739
-0.000392610618951733 0.00973891986825747 -0.158183823607472 -0.499766109241334
-0.00104841995817716 0.000635161372512958 -0.481609894763589 -0.0352564642464022
-0.0236380002125716 -0.00836291226922946 -0.129132123124801 0.347119278105435
-0.0182234556188065 -0.00350224101967267 0.160721530834247 0.202632699822932
-0.00553398869528999 -0.00609020572169295 0.121849061643862 -0.00357427683031865
-0.0130734150608308 0.00297945887054104 -0.011353799084364 -0.114777700037502
-0.00389113495435631 0.0064339160491644 0.0143018881526696 0.086094068129889
-0.0137423242412264 -0.00444420736103189 -0.0879274977478245 -0.0122654154748107
-0.0116680354974537 -0.0213315349560741 -0.122603387794547 -0.202166081206714
-0.00504795024599234 -0.0276331624902867 0.182363353265502 -0.249516118141018
0.0181574394799912 -0.00845030244944189 0.422343552099 0.116718619762016
-0.00237895270184203 0.0176125212212742 0.0919123730304055 0.493734009893922
-0.00773981654598111 -0.0116457481140512 -0.252820299368168 0.271550250301237
0.00563438272611136 -0.0186199265582361 0.0137320539275655 0.0435161109244719
0.00523018665863545 -0.00259235140456696 0.228780485788602 -0.284759176202782
0.00270060354284675 0.0117404054494598 -0.185424344267066 -0.480018730127527
-0.00230493253328479 0.00149057437287277 -0.478704103546894 0.00178031997982609
-0.0250050698073237 -0.00733322265673774 -0.10804339854857 0.356893061191402
-0.0161495100943567 -0.00175584012424604 0.16935542282288 0.192980727018417
-0.00304684356179163 -0.00458265477275207 0.120903674052534 -0.0111624517649457
-0.0122039037039591 0.00573273949694674 -0.0103973875998467 -0.116743645239272
-0.00281617406655305 0.00791394672654053 0.0152360688034509 0.0853624909181969
-0.011011047061769 -0.00190718714083278 -0.0858913406145146 -0.0160039443969097
-0.00872524379710956 -0.0188630914604797 -0.116962011640819 -0.207162321121851
-0.00447963161790264 -0.0260173928164199 0.189605625997293 -0.240280975185398
0.0189869408374808 -0.00778200737679055 0.416350282683148 0.138711657788939
-0.00128071936892514 0.0199785565902591 0.0725457363578224 0.502652665710599
-0.011086831954031 -0.00652463627139632 -0.25965571157923 0.266630407203394
-0.000953835086427125 -0.0141952688024948 0.0176813493727008 0.041918317126243
0.00405389582046932 0.00234126335170404 0.221645345300534 -0.289565873221936
0.00538964926846336 0.0127746215025699 -0.203025723184561 -0.467262139662634
-0.00238748486753973 0.000412545777174669 -0.477137906949751 0.0252298673866689
-0.0246665708837801 -0.00498330407514106 -0.0967278817721443 0.360094134784929
-0.0125584544109692 -0.000651676654157135 0.173654528131041 0.185867186102752
0.000709952779029974 -0.00230021278203208 0.121899830048224 -0.0162010441751615
-0.0100591952513277 0.00694503609779957 -0.0105532853191559 -0.117928313929765
0.00052918942233054 0.00827925996354828 0.0148954442297962 0.085626459542229
-0.0075578214372519 0.000231417832333815 -0.0837659141770732 -0.0166451275554586
-0.0056529247310238 -0.0144200115141 -0.115774777823047 -0.209027089840317
-0.00440964624763255 -0.023815220024198 0.188557058939302 -0.238609770560947
0.0204242398080822 -0.00866144731063178 0.41436909407655 0.145717725323241
0.000939853859388154 0.0217415396247127 0.0676702622563869 0.507591591366636
-0.015017912775513 -0.00122628453875889 -0.261419799594824 0.267355745686204
-0.00760343522840263 -0.010114414076843 0.0173603834193532 0.0415750503574201
0.00251700212118857 0.00687765516338181 0.220854004142977 -0.289107479432344
0.00677675605470201 0.0120271639189787 -0.205612824979507 -0.462643741344153
-0.00236272104764986 -0.000447612827425902 -0.476823355268215 0.0315329642304486
-0.0239373163961499 -0.00351716715078039 -0.0971909141350354 0.361607254544281
-0.00804124957431132 0.00224651039223839 0.173877616401376 0.183370160054332
0.00306774896383385 -0.000473616748423403 0.12404250614556 -0.0169195928650779
-0.00755443540918822 0.00757698553689696 -0.0100448127312497 -0.117797186252307
0.00391774632996862 0.0073863636837327 0.016131488476847 0.086488113487352
-0.00516018884242125 0.00282280691584039 -0.0818522037369676 -0.0136203146731625
-0.0026922176961108 -0.00884228024449536 -0.120116982601356 -0.207069308554451
-0.00395930277864851 -0.0213550599306648 0.180102458718391 -0.244595035289922
0.0196110050231418 -0.0116897518777435 0.414817320089994 0.134495971759677
0.0030208360245033 0.0213175088727118 0.0800777498851643 0.5052107136333
-0.0180149089748314 0.00307278096439502 -0.256556436358713 0.273752783012698
-0.0145894251031825 -0.00666968156240722 0.0150504005602906 0.0448409679336659
0.000286983634901485 0.0100892952024964 0.225658609320391 -0.284282649876144
0.00899742961428155 0.0106245429633519 -0.194072011640433 -0.467710988573423
-0.00242756913870995 -0.00238792377646587 -0.479611804098022 0.019823032881658
-0.021811536609746 -0.0011737413935174 -0.108924221481355 0.359257226622675
-0.0047442297644436 0.00578358366191275 0.169557971636566 0.186190311244769
0.00617884171157144 0.000777434718271207 0.126727749271002 -0.0143432222545218
-0.0037849333419056 0.00826093174622705 -0.010452351198607 -0.116425474044897
0.00164513883026234 -0.00027282943738063 0.0118751969553439 0.0950241560860123
-0.0168650365890462 -0.0039214370643435 -0.0837822598731482 0.0169782534972778
-0.0142690606496079 -0.00876302769691519 -0.161256821821046 -0.165400715385918
-0.00460996636146665 -0.0205411184247985 0.0949859699712496 -0.300406957222768
0.0108743405533221 -0.0216710966586163 0.423082800854795 -0.040763473672048
-0.00236851919494656 0.00646762263596776 0.234713242182433 0.41209987726264
-0.00973245997337759 -0.0178653891972118 -0.186820889680424 0.313376659783833
0.00656372669459157 -0.0256956252907488 -0.0123411056419126 0.0623785715803743
0.00691328316012182 -0.0146239474761192 0.27434023431025 -0.231332876488577
-0.00328831045551526 -0.0014122062486877 -0.0373456338171866 -0.539536775877229
0.000414157998993985 -0.00543495810832553 -0.467498884819853 -0.166251456267444
-0.0158964606328586 -0.00846893924278264 -0.207988406927715 0.301865257595075
-0.0190049485187713 0.00288951759989251 0.12488462969875 0.229411555869694
-0.0089126043529209 -0.00694754906219089 0.125394424966921 0.0222128441968788
-0.0080358916327363 -0.00326896066139591 -0.0119229613616677 -0.105551183741538
-0.00126645136618481 0.00119539684271831 0.0125816501857013 0.0919195794358622
-0.0181499777027564 -0.00512747710927455 -0.0870817021609525 0.00910975463057856
-0.0157647008794609 -0.013635335633592 -0.151614907594365 -0.175077748235723
-0.00553667019607207 -0.0234548700476046 0.119731353883298 -0.290271071140355
0.0125158818152114 -0.0180738436616947 0.428361152691918 -0.00227847177940661
-0.00381154909368245 0.0091165558618408 0.200759394310762 0.433884980635752
-0.00740050745646444 -0.0195401394581172 -0.203272151832603 0.302979907470876
0.0105148963955265 -0.026608179837819 -0.00475758105015094 0.0564511637170915
0.00790773363252294 -0.0144055546199669 0.264130538000607 -0.247508418503392
-0.00369659323637596 0.00168814636086352 -0.0784981987679845 -0.53050300524371
-0.000347996368209829 -0.00273274333590176 -0.47376618293064 -0.124649814645697
-0.0180434629423664 -0.00929282019206953 -0.179851447604889 0.318599121505555
-0.0198429482582625 -0.000472580184683536 0.138029688530738 0.221055612648258
-0.00908876817253306 -0.00778241690207022 0.123317824649983 0.0140277311118747
-0.0104961448806447 -0.00168392164577268 -0.0118732243365204 -0.108662778766798
-0.00367357842043777 0.00305620582411994 0.0134868711174492 0.0891098155487919
-0.0178633089322923 -0.00530432029342519 -0.0880842623955337 0.00147473182839178
-0.0156668477359841 -0.0175194507206365 -0.142050834052988 -0.184154807265552
-0.00613215852296402 -0.0258402466544912 0.143308888309173 -0.277488780713371
0.0140753254656428 -0.0141450778239842 0.429366234850738 0.0382306698026902
-0.00378342056797028 0.0123410309837015 0.165668369970736 0.456116368868135
-0.00614182130500965 -0.0185321219423931 -0.221223241681453 0.291632306743887
0.0111682149767354 -0.0254559684780584 0.00214453252324856 0.0514373067145805
0.00789723494742366 -0.0120047003747567 0.251018651408632 -0.262457904082823
-0.00285830619933682 0.00627999577236611 -0.121385291867498 -0.515023682980324
-0.00101045544923785 -0.000211585865811537 -0.478254451049748 -0.076537866791929
-0.0211583989794981 -0.0095895184376283 -0.152240860742334 0.334573696697545
-0.019814966235963 -0.00239855972116221 0.150164366991038 0.21143965087421
-0.00808255070787788 -0.00717866018851182 0.121721300541828 0.00453019039439919
-0.0122276509311867 0.000669503545275334 -0.0120294359706377 -0.111598973611488
-0.00442378529622796 0.00533927353696933 0.0144461289845581 0.0865669459839265
-0.0166370750874615 -0.00489400644418794 -0.0884011758338611 -0.00628614374408121
-0.014594352350639 -0.0204960269750705 -0.131574360569877 -0.192817108016646
-0.00612477740609092 -0.0271710871792864 0.16419569540163 -0.263358667444857
0.0162470363946164 -0.0105264491961185 0.427727816741135 0.0779889909835754
-0.00334164620978403 0.0152518511828554 0.126659070647749 0.475189879165553
-0.00678502899569271 -0.0158463362227878 -0.236787521071326 0.280397842860411
0.00920755129098993 -0.0227612325896805 0.00914442807698439 0.0466806630274673
0.00668641717711821 -0.00809718080600591 0.237243572158683 -0.275347055549365
-0.000575489660304102 0.00954053788104862 -0.160030325912554 -0.495569968359707
-0.00138437764739322 0.00110409330584029 -0.479806622002776 -0.0310910881537243
-0.0239462489662585 -0.0088144738367554 -0.126032236135275 0.346647557415632
-0.0183931088865328 -0.00274726243542049 0.161813621575972 0.200808238430456
-0.00596876406896799 -0.00604873198055349 0.120739973120716 -0.00437098105342774
-0.0135495572568461 0.00365935822924976 -0.0119442095013501 -0.114232401519167
-0.00420371300952348 0.00683729774197914 0.0148242886201099 0.0853573022625844
-0.0144438907082797 -0.00410962482209916 -0.087644400547499 -0.0118829969466169
-0.0119310131749913 -0.0202450367899923 -0.123345337639967 -0.199730640762026
-0.00536776588750392 -0.0270196850131569 0.179686422383278 -0.249426311929176
0.0175931737715204 -0.00853188637006505 0.420643641526791 0.113436593243974
-0.00280981683823132 0.0183345588416633 0.0950137243664005 0.489779530368134
-0.00824052655606298 -0.0117124862502112 -0.249780538181189 0.270606494285402
0.00506975773496238 -0.0188098224572707 0.0142017711645768 0.043430550906226
0.00523416529995429 -0.00300990457218295 0.225673772148225 -0.28450362502192
0.00246064317862141 0.0117251148236811 -0.189006839134155 -0.476763704894241
-0.00179233260582641 0.00149526533334967 -0.477548405971871 0.00513732866061711
-0.0249880909829857 -0.00704376237040408 -0.105345181557349 0.355036859597432
-0.0159071645029725 -0.00221857500506231 0.170063795147377 0.190844544488316
-0.00347589506818808 -0.00453316105758604 0.12092897957268 -0.0116608112014187
-0.0123790979864836 0.00589402665907696 -0.0112103235065062 -0.116402968570421
-0.00198777590058598 0.00751193495257242 0.0154355722858196 0.0839940684396555
-0.011320300079409 -0.00183241596311213 -0.0856386741947723 -0.01576899099434
-0.00884836356905527 -0.0188742014260488 -0.118467632636504 -0.204872866067978
-0.00526073313034854 -0.0262822423738587 0.187485191736268 -0.240541462364004
0.0189031142702445 -0.00755561332145548 0.415665844478433 0.135882428698991
-0.00104731617184022 0.0204967019847829 0.0737745445842644 0.499945290375208
-0.0112065391217815 -0.00631466845405541 -0.256582968002839 0.266299638611974
-0.000948625844189856 -0.0146324269923918 0.0170289879052101 0.0407367313781969
0.00394597205183401 0.00187409086404115 0.218807648346522 -0.289502037063184
0.00527754852436661 0.0126049728196017 -0.206929654016659 -0.46383761470122
-0.00230027392648309 0.000987032726202352 -0.475044470254683 0.0273514178819433
-0.0253779035527946 -0.00498887719817524 -0.0935232091202565 0.35907392946016
-0.0120150937814579 -0.000570463032489352 0.174699396686795 0.184243632039174
0.000362673959991108 -0.00238660473336664 0.121742512459052 -0.0163033061775721
-0.0105982987524013 0.00726890709023496 -0.0110255817862756 -0.116922774176878
0.00049833594683143 0.00795044407803603 0.0158958623319638 0.0845798805294866
-0.00865523589060151 0.000711724578718485 -0.0838001994578478 -0.0160553294555475
-0.00617879841631201 -0.0146729691901419 -0.117075672742386 -0.207000208685751
-0.00478854615657955 -0.0239078121608875 0.186223338250985 -0.239244044835971
0.0197092757334801 -0.00889604956792853 0.412938623438831 0.14218351597187
0.000827971692565086 0.0215001258809723 0.0700884745567971 0.503950470689916
-0.0152666319764759 -0.00147981029349475 -0.259006969991414 0.266185979991085
-0.00789447847587533 -0.0101786983399479 0.0172189441904835 0.0414666174866438
0.00216413391057443 0.00650274162867952 0.217368238399675 -0.288766035861735
0.00778437316864576 0.0116815418287476 -0.207372380849382 -0.459396216881917
-0.00212337698159934 -0.000525109760002276 -0.473860980085149 0.0330326535006648
-0.0241041558140141 -0.00253050531485638 -0.0932861617919086 0.360373698808535
-0.00844643326314001 0.00203162514965661 0.174726213477961 0.182385332862428
0.00305134933867387 -0.00058723511879029 0.123656112345371 -0.0174015873489363
-0.00787044733001502 0.00792075523334093 -0.0109055235980808 -0.117079524727016
0.00372527805825426 0.00709053306454242 0.0159652722878247 0.0857047799600679
-0.00552758892521984 0.00331854025204198 -0.0816110453647791 -0.0138250089163886
-0.00359382869646813 -0.0091623625170882 -0.121048240427588 -0.20525599422618
-0.00447374533767858 -0.0209694578734059 0.178105096768736 -0.2443833296087
0.0192379763912761 -0.011660743544499 0.414189690215096 0.131480928886952
0.00304770512067351 0.0212408430716497 0.0824396087779398 0.503383945318261
-0.0183474233635838 0.00295820567441596 -0.253612402690421 0.273118704173556
-0.0144613036567621 -0.00647405438651357 0.0150822854195703 0.0440978730295852
0.000568316990857128 0.0100606967990955 0.222131468551221 -0.284479774160747
0.00900263279491566 0.0104536275376222 -0.195775433833949 -0.463789343150476
-0.00257293384555288 -0.00237186529368586 -0.47672801843935 0.0232283638016268
-0.0220610515889125 -0.000676133102786063 -0.105472953528471 0.358488560032893
-0.00445378468158228 0.00573139342696447 0.170520618943148 0.184317832231463
0.00610777120384069 0.00122011956101654 0.126577470574066 -0.0147726691926257
-0.0037252730727749 0.00781140872788038 -0.0110042918406584 -0.115328204338405
0.00122681028371742 -0.000350154649467314 0.0122961337007263 0.0949408649681687
-0.0171226683669698 -0.00357959975537672 -0.0837981793712734 0.0167150340722219
-0.0145098498704004 -0.00872570400639265 -0.161716836931399 -0.163876234874206
-0.00474183180674919 -0.0201575049687871 0.0925410073281557 -0.299650021079157
0.0106132357231043 -0.0216746961677363 0.421202894376226 -0.0431517396793682
-0.00316377313133428 0.0062656441389341 0.235124275280155 0.408415710783803
-0.0100292027375487 -0.0175745890621344 -0.184235918336277 0.313441035544514
0.00614804232075542 -0.0255914725550303 -0.0120159860789504 0.0621399630940112
0.00658680667374103 -0.0145207366590492 0.272170235285555 -0.232308485636145
-0.00321241704701469 -0.00090166639830308 -0.0399036297148635 -0.537914049143003
0.00042024406938369 -0.00495763250670122 -0.466092304661516 -0.163263475586428
-0.0161627807067436 -0.00833243480299845 -0.20478197840092 0.302154777731817
-0.0185249469788483 0.00343543910549552 0.125651518708549 0.227167607599002
-0.00958429375131579 -0.00714572667967496 0.125326131579797 0.0216218438061922
-0.00812710130065919 -0.0031403622235814 -0.0123981021254136 -0.105094611213921
-0.00146770265398615 0.00117892565232139 0.0129338768045299 0.0919365718116522
-0.0182162316748771 -0.00434571020548725 -0.0864105402806803 0.00951664897805863
-0.0162128814817861 -0.0133058637096119 -0.15219620543372 -0.172719780950359
-0.00599064012046223 -0.0228957259383043 0.117780048948653 -0.28974824762474
0.0121250895549686 -0.0175393007280032 0.426373147276248 -0.00462723778348217
-0.00390111202006542 0.00925362725923189 0.201831837543093 0.430328482584151
-0.00791798350756223 -0.019237917140993 -0.20073859681231 0.301912638151605
0.0103029382296391 -0.0265795628454776 -0.00470573071361778 0.0563001016515381
0.00771390654107074 -0.0144752018821442 0.260406083464435 -0.247366343180516
-0.0035611373489969 0.00181413560537978 -0.0817428259005011 -0.527767394005635
-0.000444521734133192 -0.00281384132182728 -0.473600275636501 -0.120079804044702
-0.0187097468784667 -0.00910952431078602 -0.17753562992653 0.318567978327484
-0.0195140894932813 0.000265111359096777 0.139049515450143 0.219189482854225
-0.00971217331330874 -0.00772721011677788 0.123489094439017 0.0130409409979515
-0.0105243661081151 -0.00118883384764072 -0.0129590578614941 -0.108047864669467
-0.00369555937656955 0.0033477595056845 0.0132317172153049 0.089216562506685
-0.0184176456357703 -0.00496500847777277 -0.0881250911608992 0.0014038707370822
-0.0162945488023762 -0.0174009400906104 -0.142294128511635 -0.182447811221778
-0.00666717281244271 -0.0255984315676154 0.141172408585952 -0.277094737525629
0.0142400313605536 -0.0139536592102724 0.427980770677522 0.0345541264762885
-0.00393101120943633 0.0123554686497286 0.166974543094129 0.451472742331977
-0.00652081616538008 -0.0184284394266283 -0.218253459509625 0.290927517836925
0.0110763941223482 -0.0253988418031825 0.00217027831745036 0.0509519821680247
0.00762001758070195 -0.0121155996340976 0.247541218744277 -0.263174429570337
-0.00225790433899295 0.00548995450988343 -0.123386428678167 -0.511735576952117
-0.00103907884177468 -0.000316225058525479 -0.477217210782888 -0.0740302994179356
-0.0211648591694366 -0.00937107137295509 -0.149212455542018 0.332995815132344
-0.0197447268710524 -0.00223909160232375 0.151803868847758 0.209191231165456
-0.0083897421613988 -0.00736484664322976 0.12213032054961 0.00373387097113716
-0.0131661859808193 0.000999275318209316 -0.0123123920696931 -0.111021483873444
-0.00451274885774976 0.00479650940971009 0.0147291896520228 0.0860332250325485
-0.0165589513108308 -0.00487344302267524 -0.0883110781247933 -0.0060555129996086
-0.0148480368220833 -0.0202115114470355 -0.132696613569041 -0.190321887960497
-0.00657923041106819 -0.026582099630686 0.161230645052705 -0.263202747237849
0.0161513365809622 -0.0108095552667052 0.425307020456828 0.0747774430504251
-0.00351408877875309 0.0156511325340997 0.128794430737673 0.472621920416513
-0.00704444631442734 -0.0157601808118811 -0.233488728915198 0.27985089792264
0.00884787422729375 -0.0227685679614849 0.00915686780337386 0.0464257587486991
0.00675116570930629 -0.0081951375898697 0.23404138502639 -0.275686665686576
-0.000220323094758029 0.00937393985085489 -0.162267011318675 -0.491331710126863
-0.00154074835647128 0.00101068110057572 -0.476953251978211 -0.0297797269425917
-0.0237001896014426 -0.00837043714651112 -0.122925499707543 0.345735695560751
-0.0183160176839471 -0.0028642552508765 0.162312939865784 0.198657647065625
-0.00634476439237463 -0.00602519507226378 0.121036028952333 -0.00493849091520928
-0.0132378018191299 0.00380405678070394 -0.0123915774362362 -0.113854103173522
-0.00401373850430893 0.00679459724486069 0.0151028313460339 0.0845431995574086
-0.0141120782229048 -0.00368911913762052 -0.0876208756505359 -0.0120597071221861
-0.0124308294196478 -0.020816712787605 -0.124502292435888 -0.198173626124533
-0.00595243554253927 -0.0269417836354202 0.176828718374524 -0.249412184514079
0.0176510406762183 -0.00847491062555852 0.418860220299691 0.110691688296764
-0.00275098055604911 0.0183025693227282 0.0958166664889489 0.486585924468612
-0.00891078652433744 -0.0116296344773553 -0.245920727394838 0.270401492563518
0.00494584293157551 -0.019260111034914 0.0141833460294803 0.0422332536158785
0.00518035084700414 -0.00318428182235738 0.222713668703786 -0.284020057792477
0.00259833180703975 0.011461527480477 -0.190053157774253 -0.473385531858429
-0.00179791992694624 0.00133293486104086 -0.474572281509636 0.00761712978415112
-0.0251378727307816 -0.00650796422950909 -0.102301987481945 0.354488055952523
-0.0157607942940371 -0.0021419667706073 0.171033070449282 0.188766626607363
-0.00329433435716558 -0.00449640613091492 0.120543244229129 -0.0126380470451645
-0.0125144003302274 0.00612742240417812 -0.0117801160709441 -0.115494239195126
-0.00269999130313899 0.00740278621550043 0.016042313489642 0.0835478527198675
-0.0110324042750214 -0.00182757326933488 -0.0858333531038645 -0.0156162771572846
-0.00938476755430936 -0.0184115515912314 -0.118710804252105 -0.202792878054647
-0.00525981803251816 -0.0259061057743028 0.184708024924732 -0.240603345250499
0.0188245792921577 -0.00737373691512422 0.414823931716268 0.133224517759898
-0.00110803044922406 0.0205999342613253 0.077294320940814 0.49611123573359
-0.0116513601289934 -0.0067227986478168 -0.253888919856427 0.26627031287384
-0.00126844517282921 -0.0145761871317138 0.0174395874418565 0.0408804554341454
0.0038541099482941 0.00150368323450536 0.215866281057215 -0.289324676592397
0.00492031434358554 0.0125997337255868 -0.20825699008368 -0.460709683916968
-0.00187537284657331 0.00093157713381456 -0.471881867428277 0.0306032382155847
-0.0251857789138628 -0.00426366834700541 -0.091376437239949 0.358775923742446
-0.0118155846385646 -0.000501654030393952 0.17547250659138 0.182060938068609
1.89429345426959E-05 -0.00248256873839191 0.121872550502518 -0.016712703538143
-0.011007636730075 0.00746823616170212 -0.0117039953621269 -0.116293057888259
8.80361667332712E-05 0.00767922263674131 0.015954937475955 0.0838360319300968
-0.00846458950898423 0.000891679005751934 -0.084070582456529 -0.0159729803619951
-0.00666850602987734 -0.0145422726305086 -0.118037933446763 -0.205072018424689
-0.00516154881717691 -0.0239360246615715 0.184391467676914 -0.238570416027867
0.019588015581622 -0.00867387395583227 0.411517047705192 0.139263193223307
0.00100285040571663 0.0220299285436427 0.0729740330687587 0.500937079265116
-0.0154247680270673 -0.00169179691807177 -0.255633906540729 0.266711471454202
-0.00793971186391782 -0.0103312617045827 0.017144697444983 0.0409954736956833
0.00240758833121944 0.00651177389234618 0.215256981042895 -0.288458586684396
0.00762729608592787 0.0116040013971713 -0.209300078488618 -0.45573074564575
-0.00220577331228161 -0.000196577586799229 -0.471379609860281 0.0365590320162458
-0.0239728634804096 -0.0025455419740994 -0.0910698633913565 0.359175454416634
-0.0081622913781691 0.00257757856186775 0.175430756471467 0.180121531666735
0.003224718293688 -0.00053404413679714 0.123560567918114 -0.0177624467483382
-0.00797522657174444 0.00837490144512982 -0.0116843283422909 -0.116439390465929
0.00370106013753625 0.00703788795992138 0.0164372603611213 0.0847657735292671
-0.00548784354099356 0.0034811837636146 -0.0819047776589709 -0.0141141299189801
-0.0041170035890386 -0.00915564212469928 -0.122217731342876 -0.203613347360934
-0.00456274149152547 -0.0211082652940678 0.175810707982187 -0.244019385290668
0.0192316246277864 -0.0113011007076746 0.412964714561841 0.127573673274749
0.0031017344299252 0.021537552395189 0.0852381340637251 0.500425726163937
-0.0185570869673067 0.00285615340389603 -0.250188772546735 0.273198482290899
-0.0148922952893437 -0.00659846977458005 0.0151161621015166 0.0434475274808343
0.000467627220467998 0.00935021064834552 0.219281185438259 -0.284052724915357
0.00905865260866753 0.00977062826862525 -0.19719493671639 -0.461339122295942
-0.00224663792082194 -0.00209818398502177 -0.474677800097482 0.0260497043493468
-0.0219914846271278 -0.00053921259640006 -0.102208205436601 0.357292435803213
-0.004530176913159 0.005618113051667 0.171463506210268 0.182221350532148
0.00534420698714941 0.00140588415431401 0.126533975850443 -0.0158866034923181
-0.00433110231682915 0.00805152509639244 -0.0117785469610908 -0.115028064889384
0.00130746760146993 -0.000274394090337793 0.0129881622142046 0.094382818131021
-0.0173678518673218 -0.00289968758028008 -0.0835153611858459 0.0169903934954514
-0.0149039293078659 -0.00820447035001595 -0.162422941320615 -0.161648052018525
-0.00513476475493392 -0.0205356017102133 0.0899363380076946 -0.298520758910327
0.0106257444187675 -0.0214567705109045 0.418862132823728 -0.0455818244766794
-0.00280744780629756 0.00667408458697797 0.235923002390152 0.405041793509068
-0.00995807024745909 -0.0176067509327304 -0.181296988063088 0.312490669698148
0.00574232598084252 -0.0258264046914942 -0.0116172261041042 0.0621809082819013
0.00686723761046137 -0.0144836535735232 0.269001527258169 -0.231637795806361
-0.00314376212135996 -0.00146480737500322 -0.0419710214918063 -0.536216525778206
0.000644122348471877 -0.005361793707511 -0.466053987832953 -0.160945181380338
-0.0160539201360602 -0.00777206498173009 -0.202114009394012 0.301362218090608
-0.018155727902459 0.0031871844712414 0.126774303672283 0.225945595914508
-0.00987623663621463 -0.00715834190327572 0.125606361108229 0.0206879238221585
-0.00821489795081284 -0.00293981473478392 -0.0125155200414941 -0.104284086520309
-0.00185447857943117 0.00112114495909947 0.0129167524535097 0.091273508082835
-0.018463329885591 -0.00385681642575929 -0.086318490835157 0.00944975998512451
-0.0165226324848218 -0.0131332921672119 -0.152826752476274 -0.171413086906035
-0.00640883442803113 -0.0230274878002253 0.114993817018418 -0.288987389501171
0.0120825701237584 -0.01778813717837 0.423947766462594 -0.00764568206825939
-0.00402839688575309 0.00933381683837783 0.202808584773013 0.428019899066476
-0.0081876986443026 -0.0194629822816149 -0.198485621271631 0.301296287698691
0.00994855327973379 -0.0265007734886215 -0.00406435806732247 0.0557980150253308
0.0080143051369912 -0.0150420152156397 0.258287835124268 -0.248764286335612
-0.00348647911102735 0.00157372493346289 -0.0834007320632938 -0.52507105377902
-0.000504314125548021 -0.00237573468952367 -0.471862676889672 -0.117248768322346
-0.0184110521250966 -0.00901663272955524 -0.175313118423552 0.318147068655889
-0.0195026745276903 4.58767914470609E-05 0.139423808935783 0.217649629987585
-0.00987029388789993 -0.00815907796447718 0.123175448755763 0.0124173936208297
-0.0113659435745028 -0.00110684622552112 -0.0130168773078585 -0.107746629795014
-0.00415552337292479 0.00350889571264122 0.0138073787779636 0.0886816268515006
-0.0182584045689159 -0.00473315534067329 -0.0876172815491786 0.00134649984654589
-0.0171502522014623 -0.0171998422139016 -0.143494641653501 -0.181260206259389
-0.00687052194794198 -0.0254459050271903 0.137943903752707 -0.277247240673426
0.0142018271099461 -0.0139631053419703 0.426638602673352 0.0319096652877197
-0.00391365831472848 0.0127184001906189 0.168283142632408 0.448530006718331
-0.00729702740049041 -0.0183096210640095 -0.216054610919592 0.29046311417351
0.0108892456519809 -0.0254524277627736 0.00286633879658088 0.0507560805663718
0.00742160287359213 -0.0123141761356294 0.245735653426636 -0.263101044562323
-0.00249327046793148 0.00570823672891387 -0.126445325418386 -0.509580259274988
-0.00110656712559389 -0.000281386794649979 -0.475464233690937 -0.0703807800176933
-0.0214731193114068 -0.0090940362764668 -0.146568540622225 0.333182548195192
-0.0195425944911143 -0.00219795233921647 0.15229468584838 0.207868884697106
-0.00871891692009704 -0.00734654533061276 0.121702229925731 0.00343492468989963
-0.0131259059795707 0.00168370357142453 -0.0128931936912382 -0.110338182910347
-0.0046676468426021 0.00496355486997192 0.0151684075727487 0.085537915644358
-0.0171745723886321 -0.00428469016721374 -0.088486122091883 -0.00577047345417751
-0.0153981533334961 -0.0198381535529286 -0.133133462666368 -0.189082856840458
-0.00664448771370415 -0.0267053102802466 0.158656289419757 -0.263375343701881
0.0160122111696073 -0.0105513876107938 0.423729119164827 0.0726313618497599
-0.00313231269726199 0.015775414839928 0.131301557188432 0.468017571200334
-0.00722555061224398 -0.0158829741962691 -0.231109183889423 0.279854682112091
0.00868399955526709 -0.0228080978317081 0.00910728162543202 0.0462704996748044
0.0060262680973239 -0.00829285866266934 0.23151915598872 -0.275661828249546
3.03015980721126E-05 0.00887791964953736 -0.16381413750895 -0.489637328908909
-0.00101742158333517 0.00138698658697385 -0.475171725850369 -0.0260985985240464
-0.0235837008805989 -0.00821684255413238 -0.120506142035556 0.344477131665857
-0.0183422106656797 -0.00292198809062756 0.162886914528482 0.197081923838597
-0.00682239311215253 -0.00625846246967873 0.120683851106687 -0.00514587849428535
-0.013509882386865 0.00417027886267813 -0.0127595090008562 -0.113336972313008
-0.00395947631361474 0.00647673284041596 0.0154571986208179 0.0840747754216644
-0.0145551864259648 -0.00346481547588473 -0.087538584570924 -0.0121726808668453
-0.0132491828506424 -0.0204861728058559 -0.12536998714903 -0.196305507362385
-0.00646248989147207 -0.0269513254999524 0.174398063789838 -0.249273401892538
0.0178781079986404 -0.00821690333788477 0.418050141017487 0.107834705655311
-0.00290418676184453 0.0187073635762385 0.0989073864611529 0.483520608046568
-0.00898577137304107 -0.0117014152420675 -0.244015331534248 0.271043079847758
0.00445399023499556 -0.0193823258394281 0.014376142325484 0.0424505162446214
0.00554423520183502 -0.00358884667394946 0.220473845360113 -0.284162040373353
0.00226517211051293 0.0113124422110191 -0.193104018815534 -0.469733708147206
-0.00160230131223192 0.00161371112814864 -0.470384440175187 0.00973147947640235
-0.0248203305897468 -0.00628550154329836 -0.0994630423727442 0.352744828785489
-0.0155184761793833 -0.00240520793558406 0.171278659769105 0.186942189906483
-0.00399251622251407 -0.00421849778355821 0.120821257594886 -0.0125398771350569
-0.0128701399586299 0.00650062749719918 -0.0126267370713785 -0.114969925444398
-0.00254349325218271 0.00705970350237888 0.0166545088672426 0.0831843488967707
-0.0116372608659703 -0.00132388696979865 -0.0857983145827665 -0.0153676597467866
-0.0101749151032721 -0.0182244174569744 -0.120007892213182 -0.201054889907884
-0.00579568238475406 -0.0261201670144696 0.182530323530976 -0.240426678032379
0.0187567000502556 -0.00741914471699789 0.413259340338985 0.128163685969232
-0.00113780345860842 0.0203119289437618 0.079619516932054 0.493522029766647
-0.0115979760530361 -0.00691478875897225 -0.251535814991442 0.266117835168563
-0.0012925265193012 -0.0149408045214107 0.0176173546346779 0.0406890705986483
0.00368088280703954 0.00136747298172054 0.213229228380695 -0.289341144754085
0.00525703255788272 0.0122757431959408 -0.209829921402159 -0.458316688508027
-0.00212833979610834 0.00115184068396678 -0.468921946529855 0.0326162511236631
-0.0253958616246503 -0.00434024937386495 -0.0877609652816266 0.357011698192127
-0.0122923909691814 -0.000406407164079029 0.175996638958925 0.180177939250067
-0.000627335525588054 -0.00248577390706926 0.121166429450927 -0.0174970745841677
-0.0109948478685933 0.00794118548151583 -0.0123100328591843 -0.116105833108884
0.000343218160224174 0.00737100861706977 0.0162955208117471 0.0830933796246622
-0.00841250847798494 0.00127342787138387 -0.0841993472807983 -0.0161079543556865
-0.0070324852000879 -0.0142962265197763 -0.118501670149449 -0.203203273714082
-0.00544153725679826 -0.0237792598587838 0.181780269662925 -0.238415144812138
0.0195806176367841 -0.00861586552293375 0.410427775769409 0.135593643952704
0.001008956434757 0.0219885944856337 0.0747892025377429 0.498736448532411
-0.0157305349713131 -0.00166942481809319 -0.253316013801845 0.266601573436418
-0.00840812562546853 -0.0105783534551606 0.0174193950069297 0.0408781287946791
0.00194530460509133 0.00597709991849001 0.212191164767364 -0.2887240573823
0.0075279194127548 0.0113486758955531 -0.211797571553378 -0.454229558633619
-0.00228205866433197 -0.000325420987682524 -0.469041294019038 0.0382204780947177
-0.0240588475417605 -0.00222319173371601 -0.0881301225480209 0.358312254594207
-0.00806502739112002 0.00210388414182327 0.175767288702295 0.178233380750476
0.00241244132251073 -0.000405092862138249 0.123063609690812 -0.0188655306587026
-0.00794320372536208 0.00839287229295441 -0.0122545027558382 -0.115899939675805
0.0037026065015641 0.00718708596192012 0.0168406539846619 0.0846839311294739
-0.00550060561549282 0.00358742995832901 -0.081694283305014 -0.0137517743057817
-0.00438538815966412 -0.00884435924430707 -0.123171015790048 -0.201636198379215
-0.00530242835038541 -0.020939878719733 0.173121919469818 -0.243474704868301
0.0192391255503062 -0.0114707774841371 0.411895329970756 0.124504094193923
0.00321710812654464 0.021423337609623 0.0876160898802086 0.497442612636466
-0.0188164490438739 0.00294954542288924 -0.247867183630897 0.272642435523674
-0.0150885012854111 -0.00683480540336263 0.0155070810199524 0.0434983535893383
8.56878590241739E-05 0.00955693572842829 0.217376972149412 -0.283557212716875
0.00934243292886531 0.00960006329933263 -0.198343513669158 -0.458845146661702
-0.00225250962707375 -0.00206206977999149 -0.472702250065149 0.0286493389924327
-0.0217656603232234 -0.000186260751827951 -0.0995621249509568 0.355876491448048
-0.0042643601703977 0.00589948668237368 0.171982074698804 0.180789008392608
0.00514798630810398 0.00155150953728144 0.125858516290769 -0.01597285007292
-0.00412089601934572 0.00802408967307477 -0.0125103996094602 -0.114666218783171
0.000920434948821263 -0.000648365243399401 0.0130084481781342 0.0941836582281502
-0.0178604825222789 -0.00297528601787096 -0.0830485999624543 0.0167399753637523
-0.0150402288717659 -0.00837617909191263 -0.162543900357485 -0.159734011438307
-0.00521472554632874 -0.020496945339488 0.0881091429864523 -0.297626526881526
0.0106523194787579 -0.0210585721226849 0.417419266893184 -0.0473667208579287
-0.00280983719763922 0.00719737824746009 0.237755774423073 0.401281133486093
-0.0107667210430138 -0.0177700171630318 -0.179426790928039 0.311341039245852
0.00566224304906803 -0.0256642746830113 -0.0112880956285001 0.0613334154530728
0.00655545073551701 -0.0147272105934588 0.26667328314803 -0.232279342185436
-0.00316650773111472 -0.00148450798621667 -0.0449431258945015 -0.533351720308087
0.000272705214956662 -0.0046830334336995 -0.464882212045682 -0.158053850978163
-0.0160335784709236 -0.0079055916331605 -0.200320686293541 0.301466381304797
-0.0183151466409782 0.00338302970813411 0.127460935863619 0.224837853578198
-0.0100924525748538 -0.0068447910185006 0.125166467989449 0.0201847266720737
-0.00871620222366427 -0.00205881657011496 -0.0131771909272456 -0.104049666320421
-0.00144754874793742 0.00108810821593797 0.0133343136023833 0.0905368602299124
-0.0186130327323584 -0.00399183684933527 -0.0861469480167684 0.00913436819694319
-0.0167974986871484 -0.0130138141145051 -0.153631552064653 -0.169289193224092
-0.00671734948109597 -0.0230826975792432 0.11302400530606 -0.2881354133158
0.0119876770586157 -0.0176857553651411 0.423129075123783 -0.00957351854036097
-0.00405449746133196 0.00965988654672022 0.204413758605973 0.423727378577214
-0.00844665718257023 -0.0193495577236916 -0.196275526902088 0.300805421893255
0.00935828448173932 -0.0264667702053748 -0.00380720021075091 0.0558013736648677
0.00781281406461369 -0.0155549823223813 0.25619263583052 -0.248303864588779
-0.00359751755602261 0.00186230455685606 -0.086751017904044 -0.523168289153912
-0.000496812047298795 -0.00190832529337764 -0.470110999060884 -0.114445885423951
-0.0188220506206201 -0.00864319271938013 -0.172159764712629 0.317464183965925
-0.0193478984358956 5.1630894373652E-05 0.141010602059889 0.216057822891046
-0.01043733205913 -0.00796771038119956 0.123451778859292 0.0117052381081104
-0.0113290152344792 -0.000588781594610779 -0.0136340146231132 -0.107293934078115
-0.00384696699236372 0.00329883398692974 0.014324818756958 0.0878416635913089
-0.0186178048312573 -0.0042376034094333 -0.0875376724290526 0.00120414835655793
-0.0169521668943238 -0.0173581717271888 -0.143992461666789 -0.178932165468376
-0.0072559625798061 -0.0253536302543391 0.136271045700303 -0.275770212906387
0.0143430277399348 -0.0138601837728713 0.424788501522595 0.0297523368783849
-0.00402552971432571 0.0128320745726072 0.169335116643906 0.445658952331433
-0.00745967403571778 -0.0186370690615805 -0.21394054528271 0.290113325936989
0.0104432573675933 -0.0257311594187935 0.00295819391640359 0.0504945473487486
0.00689297109121507 -0.0127070730538929 0.243177766717425 -0.262809332268588
-0.00235873109868713 0.00540467356748966 -0.127054931893689 -0.506955522235652
-0.00069814863543756 -6.05205167790879E-05 -0.474502285682523 -0.0688666648613633
-0.021591950790526 -0.00876249799273316 -0.143976905394874 0.332025675654547
-0.0194040128442429 -0.00164308513078284 0.152946052278353 0.206302049850883
-0.00949916209213882 -0.00748980969668206 0.121693739289793 0.00289367445472395
-0.0135880543825313 0.0020187885566568 -0.0131917964198499 -0.109849965916635
-0.00465965949326655 0.00498325871952396 0.0153220239923551 0.085005004381159
-0.0169824636164731 -0.0042275394066794 -0.088062160449772 -0.00621546308240023
-0.01608444560489 -0.0200331075369373 -0.134363530448477 -0.186944563122492
-0.00729620575122588 -0.0266693300087619 0.156735413554033 -0.262890074661881
0.0158498747174688 -0.0106828760443928 0.423072263209732 0.0701308064267539
-0.00348433774757944 0.0159508674615141 0.132652919638097 0.466021293159127
-0.00766194721799258 -0.0156072471341432 -0.228887741156674 0.27869557719678
0.00815745047404522 -0.0230943497979012 0.00943890155285746 0.0455509963871004
0.00613832195991 -0.00855793949862697 0.229994107921786 -0.275456995614844
-0.000138882786721105 0.00870084595922217 -0.165448313727349 -0.487208826218982
-0.00121970536904316 0.00136272854611059 -0.474014568603247 -0.0248626790935255
-0.0236970442926599 -0.00822059768210298 -0.117967344130649 0.343222446519207
-0.0179985478888057 -0.00279084998182538 0.163605363921172 0.195949517599704
-0.00697689283727252 -0.00616695514733025 0.120688587852572 -0.00584390312556015
-0.0139706645709868 0.00440440620612983 -0.0133308639532032 -0.11257655021105
-0.00441873841219776 0.00627092332443837 0.015464835007941 0.0834402930160867
-0.0147543698367815 -0.00268512672831477 -0.087234587993429 -0.0122532481064154
-0.0131931634897514 -0.0202577237300428 -0.126029457328037 -0.19456897453409
-0.00661201272718858 -0.0266966134080207 0.172606296677318 -0.249510421326105
0.0176857929186655 -0.00823515734934839 0.417395660268763 0.104984451688984
-0.00261110397086356 0.0186820126000017 0.100472736028042 0.480716234331291
-0.00924239502287742 -0.0118959609850461 -0.242398545696391 0.269553848454
0.00420584825595041 -0.0191835151395036 0.0146173224705537 0.0422034450715266
0.00509434350374615 -0.00373696642236318 0.218277819894974 -0.283709436701049
0.00274218851540109 0.0110352861244125 -0.193821516904999 -0.468059617388559
-0.00167788569206312 0.00214375456832736 -0.469604572110468 0.0123149357376003
-0.0250080312097752 -0.00638561023174453 -0.0973864902302497 0.351658420190398
-0.0155283103106425 -0.00218371434079694 0.171994572099414 0.184970094929106
-0.00395437911665321 -0.00415583814827815 0.120501590898719 -0.0134384752197705
-0.0131349343610852 0.00697484049980538 -0.0131758806929217 -0.114527832954612
-0.00245925541799982 0.00756240863263263 0.0162576916172567 0.082441220910794
-0.0120989003252405 -0.00105357797493889 -0.0862528693177817 -0.0156140078635519
-0.0105621529496565 -0.0182579833018154 -0.121355479872889 -0.199082754496332
-0.00624772317023187 -0.0256277858052186 0.180374415889431 -0.240380084543853
0.0190389028946761 -0.00773304033305156 0.412568501989629 0.127627676247266
-0.000923019264920409 0.0208022100626392 0.081424484655699 0.490824187721393
-0.0121782808303041 -0.00706749488572651 -0.248633245317585 0.265708465049664
-0.00161231320804561 -0.0150087558085496 0.017389240975437 0.0404051724990235
0.00359840377796396 0.00107722874092228 0.2109848649503 -0.28838847310851
0.00562280013212567 0.0116814044559049 -0.21065446430301 -0.456042300366801
-0.00177092793707983 0.00117360015899681 -0.467430918500266 0.0352793887951825
-0.0255655019387033 -0.0040999123578547 -0.0863059980753062 0.356780309592387
-0.0117029146798896 -0.000726555776938542 0.176490973990215 0.178643479832773
-0.001393342868696 -0.00254431136363134 0.12149056582818 -0.018031981648681
-0.0109430499992183 0.00811823465521025 -0.013120088519445 -0.115347855765125
0.000228877615031537 0.00755315262630287 0.0164355248193616 0.0829987019503926
-0.00864279238659486 0.00201203777116196 -0.0837483660479278 -0.0158704016613676
-0.0074132217363311 -0.0144438749836885 -0.119980569995599 -0.201541581924983
-0.00566054623182262 -0.0236401345118318 0.17995953515139 -0.23834630129693
0.0192958912428927 -0.00891012569897388 0.409876190161447 0.13356458253479
0.00128269948586092 0.0217739499906563 0.0771239996607372 0.49556074078428
-0.0155568922142479 -0.00153932826459854 -0.250624406511212 0.265888893385886
-0.00841830998830089 -0.0104366464634384 0.0178019172376899 0.0405863408883494
0.00188552289388917 0.00593427120605676 0.209645889630127 -0.287978282922573
0.00737307315832387 0.0113335078638552 -0.212838014557209 -0.451151742677955
-0.00224234489903728 0.000216783049069089 -0.467002044635755 0.0412787848073796
-0.0239933078246865 -0.00194338577679085 -0.0857113156123799 0.35750314110274
-0.00787971641546145 0.00238353717776499 0.176034386732066 0.176201591942061
0.00200235423985052 -0.000836848495327076 0.12311762324321 -0.0190584228023669
-0.00807525312145223 0.00877266077164685 -0.0131616352622514 -0.115231017505451
0.00346335875150558 0.0069132460527164 0.0171259283462158 0.0841328984781827
-0.00544394995240338 0.00440350693751936 -0.0816345879756548 -0.0134776044331385
-0.00482078608782198 -0.00900879886319284 -0.123584274605492 -0.19999712885164
-0.00507882452997353 -0.020825581008538 0.172080554027272 -0.243867663395529
0.0197018210526035 -0.0118061155140886 0.410986447871518 0.122692791300214
0.00315364019650021 0.0215622683623719 0.0906791709183922 0.49439901292994
-0.0189392447711527 0.00317047563310904 -0.245769103029201 0.272035985691696
-0.014758896068092 -0.0069518517728516 0.0154214576521886 0.0433713132097315
-3.3441647736757E-05 0.00932341399002776 0.215201771217122 -0.284104584869405
0.0091530623862677 0.00903838529157487 -0.201727651386941 -0.455468548544083
-0.00210340273953881 -0.00153890642467868 -0.470036168807316 0.030766039463917
-0.021884178261368 -0.00026816802912312 -0.0975300964317249 0.355395480831134
-0.00442039213596681 0.00555850388261913 0.172669538514331 0.178781237808281
0.00487838048775628 0.00140854338671708 0.126046791002982 -0.0166978552145179
-0.00418028415649817 0.00842279102123757 -0.0128603002650198 -0.113723716783216
0.000849145430448385 -0.000188050601455913 0.0132780176555672 0.0935094863114562
-0.0182137787514303 -0.00246734595680263 -0.0834072887969339 0.0165822565870339
-0.0157158691606507 -0.00800460344793547 -0.163104026109276 -0.158424445916567
-0.00576930284890169 -0.0206861739381039 0.0866495293630683 -0.297410188833022
0.0103269850467711 -0.0211683722981812 0.415283239587997 -0.0494474258479885
-0.002998170166788 0.00739568687584859 0.237902835235685 0.399181574924676
-0.0111820074047107 -0.0175942551692699 -0.1775457403447 0.310824954388131
0.00527434785708384 -0.0257769029401063 -0.0111323023001217 0.0616240333686812
0.00627324759079473 -0.0148668581142721 0.264724896898994 -0.232426467340634
-0.00322422914629345 -0.00173614236491003 -0.0465608610444885 -0.533166534694274
0.000481692640142526 -0.00466919897572604 -0.463296388319325 -0.155123608999987
-0.0158472022250131 -0.00740477029535125 -0.197830628955822 0.301091429567149
-0.0182289516595813 0.00347526576670338 0.128871784295365 0.223228970343285
-0.0106273470806667 -0.00687485733100462 0.125445115249187 0.0194298844005002
-0.00864710103789623 -0.00157875232027339 -0.0133556620924433 -0.103808471151838
-0.00197419841535061 0.00111321383242083 0.0139357414367667 0.0902305675004176
-0.019151138591996 -0.00356410414795642 -0.0863567285037592 0.00867036499567503
-0.0172184073366672 -0.0128096488937305 -0.153844418959805 -0.168473633266618
-0.00708647732286651 -0.0229321005599519 0.111108882830871 -0.287935236839391
0.011855770672394 -0.01743688535698 0.421606555400816 -0.012041828335958
-0.00414140722703973 0.00997771635299921 0.205674059726961 0.420515199143155
-0.00878190674318534 -0.0195266953687279 -0.194134414928828 0.300476341271664
0.00929095361622536 -0.0270513952715064 -0.00360442830640321 0.0557582512890535
0.00750210479136646 -0.0154893847787109 0.253950668451515 -0.248216071074646
-0.00345729068426964 0.00168970089039906 -0.0894069487734596 -0.521012033353923
-0.00035851890544146 -0.00190139219614654 -0.468866438050956 -0.11202368464713
-0.0187229398539405 -0.00834435803055605 -0.170224718931751 0.317231035848971
-0.0194792838341866 0.000159549571892239 0.141569618317655 0.214839533597304
-0.0105062374206767 -0.00771662988287629 0.123651147992474 0.0114020035037566
-0.0115599029388591 -0.00010978727056228 -0.0141227834428473 -0.106570641697064
-0.00396854166094492 0.00284646729185218 0.0143612648571557 0.0874053560039627
-0.0188135310140677 -0.0040976672948218 -0.087966154657625 0.00118982811491967
-0.0176314018305816 -0.016913898958962 -0.144667843698324 -0.177654445917973
-0.00768574800952475 -0.0253779998209185 0.134976553510968 -0.276546309451857
0.014177987669708 -0.0139255659422886 0.423380946358797 0.0271915075545275
-0.0036310160140761 0.0131110099311455 0.170519476403531 0.442567262505486
-0.00755780145599385 -0.018880996972362 -0.212312508701409 0.289401329620405
0.00997734724599141 -0.02587414085725 0.0028389180813861 0.0506145221283986
0.00710578080242286 -0.0126781733305203 0.240628363772677 -0.262932799029256
-0.00239288358880145 0.00520830022468212 -0.129932950645511 -0.504313252581909
-0.000804488216231722 3.85658691026778E-05 -0.473685470120219 -0.0654883086272759
-0.0212960190465728 -0.00833032137420242 -0.142258411135626 0.331197285004177
-0.0191129421196145 -0.00234844841589351 0.153745131597018 0.204307151367802
-0.0093771642017753 -0.00731627244750036 0.122127432390048 0.00220633315092342
-0.0131597471297868 0.00199491947514975 -0.0140507998540714 -0.109205785122861
-0.00479228582015508 0.0050132490862027 0.015290550921989 0.0847244492634609
-0.0173669826525935 -0.00400845083948842 -0.0883807685530156 -0.00593799961641436
-0.0162120727643897 -0.0199920075932203 -0.134992248628521 -0.185689341095594
-0.00757111877797288 -0.0267349792213913 0.155358868399512 -0.262395453039517
0.0163944980143315 -0.0105855868075714 0.4209359737076 0.0677102869613934
-0.003521268240137 0.0162291003390756 0.13458869514198 0.463639157879043
-0.00792383865849021 -0.0157883673718895 -0.226925519611009 0.278319886267111
0.00862425415738004 -0.0231259994730243 0.00961645184273796 0.0456647483889713
0.00649466601540487 -0.00884739630321047 0.227341336712424 -0.274983105445763
-0.000104937467398786 0.00870518201782006 -0.167779407256264 -0.485336083091125
-0.00129668762453245 0.0019204158976105 -0.472468885045175 -0.0222699159833932
-0.0238683743114176 -0.00751857132292355 -0.11608583726681 0.343388398068301
-0.0183773965001833 -0.00242049587496564 0.164739819421148 0.193853802221277
-0.00771432224874669 -0.00602696979202585 0.120982650868862 -0.00592156558376326
-0.0140418240902045 0.00454879943939712 -0.0140599079522625 -0.111978241873252
-0.00451776251846095 0.00626933626919164 0.0157196568688454 0.083002963304982
-0.0151619557685663 -0.00281489126961266 -0.0878065019674559 -0.0119894518280173
-0.0138402486773145 -0.0201443746919619 -0.12683801668757 -0.192963531907122
-0.00699387194470357 -0.0272101098103285 0.170218328444665 -0.249120890072454
0.0177724005948051 -0.00828513020728246 0.415867198346715 0.102442902904884
-0.00251438989225934 0.0189034551290447 0.101879562482788 0.480855647106602
-0.00931591969912883 -0.0120509572748581 -0.240115726597896 0.270134036436776
0.00412089879772508 -0.019204625495766 0.0147131191770021 0.0416743547456716
0.00519175461806672 -0.00424932213971928 0.216395325573379 -0.283875678883405
0.002745638571445 0.0106728057532663 -0.195512859085569 -0.466301342790783
-0.00167320919381934 0.00213914526158647 -0.467826767964393 0.0133006265474547
-0.0250928449247424 -0.00607918593358662 -0.0944253661948714 0.351026759124336
-0.0154895222199042 -0.0017602498474404 0.172783577996286 0.183962474818401
-0.00442619295552509 -0.00426480963730588 0.12055536629745 -0.0137828645150736
-0.0132745991878377 0.0070200217001044 -0.0134685420651697 -0.11412315920449
-0.00302917141458515 0.00724060131993574 0.0167444854628882 0.0824306846051917
-0.0121922968653567 -0.000505727468236692 -0.0863074279473145 -0.0154276349283808
-0.0110464396206948 -0.0181740517768197 -0.122487616815556 -0.19784075766502
-0.00649821513957417 -0.025672511041127 0.178532501751601 -0.24060338403796
0.0189949823044368 -0.0073590810588405 0.413150011517881 0.124889801444859
-0.00108156638495444 0.0208266177831056 0.0820694920720783 0.488633747059128
-0.0125564238368685 -0.00710820053882632 -0.247287553706654 0.26514740513484
-0.00192057305306553 -0.0147901009331354 0.0177035872397052 0.040055349870861
0.00382689444843569 0.00102757119511269 0.209242841664653 -0.28908764208248
0.00503986184774919 0.0113019768747508 -0.212802179365871 -0.451950481241883
-0.00202076420777551 0.00161249891244429 -0.466300567672763 0.0371065374253739
-0.0250024336574683 -0.00375622614522535 -0.0834570400612715 0.355697469324766
-0.0118123426160209 -0.000483777978836976 0.176889185473219 0.176769564882775
-0.00142093289720556 -0.00237040230032277 0.121151510257917 -0.0182395690331838
-0.0109800865094736 0.00865512226697433 -0.0138193629772441 -0.115113642019134
-8.7124129384465E-05 0.00753441394858405 0.0164792382079928 0.0825534243180502
-0.00886752360115294 0.00168329090623226 -0.083936883260834 -0.0158436175207733
-0.00804758459945586 -0.0138575917916912 -0.12084374774232 -0.199934533109969
-0.0062470732476363 -0.0237147475966526 0.178082954071037 -0.238349306304145
0.0195995230011498 -0.00874049551595139 0.408718697486093 0.131102944920414
0.00111137795912025 0.0221406894709982 0.0790046530388077 0.493017169291565
-0.0160933433904674 -0.00159082357438849 -0.248545100329807 0.265624911369013
-0.00872082003812354 -0.0107788061556842 0.0180145989866499 0.0404922108879955
0.00228735960906103 0.00581479484220143 0.207827649226112 -0.287826306896833
0.00791925932150379 0.0109527844589471 -0.214274595541324 -0.448337689870759
-0.00171459342828511 0.000129952746284868 -0.465312565722581 0.042278058689047
-0.0241644532815615 -0.00215020781097596 -0.0836181999540922 0.35610243570906
-0.00818391805773963 0.00209270385785582 0.177269715934764 0.175019935699334
0.00202580547854995 -0.000372530710114727 0.123097350517166 -0.0199927393492132
-0.00785054036177169 0.0096227138644398 -0.0135732195298544 -0.115077976660004
0.00363993432664509 0.00686743416258453 0.017138965144698 0.0836700613270852
-0.00609610135471767 0.00429892463063449 -0.0819256991203375 -0.0132659688074227
-0.00482604933247311 -0.00877368990363596 -0.12485490598668 -0.198537416795886
-0.00567057094690337 -0.0209022286518226 0.169408234155504 -0.243141757646395
0.0190111171943015 -0.0119560124725764 0.410221393800527 0.119962387402221
0.00330002356931617 0.0217323899731922 0.0924647985230485 0.492047120386051
-0.0191913020022138 0.00304318587009031 -0.243705119968793 0.272703964890805
-0.015562300683838 -0.00697391420657307 0.015517897367849 0.0429587183340474
5.68965169999713E-05 0.00888966070854566 0.213105403180408 -0.283389496002511
0.00902336683148545 0.00934673900189343 -0.20254262884138 -0.45398466283545
-0.00233824279731169 -0.00229184272284962 -0.468723701422576 0.0326663308510273
-0.0219074234798043 0.000421575917437493 -0.0956485366086619 0.354729752957517
-0.00449573237937605 0.00549985659702821 0.173055403691863 0.177897440840364
0.00452060740725185 0.00138280526791195 0.125900412754263 -0.0172731265230516
-0.00429885576554499 0.00872601390114355 -0.0136089978943431 -0.113718333784414
0.0010342868832523 -0.000722069234934909 0.0138428887995732 0.0929480805975265
-0.018208944834208 -0.00197190195732147 -0.0834264292559205 0.0162003588421901
-0.0159669919230177 -0.00777961130173157 -0.163544820749734 -0.157000749640497
-0.00605168596108411 -0.0209111932245111 0.0846403167384363 -0.297148002701625
0.0100869403312767 -0.0212119665470802 0.414284471896314 -0.0512509285346805
-0.00289682317820761 0.00784736812093033 0.238823229203973 0.396614580021216
-0.0109427279481982 -0.0179061318763751 -0.175459339052019 0.310137917491577
0.00488713001869989 -0.0258742850687414 -0.0107878480678459 0.0606005902253122
0.00631523462655093 -0.0150625435667458 0.263015500954122 -0.233428768680642
-0.00314213253894671 -0.00177721455832519 -0.049076400371012 -0.530307841664642
0.000657077216313062 -0.00449367556664985 -0.462909600174898 -0.153038892864763
-0.016039207781912 -0.00725300006244834 -0.195581031950593 0.301398732564866
-0.0181595577435734 0.00349651115889959 0.130179968897195 0.221930208257213
-0.0110893105494707 -0.00681081809492414 0.125920121737585 0.0192161049806877
-0.0089196851257142 -0.00165652806961117 -0.0138962857122162 -0.103411891243648
-0.00191092188854434 0.000766443842187227 0.0141932362785076 0.0899762161553739
-0.0191577544913135 -0.00295638009724259 -0.0863061901400191 0.00852787362663439
-0.017757327166004 -0.0127967605692161 -0.154903594152284 -0.166708347736759
-0.0074424767673317 -0.0231721620057197 0.109529528602923 -0.287304999354323
0.012073255079369 -0.0175267723042145 0.421150128457547 -0.0142780084959714
-0.00432402253799729 0.0100550921232396 0.206978237747472 0.4182836944986
-0.00859962672232562 -0.0195978173738648 -0.192427730204356 0.300380861696156
0.008720353244277 -0.0268995493451657 -0.0032445400134245 0.0554979597796731
0.00725650585869551 -0.0154064073616703 0.251987874406532 -0.248013237459144
-0.0033227284728223 0.00131370037984097 -0.0918749819007719 -0.518469133756158
-0.000452699217731878 -0.00179602162515561 -0.468982354434476 -0.110047356208912
-0.0187844218377906 -0.00825335063083231 -0.167946483751143 0.317242193199729
-0.0196093042262737 0.000195533127592115 0.142815574366442 0.213519369033189
-0.0109504622499124 -0.00769199207058081 0.123802446795157 0.0110699628832552
-0.0115069821857571 9.03475606183709E-05 -0.0146851892225626 -0.106493529680486
-0.00387494658930928 0.00316691707356546 0.0145952970835838 0.0870225020525592
-0.0189659043851687 -0.00341113986586446 -0.0876545441620259 0.000975472142496846
-0.0181768702754045 -0.0166817086719299 -0.145179356624125 -0.176641034775318
-0.00769863714234077 -0.0253918369942505 0.132693128242746 -0.275613580675569
0.0140021313837029 -0.0141585353773215 0.423573383008605 0.0248965012555294
-0.00392794121779735 0.0131665998749048 0.173216756826988 0.439736702563703
-0.00879264869575084 -0.0183836069501453 -0.209833520801662 0.288890858428659
0.00975730830885763 -0.0256983505645049 0.003117827177906 0.0499086225008577
0.00708546415532391 -0.0128829778005682 0.238909677601102 -0.263080591872699
-0.00251947641002393 0.00466594197304341 -0.131978060370579 -0.502148518550061
-0.00077340826402438 0.000405591057204625 -0.471953090149442 -0.0629758059718658
-0.0214797347965133 -0.00813495154163097 -0.140102802396155 0.331253660301163
-0.0195121263742474 -0.00221787883495395 0.154820569268035 0.203812479647065
-0.0101639708209117 -0.00733543798219067 0.121807995559044 0.00172601285559239
-0.0136471867519811 0.00264260601404709 -0.0144214611560779 -0.109079137119728
-0.00466020597246348 0.0051743283692296 0.0155301105697342 0.0845121532128304
-0.0176491874984434 -0.00376610561856974 -0.0887105666827746 -0.00568617368140663
-0.0167832907453164 -0.0194610189818822 -0.135735610751087 -0.184652066424826
-0.00762415272532537 -0.0261650610251271 0.153408870407914 -0.262158605008413
0.016039171987451 -0.0106764426362164 0.420635455146176 0.0651461339769112
-0.0033243745090754 0.016260818609553 0.137090208609276 0.45989467118693
-0.00843043825593714 -0.0158299229845294 -0.225431968625161 0.278894143088989
0.00778861583719707 -0.0233316016281027 0.00921431472046334 0.0454037011077887
0.00630743037072108 -0.00884909468205167 0.225551295968357 -0.275523309644131
-0.000288029626863553 0.00860223739180582 -0.169360763567507 -0.484298281715971
-0.00134240531670015 0.0017740197582888 -0.471316372342845 -0.0202838683574014
-0.0235769668548545 -0.00738724517449108 -0.113529499863139 0.342561618268517
-0.0181110884403011 -0.00280707916228119 0.165423007025198 0.192794615070578
-0.00803798461257728 -0.00623791481452348 0.121290620918773 -0.00645886718163478
-0.0143907922263118 0.00527556035612997 -0.0147349874315348 -0.111749409317192
-0.00476804866505998 0.00650653174284053 0.0161364989860352 0.0826731103853261
-0.0149781317838923 -0.00260463209384889 -0.0878772455217342 -0.0119160848476029
-0.0143387754559184 -0.0196339184815519 -0.127993757220622 -0.191813076140689
-0.00707658532039272 -0.0264722541460515 0.169060381522828 -0.249338435205591
0.0175280058379574 -0.00823237825898828 0.415652207768512 0.100609448315635
-0.00259898242151908 0.0188518167797112 0.103029713110829 0.477057228176555
-0.00945316295594179 -0.0117174944465394 -0.238441798510661 0.269899012028828
0.00359940195173152 -0.0192493996587684 0.0148070957136425 0.0417641455060876
0.00509432698997245 -0.00420570014633974 0.214554062193893 -0.28407602228286
0.00223197624370737 0.0106418606246347 -0.197180082465629 -0.464002027074694
-0.00146486688801928 0.00182006538221985 -0.466416458067475 0.017347345785093
-0.0249539715282007 -0.0057471669159787 -0.0925036756235413 0.350698909724447
-0.0155731224994602 -0.00207754206565356 0.173376645284338 0.182455236905822
-0.00510042695124233 -0.00429726545414606 0.120106141417495 -0.0137862651887611
-0.0130656409330185 0.00729536027790555 -0.0143241819389282 -0.113680091654362
-0.00299258352725888 0.00727459933151162 0.0170969423091624 0.0816232793524091
-0.0117490119323639 -0.000228683643232823 -0.0860897939199012 -0.0155235120975069
-0.0112433973134832 -0.0177616845539058 -0.122616100931614 -0.196138492105912
-0.00667767755648898 -0.0253211776601847 0.176433127859365 -0.240592329954575
0.01903235813348 -0.00758585060423825 0.410225455691658 0.12208999780657
-0.00065149804199134 0.0211133878717336 0.084868102475218 0.486133321123227
-0.0126880856452474 -0.00703556977598421 -0.245156337430891 0.265655158124413
-0.00179527099985901 -0.0150739394246815 0.0176341320820474 0.0397640994041172
0.00346689104759557 0.000990077306903737 0.207797837360622 -0.288375088921097
0.00533152820044722 0.0116698242246852 -0.214046972697131 -0.453304293959656
-0.00194087798412134 0.00136464192678142 -0.464809011874393 0.0392851105163625
-0.0252858343397009 -0.0033979137172036 -0.081449468520004 0.355053590758537
-0.0116640145871038 -0.000541715697010276 0.177661106087885 0.175691727646512
-0.00198052828213258 -0.00246401552095313 0.121032790980287 -0.0186909134691712
-0.011263148531336 0.00878256001037532 -0.0144654706641162 -0.114753484271371
-5.27326616964596E-05 0.00748017127509401 0.0170156569669647 0.0819550611299702
-0.00908900636219277 0.0021072953959096 -0.0842337866019483 -0.0156936164576613
-0.008069990451527 -0.0139963546858205 -0.12166260753284 -0.198789198009633
-0.00658408599382656 -0.0231590303325056 0.17640287091865 -0.238348641435406
0.0199211788499829 -0.00886824988236869 0.408212490648908 0.128943123802313
0.00137151196312097 0.0223852875381431 0.0812450031931616 0.490490117503698
-0.0162560147630579 -0.00173578385438264 -0.246724461942378 0.265957085284772
-0.00899782948487892 -0.0108039261276351 0.0178222183059667 0.0397934094053583
0.00185443735129987 0.00531795804328172 0.206618759301535 -0.288147700806833
0.00784975525295903 0.0107763739853524 -0.215326069085658 -0.445825511851829
-0.00206489405186937 0.000411786289056333 -0.46406426697685 0.0442420185963286
-0.0238696532543423 -0.00138520904884978 -0.0812193910059848 0.356148667450248
-0.00793512798474087 0.00198082529719567 0.177641994949476 0.173749363867971
0.0015507143826957 -0.00021332339442472 0.123147396140092 -0.0198852600772731
-0.00778649884754529 0.00952837406014724 -0.014198154704146 -0.114595532210007
0.00311976038559154 0.00668483053669822 0.0176101570127753 0.0829533580477704
-0.00586606890164283 0.00475355698157782 -0.0822881851124382 -0.0134680971833352
-0.00529018238891962 -0.00854853661533648 -0.125855682460892 -0.197469672099683
-0.00602295154674238 -0.0207698683327362 0.167644292476664 -0.24359382189093
0.0190966463006478 -0.0118842118159105 0.409229824891482 0.117585124179673
0.00324633153908605 0.0216639266521735 0.0953049545934536 0.488747567035574
-0.0195885358250516 0.00279007228575062 -0.241913430093233 0.27179633705315
-0.0153091727695136 -0.00685684182569126 0.0156524078953108 0.0423976609900012
8.36598726262731E-06 0.00895195515567048 0.211084750653028 -0.283834834198772
0.00914015091917774 0.00892485141905746 -0.204839816954204 -0.452197219269411
-0.00188714010612754 -0.00179948307329489 -0.468114028903261 0.0348308400938
-0.0219965156846818 0.000545524523701919 -0.0932597828312216 0.354402401893032
-0.00454578741203947 0.00513609221013685 0.17442110504235 0.176121423958653
0.00408979517282056 0.00158339224136829 0.125957141054937 -0.0178993233279272
-0.00448468804892422 0.00894700094224058 -0.0141971725537677 -0.112944506974406
0.000647585492252721 -0.000804763887864833 0.014069311224579 0.0927243183277475
-0.018507228439545 -0.001322675400993 -0.0836046775559406 0.0160677037880692
-0.0166879802080091 -0.00787295442232808 -0.164678868298787 -0.156485442186946
-0.00619285244189672 -0.0205116259470824 0.0833178968134141 -0.297336706185082
0.0101251380953001 -0.0211078255483062 0.414503018974779 -0.0534125714331786
-0.00264223031277089 0.00812634691160199 0.240472657983801 0.394144148276074
-0.0113272141657702 -0.0175432629567096 -0.174601424164503 0.309874712537857
0.00453284517722371 -0.0259850580217008 -0.0103434884430645 0.0606712644215209
0.00618876826879143 -0.0153296348311864 0.262362143585461 -0.232808502184623
-0.00279416087619073 -0.00176037063082938 -0.0509202422268088 -0.530564980690724
0.000517015506934983 -0.00407697830927629 -0.463019975146086 -0.151412669593077
-0.0164818320599043 -0.00682434818666272 -0.194202508489025 0.30305199637648
-0.0180737739412591 0.00365147003056082 0.131204061743333 0.221756397622544
-0.0114260381757938 -0.00693527386602639 0.126453789780434 0.01849512402922
-0.00909692906474115 -0.000978652171256681 -0.0141031442456276 -0.102755507544863
-0.00181526213293699 0.00105579306230911 0.0143258955685066 0.0903188651464966
-0.0192308952924014 -0.00268288417581225 -0.0865769650830799 0.00883156525642677
-0.0180565186045374 -0.0124279942569222 -0.155798499924884 -0.166198157506649
-0.00762715956337931 -0.0225949815140618 0.10804038523413 -0.28732312093481
0.0118861990540164 -0.0176239015839389 0.420244726799173 -0.0162246048907554
-0.00399855573744056 0.0101411139884061 0.208859702266353 0.41741078908413
-0.00921236383684104 -0.0191989527183272 -0.191804636978698 0.299650241010395
0.00853608326937355 -0.0268211263196944 -0.00340807187708727 0.0559601570663294
0.00704279052594863 -0.0153142543636884 0.251041550745832 -0.249463812284133
-0.00339589084677983 0.00125869545748791 -0.0930217784952151 -0.518727822266459
0.000123297517645892 -0.00171063544496264 -0.469370931565382 -0.109497793354767
-0.0184637177318265 -0.00827387569146218 -0.16699314446868 0.317901144916448
-0.018852220067712 0.000296087399287262 0.143277919880456 0.212554116408027
-0.0112004215010947 -0.00803277885451583 0.124309476306177 0.0107341630063477
-0.0123211924306819 0.000508567673806771 -0.0147388781200594 -0.105548562375465
-0.00404351013078552 0.00308855029351025 0.0150551800831952 0.0869459577831313
-0.0193727350733781 -0.00333605800203599 -0.0881998384158764 0.00114796205561812
-0.0183751408560457 -0.0161548773240479 -0.146765104657108 -0.175457596325222
-0.00817391075938 -0.024979650642685 0.131312123594304 -0.27626818560807
0.0135896312937333 -0.0137100965527206 0.423958253672653 0.0242888228249366
-0.00392206619373671 0.0134912782422741 0.173365235915003 0.438953603913946
-0.00835230527121905 -0.0185584056653852 -0.209179434582022 0.289030088170548
0.00976096665853975 -0.0261095687613812 0.00358116034105386 0.049694701740909
0.00669236460133956 -0.0134709298518956 0.237937634646808 -0.2635274767961
-0.00203256986810516 0.00504474773070016 -0.134274051705034 -0.502456627731886
-0.000768652165221106 0.000206967164981264 -0.471328226455384 -0.0622803826035632
-0.0218449370942068 -0.00787337172886116 -0.138375016994463 0.332244557211473
-0.0190292419275303 -0.00201646325376825 0.156071707551225 0.202066129911683
-0.0102182730105662 -0.00737812868769708 0.122058159741189 0.00127963456322349
-0.0136418780915823 0.00282965758778512 -0.0147879418370548 -0.109085629175345
-0.00494064292282015 0.0047267412306937 0.0161547536706514 0.0842903685376982
-0.0179394141597921 -0.00295226543046068 -0.088375514261296 -0.00591211459086606
-0.0171446856098186 -0.0197233251775283 -0.137092666786887 -0.184175933872585
-0.00811287158457796 -0.0268507518585372 0.152395428423479 -0.262778442042006
0.0161291936395261 -0.0106382066870901 0.420358425285345 0.0643187451446061
-0.00354939099806695 0.0168513095042041 0.138400974641394 0.459796466928316
-0.00869977533741856 -0.0156648283861953 -0.224093710273038 0.279082857258858
0.00771760785711282 -0.0234170238232182 0.00968112746294917 0.0452249001344431
0.00611839054318393 -0.00962751846210692 0.224897244680069 -0.274930453683389
-0.000600828113992808 0.00880238294670372 -0.17150728051992 -0.481171066948386
-0.000729961222860576 0.00198055974236258 -0.471104879367055 -0.0187147924827491
-0.0238277041989669 -0.00733411345045103 -0.111944246442832 0.34312576895705
-0.01788227502598 -0.00275262898109131 0.166475539958018 0.191859867056963
-0.00848620916421725 -0.0057599240514553 0.121652857296087 -0.00729465048012543
-0.0142599696190674 0.0056947252743028 -0.0149979850424404 -0.111399886741315
-0.00454633360603936 0.00646084758756397 0.0164826416356159 0.0824652940136914
-0.0156865785376957 -0.00174927578043182 -0.0889183250746701 -0.0123646699232977
-0.0147504320209103 -0.0197088939500129 -0.128368480058739 -0.190815558524568
-0.00721167376045064 -0.0268152967083727 0.167380888575112 -0.249146318755644
0.0175733678316852 -0.00839002571428097 0.416210671403365 0.0982654908516815
-0.00239940807578259 0.0195533356419083 0.105286806693329 0.475895076905458
-0.0103134631060772 -0.012012090812748 -0.237206153427569 0.270124025346592
0.00366168585831151 -0.0197537489180548 0.0144788695884778 0.0416705167542552
0.00500432691831627 -0.0042590139718042 0.212839606060567 -0.284714215654693
0.00316225417341644 0.0106781661517979 -0.199043188019606 -0.464519619888095
-0.00168702303685176 0.00211470970952564 -0.467707287049146 0.0189366610294495
-0.025047974169461 -0.00564180663095695 -0.0910909811599401 0.351089367519467
-0.0153700431782241 -0.00230770495794062 0.174513321779035 0.181971589504139
-0.00556344117668668 -0.00440195477116702 0.120677690939065 -0.0149175711725969
-0.013178977508127 0.007764604946218 -0.0148661991984216 -0.113162993045156
-0.00299779812317434 0.00750583354461271 0.0168420846519102 0.0814540825154675
-0.0124018172753703 -0.000342807080924763 -0.0868091738637928 -0.0152530950312086
-0.0112981031215816 -0.0175530622064137 -0.123918289102314 -0.19554323617832
-0.00707316840771304 -0.0252695799745048 0.175451070425547 -0.241780477801548
0.0190478886056392 -0.00760897873310687 0.411787634194347 0.120105266912068
-0.000345535611929694 0.0212226926907043 0.0862874308741474 0.485774563657895
-0.0126627556459189 -0.00651444933504069 -0.243731612430671 0.265745585055836
-0.00223575678571749 -0.0152986963961127 0.0179846400841731 0.0395154327179993
0.00362526844193012 0.000877729328886811 0.206067843713262 -0.289273464910784
0.00559985120733311 0.0107259275228578 -0.215376049565478 -0.449832393780606
-0.00165863448718837 0.00179821348184198 -0.464521179516821 0.0411989011789035
-0.0250417486042216 -0.00355565197702462 -0.0797958742124979 0.355662088548257
-0.0122291586961428 -0.000471817478373271 0.17835280482896 0.175216659173828
-0.001809200261863 -0.00234811557026427 0.121433675197795 -0.0196748223394848
-0.0111061655679995 0.00951110043684128 -0.0147267243147209 -0.114481583671476
-9.24331186523597E-05 0.00750616318170864 0.0173682022711727 0.0819854980070242
-0.00893753385610314 0.00276484406078952 -0.0844865900871633 -0.0160876720761731
-0.00878876186265315 -0.0136701489890147 -0.122759995808427 -0.197536515998459
-0.00646093869281954 -0.023308744486959 0.174685886843705 -0.239446471350475
0.0195844269834086 -0.00910089441198429 0.4086427895185 0.125983812190028
0.00135075053588048 0.0224512255826711 0.0827932874626622 0.489702476877949
-0.0162830256955543 -0.00151641642494601 -0.245035970957137 0.266190165451835
-0.00898696021810759 -0.0108358902714774 0.0179821229947531 0.0398177643538615
0.0022147620230994 0.00516843902505086 0.204733447128784 -0.288699122822045
0.00800626779551914 0.0105171482378266 -0.218101647287697 -0.445976347424518
-0.0012946702419209 0.00054977800181865 -0.463341797143858 0.0460929761181111
-0.0235995314090788 -0.00135776759464434 -0.0797230777519276 0.356357838520916
-0.00809102005604927 0.00169358002997388 0.179045929673529 0.172317793289923
0.00126432061143044 -0.000182656415770151 0.123344264693011 -0.0205174808910798
-0.00795807662203224 0.00943777900619739 -0.0150613840340343 -0.113876869091819
0.0030258901351409 0.00681972610726486 0.0181261405970066 0.0826742382640446
-0.00637408129150067 0.00489442133309634 -0.0831954440893123 -0.01369742083905
-0.00589464546712435 -0.00839813790130536 -0.126567896365698 -0.1961572640677
-0.00626746549487059 -0.0206982866065472 0.166771491112297 -0.24405480344154
0.0193758672268886 -0.0119968163367031 0.410107637729364 0.116153942995308
0.00372115699735207 0.0222173954593354 0.0960545250516406 0.488830850101811
-0.0192334635947044 0.0031071798125355 -0.24114719363906 0.272482026116016
-0.015765936682397 -0.00698051781392308 0.0153104394563077 0.0417706042583236
6.8359622712481E-06 0.00837612097145645 0.20996101922322 -0.284407987739151
0.00941542230140777 0.00869380938164438 -0.205222233555055 -0.450906106424793
-0.00229039541769106 -0.00151258619374452 -0.467648638757277 0.0361141346554299
-0.0213697559647025 0.00070910940084145 -0.0922474469270842 0.35432032372904
-0.00425700251354227 0.00513640203667503 0.175110460527024 0.175256509880926
0.00420626965725286 0.00133352149910674 0.126297527445799 -0.0182295714547797
-0.00463065262468255 0.00952912798265872 -0.0146555642884766 -0.112555503185324
0.000455583740385074 -0.000771127459996527 0.0150054831804096 0.0929276065157359
-0.0187449093563457 -0.00146803236142025 -0.0839694795162211 0.015919288075899
-0.0167390614421133 -0.00761419053508228 -0.165319488356445 -0.155056829890592
-0.00732483519665557 -0.0203377436084165 0.0812842438764826 -0.296492956213326
0.00997973565659923 -0.0214814905170585 0.413342063814072 -0.0549471238874359
-0.00315147222183744 0.00828521899235384 0.241336715808601 0.391516608283563
-0.0123318831324597 -0.0178867899043757 -0.173264506294861 0.30903675845426
0.00424024566043311 -0.025899530347684 -0.0101896741498989 0.0604996451125562
0.00576562088149627 -0.0147927108011964 0.259760732991995 -0.234518632207239
-0.00313064126603606 -0.00202376130027063 -0.0537352018196341 -0.529650541916149
0.000325879021320017 -0.00396925669004393 -0.462253771243635 -0.149138797278344
-0.0160675946574057 -0.00677675832505186 -0.192183777691426 0.302563165651749
-0.0182556170067261 0.00376694820413111 0.132174578886757 0.220598022616117
-0.0116226107454259 -0.00689805993615484 0.127095634113609 0.0180722812549362
-0.00889362579145975 -1.72016204777019E-05 -0.0145946131717493 -0.102987024112602
-0.00198626786069665 0.00116363888061336 0.0150017946616573 0.0903739032171678
-0.0198309338764936 -0.00219778926623706 -0.0868730549544771 0.00888835477692282
-0.0180945524535207 -0.0119434368044966 -0.156422285615091 -0.164975981615452
-0.00794746516525798 -0.023236685248009 0.106009313103989 -0.287567590097972
0.011661168299523 -0.0176130631841264 0.418698323081317 -0.0187508304682031
-0.00423372547684428 0.0106507512105781 0.210200089575379 0.414301841405
-0.00989494807129825 -0.0198191858344337 -0.19028146306543 0.29928364190292
0.00875894912891277 -0.0268453595548661 -0.00318922184545954 0.0553592910115507
0.00751525978836384 -0.0159949797645043 0.248710827077469 -0.249952462618639
-0.00316536586803754 0.0011046002139205 -0.0947026406307644 -0.51839370877945
-0.000593871803979685 -0.00161140067925115 -0.470334873006769 -0.106982548777116
-0.0191088227544157 -0.00789167098313819 -0.16432738890439 0.318442158174303
-0.0190129744819465 -0.000102042793556188 0.145039940049163 0.211329527928499
-0.0118732379208574 -0.00761769061617742 0.124640063297475 0.0099619025595958
-0.0119545962611546 0.000915210316352616 -0.0156483469469059 -0.105226098391409
-0.00443965284859787 0.0031061817561286 0.0156689658136425 0.086887800556346
-0.0193827344390683 -0.00255819073917367 -0.0886312152055912 0.00139421118257207
-0.0190027032351161 -0.0161614086429962 -0.147387552203051 -0.174185575131883
-0.00856569446768942 -0.0252866039504685 0.129279260393785 -0.276343226559278
0.0136477062117565 -0.0141421860945332 0.421744129198718 0.0207590901501389
-0.00388454586711124 0.0137577129656773 0.176075760515505 0.437092505427616
-0.0090162552777484 -0.0183889128517101 -0.206586420701909 0.288967053295891
0.00913696850658774 -0.0259965883426184 0.00347221390928293 0.0495815428691352
0.00672670556216063 -0.0134981315636187 0.235865912874426 -0.26353063847848
-0.00224492337499193 0.00486612846890168 -0.136910142772607 -0.500492223013894
-0.00056638355243351 0.000941128735694192 -0.470747918621376 -0.0604998014911227
-0.0220935567757191 -0.0075739756580298 -0.135830155432364 0.332183611216375
-0.0192976321972562 -0.00207548772574596 0.157486896899538 0.201058744304751
-0.0109785070677242 -0.00726492783961513 0.122725523949587 0.00108781188499217
-0.0139107188786478 0.003341507901166 -0.0153389793157093 -0.108690080513649
-0.0051150369391486 0.00479159148566912 0.0160305650084694 0.0839480198311714
-0.0180130880630007 -0.00242623856899767 -0.0892011060474711 -0.00593282043037181
-0.0177103588420831 -0.0190917161917176 -0.138066007851348 -0.183017804250028
-0.00863884954550512 -0.0263279026071896 0.15024767751084 -0.262685616479617
0.0163173460066684 -0.0106416977033758 0.421556403870365 0.0615207232768867
-0.00340327779028769 0.0169801853960149 0.139461355671286 0.457236654580756
-0.00899083192748176 -0.0156209429619512 -0.222442261413462 0.278966267350347
0.00730304925650826 -0.0234827259807213 0.00984645495722896 0.0450566256912281
0.00588842876096709 -0.00942162265236263 0.222020453939877 -0.27614856128789
0.000114401583828683 0.00819155435556993 -0.173085988312093 -0.480276347420958
-0.000626955691444412 0.00193933499065934 -0.470130981787162 -0.0171082297582668
-0.0237392553428973 -0.00715437770351592 -0.110310904876042 0.342863726326573
-0.0180859387708915 -0.00286140194329263 0.1675153278848 0.191081857112998
-0.00846919264532176 -0.00627537560106902 0.121448281364447 -0.0078626668633296
-0.0145464752184955 0.0063518494924452 -0.015962515686055 -0.111434373185064
-0.00479516217680844 0.00611116555015704 0.0168954627201258 0.0824417281053285
-0.0154790249084667 -0.0014353572165747 -0.0887271727570507 -0.0117249949541022
-0.014652644618484 -0.0193526198221094 -0.129576664200442 -0.189822603545735
-0.00789752318266062 -0.0261513537869224 0.165776812281071 -0.249653927636122
0.017871680319974 -0.00846858712511105 0.416430212223554 0.096036603398988
-0.00181842270130223 0.0191791099831607 0.108096583929057 0.472835450015189
-0.0103067273265375 -0.0123159920751184 -0.235972103277668 0.270897045029025
0.00371494315254254 -0.0201086082374411 0.0149042218963331 0.0411909230314511
0.00479985789370468 -0.00443391813919123 0.211676770045939 -0.285028578701832
0.00280209943375172 0.0101511220794892 -0.200258116154101 -0.461567964113107
-0.00115345103905815 0.00216433793597024 -0.466580508283191 0.0195380948550015
-0.0252395978822511 -0.00510271557860225 -0.0889704667403172 0.351042134402402
-0.0151811579225573 -0.00213727659042 0.175638486990472 0.180661034833995
-0.00564182351839496 -0.00371241433095976 0.121094204321744 -0.0157169203901616
-0.0139540233751996 0.00853480585125627 -0.0159013449893006 -0.113216474978921
-0.0030021344010759 0.00703557910671019 0.017447465595241 0.0813833502379537
-0.0124160187192355 0.000382643929700852 -0.0873509246794347 -0.0150831983576818
-0.0121202960855531 -0.0174516798347333 -0.125067237928158 -0.194349787681513
-0.00743767085188854 -0.0249093676918555 0.173519274289585 -0.241236754442882
0.0191560379217326 -0.00839146980456972 0.41073882995674 0.117534149083218
-0.000278551024784554 0.0217463885687796 0.0888739932654072 0.484542663957154
-0.0132755813342484 -0.00723535169352092 -0.242924006512487 0.265640554890447
-0.00280642018179644 -0.0151134145122708 0.0182226700633165 0.0395937886324907
0.00360273752678492 0.00022294895398324 0.204870707182496 -0.289168658452395
0.00551521781231196 0.0112518037594324 -0.216904520167597 -0.447389435989325
-0.00157839244429011 0.00203169126029736 -0.462959741778244 0.0424947245141611
-0.025180538619502 -0.00304164740325987 -0.0769503507875396 0.3547399676794
-0.0120886460539241 -0.000857344154292235 0.179731481807678 0.174192978772589
-0.0019986201874425 -0.00221201570609002 0.12151899264515 -0.0200240801809912
-0.0112536978898573 0.00967490692216307 -0.0154400874742189 -0.114130568125292
-0.000114592315245518 0.00702847550210907 0.0175841319811797 0.081505174067793
-0.00945644221142526 0.00285690751854618 -0.085106148387319 -0.0160725801242748
-0.00889834818336856 -0.0132095361890709 -0.12456164229566 -0.195968721689537
-0.0069912308268212 -0.0230841754754328 0.173514529225961 -0.239126887487664
0.0194837970422027 -0.00922083717429054 0.408495263182181 0.123739110596933
0.00159993333905354 0.0228170245400358 0.0854679281058693 0.488776870208615
-0.0167631412593224 -0.00181514927529065 -0.243559543355097 0.265903300958237
-0.00964760543071854 -0.0109132201466214 0.018044063731715 0.040114386889262
0.00135380746288946 0.00522737299859113 0.203565491305403 -0.288973550748828
0.00744122941121756 0.010158711791127 -0.220038635973836 -0.444229488977947
-0.00210097277233229 0.00053558380780531 -0.463540888799209 0.0489080162786095
-0.0239196051792666 -0.00114627825901119 -0.07678458296356 0.356199900337959
-0.00809280871603518 0.00165053599613667 0.179601477747008 0.170935479488322
0.00100180674251031 0.000318020574084732 0.123488983607795 -0.0208267538536833
-0.00785656084245532 0.0100909366936918 -0.0153559214715631 -0.114049646457245
0.00306051230958404 0.00649697652873441 0.017654770838083 0.0826241488663821
-0.0058479679536061 0.00548996816014079 -0.083339521497343 -0.0134344314672694
-0.00618180290138226 -0.0078083366293046 -0.128075915929505 -0.194557492108017
-0.00653091783836926 -0.0204691288248218 0.164977965998711 -0.24322068970822
0.0191968887373531 -0.0119840982578868 0.410134399825907 0.113838131113814
0.00372795768368405 0.0223227317089875 0.0976185959465543 0.487080652642777
-0.0199158644594601 0.00345499870416449 -0.239088921073402 0.27281023156965
-0.0157836392882206 -0.00694577603043645 0.0153690370420476 0.0421941254921684
-0.000232469135470443 0.00874257680643664 0.208316457075285 -0.284477040383307
0.00919904355914586 0.00902223262370568 -0.207645064223777 -0.449525612659466
-0.00180892772072966 -0.00132930498271103 -0.466328878439108 0.0375819242001387
-0.02190780064013 0.00112338271472296 -0.0893935805865412 0.354517024345673
-0.00415260508168371 0.00542334401985995 0.175942652542803 0.173736474363763
0.00358715902488667 0.00177312812462925 0.126485905467247 -0.0190561536339536
-0.0045043864775451 0.00974966901117696 -0.0156743644908413 -0.112491631483023
0.000568175278241615 -0.000801382803089528 0.0151750964409722 0.0928141896248883
-0.0187089767288487 -0.000804556486736934 -0.0838324716029076 0.0155040467698397
-0.0169746200227215 -0.00692885871662396 -0.166516744184066 -0.154598609009792
-0.00712540346954132 -0.0205567798265708 0.0796650950169405 -0.29668668479761
0.00960394602948957 -0.0211047969171902 0.412350107803225 -0.0571959661606456
-0.00317259645112064 0.00852800327827363 0.242664977364635 0.391048387779132
-0.012807590403754 -0.0178640623449618 -0.171257158129932 0.309280877588621
0.00390969650650091 -0.0262112003309176 -0.00986605514910335 0.0608087036931549
0.00579145266955844 -0.0156309550847451 0.257951119207383 -0.234799367039722
-0.00342087288591039 -0.0021187888282895 -0.0552758588186238 -0.528549843526148
0.000818510860647534 -0.00406051647618082 -0.462956017305432 -0.147188117135433
-0.0159909756007679 -0.00665776211757475 -0.190137894874082 0.302733083500861
-0.0176255839128942 0.00386277503231989 0.133554059003929 0.21927400115415
-0.0119399151725071 -0.00675860758252255 0.127510916264882 0.0173568655358684
-0.00941586479971397 -0.000234463937530823 -0.0152937729740957 -0.102500674620549
-0.00194204157878893 0.000788148539767292 0.0154378375758373 0.0897680558215355
-0.0199411013346874 -0.00143922081384702 -0.086826940000238 0.00871899437547984
-0.0192477682181575 -0.011564624729603 -0.158044847343017 -0.163189828790952
-0.00830840387137589 -0.0232471031625419 0.10420238545426 -0.287804861066628
0.0114442493952432 -0.0176130869886801 0.419557956611975 -0.0214237882944884
-0.00389943857287094 0.0106479759850652 0.211451909565907 0.411782170010273
-0.00988857582678981 -0.0200343331960131 -0.188460606305689 0.29912719798263
0.00803831713764865 -0.0268750386622587 -0.00277498110873813 0.0548630479234158
0.00691307276932711 -0.0161131932950943 0.247867972443404 -0.250087381574305
-0.00324384440281988 0.000928880695446485 -0.0989986893580784 -0.516751988205973
-0.000290596388824074 -0.0016899804359723 -0.469068785345527 -0.103955816800739
-0.0186740630272742 -0.0074458136279385 -0.162380389787772 0.318496425602171
-0.0190327845534808 0.000226486197302369 0.14585171185716 0.210079921285695
-0.0120426979464782 -0.00743464242096022 0.124932385380592 0.00881283999850265
-0.0118424318072856 0.00156220922543414 -0.015922913001657 -0.10519394007122
-0.00449966290351774 0.0031477588029086 0.0159805092057205 0.0869243394208292
-0.0196413516146129 -0.00251498306064162 -0.0887395215758445 0.00128103146004549
-0.0196328217161491 -0.0159118636991693 -0.148765569693076 -0.172274806148052
-0.0086506177914182 -0.0251480724247519 0.127761297870389 -0.276732448986633
0.0138303301804603 -0.0141089474396172 0.422235480080244 0.0190835727363322
-0.00399731897071128 0.0140772988026566 0.176545307185256 0.434980876321549
-0.00915750924670817 -0.018510103217296 -0.205140563075136 0.288961911739716
0.00894079390546718 -0.0260242127629586 0.00368213237277256 0.0497775945335681
0.00649035856788482 -0.0135833349841204 0.234210675231596 -0.264461332635153
-0.00191426012112153 0.00463776010146302 -0.138950891404392 -0.499410604292683
-0.000426715270158042 0.000556243199808987 -0.469891504726376 -0.0581778028024044
-0.0218177011576093 -0.00733280220256772 -0.134305311419405 0.332227982448134
-0.0192150398425191 -0.00201573881090341 0.158052879867337 0.200090528992011
-0.0107987497652204 -0.00697989111289161 0.123244084165464 -8.57576250871223E-06
-0.0139731427604083 0.00399013382862188 -0.01563550202084 -0.108461661597552
-0.00504905262388921 0.0046390636331967 0.0169499771661265 0.0840079036487764
-0.0180445117130773 -0.0024204979108566 -0.0892699547926361 -0.00567438760792823
-0.0178819192405809 -0.0184683113345815 -0.139091853726271 -0.181242000897494
-0.00855069257426701 -0.0264475327754348 0.148019003475284 -0.263001252363907
0.0160666548677455 -0.0110269148840344 0.419571036682044 0.0598419460206278
-0.00339218648846236 0.0174905881531962 0.141836356814374 0.45602673929215
-0.00951379635094967 -0.0158480628858892 -0.220949998381699 0.279544658247079
0.00661972819486496 -0.0235540072092726 0.0100438867461739 0.0446156921986052
0.0057947210886245 -0.00952328829454741 0.220636161553035 -0.276620590608016
2.47388231027126E-05 0.00845493719643574 -0.175553366222904 -0.479531715830784
-0.000953642898299985 0.0021756222313731 -0.469865278527198 -0.0150301992212552
-0.0237549615386296 -0.00700736478000986 -0.108730957393197 0.343907121273575
-0.0181995888367745 -0.00252576505134029 0.168763630122864 0.189234793069885
-0.00898723862057528 -0.00591698167752799 0.121487061198203 -0.00800125103471349
-0.0145400650779833 0.00621385295578332 -0.0165571550007933 -0.111184759252914
-0.00518375168096859 0.00671608239041155 0.0174293295247909 0.0823235927981308
-0.0152606622290412 -0.000748328163744759 -0.0886887910208986 -0.0116924737544975
-0.0152841764492859 -0.0186969684661685 -0.130700196732376 -0.188215383091497
-0.0080964553875068 -0.026219571225384 0.163823846818847 -0.2498400425664
0.0177663834901346 -0.00840857234966805 0.414920478737334 0.0943631779799726
-0.00219877670301968 0.01966512654319 0.109932209491886 0.472009292166278
-0.0106059486002498 -0.0117978507325419 -0.233452718030014 0.27106699807971
0.0029000582311799 -0.0199411041928646 0.0151485358816609 0.0407924986395633
0.00460830666940183 -0.00487390698546196 0.209237233900047 -0.284965291818611
0.00248818664483355 0.0100907338878882 -0.20337490561045 -0.460623081555885
-0.00111738113074327 0.00266946393550132 -0.465256865347859 0.021932711263233
-0.0253766984167732 -0.00496242077617324 -0.0866316956668501 0.350369511901527
-0.0155893720329933 -0.00227588432763515 0.176481186004138 0.179590717283488
-0.00623502175794957 -0.00379858263765554 0.12088176747836 -0.0154219411041553
-0.0133084428583313 0.00867840411072605 -0.0162412043481874 -0.113088580743223
-0.00323124301952091 0.00749842231251146 0.017687316233716 0.0815170601461183
-0.0125623219638815 0.000828478543281037 -0.0873944124753206 -0.0153623820003311
-0.0127992800593742 -0.0169184159151376 -0.126635217008604 -0.193004927158406
-0.00755859788852396 -0.0248560331288521 0.172353488511682 -0.241557203205572
0.0190211740510647 -0.00820201378872538 0.410499341459671 0.1154024936405
-0.000520541062999027 0.0214904873126646 0.0910603559564848 0.482271930753253
-0.0133429097182862 -0.00671353273131943 -0.240152399547237 0.26683250663477
-0.0028373615270157 -0.0154733711055604 0.0175832913813366 0.0391567081515205
0.0033596313042521 0.000194508728119377 0.202919170043123 -0.28976240080891
0.00567010692629216 0.0112153321183192 -0.218863165556132 -0.44661915369843
-0.00177890353265966 0.00240273263544143 -0.46283910290971 0.0452748421134244
-0.025214998042158 -0.00268760441089678 -0.074550631474418 0.354618962080904
-0.0115961075529529 -0.000617558396772381 0.180111839132014 0.172320323162853
-0.00293082526201686 -0.00185016953823983 0.121501236351119 -0.0206858023858421
-0.0108869518497923 0.00994423404583237 -0.0162043358333922 -0.114215958661172
-0.000711180413456011 0.00783251534911895 0.0181989115130236 0.0814856439218056
-0.00903907884593714 0.00347285388596673 -0.0854778342468059 -0.0153262755858881
-0.00912135478082193 -0.012823149516578 -0.12524025810845 -0.195138363562755
-0.00751482459825913 -0.0232092207101462 0.171990431848305 -0.239810365079782
0.0198155843103527 -0.00943644229554065 0.407894843455167 0.121233434059904
0.00162862646431161 0.0226951535608906 0.0869878419715576 0.487308022280752
-0.0172042002828767 -0.00166621903360366 -0.242071004289846 0.267050358707471
-0.00977173845329828 -0.0110146673130428 0.018281613328673 0.0393874882671259
0.00195997041215803 0.00448026559179411 0.20161818659453 -0.289718790685804
0.00770327549916115 0.00992705364726258 -0.221827201617195 -0.443273734523893
-0.00164211539576667 0.000635878529292311 -0.46215030764959 0.0517394458195255
-0.0238782055184288 -0.000577720388208197 -0.0751579274829213 0.355849553499232
-0.0081891562566167 0.00191335392826493 0.180595933778306 0.169823767950232
0.000576847062846825 -0.000407026203724389 0.123461607123114 -0.021637934943265
-0.00844971305921199 0.0104780196254588 -0.0160316931246627 -0.11358972217401
0.00331538231348768 0.00686439969501254 0.018459098017087 0.0825612431427682
-0.00608903279221343 0.00554732914371956 -0.0835984831952115 -0.0136533388079524
-0.00621629400519575 -0.00803209591074624 -0.129072032228186 -0.193497888028558
-0.0068565921279112 -0.0202703851099083 0.163395381732919 -0.243699186521799
0.0192711947582986 -0.0121918574080164 0.409517665860758 0.111222998047938
0.0042364836512344 0.0221590881007302 0.100322958379893 0.485526463443809
-0.0204172010276369 0.00310939927605652 -0.237566403702927 0.272347284087192
-0.0163723494175531 -0.00695356865915515 0.0154779808447529 0.0425961072254502
-0.0001287134815729 0.00798266629308373 0.206674370736971 -0.284273149434169
0.00944828395776272 0.00814878390211706 -0.21018981188151 -0.448600832007047
-0.00154614250881013 -0.000856850282611231 -0.466093310716405 0.0397776970409151
-0.0217238995389037 0.00130309875388616 -0.0874111817154707 0.354130963710275
-0.00433902363244233 0.00516976985355881 0.177033833238639 0.172839120964868
0.00330716119026823 0.001976310394492 0.126589949860385 -0.0197669185311139
-0.00432543435120909 0.0100917689148084 -0.016128174969587 -0.112272238566485
0.000331138929091424 -0.000565911043075605 0.0155733041753949 0.0929467157532982
-0.0183218335186543 -0.000288631050708347 -0.08431417249393 0.0157407354877384
-0.0173614612645753 -0.00679983593714523 -0.167332487254194 -0.152984035329361
-0.00702314492837307 -0.0204596697682561 0.0772811446054905 -0.296077635615099
0.00964933111887916 -0.02142228800982 0.411249526485005 -0.0588623895915524
-0.00308603979113052 0.00895994924380656 0.243936745893602 0.387253465422428
-0.0126255331623424 -0.0175852263918714 -0.169524148975035 0.309067026563431
0.00357937151583454 -0.026014358239021 -0.00965385968432369 0.0606823444710648
0.00505983653511296 -0.0158720885580093 0.256955137432005 -0.235574646966257
-0.00328467077173036 -0.00192045137724543 -0.0588273378585834 -0.527082472870944
0.000529749096693651 -0.00375548756685357 -0.464321314682899 -0.144315261777269
-0.0163529640863525 -0.00643739950223545 -0.18828770956408 0.30429662156623
-0.0178272150096025 0.00366831167490883 0.134913515680665 0.218359608357264
-0.0126355432385273 -0.00663768020682114 0.128023753205307 0.0162999499026126
-0.00938863432029606 0.000412605853660439 -0.0157507130948905 -0.102233154809613
-0.00223749059349239 0.000818228082128424 0.016151043954983 0.0895434727045915
-0.0204632759118694 -0.00124725810079248 -0.0867477453110084 0.00859930659781546
-0.0191890896935752 -0.0113921623973688 -0.158800771631651 -0.162826960887155
-0.00847322943004363 -0.0231690460609556 0.102520702915286 -0.287709601568858
0.0115025325360091 -0.0176516562238815 0.417761380146595 -0.0231464457753211
-0.00370398333776415 0.0110844721386733 0.213717139057424 0.410790562328277
-0.0107323622707735 -0.0192777094880876 -0.186529328393623 0.299535663115145
0.0075505457569989 -0.0269301123507458 -0.00282736826907295 0.0546337003299528
0.0068972662006581 -0.0164303869168775 0.245471082346915 -0.251032991622138
-0.00347845794321901 0.00102362560481056 -0.100462591912275 -0.515879782101121
-0.000181060964158172 -0.00131990720959695 -0.469521129247669 -0.101795420346821
-0.0190865940390598 -0.00699144297131597 -0.160572393756575 0.319064574741919
-0.0187434059861591 0.000500050990992302 0.147471638392703 0.208385027906826
-0.0126427182405914 -0.00743294841857422 0.124696577931389 0.00825551519427875
-0.0123048670291743 0.00224819058368765 -0.01632287703537 -0.104692042153407
-0.00438948914247667 0.00322051235254614 0.0161179603096369 0.086825389673554
-0.0201443437561077 -0.00206692514444356 -0.0895736367458777 0.00129321340984739
-0.0192931905109358 -0.015535184895472 -0.149642655072041 -0.172365172913687
-0.00913784097475033 -0.0247094937321363 0.125489964487143 -0.276852088558427
0.0140160289886345 -0.0142577590772203 0.421141158747884 0.0170188976358915
-0.00380795422408752 0.0141937594402331 0.179152736104996 0.432762523858691
-0.00948423404112879 -0.0186699387489923 -0.20407209585455 0.289333363705118
0.00843430198551077 -0.0261250611340626 0.00381198106993053 0.0494445873030446
0.00648498454504181 -0.0137293228537973 0.232560119217025 -0.264297100877309
-0.0024840165851954 0.00478588307571801 -0.141266888228992 -0.497488853176213
-0.00020349137723851 0.00126563917566442 -0.470728945886597 -0.0552298955774275
-0.0217392154950893 -0.00675148611908523 -0.131988474069148 0.332369186496374
-0.0194040264352443 -0.00164566440458231 0.159047748094012 0.198607969853544
-0.0115255609995244 -0.00755151854834436 0.122797651485401 -0.000831268720948256
-0.0136309853168152 0.0041185458323864 -0.0164785255048861 -0.108373119154984
-0.00549250559449627 0.00511041417258585 0.0172842813018126 0.0838578676194112
-0.0183441510352404 -0.00165739590034259 -0.0893905146726108 -0.00600144722366685
-0.0181980076593281 -0.0185425996752862 -0.140380457793929 -0.180268216423227
-0.00933514481195689 -0.026051033737696 0.146634009100969 -0.263211038612927
0.0159431734852701 -0.0109108070289163 0.418815647189797 0.0571631023403869
-0.00305434279426816 0.0174770690985545 0.143578335190142 0.453950829149009
-0.00959390691237635 -0.0157500688935745 -0.219278972745766 0.279269770155616
0.00660320732037203 -0.023261540170899 0.0101863561498574 0.0445974572228982
0.00572929963538266 -0.00982388893718112 0.218969402264543 -0.277359539269507
0.000188354659035947 0.00805984651589586 -0.177633564871121 -0.478470184729512
-0.000509690331045007 0.00250252519978217 -0.468212225571836 -0.0125077062223861
-0.023820184329646 -0.00641010039050483 -0.104888249016334 0.342583363210893
-0.0182567872701476 -0.00269761980029697 0.169565443762005 0.187983640918773
-0.00938810358978953 -0.00582440897871301 0.121652706066666 -0.00896436273831376
-0.0143012608403738 0.00688181765206644 -0.0170884845254568 -0.110296821141211
-0.00467537271925838 0.0066595338322522 0.0173792210828332 0.0820684438631793
-0.0158857167327939 -0.000762878707017703 -0.0889889773362658 -0.0115358926207517
-0.0155234553662079 -0.0187957145227249 -0.132215079873234 -0.187109211858693
-0.00876900392067568 -0.0260247230859619 0.162722204997569 -0.250111459454019
0.0177178803709907 -0.00891395803264419 0.414936867393841 0.091770327749475
-0.00208760305468331 0.0198724423758142 0.111900022045622 0.471326537175592
-0.0109086720444156 -0.0115716941619753 -0.231981971894958 0.271478020285146
0.00255670839639881 -0.0199828461793779 0.0153932357047819 0.0410058410977267
0.00448169808446598 -0.00487106509250883 0.207729081633278 -0.285343494412717
0.00302659569264029 0.0101504443515513 -0.205424266701729 -0.458836135959438
-0.00100039635102018 0.00276597953779344 -0.465606167869699 0.0241941476013721
-0.0256289789243439 -0.00485359453853436 -0.0844452356458389 0.351173456300011
-0.0154649127760141 -0.0023392797746746 0.177753282594979 0.178094375414969
-0.00623526310691906 -0.00410761497699324 0.121384143693076 -0.0167187309315269
-0.0134240474472385 0.00952126053712474 -0.0169341638146634 -0.112468467085225
-0.00301282713557599 0.00752047738351089 0.0180378274589375 0.0810876680434513
-0.0125006052713581 0.00109312641495486 -0.0884566486111932 -0.01515504308463
-0.0127868207278057 -0.016706781148417 -0.127965733076047 -0.191950129985618
-0.00793903739375773 -0.0251328947820738 0.170018383115282 -0.241580149536193
0.0190181320244166 -0.00809423614831392 0.410504203560653 0.113141480377634
-6.07079425624371E-05 0.0219872328008675 0.09375084076211 0.480804654419624
-0.0138488352121685 -0.00690401470635001 -0.238871306097947 0.266208554243208
-0.00348824502887607 -0.0154862783300536 0.0181832815691931 0.03925650764008
0.0031772129094536 -0.000292039515575927 0.200250945248851 -0.289635325098309
0.00584579150701394 0.0108635104352777 -0.221335120922037 -0.446077723380095
-0.00118597266178337 0.00228266314988527 -0.461928499246391 0.0484199515163784
-0.0255176816520098 -0.00243753847806855 -0.072651717417298 0.354019832747585
-0.0122589164623163 -0.000482364289977522 0.181800968556411 0.171237311019402
-0.00329729576315229 -0.00199588427787483 0.121758257268301 -0.0209133667570458
-0.0112369643488534 0.0107019161382627 -0.0168102886323222 -0.113450827863813
-0.000841991851855959 0.00732403935767837 0.0180577348812745 0.0806524830474524
-0.00934679955834117 0.00387651393241067 -0.0863081698815992 -0.015487999749678
-0.009193181100534 -0.0127083266639472 -0.127041161009912 -0.193744038315962
-0.00763230455188673 -0.0226332580104681 0.170145432857099 -0.240240702748841
0.0195257976200904 -0.00988661902266779 0.408585691989656 0.119948057886682
0.0022096222202548 0.0228901005502479 0.0889523035152874 0.484818880422547
-0.017013504678061 -0.00128679284253662 -0.240495409164621 0.267121583241885
-0.0099348102694015 -0.0108624957261282 0.0179274539424552 0.0394762986546555
0.00141441467956673 0.00458295936632443 0.199634504281532 -0.28984508167722
0.00810402749259513 0.00978321510518959 -0.223070314739334 -0.440193177061077
-0.00171013649134046 0.00115722212042668 -0.461234638118665 0.0543050625830177
-0.0237849894586481 -0.000569253926789786 -0.0724381755533776 0.356548870386738
-0.0078749861178471 0.00155279602864812 0.182061259795778 0.168924841013286
0.000748131930674095 0.000606991125318066 0.123396604703378 -0.0229438883001021
-0.00813241998709184 0.0111966767014838 -0.0170633116417926 -0.113385109874587
0.00300735939503539 0.00681566269513941 0.0188862207270606 0.0820608862589722
-0.00626691576754672 0.00614768793694333 -0.0838613240472426 -0.0132905186481422
-0.00653619228332623 -0.00729248761503226 -0.130494229589838 -0.192086216664828
-0.00734050941661487 -0.0197222031305394 0.161764026070775 -0.24444757572531
0.0189878617349825 -0.0126513157581767 0.408721150396338 0.109660573211209
0.00441515149862583 0.0223945942360322 0.102643561806337 0.484509126214105
-0.0203239370017282 0.00342351531097477 -0.236238690335191 0.272973802040365
-0.0165669144373601 -0.00713630679939308 0.0159332277369806 0.0417923822947518
0.000177908994453201 0.00796231154702404 0.204836751136658 -0.28531695387856
0.00927809922189277 0.0082312001450524 -0.212087064127053 -0.445774090656308
-0.00137835953582341 -0.000959065033972202 -0.465081624956048 0.0427265593957774
-0.0218476169734495 0.00104889164000837 -0.0848099841866308 0.354519985018122
-0.00429543565696811 0.00505607383544435 0.178184270875676 0.171744972018831
0.00295417220665051 0.00158460962222953 0.127170540751905 -0.0204684355093954
-0.00475791664609486 0.01033869088208 -0.0170359220369823 -0.111780761090701
-0.000775725861888653 -0.00131713973500706 -0.00340508685338119 0.0944216424386829
-0.017492349918935 -0.00425201990075308 -0.085768152248767 -0.00274455210064225
-0.0122558042106231 -0.0104903833145374 -0.131300142078693 -0.183489077897788
-0.00118297750037433 -0.0170569589969744 0.136985042069847 -0.273634415739067
0.00860266408856243 -0.0154433441386664 0.414195758943709 0.0248027594477199
-0.00628850191007661 0.00494645646382177 0.158302301436405 0.431224894884148
-0.00754062789139913 -0.0189110158966689 -0.235623031228228 0.267033848651873
0.00856605595197137 -0.0256580605204054 -0.0226344084008245 0.0566808634902285
0.00805642162485538 -0.0138288714683109 0.30066086584548 -0.17434671022931
-0.00403705525810502 -0.00186814937694736 0.058028241190977 -0.524380048143433
0.0015001573063977 -0.00336336848374443 -0.419735765059828 -0.240794398115317
-0.012114227811202 -0.00710407771199741 -0.252730695748522 0.256120314901025
-0.0166149005087454 -0.000228268699921612 0.0862936975765673 0.244754642803352
-0.0103353238149678 -0.00982915987278947 0.124767001604147 0.0436080732638383
-0.00940772363229227 -0.00141493860493915 0.00834701644479906 -0.106894804137034
-0.00384677513347761 -0.000492522683257608 -0.00235731759004213 0.091512898061539
-0.0187027248508771 -0.00615082812243027 -0.0874539482006814 -0.0105965792737194
-0.0133324329733341 -0.0146935036757842 -0.120212871679678 -0.190969337768645
-0.00251048927342915 -0.0195628259911778 0.158915372740775 -0.260656108577331
0.00932733291432163 -0.0120969846469842 0.412414820084269 0.0609286903989216
-0.00745516365456808 0.00692105911044261 0.122172709257208 0.448609836591065
-0.00517434603094312 -0.0205712282446869 -0.250337261413761 0.253786748322391
0.0128390194116116 -0.0253135073805994 -0.0140602485854545 0.0527140745258202
0.0095780956614793 -0.0134793487649846 0.293665209258311 -0.191737726516142
-0.00476317591316891 0.000898474579767218 0.0161651294339502 -0.522315219986996
0.000657091798866815 -0.00046173568029759 -0.435559392211256 -0.200926952276124
-0.0140190269863871 -0.00921256213249691 -0.229365657654454 0.276770479070526
-0.0163401977280236 -0.0036700275645824 0.10031793830671 0.238062811395489
-0.0105409391831998 -0.0109990901585268 0.12380252094768 0.035168048535293
-0.0123367260928357 -0.000449929864353703 0.00777558904885184 -0.109775288645864
-0.00629600299779646 0.00124102405026395 -0.00106517189042278 0.0885449663541144
-0.0177169210361581 -0.00592439821642409 -0.0875554599590697 -0.0176649558420776
-0.0128732182873904 -0.0188836624311423 -0.110160673052226 -0.198234714251612
-0.00281871168050388 -0.0214301474948409 0.179195927101927 -0.245077776160441
0.0104512435810017 -0.00909788751418376 0.407035187981983 0.101195666736684
-0.00781229481540572 0.0098365063364412 0.0840930636421824 0.462694333236256
-0.00392459305848158 -0.0188694706814205 -0.264776724118607 0.240364288292943
0.0138426469888033 -0.0240583552249643 -0.00705919390258251 0.0488643052719517
0.0089077299861219 -0.0113764463116507 0.284201223856277 -0.20753468840311
-0.00399907304754187 0.00476976589179167 -0.0270105877558125 -0.513740518568515
-0.000551761138500014 0.00138228231260897 -0.446414238560151 -0.154547012202595
-0.016717152627202 -0.0101039838224413 -0.204009807178209 0.295636853191091
-0.0162790729561934 -0.00627927263240692 0.114862231444354 0.230433834443565
-0.00953276404428163 -0.0107595760059077 0.123900243977602 0.0258940159865977
-0.0149190885624845 0.00184119292320153 0.00813643723101894 -0.112605184347964
-0.00744054306525585 0.00326540743908352 4.02332596393045E-05 0.0857413336777186
-0.0163329086029413 -0.00602480930129241 -0.0868758768833638 -0.0249430418276981
-0.0109711307398978 -0.0210264026070249 -0.0989492332667068 -0.204438824902964
-0.00277219247573847 -0.0226001328248747 0.197151087215882 -0.227475300123819
0.0115855896128845 -0.0060306419446547 0.398124639833545 0.139412336969517
-0.00752596540927821 0.0127397782353895 0.0444115625730994 0.47463847616652
-0.00485365281966462 -0.0165517660615821 -0.277796025868463 0.227609378966476
0.0112802126887575 -0.022208875935885 4.36332410270301E-05 0.0455561237755824
0.00686479105425631 -0.0077304599989055 0.273133012041872 -0.222070224737519
-0.00267508419164084 0.00894363414648935 -0.0674142994180873 -0.5019889048471
-0.000825713017682391 0.00300354339405544 -0.453943003635915 -0.113061610748143
-0.0191454498692435 -0.00948252791166957 -0.180376777377495 0.312656217324517
-0.0152602622723477 -0.00653987253050471 0.127546956055323 0.222714142660604
-0.00779718613381247 -0.00880275974102235 0.124294787715538 0.0176037952154948
-0.0160281019493319 0.00400295680804868 0.00823304987451776 -0.11537342531006
-0.00678222052025548 0.00506014812007235 0.000420105081053917 0.0843109037191805
-0.0137769556558344 -0.00456084781818071 -0.0855676148867856 -0.0301112405916937
-0.00810782588951502 -0.0208273517256647 -0.0892631771949025 -0.209549284221421
-0.00280297700946368 -0.0224346325409578 0.210066657516288 -0.211645667638735
0.013001319907304 -0.00397324729374682 0.385879160998715 0.172525781590177
-0.00658109568179137 0.0158279975656592 0.0102828011530571 0.484605244020034
-0.0070102830176797 -0.0126553152002377 -0.288512773922067 0.215815527612942
0.00660987457534729 -0.0195449521257093 0.00576824692021149 0.0428334113632384
0.00510250623176811 -0.00299969832760314 0.264480295202647 -0.233505611990384
-0.000477455703289192 0.0119181562245258 -0.0970122930076018 -0.489082947760482
-0.00163322262235479 0.00328975517400459 -0.457846848187091 -0.0745740801800312
-0.020615366451437 -0.00866266748039255 -0.161067461458326 0.324727266754072
-0.0126693114331754 -0.00552857378826518 0.136796655963868 0.214330438714988
-0.00535094746628261 -0.00604258462463587 0.125199831397269 0.00978334759847731
-0.0155568097402027 0.00643400124995581 0.00888069856375723 -0.117450795741615
-0.00619788669946659 0.00562279075827974 0.00148404874895944 0.0835252631514685
-0.0111287843299996 -0.00190683398408748 -0.0838345301661613 -0.033268002195425
-0.00599357053776695 -0.0181258746211529 -0.0843207399580057 -0.213128757975065
-0.00312047266727502 -0.0209174117114937 0.215705065681778 -0.200963874280399
0.0135778636912616 -0.00373822825440994 0.376777559697631 0.193802434667805
-0.00541074860285035 0.0176345620134159 -0.0109952465001756 0.491366059585395
-0.010683760023543 -0.00818155414982431 -0.295291289988169 0.209782917282917
1.84587588218971E-05 -0.0158961724171458 0.0089379592375178 0.0416997158788277
0.00253345994587036 0.0015882166863553 0.258520781742599 -0.239323543059026
0.00206986651846517 0.0126239826858677 -0.116679655470965 -0.480612519720179
-0.00193493087370746 0.00246836491254123 -0.45989276135951 -0.0536462685591177
-0.0207803607101444 -0.00673279363189921 -0.150701041150839 0.331342115275908
-0.00988816283383572 -0.00391038297973099 0.143030243813601 0.20783155047677
-0.00275451589717614 -0.00342741300408613 0.126971558957277 0.00512445284694647
-0.0137133839583725 0.00818072209496028 0.00928305655634842 -0.118409031142151
-0.00315146960694498 0.00633525014995793 0.00153710741556935 0.0836298681431383
-0.00849205078952323 0.00109851377478809 -0.0818627171153781 -0.0329840655518578
-0.00350370129906149 -0.0134541423868773 -0.0833299229840067 -0.214874815011457
-0.00276246684436025 -0.018882294073152 0.215474618045113 -0.199314447129094
0.0148806276265603 -0.00487186733377344 0.374178775776046 0.199688207280814
-0.00320812602454908 0.0186584744074372 -0.0159008031054945 0.495100073513304
-0.0152063871235375 -0.00396216190438403 -0.29580301685763 0.209807017893938
-0.00750211802889245 -0.0131155873810629 0.00928921370301493 0.0422405667323895
0.000320365842400902 0.00538531435228933 0.256814984943693 -0.239813148345815
0.00443871052748651 0.0128929548974055 -0.118937409343668 -0.476117262673793
-0.00158537934415312 0.00110774685506577 -0.460466677270713 -0.0475341731322824
-0.0201888202092609 -0.00441988008448711 -0.151123838591353 0.332877953743093
-0.00634654280732554 -0.000178081147373478 0.143501285607929 0.20549305435963
-0.000168299944844787 -0.000762339246141865 0.129233326500728 0.00411087297385837
-0.0106233519412455 0.009613263137958 0.00896741015660256 -0.117750324037151
-0.000172292986884231 0.00646528121143112 0.00195912400008687 0.0848493263254387
-0.00586958693027008 0.00446385752231078 -0.0804399601887972 -0.0300323000541556
-0.00145884223657902 -0.00765589631040858 -0.0876013280882883 -0.213928606927323
-0.00320550989940955 -0.0163971301164532 0.207190759612051 -0.205115196357197
0.0149303632030095 -0.00723359811057525 0.377868501159176 0.189088014475797
-0.00101072307714803 0.0191880520126714 -0.00245263029826635 0.496161436955444
-0.0187599391011558 0.000374825011534559 -0.292903524060427 0.216872431211641
-0.0153582012198174 -0.0112466042645739 0.00641569265694373 0.044020557975315
-0.0027643356685019 0.00829581310373257 0.260615221960769 -0.233641621906544
0.00573616272360364 0.0107559060016374 -0.108535734507689 -0.478873331315975
-0.00075248803801278 -0.000918325175496473 -0.463250069005643 -0.0603256559357543
-0.0188640332435316 -0.00212358093349431 -0.163233292563287 0.32877302954938
-0.00365750418404929 0.00400209846538244 0.139779860926735 0.207713949807479
0.00228768150342042 0.00220591282138595 0.132071255990083 0.0067164786323129
-0.00691668492768265 0.0093601752175652 0.00872763407610831 -0.116923775862848
-0.000509833527344391 -0.00188240981714184 -0.00277290129906759 0.0947688999343001
-0.0175092051211753 -0.0040413627439213 -0.0860988832889018 -0.00246707352365468
-0.0123568845023944 -0.0100632083695612 -0.1325826453276 -0.182094926245894
-0.00167940868162432 -0.0169802572963735 0.134557901679365 -0.273408925095407
0.00826335238459415 -0.0157385115848441 0.412227658581245 0.0216778435674847
-0.00643935114959746 0.00534228359586897 0.160359352573264 0.429080177670855
-0.00797947344408845 -0.0190116618206486 -0.233588713068012 0.267358381496313
0.00836228820429046 -0.0248933606511066 -0.0223079655624066 0.0564254084593079
0.00807947911289229 -0.0140940114901808 0.298764655191661 -0.175325149242345
-0.00419317927808896 -0.00193978133509219 0.0554046512238779 -0.522795929193014
0.00191357289994737 -0.002793665444434 -0.420231032887382 -0.238266747557419
-0.0123620132030306 -0.0068159904889897 -0.250966869776101 0.257202128104325
-0.0164431999148888 0.000256918228000605 0.0879602786655704 0.244029441219992
-0.0108230601247486 -0.00995375296738645 0.125147942900956 0.0425289281995968
-0.00975178463211252 -0.0011482861029985 0.00719044611863042 -0.106589451868944
-0.00401074098957912 -6.70651391803854E-06 -0.00106211600662186 0.0911444305397192
-0.0184758477080889 -0.00564236672769542 -0.0876173309995577 -0.0102188146287253
-0.0137459046396956 -0.0145842746998939 -0.121545714227578 -0.18969595146642
-0.00266634970930847 -0.0190847390502017 0.157060068090853 -0.260063183343633
0.0085355971916212 -0.0122391350797908 0.412137170018552 0.0590516935124382
-0.00721128479888174 0.00737387108502797 0.123703740793134 0.445254569874124
-0.00537866039717449 -0.0199541287430635 -0.248609178142969 0.253912525449152
0.0128968680595187 -0.025160655002116 -0.0144020711531017 0.052432296691551
0.00940355588485632 -0.0139947612392181 0.291091733197345 -0.192636213615436
-0.0050878688130006 0.000911168660327632 0.0133876938729301 -0.520265053695238
0.000463237273148695 -0.000734426925498147 -0.434874971347779 -0.197334984512933
-0.014170431692762 -0.00886855514246483 -0.226476520331864 0.277277401252008
-0.0166863544274542 -0.0038321210917707 0.102514737694641 0.23692655969847
-0.0109280037162646 -0.0102275683510885 0.124259675610931 0.0339513044354188
-0.0128214513775788 9.19150403792951E-05 0.00684008849577767 -0.109239223659557
-0.00617738650578691 0.00136710898887791 -0.000462731986028248 0.088599140093118
-0.0184684176952775 -0.0059775752367612 -0.0875440726190202 -0.0178724614991372
-0.0131306564945045 -0.0187111754838206 -0.111222444951783 -0.197331622390458
-0.00323453347018684 -0.0215126832550452 0.177576263552879 -0.245142037064706
0.0104041578936136 -0.00880500353832056 0.407024926540984 0.0987300238074056
-0.00776039962364565 0.0101920680474948 0.0860515683517482 0.45973954122834
-0.00425615768402592 -0.0186355208390731 -0.26284292361842 0.241192186157662
0.0129043659413028 -0.024422186103317 -0.00697788494520989 0.049006308995233
0.00834773924917039 -0.0116797988121293 0.281472873270362 -0.209415876016838
-0.00440772391516486 0.0048919475381867 -0.0305538550507323 -0.512781626490992
-0.000366481454908015 0.00140428691100324 -0.446498948767689 -0.152370488653122
-0.01678753650188 -0.00972314060602718 -0.201885365783949 0.296882012438905
-0.0166001291188263 -0.00595887765916151 0.116919971969642 0.229105390674173
-0.0101226866493485 -0.0100698582856423 0.124281514326 0.0251042956681207
-0.0151996669522851 0.00241760951740225 0.00761766405767963 -0.112691211816616
-0.00734732574291582 0.00350040579076887 0.000897696063605876 0.0853262152631609
-0.0166669740775741 -0.00562706617335993 -0.0869000530343259 -0.0245633108901172
-0.0111400949467924 -0.0204968150919907 -0.100020365116612 -0.203689500496378
-0.00351373813894648 -0.0226722503864344 0.19485229541152 -0.227990049557435
0.0114733116346884 -0.00590087287683321 0.398453095349953 0.137249614338263
-0.0072252338940244 0.013219152148362 0.0460383657104252 0.474008182514689
-0.00530997084593712 -0.0161540538603772 -0.275394054579607 0.227065925052479
0.0111544201314487 -0.0223703589515694 0.000119440044973513 0.0452176035582978
0.00686645431152117 -0.00791850496052671 0.271337948150834 -0.223804211670183
-0.00298376021738233 0.00872634580260294 -0.0695225122818065 -0.500749341171185
-0.00083285622247386 0.00308745888540028 -0.453834339571967 -0.109307534920697
-0.0189730423640427 -0.00968282529435357 -0.178873525899531 0.313256439721237
-0.0155921138033669 -0.00660267025874183 0.128630405777093 0.221154319217952
-0.00795867836959922 -0.00834681923809408 0.124200748428985 0.0163688797319991
-0.0156937360463305 0.00457751219360311 0.00721113242048838 -0.11500090100422
-0.00710231992246786 0.00496300098961179 0.00119329653678489 0.0840226979955111
-0.0144593291540163 -0.00392753632128247 -0.0858029207940806 -0.0307063207188424
-0.00845205927881683 -0.0204498144132856 -0.0909967798952845 -0.208658621167263
-0.00322763794204979 -0.0221599230895781 0.20809550369481 -0.212027369471979
0.0125410660698498 -0.00427115308830398 0.38671956635884 0.169916979412738
-0.00617345888555468 0.0154542979213844 0.0117312968713289 0.483773880733844
-0.0073594908531341 -0.0125224643223469 -0.287209092190565 0.215800132802358
0.00619256893990807 -0.0193135466248059 0.00552973644773224 0.0423790216932041
0.00470381455521915 -0.00326788347362411 0.262210015018989 -0.2346942081131
-0.000442143679124487 0.0109566365037489 -0.100489048685236 -0.488971188774855
-0.00135987738451832 0.00289402978850033 -0.456745015738042 -0.0731238575998997
-0.0209360675091622 -0.0084953008548921 -0.158572085280325 0.324979122986678
-0.0130852908859824 -0.00558769505422912 0.138927516193056 0.212548625908677
-0.00565681986288043 -0.00597768838049254 0.125232134840579 0.00845231586633343
-0.0158765183582402 0.00655129616916653 0.00826685395436003 -0.117213955224689
-0.00608388867123934 0.00581040986895943 0.00235080171675059 0.0833645352454538
-0.0115005079122859 -0.00136457957244347 -0.0842239611165296 -0.0325358202375489
-0.00596710116172439 -0.0176621800943723 -0.0861942401008875 -0.211929654448605
-0.0032157536084077 -0.0207684027489782 0.214167642201525 -0.201869987486396
0.0141631893572036 -0.00354339569128755 0.379016601518217 0.191311893980437
-0.00483049559778925 0.0179803560937927 -0.00771265982533369 0.490357343038604
-0.0111292124624907 -0.00828538783509385 -0.292265295690104 0.21050675096363
-5.49261078778131E-05 -0.0165111934236949 0.00910244934332781 0.0415311020189998
0.00282029196655656 0.00107519604584679 0.256118979342754 -0.24050953243211
0.00224620185697619 0.0124896186962116 -0.119818788868632 -0.478278165194973
-0.00175536816911701 0.00247602900803301 -0.459744754028656 -0.0501837627314545
-0.0213424900563242 -0.00681400656793977 -0.149101895568589 0.331977446245501
-0.00996798691766439 -0.00371966660276938 0.144386000102963 0.20689683671555
-0.00285317315520338 -0.00306253278974217 0.126728729782691 0.00434331990838317
-0.0134014281904912 0.00871356139019827 0.00835247709183396 -0.118014076596475
-0.00311246689385591 0.00657798712580888 0.00209435988732091 0.0837154401720882
-0.00859315697181584 0.00136790018436107 -0.0820454846525339 -0.0329592029071546
-0.0036240033515425 -0.0134267611266883 -0.0842533118386452 -0.213356682667777
-0.00330616077873712 -0.0187909360608741 0.21355901564524 -0.199506382742151
0.0148162548805509 -0.00488822845524296 0.374335836181179 0.195876820652551
-0.00312881106786007 0.0196731255413266 -0.0127442607915611 0.493658606664779
-0.0152850843258981 -0.00347383036147706 -0.293878223056787 0.211231460987818
-0.00799420943814997 -0.0131982774907937 0.00950877546026708 0.0420930593423068
-0.00014449643902324 0.00504832215339782 0.254657683526227 -0.24023347638449
0.00465727607638524 0.012291349767968 -0.12216112201693 -0.474218311206294
-0.0014896484610016 0.00111157656510321 -0.459840655966016 -0.0450186519557518
-0.0203503606280148 -0.00429132197211541 -0.148821125737722 0.332570518333323
-0.00659282873675404 -0.00033426825884946 0.144800034623688 0.204167081245818
8.40768203272837E-05 -0.000400089709028162 0.129564160409554 0.00326176077308696
-0.0107100486345535 0.00980391801664639 0.00846198649895927 -0.117822310297952
0.000239116144309719 0.00648859648234549 0.00256052588318971 0.0845323910142449
-0.0065371557984815 0.00443323042720982 -0.0805618934154686 -0.0298603505181515
-0.00191586752210751 -0.00755881494069376 -0.0890876161448076 -0.213005366416081
-0.00310981751834162 -0.0159284917705104 0.206326470878738 -0.205906961011769
0.0149463596393616 -0.00745403923137858 0.378447153178964 0.186977576999125
-0.0011206371078069 0.0196469052098468 0.000853260125676243 0.49507313443208
-0.0190687270667929 0.000187160019841663 -0.291717237721429 0.217157808600453
-0.0154113418264673 -0.0105839652866051 0.0065905205740891 0.0439445630272373
-0.00260312056458565 0.00789138779378923 0.259327426315732 -0.234306835664806
0.00618673039648034 0.0107046346809099 -0.110805823733744 -0.478167383900222
-0.00116682648589431 -0.00066405581849038 -0.460628474669228 -0.0556245378108303
-0.0183625970899609 -0.00194445500569981 -0.159665139888209 0.329118311575416
-0.00341715172017645 0.00378642359731377 0.140816276773686 0.206774285590681
0.00244640064253495 0.00206256172287685 0.131520808385772 0.00571755056944661
-0.00676566016814321 0.00986576824474086 0.00802200726358438 -0.116478863575752
-0.000941415764663661 -0.00149090372307231 -0.00175241992319424 0.0945123949641322
-0.0176105411501017 -0.00386582379467841 -0.086308530083116 -0.00250449600665452
-0.0132431200848274 -0.00952641529597256 -0.133135102429975 -0.180887827823994
-0.00186714135110269 -0.0167382105779849 0.132326513897283 -0.273867329843919
0.00816424724025453 -0.0155990870858484 0.41163771301465 0.0190716259292459
-0.00642949582093045 0.00586895695247903 0.162300331959772 0.426637453834063
-0.00788662278236457 -0.0190816740719564 -0.231152167783489 0.267804299335965
0.00774100201988679 -0.0253071964727908 -0.0217155238415423 0.0563847706605251
0.00735220082282427 -0.0141704341181752 0.296764976009569 -0.176848150191921
-0.00418463133411671 -0.00235608251801572 0.0528418280457995 -0.522520814851138
0.00183939565674089 -0.00290242081966974 -0.420860596286117 -0.235234757417473
-0.0123219061409548 -0.00734200147621773 -0.248409307955336 0.257077970555401
-0.0164283044615115 0.00022554119515516 0.0896728542279242 0.242826017149625
-0.0114986921237041 -0.00978837430908146 0.12513968136488 0.0416343622933024
-0.00942251091941436 -0.000556968595265325 0.00645350507439021 -0.106509238856515
-0.00402031473154229 -0.000105814602287774 -0.000892043708962054 0.0911764093415787
-0.0184690490658995 -0.00508951676723372 -0.0880985932018813 -0.0105713436369161
-0.0137982424478749 -0.0137051355326853 -0.123909415657253 -0.188017864663318
-0.00342489334329276 -0.0188645848618403 0.154196627405007 -0.261241311354814
0.00902891329452861 -0.0123210437429699 0.411743988698136 0.0562875186635257
-0.00751565056406164 0.00789509258619451 0.126876453260985 0.443353400284004
-0.00578813091320668 -0.0200804792813839 -0.246036038782433 0.254690384030532
0.0123059412037387 -0.0253730807961473 -0.014175908787296 0.0519489480351074
0.00915101005669748 -0.0141088534328201 0.289288671932673 -0.193743433208036
-0.00477279128360414 0.00068380840849692 0.0102123286113858 -0.519941355199322
0.000332704116351315 -0.000448587767161187 -0.437035619914042 -0.194387615028427
-0.0144349080087502 -0.00875436816566043 -0.223807154234698 0.277605283295923
-0.0166035947847071 -0.00389261873157497 0.103316208971964 0.235881531571938
-0.0113994224101202 -0.0108876715289338 0.124141919002372 0.0331947352070988
-0.0127090147386717 0.00044408032540244 0.00591777141106761 -0.109430218087116
-0.00655306285047182 0.001175589009095 -1.58057106442548E-05 0.0882835139108459
-0.0183272201887829 -0.00538598118448342 -0.0879537612451903 -0.0176254413056952
-0.0133863769152199 -0.0180182427208222 -0.112862271408143 -0.195860025415903
-0.00314634964067993 -0.0210538183407055 0.175407053032575 -0.246169797781767
0.0100997114579263 -0.00859862747540785 0.407270665894716 0.0950789807164501
-0.00780663604068214 0.0106049486796069 0.0876491439035622 0.457989642828346
-0.00460307106483338 -0.0190788897752351 -0.260541012930302 0.241655778757748
0.0130824509943369 -0.0247463381891237 -0.0060793573280227 0.0484540878344011
0.00827476744075447 -0.0119801083798877 0.279784413805743 -0.210053885677754
-0.00414132102997926 0.00514623747820658 -0.0337817591583352 -0.511049081837605
-0.000160988187470923 0.00152448123823751 -0.446625728222783 -0.148937583196458
-0.017330315601528 -0.00926902430392642 -0.198363976216913 0.297083550047372
-0.0165369241155122 -0.00568483933789716 0.118054970080656 0.227973719507024
-0.0101520260983904 -0.0101424817506781 0.124488278921573 0.0238754890187139
-0.0153253407473187 0.00281269053714571 0.00655493200368362 -0.112273486794837
-0.00776965168216106 0.00298774279319422 0.00105671055300913 0.0857743308906429
-0.0167280167954628 -0.00537499905734079 -0.0874586438823616 -0.0246886107767213
-0.0118302693673676 -0.0205757021559781 -0.1014977647447 -0.202482198380043
-0.0034855995278803 -0.0222426782676245 0.192970974939523 -0.227843440692331
0.0113973531105625 -0.00619353983329334 0.397048469919338 0.134016493951346
-0.00713747371192227 0.0137051456326625 0.0492883305761881 0.472997033253591
-0.00575876931144184 -0.016118297754608 -0.273143379414389 0.227740830061335
0.0101141076685503 -0.02236969323478 0.000346270784737994 0.0454852039779964
0.00639169794004979 -0.00828048896196091 0.269290660852021 -0.224622617186763
-0.00278979477606587 0.00842617504168877 -0.0728264067787882 -0.49859148121684
-0.000784404785809251 0.00330241356953927 -0.4547595844634 -0.106386335826554
-0.019515126451855 -0.00947598452340106 -0.175250218524464 0.313608171257862
-0.0149805727464527 -0.00666552399141574 0.130253355427848 0.219322595515953
-0.00841858229638829 -0.0085133194352544 0.124770205142044 0.0151595903250153
-0.0163168696343336 0.00491829214555417 0.00655643625720536 -0.114854117730089
-0.00741242185584252 0.0046910285563812 0.00135484493404614 0.0840324198005338
-0.0144157832990632 -0.00371837285391822 -0.0864459198570467 -0.0297684421601539
-0.0091474485566312 -0.0196108417813805 -0.0926652437308877 -0.207120556655454
-0.0033478490287747 -0.0219262621774569 0.206119177077407 -0.212854114072526
0.0125360043579838 -0.00409794917162974 0.38584309759579 0.167270564428126
-0.00614643751999545 0.0163640319017229 0.014597138048148 0.481717498641388
-0.00777356313897119 -0.0123458884245891 -0.284805589519701 0.217087908923399
0.00584969612389519 -0.0196316977413258 0.00614316882238834 0.0421398308759171
0.00465713107273415 -0.00394210926339837 0.260216047950103 -0.235096507069693
-0.000202870396810363 0.0108942601903412 -0.103435333925975 -0.486037230503158
-0.00110196558926264 0.00359961644099226 -0.45791917478207 -0.0701105549659693
-0.0206602508299012 -0.00791790152113405 -0.156320766239929 0.325929208510442
-0.0130696162977576 -0.00588663784862259 0.140184647563051 0.210554210501356
-0.00605754290105079 -0.00633014975569008 0.125499297025761 0.00786270241732895
-0.0155349155181826 0.00692099165164183 0.00737049421599434 -0.116722982404917
-0.00590823218508733 0.00576231909869791 0.00266629986359753 0.0828879670060562
-0.0115918159166375 -0.00128651993718076 -0.0844857353619933 -0.0325612064620679
-0.00625826044681301 -0.0175818330048283 -0.0878207582799452 -0.210746856779203
-0.00325376331629314 -0.0209311357907926 0.211958578826256 -0.202811027210343
0.0138147438481573 -0.00372454225675863 0.378865759055007 0.188201664352558
-0.00467373819367276 0.0181541829007359 -0.00579048102116787 0.488197556288101
-0.011456401123165 -0.00812128334812411 -0.290656863522174 0.211535414317921
-0.000962523448352135 -0.0165437674605117 0.00971213197739463 0.0416933449039914
0.00227975888054136 0.000452602988452533 0.254390377438477 -0.241300940204513
0.00234152292786013 0.0120644894753172 -0.121249425014882 -0.476825669373154
-0.00148265696374491 0.00255209275159889 -0.458545189490488 -0.0485413780731067
-0.0208361954089989 -0.00603304739694714 -0.145496455658486 0.331953492517184
-0.00998869129492414 -0.00355341771397754 0.145770730609702 0.205160919311028
-0.0032766464490789 -0.00299845674499227 0.126976125115585 0.00417510244375597
-0.0138914518171981 0.00906297144431284 0.00720759307083093 -0.117774323404135
-0.00375422711143485 0.00677272919920992 0.00284747667426157 0.0832444304443962
-0.00881395476739686 0.00242743633733112 -0.0827548554817747 -0.0327624093384415
-0.00361332702156441 -0.0128184143913232 -0.086106550764009 -0.21238878434064
-0.00324354278085277 -0.0190594695382115 0.211869350086299 -0.200851203707901
0.0144578967886993 -0.00503690244255959 0.373901664294865 0.193046045411415
-0.00293178993309872 0.0196819912234746 -0.00949072867127999 0.492569521588685
-0.015649199711861 -0.00341922984057496 -0.291808190048178 0.211978883514056
-0.00855605810134705 -0.0133072101319322 0.00919615476973761 0.0418277000399654
-0.00019447788921672 0.00498736460651116 0.252274886471165 -0.241582347400566
0.00483365692584399 0.0121753475642332 -0.125662643152404 -0.472305777109713
-0.00121582338687403 0.00159730744349589 -0.459756487444893 -0.0411483581438385
-0.0200636762533614 -0.00403403381963223 -0.146209966509831 0.33282094663166
-0.00638853316267465 -0.000282778836553661 0.146145609221633 0.202597855972324
-8.91571611550505E-05 0.000122723214370223 0.128768262383726 0.00264701917007461
-0.0108726337798215 0.0104148908282777 0.00777216885562373 -0.117394567594114
3.0622614706927E-05 0.00648588055985631 0.00290910150136301 0.084491508694296
-0.00619943320273069 0.00477085973207643 -0.0812412737083487 -0.0298433376663566
-0.00215735299095158 -0.00733267244384895 -0.0903303333906112 -0.211041959259809
-0.00318351534900906 -0.0160880724014461 0.204290888876905 -0.20657247517541
0.0148820119366495 -0.00794254042397485 0.377513896062204 0.184933951475497
-0.000642956692832948 0.0192100144901459 0.00292958446593481 0.492445263274075
-0.019389130548816 0.000448705598508985 -0.289243803016806 0.217952592609315
-0.0159040116216498 -0.0107492069295051 0.00648885927160461 0.0437900063397804
-0.00280194405002558 0.00784779855562539 0.256434535873899 -0.235873589036477
0.00645248393317733 0.0106795409345523 -0.11250823245531 -0.475209699867183
-0.000951716412506082 -0.0005044886586023 -0.460928495672493 -0.0517947663158562
-0.0186127436286562 -0.00150898444333577 -0.157644784083571 0.329332913424784
-0.003955947933103 0.00414044338349111 0.142466513889006 0.204463922899559
0.00264182609593006 0.00233138593847246 0.132184954934771 0.00532073862114908
-0.00662273240424128 0.0106366915673102 0.0070611268513166 -0.116130091914079
-0.00115729706482073 -0.00109223963000541 -0.000874924840589504 0.0944714798567299
-0.0179954551504349 -0.00359382435475673 -0.0864588701418442 -0.00259737389968092
-0.0131000812943188 -0.00912288271214049 -0.134588539612171 -0.179781239100979
-0.00235077835105709 -0.0165433862286042 0.129761465367439 -0.273927920642973
0.00783630891959959 -0.015660325447187 0.410314022659156 0.0166548818268669
-0.00651688127848884 0.00594052616021535 0.163272405431083 0.423998842151056
-0.00854495536953297 -0.0188537094267032 -0.22902912771123 0.267959035444419
0.00745010148859626 -0.0255799985603061 -0.0216348773535271 0.0561455882998465
0.00726882555898817 -0.014464153550831 0.294822938304203 -0.17778221705694
-0.00417257138182467 -0.00219869377027522 0.0495693095743085 -0.520563904229726
0.00156317820172717 -0.00269737277985005 -0.421445507301328 -0.232076619636275
-0.0121439937049902 -0.00730974049421963 -0.245630874454505 0.258257252971445
-0.0165947601707719 0.00032500729954974 0.0911339408900566 0.241228110385623
-0.0117354466234777 -0.00977589160005578 0.126359262313758 0.041152471192345
-0.00978509996078281 -4.69913881626484E-05 0.00537561008782041 -0.106229100302329
-0.00413980589953419 -4.10765040187609E-05 -0.000401988970098945 0.0913041120393657
-0.0187842018565642 -0.00506370531983532 -0.0876392433713163 -0.0102631228587401
-0.0139513180254484 -0.0137917502910321 -0.123981595736347 -0.186827259872047
-0.00343355114225945 -0.0194082564601924 0.152229703896613 -0.260732392907814
0.00882348598090264 -0.012160696906925 0.410995340960023 0.051847109083582
-0.00720283891686558 0.00799194150981545 0.128500278035926 0.440963244855482
-0.00635046217044369 -0.0199254132588194 -0.243518175532188 0.254640473254742
0.0117979485557138 -0.025601691574321 -0.0136376724306599 0.0520168328865374
0.00850872226700615 -0.0144283462619866 0.287346607447984 -0.194984872147299
-0.00530415229974824 0.000563145930721154 0.00736727049722349 -0.518585448255413
0.00042327075769934 -0.000306165097392725 -0.436490489570315 -0.191472075835671
-0.0146865729452624 -0.00823289836218932 -0.22161140319745 0.278751736003095
-0.0165674620985141 -0.00370788873057518 0.105182366074446 0.234575675069456
-0.0113585240622923 -0.010518190440817 0.124634471478163 0.0324897059174601
-0.0131658862094167 0.000813336243499255 0.00538632974844978 -0.109028785456557
-0.00660294871941004 0.00161368409215629 0.000502506782343787 0.0880353188092373
-0.0183337206531402 -0.00511789225022665 -0.088676194817466 -0.0170567668529902
-0.0137773004137975 -0.0180709723386052 -0.113715489339664 -0.194532764164597
-0.00405081793792107 -0.0209824963252277 0.172267493226293 -0.245940747704596
0.0100114936830922 -0.00877423787286729 0.40450329156093 0.092631830638506
-0.0074062922580296 0.0105713615666246 0.090425899270756 0.456539572314127
-0.0050362008688907 -0.0190172303363042 -0.258775042714569 0.241358511242552
0.012485512963692 -0.0248828705753758 -0.00634293172225906 0.0484985568002998
0.00792975794357413 -0.0124548167694082 0.277765785857361 -0.210699847678696
-0.00447011019816806 0.00453032546287129 -0.0368825277753719 -0.510031613088213
-0.000202285167706193 0.00233719536601613 -0.44621451897466 -0.146527076053935
-0.0170633868715231 -0.00919992342961174 -0.196701391982644 0.297452488752525
-0.01648336912215 -0.0059640927872076 0.119434931758217 0.226605337803395
-0.0103412012281677 -0.00978921283394399 0.12428012112952 0.0231661526794561
-0.0152813572215259 0.00318024945009326 0.00587406704569109 -0.112079080597322
-0.00731036037401252 0.00320896317005658 0.00171519669665433 0.0858643074736554
-0.0172219524557596 -0.00479484912973682 -0.087984891695479 -0.0242122038858753
-0.0119488157656052 -0.0200130583412614 -0.103376995623418 -0.200492389510814
-0.00412161402945716 -0.0223957275629427 0.191385450361636 -0.22846248964561
0.0111014784479144 -0.00606300361065433 0.397146706971631 0.130781210449773
-0.00666562485072046 0.0136775956230028 0.0516987881186175 0.469605701628887
-0.00598315967811631 -0.0161036931440539 -0.271502528750075 0.228340509591923
0.00984482044476019 -0.0227400530903633 0.000570167962500118 0.0454538500599205
0.0069622011717668 -0.00832601002175962 0.26652432721906 -0.225911917538143
-0.0025447822437364 0.0085625866813964 -0.0755647473720382 -0.497558567564177
-0.000529933734319344 0.0033006259197175 -0.453576806360583 -0.103752652456112
-0.0194549311080339 -0.00904111541798835 -0.172948288500665 0.313305334998144
-0.0149317915026051 -0.00669435261336573 0.131318550522287 0.217909862747959
-0.00903936215763395 -0.00817671663418345 0.124794735769743 0.0145132543333431
-0.0164545308243685 0.00570905788097469 0.00624711302994627 -0.114712415952036
-0.00723909967369071 0.00485655394039501 0.00288498206529124 0.0840481571926508
-0.0146748632299225 -0.00325573149162678 -0.0864164444962536 -0.0295758657759002
-0.00892270584720598 -0.0200583148482346 -0.0947210416749089 -0.206068173790448
-0.00366571564014045 -0.021919761749496 0.204199734635305 -0.213193648216441
0.0126811244947619 -0.00434032825489197 0.386038023805841 0.164377779796511
-0.00565635612343173 0.0159115277355502 0.0184893503629724 0.480088021794552
-0.00778741272484382 -0.0122080498123302 -0.282113096496117 0.217337013748181
0.00532796555688162 -0.0196581432893959 0.00627522763398193 0.0427154595077187
0.00483584890078437 -0.00434850944628597 0.25727707313019 -0.235607514427384
-0.000736404273801209 0.0110483003483195 -0.105853929751501 -0.484492766644282
-0.000989866476479514 0.00404099933677374 -0.456444344594038 -0.0670594404521309
-0.0208684877960719 -0.00738401159770458 -0.154329306458574 0.325289091723348
-0.0130807268516369 -0.00555151021997805 0.141094060427768 0.209090481899636
-0.00664510917004169 -0.00549910492504638 0.125770426336559 0.0069464454639826
-0.0159230502587344 0.0079799054135141 0.00662401515954656 -0.116821117050456
-0.00606672463416668 0.0062315289802067 0.00310621978234172 0.0830512290326309
-0.0112481397371741 -0.00110292717077617 -0.0851041497514129 -0.0329762604616697
-0.0065108507160443 -0.0169801870305228 -0.0894086496777416 -0.209233432492836
-0.0036597332365676 -0.0203274941121586 0.209914356996291 -0.203728090496385
0.0136079346168313 -0.00422574422952133 0.377123270130491 0.184678898688193
-0.0044298820475092 0.0180904485920423 -0.00206641532038826 0.487124035461437
-0.0114944454984771 -0.00795847630536515 -0.288930922717826 0.211668327700652
-0.00124068805338578 -0.0165739071640698 0.00970880030764566 0.0412851535948314
0.00229774735376264 0.000504407179486403 0.252268198333339 -0.241969072875907
0.00221464828830291 0.012443854952447 -0.124482351303585 -0.475841628855976
-0.00148018995775528 0.00300548872514284 -0.457361073342011 -0.0447344694666169
-0.0211216539098371 -0.00630685211241146 -0.143626465861475 0.331685318962497
-0.00966527586104512 -0.00369976356255262 0.146986453212008 0.203661324446132
-0.00360906193273664 -0.00351341639615842 0.127159164142554 0.00310671261018188
-0.0136987766352572 0.0096732232186926 0.00639096915153731 -0.117463348709573
-0.00338066906168861 0.00669842029160441 0.00394407772841088 0.0828567858465081
-0.00860524150277918 0.00220732439324112 -0.0836326280674453 -0.0324777447768257
-0.00391210953701507 -0.0126595520531321 -0.0885337954065226 -0.210475907927532
-0.00358371226090404 -0.0186231193530866 0.208981934481658 -0.200746447892554
0.0147343460687128 -0.0050244493563782 0.372812662123918 0.191198782383509
-0.00229445078645226 0.0195867121755664 -0.00747380656522863 0.490249910012958
-0.0157855364934616 -0.00335990643484543 -0.289726303282322 0.212082460663434
-0.00914107856764052 -0.0133392765630024 0.00958091584754849 0.0416171415513524
-0.000351772760269959 0.00472883849997937 0.251013600580935 -0.242083551483954
0.00457031777537796 0.0116801405646188 -0.128567608911427 -0.471019870110948
-0.00120176178044991 0.00189876486888754 -0.458175114393127 -0.0397829609779421
-0.0204392899250718 -0.00351011062713628 -0.143422521493087 0.33348288740753
-0.00650211772502927 -0.000488139810495527 0.147869270552223 0.201405410300665
-0.000755035130575525 -0.000519335973752416 0.129262481778392 0.00245267573615198
-0.0108331087308384 0.0104606751319164 0.00624343896102019 -0.117108177609045
-0.000242046550921009 0.00696382478169104 0.00374259375382956 0.0841450732318113
-0.00619535891221768 0.00527073354385135 -0.0821341055012743 -0.0295603753205769
-0.00209628986421611 -0.00694629707480316 -0.0925666927367551 -0.210331656034894
-0.00377181654301791 -0.0157618445743399 0.202033242723404 -0.206451886534815
0.014626234448474 -0.00814673661260658 0.377435420458483 0.181937175251835
-0.000559276569276323 0.0193851931133893 0.00614513103959259 0.491694092500239
-0.0195212839340199 0.000626411497695427 -0.286356588845162 0.218941076789927
-0.0162722236808598 -0.0105869884397219 0.00646106536139058 0.0435230413644773
-0.00280573310547306 0.00740135373740368 0.254193105002317 -0.23587037998808
0.00632895050662128 0.0101464682025932 -0.115218849583754 -0.472836325887231
-0.00116411819843344 -0.000210116961891493 -0.458477537875868 -0.0505141229304067
-0.0185645849105538 -0.00111367076787974 -0.155581436414762 0.329586347048945
-0.00324964668716892 0.00367853951376756 0.143311582477237 0.203042331318812
0.00170359427529373 0.0021589118544726 0.131616016904156 0.00469606013495095
-0.00678046894765755 0.0110790565283231 0.00630823707369206 -0.115701659143902
-0.00157771260846636 -0.0014222379038634 -0.000152087480293405 0.094067963670742
-0.0181150800549948 -0.0028301140905276 -0.0868943037253458 -0.00201394794034322
-0.01338938770557 -0.00884112037856051 -0.136181002490358 -0.178253519600578
-0.00250585238355877 -0.0164983972857319 0.126808968520368 -0.273913542753879
0.00789673434800364 -0.0153660486059254 0.408923334882748 0.0135728671250115
-0.00631544692594163 0.0060842254003761 0.164289574450132 0.422008260249322
-0.00939978026270488 -0.0184934000284223 -0.226821264450455 0.267576032301596
0.00704801339426728 -0.0252065691043709 -0.0217108003430118 0.0563473130527978
0.00720279191907876 -0.0141345464286488 0.293292133056307 -0.178282953074757
-0.00433711599810017 -0.00238551158227351 0.0462216564270839 -0.520141466241557
0.00178463017479714 -0.00228260771269043 -0.422404283244487 -0.229398065925012
-0.0117673682048878 -0.00642274555085299 -0.243121839893152 0.259103823366506
-0.0156364282164042 0.000178546771774347 0.0929534609659142 0.23963243377018
-0.0124944866550915 -0.00965445278989184 0.126044324504151 0.0400420484851559
-0.01025718206251 0.000145757941810379 0.00488638679994256 -0.105378706076755
-0.00398105107952555 0.000150255598807136 0.000570878879875401 0.0910852932583916
-0.0189127703820995 -0.00413428397845764 -0.0883495225306209 -0.0102542715029534
-0.0144424284961425 -0.0133156775747872 -0.126128191073172 -0.185153573547817
-0.0035092801480918 -0.0189404018261539 0.149604537074819 -0.261429764078428
0.00859996969279065 -0.0126549538377524 0.409035667643411 0.050897142160653
-0.00715290506339907 0.00825981724817586 0.130187617999864 0.438106056195283
-0.00691699225304094 -0.0199871585965233 -0.24124034968154 0.255114638911793
0.0114399812894022 -0.0259701183179851 -0.0135658999446023 0.0514212072499139
0.00828323968890624 -0.0150796124767854 0.284314095083825 -0.196060406973202
-0.00508139569114173 0.000410091003067017 0.002872644441664 -0.516306904919948
0.000718688732187412 0.00044754020168411 -0.436332883819366 -0.187930587338448
-0.0140776003260018 -0.00835362438063171 -0.219452026041606 0.278413456211567
-0.0166327028146635 -0.00372017256239694 0.106636593821769 0.233053846733432
-0.0120973140955761 -0.010473544818731 0.124935964653354 0.0317884194220107
-0.0130078073809451 0.00178336206923572 0.0046124300755234 -0.108767539780282
-0.00653551598893706 0.00171435641813911 0.00145353089034345 0.0880935718638001
-0.0184578199931047 -0.00475410201930201 -0.0887833202461048 -0.0175491446167001
-0.0136029926010867 -0.0172481684003785 -0.11530819957166 -0.193614114642096
-0.00397262370760167 -0.0208574072120871 0.170812114649689 -0.245563163980203
0.00960850602225951 -0.00893835141922985 0.404297283088422 0.0900853937054803
-0.00748400686278469 0.0111671804279539 0.092415146271622 0.453369841145295
-0.00565066333322226 -0.0185226654642443 -0.256140784368239 0.241978732738392
0.0119617082904588 -0.0248460854869408 -0.00591377838439785 0.0482659657668134
0.00802301033602287 -0.0121496387807714 0.275406017383599 -0.212055002075216
-0.00459119648467177 0.00439272065345898 -0.040415926405615 -0.508313955975004
0.000232226755964883 0.0019730240130388 -0.444887187818215 -0.143540628237269
-0.0174042027035283 -0.00905864557132462 -0.193924488205709 0.29720520122693
-0.0161330824033246 -0.00584999675220803 0.120623523078954 0.22508718191664
-0.0112920718726461 -0.00989071495212437 0.124898910303068 0.0221569266414186
-0.0155372387707163 0.003773979406004 0.00550646738557036 -0.111724649134714
-0.00781766603355075 0.00319124311915637 0.00258526229850291 0.0850344605496265
-0.016750254835321 -0.0043180889100055 -0.0884855861510718 -0.0240490377255612
-0.0120845314162415 -0.0195987049805049 -0.104421812352388 -0.199532617106973
-0.0039396636220651 -0.0218338817871077 0.188716394778858 -0.229233518393739
0.011153419096066 -0.00624028494121538 0.395810812006343 0.128555959952411
-0.00695824709327208 0.0138340085474629 0.0538386039243461 0.468898410156002
-0.00634805579202193 -0.0160923371446429 -0.269308629275842 0.228378053441697
0.0097391095011678 -0.0227055710300409 0.000509614934018969 0.045041120164826
0.00630273491521335 -0.00831974570753924 0.264514923534 -0.225355492810062
-0.00271945651025556 0.00856977478050425 -0.0794575410384577 -0.494760754458193
-0.000646925811723943 0.00344868260886726 -0.452617154542092 -0.101514267906385
-0.019608068426019 -0.00870603875037005 -0.170938867912973 0.313903386536552
-0.0151376577756971 -0.00661674252781924 0.132946491079957 0.216594413697204
-0.00925453669762308 -0.00791438661542583 0.124915577666296 0.0135127039872636
-0.0162743743965507 0.00561463139938835 0.00473413290694058 -0.114178393784994
-0.00771157683310218 0.00519196092944012 0.00289290887185979 0.0838660142100705
-0.0147003798806456 -0.00313763773213545 -0.0866807856484682 -0.0290211056147532
-0.00950667311618785 -0.0192227868112721 -0.0955258217777084 -0.204478619326001
-0.00410374089805712 -0.021771420108279 0.202354759437965 -0.212685565572508
0.0124724555799113 -0.00478730759991147 0.385438890266228 0.161315330278083
-0.00581481665788275 0.0164255403889067 0.0197823692573947 0.478386026984633
-0.00807272615392852 -0.0118086475478123 -0.280217163146612 0.217737201414295
0.00494785408405656 -0.0198731316857533 0.00597585477745085 0.0426416399067641
0.00464571714995484 -0.00451264955422371 0.255323698453111 -0.236248922779268
-0.000339459163130463 0.0107416301026176 -0.108731010783442 -0.481779852605418
-0.00132571330747712 0.00409964122111376 -0.455748090361562 -0.0648398983545239
-0.0208782227559744 -0.00774339384741181 -0.150757908912566 0.325125867091953
-0.0127886835000643 -0.00563691945485861 0.142598111287249 0.207857984431872
-0.00706183241567381 -0.00539291778061829 0.125300246034827 0.00624088315141413
-0.0156099762327096 0.00797936452577797 0.0059201495013593 -0.116239205560352
-0.00621798400014668 0.00613331037028986 0.00363050729688279 0.0826545279953835
-0.0115191766111764 -0.000115509005819169 -0.0852500806315689 -0.032030883533325
-0.00675314096164365 -0.0167087844224356 -0.0911196899151888 -0.207816836478825
-0.0037240314973 -0.0206568107481007 0.208421813996708 -0.20299244694773
0.0137685874853543 -0.00407052142006945 0.376705831900462 0.183435154926516
-0.00402281245633621 0.0184793522350843 -6.49606008916587E-05 0.485700349736791
-0.0114149314043392 -0.00772844503994422 -0.286567175864074 0.211930297231263
-0.00134008107100958 -0.0163072274755167 0.00948014619267342 0.040896908881728
0.00234897853661488 0.000624910424167936 0.250028802021311 -0.242197978976019
0.00230460443501197 0.0121223806853681 -0.126654799554712 -0.472328707524656
-0.0014762298887338 0.00331219934637024 -0.457171717246597 -0.0429622166790605
-0.0211147489813596 -0.00568143779727448 -0.14005718394503 0.330860401665991
-0.00968735484943783 -0.00368339227338317 0.147639565733631 0.201658405119543
-0.00399849722206599 -0.00282875758589144 0.126714667310697 0.00195519831324329
-0.0136107470045991 0.00987640267635584 0.00562112192707955 -0.117065257298887
-0.00354290132562796 0.00680015520167946 0.00390396098652812 0.0827689561485195
-0.00862182800120478 0.00239696478169258 -0.0834143867165481 -0.031947735211398
-0.00401206922728092 -0.0126951608175995 -0.0891447595314979 -0.209373922827568
-0.00412500798977071 -0.0181679458693727 0.207746070425155 -0.20072127119706
0.0148007148356405 -0.00531016175109128 0.373492451562252 0.188429385511682
-0.00249291890049707 0.0199101221665037 -0.00532060989516723 0.488377200278591
-0.0161486121062769 -0.0030669914605561 -0.288068795287509 0.212519357995958
-0.0095126440014294 -0.0131392425945501 0.00995366996403309 0.0414127602412078
2.83892293208602E-06 0.00401876452291119 0.247123673837702 -0.241867945596817
0.00501721626140167 0.0116867303631229 -0.129701084775605 -0.468811537478475
-0.000919157961188377 0.00187995375495478 -0.457776068652164 -0.036619044984597
-0.0203003115104548 -0.00347649860611662 -0.141076399548284 0.333218593140358
-0.00633931673701689 -0.000286599706208927 0.14819599699246 0.199275570725474
-0.00101228091623853 -0.000348618772939577 0.129400421690422 0.00117362629131379
-0.0102824599706953 0.0108873281255612 0.00530041487294236 -0.117003725365948
-0.000161543289436659 0.00685614767907842 0.00426031853605917 0.0839630632375187
-0.00594047523000669 0.00551704660549003 -0.0825329994652307 -0.0291731049602924
-0.0020231400252436 -0.00696455414310977 -0.0936407814997982 -0.207828745831196
-0.00390668781830399 -0.0157066348140131 0.199922661465571 -0.20686404953318
0.0145389957429011 -0.00813445187865408 0.378013096625138 0.178179551869909
-6.3507903037946E-05 0.019327178137094 0.00815822911071161 0.489956129734922
-0.0197071933822348 0.00122993122669117 -0.284839518424994 0.219271072646219
-0.016410769779628 -0.0107002949001015 0.00676319574247109 0.0433063140965941
-0.00280554174963367 0.00746868067589361 0.252061727393876 -0.237051476204755
0.00656716618932003 0.0104218635480218 -0.117778997110514 -0.471230478803955
-0.000905609347251569 -0.000203572891254734 -0.458546526763153 -0.0475074436738982
-0.0188398461683009 -0.00091311385730485 -0.152684822247605 0.32944611262591
-0.0036046909028768 0.00392106052876774 0.144562830132961 0.202155084468602
0.00167996011108737 0.00253225767518583 0.131487086652942 0.00303736751652933
-0.00647604506486799 0.0115524533714986 0.0051976129143662 -0.115464637214245
-0.00132494566248455 -0.00141322680857292 0.00104155467641537 0.0935903690762473
-0.018347432523221 -0.00248341972647378 -0.0872285051278492 -0.00219491440834367
-0.0134201412718017 -0.00848551133379722 -0.137881254034469 -0.177239780210457
-0.00263932410314591 -0.0166310991246223 0.125537925897557 -0.273072763481467
0.00777054014563801 -0.015598230450197 0.40628504103861 0.0107631915006869
-0.00572633932216556 0.00672142217189665 0.166403479510223 0.4189551821396
-0.00976104218191187 -0.0182156806554846 -0.224326969049933 0.267126324153938
0.00639002569837393 -0.0251530263037563 -0.021411395121343 0.0559234597363578
0.00696615049147896 -0.0150520674333066 0.289744581908482 -0.179372674882011
-0.00471026392529015 -0.00257805598766638 0.0426223884229933 -0.51761311108055
0.00145121010958799 -0.00199708710723836 -0.421237242305162 -0.226780583880719
-0.0121216547674501 -0.00628529545790564 -0.241702078254482 0.259186417278914
-0.0158767251659279 9.55936112783679E-05 0.0936968271762757 0.237981328316997
-0.0124548362753793 -0.00916555944746025 0.126386242920278 0.0387864349871539
-0.00996799029658128 0.000587495950722622 0.00438637819218219 -0.105734534138567
-0.00441888052593959 6.16484823409615E-06 0.00133186485097534 0.0904688994632622
-0.0191285232308652 -0.00363355437703889 -0.0886989183746875 -0.0100646717793648
-0.014644423464768 -0.0131643885879704 -0.127243179334674 -0.184333724763343
-0.00385559081450432 -0.0188622164749468 0.147707538878193 -0.260707997736973
0.00877370977342669 -0.0126818280985165 0.407703699049453 0.0472469142395236
-0.00732807698883494 0.0086381555172097 0.131069090244841 0.435537633856256
-0.00673560355173563 -0.0197402542924545 -0.239347147393285 0.255402974037789
0.0109972681785551 -0.0253850389518114 -0.0132776546574929 0.0515019667160998
0.0082930305375155 -0.014750009720599 0.282872185433842 -0.195991892466526
-0.00510880903255443 0.000213643446774822 0.00024609856260212 -0.515700559066617
0.000651547986761669 -0.000117305802226943 -0.435793715744016 -0.185900617592868
-0.0147430127670092 -0.00822162488137826 -0.217362503248624 0.278745688959436
-0.0165660734826096 -0.00345079764520042 0.107205060445265 0.231680577033213
-0.0124617808045059 -0.00986621894633476 0.12547800784044 0.0305707711637849
-0.0131832647881207 0.00195401540043217 0.00383210453460901 -0.108246844120239
-0.00629573217135519 0.0017971457097984 0.00188085303669715 0.087835454044447
-0.0191136452723786 -0.00457763312421591 -0.0890897801479094 -0.0169098008930645
-0.0139081351199524 -0.0168609907911312 -0.116831368784433 -0.191768336983827
-0.0043207881363695 -0.0206598660138123 0.168642969343596 -0.245308764978353
0.00979299033562602 -0.00881406454868527 0.403320933475284 0.0885989375909481
-0.00731415996951242 0.0111576600147788 0.0945459943215408 0.451777414457935
-0.00586044617828914 -0.0185249861018255 -0.254723919158936 0.241484245271296
0.0116829314576857 -0.0246977830345307 -0.00595851018521232 0.0480888587707907
0.0076837670651099 -0.0129201828373145 0.272573262888884 -0.212018050931161
-0.00402020284219242 0.00421420844332545 -0.0423603615098371 -0.50622035366265
-0.000173527162166555 0.00226273615486742 -0.445084280753024 -0.140536858127986
-0.0170129809455735 -0.00853645337354757 -0.191192575967649 0.297500988513448
-0.0162462914515055 -0.00585314425667065 0.121644301415596 0.22365892347112
-0.0115765281879866 -0.00963072958915772 0.124846922350874 0.0212961548970991
-0.0153039820127061 0.00417435125439507 0.00472176139640167 -0.111345100047476
-0.00741532855765413 0.00359224029622813 0.00368997676569961 0.0850509605313366
-0.0170185103257421 -0.00407951052684444 -0.0887990136144323 -0.0238636189097856
-0.0124510877324488 -0.0190969607541704 -0.106267456792373 -0.198315487813567
-0.00451130693004502 -0.0218211195520388 0.186011430643521 -0.228640277370088
0.0113703885855874 -0.00619937213609354 0.394056161200389 0.125417349696132
-0.0065175954623182 0.0142130132939611 0.0548375807887132 0.465456040022778
-0.00645834785257434 -0.0157976735955841 -0.26700858558258 0.228530401406263
0.00908654943013565 -0.0224329785968147 0.000815249001410915 0.0447801721249463
0.0062548702242175 -0.00937549078646651 0.262201458359234 -0.226149777227523
-0.00255449790634623 0.00825064007211854 -0.080492207884822 -0.493089711084636
-0.000351732414569064 0.00394530536632779 -0.451978247986688 -0.0976879324708984
-0.0191488810886627 -0.0085216135365015 -0.168135760372519 0.313181177445573
-0.0152858558046357 -0.00657936143228881 0.133571777252397 0.214822628286012
-0.00980304227599845 -0.00772874574176493 0.124672006067982 0.0127944102690841
-0.0161683953529 0.00653689430194156 0.00448783919176988 -0.113654538528746
-0.00788597985478922 0.00511057412006503 0.00344548863754011 0.0834548338394775
-0.0147077115784574 -0.0022852182758166 -0.0873628708009247 -0.0290655390767849
-0.00957525378492723 -0.0189945646056506 -0.097241706886537 -0.203108590649336
-0.0047275408045141 -0.0214257343205316 0.200013416203498 -0.213255893346867
0.0123183274673701 -0.00421830711890134 0.385336052714735 0.159192875680566
-0.00542237523504209 0.0165510289512018 0.022029182110304 0.476351130632242
-0.00833581598991411 -0.011897601918289 -0.278021595066147 0.218632964862037
0.00474811372553547 -0.0198851777738785 0.00591711369885166 0.0422484037033904
0.00425860240909082 -0.00448060131960685 0.252788768438812 -0.236459245347785
-1.85804578780278E-05 0.0105761016696889 -0.110414924377623 -0.479730964215541
-0.0010926054741604 0.00396706606663845 -0.454690244761145 -0.0612907569879094
-0.020760747608987 -0.00698202699341763 -0.149143698826709 0.324282915849728
-0.0129726035266599 -0.0058733445061768 0.143572305706898 0.206322018168695
-0.00705884285895099 -0.00545779499819622 0.125037188804634 0.00523668893858613
-0.015449999773928 0.00869195356523339 0.00435168654961332 -0.116154441593957
-0.00630630314132163 0.00644219036142243 0.004806538858487 0.0819981291362144
-0.0115219582203775 0.000126922884249797 -0.0861247987975647 -0.0320006342543712
-0.00665745737567674 -0.0167000786895784 -0.0918679523907786 -0.206650857306772
-0.00386817579961154 -0.0202104744468736 0.205672410969275 -0.203242624016058
0.0133932241808941 -0.00406097353911352 0.376685777606421 0.179610697524718
-0.00396542035305663 0.0184475807225668 0.00238751677568188 0.482554675103642
-0.0119527162156035 -0.00781194787896166 -0.284639807028643 0.212321038892738
-0.00224524392779527 -0.0167559565480409 0.00972269814536439 0.0403986127734651
0.00199780680124505 0.00016388516938457 0.246343582482058 -0.241996293473333
0.00277338240870642 0.0117730331327049 -0.12825030376803 -0.471334652495716
-0.00139386905768982 0.0036959225016452 -0.455424876618551 -0.0395854888731475
-0.0211686734402252 -0.00535856783754167 -0.138607758530074 0.331384787586034
-0.00978084578925307 -0.00357813893922417 0.14870004588841 0.200401870054697
-0.00399293256742551 -0.00234888094379771 0.126450598264872 0.00162069517056353
-0.0136799274945959 0.0105243706003959 0.00477479069402971 -0.117150237711282
-0.00364806858865011 0.00718411013087872 0.00509703971767827 0.0822276461811399
-0.00864859466248617 0.00272374778696371 -0.0845717521983926 -0.0314334877623657
-0.00398895144407422 -0.0121434908608604 -0.0912966189610805 -0.207916130865137
-0.00405834925092262 -0.01771577335064 0.205455515770428 -0.201199280498574
0.0143446352339781 -0.00565770177137386 0.373300615275892 0.185899943289421
-0.00181078223881688 0.0197609900466464 -0.00236445077445558 0.486819635022116
-0.0160435749283994 -0.00311426702873172 -0.285271368587476 0.212519364209106
-0.00971259957559156 -0.0133000671095612 0.00991224253943769 0.0411838473363244
-0.000477254756328507 0.00396057116704693 0.24572927617595 -0.24221160000571
0.00470768588852894 0.0115202861957978 -0.131687543715349 -0.46625366041559
-0.00108969394803728 0.0023885262364734 -0.456246291738913 -0.0337737183294432
-0.0198684893392918 -0.00294804036477213 -0.137868769580978 0.332243455930755
-0.00650805673620326 -0.000754649327761979 0.149462559705087 0.197715445232653
-0.00125614753978838 0.000528735282347462 0.129281668736556 -0.000514671517291738
-0.0103729224868136 0.0117147478455218 0.00506360124171693 -0.116423012884884
-0.000150489462783067 0.00655706356142702 0.00524598082129154 0.0834516487042696
-0.00604456727875488 0.00555243016929472 -0.0825286580013468 -0.0289851579198911
-0.00238862977208354 -0.00646253447030716 -0.0951009974873383 -0.207070109486455
-0.00424032313088116 -0.0157193242195728 0.198382164966373 -0.206934916136993
0.0143065380198436 -0.0081203956089231 0.377171484776811 0.175159889954522
4.80264456179809E-05 0.0197332896598364 0.010567695857896 0.488412322696159
-0.0196250969158698 0.000802376490397524 -0.282218853488523 0.219535125375289
-0.0168927595379787 -0.0107156043544672 0.00734296758742377 0.0427784293783554
-0.00262157046821846 0.00710259972130599 0.249662057767383 -0.2371547997636
0.00644137164868536 0.0101072755804759 -0.120817452215283 -0.468830071931873
-0.000605122515567487 -7.31012725628602E-05 -0.457147032273013 -0.0452752696291009
-0.0187050148077448 -0.00051157028803175 -0.149666375700342 0.329011146384587
-0.0030638684872607 0.00340440463708536 0.145355818864113 0.199696166430974
0.00163643490375768 0.00253226301447497 0.131583154360823 0.00253908365467243
-0.00667525562092644 0.0117935784991448 0.00480586508745776 -0.115160372930312
-0.00143900172103711 -0.00126625880177917 0.00109361337247469 0.0934117868852207
-0.0182814621733538 -0.00200800723199828 -0.0868386624521091 -0.00257713605333997
-0.0137500061851492 -0.00808050759768248 -0.138542282534927 -0.174933473709094
-0.00259744868714202 -0.0162283015595276 0.122866502679901 -0.272438442339836
0.00785809582442079 -0.0158426591446148 0.404800534530648 0.00918715198653379
-0.00596727422604393 0.0070503423677455 0.165863286058829 0.416041506184967
-0.00975294999779282 -0.0184090756776674 -0.223312537416548 0.26762654463291
0.00602643927435013 -0.0251926811506853 -0.0209519147027573 0.0554074344948398
0.00637431471854405 -0.0147459035683752 0.288073507165527 -0.17888093735521
-0.00447114465102507 -0.00256314216592117 0.0409278455072384 -0.516210491437587
0.00177101351437551 -0.00239378169943089 -0.421241220139484 -0.225335059146246
-0.0123065360247769 -0.00632597755768203 -0.23934056058355 0.259345026778538
-0.0160820621945727 9.46177078028528E-05 0.094872227534702 0.237179205999224
-0.0126087504523141 -0.00929392334094691 0.126229083217447 0.0378658126696364
-0.00978903226550218 0.00137298426934248 0.00324679556636791 -0.10523808054357
-0.00446217265740956 0.000362214360740936 0.00232960665419519 0.0910434189296885
-0.0190553175165451 -0.00330088101740733 -0.0891190759388027 -0.0098523556585772
-0.0150085685152752 -0.0124573508276868 -0.127880481153961 -0.182412282119645
-0.00395659422868652 -0.0184843581661392 0.146152834479537 -0.260181960773282
0.00795194047062958 -0.0122305570951594 0.405610238844202 0.0462669684096601
-0.0065479100263467 0.00854665673491592 0.132845379728436 0.433402652837661
-0.00766478111626214 -0.0197577564424708 -0.237873009746494 0.25461842461028
0.0103600855531562 -0.0255451912156943 -0.0131550746661867 0.0513588423251749
0.0083819163041239 -0.0144728411910429 0.280400660855483 -0.196503518066367
-0.00486301658237457 0.000406146912097624 -0.00183866101560406 -0.513441591163079
0.000773713187137487 0.000354192851436782 -0.435201959223061 -0.183802213033362
-0.0145825519139974 -0.00750069870272814 -0.215248373679529 0.278514558456922
-0.0166793806814803 -0.00352298115017381 0.108388805441038 0.229812687706444
-0.0130382767021172 -0.00995931118178455 0.125479074555335 0.0294939360327445
-0.0130578891022037 0.00260199160130946 0.00337099613832156 -0.107844918455869
-0.00696602687726264 0.0019335962320947 0.00268354137506826 0.0873567385441765
-0.0187061225445996 -0.00426990274176915 -0.0896823274599277 -0.016861824091458
-0.0142212336128503 -0.0164940875837605 -0.117695659093521 -0.190552223616084
-0.00491020517912903 -0.020784075289451 0.166292999686393 -0.245632956936853
0.0094918017078399 -0.00919370810748933 0.402344928702835 0.0855854151161013
-0.00710480911682341 0.0117086430326311 0.0962402068804592 0.44833295504564
-0.00634927273652675 -0.0184883418902436 -0.251958749081209 0.241171834042482
0.0109990632664453 -0.0248888769219327 -0.00600553285210788 0.0478246356392082
0.00765971942455934 -0.0127941438886791 0.270262803080222 -0.211908387395347
-0.00439179986410543 0.00478609023530044 -0.0441264190642547 -0.503234633914459
-6.41663132995409E-05 0.00267181872166552 -0.443583408415457 -0.139620712577977
-0.0175093166454983 -0.00814703650809962 -0.1894819278286 0.297554157594356
-0.0161062362256201 -0.00595112527997012 0.122882694312596 0.222232153347865
-0.0120149761954691 -0.00961327619848325 0.12475555209558 0.0207912015486534
-0.0150977636817006 0.00477036571054123 0.00420868784849514 -0.111233462627506
-0.00774416592103877 0.00346457041942246 0.00425376881313868 0.084818733115919
-0.0171598082633166 -0.00363650105895824 -0.0889636454854923 -0.0237891853877862
-0.0125637264683615 -0.0189931944462167 -0.107302388026364 -0.196809156616804
-0.00481708705672564 -0.0218025292375466 0.18472091036977 -0.227654799124955
0.0108059125825091 -0.006277105084767 0.392713365258707 0.123663406640553
-0.00649907999590993 0.0144672881278143 0.0570994959226844 0.463186826501765
-0.00651441692839586 -0.0155088164197782 -0.265098853977554 0.228474007807586
0.0087356356618002 -0.0229412894091916 0.00159304357287916 0.0443244996291522
0.00633884818547819 -0.0088846791500369 0.259938221979447 -0.226180743714805
-0.00277382877400074 0.0083096358108462 -0.0834425699245743 -0.490859539545046
-0.000199917283263233 0.00366820617374065 -0.451430635875158 -0.0964072089309674
-0.0195540097801121 -0.00814192855199881 -0.166255532700818 0.31194723547572
-0.0150802507970834 -0.0067570051468036 0.134648302513086 0.213534187090809
-0.0104767266215171 -0.00765630671050197 0.124679012082872 0.0122634436040117
-0.0161363218730741 0.00720445679838326 0.00378276736073818 -0.113036430676079
-0.00751108012678782 0.00491790364954861 0.00463678108447824 0.0828369088389687
-0.0145311785456046 -0.00226523321485215 -0.0879122708994162 -0.0290344617516014
-0.0093089604173448 -0.0186444381679037 -0.098340489036753 -0.201827861217014
-0.00461244518268293 -0.0209117962110337 0.198068498028789 -0.212739218272925
0.0125204740754066 -0.00423935256971183 0.384316619026154 0.15699647786225
-0.00502461533991215 0.0166316187145586 0.024197163152082 0.473725728250145
-0.00859469141099259 -0.0119898720238131 -0.276378372219728 0.217777445663123
0.00410618094143511 -0.0198119622379063 0.00629489434018306 0.0418115248381916
0.00443839826857961 -0.00506949068821527 0.250170566947324 -0.236393824184727
9.03557576499257E-05 0.0105799328488616 -0.112489577446845 -0.477216841489095
-0.000609728793574357 0.00427323140940445 -0.452670037763719 -0.0607376538602403
-0.0206387344660127 -0.00673420785974332 -0.146146883875817 0.324208218301876
-0.0127076608656214 -0.00595451683085669 0.144280226187394 0.204631722312904
-0.0074609941596789 -0.00516222848216889 0.124985403927803 0.00454755243717991
-0.0156063527330885 0.00944346073941279 0.00373101790162584 -0.115552951701428
-0.00639720162262349 0.00610784815503861 0.00530308178075198 0.0821652274348701
-0.0112884873990412 0.000341063420443724 -0.0861125487426336 -0.031298366828779
-0.00679315870815279 -0.0162790135206137 -0.0935456690755191 -0.204344916225309
-0.00458791968231358 -0.0196753643950017 0.203838037842731 -0.202807750524434
0.013585611351051 -0.00434793504348194 0.375913621816289 0.177428594252168
-0.00392733709120605 0.0186286695978805 0.00411377444712822 0.480781001404134
-0.0118919380956584 -0.00744023148541946 -0.281693596371001 0.211887492256117
-0.00235038677016143 -0.0165894892460419 0.00981327287955762 0.0405614144757318
0.00205802876328697 -6.3442181402671E-05 0.245215224723731 -0.242415206838201
0.00221850475028038 0.0119618704222116 -0.131553368861669 -0.468457587766632
-0.000635190591890861 0.00377000296450715 -0.45386010919783 -0.0381865354921329
-0.021143682525655 -0.00500214911076498 -0.135973035953367 0.330054235701229
-0.00996216356377499 -0.00401166296804335 0.149476734641303 0.198765683067914
-0.00468585454861273 -0.00269434193676666 0.126407552207734 4.19190530847071E-05
-0.0134185119960719 0.0109329796097518 0.00411199840920282 -0.116216566590731
-0.00391770108861492 0.0071777437423009 0.00491132601155344 0.0821631921639774
-0.00848165505597896 0.00350227336448528 -0.0845213033260688 -0.0313530766426363
-0.00441631734491993 -0.0114182118182022 -0.0925326349078902 -0.206129803469961
-0.00441886636928395 -0.0175078082078776 0.203727840131926 -0.201048289921688
0.0145005536768698 -0.00528275124191043 0.372727082819131 0.182605246934772
-0.00201419050555473 0.0200767903922615 -0.0003834117764388 0.483892013161007
-0.0162925185625625 -0.00261124309166091 -0.284057074431145 0.212477423160792
-0.00939816625836962 -0.0132490990454141 0.00973822244995425 0.0408575256105768
-0.000388325547991764 0.00405597407696885 0.243566134063985 -0.241777342840661
0.00470480592040245 0.0118535182249002 -0.133703383834057 -0.463799469459719
-0.000510696584662909 0.00213296958274396 -0.455038940844943 -0.032389894570706
-0.0200634223501815 -0.00276484002457109 -0.13592341970525 0.331131823547445
-0.00673741713184356 -0.000956856310786087 0.150225269066121 0.196341221185744
-0.00161489190055578 0.000282101780623984 0.128430340410062 -0.000925512905453545
-0.0104476453541907 0.0119660901207945 0.00380248393077349 -0.116614457752577
-5.53417142045804E-05 0.00668347408824032 0.00588235110348269 0.0828522186290102
-0.0059326997017553 0.00611523482729193 -0.0831497739689102 -0.0288082209148983
-0.00230226664864262 -0.00605236996649096 -0.0962030909985845 -0.205018888369725
-0.00416448837732865 -0.0151292169526963 0.196193654959567 -0.206654599436788
0.0145298806002546 -0.00827021551629249 0.37489729694304 0.17390196040343
0.000384901654721324 0.0196709760944394 0.0126673551013938 0.485113881953541
-0.0197396462197825 0.00127051970180371 -0.280026194245503 0.218780157744622
-0.0166983797092369 -0.0107556203586984 0.00711976827887501 0.0432076864332098
-0.00372321914978699 0.00681305733734763 0.247590721078491 -0.237059877537238
0.00601980385006505 0.00976070216732016 -0.122344081944202 -0.4673847024973
-0.000284817348929603 0.000527070261414511 -0.455517277750213 -0.0438511371830828
-0.0185589897886832 -0.000647711985189262 -0.148201741803218 0.328357873575511
-0.0034648904233683 0.00341967313290217 0.146345052750691 0.197961210149088
0.000721608206716543 0.00270632182793233 0.131106148580417 0.00197502356026115
-0.00637850921360279 0.0118673017142863 0.00364682497754027 -0.114788249830932
-0.00147355401433175 -0.00119912940213396 0.00227098533924998 0.0932474697663489
-0.0182724161417115 -0.00175082520784909 -0.0873078802290657 -0.00236602846921483
-0.0139482414183822 -0.00764149015922962 -0.139396615149326 -0.173143749016987
-0.00308330932603744 -0.016136602717559 0.121685453078149 -0.271354243231381
0.00717078266107776 -0.0156282988920815 0.403390265378206 0.0076141665374662
-0.00510119529667268 0.00712873207209324 0.167092536460774 0.413447865854459
-0.0103809561887107 -0.0180929374316153 -0.221771884673624 0.266345368846279
0.00551058448299103 -0.0250394099493585 -0.0207557366489552 0.0552925535894197
0.0066467610785584 -0.0150538568880013 0.285739233410741 -0.179282743171568
-0.00430949671205898 -0.00308844931037075 0.0366766119006244 -0.514851464571914
0.00219580637105629 -0.00214137870263523 -0.419515930349613 -0.223218277125545
-0.0122443807653084 -0.00618018825183936 -0.237361372624598 0.259559483133885
-0.0157571051557403 -0.000340598300084695 0.0957950197506303 0.235283135590825
-0.0134275276458879 -0.00862981461254069 0.12647221193514 0.0375927004993932
-0.0101059013643567 0.00190496394977691 0.00286544614049594 -0.104546833737548
-0.00446368379976083 -0.000229095718838926 0.00283563104245886 0.0899210620725196
-0.0188456644514601 -0.0032704173740139 -0.0889391366207843 -0.00986799806872715
-0.0150072326297675 -0.0122728942693418 -0.129088572407752 -0.18167207556483
-0.00459946228553884 -0.0186630356063289 0.143518194293754 -0.259603071002688
0.00817382253970561 -0.0119596486532998 0.404508982293087 0.0440356108824433
-0.00669935280668025 0.00903375553666838 0.133400654139726 0.430512001317929
-0.00788611146523783 -0.0198860709859819 -0.235622075813752 0.254024739491435
0.0101592774788945 -0.0258105157646806 -0.0125856185510312 0.0511475355465905
0.00779718962617235 -0.0149610277506154 0.278612991682945 -0.196733417032156
-0.0042854222661388 -0.000277384405268481 -0.00247259516147486 -0.511392889292282
0.000844911121880036 0.000652887776910287 -0.435123216680686 -0.181855190466401
-0.0144961130703639 -0.00752895533965071 -0.212717110093644 0.27762272470684
-0.0164094228255404 -0.00378430574446299 0.10926700938222 0.228896877375961
-0.0131612716137621 -0.00958026639016572 0.125591200336145 0.0292659978029825
-0.0132984267593711 0.00258209695107619 0.00292854181355589 -0.106745818003111
-0.00694436779428645 0.00180600525727591 0.00349984778828979 0.0875324239682443
-0.0185962930321547 -0.00371324191757473 -0.0899484952973541 -0.0165956784079314
-0.014265567008891 -0.0161701974489109 -0.118827489997577 -0.188803274486692
-0.00465610731074067 -0.0204346806723818 0.16453590231421 -0.244768898514621
0.00938238181673843 -0.00883745717290227 0.400085437534074 0.0832864307286854
-0.00683996926991813 0.0118257786853727 0.0965276808512174 0.445606589365194
-0.00664020862256767 -0.0181206418568068 -0.250727626885138 0.241644652567047
0.0106958359453059 -0.0247270969173389 -0.00533722012191596 0.0473273153358169
0.00748750843005824 -0.0128235699255823 0.268141499721797 -0.21235565162389
-0.00422820468646431 0.00441731389361954 -0.04499732779625 -0.501416930854412
0.000312202465513643 0.00294597045224674 -0.442694987737061 -0.137900280175846
-0.0169162828232957 -0.00786150538685465 -0.18746659064976 0.29667222514819
-0.0164866542617629 -0.00610109346017489 0.123592424136761 0.22056135381357
-0.012683870089344 -0.00913510538682431 0.124865956036235 0.0201512667304081
-0.0153373760688908 0.00517088216497463 0.00296332074402218 -0.110534687295123
-0.00808255340038171 0.00335415228229082 0.00465786847966514 0.0842769670671537
-0.0174152296547531 -0.00316333819677609 -0.0892463046081266 -0.023797346846853
-0.0122486888851753 -0.0183459722937279 -0.108495426619441 -0.195141378674422
-0.005243340647193 -0.0207444158434693 0.182649056516598 -0.228044998212345
0.0108988269832579 -0.00607303049219118 0.392112649176798 0.121954188649131
-0.00615810732075603 0.0146643145302 0.059133506186912 0.461318824782624
-0.00680098675767388 -0.0155006992163793 -0.264173170258266 0.228393443779927
0.00825955123742003 -0.0223192378948445 0.00119246366563797 0.0439738608879032
0.00593369033499793 -0.00939305236781437 0.258250755547499 -0.226258768982151
-0.00261044997680137 0.00793222858136278 -0.0839993165406046 -0.489149276674275
-0.000446248446856784 0.00394131453993662 -0.449196369219219 -0.0934196359749754
-0.0198628978867255 -0.00760843331977824 -0.163876948265901 0.312131797151442
-0.0148153986015741 -0.00689633251891675 0.135549476435355 0.211638395839757
-0.0103793631881095 -0.00760275705994555 0.12450888820573 0.0121064316317135
-0.0160191328344658 0.00728179470255925 0.00281735678178312 -0.112906791804922
-0.00796344497090153 0.00502348025051279 0.00506466068117319 0.0826340767753166
-0.0144529761807217 -0.00187460876561152 -0.0880042847667446 -0.028647606591229
-0.00984030702468503 -0.0182155450571682 -0.0997153403486388 -0.200309154131606
-0.0048826769431375 -0.0209379461199907 0.196310919505855 -0.212518561500848
0.0124316841348308 -0.00461713426966187 0.383385066384088 0.155052478686824
-0.00498162924457788 0.0165880258181996 0.0251323787571515 0.471535969267975
-0.00885313089136331 -0.0116651561186057 -0.273773521629754 0.217631527147031
0.00362221824689283 -0.0197429432289121 0.00664127749447508 0.0415141736389718
0.00421321535270616 -0.00498220375940552 0.248910882232752 -0.236665053110934
-0.000207671883259295 0.0105649669058574 -0.114642235722565 -0.475950212213781
-0.0003588722931422 0.00426234346560004 -0.450949037509877 -0.0584703856503999
-0.0210092571067292 -0.00679719218457677 -0.144465759297834 0.323450657051646
-0.0129353539409639 -0.00609231587957263 0.144589474948967 0.202856113898556
-0.00767586987349348 -0.00501428309323593 0.125508726190706 0.00465762891946442
-0.0157385053675795 0.00979822196520721 0.00332920338040924 -0.115050745833891
-0.00638924989211304 0.00634461188773306 0.0057675550979875 0.0815051631136671
-0.0113567361350458 0.000844866147794674 -0.0868038789186471 -0.0310744150228699
-0.00688313167556036 -0.0160642934721679 -0.0940634595501882 -0.20307716944247
-0.0050638101720784 -0.0197348903517666 0.202716570281702 -0.202811552019345
0.0134406246527635 -0.00404116570063811 0.374918728037029 0.17680470226215
-0.00355270377665781 0.0189395839426182 0.00510954421308681 0.478072433380085
-0.0123912972310508 -0.00743669408856751 -0.280339428331851 0.211769799473478
-0.00276642756998423 -0.0168621097613792 0.00981337906620957 0.04034229280959
0.00196999386530885 -0.000641126742315919 0.242380853678239 -0.242168732323093
0.00316726207278719 0.0118852545340879 -0.131638972955195 -0.464902337854957
-0.000491277729077384 0.0038595353454529 -0.453132048125538 -0.0355512898018998
-0.0210789258808791 -0.00479208182054475 -0.133807132015467 0.32975010983318
-0.0102128180543717 -0.00374716141491895 0.150037463793273 0.197154334600601
-0.00497426884991979 -0.00221267168090817 0.126185344198648 0.000160190994869569
-0.0135583931181235 0.011539538400538 0.00348231114368923 -0.11598198674642
-0.00380091700234639 0.00718262329318448 0.00564107503445089 0.0812905671657639
-0.00822578748538211 0.00377722695069966 -0.0846523317699546 -0.0310106669085884
-0.00439492525318306 -0.0113304746566826 -0.093622338964065 -0.203971810988782
-0.00490298274295154 -0.0175922178826969 0.201293521155463 -0.200284812207625
0.0140218845439097 -0.00554328298989144 0.371918154914168 0.181009708046605
-0.00145364326129105 0.020177653328 0.00112331067305839 0.483122473838369
-0.0161500241456939 -0.002694089715283 -0.281735321639799 0.212433674518591
-0.00990913985624179 -0.0131490328098763 0.00998719216943654 0.040549663012387
-0.000516014875901164 0.0039887345652492 0.241585766729702 -0.242409304560414
0.00471689341111189 0.0117044855359641 -0.135739420885651 -0.462037184524193
-0.000986714542047706 0.00254144153008299 -0.452802601842399 -0.0298230473053778
-0.0203999688529643 -0.00280216259136084 -0.134276766465862 0.33060277386795
-0.00654311698414852 -0.000619697859972878 0.150547953631741 0.194224393993244
-0.00171988155058582 0.000580429437921215 0.128388409821129 -0.00132651907474411
-0.0102792551363605 0.0123677547258349 0.00329394247581975 -0.115178103432828
-0.000525386686473588 0.00696243734870987 0.00584989948680541 0.0826170637465329
-0.00608958856317824 0.00638756781072299 -0.0834698904170245 -0.0276425457675803
-0.00207639595014236 -0.00580991534580568 -0.0976163792136381 -0.20316704952768
-0.00446238001835455 -0.0152782735608321 0.194651474127035 -0.205514589685047
0.0144890807169335 -0.00796107348975651 0.375038586707194 0.172585338741464
0.000633069860724548 0.0196617738776239 0.0146859600385389 0.483722437420338
-0.0202183373786061 0.00113846418768744 -0.278987112032687 0.218820501806227
-0.0173851267444105 -0.0104400769008786 0.00718413588655785 0.0424465514964973
-0.00301923894266846 0.00703110623432397 0.245825680019818 -0.236496205852201
0.00616741020713228 0.0100281465048593 -0.123128796861956 -0.464858436363267
-0.000354078721625533 0.0003483916503931 -0.454364785687471 -0.0412116638960466
-0.0184834696215961 -0.000640844977090946 -0.145984030594214 0.327701513360763
-0.00341692852474957 0.00342844623956036 0.14650447652072 0.196612034469582
0.000769019299638838 0.00294081612589981 0.130878551426108 0.000765326452542035
-0.00627715138657002 0.0124156937186253 0.00288513883801961 -0.114340360070969
-0.00170566924039163 -0.000798605176479718 0.00295502887125393 0.092628291875998
-0.0178711681936005 -0.00154687290244537 -0.0874682557614116 -0.00156059623526221
-0.0138697933627931 -0.00723213348308337 -0.139648070056755 -0.172161971494658
-0.00313364628391532 -0.0162197249870404 0.119314457031718 -0.270312951768976
0.00716656899061345 -0.01535974576788 0.402524490158554 0.00535840404134809
-0.00523412730479667 0.007334126784163 0.168487787064745 0.412819345606873
-0.0107542277807764 -0.0180277855733991 -0.219753621827566 0.265183488062562
0.00544833471888661 -0.0251138876262867 -0.0210153151389951 0.0546779903130802
0.00615176083006633 -0.014952919612087 0.283888882008282 -0.179061329075254
-0.00454481640385132 -0.00279773898101728 0.0364158053846328 -0.51226226267349
0.00209186865762253 -0.00175876999223044 -0.420015746411535 -0.219555353300386
-0.011542830620839 -0.00572017611167142 -0.235270649864935 0.258723717826955
-0.0155916449876161 0.000157623017885741 0.0972723961121581 0.2336834008865
-0.0141135097289353 -0.00858696163150549 0.126326559429412 0.0367195312805424
-0.00964198129518864 0.00221839198851529 0.00244076669580125 -0.104251357539675
-0.00463635347952073 0.000182665863611326 0.00344642367559023 0.0896771183680177
-0.0190688155124105 -0.00250537574597438 -0.0887322945840765 -0.00975071525923359
-0.0149013175328982 -0.0116539456391254 -0.129633172291661 -0.179770027628049
-0.00433152632976245 -0.0185153010470881 0.141917953168813 -0.25795981145225
0.00789986948717022 -0.0121557665599609 0.402526761985694 0.0416967753716587
-0.00657943406227098 0.00934216606945077 0.133834741479718 0.427327437017109
-0.00802332440484454 -0.01950780037449 -0.234258457064332 0.253257634847545
0.00922074945728487 -0.0256281790787658 -0.0128544675370885 0.0508669133902285
0.00810044633798501 -0.0151520162383547 0.275910249393082 -0.196275523218763
-0.00505404858534585 0.000162179712038448 -0.0055727867768489 -0.508077611429027
0.00123131267312788 0.000392250369685453 -0.432481648615135 -0.179931808048672
-0.0140493743170582 -0.00716729085945657 -0.211034837192859 0.27753027327029
-0.0160400894048923 -0.00369041696086313 0.110312406692852 0.227143991504257
-0.0135054637728722 -0.009391616103748 0.125521922257806 0.0283115787988965
-0.0129055751543657 0.00344127505327011 0.0018771619497613 -0.106927701115771
-0.0069760449642078 0.00198908713639523 0.00411984305593915 0.0871020689208487
-0.0187300798710371 -0.00318318692767563 -0.0899218869042316 -0.0172883302781101
-0.01430430418326 -0.0158646727419657 -0.119401216461964 -0.187555840428893
-0.00517783929928224 -0.0201430863318243 0.162828933987262 -0.243955885984452
0.00930197327810653 -0.00906934036098399 0.399642004351459 0.0821267662175308
-0.0063339994395896 0.0120101173202581 0.0981403229398134 0.44398732914671
-0.00736935333128334 -0.0181903988396173 -0.249312025057742 0.240223276062146
0.00995278398174341 -0.0246089147142959 -0.00574729045059264 0.047689627313175
0.00730309656912504 -0.0129737092300649 0.266543854773026 -0.211734355650416
-0.00442672752231685 0.00410003610458432 -0.048020638851681 -0.498861362484896
0.000474309676325922 0.00297428873973772 -0.441410571651864 -0.134799318217506
-0.0174253303707057 -0.00723183713789498 -0.185330647244609 0.296671171226371
-0.01640336876711 -0.00586713964398871 0.124007017508895 0.218943099835548
-0.0128198638044508 -0.0087666603540013 0.124402197820104 0.0192710457109917
-0.0151428073349384 0.0056576051484907 0.00266459326936046 -0.109889335013198
-0.00777194451745029 0.00389603424277013 0.00521418364001573 0.083924036709096
-0.0170445813883183 -0.00269418941448082 -0.0896624778811109 -0.0234041012103691
-0.0124667131249075 -0.0182143452962745 -0.109750707962164 -0.193651028732632
-0.00539092000432487 -0.0208506537151852 0.18128610831142 -0.226892262847938
0.0112995750458947 -0.00634321915351725 0.39047722651952 0.120434201391968
-0.00562265922140441 0.0146852473165206 0.059617803703386 0.457819065574579
-0.00750315376460874 -0.0151333132719529 -0.26206692284691 0.227362185083211
0.0079858127129487 -0.0222864019906093 0.00114712977657839 0.043959385544158
0.00595015025821494 -0.00918822051731271 0.255663489340908 -0.225875636810083
-0.00267815100242375 0.00787776281276329 -0.0866267240165225 -0.486998639685691
7.24421291431552E-06 0.00431123581528976 -0.448470047065533 -0.0919940393699081
-0.0193046321402892 -0.00752495497154698 -0.161826116320044 0.310870880990842
-0.0149548176976873 -0.00662077082882444 0.136024144454027 0.21001529684403
-0.0107659580947313 -0.00713035191539733 0.124117019319708 0.0109467935989332
-0.0160699503940474 0.00839498008181401 0.00267689379078621 -0.112899454196171
-0.00777598201135938 0.00554234164420407 0.00571068532545433 0.0818084784036467
-0.0145781708119684 -0.00154413776965287 -0.0886051286500201 -0.0287287830499014
-0.00947948484372065 -0.0178187207988568 -0.100428410015802 -0.198776587396736
-0.00498457187736293 -0.0204831527579052 0.193879608342285 -0.211262081454955
0.0122766807426704 -0.00448002077786099 0.381305581350471 0.152513030303844
-0.00439689142885275 0.0166269541250749 0.0251008828584378 0.46889847320155
-0.00882941073147591 -0.0109637199240334 -0.272490288851375 0.217280503428779
0.00326718295341112 -0.0196559547142212 0.00645987105230222 0.0410380099527057
0.00417852033228221 -0.00498829363837978 0.246461387146199 -0.235847037408202
-0.000118391682473419 0.0101702005101027 -0.115427314008341 -0.473751796623897
-0.000398776039948038 0.00449830770586249 -0.450902686462058 -0.0566151944939051
-0.020911449583289 -0.00616728391465172 -0.142520073126556 0.322615897989346
-0.0130598113013664 -0.00561557642847585 0.145261821852152 0.201221487144114
-0.00770597902433513 -0.00458188666275722 0.124527767731345 0.00349938698377524
-0.0157134398004115 0.010113531311507 0.00272420667072248 -0.11426170050058
-0.00621540961303459 0.00665185403827973 0.00642214471612474 0.0809499555107302
-0.0111861900687531 0.00130335993727512 -0.0869500265810502 -0.0309001438735689
-0.00718077910031079 -0.0156897754137261 -0.0957213986459707 -0.201558276386186
-0.00517211239520843 -0.019215833479084 0.201160769520572 -0.20211671782202
0.0133092839622852 -0.0041550595837069 0.374496903740567 0.173920721121199
-0.00310311045809489 0.0187491646779255 0.00572660188136829 0.476122957364324
-0.0120544473284865 -0.00695725483241951 -0.278389713620404 0.211421193802712
-0.00288044022356634 -0.0161035214796083 0.00998871832813725 0.0401898522327788
0.00213689354102582 -0.000460878056606891 0.2410540177285 -0.241470729154916
0.0023360562567483 0.0113939936824371 -0.13433545973962 -0.462086083085049
-0.000492236011361854 0.00411443568990369 -0.450970363354648 -0.0345007827237453
-0.0211531546095408 -0.00458496626249887 -0.132420090844411 0.329219260443724
-0.0100209516479353 -0.00398734805376404 0.150403733055213 0.19565981464795
-0.00504835138318439 -0.00166512221004016 0.125721207492822 -0.000917290788556299
-0.0133891764269753 0.0121436501697447 0.00238916784397291 -0.115630432807476
-0.00372091976970162 0.00719425406975476 0.00627109430274989 0.0810758408337218
-0.00847983639028012 0.00394306255009837 -0.0855361984732225 -0.0309510448013414
-0.00444205957786186 -0.0109924986774959 -0.0944530751446688 -0.202608876948978
-0.00512342228131763 -0.0174221348331902 0.1999758574299 -0.199406550690293
0.0140148523302119 -0.00580414042568571 0.370508873237042 0.180607329791803
-0.00122173391844891 0.0198829078287348 0.00266013809580614 0.479846283684995
-0.0162750657551857 -0.00253234618758994 -0.2795261627901 0.212196125456165
-0.0106178940674353 -0.012916903689738 0.00996916992098221 0.0407943555410167
-0.000661542032643093 0.00326536931351103 0.239196685024831 -0.241312461160696
0.00486287263002944 0.0111150674272168 -0.136513281360098 -0.45947567771417
-0.000741621393089085 0.00272533333013159 -0.451953660541496 -0.0281017294632224
-0.0198557651609299 -0.00266948223234951 -0.132602467269222 0.330036501559102
-0.00640235906384342 -0.000830902340977647 0.150565688140802 0.193158127806297
-0.00204886958275436 0.000864082194373074 0.12832531316145 -0.00196490244892252
-0.0104918250847883 0.0124091282653142 0.00233636321241753 -0.114907480536063
-0.000447911182514101 0.00693886631846666 0.00630715427528729 0.0820793792119218
-0.00568133084416262 0.00667954993884928 -0.0840951281637204 -0.0275022335565724
-0.00208836163756198 -0.00547532766318257 -0.0985078744056305 -0.201922371802944
-0.00465006593636843 -0.0146975047245746 0.192733966877315 -0.205144646014918
0.0139771711993728 -0.00840297402695496 0.373764400691038 0.170041156748403
0.00098091408505094 0.0198425625533946 0.0155006359067693 0.481080420739394
-0.0200325531800893 0.0014551139931119 -0.276493233396989 0.218627052168431
-0.0174336489815307 -0.0103754146954427 0.00713374091834707 0.0428990575044213
-0.00302338868748594 0.00652751419096983 0.243412696454122 -0.236446146397669
0.00626694159464784 0.0097861017776018 -0.124105678510099 -0.462421827350457
0.000206677962189234 0.000708575362865907 -0.454020091533553 -0.0394279075103971
-0.0181362949038261 -4.88486018303544E-05 -0.144025903706328 0.326642254016152
-0.00356766884428107 0.00330034613189089 0.147012772968587 0.195408807873177
0.000393693798291701 0.00333115573951815 0.130521356998187 -5.94836504960398E-05
-0.0062786096548916 0.0127276751230963 0.00176342301246018 -0.113524331362793
-0.00184372359633172 -0.00116499143526987 0.00354423054740605 0.0923998595380595
-0.0180886688350281 -0.00115207225734795 -0.0873409088829732 -0.00209497383524079
-0.0135662803646606 -0.00713853083914129 -0.140325163162518 -0.170839102850821
-0.00350446677400119 -0.0161362698990023 0.118625000069915 -0.269567767602655
0.00704520650887826 -0.0156364878669514 0.399990711494985 0.00556671727290922
-0.00491944932672028 0.00793413537369433 0.167033884165395 0.408685394360747
-0.010970919627343 -0.0177233973883562 -0.218003535611147 0.264740949630963
0.00501922804982241 -0.0248431139557317 -0.020664130140416 0.0548303797901443
0.00602929094858194 -0.0153097992646002 0.281881523638369 -0.179140690529544
-0.00454883401117519 -0.00254962577173493 0.0336202957220116 -0.510516494823012
0.00193587976718718 -0.0019852174153825 -0.417943307885055 -0.21844296595375
-0.0116933487366965 -0.00536125866593871 -0.233913631986214 0.257917543582981
-0.0156068029306171 3.15249190164894E-05 0.0972131756195877 0.233289390773875
-0.0143450579713965 -0.0080058988815948 0.126069273717898 0.0356754647957777
-0.00945927609080919 0.002647335107883 0.00205574544959794 -0.104299330197699
-0.00510118583679668 0.000464545799077806 0.00426061516808324 0.0895116052779423
-0.0188654850607539 -0.00235091624097747 -0.0891524238412983 -0.00964807716736097
-0.015261433673727 -0.0114471441620575 -0.130431933478872 -0.178223976943171
-0.0046940656645244 -0.0178789358458218 0.140786818339561 -0.257245486210822
0.00787510102749316 -0.0120349281305956 0.401535181712379 0.0406855618377559
-0.00629538684010246 0.00931058425787106 0.134267261233183 0.426215461554091
-0.00808920044205042 -0.0189219739477141 -0.232745776987685 0.252245824045638
0.00885529639314498 -0.0257014311643922 -0.0127611323031451 0.0509609146906078
0.00753093711994162 -0.015346429118174 0.274971079808592 -0.195813518500651
-0.00473446177002959 0.000365046724598558 -0.00675641006833202 -0.50623465612365
0.000774314011081223 0.000655839265185702 -0.432093432231858 -0.177542517796177
-0.0144014751163078 -0.00681752792915935 -0.209539966442347 0.27737243876369
-0.0159525598595806 -0.00375354156385288 0.110651097002017 0.225601757584744
-0.0142150074926706 -0.00919946365107809 0.124805509761841 0.0279041591713759
-0.0128932617017786 0.00454534983148044 0.00176059909550585 -0.106222245207381
-0.00702397125866876 0.00223350455691759 0.0048795553261149 0.0865214094856218
-0.0188700234658067 -0.00302904562800357 -0.0904875454684739 -0.0165232644110513
-0.014254398793427 -0.0155321465267973 -0.120656967255368 -0.186021980752912
-0.0052497341193203 -0.019633291831762 0.161404049782935 -0.242441247728674
0.0091479954345805 -0.00884641048275949 0.397579631370913 0.0804105579151339
-0.00595036635213651 0.0122337989934116 0.0974849260771231 0.441034668193415
-0.00718407025753216 -0.0178022512099789 -0.246589657918385 0.238880640235679
0.00988412305549592 -0.0246062207744891 -0.0055024575446694 0.0472913484856994
0.00732753371607855 -0.0134137506753267 0.264826892750686 -0.211393416782286
-0.00406981325673789 0.00400716904301326 -0.0481351910901702 -0.496460794695751
0.000210059607211681 0.00280752330602549 -0.440747063379175 -0.134871236391793
-0.017151293182951 -0.0076979641881477 -0.184614594216905 0.294958605747836
-0.0159264004582543 -0.00606843878043783 0.124168302284947 0.217870892756879
-0.013008415306189 -0.00873407372756103 0.124364959534591 0.0189309666863529
-0.0154447468125284 0.00628429193258304 0.00164990851735108 -0.10984967886286
-0.00772056230935185 0.00396960105041551 0.00616816239697224 0.0832960874441221
-0.0170801161051903 -0.00261497716747395 -0.0898033122075438 -0.0231721749658604
-0.0126760145944301 -0.0175107817261243 -0.110393310436773 -0.191902268754228
-0.00559572045950352 -0.020875360611961 0.180157960448619 -0.22581408099815
0.0106927386789058 -0.00612508151146174 0.389629235389782 0.119145774724696
-0.00524355392922474 0.0149321410140994 0.0595399116962553 0.455604630159365
-0.00735274816747515 -0.0150409026706145 -0.260605759951278 0.226947910487774
0.00722331379732644 -0.0222736979043482 0.000966389830625291 0.0440361773727404
0.00592226606233368 -0.00971614067958133 0.254045239033553 -0.224396113168175
-0.00244467429892913 0.00797884298511927 -0.0865966752088203 -0.48464263847274
0.000152206806109207 0.00455149540518628 -0.44763621620729 -0.0913578593565294
-0.0188741621763518 -0.00738090644042254 -0.160412919334133 0.310218618707157
-0.0148041133702084 -0.00664096564505001 0.136070500691326 0.208243575060177
-0.0115560587395734 -0.00661911655746008 0.124155783504043 0.0106623501096387
-0.0157556553267096 0.0084008173214218 0.00157094750020967 -0.112150250685193
-0.00782778975528762 0.00570606652236116 0.00632907486523673 0.0818637650244698
-0.014189045136229 -0.000654920320204878 -0.0888681901726645 -0.0281590633967753
-0.00993357527208464 -0.0176909505279967 -0.101189711359872 -0.197086796884785
-0.00506839599722989 -0.0204724629377027 0.193300278148067 -0.210975452125286
0.0122834323342002 -0.00459029355463636 0.379638706282665 0.152652444720279
-0.00444915543367448 0.0168957340585294 0.0270706589219531 0.465861355513291
-0.00910405517701104 -0.0111026030728983 -0.271178313323238 0.216554506082144
0.00289689585411188 -0.0199512838092612 0.00635380805269969 0.0414169737216811
0.00361782771232733 -0.00549550577141913 0.244852207304907 -0.234445705271244
5.10920634118686E-06 0.0105185518855412 -0.117166632564391 -0.471301265276299
-0.000187759059315441 0.00506218601678777 -0.448436585920986 -0.0560131076052607
-0.0213181553670021 -0.0062233717019249 -0.14079834795234 0.321581224197014
-0.0124996382464052 -0.005895690568339 0.144943972444389 0.199691722685173
-0.0082175668621693 -0.00452158335196278 0.124665793927314 0.00323522772641848
-0.0158127812816842 0.010948078700543 0.00253761757275015 -0.113940473173617
-0.00638452215999854 0.00682517382283021 0.00675276657400398 0.0804046433816212
-0.0111407640897643 0.00132834059204962 -0.0878170110994312 -0.0311246234628784
-0.00683463876515597 -0.0152525708678371 -0.0961266461023688 -0.200185570640583
-0.00523070664342076 -0.0192311089734229 0.199669139251271 -0.20123765625234
0.0131066368134113 -0.00445965563369542 0.372973609555009 0.172328469708959
-0.002945683950154 0.018952344679167 0.00632731758038566 0.473498966381132
-0.0120886051207165 -0.00657109941709115 -0.276923537174396 0.210702121732395
-0.00338151148523022 -0.0162301999883633 0.00977634839622167 0.0399541462522126
0.00194325233377273 -0.000818632459130634 0.238507791133192 -0.241192872329624
0.00256089299761685 0.0110690474856001 -0.134871279586591 -0.461297172641336
-0.000634964742959465 0.00439879807338199 -0.449239537700796 -0.0329146295335537
-0.0207506643592327 -0.0042251173652186 -0.130983006799197 0.327005579596687
-0.00971878486396926 -0.00408730301691997 0.150531850984404 0.193717988887572
-0.00560685778111747 -0.00177060965617916 0.125956969146558 -0.00114983065181109
-0.0132077101110255 0.012070506255084 0.00171336316090385 -0.115410741855135
-0.00375628420778839 0.0075621329976229 0.00670793581128732 0.0807308513987466
-0.00856052854616796 0.00387072217848818 -0.0851022862926437 -0.0301247756807602
-0.00462138967111461 -0.0107530366955694 -0.0952380372312022 -0.201043461323515
-0.00491431059050922 -0.0168759476998267 0.198582132960531 -0.199407433925668
0.013834128838259 -0.00563044321250342 0.368889991320455 0.178731057191028
-0.000567157887241576 0.0201454237718316 0.00309147182273884 0.477303973833106
-0.016674510054749 -0.00227506409703508 -0.277622295046203 0.211026961276842
-0.0110012656695621 -0.0127619066799064 0.00999936624215791 0.040439525841478
-0.000366562151484878 0.00299678828305448 0.237931282364645 -0.240851068087444
0.00467489438917943 0.0110759498147028 -0.136614446934044 -0.457947320713828
-0.000404494062260096 0.00289937712071938 -0.451612505185762 -0.027988162778213
-0.0197428356155292 -0.00205313000413144 -0.131062295307546 0.32856135578459
-0.00654753508691752 -0.00120867703786127 0.150915492326137 0.191468118925193
-0.00247764525761458 0.0012122388647461 0.127836376339986 -0.00221088921789143
-0.0098619760155821 0.0134415810723512 0.00245559576849411 -0.11435222662815
-0.000599185197817313 0.00699375810395172 0.00746634889114344 0.0820368509498933
-0.00550571798384791 0.00716426350828363 -0.0843957945948128 -0.0275357654227976
-0.00223105772919538 -0.00552964831184272 -0.0997773191978332 -0.199870905950201
-0.00462043151217514 -0.0142988671095208 0.191477064046315 -0.204961444808832
0.0140577645272184 -0.00797652638505945 0.372503986420005 0.169364854565452
0.00144466697950366 0.0195287573771247 0.0168056751770879 0.479131298731961
-0.0201547445817399 0.00198797391663359 -0.274214868909702 0.217706538202001
-0.0179285241239217 -0.0102355481112513 0.00721485582454287 0.0418445275589583
-0.00333830586316907 0.00627431101749139 0.241652487273079 -0.23504957167237
0.0064601981564074 0.0098274436852806 -0.124548544622061 -0.459855856360261
-0.000282304328882614 0.00111130262042476 -0.45019713007668 -0.0389527592526303
-0.017711231061998 0.000231583187489648 -0.142400911545432 0.325281561128369
-0.00318934556746269 0.0030229141781916 0.147486638642947 0.193250564954319
-2.18180415140559E-05 0.00316667968817819 0.130176554890346 8.41459300412123E-05
-0.00604535916580396 0.0131022545141112 0.00212422470100953 -0.113817325275393
-0.00176519125099812 -0.000735615843396089 0.00401721177764386 0.0917343296650077
-0.018275419533625 -0.000716148357441412 -0.087656364882197 -0.00196166396922895
-0.0140072080400463 -0.00684167990031891 -0.140351526145764 -0.169555338045397
-0.0035082855192335 -0.0159693063218587 0.117117381728221 -0.268635834412168
0.00660963225412037 -0.0153361682895382 0.398943542786284 0.00422685621015222
-0.00531573527279843 0.00792238221119078 0.167872764813072 0.407348565944321
-0.0109695465480731 -0.0173093662959542 -0.216759845132971 0.263112531341712
0.0045080578346931 -0.0249153430024565 -0.0207214327351925 0.0544629793243242
0.00584273580764867 -0.0151513697658928 0.27952454411986 -0.178943625256831
-0.00457434324535386 -0.00253409501121864 0.0329646979679446 -0.508728101392499
0.00180705030220967 -0.00151961817549396 -0.418502057954786 -0.216721198148025
-0.0117857456479599 -0.00585553255030357 -0.23247694980177 0.257657958482716
-0.0156459148631331 0.000608435256229541 0.0974900457184997 0.231453613905356
-0.0143266135217853 -0.00822365057155457 0.125982698226458 0.0353279550539423
-0.00987121086260627 0.00322275878876962 0.00132041348850537 -0.103643082561698
-0.00468321091001041 -0.000172417869356643 0.00436527588628157 0.0890898018961923
-0.0186736187709968 -0.00184098506615003 -0.0894303561146398 -0.00944812639215459
-0.0149192975495937 -0.0116153551447752 -0.13125830357634 -0.17710532240936
-0.00465887699894463 -0.0174106095776036 0.139832481756908 -0.256242007483991
0.00751950241687881 -0.0121238471708552 0.399493403243523 0.0415133744102472
-0.00571259326185833 0.00978777460521377 0.134688645591965 0.423603991865728
-0.00884206460027176 -0.0185937794733802 -0.231970429371819 0.251173928313736
0.00868407057163913 -0.0256349055954559 -0.0127254819731313 0.0505453694620218
0.00723211395860186 -0.0154930691823534 0.273284871725689 -0.195598107668521
-0.00483485175236279 7.60644133532967E-06 -0.00825563689795173 -0.505446055084288
0.00112976797159648 0.00106461364896203 -0.431363255016666 -0.177682494375055
-0.0142548238980281 -0.00687861114130991 -0.207980639308071 0.276187104307396
-0.0163904078530751 -0.00399521330915122 0.110989984799655 0.224501433139291
-0.0144269098781007 -0.00867621920879688 0.124601079472241 0.0267061496972568
-0.0130225731449864 0.004266371934225 0.00140151793207102 -0.106236821729884
-0.00674552018044346 0.00235752478745791 0.0050750599505394 0.0862908823353905
-0.0185687026339486 -0.0027345138849504 -0.0904353352796269 -0.0162344785714225
-0.0141168032015525 -0.0150073333740592 -0.121571015190131 -0.184370491971976
-0.00539594014135938 -0.01960556369494 0.159813937763035 -0.242197485779765
0.00894714222882058 -0.0084279189761984 0.39574474591439 0.0796906102548913
-0.00605424581337003 0.0121863877622306 0.0973600892345886 0.439254716006667
-0.00719022882371613 -0.0174221341972616 -0.24613328180871 0.238706521954969
0.00909589269933126 -0.0245688462986 -0.00554860473285539 0.0468210941163817
0.00686516260086942 -0.0134293027671506 0.263327191257539 -0.211223786291218
-0.00387541319905505 0.00420231764205008 -0.0493753244035386 -0.49492655126488
0.000319098673826548 0.00283931488782262 -0.440059380534394 -0.133593601022971
-0.0171609624428293 -0.00766990956539 -0.182948182665018 0.294434272027358
-0.0157506834363501 -0.00626967453391876 0.124473005017808 0.216015247726734
-0.0133033394656978 -0.00842389097272987 0.124262572251403 0.0184513482084592
-0.0149100916614913 0.00675505499298006 0.00174469102107889 -0.108851944125968
-0.00800700270008703 0.00407527774402816 0.00595121041621963 0.082855831955049
-0.0168292989447139 -0.00233132981522395 -0.0903615773019779 -0.0230909225207618
-0.0127604164230695 -0.0174624549509754 -0.11153074111874 -0.191024799670683
-0.00554510901616029 -0.0204225364567848 0.178930833041805 -0.225275939322478
0.0106913376294266 -0.00625331841073582 0.387969376740256 0.11858263289397
-0.00511135285784608 0.0148134150563367 0.0605807446536247 0.453062249488
-0.00755525601210351 -0.0150609725129664 -0.258986277726989 0.225993350759954
0.00718051628799038 -0.0223256972898783 0.00117994019301601 0.0436861471088904
0.00567922157042731 -0.00998349362763375 0.252475450987653 -0.223504019374432
-0.0023791867223734 0.00770877004344677 -0.088042426227913 -0.482938625706659
0.00033410789770327 0.00453350580380006 -0.446042492705796 -0.0896994050776256
-0.0190773987120114 -0.00720340647932082 -0.159950572291555 0.309326086474995
-0.0147515256696726 -0.00679722383719159 0.135905425741377 0.207069428643472
-0.0117382880904464 -0.00693859637816551 0.12429204298476 0.0104936278218574
-0.0159686901058824 0.00926264632083312 0.0017102108212674 -0.111714071159427
-0.00792191852345037 0.00581705582272379 0.00614588839167437 0.081197927993368
-0.0141416261570529 -0.000796835465675786 -0.089717604665812 -0.0279298282748982
-0.00957709803969546 -0.0171759780958514 -0.101811532069529 -0.195382577574391
-0.00539038441457287 -0.0205489060071413 0.191758306690552 -0.210281317585647
0.0116961627169915 -0.00468434270401113 0.378241045155187 0.151459617245228
-0.00431231725196402 0.0169756872871258 0.027658794721542 0.46509078319092
-0.00949152476855306 -0.0108392151922014 -0.270187309269444 0.215236192159397
0.00241827991648242 -0.0192696011405463 0.0067494308502484 0.0406896333291024
0.00365963485427602 -0.0055061224647985 0.243335432546125 -0.234711160045602
-0.000159383469102582 0.0104582124417774 -0.116479897559735 -0.469800936878202
2.18054728793873E-05 0.00469831454029574 -0.447015972472976 -0.0544906292521757
-0.0205473776670983 -0.00565257749179966 -0.139912906084127 0.320245024628271
-0.0130561947800956 -0.00603621583019173 0.145322079629314 0.198706131909664
-0.00862765206863055 -0.0043809569733504 0.124487225506914 0.00319946368321655
-0.0152212080189008 0.0108013355445442 0.00175491815073618 -0.114110076225823
-0.00629293805376181 0.00683081934072335 0.00721043999853389 0.0802884091079441
-0.0113106097790434 0.00158995147217661 -0.0873000225899756 -0.0301938821512398
-0.0069935442157833 -0.0146675032130984 -0.0975782367554504 -0.198583429681679
-0.00520137175982559 -0.0189412731501163 0.198117600393163 -0.200482114491188
0.013027322119339 -0.00445729727735412 0.370638003619315 0.171602604835984
-0.00255456768239087 0.0193896946711914 0.00808970954509424 0.471571301867897
-0.0124024592500373 -0.00643026199569515 -0.275598297044845 0.209627920615834
-0.0036454282473015 -0.015974034536669 0.00950919875379448 0.0396057496014305
0.00205506353259992 -0.0007830364601154 0.237725268297606 -0.240557503769124
0.00238769814599426 0.0116364318671894 -0.133151321897332 -0.460067804081556
2.12202624868488E-06 0.00441654767656562 -0.44787747929817 -0.0330716378195897
-0.0211597350951363 -0.00427713824266139 -0.129840481688501 0.32634840109137
-0.00959594859071858 -0.004290061404896 0.15022271351054 0.192970449724584
-0.00552280851502367 -0.0011091550783791 0.125128548096266 -0.00115890639836227
-0.0128588642888046 0.0129427527294489 0.00172254592079443 -0.114690489843431
-0.00362771737862507 0.00765690764420605 0.0073358900578708 0.0801147383773388
-0.00815947326112715 0.00442236870310013 -0.0857541559475035 -0.0299507370548038
-0.0042133437019521 -0.0109291422000941 -0.0964316382202786 -0.20005489643333
-0.00462432967699775 -0.0169584133428066 0.197416858780428 -0.197944208554442
0.013931119385548 -0.00563170087560399 0.367739984019058 0.177356969490922
-0.000566792523571235 0.020015213058625 0.00397965020007504 0.475498124235684
-0.0163418559618735 -0.00217644783299007 -0.27615719080135 0.210198021910343
-0.0111292495117529 -0.0134565607711027 0.00929073604836967 0.0402412912297556
-0.00106590261665499 0.00334480560690154 0.236284768660962 -0.239287800951166
0.00500824360247275 0.0112427053923999 -0.136606875306293 -0.456845293233237
-1.20597886278176E-05 0.00268698187020617 -0.448332016494453 -0.0260112432931351
-0.019734804399518 -0.0020598318472971 -0.129831969300253 0.327792734689328
-0.00629515635799867 -0.000811089294200373 0.150901919963701 0.190772660423176
-0.00245831707459545 0.00113814788365402 0.127444889578663 -0.00296739857348283
-0.00979769001440123 0.0137013507481978 0.0019038064205108 -0.114290541409535
-0.000527653694718967 0.00742992060994785 0.00750997472100501 0.081487445719163
-0.0054470251211543 0.00707036507359937 -0.0842268036653068 -0.0273870339155511
-0.00212789567890757 -0.00515910444362083 -0.0994210810506136 -0.198400567556852
-0.0049027585055897 -0.0144633331087406 0.189981683375432 -0.203840468239952
0.0137020566363346 -0.00808586690068423 0.370871759146627 0.167060370851958
0.00136132392845692 0.0194974319169453 0.0172644590748421 0.4775086307171
-0.0201636471215202 0.0018224453380122 -0.272704242194428 0.216520840881755
-0.0182955511046353 -0.0101163603940998 0.00727033053487742 0.0415232424831504
-0.00333889986791492 0.00624503330174191 0.240517980966936 -0.234345953958332
0.00641045151475694 0.00965402356494661 -0.124920894344852 -0.458055718813064
0.000261088509442474 0.00106674777251413 -0.451044334475157 -0.03614936620788
-0.0184153537856968 -0.00019013197410464 -0.141338684544716 0.324834711934334
-0.00345839760774039 0.00297594726526735 0.147055179577129 0.192742467948481
0.000282044886623443 0.00369691380233775 0.130331076745873 -0.000191342532874966
-0.00579234121627766 0.013569198712363 0.000977359550461988 -0.112940569000602
