TRXV5
3
4
4
9
string Extension=J
integer IsArchMeasurement=1
integer IsSpherical=1
string Generator=SPM
string GeneratorVersion=1.3.1 Dev
double ArchRadius=0.449999988079071
integer FrequencyAxisIndex=0
integer AzimuthAxisIndex=1
integer ElevationAxisIndex=2
Frequency
5 201 900000000 1000000000 LIN
Azimuth
7 8 0 2.74889357189107 LIN
Elevation
7 15 -2.74889357189107 2.74889357189107 LIN
Polar H Real Part
13
Polar H Imaginary Part
14
Polar V Real Part
13
Polar V Imaginary Part
14
Polar H Magnitude (dB)
12 0xC0000002 0 1
Polar H Phase
7 0xC0000003 0 1
Polar V Magnitude (dB)
12 0xC0000002 2 3
Polar V Phase
7 0xC0000003 2 3
-0.00207839089029024 0.000234171307261091 -0.059571063185759 0.0568500686479407
-0.0153818568138531 -0.0101344853409414 -0.0648873547771963 -0.0818277332860669
-0.0059992165820728 -0.0126246930976315 0.0122360442085342 -0.234355908329031
0.00796737854427234 -0.0143149753815272 0.276455067150071 -0.135297071860865
0.0176503593081392 -0.00703326862683848 0.333091418683811 0.244234018222167
-0.00813815556521447 0.0108776247938184 -0.0529287981028313 0.441024619787852
-0.0132386276137 -0.0120396983046007 -0.280813893323452 0.16122799796517
-0.00370649923526113 -0.0213092605718552 -0.0132194370056361 0.0424363965558861
-0.0014373288311775 -0.0059965252056297 0.315609647955846 -0.102278166956184
-0.00361863414583091 0.0038510439979136 0.198205239780581 -0.459384892981059
0.00533067638172152 0.00144037941351426 -0.290730726397853 -0.366600597382534
-0.00783903251798711 -0.0103821516196698 -0.33882783102878 0.111859917892564
-0.0129068115156 -0.00855559034080052 -0.0568510622436556 0.254673616181247
-0.00963349237136963 -0.0123999019259029 0.0774112316829353 0.114324215748734
-0.0114258792535595 0.00121284461056257 0.0718811287259871 -0.0661117401600846
-0.00605392512360224 -0.000187250627246303 -0.0580907990342846 0.0565989786829994
-0.0156293541670459 -0.0114410780141639 -0.062393888925722 -0.0840815998821039
-0.00435249245590349 -0.0164170388679841 0.01691781246854 -0.233129815664798
0.00843856769682975 -0.0172370373724873 0.278573309222446 -0.126423171950028
0.0169928352976631 -0.00359001688685203 0.324832223665566 0.25628132480099
-0.0102417883028468 0.0152946705726735 -0.0644987328455879 0.440253368894777
-0.0159338766673491 -0.00995105839050804 -0.286700514535628 0.156767959454785
-0.00570457302043084 -0.01978964232856 -0.0142464367168775 0.0415092725798475
-0.00429109587271923 -0.00358110188794616 0.31043667592676 -0.106860949396278
-0.00626969069070254 0.00802869880315078 0.184453241036535 -0.461613518124504
0.00478669109292786 0.00415490746164916 -0.298645187298174 -0.357355078367748
-0.00667605037019311 -0.014166968496825 -0.336608708584642 0.121788073018929
-0.0106803773845361 -0.0124564335492937 -0.0530772440050156 0.25643462284832
-0.00984786832746556 -0.0139674248792869 0.0804808123911949 0.112032365956326
-0.0152334625996052 0.000135328517073791 0.0743817680630553 -0.0663626591815039
-0.00876695384891525 -0.000774913938220999 -0.055654862322153 0.0559489657657251
-0.0152726266763404 -0.0116780005668906 -0.0604070322765425 -0.086070982308404
-0.00172552648794475 -0.0196991564844393 0.0210140625395123 -0.231509611548455
0.00901184661019645 -0.0196579695528865 0.280848384145714 -0.115424001422586
0.0161538913444415 -0.00129682507130595 0.314925732008918 0.268871636974903
-0.0121271034298277 0.0186122769350572 -0.0825013411227423 0.441942514841998
-0.0177056117430716 -0.00817245376512896 -0.292958535201027 0.151487782396093
-0.00683680800991172 -0.0184404017068978 -0.0165178060222673 0.041105074954443
-0.00570351310496846 -0.00110687426123011 0.305489756414396 -0.11182406658549
-0.00757160748494818 0.0115988633344777 0.168476880962416 -0.463739641449408
0.00389801891386814 0.00582234458892372 -0.310919498605196 -0.344598893936698
-0.0071175196889838 -0.0167936389884633 -0.334092179158425 0.132829436148659
-0.00825028053709402 -0.0151409936411468 -0.0474273096530105 0.258527114404545
-0.01020073141883 -0.0132259589755894 0.0831413657018664 0.110591398380783
-0.0185138689314974 0.00010893296886494 0.0768819944073517 -0.0667810660663468
-0.0103831007021077 6.69049314059871E-05 -0.053235763103714 0.0557996006082817
-0.0143464640647853 -0.00957565927432016 -0.0564432437861735 -0.0863244753605503
0.000453681125460645 -0.0207886935243978 0.025582395943039 -0.230623162236765
0.0089697775367423 -0.021002377587211 0.280857874394061 -0.106426454857355
0.0158665812277393 0.000198810592504014 0.303473946111896 0.28124719584377
-0.0126417446990271 0.0207335074633229 -0.0987877018753784 0.443227822697789
-0.0178213725929908 -0.0064264489164763 -0.300194573751088 0.148063357664385
-0.00758543087534084 -0.016845705136048 -0.0182875718767898 0.0412346041772749
-0.00614947379826677 0.00145684408386858 0.300103953162029 -0.115521542284044
-0.00798166054498761 0.0141450719194123 0.150316563386752 -0.464481360141859
0.00264313455915937 0.00649571334242411 -0.322224469973929 -0.331662983664569
-0.00824867573976288 -0.0186100190484135 -0.332123196661558 0.144703554945703
-0.00689247905453355 -0.0157860916889105 -0.0427407383062365 0.259689587146992
-0.00913112524665399 -0.0110593401105358 0.0857535585447212 0.109171819035267
-0.020743454618142 0.000514889924492504 0.0796412748821056 -0.0668352271021281
-0.0111201052009077 4.98274764646725E-05 -0.0517134096666642 0.0552828666923046
-0.012939169270101 -0.00817572438299115 -0.0534079348068796 -0.085949696641429
0.00205738017609195 -0.0202899889205599 0.0306862873120004 -0.228794173266358
0.00779777129444 -0.020982151621217 0.281751873188597 -0.0977004276769083
0.0148235134439876 0.000919395753485082 0.292311225091667 0.291511073972445
-0.0126473794793746 0.0209467267429123 -0.115403378772127 0.445235690420527
-0.0174054120399748 -0.00548002457816149 -0.307098497181772 0.14477925005751
-0.00766884910528479 -0.0153306892927858 -0.0195906320812145 0.0418385474127922
-0.00555156126215955 0.00240302091514984 0.294179700362272 -0.11781218765
-0.00737952446449001 0.0150496197211017 0.137090467780648 -0.462659843959008
0.000732191696868841 0.00583200175743225 -0.333043888327636 -0.320734829573133
-0.0100330578214496 -0.0183009380375321 -0.330722402238425 0.153227605741674
-0.00597033085257631 -0.0144102677002121 -0.0378592127267023 0.26012493983467
-0.00886587796626882 -0.00848604145693252 0.0895153839513517 0.108324623339818
-0.0214514153902234 0.00102077765897801 0.0811425688887683 -0.0664806541877706
-0.0105466173164487 0.00150707516927363 -0.0502358005058432 0.0551627405982131
-0.0116272070942314 -0.00456762337138483 -0.0511681154270152 -0.085004392218043
0.00262062573121826 -0.0168085740686712 0.0334569755119781 -0.228307420243898
0.00637200773185649 -0.0204914246320978 0.279806314974856 -0.0928128124497279
0.0135927771536991 -0.000125785899706529 0.283168135171238 0.298961607737029
-0.0106873549868769 0.0198091525952964 -0.125969633985351 0.447239798944769
-0.0153471939652351 -0.00496834644842222 -0.311101782233371 0.143776452954063
-0.00623205227625584 -0.0150590471783641 -0.0218641315608637 0.0418441829335397
-0.00348143978447724 0.00317812820218968 0.290951959821316 -0.119143040411834
-0.00545244353184594 0.0138078628116347 0.127928736250011 -0.4601689965174
-0.000749155017549177 0.00441378207902739 -0.341301573807829 -0.311982470489865
-0.0122515121965773 -0.0175242621721847 -0.330115736503722 0.157963275748603
-0.00547707301522828 -0.0110221518351073 -0.0341645301765747 0.26042986457253
-0.00766958694838176 -0.00484240639620434 0.0918366746181722 0.108955593784958
-0.0209771563979842 0.00244311238917749 0.082256320295512 -0.0665891014159271
-0.00871220866197187 0.00280695901912472 -0.0503579969755067 0.0558847514413649
-0.0106769326619333 -0.00124418153453194 -0.0497229704909468 -0.0835258657507195
0.00203505310705174 -0.0122188152180063 0.0344860782183415 -0.228774090632878
0.00461518427108156 -0.0182517556729844 0.27848496928421 -0.0919760788031145
0.0129422414134722 -0.00203672598944792 0.279341416492783 0.301614458450387
-0.00822455965565932 0.0173049849440474 -0.130060405704184 0.449671154673733
-0.0128075733685215 -0.00514562544846953 -0.313270316552524 0.1452378390407
-0.00452166258250161 -0.0141905153994082 -0.0228337484006497 0.0433290190992836
-0.00115382332739465 0.00303049047712023 0.288627454628839 -0.119149120550599
-0.00324416917526798 0.0112818685737794 0.122015285885745 -0.459128188416676
-0.00201601119446972 0.00156462278852496 -0.346868463139063 -0.306488228251036
-0.0142379444376868 -0.0149562513725784 -0.331629165589534 0.16030636803299
-0.00587203588121728 -0.00689986817395971 -0.0312801057856561 0.259399328977364
-0.00635781257832874 -0.000914925682653639 0.0941993062526138 0.108906924607252
-0.0180055972012328 0.00496684250107222 0.0819918220321703 -0.0667541329201934
-0.00565029199360516 0.0042321302381395 -0.0507402485723928 0.056006322473023
-0.00947431701418782 0.00176387862387137 -0.0496974199996249 -0.0815193602829087
0.000819335885935564 -0.00712766147767574 0.0339985856568321 -0.230000403544437
0.00263235078495428 -0.0158378974145584 0.276299816746371 -0.0963739051558688
0.0121558696435031 -0.00493106392847426 0.279209276224319 0.298862848252458
-0.00544261262182609 0.0137353473339546 -0.12817814007576 0.451580984846341
-0.010175148709979 -0.00611127422037109 -0.313280118177069 0.148222932964144
-0.00297593563311817 -0.0148296522111655 -0.0234149642557021 0.0445729806656663
0.00153308054890008 0.00165205304880531 0.289617789277815 -0.116170412104671
-0.000564952951839039 0.00700972884947486 0.124362938234309 -0.45655640219495
-0.00298351882224288 -0.000975719791957069 -0.345435490294494 -0.308882715735163
-0.0156513972501866 -0.0123895006164796 -0.334789064771698 0.156035115749536
-0.00591840175823851 -0.00204163597089657 -0.032812943897818 0.257983278862022
-0.00542348400059725 0.0019944267106796 0.0952478955721663 0.110758345482371
-0.0147497933584218 0.00632856998791825 0.0808487227244007 -0.0660389496334894
-0.00257385467957665 0.000226512238244938 -0.0598740281637887 0.0560012145565419
-0.0153976510157269 -0.0101016350337956 -0.0649011015045589 -0.0819779476820254
-0.00595014198252146 -0.012335800923637 0.0120272538153958 -0.233954390165761
0.00759169521012876 -0.0141173945085365 0.274839385708172 -0.134966296681173
0.0172605670533329 -0.00698910384072491 0.332406644284894 0.243329485801235
-0.00780175253744986 0.0112486899033127 -0.0522242650046646 0.439119657809414
-0.0134204444867291 -0.0117428953093759 -0.280285152940528 0.1603777390054
-0.00429662583825143 -0.0209585885953658 -0.0133439575118203 0.0418600238868394
-0.001474204147253 -0.00628069973484604 0.314175730876678 -0.102343899269132
-0.00381238057193452 0.00377101377563942 0.198175463153267 -0.459708070409929
0.00494868710234186 0.00126223000643529 -0.290312812950167 -0.36616460302871
-0.00714819055350891 -0.0106470184632099 -0.338795138202738 0.11161820356201
-0.0128899950830916 -0.00850810439556773 -0.0564324684968269 0.254128761654966
-0.00998598579923506 -0.0121557815625174 0.0788902828819217 0.114232489197408
-0.0111132871319637 0.00207671515665727 0.0721097505657862 -0.0651229935964954
-0.00586412192410898 -0.000428189810009455 -0.0581344389354344 0.0560851269731747
-0.0155001272286105 -0.0109847542822315 -0.0632175498630803 -0.0847361031660534
-0.00437612915481285 -0.0167399985058174 0.0151319346991008 -0.231877491819904
0.00838015936983801 -0.0170155393177605 0.278194955789804 -0.125930699112137
0.017311835370374 -0.00339613777533241 0.325156704808227 0.254363476757168
-0.0102948573987152 0.0155234398100383 -0.0658015801358709 0.439659012275183
-0.0158347470858004 -0.00997583015075019 -0.28578817900658 0.155946290417097
-0.00645391151422493 -0.0199741478314377 -0.0144650740033779 0.0413672915694268
-0.0042179810885131 -0.00413646469532054 0.30928841349651 -0.106491125161357
-0.00617970591963243 0.00821110020154992 0.183508044019006 -0.462199535839297
0.00487823719106217 0.00438924502015745 -0.299003557450173 -0.356731012063364
-0.00650801359618909 -0.0138451021975787 -0.335516158336317 0.121541534994753
-0.0105570817613627 -0.012471301867815 -0.0530159357795422 0.256214626229388
-0.0105795770744307 -0.0134111172494659 0.0801561473841086 0.112296513193516
-0.0153832808770748 0.000554756537878737 0.074693405350856 -0.0662526666944568
-0.00871799954856961 -0.000878150009536955 -0.0556797775854441 0.0561604633979156
-0.0151804916420348 -0.0113331851746445 -0.0600097448218154 -0.0863398885722042
-0.00163179771525848 -0.0197556398296044 0.0199380263796174 -0.230671130723916
0.00907484523528999 -0.0194121634306429 0.279653398091404 -0.115165324448913
0.0168560760169478 -0.00111681372478464 0.312695273814036 0.268805831792659
-0.0119745495521242 0.0190578664704476 -0.081575302884917 0.441249666901496
-0.0171386350615764 -0.00835459618141442 -0.292541296478075 0.150968490666842
-0.00738956956247345 -0.0187577137424358 -0.0161919648505928 0.0408150083196867
-0.00566270663745705 -0.00168081479692195 0.303758378108587 -0.110987674846665
-0.00788305567330688 0.0116709058571657 0.167702714334727 -0.463339158846864
0.00377830525460935 0.0058875341889828 -0.310234375374817 -0.345002245427458
-0.00708208728896255 -0.0162989464486076 -0.333922466375588 0.132862384310778
-0.00858376896176418 -0.0154524310908134 -0.0473993428546002 0.257641088507313
-0.00996331864831931 -0.013062063857965 0.0831009018320181 0.110827749389912
-0.0185908708281435 0.000482207428373865 0.0767964440692191 -0.0665287559175591
-0.0103938666329416 -0.000639670942032889 -0.0534397324757573 0.0552211075630276
-0.0144922143095785 -0.00989320191302171 -0.0571125604036021 -0.0869722478468449
5.51485817186044E-05 -0.0208305184646934 0.0247196180252647 -0.229920167882091
0.008979140069985 -0.0213944061493966 0.281075034562528 -0.105993238196183
0.0159492603270188 0.000290237410475953 0.303527724717556 0.279212981524346
-0.0127727943011597 0.0208078558841558 -0.0982429112066735 0.44126951670189
-0.0182983737022793 -0.00646328857664097 -0.30013670284428 0.147659227115766
-0.00832324278382738 -0.0169294654789377 -0.0182374388790386 0.0409833441191736
-0.00615386424396344 0.000791951964289462 0.299033841992231 -0.115476605227841
-0.00766077540629466 0.0141119271223925 0.149975511053054 -0.462823071633244
0.00251813397960323 0.00633328531296987 -0.321960099626567 -0.331194953241831
-0.00804500349596275 -0.0180104693352493 -0.331150226847071 0.144068375872498
-0.00679884968414473 -0.0161194717565369 -0.0422837387301919 0.259552938336434
-0.00986972086037248 -0.011848836264604 0.0865577906869343 0.109175138630093
-0.0207531341097816 0.000717301517872338 0.079161332493236 -0.0661744176096385
-0.0112876693086368 0.000612335224676014 -0.0513717745709398 0.0546856943078245
-0.0129639164349881 -0.00742435089265341 -0.0542909915304503 -0.0860183278676902
0.00186189029116482 -0.0198917791051645 0.0294210291234229 -0.228189111209013
0.0081046039963494 -0.0211417690078896 0.280356392967439 -0.0977133841532423
0.014580415150079 0.000978979872975817 0.290731774437501 0.291715111622145
-0.0124063131174381 0.0214140065065172 -0.114535267514911 0.444125317608164
-0.0176573094095421 -0.00572238127127144 -0.305941429902269 0.144411066773082
-0.00786440005279437 -0.0154685632133432 -0.0194473477074474 0.0413445331785893
-0.0053781223726543 0.00196851409057721 0.292872735402099 -0.118223024991255
-0.00729433731076407 0.0146264322266136 0.135835400603162 -0.46090997561313
0.00150148878387354 0.00587374724046578 -0.332957285828907 -0.31953263442306
-0.0103822922605195 -0.0186527654389847 -0.329983120242359 0.151847766773519
-0.00554745591633262 -0.0144480961403875 -0.037532080650171 0.259321817464134
-0.00894533691334432 -0.00802170064878901 0.0894894940624207 0.108681607863231
-0.0214195703848964 0.00167819458078205 0.0808842683872513 -0.0659862936242574
-0.0104360688960382 0.0015037807887772 -0.0504435249794876 0.0548793276370721
-0.0118812634062718 -0.00457319373516993 -0.0517207514647334 -0.0850111655380004
0.00253361852612554 -0.016405814662929 0.0325050551805076 -0.228168136933861
0.00625764065687958 -0.0199329702834267 0.278931079096508 -0.0920667950038281
0.0133730375889259 -0.000116450389290117 0.282162453001356 0.298045691073153
-0.01107991224758 0.0197895013220124 -0.126187583295314 0.445385714860763
-0.0156853398181294 -0.00531773410975669 -0.310451121512993 0.142825669843172
-0.00639971864546379 -0.0146217344544611 -0.0216035506168619 0.0420703943458305
-0.00382641579459897 0.00289687568471924 0.290085387531154 -0.118390212302738
-0.00562919265348774 0.013751375223185 0.126708056529565 -0.458897492894576
-0.000822649695706102 0.00433732212773038 -0.341503066817353 -0.311214447499928
-0.0120580253061238 -0.0171904923135827 -0.329504532918701 0.157791097949171
-0.00497480473036768 -0.0117734697147436 -0.0340016019490861 0.259598118055011
-0.00775946337832894 -0.00471951294028238 0.0923411282145207 0.108739493779797
-0.0207436163161856 0.00358727181075163 0.0819931834809883 -0.0663999685237542
-0.00855985832326888 0.00266060649582817 -0.0499718872905796 0.0555026818495458
-0.01072681689887 -0.00096236220811125 -0.0503087193454643 -0.0840898035453756
0.00227123599103152 -0.0121748397890213 0.033256905335624 -0.228678902347254
0.00447125659762993 -0.0180115582684692 0.277985233370841 -0.0922685370839761
0.0126817409492552 -0.0019900742175114 0.278757964236756 0.300566140024806
-0.00778511881491333 0.0175257078776195 -0.129939993463773 0.447761049808982
-0.0131344247712377 -0.00514860234902413 -0.31277724145409 0.144938055550297
-0.00472053676044671 -0.0142170228601984 -0.0231089455637631 0.0432315419334988
-0.000889973271594107 0.00261181374542979 0.287103786064502 -0.118971469083963
-0.00304574960816781 0.0104043105745261 0.120719621306418 -0.457286966006762
-0.00180194473465401 0.00189425202387983 -0.345983253201695 -0.305690921854791
-0.014351151073813 -0.0155314079584043 -0.330594461632499 0.159411275219586
-0.00556734106671388 -0.0068314116464738 -0.0313938068957934 0.258693091940689
-0.0071499409681832 -0.000712546434625684 0.094550849774191 0.109660432852513
-0.0181599290365311 0.00482473025740532 0.0822893087858609 -0.0665378144272627
-0.00577445159267087 0.00387316118196181 -0.0509049837222983 0.0552440063400845
-0.00940684599474585 0.00238648767517499 -0.0502782790657275 -0.0822767304657587
0.000878373792234048 -0.00665422818899085 0.03312086062423 -0.229407790033486
0.00247996271489992 -0.015032745091351 0.2757105692946 -0.0951765274227437
0.0123124779154585 -0.00566162464873337 0.277585072925796 0.300068663708862
-0.00529629267195743 0.0135467292407228 -0.127779958972838 0.450231864483793
-0.0103232023382853 -0.00556051847608973 -0.312493326149124 0.147060657713695
-0.0029749800083212 -0.014563907238229 -0.0236130694181682 0.043599626635201
0.00175247618430283 0.00108630144825704 0.287681392934253 -0.115883115024066
-0.000856447917572074 0.00690681538703569 0.123812213794866 -0.455077977251917
-0.00277944121061823 -0.000467761179387587 -0.344362614671331 -0.308123826556088
-0.0158563440100126 -0.0118437921487449 -0.333965797129907 0.155703036457404
-0.0064428271002957 -0.00210450897253166 -0.0326435295038515 0.258184689170775
-0.00567974334140975 0.00264393827486486 0.0952852092581411 0.110832088222404
-0.0145843080828278 0.00668014178208316 0.0805420259163637 -0.0661327044269178
-0.0025806927847712 0.0004484332073323 -0.0601044431823911 0.0562708846841726
-0.0157563618958697 -0.00947824700797412 -0.0658437834536097 -0.0832980337752642
-0.0061171379514029 -0.0120368319930023 0.0112994144077129 -0.233452621702814
0.00757609076328677 -0.013505082210346 0.273917055605499 -0.134669660767871
0.0171260804113371 -0.0066734444478365 0.330697696605465 0.243820816719452
-0.00791316350159452 0.0111197711731289 -0.0519418025563792 0.437175802537237
-0.0135238604465113 -0.0118132506554829 -0.278877309154535 0.159142432375187
-0.00438507771772014 -0.0216780537333917 -0.0134501991680146 0.0416805914715387
-0.0012970770729562 -0.00661834530159443 0.313065146704324 -0.101059668954889
-0.00339808312307582 0.00309311672226067 0.196339334706104 -0.458119012660452
0.0051758816499901 0.0015989767759243 -0.289408249913155 -0.365595925721521
-0.00716527601340565 -0.010306840430274 -0.337931072925527 0.111428762284565
-0.0128423504664221 -0.00859695201073692 -0.057104500241031 0.254104469869996
-0.0108238527684238 -0.0122303691216182 0.0790474458806189 0.114481022023207
-0.0110255207640693 0.00266963759661337 0.071831812076765 -0.0653193526205003
-0.00582177135405743 -0.000568415916714569 -0.0580021066625752 0.0556857664443785
-0.0157897808123077 -0.0107169509582228 -0.0634327533565151 -0.0851450092500013
-0.00405598290128743 -0.0164444709259687 0.0146843737141104 -0.231623058858889
0.00835358993990706 -0.0170949597303984 0.276849201072978 -0.125028181517808
0.0173106540481725 -0.00378340462125326 0.323359184659912 0.25479312405011
-0.0103313090827433 0.0158077627411693 -0.0650810351820406 0.438902403543469
-0.0162847245145347 -0.0101143744757058 -0.284639332865345 0.154463387355923
-0.00616130158609515 -0.0201003590995152 -0.0145752548089102 0.0409898889937762
-0.00407959685610143 -0.00410521872764696 0.308535293623514 -0.10619970541356
-0.00627031463427611 0.00764104109486121 0.182325836024657 -0.460410999203683
0.00466779681516635 0.00415484846149032 -0.29777603307206 -0.357233125253581
-0.0064637065824169 -0.0132865843656849 -0.33493824850256 0.120805050532056
-0.0103771096741694 -0.0125922598853896 -0.0519925768912976 0.255658177639204
-0.0108233422114371 -0.013530231713038 0.0804204741979275 0.112628574888909
-0.0153505316380363 0.00118806745621295 0.0743801517156456 -0.0649127236047291
-0.00875951531783189 -0.000218996356995309 -0.0550249863396708 0.055171585452284
-0.0153531062514554 -0.0106588749952574 -0.0603375505396525 -0.0863482694480659
-0.00232880289840298 -0.019166815398419 0.0189658078432141 -0.23107565609329
0.00879842154205075 -0.0191394945155545 0.279189559224499 -0.114702612026169
0.0163385292513409 -0.00108507363767749 0.313375884027197 0.26869324056076
-0.0118474488240208 0.0192459530849082 -0.0820603780952851 0.440280942615136
-0.0178878627661402 -0.00836370694640894 -0.292157043134851 0.149507413551288
-0.0077671730522451 -0.0181582291109836 -0.0163245759062901 0.0408251273841357
-0.00571233924683031 -0.00178891511716752 0.303047003194045 -0.110742893025279
-0.00774656916279839 0.0116915267167979 0.166690995844728 -0.461907228852111
0.00408861681872415 0.00596990381463186 -0.30989679439513 -0.343780555615586
-0.00734138489820586 -0.0165752842647846 -0.333638456172117 0.132518328945555
-0.00846175990756547 -0.0151038951944995 -0.0471320351777181 0.257565445932018
-0.0108135806085301 -0.0130181055797393 0.083437658653993 0.110753582866649
-0.0183789581012189 0.000787309417200092 0.0766988282615348 -0.0661797405826052
-0.0110309970943158 -0.00010617064375793 -0.0529231597208326 0.0545708565552833
-0.0148481809364726 -0.00972296054125172 -0.0580606813571971 -0.08653740240747
0.000224011531204623 -0.0206700634269664 0.023604520653789 -0.229163316706485
0.00863388445803758 -0.0209628241632859 0.279969190484074 -0.105319436515245
0.0155503017215235 0.000799980036840636 0.303329131061647 0.27814862863754
-0.0123661009129619 0.0206535719965461 -0.0994518539639172 0.440517486212708
-0.0180184217107415 -0.00640857577408057 -0.298922801372008 0.146724321853059
-0.00842349546764804 -0.0169079282533365 -0.0178587040198628 0.0406745234294421
-0.00616075713020799 0.000306032080850279 0.297365850068419 -0.11412502876115
-0.00766146240160227 0.0143619704929276 0.150468463580984 -0.461468494934458
0.00289911148469693 0.00658319665294315 -0.321865665627289 -0.329864785432564
-0.00857912134484632 -0.0181476417585804 -0.330837095241106 0.144157225253147
-0.0068100835950914 -0.0152740845530141 -0.042393369390907 0.258687186379822
-0.0104102154959744 -0.0115999959373525 0.0867931810418741 0.109484663630254
-0.0208728433566343 0.00104467399189021 0.0792513579242343 -0.0656742688403784
-0.0112482695935087 0.000580264314732802 -0.0513600810604865 0.054409776765061
-0.0130620869001074 -0.00753749196963482 -0.0539622243121856 -0.0868763956832458
0.00172175664356325 -0.0190352853077611 0.0282183744717061 -0.228053624025455
0.00777550306568062 -0.0204894908715466 0.279636577276531 -0.096865416588001
0.0147051233952405 0.000925370165937295 0.290006695965413 0.289968018690207
-0.0120598078662351 0.0212320611036133 -0.114427902851973 0.442307903944494
-0.0179805674869245 -0.00518923605911278 -0.304980634626555 0.14291981394022
-0.00789027045176276 -0.0159379587951024 -0.0199385113115711 0.0410569518478009
-0.0053987286521424 0.00200603518320467 0.292096678047767 -0.116979460027641
-0.00691508044578777 0.0146934664387076 0.136270476700861 -0.459726454846961
0.00140308410783285 0.00597607019199122 -0.332556408042397 -0.319065747575692
-0.0100503502950463 -0.0183172962921558 -0.329964790043669 0.152159932400121
-0.00557111905117313 -0.0142660172080527 -0.0375669361062041 0.259386291987422
-0.00924181942510434 -0.00812246365922469 0.0896052567575395 0.108543961387398
-0.0217259141413743 0.00209560589468433 0.0812560309038686 -0.066303974222394
-0.0108115126648271 0.00160882038647552 -0.050498808861722 0.0545640910317995
-0.0117544950597736 -0.00419851607947639 -0.0523874575069954 -0.0857943114581907
0.00237157213332836 -0.0164093184405993 0.0317019174000107 -0.227636120739503
0.00626242737356891 -0.0198243996722145 0.278487338029511 -0.0910301952859627
0.0135182698721902 -0.000407139562078236 0.28236981490157 0.298006014830197
-0.0102218220377989 0.0199103942431655 -0.12537380218145 0.444075958065602
-0.0161708372588067 -0.00471115256664624 -0.310001779005863 0.142320406208098
-0.00700637913735892 -0.0145587839171396 -0.022105874340874 0.0416689341294114
-0.00366430200136338 0.00238821579155983 0.289142456778565 -0.11817957463121
-0.00550834429192613 0.0132855132817194 0.12680220983801 -0.458270432089511
-0.000479800388476843 0.00442912144492231 -0.339666400794748 -0.310321952234547
-0.0121112563881918 -0.0171707935745919 -0.329628875774058 0.157185218308261
-0.00517155619602206 -0.0113405981604745 -0.0337405621905446 0.259099377686198
-0.00825054475317338 -0.00427948098087813 0.0925831599637136 0.108543855763352
-0.0208446705342691 0.00370515791905329 0.0823667827791424 -0.0656223634140749
-0.00894881092668479 0.00275729995513228 -0.0499567535098922 0.0545200049426523
-0.0107622545391002 -0.00061063685121342 -0.0510442361815399 -0.0842938303757773
0.002255195486368 -0.0116413458253122 0.0329539898239167 -0.227988176530125
0.00458860941870643 -0.0179957104682904 0.276658358091247 -0.09149176068443
0.0125477686362257 -0.00242638729410028 0.277481246571058 0.299787273683101
-0.00790353652743132 0.0175857666870211 -0.129344915971401 0.44591677259183
-0.0132242700587907 -0.00482904873478778 -0.31224749232957 0.143787417627373
-0.00533471283374396 -0.0146275716604117 -0.0228132510466568 0.043043041200245
-0.0011435078810615 0.0025956568285582 0.28686118093412 -0.118491040405415
-0.00305051246003551 0.0110016849955469 0.120813424095843 -0.455809696232934
-0.00194524614880221 0.00190389015576025 -0.345558198617404 -0.305999315183537
-0.0142114994620931 -0.0151483642753706 -0.330322592565811 0.159000081433616
-0.00539425924266656 -0.00716980433282484 -0.0308131377170647 0.258916732601508
-0.00744599870992785 -0.000572105338064241 0.0950243352749446 0.109438067958346
-0.0184687883958087 0.00527397579802533 0.0816592181993641 -0.0661800156074208
-0.00613369767458203 0.00400957742079374 -0.0508444139838134 0.0553110203809428
-0.00957117770484765 0.00229568566239369 -0.0505501409269064 -0.0822736411816443
0.000803399804183246 -0.00689630220338295 0.0322065250342042 -0.228399091696776
0.00235351290310787 -0.0149628059970027 0.27471742912671 -0.0942379434473543
0.0125844301090851 -0.00503428876387619 0.277305178098305 0.298961332062219
-0.00540031173311798 0.0141547793322645 -0.128288751711258 0.449168339424299
-0.0106541117097192 -0.00520727280276372 -0.311386090191962 0.147087507367259
-0.00364589914408542 -0.0148278506886109 -0.0236318390802493 0.0442699608906648
0.00196853164302506 0.00111365600243041 0.28658184261161 -0.11578810485597
-0.000506240895389542 0.00662726428675181 0.124564779900172 -0.454066667942078
-0.00281971199615317 -0.000700557132716524 -0.343737474911168 -0.3076206484919
-0.0156376770874014 -0.0119351988367747 -0.333268106422763 0.155294510777831
-0.00597988646067946 -0.00210667365290605 -0.0326590166385467 0.257710014339041
-0.00648915393284913 0.0030113854663871 0.0956789933897366 0.111159703736942
-0.0144508330225695 0.00698525567845474 0.0802736529945456 -0.0656189569940523
-0.00278787937898848 0.000169890980226026 -0.059878897477098 0.0555685978165784
-0.0152977833545436 -0.00926179774844759 -0.0655981989250094 -0.0834028433418332
-0.005946285108064 -0.0119651700275785 0.0100079579178555 -0.233237612910827
0.00734481975924493 -0.0138895929557656 0.274025282831957 -0.133354868615389
0.0170705934604136 -0.00672500478488003 0.329387692758974 0.243384178486449
-0.00734519850859444 0.0118591019167147 -0.0526378088933006 0.43631824046874
-0.0138357386668958 -0.0119678985712523 -0.278930324569592 0.158806826128854
-0.00514650230647961 -0.0211702642055564 -0.0132904591442634 0.0417846568721332
-0.00150788148790659 -0.00664066373806689 0.312391348216704 -0.10139163393519
-0.00350948163448284 0.00314181264150213 0.196891989057075 -0.458386478574738
0.00596423800486492 0.00162541917802065 -0.288346026076495 -0.366354414880845
-0.00775606481342523 -0.0104867560744418 -0.338347925079911 0.110552091475461
-0.0126012389665117 -0.00866619566152187 -0.0570477528142404 0.253644019335484
-0.0108293988216816 -0.0120951924630701 0.079042854147601 0.114564258973068
-0.0115369283938426 0.00264484416141002 0.0720072361307907 -0.064939954577035
-0.00588552442906059 -0.000280192833671056 -0.0579114243582686 0.0549132134809742
-0.0155585371038621 -0.0108063238351411 -0.0637152075027361 -0.0852623405127852
-0.00457754820375398 -0.0164338264092075 0.0136451825929292 -0.231964672063105
0.00820410980998797 -0.0168977006904233 0.276656942995372 -0.1247149057991
0.0168352032912465 -0.00365060011967101 0.322403565872512 0.254992618420866
-0.00977731331275491 0.0161316434631848 -0.0656888516517419 0.43782640415507
-0.0161618485742226 -0.0100729693122528 -0.284492774565636 0.15403579219923
-0.0065256722321058 -0.0202345329044374 -0.0145600547555994 0.0408707166229562
-0.00386735709003731 -0.00487993779673972 0.308112912181669 -0.104957595073729
-0.00644798477010326 0.00803992247676024 0.183655934624662 -0.460140092555561
0.00499675413004452 0.00399851364526766 -0.298214117160717 -0.357930345102914
-0.00668369891756229 -0.0135670459446009 -0.335444216484908 0.120729066274032
-0.0104603486246098 -0.0129923575487685 -0.0525749975100473 0.255756138506642
-0.0106190590339923 -0.0132133512325939 0.0808684001836856 0.11261772307447
-0.0149814767004782 0.001801479774517 0.0748193571858397 -0.0652309930708819
-0.00929161022902076 -0.000546295419738197 -0.0554171131783755 0.0548312433622806
-0.0156709578659942 -0.010603346249386 -0.0611961719878703 -0.0867565917025973
-0.0020412082762972 -0.0196394349986629 0.0189068572454752 -0.230859943787003
0.00884091579351854 -0.0196072037582114 0.278624566244411 -0.11419092602068
0.0164779382183517 -0.00097259924475735 0.312503040212896 0.268168575856765
-0.0111414836937235 0.0192347363220383 -0.0843057607225757 0.438987384771393
-0.018297050094043 -0.00818320906550536 -0.291773186199745 0.149085806124109
-0.00794729006677112 -0.0184237331564457 -0.0161529297007344 0.0406098774067255
-0.00550921281892348 -0.00188797028882893 0.303244033077615 -0.110059193018141
-0.00785417152700683 0.0114526475098901 0.167318181703628 -0.461450250129767
0.00402360477744716 0.00629838455289604 -0.308266892631726 -0.343976216460449
-0.00728643101382588 -0.0161546367305538 -0.332975079085001 0.13168712801824
-0.00862486807912285 -0.0155173073657503 -0.0477601771343697 0.257338944065241
-0.0110684417691053 -0.012870533404075 0.0833904755422704 0.110837041217327
-0.0186361634645815 0.00121762000890789 0.0773425844414953 -0.0655504174695132
-0.0109025180532141 -1.0774777890503E-05 -0.0530220373405789 0.0543870346575297
-0.0146090263034114 -0.0094237406972454 -0.0582607612107476 -0.0875429294697385
0.00018565824829037 -0.0203096587016448 0.0236638494812516 -0.228947487597881
0.00848519461645398 -0.020562485300361 0.279768616147142 -0.105192448611007
0.0157164140947742 0.000220514982918414 0.302255076135798 0.278829103508752
-0.0122450245479063 0.0211010405208583 -0.0991192934289356 0.440979920167126
-0.0183622155708615 -0.00639239904873467 -0.298088758381233 0.14558056050161
-0.00877819427680108 -0.0169871145795649 -0.0180062700248034 0.0404350378175855
-0.00616686260445565 0.000380973697692065 0.297209811087508 -0.114295014139223
-0.00778870448063512 0.0138927422931058 0.150240131885462 -0.460993879097301
0.00246923437383844 0.0068264752280048 -0.321859069519192 -0.330750629394289
-0.00865165181381936 -0.0176284092730294 -0.330894989972545 0.143169989696464
-0.00674941737977659 -0.0166238471939673 -0.0425973790439205 0.258971086599656
-0.0108343943737397 -0.0111975017406891 0.0867011293688424 0.109748951220367
-0.0212560629851773 0.00198356315329225 0.0799511312384508 -0.0656360800625275
-0.0116543448048385 0.000546129583990811 -0.0514492204019688 0.0537896054499541
-0.0131820513034537 -0.00740743483996607 -0.0549135274443593 -0.0872034634550317
0.00175027565847345 -0.0192385194558714 0.0284167662313468 -0.22773574762494
0.00751787770779062 -0.0208462500899965 0.279838846000818 -0.0963308050644814
0.0143617729659768 0.00109154147072074 0.289826606801535 0.290524236084903
-0.0117638459071279 0.0215237029323858 -0.115009445168669 0.440527019322429
-0.0180961972671048 -0.005151121253526 -0.304760119744912 0.142971488009256
-0.00830204619760647 -0.0157259719913276 -0.0203095069867774 0.0407597254346601
-0.00546851879157218 0.00143483438224737 0.29179235054696 -0.116446564607997
-0.00663923876723992 0.0147423355946809 0.136520911728197 -0.459801380817765
0.000995669648549401 0.00617481820580034 -0.332421012491691 -0.318282208749572
-0.0102311392502644 -0.0184310154334757 -0.329968612848989 0.151109116082818
-0.00565690857397014 -0.0147366255756138 -0.0370547890638909 0.259548321454176
-0.00993218967102039 -0.00787489931128482 0.0898601944069645 0.10877877090123
-0.0221744366467875 0.0024497149434508 0.081503595829071 -0.0652492124612743
-0.0110214634233299 0.0013178890906922 -0.0508327188613997 0.0543841563324096
-0.0120543229848864 -0.00391871290982761 -0.0524600401840577 -0.0862022186755776
0.00238480604406807 -0.0161563780733716 0.0308804385059494 -0.227210186767389
0.00625467672057958 -0.0195885209207118 0.278216094937115 -0.0909062442621106
0.0134704521080645 7.89814629662249E-05 0.280352433523328 0.297702871313779
-0.0103511119827006 0.0203133215666063 -0.125846892635808 0.444291696003856
-0.0161185201041749 -0.00465760361388931 -0.309504810991249 0.14081964722387
-0.0070580238503281 -0.0150187576206237 -0.022080524710955 0.0412628185175925
-0.00358208291052717 0.00236016395482489 0.288845173511195 -0.11708945612403
-0.00535784666498716 0.0134811604724369 0.127190297264676 -0.457118441896836
-0.000124525516430669 0.00480752199539757 -0.341183558089937 -0.311324073314131
-0.0121170752249889 -0.0171659643479492 -0.328545479675586 0.156981466568592
-0.00509560708697179 -0.011381750847479 -0.0337102695882434 0.259818315600029
-0.00860479129865734 -0.0041888626565923 0.092773871119213 0.108908240905183
-0.0205987325147673 0.00418491959330886 0.0821876088187192 -0.0656338841207689
-0.00880802694246171 0.00275768695624349 -0.050541708131529 0.0541930991201708
-0.0106970687725657 -0.0006041610584306 -0.0513814987461828 -0.084516409529392
0.00184848035906943 -0.0117330643646922 0.0317818236542717 -0.227396594666068
0.00412540730808688 -0.0180052837766076 0.276622448032651 -0.0907750746885119
0.0126055571345186 -0.00262708174356089 0.276637648509215 0.299485434287095
-0.0082053024981442 0.0178492880717719 -0.130091411317144 0.445392106265131
-0.0137508660069325 -0.00523873311044812 -0.311524291634632 0.142160128290424
-0.00592627103334592 -0.0145519552149402 -0.0231844924446533 0.0424197499368328
-0.00111817637672754 0.00200029075208269 0.285899858164078 -0.117529689822626
-0.00346156059301233 0.0101978812424051 0.12026894369783 -0.454699236969455
-0.001653640209815 0.00230198153539822 -0.345224598709344 -0.306564508492992
-0.0140424589235479 -0.0149376365567096 -0.32978759718193 0.158732588376008
-0.00541461762442955 -0.00740429516619704 -0.0309555600377413 0.259031797464175
-0.00752415127732212 -0.000638983081878522 0.0950043140250163 0.109819166041764
-0.0187792561933295 0.00576583963066067 0.0821704864367869 -0.0658056245394717
-0.00603503032126264 0.00449058757375457 -0.0506368941421021 0.0551588333775934
-0.00956153973916139 0.00263532622162853 -0.0513103977393668 -0.0828174450141786
0.000795633223834264 -0.00627904782185368 0.0313017667000087 -0.228436939627035
0.00258733467121432 -0.0147016452209784 0.274784439657208 -0.0941118501285966
0.0121658623829819 -0.00531864567294329 0.27583015221633 0.298478272737668
-0.00519011581367324 0.0139604583378045 -0.128024251317777 0.447845473329361
-0.0104700320292574 -0.0054929210711293 -0.311120083851477 0.145583472521941
-0.00361961254350682 -0.0146921630400835 -0.0234868833603164 0.0436817976215781
0.00176907578407726 0.000795799474624338 0.286482772661993 -0.115122956734821
-0.000823081286597804 0.00704514714165155 0.124030561609776 -0.453605462027001
-0.00276076004787711 -0.000357077703067693 -0.344180580422097 -0.308113359545278
-0.0153362375212268 -0.0123726824346068 -0.332427822726719 0.15505109896165
-0.00616546325360194 -0.00195193078004773 -0.0319041277527419 0.257215362410192
-0.00666703759275908 0.00273846369966844 0.0957230355055985 0.111361909876033
-0.0147984847758592 0.00685837567380553 0.0811020331033959 -0.0651985244258317
-0.00238389615359636 0.000730474249051697 -0.0598513757551026 0.0553279750920653
-0.0154760768048398 -0.00898876188275745 -0.0662595911199483 -0.0840340024495126
-0.00619470141131224 -0.011663464464415 0.00964319921481364 -0.233149470251658
0.00719003669830469 -0.0140226674825887 0.274186047090475 -0.1333403037889
0.017224196006471 -0.00634899683274545 0.330472243286209 0.244485001184224
-0.00770372981467258 0.0119984301044097 -0.0536391214902569 0.436992907636712
-0.0143577563628889 -0.0117771787165864 -0.279938132624964 0.157635084474757
-0.00567721736424551 -0.0212289821354186 -0.0135676012954982 0.041674923240423
-0.0016401410973929 -0.00733192069478962 0.312294792328286 -0.0996766958763827
-0.00360463077663327 0.00324157010947623 0.196960934912925 -0.456855577757796
0.0056442597912721 0.00203345225912575 -0.287629330323084 -0.368060097972456
-0.0076472039264759 -0.0101900002894194 -0.338365945069822 0.110576083300097
-0.0126828480834811 -0.00866963973067507 -0.0565681151118706 0.254129788396363
-0.011551428953714 -0.0119946748065467 0.0791583482465068 0.114598558419932
-0.0119563721906611 0.0030759436791171 0.072769564260663 -0.0645451454559778
-0.00644339479449292 -0.000223355385395613 -0.0576171718238249 0.0545795906666594
-0.0159129408964796 -0.0104698714881322 -0.0645376154270618 -0.0859414437501356
-0.00414975951980161 -0.0164816812571743 0.013563862540296 -0.231896166324558
0.00814121311986079 -0.0170713535254013 0.276893329446526 -0.12421509095502
0.0173274787416727 -0.00359133464620706 0.321951501532868 0.255768229237482
-0.00974250336582841 0.0163169481877203 -0.0667620111571195 0.437626476941791
-0.0169410471336848 -0.00977523013561665 -0.285113409820646 0.153000182943485
-0.00761669992451498 -0.0201611444364675 -0.014829289916539 0.0405269904969204
-0.00407414018343275 -0.00492823314088479 0.307929913826016 -0.104443187840936
-0.0063449397406076 0.00772396549898967 0.184011321121804 -0.459459613248669
0.00527731869732602 0.00482205117232406 -0.296608439197111 -0.358313297951206
-0.00671538227818298 -0.0132960895591959 -0.33577317911408 0.120709409498383
-0.0105119641132195 -0.0127606746231762 -0.052240692546536 0.255877445964805
-0.0111634751121668 -0.0131754394687557 0.0812090857583572 0.113400105151441
-0.0156198997054467 0.00215549826298108 0.0750425350787898 -0.0644285761765553
-0.00929164030672143 -0.000476499888455846 -0.0553198018911823 0.0546236789800611
-0.015568114445895 -0.0103786915778242 -0.0616824304106553 -0.0880634002112034
-0.00190445790425617 -0.0190285715369734 0.0183153813597851 -0.229867999460079
0.00867669017324063 -0.0189644856766661 0.278819441871099 -0.113706862332146
0.0168200970632624 -0.00126955971128171 0.311819977736707 0.269000680122881
-0.0115273341493937 0.0194835750393859 -0.0837061949998974 0.438564171227249
-0.0180358513867406 -0.00818146678402569 -0.29164722111679 0.148446342567149
-0.00841983029039665 -0.0184094947507095 -0.0161459283828478 0.0403166860866629
-0.00552691898569864 -0.00227997839318378 0.302501414214814 -0.110703096410979
-0.00733843048812514 0.0114021155494302 0.16789093897033 -0.461081505710587
0.00422709779555299 0.00656197160235321 -0.31060319135856 -0.343940575227239
-0.00728681226072812 -0.0159636885925275 -0.333910332437917 0.131638100267744
-0.0082506157888809 -0.0150691899060348 -0.0468047299836725 0.25782666989406
-0.0110584023486851 -0.0129549481819013 0.0840525724469195 0.11121206193511
-0.0186575987393529 0.00180951464885526 0.0774460769412657 -0.0649067961481676
-0.0113817369161485 -0.000449069447326063 -0.0533197398212532 0.0543944145592642
-0.0147909364172069 -0.00924538890711706 -0.05838339052276 -0.0882195588786171
-0.000130202605198045 -0.0199992920558209 0.0227447714247881 -0.229285260810287
0.00869714591288751 -0.0206105985692332 0.27983286419884 -0.103533424935791
0.015701017710149 0.000482033720993195 0.301112977595119 0.279179723831307
-0.0119374967587282 0.0212256632047799 -0.100236543433256 0.440041007267799
-0.0186111036674412 -0.00650229282555296 -0.299081989258203 0.144626293909315
-0.00908303909593134 -0.016907678419599 -0.018383385354786 0.0401339669661449
-0.00600704248697603 6.73566779325202E-06 0.297935259230024 -0.113457466509274
-0.0078836493747072 0.0141600415740449 0.150696669383512 -0.460539160359086
0.00284526094472067 0.00718367786602563 -0.321626498884375 -0.330471616091365
-0.00865505605574123 -0.0175235617354194 -0.331379777087795 0.142415466054156
-0.00676855268775692 -0.0163596079658516 -0.0422785326599079 0.259213103767465
-0.0110826235955999 -0.0103534966637255 0.0869485697083492 0.11016341067065
-0.0211770880697984 0.00232471547304583 0.0797039424620074 -0.065011073521045
-0.0118979894738427 0.000642819534397755 -0.0517910966817586 0.0534836528211602
-0.013286952817159 -0.00703741917189705 -0.0548544864405839 -0.088354863133798
0.001620978115907 -0.0189999151605522 0.0277652120997842 -0.227532171044838
0.00783292715401201 -0.0207267688761535 0.279672608873692 -0.0957071536004242
0.0145448596474285 0.000724963532538635 0.289042208510122 0.291170446702254
-0.0118920360297415 0.0219932332676949 -0.115682073244712 0.441320210660003
-0.0179471324265535 -0.00568325248011905 -0.304664062361312 0.141314696140503
-0.00898939617354096 -0.0158982001619112 -0.0197730078870033 0.0408062429390779
-0.00512210044619015 0.00119224239624163 0.291981091608546 -0.116244290955657
-0.0067446449957388 0.0140842694684097 0.137295633984493 -0.460509208983097
0.00136146003186434 0.00671171590151574 -0.331022702418449 -0.320807869591592
-0.0101657094264388 -0.0181059970814554 -0.329720911137759 0.151096074469965
-0.00555854855525535 -0.0147242116486853 -0.0371950383912101 0.259479770421374
-0.010164646072039 -0.00803875879047921 0.0900807183047198 0.109483493048136
-0.0218606663622586 0.00323630762742121 0.081774707660746 -0.0651701227267363
-0.0109523266489722 0.00137954855992657 -0.0505782976166064 0.0534905756392578
-0.0121235775191762 -0.00376132835633045 -0.0529404413612272 -0.0871092809987093
0.00264611679386773 -0.0157853257363433 0.0300742276224253 -0.227109532902676
0.00626272552551316 -0.0196248069728485 0.278274037749014 -0.0901713600184225
0.0133080075517336 -0.000328953710094276 0.279801175601025 0.298947321928039
-0.0101894346983942 0.0204518373086159 -0.126797749372225 0.443072584720779
-0.01621526341166 -0.0047699057199069 -0.309869315220319 0.140224783784609
-0.00709907437991125 -0.0146241114042585 -0.0217962635764486 0.0414846442434732
-0.00337936012559161 0.00208178363617019 0.288023251531665 -0.117180811155392
-0.00577966069889417 0.0133697499162247 0.128307854317004 -0.456783557335184
-0.000430684393436914 0.00466776807997419 -0.340617180517831 -0.311313879762915
-0.012099244319729 -0.0173690643924863 -0.328950102557737 0.156191674238756
-0.00495344467373575 -0.0116400493495116 -0.0334240105506467 0.259596490348086
-0.00897908694701395 -0.00417411963050226 0.0928138796240106 0.109123401581946
-0.0210797701230062 0.00414142657692515 0.0827754081396062 -0.0653057584486559
-0.0095278116882514 0.00309361088221908 -0.0503625646665412 0.0536331604126455
-0.0108501092582168 -0.00039422858492495 -0.0518417345129109 -0.0854453639282328
0.00231884487270076 -0.0114614505509017 0.0310872590309995 -0.227569857323956
0.0040729753825238 -0.017738819266919 0.276235986423508 -0.0895768202541194
0.0125369972575359 -0.00248497952031992 0.276315194810938 0.301246019864384
-0.00817638476539646 0.0180065756027707 -0.130833238984766 0.446353520578507
-0.0136277221750743 -0.00477595936623219 -0.311878503525674 0.141883850101352
-0.00584650957117001 -0.0145906256162389 -0.0229165639295577 0.0422810390797853
-0.000848919460807487 0.00183041687580762 0.285899626225654 -0.117546925623045
-0.00306816476597909 0.0106640537125622 0.12144142863852 -0.454865764229049
-0.00158774068508409 0.00278840827006129 -0.344550369511261 -0.306690520859188
-0.0141867988505596 -0.0145861607828484 -0.330701644338412 0.158413131556891
-0.00546217078370051 -0.00712479630204221 -0.0310877793137343 0.258897930778214
-0.00785898856390419 -0.000548286516011588 0.0957018271657873 0.109815497126725
-0.0186583604936624 0.00624553371236862 0.0821244809748597 -0.0651114664563362
-0.00650138484987282 0.00410432248966436 -0.051199575954787 0.0539616915900008
-0.0100640139613893 0.00292483972441136 -0.0519176481774792 -0.083067621364508
0.000839810550498997 -0.00665956894979171 0.030825054688644 -0.228229891750715
0.00223550878140227 -0.0150634641296793 0.274573635134209 -0.0927758739166157
0.0121085838792519 -0.00496414608058176 0.275470540027021 0.300107423483633
-0.00474465609867804 0.0144416609016931 -0.129093075540539 0.447744942813965
-0.0108674534444446 -0.00551798887455045 -0.311119536664407 0.145027024233781
-0.00418479781439187 -0.0144323363490607 -0.0239269314182272 0.0436191646087144
0.00186309342066576 0.00104345319170221 0.287063215929512 -0.115563493604407
-0.000466284954606579 0.00665627801001394 0.126412089300353 -0.453341550779006
-0.00252950523110907 4.69800205756786E-05 -0.344082762489047 -0.309366497593683
-0.0155180397752833 -0.0119161778154596 -0.333447564879109 0.154309687645793
-0.00642181214139264 -0.00195841987289546 -0.0323177078529562 0.257787989543626
-0.00695054592830375 0.00303652299605071 0.0960035067341396 0.111441602115363
-0.014753857646579 0.00742226554326417 0.0811561791489218 -0.064615993144952
-0.00268428114525655 0.000648183727425606 -0.0601452054467802 0.0549197918489849
-0.0155549694334132 -0.00873089662329683 -0.067270532916819 -0.08478249325764
-0.00613313120393831 -0.0118851830605801 0.00891551033699899 -0.233806886374405
0.00730055879440776 -0.0139675536579088 0.273898790574893 -0.13288419343103
0.017173406873552 -0.00648265429093609 0.329525392436217 0.244797460995694
-0.00727385891385162 0.0121934971026005 -0.0544992511259624 0.436578668471157
-0.0147359011892797 -0.011781949338531 -0.280431533365329 0.15682140153679
-0.00588077729834578 -0.0212025505859526 -0.013785863496623 0.041312694028536
-0.00200775272666855 -0.00750287407119477 0.312064281258577 -0.0993877649421723
-0.0034911487219393 0.00362134765121637 0.199047078792108 -0.458193018709284
0.00531929646272017 0.00195741252431865 -0.288673742339351 -0.367504113757515
-0.00752451752890418 -0.0100758665346412 -0.33914318551409 0.10983037777935
-0.0129028968812028 -0.0089130271529212 -0.0568974729399688 0.254262958844283
-0.011570808822414 -0.0116903969272768 0.0797917458852679 0.115531742780503
-0.0115632923014668 0.00373578736235114 0.0732057081788129 -0.0641289396891717
-0.00655639831392009 0.000123540391697354 -0.0580315220611958 0.0544689140710243
-0.016001824783075 -0.0101787102257355 -0.0651462829475995 -0.0867429826776799
-0.00413664399636658 -0.0158493941340937 0.0127950672402269 -0.232094824987487
0.00814597402722899 -0.0170542650152852 0.277010635998084 -0.123658998270106
0.0171767347799812 -0.00361844457421039 0.322736446914162 0.256015400258239
-0.00954763288027368 0.0165628368664108 -0.0679259363633257 0.436917522971798
-0.0167987320992725 -0.00956078576207643 -0.285267421039405 0.152567501481562
-0.00768019479801988 -0.0201519782065723 -0.0146566566214486 0.0407500889056348
-0.00460865275178728 -0.00532211594079043 0.307772396950117 -0.104422002575898
-0.00628634299428256 0.00773296385528625 0.184973861798648 -0.45980520826042
0.00518667061691371 0.00502004361775695 -0.297403289059874 -0.358116787737405
-0.0066526680803874 -0.013407427571206 -0.336519008476867 0.119632311011711
-0.0104872748588193 -0.0130690473468921 -0.0524804167452167 0.256421378844095
-0.0116756894401914 -0.0133013622250112 0.0817699179577695 0.113674502498545
-0.0154852938738568 0.00215905982627384 0.0756175364146775 -0.0639348444843391
-0.00916317129472429 -0.000233941966852212 -0.0558414764759411 0.0537205881768148
-0.0153669691381684 -0.00998276385951372 -0.0621582650114358 -0.088005664965119
-0.00210878984773223 -0.019131015788172 0.017869018880593 -0.230924647612707
0.00844664958224546 -0.0191679166308508 0.278892423685119 -0.113424035339394
0.016778467704664 -0.00101149064673045 0.311378541478311 0.269360098778611
-0.011253844562569 0.0199253309223934 -0.0845022335534804 0.438370013689494
-0.0183161765660844 -0.00813458523997782 -0.292373861325616 0.147923456496953
-0.00904069619017407 -0.0183256119300335 -0.0166460476984585 0.0404897693402178
-0.00590385374165796 -0.00273262178417119 0.302661301229129 -0.10912195141255
-0.00775773939730715 0.0116307167383931 0.168775549064299 -0.461989475556869
0.00407844398473032 0.00685539471896193 -0.309189783267257 -0.345556430250778
-0.00688483426066637 -0.016139321902735 -0.33462403256101 0.13151552707212
-0.00843382761303938 -0.0151659759641436 -0.0479106503573073 0.258084800845313
-0.0116886965172981 -0.0126744595438093 0.0845305691993958 0.111609523521569
-0.0186096720032685 0.00258019713637347 0.077820351659462 -0.0647783049625763
-0.0109558430026925 0.000187582361387394 -0.0537063885138051 0.0536713709971085
-0.0145242347121363 -0.00899991749486093 -0.0592863507402052 -0.088555361745535
0.000377399567811965 -0.0196264929715281 0.0226038782101429 -0.229286275591239
0.0084940786496049 -0.02060975692594 0.28032826841628 -0.103107638571839
0.0154819045292389 0.000571011522672642 0.300807972682137 0.280686021272782
-0.0116542324652924 0.0217823587953166 -0.101193909339489 0.439587929568898
-0.0190859590160754 -0.00620615753770313 -0.298705257593813 0.143946490106282
-0.00910311187114679 -0.016785090974866 -0.0186186254379335 0.0399772888590798
-0.00583107296248636 -0.000335841273783156 0.297212487929009 -0.11329498340696
-0.00820765961823414 0.0139770565814902 0.152237149348596 -0.460694294866601
0.00284718953109486 0.00701206668315492 -0.322535763492964 -0.332957520354791
-0.0081115265667904 -0.0176714291498217 -0.332028892059906 0.142935734658716
-0.00649134841303842 -0.0158548331664767 -0.0424383181202467 0.26006062982153
-0.011255552007079 -0.0107912845110768 0.0875962595940957 0.110943751051852
-0.0214689107067612 0.00258970591193862 0.0804477497509728 -0.0647363024732901
-0.0117201045386718 0.000525636728895565 -0.0519447998947325 0.0533789036518587
-0.0133664486386384 -0.0067788254603005 -0.0556404928808045 -0.0883384271288467
0.00198789542721421 -0.0190041452352761 0.0272254902854268 -0.227804748212427
0.00751315447164622 -0.020767262545538 0.280426308649796 -0.0950555857390734
0.0146452193087786 0.000899706264847161 0.28843930462663 0.291636087904136
-0.0111531709856304 0.0219328915997896 -0.117229831425213 0.441706888479617
-0.0180675472675136 -0.00531237921088169 -0.305388569334046 0.140186748449189
-0.00910102501214128 -0.015791604867046 -0.0204716047561155 0.0403157945354073
-0.00544493598797921 0.00142575974436974 0.291739707000578 -0.116129869491004
-0.00697623112406394 0.0144189578022811 0.137965045895476 -0.46043559234265
0.00149599944615118 0.00688914057750993 -0.33208975941655 -0.320518948070497
-0.0103697374313101 -0.0181588975853679 -0.331250498308741 0.150745468736194
-0.00580007074588464 -0.0151010098342247 -0.0373170411735833 0.260216763756973
-0.0105906107287849 -0.00747494402985463 0.0906910674926424 0.109991336314063
-0.021695881762768 0.00338049982557824 0.082088854659691 -0.0649179094793447
-0.0112298960546777 0.00195711179518894 -0.0506805504834749 0.0525512196416258
-0.0123257614330176 -0.00391079005325899 -0.0534725865277903 -0.0878699233316026
0.00237608059680963 -0.0159530099162022 0.0297901881929489 -0.227583609337824
0.00605439433807647 -0.0197095040187565 0.278519817956342 -0.0897632240954901
0.0133019853132771 -4.42646210934098E-05 0.279828203350971 0.299499278812841
-0.00997473036483135 0.0208766112595687 -0.12710146617426 0.443262733888058
-0.0161874953356187 -0.00467883980753559 -0.310277229941237 0.139316320946706
-0.00797252831742688 -0.0146407554203102 -0.0221561136993279 0.0412204438763752
-0.00375675416346667 0.00178192773923776 0.288237831327561 -0.116206725408128
-0.00592003896759354 0.0135388583732518 0.12950154651752 -0.457689391527491
-0.000535008625757456 0.00505086815258758 -0.340155152967441 -0.311545509073185
-0.0125251730063169 -0.0170067042955298 -0.331215911099226 0.15579733830852
-0.0053534930718512 -0.0119885114508695 -0.0339613647035428 0.26048043334055
-0.00933452196034098 -0.00386433864590776 0.0936203822413174 0.109741939623516
-0.0209921080546964 0.00444945297341673 0.0830526609702252 -0.064948149790076
-0.00937580783872729 0.00274010010813306 -0.0504079094254876 0.0531565777725039
-0.0108124575201854 -7.21502452049899E-05 -0.0523557171641166 -0.0861849884495431
0.00208378073047702 -0.0116023730032213 0.0310551899208987 -0.228094850460219
0.00413531391561286 -0.0175307932263542 0.277183301268117 -0.0889948586632747
0.0125050712997388 -0.00227691838074217 0.276385641622608 0.301749055586163
-0.00767232492752431 0.0181186030382579 -0.132565809686956 0.446888681345277
-0.0135330664794804 -0.00488419679506094 -0.311666092920854 0.140895890854625
-0.00655065675965872 -0.0140090878556393 -0.0229605065204816 0.0427079103476495
-0.00127546030638729 0.00139643602173195 0.28659029343901 -0.117227765972309
-0.00349676663360962 0.0106689172355138 0.12150462448708 -0.455338442703874
-0.0014520136158644 0.00261822263120383 -0.344560420818327 -0.308752683315699
-0.014358845384252 -0.0145113818067266 -0.331394883425943 0.157910096062836
-0.00549074625330285 -0.00707521454754501 -0.0309721494657789 0.259554446116677
-0.00840213892257244 -0.000218078624101427 0.0957873931754338 0.110246875347509
-0.0182907535423962 0.00626238272784503 0.083014983970823 -0.0654915142009876
-0.00643231075445238 0.00455432447128442 -0.0510935316881062 0.0535119020352685
-0.00986107010377402 0.0028450080529648 -0.0522797448622035 -0.0836466857309039
0.000700040591625713 -0.00594612346222926 0.0304517996806375 -0.2280035726285
0.00215004011042511 -0.0145463964810798 0.274939502391442 -0.0924594430706579
0.0122033726599061 -0.00522340545574437 0.276008013174227 0.299747140654784
-0.00462534301792724 0.0144663233377193 -0.130542954782647 0.448836584083876
-0.0107791511993495 -0.00541642222367563 -0.311659654747683 0.144087035837734
-0.00457858538469579 -0.0143804714882823 -0.0239394480007022 0.0434411257541495
0.00182171408924258 0.000300445907276061 0.28624858615615 -0.114495471156606
-0.000645132821681837 0.00662374925230705 0.125546403444253 -0.453314203163277
-0.00247978960982149 -0.000324756021467107 -0.343200275599683 -0.311064660356849
-0.0157871316087992 -0.0116844134102759 -0.334978620134705 0.15447492719864
-0.00601766813172419 -0.00225417575240152 -0.0324167002632219 0.258303936883397
-0.00737854879458152 0.00326467823961754 0.0962383744568293 0.112122086265134
-0.0150302497545798 0.0081085891122578 0.0817418662346371 -0.0642807944271863
-0.0031489309724629 0.000505631098380403 -0.0604187896504132 0.0547410014532723
-0.0155282572700512 -0.00842519348862671 -0.0675780372593764 -0.0854545876649658
-0.00605097384915286 -0.0115842910165731 0.00896151437534337 -0.233648019920316
0.00711900173943875 -0.0137628125374273 0.274961766770155 -0.131973642054378
0.0169212365085748 -0.00651959842992978 0.330646360006444 0.245917584317848
-0.00705530134160056 0.0122629214402769 -0.0556003835599816 0.437625272792175
-0.0145605118343614 -0.0115366682771609 -0.28050159754681 0.15719493875051
-0.00602417771777191 -0.0212661052446719 -0.0143467208472429 0.0416608492102802
-0.00178782877813551 -0.00809438289806543 0.313142280810922 -0.0990819749238735
-0.00369920018650756 0.00338357949411126 0.199514727269098 -0.458446993981655
0.00595360994973333 0.00240985332187581 -0.289157320588823 -0.370489011411368
-0.00773467126998586 -0.0101063471990854 -0.340638180313834 0.109740581534693
-0.0124247157023584 -0.00932058641090049 -0.057143152531765 0.254595975456394
-0.0116693807531445 -0.0118502430542776 0.0801321177838255 0.115961363224164
-0.0118186354277107 0.00423166621442908 0.0734468780970383 -0.0638253103725355
-0.00631728268569619 8.46150913401391E-05 -0.0582943345522163 0.0540153464879216
-0.0161179926157035 -0.0101167858933285 -0.0658084316493264 -0.087157932987702
-0.00427500329727954 -0.0160704031296713 0.0123564114170464 -0.232863475116534
0.00836529926380856 -0.0169113594169372 0.27823993908004 -0.12276969039747
0.017472145183709 -0.00343326665330741 0.323462093154326 0.257776904539152
-0.00949572345147494 0.0168082268181781 -0.0688638333062341 0.437723840610874
-0.0168030748547493 -0.0100325018622372 -0.286143873663181 0.152179797866291
-0.0079589314551071 -0.0202608599961223 -0.0150026385656736 0.0404612004087166
-0.00464643946255284 -0.0053640930353256 0.308654813900203 -0.103975051544912
-0.00612553936145205 0.00773083361278053 0.186976419015566 -0.460402266004409
0.00509903137908635 0.00487286520225531 -0.298065797293913 -0.362583250869427
-0.00698274188630669 -0.0130176296363794 -0.337864752892648 0.119481240962311
-0.010384342337939 -0.0129504576484706 -0.0530814229890725 0.257299638592247
-0.0122504995937039 -0.0124757263893096 0.0814595436688727 0.114184414450983
-0.0154491349027239 0.00309568816420806 0.075856001896541 -0.0640631021183135
-0.00930254475143473 -0.000128503830306831 -0.0561699633099898 0.0537171854725955
-0.0159215101445746 -0.00999321617301767 -0.0624867810674813 -0.0889857366764034
-0.00193409840748479 -0.0189980269587515 0.0173000675813074 -0.231270342517541
0.00857536120727216 -0.0193769268134357 0.280141609195291 -0.112185417459547
0.0170398478200491 -0.00122217563356606 0.312683516366823 0.270245237368055
-0.0112649408603138 0.0193791122451505 -0.085525614323359 0.438599208312683
-0.0187728652566642 -0.00760538118147502 -0.293046445507551 0.147659825713519
-0.00874759209641149 -0.0189207167597703 -0.0166541152161223 0.0400121716208865
-0.00618673858419837 -0.00336884732229671 0.30373899297985 -0.109007554362129
-0.00772829715897481 0.011485535383657 0.169496754175973 -0.462320636757221
0.00493595140712088 0.00675907961330893 -0.309462529220002 -0.347391541082758
-0.00744462615785091 -0.01646676778909 -0.335370240774154 0.130652608178064
-0.00792955828898648 -0.0155125102897294 -0.0477871878201882 0.259021678453707
-0.0117078054773518 -0.012722298503881 0.0845599475538976 0.11204366788725
-0.0188229885080414 0.00264845718666211 0.0788235386632616 -0.0642789273554659
-0.0108200452356721 0.000173063472341197 -0.0540435036995854 0.0532049219399785
-0.015035050595433 -0.00898141342938327 -0.0597528895022295 -0.0890786515670861
0.000410620224872321 -0.0199735142068008 0.022157535245723 -0.22992807056878
0.00850435730220645 -0.0208128727486267 0.280695578161695 -0.103144960167661
0.0156020940660474 0.000613400930254123 0.30150155340601 0.28204899303856
-0.0115757905606735 0.0218571882471455 -0.102013506469458 0.439765412612438
-0.019092736268228 -0.00632691233707871 -0.30038434968515 0.143523249444248
-0.0097915808336467 -0.0167553030837046 -0.0188040500997998 0.0404689681191046
-0.00631257897866076 -0.000781659844953918 0.297692122894466 -0.11293735571161
-0.00830229022375697 0.0140124273683505 0.15377720048596 -0.46279128447751
0.00294450125922353 0.0072767406641862 -0.323491380127053 -0.334710057963224
-0.00874200979161947 -0.0173739077464099 -0.332919765006919 0.142214538977363
-0.00684230887212491 -0.0162849938484947 -0.0434401481121766 0.260408833412454
-0.0116749817068805 -0.0102859296552963 0.0878873467118634 0.111326861726496
-0.0212182922292439 0.00260826858579631 0.0806207533447494 -0.0643384302068952
-0.0118612373532855 0.000594352837736673 -0.0522983908539866 0.0531786063245668
-0.013599693453872 -0.00640599685961158 -0.0564435672262757 -0.089671468949653
0.00176651209445513 -0.0187907827056854 0.0266392530068908 -0.228579498902382
0.00750784396470437 -0.0207652784698324 0.282071708549209 -0.0946452725009003
0.0145469830265588 0.000989267562437092 0.288548308702073 0.294266169010689
-0.0116452100898577 0.0222190860511322 -0.118291587666293 0.440972404582154
-0.0179956298848143 -0.00551335276658089 -0.306712595836054 0.139919465650332
-0.00924652610267525 -0.0158347846296297 -0.0201348936986708 0.0410353328954155
-0.00565615740469604 0.000982192092108571 0.292590735543527 -0.115906462219616
-0.00692812048577423 0.0146832255025418 0.139338129909186 -0.461555047080564
0.00163199714633556 0.00675432097551396 -0.333247426373241 -0.323396255981331
-0.0102699349701232 -0.0176473553986455 -0.33204539664863 0.150763566082782
-0.00538195612755218 -0.0152747968708218 -0.0375062321743687 0.260611343130099
-0.0103656314751942 -0.00780089378105967 0.0913101779545274 0.11002771569315
-0.0219636339748712 0.00350527580718319 0.0824577745024892 -0.0646136048575247
-0.0111457206135137 0.0020831766304992 -0.050982523027551 0.0522262516081004
-0.0120773480474498 -0.00359657467155061 -0.0542988002710569 -0.087977380517533
0.00278956880746758 -0.0158615368987962 0.0298258356214982 -0.22782952891297
0.00609553994536473 -0.0198653290779821 0.279435377044718 -0.0887673782713915
0.0132317450311371 -3.66379865796738E-05 0.280199711096915 0.301542489678442
-0.00981147479367268 0.0208490365746629 -0.129870599782217 0.444387014984535
-0.0164259394865086 -0.00484228056976358 -0.310276557415137 0.138462032027231
-0.00793027184233638 -0.0150818777289292 -0.0222702549854464 0.0411148692843337
-0.00381734439905072 0.00134723173575805 0.289381369111949 -0.116289820285476
-0.00551772970067697 0.0132384983361179 0.130225298531491 -0.459589036660061
-0.000396392344841736 0.00553595524161008 -0.34015348737884 -0.313225140589349
-0.0120511719519781 -0.0167340895870619 -0.331713411971366 0.156210829635832
-0.00497816965203506 -0.0120715062884503 -0.0343845986849532 0.260987796589803
-0.00941235208418809 -0.00368768112015802 0.0940185937495547 0.110438687876087
-0.0210084156009338 0.00583018886232445 0.0834128206393949 -0.0647323685384382
-0.00920031699263711 0.00283781406643898 -0.0508868934530779 0.0530734175149075
-0.0109740254325413 0.000115834655148014 -0.0532906729600389 -0.0867722503388369
0.00230677935023447 -0.0113434220667013 0.0306729471909148 -0.227299833098455
0.00415736754812097 -0.0175883508206675 0.278226264184716 -0.0886180981921639
0.0130503520521897 -0.00227148455390693 0.276044452961018 0.303106627442145
-0.00742072169617576 0.0183573255650746 -0.133009842130349 0.447150870461002
-0.01392888107875 -0.0044830137132942 -0.312927387247616 0.140771132959458
-0.00684454356714474 -0.0143512457094485 -0.0230865941050586 0.0425759169654352
-0.00103152066545772 0.00119943363912956 0.28677849990117 -0.116817402943884
-0.00323854443499396 0.010461254911481 0.1239942197673 -0.45671824968763
-0.00190099591262166 0.00324506804365079 -0.345976107625308 -0.308885100985954
-0.0143324088810433 -0.0145307956297609 -0.331716138279149 0.158360529081005
-0.00500588900244545 -0.00728799672605657 -0.0317045379140099 0.260168791331859
-0.0088509944630947 0.000267145284788897 0.0959108699589574 0.111084932716049
-0.0185481278540696 0.0070467524078402 0.0833291414038938 -0.0643350035094578
-0.00648885969366649 0.00429830012261822 -0.0516929518094882 0.0532695560980997
-0.00998556352423024 0.00319353731826941 -0.0527011566144031 -0.0845156471419215
0.000930867931834897 -0.00622906984523125 0.030758128785524 -0.22835722743477
0.00226320834335386 -0.0145644270005435 0.275651467421075 -0.0920972313714955
0.0121031789356643 -0.00515811349437139 0.274975613876151 0.301824835904512
-0.00456537915334016 0.0146934813960154 -0.131788879145557 0.448463703337467
-0.0106301975959922 -0.00520017487109255 -0.313043778833033 0.143961312168284
-0.00483517791719188 -0.0141005820275807 -0.0241749067370353 0.0437355174246153
0.0011798439560048 -0.00015150900250272 0.287199081478553 -0.113663101861295
-0.000543122863205608 0.00651276349264598 0.127532586904522 -0.454539175556378
-0.00217781970901882 0.000279351130752196 -0.343066519360344 -0.310668613502777
-0.015673942784935 -0.0113493069646867 -0.335589481417189 0.154367938492514
-0.00632429906129879 -0.00191508041488298 -0.0321992529543035 0.259250537609169
-0.00743393275947288 0.00356274194237746 0.0968683171152328 0.112448303658057
-0.0148550947552148 0.00862937811953391 0.0823670725547796 -0.0642770180653184
-0.00301248393280836 0.000647020081742387 -0.0607331404078949 0.0545699909178555
-0.0157843021492356 -0.00867126889091171 -0.0685850789686642 -0.0861278465900566
-0.00612204888354717 -0.011506922089503 0.00841740992922864 -0.234801306880722
0.00726210748624001 -0.0138035634876801 0.27625534118412 -0.132216951090509
0.017242393228793 -0.00658032830171067 0.331660415541405 0.248395602990517
-0.00669953621953498 0.0125487598903949 -0.0560112717995826 0.439009935343199
-0.0144128484609943 -0.0114636568675207 -0.281803648578398 0.1565358907509
-0.00638795900466786 -0.0213825421895002 -0.0140007530678417 0.0415262635731361
-0.00175471986491233 -0.00778631196943083 0.31366527631836 -0.0995580039329225
-0.0036194446320836 0.00311940770582773 0.201633040277764 -0.459980058578831
0.00583472960984592 0.002352434326784 -0.290291383730764 -0.371390485952901
-0.00760192623700879 -0.00975499862633827 -0.342465523415194 0.109770891527499
-0.0125560783538858 -0.00883882016077651 -0.0572153908313866 0.256111411355553
-0.0123853546719019 -0.0113187879740281 0.0811693059515903 0.117096810729071
-0.0118283271932842 0.0046179100970409 0.0739299910380335 -0.0635110739007718
-0.00682361471116553 0.00029087562088007 -0.058436823430808 0.0538802793917499
-0.0161229861350716 -0.0099379837542386 -0.0661879913397869 -0.0889981511438572
-0.00448619213781449 -0.0157077673441145 0.0114695413543059 -0.233531409304579
0.00848663730262948 -0.0169433883766529 0.278672447904679 -0.122633829336032
0.0173404298500251 -0.00374381211414543 0.323293862979534 0.258701488690505
-0.00892881201707789 0.0169811766381682 -0.069258660550075 0.438938434493377
-0.0175159333005692 -0.00962263840243457 -0.287229007914114 0.151725528925537
-0.00862871650814227 -0.0200952680492045 -0.0150792496197786 0.0406228189958206
-0.00475077063089452 -0.00586019127233244 0.309625799733026 -0.102965175895313
-0.00589670738804435 0.00759890728042548 0.18746886928222 -0.462547145462931
0.00540914390714394 0.00546576646758079 -0.298289917944448 -0.363620862686083
-0.00670291768001919 -0.0131065720942562 -0.339308871814232 0.119952724415765
-0.0105635172028677 -0.0127896769921038 -0.0530752944519552 0.258503350315615
-0.0123822337559938 -0.012379550464611 0.0827402424658222 0.114922162903721
-0.0157432820268554 0.00358824810885544 0.0769833829052396 -0.0638145404980231
-0.00938721575313669 6.39034862097536E-05 -0.0564006831819361 0.0533535894669985
-0.0154984762436498 -0.0101141010287403 -0.0636152902513817 -0.0899829754772331
-0.00205914736343415 -0.0190057644852436 0.0163509756017976 -0.231690083845441
0.00867077049844781 -0.0192880692073022 0.280646343677455 -0.112091527179633
0.0167650585714013 -0.000864977152869074 0.313481730409886 0.272082792414965
-0.0107361602277136 0.0199904953156532 -0.0856291279360287 0.440811205139111
-0.0183344235130346 -0.00772221334654226 -0.294196861014004 0.147318853115469
-0.00961145835319143 -0.0185681431708691 -0.0169173556830782 0.0403279193985554
-0.00593301333763598 -0.00322129543405975 0.304270852991245 -0.108221864332157
-0.00755086555459923 0.0114437004623509 0.171151037240491 -0.464734962336796
0.00411100704605681 0.00695145767357404 -0.31016699327258 -0.348337493689393
-0.00704381297738384 -0.0157050152280343 -0.337525998519574 0.131667316594929
-0.0084038287450754 -0.0157464330805191 -0.0479191600571268 0.259946588974063
-0.0122651784958058 -0.0122782902364196 0.0851670295412019 0.112735376724901
-0.0189769701928688 0.00295267000971807 0.0792729306960551 -0.0640336108837624
-0.011134384939318 0.000124405467164031 -0.0538027815355719 0.0528889029091097
-0.0149697270769284 -0.00879727031530762 -0.060343939194919 -0.090586565893345
3.96119141865469E-05 -0.019701514068987 0.0211680827456356 -0.230665107665037
0.008606797231139 -0.020726995792041 0.282456518878915 -0.102624695588459
0.0158392184821556 0.000578814676782208 0.302653017559283 0.284532807867315
-0.0111481931650984 0.0220834581590216 -0.103845500151209 0.440954710645901
-0.0193458560353294 -0.00598783069391358 -0.301026609237938 0.143316954731579
-0.0102530528026899 -0.0170148052106305 -0.0189437779023077 0.039930038021482
-0.00645560013180385 -0.00091165786794563 0.299309222513015 -0.113129409954946
-0.00817613578454767 0.0136821027429905 0.154563513286496 -0.464112776094521
0.00310911125671027 0.00728838379931904 -0.322273778288322 -0.336627754142168
-0.00866064999137108 -0.0174478301134552 -0.335062331754137 0.143100740624431
-0.00687848918598403 -0.0161659664047304 -0.0428619814136031 0.26153542974173
-0.0118011057982249 -0.0103596304396109 0.0884881495744234 0.112189842427931
-0.0212280450129922 0.00397712392059359 0.0812846856793277 -0.0644208648051831
-0.0116772265878334 0.000738685277486572 -0.0526484874789681 0.0524523571605125
-0.0134203960327008 -0.00618752134420089 -0.0572995831322262 -0.0898331977424682
0.00220063267685313 -0.0188376444651304 0.0259535778376925 -0.228918824691519
0.007877424698854 -0.0211547084476375 0.282049633565134 -0.0941396470467357
0.0145999911385082 0.00105999281654474 0.289948192034541 0.295079262932275
-0.0112684994713443 0.0222042940650528 -0.119699029206867 0.444135766277348
-0.0183772470270503 -0.00495436053020356 -0.307263127858749 0.139430505928471
-0.0102054820022644 -0.0153397284824839 -0.0205047887472955 0.0404706320041383
-0.0058004481726763 0.000503750721577028 0.293432835623976 -0.115521055633545
-0.00743591830470355 0.0146862517419941 0.140722381203309 -0.461775893662547
0.00136847119404917 0.00664267878343605 -0.333407116724214 -0.324048918488344
-0.0104547368486273 -0.0182527010547111 -0.33389785014393 0.151818372565114
-0.00542108369583403 -0.0152127803330692 -0.037640485071168 0.262480777770304
-0.0111492280689913 -0.0074715741814182 0.0914139834454976 0.111580504549432
-0.0221809928941327 0.00431904146812403 0.0833613599209268 -0.0645769598883925
-0.0116005967706105 0.00185738225696142 -0.0514702507399614 0.0525889592325039
-0.0122959405672432 -0.0033842121822904 -0.055340182699537 -0.0889696440443613
0.00282186385488184 -0.0160896041149558 0.0291756229328274 -0.228446423743614
0.00626612438702873 -0.0197485203302597 0.280448682509369 -0.0883274107620415
0.013597518647515 0.000200758943689769 0.28064860991475 0.303394328604062
-0.00968839730232261 0.0213367788806543 -0.12935146312031 0.44508699376645
-0.016697027982954 -0.00442225061590409 -0.311679660744563 0.138534923631
-0.00882482405410764 -0.014661847583067 -0.0222000412508856 0.0409625514779411
-0.00385224804690068 0.0010664340016477 0.289551289430228 -0.116076857301762
-0.00549718114471164 0.0131660069131264 0.131753984431845 -0.460171397659692
-1.11142398809766E-05 0.00535271843215735 -0.342315842214763 -0.316325725144582
-0.0119834707367889 -0.0168579794882659 -0.334102774618909 0.156175752638733
-0.0050201042609351 -0.0119626372204087 -0.0343339003436469 0.261505072815224
-0.0099846169863414 -0.00378142147286806 0.0946451970823361 0.111209608436859
-0.0211804969963321 0.00622917867314523 0.0843670774117066 -0.0643211797877765
-0.00944287938261767 0.00324965483432473 -0.051264396443775 0.0522910546277115
-0.0111014189663134 0.00043429835177432 -0.0540253344331717 -0.0874556782189953
0.00238601661359008 -0.0115819193004624 0.0297366500592469 -0.228516242621761
0.00419745220927786 -0.0179745032099534 0.279252619248467 -0.0878839405567955
0.0127145588066171 -0.0024437236576084 0.276635508294942 0.304779116489995
-0.0071791153702154 0.0185256446973331 -0.133723312570019 0.446972097480905
-0.0140888041641151 -0.00462863991513746 -0.314092665303873 0.139660982016883
-0.00738918139287317 -0.0145107917548177 -0.0236582635835971 0.0424227534866297
-0.00162492458466379 0.000725703308967334 0.286958132644994 -0.116711221497878
-0.00298095418943379 0.0102939731412055 0.125146759549145 -0.457762126376057
-0.00145114905460942 0.00308199503775814 -0.346347404846356 -0.310150979092227
-0.0142719599705883 -0.0147877016062651 -0.334251389363687 0.158901698757363
-0.00525992974658305 -0.00798251317092303 -0.0318967658355023 0.261508003240351
-0.00897010395114054 0.00013992574127791 0.0971444315104618 0.111915176978099
-0.0188107252006267 0.0072574012567875 0.084137922627375 -0.0644554927804214
-0.00686051774633546 0.00454363111664179 -0.0516989114396422 0.0527978689902071
-0.0100182873420951 0.00333239723464619 -0.0536849778670631 -0.0851798399356448
0.00090198372067328 -0.00630940426866764 0.0296323502689768 -0.229366376802936
0.00184323518638745 -0.0147556401793753 0.277342532843123 -0.0920561155131052
0.0122641835261032 -0.00528164427109941 0.275345659020094 0.302472874999847
-0.0042686538330461 0.0145970942944587 -0.132521490272779 0.44964404481314
-0.0109312476478922 -0.004846099359565 -0.314002068728172 0.143725185991267
-0.00517630931075231 -0.0148077727535122 -0.0240393364536339 0.0430293993616289
0.00133414430530086 1.59289087250675E-05 0.287754843455444 -0.113847488660042
-3.44780465649265E-05 0.00630220167215755 0.128146010733389 -0.456803980100942
-0.00238034569417825 0.0004173295511325 -0.346853284630479 -0.31353690615969
-0.0158740106576447 -0.0114508778679552 -0.337596203284201 0.154424720627152
-0.00628139783428759 -0.0021160889283793 -0.0325786824528495 0.260030889848175
-0.00782194602439552 0.00394726000947669 0.0977971911684032 0.113759340553044
-0.0155539151421904 0.00902022261547764 0.0834303004247729 -0.0639898750203272
-0.00319896370556651 0.000790498079758868 -0.0611882500610119 0.0542657900386966
-0.0158743620419451 -0.00842666124334043 -0.0701312374854349 -0.0872198645581775
-0.00622964670505877 -0.0117364817039711 0.00698535441454959 -0.235791506451936
0.00731026800085665 -0.0139579589339607 0.277350886490506 -0.132838359860964
0.0176753462941518 -0.00648657417062685 0.330989510166372 0.249757515405967
-0.00655510362775602 0.0126902485516165 -0.057720837867426 0.440993652029645
-0.0147829188345564 -0.0112755363344492 -0.283251216646781 0.156901897662322
-0.00692599012872023 -0.0212927246453133 -0.0142009412074519 0.0419125599742445
-0.00202336585725925 -0.00861413994826971 0.31443570925346 -0.0990134197598859
-0.00349014403850855 0.00325712788903789 0.202621767657417 -0.463089405952376
0.00572311151190607 0.00285087465141695 -0.291792792224857 -0.374674479651501
-0.00749096142921585 -0.0101574705700485 -0.344167360947721 0.110555755691211
-0.0124668783246545 -0.00896759041885294 -0.0574903661122498 0.257971772320758
-0.0128657692716587 -0.0109963730088238 0.08199728426384 0.117591669933135
-0.0115797896815374 0.00541753576931324 0.0753157622494698 -0.0628695653359364
-0.0068631639925791 0.000272955966287317 -0.0594311298252973 0.0538474051520722
-0.0160607819562951 -0.00964757670423663 -0.0669951197053946 -0.0897874713064062
-0.00455787695967476 -0.0157273966349033 0.0112508841868606 -0.23405560549601
0.00814095267746086 -0.0173512181248383 0.279904371114515 -0.12302356425206
0.0172350393423361 -0.00351901499894207 0.325388462801341 0.260003401559429
-0.00858343755229551 0.0170644772206224 -0.0711450203135409 0.44074905601766
-0.0174157478343835 -0.00950815648541999 -0.28907508478282 0.15169872574363
-0.0088383807593427 -0.0201225171859433 -0.0152478785073429 0.0406751802042011
-0.00490752505836766 -0.00591576995118056 0.31103157184345 -0.102685725393016
-0.00570212178797532 0.00784797011714068 0.188123059830107 -0.464726621807831
0.00556496658197799 0.00526136581959904 -0.300255053480887 -0.365691439526986
-0.00669153387467488 -0.0130188797025789 -0.341815950903731 0.120775071192787
-0.0105032404128624 -0.0133700414649566 -0.0527862568720497 0.259654715389542
-0.0128558253355012 -0.0125348897981221 0.0829568656687016 0.116054786656186
-0.015624745849691 0.00394704045976346 0.0774611095892184 -0.0638094437951762
-0.00961243199454143 6.49638107841544E-05 -0.0569266075311214 0.0528777633756169
-0.0160050984542933 -0.00993837269366507 -0.0645737215480777 -0.0912041627171623
-0.00135727005709304 -0.0185299527070238 0.0157981475287877 -0.233247803911773
0.00875374059652289 -0.0194854198526334 0.282690286257207 -0.112594530926906
0.0166876629469227 -0.000783865752599583 0.313361688368389 0.274334661768164
-0.0110069521662572 0.0202259339293852 -0.0869546743158571 0.442542213222724
-0.0190962155319293 -0.00805556437800207 -0.295468499780375 0.147177941504652
-0.00971007984315961 -0.0185505162349481 -0.0168601811397975 0.0407011915943788
-0.00637477994544594 -0.00348283106474859 0.306218411500779 -0.10934068695312
-0.00754912411957154 0.0113840090620139 0.171671351689112 -0.466158318644422
0.0047402875173406 0.00711479676078009 -0.312442649978149 -0.351073951193796
-0.00705192988123153 -0.0156355989496353 -0.33952689781455 0.13223174355483
-0.00807663232203155 -0.0161063351684435 -0.0478663871989565 0.262132081551367
-0.012577263155299 -0.0118192302152135 0.0862125974265665 0.114057297264163
-0.0191956942237166 0.00370056563193442 0.0795896423761623 -0.0641738213112272
-0.0114029342125243 0.000409404817975897 -0.0546681329373469 0.0531301481860459
-0.0148733125569391 -0.00865890001782635 -0.0612777055724417 -0.0914866447071267
0.000123537789458768 -0.0198131185299447 0.0204129630963935 -0.231703682309835
0.00852104377076794 -0.0207154038473741 0.28337488896403 -0.103284773012912
0.0160742954562285 0.000668337348172791 0.303030835918281 0.285468962302901
-0.0114805100387788 0.022398275941391 -0.104732731335349 0.443341700843725
-0.0195026886138929 -0.00608342624856786 -0.302920908476038 0.143511919108235
-0.0109551943745091 -0.016803529105416 -0.0190085423042283 0.0403735791906553
-0.0067781144601391 -0.00119524264592769 0.300401156924758 -0.112877219357922
-0.00794774502224519 0.0142315080091203 0.155332807783409 -0.465472467610247
0.00302266647288084 0.00735702106425161 -0.324894800263381 -0.338953495012699
-0.00822582385771834 -0.0173575317305513 -0.337177548456336 0.143563631075266
-0.00683150838596493 -0.0168217427266001 -0.0430758016717279 0.262852884706423
-0.0121476765343514 -0.0101584549121804 0.0890754554071619 0.113235423985619
-0.0213217361623034 0.00393715452031754 0.0824125490734644 -0.0641501968216525
-0.0119963300965925 0.000936175523264165 -0.0527970205439938 0.052330468456159
-0.0136790917977921 -0.00622660636803734 -0.0581237442598987 -0.0907489729750433
0.00168789036264555 -0.0187413691576884 0.0249903236685275 -0.229961185289225
0.00769583343549515 -0.0209711902156527 0.283968312039029 -0.094133073845527
0.0145055912274349 0.00112768107036387 0.290884444637073 0.296945351186393
-0.011014320176092 0.0222180901202262 -0.120192312479887 0.444783738456467
-0.0186960090415396 -0.00484119156488402 -0.308419914610047 0.140029400397912
-0.0102910090942026 -0.0158175968510167 -0.0207076634178957 0.0404028001916759
-0.00600222102605437 0.000236441423506928 0.295255490032939 -0.115249852107646
-0.00719583743118885 0.0145415413524765 0.141139703484877 -0.465281993783295
0.00174231511357372 0.00719063351616266 -0.335319469452321 -0.32527799823024
-0.0103660737440396 -0.0181796589275392 -0.335775513492729 0.152284251042059
-0.00561949910279699 -0.0149761868244463 -0.0372865361613088 0.264442813381485
-0.0112529654071275 -0.00707553133064217 0.0923165200056568 0.112102554094406
-0.0220379555706621 0.00478314578463528 0.0843189899087939 -0.0643747176938698
-0.0114160878256328 0.00192758145160005 -0.0520664216032917 0.0522228786480517
-0.0124610515037698 -0.00307350434469144 -0.0560217177876861 -0.0899536512651971
0.00279578668497147 -0.0156656563789124 0.0288673302847724 -0.229371437809273
0.0061173571676794 -0.0193762268780869 0.282007488642738 -0.088989906970391
0.0137014612496105 0.000250824314166418 0.280526176766759 0.304444659335409
-0.00920701947913508 0.0210305362122314 -0.131233611584495 0.448045782649233
-0.0164107851458058 -0.00439240901706985 -0.314141082168846 0.138362968084178
-0.00910027582040821 -0.0149892386593382 -0.0229953266436701 0.0413588370541317
-0.0041742843615135 0.000964329136915769 0.290901084708387 -0.116099823450561
-0.00517876507174228 0.0133328340075155 0.13238525735307 -0.462457784791142
-7.89574212925409E-05 0.00544544684364421 -0.343373716812139 -0.318653817105341
-0.0124023464899461 -0.0172183771327046 -0.335602851622084 0.157489489824478
-0.00478540845390366 -0.0123433908426237 -0.0344047567652379 0.263421296857958
-0.0106726621796093 -0.00335773002248047 0.095738036561752 0.112088739259945
-0.0211739012203054 0.00609984590095728 0.085052789729128 -0.0649436919122239
-0.00963445398311524 0.0032379652102679 -0.0518963469106787 0.0523184694314772
-0.0110859909619232 0.000540760309366037 -0.054854179868407 -0.0881113125760653
0.00244473879612069 -0.0113383145494229 0.0296204230361507 -0.229522337515114
0.00393395853159505 -0.0179051375967913 0.280538597444041 -0.0883912027261225
0.0125504609144554 -0.00241199947488989 0.277659770400469 0.306740664433333
-0.00699759728589874 0.0188166554992799 -0.135225544860149 0.449904475975887
-0.0141875479345609 -0.00480650167652717 -0.315792400613055 0.140297251304303
-0.00747938639531043 -0.0142319928580543 -0.0238188253838241 0.0422067102089415
-0.00221115549011634 0.000381110168130498 0.28912621723797 -0.1169716527067
-0.00294060463928632 0.0110804699252004 0.125453711009404 -0.461248083808233
-0.00156574059634187 0.00340301643658418 -0.349029532118422 -0.312816578375713
-0.0141019040538907 -0.0146705730450875 -0.33603752563102 0.159331590272342
-0.00518265124846721 -0.00803634840987036 -0.0313532776210168 0.263116824152606
-0.00963696023732915 0.000571904653766541 0.0978417914194855 0.112250700071658
-0.018584636313117 0.00800122577083984 0.085119006801155 -0.0650952159067126
-0.00662992961132134 0.00470554342061487 -0.052420314474393 0.0527866326524404
-0.0106137899013405 0.00393608880574105 -0.0543909566985352 -0.0860498650744532
0.000944629531643014 -0.00566124302293811 0.0294754533235516 -0.229883129377611
0.00229572737308122 -0.0150684513710823 0.278843923144684 -0.0916525861041641
0.0128122259828192 -0.0047194214113627 0.276661875289009 0.305957933173649
-0.00396366450307803 0.0148304105766154 -0.134014599159958 0.451952866661523
-0.0111610642777035 -0.0053292944050242 -0.315418599189797 0.142999172102129
-0.00561924248449463 -0.0143935978534197 -0.0244847665815262 0.0436788384424294
0.00132155365465527 -0.000544056677149737 0.289515341025869 -0.114496809084624
-0.000865004963816658 0.0066614091541755 0.128808502515197 -0.457579742106214
-0.00237709989912524 0.000494255181759983 -0.347462835011603 -0.314720984023498
-0.0156492906293149 -0.011859270554105 -0.338682308773872 0.155273409010627
-0.00579148336431948 -0.00243335316275507 -0.0326356740879454 0.262001683091505
-0.00822619952959802 0.00404571430085477 0.0981051069806282 0.114130938386362
-0.0152970671698977 0.0097585129328782 0.0838078470157802 -0.0639933746587302
-0.00350964134760102 0.00106839444081187 -0.0618924274263748 0.0544622977656455
-0.0161966793830481 -0.00821219761152103 -0.0709885667116305 -0.0879674202378922
-0.0065143583810421 -0.0112755487899562 0.00621818997225929 -0.237088175759974
0.00697912332015618 -0.0139688457540037 0.278901076609396 -0.133358367260485
0.0175780171632719 -0.00636132734943848 0.334857242181225 0.251262051360324
-0.00661578399685554 0.0129771310836287 -0.0580031387172046 0.443323827630477
-0.0151831105818873 -0.0114287892486518 -0.285056656513137 0.157418585931392
-0.00688081047061437 -0.0215089014468217 -0.0143932096944334 0.0420697655924471
-0.00241227537561359 -0.00852762605432182 0.316630702299609 -0.0996112294461141
-0.00366667363487103 0.00308188082857546 0.203560404801951 -0.465588171702715
0.00606041305323051 0.00278077889683127 -0.293007254058898 -0.376754821996797
-0.00713839562742613 -0.00957519977440154 -0.346451073415055 0.111190508863953
-0.0127419794441054 -0.00931601656940755 -0.0578030491497501 0.259775880985351
-0.0130328249849679 -0.0106742426943124 0.0822177905899853 0.118220084093762
-0.0120855892106114 0.00567471774626643 0.0759252373365432 -0.0633618895106445
-0.00680685877406444 0.000642914998377126 -0.0594059066029845 0.0535779456020351
-0.0165188234931154 -0.00945039938181601 -0.0685992676839859 -0.090368027055988
-0.00405975759666869 -0.0160121638127567 0.00975839570087676 -0.23612267907751
0.00834810260068707 -0.0173016046783563 0.282421983089116 -0.123026978535353
0.0172757678100476 -0.0036849972311933 0.327157129389803 0.262565464538002
-0.00862944232152638 0.0169544571596793 -0.0708871826085168 0.444617402697986
-0.0174016394864204 -0.00954473429845311 -0.290201709700884 0.152539943852423
-0.00911955856004051 -0.0202536689731195 -0.0155277283201588 0.0408542831203033
-0.00456141749473265 -0.00615709702582219 0.31215500053578 -0.104122114143156
-0.00583785270117965 0.00735619554207483 0.190455753854608 -0.467517477260954
0.00565721530799696 0.00570025825097094 -0.303041165614941 -0.366761889311888
-0.00691135962964039 -0.0134688085845126 -0.344656659910666 0.121165936494628
-0.0102491669537771 -0.01354836931192 -0.0528503071640606 0.261612698137656
-0.0131801817239321 -0.0124905379892158 0.084244633576671 0.116667413048003
-0.0160234003937825 0.00451727786510788 0.0786118618493954 -0.0640736351561788
-0.0100484457051399 0.000292473924637746 -0.0572066113769991 0.0532780298853204
-0.0160663055644357 -0.00957388172507791 -0.0658343216091342 -0.091651319314327
-0.00178436559585705 -0.0190389323959088 0.0147641532808807 -0.234281562146647
0.00887017556668065 -0.0194807725449629 0.284010407336062 -0.113030371166736
0.0170254807802224 -0.001096019524655 0.315570948649288 0.275948216203659
-0.0105739606829058 0.0204256509144023 -0.0880965476103567 0.445302939243791
-0.0191318984105086 -0.00794694767337851 -0.297284088127437 0.147805558097532
-0.0106329905351771 -0.0186783316384841 -0.0170356294472961 0.0403063975099521
-0.00620184579018475 -0.00410384912576967 0.307413552784761 -0.109314360873343
-0.00755661027165314 0.0113688098834633 0.173269447582685 -0.469123644819878
0.00498515095230174 0.00705256598679584 -0.315819617219231 -0.353620028541427
-0.00720129596302441 -0.0159649867205738 -0.342075554618422 0.133170735108699
-0.00808024410380785 -0.0160385985318767 -0.0485031709009031 0.263805076210932
-0.0130282755069775 -0.0116631819551411 0.0867103770842763 0.115102830133117
-0.0193458601899808 0.0041057265817607 0.0810989937881524 -0.0640500203284597
-0.0118705044204847 0.000316102969822818 -0.0548972986931296 0.0528145876666333
-0.0148830186904825 -0.00805759477052568 -0.0623822108631308 -0.0925484175465889
0.000534949400896744 -0.0201867618181014 0.0202124013550177 -0.232830573805914
0.00867819101100615 -0.0207802657887534 0.284788597885373 -0.103461561134887
0.0160169958532854 0.000415584214330683 0.306008677262341 0.288044367918907
-0.0112104528495374 0.0223761553105351 -0.104796038744382 0.445572357837113
-0.0192446840780709 -0.00602894283679192 -0.304532082705544 0.143751151901585
-0.0116025869975812 -0.016675678738248 -0.0188940523088573 0.0404827078377471
-0.00706571038470696 -0.00170158770240026 0.301968098204658 -0.11420406024408
-0.0077550403128425 0.0139735961174654 0.156957845487349 -0.469603213571363
0.00309216075316356 0.00790056431257863 -0.326270082508228 -0.340365637228062
-0.00872154469719528 -0.0172866895097378 -0.339617672966538 0.14452623071406
-0.00706045479001575 -0.0169191315231491 -0.0430797335081544 0.265324953777214
-0.0127591897115974 -0.00992497176180627 0.0897257448227711 0.113820740844701
-0.0213301219791409 0.00468630826828309 0.083172365809426 -0.0643935543048077
-0.0123103787005728 0.00110224041795165 -0.0533241717916542 0.052120506212931
-0.0136438898701377 -0.00591948934774955 -0.0594250713287224 -0.0916015567852007
0.0023015541745288 -0.0184538050063286 0.0251127125287417 -0.231141575239006
0.00788906871574151 -0.0210630482414348 0.285376455318098 -0.0939449618004167
0.0146572451972498 0.000717743173893053 0.292277929845435 0.299253834253928
-0.0107764873143605 0.0226810390935754 -0.120485065660506 0.448571716963702
-0.0188298666384209 -0.00486027540971701 -0.310591941595173 0.140318747612282
-0.0105301277539377 -0.0157745080732789 -0.0209442454721166 0.0405707117758698
-0.00617337935283149 -0.000567433051331522 0.295893165225681 -0.116100828726164
-0.00693274538491128 0.0147455735708911 0.141049788540173 -0.468411236776242
0.00183967089979735 0.00731037181349668 -0.338161033521884 -0.328867300598898
-0.0103609391940137 -0.0177177630952551 -0.338549704238481 0.152947355141348
-0.00548160368309071 -0.015432652424271 -0.0372399031633232 0.265661275512958
-0.0123088877003576 -0.00679698748467121 0.093279776880147 0.113162031150454
-0.0224278758627753 0.00518160699351119 0.0850568723285789 -0.0648333043645621
-0.0116883456066523 0.00214454552808311 -0.0523543968749257 0.0522021820051078
-0.0127811755063455 -0.00268223732683901 -0.0564664380567222 -0.0909505992884206
0.00290085292305455 -0.0154467576947704 0.027819966738836 -0.230990554988702
0.0060046590696494 -0.0197519800961007 0.284420623981856 -0.0890625347333369
0.0136617277201811 -2.24754559288885E-05 0.282901058735453 0.306543520613248
-0.00949230283651608 0.0211018521706206 -0.132072127691101 0.450011974158022
-0.016765452396273 -0.00431528901855961 -0.315839558517582 0.139295196805716
-0.00937621025047082 -0.0146801872089805 -0.0233539862902688 0.0412768265208295
-0.00414622792888847 0.000409115606103124 0.292702121484945 -0.117022787703803
-0.00543765800595717 0.0135386831564802 0.132340337141546 -0.466322451332894
0.000461512255285745 0.00587854647049068 -0.346517436841532 -0.319570844116428
-0.0124970945858625 -0.0171173821690619 -0.337864373279623 0.158459419838478
-0.00500977143605499 -0.0126413459297533 -0.0345542841904195 0.265235740816101
-0.0109200524540873 -0.00310936904172497 0.0962458122206882 0.113521346957943
-0.0214657870634853 0.00665281732364263 0.0857990261490337 -0.0644784222418844
-0.00963304139492263 0.00376267381749633 -0.0520620753895284 0.0523420561636614
-0.011445462633751 0.00070372352980807 -0.0555507063928404 -0.0888695363439553
0.00242978989419819 -0.0112144105502658 0.0290210080115875 -0.23071668616406
0.00402632458676181 -0.0178304604421609 0.282287581600603 -0.0877119863918091
0.0128905507959878 -0.00199632894853837 0.279189650678605 0.308660837308626
-0.00679924908445665 0.0184007180664652 -0.136558271546458 0.452633452420964
-0.0141274774632664 -0.00429596907425059 -0.317646251135126 0.140007963669961
-0.00815048746382224 -0.013925953562494 -0.0238150816700956 0.04293921821362
-0.00170721990051643 0.000586495909001703 0.29052343744982 -0.117359644295616
-0.00325294068629486 0.0105897788980758 0.126971848797782 -0.463813142804174
-0.00110496464160903 0.00361476594298164 -0.35217685676816 -0.315746887366294
-0.0139413293950245 -0.0150232718537947 -0.338746387530329 0.160585343725534
-0.00507629941378357 -0.00800686353825121 -0.0320004166727324 0.265017068378357
-0.00992245881073627 0.00118514432331833 0.0991808340936406 0.113962922924116
-0.0183945447698092 0.00824692705994268 0.0858313518445187 -0.0649289536158981
-0.00695820455702354 0.00485085319397143 -0.0528528985059816 0.0527685494158848
-0.00989038711126886 0.00413701903944393 -0.0555892108833147 -0.086738531475815
0.00134861046025059 -0.00584673778507491 0.0281977503344895 -0.230803944545863
0.00217328048108297 -0.0149208645777704 0.2809993399582 -0.0910230666178363
0.0122000748813625 -0.00521569845448911 0.279460983830991 0.306831513587652
-0.00414767823782666 0.0151875504848091 -0.135241862728058 0.454985451822139
-0.0109589954473948 -0.00483191448840138 -0.317039790049721 0.14327529874601
-0.00596195884007216 -0.014761539945167 -0.0245360576706565 0.0435821501192547
0.000948987842073742 -0.000982310320069769 0.291180398320105 -0.114928838199301
-7.68122837004441E-05 0.00679477263338703 0.129620758954995 -0.461846033496037
-0.00219397661814749 0.000749616308578926 -0.34987397690612 -0.317497304175965
-0.0156176502486466 -0.0112253736965574 -0.341984478418754 0.157352170109033
-0.00567879925768307 -0.0028024873332494 -0.0321466015334638 0.263599140293035
-0.00926505079245723 0.0041963133515078 0.0995946955511761 0.116096014094573
-0.0155154810450012 0.0101143576987425 0.0848333570481627 -0.0643580494300522
-0.00264495390860873 0.0036205116440287 -0.0174475267508542 0.0804710281095976
-0.0180012077424237 0.00257262664692544 -0.110376692512281 -0.0284237536122628
-0.0124746963042101 -0.00698908726171224 -0.135940847537583 -0.195434013389287
-0.00211345846519441 -0.0168043008698126 0.146663198013527 -0.276129663472518
0.0102063496421113 -0.0168317248065952 0.4167758045734 0.00244602749734951
0.00459662352567312 0.0127449764368501 0.220191819636281 0.391073768550668
-0.0166551213851713 0.000856954350585998 -0.136533961821736 0.300723797455158
-0.0184870398630469 -0.0124964326318433 0.0132975688479813 0.042147256230302
-0.00661453756007196 -0.00787646197301549 0.195006551518508 -0.271279129637197
-0.00279159041556995 0.00344388235448787 -0.114046734042569 -0.500683896335194
0.0033012321285416 -0.00122427044151494 -0.463543687502349 -0.125097345155883
-0.0116611271614356 -0.000176593009273701 -0.213002073178424 0.300772280685062
-0.0138311888608279 0.00322706794559988 0.114632089739037 0.243315629239403
-0.0157654507282983 -3.2811758704716E-05 0.14191701861948 0.0433695409942883
-0.0046147138828586 0.0116625367575751 0.0225455088853913 -0.100223778671023
-0.00542906661778922 0.00494674875701242 -0.015743177214886 0.0792459760988153
-0.0189292294447455 0.00204445152920364 -0.110133859677467 -0.0316222607601026
-0.0135991791632124 -0.0117898065090528 -0.131601188987945 -0.197079247125189
-0.00305069039472997 -0.0200588321649919 0.155183797600705 -0.269689861562823
0.0118604917338947 -0.0145904290826146 0.41721238952324 0.015646098009788
0.00517474045500595 0.0174000744730687 0.208107469544167 0.397938903152883
-0.0174005782571904 0.00374908788429493 -0.143717561288329 0.300013013290657
-0.0194185415791088 -0.0100810132860821 0.0120804231236304 0.0418482501947383
-0.0072842169534185 -0.00441698442673153 0.188263343625698 -0.273033928106097
-0.00220286250233842 0.00828109363901338 -0.127789346697746 -0.494207091168085
0.00436037332987863 0.00155677320160455 -0.466181953108952 -0.111740186852706
-0.0132735575552666 -0.00314865153309799 -0.204732299799577 0.30809483034525
-0.0149620771289873 -0.00140056304088465 0.11848682100075 0.242367140480598
-0.0169709782839527 -0.00134292801352921 0.141521108493618 0.0411101071317805
-0.0089595793187559 0.0134167979068815 0.0246802519267406 -0.102137886584309
-0.00793325214317372 0.00616682275415636 -0.0141494120191065 0.0768939192354915
-0.0188698934622436 0.00173190784510728 -0.108514467259385 -0.0338716177844384
-0.0134340006501591 -0.0156657988145926 -0.127413088320403 -0.198281177953698
-0.00410415162390701 -0.0221456626955619 0.162682320164147 -0.262281518475913
0.0128303831529667 -0.0124680063384423 0.416688416437279 0.0320723295587185
0.00549205528671502 0.021417406976649 0.196320896209851 0.41042210057591
-0.0178316446284795 0.0057939394619401 -0.152345730362841 0.300413956716669
-0.0197341853652519 -0.00822702299776408 0.0102790168778085 0.0426314592934401
-0.00678847727020659 -0.00172816818315404 0.181032838271185 -0.273790263043596
-0.000635328385476502 0.0125099544302004 -0.142615393651422 -0.48507126551911
0.00443634232112674 0.00335294432982498 -0.466713300245093 -0.0940939070008033
-0.0149827170207999 -0.00513097037730728 -0.195989039347462 0.315842199205795
-0.0142416892317784 -0.00509838565579983 0.12371438930511 0.240417012372201
-0.0166726002196848 -0.000717758705896528 0.142964758350139 0.0378836412737929
-0.0120324952600453 0.0152030660807799 0.0263269382038036 -0.103671890591821
-0.00937784430442318 0.00734813700651205 -0.0128567609863702 0.0759319866715325
-0.016954659731831 0.00223591781918181 -0.105957606345533 -0.0359929772200373
-0.0119962109120451 -0.017853713614543 -0.122164485850855 -0.200377401881842
-0.00497186510239535 -0.0232708678549605 0.169261014082498 -0.255199336390287
0.0132388859097179 -0.0104544562670977 0.414423237497025 0.0479476279216711
0.00625259855926098 0.0234793254317463 0.182748088321406 0.421555022608766
-0.0170061782504885 0.00799231357598517 -0.16097398841172 0.301602028609777
-0.0193481265587492 -0.00644076765934037 0.0085122087262089 0.0438427550543515
-0.00582312294575464 0.000807195879109164 0.174165650409416 -0.27377765682415
0.000403161782481985 0.0151363905469827 -0.154937241608057 -0.474746113188691
0.00392701369539742 0.00494233126696797 -0.468651783308841 -0.0755333842463031
-0.0169182361920117 -0.00614829320240147 -0.187059898115592 0.324102108759801
-0.0130033449832664 -0.00715410525367671 0.129639212138663 0.23843564557529
-0.0148133606596795 0.000399252363206527 0.144987979331348 0.0345893430311042
-0.0142779670005812 0.0166719530260119 0.0282174440720088 -0.105288649682115
-0.00962614399549341 0.00807645740262063 -0.011188983199111 0.0744123910832743
-0.01471513783633 0.00309242790797941 -0.103809581631184 -0.038355198141073
-0.0100925308199111 -0.0174701199644119 -0.11721137438026 -0.201465664785347
-0.00571081604017976 -0.0227483056525212 0.175555630774954 -0.247832534774806
0.0125445999130283 -0.00904451741016113 0.410896058674686 0.0657034951648223
0.00680779633542174 0.0230242003334895 0.170641597525184 0.43318822425707
-0.0155272451048035 0.00808014464249854 -0.16734267932853 0.302372487918838
-0.0185645674998868 -0.00553033722467789 0.00749074505298799 0.0455886804775138
-0.00438439143441599 0.00102031720930775 0.168316727100086 -0.27263080601538
0.00120670301165373 0.0148771531608835 -0.16683002214907 -0.465923656445222
0.00195181548434664 0.00534467924853351 -0.469289806993207 -0.0586913754070624
-0.0187753403984653 -0.00487852806454257 -0.179896427492599 0.330329768916667
-0.0113788242292227 -0.00663788234239547 0.133771540267327 0.235221733747831
-0.011871759445381 0.00285401910607288 0.147073441212213 0.0323632749601741
-0.0135660114713449 0.0177774976498386 0.0297187153052937 -0.10713991065802
-0.00869682493299806 0.0086887527539582 -0.0109276256361501 0.0735778983320107
-0.0120111831909148 0.00516049487344456 -0.101168119998424 -0.0383878336015635
-0.00778063031462558 -0.0156998896407778 -0.114686540450362 -0.203064760378226
-0.00588126482398606 -0.0210133634037152 0.177418237012224 -0.242762815357247
0.0111135057201341 -0.00956649602198915 0.408886216375342 0.0775641315371731
0.00719040974731245 0.0216870341754705 0.163412826079102 0.440384611331299
-0.013626271287033 0.00756414310975247 -0.172203621526694 0.304979972310149
-0.0168855695791039 -0.00558619482751607 0.00616019717849723 0.0466119915100557
-0.0025230124135734 0.000726037579410353 0.165177808165797 -0.27093974471455
0.00180881455753698 0.0129465838370987 -0.172238869057142 -0.457894417059863
0.000165980995551694 0.00465508028387055 -0.472331294155403 -0.0464241753244082
-0.0198676912237673 -0.00289411760310796 -0.176886517904536 0.334447538301461
-0.0090334421460788 -0.00474088188932108 0.136546381453609 0.233958526197321
-0.00880185887242726 0.00505881884386276 0.148764242229758 0.0307670008366117
-0.0120391721020303 0.0181063072912211 0.0302332396341658 -0.108261752566282
-0.00608953653037796 0.00901178865281823 -0.0101315440003213 0.0736207876255919
-0.00887646845713581 0.00743823034509422 -0.0987330304197251 -0.0376116635637016
-0.00570432353022215 -0.011916765799774 -0.11294966974024 -0.203560085940228
-0.00654050320800179 -0.0176867315171912 0.176545827619593 -0.241611198169444
0.00903831071661399 -0.011125516845344 0.406585951843336 0.0812996183710582
0.00751067722501263 0.0177002128050908 0.160826191679709 0.445801159585799
-0.0116940593033465 0.00598617005183799 -0.172746364224482 0.306855247794923
-0.0150468282025607 -0.00610102319983996 0.00586695241060473 0.0484153547473475
-0.000730357821365895 -0.00122309937567465 0.162817782036192 -0.269909590303576
0.00197332746321611 0.00932474076092597 -0.175797326736622 -0.453673442752032
-0.00269849151362706 0.00413322087856633 -0.472536608435093 -0.0412956658785577
-0.020113088735915 7.07815506783482E-05 -0.176072423620396 0.336031633115348
-0.0067918498329587 -0.000200415674480545 0.138233159215927 0.231596565290528
-0.00534332449288368 0.00723222066597219 0.150978645041972 0.0293097516009772
-0.00917767909567421 0.0182382257630222 0.0300609968740394 -0.107941905593414
-0.00284966241079439 0.00848812257685631 -0.0106141503561015 0.0736526797186426
-0.00643316900416703 0.0093200994949902 -0.0974550862260887 -0.0359233478466808
-0.00385038816560238 -0.00621322086819868 -0.113285755982618 -0.204089062257463
-0.00648762461453829 -0.0147399488039129 0.17270145475097 -0.242445257726645
0.00708975788835396 -0.0131615543080983 0.405073977925423 0.0810156760661266
0.00815236062794361 0.0131867067463965 0.163582136650987 0.445102812474302
-0.00992196929423335 0.00366681551636148 -0.170561026078419 0.309400865395636
-0.0136812894463596 -0.00753557145599331 0.0062491259265389 0.0497861188042664
0.000854633859958154 -0.00315848742462816 0.164623380321639 -0.267689812384107
0.00183452636681732 0.00444248825109579 -0.172537134418632 -0.452961776428121
-0.00449105150944384 0.00249138725977767 -0.472705286614733 -0.0437592027101503
-0.0197197233334065 0.00364139406225303 -0.180719858136999 0.334967528126781
-0.00383951962946405 0.00410462153193029 0.136523130714511 0.230935611776022
-0.00206552916775312 0.00974722855866195 0.152531188194074 0.0302590238936458
-0.00542722233715868 0.0176002332987757 0.0296313721955428 -0.106697167842732
-0.00211092759167839 0.00356994345252017 -0.0173454233575405 0.0811280564868348
-0.0179140014930698 0.00317448142529317 -0.112580410634274 -0.0281634825034933
-0.0128331512132511 -0.00709046171240415 -0.138112195422328 -0.195641004816797
-0.00221274795256394 -0.0170260477368147 0.147662480672375 -0.277917942673712
0.00998925683104806 -0.0170585079083209 0.420490382715482 0.000817911854484521
0.00493962364369232 0.0128483365127615 0.220954213986232 0.393429154731577
-0.0167889086329191 0.000622700125213031 -0.13706512486641 0.303097501283214
-0.0192453755840089 -0.0120566577164768 0.0133881013414735 0.0425415554078306
-0.00718250516720771 -0.00795998923570166 0.195517136670602 -0.273418761571781
-0.00303935626953733 0.00301246905783114 -0.116778043601258 -0.504381540708753
0.00337855250346786 -0.00126800279475796 -0.467370299736192 -0.12505201299576
-0.0116320246583693 -4.32647072056824E-06 -0.214052778071837 0.304679622403489
-0.0142591342442522 0.00340955041680797 0.115962609483734 0.244267902749846
-0.0157430457446557 0.000215636787769874 0.142743516287004 0.0437468056889682
-0.00494782213561446 0.0121652333368866 0.0231544798488738 -0.100368903394656
-0.0053008766187383 0.00504599022699868 -0.0159586454870918 0.0796340550498268
-0.0189173409565382 0.00241078123764872 -0.111910847646025 -0.0312322710381233
-0.0135006005057509 -0.0118894115155923 -0.133837627163092 -0.196828932811387
-0.00307903037453483 -0.0201846280303245 0.155414480459859 -0.272282946662299
0.0122539707990074 -0.0146261252679396 0.421343837685267 0.0150222326645651
0.00522090094874577 0.0176421815321973 0.211796204218961 0.40165622607994
-0.0179155349858182 0.00422742408205656 -0.144791883450272 0.303586541827102
-0.0202946044995928 -0.00966412132973837 0.0123176809701189 0.0424970479547244
-0.00798046731550098 -0.00473369722337466 0.189126504929627 -0.274634995691521
-0.0018779920266722 0.00816571741157973 -0.12973663153423 -0.497209141294423
0.00450907402108023 0.00116265159527708 -0.469719744276581 -0.111675808813768
-0.0135639306228599 -0.00333014806581636 -0.205726197401969 0.311455020744125
-0.0150633962474173 -0.00175893853269826 0.12035243191376 0.244500399503352
-0.0171818736192521 -0.000406119774662277 0.143387418151073 0.0408175440796446
-0.00914363807535752 0.0135471824545686 0.0248578810487399 -0.102889133407074
-0.00790337208601516 0.0066556217235496 -0.0146054763715111 0.0776413568540547
-0.0188903293076648 0.00176236723549001 -0.110340975248251 -0.0341720259680045
-0.0133331773295239 -0.0157624065085009 -0.129549149672792 -0.199003354871057
-0.00428752534637137 -0.0219957588357818 0.164111203570189 -0.264967623357247
0.0129141582948747 -0.0121634104682432 0.419874276872239 0.0332244256677198
0.00599169599853956 0.0211220469176295 0.198148207415178 0.412751802993147
-0.0176809050370896 0.00623671180601595 -0.153169874945995 0.303360180719293
-0.0203275821094919 -0.00798244813907163 0.0102903883338557 0.0432844515151745
-0.00755641355458122 -0.00136208188126307 0.182312502772208 -0.275934693838584
-0.00086249264748786 0.0126127338820572 -0.143341119758434 -0.489369977624041
0.00442673652924061 0.00371045694738593 -0.470387441760264 -0.0922446479922269
-0.0153430714932984 -0.00525231031429983 -0.196727431005393 0.319645114634847
-0.0143280760861098 -0.00577383835055043 0.125829720555825 0.242962817221021
-0.0163644753710148 -0.000295149326779163 0.144865161144657 0.0376027722901547
-0.0118385049976958 0.0157023898857589 0.0269707730133187 -0.104930145503181
-0.00937655258972802 0.00772479018459998 -0.0128113210078219 0.0758836263326891
-0.0172373878788252 0.00229199681262435 -0.107817687306003 -0.0362652066726546
-0.01213742637139 -0.0175556134231562 -0.124220543092557 -0.200880315284732
-0.00502825260858866 -0.0233601424246389 0.170889295558172 -0.256757827344751
0.0128004772978164 -0.0102186155084616 0.418024614925992 0.0477335105668636
0.00633157618342901 0.0234770871811534 0.186049368503396 0.424634694126892
-0.0175461126954622 0.00762857284655726 -0.161293088239049 0.303785965737909
-0.0194475228558455 -0.00561717187555944 0.00871650412337641 0.0441709867018726
-0.00639878012566939 0.000454597135810452 0.174887559152715 -0.275725525962578
0.000429365137111733 0.0149495264913999 -0.157728438603276 -0.478410813989747
0.00424757940110253 0.00528327896864192 -0.472690639903545 -0.0751940462650203
-0.0173726602453358 -0.00545808965386914 -0.188004871391854 0.327362558721865
-0.0135785291447732 -0.00706364145660185 0.131275529365643 0.240794902187215
-0.0146611932017276 0.00109393015738909 0.146674854448906 0.0351434532080567
-0.0135487774344029 0.0175234665622247 0.0286084881793078 -0.106558974459714
-0.00978282225889205 0.00859772280695231 -0.0120233746142316 0.0746592070386622
-0.0150091574891281 0.0033566068720637 -0.105113145608177 -0.0378765520598363
-0.0100040059978557 -0.0176694244477422 -0.119428422906161 -0.201862408233858
-0.00608379866850577 -0.0225337909407013 0.175705866657917 -0.25057576908471
0.0126413036858845 -0.00942468977963307 0.415210305920604 0.0655694357875293
0.0068856728768296 0.0234671666664875 0.174341921192846 0.435385010432412
-0.0159373957241116 0.00855117107664839 -0.16829996158065 0.304958222483011
-0.0185006133084509 -0.00518126638914927 0.00739111943880879 0.045614008262359
-0.0049130725717504 0.00114233413429058 0.169100573887023 -0.275111955645287
0.00133230614452484 0.0150200194109678 -0.169004517243075 -0.46912346794483
0.00222009643505959 0.00516929758541167 -0.474986925291949 -0.0587738656005798
-0.0193405458584773 -0.00523247467420538 -0.181395466112774 0.333758062150561
-0.0117859397242961 -0.00685105963440105 0.135500270824416 0.237781182902583
-0.0121324845901095 0.00338724588668365 0.148659238479636 0.032324134477038
-0.0136551602462368 0.0184162941436495 0.030095548282034 -0.1085379702464
-0.00864407736934384 0.0090527992319747 -0.0111427082292403 0.0742713261301425
-0.0118643118220466 0.00536439842760599 -0.102771238501022 -0.0381613438911436
-0.00769142072920433 -0.0160119369828421 -0.116091079016714 -0.203806141530434
-0.00613832341265255 -0.0209460168308971 0.178762607633061 -0.244741372779033
0.0109869145394415 -0.0092403890331711 0.412527886943155 0.0764159337977224
0.00763180693599985 0.0216761834814703 0.165195219976649 0.444822363057347
-0.0141571455070679 0.00789189593104715 -0.17249098129491 0.307005233219652
-0.0167314659089741 -0.0050843253793564 0.00665031728885289 0.047204715763928
-0.00262560222207573 0.00043802104876949 0.165463185928976 -0.271945034739873
0.0022688858693649 0.0127718918301828 -0.1752831795386 -0.462123809642724
1.97359125706448E-05 0.00507844857870442 -0.476372028685781 -0.0462537498075062
-0.0198509293443178 -0.00311837154977121 -0.177943531076311 0.337460091544811
-0.00885474415766239 -0.00478044302296043 0.137963422803999 0.234905259125718
-0.00883670833549249 0.00573788610352418 0.150848624022438 0.0304965844509117
-0.0120749868940877 0.0188008501944753 0.0305842589828051 -0.10829342687151
-0.00609202066900474 0.00898039451012674 -0.0109684336362154 0.0738102558613058
-0.00856309313837613 0.00742395625440252 -0.0999999612541778 -0.0376705025708297
-0.00527669844851979 -0.0116789166175825 -0.114950833084021 -0.203988925149167
-0.00667124297434081 -0.0181209023651274 0.177645096724448 -0.24321543748153
0.00902924470257627 -0.0107982015175755 0.409898147461051 0.0803904318503332
0.00824002758799475 0.0180855578634591 0.163458649390487 0.447826886932305
-0.0118913604572753 0.0060909730645262 -0.173710375989442 0.309367866910246
-0.0154985500018545 -0.00586584632453018 0.00596818763210627 0.0490483761451223
-0.00125396420109047 -0.00114626131200369 0.163604155004587 -0.27218218700959
0.00241799730909919 0.00924089075798759 -0.179262017931516 -0.455338254214231
-0.00228146280995879 0.00452847025344287 -0.47614644861789 -0.0403963397599266
-0.0200867566674798 -0.000223010730905266 -0.177794335882403 0.34054239278986
-0.00650774022953671 -0.000667354247684033 0.140414856390479 0.233232432070582
-0.00530366375701565 0.00800948236091058 0.153353286627048 0.0295782062556554
-0.00861472265423171 0.0181775963875372 0.0298908912378364 -0.108369143464329
-0.00319041837925267 0.00825869768619936 -0.0108701397497541 0.0743540269446492
-0.00621246352396704 0.00941462025262221 -0.0985322413059411 -0.0363843491995992
-0.00299887767004944 -0.00681972554745893 -0.114438930490847 -0.203636264608695
-0.00719538121500559 -0.0148176759093934 0.174189459179988 -0.244679880723781
0.00700479443116325 -0.0131144266687779 0.409022155023173 0.0797318525411134
0.00842125607443367 0.0133665193142378 0.167499637393541 0.449129750793625
-0.00976403371456 0.00378072888507111 -0.171910487621569 0.311931001942082
-0.0142198778615753 -0.0069504569863642 0.0064626232304213 0.050008454752617
0.000577854735356842 -0.00350111420887682 0.165152606112024 -0.26986978500751
0.00159728534458885 0.00398936733385051 -0.175416050965326 -0.455167581417899
-0.00501616228667679 0.00273831564770497 -0.476672436036798 -0.0416715903305414
-0.0196939535723982 0.00386414341604317 -0.182242932893438 0.338118564314654
-0.00448129031798421 0.00437390387091148 0.138761591563622 0.232455349769742
-0.00220531284512913 0.0102242153208323 0.154702189136585 0.0302524731465165
-0.00501943109689862 0.0176193564024083 0.029512130551431 -0.107408351111527
-0.00194802860622594 0.00399656143403049 -0.017337879319824 0.0815157877032239
-0.0181486139189022 0.00350157598322487 -0.11453863653513 -0.0278144150304751
-0.0126188309179491 -0.00675792501575907 -0.1400569111328 -0.196212896285439
-0.00218801307296384 -0.0169214114076376 0.147911247175789 -0.280271358300547
0.0101141065872811 -0.0173073772643312 0.424807122256334 -0.000933679708762036
0.00478047455944133 0.0126708315948321 0.224355315517575 0.395445934714117
-0.0168291006961502 0.000999859254593357 -0.136937344575228 0.306595135844991
-0.0194141082894914 -0.0118543908743422 0.0135357736145307 0.0428122603160085
-0.00750237317969324 -0.00811205265266572 0.196304458487129 -0.275977081633672
-0.00272308868378118 0.00284005284253467 -0.118709674181993 -0.508010755933226
0.00319454678662878 -0.00128392088590664 -0.472343388020147 -0.123714461119622
-0.012205454641302 0.000713783825888075 -0.214696983159356 0.308362547663237
-0.0144011737918066 0.00316934530065735 0.118589063881047 0.24622923290348
-0.0159136024103533 0.000491303037875639 0.145070389445382 0.0433766572741142
-0.00441529506018776 0.0123639417410283 0.0228238003502109 -0.101705964764733
-0.00559173897846144 0.00528481923700995 -0.0162129192307655 0.0795956894382255
-0.0191302475698884 0.00269052270132428 -0.113746512370387 -0.0303863107615466
-0.013742206238401 -0.0119997793579963 -0.136913296023905 -0.197842879428134
-0.00360951042604152 -0.0200357206576323 0.155800316724422 -0.275283282445858
0.0118847988706254 -0.0146859514204863 0.424391503186201 0.0130078028446081
0.00564214712869045 0.0175698205434251 0.214658579851689 0.403617237225644
-0.0177443367243623 0.00406782880803356 -0.144941146558319 0.306041847904933
-0.0203490716503587 -0.00984955345880555 0.0124943311949035 0.0430874006673865
-0.00841102256316156 -0.00493686839673603 0.189834512305309 -0.277891690590782
-0.0021521828797687 0.00804856027144292 -0.131847029873084 -0.501963799393292
0.00486008197180667 0.00135431485144971 -0.474817809493217 -0.111208879386255
-0.0134318297466831 -0.00320451732374911 -0.206659433156055 0.314682539822628
-0.0151454955231067 -0.00186757903926333 0.123076873996317 0.245731604498846
-0.0168237114167272 -2.32240807124424E-06 0.145322725359257 0.0404643233237476
-0.00821527317549988 0.014470176261885 0.0253199113092038 -0.103721754140752
-0.00790766502873949 0.00673475027310763 -0.014873031546547 0.0782893043113839
-0.0188434141251888 0.00236073722875056 -0.112351535932029 -0.0334469078344023
-0.0136406110575566 -0.0156053786337328 -0.131994830820434 -0.199117234779176
-0.00430489767033681 -0.0222946696466576 0.164451051225726 -0.267837416123517
0.0132279168784273 -0.0124072815063188 0.424622489731816 0.0305038056757296
0.00628119784319519 0.0215557411469342 0.20173212504675 0.4160675020095
-0.0183323440623761 0.00616554696586298 -0.154332651718358 0.305588816306923
-0.0203215161931507 -0.00748983084740009 0.0106483836758937 0.0433956770691185
-0.00802654085391667 -0.00217461603079567 0.182330010933334 -0.279044554664684
-0.000812661403125367 0.0122454922885889 -0.147521731836391 -0.492510372558543
0.00498643751636181 0.00399541095279706 -0.476261883564906 -0.0917641220268659
-0.0154843622032074 -0.00516007307698581 -0.197254894861692 0.323702673156591
-0.0150691293268863 -0.00564000062221105 0.129189658274069 0.244317087252317
-0.0166701035674081 0.000150337384023208 0.146975175079372 0.0376849301835483
-0.0116007823358957 0.0159950205220141 0.0269214382360609 -0.105289476363862
-0.00924442304136487 0.0077483560450784 -0.0131317446220883 0.0764167571680563
-0.0173822574155268 0.00249407591408168 -0.109682045928872 -0.0361234845893329
-0.012104662344358 -0.0174667853291533 -0.126346001510832 -0.200995415539676
-0.00518336617111296 -0.023490994281054 0.171541048781251 -0.260043804493261
0.0131544148909754 -0.0103267697243971 0.423246260158375 0.0468840964374971
0.00694512057836184 0.0234769631708749 0.186674718852543 0.427728473138536
-0.0172383832886734 0.00809943224148167 -0.16181871079512 0.307022476687687
-0.0197827732981171 -0.0058579663146394 0.00915966653940923 0.0444382361204535
-0.00726372356655026 0.000458480918835122 0.175714189058723 -0.278248713034283
0.000278450675141701 0.0144121145193965 -0.160709157331157 -0.483140839262895
0.0043470207567199 0.00505961214222557 -0.477775497663124 -0.0738722049375436
-0.0172502579907689 -0.00552644401156248 -0.188853223345593 0.33152242643951
-0.0140222960854909 -0.00742131322707596 0.133902962592389 0.242263510436545
-0.0149937891728841 0.00111248027642451 0.148269585633187 0.0345610718293787
-0.0133938121474645 0.0181038101266467 0.0288299215485613 -0.1078837713026
-0.00958169826365352 0.00894165522654564 -0.0124230935659422 0.0749220475981534
-0.0146727904839473 0.00403913771672958 -0.106946233654234 -0.0379971949043208
-0.0100997120656699 -0.0174004729897626 -0.121525173758291 -0.203094915202325
-0.00568341449754847 -0.0228388852460566 0.176912031886632 -0.252860134019222
0.0124578885102809 -0.00947976120583215 0.420543407489282 0.064672226774822
0.00744223337480979 0.0235954799810934 0.176062840729564 0.438685938210139
-0.0156916815766043 0.00842623037884639 -0.168785805292078 0.308347758935251
-0.0191786889412255 -0.00518405159191538 0.00766075863742482 0.0458688651374579
-0.00543944730086606 0.000902698612622486 0.169426745180156 -0.277328829990768
0.00125263195977291 0.0150695330653777 -0.17208755801317 -0.471887710696271
0.00278555663481699 0.0057802642909544 -0.47934208595078 -0.0568325829929749
-0.019236263322292 -0.00476534726894814 -0.182205519144636 0.337608240932847
-0.0114655030970869 -0.00701766455607524 0.138048327446393 0.238919954121849
-0.0123676088096005 0.00337969329763756 0.150733894421149 0.0321939465886151
-0.0134054192421949 0.0192947927028997 0.0306985899487693 -0.109081803719664
-0.00852616065033773 0.00891911559818169 -0.0114042866012407 0.0744846850240334
-0.0118930389353846 0.00573407987893568 -0.103657900512762 -0.0381809591382287
-0.00794623185486386 -0.0156496608001328 -0.118007320091753 -0.204125386834738
-0.00634972137434877 -0.0208786390166004 0.179440774110246 -0.247767159476933
0.0108057133107307 -0.00939469713140932 0.417143154717189 0.0766575147305874
0.00793183198925768 0.0214395440187419 0.168277187503803 0.446313029385714
-0.0137853501088708 0.00782599442293369 -0.173536734949694 0.309723761485146
-0.017341587510734 -0.0045704811852962 0.00689114240414729 0.0474089830467631
-0.00306761549058049 0.000974327815527473 0.165668320237609 -0.27542448002634
0.00205417400897682 0.012866873760058 -0.17791475689029 -0.46529754743805
0.000495394056259596 0.00550722279950814 -0.48080982849421 -0.0450838366795922
-0.0201227210638266 -0.00253401619088708 -0.178027469434008 0.341872269231589
-0.0095734478187198 -0.00512986059354413 0.140499209100206 0.237265430053225
-0.00861216192401893 0.00580893786695691 0.15312324031165 0.0298427265010805
-0.0115463253405432 0.0199454975179368 0.0307299218733631 -0.109876645563229
-0.00594123272465991 0.00943420397856136 -0.010980266177194 0.0741417506259376
-0.00896958032192718 0.00774981444795603 -0.101814616429736 -0.0370581982324796
-0.00543315274184784 -0.0117059759044822 -0.117206919667502 -0.204387836925595
-0.0067788411761108 -0.0182622491004105 0.178532189571639 -0.245870234039225
0.00936312746379026 -0.0111247020212992 0.414905555697115 0.0805887850325629
0.00833881367939562 0.0180064105013044 0.165958952702895 0.452243808584638
-0.0121054577284644 0.00590506608342098 -0.174841010197226 0.312296347126938
-0.015703049637722 -0.00518021164084487 0.00622304321207879 0.0490082446507306
-0.00161790940993643 -0.00149610623111689 0.163612433653564 -0.275065758672576
0.0021895810026117 0.00903254061170706 -0.18268818471813 -0.459621867947032
-0.00242006887865702 0.00432815298803653 -0.481928885136373 -0.0375788846570994
-0.0205620634440592 8.33533128518516E-05 -0.177188540724698 0.344310218497591
-0.00643639405861709 -0.000787441334610617 0.14265915134138 0.234830079620555
-0.00535192566914432 0.0083976367475826 0.155048138679703 0.0289483877987751
-0.00812888237894699 0.0192495612958477 0.0307552305591321 -0.10979806605746
-0.0027817278143386 0.00880509051631413 -0.0112117335699268 0.0748401298082689
-0.00590770746415329 0.00992918029016643 -0.100379364949169 -0.0356032910110375
-0.00320051660863234 -0.00697513477567737 -0.117595492934987 -0.205143981104788
-0.00705563527709242 -0.0148820898176697 0.174937821122141 -0.24770177653039
0.00706494451330603 -0.0130539429238039 0.413850895730498 0.0798407480137043
0.00874153209019034 0.0130819716038328 0.167989382281667 0.451905082112236
-0.00998016837833361 0.00382196823168143 -0.172065907417055 0.314489298144804
-0.0139724321857066 -0.00662291163910966 0.00625568475470979 0.0503604146686401
0.00037001113947008 -0.0040710193648894 0.165653162017684 -0.272310091915763
0.00182088867313182 0.00439756364089589 -0.178457585345818 -0.460042620916518
-0.00485361283269983 0.00243330090428045 -0.481188069323904 -0.0402471323401866
-0.0199242290380726 0.00394253450418262 -0.183042991574868 0.342680178716268
-0.00414980006193379 0.00446850593410419 0.141057124440168 0.234081268120837
-0.00183471193609975 0.010922777932798 0.156901318629113 0.0301091311352817
-0.00429607796405899 0.0181510627391315 0.0298919718318059 -0.108970261706097
-0.00233374990159736 0.00392086388327765 -0.0174854690288734 0.0824692613394361
-0.0181903452537028 0.00393656933334753 -0.11587196327063 -0.0271373477454778
-0.0127946015841275 -0.00666619500177976 -0.142992853690218 -0.196480011653503
-0.00284389721897124 -0.0175019487419443 0.148305813820552 -0.283977969053874
0.0100175509327409 -0.0176287827764546 0.428167314050641 -0.00220002787235989
0.00518236281961595 0.0128832981147873 0.228606330790056 0.398940786029664
-0.0171528062439353 0.000947416253362194 -0.13733643343498 0.30950491997236
-0.0198250388022555 -0.0110524728507146 0.014018321264148 0.0424681813854666
-0.00792426215712933 -0.00832718065682562 0.195949881393944 -0.278985013916691
-0.00298088483647163 0.00258354947648633 -0.123951266174455 -0.512257093932503
0.00342010096229996 -0.0012232389204038 -0.478620591173617 -0.12371158065971
-0.0120015900661376 -2.19640242737039E-06 -0.215557189308626 0.312370860342326
-0.0147116069502899 0.00366338467102798 0.121048545311432 0.248665734149773
-0.0160992555126224 0.00150133401154185 0.147466182589512 0.0430118523090618
-0.00347867632980765 0.0134010677894609 0.0233780329825369 -0.102440858782972
-0.00526327376645444 0.00503541987101439 -0.0163735296598988 0.0802561544575674
-0.0193193413099681 0.00292836919611009 -0.115900749888504 -0.0305772486644186
-0.013732027163888 -0.0114237326756479 -0.139141969348556 -0.197513954873515
-0.00366391600083406 -0.020336273076959 0.156919982962849 -0.277740904985724
0.0122244009969067 -0.0148550564189033 0.427883283433724 0.0107190986110998
0.00632100423086943 0.017849191779783 0.216728859261795 0.407699279990058
-0.0176950291407265 0.00442475822916672 -0.144540752737503 0.309027101901228
-0.0207131618609685 -0.00908500317905065 0.0124034597922963 0.0423717373032524
-0.00878438881535253 -0.00486287299437744 0.19037572416737 -0.280512511748767
-0.00214500985371009 0.00819748168377612 -0.135570227247194 -0.507260419223931
0.0046886102591385 0.00118803857325825 -0.480490931865698 -0.109859439237076
-0.0133369939982484 -0.00305482674746424 -0.206930077719155 0.319810705169659
-0.0153790602851463 -0.0021091703745354 0.125321622751354 0.247396221287383
-0.01739938026559 0.000548873282060424 0.147569053736687 0.0400794855063635
-0.00831269709622597 0.014846992775868 0.0257209862331681 -0.104835616182198
-0.00794859304109655 0.0067279155542866 -0.0145957506106991 0.0785552130064432
-0.0191445226875607 0.00284681507427834 -0.114419581874616 -0.0330999233876704
-0.0136706518463455 -0.0154048516014407 -0.134366474299133 -0.199894054401662
-0.00465823373280091 -0.0225460403537709 0.164476938302382 -0.270307045724061
0.0127614526636588 -0.0125715583640789 0.428660723929232 0.0286470481373865
0.00672353724349549 0.0216155512472565 0.205582926743733 0.418174895409669
-0.0178672080711865 0.0065230463029344 -0.153630811959226 0.309898136675437
-0.0208386764289691 -0.00713112611153958 0.0107615362361376 0.0434283223690911
-0.00832851878279832 -0.00194807335250993 0.182066972763766 -0.281827083238337
-0.00102808734316549 0.0125527385016554 -0.150973150172219 -0.497535545255302
0.00533740418648525 0.00356025822224372 -0.482611495047639 -0.0906248433752865
-0.015220441314926 -0.00502013035354543 -0.19771371538909 0.327754269333078
-0.0152164121816898 -0.0056719653844081 0.131307574480667 0.2455653540153
-0.0167059886021581 0.000461813945873179 0.148975443377013 0.0366990918494372
-0.0113648969662914 0.0169228391536191 0.0272970634973393 -0.107216244892588
-0.00931818428708915 0.0082183675729413 -0.0133296336321704 0.0770533063149423
-0.0173214567030806 0.00321108221432714 -0.112022868912623 -0.0356604549427694
-0.0120179131497588 -0.0174929193345176 -0.129499647089522 -0.201959570534824
-0.0055209843545241 -0.0234372129154238 0.171855694688914 -0.263084390466632
0.0132153736190579 -0.010473985231139 0.426398480720194 0.0439285879489977
0.00728093344411139 0.023540672539546 0.192212878820803 0.430608242345266
-0.0177418727241522 0.00831877214332688 -0.161592820659378 0.310009580995732
-0.0199940587207967 -0.00549640019834686 0.00909399456316599 0.0446693682616976
-0.00728075982804614 0.000314041730025631 0.174961393139939 -0.282169704562233
0.00029034939297577 0.0148274909998806 -0.165829745080458 -0.486614417191607
0.00452076858118372 0.00518129379931594 -0.483009069180583 -0.0722058025181059
-0.0174265305572917 -0.00555278114994351 -0.188719287733992 0.335811388496934
-0.0138567910175916 -0.00725945630650363 0.136807278697337 0.243073375908108
-0.0152532061156927 0.00188110195660609 0.151007106687307 0.0339420044336669
-0.0127042952418026 0.0185722434641667 0.0288813495937401 -0.109380844165236
-0.0095990300163338 0.00924694388021936 -0.0123042247281778 0.0759241137973783
-0.0146389180398964 0.00414864568598155 -0.108783662257919 -0.037302808155002
-0.0102805145722379 -0.0177187171512634 -0.123973192479025 -0.203143004248358
-0.00608726345993166 -0.0228811444579883 0.178200527028899 -0.255841896976572
0.0128251766365993 -0.00956664229378608 0.423599028729999 0.0639080533725689
0.00766528903738746 0.0235677861271499 0.180880220251495 0.442832031657602
-0.0158570901602973 0.00870729708252931 -0.169396979133612 0.311448730785199
-0.0191765136633125 -0.00433417909342609 0.00759673860595902 0.0459035846947711
-0.00578557745413377 0.00141983678951797 0.169010534827608 -0.280694166307021
0.00138682165226124 0.0147968059554464 -0.176110484268582 -0.477157521797852
0.00290703204843644 0.00581728638502705 -0.484179651674197 -0.0554344878100527
-0.0189842315322824 -0.00476130962614985 -0.181664711509969 0.342023959706929
-0.0118354165354117 -0.00734099042160492 0.141025769401154 0.240134246994789
-0.0123827923960998 0.0038896843299207 0.153458777459359 0.0313059754861922
-0.0131946549362507 0.0195551979995139 0.0303438105978462 -0.110598703439701
-0.00863820713167583 0.00932007885070515 -0.0118021477824832 0.0747480148432806
-0.0119302122612888 0.00603364321339241 -0.106380533559792 -0.0382722666690143
-0.00781096141327791 -0.0161126514588769 -0.12076658792998 -0.20420850035905
-0.00691211379527669 -0.0213849628501971 0.180342795183947 -0.25064678018916
0.0113812492779299 -0.00999822948956258 0.420635623524619 0.0742965995020887
0.00821486504221217 0.0215188275631041 0.172734575919323 0.450641850357487
-0.0139992713717713 0.00750421587664187 -0.174280570315833 0.312978072257324
-0.017538990304544 -0.00388694977152863 0.00653605283065171 0.0478670072896694
-0.00378675667007189 0.000562042442210037 0.166174260704341 -0.278825119586903
0.00202221476897874 0.0127644182768562 -0.182396118831274 -0.468208073251003
0.0007553891847861 0.00523935333626353 -0.486468158629665 -0.0420366127973702
-0.0206490581971611 -0.00227951773465341 -0.177583743352602 0.346351568988967
-0.00940534892583673 -0.00491226212526983 0.14417366619995 0.238821664256465
-0.00882738726881104 0.00689856274420195 0.155170931831674 0.0293472022006314
-0.0110065102851212 0.0202656084512149 0.0308387816819473 -0.111783663401313
-0.00632827554553682 0.00936902612364351 -0.0111558203670395 0.0753130433342434
-0.00863982035544552 0.00836675438700677 -0.104194875045929 -0.0368603936236991
-0.00547408109814847 -0.0121046103839813 -0.12029403053557 -0.205065574058082
-0.00703567043444063 -0.018201962429967 0.179449091395214 -0.249005186419949
0.00940890511684777 -0.0114566993327527 0.42002647572959 0.0797607747462493
0.00886860160687686 0.0182340244770046 0.170980556195939 0.456228561733461
-0.0121477722441708 0.00633328229262327 -0.175258672689518 0.316473265739698
-0.0160668865644653 -0.004948962151247 0.00637262725596951 0.0492889952346341
-0.00203863222505301 -0.00117997144141992 0.163568979765681 -0.277753683445577
0.00222876203583953 0.00913301550585369 -0.186550367138505 -0.462629141620721
-0.0022454064127667 0.00467216959662886 -0.485566461733066 -0.0357874010338642
-0.0208345179515428 0.000758355089346975 -0.176810635835562 0.348777412294785
-0.00676154546247155 -0.000611898186772266 0.145745277465229 0.235526901907368
-0.0050256953291857 0.00919989265233407 0.15759059020828 0.028240090360622
-0.00828102753435644 0.0199999610530032 0.0302069524939745 -0.111249574104582
-0.00291267770164529 0.00906433448050013 -0.0115261184014246 0.0754867726390757
-0.00629467750902784 0.0100394739328528 -0.10206933116768 -0.0351601681320815
-0.00354263957265729 -0.00651950823239486 -0.119642181206995 -0.204757154113236
-0.00730187403479187 -0.0150794262601953 0.17588866364779 -0.250438751714204
0.00688179415565191 -0.013480802387631 0.417573931167252 0.0781007740072227
0.00906477323817102 0.0130091814098181 0.173503166098427 0.456240176385752
-0.0100874050403656 0.00384007834611861 -0.172623627555802 0.317886539192385
-0.0142994927482867 -0.00597583160345389 0.00672683003695849 0.0509360336938904
-0.000317469687442313 -0.00393354334495928 0.165344596450976 -0.276148991947808
0.00217724966592362 0.00428055247106634 -0.182365234075511 -0.462948152571095
-0.00414718095369025 0.00265555676336408 -0.487526250041049 -0.0389429031483717
-0.0201998168627101 0.00408314747594851 -0.182089731724747 0.347356369164354
-0.00428448470273407 0.00428192316415295 0.143385589570245 0.235547981770686
-0.00174328711223161 0.0112856459672668 0.158789936498802 0.0291421755049986
-0.00423934408441664 0.0186629189644495 0.0298345921399484 -0.110011981848581
-0.00206677901282373 0.00417635229835848 -0.0170916004112149 0.0826813388846725
-0.0178647707512675 0.00408917927716392 -0.118303652811592 -0.0265675388226136
-0.0129654874025784 -0.00681456837583255 -0.146238867914552 -0.196442408408552
-0.00301758326534351 -0.0173188671738676 0.147958977941967 -0.287486293271395
0.0102158600602754 -0.0177848911112001 0.432116605614098 -0.0063623211478482
0.00581449331699644 0.0126882332964296 0.233662533416258 0.399941282431693
-0.0176464519895393 0.00155035109750189 -0.136621235429857 0.31265257997193
-0.0199670677395251 -0.0111424620814161 0.0142425877183208 0.0428900676546245
-0.00854239164299153 -0.00865903180741296 0.195869999172781 -0.283152319905531
-0.00266148558959137 0.0027656398335446 -0.127148380910937 -0.517594937902166
0.00400786421273549 -0.00122984520332987 -0.484035148869494 -0.119927120946922
-0.0125366403025154 7.7338666727462E-05 -0.215957730015426 0.318031267083263
-0.0151741274927411 0.00341899063243931 0.124625486589016 0.249862595904951
-0.0163828430926994 0.00206392554323395 0.14935859924082 0.0420550154933611
-0.00324664169919662 0.0135309773547598 0.0237940566239261 -0.103977173028902
-0.00510295343396929 0.00596508304149387 -0.0163232212963021 0.0812111854683491
-0.0190766229998039 0.00343799380466033 -0.117642676307897 -0.030013909451594
-0.0140152358207648 -0.0115960691434821 -0.142554164570549 -0.19746231468668
-0.00386938686886878 -0.0202894554388236 0.156048212095508 -0.281141414204906
0.0118793495682717 -0.0155737127919879 0.432770981753186 0.00733426347038977
0.00641200482301728 0.0180399670979568 0.223840065874857 0.410170303785753
-0.0180679919269734 0.00404399051542999 -0.144677839241622 0.312661037658554
-0.0208144539702007 -0.0086546309288472 0.0130199223914612 0.0432382749958161
-0.0095060414624536 -0.00450323376520739 0.188890134961846 -0.284702297808198
-0.00216246771157797 0.00825185215033593 -0.141294765516611 -0.509733392452307
0.00558489369529608 0.00155460985900142 -0.48639831131631 -0.108596610196816
-0.0138703687799974 -0.00323804288834672 -0.20674038928465 0.324872299767717
-0.0154791806206813 -0.00187838673711404 0.128874980433829 0.248160961031734
-0.0173163217503954 0.000802744806420456 0.150117689261615 0.0392110793184615
-0.00725279732710729 0.0153843220127093 0.0253009157232264 -0.106216182586966
-0.00772134754324309 0.00699784135641974 -0.0148469852192679 0.0792970316674256
-0.0190655656164839 0.0028694900476787 -0.116139148351633 -0.0326653944776302
-0.0138468281645434 -0.0156200614616062 -0.137202844681013 -0.199872479624374
-0.00487341849821159 -0.0225855412338703 0.165208354266327 -0.274364096862642
0.0131223014516455 -0.0129310321406785 0.433422194887751 0.0258195838883783
0.00705390232592135 0.0212380198495627 0.210629836269185 0.421476594412716
-0.0181349567967055 0.00726494256446752 -0.152865668629605 0.313616214466002
-0.0204667148875393 -0.00624937856688519 0.0113994038973633 0.0438124630445814
-0.00882197230272675 -0.00191931059510721 0.181759781225276 -0.285181500084286
-0.000912141857041306 0.0122754022088622 -0.156188961598483 -0.500472001941661
0.00617799364623841 0.00364838664975877 -0.487167739183139 -0.0881726377815084
-0.0154097202964057 -0.00497449674030408 -0.197025596042352 0.332503099303213
-0.0154349845628456 -0.00574344525744524 0.134602910469114 0.247560631435485
-0.0169997076549658 0.00141596957042563 0.151032258415052 0.0360903352741851
-0.0107168605278835 0.0173642219259736 0.0277339259386087 -0.108557854889472
-0.00917625654681468 0.00852379255984501 -0.0138589302449591 0.0776167204677504
-0.0172286701609939 0.00339777191892162 -0.11393290391687 -0.0345552069430415
-0.0122608351908221 -0.0178171481642606 -0.131911363751813 -0.201539358997593
-0.00567938287959128 -0.0239225416075976 0.171626621501274 -0.266747231540141
0.0130363681729721 -0.0107982045778444 0.431398678097541 0.0425311228418316
0.00762506092356238 0.0236917680360248 0.197266664133466 0.433325552566932
-0.0176940618667316 0.00882932022455978 -0.161533410760802 0.314548136195627
-0.0208893252705034 -0.00457842541311596 0.00968826203869403 0.0451771015528806
-0.00802335557195669 0.000448852293581966 0.174350841817113 -0.285456594160884
0.000327867985005146 0.0148871536375082 -0.170539992820987 -0.489239146709536
0.00468550522956659 0.0054719555033917 -0.487748953595352 -0.0689427007924349
-0.0177939913607138 -0.00552602719292235 -0.187407516124543 0.34107663036997
-0.0144633704005121 -0.0075053613248408 0.139849230830249 0.24450982375745
-0.0151877823428079 0.00277835077591537 0.153909260464672 0.0331786715100399
-0.0125186349059671 0.0191440316811465 0.0288298816712575 -0.110134759991585
-0.0095362464496516 0.00915041029850102 -0.0121274918672544 0.0763233102430196
-0.0149177794807244 0.00438055061818409 -0.110590876450841 -0.0364713786609962
-0.0102443113364584 -0.0180319584113904 -0.126879271376773 -0.202785475737917
-0.00634891794001984 -0.0232804770325453 0.178315353619716 -0.259635480833195
0.0125838289873837 -0.00971342657287779 0.427799009613465 0.0613361382495516
0.00816590545091783 0.0237760461818745 0.184389623595242 0.444598380673932
-0.0162806394078132 0.0088348364889954 -0.168348964481569 0.315141159286035
-0.0195637374014183 -0.00383500926575176 0.00797333438473897 0.0468547196114908
-0.00608654072278704 0.00102214944191288 0.168296722251772 -0.283458131935139
0.00165134132631484 0.0151162453200452 -0.182108716503812 -0.479076019643738
0.00320416132491528 0.00570799094890823 -0.490159728541469 -0.0515753588593206
-0.0196720367539584 -0.00480418348246775 -0.180763136869411 0.348231825964226
-0.0123823315169661 -0.00689175702753943 0.144883344154493 0.242099604291955
-0.0124732184743955 0.00458658570605249 0.155194932379531 0.0304302064379947
-0.0124809657663569 0.0202488258361205 0.0300687436480585 -0.111916193014213
-0.00833512687189829 0.0101738962572243 -0.0114680083372584 0.0754140641484554
-0.0120435514230658 0.00626928676803077 -0.108116305134689 -0.0375750818958202
-0.00801326285750528 -0.0159689173086194 -0.123670315232815 -0.204532926499482
-0.00706896180076518 -0.021457842379187 0.18076874290624 -0.253735534923006
0.0112388923983166 -0.0103115331912344 0.425497989814098 0.073571700636169
0.00884706746687174 0.021372151060676 0.177076927297668 0.452319805240573
-0.0143391401019504 0.00819076306679825 -0.173062940319271 0.317117459233757
-0.0174928997707579 -0.00356540727123892 0.00686634915806084 0.0483166666050057
-0.00428430137140285 0.000269100998072203 0.164782051120288 -0.28207939294318
0.00242243006441013 0.0128020001715644 -0.187710175148372 -0.472490253029432
0.000599179097139866 0.00551395314205617 -0.491394763247468 -0.0404719846907505
-0.0204652850294691 -0.00259121541770345 -0.1768210510661 0.351369705532176
-0.00969278109444315 -0.00505407918085334 0.147373727289248 0.239752071162582
-0.00896550778221427 0.00720014781741134 0.157571081358923 0.0286087454657261
-0.0109225561117374 0.0205629362949734 0.0310690383812227 -0.112439392828425
-0.00599944457081443 0.00979087928050753 -0.0110911670306758 0.0752623170318283
-0.00862220683157989 0.00838384076662581 -0.105896912820847 -0.0362490016402437
-0.00518298937401301 -0.0118850169911212 -0.122477114820376 -0.205205643213875
-0.00737213492258759 -0.0183763800451526 0.17977621434824 -0.252197124360376
0.00918230033712908 -0.011465105037817 0.424531397957091 0.0782392768814101
0.00897099657769414 0.0178605101633796 0.175490425341463 0.457952885928644
-0.012178390286811 0.00626534033093738 -0.174561205913377 0.320093218730753
-0.0161965951375756 -0.00445618887201654 0.00694554758867799 0.0496506106956217
-0.00236086536690214 -0.000846152177674571 0.162885630535247 -0.281253300230156
0.00265288569203374 0.00916731899707591 -0.192039288909021 -0.464601662697661
-0.00210137752825051 0.00477319870847909 -0.491920693566589 -0.0315614814949149
-0.0206536713673688 0.000536981037524883 -0.176479005212745 0.353733783296472
-0.00707010063416605 -0.000853493063955919 0.149422923628383 0.237604590594492
-0.00556782663795327 0.00956227978118174 0.159628135505977 0.0275146679694877
-0.00766438329546529 0.0204188345174358 0.029924350386928 -0.112489227470887
-0.00277760077218808 0.00920584137972343 -0.0113683272716454 0.0756697648370627
-0.00599378892451935 0.0103396865712857 -0.104126861492538 -0.0347732280954695
-0.00340483869768169 -0.00682464003157974 -0.122946163987142 -0.205134948855038
-0.00733073858976906 -0.0149371602116469 0.175932596727922 -0.253696428465169
0.00692567657861308 -0.0139466667871779 0.423173135982175 0.0765127650619451
0.00917417157611179 0.0132245176632308 0.178412340922216 0.458795455339744
-0.00993006996452636 0.00421560005037913 -0.171465141965338 0.321999700887442
-0.0148487050109184 -0.00558807129026553 0.00643213668083914 0.0511991385449573
-0.000642692352411863 -0.0037934543610665 0.165088217823985 -0.279057309387202
0.00168138364588404 0.00386452038871788 -0.187338040326135 -0.466900606472068
-0.00435432272760616 0.00286231719611863 -0.492398985376174 -0.0353069245717893
-0.0202179175103757 0.00451562077173206 -0.181159509686033 0.353210159787368
-0.00484600950990164 0.00456891316916556 0.147987900768457 0.236593945429908
-0.00222091883035178 0.0114444946337898 0.161630139732531 0.0283032595703245
-0.00364896045374942 0.0192499915505828 0.0293058924519867 -0.111374505587073
-0.00210612659800608 0.00443938659156511 -0.0168416339500809 0.0838097073844103
-0.0181730933321078 0.00462730480026182 -0.120298183852177 -0.0253971101209529
-0.0129590864489788 -0.00669524271004706 -0.149961566784351 -0.196152292396601
-0.00322633299886501 -0.0174161317819416 0.147036026963186 -0.290968080482348
0.0101003688120253 -0.0179099896620385 0.436528730382466 -0.0100000154692123
0.00638172495179349 0.0125869736050758 0.239716521860975 0.402305024735565
-0.0171280804218656 0.00175768617848985 -0.135207410026569 0.316382888186939
-0.0205311060956201 -0.0101480174360112 0.0148233305521903 0.0431555236987971
-0.00911541093062526 -0.00851779434396713 0.194892222078751 -0.287165747147538
-0.00319020087331012 0.00240370883737517 -0.134520200469034 -0.519491105845577
0.0042038467923121 -0.00128434604692635 -0.489393833789951 -0.117584198520682
-0.0122498408572766 0.00109229107635781 -0.214301594889482 0.323468442823656
-0.0149072922953901 0.00376480948229518 0.128076050746495 0.251458623131709
-0.0168287986920976 0.00282043609436794 0.152296093882028 0.0405128370921836
-0.00247726358601749 0.0135667335403342 0.0225330800811611 -0.105072080071415
-0.0053062182264338 0.00603726176496487 -0.0158371438270788 0.0817573101983026
-0.0191448094287422 0.00335426807946415 -0.120017092160984 -0.0284990830910534
-0.0144971855334854 -0.0112902384486069 -0.14613798877961 -0.197221143806492
-0.00425548403222973 -0.0204384793764538 0.155087755647128 -0.285487785125243
0.011536931117664 -0.0153840066822631 0.436419950065996 0.00393764640992148
0.00711151698332325 0.0175348777862344 0.227971504784448 0.411475366189747
-0.0180178675869653 0.00470418283043903 -0.143007058847635 0.316875346926925
-0.0213383461137284 -0.00847130243018068 0.0133402579673604 0.043260668990394
-0.00971666801412379 -0.00455823253456644 0.18861509783484 -0.288244488270478
-0.00217992586935645 0.00807968307645026 -0.148118419041296 -0.514501621704485
0.00598221428578179 0.000851388756042386 -0.491560014970797 -0.104152114035562
-0.013498868761572 -0.00256198940107587 -0.205393251086276 0.330081559217863
-0.0158073420415725 -0.00199684060206009 0.133238145020753 0.249912032079977
-0.0175368492734203 0.0018746769502545 0.152760083703087 0.0384352857142801
-0.00664276280828295 0.0158309513063074 0.0249967408511345 -0.107800072916121
-0.00763182002267307 0.00767972361766045 -0.0141344313127255 0.0803156179394961
-0.0191533666614432 0.00347335701355912 -0.118491691367592 -0.0315678976879351
-0.0140714548464992 -0.0154698725496745 -0.141003446015952 -0.198824997635799
-0.00517307487770448 -0.0226048779260135 0.164895001429548 -0.278196775994978
0.0130864732176515 -0.0130378893624331 0.438345921702578 0.022127595898965
0.00788334154490905 0.0221760739348284 0.216381129823731 0.424296081860667
-0.018479257524285 0.00707491295424592 -0.152171787768569 0.316202144394884
-0.0210940682879341 -0.00580864233006454 0.0115052507650786 0.044303932260039
-0.00949801175304554 -0.00192980173273267 0.181258673474495 -0.289610005628806
-0.00103897513676812 0.0122924154312882 -0.162342443060505 -0.503960091262274
0.00595710935806421 0.00362800884194535 -0.492222571788239 -0.0840361822082609
-0.0152858234280026 -0.00524249657560025 -0.19578569359105 0.338268899556134
-0.0153444700902691 -0.00573401627759326 0.138890104723404 0.248820092412057
-0.0172827534048623 0.00137677031397542 0.153593146206135 0.0348823506513794
-0.010068568615055 0.0182848420858863 0.026946806179554 -0.109835764011539
-0.00951001867954688 0.0090393679604641 -0.0130861776289394 0.0784357092748377
-0.0173958329286876 0.00376321476962549 -0.115717443997476 -0.033768708631503
-0.0124730559620492 -0.017712483282294 -0.135690773040266 -0.201482964528415
-0.00613699468181744 -0.024042559390303 0.171524116289506 -0.26980246855902
0.0134046529942902 -0.0110923523075426 0.435718875841366 0.0391725560094642
0.00817886690311333 0.0236420275179865 0.200936621601223 0.435413003505377
-0.0172568505349114 0.00920041185543988 -0.160720186199527 0.31814373323249
-0.0207746697824239 -0.0037140194716107 0.00978645336067511 0.0452384749676044
-0.00817420106583831 0.000616437723045097 0.173017251819647 -0.289211656332525
0.000814390087434745 0.0148557588306456 -0.176153543050659 -0.4925045472461
0.00552358083500785 0.00513884404465172 -0.493987094338707 -0.0651000269629986
-0.017672544946323 -0.00528247706241782 -0.186556820924465 0.346345062127025
-0.0142967644132865 -0.00775261785905027 0.143951472160036 0.245939863506486
-0.0154257794416597 0.00275565633187046 0.155648596793404 0.0315354866724373
-0.0114377328990854 0.0199297625597782 0.0283534299007124 -0.111813101942667
-0.00943583454805802 0.00981851373240632 -0.0116690097538645 0.0766387064757803
-0.0149655588150702 0.00498415712373797 -0.112886588268081 -0.0358201813216235
-0.0102576716108618 -0.0179913740953084 -0.130046663195358 -0.203194685066993
-0.00717754079269849 -0.0234657083705608 0.177873910918481 -0.263058264884552
0.0125853848451811 -0.0103177819865212 0.433192063677404 0.057654436535262
0.00843674781513893 0.0237012680647624 0.188970490562375 0.447215908298658
-0.0159478212061661 0.00897418892538368 -0.167547511649973 0.319283570209785
-0.0198670919809474 -0.00341894794294402 0.00853954577573732 0.0468276319502966
-0.00665952283829691 0.00117401505723059 0.166997758758496 -0.287640007669905
0.00187180030187077 0.0149399295219072 -0.188398990854732 -0.482770364847698
0.00367032757244331 0.00582543863688542 -0.49391722936536 -0.0493364421417493
-0.0200164632004495 -0.00469258744183953 -0.179558785597035 0.353014022906132
-0.012611108529796 -0.00731548011645009 0.148725063067158 0.24213849615861
-0.0123717249413171 0.00521270877509518 0.157986227322343 0.0289215441116152
-0.0118430690334817 0.020949062652653 0.0303733340230419 -0.113314226795441
-0.00829906776979969 0.01026171714324 -0.0112692428867253 0.0759466790575274
-0.0114786967850363 0.00682250839323632 -0.110291120278082 -0.0361985443710753
-0.007672590734995 -0.016126455853611 -0.127081329664645 -0.20396566953605
-0.00758949955899379 -0.0212685088932792 0.18111332605089 -0.257769234339193
0.0112553921722229 -0.0103773001893751 0.429806546449056 0.0696151257245565
0.00918705254526694 0.0216912394578071 0.18228638438521 0.456295533993938
-0.0142268726536715 0.00847740467976559 -0.17279654089087 0.321393041373925
-0.0172771197268251 -0.00359110551696023 0.00740892940153308 0.0485185788346316
-0.00469243283884576 0.00074639831346283 0.163391169140519 -0.286116436886418
0.00259082101997673 0.012496767611249 -0.194315769434816 -0.47392951612048
0.000937593416703907 0.00556359864623111 -0.495515949491594 -0.0356282159274684
-0.0206911672126342 -0.00193148765195917 -0.176129118140581 0.356409314185626
-0.010057419828992 -0.00471902810619653 0.151405369751447 0.240652154271281
-0.00871619621396186 0.00783568280209341 0.160079155650395 0.0268306726944313
-0.00967030046317913 0.0214280858165103 0.0304649492175545 -0.114086659620465
-0.00586015519829581 0.0100763376220684 -0.0109450826998606 0.0756627657099803
-0.0086596321462754 0.00895114075880602 -0.107833737541841 -0.0351619511133013
-0.00572967717671873 -0.0119513482401484 -0.125594389113852 -0.205059034334161
-0.00766992066641906 -0.0185001573289135 0.179744533916114 -0.255686452248345
0.00947007000904686 -0.0118991988041479 0.429502784867813 0.0742519064267317
0.00973604636928276 0.0175864180082556 0.179124998897101 0.461770722848261
-0.0122006512877504 0.00712722879586894 -0.173289416425806 0.323839434273777
-0.0160351092244102 -0.00373306546051713 0.00731761805542025 0.0503279437335176
-0.00193647553920873 -0.0010041668509094 0.161965356596675 -0.285091694695547
0.0025181769804917 0.00900442073460935 -0.197649600100085 -0.469223508027725
-0.00120350170489367 0.00484407881275272 -0.497194485636328 -0.0283132335055181
-0.0211969256689497 0.00108159793380993 -0.174873992340502 0.3594101946617
-0.00710541564230365 -0.00093845851591245 0.15327002506589 0.238117752309946
-0.00525838328862473 0.010103762252853 0.162261334210987 0.0261061144396417
-0.00714875196550389 0.0206269542131678 0.0297878709636842 -0.113976686493927
-0.00260982374685269 0.00959168789250828 -0.0113402315046734 0.0763283076560443
-0.00600955341609621 0.0108499071717233 -0.105203432184688 -0.0338497599866402
-0.00318749501683821 -0.0064554673064401 -0.125653165044047 -0.205104521123104
-0.00763070199370262 -0.014985325831379 0.176100220464008 -0.25768323833669
0.00690229874093191 -0.0138974103540023 0.427333433170625 0.0741325271890101
0.00972856984571067 0.0128549816311826 0.183366865149212 0.462101910205139
-0.00990755838988581 0.00429802829330087 -0.170665528788099 0.32579808524323
-0.0147656494551963 -0.00535549671337739 0.0074157310278218 0.0513425418767332
-0.000958818088853686 -0.00396664452763905 0.163169001200322 -0.282962172626842
0.00194816820494181 0.0035906077259139 -0.193594268200971 -0.469215106109418
-0.00374992696048869 0.00302808474793903 -0.497168117197256 -0.03101792656453
-0.0203734524880231 0.00464105722422792 -0.180094002677145 0.358060616366641
-0.00427488688009966 0.0040611311423937 0.151577829810703 0.23785078791811
-0.00189342152154509 0.0125515728521209 0.163651835972791 0.0268260549074249
-0.00261952634599788 0.0197804433160721 0.0292729031633564 -0.112578939129186
-0.00191417382631447 0.00453558077050496 -0.0165975714823351 0.0842127968256429
-0.0182497040371079 0.00481556511089788 -0.122126701658457 -0.024052403144779
-0.0132143402908322 -0.00631252734661516 -0.153317618248257 -0.195425529484982
-0.00355928997257913 -0.0175826450919722 0.144978466163786 -0.295139688261166
0.010058082980448 -0.0181699754416508 0.439499252817812 -0.0141785456131144
0.006539609840615 0.0123806468404086 0.244891485920019 0.402281911060142
-0.0173765699468575 0.00158747750288657 -0.13294660782202 0.320142566241576
-0.0208213056472096 -0.00960182348944186 0.0151163144318178 0.0436567098402149
-0.00949179053728063 -0.0083415180238668 0.193081562125672 -0.291068226216922
-0.00277931513260631 0.00242405105283975 -0.141266348006205 -0.523619715608466
0.00401705510302153 -0.00106116053287958 -0.496400181749594 -0.113182974849269
-0.0120755860184898 0.000196699113528943 -0.213574740724052 0.328560048967287
-0.0152769696803128 0.00365142929983177 0.132350913649959 0.251517115211889
-0.0166545200566891 0.00321969151872465 0.154307362137194 0.0398258713147553
-0.0017092946588318 0.0143223855300749 0.0223960095700713 -0.106492101595108
-0.00513126785085436 0.00630973689489835 -0.0156761281645308 0.0824884926051945
-0.0195845102124643 0.0038771005469792 -0.122376599116762 -0.0266219850387643
-0.014305163779263 -0.0110772560256304 -0.149453976477303 -0.196368942030148
-0.00459634385620251 -0.0204413286599095 0.153868302340945 -0.290122926130332
0.0116068242291471 -0.0160023462423553 0.440951948922213 -0.000350410550825345
0.00724243367094927 0.0176996094561766 0.23495677680334 0.412697323315136
-0.0183353843838546 0.00526699142643509 -0.141249139476334 0.32078119144233
-0.0214853103363051 -0.00755409052801785 0.0138538934119228 0.0437176811638443
-0.00980044973301602 -0.00458568682221516 0.18714834322466 -0.29192171850114
-0.00194430446961506 0.00809172937488658 -0.154815241460553 -0.515984431352892
0.0057667692494124 0.00133822460544608 -0.497871263163073 -0.099305895811717
-0.0141030539586924 -0.00281684206985641 -0.204648565128181 0.335030388023041
-0.0158777437978265 -0.00187254517202261 0.136637632619653 0.250967151996209
-0.0175389794092964 0.00262038556283262 0.154972021397942 0.0364946401352982
-0.00633201296281113 0.0163723216092293 0.0245983818528146 -0.10856934705651
-0.00721846936911494 0.00801765700782957 -0.0141279063091416 0.0806140740862876
-0.0189494336481162 0.0035994899762143 -0.120556799102164 -0.0299521041865143
-0.0144333759609272 -0.015441109922738 -0.144861621984172 -0.198372485778958
-0.00547866922105277 -0.0228115662264939 0.163938173155931 -0.28198393442105
0.0130855437290276 -0.0131994232911117 0.441878367147918 0.0180091809045415
0.00809851015146039 0.0214446956984171 0.221929341561606 0.424836179635181
-0.0183416419991734 0.00740002308437991 -0.150214600594575 0.321253060118522
-0.021860628214802 -0.005347973591464 0.0119974372526303 0.0441754276115152
-0.00976440648586219 -0.00157345837669453 0.1788167812597 -0.293147931667256
-0.000680563283948298 0.0119432587118179 -0.169640348943509 -0.507170969701851
0.00625239531729177 0.00361751537567048 -0.497988271668798 -0.0796687321554945
-0.0160365919868315 -0.00461835024161159 -0.193864113137265 0.343850452282613
-0.0157283949601426 -0.00601356706067498 0.142903090843594 0.249284947931407
-0.0168719104798655 0.00242145771919345 0.155824770723387 0.0333994444135181
-0.00898638742924208 0.0185454032610626 0.0263760962720305 -0.111248878968893
-0.00899021978434257 0.00917741409939954 -0.0126177124103418 0.0792121240402036
-0.0176019874225218 0.00415267878857941 -0.118176598433218 -0.0329925877603576
-0.0128647044053037 -0.0178331718624371 -0.139204027383187 -0.200716973538335
-0.00634438643804481 -0.0236879303057258 0.170424040133411 -0.2744710705247
0.0132673486047638 -0.0114556410783016 0.440866990493933 0.0356064837500857
0.00870293826292652 0.023769535831876 0.20818415861037 0.43717095512807
-0.0174612009481676 0.00909815152989431 -0.158684141167304 0.322296438349737
-0.0212886782138844 -0.00334174310256766 0.0102448903163357 0.0451803728278647
-0.00835213271542296 0.000580169819094085 0.171205360256659 -0.293062465866381
0.000607395020836175 0.0151119763021244 -0.18346664930772 -0.495193316961875
0.00589224214718376 0.00524938908022138 -0.499149734660607 -0.0602021368090422
-0.0178707494202754 -0.00501682462796637 -0.18419596918553 0.351825141217018
-0.0151083916797541 -0.00726476883959586 0.148109778125117 0.245957762329133
-0.015533217909579 0.00405304845016093 0.157626974947153 0.0300233454271663
-0.0109212998324969 0.0200536237468762 0.0276167355175297 -0.113151017555629
-0.00931872643648956 0.0100361223081224 -0.0115689276578215 0.0773959022917624
-0.0148612053704319 0.00551161497039958 -0.114913060475862 -0.0344206944638986
-0.0108481743244467 -0.0181322914342056 -0.133886651484309 -0.202008637673175
-0.00716837328925513 -0.0232975622933875 0.177041943581996 -0.267096748944353
0.0123866762497891 -0.0103468912006686 0.43777104083608 0.0533909427818657
0.00940097698385523 0.0235614752765661 0.196817401517565 0.449412440519643
-0.0161814550721719 0.00944095868117149 -0.165128097961251 0.323865332820419
-0.0196501476126291 -0.00284833888266192 0.00880010771842485 0.0469825205905025
-0.0070309424798817 0.0014156581421995 0.165462202594282 -0.291225470459409
0.00234525349296281 0.0146616027582826 -0.194490675812808 -0.484475362409545
0.00394998639820853 0.00578455642235275 -0.498829112182525 -0.0427810984280516
-0.0199472043897135 -0.00431415141455108 -0.177643660900426 0.35840054048367
-0.0129898279395779 -0.00745807605573495 0.153117302296206 0.24371871315504
-0.0120332379949934 0.00592075823683567 0.160050718951203 0.0273677184889277
-0.01146835188238 0.0212653171193332 0.0288980362310694 -0.11452769967932
-0.00793436139163337 0.0107634903960571 -0.010336042425398 0.0764472000406943
-0.0113952211971792 0.00709063189135309 -0.112007282423297 -0.035106987845756
-0.0082536893161594 -0.015948012258495 -0.130790301397091 -0.203487648840467
-0.00758879072027885 -0.0214865538734756 0.180337574462735 -0.261737693452224
0.0109650163188221 -0.010610142608036 0.434866563019733 0.0663828818291504
0.010130090000667 0.0216775883925783 0.1882893743844 0.458519614506599
-0.0143654023033373 0.00816691852718166 -0.171266926846028 0.325343850095036
-0.018124357456248 -0.00258214773629572 0.00780354590227621 0.0486696746429184
-0.0052682790230312 0.000741101480338876 0.161804770171896 -0.289592303379358
0.00215665606825921 0.0124561970669103 -0.200345606676928 -0.476180183720085
0.00149038412041569 0.00550260593313378 -0.500780101960598 -0.0304800812717991
-0.0209381353230796 -0.0018996943016038 -0.172950526679562 0.362311864483688
-0.0102432623821761 -0.00491696561388095 0.155811735867141 0.240931867583341
-0.00836755959204471 0.0085791215844247 0.161873030429874 0.0255465633160228
-0.00897792892948279 0.0219767395647907 0.0296753922768277 -0.115840926066821
-0.00574764987374906 0.0101201287730847 -0.0107625019139928 0.0763243833758443
-0.00834085640708566 0.00912860969853913 -0.109631334560023 -0.0344719274341054
-0.00565559380476518 -0.0117629736795298 -0.128770474526757 -0.204381190405159
-0.0082759933482268 -0.0185097652106956 0.178278441385893 -0.260140396039131
0.00876012484279723 -0.0119961330254554 0.43311646295501 0.0704227988294043
0.00983938203871222 0.0178244373481555 0.186157561895693 0.463162148847023
-0.0122716969409618 0.0071879572532956 -0.171715630899821 0.328290513164226
-0.016541999886181 -0.00335538538597154 0.0078819257016553 0.0502261224261083
-0.00317855392740185 -0.000872461583315266 0.159202445453575 -0.2887372272078
0.00252166409963994 0.00863040971610247 -0.204419958722656 -0.470441578789385
-0.00135615105994705 0.00472527457999964 -0.501131550431578 -0.0231509116638357
-0.0211343813459894 0.00142821241271222 -0.172396044449757 0.364753439991221
-0.00750240506424593 -0.000711931452576984 0.157920366908935 0.239194771328642
-0.00522870061667503 0.010895588677409 0.164471897969359 0.0240733365006024
-0.00619132884762127 0.0212982945272182 0.0288087237945131 -0.115578906724671
-0.00266397791922899 0.00983043612277088 -0.0108591576185906 0.0768704774422364
-0.00553892768214863 0.0112111788776829 -0.107459852756413 -0.0327561330414794
-0.00327983346151283 -0.00660424040099131 -0.12906753681739 -0.204293278183659
-0.00798648848673722 -0.0151874270598229 0.175298953670621 -0.261433094184542
0.00678027178716732 -0.0140044103194711 0.431794949029061 0.0697749858145098
0.00991943725024424 0.0124860628825317 0.189979948914645 0.463309975614233
-0.00988517002148928 0.00456192041730577 -0.168851953031687 0.330688966352713
-0.0149448841704305 -0.00470879200071493 0.00774709162816611 0.052021304897078
-0.00145404002474576 -0.004122918579455 0.161635542531561 -0.286306569383058
0.00176563749985261 0.00400708717704041 -0.200812042836303 -0.470370317051083
-0.00374357592213695 0.00278723619482054 -0.501390724776022 -0.0263796987212103
-0.0207216385232218 0.00460711270810476 -0.177341477462677 0.363810045366735
-0.0047687426491566 0.00482565629625961 0.156098984765027 0.238577817835668
-0.001337756317497 0.0128332725126463 0.165784428710046 0.0247352972689699
-0.00226283053938519 0.0202944492803748 0.0278447099844735 -0.114054695782457
-0.00163383846898236 0.0048711237009794 -0.0163659682771071 0.0846922622495181
-0.0181706198140589 0.00563415895656824 -0.123994207530839 -0.0224840648579267
-0.0131520454922873 -0.00613984890437278 -0.157307592313047 -0.193454184522102
-0.00385293159106536 -0.0173006357627337 0.14356805738524 -0.298623466787754
0.00969189436539547 -0.0187279409573603 0.443858597378059 -0.0202223874378758
0.00716697923735041 0.0123308581713095 0.252590259751469 0.403070929132066
-0.0177086442204252 0.00170556824753043 -0.130529032017181 0.324551206573782
-0.0209289558456329 -0.0096678255580199 0.0154707122629998 0.0435606592033195
-0.0100519080763545 -0.00810921043621987 0.190524905446139 -0.295138119305537
-0.00291842534436357 0.0025709505459021 -0.149544342691076 -0.525851933347774
0.00458816922526326 -0.00112860273520534 -0.500908043421737 -0.107296194811443
-0.0126042048875994 0.000652102324044174 -0.211004476926907 0.334587677109289
-0.0155137851656829 0.00355416033388964 0.1363034177446 0.252074168138835
-0.0165298247183167 0.0040491412136379 0.156754998338373 0.0380834310774429
-0.00119739533287457 0.0150133659821902 0.0216090117323367 -0.107551288462997
-0.00517212972816943 0.00645944084337644 -0.0147299526398261 0.0834059186219377
-0.0192819002978431 0.00440859239181386 -0.123759771464261 -0.0253377335279851
-0.0145421023144061 -0.0112741499637245 -0.153237473501732 -0.195035088099301
-0.00506123723032864 -0.0204610269567462 0.151988527603995 -0.293486408755884
0.0116018225316613 -0.0161848095554619 0.445367115952857 -0.00585342709271909
0.00782854766046331 0.0175497909530782 0.24209381270937 0.412803011312274
-0.0185256692196963 0.00526993971022313 -0.138268763532697 0.324206570109836
-0.0217261010789259 -0.00671026106169438 0.013651893653916 0.0434729427850239
-0.0108015874427112 -0.00426858767689585 0.184157932351169 -0.295995449476787
-0.00213632816177059 0.0081993462931579 -0.161560736339597 -0.51767694428398
0.00624788583350257 0.00129210733502337 -0.50285333133102 -0.0939273439411092
-0.014169874783557 -0.00250519372229541 -0.201918302101938 0.340855961452876
-0.0160650045891491 -0.00177611861733253 0.141395300614838 0.25087515274988
-0.0168736946879843 0.00275484072565447 0.156902457714266 0.0349772020762871
-0.00578585717785144 0.0166068501494102 0.0236256469513372 -0.109578412634931
-0.00747660759607255 0.0080895249802538 -0.0135611847668034 0.0810457067559851
-0.0188783069100944 0.00422098517660922 -0.122179970243868 -0.0284805877103278
-0.0145135974519932 -0.0152316732874202 -0.148399137231204 -0.197399317380584
-0.00597872499525874 -0.0231292803488379 0.1616725417012 -0.286434170310668
0.0130128340275937 -0.0133919559097182 0.445824425788538 0.0123018915994453
0.00836995622359629 0.021319781836666 0.227711527490318 0.425788418353477
-0.0183550024428487 0.00802019395259122 -0.147455989437776 0.325417502346003
-0.0220768363300979 -0.00473765282470821 0.0126771357937444 0.0442338993739098
-0.0100732687464925 -0.00141574456075652 0.17665936837765 -0.297156625507038
-0.000577826359990366 0.0122489484850961 -0.17685977321474 -0.509111169893391
0.00689460447599216 0.00359020407092827 -0.502914830094371 -0.0751407365038246
-0.0159694910343265 -0.00467770898212458 -0.191569496172877 0.349279148237236
-0.0162506342888535 -0.00562233552127167 0.146697809846042 0.248912224587563
-0.0169941963573583 0.00328374346167823 0.158135159442388 0.0315451412756689
-0.00856994671614334 0.0193194887493008 0.0255247698204241 -0.112157545231401
-0.00894502126192927 0.00942615270536571 -0.0118535270943807 0.0794263265196698
-0.0173449715804275 0.00478107071075301 -0.11968691602637 -0.0314085082918602
-0.0131591452963178 -0.0180730278983499 -0.142467614983895 -0.198963011452991
-0.00685876695460709 -0.0238031300353947 0.169243384471355 -0.278302233274751
0.0130861268273708 -0.011685394389293 0.443997599471537 0.0308003645794954
0.00941036722258997 0.0236013429889736 0.2153039190409 0.438142812174162
-0.0176644078658591 0.0096055794617802 -0.156266019777466 0.326188393641138
-0.0211288931014094 -0.00321112818219652 0.01077922389999 0.0457254977074096
-0.00951840872862437 0.000857548304910868 0.169074216514122 -0.296355971806388
0.000542569268846429 0.014525850008606 -0.192530270386433 -0.495930726912599
0.00601681974538235 0.00512439054074314 -0.503776285494752 -0.0547027156273212
-0.0183622302674218 -0.00509938715664571 -0.181874995966007 0.357451403620605
-0.015138208295133 -0.00747009447895962 0.152875106073255 0.24643702467433
-0.0154627859375992 0.00425853321848726 0.159543500693132 0.0282560555374132
-0.0103272690029387 0.0207473465046997 0.0272232530470506 -0.114184055907708
-0.00902995112384462 0.0101445932941123 -0.0112662747748088 0.0777661714844436
-0.0145254591700891 0.00563613084123273 -0.117159607661292 -0.0327699435682487
-0.0109086442122175 -0.0181343273784516 -0.137216861931647 -0.201392693780898
-0.00778136730270601 -0.0236953496356094 0.175114296714743 -0.271600198167791
0.0124942560483177 -0.0106068232835325 0.44149473181044 0.0484955975437372
0.00993231210796753 0.0232943667662346 0.20276798522745 0.450438869519843
-0.0163979847354786 0.00993185171359977 -0.163233540044861 0.327687075471753
-0.019904186542311 -0.00202793396597231 0.00915913612832021 0.0474429884381315
-0.00740169705795242 0.00119310213958125 0.16259839883368 -0.295791893938449
0.00186724122633847 0.0147761872109675 -0.202391201424134 -0.485319470509628
0.0041065000909242 0.00576481720839838 -0.504397033449072 -0.0378034338586375
-0.020082943713917 -0.00418386078419818 -0.173533112417174 0.363877161250368
-0.0129110418572997 -0.00745821745623754 0.157582639662211 0.243197922432659
-0.0121444572219997 0.00648202812756035 0.162509476392751 0.0254117969916905
-0.00979163561312205 0.0217136615724132 0.028447419588314 -0.116045686131996
-0.00839904950650822 0.0108130934145872 -0.0104165348919049 0.0769826922284195
-0.0113824367837203 0.00762457443946113 -0.114297619738506 -0.0339037350640748
-0.00866445465410133 -0.016158708454101 -0.134557963268598 -0.202763930921166
-0.00810866482597718 -0.0218387294855888 0.178523348753723 -0.265571827802064
0.0112355878766542 -0.0106603206375742 0.439171785061232 0.0608875292772147
0.00997871410110562 0.0211954925554861 0.195678287875709 0.45903725347531
-0.0140491734085225 0.00873731218869126 -0.168020312316465 0.329321616578652
-0.0179660489378566 -0.00204852991486661 0.00803623284451114 0.0488446008703185
-0.00578660372675579 0.0011262722121718 0.159382937702546 -0.293668413953642
0.00278596731874986 0.012504350656302 -0.208124605936217 -0.477496517799363
0.00189715897462844 0.00562458003269955 -0.505540740838438 -0.0244624516555481
-0.0211136226132721 -0.00160276579144552 -0.169499297086656 0.367928602107987
-0.0101531268891916 -0.00492407898418775 0.159798687711029 0.241062188336052
-0.00840860499212613 0.00893683830339939 0.16381448491507 0.0230949169616145
-0.00894660040469561 0.0221547690125181 0.0286185820090926 -0.116535731632336
-0.00568201188160869 0.0108910624106643 -0.00990827342312297 0.0767076216469041
-0.00811885919217307 0.00916053413573355 -0.111295358658319 -0.0329183167383312
-0.00564299447927213 -0.011886273542679 -0.132214910406981 -0.203238378268631
-0.00880530985010299 -0.0183804398519125 0.178102636199564 -0.264146626903772
0.00908431753887378 -0.0121878106980259 0.437941114593077 0.0657944920801243
0.0105552188626307 0.0173381178844567 0.193073783226201 0.463732728459983
-0.0123249279144029 0.00700009316174185 -0.16924066470965 0.331858715536141
-0.0160856786181859 -0.00285668772971595 0.00811477094652816 0.0503491359420152
-0.00314294911429294 -0.000537423989968224 0.156975812475272 -0.292072396552595
0.00304383244821368 0.00858854231091182 -0.211383047182303 -0.471821103718821
-0.00122124756830507 0.00491838316111026 -0.506689012328892 -0.015629914131609
-0.0210272196774359 0.00178266542452966 -0.168303842063919 0.370076265513553
-0.00765851441078886 -0.000846783307079142 0.162347689505232 0.238418165313061
-0.00484575818526789 0.0115724078624807 0.166642836098914 0.0223302072843292
-0.00534919793583317 0.0217848022320994 0.0281654440642067 -0.116777255910238
-0.00238186599010797 0.0095752988652139 -0.0109072479609605 0.0774602792482422
-0.00526164471849019 0.0113541964119982 -0.109619158098481 -0.0314894658030416
-0.00335904628957081 -0.00647285237553351 -0.132130347466585 -0.203337119476994
-0.00835866899955378 -0.0149197611318457 0.173958419329895 -0.265229555774099
0.00671157430028957 -0.0143076155776859 0.437110530767552 0.0652078255417893
0.0102948321484399 0.0123349751774834 0.196664114177305 0.464382942690388
-0.0101982906917791 0.00448887509369529 -0.166067538657903 0.334519351152855
-0.0149047286469352 -0.00402685514557656 0.00833710625788345 0.0518730750609632
-0.00153765262729222 -0.00342093436527391 0.158956582992378 -0.290221923198018
0.00189365031483367 0.00351377867064258 -0.207678227185922 -0.472045376113654
-0.00347421754971762 0.00292219262062887 -0.506502564465385 -0.020244603175312
-0.0205517019887671 0.00529142324232131 -0.174349346369723 0.369205617881146
-0.00461540033282374 0.0038319522627549 0.160067322442659 0.237839777726688
-0.00109992003257137 0.0136708419063425 0.168107494988096 0.023151378631439
-0.00104972897230431 0.0204616864319721 0.0272920707385185 -0.115522515005002
-0.00136631622011204 0.00488429305083258 -0.0157453620896249 0.085218396364865
-0.0177491333181779 0.00598726293920823 -0.125959571283229 -0.0205956505657501
-0.0132708602942289 -0.00594328079527945 -0.160884114499705 -0.191835423624603
-0.00432289641061693 -0.0174408356077191 0.141323606260334 -0.303428894589139
0.00972280022355207 -0.0191605685103467 0.445686806839964 -0.0257910665614477
0.0072536659729484 0.0121933915662271 0.258065034067761 0.402290102563647
-0.0174655167581048 0.00248485175737972 -0.127794700991742 0.327912482434394
-0.021275580691914 -0.00859167401846894 0.0163002156753485 0.0436928752210404
-0.0106900542302085 -0.00768274216839105 0.187680667590522 -0.298363645635323
-0.00324604834217513 0.00268191652396047 -0.155773327808935 -0.525714240725133
0.00467306732083551 -0.00150888991339713 -0.506388560897846 -0.101682073501735
-0.0128214651111181 0.00130268564684678 -0.207965576585995 0.339335256740568
-0.0154592346112801 0.00413241298044143 0.141096648505692 0.251203830263016
-0.0162894556472389 0.00459340908955441 0.158462387564744 0.0360445389655144
-0.000802198108921598 0.0151255137029555 0.0214134853424519 -0.108127111175095
-0.00464030135484802 0.00647286838143265 -0.0148110984175285 0.0836937000835372
-0.0190693483564472 0.00525153296294985 -0.125326004646002 -0.0238297574004204
-0.0146355673025414 -0.0110843094316749 -0.157330285865418 -0.193376489903926
-0.00558564082566894 -0.0205357927959444 0.149391444559027 -0.297477840294823
0.0115727067182434 -0.0165133577474594 0.447012578092915 -0.0115080137046506
0.00805796783655008 0.0171935609681329 0.247711753536425 0.412525242499133
-0.0184472598352 0.00561258175496254 -0.135725248297185 0.328215762981753
-0.0218398282297243 -0.00608176148448378 0.0145253254259604 0.0438593562153249
-0.0116704967272435 -0.00414683744426994 0.181690086440148 -0.30026371033463
-0.00184066897717286 0.00794801572252558 -0.169307637614549 -0.518743006297883
0.00646351077440741 0.00119980916391525 -0.506845036375355 -0.0881837703108536
-0.0141977845024456 -0.00232971195140552 -0.198833151461075 0.346040510533866
-0.0160905469073752 -0.00170504442420604 0.145718492225546 0.250166282886705
-0.0171902643723693 0.0037991658369607 0.158649815627678 0.0327503284941193
-0.00506847467429629 0.0172421177622751 0.0227151469003339 -0.110564327438486
-0.00736496724871878 0.00823575183063747 -0.0131159684878724 0.0818197762466971
-0.0188060900869539 0.00484075681080104 -0.123527905653116 -0.0271287904242262
-0.0148754615407608 -0.0153281305603779 -0.151767168649374 -0.1951794313846
-0.00655349531842178 -0.0227602821222434 0.159340976131124 -0.289955791220198
0.0130352554689945 -0.0139889496522752 0.449574597179075 0.00729626530154483
0.00931420939044465 0.0210610574832221 0.235047252892107 0.424606463195553
-0.0186099882856445 0.00835117395652138 -0.144348790696814 0.329307610043062
-0.0219917965026613 -0.00424757798510184 0.0132188479506114 0.0442916232926446
-0.0107660858569089 -0.00112008571122561 0.174255392955879 -0.300912541373938
-0.000296594873155307 0.0119901667235507 -0.184765703506877 -0.509609600457586
0.00697765475493728 0.00351044869785785 -0.507360031091474 -0.0684083951204679
-0.0161951964198988 -0.00434846711295787 -0.188458895943366 0.354657422757089
-0.0164643873478992 -0.00565192325031809 0.152065333667154 0.248725590929153
-0.0165053701689256 0.00372875425066296 0.159931162003433 0.028971944412419
-0.007977251699013 0.0193915426366091 0.0248185657983942 -0.113553647371268
-0.00871925486836109 0.00957311243524021 -0.0112835355004179 0.0799146698539383
-0.0170633175858597 0.00533635569280045 -0.121246866184392 -0.0298104241794741
-0.0129846242506271 -0.0176801677030661 -0.145958880616152 -0.197549705028438
-0.00753472978892578 -0.0240295914667823 0.167529735612464 -0.282287863425702
0.0130669743531174 -0.0120425151868261 0.447894265559386 0.0247409387095762
0.00992896080472643 0.0234419050244659 0.222313817197971 0.437684815136232
-0.017632869463414 0.00953603759402855 -0.15324214818794 0.330284705463502
-0.0211332095226983 -0.00223370679138532 0.0109310910983084 0.0454213031453522
-0.00954401065502943 0.000856768363322363 0.166000349541066 -0.300670034911963
0.000971644871178961 0.0146256846522408 -0.198540255674571 -0.496724425613945
0.00621847514911321 0.00449882049228597 -0.508661675415489 -0.048109576901852
-0.0188062176048717 -0.00462030278529054 -0.177921766591962 0.362569351322429
-0.0153200083815577 -0.00757974358085477 0.157015052342873 0.246000122579411
-0.0153809859650612 0.00522846728677542 0.16226663543651 0.0259434586058279
-0.00973950057596312 0.0212293897533907 0.0262885875701351 -0.116038869801434
-0.00864343207557793 0.0106317616160096 -0.0109735507253035 0.0783446817743783
-0.0146499487235388 0.00621217286816946 -0.118402852032913 -0.0313490537846666
-0.0110295235723774 -0.0179217817381693 -0.140874880963196 -0.199221808441216
-0.00805192137709642 -0.0230212962082125 0.173977695986086 -0.275078109956439
0.012627352382517 -0.0109701006194661 0.445863038392227 0.0438945605499931
0.0104839544516349 0.0232775787836486 0.209591634103317 0.449526574386832
-0.0160407300643086 0.010304365241706 -0.160320558182413 0.33163513499224
-0.019904606679713 -0.00147835020388761 0.00979438908427618 0.0472792702286922
-0.00774484771394593 0.00181847796258831 0.159481176612097 -0.298985925231582
0.00210685979168738 0.0146008485818 -0.209105733620777 -0.485459464791616
0.00431855732784382 0.00579443139592334 -0.509481048389215 -0.0314903117659054
-0.0205465697853088 -0.00371825199830855 -0.170411788776541 0.369273635042642
-0.0134382276350836 -0.0073198800081059 0.161809646386402 0.242970967669766
-0.0124467659218339 0.00741997890701508 0.163981983363487 0.0226276731167419
-0.00986686460623493 0.0220745577900552 0.0269840085759524 -0.117114121931716
-0.00789480135206691 0.0111263175779683 -0.00973499420551818 0.0771860153128583
-0.0112330156031629 0.00777514501436099 -0.115878897087808 -0.0319645415071914
-0.00861409843109808 -0.0161044488826024 -0.136982538658584 -0.201006882949632
-0.00881973499164563 -0.0213143114031719 0.177576441365265 -0.269361654840182
0.0110563849809564 -0.0112122024777457 0.443665632960835 0.0561475070619857
0.0108073195148219 0.0212112875704492 0.202391525435939 0.460023910863461
-0.0141196901020969 0.00935993254124814 -0.165665149379878 0.333980726723682
-0.0178965388548543 -0.00180725273299391 0.0084332154712913 0.0491861681893724
-0.00585963063426016 0.00101835957744606 0.156634500663134 -0.297158626826201
0.0021422830413114 0.0122897963073795 -0.216533552558397 -0.476876764673042
0.00228461032897623 0.00531415335784897 -0.508607926810594 -0.0180299596577363
-0.0214798734827488 -0.0012938148837479 -0.16609559818911 0.373044418873804
-0.0107041371453457 -0.00477798567617911 0.164641473006303 0.240235603172017
-0.00823412176414161 0.00956696210161643 0.166356773231213 0.021154241540918
-0.00775433860660104 0.0225970256587526 0.0273684985177697 -0.118377077751784
-0.00542516961183235 0.0108688753375221 -0.010059735037961 0.0773637279165081
-0.00786937450225458 0.00986707142966746 -0.113496934706544 -0.0308165156624205
-0.00551738638795106 -0.0119533859622443 -0.135730967117534 -0.201790872908157
-0.00886351623013221 -0.018735767506 0.176015454076757 -0.268039297091288
0.00898793407918005 -0.0122146725910562 0.441929607556343 0.0607017426167095
0.010885725937393 0.0170840699318084 0.200426300027015 0.464862730971507
-0.012196129031965 0.00728000290251778 -0.166505313060988 0.336598588496773
-0.0168693212918003 -0.00198595636735484 0.00840663409019479 0.0505783398102153
-0.00386177346654666 -0.000755947411853609 0.154687286977479 -0.295983514070331
0.00276269535951363 0.00852410250050949 -0.219677040893861 -0.471407399030413
-0.000503752946207634 0.00467615521770143 -0.509659470107178 -0.0112681185022917
-0.0212096196069205 0.00211707256221368 -0.165178991588369 0.375390913740583
-0.00773725176685815 -0.000546430583225632 0.166663304313667 0.238089033780242
-0.00439116940588022 0.0120279967940896 0.168747702560572 0.0196241664136115
-0.00437001627649266 0.0216553239198976 0.0269183652365465 -0.117810373280054
-0.00247270262085264 0.00988327263408819 -0.0101653732197892 0.0780937314053085
-0.00506867046769146 0.0115628111596342 -0.111408956077137 -0.0296637482552145
-0.00298734894120739 -0.00661426074063713 -0.135865456525363 -0.201541685457364
-0.00830772212534725 -0.0149800108506587 0.172256652256596 -0.269029078919099
0.0066910228883732 -0.0143785016074058 0.44049030277344 0.0587513659027607
0.0108745327108133 0.0121080679186654 0.203674295012801 0.46563635707303
-0.0101061738616895 0.00499744375306176 -0.163779813683919 0.338220305299311
-0.015118674475317 -0.00341176464656851 0.00908359096159608 0.0520102131647589
-0.00249037593450072 -0.00350711446148265 0.156022607683419 -0.293732669046057
0.002286596254318 0.0033700254672517 -0.214503386081734 -0.472307453843259
-0.00312119330583696 0.00318036438999775 -0.511004552341377 -0.0136107970722052
-0.0204053131571202 0.00595464801214793 -0.170073139800867 0.373835292956442
-0.0049641018933592 0.00403847322749898 0.165188405437239 0.237404658992874
-0.000879552541522787 0.0146734249790324 0.170124391563419 0.0202097266440615
-0.000682113575867278 0.0207380198087114 0.0264815557190633 -0.11658552587762
-0.00129551860266978 0.00551996639900841 -0.0146994299070007 0.085778771397568
-0.0177113917960672 0.00641281941472591 -0.127436355687938 -0.0179449399961446
-0.0133807198089609 -0.0056627888714992 -0.164161973007869 -0.189673486544352
-0.00449153015622336 -0.017140373431031 0.137389890262735 -0.30627471841607
0.00919522013482952 -0.0187793453878467 0.448431929540999 -0.0326578325625701
0.00789583753764217 0.011791120870664 0.265241749782953 0.400535719460801
-0.017732381356414 0.00274759004030473 -0.123767866354759 0.330961918542315
-0.0215325428313635 -0.00796775778428895 0.0164964254337552 0.0439386105568072
-0.0110502337732633 -0.00760073003866301 0.18415476732944 -0.302653687090533
-0.00327740828199713 0.00247306640130648 -0.164762219690535 -0.526938268132794
0.00536015323988375 -0.00145691642611822 -0.510610542584026 -0.0944764580532557
-0.012636683675016 0.00104672720652506 -0.204360692183367 0.344848319472509
-0.0155606166109857 0.00423553432642065 0.145805691297107 0.250626514368911
-0.016449617779728 0.00524129018600171 0.160253637891414 0.0334215059941158
0.000549640457772546 0.015521850022329 0.019665718785007 -0.109757194214961
-0.00426951170836272 0.00679893928604131 -0.0133649423407364 0.0838534667215681
-0.0190399396955931 0.00549061555824814 -0.127116531184996 -0.0220147422438317
-0.0147087198312681 -0.0107720233865189 -0.159980916830481 -0.190414115474609
-0.00585479912897709 -0.020354998112107 0.146937007477788 -0.30074282390945
0.0112779167406569 -0.0166383040755245 0.450243630099735 -0.0177769078119804
0.009217358840734 0.0170139322744824 0.254721006818201 0.40901217407145
-0.0182934328409879 0.00561265556873237 -0.131711060097716 0.330775420724935
-0.0220827630359652 -0.00573170560493136 0.015112659687199 0.043376914356087
-0.0115736306749315 -0.00405146250368055 0.177771332223399 -0.30298177205939
-0.00196128142752026 0.00820298565394645 -0.177801483213083 -0.518905155562492
0.00665327149021892 0.000602027917288042 -0.510144209485515 -0.0809932733579958
-0.0141502049640125 -0.00195770835229775 -0.194064965107054 0.351414987769939
-0.0164159909716674 -0.00176751085283993 0.150874267908898 0.249517638985335
-0.0171217836982338 0.00455683947317974 0.160189081250266 0.0308020372986794
-0.00387465605766435 0.0174682233284719 0.0213942977526602 -0.111794836709266
-0.00686264810613624 0.00875889171053362 -0.0124290773072138 0.081905976526401
-0.0183448723687 0.00499352375338654 -0.125693466666383 -0.0246325649191018
-0.0146836690240459 -0.0152108369610794 -0.154843879591032 -0.193011728638536
-0.00691503718639315 -0.022764774404702 0.1572520510591 -0.292973244579199
0.012661710840709 -0.0140800388448378 0.450904132971958 0.000464846377224127
0.00945522829647793 0.0208689122989374 0.241294404961674 0.423163779827226
-0.0184424907264035 0.00861496562650406 -0.141065082473079 0.331887425785698
-0.0217739083420716 -0.00344364818690633 0.0132730057459384 0.0443761006726839
-0.0112228065025949 -0.000731282677939728 0.169711199823315 -0.303746059009214
-0.000378589099632027 0.0121933272624081 -0.192059265268212 -0.508353729862531
0.0068825204668597 0.00337023381461962 -0.511056626972676 -0.0614327738792616
-0.0165185218292311 -0.0040179043951707 -0.184638286325871 0.35913656582152
-0.0166147083517222 -0.00543250657474966 0.156889789359665 0.247579413557498
-0.0169587398188134 0.00463850512680704 0.162473300893855 0.0272251954029865
-0.0070084299623272 0.0198243073944046 0.0230322847883561 -0.11426906244299
-0.00831998791279886 0.00974400304275827 -0.0110366383155321 0.0802172028721529
-0.0170830318470225 0.00527014886673888 -0.123265675154109 -0.0274220518998094
-0.0136791133399148 -0.0175099548007113 -0.149726527892488 -0.195513460497065
-0.00799775725023343 -0.0238802863581561 0.165013609436094 -0.286025490166184
0.0130384522446885 -0.0124378756649795 0.45023986234617 0.0188296568883347
0.0107455271695165 0.0229441158076752 0.229212760801922 0.437409389166119
-0.0178482659170605 0.0101711270430592 -0.14962940952739 0.333686807460753
-0.0211543417089733 -0.00194662336346626 0.0119130426230731 0.0458194813833283
-0.00996054796265713 0.00124288749731156 0.161929204068533 -0.30328896751079
0.000845642851923779 0.0143784722962622 -0.206853968951381 -0.497253650514358
0.00676423285707334 0.00482617431352968 -0.511947927451655 -0.0404698429667609
-0.0186126313378409 -0.00465459523951841 -0.173236798809242 0.367273186541183
-0.0157964234268066 -0.00784371264570469 0.161247639396665 0.244990807114905
-0.0147476040630041 0.0055714930419202 0.163377119133116 0.0230912802779723
-0.00884276439755197 0.0216662381752805 0.0243125272730892 -0.116651856619899
-0.00851014632380935 0.0108391583644368 -0.00956292123780562 0.0787122474868257
-0.014128693269146 0.00654054629827529 -0.120285504689293 -0.0299536135065354
-0.0116333687495534 -0.0178221795746765 -0.143813020804267 -0.197187096686046
-0.00872178994061498 -0.0233146519207711 0.17067949242663 -0.278505631838062
0.0125013091026653 -0.0111385336933877 0.447138160393354 0.0366379989573975
0.0106653187837194 0.0231311298583666 0.217712180253675 0.449435905215047
-0.0162107056008661 0.0102644519554679 -0.156554306083097 0.335510548201075
-0.0199264243343822 -0.000969887211454607 0.0103741804343197 0.0471076344436526
-0.00818291934571529 0.00218433513268581 0.155287252820313 -0.301640969247486
0.0024338352026056 0.0146554217063473 -0.216710240595836 -0.484642757620273
0.00502851846244207 0.00517563940029326 -0.511751983163125 -0.0227037981129569
-0.0206911358640803 -0.00347515796289746 -0.165813183099918 0.373506868801912
-0.0135069443623817 -0.00722621842530818 0.166745472965735 0.241692433271492
-0.0118058952718814 0.00776602077568428 0.165411214905463 0.0207854830014079
-0.00892212355219694 0.0231145998496176 0.0258599147256635 -0.117819321996442
-0.00728931750462506 0.0110156189944748 -0.0090435609192769 0.0776628395402411
-0.0109935029554597 0.0079750638178527 -0.117391554053718 -0.0301325747629288
-0.00847516814234366 -0.0162057454521036 -0.140884478037893 -0.198834536058507
-0.00902055685458741 -0.0212689455083952 0.174435728839827 -0.273384885300049
0.0110705697806662 -0.0110859712013557 0.446746675255423 0.0499844352502304
0.0110189986343908 0.0204468203377507 0.209981375253466 0.459128200154595
-0.0140001997039022 0.00938330572255497 -0.162483497573744 0.336554291061104
-0.0181963542159609 -0.00154366777185236 0.00980842474184467 0.0490069371003879
-0.00613295951832375 0.00112238079759827 0.151838379459987 -0.299128833065209
0.00235964049614462 0.0123040075568124 -0.223657151246759 -0.477027915760498
0.00215164799561355 0.0053188227709001 -0.511324851344532 -0.0112663511779387
-0.021621323362023 -0.000631549851004913 -0.16156397430852 0.376982893426251
-0.010746699457623 -0.00468307966582343 0.169499028185209 0.23904214390656
-0.00840644734094929 0.0104419406038111 0.168310322912575 0.0185491075506988
-0.00734131007880309 0.0232071794875979 0.0261964403017926 -0.118948145639905
-0.00526685998150461 0.0107760489360353 -0.00893768508703018 0.0774052313174693
-0.00786037659816404 0.0103652877909885 -0.114546312910406 -0.0295561648138142
-0.00606033429218579 -0.0120173195549491 -0.139004071496159 -0.200162631027397
-0.00925376225793861 -0.018032825819564 0.173900793078937 -0.271871226644802
0.00858038782129442 -0.012260962712756 0.445121984052962 0.0548686424530659
0.0114414580513751 0.0170508773250734 0.208061332996339 0.463829164915626
-0.0122567652072814 0.00749403361927113 -0.162738269875376 0.340301905155095
-0.0165432340355472 -0.00183915151398747 0.00930623784389225 0.0505356773453325
-0.00419869246645428 -0.000498030016216151 0.151018969906285 -0.298941731577643
0.00282104079003062 0.00822673869740292 -0.227186077942386 -0.471623484976021
-0.000678471685608905 0.00464749839085748 -0.512453230435764 -0.00229953709899052
-0.0212610104097272 0.00260323965478557 -0.159597791663401 0.379371293048375
-0.00765537513897551 -0.000698220300684137 0.170961338834527 0.236532743733254
-0.00382266186917902 0.0125071491572011 0.170149345055124 0.0169362836145216
-0.00353380730339484 0.0220829364276294 0.0256426194908514 -0.118920428102332
-0.0022300808922185 0.00980143701118969 -0.00931019705155599 0.0779612162752867
-0.00464361891067267 0.0119739336661201 -0.112537139398074 -0.0283793605218392
-0.00336396125403876 -0.00664008426734569 -0.139007570294329 -0.200329986916156
-0.00889401524350521 -0.0143369173308258 0.169869722958129 -0.27285404885101
0.00616005748125934 -0.0145046266251224 0.44344733669577 0.0541093371012285
0.0110767212738276 0.0121594307446701 0.212219881526964 0.464106859406104
-0.0103086067954913 0.00472368277549724 -0.159954924074551 0.342118814106822
-0.0149545522633847 -0.0028396762336478 0.00931530447495297 0.0517824606071842
-0.00284057634584404 -0.00319734295830875 0.152344246022103 -0.296325145991705
0.00178410679358874 0.00301920965723839 -0.223403480561841 -0.470963127887088
-0.00316820690115258 0.00294323044234618 -0.513025634631265 -0.0055797886033515
-0.020800621475846 0.00626107731351179 -0.165434242690471 0.378718488931905
-0.00463677870051366 0.00463624391926244 0.169037684009813 0.235283263775364
-0.000498824171877199 0.014821748851277 0.171839976673129 0.0179356012071793
-0.000260836314715181 0.0208894204908282 0.0250314871143998 -0.1173473007685
-0.00101576039484953 0.00520907562630643 -0.0139212710606609 0.0860395246214449
-0.0178686222245976 0.00677351856012259 -0.128249761752815 -0.0159544925822643
-0.0131517302802496 -0.00543380267670564 -0.167441460586114 -0.186429833350596
-0.00469466561978468 -0.0172389460079035 0.133481196526763 -0.309420896217205
0.00894844651022194 -0.0191830352166165 0.448480921169015 -0.0385926999107629
0.00822273636895127 0.0119146217636216 0.272182128155935 0.397478584651289
-0.0181012358348754 0.00266348151680982 -0.119297613804961 0.333498305137375
-0.0215650003500344 -0.00706922628292347 0.017415514871508 0.0434442074259521
-0.0119360025529435 -0.00698452893760843 0.179992064812705 -0.304945681124202
-0.00289556115700401 0.00261927496611564 -0.174099914063544 -0.524932917613972
0.00494366346534825 -0.00159935662019408 -0.513555567897436 -0.0866628499219754
-0.0128128350223258 0.00141523591798621 -0.199256742475598 0.349350852465749
-0.0156691176587013 0.00407694040745562 0.15030167212827 0.249462996604357
-0.0157914418733201 0.00610720199070694 0.161818816666041 0.0310166785667149
0.00103773408847181 0.0153743483561667 0.0182803311930662 -0.110195653425967
-0.00433666028993153 0.00695776343484486 -0.0129878051701243 0.0842017965281953
-0.0191068710072442 0.00590735447076593 -0.128669939092858 -0.0195986141998002
-0.015289381381096 -0.0107750781667502 -0.163447498887621 -0.187753279817421
-0.00640559543315911 -0.0203009055600976 0.143525927252256 -0.303199642193061
0.011357804563469 -0.0168140330947584 0.451745529425322 -0.0245122510544135
0.00939038516599332 0.0169437097497732 0.261661572783041 0.40822675495785
-0.018625670170415 0.00662618519810974 -0.127814263310441 0.333119855200294
-0.0219758330290271 -0.00480558795432006 0.0156887621222142 0.0433338231366601
-0.0120476802032098 -0.0033903668760514 0.174021833331952 -0.306068758840159
-0.00147580847189125 0.00780867349354003 -0.186315411802408 -0.517340405150363
0.00675683140175229 0.000576016703665555 -0.513614239993094 -0.0740384007434703
-0.0140783111223058 -0.00201280960745418 -0.190407380671345 0.356030354485522
-0.0166149948741031 -0.00171222022480693 0.154910167110041 0.248125410314594
-0.0168201262332408 0.00501697697890424 0.162103561741355 0.0282161941415806
-0.0031899545439199 0.0176686776900934 0.0204879715482172 -0.112549077070474
-0.00677264266765906 0.00914915945269004 -0.0114777196531383 0.0822951949571029
-0.0184939683166571 0.00573024799936904 -0.127066777859225 -0.0228555455782226
-0.0150823716543956 -0.0152980989645471 -0.158591937716457 -0.190701174340906
-0.00748796672023892 -0.0226486735541433 0.153600067063522 -0.296673381842075
0.0126341875335893 -0.0144611834106703 0.452927263001605 -0.00549718252959872
0.0101833616038715 0.0206501824101608 0.249497308564862 0.421192634904272
-0.0181579825669943 0.0086763958920638 -0.13672792083609 0.335022945528128
-0.0216254648691006 -0.00253837775479302 0.0141414107169961 0.0446387877330694
-0.0115127078475459 -0.000649044576478182 0.165482623420188 -0.306556790431911
-0.000521378137625698 0.0116185993419275 -0.202263280338086 -0.507953448180501
0.00771069372093351 0.00281977407833353 -0.514315301579158 -0.0524147022167476
-0.0166713241394711 -0.00341823760451656 -0.179157392401518 0.363487238805039
-0.0173477120482615 -0.00576067396866731 0.161101041914614 0.246310788145118
-0.0168383140910226 0.00519255736038056 0.163198889133577 0.0245402787368985
-0.00620067146236434 0.0196499389390075 0.021785787705637 -0.115036280919401
-0.00772348491284475 0.0100687732695978 -0.0101831998479824 0.0798604655390779
-0.0170400858055531 0.00580748062519892 -0.12432873032889 -0.0256835706432385
-0.01374113460017 -0.0175210094111508 -0.153382841386041 -0.193113025110012
-0.00850137246537025 -0.0237848665605881 0.161372893787059 -0.289196524293969
0.0124088679309449 -0.012500356809144 0.451900033440781 0.0115039288566985
0.0108353896434924 0.0224971340124864 0.236451958928256 0.434834073763658
-0.017917054520236 0.0102294155376629 -0.145151333780437 0.336466392558573
-0.0210039080239558 -0.00120048214992333 0.0122428555999435 0.0460308336841709
-0.0103916461701202 0.00151161900904779 0.158375695569667 -0.30604227189992
0.00105089150782703 0.0139767207802633 -0.214404370522937 -0.495788729742351
0.0067458465618152 0.00451226490881947 -0.51320608357092 -0.0338825707502826
-0.018758354327155 -0.00405853133389171 -0.167932969033235 0.371882802992163
-0.015679588777654 -0.00746405627182023 0.166413276950169 0.242975910002673
-0.0145763645033971 0.00639879152968938 0.164983536139885 0.0209970118441886
-0.00772913567961123 0.0220354348065198 0.023562303512451 -0.117429041643422
-0.00838970686335798 0.0111635282532263 -0.00894497784783738 0.0788322054459707
-0.0141619034267785 0.0069456252701755 -0.121835751329849 -0.0275209425512101
-0.0115636303468324 -0.0177884463539043 -0.147194974489326 -0.194841316120015
-0.00865965171821907 -0.0231179986770848 0.167727865094022 -0.282157956450563
0.012407027392732 -0.0111638255643086 0.451549361713968 0.0303532728642606
0.0114992150218222 0.022833990250938 0.224533058922654 0.447055149857155
-0.0162946477789641 0.010694915608774 -0.152443205444229 0.338523984218089
-0.0192707968963821 -0.00028772016641503 0.010617934321435 0.0473594478323944
-0.00876531073043185 0.00244292970407575 0.152078953784619 -0.30414965665505
0.00253679894343848 0.0140775234790608 -0.225862287977973 -0.482797434783254
0.00513721902606319 0.00553049964676669 -0.513081280740821 -0.0164013593151476
-0.02025955019835 -0.00291231587628218 -0.160219823687571 0.377774002539305
-0.0140319104849065 -0.00704881459060453 0.171518439542392 0.239559006831037
-0.0114074669366541 0.00870303849589752 0.166842573071523 0.0179741860563756
-0.00768053279718495 0.0233391555678647 0.0245320884599982 -0.119467907349256
-0.00771221662083044 0.0112809435565446 -0.00819871891334581 0.0779078393021138
-0.0107458928778381 0.00858296602570444 -0.118650192437571 -0.0284693231664801
-0.00873564650210413 -0.0158694283022327 -0.142896711949341 -0.19675902112015
-0.00961276757992441 -0.0211197133532109 0.171903902261877 -0.276494817902974
0.0103209623516079 -0.0113641105131136 0.449459524906645 0.0442462466289999
0.0116507821183119 0.0207046510552327 0.216227246426663 0.456690702494689
-0.0142214322727452 0.00978033829610079 -0.157515213667986 0.34018467211975
-0.0180575866602232 -0.000271552348718354 0.00966196179047004 0.0491375529057879
-0.00604286597905913 0.00124533371389079 0.148272291646077 -0.302215334090208
0.00299719981210096 0.012187914788894 -0.231304549864742 -0.474715677663348
0.00252182008089677 0.00529025400003633 -0.513526117194327 -0.00269307004173522
-0.0217145037535678 -0.000817057581907372 -0.156323278422931 0.38116237515395
-0.0107918068982162 -0.00495184507287583 0.173624947241633 0.23732349069589
-0.00787752399805075 0.0108194145190065 0.169435905122481 0.0154885245175142
-0.00598164194978543 0.0236885067390319 0.0245992784892676 -0.11984192385256
-0.00524253507075079 0.0113154301521983 -0.00828324351134917 0.0777182005190552
-0.00717376227496126 0.0104261113800189 -0.116089514927168 -0.0275272643996856
-0.00608198008072422 -0.0121565122364815 -0.1422677097126 -0.197374941202814
-0.00947131086240481 -0.0179271680858497 0.17061360666117 -0.274967907468943
0.0087386123992647 -0.0127784971961033 0.44757497164749 0.0478959976474557
0.0119265711208526 0.0168448912658198 0.215413409420407 0.461658487990611
-0.0120052282438244 0.00763096703842991 -0.157473806565061 0.343185950000934
-0.016086811837612 -0.00103472576042204 0.0100420811514395 0.050678279616024
-0.00462404123301833 -0.000331383124191473 0.146116293766109 -0.301289294114582
0.00277438448591392 0.00825543806451979 -0.234367361956559 -0.467504388779078
4.07280740977872E-05 0.0045816575100779 -0.512980038782471 0.00497121768827325
-0.0214892199116738 0.00293676150065402 -0.154738332014754 0.383908531154969
-0.0081285160607722 -0.000810050908703215 0.175949697052411 0.234693630788217
-0.00374120297028349 0.0129453548241416 0.171112979730534 0.0143602426947951
-0.00267767536047445 0.0228109029152794 0.024021042665428 -0.119519542087814
-0.00159554119314779 0.0102726947061786 -0.0088420970488833 0.078023919313621
-0.00432145945297676 0.0120593524122196 -0.113977946913501 -0.0258602234294936
-0.00327732604638491 -0.00677616626863289 -0.142155862512806 -0.197551669754766
-0.00945526540422206 -0.0142261813075207 0.167089376900979 -0.276320493317373
0.005850819088468 -0.014565829704108 0.445952696217755 0.0484582555994559
0.011773139257349 0.0115627363109136 0.218429854333124 0.462584564704669
-0.0100145409309097 0.00496078538875442 -0.155593486054588 0.345195285364407
-0.014527136852032 -0.00243580859075503 0.00978946388753488 0.051752040865512
-0.00299473463654997 -0.00287890718245699 0.147859833022908 -0.299441051680972
0.00184131245977412 0.00257637848117223 -0.231914319248294 -0.469554136590006
-0.00294132113672547 0.00305042202980812 -0.514997211928415 0.00260892895805088
-0.0206502757260932 0.00683841753859066 -0.160596332004483 0.382829194223274
-0.00483073870315345 0.00442637847037374 0.173529743482833 0.234089366003416
0.000286478190225409 0.0150030589345007 0.172612715853807 0.0149142957952032
0.00122520955303003 0.0210944589952631 0.0232536434268701 -0.11812898157224
-0.000823357221619936 0.0057737495206944 -0.0128351555166958 0.0859708746938457
-0.0174417223010379 0.007034350713342 -0.129409022292249 -0.0140121197136491
-0.0135870572138718 -0.0051069864274121 -0.170423764918153 -0.183287837008771
-0.00548446366893943 -0.0172102517487336 0.129189082811337 -0.310951636057234
0.00877814193863707 -0.0193545421564965 0.449851242156001 -0.0456328342353884
0.00884729314846594 0.0109983118462456 0.278114205696226 0.393200122415652
-0.018101153341507 0.00355771088493695 -0.114372018373986 0.335595198269499
-0.0214358121304194 -0.00686482264908103 0.0177416776570642 0.0429857243388883
-0.0118354914512585 -0.0072757744543939 0.175347756568799 -0.307412367617095
-0.00290682844075874 0.00173849453704911 -0.182052544458343 -0.5230168312331
0.0051675782351509 -0.00231700965558825 -0.515204669697564 -0.0803109042146154
-0.0127765770581032 0.00158459439864991 -0.19367628972567 0.353463672871773
-0.0154951679109923 0.00426310031046387 0.155002167842301 0.247013433077342
-0.0156590073082393 0.0068289926049887 0.163174243739613 0.0286582645250993
0.00218134225417102 0.0150839962434699 0.0169857268520664 -0.110839165999184
-0.00387214241098442 0.00714277557463386 -0.0120411957193746 0.0843784191739284
-0.0186129993451825 0.0064686973191278 -0.129305159687036 -0.0172159702711086
-0.015272417212703 -0.0105191233477898 -0.166535749287466 -0.185093502021905
-0.0067829701027255 -0.0207120468174136 0.139133059386011 -0.30659267575453
0.010856708126731 -0.0170438877491991 0.451234743742743 -0.0315392499912502
0.00990723665903138 0.0161046659539667 0.268591090779144 0.403941628807062
-0.0188783290065227 0.00663821831553701 -0.122391039109918 0.336034624189492
-0.0220141649329604 -0.00414604425526023 0.0158089252358686 0.0432419823821224
-0.0125207256668556 -0.00292779328313681 0.168475441522682 -0.307963367622768
-0.00222514848995553 0.0072529787591006 -0.1943002512826 -0.514346540867844
0.00711012203120805 0.000631981212974257 -0.515944143557164 -0.0653336107624776
-0.0140952673462755 -0.00158544256263631 -0.18477022555366 0.35968966130118
-0.0171631875228776 -0.00109670812982614 0.159738168617616 0.246445196278171
-0.0163009033343738 0.00554218848557868 0.162997118330365 0.0251946652597249
-0.00190425097640478 0.0176355165685719 0.0187635115407613 -0.113625356103239
-0.00664845517278849 0.00916284459488855 -0.0107496485893303 0.0823890362135787
-0.018169134377394 0.00611949476732467 -0.128009747460368 -0.0204091094452754
-0.0154112648049273 -0.0146788520364837 -0.161163556116704 -0.187322216390877
-0.00824800808320639 -0.0227615543789181 0.149380758802358 -0.299678758804466
0.0121487950126014 -0.0147817375968849 0.453742236935328 -0.0125505973062373
0.0112022578396148 0.0204884545751974 0.256302249643275 0.417624784893064
-0.0180197688268341 0.00934671574726041 -0.13173247494366 0.336595261399957
-0.021689243254214 -0.00231989274449325 0.0144029726917708 0.0437588959916557
-0.0122355539852879 -0.000130466967440565 0.161353912344918 -0.308898244481698
-0.000538862728704076 0.0114733336332248 -0.208870829499844 -0.504834551390988
0.00786059382871639 0.00292233172985707 -0.516407997207054 -0.0464079735931414
-0.0168764179177231 -0.00326873305547549 -0.174304163591264 0.367215689918944
-0.017059751718244 -0.00521160834266018 0.165620490755271 0.244337018394314
-0.016063918272185 0.00584183191853783 0.164471834634008 0.0220193645937184
-0.00519880568296697 0.0204080755457936 0.0203903864063819 -0.115672521358197
-0.00759714852136761 0.0103799316191885 -0.00925768984602279 0.0802614819014471
-0.0164712199288358 0.00621618247218314 -0.125779065279718 -0.0231256860680227
-0.0141194356695352 -0.0173940011302256 -0.155545698715532 -0.190086438256489
-0.00894869513554301 -0.0233435730755317 0.157204656791323 -0.292184966775992
0.0126371126994772 -0.0126293817242472 0.453292531209079 0.00510998556932298
0.0112237113905489 0.0223775715475624 0.242828728939615 0.430873139797339
-0.0171713314024811 0.0110048262590766 -0.140497565432023 0.338555083747285
-0.0212969002863459 -0.000301073318527066 0.0123655109746812 0.0454783684505752
-0.0110434598520997 0.0021676690765745 0.15352588584626 -0.307499730604482
0.00116534691092741 0.0139809678255535 -0.223166450703051 -0.492310516647339
0.00725567045500906 0.0046895075316752 -0.515594342511265 -0.0272534169610064
-0.0189091571722158 -0.00394365636811846 -0.16287220739735 0.374748629500799
-0.0163388962231554 -0.00707414894155239 0.170062531698088 0.240804919268243
-0.0144359697850609 0.00714080240024433 0.165995023920745 0.0184346017385017
-0.00696357359531489 0.0222212799391517 0.0222182638565184 -0.11798596127504
-0.00849444307584056 0.0114746471304511 -0.00847288169300766 0.0789537310488938
-0.0136287835737521 0.00744388926908838 -0.12277704427226 -0.0249075011265874
-0.0114019553222707 -0.0175083540314712 -0.149974128582816 -0.191836228853775
-0.00986027153356565 -0.023044024560575 0.164947922263787 -0.285410244382943
0.0116024151554521 -0.0114392287632756 0.452990233738495 0.0232219116696824
0.0118903845192543 0.022163390694755 0.231869732858167 0.444813821542419
-0.0159054213654412 0.0109741339477518 -0.147733371785192 0.340291202123713
-0.0194550414952313 0.000207229449939532 0.011345680444363 0.0473312593924006
-0.00870583781795324 0.00216079266616986 0.147226702645984 -0.306919068850619
0.00234822601148802 0.0140558878371141 -0.23305234122044 -0.480137201097143
0.00545686232485939 0.00498663047756046 -0.515512813683236 -0.00811864817502407
-0.0203956054601742 -0.0025143422736316 -0.154807962989476 0.381299326380832
-0.0143795145347301 -0.00693617263082636 0.175980385898053 0.237501329491178
-0.010852066610499 0.00895642934142183 0.167709317340496 0.0156375364349577
-0.00711230102268998 0.0233915269184175 0.0227643141762287 -0.119370295635351
-0.00680150244373562 0.0118511133570297 -0.00809133090324473 0.0775708963310279
-0.0102469390766911 0.00900688678214906 -0.119707042212788 -0.0256006663104985
-0.00918684727881959 -0.015698043584762 -0.146877788834154 -0.193492435737408
-0.0100076991905035 -0.0209443491542641 0.168219554982413 -0.279742929277674
0.0107629685948065 -0.0114707731424086 0.450223570371421 0.0381387268833814
0.0122822704241299 0.0201750915256519 0.223284957048917 0.455027153930444
-0.013890289403313 0.00964595955001941 -0.153334240233298 0.342844074602495
-0.0179646721120837 0.000251236373114096 0.0104371686544149 0.0489100772756
-0.00668530783172764 0.00212166848734287 0.143961292222982 -0.304204756079039
0.00282958182561823 0.0118341794894809 -0.239141612046327 -0.471161756946335
0.00311100447106477 0.00517559967785967 -0.514568048030573 0.0056880722872884
-0.0216001467733711 -0.000219070389093679 -0.149787306617393 0.385101305213622
-0.0111256773848423 -0.00527262827411012 0.17834769556146 0.235065450765725
-0.00770656769233352 0.0113265503124599 0.170468821212337 0.0127668169761474
-0.00540370705439595 0.0238419133854901 0.0235907942236567 -0.120429482553913
-0.00464735189652946 0.0114859221979989 -0.0074049965573748 0.077526029310675
-0.00693074591793238 0.0107877983341074 -0.117081184398713 -0.025470459927408
-0.0063643928399146 -0.0120943072680948 -0.144908137190135 -0.194415582900526
-0.00996560001555034 -0.0177422117415036 0.167230823816649 -0.277383479463189
0.008367466981287 -0.0126791144932544 0.448737598616988 0.0405187226581347
0.0122793261351527 0.0163970921299815 0.223435173181318 0.459419757923449
-0.0120019620616422 0.0076942480135988 -0.153477389074883 0.345877164314037
-0.0162231200607817 -0.000576563808253409 0.0101904449683305 0.0506115930171538
-0.00503755610696195 0.000214559840887301 0.14168394186476 -0.302303149151445
0.00322301411011181 0.00824168352074009 -0.242227846271544 -0.466295838526389
2.63154663038469E-05 0.00425042434723394 -0.514786111853587 0.0124933908389036
-0.0213800840691054 0.00357633900709276 -0.148774096090671 0.387200822293145
-0.00807959657451862 -0.000668962216898708 0.180266373699004 0.232429306860693
-0.00316480683116395 0.0137534914217716 0.172413395198093 0.0115601838563182
-0.00221932160331278 0.0227002968179127 0.0224028652387276 -0.120182801356898
-0.00135978421600522 0.0102174046567138 -0.00819608899610041 0.0781589640410329
-0.00401844068550791 0.0125339600031144 -0.114848045563998 -0.0239743137325902
-0.00352948056197345 -0.00666863342744698 -0.144401795867345 -0.194941259820821
-0.00974891530282449 -0.0145062648288278 0.163727364750838 -0.279144255272843
0.00569847487648918 -0.0146723212099464 0.447836517721178 0.0411384090309185
0.0116752459059221 0.0108486237467686 0.226411797729098 0.460241387490057
-0.0101809387830477 0.00552323329213807 -0.150245608653467 0.348046096438116
-0.0145101867276347 -0.00190139231989703 0.010433639109939 0.0515331599929862
-0.00311574054093653 -0.00277069799321102 0.143807880338099 -0.30057064264926
0.00189454174400372 0.00291013267746791 -0.23749213664283 -0.465824430734903
-0.00231111858017064 0.00295640443638565 -0.516202552945451 0.00982405695850051
-0.0203648828165106 0.00719829606400764 -0.154894455334549 0.386419334044714
-0.00485497427014752 0.00452856710422724 0.177696438336936 0.231469142466696
0.000487635246651345 0.0154385759830333 0.174333293301818 0.0122160120797108
0.00187321654691146 0.0211283081133937 0.0224241266335973 -0.118921587014026
-0.000717316900923029 0.00516047665710863 -0.012538330515584 0.086150141010005
-0.0169953661533421 0.00742546505973882 -0.130217749279177 -0.0116402165556518
-0.0135603673740502 -0.00493856425912196 -0.172775059520476 -0.179619457964503
-0.00567371671876399 -0.0169145716608914 0.12560471846101 -0.3134520450028
0.00844653408371208 -0.0196731797570108 0.44917819342012 -0.0530652872870849
0.00883891840335882 0.0107602623193606 0.282381510993269 0.389536373087866
-0.0183465039652605 0.00341519074808834 -0.110248794635411 0.337097027330578
-0.02151407436215 -0.00592162297641173 0.017812984054358 0.0431158861020721
-0.012393104864505 -0.00656259557781527 0.170501685629979 -0.308908323634852
-0.00369170898559812 0.00183350503195607 -0.189399989741914 -0.52059292748724
0.00562278727801357 -0.00210365104067982 -0.516135211174166 -0.0729486674030982
-0.0127738994813048 0.00184264151436138 -0.188988066272525 0.356250548005743
-0.0160073246532522 0.00436157979367943 0.158519176720628 0.24516868639533
-0.0152991327780561 0.00715641612820055 0.164017834699929 0.0256197435695428
0.00274547182091071 0.0156181039397973 0.0155934346052317 -0.111061489281641
-0.00371844654500071 0.00772919737171809 -0.0114276232407472 0.0842506673022224
-0.0182022061591447 0.00669460297601672 -0.129647261456805 -0.0148693011307531
-0.0149293229509358 -0.010251336869271 -0.16891802677526 -0.181363906799823
-0.00715149759642101 -0.0200055464499347 0.134709198835794 -0.308578168264384
0.0105012618862921 -0.017510166617941 0.449851537610201 -0.0377004834694431
0.00989853143578976 0.0157627223440304 0.273079335841773 0.400835254239994
-0.0185402123036936 0.00722153358371668 -0.117574631238839 0.337190137028574
-0.0217694765846508 -0.00341576511353893 0.0167997041816228 0.0430295276184111
-0.0131202855243612 -0.00324961057255062 0.163398697079298 -0.31069318685789
-0.00233551154313434 0.00755358898681501 -0.202469804489374 -0.511454924740426
0.00738050550943285 0.000543946962423894 -0.517109703960888 -0.0577768493625024
-0.0142375061109057 -0.00134542133435461 -0.1783826459023 0.362819580972317
-0.0175532635261028 -0.000770537414748975 0.163395139541364 0.243310746997561
-0.0159658800794963 0.00612817697045298 0.164057586860296 0.0221645658745889
-0.00152126517982361 0.0182739266176649 0.0178410828375168 -0.113237223139582
-0.0062946686898434 0.00941352715566661 -0.00979631286738963 0.081940549084189
-0.0182783444067883 0.00623455302501614 -0.128622846317133 -0.0180351757092831
-0.0154975326235279 -0.0142927004297436 -0.163905425088735 -0.18416960721653
-0.00835957002088573 -0.0224528684619424 0.14493479034276 -0.301156779209109
0.0118370142422142 -0.0150255031153369 0.452273829728457 -0.0197422615511129
0.0112811630099169 0.0198039631764592 0.261815440858379 0.413268556687065
-0.0183934136015018 0.00939953836300047 -0.127454056926125 0.33822857136795
-0.0213474487211661 -0.00117902390541359 0.0151754991399346 0.0439559476209484
-0.0125089649314837 0.000312594743034611 0.155944687467201 -0.310308321738358
-0.000501041834869579 0.0115190956414119 -0.216460841446028 -0.50160241678353
0.00775775639534019 0.00223325554351646 -0.516552773070197 -0.0374545930887942
-0.0168092899055164 -0.00316753898317887 -0.167884321200003 0.370064472250647
-0.0174232713271942 -0.00519089100185052 0.169755578170631 0.240800153209136
-0.01573078588737 0.0064619709254035 0.165325640877045 0.0190702711492319
-0.00396513027475316 0.020088158786602 0.0191343182352513 -0.115700881481515
-0.00767540441398158 0.0110645239115041 -0.00890850795199651 0.0803028292339546
-0.0164975967329813 0.00657071445639277 -0.126581996931111 -0.0210873417420134
-0.0146109667147199 -0.0168181461281644 -0.15785354646614 -0.186785191633376
-0.00925639140044057 -0.0231475020699941 0.153364005683739 -0.293884497103616
0.0125987605852113 -0.0129672420745811 0.453523891116578 -0.00103575988861444
0.0122546656535701 0.021609929746877 0.249840262233926 0.427791328297609
-0.0178789349171138 0.0109108158603469 -0.135703234033106 0.340187962375972
-0.0209737721839113 0.000210298022261132 0.0130167173653685 0.0454731152649668
-0.0110753247739238 0.00226473175293119 0.148540258533016 -0.309257822575464
0.000985627752960544 0.0139228233002907 -0.229439376982345 -0.488234015118706
0.00747468942878308 0.00434281538579593 -0.514961480548207 -0.0171453712927513
-0.0192391276597966 -0.00360864398926542 -0.157502419818762 0.377883786506072
-0.0167561699338912 -0.00697200960765177 0.174370239884349 0.237861058900317
-0.013754730628251 0.00778132191826638 0.166430880434274 0.0150000217052406
-0.00588457349622842 0.0225828952048312 0.020091473398615 -0.117884352070561
-0.00808212052132615 0.0113385164744473 -0.00809467459810428 0.0785985244459486
-0.0132958753166134 0.00748212862592282 -0.123862875342417 -0.0228445515925455
-0.0117120558960917 -0.0174538772181898 -0.152128181580856 -0.188792898536489
-0.00977986202557579 -0.0225377034533216 0.161488837945606 -0.287255764848349
0.012044552384006 -0.0116929206851049 0.452319066412219 0.0175392289885383
0.0126084629442011 0.0216165492817941 0.237266323682597 0.441139680315753
-0.0157974458412871 0.0110986017270278 -0.14371965355592 0.342506460480502
-0.0195877247349205 0.000761696296048718 0.0118772801362133 0.047109722097609
-0.00885681056911165 0.00280130093728059 0.142199270219313 -0.30805957302869
0.00286796768343858 0.0139238731867327 -0.240169693923811 -0.477323393418878
0.00576376723659533 0.00495671868915715 -0.514169292632768 -0.000382714876130915
-0.0206892224880414 -0.00218008088561947 -0.149261059700376 0.383559755884318
-0.0145764287895963 -0.00694483238486462 0.180117015869413 0.234865701635755
-0.0103763911652745 0.00951799502268147 0.168703870778316 0.0123612240351119
-0.00590718648870198 0.023578341237442 0.0216944360580545 -0.119653925035308
-0.00678069475841425 0.0118669236995416 -0.00723066688829506 0.077747349849136
-0.0101051413440674 0.00933102567617195 -0.120297457283878 -0.0235851238360741
-0.00938939509968371 -0.0156646338194634 -0.148386004038954 -0.190495491526671
-0.0101761490353508 -0.0204997370808318 0.164392521233101 -0.281602232335155
0.0102622437120641 -0.0115068094685775 0.45012897627686 0.0308582351253779
0.0125214456433656 0.0199438309972598 0.230507960281547 0.451950629946851
-0.0138773797938333 0.00974108678888559 -0.148167501596769 0.344932151729072
-0.0176092398843422 0.000892731488584887 0.0111380215330697 0.0487917028112149
-0.00697982816420001 0.00245864038067224 0.139136858289346 -0.305525657853592
0.00288809379640596 0.0119914009892559 -0.245567901383025 -0.4666270458095
0.00306317559921471 0.00529972115156081 -0.514835412670892 0.012447890842746
-0.0212473398348581 0.000525340879094527 -0.143918665926086 0.387438910911507
-0.011624951561659 -0.00451610292954804 0.182100280014875 0.232260967621796
-0.00687033578318589 0.0122299747036981 0.170905779508132 0.00947964470563923
-0.00429128321664464 0.0232652797127733 0.021625847231474 -0.120354976018247
-0.0042565464736824 0.0118071833578369 -0.00711854865439152 0.0780723848629204
-0.00643013828593299 0.0112077646437571 -0.117774045110094 -0.0229120964611577
-0.00629923002664376 -0.011743685265326 -0.147487770216969 -0.191409342766197
-0.0102354528277935 -0.0177666408580689 0.164103756707967 -0.28047803212788
0.00793809758455254 -0.0131419980254683 0.448564932194637 0.0350525303064818
0.0127311061807643 0.0157669862639195 0.229197364507103 0.456562093694875
-0.0115761289809989 0.00819136054859746 -0.148630123395391 0.347561328089248
-0.0161451049736114 0.000406179644687117 0.0104870471337064 0.0503097435065458
-0.00516773158053615 5.82103671005578E-05 0.136119561094904 -0.304251148057127
0.0027091481022538 0.00789251765134786 -0.24895882802312 -0.461064786766778
7.30947616722679E-05 0.00432345036655203 -0.514466286645653 0.0199880221839082
-0.0212624027398501 0.00350444270351531 -0.142547880799869 0.390010858164993
-0.00811498937048532 -0.000504256417886895 0.184122559979102 0.229631309754457
-0.0030571920188619 0.014332335025431 0.172748717153586 0.0085230838509801
-0.000836985286207973 0.022965918713453 0.0210845074398313 -0.120684205928582
-0.00121134848956926 0.0104973133570231 -0.00720296786830771 0.0780998005865437
-0.00372740171844975 0.0126049566841789 -0.115593226377618 -0.021487767102477
-0.00327441340005994 -0.00672811545220914 -0.147384760154935 -0.191755314506376
-0.0101692928367182 -0.0136624079278925 0.159606382852953 -0.281716238224757
0.00571815704797583 -0.0147201013251589 0.448143364524688 0.034852850942052
0.0122563805892721 0.0106248988927068 0.232318895335402 0.45583883146935
-0.0101787273296246 0.00565027902958703 -0.144942201129604 0.350050746131048
-0.0141975782206898 -0.00194980851774744 0.0112244562201836 0.0518142186675967
-0.00405110416955951 -0.00277627951792745 0.139256462626566 -0.302043872843453
0.00146026002227589 0.00270326236870777 -0.244335814359157 -0.461105119610475
-0.00263993482565743 0.00273942355936112 -0.515091518214149 0.0178500225492789
-0.0203270847646808 0.00702813933589173 -0.148026927371587 0.388456964759557
-0.0049952218415995 0.00423358695511736 0.182165898562764 0.229640233379362
0.00107677897903842 0.0160519753891317 0.174874651667342 0.00940348261406578
0.00260024650765706 0.0210006666272497 0.0204814776430494 -0.119194062632506
-0.000259241548771156 0.00567837843401125 -0.0115603471148518 0.0858628695914964
-0.0170909226649028 0.00779140325577795 -0.13040475461356 -0.00919441663662122
-0.0136213469300704 -0.00501532579409694 -0.174960393584923 -0.176134036351431
-0.00576176603410354 -0.0168026518101949 0.120928688884297 -0.314955419298121
0.00796369838891381 -0.0196392969229485 0.44689580466584 -0.0590681883984546
0.00867928914231529 0.0104672033688661 0.289194477587358 0.385322154684098
-0.0177586526775953 0.00396042919220432 -0.105315414542756 0.337091713680659
-0.0212785584345502 -0.00569989334547392 0.0180152732883726 0.0424855065464449
-0.0130886094640523 -0.00616139409514429 0.165677592721075 -0.309893129610652
-0.00409653074293513 0.00206266263323942 -0.196231182543217 -0.516505569398732
0.00595048894306273 -0.00269175045250548 -0.517098462791031 -0.0648544382374589
-0.0125679531456556 0.00172522769754063 -0.183140501564294 0.359405567930967
-0.0159764498365373 0.00469716164876095 0.162323771586592 0.242335456603177
-0.0145501637560318 0.00756534399835996 0.164147601889851 0.0223049482931988
0.0039711359562651 0.0154893095961558 0.0146112797163711 -0.110571999909971
-0.00346651728078253 0.00736824866974622 -0.0103339771976514 0.0844792235802065
-0.0181580205322989 0.00742570080842415 -0.130634086380692 -0.0126075015280993
-0.0150976384395632 -0.0100652686422364 -0.171067076214219 -0.177640395044643
-0.00743502352373173 -0.0196309136835578 0.131333853714143 -0.308976895222403
0.0103388818546382 -0.0171670010690533 0.449504729644146 -0.0460456536703668
0.0103885861427252 0.0155338001454708 0.278029288415591 0.395487049279263
-0.0183096500793336 0.00723112484706841 -0.112838298151879 0.338106669352936
-0.0217289406033682 -0.00282997025599957 0.0168562923597264 0.0427315550733153
-0.0129122942900647 -0.00222134128350228 0.159121069690084 -0.311502532603532
-0.00229005972702165 0.00738067394861638 -0.20913993067319 -0.507237013319305
0.00759894204672446 -4.61160669570845E-05 -0.517573717690689 -0.049666121334081
-0.0145429605667169 -0.000546704706653288 -0.173354280280352 0.365407270639648
-0.0170213445623137 -0.0011145577177126 0.166882477776529 0.240734557750164
-0.015566628550446 0.00668353352736817 0.164502423697518 0.0191812626390858
-0.000603179426077067 0.0179844895311166 0.0158805122994816 -0.113333485339066
-0.00573910242412078 0.00935129321248648 -0.00885366557563629 0.0821747676155043
-0.017507851608754 0.00682877912746979 -0.128893284631805 -0.0159161137317695
-0.0158112779367923 -0.0143920805966206 -0.165848316489244 -0.180045255517671
-0.008864480465523 -0.0220323569266187 0.14168915073991 -0.302278877245177
0.0116837636475038 -0.0149564854787662 0.451483396733882 -0.0266504080176148
0.0115477251467838 0.0193283247410461 0.266019406878241 0.408244829763502
-0.018011364676034 0.00972149570952184 -0.122311047093117 0.339513296036637
-0.0211913037942009 -0.00115103546641454 0.0150152093425575 0.0432924317206486
-0.0125715035102098 0.000489188671718892 0.151639201579339 -0.31118352093601
-0.000329860246987857 0.0115319566821617 -0.222369092279187 -0.496304867362867
0.00825910610419782 0.00220162778961809 -0.515249552010089 -0.0318830932351767
-0.0164850274736426 -0.00306169227635259 -0.16173644542541 0.372706442246779
-0.0179798622529104 -0.00489519031049626 0.172264017674832 0.23807427403079
-0.0147326089410719 0.00692008063154905 0.165265815066268 0.0163026614656596
-0.00319430549043033 0.0207955712455418 0.0171012997057403 -0.116318790606119
-0.00720080921084856 0.0108070500944813 -0.00770759198025034 0.0800277544609806
-0.0160762611264994 0.00694345412015012 -0.127152116532696 -0.0188595249511925
-0.0146855106759396 -0.0171263680266919 -0.160611948647985 -0.182779287281398
-0.00986053201139239 -0.0231438428656784 0.149643928031436 -0.295586161673496
0.0119162110544376 -0.012853504483553 0.452861887350081 -0.00789050947400581
0.0122654690587546 0.0210339977674949 0.254868265090017 0.423615532084203
-0.0171994756577654 0.0112374570314466 -0.130387659190294 0.341126407104041
-0.0205720134172551 0.000938025498578439 0.0132048910571421 0.0453693023896341
-0.011134509210943 0.00266500022932199 0.14331432058614 -0.310336805031659
0.00131423585906063 0.0141186167260363 -0.235850232231849 -0.482872528272263
0.00762583227431861 0.00419223582237187 -0.51517534978526 -0.0100939806835996
-0.0190032520576937 -0.00312173156384541 -0.150919985635566 0.379584892727543
-0.0166870381548453 -0.00688451998418006 0.177892194331886 0.235118901129848
-0.0132705692609025 0.00826405788599999 0.16710890626518 0.0126978345253639
-0.00550702546624042 0.022740409960734 0.0191642130815652 -0.118105720032869
-0.0074658636186373 0.0116951177769349 -0.00699496653178334 0.0785918734501591
-0.0135142474620818 0.00814766362728738 -0.124006988556449 -0.0208228488324597
-0.012176741209488 -0.0173539461638797 -0.154796550251622 -0.185425510954075
-0.0104626463231964 -0.0223270061695009 0.157000486641386 -0.289623400127343
0.0115426655596302 -0.0118612666586537 0.451837069203076 0.0111834092285184
0.0130372376244394 0.0212696448884253 0.243129102400922 0.438374726277388
-0.015965952179447 0.0113761783346703 -0.137733647273613 0.343921887332894
-0.0190635907308592 0.00120411691275432 0.0122776503081468 0.0465413148758381
-0.00940638972301064 0.00327056215184062 0.137016357525796 -0.308585436372425
0.00250393435399185 0.0142603491081646 -0.24578004777079 -0.472332823876279
0.0060800236559914 0.00480718761943307 -0.513374945465317 0.00700059624046715
-0.0208098014277018 -0.00183625067238255 -0.1430807918396 0.386073636715266
-0.0147832672667476 -0.0064877156748129 0.182773982239571 0.231564670770552
-0.010154678066133 0.0102056074011833 0.168949611363405 0.00996707420826967
-0.00448398371993662 0.023715698854301 0.0198363585530823 -0.119682628771874
-0.00632383736519298 0.0121034364650616 -0.00633882479364894 0.0774419688384762
-0.00992657463157567 0.00947118089465063 -0.120937591274607 -0.0216808724601031
-0.00964896087778468 -0.015617367284054 -0.150781270953814 -0.187609240062979
-0.0105542590448194 -0.0202794939479621 0.160975114333224 -0.283994919244544
0.0100359812166071 -0.0116498952797592 0.449427279368212 0.0241216133508842
0.0130702310192055 0.0194129598811964 0.237185710977416 0.447911088885481
-0.0139193070484945 0.00996226483437444 -0.142873798270074 0.345141319496209
-0.0177489315489859 0.0012053728562698 0.0111545499633322 0.0482929053942793
-0.00746867829596196 0.00254232733694178 0.134092033573402 -0.305974169842799
0.00319968678027398 0.0115960702343542 -0.253556175980134 -0.462277565391188
0.0031348595208923 0.0051591102381933 -0.513477048269987 0.0204592148942796
-0.0211655597214674 0.000747865713886015 -0.138272890125018 0.389131347283669
-0.0119686057229746 -0.00509162130967741 0.185252691447845 0.228852531020355
-0.00616965188420155 0.0123840567439789 0.171171899162607 0.00693477728790471
-0.00346515762623352 0.0237314188762758 0.0200301419447197 -0.120693375028574
-0.00408393014625602 0.0114762433297437 -0.00661115937560575 0.0772762701347675
-0.00623173917433853 0.0110240498901194 -0.118328764476458 -0.0212095445520846
-0.00672027268217817 -0.0119100025908632 -0.149115991157607 -0.187858675412896
-0.0108643573196597 -0.0171487897894533 0.160534859274292 -0.283054850742373
0.0075487354097599 -0.0129939557225372 0.449792074271796 0.0283192339908643
0.0128606227809311 0.0150475784707824 0.235725393583095 0.450769773417119
-0.0120150578553996 0.00832996974697982 -0.143085654655549 0.348871195588998
-0.0157239563476796 0.000695544490753185 0.0110967876497359 0.0502938005314949
-0.00576966832276734 0.000481248910731869 0.132181547769045 -0.304726072460851
0.00248187667798699 0.00718521924185231 -0.25616422755082 -0.456771090325506
0.00065766806466554 0.0042922515070461 -0.514109169391113 0.0263348191657938
-0.0214830989708593 0.00369248561555461 -0.136885417248042 0.391015194059145
-0.00840173542328305 -0.00067974638995617 0.187327150769177 0.226104794012127
-0.00212634572381413 0.0144619010181337 0.173180970406215 0.00590831554922589
-9.04956446502085E-05 0.0220587065091172 0.019054823057317 -0.120731157088831
-0.000902329189530951 0.0105221018798116 -0.00648803512050675 0.0777178223694284
-0.00303783687401505 0.0125902506729187 -0.115771253174235 -0.0197104300373896
-0.00367376558460909 -0.0065667298464543 -0.148845915208148 -0.188169768365926
-0.0102863331705411 -0.0133954584686755 0.15668007814219 -0.284199611616383
0.00544666250097918 -0.0147875737859117 0.447979779021838 0.0272480806563463
0.0125680799344498 0.0100309819915246 0.23873829699814 0.452507829164574
-0.00989588644893331 0.0055723077318053 -0.140838211090816 0.350129747557438
-0.0147177836842177 -0.000888817220949626 0.0113573774555372 0.051756242518769
-0.00397284500353018 -0.0024761550167496 0.134635805619829 -0.302926911705816
0.00153131040979624 0.00239293907087099 -0.251176265086347 -0.45628079997931
-0.0023111350861484 0.00240070796474593 -0.514878836998566 0.0244460197842798
-0.019966710934108 0.00732691044854095 -0.141453723230903 0.390415561142935
-0.00509509455757767 0.00465692840552653 0.185057279769512 0.225770419612055
0.00150457952829339 0.016114345372048 0.174764690506872 0.00670980093332323
0.00370731742843764 0.0203736818385815 0.0186338948072085 -0.119407527387281
0.000139370684685762 0.00587436548904354 -0.0106729460234737 0.0853083385302991
-0.0163518875584056 0.00814823260201934 -0.130906888199086 -0.00689567283003884
-0.0138142594364267 -0.00511262092106009 -0.17624750895153 -0.17161354606835
-0.00613406983713191 -0.0165783986169166 0.117014423534475 -0.315479764264368
0.0079128116718811 -0.0198827813828783 0.444644784709594 -0.0652065891186793
0.0092612119331572 0.00978200379553693 0.292703349940123 0.379202004395281
-0.0178175198105179 0.00426917654907153 -0.0998715276357185 0.337877695883824
-0.0208985374166565 -0.00450984469181643 0.0188729798753389 0.0419269616529849
-0.0133662302050208 -0.00556477444231299 0.160556799153312 -0.310039332654019
-0.0039525710690276 0.00195624121936855 -0.2025487804251 -0.509387471141244
0.00581705436607636 -0.00279538314803113 -0.516455467869143 -0.0567114615698118
-0.0123664860221366 0.00252571378511773 -0.177794867926523 0.360967285638364
-0.0161750019383922 0.00473715408993953 0.165283617437436 0.23931835361875
-0.0142896479574684 0.00813914437456475 0.164304233952141 0.0198413040096903
0.00416100836999282 0.0148560448298726 0.0135127943602173 -0.110971145020764
-0.00337638832403887 0.00761013863559445 -0.0098137089097549 0.0840833143018357
-0.0178743225019835 0.00736204017912402 -0.130873537666529 -0.00981603860085333
-0.0151862900361335 -0.0100384560383206 -0.172168525058295 -0.174093773333639
-0.00775975280984324 -0.0192550584372111 0.126733493117685 -0.310086768382484
0.00966152137169122 -0.0176110602773684 0.448141584594729 -0.0501621543984739
0.0104252617603897 0.0145270697238339 0.282916937285232 0.390334435086849
-0.0182357348565978 0.00754102308830826 -0.108311994346178 0.337907062460522
-0.0216751076453282 -0.00221818826825793 0.0174608205870542 0.0418192914212352
-0.0134949327345547 -0.00204544537920944 0.154132794304137 -0.31122833079127
-0.00232984571296732 0.00711931277326743 -0.215235112656932 -0.503708184495442
0.00797628442381371 0.000273498719987761 -0.516438462204017 -0.0431906289136498
-0.0146093103403039 -0.000636779864304979 -0.167308442839219 0.366857982985471
-0.0175572274991165 6.65183295670974E-05 0.169480466510714 0.237026460066341
-0.0152404204913142 0.00741446960211401 0.164359837815878 0.0171995852285709
0.000413940454508556 0.0181067669143389 0.0146764293788385 -0.113151163941494
-0.00575418741294651 0.00941487294816804 -0.00858246807102581 0.0816941650068593
-0.0173793513556837 0.00752699196972546 -0.129200590294744 -0.0130078595674598
-0.0156323153588106 -0.0141497702827853 -0.167364190906146 -0.176658705196645
-0.00912706777231625 -0.0216526489193858 0.136945753357386 -0.30405122723584
0.0112839203906849 -0.0151150948405436 0.450861372534908 -0.032503540463469
0.0120915501556271 0.0184009648595222 0.271758137382742 0.405128168992964
-0.0179651385875211 0.0097061065559009 -0.117518840281127 0.339074392699699
-0.0211766641087464 -0.000123136751176596 0.0156314770847917 0.0430787798239762
-0.0125362612621222 0.000738808283044279 0.147193601429468 -0.311633999274104
-0.00043732147170971 0.011394116853351 -0.228377074258786 -0.492860748228494
0.00831248233928572 0.00198980490205153 -0.514576282887263 -0.0240594423184395
-0.016634869748982 -0.0022848923839184 -0.156378407287741 0.374090995503343
-0.0178045305507743 -0.00416538423629048 0.175467217893511 0.235174796131133
-0.0149743077254551 0.00775089247512255 0.165381809470764 0.0136902036675774
-0.00236954066359287 0.0210177854576387 0.0162102333328179 -0.1163605916621
-0.00684696779387578 0.0112074159360259 -0.00718379948451558 0.0799720705160217
-0.0160161004685853 0.0076331502926551 -0.127181415124654 -0.0163557348090074
-0.0148100360071789 -0.016521362064913 -0.161833770817484 -0.178907640753307
-0.0102315744250566 -0.0227604861199814 0.14617929115325 -0.296895356569489
0.0119175976817386 -0.0129775745715999 0.450809979751524 -0.013760998675054
0.0126941933794054 0.0209888874144278 0.259351721481394 0.418609252726287
-0.0171454037304174 0.011538263720961 -0.125753094220716 0.341521279179783
-0.0203044367514862 0.00186979614447834 0.0138249770420678 0.044066734059735
-0.0114598460329968 0.00293645736216641 0.13929934268754 -0.309770944841916
0.00135772707317459 0.0134442046040333 -0.242002518420946 -0.478691430711528
0.00786491358424507 0.00366742692711696 -0.513336490580573 -0.0042054741703178
-0.0188074357319872 -0.00254393463532074 -0.145137527374279 0.380843608269913
-0.0174178527954105 -0.00672175080160265 0.181096766752101 0.231780712903492
-0.0127356108053194 0.00853801492412756 0.166837056096945 0.0100181463330686
-0.0045333074109169 0.0222576736313837 0.0177726758615026 -0.117957184953361
-0.00720167682845835 0.0118376369311272 -0.00663587255004762 0.0781832581267542
-0.0125753152343928 0.00833373991286725 -0.124313918900986 -0.0186086580573795
-0.0123146247756452 -0.0171674590991075 -0.15614353618746 -0.181986283776571
-0.0107779032217557 -0.0221281424397996 0.153577315575254 -0.29069755542376
0.0112974507670663 -0.0118364394039393 0.450851038356124 0.00441236679368389
0.0130340306726264 0.0205037994825476 0.248607077333691 0.432887706990369
-0.0156132143326689 0.0117335822495844 -0.13292137239981 0.343524605863299
-0.0185698940230857 0.00186901699961003 0.0123959194934631 0.0458635163631326
-0.00948348422999133 0.00356641989737456 0.13299475696053 -0.308398720533383
0.00246714339227128 0.013691331423119 -0.251287884222054 -0.46620463344714
0.00608392029573083 0.00434838615955629 -0.512562161880676 0.0139418482860146
-0.0207036847434368 -0.00130406671399843 -0.136144602529878 0.386323514377909
-0.0156191414141863 -0.00647236311717335 0.185954341930046 0.228471953273695
-0.00943582421467045 0.0107579917349459 0.169251706690236 0.00707668606068906
-0.00406478377681098 0.0236186760846332 0.0183261754130316 -0.119572248935492
-0.00578233094823225 0.0121738720735159 -0.00611208122259568 0.0768953893644937
-0.00930686763194019 0.00931220098777275 -0.121249629686934 -0.0195817087385925
-0.00944204538647705 -0.0153389442882698 -0.152246574300109 -0.18429382460439
-0.0112573651037098 -0.0199609024813053 0.156466668131216 -0.284975962100675
0.0100255898262375 -0.0118767959311091 0.449453584711429 0.0176497650603433
0.0133235034244891 0.0182915518564785 0.242412570450279 0.443004327707146
-0.0135408298857005 0.0104745725040404 -0.138017063962318 0.345761195066613
-0.0169140726767168 0.00191824021184306 0.0115186137095328 0.048270018578702
-0.00744323270663093 0.00278101965361834 0.130000590222226 -0.305702664804244
0.00271719871240467 0.0110232440113228 -0.257418135969101 -0.45780971859421
0.00327045128028492 0.00493570546049583 -0.511079356888799 0.0272566429519105
-0.021386401718866 0.00128852633927102 -0.132853130157288 0.390105274192838
-0.0121514623910119 -0.00450515996327228 0.188176768073969 0.225884313143804
-0.00559337057071591 0.0125541619700589 0.170719570197868 0.00428116823133434
-0.00245944482844127 0.0235228174751124 0.0186373614714279 -0.120704334095906
-0.00386689696928734 0.0114768643968011 -0.00600700901918168 0.0772263627005096
-0.00586638286929374 0.0113595700810947 -0.118688318830294 -0.0190459606241313
-0.00645157732488611 -0.0114483899134841 -0.150771203530419 -0.18488686551855
-0.0108740286680278 -0.0167946326344455 0.156638230205633 -0.284176355661828
0.00769944850054928 -0.0129779978960779 0.44862540669459 0.022821978447273
0.0129819072315245 0.0145335265858526 0.240580816868577 0.447231841386499
-0.0117551330244182 0.00810992738482926 -0.13813176135609 0.348977731181078
-0.0154855729382021 0.000609001267581857 0.0113417299795027 0.0496582550119355
-0.00513354122555711 0.000576973203574452 0.127470090038122 -0.305044765081748
0.00217161957427165 0.00741894297321344 -0.260954922314398 -0.450508299345635
0.0011430446607111 0.00420494395054854 -0.510495707500549 0.0349626832137507
-0.021021452979412 0.00485069433540939 -0.130159905375625 0.392432614881134
-0.00852711431973782 -0.000505604056083991 0.190085074003303 0.223209590526819
-0.0013431654558041 0.0145945640719497 0.173039955790478 0.0033059176158741
0.000488056471810481 0.0223980362547192 0.0179511207067129 -0.120081982348874
-0.000873497620478233 0.0108324591442878 -0.00603770472174369 0.0774866340829414
-0.00262122286171582 0.0126526594846399 -0.116784319499784 -0.017218035421943
-0.00365121412378228 -0.00666198304898998 -0.150141187981367 -0.185276122730881
-0.010587276439789 -0.0133458833168293 0.153172355763676 -0.285065873718682
0.00492911531621004 -0.0149926141044164 0.44672085893896 0.0217943161964207
0.0127683309545438 0.00974813273619846 0.244952106250821 0.446851735780863
-0.0103521720136145 0.00578472421422132 -0.134943666334148 0.350993108653074
-0.0140543402476878 -0.000703540442857496 0.0118128854993138 0.0509340405642422
-0.00441210239689388 -0.0021790222655748 0.129192087247319 -0.302975462617538
0.00117162420169382 0.00264716133383217 -0.256344418933476 -0.452263447774731
-0.00207736527651713 0.00281744665930527 -0.512415967356007 0.0315221169712975
-0.0198729025789995 0.00824370619637944 -0.135823754586594 0.391358673465134
-0.0049190064282125 0.0045196565453724 0.188412702552462 0.222496285294185
0.00211008185825303 0.0164529572305194 0.174870607987911 0.00360142197126742
0.00453223355607255 0.0204105893081529 0.0171339082314798 -0.119274374248801
9.12123024413285E-05 0.00588648093050542 -0.0100719557874705 0.084616193933779
-0.016312837600131 0.00841248316744678 -0.130641958646711 -0.0050818380664258
-0.0133914573234811 -0.00428572479738867 -0.176587154246995 -0.168698832165395
-0.006536958782114 -0.0160988932845083 0.113039103762794 -0.315713822152067
0.00720661157978946 -0.0197258339553754 0.442236954705605 -0.0708780517865773
0.00900999603416703 0.00927811263953011 0.295934724694147 0.375098591344599
-0.0178135436805951 0.00456358708848361 -0.0960066753638097 0.337174259539614
-0.0207835858410372 -0.0042388777572878 0.019133309922957 0.0414161241293776
-0.013547381272571 -0.00503513152024074 0.156154374101001 -0.310670286272622
-0.0038059665972174 0.00204053427852919 -0.207819326502144 -0.506902978315336
0.00568094421592513 -0.00256337248034476 -0.515205737391271 -0.0513299238663381
-0.0121031997393011 0.00251567201059724 -0.172300102026305 0.361956151440641
-0.0158237203602879 0.00489746316589097 0.167371338246325 0.236161672945403
-0.0133222985432802 0.00894293915392679 0.164108280641589 0.0175611384022065
0.00502830107469679 0.014944467422577 0.0122870312237492 -0.110343608121723
-0.00282063925822265 0.00766216693943392 -0.0087538554208897 0.0834303896551628
-0.0174157804308279 0.0079812952140086 -0.130113262630938 -0.00774692194122486
-0.0155432097530497 -0.00939371827963662 -0.173232173360961 -0.170388631411438
-0.00800068315133285 -0.0189776496973906 0.122734677359304 -0.310798014055479
0.00951996782382777 -0.017754673402114 0.446001620328449 -0.0563711556161694
0.0107201210109705 0.0145466498448142 0.286271636359332 0.385239508545745
-0.0179068074953261 0.00758073029108334 -0.103631347974868 0.337663853679659
-0.021469546838142 -0.00164341999690784 0.0171914414806785 0.0420133553408652
-0.0137931163213533 -0.00164393528312156 0.149272763783135 -0.310461071358063
-0.00272790609925416 0.00733997378812947 -0.219583858028366 -0.49909056265845
0.00783900257536931 -0.000505889708708105 -0.513638686221919 -0.036070520073384
-0.0144396222768066 -0.000684315491260494 -0.162182065420058 0.367364890035514
-0.0173090873824163 -0.000308126266798485 0.173038210080846 0.233897296628617
-0.0146936768785205 0.00814178495907385 0.164802520789698 0.014819450514051
0.000877968306564885 0.0176113870505532 0.0140134320797091 -0.112918036856628
-0.00489693495868653 0.00947296616236632 -0.00763577847415253 0.0808513485662497
-0.0173356126402107 0.00719419843790671 -0.129462182147023 -0.011266096880919
-0.0158559459584235 -0.013449759047131 -0.167743020230626 -0.172878266800684
-0.00941885364603385 -0.0215443943964426 0.133412935614894 -0.304228053847425
0.0109511825514998 -0.0150579652059625 0.447204318402653 -0.0381367085845204
0.0117083493321403 0.0179078615177336 0.27552847257194 0.398246083067534
-0.0175190393359743 0.0106313671246373 -0.113006566778887 0.339178615921104
-0.0209501078023621 0.000269770516473082 0.0154221632235659 0.0427459889388895
-0.0125696213279964 0.00135986988913995 0.142215156082292 -0.311434102352605
-0.000429607449166139 0.0111402580222287 -0.233114323503412 -0.486930291651213
0.00837987100393641 0.00173894233392593 -0.512403677424369 -0.0159864909224724
-0.0163657250635201 -0.00206055102991107 -0.150699726613767 0.375249658745555
-0.017875022072851 -0.00430538812572514 0.17784901524554 0.231579290960951
-0.0142072369863777 0.00793345439883293 0.165687388322674 0.0112875062913098
-0.00172772422666255 0.020279836968649 0.0148567741217818 -0.115623797578473
-0.00672058213300488 0.0111724606094505 -0.006842024989023 0.0795538801470918
-0.0153960690071019 0.00770343156165875 -0.126893251019675 -0.0140308522953887
-0.0145307978605907 -0.0163919152084604 -0.1627109684836 -0.175551457545142
-0.0106188587225987 -0.022459195824429 0.141718121461027 -0.297907179989016
0.0117498248926333 -0.0133829892640935 0.449354139220978 -0.0202061140110676
0.0124826001086591 0.0202995936395262 0.262754370920152 0.413647593481442
-0.0170666013295067 0.0115960431890708 -0.121161624739675 0.341588392531321
-0.020204585162419 0.00175120183232114 0.0142022698683667 0.044397415342859
-0.0113319183757164 0.00346019565544708 0.134091140829124 -0.309973915098807
0.00131473031436655 0.0134974579152139 -0.245849416708628 -0.473597901753397
0.00779524874599829 0.00367769327187423 -0.510959343967583 0.00373551625297169
-0.0188028354554412 -0.00203221985218616 -0.139755243245426 0.3818851193417
-0.017136123260211 -0.00616649541940049 0.183750205189597 0.228449915968324
-0.011971439974081 0.00895929796415933 0.166904732554882 0.00780814182309413
-0.00274588338065203 0.0218730337784229 0.0162113717037344 -0.117670264681295
-0.00675501082209824 0.0120463469885725 -0.00600308619389822 0.0777941967142262
-0.0126473173092047 0.00832257210599893 -0.12482692831199 -0.0164976465094082
-0.012643983832784 -0.0168066345694548 -0.156861014896181 -0.178065870677843
-0.0110763971733556 -0.0216224019832807 0.14967059683701 -0.291644981895099
0.0111848960312173 -0.0119496349427764 0.448480356113176 -0.00219795225072297
0.0131104107005965 0.0198839430081399 0.252505835631311 0.426348149433222
-0.0155549468718024 0.0115767912790295 -0.12845507040142 0.343817424103868
-0.0182285289944263 0.00250175828617772 0.0125285398719798 0.0458536856192205
-0.00959302482119039 0.0040468397460523 0.128161251616368 -0.308208631515364
0.00210496017369795 0.0136566901386371 -0.256606916033941 -0.461375073397216
0.00649970129070909 0.00426700387858915 -0.510229281875128 0.0199532940358881
-0.0206158426229857 -0.000779669003720812 -0.132092869248936 0.387674307797039
-0.0153436986371845 -0.00630324322503653 0.188125120454173 0.224557638291166
-0.00916060839247944 0.0110639368554441 0.168760443357302 0.00428239237392924
-0.00329090305157348 0.0234953304748881 0.0168910268349157 -0.119619614214361
-0.0056302469057466 0.0124299360259801 -0.00543230436744033 0.076472241674351
-0.00889707688569457 0.00999024967572089 -0.121057848333659 -0.0174635497547641
-0.00955061489488762 -0.0152846129166315 -0.153326802499083 -0.180349799777213
-0.0112070039535202 -0.0195323447422427 0.153495245862098 -0.286511767063135
0.0096353965282661 -0.0118397564687963 0.448236383892355 0.0122760062103914
0.0136441827047343 0.0182138121512962 0.246244284775626 0.436388335742178
-0.0137163655642623 0.0104842032862369 -0.132982363526318 0.344971718380224
-0.0168898674528522 0.00190147216993676 0.012071045719392 0.0482534341659462
-0.00743494771305632 0.00299906058081887 0.125109843379914 -0.305914678792183
0.00248753543326554 0.0115734115179364 -0.261634531648138 -0.452011226723863
0.00379995959838734 0.00447520985398828 -0.509271193515793 0.033498164162838
-0.0212577404597469 0.00111806813867524 -0.126417157969773 0.390376271968876
-0.0122737109041606 -0.00433119786903887 0.190879076676904 0.222597489565205
-0.00518882059191891 0.0130999686792868 0.171137292714139 0.0021935135351177
-0.001980166097836 0.0233671674458633 0.0169481817610362 -0.120138460113685
-0.00373746048125438 0.0117012629700271 -0.00540041837154798 0.0768793769623956
-0.0055918026050681 0.0114216094719976 -0.118723001011745 -0.0167928830800521
-0.00629410001637012 -0.0115589387063254 -0.151719822829919 -0.181605482711909
-0.010992382465217 -0.0164496777932085 0.153254890058575 -0.285242943749885
0.00741114529014561 -0.0129100018350891 0.446488165463191 0.017032049384018
0.0129419368797115 0.0140919412622248 0.245421842464595 0.440889573558063
-0.0119651189590562 0.00856720289733118 -0.133318486973534 0.349617366549514
-0.0147786741255949 0.00127037001895326 0.011913056399382 0.0491133349575872
-0.00572206336356735 0.00108985063240152 0.123530911654301 -0.30420413200526
0.00238289129407463 0.00735638401095638 -0.264477840806546 -0.446506751965792
0.00088466244843557 0.00384518776826028 -0.508934573245792 0.0413102386760082
-0.0208823078205015 0.00458051680191953 -0.124553483538785 0.392853867478467
-0.00878087041727945 -0.000622416032550994 0.192489608481462 0.219883482718664
-0.00096930796805684 0.0146891548995359 0.172799116477093 0.000268680474090964
0.00155730663510788 0.0224307437411255 0.0162344316219789 -0.120226410836076
-9.55004172722639E-05 0.0104055010830846 -0.00597493463056364 0.0765859819638459
-0.00243666590212108 0.0129133142437513 -0.116046664961903 -0.0156518730831685
-0.00360356174240157 -0.00632081958643639 -0.151562243590201 -0.181716346424648
-0.0101849665991314 -0.0131453065004474 0.148842755049822 -0.286004215728025
0.00505473780522786 -0.0147025938944598 0.445500776176053 0.017134790308225
0.0124775772677481 0.00933890980600524 0.247606460174087 0.442125052634314
-0.00985093547175092 0.00590693885250977 -0.130298111223851 0.350666379020388
-0.0136444946379765 -0.000472478853803212 0.0123958037086162 0.0505338197429317
-0.00436048578112958 -0.00183771821021583 0.125303625491357 -0.302378841037461
0.00109754166854341 0.00218816127018406 -0.260495560086446 -0.447772838548795
-0.00193874523983886 0.00253900792213184 -0.510353178945998 0.0380461708170961
-0.0197426567824347 0.00836583797754386 -0.130242311529784 0.391464708105616
-0.00535477611394849 0.00447429137104795 0.190186693304381 0.218973891995627
0.00296834692508914 0.0163782249977128 0.174194535441303 0.00114539415520624
0.00484856163952694 0.0203767624281798 0.016010580271343 -0.118478056502834
0.000615786036004213 0.00566492053311745 -0.00931858235959619 0.0845854454556646
-0.0157185306557435 0.00832226154763637 -0.13033776744914 -0.00288399848825611
-0.0131946169201623 -0.00440326192917287 -0.177155267016756 -0.164822211919823
-0.00672495169390902 -0.0160299812413227 0.109914029635804 -0.315502781061745
0.00666221712194719 -0.0196496266514653 0.438803258124025 -0.0765285999779467
0.00941946670081865 0.00881451530804266 0.298765374777418 0.368267318021848
-0.0180503136264827 0.00474483008466853 -0.0923626625230036 0.336590729754508
-0.0203404275115028 -0.00370322776698533 0.0192373285583023 0.041529888919693
-0.0138447976092522 -0.00441275842244172 0.152233422129061 -0.309971372658635
-0.00398495794966563 0.00198935207426511 -0.212285369347118 -0.501973999039476
0.00566226351348012 -0.0030803336416484 -0.512404805520804 -0.045815083626381
-0.0123567228039339 0.00306944575834168 -0.16677828165113 0.36257956235889
-0.0159300239735438 0.00516359489318856 0.169295763591967 0.232372112967989
-0.0134987983638322 0.00887785183267368 0.164335062307691 0.0153112715034491
0.00573564239949333 0.0145467607714738 0.0115412179981004 -0.109675032772568
-0.00273879242896763 0.00744314355388753 -0.00822746663802281 0.0824864583190654
-0.0171736400548447 0.00796236940956875 -0.13039513767575 -0.00644206932962969
-0.0154768670355153 -0.00932319341176882 -0.173510951542392 -0.16679997626654
-0.00833657885475425 -0.0186181237585317 0.11876377881128 -0.310771271974173
0.00931517324289634 -0.0174397523448823 0.4412160487611 -0.0608177851843881
0.0108474043119579 0.0136152710242676 0.289298022208816 0.379952902997285
-0.0180898084673302 0.00813640249963164 -0.0997005266034861 0.337056800885575
-0.021065753823251 -0.00144898526469361 0.0175791731796961 0.0418689369179013
-0.0138632334418726 -0.00100356822810969 0.145497230812058 -0.310297174360895
-0.0024194122856016 0.00732992631921415 -0.224064057336269 -0.493975869385843
0.00767116441700588 -0.000521452450224535 -0.511416121287199 -0.029588824257879
-0.013821448087904 0.000255164318566342 -0.156611868060966 0.36799696344355
-0.0174803063478367 7.05528717944073E-05 0.174522339236001 0.230961331843185
-0.0141618146299557 0.00824432061479375 0.163929869722494 0.0127553782294031
0.00196947341625699 0.0173011262462378 0.0125784273276501 -0.112083033761139
-0.00492065878080004 0.00942984544899762 -0.00764682672120483 0.0807871153646975
-0.0168164144791724 0.00744925901554652 -0.129368422886812 -0.00963361471160719
-0.0159933797265856 -0.0133854894900697 -0.168651006870318 -0.169725271190242
-0.00973703917292748 -0.0210688319358088 0.129565438846102 -0.30486457758065
0.0108960132900192 -0.0155274106703937 0.446153984078074 -0.0433671765153485
0.0119083983560059 0.0177154079815508 0.277714376558024 0.394916591870623
-0.0178786187146314 0.0106115044394723 -0.109019053090178 0.338421710632497
-0.0205425633030093 0.000378499193891923 0.0157665529615814 0.0426127368122309
-0.0131177503944944 0.00171437425720372 0.137375121315603 -0.310111738143054
-0.000413965663252896 0.0114094487520713 -0.238358472465172 -0.482136545347789
0.00853159587005127 0.00161125227939671 -0.510503283778951 -0.0107676863795137
-0.0166410659863017 -0.00164143073797073 -0.146246063672648 0.374825227551641
-0.0182763081324096 -0.00441616264502387 0.179846626954955 0.228270803482657
-0.0137069284092688 0.00854353852802893 0.165177352879639 0.00852879711102758
-0.000991739857720463 0.019970406764953 0.0141480323912743 -0.115395719226677
-0.00649679711631505 0.0113478470522805 -0.00644563229187847 0.0787534525694135
-0.0150676783340163 0.00792247475221879 -0.126789436808879 -0.0121490361960134
-0.0146563448550403 -0.0161442581487821 -0.163342596648366 -0.172433495457272
-0.0108936897400145 -0.0215846337578448 0.138845175410012 -0.298277394940437
0.0115227158875373 -0.0131041444914826 0.446714138236731 -0.0235815513859414
0.0128476566990713 0.0193622455887069 0.266015131781251 0.408423549864718
-0.0167198199000235 0.0118909268089603 -0.116956602408834 0.340984149952867
-0.0199250005821234 0.0019905120683293 0.0135185433399954 0.0437518660084168
-0.0115950939184878 0.00343284714115501 0.130540480333758 -0.309067655801582
0.000840708867157147 0.0130063700468921 -0.25115418915623 -0.467526006433412
0.00796828882141498 0.00286498805983962 -0.508861991665604 0.00837363635245879
-0.0188781159914711 -0.00168279741801209 -0.134198845664462 0.381512160231005
-0.0171290804186042 -0.00639589961336672 0.185262396383594 0.225312935079603
-0.0118205924878851 0.00935128970935816 0.166315359300523 0.00543206180216385
-0.00239328889234538 0.0218486028993757 0.0152034265876938 -0.117248261554568
-0.00649317070269761 0.0117910878288262 -0.00559376472360397 0.0773226439600706
-0.0118329347441862 0.00878619737820979 -0.124265982104631 -0.0144041463295711
-0.0128063370601149 -0.0167608100021408 -0.157164017303892 -0.175192660477948
-0.0112219781286868 -0.0211515592903241 0.14642893066353 -0.292741259625889
0.0106307026460456 -0.0119946539233211 0.446545540371395 -0.00566004889361995
0.0132207309321156 0.0192684926262465 0.255158577973626 0.422893183644291
-0.0153247975038553 0.0120117693506004 -0.124256013176208 0.343142628822765
-0.0180973288910759 0.00233055170173513 0.012916058008233 0.0456145167448582
-0.00941072139249592 0.00419700180170876 0.124635728707469 -0.30663413606593
0.00210554280071787 0.0130029934559202 -0.259752717674218 -0.456579228642945
0.0064501721177078 0.00416887145585765 -0.507418643224578 0.0268732950095965
-0.0203210558683186 -0.00077961089974307 -0.126671048576487 0.386858536332028
-0.0153927576097324 -0.0063640793608711 0.190269867331655 0.222249121341467
-0.00832623863969572 0.0115800913692184 0.168237138382176 0.00207051426716096
-0.00212187481167143 0.0233485244521468 0.0158711169126759 -0.119337789546332
-0.00527093538207479 0.0123680038228719 -0.00532683897640263 0.0761751033726664
-0.00884932170769547 0.0096186764465816 -0.121347086058146 -0.0156853475290458
-0.00988399211545977 -0.0153487115010109 -0.154261127740875 -0.177096157609917
-0.0113520036136445 -0.019099375588712 0.149958416191275 -0.287049103812489
0.00932583054892303 -0.0120161257583245 0.446559661257366 0.00724246525149456
0.0135580858911872 0.0172657930898173 0.250411560455857 0.431476317920541
-0.0136416231747609 0.0108670899733161 -0.128699234899931 0.344951255947517
-0.0165389201101131 0.0026869759414274 0.0121822775878211 0.0476821623383553
-0.00782123050863085 0.00337132392647542 0.121654214346116 -0.304505129708965
0.00221340730057471 0.0113093437528779 -0.264821214602163 -0.447793450701865
0.003983065297539 0.0044111296150778 -0.506226516276593 0.0387791578484777
-0.0213525371585656 0.00147875756872198 -0.121620056712757 0.390506240815558
-0.0120379914642728 -0.00432208930663134 0.19178105872528 0.218879238028242
-0.0046765647637621 0.0129910189001459 0.170310593903163 -2.90510226226075E-05
-0.000915184754681684 0.0229154147118171 0.0160240594062403 -0.119731842485596
-0.00294661982945465 0.0117054020900094 -0.00507193966281546 0.0758418711165729
-0.00506946630798133 0.0114185135641429 -0.118715205385368 -0.015133006024001
-0.00657273194344247 -0.0115439316818876 -0.151598699084056 -0.178316520672824
-0.0112784169826736 -0.0160294051254823 0.150097633384481 -0.285292748162953
0.0069394725064927 -0.0129597691698264 0.445292493630787 0.0114623799780596
0.0130753011682082 0.0133828492951496 0.249265355824846 0.436948959180006
-0.0118479032643099 0.00880854271284355 -0.129562217168222 0.348146502649721
-0.014819565422985 0.00181852013911176 0.0125319048128955 0.0493633043750275
-0.0059631107360987 0.00151975204775453 0.119019616137176 -0.303263738240477
0.00184500096212061 0.00702171018275631 -0.267814053398207 -0.440699605596287
0.00132855462625646 0.00400576059096944 -0.505577462006817 0.0461864313440436
-0.0211405409001137 0.00472487524446585 -0.119383033558245 0.392588607420356
-0.00881862262637963 -0.000416210077784902 0.193943945090466 0.216000168023198
-0.000114810138219379 0.0150982533472354 0.172452392079959 -0.00183203678615314
0.00219975009484967 0.0219809258341331 0.0153384016940796 -0.119769346915741
0.000177303385443914 0.0103122999576797 -0.005522781873148 0.0761191138441085
-0.00210932617283103 0.0125671509178881 -0.116272414741538 -0.0139474445355682
-0.00354628729799298 -0.00643372941770877 -0.151725312684786 -0.178505926348766
-0.0106547348014544 -0.0123403314321988 0.145530817949171 -0.286505345060006
0.00430001759924255 -0.0147039987799876 0.443859193920799 0.0109494286913664
0.0128157146278038 0.00841718413153742 0.251657161077519 0.437770666098002
-0.0102083315291805 0.00594675417432976 -0.126279871728632 0.35026637604838
-0.0134184661863821 -0.000214851112558688 0.0131779544721243 0.0505530349444758
-0.00453636573322083 -0.0014431924956965 0.121005899621641 -0.301708919684731
0.000724454709229499 0.00233626273979872 -0.263258656505063 -0.441331163880234
-0.00185412518482933 0.00250220790848633 -0.506649867434642 0.0439423988709346
-0.0201730489262692 0.00893153665736466 -0.124941332342763 0.391709894580038
-0.00515068326132626 0.00430189112913521 0.191831841627659 0.216463333761402
0.00325343242872376 0.0165483140288919 0.173917784453952 -0.00111646161168981
0.00587793434892232 0.0201085550049719 0.014856103068263 -0.118421290349115
0.000918598579978666 0.00536773536630981 -0.00900349653492563 0.0836234524191231
-0.0153192446742107 0.0086839694032388 -0.12964912325085 -0.00118873990478059
-0.013211774134399 -0.00435582176285683 -0.177255355761663 -0.16171030886905
-0.00671094111214762 -0.0154271610529733 0.106382677006518 -0.315311813526998
0.00667002460186817 -0.0196832691913889 0.434826452542979 -0.0796523954764512
0.0092079097300418 0.00831372041010973 0.301225417952215 0.363455112729544
-0.0176415898680735 0.00493033357102005 -0.0885878140628253 0.335160310067892
-0.0201848392502118 -0.00369042490687328 0.0192311774121315 0.0408606410586788
-0.0137655160741409 -0.00408525615465052 0.148620117293704 -0.308846973910907
-0.00439519582306595 0.00183197470302926 -0.21493187602926 -0.495610779378819
0.00610560245814303 -0.00331995001508288 -0.510535672272246 -0.0396704511516127
-0.0120973026877854 0.00320032130438289 -0.161820525381158 0.362305712888372
-0.0165945302068482 0.00548800683697455 0.1709222083778 0.229386541859709
-0.0124762928796629 0.00939251252440349 0.163733863892007 0.0135102233392792
0.00654363902503121 0.0146564265856119 0.0105650977399099 -0.109462681442303
-0.00218976886855968 0.00773235866194697 -0.00761963791494175 0.0824647494221579
-0.0169895952653084 0.00818467495094336 -0.129369141302829 -0.00453311289853343
-0.0153991899090696 -0.00910081593145354 -0.173988025657713 -0.163521981790574
-0.00851441593673992 -0.0184395294959239 0.116044291510217 -0.309869396054186
0.00901784685940331 -0.0169832052360822 0.438968633814399 -0.0647457123487276
0.0106945992889518 0.0133005510521726 0.291519634962134 0.373738444075017
-0.0179464387902738 0.00819398503701988 -0.0959020765083303 0.336084756291096
-0.0206799249158404 -0.0010871585934607 0.0173646267442408 0.0412923905544425
-0.0138347021454891 -0.000464770010194669 0.141240964364575 -0.309051432757482
-0.00309053251131123 0.00700088386032258 -0.227009082536036 -0.487890621411578
0.00769393868801191 -0.000279563623418485 -0.509941208235391 -0.025647901115159
-0.0139253777113864 0.000174380284614722 -0.152474188563774 0.366878761198565
-0.017567957266411 0.000195523351282418 0.176112962081972 0.227390665376638
-0.0138497862220349 0.00862086594533766 0.163507929214416 0.0104934679990228
0.00275192876493333 0.0172210221221816 0.0118374994952472 -0.112412782020216
-0.00415515980926517 0.00964257273902984 -0.00697408080325986 0.0800100902160727
-0.0162588815431551 0.00803972739894544 -0.129130211384615 -0.00780568068544146
-0.0159236973995404 -0.0132450677578233 -0.168364989106797 -0.166509735319742
-0.0102281411201865 -0.0208633435645984 0.126719305326243 -0.303586514230294
0.0103206468885398 -0.0151003553544878 0.442578733151739 -0.0457364915900409
0.012276497607481 0.0171531510159638 0.280114888115651 0.388403058247695
-0.0174783323542598 0.0108904888073877 -0.105005834794299 0.337086212045729
-0.0200937671435934 0.000961551071485699 0.0160730451602259 0.0417986940076924
-0.01330241716082 0.00204242065964408 0.134302317483325 -0.308682497903896
-0.000814404154696857 0.0114986781801557 -0.24014118689738 -0.476230767712589
0.00830974978724869 0.00150160773381897 -0.507261819882311 -0.00653111495050741
-0.0168905060830938 -0.00113218245127616 -0.140871298672551 0.37379823764409
-0.0182062933630618 -0.0040627436186813 0.181314620337909 0.225099748069193
-0.012934127107728 0.0087795231666058 0.16455867428606 0.00700153836329556
6.37448139454069E-05 0.0198282086841888 0.0130781372100844 -0.114643066504079
-0.00593679435537262 0.0111927693293539 -0.00597493837193751 0.0781101279034798
-0.0147453008731958 0.00813499646671741 -0.126342826801915 -0.0107690337673781
-0.0152879117304862 -0.0157060199049591 -0.163241686136041 -0.169043240877099
-0.0108117305682475 -0.0214729653214875 0.135127613982021 -0.297614129761052
0.0111807484230529 -0.013464139893071 0.44301525598692 -0.0284832267170133
0.0132540653647245 0.0188264722541834 0.269477582079819 0.403382909704885
-0.0164996361817696 0.012029314351899 -0.113366357432675 0.339756825761456
-0.019183726053055 0.00253081301051414 0.0142947226139957 0.0438212460037796
-0.0116974444432594 0.00435136991405105 0.126505056264043 -0.308160522158442
0.0009355007987228 0.0132945690228396 -0.253259895308801 -0.462880726556586
0.00807330921798223 0.00298335529184307 -0.505931756069537 0.0138838238107514
-0.0185418955632384 -0.0013850614615196 -0.129756793792815 0.38107987842021
-0.0174682145233999 -0.00585919148566278 0.186709603036391 0.221924267574268
-0.0108650770291236 0.0100237040174014 0.166185933139859 0.00339300422507665
-0.00174339474761623 0.0216400839935573 0.0146175614032792 -0.116567926504143
-0.00624621000042523 0.0120444543779815 -0.00549924263513709 0.0763998651154584
-0.0116771707570584 0.00866057529621053 -0.124106034269668 -0.0124845603021239
-0.0128537678967219 -0.0164380434986315 -0.158024701204471 -0.171789980914761
-0.0116217957196321 -0.0208799268326451 0.143000053974675 -0.292358572918971
0.0106829463345053 -0.0121699654423673 0.444648726991382 -0.0102190454052337
0.0134730359942836 0.0189783107952404 0.257439830830705 0.417844934438979
-0.0150191563076676 0.0120922218850803 -0.120600095540537 0.342009854156675
-0.0178696268502795 0.00314852666786443 0.0131175349227078 0.0451820178294087
-0.00985142362709083 0.00452154499158302 0.120613729540989 -0.305463465289635
0.0021676820138846 0.0129350644783329 -0.263164517170657 -0.450775070133634
0.00626077436799623 0.0036358755814252 -0.504828692229757 0.0301863162019137
-0.0202179508359256 -0.000443488874594097 -0.121279759089087 0.386411107684376
-0.015619249425367 -0.00580356245193664 0.191241421548336 0.218104918430624
-0.00790491198910945 0.0116559540046421 0.167946888642345 0.000350839433121005
-0.00165001461398479 0.0229441153629685 0.0152088549362049 -0.118967343872253
-0.00483134043528535 0.0121327949714094 -0.00472405359659533 0.0754623398460747
-0.00846666798200245 0.00975254328921374 -0.120986234298317 -0.0138686421932672
-0.0101501561251448 -0.0148933832643724 -0.153972102462306 -0.174720353982752
-0.0116161364659816 -0.0189661331881866 0.146829967869147 -0.287397170294915
0.00909509442519683 -0.0116746083290297 0.444044953530679 0.00289662348281752
0.0136590536477658 0.0169186634933943 0.25194020116864 0.426783391816156
-0.013664713849712 0.0108064641321632 -0.125471684236569 0.344373173978229
-0.0159986285159174 0.0026819393527639 0.0125216778446978 0.0471169342947701
-0.00791515500942798 0.00354077721174215 0.117438281677606 -0.302703492813606
0.00227507598028979 0.0109612757936322 -0.266798620987349 -0.442152384501902
0.00352150846998829 0.00438895904534722 -0.503110308643634 0.044474514171854
-0.0212362247246272 0.00206287608182261 -0.116160005089394 0.389302916600134
-0.0124803843204304 -0.00387206476336579 0.193492146123152 0.215613110020299
-0.00365808200096613 0.0132624096049326 0.169808280201342 -0.0023611165734558
-1.74691624423304E-05 0.0227101941006455 0.0148906112757148 -0.119173509369461
-0.00252247491829572 0.0115988679956683 -0.00468127522734758 0.0756233637695224
-0.00470513038940147 0.0113405900184782 -0.118107500475012 -0.0135645107973016
-0.00653765824405462 -0.0114929784990096 -0.152427529587962 -0.175232696722
-0.0114970359665451 -0.0156962384867298 0.146658144788292 -0.285841157525435
0.00689297973639153 -0.0130642427690341 0.442331181434267 0.00753857664763575
0.0129994673523021 0.0131853055456579 0.25152479100094 0.432426802341448
-0.0115221165002111 0.00904027001072808 -0.125358984813086 0.346852328782799
-0.0143454122726591 0.0016829787868257 0.0126596615298661 0.0486268455313077
-0.00605494212329018 0.00189040646474264 0.115545384534002 -0.30209915028055
0.00189179906310449 0.00709312459553592 -0.270533151046551 -0.435288612872112
0.00104324049778881 0.00341708236540907 -0.502572340403172 0.0501622738252621
-0.0207603842642212 0.00569379179586481 -0.11429285445765 0.391598823303473
-0.00896172635700115 -0.000541699229175598 0.195064290725261 0.212763465660526
0.000217117643403875 0.0150644227289372 0.171480562982397 -0.00361312136183583
0.00294429027905473 0.0211002251499699 0.0145413492708629 -0.119005355318003
0.000171371771365575 0.0100457539614813 -0.00448001060832861 0.0759059577654545
-0.00215626639655974 0.0129622505772682 -0.115548620132926 -0.0125219675207149
-0.00354612970839583 -0.00674255075193144 -0.151516760162955 -0.17551302609637
-0.0111118272228452 -0.0120866350742056 0.142169893421255 -0.286998278976709
0.00439715317010726 -0.0149557037755706 0.442613372459266 0.00645423437451382
0.0125755888866308 0.00812669662780545 0.253891013667192 0.431965019350695
-0.00995830838635749 0.00589395040191781 -0.1225948033264 0.349145235298774
-0.0131150914905724 0.000155679919104216 0.0131151983059009 0.0501333996509235
-0.00515643005092835 -0.0013996250208846 0.116966498953696 -0.29966840654626
0.0005880775209474 0.00229404146675169 -0.26676807240654 -0.436154641950275
-0.00172498480977322 0.00228374841923394 -0.503721046830588 0.0493045234157846
-0.0197941349966461 0.00900621567907752 -0.120085002275768 0.390798223983444
-0.00560786150090622 0.00480676589861778 0.193631714990875 0.212582006506764
0.00438542256651991 0.0169005673092671 0.173135717654513 -0.00293122981293867
0.00645560754995994 0.0194048713238215 0.0138212225312613 -0.117735319761623
0.001157847090363 0.00545489616887505 -0.00875685785686157 0.0830854074700009
-0.0150378703683239 0.00869092967354031 -0.128948313075142 0.000404085761212606
-0.0135615685616893 -0.0042881693201867 -0.177118089548971 -0.158546132210999
-0.00691406092101497 -0.0149780800910032 0.103411876671026 -0.31429551427317
0.00632261304748789 -0.0194450701891114 0.432433776033337 -0.083182712434795
0.00920025885155273 0.00800980085942317 0.301907418027482 0.358438819723647
-0.017712524281692 0.00504089593249244 -0.0851423302006508 0.333428729921269
-0.0200633352753999 -0.00272691311165045 0.019291272645748 0.0402367597617936
-0.0141965047712353 -0.00422497357905224 0.144874792516484 -0.306937440624227
-0.00468900377040117 0.00219574800223168 -0.217612312994008 -0.491387813751738
0.00594030713085246 -0.0031388331445695 -0.508072140019633 -0.0352318193555054
-0.0119201739133466 0.00326095680639396 -0.158356227134979 0.361404585123894
-0.0161121380704433 0.00547503514126704 0.171875551391983 0.22640199236677
-0.0123044959498483 0.00973795166392659 0.163280479518535 0.0114805057742808
0.00700088188967082 0.0140993604156091 0.00990893628418825 -0.108816823696048
-0.00197298331579537 0.00779122619025241 -0.00804153333063508 0.0818698725216219
-0.0161867302383963 0.0082330860570548 -0.129705125637347 -0.00301290749516249
-0.0150819775350643 -0.00889433621883136 -0.173216178445374 -0.16077276123161
-0.00868790546565805 -0.0182934065556724 0.113459480560624 -0.308838193416593
0.00877417649138999 -0.0173254677760244 0.435720912614567 -0.0676574613856503
0.0108182363593164 0.012408475381828 0.291163455321651 0.369895477217599
-0.0179800322654837 0.0084187578263842 -0.0934915903144919 0.334010741880592
-0.0203053064959959 -0.000395305254790418 0.0176427788819647 0.0409095918948249
-0.0136914679955668 -0.000417107584734279 0.138741661126749 -0.307930157936937
-0.00326706220824334 0.0068774485617462 -0.229011247630629 -0.48389106647438
0.00822159259454977 -0.00142840998454196 -0.507624302678754 -0.0219034844664531
-0.0138537134664197 8.38137737484788E-05 -0.148041923047992 0.367085860104373
-0.0180352043526341 6.82688787489536E-05 0.177118827896722 0.225009994143048
-0.0132982717204083 0.00870775557407931 0.163092713157531 0.00877924161822526
0.00351815163794892 0.0173373175103126 0.0116986365327169 -0.111137021084071
-0.00424577680499348 0.00956098620701203 -0.00695950926718263 0.0794730244499178
-0.016061499737669 0.00760791940290903 -0.128747233346204 -0.00591981979805126
-0.016030817938756 -0.0131980668086126 -0.168092444818933 -0.163518266102209
-0.00991231477170913 -0.0204192075898528 0.12415894273011 -0.304009471972273
0.0104132887974685 -0.0152442345003125 0.439733632669487 -0.0486908041914082
0.0119015305977677 0.0165071084607965 0.281729728883277 0.384169155852134
-0.0174892504781265 0.0109689866213345 -0.102077273843258 0.335527930296688
-0.0200564746276793 0.000990651459206163 0.01541936439702 0.0415776072041653
-0.0136044978147108 0.00248447943842762 0.130902755922569 -0.307805588829906
-0.000624793761996824 0.0110075021321393 -0.242528470074363 -0.471623830655108
0.00861464774614797 0.000985608735454595 -0.503990408148283 -0.00140589378741734
-0.0159745743440928 -0.00139815693632841 -0.136693273365845 0.373460148836665
-0.0182266241106401 -0.00391741672815876 0.182712951219701 0.222268516762984
-0.0124071902526388 0.00902836134811486 0.164050353221923 0.00496602028510027
0.000737556164962521 0.0194038508396479 0.0124778842897137 -0.113844084971373
-0.0054174143377856 0.0111705188954663 -0.00588509828676605 0.0777848660867042
-0.0140816107595952 0.00834782072713958 -0.126041853392828 -0.00899804389189248
-0.0147827820007101 -0.0155967371824824 -0.162997229177715 -0.165886202309887
-0.0110356592026137 -0.0209088060967284 0.132660411035108 -0.298196968553562
0.0105472561911246 -0.0133419764873527 0.440979315204632 -0.0329414053211181
0.0131416666002018 0.0185083907672131 0.270453512618086 0.397855716348092
-0.0168259827974168 0.0120040299364199 -0.109927788357942 0.338126825775321
-0.0193863618270606 0.0029215266234395 0.0143750261164269 0.0431667537439391
-0.0120989121981293 0.00424231607818399 0.123783551202334 -0.306276017088821
0.000691862057335147 0.0127063356562904 -0.25510186933525 -0.458017736589655
0.00828326792075964 0.00287373562081936 -0.50330958195996 0.0175447409207282
-0.0186458633921255 -0.00110526763093441 -0.12577188828259 0.379372931364906
-0.0176481163894637 -0.00571219833653862 0.18809156759807 0.218959292132906
-0.0103677181590324 0.0101753007609359 0.165374715143863 0.00123272870807583
-0.00113623993811739 0.0214403810445328 0.0138566758999472 -0.116312774345639
-0.00554916025022645 0.0119001362622397 -0.00527841454440595 0.0760072275743178
-0.0114525844730095 0.00878030825912097 -0.123641429023063 -0.0115690982032179
-0.0126331408516903 -0.0163528253864509 -0.15744426014028 -0.169211766386323
-0.0113832687008946 -0.0204897234290343 0.140692365068252 -0.292028468288886
0.0101715265032251 -0.0121597975395069 0.441886687378471 -0.0142765386136488
0.0133812949535934 0.0183221853177929 0.260227535231428 0.412061341465862
-0.0147910904449657 0.0122488745990644 -0.11692696968668 0.3405742369658
-0.0172017218360207 0.00366103092897861 0.0134826417367773 0.0450584417659487
-0.0101434959046853 0.00490943963015986 0.117150957543944 -0.304058081256865
0.00199743368082223 0.0127453205907555 -0.265044298948166 -0.446616022677602
0.00675515148196312 0.00394590852929296 -0.499353174247355 0.0334890769736601
-0.0200263771490391 -0.000357070281288504 -0.1163664363642 0.385474386719475
-0.0154146061140866 -0.00572436585726973 0.192022939695425 0.215338378709163
-0.00728332015578779 0.0114876783749015 0.167195009727566 -0.00139984010559294
-0.000929844372383661 0.0226438216499727 0.0140732817141628 -0.117791896930399
-0.00452561273429541 0.0119493630915688 -0.00507194050358837 0.0747960828814443
-0.00781334657185463 0.0098307339213916 -0.120907175379541 -0.0127083701145063
-0.00987193652869553 -0.0148680096984661 -0.153616926024881 -0.171756124321933
-0.0119121036763818 -0.0184936104164449 0.144607615607342 -0.287196742509718
0.00894544380608364 -0.011978226389483 0.440454462433718 -0.00259198317768564
0.0132805602133519 0.0160921911920851 0.253783774177054 0.422049683909225
-0.0135664028290378 0.0108682672846845 -0.12168134851747 0.34246766935278
-0.0159071013621463 0.00294311347741345 0.0123836586377988 0.0469912804225045
-0.00795214947091803 0.00389171670098043 0.114568888414908 -0.301315952921151
0.00234476540528273 0.0103332009829221 -0.268535715643952 -0.436309581903249
0.00435635404351498 0.00393030742681541 -0.499389535448769 0.0481076370927783
-0.0209675946207518 0.0021696815697256 -0.112341736260373 0.388089751289383
-0.0127686429741394 -0.00389583375098695 0.194980022670694 0.212994053051912
-0.00321109350117125 0.0138019172103697 0.169082894273431 -0.00388656954617219
0.00039899094633161 0.0224252992222416 0.014197720127177 -0.118685124165311
-0.00261968930446802 0.0120501077543653 -0.00465771749419942 0.0748012128762035
-0.00452648580458386 0.0114588887972231 -0.118049547723586 -0.0121603279476001
-0.00676548753097083 -0.0112194226234461 -0.151826721173247 -0.172618770480384
-0.0114955590291116 -0.0155017071455546 0.14414437612894 -0.285524065499293
0.00664269618609867 -0.0129579883929624 0.441606298718273 0.00310135936873521
0.0131151367464778 0.0124184419201984 0.252823366554693 0.427199761581655
-0.0116005722334975 0.00888892616968801 -0.121465733965987 0.3463321766296
-0.0139637200789464 0.00214782695509007 0.0125058151981162 0.0481997979581409
-0.00615712801754422 0.00223533244094459 0.112141802734271 -0.300502848512715
0.00193006873634184 0.00693677113569175 -0.271414033636625 -0.430842004318067
0.00157533703519355 0.0033015174600765 -0.499166214084334 0.0560918421995742
-0.0205359835810754 0.00548879868645313 -0.11085323235599 0.390920619488051
-0.00888711883487767 -0.000344186696675575 0.196382967534102 0.209982652647697
0.00107515888321913 0.0151476788896244 0.171186590049925 -0.00583431388486908
0.00331551907152932 0.0214904238976409 0.0139195535384487 -0.118701182243409
0.000380740890310668 0.0103884877600672 -0.0049792532765023 0.0749853474627312
-0.00155483075116466 0.0130575136538794 -0.115686555358948 -0.0110901023706373
-0.00343448033649868 -0.00615126656286941 -0.151667738401568 -0.172245005151393
-0.010645271458467 -0.0119351455105369 0.140313040011727 -0.286476684068104
0.00394846236292734 -0.0146482076770855 0.43849141231693 0.00315462762112159
0.0124839882274787 0.00772502201389823 0.256781927099285 0.427862255153409
-0.010024335162579 0.00611891945554771 -0.118655588829534 0.347299893269366
-0.012699074693657 0.000401192289761092 0.0129960060248635 0.0494223413859187
-0.00493868812257025 -0.000700053747331078 0.11412536946988 -0.299425506040721
0.000759464710335576 0.00239272943708609 -0.268492945096769 -0.431250495432705
-0.00145439211748012 0.0019283264884616 -0.499950553539402 0.0518518023062633
-0.0195258245686469 0.00882783131949426 -0.11566163354426 0.389781412013903
-0.00510462208729024 0.0048031916318897 0.194384267407956 0.209536215090679
0.00444216833664836 0.0166454602477824 0.172345093111348 -0.00469007583256541
0.00708095269289705 0.0195720482824518 0.0128993104316344 -0.116677081243434
0.00133940790352943 0.00539622510120566 -0.00858084413885913 0.0832181083019976
-0.0149253375977905 0.00923672719151269 -0.128437911599952 0.00107948773617517
-0.0133532352561207 -0.00391006886909206 -0.176845058774347 -0.155864372342345
-0.00714477482215828 -0.0144663278087145 0.101551875004505 -0.313219048430165
0.00602187766019233 -0.0194513218883507 0.428771380129453 -0.0854746946097247
0.00931204726694886 0.00775375810177715 0.300662292788729 0.355356089736672
-0.0178795342952447 0.00540679813227187 -0.0823803567013858 0.331598614823884
-0.0197048404361213 -0.00219050672349205 0.0189562189391158 0.039977966174613
-0.0140723331878821 -0.00348937691316812 0.141897610538292 -0.30480419304334
-0.00477889864233505 0.00191577410932544 -0.220047439053648 -0.486903148254484
0.00575499760610974 -0.00339305669721907 -0.506095626711736 -0.0314126991894259
-0.0117990445090561 0.00365399172408633 -0.154367002865902 0.361411805045592
-0.0159552389305699 0.00546373897954582 0.173190581916329 0.224629665709712
-0.0115411478162902 0.00952842540270351 0.162669664847103 0.0101133369670621
0.00756702123202807 0.0140553369495496 0.00978704913796834 -0.10835612261311
-0.00173996690057884 0.00760062357485751 -0.00738977790533077 0.081223711566876
-0.0162233325731276 0.00873040730825683 -0.129010479105202 -0.00155492578231852
-0.0152966454711266 -0.00886740029475408 -0.172593152493623 -0.158085731813759
-0.00871151261477192 -0.0176238930659939 0.11141040104342 -0.309195063107834
0.00868038691021821 -0.0174212541000941 0.433108693413957 -0.070461632455024
0.0110748861004536 0.0121614620994746 0.294003247531947 0.36565385075717
-0.0176715147968061 0.0084653996892697 -0.0909784797950152 0.332458152886885
-0.0199827971573835 -6.17349735125898E-05 0.0178728341578815 0.0403320587248548
-0.013919111327102 0.000162524791940212 0.135511544195991 -0.305757363945919
-0.00320118160807831 0.00724073289757269 -0.23159819250973 -0.479074492914328
0.0081955803947163 -0.00107580180492172 -0.505015297247117 -0.0169768738429971
-0.0138296332064128 0.000226736492546464 -0.14395744090441 0.36621203660351
-0.0176740847483398 0.000363475605742685 0.17773369998786 0.222285947785455
-0.0126918011478379 0.00892419665175312 0.162456946570035 0.00729819786299826
0.0038719829800359 0.016916847489376 0.0107083221988676 -0.111107498781415
-0.00410915024891515 0.00972639334511741 -0.00662222877211267 0.079084825519715
-0.0155576875845013 0.00849465936449937 -0.127843715904396 -0.00463896552205848
-0.0154697367407679 -0.0129784259864241 -0.167958147973525 -0.160570472358682
-0.00987239980350299 -0.0200449372558341 0.121753604675313 -0.303135251318362
0.0101888197731354 -0.0148534347920629 0.437060194660507 -0.052230835606024
0.0118006099248996 0.0160131536146988 0.282320680557168 0.378908679413903
-0.0175828684445417 0.010572423433171 -0.0994840146298718 0.333767109516888
-0.019871420376589 0.00181014967795154 0.0160338216309055 0.0414299751496601
-0.0133875398200538 0.00287253673543628 0.128246868914267 -0.306085040433563
-0.00101437655167727 0.0109169306252861 -0.243541400184039 -0.466737032191346
0.00870132154733844 0.00113637476765973 -0.501496136720708 0.00241079031330354
-0.01637508616657 -0.00116014839241226 -0.133310989811772 0.372879641093011
-0.0182591627157554 -0.0036876845548 0.183500352816989 0.219566135398873
-0.0123436539493265 0.00959175095634812 0.163739348589572 0.00374718402646675
0.00109668231677626 0.0190181246952447 0.0121295800156053 -0.113195456526247
-0.0052368200434672 0.0113488555796052 -0.00581422111038215 0.0768391483828626
-0.0139308099674929 0.0088492090596041 -0.125704828565372 -0.00779676227046124
-0.0148310104372475 -0.0154381096086736 -0.162638851415637 -0.162828922452806
-0.0108922298837635 -0.020745702814009 0.130565289969849 -0.297391146145466
0.0107382190142744 -0.0132759300420539 0.438141518179813 -0.0356225880355132
0.0126302430371119 0.0179901613076517 0.271558674018738 0.394574485175887
-0.0164048226002676 0.0122365681271803 -0.106968088782017 0.336406900200198
-0.0186416672455804 0.00293348461699389 0.0140664022026834 0.0434626283772462
-0.0118737867242437 0.00459491460065451 0.12085674629297 -0.304670256457212
0.000986432140564864 0.0127012065498545 -0.25651604949104 -0.45354326625547
0.00864237063029983 0.00268156494726272 -0.499604543843077 0.021360507146442
-0.0186091302979897 -0.00115210037479026 -0.122552054740467 0.37926465508458
-0.0177716727408328 -0.00557524811906121 0.188300986675847 0.216114784639259
-0.0100855591714727 0.0102251805111921 0.164676987884113 0.000181509300728653
-0.000416176213060985 0.0208003001241767 0.01262227272071 -0.115307728255712
-0.00576589040898197 0.0116364024037941 -0.005545904316876 0.0755249039624498
-0.0110642318292211 0.00930083014593529 -0.122939790863049 -0.00996728049805059
-0.0127367726976256 -0.0162101015485597 -0.157185072766715 -0.166355413052673
-0.0113537193558022 -0.0197484523636172 0.138088656621589 -0.291686689440516
0.0103877577979389 -0.0118995587978834 0.439001294337023 -0.0176181756860147
0.0130429647023318 0.0180817772860137 0.261496079704924 0.408079326161499
-0.0151226282204034 0.0121456365677794 -0.114861458871034 0.339363322807354
-0.0173287654723816 0.003365097497573 0.0128125959188868 0.0450349236222016
-0.0101924334341305 0.00535286762447722 0.114966812994053 -0.302466381307841
0.00181654307308939 0.0129949826984535 -0.266278094077015 -0.441105015468408
0.00694813098364842 0.00350756825329652 -0.497430279890476 0.0381661264789574
-0.0200068814971275 0.000238578210546363 -0.11367228754562 0.384132152426556
-0.0156237213839374 -0.00589740719380022 0.192865916222579 0.21284725231328
-0.00670392877754352 0.0118082138834046 0.166920445362851 -0.00339027401742784
-0.000347445577156224 0.0225906912558192 0.0137094118737172 -0.117355164736746
-0.00460348443449657 0.0121002259545037 -0.00479987096333432 0.0746359192561139
-0.00774483606559021 0.0102387258845886 -0.119997801091392 -0.011565621826937
-0.00969356220305631 -0.0143510554915159 -0.153073356694668 -0.168814705612702
-0.0115477131533894 -0.0179561206309258 0.141775370106127 -0.286425535009599
0.00867294260698122 -0.011968166694359 0.437962195447809 -0.00410101775434688
0.0132341250293819 0.0159514604411428 0.255482487185056 0.418215555268503
-0.0133612686433156 0.0112473828543826 -0.118175026848807 0.340587128078234
-0.0153436854181779 0.00303249592198795 0.0124605690814895 0.046582473313969
-0.00807042263300135 0.00393063158792014 0.111389836640181 -0.300335248813875
0.0021157422801735 0.0109911179878912 -0.270762886851251 -0.43229103172514
0.00434756896425491 0.00401378002095576 -0.497622443900457 0.0517932762680024
-0.0207651669240362 0.00221883363070283 -0.109477971588287 0.387122518390977
-0.0124492571031158 -0.00397369498256015 0.195908874775899 0.209943599428354
-0.00312329849406631 0.0138971972253232 0.16873347224666 -0.00569932837409781
0.00149050818246884 0.0217208597912552 0.0135851548759404 -0.118303026876941
-0.00232390235214475 0.0116684943778608 -0.00497413965810825 0.0741809662731871
-0.00427283524221935 0.0115628762640292 -0.117065874635735 -0.010907116209227
-0.00654019751651785 -0.0112229602339626 -0.151396942201924 -0.170108093675592
-0.0112557910722579 -0.0150265977142728 0.141396592724163 -0.285855334775417
0.00677359839564314 -0.012798443890006 0.438502465122343 2.20329868617915E-05
0.0126846368111767 0.011997474453157 0.254227332396384 0.423969459940424
-0.0113748457278559 0.00876555881576809 -0.118371203596857 0.344528335659871
-0.0138979244828948 0.00234080089426429 0.0122424331396429 0.0485206759252304
-0.00608209546364723 0.00251100745171256 0.110195532311785 -0.299060588248446
0.00171579609556128 0.0071354485532399 -0.27182868621022 -0.425713498040948
0.00143891077644251 0.00330887849589218 -0.496400822970037 0.058355550635364
-0.0202870639096902 0.00576465442850509 -0.106694603417562 0.389583410205868
-0.00948981904814326 -0.000230376093926902 0.19709782714794 0.207218779447744
0.00137561577204916 0.0152055915810137 0.170257886046172 -0.00685650290974675
0.00405274034309892 0.0210482357761096 0.0129663395367758 -0.117398447343245
0.000343268888566614 0.0105667500680457 -0.00491633082150791 0.0744528589683853
-0.00126139994389972 0.0129458838982328 -0.115087589722708 -0.00951984331077953
-0.00368750040220963 -0.00628836198404207 -0.151386936007339 -0.170272732481501
-0.0106017328943001 -0.0112669571927133 0.138002750549485 -0.286697289560638
0.00417407008153914 -0.0144536544638595 0.436414078732057 -0.000493182322595892
0.012097107839495 0.00711072077355779 0.258481164846679 0.422406416943746
-0.00988639603191275 0.006420575078675 -0.116040999021185 0.345754335123164
-0.0125632889862792 0.000831650307583994 0.0130003754775725 0.0494696721355502
-0.00472550313132336 -0.000208857661525759 0.112348898985061 -0.297034183989079
0.000365058264269031 0.00233078943392498 -0.26928119337252 -0.426092797010551
-0.00132714551907005 0.00228604409424225 -0.497580272420039 0.0539049535897603
-0.0191815992868555 0.00919340356640092 -0.111473538636882 0.390232014482475
-0.00587168347185502 0.0043993427327739 0.195362308449362 0.207438337918235
0.00451232050575562 0.0169410437462767 0.172221242495265 -0.00660148348699907
0.00746656734033947 0.0191315968822266 0.0122072446050919 -0.116491852928224
-0.00137621421706494 0.00568829169298873 -0.0426284708806399 0.0709680659624736
-0.0165828027669544 0.00178038295693942 -0.117519640370096 -0.0527868209375923
-0.011084381553116 -0.00944134150065345 -0.0931541157596902 -0.216013548492281
-0.00109112151996447 -0.0152215256042804 0.224993050678109 -0.243455448768289
0.00985560051836372 -0.0151118018417753 0.422431341606771 0.107190324508245
0.00355955533181257 0.00927286590452216 0.119902590023554 0.447068978008532
-0.0178650892813933 -0.00298099874895352 -0.215683889429219 0.264028900027603
-0.0163298916473816 -0.00974790056484471 0.000324767013200355 0.0443785607062974
-0.0124249166763275 -0.0103194208201565 0.255562634659965 -0.213348409289771
-0.00945568838339024 0.000254938433126626 0.00876098252479492 -0.532152489536425
0.00345890723801699 0.00408121189973619 -0.437302799945378 -0.241495805960111
-0.00863143599631201 0.00222931866665128 -0.293240015875541 0.259275931383763
-0.0128738477339627 -0.000886210328213444 0.0600912465278208 0.27267562181972
-0.0117647097685762 0.00304666374120747 0.142694030102155 0.0756265705005662
0.00195864504285267 0.0140738287701182 0.0538098573321658 -0.0939518091773696
-0.00481282520639521 0.00633608028123881 -0.0410636847901922 0.0696914968426221
-0.0179933343550302 0.000800425292220836 -0.115804500277764 -0.0557407694594489
-0.0108023239864993 -0.0147433197687581 -0.0892885799548573 -0.216116995163402
-0.00141409455125431 -0.0185727077624398 0.231605299846721 -0.2362534179361
0.011590201381458 -0.0119672269598323 0.419942842173833 0.121563704585978
0.00307616821100345 0.0140743089910564 0.107905016925124 0.453312675616421
-0.0197878533097889 3.74686751041962E-05 -0.223081823574511 0.261885868543035
-0.018250037177114 -0.00859979071983866 -0.00169620553497799 0.0438014555447049
-0.0134036155765757 -0.00753425323121289 0.248653106250629 -0.217096937795432
-0.00990499941313426 0.00570146276176356 -0.00540638300356485 -0.529688728921595
0.00437373111274609 0.00708718701178592 -0.442729601568652 -0.227403365932225
-0.00933674979304914 -0.00115197231173185 -0.285506633398189 0.268064802160922
-0.0122570328244995 -0.0065828207132672 0.0655768514851861 0.272723631512607
-0.0123942832282604 0.00192039143110516 0.143632456836367 0.0729563573419953
-0.00267624298281748 0.0150137155851602 0.0557077625530661 -0.0958170138238204
-0.00762164515000696 0.00726007322550158 -0.0387531510509248 0.0685115365729609
-0.017147624430414 0.000729583240049446 -0.113743382569851 -0.0574751729333072
-0.00907233030851951 -0.0184635108692417 -0.0835845326967003 -0.216914882947061
-0.00142503302145334 -0.0211918200946197 0.239075025734373 -0.226574714706082
0.0116678678123794 -0.00957147901922717 0.416343182888699 0.138168220756988
0.00261622992495672 0.0178630360930919 0.0921364322992931 0.461853330831935
-0.0204223451326031 0.00195088875717523 -0.23200248362866 0.259574331707849
-0.018282847544104 -0.0063355388831882 -0.00320040681783044 0.0439581844773828
-0.0141994858799755 -0.00462360821399414 0.24308110093508 -0.219749355705358
-0.00955031185864812 0.00988948114694668 -0.0228841001248823 -0.525764070335963
0.0042293121946277 0.00969035536773502 -0.448409183109181 -0.210351489530769
-0.010899841638658 -0.0038053177595611 -0.277901312215848 0.27843283721271
-0.0110531997501465 -0.0104002442264281 0.0711771195909283 0.273116863791425
-0.0118458812167743 0.00246677672794027 0.145749881891368 0.0698406013476976
-0.00568538637739322 0.0167289034228262 0.0580097416755772 -0.0978173841517979
-0.00976231763633178 0.00803191943814612 -0.0368888316485506 0.0670866189519012
-0.0157169685763034 0.00145835195456519 -0.110417034122248 -0.0597467495979016
-0.00720330471822555 -0.0208665459589437 -0.0780639401804161 -0.216814277062951
-0.00216243381711458 -0.0219020899468397 0.244316442274162 -0.216997688349712
0.0112116251606677 -0.00825250502008719 0.410730045406709 0.156543656163906
0.00265154919511519 0.0199126084607732 0.076436892147982 0.468901243096849
-0.0202968957268147 0.00413159218177584 -0.240661992801518 0.257942132062356
-0.0180199492240783 -0.00504014845839948 -0.00569316383517668 0.045098504445179
-0.0134849326556362 -0.0024598853506381 0.235819179681783 -0.221667103841099
-0.00913785756770481 0.0125089498488055 -0.0407255590274612 -0.518473986607679
0.00350101538709988 0.0111842426178706 -0.453266914700458 -0.192469463401435
-0.0122170992538267 -0.00473471404864499 -0.271596869658131 0.289549294064117
-0.00942424852834749 -0.0119770492447714 0.0776232019793627 0.271919594468392
-0.010443509828677 0.0045311268823799 0.148277189440781 0.0674153654721977
-0.00776238928184338 0.0178248483139192 0.0596726653390086 -0.0995135707920108
-0.0105069125052087 0.00840780964821685 -0.0359076722707628 0.0662669577602085
-0.0135477726643057 0.00355008123574268 -0.107189313759067 -0.0599338294886593
-0.00530774777490019 -0.0205040388036839 -0.0715695542694428 -0.217439719934844
-0.00266008732684422 -0.0223443683350987 0.249202915588168 -0.208483220115519
0.0104859679565026 -0.00725325607388961 0.402004365363518 0.171800482408101
0.00283198473080708 0.0200208911671405 0.0610026664073847 0.476917355409102
-0.0186648349048374 0.00416899892009463 -0.24770359765437 0.257269301276733
-0.0167571346914449 -0.00371265829982015 -0.00731715641706704 0.0456255386196452
-0.0120196147647915 -0.0010450122420902 0.229690652560592 -0.222177640267568
-0.00795490715389842 0.0132876598786193 -0.0528628008652519 -0.51070328925443
0.00198188394283716 0.0111195064272891 -0.460047526453937 -0.176916651910358
-0.0143157303964112 -0.00465618154578948 -0.265779624181878 0.29729357060338
-0.00777765535851357 -0.0116581894113128 0.0829301605852786 0.271231440928732
-0.00836523458333936 0.00674523466578609 0.151910999739207 0.0654607659521149
-0.008333989210666 0.0186891376942246 0.0608325265853242 -0.100909621222421
-0.00957841868008857 0.00889563664672865 -0.0347498154016384 0.0651717723970889
-0.0110079435219595 0.00564485350236438 -0.103850370581346 -0.059993955114462
-0.00300302725422346 -0.017795696891229 -0.0668994637649618 -0.218236794338246
-0.00416267776439493 -0.0204460423069374 0.250170151402881 -0.202925695108035
0.00929733344037252 -0.0078983147285121 0.396997738536394 0.184372083764161
0.00424187066760405 0.0178788595293892 0.0517782517773847 0.484096444904423
-0.0168868708234207 0.00371333896689188 -0.253152311161187 0.256899551661273
-0.015017252064961 -0.00331989371661874 -0.00851034123786305 0.0472355451437722
-0.0100614598887493 -0.00098965745988949 0.225489638665969 -0.221562883710987
-0.0064139257372653 0.0114391604040945 -0.0613194934784917 -0.505278006823978
-0.000315348983526549 0.010534802136708 -0.464593583468823 -0.164606473124728
-0.015724581414634 -0.00238514371514466 -0.263021493370816 0.302125846173935
-0.00618766329396577 -0.00865429467414099 0.0866389229374855 0.269552291295875
-0.00513351758761283 0.00965133807902629 0.154277265294841 0.0640436928811516
-0.00708185295998524 0.0190187001324099 0.0613986207751091 -0.101351278327984
-0.00725408604307048 0.00960672798380009 -0.0352495798572942 0.0649374035312701
-0.0088839599879375 0.0085799928110531 -0.101208373424008 -0.0591036258330914
-0.00180143983413697 -0.0133265446100948 -0.064518453522011 -0.217600631485579
-0.00479967199218178 -0.0177065833557094 0.249782812698904 -0.201090343157727
0.0077655419329604 -0.00977357169686337 0.39439432975051 0.187484634242058
0.00547466490034111 0.0146999454557791 0.0481218627096373 0.487087866658618
-0.0139933126159938 0.00310948378564787 -0.253325221475882 0.259596816725598
-0.0133498450387049 -0.0037143586578411 -0.00913848373794983 0.0482135173781722
-0.00750607739211364 -0.00226643277604009 0.222964507876958 -0.220752698149251
-0.00530234596626054 0.00759244733401129 -0.0662055322546215 -0.501884450317966
-0.00239894280366026 0.00899445545426762 -0.466402641251765 -0.157557447569587
-0.0169532838460304 0.000407883088346468 -0.262307006622581 0.30442966497953
-0.00432799702017741 -0.00393029896759702 0.0889187361386196 0.267910692032968
-0.00207865451295704 0.0126884147104364 0.156151326616949 0.0633149973864195
-0.00398582304909835 0.0191667935565429 0.060378405770806 -0.101350112287152
-0.00380025707291859 0.0096317057764994 -0.0355909507281917 0.064723117816137
-0.00630167941346921 0.0113024195523947 -0.0998986883494895 -0.0570301018229488
-0.00108503609178889 -0.00790646006341711 -0.06400156754045 -0.21922170356998
-0.00589955181902108 -0.014278795304776 0.247407621541822 -0.203540972219514
0.00613639304219659 -0.0125572345518462 0.392528475419421 0.187338275742483
0.00673133485195123 0.0101339669453319 0.0506090005009167 0.488809256385076
-0.0120435783163528 0.00141423021861233 -0.25201556557486 0.262426354921177
-0.0116567540014287 -0.00421092167322322 -0.00917178626369817 0.0500679820754523
-0.00507085290743931 -0.00408212556244568 0.224782666731733 -0.218188903437564
-0.00446696198695586 0.00280351152400925 -0.0620418846687062 -0.498722289878524
-0.00458729285427542 0.00673055202268455 -0.466673606871867 -0.162406595842858
-0.0174551012231712 0.0043271300678093 -0.266427308164914 0.302141067717125
-0.00259326162484288 0.00234013758512187 0.0870543114319791 0.267476823703056
0.000871091783590614 0.0153833793535224 0.15726927245792 0.0657922910128654
-9.35107449556447E-05 0.0182654059639821 0.0595938374446816 -0.100308893233449
-0.00116730987686301 0.00585726675118604 -0.0429072846908665 0.0701781229435131
-0.0166058344801116 0.00165070672108287 -0.117108531315172 -0.0509371376917345
-0.0109811993666317 -0.00926460718328239 -0.0935072530868382 -0.213536785023734
-0.00109024882952603 -0.0152468475401669 0.223402888282219 -0.244078921572339
0.0100637527725457 -0.0153324239469189 0.421546380930174 0.104270752181847
0.00402909437988108 0.00901791925708269 0.121534291106075 0.443933336419342
-0.018010125308555 -0.00260671508650479 -0.215005178839516 0.263676912659754
-0.0162031461029522 -0.00979784317522987 -8.16421959261286E-05 0.044069536751412
-0.0121031319669587 -0.0104053143673456 0.253159139406351 -0.213430035661956
-0.00924066032205878 8.63919026351419E-05 0.00579318120068794 -0.530040806177762
0.0031958887441934 0.00395323744809849 -0.437528981756931 -0.238270147563157
-0.00878197862277491 0.0022463408277923 -0.290247743791224 0.259883930741781
-0.0128602586665354 -0.000603969352237348 0.0610347334251381 0.271236249403521
-0.0114408936819484 0.00326858131965262 0.142696557064865 0.0737993868983638
0.0024226255756702 0.0138172892071822 0.053741430957061 -0.0934052281484998
-0.00456189076506075 0.00608614448140798 -0.0410704101589706 0.0694171796851798
-0.0177087498142469 0.0010789428997838 -0.116271727155355 -0.0544733036251969
-0.0107038596168242 -0.0144794708495338 -0.0895683747251263 -0.213899665680033
-0.0014903009650019 -0.0182768343740408 0.230365889467472 -0.236484142188116
0.0111161507243291 -0.0121954649943454 0.41839544162668 0.118919920212415
0.00301065228242834 0.0138100022832115 0.108428790316476 0.450637582814163
-0.0196719925887692 0.00037700186850865 -0.221852798286808 0.260890613778507
-0.0177695604773099 -0.00800941428518138 -0.00156542359512486 0.0435817192670669
-0.0135707547775974 -0.0077622715905351 0.247054304895344 -0.216187860702021
-0.00978055711687703 0.00555758948974058 -0.00869842908176817 -0.528666923389785
0.00454182698200409 0.00726065700181603 -0.441893381301884 -0.224977256564898
-0.00908431143427768 -0.000715970296461322 -0.28347044742768 0.268891743379697
-0.0120995622148344 -0.00626196180638468 0.0667797267401696 0.272012111801701
-0.0117943292935007 0.00233018610428744 0.144404682935335 0.0718692146748494
-0.00186031890058073 0.0153156226725673 0.0556095828223814 -0.0953316112763822
-0.0076186972069189 0.00675634513922427 -0.0388705473567439 0.0682151616165421
-0.0171591635218209 0.000811588131401882 -0.113563021089572 -0.0567160328658751
-0.0089724362971902 -0.0184132923935365 -0.0840424401422589 -0.214881460096371
-0.00175364911402158 -0.0208702481608356 0.237175700502384 -0.226634413669115
0.0113544372447469 -0.00966529749298704 0.415121152187486 0.135885753506885
0.00308981252425226 0.0174105340555733 0.0924760939266058 0.458589894278746
-0.020346615653506 0.00237670090302671 -0.230128122666564 0.258379041370257
-0.0181875513816183 -0.00608012434394216 -0.0031140532020429 0.0437255889423504
-0.0144508979009853 -0.00430329974049885 0.239743317672821 -0.219306957065531
-0.00999122210928682 0.00998361283745029 -0.0254639624823922 -0.523156525016648
0.00463776109498385 0.00951751360970881 -0.448548666942582 -0.207124588905136
-0.010665194552967 -0.0034358644819497 -0.276373947967249 0.278548043124341
-0.0110958465758804 -0.0101667672997534 0.0723470571640156 0.27171435080859
-0.0118009411591443 0.00251565477149449 0.146286753917285 0.0688987080993683
-0.00509045882291435 0.0164132948207266 0.0575423420580931 -0.0972675914953095
-0.00950747956092317 0.00800973653059212 -0.0372605606440951 0.0667221045223256
-0.015563671966184 0.00164646132927887 -0.111145560950626 -0.0586080130030193
-0.00723778625969743 -0.0202478360144824 -0.0778393166786923 -0.214834835727603
-0.00230961445222506 -0.022221019738876 0.243386614800845 -0.217697689607176
0.0111821915544507 -0.00826062844422308 0.409167917209292 0.152344570107288
0.00278715534239836 0.019686772543715 0.0769608750532958 0.466133622525491
-0.0199133408625386 0.00416097855197209 -0.237827141402437 0.25763647463284
-0.01759293082815 -0.00470120635596574 -0.00598298394372158 0.0444075820383913
-0.0139723072361615 -0.00185520644422927 0.23309317965603 -0.220786479693816
-0.00876179136839035 0.0125555212247758 -0.0406677125854067 -0.515965146435596
0.0038960966072369 0.0107261560623738 -0.45409561569734 -0.189245594655569
-0.012455194224905 -0.00478871426387807 -0.268524850155193 0.289432375294974
-0.00999558045730425 -0.0119343666097765 0.0788249399669754 0.271005014605183
-0.0102578738689081 0.00405539136775955 0.148858655300902 0.065915968794621
-0.00726882440285665 0.0178218075709777 0.0590287800305318 -0.099145465280794
-0.00990124351055802 0.00868057148480112 -0.0357916292889229 0.0655014523334208
-0.0133893669643626 0.00349207278970578 -0.107209396216522 -0.0595166560807608
-0.00484497277498181 -0.0200426857491454 -0.0721515819331968 -0.215311251528116
-0.00267236084126226 -0.0217853266103902 0.248431252903396 -0.208697800747961
0.0101133569384272 -0.00729427351533619 0.402855202897746 0.169366026059152
0.00312674598343308 0.0196192442943921 0.0621941733652601 0.474325985614119
-0.0190005400805765 0.00447658331451276 -0.245549698457944 0.256864604571467
-0.016487734362256 -0.00304219499568326 -0.00722081055809623 0.0454770331634011
-0.0122491664270637 -0.000728094048130066 0.227064072644326 -0.221080135185804
-0.00771470325473635 0.0131554122297876 -0.0545482562863407 -0.508769906105688
0.00174556235202447 0.0110431252090238 -0.459228567118167 -0.172898268283498
-0.0145173464150658 -0.0042845335865911 -0.263614001350508 0.297761641849281
-0.00788139003993365 -0.01118323436013 0.0838641313706909 0.269372882090774
-0.00785400916546454 0.00691449139512928 0.151336494233875 0.0644055961145427
-0.00741599499846243 0.0183510438960401 0.0609622642752874 -0.0998525599271747
-0.00950910912054885 0.00901826120821919 -0.0350335616844977 0.0649787969545266
-0.01101812597242 0.00585923543484889 -0.103792843604501 -0.0596497696533722
-0.00317195828867606 -0.0176152987671251 -0.066936618888196 -0.216164257911918
-0.00400837420762476 -0.020145653433962 0.249826974821195 -0.201770591106633
0.00921113676382182 -0.0078196644917856 0.395820256199785 0.182285943659827
0.00382279760935523 0.0178687146337991 0.053263184322029 0.482077011266297
-0.0170637562445583 0.004080740091135 -0.250933237401739 0.25665388752128
-0.0150496719175533 -0.00280830980675975 -0.00857885577614589 0.0467707859212467
-0.00998859275550198 -0.000867654556508754 0.224179307600424 -0.221152338083678
-0.00671193972656332 0.0111054655263362 -0.0632522202530571 -0.502524756535125
9.79078964087341E-05 0.0103121007512056 -0.463553609261286 -0.161622727807936
-0.0158684708942351 -0.00257131035938043 -0.259913356476277 0.3030690830316
-0.00639698760452424 -0.008909554537277 0.0876077053542524 0.268084703696872
-0.00470530490703713 0.00995347265456563 0.15439121252244 0.0629566805019896
-0.00647537228617019 0.0190895771262025 0.0607122748896199 -0.101171909539554
-0.00676300276679333 0.00956701691371392 -0.0347693524952317 0.0641412895822102
-0.00840219952802194 0.0085544709158403 -0.101247673333971 -0.057970170310208
-0.00206187820061926 -0.0130925498504502 -0.0649287326071054 -0.216986776408151
-0.00482547778902756 -0.0173933470163148 0.249676701275329 -0.201019286470774
0.00771223445535023 -0.00944535076232587 0.393352762986228 0.184964887305425
0.00537714942828927 0.0141644602611997 0.0505362961589892 0.484275960318595
-0.0145653767507526 0.00271229499952986 -0.25213052725509 0.259446075650436
-0.0130132515008354 -0.00314330351504685 -0.00949300626776612 0.0486875362446301
-0.00744027830844691 -0.00187468302518837 0.221724608452333 -0.220432707029964
-0.00532931134107334 0.00776189834756116 -0.0683634278473143 -0.498140810268547
-0.00267908561369674 0.0086092327023381 -0.465876944010926 -0.155931570291203
-0.0170066242778988 0.000750378221274636 -0.259864911840177 0.304627670078381
-0.00435067785311273 -0.00399853910286645 0.0901723048032509 0.266466353395539
-0.00198450595114203 0.0132060310144727 0.156671093791568 0.0626887218042339
-0.00311494270997399 0.0187966641730433 0.05979484684399 -0.101148123084579
-0.00383496326564218 0.00951316159450359 -0.0355929635670225 0.0638423904004413
-0.00638654514120229 0.0111117361409535 -0.099608201312587 -0.0560268987855228
-0.00148491175122911 -0.00783824227305097 -0.0640532439664478 -0.216551695302845
-0.00572129321088056 -0.0140124066417984 0.246286378473568 -0.203993974260683
0.00598330412858866 -0.012312601022604 0.392758504503044 0.183318149986748
0.00667435864460672 0.00972972356383109 0.0539514468657053 0.486720629245014
-0.0120789636756306 0.0017019290764554 -0.249828689358006 0.262425415103043
-0.0113971161119527 -0.00420511359733608 -0.00949897412134024 0.049612648245702
-0.00536636718798657 -0.00390810444207624 0.222594105336942 -0.218126252448331
-0.00448428870352411 0.00274163934122853 -0.0631119599813742 -0.496953398727216
-0.00459005597778892 0.00661195452511693 -0.465874901359712 -0.157454805347784
-0.0166344889955718 0.00434143975131861 -0.263647098743533 0.302376318575736
-0.0026568167164296 0.00207266388383576 0.0885233728238798 0.266239977854275
0.00116643572175086 0.0157340406117917 0.157096591744867 0.063851588596997
0.000445313665106398 0.0182529347473115 0.0590379325594307 -0.0998432058042927
-0.00109226965995253 0.00584127255809542 -0.0429098893825056 0.0699434125222747
-0.0165667650527959 0.00205406565430071 -0.117414444904323 -0.0501761635304565
-0.0107689027721806 -0.00921076603347202 -0.0932959237721176 -0.211858487307613
-0.00149165558114542 -0.0148947648108183 0.222546843288535 -0.244560225826806
0.00995780336726556 -0.0149400172268559 0.420978864315763 0.102406558327851
0.00376763038543785 0.00862276314447228 0.121933584365736 0.442674314084919
-0.0184803122065873 -0.00196014761495145 -0.212933358152271 0.263185164544572
-0.016144090461327 -0.00958814039191402 0.000107927423892743 0.0440438257243379
-0.0126661778871028 -0.0097430724748902 0.251231541656636 -0.213270904616037
-0.00950612719525855 0.000130690220534887 0.00383263198728989 -0.529186900533679
0.00355829585569827 0.00401624669986612 -0.435697131948028 -0.236227739938687
-0.00907250817340476 0.00242432725585431 -0.288078166591116 0.260271711842468
-0.0129728600453526 -0.000792614878145501 0.0625397076843367 0.2702242156291
-0.0112320274550758 0.00348089138664676 0.143104169870901 0.0734281167532899
0.0029712238503711 0.0134557262303185 0.0531001192041765 -0.0928886348140351
-0.00469837020743566 0.00626781014305626 -0.0406908526524789 0.0692699921309656
-0.0170672842923308 0.00116528529384296 -0.116360385917505 -0.0533833366384335
-0.0108514038878886 -0.0143163317386105 -0.0894241217293408 -0.21192783221772
-0.00156566586596345 -0.0180639684627917 0.229098881503813 -0.237272727451891
0.0109316571588377 -0.0120307561228207 0.417652730325701 0.117148325724679
0.00298080118874247 0.0134840354155149 0.109936954603144 0.448698492180592
-0.0198749673432753 0.000484196588803763 -0.219690558022558 0.260208306151833
-0.0173274367455284 -0.00774189227465378 -0.00140944981106873 0.0433313088590992
-0.0141219936688046 -0.00676605498265049 0.245851332907321 -0.216311658983465
-0.0101652263212897 0.00577898590476197 -0.0103204660212682 -0.525430258175342
0.00431861109214174 0.00678471350022781 -0.441381440327323 -0.222618264776678
-0.00953597826185673 -0.00120785147610437 -0.281487273694898 0.268965198371695
-0.0123016342342041 -0.00626593474485399 0.0676948247899547 0.270516080283343
-0.0117779605402312 0.00225111260533199 0.144434837631236 0.0706889251522287
-0.00130936561513587 0.0147940866357485 0.0553835335057061 -0.0949423570801741
-0.00740406057546241 0.00695330357116632 -0.0391616929784544 0.0679399547124645
-0.0168511100306064 0.00122353147046675 -0.113530579257423 -0.0555932116551839
-0.00913257325433365 -0.0183689740308076 -0.0843456196539304 -0.212597614896573
-0.00206256619307296 -0.0206118780448398 0.237152510886165 -0.22692416658209
0.0114652060363262 -0.00961215532741047 0.414636185607597 0.13325371292248
0.00258799014546166 0.0169161980814191 0.0952541433370214 0.456238261534095
-0.0203224790447208 0.00247498191111391 -0.228164076282265 0.258183993836935
-0.0178082394541675 -0.00568108150503301 -0.00305298653932643 0.0442094255849082
-0.0142832106809587 -0.0038086134468885 0.238190085756362 -0.218708974401414
-0.00985606996365575 0.00958987943208476 -0.0274886950494885 -0.521320949447029
0.00475615910243429 0.00910089762534425 -0.44715449251791 -0.204303283258753
-0.0107673907774477 -0.00361537535226731 -0.274269466738027 0.27917894133271
-0.0112608654204142 -0.0103939898773516 0.0743445263151499 0.269803121603885
-0.0114921486140402 0.00296251102108338 0.146349114652343 0.0680331709864792
-0.00456081516139153 0.0164314305812922 0.0573561927629583 -0.0970749626992139
-0.00959103918603733 0.0080813116442015 -0.0367593097603498 0.0666479303980004
-0.0156026842969219 0.00211554833207291 -0.110938094228835 -0.0574623158826503
-0.00731885661815033 -0.020459540630257 -0.0783279172948709 -0.213300636420048
-0.00212830279347575 -0.0219872236294873 0.241914654373432 -0.217178620863302
0.0112355429039359 -0.00807999499531426 0.408022107452361 0.150978927332191
0.0026470154907673 0.0188925287167196 0.0789959849963937 0.464150875097582
-0.0199467073875952 0.00441525209639626 -0.236751684894779 0.257568844234763
-0.0176961634383123 -0.00412868386872204 -0.00593833795943041 0.0445865325326902
-0.0140334177740325 -0.00172612190958486 0.231138807460669 -0.220712185131199
-0.00929631552073176 0.012537750728945 -0.0430920659607466 -0.513391018646979
0.00413883348756173 0.0106561124943227 -0.452776175471257 -0.188346243807318
-0.012654881478604 -0.00467176249206112 -0.266320126909242 0.289730147212156
-0.0100211263023517 -0.012043820281281 0.0793567995058644 0.269797423572817
-0.00976912331075953 0.004492908815072 0.149024677127568 0.0651338483218032
-0.00691777774136295 0.0178569762623235 0.0591502329489326 -0.0990160900990278
-0.00980375935452132 0.00854554331930427 -0.0357723034833672 0.065103503348071
-0.0128972603948624 0.00339820142696072 -0.106957694491808 -0.0586953445815741
-0.00545516549485296 -0.020118130025441 -0.0714624140254527 -0.213413404280267
-0.00330097799473387 -0.0219543868040751 0.247201337589561 -0.209550165178481
0.0104362326325547 -0.00757456106916928 0.401930893847051 0.166603736893534
0.00301854849385696 0.0194475085823011 0.0652629052600603 0.473985499108949
-0.0187259700992077 0.0039197890455113 -0.243937338804421 0.256097048833968
-0.0166729991065808 -0.00263224981347482 -0.00707229344367496 0.0453000520554762
-0.0124391752356367 -0.000561930689858674 0.224743234293496 -0.221264649261465
-0.00766998736134985 0.0129593163680205 -0.0561541115828625 -0.50681866655807
0.00235163741510012 0.010958329818808 -0.458619603853099 -0.172724301547065
-0.0140660846697464 -0.00377559155324087 -0.261260151923155 0.298308964576045
-0.00818750342187075 -0.0109917681690887 0.0854514365934404 0.268159260900142
-0.00744686068804439 0.00701969874909076 0.151843712394879 0.0633320743735912
-0.00686859159927686 0.0184731556610574 0.0602559438245123 -0.100216162061794
-0.00912140822502761 0.00945213990053811 -0.0358373750922977 0.0640530297405123
-0.0107862224094748 0.0058506013904986 -0.103659751791162 -0.0585731214370603
-0.00300045917921465 -0.0175148738845357 -0.0673627511114026 -0.214632898206747
-0.00415862884824818 -0.0198620275771488 0.248615433892598 -0.203092865794473
0.00893138956614485 -0.00793657077048675 0.394689944414538 0.179463071442102
0.0038979957743982 0.0173892150610672 0.0563426621169253 0.479871717433723
-0.0171011593721122 0.00398155573839361 -0.24882499359769 0.256713238776647
-0.014772415477158 -0.00258186027129487 -0.00876159781340792 0.0471889026545637
-0.010283770651502 -0.000352192897019052 0.221973019223307 -0.220039712998781
-0.00681406840433452 0.0111411788359268 -0.0658818438865428 -0.501082621045334
-1.25733499358347E-05 0.0104967662480584 -0.462545671374687 -0.158777526050546
-0.0159728967064742 -0.00215549582734361 -0.258004589368749 0.30252267327539
-0.00595305034626217 -0.00891336142098654 0.088560845595716 0.267050868384058
-0.00475489595900592 0.00980529077291391 0.154354294508043 0.0624988821016799
-0.00560208324716152 0.0186910672275365 0.0606048463276504 -0.100757299697804
-0.00698131900875156 0.0093195043851503 -0.034898982577472 0.0634937289762171
-0.00822754369194112 0.00894201331211436 -0.10102851785916 -0.057217435029745
-0.00220446337108612 -0.0131593969658765 -0.0645963834831121 -0.214404124577809
-0.00509130514786061 -0.0172937386056492 0.247868974815824 -0.202498455457292
0.0075850947778541 -0.00979068982461896 0.393175674821405 0.1834255541822
0.00525044584638052 0.0140701280775924 0.0520759687309351 0.482684523895313
-0.0146076427704759 0.00305850267062733 -0.250451509314338 0.258517266779682
-0.0127762159626677 -0.00264097069307827 -0.00897883742365451 0.0481069810256742
-0.00787598920184139 -0.00126184026340473 0.219395124736292 -0.219273424905161
-0.0058756336384091 0.00852928297695031 -0.069849932393556 -0.496101672282502
-0.00240530124723813 0.00864266605576122 -0.465007238910709 -0.152525994580137
-0.0167249388544593 0.00133590800862292 -0.257059873290651 0.305863975208047
-0.00435466592502751 -0.00377476053895484 0.0910830093796939 0.265308732957007
-0.00107385013327442 0.0130947436534674 0.156523232351167 0.0616090195998569
-0.0026070199261212 0.0184003214299309 0.05956705826785 -0.100533780632498
-0.00366784791858237 0.00998458597854101 -0.0357295083618535 0.0636633238210265
-0.0062828823476294 0.0112126617892783 -0.100072242582642 -0.0556861175086225
-0.00114118110390411 -0.00755752925430341 -0.0637447372219933 -0.215242661134104
-0.00585044191451168 -0.0139812600628779 0.244934857331703 -0.204959686607587
0.00590921411819752 -0.0123116048065773 0.391680129268188 0.182339742419708
0.006695164716519 0.00940753648279645 0.0536886444219461 0.484350104907637
-0.0117940789672813 0.00123376685601905 -0.247798435735982 0.262061378343575
-0.0111258715071503 -0.00418493208799494 -0.00908092004285128 0.0498768764453018
-0.0052134737587134 -0.00378191351367769 0.221570904360012 -0.217272819309989
-0.0046881017668842 0.00326292612084471 -0.0651091088079139 -0.494376560722685
-0.00439091064058159 0.00654858623606477 -0.465598947125401 -0.156119840874611
-0.0167595306658393 0.00477954403026134 -0.262295759174775 0.303007052502366
-0.00272702656168101 0.00221557279897293 0.0895890118466774 0.264015365227556
0.00142696859193587 0.01568245836624 0.157399339541697 0.0632466343365283
0.0012663678120385 0.0179699773620164 0.0586546927887319 -0.0993298030613965
-0.000539356959965866 0.0059421781108941 -0.0428543050722505 0.0696515824953013
-0.0164924807848378 0.00221651904612893 -0.117867998106631 -0.0499172719646721
-0.0103864040362666 -0.00910055814488854 -0.0937505440084511 -0.210471580713045
-0.00153128750019079 -0.01445801203279 0.221008034250803 -0.244869875459023
0.00958497793284282 -0.0149427450808584 0.420876804793354 0.100948946714376
0.00368902457382743 0.00823493481199033 0.123380988445862 0.44052746908722
-0.0183270229863314 -0.00242269415042862 -0.210723246045694 0.262830988052607
-0.0163636417124209 -0.00922255548622733 0.000173318663281605 0.0442768512721506
-0.0124045114922349 -0.00974048942751476 0.250141382378821 -0.212682052167633
-0.00992932468708819 0.000161711983939817 0.00158315392067557 -0.528053039430737
0.00406907120565746 0.00361980682184639 -0.43648966692587 -0.234903961737515
-0.00904800477466516 0.00254219264765119 -0.286096075246135 0.261403430793442
-0.0127440561163728 -6.91235142541401E-05 0.0637426841134118 0.26944153721545
-0.0109767864171756 0.00357938830574465 0.143423700139477 0.0726716529398663
0.00336565114718201 0.0132783855681444 0.0534525519414133 -0.0933357921276899
-0.00434940912113936 0.00630710779993281 -0.0409486823828404 0.0685358333139528
-0.0175556036802442 0.00170174384050001 -0.116276468888041 -0.05222702693844
-0.010236192569819 -0.0144698677550706 -0.0901828935346992 -0.2107576666922
-0.00170928605631172 -0.0179146957705468 0.228569110966766 -0.237099303571605
0.0108940078591487 -0.0124112503988956 0.417612715339162 0.115172362915398
0.00300184177591942 0.0130479838709594 0.111659670024727 0.447143327148909
-0.019876004847079 0.00029694391377868 -0.218015562007719 0.260271557680509
-0.0175904266086245 -0.00784237978162749 -0.00148760017507351 0.043676808683275
-0.0139576333754215 -0.00654941230393782 0.244077316850967 -0.215410427300812
-0.0105774689942154 0.00587450708852743 -0.0111646588276944 -0.523827475121727
0.00481899071992842 0.00657143505745613 -0.440590054656111 -0.221431961832189
-0.00924418725750721 -0.000635218446242613 -0.278932665744384 0.269937552106225
-0.0127437706670636 -0.00654059843971614 0.0688344124480131 0.269658581353762
-0.011551854896496 0.00295654814208058 0.144860398480408 0.0697321761014703
-0.00052263961673604 0.01467154756489 0.0550286090898594 -0.0952068378704802
-0.00697487236729706 0.00738455772528398 -0.0389580188183007 0.0674573370232607
-0.0167161777971324 0.00110932220629472 -0.114123053062638 -0.0550138930903189
-0.00928040615267449 -0.0180877417478975 -0.0848363033798653 -0.211691023228625
-0.00197977279347422 -0.020259945247284 0.236199916011976 -0.227363793131268
0.0113812528832361 -0.00987553822897188 0.413766311539013 0.132785168312966
0.00261320356253033 0.0169628029738711 0.0965750957878665 0.454722885204064
-0.0206779088442001 0.00221804670963998 -0.227489397142353 0.258691771182782
-0.0177460504733492 -0.00514898086292036 -0.0036849066966332 0.0440368520629747
-0.0147789465411611 -0.00414881667325087 0.237917517888523 -0.21772719817053
-0.0101024879319547 0.0100740971264335 -0.0291519021350486 -0.519113413902404
0.0050975941258031 0.00912008427928813 -0.446427943649539 -0.203799294093292
-0.0106698734581796 -0.00340940866767706 -0.272091802822169 0.280176125317597
-0.0114739970060373 -0.0101676464449312 0.0744924473076972 0.269462672943145
-0.0110997924302655 0.00322658929149711 0.146637036527257 0.0672707307180632
-0.00404492002093546 0.0159859183826115 0.0568664603478536 -0.0967923870271274
-0.00929147795205066 0.00814152506700018 -0.0371698711909578 0.0660238000841401
-0.0151158921837526 0.0021465329468405 -0.111322833026354 -0.0564781926041639
-0.0074261297424159 -0.0203278052733399 -0.0781484811108882 -0.21194091010458
-0.00240966686386732 -0.0214763105358001 0.241717969120928 -0.218698790333117
0.0107436072433654 -0.00800599032515267 0.40827629531002 0.149544513293784
0.00255534243145942 0.0190718035670433 0.0810251146460603 0.463614464874074
-0.0203332936548168 0.00417924863123973 -0.235070376548315 0.257321685516262
-0.0173508205494557 -0.00374604919923185 -0.00544607774115072 0.0447208503527154
-0.014349426615922 -0.00168789841257843 0.229826739479991 -0.219876937455579
-0.00930672614060951 0.0124970282403863 -0.0456033035073677 -0.512755496682501
0.0041515724903611 0.010556563734321 -0.452923277175472 -0.186776744406349
-0.0126303054104455 -0.00414491622573143 -0.264757913455452 0.290950560696775
-0.0101956529804197 -0.0121253842661815 0.0810935407209925 0.269195550963945
-0.00938023667840739 0.00508450220398037 0.148765217965221 0.0648058402041948
-0.00608629450917885 0.0167760153852998 0.0585950465601515 -0.0986389331112254
-0.00955381868962706 0.00844375609869091 -0.0359379137411 0.0648490362524047
-0.0131567926665772 0.00419305237375395 -0.107720980705356 -0.0575057990152362
-0.00530108628273547 -0.0199828478219938 -0.071823599111046 -0.212720465253207
-0.00308495313428665 -0.0212410827942798 0.246100091362936 -0.210344138731476
0.010113310792601 -0.00735851075627443 0.400302298600726 0.165315085626088
0.00292986283726598 0.0187851730000825 0.0672879206739407 0.4729820232189
-0.0186698536402489 0.00471103580488997 -0.242176254572809 0.256242876382664
-0.0162770557093954 -0.0026057399401975 -0.00713943142916876 0.0456348072836134
-0.0122148159444546 -0.000127508772877378 0.223949855266746 -0.220398535112517
-0.00814115924434238 0.0132741616465037 -0.0588872406978064 -0.505886546035967
0.00230727920828931 0.010633992596567 -0.458372706152269 -0.169639085211368
-0.0148963938486173 -0.00389419192811667 -0.259190473881861 0.299022474297259
-0.00826436501750709 -0.011671568161725 0.0862687012183845 0.266807565146702
-0.0068840234861069 0.00735988922954771 0.151849496436375 0.062759257476556
-0.00646436174478461 0.018052987017167 0.0598693920717915 -0.100103294348921
-0.00878577145966345 0.00917845446556048 -0.0353103575377712 0.0639790608610163
-0.0108334757822679 0.00640475780508749 -0.104052736320026 -0.0577976216512992
-0.00320672981992911 -0.0175423521373351 -0.0671302330654931 -0.213825284693651
-0.00416290421423936 -0.0195399430974475 0.248252996256309 -0.203806966943915
0.00913518600916367 -0.00795217730169606 0.396071704314 0.177235844085097
0.00386566549958896 0.0172315533753596 0.0570724285561713 0.477332312798931
-0.0168523042897344 0.00426072809866726 -0.247625625030167 0.256485823675075
-0.0143771926066959 -0.00237302988359711 -0.00868929450412216 0.0471467707255985
-0.0105839911477399 -0.000376331061354621 0.220448790662927 -0.219305603550002
-0.00730176801040639 0.0110382990570318 -0.066318750418829 -0.498874934895679
0.000126525249814667 0.010184130088132 -0.461836008771519 -0.157206281265643
-0.0159222111766627 -0.00162236536723491 -0.256001675429904 0.303342072024072
-0.00701057122357219 -0.0084470674668745 0.0895963704922372 0.266069111907444
-0.00409972438606822 0.0102950990921144 0.154222206311384 0.0617704518312878
-0.00502730477495353 0.0186295328794236 0.0600304862484078 -0.0999253108099588
-0.0066718763258346 0.00966169812355248 -0.0353358253022355 0.0636145117710542
-0.00801702701813541 0.00871795966050499 -0.101623222006137 -0.0568791209235987
-0.00182228347596125 -0.0131295683309905 -0.0655288726078705 -0.21358245839327
-0.00523059326593714 -0.0169819988728639 0.247719668321248 -0.20294821390263
0.0075988032765213 -0.0096693089703745 0.393521532702147 0.181743028156858
0.00524858999116567 0.0137335310774403 0.0533420332388701 0.481844505131758
-0.0145006742082729 0.00328977576269536 -0.249119691650589 0.259478924001648
-0.0126782838930502 -0.0027935294557274 -0.00898861969532382 0.0484452430973508
-0.00814664099455517 -0.00152669199688655 0.217982444610306 -0.218984275185526
-0.00606336045864421 0.00795385701250098 -0.0714229882137006 -0.49470514693491
-0.00191360591775179 0.00871403184970162 -0.464826248698478 -0.151761407523401
-0.0167907398811022 0.00144394631573177 -0.255417811784736 0.306291908218794
-0.00437553752756867 -0.00363945882455928 0.0923138947980917 0.264613557166739
-0.000939029126554716 0.013194288350031 0.156699932677564 0.0611867380980562
-0.00248173919237239 0.0182706398672384 0.0594726802226637 -0.100121042319526
-0.00340802686572438 0.00969465663594754 -0.0355764853835767 0.0634770690304513
-0.00615056662954957 0.0114773983858575 -0.0998603071176763 -0.0547722969615611
-0.00115217074507342 -0.00724489408610035 -0.0640171576831439 -0.214772709324433
-0.00600586090516644 -0.0135766339224069 0.244271786931058 -0.205482900179049
0.00560220962186318 -0.0121142947536819 0.39146059119455 0.179708903332232
0.00646320436840385 0.00946336985442495 0.0570412255432389 0.48310833457672
-0.0121125869261909 0.0016212953239497 -0.246573726779389 0.26164366846156
-0.0109604315696151 -0.00361524187641174 -0.00935860930482452 0.0495377536832256
-0.00548304736823516 -0.00325313503688249 0.219169781338919 -0.216952876668204
-0.00506560113217377 0.00260255951559621 -0.0669674546604332 -0.493602849690648
-0.00391146428761512 0.00649359710764751 -0.464824193606987 -0.154504555547859
-0.0172118946706504 0.0048765077302165 -0.260073022038991 0.304049959664888
-0.003124826587814 0.00178477483722412 0.0904631885645896 0.263651286344418
0.00164746995925366 0.0161761581550975 0.157907313373742 0.0620848279013127
0.00156887109552732 0.0173520130229184 0.0587453285858129 -0.0989314768215133
-0.000441387765101579 0.0057439618427017 -0.043074697395967 0.0692766615181483
-0.0164488011291034 0.002686060847498 -0.117937666905234 -0.0489288037492561
-0.0106697636867602 -0.00876397699557877 -0.09336374773838 -0.210088115103971
-0.00162259253198441 -0.0138190968935761 0.221683560674101 -0.245855369967723
0.00960743551157145 -0.0153384725091973 0.420975720522035 0.0989412907948375
0.00337282072758553 0.00782409371967299 0.125048996208151 0.439819656172952
-0.0183248130881529 -0.0018069520801534 -0.210137286879219 0.262702528674757
-0.0157210258475492 -0.00895867838673611 6.73625275666106E-05 0.0439721792900559
-0.0132999257967747 -0.00911082367487206 0.248373228617543 -0.211995538262186
-0.010255245504535 0.000260427369757045 -0.000508093559803043 -0.527031393473778
0.00350758278773402 0.00371477251042131 -0.437170252974109 -0.232633113987438
-0.00869797289067378 0.00280319946100995 -0.285067513659313 0.263030622022102
-0.0130614665695033 -0.000776253826168959 0.0643131336681691 0.269100240771433
-0.010399208118303 0.00367407371797942 0.14371555733614 0.0718499828516881
0.00373121838530229 0.0133520255695983 0.0530595331276078 -0.0925715025261361
-0.00411986167013751 0.00622715706172945 -0.041268343591695 0.0677600268112392
-0.0173114816407158 0.00151644103893013 -0.116815043969445 -0.0517749777566765
-0.0105909133634211 -0.0144283008583978 -0.0896276424627754 -0.210117656501991
-0.00163452541485247 -0.0175645595916891 0.228904814846853 -0.237274919459274
0.0111025147225521 -0.0122260702452573 0.417113657429137 0.113794204298289
0.00304533511620574 0.0127496532112994 0.112801273843164 0.447224702310297
-0.019952931111453 0.00091446965341599 -0.217258005863489 0.260378707134264
-0.0174277321203927 -0.00751889966297279 -0.00190594855855201 0.0433132402168857
-0.0150132737546638 -0.00630151346162318 0.243103836195984 -0.214932674420455
-0.0107920764188983 0.00560009953263401 -0.0130167495649906 -0.523498895245809
0.00486451765370076 0.00692271607751404 -0.441576729401248 -0.220516752181869
-0.00939771518030605 -0.000712371168594402 -0.278433627416978 0.270635253117
-0.012685469633119 -0.00629764328468553 0.0697357563557203 0.269214918484731
-0.0111282661666566 0.00295220350062404 0.14509738140166 0.0696351275538294
-9.74922041172711E-05 0.0143124218704645 0.0552557963022928 -0.0945209722768309
-0.00678146422066957 0.00676891218679215 -0.0394642827697404 0.0670694849044485
-0.0168455729899172 0.00133821051233526 -0.11478493654642 -0.0543073611379816
-0.00951985726271828 -0.0183737797235326 -0.0837625723953826 -0.211100691064206
-0.00201648161724302 -0.0200014874611715 0.235821922188638 -0.228540783935235
0.0115056278430469 -0.00972098822145863 0.414064862529656 0.130254122245095
0.00269246911038985 0.0167631103082696 0.0982480921454966 0.454428301511716
-0.0208705206709537 0.00285127061393917 -0.226331802370385 0.258998966665195
-0.0176581818381622 -0.00520743485496631 -0.00359638487590516 0.0440495053099584
-0.0151345238093865 -0.00370478624802755 0.236581066341112 -0.21826667903577
-0.0103346839550993 0.00960526086052102 -0.0299146125316248 -0.518549969374812
0.00497453206233423 0.00895442063965962 -0.44845623235349 -0.202585005758028
-0.0112168869196875 -0.00309809702134725 -0.271029425287031 0.281273067752145
-0.0117555011348183 -0.0104218220703993 0.0761391167752276 0.26910408281862
-0.0106737809550257 0.00369495685615623 0.147447945497606 0.0663112940433234
-0.00352040680879629 0.0160611785240855 0.056947841098119 -0.0969795758143042
-0.00882909649129621 0.007926659655071 -0.0373974064406356 0.0657409104668049
-0.0154763950096403 0.00225274751333363 -0.11114013473298 -0.0561433591343912
-0.00744867526280204 -0.0203258552541632 -0.0787373808281328 -0.211135668088895
-0.00232353284747277 -0.0212844569608234 0.240830588315478 -0.219454025939576
0.0108974113512829 -0.00803242515549237 0.40756980968169 0.148192996205515
0.00252427992839297 0.0184828894039291 0.0826886550440784 0.462848002229845
-0.0201540338342667 0.00416807885111341 -0.234318666727088 0.257324506695631
-0.0172037960692642 -0.00372296501352179 -0.00555139385588034 0.0447061306667539
-0.0141559728899554 -0.00127044314367267 0.22876120834928 -0.220093937299316
-0.00940748942815667 0.0127399418302028 -0.0464833414457583 -0.511491313953758
0.004342672483062 0.0103601578251128 -0.453179251231239 -0.18405563224982
-0.0130065085051188 -0.00391121871867275 -0.263855080773815 0.291924859782584
-0.0101794341376286 -0.0119887885537004 0.0819696878264833 0.268378843635705
-0.00906444533551166 0.00483313784515571 0.149646730209132 0.064180660072239
-0.00573847254955724 0.017022522649785 0.0587648831034228 -0.0984709715265705
-0.00941476963416877 0.00848265129821578 -0.0365041696571591 0.0648696188012113
-0.012997294322407 0.00409278517087242 -0.107689382694411 -0.0571166526829106
-0.00528356550125353 -0.0201216685011422 -0.0714749458329791 -0.212300123693283
-0.00345751890574632 -0.0208728593591134 0.245721835541271 -0.210163495820464
0.0101965052439525 -0.00729941317784531 0.401687076302721 0.164425185862563
0.00324368008666033 0.0186460437317374 0.0679245126124017 0.471412413157744
-0.0191936983557373 0.00458902092845994 -0.241383676330952 0.256078827068609
-0.0158715345503681 -0.00291287209951681 -0.00741024134102318 0.0455925587373597
-0.0128260494023141 -4.74780365452392E-05 0.223047058129422 -0.22012597749663
-0.00813493051764746 0.0129795396394647 -0.0598471886392879 -0.504648069459653
0.00298387012762472 0.0105663970634991 -0.457556265590362 -0.168601616052448
-0.0146806575790755 -0.00341212677364322 -0.257900061150551 0.299844532861788
-0.00862696463156764 -0.0109343346068046 0.0873459101410558 0.266846904713845
-0.0066231208990831 0.0072744441473618 0.152725163391021 0.0619359695773337
-0.00570824757659155 0.0176947712451411 0.0600459455865879 -0.0997275968428114
-0.00877744316183346 0.00924327861232447 -0.0357454057589856 0.0635890545515129
-0.0105871332579899 0.00644549915427601 -0.104623911514787 -0.0572590171022596
-0.00307180352433346 -0.0175754036038235 -0.0677292555589436 -0.212293051346252
-0.00412514049856194 -0.0193036517088284 0.247957309495989 -0.204884321156196
0.00833175831403732 -0.00783399991808424 0.395332942728072 0.175634793867797
0.00386698631415753 0.0170633062857771 0.0585424406563779 0.477183399290232
-0.0169569766490882 0.0044588285403594 -0.246829347990364 0.257112420420407
-0.0144636818206733 -0.00244861728261348 -0.00853974589756834 0.0469478617759892
-0.0101497121628071 6.68227287266947E-05 0.219253326689559 -0.219500778449222
-0.00696800345097129 0.0111550838158144 -0.0671810132632304 -0.498714629616042
0.000489034730119089 0.0102796584390864 -0.462984840774363 -0.156770731785306
-0.0157602264643701 -0.00199080334660254 -0.25466508094967 0.304691401930674
-0.00630876293508968 -0.00822757175060353 0.0910542588965798 0.266189706170674
-0.00417610509501283 0.0102748427818278 0.15533406894535 0.060684693239417
-0.00452848766486834 0.0181899219378605 0.0600294000939348 -0.100276455038488
-0.00646211208056677 0.0101200178231912 -0.0353556133639434 0.0633049732635964
-0.00775354327643872 0.00910096899104008 -0.101942520881227 -0.0558331248381507
-0.00186978374346219 -0.0127822608919715 -0.0643124735083784 -0.213537997872149
-0.00557631450654913 -0.0169106465906111 0.246853221407182 -0.204302575034015
0.00719638688932459 -0.0094979628899304 0.393112663490305 0.179554228178021
0.0049663519972114 0.0135116933263647 0.0555186415654695 0.481295869753531
-0.0142115266536963 0.00336043622340085 -0.247553456780879 0.259648688551888
-0.0123969936888976 -0.00232077633504808 -0.00904800189365412 0.0481794408027842
-0.00750494129194364 -0.00120329493171043 0.216592269999484 -0.219600722177336
-0.00587367472612981 0.00768245474460861 -0.0718966583405803 -0.494301915164775
-0.00199733807796367 0.00827453101587298 -0.465574940757969 -0.149015929155057
-0.0169431912256076 0.00135092338914084 -0.253757503173323 0.30801778297456
-0.00456474046115768 -0.00413173256321471 0.092875875368675 0.264566438085581
-0.000699160861911086 0.0136114998708362 0.156998608880108 0.0605428332416729
-0.00158772694769447 0.0181317256322628 0.0592958348258311 -0.100299609466024
-0.00321873436633822 0.00978498148925703 -0.0363691221142895 0.0630036886785656
-0.00580905866851494 0.0115798142229035 -0.100476688467475 -0.0541990640769482
-0.000719454943183453 -0.00728760970175832 -0.0639068382632171 -0.213390494749751
-0.00594188992603753 -0.0132229872948432 0.244614257608407 -0.206566041074434
0.00575284314786831 -0.0121291448821565 0.392573400558492 0.179021494723138
0.00652825882110667 0.00880543425770853 0.0584039666303667 0.481995772378326
-0.0122489702523786 0.00191234417296147 -0.245658587244069 0.261595095617292
-0.0112407685166264 -0.00344156280208497 -0.00958528648811305 0.049860828508045
-0.00588573878013376 -0.00349337398438239 0.218915918513145 -0.215957962570748
-0.00550250844925171 0.00283680118208081 -0.0680333389986984 -0.493131635490543
-0.00419790873911737 0.00627284007507228 -0.463705407970713 -0.152700296394573
-0.0169084874468258 0.00515541639411403 -0.259010004862336 0.305042311106122
-0.0027450740939872 0.00196340727007904 0.0919028994785861 0.263515025353621
0.00218233483213652 0.0158721992364736 0.158697752849644 0.0613377466830431
0.00231608437798224 0.0174197073585912 0.0582203517144083 -0.098872386425607
-0.000237175686191691 0.00581677239494636 -0.0433771809025355 0.0691774073423309
-0.0159540642841658 0.00247079338238868 -0.118308304946096 -0.0482480690329908
-0.0111008282912866 -0.00929959495563887 -0.094036044051158 -0.20895042674066
-0.00160970483285086 -0.0138675668274066 0.220783020840377 -0.247308576237646
0.00950380508416893 -0.015293837272891 0.420395386793577 0.0973128096535983
0.00358731349899034 0.00738124588421121 0.127169603058048 0.439949672395307
-0.018686254166336 -0.00218410670098233 -0.20906387891326 0.263406310099933
-0.0158556394249172 -0.00867342148471082 -0.000203296445190506 0.0444841201154962
-0.0133194002873248 -0.00911913775632426 0.247859432121618 -0.212292710667403
-0.0104315121942445 0.00025935991101572 -0.00192449194028211 -0.526572527773857
0.00369551671288658 0.00395598187734253 -0.437749413562397 -0.233106167733379
-0.00883343998386991 0.00290412157424871 -0.284859585391942 0.263990108260433
-0.0133312988349199 -0.000640960547330011 0.0658897229356806 0.268809229470581
-0.0102947426052907 0.00398433304059603 0.144430366011713 0.0713805282871559
0.00486270014523451 0.0134616636191052 0.0530377788323171 -0.0927291085671511
-0.00428706939030188 0.00681306767356196 -0.0410114890203306 0.0685291096112083
-0.0172469028517875 0.00172898678340447 -0.117555867582831 -0.0506852565234251
-0.0107488664167091 -0.0137959674086937 -0.0898528349906368 -0.208763496753007
-0.00152874514220848 -0.0172528347373904 0.22747658412633 -0.239126530037798
0.0107317045723692 -0.0119479147992056 0.418291518252331 0.111701910853147
0.00319846673289119 0.0124757125464925 0.113494509494581 0.44508084587499
-0.0200432345388532 0.00091573902601909 -0.216536271930031 0.261067789121301
-0.0172764468722789 -0.00669807320892935 -0.00187924161921193 0.0440348645414853
-0.0145184506326752 -0.00626440588739442 0.241774032524316 -0.214774681964453
-0.0103992643244091 0.0057238488424686 -0.0148244208123537 -0.52400016378023
0.00477176268542797 0.00647438397987466 -0.442850410406461 -0.218395989961631
-0.00973142396138564 -0.000430326859804887 -0.277204010996957 0.272427547809871
-0.0127596538840707 -0.00620922644036408 0.0707563861360181 0.269718207759565
-0.0107634647124334 0.00322818163589242 0.145291370424422 0.0684592671273062
0.000431194528273733 0.0149650478189732 0.0552393392543313 -0.0944882397373179
-0.00714400603589393 0.00731021618941822 -0.0395960178065337 0.067560171775702
-0.0166365130307266 0.00152203321297976 -0.114861484856427 -0.0534646881584037
-0.00934539685133054 -0.017925641328359 -0.0844164479403324 -0.210018802257984
-0.00227191303145855 -0.0199552941922318 0.235195244135545 -0.230421044913945
0.0112996757664234 -0.00960631404678136 0.41391596335447 0.128538871061973
0.002385345203992 0.0164336552256524 0.0992786752510257 0.45336270761902
-0.0207008634921315 0.00298799906007395 -0.225042572801158 0.258116016914556
-0.0174030007017645 -0.00507798194761922 -0.00346732451852197 0.0437366182431664
-0.0148296582106047 -0.00321361677116314 0.235444412351705 -0.217848531088934
-0.0100909430833584 0.00978496531763544 -0.0318547073142154 -0.518573052309227
0.00529010407745242 0.00914919905859653 -0.448130959709513 -0.200812334923054
-0.0109362907376301 -0.00307980151107593 -0.269829355053042 0.283280881485691
-0.0119178306190664 -0.0100948828180568 0.0777089496318949 0.269164819636169
-0.0101650535923423 0.00345398852326451 0.147618594528829 0.0659488308597018
-0.00291620926633807 0.0156398515095436 0.05716876033104 -0.0965630011574809
-0.00879372692685608 0.00815760555443983 -0.0380360655157657 0.0653648901276925
-0.0150591103495814 0.0019582662092175 -0.111856172400983 -0.0559541002716613
-0.0075995786754278 -0.0202903108229134 -0.0783675168083364 -0.210269095962394
-0.00265421366853031 -0.0211493310915999 0.240705913255498 -0.220687756715161
0.0109161931741595 -0.0082183689322637 0.408255556284112 0.145670831163964
0.00235416654267181 0.0181496949617377 0.0839391778915952 0.462759950942245
-0.0204262121433028 0.00439917165502001 -0.233627126679662 0.25826901724597
-0.0169946491435318 -0.0035454099976765 -0.00572163238526908 0.0449141291368258
-0.0145958680673437 -0.00106918770852115 0.228460099947858 -0.219401836089408
-0.00988239416664486 0.012533591895413 -0.0480617458372074 -0.512148670369537
0.00458397964312564 0.0102722738139977 -0.453405610456625 -0.182710304687522
-0.0126754728828801 -0.00413344201509808 -0.262780321845721 0.293047643499925
-0.0106121616505037 -0.012276353635944 0.0833826249263199 0.268044934215689
-0.00859776809629671 0.00494733193542881 0.149851123267258 0.063484129523391
-0.00578261687513981 0.0168463629120575 0.0587133452724042 -0.0979624446836622
-0.00901030463709524 0.00879196210949267 -0.0365217869240538 0.0647826179270139
-0.0129426716470668 0.0042535797398034 -0.108145126088592 -0.0567080925321171
-0.00519243831791543 -0.0200066143771561 -0.0719212877212227 -0.211317690561004
-0.00352691698760906 -0.0206766562639054 0.245346163754994 -0.212620076260866
0.010105325275715 -0.00736218623713327 0.402005264846245 0.163380572308996
0.00305131304369138 0.0182802393203605 0.0697763365007135 0.470220254362606
-0.0190836851489734 0.00526251830721317 -0.240358649241182 0.256988497131757
-0.0157921621257636 -0.00172324855449624 -0.00741109475882769 0.0458135676773012
-0.0127401601253219 0.000585717441235496 0.222375591255433 -0.220487054511055
-0.00842507062200233 0.0133091444096848 -0.0614711689350994 -0.50489080942212
0.00275156309165589 0.0106111281794015 -0.458406271921498 -0.166909114390565
-0.0143675825489896 -0.00355185398153831 -0.257114100361004 0.30158614411908
-0.00906039689193781 -0.0112675356010129 0.0893905742624341 0.266899485130376
-0.00628142189011084 0.00792864547331921 0.152563284990246 0.0615874236319616
-0.00522580403446801 0.0179715478438563 0.0597936780317503 -0.0993363506069646
-0.00855476844444414 0.00910212260563737 -0.0360255691458917 0.0635196148199514
-0.0101447142765935 0.0065731124564339 -0.104795086816847 -0.0563118254788859
-0.0036441804400559 -0.0176175734738174 -0.067328176098777 -0.211875776586731
-0.00451440889947584 -0.0192601279254614 0.247474832101372 -0.206305584238621
0.00873345314695726 -0.00787770611063688 0.396522895664036 0.173846590312251
0.00386165535180318 0.0166578909508732 0.0598897647273882 0.477249863515623
-0.0170706955841601 0.00466603313861977 -0.245243408008515 0.257883840918665
-0.0139840950955577 -0.00197626126745841 -0.00878602158094983 0.0476012795115792
-0.0107169453307647 0.000326018829505801 0.218016433465227 -0.220118565350484
-0.00722761004225565 0.011230071088818 -0.0690250262832339 -0.497810216009943
0.000644158939301608 0.00973059296107868 -0.462849809673781 -0.155810227408572
-0.015703644354015 -0.00148342573073287 -0.25310490932624 0.305913763384689
-0.00639629121989544 -0.00882626627547926 0.0921656871614099 0.265520794233147
-0.00341309248332711 0.0103632680635651 0.155939451729225 0.0596500179033576
-0.00436106409970738 0.0185962735651688 0.0601257209414926 -0.100442667438522
-0.00606834373034922 0.00950706499985105 -0.0361119765896585 0.0631687986582895
-0.00797503522404227 0.00893974538776542 -0.101785465870226 -0.0555632072522334
-0.00196895319776978 -0.0132361447823595 -0.0649183432240763 -0.211906349546765
-0.00537740076657863 -0.0162968450623058 0.247574437565571 -0.205737146423506
0.00719365399656274 -0.00947513015623226 0.394335338433836 0.178604354361148
0.00503140908998869 0.0132263094818369 0.057416034511616 0.480006704296253
-0.0146626584153393 0.00340381620841207 -0.246798363411429 0.25939283457313
-0.0126517360662968 -0.00245932835684098 -0.00887974239031146 0.0482520249098347
-0.00823238836963107 -0.000966877408480076 0.216019588609113 -0.219350950208953
-0.00630909307718861 0.00763353589103302 -0.0738000657000409 -0.493602855442865
-0.00183183729532159 0.00823503895103508 -0.46680281382183 -0.148106530247284
-0.0165324101265959 0.00180848887728078 -0.252659684564052 0.308598719036141
-0.00472462818446923 -0.00400517721888834 0.0948860882064551 0.263704251578416
-0.00043779795946942 0.0134714683653458 0.157397891025505 0.0596675691410313
-0.000921717344133584 0.0179959397292936 0.0591519474812363 -0.100426750763639
-0.0030868027490229 0.0100403688090032 -0.0362120273414147 0.0629167383201706
-0.00593801969382081 0.011533961288418 -0.100813235165677 -0.0538379876761266
-0.00129850660688186 -0.00742284424313836 -0.0642303429404259 -0.212827330872546
-0.00600717059266787 -0.0129939849109856 0.243967000723388 -0.207825448417311
0.00562568374864942 -0.0123116233208533 0.392741047540542 0.17747933867453
0.00630262054322136 0.00867990215198898 0.059702839840969 0.48127441708013
-0.0122044173625142 0.00182335235340597 -0.244631716489729 0.262610279096427
-0.0103386411542276 -0.00341417647022408 -0.00901802787452364 0.0497251973558414
-0.00592194226447442 -0.00313234117428612 0.217834529920188 -0.216371406992644
-0.00573048634220349 0.00312945866951972 -0.0703622531164601 -0.493133269549971
-0.00383811791798153 0.00617696599436795 -0.464642026305648 -0.150936327932463
-0.0163976255263448 0.00548130356486163 -0.256632816386197 0.306770791138703
-0.00326982480366464 0.00164712176775342 0.0937874726565154 0.263529614452031
0.0029896259967722 0.0158090674103738 0.159419230720752 0.0608148709256602
0.00259392638185166 0.0175303029261012 0.0581295716479636 -0.0987003712354155
0.000181781757345205 0.00594973734590224 -0.043539224581025 0.0689449444916727
-0.0164411114675629 0.00278029034611862 -0.118839835045902 -0.0475783699186613
-0.0110668617476979 -0.0086747666028668 -0.0944602436712702 -0.208268456196093
-0.00170248881875624 -0.0136433085900849 0.220457531298773 -0.248977105144122
0.00951093609246087 -0.0149322893295905 0.421199112078539 0.0958257706087196
0.00340259232714261 0.00740717805970395 0.128812539968031 0.438568994317408
-0.0184711746049118 -0.00131616337877378 -0.208430714866586 0.264596256848817
-0.0156233536381535 -0.00839076239686757 5.48482248329572E-05 0.04422494341506
-0.0130422147074819 -0.00870653478723681 0.247331182980213 -0.212624975503922
-0.0104531692163452 3.86710901476659E-05 -0.00310246273552051 -0.527169962356092
0.00412736478057093 0.00351899592772064 -0.43970975714006 -0.230829073239452
-0.0089724556199208 0.00299415702352253 -0.284024081965327 0.266033417556778
-0.0136949516647053 -0.000287750928174594 0.0675369466305149 0.268624722823536
-0.00967932173756051 0.0040776520162159 0.144958574646112 0.0707066360712673
0.00549739270085003 0.012673794733075 0.0529188680558608 -0.0922652717025768
-0.0036583236021658 0.00636659762035603 -0.0417117006163005 0.0679739254131481
-0.0172953961709178 0.00187486402117049 -0.117785929520397 -0.0503829467851821
-0.0108471713902073 -0.0142488253027173 -0.0908199090872191 -0.208520662868306
-0.00191007744213236 -0.017024635185742 0.226859196872872 -0.240829079506409
0.0105160544618508 -0.012489712231901 0.419758670791823 0.110520255638083
0.00287878647153305 0.0125604930310922 0.116553072011356 0.444820127615281
-0.020279332487775 0.000924898016145457 -0.215828750285828 0.262077561244963
-0.0169663257341427 -0.00661288751478809 -0.00140452149144662 0.0439048778733143
-0.0149230850250694 -0.00590564527987051 0.241958728803021 -0.215576772809203
-0.0113528220127232 0.00565446945551693 -0.0171680359005674 -0.523353692182357
0.00506891653214379 0.00648092117845197 -0.443107570875596 -0.216505219499095
-0.00956927026234412 -0.000179528326368704 -0.276322975041047 0.274085729444956
-0.0132238814641527 -0.00631228243730639 0.0728853364295562 0.269512294015719
-0.0103912525255234 0.00330957736168189 0.146559403998576 0.0683772304278709
0.000768175231032279 0.0142302725745568 0.0549993263624367 -0.0946648921712162
-0.0063488915998972 0.00734210295215889 -0.03967235721944 0.0669765060073764
-0.0167468709597862 0.00157276741139438 -0.116047557205126 -0.0532628656636575
-0.00912688446833885 -0.0180781372402601 -0.0850745870510551 -0.209582700968685
-0.00232962180641714 -0.0196392665222506 0.234209055260525 -0.231078909433644
0.0107952673597239 -0.00970811069023081 0.415275368894701 0.126916846825417
0.00280639046926951 0.0161788591970905 0.101576215296175 0.453710150526602
-0.0207267795316684 0.00346472542975267 -0.224365844793375 0.259648635533188
-0.0174209385033663 -0.00479497392896607 -0.00390091695993368 0.0442495237569588
-0.0152837871474913 -0.00306978821820355 0.234956656006561 -0.218331951991258
-0.0105327055130986 0.009934639412312 -0.0341517796216678 -0.519696392103494
0.00526934277270005 0.00886093794149195 -0.44943509609518 -0.198969400556547
-0.0108204262999999 -0.0030588679846195 -0.268968769326456 0.284886827518054
-0.0122509139548886 -0.0102835398892444 0.078674076027474 0.268778599174531
-0.00972261015603126 0.00360350013815287 0.148705183757747 0.0653276626040139
-0.00219787756249998 0.0154061427849342 0.0570817296353088 -0.0970285631604773
-0.00827006558613901 0.00828026466114576 -0.0379794518603756 0.065383663223312
-0.0150574203216128 0.00252798026401185 -0.112143940009729 -0.0550768419312924
-0.0070842638728627 -0.0202185730556092 -0.0783315964964158 -0.209813555014139
-0.00270076211754514 -0.0207724612847339 0.240361048934646 -0.222632374102338
0.0111363707055123 -0.00813448208230047 0.409649072202846 0.144367549755453
0.00245450696209655 0.0181152761733229 0.0857566961223486 0.461991083953918
-0.0206479809531267 0.00460950750438375 -0.23279259680057 0.258468000665093
-0.0166876060109155 -0.00285906542330132 -0.00553541043418501 0.0449170918378069
-0.0142929222589664 -0.000730004436561831 0.227319413782384 -0.220640073950516
-0.00993413906011809 0.0124814428774674 -0.0501275056857548 -0.510769354126049
0.00406794392699474 0.01013449605385 -0.455872470898259 -0.181896098072861
-0.0126821138411634 -0.00367500038860231 -0.261354301089043 0.295426024286781
-0.0110770326186598 -0.0122411962736401 0.0852216569304508 0.267582088069814
-0.00813436127891029 0.00532329516556359 0.15141775811501 0.0623978170830958
-0.00474237787203082 0.0170554891582599 0.0589238388689819 -0.0986070514991886
-0.00888045466105646 0.00870176230353402 -0.0367688766576991 0.0643859333339786
-0.0127492170541416 0.00424257691240171 -0.108868631359751 -0.0561768278983722
-0.00516087361441236 -0.0201220407491833 -0.0726308041730372 -0.210560830757063
-0.00379468299386928 -0.0206043407180186 0.245546137723561 -0.213644074091063
0.0102486634899797 -0.00735811790693213 0.402704608945547 0.161047443230955
0.00273238823725721 0.0182460141341996 0.071852885988121 0.470577252601395
-0.0191445833366609 0.00547630297976241 -0.239851474672868 0.25805748959715
-0.0153972994636325 -0.00193451016301127 -0.00715335625575734 0.0456643836101126
-0.0131464210782551 0.00044792527882172 0.221152810083625 -0.221400068204249
-0.0087061657905675 0.0126895800771852 -0.0636631549400034 -0.50390329116746
0.00310999042101281 0.0104565498693168 -0.461209467087912 -0.164912560237967
-0.0148859336533653 -0.00359495703282556 -0.255007699272256 0.303673918268462
-0.00917582413179914 -0.0113663794140689 0.0900658676055084 0.266781947077808
-0.00594963139155631 0.0077316674882266 0.153740882972494 0.0605191367100855
-0.00467893028517031 0.0172961012439313 0.0599026689770435 -0.10005950362279
-0.00797351335950096 0.00942268384119225 -0.0361275520177346 0.0632996199711665
-0.0101224686498424 0.00704539167161312 -0.105237877865564 -0.0563324626126156
-0.00321815887670081 -0.0177169516824756 -0.068070519229197 -0.211943730035589
-0.00419491337198832 -0.0188155699524613 0.247238878683644 -0.207872427226508
0.00862935768678721 -0.00795955294259398 0.397255651842188 0.174331371858743
0.0038458075642953 0.0163913954233312 0.0633044453080842 0.477325303386265
-0.0172822098642149 0.00458866175245124 -0.244808271215715 0.25826787175709
-0.0143164864941828 -0.00163611391504313 -0.00850870599543908 0.0468603360643512
-0.0104114205167522 0.000360633144717651 0.217665509958783 -0.219815225380156
-0.00773176076410176 0.0114474378765344 -0.071213708896267 -0.498618327749633
0.000360770478218048 0.0095005477631393 -0.464747432158182 -0.153465330836963
-0.0156951636622816 -0.00107539072562558 -0.252386073936506 0.308199231748508
-0.00694829306892561 -0.00863169538297815 0.0940146189753762 0.265768784447646
-0.00314635600391528 0.0107868727912747 0.156387450831039 0.0586227029009738
-0.00381461545400493 0.0175955954513875 0.0600798282569638 -0.100287712029081
-0.0061405010829806 0.00953320758840209 -0.0357515456589392 0.0628365901805832
-0.00776022435019576 0.00921941229497698 -0.102615478168963 -0.0548646367173066
-0.00194250481733171 -0.0133979317675067 -0.0654016063448133 -0.211890682676295
-0.00521675443634955 -0.0159795853048766 0.246533853259032 -0.206708920599508
0.00758061423541792 -0.00963433660856335 0.39598993404899 0.177102628621636
0.00479383830850075 0.0129645772634305 0.0596524609477128 0.480938453656619
-0.0148253775429886 0.00380882882209461 -0.246019958657416 0.26056784945188
-0.0122799492567708 -0.00226501084538369 -0.00861879668814054 0.0488224378526694
-0.00854579968843685 -0.000574696074487192 0.215366408950259 -0.219299615506322
-0.00653296066756193 0.00790542221787605 -0.0767868110854091 -0.494475437966909
-0.00130230363024738 0.00794645701289471 -0.466453994362384 -0.147187677349858
-0.0170921581653226 0.00185950034840716 -0.251111387400293 0.310315996922142
-0.00481837731407867 -0.00387628382916239 0.0965689134819886 0.263948531738285
6.94224264187523E-05 0.0133082558770167 0.158488544290827 0.0589470661321408
-0.000798220809907063 0.0175179041765076 0.0592019794691761 -0.100311894523458
-0.00280375058737971 0.00955570522082628 -0.0366183506408578 0.0625532015758506
-0.00574101342126369 0.0120827311722979 -0.101224116880596 -0.0531802342138884
-0.00111993314532063 -0.00760131806629732 -0.0647750629353883 -0.212706614106778
-0.00638610965748602 -0.0130068547784793 0.243603386403731 -0.208611951040314
0.00573815674738896 -0.0121166373362228 0.393105158836918 0.176474166899776
0.00619225643293373 0.00825844432882727 0.0615089588871028 0.48309792751946
-0.0121444037653112 0.00232454863731036 -0.244389804563687 0.263101915668675
-0.0106362183384326 -0.0031308696561073 -0.0091154433557771 0.0496981141913652
-0.00607837694863366 -0.00258035970696538 0.216331439398746 -0.217326549710502
-0.00542231200235148 0.00284242439451921 -0.0724198441383956 -0.492230356600469
-0.00380089895976155 0.00606472046629163 -0.466561017674403 -0.149511691128185
-0.0168688286428918 0.00565986310983763 -0.255419948921317 0.30810293797409
-0.00312098557178849 0.00192168084159935 0.0946518930995056 0.263273065173752
0.00306569689954283 0.0164288090842843 0.159437161065208 0.0606828848461276
0.0025454863608164 0.016617531638498 0.0582001953430736 -0.0988927936508191
7.70009020673072E-05 0.00569502015151731 -0.0434642438802548 0.0690652818046654
-0.0162664878743304 0.00264428133798738 -0.119522977359711 -0.046816626499771
-0.0107482595333194 -0.00876194408900282 -0.0950489328493979 -0.207873670790751
-0.00180105806757583 -0.0137330442883156 0.219281070633571 -0.250924412242256
0.00914049552587799 -0.0152520451508951 0.422205271440859 0.0928232818392939
0.00338707512276215 0.00699840556418069 0.130989768755787 0.438046906405466
-0.0189361090249479 -0.00147795025461987 -0.207138085846481 0.265586134101715
-0.0158940371985878 -0.00809122839890499 0.000416418772995372 0.0442920981487274
-0.0136573186138345 -0.00836594355627587 0.245998253452768 -0.213471998698198
-0.0106075411706804 -0.00016202241368359 -0.00658724153459837 -0.527888948989586
0.00445770914887177 0.00301549327541752 -0.441406884334431 -0.228872770473668
-0.00930876772372657 0.0031596968398053 -0.282518701555971 0.268868890169934
-0.0139661535698606 -0.000185079827336529 0.0693046310446714 0.269463197874563
-0.00916018583817347 0.00456510744713647 0.146081795577948 0.0700007431828628
0.0051299977427822 0.0128069368589555 0.0535768295566732 -0.092724970013811
-0.00341109188350868 0.00636421387810918 -0.0417955899432448 0.0685990094854014
-0.0170702073478902 0.00170373679509208 -0.118528449484882 -0.0499261652828243
-0.0106294389754665 -0.0140536694538521 -0.0913917896889996 -0.208258237330487
-0.00186148877540614 -0.0169615606619813 0.226989266298647 -0.242313136035177
0.0105433428555205 -0.0123557690507439 0.419368647208409 0.107884775150369
0.00293168964708802 0.011768792994829 0.119273463089721 0.445289046706292
-0.0205816230359543 0.000873697839679983 -0.215050837552396 0.262977109148479
-0.0167384616822876 -0.00644043263657868 -0.00135181872265657 0.0442615653010284
-0.0149732412178014 -0.00522668243209487 0.240524478842383 -0.215860671699776
-0.0110508522159593 0.00561741495674793 -0.0199070383177139 -0.525568776245371
0.0051098264250196 0.00581495413500841 -0.445205540459023 -0.215563037367265
-0.00936470585510891 -0.000222564771502286 -0.275584651465385 0.27722368669511
-0.0129697840075964 -0.00596690118717155 0.0744468425866439 0.269271788814906
-0.00981957171802037 0.00339495729135229 0.147198525166652 0.0674085204217919
0.00128320312735583 0.0137257374398094 0.0553040821993881 -0.0948696819642669
-0.006235599026776 0.00720270389520868 -0.039905970011248 0.0670419848612251
-0.0164117366726345 0.00193088139195668 -0.116052563260485 -0.0522734436231438
-0.00981443080235625 -0.0185636353452808 -0.0855049848005628 -0.208398813460466
-0.00208165012921083 -0.0193557273851305 0.235023919102319 -0.23326042248454
0.0108409371387857 -0.010205059559331 0.416702611610451 0.124990362020977
0.00261748001886727 0.0156870305243127 0.102866426395299 0.454296138659503
-0.0212089548064404 0.00335884740906026 -0.223026448888048 0.261209442331573
-0.0176726048662606 -0.00475607806858841 -0.00349064162411344 0.0442091120761386
-0.0154682763165817 -0.00305970756522776 0.233649065963257 -0.219324734194041
-0.0107114180763412 0.0102710648406777 -0.036958070790248 -0.519046551400023
0.00516999734138274 0.00843323834063879 -0.450913317658281 -0.198695082466693
-0.0108820019295448 -0.00266448020750612 -0.267435029278717 0.287800139417679
-0.0124395091929828 -0.00958830694103151 0.0807028813887965 0.269277932075169
-0.00955121920384543 0.00348665592078928 0.149415294900308 0.0644931673262129
-0.00209896599386114 0.0158364491483772 0.0568378527183404 -0.0971520901864116
-0.00822622356353344 0.00847072284630196 -0.037807624066788 0.0654680216107265
-0.0149318163627894 0.00276827281455712 -0.112685989297459 -0.054250088625055
-0.00759854876808856 -0.0205310942716671 -0.0795712633042316 -0.208988024012907
-0.00285344046752614 -0.0208284941362417 0.239902654461569 -0.223846289891036
0.0104639462658141 -0.00821478229706966 0.412358839915141 0.141787689103868
0.00244566874990484 0.0184999003842798 0.0890434492914113 0.462580089306621
-0.0206244633287365 0.00507750778865965 -0.231786632418008 0.260307746668765
-0.0166733268120691 -0.00316723477413582 -0.00546707181202035 0.0447741050355747
-0.0144947449288977 -0.000425230085735522 0.226414133801443 -0.221464868639984
-0.00970439221594673 0.0128725027232572 -0.0521067085741543 -0.512613833496186
0.00470676407508648 0.0101625995856577 -0.457648903489614 -0.17920625509903
-0.0126981454231714 -0.00370523407307219 -0.259603372501218 0.297283433073713
-0.0112116716199212 -0.0118430512030175 0.0867785795390042 0.268557398804627
-0.00832032175733022 0.00538762752291414 0.152277491161851 0.0618247797452326
-0.00375745621898704 0.0162236777032553 0.0582862817526092 -0.0986328343282142
-0.00868462351584311 0.008910544127679 -0.0372460263566007 0.0644908742408726
-0.012460018714262 0.00445047453917565 -0.109344926525766 -0.0552728411528001
-0.00543180685314419 -0.0200237640448638 -0.073015643266423 -0.210117729119738
-0.00365550262222224 -0.0206891464037815 0.245468948923033 -0.21541764293514
0.0103110882364965 -0.00761464586204347 0.405086312418159 0.158658551495194
0.00288230203073199 0.0179523235368135 0.0740059434421846 0.471412669819002
-0.0192831291543091 0.00551578509851105 -0.2387314151643 0.259604348967031
-0.0154870413721248 -0.00189401311788558 -0.00697010296787873 0.0458180924143684
-0.0133274432793735 0.00095381633298785 0.220454767652672 -0.221700118349739
-0.00901967049251563 0.0132156344018611 -0.0663845648332206 -0.503915261812169
0.00313803283845959 0.0106238079401174 -0.463123620373502 -0.16206373415338
-0.0145570326945245 -0.00335427149856362 -0.25369980349924 0.305635733617361
-0.00898578162943912 -0.0115537680868018 0.0923910979595429 0.266808745794387
-0.00547069704874018 0.00782369475919464 0.154805186772379 0.0598497881991799
-0.00439683941864646 0.0170582987826171 0.0598619412078567 -0.0999537392578515
-0.00787995132347892 0.0094580213533959 -0.0366209370603274 0.0636210062811933
-0.00973334071923991 0.00693856546461679 -0.106069894597634 -0.0550479633122541
-0.0034482484139163 -0.0175436670215531 -0.0688389618767336 -0.211637170035972
-0.00437427237496616 -0.0185098124876899 0.24747264078455 -0.209761787215898
0.00899585411993796 -0.00816816698560268 0.39973726471748 0.17116875227392
0.00340933477417903 0.0164573833561468 0.0646914038014842 0.477525193189432
-0.0173364120977731 0.00486808685793748 -0.243624878587121 0.258932307073355
-0.0137694891629788 -0.00175964392204057 -0.00869066665411572 0.0472809938204595
-0.010953995801605 0.000665360955370313 0.216868241223744 -0.220820703608961
-0.00790310152838429 0.0115882218909989 -0.0738757652726632 -0.498040596240274
0.000782775338425327 0.00981972385086745 -0.465204875561113 -0.151749455211867
-0.0160540168078123 -0.00130153191082015 -0.250969667507964 0.310625172633109
-0.00735777540359694 -0.00824537114369793 0.0958688838991088 0.265246330136922
-0.00243582971723475 0.0105272306897855 0.15765245959135 0.0586823135560834
-0.00300590238076972 0.0180930726365283 0.0601533069108513 -0.100438732187442
-0.00571351620603218 0.00997618479952538 -0.0362114455675322 0.0628557866383368
-0.0075647189629976 0.00936675200086293 -0.103241511919446 -0.0540581370586894
-0.00218965907898416 -0.0132863374751185 -0.0660132895629105 -0.211883037708848
-0.00535463603782281 -0.0158022586498618 0.246836702280104 -0.208334663802945
0.00735759388219863 -0.00975045152364556 0.39796978298776 0.175672193285649
0.00494452037225284 0.012757415342809 0.0625461842192659 0.481065808503267
-0.0147265786074522 0.00364839278702252 -0.244170800209755 0.262612946072966
-0.0117959256988391 -0.00200617559614034 -0.00910369537514081 0.0487521452411808
-0.008170529618374 -0.000262111122661501 0.214223931454144 -0.220445918626259
-0.00664240968331442 0.00770093199970144 -0.0788980105755903 -0.494784262463917
-0.00199696587479359 0.00813270749643053 -0.467847897106819 -0.143813037944478
-0.0165625684751149 0.00231656327459398 -0.249198433905871 0.312904500884136
-0.00575940323041576 -0.00385622003282678 0.098476164673657 0.264068417511164
0.00065022859123501 0.0138183912200373 0.159530198246207 0.0579309882667542
-0.000370439808724287 0.0175631584283649 0.0588095114917798 -0.100555989410679
-0.00261762488889749 0.00975251649308609 -0.0371722689199278 0.0630113850591205
-0.00558678810157954 0.0118774728897103 -0.102007406530167 -0.052351608216626
-0.00140129747988795 -0.00765735650955563 -0.0648771629847523 -0.212574877515857
-0.00580468185385349 -0.0128144271554844 0.243697456352528 -0.211388320286666
0.00561442597576397 -0.0122266274890268 0.395188666420405 0.173742337476882
0.00596949943652949 0.00816663653342778 0.0651610633830928 0.482277495302338
-0.0123638988162221 0.00189873892846261 -0.242851914666338 0.264729169702635
-0.0107067539944739 -0.00271260385618116 -0.00875522127066507 0.0497641569233813
-0.00654542261284714 -0.00213844579516777 0.216033802432096 -0.217793263138835
-0.00595788874057178 0.00294636965670835 -0.0753148953523552 -0.493588176746739
-0.00373741327644789 0.00580309370464067 -0.469388813483285 -0.148641505678771
-0.0168525959222398 0.00569846820881102 -0.254667203062975 0.310881266424812
-0.00376655676929451 0.00190838171775565 0.0969946064170535 0.263118893023034
0.00370901663054517 0.0159358909995414 0.161010955383593 0.0597247710949992
0.0032399495123252 0.016612454357112 0.0582068330417126 -0.098952200998719
0.000645590075901387 0.00578825511764485 -0.0438710051150409 0.0693012736752727
-0.0163172258754893 0.00305602505718795 -0.119877283588466 -0.0461535806199486
-0.0108035621737679 -0.00884993931338936 -0.0963127112084222 -0.207438531773977
-0.00170169199440258 -0.0130970409025472 0.218544636876225 -0.252662906014288
0.00904391931654898 -0.0152469229712617 0.424409838681961 0.0916093047675873
0.00301707373393674 0.00700736327729361 0.134479506383256 0.438245175584144
-0.0189280391274917 -0.00136736795229536 -0.206401675506225 0.266570482939451
-0.0159542504415607 -0.00801892886553004 0.000209830365823388 0.0450021280523111
-0.0137872367925097 -0.00811918730139482 0.245523671916488 -0.21476901678107
-0.0110986381561605 0.000349274003376735 -0.00879918018677269 -0.529640752167988
0.00408223311876013 0.00287231575609003 -0.444369766757294 -0.226935115530921
-0.00900846083598422 0.00337434822249945 -0.281050522108314 0.27150007443997
-0.0138024192903144 -0.000347144520305901 0.0708085984771322 0.269221495689517
-0.00897864409159842 0.00458563630319422 0.147105879618342 0.06925053984761
0.00615097318602165 0.0128812193616418 0.0533572892688539 -0.093434205446557
-0.00324841442194098 0.00629345892475988 -0.041854136564012 0.0682876622124934
-0.0170029037465129 0.00193211663302651 -0.119497573589798 -0.048778466299459
-0.0104781325187265 -0.0140507735347758 -0.0924545312545498 -0.207706896394281
-0.00182076074712992 -0.0164503144404352 0.2266088520114 -0.245629717337427
0.0101289602584543 -0.012624015464837 0.4217889966439 0.106829417755696
0.0028567644799485 0.0121202574589243 0.121668259313406 0.445623266176509
-0.0205318827860896 0.00156509718402024 -0.213706372164012 0.264423363624428
-0.0168176573829172 -0.00621470962228633 -0.00137493569434458 0.0448372550652662
-0.0148730431039759 -0.00507633608143431 0.239868095773715 -0.217787177733195
-0.0115761555488157 0.00603585913695558 -0.0223438399167667 -0.524965465007461
0.00533404979738932 0.00611172682193822 -0.448216139006717 -0.212692593966674
-0.00981834975456592 0.000383519037377504 -0.274059707706878 0.279556448489229
-0.0138379029225847 -0.00605566734509979 0.076425346057567 0.269939732834357
-0.00970271822347393 0.00352460169502178 0.148335040030256 0.0664533202933422
0.00175459977302503 0.0139331280123303 0.0550191763966168 -0.0951664189056381
-0.0064737342125983 0.00740116004556378 -0.0396502173527826 0.0671510545977775
-0.0161533776885279 0.00198810155403671 -0.117032610539568 -0.0513647253905683
-0.00969491267150364 -0.0182870177931861 -0.0865403267247917 -0.208079217118918
-0.00265098084068543 -0.0191540321120162 0.234222062997862 -0.235461371261904
0.0109430620465725 -0.00991977042908472 0.419370929839917 0.123506688439936
0.00215326523348373 0.0153956581124744 0.107230288099136 0.453835167913632
-0.0207530013586798 0.00382510475067276 -0.222060625354625 0.262470521799973
-0.0169914277372189 -0.0042424815474311 -0.00315166970302363 0.0441626505349668
-0.0152772920336305 -0.00215797930649184 0.233047144477339 -0.220692061925263
-0.0106810251644379 0.0100286823924841 -0.0396392098072187 -0.520900428828587
0.00553391060881283 0.0085187054583579 -0.455368551840115 -0.195818101739346
-0.0109571859993367 -0.00228857915632193 -0.266587876793469 0.290546468323954
-0.0124672173960711 -0.0099205764426939 0.0830270751158986 0.269448267569346
-0.00885049484852092 0.00361389045223465 0.150137226152263 0.0637679058508312
-0.00153395932024044 0.0152195756242952 0.0568827929244224 -0.0981909557572125
-0.00788538944066836 0.00822820283073226 -0.0381528335449517 0.0658886810631227
-0.0150432507626257 0.00321230763150466 -0.113478776868886 -0.0533658651846544
-0.00733508202430766 -0.0202345836614737 -0.0807017640565863 -0.208924688729718
-0.00304593375644686 -0.0203819523696224 0.240149634367723 -0.226104252740756
0.010449183399954 -0.00827343484734573 0.412764904753402 0.140673345704854
0.0024685846788949 0.0175889299884789 0.0917620567491582 0.462494950020698
-0.0211212446060603 0.00534029301786379 -0.230583630758189 0.261481862057947
-0.0165998745301493 -0.00268754644178059 -0.00506187732628315 0.0452945727501427
-0.0150214684652711 3.71806316206875E-05 0.22507684016473 -0.222322089256198
-0.0101095683331069 0.0128384984358031 -0.055438729087892 -0.51256286608363
0.00465851849334771 0.00973853205944922 -0.459039097352848 -0.177712429877905
-0.0128641631168296 -0.00315398014894193 -0.258401770139076 0.300017273259665
-0.0115010749564792 -0.0122041742460328 0.0892507267197113 0.268132113657273
-0.00800601703207645 0.00549975041772442 0.153324051705523 0.0611189099376509
-0.00334877380382143 0.0163939836448281 0.0585021091570836 -0.098794772667617
-0.00858866409306549 0.00889679120649959 -0.0373347364612625 0.0644699513421636
-0.0126933344848328 0.00465654680339484 -0.109897255272496 -0.0542419595805707
-0.00552790571426181 -0.020050332986868 -0.073929995254749 -0.210229094293545
-0.0035382921232479 -0.0203926527460412 0.244838958641556 -0.218554024031526
0.0101341611950093 -0.00753214160295389 0.407067989465708 0.157379922898762
0.00279622263639662 0.0182570662832997 0.0766524608374185 0.470814998728352
-0.019197105077977 0.00617496329622322 -0.237891562106683 0.261166017922317
-0.0157149363855139 -0.001910932522892 -0.00676630096047545 0.0464830084045394
-0.0133789643582664 0.00111416374874566 0.220242193951439 -0.222569551736192
-0.00909602878189445 0.0131413420401697 -0.0696191880989229 -0.506021540076279
0.00340489208840258 0.0102205313215388 -0.4663421542438 -0.160715736438879
-0.0144754897081072 -0.00289276361243418 -0.252824714271489 0.308282322959885
-0.00942001813032486 -0.0109747580127586 0.0950691404977799 0.266844941863851
-0.00534926631166672 0.00755699564389554 0.155865580354975 0.0588395157533423
-0.0042807283928177 0.0173181444849268 0.0592680067534346 -0.100271324968209
-0.00796997787336648 0.00964555673979447 -0.0370165020175103 0.0637060510612618
-0.0102112605418193 0.00715392373622109 -0.106380194714852 -0.0544232482528622
-0.00359304153544468 -0.0179427199277265 -0.0694665642231926 -0.210604097405949
-0.004495120117774 -0.0183553965893928 0.246767252710157 -0.21259454981821
0.00822666591178051 -0.00793729362545153 0.402378146168728 0.168350247812463
0.00322478957823849 0.0161833892766097 0.0687925533004627 0.477453604753031
-0.0171824569461226 0.00496607287841893 -0.24312204997791 0.26069956202764
-0.0134354033682881 -0.00129844628183146 -0.00836975233463313 0.0478852264663921
-0.0111420385310663 0.00130864459421816 0.215578920501983 -0.221676529927018
-0.00787602521260755 0.0117472008144185 -0.0768966428960559 -0.499435141125138
0.00085601016775478 0.00959655835231316 -0.46799738901905 -0.148925260299578
-0.0159945201292299 -0.000810493220183747 -0.249282024110237 0.313546612307652
-0.00732303670722017 -0.00826766235304448 0.0978079873763737 0.265677055648809
-0.00207303107801175 0.0107289774264587 0.15872529321332 0.0580554690786922
-0.00273590829538217 0.0176566907771773 0.0596381692238695 -0.101165501683153
-0.00588621598230427 0.0096510354441974 -0.0363185259258993 0.0632844996718733
-0.00770021651825786 0.00973198934796279 -0.104214802476849 -0.0531925763476107
-0.00225080776962803 -0.0132961625804788 -0.0664469209442456 -0.21144351936324
-0.00587506180660009 -0.015904444610304 0.246248193677898 -0.211272911889031
0.00715939635936285 -0.00996346975533737 0.400018406905837 0.172568304789661
0.00437569580596139 0.0126360147150021 0.0652666302739991 0.481046434406584
-0.0151232074104563 0.00424012070705312 -0.243667981392438 0.263307240576983
-0.012039309188598 -0.00190047974415833 -0.00849955493268345 0.0489331011289208
-0.00828662978583814 -0.000398971184555392 0.213862822297544 -0.221560786566834
-0.00698552485078286 0.00819831885112572 -0.0814624536455068 -0.49423807313488
-0.0012672931600284 0.00826128843111025 -0.471122077997269 -0.141874002363434
-0.0164479790995716 0.00193357008842657 -0.24766897062398 0.315434156716214
-0.00533230221519721 -0.00395886299313928 0.0998147655228598 0.263711009007944
0.00128784870485628 0.0137234014573398 0.16072195117203 0.0568368949492847
-0.000233937712718883 0.0169223200419566 0.0591382576445003 -0.100757564626441
-0.0024377621159573 0.00938294624736046 -0.0370369730167309 0.0629549974435472
-0.00554981006145064 0.0117415869010505 -0.102731945224062 -0.0520841936388573
-0.00144446409336492 -0.00754392509325106 -0.0660830827851684 -0.212549290164234
-0.00627130475959464 -0.0126559641313891 0.243281660153754 -0.213087054867553
0.00540824453356028 -0.0125220366364734 0.397537031528863 0.17260806036955
0.00598638897834406 0.00842422066385242 0.0675634874044228 0.483051198076071
-0.0123269277725111 0.00208225134751432 -0.241704304233396 0.266866002995365
-0.0100341561188611 -0.00266811662221864 -0.00859272784744089 0.0503213393349354
-0.00618197866646893 -0.00223928027150323 0.215029198165782 -0.218207635977913
-0.00606781661809089 0.00320032940078191 -0.0783939334235301 -0.493144548738544
-0.00334766312917173 0.00609754969792028 -0.470355484357655 -0.145978725390365
-0.0169237737779899 0.0062454788285349 -0.25296521166781 0.312744717050986
-0.00361051011362047 0.00228553518354668 0.0994056479745756 0.263079797652708
0.00424495854203749 0.0164573877933736 0.161966630527836 0.0583413167798889
0.00353462630394043 0.0159662069291716 0.0578553613738611 -0.0994132329247122
0.000381964066337393 0.00588619141802684 -0.043638815390563 0.0700768496100346
-0.016291955198196 0.00300678520352232 -0.121173847245443 -0.0455162016181227
-0.0110135299766161 -0.00886864570569461 -0.0975080494299223 -0.206984155588527
-0.00184059488479129 -0.0131474618207242 0.2183776425306 -0.255518897379138
0.00951367879820062 -0.0153584590933949 0.425730149917169 0.0880639661937193
0.00322897690547702 0.00713014539198351 0.138703017860546 0.438328263366987
-0.0190640002918317 -0.00127136014915102 -0.204490348641691 0.268830618346717
-0.015383644996873 -0.00766282727461437 0.000188749738319441 0.0448368289565893
-0.0139536722158682 -0.00765682228119952 0.24433400514764 -0.216393181912239
-0.0112799265616646 1.56727713242211E-05 -0.0109846375271432 -0.531148937955936
0.00426716853442772 0.00286474913313364 -0.446503227176945 -0.224331660336522
-0.00920529166024698 0.00350841583489985 -0.279916901206411 0.274152011248201
-0.0141482211596881 -7.32051151107593E-05 0.0734046731621662 0.269600387156106
-0.00876352256363385 0.00435607323038933 0.148130678706487 0.0685339364628788
0.0061906867586814 0.0122688527509129 0.0530704186813961 -0.0937150953330172
-0.00295833298165941 0.006454752979439 -0.0419056908046469 0.0687107207508322
-0.0167417475337234 0.00236186484441804 -0.120242290410128 -0.0481379433327204
-0.010784762394394 -0.014206297564531 -0.0936734804579499 -0.206918622568295
-0.00203427208236045 -0.0164939390066563 0.225435523161102 -0.247938936193208
0.0103915993255491 -0.0126651967820467 0.424664693538027 0.103193067727307
0.00285665939885595 0.0117396932746423 0.126021659381596 0.445204980466645
-0.0209267297805717 0.00169138462421657 -0.212487357665782 0.266889399696078
-0.016948988505767 -0.00589481439385549 -0.000931090098071916 0.0446979914424456
-0.0155143019053477 -0.00449407886085031 0.238391459047621 -0.219489972344247
-0.011826138806288 0.00572090571222193 -0.0266951265013945 -0.52667888029524
0.00533087711579807 0.00567406935300692 -0.451168962975632 -0.210068438970498
-0.0096538994314648 0.000116382629169555 -0.271823188169993 0.282268356485089
-0.0140081872777002 -0.00582396770098281 0.078912288728193 0.269484839831177
-0.00887528007582289 0.00334308265544599 0.149387266379986 0.0655768185812716
0.00207638322713693 0.013088925603808 0.0546415429986952 -0.0960464565664648
-0.00603231919771812 0.00749439930071442 -0.0399377845630711 0.0674085702290885
-0.0164848154259675 0.00242288121729287 -0.117591056606984 -0.0507642466799815
-0.00962849968626685 -0.0183969547819622 -0.0881115175023781 -0.207818304125139
-0.00234753625626404 -0.0189125886101944 0.233173160693779 -0.238028856150318
0.0111312265472299 -0.0102525270177544 0.420840989106208 0.119188692664417
0.00218984545290025 0.0153855437964058 0.110816773184538 0.453456628963842
-0.0211319522594452 0.00424010679738109 -0.220879115711354 0.26489292451266
-0.01689266710689 -0.00411615455837906 -0.0027890596769776 0.0448835453789353
-0.0158061299382868 -0.00183857731430185 0.231615262445944 -0.22210610993719
-0.011320970286616 0.0102386937684774 -0.0435345026464184 -0.521435975473846
0.00593798684253256 0.00855110398771059 -0.455784703529409 -0.192044358543542
-0.0108345156238094 -0.00226736071371579 -0.265173794485507 0.293567173271263
-0.0131874441673773 -0.00977668988356015 0.0853318243335507 0.269313235251683
-0.00878770331420307 0.00384504963913831 0.151933031152648 0.0627652531662818
-0.00121468253249729 0.0145942760697197 0.0569841060961834 -0.0977195500108992
-0.00773965447597254 0.00809902371596886 -0.038432376862928 0.0659333544102635
-0.0148773132566772 0.00328382114019212 -0.114427093609745 -0.0531643467533762
-0.00778376609032933 -0.0206279369837543 -0.0816127460686064 -0.208469850851324
-0.00290419294535931 -0.0202465304614153 0.23885112357858 -0.229469432327767
0.0105738509596155 -0.00844766488148754 0.416322792957011 0.137412215476681
0.00241282870436525 0.0176909809924842 0.0951161899381513 0.462712969008904
-0.0205863182546565 0.00555328945578406 -0.229029314832738 0.263851798582582
-0.0165102353706785 -0.00283119039115826 -0.00489421043879951 0.0455252941386571
-0.0148591863110173 0.000326932469129136 0.224322509037881 -0.22382161106335
-0.00996353775344765 0.0128886894927145 -0.0601831370966062 -0.513877815895274
0.00535330040497973 0.00993693214664495 -0.463015975811697 -0.174740298570697
-0.012808722726561 -0.00304352369505451 -0.256457806253652 0.303231717261644
-0.0113054877022935 -0.0116958706333272 0.0917298855966919 0.268682152123417
-0.00742643306673118 0.00584023963133001 0.154376178746541 0.0602771143167055
-0.00288321831377513 0.0157836399587173 0.0582241449252027 -0.0998282904617708
-0.00810652186184491 0.00910981685635459 -0.0376068919553155 0.0645108630522761
-0.012536151021493 0.00494505813018788 -0.110593446079894 -0.0539874257303406
-0.00569703839357337 -0.0201789499985704 -0.0750534268312118 -0.209955974105904
-0.00337568242027956 -0.0200073219098656 0.244573792833535 -0.22124670257341
0.00963863387139884 -0.00762396859246805 0.409037328821338 0.154420998241109
0.00271313698933734 0.0178997008084617 0.0815489917120233 0.470278048021411
-0.0192954865165176 0.00637813550521171 -0.236555459584176 0.262518048255321
-0.0156579587547212 -0.0013909390193001 -0.00661087672881925 0.046711433477264
-0.0131755494079319 0.00140146138482533 0.218204179857013 -0.22410700204216
-0.00905631193967821 0.013824832632998 -0.0718468945218623 -0.506547143344125
0.0033839610589709 0.0101078834385522 -0.46720832338586 -0.158244798804954
-0.0144130039919628 -0.00255188275065902 -0.250662641546694 0.311676581181687
-0.00951891258997383 -0.01097563384654 0.0975565956141334 0.266462495277597
-0.00493801774095275 0.00781319722444987 0.157176063144785 0.0580001945632945
-0.00333033674496601 0.0170446695177097 0.059171230251105 -0.100915457246507
-0.00729108737142522 0.00945668822901986 -0.036528447831363 0.0638827647309455
-0.00969810586683942 0.00736536683512225 -0.107146659890907 -0.0537193778420749
-0.00362051800774057 -0.0179048584552339 -0.0700631491879564 -0.21067666361983
-0.00409934675944152 -0.0182774388142433 0.246787760489433 -0.214698594671837
0.0088888832944229 -0.00816006880161557 0.40443959542284 0.166013793415897
0.00354931600009214 0.0157248258812791 0.0721999354641776 0.479252818503813
-0.0174622397176911 0.00604449834694427 -0.241739692943846 0.26418124378168
-0.0133297353647502 -0.00140965159806587 -0.0079568611304144 0.0480685156949734
-0.01096697216057 0.00111108315136029 0.214741798430082 -0.222726981382172
-0.00814867743338667 0.0117855504606142 -0.0806568397116079 -0.500311299765448
0.00106177868639554 0.0095973066366446 -0.47080679840367 -0.145222034020753
-0.0159827074418188 -0.000353010843991015 -0.248086291678034 0.316383325983928
-0.00738186030333596 -0.00829257181643087 0.100824798157934 0.265010245623311
-0.00148711975413294 0.0107246211999783 0.159426888800213 0.0564564339037177
-0.00230114799619338 0.0177355614704162 0.0599852690220918 -0.101702463660735
-0.00539970711496041 0.00979004256110449 -0.0367089931596809 0.0629542679893736
-0.00721835712030681 0.00958762049760159 -0.105324115592086 -0.0527787563163073
-0.00223036281869236 -0.0131663115535164 -0.0675077275032055 -0.211017646502131
-0.00551276740814369 -0.01544748196483 0.245444579655227 -0.213705337280046
0.00716569033811976 -0.00991331060574049 0.402467128094203 0.170549237528295
0.00473908659842289 0.01258265827059 0.0693486817868118 0.482509748730541
-0.015039639408278 0.00410679402656341 -0.242845113020981 0.26603990862215
-0.0117545744076816 -0.00149954223340035 -0.00822733857646875 0.0493499028464061
-0.00835049223765314 0.000469082770054858 0.21246359876277 -0.222750164436678
-0.0070330397827956 0.00792524282894421 -0.0856443191484564 -0.496285500414068
-0.000888704699266065 0.00798522080782041 -0.472792562440877 -0.139087502366448
-0.0168778293400109 0.00241599377958964 -0.246023045925892 0.318983976889327
-0.00535377621211876 -0.00390162032984773 0.103736328029239 0.263854819895179
0.00142683427405482 0.0140463742761678 0.162086719515305 0.0561453466449074
0.000522657915172013 0.0169405219381701 0.0587958711505691 -0.101011759666847
-0.0024131402679453 0.00950167263052789 -0.0375357552750953 0.0628982428999156
-0.0051106863817287 0.0123464828838556 -0.10356237628515 -0.050573066279433
-0.00146059637261014 -0.00782828466776015 -0.066431122264659 -0.212324729019501
-0.00605673284666048 -0.0119010287269659 0.242967738640586 -0.216255581352138
0.00537783007791211 -0.0124750918954698 0.400874234834244 0.169252261788566
0.00590935278333845 0.00803240233402705 0.0719970098978723 0.483820242196978
-0.0125308944027225 0.00233009016100731 -0.240790785157792 0.269135839435784
-0.0102964875338944 -0.00266351323035536 -0.00825523572715716 0.0505514950377084
-0.00616676174327183 -0.00165640617837593 0.213808035496863 -0.220870423487527
-0.00575041360351457 0.00323917639543661 -0.0816083054627399 -0.494157100032903
-0.00309521963853056 0.00579122122212933 -0.473716865980406 -0.142043495281456
-0.0167163502592091 0.00662014208943409 -0.251132575342279 0.317046193253805
-0.00400830515205695 0.00247743430880821 0.102120328353091 0.263010093402301
0.00409134737303306 0.0163857818817961 0.163106044730945 0.057105914598733
0.00427622128298247 0.0163912719147342 0.0577653983832909 -0.099371867841399
0.000600209521333313 0.00554445146115948 -0.0436219572787257 0.0699832448101253
-0.0161184339329703 0.00366712759028837 -0.121818138008663 -0.0443749085573377
-0.0109870532674954 -0.00876337844009657 -0.0988617072028357 -0.206277051064575
-0.0015420033490964 -0.0127122336233906 0.216829703482251 -0.257531048467409
0.00896767874265366 -0.0156792353117466 0.428175359075812 0.0840866663218367
0.00280526861321928 0.00670481089048933 0.143268403102778 0.438081974702388
-0.0192170480132878 -0.000791227044885328 -0.202785858864876 0.270769714608563
-0.0151549735960224 -0.00729991309123546 0.000755922147183788 0.045004796900231
-0.0141260836884553 -0.00717056155287799 0.243123317159274 -0.217995205932564
-0.011473053137576 0.000897661176328789 -0.0174493110926765 -0.531353183036522
0.00439099543671252 0.00256929563819364 -0.450314369700253 -0.222030457207967
-0.00881764026458538 0.00372703626218286 -0.277478461340728 0.277472122711663
-0.0144779516018908 7.55083873135894E-05 0.0761637045347593 0.269774239724179
-0.00863218110709679 0.00445914752849672 0.150124572022226 0.0673952341787709
0.00671432691824065 0.0118689762018318 0.0527945555033557 -0.0939639146837363
-0.00305194170636975 0.00661033070039587 -0.041829127040314 0.0687591108147198
-0.0168787516203977 0.00297232249725596 -0.12069512993518 -0.0471006852089725
-0.0112111058407995 -0.0139161342506753 -0.0947744253018381 -0.207209308609203
-0.001839017442414 -0.0164945319517213 0.223805844883306 -0.250690830710494
0.0102513918330841 -0.01294993308647 0.426659131952271 0.0988850083932557
0.00231906273575529 0.0114280217185412 0.130102811999148 0.444383764487507
-0.0206785025081355 0.00221391297391083 -0.210155645995589 0.269208742402307
-0.0169176558080191 -0.00541854125608688 -0.000749104520886126 0.0445648399932382
-0.015617930658835 -0.00449562868351367 0.23702530159592 -0.221189103421832
-0.0118561415753033 0.00583214883900576 -0.0319052614844817 -0.527542108587287
0.00532796567890021 0.00556671446288063 -0.455847242413797 -0.207447824005275
-0.0100145069462489 0.000252361838335967 -0.270880811985283 0.285794475526089
-0.0142186481680131 -0.00575779627774304 0.0819699926783 0.270058381106363
-0.00897821158906406 0.00333323726374025 0.151016016454724 0.0645556470131467
0.00282570567703656 0.01335577340441 0.0549895647751344 -0.096277402388816
-0.00562758217107176 0.00739362245971298 -0.0405019811290975 0.0673051706840249
-0.0164014263927423 0.00244858573132956 -0.118129789403819 -0.049810850770389
-0.0100644382160827 -0.0182582782879179 -0.0895846937062022 -0.207918742155097
-0.00256269743285285 -0.0187514865270401 0.232483036192899 -0.240715858809716
0.0108411156079264 -0.010357038031565 0.422520165046826 0.1157196421389
0.00233658274307578 0.0155788515519666 0.114953512571242 0.453189023168821
-0.0214203789001129 0.00409977016911951 -0.219678810475848 0.267148176898872
-0.0167700081362484 -0.00383315648732152 -0.00253117832234927 0.0445791671712188
-0.0159833881997511 -0.00138561182559482 0.230194371240619 -0.22381102448287
-0.0112822561400957 0.0104499469608638 -0.0492580018054886 -0.522310430974059
0.00583686235696306 0.00844073661077481 -0.45882338402706 -0.190082373411565
-0.0106107729871486 -0.00184912972213534 -0.262326509547503 0.296915536050769
-0.0134608260951335 -0.00995799746355632 0.0876984205635462 0.269451633515744
-0.00865318602216994 0.00388090688351093 0.152597870675587 0.0616217714283804
-0.000730899877748889 0.014950385845488 0.0568454073430602 -0.0980695808628842
-0.00725293243969838 0.00820136391360695 -0.0382258498176467 0.0662600632802928
-0.0146946657911722 0.00366654052014577 -0.114839896369229 -0.0516642232731054
-0.00817658997976619 -0.0204630855892587 -0.082614766615593 -0.208338878356477
-0.00301446515194842 -0.0198357534337109 0.237802596074599 -0.232044330366015
0.0103903024654841 -0.00855618466612024 0.417722067065509 0.134573396700434
0.00227492845111792 0.0174254917674702 0.0997852857795795 0.462536409218931
-0.020717900921939 0.00577743782456927 -0.227465391063985 0.266349782341252
-0.0164232057797312 -0.00228473360271515 -0.00483579200386248 0.0457809361341407
-0.0149931970259735 0.000332577967686078 0.223059457568628 -0.225296595975031
-0.0101989691067571 0.0134351924361025 -0.063999371873601 -0.513760258511146
0.00525188205762095 0.00944240305800825 -0.465490447125842 -0.171321964260913
-0.012727260994915 -0.0026181426827063 -0.253908930979466 0.306876565984658
-0.0115615311943241 -0.0115162996719472 0.0949107604258108 0.268386059765836
-0.00684727809531739 0.00573363283282171 0.15567852832868 0.058677075495057
-0.00282694443973808 0.0164376545021446 0.05831462296616 -0.100263322753162
-0.00797259132866841 0.00893306254874825 -0.0373451496670442 0.0651002101737921
-0.0120572821030035 0.00508865979011137 -0.111932427443096 -0.053055177833395
-0.00556790283421719 -0.0203127535687854 -0.0766688407552054 -0.209320041854144
-0.00380816955462744 -0.0195930180853762 0.243744853186169 -0.223658598940662
0.0096872553748032 -0.00773547843509767 0.411970249908174 0.151095433966446
0.0029542875027284 0.018094274616667 0.0850608827774646 0.471686081676255
-0.0198894220879282 0.00611167183159197 -0.23541022963176 0.265434875595534
-0.0151405760893985 -0.00171754220522869 -0.00645595508262781 0.0472048582207786
-0.012955145291375 0.00149156159988801 0.216741105844606 -0.225974732838314
-0.00941509632570026 0.013481424097066 -0.0767010949923673 -0.50771111212105
0.00333563934005926 0.0098649939139985 -0.469686002733671 -0.154677599245903
-0.0149461494758868 -0.00234750567460668 -0.247717244597595 0.315283120747023
-0.0102554898649084 -0.0111846301915759 0.100988263796492 0.266567680786936
-0.0044311822121785 0.00790692146320376 0.158454484374992 0.0565169585012613
-0.00335067581849828 0.0170388728208363 0.0594746636632508 -0.101225560003973
-0.00696793506843585 0.0091861855436054 -0.0367724461748245 0.0638151419703055
-0.0095610376215991 0.00752519956096385 -0.108256279174304 -0.0529403814828452
-0.00370344117983864 -0.0175809508529519 -0.071609571604532 -0.210409210958726
-0.00474926029984759 -0.0178046756110329 0.245709355456811 -0.217619301616781
0.00843546781078162 -0.00841563178698498 0.406880166445763 0.161939324769719
0.00355846710803393 0.0156397876847282 0.0763864124967932 0.47900185924548
-0.0174130809449643 0.00596740762402278 -0.239134615368779 0.26609896055776
-0.0134472323936809 -0.00118167904747142 -0.00729557127153161 0.0482078752006043
-0.0109067560374606 0.00150206987295503 0.213580995855446 -0.224877014399345
-0.00800791954455073 0.0118607090722236 -0.084420638096547 -0.501015441070062
0.00114364835712856 0.00931265561193515 -0.473855723957878 -0.142025295036494
-0.0161952429645404 -0.000799091185552816 -0.244621035913727 0.319589659380667
-0.00827649843156357 -0.00843326186800033 0.103912084727752 0.265211926251535
-0.00156111566318769 0.0107638471977275 0.160605544270125 0.0552487442940988
-0.00184100798802282 0.0173234196427977 0.0590659405760381 -0.101857513471539
-0.00496298114073335 0.00993848559997957 -0.0364613697625145 0.0635047483548883
-0.00743618807932233 0.0101653320818393 -0.105721404045329 -0.0519325644803668
-0.00231892957788053 -0.0133845939736793 -0.0690779844352868 -0.210442608166608
-0.00573876190027656 -0.0154094965431536 0.245406305122135 -0.216497184575063
0.00706360166060513 -0.00986857995152552 0.404736962563934 0.167061958640768
0.00423660886200854 0.0121011537177659 0.0740032922077425 0.482386671048776
-0.0151428530931034 0.00440865751326368 -0.240851327518475 0.268055224571483
-0.0116652013044283 -0.00142105475570594 -0.00809557650070912 0.049947204262651
-0.0088034956576655 0.000263218573459321 0.210882810627417 -0.224076336046328
-0.00744912257287787 0.0083146234191958 -0.088506251416901 -0.495851481232466
-0.000940316572294047 0.00762413180394332 -0.475587092456004 -0.135480362227175
-0.0168909212553926 0.00285147919794797 -0.243563338473171 0.322585711388927
-0.00583308176997843 -0.00326633891725727 0.106677332208969 0.263664882543416
0.00204537832500714 0.0137129957716617 0.163371703106709 0.0549189190526191
0.000761979318746733 0.0168441311684073 0.0584964736644627 -0.101971790671963
-0.00198995680048061 0.00972214259063644 -0.0373472085647079 0.0632546831555604
-0.00536407661679575 0.0124007727520368 -0.103922229335456 -0.0502224658544977
-0.00147845098881449 -0.0078375070301728 -0.0683607011563553 -0.212110577766861
-0.00625023610445986 -0.0118939078085235 0.242383640604238 -0.219892848602217
0.0052345129758054 -0.0129129056310333 0.403711462857032 0.16577207778054
0.00569149290973923 0.00788003063679399 0.0764628071430892 0.483430266605272
-0.0128781563975526 0.00268470223916765 -0.23887522490878 0.271358345195428
-0.00983029954931597 -0.0028233859230875 -0.00797698872015108 0.0507225025108601
-0.00630786920317519 -0.00186868418013142 0.213056281610884 -0.221506163515472
-0.00672970987659407 0.00350465424074203 -0.0854276284687038 -0.493861968485112
-0.00320925641149272 0.00571847584403055 -0.476059112156811 -0.138747366551143
-0.0169177458912304 0.00659839902757919 -0.248570928450966 0.320089472700159
-0.00412584075868801 0.00208625532235431 0.105043362880332 0.263087013000702
0.00480805090851335 0.0159014214185399 0.16442203116943 0.0563313224304659
0.00477230067902034 0.0157777668411806 0.0574645209263233 -0.10071584064976
0.000799881370350359 0.00539553555309839 -0.0436364455164175 0.070467047234449
-0.0161761487632579 0.00389103167595179 -0.122938807424107 -0.042827334492945
-0.0111280441037571 -0.00863370980066385 -0.100168083224219 -0.205272689075696
-0.00162555341129597 -0.012425390804851 0.214677945662091 -0.26184069385169
0.00893095196825518 -0.0158648803723823 0.429417777935054 0.0794402016660009
0.00295623017544554 0.00630728406105629 0.146920326521487 0.437004436447348
-0.019824004633271 -0.000208777746945602 -0.200757858481338 0.27364110036779
-0.0157259107314876 -0.00756794202282353 0.00126575138823518 0.045173202518547
-0.0139283033798081 -0.0068273864049525 0.240926284202029 -0.221174398694257
-0.0122818140578028 0.000881077600921657 -0.0213661132573631 -0.531583882074304
0.00453252302346537 0.00256444850126446 -0.453476336553944 -0.21762570694785
-0.00853009195684748 0.00453431275265528 -0.275495293060496 0.281359200750531
-0.0144439008327443 0.000418899160901093 0.0796453117889727 0.269444126594666
-0.00791395499936431 0.00481242823693406 0.150761412167801 0.0660976456976489
0.00767247561941803 0.0114152775191202 0.0526856099089351 -0.0945312526943221
-0.0023572959644773 0.00631178117401008 -0.0421148966368433 0.0690190187547133
-0.0166106169015369 0.00306554202733226 -0.121849204238229 -0.045504062532941
-0.0113835815574244 -0.0139528449740588 -0.0969501400458153 -0.206394095869509
-0.00206822888628672 -0.0158642049753316 0.222474058986461 -0.253610708659455
0.01003719802254 -0.0129845606160175 0.427224389224496 0.0951903335324097
0.00249343458121064 0.0114618108558075 0.134607054581414 0.443681744717678
-0.0208849599689883 0.00253225916717134 -0.207651354428846 0.270928303994521
-0.0168144326347489 -0.00564703848093973 -0.000573296683643951 0.0447762601980272
-0.015648938076008 -0.00403541490700334 0.234971674155982 -0.223030606534601
-0.0118700661238597 0.0064505762731722 -0.036254372715615 -0.528627306018595
0.00572676870611422 0.0052008305329597 -0.45772000631437 -0.203177373998786
-0.00948678535895232 0.0006775313943654 -0.267448842521925 0.289904416217583
-0.0142980903691335 -0.00543809259544576 0.0854636124545001 0.269579320375869
-0.00898382370539094 0.00368163309781477 0.152196667619944 0.0627775701156555
0.0032213368442651 0.01254366010364 0.0544569202328596 -0.0969729029204064
-0.00523451131629834 0.00737930292293616 -0.0400549113237125 0.0677019827536604
-0.0163715624758327 0.0029881667002866 -0.119624673845429 -0.0482470919541554
-0.00968709187189365 -0.0181614774953991 -0.0908612397776278 -0.206742260288348
-0.00242238744317671 -0.0187920557259147 0.229873877602017 -0.244021166530474
0.0107459090468958 -0.0103258310143673 0.425054207986414 0.11265496674767
0.00259177745075503 0.015280748106544 0.119121379929271 0.452711181086573
-0.0216038790419693 0.00490367758638229 -0.21682442492199 0.269477796606092
-0.0172034519633424 -0.00386600079990513 -0.00190899447038059 0.0448876455901691
-0.0153393336707198 -0.000989037552120464 0.228093108578562 -0.225613367748413
-0.0117452057564063 0.0109030635290226 -0.0541875603808652 -0.523467567592848
0.00617379154785442 0.0073901343945901 -0.462995281213046 -0.185482574781788
-0.0110811489144575 -0.00162025570928715 -0.259329133582096 0.300307506292295
-0.0133560591689534 -0.0100997652481461 0.0916218077799145 0.268670273480544
-0.00817024788893579 0.00380835441798432 0.154286805406934 0.06009877364839
-0.000354322056743362 0.0141157496150365 0.0558446421533997 -0.0985038429359725
-0.00697739095415897 0.0082777042595367 -0.0382606775416072 0.0667488095333101
-0.0147030289664119 0.00374501789152237 -0.115925985067473 -0.0504286325684097
-0.00827506949511148 -0.0205076207927243 -0.0852083611024202 -0.208012580672
-0.00302472492924228 -0.019895427977876 0.23667468673492 -0.236331279824674
0.0103991261157468 -0.00856424972995403 0.420094720004495 0.129543481955698
0.00185451837089366 0.0173377057252301 0.106015828098906 0.462501412697953
-0.0210367179292254 0.00594401002448342 -0.225407796967663 0.268915726533793
-0.0165321648377582 -0.00187588562340117 -0.00429112475125984 0.0459273162618396
-0.0150532856453739 0.00135836644148201 0.22109491009693 -0.227501324915817
-0.0106479317880757 0.0138291722826596 -0.0697740209824959 -0.515498265799483
0.00538381132367636 0.00945196375062699 -0.467881504773243 -0.167162773874331
-0.0130659333760159 -0.00279311552051797 -0.250986906017146 0.311029110116852
-0.0122419919335756 -0.0113788025420518 0.0977972409385032 0.267491201235533
-0.00665382457932504 0.00550341021148392 0.156769043121677 0.0566475973147363
-0.0022338542081614 0.0160727369456019 0.0578455963955725 -0.101033125310963
-0.00774182486529592 0.00904363595552318 -0.0371826403877199 0.0653276605055416
-0.0123677177105462 0.00551743383131468 -0.112711898987051 -0.0516620466734901
-0.00569911436735869 -0.0201991287260407 -0.0775477984746758 -0.209125420149375
-0.00389029461249851 -0.0197326690818268 0.242297478367001 -0.226856169462062
0.00972852517380172 -0.00801414707136493 0.41415450515095 0.147893055646245
0.00258603408551751 0.017524135918717 0.090267563430578 0.470645563894682
-0.019661106326131 0.00659174882912012 -0.233335419343185 0.267903097565785
-0.0152425286923887 -0.00126677465173269 -0.00605761137423283 0.0472329594345039
-0.0134627933855022 0.00197030922080828 0.214909001419476 -0.228251647355971
-0.0094474845557222 0.0142323699890433 -0.0837214026008906 -0.506559330052218
0.00382284718397936 0.0098331489915967 -0.472287382974686 -0.149611961329748
-0.0145049886064679 -0.00177322385472263 -0.244984434781535 0.318582652096735
-0.0105795418863567 -0.0109246439719402 0.103962718473118 0.266238839915248
-0.0045475982638416 0.00769341973823045 0.159335947188762 0.055226496167685
-0.00244285819963199 0.0169444985219764 0.058750436340324 -0.102338765462007
-0.00718361320840827 0.00927000384280867 -0.0365106219055853 0.0641528656772616
-0.00979737460647821 0.00764288184831734 -0.109643976520127 -0.0517455830770972
-0.00330048680637393 -0.0176573480262407 -0.0736380296223395 -0.210033223410078
-0.00455441129948073 -0.0178618928141553 0.2443184901467 -0.221053409014452
0.00852009296777025 -0.00849452498275364 0.408863900219634 0.159468224184627
0.00339448069217475 0.0156421496216629 0.0814413974859903 0.478721268637018
-0.0178340919537427 0.00636300897171722 -0.237498547876688 0.268494350813203
-0.0135145584095745 -0.00125936905363594 -0.0070402571744282 0.0485370344088013
-0.0106971659664527 0.00185229424493312 0.211074105956763 -0.226719096121349
-0.00816203871682959 0.0118687887795763 -0.0902985448330588 -0.500862541068139
0.00188167038983057 0.00916657594691215 -0.476539298665568 -0.138204390230086
-0.0160820932287076 -0.000174711900186206 -0.241539912211235 0.323607982442206
-0.00833448412378326 -0.00855760214141729 0.107549050232206 0.264530157539199
-0.00113103303533183 0.0107059433596645 0.162032165821295 0.0536380717010964
-0.00161196842729226 0.016649704556068 0.0588420383501213 -0.102484138646889
-0.00504025845985318 0.00941966883449506 -0.0368264524113952 0.0635318317599685
-0.00691701761210544 0.010321075713674 -0.106319269380869 -0.0506145300519157
-0.00197663284139255 -0.0132943783641156 -0.0710038758494669 -0.211009097929667
-0.00531060809658326 -0.0152311855259018 0.243977628079101 -0.220078348743246
0.00707011543406047 -0.0101603342362782 0.406912016356309 0.162259081321042
0.00446684585026841 0.0121713501195037 0.0784592379375841 0.481559068227622
-0.0149115562181359 0.00525884678258083 -0.238885845649921 0.271773419157354
-0.0117812997907192 -0.00135372657971892 -0.00802559739555874 0.0498137517083273
-0.00844258977362987 0.00076405365476235 0.208669431636949 -0.226355568592926
-0.00750045696144595 0.00819233933769526 -0.0950618854298882 -0.495942101899522
-0.000594006975881974 0.00766592524914134 -0.479136907973296 -0.131425885599123
-0.0166158700296448 0.00346197302562335 -0.240764748679555 0.325619571396618
-0.00579026153487329 -0.00362285608201426 0.109255355046456 0.263028926093775
0.00267752196014603 0.0137521177046139 0.164158475180676 0.0534919265029012
0.00111080397296465 0.0164313385080352 0.057857870500139 -0.102067935829154
-0.00210531403927788 0.00932815877208042 -0.0373193586231548 0.0641432416631304
-0.0050873080604762 0.0126351337644291 -0.105155170615361 -0.0489636957870958
-0.00092027066800652 -0.0077264213436353 -0.0695106721670054 -0.211570871085114
-0.00616499591917302 -0.0115777115944992 0.240642884352621 -0.22240313604736
0.00507396728226292 -0.0127769214586737 0.40488221853565 0.162447912429727
0.00549024972541083 0.007590660612618 0.081183522330586 0.483422184441247
-0.0125588507094861 0.00299031164012469 -0.236741398365815 0.273415806664844
-0.00982518902935325 -0.00284108300297436 -0.00746049228692444 0.0510370373740502
-0.00605805436353139 -0.00176511706013978 0.211083934485552 -0.223491023263187
-0.00644097160290772 0.00341747144180228 -0.0918341968323502 -0.495125290130015
-0.00314345946311546 0.00553015587492177 -0.479305863945993 -0.133458531134866
-0.0165240201412993 0.00722479943699568 -0.24505447054757 0.323546822702388
-0.00426306310376348 0.00245326447219142 0.107939070906955 0.262429061926512
0.00531552448972968 0.0158872881401632 0.165705257513378 0.0544035115735804
0.00474679018764537 0.0156619982686616 0.0565015407325001 -0.10084310879561
0.00125108957049345 0.00498229756191674 -0.0436178591933267 0.0706297218143602
-0.0160758526956809 0.00439209582046515 -0.12367655976923 -0.0415888009931408
-0.0112578762631553 -0.00854541248620267 -0.102448241557501 -0.204372946105493
-0.00200890383333799 -0.0124107350614332 0.212866907755255 -0.264801963370673
0.0083308610288704 -0.0160139942216848 0.431385198692434 0.0754960079882705
0.00247868204021669 0.00624889385315373 0.152974052244999 0.436262408946304
-0.0197281522232032 0.000419808813254577 -0.198003440621274 0.275617954874652
-0.0151590731884898 -0.00717279876190916 0.00190753264833257 0.0452019340531247
-0.0143099692298474 -0.00686575522599872 0.239508225652928 -0.222931868532269
-0.0119791358562995 0.00120549946256069 -0.0283593544930131 -0.533332171008073
0.00472535572369618 0.00227318761974633 -0.457110119093409 -0.213294995684575
-0.00872190685671711 0.00435587595836092 -0.271962660827594 0.285359457189256
-0.0141534515183724 0.000769230373039106 0.0830723609940701 0.268583667568
-0.00795640294122013 0.00458763343813165 0.152716923825641 0.0644425831687237
0.00763136647485276 0.0114730674178017 0.0526192044748906 -0.0949063491023196
-0.00237223643832455 0.00605133655849468 -0.0414912015991406 0.0695676826236518
-0.0168642488911287 0.00343187611142029 -0.122537007591114 -0.04411890007509
-0.0111846166077287 -0.0138999913926481 -0.0984910445658259 -0.204669019223449
-0.00204003541662844 -0.0160358913545035 0.220025947624319 -0.256813880687636
0.00975495617277524 -0.0129467298312488 0.430803618658503 0.0893595739107426
0.00245834887824131 0.0112422543487742 0.139854882401806 0.443206790494152
-0.0212165118604095 0.00322824733825409 -0.204722339220375 0.27414873032611
-0.0163550586707321 -0.00510647369391507 0.000254293040538827 0.04485875511381
-0.0161255396412922 -0.00322297180057679 0.233293747819504 -0.225543939151246
-0.0119727578084381 0.006199192903352 -0.0437140137526502 -0.530370850345978
0.00613147445984414 0.00511170501277112 -0.461869521406168 -0.199143421429666
-0.00951870635402188 0.000986450047195941 -0.264659827094636 0.293495188276705
-0.0138951999229357 -0.00509485982139319 0.0880784957912577 0.268881891038682
-0.00844004692313803 0.00373251677444301 0.15348977053599 0.0613572239055512
0.00340671778753493 0.0125971649570098 0.0540899715551062 -0.0973068578311451
-0.00505712785785292 0.00705396796092703 -0.0398640183412174 0.0682746213363005
-0.0160069653694552 0.00349756852081253 -0.120009830453767 -0.0469129298240818
-0.0102377552190888 -0.0180224035149723 -0.0929601912284199 -0.20618383476503
-0.00270628272700369 -0.0185433462826319 0.228768489087966 -0.248069446732152
0.0105086269355286 -0.0110011336835538 0.427458192417439 0.108370840303441
0.00197649411660643 0.0154472612977929 0.125001876650007 0.452141352100352
-0.0215210678041115 0.00505806279452515 -0.214108743629971 0.27160652877344
-0.0170364616161079 -0.00338044667401979 -0.00214914965779961 0.0452111987622536
-0.0160317701866901 -0.000981151690608253 0.22620755748034 -0.228170716947178
-0.0114892112980001 0.010638824498657 -0.0587921730631169 -0.524095830885971
0.00659801276170948 0.0073353301839085 -0.465339359059035 -0.181195303574704
-0.0108515437982615 -0.00188310537737314 -0.255959210170432 0.303674696796578
-0.0135645458049244 -0.00984715176881102 0.0948411824560959 0.268871280747795
-0.00767372251235043 0.00403674229906084 0.15598476983326 0.058675437394682
0.000419511981655559 0.0138690826280752 0.0556804393392901 -0.0990632623928036
-0.00697609561906433 0.00822226505160691 -0.0381481012369817 0.0667785275992205
-0.0144906912466674 0.00391685521895133 -0.116775291357116 -0.0489414858938904
-0.00820925162639966 -0.020446895139671 -0.0873336365480004 -0.207433990389205
-0.00296485948796142 -0.0196054944193755 0.235096944109843 -0.238045360384714
0.0101158699508778 -0.00886414677454766 0.421901279192823 0.125045344087563
0.00248032580599114 0.0174506755164076 0.109864647531351 0.461636650231042
-0.0211516191364527 0.00664333851620986 -0.223062136589313 0.272017945691996
-0.0165019813860987 -0.00195827895524225 -0.00420175632045414 0.0466692869197084
-0.015193286636911 0.00129459800628081 0.219337936640932 -0.229293071977332
-0.0107024958659946 0.0138407412207939 -0.0749112695593285 -0.515390954266043
0.0057499074170545 0.00863717920033998 -0.469870039814742 -0.162428156776234
-0.0133210304322923 -0.00262767890488379 -0.247950211527412 0.314168882458308
-0.0123989549460888 -0.0115819073845847 0.101715946310846 0.267051851014758
-0.00660018647109649 0.00548345501182369 0.158158754483107 0.0556694617826164
-0.00196295140149466 0.0154538823062615 0.0566769978310808 -0.100776466860711
-0.00746358640874298 0.00892060873164941 -0.0372302697610863 0.0658078419765238
-0.0121949206201127 0.00562048005551079 -0.113582504675612 -0.0504382728764489
-0.00613422590119482 -0.0203378543436291 -0.0795038037749051 -0.208327322866314
-0.00371097663676393 -0.0196084364567936 0.240640836774685 -0.230297915212614
0.00959159732008541 -0.00807672008450844 0.416205479616695 0.143260747371667
0.00292222962885431 0.0175287938948883 0.0941876050926293 0.470975292947403
-0.0198061990601202 0.00687773286799272 -0.230847765754917 0.271210831829631
-0.0155218580172929 -0.00104824702063043 -0.00531703228484144 0.0475821222736221
-0.0135899384097343 0.00263792157517375 0.212369093840707 -0.22942317979826
-0.00945147660219369 0.013835132247127 -0.0887920383693208 -0.508426752792611
0.00391774368813371 0.00951691817153917 -0.47556739254192 -0.145203658133308
-0.0149606592612285 -0.00139806158019829 -0.240649864676686 0.32248941566985
-0.0106773517011784 -0.0109711939606313 0.10784935479685 0.264811760328597
-0.0036603028701505 0.0079985441214322 0.160949251498208 0.0537344239601304
-0.00260155954244759 0.0164425772836168 0.0580944829608209 -0.102202210063868
-0.00682317500942448 0.00924307625656687 -0.0366377221963244 0.0650950567360243
-0.00914310676123927 0.00845248256830302 -0.110213457506267 -0.0506710053657018
-0.00364341758205052 -0.0177450689570622 -0.0751591906826003 -0.209370488611529
-0.00432214923143994 -0.0177061827263458 0.242566305790514 -0.224743027867393
0.0084334466549454 -0.00886606138405027 0.411770281309075 0.155267505475271
0.0033562840399423 0.0156938140736518 0.0873435698783842 0.47710279699484
-0.0176122345225901 0.00646529663205972 -0.234449769214598 0.270837060816427
-0.0133808867359201 -0.00077616063186532 -0.00637642855461901 0.0489973252249238
-0.0112521627110121 0.00221350540956988 0.209003239408545 -0.228725419671891
-0.00829534408872257 0.0120023246022582 -0.0964758859684621 -0.500990969562685
0.00146791388063297 0.00894463338612164 -0.479001546549349 -0.132786575887277
-0.0158888888233866 0.000218946927967855 -0.238112327510387 0.326852163018251
-0.00873162353335213 -0.00805368184728211 0.111197396836292 0.264220253204829
-0.000818395417168701 0.0108453773742442 0.16380748711042 0.051969529331322
-0.00100280563531273 0.0163802606240333 0.0579853172609382 -0.103130986375983
-0.00448608831370532 0.00970282935565892 -0.0362713696644898 0.0643528276109391
-0.00669859688476303 0.0108597980212502 -0.107414630158972 -0.0496592123272282
-0.00190689596188874 -0.0134645963134934 -0.0726125949800804 -0.209842332916937
-0.00533515463767242 -0.0146227080722822 0.242146612560054 -0.223700226591087
0.00661824698518493 -0.0103477248135694 0.409972404698158 0.159493431611457
0.00426895874645887 0.0121849724817538 0.0840979145392069 0.482344563208472
-0.0150855734137012 0.00508307227083447 -0.235603366185804 0.273675639440179
-0.0116779635391755 -0.00158446933707356 -0.00730809598559905 0.0502249515064005
-0.008383602687925 0.000955522329941417 0.206958728551342 -0.227371838191245
-0.00722940261572773 0.00814787392187173 -0.100377218286748 -0.496232841131316
-0.000284523688371537 0.00737998165056519 -0.481749996154742 -0.126482033232592
-0.0164470208379368 0.00370425704968089 -0.237070651114394 0.329722925949376
-0.00626214419691485 -0.00367951406417294 0.113665131369365 0.262230469252794
0.00272009386172372 0.0132821315499933 0.165599890006072 0.0518507011223019
0.00121135067196775 0.0164398208052257 0.057085441867825 -0.102890126587784
-0.00153492640099494 0.00942692392579442 -0.0374797677918366 0.0641672048931039
-0.00449246138229494 0.0127922958347986 -0.105944397122531 -0.0476576522393755
-0.00098361168357736 -0.00783648840053688 -0.0714250476966772 -0.211226635682488
-0.00609216339904944 -0.0116064738966437 0.238922841335228 -0.226624482674374
0.00472304713747887 -0.0125287169665682 0.408497674500642 0.158048216944783
0.00526960361125697 0.00740013523218097 0.0870837734983114 0.482294217640423
-0.0126576742425185 0.00345554270084306 -0.233459880266686 0.2768695010474
-0.0102236553475077 -0.00271781919771323 -0.00748863448151952 0.0512103686084175
-0.00644071308823399 -0.00105043303163963 0.208604433307218 -0.225851252719743
-0.0065798363560015 0.0037653257225409 -0.0974616165760427 -0.495664125707044
-0.00293444972664332 0.0054316807374085 -0.481171596026058 -0.129241107320215
-0.0165165177892978 0.00743367939659617 -0.240546992225391 0.328138340038633
-0.00438094839328368 0.00222964192662621 0.111534048295261 0.261682441497158
0.00604862238084861 0.0161940099384322 0.167235998369706 0.052932392403742
0.00514023448183762 0.0148393603625445 0.0564086747312203 -0.101767457765384
0.00153970422453027 0.00524161603412875 -0.0429029879205065 0.0709057391620974
-0.0157933814482405 0.00475635805167449 -0.124311799199671 -0.0392802170783307
-0.0114203456206119 -0.00836369661701056 -0.104147979078108 -0.20292683316987
-0.00192555762846177 -0.0121336658657264 0.209825094092969 -0.267458784279559
0.00833522973343522 -0.0159452861793352 0.432959329443643 0.0692713398689307
0.00219078818136289 0.00626222868683443 0.15726666227312 0.435445330091973
-0.0197581098400559 0.000520237871379958 -0.194588439060232 0.277230426633166
-0.0158599162603126 -0.00711392945791405 0.00219554303217426 0.0451433943971949
-0.0143261945015412 -0.00642446619410844 0.236041496418094 -0.224667120451438
-0.0119995265988413 0.00134153126979498 -0.0352219388601833 -0.533401527273857
0.00500705937670498 0.00185568725931084 -0.459889179926674 -0.207574989922329
-0.00846183465634098 0.0047462151950592 -0.268130410804968 0.289187346487698
-0.0150342662795568 0.000402508325684682 0.0867396171986384 0.267429145856976
-0.00746529785030831 0.00432566312712404 0.15345979364986 0.0622025789582644
0.00796468594300652 0.010661179874965 0.0514657401555871 -0.0953084326608315
-0.00206869923755046 0.00613528017483237 -0.0408149632785524 0.070080185081052
-0.0165733567058024 0.00357004291013404 -0.123374828600534 -0.0426992910727289
-0.0109877263704086 -0.0139298197206398 -0.100413175532944 -0.203016968893976
-0.00168677155081893 -0.0160072964653599 0.21801986579847 -0.26004446451879
0.0100589677543489 -0.0131873031979807 0.430974704576621 0.0852012205179536
0.00220414466740923 0.0114059772902636 0.145991298446607 0.441605189562871
-0.0208301135714796 0.00346366454565322 -0.201396902077934 0.27593245850475
-0.0170469661135656 -0.00511602419443144 0.000751360743701479 0.044801158054222
-0.0155325959257758 -0.00332383904540998 0.230379450679148 -0.227526900011815
-0.0125249701896742 0.00703828315389085 -0.0497039351777198 -0.528636145726091
0.0060988985190993 0.00481032741384869 -0.464103634376015 -0.194188541388139
-0.00952664338069403 0.00109650521320313 -0.260569591692117 0.29772226546563
-0.0148044652456892 -0.00504218400111333 0.0926870341687412 0.268032706158329
-0.00811366645088818 0.0033688034639596 0.154924325001359 0.0593982087657117
0.00411879164814149 0.0121993066697636 0.0534764461176811 -0.0979070639236819
-0.00469288623763834 0.00710167343656532 -0.0397278357332524 0.0689579446487946
-0.0162213331470669 0.00368098193506141 -0.121050162453825 -0.0456687930343658
-0.010447075077671 -0.0182896317797068 -0.0951283440939463 -0.20496290737154
-0.00272250672342621 -0.0177969126126752 0.225769919139223 -0.250662406411042
0.00991276693750829 -0.010670494590286 0.428449888733925 0.102302138039874
0.00256352566977249 0.0146220893375435 0.130690850576696 0.449597011961514
-0.0214577428766185 0.00540333908569472 -0.210889839496702 0.274325794146503
-0.0171504090447774 -0.00332606580214391 -0.00143911663949248 0.0452274821692876
-0.0157648218485419 -0.000542467441193743 0.222796274427838 -0.230279056289893
-0.0115108696033152 0.0111473023549004 -0.0666226353787783 -0.522301732831919
0.00649023850067791 0.00705399308309518 -0.46798017103283 -0.174804498832621
-0.010712521899705 -0.00092256719078818 -0.252571833175257 0.308210238493294
-0.0140805195712663 -0.00952522830543781 0.0989763171340533 0.267491134891018
-0.00760737908089802 0.0042894064618268 0.156900122025155 0.0564374842116971
0.000810585508926711 0.0136844088596373 0.0550710736164914 -0.100247387691308
-0.00651669343135757 0.00808574556082096 -0.0376261955462691 0.0670223495677372
-0.0143847671520354 0.00458282940358907 -0.117711070333477 -0.0472095230858435
-0.00851732489533983 -0.0204195178649347 -0.0881459921761828 -0.20588038795675
-0.00306090997719759 -0.0190873134087927 0.232393782483077 -0.242257061465764
0.0101502320632049 -0.00885582483338527 0.423404964205808 0.119887840824587
0.00254891639617927 0.0173070941983757 0.11607522071019 0.460561091740263
-0.0210242867116919 0.00735125327416564 -0.219397727860217 0.27459879750034
-0.0161389098009454 -0.00172325637283256 -0.00327277590029547 0.0463449950562874
-0.0149401918264429 0.00175970606056918 0.216602503356839 -0.23165989771193
-0.0104249901078921 0.0137452708616182 -0.0814568214108093 -0.513761711081029
0.0057474843155761 0.0087819288763872 -0.47330376215113 -0.156036520488431
-0.0129391394511216 -0.0015339103853065 -0.243192885752017 0.318122677318005
-0.0129702129549329 -0.0115846278454345 0.105451642896558 0.266303805560144
-0.00619677092065726 0.00523066857637779 0.159222763803075 0.0539410630766184
-0.00121104887034904 0.0152303562350405 0.0566042658909556 -0.1015249677615
-0.00730363350369496 0.00859203888183356 -0.0368456020397747 0.0660402088592608
-0.0121120759812191 0.00609654349228984 -0.114227327437842 -0.0486704225668991
-0.00621220411451203 -0.0202651611622695 -0.0815843558564455 -0.20735077712478
-0.0037155284949504 -0.0194821705925413 0.238117577779338 -0.234318093438888
0.00931254831008977 -0.00819927048607653 0.41792097169654 0.138296389772677
0.00276094850296485 0.0174025165789776 0.101378402484241 0.470011723569538
-0.0199067099073691 0.00731951576542097 -0.226413352126476 0.273641486537607
-0.0152384207230106 -0.000928390600224022 -0.00474319867779789 0.0477313259599317
-0.0135368873356816 0.00290795233430449 0.209891579617887 -0.232422665971208
-0.0092979790691387 0.0141899898785635 -0.0954538518038531 -0.50601307932261
0.00416584550716033 0.00958354800010032 -0.478692537600043 -0.138802769476473
-0.0149348515806204 -0.00150965523420487 -0.236734326131872 0.326533836272176
-0.0108272564403261 -0.0107144095108658 0.111405907561577 0.263712722049761
-0.00357243457160071 0.00843329842716258 0.162222993519987 0.0513813012100262
-0.00173105302390293 0.0162722703787384 0.0572427599412327 -0.103059674769118
-0.00650290594864886 0.00929802539875841 -0.0360733099780286 0.0647320634484958
-0.00928218686211827 0.00831036337679512 -0.110992845736628 -0.0489471760605761
-0.00410682723768161 -0.0181154186296853 -0.0769296973349897 -0.208208876418788
-0.00454577724085199 -0.0172502406410745 0.240188353437388 -0.22772858940467
0.00801406539889905 -0.0086902936054397 0.414035776010189 0.148941440945961
0.0034069786092756 0.0154531031515369 0.0929397647300228 0.475813280703331
-0.0176220673183925 0.00728026704415601 -0.231407317561817 0.273647706266877
-0.0129591154025451 -0.000854438593706839 -0.00610749459668656 0.0489690496044541
-0.0112973198563222 0.00255661631328708 0.206163888402191 -0.230753638020932
-0.00846430545924897 0.0124498922658143 -0.103116725002291 -0.499489665231409
0.0017984745202887 0.00903281020441332 -0.479838859468435 -0.126072829516895
-0.0158021195128676 0.000914883581044761 -0.233157779091863 0.330539739336031
-0.00895979419387416 -0.00824329327565338 0.114416556998051 0.262402404937825
0.000335751954571585 0.0105925313114468 0.164473744042667 0.0500227372386576
-0.000300177029501747 0.0162923366806833 0.0577103388012323 -0.103684575255682
-0.00443426659088161 0.00910622527016144 -0.0363119650810432 0.0641440771165746
-0.00644475465332499 0.0109097015871007 -0.108066455861507 -0.0485887511201525
-0.00256044744766803 -0.0134837506515666 -0.0747582955584859 -0.209152036107158
-0.005597039302345 -0.0149667833098248 0.239940221998684 -0.227216576758949
0.00634879074078607 -0.0103036981677613 0.411929469313972 0.153293779908027
0.00464664226071118 0.0120334730717615 0.0903113244174841 0.47998064955649
-0.015086877947308 0.00560417925455428 -0.23248540477233 0.276144564551179
-0.0113849937634539 -0.00100416264080912 -0.00625858503369124 0.0504511056173247
-0.00851763287999194 0.00129562736970162 0.203692256953915 -0.229928326909897
-0.00770763320552925 0.00858649484804556 -0.106061247735984 -0.495020357487895
-0.000310777295570549 0.0072649668932821 -0.482835999615136 -0.121890096318271
-0.0166059195939651 0.00364481989420149 -0.232406040778614 0.333575216879759
-0.00654844018957522 -0.00348697466110846 0.117271091535843 0.260705969987455
0.00315202087937963 0.0134577352308482 0.16671901992622 0.0496585615923798
0.00224162594963631 0.0159256378156813 0.0565874398254586 -0.103707900980937
-0.000802117608124704 0.00917113835506618 -0.0373537192671234 0.0641462509994451
-0.00433581439563995 0.0130225597447274 -0.106478812319132 -0.0463336328104608
-0.00118245210475821 -0.0078871207301223 -0.0736201004080107 -0.210258155635482
-0.00575177051512817 -0.0111567405835666 0.236834676639672 -0.229854498372157
0.00479467020651319 -0.0129475545345285 0.409218232653665 0.153067427237456
0.00527755216040538 0.00732091396764758 0.093341306807625 0.480348354360149
-0.0127489523945694 0.00411849533050383 -0.230660101604338 0.278807027121011
-0.00983427727526412 -0.00231542607221783 -0.0064134011289962 0.0517072129838972
-0.00641215613711979 -0.00106699425158484 0.205909206806326 -0.226879189620347
-0.00675874997055864 0.00365233487026297 -0.103582392400103 -0.49348411675617
-0.00275429589128936 0.00529348825732937 -0.482916627785862 -0.122095478281949
-0.0163778548459327 0.00813656839153676 -0.236961710176486 0.331279067703312
-0.00440608864267912 0.00281294331221211 0.115633396315678 0.260240096263911
0.00602086845676194 0.0158135067702946 0.168059400158145 0.051354427552853
0.0056640743635525 0.0148141662387964 0.0557128003001722 -0.101657941933537
0.0020568796431119 0.00484518845378684 -0.0422413109706375 0.0712375728822434
-0.0155642138632396 0.00483840024603655 -0.124667957737536 -0.0379491548243117
-0.0114288395842046 -0.00809204526548378 -0.106506427963183 -0.201189749897358
-0.00180317875622819 -0.0118698009615215 0.207013925561085 -0.270519453073084
0.00799651668937336 -0.0159068666683367 0.432614861097023 0.0631622266226789
0.0023129593994813 0.0061234235681762 0.162270971727125 0.430137945935452
-0.0197606068808495 0.00097945774364401 -0.190168836469557 0.279499620936533
-0.0157947365917046 -0.00678433137040564 0.00249258627622504 0.0453835897951869
-0.0145230649471704 -0.00588461707399517 0.232524553481491 -0.226860604273715
-0.0120252470867773 0.00163296362723806 -0.0424836386698967 -0.531463695833758
0.00476484572043811 0.00160291729054961 -0.46227390515163 -0.200983169323364
-0.0084903310359691 0.0046521879211306 -0.263660157445482 0.292307963102445
-0.0145024753592989 0.000830712338789704 0.0913562787114389 0.266091551354472
-0.00719033135426704 0.00445296153991739 0.154192114289911 0.0601340526948915
0.00840831618082255 0.0101285105970229 0.0510467547871892 -0.0958899182524316
-0.00169499269262984 0.00629071101642591 -0.0399432369020239 0.0697741110306789
-0.0165818120438486 0.00416595956155844 -0.123967696844212 -0.041142080652831
-0.0112578961302107 -0.0142042629132544 -0.10301848922928 -0.201173659124695
-0.00242657849587182 -0.0155170342268037 0.213852095700333 -0.263096311339602
0.00921590901621704 -0.0138387337608125 0.431612037953206 0.0788155754952113
0.00256277443975366 0.0111256580032078 0.150246634999647 0.438057516541962
-0.0210005515532555 0.00406745168004934 -0.198007748174603 0.277848527649452
-0.0165173213993425 -0.00457034616006817 0.00136603857618409 0.0448605633513512
-0.0153838499831101 -0.00274511306478956 0.226036676338789 -0.229238235075678
-0.0120480157611809 0.00735863899868613 -0.0561146005523417 -0.526363627076175
0.00670883139896269 0.00477171755714752 -0.466805104909144 -0.18587831924761
-0.0092764556868365 0.00138695886963512 -0.255358330836586 0.301145862198117
-0.0150036579343959 -0.00473992427449588 0.0962557541991961 0.265615360506183
-0.00833794948762804 0.00360302542179624 0.155449513007354 0.057303191793861
0.00446100874456086 0.0119324921833768 0.0523880097267814 -0.097982980287644
-0.00460557456823507 0.00657569178637102 -0.0387218609420469 0.0687486674060096
-0.0156885490353078 0.00411369293493144 -0.12124399987426 -0.0439042154705196
-0.0108310949483639 -0.0182459199377016 -0.0970867257035044 -0.202826055203948
-0.00265926823480257 -0.0180836574337557 0.222507109954879 -0.253796893720078
0.0102570165523198 -0.0106839537619139 0.429620396121363 0.0967499740394729
0.00209080900276559 0.0150812863217084 0.136089940290083 0.447680757138162
-0.0210902148437159 0.00598601898437348 -0.20713985206477 0.276471702327593
-0.0166008915280186 -0.00289674728994235 -0.000671815768419364 0.0458940330100208
-0.0156726479727233 9.82637483395573E-05 0.219344929269495 -0.232099773718535
-0.0117197287124526 0.0113486910443297 -0.0729769306061212 -0.520443893366034
0.00629286898641802 0.00686278968126431 -0.471326157562298 -0.168861136374868
-0.0106643624656737 -0.00104256325390128 -0.247372361130872 0.311499271278058
-0.0141264046800368 -0.00922248048400546 0.1025653408873 0.265738652015312
-0.00750166600437614 0.0037424517411748 0.157674725268139 0.0543123940417383
0.000960186341158038 0.0133733376610965 0.0540559223276956 -0.0997364415386592
-0.0064415601292714 0.00813430671052313 -0.0373230159845116 0.0669166036667872
-0.0142278297227938 0.00466718722639627 -0.118365468614095 -0.0456991776455358
-0.00871587457765852 -0.0201705893799064 -0.0901579242532978 -0.204216479390021
-0.00293452011793215 -0.0191545528843099 0.228286641883516 -0.245032075368821
0.0102512216849015 -0.00906426314105542 0.424180072387763 0.114697859796107
0.00228174713332685 0.0170644846527863 0.122201771477629 0.457845643523849
-0.0211747381471379 0.00757086851440081 -0.215530424955485 0.275710386702243
-0.0165136443445772 -0.00107100240248635 -0.00289829361436184 0.0462875316512493
-0.0152476803874305 0.00219258030617952 0.212491748864062 -0.232904970473877
-0.0104391227687435 0.0142082001582355 -0.0886650626854851 -0.511199137372875
0.00590808143859779 0.00837108242136919 -0.474277070961255 -0.151130245444197
-0.0126652304495042 -0.00177583817589159 -0.237838963226818 0.321133574550814
-0.0127032031296609 -0.0110772026623304 0.109061016647369 0.264084075989337
-0.00559499951512383 0.00533516562401539 0.159590263452374 0.0511693208097419
-0.000670144246908974 0.0147183491378618 0.0555449582094276 -0.102110933356061
-0.006536718868314 0.00875551089181892 -0.0361082863882474 0.0657753928535253
-0.0118064536238695 0.00607861726940591 -0.11461346917464 -0.0469942730052625
-0.00651179682720175 -0.0201440021420676 -0.0839188965403917 -0.20582359546581
-0.00393373539589829 -0.0189820945134892 0.234649873520852 -0.236915168827576
0.00924810769204776 -0.00815282213181074 0.419367638269689 0.131273573095955
0.00236692312925195 0.0171335753843448 0.107866315182452 0.465830929369038
-0.0198084226345104 0.00797143280386211 -0.222183379430691 0.275085584536936
-0.0150466446677337 -0.000414569726017408 -0.00437646706679968 0.0475197627071324
-0.0134189175750747 0.00320629133063977 0.206279908817915 -0.234052869455783
-0.00929078304095404 0.0138522088680333 -0.101399151527432 -0.504107630984384
0.0046873676926812 0.00876547498054378 -0.478976821416735 -0.132619972140478
-0.014678164860647 -0.000743497354198982 -0.231631970199673 0.32904084056882
-0.0112947196743777 -0.0105980482358458 0.115385928097424 0.262185075957892
-0.00314756863727437 0.00795659319418041 0.163102141811213 0.0491178697439299
-0.00143922180476579 0.0161803673498591 0.0561013322234071 -0.103349879310581
-0.00623204560511752 0.00912083423545677 -0.0358602229799184 0.0649248726286713
-0.00911277460909332 0.00849938699559414 -0.111226064632427 -0.0476306602171143
-0.00437911923724115 -0.0179614458090272 -0.0794591949884105 -0.206390853106118
-0.00465763123569697 -0.0174983957991537 0.236924829619785 -0.231429279913619
0.00802733305328121 -0.0088886489933384 0.416079106731536 0.144404587898354
0.00351678236013392 0.0152819337852341 0.0998357947747313 0.473901451326538
-0.0173945843300547 0.00735627307647739 -0.227482690575594 0.275660711777952
-0.0130181170027676 -0.00076446969387169 -0.00532840993022072 0.0491574195309357
-0.0112077372950421 0.00322098059289181 0.203076007924626 -0.232636976075352
-0.00814733790172308 0.0125951026388748 -0.109744714630287 -0.498174759830989
0.00165705185180033 0.0083851322393798 -0.481448732761836 -0.121422119101825
-0.0157324922300388 0.00105774906895853 -0.227861547082733 0.333195999918978
-0.00888499248653583 -0.00794290992464478 0.119221063144147 0.260828048380799
0.000248974575083509 0.0106634140926899 0.165909085971261 0.0479212249569947
-0.000293040523628633 0.0156300846412653 0.056595384305323 -0.104243449320103
-0.00366523425128311 0.0095510215213277 -0.0357971820885568 0.0639971654619933
-0.0060205004205284 0.0108588473011834 -0.108865045952394 -0.0467937974054084
-0.00256229908233133 -0.0136112215145947 -0.076562486092326 -0.207832655168189
-0.00560909117364234 -0.0145299858469977 0.237080026733482 -0.230767027831628
0.00619454883681801 -0.010283166872237 0.412961573072805 0.147555280670569
0.00446686035958454 0.0119529519662665 0.0964034327302886 0.477862923914973
-0.0150050770553985 0.00636725712979308 -0.22820171720869 0.278592249219417
-0.0113866087033176 -0.000943053142009807 -0.00574583775404745 0.0501001102466617
-0.00859104525961257 0.00127326249257888 0.200450797015474 -0.232164303351672
-0.00771331560483326 0.00885742207143228 -0.112975323174921 -0.492017276345618
-0.00025994610845918 0.00715494884214428 -0.484785332046 -0.114378438190181
-0.0164193518742864 0.00430436183361117 -0.226931051038782 0.335575857899568
-0.00624206672373704 -0.0033110349437537 0.120693792254117 0.25834191763092
0.00406608404414465 0.0137398958387969 0.167789857469636 0.0469311910426087
0.00206460090470459 0.0152794909910352 0.0553851478832261 -0.103706591656881
-0.000760855739460894 0.00941130473317089 -0.0364128446072575 0.0641216874711228
-0.00404850122609388 0.0131998953234475 -0.107345558248512 -0.0444282019824979
-0.00148576906664632 -0.00795706902703688 -0.0753894540990279 -0.208044954863681
-0.00597760092628786 -0.0111516572419999 0.233680461833189 -0.233178885060079
0.00423176146643477 -0.0125572553504057 0.411460047903529 0.146821966967612
0.00534346668504131 0.00716042712373545 0.0991460297584709 0.478641977742427
-0.0125237037310271 0.0041337142933335 -0.225337265169946 0.281055827733466
-0.00968676746913459 -0.00213425500625038 -0.00578137273726747 0.0515321085420042
-0.00664468553214046 -0.00073537680953005 0.202413269442314 -0.229080886821958
-0.00710276956044255 0.0040409836490801 -0.109166296343168 -0.491551823692912
-0.00254135680343296 0.00511148547999454 -0.484983856528565 -0.115983949312013
-0.016260906800645 0.00801545827864602 -0.231523167890122 0.333596367045503
-0.00458620123238041 0.00247036896977637 0.118438927542443 0.258854459727101
0.00693532830846269 0.0156652387633039 0.168723074660086 0.0483584027395678
0.00575160401162892 0.0142315659218148 0.0541062331003017 -0.102667100832125
0.00171245710711352 0.0049645124465808 -0.0418719380324649 0.071391348494276
-0.0155748195446182 0.00508328548776631 -0.125432598348928 -0.0360423369372766
-0.0112990081774177 -0.00801381838921193 -0.108789509231659 -0.199175303690422
-0.00138471899830247 -0.0120183736343481 0.201632697030485 -0.272492182690869
0.00754846631602082 -0.0159750988821291 0.43298539866484 0.0564072308335274
0.00249044617985667 0.00582487931333558 0.167664608810463 0.425923376658917
-0.0197855511887441 0.00126721624584789 -0.185526640712939 0.281207814603438
-0.0155341235272464 -0.00667365096891244 0.00335253762185016 0.0448945624092718
-0.0146284618901274 -0.00556871609424863 0.22882001950414 -0.228369620105099
-0.0124847476856965 0.0017614044326088 -0.0490778287175695 -0.5276686957589
0.00492652579584993 0.00168051441239867 -0.463809683527883 -0.193641058654826
-0.00810638395884221 0.00512620690063126 -0.258762875670172 0.295762029044105
-0.0150292659119086 0.00114755220828049 0.0945051483480373 0.263787704984686
-0.00731032796094838 0.00441036190296889 0.155291038812942 0.057548008850307
0.00876152998268201 0.0102558173919296 0.0498868811066571 -0.0959339665967233
-0.00151315627598518 0.00557297313151765 -0.0401613654621822 0.0704527137629158
-0.0163582162637678 0.00457489739972663 -0.124185707120624 -0.039136092291106
-0.0113853848544019 -0.0137146588259627 -0.10445820538906 -0.199283434479037
-0.00201531682252654 -0.0153785567702247 0.210280790107115 -0.265115261722868
0.009388340985934 -0.0134563046250981 0.43036480305228 0.0732018808022274
0.00246637883219425 0.0113039952260173 0.155977605089638 0.434225426638251
-0.0210004772851807 0.00431194464342528 -0.19308320171939 0.279294051926021
-0.0166593080997074 -0.00440923546937733 0.00211161804216137 0.0449568050452505
-0.0157641985826225 -0.00277809847688815 0.222693023378365 -0.230618088063361
-0.0119980174809583 0.00726556774686537 -0.0632135462149066 -0.524666391833156
0.00609514603998958 0.00435539733229258 -0.466306058668205 -0.180299384341991
-0.0091813691028486 0.00170762768824125 -0.250069688296873 0.303742893445827
-0.0150471423667163 -0.00444585592712396 0.0996447617310826 0.263710913327871
-0.00777704489610827 0.00349860645095649 0.156148805012054 0.0547890825741068
0.00442696495455189 0.0114487987820099 0.0514106975308973 -0.0982562630160186
-0.00454025599027276 0.00690507676559425 -0.0376967453176238 0.0689097885028182
-0.015738183721579 0.00432876173436822 -0.121707494541699 -0.0419702930614068
-0.0105956322019812 -0.0175801679793211 -0.0986118763843369 -0.200784361351908
-0.00268589956030693 -0.017919061225732 0.218715902019937 -0.256194719872328
0.00999462306603338 -0.0110272257417406 0.428037461111324 0.0887760383790745
0.00230528666623 0.0148662423441585 0.143192673420248 0.442922957120556
-0.0213169706258366 0.00649888267780418 -0.201957084289592 0.277776378485679
-0.0165787198583994 -0.00250678933732684 -0.000108146920967949 0.0452166845749114
-0.0156476335177308 0.000534685255625574 0.215710033199189 -0.233417252595976
-0.0114475294135752 0.0113221868263835 -0.0800768716582706 -0.517358771486267
0.00699737690185034 0.00636446746012072 -0.470837606907295 -0.162074177779108
-0.0109056338739422 -0.000877858137425613 -0.241038928877673 0.313549337902159
-0.0147035059839121 -0.00892511931431027 0.106840903712959 0.263222850249148
-0.00718679353372487 0.00411661457776888 0.158081273067259 0.0516512587311437
0.00129125152142144 0.0132203747896989 0.0527650584128489 -0.100722277651154
-0.0061734726459975 0.00773565198112601 -0.0367220040317967 0.067454928287387
-0.0137406394797716 0.00494077850962431 -0.11866258247421 -0.0442754405298633
-0.00882385719299162 -0.0202660121765728 -0.0924716492525685 -0.201589874509992
-0.00335045569108011 -0.0188619943070987 0.225101890999424 -0.247793050235255
0.00966297287518579 -0.00932558150585239 0.425497042519939 0.107983052964353
0.00225867038042947 0.016881612680714 0.126924104900664 0.454369031998205
-0.0208695295549329 0.00811046856379942 -0.210305320536175 0.277278600436635
-0.0160175031793928 -0.00122674015060824 -0.00258665282628486 0.0465224463231389
-0.0147859433963416 0.00254068100561373 0.207973672484969 -0.23434730748885
-0.0104096825798674 0.0140917639220557 -0.0952848690922794 -0.509203953451614
0.00593416989746519 0.00805991958825512 -0.476753716689746 -0.142184355575408
-0.0126454454978314 -0.00145236927256583 -0.232076421648095 0.323747209254841
-0.0132023521519647 -0.010815610442622 0.112875307670726 0.261776228828982
-0.00545848283736996 0.0055908132696938 0.160964102519816 0.0488164374490609
-0.000251759466576066 0.014539359343949 0.0543361305924135 -0.102117842092202
-0.00684564990069722 0.0083280991688489 -0.0354037831652657 0.066077006709044
-0.0116208463283085 0.00666004260341915 -0.115305775626783 -0.0451992035333356
-0.00664542333852671 -0.020427094419173 -0.0857661128119244 -0.203685168763985
-0.00374977347215507 -0.0185543826350884 0.230642342190758 -0.240180571538808
0.00929395096367783 -0.00861342067291298 0.419329574090524 0.125650207463642
0.00242265554174246 0.0168329552017182 0.114003287746521 0.463184693915091
-0.019076988016859 0.0081787781987051 -0.21782809372152 0.277356500892096
-0.0146033479840414 -0.000419683397925876 -0.00357460046846975 0.0476901840927869
-0.0131457752252773 0.00331925057679826 0.202521583007482 -0.234478957599155
-0.00935964809462185 0.0146908240045418 -0.108923205513021 -0.499803845016728
0.00471428256167625 0.00856203090552851 -0.479551143057258 -0.125849419945891
-0.0143624817303225 -0.000860252169699359 -0.225456561237685 0.331805619749888
-0.0113165042560932 -0.0104650068128297 0.118625752886545 0.259302836750786
-0.00278258101625895 0.00795991511862617 0.163661344535596 0.0471698247016241
-0.000934043147294612 0.0155377765945491 0.0552740670297508 -0.103841644048756
-0.00625969016625512 0.00878398659881153 -0.035536298144033 0.0651991624143555
-0.00867493725956789 0.0087186264796523 -0.111203767255233 -0.0458617551475597
-0.00462613694161811 -0.0182214758294016 -0.0812200283967169 -0.205105829069072
-0.00479076077776628 -0.0171967448290675 0.233449585016705 -0.23378248525712
0.00778540680038071 -0.00895138538949826 0.41575526542857 0.137897843977945
0.00291426756578811 0.0150194542916086 0.106349711129354 0.470471509491363
-0.0174730592146799 0.0075475598995595 -0.222808455822573 0.277642730643552
-0.0128615157910131 -0.000454141061132077 -0.00502031397036361 0.0489399156267457
-0.0106751492192562 0.00326702527470309 0.198700078183359 -0.233699708175136
-0.00819591116245854 0.0125433978051677 -0.114959242092034 -0.494095384551928
0.00272175157605129 0.00775145833551519 -0.482512688787445 -0.113279710503453
-0.015864364104585 0.00118919254440907 -0.222523721356985 0.335521118934884
-0.00892674053421934 -0.00774783725927683 0.121721068112786 0.25774926171765
0.000891286394589084 0.0106107614115627 0.166156327160516 0.0449738483453393
-0.000144939974133807 0.0157819884232982 0.0551522779750078 -0.104449487395898
-0.00386907669842585 0.00906269157712782 -0.034880297290891 0.0644088962837227
-0.00558570925129174 0.0112059487196506 -0.10931867538106 -0.0449671415798273
-0.00250587465127016 -0.0134803397558253 -0.0782973291334825 -0.205765750054223
-0.00548671998057059 -0.0144944635394353 0.233220831428339 -0.232521155141962
0.00578667277577316 -0.0105373853970085 0.412600675083928 0.141008978190337
0.00444276723070959 0.0118867110313993 0.101881260564171 0.474485502473645
-0.0148653773058086 0.00643456134581552 -0.223359821406116 0.280938268735533
-0.0109333091620172 -0.000792512434167631 -0.00508943956630777 0.050249977867205
-0.00868649486396747 0.0017810161855996 0.196323387813959 -0.232938440357735
-0.00758899515898006 0.00929118147646095 -0.119213275689779 -0.488486663639869
-0.000346583422197962 0.00708159671808261 -0.484547549319864 -0.105490662382029
-0.0162566746155281 0.004809076072987 -0.220576728439686 0.338141362609416
-0.00697449704716431 -0.00311604242532999 0.124963200745571 0.256307862915963
0.00410720844799181 0.0131145569132304 0.168116637289883 0.043954178846116
0.00253074328565226 0.0147805488617088 0.0544177880226346 -0.103688668773702
-0.000844713949704706 0.00877870874006771 -0.0361435071201886 0.0642969832352077
-0.00371660163561255 0.0132820862047041 -0.107353763307574 -0.0431314439753479
-0.00109609790576068 -0.00802443693351608 -0.0774646963537553 -0.207252088182951
-0.0061376434748941 -0.0106170061318506 0.229760052519175 -0.235515560008507
0.00422222204360662 -0.0127068183181258 0.412250011085095 0.139897898810142
0.00511922118363121 0.00707655998382485 0.106261123556652 0.475668740162619
-0.0127433307566094 0.00452174238500177 -0.221744538607963 0.282864587998091
-0.00969234650091374 -0.0020309543042995 -0.00551774717581866 0.0516509932557528
-0.00635643983830144 -0.000486487652205495 0.198177015695763 -0.230045007066254
-0.00707502484601423 0.00456868228540339 -0.116282822787735 -0.488208174844209
-0.0025789415710437 0.00517859558982982 -0.48577633566567 -0.109198497729137
-0.0162890061418704 0.00859287074641373 -0.225490421327132 0.336033758788456
-0.00480471946306833 0.00274943762674276 0.122501622042004 0.256012106494907
0.00701381666458653 0.0151332129689607 0.169338144292302 0.0459568171287368
0.0065298644604947 0.0141382593882476 0.05304344148174 -0.102789002062643
0.0021356813818481 0.00493234726011919 -0.0413758821717395 0.0711756144510932
-0.0156491945811515 0.00568254654451064 -0.124667515535271 -0.0338443806745471
-0.0115528563718042 -0.00828506867266554 -0.109019114702908 -0.196542566640564
-0.00152635541864602 -0.0119267608757477 0.19783338820182 -0.274299949208252
0.00703297751361308 -0.0163847759662769 0.429680657058534 0.0511921082993394
0.00217095541124538 0.00603489400885291 0.172233903163094 0.420418559164041
-0.0195066246032604 0.00204696682896579 -0.181354472340241 0.281352344435661
-0.0155239121271108 -0.00579581342146156 0.00364068214116113 0.0448620389829236
-0.0143651644650104 -0.00513676986806104 0.224223732772628 -0.229331126921589
-0.0126410360996628 0.00157224851953496 -0.0567384901640569 -0.525034197588824
0.00492806349177694 0.0010032345024673 -0.463665174500274 -0.187090717577723
-0.00806754227882475 0.00533752632230879 -0.252938207317435 0.297866412438067
-0.0150267498229601 0.00145016105013435 0.0976744874039923 0.260965103302467
-0.00674269081408205 0.00481188889111898 0.155154813536939 0.0552445781851858
0.00945890921685824 0.00980299016467626 0.0492485156995469 -0.0960957805464496
-0.00119500350219324 0.00547949611449307 -0.0393309219442067 0.0699729950007199
-0.0159128068749554 0.00460958434332649 -0.123790033010905 -0.0373312014431348
-0.0117385405783722 -0.0137774930490438 -0.106210593010492 -0.196701830976811
-0.0019677082186015 -0.0153202803560283 0.205768599678683 -0.26687681120292
0.00893808929720467 -0.0138099232069071 0.429015957383233 0.0662167271343298
0.00244084791808746 0.0110335661376129 0.160685692490932 0.429069063997501
-0.0207160905502231 0.00463830412879944 -0.188326786623078 0.27936478374465
-0.0163760566448505 -0.00403028125150225 0.00270565981327626 0.0446001059058839
-0.0153946939929802 -0.00193717198829526 0.21884844757975 -0.231094227387658
-0.0122456725119226 0.00737951838887009 -0.0708547154541571 -0.520459026860522
0.00623782371455811 0.00419130084967233 -0.468079977158325 -0.173422199509582
-0.00904040187402167 0.00146053968685157 -0.245085095149334 0.305139726710527
-0.0154218735772986 -0.00456271297928483 0.102872542873976 0.260810375031052
-0.00747302136196492 0.00355376672107765 0.156792137402715 0.0521182135194695
0.00460675294808189 0.0110505046930802 0.0507751082857197 -0.0986881644631479
-0.00403819926401628 0.00656939989390561 -0.0376164163068001 0.0688448535934294
-0.0155919624518124 0.00483770748490483 -0.122305911441882 -0.0397664741851062
-0.0109402667553607 -0.017859249704418 -0.10072936451824 -0.197877257936423
-0.00283714864786714 -0.0173975242180428 0.21460236631911 -0.257810970205456
0.00970234043071054 -0.0110217240710563 0.428066103819831 0.0826401379464299
0.00264821610358859 0.0147405164599209 0.147153874023106 0.437806580474144
-0.0210026090755005 0.00703443266079151 -0.197989968400733 0.278977001625078
-0.0168260280404658 -0.00250464590737438 0.0002392899786099 0.0449581078526347
-0.0160107380554209 0.000404601825091304 0.211648576043805 -0.233869490787011
-0.0119028043928862 0.011642713808131 -0.0865700718286778 -0.512547775497981
0.00693741229565196 0.00632580401754159 -0.471440740724394 -0.154598763234396
-0.0109071223664315 -0.000127789540542884 -0.235483152078332 0.315512732041992
-0.0148364055784498 -0.00878637663534363 0.109313337538344 0.259745118564696
-0.00705311099156505 0.00416557246469447 0.158282198721553 0.0491168512697124
0.00181621974392036 0.0128590859274654 0.0522972644314329 -0.10016160443533
-0.00583797604920164 0.00751887454197475 -0.0362745526497719 0.0671818183652364
-0.0135730467526052 0.00557568059819725 -0.118660352544244 -0.042143638176279
-0.00904679412454494 -0.0198587273917636 -0.0939638485701709 -0.199477766301702
-0.00349059013818325 -0.0189885012124264 0.22040845586338 -0.249918601630671
0.00961989699289865 -0.00942908012798416 0.424046681373982 0.101186251023224
0.00237419755703149 0.0165422029499776 0.132953329208382 0.448645711768807
-0.0207159791364171 0.00843006456608426 -0.205339417881991 0.278337209708426
-0.0153853728216544 -0.000892483999998309 -0.0012593605641569 0.0464699278275398
-0.0149253544454629 0.00276296311273264 0.203939808488452 -0.235012847524689
-0.0100960945869148 0.0143506646234686 -0.100791121834565 -0.50444725054351
0.00589811009109361 0.00779531412106422 -0.475315674881045 -0.136385728833729
-0.012858203015937 -0.00112637477875247 -0.226027989789067 0.325405842043191
-0.0134076682637441 -0.0104645861080448 0.116283415157154 0.258324029172173
-0.0058457039641298 0.00538632957626198 0.160805333001193 0.0460285446669864
0.000271238732642468 0.0140426930113091 0.0530500188414704 -0.102277281537007
-0.00656568730593153 0.00857113569880415 -0.035294528464766 0.0659686697677074
-0.0110534272617496 0.00662419190486751 -0.115389114261467 -0.0440640415082826
-0.00685292560654063 -0.0202544462249589 -0.0871278423577977 -0.201071362805204
-0.00381203066512892 -0.0192146093155017 0.227212530242175 -0.241713339912451
0.00917513536285166 -0.00843505929225546 0.418444618310687 0.118213176172331
0.00316515357232939 0.017001555169294 0.120547873642708 0.4594516956067
-0.0196331756433065 0.0086044279237853 -0.212878352521865 0.278657846236382
-0.0146163623204298 2.51814279092168E-05 -0.00348430701970941 0.0469827748032327
-0.0133867037722734 0.00372227410858822 0.197783700917378 -0.234760292444782
-0.00899894350243008 0.0146420378377481 -0.11407655498895 -0.495934184425008
0.00419044030501168 0.00853615576708009 -0.478024223227397 -0.119877850887063
-0.0143379005670912 -0.000657340551816763 -0.220057360531087 0.333048674718698
-0.0119505412383933 -0.0101385744973598 0.121233901786799 0.255781171636201
-0.00240613334147861 0.00776568474016703 0.16331588595023 0.0440776272480392
-0.00048497126518559 0.0153779486648405 0.0545030899530393 -0.103192541104541
-0.00557143862461435 0.00912959713697822 -0.0345971490197441 0.0646316712366351
-0.00835423671953842 0.00905893349812201 -0.112226585036244 -0.0442009471652624
-0.00449785533576437 -0.0177584664745992 -0.0827161051353307 -0.202927655054968
-0.00480149132871328 -0.016853441625766 0.229545280184558 -0.236278873019399
0.00747471740923892 -0.00897972736045285 0.41439717022694 0.131161736245494
0.00363868783687299 0.0151777204368429 0.111524464848082 0.466302993668809
-0.0172528894021732 0.00798841828959843 -0.217528686545142 0.278895524074227
-0.0124928760174356 3.11033999880503E-05 -0.00433596855889311 0.0486266116178812
-0.0109826171460803 0.00350480298632422 0.194216051056762 -0.233955841986985
-0.00831621425662821 0.0128530623689182 -0.121297906331232 -0.489304854848984
0.00268288902285053 0.00796422597975218 -0.481947293534096 -0.106400239325711
-0.0155365391605019 0.00155462850097771 -0.216022598261908 0.337225425404108
-0.00931163114986095 -0.00726319947026102 0.125163364674279 0.254415588604989
0.000722940334461579 0.0103739268069428 0.166220384625072 0.0425166740915584
0.000622633836932067 0.0149534893009314 0.0542617981507383 -0.104426497382877
-0.0033802455333121 0.00870330083116062 -0.0351610639295591 0.0641435471492507
-0.00539331690925719 0.0112613499660149 -0.10912211645179 -0.0430513134673016
-0.00309797844185714 -0.0137156251059419 -0.0799403174406543 -0.204298010208068
-0.00513389643986561 -0.01456164674951 0.229087055422965 -0.235381385906047
0.00588614590518568 -0.0103994625655343 0.413641729193234 0.135679034114418
0.00418768213465469 0.0112531693829667 0.10929287431627 0.469396853889687
-0.0147657193934496 0.00690827600501151 -0.218653080491373 0.281717126558423
-0.0111544659389584 -0.000727675071063996 -0.00495979594550107 0.0504085818215874
-0.00805623616851115 0.00190289580431269 0.192298090788266 -0.233680606792203
-0.00762640280971752 0.00915019909727476 -0.125400092136109 -0.484572969950498
-0.000132925209439909 0.00667610412471311 -0.483587145464377 -0.0983396493501522
-0.0156163588244797 0.00510193813537959 -0.214199102456099 0.339722082586753
-0.0073968211553185 -0.00269745255571662 0.127756501942678 0.252824429317833
0.00467040202512652 0.0127810092581223 0.167774107893874 0.0419508612226083
0.00275578343214393 0.0145978203770627 0.0531708494841372 -0.103971495864576
-0.000632937142716722 0.00909648272068474 -0.0355344431991726 0.0641004664674507
-0.0034086879478583 0.0133545925276932 -0.107163878282397 -0.041563307339438
-0.00120566225630358 -0.00800631880399024 -0.0794263649403841 -0.205302574315383
-0.00609908248346389 -0.0105661990496752 0.225892920730157 -0.237517391941644
0.00389277813600083 -0.0128449162233685 0.411084116084873 0.135338487608956
0.00507148874562705 0.00700222099079153 0.111629978438462 0.47195970468617
-0.0127444499084683 0.0050099670002463 -0.215803097247108 0.283421408546358
-0.00958497144618624 -0.00175120843506683 -0.00431790937269067 0.0514424697349687
-0.00634669214251792 0.000219696600511203 0.194369052937412 -0.231282740172636
-0.00697161448093073 0.00469053254308592 -0.121815028769152 -0.483947325508402
-0.00243459697622075 0.00418828539376479 -0.483291741961497 -0.102397511377514
-0.0156924254741623 0.00868708345857337 -0.219435116609515 0.337601811142971
-0.0052751768791166 0.00273794650956513 0.125280690135526 0.25281963161921
0.00762527113205888 0.0149433663410468 0.168302563951633 0.0436312683574325
0.00653052002485259 0.0132216655285533 0.0520257646102302 -0.10223147082261
0.00229333870855074 0.00434554068928003 -0.0404177993928113 0.0708803221366998
-0.0144108243497927 0.00605056492551896 -0.124606450389508 -0.032195306539409
-0.0113349909156013 -0.00805424197089133 -0.11073469099179 -0.1931607547943
-0.00139380562402665 -0.0115350880757808 0.192520602424675 -0.274844461184889
0.00706492486162643 -0.0163463560184229 0.426749806702338 0.0441940294474352
0.002167454445714 0.0056736337242184 0.177019010487357 0.415806119194097
-0.0191326995134815 0.00244858789102412 -0.17626480035435 0.281685130241466
-0.0154004562730707 -0.00577982432663826 0.00401552411459973 0.0448978446961738
-0.0140230910617492 -0.00445665666234156 0.219474152849668 -0.229574447450147
-0.0124803174187178 0.00206468070690102 -0.0621483588919733 -0.519195844951979
0.00424135046354609 0.00059912501333822 -0.463447929968985 -0.178129830188493
-0.00800606596939247 0.0055996271490389 -0.246796893429196 0.298312320385697
-0.0151209355699844 0.0016588232672539 0.100368769233422 0.258049956565378
-0.00696895250050913 0.00452356047921244 0.155279039315095 0.0530217996786435
0.00934033270882542 0.0086513923765582 0.0476433251527547 -0.0958023240272058
-0.00124734789179815 0.00528200238832735 -0.0389014418250638 0.0698537246531851
-0.0153365807497183 0.00531159453239655 -0.123889214621288 -0.0351917283726515
-0.0114429133444622 -0.0131506024740203 -0.107085852372803 -0.193740698611192
-0.00224694570888112 -0.0151382052187015 0.20058865200268 -0.268387448195474
0.00865081516326285 -0.0136396247611749 0.426228136660704 0.0606003958395399
0.00219848292327411 0.0106522745809904 0.165624147917962 0.424009309434709
-0.0209119691271068 0.00536699571882166 -0.183332331189794 0.279800721644806
-0.016308571517346 -0.00396700343978186 0.00222273990762738 0.0446713094215781
-0.0151476576533012 -0.00147160311788158 0.21339128766804 -0.231930195534554
-0.0121782131343169 0.00747275752060431 -0.0753591744735353 -0.51539055025016
0.00617071205641751 0.00365433416889835 -0.466529855136185 -0.165756166227209
-0.00868320001962502 0.00216870004618466 -0.23899637974383 0.30707774007341
-0.0152923733144277 -0.00400681573675009 0.105776450760192 0.257730865824909
-0.00745729148732283 0.0037122034380412 0.156705865375317 0.0498976015133425
0.00543798009891506 0.0111705453444877 0.0493713129258279 -0.0984130196234492
-0.00407042485352222 0.00642008817381295 -0.0367582685957061 0.068603385909948
-0.0149975526042143 0.00502136115165167 -0.121508555012373 -0.0380153181037831
-0.0107790292105252 -0.0176393070811795 -0.101670047553342 -0.19592790332818
-0.00252454455591443 -0.0173929490257759 0.209655946258388 -0.259729713388639
0.00919086452639568 -0.0114445383199338 0.425406837958529 0.0769533979515611
0.00248640852995088 0.0145241748458444 0.151758461999053 0.431177084487454
-0.0208990672426515 0.00742255398023829 -0.19212619500181 0.278595758793443
-0.0163984609717414 -0.0022428225175431 0.000814097730434865 0.0446971126736412
-0.0157075760628093 0.00138767867460966 0.206764170485196 -0.23426499443777
-0.0112600959483386 0.011831178823432 -0.0909324082156749 -0.508966187790536
0.00653364451993674 0.00598800831192771 -0.470128715121499 -0.146975618077914
-0.0101987784993469 0.000105441453771235 -0.229571366255779 0.316426290990637
-0.0147220150028665 -0.00828849703749928 0.112241124598545 0.256721116044771
-0.00661997243270418 0.00398801044586811 0.158781823954325 0.0469420360335697
0.00205865685427654 0.0123549985937833 0.051134959191098 -0.100496985688869
-0.00529059429661742 0.00740899689581559 -0.0354640417979222 0.0668682908576599
-0.0132092467816611 0.00569533190906279 -0.118393528911032 -0.0403190159496407
-0.00910230893047006 -0.019857408969429 -0.0951775344002893 -0.19667576062751
-0.00322299946449347 -0.0187288313231116 0.216644765186872 -0.251456598159391
0.00941473742599743 -0.00914199360556756 0.421102343285972 0.0946083753470302
0.00268054880102947 0.016527655645014 0.137410510891042 0.442967960152772
-0.019964297103115 0.00891419654162832 -0.200462803594173 0.278473022428245
-0.015507398686597 -0.000608046954703426 -0.001208478321214 0.0455440475450571
-0.0144816135332577 0.00341866718585158 0.199508212760413 -0.235658089291643
-0.010155785869018 0.0144143899776309 -0.107362043557903 -0.499150262568142
0.00631963385257425 0.00735088727733299 -0.473909254693935 -0.128831255871183
-0.0121204691390842 -0.00052457560818917 -0.219358546370184 0.325825251030015
-0.0141433629035611 -0.00988060616999831 0.118931648566671 0.254640722312106
-0.00496560284064358 0.0055404005453119 0.161030352442926 0.0440329023995626
0.000126518576543322 0.0134753544115738 0.0518128226948524 -0.102774938517877
-0.00612711950229666 0.00803150515694911 -0.0345452216318061 0.0654180399198692
-0.0105283208793196 0.006982070759282 -0.114778751836552 -0.0420841554876532
-0.00691048326579623 -0.0200734408751594 -0.0883676504161284 -0.198040824905579
-0.00404748124702342 -0.0183051398780585 0.222575586382818 -0.243666559109248
0.00852924740014832 -0.00897410158366851 0.416886055120425 0.112072136896353
0.00287762497711084 0.0169575848654585 0.124537283794471 0.454000742807707
-0.018933288724571 0.00926894597605056 -0.207905745511322 0.279323350713155
-0.0145091812895487 -0.000245764563148914 -0.00285992015218601 0.0470810277067178
-0.0129611625209175 0.00427378897762885 0.193559800965676 -0.235337988170838
-0.00893400878930548 0.0145961841776265 -0.119130394428076 -0.491012710335106
0.00488626009797989 0.00802051579590918 -0.477130421863496 -0.112724915705481
-0.0141540238412901 -0.000342195052096213 -0.21317719982243 0.333890695583195
-0.012055611656898 -0.0100813227617741 0.124819616898843 0.253241680262883
-0.00223660702073294 0.00784540187251355 0.163069677511432 0.0416762174808926
-0.000365230871613479 0.0147382658307644 0.0527005672432064 -0.103394045945597
-0.00544781470883465 0.00867590442903442 -0.0344871424502729 0.0646960098709526
-0.00797666838251392 0.00897931340095297 -0.111527417297394 -0.0420342446757657
-0.00499565190846771 -0.0179228173959581 -0.0837513447587701 -0.199514273340799
-0.00453595073333069 -0.0169552269238041 0.22524825534003 -0.237553893095786
0.00771702077049496 -0.00902375849468998 0.413418378241606 0.125131148992038
0.00352588411578584 0.0151498354597849 0.116565781735534 0.461239447339317
-0.0168582310551756 0.00856058625278673 -0.212442369742986 0.279411650562559
-0.0124202736420951 0.000245094451144965 -0.00425924139976202 0.0485954394879179
-0.0105537823025169 0.00355564644933546 0.190432566122466 -0.233602858140354
-0.00829776725687102 0.0129560572375469 -0.12680942205607 -0.483806120192505
0.00256302138588192 0.00756390219955307 -0.479242438556315 -0.0998694661865519
-0.014898891634359 0.00187571897097709 -0.208766466622918 0.337511826218306
-0.00947827136301733 -0.00720005223783113 0.128048381645341 0.251177265887607
0.00138920229599232 0.0100617271664005 0.165673882814038 0.0401127047675611
0.0004616560426883 0.014716149378894 0.0527362955787915 -0.103647073076646
-0.00338334835673476 0.00877379633081215 -0.0339362878155824 0.0641029119896388
-0.00523371286979014 0.0112360764859072 -0.109230408045666 -0.0415649599156128
-0.00285498434782823 -0.0137814826562065 -0.0815214643777489 -0.201190916581619
-0.00551401477689909 -0.0140095820148689 0.224987645262568 -0.23742181103547
0.00592849546081327 -0.0105121943313701 0.411643068904352 0.128689433207223
0.00443999992374118 0.0115867796320154 0.113458960068908 0.464536505243677
-0.0147799878214898 0.00721696492121727 -0.213629239860475 0.28123630594597
-0.0108385113462418 -0.000557605765854493 -0.00389090484489191 0.0501257419724392
-0.00804446897052894 0.0020743185159769 0.18797293042871 -0.232848502486891
-0.0074833204444328 0.00966626015977304 -0.130180937449383 -0.479032521952049
-9.38928557173146E-06 0.00641012605586042 -0.480344999090835 -0.0924485084720082
-0.0157511044669121 0.00519922316213128 -0.207739514828461 0.340135135922522
-0.00732275597124081 -0.00270456598154434 0.130493911668948 0.248977384697854
0.0049427918302122 0.0126502772651288 0.167788312413426 0.0399577190884736
0.00288189280472981 0.0140511867359096 0.0519379269353727 -0.103826855604818
-0.000378523813500499 0.00837270563361144 -0.0352139903686223 0.064011594939701
-0.00264692754508656 0.0134268285144958 -0.107221352981661 -0.0396634452368707
-0.00146736715702734 -0.00793740110191539 -0.0802182789192786 -0.201942238835747
-0.00564330240267884 -0.0107086080688268 0.221644194615673 -0.238605651357073
0.00392842292671589 -0.0127750365839336 0.410775211246833 0.127161923402655
0.00528994014844521 0.00710191945670872 0.116953321142762 0.464337164355373
-0.0120449894288703 0.00552969803948829 -0.210955356106723 0.28371667809602
-0.00931367196478837 -0.00197783783617902 -0.00393407707534256 0.0508743348587755
-0.00611775984790523 -9.87430129058674E-05 0.190246379132286 -0.230474176211906
-0.00728846307004494 0.00432656771986786 -0.127074935500322 -0.477408967968361
-0.00243877012645284 0.00427239943450089 -0.482214638358971 -0.0964136533769303
-0.0153643586274838 0.0090521410955389 -0.21275829663459 0.338360783855153
-0.00507717666486156 0.00262110084527615 0.128078228187655 0.248855848112393
0.00770056466693639 0.014778081471225 0.16903301802012 0.0408372308448561
0.00682020594976486 0.0130141623433786 0.0509702821787781 -0.102318706729219
0.00216047811537134 0.00426009923523141 -0.0394360850428656 0.0707065746960598
-0.0144914825012046 0.00599603156767328 -0.123888697844974 -0.0305493389523881
-0.0112517467822986 -0.00801287057139653 -0.111793757972561 -0.190538062423841
-0.00164828656906696 -0.0117455497316516 0.188136593790115 -0.275092035346024
0.00655357952453499 -0.016322746850297 0.424386204673405 0.0392658340232034
0.00215207857459631 0.0055685430529898 0.179836562683257 0.409637402881659
-0.0190398003733616 0.00280752692427102 -0.171041513665292 0.280233478958207
-0.0153099508683149 -0.00570158655654944 0.00479827502053316 0.0441200497631038
-0.0143294282916354 -0.00411619338908088 0.214901720253966 -0.229263158393339
-0.0128109230093641 0.00199512921833361 -0.0682985763765311 -0.51420475537952
0.00495441133597794 0.000531876021526181 -0.460076875102402 -0.172956452059267
-0.0074449946194865 0.0057603409563581 -0.240969065709225 0.299187996333401
-0.0147265365657804 0.00231608395343251 0.102958999523884 0.254225269039434
-0.00658740207226703 0.00439904342068198 0.155075120944007 0.0503261565142777
0.009456238610416 0.00839422726626587 0.0468370251647258 -0.0955776829518809
-0.00126284720641277 0.00487402093395429 -0.0380728584092524 0.0695404167912341
-0.0151719885381877 0.00542897123853151 -0.123161425330878 -0.0332223423523818
-0.0116701192187001 -0.0132423889385694 -0.107722330416755 -0.191025334296286
-0.00211747233144326 -0.0150434497816895 0.195871253060641 -0.268616999573375
0.00833280319670926 -0.0136672848823845 0.423358574623966 0.05333531051121
0.00254006371200297 0.0106558769817885 0.168846914183556 0.41705638736249
-0.0201196345874546 0.00550643134089326 -0.178178489576179 0.278488046554721
-0.0161358723081733 -0.00326641987635825 0.00318443842250858 0.044081298600733
-0.0152527579220412 -0.00119415233113523 0.209247858189795 -0.231910474786904
-0.0122573184062385 0.00753084054006546 -0.0810551067160455 -0.508340151208732
0.00619783629452301 0.0037214344804871 -0.463998693543786 -0.157951452971277
-0.00812548539133501 0.00193951123539665 -0.233001561126718 0.306406770395794
-0.0156833234911335 -0.00393699927288839 0.107813965198415 0.253911887987441
-0.00672611797618554 0.00355633248994402 0.15599745517555 0.0478806772697544
0.00531215455085284 0.00986907593115392 0.0481237604942882 -0.0977138793323156
-0.00363176297766943 0.00627807277412456 -0.0364086276988454 0.068317182130028
-0.0149610478520481 0.0054859504013006 -0.120774838013481 -0.0359642077300293
-0.0108989572712658 -0.0172343022499257 -0.102435688475622 -0.192738127228408
-0.00265728141730525 -0.0172319104856769 0.20465089491495 -0.259621666084941
0.00923940452861116 -0.011396364863959 0.421500075305844 0.0725134214116489
0.00242061998140227 0.0144251301214647 0.155031337920499 0.425765208007186
-0.0205752367557633 0.0079473841529839 -0.186919548619411 0.277731467180078
-0.0161804521294791 -0.00183522239602671 0.00133486586965118 0.044836944983918
-0.0156314369992721 0.00159104017512587 0.202594267311268 -0.233991137091166
-0.0112556863065711 0.0116203526941753 -0.0976538451203251 -0.502662168077111
0.00626224582432135 0.00534402986442693 -0.467601559147798 -0.141027644657551
-0.0101733431525051 0.000384235412000434 -0.222738880272863 0.316290782088668
-0.0150984651379237 -0.00770167833650138 0.114366987015638 0.252692230892595
-0.00601977892768422 0.00378449820853531 0.157893489760297 0.0446061418143137
0.00254358683703883 0.0118818710586285 0.0497381172090074 -0.099681415230908
-0.00559541869206231 0.00735341778959875 -0.0345571042486945 0.066967847565179
-0.0128858109487118 0.00588957691157163 -0.118072208251407 -0.0383912786733824
-0.00914451851919138 -0.0195584126989925 -0.0961311627594301 -0.193860856462849
-0.00358276993718531 -0.0184162012784955 0.211129762692167 -0.2521481184027
0.00922266829888891 -0.00947637160552614 0.418380096301006 0.089311382965366
0.00265101566022535 0.0162963452079362 0.14084169990448 0.437455257390414
-0.0196379983369188 0.00947984454289399 -0.194786862971049 0.27783205537305
-0.0152674573445391 -0.000458002064052056 -0.00104945465618878 0.0453867083819752
-0.0145886791027408 0.00339601220926284 0.194849294232806 -0.234727292368706
-0.0102139823059649 0.0143045300554968 -0.112122577875053 -0.493131225284375
0.00626066862770472 0.00699060780289792 -0.470871161031837 -0.122773283310513
-0.0122847744980734 -0.000137369318313601 -0.213635966428593 0.324906346393921
-0.013998012318643 -0.0103209891865728 0.120515938185549 0.251029601806594
-0.00453054970577622 0.00543442444361846 0.159589978297289 0.0417154349974994
0.000322207988864597 0.0130649546322882 0.0505456594360627 -0.101971445357729
-0.00614318198231838 0.00792717402904386 -0.034067919256568 0.0653982094282203
-0.0101827958586718 0.00722038387653136 -0.114978299451719 -0.0401597090405143
-0.0071928569411513 -0.0201060817947963 -0.0896674385700773 -0.195844950242838
-0.00396873310111755 -0.0180245618528974 0.218035816967324 -0.24446629125469
0.0081127272823975 -0.0089013263301251 0.414149985461664 0.106191529917284
0.00301676311908198 0.0162840437627586 0.128336680860553 0.447573103053148
-0.0186282468682417 0.00968568953327495 -0.202718020705955 0.278298308305258
-0.0137709614153732 0.000268456994886142 -0.00223752342898608 0.0465159399867706
-0.0124681117116785 0.00472297390617384 0.188658080133778 -0.23503603529274
-0.00880437606112219 0.014374147835785 -0.124155085798169 -0.484514416188324
0.00450358763920219 0.0075222212522775 -0.474556318636055 -0.105190574525598
-0.0136686620555806 -8.7248675562316E-05 -0.207501274169428 0.332594839748878
-0.0123303430178733 -0.009461202879528 0.126211640724437 0.249199087728221
-0.0019475823496583 0.0074610541019015 0.162297336755754 0.0389316986687081
-0.000167357373604997 0.0139542646414727 0.0517709241467585 -0.10271860731315
-0.00524614898449243 0.00834434350418012 -0.0335121045761182 0.0642652628358228
-0.00742895220721969 0.00897240144030794 -0.111328636076435 -0.0407672318704126
-0.00480246030866916 -0.0175707568880267 -0.0845162879899142 -0.197976365042968
-0.00430747569445197 -0.0170343099610445 0.220888332762373 -0.23858483494967
0.00717327642651818 -0.00886048461690835 0.41115266476306 0.118594315258493
0.00355160528723472 0.0144458494339087 0.120212764639997 0.455123905104601
-0.0167583477380867 0.00903659347724079 -0.207579594490145 0.277947204213441
-0.0124256065573627 0.000658799094959892 -0.00354103590976739 0.0480365916817107
-0.010438384892698 0.00409137089559625 0.185787049383105 -0.233047874575612
-0.00780440072469173 0.013000777136175 -0.130836865719169 -0.477866313062327
0.00242678484273498 0.00728095376907341 -0.476930222572435 -0.093823436590247
-0.015169171970095 0.00214409224870125 -0.202572380776164 0.337272604570521
-0.0105761722941621 -0.00720089689960535 0.130775764933681 0.24677803146032
0.00130962173410425 0.0094501064993695 0.164519254255586 0.0378669647719177
0.00107946282644431 0.0141890334687707 0.0515987508945313 -0.103998169883873
-0.00286347282387669 0.00869851965798939 -0.0337106472132928 0.0636318920383091
-0.00517877249289516 0.0112712173241439 -0.108572764476001 -0.0399348177001152
-0.00314350455243134 -0.0136781663778625 -0.083043828288686 -0.19852821618177
-0.00514630740807955 -0.0140490571216734 0.220760889104675 -0.237990299985013
0.00533459953842903 -0.0108575734693733 0.408181674770117 0.122735941816007
0.00432045787210072 0.011338718912431 0.116991954340217 0.458085153545734
-0.0141924210524759 0.00769710378035077 -0.207536906985227 0.281604861717269
-0.0108347849887568 -0.000169047477031894 -0.00364039069501349 0.049336789681998
-0.00816831958253483 0.00286032763365031 0.183714824462066 -0.232562854453989
-0.00725995121788346 0.00959751391859845 -0.134780261094766 -0.472639304079222
-8.53254138371146E-05 0.00604086514969783 -0.478286730267944 -0.0865999470287797
-0.015429841728552 0.00517457257583787 -0.202057449423086 0.339068137124893
-0.00707483444792965 -0.00202271649176994 0.131799662355629 0.245416531808302
0.00477363474916208 0.0124172290537892 0.166588381771003 0.0371608780149881
0.00369933775049311 0.0137624521255801 0.0509721500997761 -0.103196208082739
-0.000228346738355108 0.00808411111496376 -0.0344551252547035 0.0636576764012132
-0.00266040859660031 0.0133184537362395 -0.107718895667707 -0.0382473521201872
-0.00129642773217023 -0.00816353289208774 -0.0817214798281478 -0.199472480837466
-0.00543690270862406 -0.010203970128916 0.216732821446147 -0.239969297219796
0.00318819103283868 -0.0128802457741887 0.407304562165547 0.12161891536756
0.00503173823142653 0.00673374661366334 0.120561474034622 0.458478405178188
-0.0119181508627879 0.00550970281361672 -0.205306431797786 0.28338959951135
-0.00921037941276423 -0.00129854682807964 -0.00369267381409857 0.0504243939410386
-0.00625093451974461 0.000224274902315626 0.185209040828179 -0.23005405228386
-0.00686929987479164 0.00441717059147628 -0.131851464843314 -0.472221925145466
-0.00237578214067773 0.00423522027009239 -0.478276041506532 -0.0880100321275002
-0.0147582178308119 0.0090748566150445 -0.205800052051564 0.338266759695185
-0.00496947178078886 0.00325477911206532 0.130712732634329 0.245043921466283
0.0080837110251418 0.0141215856668821 0.168242201975403 0.0387078916131196
0.00652645171247372 0.0122285745619068 0.0499915253025918 -0.101706286871637
0.00226088603535643 0.00399256459479942 -0.0387642275109832 0.0704513832293329
-0.0141061086774584 0.00646151618924702 -0.123094628715415 -0.0286997851363866
-0.0114234713415705 -0.00816175417706546 -0.112184127935872 -0.187476658527403
-0.00141478674580941 -0.0114563471644504 0.18382226509901 -0.27406948696945
0.00639872894369996 -0.0165561873255166 0.420364418258457 0.0349386334608194
0.0025949677656821 0.00565916268604951 0.181377449079935 0.40316049863917
-0.0187815321953848 0.00318217855580301 -0.166335323319798 0.27812212241639
-0.0150901348523998 -0.00553651300384009 0.00474625313431103 0.0438465854193304
-0.014109418796034 -0.00383092414319422 0.210473451315979 -0.227867812994779
-0.0125773037796468 0.00252121616381886 -0.0723923530932091 -0.507133421696038
0.0042706504999172 -0.000103200573646644 -0.45868302228711 -0.166282020213508
-0.00718598059433001 0.00509136266726987 -0.235044002015966 0.298457177726891
-0.0154137738975229 0.00221466546466662 0.104918202998267 0.250532275254994
-0.00610408692748865 0.00418640250471122 0.154140526085355 0.0481082996007665
0.0094932120939529 0.00800438359843308 0.0455600502352003 -0.0951099982291633
-0.00133137206026806 0.0050713621350664 -0.0371920751629151 0.0689719439258353
-0.0148223034785136 0.00541904844549884 -0.122451762522147 -0.0318982785247317
-0.0115884906239755 -0.0131121400537777 -0.107969397376538 -0.187815038590037
-0.00176562261248946 -0.0149691718050672 0.191151525232738 -0.268329861765268
0.00782757764286084 -0.0138299014990675 0.418613300223109 0.0495534447357365
0.00213029916289346 0.0105104528319584 0.170268093265597 0.411446559298088
-0.0197879993659687 0.00635444266429565 -0.173303277767019 0.276978454003873
-0.0159956977659543 -0.00340807547765466 0.00369002527159231 0.0435120458205981
-0.0151235944371327 -0.00065584740042212 0.204268151555696 -0.229777242053019
-0.0124709738945033 0.00774904366508413 -0.0855236353129126 -0.502750411421952
0.00583516502815772 0.00331344358802306 -0.461779159929965 -0.151566571054319
-0.00832723876015215 0.00214287707791112 -0.226374455049698 0.30567935328797
-0.0151529465266402 -0.00366389193049249 0.110025206519015 0.250257020090834
-0.00678453843444594 0.00329374905762585 0.155054603877727 0.0454800403003007
0.00561717452988645 0.00967309362735255 0.0474921899354002 -0.0974934796147957
-0.003499846106192 0.00603655401597157 -0.0358311849012526 0.0676779960485701
-0.0143990791951027 0.00562483651100218 -0.120280897327984 -0.0345491801494427
-0.0109923251235827 -0.0174205754225318 -0.102096673185898 -0.189417842840301
-0.00273529141213332 -0.0173160076635827 0.200334579176499 -0.259632035398652
0.00867001285209267 -0.0113235976851562 0.418347128308369 0.0660849568092158
0.00244869625280708 0.0141634779086191 0.15715430678082 0.420382735476448
-0.0201296476584372 0.00810129389065431 -0.182242006824278 0.276293963129367
-0.0156786439510313 -0.00145227763469054 0.0016632181147437 0.0442257632114442
-0.0153922361738998 0.00152207322434266 0.197050239981578 -0.232318389895323
-0.0114574556332949 0.0122587761360839 -0.101095519728179 -0.494986732056195
0.00670608340143183 0.00540310083437135 -0.463432065466786 -0.133914497300386
-0.0103061620961492 0.000275050209225117 -0.217150290265592 0.315417473025906
-0.0150906645715901 -0.00765304506474076 0.116671945640512 0.248926920691502
-0.00624360968581111 0.00388778474843215 0.157183695051805 0.0425974167933338
0.00298765211043337 0.01140031562983 0.0482769320056202 -0.099093798930418
-0.00506498658396135 0.00724438717073975 -0.0343656103550356 0.065913472294507
-0.0125814778533385 0.00589972934745682 -0.117664823211196 -0.0370557526567193
-0.0095741006103362 -0.0199608677900525 -0.0960173592568254 -0.19067330756576
-0.003358786314658 -0.0184414981510324 0.207247001765411 -0.251768365499216
0.0087349322665698 -0.00972268306338141 0.414884543252393 0.0835976341573415
0.00271780367421788 0.0163906655071704 0.143526143986003 0.431361050607551
-0.0195747243456044 0.00963448929454751 -0.190204655056883 0.276966854757961
-0.0151677518456777 -0.000156731949248966 -0.000624200182157943 0.0450849117990427
-0.0141969516615399 0.00408601850416821 0.190044714119204 -0.233485279924423
-0.0101017620442862 0.0145750140077415 -0.115126056195784 -0.486417892311328
0.00625322316429051 0.00669672016236202 -0.467378939203021 -0.115903560061153
-0.0117397061916068 -0.000314200734312825 -0.207902294348652 0.324924913446332
-0.0142476567410343 -0.00951712381270023 0.122503008455117 0.247094374666661
-0.00440663925547272 0.00511414569584099 0.159056268333762 0.0393497220702902
0.000427977371831361 0.0124938603394972 0.0499129913411739 -0.10058898322161
-0.00598082276080008 0.00762593547158368 -0.0340169354143172 0.0645833750915736
-0.00993776258942165 0.00743240452200595 -0.113877730248183 -0.0385452223197786
-0.00740544045282468 -0.019894794309333 -0.0897964458823117 -0.192937257817924
-0.00397560687782335 -0.0181570371386679 0.213837877114985 -0.244637924194752
0.00811558561159367 -0.00877824207392842 0.410426586394857 0.101964204843573
0.0030698109170957 0.0159868079330138 0.130425658350343 0.440491143580555
-0.0182958880971454 0.010030552383275 -0.197579514082232 0.27617923384295
-0.0139606607490619 0.000517716655498446 -0.00192744453027451 0.0462333229944457
-0.0124969988959233 0.00446341792926349 0.183906885118173 -0.232258700954523
-0.00897723284759177 0.0146431134537064 -0.128167265634075 -0.478606743576118
0.00440285421206574 0.00738380977840735 -0.471137848725513 -0.0988409717601727
-0.0132570419734099 0.000617970817773239 -0.201818611488751 0.331404326575925
-0.0123554423446529 -0.00926045133402358 0.128050025427623 0.245075000787742
-0.00142154745950377 0.00717641747523942 0.161590979034086 0.0372306398955679
-0.000116615254614391 0.0134869356539067 0.0504195355177914 -0.102814795540019
-0.00511580264676161 0.0081293298472704 -0.0335565603297978 0.0636839178053627
-0.0069977423286142 0.00897873909027579 -0.111154122600035 -0.0392560449591417
-0.0050229063775202 -0.0177281436356078 -0.085580518927413 -0.194919572532967
-0.00470318685096111 -0.0164900473090165 0.216150429727479 -0.238964472585789
0.00675850628883173 -0.00905217347045081 0.407465232026671 0.112936131472718
0.00371062024966689 0.0143648312520028 0.123696291021801 0.448370933544405
-0.0163823087491541 0.00925031236868857 -0.202128147899672 0.277064793440379
-0.0122714735156311 0.000147758699635221 -0.00311364565607307 0.0475458973536677
-0.0104644695586129 0.00428229713644383 0.181170322237417 -0.231347601049615
-0.00795611073169808 0.0129051390565078 -0.135063331157264 -0.471314290159154
0.00226320548815604 0.00685047292044276 -0.472853559331521 -0.0884912347532325
-0.0144822239338114 0.00224066678125668 -0.197170047569628 0.335540365702958
-0.0103032486775772 -0.00684261029875917 0.131703141639628 0.243924949657847
0.00179861189092774 0.00934150268254553 0.163986393368376 0.0358681815727304
0.00120580048485843 0.0137891628965771 0.0504484366082573 -0.103121245548994
-0.00323956757224204 0.00833710511104229 -0.0335484193080838 0.0634051038330143
-0.00446173195049301 0.0111646625726844 -0.107754535064599 -0.0380035356356926
-0.00326776993387115 -0.0137305516632796 -0.0825117978713285 -0.195683180940518
-0.00513769390980671 -0.0136187605832227 0.216680506553055 -0.238346388754072
0.00493554886863418 -0.0107155155707397 0.405533073255157 0.116512815755724
0.0040815154547077 0.011240986781814 0.121210573194267 0.451361199152308
-0.0140674806385379 0.00758001164400903 -0.202664564844313 0.279587532392451
-0.0104141699627769 -0.000263134774184532 -0.00317843048903049 0.0492257182900347
-0.00839207065287714 0.00246875715132863 0.179757544498214 -0.230456761879047
-0.00785394438188419 0.00945693879747435 -0.138774649505217 -0.466396592724335
-0.000287797685595368 0.0056821668534625 -0.474362390498048 -0.0812300652525447
-0.0150665875834894 0.00538761238687929 -0.196481117450403 0.337896919826736
-0.00766982132839495 -0.0023043173786411 0.133774469858427 0.241710521469681
0.00541260416593185 0.0119925151784891 0.165839965451668 0.0350904478968688
0.00364263314486993 0.0136012975393742 0.0498480596986887 -0.102507487988014
-2.23295978939321E-05 0.00744147630675407 -0.0342021687934412 0.0630760596465185
-0.00224025079542474 0.013382423268331 -0.106951802972243 -0.0364193413437626
-0.00158463532054681 -0.00822867498252058 -0.082160684311149 -0.196760326312507
-0.00537042271251363 -0.0103312925691378 0.212529703772388 -0.239820334776802
0.00317665163804023 -0.0128550647513553 0.404586391104337 0.115694398764499
0.00504895683281993 0.00623938378367923 0.123446182551712 0.452888902825629
-0.0116977688323697 0.00573217955967443 -0.200405396995264 0.282011849798815
-0.0094064251048311 -0.00122088227094909 -0.00311498099556627 0.0504715457967825
-0.00624405007276682 -1.41303863713995E-06 0.181600541315167 -0.228572789546671
-0.00720914427339953 0.00493510799282121 -0.133542405091716 -0.465500314210758
-0.00242465964990103 0.00388155749572939 -0.474943205345493 -0.0838082100963409
-0.0142901896977206 0.00896576106177345 -0.200116087703937 0.336249681624482
-0.00468108851215027 0.00374624333391206 0.132072614069029 0.241191049603716
0.00799456380193739 0.0140206935008395 0.167073689746509 0.035972127513764
0.00716845894428615 0.0116090318693337 0.0488464637448981 -0.101542568789248
0.00292914679510418 0.00389351264777152 -0.0320156226301485 0.0730344202310675
-0.0137223321682202 0.00801203903354122 -0.124340493579784 -0.0152407086482354
-0.0132372958690037 -0.0069208419106322 -0.129406274278938 -0.173281119873624
-0.00161882326625634 -0.0118896553469091 0.148282952366479 -0.293924274953639
0.00491594346808174 -0.0146167640202407 0.418335911266483 -0.0124779390045181
0.00383989085142303 0.00538762975715489 0.220961087944178 0.379528631022586
-0.0176135670661459 0.00702247392116529 -0.138042617059077 0.295612434297529
-0.0151841041360828 -0.00333728014708161 0.00936202183749713 0.0422047436749116
-0.0150341963198035 -0.00288618658602855 0.183688846816363 -0.244565842434514
-0.0131063427685661 0.0065048094319456 -0.125084701255498 -0.490689647066607
0.00715739662005718 0.00319789006006808 -0.468051374440046 -0.119591396629907
-0.00255246548867369 0.00628395445393263 -0.202764503906826 0.320420070568139
-0.0131824877800407 0.00192254416319653 0.128722514804957 0.237811091351725
-0.00583267207424295 0.00214071197174151 0.157121192474716 0.0307706150299656
0.00917331131132435 0.00546472187957318 0.0364598482270117 -0.0987633800958441
2.94212683782814E-06 0.00558934068807292 -0.0303492926613904 0.0712036168123303
-0.0144157665551314 0.00717041665357886 -0.123662006802483 -0.018168039368452
-0.0141340356695356 -0.0122210291788373 -0.125910382176306 -0.17442970631019
-0.00279428438815551 -0.0152724622915101 0.15657351450461 -0.288029087968716
0.00653971800549798 -0.0122347736723505 0.418689947157976 0.00224699588135336
0.00466797095528764 0.0101827520079618 0.210541366191492 0.389529306535878
-0.0188810039236113 0.00996339649859386 -0.145321368903407 0.294811871327175
-0.0155859283571524 -0.00163097903718026 0.00787182899285848 0.0428029624121789
-0.0162114925219195 0.000620577806448646 0.178076185944444 -0.246353158015351
-0.0124281037271694 0.011684917736109 -0.137790810056915 -0.484969505419079
0.00903145172873386 0.005239130046887 -0.4690573838901 -0.105117575285599
-0.00374952903691619 0.003230500385067 -0.19289278596898 0.327513981044128
-0.0141965842235591 -0.00372889824498691 0.133562237114547 0.236540999414178
-0.00625593126362551 0.00174526961906606 0.157787311549135 0.0280258443627928
0.00530066118120264 0.00778225894585378 0.0375527552060025 -0.100865284694643
-0.00286705426482517 0.0070172089855092 -0.0281626178579096 0.0699250992233632
-0.0138067026678479 0.00729855239467953 -0.122146934943338 -0.0214405631144865
-0.0143256695645104 -0.0161305181299931 -0.120957679844217 -0.175779292074955
-0.00349937086727529 -0.017518270640986 0.165376486871908 -0.280765078618088
0.00745836348015646 -0.00976809528945447 0.420394769197878 0.0199562429691495
0.00497060582467175 0.0139482162437609 0.198530540059327 0.397894722949979
-0.0186683228731294 0.0119338503252417 -0.154671794727446 0.295663033546122
-0.015694394381412 -1.56079645528296E-05 0.00591712253052587 0.0432526019217067
-0.015759456224775 0.00302815392742255 0.171217347065158 -0.247071789266643
-0.0105708342733636 0.0161597324208571 -0.152579629943392 -0.476622205518966
0.0100509947278286 0.00727802206210532 -0.471275294379239 -0.0872713620772935
-0.00522636378354514 0.00143079371943359 -0.183748370529053 0.335800382919766
-0.0145671185883602 -0.00751446985604017 0.139981250842906 0.235106847596812
-0.00553663663114081 0.00194441991995428 0.159163452948301 0.024975100780866
0.00269671366720366 0.00970048567903898 0.0384381212935616 -0.103138145453231
-0.00422118299842401 0.00802406845219205 -0.027189547395101 0.0678338893717202
-0.0120946499043139 0.00723584403780118 -0.119721734548095 -0.0239330166071105
-0.0129885854578006 -0.0187178939026895 -0.114916090110739 -0.178254829490978
-0.00416646818045702 -0.0185248438111668 0.174297457029967 -0.273996388274157
0.00784442572995314 -0.00830322381558309 0.419231240652916 0.0367094266281917
0.00536749021860762 0.0160851455251017 0.185758133946767 0.410618143501464
-0.0180770627076607 0.0134279166991286 -0.163034050842982 0.296242966629478
-0.0150430224039305 0.00130740121889474 0.00422189644713007 0.0440888265682771
-0.0143179417808176 0.00486476545466229 0.163531489807723 -0.247325478310143
-0.00880447077484742 0.0180301424670618 -0.166873314387913 -0.465293025162979
0.00993036004084532 0.00888755701350132 -0.472286822796925 -0.0684236571926011
-0.00680935337367434 0.000429020995386862 -0.172518522616591 0.343286904614988
-0.013621820625333 -0.00971339598678278 0.145874390000739 0.232214724953868
-0.0036940285049807 0.00299711593647476 0.161241036795904 0.0216279411323479
0.00103475354391985 0.0112302292492486 0.0391048678378748 -0.105144142452942
-0.00477439811026835 0.00888434565574915 -0.0267595384877625 0.0665982963125542
-0.00947915744343553 0.00861788725641255 -0.116648958292515 -0.0257393817737021
-0.0106270884067876 -0.0191688935537098 -0.108990788925204 -0.180624173856607
-0.00440389835812179 -0.0180215306785646 0.181355395090521 -0.267455092004649
0.00727111928005578 -0.00750767280958173 0.416415379200746 0.0537820365837054
0.00575490083008973 0.0157788542848348 0.175135177182135 0.422560919371767
-0.0167023512983506 0.0135417119656979 -0.16868592251961 0.296990845675946
-0.0136434368967304 0.00189864872689218 0.00310980717299952 0.0458395766247607
-0.0128572344445634 0.00579358930042733 0.158033575060344 -0.246761935839975
-0.00776026373115233 0.0179981544998315 -0.176752157761322 -0.456267296751967
0.00834861218185856 0.00951992479703946 -0.473517127759735 -0.0533964023083309
-0.00886749552074998 0.00160926839229132 -0.166022869189683 0.350094750558953
-0.0117228137834921 -0.00986509283910943 0.152116276168704 0.229550441480788
-0.00127967116323393 0.00464235011431501 0.163333026877744 0.0194948274953207
0.000811481831163534 0.0121757961099492 0.0397580460340422 -0.106203649313515
-0.00405850672711613 0.00896638672456054 -0.026327265625633 0.0656377240991065
-0.00664863458314342 0.0100531720206339 -0.113228641843414 -0.0269176725603461
-0.00776742854599665 -0.0172971736631573 -0.104407132907844 -0.183007718572245
-0.00496764893074364 -0.016641354839068 0.184068490250202 -0.262069175031263
0.00580234877126448 -0.00757754150628102 0.414842453077996 0.0663196508286987
0.0059741653306215 0.0143950789344206 0.168142863820799 0.43030663300832
-0.014757616577845 0.0123866412772996 -0.17338572750473 0.298317070466434
-0.011691074380013 0.00178720185640867 0.00179811804298705 0.0469866816543643
-0.0105266111245626 0.0051540269868414 0.155040501001649 -0.245260098952512
-0.00698728675706645 0.0164210538531736 -0.182995888222093 -0.447073478785926
0.00661646806984721 0.00934700015441835 -0.474378803524394 -0.040572823301029
-0.00977892368420483 0.00342866228013063 -0.161482121877273 0.353748214243796
-0.00913693495713494 -0.00778694476242999 0.154561340656418 0.227432689271128
0.00242032076021882 0.0065012343618486 0.166046007209841 0.0169929294579403
0.00198990957348985 0.0117955943455677 0.0395732331755803 -0.107012463687699
-0.00224333868746317 0.00904827582991048 -0.0263762028484922 0.0652621607902674
-0.00380696716430418 0.0117248210365605 -0.11089819923527 -0.0263943617828807
-0.00588672754584592 -0.0136078622215084 -0.102087352426209 -0.184756718463051
-0.00561653316855236 -0.0139623646262498 0.184107633850395 -0.261348568111232
0.00383403798870795 -0.00913700902079982 0.413544722848927 0.0709415371490626
0.00661799715339141 0.0111379335182065 0.166148716260327 0.4341986990186
-0.012846137614169 0.010935600661252 -0.174287187364486 0.300471097626738
-0.010373900318307 0.00115095360309777 0.00178595496081436 0.0484799015171251
-0.0083535712839005 0.00345414291204943 0.153135100566338 -0.244008377031833
-0.00663700242142504 0.0130056194531378 -0.186459519485605 -0.442798839649735
0.00397227280040802 0.00853201007223503 -0.474369692323531 -0.0339596248578433
-0.00931700217909142 0.00632007141094956 -0.159652143956064 0.355076438939763
-0.00636799130793204 -0.00361833027364138 0.157014914146683 0.22513159252605
0.0057109271338844 0.00828816357598377 0.167797816561179 0.016512132368345
0.00343610294803606 0.0113634588579413 0.0391214451051142 -0.106430898741566
0.000734236160747451 0.00810550041924998 -0.0281955080745446 0.0650729825231107
-0.00145862808838704 0.0133415064107829 -0.108904907976828 -0.0248400533402641
-0.00390321152289605 -0.00841403293442002 -0.101643115876335 -0.185525791730695
-0.0059024271783945 -0.0104786141288132 0.180738266575084 -0.263164386787888
0.00181392093438081 -0.0109996441774793 0.411771295501686 0.0698994040092401
0.00695923203213215 0.00652156467595034 0.1677594272394 0.435050822399761
-0.0107609622639823 0.00895352365421766 -0.171389409702597 0.302742030836796
-0.008516188689493 -8.55210162410087E-05 0.00206100511393432 0.0493847418336168
-0.00693821901414162 0.00127119297195196 0.155418606827606 -0.24204758508672
-0.00710692690205764 0.0086214176126389 -0.182064652523071 -0.442265515751405
0.00125262420471532 0.00700500620976043 -0.47648476131104 -0.0356243597719185
-0.00863034522794437 0.00980172919133398 -0.164725942638775 0.354929622624937
-0.00359974157621219 0.00189199256852677 0.155778447587523 0.225182025311171
0.00912745675688806 0.0102740032927556 0.17005766987094 0.0178764168861081
0.00667635006871197 0.00963862807631309 0.0386522866246007 -0.105054264913251
0.00270869479586877 0.00389850594389149 -0.03176003191843 0.0721540040021987
-0.0130213024990657 0.00759436794588639 -0.123102779291547 -0.0142298167005762
-0.0131197641497128 -0.00671565062054218 -0.128584333285673 -0.170591651402739
-0.00176774043902899 -0.0121077794506619 0.143852572509612 -0.29174409531523
0.00498362408305131 -0.0145919760785838 0.412552627557171 -0.0146434896304476
0.00389739885047377 0.00514489227299346 0.2198610260276 0.373408463869714
-0.0174037729272978 0.00707333400314346 -0.134453344828311 0.292146780093834
-0.0154038784541726 -0.00317718805640018 0.0095159997282394 0.0420831209288431
-0.0151944916477838 -0.00272594185610008 0.180097840977494 -0.241952267486566
-0.0128560280158427 0.00655907050285357 -0.126451730334283 -0.4837214636364
0.00722256481183478 0.00254006729176537 -0.4630346234991 -0.115742533587621
-0.00197937825647606 0.00624689367436446 -0.198243791876512 0.318175969821697
-0.0129386120831803 0.00190569213854753 0.128189792111283 0.233492378787116
-0.00554027865167159 0.002695269214975 0.155748216236213 0.0295766760845534
0.00925931242084203 0.00516868160012361 0.0362111418478001 -0.097536759410487
-0.000567533438933139 0.00500588746261177 -0.0298500604887055 0.0706834152153036
-0.013636178472804 0.0070613845965458 -0.122466605402794 -0.0171418359025318
-0.0141911023996913 -0.0118654009950079 -0.125620895738896 -0.171229694763326
-0.00265921460931756 -0.0147361571249041 0.152907257288985 -0.286127124844642
0.00642258918195737 -0.0120157517053488 0.413822667288496 -7.82563594961979E-05
0.00426656084728767 0.00965329526194793 0.209868108698589 0.382503888944959
-0.0183363311749397 0.0102777242177418 -0.141922287280342 0.29210937904789
-0.0155209400379064 -0.00121930536277687 0.00758729804546981 0.0421874806494913
-0.016341315776615 0.000975770239152124 0.174895561076877 -0.24364606991679
-0.0122096663883972 0.0118997890020811 -0.138568953346766 -0.477710916975369
0.00910359170545465 0.00530256516601757 -0.464079571068981 -0.101069391327309
-0.00371996506917869 0.00343728694473281 -0.188673891623009 0.325098923084666
-0.0140102410877633 -0.00318845518857828 0.133586294571486 0.232643070931455
-0.00586167252415551 0.00202604931621748 0.156203891324911 0.0268663691158836
0.00553072386606497 0.00727458066257409 0.0368072322261624 -0.0999063059150451
-0.00288188176074628 0.00685752359714223 -0.0281963093833027 0.0690413814491708
-0.0133975351440938 0.00682138397616845 -0.120810018049845 -0.0203288614085106
-0.0139018486333665 -0.0161410738092452 -0.120162198253339 -0.173521833685439
-0.00346080010547649 -0.0170740765041909 0.162355194161784 -0.279415125591626
0.00738020739006605 -0.0102049359335135 0.414706292282344 0.0155886831330889
0.00493124944764233 0.0134753800792488 0.198819193902086 0.392564588784182
-0.0182869184631297 0.0123377207766425 -0.15091529203976 0.291448773868377
-0.015460721596914 2.95849627407384E-05 0.00571239310807094 0.0427160991322811
-0.0152660539545693 0.00377286868007485 0.166888677029644 -0.244364927381144
-0.0102220891887387 0.0157499335840629 -0.153130826763007 -0.467863392429535
0.0100943611997053 0.00705524791179249 -0.465735370285975 -0.0842569004734786
-0.00547873134927507 0.00149826212953163 -0.178361815383369 0.332547338343993
-0.0144546214830557 -0.00766177578245008 0.139493187511965 0.230851417718832
-0.00539457789349856 0.00167949726192132 0.157761062023812 0.0236715495385315
0.00276732138956465 0.00915606333829373 0.0378542798295217 -0.10244484491423
-0.00428759603770022 0.00800926690924683 -0.0268245261201335 0.0673400206812437
-0.0114978297267735 0.00751696249747631 -0.118355886554714 -0.0224575078469193
-0.012849121094054 -0.0183254323323451 -0.113838216000919 -0.175793535742568
-0.00439936264860051 -0.0183671079972223 0.169865076014447 -0.272495126560883
0.00731885162089097 -0.00815073614146419 0.414450850692736 0.0340409970780509
0.00555415344370542 0.0155185272718643 0.185381031371246 0.403649434129261
-0.0174829092774592 0.0135117812659627 -0.157969889582235 0.292886093953858
-0.0145929458295221 0.00142653554652323 0.00424252761896728 0.0439885575856721
-0.0145276697324211 0.00546196334985115 0.160404483221237 -0.244658558273541
-0.00915264814936921 0.0180173461985264 -0.166973058886149 -0.457488471854038
0.00939118756116083 0.00827208403429521 -0.466544429006524 -0.066199940340135
-0.00698215044349654 0.000552536360712501 -0.168738749323457 0.340591913762724
-0.0138492836632106 -0.00950479469956446 0.146238789732579 0.228489723196444
-0.00375471487415256 0.00299478701470612 0.159683496908891 0.0204072180258905
0.00117183527235712 0.0101014834084325 0.0386273024564865 -0.103765560519736
-0.0046905415346763 0.00864240125957317 -0.0259182221582001 0.0656706132347448
-0.00894612390150018 0.00828859447397746 -0.115566728750923 -0.0248131099810543
-0.010735419706515 -0.019119263547039 -0.108184600807023 -0.178023604284858
-0.00453023563390795 -0.0182511335409591 0.177114078068937 -0.265777628747657
0.00683346145444323 -0.00745128442324157 0.411921400833247 0.0502834922741825
0.00589371118091122 0.0158881597604082 0.174325614561531 0.415807144986585
-0.0162717345622731 0.0136796167321926 -0.16538523416145 0.293554870206462
-0.0131527498061759 0.00204718985235027 0.0033265885797594 0.0451914531983079
-0.0126348278792789 0.0058830211222116 0.155020864041269 -0.24371965086597
-0.0079081718339153 0.0182815585683589 -0.176455497587213 -0.448004721268278
0.00833899291729155 0.00937222607008268 -0.468204008387321 -0.0485739296421734
-0.00848423722889919 0.00103557334764415 -0.16089607141478 0.347002612874038
-0.011955630228992 -0.00960261915414865 0.150994991067212 0.225685821759912
-0.00107412320129403 0.0042541860030265 0.162387860803415 0.0178199485898994
0.000652949901894225 0.0117291940441889 0.0393000735449112 -0.105614612548803
-0.00390267670301143 0.00926885942835526 -0.025968857378976 0.0645095050036835
-0.00610519718432863 0.0100639121929071 -0.111955264009407 -0.0256328392000913
-0.00828075225859584 -0.0170665320807649 -0.103614578213884 -0.180396314432789
-0.0052247720361463 -0.0163336500786577 0.180668075145993 -0.260524378564556
0.00559402244788713 -0.00783419482674296 0.410763383685748 0.0637483191965438
0.00588932510369313 0.0140092175734535 0.168698490709698 0.423162922333605
-0.0145000213104023 0.0130681835962371 -0.169805305270078 0.294912562938892
-0.0116494789470503 0.00199377579207169 0.00241645078342616 0.0467779853781266
-0.0106853574419068 0.00492426462894191 0.152015060152545 -0.242369850707723
-0.00676000308154637 0.0163156773664427 -0.183602427062957 -0.440315249255416
0.00619495935912756 0.0086120623628752 -0.46933479029264 -0.0373056363596735
-0.00929011983161919 0.00315085111263832 -0.15623402297871 0.350523268882317
-0.00940601501983812 -0.00718315631533365 0.154625851978951 0.223691169037146
0.0026783428439065 0.0064240640744382 0.164221454663311 0.0158335412861455
0.00149753796315079 0.0112615177903103 0.039109400993084 -0.105506356635147
-0.0020620088425738 0.00883222703904388 -0.0267773169687904 0.0639418048617905
-0.00337730286247784 0.0118138037491621 -0.109857006877399 -0.025286473865615
-0.00599295740439071 -0.0138464798107558 -0.101496540567805 -0.181946270721165
-0.00562698079040524 -0.0138770527167941 0.180905403100726 -0.259882338206816
0.00394346294163229 -0.00899859685648822 0.409197578643885 0.0679692743148354
0.00651335058428544 0.0105617131669329 0.165921102918352 0.427768100190589
-0.0123948231463233 0.0111929508896706 -0.170643499101364 0.297689244624721
-0.0100988626961861 0.000968987033594418 0.00215815367795451 0.0477606337011
-0.00841875463022997 0.00389284462632827 0.150501367093612 -0.241763819489567
-0.00670708518189007 0.0131730863011966 -0.187180536900768 -0.43682813238452
0.00384086027196432 0.00809966200386073 -0.470432910907396 -0.0303713189100507
-0.00917251594525859 0.00660032167839082 -0.155556719123247 0.352817594527056
-0.00620292604912384 -0.0038412487822576 0.156522319544776 0.220949197077698
0.00579843490974156 0.00810681747171906 0.166684599467505 0.0152914776848738
0.00370768797409578 0.010843562689918 0.0382589789131241 -0.105225940928592
0.000904936199346882 0.00800308501962598 -0.0275127660451061 0.0641376585715208
-0.0012263467006992 0.0134651361120812 -0.108627222927785 -0.0241788756620553
-0.00361350408049394 -0.00849166039984409 -0.101254947030842 -0.183420666679254
-0.00603928435102669 -0.0106411861691485 0.177444570416064 -0.261258263412483
0.00187426877742618 -0.0109893407678676 0.407303625521608 0.0669123019314287
0.00691977435498903 0.00600100114411093 0.16802073100769 0.427626164965068
-0.010373759059408 0.00897588863434474 -0.167247314915569 0.298750655600519
-0.00922382954940956 -0.000141860215774006 0.00245603628303326 0.0493361305643596
-0.00664440506819425 0.0012988875293654 0.152249940895999 -0.239340550025153
-0.00714025843806107 0.00845433614087541 -0.182839878262776 -0.436091153063524
0.00113006415246715 0.00669755318540144 -0.470877205957237 -0.0318258084560054
-0.0084119731814444 0.0100060647764923 -0.159993870908749 0.351454007623421
-0.00387137589176733 0.00175014639904766 0.155237864188658 0.221484565188511
0.00887138136849173 0.00989495563141097 0.167954507972769 0.0166390021031936
0.00686151351742817 0.00894007552341268 0.0381458295018013 -0.103750140935622
0.00310828638159639 0.00337453598055232 -0.0317079189366696 0.0713482002627281
-0.0128425384223375 0.00829077219913266 -0.121610743267643 -0.0137596404117645
-0.0128367218947005 -0.00704499491197988 -0.127025555275075 -0.168318660283063
-0.00172654942090542 -0.0117410422002115 0.141243515467769 -0.288245862432583
0.00476230092369435 -0.0145060580402299 0.406522785528296 -0.0141180392326611
0.00402466475621088 0.00525603490633071 0.218093676108423 0.367009518174033
-0.0172077127664592 0.00733698740405803 -0.131755304919259 0.28910605652774
-0.0148041384764 -0.00287577413305293 0.00932085775303914 0.0416023279994852
-0.0148818978567194 -0.00192173927263042 0.177395968759643 -0.238566972023446
-0.0127205965957626 0.00684662674618283 -0.126002571553498 -0.47653704547144
0.00676006052129937 0.00262024381402001 -0.458800775398747 -0.112789575383175
-0.00203359392447044 0.00621256291995863 -0.193177251657449 0.313879838310498
-0.0130900306797212 0.0018708729161547 0.128341322590356 0.230129653157652
-0.00558840468694079 0.00210129426276152 0.154263439596162 0.0282891423303432
0.00902448249849819 0.00486392460304558 0.0356810732642977 -0.0964179470659449
-0.000262058004267267 0.00506495186473337 -0.0301912826216346 0.0698283084984032
-0.0135746904539581 0.00757237075018513 -0.121417209648712 -0.016552553734537
-0.0141051458916799 -0.0117826916908444 -0.123656765270484 -0.1683694922468
-0.00251335256923098 -0.0143652648437276 0.149878693368739 -0.283783816886137
0.00638524371723305 -0.012295112463287 0.407892687735748 -0.000258839518758029
0.00427232369728431 0.0100701245575999 0.208913208530841 0.376567597291328
-0.017897100117231 0.010481748538944 -0.139105851111032 0.288631697990231
-0.0153263119867667 -0.00111491081608221 0.00745714988447352 0.041518572238407
-0.0157088920837831 0.00121009224146105 0.171293965928162 -0.239657580519118
-0.011847762448719 0.0120864901906176 -0.13771564229562 -0.47048452634573
0.00843093331143599 0.00483913080849074 -0.460378003259494 -0.0978914756316464
-0.00312172823271462 0.00314520617820086 -0.184686699496981 0.320713655429293
-0.0142274106668264 -0.00323777814806071 0.132913866776332 0.228817811454633
-0.00619202496850696 0.00165535812154737 0.154982930219736 0.0258158260467814
0.00583549428399674 0.00685625926305628 0.0368669667568717 -0.0987518857968587
-0.00298157776346147 0.0067029671948545 -0.0278456259838212 0.0681046470125294
-0.0129874564476942 0.00727952780433855 -0.119802401040923 -0.0195712540557275
-0.0141149033646938 -0.0161803173616098 -0.118118336418642 -0.170552353957717
-0.00350554148419313 -0.0170950439057016 0.159079319061286 -0.276014837311224
0.00690787748181939 -0.00982068979236862 0.409510569189185 0.0133888550897566
0.0048459592193605 0.0131256587431018 0.196872334188919 0.386226833507901
-0.0178885654631271 0.0121574535137231 -0.147495713580451 0.288392628668579
-0.0149974515939715 0.000816249282357716 0.00634277298412487 0.0426433860682237
-0.0153095136785774 0.00371608548224439 0.163740397466256 -0.24111365571587
-0.0104712030085039 0.0156687796660915 -0.151816700472419 -0.462359952539268
0.00969034131195876 0.00667183577761227 -0.4601628842358 -0.0815472347187122
-0.00551558036799004 0.000949625316243589 -0.175287529414077 0.328974451325209
-0.0142227848098934 -0.00711763407400799 0.138878171257848 0.227237166761327
-0.00531904562505181 0.00179333812696331 0.155721777014904 0.0225846375059619
0.00292456580724861 0.00861767994053816 0.0377676956863323 -0.101414911401819
-0.00426637241509098 0.00748530897774841 -0.0267845640061047 0.0662048918691301
-0.01124968047908 0.00738142582004986 -0.117253037113125 -0.0215469411863249
-0.0127117843682877 -0.0185209229750972 -0.112788036542216 -0.172877703410012
-0.00433246715303257 -0.018252196753712 0.166975938449754 -0.269844726470079
0.00737977716594187 -0.00788036130310023 0.408318330222621 0.0314083716665831
0.00524200004850227 0.0151358376961034 0.184778166236045 0.39814351442999
-0.0173135224409186 0.0136321824475653 -0.154972365916115 0.289549108025777
-0.0144440714108704 0.00141777585351938 0.00412711382875948 0.0435177622361251
-0.0141467502104277 0.00498139089931467 0.15751501326663 -0.241597746979783
-0.00883712676042973 0.017578023374642 -0.165460800224833 -0.45187349460757
0.00913539055788549 0.00815069346486258 -0.462182976763431 -0.0631166502696211
-0.00692062596901647 0.000541499390610481 -0.165193322273444 0.336960644169373
-0.0135331919077717 -0.0094075706278877 0.144977571000397 0.225048163680401
-0.00378151502052124 0.00260333251530808 0.157890043953092 0.0188611183256132
0.00105968678933594 0.0104465206515642 0.0383639806569974 -0.102924354544917
-0.00456633182955521 0.00833330242547957 -0.0264221558167985 0.0646500907780986
-0.00887175042777068 0.00818177425513702 -0.114342616761294 -0.0238061623621887
-0.0104278100443999 -0.0188439677041469 -0.106718779618085 -0.17549491193329
-0.00469918649956073 -0.0175407489541704 0.174605967653106 -0.263304051243145
0.00662141361119979 -0.00692539482720132 0.406610097099194 0.0489934436686724
0.00568628554950845 0.0155213619866946 0.174138682028641 0.408883052689
-0.0160100310877797 0.0137375261052365 -0.162401382026827 0.28998089071275
-0.0126575419026666 0.00226163854738149 0.00329662474241673 0.0444722590427745
-0.0120173343943664 0.0060858097334285 0.152012166552239 -0.240110410899909
-0.0073659903449865 0.0180930039644924 -0.176726448062732 -0.443197115571956
0.007835614013665 0.0089176887605617 -0.463550792191821 -0.0463873841939454
-0.00815483784700124 0.00122194431939313 -0.157073139629649 0.343240425589723
-0.011945884114057 -0.00915384227639727 0.150844332258911 0.221694852720123
-0.000929852038171792 0.00448319730668068 0.160319555038392 0.017584532128452
0.000451126691171524 0.0111153541786153 0.0387030262833072 -0.104247387209605
-0.0042051040322777 0.00859973877724957 -0.0266217600438961 0.0638935942928803
-0.00616004562838903 0.009916697940155 -0.111443154204784 -0.0247632475628166
-0.00818876259728406 -0.0172934357510334 -0.102671236991969 -0.177988245835542
-0.00527667282500641 -0.0160886918778024 0.177980996075804 -0.258481544239233
0.00563339358030752 -0.00763996218979917 0.404534539790327 0.0606553605192068
0.00601736398542677 0.0135581443444534 0.167326275476994 0.417447411792919
-0.0142694405082029 0.0130435214322733 -0.16633610630673 0.291427211621273
-0.0113943274404117 0.00164747683752878 0.0023346047669724 0.0463994524895424
-0.00994450404133411 0.00535115046900185 0.149388602427668 -0.23909466928846
-0.00678937108047319 0.0163186635233202 -0.182811847840284 -0.434409728605767
0.00601728344685434 0.00869882223909325 -0.464401683988856 -0.0352054094554138
-0.00883435741158087 0.00338954843867734 -0.1530319032477 0.346639284028986
-0.0093958315483018 -0.00703330053662831 0.153253231659594 0.220111430640001
0.00252684721167196 0.0060980724003638 0.162205180777643 0.0150603055360953
0.00191771882664316 0.0108416228806486 0.0383421210371708 -0.104763342835203
-0.00231024057463439 0.00877826424790513 -0.027065276320251 0.0633587840954825
-0.00320342525076206 0.01150587502777 -0.108919927685718 -0.0244574513261687
-0.00628751628149383 -0.0134692233879988 -0.10037397237249 -0.179811737782799
-0.00569323988624809 -0.0134980345500773 0.177963669591094 -0.2579662888276
0.00320156145682258 -0.00863847094030519 0.403411255247528 0.0643922056291451
0.00631861300022296 0.0102786949398712 0.164498860769329 0.420400594421274
-0.0121315375345225 0.0114824086902868 -0.166696396806912 0.293745205676114
-0.00987333420743158 0.00112315449874794 0.00215101599850319 0.0479190077788415
-0.00819486440395296 0.00360841909296103 0.147650096049142 -0.237617644819506
-0.00686212095569273 0.0131685929146017 -0.184803365772585 -0.429699400291022
0.00346791158743329 0.00782273637936418 -0.464677829102483 -0.0274714518214426
-0.00879670227465862 0.00618424461862712 -0.151993417828389 0.348700471969895
-0.00650935031106041 -0.00334659452231045 0.155734078942412 0.217630561240764
0.00601803849001733 0.00793610670638559 0.165011957627658 0.0144474938237439
0.00358438125100411 0.0100145347268742 0.0380484244295904 -0.103962024899428
0.000847035510926168 0.00760664418187426 -0.0276056017041697 0.0634064182977495
-0.000894520374634986 0.0134798008580799 -0.10725774392525 -0.0232075392447029
-0.00387328599598873 -0.0086648903133136 -0.100014376484105 -0.181440413822843
-0.00540533907401549 -0.0102620958276312 0.17474623898299 -0.259958850963615
0.00144139310097291 -0.0106377281272498 0.402149278035117 0.0646935823914265
0.00648231888318846 0.00629871092788227 0.1679750997787 0.422046840172485
-0.0101107259819027 0.00915955397219522 -0.164178771772749 0.295337252050958
-0.00827244970023606 -0.000104355643203311 0.0026630070003853 0.0485768260003621
-0.00643058677695912 0.00158215631402179 0.149825674680842 -0.235847394345653
-0.00686858447633048 0.00839873140727497 -0.182074720814492 -0.43034324493615
0.000981973396439399 0.00683712930368971 -0.465177736102967 -0.0298390135208035
-0.00798392951757173 0.00999995239533514 -0.155901699834502 0.347491750381854
-0.00348775723772407 0.00169892452567978 0.154677102569385 0.21767419486452
0.00914986835414709 0.00944825668154093 0.16638512693469 0.0152253157922922
0.00631564840753446 0.00853149991082516 0.0371605485845899 -0.102595782850467
0.00292300894593965 0.00319131033991221 -0.0314611031553965 0.0703787373850797
-0.0128150366105621 0.00820816961084855 -0.120109357686452 -0.0133880376689903
-0.0132228054273748 -0.00688469798168725 -0.125552603692589 -0.166071022076789
-0.00131290756331119 -0.0117803742511312 0.139309268784944 -0.286344993808423
0.00445146393628087 -0.0143489765167283 0.40120428320802 -0.0157557618718919
0.00322070019404845 0.00506060133491624 0.215876363206481 0.362158371442284
-0.0164624615359187 0.00753185160274398 -0.129495390525632 0.2848215166036
-0.0147798168123334 -0.00280235893520949 0.00923994821316797 0.0411511343545837
-0.0146842865621256 -0.00162128696733494 0.174965681578271 -0.234877320542093
-0.0125116972346971 0.00686096486369389 -0.124493886527051 -0.470506942312927
0.00623792206395135 0.00226839488528686 -0.453179189003653 -0.110200607543671
-0.00153435683173067 0.0063499218457726 -0.190639614928673 0.31124869132654
-0.0130149984644488 0.00241581899112023 0.127428828276176 0.227644165565393
-0.00503883247735133 0.00169469881589758 0.152704838199783 0.0278278896429777
0.00889385195731694 0.00432174842920274 0.0357588879480751 -0.0954073352009635
-0.000307703848385131 0.00500571567491646 -0.0298444996850267 0.0685174073130358
-0.01307092311957 0.00754015613778428 -0.120192782856923 -0.0159300520334044
-0.0144538458059821 -0.011726312984518 -0.121416991103217 -0.166688921734928
-0.00213548334567707 -0.01477920763535 0.147623060022087 -0.280155711167124
0.00625294680763411 -0.011620408705023 0.402345515118237 -0.00218712558590135
0.00427777280389573 0.00958695768823711 0.205507101128558 0.370744826725774
-0.0174892877529769 0.010462935174253 -0.136266744267401 0.284524037033477
-0.0149610425141037 -0.000684303431252539 0.0077899698853614 0.0413799826455847
-0.0154232664353409 0.00113841240982466 0.168759064349323 -0.236260056677432
-0.0116311383246707 0.0118537982427546 -0.137244472098092 -0.464730134666347
0.00856510085027755 0.00468977582344943 -0.454314084862158 -0.0970756101552185
-0.00283852537338603 0.00324440352553902 -0.181539782187463 0.317492330777141
-0.013756619671234 -0.00313499348679237 0.132217600335134 0.226113263224996
-0.00540383932692057 0.00103786166398645 0.153424298830791 0.0248410523158789
0.00535414526810106 0.00628922930798567 0.0367024272081186 -0.0974107382194876
-0.00272840068733821 0.00619878716716502 -0.0282149871873899 0.0670110372017499
-0.0124054218626953 0.00671572773532982 -0.118615017615824 -0.0188658395285661
-0.0138766735884153 -0.015677835040857 -0.116804050270344 -0.169138714506512
-0.00335466812483094 -0.0170358839201888 0.157204235209926 -0.273403298164494
0.00724253480069089 -0.0097449604464022 0.404282887333575 0.0143890409053481
0.00465157480175181 0.0129048452320669 0.194173591973313 0.38065159773601
-0.0174070085452515 0.0121262239927099 -0.145556023414232 0.284306614081864
-0.0150256719358296 0.000609240465302801 0.00577565079801364 0.0420049172352033
-0.0147715012658572 0.00385126130421617 0.162270422735485 -0.237894510953184
-0.0103035320548661 0.0158775891178142 -0.152115403024321 -0.455680940092034
0.00929302387127176 0.00646166664027109 -0.454505434401915 -0.0793690065247942
-0.00501417568899183 0.000781569814206814 -0.172025441867177 0.3250791937132
-0.0139656010061839 -0.00701715462579484 0.137957949407691 0.224032315388018
-0.00510636351340048 0.00143055367045272 0.154404724985548 0.0218434567863214
0.00275950384142272 0.00858444695273426 0.0373632118750053 -0.0998405755860137
-0.00412169132055421 0.00765460699896977 -0.0271741437162624 0.0650710911098221
-0.0107682126715149 0.00735366361075591 -0.11612363671044 -0.0218639588803286
-0.0127714596867164 -0.0181693222593949 -0.110985793379041 -0.170830743069229
-0.00395250289247691 -0.0177832103847197 0.165577500654331 -0.266650975390055
0.00708708350543236 -0.00817055757234937 0.402625769700472 0.0306788196846467
0.00521110424290162 0.0148161215979815 0.183977020509244 0.392693211718135
-0.0168781452100308 0.0139232710031141 -0.153207811531708 0.285784301987585
-0.0140812212611616 0.00176925777347883 0.00432971472162245 0.0429772033872185
-0.0140401762245735 0.00564952095211414 0.155896948613509 -0.236998446918298
-0.00899783965366052 0.0175963338214565 -0.16504098614562 -0.445836575574363
0.00904626615647591 0.00795968200484812 -0.457256270164193 -0.0610825842992015
-0.00645112447544992 0.000494354839958558 -0.162018763109373 0.33278712251389
-0.013631466379439 -0.00914597161100524 0.143908612264326 0.22207459718054
-0.00320249467133307 0.00236261812430541 0.155902632714781 0.0192380286222941
0.00107040522046489 0.0100455820084879 0.0377283728999928 -0.101840756999116
-0.00451004576657787 0.00791034039679347 -0.0268612424125245 0.0637533145752947
-0.00828379652576627 0.00816362342349665 -0.113184486730509 -0.0236132439557192
-0.0107203004027549 -0.0187269416445766 -0.105335357894431 -0.17351889238179
-0.00441367611594376 -0.0179306138086984 0.171920283344537 -0.260973126540237
0.00647952286794266 -0.00701998852615631 0.401336751652514 0.0480855125973942
0.00545825212077652 0.015124940548317 0.171307114977032 0.403373246041047
-0.0153758307953974 0.0136338067011731 -0.159907735731763 0.286294253467998
-0.0130800549521656 0.00222731875667541 0.00364937764332837 0.0446464076285732
-0.0119176400115053 0.00596009126093981 0.150233199474119 -0.236888141827888
-0.00778154063482944 0.0183998982653816 -0.174307340369265 -0.4360598991191
0.00768640889473653 0.00875706827362382 -0.45656488438008 -0.0463019565815961
-0.00820749563308148 0.00141715095874615 -0.155395644439658 0.339179091002721
-0.0119527476432538 -0.00892355165131022 0.148776385215866 0.218705325102315
-0.000670084005847448 0.00390527781731543 0.158765554925291 0.0165804870635515
0.000977810233550079 0.0107064800462421 0.0386347528424188 -0.102921395281724
-0.00425382849770979 0.00843434765228218 -0.0263079658554552 0.0631766615490447
-0.00575182688371494 0.00938440924231298 -0.110337366719179 -0.0239560183941728
-0.00824710909871734 -0.0168385632347533 -0.101006076962252 -0.176046503815883
-0.00490893914437141 -0.0163714366353444 0.174889786949739 -0.256300292141504
0.00534310607663984 -0.00729722672086994 0.398824829693118 0.0598456259752549
0.00581938625512688 0.0134294850689016 0.165585723845903 0.410957312715198
-0.0139235205145 0.0128202432474937 -0.163873285486137 0.287430270608771
-0.0109605446098608 0.00179171256786894 0.0018954967591627 0.0457015478239445
-0.0100936622352071 0.00528081016519952 0.147125091139664 -0.235315224460012
-0.00698027764097538 0.0163543380044572 -0.180900060940329 -0.429857709011198
0.00590588532020229 0.00835035550262107 -0.458520573719825 -0.033338973854873
-0.00863548503278356 0.00303779991105581 -0.150602841846321 0.342509673526727
-0.00923735074703982 -0.00713473875130189 0.152665836976042 0.216967101093402
0.00254478945030152 0.0060605311283284 0.160938730851022 0.0145644694708722
0.00167647772831017 0.0102086957370172 0.0382967402092337 -0.103154101104183
-0.00216672036406223 0.00775812596266083 -0.0268483066209199 0.0623918927853913
-0.00263020351999938 0.0118009104364859 -0.108106530124803 -0.024194460278115
-0.00595087872601213 -0.013356347791722 -0.0987068798617548 -0.177670909581582
-0.00552448240165525 -0.0136490152234243 0.174988809973641 -0.254855726272376
0.00365265181764258 -0.00859543666478315 0.398185401029035 0.0648887212247245
0.00578434129749557 0.0101706840317055 0.163562049954763 0.415771489105454
-0.0115625515878398 0.0112948379192225 -0.164162661859684 0.290057531477837
-0.00957784105782748 0.00132132606920278 0.00216761890662449 0.0473241036340507
-0.00838260990652768 0.0040273258692306 0.145658403555575 -0.233934410270793
-0.0064542315389976 0.0129806843560533 -0.183178563976086 -0.424098760871252
0.00339350640091949 0.0073733560050963 -0.45945817910059 -0.026882102027896
-0.00839103153734811 0.00628143137070175 -0.148469179982905 0.344893684170832
-0.00616534249645006 -0.00319979475539718 0.154014958925979 0.215267795251196
0.00614300554106741 0.00745442070944696 0.162865266664438 0.0138259173644172
0.00340206024644018 0.00989636264682186 0.0384448015899604 -0.102855226174725
0.000552173620804922 0.00727581986736748 -0.0278376808538458 0.0626774936296833
-0.000752582958132635 0.0130065644113551 -0.105753270033372 -0.022249205798713
-0.00398292929923314 -0.00831165033080759 -0.0985520812061113 -0.17913001910164
-0.00535167373801395 -0.0102964762576545 0.172192899339294 -0.256935091205188
0.00144210640849746 -0.0103005719658793 0.397503448548856 0.0632206055035552
0.00615582476410895 0.00618575454951476 0.166491413599391 0.416194711399328
-0.00990457105255906 0.00902907240338601 -0.161269969059704 0.291441429156397
-0.0083435437574424 8.92562950942623E-05 0.00263456296264134 0.047934776930349
-0.00647954614806253 0.00127363481105157 0.147362067042834 -0.232665610824447
-0.00704647981258548 0.00829359218637397 -0.17929575669412 -0.42332329378946
0.00128801489841629 0.00610264808843993 -0.459772304019223 -0.0299256765999221
-0.00779888274980449 0.0093434601285024 -0.152777160788952 0.343269973177121
-0.00374994724950703 0.0018071942397617 0.15284762722881 0.214796569445357
0.0088440275993276 0.00922720348488486 0.16440504051771 0.0151384765085423
0.00656797856265371 0.00850755924378856 0.0371077470626668 -0.101936145707188
0.00295220865323082 0.00316502380714373 -0.0319635936813578 0.0691681167178122
-0.0119065775014978 0.00786740989913971 -0.119069966018672 -0.0125506528096076
-0.0128175523475612 -0.00703549403307778 -0.123733957778035 -0.164938552198401
-0.00162582356813625 -0.0117790722636392 0.137695268814859 -0.282595954558262
0.00423523371924972 -0.014269045537227 0.396843670153052 -0.0155963390476394
0.00297115511274473 0.00460426328123762 0.211689014928693 0.357761698399279
-0.0159018339820267 0.00722373803115032 -0.12833536595195 0.280870463932358
-0.0144995655870566 -0.00274394814936393 0.00855226617179154 0.0407131136779324
-0.0147314100528955 -0.00140891814942579 0.173342758266963 -0.230835806333753
-0.0128401286043238 0.00699606515160934 -0.12316367634588 -0.46426946867987
0.00624843613661424 0.00226657763299201 -0.448625222208407 -0.109003043872223
-0.00170057535348531 0.00577440336128879 -0.187405995046416 0.306677918435923
-0.0129666954542779 0.00254996287893525 0.125873945954252 0.224200480346157
-0.00531695589422854 0.00197713131469925 0.150926688384758 0.0274640129439353
0.00875076297998623 0.00394969205571065 0.0359011858118706 -0.0945270682103971
-0.000179614844839428 0.00434861704457893 -0.0304168717422213 0.0681104162438217
-0.0128666463457716 0.00708929903319215 -0.118805203953412 -0.0158333978266906
-0.0142862305010913 -0.0118645874945124 -0.119727203549287 -0.164717686372052
-0.00203397954982239 -0.0146845994434038 0.146357154236224 -0.277014791694623
0.00582280407124951 -0.0116764681975565 0.397522623339176 -0.000925044766338933
0.00352203400149711 0.00900510966254037 0.203025696145249 0.364608802533051
-0.0170894235959667 0.0101873481902721 -0.135346070794975 0.280259908143035
-0.015255625258929 -0.000910628998539755 0.00754572710020098 0.0406879195239632
-0.0149341160531945 0.00131606801040052 0.167542283395417 -0.232488331860995
-0.0113985382919153 0.0119902672298218 -0.135412486029096 -0.458575135678046
0.00841455289679931 0.00410643307547332 -0.449029853754258 -0.0971643675113327
-0.00300891486785334 0.00327140621032769 -0.180260713135226 0.31360049050664
-0.0138265399889324 -0.00280459540810087 0.130159895564367 0.223339636126125
-0.00569166559582196 0.000930355529398764 0.151841648721941 0.0247600832552794
0.00550152843416635 0.00568793865606939 0.0368407130850188 -0.096600230312659
-0.00259799592652329 0.00588840851510197 -0.0285434261338277 0.0661987002732785
-0.0118677422788368 0.00673349841365615 -0.117490737933176 -0.0185475501940268
-0.0136060885899414 -0.0157610368249528 -0.114582939970596 -0.166697598587977
-0.00306165413874235 -0.0168085009948679 0.155331460105995 -0.270471417192226
0.00643202501113541 -0.00977467267417092 0.398284263758844 0.0126848652636334
0.00428857967110171 0.0127186578647814 0.190904842895296 0.376460849737083
-0.017146386196857 0.0126965350748461 -0.143283523381931 0.280345727359366
-0.0144434862580613 0.000806274455895147 0.00587170713487014 0.0416295437148015
-0.0145364624228708 0.00348758471807677 0.160748752165833 -0.233443714221883
-0.0102685647737035 0.0154576026351451 -0.149837443126018 -0.450614895920344
0.00935174258293299 0.00673898573865379 -0.450309516403248 -0.0789641369009028
-0.00482375046776049 0.00116752232693435 -0.169915189701359 0.321411151398419
-0.0138155656851522 -0.00672162851367879 0.136406289313446 0.221302828531183
-0.00519303332905225 0.00129532981605387 0.152748602019396 0.0210289871673027
0.00282873559616086 0.00799959860410044 0.0374806087226588 -0.0984760198939739
-0.0040362573859228 0.00703708510303315 -0.0274636946110282 0.0647905304606655
-0.0108223013796193 0.00719697312879018 -0.114860575986549 -0.0211360405282481
-0.0126585794841972 -0.018146176758456 -0.109111631390905 -0.169435527391953
-0.00379516089413691 -0.0180100013264323 0.162875525603067 -0.264060245121291
0.00725829972928858 -0.00772906826114665 0.399067714308109 0.031355530548408
0.00522121409502769 0.0147460737219115 0.180132262807394 0.387424791020165
-0.0161716308202568 0.013680313111341 -0.151806400483443 0.281247680822901
-0.0138142507927615 0.0017688409867762 0.00422449305708302 0.0427708701693459
-0.0134347452638184 0.00563444323668146 0.154009258708451 -0.233900782864545
-0.00911150302884885 0.0183972564321561 -0.161414945046741 -0.439650295209146
0.00897548171888968 0.00752697187582305 -0.451117384672154 -0.0620026469412914
-0.00632876589691446 0.000555255970554676 -0.159677327966467 0.328935362520337
-0.0133740750538173 -0.00894642555545428 0.142426441249354 0.219011232457128
-0.00359255050943595 0.0025664103896974 0.154583906981072 0.0189872077439707
0.00103808231727585 0.00957309419136939 0.0377946068081255 -0.100265880789337
-0.00469448333046608 0.00803128421406263 -0.0270719333441846 0.0634196341511511
-0.00793621502785511 0.00790723557967167 -0.111697659418829 -0.0228777067873232
-0.0108301725985829 -0.0189894480051176 -0.102881383027982 -0.172131384525466
-0.00429071104474976 -0.0176810489930224 0.17040038584597 -0.258465331899544
0.00643460812978344 -0.00734685803099945 0.39763938806239 0.0477388132348907
0.00546464188832166 0.0150655199684345 0.168908756519069 0.397691746447978
-0.0150525618927995 0.0138173005096462 -0.158293232436055 0.282054907002237
-0.0123588766121126 0.00228486146491108 0.00294416504537724 0.0437653930909611
-0.0121615149788645 0.0058780914011772 0.148459964068746 -0.233264418299091
-0.00772647780107126 0.018025657719586 -0.172222976887812 -0.431155195172075
0.00770428706695003 0.00871942784173185 -0.452903109071631 -0.0451527548424415
-0.00777962762772377 0.00143223194680165 -0.152066438513224 0.33490701304605
-0.0117303581471825 -0.00863959367384945 0.147812057576317 0.216311917132576
-0.000504233241937328 0.00385915103054703 0.157599683011945 0.0163705142631273
0.000666263968218511 0.0100635387410375 0.0388122805888924 -0.101593650101365
-0.00380122967311935 0.00789960109549606 -0.0267964195489542 0.0626130223970937
-0.0051280319491556 0.00943806733322507 -0.109049408611029 -0.0237491706009277
-0.00830198588481602 -0.0171890187978895 -0.0991950354081868 -0.174143508322504
-0.0049635344440639 -0.0158765672860682 0.173566031323534 -0.253481427225095
0.00516717414615857 -0.00745543560716617 0.394285356377593 0.0592352896087302
0.00550470320195128 0.0130184198587727 0.161359652074728 0.406572699449474
-0.0132085439758848 0.0129078337737199 -0.162344257236517 0.283218889796458
-0.0108861519064249 0.00203539849323753 0.00206384563393079 0.0451835344933805
-0.0103419853261593 0.00524206269514345 0.145315871892466 -0.231296698341908
-0.00673592195857981 0.0157713221748119 -0.178117061924947 -0.422697010487979
0.00554171304990946 0.00828069189065761 -0.452707741717788 -0.0332593056959328
-0.00842605270196139 0.00340635062522418 -0.147659654055232 0.33899697813278
-0.00982397366110199 -0.00714263863746008 0.150075523261783 0.214163585929313
0.00249947868624458 0.00593614063603387 0.159697760810517 0.0144490356659386
0.00122735018920408 0.0101977145208763 0.0385174815966357 -0.102226111694572
-0.00188374042456121 0.00764884281336451 -0.0274254607958802 0.0622806010354297
-0.00266653708920001 0.0114435734349741 -0.10638583826148 -0.0235773163156039
-0.00632870326047437 -0.0134162876383698 -0.0965808910698146 -0.175910810609451
-0.00528457695297931 -0.0133827342311856 0.173293377745655 -0.252892940688785
0.00337779526069793 -0.00840496067969625 0.394045679985131 0.0630994083944474
0.0059442099574497 0.0097850260303214 0.161703881489638 0.409702597759794
-0.0113426835545394 0.0113071988231506 -0.162925220678319 0.285053200155818
-0.00944090811060467 0.0010196737956563 0.00203537018718867 0.0464740594635298
-0.00762083144645582 0.00380169851840585 0.144229719483389 -0.229984054432713
-0.00665780572187547 0.0129650470408267 -0.181889896142358 -0.418908553627167
0.00323788003027257 0.00758451437637093 -0.453418049277682 -0.0269818553966788
-0.00873404474565207 0.00605971233080673 -0.147032773350278 0.340303292882962
-0.00668732621340373 -0.00298258280431381 0.152877030551863 0.211822407169825
0.00566030285741987 0.00732699063267222 0.161751334955937 0.0133673676154352
0.00376389992686226 0.00917492744776199 0.0378949998002538 -0.101821882055135
0.000867066212777207 0.00694453306725924 -0.0281844413869918 0.0621934766718983
-0.00015491609869262 0.0128408545144869 -0.104834061719679 -0.0223141050536244
-0.00414991376305983 -0.00842473694202023 -0.0963023364328443 -0.177198022526435
-0.00514614564715596 -0.00999341382156105 0.170526061705591 -0.253874366449869
0.00122583096923462 -0.0104877271197963 0.392596857743006 0.0620393106030082
0.005910285623048 0.0056023335120535 0.163803121336619 0.411243864070293
-0.00952688156031781 0.00926019797230206 -0.159749657839511 0.286673750032902
-0.00819567492101368 -4.92380506507282E-05 0.00233937225670392 0.0475415707474823
-0.00637840718980198 0.00133820670176803 0.146482529168461 -0.228655106998801
-0.00689468728342327 0.00853230326385779 -0.177196133501748 -0.419505678653856
0.000871541923865965 0.0061199915787038 -0.453851022272171 -0.0287788285615543
-0.00784599741966627 0.00921586406407553 -0.151609149614107 0.339187736233005
-0.00345405826229445 0.0024708709909823 0.151551576150783 0.211905371707978
0.00899586909705329 0.00898970666554042 0.162737187212784 0.0149714433624862
0.00650713071617016 0.00771042288240216 0.037472561263607 -0.100646022884007
0.00299072713370438 0.00289823896699493 -0.0327086359506337 0.0682130717613292
-0.0117270424019457 0.00768838696884571 -0.118031176990462 -0.012938847267153
-0.0131139687841137 -0.00742312976410088 -0.121211735556739 -0.16324341223552
-0.00110586764445268 -0.0116418160221775 0.137616278343691 -0.27923734443483
0.0036082249377734 -0.0139890179306596 0.391374801928029 -0.0129823875669971
0.00322205966490603 0.00469945086790818 0.20923545748562 0.353868411540862
-0.0159063080030811 0.00787507128060508 -0.128112415761387 0.276909860309729
-0.014127789578915 -0.00249616245492074 0.00855075387678824 0.0405246215801053
-0.0145783358204891 -0.0013469014652138 0.171992122882802 -0.226877411976993
-0.0127979432278592 0.00696144406547615 -0.119438132692364 -0.459521135185563
0.00629520982851889 0.00195923412694473 -0.441147428627976 -0.109511324699737
-0.0017166279528689 0.00609010493985709 -0.186512725306931 0.3032328463693
-0.0129425923104161 0.00287285336413431 0.123389665050034 0.222776827475645
-0.00506816780516856 0.00144195753089218 0.149632988681619 0.0278936696401128
0.00865052432334719 0.00354846672405147 0.0363437928518912 -0.0934063380839517
-0.000441093511633419 0.00437938374804601 -0.0310104677838249 0.0672744550202292
-0.0124768048559116 0.00717000007245071 -0.117963119733925 -0.0161397759027127
-0.0138679464760781 -0.0117196770386217 -0.116888275029486 -0.164138986392395
-0.00188844066744783 -0.0144103727490728 0.146054544789361 -0.274730263177555
0.00591710555579556 -0.0119735027043123 0.393319748121827 0.000125376813782286
0.00357676749899119 0.00901876355621452 0.1989267313498 0.361933110361898
-0.0165785198604305 0.00995505359866495 -0.13539428190173 0.275731680460038
-0.0144948587889114 -0.000677334904541381 0.00743851666059994 0.0404054105480317
-0.0147326821328212 0.00181795103885397 0.166727065522216 -0.228340312885565
-0.0118256590248831 0.0122027956625942 -0.131946005918384 -0.454080744718138
0.00790508932989942 0.004597139125255 -0.44506235357235 -0.0962953131653731
-0.0026009624006675 0.00307185998636568 -0.177898727016838 0.309707423860407
-0.0136464629102355 -0.00282309195706373 0.128061086888547 0.220632924704149
-0.00558035541401329 0.000832075689039634 0.150200845420956 0.0253060669944106
0.00550009379754459 0.00553991596608279 0.0368555341428061 -0.0954346065334171
-0.00238083480327741 0.00595795733020252 -0.0292714000903099 0.0652832314273616
-0.0120378154974319 0.00664689538460243 -0.11624365119327 -0.019428353727418
-0.0140314557823729 -0.0156780284850445 -0.112224159744387 -0.165943944650729
-0.00306525716085365 -0.0169731618283665 0.155116411015477 -0.26800521188088
0.00674234802676973 -0.00957523356991355 0.394091647387703 0.0152672226457541
0.00408827016803811 0.0125572148217241 0.188188571574206 0.373355984826465
-0.0166720959060639 0.0123812775608337 -0.143134221474823 0.276569600504284
-0.0140297445563873 0.000596044772507765 0.00515218164816149 0.040905508526586
-0.0145132803477858 0.00387087337473524 0.160137924114195 -0.229437942116827
-0.0103659351622024 0.0155220257475708 -0.14614365671289 -0.445341234402014
0.00864415661030779 0.00628764995696896 -0.445131335407103 -0.0801182444233148
-0.00434640481422926 0.00118613696513602 -0.168976599592591 0.317252332881082
-0.0143467849856531 -0.00623027745036578 0.134523457471518 0.218700324413914
-0.00498294364983448 0.00138598579905776 0.151554131981639 0.0216869980588603
0.00247628108788273 0.00732567296240374 0.037762094289084 -0.0974436857499085
-0.0040674087091064 0.00697515157643326 -0.0282686352504032 0.063614118014134
-0.0103109984178149 0.00690259831825619 -0.113615349484247 -0.0214320202554762
-0.012623036754587 -0.0182886334381759 -0.106830519297558 -0.16824678266191
-0.00368856524922371 -0.0177510673523832 0.162415472776806 -0.261326931192799
0.00669552656261784 -0.00790093913279894 0.393665413835627 0.0326260576513076
0.00453289057936499 0.0146124492009426 0.176649460125801 0.383511576722565
-0.015924965710105 0.0136082635443925 -0.150238407808415 0.277285516853007
-0.0137506919502674 0.00191942648898579 0.00362544862243385 0.0424894351891897
-0.0134375162042429 0.0055753988257725 0.152862814084986 -0.22965877667749
-0.00866917637185861 0.0179696555958153 -0.158605251195016 -0.435457713887631
0.00845036965328446 0.00748311886853379 -0.446127038888098 -0.0621176083680466
-0.00639990024806353 0.000586466350445387 -0.159013187798434 0.325257439886057
-0.0133058113594733 -0.00866881543671298 0.139914221375273 0.21637322668408
-0.00307916500500579 0.00206944604635153 0.15348483704751 0.0191893787286462
0.00107591881148631 0.00883166108641421 0.0388339020819039 -0.0990401715526452
-0.00421224488043816 0.00763844525563371 -0.0273971855134127 0.0623433295603607
-0.0077275961339545 0.00808052232999252 -0.110697467828529 -0.0231514011801595
-0.0107234291646806 -0.0186798548880959 -0.101102274694479 -0.170414164260141
-0.00391301883340404 -0.017437684553665 0.169740804944475 -0.254877773595955
0.00621530740708043 -0.00681743317148266 0.391618961868 0.048773731459813
0.00501462465876375 0.0144912357586165 0.164834075463905 0.395215335366686
-0.0147381823430444 0.0136772135145424 -0.157688936932242 0.277839195052533
-0.0122983704241517 0.00233997258652084 0.00261170563145513 0.0439172366881453
-0.0117912934141556 0.00618929948222069 0.147628948569154 -0.228949052618559
-0.00748252242452906 0.0175169558415017 -0.167587810733846 -0.426982715491763
0.00750617718152834 0.00842012060654431 -0.447893808831854 -0.0460928779647617
-0.00811006861746563 0.00125172160153723 -0.151961705037409 0.331238303077665
-0.0116949969888534 -0.00851314974265798 0.145431136657302 0.214700836827546
-0.00101057905529118 0.003466172401102 0.155343120948586 0.0164266285452606
0.000579388170413065 0.00982159177990621 0.0389500749636234 -0.100675480499461
-0.00376634361759576 0.00766572392215013 -0.0273838991079425 0.0615095794415565
-0.00470707234213408 0.00945737941770079 -0.107655860862248 -0.0242836725751426
-0.00819665068659625 -0.0170582440066905 -0.0970772277252014 -0.17310647433755
-0.0048373762691782 -0.0159205024095757 0.172381240499992 -0.250436359497447
0.00468055432176256 -0.00771138473654145 0.389174488545511 0.0603577684229075
0.00534473865048317 0.0130157837025455 0.158396865844893 0.401387948957147
-0.0126159193474162 0.0128087987444154 -0.162107581549025 0.278871055032655
-0.0105907866104134 0.00183689149356217 0.00166547988941108 0.0446610110613182
-0.00922306649494109 0.00546657247381992 0.145660478612792 -0.227512114052877
-0.00714359766996707 0.0159845263826648 -0.174362368605406 -0.418020238210642
0.00531539962909774 0.00787915210834807 -0.448845677492978 -0.0332192174032696
-0.0085766698880541 0.0031999922784158 -0.147327872056754 0.334719149293326
-0.00939235411315323 -0.00657748407872152 0.148956135642067 0.212467534343494
0.00266311236552463 0.0053604526457737 0.158020527733085 0.014744845371135
0.00172022873588376 0.00983205904341363 0.038989106245226 -0.100915208947866
-0.00182943247734828 0.00734597431597776 -0.0279117139108783 0.0609919314514311
-0.00247282879794167 0.0108485257203955 -0.105828805501497 -0.0237290648448001
-0.00594807597778892 -0.0134619072659943 -0.0949401571862199 -0.174579962762655
-0.00510125903515531 -0.0130878201812199 0.172939878550452 -0.249140930498868
0.00333283586974171 -0.00836629536976078 0.38967834947793 0.064137359741743
0.00565166138282681 0.0100014326357787 0.157094281151519 0.405713443849952
-0.0110384482767174 0.0110305073361054 -0.162621148785128 0.28140572227335
-0.00917511158204991 0.00150978534579214 0.00199743727513193 0.0463927778969886
-0.00737292400181559 0.00392447175230158 0.143724782175785 -0.226644572123467
-0.00691588912319106 0.0129300982728428 -0.177845176789687 -0.414291944602877
0.00294655515873648 0.00738681274372736 -0.448782726824043 -0.0276345333217457
-0.00850465383099763 0.00609354379414853 -0.145739785806003 0.336187471341016
-0.00663534639799744 -0.00270768746910303 0.150803537703107 0.209636058987328
0.00587234873692622 0.00725335006083012 0.160366671588552 0.0141255227629171
0.00340233164877783 0.00890284624638627 0.0382452188657671 -0.100167012955217
0.000391988378688207 0.00673563846770043 -0.0288805164390106 0.0611996480923389
2.28610939536269E-05 0.0126627210722648 -0.104223691169446 -0.0225361393588894
-0.00451472503882899 -0.00866497843517996 -0.094038893961508 -0.175844721222583
-0.00516385130386105 -0.0106801341730772 0.169032947872723 -0.251799581620214
0.00109424610708479 -0.0104368653343884 0.387358445657732 0.0634401238447644
0.00596600805570806 0.00530159632478982 0.160077595932285 0.405883964082333
-0.00911750236359465 0.0091253318107719 -0.159471593370762 0.283211030151014
-0.00785079621959419 0.000218389210977197 0.00234229291603635 0.0474414104545563
-0.00622411816689479 0.00143704094522076 0.14541885515288 -0.225049483503823
-0.00686040051100148 0.00825794385162872 -0.173702989800455 -0.413862495985754
0.000163769385101767 0.00567715763047753 -0.449624998222483 -0.0299464969990039
-0.00716212206629965 0.00940009649100945 -0.150221284357046 0.335516937437502
-0.00346825753674222 0.00209101735184687 0.149564112961673 0.210346451810072
0.00885296150837538 0.00871568210491339 0.161432783605116 0.0153110554422919
0.00611444418927647 0.00733381355612666 0.0379085590170099 -0.0992378715512764
0.00283378619757176 0.00286629255103851 -0.033082127219723 0.0674649171272433
-0.0113559997858593 0.00759315236622204 -0.117598776330078 -0.0137397717901712
-0.0131782431512444 -0.00706956800722894 -0.118637289206986 -0.162546715469838
-0.00100740002690647 -0.0115252720559988 0.137465225831368 -0.276842393662036
0.00422726555489905 -0.0136352815759985 0.388546823997473 -0.0121902658860517
0.00271469225788255 0.0046354724264138 0.204431651232663 0.351070539596587
-0.0153316765729985 0.00754594961957822 -0.128726523712728 0.272880605330384
-0.0137316318113532 -0.00250958136177578 0.00838256591740286 0.040273530960911
-0.0142299355494122 -0.00146684892085778 0.171995640952686 -0.223091793828358
-0.0128048182300594 0.00710074535607343 -0.117034384004031 -0.454367493453212
0.00580907291660551 0.00223943537540395 -0.439060865787172 -0.110870849342997
-0.00167213535331597 0.00591858117316097 -0.186143191703622 0.299562987624151
-0.0129034083996988 0.00229943598323149 0.121399399705677 0.220758486237821
-0.00497534739069627 0.00166446434133644 0.148358905179132 0.0284351501115878
0.00867195583799212 0.00361403965493711 0.0370189859797124 -0.0919706932503038
0.000126838750702516 0.00451033875102887 -0.0318941659145044 0.0658889797254379
-0.0120712622434924 0.00708783348463719 -0.116792416665413 -0.0163877451835243
-0.0141898101898892 -0.011739253325722 -0.114674335888098 -0.163433748325114
-0.00197142313326371 -0.0143000386317521 0.145807989488175 -0.271526261492559
0.00539744129400717 -0.0113931664864952 0.388512815193709 0.00235568735761971
0.00341182835811621 0.00881603017367994 0.195382092695439 0.360758202545153
-0.0162054091302062 0.00987963462181677 -0.134803259783583 0.272243847191456
-0.0140462626344275 -0.000849737746755308 0.00701415542253371 0.0402057477636284
-0.0145924312609283 0.00126970375806722 0.166312173037774 -0.224962695031124
-0.0116646448655094 0.0123928451874197 -0.127288856480398 -0.450004059973589
0.00777883107229657 0.00478480655120873 -0.439366070559166 -0.0971595088998505
-0.00278714964507309 0.00286485695197321 -0.177655304114992 0.305158336911764
-0.0135455404480445 -0.00281356966498259 0.126032959233438 0.219396971810473
-0.00504521501416721 0.000561425853916624 0.149004810242673 0.0252047857147754
0.00522874600646147 0.00524611943681399 0.0381972961742144 -0.094145455928086
-0.00227729915244912 0.00543711879509331 -0.0301245417129717 0.0645556588467577
-0.0117194028217195 0.00643901421712927 -0.115440751431401 -0.0188097116680854
-0.0137143885514572 -0.0156919928494264 -0.109950872767397 -0.165146002448567
-0.00280368311933165 -0.0165440504091294 0.154579126943668 -0.264886015413964
0.00658871025604586 -0.00942895775699647 0.391002340376743 0.0172420834076275
0.00404109457071645 0.0123351231736741 0.183661338760884 0.369652653625515
-0.0160634652077252 0.0119969270556452 -0.143360593679521 0.27268944705301
-0.0139132856093982 0.000718796956740073 0.0053120175689162 0.0409483808865449
-0.0141186935236471 0.00374955955641332 0.160507048884898 -0.225658229953546
-0.0106700892946411 0.0155285905707584 -0.141878514779678 -0.442058769589243
0.00844311477663904 0.00613510681281213 -0.440908440510143 -0.08120164299763
-0.00456841134862472 0.000846117057605086 -0.168695878739227 0.313396213221695
-0.0139693872994902 -0.00661602240933879 0.131920582782412 0.217389260082255
-0.00491652998805546 0.000734511915363182 0.150247608333411 0.0219240974164015
0.00267231642656334 0.00728381217355872 0.0387186658932675 -0.0961033097773813
-0.0040690872936956 0.00656096424814048 -0.0287210603668085 0.0630835435504613
-0.00980152200171205 0.0067889097255188 -0.112626562696773 -0.0213830390175233
-0.0125453353532354 -0.0184084969902315 -0.104167974739931 -0.166968220606197
-0.00343343727696595 -0.0174736944384276 0.162574300677736 -0.258424213633632
0.00656504073160642 -0.00778657627361294 0.388669874553675 0.0340812793219812
0.00420030710737691 0.014475597570391 0.17268225657519 0.380819826464593
-0.0153136672338836 0.0132274442889739 -0.150522800403785 0.273396913219182
-0.0131773598972151 0.00168030287729262 0.00364466357973846 0.0420900026555947
-0.0131031597284308 0.00538406521316894 0.153534466657831 -0.226030174855586
-0.00880195289610889 0.0177603566233166 -0.154545319198934 -0.432733896046724
0.00813296919143076 0.00762731201213374 -0.441935755409648 -0.0640064132495117
-0.00623645415039197 0.000481657897107182 -0.158774522694187 0.321245064195032
-0.0132283287814661 -0.00857933439206985 0.13776343022423 0.215031767367413
-0.00304896543518182 0.00167649932932888 0.152243994107431 0.0190240648423562
0.00110516556045581 0.00850298320088986 0.0393090030536377 -0.0978910968443303
-0.00417934032404151 0.00747521139188948 -0.0280575016339376 0.0615930352351622
-0.00731894643965712 0.00749279755383351 -0.10982559386923 -0.0231890241202241
-0.0108565687302079 -0.0188531144752293 -0.0987391385356927 -0.170317023212516
-0.00407085970232841 -0.0174703339322231 0.169104482337361 -0.252625929004005
0.00609576832498696 -0.00679267062465631 0.387209960226634 0.0504407037252767
0.00470104789989185 0.0146109765605339 0.161248272186325 0.391705211786589
-0.0145318108502964 0.013307196568566 -0.157326767405244 0.274121765348927
-0.0115791624999202 0.002202217663316 0.00231526714925438 0.0434744378973547
-0.0117852865689792 0.00567577836735157 0.148423288573204 -0.22538918306028
-0.00784607178225385 0.0177520119379924 -0.163855787634238 -0.423902356706316
0.00692618048568726 0.00763390392592583 -0.443471470646259 -0.0468822018199376
-0.00774767518762361 0.00140067668535988 -0.151910700542535 0.326832824725556
-0.0117333028508623 -0.00804311622173332 0.143151311858162 0.212699149475536
-0.000459271215535531 0.00365625993047335 0.154354837574626 0.0171648876853453
0.000630882377112165 0.00937006203788035 0.0398334486608046 -0.0992889528115513
-0.0038949371853077 0.00752438529383517 -0.0279632210285636 0.0606722782936151
-0.00500350796835163 0.00888111579815509 -0.107255699698811 -0.0239439060181854
-0.00837423297284862 -0.0168200119425172 -0.0943593899229188 -0.173026651045703
-0.00475286546952427 -0.0156852893638314 0.172657990351508 -0.247710594094882
0.00497569837157983 -0.00699215621600257 0.385489769347478 0.0618751028611014
0.00493691323465359 0.0126096162869308 0.153875673110994 0.398617163534278
-0.0123500679081894 0.0129919981861873 -0.161103230814657 0.274922275562887
-0.0102485618268747 0.00194961437637955 0.00153300822221541 0.0449857901447825
-0.00943837120913581 0.00493786432730975 0.145206837115554 -0.223886594598915
-0.00684054400041767 0.0159785733586536 -0.169609521534984 -0.415673882130053
0.00528854074448094 0.00751200750083277 -0.444835129896225 -0.0365099543855873
-0.00834081487566382 0.0031629779827728 -0.147434774743338 0.329588962411539
-0.00930116025666436 -0.00636850219969191 0.146006077144401 0.21047535928345
0.00218695916720698 0.00473172559724677 0.157110754453246 0.0154031081938649
0.0011296894912422 0.00946801426567196 0.0396786272826862 -0.0997623507355141
-0.00202122632082535 0.00725071032796372 -0.0287454358603345 0.0602042647394908
-0.00199159397139481 0.0108229717104362 -0.104544655387784 -0.0236152122924276
-0.00644300913197795 -0.0136724903585249 -0.0927454854246686 -0.174002972415859
-0.0047852482543348 -0.0132777726759331 0.172172596954986 -0.246638386402699
0.00340713305579221 -0.00828680754536547 0.385501846568989 0.0657885014131125
0.00549975945433872 0.00939287318289189 0.152154674682181 0.402448953081642
-0.0105576748666057 0.011219653408758 -0.161816664863537 0.276647382164243
-0.00901508909396986 0.00122074001210697 0.00149862936543346 0.0458369778355527
-0.0073210442885285 0.00434034425110748 0.143855271719861 -0.223112623890895
-0.00694913942259786 0.0129791087458551 -0.173223937952969 -0.410489919346038
0.00284835405777889 0.00695314903964 -0.445068897311232 -0.0295388672855597
-0.00813922229524715 0.00582529680953976 -0.14608915964041 0.33246382292335
-0.00654127354579451 -0.00272893012340567 0.148236415637864 0.208702504740263
0.00597912148209354 0.00717611574271461 0.158846159624665 0.0146180844306941
0.00337141972924063 0.00858440648355792 0.0390333241126535 -0.0991764659929607
0.000370593580852019 0.00670010068212922 -0.0296451151855207 0.0604664121862055
-0.000328227497164137 0.0124070986701948 -0.103271175145068 -0.0225703568616055
-0.00451862215035861 -0.00862235569422218 -0.0922132069247348 -0.175231229833963
-0.00534941908034557 -0.0102038851108927 0.168968188106347 -0.249101412205158
0.00108534439594234 -0.0102534446395418 0.382530348388052 0.0658330515270505
0.00589566727983062 0.00560271285272414 0.155386514032498 0.403298712415395
-0.00857693350963024 0.00934719143423612 -0.159718025967864 0.279478944359112
-0.00774663408409302 0.00022205189865516 0.00191041095662513 0.0470066661661821
-0.00603542279169792 0.00139166174575176 0.145611793244061 -0.221391769874403
-0.00714879684917968 0.00843692446053735 -0.169748139704787 -0.410674520030878
0.000624861539248811 0.00588292230360345 -0.445478180019813 -0.032770182923127
-0.00746793641598996 0.0086841291519344 -0.151161838288223 0.330875208892213
-0.00346906984287407 0.00243623375721787 0.147222009863129 0.208926479115271
0.0088071619606202 0.00870216080761034 0.159987916997686 0.0157299245632396
0.00585796738394403 0.00729467488034161 0.0383608649933232 -0.0984007815195329
0.0026372370252684 0.00256782917648921 -0.0339880477207955 0.0666468243264033
-0.0113975446298674 0.00706351838080617 -0.116354688505567 -0.0139717556283741
-0.0127551494959123 -0.00703119004457172 -0.11606356160584 -0.162901250185214
-0.000931304047583571 -0.0115468447971358 0.138666966350269 -0.274724190596202
0.00381414709263933 -0.0140327910407568 0.384423176115879 -0.00755256133931375
0.00236139474852919 0.00446211269152768 0.199503275648828 0.349772721902981
-0.0152265225225016 0.00762999294404719 -0.12873204856191 0.269246864542446
-0.0133586530955531 -0.00228704969503694 0.00805217929228991 0.0400929004781104
-0.0138922223224147 -0.00157818502791333 0.17244588293083 -0.219333228147609
-0.012560424464512 0.00717497652645436 -0.111138146832414 -0.451964660815923
0.00606640324948463 0.002166940353101 -0.434596506958124 -0.113117411931808
-0.00116926646585929 0.0054083813448406 -0.187150961812318 0.296120858159993
-0.0127927390491172 0.00277114376853345 0.119105878340115 0.220168367498856
-0.00477444062380779 0.00115703422228282 0.14748156087039 0.0287015869588907
0.00840514465036212 0.00301799254000808 0.0383179703153828 -0.0912651571246765
-0.000173733743300853 0.00368444671571629 -0.0326403822675694 0.0655200116840163
-0.0114929354283353 0.0066422870611708 -0.116095659023932 -0.0165901794435276
-0.0140839508369863 -0.011974002251227 -0.112316270258882 -0.16321132958594
-0.00195112808966563 -0.0143852503122732 0.146976569217014 -0.268916098008498
0.00550168380539179 -0.011534379544284 0.38513491717567 0.00558247726590331
0.00286022575232735 0.0088237074867459 0.190471194350103 0.358588255937134
-0.0156907834039985 0.0101502843914296 -0.136056381029494 0.268465126343992
-0.0136180047814322 -0.000825115380913041 0.00666982058057044 0.040164689129039
-0.0141948689334628 0.00151296205319351 0.167090299508703 -0.22082047468133
-0.0118197515000974 0.0119318504760892 -0.123903306495623 -0.44684827082036
0.00741285960458063 0.00406773154742081 -0.435627185554535 -0.100485228864562
-0.00240627658829272 0.00289086248543925 -0.178813103039543 0.302021578414141
-0.0135964439776722 -0.00252576692034842 0.123738853222102 0.218990924822447
-0.00551775127143803 0.000748721644690823 0.147551984743733 0.0263175681701397
0.00483325471320845 0.00484643546726428 0.0387330728915688 -0.0931107167853794
-0.00216661746349678 0.00517888684417848 -0.0306235217354428 0.0639108301277111
-0.0112825985603802 0.00674440074539301 -0.114761113757825 -0.0196454222845259
-0.013541091842544 -0.01579714573022 -0.107479491868407 -0.164891771231379
-0.00253236066943544 -0.0163309307713025 0.155881957101318 -0.262667798443501
0.00644284017915802 -0.00903817275273877 0.386812460162186 0.0210111526514924
0.00355839702654472 0.0121674515718482 0.179308973291012 0.367403734139054
-0.0157295581949994 0.0118832907464908 -0.144145820354563 0.268190579159718
-0.0137786632228844 0.000825839915562557 0.00478497476750257 0.0408034424243264
-0.0143894041768324 0.00432315599044076 0.160636424517523 -0.221880471125881
-0.0103773958744637 0.0154743459678542 -0.136592522487858 -0.43904194612735
0.00830215591567792 0.00625402963367895 -0.436927498176495 -0.0828471176314152
-0.0041309070080292 0.000834384286221677 -0.169575754342766 0.309930990998732
-0.0138108285191636 -0.00625391213717405 0.129852466485067 0.216746329928313
-0.00480237258338634 0.000825333288458419 0.149542551240497 0.0231361333437353
0.0024059476360478 0.0063448051606691 0.0395706649329166 -0.0952770130782138
-0.00410017851755331 0.0065754669144243 -0.0293902184187075 0.0622774428991143
-0.00945113834338998 0.00673477036224212 -0.111719075442854 -0.0220345090724503
-0.0125214213206725 -0.0182850382196317 -0.102219591578337 -0.16721660629286
-0.00333226755810343 -0.0177798691046631 0.163182633526847 -0.255954470109943
0.00666205413545776 -0.00785741000936083 0.386641073120371 0.0370656990542345
0.00383152271981722 0.0140422981134041 0.168664160656245 0.378221632204534
-0.0154045114723763 0.0131679276888008 -0.151508621926266 0.269406585495728
-0.0130109987907074 0.00173973418763283 0.00331744762260193 0.042136756009774
-0.0133342984490873 0.00517228775297482 0.153955683750687 -0.222253041511702
-0.00915073177685117 0.0177720439596467 -0.149532673562695 -0.429641361577155
0.00773813390945953 0.00722609489847477 -0.437651679125165 -0.0662219650623821
-0.00574811421836646 0.000606765794945995 -0.159298680619075 0.317167441310499
-0.0134263878706889 -0.00827078772367715 0.135415973342536 0.214701686975918
-0.00277021078171185 0.00182768428800795 0.151093944413665 0.0205454138321697
0.000910876037008449 0.00813615624200489 0.0403120258318822 -0.0970534238586657
-0.00448299064679657 0.00713308025482506 -0.0289633553803596 0.0608753394312629
-0.00712316040631338 0.00774649246483836 -0.109079526122907 -0.0234908940358263
-0.0107774910057414 -0.0187436651816932 -0.0961128955942836 -0.169637651111868
-0.00372861125982405 -0.0171838307585452 0.170071499991489 -0.250549375297416
0.0058739691466281 -0.00698803705362863 0.384007277712682 0.0530213066314216
0.0042930758730304 0.0142986230864646 0.157021992461342 0.388843475571773
-0.0144919615007174 0.0130126935972196 -0.158183642665492 0.270111329286158
-0.0113777212504165 0.00213195664371792 0.00209244607579268 0.0433727413021142
-0.0114110971876942 0.00594355785068705 0.148651468982086 -0.221321442389409
-0.0075635460594355 0.0180999476268235 -0.160923937262325 -0.420482294575802
0.00663733510643452 0.00807561519799484 -0.440226694707242 -0.0500680356299035
-0.00732541391767644 0.00114707054541307 -0.15240782482134 0.323702275243559
-0.0115395710383857 -0.00803326378453197 0.140972954794118 0.212100918988271
-0.000359584711397163 0.00345880139152241 0.153661478835029 0.0179028174005795
0.000463104405289499 0.00886836288332771 0.0406016051058869 -0.0982726612150058
-0.0037701953750941 0.00694033690714435 -0.0292878276251282 0.0603683047599406
-0.00447195787458089 0.0087427651784196 -0.106334085347325 -0.0245255619288655
-0.0084416339708494 -0.0168841758124378 -0.0925767716387365 -0.172344320834208
-0.00413330673449489 -0.0155898726932246 0.172751336815794 -0.245063167823779
0.00483386335658724 -0.00704806121460807 0.381589243243825 0.06465729712119
0.00485264648568304 0.0128023688997669 0.150393785749214 0.395678991778859
-0.012219720987391 0.0126189725014365 -0.162370593586246 0.271898669296676
-0.0103305091257576 0.00204961661756624 0.000985428425162619 0.0445459667587556
-0.00940129412197664 0.0054424341544732 0.146410354353804 -0.220460536959017
-0.00708322246236209 0.0164102883720823 -0.16678192904903 -0.413211134248571
0.00506360955682187 0.00805255983529573 -0.440693331100426 -0.0387268197481683
-0.00823487561792158 0.00322929954594734 -0.148708802427902 0.326973282729511
-0.00900803626597685 -0.00625662528578149 0.144253400920527 0.209942566700804
0.00235855226529227 0.00520169676369332 0.156275087633175 0.0163471674132086
0.00120483334973263 0.00925976813228877 0.0408946317878723 -0.0984185378252211
-0.00204498193068864 0.00725472289312047 -0.0292518180592019 0.0599778674946333
-0.00192550529746412 0.0108448551010578 -0.10427255635385 -0.0241905566790879
-0.00619782235411971 -0.0134985117993007 -0.0900939583891022 -0.174275630895205
-0.00456268461630836 -0.0131879058683929 0.172620601961393 -0.244581395553924
0.00342151206207803 -0.00831428204892348 0.380353277140805 0.0673349996179917
0.00520284585110283 0.00972345823101033 0.148837034884244 0.400453541917408
-0.010267952173802 0.0110150144934138 -0.162602556751466 0.273732559632779
-0.00864713974648452 0.00130449179246186 0.00132836255842534 0.0459412959079193
-0.00768367153962048 0.00375614111888335 0.144543499030211 -0.219774533722829
-0.00699679311982133 0.0129508658789323 -0.16884567235074 -0.408860399842425
0.00252196836210063 0.00700978042340804 -0.441148478416204 -0.0314855041230457
-0.00784059429178084 0.00604774141243742 -0.146731369638929 0.328617041434426
-0.00656080509149577 -0.00230794423531365 0.14600500015864 0.208307481686942
0.00590012341484957 0.0068474817990542 0.157645233052488 0.0154882721613063
0.00262907683678856 0.00793978989444472 0.0395926886902704 -0.0981986392739881
0.000143958693031663 0.00642486535494353 -0.0303773202525968 0.0595827221121875
-9.87496730677127E-06 0.0126073072102215 -0.102574083464129 -0.0229943059025776
-0.00452468604381263 -0.00865708098965473 -0.0897832687772967 -0.174867157537217
-0.00488312439273342 -0.0102204990858253 0.169699936165572 -0.246424074527583
0.00102829331231821 -0.0100584640390524 0.379365250401942 0.0676747665445343
0.00540464185926371 0.00520715684246151 0.151592525663942 0.399829457044705
-0.00850571173689814 0.00863821760592326 -0.16017021261702 0.274786215819057
-0.00738128777640239 -6.86075820028777E-05 0.00199821029897161 0.0464032592132441
-0.006103680214505 0.00168258370931429 0.146151894513161 -0.217743962306996
-0.00712866890401453 0.00843266520091529 -0.164576727005192 -0.409316383325235
1.39509570031681E-05 0.00554625624032892 -0.441948244286091 -0.034636518998118
-0.00748941689653639 0.00896633049012228 -0.150701973068587 0.328310188901048
-0.00357828603278877 0.00210937249042496 0.144446818194645 0.207836202428674
0.00873772853323204 0.00817312213544923 0.159289844046789 0.0166993158978001
0.00608663683701821 0.00709698227956981 0.0393144030883856 -0.0974765527788218
0.00244711696035284 0.00266529951501308 -0.0348689395491042 0.0662421917823952
-0.0109929008523508 0.00697821878198606 -0.116419861155335 -0.0147651556201033
-0.0132274680597742 -0.00725732539538802 -0.113892232112618 -0.163325816116271
-0.000759981726547509 -0.011529240411471 0.140003976035244 -0.272266092731107
0.00403030383735341 -0.0134969241015111 0.38284425131719 -0.0041435850547848
0.00239597685891738 0.00445325748332322 0.195941596424039 0.350080818406965
-0.0151625808120241 0.0076997658487878 -0.131000342018977 0.266350854671594
-0.0133457650061923 -0.00266815850180986 0.00776385902060944 0.0400650590492439
-0.013999631868279 -0.00118354676818535 0.173902437498365 -0.215769621606266
-0.0125929126982428 0.00727487160994912 -0.107033040168335 -0.451360075093897
0.00550403354298296 0.00221747139571397 -0.430888532239073 -0.116352156703449
-0.00170991978064987 0.00579846094067895 -0.188044868556975 0.293081289618877
-0.0128220272182657 0.00271893725122823 0.116362184579078 0.2196054436974
-0.00473457770689527 0.0011667887670682 0.147000666405457 0.0303198440820482
0.00823878068642234 0.00283587502174088 0.0390611787925369 -0.090335228696616
-0.000238522380605748 0.00400474108627696 -0.0330983612039583 0.0648572775839127
-0.0116951028621185 0.00650615195676161 -0.115635474730477 -0.0172434345880547
-0.0140236135496975 -0.0122045722556144 -0.109848965273636 -0.163998450163095
-0.00179647886177753 -0.0141487051418703 0.148726153352159 -0.266337235597158
0.00566311509686077 -0.0112031942900645 0.383262773381189 0.00858520498748548
0.00266486821902672 0.00877488486242208 0.185286091081072 0.356976679224265
-0.0157022796587013 0.00994355438311089 -0.137217338949263 0.266245418091918
-0.0135714713237328 -0.000869585332423794 0.00627042413180669 0.0400492502572497
-0.0143367206575104 0.00146481662582122 0.168011363811918 -0.217608227434177
-0.011643447153163 0.0120699973979091 -0.119132545427088 -0.44585968276688
0.00726530676178105 0.00444843342232429 -0.433488846656942 -0.102708681460693
-0.00259261324772361 0.00244609604164972 -0.179179024244041 0.298772698927027
-0.0131594333753131 -0.00292239405529325 0.121329822155223 0.218879728860544
-0.0053157877861682 0.00039713631452493 0.146847714724594 0.0270873620746173
0.00508803386694926 0.00461003846445679 0.0396270383750792 -0.0924376956599775
-0.00232330380144279 0.0048511538684562 -0.0320375298909562 0.0630863662073668
-0.0107043238546543 0.00634749990888685 -0.114086952807285 -0.0203081373285814
-0.013793443500987 -0.0162261346911144 -0.105236667513831 -0.165641425128794
-0.00245364765906136 -0.0168025850045578 0.156764302949711 -0.26067020335856
0.00635299806283209 -0.00898915372563139 0.384274193025538 0.0237364209929045
0.00315683729900962 0.0121628162087944 0.175442154101303 0.366822478634893
-0.015555781429806 0.0117157432276489 -0.146119839887993 0.26577526513339
-0.0134041994440183 0.000805282091413276 0.00478982422426197 0.0407242292602956
-0.0141482023848114 0.00386272307548421 0.161974214697355 -0.218902593840868
-0.0105880082560085 0.0155495952603278 -0.133921723794139 -0.438829754101464
0.00813791803770666 0.00638137383419258 -0.434126320650477 -0.0857324832395031
-0.00410037359916915 0.000876987479180694 -0.170749899743778 0.306563849301528
-0.0136038666059651 -0.00676225369307829 0.127305844101957 0.216544220354227
-0.00498903806397238 0.00072989589363026 0.148405372939838 0.0245064133956817
0.00224144763960941 0.00653658043000179 0.0407791186929137 -0.0947967101868472
-0.00412414485359235 0.00610969513229809 -0.0305969653198864 0.0618314022933396
-0.0091846022205507 0.006345471950877 -0.111849968196712 -0.0227121237483967
-0.012577421038674 -0.0182123500604968 -0.0997167226512325 -0.167707142293453
-0.00298910764669786 -0.0176377209938912 0.164264237825229 -0.253333283959599
0.00631996755463752 -0.00788064353205998 0.382810863017578 0.0403653350726646
0.0038344498935438 0.0139955236335563 0.163303443431784 0.378138428139714
-0.01516823253854 0.0127779347160474 -0.153051054045279 0.266391983636209
-0.0125175519509276 0.00178813544613551 0.00297307020600926 0.0421443682354807
-0.0133405071163067 0.00534955356440339 0.155472055257871 -0.218828358110416
-0.00919218429079247 0.0176537063078327 -0.144786828379768 -0.428068990817329
0.00803216157822259 0.00704350373702836 -0.435722719486083 -0.0706354985660438
-0.00559603607613317 0.000230762627950527 -0.161044007055763 0.31464992614621
-0.0130644720256255 -0.00839120601131902 0.133592856727383 0.214732972013495
-0.00290913292564671 0.00137198620210453 0.150293680209767 0.0212459108418519
0.000673384134453671 0.00798924457438862 0.0415936236325145 -0.0959778172903169
-0.00463878124541177 0.00652426090003393 -0.0302362663453463 0.0607519515331993
-0.0067478092713864 0.00767254937322082 -0.108642099972206 -0.0246007890087666
-0.0101321873334964 -0.0188235766299698 -0.0942943217480132 -0.16990544910844
-0.00351948820195875 -0.0172950760754969 0.171054263248047 -0.247665143526768
0.00604555175710578 -0.00688544506296328 0.381594301959579 0.0558508283132051
0.00414749616543337 0.0140930833908364 0.153045481516108 0.388063337391841
-0.013761248051266 0.0131707378944391 -0.159627169267418 0.266872183088409
-0.0114088322867257 0.00204355120411601 0.00172144892554915 0.043552195961574
-0.0115850116439614 0.00576185921019887 0.149975809387753 -0.21842176348687
-0.00801803640557821 0.0177693599826255 -0.155847904576053 -0.419686872132297
0.00696796222852869 0.0083662607144683 -0.436947425230845 -0.0535433441958056
-0.00713338162529567 0.00108814911479531 -0.154436385659834 0.320877410676041
-0.0113276342659425 -0.00791334985598365 0.138899071009888 0.212003305105708
-0.00050491388669538 0.00320509712982371 0.1529717833486 0.019686105684412
0.00013715816720361 0.00874294518437857 0.0418261288908654 -0.0972821847612214
-0.00381675793839738 0.00680681958560041 -0.0300939711535583 0.0593987342865174
-0.0041654462985949 0.00929940372741921 -0.105981572714126 -0.0252543495664166
-0.00845431506182414 -0.0169282686405538 -0.0899755377313446 -0.172446433386818
-0.00425160465406155 -0.0159040414964885 0.174457319412213 -0.242689033898556
0.0046686850350854 -0.00707831911807191 0.3787400362414 0.0678673854111811
0.00426469373118741 0.012728092274126 0.145613086715507 0.394202906710462
-0.0121180510857986 0.012188655759982 -0.163855322410812 0.267499270135308
-0.0101688621211296 0.00197197420539508 0.000897683578102415 0.0444566046168066
-0.00918748334087697 0.00496998615134097 0.147451294527923 -0.21730177791045
-0.00734464275550875 0.0161618899176809 -0.161641946806981 -0.412010021791376
0.00434449900604271 0.00782429996174201 -0.438249872708028 -0.0424293819614392
-0.00773850163948689 0.00339799336352461 -0.149940446762266 0.323695207059379
-0.00890014519365977 -0.00613473390605957 0.14168678586281 0.210600096332363
0.00256667456403129 0.00475190994206989 0.155248922818817 0.0176547712195661
0.000764855256482609 0.0086381506939711 0.041370287257355 -0.0977742837923388
-0.00236143049828253 0.00676615495803419 -0.0306059897281217 0.0591643804513338
-0.00193204191348935 0.0103979172351949 -0.103598576078714 -0.0247221187484533
-0.00649102135178111 -0.0131343072904573 -0.0875127804611034 -0.173831855763817
-0.00443982180882469 -0.013343303877118 0.174646515384039 -0.242357458302708
0.00281128138126851 -0.00788455998846605 0.377967367072304 0.071441390959709
0.00488425873716159 0.00958522130994617 0.143318414970239 0.399359855923501
-0.01024564385251 0.0108103883795716 -0.163985869175438 0.270170361774182
-0.00882256778007359 0.00141891762694357 0.000871512403637663 0.0454807727839028
-0.00778584365984148 0.00363695258994351 0.145867536623126 -0.216615573240535
-0.00693830344060028 0.0129710364906311 -0.163191715067206 -0.409257473471433
0.00271540187562155 0.00692795824672798 -0.439481410760282 -0.0364218184504067
-0.0082801552098945 0.00532217288021714 -0.148342874704429 0.325870265101569
-0.0063155296547332 -0.00233937801725912 0.143697279473667 0.207713604700393
0.00577877795143555 0.00689854866775313 0.156787525289555 0.0171212600271233
0.00299682830473298 0.00819506350091765 0.0408758585025661 -0.0979873005293463
0.000318824117613066 0.0061793969038444 -0.0315867939651309 0.0594405527506489
0.000323712700199082 0.0123511451067611 -0.102218400352954 -0.0238217787753404
-0.00452414569941145 -0.00861354605807565 -0.0871865922777388 -0.174985890232471
-0.004632449660839 -0.0104399284288167 0.170667595687767 -0.244200188204099
0.00125213897226003 -0.0102810517155778 0.376490236743667 0.071051595719772
0.0053450613190078 0.00527224826837012 0.146667783946604 0.401021387794624
-0.00841836439664046 0.00892697340665649 -0.161245688577647 0.271702756932914
-0.00712933312638669 -4.98326775716596E-05 0.0011169725015066 0.046369177992209
-0.00574246082153879 0.00153226030342494 0.147823447192101 -0.214556034933786
-0.00727368435630481 0.00855101329844328 -0.160164287494604 -0.407967730950106
0.000488797687691215 0.00549806571910166 -0.440006307489178 -0.0382077756670896
-0.00760754224149142 0.00889678736418693 -0.153125841204138 0.324529384018689
-0.00392570245427864 0.00257940721603715 0.14240237010318 0.20864747279411
0.00856436128803426 0.00882464455263148 0.158759247329771 0.0181693125010857
0.0054975838957326 0.00664188639654259 0.040665028030132 -0.096178749200033
0.00268552014380946 0.00252414706743694 -0.0360832650717195 0.0656222824847353
-0.0109400194593596 0.00661801127001096 -0.116118200119586 -0.0155077245548989
-0.0133314288635336 -0.00776769239394764 -0.112045287022721 -0.163985304559482
-0.000525386338088729 -0.0116292927494235 0.141808024542912 -0.270598857851467
0.00409268813445042 -0.0134509625353579 0.381259887695762 -0.0011803012485635
0.00216490830651088 0.00463237853968042 0.191692102607387 0.35087236243631
-0.0146153218961347 0.00707508333437422 -0.133575119305456 0.264410649522193
-0.0127045325593747 -0.00247579691008438 0.00690224317086882 0.0401191688216328
-0.0134264845365672 -0.00110838033370255 0.175873261085757 -0.212815413164929
-0.0126227015590498 0.00732061518598083 -0.102940528364959 -0.449804519153861
0.00561852020855979 0.00235956895825896 -0.42962846252171 -0.119607860428825
-0.00146265822742898 0.00561619854768785 -0.190283184020805 0.290319203275458
-0.0125536948989285 0.00243075448911374 0.114438432822745 0.220466667437944
-0.00496800448201108 0.00065861864283774 0.146450876459082 0.0314004484437918
0.00824729696450187 0.00278470549592625 0.0401284262618939 -0.0902308631046995
-0.000153608451636451 0.00345734787331474 -0.0342757000326828 0.0640533226274348
-0.0114386220044356 0.00619119444958986 -0.115371193385738 -0.018148556475122
-0.0138694989876724 -0.0121727778545675 -0.107899337536571 -0.164492873444767
-0.00129980829434259 -0.0142865479320456 0.150119353312811 -0.265677990167294
0.00565733317852732 -0.0111734593098121 0.381891647625074 0.0124672619277069
0.00238058768123672 0.00838774156530338 0.18148744486272 0.358532998820992
-0.0156302962679017 0.00955365220982569 -0.139988191451255 0.262623978670796
-0.0134713227218803 -0.000903641245535304 0.00555462512490993 0.0402401469304051
-0.0139756998729693 0.00118238798878152 0.169464199213957 -0.214717541372541
-0.0121384010032833 0.0119120120048189 -0.114555397071527 -0.445204946029427
0.00731707354549501 0.00441116236331584 -0.431747104958883 -0.106403256389173
-0.00272080152787828 0.0026680024350513 -0.181399861952124 0.296396748747256
-0.0139453013608725 -0.00234193972771156 0.118851338675247 0.218729027850492
-0.00551401588104692 0.000122419247623927 0.147210703025146 0.0289245552241744
0.00504539669853057 0.00448515839159596 0.0408409635911566 -0.0921535350756777
-0.0023413760741897 0.00459693167096287 -0.0332057523572255 0.0629313654768812
-0.01110452404535 0.00599168898304306 -0.113786020049643 -0.0208653158473551
-0.0136889586004711 -0.0160804638581032 -0.103281422247815 -0.166416379709612
-0.00193741908127787 -0.0163882355369534 0.159133685138985 -0.258303192674149
0.00629156379868694 -0.00911963272227381 0.382810861909185 0.0283000327386553
0.00292243750712416 0.0121284606371995 0.171418344947071 0.367638630924147
-0.0154767456608179 0.011624375369709 -0.147728543545907 0.263034835977485
-0.0131471075644614 0.000816242179391527 0.00395046251980538 0.0408911420828873
-0.0139378158144989 0.00352653438485419 0.16336371110066 -0.215510685649128
-0.0109713393245334 0.0153529827477829 -0.127641701015153 -0.437794041834846
0.00783881239830305 0.00639283096265646 -0.43141661958714 -0.0908599078460098
-0.00409430217178746 0.000882565838640688 -0.172753018455545 0.304735042985048
-0.0135923027236369 -0.00668579367361051 0.125012923815896 0.217367705444047
-0.00517558307632481 0.000396394492885722 0.148565601994907 0.0252394045865983
0.00253864490433907 0.00654466123001144 0.0418438370087564 -0.0940396594049507
-0.00428309545728655 0.00550878913651327 -0.0319746010166413 0.0618153552166836
-0.0093765917414969 0.00641904197945859 -0.110867933886488 -0.0234291728139072
-0.0125786913675979 -0.018636463049771 -0.0972337116542262 -0.16820012054711
-0.00268299464947456 -0.0177707448309947 0.166323001734064 -0.252286087297165
0.00631760784963227 -0.00721519979249197 0.381473444824636 0.0440064088279214
0.0034350304182679 0.014021434417207 0.159586167169067 0.377921976087202
-0.0150672153756905 0.0130708881181591 -0.1551816293487 0.263457842602655
-0.0121241768425928 0.00185067290968876 0.00281036625756854 0.0417540818325304
-0.0130836252835347 0.00523049677303938 0.156576977463696 -0.215952077268468
-0.00931538919077781 0.0174788710200191 -0.141081782764633 -0.428623620188503
0.0076166653722007 0.00737698317622413 -0.433311014076141 -0.0729004198834216
-0.00586038213737915 0.000423235870477474 -0.162909926319919 0.312365063604948
-0.0129416341873449 -0.00846868523761816 0.131039796690723 0.214903719735625
-0.00340137661387722 0.00154625448692091 0.150484567626578 0.0225984259173223
0.000648313534295451 0.00759918583186635 0.0425770615137001 -0.0953864341837291
-0.00464825226257894 0.00646616345436811 -0.0308641378234683 0.0604719352683398
-0.00664286636284684 0.00724270718663096 -0.107954322194753 -0.025401442667824
-0.0104161208386432 -0.0187865455444509 -0.0918139387477071 -0.170874318150136
-0.00339343583217415 -0.0173398205479313 0.17292746160536 -0.245929720100664
0.00591957208272129 -0.00681025832730248 0.379210937954021 0.0600213622287605
0.00371572562723529 0.0141357681734522 0.147501595740993 0.387915290117169
-0.0137026228813615 0.0130181373220814 -0.161488243684398 0.264237411967315
-0.0112069069011309 0.00209423336700711 0.000968654655391001 0.0433275731029827
-0.0117898395664294 0.00583843524545898 0.151975240847839 -0.215639035073548
-0.00813938026404172 0.0179642211724352 -0.151111006134104 -0.419203219997834
0.00642107690254467 0.00793707484767343 -0.435796106268666 -0.0582823776910487
-0.00729366243704347 0.000824260964213718 -0.156324242535364 0.318238633178818
-0.0113370394702987 -0.00812598688309421 0.135858137354925 0.212327038177799
-0.000512000718581086 0.0026765042288432 0.152747531047478 0.0209162818764631
3.50744294497305E-05 0.00862147219224274 0.0429214503770964 -0.0969932230252995
-0.00391288014639594 0.00662851629020674 -0.0314186077514569 0.059413013174804
-0.00467679567063288 0.00850654666609278 -0.105559560996366 -0.0258452845114434
-0.00839319327874735 -0.0170880195876441 -0.0874299871788373 -0.173463416023321
-0.00395174228009835 -0.0157355658698384 0.176218554739261 -0.241230797252521
0.00474032691081936 -0.00670935929109114 0.377004729010104 0.0700892653864852
0.00414343629600623 0.0125211389137204 0.141453232724296 0.395441603726793
-0.0122232464387001 0.0119753221153801 -0.16618643705165 0.265290113191389
-0.0099399700535283 0.00202046835897317 0.000355488563775598 0.044133930171681
-0.00935694268754484 0.00553878435627679 0.149009255866187 -0.214243140891374
-0.00793568769659564 0.0162883803906983 -0.156755239202452 -0.412829693108132
0.00420595307747953 0.0076852269359483 -0.435333220381972 -0.0464917982664877
-0.00770395870899153 0.00287180643831951 -0.152054784144 0.321532095768891
-0.00924109801467858 -0.00600780144229032 0.139968846429472 0.210614630873178
0.00252565166877673 0.00499253402328372 0.155094931406686 0.0185862412075792
0.00106451484791847 0.00843594758309052 0.0424884755267452 -0.09695841191383
-0.00217162654690284 0.00649403010373418 -0.0313068980345416 0.058715146957658
-0.00149713708739326 0.0103968233457921 -0.102970859213811 -0.0254307233390444
-0.00647942921602952 -0.0135160521101577 -0.0856181660667097 -0.175047592422703
-0.00424852732962821 -0.0135906861352676 0.176085373829424 -0.240396003826813
0.00298495826966836 -0.00779911358280155 0.375289552934678 0.0749552348851414
0.00458837214002655 0.00946722691644884 0.140099032923698 0.398942511965756
-0.00992735706461916 0.010525922158273 -0.166163832286391 0.267235156727342
-0.00839102808075886 0.0010698401371305 0.000291303418469691 0.0455378135630225
-0.00736919496058329 0.00395061959367362 0.14778033723407 -0.213786903212082
-0.00730993463146055 0.0128406372392991 -0.159625848201592 -0.408874788038437
0.00225169939236298 0.00683955561592758 -0.438311343754058 -0.0397868445788637
-0.00759624054548518 0.0055343156920203 -0.15077675332462 0.32349028953081
-0.00655436734511427 -0.00196740301033338 0.141643563573691 0.209368272277851
0.0053138764812015 0.00647837446703136 0.157122461762284 0.0184623395065312
0.00228238533124907 0.00761712405984433 0.0419017899252952 -0.0965434818091805
0.000313265001281956 0.00555463433319675 -0.0327490158453247 0.0585367919311243
0.000701689568156024 0.0118534727878457 -0.101652413911611 -0.0245302783924573
-0.00479755869443713 -0.00856310630076157 -0.0858229290228811 -0.176052784067874
-0.0047026016051336 -0.0104189351676828 0.172941497800425 -0.242609752282559
0.00115683650788624 -0.0096866271839902 0.374391338630876 0.074216492526446
0.00480623059869831 0.00547038203492271 0.142023802857998 0.399587581215646
-0.00853004483721998 0.00875986780732028 -0.163636446573527 0.268781506626203
-0.00702359248843791 -0.000155060479831769 0.000675656081573377 0.046753008491665
-0.00561378168249316 0.00158032968987085 0.148942733558013 -0.211501329677284
-0.00768035923756906 0.00869273103559967 -0.156047339331054 -0.407875860790002
0.000280166212461463 0.00511533493009705 -0.438017041133251 -0.0445960530477056
-0.00768156033243947 0.00892670957944221 -0.155417501799365 0.322198205597802
-0.00349089064482488 0.00249344871180508 0.140778823839502 0.208768078701168
0.00829118383006381 0.00837058496547444 0.158751815898537 0.0195043361430044
0.00552435244622786 0.00658079477381876 0.0417214354141483 -0.0956754182212649
0.00291456362166414 0.00192642290136498 -0.0374953386584794 0.06543930824589
-0.010768438469774 0.00641478459993717 -0.116266729826683 -0.0160769594596442
-0.0129900195588181 -0.00776184732547304 -0.110009524024763 -0.165302586925127
-0.000273047880613936 -0.0118120030887305 0.1443097473893 -0.269772332280731
0.00420160478199755 -0.0133976770266649 0.380846270109474 0.00369932121794758
0.00180603276038266 0.00455198867987483 0.186959502981058 0.35149071368674
-0.014879783341559 0.0070038903370409 -0.135674782881598 0.261935036524803
-0.0127228309393095 -0.00253368243001473 0.00727259311279194 0.0406490526908195
-0.0135107686909046 -0.00121550881499302 0.177860604581965 -0.210025833171383
-0.0126440337409224 0.00718306454872763 -0.0993973561638615 -0.451565787593854
0.00534237889555106 0.00202022865028537 -0.427252970577469 -0.124242787549987
-0.00157165303766074 0.00552817102137263 -0.193197753971841 0.288117128632644
-0.0125710528645211 0.00259091176252863 0.112141988202467 0.220764388841085
-0.00458307657852832 0.000649412811835796 0.146363176834217 0.032467322625095
0.00815292583509209 0.00265354973429709 0.0415717879380406 -0.089887337436668
-0.000191232611262367 0.00315634907111273 -0.0359394668225408 0.0639832110841625
-0.0114507731571077 0.00556294301268284 -0.115098432915031 -0.0195081941914649
-0.0137307743757376 -0.0124095622811455 -0.106494314665955 -0.166272793251736
-0.00116238879804735 -0.0145691651549236 0.152969461956927 -0.263846949176217
0.00577863731439441 -0.0112140045452723 0.382352931285695 0.0157950575347572
0.00232480351002549 0.00897104565710226 0.178079592796905 0.359371655174326
-0.0152377300993559 0.00951966537308359 -0.142467430161966 0.261951264494416
-0.0131691436770098 -0.000440321922636227 0.00558104759341394 0.0404165035463159
-0.0145862017055252 0.0016052596873378 0.171968073255329 -0.211949943796492
-0.0125125807455806 0.01185896781824 -0.109348909139309 -0.445149475555172
0.00689319451375519 0.00439093419742493 -0.42925325421109 -0.110668632799249
-0.00248008866170206 0.00243908197634068 -0.184421566606437 0.29471348218363
-0.0135249059490251 -0.00256349621561661 0.117251561285114 0.219907903420501
-0.00525057469972972 9.56293116142395E-05 0.147154745233814 0.0298504980541911
0.00497715696013484 0.00386414840828291 0.04230029049793 -0.0917866073118047
-0.00271716134047533 0.00417344125233621 -0.0343163467818166 0.0628049169614746
-0.0104395528467445 0.00559121421751491 -0.113508243846792 -0.0215348637813865
-0.0132543290654209 -0.0163672391568151 -0.10151744693241 -0.167546899434492
-0.00227891366572965 -0.0167702825858157 0.161746388013596 -0.257486206721856
0.00631473075336938 -0.00905328562047086 0.382382410342643 0.0316380567832244
0.00236600121315457 0.0120446882191647 0.167274206717997 0.369212597106739
-0.0154478637069894 0.011305570419179 -0.150901030952236 0.261335751507042
-0.0132371581366526 0.00084288597852297 0.00410026765254802 0.0410604009142567
-0.0139922423252927 0.00355019201580066 0.165680516071378 -0.21361596845999
-0.0111514469048482 0.0156056994109941 -0.123129042049433 -0.438522116861657
0.00753832675968824 0.00599903817590284 -0.431172648392421 -0.094128895510148
-0.00403069936196599 0.000582843972487481 -0.175070034782864 0.302328627333589
-0.0135733281732378 -0.0060408289273687 0.12351653418013 0.217862848318218
-0.00462520082614915 0.000139929650204971 0.148412961840811 0.0270461497313144
0.00218428350690137 0.00589934796169964 0.043820205842057 -0.0931821451369145
-0.00406915174624847 0.00552150903758882 -0.0328582024360616 0.0612096423232132
-0.00930854210171745 0.00606622877266118 -0.110653464302862 -0.0240117649644831
-0.0123637945309487 -0.0182839513698376 -0.0955072896299056 -0.170014389938902
-0.00258028275431095 -0.0176479310664256 0.168239354637469 -0.250747627932349
0.00670742573430261 -0.00736450877701644 0.381060543646762 0.0475005548051103
0.00305282291036119 0.0138291219949247 0.154862178783319 0.379296247372724
-0.0147094244924274 0.012753274509137 -0.157579397254072 0.261595464197671
-0.0124212206632284 0.00190037759494712 0.0021378727508102 0.0419120537710258
-0.0131399729937346 0.00554738811269569 0.159089602549927 -0.214053498735978
-0.00964789786215309 0.0175475262002206 -0.135842488640989 -0.429730035741504
0.00761817218346116 0.0077411127724912 -0.434066623448589 -0.0779201689879474
-0.00565292447334027 0.000162806051049963 -0.165545836275656 0.310551957073666
-0.0127319148468496 -0.00803008050303986 0.129038833751256 0.215926843867655
-0.00295207163363559 0.000973333552531256 0.150656486512027 0.0241148322291708
0.000764427116013552 0.007205439568132 0.0437607080259856 -0.0949906390286299
-0.00462188140113701 0.00586604204009659 -0.032403917305081 0.0600029507764426
-0.00646173409676887 0.00691373189591736 -0.108043497544401 -0.026134429561459
-0.0102787710480705 -0.0191440917141171 -0.0898521387987377 -0.172541545503093
-0.00297487701464208 -0.0175817169603744 0.174725328707473 -0.244678457393648
0.00562121300172765 -0.00665157377777958 0.378804024511194 0.0633743179585166
0.00327459275203472 0.0141242283403184 0.14381584474363 0.389210565365538
-0.0133904954932764 0.012691698333948 -0.164246295881219 0.261309840700657
-0.0112221938320026 0.00198276185390939 0.00074600192634797 0.043188630103373
-0.0115720732604952 0.00578507101295533 0.153890214968106 -0.213106966378948
-0.00839049383272192 0.0177129792139416 -0.146928472527096 -0.420850616423293
0.00604812012478126 0.00773601162775442 -0.435397247234255 -0.0611901345940757
-0.0070382950574652 0.000593850559779461 -0.158387802712438 0.316594911147576
-0.011402117935609 -0.0081073142017562 0.134358684802533 0.213615425234166
-0.000335755589042516 0.00254836001848066 0.152668472130657 0.0220559389436564
-6.13840029968418E-05 0.00826555037620843 0.0445268583360954 -0.0965186305140359
-0.00412071137274406 0.0066551860433299 -0.0324712004849086 0.0588368595552287
-0.00411321449570573 0.00854381192688989 -0.104914483619315 -0.0267846470140681
-0.00820411035803744 -0.0172818528803982 -0.0856874411933796 -0.174585954614051
-0.00364263110983745 -0.0160203554254244 0.178695628974095 -0.240262569837285
0.00479990827124632 -0.00661701718798356 0.376195313692656 0.074606043071196
0.0040552902860079 0.0123148963227553 0.137104396445428 0.395800609765848
-0.0116243616034033 0.0118850467595655 -0.168310486402633 0.262596975900592
-0.00954461098936349 0.00172443049600371 0.000454878806932046 0.0444055806516397
-0.00912613653760163 0.00535361291601956 0.150976281775635 -0.212046137290965
-0.00762022689217574 0.0161741528471515 -0.153625421173163 -0.413673802238562
0.00413135384007789 0.00798521557709618 -0.436802055329667 -0.0497847802255733
-0.00773146466329781 0.00255229428647464 -0.15458258415603 0.320328713519259
-0.00880135877973417 -0.00611089549552927 0.137626007862382 0.211603676060252
0.00238983575930114 0.00471319214159805 0.155037713001397 0.0204953684957223
0.000943284803488272 0.00851354631517849 0.044476785940865 -0.096806243210533
-0.00243412357259798 0.00629754778986763 -0.032774379967832 0.0585331840862884
-0.00182943911099336 0.0100797976516066 -0.102871102830628 -0.0264190844402163
-0.00667655011304808 -0.01385074292187 -0.0840984541150484 -0.175612576769427
-0.00369759042935195 -0.0134877607787068 0.17771338157258 -0.23977240789385
0.00326067885549554 -0.0080913040440865 0.374709880953527 0.0787959731728754
0.0038193169435555 0.00951710025009826 0.134635651667343 0.399434328541542
-0.00960022624102902 0.0107159205434664 -0.168676915455382 0.264908596136458
-0.00831656594880016 0.0010840379946391 0.000271617224862541 0.0452263893490776
-0.00747252282227872 0.00386823505813491 0.149650161239275 -0.211696434608205
-0.00719187905548147 0.0133185141818461 -0.155404164570351 -0.408471783602135
0.00253483234860816 0.00676801776314867 -0.43695832209117 -0.0428565912331063
-0.00782515699060962 0.00549059538999237 -0.153642732934642 0.32185185337546
-0.00640887122910185 -0.00208171765791563 0.13982609108915 0.209704236975158
0.00548449775804839 0.00631055369511468 0.15759147979257 0.0196949361290536
0.00260789759472331 0.00781519747026478 0.0430175398675402 -0.0963383965784878
0.000227790470413461 0.00543027245642862 -0.0342779017585049 0.0586314468551369
0.000148345729795766 0.0115810318568047 -0.101665802312236 -0.0247684582716512
-0.00445076122015511 -0.00849490153672746 -0.083078915853214 -0.177088141141794
-0.00447668257569286 -0.0102505059566186 0.174985997240573 -0.241163390988874
0.00131177096007179 -0.0102789269512249 0.37339711304464 0.0785407717881814
0.00459360686201128 0.00547420883005862 0.137637814119953 0.401068542902847
-0.00770989429705546 0.00883626294077255 -0.165961069599182 0.266809157867756
-0.0068602742250853 -1.04933201274223E-05 0.000258808022940854 0.0466560534754179
-0.00564979213774157 0.00156433518334566 0.151027984050845 -0.209596352235326
-0.00733767596300143 0.00880692050797706 -0.151576910835366 -0.409391398187179
-0.000419239391482454 0.00500774685498434 -0.436789724288189 -0.046686397335485
-0.00742312580945946 0.00886717489646409 -0.157257447229763 0.321200409151358
-0.0036433932238025 0.00279159923736247 0.138549842541348 0.209579078622099
0.00837894865000011 0.00808281304543178 0.158598174164391 0.0206651120404408
0.00529064000679638 0.00651565409878165 0.0431312415130093 -0.0952974280743525
0.00290186476955972 0.00180962971400095 -0.0388519997897348 0.0647667174427184
-0.010608598858703 0.00645372705314284 -0.116520789218204 -0.017096981224416
-0.0132802616032095 -0.00755151357879657 -0.10789973895598 -0.167720353619204
-0.00024913130281325 -0.0118379268705066 0.147794326968364 -0.269297752919841
0.00412050750748861 -0.013124017511365 0.381169833969968 0.00737850716302532
0.00135441604955931 0.00415664328534234 0.183566476038317 0.354203728701323
-0.0141199111668444 0.00682413687104099 -0.138670718211821 0.260862722504817
-0.0122733173553011 -0.00274347384301991 0.00666584802728721 0.0402712738803765
-0.0133617022129826 -0.00148618047878335 0.179898826532865 -0.20807325978848
-0.0129847900492527 0.00693709506175627 -0.094178070694925 -0.452926402694852
0.00500281100720869 0.00217659639892497 -0.428029051493003 -0.128332901695897
-0.00106113357557255 0.00535599453493847 -0.195016537947141 0.287356067673713
-0.0129213793711198 0.00283290675159839 0.110266109166722 0.22203426392927
-0.00482745227216677 0.000419903735018691 0.147032215310832 0.0339734942792325
0.0081753182737713 0.002716707267245 0.0429813642080671 -0.0891564800018688
-0.00042986287906655 0.003102038959127 -0.0371527075799431 0.0636181019424924
-0.011245286350759 0.00573239049253993 -0.115669819839695 -0.0195911736739629
-0.0140044304228999 -0.0122594158843407 -0.104199133923556 -0.167922404985002
-0.00107774296336357 -0.0145766327554216 0.155641691569583 -0.263877409302039
0.00572703870078381 -0.0109436505514922 0.382489771429481 0.0193301353047446
0.00170819389809427 0.00860847486290019 0.174113407115256 0.36227956415598
-0.0149652331563478 0.00950594174622038 -0.145288750974448 0.260344209921674
-0.013188654620528 -0.000939436833070216 0.00507096811286241 0.0405597702342209
-0.0144083993241723 0.00160894695570676 0.174569222449176 -0.209571614283971
-0.0124190338758564 0.0123414019411805 -0.105429082138449 -0.447291426638868
0.0070472778668575 0.00428530965257741 -0.429246641141248 -0.114775657925465
-0.00202649865252 0.00232718685583353 -0.186894277727329 0.29310022243947
-0.0132582507274416 -0.00248492849118223 0.115573565388115 0.221102297151783
-0.00500525175599507 4.72525319013496E-05 0.147324991421637 0.031337466757125
0.00473398161387461 0.00409933577250694 0.0436508883370837 -0.0913037166772713
-0.00246162298553786 0.00455333502561065 -0.0353644418586143 0.0624471760023458
-0.01075627139894 0.00529696197142342 -0.113958369758756 -0.0228699872387076
-0.0133899925371031 -0.0166355763312454 -0.0997766600293882 -0.169780080382963
-0.00169951626589224 -0.0165296115319274 0.163931957984632 -0.256998192497317
0.00649109808359844 -0.0086196556768639 0.381914288538813 0.036571584772673
0.00249639062875847 0.0120993987967641 0.163832648746595 0.371116775739446
-0.0155384053826394 0.0114043136888307 -0.153431160588425 0.259838811495954
-0.012739680128289 0.000522757841047877 0.00321606966488513 0.041375988646554
-0.0139150865337829 0.00339418738357117 0.168427027933494 -0.21101508749742
-0.0110614348076829 0.0155190140766197 -0.120676636311194 -0.440312776767258
0.0076098726157616 0.00602944113797782 -0.432184517613348 -0.0989528748712471
-0.00369621264605477 0.000765787795902759 -0.178558871621925 0.301599300030934
-0.0137247920556735 -0.00628238757129361 0.121251903174917 0.21951902513356
-0.00471869222635859 0.00019103526082589 0.149316588772835 0.0283805684369606
0.00185746624028067 0.00611605389198118 0.0448968701096711 -0.0934841939036175
-0.00427979379913662 0.00527611224676622 -0.0342072522611242 0.0608211027256799
-0.00911408756402158 0.00604310731877621 -0.111487299121272 -0.02517847062517
-0.0122360449759637 -0.0186119376441405 -0.0939542501322955 -0.171702375832066
-0.00199419090555555 -0.0173805611690738 0.170841134975832 -0.250431908233967
0.00637056747812187 -0.00753175625431876 0.380924124876743 0.0519285544653922
0.00239412744035531 0.0140607093833312 0.15157422356992 0.379247495361486
-0.0146075289553912 0.0126557837806527 -0.160488080024743 0.260034479295013
-0.0125653861780749 0.00185643119846734 0.00192071438969983 0.0424064055368653
-0.0131421450976025 0.00533729290312301 0.162424553918933 -0.21163174369403
-0.00990410608399377 0.0183751126577582 -0.131077624929871 -0.430916846042756
0.00714693501399534 0.00749785310543971 -0.43278152071312 -0.0819302670862297
-0.00519307836870344 -5.19966453739109E-05 -0.168868807198815 0.309149661331004
-0.0129685933066178 -0.00821444875344822 0.127170132593691 0.217452251118776
-0.00308213769544513 0.0013238392922004 0.150685341944559 0.0252239779853475
1.091102303477E-05 0.00690251772065294 0.0452449134422303 -0.0946023006909265
-0.0046929021777815 0.00576300554074026 -0.0338859437462549 0.0597591049701302
-0.00702057619107978 0.00655599204941593 -0.108295718937121 -0.0267276609071016
-0.0102409972273425 -0.0189004465315698 -0.0880636663111883 -0.173803661901452
-0.00297071791983151 -0.0177387973296257 0.177509244377322 -0.244716575555228
0.00597445692207382 -0.00674394241200283 0.378267925331923 0.0671799440461075
0.00281581244694357 0.0144677337685602 0.140494010985442 0.390711323349665
-0.0132101659085299 0.0125654414287053 -0.167189936146599 0.260370318184798
-0.0109866834809337 0.00187455931739921 0.000411318470738783 0.0435141954221867
-0.0114480501164002 0.00621299126065051 0.15722362689954 -0.210734500664332
-0.00861689534788012 0.0183107087344698 -0.142973020226757 -0.423199296947179
0.00611813763711308 0.00762502685817671 -0.435721470045127 -0.066128494399664
-0.00717244354873088 0.000394762323101306 -0.161889612768171 0.315659086108101
-0.0109888449939034 -0.00822454147967817 0.132802285509679 0.215243913499382
-0.000432194743608809 0.00266877513669112 0.153372039227167 0.0235022800288558
-0.000345569162708343 0.00797241625649766 0.0458219656011008 -0.0961628253306627
-0.00420203002244708 0.00627294871781223 -0.0334846193026148 0.0590179926161011
-0.00411905526314717 0.00865699115507232 -0.10487307003079 -0.0278792614336404
-0.00823774409117156 -0.017564655677593 -0.0839463671615845 -0.176107543955166
-0.00361285706443657 -0.0162879350132053 0.181176163160284 -0.239322988027965
0.00483068294613819 -0.0065831983557645 0.376810223775488 0.0787807161528501
0.00336348571784231 0.0126339962029322 0.132299449025476 0.398300913582847
-0.0116362223948542 0.011677088266476 -0.171183387848203 0.261430146085407
-0.00942061517538889 0.00141664796805401 -9.54270803225448E-05 0.0448344201814814
-0.0094849030501929 0.0050608052704676 0.15375204324813 -0.210532819103538
-0.00765732729307282 0.0164859375158162 -0.148617223049581 -0.416186500787153
0.00423690355185004 0.00804775208384367 -0.437045866756281 -0.0541431268374179
-0.00788983660398499 0.00231630688576799 -0.157420246108991 0.319219372218753
-0.00916662068542012 -0.00556623217402259 0.136071760748363 0.213501088170702
0.00269280036701506 0.00478122793652385 0.155789963029349 0.0220763477446401
0.000693291137622028 0.00807481899565711 0.0457585135184968 -0.0968076262128972
-0.00232809897045025 0.00615360039021999 -0.0343725523159148 0.0583082575477782
-0.00155863407877239 0.0100427742029665 -0.103003739896467 -0.0268666621499238
-0.00633730466876719 -0.0134945395890597 -0.0817560272916773 -0.17797898603738
-0.00402737564682894 -0.0136372990288796 0.180844543509595 -0.238253155064924
0.00327369889441132 -0.00813345363734628 0.37482671190145 0.0829676733784158
0.00377478591332138 0.00957896655390288 0.130727388579065 0.402316520894008
-0.00987731013605985 0.0106929465570657 -0.171661110328782 0.263350296776888
-0.00795707733526483 0.0011607565984606 -0.000129925003135607 0.0458607959788017
-0.00753220673576311 0.00371815366708389 0.152839529827989 -0.209532305668655
-0.00728115851018566 0.0129413423850552 -0.152083271009394 -0.410803349922373
0.00200607625254465 0.00637265193879454 -0.437688773173408 -0.0485321639775017
-0.00753457784160729 0.00529947359007861 -0.156107185799387 0.32114972935285
-0.0066316192050725 -0.0019288215385212 0.138617370953986 0.211392949904901
0.0056604831979386 0.00646123972147498 0.158163513146047 0.0209834757309218
0.00218994509631539 0.00795301409462622 0.0448653595556168 -0.0959914411153569
3.56683594364364E-05 0.00576331933810573 -0.0351604015353004 0.0587727704244095
0.000374568353006507 0.011726892595381 -0.101557644919822 -0.0257973766820875
-0.00483929634672049 -0.00884538352841023 -0.0810015617739923 -0.179226244824095
-0.0041537587186922 -0.0106113843024424 0.177422983245055 -0.240774166940807
0.00119572753670547 -0.00968934946660707 0.373502529188559 0.0812599181077084
0.00427836783218719 0.0054708189521655 0.133023060995556 0.402616910879701
-0.0077889583362634 0.00848962123439155 -0.169533760151909 0.264847638391389
-0.00660516576549715 0.000325038296832015 -5.64040349058517E-05 0.0468229401565662
-0.00562553110280588 0.00152599135231422 0.154377016950679 -0.208028003486742
-0.00713338728440386 0.00848996078103107 -0.148406257206422 -0.412149470453194
-0.000447186572130436 0.00510232481809336 -0.438099921502115 -0.0518627310190543
-0.00733239118736342 0.00864777339123957 -0.160696367870506 0.31998985382091
-0.00344873385489795 0.00322538890341612 0.136672741771597 0.211870668121661
0.00837499749383171 0.00831319676761211 0.159118702916094 0.0221479777034972
0.00530408514631121 0.00635068142943072 0.0440977535824459 -0.0951149216870799
0.00283758455225689 0.00153434859637662 -0.0400521464855981 0.0653671063396874
-0.0104934168882888 0.00594218493093877 -0.116854971396853 -0.0182022245104912
-0.0134641529968922 -0.00825641354262763 -0.106679865006431 -0.169164824758409
0.000324736658265955 -0.0120780179349822 0.150247477772469 -0.269956124695066
0.00410332458000958 -0.0132044925445574 0.383215438473361 0.0108433547604246
0.00134662887734549 0.00440339886565738 0.181500618509383 0.356238626510767
-0.0143786646358274 0.00657165530304448 -0.141690239808338 0.2597155158867
-0.0119194016225502 -0.00224672752965701 0.00636081799287788 0.0405414440795564
-0.0134007124380554 -0.00154554383987163 0.182917667385878 -0.206409869216565
-0.0131569657750026 0.00690175743175022 -0.089352623328856 -0.455832429453007
0.00509052411996174 0.00239258080152493 -0.42830513398117 -0.131644841157674
-0.00137866393611092 0.00550104563578338 -0.198172364578078 0.286849924457838
-0.0127031146463314 0.00274053511083229 0.1090223164294 0.224527081655989
-0.00504363161113283 0.000419907203387743 0.147346558500021 0.0350734740731621
0.00814720055728961 0.00215840123482131 0.0450080646508191 -0.0894756444501866
-0.000315829730204731 0.00317377039909664 -0.0383893468987077 0.06373946190386
-0.0113492975977699 0.00521981055368802 -0.115918109223906 -0.0207362993659441
-0.0141070608695387 -0.0123585561722284 -0.102905007588263 -0.169701873745344
-0.000644043831736022 -0.0149537280776188 0.15824825081935 -0.264223570349306
0.00564590278669686 -0.0111819865479098 0.383676123652352 0.0234336899393061
0.00187929832699018 0.00841793310117014 0.171729671490658 0.365320911687702
-0.0148561029535389 0.00930310964527932 -0.147996608044072 0.258745972566006
-0.012739429029251 -0.00109532653748213 0.00509926772210671 0.0409413224057327
-0.0141081132748714 0.00117518900553281 0.17695470348579 -0.208009753659954
-0.0122536060732787 0.01186437264409 -0.102550074554337 -0.449931931506855
0.00675875256598046 0.00456289463560932 -0.430506005205346 -0.118308799336191
-0.00211749682135876 0.00211834451642936 -0.190881140608964 0.293336224768692
-0.0134648408990723 -0.0027390178826491 0.114514788539425 0.222888216875632
-0.00529164712491354 -0.000427223709532944 0.147886364514513 0.032980707091832
0.0043985220160919 0.00400612042641337 0.0458174241420502 -0.0916961247071785
-0.00280159004678756 0.00403512023428219 -0.0369690013444024 0.0625634818345217
-0.0107230525059807 0.00541893704481192 -0.114439561579994 -0.0233155858442128
-0.013553455662854 -0.0167240859328928 -0.0984452674259108 -0.172190565700617
-0.00153004019998922 -0.0166806989958076 0.16671941394041 -0.256685090200375
0.00639218372741063 -0.00881817528405705 0.383635419731365 0.0395747044792607
0.00217838639999259 0.0120757904734693 0.159363430418558 0.373289864580142
-0.0148708603055577 0.0112208736981718 -0.156137272248663 0.258616671761362
-0.0127442417360767 0.000510280979112671 0.00285468924647269 0.0418212988232923
-0.0145609330266026 0.00357613222588701 0.171108640423104 -0.209918083801056
-0.0117069240288034 0.0157932647786461 -0.115478540011916 -0.443076491039272
0.00768547267951912 0.00610501849552365 -0.432444471590835 -0.103283547652508
-0.00380921141883198 0.000869132338681222 -0.181058976735358 0.301250679244016
-0.0136414448405981 -0.00646515505209495 0.120435112270621 0.221598071889411
-0.00500709471827293 -0.000169360374300923 0.149998143245731 0.0298843228899094
0.00196198858462961 0.00575002661132915 0.0468229652291732 -0.0935537654156876
-0.00441254610124972 0.0049967083446063 -0.0354754657645955 0.0611973998512246
-0.00889696193189907 0.00553986500230957 -0.111263116407142 -0.0260921363200462
-0.0124702919498152 -0.0188418746429901 -0.09258785648285 -0.173929128014896
-0.00194818080917996 -0.0178527700682079 0.174671155162303 -0.250598847358413
0.00656424813753331 -0.00724384873400599 0.381845622182832 0.0555945603738596
0.00223350796429532 0.0140349680751162 0.147717760191536 0.384443440751079
-0.0145965596184634 0.0124385810205674 -0.164108041708524 0.259161253464142
-0.0122815195471558 0.00175509023781437 0.00116136792795202 0.0422159874727048
-0.0131432527168135 0.00530437243879342 0.164558561119469 -0.210944285280991
-0.00994821257752458 0.0181975512272292 -0.129082661031042 -0.433949476915741
0.00715530130429802 0.00801675684813801 -0.434286855251646 -0.0849933736591706
-0.00524879428821358 0.000222377415670551 -0.171644703912836 0.308714770150963
-0.0126831948099652 -0.00840964935750858 0.126411136389506 0.219476102479467
-0.00355817139765906 0.00102347699335672 0.151833031780623 0.0270622156323256
-8.36470494240725E-05 0.00670498194045082 0.0468865930539092 -0.0948396241520742
-0.00491638594601605 0.0059149095034604 -0.0345895209217748 0.059634689573754
-0.00713469730548058 0.00660444783138306 -0.108975268014993 -0.0275745655593695
-0.0104211065130769 -0.0192978775282079 -0.0863068872159502 -0.175946550665995
-0.00282435307044999 -0.0178725885774351 0.180505899597385 -0.243888760404946
0.00565937140425054 -0.0061063132621259 0.379815571018312 0.0709419568595037
0.00254779108480132 0.014400990873735 0.137014032634429 0.393775544098138
-0.0133008056369594 0.0124440491415914 -0.169855567483149 0.259568646412305
-0.0106957426180171 0.00206533157765042 0.000579621275044515 0.0437810111010215
-0.0113054277265794 0.00581367888098391 0.160233433632479 -0.209980963549234
-0.008800803944449 0.0177581077564949 -0.138617822591017 -0.425935246621166
0.00568388010167457 0.00772495268774305 -0.436857956814266 -0.0693742026996602
-0.00706310797273821 0.000925851977952603 -0.165822880424823 0.315770210849194
-0.0114120770391269 -0.00808125617747835 0.131484101658721 0.217283705005195
-0.000619022990420503 0.00258331387845176 0.154128883153602 0.0249563689411365
-0.000305810145470039 0.00771591023115233 0.0476508874674021 -0.0958855932209534
-0.00413425864387115 0.00593794102844501 -0.0348641865417376 0.0588253601458164
-0.00401895399050481 0.00802141489530282 -0.105746502983848 -0.0282354842442984
-0.00857709377193181 -0.0173076654414488 -0.0823557624616807 -0.177631541577363
-0.00321093429262524 -0.0165603875509142 0.183421151144695 -0.239529387785902
0.00502296002483295 -0.00695548138543132 0.376825841172292 0.0822103080233778
0.00326372251545727 0.0128697723463266 0.129681624686648 0.400802208151052
-0.011673965123023 0.011738464922997 -0.173840523251318 0.26058390591255
-0.00918043105129762 0.00164281987341016 -0.000418030369466042 0.0448200704593785
-0.0095322201147287 0.00516778175012639 0.157038305763152 -0.208983846551317
-0.00782616454083169 0.0163988938456906 -0.145794761458959 -0.418076353256193
0.00408945594608248 0.00763338478359074 -0.43885748966243 -0.0579247146923685
-0.00740581105765643 0.00257309025706868 -0.16159257915981 0.319186353663412
-0.00888509620448345 -0.00579707147568222 0.134987647107294 0.215530363892392
0.00268596550475855 0.00458591230851959 0.156842342922082 0.0233843511014069
0.000354741544348157 0.00803882420765474 0.0472964521724702 -0.0968867799432766
-0.0026081345014118 0.005841699891369 -0.0354337449947832 0.0584059333207351
-0.00132968486862632 0.00983827481934862 -0.103310319919497 -0.0277827140221205
-0.00644521641276873 -0.0138205482367611 -0.0801160508334489 -0.179923526479447
-0.00376749554440408 -0.0141363538458163 0.183027534011275 -0.238503149534311
0.00314380167804107 -0.0080877510415792 0.375794154619836 0.0867926457450569
0.00375433948529214 0.00970638914521707 0.127859413002189 0.404527304685933
-0.00933417469767472 0.0102800049130488 -0.174864525748357 0.261982089735787
-0.00780918534060706 0.00112287694608226 -0.00110850468419694 0.0458223251611553
-0.00713834031492842 0.00403282140656818 0.155530055396341 -0.208262540599853
-0.00765155143273116 0.0133255818683595 -0.14833232403765 -0.414558908508012
0.00181690775528743 0.00720842828371284 -0.440129745929508 -0.0523044757725229
-0.00764520835563101 0.00521550154860156 -0.15927684532864 0.320654954783127
-0.00647563293911215 -0.00204800525225817 0.137326776841284 0.213412327987859
0.0055371641566951 0.00640885379722561 0.158406418420651 0.0226714847829428
0.00219917992206051 0.00741585604676203 0.0464199252418531 -0.0963192932192203
7.45059091699621E-06 0.00555018072197744 -0.0365785619579317 0.0583914161560757
0.000359845361318423 0.011305172369061 -0.101734795098263 -0.026803512566176
-0.00478405638482402 -0.00886141536526055 -0.0795787873007165 -0.180963038868639
-0.00425608920613929 -0.0106919843569358 0.180674255666807 -0.240540804353716
0.00120353533984191 -0.00982290072384878 0.37497630443029 0.0852016386333136
0.00407493537977169 0.00552056091185115 0.130394696553569 0.404238292708498
-0.00742266710460712 0.00839527293915373 -0.172587801174303 0.263882182020222
-0.00672148753831318 6.65760044088245E-05 -0.000964537674361862 0.0472472304973705
-0.00540105690482195 0.00136258586082359 0.157014831815577 -0.206074227454944
-0.00731523738413621 0.00919420682258446 -0.145257473481185 -0.413983538104411
-0.000366154226119612 0.00528229406044372 -0.439596133849584 -0.0550161230488016
-0.00731438386911769 0.00863720584092406 -0.163867831514505 0.319369890977298
-0.00347633790374765 0.00300031668528629 0.135583058741661 0.213533665453762
0.00820818916065727 0.00853202853609593 0.160085726977729 0.0236881592557107
0.00494579523644913 0.006429163195242 0.0455913640547172 -0.0949257916162959
0.00274804891002678 0.00162874491524104 -0.0412094913684847 0.06515607821979
-0.0107207416308025 0.00598493445550036 -0.117604533563558 -0.0192074784656408
-0.0133805161620691 -0.00795069376578966 -0.106144002121438 -0.171881620757814
1.66155087594483E-05 -0.0121928051071094 0.153277378074881 -0.270914441406597
0.00439069868509055 -0.0134710548346072 0.385310028515959 0.014829068686304
0.00129303433394656 0.004273089740615 0.178731383051436 0.360205780856443
-0.0143914950808285 0.0067230592069693 -0.144702295169131 0.260323533821769
-0.0122815880305392 -0.00250924320835016 0.00630725886999821 0.0412565727623832
-0.013341120500061 -0.00136260268007312 0.18626844297058 -0.205626975221117
-0.0132746700959483 0.00700491017881287 -0.0867233687428488 -0.458993700550568
0.0053775054879516 0.00173902306477184 -0.430791229448735 -0.137366228948514
-0.00104468748331878 0.00570115384742948 -0.202304931552265 0.287173749165088
-0.0128366707932237 0.0024897344609265 0.108076411581393 0.226231263988571
-0.00511125207117054 3.79802333712919E-05 0.149003315808294 0.0366072909907757
0.00784336053596274 0.00239427689510784 0.0459640246639704 -0.0900587477424253
-0.000235681667080633 0.00293305651456309 -0.0399580490457834 0.0641768784003634
-0.0114405538842825 0.00529242191471601 -0.11665213234061 -0.0220625497744736
-0.0147742584633922 -0.0129928785954253 -0.102205989702964 -0.172183054761545
-0.000839597288018842 -0.0149513931410911 0.161900413079151 -0.26474479718317
0.00560248567372608 -0.0109904319280693 0.386638872586001 0.0274289053424278
0.00119961421869419 0.00867333387048917 0.170392608888643 0.368930256574318
-0.0151043510430019 0.00937424061802016 -0.152071232917837 0.259144383363501
-0.0128507753924041 -0.00087012004484056 0.00473880297963719 0.0415095993512857
-0.014438729783107 0.00147402454784486 0.180551588850229 -0.207460041154293
-0.013033312683859 0.0122776686655877 -0.0979106496736534 -0.454013286917772
0.00647972218079943 0.00423734700870861 -0.432841100689491 -0.123438039950151
-0.00213201953365899 0.00255670066739145 -0.194397245369845 0.293793979424501
-0.0137241230070558 -0.00236419187859462 0.113409788824941 0.225412719956275
-0.00531410329524125 -0.000170130074134768 0.149327272277876 0.0340818953913382
0.00455734908061069 0.00385434110740309 0.0467503293501681 -0.0921220209700712
-0.00260289570980723 0.00389834208065813 -0.0382758697508364 0.0626493422995318
-0.0104832836198942 0.00505659689647316 -0.114644957289124 -0.0245829122784619
-0.0138441722665436 -0.0167325341756932 -0.0973213219543634 -0.174102004264634
-0.00113146288129009 -0.0172552646073536 0.170309407529663 -0.257720842379743
0.00664987745646404 -0.00889403730566642 0.385904812106227 0.0434999085576635
0.00163427909363014 0.0123516750653679 0.158912176932743 0.377001472734746
-0.0154137343851799 0.0113622358581097 -0.160017792664833 0.259472685034185
-0.012809900509153 0.000563072605291772 0.00290084254160884 0.0416654809027818
-0.0143585825068594 0.00372363725301127 0.174000574589096 -0.208971572455556
-0.0113406874132665 0.0164693306732639 -0.11172598351333 -0.44683948103072
0.00705561411907295 0.00657964224805638 -0.43509218096297 -0.107121952754684
-0.00377257587377554 0.000565582447567261 -0.184743414173907 0.301799420521602
-0.0135962663678211 -0.00634660480504965 0.119520515659016 0.224419017777087
-0.00472616882616194 -0.00024749162239444 0.150896609236689 0.0313251626550534
0.00156841871878542 0.00563895290975652 0.0478579038785119 -0.0934417027476339
-0.00419056706121802 0.00481047048504005 -0.036851054850243 0.0611604511558662
-0.0086214813045321 0.00556441977398847 -0.111831023240341 -0.026616049782775
-0.0126467697676902 -0.019321467306378 -0.0911124894178594 -0.17580016324357
-0.00203442859906164 -0.0177926935499891 0.177327424916825 -0.251514223920474
0.00667158537652282 -0.0072772334283205 0.384389504903276 0.0593879833884205
0.00187260526813091 0.0142383208713553 0.145465121744573 0.387747219925081
-0.0147146221961295 0.0119484082520857 -0.167084955313365 0.258529948461965
-0.0119518513100362 0.00157047946786941 0.00143846662904113 0.0429848968325824
-0.013233752509447 0.00518748858348882 0.168074469109248 -0.209609653768957
-0.010594818053551 0.0181150653505368 -0.125168118830687 -0.437469976430974
0.00652858321818355 0.0076034351223948 -0.436691102613372 -0.0893476293242979
-0.00520876056537862 0.000103597373761985 -0.174833826844382 0.309818242484273
-0.0131809932230026 -0.00813900698823705 0.125491648777621 0.222209032913917
-0.00336090215305332 0.000759802828921873 0.153381920407131 0.027958077088073
3.69613262102787E-05 0.00689045763831306 0.048356617778656 -0.0955600963978471
-0.00494037602153761 0.00515978702676643 -0.0361776080074663 0.0599762040594026
-0.00651360454702735 0.00661962809070589 -0.109616909970531 -0.0283458704714769
-0.0103132754199558 -0.0195418817624588 -0.0855545435597291 -0.178287846952228
-0.00244231369632833 -0.017846912170817 0.184057639361969 -0.244570846067241
0.00591029217932822 -0.00613866866743573 0.381109323473527 0.0750090077777429
0.00196672785141363 0.0143040997188395 0.134828932475905 0.397902724567497
-0.0132114395365405 0.0123874336664509 -0.173530506960771 0.258768017079167
-0.0108526741165415 0.002074548671767 -0.000202990821999525 0.0438136046303562
-0.0112456179157459 0.00587006023761307 0.162420406438463 -0.209077152885607
-0.00908481276056887 0.018471108238175 -0.136985054185458 -0.430016417598787
0.00550963880721645 0.00817208957694561 -0.440128024171693 -0.0734779596562674
-0.00700429121314229 0.000265487272030457 -0.16893680504103 0.316510752471547
-0.0116601689149879 -0.00811434862906248 0.131158071800324 0.219670585797272
-0.000912971705258241 0.00265537454469614 0.1555551717418 0.0257775275504512
-0.000950237744738121 0.00792257176850137 0.0489749351519784 -0.0966534569305006
-0.00444630584750939 0.00561515887846433 -0.0366106702081887 0.0588671135615073
-0.00388097000842728 0.00857693641258336 -0.106332439054386 -0.02956312220013
-0.00873107921626822 -0.0178598272533597 -0.0811457510336658 -0.1801710883869
-0.00297093432180976 -0.0166423655428 0.187186530788635 -0.239961006840692
0.00441650396433409 -0.00665004717795086 0.378918475580762 0.0867065510219417
0.00254942500837165 0.0126807774555554 0.126373716128999 0.404735531413939
-0.011621542413704 0.0115943047397204 -0.177789399172669 0.260375914559627
-0.00927727770044328 0.001707851078407 -0.000947371501956902 0.0452807303633528
-0.00968890350468224 0.00508654797769897 0.16010884135673 -0.208071424384232
-0.0079276189036542 0.0168579392959714 -0.142780066084427 -0.423365439024386
0.00387059123970998 0.00749926259715285 -0.44086800352347 -0.0635449402315627
-0.00818160798410484 0.00242234172803677 -0.164314627287893 0.32085174339295
-0.0091852086848772 -0.00532673507556457 0.134592559051797 0.218002809466484
0.00224604276977516 0.00452379336695574 0.157713574740489 0.0243003682256126
0.000231637927764923 0.00751171809168928 0.0487527290670757 -0.0974909122761623
-0.00262248677428391 0.00544892286867516 -0.036825104925383 0.0587698587888122
-0.00135799440098509 0.0100878987823729 -0.103789509548251 -0.0285398211061527
-0.00680852120360063 -0.0138192742250577 -0.0792186847492233 -0.181767630524282
-0.00328910961812646 -0.0142245676513742 0.186726805998781 -0.240213957436279
0.00317703974368061 -0.00819985185914032 0.377602959872874 0.0909510935303347
0.00373117143124374 0.00950721314682456 0.124895639751965 0.408134102100655
-0.00972685264137724 0.0100748325129047 -0.177972887577849 0.261772999693316
-0.00769551601824891 0.000847090431277183 -0.000881554284242119 0.0463574877917539
-0.00771273413716011 0.00394857886450781 0.158404381914367 -0.207342192379783
-0.00788575972879155 0.0131175075373064 -0.145994917402246 -0.418699012386465
0.00153836742192288 0.00655123649263715 -0.441746368111208 -0.0567856024870908
-0.00757240972628225 0.00521331104054924 -0.163423269611845 0.321425636529187
-0.00613522440127831 -0.00220764335230689 0.136629882558426 0.215881548102487
0.00565874248639824 0.00642060773641899 0.160002222882385 0.0242106551087409
0.00181304710256953 0.00717683221449074 0.0479117419769234 -0.0964856114152996
-1.83220695343033E-05 0.00500889937960089 -0.0380570130455652 0.0589740813837053
0.00045916274868269 0.011582277063903 -0.102393295704842 -0.0271915828216912
-0.00471181888969892 -0.00874899232165097 -0.0785230062433503 -0.183251158755966
-0.00409575925901543 -0.0113533482327778 0.183623889883011 -0.241300857365431
0.00131245680048402 -0.00984431194822136 0.37642647129844 0.090579852327547
0.00374387024112223 0.00609755589322704 0.128584244756874 0.408726294139201
-0.00753631716337008 0.00839267005674761 -0.175933592124611 0.263653803391846
-0.0063608012876588 -9.87388184984648E-05 -0.000637967283476985 0.0471810512823431
-0.00485431286675508 0.00179006249369275 0.160390518789498 -0.205325400008118
-0.00775086812473614 0.00901677209755258 -0.141699919807753 -0.417943796041291
-0.000597651434356508 0.00543548745221094 -0.442142230756154 -0.0599303347538447
-0.00755386757424629 0.00838432915300423 -0.167952414987078 0.321055506779035
-0.00371956185099683 0.00293233211017513 0.135020288489566 0.216027521129253
0.0080866303286943 0.00801268764532407 0.161654482368857 0.0249620276190121
0.00459454009513405 0.0060640310452061 0.0475341181361709 -0.0958429096372831
0.0030627130536023 0.00169889646546044 -0.0432230069318113 0.0654365744995853
-0.0106810976129821 0.00555868603865286 -0.118325327297734 -0.0200662193934629
-0.0136417429577901 -0.00800184356915777 -0.105721968714805 -0.174443684193878
0.00034153901726862 -0.0124006557015475 0.156850473634229 -0.27298565761067
0.00420774921753984 -0.0134784001104672 0.388901005565958 0.0175032656939169
0.00103833752566949 0.00471941969685006 0.177945813585974 0.36505653830623
-0.0138270838949288 0.00686897870520913 -0.14745897866257 0.261095629967023
-0.0122767902559804 -0.00295147712784935 0.00582650368915056 0.0418787679150825
-0.0132126432112438 -0.00141549968667914 0.189438472017408 -0.205062972059474
-0.0130955173591278 0.00780659116331368 -0.0830357692705996 -0.462989624686983
0.00508002033813458 0.00212347621983551 -0.433213034458798 -0.141172848651071
-0.00127275246234738 0.00596519104673592 -0.206262665592424 0.287190529706985
-0.0131859570987058 0.00305036489782094 0.108004916556893 0.229734833451663
-0.00489900355742034 0.00010845962425195 0.150214143668474 0.0380903220734929
0.00770790779967497 0.00203174575627322 0.0475144868978034 -0.0904084214725216
-2.15548401424786E-05 0.0021225045267738 -0.0414098389448444 0.0643713476661001
-0.0110630994920967 0.00490537934242724 -0.117805411960854 -0.0226036776281086
-0.014516991265685 -0.0133591237156619 -0.101539830327315 -0.175056908878247
-0.000192021328408998 -0.0154797384520819 0.164783857706013 -0.267360764811371
0.005824308608641 -0.01138362460532 0.38865397213738 0.0307085976675331
0.00120217286933542 0.00886221470409451 0.168370890658932 0.372297450745428
-0.0150340942352689 0.00898271286589875 -0.154964838885198 0.260282119296063
-0.0130418786401516 -0.00127449403823715 0.00454658137215496 0.041618164585566
-0.014237698923099 0.000993906154785881 0.184260282582367 -0.206777700524058
-0.0126851972771773 0.0122287911029908 -0.0958442824303283 -0.458180730735838
0.00650576745492409 0.00474813774414221 -0.435954665437716 -0.127562240117889
-0.00211284472475406 0.00265734949756839 -0.197548863751484 0.294498513744839
-0.0141272814451518 -0.00254366485045161 0.112441492813441 0.228174377513158
-0.00519876293913388 -0.000347916679988243 0.150920028857653 0.0354409382158772
0.00428841355478254 0.00367133259948093 0.0482581559800824 -0.0922593042033659
-0.00278778174074928 0.0036675118242747 -0.0399330212769509 0.0631966994116325
-0.0104816028488972 0.00510375514378742 -0.11577657723335 -0.0256150290090261
-0.0139049329949234 -0.0172296797225119 -0.0965519302026095 -0.176751811809687
-0.00100424812517321 -0.0174640936240396 0.173100773802295 -0.259749019639592
0.00640559188522881 -0.00903115116946195 0.389155176686609 0.0464925526629661
0.00107820503051983 0.0123037663768434 0.156316305516194 0.382536969944533
-0.0153545362705589 0.0111901794739511 -0.163322453351751 0.259864512861191
-0.0124737415458733 4.92012943188034E-05 0.00273425315398358 0.0423713316246633
-0.0141788902789809 0.00340778424281999 0.177009177212652 -0.208569419970706
-0.0118163605803027 0.0164508774497265 -0.109725355786354 -0.451535218609929
0.0070699293453862 0.00617941312329706 -0.438250911194983 -0.110566434172268
-0.00345237052916683 0.000573343219838561 -0.188694095787397 0.303749153850431
-0.0140567997651722 -0.00654221867631229 0.118552303743047 0.226785968032074
-0.00467418732103448 -0.000724110667194944 0.152333660256826 0.0328435197868877
0.00205018295768719 0.00535169835722907 0.0491406933203458 -0.0941912802701537
-0.0041789269454928 0.00476399928735319 -0.0378215476988053 0.0619659954565349
-0.0088179234897472 0.00507937046626009 -0.113337943849547 -0.0273131359961417
-0.0125627730599044 -0.0191273854472396 -0.0905733977822098 -0.178827610597985
-0.00151769023141571 -0.0184545861324413 0.180457290658671 -0.252836622954883
0.00679664376086506 -0.00733398630563577 0.387386789996952 0.0620722561895218
0.00135490288249975 0.0143777687681214 0.143066944211434 0.39125933983842
-0.0148364664612593 0.0121430338712759 -0.170323347382714 0.259665886756634
-0.0118826333467535 0.00145670370404942 0.000895107126367119 0.0431954004811709
-0.0129923024794455 0.0054744492143793 0.171457092042279 -0.209557965471962
-0.0102916166318516 0.0185994427898157 -0.123129275743495 -0.442528088947306
0.00704847162234195 0.0078972791588981 -0.440124715632284 -0.0936808074682678
-0.00543660938729233 -0.000197050400513262 -0.178376287542525 0.31132571063413
-0.0133032249508274 -0.00820838850347873 0.125224974988773 0.224577310571163
-0.00336230262545654 0.000751928121246906 0.154507474867985 0.0292565793131808
6.09334779543219E-05 0.0069621729131748 0.0498003848745979 -0.0959216318794445
-0.00472636446467453 0.00517675450340994 -0.0380100159663898 0.0602657661664636
-0.00667067266798055 0.00666540950511193 -0.110230271253536 -0.0294054850591412
-0.0107029585317852 -0.0196265231021186 -0.0846911998894959 -0.18070129276391
-0.00224146251520151 -0.0184395624612862 0.186789581624353 -0.246071714707331
0.00575222958644527 -0.00668733538807796 0.384741121889288 0.0786344360235807
0.00188113846964737 0.0143384191182293 0.132058171602363 0.402047977495951
-0.0131391529378401 0.0123358709518799 -0.176859576920248 0.260077208854547
-0.0105844213332095 0.00184455438412166 -4.82675095421971E-05 0.0443376966498047
-0.0114161978334978 0.00582482294663621 0.165502237789426 -0.209435702545734
-0.00962885462570494 0.0187258077195769 -0.133267567972826 -0.434633901445569
0.00561895110786363 0.00832171385607943 -0.442560780495724 -0.0765559718675149
-0.0068974866308879 0.000274087576295923 -0.171913450787991 0.31776301725026
-0.0116457094654694 -0.00776864980586931 0.13055692738668 0.222704906684176
-0.000341176483550026 0.00249764632389724 0.157360499985454 0.0272438383335724
-0.000470034267377036 0.00783112137174662 0.0507863627551597 -0.0971883766982193
-0.0045203603766915 0.00570784364318058 -0.0377960686400553 0.0595786847391082
-0.00406829822659751 0.00796322017554034 -0.107266783465604 -0.0302346112771953
-0.00848872380510708 -0.0180802261018255 -0.0802033158603655 -0.183270634834659
-0.00272454726225281 -0.016830974278962 0.190480019626841 -0.241309884919769
0.00481683126215596 -0.00670481809607021 0.38241202709438 0.0904528907250526
0.00245250172619001 0.0125640908643676 0.124826973045302 0.407204984201248
-0.0114387707226202 0.0114542467347245 -0.181008851884264 0.260329701546887
-0.00891269281528351 0.0018113613224828 -0.00139384665662058 0.0456966691002022
-0.0094572567361641 0.00573804286524668 0.163159649335123 -0.207935055409198
-0.00861846437399955 0.0173842488179348 -0.139258062949102 -0.428305449033258
0.00351286731054441 0.00763851827828703 -0.445202330269567 -0.0652134408133807
-0.00768877348948838 0.00234125061676516 -0.16798200475293 0.321948966911226
-0.00949219680014762 -0.00599906823123323 0.134101416163633 0.220450736809696
0.00238958611370875 0.00459693287564853 0.159499127367452 0.0257300728768687
-9.84596049938506E-05 0.00758190646381836 0.0505221905243726 -0.0974078417327656
-0.00256132901158475 0.00575751148819812 -0.0383088271169551 0.0594722052456468
-0.00148295786150895 0.00981232263840789 -0.104104068720658 -0.0292110839979263
-0.00677799538664869 -0.0140524303102474 -0.0780088701153621 -0.185140027728953
-0.00350553876349789 -0.014396378526347 0.189765756456522 -0.24051577797495
0.00304980071464468 -0.00803983989701912 0.380166573654311 0.0940249531492447
0.00298812862400619 0.00993483404438335 0.122642102864377 0.411492061800364
-0.00935389795866256 0.0102299031363791 -0.181745700843005 0.262656839703037
-0.00748443327633628 0.0012205342765194 -0.000914008962234019 0.0470911511639496
-0.00756668321748009 0.00362754194463079 0.160874100171943 -0.207348417451482
-0.00752960252548025 0.0136390968428379 -0.143641158875398 -0.4231548910086
0.00162515992295658 0.00679635861551406 -0.446564034391541 -0.0588663233730781
-0.00768236243614962 0.00513110084378206 -0.166635740044443 0.323533779571978
-0.00656353252291558 -0.00175544818078661 0.136495658962039 0.218977835561629
0.00540063755270288 0.00638433987187563 0.161861752355457 0.0251683440671037
0.00204341307557918 0.00720939670041393 0.0494216816981586 -0.0972630507161583
-0.000172409037408201 0.00488256871529959 -0.039026254786152 0.0593871617750154
0.000482814498428398 0.0113615427373613 -0.103280207915504 -0.0283663203593404
-0.00529355964975224 -0.00896419779292613 -0.0779081590606403 -0.186434876433019
-0.00388162406704003 -0.0115150468744374 0.186342550136636 -0.242961993961947
0.00114409886215549 -0.00972323309413499 0.378535619517029 0.0937891006767508
0.00306163085471729 0.00577292838601941 0.125220216111926 0.413032333171126
-0.00737712458663207 0.00809601334043366 -0.179318035953867 0.264561775618038
-0.00650365565532655 -0.00029596570748461 -0.00114155119433811 0.0480610170018547
-0.00537913148860557 0.00181763479401406 0.162870224646416 -0.205522611600247
-0.00781682598867198 0.00903082686207786 -0.14118287311862 -0.422362180616474
-0.000576431012542913 0.00532754318269434 -0.445910948773096 -0.0632569693808385
-0.0073841696768962 0.00874754641955116 -0.171201440027875 0.322829877298706
-0.00390187047032254 0.00306715601464004 0.134739688123179 0.218720133817287
0.00796641104632445 0.00793205195786817 0.163124548788332 0.0264955084690351
0.00446360767648359 0.00618171031237829 0.0491256165237825 -0.0962809184511788
0.0027497523557354 0.00137925314307624 -0.0443405319138558 0.066434794952753
-0.0107980012626952 0.00575674981187237 -0.119570977104561 -0.0204490240058193
-0.0140405490168875 -0.00795595219426811 -0.105348188828189 -0.177952057285231
0.000386473891017545 -0.0126210283590044 0.159455052078765 -0.27558168329562
0.00448856493099668 -0.0135824736358435 0.39279231795023 0.0199046429229595
0.000656502118891766 0.00435595748097433 0.177259149677814 0.370365015923294
-0.0143757237100744 0.00672425836212163 -0.151099211523065 0.262393728670909
-0.0122792974779274 -0.00306952951350971 0.00544196837980625 0.0422541237545705
-0.0132010203625384 -0.00151781477350918 0.192692527145502 -0.205425898824859
-0.0132109199593085 0.00778123492061794 -0.0822995200038135 -0.468738850756854
0.00471561512229105 0.00181715071253178 -0.438754573785642 -0.145571666630624
-0.00114040542625731 0.00578659952121491 -0.209666121207566 0.289544247058485
-0.0133584277162778 0.00283953980363574 0.10768355972466 0.232311698172748
-0.00491013497682582 0.000197108505870264 0.151890793873466 0.0397147183862929
0.00763267948294036 0.00208877731075724 0.0491458758650145 -0.0914786984900668
-0.000524492681018081 0.00241226201254518 -0.0426317357671105 0.0650284287247931
-0.0114174464824581 0.00510174636909415 -0.119200723141447 -0.0232703092423326
-0.0146657434342187 -0.0132874526540711 -0.101681806465517 -0.178363347238322
-0.000158987527935384 -0.0155106941062677 0.16850703359967 -0.269671842595872
0.00590394089455388 -0.011011145216339 0.393280103467228 0.0336299181264857
0.000698650938426463 0.00904317603168245 0.167336548238419 0.377226458508023
-0.0149046691800626 0.00884320134717063 -0.158126568327546 0.261322488962784
-0.0130137302916478 -0.00135869557715725 0.00436049877735283 0.0419884108332126
-0.014506842582717 0.00151920484863932 0.187627878426329 -0.207593791519883
-0.0130022755449098 0.0131135912477987 -0.0936463647251616 -0.463678761103412
0.00652931086839738 0.00439244662069981 -0.441012087959087 -0.131916429736216
-0.00201383386202977 0.00243318548866155 -0.200931212818498 0.296828229275667
-0.0137804649760805 -0.00275888919862632 0.112616369556226 0.230990371400076
-0.00604426811477925 -0.000692459877802715 0.152540662476999 0.0362836250316821
0.00494643929488029 0.00346386660134825 0.0499038315203926 -0.0930140628349685
-0.00327239745665769 0.00344316033381313 -0.0405106264539543 0.0640324673230974
-0.0105634760054901 0.00506715488964486 -0.116553022098091 -0.0260874136904182
-0.014093897108775 -0.0172758760808022 -0.0959517498432822 -0.180189260731909
-0.000813790485780688 -0.0174852227434103 0.176908740631699 -0.262217884465187
0.00643508457612432 -0.00897566176980189 0.39276046046835 0.0494803638207835
0.00131632647226255 0.012560208181345 0.1554471021459 0.386409405998913
-0.0153360356970458 0.0109408435383736 -0.166712755260378 0.260688882420516
-0.0124083129413641 3.73003142940895E-06 0.00249219099131018 0.0429221111469225
-0.0142799698843624 0.00384835390937236 0.181084971832299 -0.20934652743888
-0.0120330249244341 0.0162335344318067 -0.108131757975171 -0.457873492447349
0.00728137081269072 0.00627251243966116 -0.442273227863983 -0.115384293827449
-0.00348919031827885 0.000221922641320173 -0.19224321214452 0.305590621177509
-0.0142635365545284 -0.00700868663307742 0.119284674462552 0.230012368203228
-0.00494873117556384 -0.000460093056436575 0.154254515893731 0.0334615836853922
0.00135861519499917 0.0051634918278338 0.0506773268183168 -0.095068916078599
-0.00467912039799859 0.0044338655710119 -0.0390731543129187 0.0623062851361179
-0.00922859252091265 0.00530625482177708 -0.114096743579453 -0.027660453470439
-0.012468909925053 -0.0197497500455273 -0.0904021496674612 -0.181998047102606
-0.00154602150688028 -0.0190760806939141 0.183952360338577 -0.255117324606067
0.00659612274173407 -0.0073932015604543 0.391432169461101 0.0658298566604363
0.00123513669234056 0.0143249405106464 0.1436640002726 0.396446944416025
-0.0141886157642884 0.0120624059766744 -0.174009142447849 0.260963781691717
-0.0119992652692792 0.00109652388403551 0.000608105798375456 0.0438388081712295
-0.0133139508889717 0.0055896095941284 0.174297335214621 -0.210012867169616
-0.0104769234482116 0.018753572069237 -0.121686013818134 -0.448170927862633
0.00664419403539107 0.00772334053188305 -0.445458733314251 -0.0971039274259716
-0.00513652545660115 -0.000144954324543761 -0.181956330792876 0.313953360898294
-0.0130017128497919 -0.00827303433531787 0.125271731921113 0.227730146640344
-0.00336215803428671 0.000312412533066631 0.156982137156018 0.031252384017997
-0.000555309509274343 0.00666384817774766 0.0516518916141517 -0.0964765081092154
-0.00513564705677257 0.00502380432356179 -0.0387086131438451 0.0606084226883934
-0.00671703210276789 0.00628406423147306 -0.110915047230758 -0.0302215073949159
-0.0107407098625928 -0.0200943438294052 -0.0843162933650471 -0.183577476294953
-0.00204690111457827 -0.0186912833228174 0.190439208355795 -0.248194915762702
0.00591612576180074 -0.00652161672469375 0.387935497167468 0.0819750152742284
0.00173134866554587 0.0148935982537895 0.13099693597571 0.406873185546454
-0.0133339217286857 0.0123496697573559 -0.180225113498864 0.261635285430346
-0.010665512268394 0.00140539382430973 -0.000486692306842756 0.0449000286811391
-0.0115956329809454 0.00597325004248392 0.168571052506554 -0.20985989482624
-0.00951423293371238 0.019371063833317 -0.131559989833724 -0.439911267537938
0.00574316775374642 0.0079703167205729 -0.447588646191996 -0.081546856537367
-0.00696808233372207 0.000117078158964314 -0.175430108234113 0.320684758021145
-0.0113837062733575 -0.00804455124802464 0.130740129663982 0.225114082363611
-0.00117019384664923 0.00246788502117549 0.159350637901334 0.0287578988045219
-0.00100229912569478 0.00770450050218747 0.0522140187251753 -0.0980773228662486
-0.0045641742881335 0.00520857723114008 -0.0392407212822987 0.0602061018874564
-0.00415922925985734 0.00817173766155624 -0.10825730728528 -0.0307213520706794
-0.00845480765631882 -0.0181564054091538 -0.0794877148179294 -0.186023312167479
-0.0026474790296711 -0.0171500925258176 0.192987375109736 -0.24376783058643
0.00522318359021907 -0.00702958868576344 0.385115400744554 0.093439810210858
0.00218179139506746 0.0131838889868587 0.124626137014089 0.413022236698441
-0.0112257798756833 0.0114153756384318 -0.184515838248058 0.261687850456356
-0.00903129681166364 0.00121806246280768 -0.00129306866981378 0.0463565319273869
-0.00967714028249446 0.00510792117353571 0.16617904697655 -0.20894427952305
-0.00861602442251562 0.0171980460462484 -0.13982190135877 -0.432587511355298
0.00381871346738281 0.00784646346357864 -0.449248375908573 -0.0698253579540605
-0.00782407529359948 0.00213498190279204 -0.170661196195659 0.325028599491697
-0.00878342204769954 -0.0058463734731033 0.134441326398119 0.223722847245691
0.00230016189538939 0.00416276842216158 0.161650379103924 0.0270412383977164
-0.000301687918845426 0.00774116735348267 0.0514347470974651 -0.0988152770379279
-0.00292968011327175 0.00502646200762622 -0.0397159316338762 0.0596573787330719
-0.00130417747670897 0.00972537584086933 -0.106039065821022 -0.0306158375742151
-0.00704995358356926 -0.0144205129618409 -0.0775774603715505 -0.187745866026104
-0.00335692132305402 -0.0149536891995298 0.193786461599471 -0.243037902050213
0.0030502891690579 -0.00765397298849032 0.384243282638605 0.0985772038813362
0.00273584421739252 0.0102052299490418 0.121923048928687 0.417994823012537
-0.00924776947681955 0.00954656654707398 -0.185234216895895 0.263747883784565
-0.00731743169446117 0.00106831258817864 -0.00124911425372898 0.0476682396360304
-0.00725658017646209 0.00426951795262445 0.164380216423373 -0.208141760365865
-0.00783230195930966 0.0140705200249743 -0.14289745667598 -0.427453155355787
0.00175293309940435 0.0067327519176414 -0.451234853504191 -0.06252412906657
-0.00787415065155035 0.0052978436915351 -0.16953319281853 0.325770376285135
-0.00676079220569361 -0.0018446483586162 0.13742790542836 0.221723229879601
0.00524691065111853 0.00659920825080604 0.163595949151753 0.0261186309393452
0.00144998438855545 0.00723996919511418 0.0512051430720487 -0.0982296354168368
-0.000204035780304639 0.00477874649249482 -0.0405575325024809 0.0596871394603292
0.000356410487180866 0.0119066090177237 -0.10414531327905 -0.0292626341490504
-0.00579442921520618 -0.00918062824474313 -0.0773100667680056 -0.189228372634238
-0.00402234804297239 -0.0115898153129384 0.189963098391559 -0.244774655508149
0.00149551162261446 -0.00996968908211389 0.382153668597429 0.0963017268247849
0.00341202755640611 0.00600393364841346 0.124496096728766 0.418039887242642
-0.0074706709580198 0.00797781718375437 -0.182870924336462 0.265728099836121
-0.0061366256519726 -0.000223812082139944 -0.00104022309925977 0.0486023862034635
-0.0052589775577067 0.00134940233538016 0.166244547871155 -0.206129047092119
-0.00802750296461169 0.00934572874022378 -0.139174549205351 -0.427619304580059
-0.000999006493362167 0.00557730958805255 -0.450375595617197 -0.0657088954478882
-0.00718731325844823 0.00827164045370652 -0.174593929303906 0.325006837998478
-0.00417089365629646 0.00326593893977949 0.135639574685314 0.221955797903905
0.00817153072350173 0.00816822057025775 0.165195388807507 0.0275863289687756
0.00415865596451849 0.00591807828838702 0.0505963149482612 -0.0969213735989542
0.0025159762970246 0.00117240411334152 -0.0458989559083381 0.0675030982185802
-0.0105356618120187 0.00582987740858768 -0.121348762109201 -0.0212482272827144
-0.0145776748505781 -0.00877155640352268 -0.106428070423119 -0.181100907430912
0.00083512353893131 -0.01296500791593 0.162725706150229 -0.279150933628808
0.0044170451790672 -0.0139163052480582 0.397492199143084 0.0226606214723149
0.000535303667838847 0.00488745426674906 0.17717127897781 0.375588347415658
-0.0141437301515795 0.00645174498278595 -0.154080028400958 0.26471042880644
-0.0119592730045027 -0.00326730466726616 0.00548724131447895 0.042923072779041
-0.0132419368404346 -0.00140779373386972 0.197059728407156 -0.206988926006559
-0.0136555457859369 0.0078247925716974 -0.0809303899670176 -0.474940052499085
0.00481112294185274 0.00214579128465967 -0.442533440920752 -0.148933288042934
-0.00140955562925597 0.00567696209407014 -0.213340127718075 0.293206172999843
-0.013377879737438 0.00311574631141786 0.108494267556849 0.236091589265419
-0.00539177557407339 3.63487275170998E-05 0.154019421222772 0.0402068875056041
0.00736436746076525 0.00241420055326657 0.0506402282857862 -0.0923490007190071
-0.000479525614842589 0.00231203382913823 -0.0443888951189057 0.0659068437919119
-0.0116218685769336 0.00478801932124456 -0.120129710045489 -0.0237984391291895
-0.0151076075244672 -0.0131938808966943 -0.102068803610299 -0.181524351634826
-0.000213113890852599 -0.0161429112342496 0.171247261124227 -0.272796862091284
0.00581572430808179 -0.0115745652960315 0.398685127691261 0.0353173298684542
0.000303887164224905 0.00912922194847653 0.167382316030225 0.38296136468948
-0.0147445848303716 0.00898117878808808 -0.16064332352674 0.264160580128016
-0.0127774970738769 -0.00152746053492831 0.0045829197050434 0.0428496266518139
-0.0142571919883986 0.00151776459296729 0.191632219815916 -0.208973290783242
-0.0135884153244224 0.0129005137649077 -0.0934932000339356 -0.46957057801448
0.00640433124916616 0.00469084970059533 -0.44653059866205 -0.135419431913114
-0.00181584248742758 0.0028678905884852 -0.204680956584247 0.299963156193531
-0.0143340066359643 -0.00266423892031221 0.113371736008356 0.234883628855224
-0.00635362814664348 -0.000682957440357246 0.155390420913171 0.0379804317423811
0.00475893488950856 0.00352458577241117 0.0517502175612672 -0.0941074530127217
-0.002838158416861 0.00338312906645665 -0.04204980731058 0.0648114857105972
-0.0106194024419456 0.00464837308178664 -0.118468816576047 -0.0267922957784372
-0.0144767168374779 -0.0174521226787594 -0.0968565189738494 -0.183132718560152
-0.000580552485031894 -0.0180936482530238 0.180157742864943 -0.265641191357852
0.00666921723985055 -0.00901809305903069 0.398368923610196 0.0524125125050964
0.000770945760016732 0.0127820111729599 0.155660708226726 0.392713942770112
-0.0152562971465482 0.0110341114607237 -0.169675205017803 0.263068553302902
-0.0130142319066629 -6.59160610807326E-06 0.00238978641489586 0.0436525168056603
-0.0143414141000853 0.00377352514004684 0.184062731735039 -0.210327205256045
-0.0125593642401658 0.0164680813119932 -0.108417776621324 -0.46325613966537
0.00707921068810493 0.00640535598516886 -0.448986264714764 -0.11824095063901
-0.0033214249312653 0.000291570989059534 -0.195568445437909 0.308274780069194
-0.0145217447986825 -0.00700640201573925 0.120085514683911 0.233668904179923
-0.00519016315452592 -0.000492583981543572 0.156515906336792 0.0343499619946228
0.00154987210942624 0.00489837384619335 0.052290219604328 -0.0963779350526153
-0.0046265567092244 0.00406004883262438 -0.0410334913729411 0.0631880638664604
-0.00933118395004929 0.00541715954041833 -0.115505567610219 -0.0291371422772051
-0.012878268362233 -0.0197098951164387 -0.0903615906105059 -0.185027175513638
-0.00154369030814107 -0.0191738354368523 0.187547769837922 -0.258423702287673
0.00643095225742972 -0.00724652193839487 0.396266847778335 0.0686104981351009
0.00103076614772065 0.0149634963113625 0.142057872772583 0.402255044034459
-0.0143186827591562 0.0120000838519221 -0.178200698992266 0.263532704117925
-0.0112066058964347 0.00119921187433456 0.000770629402782104 0.0443454622174237
-0.0137947583420072 0.00582169496487429 0.178292920327761 -0.211042297956043
-0.0109166203678288 0.0188695643878026 -0.122437629991292 -0.454392865878986
0.00717310649168428 0.0081984951457623 -0.450932108046474 -0.099564318010845
-0.00534616109437244 -0.000263358985728946 -0.186002931301039 0.31693499170896
-0.0132786055994202 -0.0086958554393891 0.126209662210679 0.231710356004829
-0.00338136707546799 0.00049837630654821 0.159656287587872 0.0321774556006952
-0.00063374385262041 0.00671289812587854 0.0534889001191321 -0.0975662420317259
-0.00559457764164799 0.00506150834123947 -0.040217857987597 0.0619203778185445
-0.00636110570732764 0.00647888916683643 -0.11264125514987 -0.0312281477219211
-0.0110810630081028 -0.0205211531540141 -0.0841258826648966 -0.187780096600467
-0.00191826491006634 -0.0188732821888188 0.193540367928415 -0.25173277515651
0.00613698580231644 -0.00630153403679558 0.392895900034092 0.0845776873850585
0.00127964406968247 0.0148112330690125 0.130324839544452 0.411885708036341
-0.0127869335498637 0.0123909160690655 -0.18405442760579 0.263203888848164
-0.0103983263294811 0.00165363095721793 -0.000269809882309746 0.0456493702553379
-0.0112432666994011 0.00590903904615033 0.172311493648074 -0.21100753028829
-0.00936240448135272 0.0195314684975534 -0.133176022517374 -0.445279490529371
0.00544642586108781 0.00832521987111685 -0.454079924233457 -0.0834995737338909
-0.0068015332345656 0.000309006456661969 -0.17911663495914 0.324085899722632
-0.0117474906950739 -0.00760060689901705 0.131936318777228 0.229197954857003
-0.000635840407789852 0.00193093428278156 0.161631733744403 0.0291905403592171
-0.00127041025725815 0.00749947394119263 0.0532608452291323 -0.0991907168265569
-0.00488221467663692 0.00528916281101936 -0.0403673398137659 0.0606678784675347
-0.00414156263237282 0.00765957722468015 -0.109304012687285 -0.0315427646265658
-0.00870834861352644 -0.0184870746943686 -0.080082357614368 -0.189600518597016
-0.00262764996982575 -0.0173562307288706 0.196808747308321 -0.24658171344721
0.00467245605053652 -0.00698294183066967 0.390329208542105 0.0966389579729826
0.00187910787569067 0.0135349460043372 0.123664028267487 0.419721831778546
-0.0115302327146761 0.0112384861555885 -0.188635472958585 0.264073847364637
-0.00903659561067176 0.00176139459980285 -0.00167698545234281 0.0466547166979847
-0.00949270366578348 0.00552853321611551 0.169630833193076 -0.209702430176181
-0.00849755882786641 0.0177472984158156 -0.14056200158188 -0.439518062083981
0.00367129349374787 0.00798873385722392 -0.454893768295306 -0.0706334959729898
-0.00772733174296924 0.00195332596039459 -0.174439681821754 0.32801381349504
-0.00945520074707485 -0.00564617520771795 0.13578237712433 0.227334162850857
0.00252339474350324 0.00429981490447598 0.164088825086785 0.0278460955591677
-0.000281727353168615 0.00754720397018997 0.0537140235060797 -0.0995920600067018
-0.00302499919972969 0.00541625459284782 -0.0406504036564251 0.0605077911465907
-0.00153786886736343 0.00954242932839161 -0.106841335722302 -0.0306076901411162
-0.00718087088585456 -0.0142156369836663 -0.0781961079708762 -0.190612076134309
-0.00349074805679661 -0.0149337135098397 0.197188931922634 -0.245802432064708
0.00300916604664192 -0.00819573026152406 0.38866333368033 0.101374556918635
0.00242702614746348 0.0105251367132127 0.121215356467665 0.422986410209877
-0.0092042040051086 0.0100517707325141 -0.189540710057996 0.266976773329047
-0.00783760670650768 0.000722570764890876 -0.00152732927663183 0.0486472384499319
-0.00755883793884859 0.00407012722962792 0.167696419833373 -0.209568750260022
-0.00821062883583893 0.0141690654588542 -0.144072164172142 -0.433941216399488
0.00122038466891569 0.00695757373321501 -0.456065707836921 -0.0657520522269966
-0.00785894881178756 0.00530709970893067 -0.172366783310803 0.33062220889245
-0.00674709290804284 -0.00194738604253168 0.138303884773872 0.225123340966456
0.00521682850871714 0.00649277429031087 0.167141112125474 0.0274678619088065
0.00142198186513729 0.00713700105285763 0.0528714674387 -0.0992291131866114
-0.000505338932880095 0.00503878598602719 -0.0418707060182183 0.0606487939892468
0.00069811753603498 0.0115731633329624 -0.105444399025583 -0.0296158832334861
-0.00535646346287485 -0.00932526558393312 -0.0772700204535687 -0.192345082912575
-0.00369527697553773 -0.0121237532306592 0.193225329655351 -0.248282633107587
0.00145076341964451 -0.0102791362030421 0.387736554559297 0.0996500124555989
0.00291374972258912 0.00617491355513911 0.123098872137009 0.424824217049587
-0.00734312448836625 0.00815428916628356 -0.186552158352357 0.267545342105107
-0.00624114908308505 -0.000322736837313146 -0.00118994097602912 0.0490249322012094
-0.00502395421516902 0.00136816269019763 0.169436177393367 -0.207477734776425
-0.00759061904905714 0.00964841082941053 -0.139421957771269 -0.433083018360384
-0.000986840371999048 0.00547104068502294 -0.45638651071278 -0.0688999533683799
-0.00726886310222355 0.00847561347795688 -0.177517596950942 0.328625047150825
-0.00407266949578451 0.00347471909583337 0.137212828613567 0.224680410247022
0.0081901714859413 0.00852803952495635 0.167903994917501 0.0284514387081311
0.00468981154222522 0.00608472863012758 0.0522273855745269 -0.0979753075500106
0.00266544495971663 0.000947092578615665 -0.0471952197729832 0.0683827851605232
-0.0110678852560457 0.00563260112009502 -0.123221687407708 -0.0215675871563487
-0.014135574179132 -0.00848360379036626 -0.107094717846369 -0.184513109679112
0.000683877968445992 -0.012895009082133 0.165245956327397 -0.28292070151572
0.00423690508056495 -0.0139862965927055 0.402992665873523 0.0238980191470229
4.13008705102279E-05 0.00479307754324756 0.179620566415896 0.380647491299852
-0.0143065563095797 0.00617348780696243 -0.157416539076678 0.267702832089538
-0.0119870229851394 -0.00275207433077994 0.00592309299020865 0.0428227694559028
-0.0133556915242194 -0.00129086098427342 0.200421644078074 -0.208180522614052
-0.0139143252320529 0.00831649514376129 -0.0810420488280066 -0.482135509670517
0.00476807383653123 0.00181755208445655 -0.449822962469496 -0.151645887386174
-0.00104966224975488 0.0057002517391937 -0.21732542819063 0.296612756645637
-0.0137887840479949 0.00295601727618595 0.109642944875091 0.239850273367195
-0.00548564669030241 -3.753395853218E-05 0.156681286532533 0.0418539220170662
0.00814510685852844 0.00192648170531827 0.0520676339320898 -0.0938631152270994
-0.000812916606636209 0.0019986309835045 -0.0451789440160491 0.0673287741049167
-0.0114816459621958 0.00498681994200763 -0.122193046585475 -0.0245365007812092
-0.0153050758888496 -0.013271915456129 -0.103040524422809 -0.184809299580104
0.000107607845354126 -0.0162907997182524 0.173165560854893 -0.277698366056128
0.00601139456724154 -0.0112026162288579 0.404144342987196 0.0369834994029577
0.000227854303346009 0.00964129149918513 0.169411710495736 0.388953908209996
-0.0152336351592839 0.00860853893756812 -0.164963995066256 0.266955016731875
-0.0123432105193422 -0.00120642141191589 0.00434049543166675 0.0432256768333157
-0.0141569640091399 0.00157416312230897 0.194841875459188 -0.210252325363398
-0.0136840193189346 0.0129045487780708 -0.0927634487538933 -0.476649154031795
0.00632088520853101 0.00490897873896517 -0.451354162133917 -0.137767762063455
-0.00206481711261053 0.00232232129963249 -0.208369958701072 0.304342268294951
-0.0143752820834844 -0.0026515343907703 0.114519472705983 0.238945055974007
-0.00567951948334861 -0.000801748413682316 0.157719210530317 0.0379850559262743
0.00444496609275769 0.00342176569489858 0.0532986283544414 -0.0959812173093594
-0.00323259845952129 0.00337889352280844 -0.043775863825232 0.0658004668879817
-0.0107279061359632 0.00442297093690039 -0.12055736903739 -0.0270558402358665
-0.0149604466081662 -0.0177412390092269 -0.0974868531860135 -0.186453273045328
-0.000604842550057325 -0.0186586333204512 0.182712039557835 -0.269274243884868
0.00665327670185131 -0.00916452718092049 0.403517786820171 0.0545305023734689
0.000459755714017069 0.0131284490852833 0.156723135091304 0.397931014121759
-0.0152783892405324 0.011174176978503 -0.173076950375046 0.265455550214757
-0.0125746537787839 0.000484364011465565 0.00270234693793992 0.0440021906302133
-0.0147623192195849 0.00409620742301668 0.188047472819957 -0.21193845480001
-0.0121508620106484 0.0168829392405207 -0.109419402991491 -0.47008532028671
0.00738892920499908 0.00678985415725969 -0.456160033894988 -0.119505790139388
-0.003799453023674 0.000402837828984792 -0.198815562777529 0.312885026364731
-0.0143116993176192 -0.00637249153832329 0.120455952460929 0.237074896977311
-0.00538614126089837 -0.000714582396187967 0.159505251872632 0.0355474722828793
0.00141321686422437 0.00530763607159895 0.0538416730480787 -0.09737836767552
-0.00508500553167775 0.00392794088467753 -0.0419894713820679 0.0642860325597219
-0.00897883537294288 0.00491954300042167 -0.117162313833964 -0.0295849936821732
-0.0137567001920494 -0.0203555149329961 -0.0910446142286931 -0.188304388567363
-0.00135804494898843 -0.0192611656090824 0.190320240803568 -0.261983470793836
0.00681429930186228 -0.00733174980241503 0.401321448004255 0.0704662910505756
0.000604245408385416 0.0152496440238205 0.143718512466987 0.408505547034465
-0.0148723134501383 0.0122375729197865 -0.180201378525547 0.266336240000656
-0.011715844833663 0.00129881076463596 0.000885814943510845 0.0450912604541238
-0.0133091162281672 0.00596363572393541 0.181171038781206 -0.213850461017707
-0.0109669664751598 0.0193273449826957 -0.122052114211626 -0.461343975939416
0.00709743665640802 0.00796188868208945 -0.457913346032852 -0.102155261467527
-0.00535575647256153 -0.000509742070610272 -0.189101362089447 0.321485988481219
-0.0138446602983692 -0.00860363473579375 0.127816917198322 0.235022565673218
-0.003586153739052 0.000337450224791086 0.162169078936392 0.0326231740812091
-0.000738992061308162 0.00664221898931271 0.0544549082756916 -0.0991735607598262
-0.0057221611442989 0.00489197461515391 -0.0412253546454465 0.0629166657381705
-0.00664279050057876 0.00606913308593921 -0.114208862243315 -0.0310529602220075
-0.0112871599072791 -0.0206128265420608 -0.0855553464827791 -0.190956957079572
-0.00195836015239338 -0.0195723363448201 0.19669095717835 -0.254911099393458
0.00597850616457159 -0.00655329960439429 0.398885036592465 0.0867300373990027
0.000825233562965616 0.0153353373960331 0.13236527539575 0.417581021674485
-0.0133563616191078 0.0124650143028538 -0.187596058796057 0.265902705918162
-0.01042510079927 0.00149940594705392 -0.000487384497669494 0.0463018435573681
-0.0119130451399939 0.00598704396223001 0.174810741231691 -0.213222100213812
-0.00976114175691486 0.0196304967151635 -0.133788172929858 -0.452073986680771
0.00563859110889585 0.00854900455035177 -0.460469489555304 -0.0857726168642383
-0.00670085044628614 -3.97845411220302E-05 -0.182434909524363 0.328198918981296
-0.0118599790647204 -0.0080876368177548 0.133878449642336 0.232935267601446
-0.000955827773806693 0.00184668653404009 0.164954146076577 0.0301880494316978
-0.000997007012454475 0.00737157859266132 0.0549105812887308 -0.100443945777381
-0.00527747607428128 0.00507593025135136 -0.0417857215090868 0.0617385057954028
-0.00429487696193691 0.00776496611526769 -0.110848395244828 -0.0320480409357359
-0.00927728932097355 -0.0191603118713903 -0.0808263931831431 -0.193592269280766
-0.00281343215125389 -0.0180044290375829 0.200483365707465 -0.250084158727745
0.0050369881939235 -0.00661441326197856 0.395793193808857 0.0986231172256505
0.00158022574453543 0.013635476067397 0.124549755332765 0.424898950298165
-0.011312460098843 0.0112895948765038 -0.191293353606058 0.266498017388292
-0.00884936460403582 0.00130255143386418 -0.00181470467517607 0.0477252761541784
-0.00956067156739866 0.00620735562879294 0.172393591856352 -0.211107622761486
-0.00864796327939223 0.0175847451332623 -0.139678299832336 -0.445902905398104
0.00370068052567861 0.00807764291061145 -0.462305761828244 -0.0743768257167781
-0.0076155975729351 0.00193791118489728 -0.177354572653636 0.332235010826709
-0.00929373400642767 -0.00581308275808702 0.137010749656549 0.230803335876694
0.00236463988657688 0.00436832159542922 0.167141870573452 0.0283977278696738
-0.000642928895376025 0.00759657334592949 0.0547052448768813 -0.101143931747216
-0.00338715663758454 0.00519539062761144 -0.0422534438862524 0.0616977828164164
-0.00126330280614007 0.00950317851079022 -0.108530469860972 -0.031024762618211
-0.0073659320933168 -0.0144003863359023 -0.0786439350154227 -0.194795881923588
-0.00332813378709647 -0.0152010137365697 0.200010546922323 -0.249469390573857
0.00312811670959452 -0.0080148137847233 0.393618511400996 0.103161843016257
0.00228922654171684 0.0105224887841191 0.121717816812542 0.428624490838749
-0.00929865850280635 0.0100482351624158 -0.19274635118051 0.268890489280038
-0.00726264764105465 0.000800959388865214 -0.00181234897147033 0.0489418487342416
-0.00713429517982849 0.00395378659681049 0.170980434115469 -0.211644769849009
-0.00799913610582376 0.0146529801481239 -0.143824985279749 -0.441567280331318
0.000956823117834628 0.0070090740536761 -0.463212562375925 -0.0677735162183208
-0.00776608044085253 0.00506467114583475 -0.175783989151663 0.33469734206271
-0.00691304349169126 -0.00189457878730138 0.139798627161634 0.229081552556451
0.00516497086047468 0.00676083271330524 0.16928375688353 0.0281974374390107
0.00179369276023481 0.00693628816293209 0.053810101320746 -0.101134879955095
-0.000306892651272951 0.00413198674725018 -0.0433101140300165 0.0619077811464537
0.00031270514855121 0.0111893320684547 -0.107187156405664 -0.0303912504175047
-0.00562560252588984 -0.00963864855344824 -0.0780291588358643 -0.196167363016377
-0.00378278574847655 -0.0122798024876651 0.196825267251703 -0.252035154046714
0.00145810586118606 -0.010396307318057 0.392809302624835 0.102324343168403
0.00293415474859413 0.00614866688627796 0.122810677944571 0.429737618845037
-0.00709818926135822 0.00810128542407127 -0.18991939381809 0.27104459070686
-0.00598456232776818 -0.00037027097025565 -0.00137587471998414 0.0498017097386217
-0.00518032190152582 0.00150653118379499 0.172645570916276 -0.209881326035664
-0.0081752363642796 0.0101613345866495 -0.139800677056651 -0.440818987639771
-0.00117961272289105 0.00558602237728609 -0.463405310744183 -0.0703040417207058
-0.00731973487076254 0.00834341635055431 -0.180061747596521 0.332130349352567
-0.00404135642478687 0.00380449070858365 0.138558622661845 0.228693582536204
0.00844679832803609 0.00853218450765464 0.171140646366223 0.0294966114451267
0.00427781312834117 0.00610844070644463 0.0534602122995964 -0.0996775047110335
0.00225229308874373 0.000543360393066415 -0.0483404184314813 0.0697501080652208
-0.0108733723321237 0.00560616282647451 -0.125309084038729 -0.0216958531520795
-0.014678908139294 -0.00820763920796316 -0.109304995018179 -0.188156976013749
0.000782404706728727 -0.0135375112305734 0.167781964993653 -0.288191047839088
0.00415839984751893 -0.0141038242878184 0.410250501890095 0.0239018420041945
-7.22757345591046E-05 0.00506413682086113 0.182375268597985 0.386432379866824
-0.0140508397304307 0.00618447725963722 -0.159863752979297 0.27189321440318
-0.0121303518110374 -0.00322272058395131 0.00590413713670904 0.0444978203252006
-0.0135149524008243 -0.00147324403056341 0.203964890598596 -0.211339503008056
-0.014103487841362 0.00855114267901411 -0.0817275683393332 -0.489937635834665
0.00477069148871583 0.00190412752762871 -0.457255506646641 -0.154248469801427
-0.00101025519435286 0.00553212036571887 -0.219937229648793 0.302296677228218
-0.0139339690990505 0.00338924512471987 0.111149025171706 0.243243794462555
-0.0051702028397056 -2.10632873930165E-05 0.159806572070907 0.0414491793000142
0.0081632513965614 0.00188902126690936 0.0532794408446737 -0.0956916933298816
-0.00063725459435514 0.0016075669767692 -0.0466410662747252 0.0687080491554835
-0.0111775931979148 0.00464023978019217 -0.124856099200899 -0.0245388422621479
-0.01552528973552 -0.0137212986802727 -0.105134527307014 -0.188215154730657
0.000190580238336204 -0.0164852106942288 0.175787918816101 -0.282025085316091
0.00594067819403681 -0.0117710765976493 0.410606009353263 0.0377033073722135
-5.9562674807044E-05 0.00971879897866325 0.172277841823156 0.394211627305115
-0.0157302215496844 0.00881214153857155 -0.166603885561792 0.270868234378867
-0.0126400593993111 -0.00122690197211543 0.00463389344204005 0.0439525842199645
-0.0147292127207969 0.00151771011786681 0.197266259359398 -0.212937283164189
-0.0137597165741588 0.0134875930356686 -0.0953179365934364 -0.484068435960548
0.00644710434297007 0.00459137946542032 -0.460054422031546 -0.140339005235935
-0.0019948638200785 0.00215455573569327 -0.211146876342308 0.308836846664603
-0.014896782468722 -0.00210245022043792 0.117101785527217 0.242263292328393
-0.00608553663307044 -0.00106001681235735 0.160519054389151 0.0385691133055884
0.00419712444784083 0.00340834739708416 0.053864869379476 -0.0973867927396132
-0.00307422805862544 0.00270125954135663 -0.0447147285143849 0.0661665411956688
-0.0109627742148861 0.00471378407635234 -0.12226510615408 -0.0273102224307158
-0.0152269478946392 -0.0180496314808963 -0.0994959609113138 -0.190111069662441
-0.000494955818474368 -0.0189012941164334 0.185557120694144 -0.274543343923025
0.0070171077056656 -0.0092947697544285 0.410951952637554 0.0543052242108442
7.44869937395571E-05 0.0132603688246253 0.159340469406086 0.403757538508011
-0.0150506212643105 0.0110656443224671 -0.175275529282229 0.270093179960009
-0.0124042305975468 0.000107365932230161 0.00289574787805757 0.0447281705309984
-0.0147014805220623 0.00411272905703228 0.190823778487997 -0.214860321663396
-0.0129161246966669 0.0177903727691644 -0.111268949509968 -0.476823802433497
0.00721322483048627 0.00687389234109236 -0.462021559333977 -0.12237497302641
-0.00359785313107844 0.000220925211202519 -0.200827518513215 0.318353339345678
-0.0148580998128838 -0.00632995004409615 0.123821002118872 0.240619664042042
-0.00563353065046451 -0.000709236720107424 0.162462968676588 0.035709285873433
0.00144259765200604 0.00494256261573466 0.0553103937958496 -0.0998224283203853
-0.00505042151703121 0.00392525733260678 -0.0434157509187068 0.0655518259111816
-0.00929720480783366 0.00517722517132166 -0.119159148520153 -0.029432240331336
-0.0139633345183452 -0.0204517080600385 -0.0925018870377941 -0.192234232168201
-0.00145514373181164 -0.0197882222273621 0.192820169040539 -0.267149645154731
0.00649317995479604 -0.00727948230599976 0.40862270743738 0.0717630260613615
0.000653209169951429 0.0155379040734883 0.146860903226512 0.413737876571054
-0.0149066112033655 0.0122986393567158 -0.183391489438536 0.270144068392717
-0.0117774067742375 0.00100203098476953 0.00079389080754844 0.0456010487756393
-0.0135509832450354 0.005763416964016 0.184014189072544 -0.215675520687448
-0.0114186721059807 0.0196463613316 -0.124971446584089 -0.467512791765928
0.00670883090863065 0.00787555873819024 -0.465404404580299 -0.103123725154312
-0.0054920100122608 -0.00075812920028794 -0.192149050847654 0.327222296580787
-0.0134889236856881 -0.00851658895993635 0.130084283603722 0.238506507663976
-0.00381890356565894 0.000558798579077497 0.16506793850255 0.0328271519871407
-0.000614831693907605 0.00674288660714319 0.0559169747583016 -0.101267338594044
-0.00583152586809679 0.00441396983367762 -0.04297583973244 0.0638151802857547
-0.00666020186723009 0.00583658962986504 -0.116168253233465 -0.0313653936851531
-0.0116824084186366 -0.0205227870051991 -0.0866607880159599 -0.194360528244056
-0.0017739124183854 -0.0198954298172567 0.199625748858137 -0.259972059772852
0.00619299697483496 -0.0065168380603915 0.40493249768082 0.0877161465807515
0.00103449524946485 0.0155731545145144 0.133805068997378 0.425073656150678
-0.0131493493406596 0.0121678026048248 -0.190143057933902 0.270277802832965
-0.0101255266841951 0.00157780169066274 -0.000457412025509933 0.0471115118626582
-0.0117796599285494 0.00620298714121387 0.178342339035784 -0.215707832053324
-0.00952964853963097 0.0202825129094707 -0.135903729393339 -0.458002971294976
0.00557154478267754 0.00828531361422657 -0.466696633101091 -0.0867109424929882
-0.00677295281351224 0.000163650053234932 -0.183488862877499 0.334619146492647
-0.0123370744918376 -0.00822665776482608 0.136726984811128 0.235940677644388
-0.00100984166993869 0.00213487255923566 0.168399269486195 0.0295498350408721
-0.00141572066342522 0.00760099671698219 0.0561891425302117 -0.102341884414284
-0.00488292517861377 0.00476631781938798 -0.0427608823320433 0.0628400869199078
-0.00394119989807383 0.00800314804211942 -0.112761873111372 -0.0321767464234448
-0.00965309441194587 -0.0187130786476637 -0.0821786364383215 -0.196824269517306
-0.00281856224775544 -0.0182885794213287 0.202350462499667 -0.254818411913874
0.0046711309296965 -0.00678159158253537 0.402011682203686 0.100398743034204
0.00149780607358547 0.0137989415085747 0.126029192308136 0.432038480347874
-0.0113930870803855 0.0116957912467445 -0.19535163753921 0.270619130977802
-0.00873475614896263 0.00126959926144749 -0.00165671673625438 0.048450554327378
-0.00930945403065972 0.00578913548699021 0.175525877261897 -0.214938911937405
-0.0088030640971596 0.0186211878909088 -0.142972641632747 -0.451570387133076
0.00363933816245886 0.00828236879230414 -0.471215911587059 -0.0747301984498476
-0.00785668420767842 0.00181453552400685 -0.179145201855964 0.338339928773201
-0.0097723462568695 -0.00600571712986393 0.140350588845837 0.234362719623368
0.00197730951106091 0.00414057532219976 0.170706552112883 0.0287186600077269
-0.000674155106102881 0.00789746306498986 0.0562429269939377 -0.10298248288288
-0.00335158896953424 0.00494075468040242 -0.0433420498488114 0.0626620620587323
-0.00141732494691569 0.00994428309699596 -0.110479843935304 -0.0317927976119438
-0.00771458060059359 -0.0149531174968329 -0.0800592250901812 -0.198951304532608
-0.00342935929322815 -0.0155005809794394 0.202808176340183 -0.254201418611824
0.00298290538047169 -0.00813847275767662 0.400572245099917 0.104892717231371
0.00226519073463815 0.0112382649377092 0.123846360426161 0.436416636992936
-0.00915317786325778 0.0101145235858723 -0.194768170262262 0.273249948577252
-0.00726025200124377 0.000582015493027233 -0.00160751278195064 0.0497328917315035
-0.00696287917270376 0.00414887787169601 0.173337078178357 -0.214187873868831
-0.00825708359865714 0.0145643193093788 -0.147153362822146 -0.447273673719989
0.00102249012525828 0.00698894609774297 -0.471036091787078 -0.066937573611876
-0.00774841911436281 0.00511757568203649 -0.17792541681903 0.340461947203274
-0.00690042229920638 -0.00147312704889048 0.142322256358731 0.232273074528235
0.00528213940761652 0.00628291475511121 0.172821480892206 0.0278890899300354
0.00143786056935315 0.00696995776323009 0.0555669962490566 -0.102831412522418
-0.000689378935834136 0.00455941122917892 -0.0445540495162781 0.0630077517535662
0.000452691591997017 0.0114955922463459 -0.109133028046972 -0.0301788618315026
-0.00623333043530727 -0.0093314533533931 -0.0793030313802514 -0.199834657257756
-0.00394331554864333 -0.0128946558538426 0.199166379858886 -0.256822121566238
0.00107823925747961 -0.0101425920832886 0.398891995463523 0.103289742925226
0.00275975070053955 0.00648499763108014 0.127885395911308 0.436440383265661
-0.00687376618865217 0.00790853617036089 -0.192468717596342 0.274843550781857
-0.00583930517372375 2.18459183021406E-05 -0.00121236547443429 0.0504700365556518
-0.0053151718294423 0.00176875897256692 0.175666972562501 -0.212335432958642
-0.00816190531394882 0.0102758133384503 -0.142521098521553 -0.446406339172556
-0.00110790662801077 0.00538574865178723 -0.471960176594392 -0.0699398190242708
-0.00764100733378551 0.00840696320482721 -0.182389374494124 0.338406017955262
-0.00423698833989085 0.00401942531171332 0.141441153007874 0.232604023683562
0.00837283870397855 0.00848310696398151 0.17418282939646 0.0294723871171614
0.00438605028234235 0.00616763609038939 0.0548838816742062 -0.101406757144068
0.00258410870165064 0.00042474553043727 -0.0494627711602383 0.0711458795471058
-0.0112925444655444 0.00549506736228174 -0.127760260602957 -0.0211086502874491
-0.0151729213669967 -0.00831853482801974 -0.111907012414408 -0.190960263344889
0.000543848801565598 -0.014117303393891 0.168774573801847 -0.294916991952585
0.00413138402348801 -0.0146038968950989 0.417265084505118 0.0223905244856329
-0.000261202776572652 0.00500668685523104 0.187613155706379 0.392086793873549
-0.0141869510419451 0.00645748605676524 -0.161084763516123 0.276460543245237
-0.0117825852170295 -0.00279015412461347 0.00659246271924798 0.0445765816775267
-0.013647964368396 -0.000946894082545353 0.206431022774002 -0.214964403716121
-0.0143952199667008 0.00849830595094541 -0.0854017107652139 -0.497188698268438
0.00497488365183343 0.00218144998545554 -0.46746326897258 -0.154930100464689
-0.000866452758127061 0.0054999673136549 -0.222852150160548 0.307590115097162
-0.0137507996525281 0.00363567871594066 0.114398779009205 0.246710596384492
-0.00571603046168736 -8.48283399853215E-05 0.163500781705119 0.0419448089505432
0.00778260313812618 0.00155436810141592 0.0539923948429978 -0.0973443933413212
-0.000819417504093363 0.00157404735352785 -0.0479314793972897 0.0703495055258479
-0.0116626313752067 0.00447343939796503 -0.126517017121607 -0.0240072967982266
-0.0159418555005694 -0.013566133312885 -0.108242475411525 -0.191917341148745
0.000272972303494535 -0.0169621454485051 0.177114376878146 -0.288124919890467
0.0058573774331053 -0.0116570419234097 0.416762572708589 0.0355845294432847
-0.000333213197247154 0.0098390768447009 0.175806806571238 0.399531774677813
-0.0151268859809725 0.00878626444703534 -0.168160246019253 0.275569236110457
-0.0127937895747758 -0.00127241840047101 0.00502128407663751 0.0446209934239225
-0.0145343028887847 0.00161623121082311 0.20029183270595 -0.217032418839343
-0.0136756214736683 0.0140971034951257 -0.099822829816288 -0.492022261046782
0.0062455376218208 0.00443130916346634 -0.468394079362394 -0.139982936276537
-0.00161384588075763 0.0022156281638483 -0.213338562727249 0.314864522732992
-0.0149877429019808 -0.00234515116235818 0.119688359420727 0.245728863474719
-0.00645525666050672 -0.000852674848063545 0.1639934871032 0.038464965364592
0.00481296626322824 0.00367224059968825 0.0548407401742684 -0.0998626434811299
-0.00315203981377095 0.00303338152655069 -0.0460504028738868 0.0681747894184496
-0.0110339655756951 0.00457162123287361 -0.124337333686578 -0.0269183344644496
-0.0157381428252344 -0.0185766732501279 -0.102268429561559 -0.193429167630579
-0.000845034826491491 -0.0196393791197242 0.186562991175967 -0.280735519337213
0.00689455456401562 -0.00974220904412714 0.417698602156935 0.0533737158369979
7.24896191305596E-05 0.0139024056759005 0.163572603720753 0.409791107139515
-0.0151499478325349 0.0112070633812466 -0.176820467953302 0.274765201297157
-0.0126795442674269 0.000293015187445329 0.00277425701337766 0.0453809788489894
-0.014563898427552 0.00434309525263044 0.19299775184801 -0.218416339507173
-0.0126150013571292 0.0184176471873121 -0.115239053761127 -0.484070734981742
0.00745455638582238 0.00663005759305578 -0.4701590101418 -0.122543945961771
-0.00372896040740044 0.000350131452424681 -0.203341335105655 0.32396053758774
-0.0148138597270694 -0.00640756739712931 0.127517575816675 0.244374150632806
-0.00546128294052974 -0.00102243893245026 0.16596281550083 0.0351903927911809
0.00164373818417439 0.0047754147219164 0.0562543176546996 -0.10174242966951
-0.0052525027192216 0.00342735037431867 -0.0446945587442014 0.0672798004959706
-0.00925864609820282 0.00474667088129144 -0.121570880208693 -0.0294510741647738
-0.0141361772273581 -0.0206236165340184 -0.095884316194444 -0.195311256455934
-0.00130496746158922 -0.0203643786877906 0.194749046087312 -0.273188048082405
0.00677940416581935 -0.00794730309056545 0.416196207999561 0.0714269029524816
9.28178429475054E-05 0.0160084239511338 0.150376909075094 0.42105567178324
-0.0150875340643821 0.012053946768188 -0.185097305027386 0.274818741148886
-0.0117139193666244 0.00124634620379826 0.0010570555112367 0.0463828399321582
-0.013302994347407 0.00625012933538309 0.186283036677368 -0.219907610073433
-0.0113220445430294 0.0206869406271151 -0.129201879490756 -0.474395424619637
0.00685221905094007 0.00854746360065677 -0.473200268622789 -0.102313476041673
-0.00526609219764305 -0.000379895965733399 -0.193122847801595 0.332876473369995
-0.0141247327530007 -0.00829357618200625 0.13349897069574 0.241262516370985
-0.00404313197967509 0.000357153710764845 0.168153292119577 0.0319591790468901
-0.000672948695703929 0.00654148073920083 0.0568612854836776 -0.10340182429651
-0.00605598640040266 0.00434309237000702 -0.0437840514322687 0.0655259059618848
-0.00679529382751298 0.00606503416239195 -0.118238104127775 -0.0312178587467566
-0.0118438013295444 -0.0210273372940734 -0.0897358731162294 -0.19873609884154
-0.00175226658142236 -0.0202237682733937 0.201329567288747 -0.265962468377117
0.00624173618635602 -0.00671852739028776 0.412179060301565 0.0877754667715538
0.000847249363547361 0.0163527904744729 0.13782664184367 0.430704050776716
-0.013207455377287 0.0125371840829452 -0.192050537197723 0.275274157162901
-0.0102917636636879 0.0014296728676295 -1.07552735114295E-05 0.0480910663162719
-0.0116517643166793 0.00691272045774702 0.181054209241041 -0.219339640951488
-0.00975609170319289 0.0208150748989961 -0.141723373056489 -0.466934039119849
0.00568230959123947 0.00877050584325037 -0.476769483794757 -0.0858914117053342
-0.00692003896066961 0.000163690581002424 -0.185471935530417 0.340126492252722
-0.0123091080769768 -0.00829445533142955 0.139770832772271 0.239808950457909
-0.001114584394282 0.00223631237866509 0.171449600529012 0.0293793971751429
-0.00157394691517972 0.00745659889273873 0.0570056473146667 -0.104690566737662
-0.00563357374717855 0.00470611362309466 -0.0438017539172015 0.0644496611178542
-0.004032153804267 0.00781674319126676 -0.114826121904292 -0.0323109250737057
-0.00969855375854651 -0.0190153689230704 -0.0845468073699255 -0.200985164437564
-0.00274808677269397 -0.0186991663434692 0.204645090803331 -0.261101061820744
0.00465324183915462 -0.00717703870911913 0.409472702207701 0.0999545771229367
0.00154788498082276 0.014494982263835 0.12943415411771 0.437881847770743
-0.0111559556629282 0.0116697837340114 -0.196755822957548 0.275747164011258
-0.00853294961478099 0.0015746821378589 -0.000939734560415982 0.0491884397466724
-0.00956484926984099 0.00605451128165821 0.178208591014396 -0.21805679600564
-0.00853438159942527 0.0189632055435137 -0.147173002963074 -0.458911960009597
0.00329062740895307 0.0083997200563904 -0.477762677528779 -0.0733969847989276
-0.00794867444411953 0.00213822555219438 -0.180974776933509 0.34435184789871
-0.00984038487825703 -0.00572604844165038 0.144010914461218 0.23741829749569
0.00196677655679287 0.00431067985903221 0.174203828476871 0.0278143858734116
-0.000787569932298421 0.0078708908551579 0.0571343110412626 -0.105471082453446
-0.00364582591550686 0.00422562421166423 -0.0442626253515766 0.0640781322697512
-0.00127545726234625 0.0100472641248566 -0.112305581020211 -0.0314637366831558
-0.00757842741127726 -0.0148585004806124 -0.0818147774275584 -0.202837348479565
-0.00315694195030834 -0.0162549765891436 0.20543591308455 -0.260041331755473
0.00293721680193548 -0.00852758745384238 0.406932698211272 0.105016640861063
0.00184795846732413 0.0111099527601562 0.128306535587195 0.442389852927935
-0.00877328282135706 0.00992863219621659 -0.197505573776121 0.278184429574102
-0.00712608942199162 0.000791956090958125 -0.00134230693745669 0.0505557781423474
-0.00692018899183367 0.00424146807250731 0.176160323288503 -0.217465351843594
-0.00799566406247406 0.0156154355719653 -0.151016644742861 -0.454401340165043
0.00127329282374139 0.00745818147547259 -0.479483342647575 -0.0657396818490528
-0.0081151803236083 0.00473915996390529 -0.178690690965935 0.346255217281378
-0.00725799220653924 -0.00162350108155421 0.146390182725981 0.236135360229995
0.00552194864780631 0.00664634593993463 0.176228506328133 0.0272947133504044
0.000979651320698793 0.00710964077034954 0.0564868064424823 -0.104585288540715
-0.000912454930506659 0.00426060036784758 -0.0461230376295108 0.0640693709992076
0.00106779712417563 0.0118255531378188 -0.111324690434473 -0.029870829773892
-0.00627504139250293 -0.00972157104858169 -0.0815281049623418 -0.203869611161489
-0.00365874700801509 -0.0121736374663337 0.200697924576189 -0.261950304915993
0.00124713860307594 -0.0108309676176264 0.406244521793037 0.103980557908805
0.00260381795053802 0.00676438144697448 0.131822667439962 0.442962256422939
-0.00718489057191021 0.00788286679329746 -0.194618822239366 0.28013319422462
-0.00581055665125738 -0.000889041427367832 -0.000585339350095306 0.0512310012389383
-0.00531441090627879 0.00185018740068519 0.178220748712151 -0.215573647188143
-0.00831455382851304 0.0102723784873952 -0.147432406665131 -0.453631951195599
-0.000964595547552724 0.0057858795120332 -0.480245697257128 -0.0685132370635819
-0.00754025252286356 0.00835999070995523 -0.183519299236008 0.345492310761269
-0.00406484792791986 0.00403995987363548 0.144961923412398 0.235508316379682
0.00857223426479336 0.00851806426883392 0.177736632843925 0.0288020732689406
0.00428796288792379 0.00638752752168632 0.0556794155970263 -0.103496656208141
0.00232516004501368 -0.0012951775552644 -0.0422358266863885 0.0797415809661304
-0.00955675929100431 0.0058572386829735 -0.131978375592947 -0.00554422494568885
-0.0143029453006648 -0.00590032667991354 -0.137276851373782 -0.181280016810189
0.00164456662973765 -0.0108902061507787 0.128775813229312 -0.320246233660145
0.00129076201575412 -0.00917624586850144 0.424734682066576 -0.0319624534537861
-0.00280521796022499 0.00405174807960086 0.238252623067901 0.373934269376702
-0.0135760798944577 0.00649551458563775 -0.127175002198699 0.304669223967147
-0.0127121590018696 -0.00169832894384342 0.0115020126237359 0.0444365351442464
-0.0119447580069917 0.00190376283651257 0.184608371371757 -0.240500347432311
-0.00940630390029507 0.0107992857939778 -0.145046871444044 -0.492108913091489
0.00887098391254116 -0.00184292542752126 -0.491653368565663 -0.104084381624173
0.00134725995318979 0.00347923818154884 -0.189924762140385 0.339106372555743
-0.0145439366417677 0.00516240504787374 0.144910931750707 0.237328419829684
-0.0067300570723484 -5.51386615407767E-06 0.170438025673692 0.0225125839916116
0.00740039987668936 0.000645580450585426 0.04449403130766 -0.105520483628583
-0.00101200672080901 0.000435709087844431 -0.0400022551089377 0.0779012371094375
-0.0103512293991025 0.00500766678835424 -0.131838097766327 -0.00899269728701064
-0.0158260294108455 -0.0112809190064578 -0.132577313884342 -0.182337768251156
0.000380191714170318 -0.0139774265464833 0.138178935632119 -0.314971771365155
0.00353741460491293 -0.00701093237644284 0.426597532310567 -0.0182492654726118
-0.00182041576623201 0.00844398354771976 0.226709420551554 0.383827895515466
-0.0143508389206146 0.00974410583957645 -0.135762486804788 0.304425967380823
-0.0129641121370516 0.000307489834500709 0.0100501183439735 0.0444398933446244
-0.0125887261760408 0.00488255447408879 0.178178611412259 -0.242384677929814
-0.00792116877764795 0.0160563022260153 -0.158317708862938 -0.485029595216664
0.0102811254237229 0.00021453023509875 -0.49215974559738 -0.0887663221546683
-5.40834797092826E-06 -6.20450232188697E-05 -0.179890727979051 0.345835228816511
-0.0157155529904122 -0.00068654446906522 0.151092099695123 0.235557910790345
-0.007354271255747 -0.000620678134513023 0.170475110091355 0.0198694908294092
0.00400776361887457 0.00299956678386423 0.045912018331642 -0.107596422634477
-0.0037128382154468 0.00218927969687919 -0.0387697225386768 0.0756162731627522
-0.00954812948435183 0.00485846386493035 -0.12992157966653 -0.0122712922113823
-0.0158536813245301 -0.0155977137456398 -0.1271437934947 -0.18480463929876
-0.000588693456832523 -0.016284852845177 0.148912789972922 -0.307775976938484
0.00387454404209641 -0.00444858950066324 0.428843991208929 -0.000237305622015545
-0.00144597134141868 0.0126889726057441 0.216483090069467 0.395054613755473
-0.0142567702619681 0.0118517088537463 -0.144570011524601 0.304430798746714
-0.0128256250669938 0.00131426084336452 0.00814295992011414 0.0452953550218047
-0.0122867941009227 0.00708065727055248 0.171215723073345 -0.243504124904399
-0.00633069213882269 0.0195118809700101 -0.172581949753026 -0.475259705053037
0.011708439612673 0.00211604887481305 -0.491131651818972 -0.0700576760889291
-0.00187490408621299 -0.00193883867382295 -0.169334627693896 0.354147779098958
-0.0162776873099626 -0.00475510345570695 0.157180071127504 0.232741662924837
-0.00681394974075908 -0.000357492927055683 0.171878904696968 0.0155706513189546
0.00139736118498017 0.00502391672734532 0.0464545961342302 -0.109467050171264
-0.00521442077194317 0.00319899199126359 -0.0374303942879859 0.0735478286313802
-0.00777290138952976 0.00513532991988204 -0.126841494111844 -0.0149431398685524
-0.0146867675711694 -0.0184149688778 -0.120470931919561 -0.187270727604613
-0.00155380760194181 -0.017523507631885 0.158761199093549 -0.301781967596908
0.00420431939857036 -0.00273334215637003 0.42855746071917 0.0165531875429435
-0.00113116887446287 0.014651989481452 0.204218269660658 0.407121450649563
-0.0134218210190887 0.0129640967901084 -0.152478862970556 0.306236887243601
-0.0117608720711616 0.00221423640315958 0.00709775341742905 0.0464134644631507
-0.0108528588161434 0.00906290197615359 0.164329198327767 -0.243704857024446
-0.00467210297047239 0.0221205448851974 -0.184754649213411 -0.465109160419461
0.0110954831752692 0.00296396032236701 -0.49334417699528 -0.0506878641125027
-0.00394459451170709 -0.00205689859564492 -0.157718066332611 0.361994190230321
-0.0157041141829313 -0.00654365192474279 0.164104675488973 0.229639967754737
-0.00538416431056636 0.000478855136537138 0.174581716217724 0.0124291916488522
-0.000598926676218068 0.00671093101751557 0.0465483056861133 -0.111220573534591
-0.00603434401522283 0.00441650195176124 -0.0369203315302951 0.0723166750272299
-0.00471843849441267 0.00583224482688877 -0.124246432175945 -0.0173715911364129
-0.0125234159905216 -0.0188969643792917 -0.114636064258245 -0.190318265659548
-0.00213553961411544 -0.016925614377379 0.165880877705856 -0.295558240827378
0.00326994406751618 -0.00203137721326201 0.429204956896064 0.034451645563906
-0.000375465052834026 0.0147403517378131 0.192837053370112 0.418851733366365
-0.0119844674727995 0.0130951238799289 -0.159661489583505 0.306452176610108
-0.0103979174276172 0.00264169689814796 0.00615809702791209 0.0479703487019207
-0.00925622639810687 0.0093927283114937 0.157934077315434 -0.243194673412425
-0.0037601190650175 0.0219149361048971 -0.196261185354329 -0.454997034682002
0.00980309478227062 0.00396676258184613 -0.493599441706616 -0.0339246256336882
-0.00524879191229016 -0.00154046891151662 -0.148368899046072 0.367873492340074
-0.0142503465316619 -0.00647133365314626 0.170375369167247 0.226746643944458
-0.00221520198244657 0.00237456257376687 0.176685863711937 0.00982163215743747
-0.00145824634668146 0.0073698289772345 0.0470985037716314 -0.112766258789638
-0.00519294404708128 0.00484764702645937 -0.0366642369720147 0.0706520923969984
-0.00254397085828926 0.00733667491950504 -0.121584757272291 -0.0186326194662014
-0.0105264594152409 -0.0171741950047165 -0.110648143643863 -0.193724216077485
-0.00311174618271885 -0.0151565954559028 0.170300862327149 -0.290462807288618
0.00190552974138942 -0.00248893257777375 0.427293658260311 0.0473500448579771
-0.000189866698831174 0.0127347635206344 0.185300997226263 0.427559283116197
-0.0103679312301203 0.0120262708750065 -0.165462303095622 0.308088066818959
-0.00848913699656451 0.00241533638145642 0.00479025431464038 0.049234915271947
-0.00695526842623515 0.00789941294921225 0.155024876532639 -0.241267266861645
-0.00284902175126228 0.0203975360311172 -0.202455866252079 -0.446186869064591
0.00754840161521302 0.00383567727328388 -0.493399533507755 -0.020121695970534
-0.00628546935011059 0.00048627455226446 -0.14378023398073 0.371652343269158
-0.0112044278614563 -0.00474372391155331 0.174262263323383 0.224218480553377
0.00142243470476459 0.00351879743481032 0.178950314754537 0.00776013054463874
-0.000362845159852117 0.00803223375617773 0.04674712320534 -0.112995970512295
-0.00350513655142667 0.00407461507176265 -0.0372767407291743 0.0712219504366724
0.000775705456549142 0.00914748127207823 -0.118979052038187 -0.0181432550436148
-0.00773996926459426 -0.0130747608520502 -0.108791957115148 -0.196081900196373
-0.00325989428867091 -0.0126657535307994 0.170133906987212 -0.2902330261436
-4.78099496018366E-05 -0.00309699332562459 0.426636822471815 0.0516454816412309
0.000199768963091112 0.00936792316984066 0.184115057578272 0.43193095149556
-0.00803506325539843 0.00997450473877069 -0.164680355166687 0.310234067070751
-0.0073874727522296 0.00147872470623016 0.00476184261241519 0.0505415559384904
-0.00479402228817263 0.00653397311654031 0.153894268991207 -0.241172067584226
-0.00224775138957496 0.0165501918721168 -0.205004985514919 -0.442665920297885
0.00497248971313743 0.00331408217767538 -0.4939352764769 -0.0134601074369145
-0.00616948212305233 0.00322735109384529 -0.141463917903822 0.373346957393973
-0.00765849431357587 -0.000567894807847217 0.176636908278456 0.221586530404263
0.00520067674321602 0.00567555169273825 0.181557241983021 0.0067371862861352
0.00113173040073319 0.007252565269919 0.046041320035495 -0.112569758389588
-0.000713545869251093 0.00333268630893874 -0.0390699268271632 0.0717305689461549
0.00332988798357589 0.0109156252374805 -0.117018701593475 -0.0171332796415478
-0.00564358342296753 -0.00762097172779158 -0.108416678908607 -0.197903786140466
-0.00346478748302813 -0.00922225974904531 0.165711014791098 -0.291399037946021
-0.00201660678958413 -0.0055261304207035 0.42461635889318 0.0511395364174606
0.000595175466822353 0.00464184889742273 0.187178759264809 0.433340626446209
-0.00592805336790411 0.00742527836733603 -0.162240096753494 0.312406871889343
-0.00593956115878438 -0.000104700938529048 0.00521956632474927 0.0514352348290111
-0.00330090928176105 0.00367013966023994 0.155072360698203 -0.238849100614621
-0.00274924135130396 0.0112717409902067 -0.202108171825066 -0.441165391961637
0.00252011131459434 0.00156353709820305 -0.495171891539756 -0.0155079815692149
-0.0054024861692714 0.00679087541881067 -0.146614551295093 0.372640539937808
-0.0044719504604802 0.00439714670080891 0.175259353866599 0.221454247342782
0.00833075961490464 0.00732266614678562 0.183342781199839 0.00729601630033133
0.003997943259268 0.0057205530017748 0.0456642206566133 -0.111024239966167
0.00207117018411879 -0.00169243313102397 -0.0424586300636905 0.0814500591549594
-0.00981013706561356 0.00621245421034684 -0.134159996246483 -0.00443988216560952
-0.0146121574582977 -0.00582764824020824 -0.141807602155502 -0.182650188836107
0.00150809061834207 -0.0110989902931196 0.12609238404723 -0.326881152449177
0.00133689305302702 -0.00983799827265291 0.431444748987333 -0.0370339449884363
-0.00290152646031583 0.00403002898819039 0.245681858945814 0.377556576490323
-0.0137466010354211 0.00698755258458492 -0.126651151628953 0.310125459499066
-0.0126611570283368 -0.00217293097218672 0.0125544962218388 0.044506716511066
-0.0119377420730751 0.00214014800266882 0.185108069490309 -0.246158871120275
-0.00923274207370159 0.0111139929727422 -0.152809610551165 -0.497124967645225
0.0086780994194439 -0.00241032059476636 -0.501456666822499 -0.0999886697866447
0.00166703679452089 0.00329410187102996 -0.189857637265584 0.347177578215792
-0.0140524812620457 0.00577640149348599 0.150640790155802 0.238913154371291
-0.00709698277569621 0.000130403671735485 0.17361619111103 0.0209018412098894
0.00733995837133091 0.000404879256701747 0.0443402808989497 -0.107781851726
-0.00102150998889939 0.000407260734271105 -0.0400591648076247 0.0797614662867834
-0.0101053812159346 0.00483435755191837 -0.133339772213191 -0.00714957468325493
-0.016014772011551 -0.0114327543575639 -0.137055636264033 -0.184084013604243
0.000376793409858231 -0.0145914192766568 0.136091124767936 -0.322564633981498
0.00293984832721618 -0.00738134437074085 0.433244031086857 -0.0234722754053152
-0.00218263615648751 0.00902649885667666 0.235416868328794 0.387185190440884
-0.0144766889874919 0.00993291454000976 -0.133857039929634 0.310536509181905
-0.012823009162503 8.54724110423642E-05 0.0113570147685917 0.0453139572356735
-0.0126614151504808 0.00538464114964546 0.178629842618029 -0.247828724359355
-0.00796802831323376 0.0162772448347224 -0.16608987380017 -0.49035595653092
0.0106375503221108 0.000191646631388692 -0.500169140820497 -0.084953569458339
0.000313462251510044 0.000467265024644207 -0.179153631184138 0.35318970800742
-0.0159742007761564 -0.000453988959714074 0.156442598352159 0.236909902646504
-0.00806960110731987 -0.000389115220306839 0.174044982940687 0.0174436624105012
0.0040728652879081 0.00293775148301471 0.0450455386533272 -0.110136384549461
-0.00395652387505289 0.00235230316777958 -0.0386125795278663 0.0776175353399262
-0.00963080092174834 0.00442786478849809 -0.132067104899866 -0.0107985186513896
-0.0161672262364384 -0.0153108041411865 -0.130974852759233 -0.186681479798406
-0.00037213476340702 -0.0166356054340424 0.147536272707188 -0.314954959014358
0.0040457416104941 -0.00471572137967265 0.436013366817898 -0.00556592910317461
-0.0013402710539522 0.0126691997989353 0.223853577253785 0.398251837664046
-0.0143020854477716 0.0115522522459078 -0.143461864136504 0.310408729673762
-0.0128517620219036 0.00153652373137239 0.00907648704564198 0.0457801799831086
-0.0124089635694148 0.00752935531952972 0.171473012978564 -0.248682763953866
-0.00637244787185846 0.0204639560931978 -0.180798790925178 -0.481294250505245
0.011922757189365 0.00212535585202729 -0.501541024652353 -0.065313645163834
-0.00190477675960912 -0.00184996607973303 -0.167680962653482 0.361790773112738
-0.0163644445550444 -0.00442566180778814 0.16296773096108 0.235138760960004
-0.00685089722314174 -0.000344099902814625 0.175629447139034 0.0139628747644236
0.00104527816963899 0.00513843424823785 0.0457602271390416 -0.111912853178736
-0.00545191882615377 0.00342982608332216 -0.0374342065457178 0.075405038887211
-0.00782409906964363 0.00524584557821348 -0.129204675122709 -0.0139086756974925
-0.015215337536453 -0.0184755472869723 -0.124764554146743 -0.189697181016746
-0.00177394045159148 -0.017796875188746 0.156236084991427 -0.308439722204564
0.00375330095319193 -0.0031820491546421 0.436675951887241 0.0120486378987651
-0.00106942487334916 0.0148546913125178 0.211448478923804 0.410847757987215
-0.0135202656892097 0.0125450469777316 -0.151586493851021 0.311588019902143
-0.0118103767366552 0.00219055089510542 0.00753427982841932 0.0474807016496024
-0.0112483349083015 0.00927043611809609 0.164243116397869 -0.24818343837232
-0.00469882008387462 0.0221629774266726 -0.194247478143618 -0.46898555855652
0.0113164601583312 0.00363649850463228 -0.501262718216325 -0.0463660987423784
-0.00409321154046497 -0.00222007704603793 -0.155568192094397 0.3692074791743
-0.0161054927545447 -0.00647958288980424 0.169742537863171 0.231478668726434
-0.00518634772140331 0.000829817542410258 0.177818362356997 0.0101582172724799
-0.000836241777565812 0.00714241986715633 0.0467914527352938 -0.113629262046797
-0.00616848795863865 0.0042565819817462 -0.0371293171448082 0.0737617147818394
-0.00523616461884072 0.00562022018243885 -0.126500799691485 -0.0160587777224001
-0.0127999706158865 -0.0189886951086034 -0.119263501255171 -0.19285946416708
-0.00257737471863608 -0.0170013143298926 0.165190255857029 -0.302443032823844
0.00348691987833841 -0.00202606529936278 0.435716134238111 0.0302205137173272
-0.000523124865077873 0.0152905959878724 0.200654237329693 0.42271141422643
-0.0119880878561155 0.0130721432153845 -0.159242751872373 0.312862357410846
-0.0101316925690425 0.00257012709671177 0.00612232584202828 0.0484006782559719
-0.00925795998975396 0.00946013835066546 0.157982581839249 -0.248166150192558
-0.00306651450238583 0.0226371138695673 -0.204883540697628 -0.457965430760867
0.00991020854263321 0.00385858858736938 -0.502180471120888 -0.0273805233608308
-0.0052627367905647 -0.00171735673572612 -0.146208901318297 0.375986723675586
-0.0139927556733988 -0.00645583078208457 0.176168931483548 0.228408491862184
-0.00210090900287224 0.00201916941717272 0.180100318174814 0.00726618981155643
-0.00136242841077976 0.00792420455250799 0.0469486911846344 -0.115497394672394
-0.00598267136959425 0.00445142526506112 -0.037768735872786 0.072830171086215
-0.00199898207100779 0.00744475789131452 -0.123139948577496 -0.0176673999255086
-0.0105396877721399 -0.0168293523305124 -0.114677161211183 -0.196796116113066
-0.00290067380493745 -0.015627115917036 0.169118059833694 -0.297613013810886
0.00168580155921973 -0.00266279365057958 0.434169890571028 0.0430469417248667
6.84630350366762E-05 0.0129254374060176 0.193227822043089 0.431560139723757
-0.00978193278883273 0.0115621367088138 -0.163686959232244 0.314090387112753
-0.00858010691585633 0.00213914186817419 0.00549045839496471 0.0499051098637455
-0.006792270235787 0.00848117045483721 0.155221030102889 -0.247040958451449
-0.00245452436384571 0.0203562578668908 -0.211395636407821 -0.451937803967346
0.00779914423769671 0.00375932489702553 -0.502868295750269 -0.0151002956353403
-0.00632430021077044 0.000120399665030087 -0.140780197960925 0.379260731677293
-0.0110764204594492 -0.00421980939193998 0.180612031517889 0.225464217072259
0.00160638966305836 0.00357539550691033 0.182711337451034 0.0054795573937338
-0.000684678286958384 0.00822091892885825 0.0467412035602192 -0.116180037974439
-0.00372534825036091 0.00404780502668752 -0.0377836041220152 0.0730105229932639
0.000688129441004636 0.00912806265673222 -0.120598473017297 -0.0173127716489589
-0.00789125530409365 -0.0131095650350111 -0.113115550494438 -0.199049564390555
-0.00382789654704148 -0.0127395179602181 0.168746121974531 -0.297779265143873
-0.000218250898437767 -0.00348379344996742 0.433558019436098 0.0482271242849485
0.000402098228920628 0.0096742267704408 0.191725388016266 0.437205681153205
-0.00821844293349423 0.00993748844897706 -0.164109731870489 0.31725015615591
-0.00703604576627089 0.00135049429130141 0.00533779341208941 0.0510823262496491
-0.00484218082205715 0.00696057783518732 0.153734148960686 -0.245919422992194
-0.00236930736142102 0.0167540333165142 -0.21387426828562 -0.445966237736447
0.0051748234625784 0.00332012416782569 -0.50337457925056 -0.00722885872618952
-0.0064038088247746 0.00318570690024946 -0.139312935306081 0.381168002977821
-0.00761422823420126 -0.000843290167920065 0.181921024479023 0.222886260684334
0.00504849409445964 0.00562963237866548 0.185064116965083 0.00437391299121726
0.000968617435686437 0.00730996444344648 0.0456849187124307 -0.115159882920024
-0.00124435791061316 0.00314549220577732 -0.0395585565246482 0.0736361619544849
0.00334119757147062 0.0108048292956919 -0.119111774108683 -0.0160334706417676
-0.00544327423740542 -0.00785801485596546 -0.113053414606671 -0.200163859088974
-0.00363702261743905 -0.00937772694647697 0.165217510768852 -0.299612360504204
-0.00246454039293074 -0.00541756685822046 0.432201431389253 0.0475137669774585
0.000222246487743405 0.00539048867738264 0.194179594395147 0.436913484151975
-0.00605992213727942 0.00720244146540585 -0.161170118653558 0.317874326555448
-0.00571209815088603 0.000231954595777919 0.00606688547821094 0.052224634625068
-0.00283289950745569 0.0036738675143155 0.155770860894942 -0.24351615881976
-0.00261957145551955 0.0115189788445456 -0.210673803638885 -0.4456023284526
0.00220430509596213 0.00162292461049206 -0.503553700233448 -0.0096964548047936
-0.00534415111852136 0.00695957338824354 -0.144440925484027 0.380037913087407
-0.00432055404933161 0.00494945973638717 0.180489070694694 0.222925502612801
0.00832531566915284 0.00761506696638955 0.187054223902781 0.005147511668294
0.00420007888742321 0.00551845950829875 0.0454505232235774 -0.113536471003844
0.00170156558346806 -0.00148194191229217 -0.0422232805275859 0.0835254907767184
-0.00982388577783902 0.00606760915608943 -0.135827625672406 -0.00216986219115922
-0.0151148434314931 -0.00533397829779615 -0.146676579153838 -0.183838420618641
0.00177590051187726 -0.011681837471159 0.123368181845384 -0.333597262799442
0.00121971792262354 -0.00962246385632862 0.437241332845553 -0.0446969219589521
-0.00297001515763982 0.00478824511344417 0.254564853950362 0.379072261758349
-0.0136609752256149 0.00688227926713734 -0.124020112020229 0.315325658610705
-0.0124888760297497 -0.00148182538110773 0.0131667811925899 0.0447381542688758
-0.011915927267987 0.00248117252295032 0.184342269332502 -0.251416168911497
-0.0092116183085326 0.0115217095604189 -0.161326870722958 -0.501857901833713
0.00873547518386234 -0.00263773356043918 -0.509649891945121 -0.0927236588131634
0.00141314794464047 0.00344159596126168 -0.186227751102752 0.355180262985413
-0.014494647510096 0.00594509611751558 0.156881673302826 0.240958355506217
-0.00715934299573874 0.000384140086062988 0.176562593162419 0.0179271171847984
0.00754768076726488 0.000370674665270323 0.0438881320992449 -0.110715238109474
-0.00110479489058615 -0.000167935791136207 -0.0404748011256878 0.0819100979307779
-0.0102302482786841 0.00573865577901325 -0.13557485711478 -0.00527713739779604
-0.0165735350671479 -0.0110955184065753 -0.142224631257747 -0.184810227882573
0.000181969562050809 -0.0147318501997655 0.13272785294646 -0.328858876276638
0.00262353462458946 -0.00715277348070048 0.43914306642014 -0.029291537938363
-0.00213182849743153 0.00958763778085996 0.24335858746351 0.387424720853923
-0.0141117750135695 0.010187945913104 -0.131931777155116 0.315487950126399
-0.0133026820432154 0.000116201670465775 0.0120852130296801 0.0453502304267726
-0.0127786110240843 0.00562922987519952 0.177853423974561 -0.253425958923831
-0.0076855107411569 0.0169031385589841 -0.175490369090016 -0.493249264831468
0.0108577810721329 -0.000181887358153563 -0.509122880703301 -0.0779333136395564
0.000228715457093524 -6.8483455563078E-05 -0.175737210251665 0.360626513930893
-0.0162658701030677 -0.000246142319268304 0.161791795725278 0.23898167419208
-0.00794064524065088 -0.000463120190804698 0.177016005925456 0.014920076940763
0.00410001010899695 0.00252971806145983 0.0448715217727127 -0.112386495686188
-0.00391901609168509 0.00189139128258473 -0.0387786980254953 0.0792922922313965
-0.0098728685302874 0.00504646974788707 -0.133863848564941 -0.0089012397310733
-0.016698110622109 -0.0152925771086581 -0.136809867992042 -0.187961832572584
-0.000977234704685206 -0.0168525433019013 0.144823471246173 -0.322210896706532
0.00356262897055363 -0.00483370132218465 0.442473205960512 -0.0119666875434966
-0.00162515285094409 0.0132725887226024 0.231623497589047 0.40066493835222
-0.0138890441012686 0.0117501461543836 -0.14154292140493 0.316286842248394
-0.0127454090861985 0.00140184073335298 0.00970916852626001 0.0463905389403889
-0.012445051296273 0.00797395163324182 0.170252405889671 -0.253806622574152
-0.00569607684169478 0.0208197330224176 -0.189959953320048 -0.484508252710493
0.0120192714196037 0.00132859664786502 -0.509784790499703 -0.0594516704402619
-0.00182066013632319 -0.00233915482771672 -0.164519917023509 0.369040947560276
-0.0167645690219707 -0.00403024286977607 0.169407427515685 0.236191454854528
-0.00732546958601807 -0.000449729423994962 0.17862772282253 0.011206298323314
0.00125040229880982 0.00547426053790941 0.0456466297586401 -0.115257975603596
-0.00604711360497594 0.0035881880209941 -0.0374287089120369 0.0772551545040016
-0.00791836785079895 0.00525411914026591 -0.131632079054349 -0.0120347215939382
-0.0155434368886477 -0.0182253209723795 -0.129890199835888 -0.190666716838706
-0.00176299758776147 -0.0178983152607317 0.153293225510535 -0.315718938181217
0.00395844673017656 -0.00282234614363758 0.443226282061887 0.00613084252939814
-0.000642140092064619 0.0153991826484428 0.219878905246626 0.413700843047325
-0.013379239601416 0.0129283983307718 -0.149512103881362 0.317746748598137
-0.012036744421114 0.00250000802240222 0.0080531371036485 0.0475736559701482
-0.0111558188296755 0.00909590913033174 0.163548912197072 -0.253659489535059
-0.00397577366641922 0.023065526335477 -0.202618761053808 -0.474578022355644
0.0114154741800428 0.00308576243100856 -0.508862340139847 -0.0394960672791955
-0.00402720980908612 -0.00263825591174881 -0.152614833508473 0.376950299375987
-0.0164135291493789 -0.00652272941073762 0.176209990989079 0.231984331903707
-0.00517276792696608 0.000786788056140475 0.181033982209266 0.00745498663420652
-0.000517073754447169 0.00686721344670182 0.0460593748173563 -0.116417400890006
-0.00673895034073845 0.00425851117353467 -0.0369587631068187 0.0762079543520386
-0.00480714857040944 0.00609257679934744 -0.128490412523039 -0.0138623734311506
-0.0136987728807367 -0.0188832337639614 -0.124131197409712 -0.194406641288071
-0.00259358511076695 -0.0180449510096797 0.161683150426086 -0.309433306305516
0.00312579975514096 -0.0019990648808293 0.442640567341822 0.0247257632739063
-4.78817450329117E-05 0.0153155285042786 0.209384206463292 0.425219588454393
-0.0120887041582629 0.0126254464785548 -0.156842156313404 0.319471855969813
-0.010449949282786 0.00293540376949695 0.00675546149559694 0.0494227971211984
-0.00883450102958963 0.00938143750887137 0.15667921863374 -0.253334971320376
-0.00279026630400039 0.0233074503713814 -0.214079783374799 -0.461765593487423
0.00975359506711155 0.00364879132743656 -0.509908483986469 -0.0205589248447016
-0.00564820581769696 -0.00159172884768036 -0.142611392038242 0.38319571033633
-0.0146779398457009 -0.00596406474628672 0.18274843338247 0.228487679038162
-0.00235518206214416 0.00209069544464677 0.183314829168325 0.00472916531256675
-0.00132756635355813 0.00785971894653746 0.0463242826026221 -0.117950573384076
-0.00580272656908496 0.00463779813709376 -0.0370930578199748 0.0747127709421495
-0.00175581599161186 0.00726011605112072 -0.124803894195945 -0.0157448379880825
-0.0107961104189978 -0.0172220608611512 -0.119600329761275 -0.198083421332251
-0.0032139156781684 -0.0164843725390411 0.166663080679215 -0.305316693311558
0.00150840948185775 -0.00235112877020859 0.441574749216199 0.0379111564240648
0.000182776945605145 0.0137960253260305 0.202495429462127 0.434797274702143
-0.0094163512916347 0.0120733187450597 -0.161856307521471 0.320420406747319
-0.00880351682400679 0.00242730548934003 0.00600518442455534 0.0505734562263326
-0.0066814854869007 0.00855250360448945 0.154222677929827 -0.251546662634931
-0.00217155927100766 0.0209424691515125 -0.22099291090972 -0.45499515747432
0.00814218479830638 0.00399952410488397 -0.509516198184015 -0.00739910420784953
-0.00660116982497851 4.47166726749021E-05 -0.137072505061666 0.386204371831539
-0.0115099717474635 -0.00441013938813792 0.186679009686476 0.225917753191973
0.00125533174761202 0.00382483302642965 0.186424520156561 0.00226740538019906
-0.000394938089798885 0.00792025171039007 0.0457815256280172 -0.117946512721952
-0.00397144096728413 0.0041577567093099 -0.0376248560582335 0.0747131545365404
0.00079733251896297 0.00899615588270423 -0.122752008322618 -0.0148245311993937
-0.00821112518778571 -0.0132198164009396 -0.117391508092071 -0.200569813665446
-0.00409055951638867 -0.0132993171960384 0.166195687135355 -0.304664095554226
-0.000197271896753029 -0.00336922475069068 0.440358664605119 0.0426300139065572
6.33788795831184E-05 0.0102508516502991 0.199489680840267 0.439759619622495
-0.00793070651756366 0.0101710322086427 -0.161304153281491 0.323147653203893
-0.00690191730209043 0.00156923030091823 0.00613015139633202 0.0517467579310637
-0.00459821772007814 0.00662506533564657 0.152309752357916 -0.250611942691949
-0.00180640370170448 0.0172453284752687 -0.222610625066882 -0.449254985749861
0.00489863379729175 0.0030706531717362 -0.510895027690358 0.000324853574001367
-0.00630940975720014 0.00356853664240151 -0.135647347534097 0.387979799222111
-0.00797840399404427 -0.000422944915667781 0.188576539686835 0.223238287459214
0.00522420167972015 0.00546735406271382 0.188221652991578 0.00195047526607446
0.00121818668210083 0.00713445555964264 0.0459097326213858 -0.117676067806795
-0.00121531959441925 0.00313334679555596 -0.0395033061068164 0.075848744811028
0.00354920684334159 0.0111190143231562 -0.121376324228858 -0.0144432161130034
-0.00600376769149835 -0.0077605785014821 -0.117169901804688 -0.201797596568513
-0.00373596228767938 -0.00967971465250249 0.163024700146363 -0.306164258012882
-0.0027130245074536 -0.00515819306003866 0.439000117212653 0.042647731074786
0.00027989877765277 0.00515772359935878 0.204014125975997 0.441469114663707
-0.00589911851534735 0.00766862352305453 -0.158678933304536 0.324197136252584
-0.00596592795305272 -0.000223293481589826 0.00702748998330996 0.05222024852535
-0.002689890471327 0.00350824207102434 0.155206660311189 -0.248743962943407
-0.00284759377388784 0.012181554459996 -0.219301608288792 -0.448460975701059
0.00230607256375973 0.00142874740833513 -0.511800799933904 -0.0026812017065404
-0.0050448001406273 0.00722984174127686 -0.140168177381321 0.387447042433138
-0.00416685555196084 0.00504599938918032 0.187237166161123 0.223689696757683
0.0085757169036673 0.00722583786437384 0.189845320420091 0.00207580523583229
0.00411349934945411 0.00548084318725776 0.0447391405449242 -0.116299054890478
0.00166113401090099 -0.00196127543983469 -0.0417259607328714 0.085696872548295
-0.00970841952651833 0.00619069584638205 -0.138146523089802 0.000101477911331564
-0.0153344241296173 -0.00522766973800015 -0.152772025187249 -0.184014155292843
0.00129640405130317 -0.0119353853529756 0.118114345612187 -0.340520757688716
0.000665265991893918 -0.00923960508536019 0.441355095411735 -0.0519247875080865
-0.0029852774063698 0.00467413961236238 0.263603528543964 0.378597726597293
-0.0138293060658965 0.00678801123337043 -0.120490069931748 0.32117200421952
-0.0124572125529165 -0.00165325666375995 0.0142920113355278 0.0453579938231214
-0.0120167507297159 0.00270617266665101 0.182620116034628 -0.257204146339133
-0.00842601027373322 0.0119805708677248 -0.173230715521582 -0.505283999200024
0.00890196624462674 -0.0028051105014393 -0.517394250698143 -0.0857045424702253
0.00166245681045184 0.00363088129044388 -0.182424512580287 0.362207315240639
-0.01463092262916 0.00659856758600574 0.163316094456018 0.240692720083221
-0.00718533795096607 0.000449587163694934 0.179681075929066 0.0145974170244314
0.00733722332967241 1.73308223674049E-05 0.0430925726655869 -0.11269598870025
-0.00159938604101963 -0.000141407860063873 -0.0397151661258689 0.0839276886559402
-0.0103160480214532 0.00545675999537011 -0.137901739497046 -0.00313897991548008
-0.0169153485141219 -0.0104443883149641 -0.148150967349191 -0.185576382083886
-0.000233580676532717 -0.0154587585035581 0.128412072697425 -0.336213788345431
0.00303447092747146 -0.00741294423677567 0.443931833700892 -0.037271813869967
-0.00227725959497221 0.0101493443483665 0.25322285765199 0.388293596578494
-0.0141685640636693 0.00991353305263632 -0.127898308748609 0.321282509200864
-0.0125394335085613 0.000167297524231988 0.0127753553597352 0.0454143098055703
-0.0122909866769095 0.00567082816548513 0.176039803538351 -0.258949804951243
-0.00738189614956233 0.0173710302657202 -0.185401062585369 -0.496870572658534
0.0107187923521844 -0.000495500427926721 -0.518005815319199 -0.0705072569773182
-0.000213390457735753 -0.000212396538878841 -0.171738178237899 0.367895565314498
-0.0163625075218974 0.00039087354935048 0.168393458289653 0.238887703445924
-0.00804770710665538 -0.000257036804664158 0.179682598358738 0.0117402737053573
0.00405564915033972 0.00246678032501025 0.0434591581160648 -0.114802978011184
-0.00393655744931539 0.00189965111007291 -0.0383842403918027 0.0818367043550266
-0.00970362152877271 0.00537172375652515 -0.136205808159937 -0.00649566537243013
-0.0172602096196541 -0.015636237329814 -0.142195251519817 -0.188185526127602
-0.000797677421127954 -0.0173925758439056 0.140409260161965 -0.32914076451918
0.0030844290245603 -0.00475147011344414 0.446783054840295 -0.0202391723955906
-0.00134327041926413 0.013840500570756 0.240924517352567 0.400919878455113
-0.0139656905266778 0.0120135526475161 -0.137361355806309 0.322158292485662
-0.0127336475321524 0.00183130357542375 0.0104597843290721 0.046508572793409
-0.0121157928280053 0.00829688583628778 0.168516456984343 -0.258625093238353
-0.00531023678119507 0.0212294056543814 -0.201216506500434 -0.486883120058581
0.0112969326150332 0.0014239933067545 -0.517070771902469 -0.0498263859650444
-0.00208317856288259 -0.00201551624192876 -0.159329959308654 0.376615735712251
-0.0174218471671633 -0.00409033226189999 0.175264739867243 0.235304121424057
-0.00741520539124171 3.61446427560655E-06 0.181869032977427 0.00762157909140801
0.00117968790459424 0.00508283708953779 0.0444737281892596 -0.117410282709662
-0.00617125782021812 0.00325913059140776 -0.037072963814391 0.0796675370769884
-0.0083277049421566 0.00525927164550098 -0.133084742285583 -0.00920655360875905
-0.0159677615129851 -0.0182138084726039 -0.135572708449909 -0.191525316478634
-0.00256450405423147 -0.0183907528264541 0.149788161395144 -0.322813797125406
0.0035853755412564 -0.00257369383099954 0.4486797954738 -0.00114276195640062
-0.000676819220914791 0.0157719330885678 0.229467628088801 0.41421910038694
-0.0130094643678899 0.0134586679656323 -0.14605943700744 0.323670125846356
-0.0117457563410826 0.00264854745379334 0.00951336895842348 0.0476411154926726
-0.0106948824478858 0.00968089431632287 0.160855143864071 -0.259605976821718
-0.00358038177608483 0.0236500936805754 -0.215580753963608 -0.474613050494528
0.011625398676835 0.00290882332417899 -0.516002953867566 -0.0299461672761085
-0.00428749724087652 -0.00266073043960063 -0.147206149297496 0.38429358764566
-0.0164871339996709 -0.00614513983766641 0.18285739532264 0.232316731555348
-0.0054348246517366 0.000570196310930525 0.183501454992719 0.00401636543119842
-0.000487367791863921 0.00678309191333753 0.0446300803502756 -0.118980920768865
-0.00651719322936624 0.00410519454234156 -0.0368201857962876 0.0780762540506612
-0.00517739391604139 0.00614202208639323 -0.130100774939918 -0.0118830239284384
-0.0142407137794178 -0.0190629152408979 -0.128991879101434 -0.195344751638555
-0.00294281413129218 -0.0183996931087386 0.157839429834052 -0.317308642646582
0.00305874592499097 -0.00195702665008311 0.447933064360593 0.0166570313095113
-0.00029592761375588 0.0163426687194979 0.218525576657568 0.427072826628715
-0.011580026616294 0.013054511023178 -0.15305733145752 0.325015120583012
-0.010265579220342 0.00278133205295869 0.00792261553543545 0.0489770798227234
-0.00866799203575475 0.0100226416416506 0.154808418985818 -0.258506436266499
-0.00246959721021546 0.0234712326531364 -0.225164228116695 -0.462725390095163
0.00983273454326297 0.00376223351286291 -0.515886559279443 -0.0111839607133894
-0.0059692661796656 -0.00170731228923627 -0.137766112834055 0.390722496830662
-0.0150196368216825 -0.00575429043844173 0.188729327691334 0.227719939434371
-0.00209244660086598 0.0024304548502809 0.186068164334581 0.00076078848183286
-0.00130600572693072 0.00818833292932952 0.045177267005522 -0.120907186766035
-0.00607309876309523 0.00444833454275232 -0.0368370326660909 0.0771136725523252
-0.00174664798598893 0.00760676745862301 -0.126672652664253 -0.0133519493589833
-0.0113074513040857 -0.0171321373367192 -0.124863478419709 -0.198906592259663
-0.0037164723736186 -0.0163725837270009 0.162352597518649 -0.312505607394306
0.00134733672243205 -0.00237389068819913 0.447237056698626 0.0304338482962255
0.000179116073014114 0.0139892965801077 0.21187495709963 0.43816285285079
-0.00963306838169436 0.0117535315469839 -0.158146374837095 0.326974801099933
-0.00881189324767532 0.00216268718966601 0.00737250772738539 0.0508345059675294
-0.00621088239206975 0.00892115493206077 0.151903938182104 -0.256076590892001
-0.0012031638095446 0.0211322365286003 -0.231693697058934 -0.455043467446706
0.00754400750780839 0.00328539014781861 -0.516757136152737 0.00103351371988667
-0.0065499402282329 0.000462912590236274 -0.130907011856553 0.393916921511683
-0.0117636004846398 -0.00367610201451463 0.192716149971119 0.225845498903653
0.00138342068826457 0.0040169875232121 0.189132598260218 -0.00123450391524321
-0.000420255138889022 0.00806318815697155 0.0451611345966386 -0.120533275907368
-0.00435274318045907 0.00415434068180245 -0.0378495488872974 0.0766610126102591
0.00126051757865636 0.00911510091935427 -0.124602169233476 -0.0136037322872233
-0.00874333306617003 -0.0130609964319098 -0.123192301506811 -0.201547024032427
-0.00434463693003567 -0.0136585852234001 0.162966409830446 -0.31144431693397
-0.000560733337426008 -0.00356046790442844 0.446582599502612 0.0351658675682373
0.000559378277473578 0.0105294026693665 0.210283256844394 0.440825267191645
-0.00769858185794048 0.00977364216987691 -0.158410861338425 0.329669937636023
-0.00668111671499211 0.00135674356576662 0.00748785815270075 0.0525885593636564
-0.0043767035036006 0.00645698640270701 0.150870798150036 -0.255686014467562
-0.00168431451730761 0.0173116891236428 -0.234509291659236 -0.450089298202129
0.00503839120999451 0.00266230450036138 -0.516946296717177 0.0097344669618553
-0.00608936631531939 0.0032779933815916 -0.129453311265091 0.394842959901308
-0.00825194296248685 0.00026954209822137 0.195269872121235 0.222734690301055
0.00529465815535829 0.00572770547111499 0.191720861810791 -0.00313535396793356
0.00117490800438652 0.00733962593105607 0.0442350252863028 -0.120369314140638
-0.00145289135379632 0.00274542664556855 -0.0392162473841408 0.0771200192285894
0.00385100935352233 0.0109196552010099 -0.122905126900916 -0.0126021258892822
-0.00624196353624583 -0.00746682566858347 -0.123374669372226 -0.202973142292431
-0.00361567244947021 -0.00996772217200127 0.159160800638076 -0.313699377157317
-0.00290817522320296 -0.00522632690792215 0.445683006837767 0.0350155404287949
0.000282756210993087 0.00611359402102619 0.213626310142071 0.441183425613219
-0.00544824137872229 0.00714549884855177 -0.155561019775057 0.330948219140921
-0.00562107553218898 5.44560996759681E-05 0.00772767760168451 0.0532339767781135
-0.00243405175829077 0.00392726481985955 0.152209746584168 -0.254066386381791
-0.00228653869804381 0.0121785360931092 -0.229888525001483 -0.449896262208168
0.00230318051669261 0.00131863275241398 -0.516838282187235 0.00774757632234346
-0.00517831862164894 0.00706853373499638 -0.134635716932336 0.394295866075161
-0.00398390247154246 0.00548482219236794 0.193688429298642 0.222876231685906
0.00894305020531302 0.00739677826178539 0.192674674683315 -0.00119585346589994
0.00416191385915524 0.00559511362092908 0.0437199699799066 -0.11883689506008
0.00140054178749981 -0.00222115923847177 -0.0413432910051677 0.0880884535379749
-0.00941960020412172 0.006091328664491 -0.139274392244842 0.00329556874637347
-0.0157020765414648 -0.0049184577984235 -0.157533428574458 -0.183477015749048
0.00121064005984075 -0.012052212916707 0.112220200265281 -0.346087662760091
0.000817154324018569 -0.00961039521818854 0.443986102291887 -0.0616150864320864
-0.00347366327177703 0.00546357262307838 0.273184238443323 0.378057208951783
-0.0134597392640034 0.00673147546111447 -0.115085026630294 0.325574473985623
-0.0128164578254823 -0.00155865583610661 0.0153908432398712 0.0455274539706272
-0.0116489694112174 0.00276774552386957 0.179455823055814 -0.261728658404838
-0.00854179094188245 0.0128021704464939 -0.183638049898429 -0.505804358298758
0.00857061819837239 -0.00298158932454638 -0.524163289621834 -0.0761641762991869
0.00178585345341182 0.00321736230190988 -0.17647299132185 0.369441337044754
-0.0144762536555646 0.00686389104785502 0.169691179970336 0.239857791825461
-0.00748155712210842 0.000867264636866014 0.181890963471178 0.0108417603108015
0.00774539214574295 -1.0818215439661E-05 0.041582391254133 -0.115081842652282
-0.00228477025215022 -8.07436578805097E-05 -0.0396653282727081 0.0859717274215711
-0.0101872649867675 0.00565754014300474 -0.138892620987624 5.50789231735381E-05
-0.0178976931190983 -0.0106414527428685 -0.152975376772976 -0.184911018671421
-0.000409241197486843 -0.0154180886132154 0.122220123229122 -0.341384605570762
0.00244490701782535 -0.00752886357279162 0.447805632273419 -0.0472545719180097
-0.00224385246012406 0.0102914876231028 0.262073224752763 0.387550199028352
-0.0139155413813248 0.0105508204721962 -0.123480916503395 0.32642494211842
-0.0129401089247184 0.000421749259642953 0.0135024014501673 0.045540441474194
-0.0120720153545081 0.0061819107298318 0.172655326222701 -0.263908001637203
-0.0070374743936603 0.0178328667240086 -0.196105916573598 -0.498248688437035
0.0108595915119926 -0.000463948578357066 -0.522973406891308 -0.060783144316895
-4.05286550212765E-05 -0.000161273637027191 -0.165515578637216 0.375171382859508
-0.016416498173458 0.00134014857846246 0.175569606807288 0.237385184715994
-0.00801136438111737 -0.000161807421347573 0.182795100574539 0.00769154100992316
0.00400577205415453 0.00243362407921089 0.042622537560473 -0.117156146783434
-0.00446266962303539 0.00185398262772243 -0.0376091735815961 0.0834120859288579
-0.00973180604438739 0.00513286851557836 -0.13753417959677 -0.00359754241858192
-0.0178663943622898 -0.0149597151019205 -0.147387685039396 -0.187958913431746
-0.00145817769062287 -0.0179274916932456 0.133882594224661 -0.335075206608096
0.0033019460408436 -0.00487866875724641 0.450692106453778 -0.0288788977798541
-0.00118634783070408 0.0145268804873343 0.252046912128532 0.399616991766952
-0.0137865945717205 0.0124245415042137 -0.132873208337051 0.327529336893052
-0.0122153264152129 0.00214014255531272 0.0115315225272211 0.0470206336182362
-0.0119288693142733 0.00842362681264868 0.165094297741899 -0.26376515643571
-0.00499057786534374 0.0218756918609127 -0.213142422993005 -0.4865497630346
0.0118808417324639 0.00123431369322241 -0.522520683728749 -0.0416215105438849
-0.00207329760800286 -0.0021495253377634 -0.15320779082724 0.383226185223589
-0.017199196356388 -0.00302843512090956 0.1821499560814 0.234017453131935
-0.00750574729752711 0.000350009658216968 0.183987618259848 0.00405236739982569
0.00112037150745607 0.00479195719916429 0.0430516324164343 -0.118842428150928
-0.00667234932701653 0.00310861187979656 -0.0358577125043934 0.0816665129584435
-0.00762884024353984 0.00520542447203189 -0.135018305285369 -0.00689991275759891
-0.0169432920295801 -0.0178623867054883 -0.140769579577009 -0.191325397204609
-0.00270516583576477 -0.0189268825643179 0.144126069566042 -0.329124216725957
0.00387764813829344 -0.00302714258363796 0.452462329908064 -0.0107397201728658
-0.000670316565535877 0.0162587725819606 0.239928194195082 0.412365072188629
-0.01259807364435 0.0132234906539351 -0.141512780529618 0.328815501919986
-0.011694939638119 0.00290045362957167 0.0101864257070029 0.0481251886136079
-0.010306662763907 0.0102422099885433 0.157900343557649 -0.26423248602914
-0.00310340834008077 0.0238231130635901 -0.226324132411362 -0.473465621528308
0.0115670831919314 0.00242606562798757 -0.523559121788201 -0.0198563028291797
-0.00416682602799176 -0.00233251423130937 -0.140283517892694 0.390557150626231
-0.0168671257372189 -0.00555165785654215 0.189340249816923 0.230329829532773
-0.0056170618799622 0.000899881064068621 0.186230872694243 -0.000263963940115241
-0.000547383721849762 0.00660660963476141 0.0435626868920303 -0.121221445312476
-0.00690710271379838 0.0042902602442263 -0.0357666997684839 0.0799412118968318
-0.00472680245668138 0.00634281357456076 -0.131751609922218 -0.00982187605939156
-0.0147291840937333 -0.018700112150833 -0.134905274947228 -0.195593805066598
-0.00347721042704877 -0.0185504592265033 0.152611658520424 -0.323292021224296
0.00308986292721295 -0.00225270952536793 0.452950614446035 0.00870944290773106
8.17804228256235E-05 0.0164981924315182 0.229420165361507 0.425782763831357
-0.0112449848503616 0.013278037975607 -0.148542094653563 0.330606149954169
-0.0103556139019555 0.00302229073318229 0.00898740485528642 0.0494187323290871
-0.0084817295221645 0.0101160385885509 0.151572192107675 -0.262888310695168
-0.00169311272907956 0.0238219312847042 -0.23669366409486 -0.463743420321643
0.010311854724003 0.0033144457290086 -0.522267061856339 -0.00126193553864856
-0.00610543947398463 -0.0019104110830706 -0.130533561412448 0.396507524332991
-0.0149923522688486 -0.00568986528410021 0.19514805467884 0.225870551055591
-0.00226271577695433 0.00243510572159214 0.18835451164599 -0.00282267199625263
-0.00110616050874482 0.00764646525298147 0.0432972274488559 -0.12245820909498
-0.00597944780992432 0.00471332260657477 -0.0361147002839872 0.0785543397923054
-0.00176920539770271 0.00743650578123826 -0.128898190553782 -0.0107023575946745
-0.0120564522751963 -0.0169407320154555 -0.130431301725166 -0.199072553960409
-0.00408669342286182 -0.0164781749082152 0.157623574749812 -0.318752460605181
0.0013411041792329 -0.00194624735688683 0.45212331533105 0.0217001421204665
0.000139024514476164 0.0143365895911499 0.221659408197129 0.435149116689619
-0.00955337595924359 0.0120380802336267 -0.153379408421036 0.331825444723549
-0.00848494457677375 0.00264952984181689 0.00834090229711296 0.0511652984848817
-0.00616260209606337 0.00897740736562281 0.148575714675564 -0.260852174231568
-0.000831816738056861 0.0217819576817697 -0.243151277998282 -0.455103943553877
0.0077782715129815 0.00340749435945711 -0.521455464696035 0.0119062374754978
-0.00634237723976622 0.000116245339774551 -0.124467796647917 0.399958959268452
-0.011602960747206 -0.00349935242063084 0.199326255505569 0.223091912148963
0.00160486695046317 0.00370142000583713 0.1909990094282 -0.00556855297391411
-0.000795062961767304 0.00808853976282914 0.043274210463281 -0.122923888960391
-0.00430948276077158 0.00414693779274867 -0.0370445520047029 0.0783396812650031
0.0012725191199359 0.00919849494220725 -0.125656106767929 -0.0107395043692503
-0.00937991650040275 -0.0129403958254744 -0.128410817840402 -0.200962204379614
-0.00447015678178747 -0.0138094901677884 0.158351593417815 -0.318338951662221
-0.000422567008097067 -0.00326063069657228 0.451478589457282 0.0269638150563798
0.000508737044450445 0.0108777593829558 0.218587275190579 0.44090891704063
-0.00770720054534397 0.0100835743561101 -0.153358746522515 0.335048973233712
-0.00657428478635559 0.00146596743116856 0.00811745573330701 0.0523509422665321
-0.00403750098988769 0.00699530507366355 0.147114618431274 -0.26007551665228
-0.00104258332141216 0.017607463656664 -0.245405447300066 -0.448366033385859
0.00537151403930126 0.00281898437970325 -0.521896595934798 0.0191261022034736
-0.00605650748480759 0.00361742106086844 -0.12218826371872 0.401998293497937
-0.00844766974236298 0.000197688146802924 0.201453268860046 0.220609593646096
0.00526210624880657 0.00575072280474954 0.193771235789707 -0.00637464450540222
0.00133974897470283 0.00707654243214911 0.0427910496612955 -0.122414684240289
-0.00188844998386563 0.00288509958953133 -0.0383819635217594 0.0793990538034321
0.00421293797189411 0.0105717622763558 -0.123676174273286 -0.00938892204185243
-0.00647837569888709 -0.00741511899045835 -0.128598409659448 -0.20288300947045
-0.00465676267397647 -0.0101930989866414 0.153857656083114 -0.319881808804331
-0.00309641717555407 -0.00527313981306071 0.449683603010257 0.0265250164145439
0.000457918536447176 0.00620108090339004 0.222891749148304 0.441848366629377
-0.00552766827272375 0.00697184897140216 -0.15064238134273 0.335778251986787
-0.00590887292654162 8.26878938129612E-05 0.00925945178563306 0.0532057500425594
-0.00249061132302239 0.00376443176334412 0.149680152966502 -0.258551272472969
-0.00228168607239956 0.012578452799815 -0.239634448709853 -0.448891133355928
0.00209311199548358 0.00147279470818355 -0.522817001801034 0.0172362115883095
-0.00506870712979147 0.00718279707704672 -0.12798964389843 0.400378318636328
-0.00403933595135055 0.00564692712588964 0.200491024482701 0.220853521103554
0.00896448452588532 0.00717775714806875 0.195320407576677 -0.00551322271796943
0.00403594604200406 0.00579957463194997 0.042146106987774 -0.121382461892414
0.00078117284501027 -0.00219813063671069 -0.0401252227112593 0.0900490331182765
-0.00969713670544186 0.00670724602953941 -0.139996201524521 0.00619861971967238
-0.0160474328064718 -0.0047589820692913 -0.163524872100364 -0.181780671216702
0.000360742440227673 -0.0124233144730532 0.104550638245155 -0.350916964555083
0.000173702505347423 -0.010061680936125 0.445329641114506 -0.0718594105526206
-0.00293157991174705 0.00575693613232197 0.281820786516926 0.372956235165026
-0.0131688734818319 0.00721067731662817 -0.109526962401328 0.329413574306685
-0.012510834032239 -0.00129903332524315 0.0161505475347307 0.0450923731387272
-0.0116362995211972 0.00333657513392407 0.175780774307264 -0.267056745131633
-0.00806694648037349 0.01296015811762 -0.195538930808581 -0.505121754347695
0.00829132620196235 -0.00240403030946247 -0.529030554796954 -0.0652895985127859
0.00190876776990795 0.00330367710028452 -0.17016720359601 0.375174749336835
-0.0141734127368539 0.0076568476509432 0.1756289999204 0.237188835163981
-0.00756594874746921 0.000775705714281085 0.184069630633712 0.00648461804624452
0.00753054240756967 -0.000552812838952705 0.0400477645988294 -0.116930751653376
-0.00202347587293842 -0.000129240196689407 -0.0378777268426308 0.0881105486233461
-0.0103200088697621 0.00572683129213185 -0.139552089812425 0.00270263800364007
-0.0178577568582313 -0.00999315684458673 -0.158489682185554 -0.183289463829879
-0.000922709869554408 -0.0155539425942345 0.115439842416505 -0.34655453981892
0.00213772811556769 -0.00717679422459001 0.448877163069309 -0.0564697974822403
-0.00177032216456589 0.0107559109720944 0.273002095629823 0.382846280204726
-0.0137227088660327 0.0102707218409819 -0.116691931871035 0.329996542955361
-0.0129386285022396 0.000716643013523231 0.0149939767661757 0.0453925963962795
-0.0118874372231751 0.00632394737678015 0.168385697613035 -0.267706385197178
-0.00676744871916427 0.0181538099308497 -0.208584272367997 -0.496298175569835
0.0106364802068208 -0.000730079904860577 -0.528701470930372 -0.0494249007730352
0.000156636655056849 -0.000123083983816032 -0.158117541613075 0.381348904960547
-0.0163914823314062 0.00158690505421029 0.181762958008679 0.234749246329356
-0.00811416910344532 0.000259407732095565 0.184235964117577 0.003291353973228
0.00433370731584429 0.00236200452312618 0.0406033101442751 -0.118946195466281
-0.00466030791012559 0.00144319298090382 -0.0365833505676202 0.0848759059839481
-0.00971606620594322 0.00541016130487638 -0.138492842312016 -0.000818292749031784
-0.0181744683637181 -0.0141750777816066 -0.152181324208437 -0.18633572703836
-0.00212480428058676 -0.018077494747257 0.127484529977392 -0.340419683341927
0.00372797643075336 -0.00504564619401785 0.452333700991813 -0.0387644655153258
-0.0010626986812727 0.0145741945449224 0.260649338200535 0.396553176646758
-0.0131661429953721 0.0126296959553428 -0.126769413719971 0.331983448049622
-0.0121911089821769 0.00174125676236461 0.0129202553480728 0.0466810039428223
-0.0114123362660506 0.00889720022797481 0.160890312371794 -0.268532717009189
-0.00420015444347344 0.0222618321394702 -0.223875312573317 -0.484821118148128
0.0119112373335591 0.000847057948886959 -0.527351402917992 -0.030702269816998
-0.00240118201984157 -0.00183355851356823 -0.145923870677131 0.388529116570352
-0.0169811769883196 -0.00265058267033361 0.188568498683416 0.231602183928873
-0.00750844976019646 0.000207102676226019 0.185539662118797 -0.000840207945968509
0.00140552452077803 0.0051023070566964 0.0409532532341375 -0.121316995071328
-0.00655090506574076 0.00328099018185445 -0.035734467956575 0.0831851286045751
-0.00773084730648027 0.00560613430941631 -0.135946764369245 -0.00395160842717484
-0.0174151946769896 -0.0176344345006709 -0.146278387827268 -0.189924069918865
-0.00326880023514695 -0.0191207426328411 0.13864921184828 -0.333988206151018
0.00354555313794298 -0.0033480359305672 0.455282210643931 -0.0198028316267696
2.23220405646827E-05 0.0168547330024713 0.248728489124257 0.410651813731098
-0.0125324941510203 0.0136249116576129 -0.135630160178762 0.333995369019383
-0.0112962386403436 0.00321631426665852 0.0116532490349684 0.0482134544887302
-0.0102990872901756 0.0101086597866212 0.153298501020737 -0.26783191536402
-0.00243652706056667 0.0244198985353188 -0.237843326783528 -0.472376979317396
0.0114816796619191 0.00229676086071447 -0.525544733990939 -0.00816058483254237
-0.00415582441464356 -0.00254950841674329 -0.13258782789289 0.394718450523399
-0.0169810284338505 -0.00490381472881854 0.195450964847589 0.227039951942085
-0.0054566669954861 0.00144372254636382 0.187541861157092 -0.00460625660669966
-0.000422484358470893 0.00669065623520696 0.0413608073713937 -0.123476163258884
-0.00729076151361339 0.00402973887744691 -0.0346464771779572 0.0813459100122179
-0.00473268444712538 0.00633283234713311 -0.132673970091577 -0.00671649193431396
-0.0154353680697675 -0.0183301860771519 -0.139801889004831 -0.194340829743678
-0.00393852647591135 -0.0186797343982715 0.14636772673103 -0.327903252209905
0.00298689332532044 -0.00201751671559486 0.455909805158286 -0.000764552655730515
0.000281792078529089 0.0166632744689746 0.23769368158664 0.424742235154462
-0.0108664478421206 0.0131470266155626 -0.142639263266206 0.335157294756208
-0.00976328170771194 0.00320464405200309 0.0103768642567768 0.0497939755670767
-0.0081337522612553 0.010530690140919 0.147448034483974 -0.267452302489022
-0.0012568164754882 0.0240541997554106 -0.246921530597895 -0.460751009787097
0.0104116377025259 0.00285174516727256 -0.524457133447306 0.010782563173462
-0.00579444622300331 -0.00191041458796373 -0.12282287540628 0.40159466951183
-0.0151702115003117 -0.0051183623431857 0.201348093325124 0.222998169691734
-0.00221924300834268 0.00265702956340159 0.190298980312472 -0.00737723789493327
-0.00145786024882811 0.00819172919102226 0.042004109344988 -0.12480655510944
-0.0064475934732121 0.00425614062784439 -0.0353906591102369 0.0805428754524725
-0.0016159871584121 0.0076685558467001 -0.129532446656922 -0.00760586183914563
-0.0127192457122381 -0.0168362550484464 -0.135744267469542 -0.197856270077995
-0.00427413002285352 -0.0168525743418603 0.150993859269198 -0.324466696497203
0.00125445066826004 -0.00225008222328271 0.455294064652938 0.0129598310648528
0.000949345972548999 0.0153477812470144 0.232132405496671 0.433630152596267
-0.00911273077443924 0.0120933093325363 -0.147481809717487 0.336804272782942
-0.00841940770413226 0.00206468449539852 0.00945178552766386 0.0512407484829467
-0.00584408757118883 0.00919738362666632 0.144840668172625 -0.265052594069777
-0.00040287616588916 0.021532483902124 -0.253122842426091 -0.451439953481442
0.00795242561155785 0.0031412718948436 -0.524657593516497 0.0236613275625741
-0.00664691783720677 0.000172413833913735 -0.116238953910535 0.404437737874836
-0.0121217231215027 -0.00317824814564518 0.205391111743296 0.220299636137908
0.00156880745439829 0.00431630110052597 0.1926363887666 -0.0100929518943806
-0.000719747497816166 0.00840582296873242 0.0415242359198035 -0.12466784986681
-0.00449490456159931 0.00403700674821023 -0.0358155649716167 0.0804520291253812
0.00180885802596078 0.00900272095544413 -0.126663205797953 -0.00886759147710726
-0.00963973476361963 -0.0130988588515385 -0.134657403270958 -0.200838214209613
-0.00509515926944263 -0.0136698269934405 0.151225714849897 -0.323541648297002
-0.000803439258228089 -0.00294768815836066 0.45467800196097 0.017327229664786
0.000549788620816729 0.0112037606417392 0.230023522555186 0.438777705942391
-0.00724584936585323 0.00999312269380553 -0.147646156589584 0.339580559957808
-0.0069702478440142 0.00158712658956378 0.00951928085414508 0.0526744183643494
-0.00375530037201621 0.00692133384671358 0.142396808432898 -0.264145976069916
-0.000589613428608258 0.0180289248670828 -0.257712402367521 -0.444951290920281
0.0050599618850724 0.00276340037456405 -0.523815205721633 0.0319840830607246
-0.00606049578600002 0.00380871184448258 -0.114320059097259 0.406650688136555
-0.00785559545941076 0.00111920664128078 0.207644036887926 0.217367915168704
0.00593633561165835 0.00558463203473745 0.194841666458056 -0.0113943287559515
0.0012719701572406 0.00738282917936115 0.0404967256823602 -0.124770594036862
-0.0018353618906579 0.00277128092772158 -0.0372376569879968 0.0812353013478394
0.00458996932308709 0.010753645659486 -0.125304250151675 -0.00759300428980094
-0.0067569801759614 -0.00718344319942895 -0.134282813701714 -0.202287985472217
-0.00476361891907249 -0.0104821676611017 0.146575033847984 -0.325508681100922
-0.00328091367488133 -0.00517897269004503 0.453646671433045 0.0173661627332029
0.000390278055327439 0.00673805992541098 0.234184314990254 0.439762930394497
-0.00532282980312297 0.00711698653381193 -0.144457936540823 0.340605372374268
-0.00579930165000167 -0.000251883407526127 0.00969571749998981 0.0533723917673108
-0.00245313422652452 0.00368954974464866 0.145384540593532 -0.262348825721688
-0.00180562639750058 0.0125545667160102 -0.252243847265014 -0.445151188598821
0.00226506583096532 0.000874361939544082 -0.52560791451212 0.0283941210401031
-0.00463844013562931 0.00714779405460592 -0.119931230378816 0.405517399522094
-0.00385022647952047 0.00589768459311892 0.206672070199398 0.217680937906133
0.0090665677510102 0.00724466451301926 0.19633759505557 -0.0104277898985451
0.0039725218601294 0.00529316851792189 0.0402998144997532 -0.123116702316183
0.000523915488001381 -0.00223053646999776 -0.0380415391557808 0.0912719444007523
-0.00952371812155046 0.0067753747607674 -0.140128085234939 0.00904765888806591
-0.0161106282949275 -0.00416463839101269 -0.168071250062861 -0.178893295590521
0.000415699788228551 -0.0128939736455412 0.0960712589173291 -0.354265136556469
7.97170678297149E-05 -0.00944262526311058 0.444446241897936 -0.0806916095777895
-0.00329547388508495 0.0060333018148344 0.289938513643331 0.367059857326308
-0.0133755732196418 0.00715820433129016 -0.10276239417887 0.33197246413544
-0.0124658713106526 -0.00114640970321757 0.0173973105661024 0.0449792135386404
-0.0115185348820764 0.00332959249216097 0.169809504661233 -0.270659645298314
-0.00767580340994213 0.0128858680958822 -0.207238324688202 -0.500757551773914
0.00812075484188155 -0.00336931430369515 -0.533445484335442 -0.0537061996916423
0.00227381260179418 0.00285897245149036 -0.161177224927275 0.379531201542649
-0.0140649405679827 0.00805422840127099 0.181164297922723 0.233556720640805
-0.00768470614551866 0.00130659120964452 0.184717295506328 0.00258591345548165
0.00750018907636847 -0.000166777302314095 0.0377688711460425 -0.119034976188076
-0.00240179529110078 -0.000393204618649693 -0.0365573146470362 0.0890982698495558
-0.00996641884497142 0.00597210508943863 -0.140251358232212 0.00638765709673373
-0.0180834717417322 -0.00984219645205185 -0.163310526698135 -0.180695841254581
-0.00103948149322394 -0.0159121350922372 0.107824343847024 -0.349838683527748
0.00199595255822514 -0.00739297653603452 0.449730979072652 -0.0674876774168315
-0.0016994423726093 0.0109920641483774 0.28023639729312 0.377653545508907
-0.0134325643975755 0.010485874991957 -0.109935633504363 0.332499850093812
-0.0128435095957117 0.000975946264693134 0.015957397357905 0.0452492849556118
-0.0119693152795884 0.00694713253239595 0.163397827773152 -0.271787837422269
-0.00616129879810467 0.0184772407919816 -0.220282160006773 -0.491955570353947
0.0108201600853635 -0.00115478844472683 -0.531569273726617 -0.0374842786629914
-0.00022254319496556 -8.51536333873644E-05 -0.14991433415636 0.385348393346158
-0.0163149956239287 0.00198632910956121 0.187131551499213 0.230775295314862
-0.00823916030186644 0.000292116776444094 0.18511629580024 -0.0011043130371575
0.0042091044971023 0.0021711851437842 0.0384794813192329 -0.120612097796186
-0.00492310980169462 0.00188199143568728 -0.034982975289269 0.0868535326980494
-0.00920528032851531 0.00552196366007058 -0.13840207995079 0.00178824466212079
-0.01881299073542 -0.0141303373933182 -0.157069638183781 -0.183289693915308
-0.00260564362734171 -0.0185077030123767 0.119838482949449 -0.344038906611767
0.00335632405336625 -0.00501340251226451 0.45296463797696 -0.0490104838680351
-0.000424927742284966 0.0150069740827887 0.269301053077179 0.391547419123987
-0.0132134551881863 0.0122964287295455 -0.120082576609205 0.334612667889889
-0.0121812865982624 0.00213975035973565 0.0142703207492374 0.0460642600345742
-0.0111069797657752 0.00936236980928276 0.155411886694066 -0.272101662228848
-0.00399068595964436 0.0221416845750635 -0.235661998545971 -0.479837916791572
0.011786343704309 0.000781111887544737 -0.529424829517568 -0.0160397245881032
-0.00199049671161571 -0.00220509996962623 -0.136662804379807 0.392340797919642
-0.0172100888188187 -0.00197901724732259 0.194733609462394 0.227272767887856
-0.00743424358169758 0.000651500890969233 0.186475648731736 -0.00491651825189726
0.00122775017533116 0.00508102717872738 0.0387888315180495 -0.123523819042897
-0.00705376573517036 0.0032256440297425 -0.0341942528111175 0.0844087192482165
-0.00766645606704929 0.00538124860062198 -0.135761522188571 -0.00113818560521342
-0.0178809262123272 -0.0174736942320501 -0.15159813808627 -0.188142309500791
-0.00366161883383862 -0.0188360730007604 0.129920574018049 -0.337892521672013
0.00321629170582819 -0.00313914081566522 0.455745378450912 -0.0294949707085808
0.000439131035641948 0.0170213836629249 0.258305572405279 0.406300378028641
-0.012020520495778 0.0135993245523318 -0.128853648638968 0.336428357945663
-0.0108016691992212 0.0031690786924763 0.0124931174304561 0.0476548781970729
-0.00961750376720438 0.0105673508767519 0.147724863378909 -0.271229366754622
-0.00182950462307041 0.0240316841812842 -0.248735339225576 -0.467426766627306
0.0115224001458675 0.00247071613142344 -0.527509669314139 0.00286617868462748
-0.0045654087701007 -0.00270405937558594 -0.123181042343771 0.398655773177454
-0.017224633455666 -0.00464886684441023 0.201254948133103 0.223801034332794
-0.00547679821835418 0.00172808193503087 0.188485073353152 -0.00904950226929756
-0.000380496716484291 0.00693626879888596 0.0393040368385575 -0.124622781840046
-0.00740637766863383 0.00439158951200798 -0.0336039486675153 0.0825853389000428
-0.00447381927612536 0.00616759925236571 -0.133302585833267 -0.0041325877231081
-0.0154100240683818 -0.0180005930658617 -0.144944099616248 -0.192019923032848
-0.00471683019825138 -0.018908095840319 0.138257370104928 -0.333347759282825
0.00261797355880546 -0.00180569570248262 0.456595319818204 -0.0108264398607716
0.000726296043737996 0.0169871386697552 0.246390558390572 0.419052620720296
-0.0104421088554399 0.0132187721451165 -0.136157214392997 0.337912242387472
-0.00976301637699171 0.00308217172455337 0.0114406840751316 0.0490205563146688
-0.00771771469005867 0.0103436044142847 0.142162079898276 -0.270096514625498
-0.000317958617491031 0.0241602587134448 -0.257857237557042 -0.456023715786234
0.0102914305171131 0.0028274651297129 -0.526810859110958 0.0224977779627962
-0.00581646085515091 -0.00183729517741108 -0.114210018380598 0.405100850199819
-0.0152485978026916 -0.00463961813387201 0.206615652150525 0.21916769645512
-0.00203202140420385 0.00247583019292409 0.190524388818642 -0.0120268196726344
-0.000927664439114613 0.00792560485053499 0.0390711674794031 -0.126134168533746
-0.00689879393109148 0.00431640371080644 -0.0339504321705393 0.0814612092029792
-0.0011969629906185 0.00746740738734725 -0.129893895742278 -0.0056377791423998
-0.0132147518653984 -0.016133005312569 -0.141011161899819 -0.195776314362601
-0.0047559035976926 -0.0170009644957722 0.143802225958672 -0.3292101045682
0.000879214373249495 -0.0020157944150528 0.456111253744951 0.00248640706807414
0.000657658915927909 0.0153706672317594 0.241704679255683 0.428701023665378
-0.00869835838809145 0.0117264423780266 -0.140512408908418 0.339396937885616
-0.00818714761539541 0.00254249237403882 0.0106797677188156 0.0509273470354779
-0.00538976797367445 0.00948138183735047 0.139246170150573 -0.268071294397312
0.000168963129476936 0.0218610664543057 -0.264600918992752 -0.445568330410325
0.00813919066130458 0.0030554647285738 -0.524611180500343 0.0356057953450997
-0.00589102338278083 0.000775895240445308 -0.107241510324429 0.40748143584786
-0.0118880417149614 -0.00276707495611648 0.210851794079654 0.215660142076812
0.0017231957494836 0.00444011652116819 0.193030140127295 -0.0144904176972059
-0.000281920744583408 0.00833687292298915 0.0387108534110431 -0.126378726732569
-0.00459203329961527 0.00401303273693208 -0.0347461638700833 0.0817191400089752
0.00184904723302202 0.00928485456359585 -0.127043159120642 -0.00527084833881547
-0.0101767127056959 -0.0121242710533542 -0.138888677821431 -0.19831988568253
-0.00546882651359633 -0.0136925310868354 0.143866057982598 -0.327591842721648
-0.000831451022148606 -0.00295677871137289 0.456097882158246 0.00796358996202458
0.000954492172575664 0.0115546200083304 0.240192454566564 0.434566565304962
-0.00681763219697276 0.00946141630374201 -0.140710456585647 0.34231928401734
-0.00660719020532914 0.00139371719834294 0.0105638797830001 0.0522054211328788
-0.00358826839621957 0.00703363630893109 0.13744756774425 -0.267254773388235
-3.07782437923738E-05 0.0177886396707242 -0.267076057977303 -0.441128011046427
0.00490127334945629 0.00234033297514417 -0.524817586291461 0.0436705551066041
-0.00589016948381862 0.00383146522657308 -0.105932632045358 0.409918767135458
-0.00770817418278344 0.00106036837964418 0.213412100092479 0.21277742717392
0.00592962791146348 0.00571820030045383 0.1956062424341 -0.01618368527939
0.00149522255078893 0.00728630144740392 0.0384806216429269 -0.126496754698622
-0.00252593117221854 0.00277010590587262 -0.0358686793729564 0.0827075195033129
0.00479236387839053 0.0106271800175242 -0.126015070544367 -0.00464151436178613
-0.00701996791105038 -0.00692923560324599 -0.139298087009761 -0.200886118811592
-0.00500741925444417 -0.010375063828212 0.139641353088659 -0.329393889763528
-0.00334545294856618 -0.00489683640447357 0.454091786191442 0.00705934679842156
0.000532172289256271 0.00655847760968544 0.243801206045329 0.434229427702777
-0.0054970902769367 0.00679949854639828 -0.137459397071851 0.343784833486392
-0.00531832893453544 0.000269076812710308 0.0111904996037938 0.0534014889494631
-0.00226778637058809 0.00445228280254056 0.140738716872085 -0.265590476125072
-0.00111386087845224 0.0126237133038747 -0.262027856484339 -0.442245080559454
0.00182643348383182 0.00124679280311621 -0.526436339090741 0.0415017114944779
-0.00497596181158969 0.00720170006854164 -0.110729903339985 0.409590916228565
-0.003006292824502 0.00621423884369738 0.21229432207099 0.213023790810742
0.00918404598395016 0.00692918379078757 0.196732223517529 -0.015331202718754
0.00428007058433424 0.00522329079242805 0.037857468942545 -0.124270967247772
0.000528411442065403 -0.00233882281248882 -0.0364454656172441 0.0924528738935545
-0.00879077746925169 0.00687514306701288 -0.140137176346589 0.0123034680916304
-0.0159692227186753 -0.00372475867363802 -0.172680450958664 -0.175742538836911
2.6168988547822E-05 -0.0129668402013952 0.0879204209088853 -0.35574746237116
-0.000343888073761154 -0.00960093329005203 0.441737525635416 -0.09064433037458
-0.00328729241639705 0.0064838777224852 0.29671024467934 0.360795775873329
-0.0128252359457283 0.00771781659059194 -0.0953375327244348 0.333245713772214
-0.0121859649462699 -0.000930240280205161 0.0185821589835589 0.0439685279559274
-0.0106989447221875 0.0036699866842369 0.164239164772065 -0.273515479258294
-0.00733819665614348 0.0135364042653011 -0.217128695804739 -0.495125402380072
0.00820096690158624 -0.00379627634285636 -0.53289818605267 -0.0431444534492933
0.00201731251998976 0.00310594623846091 -0.152483184260886 0.382522988166416
-0.013975483579481 0.00849405522728257 0.186606605220157 0.229610590359577
-0.00750713167939406 0.00165625897729774 0.184823762774675 -0.00210120697345972
0.00761161890663055 -0.000556994987483801 0.0355668452425647 -0.119361912237283
-0.00296895570776672 -2.07516442281503E-06 -0.0348700673531692 0.0899157700094527
-0.00977942345779335 0.00613990418851836 -0.139839122978371 0.00903593185892821
-0.0183004855745409 -0.00893812002434353 -0.167504130157378 -0.177132937468517
-0.00165743312433409 -0.0160625809622968 0.0983593408217962 -0.351557203760678
0.00178123783718336 -0.00727216809534322 0.447009987838466 -0.0769243275897271
-0.00149314531770643 0.011516286215228 0.288201507718432 0.370093797525694
-0.0132809849772682 0.010595327339837 -0.103252675182137 0.334238340231723
-0.012546592169698 0.00119129639993198 0.0164248960646422 0.0451697895266532
-0.0112032339225195 0.00696189105166813 0.157624559706142 -0.274173078532774
-0.0057898836876862 0.0185739844694596 -0.230324517045882 -0.485883829675492
0.0107246950260854 -0.00137676250176651 -0.531937878432704 -0.0253386259603757
-5.10608520782156E-05 -0.000270746485383921 -0.140805087389745 0.388045415556142
-0.0160255867286434 0.00260854080965669 0.19191656353539 0.226737979904758
-0.00792268879996076 0.00106770324911907 0.185313722573176 -0.00545749414779294
0.00385811067193852 0.00228924321522362 0.0359191362191158 -0.121671443166232
-0.00516105561999626 0.00191418161066837 -0.0336080463377758 0.0876235664832089
-0.00964269866599841 0.00561457326412525 -0.138013227383211 0.00513161358596239
-0.0192961784998357 -0.0134675819731113 -0.161905452655437 -0.18069413273525
-0.00323401217038477 -0.0183442291299885 0.111597496377737 -0.346180371547159
0.00356799212718255 -0.00470924535850832 0.451513374256764 -0.0581854336214279
-0.000267269362374482 0.0154640124564787 0.277080207145997 0.384447828841287
-0.0129717698345195 0.0124837981535545 -0.112301214426828 0.335650252056745
-0.0119421150546023 0.00243661748877856 0.0150362581396359 0.0455057350749346
-0.0106624998220375 0.00943371489759408 0.150197544370901 -0.274117357281027
-0.002959352022756 0.0225709717473198 -0.245315030057005 -0.475328863301774
0.0117306204494825 0.000391774374138582 -0.529852621933354 -0.00442252620374415
-0.00280317502444994 -0.00240745128173051 -0.127705886603511 0.394774743422498
-0.0168190209550957 -0.00120460383499906 0.199260349178095 0.222179858503767
-0.00768145071317552 0.000706685757385304 0.186155440612888 -0.00956938453787233
0.00172047533737232 0.00473461956827041 0.0361274823975951 -0.123856154812367
-0.00646852093575305 0.00340703592370432 -0.0322323874328027 0.0853618506801186
-0.00749006131436049 0.00588145771060191 -0.135291361130607 0.00184580742178647
-0.0181436696858514 -0.0170643095361436 -0.155489277343287 -0.184248713096522
-0.00414703134508309 -0.0195166195566613 0.12165038908143 -0.34032267004978
0.00320655502643931 -0.0026086228729219 0.454250316520351 -0.0396060444373085
0.000304722019119385 0.0172908980093296 0.267034706129881 0.399206246739936
-0.011786992133147 0.0138920021790741 -0.121694864855335 0.338483978760084
-0.0110749751089429 0.00353834902984931 0.0133658480071523 0.0472767678478832
-0.00923110891712078 0.0111487514532156 0.142236677705419 -0.2736020251562
-0.00111810647962502 0.0241050265025443 -0.25771230856865 -0.462148418373629
0.0112582294628607 0.00182235340355011 -0.527070157926484 0.014996328633431
-0.00466194227932106 -0.00295334423807662 -0.11469301262639 0.401263680897968
-0.0168519656802903 -0.00390526973041798 0.205690845640083 0.218262080575533
-0.0053699023108492 0.00171601811656211 0.188071441434019 -0.0138442751013165
-0.000310277078848972 0.00671059707305085 0.0365525466954727 -0.125759489570287
-0.00749014591000242 0.00411200144151312 -0.0319164259041236 0.0838148124579409
-0.00415302871906141 0.00607841370725918 -0.132797228066017 -0.00118575634434958
-0.0160587182552112 -0.0178099863432616 -0.149518458763487 -0.189078367868406
-0.00506274161668401 -0.018730728354689 0.131465921751449 -0.336305233663864
0.00267694910104343 -0.00191411840521036 0.455492862204203 -0.0206990511843701
0.00113916959758749 0.017528256352883 0.255739260130676 0.412840779783149
-0.0101644105752523 0.0133720986813408 -0.128711988442072 0.340293681160994
-0.00911137862830559 0.00313891185846535 0.012384344734464 0.0489794988640603
-0.00717229239930521 0.0104728879749901 0.136447589603634 -0.27154783282888
0.000660635563923245 0.0240449142726051 -0.268171871796206 -0.448691930771233
0.0102808851380696 0.00289391544107131 -0.525280323439572 0.0346285035805271
-0.00624672182552982 -0.00183620033417712 -0.10449571604449 0.406764860823877
-0.0151038937367783 -0.00423190765117713 0.212118400502794 0.213724573330342
-0.00201897688065189 0.0031748108902518 0.19051631808127 -0.0171370833460301
-0.000784655184010574 0.00845236949385267 0.0369890634955889 -0.127378436860702
-0.00699705183744023 0.00477246351094345 -0.0323309144061714 0.0831029936256351
-0.00111658706264921 0.00708162136007081 -0.129762699937906 -0.00260202799310102
-0.0133799680951975 -0.0161203468609129 -0.145531583148537 -0.193155263937488
-0.00545639600478543 -0.0172000504679479 0.135796792325869 -0.33184665620833
0.00112535004608456 -0.00202833166611232 0.45588119592383 -0.00753176801171053
0.00143605931789039 0.0153830339610062 0.249295552194453 0.423793920768087
-0.00875427326447516 0.0116652648867133 -0.132788417484165 0.342251510516358
-0.00796034662868286 0.00263409159758964 0.0117408316863867 0.0505286260892252
-0.0049722762369877 0.00936505001117853 0.133443887316043 -0.27004873537738
0.000970800325291388 0.0217110901790125 -0.272435422269332 -0.438468805668778
0.00791112725025605 0.00313758721841884 -0.522668909935997 0.0470474475108
-0.00653878010888082 0.000820379966980919 -0.09834501608272 0.409786065726313
-0.0119883770931714 -0.00222242875866661 0.215734667403078 0.21084763018526
0.00164981000755564 0.00407838537198357 0.193300823490189 -0.0199657518939859
-0.000413135919158562 0.00825519855679994 0.0361482323165551 -0.127251363715747
-0.00519330503344317 0.00353664221095664 -0.0330376329919967 0.0828556518290132
0.00234511290189728 0.0086563530938528 -0.127222989957531 -0.00285643469433791
-0.00973534289802107 -0.012007015962966 -0.144615772258247 -0.195282068941431
-0.00577869181027072 -0.0145120004354432 0.135845273393297 -0.331132666095619
-0.000911387756557389 -0.00262612537187933 0.455414422045588 -0.00172729750885724
0.00144218703339438 0.0117077357687128 0.246878382862917 0.427978530435508
-0.00637132640266788 0.00943658586096264 -0.133566625752608 0.344811208893236
-0.00665176554545037 0.00113892467024938 0.0118093995183828 0.0517093146737789
-0.00347292465293465 0.00705737231683016 0.132530979556669 -0.268936852577851
0.000304798215472207 0.0178733818138314 -0.275776293244357 -0.434117718036378
0.00495049323557494 0.0024257352188699 -0.52332307989679 0.0543985975048893
-0.00592988823789036 0.00348486644047575 -0.0957939942359591 0.411943219811341
-0.0077860263900594 0.00170152362109898 0.218084418027511 0.207137639848963
0.00596485687331134 0.00525394940240214 0.195135042902929 -0.0210542184620806
0.00173125240966145 0.00728051519829755 0.0358444337033855 -0.127346155002014
-0.00275251418999109 0.00288176239063229 -0.0343756024282409 0.0836557226017011
0.00465017575475018 0.0104292931508449 -0.125198984854232 -0.00148798786831834
-0.00719421272409727 -0.00647337122064474 -0.143589344366477 -0.197313853662837
-0.00531673200732192 -0.0102709778434676 0.131925653255813 -0.332399653150463
-0.00334800184439111 -0.00460460993937546 0.453437463152719 -0.00273268320781153
0.000667269264730095 0.00697859628963763 0.251289323494288 0.427839758839492
-0.00465867489400487 0.00702165255290447 -0.130730443495881 0.346229113320852
-0.00564869546086253 -5.4710671017929E-05 0.0125386690369881 0.0527725827785655
-0.00182272446998096 0.00438391968236715 0.134599117512289 -0.267169661326961
-0.00044441023617622 0.0128715471850835 -0.271845046306407 -0.434478056488643
0.00206338561089848 0.00145701422042465 -0.524847831345671 0.0533546150394953
-0.00451547648387034 0.00734637198225577 -0.101828965732276 0.411256221226299
-0.00326515287980441 0.00644606822884004 0.216510499157925 0.208436187194752
0.00959240463357025 0.00742223777178051 0.196633169067739 -0.0204027507486526
0.00416124537070892 0.00483218900142099 0.0351572026058131 -0.125273940202449
-0.000204811103541596 -0.00250953631796679 -0.0349879596993211 0.0931557315890862
-0.00906249068945312 0.00704806173642118 -0.138879212200458 0.0149793601358486
-0.0161060662809629 -0.00292202408965986 -0.175319880009115 -0.171492051573717
-0.00026455687764577 -0.0131574808224886 0.0790928381547758 -0.357131476992629
-0.000579717769378222 -0.00936230814859516 0.438327625904355 -0.0991169830414943
-0.0027093284075091 0.00712451622543046 0.304076737723342 0.351832135760691
-0.0125558678381751 0.00727374982938403 -0.088554588862561 0.333616352836135
-0.0120499627850382 -0.00056146136834501 0.0192088494537403 0.0434182757412713
-0.010726494582962 0.0039784147494987 0.158419927968476 -0.274970516659206
-0.00670076982210702 0.0129851637670274 -0.22748631210312 -0.488378843591697
0.00798033002611762 -0.00396819461609946 -0.53065415556287 -0.0298556114048123
0.00203297698070481 0.00278765355871939 -0.14399878825588 0.384053535628923
-0.0135737348313729 0.00904935183418179 0.190987960429555 0.223905488493337
-0.00740316020101946 0.00155212831572547 0.184567616656385 -0.00649908871754059
0.00754642662352034 -0.000625752448109206 0.0327500003923489 -0.119636741160845
-0.00303298678440519 -0.000127996038330352 -0.0330317742317378 0.0907403009554095
-0.00951259907459483 0.00650642389972872 -0.138981472966285 0.0119800548141491
-0.0185143499837409 -0.00836677133505245 -0.170919690634134 -0.173321733765902
-0.0019979525646179 -0.016215722576233 0.0905736254977828 -0.351791593409897
0.00161776576363978 -0.0073175909585248 0.442485924856656 -0.084935406841355
-0.00115502693371592 0.0118031765655599 0.293797741111625 0.363068555046088
-0.012968351118283 0.0102386648097193 -0.096670249201828 0.334380129252718
-0.0122155185542165 0.00117746030965029 0.0175362469265613 0.0440026994957218
-0.011142457814171 0.00698067042027013 0.15212465555259 -0.275790734253872
-0.00489858648997388 0.0184945161361385 -0.240113914953462 -0.477567187482587
0.0103077070194905 -0.00174960806443051 -0.529570470618515 -0.0160353616336656
0.000208784939676918 -0.000136815400772079 -0.13237075456441 0.388740739515172
-0.0160113626657097 0.00305303268652437 0.196776381439682 0.221629989793144
-0.00809916837151578 0.00099665010022535 0.184204608703975 -0.00996629608443943
0.00420022248033836 0.0021611511146126 0.0336538637243018 -0.122042374617333
-0.00544999912891964 0.00197688687363708 -0.0314300282388838 0.0885728772658822
-0.0091618648153268 0.00566780712726108 -0.137318367154863 0.00807248817860674
-0.019511346159632 -0.0129273304591574 -0.165273021324008 -0.176725561454046
-0.00343970539121969 -0.0181884819077029 0.102756590092051 -0.347652829467241
0.00293891414152347 -0.0048016732450479 0.447832586568854 -0.0669757985076154
0.000178619072811037 0.0155207511480445 0.283087406888621 0.376521058154155
-0.0125076618952756 0.0125637054441163 -0.105765560017723 0.33641420221254
-0.0115956107063602 0.00261928662744486 0.0158490265440062 0.0451091809785764
-0.0105018547798895 0.00975876601696282 0.144110815611117 -0.275091098313291
-0.00259765089517585 0.0224988587734078 -0.2538844314964 -0.466617149194166
0.0116466659806797 -1.7348821707279E-05 -0.528603701893191 0.00607198327554067
-0.00238732281624262 -0.00177503793732676 -0.118424554208138 0.396038065767361
-0.0177558730138773 -0.00088413265413799 0.203080000985702 0.216727413113345
-0.00768983380011479 0.00107660102853492 0.185870682156511 -0.0138656579001135
0.00152164420443948 0.00446036993472018 0.0341795039653234 -0.124204675566197
-0.00705054437535938 0.00349438846406909 -0.0304151001864061 0.0862602751835428
-0.00745334535481789 0.00573392732646815 -0.134782790890653 0.00492455819982394
-0.018690220008705 -0.0166470115921233 -0.159247086607581 -0.18099346877333
-0.004708736147315 -0.0194785892772269 0.113354058272893 -0.342300222229017
0.00315938030801942 -0.00304948974738936 0.450282775719006 -0.0489775975625996
0.00109975317154368 0.0173155785858198 0.271454603569964 0.390519302595426
-0.0115456846486097 0.0134094202946296 -0.113995956047559 0.338121792628524
-0.0106102722392602 0.00370326524513221 0.0141702059361423 0.0467017884919784
-0.00912529264224063 0.0109421281935772 0.136395814285903 -0.273969494051802
-0.000857010096984166 0.0242944649865224 -0.266546850606328 -0.453095284807801
0.0112967937760007 0.00184774175626731 -0.524443551088456 0.0268277258530765
-0.00470290422005759 -0.00287991169503577 -0.104932196280545 0.402454061581512
-0.0171884628331523 -0.00337445855112034 0.210105114434367 0.212952178459435
-0.00530925199829091 0.00182433529382367 0.187370328516194 -0.0180037767424569
-0.000229993087311978 0.00704186584139105 0.0342963623225195 -0.126165793547118
-0.00794246485368963 0.0048982389946572 -0.0304300516151686 0.0843730151420406
-0.00444499611131068 0.00629683258870196 -0.132109199191131 0.00199403491477365
-0.0166136018551752 -0.017239017124405 -0.153378746765515 -0.185426522549946
-0.00554784083488665 -0.0187710943267904 0.12262414090139 -0.337660583291107
0.00326113294362222 -0.00187803814422797 0.452894221862258 -0.0302817187116605
0.00165521476829807 0.0175384172014866 0.262730995356098 0.406121878473637
-0.00999950100780399 0.0128875810076185 -0.121521369151264 0.34043238546227
-0.00929427904502957 0.00317230881430715 0.013524332515962 0.0480646922934433
-0.00677179923159725 0.0108751233973262 0.13084466147141 -0.272915965714702
0.000838862359143731 0.0240290216182538 -0.275653116925703 -0.440832933734625
0.0100801036739933 0.002239874840657 -0.52319497456184 0.0455436440277621
-0.00612125085958678 -0.00147902081756471 -0.0951581208407433 0.40664559351913
-0.0150616567594543 -0.00344660539305074 0.215496337045548 0.208180931526228
-0.0018900260001758 0.00270758647610854 0.189335710709974 -0.02147052853428
-0.000706409615150453 0.00791814565938102 0.0340374297592185 -0.127796427143569
-0.00731780775356824 0.00469179950628871 -0.0307856586109429 0.0833097906699293
-0.000696632022150753 0.00744899020378533 -0.129720310432867 0.000310045975760851
-0.0135949602017104 -0.015869993067884 -0.149019552501098 -0.189616721924347
-0.00615446381725115 -0.0170349010052294 0.127681214891537 -0.332882871695816
0.00128797348907556 -0.0018795118604543 0.453557206127541 -0.0167863003497703
0.00159488184847678 0.0155919219817669 0.257595367679369 0.415548709203386
-0.00819989781431391 0.0116012103033922 -0.125611170903924 0.342249829388965
-0.00764867207852699 0.0027186836570628 0.0125811790282108 0.0497006727452819
-0.00513555522883436 0.00967256685983696 0.12780477531579 -0.270373692405509
0.00121892039417923 0.021954013342872 -0.280559854737458 -0.43177221543214
0.0075138136028231 0.00267343243824049 -0.520903592550164 0.0584051223030439
-0.00677993830519665 0.00042352010649788 -0.0887730999260522 0.410011983253454
-0.0116847516067359 -0.00217244860236718 0.219440335922194 0.204792105101923
0.00185615677646003 0.00457865867172326 0.192122288841772 -0.0243565727638673
0.000238406023643238 0.00822156174846272 0.0340540997886678 -0.128024548027548
-0.00565874516178725 0.0042290580616669 -0.0313625564249397 0.0833683158816573
0.00249237026164843 0.00862638453191365 -0.126697810584256 0.00021874915238921
-0.0106160959889824 -0.0118911754875664 -0.148388089623045 -0.191862867488411
-0.00638873732832191 -0.0141275127626655 0.127103909053688 -0.331797384953079
-0.000792887295173737 -0.00294265634263626 0.45313394827902 -0.0116672130958572
0.00162924452005575 0.0119280999219527 0.255541834472855 0.421008968697484
-0.00629981621735458 0.0093689914221861 -0.126018697707036 0.345589690352681
-0.00628367090300445 0.00155500366771035 0.0130392725588826 0.0510642816902683
-0.00267407169982646 0.00700259142678638 0.126777353845882 -0.269790880213497
0.000809714072784204 0.0177999702097163 -0.284104384439142 -0.425911830793012
0.00464412974090764 0.00226567853061316 -0.520275123787613 0.0664362668545846
-0.00581694507892456 0.00369357747101166 -0.0863488800562555 0.410776099314018
-0.00747257848830722 0.00184299864596781 0.221781784741114 0.202066273070698
0.00627645481293873 0.00567055834742017 0.194323541810444 -0.0252383757220419
0.00193818343767853 0.00711313446908439 0.0330216943898408 -0.127594830177441
-0.0024515294084935 0.00267108430495229 -0.0325989513817048 0.0840071071671149
0.00515761846331006 0.0103625773232178 -0.124165159431741 0.000730591163834499
-0.00704769651861793 -0.00690486838787603 -0.148366022481283 -0.194424570501227
-0.00532017677638856 -0.0102571651321133 0.12335110951985 -0.333177841998823
-0.00321650332736809 -0.00448928430759121 0.451829129667274 -0.0115529246516503
0.000968281697469407 0.00735875361883615 0.260389251579301 0.421578901488659
-0.00491019118989143 0.00641288253938666 -0.122335362614369 0.346517193923287
-0.00529893763346946 0.000159507191796114 0.0136373074667548 0.0521049484536133
-0.00141691984612483 0.00399503815953556 0.128759080308783 -0.2683916192082
-0.000142052098746234 0.0128198936270513 -0.277858359949436 -0.426657956750555
0.0016204251450758 0.00114748777485865 -0.51981573239378 0.0638971715667157
-0.00419090661791378 0.00746919210562514 -0.0919398224492198 0.410899535484719
-0.00305624404840513 0.00681043090088614 0.220254898475552 0.201883474775066
0.0097419378011625 0.0072538245137503 0.196071712217203 -0.0245934722268626
0.00446646899227183 0.00533689061888356 0.0319526545314477 -0.126255669525772
-0.000397781027499398 -0.00233268171123063 -0.0329101665879344 0.0937969697891878
-0.00864716212969175 0.00687271201557647 -0.137292734511567 0.017854047806404
-0.015924966911463 -0.0027695516151901 -0.177745998394123 -0.167230881549088
-0.000758501253743722 -0.0133744628918526 0.0712420126770591 -0.355503782869079
-0.000952007803296853 -0.00892881065296912 0.432847809849841 -0.107311439493805
-0.00243474949831273 0.0069141792586635 0.30694987947233 0.343615893458663
-0.0125169514776402 0.0072398167547644 -0.0818873202657584 0.331430647635776
-0.0118671740162737 -0.00031747260190201 0.0197471371730851 0.0425082860527376
-0.0105727692198658 0.00421371394754746 0.152300046242078 -0.274821907832483
-0.00681433649348656 0.0136205009522169 -0.235222969968838 -0.479257485611985
0.00758570616857875 -0.00379980615091656 -0.528593086840518 -0.0187534970179147
0.00219882041224545 0.00272970817194338 -0.135156017013827 0.383528687013392
-0.0130663276438587 0.00916122853296627 0.193598146002623 0.218955534233432
-0.00718292136232489 0.0022011717519957 0.183201338817279 -0.010775762180675
0.0071791013797663 -0.000885326306375076 0.0308593636871353 -0.11963944711857
-0.00323272339304493 -0.000693694224198982 -0.0313196289288449 0.0911874617800376
-0.00947349829824011 0.00617480169264914 -0.137486511268004 0.0147874085326969
-0.0188699031342948 -0.00795322742583226 -0.173910672742542 -0.168644916596945
-0.0026355896547586 -0.0161590340277994 0.0830449823698369 -0.351118544213374
0.00141146839724074 -0.00694827105107966 0.437397205441915 -0.0934511195057261
-0.00109428191379397 0.0115131311949099 0.298006062099418 0.354225795166428
-0.012595433679342 0.00990164866071249 -0.0895193426692954 0.332605214907917
-0.0122732238723167 0.00160885681230563 0.018360683271466 0.0430338240860723
-0.0109051241587523 0.00740986542214083 0.145277098440812 -0.275263666096674
-0.00458457862159075 0.0188349801303356 -0.246242532949515 -0.4697207309698
0.010263567205213 -0.00192814004225782 -0.525770403182158 -0.00408404827138363
2.84208475395779E-05 -0.000561190964303723 -0.123379013984343 0.388557217224629
-0.0155050135587962 0.00347892134363801 0.199248965005204 0.215973457248256
-0.00781520301942611 0.00149530174234877 0.183211836836706 -0.0136609677263006
0.00402200507128805 0.00195699073581663 0.0314584109138373 -0.122028091265452
-0.00578266391859382 0.00169240665102149 -0.0299157543910311 0.0889084657026217
-0.00906150275128346 0.00587659955380358 -0.13622732667989 0.0110605655518577
-0.0195565962260376 -0.0128897014700324 -0.168111101478532 -0.172444522908976
-0.00431699939258142 -0.0188167054395402 0.0949095802653683 -0.346736435102353
0.00268050698892644 -0.00479389893476931 0.443097577767006 -0.0749573842918561
0.000222328015026209 0.015611265460085 0.288194107525514 0.368284401520022
-0.0123218614000252 0.0125284020069387 -0.099075817233044 0.335691807603473
-0.0114240405104513 0.00287871581075772 0.0165572314971496 0.0442723473217906
-0.00952451433845883 0.00961179460289124 0.137796913802388 -0.275102196952001
-0.00203686183523166 0.0224834432850594 -0.261859028747517 -0.457374288704415
0.0113950111982325 9.4314925696436E-05 -0.523670605150419 0.0163815547411148
-0.00225009083869489 -0.0022830708656979 -0.110621706160571 0.394522791684859
-0.0167112597806393 -0.000658683695001617 0.205560015065725 0.211732356329995
-0.00711277904310598 0.00130922054764608 0.184116532033574 -0.018117468761484
0.00145847232744204 0.0042160555708595 0.0313197758414928 -0.124591899663928
-0.00711948278632412 0.00346791350341978 -0.0288664071773718 0.0866206833985108
-0.00680866211186696 0.00586739661099231 -0.134521913633888 0.00767556467089751
-0.0187763423772579 -0.0155635577137241 -0.162166906473997 -0.176477857150422
-0.00513400214559207 -0.0194669213222809 0.105495108811782 -0.342399174947436
0.0031976668674592 -0.00297071312575805 0.446954056051279 -0.0568672324040191
0.00155415755265452 0.0178914033576825 0.277109403315296 0.383148021299083
-0.0109428895672291 0.0137729940078095 -0.106904866886097 0.337588545016426
-0.0105620618767235 0.00320756325714677 0.0153425079524419 0.0459045411838245
-0.00843502927969381 0.0108871429354591 0.129919673433843 -0.274427395115349
0.000258423678199008 0.0241564013787451 -0.27247483957014 -0.443847017376896
0.0112352597212977 0.00139162227200404 -0.52141458119529 0.0366900547349611
-0.00437807176689265 -0.002704032510849 -0.096006585605325 0.400684185786581
-0.0169635558019124 -0.00333447978550509 0.212068214263364 0.206648136284508
-0.00521512196995931 0.00191010983263398 0.185366134189183 -0.0217485027112578
-8.52084321542922E-05 0.00661216270553246 0.0314916024755484 -0.126457920754446
-0.00776952915445075 0.00442893558844221 -0.0289591622930283 0.0847577383550358
-0.0038335164185714 0.00644137650456958 -0.131457830988427 0.00402115001441257
-0.0166713193554289 -0.0167294312538793 -0.156506283034061 -0.181628354980629
-0.00641377609109221 -0.0188846260496113 0.114945877255092 -0.337591878502796
0.00250924549520765 -0.00190217734737549 0.44889578160828 -0.038228575174221
0.00193046130378388 0.017953712431392 0.267390201792158 0.397560587767791
-0.00991936787530161 0.0129400861456481 -0.114052956207639 0.339366245193903
-0.0092627695486009 0.00321488273573246 0.0142289583581692 0.0476873599234914
-0.00678030273921688 0.0109026161014231 0.125027118693199 -0.272493455077302
0.00125888581735947 0.0237041945355791 -0.281978044030564 -0.432043345654879
0.00986278743514024 0.00230077146668983 -0.518720929445555 0.0554714134121072
-0.00590827007735053 -0.00124184111280987 -0.08616216555321 0.405102333180372
-0.0147485003512346 -0.00301431784139711 0.218990000962867 0.202103437812087
-0.00149931986416231 0.00305544628124746 0.188252684921757 -0.0254483814155662
-0.000268149803118401 0.00784478987133996 0.0317505365816436 -0.127664267288985
-0.00728050131053273 0.00474540319607117 -0.029138449181881 0.0840497022053821
-0.00048709405757998 0.00731547107405351 -0.128313337074861 0.00230448823846795
-0.0135971213303069 -0.0155423640700594 -0.152310416314223 -0.185414242036608
-0.00663174996425996 -0.0169350629804329 0.120035072290427 -0.332784395779147
0.0010647812647939 -0.00173877956033557 0.449445607783486 -0.0256742629332328
0.00183405019881856 0.0157567163509043 0.263078790336647 0.407296829391416
-0.00810348102936321 0.0112015582687402 -0.118416918594458 0.342513096188237
-0.00716925337595974 0.0024095569606249 0.0135454897666933 0.0491591054042192
-0.00464583520822809 0.00939705368988733 0.122861831212151 -0.270930370522248
0.00210631953896807 0.0214508075306011 -0.286815296056182 -0.421486073551338
0.00747857881935846 0.00253330164530968 -0.515094702271668 0.0675482506461345
-0.00649711411565239 0.00088948189157077 -0.0798022975239123 0.407624025427589
-0.0111561159942052 -0.00157219024266548 0.221908960205306 0.198473968575596
0.00230205194325195 0.0045302689836372 0.190407001757406 -0.0281976415196889
0.000216271349964012 0.00820466229252928 0.0316776693452473 -0.128024842524005
-0.00552807695196713 0.0045545942164604 -0.0298276808104565 0.0839586824754541
0.00308595334674313 0.0085092460039735 -0.125987547699449 0.00213779589446965
-0.010948053320741 -0.0113064232272792 -0.150955169946397 -0.188354132307715
-0.00662412525325427 -0.0138781489559198 0.120311930712225 -0.332757332830814
-0.00115187390291886 -0.00258198398329908 0.449475370412125 -0.018917356476206
0.00191986473657152 0.0121707386174833 0.261473534141597 0.412823574237752
-0.00610167453507503 0.00925836140052539 -0.11801550453003 0.34477585022165
-0.00578497205762026 0.00179740109383177 0.013530386834583 0.0500339151854697
-0.00256549948688423 0.00710769990325152 0.121491773833957 -0.269450346836269
0.00123405088804781 0.0179321806566485 -0.289421349235113 -0.415714769601012
0.00467196636672759 0.00216882763555622 -0.513730742670109 0.0746495569837995
-0.00582450732950426 0.00379328586969848 -0.0775789438646585 0.410463035483803
-0.0070228060877571 0.00227949533326511 0.224432699676359 0.195729267738304
0.00658003559663509 0.00523505520167467 0.192080467892518 -0.029684164105872
0.00213390347207672 0.00714589004637766 0.0306448709011016 -0.127365034502956
-0.00321316839384211 0.00257192067546133 -0.0314075069359368 0.0846702243874643
0.00502556091683009 0.0101204752280323 -0.123967389203767 0.00357773226304504
-0.00735500648524827 -0.00609741784412595 -0.151479578920633 -0.190007021362082
-0.0060670291021873 -0.0103537969229103 0.11541616107399 -0.334171371232475
-0.0035441985754333 -0.00460097917311741 0.447754833943146 -0.0206768584893296
0.00125582245988779 0.00746924238921761 0.265394636497653 0.413861290321318
-0.00474107462268158 0.00623812405347622 -0.115055079462975 0.345284486608502
-0.00492788155598491 -0.000537960562549436 0.0140350371235547 0.0512547024800551
-0.00146806857666724 0.00390557504620346 0.123308074438833 -0.267284720837342
2.06633821597749E-05 0.0127476578879966 -0.285136302042399 -0.417309567369232
0.00190227208962059 0.00153939341387783 -0.516177216443931 0.0742600926518588
-0.0042750876645404 0.00721974799603202 -0.0831014721616282 0.40922175753568
-0.00271091148607672 0.00676769606354396 0.222738298967736 0.1962578538026
0.00973792328858649 0.00685420378978429 0.19420113871535 -0.0285748226354982
0.00419638237200882 0.00505383515825596 0.0302479918225994 -0.126081660845535
-0.000762537658547134 -0.00244214083864883 -0.0312814453496527 0.0935986112986297
-0.00838624328431371 0.00707164806246974 -0.136049222075704 0.0203615742645999
-0.0157412450683904 -0.00222114836015408 -0.179677651113173 -0.162552596373541
-0.00134378530375364 -0.0128747485817848 0.0635622734090772 -0.353297817748479
-0.000653330043736073 -0.00887139383800292 0.425979227005607 -0.112724929498032
-0.00227495659469547 0.00689457966414809 0.309724476775638 0.336236062344172
-0.0120147457240718 0.00717153527767763 -0.0760391044706541 0.329045833658472
-0.0116818485994772 -0.000146938604271159 0.0202465303382904 0.0420017347317064
-0.0100312925380562 0.00410379145772365 0.147160999613025 -0.273901386820374
-0.00591315873083888 0.0131061842302055 -0.240525289430046 -0.469853415669813
0.00733594241064914 -0.00394199139882669 -0.522859710743401 -0.00880786577518624
0.00193499311117219 0.00302073217914512 -0.126806594918367 0.382099464234048
-0.012572438462981 0.00984943958123963 0.195428807471278 0.213073935183993
-0.00702798076245876 0.00237850814987511 0.181748018453389 -0.0144261042647996
0.00684154904972711 -0.00111907764524686 0.028843598711623 -0.119445405147943
-0.00349438129297677 -2.63581391290668E-05 -0.0298840641882885 0.0909853286810266
-0.00905540182368571 0.00644981139968455 -0.135640887713139 0.0169160757496915
-0.0184605248167323 -0.00737805226364066 -0.175401044090015 -0.164339777390852
-0.00274357007487749 -0.0161766267349127 0.0748555952554957 -0.349840987035145
0.00155799613150222 -0.00689422845814932 0.431510032141422 -0.0985261511318394
-0.000580113120500315 0.0115463251527076 0.301047985481081 0.347249277427039
-0.0122920408662108 0.0102194070291041 -0.0829981722699146 0.330239456678903
-0.0119027271341492 0.00169763369477534 0.0185505655369777 0.0423361763406237
-0.0104511728575626 0.00733500227736094 0.139783744581563 -0.274560060480688
-0.00403172006648607 0.0182195909668243 -0.252050618179007 -0.460731466002955
0.0095808884511069 -0.00169730773482359 -0.522013971616397 0.00576088859977181
-7.88817197374704E-05 -0.000697685164979167 -0.115363834995181 0.386161078469692
-0.0152470244395008 0.00400492362359979 0.201040937744285 0.209880819322412
-0.00740648307504593 0.00170483518755256 0.181466408957166 -0.0171401124216775
0.00434429622558738 0.00179022407298862 0.0291730965104097 -0.121677214395559
-0.00571721252317019 0.00224688522235589 -0.0284974245255208 0.0889442105246425
-0.00863440026513851 0.00604430394905084 -0.134611821286295 0.0129292444980213
-0.0192315307789896 -0.0121429569271419 -0.169726728581943 -0.168722752313987
-0.00466561709323303 -0.0181318563601099 0.0873205709255259 -0.345322277147226
0.00256927383996558 -0.00478066292044284 0.437414380061263 -0.0814835186363576
0.000702571174486397 0.0154178584706675 0.29018829811964 0.359184949887548
-0.0114680920353195 0.0122434984951154 -0.0930998567508532 0.333017699203849
-0.0114095057844069 0.00279776045792157 0.0169373241632789 0.0437820126454369
-0.00957687947179795 0.00969973112116074 0.132067128745164 -0.274631634300774
-0.0016270899864646 0.0222113946146921 -0.266594954319885 -0.448290691158158
0.0110647190341614 -0.000239141632551889 -0.51786005625282 0.0265289476043474
-0.00247657819304056 -0.00243310333037736 -0.101572776119519 0.393032835369432
-0.0163639424614321 0.000184774247722497 0.20802606558178 0.205657532033798
-0.00715796848239915 0.00178313433733973 0.181985224835517 -0.0220017822637416
0.00162724227889516 0.00445157363304768 0.0291384232375583 -0.12425872391779
-0.00730024140859729 0.00344963164380155 -0.0278163477355611 0.0862751241188504
-0.00671989865940594 0.005650718816474 -0.132704595934784 0.00983766225951038
-0.018839570864031 -0.0151474287169338 -0.164574666630727 -0.1719726588552
-0.0056760032815473 -0.0191087779321363 0.0981976313193941 -0.340441506406706
0.00333060889936469 -0.00270071565936504 0.441633950344335 -0.0640117307860242
0.00173937150689907 0.0177959240564849 0.281556780418905 0.374310535399641
-0.0103009059127082 0.0128983659081922 -0.100084609963484 0.33563165211016
-0.00993859107372752 0.00331883716069783 0.0155820852469776 0.044837242453342
-0.00796853712906828 0.0104970577546984 0.124633528249977 -0.273157616942804
0.000921866596333547 0.0241235838031205 -0.275807022066746 -0.434260075397378
0.011426186480008 0.00120194411721975 -0.514584252622796 0.0451636575176908
-0.00471483200507341 -0.00232256691387982 -0.0884144520025917 0.399233325928132
-0.0163278230567633 -0.00226196415383761 0.213567525994618 0.200558113391936
-0.00508952896147985 0.00237932100913078 0.183636723687599 -0.0258921075610962
0.000471433745627537 0.00630157811548537 0.0292255756437424 -0.125299396829223
-0.00807013140068286 0.0044593291085792 -0.0274002746322691 0.0848573946440058
-0.00352609039258698 0.00626753885371269 -0.130196892782635 0.00692207125607388
-0.0167199726192824 -0.0160644210107353 -0.15814840533132 -0.177438910643264
-0.00636778164843292 -0.0186958727302966 0.107924069619045 -0.336512022787356
0.00281323060439228 -0.00144212681827262 0.442876971386352 -0.0451185425601065
0.00258344541455765 0.0176861283335424 0.272005880069627 0.389015913623318
-0.00945701996916781 0.0126276950137543 -0.107275462938171 0.337889628046353
-0.00860534827488931 0.00338531680766889 0.0147119350111465 0.0463674131418128
-0.00639035540137945 0.0107843839300069 0.119478968932823 -0.27115747164738
0.00206619190248025 0.0237753578671438 -0.285811615107111 -0.422085659351677
0.00977309158854464 0.00207401942666633 -0.511306779243359 0.0641870023691533
-0.00615159500927029 -0.00142327541750478 -0.0780403461421269 0.403078223239342
-0.0143170937144313 -0.002531752784887 0.219704068452977 0.196153980123265
-0.00146086469674121 0.00288264874155054 0.186066034981858 -0.0289088695060906
-0.000161218270287511 0.00785668026970644 0.0293271061080454 -0.126977921209099
-0.00739805460375963 0.00470519426102003 -0.0275177860035544 0.0842219511570889
-0.000409102436526744 0.00723296225727674 -0.126909503576103 0.00497939429357649
-0.0141292755859211 -0.0145336322208345 -0.155376852062106 -0.180965211601838
-0.00696974367817182 -0.0164970786493282 0.113036422925577 -0.332014531710899
0.00096534021440205 -0.0018650488846593 0.444394362007635 -0.0324008283827683
0.00234061414680555 0.0157891106545452 0.266678385158131 0.39938203756436
-0.00781339070012133 0.0111418904649974 -0.112121921808056 0.339969391242595
-0.00721444347484526 0.00260537334703508 0.0140259543709145 0.0485084589365691
-0.00411297691591772 0.00933235500587949 0.116605973973202 -0.26928723451595
0.00287702076898137 0.0215443468017844 -0.290207021296132 -0.412351633951604
0.00741207456904678 0.00250815945634667 -0.509464798956597 0.0766269089993019
-0.00649044530935566 0.000893838105162264 -0.0718995974309105 0.404263571296462
-0.0109942011750683 -0.000889162886687195 0.223628670310398 0.192908499651102
0.00225477972035434 0.00427785511102254 0.188434004393992 -0.0315115185128172
0.000462175223976456 0.00785023749229618 0.0290212138340502 -0.126802738902157
-0.00521336226808115 0.00433367476312107 -0.0282082315098551 0.0842019457301515
0.00297239750643774 0.00828918096239756 -0.124411998745697 0.00457882936146999
-0.0108458291838347 -0.010917706192904 -0.153590353776075 -0.184036189593267
-0.00705147229737917 -0.0137118773729388 0.112832623010882 -0.330940646037226
-0.000986932820226832 -0.00208079824557752 0.44491341880283 -0.0279906659352536
0.00226753627271041 0.0126350375180258 0.265567654775372 0.40446009012076
-0.00613533410686678 0.00906340321564987 -0.111713071933081 0.343158830810184
-0.00577762259557343 0.00126163484268481 0.014111803084425 0.0494839471933886
-0.0023752990261266 0.00691238872645927 0.115788438046815 -0.26786209992479
0.00152145282648615 0.0175515824960138 -0.292780877595462 -0.407021744583528
0.00493025435327682 0.00243475338030513 -0.509332891330042 0.0841098167412742
-0.00605533134176906 0.00388425061291948 -0.0697674032980897 0.406689158094037
-0.0063676027685651 0.00255773466316728 0.225617729237447 0.189725406374772
0.00660472792777854 0.00589046864765696 0.189984221103558 -0.0335865779394235
0.00206488739626755 0.00705029904191773 0.0282038470057773 -0.126934062986521
-0.00315711983471066 0.0028316786479948 -0.0294709923813811 0.0850345140012385
0.00549857305850116 0.00998023700189808 -0.122401395100121 0.00532623256588175
-0.00742362813095498 -0.00558080349032397 -0.153760676153374 -0.185528453854193
-0.00620424995793875 -0.010090263604487 0.107905499902712 -0.332259936973807
-0.0035741493922839 -0.00415726339830119 0.443168800319042 -0.0282362260923181
0.00166418381154813 0.00763290010037617 0.268465125268964 0.404743224838517
-0.0049976386943592 0.00645106232790066 -0.108306843468407 0.343204314057334
-0.00495611021309088 -0.000120193737601206 0.0147508692487002 0.0501665864993174
-0.00133236419601112 0.00369814199651105 0.118588632813989 -0.266880586014627
0.00043088624375333 0.012709434730819 -0.288806476494833 -0.407783238085391
0.00173469936586909 0.00136484174079565 -0.509464008586756 0.082172688208225
-0.00416592706625406 0.00733647567765715 -0.0746087929647158 0.406427699203742
-0.00221635740638747 0.00678924028650667 0.224106246444431 0.189949961900075
0.00990362692307419 0.00671112480161244 0.19218248612731 -0.0325222035672937
0.00474195107549227 0.00482288298510555 0.0280192108629502 -0.125389667015296
-0.000825013783285244 -0.00227596753256695 -0.0296493517088738 0.0934399781236865
-0.00790594334136667 0.00695091996490696 -0.134166827301529 0.0219850845744866
-0.0159789215681315 -0.00196414296032805 -0.180668963855825 -0.158525507533827
-0.00129904513456567 -0.0128749242591953 0.057161821673244 -0.350263108100012
-0.000564356032709587 -0.00872594483864426 0.419442783754428 -0.117739295354084
-0.00189681641347645 0.00748115344276419 0.309767118467576 0.326368092186819
-0.0117136497124163 0.00713293300390587 -0.0710187720282801 0.325487735683971
-0.0115499289114463 -0.000495244765412682 0.0201694717606169 0.0401511963473429
-0.0102302635030035 0.00421328091225713 0.141255449182974 -0.272744408365087
-0.00546540815636095 0.0135340295381567 -0.243339137843227 -0.460727739075039
0.00688034430528805 -0.003884938357364 -0.5164670325226 -0.00176172367604435
0.00193934608394688 0.00259873750083917 -0.120069905868192 0.37929943363907
-0.0121312239697244 0.0101616679393363 0.196637114054738 0.207335562157305
-0.00685403988445093 0.002663890522784 0.179197185801289 -0.0168792320736889
0.00730493820969989 -0.00120349365501833 0.026506407891061 -0.119027081888441
-0.0034944436992901 -0.000422495427940106 -0.0286939043173808 0.0909703818023069
-0.00875205942875767 0.00658027759929071 -0.134208497272787 0.0184948517640895
-0.0182912947725972 -0.00721047742069831 -0.176599058254689 -0.16004734489794
-0.00327822017727207 -0.0161822314700435 0.0679897536614565 -0.346102095380248
0.00114833366295255 -0.00656888935225066 0.424962390778479 -0.105316764726241
-0.000190272421786627 0.0125842462010882 0.301934185579463 0.33808792574393
-0.0120270915358867 0.0101445481482872 -0.0785319974867709 0.327473102346194
-0.0113057911223951 0.0012366801594456 0.019056064159691 0.0412272860803805
-0.00987324822719136 0.00768003159820877 0.13485838759379 -0.271994586514772
-0.0035518446345558 0.0183577732887318 -0.253785963143254 -0.451198502044933
0.00930865967219225 -0.00186908362656027 -0.513780761321099 0.0127239631640545
-0.000180327797839178 -0.000297604552327635 -0.108140916006534 0.383842382969777
-0.0144966076690352 0.00426278943717258 0.201213735374806 0.204456841541557
-0.00758188294017408 0.00151956562090215 0.178784702531425 -0.0207061212593022
0.00456501074820166 0.00171228952357004 0.0268652032429132 -0.121366096193408
-0.00583539856091215 0.00196994234908034 -0.0269245266594541 0.0887603877878678
-0.00822920924521914 0.00563275193363897 -0.132788676089336 0.0148608927620595
-0.0190403831913332 -0.0117286354070061 -0.171008119694022 -0.16396811575869
-0.00479456877541142 -0.0178457610458959 0.0806964748479657 -0.342333809223463
0.00281510137279263 -0.0042402924602972 0.430217995136758 -0.0871694246148227
0.00122702643924938 0.0157652047525977 0.291921079745484 0.351034865953944
-0.0113879856776116 0.0123059878727678 -0.0868641313242003 0.329833784637667
-0.0108181797044792 0.00297215427617135 0.017491737492067 0.0425155137108487
-0.00895511047492199 0.00942504369128967 0.127653072981615 -0.272162822182641
-0.00134192727002272 0.0215777932316101 -0.269343986993383 -0.438798611307729
0.0106974830044078 -0.000720222254188656 -0.511671902720005 0.0335780717544234
-0.00204844331663473 -0.00219891596902661 -0.0953632521890286 0.389921074444552
-0.0161490582595782 0.000709914649482063 0.208108670819202 0.200236282401505
-0.00681026044281219 0.00189690169284993 0.180178177734493 -0.0244126047399419
0.00186512310806605 0.00439701783347581 0.0268843400220208 -0.123404826445811
-0.00741635708396505 0.00404168256465927 -0.0264356507364874 0.0863595853430699
-0.00654034109196177 0.00613886310088686 -0.130641553738104 0.0110831362693943
-0.0187582912879589 -0.0147987763459249 -0.165116147697319 -0.168291784163373
-0.00632136525817905 -0.0185302225101041 0.0911121021057762 -0.337361986144084
0.00314166685048899 -0.00287336868359839 0.434726377993831 -0.069291806007185
0.0023721458170702 0.0177938679245687 0.281498057004356 0.364529136710508
-0.0104384744627351 0.01300323036787 -0.0947569049101317 0.332029039580348
-0.00994954317539455 0.00356460089097063 0.0160684713240483 0.0442360306409965
-0.00767051029538647 0.0112603468659231 0.120507255911492 -0.270408686164124
0.000746349488232535 0.0237827791135502 -0.27916765602422 -0.424458029926677
0.0108078002222868 0.00123026937764023 -0.508364606865492 0.0543065489289673
-0.00449446174537562 -0.00202555895644045 -0.0811806862342185 0.394847001906168
-0.0161978225020642 -0.00193004701207487 0.21434868042554 0.195279105174478
-0.00447020031370347 0.00230093038175546 0.181349582137295 -0.0284566469224632
0.000308530905380302 0.00667692051117563 0.0272346647988087 -0.125125240670754
-0.00777666985103017 0.00480546347636777 -0.0261737077362131 0.0846792141062008
-0.00343040231988013 0.0063881301155568 -0.128242624790742 0.00825594471302408
-0.0170710164942449 -0.015669908186099 -0.160018497978817 -0.172779280446543
-0.00680512107828809 -0.0183564943748331 0.100912165006735 -0.333533550052157
0.00277113616120646 -0.00136654130254256 0.437826659348797 -0.0512635121919471
0.00295476321167399 0.0180346650014272 0.274294646931198 0.379517610277528
-0.00884669288084247 0.0125702133080401 -0.10216942223431 0.334937168107078
-0.00819212113217439 0.00316041611089746 0.0152451530830777 0.0456593356474947
-0.0057896196888892 0.0105517757409051 0.114429002369155 -0.268886619167196
0.00258886094058102 0.0234848621610814 -0.288975548111566 -0.412124187024903
0.00964515311661992 0.00200769098969662 -0.50475930039881 0.0710230890775461
-0.00629210333718282 -0.00119027191709272 -0.0713567235239057 0.399764062125551
-0.0144136816829477 -0.00248304927040722 0.220107103525743 0.190360762980547
-0.00141260436444332 0.0033700646982554 0.183631936589988 -0.0321887099021352
-0.000327131200427378 0.00769552993610139 0.0274243953901753 -0.1263379258408
-0.00749849243613334 0.00490033044754937 -0.0262299521217285 0.0841046778218825
-0.000167661961629593 0.0070670356542733 -0.125348413923156 0.00636053441316309
-0.014241846685853 -0.0143094321633737 -0.156051792425812 -0.176886304596059
-0.00755873051262702 -0.0164724892231389 0.105689746421246 -0.329353285187495
0.00105353456434479 -0.00155683356300987 0.438848474094741 -0.0386007200337925
0.00298717218864999 0.0159456757831819 0.268558804135431 0.391116494513432
-0.00761572549225952 0.0110495117610162 -0.106386852845229 0.337245187933077
-0.00671278956545221 0.00275599689114926 0.0145265247703113 0.0474588843177472
-0.00406119845127692 0.00928769481189335 0.112166593524684 -0.26689172963664
0.00277289270484713 0.0213399169219706 -0.293190610137222 -0.402406348214414
0.00662155110028064 0.00226612606781527 -0.502570578556608 0.0830206659383478
-0.00637424501190927 0.0007697374482276 -0.0651986268194388 0.40149788082521
-0.0104813724553559 -0.00123216708787807 0.22381688089262 0.186925965393835
0.00231050253243579 0.00440558399431101 0.185869210815113 -0.0344341222807113
0.000733285903136267 0.0078437337929243 0.0264955602021712 -0.126957419244663
-0.00567010231409721 0.00434798353317851 -0.0269652687523505 0.0833870045574146
0.00313117686799198 0.00829826864596398 -0.122953410128537 0.00655088021224135
-0.011017175589342 -0.0108569718775325 -0.154847581492998 -0.180530443105476
-0.00732010964786335 -0.0135101310199531 0.105813473770556 -0.328899353220944
-0.000988550777654348 -0.00221840749274617 0.439122203836756 -0.0332426659165339
0.00273653550608056 0.012447742866626 0.267094746026478 0.395204746263121
-0.00607843123663343 0.00888842348252938 -0.105623316307242 0.338712346768067
-0.00584952470762757 0.00150983013457742 0.0150557132594702 0.0486906204649558
-0.00211388649223493 0.00710104798421286 0.111080665345259 -0.266743635861928
0.00217325670914432 0.0172995438608745 -0.295911384418928 -0.39770508368295
0.00416853873122164 0.00191242368504762 -0.502129247322675 0.0900303971968882
-0.00581449987152712 0.00354494841001977 -0.0625522173035294 0.402422971035934
-0.00651529282430659 0.00184080704902846 0.225510120604061 0.183628925430077
0.00698456216925891 0.00583543681571996 0.187477673690028 -0.0362735017558854
0.00221272623321451 0.00667398758684723 0.0262683832721718 -0.125915933112013
-0.00351096407490547 0.00305251843953134 -0.0278728035455534 0.0845665450110051
0.00548656039793187 0.00970956954175096 -0.120622912717138 0.00677532842439354
-0.00740277888832421 -0.0057980849010241 -0.15458722679581 -0.181763101957553
-0.00662489780699597 -0.0102038720798543 0.10084113216575 -0.330298297903504
-0.00356030959120871 -0.00393869925430577 0.437627384396308 -0.0330292263092224
0.00196100354049615 0.00765241273067533 0.270531107993928 0.395813217354511
-0.00428278602667582 0.00619791337319385 -0.103040845195311 0.340690361475892
-0.00464915213006112 -0.000261691973700687 0.0154646675603594 0.0497040152775007
-0.00114782980370113 0.00356508509749207 0.113375949651735 -0.265038971353208
0.000699942122867501 0.0126897500986834 -0.291318995964144 -0.39869244567276
0.00138724591335605 0.000779291341542063 -0.502106034951661 0.0887119820612634
-0.00430460772127482 0.006881478391338 -0.0682318858960966 0.402800000983098
-0.00165640208339923 0.00712996436254144 0.223963100233012 0.183691778335036
0.0102863929733853 0.006682487539567 0.189564891446189 -0.035283887896724
0.00468689317316668 0.00480876866286417 0.0261255719148663 -0.124762612954578
-0.00138101782616245 -0.00223367312261052 -0.0285920798254748 0.0926511304358556
-0.00756170823592766 0.00694625713657916 -0.132232876432352 0.0227378147283029
-0.0156093927078553 -0.00177442799752906 -0.180956240397426 -0.154551129760339
-0.00180132886251546 -0.0127933306870288 0.0521918549776174 -0.346732316575592
-0.000999969559502155 -0.00835704167335869 0.413882756561709 -0.120647520469552
-0.00206886446088913 0.00771646398031305 0.307452465971846 0.319168634123659
-0.0118291611863093 0.00690882794383581 -0.0665638538564706 0.321533639558164
-0.0109442949032343 -0.000497823072138339 0.0202104125084204 0.0397115051980091
-0.00978159196281507 0.00438057794604939 0.137218742142721 -0.269250661068243
-0.00555662255769605 0.0132433816653476 -0.244381254311088 -0.451208826335738
0.00712276671376749 -0.00419233655118241 -0.511534603544123 0.00420384085334796
0.00197965339011844 0.00265315680354348 -0.113736832186746 0.376304341982679
-0.0117834388879704 0.00994072969718801 0.196801907890845 0.202775230180185
-0.00665592281196259 0.00203226148903059 0.176909527400368 -0.0192593512237711
0.00712586186085386 -0.0012028672543145 0.0253533505654383 -0.117964895769312
-0.00358124395157672 0.000411821231498086 -0.0274915680707817 0.0903522286962645
-0.00872679185346081 0.00649439237013529 -0.131633169998458 0.0196130058476554
-0.0186829019439871 -0.00680720484626923 -0.176338965666993 -0.156160415070155
-0.00376864668665242 -0.0154016875087026 0.0631972627653912 -0.342680431450612
0.00135683031752198 -0.00640607724303404 0.419104146282882 -0.106694009299046
9.74654786207833E-05 0.011900281372322 0.300781543893743 0.331384685481894
-0.0114530402977134 0.0101607232204623 -0.0746668801753059 0.323408990434791
-0.0110970921780138 0.00134572736219923 0.0190628411852985 0.0406519223379978
-0.00943360775036234 0.00719984707074326 0.130604216354218 -0.269546247339309
-0.00307350149659358 0.0180656029421286 -0.255182365920873 -0.443485991844668
0.00920567746127144 -0.00228960439152295 -0.508044472414716 0.0186537870917471
-7.42157929570393E-05 -0.000489895326031555 -0.102527093818065 0.379950120830251
-0.0140750672352312 0.00471922162632684 0.201796100679923 0.199208098843574
-0.0070543072965244 0.00167454561242337 0.176983609796468 -0.0226202771082809
0.00409312423792671 0.00155369277248676 0.0258834284890894 -0.11982394458944
-0.00593311116609793 0.00218137089163001 -0.0261258684083147 0.0881217493125726
-0.00791874481268243 0.00584035689802046 -0.131422655970821 0.0158490961686472
-0.0193317814192961 -0.0114010989315934 -0.171336760586464 -0.16003834428622
-0.00527511890593074 -0.0177641993344187 0.0758829109038767 -0.339238640860641
0.00278862751453063 -0.0040681906404244 0.424660123636459 -0.0913905347944737
0.00132589799736964 0.0155521152024459 0.29094454635762 0.342593378472641
-0.0111830748329241 0.0119654176514727 -0.0831308027871607 0.325601282395178
-0.0102491645757023 0.00283037053896292 0.0172068282059671 0.0418357109877615
-0.0090479268761344 0.0098474983334795 0.123735338068622 -0.269016685218045
-0.000740326957897258 0.0218007560178068 -0.268188319158828 -0.431279197812015
0.0106561399276458 -0.000451492842363427 -0.505546264504751 0.0396950701829495
-0.00260233092508968 -0.00227951027999328 -0.0891340002805129 0.385122864588398
-0.0157414529486694 0.000422871984039546 0.208028649914997 0.194757815552301
-0.00703784489467515 0.00189551870725065 0.177905687918154 -0.0259678115442431
0.00175610445384454 0.00452540002127064 0.0259957664511069 -0.122396177542292
-0.00752669609574719 0.00388099852914315 -0.0255663372051993 0.0859304853014197
-0.00636026308358678 0.00568015222331513 -0.129060743106098 0.0123706573927918
-0.0188328138835049 -0.0143782642385897 -0.165674150923268 -0.164919453224066
-0.0062362884256232 -0.0187958659236213 0.0864587387420526 -0.334994257204682
0.00333472009235851 -0.00260391413796968 0.428836674937478 -0.0733236246713316
0.00262739871139587 0.0176427958382453 0.281566244776567 0.357557819159171
-0.0104523886362121 0.0127387873083894 -0.0905330069106356 0.328799312924649
-0.0095397071302263 0.00343733263380434 0.0159496243367036 0.0432573265259729
-0.00744289794412009 0.0107663836548085 0.116323066678109 -0.267766429197124
0.00113977815012006 0.0234101280412173 -0.279237643170841 -0.416122691258113
0.010395301887496 0.000832764291586652 -0.501456494966121 0.0574743303280288
-0.00477612781562296 -0.00213034734374491 -0.0757250525218945 0.390344387364423
-0.0154235143730723 -0.00141387268934686 0.214530065757753 0.190169538169128
-0.00442913553708602 0.00224470110302169 0.179035307153024 -0.0301864892038389
0.000191674569852321 0.00616262251296355 0.0257878854818476 -0.124238625912714
-0.00812415044058269 0.00455553664767868 -0.0254501016228647 0.0841126477038138
-0.00317743171103416 0.00599076493209106 -0.126154800751044 0.00956289751374381
-0.0168614880518651 -0.0151878217632851 -0.159993252892383 -0.169935426749227
-0.00685380753402762 -0.0182142855837263 0.0949265400636799 -0.330249762229246
0.00266929617477274 -0.00145791359021027 0.430996307481868 -0.0550347092078273
0.00296668816756522 0.0177386358278449 0.273938856915108 0.37233575951892
-0.0086046473720645 0.0124585211021604 -0.0977933579200844 0.33154435200467
-0.00813771762357937 0.00320270563562862 0.0151640535473337 0.0449772632980445
-0.00536766857212506 0.0108298828888489 0.111261784399079 -0.266579905343827
0.00248212324422477 0.0233945490446358 -0.288367480792516 -0.404264388772771
0.00900685456382612 0.00195890387588685 -0.498579860316761 0.0754998331943902
-0.00612488441345393 -0.00112110113997748 -0.0656143711645005 0.394493978830584
-0.0138257626190774 -0.00199621475966971 0.219683913250723 0.185708588438469
-0.00107201544693218 0.00327600587189159 0.18091693788057 -0.0337189445872417
-3.39559759224882E-05 0.00775066357954824 0.025596263878783 -0.125597996033393
-0.00740339918000876 0.00506909544308791 -0.0249429645188694 0.0830799012986333
-2.8621004858716E-05 0.00676856663135058 -0.123912926761202 0.00734450097132769
-0.0140858329152627 -0.013746119207331 -0.156926166480335 -0.17310193798311
-0.00769153796146627 -0.0162504016569907 0.0999645599534053 -0.327178583162907
0.00121349236120271 -0.00154232864004555 0.43309200889794 -0.0425893241380754
0.00290178269805639 0.0162653271069049 0.26975435818604 0.383464903245673
-0.00738532646751587 0.0107733744197455 -0.102132153001749 0.332966888947563
-0.00653241157261677 0.0025187080100241 0.0148790951971393 0.0462732470201623
-0.00376709180451847 0.00884908318013901 0.108524039577589 -0.263964527126587
0.00272871688448286 0.020705794045299 -0.293029050461128 -0.394356557412245
0.00678057556724349 0.00209940921880042 -0.494781297472308 0.088613658548709
-0.00599732987271346 0.000793991739670841 -0.0598764636715566 0.396457368623905
-0.0106693285398964 -0.000406040067099007 0.222739205718471 0.181889405574027
0.00322838414139728 0.00437620632047539 0.182837854383051 -0.0373589900064008
0.000418551789136975 0.00761126983690885 0.0254453875234894 -0.125712566005183
-0.00624956207564 0.00483272258996878 -0.0258772456413421 0.0833695427746009
0.00328529474329806 0.00803521226190356 -0.120866561307917 0.00724781712657064
-0.0110954497199869 -0.0104495061086463 -0.155116751242486 -0.176243747412776
-0.00748584301818602 -0.0130956951301651 0.100293377642422 -0.32593238253969
-0.00105955339208344 -0.0022144801196982 0.433378313336987 -0.0369485940721089
0.00265077962970855 0.0124608701096037 0.267044234754897 0.387892938461625
-0.00595792043840272 0.00860498464981898 -0.101591698578705 0.33493447639663
-0.00550234736451921 0.00130777817141479 0.0149598365737458 0.0475339540113426
-0.00172139030759431 0.00665457964805484 0.107277988744076 -0.263344429788525
0.0026344837685357 0.0170873014485357 -0.294310387452384 -0.389249491756153
0.00363282294504232 0.00211254597025293 -0.494036217598655 0.0943204496151197
-0.00536397938145422 0.00402920178506599 -0.0569821335684607 0.397527857893646
-0.00642897569286994 0.00273073320596892 0.224694308827301 0.178711463300051
0.00675795597655793 0.00529172145276661 0.185510555359343 -0.0373425910276426
0.0022283453027304 0.00670290817552692 0.024893184610341 -0.124926090414432
-0.00375044519625331 0.00316736679070171 -0.0268334482672842 0.083827228567881
0.00617362002511719 0.00896449014793732 -0.119924581296458 0.00802070033421986
-0.00765767567015235 -0.00512436404565942 -0.155967651238737 -0.178058466992969
-0.00661635996549649 -0.00950490625279567 0.096339804495795 -0.327750120778229
-0.00338004608267613 -0.00389225583123795 0.431708412783475 -0.0372301809439433
0.00196104614301358 0.00778764521826125 0.27214709740107 0.388372877456021
-0.00444013724887865 0.00587385553000001 -0.0982476416091992 0.336940456293944
-0.00446965979238159 -5.30380561394193E-05 0.0155682426201141 0.0485377615904528
-0.000966053262026781 0.00369197436739382 0.109787090278081 -0.261499801395034
0.000722849373555436 0.012373305990078 -0.291396931463208 -0.389807363318571
0.00136132827938414 0.000867814438501509 -0.495757801572614 0.092995414174941
-0.00413841965980662 0.00745361334224898 -0.0623389350811267 0.398387697975757
-0.00158622382837606 0.0071031140298821 0.223161862275294 0.179189906551697
0.0101672732044538 0.00646315424551713 0.18677156006189 -0.0375350554881607
0.0047362899791553 0.00448577851199538 0.0247305826399007 -0.123462275062302
-0.00162982702339755 -0.00215216087570616 -0.02782850963934 0.0923400952094808
-0.00750976238287792 0.00669828970991336 -0.130140096270914 0.0232506198181938
-0.0153945420670137 -0.00124886057974892 -0.180251295242164 -0.150916727637799
-0.00179038677414024 -0.0127119338344978 0.0480594471276554 -0.341825907564182
-0.000838714249512399 -0.00838429269160019 0.40738087373505 -0.121796640784482
-0.00145280137160597 0.0074555943488663 0.306744724542997 0.312276815553041
-0.0115190281244983 0.0067417411298351 -0.0640551897462299 0.317643559993177
-0.0107551963174516 0.000251699353143014 0.0200413063310841 0.039351412076815
-0.00915610546341515 0.00454435519310801 0.133353471758992 -0.266314793780573
-0.00526713510167845 0.0130698113714213 -0.244764329565778 -0.443280120307255
0.00671599916710811 -0.00357279263251814 -0.50406950747251 0.00816882550928817
0.00164919108498808 0.00249366532765216 -0.10999356890511 0.371627086451967
-0.0110487546630533 0.00990293270019532 0.195778940758274 0.197888957232785
-0.00603735029022155 0.00210366852831583 0.174756832336284 -0.0207662395270239
0.00730310456754749 -0.00153820611555485 0.0238059743434021 -0.116688968188159
-0.00431990511496071 0.000477595280960645 -0.0263526928137396 0.0897174821943666
-0.00820931193986888 0.0066253207040395 -0.13024455316627 0.0207120832547799
-0.0180855779827609 -0.00668644795273076 -0.176106889959745 -0.152393800157888
-0.00404636804078206 -0.01517964043584 0.060018228227777 -0.338599060580028
0.00144107315623722 -0.0059647473016806 0.411983571398607 -0.109081925883716
0.000261605064881472 0.0123828905212305 0.298556740965233 0.323432456675198
-0.0118028357322854 0.0100550002358434 -0.0706692902555781 0.319733245140321
-0.0109897036040423 0.00166847661449657 0.0189174364600565 0.0396146762963129
-0.00933094690097051 0.00757356513288899 0.126983972802395 -0.266197091313338
-0.00293979696211115 0.0182003624081643 -0.255298868967546 -0.433050256894366
0.00924506197608918 -0.00204483303440277 -0.501688780116816 0.0227825368338779
-7.74759447550386E-05 -0.000437555648624334 -0.0979595649511937 0.375197537803731
-0.0139681438868057 0.00469488086396901 0.200335152744369 0.195394888913983
-0.00703479016469047 0.00199573374744474 0.1748366568637 -0.0242520346078233
0.00444566423986962 0.00187549690772287 0.0242098049194324 -0.119234579120418
-0.00637893505864249 0.00213723228430577 -0.0250819811880558 0.0875381060889256
-0.00770437459126886 0.00590235751261223 -0.129331088455561 0.016835019512799
-0.0192235391615002 -0.0105873542674341 -0.171005739966261 -0.157132040091308
-0.00560461049176208 -0.0179208991929255 0.0713771668457543 -0.334983625132412
0.002695566794501 -0.00405981642786073 0.418570643308978 -0.0923479791556828
0.00154695789331843 0.0156059213119222 0.289515281116714 0.337027549475063
-0.0109613430013571 0.0120109897968666 -0.0800138785882743 0.321362091432044
-0.0101089199853688 0.00266619282548414 0.0175136234480688 0.0406781493662699
-0.00842972880020498 0.00967270488182312 0.119903382582444 -0.265788133282982
-0.000572437424997725 0.0217052132695681 -0.268736348482158 -0.421944867713716
0.0104405026163606 -0.000335905189911586 -0.498162725280955 0.0421592151959942
-0.00232602367177526 -0.00203559221073104 -0.0842926963310494 0.381254044456412
-0.0152480362349392 0.000495138103021205 0.206915743206995 0.190754224811357
-0.00642785519376159 0.00198411223731798 0.175726953157605 -0.0285149020588414
0.00174459918610469 0.00368204502992104 0.0249891116633778 -0.121517387639033
-0.00794462779138548 0.00391152082984446 -0.0244192124207976 0.085016948560617
-0.00597124764550652 0.00577889143726102 -0.127116336528399 0.0133181789186944
-0.0187330073851643 -0.0139777943501405 -0.165191385419429 -0.16157265487061
-0.00678593265512705 -0.0185004971755759 0.0823079022826075 -0.330829578842577
0.00313185620673237 -0.00255779057177897 0.421686302037434 -0.0749789794527851
0.00308860571690737 0.0176943759986985 0.280726956335851 0.351579440800402
-0.010106450613531 0.0124928156539761 -0.0872119086946119 0.324344560497822
-0.00864941258495457 0.00351759699430029 0.0163475063467964 0.0424814146105903
-0.00694489302170604 0.0104364689712998 0.113573954813045 -0.264497018620119
0.00144617582419523 0.023229828022535 -0.280753143262549 -0.406810213627545
0.010192602880233 0.0012080467621021 -0.4943362296955 0.0617805946139235
-0.00494204051525639 -0.00205615608349269 -0.0711087366496387 0.385730732428501
-0.0151426749117323 -0.00169611518823038 0.212639213618871 0.185286934074834
-0.00417749950052826 0.0025088640631246 0.176619249685831 -0.0321585642146253
0.000252385903432014 0.00653961588422943 0.0247867196411539 -0.122236991584132
-0.00841317924666462 0.00473999107482245 -0.024204168112013 0.0835778601141223
-0.00354698503088768 0.00585635026104117 -0.124934284054034 0.00978004555867303
-0.0172189434776901 -0.0148619331335259 -0.15982411646492 -0.166355570126703
-0.00729626902696437 -0.0179152909694039 0.0913073774177381 -0.326576259364435
0.00275378810379063 -0.00153613528920259 0.425059197921555 -0.0580458755128615
0.00317091085095208 0.0178548201392736 0.272949952084907 0.364616134873609
-0.00868391004587625 0.011987266280677 -0.0940636778907248 0.327498629951559
-0.00773875577321289 0.00324330098435442 0.015073264002699 0.0442703825739766
-0.00490147767830882 0.0104027129528653 0.107829112628813 -0.26267480185911
0.00307952982596215 0.0227998855667353 -0.287394283710048 -0.395890287760536
0.00920351887643542 0.00206105911883393 -0.491058624017705 0.0797332856287826
-0.0056793344183535 -0.0011862360056634 -0.0617391284272348 0.389205700557217
-0.013554200648159 -0.00130781245216774 0.217857181055123 0.180850448717207
-0.000791440614581117 0.00353569683733198 0.178668294358294 -0.0356454555824271
7.22847302832607E-05 0.00740648633951129 0.0246083849124134 -0.123955320419503
-0.00748869602909742 0.0051143230695521 -0.0244819198931585 0.0825518368085234
0.00062772805641008 0.00671979066015775 -0.122007656518915 0.00846525320933044
-0.0137997406627672 -0.0135238774002976 -0.156613298181478 -0.170398961408331
-0.00775204710164153 -0.0158840589751975 0.096210945052597 -0.323208778526787
0.00114584960686063 -0.00136534924852032 0.426727569183 -0.0449555834246504
0.00341321529677861 0.0159001137713144 0.269122509419021 0.373576425606122
-0.00731797447257363 0.0106464691351292 -0.097743796420491 0.328988507954362
-0.00626903114776061 0.00210185138596788 0.0142640989470715 0.0456837841582408
-0.00326002060472665 0.00902581246616937 0.105436017508395 -0.261109757288511
0.00297025697665744 0.0208466545191116 -0.292073549003248 -0.385265697101331
0.00674765741962402 0.00261284062036132 -0.487829237414063 0.090855202856444
-0.00624432724657399 0.000831108656686324 -0.0557265575780029 0.391459089470894
-0.0104598294502913 -4.10224830605342E-06 0.221600573030441 0.177362473946365
0.00306684272075032 0.00452742468325781 0.180902637294735 -0.0385905698348667
0.000455849150907174 0.00748798238176506 0.0245311734585511 -0.124143030508275
-0.00616453299412986 0.00445493057895326 -0.025287474948285 0.0825812938639002
0.00348243282125128 0.00771961406876529 -0.119754541181384 0.00836964466895484
-0.0109918865717235 -0.0101326406512708 -0.155182696652187 -0.172537840008037
-0.00740261437500685 -0.0129426021390276 0.0964081155232252 -0.322548892816679
-0.00068441809688781 -0.00224789636240618 0.426902286433241 -0.0408895618789631
0.00321452886963627 0.0122093266965245 0.266340963380453 0.379444006115426
-0.00587835522685013 0.00831588960335063 -0.0975900213177802 0.33166547131401
-0.00468691890629866 0.000915471423161949 0.0147215435852438 0.0463990940754773
-0.00163641042515959 0.00714377639467839 0.103923399684015 -0.259900851253743
0.0025741647968692 0.0168449933699046 -0.293760368842902 -0.380855953877307
0.00442389399975931 0.00211253020921936 -0.487046437199791 0.0973232453490846
-0.00575170541247292 0.00440404411770915 -0.0528274515743363 0.39319761928645
-0.00611325206166839 0.00249879794147643 0.223215251358747 0.174199439972224
0.0068832710544342 0.00528542389795061 0.182681022060286 -0.0394265239232986
0.0023986889179272 0.00680895216194837 0.0239149956507253 -0.123773241771287
-0.00350716581835632 0.00298663297781116 -0.0262609015491148 0.08325331526425
0.00617255383735195 0.00904082323885663 -0.118020172338656 0.00946120400116268
-0.00744499923440924 -0.00572036853585661 -0.155030557621954 -0.174112238872335
-0.00695395815498962 -0.00949159802039653 0.0916823486870033 -0.323041882920468
-0.00329972950948192 -0.00360637451120474 0.425838045362615 -0.0402097119804873
0.00194914338416026 0.00764279666924431 0.27185242538702 0.379790200757533
-0.0050637320258207 0.00533241030637837 -0.0941587099185459 0.331892666222146
-0.00429771663509953 -0.000603598033160844 0.0156344633771565 0.0476513385339121
-0.00104879597669889 0.00343157125972999 0.107198047466362 -0.258671202302036
0.000763735070692511 0.0124097743776076 -0.289118443057179 -0.381271756074473
0.00127802513163186 0.00175559264150582 -0.488962382388801 0.0964012336966784
-0.00351767415794385 0.00713419545876837 -0.0584065597593341 0.393118816731138
-0.00147395179227929 0.00690594409482001 0.221969777777357 0.174212368957243
0.0104629096899783 0.00617110843329026 0.184257248296926 -0.0388391428388499
0.00454671778590188 0.00443910394807173 0.0230552546483116 -0.122206818221244
-0.00105272260952408 -0.00179523604346781 -0.027056487359585 0.0906682263316922
-0.00729831299265788 0.00660348536201985 -0.128602267049102 0.0236140517510522
-0.0154166475087713 -0.0014117318184369 -0.179532464970445 -0.148536430933551
-0.00215505981665135 -0.0123585810975333 0.0453551633065513 -0.336748237112161
-0.00095263806817199 -0.00797878138107244 0.400553872178492 -0.121406076126626
-0.000947000752022514 0.00754302838756013 0.302916611800125 0.306988651405792
-0.0112578139060935 0.00670374493081823 -0.0616472059608632 0.313740653382284
-0.0105623320382209 -0.000145703601054559 0.0202871533591158 0.0378989917408611
-0.00873436616653779 0.00432755859422212 0.131332589103619 -0.263239473725299
-0.00492064602104689 0.0133717252954652 -0.242941764845407 -0.435608534167104
0.0063606847903654 -0.00380542280030318 -0.496062728572014 0.0106236357416222
0.0019779498936378 0.00253810995537866 -0.106645956375038 0.367530958037712
-0.0108309523880012 0.00971806474724536 0.193744224824864 0.194499979792035
-0.00586357171986214 0.00229482656626308 0.171957097879563 -0.0222683865953215
0.0073301344335315 -0.00182128628999074 0.0225473485720099 -0.116271152609841
-0.0042998295635444 0.000170677722841982 -0.0254974442529621 0.088735477469342
-0.00814430092127625 0.00619983522202657 -0.12858071253598 0.0204239446786782
-0.0180408789450245 -0.00628889718947651 -0.17466567001308 -0.150534416313295
-0.00403444383218941 -0.0152257825010793 0.056658166656103 -0.334880062244904
0.001545655125088 -0.00608116829490868 0.405767757002743 -0.10917690737428
0.000750393304818598 0.0121799063196201 0.296397941092606 0.31736521849916
-0.0113615045717053 0.00979799368839828 -0.0685375753276788 0.315291382050853
-0.0108416005328514 0.00179497647074627 0.0190694432954665 0.0390795162493839
-0.0087665383997905 0.00712669935283084 0.124840813507683 -0.262779593455502
-0.00304532439265194 0.0180219100478695 -0.25420016426614 -0.426399929251386
0.00872162555233119 -0.00205713344688566 -0.49506201767727 0.0244340824974161
-0.000420368419437524 -8.84213079788004E-05 -0.095094769294044 0.370549777450549
-0.0132407494990535 0.00499108473803173 0.198947608983559 0.191197204393506
-0.00694606336741243 0.00200658522168782 0.172321448400744 -0.0250136589962938
0.00414164462095998 0.00109729193336083 0.0239213181841338 -0.118166647517399
-0.00634726570160853 0.00189455249645527 -0.024570505217504 0.0866987787990763
-0.00756564703492439 0.00547628667004665 -0.127335968053802 0.0169096694569541
-0.0188369139782831 -0.00998590900376383 -0.170110103921639 -0.154113394125058
-0.00583820241991844 -0.0174257831867186 0.0682100513258257 -0.329924107806158
0.00246148076453339 -0.00423933124838807 0.411552330867554 -0.0929663729102412
0.00171259407720017 0.0152546399076585 0.287760351665356 0.330833391298917
-0.0108455153538599 0.0114520423470343 -0.0774008485128432 0.316688348650435
-0.0100139973565907 0.00254225564157328 0.0170359158143419 0.0404078499856686
-0.00845271964152714 0.00936411622487786 0.117170973370099 -0.262133790614218
-0.000204118649763219 0.0213713964602801 -0.266805640437534 -0.414221115450043
0.00974760473457843 -0.000217741033549644 -0.490585546536613 0.0447372209085857
-0.00260766892844981 -0.00224163357629894 -0.08162631492463 0.376693893459096
-0.0149347155618725 0.00111314900713937 0.204231652643055 0.185977470740096
-0.00615788023749853 0.00179155950179033 0.173119031486573 -0.0294168956798126
0.00223469399557375 0.0040955189800787 0.0234609083532068 -0.119952185880577
-0.00802647298877019 0.00392150992599711 -0.023777662704292 0.084607228170398
-0.00562448794429001 0.00539605239772979 -0.125962383155831 0.0135650101953965
-0.0185899209722418 -0.0130368990917947 -0.164073354482795 -0.158421358247165
-0.00687558690162151 -0.0183203043691115 0.0792620981971751 -0.326699462787011
0.00298644499621785 -0.00228641153975838 0.416738890388057 -0.0758533855308614
0.00324849779813625 0.0175409875563748 0.278754919067415 0.345420685868924
-0.00984878457216962 0.0122995520191391 -0.0845205879056657 0.319817742373754
-0.00888406387629372 0.00297775620122381 0.0157867057288266 0.0418337367279969
-0.0066950119173188 0.0109541979574499 0.110718444268003 -0.260867397600301
0.00189908480574789 0.0228108392282355 -0.277416586579479 -0.400192761982183
0.00960470517639745 0.000946760810621467 -0.48751524785483 0.064171073916482
-0.00478981289623647 -0.00193471876569494 -0.0693780444283695 0.380572723210303
-0.0145600605801575 -0.00142142095273252 0.210564852397346 0.181700663450021
-0.00395455175275172 0.00267206668476936 0.174255508934628 -0.0334546698700857
0.000830622487825759 0.00608035047901233 0.0240800913961207 -0.121789479181013
-0.00892851911970886 0.00477029807002005 -0.0230354780657319 0.0828704599606395
-0.00287838874885402 0.00559418841237297 -0.123571692845663 0.0105270080435472
-0.0170811949382423 -0.0142022433869752 -0.159184493792719 -0.162738684467644
-0.00736832365016133 -0.0177703961493918 0.0879574376891586 -0.322903494549083
0.00286900386480803 -0.00142740508215201 0.41919746755674 -0.0588747018429402
0.00353988202101481 0.0174204024428456 0.270404291893733 0.359054262597146
-0.00904395790603714 0.0118306911802558 -0.0916059162507898 0.322486665801167
-0.00763961902586583 0.00316586486765834 0.0152899709086313 0.0432464145952981
-0.00511713695589101 0.0107044223760309 0.105845645269189 -0.259487550465263
0.00315638899197746 0.0228139818464291 -0.285052702592798 -0.388050443468209
0.00865890757820548 0.00201137459154208 -0.483357740117625 0.0800219041125548
-0.00596447571008091 -0.00118849595850701 -0.0577806670297115 0.385414744145386
-0.0129980870080142 -0.001791363270267 0.216012842767507 0.176526924183251
-0.000774419204418675 0.00381951027381667 0.176091444620199 -0.0368043785539009
0.000202791125049811 0.00739708459483624 0.0241714255489156 -0.122735720127292
-0.00754027597335029 0.00492812092337638 -0.0242360296909213 0.0816368765516567
0.000130799856068191 0.0063029128805715 -0.120899507267905 0.00890758959627278
-0.014202155413126 -0.0128538219556441 -0.15565483172342 -0.167156104553677
-0.00785653008761189 -0.0154836595063467 0.0922784933489095 -0.319786997701793
0.0010201165775326 -0.00115026868029243 0.421156389976417 -0.0471443511444814
0.00379567049098542 0.0158413404519593 0.265798297326662 0.3681370520312
-0.00698600943753463 0.0103560463161742 -0.0950218855851394 0.323996740659403
-0.00607223974678528 0.00231781485279653 0.0145950958672264 0.0447329829316971
-0.0031510381302878 0.00879979689840156 0.103566499196507 -0.256864945961515
0.00310918939465707 0.0204299395756186 -0.289462935321763 -0.378899826403274
0.0067983519817456 0.00243329251901243 -0.481605093983299 0.0929111133096418
-0.00625557125208139 0.00106629557866049 -0.052456323780487 0.386133982480576
-0.00944797290480593 -3.95637404027854E-05 0.21977321507071 0.173361227491216
0.00267502896521239 0.00385568987062544 0.177832950227144 -0.0391224908101299
0.000417855367623318 0.00769547523782751 0.0233611591560523 -0.122969650656375
-0.00644889600548367 0.00441212043645216 -0.0244922181030599 0.0818036541064447
0.00354370679657256 0.00776656194014571 -0.118272508497357 0.00835881561258068
-0.0108890388339414 -0.00956511118942839 -0.154609923441684 -0.170087652170911
-0.00814813685734797 -0.012888276858792 0.0925632459381426 -0.318419546423854
-0.000528368825468082 -0.00203333078959709 0.421464645818106 -0.0417768501569035
0.00351708750019367 0.0122735308402489 0.265068280026438 0.373335588202152
-0.00547810690665952 0.0077473032499582 -0.0955359523879661 0.3263784846814
-0.0047950041344871 0.00101129465558067 0.014968408124544 0.0460443376464135
-0.00148892983270624 0.00671041072027089 0.102339159419462 -0.256602750159834
0.00296994765931431 0.0167771144311354 -0.291778291193409 -0.374715399861536
0.00366059031903775 0.00200298903535794 -0.47954178965377 0.0985738298703653
-0.0056974562570485 0.00388650236518034 -0.0499992163315535 0.388454877543615
-0.00556955068240732 0.00286877309043371 0.221307715867006 0.170881650498844
0.00703684758260967 0.00522824625759092 0.18008710380174 -0.0406029742186643
0.00217207040712697 0.00655103757842912 0.022788481974586 -0.122386477266409
-0.00387245776355819 0.00313335451185206 -0.0259572812420681 0.0830186401459201
0.00611742680881244 0.00875400828125568 -0.116735271362011 0.00898250454829239
-0.00764376901779945 -0.00481102268812281 -0.154913730440939 -0.171358247818383
-0.00741248289583484 -0.00939165874007456 0.0883718236886886 -0.319206322068463
-0.00308693304750754 -0.00336582533115921 0.419602381843465 -0.0421362203070062
0.00241198697979372 0.0082202262740986 0.268883728242875 0.373447205321878
-0.00428529143014475 0.00531844981330372 -0.0919277611589511 0.327888204624111
-0.00407164606061555 -0.000720579872945823 0.0156695802342457 0.0466492427414388
-0.000559062521383939 0.00369462530946344 0.104734115782884 -0.255030333915034
0.000913765601089546 0.012436178751047 -0.287346330526896 -0.375099488565279
0.000982213714570556 0.00113663683949943 -0.481454475721541 0.0980412468222629
-0.00342058438346578 0.00727962517435556 -0.0554569226241418 0.388469373521343
-0.000672126446130737 0.00704090600500165 0.220292940367223 0.170794905662663
0.0106282542813965 0.00605994624860695 0.181927381865467 -0.0396163208646018
0.00439348071199126 0.0042161682851373 0.0224839060262444 -0.121254885435934
-0.00168749834881187 -0.0021242005381031 -0.0268721980632615 0.0902493350509952
-0.00715634102126445 0.00653506645717627 -0.127248678594011 0.0238071555400564
-0.0152508436466946 -0.00127375980777674 -0.178059043232153 -0.146071441907982
-0.00260930545552592 -0.012297772209964 0.0443732128902931 -0.3337021658498
-0.000692908605601601 -0.00797563900772071 0.3960260735588 -0.120999229140735
-0.00098287444354103 0.00768579989760562 0.300854593771244 0.302047646837838
-0.0115513694334083 0.00636327175750081 -0.060985365648541 0.309159033771768
-0.0105949888241613 -0.000210906566356186 0.0199300815071842 0.0374217458912052
-0.00846934618409689 0.00389493148219715 0.129274593803722 -0.259924173113012
-0.00444718291971329 0.0129385238392041 -0.240891583502441 -0.429900723372453
0.00612906713417747 -0.0036206500105182 -0.492214592244859 0.0118586452263368
0.00205595248139115 0.00254163819653552 -0.104417751513067 0.363133344631376
-0.00988669028940088 0.00987444676684497 0.192304605423625 0.19081806241323
-0.00591092177430524 0.00257203527729986 0.170198031424979 -0.0226831502414488
0.00725270562530114 -0.00198852331253327 0.0230682235897639 -0.114890893577977
-0.00441093437504478 -0.000252406599524098 -0.025464496065203 0.0882985824824402
-0.00791782717839046 0.00599461391119696 -0.126953365905259 0.020135065093386
-0.0182781068135868 -0.00582181479019417 -0.173095714612172 -0.148176391918881
-0.00431756101005582 -0.0151173183438101 0.0537264060914941 -0.330566746141785
0.00134254194249202 -0.00592283336021399 0.400385047553374 -0.108712913242315
0.000578297128232135 0.0120659022232456 0.291559636890496 0.312921076285373
-0.0116775626206288 0.00924268078487449 -0.0680163264730325 0.310948349360371
-0.0102927784947025 0.00136521585473277 0.0187564792872339 0.0382908419477419
-0.00889364750310235 0.00740006755503422 0.123573162130332 -0.259441599267527
-0.0026867227095177 0.017814299459487 -0.252000491487349 -0.420699176748888
0.00870747169505536 -0.00192330516829763 -0.487648614878472 0.0263254853066164
-0.000366725752888675 1.4605451858149E-06 -0.0921553190482619 0.365859424221227
-0.0130164842623758 0.00503155281116238 0.196263738638685 0.18835225634115
-0.00644350219499133 0.00190872305919943 0.170135882083328 -0.0257616658332242
0.00399900266183095 0.00115186958270296 0.0231989064539037 -0.117180925608897
-0.00647672277983789 0.00222958056680216 -0.0243417360410323 0.0857252002708573
-0.0073159287211621 0.00528613101336054 -0.125740340062519 0.0167144763900102
-0.0188101714244318 -0.0099821709828507 -0.168631469675721 -0.151545550078546
-0.00598228275271497 -0.0172191388212993 0.0661072490771183 -0.326917995472413
0.00253240900391069 -0.0036862037630864 0.406427713440742 -0.0926438663736534
0.00212712923895493 0.015665427247368 0.283684214199867 0.325973151680182
-0.010781785810425 0.0112845600547496 -0.0765680158360307 0.313649579648917
-0.00973817933613224 0.00249830906886952 0.0169684672275868 0.039358716627474
-0.00768966288983874 0.0090510146029384 0.116019951554064 -0.258505729741018
-7.68491181383163E-05 0.0211041599929298 -0.265236763913221 -0.408341089217324
0.00936111214233037 -0.000198817419592214 -0.485339310496469 0.045045566642426
-0.00255381867806581 -0.00162766691525305 -0.0793569956839992 0.371804303942726
-0.0147451843588753 0.00131017938884079 0.20301204614033 0.183995877643085
-0.00575644122804298 0.00226375467409034 0.170898759830344 -0.0300756123422325
0.00202217601024624 0.00363249252872772 0.0233173066439102 -0.119491070366742
-0.00750937621981948 0.00388248712659566 -0.0235634625411351 0.0833645090557245
-0.00545034023308257 0.0052930174501509 -0.123932063464768 0.013578697973278
-0.018096949444147 -0.0128399890423766 -0.163087628117404 -0.156330567015933
-0.00713804483440218 -0.0179236971698935 0.076502406904696 -0.322883467072792
0.00307258251081833 -0.00178552828206419 0.411059270780908 -0.0763903798240761
0.00302769181024246 0.0177272123024229 0.275226420088791 0.340467154787746
-0.00999402641278772 0.0115743483434774 -0.0836699572923559 0.31645080423783
-0.00900868537583691 0.00316902242985992 0.0163191790194602 0.0409609399845048
-0.00643568534822349 0.0102471562681502 0.109629847195042 -0.257494219163599
0.00196314450341911 0.0227265260746032 -0.273643389753165 -0.394346350772836
0.00974992367497413 0.00105850631418978 -0.480900538839376 0.0633178158923633
-0.00457406386599874 -0.00171614669863866 -0.0669420123711259 0.375854794601959
-0.0142217927893496 -0.00100314438782621 0.208571512594432 0.179082181129373
-0.00401722005524386 0.00246233460545039 0.171958554121114 -0.0338714616998675
0.000951865807764893 0.00596410095581924 0.0235415582649806 -0.120641993049372
-0.00836604149216679 0.00489116929900331 -0.0231307295413258 0.0818302319202939
-0.00285463838629194 0.005463612004881 -0.121653673288183 0.0103423185295157
-0.0161250359326847 -0.0138901029778403 -0.158005338415391 -0.161222468865341
-0.00736887411824568 -0.017431439559127 0.0853710503130361 -0.318989176499728
0.00256770015722942 -0.000949769334934156 0.414043888610103 -0.0588689871869726
0.00355463995186908 0.0177873445005425 0.26797306647197 0.352358430724579
-0.00836070230304876 0.0115565918439338 -0.0899271867839603 0.318035635109802
-0.00766291737989767 0.0027732894440081 0.0148789731544577 0.0426932749613644
-0.0048205778252512 0.0101271768986518 0.104573863187897 -0.255440268152576
0.00333707709061761 0.0223254654960837 -0.282172347468314 -0.382449338386497
0.00842617489995365 0.00196794150200361 -0.477369489561958 0.0818800757327705
-0.00580838668491859 -0.00108911510667826 -0.057352164059478 0.379698721207465
-0.0127825109951553 -0.0013537299706212 0.213887727791548 0.174247844273255
-0.000644015692452642 0.00281012676669522 0.17398127077601 -0.0366900792344044
0.000152708141142023 0.00729603005600782 0.0234764696625942 -0.12116150858684
-0.00833381147202016 0.00509396083322161 -0.0235517096525235 0.0811205881606512
0.000279184090650714 0.00618271804570305 -0.118805633248848 0.0092481121927344
-0.0140544623144261 -0.0127076871371628 -0.154870078047501 -0.165166206085013
-0.00819565301335199 -0.0155281493314189 0.0903905751391913 -0.315488465895943
0.00126406079997195 -0.0012082134588876 0.416159372277878 -0.0476295683109324
0.00392432482735379 0.0158113784206759 0.263179616459768 0.363031696828072
-0.00714064653719179 0.010324205565608 -0.0941502346750834 0.321135541815049
-0.00608933322575639 0.00219747213975671 0.0143481626825454 0.0441378786324359
-0.00304800305028309 0.00874504149633576 0.102654915977362 -0.253361098652844
0.00339438261051966 0.0202198103008571 -0.28601322056169 -0.373900329953853
0.00595576039844741 0.00245976577504636 -0.475165750074612 0.0912731305781975
-0.00620630646193309 0.00120655107819906 -0.050854938334985 0.381748632170671
-0.00936732593290968 9.60489162258084E-05 0.217699461395787 0.170760968909646
0.00334519870608776 0.00334204286469219 0.17613842180651 -0.0395419326336573
0.00104899018171798 0.00753440825428893 0.0228364589419667 -0.121682474461518
-0.00641942866934323 0.00476506450822202 -0.0244867106510522 0.081421749742704
0.00345562269050116 0.00721616359434688 -0.116468643272795 0.00831564014890193
-0.0107653788312134 -0.00927788949275218 -0.153585951713738 -0.166887731268385
-0.00786060783785009 -0.0126171823824398 0.0905797205490428 -0.315295303867461
-0.00069457938269003 -0.00202276349576303 0.415569228431317 -0.0418650884711027
0.00333305558098377 0.0128120725680841 0.261488072585618 0.369187645957734
-0.00562140622332685 0.00828329601259001 -0.0941883589290544 0.322604420588675
-0.00466111170370401 0.000776215148761461 0.0149119079759732 0.0451817168313449
-0.00152185971209521 0.00643248911979356 0.101208198872342 -0.252779051380785
0.00274125428931972 0.0168677144142784 -0.288627391512388 -0.368697623839521
0.0040571850391489 0.00237748817240024 -0.472537867808915 0.0995325197715832
-0.00528162640555936 0.00386231142129593 -0.0493416914433324 0.382577790167144
-0.00524532227712423 0.00262248468256383 0.219502052949079 0.167503430958339
0.00693799059320597 0.00499088842422315 0.177876989455467 -0.0413601979022801
0.0024393426189103 0.00624320398435615 0.0226071636541002 -0.121536161336483
-0.00397893445877605 0.00283816458377593 -0.0257810814169196 0.0816441446968641
0.00581393852503903 0.00812262131519126 -0.115144514020289 0.00919807862919412
-0.00732430127827897 -0.00479020452507749 -0.153914573787838 -0.169316526531124
-0.00728657454969664 -0.00933786873212011 0.0864406579283716 -0.315876557328755
-0.00326002685081298 -0.00326605554120339 0.414493266614733 -0.0418465748689241
0.00282343682069025 0.00809562388392032 0.266265881308946 0.3678501916775
-0.00490174275754476 0.00528814602369735 -0.0908140277140329 0.324135859309982
-0.00379508853783549 -0.000486934705100779 0.0152154243377891 0.0459848293906094
-0.000567696443186268 0.00338935987086256 0.103735755707049 -0.251805563986534
0.00125802198484671 0.0123733095677098 -0.283447939865353 -0.369748725595621
0.000950271029763717 0.00156661242928998 -0.475380287606154 0.097360361527635
-0.00390225021936098 0.00711673689469761 -0.0534468450042496 0.382863702295905
-0.000813267515266618 0.00681788056067449 0.217497173235771 0.167766595293301
0.0106400097498732 0.00568960159591804 0.179432846795727 -0.0399558698003069
0.00457590912167696 0.00405433936161084 0.0222658937121864 -0.119896314086888
-0.00169680446088411 -0.00176278772563742 -0.0269300652714768 0.0892186549514304
-0.00703609606269097 0.00593311908514428 -0.125292524095884 0.0230439917253266
-0.0150269558013241 -0.00136955776488911 -0.176180970581327 -0.144952084569262
-0.00254796602453914 -0.0121888166606941 0.0433550332472597 -0.329892950720564
-0.000934361015658883 -0.00750872428062674 0.391361711010003 -0.119914576189575
-0.00103665036154422 0.00774360102410193 0.295843402468669 0.298908581812664
-0.011382817637655 0.00615369640067847 -0.0605857945752099 0.305569029524719
-0.00996096866253318 -0.00070325781663458 0.0192950585345444 0.0371543531725031
-0.00878840585042426 0.0038497077959051 0.128767331667423 -0.255781238812736
-0.00438959851190196 0.0127371428280044 -0.238609166246464 -0.424053882485446
0.00600504209101854 -0.00369624061297521 -0.485527057879337 0.0120092489577857
0.00191210067141405 0.00234073400042149 -0.102774203133682 0.358448342337752
-0.00978499191406369 0.00982002332094838 0.190395303403391 0.189150937231232
-0.00547766401178884 0.00238769213967115 0.168662568296984 -0.0230168902248479
0.00712495844054074 -0.00196263815664407 0.0230781648884961 -0.11366946748025
-0.0043972968825607 0.000388108813957004 -0.0254575575862966 0.0867982910728884
-0.00757601914562703 0.00578088977038824 -0.12568647548252 0.0202817295623606
-0.0174226173099551 -0.00551411199268273 -0.172144994536984 -0.146570693803687
-0.00395274219315814 -0.0148914248160682 0.0534349290098021 -0.326506959445089
0.00135665897745231 -0.00562825915008877 0.396592343559344 -0.107688170268947
0.000754455682783579 0.0122097020560043 0.288838077975712 0.310377779651829
-0.0114327508961944 0.00879305487003089 -0.0679472631497195 0.307134344360703
-0.0101051906702865 0.000822145349403022 0.0180491064271049 0.0376709846723376
-0.00824834845035046 0.00676992300565865 0.122521288421757 -0.255615674384097
-0.00223834919287483 0.0176619266779648 -0.24871756414529 -0.414884684025522
0.00828560837848344 -0.00179321441908532 -0.48406824542115 0.0267034193324366
5.6736147334863E-05 -0.000158812348858004 -0.0920464740270054 0.362539849708859
-0.0124713272125816 0.00491552796994226 0.19453750304953 0.186469967051168
-0.00636614012602839 0.00180460028447672 0.168272124971975 -0.0258205498469915
0.00464037562191326 0.00060207089554589 0.0230643014637557 -0.115804483828006
-0.00658989464773867 0.0021015899654323 -0.0243826218348054 0.0848968104587837
-0.00725167094560995 0.00551449318966076 -0.124776801904585 0.0161785100793705
-0.0183305649475099 -0.0100099942404994 -0.167653477011062 -0.151080414820947
-0.00617299270875128 -0.0168976242990955 0.0646688836664006 -0.323192055794506
0.00235821077223039 -0.00388840670422952 0.4014651101274 -0.090489657623817
0.00219255573818561 0.0156333173412034 0.280987954903287 0.32176498508324
-0.0110500480520536 0.0109621292512009 -0.0758241730067358 0.309790821088379
-0.00952760400679939 0.00233058944442473 0.0167551663493012 0.0387781173105583
-0.00779942237635181 0.00902763422163766 0.115778704163579 -0.255395288556942
0.00018832403764702 0.0208150180135211 -0.261250161756164 -0.404008815302698
0.00962141419810683 -0.000588660247439594 -0.479968939566208 0.0452126152110081
-0.00192753777254775 -0.0019322725321939 -0.0787928338017351 0.367874647708387
-0.0140591449159492 0.000878509190100216 0.200443114980002 0.18159775438386
-0.00545319074321063 0.00196814730973342 0.169159888303183 -0.0299590325891084
0.00227307583918748 0.00393813013019915 0.0235795254994577 -0.118001671322615
-0.00822326774008014 0.00387980088183355 -0.0228803069933346 0.0831916035448092
-0.00549593036604355 0.00516003051312376 -0.122785956449953 0.0132877765653704
-0.0184840874056097 -0.0128056486286577 -0.162147841707922 -0.15523237833156
-0.00689335597468601 -0.0174876668140695 0.0761552200033999 -0.320157996143812
0.00341979652988483 -0.00222572786933426 0.406599538416894 -0.0755017259592738
0.00336356398326099 0.01762338509634 0.271614639876432 0.335672203589353
-0.00966327407291123 0.0117349381771599 -0.0832714612260537 0.311816448450148
-0.00855078388600508 0.00288468252640626 0.0154179801823961 0.0403197689491272
-0.00619807283399439 0.0106584475179617 0.109403469106953 -0.254142788947915
0.00238658238491093 0.0224987597200451 -0.271005741258067 -0.389261135597712
0.00942751684306142 0.001284561272828 -0.476167017945621 0.0637054795339082
-0.00463591601516422 -0.00166622312294684 -0.0652611088041173 0.371752720008162
-0.0138912977835085 -0.000838806352445572 0.206392207810942 0.177000684449475
-0.0036779951075365 0.00227149591709529 0.170295882837345 -0.0338101144164732
0.000844917945160737 0.00564398376381457 0.0235908139864055 -0.119381207104257
-0.00825919666524647 0.00511428219142596 -0.0233710539113149 0.0810658938617254
-0.00232182943970533 0.00499121149644981 -0.120609682180996 0.0104476470208538
-0.0161639499614827 -0.013775930725595 -0.1572062655667 -0.159524947409656
-0.0075005412688823 -0.0168989357933372 0.0837591430534957 -0.315333806436354
0.00277070742314169 -0.000979485436827659 0.409728860633219 -0.0581897278599178
0.00374456645280998 0.0174714244409478 0.263967005487618 0.349521757033468
-0.00885200673991713 0.0110817817670202 -0.0899636981532747 0.314425014259516
-0.00693901426040547 0.00240818350313774 0.0142561232936783 0.0422127837890586
-0.00429681710482666 0.00986061474027425 0.10382792349686 -0.253048190453198
0.00330071463369698 0.0220882399611931 -0.279227583413611 -0.377868324763746
0.0085927527792414 0.00212582963258861 -0.47195730578207 0.0806142613224479
-0.00578199028782242 -0.000911757309158798 -0.0564408673235004 0.375839196454986
-0.0122854407384188 -0.00123603998342484 0.211885248562229 0.17133318439302
-0.000668547189974979 0.00310486707203477 0.171931873229639 -0.0369081549542612
0.000415735616520259 0.00705902073301601 0.0238269443681168 -0.120467670572153
-0.00835818216580206 0.00498085652359817 -0.0234380229757735 0.0809274509019123
0.000624789688225803 0.00603650970645501 -0.11779691031084 0.00883087835484589
-0.0138622221717582 -0.0125192953724528 -0.153875300194669 -0.163316572304235
-0.00817542609783123 -0.0153226720285716 0.088967566035286 -0.312515638971181
0.00153290502565981 -0.000930125262538601 0.411735499070552 -0.0469566071218434
0.00386161142201938 0.0156771416715915 0.259874201160449 0.359367621232812
-0.00717594047985079 0.00967255899308701 -0.0928817690629851 0.316590776693132
-0.00569834658504225 0.00164568248148387 0.0138275278462169 0.0434102134522198
-0.00274530250423792 0.00828131468061718 0.101786820461218 -0.250517161022332
0.00372483139787954 0.0203397889335555 -0.283598061741904 -0.368630607562766
0.00615917840951779 0.00258779073267809 -0.470252650551437 0.092074101924984
-0.00609293503600206 0.00110257161643604 -0.0500792791704822 0.376984693895579
-0.00916049691099633 4.90726343732248E-05 0.214911870461486 0.168255050700166
0.00345768724681332 0.00405827419763763 0.17397661935146 -0.040101266927616
0.00117893201638272 0.00707732950932688 0.0226498548779629 -0.120818254084242
-0.00675294767108173 0.00463453499816902 -0.0240933133054061 0.080480621137048
0.00337878766690629 0.00701022091847398 -0.11563025503748 0.00828516316433509
-0.0104155727386619 -0.00907155149158064 -0.152243567269004 -0.16563747948635
-0.00784062192341381 -0.0121321493935095 0.0898302495193977 -0.311765119091989
-0.000625368043888004 -0.00172748223322608 0.411589455199708 -0.0418116742395169
0.00406465021969483 0.0125182884195297 0.25800607556432 0.363767193808822
-0.00551251818962687 0.00753540552940641 -0.093228207486545 0.319175379784348
-0.00439357970313779 0.000581019758324943 0.0143569140491376 0.0446880572294141
-0.00113589961670602 0.00613841317197512 0.100153333694382 -0.249512125197425
0.00299841667358711 0.0168504555683334 -0.285310657379658 -0.363704325860517
0.00404243314597306 0.0025154360803172 -0.468380624146049 0.0979099237314187
-0.00551030408537403 0.00426444712044917 -0.0482183395307884 0.379048800126799
-0.00502228001569722 0.00269442049527824 0.216763485618855 0.165421672398534
0.0070571903765953 0.00482443833244565 0.176483517787977 -0.0417151225317352
0.00242435625399981 0.00567429783535912 0.022553933367495 -0.119902504242151
-0.00409910023109217 0.00319104803292315 -0.025307489337049 0.0811756272763023
0.00592783462559793 0.00827695214972587 -0.114085254951649 0.00891769905812042
-0.00751367430611432 -0.00458729343586608 -0.152964606858772 -0.167426557789546
-0.00761598976224238 -0.0088810652148957 0.0850728175162172 -0.312086970561322
-0.00320790587157455 -0.0029318207324526 0.410070407123207 -0.0421847188857605
0.00328957640993074 0.00834059896741709 0.262929946754287 0.364628527239987
-0.00452489341470982 0.00522274311146487 -0.0896638931200677 0.319326554021995
-0.00390711138392557 -0.000736143098721742 0.0152294716332285 0.0455301713317808
-4.78971547932788E-05 0.00342591519287985 0.103251080513241 -0.24884443848861
0.00161452644225552 0.0122208628737143 -0.281251617591544 -0.364814984483384
0.000905588993519901 0.00150795180504519 -0.47133321778406 0.0966403536754515
-0.00346319697509335 0.00714769565880815 -0.0531601605567074 0.378625342006486
-0.000441172561105891 0.00655465126466073 0.215949184764327 0.165846265679552
0.0103911270363726 0.00568194014416772 0.177525551456507 -0.0400882069538854
0.0045647081713529 0.0040472329250048 0.0220415808760276 -0.11871136521978
-0.00203537735911112 -0.00172455177113039 -0.026837234389453 0.0883641228048991
-0.0067549601082831 0.00620323040132637 -0.124556145116019 0.0226338048898037
-0.0145748394592698 -0.000848799542097775 -0.174487350306019 -0.143692212696873
-0.00287462433977113 -0.0117191526263399 0.0422062171984771 -0.32651086700899
-0.000507280692353887 -0.00736534757463283 0.388144170280427 -0.118412010331625
-0.00039825812554964 0.00755425099895602 0.292202765767555 0.297038902910532
-0.0113243191540967 0.00618958751724692 -0.0609051979360144 0.301998138630613
-0.00963505378281209 -0.000794334714949369 0.0192028250056285 0.0368250039305873
-0.00814333349209387 0.00407360100212913 0.128629219191656 -0.253098270626938
-0.00465575762359966 0.0127948429820404 -0.234265755866776 -0.420878327803788
0.00585894337561331 -0.00376865565822584 -0.483123507236757 0.01069098099354
0.00192240925082494 0.00260306104123219 -0.102654628726801 0.355555037520689
-0.0096099818876727 0.00958835667615597 0.188508079073748 0.187878642339171
-0.00525380964668242 0.00255622739204082 0.167570673114251 -0.0227441203605017
0.00702674084919368 -0.0018816807275281 0.0231960074754642 -0.113026894388601
-0.00438025505142728 0.000306236205375797 -0.0254514860030669 0.0860222620936615
-0.00718504934438422 0.00548446613644991 -0.125181152983738 0.0194811035376352
-0.0173346940088272 -0.00543849964418832 -0.17054786490128 -0.145271813766374
-0.00416912136118488 -0.0148416332462325 0.0532903068669583 -0.323464675955149
0.00127549065717524 -0.0055766212035494 0.393164829931824 -0.105666835905705
0.000755042980244132 0.0122619141658096 0.2858495217303 0.30777248936609
-0.0113579735787048 0.00864208273049458 -0.0681650202368985 0.303136786317396
-0.00986536859702286 0.00123216192911399 0.018018797532351 0.0371448327799071
-0.00833944247178249 0.00652319449919956 0.123035422115359 -0.2534130219112
-0.00236957347623493 0.017447973107001 -0.244658024180273 -0.412840228227579
0.00837021464057422 -0.00191165965002655 -0.48020049566811 0.0258180978038883
7.66268435965344E-05 -0.000115716839201233 -0.0913937181113123 0.358464399838746
-0.0122580435346719 0.00473999998123971 0.193066708111683 0.184508746299715
-0.00640933955503083 0.00201721796141629 0.167123087371038 -0.0259054047715429
0.00450986115998421 0.0008344049259109 0.0236596552941734 -0.114751478425406
-0.00640273884540812 0.00228281300040937 -0.0245818024535573 0.0840672121613049
-0.00742457926167054 0.00518966148336474 -0.123971060610516 0.0160117104541881
-0.0182929466772315 -0.00988948071572554 -0.166133386497716 -0.149753669004529
-0.005992546396713 -0.01666512743594 0.0646321370850276 -0.319975348253928
0.00268545699166147 -0.00374663623843549 0.398930881023758 -0.0902336645420929
0.00232028183934847 0.0157258323546244 0.276366897870058 0.320704390195752
-0.0112986011685231 0.0108895770345132 -0.0764344544780387 0.305517867945925
-0.00929174853032503 0.0018931742431458 0.0160824132284014 0.0383940624978712
-0.00751455782454591 0.00888080417919907 0.115707410419434 -0.252303573639228
-0.000118462678169323 0.0205257672824912 -0.257840511559905 -0.399991821559234
0.0094788280273744 6.39204716889104E-05 -0.476129417223004 0.0438264456338387
-0.00226646865231352 -0.00194693689187434 -0.0785744883368536 0.364202634294086
-0.0136249353452134 0.00117835972436127 0.1988098373568 0.17988528201251
-0.0054428250298978 0.00162769942324599 0.167356036445198 -0.0296276994520194
0.00214830184711508 0.00353287118176324 0.0235447951997232 -0.11728945696166
-0.00800901148193188 0.00357039217098469 -0.0240098408625523 0.0825457235077242
-0.00510717929875024 0.00508543957897963 -0.122180490018634 0.0128045506907147
-0.0182135364609203 -0.0128561411636407 -0.161294350835155 -0.153396204238168
-0.00716366511385465 -0.0173355039483272 0.0746833064181449 -0.316529125903565
0.00326191888394515 -0.0020879201072975 0.403089379970659 -0.0719805349399843
0.00361298581178161 0.0177670072776962 0.268754003572784 0.333429386940869
-0.00977498592423421 0.0116705785108873 -0.0834407768722647 0.309481822375385
-0.00818127678937186 0.00253392600497284 0.0148226667656582 0.0401789774704257
-0.00592964872037558 0.0108121809914743 0.108987183263225 -0.25107483527182
0.00237309995775278 0.0223894787494367 -0.265518685223692 -0.387664103841
0.00921993079720237 0.00154795850225002 -0.472051132312273 0.0628932723953765
-0.00449693473111522 -0.00150875342618189 -0.0651988307638779 0.368141309794166
-0.0135322293228855 -0.000846992313167599 0.204699644008329 0.175229914279884
-0.00305971854256977 0.00261355420746972 0.1688780048928 -0.0336138387347917
0.000723197695092975 0.00575834759978457 0.0239121085004218 -0.118776975694294
-0.00897936745306838 0.00487461489224479 -0.0236598431802306 0.0810908946781863
-0.00249043109645844 0.00545732051257517 -0.119962561835602 0.00963762966511007
-0.0159176168571847 -0.0135372891088992 -0.155658309188466 -0.158174028918352
-0.00794586546431143 -0.0169535135990284 0.0836656140640137 -0.31284951169725
0.00283418380611294 -0.000893873491896276 0.406754694356907 -0.0569691359175313
0.00398463474370317 0.0175807011253628 0.259981445480406 0.348113618731474
-0.00841046652113929 0.011265923611332 -0.0900208489882567 0.311305848971872
-0.00688053470382009 0.00260428116445466 0.0142063107772656 0.041565827046487
-0.00453145204193512 0.00988966080687302 0.104308377007965 -0.249393223735763
0.00350245946266358 0.022031754785603 -0.275256761081422 -0.37518466159005
0.00822322740296538 0.00233399309844212 -0.468726348600913 0.0795674505859118
-0.00576252921765714 -0.000714283550247991 -0.0566210047341983 0.37192679631206
-0.0117889949634606 -0.00084113016929826 0.209788146501914 0.17062375702741
-0.000130389623613389 0.00305284119519444 0.170698292871564 -0.0367770021112795
0.000158740393637252 0.00709565766857705 0.0233238805391602 -0.119199628592223
-0.00803670532045611 0.00511711947269566 -0.0238099902964944 0.0797923838045443
0.000300949126281408 0.00605087482297099 -0.116676285997715 0.00801493148252
-0.0139098033840286 -0.0120138743774572 -0.152680909045376 -0.162017389557636
-0.00816585475921531 -0.0147526815219519 0.0885691075180635 -0.309269061374848
0.00133777457998095 -0.00108727080659892 0.407940345835098 -0.0447655949996302
0.00420463683159613 0.0158549886667905 0.257250635787222 0.356936583188455
-0.00751577974042717 0.00978388385424701 -0.0934301632937872 0.313471918762735
-0.00514534869377566 0.00159078532360133 0.0137398103287585 0.0429862193303735
-0.00237356385610025 0.00839179763016087 0.102098376787636 -0.247100758529989
0.00348756633575841 0.019894986636348 -0.279929877486165 -0.366627252229898
0.00648568867608197 0.00241303918647989 -0.466246075901852 0.0889328835529533
-0.00559134196430125 0.00127122853379104 -0.050084080412232 0.373302788667919
-0.00891980626543656 3.78303400033926E-05 0.21290051825839 0.167364622372246
0.00355739362972137 0.00390590749887978 0.172456726918521 -0.0394935872268906
0.000918064149710196 0.00694957920632393 0.0230599349823378 -0.120037344970457
-0.00681536724288883 0.00496305983689738 -0.0241389160116193 0.080080341898961
0.00339241734388645 0.00693938709657884 -0.115039951845155 0.00792719331629882
-0.0101102449818294 -0.0092284141159886 -0.151526443177242 -0.164564318909075
-0.00788216632230531 -0.0120430242607617 0.0881133707393748 -0.308221662576337
-0.000798437759940656 -0.00199785429093495 0.408023775049557 -0.0400562216656893
0.00388136911241497 0.0125716114245 0.255040176156648 0.36177387961446
-0.00575285368827356 0.00740697308910823 -0.0933076308959342 0.31570110533994
-0.0043431016575097 0.000640025857075987 0.0139720992608463 0.0440952934034429
-0.000843331359372037 0.00583267669507106 0.100913760231172 -0.246795256188038
0.00326148949568509 0.0164880402856624 -0.281166825012273 -0.360607734528905
0.00366224844832681 0.00252036600730773 -0.465022014556526 0.0963996899981217
-0.00492356498970898 0.00411476447892884 -0.0482585315785412 0.375026565403216
-0.00448714091695945 0.00273533493785366 0.215037139081068 0.164129790616479
0.00726006486625093 0.00489432873198076 0.174692501482806 -0.0409936138188592
0.00241741243126052 0.00563832337959602 0.0229485462868702 -0.119585625127332
-0.00427853458570533 0.00321865803013092 -0.0253203548529906 0.0802593718101994
0.00568116998672073 0.00781288288049025 -0.113038056587716 0.00843625675261477
-0.00706788745770526 -0.0045948002055355 -0.151990107493124 -0.165961740961835
-0.00751745762542253 -0.00879693784788079 0.084593098724587 -0.309656458747335
-0.0027630228726498 -0.00311305930866701 0.406238102958323 -0.0407592309807862
0.00331152852795 0.00842150397152452 0.258662097154038 0.36151559793582
-0.00464986617483267 0.00504990395721458 -0.0896867234011394 0.316047847570711
-0.00361072594099836 -0.00100614667414062 0.0149478737840512 0.0452983631062222
-0.000228436569678404 0.00303238029545801 0.10295528717399 -0.245851610987467
0.00138328267620998 0.0122174857512826 -0.277187543541822 -0.361357970159317
0.00100914197706243 0.0016690038751962 -0.466718945429867 0.0958687282146216
-0.00342656816174505 0.00699673161305339 -0.0531574835595849 0.375544653886806
-4.32135418335462E-05 0.00671990420320219 0.213637170243892 0.164206474052785
0.0107326748519804 0.00563129516983272 0.176341014386729 -0.0400744383057485
0.00468513558621603 0.00418733804903832 0.0222740453336846 -0.117762957600376
-0.00216654994271506 -0.0017604713301226 -0.0273037118218258 0.0882625415912762
-0.00656504350673645 0.0058672328262231 -0.12418878291583 0.0216815706006926
-0.0147591931478271 -0.000654142209598291 -0.173717808589333 -0.14318780977599
-0.0027254996104919 -0.0118248568160375 0.0428122850129685 -0.323901107086788
-0.000578374956845021 -0.00756661329397129 0.386158186971451 -0.115261537805774
-0.000716752618520289 0.0076031846283043 0.288817746148885 0.296068881942422
-0.0114638026279485 0.00557703237630402 -0.0626620738175298 0.299475490728995
-0.00966176494788254 -0.000796837800205168 0.0186612194644507 0.0364817445118034
-0.00805314916284684 0.00420632290559077 0.129033019946048 -0.249610056205762
-0.00419247777517152 0.0127692545329368 -0.230752004382386 -0.418561358013432
0.00609797577591659 -0.00316216390654565 -0.478352023669313 0.0101103591702838
0.00202478575076257 0.00249678333599414 -0.103736119025555 0.351728706620259
-0.00940655851055236 0.0097498970888608 0.186581586584416 0.186619989376269
-0.00489774240266806 0.00229394171585503 0.166162388209284 -0.0220940356000925
0.00689997379901087 -0.00201041716197365 0.0235214982540933 -0.112246165604289
-0.00434325204318022 0.000610685857314684 -0.0257080707391562 0.0858603992965072
-0.00744292870053478 0.00540255581591139 -0.123975185592632 0.0187492846185767
-0.0172757449357406 -0.00554092243669578 -0.170003855672082 -0.145000274895766
-0.00465822270724759 -0.0144820815247893 0.0537902442855673 -0.321334178604217
0.00146642562749372 -0.00548397088282803 0.39047679983609 -0.103849493582879
0.00111680388980981 0.0120976216527769 0.281421883536657 0.306552549892307
-0.0117197731837755 0.00839957326090649 -0.0690824588899362 0.301177381651149
-0.00943383038377294 0.000933929838109228 0.0171681680639098 0.037147871390251
-0.00786133725742766 0.0070742898051248 0.122985088135345 -0.249946527267152
-0.00212502829738793 0.0174169157065884 -0.240834898054793 -0.409156483136989
0.00804321228961772 -0.00171859354745755 -0.476629760217578 0.0241124812751771
3.24446558398975E-05 -0.000332495901866726 -0.0913788630277714 0.355510560216901
-0.0121807867528492 0.00460005970998364 0.191240451876581 0.18385583313919
-0.00587621023026513 0.0013671979380841 0.165912412964856 -0.0257219321233439
0.00420700417307006 0.000904549671329006 0.0234368416587048 -0.113983313520015
-0.00672839238762782 0.00249727408430046 -0.0246523941005617 0.0837866659503137
-0.00728845325695902 0.00524986543105938 -0.123411988529301 0.0154262298600399
-0.0179316075896864 -0.00955292643537269 -0.165137128852871 -0.148828260617238
-0.00584934969227066 -0.0166281107181147 0.0650556538668207 -0.317894820163778
0.00294739032279474 -0.00343099455270444 0.396302792804841 -0.0866396673354612
0.00253863032193878 0.0157115254805538 0.273382670991345 0.31948407467063
-0.0108338829517123 0.0103672681425628 -0.0774780222391665 0.30344553091658
-0.00890339072217729 0.00226189454258244 0.0159302508940478 0.0382787310998348
-0.00736332202795934 0.00848156058694624 0.116602138745518 -0.250009714702018
0.000147825492422403 0.0203703951229672 -0.254024037451765 -0.398904132527766
0.0093216902714867 -0.000213710432873366 -0.473093952625683 0.0420533060939617
-0.00234649470275517 -0.00170684532214072 -0.0794618718849329 0.361190947754111
-0.0133235880220178 0.00099647565342025 0.196754792561677 0.179636355845613
-0.00537338935484857 0.00152492944767183 0.166711657481386 -0.029782211072982
0.00209826675040094 0.00329030795093237 0.0240142619095854 -0.116376716708516
-0.00818456005410615 0.00398744631608591 -0.0244340353855526 0.0813942067401512
-0.00502947405808205 0.00447858284393052 -0.121598925414438 0.0118552805695025
-0.0178956379937772 -0.0124051297194091 -0.159747590234922 -0.153326148596831
-0.0070635069035623 -0.0172080104198471 0.0749035144608368 -0.313322792792229
0.00332226905716764 -0.00209672543378243 0.400789944154748 -0.0714082555536554
0.00333460956089871 0.0174370899415622 0.264749334431613 0.331972380698349
-0.00988665770069742 0.010781928083492 -0.0840271318647297 0.306210132105494
-0.00815285493306244 0.00242187940324322 0.0143495348364705 0.0399152971680342
-0.00598899871614785 0.00986612271695431 0.110023669549728 -0.248577517590834
0.00189552931793006 0.0222730005443484 -0.26442847898818 -0.384969973437137
0.00925301289103564 0.00150458477356621 -0.467851976785716 0.0589424178866263
-0.0041736082329995 -0.0018326225385389 -0.0657461718816943 0.366310902715594
-0.0134252127140037 -0.00097934320232205 0.202662961186026 0.174627414130103
-0.0032079545288271 0.00223682271062639 0.167831040353605 -0.0339403861893839
0.000948155294390923 0.0055132648709834 0.0238094320085141 -0.117807431254591
-0.00874788506679771 0.00493539810629236 -0.0243111656177598 0.0801208169072605
-0.0027145896975616 0.0051340678864262 -0.119021917944086 0.00912698657475174
-0.015765888617418 -0.0131272200787765 -0.154693019112626 -0.157727514105465
-0.00773307121309637 -0.0166825507342868 0.0838117792190527 -0.309881910691527
0.00305247981656522 -0.000739401999304428 0.403724573573886 -0.0545490025868998
0.00433307575174247 0.0173842987674098 0.256335985451973 0.346048759564186
-0.00870703883976118 0.0108385221617238 -0.0904848372544732 0.308210222992993
-0.00684787318326757 0.00237379768103324 0.0137042201510194 0.0411434468750118
-0.00394690662557906 0.00988663212455537 0.104733100777386 -0.246598933836318
0.0033430049034667 0.0217796505124639 -0.272611598218045 -0.372517076637445
0.00819409997105147 0.00231681856220856 -0.466605528725667 0.0768954121776295
-0.00550078962738878 -0.000583509717192595 -0.05689899632591 0.3688199450351
-0.0116026869625239 -0.00118409520195592 0.207393555801484 0.169920440688608
-6.85994712152525E-05 0.00268782540727724 0.16984313255786 -0.0368062825119746
0.000120791967109695 0.0067954813403488 0.0239031301750596 -0.119047828175984
-0.00838960194281422 0.00544654924731788 -0.0241694121535067 0.0794093996102756
0.000251520734731405 0.00556979355398592 -0.116813399188733 0.00728792235613808
-0.0134402500476662 -0.0118433123635279 -0.151209226612878 -0.161611972504023
-0.00806248242193922 -0.0149665556057538 0.0885608401386787 -0.30601837771232
0.00131962322007129 -0.000998037626929185 0.405640017947875 -0.0424480366931082
0.00436646034468678 0.0157550075021106 0.251876873397352 0.355958033740047
-0.00725506321977813 0.00922235525136352 -0.0941644001107666 0.310214944040497
-0.0055906061314471 0.00142293207982577 0.0132143988537286 0.0428815626156398
-0.00230358230717503 0.0082724466472056 0.102306432887308 -0.244694892046633
0.00347502241985653 0.0197725332686269 -0.275826750637071 -0.363908406934855
0.00603779228438708 0.00279818519469248 -0.464177709552498 0.0874875139017716
-0.00622005432084172 0.00119667529325259 -0.0509793977928184 0.370262028362779
-0.00848325886742504 -0.000478492342419763 0.210865445410973 0.166080371467983
0.00353548106999159 0.00365966007283894 0.171788714622217 -0.0389143216096764
0.000949887210122136 0.00695109573003161 0.0229652254168228 -0.119030446535369
-0.00709491726309922 0.00478879567149135 -0.024723784835008 0.0789408063416887
0.0034810274933702 0.00694407506650409 -0.113665788199796 0.00713456815948893
-0.0103030466605529 -0.00885344944350679 -0.150309309698583 -0.163920661755875
-0.00803095548698665 -0.0122099063684478 0.0883323727962352 -0.305969249685813
-0.000502708286511513 -0.0017222943093781 0.405111547949225 -0.0376442566240644
0.00428544557245686 0.0125134615962994 0.250895466519477 0.360734543489842
-0.00607597544064845 0.00718096470410174 -0.0940167009543578 0.312486329789677
-0.00415977788723484 0.000978445316037133 0.0136023512724147 0.0437093970840731
-0.000783344591037378 0.00582329311867973 0.101360325164553 -0.244783942608569
0.00271860105002244 0.0163516314189282 -0.277038580731905 -0.359432292087007
0.00365760876134958 0.00247495290868551 -0.460867041476892 0.095188756000872
-0.00499337620621683 0.00401415164425136 -0.0485874294361678 0.371863593077293
-0.00443665284182221 0.00302637559253078 0.212922579129201 0.163814902086041
0.00747265747987744 0.00494516716006508 0.173594949453395 -0.0407212220457828
0.00242532716666365 0.00554777532607055 0.0228290392757364 -0.118496365444472
-0.00486455512055082 0.00365723530147553 -0.0257437801191042 0.0801090382987266
0.0057390544206831 0.00797019353989546 -0.112601562952082 0.00801113238581791
-0.00717912317416969 -0.00447529758258815 -0.151012772140508 -0.164593333951703
-0.00736567408413275 -0.00875722843195507 0.0847141891646203 -0.306740648022957
-0.00273297447430224 -0.00323940051799457 0.403225791854616 -0.0386060420054918
0.00344744514539966 0.00828817155266651 0.255918746303229 0.361485207733349
-0.00473682343255156 0.0045710080349168 -0.0903106915451526 0.313536773123269
-0.00354278884774239 -0.00073473232554651 0.0144100544155547 0.044555496731227
-0.000298377596869681 0.0029077804382276 0.10391347074801 -0.242444374382542
0.00154671790169328 0.0119714977638032 -0.273340893114151 -0.360180718768704
0.00115685718246563 0.00197775482178215 -0.463555818640143 0.093420438287825
-0.00367110503268336 0.00698314477173888 -0.054990171257181 0.371926192632611
2.98016376205764E-05 0.00688483526555472 0.211695848375223 0.163797966861765
0.0104024089158329 0.00577770223911968 0.175613936602246 -0.0398159880459377
0.00464642222980192 0.00386958332579075 0.0219478597855422 -0.117155255891217
-0.0020411625176114 -0.0015163580752472 -0.0279642197681333 0.0877909511648142
-0.0067284152312934 0.00556458397681146 -0.123888447382167 0.0207479879608028
-0.014733528620822 -0.000639401695934298 -0.173179797664417 -0.143285576904856
-0.00292479154416186 -0.0116789070569925 0.0435475878346005 -0.322168856428393
-0.00047198238882154 -0.00741371166930063 0.38522541679983 -0.113166772320135
-0.000232857842863195 0.00794884792924861 0.286699143663789 0.296152260719703
-0.0116186362222237 0.00588380867985192 -0.0634661090974096 0.297713780567416
-0.00989474065291067 -0.000814641694637815 0.0180160315906648 0.0362623640207358
-0.00761552626275876 0.00388003287344961 0.129964572777968 -0.247885241378985
-0.0042049819299914 0.0129716186164476 -0.226648925832417 -0.417176726348623
0.00601853073340399 -0.00299286922027598 -0.476982018719613 0.00736188738092556
0.00243422053167133 0.00246321394145762 -0.103743873465457 0.349878612783209
-0.00900532192299433 0.00967114264910123 0.184797434314643 0.186869126366102
-0.00504128622794125 0.00215355094136411 0.164710401747076 -0.022237576869468
0.00699550829698312 -0.0022564558014551 0.0238066061617589 -0.111638288353762
-0.00462450625838116 0.00048288955085574 -0.0261046596843123 0.0856375921518986
-0.00762883883090015 0.00528504771909246 -0.123550588101989 0.0176065930088814
-0.01704268627431 -0.00531134125005123 -0.169210111689527 -0.145085563448632
-0.00434658382707062 -0.0145734064809594 0.0542754626629745 -0.319297394509908
0.00109908668176441 -0.00557832721754132 0.38976013519923 -0.101733435741558
0.00131405757962314 0.0122546111879515 0.278681266194443 0.305661974443366
-0.0115630032780848 0.00834117135894692 -0.07056811382918 0.2985915169972
-0.00917685016249371 0.000713722882549444 0.0168625805151949 0.0368473721280239
-0.00791799438211021 0.0062660283323563 0.123782412161166 -0.247869285860878
-0.0022145296324405 0.0174414456508755 -0.236998981632474 -0.407997413345309
0.00793285932934974 -0.00133824374226607 -0.474780110547459 0.0218537544815244
9.18381565344472E-05 8.49813803342047E-05 -0.0929178260799315 0.353464488020106
-0.0116838976093496 0.00451971480441809 0.18954008818208 0.183300182706666
-0.0056033758473336 0.00149689348235113 0.165359171356538 -0.0252655042423204
0.00469154271688679 0.000513850911592203 0.0241786302054197 -0.114352850557742
-0.00681015285877186 0.00250456433574414 -0.0252119078519575 0.0833732541104421
-0.00693137390904636 0.00465046279622936 -0.123054425904227 0.0142412676459228
-0.0182253467712727 -0.00933575300284231 -0.164226548145751 -0.148746670489307
-0.00568042984253379 -0.0163519737835327 0.0657819544558834 -0.316211995235191
0.00314451078226334 -0.00332228735272698 0.394297977996954 -0.0851929530711842
0.00278678937791184 0.0155461579714229 0.26938041303662 0.319200947381088
-0.0108614164633785 0.0101342856195071 -0.0791325808914895 0.300865264400948
-0.00896646943951334 0.00195198372979294 0.0153286507407483 0.0377148117535963
-0.00701278102071545 0.00868951163232922 0.116794965973052 -0.247334984934437
4.73509803621628E-05 0.0204883134141967 -0.25125040657207 -0.39685177830634
0.00917612308732794 0.000214421191191222 -0.470078556662482 0.0401451511401799
-0.00213256229929089 -0.00146621952573563 -0.0804478465242598 0.359444254377135
-0.0130192233536626 0.00119948134836445 0.195064435816045 0.179001853170597
-0.00488523869115177 0.00200743553242778 0.165882770788106 -0.0290419114264674
0.00217716637881939 0.00325634567849067 0.0244477743071935 -0.116126761171926
-0.00883972214112599 0.00428280940701122 -0.0241640069179402 0.0813567527864218
-0.0052008713303723 0.00457405929406843 -0.120758722899571 0.0111622686242057
-0.0176957355434977 -0.0123507620168724 -0.1591866280196 -0.15251136297987
-0.00669130234811362 -0.0171281972224518 0.0756059362091071 -0.312076993493085
0.0034423558497134 -0.0023547858963831 0.398629549064058 -0.0691285614563772
0.0035753458592505 0.0177865565663425 0.26135827822789 0.331949589480862
-0.0104704944784711 0.0109651859608735 -0.0859125679368776 0.304479227127074
-0.00794497908034608 0.00215278104899496 0.0139999097309676 0.0393509149319499
-0.00583589624850008 0.0101360085794845 0.11096823185169 -0.246590011060374
0.00204905673588039 0.0220350148199695 -0.259746416865747 -0.383728552181287
0.00890336804607917 0.00155435260123032 -0.465962031649914 0.0573895308207302
-0.00415001741995868 -0.0020109307400196 -0.0676150696138924 0.362923269182326
-0.0131953350130995 -0.00110967791091674 0.201021598734111 0.174339601747537
-0.00280164477101916 0.00222827976499975 0.16749652320332 -0.0330318980856481
0.000994176231553644 0.00530387427208422 0.0244154322175202 -0.117724688852263
-0.00887090196070981 0.00495078753958909 -0.0242250356191016 0.0797382198418619
-0.00230626622132068 0.00497585061544894 -0.118713827624618 0.00851491479955235
-0.015752967502437 -0.0131919162019961 -0.153739145145269 -0.157200330390447
-0.00797904159072296 -0.0164404485167119 0.0843240805613681 -0.308184515722311
0.0027471018474529 -0.000780071829571655 0.401753160592274 -0.0531231528308648
0.0042856448449033 0.0178027969960108 0.2533113108139 0.345544806902209
-0.00872787960907346 0.0104418125825319 -0.0920203094991316 0.306369313043038
-0.00678363638112427 0.00237251056876438 0.0134894237577277 0.0408958918506156
-0.00395939900085879 0.00980123986809371 0.105862619515267 -0.244737387565987
0.00367469793323697 0.0217768637257559 -0.268518379371187 -0.371856181424169
0.00805931558573341 0.00257105938411776 -0.463685762310852 0.0741140376230972
-0.00503000728314847 -0.000616288011020887 -0.0579684826541328 0.366589009848264
-0.0113288442530318 -0.00165796223203243 0.205683032451321 0.170085026094351
-1.11310253744241E-05 0.00289953747113222 0.169215610425753 -0.0366087147454514
0.000148320141946909 0.0063067773399828 0.0247053836178922 -0.118376023767646
-0.00836396688347638 0.00522258117664246 -0.0244150745618026 0.0791209824499939
0.000366448679244808 0.00551426824942105 -0.116138639730498 0.00680754453637592
-0.0132144202365239 -0.0119820878425414 -0.151127448447777 -0.161352198416776
-0.00814484818317719 -0.0149422742390228 0.0886856465090291 -0.304663027498887
0.00152398595171745 -0.000782887592498848 0.402869966911546 -0.0402125825600069
0.00449086872186 0.0159820697777297 0.24988098233981 0.355306130539015
-0.00688213974636523 0.00890835629830002 -0.0959677129281338 0.308214850284105
-0.00536448694703516 0.00179026322776939 0.0127950956408176 0.0428654858991943
-0.00246735530529159 0.00836588202142204 0.104060755563403 -0.24347374157308
0.00354718940124217 0.0197631662965135 -0.272817994418947 -0.362635661322471
0.00585107041700366 0.00269514415145458 -0.460970467650274 0.0855375741476636
-0.00607585384192759 0.00122542947055293 -0.0523093170052538 0.368525949713294
-0.00794168337044306 4.54310938512951E-05 0.209238379407258 0.166017654852964
0.00374280219777533 0.00384743057910389 0.170924798222433 -0.0388445603296487
0.000980243478641216 0.00673633734155778 0.0242448738210153 -0.118501971218303
-0.00680912521485767 0.00470979322532902 -0.0251682848379618 0.0789679410713877
0.00327842813517409 0.00655755359917629 -0.113384916885239 0.00654342612198614
-0.0102265440824595 -0.00872110821193369 -0.149854376200642 -0.164082078466936
-0.00783285261081688 -0.0115199362099513 0.0896253815807296 -0.303794585823973
-0.000413617282864639 -0.00198141591848403 0.403650969793344 -0.0363991755804686
0.00419856948980841 0.0126340227285789 0.248371973115921 0.358872447756864
-0.005893617356489 0.00725229257490519 -0.0953597874428181 0.309707981685578
-0.00424981770388777 0.000375296914389776 0.0134366244906436 0.0438400133280867
-0.000762121942369059 0.0057543236630528 0.102628718097357 -0.242404538554159
0.00286975616010599 0.0166802606169699 -0.274501742141645 -0.358895358098362
0.00331802210860872 0.00275412476079261 -0.46013057268379 0.0943259611198466
-0.00512298265662139 0.0042342656228992 -0.0507420589779021 0.370247531673571
-0.00449514050998389 0.00268487605674919 0.210710174335444 0.163871753135658
0.00789448635479183 0.00481099455231843 0.173018206859874 -0.0402745827121477
0.00222715014742698 0.0059209479366573 0.0234625350586804 -0.118112744051362
-0.00492094928279939 0.00324145820911106 -0.0262161757144784 0.0794884354604296
0.00591014033922495 0.00761811922492817 -0.112224842035012 0.00760222366798381
-0.00705425476644781 -0.00431535450660763 -0.149896527715475 -0.165286254970387
-0.00732911158182909 -0.00876131471137988 0.0856251787711091 -0.305328142628096
-0.00293326712459581 -0.00282029028202644 0.401920153220798 -0.0368597242641242
0.00355742440224106 0.00828041218853685 0.252357449212015 0.359636392511127
-0.00505160252955191 0.00490219475010356 -0.0922621374259727 0.311287063188609
-0.00349679152113729 -0.00121770070827533 0.0135192131062833 0.0441672218293561
-1.43524911629051E-05 0.00312912224671619 0.105125206941228 -0.241010362399796
0.001538372675597 0.0120799309812027 -0.270726667060346 -0.358518744148653
0.00106981379782166 0.00168155111921074 -0.461940576666365 0.0918514648498601
-0.00375056998352146 0.00747874911212858 -0.0553291877573752 0.369829613042336
0.000108231347497823 0.00725152732773044 0.210166713423888 0.163974550781988
0.0110158318764447 0.0053803204945057 0.174771340702434 -0.0393036525143826
0.00434720389730676 0.00363678744506698 0.0231713181890855 -0.116396680383869
-0.00196549164434971 -0.00214589282363445 -0.0385049106747798 0.0837000848724173
-0.00745996604175204 0.00421466111404129 -0.127025751119976 0.00363421338786049
-0.0138319197950498 -0.0025019241703042 -0.152990198132645 -0.166101099327515
-2.66555696454718E-06 -0.0111331275958511 0.0842816892399066 -0.310842520124198
0.00181929868095039 -0.00547219661552363 0.394631982176661 -0.0597683706563882
-0.00139154608814022 0.00544970037344246 0.242403180316167 0.335117017790246
-0.0110356377362833 0.00523169191785408 -0.101935013993456 0.287964282143372
-0.00924952862444587 -0.00224500387987766 0.0124470845145621 0.0381120976501589
-0.00913395780179917 -0.000388033696527053 0.167406157357647 -0.225481639374733
-0.0101192120425165 0.0106331644519062 -0.161536935566116 -0.446478128504433
0.00257862869232294 0.00246063243269136 -0.474764570886542 -0.0652800126320422
0.00636569848938662 0.00584252099724979 -0.157611599847412 0.332709551241502
-0.00518151521506117 0.00673696102506304 0.154202632235954 0.213412655435218
-0.00438947546681624 -0.000920943276242834 0.167676653085344 0.00356135213432356
0.00609374813125995 -0.00142152154011506 0.0422917500913328 -0.108465015511123
-0.00501618511773202 -0.000602664714991378 -0.0371706502806712 0.0814167112829435
-0.00777156249569253 0.00367454386733172 -0.126098418641399 0.000313970020392062
-0.0153000363621066 -0.00715666939256584 -0.149049366035199 -0.167713828281154
-0.000971706522659882 -0.0139246640323142 0.0938118931983863 -0.306655776595662
0.00394868907547711 -0.00345229633753122 0.39757234912734 -0.0478416817774751
-0.000666848439520054 0.00985537657870239 0.233920991980263 0.343390849150083
-0.0116261789466165 0.00803108003294976 -0.109209386491724 0.288344731504301
-0.00936515444123264 -0.000496461022877033 0.0105053682229961 0.0386264558497959
-0.00935964508081254 0.00236840049272112 0.161148656201551 -0.22698695750632
-0.00872397890738857 0.015341603094807 -0.171736763583413 -0.438495587174479
0.00483348343695687 0.00468403650590273 -0.473115671769902 -0.0521293015526403
0.00470840286033541 0.0023685770714863 -0.146604419899805 0.337787795851025
-0.00641067083399301 0.00135681081525063 0.159048274101237 0.211126273899721
-0.00495547784560035 -0.00145639223704274 0.168028618140955 0.000332956750866594
0.00267166495241928 0.000714595637442214 0.0428366542855406 -0.110293772314154
-0.00738041950217588 0.00134855176191421 -0.0358863687429193 0.0796108920599869
-0.00706152114052263 0.003053081222497 -0.125339119968714 -0.00310377436240738
-0.015690016971303 -0.011597977585721 -0.143088642020577 -0.170577464154224
-0.0023009240609091 -0.01585395443814 0.104462236241489 -0.30130867381869
0.00462698784299887 -0.000726204522517739 0.400894164710982 -0.0314015538596388
0.000658153904164531 0.0133473096135732 0.223980082601877 0.354763073073526
-0.0111762100853724 0.0100663661200914 -0.117505417584717 0.289080000492382
-0.0090854348502501 0.000677447600797694 0.00958210014185925 0.0397236111415968
-0.00935253710255862 0.00506371541251815 0.154269689882952 -0.227096566948699
-0.00701747104633235 0.0197846616689343 -0.186762727575112 -0.430149953707032
0.00518582888100113 0.00607502026656476 -0.473138146911135 -0.0331908702468091
0.00354581804003112 0.000406579761989765 -0.134726348470145 0.345102163740931
-0.00751467502416773 -0.00251178581527737 0.165852704915255 0.207733448689282
-0.00449674798448356 -0.00161942246622955 0.168893786802737 -0.00374672896568004
0.000192055596737037 0.00263019575739286 0.0435687926344709 -0.112436128601011
-0.00881568240681721 0.00267473643916956 -0.0350551767772183 0.0769580114054975
-0.00536630335364981 0.00324879941198956 -0.122781932205104 -0.00609512526880033
-0.0149309230092469 -0.0141156883798392 -0.137251364516749 -0.17444286891194
-0.00333042339299664 -0.0170405478534265 0.113974317161461 -0.296654277021007
0.00490737252130343 0.000854487466614446 0.403041227350321 -0.0161449013859683
0.00123363023717398 0.0156608640058441 0.213887770835754 0.366216983173344
-0.0106524639339916 0.0109814100606124 -0.124981278931743 0.290927449194849
-0.00788562257804127 0.000642627453907879 0.00764810903128381 0.0410000427896325
-0.00811756699722678 0.00554783105392203 0.146974091838274 -0.226763052466912
-0.00497762896554448 0.0216418023353573 -0.198674560201853 -0.418938477115468
0.00568474437154737 0.00778283307304665 -0.47099951909075 -0.0148031404681309
0.00102713663580429 -0.000253748634912844 -0.12335261872098 0.351424276113878
-0.00748847050149829 -0.00466904175610512 0.17243058617649 0.203502335933226
-0.00280946280023038 -0.00105644883557574 0.171412475285265 -0.00700513723620972
-0.00163085443182167 0.00422201881192073 0.0435104288326203 -0.114091560072632
-0.00988074668667521 0.00331114737056895 -0.0348335830294933 0.075584560644857
-0.0029201804268231 0.0041297531036125 -0.11999074388919 -0.00870214993227051
-0.0127964254035471 -0.014941122574212 -0.131815432091853 -0.177262552169821
-0.00390112249655174 -0.0166264995144193 0.122363925876457 -0.291979317685568
0.00416925011357445 0.00144035239565114 0.403664025890164 0.000698177761815585
0.0023319292154759 0.0158341360753419 0.203210431947579 0.378468529386865
-0.009252209715794 0.0106514960897686 -0.131026856283269 0.292696358470666
-0.0071002920158073 0.00066289905748398 0.00684408358338887 0.0422002439023599
-0.00625500692383933 0.00552142472722214 0.142529831180452 -0.225548475200421
-0.00362120202718163 0.0212707637400573 -0.209008951680386 -0.408395904955436
0.00459603362908975 0.00869580083927098 -0.471286641523 0.0028683467251253
-0.000208761279701507 0.000493020540840109 -0.113963137302284 0.356287385078805
-0.00525388137777524 -0.00491650642827439 0.177615805393405 0.200123180940364
-0.000189406420770893 0.000411305091772609 0.173341343696367 -0.0103271732725007
-0.00211085258074678 0.00536021534820781 0.0441358466674257 -0.114841022734077
-0.00884548767035112 0.00402895301513603 -0.0346893868108372 0.0747395616582342
-0.000240267743732722 0.0048139108407525 -0.117217269839368 -0.009925232453738
-0.0102939383841252 -0.0135732870763129 -0.127456062403901 -0.180723057623367
-0.00464329364232306 -0.0146855588256708 0.126439569592434 -0.287705908507195
0.00273958600305655 0.00126199096799959 0.402890761331675 0.0131445361086807
0.00258695412021323 0.0137631198031734 0.197964557291016 0.388426065776238
-0.00766893296698529 0.00964531979106422 -0.135159367660221 0.293883004208954
-0.00497503163886031 0.000864530166684221 0.00577103755512212 0.043687685493433
-0.00480457307901674 0.00463765670952234 0.139551040496625 -0.22492994800612
-0.00322692397954996 0.0196479492513448 -0.213495409587049 -0.400155859411932
0.00240148827964151 0.00875326088333023 -0.47071735031139 0.0148603350689015
-0.000505384038087613 0.00204102906049602 -0.109358620449125 0.359376494419401
-0.00269577065537324 -0.00321737699812654 0.181865558801179 0.196212613154379
0.0034562463164553 0.00186471371222793 0.176061951185675 -0.0128384722134779
-0.00178137261005884 0.00566632275588233 0.0438710836508896 -0.11547752264935
-0.00774443962427212 0.00340741533921414 -0.0358446256905447 0.0745109056748264
0.00246053811119424 0.00663249690921959 -0.114838247536925 -0.00962552008024124
-0.00832823524668276 -0.009693712481133 -0.126642807171607 -0.183742840061384
-0.00487671898335346 -0.0117309796561728 0.126344718298961 -0.286841185009999
0.00103424320820857 0.000210395269948862 0.403010744519056 0.0174358104524502
0.00285616865766757 0.0108399269139196 0.195803541155652 0.391787319500531
-0.00632909448458175 0.00775107846761229 -0.13464293714536 0.295852055418875
-0.00388781111729641 -0.000662393064391432 0.00649124676489114 0.0447092937210552
-0.00257677987001347 0.00253646658691812 0.13913614256773 -0.223705618230444
-0.00333076302726884 0.0164881363474683 -0.217356377546436 -0.395001232440012
0.000412396586871671 0.00798272715883086 -0.47104168798162 0.0211835632388925
-0.000269350127591905 0.00503720460192646 -0.106857188171125 0.360658406598555
0.000692326872238754 -0.000159515938021421 0.18377734010237 0.194111083274202
0.00686211538022834 0.00323764737210207 0.177629964996519 -0.0134693615458118
0.000444896267401558 0.00482357375115899 0.0427294953448268 -0.114529585794503
-0.00557481191294668 0.00230991809428312 -0.0368256537598968 0.0752915313457644
0.00484595522333007 0.00777471458365713 -0.113411230336762 -0.00761774949810805
-0.00594218851277263 -0.0046200035617131 -0.1273556705937 -0.184534138674566
-0.00480472483467192 -0.00869957830524012 0.122191757975865 -0.288789326744334
-0.000498334121285376 -0.00160531843295655 0.402048143753221 0.017635046156396
0.00290710851463102 0.00631026903286269 0.199785304542977 0.392258487901072
-0.00461630481228748 0.00565312742211333 -0.132323033100142 0.297467942469367
-0.00274059763874324 -0.00118588644204589 0.006994171968238 0.0454238015692576
-0.00140021731619864 -0.000144097298582868 0.140857590664108 -0.222746481936198
-0.00394754079901511 0.0112181479723598 -0.212837609735793 -0.395008116715649
-0.00218570094545084 0.00713940588408906 -0.473229849675461 0.0184654849155925
0.000628235054252952 0.00854128214327845 -0.111239510839517 0.360248285471463
0.00439546762106345 0.00465573245118362 0.182638543112967 0.194218905583992
0.0097312511473814 0.00469424434391254 0.179458427358853 -0.0127900671926477
0.00268303766541299 0.00372638414346492 0.0422522976806676 -0.113713630101883
-0.00210884037841538 -0.00202149536411749 -0.039487831795663 0.0837721732147781
-0.00674459230734016 0.00381732198500918 -0.126897175846223 0.00265805668985026
-0.0136643418041331 -0.0023519796731091 -0.152562937226777 -0.166560225575465
0.000197493768282152 -0.0110443098597477 0.0850735620014263 -0.309428607809115
0.00222091316182643 -0.00543341056083384 0.395136092356787 -0.0588034949227076
-0.00146232446640693 0.005745193427296 0.241317033413749 0.336367409161657
-0.0114556753907185 0.00497273661061711 -0.103256959264102 0.286614932432592
-0.00861813197223262 -0.0021944379093063 0.0120838877911658 0.0376792891264885
-0.00885271853443156 -0.000818622023509793 0.168197153904879 -0.224239068535661
-0.00986572902627601 0.0107338405164332 -0.16023071940575 -0.446308761202537
0.00270070165149455 0.0026594295352224 -0.473851040165454 -0.0686936385166032
0.00635575841867339 0.00552463362388592 -0.158948106517278 0.332287037851278
-0.0048534442646052 0.00693776466288169 0.152895645549016 0.214320629944798
-0.00431999408612704 -0.0012852819365885 0.167590685213807 0.00425830309657278
0.0057132620541656 -0.00162936925040054 0.042777680939266 -0.108300432733922
-0.00475788848564591 -0.000182295811339845 -0.0375637562502939 0.081286601561063
-0.00766091965594236 0.00340656366892186 -0.126426615914276 -0.000412470037607533
-0.0151602745167833 -0.00717369866631808 -0.147779805611465 -0.168486857200561
-0.00109744541570737 -0.013725830672042 0.0952415008138724 -0.305896106452245
0.00399270940693959 -0.00335189037388591 0.397883906876141 -0.047043857213016
-0.000274088607671137 0.00976556305636326 0.232275330498387 0.3447674055258
-0.011551234229731 0.00755980306829205 -0.111020842024198 0.286974814966983
-0.00901081307164557 -0.000797341515841341 0.0104983605965555 0.0385648242646382
-0.00942737834419762 0.0020365514484476 0.162406232969663 -0.225119241674756
-0.00883377713095892 0.0158443579776924 -0.170132682059712 -0.439699231414881
0.00446420070061645 0.00489723063277441 -0.474483993156061 -0.0549847717509653
0.0047766835911771 0.00257024202630669 -0.149050343746409 0.337251896237467
-0.0068555570213816 0.00131484746811433 0.158725631711013 0.211478690250517
-0.00509216470421728 -0.00161526712087793 0.167536031962032 0.000909038562501151
0.003104154670073 -2.99250193670315E-05 0.0437990900555917 -0.110491753566506
-0.00735349741820598 0.00149622885644042 -0.0363041919231842 0.078966795090279
-0.00706125864399008 0.00301280436606675 -0.125445771536851 -0.00413204614773603
-0.0155239968556341 -0.0113943431293862 -0.143157695682361 -0.171420899158164
-0.00201620979027762 -0.0158697072516362 0.105873051678143 -0.301257966003205
0.0048738184051012 -0.00103784681612186 0.400759603550487 -0.0302419293696521
0.00108349223428464 0.0134797937307792 0.222011696619288 0.355797459797493
-0.0119868997646466 0.00966819903518378 -0.119320112395926 0.288782709156993
-0.00876958147464561 0.000210516475248299 0.00906112255437829 0.0394979781700081
-0.00899308994800485 0.00415600718342941 0.155949116043733 -0.226090639390967
-0.00669881597860289 0.019493525629467 -0.184020823661617 -0.431198566234492
0.00564350884106395 0.00651246515819826 -0.47455685165479 -0.0347645033919652
0.0033652041493571 0.000687171395837937 -0.136431556308287 0.343664525062723
-0.0067842127649305 -0.00237705458275526 0.164825506684788 0.208365223301887
-0.00470869701118103 -0.00192149538249566 0.169343140506786 -0.00313090484795473
0.000271862157760716 0.00210532771760282 0.0444658031529423 -0.112131005578233
-0.00891591877133657 0.00307018071569569 -0.0359923842062232 0.0764951437546932
-0.00521883297009037 0.00308617039791008 -0.122938771742824 -0.00644378037382054
-0.0147912243064743 -0.0139763710283752 -0.136975777174512 -0.174727319582973
-0.00310886514943334 -0.0170008927969629 0.115627219923036 -0.295474408699291
0.00496482595632566 0.000695261944012576 0.403110910570396 -0.0142009208973503
0.00148641418533156 0.0155287860166821 0.21165272013827 0.367230751138912
-0.0108354905087862 0.0105789776776745 -0.125698587237168 0.289922326981742
-0.00799187019353958 0.00112053097575517 0.00742989392262374 0.0410230139000565
-0.0081151966909715 0.00595541411969368 0.149795384455106 -0.22519550075931
-0.00474331293576465 0.0213914220643951 -0.195626038964734 -0.419322510874791
0.00571443796918126 0.00851439371837182 -0.47218328622136 -0.0170675712860495
0.00146291498353888 9.83348352801179E-06 -0.124957822454858 0.350484436547499
-0.00680032708225828 -0.00484851053096506 0.171278624684603 0.20434498738275
-0.0027733753242915 -0.000612050759508792 0.171486021819219 -0.0069447748811229
-0.00170011640779063 0.00445892205071545 0.0447743708127996 -0.113559179507123
-0.0100233775283267 0.00360134449128841 -0.0357371425712579 0.0752011462889285
-0.0027722744005102 0.0037077050186749 -0.119940894308828 -0.00912357886835561
-0.0127866441670988 -0.0147922455949043 -0.130848417181158 -0.177863289711071
-0.00400081248423832 -0.0163700033001187 0.123831822932666 -0.290405955352558
0.00426821270795608 0.00140753256113454 0.402962395680439 0.00362662404583415
0.00228826036401473 0.0159370382813434 0.201527803846357 0.379903961832703
-0.00964857632558586 0.0100938091598597 -0.13303731970121 0.291067405461332
-0.00678557250272914 0.000569749453961482 0.00637011532569814 0.0426085340125489
-0.00599078329861657 0.00573148534730521 0.144320506175024 -0.224576641730119
-0.00372728783526624 0.0220028929597622 -0.206417758635485 -0.408443105195178
0.00451323745268528 0.00887708003132669 -0.471187177148505 0.000876643684608583
0.000127617274188136 0.000663127371256933 -0.116063758289691 0.355608547278044
-0.00528388288281636 -0.00510313756041744 0.176419179330792 0.200204294597219
0.000111017605547619 0.000173048572697275 0.173299321800586 -0.00948114469955353
-0.00210609310535672 0.00533652194541296 0.0446815487525217 -0.114806605020551
-0.00960432271287886 0.0038961438267353 -0.0356807866708175 0.0743785981586208
9.10339159991341E-05 0.00473804043930492 -0.1172687193411 -0.0103293285751277
-0.0107190509894536 -0.0130256693863333 -0.128230815261391 -0.181513493022165
-0.00420369951334002 -0.0147034061309656 0.127904730079689 -0.287091398996264
0.00306452055839993 0.00127235752853784 0.40338760675013 0.0150202038951295
0.00273188118299555 0.0141184814392636 0.196234630169937 0.388008219963604
-0.00772589050485277 0.00930940931946695 -0.136659537601832 0.292788376637715
-0.00490846461150467 0.000114657699983965 0.00547892103651395 0.0435799420616856
-0.0043871001373851 0.00486938848256464 0.141691559241192 -0.223734009528941
-0.00324183842194223 0.019521789531277 -0.212284316179923 -0.400978728505967
0.00271315952344437 0.00935377941658759 -0.471117904662848 0.0109240106948987
-0.000431929433977692 0.0020510549536513 -0.110463283537058 0.358197460021986
-0.00277231341513347 -0.0029021572216544 0.180522382412273 0.198575976111111
0.00356045665164826 0.00188541366710459 0.175773733152249 -0.0121312175230831
-0.00143959367014869 0.00546960704589596 0.0444135627068737 -0.114927777015708
-0.00814149927503479 0.00353904888748092 -0.0363393488213855 0.0741122562195691
0.00281052987302733 0.00658125472099775 -0.115172992566834 -0.00978529463888146
-0.0077834993516671 -0.00949373697289411 -0.125989087684967 -0.183734444406579
-0.00508088934535283 -0.0117911230817278 0.127362162836835 -0.286899050656565
0.000853599542964148 0.000324121477022626 0.402575069900043 0.0195671738994133
0.00290645039653964 0.0110449912654888 0.194747039324564 0.393643904128563
-0.00602541838838169 0.00718402821526627 -0.137730374999733 0.295217750831544
-0.00367643868326799 -0.000610793025898574 0.00620513819839362 0.0447403226284873
-0.00287501437435645 0.00254063096595929 0.140453459919832 -0.22270847272638
-0.00286831281707156 0.0161794127825008 -0.213842916421597 -0.396579898349244
0.000203796846385097 0.0084026242104673 -0.471228660951191 0.018399711565547
-0.000185933010249291 0.00492402622957976 -0.108309968071656 0.359432853336624
0.00102712482173451 0.000161718218427892 0.182812905701126 0.194786988065791
0.00717610576585036 0.00335135911307247 0.177748751870608 -0.0130641666322662
-0.000143468786870892 0.00486593022030762 0.0432996428501984 -0.114458476134215
-0.00533317811671555 0.00291757172501325 -0.0378756591525756 0.0748670441562674
0.00530398187356193 0.00766475401589987 -0.113798427454685 -0.00872939781941055
-0.00536479533763752 -0.00433277682029058 -0.126979553229856 -0.185716120615753
-0.00504686630287427 -0.00867200296683259 0.123976638122515 -0.287710515625116
-0.00109418018417901 -0.00095610310648743 0.40149302631075 0.0195399325381124
0.00271199427843617 0.00626170699674986 0.197332591981289 0.393779791027561
-0.00483410522049745 0.0051212814042216 -0.133930816106978 0.296348178093938
-0.00294866646513717 -0.00161696053692095 0.00610505532025271 0.045889949171573
-0.00103531091259755 -0.000145857232151656 0.142641161680669 -0.221569968590011
-0.00350207156601917 0.0115006250039269 -0.210262181078277 -0.396860539304855
-0.00181407166131442 0.00751328280540248 -0.47109312397516 0.0167606770987386
0.000684223259859028 0.0080675184654076 -0.113187450629495 0.358580762259037
0.0044234871850755 0.0046511946380463 0.181928337263658 0.194722839472762
0.0100702808451105 0.00452482813077838 0.179284899281942 -0.0127164104455997
0.00233458114897893 0.00341802142122347 0.0430702962699976 -0.113470289402389
-0.00227513475590172 -0.00161886163017932 -0.0401673809756301 0.0830651340451328
-0.00702575104120827 0.00412014568561229 -0.127541455789224 0.00188872689494861
-0.0133378169818387 -0.00263938620731976 -0.154170436803637 -0.167490737993321
0.000268164842552815 -0.0109351551744438 0.0864240125054071 -0.310039354451221
0.00243310456934088 -0.00546866743626644 0.395662069737717 -0.0564825261934631
-0.00113009465751352 0.00559069308352574 0.239648723448879 0.337428069712993
-0.0116417482518657 0.0050517125820647 -0.105383661746845 0.286002845651796
-0.00893260889298209 -0.00239627674971392 0.0117370883167733 0.0384047296798955
-0.00894683353052954 -0.000795232338790479 0.169775378490149 -0.222710432935384
-0.0098177869838283 0.0109906856372881 -0.157310646554598 -0.447574373083198
0.00235076451411878 0.0027574007141897 -0.474556967115914 -0.0694893706068291
0.00644042534300252 0.005486521684028 -0.160492224848877 0.33171626238166
-0.00465563065770157 0.00695397839107347 0.152823593186117 0.214664029201245
-0.00424490160209958 -0.0013292049253986 0.167870771596704 0.00424689975125342
0.00606704910006367 -0.00218128024068205 0.0438743805789664 -0.108798579350712
-0.00533069198216703 -0.000432550739464645 -0.0387625220104428 0.0808331266666686
-0.0077671004441499 0.00324682493598378 -0.127103544074345 -0.00113945937748971
-0.015429542225555 -0.00707035384230003 -0.148521049301676 -0.169321765000039
-0.00139571831270063 -0.0137947798310854 0.0969115458149684 -0.306127841227951
0.00369147403712468 -0.00344021444920336 0.399052344441989 -0.0440592625540398
-8.0947839273625E-05 0.00999881331186072 0.231361475294896 0.346462904190965
-0.0117739898941511 0.0073912539445365 -0.112928979840479 0.286832913145079
-0.0089811959031135 -0.00106588996073332 0.00987142310156724 0.038544126997037
-0.00922272760626995 0.00230207931291558 0.163935560639472 -0.224516030764605
-0.00830678384301756 0.0157449798675186 -0.167895152822648 -0.440089749399082
0.00474799065014015 0.00491891786712503 -0.474183383969716 -0.0547759742073168
0.00508692758935928 0.00246357630565022 -0.150307649441153 0.337272687739779
-0.00600255310879597 0.0012650447407072 0.157815815914479 0.212361066826396
-0.00477443079228096 -0.00189487786389228 0.167914439262218 0.000963197436413114
0.00305520600556 -0.000454921601988542 0.0447476645486607 -0.111022383600829
-0.00786292230559136 0.00145619553712195 -0.0373808393270325 0.0790445955448951
-0.00689132969548113 0.00310212036040139 -0.125870798681946 -0.00471350152146814
-0.0155321619953849 -0.0113644815697371 -0.142827087012341 -0.17235173142784
-0.00219654593387891 -0.0159595548853587 0.107582948262165 -0.300893074474829
0.00466622261758301 -0.00114969801637896 0.401771149389205 -0.0279514305646609
0.000954663826748194 0.013673302838008 0.220156318843762 0.35686329176213
-0.0115866498171519 0.00949896013062708 -0.121590195732818 0.28830351737882
-0.00858118255293036 7.65692141825329E-05 0.00843766326139705 0.0393801793312012
-0.00860664568512991 0.00417955176764388 0.157409085355463 -0.224908334797969
-0.00666790207740555 0.0194603244938476 -0.182517914700358 -0.43118341473985
0.00572303074447803 0.00685327110686473 -0.473634247871563 -0.0374625348027263
0.00366694188868322 0.000260119243894878 -0.138310441403604 0.343615214038872
-0.00735999977825688 -0.00277572629302226 0.16401538992665 0.208957614685846
-0.00470955013231548 -0.00150185396146585 0.169479856329496 -0.00293425417074112
0.00034837590435824 0.00239402953072465 0.0447644502653528 -0.112651764420752
-0.00941173580947263 0.00295719068277891 -0.0362111304476303 0.0763184536628934
-0.00507652198866841 0.0031335968820876 -0.123598980926366 -0.00772251416287722
-0.0146817695687754 -0.0140478248842233 -0.136564444894197 -0.175299930398517
-0.00354483078687806 -0.0170136325887031 0.11644505718216 -0.295961031962095
0.00476954936890652 0.000595778170602918 0.404081075161679 -0.0116341079497937
0.00144437598634166 0.0155577080933825 0.209961171997814 0.369850177554071
-0.011131650782414 0.0105886550968879 -0.128626428447531 0.28943214976046
-0.00753124005427702 0.000771829489673076 0.00701931113992174 0.0408062029045963
-0.00756340908816291 0.00575442905144464 0.151379209556934 -0.224564314105805
-0.00507978221471534 0.0217613926320333 -0.194660311922669 -0.419853872737596
0.00572755113704345 0.00816195999959 -0.472848154538103 -0.0192015610473261
0.00168524785640333 -9.02872925223272E-05 -0.125579643642466 0.349880942551519
-0.00681580819398575 -0.00514608376093194 0.170388165089156 0.205340156359176
-0.00245908165496646 -0.00084523758453381 0.170978532894661 -0.00650847913887128
-0.00120185051828188 0.00429034747957005 0.0453375288338687 -0.114033734468875
-0.0103495469223123 0.00382322380692371 -0.0361808277766222 0.0749983604037814
-0.00264282196453274 0.00335489301972444 -0.120551541948898 -0.00988408386817494
-0.0130929338881144 -0.0146810435895059 -0.13088876703412 -0.179258480537882
-0.00403462281245784 -0.016191412945375 0.124312828060428 -0.290180079235649
0.00407238809867982 0.0014446146422152 0.405024348186729 0.00553639442804566
0.00222187750258812 0.0155472590444123 0.198579995896761 0.381055762065154
-0.00970843215618401 0.00996999563165547 -0.134609475389404 0.290788304820618
-0.0064750943946522 0.00110329786665132 0.00616124234568968 0.0423306689027954
-0.00629259552274352 0.00595670805452056 0.145590652250637 -0.223934381469028
-0.0040311098533868 0.0218118540111872 -0.203975654618455 -0.409317404841264
0.00432830456114448 0.00894105693329791 -0.473251300689431 -0.00155179768465528
-5.34560928679081E-05 0.000336684897021218 -0.11748335701936 0.356022034270858
-0.00521862956910027 -0.00509919801934094 0.176688657059261 0.201828238449117
0.000158618646415582 0.000473620381236652 0.173807712022711 -0.00949494378623661
-0.00267207028961252 0.00547188592087447 0.0456608340972009 -0.11465707582242
-0.00968162254965859 0.00414325544124798 -0.0366625205107289 0.0742034616416041
0.000257605602959141 0.00469567622029062 -0.117941387005385 -0.0110170486017403
-0.0107319285051949 -0.0133011975476644 -0.127274664556086 -0.182105973424041
-0.00454409828344726 -0.0145225107987933 0.129151022617502 -0.287045599789584
0.00278640202751003 0.00157187599856454 0.403889952400929 0.0169369667789485
0.00326080746867267 0.0140657223671189 0.194427532732605 0.389833939014034
-0.0079061840913034 0.00920198141756819 -0.138909424339326 0.291902260904618
-0.00457807893513856 0.00046666834052259 0.00529746735926038 0.0434982078792263
-0.00434030427026794 0.00473104971844222 0.14332583882777 -0.222902794363781
-0.00274129101284117 0.019875628699858 -0.209894953546001 -0.402510782632702
0.00272980167853747 0.00908890529678282 -0.471446395173535 0.0101499071443913
-0.000529763255568352 0.00254733057650659 -0.112224633747209 0.357949986464079
-0.00241405706976212 -0.00295480869802348 0.180455291535411 0.198203679129585
0.00400673809572534 0.00192766896502851 0.176167318616953 -0.0115347410226984
-0.00154774614438902 0.00562428151248486 0.0452924457538211 -0.115008883195949
-0.00835523011194999 0.00403269029095118 -0.0366426011415417 0.074448097396402
0.00274884879580935 0.00640763231065485 -0.115656723026497 -0.0110312826637063
-0.00800410801366336 -0.00944545896699892 -0.126473648095631 -0.184165019281232
-0.00490408004237007 -0.0117750894708666 0.129002265794382 -0.286065331861748
0.00121052062906123 0.000514494856180186 0.403293999659537 0.0221428426779899
0.00317248962342816 0.0107300933524168 0.192735271096432 0.395226816309708
-0.00617732501218715 0.00713324487640594 -0.138657674405542 0.294213350959423
-0.00360409313623541 -0.0004954107227042 0.0054324455741383 0.0446565619532329
-0.00242644945606124 0.00269656156387736 0.142140642576892 -0.222195093220567
-0.00294182491077088 0.0160000381107968 -0.212544884214123 -0.39741375977504
4.41896862451371E-05 0.00834771259896981 -0.471685703613068 0.0173944825391902
-0.00031006307468672 0.00535144502435094 -0.109550823685151 0.359735393114673
0.00106011373590013 -0.000160209763079746 0.182347804789124 0.195870233570291
0.00722758767129804 0.00346398424761077 0.178169577423636 -0.0130616574840631
0.000360849543541997 0.00477292906226477 0.0445737368821873 -0.114745794022954
-0.00585019436278717 0.00305121756836068 -0.0376355097127352 0.0747012055391838
0.00499249096255536 0.00801631813507736 -0.114296898324698 -0.0096342855962883
-0.0052652636801968 -0.00425106373936936 -0.126504848192123 -0.185838873960833
-0.00518226387601754 -0.00853644803586663 0.124847477358231 -0.288230937172183
-0.000988491906478399 -0.0017472222554861 0.402276490743402 0.0220792587830727
0.0029459903699019 0.00634835576256155 0.196220362202004 0.396449644961439
-0.00469704713823876 0.00533473463755539 -0.135650758066388 0.295758370612638
-0.00272756043535929 -0.00196499061961249 0.00597897690420073 0.0457164222653726
-0.000958427365212632 2.8298362142294E-05 0.144431947156273 -0.220807473884363
-0.00444012767112416 0.0116667190039934 -0.208005897783193 -0.397993616464653
-0.00222976207046364 0.00713698264145689 -0.473307872659145 0.0141143875048918
0.000897220733360866 0.00872600460035651 -0.114906137237635 0.359098640813055
0.00477429275543051 0.00490102811595382 0.181207537573154 0.195920182022531
0.0103641071659594 0.00448453881982799 0.180100957405796 -0.0119837443612169
0.00239530350957611 0.0029097427290856 0.0434256383667617 -0.113074549001144
-0.00248653592187163 -0.00203150739384824 -0.0410656027330352 0.0831720364621094
-0.00711574333247493 0.00358643247169377 -0.128789642119622 0.000763255726399028
-0.013104218130914 -0.002163608530563 -0.153540741209556 -0.169035108667821
3.67989153982175E-05 -0.011365462324817 0.087025414921034 -0.310672390485518
0.00234256929153996 -0.00526765448377908 0.397577107370275 -0.0547222441925479
-0.00117817043565419 0.00585383972664715 0.238462227776955 0.339827810593981
-0.0115976905720956 0.0049370629723329 -0.107086284215073 0.286905072044537
-0.00842243143119459 -0.00254144638755431 0.0112321083436838 0.038526865859564
-0.00904639848399886 -0.00101863326338982 0.17239749377821 -0.222600098515344
-0.00979144860444428 0.0107459369067781 -0.155537148431782 -0.448835044075396
0.00243690925582981 0.00294785565671077 -0.477533496574277 -0.0726834762302279
0.00677302426260676 0.00569195316118118 -0.163074394403665 0.332294715896229
-0.00431673429108371 0.00686518297693802 0.152206703144791 0.215839448891916
-0.00406769303123752 -0.0013136718720606 0.168490849327083 0.00455320328574136
0.00638281040499352 -0.00237817104280175 0.0445262616312851 -0.108771683019048
-0.00541382109156372 0.000232795059540253 -0.0398935365265401 0.0810635318102457
-0.0075468605875005 0.00301843860423783 -0.127789414995208 -0.00195641802213119
-0.0149987548003238 -0.00674926520151984 -0.148926105354537 -0.170513047656216
-0.000740996629440978 -0.0137154892106901 0.0973642278387205 -0.306410485511543
0.00383602460554492 -0.00261354595820161 0.400970540724366 -0.0426269865220186
-0.000196094390877996 0.0101878719473436 0.229475024992932 0.34914636930521
-0.0124205260590641 0.00781279135580028 -0.114404905465182 0.28736326291873
-0.00896677398558853 -0.00124731909838694 0.00958789713708142 0.0389583620186563
-0.00915459359221953 0.00237058554821768 0.166304923032933 -0.223710671295461
-0.00835028391602501 0.0157349574824243 -0.166575671024145 -0.442438043269311
0.00441682546343064 0.00477932775418554 -0.476171677786466 -0.0578464751748417
0.00541342312558954 0.0027343292254995 -0.152167653075242 0.338028484296986
-0.0063678042147125 0.00144751129536216 0.157716766754596 0.213606387222931
-0.00481675577599712 -0.00190835743245804 0.169026796996202 0.00137410205916941
0.00290848174321549 -0.000307923632571738 0.0457607557204914 -0.111109726295474
-0.0082711260517191 0.00136552973521907 -0.0383893348738612 0.0790304047061283
-0.00697868744393245 0.00283690799941568 -0.126051250824048 -0.00527877715365508
-0.0156911679929589 -0.0114579420594049 -0.143294291085618 -0.172780219681394
-0.00214358344847142 -0.0162131448666207 0.108437215701232 -0.301633607184646
0.00497519105063902 -0.00103352027850894 0.403969078116939 -0.0261998500215977
0.00103406831803534 0.0139255240563862 0.220174789198416 0.360283489037103
-0.0117392025556874 0.0094375453037024 -0.1231487082234 0.288621002844616
-0.00853634238187796 5.80082852872796E-05 0.0084600334452397 0.0392091734362036
-0.00880579168299934 0.00448249403350254 0.159772723703107 -0.224427355269927
-0.00678000753960957 0.0193257245385557 -0.181612090513651 -0.432707473119822
0.00543635456461038 0.00713272912923608 -0.476082602560231 -0.0381831913366393
0.00349948299011237 0.000664817127165649 -0.140255139648939 0.344483707836617
-0.0069309962248856 -0.00250277187713849 0.164334863527459 0.211105644246278
-0.00411463023803603 -0.00187059177878292 0.17016476624164 -0.00247006246755407
0.000614922747848598 0.00225783898234253 0.0459084871380699 -0.113045806598009
-0.00974204480819586 0.00276459662073005 -0.0370729315785504 0.0764903642793981
-0.00564898216566328 0.00280100669705431 -0.123562462893795 -0.00809365571602057
-0.0145705236052084 -0.0142791706264448 -0.137336020384863 -0.176918913374424
-0.00378618033056763 -0.0170719695951859 0.118272140925819 -0.296214670927027
0.00484692764852805 0.00068802857724803 0.405362488606417 -0.0101469501857025
0.00192082292275008 0.0161212153418296 0.208453460394097 0.37152622359126
-0.0109467840157167 0.0104975406814571 -0.129717492076018 0.289593817739818
-0.00788010286446531 0.000503873553945495 0.0064960056192674 0.0412468684559058
-0.00776279322267103 0.0057595305277669 0.152818575971761 -0.224521224818838
-0.00514422479724118 0.0215975879649627 -0.193532855777765 -0.422474460889163
0.00557028793221581 0.00842610579894158 -0.475499615815562 -0.0208751057772227
0.00150680717432497 -4.78839806210569E-05 -0.128577261245546 0.351768711733906
-0.00639446863824807 -0.00519922004994927 0.170795724646978 0.206714372522064
-0.00242864763830048 -0.00134783013629353 0.172418272031616 -0.00636718280632535
-0.00134759160552308 0.00345943202459833 0.0461302942859307 -0.11423573735432
-0.0102993004371026 0.00368181171774554 -0.0366252951189398 0.0755355838499822
-0.002915961117281 0.00357734741427356 -0.121351756874016 -0.0107357474065485
-0.0126264414824077 -0.0147648408656699 -0.131221065164737 -0.180641746806835
-0.00425085032101902 -0.0161059236190548 0.125989159877319 -0.29119479327284
0.00441279241482174 0.00178138114243673 0.406001831976737 0.00665159390228643
0.00267104042436235 0.016177114929169 0.198713605779404 0.383038460538609
-0.00949123298030121 0.0102963261731003 -0.135832352572426 0.290992504184863
-0.00673998900961926 0.000776302017259088 0.005917540419053 0.0422693010378552
-0.00651075534704855 0.00580899591281052 0.148215474710131 -0.224019875972425
-0.00364303499010678 0.0218155879095512 -0.20258739974061 -0.412800900139576
0.00426175201432873 0.00893195588079517 -0.47440658658614 -0.00315330424458655
2.75741704321604E-05 0.000617988066255855 -0.118852251199692 0.356247754035999
-0.00471108100399499 -0.00529289170965254 0.176378096958022 0.202340537446224
0.000602829088600461 0.0001819382978796 0.175017155830512 -0.00929912008429522
-0.00209712095446379 0.00506018955660577 0.0462791905312415 -0.11577323245557
-0.00996880972608634 0.00427348514353965 -0.0375904595868453 0.0747520563198541
-5.25634349171622E-05 0.00487835099038026 -0.118844049775894 -0.0115858705072261
-0.0102218450945559 -0.0128477304109114 -0.128169967189632 -0.183309856352057
-0.00478938549540229 -0.0145611473435554 0.130733628119722 -0.287145291768405
0.00319002936092563 0.00161873645680156 0.405886911400758 0.0188819471456783
0.0032489319224014 0.0141626409082025 0.194000344912475 0.392440095284704
-0.00811874115552487 0.00943225107265838 -0.140097330389689 0.292755132550053
-0.00475521508555562 -0.000227332956034371 0.0045897129139304 0.0434573866867023
-0.00383195603696164 0.00450836615981115 0.144737502216594 -0.222390633513539
-0.00326124685395059 0.020051818194992 -0.208091162057665 -0.405176006579225
0.00249311554296719 0.00902307310913144 -0.474951716003143 0.0095371522377521
-0.000640491466304008 0.00231124050042503 -0.113339496712857 0.358945100177075
-0.0019956001778314 -0.00354912564516693 0.179651693145304 0.199363618134191
0.00413604498607748 0.0018166917959357 0.176571554706078 -0.0116918595290439
-0.00146387364450016 0.00524082239394799 0.0462564293913535 -0.11540253492593
-0.00849310425662944 0.00384037942614217 -0.0376600925130218 0.0744741565572018
0.00263535688125323 0.00639928027782098 -0.116535441811846 -0.0113065679209717
-0.0077066538504569 -0.00932664583446708 -0.126720061943989 -0.185974352879038
-0.0051581287724662 -0.011777635912573 0.129633849416069 -0.286478715537285
0.00115237876283211 0.000296097469711598 0.405518957243039 0.0234904449095087
0.00364134671575105 0.0111034594149255 0.191506929243903 0.397094937127759
-0.00601483410373473 0.00781251640049244 -0.140130630138302 0.294521569646856
-0.00368973834696006 -0.00081077456007789 0.00545937164218386 0.0446338895368454
-0.00223445814119013 0.00243612275367535 0.143968460576967 -0.22197284335453
-0.00292932088135461 0.0161349673400333 -0.212969724759509 -0.399763830271985
-0.000105741290661784 0.00872336346625201 -0.4741062295902 0.0163992025599314
-0.000497778555230241 0.00532003282577797 -0.111878569993722 0.361384599991564
0.00154405023518587 -0.000169513600860953 0.183041013690725 0.197410524445557
0.00723742678644202 0.00316059669180877 0.178708047271014 -0.0126205246070019
0.000111639605460373 0.00471994903099742 0.0450492714164441 -0.11579554908902
-0.00585267021915863 0.00310082875823518 -0.0390899796508872 0.0749782932843298
0.00514820582837873 0.00769094050850873 -0.115158898169996 -0.0103949392738153
-0.00538264191002793 -0.00483156262298545 -0.126725051094288 -0.187355728026465
-0.00522502001777552 -0.00836327460597163 0.126676845604617 -0.288217309019754
-0.00091357558384047 -0.00140802685699198 0.404242405326902 0.0230448794269396
0.00362615037801101 0.00649789514741415 0.195660819160915 0.3960241053145
-0.00494837661193312 0.00535738017140999 -0.137519005685953 0.296558840945017
-0.00295671245772631 -0.00172304023590101 0.00547960119624098 0.0456952077960195
-0.00136011120636362 0.000178211996159188 0.14633836703904 -0.220310658303797
-0.00374812257526415 0.0114730784367822 -0.20688866895963 -0.399417642606502
-0.00270930020289874 0.00780177967983191 -0.4761132047552 0.013540405865647
0.000695324491543766 0.00870018268107525 -0.11679051224985 0.359974155388315
0.0047762659233045 0.00476536104492178 0.181371628133715 0.196918537814546
0.0105747441328564 0.00429710018329131 0.180598602943113 -0.0115716127480406
0.00240978675901297 0.0028569985515579 0.0440672303017155 -0.113788246959836
-0.00273003288495097 -0.00192634443775752 -0.0418504280054901 0.0835523427850814
-0.00743981883165729 0.00375967295403694 -0.129433539599031 0.000780854019344976
-0.0136190946147009 -0.00227746390728691 -0.154953065294248 -0.170400129024198
0.000143859341632954 -0.0111020344526294 0.0887085670210728 -0.312972518374727
0.0023065983115088 -0.00538825063593593 0.400355691309643 -0.0533460051615892
-0.000689182226110558 0.00588377365277898 0.239116339634249 0.342191091902704
-0.0115552733824286 0.0049447446815342 -0.108791953805722 0.287793110579494
-0.00886760898724068 -0.00284749443498168 0.0108382989889702 0.0383589972547132
-0.00849578939206823 -0.00118351657849905 0.174151401191444 -0.223457475770008
-0.00979863666206166 0.0115900107326655 -0.155407421942244 -0.451916414941223
0.00235391930571453 0.00294368538053765 -0.479029840022997 -0.0727669938434004
0.00651985312366481 0.00612435680475229 -0.164242643577373 0.33355741011077
-0.00449016337985094 0.00669225765153261 0.15304164229839 0.217353001888431
-0.00423992469260766 -0.00149368868192122 0.168823185216 0.00471099457722351
0.0064510318807038 -0.00259149777957207 0.0455645147651875 -0.109662301777021
-0.00537222927265264 -9.36972642104972E-05 -0.0401879574764209 0.0818231641555906
-0.00747233539364579 0.00293872635385569 -0.12902796977429 -0.00243442274141082
-0.0152494458320026 -0.00712011152095635 -0.149804390139061 -0.171393135086414
-0.0012115172481927 -0.01379200448826 0.0987070864483559 -0.308892656509014
0.00387138266326476 -0.00329918836566324 0.404075150245903 -0.0417876843204201
0.000345803323281157 0.0103609090733331 0.23017946760387 0.350159151039189
-0.0123910327087032 0.00805518696830151 -0.116019878452959 0.288739422872603
-0.00909319230708053 -0.00131341172746106 0.00927869852425578 0.0389654780067927
-0.00904949341067743 0.00211910495729494 0.167986494880962 -0.224813556757828
-0.00811569146599513 0.0160900008558547 -0.166822173044585 -0.444571167769857
0.00434540328435386 0.00512071900056059 -0.478419122246604 -0.0599186998668621
0.00558858280712032 0.00246146984900438 -0.153275506812957 0.339521672419151
-0.00598161680815101 0.00155623890606893 0.157937744780162 0.215394247365351
-0.00476826269590045 -0.00210713334055894 0.16979365474312 0.00164648283467492
0.00291287782782547 -4.11757771989416E-05 0.0457707652968966 -0.111506397340883
-0.00804645290403066 0.00169650379859479 -0.0394257728064181 0.0787710925240214
-0.00711153247882647 0.00298893785171171 -0.127666102512584 -0.00619503116081389
-0.0156291573702884 -0.0113049004649567 -0.144556134337748 -0.174961249407781
-0.00241815196688482 -0.0162608539377759 0.110108997463673 -0.302629677725956
0.00495829476026994 -0.00117389095416714 0.406721830150181 -0.0253270817818041
0.00174574780559335 0.0138107910340345 0.219510818522273 0.362288761032828
-0.0121317352477756 0.00958476241015374 -0.12449198127017 0.289260955348657
-0.00856933564497294 0.000125052549102006 0.00809993130494032 0.0402126049003225
-0.0085289969225784 0.00407008602388257 0.16102253223306 -0.225151621460208
-0.00691643409745147 0.0197683600542768 -0.180711882731217 -0.436021581138222
0.00611692200473747 0.00712664988821895 -0.478874329125589 -0.0406766243187022
0.00346665043476868 0.000976167547436912 -0.142574683756253 0.346844277604379
-0.00640536011511344 -0.0027426488992598 0.164679945251721 0.212568064493395
-0.00418962180490103 -0.00208716760327637 0.171416924843676 -0.00285123951467517
0.000396499701704778 0.00217857008855329 0.0469414549507518 -0.113887232331026
-0.00978318667000511 0.00329575942778071 -0.0380747915702064 0.0773554539286183
-0.00556832296760356 0.00281366605056884 -0.124906898100333 -0.00899633416496816
-0.0144515856475251 -0.0138400586860034 -0.13839276739201 -0.178217405042997
-0.00341997384991173 -0.0169906985660154 0.119196807169498 -0.298149899087556
0.00537083104845938 0.000760966331329488 0.408426114339564 -0.00845059463042099
0.00198000070380037 0.0159478757163925 0.208405799688587 0.374028090316611
-0.0114350083532311 0.0106287208791306 -0.131972583931508 0.290430042263776
-0.00805043217373108 0.00073681067721896 0.00677212049568177 0.0415534572325579
-0.00755219168784557 0.00517259312518687 0.154433814692084 -0.225013432955485
-0.00519694229979394 0.0219923670392435 -0.19339751792786 -0.425404119574102
0.00543975220344776 0.00867610620893004 -0.477736093286138 -0.0224062282940732
0.00150515435506989 -3.05580213056517E-05 -0.129171601138321 0.352678780797194
-0.00609553594381052 -0.00520804615215718 0.170911562524625 0.208097636687431
-0.00172536272784038 -0.00120615662705176 0.173196686629209 -0.00632902484896063
-0.00110675373849568 0.00347760138489646 0.0472052283680993 -0.114994831695955
-0.0102720692603428 0.00379576199623371 -0.0379443549048644 0.075849008830141
-0.002828907602011 0.00359680677771427 -0.122530208386475 -0.0111474410061474
-0.0126686358408101 -0.0147919010386838 -0.132620217758113 -0.181663219365066
-0.0044274941419631 -0.0166054261978363 0.12683930240513 -0.292696106882093
0.00451661331282968 0.00166618191078441 0.408702547831021 0.00854037450910056
0.00276234598070896 0.0159930380079804 0.198498367218878 0.386064887514184
-0.00973536402016714 0.0101501128363203 -0.13823707687421 0.292201992334712
-0.0067840130869252 0.000505889708978417 0.00530065439490689 0.0425715900450721
-0.00597572699233449 0.00557210603315381 0.149943797664772 -0.224279672057334
-0.00335418694646815 0.0220587735289059 -0.202317839156527 -0.414646405211362
0.0046703105284982 0.00928871179981549 -0.477424882301884 -0.00379463033694002
0.000140606880151072 0.000466956624786248 -0.120437478297092 0.357907830243964
-0.0048692082691014 -0.00505219919613007 0.176333369473961 0.203778631122527
0.000378059013713969 0.000279752498153278 0.175153311455249 -0.00945610413227828
-0.00212323728383279 0.0047925698930928 0.0472823730363035 -0.116178971521226
-0.00966610063011008 0.00427588852261279 -0.0378039886341956 0.0747250872039735
-0.000306935643464888 0.00479469547314245 -0.119795235388327 -0.0123766193603443
-0.0103636243727728 -0.0128601201070444 -0.127792749412754 -0.18500282166037
-0.00483824458431628 -0.014624746720347 0.131506002673058 -0.289105357746858
0.00311620591425637 0.00126844902563568 0.407857991703587 0.0206738745615108
0.00335031441606691 0.0144291920882303 0.193479888592469 0.394539746156055
-0.00813570150042193 0.00941014722274369 -0.142168549288123 0.293454157389316
-0.00487592577442133 -0.000504579459146484 0.00451397121781858 0.0436879726354187
-0.00435071746555509 0.00464417575804479 0.14739535849663 -0.22256238054208
-0.00294857966207702 0.019863747550698 -0.209337183183107 -0.407693949545837
0.0023780460246642 0.00945673420931309 -0.476667824230307 0.00724131558830028
0.000168970776865195 0.00235189510743479 -0.114975124158649 0.360834263442704
-0.00234273730910288 -0.00345584990590739 0.181298054914925 0.201284785680717
0.00418798697181708 0.00161893186608072 0.177548589321659 -0.0115068323741591
-0.0017023237373149 0.00487033367278964 0.046716263810664 -0.116466223070167
-0.00865233108922197 0.00395291462177478 -0.0380179506882529 0.0747514370413054
0.00253827825147091 0.00614667268245071 -0.117600139470437 -0.0127220268248841
-0.00787532779180829 -0.00936698521623188 -0.127741147380317 -0.186846264420628
-0.0053389564306076 -0.0122399357711879 0.131069229289408 -0.2881270018083
0.00134515246593258 0.000665846421271607 0.408141900604592 0.0248093188443339
0.00377878203682433 0.0108865721612228 0.192104394493515 0.399285155743524
-0.00634736498780579 0.00709300105492424 -0.142158728369412 0.296062259758368
-0.00370535547653962 -0.00106520026673431 0.0047485245681648 0.0448985363327435
-0.00248244934867428 0.0025137285278319 0.146080236122082 -0.222459734439233
-0.00290469218322228 0.016717886217698 -0.21062557024902 -0.401943319846977
4.72626379028479E-06 0.00896482842959312 -0.476776239716944 0.0145464766749728
-0.000355641236912395 0.00502243739947223 -0.113366820755597 0.362273730112935
0.00140285159044852 0.000207272436135577 0.183311856881386 0.198691809574475
0.00747917056527512 0.00285615617715352 0.179996828700296 -0.0128662614113631
0.000375088572332285 0.00463180892742709 0.0458199293460024 -0.115777847707857
-0.00611866366477175 0.00268033676749921 -0.0400592937293059 0.0750713815557777
0.00516866920293677 0.00776802714445385 -0.116244896395865 -0.0111866470148751
-0.00538970527931275 -0.00416282317981813 -0.127668349639766 -0.188548892700566
-0.00497251863345567 -0.0085366744835535 0.127744166607922 -0.290177705393414
-0.000684314305789802 -0.00168818635228024 0.406351612336222 0.0243173202734518
0.00394679447700444 0.00670461574951827 0.195719549093314 0.399406839825239
-0.00479778652095365 0.00519294286342451 -0.139624610223504 0.296871192951786
-0.00270117612187363 -0.00231040549974601 0.00556433927431576 0.0458745841217063
-0.000587623427343307 -0.00044775791282469 0.14758772703447 -0.221011001621169
-0.00377530042633839 0.0118029571069282 -0.206286184181735 -0.40149000934751
-0.00276182560825807 0.00775733398972006 -0.478342895506532 0.0119223992818767
0.000894213136193059 0.00902365725365521 -0.118410116920607 0.360823187650412
0.00471287679927915 0.00428262524836836 0.182396613571123 0.198902993799088
0.0104885712716092 0.00431012477996045 0.181728324277576 -0.0117066013980075
0.00242124201839327 0.00313522251909021 0.0452868364843731 -0.114285307993115
-0.00281827160114523 -0.00161209116684643 -0.0429566223305708 0.0845545601518412
-0.0072655778216886 0.00320636948592665 -0.131093167228305 0.000273058146259904
-0.0133817183733686 -0.00198668247480937 -0.156122908364968 -0.171165764227243
0.000135112658740067 -0.0111092795063086 0.0889254317498387 -0.314211283197664
0.00246211188209157 -0.00541355908328028 0.403486563851342 -0.0540642567604549
-0.000918634721176113 0.00580296575455036 0.240768454614127 0.345723185553283
-0.0124610865731859 0.00495504578878753 -0.110332576283669 0.290118249113509
-0.00878419545360816 -0.00289682754074617 0.0106977189765327 0.0385454403700646
-0.00824582653259564 -0.00152202522515651 0.175475308525647 -0.224423329625533
-0.00986206352834746 0.0113152973610542 -0.154729639770435 -0.45487681176166
0.00237841463313539 0.00276500616271969 -0.482310116230587 -0.0752186547976788
0.00708326186930911 0.00629415155184153 -0.166087775223585 0.336553130409637
-0.00421488334958842 0.00701178048967131 0.153905142966598 0.218951377483481
-0.00411072925345722 -0.00135483472897957 0.170662127697699 0.00428553350716645
0.0064182833640977 -0.00242181946395946 0.0459828526153537 -0.11064329860927
-0.00574135774811778 -0.000199610655211641 -0.0413731321485696 0.0824053397477214
-0.0078411690299428 0.00287040665686871 -0.130988372041669 -0.00349084462114327
-0.015174190066901 -0.00691526078952701 -0.151086197305751 -0.173318947438235
-0.00108652177617044 -0.013830014775913 0.0995346637570355 -0.310483396553305
0.00403170664579039 -0.00302376174844645 0.406428283654365 -0.0418865686904955
0.000546107109558291 0.0105959442535781 0.230621427704015 0.354014827511209
-0.012244825087336 0.0078808771386085 -0.117177126310317 0.290494355706655
-0.00918298338174587 -0.00150441372657084 0.00929569112643672 0.0394650205260946
-0.00892374787281516 0.0015685827115048 0.169993772170848 -0.225029327717889
-0.00852453353882213 0.016452110068962 -0.167110413971705 -0.448277862170315
0.00435473126916585 0.00527565089809272 -0.481961854562209 -0.0596251039416414
0.00554751673694181 0.00275210153151878 -0.154821297889008 0.342326261268033
-0.00576104408155256 0.00112027000839381 0.158611058545544 0.216810977084581
-0.00496951976915132 -0.0022917989044895 0.170890393522822 0.000899959015803672
0.00332420787183301 -0.000673959035728479 0.0466706267528881 -0.112971875301334
-0.0081725401299025 0.00156798070252184 -0.0398551528024388 0.0795462574390145
-0.00712069978758618 0.00289101149726743 -0.128881246201847 -0.00627983864857897
-0.0156932673487531 -0.0112835474474599 -0.146058959438048 -0.176062977977009
-0.0022634399285245 -0.0162636275994981 0.110751271396687 -0.305747542848499
0.00497739533271427 -0.000853233523384542 0.409314891386345 -0.0247987113226341
0.0016353324955398 0.0143219229412937 0.220855347119303 0.364878339260179
-0.012168396855822 0.0093532888786233 -0.125645811441333 0.290628917671933
-0.00846822919927984 -0.000488943329567623 0.00757988180625454 0.0401122643889446
-0.00900905651447443 0.00379649583376876 0.16316879890843 -0.226086187235345
-0.00645429086153238 0.020112536891339 -0.181665753855382 -0.439517039159679
0.00564678202480358 0.00721974002404368 -0.482694723557188 -0.0413684087616502
0.00343717372606144 0.000605152676008941 -0.142339375186673 0.348368707042075
-0.00666030133174741 -0.00335935161380017 0.166053729786764 0.213586360293667
-0.00378431753976042 -0.00207341289601114 0.17269746776252 -0.00301178936977594
0.00053748086479703 0.00232817344255433 0.0469641659010356 -0.114363880609542
-0.00970873629286269 0.00335908127249243 -0.0388339231982507 0.0776915348796774
-0.00539798843799519 0.00262585812139567 -0.126595776998808 -0.00959427052467605
-0.01461324898308 -0.0140366435893057 -0.139095328886322 -0.178608167176409
-0.00335526494902381 -0.0171100055478546 0.120205108133126 -0.300341565314328
0.00530573232272398 0.000669902014909703 0.410945313173653 -0.00876801153823174
0.00244854115281114 0.016067563561931 0.209120579271661 0.376922490447955
-0.011390804304244 0.0106647441822138 -0.133436947260213 0.29322131572093
-0.00784561049130909 0.00035784315095025 0.00655823401899471 0.0413540259021347
-0.00755821658149164 0.00561651530995772 0.156888390698701 -0.225819770242906
-0.00478300749454571 0.0219435150370792 -0.192948127812003 -0.427750141032473
0.00587228086310616 0.00870482891628748 -0.480714207439323 -0.0221817130739823
0.0020776285001129 -0.000170267226379951 -0.130863187241648 0.355225089209909
-0.006111271311684 -0.00528360739598827 0.172167889385587 0.209630581111955
-0.00242245395911559 -0.00118368732987763 0.174210684655156 -0.0065393952472587
-0.00147024210764663 0.00385539178147278 0.0478047113185551 -0.116083166703996
-0.0105646955898754 0.00398738509357499 -0.038481359103289 0.0759891065471887
-0.00283392262761735 0.00348842194939364 -0.123468963514327 -0.0117587631870442
-0.0126746434059604 -0.0145210983450902 -0.134198669555953 -0.183193330459787
-0.00428185493365722 -0.0163452804484906 0.128432574316254 -0.29447940977662
0.0045922533774902 0.00170971082356989 0.411670767875434 0.00848214987326916
0.0029823360489343 0.0163879780642274 0.199189742032707 0.389479776652679
-0.00950189384410817 0.0105149939318362 -0.139272470221954 0.293246217392692
-0.00608917877990118 0.000275756799446472 0.00526042777361244 0.0428452083251099
-0.00580778161181147 0.00524421469700139 0.151516444103081 -0.225359051014123
-0.00359496103007207 0.0223434850116674 -0.202980036376863 -0.417281177698335
0.00417729928250579 0.00896046397467309 -0.481055027109955 -0.00514623712799703
0.000524158044447132 0.000472404317806555 -0.121594622447873 0.360725088871065
-0.00470999429227406 -0.00554353559255298 0.178258934921253 0.20527885514284
0.000278098563482089 -0.000142916357664712 0.176963508170394 -0.00956795819897077
-0.00202057211862116 0.00478073162014094 0.0481395700282165 -0.116726025125456
-0.010224633336835 0.0044087157136956 -0.0385672072476627 0.0748108791365325
-0.000363589479295643 0.0045364618100476 -0.120711391681666 -0.0127563136435237
-0.0102461445261882 -0.0131433200480168 -0.130025815609935 -0.186153400550488
-0.00483723370820807 -0.014163797869504 0.132231482898247 -0.291175021231804
0.0028706045548669 0.00162267311850861 0.411612549233032 0.0212200041098917
0.00351386344480336 0.0148086994083503 0.194412955523652 0.39764071205159
-0.00797578919247883 0.00902350059937289 -0.143102222430526 0.295745332829944
-0.0049184111434889 -0.000130353041045492 0.00471571046557335 0.0442170391041542
-0.00398150693078793 0.00441826446239381 0.149067343524183 -0.223863112392136
-0.00282707289515882 0.0202971336046445 -0.209535403450139 -0.409608358388877
0.00231479351429916 0.00950254662100667 -0.479917992087167 0.00735997444947397
-0.000315975173991177 0.00286153974841689 -0.115435705459682 0.363030403215751
-0.00179534479387088 -0.0034817815604568 0.182212273316583 0.202382921299398
0.00410911719636859 0.00128766129419631 0.178835081425661 -0.0120800455446012
-0.00149342263931681 0.00472505946226241 0.047527380573334 -0.117227048388485
-0.00884724422690289 0.00409907653685404 -0.0386069022465699 0.0750892180572911
0.00257754699537196 0.00593951228005843 -0.118769319702964 -0.0123660785996925
-0.00759156984095672 -0.00907473018310013 -0.128772478022202 -0.188445641166532
-0.0051677343858182 -0.0118862378913963 0.132613416182317 -0.290526047062869
0.0011153773515135 0.000101944423014674 0.410915246423125 0.0262577061232066
0.00419432585808916 0.011297636265698 0.192389759450883 0.401023776188673
-0.00657734834155671 0.00724944349949368 -0.143802049782691 0.297367180081019
-0.00377572050027541 -0.000870788462635862 0.00501479997481017 0.0450876639401608
-0.00215758038816058 0.0026333862254929 0.147266400095334 -0.223348666636282
-0.00308752451298378 0.0167570507426718 -0.212451920333962 -0.404605542619012
9.64806932728006E-05 0.00894926651670484 -0.479203953116569 0.0145035207924161
0.000402230425306382 0.00570303594487882 -0.113969453732317 0.364522499973388
0.00208941788551116 -0.00016493930634753 0.183985604497256 0.19985886241849
0.00737309944468593 0.00317507830926932 0.181372477903239 -0.0131469545030036
0.000274145130032879 0.00425648510611336 0.0464521894841867 -0.116215740039947
-0.0064741165271802 0.00337160897202327 -0.040807295346965 0.0756611895598394
0.00452961435216291 0.00760092004230196 -0.117817795085643 -0.0112507929601953
-0.00537647854537375 -0.00402886727378731 -0.129123338400758 -0.189930041692308
-0.00540316583230846 -0.00854504969197202 0.129089719010377 -0.291412499283666
-0.000640818968685346 -0.00162035696326619 0.409677170243392 0.024645328031446
0.00358954484606329 0.00706242411335825 0.196106390013689 0.403008532896542
-0.00486671074774416 0.00518003472813473 -0.140080295261097 0.298130303780197
-0.00262253945403843 -0.00196208082228375 0.00555931669457257 0.0462492984277293
-0.000686420935382836 -0.000427698978393062 0.149396707540601 -0.222120448566455
-0.00375616234022968 0.0122893375640562 -0.207601517531981 -0.405124883068163
-0.00247247019268907 0.00798863485793911 -0.482069752753612 0.0118252151163477
0.00113776264429538 0.00863764977417017 -0.119304262333441 0.364275654878971
0.00534832009359962 0.00457142428437053 0.183736687091445 0.199932083888882
0.0107272336636918 0.00419644668787189 0.182717846967322 -0.0115803918029987
0.00250244341054232 0.00314612922706167 0.0459356012905302 -0.114430153763764
-0.00278584021646853 -0.00145015425164667 -0.0432069229146549 0.0850753518914681
-0.00752412682863312 0.00346536842303224 -0.132363376904006 0.000631815372322807
-0.0137177552053212 -0.00162824955087461 -0.158219252952462 -0.17199607335781
-2.55997652997288E-05 -0.0107133006459979 0.0891968374302237 -0.317380690777613
0.00206217732463299 -0.00535010939724349 0.407554871544084 -0.0550284165702327
-0.00040470136119247 0.00597537069271445 0.244137507550118 0.348121926062631
-0.011750057495915 0.00515705788508968 -0.111397043574886 0.292431699827958
-0.00877583940733291 -0.00309437736818245 0.0111488800295642 0.0391036195999247
-0.00846957535390179 -0.000994504961833188 0.177260312610408 -0.22585402278977
-0.00999605013943818 0.0110407928608086 -0.157386227182057 -0.458051152152287
0.00233795692733471 0.00337173852074696 -0.486936629782475 -0.0740741608050643
0.00704103034269997 0.00580486760138159 -0.166687348585234 0.339027071645413
-0.00409039221495532 0.00687076251516227 0.155660076713632 0.220841008827782
-0.00391931703341928 -0.00194380880658173 0.17226198475608 0.00392891099238254
0.00608098068622177 -0.0030362418170421 0.0464053819365195 -0.111840607925322
-0.00610148253183645 0.000330055775377437 -0.0417696403502344 0.0829125397731053
-0.00809539882253157 0.00276612477964115 -0.132405242002577 -0.00329511209752178
-0.0154324413327187 -0.00693812029994235 -0.153071347323034 -0.174118639383742
-0.00124197017551799 -0.0138984183263222 0.100202320484046 -0.312999377492878
0.00411581625698894 -0.00340119405765252 0.409916524372893 -0.0427293464897069
0.000733763103115626 0.0103811071564861 0.234329219863534 0.357391842698967
-0.0121198954432817 0.00817242903249424 -0.118099450785273 0.292891306764249
-0.00904964567452971 -0.00159493190983255 0.00907114423203304 0.0396021796522579
-0.00872032296955577 0.00217912721987035 0.171516808204058 -0.227165031949457
-0.00799022990840132 0.0165513520292322 -0.168345099429369 -0.450774844001366
0.00467159481238239 0.00583123675988482 -0.486534440851084 -0.0594897542626346
0.00569021265557456 0.0028931534921613 -0.155479000087211 0.344649855325435
-0.00559183244756451 0.00106897917853734 0.160426458856932 0.217598350998906
-0.005042232884569 -0.0025409591687607 0.172731059527728 0.0004237082794757
0.00280947986635124 -0.000347994413695793 0.0473336652758622 -0.113641284210167
-0.0082959414361537 0.00183536170069128 -0.0404642697394473 0.0811307776470642
-0.00745371006801351 0.0022237930139683 -0.130525240005015 -0.00627370039425571
-0.0157244133629952 -0.0109906291559732 -0.147832598972335 -0.177651416020674
-0.00218059824223538 -0.0163972620231262 0.111070853358344 -0.308506006602767
0.00514232832130576 -0.00130609894386888 0.413409869485793 -0.0256762608761697
0.00192218554469195 0.013944639218796 0.223387833909361 0.367012672685512
-0.0120435463368886 0.0100171842980136 -0.126954732326855 0.293924759461567
-0.00844084082161439 -0.000742396564683924 0.00746455948288851 0.0402690336980902
-0.00867609843440808 0.00414443759252834 0.164947318259049 -0.228133743016008
-0.00668585230182263 0.0203641306797622 -0.182473343657403 -0.441832820041859
0.00585371293955603 0.00752801478948731 -0.486862256653846 -0.0421135136471219
0.00400986123807647 0.00107211765848099 -0.144229180487271 0.35172948099554
-0.00639090500362573 -0.00284679761085078 0.167167725970661 0.214892089177511
-0.00391954493985403 -0.00255652295189848 0.173661146932043 -0.0034346326309295
6.98102385412736E-05 0.00171337110913934 0.0479361785626038 -0.115753312450474
-0.0101849965941021 0.00357898208051988 -0.0391936747201592 0.0783991874136498
-0.00536765799219462 0.00216028005243892 -0.127759056603756 -0.00928464924609827
-0.0144926073894774 -0.013843810132005 -0.141358990130468 -0.180439044626376
-0.00360718458491271 -0.0168847281394371 0.120462793630019 -0.302272800868162
0.00546562971398159 0.000764387350612903 0.415254874645274 -0.00914953496379733
0.00269743037668361 0.0163408584024012 0.211434488186221 0.380308260846861
-0.0113138171048377 0.0107211858458334 -0.134006993513579 0.294745541610801
-0.00733451734326553 0.000608860303046299 0.0062019848251953 0.0417598303352533
-0.00751555539044098 0.00544731757169635 0.157723090839843 -0.227733687158757
-0.00440705805689579 0.0226019675748841 -0.195224273324918 -0.429147319675892
0.00558204316328693 0.00869281155249185 -0.484278018419894 -0.021877676668213
0.00209056883912014 0.000173122564797306 -0.131146610163556 0.358553990916856
-0.00610069169495731 -0.00539757368932304 0.173459885170873 0.211317397994991
-0.00230884496156826 -0.00118038552185196 0.175825909837559 -0.00729085815835343
-0.00129407029760778 0.00349665885517404 0.0479702635116925 -0.117042441335447
-0.0107659890155811 0.00411984321346002 -0.038699946215937 0.0766817936214988
-0.00315676137220758 0.0034893265397751 -0.125148711702808 -0.0118754631073613
-0.0128533213558158 -0.0144423714861781 -0.136347794243056 -0.183958003267845
-0.00441466586472361 -0.0163643202472382 0.128326000225236 -0.297357114512058
0.00472662197021432 0.00174610762175417 0.415482708250932 0.00790913459641914
0.00323629233966097 0.016569832503258 0.200851629472446 0.391700551285054
-0.00985523802918592 0.0104235084480986 -0.140688011776074 0.296092187728921
-0.00646186865784866 4.80783168092854E-05 0.00483817634040533 0.0433232997871949
-0.00562473889194014 0.00557916795893896 0.153180611291222 -0.226994339788146
-0.003591726543485 0.0226310670117453 -0.206276231521115 -0.419310702190028
0.0047751478798426 0.00966419855820958 -0.484906025305276 -0.00410711964039361
0.000777926585757605 0.000655646737463777 -0.121926606191977 0.363437706799138
-0.00435160600554714 -0.00521079622740496 0.179954363392944 0.206963171329022
0.000935511837747951 -0.00048488463690234 0.179008360564712 -0.0108088843169592
-0.00209907272472381 0.00440273393132172 0.0483914447847658 -0.117864581492264
-0.0105946354763608 0.00472358708661568 -0.039242018652478 0.0757256238990027
0.000155880926632362 0.00426868310871543 -0.122448285403317 -0.0129251869476755
-0.0102430717440913 -0.0128258104814666 -0.132012386229355 -0.187907324071575
-0.00477779528797512 -0.0149405904794127 0.133201225337675 -0.294012759424107
0.00321765537629007 0.00165818917579299 0.415753800409301 0.0204763039614421
0.00417303166105844 0.0146848783472066 0.196494216055411 0.400368169299556
-0.0082979447362645 0.00922348608001883 -0.144496684142692 0.29718568820328
-0.00469582034245447 -0.000510341914579355 0.00442983417700788 0.0443591598477949
-0.00384826946181697 0.00417646120789266 0.149799750207702 -0.225790379186358
-0.00269059956376999 0.0205115571160279 -0.210719299014648 -0.412792992807701
0.00223579841467378 0.0101529006310984 -0.48519550006048 0.00846841209367408
-0.000310985067573227 0.00238747420913009 -0.116623782693566 0.366291622161379
-0.00153582992072546 -0.00402094786410144 0.184127629701599 0.203917168241357
0.00440689867034693 0.00118093149935857 0.180712361436326 -0.0125719804591415
-0.00155619678572109 0.00494915171152276 0.0477649556586828 -0.117873595358603
-0.00918088389693276 0.00416398313936196 -0.0400258439525946 0.075728637938655
0.00258099173998823 0.00631202860274921 -0.120323635944968 -0.0125942444202965
-0.00778799002080852 -0.00892460511591769 -0.130310208093822 -0.189385858520024
-0.00521285064855049 -0.0116170942277771 0.133314660986574 -0.293494266833544
0.00142530876403845 0.000132545643876245 0.414604230175577 0.0251146712542054
0.00432617449790877 0.0115797185756224 0.194927109251376 0.404993830480444
-0.00635347837927783 0.00768522176607985 -0.145037833066545 0.299934972695634
-0.00334320057462993 -0.00136592515234624 0.00470168848719033 0.0456473672528296
-0.00224351708504178 0.00211446485381477 0.149011474578945 -0.22509381218165
-0.00286653197725864 0.0168138172017363 -0.214345426952161 -0.407928018913864
0.000246414344468524 0.00948336550968446 -0.484988356209533 0.0151682218802156
0.000297018148749289 0.00565402951980181 -0.114478574455194 0.368445268850718
0.00235738483652916 -0.000224262954249824 0.186382087506901 0.201399928492976
0.00781239218109359 0.00281865605795803 0.182751752966444 -0.0138416016025438
-1.7702744743497E-05 0.0042523851739934 0.0472452156846377 -0.117810427596545
-0.00670684813170767 0.00364289719253508 -0.0411926999519414 0.0763249904716401
0.00481999451799447 0.0077208676462272 -0.119052650940184 -0.0114709691352082
-0.0050838523823574 -0.00397297003270864 -0.131220186447964 -0.191453061007892
-0.00513778946399391 -0.00815992195341513 0.128830979513043 -0.295136360332357
-0.000730842091780112 -0.00138704843338187 0.413697967410396 0.0245912211818623
0.00427471537534772 0.00680537095652425 0.198490624726252 0.404414188538134
-0.00517025143552121 0.00503722593037707 -0.141960193880791 0.300784318763352
-0.00243979393517596 -0.00206857285358694 0.00539473258178836 0.0463578590854058
-0.000996262359927444 -0.000516286591497618 0.150855835902476 -0.223087637448234
-0.00304645076133828 0.0126107439211871 -0.208894891693511 -0.407605742596344
-0.00231039797296522 0.00800213696260411 -0.487114947278283 0.0127211268963044
0.00105136333341017 0.0087643118796042 -0.119329746514969 0.367958798382884
0.00559307663357371 0.00456887321841851 0.185381984313956 0.201151127742785
0.0109795386161269 0.00387705762467266 0.184176607600392 -0.012310704601749
0.00228003957595269 0.00281789453496333 0.0466499339375218 -0.116190146758496
-0.0031817586958383 -0.00152555938449376 -0.0440144894948249 0.086245360038999
-0.00761896746796472 0.00347847830729404 -0.134653632323325 0.000754691719393292
-0.0133893610443285 -0.0012384222360194 -0.160884280503482 -0.173425824195331
0.000157698651085463 -0.0110876977413275 0.0886037846089645 -0.320236673897693
0.00206745742884405 -0.00579311804341918 0.411000937114978 -0.0569367932746381
-2.01334031970663E-05 0.00613405045922742 0.247271629060508 0.350039039476184
-0.0121167393940467 0.00511770531287181 -0.110727306100638 0.295490462900545
-0.00861805709701422 -0.00356842810635771 0.0105485846205341 0.0391552360252458
-0.0084335772030125 -0.00105260365742218 0.178335901439377 -0.227727716482164
-0.00934963383674797 0.0115866275832517 -0.159431072733662 -0.46201364508147
0.00255064369845321 0.00337098268618715 -0.491746916366209 -0.0732880894286815
0.0073666532150745 0.00622952063039862 -0.167302208273968 0.342616488593819
-0.00397386567398645 0.00670054762820811 0.158029230083684 0.22204234662458
-0.00377031134239023 -0.0017838829362646 0.173541782023145 0.00268558710635032
0.00629691789622478 -0.00298096499128242 0.0469565866117354 -0.113446090196146
-0.0062951810030946 0.000252549202885677 -0.0423808182381305 0.0831613945749455
-0.00813652150881504 0.0029844643448261 -0.133929999562456 -0.00267160727411536
-0.0151074114999295 -0.00659247674946506 -0.156295531379014 -0.175007534036203
-0.00131831189350833 -0.0141190576386221 0.0991511501957691 -0.317484573221839
0.00436210118749011 -0.00336118201287176 0.414025088380782 -0.0445416826175005
0.000975512073992842 0.0109237500706215 0.237753307028348 0.358528059828445
-0.0126037195256914 0.00813610072993014 -0.118102170159146 0.295236357113341
-0.00877615558558494 -0.00158569205580323 0.00941618930331088 0.0397030366175872
-0.0088382501815659 0.00202760314539881 0.172739118303256 -0.229480529096002
-0.00834019169731367 0.0167000823531948 -0.171207092845312 -0.453398877021749
0.00458938540681303 0.00594144807549469 -0.491951779392047 -0.0573827803473648
0.00596567669224966 0.00277874450189737 -0.155792955078186 0.347843005955391
-0.0055513739602234 0.000740627668104022 0.162687477224046 0.219860795127703
-0.00458528381005065 -0.00267660228627403 0.174322542973209 -0.000195805957983006
0.00286632131489716 -0.000633767340072381 0.0473789055946199 -0.115016298996319
-0.00861920027153255 0.00193805891718935 -0.040788874378228 0.0812744504668395
-0.00728746974006112 0.00243840575416281 -0.132835232929047 -0.00653128133994422
-0.0155311636379644 -0.0108791969529824 -0.149865934635944 -0.17845593076686
-0.00243645730237553 -0.0162792741941294 0.111110134696715 -0.31108597157352
0.0051005721287052 -0.000838952964251738 0.417082361183471 -0.0277336961933269
0.0019127076105662 0.0146110151196757 0.226623673088348 0.369249155997392
-0.0117567880004307 0.0101900752602886 -0.126563983190952 0.296339315035873
-0.00864315775440053 -0.000553677340345237 0.00776115037633682 0.0406271006630476
-0.00838621066401446 0.00415399732368692 0.165265384901522 -0.230065260792875
-0.00629429117824532 0.0204931728298796 -0.186541034294751 -0.444767615162474
0.00585992701577026 0.00807471003037793 -0.492066990746002 -0.0391369795154618
0.00401776771305124 0.00081114224688472 -0.143833444708689 0.355707532907508
-0.00665936793241271 -0.00297644047243945 0.16966079250826 0.21600030072805
-0.00409782231462835 -0.00250075601713737 0.175781128063239 -0.0045284014278235
0.000565966540486438 0.00137863737998513 0.0479562602017938 -0.11691729277198
-0.0104882708210301 0.00319491295333039 -0.0398953731213653 0.0791626617825803
-0.00569771476419965 0.00267908820613284 -0.129556114535239 -0.00968914468456029
-0.0150013083514893 -0.0136882539916938 -0.144150539009655 -0.181080815793854
-0.00396365896160979 -0.0171708286553175 0.120160985866781 -0.306290279486525
0.00528224857420186 0.000891525748471371 0.418817113619544 -0.0106074149208991
0.00294204892565925 0.016787429677168 0.21539181996927 0.382312433026713
-0.0113879176347416 0.0110870014339678 -0.135273941112254 0.298072908231111
-0.00752634754778478 6.04183452836891E-05 0.00605178205433697 0.0423294661549507
-0.00724478224894362 0.00546363299469614 0.159129436258809 -0.230036362960426
-0.00467220620221286 0.0228365887676652 -0.198095734867226 -0.433908200501901
0.00576705841633917 0.00919428561026047 -0.490494682019505 -0.0197990739293288
0.00206654277331786 -0.000162008727409025 -0.131545317501462 0.361907121876175
-0.00582772613053648 -0.00504176684901318 0.176035089290578 0.212189967559171
-0.00244867781587721 -0.00133266161275698 0.177691633112483 -0.00846884177275233
-0.00150720593244177 0.00328082228356551 0.0481442375961828 -0.118339367888165
-0.0112428258305666 0.00474621988432543 -0.0391067189555259 0.0775521015217133
-0.00316444183924409 0.00331381376486498 -0.126702609574768 -0.0122088041051557
-0.0128227515851351 -0.0142210108420401 -0.138159048736476 -0.185059708013103
-0.00453137548121755 -0.0163584794517559 0.128561540886394 -0.300489127341857
0.00472562782084811 0.00164716043851849 0.419614250276412 0.00637212578998714
0.00380912555303048 0.0166796880788271 0.205739869666812 0.394558828901073
-0.00998540911929689 0.0108988066087931 -0.140955850995359 0.298873684225555
-0.00642974322464038 0.000156685141707446 0.00563000943919374 0.0435833360292833
-0.0058135258470496 0.00542686762301024 0.153528123229798 -0.229418589870893
-0.00296755429029217 0.022391847086393 -0.20839806472987 -0.422736875204918
0.00454102616938496 0.0102599814357024 -0.489472751156077 -0.00263151012481946
0.000457009681800018 0.000886967816654824 -0.121151549695686 0.366956778955149
-0.00431425102868738 -0.00563026250697056 0.182775744366699 0.207972669516709
0.000907776376478139 -2.19314273071309E-05 0.179783553328682 -0.0114082639440967
-0.0020808935544229 0.00434679141087739 0.048598132723342 -0.119269138656235
-0.0106607334523853 0.00492181649663308 -0.0398756803166578 0.0766129584903295
0.000178865116247397 0.00466427995317538 -0.123112396674191 -0.0129186416441779
-0.0104062732691432 -0.0129804840096981 -0.133663785785152 -0.188391866723663
-0.00457350257963081 -0.0148032969034676 0.132317438089339 -0.297009033048881
0.00342281332977516 0.00153987277451529 0.419085552266434 0.0188982895767228
0.00451319821896823 0.0151061699172161 0.199802002609114 0.40246203013745
-0.00845411993528943 0.0095772891248514 -0.144824111034154 0.30082655757836
-0.00481961403532887 -0.000517121177902349 0.00426258363360417 0.0449148788596335
-0.00363054611493569 0.00421896968032216 0.150580708221384 -0.227661076891468
-0.0024272718157635 0.0204444214566463 -0.213528140348312 -0.415070423051244
0.00272998359797749 0.0100220439434999 -0.488919070034036 0.0102525544052128
0.000149817890613547 0.00225735093358174 -0.115720731594818 0.369942999815987
-0.00113584354987165 -0.00376555619735479 0.186077372761585 0.204887672669093
0.00429802171488001 0.00116119728798207 0.182688116199272 -0.0136719995983234
-0.00178612506369416 0.00480278812380804 0.0481260853079019 -0.119516604093858
-0.00917606620277568 0.00478094171093854 -0.0404646920472477 0.0762161993986892
0.00268424878422901 0.00611875059970842 -0.122048138958067 -0.0124615953270546
-0.00791726233249243 -0.00870207463253493 -0.13310502119446 -0.190747236652876
-0.00544735735954585 -0.0118192867105824 0.13351343014196 -0.296919342930502
0.00160593266004035 9.92745943921508E-05 0.418728510181277 0.0242314385452294
0.00460055095250083 0.0117101980758869 0.197756947832385 0.40626480450703
-0.00638012486806428 0.00774316293731633 -0.144773761389514 0.302690300157216
-0.00394850492219497 -0.00168019720697766 0.00469605997215638 0.0461084212099849
-0.00184722398109514 0.00216076936984008 0.149548830151303 -0.227227148950468
-0.00233049550957523 0.0172201217337384 -0.216486597923943 -0.410807756650337
0.00045843262857282 0.00923415015648766 -0.489317767464106 0.0172137981095219
0.000278996808854175 0.00565350623096823 -0.113945031954665 0.371205211674023
0.00218419444016488 6.26179514614505E-05 0.188887919115943 0.201888234459228
0.00818946001776076 0.00269157927696018 0.184239372728716 -0.0146460122957217
-9.80933698234861E-05 0.00409499285126499 0.0474582603469089 -0.118864754653
-0.00680518154573017 0.00335960696751935 -0.041858112939672 0.0769652329579667
0.00509679077465971 0.00727101721424463 -0.1202149570723 -0.0115390518178886
-0.00529609851614052 -0.00354567230852991 -0.132982408381248 -0.192437569555249
-0.00608162465114716 -0.00832863221571494 0.128914253988646 -0.297748552523895
-0.000832378749090726 -0.00148351271199052 0.417789172708007 0.0238306884986795
0.00456553349396038 0.00720665443672396 0.201552056018436 0.408728029482053
-0.00523017327553855 0.00509720781152519 -0.141879071243522 0.303646154503535
-0.00258267593608722 -0.00293154300332776 0.00523463834875903 0.0468684655890028
-0.000452145729210879 -0.000594686738000378 0.152018535692809 -0.226149560711177
-0.00329204986427438 0.0126500202760362 -0.213494419384775 -0.409867538611412
-0.0020848394784003 0.00855653949598185 -0.490520049089488 0.0152351340636993
0.00133238246833096 0.00914837910047411 -0.118257059697324 0.370685743267242
0.00599524078526046 0.00457955243435971 0.18804418396354 0.20182424490727
0.0109191982566498 0.0039464075358759 0.185988540320896 -0.0132726050718414
0.00283338951245811 0.00239542616565611 0.0467208954064679 -0.118059197697578
-0.00303569693128749 -0.00173054475666662 -0.044324388237203 0.0873321099293407
-0.00741159306287301 0.00334074532150309 -0.136245799948432 0.000994392049740431
-0.0134912120335328 -0.00123892206339305 -0.164663608076969 -0.173370753128587
-0.000123787548812457 -0.0115175168708591 0.0875119898844396 -0.32448241446497
0.00231924287295534 -0.0057019044507539 0.414654384410425 -0.060368348405264
5.85993973063323E-05 0.00633851736194477 0.250547529346776 0.351862001991942
-0.0121227219719746 0.00503038583492752 -0.111056803018939 0.297970085900859
-0.00879099058139333 -0.00340580830288945 0.0111010821413785 0.0397973445383843
-0.0081656488038185 -0.000835465782196467 0.179905777348007 -0.230948653432785
-0.00985563670532325 0.0116671714494984 -0.162255767415108 -0.463467374390111
0.00276806922801832 0.00357782300851546 -0.497001906355087 -0.0718842471090093
0.00755444302726649 0.00571131404250332 -0.166101273433896 0.347530364487642
-0.00379820824256959 0.00661678837066598 0.161303710729407 0.22355298586529
-0.00383116455152049 -0.00177369443155164 0.174997647800215 0.00201080325096746
0.00581104730450961 -0.00302851004789219 0.0468596633799458 -0.114657605546311
-0.00671126022211709 0.000415502318310299 -0.0428180268963396 0.084736645250718
-0.00832042610928223 0.00269614979441299 -0.135500242611282 -0.00265901282942947
-0.0154088246284467 -0.00648472408897665 -0.159101500429533 -0.175121052929851
-0.0014208109611448 -0.0142211509350915 0.0980182954036107 -0.320627678655026
0.00408041540369112 -0.00328791325284513 0.418576285625275 -0.0472843694558062
0.0011949028690427 0.0110299806756772 0.241728808629508 0.361536668512077
-0.0120308426198356 0.00794775851109767 -0.118488392791179 0.298161233941725
-0.00920422548461735 -0.0018933090360477 0.00906894589729313 0.0396476771982599
-0.00878920801171248 0.00201927194339854 0.173486617133957 -0.232008793462474
-0.00831059328860955 0.0167684235860472 -0.174909276385702 -0.457815133016231
0.00479754895509038 0.00574881318708217 -0.497825039526862 -0.0560259396088323
0.00602384927522148 0.00281862547026548 -0.15472551930978 0.352367657066462
-0.00526376874483009 0.000962729843258594 0.165997772670708 0.221144753332249
-0.00474894843181075 -0.00254816662864061 0.175564443504448 -0.00121698885196602
0.00301225721274325 -0.00105676841381463 0.0474565650477944 -0.116904861912808
-0.00917245521380614 0.00222096721903628 -0.041077179599313 0.082189607919832
-0.00762369587497797 0.00245272279639287 -0.1341682746467 -0.00560616607079799
-0.015958524357495 -0.0107354484768853 -0.153197190106572 -0.178523741499776
-0.00225047739506443 -0.0161161821657373 0.109054248263192 -0.315099145640732
0.00510507276642558 -0.00109440908649936 0.421007715352523 -0.0303450469101931
0.00235155829156386 0.0147704970567712 0.23107294840941 0.372610194411769
-0.0122431779660633 0.00994457071026458 -0.126308379644084 0.299657700345891
-0.00865981835380283 -0.00105905055254399 0.0083486689288692 0.0411591816828353
-0.00814647736892471 0.00376389682176614 0.16615932797226 -0.232224726347466
-0.00599301776968356 0.0212897302984641 -0.189939622251409 -0.447933594548475
0.00589490179195326 0.00800289173247758 -0.495575713538726 -0.0365875239759986
0.00428827927079658 0.000866837390454 -0.142120096123659 0.359498531088152
-0.00681896582612286 -0.0032393704053415 0.172773825325809 0.216486680768498
-0.00361031032289172 -0.00247941388033301 0.17712474410974 -0.00597213212617525
0.000117350796593685 0.00144768571441006 0.0482377831912525 -0.11853331007399
-0.0107065480354528 0.00387529899974359 -0.0405528288562404 0.080229008473338
-0.00573126189714489 0.00238659799128559 -0.131492586145437 -0.00890364277675417
-0.015195986904281 -0.0135146214332409 -0.146488334730234 -0.182070241782769
-0.00364579903248496 -0.0172294097103398 0.118949863697454 -0.309913341127267
0.0053216328457485 0.000849004077981425 0.423208262239379 -0.0126144162823832
0.00330677928422972 0.0168241120634293 0.219260713506702 0.383763389366322
-0.0116112107381789 0.0109490788033081 -0.134347711684488 0.301499957984561
-0.00794731507116856 7.73295101093373E-06 0.00647267353775037 0.0425677662741455
-0.00684845107917516 0.00525293766786128 0.159478108342376 -0.232681135708502
-0.0039661185837933 0.0227346001461335 -0.201988214696302 -0.435762152588861
0.00590920568549872 0.00938696905619988 -0.494516590347992 -0.0167708255750434
0.00211136139453211 0.000185865263063224 -0.12924280132428 0.365951614809169
-0.00608000984782845 -0.00552303765165589 0.179383280723206 0.213131338253954
-0.00193315540876496 -0.00157784384607761 0.179082695216822 -0.00996329430824387
-0.0014200928801654 0.00343477252281451 0.0483501442027156 -0.119644472950554
-0.0113247768550474 0.00469513669571814 -0.0402930595733306 0.0777731196972924
-0.00311719208332629 0.00313895259999657 -0.129063618474383 -0.0121366763479657
-0.0130341075501183 -0.0143147510793941 -0.141453392257003 -0.186212143223787
-0.00469496777720508 -0.0168092628432928 0.127914285715163 -0.304807669195468
0.00475530757199457 0.00135873213900439 0.423587637108743 0.00522439999318367
0.00422812046264718 0.0169323500308073 0.209248002780106 0.396937056273561
-0.00973685387377461 0.0109095331936116 -0.140452657363877 0.302329914393193
-0.00648616087072937 9.07158292942971E-05 0.00494110002899324 0.0439641072153915
-0.00567731341794134 0.00571874436776291 0.153973940211252 -0.231926825877281
-0.00281367506724394 0.0228306232451217 -0.211762104713845 -0.426494524167682
0.00474971749359518 0.0104147841741909 -0.493978877526922 0.00149143743803193
0.000806312651524994 0.000466324249755852 -0.120372790313906 0.370795844879365
-0.00411336999645982 -0.00560227428079816 0.185594282485573 0.208535266075861
0.00114158853026587 -0.000943441731295591 0.181042465346707 -0.0131280687837671
-0.00227802131894948 0.00435592927882458 0.0486005272501299 -0.120892666507921
-0.0108850971536825 0.00500256475539875 -0.0402618505498138 0.0772573047800466
-0.00030856019916056 0.00450810666305195 -0.126210959133959 -0.0124180131982862
-0.0105855315857834 -0.0126478328827258 -0.137110540186297 -0.18989993787806
-0.00550237052313358 -0.0148865071956489 0.13206465395897 -0.301208857650016
0.00335307502338646 0.00134382547643312 0.423240875656491 0.0167134648695142
0.00488324659136069 0.0152381005491376 0.203492437446673 0.406133792675796
-0.00821898203483685 0.00968011248457074 -0.144844041996602 0.303622468899727
-0.00489742314276044 -0.000541329688619048 0.0053665999120558 0.0454025186817622
-0.00394206367576498 0.00432097048927846 0.151430368841975 -0.230350894176121
-0.00247267876053916 0.0212854494070609 -0.217027561875505 -0.416787803820338
0.002483624594641 0.0104750802282212 -0.494507773321775 0.0135684344141893
0.000170097096524328 0.00275920555367424 -0.114882407311149 0.373973676322819
-0.00128825087470773 -0.00386095213604993 0.189835899244132 0.205318603523393
0.004522771364245 0.000917244375394959 0.184308642351794 -0.0155896979497618
-0.00196609932855795 0.00460968644432045 0.048334281660027 -0.120759499353106
-0.00951134406470147 0.00452867720338609 -0.0409211741567798 0.0776793870304843
0.00271337521857866 0.00553337473222966 -0.123685098268478 -0.0121682463106922
-0.00811656571272639 -0.00882901766524065 -0.135385541164253 -0.191465972906084
-0.00583481880653688 -0.0117819138815887 0.132142702104339 -0.30022287116809
0.00182219597186097 0.000158773818363291 0.4234601243872 0.0217838319446664
0.00502301427956117 0.0114737262327265 0.202557237962394 0.411000392929319
-0.00620482381086941 0.00778554801134532 -0.144671048780381 0.306100997121187
-0.00340255507869901 -0.00149897687661406 0.00500272500295118 0.0461142030419308
-0.00157619274540926 0.00241844644998901 0.150505309277209 -0.230344772788572
-0.00228191730984782 0.0175385623679516 -0.221311244758915 -0.413098463224565
0.000342795438572057 0.00955845434302471 -0.493370938313532 0.0196104819938789
0.000611547059743854 0.0058367276904012 -0.112441951921039 0.376115839114519
0.00231112644233149 -0.000336854498704412 0.19196478339021 0.202954864269356
0.00818149925553409 0.00207940193593355 0.186065192480763 -0.0161869099890181
-0.000277147360525912 0.00444790224599366 0.0476987131904029 -0.120650975195033
-0.0066230992203151 0.00410386855539584 -0.0422632409988497 0.0773113119237588
0.00510736266733224 0.00752003176668616 -0.12246053938539 -0.0107737727514276
-0.00509555119269188 -0.00348156865300873 -0.136175060530175 -0.193104904456121
-0.0055197227472481 -0.00816251046938562 0.127962805045865 -0.30110081220551
-0.000740638213374938 -0.00158952500336199 0.42154832401825 0.0208359437556578
0.00447332152564808 0.00753689196952174 0.206171402220135 0.410206125143219
-0.00502147587137973 0.0053913715032062 -0.140987479986772 0.30823876304435
-0.00260080976450809 -0.00290086536284181 0.00563587705238556 0.0472850088057827
-0.000664472092087546 -0.000677951757904238 0.152592892819094 -0.229026862453837
-0.00296936047445361 0.0125546888085174 -0.216597652804826 -0.411285503613529
-0.00235857221672901 0.0081262029293074 -0.495139105288518 0.0187883709238021
0.00162762454421135 0.00911753156468928 -0.117876711561448 0.375937016133227
0.00614734001695789 0.00448336777169687 0.190892282538452 0.202155364025889
0.0110209922789379 0.00391646921509258 0.187992672691417 -0.0147790280354046
0.00229704790039429 0.00243266056586902 0.0470788519991778 -0.118787528850013
-0.00344632309405338 -0.00103985287581033 -0.0445151256197337 0.0875386221481335
-0.00749863770337316 0.00344687619234547 -0.137926686828617 0.00243860071480691
-0.0134418787459675 -0.000708503358741544 -0.167756065049303 -0.173491393560489
-0.000131837993858479 -0.0112044432939352 0.084609593671566 -0.32811299413278
0.00236262055834621 -0.00584327907692261 0.417894827635588 -0.0639830545237754
0.00032168583044461 0.00644606615280895 0.255464528222328 0.35157141371144
-0.011934052034209 0.0053405776940569 -0.10921545934624 0.301438948010503
-0.00892627332694115 -0.00314035918905879 0.0112018498531981 0.0397954258619233
-0.00844797613660348 -0.000970882365246225 0.178529622379525 -0.234140226888504
-0.00905290618473326 0.0121236551084462 -0.167923493537757 -0.465603249166038
0.00264583058404118 0.00360494540212426 -0.502372510853802 -0.0666420998031984
0.00791251519677079 0.00577656403260521 -0.164147262413575 0.351169353320805
-0.00338505150568719 0.00689952778217218 0.164381113405976 0.2234689741684
-0.00372517701633374 -0.00239351116162926 0.177023221773676 6.75769685143302E-05
0.00631842198344715 -0.00349358145853261 0.0465982894698329 -0.116052012361758
-0.00655506968398603 0.000828705966812828 -0.0432734934499945 0.0856392794262694
-0.00819971985276688 0.00244024136870784 -0.1371099484494 -0.00105504994123291
-0.0152478713559647 -0.00637636996597881 -0.162289727067542 -0.175202428295652
-0.00138820722717008 -0.0143936033561539 0.0957927688916724 -0.323889581650179
0.00420753544793553 -0.00326157244986575 0.421682199142997 -0.052286061457224
0.0014652415374618 0.0110370064130278 0.246897486767924 0.361674744948339
-0.012660769271801 0.00810012466426223 -0.116432211022166 0.301792370634234
-0.00924422409528703 -0.00153997452125091 0.00990018376232495 0.0402195750395082
-0.00856901723025505 0.00200369833653989 0.172838466666926 -0.235219634146092
-0.00783237048647267 0.0170112939581086 -0.179083727126575 -0.458293775720248
0.00503233984138902 0.00583145305184143 -0.501873140175059 -0.0507194557424075
0.00636334460166717 0.00278027442120681 -0.15334104015625 0.356948928426449
-0.00514191267057148 0.00116454605358683 0.168667473815492 0.221067809779116
-0.00476781540893069 -0.00302403735973745 0.177208171758922 -0.00305253045747257
0.00285120446821997 -0.00106367197321227 0.0475315606533155 -0.117920575872888
-0.00923748184362664 0.0022612955008186 -0.0412271958129008 0.0838365355257606
-0.00743148690396651 0.00266937647246442 -0.135871266124018 -0.0046714882900965
-0.0159746845559587 -0.0108719483284163 -0.156402834880228 -0.178506125062834
-0.0029293188740184 -0.0165183542563881 0.107442805698641 -0.317942727714008
0.00538675679303419 -0.0010029537040996 0.424918596476444 -0.0343147144821964
0.00270581171960142 0.0146775020525675 0.234979031228106 0.372386672727174
-0.0119132586790013 0.0102187274905015 -0.124832653201428 0.302567282181516
-0.00833691097114954 -0.000331836585268008 0.00780198448417656 0.0412311672337646
-0.00789081503029661 0.0041828389691981 0.166314481164279 -0.235574000659086
-0.00576171290343512 0.0212031626090403 -0.194585005685612 -0.448974089338815
0.00588936132886179 0.00783614355934142 -0.500550112700277 -0.0322441722276617
0.00421512516714813 0.000126791994912126 -0.140729219935076 0.363840702005664
-0.00615929091547024 -0.00274422032074222 0.176098686738819 0.216734782643266
-0.00400805111958993 -0.00261302297148498 0.178709568873046 -0.0081860390214605
4.64288266194346E-05 0.00142330063425439 0.0479429881967598 -0.120223393978831
-0.0109986671026521 0.00418499072471033 -0.0407309281225106 0.0810836070864655
-0.00585839248600023 0.00251968484535 -0.133344097594269 -0.00807351193011288
-0.0151862071157663 -0.0134281477758636 -0.150352917870581 -0.182397132129873
-0.00424822305082869 -0.0173353042051937 0.117596037044771 -0.313257273031759
0.00554601684280404 0.000898767932297195 0.426622763694655 -0.0170391893170665
0.00383056170338721 0.0169545131377543 0.224488335405179 0.384088404686522
-0.0111154980759249 0.0111674405376784 -0.133233550175132 0.304664784771132
-0.00766271498256113 0.000143239747273476 0.00682507016817802 0.0427677264075679
-0.00709361445472602 0.00535038767653182 0.159499382629906 -0.235397688514732
-0.00383541887822842 0.0233168040400248 -0.206906391060756 -0.437645494007732
0.00607123804984839 0.00933219882290794 -0.499911964205702 -0.0131921046278778
0.00244663439449978 0.00024485388944414 -0.12740535613847 0.37066584869201
-0.00604021280968159 -0.00522672889182067 0.182762401548658 0.212747073737845
-0.00186532840194949 -0.00210800459584435 0.179714580465538 -0.0114969444466976
-0.00162981780704168 0.00323761482847452 0.0482137713229039 -0.121820487345431
-0.0119677760795891 0.00523254464030276 -0.0401468423648174 0.0794745654161296
-0.00320589539998746 0.00293204341284423 -0.130126445298473 -0.0102820571857808
-0.0132693050913842 -0.0139921381241226 -0.144378166942324 -0.185984663655938
-0.00507131066004189 -0.0168301632505725 0.125793746172635 -0.307946338656769
0.00500550560215094 0.00147162000177828 0.427545330926706 0.000638377826227503
0.00465736469594062 0.0171707988545172 0.213144638384099 0.397472018694878
-0.00986804992944784 0.0107132574968874 -0.139030963156714 0.305394575553413
-0.00630728082648678 0.000439219517266998 0.00544779901900007 0.0435848731370288
-0.00537162277876992 0.00551372968246892 0.153939774257197 -0.234993700243087
-0.00250856979599191 0.0233249139151964 -0.216964670598547 -0.426447496015269
0.00475837256228449 0.0100559269088554 -0.498072693667934 0.00621486994838108
0.000592055631922214 0.000672124493839207 -0.117589593903566 0.375313236580635
-0.0039611119347665 -0.00575632253885638 0.188980820333203 0.208895159967951
0.00114720508367357 -0.000972435396353425 0.182981105571878 -0.0146516686423882
-0.00247492491868012 0.00417450604049274 0.0481163001788775 -0.122173563747451
-0.0112654974902603 0.00523964438941563 -0.0404371203959126 0.0785979521230944
-0.000305652552894193 0.0041814257139808 -0.127678239845151 -0.0115307960634966
-0.0105557005371266 -0.0124414395207113 -0.139773258740324 -0.18935682168518
-0.00545277538544645 -0.0145840614768704 0.130055666303466 -0.304946160509738
0.00345614880742954 0.00115513516732073 0.427361743078959 0.0133269359780929
0.00491145168945314 0.0148417150260965 0.209517374032756 0.406649220443601
-0.00792051259475013 0.0098170261038161 -0.143590174348491 0.307246694861619
-0.00511517672031566 -0.000656058881275662 0.00507651918328571 0.0457049496532631
-0.00358271815090061 0.00412803607423371 0.150983536615489 -0.233948149975104
-0.00188319075551813 0.0216555991474507 -0.222858265828613 -0.418116708675292
0.00277892849867578 0.0104547214753233 -0.497093744072438 0.0183431379784961
0.000481521301100758 0.00287317343601342 -0.111381271164055 0.378445945294317
-0.00117313157859042 -0.00368875189708884 0.193340772927935 0.205333725889627
0.00441026685192484 0.000900005286019356 0.185548782762557 -0.0174354232715173
-0.00187542993909931 0.00498484299933053 0.0478914830803437 -0.122585124290536
-0.00956367855480762 0.00500150097971985 -0.0410816187317227 0.0787285339758142
0.00279336478366682 0.00577823697355818 -0.12544141977908 -0.0110552863838755
-0.00779710819669479 -0.00849795138276182 -0.139099508500733 -0.191772695901423
-0.00584042904977032 -0.0117192551596766 0.131247689337473 -0.303401418032487
0.00161795052021417 6.1239779765172E-05 0.427560890803085 0.0179790259377371
0.00536009737566703 0.0115258730278489 0.207527575556441 0.411748765309685
-0.00626563381740789 0.00770918526038889 -0.142904437166732 0.309281952909955
-0.00363109636148279 -0.00144436209981273 0.00468601985809798 0.0466941656068969
-0.00159448188784377 0.00191752625776857 0.149701029002668 -0.232923639595462
-0.00163948190178055 0.0178116170177798 -0.225116773721003 -0.413744355015173
0.000437733887517741 0.00988885381073783 -0.497852725488734 0.0251009686565806
0.00061669853088898 0.00577496783360725 -0.109920998821879 0.379641528821885
0.00209069103173028 -0.000333120974683819 0.19516259840712 0.202377139627123
0.00798848145778095 0.00236248212502726 0.187315039174967 -0.0184816546919301
-0.000548713232836613 0.00387454400478936 0.0470287442518086 -0.122256146983939
-0.0070081735065434 0.00430882196457819 -0.0427225884744661 0.0788929211842139
0.00489987874758015 0.00725150641322775 -0.124156775896352 -0.00994035348758735
-0.00547696096069225 -0.00384401276291414 -0.139307781379282 -0.193161850310324
-0.00568239319091943 -0.00819524476575225 0.126267720345999 -0.304745772318921
-0.000856304305845119 -0.00169221617926981 0.425807661769882 0.0179442937527258
0.00513425956075729 0.00698151823165394 0.211811309199973 0.412672524453202
-0.00516002318061033 0.00539405459501651 -0.139899388545088 0.310488700246015
-0.00266227283237908 -0.00286079800385609 0.00567236399457502 0.0473632416089209
-0.000449673721502168 -0.000886878627213682 0.152503421711804 -0.231042162964407
-0.00250610851018758 0.0130850868469653 -0.221659218980957 -0.413382670974066
-0.0020970584740803 0.00879336361850886 -0.498862369877657 0.023667401594108
0.00193279068060944 0.00968462028794248 -0.115961696632054 0.378189732201577
0.00610167846217805 0.00430161695463633 0.194611275306328 0.202605906551385
0.0115005602579758 0.00381719492908603 0.188863520143012 -0.0172441434837533
0.00233843422675937 0.00228893510474584 0.0464599506956385 -0.120437448126623
-0.00385296330918914 -0.00121922979512695 -0.0442824385709552 0.089304460712382
-0.00778242004429327 0.00340015681926997 -0.139231458840895 0.00382570662991774
-0.0138753899106001 -0.000771605832349925 -0.170933680463019 -0.172824862827915
-0.0005646072809495 -0.0110693000165848 0.0815182852757239 -0.331328279786686
0.00248538453062368 -0.00586617588762242 0.420160231231466 -0.0701243782722921
0.000217930406934439 0.00615082328283401 0.261564770918405 0.351138351155364
-0.0119721689228494 0.00586668460680839 -0.106411809530236 0.304102670019713
-0.00916922453537119 -0.00374791292906194 0.0113583624622633 0.0398457398845384
-0.00800967135891623 -0.00120421076922647 0.178210441872668 -0.236952489083667
-0.00872380329962256 0.0125668895012631 -0.173450851138524 -0.467672005535059
0.00240767658228385 0.00371973806241185 -0.505435138404518 -0.0620131398679467
0.00808614811711601 0.00631874561996618 -0.161606969163015 0.355430548559306
-0.00318243726827288 0.00727761617460888 0.167964992352067 0.223124581712825
-0.00389489859689792 -0.00220102733089226 0.178482120930945 -0.00218150368929951
0.00640087187397773 -0.00425300921792549 0.0456505699587663 -0.117845676231283
-0.00675000239649381 0.000443946522177325 -0.0425557741370538 0.0871331328799475
-0.00844065533401639 0.00285905121642634 -0.138647393917499 -0.000350601451460964
-0.0158232804404156 -0.00589659599902388 -0.166334269106122 -0.174971672212833
-0.00184973441338926 -0.0140944042683794 0.0924315934025694 -0.326835637820666
0.00410691324237986 -0.00329172295720198 0.423806248700543 -0.0564898690119302
0.00202045312379058 0.0107820562992425 0.251922436784616 0.361204323367308
-0.0124455796967002 0.00892271645646812 -0.113498428891222 0.304577211164062
-0.00904983384599926 -0.00154133448850665 0.00998121032356787 0.0403357660384708
-0.00884384121174207 0.00195786945926049 0.172354131061564 -0.237727361949281
-0.00741594584638477 0.0176277684984841 -0.185638932843078 -0.460251776929838
0.00500393947750562 0.00601096028329484 -0.504781007617363 -0.045669195833614
0.00676258805862673 0.00295403597095029 -0.150546214445049 0.360770404271555
-0.00537505559331378 0.00126219949001311 0.173228165717908 0.220756774501965
-0.00456149286551882 -0.00315309093931943 0.178432549850097 -0.005640025230368
0.00276236041127035 -0.00174965425754132 0.046679229573162 -0.119306807977322
-0.00888274765745277 0.00274252279594013 -0.0414831926266945 0.084514231304206
-0.00754550259234939 0.00281226603902739 -0.137185700547897 -0.0037018784231689
-0.0161362756117266 -0.0101132591166728 -0.160136453781607 -0.177908293715366
-0.00319709252871835 -0.0162736868771662 0.104244944556845 -0.321965618926344
0.00529289592611281 -0.0012473430118027 0.427511884030855 -0.0389827411829183
0.00305448955786478 0.0148415015600212 0.241015188027803 0.37216684568145
-0.0121277771606431 0.0103256513402295 -0.122513188214409 0.305112833942913
-0.00860540068628587 -0.00064332988858146 0.00868797229725164 0.0412753568311401
-0.00834459407715987 0.00397152535653183 0.164608138898019 -0.238652020358796
-0.00542729944760332 0.021571348818481 -0.201426891054461 -0.450238291936265
0.00614581266049266 0.00817305700699355 -0.50348013654476 -0.0265920836370997
0.00467371226477965 0.000361235161962216 -0.137224876462995 0.367356892570628
-0.00652664229282672 -0.00320910640761173 0.179928630717516 0.21666520988709
-0.0037583191630243 -0.00283503134303092 0.179405127796584 -0.0104180268738902
0.000137710620840455 0.000596095923976224 0.0469574457208306 -0.121889076497661
-0.0108027330962634 0.00421210242406981 -0.0404373925295847 0.0819662732056901
-0.00550913985702471 0.00252900827220535 -0.134815547470251 -0.0071845793643376
-0.0153603008803547 -0.0135193055961067 -0.153823774030254 -0.181509112426801
-0.00456990566751429 -0.0171417826581235 0.114259006292015 -0.316974687277388
0.00535827157416674 0.000552350238710602 0.429855995922445 -0.0218966837754477
0.00396630272260233 0.0170480117906513 0.230104779799034 0.384359696919571
-0.0113386092535911 0.0119372523252719 -0.1299674356598 0.307597845954062
-0.00823625084680837 -0.000163295558893257 0.00705980898609508 0.0429881070606889
-0.00672174453420438 0.00534134185145014 0.158572391847536 -0.238415215710629
-0.00351353595870972 0.0240424833079399 -0.212093955535278 -0.436847511465555
0.00590109998145559 0.00956939297258367 -0.502921131537463 -0.0069330089815741
0.00236633796632049 -9.46693384312088E-05 -0.124037833136616 0.374242243645859
-0.00591829113679124 -0.00531227962296959 0.186359814607693 0.212726825627051
-0.00217720008582534 -0.0021647753486838 0.18127458543252 -0.014369863596901
-0.00208042520766807 0.00314215265687194 0.0472857613960183 -0.122758718276205
-0.0120883914284965 0.00536040670465062 -0.0404635747795559 0.0805772561381584
-0.00289751958547236 0.00313500782228925 -0.132391336387525 -0.00949619006470599
-0.0131771567146633 -0.0137367437629003 -0.147691563647895 -0.186082972642513
-0.00526598104407121 -0.0164156953232153 0.123581234278116 -0.312352985350999
0.00512822053141793 0.00149760034214908 0.430068678942184 -0.00453608119325072
0.00529824479377299 0.01689213704574 0.219542270963506 0.398415519961645
-0.00989103549199563 0.011477676641074 -0.136877181255918 0.309339051630371
-0.00635832423341664 -9.38825831389407E-05 0.00617488996764115 0.0445312302426268
-0.00515078430115878 0.00532077400697368 0.15261195388098 -0.237607918017056
-0.00201084570487043 0.0239115298501896 -0.22363284949583 -0.427042075775033
0.00498099332973941 0.0108091095025161 -0.502342050293381 0.0118524810754437
0.00110538888156112 0.000596627580593867 -0.114136315701286 0.378522262123174
-0.00432218766890732 -0.0056166410178559 0.192934289268518 0.207256297440748
0.00102814412939141 -0.00057655782059306 0.184163129710494 -0.0172479636729519
-0.00248257237197237 0.0037757829857274 0.0474640782125061 -0.124324260266153
-0.0114418493422261 0.00552260607764058 -0.0407457015280848 0.0787515176174391
-0.000121882296534669 0.0043985213283455 -0.128790917386915 -0.00986722827348214
-0.0104362771385822 -0.01224533571209 -0.14355737732607 -0.189403880628765
-0.00571311466156397 -0.0147091501217253 0.1278309346534 -0.308133780173439
0.00370520981792782 0.00132427469760195 0.431153405891881 0.00762187660049679
0.0051959162787257 0.0148143268541503 0.21436588629623 0.406551406190104
-0.00818490304241967 0.00994815007540164 -0.141233153810261 0.310006590479518
-0.0047658036324764 -0.000685048413078342 0.00542363941460898 0.0454595410196618
-0.0028821277660297 0.00431882407985868 0.149912575512556 -0.236086656857543
-0.00128946122587267 0.0214194862204449 -0.227659880649689 -0.417818998380003
0.00321765613876652 0.0106007634252426 -0.501505619187108 0.0222482208981886
0.000444095261533699 0.00266176755604051 -0.108725798327581 0.381054661763087
-0.0012737011553479 -0.00394825075866877 0.196468729682988 0.203826396861942
0.00465803434555221 0.000418400431818586 0.186801780105914 -0.0201045114587363
-0.00191590375659184 0.00465850114498156 0.0471893851912556 -0.124106526434674
-0.00970722815201216 0.00520702067148271 -0.0409372453500863 0.0794030875696981
0.00277368506421995 0.00598187627374573 -0.12693753421811 -0.0103575452839363
-0.00747540530852041 -0.00830477118049444 -0.142401793032053 -0.19173698062856
-0.00601472248246303 -0.0118769680271353 0.127853356162653 -0.308016167482354
0.00182844424758059 -1.34029470688704E-05 0.430475805556582 0.0135588368774771
0.00607745351039296 0.011571637627956 0.212382390520571 0.412188141551586
-0.00654610826881803 0.00831079632960783 -0.140274215449614 0.31296530749016
-0.00365476944578947 -0.00179300430143423 0.00585150345412239 0.0471754908810592
-0.00166913740436815 0.00161419622767286 0.149089319986023 -0.235552755790999
-0.0015233747138323 0.0181709946498151 -0.231328765920505 -0.413205582562029
0.00040236954892493 0.0104734031979864 -0.502067527095531 0.0316863680212164
0.00127204751380714 0.00552752973310458 -0.106784681840568 0.383402410955723
0.00288089975529258 -0.000373622918747482 0.198882757049975 0.201438484364562
0.0087258654793957 0.00215809399252071 0.188668757310454 -0.0210979694909992
7.32812654210976E-05 0.0041480561260333 0.0467708229094025 -0.123924749174107
-0.00750055099451556 0.00407823665780514 -0.0425101010971376 0.0797871712642627
0.00511838804993724 0.00737213183547874 -0.12539499360657 -0.00830365279469089
-0.00483019555661657 -0.00296260823084089 -0.141912735043155 -0.193409759444015
-0.00591536992155092 -0.00813906539377187 0.123824243550899 -0.309274561358878
-0.000895618405546982 -0.00129152638093266 0.429602498451901 0.0126054695638183
0.00552441148975332 0.00709151192116644 0.217578896805995 0.41138071823716
-0.00480989537306588 0.005299550639547 -0.137208694929947 0.313898593358617
-0.00254027774089112 -0.00311503772249969 0.00656775870584478 0.0477477837233838
6.00334102391405E-06 -0.000835069268701911 0.150890939221103 -0.234185752082647
-0.00214625138069062 0.0130854912183037 -0.226096340128481 -0.41402262997644
-0.00190778251819547 0.00889830500765204 -0.502001662462546 0.0282296499548967
0.00213380493059104 0.0091531308827662 -0.111601084791386 0.38250249626903
0.00683534803647466 0.00445922853308754 0.19792128389075 0.201370396500511
0.0112516166296307 0.00287632414019868 0.1903657392726 -0.0200432326334816
0.0021122393485402 0.00215970973786587 0.0456578003037266 -0.122021929646102
-0.00405530120049972 -0.000627382757324796 -0.0437506411461553 0.0903110230512844
-0.00767686452690444 0.00371519285661563 -0.141128835227631 0.00511917681512979
-0.0135429212634346 -0.000484951487579214 -0.174309296544197 -0.17081610463235
-0.000420062895139861 -0.0109088070170229 0.0777276990707874 -0.333532523316875
0.00210622089032203 -0.00602732242143105 0.422230981091142 -0.0749245000625754
0.00093446790146035 0.00619749477825538 0.266754625256941 0.34965442071669
-0.0122556426434997 0.00626377969072186 -0.103087589585297 0.305933552372811
-0.00920259433086947 -0.00320383621501081 0.0121457225516335 0.039154095987254
-0.00802354446863939 -0.00103458921402557 0.176334722745404 -0.240750134264273
-0.00823524815030563 0.0126038808194304 -0.179108902690313 -0.467983703668603
0.00295490338617763 0.00367479810217248 -0.509191775893353 -0.0535188223243474
0.00792900224249167 0.00587761435708936 -0.158176887542237 0.359107698991732
-0.00279615962224812 0.00723305944395562 0.171296490090967 0.22177274550432
-0.00381297211206152 -0.00220207164575216 0.178683056222599 -0.00511874599298889
0.00636708832952185 -0.00382367134449225 0.0447841588449511 -0.118880287053898
-0.00677703743251678 0.000812961206634774 -0.0428116399309143 0.0881530985996581
-0.00846309792808359 0.00284417115231693 -0.140231804008583 0.0021038630049398
-0.0156563395727659 -0.00592790503456193 -0.169821439242814 -0.173071771298684
-0.00212563323191091 -0.0140875281300957 0.088974899111654 -0.330749888325418
0.00399370590288515 -0.00340451354528059 0.426096133091268 -0.0626268097934116
0.00238939173715555 0.01076079985584 0.256855480666584 0.359453937409397
-0.0125238294173224 0.00889456719350552 -0.110648791177139 0.307111710511825
-0.00918616799003849 -0.00176438532413832 0.0103520668379949 0.040123856276043
-0.00846858411783945 0.00206970941549575 0.170671199028137 -0.24059754105282
-0.00737535335033357 0.0174793232024974 -0.190968017824505 -0.459292541218943
0.00495334626137628 0.00597051312214875 -0.509311719732273 -0.0391678428798778
0.00631395900860177 0.00257157809377776 -0.146262877814921 0.36471734178867
-0.00513279937145741 0.00101023401284716 0.176698048555301 0.220154008892437
-0.00464086142320234 -0.00292558381179038 0.179164627923604 -0.00835947691368422
0.00293080778351459 -0.00148203350006229 0.0454459914631474 -0.121171189339395
-0.00931561567542448 0.00297700608185242 -0.0415709876694642 0.0853400838302681
-0.00768562191343318 0.00247734146227111 -0.138592400037593 -0.00150011989384527
-0.0162918957909281 -0.00994048700730595 -0.163221913435405 -0.176509619533953
-0.00337244320181784 -0.0164260367484234 0.100651486210071 -0.325368514113654
0.00521801927083964 -0.00138860432282951 0.429472119500607 -0.0451507158446537
0.00341739307758053 0.0148457534766994 0.246274244645887 0.372374344704331
-0.0119961468933211 0.0106109249740285 -0.119748055938598 0.308385692712433
-0.00865887433178831 -0.000627484853802609 0.0088863867809595 0.0411550867147141
-0.00805733033433371 0.0040670910986533 0.162863941194993 -0.241719677894699
-0.00473870586941891 0.0217876149412498 -0.206453989174446 -0.450548155810517
0.00592028355468802 0.00828220416764672 -0.507459324983402 -0.0196596224210419
0.00479619449650166 0.000470994334562417 -0.133438578810792 0.371442310848008
-0.00619899267234919 -0.00338724556173209 0.183628685793486 0.215136348209463
-0.00391249582142211 -0.00292319953108884 0.180311678092232 -0.0125438489177155
-0.0002228685715715 0.000979856992267025 0.0457812131153627 -0.122689956043237
-0.011286539394365 0.00465068438793119 -0.0406114168841752 0.0831073566650757
-0.00589282117160623 0.00282669082700863 -0.136418356084309 -0.0052123679453583
-0.0149959324094162 -0.0129019943275182 -0.156846259447713 -0.180506996598391
-0.00463874973915305 -0.0169724444542142 0.110853334388736 -0.320391329935776
0.00565037899208221 0.000488750491681451 0.431700008326038 -0.0279385277041418
0.00479800614530629 0.0170628879378544 0.236340969891226 0.384008346320182
-0.011273744198188 0.0112297564591078 -0.126948230402859 0.310837017785156
-0.00812908021472056 0.000129461304356754 0.00711521328194337 0.043030623749028
-0.00693377900140521 0.00527827687773178 0.156102851044233 -0.241774392397345
-0.0029022330194258 0.023916112485398 -0.218421035959267 -0.436700658008399
0.00627135949589551 0.00970644890314051 -0.506465884175997 -0.000185371827042933
0.00246004487683834 -0.00036729942876996 -0.119923829163743 0.377287479131665
-0.00604681284593769 -0.00538408885648001 0.190626812502694 0.210900587728246
-0.00207597916771204 -0.00238737799098909 0.182854867967101 -0.0165423162521684
-0.00192949959670915 0.00244344074954118 0.0464676156524627 -0.124544938218965
-0.0118605923276238 0.00562991376534007 -0.0403280674744638 0.0804998268772784
-0.00333032360500791 0.00332698630215312 -0.133563866554686 -0.0075644849672283
-0.0133061060821218 -0.0138568584362943 -0.151746350655426 -0.184749280336526
-0.0054068532019319 -0.0165912010983627 0.119598260679245 -0.31625498284249
0.00487572800000434 0.00133615668385984 0.433110094976354 -0.0101632889354767
0.00573649323790761 0.0169777081270131 0.225603982478018 0.396622778347953
-0.00954017224705828 0.0112798107362015 -0.13333315830346 0.311548289744408
-0.00637287449467999 -3.463462058755E-05 0.00608582028907702 0.0444262185309509
-0.00487999313114073 0.00563032260955581 0.150562137510908 -0.240715043788997
-0.0016868520427419 0.0240674234564171 -0.228860414174099 -0.425319612511871
0.00486897496865412 0.0104784876674323 -0.504176368306728 0.0183425896458217
0.000997148463640143 0.000174652821614709 -0.110044479350517 0.381903506483182
-0.0039045829159404 -0.00623562888930068 0.19628998582285 0.206131757044675
0.000838633122199808 -0.00114586042293674 0.185003473754354 -0.0203391013987921
-0.00241641443105735 0.00413071505284146 0.0467466995750576 -0.125706768837815
-0.0115080065448315 0.00631540528811265 -0.0403270919205706 0.080251607964521
5.36192014110074E-05 0.00438699706888439 -0.130199526595197 -0.00872644639642032
-0.0106583377654548 -0.0121236333887412 -0.146978258965975 -0.18830624100572
-0.00589500318153894 -0.0142272068278214 0.124525036947523 -0.311993184516338
0.00363123943056875 0.00132454736324701 0.433807409028853 0.00314076041453704
0.00627469919006152 0.0151402220658625 0.219545930670918 0.405530625945902
-0.00769660297931106 0.00991713392617612 -0.137880443562192 0.313370604756984
-0.00463599883652179 -0.000842771030944352 0.00559197972583584 0.0461445215067597
-0.0029666919963356 0.0040732714341613 0.148250893761569 -0.238952537636677
-0.000869908824302074 0.0217102349371981 -0.234335416150912 -0.416917180458557
0.00326792267025145 0.0107668923356307 -0.504302169913406 0.0309920167444389
0.000900655726981479 0.00249673260658636 -0.103998690679729 0.384851094640665
-0.000737924308681509 -0.00409428147059922 0.200320963642742 0.202698971198851
0.00444971560002792 0.000544289570221091 0.187316407085461 -0.0223888881860563
-0.00208039461491603 0.00453905375159005 0.0461216236145613 -0.125747991675769
-0.0100270743722674 0.00559807257801796 -0.0413379945958864 0.0803767243538623
0.0028938747464081 0.00588147484088702 -0.12836057693123 -0.00801729043627648
-0.0077622973314045 -0.00781665740733191 -0.145428912781758 -0.191097502280801
-0.00624354074118842 -0.0114468058464155 0.124421215905462 -0.310648218870279
0.00164674560239993 -0.000217698230218649 0.433378505653822 0.00849720106891642
0.00638435136998117 0.0119310304969806 0.218979280806231 0.410916775143221
-0.00623021581656004 0.00773814085299968 -0.136877018724537 0.315169186249129
-0.00410625102071852 -0.00204191337413431 0.00588636123228501 0.0467697354020236
-0.00137327318662965 0.00201468550261561 0.146875189183934 -0.238592316745441
-0.000747820538929297 0.0179760583757862 -0.2382205218283 -0.413028645838063
0.000552131890632497 0.0102872576997367 -0.503264937145695 0.0385377158094853
0.00100163223385309 0.00554387813160729 -0.103142140153658 0.387020389659196
0.0032081789525455 -0.000477138833235949 0.203120642428991 0.199723464853799
0.00861364282852764 0.00156974911934126 0.18949579541132 -0.0236708140783821
-0.000609579148799461 0.00391580454614621 0.0455477836829229 -0.125153291883194
-0.00727803666398012 0.00493861628522625 -0.0427597389531079 0.0805111078906565
0.00517677286202767 0.00720359613342008 -0.126876383840995 -0.00709063971268649
-0.00506715497003862 -0.00277437117979686 -0.146227766081548 -0.19189936860908
-0.00597286421703947 -0.00827034515044333 0.120223420781935 -0.312001545908739
-0.000672805541168157 -0.00168234886846155 0.431453607694203 0.00741047080472054
0.00579792869951387 0.00704422317296167 0.223660342424024 0.410606714496007
-0.00475097281064604 0.00556171864637943 -0.13398288901583 0.316467966736162
-0.00312083881537014 -0.00280947193804676 0.00720796884474609 0.0475689919105093
-0.000124585935142714 -0.00094133792138334 0.148869866365836 -0.237149818064836
-0.00219160169667889 0.0129793867331231 -0.232204528068117 -0.413792106527509
-0.00186604372892664 0.00944539371142682 -0.50516239294596 0.0359459336451708
0.00220193473590961 0.00946011941614946 -0.106849546479521 0.385860270042198
0.00671750896242722 0.00387483382875621 0.201464886466472 0.199692102724223
0.0118940051877735 0.00308161549796867 0.19132574539583 -0.022344521165658
0.00179265717330419 0.00208303986779864 0.0446600511976185 -0.123796269260392
-0.00386028985452899 -0.000638119631840076 -0.0440568925721476 0.091115731838013
-0.00767804011270903 0.0036745807078277 -0.141565997187517 0.00722362773362776
-0.0135756870813786 -0.000193770515949722 -0.17811491007492 -0.168688893997389
-0.00090921691986977 -0.0110309890505628 0.0727128172032283 -0.335889749526944
0.00231621370463406 -0.00614358311414136 0.422311475615756 -0.0824627380491716
0.000923151593761299 0.00638245899283458 0.272184138175248 0.347904239960995
-0.0118153470916328 0.00647925183046391 -0.0993032176328387 0.308091008316482
-0.00912127801329274 -0.00291233333320598 0.0120428303381997 0.0397564296493149
-0.00802639454278366 -0.00137704234758836 0.173839341468327 -0.243047418460695
-0.00814412534936334 0.012810165011797 -0.186199237926411 -0.46534776073581
0.00281729212863618 0.00372167329989672 -0.51338048774178 -0.0465341796593177
0.00878981793029154 0.00582417268546466 -0.152912164410872 0.362601523564428
-0.00254581476226582 0.00717053512922811 0.175532533218749 0.220165169034335
-0.0037021411621218 -0.00225662023079512 0.179452258221288 -0.00775916550551492
0.0055757007087583 -0.0042035465677181 0.0439620463197659 -0.120420840215799
-0.00685560567213325 0.0013883027462068 -0.042606752683001 0.0887313511656348
-0.00852341352421623 0.00297695747048116 -0.141693499798616 0.00390932600378243
-0.0152282299226533 -0.00499565481929407 -0.173180448224006 -0.171181281943931
-0.00250855796004886 -0.0143823732382615 0.0839980804756078 -0.331878720492346
0.00403801908322171 -0.00362485255902776 0.426004177641843 -0.068537083787978
0.00217781967789214 0.0111421485654017 0.263658214107013 0.357372960261291
-0.0127504546170441 0.00888054169259461 -0.106326139027903 0.309452043055372
-0.00937016651563903 -0.00153098822295238 0.010768269964386 0.0402097116283684
-0.00869255963199386 0.00135632287686177 0.168429339740772 -0.243455723212884
-0.0061393060475116 0.0179409236409068 -0.197570269493175 -0.457152413592558
0.00540999424392082 0.00606855744272023 -0.510757037814418 -0.0326156225924755
0.00700841200616358 0.00263238927957647 -0.141642528410201 0.367895394084277
-0.00500166596224207 0.00140483309391499 0.180433668977555 0.218008623391814
-0.00475064563568305 -0.00312463878205636 0.179103943894623 -0.0113829235121639
0.00233732003540357 -0.0018293050617292 0.0439888798989428 -0.122113933974165
-0.00984252716057591 0.00309464962743899 -0.0409213738269303 0.0866974827845001
-0.00770852878510202 0.00267447759988602 -0.139717691952324 -0.000293141869769248
-0.0161865867147729 -0.0100827437370947 -0.166795038270366 -0.174454164920832
-0.00387624555093045 -0.015835213388346 0.0961967000376129 -0.327305781168797
0.00508009444861541 -0.00132293303939783 0.430060888093542 -0.0520685274017507
0.0042971584831201 0.0146575196866255 0.252343372080065 0.367763203828096
-0.0117856783014655 0.0106712468140946 -0.115920733986949 0.311058919722895
-0.0087458841129158 -0.00069997443994164 0.00935166803222601 0.0414425646005306
-0.00777245864955215 0.00412695699088607 0.160677626766578 -0.243121794019897
-0.00439682132398221 0.0216752012008779 -0.213391573885871 -0.446574035333973
0.00653532591013684 0.00856250173570763 -0.509053504255326 -0.0133597392190336
0.0050333310630356 0.000223216074516532 -0.128544560354004 0.374029576195326
-0.00617531172420316 -0.00298947273840935 0.187829808559832 0.213157616532712
-0.00414037411653181 -0.00276470637566141 0.18058009431104 -0.0152733714886946
-0.000279554852327697 0.000828483353205682 0.0450822898930316 -0.124638780424959
-0.0114442621304698 0.00457966290014549 -0.0403384574908867 0.0841150509540685
-0.00594918570387417 0.00240413475830177 -0.137188078458648 -0.00293695887920089
-0.0153517047977986 -0.0125002056401982 -0.160550105245142 -0.178690529181143
-0.00476159866765541 -0.0168742165430964 0.106790642058694 -0.322898404189963
0.0055966220617587 0.000212721305098288 0.433413087687613 -0.0342265725029827
0.00532942503343395 0.0166779980983523 0.241177145110395 0.379367135864502
-0.0110853625663451 0.0113013292047395 -0.123350947084244 0.312222262782851
-0.00753912604064295 0.000143824039538975 0.00811219112975731 0.0427325485995839
-0.00675191949416038 0.00571196527149117 0.153666844292488 -0.243839861702946
-0.00234000945580445 0.0242717678388953 -0.225471884277078 -0.434169494063789
0.00649542828146977 0.0102637509197696 -0.507051138148546 0.0062291310696688
0.00277011210028079 -6.32798607322869E-06 -0.115511023452427 0.380164295141031
-0.0056602441014753 -0.00572601437569762 0.194201667920654 0.20842017946764
-0.00194635915967899 -0.00228290246194508 0.182753601449511 -0.0190664650339208
-0.00182906801151025 0.00299900058129124 0.0451121082579163 -0.126159364624011
-0.0118344885446 0.00587241422292909 -0.0399246911149334 0.0822553290236686
-0.00319136481064682 0.0033820435901653 -0.134303303719066 -0.00493687039347224
-0.0134008260686131 -0.0132218666133321 -0.155158773999795 -0.183195089088717
-0.00588305403122772 -0.0163582930683336 0.115864397993778 -0.317511593906704
0.00519956574217213 0.00129411374213518 0.434544067377636 -0.0162874338696942
0.00583645574778882 0.0172214497940026 0.232223768774249 0.394386462657096
-0.00916597046336157 0.0115074797217926 -0.129474178959596 0.313730447235126
-0.00675087311697316 -0.000162604372184883 0.0068348768844581 0.0444606351051296
-0.00470895757596218 0.0049695882792436 0.148624414399346 -0.242859771524581
-0.000762028662159524 0.0241789288261135 -0.235186824778475 -0.424322985442796
0.00528107422587101 0.0111095089811485 -0.50534080417802 0.0264099240382255
0.00138508920229351 0.00026764595887825 -0.10537033048107 0.384891037487091
-0.00380415853317984 -0.00572782955894243 0.199648614941572 0.203660293503629
0.000829831127422488 -0.00107753438640145 0.184851192164899 -0.0227155894504347
-0.00250785832313189 0.0038904096952321 0.0456415121198018 -0.126137039739842
-0.0112132534653993 0.00649528078690821 -0.0401541704256887 0.0820766958249726
-0.000180921161797032 0.00450888482893091 -0.13174706363746 -0.00678223279333071
-0.011004768506407 -0.0116784887919446 -0.15042576639824 -0.186759383725638
-0.00646706467310783 -0.0143486622467513 0.120419214928119 -0.314447066611969
0.00374059011259303 0.00104779517210169 0.434825558042019 -0.00343155403548081
0.00663358672866341 0.0149411270219638 0.226828644078176 0.403805711449936
-0.00765849469325148 0.00994191591152956 -0.133580515077721 0.315087481200524
-0.00501909902367749 -0.0007776633740939 0.00628764740100732 0.0457527491079652
-0.00325904629737582 0.00406357983077202 0.145699585632767 -0.241434899060113
-0.000228722195297183 0.0217640332436058 -0.240461734811147 -0.415356982934577
0.00320743042663098 0.0110620978863668 -0.504401233139423 0.0384784890792879
0.000902223765819036 0.00294024009111935 -0.0982817841429013 0.387703772974987
-0.00101521382755861 -0.0039176289125685 0.204126198575509 0.200115521097577
0.0049152122189136 0.000409161065757257 0.18774088513315 -0.0254166379036652
-0.00228538282071652 0.00425722273503962 0.0448394402936211 -0.126756251920398
-0.0101007409584203 0.00621976765241463 -0.0407280166722467 0.0812884103206748
0.00265477951886705 0.00580515345523984 -0.12966798796268 -0.00637905651144273
-0.0077559854790043 -0.00805650699592052 -0.149491643709848 -0.188807691488822
-0.00641312030188372 -0.0116654404113716 0.1202479034256 -0.312906201380553
0.00163242704194247 -0.000291768744180297 0.434851542618737 0.00204473128639706
0.00671898791013091 0.0116096076206327 0.226038387744394 0.408274561512173
-0.00600178386510552 0.00808769482895799 -0.133753606643237 0.317989017979732
-0.0034139499241144 -0.00218063928201254 0.00694552820011509 0.0471129664391594
-0.00123071460943725 0.00230512936609544 0.144136101872973 -0.240873291066643
-0.000472620762796172 0.0181846249592293 -0.243987452916167 -0.410847470750147
0.000557814738719544 0.010183748129595 -0.504974055022769 0.0458949417138933
0.00134722694890572 0.00520654521465682 -0.0973843863120515 0.388837821270175
0.00289981816140695 -0.000738081854449746 0.206192238826754 0.197498580700472
0.00812578238081216 0.00147633361253075 0.189474340844506 -0.0269727447184716
-0.000433827985731281 0.00388017589050055 0.0438785047124911 -0.126607152230558
-0.00745831895811283 0.00468808660115875 -0.0422065075118067 0.0820175126241287
0.00520311660366818 0.0069570458438285 -0.127969143986394 -0.00514137618130979
-0.00507019880292863 -0.00255796067569653 -0.149553917131329 -0.190541379085816
-0.00598574636089213 -0.00799359258309147 0.115599168213666 -0.314610692632703
-0.00114163475992039 -0.00167946505018494 0.434069042163091 0.00153793904182095
0.00602711172384469 0.00673377077876623 0.229287861862222 0.409177672065129
-0.00475082242499615 0.00588052672389426 -0.130520128696357 0.31893393312023
-0.00324660923808576 -0.00322490085321881 0.00716293703508095 0.0476212514956255
-0.000214313406724392 -0.000954530011784676 0.146446154166084 -0.239630501374881
-0.00136452580631174 0.0135524266849065 -0.2388956625474 -0.411146775064017
-0.00175020017037197 0.0095125014670484 -0.506012371034804 0.0439883494528133
0.00243877327346942 0.00906313787436317 -0.101869705337115 0.388402278017206
0.00723934255730251 0.00405317535879922 0.204864844352103 0.197027393345386
0.0121485829992588 0.00298971366056009 0.191625917334585 -0.025810431435344
0.00199382884974901 0.00185964990731789 0.0435513637173928 -0.124563215877243
-0.00429409518870605 -0.000553995269232461 -0.0432053940662532 0.0924075722288897
-0.00809632792975469 0.00353545183884523 -0.142817838460129 0.00953504888366071
-0.0131882278862036 0.000372728318165906 -0.180717017957685 -0.166521414740273
-0.00116082833094931 -0.0106419301137418 0.0679449960502018 -0.337189710728981
0.00179715161097837 -0.006061766315346 0.42148991382684 -0.0884434356655288
0.00130827515188002 0.00597146353318708 0.277329383956113 0.342465394027646
-0.0119378234656448 0.00608365849919381 -0.0945568546296073 0.309853910456607
-0.00928302747891065 -0.00324480586225256 0.0125768738505762 0.0392901409174383
-0.00771080505755796 -0.0011740416409914 0.170564815596638 -0.244978623512202
-0.00794779968853579 0.0127347650876849 -0.192496379425603 -0.463055089901457
0.00304191864202093 0.00376910491848164 -0.514720611846122 -0.0405359394755494
0.00836740260279937 0.00585811836602333 -0.147723365120948 0.365709571305232
-0.00259037581518817 0.00698705254921514 0.178090480983663 0.218052272195869
-0.00429292368457206 -0.00199187975086045 0.179747606567668 -0.0102825815975556
0.0057002351513273 -0.00479665842985302 0.0421507076480127 -0.12136236974452
-0.0071347035914174 0.00103960997739294 -0.0418484064814674 0.0900423095833105
-0.00825516925840442 0.00308114434477758 -0.142262587040552 0.00548477849642035
-0.0155420987290666 -0.00487696678964004 -0.176450836911133 -0.168404674905255
-0.00271266180562023 -0.0137341785932569 0.0790345487918415 -0.333489859579313
0.0038172472917971 -0.00387045814425736 0.426161407291487 -0.0756458346690197
0.00310422389206784 0.0109433005522539 0.268630280513686 0.352437533425813
-0.0124326530888257 0.0091959207846805 -0.10238289273658 0.310579582478621
-0.00916902437271164 -0.00131362906340099 0.0113180006574437 0.0398542406638014
-0.00824760020424966 0.00178654964107983 0.164562054250639 -0.245683842178864
-0.00595422415107379 0.017759685043745 -0.205120588080917 -0.454692605945932
0.00517869189295358 0.00646888790241317 -0.513614457466085 -0.0248963441258895
0.00692692834954463 0.00235496550083436 -0.13658988870028 0.370165372439389
-0.00539285983169105 0.00141333236858355 0.183530029971523 0.21516576997609
-0.0044983905966268 -0.00321774976773386 0.179720190090575 -0.0139886315338683
0.0024645185852938 -0.00167218132639515 0.0429418086609787 -0.123328424281453
-0.00958155813289668 0.00334373944102179 -0.0407481711836074 0.0871838587069111
-0.00794404740524554 0.00267205839566219 -0.140691606646719 0.00205158416797868
-0.0161016394915576 -0.00950887025121493 -0.169775407968898 -0.172584598574939
-0.00411217167039469 -0.0162480087252045 0.0911313501849197 -0.329462757684366
0.00493732685139839 -0.00162863190444199 0.430060341065962 -0.0575637565736829
0.00420589455937263 0.0147592964110211 0.257188886799195 0.364820516455759
-0.0116132054694614 0.0106485403033927 -0.110910461486319 0.312221490231979
-0.00866054694300716 -0.000780174733583782 0.0100008542882362 0.041121320774035
-0.00758047657592185 0.0039844491201709 0.15780789808716 -0.246039603526189
-0.00363915197563406 0.0221439994914866 -0.218613185342524 -0.444460420220608
0.00682541637313794 0.00792469637554838 -0.509860583227204 -0.00553840182801123
0.00521543290496603 0.000294908167158721 -0.123887339716031 0.376088328433605
-0.00584662464476722 -0.0027878054459379 0.190593233396727 0.210187656776668
-0.00420877209426528 -0.00308544343967729 0.180938855802656 -0.0184140200887396
0.000125015737294247 0.000322116191545938 0.0438455977549513 -0.125246926565668
-0.0114980816178518 0.0055251385331591 -0.0392577946226215 0.084833897123983
-0.0056691449354753 0.00252461712730657 -0.138466697338025 -0.00115040958034412
-0.0156200565345276 -0.0124346284620539 -0.163093877990553 -0.176439972116719
-0.00501302349866592 -0.0167041780495941 0.101547934770693 -0.324489956311699
0.00550112306494114 0.00011465458355389 0.433256099766064 -0.0404448318944273
0.00543645215695786 0.0164178633483123 0.247054531403925 0.378079779667122
-0.010637729337766 0.0116663107108827 -0.118574664810059 0.314585503180734
-0.00787889126068433 -0.000141020035062885 0.00785705477495537 0.0426652697468875
-0.00630871784653963 0.0050711602620262 0.15075994123903 -0.246043237349029
-0.001462893311346 0.0241053979256977 -0.23063787749012 -0.43166884006605
0.00671340082077185 0.00967419974170454 -0.507421568752297 0.0141246043839366
0.00287980254436663 -0.000311966200099097 -0.110482114250055 0.382167264018339
-0.00539297337253939 -0.00538190650027168 0.196945673385278 0.205835454126936
-0.00222551323935966 -0.00209610623574466 0.182299760555093 -0.0223763750707241
-0.00185221729662768 0.00238448218922523 0.0431507894022866 -0.126882752251858
-0.0119407364545523 0.00631380673632033 -0.0393439187476521 0.0832931885835357
-0.00301787088080308 0.00346458634744396 -0.13607422148257 -0.00403773475672478
-0.0133808089970901 -0.0131631190504679 -0.158110054261836 -0.180505034831445
-0.00562179207323984 -0.0161255347639581 0.110369179458874 -0.320073789047403
0.00507319260517048 0.00150490145524039 0.434391513746335 -0.0221292158487672
0.00637978773353934 0.0170951059932593 0.237755032718551 0.392068658412139
-0.00889937449614427 0.0115163056187824 -0.125041105930551 0.316322187562297
-0.00666775599341349 -6.77789579744415E-05 0.00743524584353254 0.0437101627973734
-0.00475032402651412 0.00501715216363567 0.144934371853753 -0.244552010617104
-0.000237329865907474 0.0237439109015406 -0.241287732778962 -0.419940106380937
0.00570835036265653 0.0107481910025001 -0.505978943680835 0.0338799722635664
0.00155465717152888 0.000475361635917734 -0.0991814803895816 0.386378115455826
-0.00368258577552378 -0.00611835537805603 0.202605174692983 0.201132849097962
0.00106124628271079 -0.00112898108678131 0.184935217891451 -0.0262150489085126
-0.0025641147113652 0.0038333833559332 0.0436009935751719 -0.127733652069224
-0.0116218840778513 0.00688469408036404 -0.039847016246275 0.0823553771501509
-0.000322916342878986 0.00429995792414934 -0.132751063997502 -0.00516649460802562
-0.0105451535937936 -0.011588486092629 -0.153798649346851 -0.18511989169375
-0.00650868942551798 -0.0144799183348525 0.115851023833215 -0.315892865848022
0.00327077489405905 0.00122105882628478 0.435500087480951 -0.0100678690114064
0.00732008510605398 0.0149507460240482 0.230925058558867 0.399255560547998
-0.00736740157873144 0.00979905595142805 -0.129692499827975 0.316975035001566
-0.00515612150443667 -0.000945083019812769 0.00670020816746335 0.0457079162416077
-0.00283688560577596 0.00388327504883455 0.142453585325144 -0.243664905012669
-1.24382580752049E-05 0.0218693080649548 -0.246792383411855 -0.411585005866194
0.00358454296639233 0.0108203236857004 -0.505189421514226 0.0441821055928794
0.00089020607088517 0.00259158919126955 -0.0933173524709265 0.389698117836877
-0.000614034543348822 -0.00401578935378204 0.207451303571679 0.197744624476693
0.0046185344714716 -0.000134762853190549 0.187553281561954 -0.0282929712609217
-0.00227225513498496 0.00460777526204345 0.0435068842261203 -0.128202248163278
-0.0100019216708552 0.00656232521505912 -0.0402607329114063 0.0819332549552032
0.00277834663489166 0.00563145212847473 -0.129785900317359 -0.00438712856130548
-0.00777080737319428 -0.0078081458179573 -0.152008709443239 -0.186771767227571
-0.0067079015400622 -0.0112082274931152 0.114705118719999 -0.315179498313721
0.00144597065052751 -0.000199024352673262 0.43560723145142 -0.00481847247437087
0.00703706227152315 0.011431591114558 0.231682350612302 0.405280624419998
-0.00610657691446536 0.00823442909412115 -0.12850894156241 0.319429494041642
-0.00402017949415382 -0.0020278604551295 0.00710939955917634 0.0468215041936355
-0.00174692609114813 0.00154650574531251 0.141417892561939 -0.243298953472051
0.000191222180162826 0.0184675250400531 -0.248459702979767 -0.406571873755258
0.000976720736029259 0.0108065737608899 -0.504332768000383 0.0531905875365726
0.00117048046717446 0.00554975829018649 -0.091247613786014 0.389777541761802
0.00254044280407369 -0.00095245103679563 0.209169623532791 0.195065966673884
0.00832805011719728 0.0012472412336725 0.189154714114186 -0.0297093154988027
-0.000817153452143836 0.003968739326006 0.0428850378122972 -0.127437446172169
-0.00765452221533035 0.00534055779281235 -0.042045312693296 0.0825377881101193
0.00542581348295038 0.00698753318886802 -0.128695591408713 -0.00295707580288492
-0.00474178601865854 -0.00232423592459998 -0.152692793500628 -0.188759451594913
-0.0061965406381279 -0.00732804136911215 0.11117211309522 -0.317233103950778
-0.00071808061183268 -0.0017897398981417 0.434379926274934 -0.00558550491577551
0.00646765183561995 0.00667394362314842 0.234536071319979 0.404807935531193
-0.00437850162707074 0.00544010563682794 -0.12538362947687 0.319811535235063
-0.00349067768225731 -0.00325372778467503 0.00792047918562247 0.0472188957535222
5.68246936790417E-05 -0.00154379056908823 0.143817229748451 -0.241716866772577
-0.000957315444575499 0.0129571567186445 -0.2446594365587 -0.407958013155176
-0.0017616092818945 0.00954625219284118 -0.505389680300386 0.0511834299194283
0.00249968397954369 0.00898421696701283 -0.096704024847495 0.390227436806079
0.00732502019302225 0.00381069176347927 0.208671913969922 0.194012462017805
0.0120649932770737 0.00252696075385649 0.191090435129527 -0.028136675804338
0.00212969780507344 0.00225206822580589 0.0423035028052617 -0.125965271412973
-0.00418066388297929 -0.000514040955701767 -0.0420451373379534 0.0928129416532542
-0.00782521549780815 0.00387251385588791 -0.142835845200888 0.0120414340270954
-0.0128758254526789 0.00051275153623139 -0.182852511420584 -0.162839268827804
-0.00120807795736192 -0.0103658740868845 0.0622730155562959 -0.337994001757884
0.00182311858359812 -0.00560436907444048 0.419200383926644 -0.0943866077343158
0.00171289242421521 0.00616001592265654 0.281491936895308 0.337406769069123
-0.0114530236736643 0.00605926023971949 -0.0902863194964292 0.31033220123548
-0.00910662944467112 -0.00338666933192939 0.0129916377610777 0.0394472124631981
-0.00800417363897436 -0.00106226903100264 0.167593826910823 -0.246593611374251
-0.00738781048936789 0.0131294109043101 -0.198668546455671 -0.459048966894283
0.00286926284014832 0.00376820528935783 -0.513327169833 -0.0311252960417266
0.00894918587296471 0.00513783855676523 -0.142402969718433 0.366106557000516
-0.00213402361521406 0.00675798463733202 0.181370339921873 0.215312356237623
-0.0042744087766253 -0.00258618204628477 0.17906518097388 -0.0128799123979154
0.00513644030763504 -0.00449375505013002 0.040582102097953 -0.121982665877262
-0.00730403718966645 0.00165873951555928 -0.0407997046235161 0.0901038729620663
-0.00808903190609794 0.00307973751494921 -0.142398350669657 0.0081859540530876
-0.0150150848668994 -0.00490505410902837 -0.178046602609604 -0.164946060842659
-0.00289006179941499 -0.013702006005962 0.0735479972698059 -0.334637620346299
0.00379791678286348 -0.00396810409075291 0.423916499701442 -0.0818608975376893
0.0033030204265018 0.0105340095872923 0.271855009576613 0.347502001539916
-0.0115287957165144 0.00901461031543907 -0.097506307346696 0.310832258037749
-0.00954456670096235 -0.0017661518346045 0.0116596959216568 0.0396568841523632
-0.00785900067731376 0.00183288529470352 0.161624614097729 -0.247723335069834
-0.00517559361569442 0.0178685476011939 -0.211107855231021 -0.45065473651258
0.00519647606419437 0.00624747142191903 -0.511918761336266 -0.0166529332363511
0.00719967179139665 0.00212113318404039 -0.130195417398642 0.37134955051244
-0.00477507083556826 0.00137054043052384 0.186578309965464 0.212141835198446
-0.00474760940441274 -0.00305647974282658 0.179143637917482 -0.017036461180545
0.00231150439468968 -0.00224098273213306 0.0412738978779279 -0.124387147799741
-0.0097063565471742 0.00398569359435161 -0.0399853246137783 0.0877054258681899
-0.00763045932693271 0.00289818516032017 -0.14148483570912 0.00407116493102979
-0.0161908367265896 -0.00924924712224051 -0.172403276724098 -0.168928616002083
-0.00423231979306195 -0.0154434301202984 0.086178157434821 -0.329721902223153
0.00531933257216073 -0.00130033498111911 0.429097267273118 -0.0651147377653414
0.00488975653396703 0.0145088140581354 0.262300438532141 0.361517440517653
-0.0114095768454544 0.0108936521513677 -0.106688206742837 0.312848315993138
-0.00870887444368366 -0.000367880898679773 0.0102558270836869 0.0408012088127666
-0.00723691267880423 0.00419041462366382 0.154504472490927 -0.247656913341548
-0.00321503535238281 0.0222384462680435 -0.224448485015779 -0.439780600188835
0.00678839739417792 0.00808361159907224 -0.509498056423346 0.00229789080164226
0.00502293343533511 0.000108000986618239 -0.117678884939896 0.376969281488671
-0.00567754312303967 -0.00272341834343372 0.193695003598294 0.207820833802209
-0.00416783940360334 -0.00339788340850744 0.180225427122978 -0.0211714740582797
-0.000374560430262441 0.00047032390783098 0.0418716625027129 -0.125853144172023
-0.0114135360556211 0.00555772570813435 -0.0390491185335493 0.0851718373302784
-0.00587103486163162 0.0028552358446972 -0.139043608805812 0.00126857119257532
-0.0155760454648436 -0.0119338789924034 -0.16570850294827 -0.173363270698065
-0.00543215147334119 -0.0166511042903252 0.0962576616090425 -0.326089531816677
0.00552498771534434 0.000278815806741718 0.432055638646911 -0.0470241038410786
0.00619215915535423 0.0169579025916837 0.252816168145487 0.371744583968744
-0.0103285851692421 0.0120642647115855 -0.114307972563055 0.314737256305721
-0.00794456677704553 0.000307714510716564 0.00891736974811809 0.0422491261747717
-0.0061746714991777 0.00522617314820142 0.14710078563996 -0.247127434390366
-0.00096026112230717 0.0240945483043219 -0.235052601647355 -0.428125235547358
0.00670774125495043 0.00997940982934997 -0.507067995380154 0.0225805610377186
0.00308812730999454 -0.000114651152164901 -0.103351955930432 0.383064272358614
-0.00551952955643862 -0.0050878865650542 0.199580034114718 0.202896137367903
-0.00226468749774975 -0.00264483654233005 0.181514520607734 -0.0254741716908934
-0.00214679478127368 0.00225185647100161 0.0417211394642732 -0.127290240770139
-0.0119519933901179 0.00646751062795874 -0.0385963541966041 0.0838161763986735
-0.00332207463237363 0.00321155965266115 -0.135963323295132 -0.00126531535972847
-0.0133182177353816 -0.0130241062344375 -0.160664090632683 -0.177954213917882
-0.00613962683003669 -0.0158116649025729 0.105282078158238 -0.321284183294291
0.00512577317623527 0.00125345313309544 0.433735662350041 -0.0294060047384671
0.00708744496948936 0.0165987310282795 0.242785967158304 0.386634735254682
-0.00871550369573881 0.0112568755777715 -0.120568424583708 0.316818527744769
-0.00667210321675473 -4.79541577161261E-05 0.00835219030186559 0.0441201052080365
-0.00417797397793321 0.00534213239882634 0.141316469762738 -0.246352805076888
0.000582487087059358 0.0238637604196764 -0.246638565844332 -0.415730059813522
0.00591916257461837 0.0104591620046593 -0.505063349868241 0.0407940534343424
0.00155100123872519 0.000278911407580004 -0.0928254758811436 0.387428969360141
-0.00420176574075376 -0.00593182226014491 0.205692737233086 0.197826599333045
0.00071241927675619 -0.00129910676464634 0.184659162778104 -0.0290238020048213
-0.00248141017318432 0.00415758280556955 0.0420920173149691 -0.12813755326919
-0.0117946335672623 0.00695445592351972 -0.039156944839008 0.0826824853156564
-0.000142111358633344 0.00434356871901692 -0.13288882464571 -0.00228899012712838
-0.0106399498356717 -0.0109809532881155 -0.157122048560007 -0.181758934367311
-0.00660298478678556 -0.0141132288098594 0.109593030075608 -0.318359470266811
0.00345030983733821 0.00105974011886179 0.435228518431973 -0.0170388572880757
0.00723792331261902 0.0144601866765951 0.237959728916348 0.394929072618725
-0.00757102795631448 0.0101524641249915 -0.124036878151809 0.318232105067166
-0.00488355754338785 -0.000508856915156511 0.00716657283976129 0.0452997348459558
-0.00294217156374284 0.00377560571323487 0.138820394360747 -0.244494436007532
0.00105609947020448 0.0221849883934365 -0.251497683809696 -0.407289235908201
0.00392532789274036 0.0111837200286341 -0.503542055383361 0.0538457685088787
0.000701982910058237 0.00237646716797225 -0.0871145993862094 0.389063431149044
-0.00083034347749913 -0.00435665554380427 0.209397904062811 0.194002781150277
0.00453559034220194 1.87647698343622E-05 0.186566982447875 -0.0316565964296422
-0.00204028079982765 0.00445302202777613 0.0419078397179805 -0.128266865952466
-0.0103450388543482 0.00701630485684014 -0.039706814781057 0.082729643327062
0.00311689331486578 0.00578099046665022 -0.131167492938806 -0.00237541881824296
-0.00764359170575801 -0.00735222191067706 -0.155428054942913 -0.183986590865713
-0.00693906659014146 -0.0109207529075025 0.110035280053588 -0.317090555315144
0.00164456753547314 -1.8622030436055E-05 0.434407717647976 -0.0113735504764908
0.00725520318020138 0.0110842751913137 0.235555382944587 0.400290296317736
-0.00544439228624479 0.00837801939843533 -0.124265786607727 0.319655241054438
-0.00367792190634108 -0.00196050791710757 0.00778888198306495 0.0465300750812219
-0.000685270371672759 0.00143679996932011 0.13720884289104 -0.244022022172961
0.000787478002633709 0.0181101963197837 -0.25376572441852 -0.401533917551494
0.00119317565817402 0.0105804094450594 -0.502125670151953 0.0611992642168327
0.00138530957004998 0.0055857447630108 -0.0853745619350985 0.391120848634437
0.00306450328223478 -0.00112341822808562 0.212084410390228 0.191343426823818
0.00850888343476165 0.00113684057599908 0.188617266809489 -0.0328030568847168
-0.000437671958274376 0.00363819859436398 0.041094699445114 -0.12816593017066
-0.00782845109501131 0.00561047282571402 -0.0416418558102909 0.0833634259228777
0.00521614644120746 0.00686021397557079 -0.128809564658017 -0.000834360037081956
-0.00489378764022724 -0.00250930231219504 -0.155599345990692 -0.185829330463674
-0.00617690143780575 -0.00749772376035925 0.105060446959542 -0.317969369366003
-0.00101830144293299 -0.00168499575580728 0.432609005103397 -0.0124896503471378
0.0068902966354797 0.00633456235597941 0.240036620067429 0.401687788067988
-0.00440443821337417 0.00525581938755923 -0.121034930338332 0.320920282031098
-0.00296361299106886 -0.00358280834238006 0.00880794230542364 0.0470765259353518
4.03665622510075E-05 -0.00127778500175675 0.140006523298128 -0.242831970626236
-0.000922335982175456 0.0132245194363388 -0.249593222476927 -0.402890772043676
-0.00146669025378458 0.00941914299445678 -0.503924659593028 0.0593215353536107
0.00297545516261248 0.00932799653848911 -0.090868936588027 0.390912567393448
0.00757941717148005 0.00343911147611006 0.211427250663632 0.190435779594295
0.0116292011532143 0.00198414411622587 0.190461788917271 -0.0311779173507478
0.00162102296942751 0.00156042295726968 0.0407931196542674 -0.127039735589908
-0.00462136051632465 6.73514612636377E-05 -0.041522719299677 0.0933256296376078
-0.00759596659016525 0.00345021551582744 -0.142277502310923 0.0137108265358667
-0.0122671770184885 0.000916214931846842 -0.185565906172595 -0.159375630697424
-0.00137410520170544 -0.0103011077430177 0.0566206795509585 -0.337609441814671
0.00161013154376528 -0.00605589657307725 0.416697349143328 -0.100267603514004
0.00205755959020179 0.0058120094868747 0.285415777653912 0.331617313256844
-0.0115600269122243 0.00623137041386207 -0.0853980489555799 0.30985053489779
-0.00936955158288847 -0.0028641411787239 0.0136682211032445 0.0387998607059715
-0.00755873462363467 -0.00129483655816368 0.163475039940858 -0.24799637487682
-0.00695390659999956 0.0132126468599098 -0.203443693815921 -0.453599365056594
0.00348684865643758 0.00425789971004159 -0.511072148267489 -0.0230472822796199
0.00907576162345012 0.00536301930067018 -0.136672049834588 0.366922878537477
-0.00165378908870206 0.00680083702163775 0.184020193330844 0.211452219193442
-0.00442013987905574 -0.0023569190882184 0.178182918171364 -0.0158423519410377
0.00488068676256522 -0.00443471933757173 0.0389346924083591 -0.122528705870795
-0.00742763895403482 0.00187744314211484 -0.0406434338181044 0.0907645625715401
-0.00817164428661244 0.00350782734882828 -0.142282867399136 0.0105139077118177
-0.0149894893603831 -0.00416667213978347 -0.180162158655384 -0.161279876347877
-0.00277707219432287 -0.0133801224381573 0.068251495167875 -0.334653327610228
0.00350946957458621 -0.00383982163967957 0.421214406090549 -0.0873625346372701
0.00336124809740244 0.0109650023573799 0.275517845661782 0.342494675038575
-0.0113859744481458 0.00959883433087178 -0.0931459375897953 0.311307466771855
-0.00952317965409664 -0.00132152150708442 0.0117184906854972 0.0390743385051772
-0.00790124691869894 0.00208588230236203 0.157287388426809 -0.248785526698814
-0.00492469921601096 0.0182540209602095 -0.216159924904614 -0.445491638117281
0.00565992946433188 0.00613908916985883 -0.509954292743749 -0.0107672422018632
0.00713489480418228 0.002081327996014 -0.12471491450355 0.371814308335263
-0.004594304849876 0.00125340358001009 0.189224884291047 0.208387787014892
-0.00478631197921504 -0.00302612921981575 0.177811177153317 -0.0195029772539616
0.00210631391767467 -0.00193486243019103 0.0397738797799248 -0.124785409535737
-0.00996152965896739 0.0043139271972571 -0.0387064469746013 0.0883713323379721
-0.00804508014541627 0.00280767451769016 -0.141075356160932 0.00632845366245957
-0.0160261421954696 -0.00887410838215942 -0.17422866824084 -0.165485991942088
-0.00455711418711694 -0.0153273754914526 0.0806302615068344 -0.329279418371179
0.0052309355924998 -0.00167292605867 0.425894932893877 -0.0709136016536546
0.00538154321773248 0.0145019754662307 0.265744746028747 0.354455877406678
-0.0109010290244436 0.010957398547709 -0.101686254603893 0.312469304309165
-0.00866130995973842 -0.000707182898015754 0.0102489447489264 0.0403834193902939
-0.0070458578014956 0.00406244444925012 0.150297096433207 -0.248616944679303
-0.00245357276498134 0.0220771852917341 -0.229018544563424 -0.43466910326998
0.00678236665221409 0.00817425997857891 -0.507274348822774 0.0109340898534941
0.0052124859421232 -7.95773642870458E-05 -0.110516399394405 0.377414065997834
-0.00545175084067662 -0.00289815660823855 0.195012703276855 0.203427906741398
-0.00442948090610566 -0.00333922595410548 0.178796479269174 -0.0238642708456683
-0.000791587060402868 0.000447463725141832 0.0400974488691387 -0.126286629443821
-0.0113626660064479 0.0063769624875521 -0.0380808129969901 0.0854911225767808
-0.00590897821351686 0.0028872462486361 -0.138691880543035 0.00269845140603715
-0.0154290948522065 -0.0117197266779632 -0.168057146702152 -0.169592811827126
-0.00573243289393908 -0.0163014371087925 0.0911397355923564 -0.325728039385191
0.00533761121697618 0.000158482394241446 0.429811789529735 -0.0533372687010617
0.00649548159803171 0.0165384402469634 0.255873756727462 0.367220534466537
-0.00986957646166395 0.0124314349865168 -0.109553818137174 0.315279022207912
-0.00795886796706659 0.000481278827164103 0.00928474660898775 0.0416934561646106
-0.00607245611385259 0.00501218436283592 0.143735086088181 -0.2475350155856
-0.000460284270576848 0.0242010731045268 -0.241239663248837 -0.422173917469586
0.00706194656995583 0.0100036906435347 -0.503623180432414 0.0311395990280187
0.00345385129202261 -0.000668505432668174 -0.0975328412248934 0.383181073562869
-0.00539807555516311 -0.00509567669217156 0.201681334702296 0.198697797669785
-0.00236844511200523 -0.00262031922689511 0.180532283742581 -0.0283652232118722
-0.0024029358763401 0.0024748444578646 0.040310423696412 -0.127999443611035
-0.012593893403144 0.00689586692058945 -0.0383789516741928 0.0842636716682797
-0.00294553161126156 0.00335146145042065 -0.136021143598804 0.000658123922602885
-0.0134067378187193 -0.0124378796572659 -0.163285799552369 -0.174253995369081
-0.00665824611095698 -0.0157459969569404 0.0995142499555223 -0.322068206382938
0.00514983816078093 0.00116042228405475 0.431868829434916 -0.0352256490058829
0.00761154130512968 0.0164917481172616 0.246724505522905 0.380641654751314
-0.00843224907669633 0.0112333217428724 -0.114940765847957 0.315989212151892
-0.0064504721141986 -0.00027614267761369 0.00806020078382769 0.0437210355563355
-0.00427701271860039 0.00493630964087044 0.137862591332117 -0.246859219589669
0.000965434024382492 0.0238365606844259 -0.251283641377745 -0.409916422239987
0.00610418361754445 0.0110050186852961 -0.501567943366511 0.0478948219216428
0.00162567309014803 0.000482102798010814 -0.0870794828484064 0.386656488993154
-0.00384495792761798 -0.00590134252846164 0.207714853319147 0.19298294180069
0.000675030900039371 -0.00166733206881672 0.183226561837253 -0.0315944167529133
-0.00280619563196978 0.00398822734976701 0.0400149808621835 -0.128888506185711
-0.0117337490262224 0.00764032466063748 -0.0386743432906662 0.0832898395167663
-0.00012058414331838 0.00417238153065471 -0.132757834814276 -0.000307541524272066
-0.0103425525458544 -0.0110664400357452 -0.159378336637956 -0.178573908808147
-0.00685467695401581 -0.0137308609442928 0.104797575690491 -0.31822781515107
0.00346395545030643 0.000918880912796524 0.433296310564749 -0.0228120038861696
0.00780322777035383 0.0143709029492023 0.242189504208497 0.390373513340896
-0.00723204532839243 0.00993561588025332 -0.119156341503715 0.317913968265838
-0.00494337758181693 -0.000872757457623867 0.00793188535002573 0.0449384190549806
-0.00250847898616182 0.00378497770571633 0.135124976268157 -0.244874630266299
0.00202071911876262 0.021526451733513 -0.256267328770061 -0.400272567026444
0.00392504995767713 0.0109133230796935 -0.500330896245145 0.0615526394988238
0.00116720291458336 0.00239963316391799 -0.0810258795336458 0.388686792214048
-0.000567654243659473 -0.00411787066750886 0.211868657519132 0.19013317984773
0.00488670688347364 -0.000170774328875446 0.185742596412738 -0.0347005545616402
-0.0023639245202031 0.00449920391101432 0.0406886508742652 -0.12914643509235
-0.0102557115720247 0.00729913666627764 -0.0389195214140735 0.0832123700506155
0.00293390752422766 0.00545712095812485 -0.130665430126814 -0.000547081976734263
-0.00757584305481684 -0.00713392452297944 -0.157341302101285 -0.180957911124583
-0.00665338182730561 -0.0109594004935592 0.104905792627432 -0.317562297316211
0.00149107110309019 0.000203378947788453 0.433057850663496 -0.0181075148083289
0.007759398510221 0.0111713074942756 0.240431836653247 0.39421538823006
-0.00508385988264018 0.0081453353341709 -0.118768672644645 0.319398920560366
-0.00367920686788705 -0.00171735675337024 0.00808237490824976 0.0459436740417181
-0.000926387693010899 0.00122546026975494 0.134181894860626 -0.24459727566646
0.00134457504249549 0.0179084599409413 -0.258280940272265 -0.39615104076037
0.00168464615489461 0.0106431483872243 -0.49948630013178 0.0682002392567967
0.00153432041315239 0.00523883594546111 -0.0784315284766213 0.390930862001754
0.0031593752805053 -0.000869597656096619 0.21392350381858 0.186690014281296
0.00884883876904101 0.000840627423079873 0.187685335341691 -0.0354637995951769
-0.000954192445078883 0.0038424459880578 0.0392458135346746 -0.128133694495866
-0.0079744634857745 0.00586533521294761 -0.0401967386602827 0.0842305389695952
0.0054307395417837 0.00685126757733538 -0.129295076755531 0.00115143173819475
-0.00399482351685617 -0.00232383118091607 -0.157842360172451 -0.182384122858636
-0.00621963396470513 -0.00701424352678552 0.100515136713871 -0.318238700308829
-0.00130827103440363 -0.00176479301626948 0.431354456976534 -0.0185153962769299
0.00708028997384838 0.00653392397474198 0.244380375558915 0.394738848354111
-0.00408923295587971 0.00543976896762177 -0.115460863373956 0.321056732965933
-0.00310904802405588 -0.00316917502597082 0.00882055102239252 0.0472421751127415
8.11158435496859E-05 -0.00156987215524484 0.136693864969737 -0.243526899423176
-2.27295355247712E-05 0.0131635923594514 -0.253611173324644 -0.397218535579968
-0.000982660158575233 0.00958877287129609 -0.501905527842886 0.0669035834952502
0.00263122644345525 0.00858799212063031 -0.0846969104360676 0.390693455327727
0.00779328028268387 0.00353240858721219 0.21342024485122 0.186812767187604
0.0122432231099802 0.00217683840454916 0.188993796125383 -0.0343470778703672
0.00187456099747451 0.00168805565736575 0.0384611032874774 -0.126454826258817
-0.0051512570190973 0.000398925759158282 -0.0401697605258465 0.0932544934638072
-0.00798351844667677 0.00398706989629845 -0.142354182026899 0.0159045490420557
-0.0124927108481656 0.00128838041856067 -0.187236278632161 -0.155618121472002
-0.00156509852504758 -0.0102561840725049 0.0522193684135721 -0.336579413324016
0.00155717842055936 -0.00589137456844698 0.413384863211493 -0.105337278495509
0.00203734908405482 0.00586720601840413 0.286711776526511 0.326478881619413
-0.0115044448205943 0.00633263632401079 -0.0809624416641435 0.307630226722947
-0.00899702942777869 -0.00299715735065806 0.013744057861997 0.0377693000050062
-0.00774330668601364 -0.000841738665432225 0.159682768319217 -0.247553255026148
-0.00659526412824484 0.0131436199304753 -0.207272951678748 -0.447977653343961
0.00339548248928924 0.00425721359482117 -0.507946447599199 -0.016632737771847
0.00920649690789832 0.00505260583703708 -0.130680147310508 0.366188225561641
-0.00195405392083786 0.00728869639818683 0.185532246914939 0.207311293350454
-0.00428064524223833 -0.00252187933151017 0.177030408302123 -0.0190995379546502
0.00503263329103479 -0.00492150932076854 0.0375734752837865 -0.122245381761811
-0.00732073435576155 0.00228319154230534 -0.0394179987682144 0.0908708706311377
-0.0083752558267845 0.003265261863855 -0.142200695623924 0.0126869462411119
-0.0149967050175262 -0.00409738652034747 -0.181422890910061 -0.158185161707883
-0.00300775336743051 -0.0129346532976369 0.0630802046889253 -0.333273516858423
0.00379752545611577 -0.00390879794348502 0.417234638524122 -0.0929069905808297
0.00438678371181307 0.0100938678574516 0.27749158515408 0.336570788399363
-0.0111987992355867 0.00917258245972579 -0.0889157486641241 0.309394578580177
-0.00949798986996556 -0.00155839409862643 0.012591739900547 0.0385554085354157
-0.00789168254919996 0.00200476903513416 0.154083604201547 -0.247996495847956
-0.00420365691272538 0.0181497627692029 -0.219501590264862 -0.440067194796287
0.00575999699341658 0.00656950794610051 -0.505771330872294 -0.00206724821354245
0.00728959437847487 0.00237875709848731 -0.118350086673321 0.370791482821534
-0.00442265143688789 0.00105828685066127 0.190204827779983 0.204444533991242
-0.00475436523274696 -0.00279839886924042 0.177085657656114 -0.0225244366098998
0.00224522426612968 -0.00234362240318322 0.0378024013328127 -0.124339638296353
-0.00999985546604979 0.00488438802810131 -0.0380642318738541 0.0881422119667263
-0.00750579752369342 0.00294428397185732 -0.140914247532613 0.00877871206810373
-0.0159736603239764 -0.00832599267589266 -0.175151981719094 -0.162107181712938
-0.00493935878902954 -0.0153401665839596 0.0757000746444568 -0.329280712052798
0.00483322882490372 -0.00157005181010314 0.422961326768637 -0.0760425135549804
0.0055891335595614 0.0139469965664099 0.267960965479337 0.348933457634202
-0.0108617624526151 0.0110033874423952 -0.097223455782682 0.311089928054484
-0.00874122886055754 -0.000379803188072065 0.0104183207417563 0.0399218837951354
-0.00780458754866445 0.00376184874329349 0.14620323287589 -0.24863178176425
-0.00230727375265276 0.0219500523444331 -0.233470149448975 -0.427573857494214
0.00720424295765169 0.00800059562594353 -0.502871642931027 0.0172789296854397
0.00519026985337364 0.000269555689957094 -0.104931380569743 0.377012602126116
-0.00541755125622474 -0.00266979252737021 0.19667235577469 0.199986197641619
-0.00437760725700228 -0.00301435133107177 0.177871783274406 -0.0264116368936295
-0.0005744805321644 0.000586777128999266 0.0385574079064802 -0.126505401321564
-0.0114126402130745 0.00642192379693864 -0.0372928065500076 0.086144658362085
-0.00579376322649523 0.00289739085362525 -0.138582721370439 0.00511130237462553
-0.0150365722634307 -0.0109665082262481 -0.169902829015144 -0.166631528860624
-0.00567798595244853 -0.0159179347842039 0.0861326113721274 -0.325386847618905
0.0054389263154579 -0.000193623491051561 0.426490999523609 -0.0587648591354367
0.00672404137971022 0.0159778517402504 0.260316291283246 0.361269300525361
-0.00948649277505496 0.0118313154455483 -0.104698216472531 0.313914233077124
-0.00784073984193643 0.000154606579951846 0.00948953217735698 0.0412488470893358
-0.00569428111354179 0.00515629749108916 0.140254790720577 -0.248299871248504
9.37129227332528E-05 0.0239172120373495 -0.245211987501051 -0.415766076205902
0.00712942713832624 0.00964018207271603 -0.501363119144791 0.0369972681465801
0.00313019123527339 -0.000671611940155354 -0.0922199419705242 0.381550152020834
-0.00545498830481233 -0.0054285545144459 0.203709597870495 0.194984099622163
-0.00204757574565766 -0.00257719794951431 0.179204720475767 -0.030177804283323
-0.00249784349576788 0.00242275871421312 0.0386415249344159 -0.127856036251682
-0.0122615951828568 0.00734495440365611 -0.037314932306834 0.0845538447736799
-0.00293149326014365 0.00323002215618091 -0.135766646195763 0.00230562789945197
-0.0135171593359696 -0.0120512520633716 -0.164488105895172 -0.17189698951526
-0.00656407930496298 -0.0153406815471979 0.0946500040099664 -0.321720822372014
0.00494461744013803 0.00117241111123101 0.428875542242534 -0.0415956278071535
0.00779645224930176 0.0159202946049738 0.2502608606047 0.37595732753069
-0.00831127646375364 0.0114463537974769 -0.110628544596955 0.314453815583961
-0.0065291290489654 -0.000301511494517657 0.00847606272049812 0.0434191790557103
-0.00450336823060834 0.0049336682560181 0.134364483021971 -0.246891831767242
0.00160088746481263 0.0240498360385091 -0.252924374097511 -0.40474361465548
0.00650934284585808 0.0111358856053713 -0.498082745646336 0.0562298295762935
0.00151319172172185 -2.02306314169114E-05 -0.0816128807904025 0.385211649926312
-0.00396873845048142 -0.00604762135789877 0.20892009284434 0.189635747431139
0.000904152772241801 -0.0013438570995717 0.181720705405738 -0.0342538313365151
-0.00308924973622615 0.00373961155747935 0.0391504190376183 -0.1290268091497
-0.0114028519691877 0.00810833161541932 -0.0379211946707513 0.0832208474452836
0.000120452834335778 0.0044375214225922 -0.132866145746035 0.00172780897526434
-0.0100409295772067 -0.0107793229953362 -0.160667043348069 -0.175396642236622
-0.00676618152908203 -0.0135389662552257 0.0996366364186329 -0.317646108045179
0.00361799093800213 0.000975681992980168 0.429988695364742 -0.0296515147411678
0.00834850211887194 0.014027197098274 0.245560663419472 0.384630209500874
-0.00674926548974733 0.00954109355641496 -0.114459687135332 0.316178437734773
-0.00482394711747181 -0.000951980612519455 0.00838737928348146 0.0442234831933618
-0.00250465596827279 0.00369947232509562 0.131524678408369 -0.245192686875891
0.00196528468046105 0.0220373503167769 -0.259643297900565 -0.394261348105423
0.00411850418283559 0.0105219823293347 -0.496967626872728 0.0670891728369968
0.00139330224015155 0.00201467998898313 -0.0752149578267098 0.387517706685009
-0.000518528537459107 -0.00429582545910352 0.212788739832068 0.184782271225791
0.00462343410231844 -0.000456616763624317 0.184022016627314 -0.0372339355284182
-0.00239549427608209 0.00458242560429838 0.0384175173060569 -0.128625080443925
-0.0100354273238011 0.00734526321262618 -0.0387730700433196 0.0834249191574341
0.00270278989873281 0.005718093372566 -0.130031430860541 0.00154922328820649
-0.00756753761189409 -0.00700619242330346 -0.159602618397373 -0.178033250944917
-0.00690351505935019 -0.0101763461064505 0.10064434791808 -0.317169276225901
0.00160313382873065 -4.99378481604554E-05 0.429247712531378 -0.0239350603071454
0.00790168741439777 0.0106791408215573 0.244365743014628 0.389666974064898
-0.00509902656445792 0.00763724887112696 -0.113989448834745 0.318315288734586
-0.00394540104547971 -0.00224948823749395 0.00836539958533893 0.0458156421831321
-0.00149110442500594 0.00123050703276433 0.130281126323641 -0.244205342375472
0.0013553767826571 0.0178793411785829 -0.261143835906973 -0.390353242481363
0.00186131982453164 0.0105129647191905 -0.496938235463257 0.0753643767340175
0.00166943538082402 0.00526738533701778 -0.0735253596569325 0.388603794443153
0.00334785672326333 -0.00153732226023945 0.214939015017676 0.182398135474051
0.00858556534849343 0.000859592927085462 0.185844790512854 -0.0384934630010606
-0.000532110017667303 0.00365677999289293 0.0374168248466952 -0.128373849985207
-0.00756385501217778 0.00640245042469958 -0.039913878886529 0.0843303565670315
0.00553771059797824 0.00692770476580499 -0.12882768463 0.00330547521571316
-0.00425121615239602 -0.00183221995684548 -0.159555471413551 -0.179154223841612
-0.00617085571216387 -0.00682674426870437 0.0957899626549388 -0.318115874435028
-0.000970209194732139 -0.00164758633284397 0.428300868973557 -0.0236117914420935
0.00726712399949107 0.00619047408305151 0.24779173654589 0.389096528871976
-0.00420659967841597 0.00553053867602287 -0.110431227724761 0.319292866083641
-0.00325325949721184 -0.00371089731218199 0.00890642574003362 0.0462903890378386
-0.00027945965534619 -0.00181686975364665 0.133047520129503 -0.242900246999459
0.000237494911128326 0.0131033131999257 -0.256323321811938 -0.390787593406428
-0.00087956668681144 0.00962856647671687 -0.497555927199795 0.0722729129463118
0.00284127241200945 0.00862931978739559 -0.0786040700147996 0.389311756652488
0.00799258762663496 0.00326621187857924 0.214066102368008 0.182305336846665
0.0117082790904345 0.00153314517925357 0.188099869116735 -0.0368747728376922
0.00176513437861564 0.00209568564375868 0.0375171385041415 -0.126968501619478
-0.00455869093820238 0.000648274997427697 -0.0399885096587477 0.0936863198884549
-0.00781636831123468 0.00413992725008051 -0.141428111451957 0.0178906440458906
-0.0121425686066766 0.00112252707917697 -0.18690224205736 -0.152171057813102
-0.00128519422800762 -0.00967191286178264 0.0473917360577096 -0.333688623580976
0.00159903000535958 -0.00631096496352033 0.408189934208891 -0.10949199850586
0.00256998383530375 0.00551284173188391 0.288599365998835 0.319510474174411
-0.0110434451800663 0.00657728930871224 -0.0769005294064842 0.305690246309413
-0.00924931208818996 -0.00274959449491226 0.01357477442298 0.0377100402247465
-0.00794690301468072 -0.00103306573274526 0.155168807493025 -0.246737124547026
-0.00585737815238119 0.0126680525577732 -0.211120163138066 -0.441775292745692
0.00326553074544736 0.00414309349228216 -0.505129109278814 -0.010510165856281
0.00916065080650862 0.00502760364098096 -0.125704417714623 0.364563411900889
-0.00206766557191013 0.00716229962977355 0.186241048619847 0.203240431946393
-0.0040563784234892 -0.00250161151565063 0.174873574941316 -0.0212079185111086
0.00473014118202079 -0.00479737695269147 0.035753582382089 -0.121610219432908
-0.00790488959021603 0.00283882824915294 -0.0383771208993741 0.0912663092540359
-0.00836818857179891 0.00351110559601632 -0.141378573896933 0.0144658857937763
-0.0146246176257671 -0.00375543313648997 -0.183010239994804 -0.153710074912237
-0.00331615198397969 -0.0125270375128551 0.0584764684382418 -0.331238814014973
0.00342180181317198 -0.00399273512784428 0.412715497531062 -0.0980630423293802
0.00425184167550055 0.0100278337057761 0.280878345457941 0.329425054952964
-0.0112538331656625 0.00917322160525309 -0.0845996998730863 0.307486840079809
-0.00936993318303359 -0.00119413288585625 0.0123410814501419 0.0383753201166801
-0.00816856207869326 0.00184104154186836 0.149706050361187 -0.247620057434674
-0.00399647757964508 0.0180526548516178 -0.222682546359644 -0.433501192214532
0.00567684847366364 0.00656855173237043 -0.502798950236979 0.00455659404924806
0.00715526417177589 0.00163653796808865 -0.113379215398614 0.367809557399444
-0.00387060366991839 0.0012758362389641 0.19103335389167 0.200522979981461
-0.00500370020641339 -0.00316849601138809 0.175628108456004 -0.0239003207631306
0.00187775220195915 -0.00205193667853656 0.03662416670776 -0.123905472336048
-0.00972843743174243 0.00483578539772484 -0.0375932594241515 0.0881785488020369
-0.00780596097446686 0.00310655999038177 -0.140292743142296 0.0105718453155011
-0.0155335602352916 -0.00799416889373711 -0.176668192505642 -0.158487876541717
-0.0046694476531784 -0.0147878834463778 0.0706503038750633 -0.327280872374876
0.00492225725561353 -0.00189716395351899 0.418436185323846 -0.0805200288601438
0.00573051364753229 0.0136785895895129 0.270475261469524 0.342609984355923
-0.0104988579320404 0.0109017534666135 -0.0924242871385572 0.309245657135267
-0.00870911893474602 -0.000136493818462677 0.0103217698775713 0.0394346702701623
-0.0068502962903608 0.00396881038781132 0.142604625255539 -0.247806119195829
-0.00160717133943734 0.021508785526724 -0.23671895047012 -0.421794637585342
0.00711467565007764 0.00816521785447326 -0.499294407799773 0.0250087187512095
0.00476040235525796 -0.000276656190004679 -0.100438329262518 0.373573110839759
-0.00529171017902562 -0.00278716507769265 0.197873975392928 0.195242300190208
-0.00410547493894347 -0.00323080079343335 0.175966178109241 -0.0281833713897666
-0.000856542741813837 0.000385232575270237 0.0367654993346228 -0.125819672036267
-0.0111389958459477 0.00660879124851991 -0.0366713833217459 0.0859808920452025
-0.00562651780010181 0.00299069457582016 -0.138395604538106 0.00681910785693431
-0.0149046792261283 -0.0112730499571848 -0.170359385372867 -0.162995593135395
-0.00548850990740928 -0.0153269924345066 0.0805183857610624 -0.323313862603961
0.0051553783821627 3.55757963234242E-05 0.422742403599133 -0.063730967373495
0.00761906702107706 0.0154767864690471 0.260643789290896 0.356128839213256
-0.00952669623334073 0.0117451897525255 -0.0998737967420084 0.311212366890153
-0.00752576750165176 0.00053365038372411 0.00970203623820211 0.0412921488607395
-0.00590876171563258 0.00508308573515759 0.135834340882024 -0.246700164131731
0.000500626872551006 0.023727174576753 -0.247863741774889 -0.408452169628074
0.00730916906975357 0.00992687049940008 -0.496221183092497 0.0428756432469511
0.00309551818131015 -0.000917633864627017 -0.0866343695408649 0.379223371648323
-0.00516686513113388 -0.00523236472339041 0.203880952342436 0.19048969182953
-0.00225850866279893 -0.00236189964640697 0.17763876347594 -0.0328038239819357
-0.00202591399173115 0.00228483898429485 0.0371400794039989 -0.127191804652042
-0.012156578301748 0.00775300384721688 -0.0369445709808937 0.0843331635508186
-0.00341107936294609 0.00351319458635981 -0.135309855423616 0.00473525723791156
-0.0130480639020432 -0.0117213864580946 -0.165251787930088 -0.16778723522841
-0.00649440564856654 -0.0148457885947121 0.0903697557480835 -0.319243649629581
0.00457049635950472 0.000994217969771293 0.424495846048709 -0.0457930967585434
0.0079480428136404 0.0159676770467787 0.25204899756235 0.368864290490593
-0.00778169925718022 0.0113349084763087 -0.106200719324226 0.31260398852544
-0.0065918412847217 -0.000198466132747779 0.00874612253458975 0.0425584996986099
-0.00401626670303252 0.00485097680746481 0.130667468470629 -0.246018997232141
0.00235659092301967 0.0228722329897741 -0.255839496067414 -0.397656894660946
0.00612593364541844 0.010662574061479 -0.493478265467975 0.0609687670275627
0.00172309989968582 0.000135605984105098 -0.0772143033892327 0.382254024281604
-0.00350803227813443 -0.0058149510390651 0.209391563968184 0.185019150806407
0.000805567265436833 -0.00142551840403121 0.179715912946372 -0.0364127693994629
-0.00258986144138694 0.00367078290239051 0.0369893847773962 -0.128393566615494
-0.0115458110907093 0.00851882605084971 -0.0370422630096723 0.0833739093219867
-0.00031675758834494 0.00442979108391563 -0.132279643611487 0.00355852517548852
-0.0100525218875255 -0.0105377741706766 -0.161453201604473 -0.171379707328967
-0.00703881767087144 -0.012803473224058 0.0954769627872805 -0.31634599009018
0.00355426216013178 0.000766824737209367 0.426272837084593 -0.0331567549894814
0.0085570286351239 0.0136174858002476 0.247892531673073 0.378034079382591
-0.00651704645154106 0.00962078385623516 -0.109852489699682 0.314645900572119
-0.00478300219114571 -0.000884206143047225 0.00860876291118651 0.0439241774643526
-0.00255772163722512 0.0034059191130584 0.128950219870249 -0.244056297046869
0.00258974751225495 0.0218393062940935 -0.259803467561818 -0.388605173810739
0.00419756664438784 0.0113868717410642 -0.4908650717895 0.0734490275516874
0.00113177499786493 0.00204757240949927 -0.0704700522012965 0.384958028491072
-0.00047710600123275 -0.00452499085281588 0.212805832379368 0.181103487918896
0.00444386197543748 -0.000203458088543773 0.182328292392361 -0.0389765381205298
-0.00232982884505828 0.00423170973466533 0.0368591103775301 -0.12852696536712
-0.00979090569649004 0.00788751835046411 -0.0382402906953911 0.0834476445749859
0.00276975032757164 0.00556080702081879 -0.129897929342754 0.00340969953102339
-0.00720327897406107 -0.00688345562338728 -0.160113347361049 -0.174336452953017
-0.00687149766046896 -0.0099724979808876 0.0950370632522683 -0.314763515891706
0.00117182622108459 -2.33591375918729E-05 0.425401528698072 -0.0285775181257701
0.00852354353403877 0.0101211543252123 0.246249596814012 0.382338152962216
-0.00487919795365521 0.00765242496486468 -0.109038224031634 0.316199738442462
-0.0038551015559269 -0.00191359256009945 0.00868764398048179 0.0450155558284281
-0.00119398639838014 0.000927528804808365 0.126782652130153 -0.243677983223005
0.00231382798485431 0.0180246621110234 -0.262318049784694 -0.384024652463054
0.0024616237874095 0.0107014660374292 -0.490112411871397 0.080299914779629
0.00206471052218603 0.0052365715523952 -0.0673914908306104 0.385842882815165
0.00348513647712691 -0.00107570237092594 0.215716346499293 0.177688400367406
0.00835537830281074 0.000746479011461823 0.184464142327985 -0.0398918643374012
-0.00091762621752931 0.00348416131727485 0.0358911306496799 -0.12808874233083
-0.00737484650292808 0.00704241849264236 -0.0388915856477962 0.083999755213166
0.0055393036551654 0.00705447852283064 -0.128169059758855 0.00509467315040468
-0.00377568250147214 -0.00196551293678811 -0.160677346204918 -0.175815725183936
-0.00665112842546095 -0.00633309896926984 0.0905371362967849 -0.31678857260159
-0.0008443444838861 -0.0016994262248878 0.424828835330251 -0.0289407286596622
0.00773390095454599 0.00575165539584805 0.250737289364114 0.382814766766465
-0.00366965912802428 0.00507687978350527 -0.106274390967287 0.317522843370562
-0.0030958663142574 -0.00354256328219106 0.00940160006485144 0.0459660203168327
-2.57890723563445E-05 -0.00157329678617792 0.128770847542586 -0.24196718352124
0.000779816699152182 0.0127236816557474 -0.258201170563715 -0.384065000738968
-0.000590725599280865 0.00990035155265707 -0.49235948727237 0.0788318644801431
0.00349303435228079 0.00841904570778105 -0.0731651502680271 0.386202263545566
0.00816758229688712 0.00313212269377705 0.214948486049919 0.177872714693409
0.0118144285796685 0.00134877942784686 0.186286343021454 -0.039144967363089
0.00137484485992694 0.00174301016891653 0.0359106944989753 -0.126465652925727
-0.0042906838214146 0.000508238995163424 -0.0393715141765507 0.0932371754059899
-0.00775791931112914 0.00414536841449581 -0.140602567870535 0.0195809079958246
-0.0118063324943572 0.00141192508010222 -0.186879579057236 -0.148482852968789
-0.00143152518459802 -0.00970920097128205 0.0429928653839127 -0.331731181406572
0.00130642680252251 -0.00556258758372253 0.40356011754305 -0.112605118911905
0.00239750750098678 0.00516575340060811 0.288351058670108 0.313867322648408
-0.0109021334097255 0.00603999851490345 -0.0731689941961234 0.302732328435687
-0.00925053655067128 -0.00292300260507374 0.0132043614859331 0.0368315168629028
-0.00762643611420378 -0.00142734978228263 0.151859184639005 -0.245517908219776
-0.00555943175879681 0.0126836227326136 -0.211782697213655 -0.435680531289195
0.00323819384304122 0.00403327922719658 -0.499976481144162 -0.00457678219494696
0.00943587429305127 0.00494248059946929 -0.120328206467771 0.361849813043447
-0.00146431288875964 0.00700546459714567 0.186572582221749 0.199145329953505
-0.004768245217329 -0.00240808002445247 0.173457019702286 -0.0228019013977982
0.00490575528990416 -0.00460728414084318 0.0345695621014825 -0.120983452277082
-0.00713827967974064 0.00271017037508724 -0.0385160012157016 0.0907522110258037
-0.00835204517544797 0.00347126572361576 -0.14030217493869 0.0156359339422233
-0.0140517536682802 -0.0033251367157082 -0.182609938572858 -0.150923579109642
-0.00309901384324409 -0.0126300858798835 0.054485700565055 -0.328916391973086
0.00334414425457061 -0.00378359804198096 0.408107940677271 -0.10038591003052
0.00456923631861907 0.00995744962244361 0.27995678644355 0.323940853005248
-0.0109455127188765 0.00908636542654325 -0.0804981394450096 0.304676633359244
-0.00932346510277168 -0.000864623153073837 0.0120884572552622 0.0376348571310406
-0.00741032638517213 0.00160263301798628 0.146319620362163 -0.245820276920054
-0.0029485907563757 0.0179123562351541 -0.223721180225978 -0.426945488619119
0.00575314459685421 0.00630484901482029 -0.49717997246519 0.00971875325337528
0.00731856716689191 0.0017539520866559 -0.108798050455907 0.364739654144906
-0.0037157229192115 0.00116541188984672 0.19184973614095 0.196141984020607
-0.00526341100450947 -0.00275782171676094 0.17334855970662 -0.0262891520805402
0.00134423432960856 -0.00192181204680081 0.0352091511937066 -0.123322789712886
-0.00959920341160662 0.00552683416254497 -0.0364984712294993 0.087967285412922
-0.00776470363338996 0.00322346133474828 -0.139353874636659 0.0123917567169209
-0.015213640421574 -0.00785070595577086 -0.176236728961266 -0.155092407562272
-0.00478789863985041 -0.0145759798979202 0.0664741226560573 -0.324998957832461
0.00479866773047293 -0.00169373658992886 0.412945042517327 -0.0841607148514339
0.00611764856828904 0.0133323463993121 0.270439362386679 0.335989992129383
-0.0104680942318858 0.0106320815776981 -0.0886235757947207 0.306263328491139
-0.00842457549561798 -0.000402134993097271 0.0103800107148832 0.0388434662923515
-0.00689455985986513 0.003725280671421 0.138431328424358 -0.245985569775919
-0.00113525454043765 0.0214072893614412 -0.237292462761561 -0.415025952605923
0.00706221185917793 0.00827132772711133 -0.49505898875319 0.0282447698658222
0.00522681224255684 -0.000389459214681989 -0.0952503291882897 0.37041840346539
-0.0053979676790807 -0.0025583134870164 0.197607173275022 0.191599679744869
-0.00417855982675406 -0.0032940964592084 0.174091766128095 -0.0302448463159917
-0.000900630901136785 0.000219343232389728 0.0359555073766969 -0.12507913852219
-0.0115395285937831 0.00699998241331565 -0.0361565688722323 0.0855108508736718
-0.00566803231082167 0.00285768019526687 -0.13677553862873 0.00901631334967911
-0.0148373096646407 -0.0105069893026515 -0.170709372210722 -0.159525456757526
-0.00564868459182671 -0.0153934670009007 0.0769327338164708 -0.320745847651738
0.00530700093686884 0.00033094625613877 0.417653172298287 -0.0674059420263576
0.00776396718888541 0.0154679086148273 0.2605619206632 0.34924277114531
-0.00937710753117418 0.01170153881645 -0.0958257021826976 0.308380759976818
-0.00742533690265604 0.000396162694677877 0.00943616366229099 0.0402999954213471
-0.00562737256795799 0.00486085659577588 0.132691575538861 -0.24529655869467
0.00138019933744652 0.0231614235976585 -0.247145485560822 -0.401522297095004
0.00707908571817154 0.00966032984686569 -0.490717965497419 0.0464768631792847
0.00294611238875254 -0.000500451479181274 -0.0820243777948805 0.375653934520586
-0.00514249766154543 -0.0051750849609966 0.203589149538731 0.186122057996179
-0.00282189864491644 -0.00244210211970908 0.175580996497859 -0.0343368698087477
-0.00262116435785811 0.00278267170339333 0.0362408567114381 -0.12692725665382
-0.011899225482923 0.0078327775666523 -0.0362603391669108 0.0843319129495143
-0.00332665604807812 0.00331025110779603 -0.134343751117811 0.00574795824870746
-0.0128200114563465 -0.0118971338704669 -0.165395262987265 -0.164273461508302
-0.00646691291998783 -0.0147793500436652 0.0862178321807143 -0.317231900164904
0.0045115902051523 0.00123813717769189 0.419110246589082 -0.0501775730561194
0.00835169908445024 0.0153154769471237 0.253353970239463 0.362443885775511
-0.00795930206282549 0.0111210195202683 -0.101931464693111 0.310748248780414
-0.00622379181091807 -1.4108810076226E-05 0.00906826910254271 0.0418161142135898
-0.00400857379626827 0.00493696938561314 0.127384803225389 -0.243854050805653
0.0027105061066233 0.0232437204041869 -0.256607116179075 -0.390638539502233
0.00662662856292083 0.0106829589547775 -0.488250334986024 0.0667279537216072
0.00148938920362652 0.000209160192304964 -0.0721635249379046 0.379847769443527
-0.00330088635268257 -0.00577915472016843 0.20944912757277 0.181471490181007
0.000815007131750933 -0.00162425463475296 0.177567689996975 -0.0385707357835535
-0.0030658874560984 0.00351049803528846 0.0357807313697897 -0.127430771374913
-0.0115786844818751 0.00818901396554815 -0.0366924891251701 0.083495291785107
-0.000253313356916707 0.00404149493299325 -0.131328516482877 0.00495875486333388
-0.00965500365247789 -0.0104140376474809 -0.162031456271295 -0.168735708866471
-0.00672042671005686 -0.0127494612644586 0.0912260850834683 -0.314244665052107
0.00315257737147942 0.000833612839403764 0.421608708499952 -0.0376203052616329
0.00860281521277438 0.0134483534942027 0.247756394343364 0.370932828864028
-0.00644196566230845 0.00981598721602878 -0.105952250960528 0.311999892086295
-0.00502667121782685 -0.000840512510196635 0.00874546690753988 0.042961241955542
-0.00274050099917341 0.00351622383689957 0.124990313961228 -0.24207302442701
0.0029128628870041 0.021096433567332 -0.261143450783029 -0.38292159547557
0.0048053893766458 0.0108019490546194 -0.486572747759023 0.0774227525414511
0.00151044246293896 0.00182408223537928 -0.0659032557952292 0.381187883928897
-0.00085149363683088 -0.00437391296025652 0.213439425502282 0.176949068259004
0.00433383739648376 -0.000878413146958815 0.179805210114579 -0.0409866467649382
-0.00212128327041902 0.00436061907047119 0.0355882983685501 -0.12772552427466
-0.00992833106564395 0.00785778739035912 -0.0374970026399822 0.0836274074796438
0.00309705545566971 0.00541842117472404 -0.129195336006268 0.00516746721352391
-0.00690419558901273 -0.00696168105389757 -0.160499862988899 -0.171078400438991
-0.00670208161583524 -0.0100293834154796 0.0908187727834595 -0.313689430069591
0.00120795197529972 -8.63760289100861E-05 0.421281412250319 -0.0331272373058247
0.00872037653215043 0.0104692982041762 0.246728700287715 0.375604914157006
-0.00507543205431028 0.00774616081887498 -0.105228012200608 0.313451404679387
-0.00390468959944969 -0.00174200065308018 0.00906048966178004 0.0448432814969724
-0.000885760202308438 0.000938234909990943 0.122944809200944 -0.241538318061695
0.00253650842797338 0.0174724289744847 -0.26263714794214 -0.377498002712798
0.0020015669831124 0.0108758194506484 -0.483500854798695 0.0849096411519693
0.00187983512803135 0.00497770314745541 -0.0632973197833316 0.382801109843968
0.00351742531908844 -0.00131513777801574 0.21533764467879 0.174052829833336
0.0080988644383558 0.000427606185148532 0.182050677742214 -0.0414873944569917
-0.00120713723276651 0.00328785851360582 0.0348845003671048 -0.127292627063964
-0.00740930754876648 0.00711156920142938 -0.0385644128458887 0.0837453688736388
0.00547876460891492 0.00637916893173684 -0.127233589108599 0.00655525622465723
-0.00368660316363468 -0.00174283673222027 -0.160798421421172 -0.172427994271603
-0.00668553458754745 -0.00631217888488873 0.086849321683219 -0.313955034671254
-0.000879111651876942 -0.00157718067452605 0.419860506624819 -0.0337569724882172
0.00797586861012949 0.00554436111147006 0.25145724395753 0.37571370777464
-0.00370670292434302 0.00513507350810593 -0.102165390237399 0.314724034383328
-0.00329438944354679 -0.00329094211226761 0.00981665845637595 0.044936319195002
0.000189906271373191 -0.0014046087848107 0.125430168501467 -0.240678977371723
0.00110984210622454 0.0129209438545342 -0.259054411525945 -0.378077876911771
-0.00068668867214581 0.0101280994235821 -0.48533462508588 0.0830444244671773
0.003331693509136 0.00785033715734192 -0.0683911342359089 0.38226483210094
0.00784348738933173 0.00278278721271135 0.214460299292544 0.174498835059901
0.011430193680782 0.00136890868183654 0.183925442938262 -0.0405834146942842
0.00133220984398806 0.00177762206830829 0.0342760402250553 -0.125383215081381
-0.00482663444178156 0.000882893698794203 -0.038817435849511 0.0928523118095812
-0.00766275309151159 0.00435137008361927 -0.139295877622887 0.0203291823582465
-0.0114466543409381 0.00138725803068446 -0.186266813493391 -0.145466268286926
-0.00146421907783376 -0.00929226750892503 0.0403271956141962 -0.327616829054532
0.00127252768073441 -0.00598363916062782 0.397652321303709 -0.1146793064281
0.00246257759090241 0.00525800002586283 0.287083463641974 0.307606189760769
-0.0109764921211949 0.00662461739282243 -0.0698689539791339 0.299493194042961
-0.00928485431188389 -0.00254169198744154 0.0130301418594128 0.0365150166489893
-0.00744368549912332 -0.00093180653152167 0.148951026272902 -0.242806634258086
-0.00502570032527665 0.0124418711105207 -0.212392674807765 -0.428813789578431
0.00378583240089748 0.00403209322900647 -0.494201422446732 -0.00211165436649989
0.0091354403025488 0.00461135988703149 -0.116471919432839 0.359616911810222
-0.00091093055821404 0.00665306524739707 0.186517805453142 0.195485077187479
-0.00407174715884954 -0.00208165650964137 0.170933167209386 -0.0236438332637775
0.0044785827427805 -0.00492594318142937 0.0334416572419737 -0.12085468375038
-0.00739470185358345 0.00356804962070149 -0.0376420228731919 0.0899319994051481
-0.00834065083604508 0.00341070506430924 -0.139187507507848 0.0172036973283091
-0.0140376314414507 -0.00308161729654485 -0.181841404101466 -0.147340463701563
-0.00310679653137446 -0.0122245496398448 0.0509005979328899 -0.325051830499417
0.00337859605215302 -0.00385584572109849 0.402571233066511 -0.102118368421568
0.00436312271539786 0.00981800087746842 0.279304679906291 0.317666535070484
-0.0108604797553497 0.00857434737962158 -0.0775076474771112 0.30127538162909
-0.00931895000278504 -0.000935174912568744 0.0119677061348531 0.0368894150943117
-0.00753787439009352 0.00170917811140873 0.142465847824331 -0.242946699747634
-0.00306398082046628 0.017273313974515 -0.224644274093692 -0.419838293800769
0.00561755844636614 0.00581880838971348 -0.491627571449576 0.0131753818862296
0.00702292068115586 0.00197731204361938 -0.104403406657855 0.362614715648924
-0.00339691003824123 0.00157287630167325 0.190422308118736 0.192494580291326
-0.00511626673193499 -0.00290208263952732 0.170996043782228 -0.0272538168169334
0.00172900025555634 -0.00231014501250934 0.0339810211171163 -0.12249350687735
-0.00953386958706919 0.00597875334449695 -0.0363217429164834 0.0877429396319768
-0.00733960645404206 0.00355214949538701 -0.137980994496714 0.0135102873506736
-0.0149278937482923 -0.00724971119413183 -0.176103868153963 -0.151528203246251
-0.00470919852832022 -0.0139917264653151 0.0630849472164754 -0.321349490112429
0.00482634271001537 -0.00186160226335551 0.407371148915126 -0.0861075855421682
0.00639465400105095 0.0130729240825353 0.268847462573452 0.33090109042063
-0.0101092433046839 0.0108634667910549 -0.0859973649236167 0.303056353183078
-0.00875039795684083 -0.000241901831304045 0.0108625541631114 0.0382298174142586
-0.00662895650467649 0.00376995974509591 0.135629565945351 -0.24358735293271
-0.000544410337999543 0.0209581705650449 -0.236638825403183 -0.407803786493018
0.00756834994409748 0.00767905306026642 -0.488217874107102 0.0317099616359015
0.0052936226513453 -0.000384011968171866 -0.0911659814237164 0.367394199462767
-0.00528055100757368 -0.00296346616837538 0.196574064157439 0.187679704791838
-0.00476689763641321 -0.00294657552364649 0.171980765956832 -0.0314315110255854
-0.000617545294618877 0.000322750663824391 0.0348095042268359 -0.124227054323886
-0.0110927735229893 0.00717282306401433 -0.0356105202309723 0.0854717374817762
-0.00556736186184537 0.00285181371017 -0.135734684494556 0.00988474148530836
-0.0139614041091642 -0.0102296056854687 -0.170315310092395 -0.15612003011095
-0.00590946442534047 -0.0149562368518238 0.0739396135243099 -0.318047523451911
0.00482925727598403 -3.32220702280442E-05 0.412507098226449 -0.069543835561476
0.00783093766099253 0.014838771971433 0.260600091987496 0.343391302235032
-0.00921964936974136 0.0114892988523211 -0.0926874678759015 0.30490073721351
-0.00758444006762629 0.000161286471999373 0.00964041434736768 0.0396681992348512
-0.00586286891619102 0.00489867553112531 0.129148519284673 -0.242710524861009
0.00141280794784814 0.0226022505486854 -0.247402613786368 -0.395669669783851
0.00737606685671294 0.00948252170122207 -0.484997463793521 0.0509752002603295
0.00303495950156709 -0.000932011008141566 -0.0785243832679225 0.371045674822708
-0.00514556840643046 -0.0051773980771522 0.202739976636456 0.1828176658704
-0.00243248793146554 -0.00241596352171474 0.173698909529641 -0.0351476870556664
-0.00238418946307284 0.00251453227331416 0.0343794911339155 -0.125706873341614
-0.0118710923832223 0.008617983315909 -0.0359142174191077 0.0840596486084385
-0.0029965979225785 0.00334228635524352 -0.133001985769409 0.00734940051838362
-0.0125436456198273 -0.0114851438008018 -0.165129841253654 -0.160883253598245
-0.006662919760872 -0.014517629125663 0.0822633687900228 -0.314098648226265
0.00470012331000544 0.000802029040728379 0.414833421121633 -0.0530367064729091
0.0084903517296913 0.0150270835492833 0.251801883789009 0.356813762495059
-0.00746092157205226 0.0106530724927965 -0.0986834174781647 0.307170769710164
-0.00617229614148361 -0.000290808070570856 0.00874131613113483 0.0415844576856259
-0.00415240893590748 0.00465228376995876 0.124108163522653 -0.241418934313808
0.00274124260554671 0.0224018381041426 -0.256196701439093 -0.384001204179648
0.00654967193182068 0.0109467183587413 -0.481962395743614 0.0691950273374635
0.00147448762204804 -0.00014036019391459 -0.068308866554986 0.375075287313106
-0.00340628219641948 -0.00547371272137371 0.208263813373726 0.177442467985708
0.000864366422825275 -0.00163892944319865 0.175542152213008 -0.0393517732336942
-0.00314915637818872 0.00390261856924118 0.0345823715207781 -0.127290007173995
-0.0114645084543942 0.00858128585796958 -0.0362908718931715 0.0828810998025231
0.000271120425845499 0.00396157149462268 -0.130597825776499 0.00563040544412071
-0.0100097964495038 -0.0103138928543742 -0.161470048575349 -0.164995865026827
-0.00689436099237402 -0.0121401386514754 0.0875923133922358 -0.310818859672126
0.00333365482477772 0.000578208728131836 0.416045924498656 -0.0409931135698762
0.00883640782767484 0.0131210358323024 0.247842777262874 0.363408300591318
-0.00651329597302538 0.00912583716618151 -0.102500258055091 0.308342612425759
-0.00484956689866752 -0.00110069870362853 0.00867412768320742 0.0427324089515728
-0.00219916073062908 0.0030517212210379 0.121267406603518 -0.240299090894718
0.00343968516473128 0.0208883206503445 -0.260144029814862 -0.375364186607794
0.00463125171688801 0.0111516635876175 -0.479841952657604 0.0801258281459559
0.00138721668766304 0.00226727496030311 -0.0622649000831198 0.376930769105262
-0.000771912324204439 -0.00477544690958132 0.211642786568441 0.173538223917787
0.00389602743096796 -0.000762986931686791 0.177998225853346 -0.0417584115338461
-0.00253164440059211 0.00392867654218958 0.0346019443623638 -0.127095825692314
-0.00942485239146394 0.00844051693779402 -0.0371534821677605 0.0830349689106739
0.00309623706322589 0.00544627625795627 -0.128200003025897 0.0060041901253511
-0.00669597972348357 -0.00650274924585767 -0.160125250875127 -0.167924716126817
-0.00698961505722284 -0.00971775178220261 0.0874085090149191 -0.310423755493023
0.00106301735775791 -0.000142372125919483 0.416762091621903 -0.0359632010501773
0.00862323569484161 0.00995940903721459 0.24688867295542 0.369867215180751
-0.00491100956838836 0.00727081332723302 -0.102503388705753 0.310612759300893
-0.00370026820738502 -0.0019672459804155 0.00872725512246989 0.0436281278976959
-0.00061827633744284 0.000901087218178808 0.120721913261736 -0.239457933153403
0.00317543293228549 0.0172246892749305 -0.262697443260204 -0.371769466921225
0.0022204248944101 0.0108207615010837 -0.478532590945487 0.0880865900203832
0.00214385101534583 0.00503291488042642 -0.0600480842119664 0.378294041856939
0.00366498040714955 -0.00143906470248126 0.214262907213263 0.169362251641982
0.00816503179372956 0.000451299040178417 0.179675896796218 -0.042673455383795
-0.000993342100893408 0.0035740893415963 0.0338535996134128 -0.126589314160449
-0.00727384402468449 0.00731716448504474 -0.0383972186306237 0.0836880303752335
0.00549157817344693 0.00655355736238017 -0.126400709730704 0.00758574150740167
-0.00358489606385437 -0.00184829631342958 -0.160704453198607 -0.169151720240689
-0.00666113184211436 -0.00595944791218938 0.0834154635610973 -0.31079130518853
-0.00119239015438919 -0.00158119949161427 0.415074964446324 -0.036472767852184
0.00786817515472175 0.00538334532688441 0.251608733413568 0.369930964611794
-0.00357900283607867 0.00481836742992733 -0.0983121467579289 0.310798036947916
-0.00330654134356227 -0.00358232816230833 0.00991814158332852 0.0442572744528055
-0.000429370024083982 -0.001808530884726 0.123616219745053 -0.238299162309619
0.00153729337047211 0.0124945623302879 -0.257893087985737 -0.37179349799123
-0.00019415952399631 0.00977069516858466 -0.47965748617229 0.0860792124905481
0.00349103876704704 0.00843100738539707 -0.0646204907844016 0.378066969530885
0.00798147396343295 0.00255432228438012 0.213271006971231 0.171027490285514
0.0115808190928164 0.00114549839632748 0.181549009517263 -0.0416137969957727
0.00084072030741937 0.00153273152576209 0.033834315162883 -0.124734874662483
-0.00454187715684734 0.000947675156583698 -0.049264050740537 0.0846768987393639
-0.00783438636227372 0.00257412723414223 -0.138827940730881 0.00298591228456558
-0.0100832352285109 -0.000161154954901063 -0.162356535914058 -0.164207038808902
0.00164749849509836 -0.00909828837596483 0.0798601235782732 -0.306828044676244
0.00247795133548346 -0.00365694910745473 0.39671104106479 -0.0598736455620536
-0.00218578208880203 0.00317381247049792 0.239500608667811 0.334180549993091
-0.010294237032829 0.00418328911362471 -0.106257086459673 0.282156664356272
-0.00848878757058679 -0.00386987453611472 0.00777794784594179 0.0376613457860795
-0.00911471585489667 -0.00235674054646653 0.179667630726126 -0.219432361773497
-0.00677105931764707 0.0135645243192655 -0.15178729321606 -0.451079572170556
0.00566791423986663 0.00703266312095428 -0.488893282569756 -0.0682639748108872
0.0121584479509972 0.00152493079857203 -0.164198413032827 0.342707994980951
-0.00126130923410714 0.00193576680915431 0.158588187233716 0.219866075443533
-0.00530289666380998 -0.00364142466950344 0.173859921651245 -0.00183997652532116
0.00438713175126284 -0.00397250036188732 0.0500240943037778 -0.11710024332794
-0.00782603582974188 0.0024238878155282 -0.0484534290121943 0.0822918473767603
-0.00831540581419888 0.00226949253780821 -0.138362430607883 -0.000113124197427386
-0.0121264699528106 -0.00514653799772387 -0.15649910293547 -0.165942963385229
0.000455916946745314 -0.0118378539139737 0.0905306408299992 -0.303468376204536
0.00355085585622207 -0.00164592221011952 0.399218855734762 -0.0480492941779965
-0.000360418352563544 0.00766336244688464 0.230610382488213 0.342875252756609
-0.0105165518596314 0.00674641116308521 -0.113565708318493 0.282574028677319
-0.00858051707400344 -0.00196176094093019 0.00647711097793359 0.0379768529661501
-0.00947619888316543 0.000454232856202857 0.174078616063852 -0.221412644728313
-0.00551139438616491 0.0184772278739853 -0.162912066669256 -0.444499219848282
0.00812451907307371 0.00886320094650573 -0.489245377440121 -0.0539838846288483
0.0108877917442427 -0.00204237079659449 -0.152481931129729 0.347721979360625
-0.00361850103069975 -0.00362652410592229 0.164178449859398 0.217722106476352
-0.00592586870944461 -0.00409088041146412 0.174612365101976 -0.00532849131762725
0.00104306793306329 -0.00132885980888224 0.0511141069860811 -0.119287877500071
-0.010073883106573 0.00395056855951606 -0.0469569692397577 0.0800434865613999
-0.0076797144593417 0.00192264674710724 -0.136869412895505 -0.0038472761497026
-0.0125013533293921 -0.00951980580888834 -0.150678638292033 -0.169221228968631
-0.000435529338274422 -0.0141392734149632 0.10147579090817 -0.298662269761074
0.00464195555981641 0.0008081469653423 0.401899678136661 -0.0307054244513413
0.000971220506525738 0.0114119364001708 0.220233424112809 0.353897071180945
-0.0104928990048331 0.00828358325389121 -0.121809235558019 0.283852329730472
-0.00833976183637196 -0.0013234360499577 0.00482852849597785 0.0388756678554658
-0.00922924330809046 0.00277175604734478 0.166934619301133 -0.221551663676254
-0.00321489950241431 0.0226517543257359 -0.178489288871167 -0.434311147747687
0.0091728201967185 0.0109833389810435 -0.4887899377674 -0.0352887168040284
0.0085626581946456 -0.00388429936278065 -0.139983511509972 0.354296510286536
-0.00412953771175845 -0.00771619296083845 0.170565155987142 0.214498273681359
-0.00471832205624281 -0.00417647628694351 0.175752216388024 -0.00990231267325962
-0.00164248691458486 0.00103316263212679 0.0518069485045624 -0.121351114350187
-0.0117261263287425 0.00586567171057456 -0.0462809732381082 0.0773848555081416
-0.00555808665450198 0.00205038993922919 -0.133625099328357 -0.00669353832543
-0.0111842022693654 -0.0122087973193725 -0.144399266551797 -0.173281320732983
-0.00169940364080268 -0.0152656694440295 0.11057093208264 -0.29450883734952
0.00482047565990249 0.00249068152227912 0.404419156213832 -0.0151179368105966
0.00192827194454563 0.0132030096380079 0.208666960038288 0.363604629700319
-0.00886804238760375 0.00951152050837017 -0.128114426498028 0.28525875007645
-0.00722766166250795 -0.00102839971424649 0.00391891387376849 0.0402337578180269
-0.00812064005067685 0.00386468128659973 0.160699165020191 -0.222146146100597
-0.00194654750638871 0.0247049582485873 -0.190844164360437 -0.421805397993818
0.00904737392450277 0.0125834148344157 -0.48733318218628 -0.0149135830903206
0.00648423686387471 -0.00508603710759933 -0.126865678370432 0.360705682161605
-0.00417040085063083 -0.0100880017047523 0.176892739742142 0.209482753145835
-0.00336581886377092 -0.00368490170491654 0.177976940946433 -0.0135024362075477
-0.00366454652464873 0.00268678701195427 0.0525029115785538 -0.122611877626023
-0.0126771265876052 0.00681629014669764 -0.0459648057479026 0.0755360576815922
-0.00348753983351422 0.00269913969324567 -0.131194783575363 -0.00886307355141569
-0.00955241734720264 -0.0127198399705795 -0.139055850853087 -0.176900160927261
-0.00253029154723098 -0.0143422485963938 0.118956336151173 -0.289379532845639
0.00430473060666633 0.00293755803817578 0.404659135733456 0.00252251463863024
0.00245513590600112 0.0135546269728625 0.198771680664206 0.375911451587986
-0.00808536776104143 0.00905643025172112 -0.135362200776566 0.285514010835587
-0.00618061305190083 -0.000921124952560202 0.00282055798586766 0.0415602524290524
-0.00684158703488323 0.00423268181395642 0.155444421298582 -0.221988638940968
0.000231628326092052 0.0249801881991385 -0.200641504675345 -0.414435899210188
0.00850732363759495 0.0128661499348046 -0.487869662732377 0.00274497602099716
0.00492772903944594 -0.00448118753991828 -0.117750853731862 0.365780577830741
-0.0026753789830157 -0.0104965113300922 0.183838700571123 0.205454986620166
-0.000259112488271762 -0.00224490003158988 0.180343146310212 -0.0170147513584321
-0.00448080770521208 0.00430286375021271 0.0525072011243187 -0.123428611458886
-0.0125305359377243 0.00721260161342574 -0.0465392940746201 0.0747440351199297
-0.00043805882692397 0.0039537301234159 -0.128107124111856 -0.00986677566790598
-0.00733150314610537 -0.0108269118618181 -0.135249850396142 -0.180320349178415
-0.00309837261575976 -0.0126593260021248 0.123257006463838 -0.285241303692672
0.00298565853943384 0.00312352765111195 0.404805755363869 0.013822376722646
0.00323045579220933 0.0115490629477102 0.194323097461301 0.383662843851279
-0.00619683882401606 0.00759199522603879 -0.138688713723949 0.287321891675349
-0.00485914121346583 -0.00142750837370889 0.00248294128977366 0.0431915888438932
-0.00480866482415531 0.00272749250190332 0.153361398048372 -0.220717226352692
0.000107791474804094 0.0227989736937191 -0.206029652241368 -0.404609150754813
0.0065257303301904 0.0133709172726512 -0.48748721223785 0.0150217324273708
0.00430851959332287 -0.00283769485774497 -0.11214587222505 0.368591683659447
0.000185840105865251 -0.0090045897831959 0.187430241095733 0.201474510799401
0.00313275130263508 -0.000825391706705859 0.182160254145052 -0.0192530390779603
-0.00357435978577377 0.00445398528924525 0.051919607698028 -0.124158154686894
-0.0105166417117998 0.00711126245050776 -0.0468857115487943 0.075165671976614
0.00216009896632134 0.00560286237565618 -0.125255285879577 -0.00894343708529063
-0.00439545707461695 -0.007257533205261 -0.133327377046163 -0.182282479229525
-0.00348724984532623 -0.0100030040883589 0.12276726167547 -0.28449418597282
0.000844332080385311 0.00139741326413153 0.403872831990102 0.0180735375359619
0.0034399728698475 0.00797070670741726 0.192856719880856 0.389332350361557
-0.00458841851010209 0.00586994508704978 -0.138333892060314 0.288726439067155
-0.00305657603599636 -0.00234598950660539 0.00254791816232296 0.0437732572998703
-0.00278084512549344 0.000514004383232569 0.151753282815621 -0.219615892300586
0.000587272488477523 0.0190302550485818 -0.208745920207919 -0.400607408008479
0.0042743847261287 0.0127857617959891 -0.486208274950881 0.0220847724793585
0.00471367846494698 0.000348753357888618 -0.109972031276499 0.369956971083439
0.00378056689665793 -0.00555891261011121 0.189951602551176 0.198000575378437
0.00646699163408517 0.000695143057866136 0.184163680742915 -0.0202585524787105
-0.00236405890886333 0.00385129959625777 0.0505211303504723 -0.123246197424868
-0.00784207847478566 0.00631273352831916 -0.0481647912380046 0.076246936104271
0.00395723244030254 0.00718412356592826 -0.124078387890971 -0.00693247025988944
-0.0025314200102464 -0.00212794113895546 -0.134040983142737 -0.183186346129654
-0.00374048141153363 -0.00630630737065174 0.118891918949586 -0.286050351829715
-0.00135775950905122 -2.19278355374185E-05 0.403347228271286 0.0178609929670161
0.00321795858199984 0.00350768735696865 0.196808402636549 0.389093242109481
-0.00326833830053474 0.00369825603911604 -0.13577686321232 0.290241270858323
-0.00250287780472842 -0.00429348425022984 0.00344746816477537 0.044626697871944
-0.00153071927357813 -0.00188502574501312 0.153390907417417 -0.219212587096716
-1.33984636296759E-05 0.014400555211085 -0.204609582597976 -0.401093096741143
0.00164528201205392 0.0114273736444545 -0.487453274105405 0.0187904321572525
0.00592237709889138 0.00390792352979184 -0.114666881885675 0.37006956885811
0.0076026073383483 -0.000404596104255627 0.189182268628074 0.198229320578985
0.00963206271138961 0.00197948203963921 0.186477643160635 -0.0189489835720145
0.000284434640104619 0.00257012912775236 0.0512404810832755 -0.12213882179149
-0.00448050280587347 0.000734099906449061 -0.0495811916239231 0.0841421277387026
-0.00798024575350424 0.00259092600611309 -0.137523087435477 0.00381560906985772
-0.0100185005474651 -1.72602642625143E-05 -0.160387279091069 -0.161225959602438
0.00147238120339063 -0.00901698542691426 0.0786716043266451 -0.30330286915321
0.00214427819643785 -0.00377238175830155 0.391350615855171 -0.0602277451710772
-0.00178462723170896 0.00323860082543061 0.236815226759148 0.330675439546889
-0.00963616881760427 0.00424977712860786 -0.104776070288297 0.27869719208479
-0.00864147419186074 -0.00355130736392836 0.00784525337338196 0.0366346226217967
-0.00935511234330891 -0.00259474857385668 0.177120656283242 -0.21763586195421
-0.00685558479282773 0.0133080389019939 -0.150423501138092 -0.445623392435567
0.00562853166480188 0.00694775924136046 -0.484445792092092 -0.0660977663050255
0.0123544950322689 0.00164270039558277 -0.16154218312754 0.338355904617705
-0.00129751700489965 0.00175589444065673 0.157920653943725 0.217320454909803
-0.0052523769570114 -0.00377048414772742 0.172162804734924 -0.00237240181923704
0.00386990983613817 -0.00356030849500775 0.0499224945812424 -0.115689729953395
-0.0076190060653458 0.00272250593818599 -0.0475865064030079 0.0814768641284887
-0.00811818866076268 0.00197078374202598 -0.136886209187994 0.000316873723687527
-0.0115876577333021 -0.0049224480536381 -0.155687086219165 -0.163700307898149
0.000458877058642127 -0.0115860030575938 0.0886131728047416 -0.299486486082238
0.00373363019399734 -0.00142319704668785 0.395642650602706 -0.0480569787058781
-0.000567111748434134 0.00767612415247435 0.227373067258953 0.337820895399548
-0.010502434872787 0.00654704921695933 -0.111616939268179 0.279299114972245
-0.00866872892508255 -0.00228664923993608 0.00613002480451109 0.0372120819502095
-0.00937992038479083 0.000127191610910315 0.172537356817727 -0.218500534969524
-0.00539756771539042 0.0185248525963627 -0.161401902180443 -0.438860816833811
0.00806840444225994 0.00901381640197711 -0.484626131446203 -0.0524681704654403
0.01079390770477 -0.00209051920679298 -0.150270613337941 0.343995225175815
-0.00305760443575889 -0.0038629784595098 0.162192770803264 0.214785838069834
-0.00553588590714125 -0.00420924915261456 0.17258934107298 -0.00588475583622768
0.00114565331427905 -0.00120142070518971 0.0505813375542044 -0.117990569254838
-0.01003894457349 0.00462485642660112 -0.0469291139775274 0.0793351609621263
-0.00772296461238767 0.00174194333078709 -0.135878091091258 -0.00351301912028476
-0.0118795349522122 -0.00940159980570374 -0.149960788972415 -0.16706141342695
-0.000412177142927501 -0.0139210025598101 0.0993387144442269 -0.295240754746855
0.00477633501259136 0.000568851928702865 0.397491895515659 -0.0316355707252068
0.000720158562208389 0.0113784501270392 0.218113483183504 0.349262749647838
-0.0096294297475784 0.00790203810031622 -0.119547751666209 0.279897125291122
-0.00803458119632076 -0.00154173625960173 0.00432508510795036 0.0385774832135514
-0.00892956666165305 0.00231748384355828 0.164828403595445 -0.219279821575372
-0.00328543242038927 0.0221019015885567 -0.176784560764086 -0.42824974245349
0.00915585545045867 0.0110863062149735 -0.482736621942168 -0.0323322699851959
0.00856122066256963 -0.00404771961440635 -0.138107121067112 0.35079437981165
-0.00387626465206477 -0.00780973203407903 0.16876911556268 0.210878571875878
-0.0051704687027463 -0.00442629451159454 0.174179578191079 -0.00972496962466914
-0.0016184757097451 0.000886440861957717 0.0511895931085926 -0.120129314729294
-0.0116003009102817 0.0061513492124976 -0.0461930549440635 0.0776371142408242
-0.00608944788736083 0.00204404148595065 -0.132919104991996 -0.00612773480501045
-0.0111006116626133 -0.0119252860830985 -0.143817462890162 -0.171073319934315
-0.00178525939726214 -0.0147233497539336 0.109035599185574 -0.290524554857632
0.00488726700247723 0.00258936715151712 0.399528236074951 -0.0151263525620975
0.00182876219080527 0.0133523180828273 0.206209650338232 0.360456472708612
-0.00931387166128029 0.00917804446878409 -0.126913076240224 0.281463402206008
-0.00744747796670761 -0.000718698622849817 0.00362243502790636 0.0396666254232548
-0.00792500453629897 0.00377112575792435 0.159087139787221 -0.219410802523302
-0.00148721195106032 0.0245524102687271 -0.188755844826476 -0.417356148774572
0.00962671489519105 0.0126833206288629 -0.48178104016283 -0.0149923002514611
0.00695309408500392 -0.00497438916901471 -0.125680098966674 0.356294075080854
-0.0040271556652808 -0.0102375539022102 0.175419636187855 0.206333685636544
-0.00286708749396979 -0.00360333604391579 0.175800121366803 -0.0133381277544878
-0.00331896096674344 0.00287895938283434 0.0511184134687957 -0.121698124207291
-0.0123793561159149 0.00711865795867964 -0.046295192748325 0.0758824741112092
-0.00312011752029529 0.00298040019270759 -0.130175923923227 -0.00836586739013482
-0.00916745163005438 -0.0124772712994397 -0.137418189698175 -0.174766644976225
-0.002201077732346 -0.0146224578590665 0.116613124740599 -0.285922132331839
0.00443921012640312 0.00348918562635387 0.399732572086608 0.000121645772350853
0.00258322255114788 0.0133488432645474 0.197273966975629 0.37196503064444
-0.00794620491699636 0.00858367303335843 -0.132793506795634 0.282305157595687
-0.00618169563915461 -0.00117364470392137 0.00248443750477915 0.0412428159774192
-0.00643454737182366 0.00380050336668849 0.153624070160961 -0.219211068576695
0.000271076061949391 0.0241270272323868 -0.198130507594639 -0.40763930672226
0.00845755767788367 0.0129683625160959 -0.480481026817066 0.0034280828229372
0.00464163614276574 -0.00449691590937652 -0.115169482659566 0.361817204115407
-0.00229837179584402 -0.0102655242503251 0.182137648313681 0.201789819024585
-0.000595770051373656 -0.00248711574034178 0.178271095344191 -0.0168113359016242
-0.00404884114658838 0.00409876958924239 0.0513932798876845 -0.122360965739669
-0.0123683465304408 0.00724373699193265 -0.0462142483617414 0.0743941312500088
-0.000809161397485542 0.00396562575274225 -0.127206821918659 -0.00884584810225096
-0.00688321233706454 -0.0105313679959392 -0.134177096783913 -0.177908577433636
-0.00288253483795508 -0.0120955010353742 0.120889067040566 -0.282694836879416
0.00294459566424537 0.00325333513478231 0.40043139686936 0.0121768652669302
0.00314155509840291 0.0114393533134457 0.192712226810155 0.379797303723235
-0.00590086718743947 0.00753948849338475 -0.136774679423334 0.282547027896395
-0.00396833355627764 -0.00159416318884739 0.0022524135943929 0.0425874922163527
-0.00455496658237702 0.00288681199597034 0.151245898381045 -0.217734075131594
0.000814860937248444 0.022129293200847 -0.203644514138617 -0.400374322556178
0.00647176138232341 0.013217160753833 -0.480858809872101 0.0158809134049229
0.00456389474383348 -0.00251771664089629 -0.10985890669269 0.364230962227939
9.38974147890563E-05 -0.00888331395339955 0.185920585571133 0.19829656181954
0.00317432402466544 -0.00084863571286913 0.180669033808222 -0.0190646528752793
-0.00340903295392023 0.00453310632637435 0.0514209290264085 -0.122655309682361
-0.0107867524876915 0.006774194785742 -0.046928384192746 0.0745438996525748
0.00159956109792719 0.00543623163212654 -0.124650755494434 -0.00823024367043929
-0.00464548296340858 -0.00721124850930653 -0.132704154909471 -0.179558679962501
-0.00344481865653329 -0.0095826544843837 0.120627667583822 -0.282242528250919
0.000894521083904311 0.00200339529138016 0.399280296492083 0.017126518091151
0.00356898335761076 0.00795892521029014 0.190792616872794 0.384139688413096
-0.00436776307841633 0.00599697203061626 -0.136569511198749 0.284525499412803
-0.00338583763032614 -0.00267172059705623 0.00236440906210619 0.0436397687764713
-0.0032413508464309 0.000704869616054535 0.149993862535837 -0.217680910478183
0.000628884072232853 0.0190137362463529 -0.206441091336691 -0.395128334419582
0.00440302559816653 0.0127362958813862 -0.480551653256596 0.0223090932885627
0.00468748380395096 0.000177179733292719 -0.107543054496953 0.365833713517156
0.00359575633846826 -0.00525533814129208 0.187952567100184 0.195752723912674
0.00633688866729531 0.000427316144289628 0.182468630551722 -0.0201227701102329
-0.00217284112974896 0.00362316492760245 0.0507600815067534 -0.122107999361593
-0.00813277802705355 0.00642135920750377 -0.0484344716467751 0.0756621572306547
0.0041175651255389 0.00676606015399615 -0.123412215910683 -0.00670919621642588
-0.0020101828582616 -0.00227838044988086 -0.132850462230887 -0.180654341778238
-0.00341280743369388 -0.00630260952710451 0.117351923736316 -0.283651364052287
-0.000946349950300453 -0.000102708601948064 0.398089720790145 0.0165558617629944
0.00339303272643387 0.00344322100612212 0.194916413778602 0.384372209888852
-0.00264747879710365 0.00393512392387098 -0.133598529552399 0.285890540099938
-0.00220201853769912 -0.00368296123106124 0.00317121633177587 0.0442889708972777
-0.00164603512281348 -0.00174694224937948 0.152074866825371 -0.216049066975958
0.000439030554435845 0.0140540170247088 -0.202101485053002 -0.395936589522627
0.00198090974209668 0.0113316216091045 -0.481173398605868 0.0215012341322844
0.00521929627488866 0.00396049209228983 -0.113078403659307 0.364718347650839
0.00764171378325922 -0.000858874820587773 0.188100939852695 0.195368639411217
0.00991527398320387 0.00168603237299089 0.184147279689042 -0.0192489008970112
0.000318250909847458 0.0027022186042197 0.0502570244110677 -0.120478128231229
-0.00496034303061049 0.00123696927199385 -0.049305928122523 0.083390866723151
-0.00780327829311206 0.00277448592448835 -0.136570646792184 0.00356167650830696
-0.00995409747561939 -0.000407135860530879 -0.158590508123139 -0.159573575698148
0.00185535104793007 -0.00892330460516449 0.0769337692660581 -0.300624326904923
0.00198639036105206 -0.00330523625041926 0.388115971343574 -0.0602792653244445
-0.00169298956191321 0.00342379987085841 0.234204913975518 0.326158750425292
-0.0100235505374216 0.00405365449335529 -0.104048087434973 0.275148356315486
-0.00811475033864434 -0.00349298883334732 0.00680588235675045 0.0363179497491347
-0.00942897332010039 -0.00255550476359069 0.17597568215261 -0.214296609000176
-0.00655617452509557 0.0131525600595393 -0.147375665526357 -0.440338861455697
0.00586054052301106 0.00680431817643494 -0.478669847698491 -0.0660608141230069
0.0120629828026619 0.00148392968280499 -0.160005621846059 0.335265793375986
-0.000547098665641552 0.00207805616095817 0.155915812552166 0.214695834933085
-0.00485331351437249 -0.00375301497566258 0.170209277120133 -0.0021640449229927
0.00415979320353971 -0.00403541630866563 0.0491017134554203 -0.115191270095679
-0.0072465007284086 0.00305192972050714 -0.0481698180317106 0.0814868824218692
-0.00825956606139247 0.00242760277471218 -0.136083924489999 0.000364801507299574
-0.0114689990389277 -0.00535655322085123 -0.153940636648434 -0.162015741294503
0.000617287056943808 -0.0114071801864832 0.0874163220780692 -0.29684069957634
0.00371527431584893 -0.00124859455538284 0.391132479357504 -0.0468622617895057
-0.000500514958438272 0.00755413198623539 0.224887225915382 0.335138632187407
-0.0103217254027815 0.00649209086814213 -0.110399692460104 0.275040793232962
-0.00837882476427149 -0.00204265384955727 0.00564253139875116 0.0366443364452511
-0.00956818414058356 0.000374152918705307 0.171063121091759 -0.214917946663509
-0.00468411377012041 0.0180652588467221 -0.160304907452839 -0.432850029904164
0.00829233110519441 0.008971743272305 -0.47817172661195 -0.051289746241884
0.0110672379083572 -0.00224011952361491 -0.148493135717548 0.340167434104255
-0.00353318182753551 -0.0039111867882279 0.160302731593491 0.212123823021839
-0.00615065439996973 -0.00428344559737289 0.170636882381378 -0.00581325989044994
0.000728708045720746 -0.00130646173975921 0.0503680291177748 -0.116998032259233
-0.00999357515952887 0.00433403120141905 -0.0470393693811824 0.0791664978448305
-0.0077138462797044 0.00219443467497541 -0.134954128892813 -0.00284896850961535
-0.0117757689326435 -0.00931809059382698 -0.148398055166001 -0.164906774042423
-0.000842736127749038 -0.0135845709209902 0.0986501290770309 -0.292458216090364
0.0042674898631039 0.000973742248896067 0.393091252532226 -0.0309812244848748
0.000838294293745562 0.0108468546200342 0.214314825026625 0.345999395581682
-0.00996273714159686 0.00822131250998657 -0.119043913115869 0.275997774568114
-0.00798450108528285 -0.00166652151674027 0.00450566648489646 0.0380634710525158
-0.0089463925400642 0.0019827894568966 0.164340803542719 -0.216317698888539
-0.00318555190456689 0.022124894211185 -0.173310638820885 -0.423962555988299
0.0090057448618863 0.0106071313261484 -0.477587834212942 -0.0328045607800942
0.00887658380612637 -0.0045362548272854 -0.137459917570578 0.346836141732182
-0.00419924572642605 -0.00797469307582785 0.167145209316088 0.208303715091539
-0.0050396141535021 -0.00429801810313888 0.172160087414823 -0.00957687158280048
-0.00169856631388619 0.000382893949115249 0.0510953346746422 -0.119022930132131
-0.011915908126956 0.00604185426154695 -0.0463382024699692 0.0760743428113122
-0.00565414936164193 0.00245880560362589 -0.131690663978941 -0.00578756562292203
-0.0106858806912728 -0.0118252717852532 -0.141819946043698 -0.168815927633026
-0.00157611928820085 -0.0147516945051665 0.107796177218091 -0.287720522234202
0.00487373010844431 0.00242188030527428 0.395823598999521 -0.0152979880323604
0.00169554569899721 0.012799901402962 0.203725162336708 0.356649024887821
-0.00912962566850434 0.00890660955909146 -0.125959013906173 0.277228371794087
-0.00739611559784236 -0.00080995646429515 0.00304421659077223 0.0393624124391657
-0.00768542890610818 0.00341630281331983 0.157363391411594 -0.216324687242916
-0.000899743266373932 0.0238163504238239 -0.18461757710904 -0.413808880981399
0.00917647911004633 0.0124858094046673 -0.476527579616001 -0.0135868300452824
0.00621899239419105 -0.00499945007689708 -0.12477081362524 0.353182466897807
-0.00350890184399389 -0.00970245051584006 0.174085075250244 0.204171318395406
-0.00305999612388116 -0.00358762517056267 0.173834729614951 -0.0135377813654533
-0.00365447267402321 0.00235631051200856 0.051453640814456 -0.12047028517876
-0.012478405172421 0.00723814855728514 -0.0463374327961005 0.0747617937314012
-0.00325581083927733 0.00286855456240435 -0.128876487283267 -0.00730287803036983
-0.00880711909944284 -0.0124052290978079 -0.136385782744429 -0.172507993371779
-0.00238963549970852 -0.01373592509255 0.115576785794788 -0.283011319143471
0.00432544001151954 0.00311484329959038 0.395429825576647 0.0011451196098406
0.00291581018504 0.0125251994165212 0.194085487908321 0.366962715756417
-0.00775562089200219 0.0088917245985507 -0.132251070132686 0.27836448194099
-0.00564360503152916 -0.000989793464544698 0.00236531910922412 0.0406349334920732
-0.00631946379623134 0.00385147599190835 0.152353202246458 -0.215421270140643
0.000294830730868507 0.0243421473766196 -0.194972112807436 -0.404347759553592
0.00826948275841518 0.0131188254149524 -0.475290384123945 0.00366682721608307
0.0049972102420996 -0.00437090459548595 -0.114855079802403 0.357728951728209
-0.0021859881112994 -0.0102963421619128 0.179938114971128 0.200531524991537
-0.00063457562371046 -0.0021634893204948 0.176343543389784 -0.0165876041978821
-0.00472766709635787 0.00384712012931344 0.0515808101815398 -0.121706070599124
-0.0123808612696374 0.00792045834117459 -0.0464438058777705 0.0740462655884869
-0.000714620762394178 0.0039927736485521 -0.125685732686172 -0.0089566494040145
-0.00663706965336874 -0.010721072896772 -0.132184170263235 -0.175776008046583
-0.0028059175138292 -0.0124907455564183 0.119367451442162 -0.279548475081132
0.00264792497396173 0.00316298233534427 0.39566642325578 0.0126096738088008
0.00327077892494969 0.0112121117980959 0.19022872568124 0.375519566182758
-0.00627891231822483 0.00714293316891654 -0.13490237606544 0.279546823215087
-0.00420919558132418 -0.00180606206921993 0.00205839184196351 0.0416754959200404
-0.00431545556617765 0.00266559238308326 0.150098156029199 -0.214913366501608
0.0012919715074002 0.0221488647197702 -0.200336883447443 -0.395213516095529
0.0065246088826841 0.0130935439390465 -0.475418745856869 0.0142166644034889
0.00419928653879119 -0.00266197003607946 -0.109009764335697 0.359467155372523
0.000591660127189925 -0.00893223306985515 0.183445467833557 0.196414902287608
0.00319728341671798 -0.000846450392865702 0.178802477375152 -0.0192655819701495
-0.00388025211235996 0.00434655030044519 0.0512835198385109 -0.121654185230217
-0.0105847958591361 0.00763747214668141 -0.0471854179995982 0.0746738602961508
0.0017658331782066 0.00576346489795584 -0.12430650270535 -0.00805355263223377
-0.00421481235341738 -0.00713782510893589 -0.130871964628849 -0.177162276782506
-0.00350929035627315 -0.00929894549976223 0.119729934209843 -0.27893046282414
0.00105121802961947 0.00172538629093842 0.395410387909857 0.0172518932603166
0.00358627978011654 0.00840833404120037 0.187651526383433 0.379376071743272
-0.00421624284019592 0.0056971021942608 -0.135104769190554 0.280818250244129
-0.00319505755836491 -0.00244688871451281 0.00202997745347291 0.0429467204315801
-0.00292257863074531 0.000593143153050072 0.148713364054836 -0.21421445092636
0.00120681939324364 0.01843509433042 -0.20298554698824 -0.391161281756072
0.00407922957622358 0.012877103648202 -0.475320784633458 0.0228607554926599
0.00446478017868529 0.000657240056289027 -0.106516660167705 0.361630721867714
0.00363664407000338 -0.00531088955393348 0.186530040288735 0.193770267096755
0.00689569372723271 0.000685860736511209 0.181174183529306 -0.0197594507118254
-0.00216908185452949 0.0033668593617556 0.0502970142178751 -0.120814448952551
-0.00807585078766301 0.00672942645894689 -0.0487235807228317 0.0747754562995797
0.00414818534817559 0.00695959834159569 -0.121880117672521 -0.00655285057924262
-0.00162923778491318 -0.00235974889786329 -0.131937923517359 -0.178677697407364
-0.00363008148443881 -0.00592330957414601 0.115779906443759 -0.280294577078892
-0.000952684809400088 -0.000290504506736482 0.39407948682289 0.0163597776765603
0.00350646722782335 0.00338534333482569 0.192520124797432 0.380125506308586
-0.00299636111103578 0.0032178852954581 -0.131596206328722 0.28218253174171
-0.00281768892608438 -0.00400215508037529 0.00254242934848912 0.0437958733379528
-0.00192400208024723 -0.00209998466210645 0.150756211560577 -0.213073257052827
0.000431869865489511 0.0140255974369524 -0.199937171879299 -0.391692801953168
0.00199760930784945 0.0115128975308539 -0.476883468746755 0.0202725849579862
0.00564165475708557 0.00360383534518399 -0.112700750718113 0.360322090860205
0.00813290294030062 -0.000762646299737443 0.185417971780145 0.193923774732878
0.00975720938544124 0.00174545761383886 0.182275950576029 -0.0187445095174604
-0.000311233979614464 0.00221436284781419 0.0501722390709643 -0.119711334403163
-0.0050547352682306 0.00140740778247154 -0.0496579600280602 0.0826284982355099
-0.00763921260927635 0.00283017324167706 -0.135946772142453 0.0040587350823147
-0.00953780065708806 -0.000511942120851483 -0.157175327237331 -0.15833178760149
0.00192429056382265 -0.0088708788039551 0.0776091812007392 -0.297774147348844
0.00214298412511113 -0.00369268930999001 0.383753845145084 -0.0570748034919798
-0.00160001775666896 0.00325315849816797 0.230976579405449 0.324234024987573
-0.0102974672226907 0.00346958206125309 -0.104153208287464 0.27148293978643
-0.00826267096160292 -0.00396802053234518 0.00666068264481757 0.0360598884115024
-0.0090687153154043 -0.00245316528578228 0.175164134187197 -0.211026668313355
-0.00612931589818226 0.0128737642752116 -0.143414603613856 -0.436161106271994
0.00569703564020887 0.00667660363412826 -0.474093394967893 -0.0663688688294142
0.0121293610564371 0.00144174347163594 -0.159876987055269 0.331076828661249
-0.000870437211289484 0.00187844890161055 0.153298271258792 0.213361806894079
-0.00485705302008961 -0.00370163709999837 0.169085830599604 -0.00210575793293043
0.00376451032668303 -0.00383607655905157 0.0499104848555038 -0.114180693349601
-0.00759741946680603 0.00341877705144163 -0.04860246820251 0.0805697674733964
-0.00843196061035625 0.00196884391611631 -0.135386708735377 0.000128359800514518
-0.0112140803472068 -0.00544322215074368 -0.15270681121959 -0.160504788629231
0.000907653832145794 -0.0112998860608469 0.0871244659778248 -0.293893469583103
0.00364143771489135 -0.00130581747841868 0.387288205652554 -0.0455191441633557
-4.96411525441505E-05 0.00732061806968093 0.220430889358778 0.332288408934557
-0.0101754014150709 0.0061954645925277 -0.110828990951114 0.271592714256113
-0.00854523879666524 -0.00209516731421161 0.00496057648938579 0.0365594951664431
-0.00912883053333273 0.000453756354275034 0.169725280627824 -0.212312123333889
-0.0046190074267774 0.0178005068560606 -0.154635868579429 -0.429370700605351
0.00775963377003927 0.00894309443563956 -0.473177544008118 -0.0527232213820404
0.010698904373082 -0.00211954732123069 -0.148892380568642 0.337004352711208
-0.00270806865280634 -0.00345546836741891 0.158680656822622 0.210454507773743
-0.00566494338994186 -0.00425631154273565 0.169485040856725 -0.00546771006994513
0.00076152736217345 -0.00165026803147134 0.0506545470778158 -0.116124253250191
-0.0103383383642992 0.00492701909560739 -0.0474752861176864 0.0781904419673411
-0.00740502168858887 0.00189828875967707 -0.134238483862716 -0.00303939226235048
-0.0117313926831371 -0.00927616172092204 -0.147028936101223 -0.1642696035684
3.29605460025043E-05 -0.0134189520512265 0.098580071860302 -0.289328581922497
0.00433927922258714 0.00115207477418287 0.389851935277405 -0.029640313211414
0.000771789917116524 0.010599047443016 0.210680370255345 0.342951694333306
-0.0100093958950406 0.00811568721836834 -0.118727988007863 0.272331116124649
-0.00816830981097308 -0.001403285616884 0.00422600194896734 0.0374852342862456
-0.00914094587464034 0.00273950990107582 0.163350455384731 -0.213149250238094
-0.00269740233827588 0.0211052564324883 -0.169570106884743 -0.421127781698256
0.00912572438982203 0.0109195423188598 -0.472417852102516 -0.0356247726242509
0.00870714947113376 -0.00407835652311553 -0.137186364791823 0.342155494148753
-0.00425888330839026 -0.00803936369575724 0.165371529302501 0.207345155836631
-0.00485728623436593 -0.00403053721998253 0.170882901943219 -0.00927011134164133
-0.00239138643534536 0.000503690379196272 0.0516828639481195 -0.117899470733523
-0.0115361097273407 0.0063684359854159 -0.0470301220460327 0.0761609095056006
-0.00551780546025398 0.00192594946420016 -0.13117417862799 -0.006125163312679
-0.0103022424051166 -0.0121257660609801 -0.140407117006554 -0.167732306935469
-0.00139188915828849 -0.0144275794255683 0.10721519931333 -0.284388641717202
0.00466959824171338 0.0023603235558139 0.39136778556141 -0.0133036556563253
0.00178415835594204 0.0125815677216221 0.200099954484605 0.35336394139101
-0.00856971525782599 0.00904848178273885 -0.125512009358147 0.27369983726282
-0.00706195709102704 -0.0010522251520476 0.00281563711016379 0.0386303584047347
-0.00801472917703786 0.00367822077764124 0.157193113894541 -0.213589821882906
-0.000796293907556782 0.0237464200481306 -0.180817440166805 -0.409551943226592
0.00951702085778044 0.0124526223387013 -0.471455350329845 -0.0152526321545434
0.006739584926362 -0.00491882991188246 -0.124213584528501 0.34817495772576
-0.0034921050821706 -0.0101749778877544 0.171709006117919 0.203137148467923
-0.00311152380941603 -0.00336019788943121 0.172716740597796 -0.0128761441249244
-0.00330280843529 0.00233527252401619 0.0512534856713631 -0.11944725708987
-0.0124847804638803 0.00748051330244034 -0.0463260362056973 0.0745024430616519
-0.00358952292532967 0.00266743231097073 -0.128530289167633 -0.00794855849815066
-0.00880208938686381 -0.0126188878644097 -0.134993299793709 -0.171610943824401
-0.0023177864102177 -0.0139019494683264 0.11509961529914 -0.280210677714849
0.00395378280841317 0.00342478492879594 0.391969800006583 0.00124778352580034
0.00300041693445771 0.012720099798158 0.191492564329161 0.364282302891867
-0.00767631760500827 0.00829274511240815 -0.132294210388436 0.274458506556603
-0.00543514309541568 -0.00118798571313523 0.0020501763411503 0.0400365278116744
-0.00635389134195406 0.0039287961828884 0.15246748627542 -0.212999997784798
0.000581931319541718 0.024206711504817 -0.190276310308399 -0.400070250937099
0.00801775272106101 0.0128778193511224 -0.471481929112551 0.00194871242931415
0.00506825910180066 -0.00436655191986251 -0.115033244657884 0.353064392519105
-0.00199631014968354 -0.0104973797322759 0.177683905507305 0.198402914082289
-0.000228001976957894 -0.00220197617948909 0.174654597238928 -0.0163913593248483
-0.00446458649428823 0.00357565822918667 0.0519059679767563 -0.119855994313958
-0.0119455898804024 0.00773669746719298 -0.0469644141383369 0.073653541327969
-0.000832955693115595 0.00432999813280672 -0.125459696094343 -0.00937277294622232
-0.00609896507217453 -0.0106872076112488 -0.13054876784965 -0.174380096229808
-0.0030236196692264 -0.0123052717514444 0.118646570853243 -0.276700234611436
0.002874281932881 0.00296304376714631 0.391898040587744 0.0131238822867658
0.00362574046911242 0.0105928271925486 0.185853748678617 0.371668421652076
-0.00590807209247147 0.00716833826277878 -0.13544808244475 0.275047665849496
-0.00430327460745376 -0.00181078231666736 0.00151380519913863 0.0417931918683646
-0.00478110838674707 0.00257498716564037 0.149895289237564 -0.212099977014009
0.000944977373140553 0.0216978316133216 -0.196870675365276 -0.392666136996908
0.00649311837540417 0.0133314899391189 -0.470277573820369 0.0133439633697163
0.0045065799796065 -0.00246608378701163 -0.109608374706452 0.356205846306974
0.00056549512147713 -0.00906343296752031 0.181193117804114 0.195248064442492
0.00307823759787992 -0.00105254885436707 0.17709334928621 -0.0186307325494879
-0.00406967140506802 0.00399702852501199 0.051109779677325 -0.12107166189009
-0.0107309193222614 0.00759433418279834 -0.0474317862627296 0.0738828936438036
0.00188578530089289 0.00549052509168697 -0.122865715238689 -0.00835998180985364
-0.00367657004768077 -0.006965705811552 -0.129659967987 -0.176331866988891
-0.00316731422139183 -0.00930741851467258 0.119252329263958 -0.275830548488614
0.000892244711864218 0.00166846215417996 0.391429036529034 0.017905734520294
0.00371840266240028 0.00755012249086295 0.184123230549546 0.375511796537521
-0.0042511310763494 0.00560948702140418 -0.13513990368578 0.277274799393473
-0.0029969919475229 -0.00267093156792715 0.0015171782338145 0.0424385767610745
-0.00313132181988306 0.000565319919270874 0.147931548269382 -0.211593413891272
0.00117279408967331 0.0180222550064374 -0.199230912952084 -0.388181711127532
0.00411924980271116 0.0124900351140363 -0.470591798392209 0.0201418324389732
0.00486887047265805 0.00019984713072531 -0.106976077841774 0.357619426942944
0.00401993559974077 -0.00571211442852727 0.183788101999395 0.192277255705179
0.00642674105142406 0.000857761048306928 0.179262062397278 -0.0195240933772578
-0.00255381794872262 0.00404465560715489 0.0508873619016345 -0.120526375449018
-0.0081397821612986 0.00708859220978171 -0.0493773219943332 0.074436882101667
0.00401437399817565 0.00675159934944612 -0.12158371308838 -0.00668492039706243
-0.0017332541877681 -0.00193232646848104 -0.130495044855695 -0.177798849297814
-0.00301839103482899 -0.00609636622378731 0.115698482382479 -0.27738872764608
-0.00128668542932288 -4.23637200253754E-05 0.390340492206794 0.0171507133312426
0.00367402353002061 0.00331828822249664 0.188352430039455 0.376429582502384
-0.00319545554280646 0.00330105489145854 -0.132083242623949 0.278039808596652
-0.00259304322288554 -0.00384164823693202 0.00215588940438306 0.0429842944621197
-0.00165813295609006 -0.00168017106708693 0.150472426911745 -0.209929109995439
0.00010863156578813 0.0133547457567732 -0.194535699843287 -0.387770963240277
0.00148770358418615 0.0108977760959566 -0.471003776391371 0.0191086397391351
0.00586288983173653 0.00335706501547172 -0.112487699431053 0.356864056193917
0.00764555042457624 -0.000676560794942952 0.183742307406395 0.19156116344625
0.00956687223482806 0.00164902838970632 0.181147964799544 -0.0184881576274644
0.000215304266039774 0.00239505710226101 0.0503200349637888 -0.119054522000303
-0.00462832600813741 0.00159464139613221 -0.0505052180065754 0.082101953173275
-0.00784009369177241 0.00327989122799852 -0.135245639091472 0.00349620757308462
-0.00943510189241576 -0.000250557032763479 -0.154858636832138 -0.157948300753274
0.00201614786180534 -0.00810992321703279 0.0782657807854705 -0.295050503726652
0.00199692212834568 -0.00349573867878516 0.380655611496024 -0.0547238464926225
-0.00132693109464973 0.00287053346986892 0.2250715810263 0.322923878157595
-0.0101321444862247 0.00386613341703529 -0.105173090484245 0.268438549221349
-0.00824856142219885 -0.0037277077323697 0.00606257054871337 0.0356854368831842
-0.00852321365739461 -0.00260243371593716 0.175114901635145 -0.207958589842962
-0.00596370712553145 0.0128372808197106 -0.139440375583255 -0.433963924756103
0.00576343991388082 0.00694454068201854 -0.46925496309136 -0.0682691397781393
0.0123852645550071 0.00152384599502188 -0.160373194116957 0.327783404826516
-0.00080525119524976 0.00139951491650175 0.150907165963825 0.212545846860344
-0.00533949973910542 -0.00357884464379156 0.167826059547805 -0.00106055307866422
0.00382585143783908 -0.00373953069279828 0.0505860626602512 -0.11322868184861
-0.00757703281528388 0.00372198558129793 -0.0494270436583548 0.0798241668718468
-0.00825986303284074 0.00213095096657924 -0.135238856772034 -8.76382538296936E-05
-0.0109206884514193 -0.00514781098801452 -0.150534912001733 -0.159817371198571
0.000453858352366544 -0.0111922503221726 0.087990088271471 -0.291474238089817
0.00354434799296128 -0.00129095828887257 0.384345078143474 -0.0428438061672312
-0.00036704979058878 0.0071389938679387 0.217206676402296 0.330258672983723
-0.00998515693555329 0.00579703043829353 -0.1113502148214 0.268739797561297
-0.00808514810913137 -0.00243306409852711 0.00474642393653247 0.0369448453185281
-0.00884327262540786 0.000412473046397773 0.170171203767206 -0.208800443240487
-0.00441649584678152 0.0174287420962895 -0.150375539166633 -0.427720733690761
0.00792299639004672 0.00922574810805088 -0.468063617960279 -0.0543583465828863
0.0106598046749798 -0.0017975388819593 -0.149937051951877 0.332675707959171
-0.00249593620481194 -0.00371296196485271 0.156278456495939 0.210164987133623
-0.00581817143737005 -0.00437085285559987 0.168114576163153 -0.00470746215163883
0.000233356545281485 -0.00171394890254787 0.0512597806206144 -0.115104301341272
-0.010068671925727 0.00491276091187217 -0.0482076655140725 0.0774498251736557
-0.00744626792494856 0.00211871568616126 -0.133635113515939 -0.00315722139213873
-0.0113665428394003 -0.00933749158307043 -0.144773620764175 -0.163048137820291
-0.000535981183761789 -0.0134221606811144 0.0980096249548224 -0.286270458355642
0.00458999377641743 0.000854461089334051 0.386694997313929 -0.027764672440709
0.000823011114065056 0.010995235998783 0.207625638674598 0.340860744368645
-0.0101165269003145 0.00792217197962131 -0.119752551853024 0.269176266594568
-0.00772023534441114 -0.00141124346536171 0.00326184019016657 0.0373453254715881
-0.00864390959774071 0.00211287221656162 0.163205931349592 -0.209639033970264
-0.00241853508070122 0.0212093622483419 -0.165556634727495 -0.417548263853007
0.00881460660074958 0.011086793807427 -0.468081078945192 -0.037175569130952
0.0084061534067331 -0.00387948261839925 -0.137399071218644 0.339083383353443
-0.0039097579543022 -0.00815156607640839 0.163047544354487 0.206543100506399
-0.00483104339045909 -0.00462237252781088 0.169501695436009 -0.00858440123445886
-0.00213177902087478 0.000658584377938649 0.0515430094102805 -0.117174658847509
-0.0115983550159892 0.00666279091100003 -0.0472523635175483 0.075629018660204
-0.00567477970645092 0.00234772162552782 -0.130470363478247 -0.0060617940511906
-0.0105645809006488 -0.0120015052760001 -0.13830294155449 -0.167117738943343
-0.00104541242506097 -0.0141728691569913 0.10725976500169 -0.282327287954269
0.00429374752729504 0.0026399648462538 0.38823530567677 -0.0115373668771803
0.00183820795149705 0.0123076420812486 0.196940938405534 0.351765763083356
-0.00893811012261874 0.00777218556811673 -0.126304872765372 0.270179982491952
-0.00684161075964708 -0.000680540109610384 0.00193214631077557 0.0388215381296926
-0.00773902220488949 0.00343078817336518 0.157510403939687 -0.209997468702208
-0.000827652550386986 0.0232130422481955 -0.177147414305974 -0.406804957361057
0.00912381153083917 0.0123429229776942 -0.467613253328637 -0.0177388918068307
0.00671498510949104 -0.00458302823586591 -0.125337326258444 0.345208736799614
-0.00294850704038849 -0.0104388577414121 0.168611632126485 0.202652515172453
-0.00294386682336572 -0.00364918500679147 0.171488888775069 -0.0124351966551108
-0.00362548668204004 0.00247300640226398 0.0517636966801207 -0.11880120940746
-0.0126319427861381 0.00791970474125125 -0.0475838566004748 0.073640406848912
-0.00349934589826274 0.00280518500914484 -0.127540188605995 -0.00831844190902794
-0.00833015344815358 -0.0123003266196127 -0.133328273191131 -0.170380109857915
-0.0018029404321324 -0.0138701080339726 0.11524094406459 -0.278155523886659
0.00385984065820316 0.00382145742622271 0.389192453692598 0.0035087830140377
0.00258576314214328 0.0124535382014345 0.188044805609879 0.362837118310595
-0.00774868324828348 0.00814952522604871 -0.132839044661945 0.271220282227266
-0.00547829679186749 -0.00108227458632539 0.000921037405044152 0.0399416411901643
-0.00603314545319104 0.0033652523655074 0.152226094547279 -0.210118913931437
0.000658034226859158 0.0231864613002317 -0.186002766829061 -0.398923323094903
0.00803769753505923 0.0131219309766778 -0.468584095543783 0.000551637114514127
0.00491933344122039 -0.00452049184053528 -0.116255854812959 0.349303076648456
-0.00166720996605842 -0.010099586577535 0.17491808251175 0.197595259209913
-0.00052332091995911 -0.00189759605265858 0.173744881283951 -0.0157050653845754
-0.00471185573811214 0.00365859314684947 0.052315257788948 -0.119293273553406
-0.0121556595482298 0.00802423143792752 -0.0477540006864195 0.0734326489599718
-0.000610103642860411 0.00454482446295711 -0.124846085087497 -0.00935480502256119
-0.00578233277522208 -0.0100180114425775 -0.129235046142664 -0.173954235567573
-0.00277967341828374 -0.0120975121267694 0.11942997615633 -0.274222385301878
0.00267446312873532 0.00343210984225774 0.38877384726388 0.0139825543530139
0.00330464154717573 0.0111734134034601 0.182149705502906 0.368312274949636
-0.00600175040683055 0.00694606047530179 -0.13571826297384 0.272296034332851
-0.00431296251354437 -0.0016383854266373 0.000980111054804372 0.0412182634476666
-0.00393118401849446 0.00226582599183619 0.150110140597467 -0.208568910929311
0.00144013985003358 0.0214753056902658 -0.192765367727736 -0.390237483549609
0.00631255063463314 0.0130333187736653 -0.467449236771854 0.0106430483707232
0.00408579364697452 -0.00260630644002976 -0.11023907559713 0.352533337338927
0.000952170279088938 -0.00886068500363725 0.178910994546452 0.194273974345742
0.00288532583058999 -0.000821453037758467 0.176078748197893 -0.0182195979245916
-0.00428757722783835 0.00430106680550702 0.0520335605239611 -0.119846403479059
-0.0107731329306602 0.00796172153438379 -0.0484279775231756 0.0731067179252134
0.00175632822593678 0.00587005090644734 -0.122231453452701 -0.00841877252035556
-0.00346333396308236 -0.00711992146320685 -0.12797152467348 -0.175777166826386
-0.00292964637116665 -0.00910652735226501 0.118659695763806 -0.273264632614308
0.000848966131499285 0.00218347640080655 0.387737020708769 0.0195447844163697
0.00388934651148082 0.00735473858654478 0.180600222824551 0.374616493938099
-0.00447900550340923 0.00509920126934287 -0.135712619632242 0.274178071002379
-0.00296425832754372 -0.00290219585831734 0.0011872990830663 0.0418749232497142
-0.00311164553042447 0.000422076792776626 0.1482872630426 -0.20861230818835
0.0013420344990283 0.0182614735315482 -0.195350927083654 -0.38648925279151
0.00417516231084678 0.0124921799220185 -0.466961706208482 0.0180316457365894
0.00497623444358157 0.000198422257901479 -0.108422259901039 0.353879445874909
0.00388643356714026 -0.00551384604543322 0.181261989971974 0.191924323952945
0.00645279229533652 0.000887002401368043 0.177846995761802 -0.0187790820651661
-0.00260668914814784 0.00343414635284659 0.050974120765214 -0.1190924904579
-0.00812855961179181 0.00731047236176032 -0.0488630410520576 0.0737764758170901
0.00361358442257891 0.00714399248787005 -0.121064012429034 -0.00674942371698042
-0.00139777357930094 -0.00223054199139041 -0.128469500049989 -0.176911618497434
-0.00297489970403528 -0.00590098799075615 0.115567873460909 -0.274681830372873
-0.00110081933788799 0.000199056814950217 0.386893905246314 0.0188531801062428
0.0038599913578144 0.00326715084388934 0.185472997616011 0.373575157154139
-0.00334317942363489 0.00313909511746538 -0.132757381250881 0.275114839704329
-0.00248382149872112 -0.00373639943283001 0.00174152693943246 0.0426924047655091
-0.00166793775748528 -0.00235850824532599 0.150299734405736 -0.206823082640856
0.000465765927005753 0.0132032750308214 -0.191507073715004 -0.386381102444678
0.00170188762415238 0.0110026850683142 -0.468425253513441 0.0170174871742944
0.00569639827336141 0.00338911894170599 -0.113844599882649 0.352785253651456
0.00762563515875347 -0.00111009042981299 0.180890247413298 0.191487772065983
0.00928169666122051 0.00178434963561672 0.179897368999578 -0.0174066005576047
7.22606341970696E-05 0.00233350056991921 0.0503981764031221 -0.117918165058385
-0.00505737284139102 0.00179463350706282 -0.0512361537303401 0.0819433344185574
-0.00778777186976765 0.00295138257841895 -0.135209107090885 0.00271483885471737
-0.00930871611001013 -6.60027805236857E-05 -0.153912708833903 -0.157887581399387
0.00236296782437249 -0.00837545327561349 0.0792651634350166 -0.292799861097209
0.0023933813926296 -0.00343350493659275 0.379946104099326 -0.0524546868715646
-0.00169041553985997 0.0025705633502348 0.222525399779272 0.322326845808159
-0.0103260361961914 0.00327148398527451 -0.106715131491361 0.265441593862953
-0.00790111072583888 -0.00402073246065213 0.00550991529740582 0.0355396731375919
-0.00888184002638055 -0.002571630959965 0.176938889157592 -0.204969814326256
-0.00582352478484799 0.0123776321041073 -0.134501176093327 -0.432022385682402
0.00576067076968145 0.00662890708717829 -0.466914541258641 -0.0712994807236831
0.0118678035096936 0.00123040454137675 -0.162015198169 0.325060859647829
-0.000446833160388172 0.0015539792360549 0.149468502341245 0.2127511543222
-0.00492892095952383 -0.003719567366336 0.167074853365574 -0.00077373295466381
0.00315218409610646 -0.0038391177125391 0.0517629539976543 -0.11250119692678
-0.00734956646051058 0.00361373125931306 -0.0503293969153598 0.0795766642036453
-0.00860842931738589 0.00230815181961503 -0.134895895283339 -0.000730861017179138
-0.0105146101105761 -0.00563360845496678 -0.148719932950238 -0.159888379806479
0.000565330097951882 -0.011072395790777 0.0892601085269088 -0.289066374777555
0.00327540807816569 -0.00101784306478496 0.382494139667142 -0.0409217021091298
-0.000164448281077749 0.00707262104592426 0.212816600657751 0.330495074758481
-0.0104233831244515 0.00570555322428903 -0.113281006592089 0.265539812502892
-0.00807053096000584 -0.00262610082700328 0.00443326364399573 0.0360228511674677
-0.00944669208365096 -0.000243914694651827 0.171244951174967 -0.206279552106038
-0.00478842373904072 0.0173995563825959 -0.146095547056679 -0.426015563024105
0.00770509016077585 0.0089583136877699 -0.465737901591066 -0.0582819622142657
0.0106589585522931 -0.00155312933950469 -0.150854776663263 0.330139032199983
-0.00235173283904793 -0.00390294415306713 0.153553890203589 0.210519287073565
-0.00534002354763236 -0.00438709096244519 0.167249829059619 -0.00377878248224427
0.000551404455167243 -0.00236294046593145 0.0516609164477917 -0.114511297959743
-0.00997016475707162 0.00531812158721482 -0.0491288203211713 0.0773934277120637
-0.00785965335331607 0.00224904174149967 -0.133107897016491 -0.00410902105785322
-0.0110261643367792 -0.00947210955761096 -0.14396705545969 -0.16361057868243
4.97926468494281E-07 -0.0131235276234954 0.0998246235257473 -0.284890609078088
0.0044932672929631 0.00104062594550629 0.385216275855237 -0.0254282482373938
0.000769786214758933 0.0101819244943163 0.203666249491146 0.339903140542449
-0.00955970495588286 0.00717471614040054 -0.120983651722533 0.266470030699983
-0.00752638718148976 -0.00153900205511834 0.00258879382985635 0.0367246810851561
-0.00866747357179378 0.00219106282171713 0.164767192820822 -0.206494316981209
-0.00317714155058798 0.0210318858993359 -0.161161044704503 -0.416658747351016
0.00897355688319556 0.0110198725908044 -0.465379934282434 -0.0397597352451067
0.00894775443402511 -0.00362799881828824 -0.138718519038628 0.336332731745003
-0.00332736518441104 -0.00788532640993419 0.160847997647177 0.206752239568774
-0.00493653948468274 -0.00429824592648683 0.169025519292066 -0.00755038669138204
-0.00193271483217738 0.000820817676354641 0.0524927998601464 -0.116673965406003
-0.0116665970421919 0.00692298937337388 -0.0485808392549563 0.0750782110100524
-0.0057704565591636 0.00199247715161585 -0.130483773280817 -0.00674206219673947
-0.00963652819035693 -0.0121132090128456 -0.137065738442561 -0.16683068967316
-0.00121082234188447 -0.0143369527359541 0.108804281260069 -0.280245539777005
0.00463864215255302 0.00229200987155867 0.386442364031961 -0.00947832278504312
0.00198529731905309 0.0123388285864407 0.193333339324329 0.350728519584443
-0.00912454552745188 0.00848854627839472 -0.128029014769708 0.267687727358112
-0.00679153127006103 -0.000985442089374227 0.00141703936985076 0.0383052821043364
-0.00728518892120741 0.00338326629194503 0.158511154079376 -0.207819976145309
-0.00106633100276955 0.0231066949767579 -0.172642872925913 -0.406246636756528
0.00893883971260235 0.0123175204957877 -0.466338843662186 -0.0202060350213677
0.00681166533393308 -0.00418468116295061 -0.126974272599024 0.342807495013074
-0.00304587051580886 -0.0106580463306087 0.166699628859561 0.202265806335023
-0.00293339793963613 -0.00343559411604274 0.170965414433501 -0.0113099785386458
-0.00377478733577751 0.00201983923938159 0.0530638343831462 -0.118024218092158
-0.0122632483421088 0.00753186241711178 -0.0487568745076965 0.0738523544490238
-0.0031196621553942 0.00317621893129409 -0.127327673885663 -0.00879203284315402
-0.00790333217882046 -0.012140029467746 -0.132068141477487 -0.170753788577773
-0.00163443539758824 -0.0134553163879794 0.117052695029202 -0.275588390682082
0.0039040411950417 0.00332375534032581 0.387108379550242 0.00633724616503106
0.00266325290008431 0.0123995511805905 0.183372771718464 0.361729918923313
-0.00773857988298548 0.00792617093806164 -0.133880198337029 0.268328982422997
-0.00560388662342964 -0.00127547848151329 0.000929410655033449 0.03979369316431
-0.00645671593277326 0.00414028089874839 0.153558648259702 -0.207786559796786
0.000645384487843955 0.0229378651356123 -0.182449221479993 -0.397682368184882
0.0082367376513952 0.0134906513007121 -0.463538223194382 -0.00395058296619565
0.00538289952189737 -0.00444201099159627 -0.118239631845934 0.347121475818607
-0.00146449494790214 -0.0109562648360258 0.172798572382764 0.198293889654377
-0.000157949045324485 -0.00252054560171087 0.1725679094348 -0.0143659861692987
-0.00436018223818732 0.00346154740571975 0.0533744243715163 -0.119103420149027
-0.0124990831186972 0.00825054197548586 -0.0484580826690147 0.0732807865071497
-0.000734375759888995 0.00396513167469006 -0.124708773289702 -0.00953383425604602
-0.00596717414538791 -0.010651010444398 -0.127514958687265 -0.173848352218349
-0.00222656346168846 -0.0117267525478407 0.120098069261114 -0.271863572570194
0.0025961518172607 0.0035829128089626 0.386689951312069 0.0176874553922883
0.00348009178932711 0.0105863893239648 0.177648946686739 0.368092062834735
-0.00616412818111677 0.0067662328328675 -0.136906817131176 0.269460719835502
-0.00419115697502935 -0.00201686880938734 0.000520765488517265 0.0409400857413414
-0.00421736708037043 0.00243063613646363 0.151072462760243 -0.2063863709582
0.000972407049044889 0.0212864812570958 -0.188409669385848 -0.390786722995018
0.00611860580842921 0.0132447573371688 -0.463865405282613 0.00758157666286682
0.00439740010288634 -0.00276585829220403 -0.11240250614931 0.350281494727796
0.00103356794676742 -0.00892160715812246 0.176678432566662 0.194693208850824
0.00289929193914872 -0.00066345479621353 0.175520733481404 -0.0168992203129528
-0.0040657778451092 0.00399567269581886 0.0530670462298214 -0.119496062290119
-0.0104171082691652 0.00811988689574597 -0.0490402781377634 0.0729136074183432
0.00193840778232234 0.00558501652620968 -0.12178957266435 -0.00914586641839181
-0.00381772049263334 -0.00708360677124703 -0.1263779164803 -0.175512096394308
-0.00275405940583088 -0.00927255911275965 0.120567082985197 -0.271911058115759
0.000604812715153324 0.00190798421782238 0.38583640054157 0.02207301438948
0.00382413172138758 0.0074496358342471 0.176064300330957 0.373327937494511
-0.0048901910839367 0.00507509429689183 -0.137383098087604 0.270711718632065
-0.0032186955887468 -0.00267268123478342 0.000263989261860056 0.0423096136693175
-0.00285873525698668 0.000466105933830524 0.149749302250067 -0.205586785609433
0.00110196914580952 0.0179735586902464 -0.191433833710666 -0.385380793607411
0.00425654908891333 0.0126043527576599 -0.46485822887838 0.014564385064435
0.00470233432034514 0.000193474491155814 -0.111409286962732 0.35133364002916
0.00422084166142862 -0.00554699356030183 0.179498943902612 0.191353877383684
0.00650716288822012 0.000514285023266706 0.177320077336452 -0.0178737233290441
-0.00277433630468121 0.003214487618897 0.0522247270601453 -0.118622986184592
-0.00819293192666757 0.00728181056891067 -0.0505877127870434 0.0739199087480113
0.00376076605915265 0.00707950320231584 -0.121159889830449 -0.00710547029641178
-0.00116198057451934 -0.00219052637442696 -0.12693978244136 -0.177230620003737
-0.00301936443138088 -0.00571622441207323 0.116298922004481 -0.273299010579595
-0.00107496638411068 0.000265320577831185 0.385040590006697 0.021693933801913
0.0038674023068659 0.00308914386162016 0.180725684881571 0.373117674154622
-0.00290420005929197 0.00318627898877902 -0.134323533545682 0.271847443148359
-0.00257016690795111 -0.00384473705669838 0.00117672427480935 0.0427085690801144
-0.00128934276081961 -0.00173390107940953 0.151573730391258 -0.204169962908431
0.000841681309494951 0.0134296026026123 -0.186869474166195 -0.385823517472876
0.00167699360007669 0.0109285791559183 -0.465933377274153 0.0134530256282064
0.00573209923490083 0.00372783923104748 -0.11589460417821 0.350603016340036
0.00770607926910042 -0.000979308887741124 0.178934707095396 0.191917613666435
0.00957381369358666 0.00192035466233684 0.179045557622319 -0.0166598727940561
-0.000504191294855517 0.00232946950831247 0.0517872389313618 -0.116814252346285
-0.00468078649223958 0.0022039433687439 -0.0525014913004439 0.0815390798571194
-0.00786182707444468 0.00313550089634691 -0.135202878901574 0.00228001853108633
-0.00900380802685471 -0.000784013607007437 -0.152571230622348 -0.158909624528254
0.00229894295462982 -0.00839695660939962 0.0811241117071873 -0.290904749270996
0.00204293910377088 -0.0029703503587352 0.37934842625433 -0.0493370390956775
-0.00152433310168785 0.00272597773896275 0.220824689768833 0.32201160918005
-0.0102124109714982 0.0026809830269468 -0.10842366999154 0.263318788862324
-0.0077804187123243 -0.00400126242194459 0.00495487923527853 0.035951561123568
-0.00838444010562239 -0.0031878946732873 0.178185935622883 -0.202717244444067
-0.00620358311133969 0.0122633334848179 -0.130548717663253 -0.432097609725694
0.00582512282141536 0.00711759902810917 -0.464608829093215 -0.0742691079094321
0.0124427747174417 0.00152849772649992 -0.164684363417791 0.322543847298193
-0.000546775223514407 0.00158199865577279 0.146779374930782 0.212705253689687
-0.00522265248475195 -0.00401254132018021 0.166530224575659 0.00089580775816592
0.00364981587938793 -0.00395225853013989 0.0520749185709454 -0.112371153127498
-0.00752387530341877 0.00378214546578351 -0.0515648957883063 0.0795632239569381
-0.00812506499763712 0.00230505687116888 -0.135104137444378 -0.00119439008066909
-0.0102907605166033 -0.0053959710770267 -0.14778835301191 -0.160244300146272
0.00100529873291144 -0.0112979895316673 0.0912778772559548 -0.287887397665618
0.00331779963610018 -0.0013585522729765 0.381473059919795 -0.0378428460181324
-0.000188459455321525 0.00679699405299579 0.210258001236581 0.33092098294672
-0.0104028444847934 0.00587619547738307 -0.1152973612178 0.263352835289131
-0.00832077845047548 -0.00266104660042055 0.00352760537346851 0.0357824172714046
-0.00918377394319932 -0.000309344062092766 0.172789844987916 -0.203149543026024
-0.00469663510218155 0.0169210014341163 -0.14182631457626 -0.425708107286831
0.00801783003960248 0.00936197174230268 -0.464173803898867 -0.0593922869966305
0.0109339111846303 -0.00152304191787974 -0.153520516346488 0.327781359232427
-0.00210805867175407 -0.00392211903164709 0.152019098091694 0.210583974233527
-0.00562243642823615 -0.00418269971233466 0.167006468488857 -0.0025758783430701
0.000226698579260124 -0.00180475043348484 0.0532029142142755 -0.114181024953566
-0.0101100981683913 0.00568663885222234 -0.0499996985822852 0.0768883917453895
-0.00697711897065328 0.00187755670011959 -0.133183653609179 -0.00442443798823734
-0.0105400585809419 -0.00942041425789384 -0.14185524554667 -0.163789712979609
-9.25437393679124E-05 -0.013237837853509 0.101223225425226 -0.282970735041871
0.00453977279505065 0.000850572489557869 0.384168703037623 -0.0224511739394946
0.000651877141700999 0.0102369285221378 0.199729417887005 0.34068379959636
-0.00998318908802729 0.00734488013953423 -0.123189233968133 0.264531509710637
-0.00749619549932531 -0.00157781226999884 0.00237868424945166 0.0368449323611827
-0.0085327117121964 0.00206458452353402 0.166247319132993 -0.204985748594151
-0.00273480807223409 0.020456498244249 -0.157100430086234 -0.415845626138492
0.00880555954798872 0.0110837024077959 -0.463817469508377 -0.0433796367046928
0.00862478736842216 -0.00402965260082015 -0.142518946326718 0.334135142785955
-0.00332543244885903 -0.00793071089157706 0.158608577301348 0.206830010966963
-0.00492286152377666 -0.00401275512319214 0.168553886759642 -0.00640285736827526
-0.00226312532342946 0.000329317030520587 0.0540351214196672 -0.115738070414448
-0.0114809429149061 0.00668384737291214 -0.0495532733639141 0.074991379894894
-0.00580107462269347 0.0024581514285707 -0.130205331659119 -0.00712738237306247
-0.00998230674034926 -0.0119017659184384 -0.135345798547864 -0.167293274239263
-0.00100353747518281 -0.0140551855480006 0.110580465095225 -0.279116143570055
0.00451400344229433 0.00288693781726796 0.385611935811322 -0.0067943623575718
0.00200645792772777 0.0121072615634228 0.189663209511481 0.351375306107838
-0.00940229856800866 0.00785516748384633 -0.130549268165022 0.264854199306068
-0.00712616680285811 -0.00144064366353479 0.000826462869132137 0.0381029932195656
-0.00745305781013518 0.00357984056784776 0.160047154092722 -0.205621351973691
-0.000836159326288386 0.0227849394899763 -0.168392042339091 -0.406358290342665
0.00890601257199384 0.0125081045984274 -0.463142339455716 -0.024595970730087
0.00696477247375122 -0.00477434347037573 -0.129765646633719 0.339645272427904
-0.00254479673793115 -0.0103927014791408 0.165391497227225 0.203187452086736
-0.00294609634670523 -0.00373996033473546 0.170292490042232 -0.0103620395349692
-0.00413120579039939 0.00225892994642615 0.0541792754665416 -0.117657277187192
-0.0127223397023169 0.00782426085183276 -0.0494005009992012 0.0736228572622183
-0.00340506003856832 0.00304660622081372 -0.127764046673787 -0.00933965466535512
-0.00796354879318103 -0.012505919156517 -0.130249863537919 -0.170789295712319
-0.00173847710699559 -0.0133897085078991 0.117939781232211 -0.274229830355701
0.00336432115703917 0.00397584486055965 0.386191720765136 0.00894475500538215
0.0027478374741684 0.0118501809568073 0.180606279921474 0.361299307656027
-0.00798415389038718 0.00766065346374299 -0.135623000535322 0.265622754510633
-0.00569574302481896 -0.00130884623679427 0.000222295343916992 0.0397299463804668
-0.00603510388213791 0.00303594615127446 0.155146573812609 -0.204908544598268
0.000458568887016201 0.0227904855133078 -0.17893549462513 -0.397770241494
0.00789646131496143 0.013211821791045 -0.462433433701367 -0.00649548438584266
0.00545339290588972 -0.00430663763694683 -0.120361045878353 0.345644436880277
-0.00124392012250511 -0.0107238792904785 0.17108809561128 0.19839213654146
-0.000388261922938627 -0.00251368390968573 0.172968250085822 -0.0135529549633067
-0.00483644509509134 0.00346414827726337 0.0545345064564308 -0.118762189643328
-0.0118533620181986 0.00827601816818468 -0.0499106090465109 0.0726325065641187
-0.000868682629897611 0.00401775977602658 -0.124618679817419 -0.0102565779631403
-0.00573168488725237 -0.0107333618266253 -0.126297837949139 -0.174259463375289
-0.00227900565172956 -0.0118472311491487 0.122175175363494 -0.271389837074183
0.00253591106293392 0.00317145434804996 0.385422399485122 0.0201462166921312
0.00316486362820378 0.0103956952110414 0.175262183397963 0.36887484221945
-0.00627275595998561 0.00651624798789699 -0.139544169671844 0.266389894814515
-0.0042058753807023 -0.00194304569028835 -9.66291265635575E-05 0.0411473316642811
-0.00429368157958843 0.0022355483472612 0.152282446424234 -0.203954584197165
0.00117861507173045 0.0209457180753411 -0.184784844344712 -0.38946706220909
0.00647284019137228 0.0130872066748493 -0.463133215740246 0.0040710373585154
0.00448592915305645 -0.00287464261905473 -0.114847573509885 0.34765564260414
0.0011725998050529 -0.0092988315716315 0.175267349714466 0.195253140008637
0.00277130248010915 -0.00122241489595546 0.175000603810506 -0.0153128231146235
-0.00473911272783062 0.0038447687538138 0.0549715872965584 -0.118847574067628
-0.0103829961427172 0.00821863398232746 -0.05064012141034 0.0727480582288023
0.00163462381345472 0.00568930266651845 -0.122125949900404 -0.00945061219590249
-0.00343226188486535 -0.00692775458416231 -0.124666767366721 -0.176094782823392
-0.00271908195374222 -0.00913398972176173 0.121539652879722 -0.269628486062875
0.000633001143723125 0.00176827844505902 0.384745436102394 0.0243842208533203
0.00381296668323879 0.00698367090760288 0.172689275586252 0.373389112474095
-0.00475583855372844 0.00511208687430238 -0.139201407409111 0.26795028998157
-0.00277604046233161 -0.00300229534533997 0.000141221918096646 0.0419203845053722
-0.00270165961667444 0.00013646737185864 0.150820561385978 -0.203475648294671
0.00131908185978123 0.0173137511305871 -0.186860048058948 -0.384770416360659
0.00397225942316319 0.0130257322219785 -0.462923412515203 0.0100549128754391
0.00482443542296595 -2.1611858335378E-05 -0.113162167182537 0.349149218458227
0.00443867656784703 -0.0058673934413481 0.177498627894102 0.192763789189032
0.00610714331235538 0.000619883207814658 0.177211668754702 -0.0166220858236093
-0.00298361948517088 0.00352162720566986 0.0529685493236151 -0.118106230394045
-0.00810487238987912 0.00754016018531192 -0.0517353956091975 0.0736941085802956
0.00372889787449205 0.00695175190929553 -0.121363582183314 -0.00728782083329465
-0.00136934047152829 -0.00227627751091921 -0.12512122698622 -0.176732036733786
-0.00306795197848582 -0.00564886221477662 0.11812547907269 -0.271196086373854
-0.00109781587535022 0.000194907337508649 0.383674317612742 0.0247575747190365
0.0039151923206196 0.00298436998042285 0.177485618185919 0.374222187606684
-0.00362822306443982 0.00297710600949212 -0.135860080075841 0.269079691203574
-0.00230376319642642 -0.00397703576394693 0.000531169049431559 0.0425644206863972
-0.00138422120522121 -0.00207458458342274 0.153203461679221 -0.202162481465434
0.000527089532918787 0.0129501717229911 -0.183381594088614 -0.386234755385203
0.00143758569845854 0.010839212590899 -0.465348411363125 0.0100551684402679
0.00592311966639864 0.00360804292247762 -0.11856364926819 0.348752523650538
0.00794142771386219 -0.00105276966920043 0.176828931006263 0.192464850211041
0.00894298477318443 0.00165737812603271 0.178647992834731 -0.0149870172441423
-0.000810069666986793 0.00206389710055475 0.0528817211869804 -0.116731823056361
-0.00471153696521904 0.00268095685491283 -0.0537110632535045 0.0817092351912277
-0.00774165063777607 0.00294722132175604 -0.135409169443718 0.00121926066109088
-0.00889019779618268 -0.000644044909051705 -0.151373304254897 -0.159876160851972
0.00248665347305602 -0.00808111518137973 0.0828320989726 -0.290570617486078
0.00221267386080084 -0.00290196692083454 0.379148592841578 -0.0470315597815467
-0.00161185392713186 0.00236807112265607 0.216578195339624 0.32429558605549
-0.0103649935748297 0.00275173734016117 -0.110660816464714 0.261400268333358
-0.00800921908563007 -0.0038042593943512 0.00412301793357943 0.0358210421357123
-0.00838472252097199 -0.00303895202171166 0.179250580778393 -0.200461079022976
-0.00598364821663097 0.0117708334569328 -0.126581118225548 -0.43185060198107
0.00540809541369271 0.00727070132076056 -0.463479967541785 -0.0778238250696277
0.0125348432423252 0.00162783735619582 -0.16714835610526 0.320965928712947
-0.000372593276627164 0.00140750660018933 0.145283421959155 0.213462326888807
-0.00487402791736024 -0.00379698212944583 0.165787847935748 0.0017657578233588
0.0036203962685909 -0.00406629860501233 0.0533974089991646 -0.11206276867176
-0.00777672626541543 0.00427007603802221 -0.0529737651067275 0.0797304158501048
-0.00812503478594505 0.00278239443606825 -0.135383693467367 -0.00202882483142839
-0.0104104144498139 -0.00548214722466342 -0.146160560352522 -0.162067653189646
0.00138917195510375 -0.0111377366973201 0.0930245920486695 -0.287144579172634
0.00387739996322453 -0.000797766283557399 0.381780414367878 -0.0349202305825084
-5.29212723366264E-05 0.00684793907883443 0.207431212942283 0.33339986567539
-0.0104009526190384 0.00513784809670223 -0.118171860574291 0.261750064649854
-0.00820823462147523 -0.0027242348620658 0.00349125335266585 0.0362058022406839
-0.00892841675484452 -0.000318630292942861 0.173863608269903 -0.201754065438844
-0.00476990043096827 0.0167974046727932 -0.137589955159134 -0.425903164401721
0.00762857191892265 0.00937191415278153 -0.463625257488173 -0.0648544890404409
0.0109775464650766 -0.00148319847528447 -0.156354417650433 0.326618264315113
-0.00247702855813693 -0.00408457940708842 0.150115150228722 0.212014704901621
-0.00581642548335111 -0.00470262966341018 0.167404101766856 -0.00114260421907081
0.000611119337714742 -0.00206368515194846 0.0547735324555991 -0.113578590054611
-0.00982810481096555 0.0057959434644432 -0.0514190603709311 0.0769875422968796
-0.00752487603006815 0.00170862276794728 -0.133102876988661 -0.00541929127717152
-0.0102237464733815 -0.00988308448878821 -0.140984226229284 -0.165149197341589
0.000351425464986739 -0.013206775249784 0.103321727039652 -0.281983837312874
0.00413244548219148 0.00103785511357023 0.384260364619508 -0.0199690552846626
0.00126282198275036 0.0101864184981849 0.197457589418821 0.341838436870423
-0.00999690077786871 0.00689004136134108 -0.12471998390085 0.26242522177052
-0.00761734579037829 -0.00143816983831728 0.00181743998668095 0.0373069987593302
-0.00855618674584415 0.00182738261560596 0.167426641798606 -0.202798897700194
-0.002793762613126 0.0207799797584888 -0.152852864521193 -0.417407804390948
0.00902594546114575 0.0114329151146212 -0.4630203546678 -0.0461374432062074
0.00893046907258623 -0.00378017771526366 -0.144110984456618 0.332919849378383
-0.00319802997737493 -0.00800596506171881 0.156903776467495 0.208007209205892
-0.0049161942499324 -0.0044707366960974 0.168252306458461 -0.00547673154525902
-0.00226019607710598 0.000432151012315216 0.0548663070884549 -0.115269160610886
-0.0115925863583914 0.0069767456381181 -0.0507474838973712 0.075045789435249
-0.0054947946116514 0.00205111647506921 -0.130769844402367 -0.00838809357660858
-0.00940381800760921 -0.012042604853367 -0.13444182581857 -0.168017602846726
-0.000788356058466175 -0.0142218611973739 0.112612615522016 -0.277067538009756
0.00456427830706606 0.00286927279022058 0.385553545489791 -0.00376577577057962
0.00224034146812061 0.0118507347040515 0.185593651257994 0.351898632981945
-0.00933871970288376 0.0077617143503077 -0.13252209445557 0.263645792023363
-0.00694483969839879 -0.00133314593102998 0.000395602989304199 0.0386496841433931
-0.00744680901416132 0.00298764790509414 0.162029034042673 -0.203316909168564
-0.000828485940953616 0.0224122861206745 -0.164157224008845 -0.407118970554281
0.00899389129255605 0.0128241480518835 -0.463528788479844 -0.029225348910698
0.00700994533888893 -0.00463373413509285 -0.132130849475628 0.338309255610093
-0.00278227854760392 -0.0106232682769136 0.163376617283949 0.204271821305819
-0.00300809626393419 -0.00332843339309759 0.170371824842536 -0.0086135505684585
-0.0040245945308422 0.0024444091827146 0.0555955907516363 -0.117177320552745
-0.0124917834097722 0.00803913032752728 -0.0504402038047062 0.0736717634019126
-0.00324809249332079 0.00313154789946624 -0.127297210481979 -0.0102075236202013
-0.00750422586151588 -0.0126388972925815 -0.128680762324103 -0.172149464203075
-0.00137058722898853 -0.0134563188550402 0.119402553386962 -0.272566555321763
0.00376362192496356 0.00384059895347197 0.385724696650523 0.0116460303823174
0.002699336687149 0.0118039830991965 0.175507502577086 0.363998132224934
-0.00781987129443417 0.00740360389021046 -0.138381232314314 0.2647639240185
-0.00587963564262284 -0.0012486710266339 -0.000361556207535761 0.0396758363433525
-0.00633497751753936 0.00306368826681481 0.156826458176317 -0.203313287903515
0.000551166293271204 0.0228445652292189 -0.173772920333148 -0.399140689414743
0.00792219014297801 0.0132661077028915 -0.462234488365858 -0.00996740064215293
0.00550787530818052 -0.00434488999945376 -0.122970637394826 0.344129339236323
-0.00136683606891148 -0.0109031205838218 0.169549701777565 0.200311147992659
-0.000384690344408928 -0.00207807497139452 0.172797070051077 -0.0119710430720088
-0.00495794599911436 0.00359700704063737 0.0560637625618114 -0.118404305376298
-0.0122996839372979 0.00877787828538423 -0.0507508920851019 0.0726248152056576
-0.000929559603869567 0.00391839970432478 -0.124926663628819 -0.0105484187353675
-0.00552542648283053 -0.0108138059765481 -0.124884650571421 -0.175105837263919
-0.0020700877043465 -0.0119020295755377 0.123965038609436 -0.269124184243755
0.00238723927746739 0.00317236841600995 0.384518160799309 0.0237473054167625
0.00318116425732297 0.0102051508086462 0.170800396329294 0.36933403619994
-0.00620797673976309 0.00641179189023521 -0.141636730113553 0.265195760911657
-0.0041557232626345 -0.00258958549780487 -0.000684714894116985 0.0410168407683317
-0.00426824673993058 0.00206908921330965 0.154031000137222 -0.202030900342872
0.0011182269187071 0.0208027483298461 -0.179771491246205 -0.39116338944618
0.00623317290211852 0.0132784075835789 -0.461506997690648 0.000490459206384174
0.00468060027852509 -0.0025133000846424 -0.117369370432796 0.346140945256561
0.00132826477316879 -0.00903725923941756 0.173363437657569 0.196456205293216
0.00331550629349315 -0.000879800967285982 0.175446884659307 -0.0145817285285113
-0.00440333131030534 0.0036292745955185 0.0557326852955301 -0.118228074899811
-0.0105895557456307 0.00876302559564089 -0.0515706889621953 0.0730589637918652
0.00187858555033525 0.00607346569868005 -0.122005904062265 -0.0100206492065067
-0.00308327956979596 -0.00735547249255978 -0.12369781563658 -0.17706351832711
-0.00258923930806562 -0.00913291275713316 0.123731583851436 -0.268251805055906
0.000309070679353341 0.00219787596326656 0.383755541198998 0.0273740773103862
0.00401580508210638 0.00688060189054935 0.169307509858335 0.374109898815044
-0.00471221828654804 0.00483111631043888 -0.141054377782138 0.265853787053987
-0.00290811505928403 -0.00270761615051734 -0.000646550195882152 0.0420583208243957
-0.00278917460457357 0.00010176694570953 0.152824231383705 -0.201732298657551
0.00126234779022364 0.0180555911687901 -0.183090153746003 -0.387163997519806
0.00410443378864276 0.0126089266536018 -0.46211733488898 0.00679355282809282
0.00487727191708922 -3.24766012704102E-05 -0.115363219615696 0.347956614851472
0.00425928700481479 -0.00545910605854333 0.176435936783303 0.194053406740916
0.00624910208769832 0.000439934376940266 0.177057630851343 -0.0150340750828967
-0.00325065850754309 0.00326105930207158 0.0545579322976404 -0.117779503478088
-0.00843349566788435 0.00787034477551603 -0.0526460835341922 0.0731717965860656
0.00360951668527037 0.00752199473090585 -0.120464843792365 -0.00858708120810901
-0.000974466490579491 -0.00235884776938852 -0.123664705493831 -0.177795565982149
-0.00245377278514207 -0.00598105025179137 0.119657654487877 -0.269816836306784
-0.00108212149664204 0.000199063987001306 0.382496575937799 0.0271850973329808
0.00391708375272267 0.00283449492461467 0.173630692812573 0.373199302027094
-0.00352769764470641 0.00279516524675725 -0.138821067555223 0.266744103041021
-0.0019786954436915 -0.00395888943996057 -0.000116115885879195 0.0420534609875482
-0.00143592105307666 -0.0019541813735269 0.15483262392808 -0.20026214744945
0.000783210988751983 0.0127260226147734 -0.178623239272255 -0.386532847660873
0.00167385387648617 0.0112115127079914 -0.463862719232317 0.00540060315595913
0.00572558993350134 0.00386674908729707 -0.121302268583891 0.346935278368198
0.00823191886155603 -0.000921726252569454 0.174636152322683 0.193622673063439
0.00947524428236346 0.0017094148573384 0.178492207702251 -0.0141205936094686
-0.00078302351317431 0.00224798958066048 0.0543814567370503 -0.116163118884406
-0.0045859619052263 0.00253593821265727 -0.0553788149577002 0.0820272629864415
-0.00788269230258735 0.00298051876929425 -0.136346769899836 0.000873898319914274
-0.0086420554837638 -0.00106965633512249 -0.150007498558045 -0.161132496456666
0.00271067041711295 -0.00808212213325603 0.0855164825094352 -0.290645926084198
0.00179749557370372 -0.00264838844864392 0.380375405395407 -0.0432627935754393
-0.00129405493571222 0.00228981001681918 0.214228069891162 0.326500224913445
-0.0102155914472335 0.00301550670288307 -0.113137733542695 0.26068374234108
-0.00796733719643677 -0.0039875395373224 0.00396795313837249 0.0361555541393663
-0.00828262645477959 -0.00295754114896817 0.181709668652262 -0.198693104665474
-0.00643368731477927 0.0117873533378114 -0.121842844021907 -0.434077804590739
0.00548456499996393 0.00724918502011225 -0.464060650835435 -0.0828129299223746
0.0123333996706981 0.00128671692066908 -0.17036847706411 0.319527414271064
-0.000303581403395798 0.00113515107596826 0.14358391650937 0.215580362767694
-0.00511395064594338 -0.00393422284539464 0.166741039479545 0.00352135073833251
0.00341232939446359 -0.0038487651179857 0.0548648734230046 -0.112532982453788
-0.00723144870065101 0.00444890343842912 -0.0535264199805156 0.0794146943280643
-0.00804203098006993 0.0025819469041967 -0.135587279050907 -0.00240575201949118
-0.0101764019839248 -0.00612819183433201 -0.146123023219301 -0.162429824939489
0.00130529663018005 -0.0110781242775189 0.0953782046355966 -0.286716407282272
0.003417579562682 -0.000595506821695584 0.382575558942284 -0.0317512307758198
-0.000247041228677488 0.00660731928476651 0.205119995593719 0.333971229589299
-0.0104066541490707 0.00520173061955898 -0.119680364527927 0.261224818765481
-0.00828953820221641 -0.002933110344009 0.0026446691816647 0.0364003152040003
-0.00880378362261137 -0.000146476003289842 0.175866657738904 -0.200152854798288
-0.00440369711718094 0.0167359213289826 -0.134087073811231 -0.427498679871344
0.00734060920075531 0.00991824037967489 -0.46299058812121 -0.0685401346853582
0.0108193682406415 -0.0014569529701559 -0.159538000527301 0.325818831571805
-0.00184018604354097 -0.00446138506912474 0.148707801834389 0.214042575018491
-0.00526704551958135 -0.00479241995836065 0.167609163530235 -0.00028712421292296
0.000147802615734374 -0.00199685877792427 0.0558545885466323 -0.113966186155515
-0.00976266096492223 0.00626138096631495 -0.0528011104813609 0.0771187749361313
-0.00766572661856033 0.00181766005826929 -0.133828628580127 -0.00620056213698981
-0.0100485593635741 -0.00999450072083058 -0.139728132531111 -0.165422296482536
0.000468093239919678 -0.0132293945816532 0.105934381230076 -0.281977292807211
0.00385342850067886 0.00135298017299095 0.384773863271161 -0.01613729628816
0.000735410254429658 0.00997626082207791 0.193174743286437 0.344007614623852
-0.0103791669303109 0.00669158405122783 -0.128150029872377 0.261037336726728
-0.00769570850809386 -0.00193313317510337 0.000757197049226365 0.0371345263316746
-0.00859306855823173 0.00159741920315549 0.170132270332262 -0.200897175781008
-0.00341271749932964 0.0204466647241183 -0.148429265496496 -0.418474171584875
0.00863720798128119 0.0119080440095878 -0.463134387220223 -0.0503535464591833
0.00920638591947036 -0.00362561264589973 -0.148011827980443 0.33254577658428
-0.00303600974126418 -0.00844377707999912 0.155294432330921 0.209847907667677
-0.00488493211737796 -0.00468085831280423 0.168629706565612 -0.00440341356055128
-0.002430198553659 0.000531505534013615 0.0562413809181239 -0.116253024177211
-0.0116080515539134 0.00727107493945668 -0.0520284210100881 0.0749467488602674
-0.00590767050610281 0.00196789578006818 -0.131539003744023 -0.00886710159186731
-0.00908043174254986 -0.0124566481737333 -0.13395995460414 -0.169749865388167
-0.000121806449022167 -0.014024372073429 0.114918487070964 -0.277187428078587
0.00428209137013462 0.00283331283127249 0.385648166399565 -0.000178422767753239
0.00162741161503562 0.01168159650175 0.184264369550795 0.354080922754869
-0.0098790459819328 0.00763263472689105 -0.135094171351871 0.262570025638715
-0.00702514941995641 -0.00108388045716757 -0.000510545800434482 0.0383992483792423
-0.00769889161788214 0.00300509451742182 0.163974919424719 -0.201502458437891
-0.000827127043351156 0.0227475123194038 -0.159767227525366 -0.409915067687551
0.0090086236106926 0.012839854003056 -0.463457839232348 -0.031900811156211
0.00714293710659686 -0.00466803848476139 -0.135110480081165 0.338857881270229
-0.00260087974947057 -0.0109004282828857 0.162622600291616 0.205865196939161
-0.00319634289532848 -0.00359018078415544 0.170961245698223 -0.00794009705891442
-0.00434193146432499 0.00248379862898523 0.0572332075639257 -0.117107247122038
-0.0126109105454291 0.00834246957878134 -0.0518777964254125 0.0732811967829704
-0.00330731526295554 0.00318051868891852 -0.128411835067866 -0.0107935758211442
-0.00751861889793464 -0.0128363604175237 -0.127869451017285 -0.173635498077055
-0.000883449162080033 -0.0138656091197398 0.121597465799176 -0.272808962552599
0.00343437856052266 0.00391326473458797 0.385875792145913 0.0152195657917637
0.00279259362617834 0.0121346386280601 0.17328988737503 0.364979566396336
-0.00872341295923332 0.00701716202855917 -0.140845138763447 0.262929948419413
-0.00558062156322022 -0.00143477227888369 -0.00138028553657923 0.0399379290851504
-0.00597666322982229 0.00293399055539325 0.159267518356928 -0.201262554206319
0.000263783329444952 0.0223258794730592 -0.171206617535419 -0.400688990531384
0.00835522220022723 0.0133807909181673 -0.462987436466528 -0.0155982497705307
0.00532132546703426 -0.00432531848976825 -0.126383292130986 0.343936180993119
-0.00113154057310729 -0.011354980290317 0.168355368207382 0.201907416818272
-0.000420571744443639 -0.00258372628301594 0.17291465930754 -0.0111059955587256
-0.00504361782381622 0.00302344518232863 0.056867940808472 -0.118041460610082
-0.0117579776312438 0.00903984841244329 -0.0518903310063072 0.0727165054712935
-0.00040294943013377 0.00459152605721954 -0.125655337560376 -0.0111346894480292
-0.0056391175374537 -0.0111047869892287 -0.123553292379161 -0.17634791416152
-0.00184551398738213 -0.0120463179331548 0.126045829287727 -0.268446326295017
0.00244287330249967 0.00344752890139127 0.385524250908793 0.0264831697080465
0.00333294254993545 0.010402581316263 0.167773364228753 0.371014910701418
-0.00678845172824433 0.00636952411002307 -0.144008617041598 0.262756348815872
-0.0042354545151229 -0.00221532631987234 -0.00123571048178733 0.0410330823422369
-0.00402587417049248 0.0021626762296392 0.156606592431665 -0.200230608417405
0.000802913289754117 0.021294664264704 -0.17550136966409 -0.393367380729477
0.00619427416613429 0.0134622693677411 -0.463039783610577 -0.00330757123001369
0.00497394470884622 -0.00243417150354232 -0.120392960186483 0.345647770640476
0.00159897556597274 -0.00927848325812522 0.172228122858753 0.198820284188165
0.00288081583509881 -0.00125971842055357 0.175839449518419 -0.013360969404412
-0.00490325653059184 0.00395618571735763 0.0575079570615276 -0.118502951888675
-0.0104158333514544 0.00877149634800361 -0.0530110983902662 0.0732641301205908
0.00184678339070746 0.00582682556295148 -0.1230826328088 -0.0104061471948971
-0.00308333734066766 -0.00774752165083751 -0.122462482824657 -0.17795376160532
-0.00249598619173185 -0.00923463406139512 0.125692204925185 -0.268438693966911
0.000578111493196119 0.00241834062599683 0.384601887124439 0.0315748064585801
0.00405255103137282 0.00677820474995602 0.166058406137803 0.376474669377469
-0.00485851385071939 0.00490404643827054 -0.144347651630589 0.264461937172588
-0.00321437084200206 -0.00315118216543597 -0.00134446414786151 0.0415852124733594
-0.00260284362527184 0.000241921112047636 0.15545249359018 -0.20075707515057
0.00165796358466889 0.0169339547015771 -0.178845307659119 -0.389052894764711
0.00394769909617855 0.012714225071185 -0.463046169320852 0.0040937491003497
0.00477161449330744 6.09954539477434E-05 -0.119458483698368 0.347348491930229
0.00438732218612031 -0.00633440077821987 0.174643105636366 0.195055825330161
0.00615122129536022 0.000681112134531965 0.178108585358214 -0.0136211415428822
-0.00324624604483488 0.00309324676643139 0.0558592861305992 -0.117813474778921
-0.00793815421508409 0.00793306805216394 -0.0538168243565148 0.0737607564671006
0.00379795496523297 0.00736639523727532 -0.121510625428212 -0.00957211216056258
-0.00121615875562204 -0.002299364579422 -0.122474626182042 -0.178916107903363
-0.00214265669349276 -0.00597410983379829 0.121912806832115 -0.269930801745126
-0.00136650059125624 0.000288339459839372 0.382954677914612 0.0303408561250967
0.00410684027360169 0.0025786954077222 0.169524491978309 0.376393160997566
-0.00343996785031336 0.00251389475984375 -0.140436457725786 0.266054447202753
-0.00247479771847921 -0.00411546715620986 -0.000942315476100698 0.0425987079763921
-0.00123538070695584 -0.00173615296784132 0.157426840111827 -0.198969095904461
0.000545644382387895 0.0125545047241803 -0.174901331779373 -0.388003766152346
0.00169971692508436 0.0115948395468584 -0.465059422664648 0.0016663900640199
0.00553365140333878 0.00375931870294275 -0.124259400274353 0.345888887107359
0.00828394364143759 -0.00125833742615196 0.174219696341801 0.195283483194227
0.00917650129601779 0.00215106027066332 0.179645372860447 -0.0130920441095684
-0.00108870212392244 0.00200566606923422 0.0553474369813289 -0.116207848291467
-0.00477356090657663 0.00319189676261584 -0.0560932531320178 0.0816572598739425
-0.00783298688172626 0.00305597264167125 -0.137284986250199 -5.20994053935604E-05
-0.00829352494934033 -0.000937343287081311 -0.150245944863937 -0.162675891066114
0.0029300769647239 -0.00814229053009465 0.087672389044389 -0.291448533622525
0.00185359402706151 -0.00288837797983678 0.382218284734992 -0.0406135114232012
-0.00136771786889149 0.00231118798974946 0.212744495661333 0.329567326574669
-0.0105478247751207 0.00243348049291915 -0.11592052999055 0.260870134031181
-0.00808138634705436 -0.00441642336852729 0.0028222602163135 0.0366899494980908
-0.00811128788466598 -0.0031254650241625 0.184215184331239 -0.197326323819892
-0.00609218461742083 0.0117878977817054 -0.1194540106298 -0.435849598307481
0.00559319245357882 0.00712347716223905 -0.464878498596763 -0.0860486021581382
0.0121708886327989 0.00143420503054064 -0.173622612096211 0.319882923008628
-0.000322143166685101 0.00121050605007725 0.142581299750451 0.217504591397319
-0.00530739279107478 -0.00441653369818932 0.168055658490142 0.00452377916254088
0.0032746912567782 -0.00443052682979982 0.0561840599031082 -0.112072547808487
-0.00770577882972609 0.00459044829525418 -0.0551305709441386 0.0799671135920625
-0.00830703242018361 0.00231577466515248 -0.136983705790499 -0.00338703007380587
-0.0102498094826073 -0.005932363479816 -0.144701756500123 -0.16508935025447
0.00168907122088475 -0.0109259350772585 0.0975946984132174 -0.287407294939031
0.00347457670761958 -0.000933716046525512 0.384470033060966 -0.0278780588653209
0.000158508729970218 0.00673910201886156 0.202083130422368 0.336382008567061
-0.0110781741890339 0.00510871910388592 -0.122968229766419 0.260357020762776
-0.00814015290968335 -0.00272808120118375 0.00150923504890721 0.0365742161316457
-0.00879820753148303 -0.000182823278520157 0.17876855032583 -0.198352812171294
-0.00460393531230259 0.0166776400725992 -0.129993124812882 -0.430219315917542
0.00756055524599316 0.00976060792904038 -0.464291137729285 -0.0734694309850118
0.0108963511941463 -0.00161140107539255 -0.162525027835328 0.324626365761182
-0.00164687654821677 -0.00473366213590862 0.147962561384527 0.216140498978899
-0.00508325760986361 -0.00469618842902915 0.168389614083608 0.00110679776246811
7.9654879745138E-05 -0.00215671376524358 0.057325056640827 -0.114029010181909
-0.00968956238731235 0.00641802177915117 -0.0540415094881204 0.077577960274183
-0.0071017911291609 0.00222915627864801 -0.135155169269658 -0.00638011337517101
-0.0103565636118256 -0.0102134639484688 -0.13947813657234 -0.168375939292203
0.000864032138785534 -0.0135516016895798 0.108212819454368 -0.282514849890182
0.00415517865508559 0.00150620614910108 0.386672773777516 -0.0130754807785135
0.00100278432394261 0.00966020548962205 0.190103904998686 0.346533425178229
-0.0110580309399143 0.00686685207702442 -0.131202121878626 0.260236261592989
-0.00777679081228122 -0.00232046545631239 0.000438515400053442 0.0377718566828053
-0.00889305880925498 0.00181578096384674 0.173454702712244 -0.200236941761365
-0.00264691729333089 0.0202775886644253 -0.144396958017285 -0.421400004710862
0.00894440676185683 0.0117465302335537 -0.465100856696516 -0.0543256319613956
0.00895770069652946 -0.00379573144578518 -0.151376235660695 0.332572552879221
-0.00323778837634751 -0.00849164790586322 0.153258557976272 0.212033681293696
-0.00538851550846529 -0.0048573301397893 0.169916191571144 -0.00303600020210353
-0.00259834353625034 1.08583018732077E-05 0.0581252590526807 -0.115973162863197
-0.011674491447955 0.0073248011979791 -0.053538305494132 0.075793086100754
-0.00559970063394671 0.00236876968217352 -0.132099378708868 -0.00968968157676991
-0.00936215067132157 -0.0124744375978219 -0.132976105770693 -0.171180917098061
-0.000336515217960204 -0.0141522611082797 0.116689945892128 -0.276989520840488
0.00437322324619698 0.00295505505927042 0.387274436573165 0.00264102423074485
0.00174738058310095 0.0119009569117522 0.181310792248903 0.356550148693355
-0.0098340048221207 0.00758992855684185 -0.137525469611347 0.26125273455134
-0.00681809783812473 -0.00178657205698804 -0.00073821962444195 0.0384661391098537
-0.00753806904667291 0.00297173875678952 0.166841879148188 -0.200537683007289
-0.00142791946759723 0.0223310116410936 -0.1563385948486 -0.41222281086636
0.00868890963398729 0.0132237539278306 -0.465425236628353 -0.0363847406119659
0.00695910123159424 -0.00468728391046936 -0.139104084952139 0.339559574744668
-0.00239156801518784 -0.0108508377249919 0.161264018849589 0.208094175611037
-0.00281527521468735 -0.0037003048212321 0.171672647632953 -0.00689159557148923
-0.00455057622786944 0.00208078033333943 0.0587477003524803 -0.117643073420822
-0.0125284381039775 0.00850259962786211 -0.0535410753388881 0.07418877717061
-0.00330906580818797 0.0032565464057276 -0.129309136150347 -0.0114191844994577
-0.00736672389913551 -0.0130958495891761 -0.127181858675588 -0.174726675765192
-0.00118121270733592 -0.0138151560637195 0.124387591161276 -0.272934345101292
0.00365139578300389 0.00403314197172608 0.386830901990721 0.0184252506336343
0.00245547432371075 0.0117706845666821 0.169211167724118 0.367498042583725
-0.00849621253430497 0.00722866334967477 -0.143693629994467 0.26206286152635
-0.0056766887182707 -0.00160048295125496 -0.00163529650322026 0.0396198013808075
-0.00582025967962552 0.00305093169856121 0.161363396186442 -0.200329741397826
8.90923987407694E-05 0.0226060751394158 -0.167739442952464 -0.403941215261919
0.00825827003837694 0.0135958444042732 -0.464683326674298 -0.0185090155123473
0.00568146502976744 -0.0042559353318083 -0.129878808630434 0.343457421853436
-0.000718304665196406 -0.0109704431184555 0.167221849595298 0.203656620353257
6.86880168435881E-06 -0.00247076512208362 0.174254421583167 -0.00988104580878336
-0.00510524302134401 0.00301024990103538 0.0586794191496083 -0.118613716167634
-0.0123827265225002 0.00881367801097236 -0.0537362423566638 0.072900086491223
-0.000699203761042462 0.00424598072956674 -0.125773911678883 -0.0117379829049879
-0.0050760884514192 -0.0109996049846733 -0.122784310765286 -0.177805731072559
-0.00177295904738092 -0.0120103321033974 0.128878275631107 -0.26888347507935
0.00221937270390821 0.00350259750015191 0.386568922895734 0.0292767374524988
0.00319519514415916 0.010027214189594 0.164647044088778 0.37397338775419
-0.00667732965499427 0.00596616709179392 -0.14710794661392 0.262386328875509
-0.00409068979703653 -0.00229419361725545 -0.00233239103474526 0.0417642498159836
-0.00416489846996676 0.00208509027883477 0.159027126933397 -0.199779248992775
0.00126962514924942 0.0211019443578674 -0.174028894331421 -0.395782484075886
0.00648357061241624 0.013828159411673 -0.465044100870913 -0.0079533678216122
0.00482135054588727 -0.00256194656990851 -0.123817764776318 0.345715310027914
0.00155230474683048 -0.00925057760394888 0.171618024583091 0.200338516749306
0.00260101405151491 -0.00101069559395357 0.177005983771415 -0.0116361834489364
-0.00536608653256202 0.00387293369667236 0.0586482075618136 -0.118605384814691
-0.0108454242652831 0.0086833224100851 -0.0542584205499986 0.0734013188300618
0.00162386025427214 0.00560317045337821 -0.123885668591027 -0.0110174594387187
-0.00306151634551275 -0.00781365241455629 -0.12185371210823 -0.178872478138788
-0.00213137844420166 -0.00950362147165079 0.128015101511317 -0.26860188610668
0.000454783953044848 0.00250298821944025 0.384973442376392 0.0343849726962944
0.00371289852906141 0.00679245077389859 0.163884969111805 0.379314341327133
-0.00517602997613351 0.00464102702394859 -0.147071280366084 0.264013719701593
-0.00264515698128654 -0.00328165284396539 -0.00157804886028776 0.0422695700755216
-0.00251563851376765 0.000396407673192545 0.157848145685689 -0.199310892185578
0.00133782070993733 0.0169683458424606 -0.175622777876699 -0.391178376866626
0.00375108274094096 0.0129830014083444 -0.466150314356955 -0.000463061380833215
0.00485450589038887 0.00044373361920185 -0.123388764132367 0.347340175454141
0.00463286313633754 -0.00560315857820452 0.173431580954227 0.197772044875094
0.00636837558212558 0.000233977628173909 0.178984486007742 -0.0130139783438062
-0.00375161960505364 0.003142063418449 0.0577781102769631 -0.118540116221423
-0.00798048903480978 0.00830920909256978 -0.0558193793080308 0.0741217168321669
0.00392933039617145 0.00727269382415962 -0.121969901094129 -0.00917348414695589
-0.000956773698400405 -0.00290158217775966 -0.121628368885875 -0.180268386292206
-0.00233176612328978 -0.00608432265862696 0.124196415285999 -0.269665243496535
-0.00161841428162254 0.000373110826888216 0.384798324623384 0.0340122513656506
0.00376176574788842 0.00269717070228831 0.167927342126296 0.379114010989837
-0.00382606406955631 0.00182714018724081 -0.143844373931065 0.264595727784397
-0.00215630180072121 -0.00425330762945313 -0.00134035762021838 0.0424010012189448
-0.00149493313875369 -0.00228323598545314 0.15970065671498 -0.197818946715609
0.000696288371693183 0.0129531392508621 -0.171676763637781 -0.391362839943653
0.00154170157951719 0.011467715978513 -0.466437449150761 -0.0017942509877936
0.00574149637821466 0.00353177637204583 -0.127309859286443 0.346896884865301
0.00829815149761216 -0.000864800125197929 0.172872258108691 0.197596396960674
0.00950488881234618 0.00179589650040252 0.180647814049122 -0.0116737124809697
-0.00104641651098516 0.00218340358167799 0.0569164947944787 -0.117135631815457
-0.00473434173261281 0.00359611758909598 -0.0584812151166717 0.0829936445130486
-0.00782205466586063 0.00297635586164034 -0.138662428581647 -0.000235475820363494
-0.00889054088917915 -0.00123702745467604 -0.150076616850882 -0.164714366977436
0.00291987795465529 -0.00840168943626582 0.0901644582604821 -0.292515375514488
0.00192439005516512 -0.00289927836784525 0.384707290854407 -0.0382386787140273
-0.00132677972715351 0.00181842614904636 0.210184858061539 0.332719919750811
-0.0108610596015535 0.00267125550712754 -0.119462110671027 0.260580890598144
-0.00820872996105231 -0.00449678715442289 0.00230547950061829 0.0365802490664627
-0.00837837932577064 -0.0030738856993968 0.187429602983529 -0.196833967075591
-0.00583880279572317 0.011276419224321 -0.114347836781993 -0.440990454725938
0.00579097406656565 0.00748190694001559 -0.466895342303923 -0.0905236678963703
0.0126050598542073 0.00180747802125198 -0.177612460786886 0.320697685120843
-0.000726041795075731 0.00109271006125617 0.142223096118671 0.220478784808232
-0.00485913419875958 -0.00430794694491302 0.168877676470472 0.00562654520010742
0.00311702218431332 -0.00407685195843471 0.0576086207673749 -0.113232934316733
-0.00734901361890259 0.00478882127896705 -0.0574552409417991 0.0804072077435772
-0.00808776466117799 0.00254674494713426 -0.138147286464321 -0.00381770884732971
-0.0101612219537447 -0.00640334872374368 -0.145319734893871 -0.166788334282445
0.00202077871791821 -0.0111149843391977 0.100321668633648 -0.28862177690355
0.00351987210634732 -0.000468101374767885 0.387475897977153 -0.0260312696172716
-0.000637105849508011 0.00621289006815267 0.200931106548124 0.340401888449714
-0.0111657021321244 0.00465491892280379 -0.12642007635278 0.260915862370625
-0.00817748632281009 -0.00292779060440022 0.00157445062551918 0.0370555692045388
-0.00894083373833138 -0.000705102894362394 0.182037101281589 -0.197796814287787
-0.00464922647636642 0.0162077887226672 -0.127191768979796 -0.434198123279618
0.00776438217074573 0.00997051719634558 -0.467234149113585 -0.0770328955226266
0.0112733860787158 -0.00159872807634808 -0.167110761513403 0.325960514790435
-0.00229703337606128 -0.00466161085757373 0.147022639152838 0.217932983913275
-0.00535254671358138 -0.00496825609673466 0.169192900562864 0.00198928783920988
-2.28788114117551E-05 -0.0019664698638413 0.0584024412252747 -0.115185710058727
-0.00991604047394583 0.00656754251805328 -0.0560965991450428 0.0782004321108477
-0.0075604853391353 0.00220588553688666 -0.13581074640287 -0.00763173799309861
-0.0100587452986081 -0.0101463060770314 -0.138815577508634 -0.169700332286951
0.00090306521692225 -0.0131031297505268 0.111088448713164 -0.283604793447897
0.00431719541740023 0.00164235279097526 0.388991093893755 -0.0107074230259094
0.000972519754889083 0.00959949971376313 0.190162686766836 0.350403218684576
-0.0108138721837861 0.00641441655004227 -0.134222449815224 0.260526212635409
-0.00787222598043217 -0.00233382457330838 -0.000314902551984864 0.0380671229944318
-0.00889688668377472 0.00155825482470871 0.176318437586004 -0.199422041323974
-0.00299194581744457 0.0204413443275445 -0.142733429179886 -0.426333267121266
0.00891262066075902 0.0118876729054625 -0.468603269631365 -0.0603405862046387
0.00907927462144066 -0.0037271284447594 -0.154804880944158 0.332587333732978
-0.00279443748679198 -0.0087104482460697 0.153627027754825 0.215106896514647
-0.0047488826855005 -0.00497564703366893 0.171399761053545 -0.00168670690340926
-0.0027418718941828 0.000208891341475985 0.0600137532210512 -0.117078385041689
-0.0120405531909633 0.0078465627221336 -0.0547183797831337 0.0761845234371447
-0.00588252189766013 0.00230732797528352 -0.133370008711412 -0.0103909631643332
-0.00927630139439762 -0.0132082372950244 -0.132861984407724 -0.173345933368388
-1.00732899033021E-05 -0.0142972246952835 0.119659394703215 -0.278278538860223
0.00439664827898311 0.00325780898361674 0.389810025365878 0.00538962094887252
0.00167035334827509 0.0116642047838909 0.179124979929065 0.359960796209192
-0.00973214609645771 0.0074771011698744 -0.141261861558179 0.261997259305188
-0.00670353722836178 -0.00167519606202892 -0.00125092537037956 0.0388860137121271
-0.00762297371497949 0.00296271731538083 0.169803466316808 -0.19996667973762
-0.00148855619709667 0.0224963962991714 -0.153923536665671 -0.416806587082961
0.00883829914800856 0.012781727447278 -0.468789816160541 -0.0401556407760148
0.00770675781928217 -0.00494062683019469 -0.142108461784185 0.339927966846863
-0.0021629000150198 -0.0110741424128091 0.160458940789158 0.211009949525025
-0.00264356652847272 -0.00425597075667159 0.173724537203038 -0.00577901066170851
-0.00498854196164984 0.00189918831132489 0.0601448016591837 -0.118283129400958
-0.0127528556116245 0.00894368591530568 -0.0547591161253416 0.0746509382553788
-0.00327321339149099 0.00347913117440803 -0.1304195971523 -0.011976295730268
-0.00739214196712226 -0.0133805687088743 -0.126443186381997 -0.176723758997269
-0.000937915179632766 -0.0143041264488345 0.127685023213904 -0.273284443668114
0.00347306702042242 0.00438204183325057 0.38932407824001 0.0205682830437439
0.00281446780720866 0.0115084691562431 0.169711147654298 0.371033934489209
-0.00866494809925221 0.00730636748189101 -0.147191880910451 0.262199179099217
-0.00560625503637737 -0.00164615760158726 -0.00190943641160558 0.0403040213555021
-0.00609869835025627 0.00305728226844254 0.165243989593315 -0.199933504694337
0.000104375158099612 0.0229694533107531 -0.163443432789408 -0.406869458530325
0.0079738039451298 0.0141122792012348 -0.468230138989377 -0.023399463524627
0.00581682325293318 -0.00448659462066137 -0.133765136075811 0.345181181786555
-0.000722196694979487 -0.0113644876615987 0.166849617643509 0.206541179867035
-0.000440021270200916 -0.00284476881414327 0.17598390280303 -0.0087316911048279
-0.00576933292342582 0.00303106720960103 0.0605730554013839 -0.118920041123453
-0.0122404658613897 0.00941668005535145 -0.0550999585873577 0.0735256102874395
-0.000628060926517769 0.00457108056107998 -0.127437600984642 -0.0127598824348443
-0.00487834632021032 -0.0112713637937377 -0.122409680044573 -0.179860700979943
-0.00137561821188163 -0.0124186608723702 0.130887039792888 -0.269485712419051
0.00246446997548536 0.00366490496273796 0.388906343057006 0.0334332041035367
0.00334678722388396 0.0101701176933751 0.163237774960715 0.377373122530417
-0.00693492922489107 0.00579449768500506 -0.15059210287371 0.262929174291651
-0.00428051109358526 -0.0025841626236741 -0.00273122200348213 0.0415316137677387
-0.00413762921841737 0.00211378835262332 0.162334679223379 -0.199294979079694
0.00126334642309508 0.0212578752688678 -0.170159555120086 -0.401077749379741
0.0061202071560165 0.0138519583377405 -0.469229498351706 -0.0116431736187244
0.00476337065802131 -0.00293676346042401 -0.128204720630066 0.347863792600939
0.00155576825196024 -0.00999229193302452 0.170711162436054 0.202632150437095
0.00282500281328794 -0.0011194983713767 0.178081563846329 -0.0106956028211953
-0.00520137260248572 0.00361036306830461 0.0601880060282694 -0.120105911661332
-0.0106330325894845 0.00941441687138268 -0.0554267188918926 0.0739162624740768
0.00203125967944027 0.00617289905217289 -0.124670619370532 -0.0119573622617459
-0.00304240465957312 -0.0079917098390446 -0.121062464990842 -0.182018473739483
-0.00250628107002387 -0.00970599657695936 0.130741685343337 -0.269198835359178
0.000354209112360297 0.00236034531389787 0.388319828887823 0.0376425120718157
0.00396988061923009 0.00686546803667545 0.161650806144049 0.382042341871298
-0.00530038596203038 0.00418456456358046 -0.150442860163451 0.263744924987782
-0.00280089602916292 -0.00317995629462651 -0.00292050996641798 0.0425931380286073
-0.00253820147183204 0.000307729304149606 0.161217006774602 -0.198940769707084
0.00118590131273635 0.0177194642633688 -0.172851677529439 -0.395212912019281
0.00381942688109782 0.0134084837893207 -0.46945065220389 -0.00354178372069489
0.00517216991242907 0.000159226892055422 -0.125638891999562 0.349052975139548
0.00476657974220831 -0.00618089757211085 0.173976768479766 0.199780546554905
0.00677922685016101 0.000373601662036064 0.18023367652171 -0.0117634873167531
-0.00332068946057672 0.0035990800842352 0.0592089225686775 -0.119175398524124
-0.00844380093829096 0.00853332560683722 -0.0571678679479605 0.074906119560941
0.00349938336931313 0.00774757360372383 -0.123287617819636 -0.00974926040824283
-0.000702422277140554 -0.00278369079163516 -0.1219052510514 -0.183090417001091
-0.00246214756782922 -0.00626764883252325 0.12699176525249 -0.270563407763791
-0.00159448865156784 0.00019580019312624 0.387077845528532 0.0365155774495242
0.00403579757136776 0.00289713072447794 0.165721380544197 0.38266659192725
-0.00385678243552271 0.0022720751614778 -0.147516493633136 0.265199801003571
-0.00225101323019245 -0.00473788088038746 -0.00144332136209979 0.043188425094581
-0.0014072246505314 -0.00205410168185884 0.162973482807934 -0.197226265540882
0.000673816477370175 0.0129919887861094 -0.169916808962458 -0.396445021223128
0.001062001874652 0.0115436751856508 -0.469432615102126 -0.00466340104497478
0.00631206164168491 0.0034725441849814 -0.131431425499975 0.348197267934883
0.00831321390814347 -0.00112139300023462 0.173028743724433 0.199684419190459
0.00948374411717421 0.00207971734562137 0.182166071214267 -0.0106241670685056
-0.00118039382729604 0.00171578919446456 0.0584245417034071 -0.117557634480583
-0.00452550040639808 0.00331253818485326 -0.0599192892043236 0.0838951139061059
-0.00815432615108398 0.00298911045306173 -0.140628337307524 -0.00114067149295152
-0.00898334500099857 -0.00122731546920395 -0.150646982506677 -0.167075311521135
0.00319326110282551 -0.00819790589655223 0.0929088590842306 -0.295402011082737
0.0020367172582429 -0.00335810938573387 0.388659911436566 -0.0353680458534643
-0.00162178343454673 0.00176256903033002 0.209453416718087 0.337067343115604
-0.0109075942308213 0.00245670550529282 -0.12264204045484 0.262020614908612
-0.0079671605984315 -0.00417832052795954 0.00202804568420363 0.037166806611758
-0.00834568860966265 -0.00314563777945041 0.190730776301602 -0.196319255233243
-0.00611719122784153 0.0114269347063591 -0.112920970720292 -0.444604491939856
0.00576012529683149 0.00753887605935987 -0.471007546235024 -0.0951035357981828
0.0128383661472631 0.00193511750476648 -0.181327973418515 0.322160956797065
-0.000205173165471245 0.000728221046164502 0.141794338368681 0.223244942805219
-0.00520144897917247 -0.00430871023707331 0.170655187849547 0.00652204712091986
0.0029757832403374 -0.00382331172201312 0.0597541058850763 -0.113846446090179
-0.00761676472006013 0.00497136766645379 -0.0585246352271997 0.0811782714688473
-0.00842508020095912 0.00264040140409391 -0.139657713154923 -0.004360522041652
-0.0100339058934089 -0.00675305875955377 -0.145273783205555 -0.168964003536638
0.00190782825093164 -0.0113028039473245 0.102400169057104 -0.290650838530634
0.00341215685829271 -0.000299361217812206 0.391408136577829 -0.0243370906583794
-0.000256066616751678 0.00626910759664191 0.199304658061617 0.345047524281159
-0.0110532997941116 0.00472988369413173 -0.12963185123144 0.26187072961555
-0.00856843378955671 -0.00304100260811041 0.00060187589430688 0.0378745271708645
-0.00890485259039453 -0.000603688035872438 0.185269837454033 -0.197961762776898
-0.00524171908559776 0.0164826698630242 -0.125406829172612 -0.43843978240661
0.00766149866527908 0.0100233133247191 -0.471806940845488 -0.0803676535539855
0.0112867447931195 -0.00130715424900093 -0.170149289635539 0.327934589234853
-0.0016333758694989 -0.00462866473007241 0.146955381285006 0.221273251652379
-0.00521697251214504 -0.00513255913264405 0.171851011294633 0.00293570122781874
-0.000552952350619909 -0.00217356433249899 0.060749701037163 -0.116123684742632
-0.00943568621633189 0.00668125663283227 -0.0575031262780282 0.0791326146620723
-0.00757290262458414 0.00221004534297547 -0.137774751021751 -0.00764068836782525
-0.0100936472999131 -0.0106627842673775 -0.139661309816288 -0.172262970976819
0.000811630955263294 -0.0135242819533064 0.113607340836867 -0.285938857263894
0.00457866584310148 0.0015585082075422 0.393049989140958 -0.00825314877432799
0.000485748061163936 0.00992149168611116 0.188771874993452 0.353600727018821
-0.0111252855402245 0.00648695119802331 -0.136903614597272 0.262140136622278
-0.00795556558846272 -0.0025071090720341 -0.00106705243416496 0.0385610474778052
-0.00851128816312626 0.00152674094128566 0.179391093390767 -0.199052839707865
-0.00310794580685826 0.0204394353099517 -0.140566910844583 -0.429845729132776
0.00870854199660499 0.0114526260712522 -0.471494370180389 -0.0627912742241415
0.00929444481925139 -0.00396165272780743 -0.158600012656642 0.335312191515131
-0.00266723835526079 -0.00891495432758158 0.153815341644536 0.21806710180684
-0.00501885714644531 -0.00496150977019018 0.173077733477845 -0.00112611779981194
-0.0032385238632267 0.000521861979752181 0.0614679219221829 -0.117995222150715
-0.0116723793296634 0.00835455563288 -0.0565459328635688 0.0771512919522622
-0.00564748897607342 0.00260331386812374 -0.135062835597604 -0.0104113231454792
-0.00908896734553816 -0.0128603503350677 -0.133421722183299 -0.175415559185606
-0.00021218866089743 -0.0145179262377926 0.122160512588683 -0.280107954884812
0.00423906537759069 0.00340450548805835 0.393838898123089 0.00855237751278019
0.00206558645899065 0.0118844288957505 0.178094843135987 0.364462153912495
-0.0102726464248936 0.00717540086994954 -0.144084411122475 0.263006134241516
-0.00692513822007882 -0.00197082004284802 -0.00220053133887069 0.0400694068316223
-0.00792566848767065 0.00288639290118883 0.173212840806765 -0.20031595022009
-0.00119472443804198 0.0229037463022738 -0.152405708455078 -0.420834062053863
0.00892819092555274 0.0132580364613819 -0.472256034208107 -0.0421692746488155
0.00748688201025695 -0.00528756289299932 -0.146064681159476 0.342255802418029
-0.00240608985059923 -0.0112201345812031 0.161287892561626 0.214030842976661
-0.00341997227285852 -0.00381131067569112 0.175162166451103 -0.00466627685955146
-0.00513816493517173 0.00170964999864729 0.0622681685212907 -0.119485828672749
-0.0126696338391624 0.0093213521694931 -0.0567197899209563 0.075266198353152
-0.00326085174129591 0.00330371532758683 -0.131596526146903 -0.0124761733921561
-0.00720423731151726 -0.013588495851693 -0.126831290179364 -0.179315239936095
-0.00089484458070787 -0.0139463103804226 0.129944381792783 -0.274841920098622
0.00351007390587359 0.00410047044530004 0.392868375033914 0.0239144638674205
0.00303063042312492 0.0119027456281657 0.16684582715913 0.374430680494562
-0.00910840834321202 0.00703060205712902 -0.150794729086671 0.263208268404474
-0.00565226418443673 -0.00202485427454367 -0.00296815467366353 0.0407986613944547
-0.00600440151875927 0.00278679948255677 0.16830108054456 -0.200871493867646
0.000240189854807822 0.0225110414402867 -0.163911612327891 -0.41311842156205
0.00774029120769666 0.0144974154754541 -0.473333450172203 -0.0273960406820966
0.00589318505208553 -0.00448031829772003 -0.137048174068283 0.347744138592813
-0.000888171923870827 -0.0116712392943939 0.16786641332761 0.209320529329731
-0.000213310348352289 -0.00261745072724765 0.177887505189333 -0.00767584663816855
-0.00582243207219475 0.00290725596896475 0.0616991303367669 -0.120531696754004
-0.01204426312615 0.00946766194775629 -0.0568231206221266 0.0742712720085723
-0.000269417307899197 0.0047437915712447 -0.128799917928381 -0.0133927569275913
-0.0047152301020831 -0.0118057300435431 -0.122703302074649 -0.182530340459516
-0.00175840459961276 -0.0124581669183477 0.133501897236672 -0.271337418542696
0.0020125333278659 0.00383572271755785 0.392280116225437 0.0355329285534645
0.00349498760591047 0.010097847442813 0.161994888865845 0.382643622553464
-0.00738039705187831 0.00608786629994549 -0.153326308316252 0.263406453544003
-0.00460463389180651 -0.00264010115276321 -0.00340099553339105 0.042131889441852
-0.00420002868170838 0.00175762428024294 0.165580056102241 -0.199536180901419
0.000765599804488818 0.0209829652597969 -0.169280292658248 -0.404757592511056
0.00598928055358013 0.0139893945678351 -0.473053975544102 -0.0138577576902651
0.00478837060723439 -0.00291941555901215 -0.131794774747235 0.350249086712091
0.0020385957656991 -0.0100663750524111 0.171232078519938 0.205581748912393
0.00304129160151192 -0.00114372508773409 0.180089141831361 -0.010079689136001
-0.00554189249963607 0.00399198810843458 0.0617955606088169 -0.120358958596543
-0.0105720017196658 0.00960658411472497 -0.0572237818051032 0.0747139259750302
0.00188029293675953 0.00617525503647996 -0.126157576760239 -0.0123738525079235
-0.00234589961150722 -0.00754809044790058 -0.121840638276184 -0.184138412848373
-0.00181303289811538 -0.00948885748346446 0.133094748055116 -0.271117848549876
0.000521838576526959 0.00272759876834992 0.391020219588019 0.0403049642851878
0.00413351073229645 0.0066076173727223 0.16007374807423 0.385982110417649
-0.00541294875734909 0.00425161723678553 -0.153473767373158 0.264764377307416
-0.00316015421395182 -0.00372277884245952 -0.00303005238792034 0.0430305731848001
-0.00231212886460412 5.16736681466805E-05 0.164310377484329 -0.199302572110163
0.000877156080496199 0.0174720824975872 -0.171593548002261 -0.400635402283417
0.00398359628701019 0.0132521371706 -0.473386662283388 -0.00663353340928066
0.00487045617635755 -5.1637249076507E-05 -0.130181197520009 0.351987798863488
0.00490727229005403 -0.00609563588297915 0.174225302532981 0.202938684296116
0.00642101724199158 0.000761351916597857 0.182171892245841 -0.0112619732393129
-0.00387612958773834 0.00305314581867772 0.0608378525195147 -0.120209629096895
-0.00807720588528841 0.00864894737167829 -0.0588351161518178 0.0758031406333505
0.00375351841811833 0.0077542364004722 -0.123937725653491 -0.0103592114472801
-0.000813173892996912 -0.00269890062683362 -0.121655087146462 -0.185531395022966
-0.00242245851978647 -0.00620141424616851 0.129401548727444 -0.272614032068324
-0.00139491433915466 0.000636395868976875 0.390264203418796 0.0396537601602788
0.00414167790065509 0.0025572528843685 0.163699921842213 0.38667998643007
-0.00398128975754375 0.00282272298190947 -0.150949520734965 0.266331210219101
-0.00256660714222159 -0.00461653433625649 -0.00230127121397575 0.0435060631274986
-0.00108013324174894 -0.00256333339983761 0.165694715057863 -0.197228214029294
0.000547819092418616 0.0126408424995499 -0.168060337388948 -0.40147532556524
0.0014430634085439 0.0119648633674818 -0.475273123588096 -0.00786294731455195
0.00558287801672745 0.00340544095521558 -0.135246658208913 0.350430357653961
0.00852187141093284 -0.00129394210243814 0.173486363095507 0.202941461353973
0.00949252959547105 0.0019751317773851 0.18459722353321 -0.00940571804711926
-0.00164726535920703 0.00191235857839577 0.060677859637327 -0.118806011928761
-0.00472035240634396 0.00389171536993799 -0.0617227943398136 0.0847211133365671
-0.00807719059751564 0.00318052225158892 -0.142366195476612 -0.000589105044597643
-0.00847813679610625 -0.00171076828672768 -0.152061076836085 -0.168755737301211
0.00350451205243987 -0.00847871084251547 0.0944216918604297 -0.297223307968449
0.00196076953414929 -0.0029725648070682 0.392880636169537 -0.0342551967632648
-0.00111569766080901 0.00194625215120426 0.21066446174944 0.342169585657402
-0.0114481780654606 0.00260008499360249 -0.125299555138094 0.263812816742778
-0.00860449972620408 -0.00454969960175577 0.00176723524730398 0.037780157231827
-0.00836303325204572 -0.00374705552551466 0.194489565494432 -0.198058556195827
-0.00603331023807254 0.0115981714911465 -0.111622422925098 -0.450082616350767
0.00548773325999768 0.00789446358645932 -0.476711933930163 -0.0976205957893681
0.0127829392047559 0.00219687825349632 -0.185047614801267 0.325564583484005
-7.62169128862205E-05 0.000828564081191836 0.142974877499145 0.22638038492048
-0.00498601718089897 -0.00453506362851866 0.173086889097516 0.00742025663615025
0.00298149288832966 -0.00438732673282631 0.0612079445828131 -0.115374544314914
-0.00733386647136172 0.00528415069099705 -0.0607939603244659 0.0829164605477816
-0.00842773611361737 0.00211721817458625 -0.141857600673135 -0.0046034700525149
-0.0103119676359464 -0.00641327889008524 -0.146891097723512 -0.171366773933354
0.00184052717680255 -0.0117366297872227 0.104354321769758 -0.29297086067076
0.00362114643032731 -0.000575509547291626 0.395666925111409 -0.0225137645756956
-0.000463719735741065 0.00642210968190326 0.20080896761995 0.349168395780536
-0.01179434618456 0.00494851972337486 -0.132369656916846 0.26394860861096
-0.00801914818343787 -0.00343450649856774 0.00046478034328004 0.0383052378996789
-0.00922158814240535 -0.00095616157305326 0.188926127075693 -0.198930655989744
-0.00516376139567748 0.0164157715914509 -0.123431590782363 -0.445398208477234
0.00762009978974743 0.0101360744759824 -0.47633294999178 -0.0822499532958484
0.011229955737878 -0.00145206448824767 -0.173777324351229 0.331291236789696
-0.00192114298148356 -0.00541194446413636 0.148460918529454 0.224564868801811
-0.00593405273164622 -0.00524852751079209 0.172969100898725 0.00408588977773319
-9.57968910379717E-05 -0.002233525513718 0.0616922078604285 -0.117771818044897
-0.00993814272670318 0.00713051541565778 -0.0595109899308994 0.0803400027970873
-0.00743655380754545 0.00202112086333597 -0.13959637422516 -0.00808357404111329
-0.00997990824387761 -0.0107154332691854 -0.1404633348325 -0.174622737156899
0.00103830672222222 -0.0134581103483992 0.115791787341744 -0.287917706410202
0.00425555126268857 0.00171087927964745 0.397437790377775 -0.00672151603544308
0.000860601445544136 0.0097957983451603 0.189333117000004 0.359220577056451
-0.0112472043465197 0.00618639014292182 -0.140881097349297 0.26365341063993
-0.00819902602481641 -0.0026628828850246 -0.00116771561306605 0.0388975333448732
-0.00882300662789653 0.00113812832693297 0.182391257860157 -0.200244546843559
-0.00327781813309164 0.0203095156225437 -0.139658270307468 -0.437093278887243
0.0088099248944655 0.0120305096278149 -0.477988754998739 -0.0656933905727757
0.00958949714370501 -0.00379557775670954 -0.162456740247227 0.338523084799419
-0.00281194462477529 -0.00904154738936868 0.155018379592604 0.220578932940741
-0.00505827424208301 -0.00527353564028502 0.174871952955142 -0.000151628375329669
-0.00317895819334437 0.000107455882814494 0.0627581633187442 -0.119219982055058
-0.0118760940677678 0.00855390659673832 -0.0584586908268692 0.0781829398038961
-0.00554626367812983 0.00261295513223155 -0.137422787505966 -0.0103918042999655
-0.00932239049293912 -0.0131133667611155 -0.134137163637978 -0.17828536649632
2.04440213743867E-05 -0.0146879378758587 0.124970943788418 -0.282894576240434
0.00443210163564494 0.00335131082701688 0.398094131628043 0.00892772561620557
0.00168959381846167 0.0113115943198739 0.178301029985034 0.368150971885562
-0.0103461762383326 0.00736122075019691 -0.147741645812124 0.264556324442379
-0.00699927934455487 -0.00193153443210884 -0.00268431804100492 0.0404007947888008
-0.00765205863024677 0.00225982519997936 0.17611475652001 -0.200496707688065
-0.00167523860520557 0.0226671812786283 -0.151607331272828 -0.426382111216136
0.00886634096864258 0.0135091193029128 -0.477500658666719 -0.0460949730476641
0.00767172216848804 -0.00516784258093443 -0.14951600128938 0.345336379342729
-0.00251670774199323 -0.0114659867688675 0.162456850864882 0.216635344951361
-0.00279869177494162 -0.00415241138910955 0.177206368766205 -0.00454404583704392
-0.00533012013649972 0.0019366073269691 0.0635025345114273 -0.120574829829588
-0.0122506135699326 0.00935054663711168 -0.0577001264573627 0.0769742976572418
-0.00299132659566719 0.00335087950275832 -0.133889884968195 -0.0125421072628318
-0.00712998414320506 -0.0141075199354852 -0.127851862901972 -0.181888942486464
-0.000712250928786071 -0.0144142205325797 0.132648712162419 -0.277923339302742
0.00350504506418188 0.00471705509836123 0.396725156388905 0.0255500178709109
0.00267613310125342 0.0116028982688559 0.167260948834754 0.380001027304735
-0.00947994400492578 0.00697407375453939 -0.153498566208893 0.265324697743281
-0.00608321573824369 -0.00221302584987751 -0.00336485706080068 0.0417450754602588
-0.00565589353821676 0.00260294429954024 0.170928789346566 -0.202206758816836
5.70302672134176E-05 0.0225866975921306 -0.163204628196803 -0.41716848752039
0.00800535762540647 0.0142924527063956 -0.477592250119143 -0.0281858774465768
0.00555775829682555 -0.00478874105032768 -0.140524019593085 0.349957579306559
-0.000725245799096408 -0.0118301641740036 0.168875186779477 0.212207420086497
-0.000629013639325036 -0.00285926028824326 0.179860366883484 -0.00725963528475726
-0.00597653030073182 0.00338213700093493 0.0641221792154228 -0.12224796466731
-0.0124085048925333 0.00989131950695652 -0.0585936088853197 0.0761645631240022
-0.000652831193615098 0.00480255308818426 -0.130525876849902 -0.013343298050263
-0.00484756388473435 -0.0121581302735055 -0.123417197821353 -0.184573759149131
-0.00149625871803155 -0.012431890371983 0.136278920588455 -0.273848667327771
0.00218970170685047 0.00379855347184339 0.39703486140052 0.0376135055058495
0.00328776424390948 0.0101271300535686 0.162397670112895 0.387807945404693
-0.00756446380850847 0.00600859723102214 -0.156534344443033 0.265082337305178
-0.00422056493753293 -0.00259225851871995 -0.00394142760287567 0.0425035806980031
-0.00393279861398462 0.00163182634766116 0.168367674221514 -0.200586071626405
0.00112427215723683 0.0214520786983172 -0.169014961888114 -0.410450754667248
0.00598737070512055 0.0143745077553676 -0.478990727339135 -0.0164181607722206
0.00471846251515496 -0.00285719495495448 -0.134737495313808 0.353742033646051
0.00154025067339645 -0.0100320758943196 0.172792120263657 0.20951136600325
0.00317195786547729 -0.00136924136599892 0.182970522295168 -0.00972749197201979
-0.00553812212369264 0.00334098752575522 0.0627694752789449 -0.12217588271201
-0.0105466961035526 0.00997677680335064 -0.0592467619990494 0.0762535523952323
0.00212335381494966 0.00658376918657376 -0.127454257916467 -0.0124115411332782
-0.00258898309054879 -0.00828652233813484 -0.122239254529439 -0.186803917498358
-0.00197357059201218 -0.00996950173465906 0.136043736139673 -0.273690557434062
0.000337637444837706 0.00282410246265611 0.395623799164773 0.0423307613063523
0.00450825950053567 0.00696813948207791 0.160614089898287 0.39150669745861
-0.00584850762832102 0.00437801629215606 -0.156571140338203 0.266680007323484
-0.00303483360994594 -0.00340203948446609 -0.00337347633757388 0.0435224642754408
-0.00224849586990738 -0.000155480670660985 0.16714693667359 -0.200683837240207
0.00148663024733406 0.01717625022627 -0.171432320273005 -0.406708269578353
0.00406710807061086 0.0136063865069843 -0.478261488521667 -0.00898340846930997
0.00558669232406696 -0.000300629844752764 -0.133053672074977 0.355530075583173
0.00518605666311285 -0.00634932657532594 0.175289510928031 0.206154914487235
0.00663897217432758 0.000397452420512491 0.184602146970884 -0.0107139637494284
-0.00420723609419737 0.00339288467320549 0.0624010067855865 -0.122248689595066
-0.00777733657068778 0.00921576628150269 -0.0603330144016753 0.0766279769620671
0.00385079387600087 0.00785770552388119 -0.12638445522188 -0.00991098556842472
-0.000444676960206419 -0.00292488564570283 -0.12252464356156 -0.188136238255347
-0.00252611656292262 -0.00617303237987303 0.132636374339659 -0.274977243147432
-0.00146715388030606 0.000178443674114069 0.39417620293259 0.0426941052241438
0.00426508253096045 0.0023564648167584 0.164595849653753 0.392110039798146
-0.00436469068305487 0.00202277886207732 -0.154564143939385 0.267770911549819
-0.0021408684636574 -0.00475288729681188 -0.0028181658541236 0.0442016228504405
-0.000907777577862407 -0.00257370099786042 0.169202933107307 -0.198508360297094
0.00075232671350554 0.012976902129332 -0.168126999789917 -0.406178729321491
0.0017093805276808 0.0122682905478757 -0.480285440738875 -0.0102434672898162
0.00562403210788726 0.00366584792937328 -0.137914469693849 0.353147291697778
0.00869611019563836 -0.00147570313225087 0.174230716186129 0.205225529476886
0.0099278257701936 0.00185820170402873 0.18645075028493 -0.0094234254698854
-0.00182499534294478 0.00184554251262588 0.0620655330896297 -0.120272315957562
-0.00428230744574047 0.00435824575361427 -0.0631831395480261 0.0862597325743999
-0.00797391994041871 0.00325743385700103 -0.144906146953444 -0.000601558615444833
-0.00884282310132321 -0.00152659847939775 -0.153444084388997 -0.172285832962739
0.00326659879406267 -0.0085948100505891 0.0959049751202707 -0.301546474026846
0.00235025333965859 -0.00272765260527392 0.399216333116533 -0.0344592997529449
-0.00178327418117157 0.00163426103809019 0.213566019357677 0.346479741353027
-0.0117652297430308 0.00220469378056248 -0.127853276783671 0.266836520792342
-0.00848573647445282 -0.00475192428732596 0.0015287675041619 0.0383764297536424
-0.00834171804886999 -0.00316562409788527 0.198092753834911 -0.199559166358156
-0.00589776914376191 0.0114625860690699 -0.11032541490222 -0.457610423231373
0.00530613880555037 0.00766122409074752 -0.48293541757496 -0.101499054815787
0.0127466804469469 0.00141422434625961 -0.187975898570368 0.329792495437351
-0.000172889565844989 0.000895817560610519 0.144593423637931 0.230197180955242
-0.00536572981077212 -0.00471194723025059 0.175843957668781 0.00756835782016425
0.00300973141234157 -0.00435428442186775 0.062417775222549 -0.117133160521384
-0.00754107413247774 0.00550165596125121 -0.062070381460612 0.0845878915468595
-0.00771704883428346 0.00248738842233428 -0.144440541384461 -0.00408751335048117
-0.0104078125537615 -0.00665261987250804 -0.148516981889843 -0.173840865840217
0.00194369078669129 -0.011803304666771 0.106627029057374 -0.297193182807546
0.00337393896333309 -9.43346142338874E-05 0.401425251348662 -0.0226651759327877
-0.000294326901963885 0.00622248911163923 0.202040529238865 0.354253381824972
-0.0120924467426068 0.00493617754910755 -0.134749299416398 0.267439746883801
-0.00894774096793507 -0.00334189849606125 -1.23955533221648E-05 0.0389219364906673
-0.00875270746886051 -0.000732287630336253 0.192186420453688 -0.200962896758621
-0.00451938334640788 0.0168170369849977 -0.123461572029011 -0.451691805989577
0.00772976731834649 0.0105429559975597 -0.484224519355626 -0.0858800993603949
0.0115692787638889 -0.00129301166133857 -0.177947344744178 0.336373821366178
-0.00187411224496537 -0.00484315801697167 0.149685920311086 0.227901562701988
-0.00592116024526531 -0.00543116457231952 0.17573349235075 0.00412069729907658
-0.000516493618265445 -0.00246226342344236 0.0633796855346181 -0.118625110641773
-0.0101008001677244 0.00774464321148389 -0.0609042903524792 0.0816645347837333
-0.00744860481888777 0.00226743300048742 -0.142339848010981 -0.00763236192346348
-0.0101871182479672 -0.0114262682480403 -0.142378498023748 -0.177707432571812
0.0012536569466094 -0.0138225546570808 0.118215534033259 -0.291972974097547
0.00429170917747669 0.00201502561415941 0.403539065771796 -0.00582062569934443
0.000913133419694028 0.00985542287755505 0.19158196774147 0.36485653397765
-0.0117177062842459 0.0060395741627475 -0.143411137707807 0.266807466657183
-0.00785084687882889 -0.00255099926528585 -0.00126737121005079 0.0400671482399183
-0.00884395076365013 0.00162482094128914 0.185739776073057 -0.202084121027482
-0.00296692181777579 0.0204728548259822 -0.139143537683021 -0.44384033099487
0.00890925914032639 0.0126647315981246 -0.484668444677985 -0.0674590431707547
0.00977332274695207 -0.00418974527308936 -0.165583933327711 0.343159945682631
-0.00274241275034364 -0.00965196118067902 0.156673157809316 0.224578746281899
-0.00500657811275309 -0.00511263318574257 0.177481620472654 -0.000519787183588866
-0.00325224599894133 -0.000144047750705736 0.0642433766304097 -0.120946695666191
-0.0116932477016842 0.00852263511667861 -0.0598239032293728 0.0797961863009311
-0.00544892897062764 0.00241145884610587 -0.139170677396323 -0.0106595613171626
-0.00948247171878499 -0.0136486498649969 -0.135761121019943 -0.1805392416081
0.000273614131261517 -0.0149886837382005 0.126410798371173 -0.286652551714015
0.00421462681252494 0.00348044756233269 0.403652709224935 0.0106555724762393
0.0015775448529801 0.0121207721728051 0.180181579085192 0.374169625582061
-0.0108454632737876 0.00717485875273428 -0.150473157828474 0.267709398693674
-0.00708428920677194 -0.00204665950288323 -0.00278521524640704 0.0407812472547809
-0.00758448520902179 0.00224881675907663 0.179371218063063 -0.203632972365629
-0.00152999110044267 0.0229523444852333 -0.152758440746036 -0.433521271806377
0.00914419969963635 0.0137941449338359 -0.484340611282854 -0.0464924325967413
0.00791290055911394 -0.0054696925680954 -0.152620191071211 0.349790932466045
-0.00179973564695016 -0.0119952617596511 0.163899896040323 0.220326668645513
-0.00278617458541757 -0.00443631053814762 0.180262740996433 -0.00387630127117276
-0.00566497638816547 0.00204508159269245 0.064702878890433 -0.122973078119812
-0.0128607041774055 0.00989025409718174 -0.0596193418133527 0.0781521151802613
-0.00314185106735917 0.00346111075005813 -0.13579540548718 -0.0126126588147364
-0.00717860287159524 -0.0143657898949882 -0.129204436829953 -0.184284186385957
-0.000879078706876844 -0.0145252556507438 0.135297214012962 -0.281808293473045
0.00347714033895046 0.00436694298430928 0.40345049052028 0.0270921736880007
0.00297440704592484 0.0121236532191673 0.167614141073691 0.385495847139993
-0.00963306823068073 0.00692365400472201 -0.156732390306004 0.267761158441885
-0.00578082426087929 -0.00223706513084161 -0.00397750289445504 0.042130902072238
-0.00602877981382794 0.00254612295377488 0.174739923670893 -0.202828372192043
0.00018366888134193 0.0234161961747916 -0.163561811734216 -0.424246240314142
0.00805620933628246 0.0147670646036514 -0.484995290117642 -0.0310359689290801
0.00601039211463724 -0.00515395709071766 -0.143766631320617 0.355096081631922
-0.000459825646162547 -0.0117808055408208 0.170272425678868 0.216397901381546
-0.00036630202583195 -0.00282704878272441 0.182966865242132 -0.00725049976720556
-0.00624080949079575 0.00311343008606469 0.0657775632545667 -0.123913848299302
-0.0127160163771627 0.0104237192996147 -0.0601428225853532 0.0773365423105613
-0.000411232533450337 0.00469795435944566 -0.13265417798232 -0.0127680004169017
-0.00509052359212704 -0.0121642750052311 -0.125142630181851 -0.187463077031716
-0.00150897924527372 -0.0124647476531333 0.139095502344205 -0.277517801308681
0.00222050814442292 0.00386371908802316 0.401848884764829 0.0388342497077363
0.00399247375821203 0.0101142054086548 0.161818533464375 0.392490234380242
-0.00816011091923512 0.00598022096946908 -0.159923063994439 0.267651124492994
-0.00432426619427692 -0.00276525049925219 -0.00415178675669734 0.0438095662381983
-0.00397370353727441 0.00187717300768943 0.171766606100205 -0.202194644813497
0.00119293471898485 0.021548678271958 -0.17048749942467 -0.416156776509069
0.00625897079650827 0.0146993149627429 -0.485111217510832 -0.0184571400560637
0.00530682099240786 -0.00305961046049224 -0.137547961991479 0.358575109491389
0.00184849344286827 -0.0101641083911465 0.17459803869657 0.212104094017828
0.00336529554647399 -0.00115628181274539 0.185428931533935 -0.00944448968026803
-0.00566608253934086 0.00351579172003749 0.0651267714959802 -0.12432299006663
-0.0106239134609567 0.0100291250571075 -0.0604869160885191 0.0779661313597368
0.00194380785504303 0.00658272391258649 -0.1299798980844 -0.012374431376907
-0.00253689653908004 -0.00867049767369145 -0.123275034086098 -0.190058040952511
-0.00187671334766557 -0.00943580684143887 0.138394063519548 -0.276989729208287
0.000566676723840574 0.00321641103707225 0.400910917352533 0.0440638334189025
0.00413347695990287 0.00671924097751576 0.159828616947877 0.396444038796861
-0.00580696856709218 0.00431442743887237 -0.159798735031681 0.269505846678719
-0.0032239425302155 -0.00323690664422262 -0.00368207957394175 0.0439645057417274
-0.0026499684002387 -0.000246503874620291 0.17065892558573 -0.201651548016473
0.001160341210094 0.017800526970395 -0.172375690678924 -0.411871934996086
0.00391991223239273 0.0139815994688858 -0.486573349136776 -0.01123587275944
0.00546124578521752 -0.000279562484632345 -0.136041259145367 0.360272002202274
0.00534687060339684 -0.00649272143623471 0.177833904402451 0.208652665820108
0.00673840370984523 5.05549723670441E-06 0.187221592722585 -0.0101722977693652
-0.00407509075190584 0.00357579090315241 0.0641010795652137 -0.123223243662176
-0.0080311347857827 0.00938565588471876 -0.0620091338636581 0.0781548759969975
0.00391449921753781 0.00814580808121276 -0.12813970219115 -0.0105852618097204
-0.000398551335854302 -0.00312389123901598 -0.123467668417666 -0.19074452821464
-0.00243563714478723 -0.00638530735319757 0.134149835019573 -0.278654665188355
-0.00113099485388753 0.000487554161582537 0.400081488317644 0.0430459692935396
0.00443107789815681 0.00255512239487933 0.164682957193249 0.398034313547498
-0.00451118659891212 0.00227568032593413 -0.156760562697801 0.270725443534267
-0.0023330571972327 -0.00490866654237717 -0.00332947302733069 0.0448741435963118
-0.00123387176965916 -0.00238464374290432 0.172418107332886 -0.200828596975475
0.000858320648632326 0.0126072015326822 -0.167875353689026 -0.411907748895782
0.00187004026830114 0.01166359944831 -0.485731330787907 -0.011247093115051
0.00621638019867268 0.00363505001843021 -0.140920987924348 0.359297236720726
0.00926517310399159 -0.00161877900032634 0.177055023582638 0.209119865006559
0.00950393474871774 0.00202514004813186 0.18920806481779 -0.00946760158352173
-0.0016833198293625 0.00193529711897924 0.0640764167278534 -0.122414948243996
-0.00445701908779099 0.00464838971124778 -0.0649961398710026 0.0885903555729901
-0.00827194859361515 0.00302772810796853 -0.147168631741252 0.000275102527978944
-0.00905460182334383 -0.00158957644643286 -0.156612339650279 -0.174741088762696
0.00333561488647019 -0.00867398423790806 0.0976129022883379 -0.306675963606733
0.00226759993417788 -0.00253238811519112 0.404560255826966 -0.0354855356674169
-0.00146722008611723 0.00164378761311021 0.215613899640525 0.350710236123732
-0.0124087752600956 0.00225646139251488 -0.130254588803703 0.270686664245681
-0.00842852927993198 -0.00478932078958988 0.00127591631148272 0.0395772760722202
-0.00837017874194061 -0.00370719131207395 0.20106253377642 -0.201824400807316
-0.00627285584802085 0.0114133119652474 -0.11121315146839 -0.464683042252744
0.00590755594687497 0.00796856123366997 -0.490790243205043 -0.102557447209654
0.0131501797988231 0.00169226309958696 -0.192162519319987 0.335396018571092
-0.000154788551857118 0.000501227973255974 0.146677990986016 0.233765562169319
-0.00548104679536904 -0.00459122249385995 0.178286186478951 0.00789208218599122
0.00254661262484703 -0.00450288101192264 0.0639769999409691 -0.119488652490035
-0.00727231542988194 0.00599833138269178 -0.0635058130338258 0.0864754897259061
-0.00837450585201599 0.00271000684483494 -0.146773138785114 -0.00344271267229065
-0.0105580054590961 -0.00723652386454076 -0.151451046925637 -0.176779507516639
0.00201005076309032 -0.0119205508331831 0.107341319137607 -0.301899751781366
0.00357333038385382 -0.000424322940558049 0.407361687276444 -0.0219986050992114
-0.000354402037941784 0.00646354339883232 0.204707778030697 0.360408111811166
-0.0124253370534507 0.00434440984412053 -0.136868140080565 0.269895572221642
-0.00870023732358045 -0.00338240355277279 -0.000361690380523963 0.039278702030523
-0.00896718182123203 -0.00113316037126042 0.195794265964745 -0.203238393705043
-0.00478275587586955 0.0170128102074023 -0.125365715873433 -0.458276971773203
0.00821113965326988 0.0107642710585721 -0.49227781763403 -0.0879399781249061
0.0116844576177676 -0.00198191653996741 -0.179806460799761 0.341171500473741
-0.00182775232106579 -0.00515490243648426 0.152009547270433 0.231319724869737
-0.00525419605521747 -0.00573113808852646 0.178978846287016 0.00332225924291257
-0.000800112518408869 -0.00210589540231519 0.0651904668110499 -0.12195421558122
-0.0100727050429818 0.00768699899699373 -0.062332065276277 0.0840452012248641
-0.00753800488549431 0.00212265948592361 -0.143966808318327 -0.00739030748878267
-0.0107777746807476 -0.0115227817897125 -0.144340271450113 -0.179935302963591
0.00116518044882494 -0.0141207981386042 0.119204761865115 -0.296277828244792
0.00462531989193109 0.00197551318882837 0.409823637089866 -0.00634636885937872
0.000505572650519627 0.00975327929664463 0.192740838021525 0.369574342979228
-0.0121100429511462 0.00641411428920167 -0.14538304311849 0.270709481602074
-0.00867069732437352 -0.00265528134080538 -0.00153682748580752 0.0406446745185048
-0.00872246665794467 0.00158207146158886 0.189172509013014 -0.204561335973084
-0.00295215518861991 0.0212375487153777 -0.139606153019327 -0.450368228957591
0.00936741943073273 0.0124941090344261 -0.492838830990919 -0.0692467586503698
0.00997274715540758 -0.00428496971347194 -0.168369773267349 0.347963140313839
-0.00251597375081528 -0.00953572619679181 0.159650761224438 0.227267501809747
-0.0048034146777551 -0.0054553316100641 0.180092491111909 -0.00101769267713846
-0.00414640470363933 0.000217208629087694 0.0656038638215883 -0.123554720937965
-0.0117620613222586 0.00915520250771045 -0.0614242529567811 0.0817315823370522
-0.00544647423715875 0.00247790700443671 -0.141873859030882 -0.00979436982366816
-0.00921427376808119 -0.0142527775611288 -0.137735881454093 -0.182975860856288
0.000119516947776789 -0.0153412118794518 0.128188846214817 -0.291211585765466
0.00415424909783929 0.00375553445621201 0.409710054293885 0.0100728144807158
0.00178024246961909 0.0120106733950048 0.181602431961615 0.379140196202829
-0.0112321547761421 0.00708654753990926 -0.152672211689 0.271141620328771
-0.00740128645613707 -0.00190356560509425 -0.00321042163012385 0.0418943236716815
-0.00749610887843561 0.00258034251421484 0.181945846073477 -0.205707694971137
-0.0013975159585292 0.0229600740011064 -0.154171362161824 -0.439160910013681
0.00955252500151404 0.0144053701024491 -0.492956146321914 -0.0482941536735418
0.0078492916100103 -0.00542889670045029 -0.155425715045043 0.355972441332047
-0.00216701263665312 -0.0124572626320426 0.166998376280819 0.222694318026815
-0.00328043719954581 -0.00462979565262289 0.182416804556117 -0.0044712474341403
-0.00557522880481526 0.00259635130685963 0.0658351996911903 -0.124909228254541
-0.0128559505222145 0.0104302375331865 -0.0611895231146734 0.0802927782180455
-0.00273908831114886 0.00364101738218847 -0.138334030279515 -0.0124823630956747
-0.00704650768351889 -0.0144931784881369 -0.131431876457084 -0.186735076295723
-0.00085546253214757 -0.0151952218037755 0.136336669597096 -0.286018268190385
0.00377117026234076 0.00440593830459822 0.409317025413119 0.0276144279081146
0.00284957527568217 0.0117805447947312 0.169980568782502 0.391178554128436
-0.0100752683472044 0.00714894891544705 -0.15899830543238 0.271566573273826
-0.00594247900683105 -0.00230578709423149 -0.00441074474773886 0.043409060277158
-0.00591020040516355 0.00239447048563313 0.177443367775647 -0.205793213500125
-3.01686995309979E-05 0.0233093586838822 -0.166380607983243 -0.429883497169447
0.00843240824793804 0.0148189951058522 -0.491971233142116 -0.0296053663741537
0.00574855195235834 -0.0049630962808027 -0.145347206329594 0.36111825271397
-0.000484072085336741 -0.0123657669815605 0.173028012929986 0.218702202429888
-0.000134149653993685 -0.00305567831107871 0.185822206007317 -0.00811428381288459
-0.00653819756731213 0.00339914857138033 0.0669628471373317 -0.125945707999027
-0.012358328793771 0.0104711040017292 -0.0616312458353095 0.0790220369089255
-0.000234699495548097 0.00481596573439589 -0.134663878735237 -0.0126203833491015
-0.00493059961566841 -0.0127773470833619 -0.126994131314655 -0.190387609089424
-0.0017589096137553 -0.0129459402051566 0.140454958842981 -0.282241448287361
0.00241966977566641 0.00440324340741722 0.408440522940048 0.0392634343764789
0.00384459222340913 0.00995852207174619 0.164231929161249 0.398416810057561
-0.0076325255050748 0.00579989491577027 -0.162792324484537 0.271081266648899
-0.00450370792063439 -0.00268305746889338 -0.00411108034251372 0.0443848305994601
-0.00409750130597396 0.00133587390581875 0.174998247748074 -0.204979845435696
0.000918176766767008 0.0214021884283838 -0.171646375783671 -0.422016030026052
0.00599335465126062 0.0148886182308822 -0.493915555120224 -0.0180032156986676
0.00535029471306348 -0.00336534825327852 -0.139374206734036 0.363694809480011
0.00177094899077732 -0.0104339361258228 0.177933915373049 0.21497668801365
0.00296381775466358 -0.00116939354363375 0.18860158610975 -0.0101126283128806
-0.00621636495269985 0.00384589817302974 0.0660252483422582 -0.126414369754135
-0.0109913899707247 0.0101920626374027 -0.0624300421183484 0.0794545531022623
0.00214696779917126 0.00654211068112736 -0.131515562810912 -0.011383652826948
-0.00287479853011989 -0.00862706640241857 -0.125534609097328 -0.192489432948914
-0.00212852129364788 -0.0102258549149277 0.139840835327066 -0.281398483858355
0.000552644757052205 0.00307855105460837 0.407428902437758 0.044208794933606
0.00434245707132607 0.00677644507884197 0.162398176109369 0.403208901583388
-0.0061965252311152 0.00440558839068599 -0.162610268633432 0.273222479340936
-0.00352180597788036 -0.00422481175997109 -0.00408791100996979 0.0455278122649826
-0.00254395483580044 0.000400286649194861 0.173647528673545 -0.204676581748173
0.0015260971149227 0.0174051557025956 -0.174681059436237 -0.418659356096534
0.00393180540673644 0.0142520875060605 -0.493444029549326 -0.0107044793787058
0.00530015211693267 -0.000101305868905334 -0.13768095914154 0.365048633065943
0.00589733282258138 -0.00695728162682593 0.17998064635479 0.211878937181707
0.0067144963679399 6.14549605177273E-05 0.190939412792222 -0.0107238519727099
-0.00477227743675718 0.00339420846005552 0.0655940326216494 -0.126250861953953
-0.00768131692441898 0.00967006229038083 -0.0632807949354699 0.0798568193710365
0.00424743755753653 0.00818811374888073 -0.130930000948256 -0.0098082672863902
-0.000686587714584076 -0.002820608659201 -0.125582113402526 -0.193068335578228
-0.00229815823822318 -0.00648326799751392 0.13566761324706 -0.283157099979601
-0.00130056581292192 0.000662798375232146 0.406045793172195 0.0434162771578873
0.00424581969730486 0.00192030909233689 0.167307002826035 0.40352002622569
-0.00478409401668688 0.00201220166308622 -0.158866767591393 0.274413099372473
-0.0026404681364111 -0.00488142700190991 -0.00356750583857942 0.0460830478479479
-0.00109464196593467 -0.00291551855639895 0.175447173172919 -0.203414230157619
0.000668050570276525 0.0129609211889109 -0.170769428988736 -0.418353902849794
0.00142737197002209 0.0124258387292143 -0.494870133425835 -0.0108494999097903
0.00608082887752105 0.00331170588698939 -0.14283614616201 0.365005725490071
0.00934016392209761 -0.00171335081081884 0.180031319539201 0.211996756740388
0.00952541730357538 0.00167785391713628 0.192633958578648 -0.00986232545858884
-0.00189287819164789 0.00223050349039217 0.0649169512139885 -0.124387420072822
-0.00381817872111471 0.00498021664799731 -0.0666408767231443 0.0911904671218478
-0.00787750666753618 0.00336187807844809 -0.150247424916167 0.00118704882803076
-0.00920557253516057 -0.0017541140251285 -0.159798341576829 -0.177192897326518
0.00334456642469395 -0.00903124543042153 0.0973489298128514 -0.31186227238409
0.00232615964952247 -0.00268581598245854 0.411943247160436 -0.0377984527161918
-0.00154357663295887 0.00137473455546428 0.220563585214857 0.356556493292219
-0.0122303350202602 0.00243741587850334 -0.1309046565107 0.274538490407351
-0.00886775916336066 -0.00459410672685758 0.000926533756310329 0.0400827621359322
-0.00879331461658277 -0.00359966456637694 0.203691044779095 -0.205333932141487
-0.00626088123501363 0.0118005795202796 -0.114907105730236 -0.470330664430259
0.00628676466343785 0.00811986703533516 -0.498827153995619 -0.101118338614457
0.0135253692149824 0.00173382494063249 -0.193448536910092 0.341065222690387
-0.000350383555560386 0.000595250224759847 0.149945451511558 0.236885936870408
-0.00571936984942008 -0.00523702175881733 0.181333415473229 0.00688045142744925
0.00249865735865569 -0.00474282381376713 0.0644621051174931 -0.121804559088702
-0.00747079614431415 0.00611083194822133 -0.0649058351413985 0.0886735209253361
-0.00863361522228807 0.00254232988112446 -0.149193612702095 -0.00236144337789705
-0.0107847826088923 -0.0073824822807481 -0.154124317129889 -0.178440415475067
0.00212429398247124 -0.0120787728012241 0.109034093321722 -0.307314546247046
0.00397161838051224 -0.000234632879283395 0.413848900621255 -0.0249082348161293
-0.000475035261082463 0.00623185494356024 0.209025448173152 0.364570382716906
-0.0125398427971075 0.00482896544244521 -0.138525714531384 0.274507616198213
-0.00861146757705386 -0.00328163784476195 -0.000524480745075248 0.0406993623150303
-0.00935149834203064 -0.000884720807248403 0.198440404847246 -0.206527011058739
-0.00447282937274117 0.016987351909254 -0.128320811192589 -0.465280796842333
0.00841121605149837 0.0103503002260983 -0.498737828153842 -0.0877623324768976
0.0122041270306377 -0.0019250479220611 -0.181824193670723 0.347186773406612
-0.00183311609614614 -0.00544878363128609 0.155885963069548 0.234464629061833
-0.00634762240965192 -0.00595053108655618 0.18170651563358 0.00355302139809258
-0.00107657106891591 -0.00216392315396339 0.0655977904932833 -0.12470268542251
-0.00974634497249644 0.00804957826230202 -0.0635488380072913 0.0858620847682404
-0.00777209978215392 0.00222024130018202 -0.147348972160846 -0.00597709658850529
-0.0108398153715983 -0.011517094241389 -0.148390233413359 -0.182449647398319
0.0010939044853944 -0.0143995409921104 0.119005005477792 -0.302038502114329
0.00428346985314912 0.00240901171318915 0.415995183704099 -0.00719145013283012
0.000388952315363456 0.0095973447642816 0.197615716393801 0.373940193634218
-0.0124117507986838 0.00662966485607086 -0.146409090538956 0.274689340796385
-0.00829479722589104 -0.00283279383995388 -0.00169851377717247 0.0414684049836669
-0.00841220315180376 0.00085315345220806 0.191475347514688 -0.20812457990316
-0.00315947534842419 0.021421626367226 -0.143192385277183 -0.457171267819942
0.00938671127449257 0.0130681568456626 -0.50090412726916 -0.0665399365566936
0.0103144529529496 -0.00463745859631913 -0.16894884508644 0.354670706797072
-0.00286567137173306 -0.00994049271291135 0.163143555952345 0.230794753749029
-0.00558351587555156 -0.0054431419382421 0.184030719562144 -0.00128849390814069
-0.00380488719621325 -5.43762780206162E-05 0.0667752584715757 -0.126015700306042
-0.0115160508212069 0.00956363996418961 -0.0623950756394728 0.0841038005205048
-0.00563831720395576 0.00290986177491324 -0.143999381388202 -0.00915513327621615
-0.00945650385863459 -0.0142081868157792 -0.14092764022967 -0.185684284956867
8.52025905250264E-05 -0.0157692285838194 0.128684852810826 -0.296468140217988
0.0048502140913459 0.00401129481533447 0.416547235507083 0.00943843642491304
0.00172143730319621 0.0118634740220603 0.186190697122539 0.385259563389195
-0.0115056038411718 0.00742076658608454 -0.154730462167526 0.274995534091531
-0.00739951941111756 -0.0017728896883911 -0.00315756588262322 0.0427512416009113
-0.00740160260607803 0.00247440258524302 0.185176364351456 -0.209490792491845
-0.00109099682730605 0.0233966046750036 -0.157077758257829 -0.4462214110129
0.00966530660202515 0.0144116787144453 -0.500210103588324 -0.0480419698791424
0.00775941377973038 -0.00561517925990017 -0.156947276784285 0.361379343697246
-0.00264744931082416 -0.012124348611062 0.170446225308597 0.226792244537183
-0.00316539368017051 -0.00436012081503763 0.186177474271206 -0.00558895357811945
-0.00547287217041787 0.00207241776917246 0.0672541432120845 -0.127384616697809
-0.012553095193612 0.0103480262833064 -0.0624815132927553 0.0822712396815574
-0.00316240386050798 0.00356621961984034 -0.140456570471193 -0.0111726791067177
-0.00763543478851943 -0.0147885214120827 -0.134878417296105 -0.189355264461118
-0.000701249848596994 -0.0149273185819908 0.137229265850082 -0.291033720769624
0.00363352914115511 0.00467846049037077 0.415368866874957 0.0261386982286385
0.00274629467465381 0.0119696141301676 0.174391718100775 0.396209928113655
-0.00972342291942143 0.00696499217785462 -0.160974492017135 0.275846225739509
-0.00603015264369541 -0.00273462631819587 -0.00404993953159598 0.0443002953552071
-0.00557694189669094 0.00238968835606038 0.180221908318279 -0.208834357902551
0.000379598145925957 0.023479919852641 -0.169165117886501 -0.436158722599147
0.00831706250118906 0.014769705304112 -0.49994763179359 -0.0277149217441783
0.00617002730691938 -0.00499839312683683 -0.146558373446852 0.36638274148647
-0.000626884966133938 -0.0125125651100796 0.177277998318517 0.221605407520023
-0.00035534351963144 -0.00269864411164199 0.188668731085424 -0.0092285802267221
-0.00682631366211587 0.00350279797480605 0.0677502981371176 -0.128716630117953
-0.0119161479132789 0.0108418724001851 -0.0627895403043753 0.0815776099569291
-0.000325754762575754 0.00501494186963116 -0.13693262274422 -0.0118062713366573
-0.00525185893406364 -0.0129561609007992 -0.129908307092137 -0.193072847620533
-0.00176229457268675 -0.0134316033792495 0.142073324601912 -0.286619238417724
0.00244108961289529 0.00450098443853666 0.414937746752405 0.0386731410603934
0.00328998562213666 0.00992277918634365 0.168409595901735 0.405153591988352
-0.00800192985202004 0.00567342743369396 -0.164498367704959 0.276097559345984
-0.00492930265441859 -0.00306065790398904 -0.00438566105206802 0.0452110532707316
-0.00431972680414887 0.0011527086117702 0.177595254206804 -0.207872635686031
0.00138294371948874 0.0216895148169663 -0.175356539676069 -0.428684755115578
0.00689669020975422 0.0151724594565364 -0.500707069286098 -0.0162436419932625
0.00514654193257802 -0.00343659419890803 -0.140778080573012 0.370043756103528
0.00174425771702985 -0.0110752573797034 0.181793322154457 0.218235189497813
0.0031927846312452 -0.00141340377538402 0.191334093600928 -0.0117084872110796
-0.00671492548343168 0.0041110514848138 0.0666979726085506 -0.129505450423907
-0.0100729059790268 0.0110830200041957 -0.0636591476321332 0.0812562607820491
0.00263296784037343 0.0066437045293373 -0.134020648611735 -0.0107369358726149
-0.00295776948392993 -0.0085587529587071 -0.128967364811146 -0.195047654674999
-0.00241001189967909 -0.0102121813312525 0.140681337901713 -0.286364223990593
0.000396741834559256 0.00288176167017752 0.413801822677614 0.0436058029596802
0.00473324365770072 0.00636144475419401 0.165537310301613 0.408289613249679
-0.00630413222483586 0.00441914082390746 -0.163590126403538 0.277096598224601
-0.00332662616199009 -0.00388293227247939 -0.00346238704885268 0.0461132805976095
-0.00204078241849851 -0.000293299330665208 0.175498653451471 -0.208049329841831
0.00194492318370102 0.0182082217762462 -0.178611663322416 -0.424062035007042
0.00427009490105985 0.0145575295471618 -0.501798333778923 -0.00836492986756438
0.00569333739674144 -0.000347399653342282 -0.138793059044514 0.372536273472156
0.00529759906557255 -0.00677547439868544 0.184419491707622 0.214505841485648
0.00701635143975637 0.000304562952552264 0.193413783263869 -0.0121125150508004
-0.00500769567225121 0.00350164512695465 0.0664813207349744 -0.128414988883277
-0.00772608607638893 0.0106920727764048 -0.0646628718858805 0.0817884491282721
0.00488251336609902 0.00845612972724631 -0.132240140766508 -0.00887592566587937
-0.000520917352370399 -0.00347153862418315 -0.128502920023205 -0.195880575227069
-0.0025074426396092 -0.00653711651988897 0.136990650747842 -0.287718871429874
-0.00157703211480765 0.000912348732056998 0.412684112628439 0.0429077356409805
0.00475727794068453 0.00202025808920281 0.171396877248917 0.408152567558829
-0.00467905631591891 0.00198684625456648 -0.160791317543955 0.278458166694482
-0.00245066898098146 -0.00494475900527781 -0.00328683387534232 0.0469090871109994
-0.00105291764790884 -0.00312779927013518 0.17779880571792 -0.205687280728694
0.00124869041227238 0.012749853758791 -0.174316465253208 -0.424468210052744
0.00163118828618687 0.0127904081449753 -0.501979002774359 -0.0100590841074947
0.00673079732130723 0.00314943073530502 -0.144203631353884 0.370497630454721
0.00968303395935917 -0.00197075746577241 0.183976784002576 0.214558353787291
0.0103321270666678 0.00175895477038781 0.195336710246402 -0.0104676691916238
-0.00236492587031939 0.00252131122160946 0.0659052025685579 -0.127084288292552
-0.00346961400542448 0.00496490430565607 -0.0672685798418187 0.0934427815953321
-0.00812440741988781 0.00335519057941111 -0.152454442562828 0.00308182853165199
-0.00959927608794254 -0.00204465692784277 -0.164142682430394 -0.178077517228211
0.00331654419453187 -0.00909507787444336 0.0960158970103275 -0.317302980178798
0.00236089465032767 -0.00273498814232425 0.417745851211051 -0.0407468979338004
-0.00170539295162086 0.00146607225992552 0.225626472611452 0.36007170362924
-0.0125663808440004 0.00254604436729614 -0.131689053211531 0.278815788075883
-0.00914098112799281 -0.00490119657549335 0.000899218451826107 0.0409965213342239
-0.00851212246513119 -0.00427239193711264 0.206527432731365 -0.208738101540427
-0.00607739084074806 0.0117609205838517 -0.119197220618629 -0.477533851387192
0.00637860204189872 0.00833500091415717 -0.507581023078672 -0.0999756184809951
0.0132983105171654 0.0014460669693379 -0.194491847474754 0.347618838888594
-0.000441589065611542 0.000493324596728456 0.15469819769839 0.239980257628229
-0.00558535607854389 -0.00524560756605971 0.18426216004751 0.00614608849203064
0.0028674280864846 -0.00424417846287527 0.0650016239884899 -0.124981451670773
-0.0070219118924051 0.00652957625476606 -0.0658629021823699 0.0914741529566476
-0.00850170809446769 0.00276781631815526 -0.151081099406114 -0.00103305488261183
-0.0109340265067156 -0.00700826170823849 -0.158844638622818 -0.180587157781894
0.00201915205152158 -0.0127852854878273 0.107537453308497 -0.313053310602762
0.00418915291130107 -0.000331496689877598 0.419450495839742 -0.0286453619675035
-0.000459834969665798 0.00616512889017663 0.215451424519429 0.368937194309856
-0.0130992455957799 0.00503514843547548 -0.139181710172978 0.279724243767465
-0.00904632895014679 -0.00333725330878814 -0.000344462883526914 0.0410855307089387
-0.00937789415266837 -0.00107039767022356 0.200222236463469 -0.210324148979767
-0.00483456704664329 0.0167720844580543 -0.133328106491573 -0.471716865097788
0.0084881702041584 0.0109486166945746 -0.507903303051509 -0.0853457568620636
0.0124084138494619 -0.00246661959739816 -0.183179143157349 0.3542932462111
-0.00221769110168592 -0.00609895643389421 0.160177809217014 0.236879204033933
-0.00613180981650627 -0.00566657738309578 0.184927957827499 0.00200304124612874
-0.000742774807636543 -0.00208863396309148 0.0659904018728347 -0.127392342748262
-0.00955462730433577 0.00836653969451413 -0.0645996027822957 0.0887151784887894
-0.00717801012983657 0.00265947934617262 -0.150003304690748 -0.00456746911833158
-0.0110081586871321 -0.0120005467412464 -0.15173386603358 -0.18377602468631
0.000837240327247705 -0.0150842412278447 0.118861159085384 -0.30705783345385
0.00479681262800059 0.00221326257096031 0.423035712278557 -0.0114476551797173
0.000629814290665838 0.00975115654959833 0.202821732670173 0.379563688032789
-0.012509396533914 0.0065935729234574 -0.147582337481318 0.28003398464733
-0.00872900394595917 -0.00284836370942142 -0.00229793823692022 0.0421789764720202
-0.00895677427326289 0.000968189500214355 0.193316688904056 -0.212616350763012
-0.00252473457827811 0.0210661247578124 -0.149488709481742 -0.463313684349356
0.00979534745901968 0.012902931531406 -0.508341535689709 -0.0651073744750457
0.0102094267789187 -0.00473082463662368 -0.170113728983556 0.361830583909588
-0.00245867507830226 -0.010266185410314 0.167004375430716 0.233091554508058
-0.00549037209197034 -0.00573707990089328 0.186239909484901 -0.00249624992850107
-0.00399029954206595 0.000198882519350533 0.0673779958427942 -0.128973883112865
-0.0119095691555575 0.00967959361344715 -0.0634368907830252 0.0861458361928342
-0.00534481911708697 0.00257508127762482 -0.14644449201868 -0.00771223215170392
-0.00959654070136422 -0.0142864815461023 -0.144684845613971 -0.187679372827387
-2.82215689984713E-05 -0.0158599448187861 0.128536468263549 -0.30098960510549
0.00465256778309915 0.00403881650257404 0.423197250757325 0.00626486412750114
0.00199535759799726 0.0121288012860498 0.190803370421781 0.389279162989248
-0.0114577569355628 0.00753487575663148 -0.155250785139079 0.27988239348136
-0.00787885749526666 -0.00253112105461686 -0.0035154942588695 0.0437763500011217
-0.00783188373303887 0.0021344060802671 0.187373084169481 -0.212902373410335
-0.000981150347432943 0.0237758474181752 -0.161867863503997 -0.451848643502036
0.0100170985286788 0.0147733413855594 -0.508344208301066 -0.0438538185937304
0.00811018728657946 -0.00586918565722675 -0.156531465378654 0.368364320251
-0.00271802451217867 -0.012597895271664 0.174655559783215 0.228088940982452
-0.00300966035942695 -0.00478234330089462 0.189506458253559 -0.00691785294046793
-0.00619199242332476 0.00219690450605092 0.0670412588240285 -0.130724621164709
-0.0124172637087794 0.0108673063496975 -0.0634955963521252 0.0846676275459653
-0.00293013283175345 0.00359273226079252 -0.143408027599242 -0.00958290312596065
-0.00784625458037709 -0.015232138678993 -0.138252666025915 -0.191497926082905
-0.00108669612743664 -0.0153733043201604 0.13680926379869 -0.296763651265238
0.00425448567293943 0.00507026686386314 0.422299660304167 0.0237775719440966
0.00272414070005274 0.0119772765830133 0.180290022979159 0.400982759411401
-0.0106054100406238 0.00722820492831237 -0.161637163772888 0.28005512014886
-0.00628572569051622 -0.00227609304782591 -0.00430564969147386 0.0450349856261728
-0.00566329607828438 0.00272086264099929 0.182158459541005 -0.213138934053808
0.000666201269629487 0.0235234677562262 -0.173486644118303 -0.443016985824353
0.00885713557646703 0.0155812820622595 -0.508620262348578 -0.0248516545725214
0.00660350897402716 -0.00567665220099174 -0.146322828420978 0.372998517232636
-0.000906288522067 -0.0131174561282611 0.181382965967801 0.223950065488483
-0.000552321219017128 -0.00337249920753835 0.192163872370846 -0.010668159212203
-0.0071996774355834 0.00421360934020274 0.0677429406428404 -0.131610348599159
-0.0122373616433575 0.0116162217238874 -0.0636094276542059 0.0836096127489959
-0.000206608930791156 0.00496613719423904 -0.139822781037019 -0.0105800130118581
-0.00529915882438067 -0.0126460369001153 -0.133656959224906 -0.195220196441831
-0.0020769913538014 -0.0134556197762255 0.14139675876377 -0.292322806887942
0.00280272473444084 0.00453720469374428 0.420998830608968 0.0360709787527066
0.00364062327037409 0.0103246314148721 0.173761443678218 0.408751507426929
-0.00834020776151157 0.00615218334824677 -0.165281441052484 0.281230823392209
-0.00493044957003488 -0.0033799209195046 -0.00427919052044903 0.0464597347042467
-0.00396858427006205 0.00125369879805372 0.17915274280838 -0.211963135474226
0.00173881161594742 0.021699031760151 -0.180026146516238 -0.434195361506752
0.00703035898161516 0.0155090497384056 -0.508460558453922 -0.0125999773125544
0.00543369521817275 -0.00345510580440336 -0.140639463321632 0.376849469645312
0.00207690266709433 -0.0111653186456807 0.186425140255097 0.220661303736929
0.00310976377246756 -0.00166350053287462 0.194877138400594 -0.0122982765277257
-0.00627208975558083 0.00465670528588467 0.067467354964394 -0.132236828418187
-0.0102716300805363 0.011440988539326 -0.0641670911084695 0.0839160683397585
0.00279222008886409 0.00700404942151324 -0.136685429434717 -0.00986343068929049
-0.0030587281567901 -0.00854042865746927 -0.132050154623337 -0.196944764719298
-0.00248505291812175 -0.0104112423349929 0.140750603913076 -0.291958019037778
0.000794699200256493 0.00284921930724644 0.420701486547017 0.0411179614641473
0.00431866309355027 0.00685655225326322 0.171373405456751 0.41269086420544
-0.0068663229596369 0.00453832112369711 -0.164799719937 0.282826168635508
-0.0034773802841769 -0.0037686866415609 -0.00401601627915212 0.0470504177373152
-0.00232368442792693 -0.000166727229139329 0.177103078210672 -0.211795987751088
0.00181414623936352 0.0179156421235101 -0.182872083287909 -0.43022848880758
0.00445694706746433 0.0146114204097127 -0.509542340585227 -0.00530364632452982
0.00543263103345817 -0.0005343874525049 -0.138937134260717 0.378365646910826
0.00494045546646902 -0.00712382227947951 0.188789081894885 0.216550398903904
0.00667749385920937 9.20896956056786E-05 0.196773258380949 -0.013977116846607
-0.00532225662847154 0.00361548167300215 0.0668385722494664 -0.131380952624999
-0.00776043484054759 0.0104733934757031 -0.0654454806871893 0.0846702680662055
0.00472397247119881 0.00856962909148495 -0.134964167821242 -0.00734320800237163
-0.00085693061600076 -0.00360651620748164 -0.13241989492113 -0.198319392252666
-0.00265214158896083 -0.00681763365303423 0.136406583557254 -0.293346033647849
-0.00126091766420035 0.000753530748004563 0.419002115918088 0.0407275585082557
0.00485104061178594 0.00198421365761752 0.176557540890277 0.414835820071804
-0.00517010858892832 0.00237229334203345 -0.161529822700164 0.283196397548245
-0.00293501677423743 -0.00504214673007388 -0.00351236378239471 0.04702123659751
-0.00056419300004713 -0.00323959305680718 0.179026997381314 -0.20935109803234
0.00184414477078702 0.0126893195600726 -0.178557702502125 -0.429362690030899
0.00199030498395101 0.0127286172470151 -0.5108904811856 -0.00586593093943016
0.00634764655416784 0.00282590394971711 -0.144403163594599 0.377222445695485
0.0095036221734891 -0.00203760465255623 0.188335883032802 0.216500600111884
0.0101230721334692 0.00147573603705338 0.198948193430751 -0.0122276549080466
-0.00282029562873796 0.00282579895184264 0.0660472397743131 -0.130260631165156
-0.00401346175029316 0.00504246005822241 -0.0682143988006443 0.0965632985626818
-0.00796834157634247 0.00364179742855047 -0.154862153759926 0.00528931974435289
-0.00978400621933393 -0.00160397703568956 -0.168364272001775 -0.179575491785372
0.00352698703360022 -0.00952792294764835 0.0943801607160032 -0.32288808063018
0.00242752175823363 -0.00277596738623351 0.423998738264829 -0.045700801921082
-0.00158868356184261 0.00157334501312399 0.233257644837413 0.363753722339162
-0.0128143464596797 0.00280635354722175 -0.131480828700319 0.284292425788923
-0.00962555274236414 -0.00460287057882838 0.00100821357411933 0.0419203277304468
-0.00906669367504892 -0.00395958060328527 0.20796848436757 -0.213715208023623
-0.00604548997878618 0.0117037776485308 -0.125501939073416 -0.484749091428986
0.00639335011617565 0.0080966090424537 -0.516307140178444 -0.095486664822671
0.0141301169076636 0.00123706353922768 -0.194501627698439 0.355898229842313
-0.000523594017786865 0.000478918422496904 0.158995835236108 0.241308955051587
-0.00588289184729125 -0.00494639587708487 0.187661753614711 0.00380730380188889
0.00240332145006241 -0.00406298641543084 0.0655963672522697 -0.12801871559125
-0.00672553097524341 0.00707329895861514 -0.0668544823246158 0.0942685220879464
-0.00865306715828758 0.00326467984903273 -0.154459735871423 0.00127015729201561
-0.0111491479289623 -0.00715687213778981 -0.163029562730846 -0.181451132989335
0.00205567755761773 -0.0127041930235473 0.10523982416153 -0.318883927900582
0.00383883452256278 -0.000145343681349357 0.426383676635964 -0.0330842175627691
-0.000119781532812731 0.00614079309148303 0.221418327050471 0.372108394424006
-0.0132154084228617 0.00522832719944877 -0.138447736462183 0.284696052724178
-0.00943709869749046 -0.00370059181748569 -0.000541453572206554 0.0425628008261698
-0.0095812958469564 -0.00142847459400764 0.201729110473004 -0.21520536732816
-0.00442637129213486 0.0169189532658086 -0.139192426782781 -0.47821086127557
0.00880218461673126 0.0110860790802187 -0.517784870544461 -0.0806166908913485
0.0126103468454599 -0.00274010836629983 -0.182122360577133 0.361784560808785
-0.00188175844618976 -0.00588439331128404 0.165640323933693 0.239060748564186
-0.00669356579309085 -0.00596023224166489 0.188171393499143 -0.000233473392966223
-0.00122369572839142 -0.00204331443113238 0.0665898499462216 -0.130319306487262
-0.0098908596462956 0.00852468505127724 -0.0650992295306373 0.0917236195272044
-0.00742240509883279 0.00273908189841144 -0.152294305458921 -0.0023858424995605
-0.0112459457889288 -0.0114596728753934 -0.156079937309792 -0.184948609817933
0.000732248975947123 -0.015172993294941 0.116821110351038 -0.31372573320114
0.00480020469012549 0.00165594970062814 0.428086112942623 -0.0148888218820379
0.001064297388193 0.0103200452974959 0.208454180601275 0.381695466385687
-0.012465445826265 0.00708315105341257 -0.14751630418869 0.285105312897891
-0.00881705688068753 -0.00270677928860338 -0.00176845668695967 0.0438004072859177
-0.00888623109777197 0.0011959560310042 0.194559095863013 -0.216588631910991
-0.0024568978316928 0.021731588098989 -0.155818162535262 -0.468512790887278
0.010071678901196 0.0129827771926393 -0.516953304416968 -0.0607863835290952
0.0104066942472398 -0.0049438819465084 -0.169419363413574 0.369233915943081
-0.00317554303429435 -0.0106570054146387 0.172506717676688 0.235334898521479
-0.00556826361148124 -0.00570888823963253 0.190014032605189 -0.00469949511169188
-0.00412269244176895 0.000348810451628443 0.0671765886981149 -0.132060925540555
-0.0111168849535779 0.010659090978471 -0.0644984377538634 0.0892304301410004
-0.00577747899763403 0.00279058299645361 -0.149228579270932 -0.00537261879332359
-0.0103262266120273 -0.0148106561633011 -0.14903195557267 -0.189018693357047
-0.000338466230029939 -0.0162097481326546 0.127230430725475 -0.307406076010615
0.00476051461422109 0.00426132678926093 0.429074797842206 0.00212316074917389
0.00182781795845196 0.0120295586534472 0.197364506463112 0.393134665253865
-0.0122732180873458 0.00740854982573452 -0.15417569157435 0.286153732906119
-0.00777315167847029 -0.00191411322739443 -0.00288413407546825 0.0447862531785522
-0.00800618789971317 0.00222353225951915 0.188205348252861 -0.217626301192111
-0.000352831133407461 0.0239523872549475 -0.169404307470998 -0.458129298450633
0.0104146791730323 0.0149819663192759 -0.517810802527329 -0.0391913389440886
0.00823005947137278 -0.00603378613255293 -0.155537415042273 0.375915902809817
-0.00226565485307206 -0.0134436828484078 0.179471105970352 0.230368807203341
-0.00351942507134032 -0.00488694209427248 0.191910086446688 -0.00900861559863029
-0.0066209693435969 0.00239631885509497 0.0678254944992863 -0.134069411775257
-0.0124652100497713 0.0112757663707446 -0.0641933197903563 0.0879629431229202
-0.00294399165205201 0.00393515844905497 -0.145364251266062 -0.00807226904187634
-0.00809766228511905 -0.0153997736569551 -0.142687160816737 -0.192608714322479
-0.00123285478754539 -0.0153199460245488 0.135606899637755 -0.303058257767159
0.00404467463347523 0.00496480027822174 0.428813515875207 0.019874363766844
0.0033426112429074 0.012213907872189 0.186250528848534 0.405332631458579
-0.0105155743631213 0.00759217424585292 -0.161307840002689 0.285680604368502
-0.0064257901705294 -0.00237662355684323 -0.0039686578454485 0.0456317676123424
-0.00579579396015607 0.0027361725959487 0.182483192746577 -0.217019187429431
0.00129764696828428 0.0239340152091982 -0.180099590731048 -0.447331209305255
0.0092019852260343 0.0155431174904104 -0.516848399239057 -0.020276125834366
0.00635224267094841 -0.00587878878817863 -0.145380605943687 0.381608882992834
-0.000689546227825436 -0.013576231686401 0.187558036543461 0.225853064523868
-0.000161876118916943 -0.00335922802842814 0.194854675404066 -0.0129348195448833
-0.00718195085638986 0.00375315925412222 0.0677268468880755 -0.135014900072357
-0.0118950671127597 0.0119800995160228 -0.0643310945547853 0.0868327744809723
0.000217331766008538 0.00508981682268776 -0.14126192218266 -0.00857976346672733
-0.00571474472271204 -0.0130770395116036 -0.138134399559556 -0.196708652492175
-0.00198195603053233 -0.0135943060762298 0.140327021933918 -0.299410842584353
0.00286953509422289 0.00452667960690341 0.428474321458651 0.0323937251239066
0.00388105966076598 0.0099291644505243 0.180002484466435 0.413268782933014
-0.00849588819686131 0.00629326065901291 -0.16560233636834 0.285968793941468
-0.00473912880510719 -0.00321687316817283 -0.00427083086603252 0.0471635341062763
-0.00398997175956826 0.00149707596459913 0.179812391511298 -0.21684125780674
0.0019870757400183 0.0216583240297531 -0.187514747936429 -0.440194593231043
0.00766481915828664 0.0155116244334885 -0.516962164845774 -0.00769792786707998
0.00535155739527036 -0.00413141944456755 -0.139083850521453 0.383941008583352
0.00173414951454557 -0.0117403457911183 0.191790312756914 0.221106549448107
0.0034582258339787 -0.00170568750869028 0.197681550048092 -0.0151942927380231
-0.0066292382293227 0.00429577238262171 0.0671881002905847 -0.13522047454527
-0.0101864007172877 0.011697564677275 -0.0651172968468649 0.0873564374274965
0.00274866956664279 0.00678825160429551 -0.13865656924396 -0.00742717252189258
-0.0033413975153078 -0.00925776228633386 -0.136192173399362 -0.198734312232104
-0.00251658691697471 -0.010729094621379 0.139526277498991 -0.297767383233868
0.000862866616333457 0.00284133426998891 0.427808885265732 0.0369621804858638
0.00449159089914569 0.00649950417685648 0.177582854753154 0.417932409345765
-0.00678256028982721 0.00446155296497383 -0.164427989187632 0.287732459844237
-0.00354864157179318 -0.00405757486263656 -0.00365645535591592 0.0481882089769931
-0.0028387548818394 -0.000520868867013735 0.17823485803692 -0.216317884701281
0.00249432997159453 0.0183698047798452 -0.190322085137272 -0.435357087978751
0.00464049446752113 0.0147019422165976 -0.518395150760519 0.000700428531557714
0.00510139009350524 -0.000866056113431296 -0.137338587606989 0.386274988636845
0.00566301881066909 -0.00780347535961604 0.194898058253098 0.217840559689519
0.00718299720529361 8.10292464551278E-05 0.200601568103161 -0.0158637537053462
-0.00504279494575959 0.00425317947255688 0.0667697734127233 -0.135006627016108
-0.00752505633313739 0.0107006271081413 -0.0664272314848161 0.0876060158330144
0.00481016631726986 0.00891169377356581 -0.136448461049293 -0.00570636871232769
-0.000851907629635723 -0.00335634517753893 -0.136628009966974 -0.199997095157154
-0.00267847115670479 -0.00720039830315401 0.135481483941721 -0.298414292145353
-0.00144117833440585 0.00057247886752515 0.426270763148663 0.0369978645734425
0.0045657827364874 0.00182989930509101 0.183101454180192 0.418332220288329
-0.00495518715140024 0.00234435667162645 -0.161830532477274 0.289098240251516
-0.00261514939909717 -0.00524102729751882 -0.00341113267757275 0.0489850347621375
-0.00118320355500832 -0.00346814920106407 0.180451437175979 -0.215250462267823
0.00174589264875852 0.0129668943583674 -0.185037147083556 -0.435162491739347
0.00242833357196604 0.0133018119293885 -0.519470620787289 -0.00109248171182379
0.00629134212151424 0.00274117294868332 -0.142448506053773 0.385397682792766
0.0098003207516169 -0.00236959870111005 0.193292121000876 0.217474607045218
0.0103810885127881 0.0012649704015054 0.201960687972625 -0.0146872872423341
-0.00249741249853995 0.00268882939887225 0.0656626123248455 -0.133440955315601
-0.00350498407061347 0.00525346219596234 -0.0678133921037791 0.0997399385556807
-0.00782986400022802 0.00391901747467843 -0.157151596419919 0.00816159694883719
-0.0098058116033191 -0.00145874448566558 -0.173171903958785 -0.179031576521039
0.00333934486446505 -0.00965339052905495 0.0910247267003582 -0.328623102578409
0.00255019937674182 -0.0028157565279063 0.428793168673314 -0.0522738900331602
-0.00159554567065436 0.00127366417665145 0.240444348940955 0.364817670853217
-0.0132408313967427 0.00289957853421358 -0.128869797129095 0.290182621052401
-0.00950816390909145 -0.00474891245728739 0.00159788361664795 0.0430223797667581
-0.0089828788100863 -0.00395755994059357 0.208050749804028 -0.219162611411434
-0.0062222689927517 0.0116896781067624 -0.132619479646201 -0.489094468942953
0.00656514329754468 0.00841811275137402 -0.52448196860627 -0.0903739096696251
0.0138005310367917 0.00127666470188707 -0.192631412830241 0.36279317190112
0.000158983049695895 0.000115323883071472 0.16521675146772 0.242688516546733
-0.00596313082879713 -0.00550187520373042 0.19055282702483 0.000894875982098337
0.0020694107961265 -0.00454678270548585 0.0646717429875381 -0.130981310384584
-0.00669260435699319 0.00709069668621429 -0.0666129020858014 0.0973868353762022
-0.00834669846559816 0.003343329560133 -0.156499402921232 0.00405288686820266
-0.011043105805824 -0.00709415321801083 -0.167822559168614 -0.181776786912837
0.00198284443221386 -0.0127849130072443 0.102536500027297 -0.324538650239399
0.00380410895510873 -0.000247915340628602 0.432035487530587 -0.039692973062159
-0.000214544805083055 0.00631447535936655 0.229515884438957 0.373902647443539
-0.0135258087052879 0.00548988993581319 -0.137106934553063 0.290044451528977
-0.00965169333892646 -0.00323468480297781 3.35307325218203E-05 0.0430310848444575
-0.00953459373667272 -0.00141159440089524 0.202189023814215 -0.220415221862995
-0.00433078010581013 0.0174772502377881 -0.146930987241863 -0.482386027548877
0.00918843907906006 0.0107829529875544 -0.525354141949682 -0.0740796890645244
0.0122950954204776 -0.00285505840582787 -0.179816879229673 0.369804609771451
-0.00219306345468217 -0.00628127332109679 0.170416465429969 0.240048850105193
-0.00659702316333957 -0.00607053928389608 0.190948989801874 -0.00292706248728533
-0.00105546910515452 -0.00210716420948397 0.0656858632152218 -0.13323100031266
-0.0093389994991811 0.00887709799335267 -0.0656197110806791 0.0945744888261965
-0.00736666385061663 0.00289844252041387 -0.154496956784546 7.03327012640432E-06
-0.0117180561791611 -0.0118460861784797 -0.161013094267284 -0.184929870813361
0.000567773698923655 -0.0154743143928206 0.114984318845777 -0.319061673094431
0.00492746952230465 0.0020751865027528 0.435092543933783 -0.0217248182483551
0.000963024473811068 0.0101267886520423 0.217506908914784 0.385213495612453
-0.0133138027818834 0.00702925981448975 -0.145394311871625 0.290600208625105
-0.00900469465426625 -0.00245800099034299 -0.00136794269973719 0.04444576455624
-0.00913328438579642 0.000635160085024979 0.195033395021936 -0.221693420667938
-0.00229740527179204 0.0220113770128484 -0.16329413826164 -0.472795052545564
0.010631247162254 0.0132508044378534 -0.524655253058705 -0.0541971656065074
0.0100110518403355 -0.00550763100168057 -0.166182654885941 0.377133579890542
-0.00321211197898753 -0.0109687902960455 0.178323513614995 0.236219891269296
-0.00578667049313627 -0.00553678067566298 0.192505754310177 -0.00770990253173141
-0.00467809757619425 0.000390280528518986 0.066575896305683 -0.135490694664591
-0.0111747127645413 0.0110839931033317 -0.0645242071316113 0.0921750290569878
-0.00540220059839023 0.00301321072844457 -0.15132120516403 -0.00286902291939329
-0.0109926323287893 -0.014682456423447 -0.153904964513016 -0.189266709282947
-0.000550420531463341 -0.0167499724886005 0.124627453332565 -0.313987867874582
0.00491868269061434 0.00426542413154017 0.435729207023073 -0.00419090917975884
0.00189862295564974 0.012249819305623 0.20604253214574 0.396479464922112
-0.0120629737771573 0.0080835050567272 -0.153886719552181 0.291000596567755
-0.00822523582627354 -0.00194405472659461 -0.00287867377683523 0.0458280242151696
-0.00766302962835539 0.00248700474095829 0.188219281978541 -0.222736246875581
0.00023093157502122 0.0240450345333877 -0.176741260942586 -0.463364858282515
0.0106274423288026 0.0147927430308817 -0.525762844748456 -0.0334113408753305
0.00825136842402796 -0.00641697260929763 -0.15266219504558 0.383705855725177
-0.00284350796835471 -0.0134946912031728 0.185625005783795 0.231351788198979
-0.00354285366058847 -0.00501325299837562 0.194516662593819 -0.0120915705304072
-0.00643270248172025 0.00256932526334258 0.0671581563435845 -0.137523726140771
-0.0121151589892296 0.0115357564923906 -0.0644433063030183 0.0911392625424229
-0.00278235246219258 0.00381467149084311 -0.147457827704807 -0.00534243363159929
-0.00868423824286251 -0.0151660766915026 -0.147326150472699 -0.193557810354441
-0.00130838156536822 -0.0159580451324105 0.133331658388878 -0.308701483647125
0.00389725877885917 0.00499359739402895 0.434839365940297 0.0139709525370011
0.0036775673763806 0.0121584780894201 0.193088108694245 0.407921088308789
-0.0106497367149984 0.00733082033406901 -0.160389407723727 0.291666388785284
-0.00678939434397408 -0.00224256491823257 -0.0034655063605984 0.0469525263949653
-0.00596424946598091 0.00248450057574702 0.182640464957372 -0.222967630599989
0.00146919264440794 0.0238442892707114 -0.188129186114817 -0.452030897979287
0.00994449624603639 0.0159644745696314 -0.524300352549415 -0.0151135466122554
0.0064436705925359 -0.0059507657084643 -0.141863273290449 0.388886105045886
-0.000845399166531879 -0.0140524287834716 0.193385989001206 0.226308748116827
-0.000424729872290607 -0.00340432568979119 0.197662307799132 -0.0156708595854756
-0.00739859117069761 0.00461343810791825 0.0670247987162945 -0.137707289509715
-0.011761085056763 0.012390615003814 -0.0645725893893318 0.0896582892309995
0.000425192715018475 0.00510681181139033 -0.143922453159059 -0.00612762045057394
-0.00594735502579547 -0.0132323902475441 -0.14314162627794 -0.196792362112363
-0.00180432133268959 -0.0137722932782374 0.137658228277255 -0.30423657883512
0.00269144614507932 0.0044386483823537 0.434301984188866 0.0264386550369467
0.00424558470067366 0.0100129154258492 0.18770068762633 0.416694692026617
-0.00885980968097786 0.00634280673131028 -0.163674907961591 0.292084360315064
-0.00529155647193568 -0.00284346178527985 -0.00385373611289001 0.0486725787430165
-0.00443098766301719 0.00136585432297825 0.179841244466166 -0.221592817243821
0.00255219942789147 0.0220034304233221 -0.195662825991157 -0.444032380200171
0.00746173362993195 0.0157068136984609 -0.524061691459585 -0.000889449668557773
0.00498814733526036 -0.00413492204181582 -0.135966309848095 0.391990127269027
0.00182319837073752 -0.01173921921182 0.196874888656093 0.221865380435704
0.00303284595358871 -0.0016544889565727 0.20027572456976 -0.0191089807319445
-0.00665107307678851 0.00471894969954875 0.0667700594561627 -0.138560085158317
-0.00969635503454772 0.0122782077112363 -0.0656293985116242 0.0894870011575762
0.00342387888307725 0.00672741096256471 -0.141072467253705 -0.00543377520275642
-0.00332681885424187 -0.00895275032233214 -0.140669399478189 -0.199488112090076
-0.00270348394858078 -0.0108683567152571 0.137347840376355 -0.30344349949745
0.000999218061571302 0.00322403639407945 0.433816567186228 0.0325321874248545
0.00484434516659365 0.006035092802752 0.185663140573841 0.421176592609318
-0.00727144667343262 0.00451870059308901 -0.163568490688184 0.292850034273627
-0.00381458749084072 -0.00386103086469387 -0.00353407420763736 0.0494096658806554
-0.00258692527724618 -0.000732165899119406 0.178396125439562 -0.221695307275792
0.00280395901738078 0.0181704596466416 -0.198861452312207 -0.438122788377148
0.0049505783137381 0.0146649091268405 -0.524580311568426 0.00775319834815309
0.00564306158222551 -0.00100448712851196 -0.135218790617774 0.393595918709026
0.00535253039445201 -0.00780917456354962 0.200638285955899 0.218389378369627
0.0070621677470089 -0.00019153780223287 0.203310812984884 -0.0197447432346002
-0.00550398580825894 0.00423846417796747 0.0658679321952302 -0.138227661277566
-0.00742923560447734 0.011874873555358 -0.0670636045663451 0.0906807433454311
0.00494738069292692 0.00893291117755368 -0.138422477485804 -0.00331286704847024
-0.000807512249522522 -0.00339198578139725 -0.141598134548384 -0.200975755115713
-0.00291795338196315 -0.00676240492631367 0.133166358595106 -0.305258363984043
-0.00107450846736321 0.000933361117672235 0.432810976236251 0.0320840825935583
0.0047935511297482 0.00179673347646959 0.190668671122121 0.420528317934795
-0.00533889701623452 0.00237941309765564 -0.16023618001961 0.294670267253257
-0.0028480357192631 -0.00511162361494205 -0.00289073615628559 0.0499091038306893
-0.00119826283672161 -0.00361822702705118 0.180774350314964 -0.219763733212785
0.00225444743760432 0.0131342664787933 -0.192915709992118 -0.439285187064456
0.00255368588991331 0.0135862821325779 -0.5273237821385 0.00648449164906166
0.00613551884276238 0.00316217169999425 -0.139695925848847 0.392579726260621
0.00963285956759932 -0.00252142480225337 0.199312814450446 0.218457500030267
0.0100513894120799 0.00126084607443336 0.205477720803997 -0.0181273673454298
-0.00206287096171058 0.00289434604705521 0.0651395888662547 -0.136871253856249
-0.00334605702059151 0.00573429060733247 -0.0675764145060755 0.102931547543705
-0.00813766029089865 0.00418480728017849 -0.159238081046588 0.0111726528074994
-0.0102394928401793 -0.00126986460504005 -0.178499158541715 -0.17868612236156
0.00340777519253236 -0.00983500711114369 0.0866723131361836 -0.334574988292259
0.00223200028510471 -0.00297942984509655 0.433964565425836 -0.0604486150677681
-0.00177801874325701 0.00122714705260626 0.249432379106741 0.365336514571045
-0.0137066465312729 0.00276436933875414 -0.125976376584565 0.295047727087647
-0.00958647323784712 -0.00425080840505148 0.00244336520371487 0.0432695572654952
-0.00880343437741514 -0.00409792036036596 0.207410173500901 -0.224913194051917
-0.00578074475937594 0.01193503103385 -0.141920517054549 -0.492911390413824
0.00640871753955173 0.00835857583228192 -0.532888124396007 -0.082454996728779
0.0146994116762342 0.000776125443340127 -0.188679223164763 0.371116802377833
0.000222027051879966 -0.000105292419908128 0.171051694487998 0.243350721168428
-0.00627653167779373 -0.00515838476093052 0.193195633706855 -0.00249712558549329
0.00182454716964738 -0.00437097380431052 0.0635504771702551 -0.13417634760255
-0.00653662455425231 0.00755854710938638 -0.0660825295414612 0.100675569131567
-0.00818085792436681 0.00321771526254839 -0.158572881499422 0.00793361726413205
-0.0120719618161896 -0.00671352205283754 -0.173750459823161 -0.181028729045991
0.00175807899775929 -0.0129787247177535 0.0978534023280014 -0.329833940107869
0.00408391492285887 -3.69561309109855E-05 0.436927965248004 -0.0477209915103433
-7.51304406238721E-05 0.00600015081879624 0.238009909570293 0.374143385415222
-0.0136447374699071 0.00562603694160222 -0.134709308138638 0.295236171066606
-0.00961919986956645 -0.002849048015185 0.000764198742717579 0.0443424698866537
-0.00900999049394393 -0.00100922395469167 0.201508602482101 -0.226073809452185
-0.00413004846821127 0.0174095873752079 -0.156354831815668 -0.486916654375016
0.00953530683773281 0.0112980606587838 -0.533197495495913 -0.0671688040973211
0.0127739938026491 -0.00324330483042279 -0.17648581359786 0.377669967825702
-0.00202321794130384 -0.00604173541219705 0.176847935072745 0.239908794259603
-0.00710037403346798 -0.00624472836815575 0.19309163092015 -0.00647600477611049
-0.00158899521078948 -0.00187758104099794 0.0648604366125505 -0.136943647325457
-0.00955154140771032 0.00965639974641992 -0.0649005167527954 0.0975553971412922
-0.00733107401805763 0.00287847972463897 -0.156658226705409 0.00377547342750732
-0.0116425171791119 -0.0114879101579242 -0.166299249897027 -0.18527700016105
0.000243608222450821 -0.015475381959347 0.110486242973799 -0.325134806684113
0.00477941734765652 0.00211191743461481 0.439129422229588 -0.0289603906221886
0.0011544629487299 0.0101640921667428 0.225387371744797 0.386355573913638
-0.0130752347070704 0.00768053121340119 -0.142514937944987 0.295726838070645
-0.00954343934143796 -0.00198931126382863 -0.000975682895621792 0.0455579162868013
-0.00937746566185043 0.00128896750177504 0.194558653252039 -0.226965952262591
-0.00156749475000164 0.0215207033498227 -0.172242991899191 -0.4772162327675
0.0104368936530477 0.0128699039811909 -0.532523716519967 -0.0461618466564693
0.010321088495115 -0.00580780143095107 -0.16290249822438 0.383819430358769
-0.00380698924856774 -0.0113100531219949 0.184236455456955 0.235988833243813
-0.00562415071313349 -0.00631233462283373 0.195097213246225 -0.0107822556752573
-0.0042056398626065 0.000655337555450303 0.0650617195463311 -0.138538514458413
-0.0109147597585455 0.0113820817779116 -0.064223262603783 0.0950826652157543
-0.00567205419961264 0.00302431150255248 -0.153442738441546 0.000229835815557521
-0.0108041574762646 -0.0146680635032949 -0.159694443649057 -0.188841177781154
-0.000817072368308414 -0.0165134536474074 0.121066243226745 -0.319328884615395
0.00505191283601882 0.00407298173577656 0.441146320953816 -0.0110019640674024
0.00238731798575496 0.0121357373036233 0.213136521470249 0.397851349172289
-0.0121201956757172 0.00832995679352618 -0.151113922897699 0.296850242864898
-0.00820858600250848 -0.00185480639613436 -0.0018404748376786 0.0467736152451209
-0.00785405120946629 0.00223758699908511 0.187525166801196 -0.227765131183787
0.000364657774227467 0.0238191410069753 -0.184878688527944 -0.464311899377336
0.0110674807402714 0.0148578275599848 -0.532329453733959 -0.0253263397393514
0.00812293339266819 -0.0069803020491253 -0.149199072648927 0.3909225767301
-0.0028644865071064 -0.0137852423958601 0.191844567565884 0.230877100444458
-0.00378380780427228 -0.00475678418528111 0.19725552401511 -0.0157600235825628
-0.00651308991330282 0.00232768949615833 0.0654875620728645 -0.140171049448764
-0.0116626735886144 0.0119064975354503 -0.0644928975998973 0.0937020672658421
-0.00263117750775612 0.00391804026885712 -0.149631662075404 -0.0020909289495976
-0.00883918638257784 -0.0154238630202089 -0.152988530332244 -0.194138797530128
-0.00152463370412388 -0.0160338740859806 0.129541074537721 -0.314552610389857
0.00407094791321823 0.00499320899819983 0.441912401269447 0.00607358516907732
0.00367151583383249 0.0119110060940592 0.201860563602068 0.409522448913091
-0.0106678886669173 0.00815052236627648 -0.157981258046941 0.296916896406386
-0.00642303281506826 -0.00179565166250097 -0.00320175601412797 0.0480087810833021
-0.00605504998943414 0.00215601770160205 0.181959585404455 -0.227750182113122
0.00242675527793796 0.0244786437309979 -0.197322793007913 -0.454644418097608
0.00982394826535755 0.0162136174536033 -0.532048497151646 -0.00523899897001878
0.00634835894155149 -0.00635650237751916 -0.138548264000531 0.396129055684227
-0.00127032297561244 -0.0141358333773812 0.198998057097572 0.225226894137621
-0.000546675859884459 -0.00349368148774386 0.200495680713785 -0.0190655943871031
-0.00734806600574018 0.00438366477012836 0.0659681026182063 -0.141407769928629
-0.0114344457670254 0.0130405760892173 -0.0638424308521159 0.092606016785715
0.000671121526780469 0.00528285764320909 -0.145819729293867 -0.00315551482908406
-0.00633659303744585 -0.0137459340309319 -0.147511731469012 -0.196376696776382
-0.00279212814778886 -0.01439756599714 0.134763914341036 -0.311084029387973
0.00287662324948743 0.00447338654711097 0.441046418450703 0.0192995082310523
0.00461770673885685 0.00978420922916032 0.195895402589224 0.418512736011927
-0.00838140636686204 0.00681248931912821 -0.161268607631669 0.297106531522063
-0.00502587591471337 -0.00283994290215942 -0.00319298358505304 0.0492057341301387
-0.00405750270180144 0.00152891360101527 0.17912133995872 -0.226855266223965
0.00298416425441174 0.0221402123154138 -0.204011342849722 -0.445770297022425
0.00805747998368847 0.0157080129297422 -0.532607417391933 0.00808209185396548
0.00547347897754334 -0.00414624467359398 -0.131886698748713 0.399338260236738
0.00185158672189528 -0.0119143575168916 0.20342412400524 0.221226482968446
0.00341719083643665 -0.00192222703739659 0.202974402078033 -0.0222365763927481
-0.00707213347159081 0.00526070868636431 0.0655881198277398 -0.14185941296234
-0.00980254496084029 0.0128425256236246 -0.0650168285011932 0.0923857345749216
0.00337923589039208 0.00691657879607298 -0.142442155900136 -0.00278430451656308
-0.00331100088576867 -0.00909326957498331 -0.146046555890985 -0.199675047709461
-0.0028042352790526 -0.0112348642770565 0.134347539200409 -0.309262645511638
0.00109976930212997 0.00304359460631855 0.439754590404867 0.024979196698471
0.0049862947919432 0.00668997792227868 0.194334279926042 0.421823096149908
-0.00730704092522554 0.00478872551642603 -0.161088525346893 0.299121309443859
-0.00386860490362746 -0.00383936343330073 -0.00265846709794495 0.0504161584783279
-0.00235274434586238 -0.000906449848452698 0.177692896503198 -0.226366100835413
0.00324260751913388 0.0182573406006851 -0.207313876953824 -0.440119900744747
0.00547188633998828 0.0149655329794489 -0.531011181635368 0.0163421802645945
0.00530727692788776 -0.00117510530256005 -0.129770478959238 0.40071368903428
0.00529210513305879 -0.00821731131181891 0.206820728575336 0.217712388388084
0.00705993070786086 -0.000765590416533268 0.205269038172421 -0.0229968635781214
-0.00515241758840492 0.00436034896076007 0.064769866551856 -0.141070849882876
-0.00704935689698245 0.0114419133655504 -0.0665019379345254 0.0937252765228059
0.00558890208996815 0.00875045145216059 -0.141106994750362 -0.000394540385240976
-0.000934564209681131 -0.00333628524206129 -0.147076899950964 -0.200817826106875
-0.00308955553475719 -0.00691612480293411 0.129440575348081 -0.311493338204028
-0.0012696668639219 0.00121413124820303 0.438217690988251 0.0253972056579767
0.0047918610521689 0.00178516001471818 0.200817776845042 0.423127095124363
-0.00547851206504823 0.00251104996439716 -0.157650105147974 0.30016154766997
-0.00333592415504629 -0.00525069229532888 -0.00208662042326443 0.0507956716340602
-0.000830649325448021 -0.00341094919539897 0.179882327398282 -0.225024864574732
0.00243208078148243 0.0130415697662245 -0.202000183729373 -0.440647493126065
0.00299391190413695 0.0134652730089925 -0.53247747059409 0.0151900371557197
0.0065049248784588 0.00254226590124621 -0.133855067350631 0.399844745303559
0.00973919059069424 -0.00284717842366636 0.205307401685813 0.217312513731877
0.0103306182120702 0.00086351466120594 0.207230203058488 -0.0219216431336235
-0.00283497743708473 0.00330584681302164 0.0638944055009547 -0.139871369777026
-0.00249431866975391 0.00662574360324248 -0.0549490478290273 0.111240119648839
-0.00797508874585331 0.00550460025636531 -0.157197772443964 0.0308019079092573
-0.0111984197593866 -0.000153331342454344 -0.198475492006694 -0.158292673118995
0.00105165941884322 -0.0130197293308212 0.0509388711739991 -0.341565421697689
0.0043176384253389 -0.00522482676780799 0.423507385450875 -0.10722603421119
-0.00194804555234535 0.00204814597577236 0.28943253260497 0.33425061880383
-0.0121731946306044 0.00457663220517954 -0.0905998861512073 0.311678740981104
-0.0102795662998012 -0.00337678665819373 0.00716739166330546 0.0440627416650915
-0.00967414466634605 -0.00238336763026727 0.179279919470159 -0.253461067641891
-0.00376767727321825 0.0109738219086586 -0.208369218519744 -0.475533403852949
0.00741155132213623 0.00549770985894112 -0.54877189916019 -0.00991995577771292
0.0126420469431525 -0.00284907647264645 -0.137227165451041 0.402613572435056
-0.000518461030653784 -0.0009689493472779 0.206390284754103 0.221903193618338
-0.00665841398010157 -0.00450740254898615 0.193354731557743 -0.0309340721641709
0.00140517898043409 -0.00500378367085065 0.0449664520950218 -0.145743771453816
-0.00526779967050371 0.00923470300205901 -0.0544914669620179 0.108302134380031
-0.00853773262356159 0.00457288736237054 -0.157373497207109 0.0263178083711274
-0.0132989288937663 -0.00630245355274649 -0.193647501007415 -0.161240743597967
-0.000302979533815973 -0.0159139600326627 0.0630837084815997 -0.339034611378711
0.00629270552037478 -0.0027463994255876 0.428360740811476 -0.0939868589734215
0.000282284542280013 0.00756420602681224 0.280609216116836 0.345931349972379
-0.0121015135474323 0.00742925012042689 -0.0982426990728487 0.312496490460334
-0.0102058231281449 -0.00186744271184877 0.00552738109569355 0.0441701479034746
-0.009675057514588 0.000547294578075994 0.17282999467546 -0.25334853096529
-0.0013575340012328 0.0161002639184232 -0.221469411598405 -0.467442305452813
0.00957166449962006 0.00803552174593248 -0.546948878231992 0.00586071339260868
0.0107436742686051 -0.0068558579349325 -0.123587149054589 0.406554663728007
-0.00370570887257138 -0.00674909610565308 0.212080625252773 0.217831930482168
-0.00745668719838713 -0.00562199869411152 0.193091920913849 -0.0350344697696793
-0.0019548548012878 -0.00225090206150106 0.0453337187996436 -0.14853851650097
-0.00839074100724321 0.0109825812210096 -0.0536748909349236 0.105313084931117
-0.00724933367880029 0.00390003653749941 -0.155921644998956 0.0228298654867503
-0.014218264439871 -0.0107575463918109 -0.187159687352093 -0.167048401576385
-0.00194915688504298 -0.018521130792281 0.0753871797317706 -0.335328447745482
0.00761186837308881 -0.000168868697298972 0.433143072650313 -0.076110174093577
0.00172885414382308 0.0106533421480317 0.269175816477365 0.358805994131071
-0.011800067929263 0.00944717891412431 -0.106743882558135 0.314687166934055
-0.00938269220551466 -0.00131777308345855 0.00432735768101068 0.045688359617844
-0.00922509720258232 0.00226346004096808 0.165624770351919 -0.253912954552842
0.00150555809490974 0.0206390712270258 -0.234936506537802 -0.455212193771123
0.0114936329139402 0.0102760407584578 -0.545365726840828 0.0259438956751115
0.00767504036476271 -0.00935095624341281 -0.108298242886381 0.412312658909203
-0.00551797171644656 -0.0115164823385378 0.220110192509661 0.212059417655436
-0.00680701749505513 -0.00554596041268454 0.194199867664361 -0.0398054394817732
-0.00406529851918929 0.00107332039644332 0.0452542911272315 -0.151154048528947
-0.0097615087552019 0.0132157145110089 -0.0528964723067829 0.102988332780375
-0.00525941160621748 0.00400341214460816 -0.153109554392295 0.0191479991758933
-0.0134121235900968 -0.0143673933169964 -0.180098393645325 -0.17205020817676
-0.00313779760603562 -0.0195218124718422 0.0861742850836456 -0.330465308573543
0.00811989395465385 0.00174543180130831 0.437303912886385 -0.0586880991264488
0.00361855246597104 0.0125892909815915 0.258202066683912 0.371046973146618
-0.0102583194283821 0.00980149025490147 -0.114645473336463 0.316646228524765
-0.00792676228200951 -0.00110402946209912 0.00322265180104743 0.0470857040140457
-0.00754778814590882 0.00351665610672467 0.15868682819166 -0.253332252366628
0.00384111740403758 0.0224463867384252 -0.247902102528718 -0.441898504104797
0.0118280129543075 0.0118088702523649 -0.540678829578878 0.0480570087916448
0.00505241845599383 -0.0101357939578012 -0.0935016695009557 0.41684982102614
-0.00536506345050168 -0.0141667729234547 0.22682055114924 0.20630111093964
-0.00404201355363105 -0.00481350484047763 0.195722484109475 -0.0447613561965299
-0.00653687012971556 0.00372857304474846 0.0447694708283442 -0.15282605746494
-0.0105672341617975 0.0141195069245021 -0.0534668115499478 0.101803174122373
-0.00246861422806144 0.00464124277853892 -0.149643130936368 0.0165890351216076
-0.0113322146739981 -0.0146594437350173 -0.17479727887387 -0.176841754830253
-0.00416156080964584 -0.0188872735922969 0.0965313614105657 -0.326750167405923
0.00694119195946422 0.00294351046794407 0.439422063388769 -0.0407651989685946
0.00449059405881003 0.012588241787927 0.248771993646174 0.386198552668332
-0.00904671816971738 0.00926331489200481 -0.121558267355227 0.317364345928416
-0.00709950828248696 -0.00153577563954978 0.00275168125944333 0.0488331127128753
-0.00589619577355312 0.00342064343237452 0.15230933447966 -0.253688141263481
0.0062673502985675 0.0221465473967836 -0.25854770638544 -0.430512259141271
0.0107198144627677 0.0129523446797566 -0.536887377808557 0.0680198275945988
0.00298637734921702 -0.00933187280157631 -0.0819801086735317 0.420171580552307
-0.00383427992324873 -0.0147187766560946 0.232426997018405 0.199738860052856
-0.000875032783909697 -0.00357758588120959 0.197722763716823 -0.0484013153792726
-0.00714103761022856 0.00558456330374184 0.0451474152176836 -0.154173770844318
-0.00979706206405727 0.014854341066926 -0.0537258320098245 0.100527509201061
0.000869143462508835 0.00594613114249801 -0.145656843962364 0.014347244222095
-0.00841471988278217 -0.0128001806698147 -0.169164370694958 -0.180699021938807
-0.00419824962482574 -0.0166794352590632 0.101526250359883 -0.323513478261012
0.00595064737208055 0.0028867868979013 0.440083932230563 -0.027171743424583
0.00533881348783196 0.0104530947472769 0.242475889637964 0.394441007759725
-0.00740686706493979 0.00790582190573891 -0.124204904224029 0.318993254333417
-0.00545573851744905 -0.00262514081809336 0.00257382683084825 0.0500162501235595
-0.00370203211151462 0.00207588595736139 0.149517192943841 -0.25102493217413
0.00654878965063883 0.0201170795642473 -0.264627436082068 -0.42040051464071
0.00885868556449686 0.0132149160918763 -0.535531309079298 0.0811496535641568
0.00274940463927501 -0.00687465137724363 -0.075087862661726 0.421870762758849
-0.000706687471759937 -0.0135334689672967 0.236507242220612 0.195200549807928
0.0032052461156664 -0.00282286073995369 0.200830206385435 -0.051757472050952
-0.00588374168794886 0.00609626821315861 0.0448277564932047 -0.154167581525919
-0.0089341642152526 0.0146081689815409 -0.0544890874824694 0.101092175307178
0.00408244531504255 0.00738040977598608 -0.142306371399962 0.0150655334522559
-0.00526522391814856 -0.00883674024538895 -0.167875966383441 -0.183454627664318
-0.00476774694432993 -0.0139855546783345 0.100304300253599 -0.322417561240869
0.00339143658881663 0.00167287874910992 0.44035944558335 -0.0223907337972479
0.0054903301243911 0.00685922231445366 0.241844038266324 0.398360805284989
-0.00578648631023022 0.00604002972519029 -0.124218557387608 0.31977581051522
-0.00425830645891123 -0.00292178852501681 0.00322764732926923 0.0512352728158228
-0.00228911915210317 -0.000288529070514191 0.148077148156246 -0.251302758322961
0.00597157340522688 0.016212239622473 -0.265865147647587 -0.415419710320034
0.00612785011909978 0.0128416201444161 -0.533018674807351 0.0885239836773593
0.00325512098124432 -0.0041060967058092 -0.0722890442953833 0.422269049061615
0.00390411473303125 -0.0102128400206351 0.239141109703661 0.19127965025564
0.00718335598255595 -0.00192620918785648 0.20252280115117 -0.0531241456992009
-0.00457365619801289 0.00498319908240844 0.0440432961332662 -0.153579925532948
-0.00541378094772542 0.0130798355455675 -0.0551944336026463 0.10187106119864
0.00631621515983985 0.00897506889032855 -0.13976691451179 0.0167071643740503
-0.00238031930319677 -0.00332750334777628 -0.168640805473031 -0.184070460081053
-0.00468456180028919 -0.00937133439951175 0.0962438238371598 -0.322775822020962
0.00107529525144161 -0.000524751097897545 0.438433538089998 -0.0225712682839158
0.00451489355323683 0.0017888722949732 0.247405420346786 0.397409049272346
-0.00455290555299158 0.00351012910042331 -0.121200403598411 0.320341585200594
-0.00342244759185467 -0.0051906103400902 0.00381055776287965 0.0512829986237591
-0.00110248692562773 -0.00346989209178592 0.150347014587503 -0.249847597345024
0.00436859788942717 0.0112643175329582 -0.261454434199581 -0.416261235471438
0.00295281941419659 0.0118492081494678 -0.534480653687591 0.0874056614159592
0.00483743677103489 0.000131181568366182 -0.0784387194582137 0.42395532877826
0.00848115109559076 -0.00523193220449739 0.237463847306969 0.190316018422126
0.0107473080566567 -0.000817182663191534 0.204950073123318 -0.0521488210451536
-0.00220178449826508 0.00352950478732633 0.0437829894595578 -0.15167305097469
-0.00203445959428348 0.00696758439457001 -0.0536143400870765 0.113790325833331
-0.00769128091626553 0.00553803484154731 -0.158104653769184 0.0349972163453767
-0.0113920782957741 -6.92797496364573E-06 -0.202866868446072 -0.15494027033295
0.000767443851578803 -0.0129405496787437 0.043923507494182 -0.345043648426605
0.00400069807575633 -0.00477952344143618 0.425106197841193 -0.116652554123281
-0.00166055376915713 0.00195621918613131 0.297498868187024 0.331174804392334
-0.0126015815623496 0.00501823074380715 -0.0854358144010264 0.315813394834564
-0.0102902417061969 -0.00317495606282635 0.00802765522262663 0.0445283290499991
-0.0097456166793033 -0.00229420453085283 0.176142384053782 -0.257191770615733
-0.00327224638288692 0.0108894958115164 -0.216841223773531 -0.475139566992071
0.00734110367169361 0.00574390403859102 -0.553892395825332 -0.000606444396340738
0.0124530736877375 -0.00381345902404459 -0.130796996330581 0.40982476891167
-0.000730294786386871 -0.000918884371108759 0.212992698974167 0.219637144140691
-0.00674597011468935 -0.00464517796954924 0.19415580043259 -0.0349795339355695
0.00158904336551859 -0.00478459218371474 0.0421162745964067 -0.148720819457865
-0.0052172205591071 0.00908578532834771 -0.0525051029169611 0.111146323307657
-0.00806352876787971 0.00491365454323449 -0.157296827078661 0.0307532713065643
-0.013493653291291 -0.00550358448804646 -0.198602684376921 -0.158951834869839
-0.00098056693864927 -0.0162765965985015 0.0559677189146628 -0.342302072876392
0.00698855538966902 -0.00274694833387465 0.430240877118018 -0.103565232656471
-3.01564652096988E-05 0.00738326015453599 0.289528939644892 0.342102380919764
-0.0123498402028196 0.00769749028791236 -0.0925315077140726 0.317072672898224
-0.0103399050783296 -0.00159564738677463 0.0067738180759477 0.0453083774476824
-0.00978465137596743 0.00024983364916211 0.169683472374551 -0.258609686015315
-0.000450454793106229 0.0162931211633414 -0.230762633453181 -0.466539654623355
0.00988470406307005 0.00799398321968707 -0.551981270329871 0.0163046331922468
0.0100339667990093 -0.0072682596565145 -0.116531050112466 0.412930810561064
-0.00379090417925685 -0.00728423021860649 0.218943134232531 0.214805214804508
-0.00766490452093899 -0.00499908607954055 0.193828799250575 -0.0392309783228443
-0.00221417189062194 -0.00207197215672498 0.0426377870507352 -0.151314165612986
-0.00727929933265331 0.0112789001186886 -0.051777876671428 0.108806135997914
-0.00730435529303276 0.0044890952723618 -0.156197186100433 0.0265500880385813
-0.0149014022563276 -0.0105908497975367 -0.19243603769385 -0.163792473378225
-0.0023541846588073 -0.0187203189528297 0.0686742958506943 -0.338891110121648
0.00758011691946389 -0.000112242260416382 0.43487744627181 -0.0859061614724329
0.00199059412695502 0.0104729475934082 0.276926648988597 0.355360979039888
-0.0118815361192251 0.00992846148684745 -0.10140039976405 0.318936586057541
-0.00952922928165118 -0.000820399195829384 0.00526709936955464 0.0462896811390901
-0.00916801427381112 0.00285645349299617 0.161857081283787 -0.258116950020191
0.00248401096582261 0.0205880342281578 -0.245738838998542 -0.454907682768878
0.0118610803959888 0.0100638189746634 -0.548589514679108 0.0380490248869123
0.00774675292757256 -0.00940208744310446 -0.101264573569479 0.417607402393261
-0.0057731685627763 -0.0114655547660482 0.225381939836993 0.209346523990018
-0.00680007034037879 -0.00540966336916442 0.195226455112445 -0.0442890982505143
-0.00431613937353777 0.00135802112972741 0.041981909830131 -0.153304286484996
-0.00924065578389432 0.0131151954840924 -0.0519140954037837 0.105889936000726
-0.00497664763916054 0.00463257147417068 -0.153350682378823 0.0226476190290199
-0.0138843985490802 -0.0138324366507695 -0.185310751418807 -0.169204705028759
-0.00318657719121598 -0.0194991289666271 0.080387444876118 -0.335218700116282
0.00829380680670071 0.00193841044696634 0.438741249284439 -0.0683375600835768
0.00364506426646691 0.01258029457012 0.266632082287276 0.368717656508223
-0.0109507442468596 0.0100392254699835 -0.1096726375873 0.319797293968777
-0.00856518599906829 -0.000752208642026335 0.00412558619537656 0.0478801782949283
-0.00716205349390135 0.00359860849785744 0.154522204640886 -0.258237743750543
0.00456834105766079 0.0227782481030788 -0.258357712401602 -0.440816115766624
0.0121084077915124 0.0116627593417273 -0.543307215305123 0.0586888953555125
0.0050766104618315 -0.0102657178970986 -0.086207306205438 0.422449837831018
-0.00572130754737159 -0.0143715016225945 0.232326705749014 0.202759896381851
-0.00457239988446301 -0.00470024080075605 0.196946302622954 -0.0488624410936099
-0.00669841894957646 0.00380982851416059 0.0428886664277322 -0.155214998073519
-0.0101892861121006 0.0146918294958824 -0.0518998415583173 0.104093959877676
-0.00183426068956515 0.00476667053412204 -0.149830337813444 0.0195879802398142
-0.0114541021248611 -0.0147111673112513 -0.179215462248507 -0.174650266093529
-0.00450269127162234 -0.0188943681585974 0.0893874070784055 -0.331258092881551
0.00756596862717168 0.00290444513764575 0.44118908819886 -0.0506368971845192
0.00488116985508982 0.0125403375734709 0.257369932871674 0.382937336251233
-0.00925807643442803 0.0100056413957123 -0.116118308320557 0.321820042759728
-0.00726785492937402 -0.00105416685929514 0.00370205042845071 0.0495652587763787
-0.00573540239330978 0.00326304704983484 0.149686052826673 -0.256977237706721
0.00653413854471561 0.0224859334700577 -0.267272502602987 -0.428576083993184
0.0112353993636732 0.0129586019478932 -0.539577110006752 0.0778021482435788
0.00270532193493101 -0.00957813647348296 -0.0744035866833243 0.425213216311039
-0.0044364552157277 -0.0148673720883519 0.238934954823255 0.196513150964865
-0.00126662903216861 -0.00409190435654462 0.198668202332522 -0.0528639177646978
-0.00701419987615704 0.00568834168681005 0.0426615865827652 -0.156868227046254
-0.00948325526685831 0.0151092555115203 -0.0524650809935806 0.103647123031992
0.00156448467997212 0.00582874567137297 -0.145775206099931 0.0181237411592903
-0.00875200341020473 -0.012976262082868 -0.174573807188942 -0.178892632726151
-0.00497637576504636 -0.0170790829789118 0.0949653074827692 -0.32697421867809
0.0061992300152339 0.00251471820076851 0.443045938900204 -0.0370348651907491
0.0054384164318762 0.0104842128159526 0.252068467390112 0.392434601332473
-0.0075088645648637 0.00795093903664507 -0.119754121110758 0.323355349345658
-0.00586445497524831 -0.00261459400252968 0.00326907671081313 0.0509765033418215
-0.00379814486835176 0.00159632182306946 0.147596510835932 -0.255376797992466
0.00711407834277418 0.0201650509592555 -0.273006939827789 -0.419137384604116
0.00911474832792128 0.0130048430070463 -0.53813740762016 0.0930137159615815
0.00259313456434141 -0.00723260748530461 -0.0675881210335704 0.426565506896573
-0.000837272716973827 -0.013748204400338 0.242433503929438 0.192145860560859
0.00288294511356992 -0.00287781672664065 0.200742660690789 -0.0562965644496938
-0.00647803642759024 0.00604677704572985 0.0421814877095584 -0.156771562186855
-0.00811062962346853 0.0146991201614823 -0.0527423691112745 0.104003231618229
0.00460207881643465 0.0069310715525641 -0.142886899565004 0.0183656608009869
-0.00585506281652454 -0.00923755039087198 -0.173438339904253 -0.180914758041754
-0.00520025630629106 -0.0135146796232705 0.0954331502106951 -0.326443122407421
0.00375204828353536 0.00149177275348918 0.44273721425507 -0.0313884542046446
0.00527000541484273 0.00684785424228785 0.25121863061989 0.396824943705299
-0.00600329818442871 0.00619178542380023 -0.119511850118929 0.324510293507338
-0.00444750203572224 -0.00358273336103354 0.00405702934028076 0.0515726717884215
-0.00259947292772662 -0.00070349443861638 0.144474929124393 -0.255598438502343
0.00656744185750695 0.0164946217977807 -0.277402643566436 -0.414267655747542
0.00638329525624206 0.0126913107926809 -0.535377373967678 0.101856952918008
0.00318124801476683 -0.00377559255507296 -0.0655743610407457 0.428136396447164
0.00361857313945302 -0.0103879872189419 0.244602317790292 0.186961418823516
0.00735206157376191 -0.00229408646920081 0.20309006982284 -0.0578838639174571
-0.00438227219419624 0.00557552882102165 0.0408319366878335 -0.155905875491635
-0.00511739476726954 0.0132746384377837 -0.0540149629113234 0.104882276625159
0.00653394750385665 0.00861716079292848 -0.140645946984326 0.0195047033502145
-0.00239855803891271 -0.00357685597555001 -0.173805923462754 -0.181715436930733
-0.00455948212327908 -0.00955004245291621 0.089596864275413 -0.326767346319778
0.00157237498601601 -0.000603169672071605 0.440809113933459 -0.0314639802487821
0.00481977091987097 0.00176186400272912 0.256597264498062 0.39709026739065
-0.00484996914668816 0.00352857828271269 -0.115747544967869 0.324972798057744
-0.00386045038496169 -0.00457907624030393 0.00524435928381091 0.0517930711586584
-0.0014423950255057 -0.00344453867779747 0.147495362470626 -0.254118670758484
0.00496503139142172 0.01087239864061 -0.271240516598553 -0.414331750858854
0.00335256212740035 0.011568680914974 -0.53782632482428 0.0983070970072941
0.00490877810074823 -0.000581019465883006 -0.0717739577489948 0.428266392498204
0.00860382063914685 -0.00522709611708135 0.243520940503654 0.187292122653263
0.0107355802362484 -0.000770173527149733 0.20520680335094 -0.0567341992143042
-0.00240342701137484 0.00391679115124544 0.0413761778968276 -0.154200633675172
-0.00137546095931702 0.00687110396775471 -0.0518934912866183 0.116484250078885
-0.00729579089071949 0.00567163719644965 -0.157422379553367 0.0393681227788213
-0.0114283709281719 0.000281561279050671 -0.207952379834034 -0.150618977286281
0.000619366918238635 -0.013152642288592 0.0360151800243243 -0.346528940760349
0.00389678945292189 -0.00539082103280497 0.424850897993416 -0.126610559697114
-0.00165452696361405 0.00217330905063278 0.306837113419361 0.326374978748233
-0.012584528535368 0.00562001715592089 -0.0788677784063554 0.318137302005994
-0.0105373334659893 -0.00308161473846565 0.00892083655658094 0.0448825234459847
-0.00999703991422852 -0.00222236571535141 0.171327542386233 -0.261679721039224
-0.00279071822956084 0.010947115431159 -0.228399208953681 -0.472966971899373
0.0073269202917027 0.00552100593604525 -0.554677830728565 0.0131779033471066
0.0123414042667009 -0.00435434078714457 -0.122227549531087 0.413669143080627
-0.000772000295167008 -0.00134847640923138 0.218337830995923 0.214771436640655
-0.00722468560128024 -0.00471573327367608 0.193954782566721 -0.0400159121495938
0.00103602121348754 -0.00460208973582251 0.0391983620576541 -0.150518361759786
-0.00468619623317593 0.00941465045499626 -0.0508118510779582 0.11391430600733
-0.00788490700055808 0.00502176296766949 -0.157354227695155 0.0345485991846419
-0.0135887701151287 -0.00547934516853733 -0.203117695113513 -0.155019437576285
-0.00121965536351256 -0.0164764793197245 0.0485553878374263 -0.344288371736513
0.00623983874848912 -0.00321633387960695 0.429632465369775 -0.11323571653457
0.000248480578739963 0.00697012315824944 0.298748524714238 0.337227302661834
-0.011938945492056 0.00828431045139727 -0.0862958770509466 0.319488729756381
-0.0100853862170028 -0.001544634768006 0.00740907700434143 0.0453300594687851
-0.00940740644356749 -8.94930123328638E-05 0.164081568484805 -0.262261645538721
1.06632525284063E-05 0.0160336385002968 -0.241526580973586 -0.463516226089874
0.0101362465398045 0.00820155844310918 -0.55194234918337 0.0287088936239763
0.00995789351612305 -0.00747255290007941 -0.107727168362301 0.417199470060938
-0.00371205597013359 -0.00727049144370066 0.224694610632508 0.211107169385508
-0.00770972376941403 -0.00540754974939548 0.194200944341789 -0.0436423057045178
-0.00186824354131824 -0.00135592600298801 0.0395135568878995 -0.153170055492389
-0.00736987051559454 0.011604647497845 -0.0494359726467906 0.11103761655379
-0.00709224534763907 0.00410514141441515 -0.156281611136638 0.0307902062967656
-0.0147058040475935 -0.0101837803994092 -0.197177712816468 -0.160180230399314
-0.00302382366187714 -0.0187933003265533 0.0623468477503508 -0.34171894913142
0.00801196679967022 -0.000542451895343033 0.435147494056114 -0.0959976730204563
0.00222365797572751 0.0103086720769125 0.28595994950434 0.351138540538739
-0.0121097005442297 0.00947789403047114 -0.0955914538156539 0.322114252341027
-0.00963595427377182 -0.000917116054047918 0.00627103134913721 0.0469001951142934
-0.0085962858329056 0.00253092880169186 0.158021264073581 -0.262831568405571
0.00252325937322898 0.0202097567455871 -0.255681475599608 -0.452452427929835
0.0119868831379076 0.0102267651793078 -0.548683323594201 0.0513093201620349
0.00719415285035752 -0.00987828640704782 -0.0923499329890403 0.42157817664238
-0.00615099423280116 -0.0121459520381473 0.231167632151182 0.204939536272951
-0.00691624894409438 -0.00542946303394707 0.195235372678844 -0.0488540797482392
-0.00454916154683663 0.00153885527578556 0.0393217075178079 -0.155295302303959
-0.00910751835413582 0.013590730776853 -0.0498085233260077 0.10849422268605
-0.0048974887113131 0.00417365729963755 -0.152742556424403 0.0269271669501487
-0.014285893035862 -0.0131073828098744 -0.190430142850048 -0.166213603490848
-0.00404981643276474 -0.0196034673028253 0.0733212065176393 -0.337605760937807
0.00840272576879947 0.00161881821084976 0.438797254452709 -0.0778606350781108
0.00431842293514226 0.0123359682544619 0.275350693947266 0.365450454859157
-0.0102115988201178 0.0106132863656634 -0.103131736774848 0.323646389280282
-0.00820716017786996 -0.000360954669352036 0.00496194616791919 0.0481854845674745
-0.00764245851048605 0.00354104962074201 0.150356327110163 -0.262200560308489
0.00520985183639416 0.0219224546118411 -0.267644089189707 -0.437101579543786
0.0121991373610853 0.0114667565111521 -0.545275387614103 0.0718201306146999
0.00477310471860748 -0.0103619048734841 -0.0766029618952589 0.426027172292769
-0.00586118257176242 -0.0145427924239728 0.237966741585184 0.199175418983644
-0.00472081180481024 -0.00500808031907455 0.195922996721006 -0.0542395190238116
-0.00644774778822476 0.00409690714930717 0.0395653865427497 -0.157187594829363
-0.00948673764711152 0.0145727317250565 -0.0497222825378082 0.10742761427781
-0.00213181791407168 0.00474982742702329 -0.149889983529836 0.0237605787815766
-0.012030624332973 -0.0145341832709252 -0.183850718147245 -0.171271521687195
-0.0049223037802964 -0.0191290522363557 0.0825115361713587 -0.333793990253576
0.00764009371925766 0.00253949967321242 0.442556537131652 -0.0597220226035662
0.00510071073975829 0.0121477047732992 0.267121571329253 0.378836223945469
-0.00868926070427424 0.00996092580780186 -0.110029116246152 0.325256979558017
-0.00690316871424313 -0.00108519517426403 0.0048104716782964 0.0497213872923621
-0.00560666183435467 0.00358797445017424 0.14522260174839 -0.260349897290586
0.00671798798248214 0.0221347756054704 -0.277088046001679 -0.424666071736116
0.011505241873955 0.0129533129526814 -0.540215453084455 0.0907218987552996
0.002915615434277 -0.00970289717225444 -0.0652058829302651 0.428888351153297
-0.00480564256146002 -0.015245554418451 0.244018535184309 0.192094612380587
-0.00119870692425146 -0.00381445173463788 0.19862393025257 -0.0577853305373346
-0.007055358429846 0.00560723248566262 0.0397957223239522 -0.158183107482939
-0.00908388176193913 0.0154846946950581 -0.0505023471534323 0.106185005117877
0.00141134910580657 0.00571305308225522 -0.146184965029338 0.0218794147190724
-0.00898643751861863 -0.0129991192953011 -0.179400236339515 -0.176036490559913
-0.00565095674307136 -0.0167691961502024 0.088088927124427 -0.330577154282708
0.00607287028993977 0.00243707444397059 0.443938860986634 -0.0468527988488615
0.00624402771131936 0.0102298462492107 0.260567029097972 0.38833888062691
-0.00714129502022511 0.00839302447277882 -0.113493460267272 0.326544282872706
-0.0056324837984625 -0.00236387563464908 0.00497753206823022 0.0510329640645359
-0.0038728618069248 0.00195897856262328 0.142626494501796 -0.259396569108045
0.00752916524183945 0.0196841404495451 -0.282820699803946 -0.4144628036826
0.00944981518729186 0.0133585712156574 -0.537992823978369 0.104980566070638
0.00235906360669194 -0.00700916939835513 -0.0583657787296863 0.430385521836712
-0.00100175280939502 -0.013960920855711 0.247990104347519 0.186975817138421
0.0032357351869911 -0.00307856462009017 0.20055938123927 -0.0614969334725412
-0.00627991026346388 0.00595747352726151 0.0387450805269895 -0.158754158535227
-0.00704325343319665 0.0149466106158013 -0.0506823298124482 0.106328658535061
0.00454992263218762 0.00718140315060073 -0.142674224922772 0.0218860402875026
-0.00569348528995675 -0.00881839641564851 -0.178274446964753 -0.178172753386346
-0.00564059173150873 -0.0136140305613661 0.0877814259495393 -0.329627342648386
0.00411023174256421 0.00147339912564042 0.443214641068863 -0.0410853846371379
0.00576846718782909 0.0064702584052233 0.260305605135774 0.391964270878135
-0.00596120145920282 0.0060748849175134 -0.114168192701056 0.327576386756684
-0.00459081042417707 -0.00381867318653639 0.00549834459771712 0.0519909761105926
-0.00264643499888557 -0.000324411257860149 0.140624851570916 -0.259152451598237
0.00703459970592814 0.0158111581097798 -0.285479838803772 -0.409467947570069
0.00679815460280034 0.0129901103004682 -0.536945762087366 0.113276424927638
0.00302045103734248 -0.00400468155858908 -0.0556654700118324 0.431009471509532
0.0029938171953598 -0.0103097105498872 0.249858388800503 0.182274581196544
0.00668232207734119 -0.00231528166507696 0.203222222666929 -0.0629977377230173
-0.00490027598875164 0.00525261859381083 0.0381673838025597 -0.157717352920195
-0.00479984289850795 0.0137334301990732 -0.0523043173746965 0.107214248480201
0.00706429153703534 0.00843442995687988 -0.139616777679691 0.0237726126050488
-0.00225053218071438 -0.00326203526339787 -0.178503273635697 -0.178986992981712
-0.00515648515236979 -0.00948343908118013 0.0826115863040219 -0.330538842999581
0.00137256981316918 -0.00101341464225351 0.440825352068959 -0.0416100198450012
0.00495795314192818 0.00168030969010247 0.266372135645783 0.391804814768035
-0.00484360209512238 0.00391575320933594 -0.109807712159659 0.328052068343254
-0.00407110740750205 -0.00502923954351299 0.00609652383563819 0.0525741389098132
-0.00147919646314312 -0.00357906583917584 0.143254722847826 -0.258031764755484
0.00503873302069631 0.0110492567630546 -0.280971846527083 -0.410703757767371
0.00353446267761497 0.011957662161734 -0.537088053767216 0.110506321010135
0.00481800691660741 -0.000500400722149516 -0.0624873872452319 0.432174439375723
0.00863070343548032 -0.00579833201274256 0.248347080039493 0.182796336183924
0.0103374179482646 -0.00151628548990254 0.205275850297868 -0.0618337534287372
-0.00239522032354521 0.00359120581658273 0.0381000981909051 -0.156187299988092
-0.00118406950933751 0.00712425147404716 -0.0486555515247155 0.11912232728063
-0.00717976118562842 0.00599556125553303 -0.15644666123681 0.0435891329192134
-0.0112022908825862 0.000360273485949263 -0.211801561232708 -0.145832349833467
-5.38321026037022E-05 -0.0131015383564688 0.0283960312049372 -0.34728751660321
0.00427587904328267 -0.00584235487649524 0.42166398160333 -0.135906063524215
-0.00176814964826365 0.00236863906226085 0.312947717475652 0.318081365145137
-0.013047753728256 0.00556039250530495 -0.0714119542576242 0.319563515114169
-0.010900520676766 -0.0023612486517388 0.0101238580621815 0.0449359007780913
-0.0100890713003991 -0.00227600338177975 0.165864883046556 -0.265789517070138
-0.00276420259762056 0.0101730872200436 -0.238076233605321 -0.469413123845104
0.00726210957797048 0.00514231350023912 -0.556218224386822 0.0255757574411103
0.0123127073185494 -0.00440875322746858 -0.113164803998713 0.416432441155614
-0.000629147286573982 -0.00151832381996323 0.223463446529599 0.210632119379964
-0.00729153517242221 -0.00443778175991279 0.193860957088267 -0.0444223976863018
0.000899371991397888 -0.00551777875293542 0.0360311172882903 -0.152309187346533
-0.00410861819034766 0.00969144233961709 -0.0482632754166384 0.116055708806441
-0.00807226552384197 0.00502006777840544 -0.156572752858993 0.0395209583937257
-0.0139795186571406 -0.00489515406763337 -0.207184576639084 -0.150307425793585
-0.00199796638335975 -0.0166612450193898 0.0400876878947009 -0.345950611744948
0.00607174684035323 -0.0030037478678353 0.427247388271818 -0.123224523003917
0.000430987999971807 0.00667583773303608 0.304869369526835 0.330077850309302
-0.0123235692357104 0.00847648806028384 -0.0798218842755304 0.320737050075303
-0.0107146152112507 -0.00082488751931382 0.00822081520842697 0.0459215530533751
-0.0101067801458599 0.000529724224593038 0.159156385429864 -0.266277926359512
-2.16939294431819E-05 0.0158556813234739 -0.251692932867975 -0.459735640991348
0.0103366286444118 0.00786880625182688 -0.552607149412091 0.0409914287430745
0.0101227367888762 -0.00779763687552065 -0.0980493677738366 0.419938147023169
-0.00382417583634631 -0.00718752503945293 0.228843467801324 0.206680637876917
-0.00809244687898413 -0.00550230213173753 0.193750612816319 -0.0484246336458414
-0.0022064724709513 -0.00128755163509621 0.0362253694511498 -0.154703925065612
-0.00667533204764289 0.0117401986401083 -0.047522518741569 0.113501725172695
-0.006856508408362 0.00446797579318777 -0.155121157090836 0.0347159559150331
-0.0149768570724146 -0.00994586864323259 -0.200243892943131 -0.155361757435586
-0.00331221867733187 -0.0185859858931654 0.0538306234935537 -0.343042724775132
0.00787170266084401 -0.000919776459581519 0.433036474514495 -0.105994533828672
0.00253931050705089 0.0107316718656767 0.293215707025223 0.344701988859826
-0.0115240297369058 0.0100220021625489 -0.0887910203323752 0.323071312189541
-0.00951001068115535 -0.000641790945456516 0.00751837119097566 0.0470627452601341
-0.008735694723225 0.00261064053695114 0.152126657856696 -0.265785050715372
0.0031879252420851 0.019884034945265 -0.265977512298811 -0.444602139481955
0.0124045105326681 0.00957983744903832 -0.549059370645972 0.0622094587468133
0.00688551952135457 -0.0102798812094848 -0.0830459805209716 0.423646153505809
-0.00625782050898279 -0.0117541618597762 0.235484851879866 0.199659098979056
-0.00718707174690438 -0.00546956492794417 0.194139910844062 -0.0536153894257903
-0.00460654635518617 0.00140392509721539 0.0361988411880929 -0.157240352186439
-0.00826657602689088 0.0140885201970842 -0.0471173662352204 0.111055253281845
-0.00482613408605461 0.00457914535356036 -0.152525056030318 0.0310018093396082
-0.014615605299661 -0.0133688883126395 -0.194008541251511 -0.161317139390364
-0.00470327965162374 -0.0197524235994547 0.0649110415403661 -0.339870069211763
0.00811131632833055 0.00141217223071699 0.436994178357794 -0.0880965168198134
0.00452904448434103 0.0123862499580149 0.284573390820554 0.358216180608393
-0.0104119792000545 0.0108676591605297 -0.0964851189190023 0.325806832380112
-0.00852590612026057 -0.000282143813127661 0.00671476496233266 0.0486862171801799
-0.00761862661425517 0.00333472830607138 0.144885245062534 -0.265377517174556
0.00565384370016266 0.021811883843342 -0.278043528865476 -0.430683478530472
0.0128622629077603 0.0115280088787069 -0.542981055159227 0.0835373951580063
0.00449955505682834 -0.0107891601782809 -0.0672604892485933 0.427551083301966
-0.00647721659805029 -0.0143843740262107 0.242492057596671 0.193678586820217
-0.0046700669881974 -0.00510161536841726 0.195143030505514 -0.0587134645900877
-0.00610257350095426 0.00436154142767244 0.0360885595703398 -0.158731206733161
-0.00923030831694902 0.0151637782023282 -0.0477590579627897 0.109061998232162
-0.00185068795073206 0.00491637794930544 -0.149013330766214 0.0272064595998829
-0.0121823226722201 -0.0142822173215038 -0.18844003843841 -0.166990346133154
-0.00535793667352656 -0.0185749470330373 0.0744200407319261 -0.335917908795974
0.00739380304044499 0.00289438143075893 0.440410657213396 -0.0697259163896874
0.00523363709154836 0.0123333465678997 0.274592230097304 0.374152228790976
-0.00862307647713488 0.00990303241132715 -0.102660070533635 0.327348940554283
-0.00706839859734853 -0.0010297083964697 0.0057590278116764 0.050230190890045
-0.00572060089637285 0.00326133302816781 0.139626747847603 -0.263886528962699
0.00812208737455598 0.0215396870713506 -0.287684570744519 -0.419617889803967
0.012063186821344 0.0125642099217885 -0.538572173215282 0.102798226782005
0.00232190669933797 -0.00972640350813563 -0.0561602809928935 0.430484194879482
-0.0047274629121608 -0.0149798469895266 0.247954118161744 0.186909073656833
-0.001257428736678 -0.00401879055300087 0.197500544360294 -0.0624332097980202
-0.00669963883452267 0.00604953248863846 0.0356616038180584 -0.160167667157533
-0.00854935148003801 0.0159378473573238 -0.0483085436916084 0.108077810515819
0.00169185201772881 0.00560771199402733 -0.14526538426645 0.0256924504139637
-0.00962153482724498 -0.0130828554660168 -0.184028864545915 -0.171689292281754
-0.00585557773963524 -0.0165518273921289 0.0801816558869372 -0.332697240861735
0.00630966727044494 0.00253863814242752 0.442350975041036 -0.0562966348648063
0.00559064843363363 0.0100583984041109 0.270846580915638 0.381782040711785
-0.00708253756286768 0.00843026041518622 -0.107121270944758 0.328093510179145
-0.00585192690157976 -0.00184218365191369 0.00617141820534987 0.0512552073261042
-0.00399452443260371 0.00184363007671268 0.136550284931423 -0.262285206993528
0.00811851697742321 0.0194629089116722 -0.291683173820635 -0.409161830559483
0.0102222227900134 0.0130251374436407 -0.536034065139849 0.116759107540143
0.00188314981073175 -0.00748974345230042 -0.0487212775183684 0.43168699355484
-0.00142088350038907 -0.0135454538031283 0.251805516255361 0.181324540549684
0.0028383596061385 -0.00323764263175518 0.199565818577699 -0.0662679691796056
-0.00629688067558935 0.00647034236544305 0.0355939902755188 -0.160407968402851
-0.00658234119936315 0.0152576195159852 -0.0490271264771623 0.108271903942144
0.00437162035588264 0.00691626280188603 -0.142234796275822 0.0258143968079373
-0.00603275571634285 -0.00896149376146893 -0.182222324867487 -0.173814248741347
-0.00591207970105377 -0.0136912244835147 0.0800402580692055 -0.331466981847214
0.00392131726094086 0.00130720986139899 0.442460234030705 -0.0505997123454422
0.00600434554653842 0.00623380042459825 0.268921758174197 0.386828734302777
-0.00552783532294193 0.00642669070192029 -0.106806901880031 0.329936409623408
-0.00484465318653761 -0.00331264101716868 0.00703084054710787 0.0522471369813126
-0.00264208391023659 -0.000478664747624829 0.135514247222295 -0.261610649621866
0.00724997535559054 0.0155172253078008 -0.293734819851577 -0.403223272022626
0.00696607796141174 0.0126754947307445 -0.534410528904142 0.125295815074066
0.00274252297160928 -0.00442646587666454 -0.0470803305693824 0.432857305537995
0.00308294194989134 -0.0105833066902086 0.254054366630502 0.176777927550254
0.00669431412958064 -0.00276825133998708 0.201873707593952 -0.0680035643441577
-0.00460636342405568 0.00608895726308697 0.0342576308519539 -0.159465366966667
-0.00421146435684352 0.0139397663051302 -0.0497993656530367 0.109418659430932
0.00719375194718077 0.00848109356102845 -0.139449358098852 0.0273936669218959
-0.00211917795489828 -0.00348738107425984 -0.182694804758227 -0.174506969566104
-0.00541589154919405 -0.00989997380270702 0.0749519770330363 -0.331922341619094
0.00153212609353802 -0.000933227728785253 0.441504620150484 -0.0513056809781315
0.0049055034203618 0.0014520152856392 0.273940299869376 0.38596908817705
-0.00440487119040771 0.00345731456406201 -0.103228965042725 0.33020614508533
-0.00404290784053888 -0.00468687252146695 0.00775107511855923 0.05263349785574
-0.00165190990464411 -0.00306498961340299 0.138177587593687 -0.260684046468516
0.00573198347479568 0.0100989115451284 -0.289267230793652 -0.403921585737099
0.00440382070806135 0.0115017302417812 -0.535327151146547 0.123239417009448
0.00444435071489788 -0.000776340579970249 -0.0520447522417851 0.433935203119785
0.0086896254681648 -0.00619295362578156 0.253200986851914 0.176876691680535
0.0107121614100836 -0.00181020865151683 0.204238659368494 -0.0666224988206256
-0.00215233998967257 0.00381879294878017 0.0345144962719042 -0.157539234338882
-0.000654265362165808 0.00689513669058193 -0.0459627293470877 0.120803188895942
-0.006816200866069 0.00554666798959287 -0.155150293615252 0.0470941699217692
-0.0107206182963261 0.000613137405517075 -0.214603294069597 -0.14071773138012
-6.73310469627023E-05 -0.0130467716352739 0.0203360193409261 -0.348017356110874
0.00413529823259492 -0.00573893397590307 0.417538686649849 -0.145269877844138
-0.00209370622774878 0.00214463898791908 0.319236557145514 0.31078130355435
-0.0123195634650196 0.00604418271361307 -0.0648925920751741 0.319568575667902
-0.0110173538557172 -0.00199955607286323 0.0113017364453768 0.0446553914707889
-0.0100544600434349 -0.00255309827792084 0.160235869878228 -0.267697591077882
-0.00239980728768754 0.0105530693705219 -0.248576368630156 -0.462705989459389
0.00736292901652386 0.00522524385788841 -0.553948604900186 0.0376585081531881
0.0123621186437316 -0.00512949070421392 -0.102972013983844 0.41702157247249
-0.000360532624455043 -0.00173025771201846 0.22753337707497 0.205174751248106
-0.0077655006340585 -0.00474455789426972 0.192524936709407 -0.0491616263536376
0.000958081216771394 -0.00482454330500811 0.032230723651829 -0.152634548846246
-0.00381994150775013 0.00964924345793412 -0.0454955957334123 0.117500109711677
-0.00722712189577443 0.00496978701620432 -0.154971953348476 0.0428820495995728
-0.0138048825105775 -0.00483187069714788 -0.209814409112972 -0.144683960155391
-0.00191806441820753 -0.0163897738537971 0.0321246336636809 -0.345111598175121
0.00586474059352233 -0.00310489926311576 0.422968260938429 -0.132630226783622
0.000642314804392202 0.00698851848914325 0.310635624920193 0.323440375521065
-0.0125323146980233 0.00859010540598995 -0.0727880225483105 0.321787335337092
-0.0105974853772685 -0.00110609492022058 0.00970854045400372 0.045262302806547
-0.00934086085413007 0.000751704603715061 0.153667142565257 -0.267620384486364
0.000437792401331467 0.0151665827423073 -0.260840489614136 -0.452021173107833
0.010254017022199 0.00752394271370529 -0.550279963861349 0.0530105057441374
0.00972748442521738 -0.00825924105178487 -0.0891782093636911 0.420797456280203
-0.0038537681400309 -0.0073006682177686 0.232960251297387 0.200455779701646
-0.00815556305632511 -0.0051259477767336 0.192342862267731 -0.0534178554436552
-0.00204966331495482 -0.00154466298666951 0.0330590802554034 -0.155454616621976
-0.00622143436424851 0.0119304815195199 -0.044972583616228 0.115480546743013
-0.00693045210039631 0.00474620229534193 -0.154092612650774 0.038486905974153
-0.0150408706580803 -0.00924483903624021 -0.20360237801929 -0.150643355612651
-0.00409566406007414 -0.0189259377916155 0.0459909177677532 -0.342604780234548
0.00761208995588113 -0.000586296203771383 0.429582536575087 -0.115339494303712
0.00265331664024672 0.0105832868010126 0.300420052256371 0.337304435139031
-0.0115830309078707 0.010171686776158 -0.0813102159997314 0.324264651561071
-0.00930036376659621 -3.77888558827011E-05 0.00850337063003949 0.0467238716183652
-0.00877076702420527 0.00269603610876258 0.146673325187426 -0.267851909861059
0.00382021228100431 0.0197479483673478 -0.274975188195684 -0.439020151545428
0.0125735626514912 0.00948918069554455 -0.546080132460542 0.0744494101267806
0.00666490573347748 -0.0100527266457866 -0.0735835155167548 0.425241045532848
-0.00664448622407235 -0.0116556762040323 0.240077561579786 0.194262349463009
-0.00720915101169117 -0.0051552451735993 0.192332344607755 -0.0580897561348508
-0.00480514184994792 0.00177921162032558 0.0324848573871833 -0.158114284901259
-0.00785791311100701 0.0141148108909835 -0.0443038329261726 0.11276538285448
-0.004416406806957 0.00406615949866685 -0.151371229577837 0.034419554632256
-0.0145053055622429 -0.0130653655597089 -0.197857250596263 -0.156171111870408
-0.00540412206335067 -0.0195748751001969 0.0572685824442157 -0.339480479191316
0.00841707133093572 0.00126940907262911 0.433789424876198 -0.0967524342889499
0.00408834786462599 0.0122381130905151 0.290338963260426 0.351182595036844
-0.0101557886334996 0.0110298268057846 -0.0892492407817199 0.326646254452093
-0.00851548372847738 -0.000432548136683261 0.00725468014753398 0.0489472195708901
-0.00705915624424172 0.00376801839042779 0.139885740864573 -0.266811359254418
0.00613384546368576 0.0213415840525413 -0.286252863357266 -0.425073630706234
0.0128888674711992 0.0108317096571801 -0.541458444679529 0.0957932643243889
0.0036966614820221 -0.0105237509740675 -0.0581173465832381 0.428626345689048
-0.0066380146185078 -0.0144966771603799 0.245803539906688 0.1872908171404
-0.0050462288727431 -0.00458664210030648 0.193663776753531 -0.0629097775689309
-0.00625761846705185 0.00472552396659475 0.032308916676778 -0.159621992905563
-0.00827608526707323 0.0152752636357703 -0.0454608964453889 0.110813969407233
-0.00152338162184534 0.00474847779140424 -0.147622637799172 0.0310076240172509
-0.0126981857448704 -0.0137944001411693 -0.191094384142215 -0.162337629884501
-0.00577404187282238 -0.018745051063078 0.0674084314266711 -0.336468295350806
0.00774129591306191 0.00239026446889656 0.437808849756027 -0.0800842914251577
0.00578356900360164 0.012150039714256 0.28277039538012 0.366398038456299
-0.00864602258106215 0.00997219549551432 -0.0960728167630801 0.327907367698267
-0.00688482874759314 -0.000946620728811129 0.00693248015694318 0.0500103574534418
-0.00579147065660355 0.00352134531954695 0.133774403222291 -0.265645909225207
0.00834393606153549 0.0211212757043877 -0.295229265844188 -0.410818637293784
0.0121762538964134 0.0123134650391461 -0.534303352833036 0.115713322725895
0.00204860388925301 -0.0100871785115304 -0.0466187526065294 0.430816730025991
-0.00550259415898948 -0.0150126750858971 0.252485516752689 0.180277175778824
-0.00150421768670016 -0.00406301285510184 0.19566606085253 -0.0667571580005106
-0.00676860693726154 0.0061004947840464 0.0326145637485545 -0.161511700775585
-0.00788370701739461 0.0158217902460156 -0.0458725513555089 0.110125237209748
0.00193069798342594 0.00565432048919293 -0.143931768481395 0.0293835110252456
-0.00946467587809199 -0.0124369882051641 -0.187135002972686 -0.167023091097918
-0.00596797306310829 -0.0166766461544196 0.0725729441258636 -0.333794810121318
0.00600853394931536 0.00199025554315422 0.43984983140351 -0.0661847618834824
0.00620154089701497 0.00969377275545493 0.277265734001797 0.373538684454707
-0.00714527562628094 0.00852362446786979 -0.0995717424167685 0.329334680530691
-0.00558489894511215 -0.00201396144439314 0.00675328340252234 0.0511984066279232
-0.00345657903167288 0.0018533181857684 0.131370176089458 -0.264345538626833
0.00811043373130195 0.0191124457720467 -0.300054874611412 -0.401058872677164
0.0101882891512096 0.012546201416883 -0.531489880688963 0.130121421415916
0.00172271359692082 -0.00750586726799544 -0.0393835663245103 0.431647480217697
-0.00168902745040676 -0.0139489320422366 0.254986825703369 0.175191898685253
0.00256885662224145 -0.00337130607503129 0.197689144612396 -0.0705696734247442
-0.00635211338017361 0.00663506205338565 0.0320265020988574 -0.161032487564645
-0.00600072621496553 0.0151415723864614 -0.046371911623631 0.110257233088947
0.00490034961052603 0.00660099768346155 -0.140195240952987 0.0289114880566613
-0.00603747790119953 -0.00874540556957782 -0.185430079146307 -0.169276760876949
-0.00624950110636509 -0.013298141417145 0.0719331394897341 -0.332338474226761
0.00365889193044099 0.00105109272359288 0.440528393866273 -0.0608731972969044
0.00585708144080864 0.00566240382774374 0.277235831151628 0.379749221151904
-0.00552797049780458 0.00645065958752948 -0.0987514275126481 0.33005730444172
-0.00503724841430421 -0.00340988441006587 0.00800819914477515 0.0520747693146425
-0.00234577739829596 -0.000370987709626118 0.129789057572238 -0.263967947721315
0.00781904641624613 0.0148654124522372 -0.302097109826311 -0.394899381563766
0.00765496754806238 0.0125087354886692 -0.529383589637899 0.137474621081867
0.00250505904046163 -0.00450322033715365 -0.0376689811438065 0.433188985721424
0.00306585904025638 -0.0109344376478185 0.25748148237698 0.170383150976825
0.00667031804069031 -0.0028350915425693 0.199905719241427 -0.0720599163597367
-0.00434410536667161 0.00630274041280544 0.0312501459079866 -0.160419166134637
-0.00387964082782102 0.0137581760962461 -0.047034078763767 0.111142384246791
0.00731463321803849 0.00786289130403406 -0.137516053156099 0.0304774239844848
-0.00210765705918673 -0.00359951062111286 -0.186322103415919 -0.169824638645222
-0.00550249242953358 -0.00960630437612382 0.0671702729581939 -0.333125378397588
0.0011787878719023 -0.000567567723398518 0.438593081648709 -0.0613341567084043
0.00490977994694609 0.00118096168667719 0.280695314709345 0.378323737995166
-0.00462373120377122 0.00361702327622055 -0.0958874890076368 0.330741076271253
-0.00426621030890422 -0.00454016616798853 0.00901715531435109 0.0521352663291834
-0.00139309511427225 -0.00351134529184457 0.132375980350652 -0.262165720595876
0.00595748149235257 0.00997926189720029 -0.297387420227521 -0.397017538436735
0.00461779055752077 0.0116195232915768 -0.530984957737679 0.135741194872785
0.00464326756372472 -0.000738446674115496 -0.0428955421871041 0.434230878203495
0.00849038886367439 -0.00640012369960989 0.256908857041003 0.17005321473486
0.0100385554581858 -0.00218176722749875 0.202489247673744 -0.071097853797997
-0.00206546341330956 0.00401888408297524 0.0309368013608534 -0.158243665854034
-0.000279200079946696 0.0071071044386663 -0.0429688882026623 0.121804089718403
-0.0067906874038939 0.00563656408686291 -0.152531433727099 0.0510283977706518
-0.0105882447186998 0.000889368326629606 -0.216130284082496 -0.135070434356862
-0.000399139387352827 -0.0130771113616388 0.0128992691077281 -0.34443363219665
0.00407054469977087 -0.00547857335593401 0.411550416827113 -0.153579180438774
-0.00171181338379036 0.00215559240046263 0.32556158669072 0.302216612236026
-0.0123351731821525 0.00677238451531042 -0.0585136322661153 0.318786706742647
-0.0105962203325681 -0.00173917742942809 0.0123766836635602 0.0444144056337803
-0.0102143385394961 -0.00224868464400764 0.154573639902224 -0.269716145525005
-0.00245047459509548 0.0101642271646741 -0.254680725757945 -0.453649354415314
0.00753820021324067 0.00514338555682878 -0.549301047802775 0.0480941048939686
0.0121885436067547 -0.00500875006870798 -0.0942431335376573 0.417544577353214
-0.000566671238255746 -0.00166154022939964 0.230713925087706 0.198681431333896
-0.00781252850172149 -0.0041466786665108 0.190399333056417 -0.0527489218980004
0.000593102187674438 -0.00466636525809259 0.0285588109852563 -0.153332018427512
-0.0032134611754579 0.00967832328533281 -0.0431784288526176 0.119364274589702
-0.0076937070446089 0.00493464145236641 -0.152635554057748 0.0465470742280896
-0.0134242855373967 -0.00432470817746334 -0.211848212213569 -0.138822875442414
-0.0027207740654148 -0.0161806063945748 0.024497365113342 -0.343506553269382
0.00629988077798289 -0.00313620885887683 0.41762884592949 -0.140771034044986
0.000750448869558128 0.00679688786380497 0.315069017214235 0.314655348316445
-0.0118618097076022 0.00908126777554139 -0.0656199591126255 0.320366283985943
-0.0104687726119828 -0.000528474225705068 0.0107020937836477 0.0454954546282665
-0.00985898093304509 0.000695149513258254 0.147857381787027 -0.26849113296936
0.000787231592437453 0.0155620649208696 -0.268031822268089 -0.444035991446329
0.0104295037872642 0.00707843599562384 -0.545152448256168 0.0649103711965174
0.00948023841335177 -0.00829545316450678 -0.0799739790195887 0.421268298527681
-0.0047169225734301 -0.00706432623076555 0.23588478713329 0.194669439935747
-0.00841737413147516 -0.00493314549959591 0.190098021511416 -0.0568489923195146
-0.00211951494142015 -0.00138569701242277 0.0293841444755419 -0.15584169492052
-0.00567750535456227 0.0121029051726244 -0.0419093332440489 0.116477351105012
-0.00651802542626216 0.00427117836670751 -0.151373822642682 0.0419283553926185
-0.0146930913644939 -0.00958365438174918 -0.205519354315727 -0.144979518297802
-0.00456183092812241 -0.0184190732254837 0.0375748040278524 -0.341616190130232
0.00771633815315285 -0.000891270621623829 0.423734231855761 -0.123702172191856
0.00309976720493959 0.010143276417099 0.304933806688067 0.328945969519879
-0.0111057840649972 0.0105409604717494 -0.0747001484320065 0.322627064239943
-0.00976360256028202 -4.08010212100537E-05 0.00943281099727588 0.0469355825616851
-0.00866997709270797 0.00294139436662157 0.140479450575078 -0.268938306677842
0.00379125352918338 0.0189375212546739 -0.280655885624672 -0.431116868980848
0.0126949534597162 0.00939458746304564 -0.540535866863234 0.0873163799247753
0.00662498330835092 -0.0103031875600256 -0.0638823474349985 0.424554525325188
-0.00683979536969454 -0.011878083815643 0.24211853506936 0.187709459195254
-0.00755123055132993 -0.00499695003457017 0.189875314577795 -0.0621259709124737
-0.00434015318016142 0.00197585935702279 0.0287985093607322 -0.158176283973502
-0.00688694902125532 0.0140885194539404 -0.0420277032216183 0.114020746423685
-0.00415950556734647 0.00432424151256191 -0.149158574061499 0.0377080352874615
-0.014670014052889 -0.0125614132521242 -0.199187430167556 -0.150851596200145
-0.00579809850940813 -0.0192710527786955 0.0493777114423367 -0.338536728859592
0.00867641158367434 0.000975744967932029 0.428566769118538 -0.105478899439034
0.00450535864687883 0.0122024915892574 0.296103810881062 0.343169725549338
-0.00978581629547716 0.0111747568264901 -0.0821582235269451 0.325282416592009
-0.00798406734083036 0.000125335546221644 0.00819698720026101 0.048489292086019
-0.00715808136400741 0.00412924885540323 0.134129882480775 -0.267825118024249
0.00695937221696178 0.0208723861169669 -0.292750450691998 -0.416534457574493
0.0131583366618677 0.0107921905467143 -0.534906766346489 0.107307327632171
0.00362423246490973 -0.0108839833902983 -0.0490510636119231 0.426758983271102
-0.00736183203898179 -0.0143473600303299 0.248475377964138 0.180903932986985
-0.00526226867539868 -0.0048675190877846 0.190826357973042 -0.0675620822375788
-0.00633054685952411 0.00477460405655794 0.0289449054542954 -0.159766451492052
-0.00770009846187158 0.0154414088023225 -0.0427507117146905 0.112558253162291
-0.00151427260428265 0.00429444821627682 -0.146232476216347 0.0344429388909752
-0.0125883838576665 -0.0134225823909286 -0.19403453293275 -0.156783083438147
-0.0065296852840637 -0.0185284032195397 0.0586591602725067 -0.335167399649744
0.00765059792341238 0.00197129702636127 0.43276382414892 -0.0883198155158097
0.00546682581672861 0.0118237730500596 0.286798931516686 0.357700275782952
-0.0083647615627902 0.0107162758156916 -0.0887904731447329 0.326990081141751
-0.00689998203405127 -0.00091747936160166 0.00770558972193071 0.0496025200225342
-0.00547393567591074 0.00342426679629478 0.128087248232294 -0.266351054535953
0.00840894032423565 0.0207725000376344 -0.301673945496606 -0.402438379577055
0.0123584570809825 0.0119838433443957 -0.528047484721716 0.126835084578279
0.00186137967708404 -0.00978967122607721 -0.0372919036909391 0.429202349449751
-0.00544592429461105 -0.0153726988975063 0.254129510843718 0.173276651932026
-0.00162048644763734 -0.00422042349710298 0.192966225392237 -0.071443280580846
-0.0068939240634914 0.00604501254448731 0.0287811362693104 -0.160935373948869
-0.00719973004106372 0.0159598822661966 -0.0430740119157873 0.111046098950794
0.00205535383839148 0.00520300097141081 -0.141811883374808 0.0320164533249766
-0.00936690229033875 -0.012271552783275 -0.189386485634223 -0.162107780931506
-0.00656030660545313 -0.0161885639317838 0.0643010888615884 -0.33244714626795
0.00650128099661645 0.0022520662537302 0.435013740367257 -0.0747891059418661
0.00632077723334894 0.00941936833460976 0.283454071151581 0.367404770165742
-0.00699922353687863 0.00882193963320562 -0.0924381964992429 0.328918162708055
-0.00563668150000094 -0.00204706704641461 0.00834534664699369 0.0512634923515682
-0.00384842034859732 0.00173575390445067 0.125432984962422 -0.264681209047075
0.00869275392618873 0.0182490196556867 -0.306741732511484 -0.392732297253977
0.0102486043815036 0.0124842287461893 -0.525672474171298 0.139320646266503
0.00117338096272596 -0.00783041627607881 -0.0293144192066781 0.430485744150843
-0.00193738876197557 -0.0137298924943205 0.257489148097987 0.168486606112302
0.00261105859683272 -0.00360641388108297 0.195546882019414 -0.0749816496617765
-0.00585917326908231 0.00720736798848029 0.0278706872742984 -0.161760875750927
-0.00539655413925958 0.0154616001784097 -0.0433486054749553 0.111408993802288
0.00486432960952621 0.00627387855636294 -0.13853235175525 0.0320104786426248
-0.00590029504423738 -0.0084533775623105 -0.188580905837679 -0.16367260682806
-0.00667677158651209 -0.0134526987122839 0.0648439967235051 -0.331656052889455
0.00398647808213539 0.0012197835055937 0.435363815385956 -0.0697129513397098
0.00578018135994232 0.00600027190288015 0.282611126874124 0.373172585974637
-0.00551751253332995 0.0066852306767183 -0.0918793471478639 0.329928761740309
-0.00441258159128313 -0.00314144926506753 0.0085729184281592 0.0518618020377306
-0.00217650366670271 -0.0007643997836301 0.124587207625161 -0.263937852550734
0.00843960372575412 0.0145633400528905 -0.309179995101138 -0.38739776858988
0.007507893043162 0.012331015780072 -0.523778119917892 0.148308438044069
0.0018887947172569 -0.0043473357874273 -0.0274952590830412 0.431777012153114
0.00252889870836676 -0.0110178717784985 0.259558913723971 0.164009881854589
0.00642445016763479 -0.0029810074682456 0.197471880436705 -0.0765996698681197
-0.00445380259455701 0.00590347640723328 0.0277239991945091 -0.160490513497515
-0.0031061899725021 0.0135785822713116 -0.0443784288177352 0.112260284960229
0.00766162104438286 0.00718581173094803 -0.136040823986449 0.0336941120369168
-0.0023561574186818 -0.00353358095203336 -0.189093774871277 -0.16557635398677
-0.00591711494822979 -0.00940530645011243 0.0593640487054701 -0.331739974187315
0.00159316686020379 -0.000891833510120491 0.434041979584807 -0.0698288205617616
0.00488026639611749 0.000711692377768669 0.286234769140112 0.369661919652564
-0.00468585714411989 0.0036704919361648 -0.0889509730716658 0.33021054778144
-0.00407402973100491 -0.00498862634766462 0.00956216302158286 0.0521031397686011
-0.00246105561167405 -0.00371728078530506 0.126216923872693 -0.262948290467992
0.00593463047063308 0.00947266183346316 -0.301312721337124 -0.388069684037661
0.00448683421434986 0.011421101957078 -0.52473854902555 0.146278525876237
0.00435052278999587 -0.00093135876268768 -0.0335140472824022 0.432257582514371
0.00819154315369285 -0.00664891417811043 0.258349530668726 0.163930984835716
0.00995343671854136 -0.00237018358996138 0.200040765003032 -0.0751687182522648
-0.00174772807313088 0.00409810771881322 0.0273644133003494 -0.158691251744749
3.20631814659505E-05 0.00690308772410818 -0.0401659327636211 0.122808163086035
-0.00661473204562314 0.00594771945626955 -0.149110136041708 0.0534499115610157
-0.0109094304022041 0.000976112362924313 -0.217117140934298 -0.129890121570447
-0.00123520810994278 -0.0127451769580135 0.00555567191623788 -0.342021328648827
0.00387031077500912 -0.00545217942610256 0.404706462084616 -0.159994729018946
-0.00198356006723404 0.00218235582339847 0.327228508949599 0.292802172065711
-0.0127213356847132 0.00658228533790057 -0.0519745461898312 0.316117759435264
-0.0105705666086823 -0.00146748435228884 0.0129547202626178 0.0444431735072084
-0.0102178621222786 -0.00214887722390667 0.147828407812511 -0.269083571656094
-0.00204486599052038 0.00997928291069584 -0.261955120973305 -0.445532024177422
0.00760643405845275 0.00467416942087816 -0.543549848214614 0.0596370134974674
0.011825527102313 -0.00538937888927252 -0.0853215961162685 0.4162865302559
-0.000999057855004633 -0.00135674187294337 0.232517694916755 0.192539232477827
-0.00798908683873011 -0.00442750191918251 0.187770449099578 -0.0561090441269345
0.000526265185361779 -0.00469815253814902 0.0257066553805829 -0.152504865193711
-0.002803766923088 0.00935140863072144 -0.0395091090132703 0.119723565392674
-0.00697003992357938 0.00508213033865976 -0.14972453254165 0.0493921580286144
-0.0138248733484319 -0.00413879045748597 -0.212470297751583 -0.134061869277438
-0.00297123649020983 -0.0160445701799711 0.0173817457241374 -0.340470088105946
0.00583680801979401 -0.00355578866113943 0.410569706840202 -0.147888619237519
0.000741019664737226 0.00660733476684553 0.31851144136696 0.306146127279152
-0.0119668852878405 0.00919291704179544 -0.0598620279907201 0.31820664296674
-0.0105879414273418 -0.000597791096836506 0.0111774325412789 0.0451300594804273
-0.0102359885797451 0.000794168389877902 0.141939471463224 -0.268684488060971
0.00130414014588421 0.0150612308960431 -0.273399819775063 -0.435070273780464
0.0108975653837831 0.00686647488228576 -0.539211298195968 0.0752881800792465
0.0091293988535163 -0.00823140766526476 -0.0705248348099589 0.418683825515554
-0.00478867942752824 -0.00745108459366352 0.237155322070719 0.188758320110385
-0.00859076518314713 -0.0045488626096837 0.187123710397347 -0.0606907042446102
-0.0026374688438492 -0.00119701018444825 0.0257026107243551 -0.155869417982573
-0.00494530637472957 0.0118851836119154 -0.0396355549076489 0.117180303202398
-0.0062105013618977 0.00443049241446474 -0.149459184771738 0.0445664264496776
-0.014660396558651 -0.00894245626053211 -0.206943877410144 -0.139181531130042
-0.00486853868708708 -0.0183196122216374 0.0300289053012967 -0.338719360281333
0.00763526033535504 -0.000721129685303966 0.418003327658039 -0.130416962776774
0.00309563865267957 0.00977324243095759 0.308162559561033 0.319227639774255
-0.0111299006467575 0.0106810609940734 -0.0679515857060948 0.321518872674389
-0.00932553670866037 0.000181136546400323 0.0102049874227408 0.0465818606454189
-0.00920383362012423 0.00230588210379027 0.134380853541092 -0.268109712297722
0.00419870726468292 0.0188485038459671 -0.286235681534821 -0.421273077245198
0.0127890175336823 0.00853229029204748 -0.53447448734899 0.0966227456858428
0.00629518284565628 -0.0107375183842719 -0.0554072540800873 0.421149621576243
-0.00682016813899663 -0.0113432761688432 0.244012047248549 0.181409171102748
-0.00792003880385751 -0.00492522738847413 0.187436892935164 -0.0656045911591911
-0.00459230341529221 0.0016380933688268 0.0259231833740003 -0.157880707276842
-0.0066978198446533 0.0139898223068168 -0.0386090058676765 0.114738927936516
-0.00391768207040561 0.00395027124563976 -0.147168471947871 0.0405758288914961
-0.0148591437343908 -0.012566418037075 -0.201089880060045 -0.145913709594201
-0.0060608830696106 -0.0187655996597126 0.0420828543571097 -0.335646043624775
0.00792258624388933 0.000795894216201716 0.422779719687503 -0.114013710485353
0.00479365653630203 0.0119139310804912 0.298797680828931 0.333913124918703
-0.00979997982200159 0.0112718731851223 -0.0756539252725183 0.323487247165504
-0.00856364565916619 0.000398302238772974 0.00957211362664654 0.0484104041629351
-0.00689215320917503 0.00406311064004827 0.127636989468494 -0.267466160348633
0.00718866153496876 0.0202089601606723 -0.297800301082113 -0.406665624548232
0.0135867977582991 0.0104668813754698 -0.527100561780936 0.116838466157544
0.00329732949435651 -0.011014982600483 -0.0401026217482487 0.424376325155444
-0.00757656918184813 -0.0143225667904401 0.250383481496898 0.174237834390371
-0.00543058063311992 -0.00501618000810888 0.188049798287879 -0.0704976869101699
-0.00592353794045511 0.00501079469334576 0.0256956118354695 -0.159237965446219
-0.00692481749542077 0.0152433735949534 -0.039683705817446 0.112978656660521
-0.000918042297445919 0.0038807881134939 -0.143006465960176 0.0369400996792144
-0.0126076092051096 -0.0130785082810608 -0.19504798578816 -0.151748728920678
-0.00720828280829446 -0.0180944080058986 0.0520145897505825 -0.333361190359912
0.00780805844715702 0.0020613954066697 0.426829432035914 -0.0963158404073287
0.00638616013036125 0.0117389009997196 0.290438239581987 0.348681750469798
-0.00827932793596852 0.010445364317766 -0.0820369068839103 0.325809789375104
-0.00749232566706489 -0.000596452837183956 0.00936029777714071 0.0498393561214434
-0.00568967936830049 0.00349500363272998 0.122033261931472 -0.266106867584238
0.00890279639130219 0.0199935630936428 -0.306220222695872 -0.394317309223169
0.0125115644572977 0.0116278896132445 -0.521655519366773 0.136316623208472
0.00157174006628431 -0.0101625263264502 -0.0281673522604352 0.425920509711893
-0.00557619948806106 -0.015057483972292 0.254999335422085 0.167125373737148
-0.00188508943151225 -0.00403555589814576 0.190146365133758 -0.0743259375016776
-0.00656649518807722 0.00661620272309511 0.0256451679603583 -0.160809721460292
-0.00653547204466485 0.0161765098774263 -0.0404507956422692 0.112275813094769
0.0023788162226511 0.0048651943127962 -0.139849023553255 0.0353798387944288
-0.00963300489758414 -0.0122119276849147 -0.19144733813084 -0.156498860909024
-0.00711686339877488 -0.0163170710506062 0.0570128126805799 -0.330732869157206
0.00615227944689792 0.00209519856683533 0.42994085873356 -0.0824652151450802
0.00659738297566064 0.00935539813965093 0.286477150460688 0.357445693232398
-0.00674535891471685 0.00905036830395595 -0.0858822650952876 0.326971186973003
-0.00542414440074794 -0.00180444215622212 0.00903666237625262 0.0507925027249153
-0.0040468481943774 0.00186393874068068 0.119791892974981 -0.264566503018789
0.00901727078348417 0.018262804137094 -0.31091081622619 -0.384016074089963
0.0108797323575144 0.0124156113924397 -0.51906794254049 0.147861469549429
0.000623941774539898 -0.00778707925046536 -0.0212021266455709 0.427372379747131
-0.00227409572481271 -0.0138947232601606 0.257968633929348 0.161254158243178
0.00222481466379585 -0.00393356897682443 0.191808792323202 -0.0781738925932852
-0.00583690589267577 0.00711478047933849 0.0249338460823785 -0.160948810613064
-0.00511845668985117 0.0150737578037931 -0.0399902433682556 0.112526041926694
0.00574304363493393 0.00562241599020573 -0.136533016624137 0.0348261466584299
-0.00589186120319674 -0.00853306342028166 -0.190320313724625 -0.159013319367911
-0.00703074609007662 -0.0132815785604153 0.0574786325263398 -0.329248942297513
0.004079937335674 0.00120927522805048 0.430076715930825 -0.0780157988226618
0.00624685935130391 0.00580352585649732 0.288015956542278 0.362793041123734
-0.00524682302540362 0.00680110370010694 -0.0852147633100927 0.327911984369655
-0.00490231067444847 -0.00310410551131069 0.0100367691307109 0.0514848293036654
-0.00256864247525328 -0.000628005919544698 0.118707002367887 -0.263493207400834
0.00833751189123625 0.0141870012085232 -0.312963236270309 -0.377782760753956
0.00813655140593074 0.0124368613346931 -0.515628627692782 0.15721157634551
0.00204466366627867 -0.00473975229476247 -0.0196204127978263 0.427268565265214
0.00226988248453208 -0.0112870929463596 0.260713853731031 0.157291596850339
0.00649245388157452 -0.00297976009048682 0.194485392893035 -0.079962064248366
-0.00436717671454177 0.00625861194274493 0.024427970511107 -0.16036212580933
-0.00259216562916243 0.0138418604480916 -0.0416337783841001 0.113548456038101
0.0080917139280958 0.00692571467199462 -0.134016117152029 0.0363922752123239
-0.0019933392155817 -0.00338418925262296 -0.190697680008303 -0.159203895297708
-0.00602849667400056 -0.00882426523133729 0.0525512762427008 -0.329468297901908
0.0016072053218565 -0.000716546929081146 0.428816792572941 -0.0779215791026062
0.00458514688941492 0.00115583054896089 0.291323783790679 0.362152119566834
-0.00432420408507896 0.00374257599417421 -0.0815315179257219 0.328041318652868
-0.00457514368961998 -0.00435263183922407 0.0110449714082268 0.051999847603573
-0.00192171564640103 -0.00364548599816056 0.120139184252169 -0.262586259794825
0.00615765032487582 0.00922489950797038 -0.307700312124245 -0.378838837033188
0.00480747066090466 0.0108986387938567 -0.517567555496079 0.154934300904985
0.00417953185032392 -0.000923626117479079 -0.0252705727913666 0.429483854729906
0.00781120796047968 -0.00697534853186184 0.259095389846055 0.157342407585314
0.00971555464391295 -0.00241180526271105 0.196297137031697 -0.0788208102456363
-0.00182799316053625 0.00413020663575828 0.0236547337736621 -0.157910498513306
0.000724791950636316 0.00655715626993963 -0.0373974664557817 0.122845987448676
-0.0064941383516087 0.00558524372234581 -0.146048525082829 0.0554754936926983
-0.0102930927031275 0.000989607063735547 -0.216494846209636 -0.124238895474191
-0.00110535192340976 -0.0125743626866294 -0.000406939001560508 -0.337567911363579
0.00322459499590439 -0.00565769717920384 0.397279105471829 -0.164916521643067
-0.00177600955721397 0.00217404545429806 0.32751446282965 0.284754464682232
-0.0123630824011401 0.00688337533296001 -0.0466459595477654 0.313134034567681
-0.0104619235308673 -0.00105206000523647 0.0138445650988694 0.0441955280396386
-0.0100511299060473 -0.00158038500906352 0.14244215742593 -0.267874278936074
-0.00189528506502698 0.00958291087712095 -0.265995285484581 -0.436248153255626
0.0078147201276585 0.00475712885945055 -0.536200442326557 0.0676619004142655
0.0114548224573606 -0.00564824905162145 -0.0778410128445403 0.412538771385864
-0.000640936848391775 -0.00164377074914474 0.232652577517178 0.186355289200876
-0.00799454879511071 -0.00377240334249495 0.184570791204108 -0.058983846580212
0.000226312552878447 -0.00443065517772484 0.0227224741372196 -0.151765874646457
-0.00224294548550135 0.00952369793903077 -0.0371459565095884 0.120055970241058
-0.00684399354452807 0.00476447539964838 -0.147156138014589 0.0516122696020177
-0.0134973313655172 -0.00388934845685113 -0.212777814095167 -0.127915640329441
-0.00323542906106045 -0.0160489312475165 0.0111165485338813 -0.336584399668906
0.00578543734772191 -0.00349704219270254 0.402993104226641 -0.152652637402103
0.000718880048410104 0.00688001115194965 0.318981089045354 0.295382806732594
-0.0117977721000357 0.00964246604787115 -0.0536271557130907 0.315498768101403
-0.0102507907614317 -0.000387309067214678 0.0121405477391817 0.0447255356943657
-0.00970576078325275 0.00114807949566451 0.136127778131244 -0.26743073125545
0.000987187572880503 0.0144238408696046 -0.277328477460031 -0.4258463217295
0.0108277353449223 0.00676551300047618 -0.531568234039571 0.0837606778269439
0.00866981478033576 -0.00897272574915071 -0.063121504596149 0.415726780010922
-0.00498654195212706 -0.00756966408074743 0.23745972025842 0.181745589343217
-0.00890101627242009 -0.00447338968931284 0.184020212988121 -0.0632246182953536
-0.00231008263668291 -0.00132171610406883 0.0228047493400518 -0.154508026402364
-0.00449148065565078 0.0119659164502781 -0.0368394752783996 0.117353932845903
-0.00566241784465991 0.00391008535395898 -0.146386963306804 0.0473988719458038
-0.0145351233016826 -0.00857300793085981 -0.207113173327181 -0.134330412240684
-0.00522563305105139 -0.0179378279156958 0.0240029318539492 -0.333829835479799
0.00732842019822966 -0.00105548701718935 0.410609488084354 -0.13646814749339
0.00324336971449979 0.00989391680611245 0.310706091015137 0.310145771350569
-0.0111050669733589 0.0110719149468023 -0.0622533486441667 0.317988179902731
-0.00940734582489565 2.72971364055847E-05 0.0107824304896319 0.0461542289440028
-0.00842187605949823 0.00287243046846054 0.129364069872136 -0.267014741629373
0.0046294662892174 0.0178246011539926 -0.290787576312982 -0.411999648898685
0.012901082342994 0.00827959811775597 -0.526661982133312 0.104301229535661
0.00562243157865317 -0.0108013754865999 -0.0480100840619804 0.418123512463887
-0.00700913954738962 -0.0116996365443405 0.243745740414618 0.174838398088617
-0.00759511835897693 -0.00510094138244978 0.184230469469269 -0.0679913501082769
-0.00468144602688946 0.0022536856283074 0.022737383936363 -0.156797088496293
-0.00586228482383095 0.0139047820408117 -0.036846153078287 0.114940611332791
-0.00356909203426999 0.003941479054117 -0.144043151785904 0.0429125686713652
-0.0145968040113264 -0.0118302121431163 -0.200972421656973 -0.140258273147274
-0.00648659986512934 -0.01843246881136 0.0354712413943813 -0.332174194845128
0.00830155534562251 0.000764857198839477 0.415824609292676 -0.119959028148417
0.0050061976988372 0.0114727738144663 0.301117376739882 0.325318709960663
-0.00957091075240591 0.0112212257524521 -0.0707314273783225 0.320865483290475
-0.00842603044667896 0.000386166109607646 0.0100745993021634 0.0476799463256391
-0.0071571691543204 0.00405953913136742 0.122494906510141 -0.266273167158418
0.0075095041275159 0.0196133833180038 -0.299907969475751 -0.396371651322505
0.0135762604348747 0.00995575812613004 -0.519491289585393 0.124770896775674
0.00262338016590264 -0.0108266283985353 -0.0326087920309466 0.419649338513684
-0.00786572145901593 -0.0138000384943892 0.250259020284656 0.168183395629976
-0.00538160554851808 -0.00452871334887153 0.185521859873643 -0.0728540289707722
-0.00567288058756482 0.0047376817841674 0.022334591451749 -0.158391669087364
-0.00667298519179639 0.0154420961426724 -0.0369125329565814 0.113109545363755
-0.000717845707221828 0.00410568953340528 -0.141152924327578 0.0397103192427327
-0.012285957308802 -0.0129211565593702 -0.195974418167227 -0.146454332849714
-0.00732913713637665 -0.017847315406974 0.0454523968467023 -0.329763212061432
0.0074609357932345 0.00160376164584797 0.420006114840347 -0.102004960065437
0.00620706985737756 0.0111922846791374 0.292783478633871 0.340021361795934
-0.00821955221880019 0.0105784602240252 -0.0764971327378039 0.323162696508625
-0.00710589933069086 -0.000566021283862995 0.00983731107320488 0.0491143602829993
-0.00529814392468431 0.00328342054158545 0.116736133289457 -0.264494116150716
0.00888639780083933 0.0192053799852136 -0.309794211650688 -0.384611144575867
0.0125707389749659 0.0115244664174245 -0.513598680598826 0.142533301702027
0.000956844939923342 -0.00957818272602599 -0.0210964437907005 0.421751187964615
-0.00601679219566996 -0.0146314020495388 0.254823076639015 0.161253222457666
-0.00199087202483108 -0.0040314659255841 0.186492790934395 -0.0774324052726319
-0.00609135521705611 0.00661894477186803 0.0223403756688956 -0.159852112770011
-0.00631408622650195 0.0157311988372819 -0.0379227991308392 0.112694310895686
0.00257160236782759 0.00442956086603643 -0.13723244034858 0.0375628944077193
-0.00962874018514315 -0.0121519022434071 -0.192183745628316 -0.151404711891382
-0.00710286916155295 -0.0156655750136498 0.0513959178047902 -0.326554008393587
0.00611834929714744 0.00165993143467881 0.422651805369864 -0.0892666178418078
0.0067155134237209 0.00891628667776371 0.288653980698351 0.348887298523368
-0.00670789137836085 0.00863112895001922 -0.0796010672709366 0.324164082396028
-0.00584886028261192 -0.00212078784848681 0.0098092698723654 0.0506092420899047
-0.00398595595285533 0.00147518870961695 0.115256730524003 -0.262416023339801
0.00959342352168953 0.0168334356482344 -0.312049339670483 -0.373990123780983
0.0106091652808606 0.0121589998969157 -0.50891905723891 0.156100299322114
0.000691506881376438 -0.00751241840989198 -0.0136117746229971 0.422899625278065
-0.00280156463983962 -0.013783745316352 0.257525056287759 0.155824702225569
0.00171047118989025 -0.00369975045766808 0.188657199501462 -0.0808309917147978
-0.00525384056370013 0.00733720042005197 0.021332996499337 -0.160100587713131
-0.00436622269514972 0.0153577975931694 -0.0379917588707305 0.11268246773752
0.0055163716504157 0.00562388678730973 -0.133843553925031 0.0372742350510094
-0.00573696814640821 -0.0082520122095865 -0.190066526384722 -0.153863392050113
-0.0071412859435194 -0.0125007249018628 0.050668672809832 -0.326042181959342
0.00412426592579511 0.00088137255400293 0.424213973286986 -0.0837927819968693
0.00615927076946238 0.00553791648416218 0.289817576611272 0.353074634111751
-0.00561036101951248 0.00667648161316846 -0.0797267344855385 0.324995421223698
-0.0047536156666084 -0.00324713326640481 0.0111526792407799 0.0512367625428445
-0.00292479059038673 -0.000633946196643392 0.11328522064919 -0.261912769975907
0.00836502452817046 0.0131419992731475 -0.314323126027889 -0.369191244464015
0.00833546697138868 0.0120932606006473 -0.506891750118712 0.165573492127307
0.00221699499420982 -0.00448945175999019 -0.0117298600151682 0.424178080807229
0.00213108344003873 -0.0111774155232736 0.259962514120468 0.15163427028973
0.00614629266918188 -0.00370070542501657 0.190230545520509 -0.0825855337342527
-0.00419066390317482 0.00619486673640944 0.0204730981683435 -0.159443020133206
-0.00215867619509089 0.0135290360680649 -0.0390939261582379 0.113540944070151
0.00795879516782782 0.00694299532419361 -0.131179650424572 0.0383740777270696
-0.00201056344015466 -0.00321566431093978 -0.191099367039833 -0.154546906940028
-0.00622880997120482 -0.00883185332824364 0.0459752864159283 -0.32582825319514
0.00118759469841672 -0.000700496812903407 0.422501035116428 -0.0838249042356052
0.00507862967966236 0.00074635824891562 0.293657373834403 0.351765523971257
-0.00463750087193803 0.00392381818479032 -0.0759924590857447 0.325578816374219
-0.00473181666347601 -0.00468985682946288 0.0118069330086654 0.0510856774518798
-0.00209554801556796 -0.00377740071745668 0.115661725011835 -0.261387550461771
0.00647951432250755 0.00840404307570779 -0.31024362265634 -0.370232690921804
0.00515802323347643 0.0106192254604637 -0.507491028509318 0.162487037490471
0.00389438044583026 -0.00161834343848996 -0.0176525168466177 0.425238639287917
0.00762076009998053 -0.00726572376968676 0.259051691696637 0.150902333990804
0.00964184472440585 -0.00297006516639573 0.193336064186025 -0.0823270885226773
-0.00187132246913772 0.00419949833889999 0.0209890048670194 -0.157571280014753
0.000487689161016219 0.00644469477203004 -0.0349785131508302 0.1224755087682
-0.00583497367607655 0.00535861866002243 -0.143487112070889 0.0570590108532757
-0.01027188880941 0.00132234408745626 -0.215685889995674 -0.119190665671501
-0.00126537023664798 -0.0125500576982771 -0.00530462578120243 -0.332527358194164
0.00323222335409377 -0.00554428093509528 0.388996502861898 -0.168729771561372
-0.00175283467533001 0.00212751914648767 0.326772600148076 0.276219505251358
-0.0118483803008844 0.00679641749527729 -0.0425733522028595 0.308671059975807
-0.0104427547360153 -0.00110658674506377 0.0136003330051091 0.0432015708615271
-0.00961770758411647 -0.00175178147941049 0.137251443973048 -0.265736745600451
-0.00179680596251378 0.00954754581679961 -0.267165054206576 -0.426322733175106
0.0078048318848946 0.00420418596841805 -0.527841557145164 0.0743436143584925
0.0114866574338625 -0.00568550056219409 -0.0709024674777034 0.409362029046288
-0.000755475941534843 -0.00157651216312202 0.232303138799395 0.181069906102189
-0.00803739223326339 -0.00366741041980416 0.181685759743009 -0.0611828999998837
8.42855089498026E-05 -0.00464587659924982 0.0203568870602342 -0.150974590589765
-0.00216707060919063 0.00955042618933534 -0.0348496262763617 0.119918265863975
-0.00658563334791924 0.00502777115309164 -0.144483778903417 0.0532904952145907
-0.0135307725141919 -0.00405065240499695 -0.210876002882845 -0.122939725553098
-0.00382248575626409 -0.0156562117197656 0.00659050639081977 -0.331597051034216
0.00569970923531155 -0.00368504380136317 0.395603186132565 -0.156492435454477
0.00118839066175841 0.00679479296104808 0.318854999054194 0.286934824272013
-0.0117502322144244 0.00927925371640015 -0.049101828394476 0.310674238338389
-0.0102259241073979 -0.000112556267350453 0.0132605010604414 0.0439542678033342
-0.00959798135753329 0.00115680436628371 0.131085093834369 -0.265222680580261
0.00147505604920408 0.0140005348591176 -0.279348660882756 -0.417526387089849
0.0106709481113927 0.00634829004980679 -0.523072555730039 0.0896861474033492
0.0083589063803348 -0.00842050403274693 -0.0566925791946462 0.410764025033996
-0.00485241366272803 -0.00723157327805215 0.237488976500764 0.176120206687223
-0.00873184735859967 -0.00414086078110915 0.180475087457913 -0.0647365081385296
-0.0026032586430769 -0.00131680679991403 0.0201033527618867 -0.153492392972501
-0.00390450363981904 0.0117223924555178 -0.0345677432642952 0.117113450351868
-0.00581959607032078 0.00412799010728193 -0.143677276187036 0.0487812200725633
-0.0153071573589848 -0.00830873946644851 -0.20629270373443 -0.129295801988615
-0.00558832464087919 -0.0172833396908989 0.0188789291698087 -0.330902138882713
0.00741065611392249 -0.00134123580934323 0.402372985743771 -0.139505417837493
0.00349709990105674 0.00969689635257173 0.309081218799449 0.302179714093456
-0.0109097109813399 0.0110255492892046 -0.0574892633888562 0.313724435358816
-0.00912866641210619 0.000477858016144224 0.0116254249056191 0.0455779807582435
-0.00856898221200007 0.00294232890382019 0.1241510942686 -0.264928069798676
0.00450328829461839 0.0175396329121325 -0.293048655818685 -0.403194331804235
0.0130758627314245 0.00821464116844396 -0.516872653434468 0.110510275566262
0.00532364003736338 -0.0106086560697141 -0.0419202744477768 0.413467490336039
-0.0068583186976593 -0.0115317954161975 0.242650304268708 0.169148657453231
-0.00793085737934223 -0.00470833309628638 0.181020702686215 -0.0699490441764319
-0.00418956617097236 0.00218270909734177 0.0198676872125599 -0.155273306830165
-0.00547347719901011 0.0142256522532611 -0.0340600278497051 0.114506836058021
-0.00342678446220051 0.00377618983374912 -0.140843480395368 0.0448623370836529
-0.0142219673743575 -0.0116882385418275 -0.200570149020008 -0.135253448437592
-0.0067875916409544 -0.0181340018617951 0.0306831624925976 -0.328331386518062
0.008102984909684 0.000197035192717613 0.407482214495889 -0.123268392184817
0.00519296708473048 0.0112864999360476 0.300992190750933 0.316402672313036
-0.00948115187676989 0.0111065345880887 -0.0651523639090276 0.317154656741349
-0.00814178383488004 0.000274454034742887 0.0111999029164655 0.0472445251042292
-0.00733927892090705 0.00375878731846768 0.11766772072172 -0.26382878910284
0.00756321103780215 0.019249871479106 -0.301339176263725 -0.388734417377372
0.0133356136851496 0.00993984150661946 -0.510348347038719 0.129459271725283
0.00279696472746458 -0.0106524729390416 -0.0263569509036437 0.415278524833208
-0.00768124606095241 -0.0140591680881632 0.248459006518863 0.162607093545052
-0.00551390259503686 -0.00459944233333111 0.181424145079312 -0.0750054349165402
-0.00576455935629508 0.00454266722415647 0.0200325236636721 -0.157398059411893
-0.00609734695345232 0.015261004627848 -0.0347088913157298 0.112856141642838
-0.000682398600370308 0.00353129095880776 -0.137937882945819 0.0409212197447348
-0.0128474839628172 -0.0127025214143296 -0.195451899974768 -0.141779796416999
-0.00722951885529222 -0.017600161965498 0.0395780564878863 -0.325804873790052
0.00770371378732694 0.00175156361193992 0.413389416480097 -0.105990789004054
0.00586662889114442 0.0110607183995999 0.294309320481578 0.3292610905361
-0.00795106688961197 0.0102885657967486 -0.0708862572977083 0.319082910543116
-0.0068896699661771 -0.000441183203980775 0.0102356075615606 0.0486043009342994
-0.00523250975936148 0.00322963359750419 0.112668240586263 -0.261436791688723
0.00923062529327091 0.0184765211493164 -0.309468414236431 -0.375521903502356
0.0128277021510561 0.0109865242143361 -0.503410320552568 0.147961778536937
0.00108532791476554 -0.0100006878301391 -0.01556700351442 0.416992324985567
-0.00633775478035241 -0.0147013102876579 0.253892912053548 0.154977120295233
-0.00196892586770552 -0.00442953139958715 0.18311705311887 -0.0790563093418924
-0.00636444553571178 0.00688770230710682 0.0196705493079301 -0.158187484809437
-0.00565393199732022 0.0156920991021194 -0.0352934589101286 0.112040854681416
0.00262774954513546 0.00431668949696824 -0.134475594966693 0.0388241132679371
-0.00935009890659554 -0.0114696344030204 -0.192025713315187 -0.146393171410899
-0.00779663105522842 -0.0154571617469737 0.0455034263347456 -0.32293786598971
0.00631008853461807 0.00153607970986717 0.41601892541961 -0.0943688532588541
0.0065655154097902 0.00854563576860743 0.28886917760282 0.339468905562112
-0.00625928410565313 0.00880918843049154 -0.0750441057576282 0.320434940090996
-0.00552165005779183 -0.00155301395523482 0.0108446761246233 0.0493453267843904
-0.00347354748868579 0.001507762611614 0.110131800295124 -0.260375414254831
0.00919924470152908 0.0165268851579816 -0.313598083064258 -0.365100655975926
0.0110387863092136 0.0118735709749982 -0.500717883120166 0.160810928137765
0.000740139027706414 -0.00763596603510424 -0.00840090148651694 0.417835129718901
-0.00294941230822969 -0.0135939534305623 0.25679124993196 0.150072196436506
0.00198095097941742 -0.00399295472764492 0.185438303104542 -0.0829893973267438
-0.00558752140390816 0.00725436469407555 0.0197758155589322 -0.158559558745328
-0.00397896075440537 0.0149728244893821 -0.0357898938548942 0.112843304772608
0.00564378424826941 0.00512431693917905 -0.131079803060845 0.0387118282982716
-0.00554466175768013 -0.00819053549861188 -0.190357850879847 -0.148843840399074
-0.00718273947723852 -0.0123476944178412 0.0456011583142295 -0.321915260204947
0.00412694955004855 0.00083899352579211 0.417148425872785 -0.0895099773660847
0.00620616920192771 0.00528252159037109 0.289691823995593 0.345311372484257
-0.00497170622283601 0.0062195787360147 -0.0740209179326743 0.321910685825672
-0.00476008124316772 -0.00289571651685031 0.011740618219848 0.0499961744981872
-0.00257324575093786 -0.00086032755010339 0.109363275750789 -0.25976488736884
0.00831388388325765 0.0126669238188719 -0.314946999588972 -0.35873996015528
0.00865389821297465 0.0118683129251984 -0.497881725619879 0.170387827848444
0.00153780798990052 -0.00465354012365599 -0.00565777761345414 0.418334879866227
0.00207298965905916 -0.0112638795342679 0.25840563081914 0.145791264927499
0.00595855043044566 -0.0031487924994709 0.186825029777994 -0.0844990286435606
-0.00397748784996799 0.00598653216584924 0.0184842885532751 -0.157584678247586
-0.00149395033922717 0.0134604562994219 -0.0367550904239817 0.113791644665962
0.00784880585974688 0.0062351675973618 -0.128354461457802 0.0394481455404718
-0.00192500140187238 -0.00327176706520105 -0.190536538789276 -0.149557945723554
-0.00639260895661433 -0.00841476451080145 0.0403966960283478 -0.321955495552896
0.00129176149713816 -0.00109311543086726 0.415197799258015 -0.0884940602063966
0.00444287952416973 0.000814151826120494 0.294931983340438 0.343178950420086
-0.00442151637857178 0.00391611477917594 -0.0706503658822969 0.321309154557756
-0.0045396098112157 -0.00430746448590626 0.0125188349935949 0.0505917556158916
-0.00212322660387616 -0.00358254469700654 0.111570743467697 -0.258603671438529
0.00625206020572585 0.00807909264416304 -0.310310061837394 -0.360683956948489
0.00499939360895016 0.0114509370169146 -0.49848865448584 0.166688030359056
0.0036691904293989 -0.000876988350465096 -0.010733782545391 0.419631631907466
0.00730085628493423 -0.00757251779769482 0.257233502939929 0.14502376453529
0.00943091469607632 -0.00283794597621618 0.18928524236992 -0.0837650752803249
-0.00201773290925419 0.00407432927863315 0.018710138298085 -0.155562139205144
0.000638964618659057 0.00617448219772597 -0.0329000485423278 0.122095647267319
-0.00576608096076122 0.00516362612490836 -0.140384413127648 0.058258327519051
-0.00997073781575034 0.00141036638905106 -0.214598321747464 -0.114779693879263
-0.00147196785266226 -0.0125390700195388 -0.00951614768679692 -0.327628686336397
0.00297515469087945 -0.00552335034494006 0.382418319558113 -0.170094893845119
-0.00181016719721506 0.00202324619024192 0.324509102391586 0.268189504487679
-0.0119937088931342 0.00671428685661128 -0.0390979742467454 0.304638429462436
-0.0102751134731866 -0.00111367260632723 0.0143742977590385 0.0427677647009839
-0.00999498608850096 -0.00171237243426705 0.132824154054738 -0.262757621653248
-0.00166638922790405 0.00869285682191533 -0.267397761352522 -0.418292262366626
0.00770722274051604 0.00423364018986792 -0.52005640696941 0.0790343813360553
0.0109134499831938 -0.0055544150995556 -0.0652866215994269 0.404291798615232
-0.000881176435293756 -0.00194811008121098 0.230883970301218 0.175938533408987
-0.00794367066373392 -0.00355805978998547 0.17850316544036 -0.0625533152359056
0.000534362210194008 -0.00470308390630633 0.0181568774428493 -0.149722936689557
-0.00124905733516248 0.00915783563029976 -0.0322819609970696 0.11960059732087
-0.00595421111575173 0.00498151268228866 -0.141289087645571 0.0543341073421678
-0.0132213310818423 -0.00362194529748196 -0.20964340913203 -0.118655574294295
-0.00366804291767703 -0.0153219899671005 0.00244255146736915 -0.32698451035562
0.00559736359764483 -0.00358073982925791 0.387758197191875 -0.158870733566539
0.00110736196538171 0.00641640823964914 0.316212454408801 0.279528480290164
-0.0114426082127579 0.00927299297104884 -0.0460388040670323 0.306716886352412
-0.0100499266581506 3.20438161092466E-05 0.0133505036246795 0.043581112280286
-0.00937733921774002 0.00128014077117644 0.127109602727743 -0.262429185660596
0.00163295638194543 0.0140400154054957 -0.280158533118257 -0.408162926889553
0.0106724005769292 0.00624955019145338 -0.515716247076094 0.0944905003808548
0.00854900205993278 -0.00851564290959939 -0.051339641419565 0.405830179757686
-0.00476162436421823 -0.00704790390295361 0.235274850458633 0.171496405319584
-0.00864674880407369 -0.00433106937242004 0.178003428480862 -0.0660230670781834
-0.00235357859901047 -0.00125028619202393 0.0181151238500571 -0.151802033270848
-0.0035865468534754 0.0114087908208816 -0.0325764924717669 0.116778647014045
-0.00537224715830406 0.00367547417745843 -0.140639945453359 0.0501090490806843
-0.0147490020913095 -0.00802052140634907 -0.20498817514265 -0.12527063090037
-0.00535258676510437 -0.0169165228080322 0.0153686824086848 -0.325592052550183
0.00717239762482178 -0.00136307498857544 0.395568923029056 -0.142209274502669
0.00327401965503595 0.00923949697285598 0.307280364913116 0.295026014513754
-0.0104917537812291 0.0106488221109752 -0.0547875313405334 0.309549708672676
-0.00919580328229958 0.000557552294219883 0.0119096442238403 0.0446133719750437
-0.00840276399139766 0.00295672184216425 0.120635595656496 -0.261594151606155
0.00455995878992374 0.0171798514604577 -0.291150275495715 -0.393989663320376
0.0127586832717186 0.00794539188300047 -0.508868856659316 0.113782369884556
0.00548827249021012 -0.0104069270248559 -0.0353583670258628 0.408492535188283
-0.00723756212705295 -0.0113392677101641 0.241398029424873 0.164828051636302
-0.00802738548688327 -0.00434584127288565 0.177408790627254 -0.070957947083421
-0.00450764062794169 0.00260447838363053 0.0182260686615034 -0.154030045190675
-0.00495312519371618 0.0136803687093346 -0.0321275048497279 0.114320438849759
-0.00353552179043852 0.00331317983566897 -0.138587302374945 0.0458985192718887
-0.0144234798328595 -0.0115828788544867 -0.199408800545007 -0.131507631788061
-0.00702668231977925 -0.017818313140312 0.0261619982065481 -0.323436258980113
0.00800932593281208 0.000547563387426883 0.401797012195371 -0.125985318120339
0.00539639721813032 0.0108200704755138 0.300125110040254 0.309514306534516
-0.0090152305055033 0.0110760103057833 -0.0613893203191378 0.312806134168482
-0.00803973669455706 0.000163438527224367 0.0108537819065748 0.0466117080327245
-0.00683636515892005 0.00371390716483058 0.113342669638544 -0.260236290331569
0.00784725305870211 0.0189885250630438 -0.301594999077773 -0.380246787274258
0.0134796127466721 0.00971552693962181 -0.502834820186445 0.134036462777128
0.00226428282799426 -0.0106612967937581 -0.0211773089441809 0.410099366810638
-0.00762510949449189 -0.0139210482926019 0.247213999314665 0.156591982169631
-0.00594237956339757 -0.00440320579630898 0.178618040648703 -0.0762742547601983
-0.00553526460625049 0.00470534640923812 0.0176176235526327 -0.154902436054023
-0.00567893721240853 0.0151322396691864 -0.0326316004244513 0.112725559963557
-0.00100740496689163 0.00359619828807302 -0.13580264320099 0.0423106495295245
-0.0121005225429711 -0.0126770940416312 -0.194135356722607 -0.138077178662064
-0.00775240887293391 -0.0171841050723333 0.0355907636207715 -0.321341276652889
0.00776381805929331 0.00132062938045906 0.405831450517849 -0.109085852548647
0.00626398924258666 0.0104634448092165 0.293531557410389 0.32245311688796
-0.00795848200251907 0.0102284735454163 -0.067490890375883 0.31485507288504
-0.00686899904450583 -0.000327708353725096 0.0111161040594387 0.0477840430635166
-0.00541825208159471 0.00299377559716037 0.10860189415211 -0.259193592144119
0.00912831109428467 0.0179639453003939 -0.309119734228956 -0.366770191788136
0.0128808186244686 0.0107426402761277 -0.496496612854375 0.152037652557217
0.000864929762384016 -0.00952831612156479 -0.0103831738103059 0.411575175426225
-0.00602042013848323 -0.0148703357506403 0.252000579388187 0.149762609958813
-0.00237044448808128 -0.00415783253903084 0.179933289356821 -0.0809862750320807
-0.00571095046037428 0.00672806483602882 0.0172363390859372 -0.156554905945273
-0.00503022312794869 0.015779433264296 -0.0332694882677048 0.112024414235467
0.00238834809035274 0.00376526067832158 -0.132025004218813 0.0399913717108192
-0.00979284283098186 -0.0116057982126663 -0.190431786391331 -0.142057912460206
-0.00775780299308168 -0.015379778711426 0.0412361239137669 -0.319018208683698
0.00627212147042742 0.0016546352855623 0.409172461402561 -0.0962429475237151
0.00636117563081417 0.00834636041254767 0.288345919538508 0.331915822159981
-0.0063586360291247 0.008784319669413 -0.0712476866935753 0.316471401509381
-0.00569429404942123 -0.0017986792926498 0.0111572440600436 0.0486930187784788
-0.00357061872927248 0.00174181655232169 0.105962123740039 -0.257819980920127
0.00967216514766341 0.0160625652191983 -0.313110939664765 -0.356428624878967
0.0111483224128352 0.0112399516064023 -0.491262369450342 0.164023551478231
0.000342993361817374 -0.00754464708192792 -0.00355017608767922 0.412528265883125
-0.00267969348827155 -0.0138223885012882 0.254472557128694 0.1446927064888
0.00167104198711351 -0.00337166049817394 0.18173398480116 -0.0830360042830988
-0.00542861386806047 0.00690454878260114 0.017185472575085 -0.157250720393831
-0.00352338000765084 0.0150796251614473 -0.0339326389803395 0.112120454224751
0.00534560772769399 0.00473839924277588 -0.128292915792829 0.0399356352281257
-0.00578994045380212 -0.00792899142209205 -0.189500408613277 -0.144755029642495
-0.00714623867907982 -0.0121116880201858 0.0415163736633518 -0.317882428197326
0.00399476150207859 0.000882849658321647 0.410231919273593 -0.0919864666934857
0.00594872001499202 0.00493493395212607 0.288561836269979 0.335651650119012
-0.00516555090372174 0.00652096396639621 -0.0703890109567978 0.316613500643246
-0.00437663691578902 -0.00308427475043701 0.0118830500843285 0.0496449010533449
-0.0026629592363769 -0.000632012201488833 0.104636199276902 -0.256817939705266
0.00818164556182595 0.0122831446113177 -0.314698643123033 -0.351400523052008
0.00868861441700387 0.0113817068130478 -0.489044148743464 0.172019818126316
0.00114839398265783 -0.0044424351035691 -0.00169420510231893 0.412830427212353
0.00197955970200985 -0.0113787639473599 0.256377279387729 0.140251761559152
0.00579152868101035 -0.00324866647639716 0.183374440074084 -0.0855835256671373
-0.00371051677057164 0.00635042109352341 0.0158236040596006 -0.156319001415971
-0.00108729737246664 0.0135291303826998 -0.0348589209076552 0.112929796461616
0.00789699851309465 0.00572711101406305 -0.126044223489858 0.0407386775325394
-0.0016260495232573 -0.00373162502755019 -0.190396838286062 -0.145961741896686
-0.00632655997593718 -0.00829822879141165 0.0367331537741016 -0.317590790508775
0.00127709681194828 -0.000956178491523657 0.408593063930307 -0.0913099582680099
0.00464727070647989 0.000659063279903447 0.292759049476502 0.335461979627889
-0.00435102110569522 0.00413231344145406 -0.0672859669165177 0.31674847118703
-0.00462039219377888 -0.00490277711881494 0.0124358180254438 0.0497474294429471
-0.00227292046404555 -0.00391615067175165 0.107501483934726 -0.25613099147597
0.00621531111698503 0.00744645954393195 -0.309879997172487 -0.352049802734914
0.00544724841859031 0.010577441037798 -0.48962009785232 0.170505436603046
0.00331341677582626 -0.000948308238069286 -0.00732253815471814 0.414074432941373
0.00714091104764225 -0.00747799727040417 0.25566957688831 0.141262904854798
0.00917345474076497 -0.00307924081150326 0.185896485811611 -0.0845087977815615
-0.00135907690816361 0.00421566668161748 0.0162655328892895 -0.154401877202673
0.00155105269116618 0.00605075878915919 -0.0308578115958637 0.12115470151724
-0.0058614631367954 0.00513905488623848 -0.13736839421009 0.0585336957911762
-0.00980890737672013 0.00174680193452657 -0.212582926746997 -0.111320700100619
-0.00174584246110198 -0.0121583107139941 -0.0123366075592624 -0.322590646206396
0.00315057985107888 -0.00582661813574409 0.375349788821278 -0.170716006690018
-0.00180013191171323 0.00217137004003329 0.322080930114861 0.261642063663191
-0.0116593601707476 0.00698995145645191 -0.0364688134230564 0.300149507337855
-0.00997452741866828 -0.00126784875940193 0.014542507013854 0.0423596249892258
-0.0102567475593632 -0.00195715872252122 0.129417826454894 -0.259727376020496
-0.00196270601399045 0.00873475521730953 -0.266869658615924 -0.410848123049876
0.00748133052560255 0.00434580035289467 -0.511127610712379 0.0829572423704118
0.0106814706243139 -0.00575733124725779 -0.0614230944329905 0.399448721446956
-0.000706312893428515 -0.00188557190944677 0.229151599986803 0.171307099256742
-0.00784761378741351 -0.00368492921707885 0.175762323725218 -0.0629025602125347
0.000370181690809702 -0.00433308941670453 0.016786801221891 -0.147765483047627
-0.00173065308986422 0.00896898403756224 -0.0311270824955845 0.118770078798136
-0.00620608029127395 0.00436668806022649 -0.138717171223191 0.0548010116262208
-0.0132825343142112 -0.00381141244140116 -0.207705511434614 -0.115208553733641
-0.00384457881982586 -0.0148310918580992 -0.000274636103002035 -0.321974680220991
0.00575403327106791 -0.00356672865651035 0.381166952667089 -0.158809253079769
0.00122384028560066 0.00621945741213566 0.314354272922248 0.273335320173331
-0.0114357382153185 0.0095695892211838 -0.0431399066419485 0.30299255571103
-0.0098302724250254 1.99376780735754E-05 0.0136849221456843 0.0429533865730533
-0.00910304818117603 0.000795946674070056 0.12316243931695 -0.258942673649306
0.00165517111452059 0.0133791601815551 -0.277625386611778 -0.399703171430636
0.0104216175658538 0.00597859712157584 -0.507304126864737 0.0969967271244501
0.00755740289695556 -0.00887067234869847 -0.0470218189206357 0.400289938787147
-0.00475753416078076 -0.0071423402595994 0.233809666880476 0.16679088863617
-0.00883313641102608 -0.00400026049728937 0.174911900316785 -0.0669858724016403
-0.00247771529880438 -0.000798179625090421 0.0165395241899705 -0.150157969496125
-0.00316310951798741 0.0120146862192776 -0.0305495666346696 0.115842362556041
-0.00512176289706059 0.00369578381091089 -0.137951017178276 0.0500658158611419
-0.0143872168406959 -0.00823753542121861 -0.202546647879956 -0.121475675552686
-0.00584716488930237 -0.0168356334263276 0.0117009211664886 -0.320662257683426
0.00711422054621644 -0.00151081674696736 0.387887094541984 -0.143939491403183
0.00337240791738612 0.00921794636417157 0.305314332655631 0.288626234788518
-0.0107251371787259 0.01097172339925 -0.0513848707725158 0.304836609756696
-0.00892022139857084 -8.66741842269361E-05 0.0125557913997311 0.0444267911223244
-0.00827069482851641 0.00256404661741205 0.116743393208098 -0.258230021597142
0.00492281717256725 0.0160648930620073 -0.289897902304326 -0.385303648399316
0.0129069496995331 0.00770549170983379 -0.500190980477329 0.117380141475097
0.00459948500973338 -0.0103449789628175 -0.0326143942414973 0.402710428006935
-0.00731953349024877 -0.0113138215525927 0.239042401405015 0.160663507504696
-0.0077120912756215 -0.00467498707976123 0.174936858934001 -0.0720310204754768
-0.00439731342116277 0.0023735667507691 0.0165298126994106 -0.152313734649904
-0.00484879767703355 0.0134970945644982 -0.0305426102715807 0.113516067993444
-0.00341542205366827 0.0034407600876476 -0.135722681386726 0.0465672606221111
-0.014120300735834 -0.0113465235328883 -0.197410710174188 -0.127347771798399
-0.00709390405639474 -0.0175387543914945 0.0229168633522263 -0.318595724693501
0.00738360891964806 0.000303643124065105 0.394500491276722 -0.127289543958672
0.00542599573427838 0.0104942088551887 0.296361864844356 0.30162977564826
-0.00940549907576283 0.0113011022109543 -0.0582052206465813 0.307805789313701
-0.00780315493110678 0.000618253406182745 0.0115112885864295 0.0461703236385127
-0.00665711004174912 0.00381847641783903 0.110452933658123 -0.257026618525598
0.00718331779596412 0.0178717693493698 -0.299350356871861 -0.371301923191395
0.0133350769080759 0.00948597822983189 -0.493429291966652 0.135054379216145
0.00208682065373571 -0.010970576731457 -0.0182071144943188 0.404324385165164
-0.00753390911415993 -0.0139247521353606 0.244723383854053 0.152644544589201
-0.00547001910687064 -0.00376425064067978 0.175720024323063 -0.0766136285576409
-0.00552332846865739 0.00479299077779692 0.0160531835294392 -0.154213599695547
-0.00525199418210905 0.0149855823678792 -0.031477839357782 0.11223895422753
-0.000825998938622094 0.00320173192139526 -0.132878354264842 0.0430067966995863
-0.0128388689895943 -0.0126160588078965 -0.192585813823331 -0.133847665366193
-0.00758281463464931 -0.0170467277575842 0.0325668895319487 -0.316143647454067
0.00746176679857475 0.00125908676980238 0.39901568226491 -0.110666971181443
0.00635790793552172 0.010302820952842 0.289481632184307 0.316301130645891
-0.00784996136488528 0.00966817956571215 -0.0643191455617773 0.31011703014427
-0.00660199695311298 -0.000645290586335476 0.0116521124911687 0.0474478502030397
-0.00521960367341502 0.00330690134750927 0.105299973494212 -0.255973571937882
0.00924435237098993 0.0179684111084558 -0.306411119061888 -0.359080698379139
0.0127114281303152 0.0104001555426639 -0.486870578142734 0.153323911318448
0.000594429220348323 -0.00958766312181315 -0.00720117843410508 0.405100879950341
-0.00620257573161758 -0.0142297609334411 0.248948999207831 0.145662466477594
-0.0024140368858193 -0.00377560563777529 0.176852148183401 -0.080758381985467
-0.0057309644272625 0.00630089433259587 0.016255259518048 -0.155331315083318
-0.00489542553329457 0.0152596024649374 -0.0316280674606545 0.111355737084947
0.00275008423324331 0.00365024394438499 -0.129400533423657 0.0403464672505638
-0.00963847038057587 -0.0112183011769726 -0.189115705220981 -0.138061799181527
-0.00725072941635973 -0.0147304149328904 0.0377315367800334 -0.314261236512111
0.00611883157913322 0.00130804308872611 0.401852037229389 -0.0990881997273384
0.00623717220304048 0.00828984844594002 0.287218349548447 0.324722423585014
-0.00666629277476978 0.0084526558285204 -0.0680494041816803 0.312041853093364
-0.005383087929413 -0.00164166423435978 0.0120525259375158 0.0484955913797803
-0.0034609726341464 0.00131922029955781 0.103142015420004 -0.253874824183769
0.00915616531401362 0.0155193106137519 -0.309707965785714 -0.349235714950035
0.0109444828552728 0.011349216937857 -0.483896864909971 0.166504003226415
0.000344034571570225 -0.00715290565633941 -3.37024843146879E-05 0.406329950010615
-0.00299346459039828 -0.0134879300004957 0.252247108096797 0.140521359465684
0.00162590209388252 -0.00390953687788243 0.178520155791299 -0.0843499163234557
-0.00470748909657079 0.00719372192441232 0.0153799402485144 -0.155204893479345
-0.00307542949193655 0.0146668749588339 -0.0317716071646382 0.111248021045576
0.00567700061636651 0.00473246128033328 -0.125809391007308 0.0403961926164939
-0.00589500582125731 -0.00814161003463793 -0.187365017578142 -0.140706384772006
-0.00727289665251431 -0.0119562451770187 0.0376177691622951 -0.312986455690196
0.0036631091309535 0.00077348133095381 0.402525753166715 -0.0941896960136146
0.0061410669862937 0.00461191316825448 0.286701891813045 0.329654467655561
-0.00521395316980335 0.00634099784541283 -0.0676815372410514 0.312846197473366
-0.00463612297478421 -0.00306147082767569 0.0124419697042736 0.0488387188890674
-0.00216003809036936 -0.00124133531541846 0.101706408039326 -0.252972097516235
0.0083041930481256 0.0119675381516122 -0.311920015435714 -0.342297243280099
0.00869371578647959 0.0107590806951817 -0.481205216752808 0.173449630514015
0.00131098324081091 -0.00393247869423702 0.00151354002440716 0.40685844035583
0.00138152185379544 -0.0112313776455595 0.253437064423767 0.136064713321169
0.00531462256865147 -0.00354956420883086 0.180181626067714 -0.0856331918478691
-0.00384283056248319 0.00609212768042235 0.0144280467310058 -0.154150027380766
-0.00104332212332872 0.0129834792801819 -0.0326542215462363 0.112602921520108
0.00786377715153226 0.00554585337189958 -0.123057015055061 0.0408307413289175
-0.00164457641588709 -0.00363642909098614 -0.188380617675789 -0.14162916192196
-0.0062205659041017 -0.00834487514752057 0.0337431514697794 -0.313041869152931
0.00120458451204514 -0.000844100457851775 0.401783522116712 -0.0933303345233679
0.00516556002924538 0.000483268913440854 0.291712083123485 0.327584314795786
-0.00467287226430131 0.00404838006676317 -0.0640517426886141 0.31267357424966
-0.00406526302404989 -0.00457657741504726 0.0129762785968993 0.0488554977705738
-0.00204422759687339 -0.00378006192866674 0.10459665536439 -0.253089150573611
0.00624512688112815 0.00737526139652572 -0.307641342686873 -0.345512088749686
0.00558236216218348 0.0107320702107383 -0.481187540823991 0.172604696291633
0.00321300765651368 -0.000969202365023005 -0.00394901855081248 0.408132387373537
0.00682481402035179 -0.00721198608070544 0.25293329930086 0.135974432672417
0.00859148447953122 -0.00286257369335591 0.182475399458385 -0.0854855893947947
-0.00167316271048815 0.00369327138974193 0.0154041463079513 -0.152509065493774
0.00130097619665969 0.00594396044664416 -0.0295531595139429 0.12088734588447
-0.00591296327310965 0.00502508667371631 -0.134597421643263 0.0590910804847936
-0.00994430305873438 0.0010851972102895 -0.209696196841949 -0.10799511532705
-0.00172979610549787 -0.0121078468227522 -0.0134902229944712 -0.316921749744477
0.00304021311226815 -0.00559629019649255 0.36861238013687 -0.169901543909467
-0.00116001815068843 0.00202815917184381 0.317660721583975 0.256555804246942
-0.0116118965923105 0.00727641208310915 -0.0349753650407517 0.295870942382119
-0.0100223692660334 -0.000895409797057197 0.0147076465458995 0.0416593409081564
-0.00989449627430064 -0.00159483123333007 0.126958218348938 -0.25569161438007
-0.00225125163711911 0.00835462313335278 -0.264944060716534 -0.402954905725475
0.00780262293834635 0.00407713083742266 -0.503395883573081 0.083349729151305
0.0105972927054348 -0.00586661939140064 -0.0583006810522653 0.39360642752661
-0.000840272824648145 -0.00197115701917611 0.226273956452809 0.167846219289012
-0.00798474954837373 -0.003381013316337 0.173024372889996 -0.0631054397261637
0.000111853197618012 -0.0043101652041301 0.0153922554594267 -0.146083535249336
-0.00101674435454477 0.00858511920255807 -0.0292117332555914 0.117672952794894
-0.00582336745428056 0.00419096472306284 -0.135825862708682 0.0546346731695479
-0.0125849969235013 -0.00370153644435865 -0.205962765455609 -0.112494594860992
-0.00361552814498187 -0.0142719050206855 -0.0020541796531582 -0.317246559296662
0.00564783431553464 -0.00357704171534977 0.374877875805029 -0.159201686467036
0.00115220899573048 0.00600951673652101 0.310691076751076 0.266566647901061
-0.0113306591847468 0.00946199789859814 -0.0411400747807113 0.298337037778498
-0.00972618214052896 -7.86111670873552E-05 0.0135696598781847 0.0426198855507056
-0.00905835260891484 0.000780972930245531 0.121850336035596 -0.255034946213207
0.00131257027468737 0.0131086486123088 -0.275717520687125 -0.393277150090268
0.0105428760334711 0.00602760644220414 -0.499086473140334 0.0984071461036586
0.00772223824816432 -0.00870733433310277 -0.0451682726537678 0.395925667021785
-0.00472633471232016 -0.00709342269700112 0.230803097318307 0.163185120150228
-0.00892367206034864 -0.00444628420776126 0.172396821103826 -0.067133841416383
-0.00234561059764409 -0.000942660882990392 0.0152751844908098 -0.148970633509713
-0.002879912280051 0.0110399619584812 -0.0293096853854413 0.115783824100311
-0.00533313843080007 0.0039686106494352 -0.13548177249374 0.0507329496586511
-0.0140982613884408 -0.00802734412794257 -0.201094964462079 -0.118137701101871
-0.00575491881630896 -0.0165107794285016 0.00943508872239551 -0.31555311417776
0.00719271443164273 -0.00169254249438862 0.381939632429879 -0.143202212501529
0.00378583774373006 0.00899677897142521 0.301271930537967 0.28102669078054
-0.0105927537909308 0.0106257414993823 -0.0498371099898021 0.300577558640347
-0.00894879716375958 0.00072984989495672 0.0125525532458387 0.0436740073030918
-0.00829543480161599 0.00259123160201377 0.114619822520767 -0.254334088603138
0.00476031309862903 0.0160338231656902 -0.287830253556231 -0.378979968288755
0.0124711204727771 0.00747927406907643 -0.491870408435053 0.118136323192857
0.00435313807590967 -0.00993687112641665 -0.0301461093652756 0.396566321620109
-0.00738121395058311 -0.011404456568142 0.236280077245856 0.15651040563857
-0.00787215076959169 -0.00432917668569042 0.172281609975043 -0.0714958716812282
-0.00430901155991753 0.00228256845333027 0.0155671793289285 -0.150878458283279
-0.00441574224137632 0.0131480471862347 -0.0295020060205673 0.112927209491795
-0.00343106296952835 0.00308788344175547 -0.13337427520289 0.046032005342324
-0.0138002354081126 -0.0111209091601318 -0.195119369579707 -0.124583873184507
-0.00698326475988503 -0.0173485552743108 0.0218476891816046 -0.313934851923855
0.00815395891449501 0.000450364308288482 0.388073759816585 -0.127090970487011
0.00518180076178514 0.0104266786856523 0.294689021870872 0.29568853682216
-0.00921486199056496 0.0109115566362436 -0.0563354952083262 0.303442658049989
-0.00776156143925429 0.000224244454297145 0.011770640545807 0.0452364881869665
-0.00650501270306667 0.00337727035344957 0.108506103965703 -0.252911209823746
0.00740972714289122 0.0179477052819291 -0.296007096187829 -0.365255154485919
0.0131990168950222 0.00913651153256645 -0.485698032027232 0.136309919498607
0.00216300599437355 -0.0106184540835616 -0.0150358516164506 0.398958311138584
-0.00739838598162758 -0.0137752360932788 0.241734327789545 0.150061815127701
-0.00590464465032552 -0.00411845978556936 0.172597698409446 -0.0769717952103857
-0.00519265681009686 0.00483223346879464 0.0145328616068541 -0.152170806131345
-0.00472038721458017 0.0147415657260603 -0.0298091138726772 0.111424601888232
-0.000440610278302237 0.00271776388789252 -0.13049522878708 0.0428919967595494
-0.0124575267326521 -0.012156764890412 -0.190501697694738 -0.13110272805506
-0.00764396264607307 -0.0165567516151214 0.0305315157329958 -0.312068133086165
0.00743520937292527 0.00121970460142386 0.392244524554996 -0.110714935640245
0.00624499899721257 0.0100516355202469 0.287434239317287 0.309872504621993
-0.00782382699881838 0.0100485493003394 -0.0622258314526733 0.306032268350873
-0.0064041459670188 -0.000620551091709666 0.0119731647484642 0.0464083633180018
-0.0046547766138407 0.00248723054207161 0.102844968691471 -0.251818792686506
0.00878286244687335 0.0171172939504829 -0.303845337132263 -0.352922409880126
0.0128522620532546 0.0101899308541613 -0.479857986352867 0.154146896447646
9.88950571129458E-05 -0.0093921543583982 -0.00466572708795836 0.399991332633791
-0.00637900747797317 -0.0143169469847497 0.246468662187238 0.142312368285674
-0.002649251859635 -0.00395759254992007 0.174218673119181 -0.0810042268944152
-0.00597276067998261 0.00640150019291086 0.0149535228510811 -0.153524961421347
-0.00437739658490437 0.0145392072390365 -0.0310240459572239 0.110489601807869
0.00283378143397954 0.00344435254122327 -0.127401786872152 0.0406011776604317
-0.00937906592837333 -0.0112143058043088 -0.187138554124053 -0.134628002011798
-0.00790654775459774 -0.0144269050699598 0.0356027232354292 -0.309085920328142
0.00567665815269248 0.00160320827949764 0.395211428168744 -0.0994829715308206
0.00651317623835814 0.00787637375997439 0.283924775492431 0.318497508776603
-0.00629574505978086 0.00810627909217026 -0.0650134924115465 0.306989023588022
-0.00533446763425284 -0.00173047507167955 0.0116933953878656 0.0476493720705268
-0.00354606007805673 0.00124258837093446 0.100802552494545 -0.250220133091844
0.00928117497202314 0.0150925188906219 -0.307744044910924 -0.343121407986024
0.011030181853715 0.0111788874303256 -0.474276512938794 0.167189048070944
6.63792510132996E-05 -0.00722924741774076 0.00212283694612207 0.400815740273931
-0.00341020461990447 -0.0136963747830209 0.249042601403089 0.136971349174024
0.00149516200606725 -0.00331138690434347 0.175413334635328 -0.0842236443857464
-0.00483791928536445 0.00726877164059475 0.0142637152516011 -0.153491711220152
-0.00303777179480303 0.0141442283631824 -0.0305890639223434 0.110870965339048
0.00560390902335062 0.00416385918105599 -0.123663918381623 0.0404549992449495
-0.00532082150389059 -0.0082242444437203 -0.186029541452206 -0.137357833964084
-0.00737433632123302 -0.0119089122462098 0.0355553428383787 -0.308674958514386
0.00389912586951239 0.000580041617481983 0.396893372775034 -0.0944385491670588
0.00623554662319423 0.00445409064476826 0.283546035013249 0.322489852328659
-0.00504285156511496 0.00634736558739409 -0.0650452290251845 0.308071594381338
-0.00471948154465531 -0.00310466920242205 0.0127671003657181 0.0481017141209137
-0.00255323689265351 -0.000662538871622596 0.100156693922112 -0.249558971482531
0.00789814362565712 0.0118684714942386 -0.308930667776578 -0.338957019508255
0.00873888245351395 0.0109428376351978 -0.471704657286228 0.173568990664513
0.00110713427469431 -0.00452137360762737 0.00375419238590801 0.400788566548474
0.00145862995328936 -0.0113384711905214 0.250400217861078 0.133191322223035
0.00503635476289337 -0.00310970578075479 0.177789720057789 -0.0859729652968754
-0.0035369857734771 0.00601618366389743 0.0138318600851765 -0.152882690363486
-0.000492301043699148 0.0127923970045895 -0.0312938285888395 0.111749303941676
0.00758474263364622 0.00515495965209211 -0.121204555428541 0.0405643493391806
-0.00179723577101161 -0.00380036744418793 -0.186874654287324 -0.138350217299446
-0.00634109482425243 -0.00780800743851244 0.0314838558788554 -0.308101398205734
0.00115658690943258 -0.000709222575425533 0.395635642389086 -0.0936276206856349
0.00490385662122485 0.000227253203626224 0.287500765839953 0.321023715053863
-0.0045881399393812 0.00403449966368417 -0.0619612908888296 0.307636420762904
-0.00438346348325163 -0.00443116272944889 0.01366854761755 0.0482489309847293
-0.00217366248747194 -0.00355930733466769 0.102313926287136 -0.248901557810651
0.00617550136878267 0.00708308305425526 -0.304333376934427 -0.33902676767536
0.00566709429694211 0.0104439062126974 -0.473128664143313 0.170659596274621
0.00312575639086079 -0.000797999896244249 -0.00172621233677061 0.402689609920003
0.00695848306494923 -0.00789562843117389 0.249297280351711 0.13283800844163
0.00868023755855233 -0.00304706160954591 0.179836891793124 -0.0849327663048498
-0.00155157776017382 0.0043049247682526 0.0135859962184351 -0.150825514085559
0.00145520389924109 0.00539863186246419 -0.0283337297834186 0.119827638516346
-0.00539242149463978 0.00469527043535443 -0.132780435137293 0.0583757999117736
-0.00948775323456024 0.00105388437206477 -0.206801531644571 -0.105839279123525
-0.00194318750247488 -0.0118404118372656 -0.014141345304152 -0.311957153575481
0.00292146788610558 -0.00558374241723048 0.362595252537064 -0.168361242931821
-0.00147001722197436 0.00184024940454163 0.314672718906097 0.251056597523957
-0.0119111543094445 0.00678884794820507 -0.0336226007839697 0.2909887383532
-0.00996352685106585 -0.000714425876837463 0.0145828939673221 0.0414769011921251
-0.00937056281168299 -0.00157662839199667 0.125344482201366 -0.25279369864269
-0.00227493651839821 0.00795743913299731 -0.261438807092909 -0.397010791977305
0.00740811621975169 0.00381782017162145 -0.495816994626352 0.0842536484446868
0.010334043581157 -0.00574996350400336 -0.0566227860491853 0.389363090344146
-0.00132380203157996 -0.0022858013411669 0.223784526690397 0.165576731639372
-0.00815284989825501 -0.00317498194299651 0.170103317899155 -0.06282788970989
0.000197813084142067 -0.00433229783344921 0.0145711586468197 -0.144830203087189
-0.000910235473045041 0.0079442216732963 -0.0283940723317314 0.116962405664827
-0.00615912838769419 0.0039455366394397 -0.133451820318545 0.0545813430287028
-0.0125607254109182 -0.00378145833868976 -0.203458469274867 -0.110102170921382
-0.00390468147660043 -0.0144494546502084 -0.0023333163185855 -0.311625639096712
0.00531115196120105 -0.00359232820655029 0.368535432512563 -0.156923548034753
0.00126440877022909 0.00603320200097726 0.306683548940151 0.263220209790007
-0.0108452328657286 0.00963779361885842 -0.0407205757204458 0.293523711678059
-0.00943318870644734 0.000218260999299939 0.0132788270744398 0.0423488168074467
-0.00907282715093595 0.00088390210538434 0.119474544172497 -0.251911694879192
0.000971725393948197 0.0128443357249634 -0.271218780902999 -0.387260072346909
0.0103841979309456 0.00579576053406487 -0.492495297322976 0.0979399516398297
0.00705082632107846 -0.00827576164517102 -0.0439056989318541 0.39071515151379
-0.00446828409498156 -0.00720025199192911 0.228497355756144 0.160738464077656
-0.00901390485693373 -0.00391756757028996 0.169849626501487 -0.0668610471573519
-0.00243014570231832 -0.000716627788028431 0.0148977202241241 -0.147098369675119
-0.00263668277611883 0.0105959190278923 -0.0278665726177553 0.114494793177896
-0.00532984395117993 0.00360219246765596 -0.132798433048107 0.0506277691282523
-0.014272323134327 -0.00773102778235157 -0.198427110004926 -0.115996542416939
-0.00578497624186977 -0.0160502994161382 0.00887051800677338 -0.310800515388034
0.0070741261323429 -0.00157879499557104 0.376160492411338 -0.142049218267431
0.00323889110255535 0.00874525842937267 0.29877228258574 0.276840587485177
-0.010342124750472 0.0104003629434027 -0.048069191173461 0.295641860449934
-0.00872495399586767 0.0003514766305111 0.0129221421331942 0.0433659511147872
-0.00808534341680267 0.00292684764642338 0.112980583903787 -0.250769326160412
0.00468029667849792 0.0155386041645608 -0.283130794052728 -0.37231175124367
0.0128151517584616 0.00741368607073146 -0.486133062693504 0.116765971007729
0.00489633408195219 -0.0102718358445631 -0.028989200346932 0.392640640126147
-0.00703820308249406 -0.0112370180761065 0.233696026589322 0.154285191490101
-0.00818755976343262 -0.00419311906067937 0.170311028616008 -0.0716984751251844
-0.00412351350250207 0.00225462841361766 0.0149059755382749 -0.148818819403586
-0.00419323276447314 0.0126387874166501 -0.0279533211575237 0.112216103828839
-0.00321734319040126 0.00286565926463432 -0.130831565619247 0.0464620200474863
-0.0135589790800083 -0.0112631876795051 -0.193386923278078 -0.122043100702143
-0.00721918589945197 -0.0170108131625453 0.0203658227054269 -0.309254214223809
0.00748117258075245 0.000477506469218591 0.382674834042844 -0.126417843398547
0.00542816829940706 0.00997849921484656 0.289943576677949 0.290835134102894
-0.00889248021189117 0.0109191540936564 -0.0556206389567783 0.299250164304422
-0.00716402020345541 0.000126479872139502 0.0119679468933294 0.0446791751191095
-0.00674902095188002 0.0036367141362249 0.106622298148215 -0.250002186178758
0.00707213981147747 0.0172754858977626 -0.292483128990944 -0.359428821879277
0.0133678516350308 0.00901076981424472 -0.478053941069983 0.136022829386632
0.00254977629307294 -0.0100211507097366 -0.014414329953898 0.393746940879429
-0.00796641290825434 -0.0133301304090036 0.238476679082229 0.146815425732652
-0.00555615752404452 -0.00439828590167833 0.170402289138956 -0.0766208822421708
-0.00522541376026543 0.00467952408204352 0.0143292489182577 -0.150342419241033
-0.00450790268828551 0.0142667779801809 -0.02844629360227 0.110821711745415
-0.000760402586345571 0.00269478063704097 -0.127933099227895 0.0428487861863365
-0.0120536752393605 -0.0122866425114928 -0.188472980634023 -0.128569621380664
-0.00755416486498408 -0.0160286271609926 0.0290069880018082 -0.307170564703023
0.00753630575546437 0.00108596669949004 0.386746796980807 -0.110830875737509
0.00611056948022589 0.00998541407127064 0.284407433010648 0.304460388064291
-0.00733629333762445 0.00995609714304492 -0.0606949900368482 0.301106972178926
-0.00655566187546445 -0.000509888006193953 0.0121245406687555 0.0463965938846004
-0.00515135199628088 0.00304539964736372 0.101418626008925 -0.248431259344665
0.00869971828734446 0.0164498340001321 -0.300337708260238 -0.346050025672313
0.0128717226676138 0.0104594367082944 -0.470900715394914 0.152962805130137
0.000494394492919599 -0.0090322938898014 -0.00451562569356672 0.394762049825559
-0.00601870914223217 -0.0145799253423591 0.244078670375402 0.139933488840148
-0.00255547265204091 -0.00388354056109508 0.171380801295419 -0.0803597075652437
-0.00534622725541299 0.0065859961500185 0.014159801929868 -0.15140944349341
-0.00404695915005871 0.0142684434731088 -0.02917519170248 0.109655737751738
0.00239256113733293 0.00320917145250193 -0.124663427326668 0.0404371825906759
-0.00903778620296232 -0.0112852469538456 -0.18507540794622 -0.132954175055209
-0.00794966859725479 -0.0143961731521957 0.0339338690630771 -0.304410116935391
0.00575194094492917 0.00123912295008312 0.390143797341882 -0.0984314652198757
0.00683602156400006 0.0077114368235396 0.281314530929526 0.312704862146501
-0.00622395668599905 0.00838634631192938 -0.0644311677519632 0.302120733392452
-0.00514174163107236 -0.00150120035430535 0.0118952786065839 0.0474455445573522
-0.00366279525499309 0.00150239783255924 0.0997398115537244 -0.246639805694817
0.00890619688430267 0.0150710318518407 -0.303997708523144 -0.336984265152787
0.0113240804340942 0.0110490049343594 -0.467768907844497 0.164335219051628
2.43966222861856E-05 -0.00678499626061451 0.00288832296940443 0.395460032383445
-0.00356245495046796 -0.0134901881541876 0.246025960132806 0.134637170659662
0.00110708395811395 -0.00381391735261544 0.173069419400073 -0.0835813790536489
-0.00494185446375246 0.00721148939514334 0.0132742433638267 -0.151906278882955
-0.00256741321802144 0.0140774674706531 -0.0294773898484301 0.11008135109828
0.00506596499685443 0.00412738441500239 -0.121657027997699 0.0401339388308132
-0.00597742526758921 -0.00843736665064628 -0.184212574870802 -0.135462872997263
-0.00762965566111082 -0.0113738879046096 0.034712798825813 -0.304388714092214
0.00371380724134909 0.000728399016450696 0.390965425497426 -0.0932497050189236
0.005942559439583 0.00452344849831338 0.279319474244319 0.317990434460558
-0.00522963351556104 0.00601823353250594 -0.0637266575871566 0.303965850078399
-0.00439163212972944 -0.003245458591764 0.0127781038975876 0.04692602222506
-0.00274827496585545 -0.00086000404426811 0.098715899798259 -0.24598854309421
0.0081073309116663 0.011342359086437 -0.305694155291538 -0.332250875746802
0.00870481711246436 0.0108770355932353 -0.465841220935914 0.17298318781624
0.000642604885903592 -0.00419514626768704 0.00521245475052853 0.395709622429348
0.00126789243217321 -0.0110096788578944 0.247575566405112 0.130421999718057
0.00501387516161581 -0.0033590113926357 0.175245667840369 -0.0854617070796529
-0.00377275166264434 0.00629119314707655 0.0122871030537172 -0.150778573615716
-9.37629933790425E-05 0.0123691346188776 -0.0300984578048917 0.110716577615334
0.0076335877689575 0.00480837429165172 -0.118960547671534 0.0408606506043686
-0.00177163277370523 -0.00396351114649713 -0.184458119187298 -0.136018725733149
-0.0065225348304492 -0.00748385995582952 0.0302569081762891 -0.304304922561668
0.0010544988907527 -0.000737978292467511 0.389850711083473 -0.0930114896510945
0.00511003238889399 -0.000145330016862132 0.284292230942671 0.314980146328786
-0.00449100412273945 0.00341463260439846 -0.0613453214740738 0.302496561020206
-0.00404494840987138 -0.00458624609730564 0.0137007714269904 0.0473939331567449
-0.00202439923156834 -0.00396670629803304 0.101288780383692 -0.245651307886484
0.00596385843864438 0.00646465533817954 -0.300535602170863 -0.333547903269675
0.00559637958379957 0.0100266801926113 -0.466625807559337 0.171281770276475
0.00307363319874643 -0.000300049797778351 0.000133558715346246 0.397387522200642
0.00689458782978347 -0.0076743978925662 0.246583003482206 0.130925750980318
0.00814736741543483 -0.00277475545696025 0.17792923942866 -0.0852930819073547
-0.00144713591782878 0.00425755521290706 0.0127280508607021 -0.149316206803181
0.00184079683668861 0.00545568999446523 -0.0279033260992184 0.118935910917271
-0.00562164165620446 0.00483013950536888 -0.13101926100737 0.0574360242602662
-0.00987957431432888 0.00103309556920979 -0.205093489804583 -0.104131247476896
-0.00185579213108615 -0.0114670590642437 -0.0143104854075222 -0.30827030258262
0.00334998511394419 -0.00552752358468208 0.357820603627994 -0.166349541330717
-0.00172281822202683 0.00203769072269918 0.310237034676295 0.249007396417124
-0.0113926508440361 0.00684742809664932 -0.0335820883903376 0.286858962069418
-0.00928026034439466 -0.000528004439115145 0.0147606017388693 0.040407593828137
-0.00952872873021505 -0.00129163103473361 0.125071817453732 -0.248709487480022
-0.00222785333518713 0.0075528261788636 -0.258349693975182 -0.39194924956565
0.0076769894688837 0.00400086979999645 -0.491320905337802 0.0827651773371104
0.0101875667064957 -0.00571812178051226 -0.0561695585628371 0.384416891606969
-0.000797560327644594 -0.002258882341827 0.221539371795616 0.16318579405902
-0.00832908791937886 -0.00353775178168119 0.168923028056996 -0.0627306375945699
0.00032918763086505 -0.00399117018390205 0.0143667750182595 -0.142570748704686
-0.000478372883439299 0.00791819190959168 -0.0274514508547107 0.116361093207692
-0.00622266670337085 0.0035619133096138 -0.131541688171212 0.0540465130337684
-0.0126961935086091 -0.00394094348978363 -0.20081782524713 -0.108415804456355
-0.0038565778305595 -0.0143998406584866 -0.00359585634380625 -0.308035000406375
0.0052894410099375 -0.00342245782563288 0.364253732951488 -0.154923295713445
0.00121665581822585 0.00596419187967133 0.303153898494626 0.259909660535811
-0.0110570438673111 0.00916397166984724 -0.0403170648870902 0.289366545930921
-0.00937010074306482 5.92462470607401E-05 0.0137999931859275 0.0418024557214721
-0.00870986227528011 0.000724624320724491 0.118497854965013 -0.248053912884651
0.00102981778172445 0.0122293298821175 -0.270634535340639 -0.382594671911503
0.0108621167337701 0.00585660085772528 -0.486455833167816 0.0955392538306532
0.00715703113614763 -0.00839297118948964 -0.0428327741349706 0.385875763205717
-0.00420415823191831 -0.00737318836857659 0.225431598426247 0.158652945977824
-0.00893539151791214 -0.00346433289136922 0.167889035963242 -0.0660768533621577
-0.0018899772499964 -0.000986467924709135 0.0139155939077615 -0.145383683211391
-0.00272715221712338 0.0106479903224873 -0.0270359926691303 0.113904422906937
-0.00510368570356252 0.00302066893410768 -0.13101801529484 0.0498895508975914
-0.0140589963291649 -0.00802990258203231 -0.196444736690809 -0.114801105220458
-0.00617026991934922 -0.0157076789574312 0.00872130090332733 -0.307040166611958
0.0070318361634931 -0.00157971345555523 0.371780707812524 -0.140735079953029
0.00332594947582174 0.00842769176960116 0.294369888603437 0.273566849820185
-0.0098387627944956 0.0101402443928807 -0.0480720282623764 0.292810093013824
-0.00869738098391529 0.000436409902130664 0.0125516944755351 0.0432844745345455
-0.00809860630312212 0.00212931237979518 0.111770753269368 -0.24678467020578
0.00411324963251011 0.0152405333838177 -0.280925692425766 -0.368550596528069
0.0124806898838251 0.00704004734187726 -0.478884306954313 0.115483907092998
0.00430724764530308 -0.00995673382990096 -0.0284390282479487 0.387457704440349
-0.00717864202229403 -0.0112005335551028 0.230824870723849 0.152254591631053
-0.00773431926492839 -0.00409651610552898 0.167703053188632 -0.0712133677944889
-0.0042609566501982 0.00232342766999363 0.0141149548460035 -0.147589161056552
-0.00373211736405886 0.0123749811633781 -0.0271005898264468 0.111740827991797
-0.0036604030345657 0.00252687336258867 -0.12915752113422 0.0459427726832238
-0.0135788642578142 -0.0108076696673109 -0.191192875753266 -0.120286097409043
-0.00687951560556519 -0.0171177738435793 0.0193306774473542 -0.305431803311522
0.00745989849860407 0.000179746572082775 0.376733267674333 -0.125856871261222
0.00512732075275511 0.00994737096066001 0.286444439798621 0.287348297012284
-0.00909790660794291 0.010820788376104 -0.0549733350434056 0.295035673206982
-0.00739350102923424 0.000193571108855217 0.0119236797649414 0.0445198989874668
-0.00641606290525789 0.00312194019751277 0.105680423360768 -0.246113752175103
0.00706440096390361 0.0168362902941824 -0.288531832872739 -0.356342055057538
0.0132962206888024 0.00902085423719241 -0.472729813319885 0.133804839290219
0.00177505753237171 -0.0102002571679933 -0.0144579655108559 0.388765934978615
-0.00768279392649725 -0.0135544508453662 0.236232810319411 0.144768541148269
-0.00579503862265226 -0.00394916792579551 0.168082830858417 -0.075177648884661
-0.00522644002577658 0.00480003614015545 0.014335898987076 -0.148359041712634
-0.0039189306598985 0.0137563611561178 -0.0274463398295513 0.10970141083425
-0.000597248039433805 0.00234527502309729 -0.126072799431892 0.0423467536967457
-0.0119858338901619 -0.0121932655232305 -0.186484209436869 -0.126661645829474
-0.00760643487778047 -0.0156763199216105 0.0289056590808202 -0.30264692335865
0.00707378636905536 0.001266423768661 0.381915367880802 -0.108613595694856
0.0064691308913616 0.00951789698328529 0.279920891204283 0.300860009786604
-0.00765051258396052 0.00981177631316748 -0.0604787981880627 0.296994213529381
-0.00605738069001425 -0.000283990175363996 0.0116600019058527 0.0456545706185041
-0.00478276344874282 0.00284075363320685 0.101264889759901 -0.244641081165389
0.00871494956908072 0.0164933539192355 -0.296673306179738 -0.342649643757311
0.0128002469184676 0.0100749617416906 -0.466712132006831 0.15160358848455
0.000157157191288915 -0.00904461905535381 -0.00432963271108904 0.390206675736475
-0.00658289098965866 -0.0145544245589553 0.240401890486502 0.138013391513031
-0.00251426592682677 -0.00409384028944083 0.169197656660322 -0.0801515145056973
-0.00531876265374866 0.00668411952563271 0.0137628689266247 -0.150509542071683
-0.00402227061441919 0.0142565014347182 -0.0280826723942018 0.108715565090414
0.0022678235883601 0.00248264684249982 -0.12328962111264 0.03971698466758
-0.00950525645924483 -0.0115298308404986 -0.183558756839335 -0.131443353840705
-0.00780455375722659 -0.0137826501623676 0.0342719015194448 -0.3009042630217
0.0056745205277719 0.00109700539811063 0.385344266910987 -0.0974034511744706
0.00691423125530176 0.00729911798650769 0.277417586513384 0.309763512272663
-0.00678966098482916 0.00790733187769731 -0.0637445416541161 0.297894724553316
-0.00521519031294436 -0.00208235418146909 0.0120017948941127 0.0466099681106711
-0.00343858723348478 0.0013131992161961 0.098701817192658 -0.243294697893297
0.00848714261313406 0.014108395378535 -0.300307327873101 -0.332907585901327
0.0109529813434282 0.0105275834172255 -0.462056677756102 0.164645992064193
0.000160519061549671 -0.00688643521738363 0.00296329492503381 0.390572433407972
-0.00339064226294232 -0.0136842639234078 0.243111615492266 0.133469642899121
0.00116145493541166 -0.00341022500332584 0.170933150152859 -0.0835530131438059
-0.00419903154363143 0.00690267564553715 0.0131658514999624 -0.149876642401219
-0.0022564147090019 0.0136511526017763 -0.0290065124934754 0.10954968074257
0.00536711286512571 0.00359851212885834 -0.12034407406987 0.0395907869676079
-0.00545968869033841 -0.00836571514607895 -0.181891108484148 -0.133490644093269
-0.00741348798527159 -0.0110506134573209 0.0340489462961797 -0.300120427681018
0.00357057112702676 0.000620750930182108 0.385944326997464 -0.0924939119487112
0.00644276914730916 0.00391065392373499 0.276300559635571 0.313384925781616
-0.00554345070226837 0.00606201345173523 -0.0632385818224752 0.299473482107549
-0.00462219068754272 -0.00302020744303712 0.012926751076106 0.0469505252267943
-0.002457543229497 -0.000972002724284407 0.0982135541532776 -0.242645552211206
0.00781751691804317 0.010714150690292 -0.301417083627038 -0.328057497644947
0.00856185261188834 0.0108266789098989 -0.460300840435389 0.170936446660253
0.00118924856957747 -0.0042324255907105 0.005520765772933 0.391483736123416
0.00130601954481816 -0.0112335661536771 0.244559310581956 0.129014301389931
0.00461334024134412 -0.00318701300935416 0.172928250375592 -0.0850049288442278
-0.00335599893946599 0.00616154359853459 0.0125388419250394 -0.149761881965749
0.000207996947673678 0.012221613675019 -0.0300299286324113 0.110379515125976
0.00758070396423375 0.00456142646647999 -0.117931972453267 0.0398315530199154
-0.00195134275464209 -0.00392563024823991 -0.182006481859865 -0.134743487933373
-0.00672177707276018 -0.00731860370628065 0.0293780673743599 -0.29927917641902
0.00123843293715618 -0.00112269104911729 0.385002984116671 -0.0915389602245051
0.00467242744973794 0.000350791287296292 0.280174103870101 0.311480339479217
-0.00453975535863023 0.00388300750837609 -0.0605249439840119 0.298939745312885
-0.00416263228964272 -0.00430280597428342 0.0133122657344427 0.0470764975757657
-0.00208135393516601 -0.0034058659035784 0.100426091189646 -0.241694111915779
0.00578397729661398 0.00631450992566898 -0.296107989937489 -0.329924108039075
0.00533332267948105 0.0104439158103881 -0.460653748477088 0.17002534623256
0.00292194802998755 -0.000576407889776728 -0.000879968912848501 0.392337160904604
0.00670409215632163 -0.00776118951260905 0.243650072017815 0.128983891494774
0.00833065645435832 -0.00289477348063433 0.175315421252386 -0.0846591506203926
-0.00152194661976552 0.00443827191815503 0.012603916670462 -0.148024641579462
0.00163530363030486 0.00543714576427989 -0.027290103649858 0.117693977128334
-0.00541560711973688 0.00428006022322959 -0.129427120518494 0.0568153508980014
-0.00949305209916055 0.00102346858922511 -0.202736714239202 -0.103674651152595
-0.00162946497165839 -0.0113360201518717 -0.0133206898119481 -0.30389149800286
0.00266527457516597 -0.00560004820514045 0.354997112409581 -0.164001375895799
-0.00120332416649965 0.0018078458777321 0.303763560577594 0.24642412798508
-0.0116117449494495 0.00708526035663407 -0.0337032321133794 0.283557652452865
-0.00940076803679533 -0.000592701892236533 0.0146076065805679 0.040396739515281
-0.00914985198412673 -0.00172474473507015 0.12414550016007 -0.245732352895627
-0.00227991872948588 0.00741121265502719 -0.254036200336598 -0.388405127756028
0.00743602382308993 0.00409373649391671 -0.483037371268611 0.0813308953118663
0.0100578535595947 -0.00533162346771918 -0.0565969655682666 0.380327855634263
-0.000855779545465639 -0.0027422136324132 0.218861667603847 0.161553353442486
-0.00853794675894637 -0.00342415879094169 0.167082457230115 -0.0617457142919526
0.000283042618939783 -0.00407675790208689 0.0142841995611345 -0.141949492052316
-2.69520617548853E-05 0.00781308034352488 -0.0269567679886965 0.11535843555821
-0.00642652908243463 0.00356293604020366 -0.129514587757101 0.052887711324731
-0.0123966856483502 -0.00361142985985439 -0.198623789728375 -0.106826240516218
-0.00406514338832688 -0.014149302092335 -0.0020655620613654 -0.303692761011391
0.00474714227047916 -0.00376547108316788 0.360354792381016 -0.152915351978446
0.001163308286387 0.00586660630037513 0.298762399761897 0.256713288199787
-0.0111625725876506 0.0095113999523212 -0.0406442956406715 0.285765185162047
-0.00944834924332348 -0.000134442793789977 0.0133024707533307 0.0411868939267833
-0.00912855063575369 0.000945026141713508 0.118196259298007 -0.245130898120192
0.00080039326825067 0.0120358810188264 -0.265144928814225 -0.379671528750976
0.0107526534864463 0.00577391768672333 -0.48037220497434 0.0949542186954047
0.00727315537603057 -0.00836914093420158 -0.0432784294266567 0.382161224680668
-0.00476953441106099 -0.00760692484318858 0.222716372634525 0.156939691137435
-0.0087134662440155 -0.00388975513552468 0.166056339698769 -0.0653653713953744
-0.00221843602804649 -0.000671539277976398 0.0137099377353916 -0.14443242872194
-0.00259724732874779 0.00999616674007228 -0.0265150597859286 0.113068968177887
-0.00522457485686744 0.00329738165614397 -0.129967709254484 0.0492312094535096
-0.0138559327650299 -0.00819869772890301 -0.194385333452121 -0.113156903170895
-0.00565109797991689 -0.0157561677718375 0.00920029448126588 -0.303154856828366
0.00650525523706822 -0.00158476574965638 0.366800270255502 -0.137656093837721
0.00357061162904901 0.00826563775312781 0.288868187380751 0.272027971598119
-0.0100606958919303 0.0104656643601586 -0.0482178276927254 0.287893457558071
-0.00850211243602377 0.000376293973627139 0.0128464939737443 0.0423407262131786
-0.00770060519694357 0.0024407831274443 0.111573920239314 -0.243729005995747
0.00421913526563521 0.0150885197437908 -0.275956125415906 -0.36417229151659
0.0122103404530519 0.0069768477249868 -0.474112998746706 0.11392666647828
0.00411833667700942 -0.0098047082236762 -0.0292088804105577 0.383312056677952
-0.00659466899539932 -0.0111824307412105 0.228196426305682 0.150993425304036
-0.00799383694874054 -0.00416999122736338 0.165965185932291 -0.0702284683985719
-0.00385307770606105 0.00219440025431112 0.0139242568185361 -0.146156108505602
-0.00366305212691254 0.0125333031940029 -0.0269741544139432 0.110691667025266
-0.00343278065258845 0.00243549635240079 -0.127860976194911 0.0452336146357291
-0.0135910318395665 -0.0110256113766217 -0.188413127262762 -0.119680084919431
-0.00701564989827718 -0.0165723039642563 0.0193158863034371 -0.301849217684866
0.00729081716322512 0.000207678062142398 0.373373198471003 -0.123014383997749
0.00539639094622763 0.00954762540291511 0.281932332117984 0.284686647334472
-0.00908980333397193 0.0108234378861583 -0.0552726004092087 0.291652933286678
-0.00752273154868888 9.58571651168258E-05 0.0118490329859446 0.0441547059923163
-0.00628612621373506 0.00340359779128956 0.106004932821768 -0.243115604629733
0.00667800943961925 0.0164664995267157 -0.284769458493374 -0.351276645223432
0.0130047494253458 0.00877338022281346 -0.467494986018684 0.13154849983789
0.00167097557975631 -0.00975312841924313 -0.0148480357813204 0.384837916372258
-0.00775629309654884 -0.0135747953874605 0.232962335766057 0.143556507539048
-0.00550966050318815 -0.00412597891108566 0.166189431807426 -0.0752370085720053
-0.00490163464712632 0.00507789053726965 0.0135533339344725 -0.147644627677837
-0.00435946219684811 0.013488410107657 -0.0272933070534663 0.109264549649159
-0.000560209816313014 0.00188093981668131 -0.124753884915298 0.0418854329104748
-0.0120378274151333 -0.0126439913245694 -0.184754469864434 -0.125009951894779
-0.00790430846130526 -0.0159366475051776 0.0291232355462737 -0.299012149974185
0.00712751218465777 0.00110924189051961 0.377660044805778 -0.107114584810406
0.00650134388427144 0.00944976627616793 0.276507424504423 0.297260222716073
-0.00790649476391605 0.00992718722565864 -0.0611622337387146 0.293102499380468
-0.00646590349299063 -0.000451075854335392 0.0117325017980248 0.0449689057822623
-0.00486184125102055 0.00297687548171816 0.101185897570524 -0.241239822461853
0.00822813112029489 0.0160397913786647 -0.293610784894657 -0.339058283997977
0.0126675521874823 0.0104584019485903 -0.460713247726652 0.149797234334979
0.000571388394332806 -0.00884376006157736 -0.00411777395107821 0.386080757889365
-0.00604555022131645 -0.0143062300267387 0.238105710217031 0.137102155518357
-0.00257122476022644 -0.00367925209607154 0.167975767155626 -0.0791948381065092
-0.00522225392336417 0.00626690948278958 0.0135755792410318 -0.148512050772457
-0.0036244466244163 0.0136861860539069 -0.0281703517624092 0.108343084038588
0.00248707154517252 0.00271281929624082 -0.121503813879725 0.0394351607220913
-0.00922490043316196 -0.0112742247449272 -0.181084037666795 -0.129684686415965
-0.00802651502027672 -0.0137505002866588 0.0342082101161419 -0.297324668030176
0.00563495282768174 0.00140501482162855 0.380919497234412 -0.0948076648807009
0.00680170659206531 0.00754776365161852 0.272459673311161 0.305061109490851
-0.00673182692933876 0.00794696223761585 -0.0645752373493339 0.294438881808394
-0.0050761618598763 -0.00167003005758419 0.0114709988151629 0.0459063241158462
-0.00327951977315106 0.000946554527879788 0.0990201654758213 -0.23975998896775
0.00826590703163012 0.0141018679188995 -0.29557420809185 -0.32970323771158
0.010930023036051 0.0108197526808686 -0.457756656073785 0.160854530317964
-0.000177331821468675 -0.00682423135297403 0.00238623904168427 0.386777049525157
-0.00308462169570093 -0.0133608429010819 0.240218944094221 0.132165335935777
0.00105352227902416 -0.00371186837696394 0.168920294408285 -0.0825934337055754
-0.00452890014774893 0.00714823321985155 0.0127324305973299 -0.148711879573174
-0.0022976167430407 0.0132723501259759 -0.0281939846309951 0.108752166805436
0.00513756581290439 0.00356990028364922 -0.118508634684368 0.0387563998242343
-0.00574342909387249 -0.00816095918253335 -0.179730074642302 -0.131887945569951
-0.00726972183284271 -0.0109956443766502 0.0337169530382556 -0.295593850466194
0.00343120379905929 0.000243192448318285 0.381677479856673 -0.0902163358895616
0.00640942453384121 0.0040866177264252 0.272060617299418 0.310228977574741
-0.00519484214242764 0.00607368133189522 -0.0637280266662419 0.295169099609936
-0.00441936869457118 -0.00300832248912135 0.0128054826670358 0.0461297274489782
-0.00230903380163343 -0.000919832433563946 0.098015359650859 -0.239262349163054
0.00745574924760406 0.0108165679007971 -0.296712231447805 -0.324153867753524
0.00855778629131598 0.0105098433971582 -0.455326189740657 0.167550055502617
0.000684836723413843 -0.00413052837571201 0.0044914981717952 0.386912477180999
0.00177941012168907 -0.0116214872222155 0.241673017556714 0.127884591456659
0.00445120642550998 -0.00320303604992724 0.171531640914491 -0.0842014775647582
-0.00385682751376072 0.00584602159368955 0.01250446119067 -0.147772893796525
-0.000178384589085223 0.011995639778813 -0.029330540304159 0.109171481153163
0.00718703822993695 0.00441770743036181 -0.116425420454095 0.0396123690338029
-0.00207531710564247 -0.00359684070258954 -0.180448539835445 -0.132482345834028
-0.00640030403166023 -0.00733211049007263 0.0297261345925948 -0.296021989440572
0.000891495569845223 -0.00147830845757664 0.380621036233259 -0.0906903768854448
0.00485729145449059 -0.000117260036638403 0.276372665082529 0.308658843817981
-0.0049543708123086 0.00340689991547844 -0.0603970261789373 0.295190028724803
-0.00409611147108177 -0.00441028746030083 0.0133524218634251 0.0465193910835183
-0.00171836053221402 -0.00370313910989644 0.100639705986989 -0.238752552824177
0.00551039030654623 0.00603180477053583 -0.293194320807629 -0.326494289366413
0.00570438287341615 0.0101096805469918 -0.454954584282526 0.166049415057952
0.00290083507481704 -0.00079929811366083 -0.00133460137858213 0.388941031894265
0.00653699065687805 -0.00802212574146197 0.240726731212653 0.12753115322529
0.00781492961526896 -0.00255896461459425 0.173702810649057 -0.0837102121965859
-0.00131873444932006 0.00406511011775433 0.0127095647401113 -0.146327856536886
0.00202850229604266 0.00513542163975499 -0.0273555185316167 0.11729763961678
-0.00560540201884292 0.00442687295890532 -0.128229226778447 0.0560946953595745
-0.00911732827522381 0.000708045775301103 -0.200112494626298 -0.102708796222714
-0.00191949482330967 -0.011184815441371 -0.0125501302238202 -0.301460429590586
0.00270742544645642 -0.00546901874786998 0.351561804857079 -0.160459022199502
-0.00181051446589022 0.00174831019732859 0.300570029623637 0.243522178729354
-0.0121621163586247 0.00686700747891555 -0.0358523212504245 0.280629093266633
-0.00961418057370336 -0.00108481925914976 0.0145569169622706 0.0409581359436722
-0.00929994433249357 -0.00133650930331978 0.124282362070582 -0.242026674136779
-0.00228068694410644 0.00735083616720059 -0.250466215178923 -0.386149308176789
0.00741232183823878 0.00376352524191142 -0.480579429044246 0.0786847786481562
0.009434711875638 -0.00513028939256088 -0.0575409904602529 0.376314465669873
-0.000970960510389056 -0.00226010659051398 0.215826137064074 0.160483233441589
-0.0079975039973344 -0.00328495683241205 0.165694088253455 -0.0611605923199848
0.000746394634004289 -0.00380658009490031 0.0145815462378463 -0.140966117637107
-0.000249097766226608 0.00754097713581747 -0.0265797645544037 0.114667792637323
-0.00604190999933878 0.0034044215923281 -0.128224577590297 0.0525034213930279
-0.0123717399109844 -0.00392904179327155 -0.195917450973401 -0.106246960981124
-0.0033746803275652 -0.0140128108372057 -0.00157614076633884 -0.300827804324045
0.00492064910161506 -0.00366312421616146 0.358037113771988 -0.150407070654384
0.00119369247725455 0.00521103099886559 0.293664309385361 0.255079597907437
-0.011127904875499 0.00926052408653718 -0.0420274657592297 0.282501605520713
-0.00909181982604431 -6.24281819851023E-05 0.0133156332827164 0.0413189179020519
-0.00874255256487467 0.000407310376043018 0.118468481595642 -0.241518153826546
0.000478028594562936 0.0118140237966719 -0.260518296597099 -0.376987269548564
0.0104581868658182 0.00543051457359897 -0.474897284143142 0.0927716132358213
0.00741598430314106 -0.00839608567165102 -0.0432859709441224 0.378050544471625
-0.0044479905297389 -0.00735761320265787 0.219913576894086 0.157315064209508
-0.00907343199829335 -0.0037341507872411 0.164562404921176 -0.0651218897233086
-0.00233632252177458 -0.000302983550570717 0.0145749898019753 -0.143128298927284
-0.00250228673689108 0.0101827085051565 -0.0266572773197722 0.112198411367329
-0.00554781147978066 0.00275780801194597 -0.12788684571246 0.0485211548999145
-0.013436498783535 -0.00831599909589873 -0.192138911795685 -0.112594858785347
-0.00571776400615957 -0.0158036534249065 0.0105743850161292 -0.30025612230151
0.0065477191809579 -0.00137603255665167 0.363650747880333 -0.135672428939863
0.00347198605521004 0.00832933458383938 0.285853027207224 0.268935775934924
-0.010357565373997 0.0101165044462314 -0.0494779145191105 0.284991399205787
-0.00812378558789158 8.26049659066338E-05 0.012228686274512 0.0422713293706465
-0.00791166126544925 0.00217440998148401 0.111909591870741 -0.240315607741358
0.00399073763741552 0.0144614442508373 -0.271742243105445 -0.362199977460983
0.0123627144281402 0.007544858259423 -0.468753271419593 0.111034630869685
0.0038875144494755 -0.00948954870032405 -0.0302381993746382 0.379602882719285
-0.00688026919464116 -0.0108504090803125 0.225458729361786 0.149521640820722
-0.00805317973055227 -0.00386313003840504 0.165057532951782 -0.0692747457059111
-0.00385500792204471 0.00274924548670321 0.0144013605430779 -0.144799786908476
-0.00341441323217682 0.012169818339472 -0.0265159922412151 0.109814496109168
-0.00342760452457667 0.00217708751395943 -0.126080969487591 0.0442700923927004
-0.01374786046067 -0.0112983468910958 -0.187073431133018 -0.118512308249132
-0.00691017553758484 -0.0162216662748848 0.0210434153742794 -0.297973728799018
0.00719052477898551 8.64410289284226E-05 0.370480956329684 -0.120508703511486
0.00520140921463953 0.00947918815945241 0.277409286678947 0.282419772093878
-0.00921758126635698 0.0106113820764961 -0.0561279645851135 0.287971665866894
-0.00706628035057447 9.2113179202566E-05 0.0118486962874745 0.0437627852913357
-0.00613808804205541 0.00291692452128478 0.106059008182882 -0.239772732485593
0.00647533836258692 0.0163120108836392 -0.279601749458723 -0.350107974150022
0.0132954847996947 0.00869957870697946 -0.463324196458107 0.12864713210105
0.00186660526757719 -0.00970023017411902 -0.01618632081797 0.380963949702675
-0.00746135517918499 -0.0140276997082056 0.230470140943319 0.143592492274449
-0.00555240528963265 -0.00362148823177698 0.165046381361778 -0.0739385873568922
-0.00514540944188314 0.00494964890272552 0.0136255582378384 -0.146072530732415
-0.00419048204315028 0.0131475511340636 -0.0271564501616234 0.108626098216831
-0.000880466025593904 0.00227857529117246 -0.12331435718636 0.0409282050142615
-0.0117049014798535 -0.0126866918080768 -0.181800475481874 -0.124653486359195
-0.00781308320361392 -0.0154282939728156 0.0295126430640914 -0.295599161283036
0.00674365804123092 0.00135392416644503 0.373826026377918 -0.104698337563581
0.00630796667422231 0.00917100775792754 0.270958869631744 0.295364598609003
-0.00782549708763166 0.00970800393433167 -0.0622530711601159 0.289309486629562
-0.00590831119011211 -0.000392158614071558 0.0115443212039959 0.0448111559146461
-0.00451334126048987 0.00256729975307386 0.101465422322824 -0.238140259453074
0.00816350865147185 0.0156554665200731 -0.287284733491893 -0.337517903570138
0.0125839805060889 0.00980827589682542 -0.456478758889991 0.146601342256068
0.000191184383774192 -0.00833877207719901 -0.0058426411570156 0.381785441319787
-0.00590708441405367 -0.0145787689332338 0.234940758204418 0.136535448890252
-0.003004633867183 -0.00389641398376874 0.165882572000003 -0.0775615595121048
-0.00518960919123341 0.00632226696425004 0.0140878680052898 -0.147553546132313
-0.00348656570117453 0.0137680999181732 -0.0276638484534608 0.10807547309136
0.00240204755851433 0.00252617270448107 -0.120214347146125 0.0383435868043632
-0.00885348499772359 -0.0115119234889474 -0.179509966920012 -0.129059472455162
-0.00777887429118553 -0.0139122131468242 0.0354219745119586 -0.293625949940852
0.00532854965609003 0.00160633476392191 0.377153233541225 -0.0932094863074113
0.00653317570158174 0.00707089019360361 0.268046088143596 0.304776584838405
-0.00696279104697868 0.00782368003426004 -0.0656811391546087 0.290719379228606
-0.00491758627677007 -0.00176356326651878 0.0112218307042644 0.0458440093662585
-0.00312841084882971 0.00127639982671404 0.0997227712838699 -0.236876456939243
0.00812093406965472 0.0136092826367312 -0.291134176044704 -0.329718781349272
0.0110564657248874 0.0106143698355886 -0.454604448910192 0.158185839742074
-0.000140639611679032 -0.00680756334817519 0.000746777800190878 0.383247021936442
-0.00307541064611349 -0.0136387340889669 0.237766989534833 0.131805627063034
0.000712447586904171 -0.00346482837759512 0.168365926158621 -0.0816777981360161
-0.00467667239032936 0.00693189734306426 0.0133662436455144 -0.147248571309041
-0.00222716577556601 0.0127827000920451 -0.0284605514961713 0.107919540411887
0.00495975653246309 0.00331691045494866 -0.11751283998721 0.0376986710749055
-0.00578141815210107 -0.00829960764255212 -0.177485225823661 -0.131104531254144
-0.00722812746062648 -0.0105192471198773 0.035611927622926 -0.292637367338054
0.00298390013790756 0.000423568923029546 0.377918067764844 -0.0882758943762681
0.00596287907645087 0.00408980414343078 0.26807670093866 0.308157065105641
-0.00566853821262297 0.00619562339526824 -0.0643517140762985 0.291865023366497
-0.00426997471580549 -0.00344936621698732 0.0122293388917826 0.0462789956456975
-0.00231594824298078 -0.00113513223328525 0.0987484178488278 -0.236441805064795
0.00772831809036189 0.0103696687525369 -0.294196172615648 -0.322722837887196
0.00834744499959813 0.0105667591158468 -0.451008428274465 0.164715169150237
0.000776626012747425 -0.00370647208134355 0.00265888173472026 0.383161040777194
0.00141048462546732 -0.0111709279514765 0.238610644300239 0.127402492102289
0.00440486373204482 -0.00323803718212655 0.170032993335224 -0.0829165149769229
-0.00344453940691842 0.00606317571933268 0.0126870082428475 -0.146696133786711
-0.000309378147139696 0.0117641774591315 -0.0290106072565275 0.108774807433126
0.00730180484217345 0.00442483878863056 -0.114804830967787 0.0388294122935995
-0.00199136221000793 -0.00384974716689452 -0.178188422085833 -0.132011321953861
-0.00610178291960328 -0.00735509580648138 0.0304894194548389 -0.292900248476622
0.00068637971805209 -0.00105002911073477 0.376357491750995 -0.0874243365942239
0.0048006724225779 -0.000184299049516093 0.271617077575604 0.306246932335347
-0.00471227470529531 0.0038397462638563 -0.0616455807319446 0.291365020724109
-0.00412858142380241 -0.00480009021535246 0.0132264211258584 0.0464044213434479
-0.00257850372677003 -0.0038334501428816 0.100472823891234 -0.235576471745019
0.00559531594487245 0.00598729382966627 -0.288051466142362 -0.324492404081845
0.00598721971359237 0.00944402292189607 -0.452886837250732 0.16267462361448
0.00290851119898845 -0.000910667944710094 -0.00253519885588662 0.385667844869732
0.00662558702494228 -0.00780154955424405 0.237650344319102 0.128053467235523
0.00814157430797807 -0.00286854167976359 0.171999355275961 -0.082130840130374
-0.00127574736577963 0.00448403422162875 0.0125872425071697 -0.145182374377516
0.0025800320000633 0.00476493134358146 -0.02689796748647 0.117005692660764
-0.0056706114634988 0.00388707179951707 -0.126754062279189 0.055119978201143
-0.00926571852103777 0.000646780895503254 -0.199064386178334 -0.10268187355434
-0.00126630890054203 -0.0110246540439109 -0.010527336971804 -0.298146952335458
0.00264143842391466 -0.00548048668301983 0.349062318534867 -0.158170021144647
-0.00154978596192823 0.00145430257428282 0.296226901028021 0.242844167254223
-0.01178914041132 0.00692311860333658 -0.0367496914391287 0.277332474168074
-0.00948910912564816 -0.000823306492576803 0.0142676093149743 0.0401667250736701
-0.00898891507931857 -0.00152304787972433 0.125389635347479 -0.239157358760685
-0.00275492311587707 0.00727580938395021 -0.247025099551049 -0.38384643344438
0.00763274403165686 0.0038624245015329 -0.477099747453294 0.0750580796987025
0.0100307572870237 -0.00528745696388765 -0.0576915225082396 0.373462484187354
-0.000801003130184108 -0.00348246018304552 0.214166160457462 0.161218224171922
-0.00789071030544733 -0.00279135212593338 0.164412088136111 -0.0601958468605793
0.000691999609708464 -0.00394951619316562 0.0148235759264897 -0.139888154143801
-0.000481754348721732 0.00691333952180641 -0.0264694879059045 0.114294134855322
-0.0063671385229436 0.00393974843058826 -0.127733354446776 0.0514141366358086
-0.0123945365824012 -0.00388226066880391 -0.194995879575432 -0.106527240877799
-0.00391279611511622 -0.0136516378807051 -3.95004707789916E-05 -0.297503659280596
0.00510025214648222 -0.00365262397991106 0.355080282095948 -0.147045947126829
0.00132722258705545 0.00523788619843309 0.289451282259109 0.254804744720294
-0.0113636444130707 0.00893756546028747 -0.0433688586824425 0.279679399990182
-0.00929300766858074 0.000163220515782669 0.0130200645386434 0.0410622786307634
-0.00860676655180945 0.000679729086695395 0.119135430756051 -0.238462415608285
0.000237805513291592 0.0113140454778972 -0.256973207381839 -0.375168396358353
0.0101652561779506 0.00565964980651855 -0.472456546200941 0.0896773642135516
0.00707255991384244 -0.00794065131319639 -0.0450312527839206 0.374085704005783
-0.00480112194559866 -0.00788454359419744 0.21822511820882 0.157517461596559
-0.00899352938735465 -0.0037778424771319 0.164668191435517 -0.0636528650601048
-0.00237976336662298 -0.000709791448236321 0.0146482214155304 -0.142677195658321
-0.00207740961800998 0.00970793634595069 -0.0265202388827579 0.111901532497305
-0.00526434992781991 0.00273413402568952 -0.127186066503821 0.0472641446846221
-0.013947613491714 -0.00857173897153249 -0.190291700858829 -0.112337823245045
-0.0055469477283015 -0.0152474460124795 0.0116224513617737 -0.296624441317252
0.00660079510762513 -0.00128488952903425 0.361255540463403 -0.132536250101887
0.0033918429869625 0.00794390568745563 0.281639573725847 0.26758343423125
-0.0105766852084413 0.0105376490944338 -0.0508455815780738 0.282232632007146
-0.00827149581463582 0.000338121940118242 0.0124060160011856 0.0420031240819107
-0.00747688976852269 0.00218860363260434 0.112923560402676 -0.237744065687158
0.00346044178403919 0.0140028534253919 -0.267174974954078 -0.360935547789979
0.0120539929945239 0.00717823430058549 -0.46680242394554 0.107535068283465
0.00418316956007524 -0.00958624293059358 -0.0322383005736118 0.377239198341832
-0.00661094482045483 -0.0113833782243002 0.223111346657197 0.150386090740419
-0.00800576828815601 -0.00377697902028979 0.163836508366144 -0.0684311113290922
-0.00366087869438674 0.00207896409697923 0.0149948404511889 -0.143831055249859
-0.0036755980718563 0.0120434832044499 -0.0263202213435447 0.109511277596137
-0.00369465406006522 0.00202401352968651 -0.125024508398064 0.0429892811954806
-0.0131522277790503 -0.0112280119854149 -0.184631485077254 -0.118138723523103
-0.00711237981289087 -0.0163559685682965 0.0221210821401217 -0.295653543729826
0.00699027080629811 6.66451156539835E-05 0.368018144511745 -0.117653196080791
0.00514228959135229 0.00978820154470128 0.274213831861635 0.28025737466005
-0.00925333597376349 0.0105249606895942 -0.0576175134044726 0.285120173766499
-0.00751224732301813 0.000467811963493168 0.0116309078563564 0.0437593937843956
-0.00602963860408491 0.00324982492970448 0.107414283166968 -0.236654051589604
0.00606369787751222 0.01573886741235 -0.277241757783193 -0.348176296087083
0.0128822293755222 0.00922935972648739 -0.460961200476104 0.126313217216655
0.00200942773144606 -0.0093079681663172 -0.0177613705654546 0.378105467050606
-0.00769778807828383 -0.0141024842295001 0.227701889058215 0.144016594375575
-0.00596779495633023 -0.00382632047550974 0.164269734451532 -0.0730066816598017
-0.00489989319417412 0.00473436899456324 0.0138915212078022 -0.145396334236884
-0.00424118404685539 0.0136067262328544 -0.0269612239728029 0.108349534405024
-0.000986953504917878 0.00183249987196682 -0.122663576385094 0.0399538513720167
-0.011505265392842 -0.01248811988079 -0.180476918434366 -0.124266862712477
-0.00744699698003683 -0.0153457360147757 0.0308946962318868 -0.293236046606119
0.0070822253595157 0.00139746860864769 0.37212188412877 -0.102442759450774
0.00629401478317646 0.00899786530799643 0.267277075607629 0.294824367991188
-0.00825397545806955 0.00935563197009262 -0.0632121182882001 0.286925369955869
-0.00599655369252541 -0.000660769746866733 0.0114087131002985 0.0446758943743521
-0.00463950117592661 0.00228946627717232 0.102579954330625 -0.235488203662014
0.00793533324143355 0.0151235643479911 -0.283624159314972 -0.335804877784261
0.0123554335932197 0.00960459021300599 -0.453359948691952 0.143015643674469
-1.04450695717082E-05 -0.0089636256401095 -0.00699243866302774 0.380269931061319
-0.00629089156070543 -0.0143897894469819 0.232740523759721 0.136947189868654
-0.0026466107032456 -0.00345372488351986 0.166011154759912 -0.0768344364034543
-0.0049107493655596 0.00652350267299436 0.0140281132077607 -0.146551305515498
-0.00363233317535829 0.0132550407145221 -0.0280210951664994 0.107681274300817
0.00177655059139336 0.00236019114721277 -0.120048547360646 0.0375844948607371
-0.00890620936066125 -0.0114929424433994 -0.177249366265707 -0.129069925268125
-0.00750190808003826 -0.0133240985524557 0.0359130584546271 -0.290804645838521
0.00555430691584351 0.00125532302143364 0.375391446504758 -0.0913538958985812
0.00663324783949007 0.00678158519702271 0.263135941720383 0.302942587202911
-0.00662045864663373 0.00786311886387356 -0.0672163114132952 0.287783015817014
-0.00536411615156793 -0.00170687148927489 0.0111137323522905 0.0457319583522982
-0.00348004966737839 0.00117592398316198 0.100615076379196 -0.23429529972903
0.00819943090429533 0.0134340377410507 -0.2864673448238 -0.326841706323396
0.0106378639913712 0.0106257376980498 -0.45070990550812 0.153610229522304
-0.000211439921073775 -0.00667777468756736 -0.000749321273055629 0.380254734046975
-0.00283631069349353 -0.0138010758923714 0.23455873677171 0.131742373179683
0.00116176339054626 -0.00353261695371096 0.167368793526829 -0.0799989544680499
-0.0047712489867823 0.00694051786870451 0.0135685473125101 -0.146525560122733
-0.00237225604466005 0.0131518024704203 -0.0284070450722175 0.107295347955033
0.00491791921928865 0.00320886165991251 -0.116402494489945 0.0368029504475679
-0.00557944867249188 -0.00833428524121595 -0.175816567884851 -0.130970631029509
-0.00694129291137959 -0.0106537310359218 0.0363556795556454 -0.28978696195618
0.0030388454232764 0.000402805263459025 0.375395455522041 -0.0852657801014037
0.00593086189718283 0.00407597494934069 0.263438475364961 0.307650618841371
-0.00543358608678181 0.00590393894981822 -0.0659797447661074 0.288644828334373
-0.00417438450107368 -0.00289154915661689 0.0120812063836755 0.0461134611475037
-0.00251201206538421 -0.00113552651823405 0.0988759674138052 -0.233634345294212
0.00713161551251969 0.0102186737890274 -0.287405972575794 -0.321204018721432
0.00876925348345536 0.0105344284243342 -0.448682489887452 0.160986554405741
0.000785190005212013 -0.00356955594045452 0.00125201294099677 0.381147891348937
0.00156992763803324 -0.0113008786706609 0.236275016526518 0.127739943265186
0.00463065974505764 -0.0029027933671723 0.169148877681152 -0.0822549748259791
-0.00351326913522088 0.00585834512942468 0.0132331279776816 -0.145622827720427
-0.000165434127106591 0.011167681799162 -0.0288420408320278 0.108371147160178
0.00684283516872266 0.00442125634543279 -0.113448884121802 0.0382629918552317
-0.00201981336781737 -0.00418604098805703 -0.176591617516729 -0.131138596731663
-0.00619895515945613 -0.00733913019002765 0.0323076608173805 -0.289819631639771
0.00108340600301673 -0.000880282180803729 0.375221263117468 -0.0850338340016847
0.00472582062611118 -0.00016432450071335 0.268028164182648 0.304774160358779
-0.00494197309416218 0.00333586129993134 -0.0629252531298115 0.288159847999056
-0.00403881342537703 -0.0043630116742742 0.0130918714094588 0.0454549803071405
-0.00209704807344481 -0.00423298078400902 0.101332064908536 -0.232713325212197
0.00515756796563518 0.00598137595979259 -0.28417852321924 -0.324448649652201
0.00539732161556686 0.010267810193021 -0.449560911126107 0.159315588523095
0.00263240985868076 -0.000704575576037597 -0.00480991221146417 0.382162674199253
0.00701506705961176 -0.00818407104627374 0.234808292084058 0.128195037027507
0.00769394324158689 -0.00250439768348052 0.171650265835014 -0.0811237075587981
-0.00115341862903686 0.00444448892171904 0.0132247469672583 -0.144154420771785
0.00201328206679252 0.00478117430737955 -0.0263849701200055 0.116560258594139
-0.00612358444093621 0.00381483768868485 -0.126797034135717 0.0538916570571332
-0.00932057902656356 0.000448673194326709 -0.19734377347155 -0.103340450040141
-0.00133344513448578 -0.0105661979880754 -0.00938049645601783 -0.296002591618736
0.00254683913773994 -0.00561682946697937 0.347981108823677 -0.154581162782617
-0.00131394494916491 0.00141378479330736 0.293645411850749 0.243890166758588
-0.0120015461052868 0.00698565243965988 -0.0388510002493946 0.275701545904263
-0.00930735269689287 -0.000883390726428242 0.0138801613590618 0.0399690986345546
-0.00915205904484826 -0.0020154869761021 0.126125806697238 -0.236304869103487
-0.00277288806300645 0.00670922487709132 -0.241835825533248 -0.383147344510784
0.0076419141352474 0.00386388766414621 -0.474996878354498 0.0726303964731124
0.00949654286148466 -0.00533021851827944 -0.0600641942505178 0.371780042469833
-0.00103555884854285 -0.00248349344745656 0.212135265581768 0.161474320991563
-0.00829153071622976 -0.00282817057193952 0.164584203106025 -0.0589883496902725
0.00068542132657109 -0.00383489751966425 0.0156388264115684 -0.13910518752176
-0.000266570492083713 0.00715884205478201 -0.0264790555380219 0.114405599230494
-0.0061553129107691 0.00321942524815016 -0.127287163564381 0.0500440191078211
-0.0120753040371758 -0.00406241247869072 -0.192574344592929 -0.107296188885357
-0.00399181906819021 -0.0137573387907472 0.00218435195754041 -0.295464446864599
0.00494423140099015 -0.00354287102607002 0.35316636748111 -0.143992561621734
0.00106486763159071 0.00489066271561827 0.286809690369014 0.254945799358932
-0.011235782924075 0.00932145461477034 -0.0448895934209617 0.277553241087896
-0.00889457994299516 -1.33736160711016E-05 0.012977092746445 0.0412337700629827
-0.00858786331740648 0.000521814382249688 0.120966228687149 -0.236640240196574
0.000222798685839617 0.0109580204614571 -0.252837337307598 -0.373513221433226
0.0104041148730858 0.00579042335990183 -0.470741448820064 0.0859045373871908
0.00704404631432953 -0.00800703496679057 -0.0476781947215753 0.372696914809939
-0.00443655565989055 -0.00747282734061262 0.215775173221953 0.157365445871533
-0.00904014796558066 -0.00371938917496672 0.163964482072242 -0.062817831754477
-0.00248358871889873 -0.000365417465847522 0.01513796316028 -0.141812232892504
-0.00233822295018414 0.00946915337753478 -0.0264289033698138 0.111663869062568
-0.00576630233955457 0.00274777468185702 -0.126230265050629 0.0462601868810837
-0.0137391282089715 -0.00833376094987348 -0.188611160390461 -0.112844642377241
-0.00532883707159704 -0.0152121665471621 0.0136065808207979 -0.295161848255799
0.00665330347498716 -0.00161226580437478 0.360889660584195 -0.129389852793208
0.0032594422708632 0.00793496506806672 0.278199045863285 0.266884334777247
-0.0102942033575206 0.0101412720237486 -0.0524645672189172 0.280131901944047
-0.00854957859213037 0.000204713914158409 0.0119014431727675 0.0419548935467386
-0.00752852260868066 0.00216188152126587 0.114319340418359 -0.235641363901757
0.00344164087783151 0.0144074032001545 -0.264881675564819 -0.360096378517739
0.0124689230917409 0.00769607060973311 -0.464303928468593 0.104308163519221
0.0041237768806911 -0.00921975361450263 -0.0341103944267638 0.3745865932644
-0.00689534906997397 -0.0113758378119948 0.221311413900458 0.151170212238412
-0.00790931858428338 -0.00425197817447058 0.163579237559676 -0.0673441295163905
-0.00404698284337049 0.0024458176689925 0.0147222784231276 -0.143775133107373
-0.00331996716278319 0.0114209479337818 -0.0269517917536211 0.11006760799192
-0.00333214437861388 0.00184440405131713 -0.124624011637347 0.04258665705779
-0.0133712805514227 -0.0115226530852234 -0.183319259613112 -0.118709307091625
-0.00687036359444462 -0.0158342616017458 0.0240475995335599 -0.293352360495506
0.00681106390414029 0.000153077315636008 0.365525325152204 -0.115331974614086
0.00525165137599115 0.00950502361961184 0.269738432284353 0.281895563420198
-0.00960259657979095 0.0104724070696699 -0.0583293948623136 0.282183134228021
-0.00775030348128893 0.000138839725033946 0.0111871225718182 0.0438958954597708
-0.00598112431487087 0.00276118403039171 0.108696309202363 -0.234565082413709
0.00615261782677422 0.0155133890127215 -0.272052263577781 -0.348527592882965
0.0127972616495198 0.00874108304576268 -0.458180823927926 0.121689420351
0.00143124186706653 -0.00952316453577806 -0.0199455813013108 0.376142949145232
-0.00755785924522874 -0.0142686628803486 0.226384173963057 0.144145732015694
-0.00573114167806253 -0.00343150810076978 0.16432512960848 -0.0726883098448417
-0.00462980530464894 0.00509695647263743 0.0150263982066416 -0.145239208013948
-0.00365780063826285 0.0128935303013526 -0.0272244212176886 0.108115735561433
-0.00113059236015691 0.00179563724124853 -0.121756035701925 0.0390872182628246
-0.0120818898263159 -0.0128541711739009 -0.178970918111765 -0.12480022970329
-0.00722515021247745 -0.0153164319058749 0.0328793311934831 -0.290656162909483
0.00648233984008183 0.00145075210803733 0.370848638259043 -0.0986942581547868
0.00646297226946473 0.00874488214698129 0.263298012714473 0.294937535437628
-0.0080156923278798 0.00989962508155724 -0.0647586337712878 0.284068894028897
-0.00597668041753615 -0.00104465852798883 0.0113110231042863 0.0444514798867638
-0.00511838888503202 0.00238164877000614 0.10398160137375 -0.232779696785943
0.00745038388699119 0.0154129461059469 -0.280768326090005 -0.335918596470914
0.0126593536435647 0.0100716284146485 -0.453004352908873 0.139734552198831
0.000173928968207498 -0.00823708161206012 -0.00925691378265199 0.378116023294747
-0.00621077682205411 -0.0148369177185841 0.230554153495831 0.138198779714666
-0.00271005231607968 -0.00348832750274422 0.165241627934483 -0.0757658615463738
-0.00523731724712205 0.00637560915591684 0.0148133169594328 -0.145626331169339
-0.00356077502122883 0.0132070357416239 -0.0277044839429156 0.107233154691935
0.00184475133010304 0.00221387765495142 -0.118464281972603 0.036453765906193
-0.00884212688240516 -0.0114187603948608 -0.176087946637798 -0.129386478894681
-0.00725586475479157 -0.0131822196255953 0.0379843630098103 -0.288948310534351
0.00540230175314668 0.00122741766666854 0.373170331563877 -0.087952981511867
0.00655006209450972 0.00696602400298443 0.261089106070469 0.303134507133555
-0.00722869771771207 0.00793947771532353 -0.0680852395934316 0.285813257934211
-0.00497572466135987 -0.00211806693329368 0.011174661012319 0.0454615833938493
-0.00312910215831668 0.00065721068977268 0.101880144351025 -0.231725484361533
0.00785187378674835 0.0130538742621652 -0.283322301394971 -0.327237933026419
0.0106018449291894 0.0108989261085499 -0.449152807326976 0.151344076543195
-0.000118940963389557 -0.00659062227270154 -0.00375832355976738 0.378276874848063
-0.00291944968443311 -0.01391092487442 0.233280747533685 0.132184776757538
0.000932218117155845 -0.00309518503925653 0.167160201293319 -0.079372105952834
-0.00456434680331853 0.0070499356897099 0.0143972445348238 -0.146146397335772
-0.0019038384053486 0.012567627461661 -0.0284091160988685 0.107526254786962
0.00494577773998229 0.00299691757658284 -0.116106264103038 0.0356544379556773
-0.0056900316450781 -0.00870093296548919 -0.174425596058892 -0.13188947052652
-0.00685485537748899 -0.0106999169986339 0.0378522856713078 -0.28772684494587
0.00298586780428237 0.000365278991745136 0.374557860149261 -0.0831124560001293
0.00631987813880081 0.00326035939937519 0.260848599219875 0.30682151172099
-0.00589370997705347 0.00569491513078467 -0.0678805007913866 0.286339827469298
-0.0043722978770022 -0.00306612964683174 0.011783826857096 0.0454500301438717
-0.00250799045748897 -0.00145052008543396 0.100836661715546 -0.231549513045538
0.00668527282385269 0.0102127686095801 -0.284645942911626 -0.321659470942793
0.0084553847019392 0.010216848733863 -0.447619655468488 0.158048284323433
0.000976666944135513 -0.00394057177879988 -0.00133507063653424 0.379536548422146
0.00149005689002061 -0.0113284429556052 0.234337630054607 0.128338548816845
0.00472917194735908 -0.00295624461354037 0.169089861124028 -0.0804025884535991
-0.00309884235915594 0.00619710314507516 0.0137174820391566 -0.145221653640355
5.47684030400091E-05 0.0109803478184099 -0.0291114623235773 0.108160158162421
0.00699951847016414 0.00404139397446576 -0.113266931255685 0.0369445719314949
-0.00190252079261689 -0.00440645652789714 -0.175204287419475 -0.131569701086647
-0.00621335552369598 -0.00712495166923278 0.0335894842632331 -0.287698519196733
0.000731676010451846 -0.00107655701928381 0.373209149512409 -0.0828836688920653
0.00460053887983145 -0.000235078655155917 0.263835496021525 0.304818265676718
-0.00497907797324508 0.0036487974166326 -0.0651235332026806 0.285675257755391
-0.00406280121932648 -0.00427396925167201 0.0127162278691218 0.0458212917944556
-0.00193329867501451 -0.00400425603820545 0.103182506362389 -0.230372512488194
0.00473501462639816 0.00546133629667292 -0.280273718660291 -0.323304838870036
0.00598198585447084 0.0100846601124319 -0.447939814546858 0.155995590483364
0.00265257678828753 -0.000439421373047488 -0.00640710780477325 0.380003091063784
0.00580868488645738 -0.00822123267633295 0.233575993764471 0.128864769561996
0.00778570772630627 -0.00277710743121674 0.171380573771754 -0.0800242817112735
-0.00112143111273794 0.00423418399945148 0.0138538931426422 -0.144050295453503
0.00185736077863216 0.00420443321019553 -0.0272746151079046 0.116806271907612
-0.00571779405381464 0.0037074520681948 -0.126461740502836 0.0528629383840303
-0.00944726726900413 0.000104618512803195 -0.196150234385099 -0.104128359675217
-0.00138901894483864 -0.0106494923950975 -0.00747436764196335 -0.295314389149989
0.00230797897192889 -0.00560604424503016 0.347790245553529 -0.15180903119865
-0.00139387714298309 0.00125789423479506 0.290175739827556 0.244520681875514
-0.0119770106922528 0.00713837773398272 -0.0406990838553597 0.273563996070687
-0.00925871166296273 -0.000794561310275199 0.0139266219419658 0.0405123818217622
-0.00913001210939734 -0.00158948181551567 0.128306302092241 -0.234232836654816
-0.0027731055623329 0.00683897339497239 -0.238387253820173 -0.383725453494099
0.00757749034229115 0.00403039439512436 -0.473454039466092 0.0688714905293063
0.00987747013796854 -0.00551072862554369 -0.0620529025836051 0.370725016106745
-0.000891015181602876 -0.00241626053199396 0.210329403476727 0.161656256651857
-0.00817817431517352 -0.00311602408978083 0.164208114627482 -0.0582563870614139
0.000405850749001779 -0.0039149909455466 0.0162320988843273 -0.138957874979519
-0.00022314874687131 0.00724917374811217 -0.0269892402980744 0.11437628732558
-0.00617155358005253 0.00297675888981862 -0.126893430465192 0.0490075767241142
-0.0122311318593574 -0.0044333309930267 -0.191979732627698 -0.107511001699385
-0.00380583237276502 -0.013335402874515 0.00357451982683786 -0.294316714045631
0.00507945817793774 -0.00333972920609399 0.353985310189218 -0.141508696014613
0.00135987288602986 0.00496483874411429 0.283338831557469 0.255273653485415
-0.0115632757184804 0.00886067837351966 -0.0477278567471481 0.275274975180822
-0.00897368905302594 -0.000241063607779677 0.0122365792008149 0.0410906261990889
-0.00841010589349805 0.000323201868662173 0.123270090191263 -0.235008350600965
0.00023735387592178 0.0110191597244532 -0.249714062094682 -0.374124417244999
0.0102751826057955 0.00599625594448857 -0.468637303191604 0.0825650216434621
0.00699120554176268 -0.00759936634588502 -0.0491122417711818 0.371316393726635
-0.00460536594764513 -0.00793429794183187 0.214937740529457 0.158042474414706
-0.00873700974005341 -0.00344399802004705 0.163399487011973 -0.0621324490972488
-0.00173716619724266 -0.000346429026084206 0.0163709233159128 -0.141293887378969
-0.00189014652531538 0.00926525253170549 -0.0271382146391457 0.111482640092313
-0.00555327762440931 0.00182275107481789 -0.126411542491076 0.0453831986662551
-0.0136117627117943 -0.00829301699347142 -0.187566337089116 -0.113300364199554
-0.00548372474387315 -0.0150978295657506 0.0153919517860346 -0.293625818444038
0.00601922809553422 -0.00156483234600266 0.360585384174449 -0.126809053592739
0.0035790689234277 0.00799938890338816 0.275053220564958 0.268862595796425
-0.0109202515028092 0.0103455573040199 -0.0546826009032531 0.278475225738497
-0.0078261222949053 0.000172529038367078 0.0122891145389875 0.0419025939797376
-0.00765196364295961 0.00199233800071636 0.115847419270518 -0.234128657753983
0.00316260800915851 0.0141996155889012 -0.260623056562995 -0.360440444240323
0.0122332825953999 0.0076562705820465 -0.464455557279812 0.100692983115839
0.00418288011380801 -0.00942206088578474 -0.0358377452507961 0.373839784187873
-0.00660718287312272 -0.0113565261706699 0.219623778682412 0.152342432006902
-0.00780929814052181 -0.0040025020829238 0.163950129936739 -0.0665654537851978
-0.00326835973802345 0.00270419833160985 0.0158869467749778 -0.143089248738568
-0.00350725048937571 0.0110552018477232 -0.0271926219279688 0.109236690289419
-0.00370314699744642 0.00196667734829882 -0.124004478011682 0.0415324503578503
-0.0134685483194683 -0.0121836172939002 -0.182162906331933 -0.119089465418217
-0.00659555839387784 -0.0157992476821248 0.0256235650337245 -0.291823341653034
0.00705331450266604 0.000437809195471239 0.365331992285419 -0.112351287523634
0.0050884260327552 0.00871146654241065 0.267643720752473 0.282566699023132
-0.00965683777336744 0.0106359606913656 -0.0612345135913474 0.280441872594531
-0.00747228199442205 0.000548897154026865 0.0112135247385461 0.0434412520209844
-0.00615101803813182 0.00291408372944071 0.110271545985893 -0.232509220739054
0.00546541761595868 0.0152806260619476 -0.269503349494209 -0.348533023300945
0.0129735251207626 0.00884637106850758 -0.458296581407286 0.118639941102107
0.00190620820163899 -0.00973727357651209 -0.0219537344233051 0.375626540705948
-0.00735985697975326 -0.0142354156827804 0.224967663668637 0.145268836838788
-0.00603164945368708 -0.00359999329104811 0.163919179304748 -0.0706461208171034
-0.00476535136860664 0.00436263244781439 0.0159560224667206 -0.144461879120869
-0.00392365148609414 0.0127469522825153 -0.0275136811194351 0.108133086985356
-0.00112210745700528 0.00189657248846717 -0.122083707888328 0.0378043674486535
-0.0115124601363911 -0.0126327196905215 -0.177772154278241 -0.125592500225304
-0.00739103539940916 -0.0154787822059919 0.0346954850263503 -0.289233123067196
0.00662669770718656 0.0017226923927848 0.369929201144257 -0.0967453515115191
0.0063479603990905 0.00818233256837295 0.260928586063044 0.294459066371961
-0.00833193840610945 0.00943371784873848 -0.0669070112107982 0.281642919562245
-0.00624235996434254 -0.000922366857065149 0.0105399664459934 0.0445550762338269
-0.00453074340410486 0.0021637211878208 0.105504490525382 -0.231237567275293
0.00713203922810404 0.0150405703284812 -0.27507661125646 -0.336988437053315
0.0125103337800981 0.00963117920393173 -0.451366748373058 0.136888830958171
0.00014673760080138 -0.00821500050413451 -0.0120800703642384 0.376461172486185
-0.00621766043419728 -0.0145759923102931 0.229088204862649 0.138772431518671
-0.00348691430664601 -0.00360835319440482 0.165786615067012 -0.0754453860548378
-0.00522117399650439 0.00633530730924159 0.015498767387756 -0.145815035883006
-0.00333819269731836 0.0133896202547121 -0.0284254647584853 0.107032793609079
0.00194735133473359 0.00206484455496129 -0.118674154669508 0.0352556035454754
-0.00868358198033938 -0.0116579695573217 -0.174143220935624 -0.129601169185798
-0.00706621077853086 -0.0131992135771946 0.0398618006750562 -0.286931176363462
0.00521776188089988 0.00139884753543563 0.372487875983538 -0.0857036868142027
0.00663979720869709 0.00667748768998724 0.256919606168294 0.303439168869758
-0.00724458309968761 0.00824942460187739 -0.070110815095165 0.283676211499619
-0.00500409673121324 -0.00224877182004285 0.0115286031312161 0.0455001027868891
-0.00323480388395568 0.000281316668080378 0.103286208761708 -0.229964089397309
0.00760731556623045 0.0134321618231531 -0.280189066126156 -0.327191591254146
0.0110880448688903 0.0104671203393249 -0.448805429769795 0.146461546235719
7.68002993625188E-05 -0.00619911480723549 -0.00523095883831044 0.376248799201509
-0.00312539624139475 -0.0139103889991845 0.231488985535535 0.133805352597999
0.000946589293889859 -0.00311986838130437 0.166806116825423 -0.0783568363397939
-0.00494777590316057 0.0069648040872163 0.0153482962048726 -0.145872979337473
-0.00224827971676602 0.0124670227937831 -0.0285563509357112 0.107674541717428
0.00463975585759528 0.00302503631802291 -0.115740825353563 0.0352471232952537
-0.00575747731600884 -0.00853610841321685 -0.173314313484442 -0.131600220502267
-0.00732512126124529 -0.010267314322916 0.0394595911972652 -0.286949328740649
0.0030462625097021 0.000742671689811954 0.373271565489329 -0.080591859280352
0.00617821481532468 0.00346981997195248 0.257745147624242 0.306890759859337
-0.00596058697674644 0.00645010595521415 -0.0695478722657926 0.284225390125906
-0.00459169078309466 -0.003177021324848 0.0119397671717953 0.0455882031197175
-0.00231469605092923 -0.0016136301823819 0.102587426624397 -0.229483703743332
0.00694985111112467 0.00996454923443989 -0.280995560266457 -0.321955521186435
0.00848279355218796 0.0106345465540032 -0.445550208185891 0.154490079627562
0.000604904542091513 -0.00358823922197143 -0.0035455845713713 0.378228989787542
0.0014581717226113 -0.0115687960546629 0.232987343402902 0.129330702031283
0.00469725163918697 -0.00303269196506616 0.168982985199906 -0.0798725058207079
-0.00320262533691632 0.00592026518116226 0.0143616235768418 -0.144646532466661
0.000264818786074658 0.0109497359138614 -0.0292571125133665 0.107745030881894
0.00644017563311889 0.00424728910871853 -0.113386794370939 0.0361835406132622
-0.00190928876008247 -0.00412139535261845 -0.174018209975267 -0.132640686838684
-0.00624862953837858 -0.00685096861976902 0.0355296770057429 -0.286271717237239
0.000409402380338257 -0.00087495177501774 0.371610019030016 -0.0798333839641615
0.00481241425175423 -0.000178145786614847 0.261845017636354 0.305606382831184
-0.00514851965764055 0.00363826083948592 -0.0670330030028172 0.283957473345801
-0.00443905553279138 -0.00479595169226262 0.0128555282986312 0.0455653937530472
-0.00155675223194629 -0.00417091483203331 0.105012985736991 -0.228753671229449
0.0049555581646003 0.00584060409876682 -0.278034585360385 -0.324942720298379
0.00536522496933002 0.00958710892656788 -0.446450823025312 0.15235649171276
0.00297191798961642 -0.000351416052719266 -0.00923098711707221 0.378810826929591
0.00649960188739075 -0.00813453844906919 0.232142765166487 0.129267925166667
0.00745773450545198 -0.00235424304242956 0.170097429694187 -0.079783080228694
-0.00162005189950934 0.00405423060333351 0.0142063926844873 -0.143854369191171
0.00212274175359594 0.00430390093781296 -0.0275233122113588 0.116563228546062
-0.00609972176917494 0.0031470651808609 -0.1261657577672 0.0519968738141461
-0.00957566458241447 0.000434664971289406 -0.195303807915011 -0.10438587510524
-0.00122957932754131 -0.0109964538648231 -0.00584986241056198 -0.293713105483179
0.0023924638169394 -0.00564199292171324 0.347790333972178 -0.149812709617706
-0.00146528389427028 0.00107510398702062 0.287247353238509 0.245627279054337
-0.0122325368982041 0.00712518387752408 -0.0425005797790919 0.272707795563738
-0.00941329933628112 -0.00081834455401817 0.0136659824607822 0.0403072425565059
-0.00884776067111975 -0.00214336408038466 0.129468961411644 -0.232491400560509
-0.00331647484244572 0.00659979883576206 -0.235718830497723 -0.384026835470868
0.00708146411119926 0.00432065047311947 -0.473738737601655 0.0661706663514814
0.00984539008171939 -0.00516389140871142 -0.0644569713429615 0.370156772708944
-0.000977597511583945 -0.00315350158761346 0.209070173508146 0.162895722000892
-0.00814560215215157 -0.00295831558680789 0.164548122135469 -0.0578027696683472
0.000499266967006866 -0.00401629716380628 0.0170078089343268 -0.138674741987281
-0.000411177916827988 0.00688104374410824 -0.0272283649155845 0.114163248891137
-0.00677365369558198 0.00279999976685179 -0.12668310325444 0.0484264775708358
-0.0123210923740826 -0.00433441319726482 -0.191334959495615 -0.108740878760286
-0.00341699269985695 -0.0132538924530791 0.00553535647997284 -0.294096462131188
0.00459425923109976 -0.00347988069896693 0.354028956892447 -0.138958716803432
0.000978457138991607 0.00480023971357415 0.280330440056582 0.256152021660524
-0.0116832948269441 0.00912277592308373 -0.0488220134970999 0.274510849653209
-0.00924240474252602 0.000269413364836519 0.012813297151029 0.0411980747316721
-0.0088938128271753 0.000405831330965617 0.123662947755754 -0.232822156132904
-0.000245195260940566 0.0116287968344416 -0.245344158836469 -0.374304445748044
0.0101828982958063 0.00562828584581736 -0.470244703912966 0.080683602647412
0.00712105072153145 -0.00785449162007596 -0.0515285554866246 0.371055628610154
-0.00526506038383759 -0.00826906230680525 0.213443708250799 0.159671351583228
-0.00899427557355044 -0.00374090987272571 0.163075337787901 -0.0613060652761802
-0.00198303188122049 -0.000538403451409294 0.0168542198938994 -0.14124779811674
-0.00167060016155889 0.00974927922041291 -0.0271204995413172 0.111785717245429
-0.00556554690910637 0.00238701927821784 -0.126398067424906 0.0445546236107515
-0.0132848704545859 -0.00863765713271456 -0.186645826814519 -0.113854005725606
-0.00527808086776413 -0.0150371749015438 0.0169126463217353 -0.292876439863456
0.00611572481332627 -0.0012224018876631 0.360304812920615 -0.124490398495664
0.00346748483717808 0.00753592086012427 0.272139176635748 0.268482293367513
-0.0112590545985006 0.00976450295084406 -0.0566289340346448 0.277262417792117
-0.00822049850128843 0.000121605890513862 0.0116976474640002 0.0423029968394297
-0.00744895869979053 0.00196394685250804 0.118096204835582 -0.232368807650733
0.00288021420176619 0.0139576048925915 -0.257578306503192 -0.362052413878164
0.0123414573396857 0.00741966751598426 -0.463129354208964 0.0982969444520721
0.00407037404460336 -0.00937407994555759 -0.0381496183068246 0.373685966400286
-0.00661587717300336 -0.011640019742124 0.218214952435266 0.153304530456797
-0.00826498702814465 -0.00419884490631614 0.16400740290681 -0.065997380434282
-0.00364955080924989 0.0024117076536238 0.0170268300073706 -0.143104775829013
-0.00325062136420471 0.0114390741928744 -0.0274589432562104 0.109786676105013
-0.00374382272346849 0.00140050741587244 -0.123753306051125 0.0405146970243306
-0.0134491228074764 -0.0114457446627406 -0.181983500919405 -0.1201445704942
-0.00628967986433369 -0.0158079550177065 0.0273509341950138 -0.29049058542374
0.00691308662519533 0.00036553017583967 0.36455106348505 -0.109973398772999
0.0050598954875146 0.00896010239855197 0.263471274379452 0.283240230154834
-0.0102541917879899 0.0104017467467506 -0.0632760302766662 0.279820930808365
-0.0072941381255548 2.61533909566764E-05 0.011022062547313 0.0437635172935097
-0.00602301105874098 0.00241814726631731 0.112627560542687 -0.230992563609038
0.00557255371814114 0.0155839536499719 -0.266276241252083 -0.348940796254399
0.0131350212471597 0.00888869194426905 -0.457939431010236 0.115087569870185
0.00183564504912232 -0.00926154584313383 -0.0236506227119256 0.374918540864751
-0.00731492374234488 -0.0140417657226198 0.223237149516704 0.14672617136153
-0.00559781633529708 -0.00383151171710627 0.164592257169007 -0.0703173341843854
-0.00510385779162911 0.00482122445885134 0.016387180689876 -0.144805397122144
-0.00375030353218537 0.0124490307097188 -0.027742494605005 0.108689632450256
-0.00156873429561917 0.00136471551779877 -0.121253782461169 0.0370851066444613
-0.0115707940668695 -0.0126986005574797 -0.176623139354869 -0.125842228396346
-0.00674908393666214 -0.0146713635847456 0.0367139779342522 -0.288519516342377
0.00677013457775571 0.0013316884763408 0.369283810548659 -0.0937653215446046
0.00594770704136148 0.00852470659643178 0.25749236652814 0.295945010477971
-0.00876259646156669 0.00955657588692091 -0.0689538316255997 0.281186116159185
-0.00588014371511732 -0.00110021920096408 0.0109094344757763 0.0446871441008285
-0.00460728804472493 0.00234881973804452 0.107165763696024 -0.230481964205406
0.00722531134655674 0.0151588361984206 -0.274071351102741 -0.337590484635363
0.012541911386323 0.0102224710180835 -0.452486966785606 0.133029132139439
0.000386020781237747 -0.00855915312952719 -0.014075124318806 0.376231955320208
-0.00650229666799059 -0.0146145249855822 0.227836750259348 0.140191804033834
-0.00313264384467883 -0.00316664751602334 0.165575932418306 -0.0744806925291842
-0.00513310520596712 0.00650817043043402 0.0168034150566353 -0.145659868534131
-0.0034840535113887 0.0130260905677027 -0.0285467816292002 0.107284699237201
0.00155981625670883 0.00226216719351854 -0.118444528334906 0.0349618415354379
-0.00914034620260118 -0.0117432639911812 -0.173692473151826 -0.130039443310166
-0.00716945203013083 -0.0130160016547694 0.0413670208265907 -0.286136089101094
0.00505352168518092 0.00182018266297468 0.371750585938253 -0.082248993676259
0.0064828822543335 0.00664164315189008 0.25517881042415 0.305267407562126
-0.00744192611220188 0.0083006218546349 -0.0724263504870165 0.282003310572846
-0.00507563418840059 -0.0017601145380997 0.0105049472235606 0.0455182518039822
-0.00341163905171469 0.000410389052499786 0.105839214433389 -0.228128756685731
0.00754175046560934 0.0131524656850236 -0.276423175022758 -0.329082782146539
0.0107921848717789 0.0106955202663857 -0.449622388885505 0.144746473234251
-0.000101169904019037 -0.00615079509080471 -0.00767863705179252 0.376491638528716
-0.0032104177611386 -0.0140197949465727 0.230586286419014 0.135249903649761
0.000834081394267217 -0.00300488876666014 0.167663614907766 -0.0774835094341696
-0.00452663657935226 0.0067339451269395 0.0161183390985959 -0.145883299987322
-0.00232242864968014 0.0120350782077439 -0.0288567789543349 0.107756437261042
0.00431733769845954 0.0027783843332798 -0.115818291276686 0.0345038780672044
-0.00554067777897705 -0.00907019260006117 -0.172251300890596 -0.132049166343745
-0.00716440435093031 -0.0104406967377452 0.0412512962285428 -0.285548834433395
0.00317489789703771 0.000786676786337028 0.373037503993468 -0.078163502568637
0.00623538142039575 0.00317560962152401 0.253267517211153 0.308294618118785
-0.00631973558925203 0.0059756943166532 -0.0716308182006061 0.282918766283164
-0.00446182236862766 -0.00335756888357156 0.0118345281597415 0.045479945058104
-0.00204921004392696 -0.00147256824624231 0.103846721513443 -0.228336934008875
0.00641261649364954 0.0098642021453175 -0.278384247518041 -0.324376401207969
0.0081727166894111 0.0105107851693987 -0.445762452720769 0.151628466272378
0.000720368168877909 -0.00343711545009163 -0.00616022876356023 0.377240353620555
0.00114428873097347 -0.0115315515070382 0.232234456123632 0.130627214243204
0.00436706749607642 -0.00257233636701664 0.169632478901873 -0.0791597211643581
-0.0031424455665079 0.00581904049636591 0.0152913809384155 -0.145275711712441
0.000184664866214302 0.0109557159414451 -0.0297536175944446 0.108285941778818
0.0065390022499709 0.00394648536552132 -0.113208642930056 0.0355646471007048
-0.00205654910324961 -0.00423708418884887 -0.17298500553968 -0.133100539713351
-0.00610080645866287 -0.00686666702602337 0.0370226606455797 -0.285443691576827
0.000824658127308868 -0.000699101691317034 0.371358869635433 -0.0774786411096501
0.00468331317328589 -0.000485797854206016 0.257558318606963 0.307351722894288
-0.00575458235299467 0.00381779346233876 -0.0690415078369783 0.28275428713679
-0.00401541917164874 -0.00438170970623938 0.0126780432813923 0.0459086776993325
-0.00204580561632258 -0.00414639489809498 0.107226925288357 -0.227232200888508
0.00488318003696257 0.00552280948587624 -0.274069049153366 -0.324701304223561
0.0056916817026609 0.00976095132893454 -0.447098856908459 0.150893458713629
0.0029409645345357 -0.000527595753373051 -0.0108385844823351 0.378752204801731
0.00616420987472062 -0.00812431196375067 0.230677633485641 0.130449579791716
0.00753610863253594 -0.0024023182747341 0.17104721189418 -0.0790244391950562
-0.0011881689930248 0.00413568790374159 0.0151328515145802 -0.143599502127684
0.00296734331422649 0.0027149938217021 -0.0104537813578142 0.118522711647752
-0.00425649912395219 0.00381359281716416 -0.117098258591336 0.0695027414648186
-0.00794483205628442 0.00310277208419622 -0.208273401472594 -0.0757926809437448
-0.00382440624913553 -0.00764665240713554 -0.0447691816816294 -0.290852552023142
-0.00193691802815162 -0.00585990362311255 0.325196572355282 -0.195429795770274
-0.00285263696583436 0.00114426378695474 0.317293097544263 0.203314333189716
-0.0108021038169064 0.00919935982567227 -0.0015517531930104 0.275178312288114
-0.00973015184228006 0.000769492824033216 0.0193768838311721 0.0381356939766814
-0.00861506378396565 -0.0012901960975208 0.0933078705801416 -0.247859255893477
-0.00206647092935938 0.00551762783837361 -0.288499380979401 -0.342258669443975
0.00597328145853877 0.00164107153552998 -0.453755153011612 0.137334217300897
0.0058938745664301 -0.00702570089260445 -0.0031518686890408 0.373449919411555
-0.0040953189154235 -0.00135269061117053 0.232692743326289 0.126630845482277
-0.0087953220576572 -0.00110152099349749 0.150738727220525 -0.0832884327528912
-3.46110246577083E-05 -0.00368767245676469 -0.00569526228913929 -0.138256303817248
0.000870757663733926 0.00563490492405555 -0.0101396681445418 0.116248778112804
-0.00517393629062133 0.00307627245000335 -0.118818967722626 0.0662596148508749
-0.0114789485883878 -0.0012361604217228 -0.205484955011289 -0.0806962680967726
-0.00696964170449119 -0.0101358546255942 -0.0334891243757233 -0.291410451633444
0.000443064769560278 -0.00446808310104171 0.332095067324875 -0.185923509100581
9.64997612428308E-05 0.0042567138788902 0.312413169783973 0.215314577909484
-0.0102639249121651 0.0104010186294134 -0.00778136785824789 0.278417507921641
-0.00901601852716037 0.00137533826686904 0.0188830299135136 0.0386384302698724
-0.00854420236186953 0.00141458331203665 0.0874809749601074 -0.247043942555028
0.00150205669682971 0.00853542073377418 -0.29818182421591 -0.332221138797879
0.00875709563860009 0.00240693920429263 -0.447382368824066 0.150363976533561
0.00274598992431898 -0.0093131826896713 0.0104143419810221 0.372716873645098
-0.00815716601253183 -0.00661920526449926 0.236796909050443 0.122058638179302
-0.00928580426655586 -0.00158395408364124 0.149344872579617 -0.0869092375004821
-0.0018129971319045 -0.000754712875766759 -0.00620816439445529 -0.140964532038224
-0.000765251752820223 0.00832541582783553 -0.0105615417508495 0.11389077323478
-0.00403659551640944 0.00219106422756437 -0.11838925055387 0.0622692082498876
-0.0136090152406739 -0.00529028273033252 -0.201688956401569 -0.0870282222451753
-0.00854616101336075 -0.011986167383792 -0.0225541684140248 -0.29227229294253
0.00249060028408889 -0.0026930754717094 0.340689544144608 -0.172035677784906
0.00251048860241191 0.00651333219337795 0.306305160800608 0.229390667507435
-0.00946478505268167 0.0116732656348865 -0.0138066007766646 0.282007460911723
-0.00787493792176005 0.0013833826718632 0.0176913040412116 0.0401737519016637
-0.00695359342323485 0.00251417808250425 0.0813885216872098 -0.245544244805906
0.00480199274563735 0.0111015458520326 -0.307916390780745 -0.316890538213665
0.0109416579161836 0.00446490325139164 -0.439408914615457 0.168838741557132
-1.45344965561791E-05 -0.0101726080683071 0.0236018893545353 0.372373690854824
-0.010691610745574 -0.00938830948116459 0.240401064566641 0.114979341263318
-0.00870378263270246 -0.00233938654839789 0.149191493160916 -0.0911949820996584
-0.00289376286911751 0.0030864697556679 -0.0067070547446127 -0.143069792676771
-0.00195310377891765 0.0109141146931209 -0.0103273402330398 0.112089985785359
-0.00225637308924151 0.00186868156928305 -0.117116747045548 0.058610746784884
-0.0138536481802134 -0.00817569393326367 -0.197548816125375 -0.0935028488895271
-0.0100554220887228 -0.0128548041758159 -0.0129636897566243 -0.291695483168218
0.00347757709719766 -0.000968465336287562 0.347288714671338 -0.15828688398454
0.00427820259981304 0.00783119129133342 0.300134484657386 0.242278675527684
-0.00827810227806512 0.0117365803818014 -0.0211862376401097 0.285578520697323
-0.00748775177399173 0.000862462645600216 0.0179885039655983 0.0421787355786646
-0.00547630409035688 0.00279343626176547 0.0761522177314138 -0.243756061586024
0.00793619212303754 0.0124988903418161 -0.314806402415553 -0.302377793441359
0.0120022990292693 0.00612851161938548 -0.431289365609989 0.185203994492947
-0.00262719694636444 -0.00982323056441324 0.0372524260125722 0.371551458730062
-0.0113645360155085 -0.0116521756653882 0.244286638487395 0.108256665087866
-0.00648171258441663 -0.002392351832832 0.149269294074487 -0.0957560359275413
-0.00350522758038648 0.00541693845948869 -0.00759857981021483 -0.144100118462398
-0.00193274921145617 0.0121437087063689 -0.0113168203189572 0.110348230470967
0.000149985438260219 0.00168488490369746 -0.115182939236066 0.0538239467739662
-0.0124967900852174 -0.00943644663307819 -0.194114567370975 -0.0997761108506338
-0.0107018564767101 -0.0118088113888914 -0.00328667991272583 -0.290645349987353
0.00340903267508887 -0.000581344770612223 0.354311588125484 -0.143145591866005
0.00534458859050051 0.0069549249445636 0.295006467265491 0.256600741810285
-0.00710943430268076 0.0102495856694261 -0.0259267204561805 0.288016792735172
-0.00629723584504832 -0.000239958013515896 0.0169352340973818 0.0421535915878321
-0.00379263731130586 0.00233142595470927 0.0716611724091951 -0.242030658429769
0.00907027115651965 0.0120732219227993 -0.319111348457745 -0.29122846331537
0.0113517453044421 0.00686119045544322 -0.422943936373291 0.200492948835632
-0.00438444855546301 -0.0079811577334176 0.0475896636649628 0.371128357846958
-0.0106185462198078 -0.0125260390732669 0.24806125401222 0.0998777319172732
-0.00383206829418418 -0.00224478417728436 0.149973876137401 -0.100066636572126
-0.0030283494753808 0.0073927464075118 -0.00776688286327979 -0.145241212650153
-0.00125347748722193 0.0124673764507365 -0.0126378671076425 0.110178101573517
0.00318651400211724 0.00171708621210771 -0.112684647235419 0.0510176946665587
-0.0094619023390379 -0.00841724251214214 -0.191674863501642 -0.10566707328732
-0.0106828114095599 -0.00986100990519327 0.00245219517414468 -0.289432656693622
0.00192877144384295 5.16763744501862E-05 0.358493717499474 -0.131978471716606
0.0052055009397263 0.00549868597118706 0.292880367338118 0.264398064888201
-0.00670194782469738 0.00866452541444447 -0.0289436914360684 0.289465497193114
-0.00566271286027879 -0.00124372828625534 0.0175015298706225 0.0436889523145319
-0.00260380738055543 0.00102225923457848 0.0697790611645315 -0.240411183594394
0.00931891323291522 0.0103778770890602 -0.321713717098531 -0.280282451484986
0.010152006144829 0.00784420955820699 -0.418155451237805 0.210648709885271
-0.00434677591007592 -0.0061693203337658 0.0536091045808005 0.371221497149532
-0.00740995050829505 -0.0118759932023441 0.249236209783043 0.0943339403466116
-8.01225971897735E-05 -0.00208994425847805 0.150241427129042 -0.103015045441586
-0.00282620979259341 0.00775908119303859 -0.00822059086350512 -0.144886081634853
0.000126319203488119 0.0117531583442313 -0.0126595722897054 0.110151207379224
0.00599838112250392 0.00199698685428791 -0.109613460133607 0.050342644212597
-0.00565595196954595 -0.00644149428188695 -0.190392689944733 -0.107603883674962
-0.0100427160457498 -0.00718305038972495 0.00258745483494856 -0.288217005774612
-0.000234995905630935 -0.000755347063857082 0.360024673287646 -0.126866230217871
0.0045034792589279 0.00184829214701039 0.292462601535727 0.270030241325717
-0.00535322238629287 0.00652032281249145 -0.0287582763519065 0.290412915446767
-0.00480756700769948 -0.00260929093952233 0.018101832461366 0.0439107406138396
-0.00225963100698567 -0.00202872967486414 0.0686281236471962 -0.239592422423082
0.00819802539531408 0.00664578948202701 -0.323294586429909 -0.275854822478067
0.00736629845188663 0.00836113681073309 -0.413938338081824 0.218695146220908
-0.00341980906916949 -0.00347307204685296 0.0558420797922206 0.371504704288747
-0.00257256574658299 -0.0106438812906922 0.250269719434231 0.0906909212414628
0.00362773004049978 -0.00282333840547469 0.152403066913101 -0.104659651456911
-0.00131185170543503 0.00697648937437008 -0.00843804186884779 -0.143785189278357
0.00168099023860882 0.0100751589833977 -0.0134376176756097 0.110207513183062
0.0080721103802828 0.00287999795247338 -0.107537005466938 0.0505645276547596
-0.00137219813573774 -0.00222765282236905 -0.190599556950113 -0.108029446501477
-0.00841895266065159 -0.00378441874984132 -0.00214731291905398 -0.287501573371124
-0.00325098881156036 -0.00171364123100353 0.358744882207118 -0.127613893981373
0.00300915494927894 -0.00189206980300289 0.296226430417372 0.266903672296943
-0.00524504388258816 0.00427975809826486 -0.0259611669797253 0.28927757563243
-0.00471024004106296 -0.00377345407370917 0.0191013305454617 0.043625133148133
-0.00248093848353611 -0.00423397417930555 0.0713483429267694 -0.239137566455456
0.0054406725132344 0.00280560107909859 -0.317490584756542 -0.276707611506852
0.00497309367558481 0.00803614677213242 -0.414807836622737 0.216201299311742
-0.00045270651463914 -0.000840130999642104 0.0499523333326269 0.37352538315015
0.00314481667578716 -0.00772753964138887 0.249009787609448 0.0916945373658223
0.00681620307344456 -0.00286365163548321 0.154929303774072 -0.104550494592101
4.3659365047747E-05 0.00449599385987702 -0.00823191091459951 -0.142453571175807
0.00280505790572235 0.00305309333027153 -0.0106473475630808 0.119307241229636
-0.00448770232456379 0.0040330529532196 -0.117835527695958 0.0694604920644254
-0.00787404874080626 0.00270185338916617 -0.209354637502739 -0.0769717914168307
-0.00386014556548048 -0.00772052847752091 -0.0431563591863886 -0.291088534173632
-0.00185184568938489 -0.00606824794869243 0.327565699893141 -0.194000414878511
-0.00310063161421357 0.000592295009726887 0.317385277915667 0.206090117548349
-0.0110190294001005 0.00884377949060622 -0.00309219680571807 0.275261848253802
-0.00950118097280504 0.000664208437217724 0.0195684291733145 0.0381245103691896
-0.00862679869555163 -0.00127980524567409 0.0950890573617294 -0.247528674084386
-0.00237821489555105 0.0050679813945855 -0.287655438841216 -0.34421449568964
0.00598592719122508 0.00170209365533474 -0.456185616768086 0.136101234948242
0.00569080657485118 -0.00707382764850133 -0.00415502978119911 0.374565310320472
-0.00417270570442476 -0.00187764928372121 0.232546913741885 0.128424615741553
-0.00869252266091336 -0.00140282060472802 0.1517179182871 -0.082925169273575
0.000538691680922435 -0.00377296755882784 -0.00482954317121482 -0.139301073165285
0.000996796949195584 0.00586682526168193 -0.0104960535137929 0.116963251255248
-0.00500779330757122 0.00303172552207525 -0.118500438158753 0.0661269026277751
-0.0115115752995626 -0.00136217105015249 -0.20568993499333 -0.0816022012721976
-0.00597652300776632 -0.0103851563633466 -0.0328680175124545 -0.292111257923003
0.000926021194065528 -0.0045408407247342 0.334272650281803 -0.184737143970614
-0.000359072412550572 0.00414274712193032 0.312165918873087 0.216392121388717
-0.0107901645716512 0.0106553193260011 -0.00997742313234269 0.279099604584531
-0.00929871928698799 0.00179922069941009 0.0193544761445983 0.039382749470315
-0.00821515540501237 0.000750667404698552 0.0896257383376613 -0.246126994525879
0.00131772882280278 0.00891984981522031 -0.296189103826208 -0.33311239058638
0.00879955663330281 0.00284307242617517 -0.449670316189789 0.147973424821697
0.00258173120369495 -0.00915845392986021 0.00842721510473035 0.373759684006567
-0.0081775061628819 -0.00621235179532927 0.236281625339373 0.123338545975579
-0.00953876692168487 -0.00156157680502474 0.150282262219164 -0.0866586125406103
-0.00157177640510361 -0.000200923774108798 -0.00605366915791832 -0.142205612462717
-0.000821720430959938 0.00843559829018691 -0.0102025648273735 0.114048969154753
-0.00441690917028122 0.00245651615632772 -0.119464823195269 0.0616915843554315
-0.013331970560102 -0.00533689695858465 -0.202280396937374 -0.0878865336057377
-0.00846993407843019 -0.0120971805406872 -0.0213366812783189 -0.292388634254133
0.00241498838033893 -0.00241934463058989 0.342206502763147 -0.170721577695302
0.00280162331603132 0.00679387213247112 0.305444688575309 0.231197189681846
-0.00970698141492261 0.0116086585284238 -0.0166159875177829 0.281984287195107
-0.00820279574364886 0.00170212960770389 0.0182837366094168 0.0405543543382007
-0.00711586516842686 0.00179422108341154 0.0836782011479067 -0.245422127406241
0.00477977027118816 0.0115607650820081 -0.305448498178395 -0.320199601554786
0.01125849499777 0.00431124296760209 -0.441613313671209 0.164988731421296
-0.000352452938397557 -0.0102710028938418 0.0219248502600381 0.373450543792572
-0.0107629754163025 -0.00945975130546747 0.240442870858347 0.116193523765945
-0.00906170666030428 -0.00203898020473463 0.14982724180279 -0.0912920072130092
-0.00255614543220593 0.00313373773757818 -0.00641024593391648 -0.143123841121949
-0.0021425409136132 0.0105245725132275 -0.0110077091665782 0.112481236683414
-0.00258844693008516 0.0017594342458789 -0.11735512140571 0.0572772405733797
-0.0136214636045814 -0.00872706166877636 -0.19821019238079 -0.0945582890949906
-0.0101429803905473 -0.0125938171310022 -0.0105085904186194 -0.291674006027318
0.00363002292861467 -0.000865167498935747 0.349650465300906 -0.156548255858265
0.0043316513306572 0.00744487590116302 0.299296695194554 0.244566716913374
-0.00862989985847424 0.0119656686301728 -0.0225137935120318 0.28582670885484
-0.00739153748676991 0.000679104212503195 0.0174817203742745 0.0422143743367332
-0.00538199319109522 0.00292227150980936 0.0777572491124787 -0.243542686198303
0.00737124328519048 0.0128123974874011 -0.313655483039892 -0.304691792218074
0.0123443985389964 0.00580991481066021 -0.432299971223492 0.183167210953921
-0.00248688872690096 -0.0100822047796046 0.0355894228523536 0.373095761566284
-0.0118730161904458 -0.0119631791277647 0.245289018766004 0.109152433892384
-0.00655597408471206 -0.00168029615708305 0.14961884362524 -0.0952302862297302
-0.00393747318802871 0.00536276641472336 -0.00674937147694554 -0.144763295618804
-0.00220070843650987 0.0122410841850161 -0.0114674407589311 0.110932591866751
-0.00011284840174616 0.00129258624222438 -0.116152771146224 0.0541320847552312
-0.012239811958408 -0.00976701351510794 -0.194512085559915 -0.101228541925423
-0.0107883783954847 -0.0118697403064413 -0.00188991823928375 -0.291717650043095
0.00320972553149461 9.11002567796776E-05 0.356341598554611 -0.141922840212567
0.00529126889748156 0.00711752123456099 0.295065543806416 0.258680343586049
-0.00758295614282699 0.0101667611037105 -0.0283699256862559 0.2874855379105
-0.00664722076463701 0.000128837571645142 0.0173527734524675 0.0429988285633495
-0.00392081549885241 0.00210528120806656 0.0735939693505125 -0.24187452823879
0.00916560004552457 0.0121682550283439 -0.318114019485365 -0.291635483245472
0.0117189391705578 0.00727016198844128 -0.425241750023422 0.199090278079261
-0.0045037266203611 -0.00841483562978072 0.0462264615460544 0.372999386610936
-0.0106678538727497 -0.013124718214428 0.248138287011914 0.102035156420602
-0.00367029888297992 -0.00228210086229175 0.150808091301583 -0.0993946875549485
-0.00361480410589746 0.00721799231137587 -0.00713747167288795 -0.145159909826232
-0.00182473040545181 0.0123767163045133 -0.0124368315979595 0.110776661083655
0.00302285792232991 0.00168025518272209 -0.11281984833519 0.0509047566006672
-0.00981169181667989 -0.00882213851536529 -0.191451368535073 -0.105605292636206
-0.0110318895313619 -0.0101257524341169 0.00376113710650276 -0.289417754030028
0.00198253904655267 -0.000315395432522108 0.35947531594943 -0.130779032347298
0.00544269771514343 0.00494642358073868 0.291802897371228 0.267551389676992
-0.0061034278417299 0.00904215789424426 -0.0313203895299962 0.289525138655489
-0.00541344522991482 -0.00105709365404192 0.0176648294006158 0.0433944497951478
-0.0027470828694496 0.000488522763687243 0.0718003966891627 -0.240744906744106
0.00894039836960797 0.00990884792916939 -0.320296234519317 -0.283348264615496
0.0105706076515345 0.0080477353640313 -0.42038642723622 0.209831462478245
-0.00400879219168074 -0.00621190512989483 0.052268158530794 0.372321659063993
-0.00744366551012587 -0.0120408823483769 0.250070467519189 0.0964111607947793
0.000228435470408051 -0.00269719074090126 0.151357310782805 -0.102910412449815
-0.00279704288667751 0.00742380381138748 -0.00789679728979252 -0.145630581595447
-0.000111662605962772 0.0115859871794274 -0.0128873685880661 0.11045579358763
0.00605888948092523 0.00175364956610987 -0.110117647347307 0.0496197850350566
-0.0057116854417831 -0.00573731822806883 -0.190594749732895 -0.10852793403541
-0.00972066910241662 -0.00692400118638833 0.003997979023453 -0.288627682749167
-0.000587168032736862 -0.000669021210018239 0.361683132171292 -0.126292649881526
0.00479460986267214 0.00190420027432853 0.290832982885005 0.271664608704408
-0.00558318543778033 0.00670723625200158 -0.0308147863707573 0.290503910728231
-0.004723057034248 -0.00286362924128601 0.0181631978890759 0.0435509081226609
-0.00213246517746493 -0.00188392109857822 0.0710614303938841 -0.239945532070295
0.00749647459465238 0.00686605431105737 -0.320564483459906 -0.278412482465728
0.00822481330919213 0.00814677693265203 -0.417008465557977 0.215580796040979
-0.00265664949051734 -0.00335293977612708 0.0541568962549928 0.374124073371702
-0.00252841931584547 -0.0111245562855135 0.250981682263966 0.0919436698478576
0.00384002614670635 -0.00244476034228316 0.153065915558164 -0.104877962268588
-0.00133477007666575 0.00674640488861193 -0.00837388406639028 -0.145226381653721
0.00132051416404952 0.00955879478996196 -0.0136177603303686 0.111743530409815
0.00808213333851785 0.00337012652335695 -0.107433936627417 0.0501753386609403
-0.00151573346306346 -0.00215016049036944 -0.190774108194839 -0.109020480375376
-0.00837398985844033 -0.00403642333280589 -8.87849350386363E-05 -0.287774815548619
-0.00280673399831281 -0.00189025964600525 0.360256723542415 -0.124947012102937
0.00256902582557123 -0.0021524633116059 0.295554318905895 0.269225032276895
-0.00507173362107052 0.00471349985149031 -0.0280259793645231 0.289637198707849
-0.00495291940531779 -0.00399617166577686 0.0190829357616646 0.0433299674695209
-0.00199357994958423 -0.00440625372681158 0.0739729915991097 -0.239435268255622
0.00531008494744371 0.00291276627768452 -0.316242788219724 -0.279416678129528
0.00497354704165809 0.00817780054043304 -0.417340486980997 0.214456753214036
-0.000649086647683072 -0.000759853456750123 0.0488920905371285 0.37509444862744
0.00259726154491815 -0.00771892066821219 0.250035394920504 0.0928315602511094
0.00713889777311207 -0.00266488433406583 0.155912403013871 -0.104329523134361
5.73469238677577E-05 0.00452698668853171 -0.00795084677186723 -0.143287886009282
0.00254486520560185 0.00287087680159222 -0.0103584468233733 0.120174448482465
-0.00465924490560397 0.00366668142903594 -0.118577272713705 0.0692269858615629
-0.00816782224817261 0.00277380505259438 -0.21013678733533 -0.0778700194420652
-0.00359375759416492 -0.00812161246931595 -0.0422138182636332 -0.291922107120477
-0.00197642979554864 -0.00587450266086574 0.329220021426629 -0.193039623076417
-0.00320934702017174 0.000692145844000887 0.317896965560964 0.207051215135628
-0.0114046553220846 0.00932017382228768 -0.00469008473081983 0.276414955600839
-0.00945632180724959 0.000799336056296341 0.0193584585619904 0.038161908655828
-0.00921957427775692 -0.00129875287314001 0.0973683615982015 -0.248051250703033
-0.00232109035188998 0.00498171316456418 -0.286079019794287 -0.346830439329984
0.00608243032403342 0.00185996203590625 -0.458176112618553 0.133388342173466
0.00612969016118261 -0.0066644795110775 -0.00601289031483153 0.375923312378513
-0.00433575697166028 -0.00227400334336108 0.233914384353079 0.129782976980835
-0.00874514165334622 -0.00105698015504149 0.152476996911938 -0.0831263835397383
-7.01766976505332E-06 -0.00347588752829409 -0.00468142517619757 -0.140533082096147
0.000368674080696008 0.00554366850352386 -0.0101341212578027 0.117694435503949
-0.005425682366828 0.00304243988465693 -0.119157493740321 0.0659192637406616
-0.0115139005500149 -0.00129255422144467 -0.206790204862858 -0.0828499814264891
-0.00616149231815751 -0.0103490802750443 -0.0315462540185807 -0.292908930456806
0.000410426305725936 -0.00409180742338837 0.335804044104254 -0.184706303604117
-0.000462994995635601 0.00405493743479956 0.311814696707995 0.218339303639946
-0.0103464824210235 0.0110000889337756 -0.0109405207766375 0.278966412916977
-0.0089258774695646 0.00185901545762034 0.0186115090877068 0.0395732547203979
-0.00825576497764718 0.000569236829258863 0.0914496558050082 -0.246810008369906
0.00105027465320778 0.00907324124537235 -0.295747186510403 -0.336209403296133
0.00908240268714587 0.00296048420114841 -0.451688730243531 0.147010699918107
0.00282325244881766 -0.00911235924005073 0.00730040256497083 0.374860120776057
-0.00820040157011844 -0.00661349557028492 0.237035771304034 0.125176790297168
-0.00986178252071381 -0.00178524299157652 0.151359100592104 -0.0868053129905732
-0.0013325503214512 -0.000692767831807949 -0.00519721147016452 -0.142351170761945
-0.000791185140694821 0.00804635410811954 -0.010316044353269 0.115060718445099
-0.00416101598016699 0.00236852708662203 -0.119455937798197 0.061381460209036
-0.0133396073220449 -0.00545378524288113 -0.20362973490198 -0.0887672225538772
-0.00851083256617784 -0.0118947989351405 -0.0195284950217819 -0.293046993324742
0.00251188140566789 -0.002214737927296 0.34412737340319 -0.169878598872898
0.00242079173602907 0.00632712135720992 0.305222717513341 0.233336620375904
-0.00980997548345081 0.0120793159652434 -0.0183859793288409 0.282005363272559
-0.00842881598929201 0.00147573935439707 0.018266683855021 0.0402987957659761
-0.00719626886455907 0.00206712144735759 0.0857592249994446 -0.246268178178986
0.00458254982187083 0.0117689567710696 -0.305901528868554 -0.322178831404878
0.0113595754740772 0.00445843376481342 -0.443937379544692 0.164774490904379
-0.000319508651573704 -0.010230536236118 0.0211375318619941 0.375388835688044
-0.0112914031830258 -0.00950073810019593 0.241287682766707 0.117948042721349
-0.00848819825462579 -0.00188766338990998 0.150811944646966 -0.0908607853093303
-0.00246920829993344 0.00281790111770709 -0.00610806004417509 -0.144969930249064
-0.00197065064366778 0.0103070380349639 -0.0109013554721106 0.113655657746364
-0.00285885137502886 0.00192214515000126 -0.118417139898027 0.0575028284352884
-0.0136935522155635 -0.00851083063022592 -0.198888032102993 -0.0953322881412314
-0.010261814459659 -0.0128647954931822 -0.00921025004851539 -0.292801266143908
0.00324112457712687 -0.0007581304373072 0.351878716525848 -0.155393646235284
0.00446768388741318 0.00752065198919622 0.298020799990996 0.246724213706672
-0.00864547825335397 0.0115969336181534 -0.02427375184679 0.286118908840366
-0.00749924896981618 0.000933501798292828 0.0178045994594075 0.0422994216887071
-0.00564295681053936 0.00269064444552379 0.0800359144965524 -0.243640638487332
0.00716856630224429 0.0126672169084564 -0.312895389548369 -0.308256926301454
0.0124589893629551 0.00582694130917044 -0.436337645771672 0.182350514606024
-0.00276052380164957 -0.00997732462449 0.0342933360316769 0.374736652563708
-0.0116497990966562 -0.0122951493876672 0.245712222985668 0.110444025214695
-0.0065276528416788 -0.00232100998057525 0.150675970587741 -0.095560758223967
-0.00337615571921036 0.00598278712365268 -0.00612036458135268 -0.145888091353211
-0.00212864131173645 0.0118661010724542 -0.0115243096325854 0.1121505328287
-0.000246818354077467 0.00132067050018498 -0.116422185830399 0.0533896421764645
-0.0121644989564753 -0.00952485639287894 -0.194811958539736 -0.101836543011974
-0.0106762867159645 -0.0116003921632984 0.000414165119039681 -0.292297324961292
0.00306533024327793 0.000177829376364986 0.358122161151228 -0.139817024901012
0.00509881356450389 0.00708386532605592 0.293923511861061 0.260854648231321
-0.00751227994601467 0.0109069551546577 -0.0297650502952793 0.287860258228817
-0.00662488140907852 -7.72589377565657E-05 0.0173459665672224 0.0432882032024708
-0.00436898234160757 0.00205051317387721 0.0755614331482449 -0.242290242498302
0.00890912634924805 0.0123065429356275 -0.318670868122242 -0.295659225878209
0.0118040901995055 0.00714934358318995 -0.42732383544216 0.197700132402386
-0.00449083298654482 -0.00872632849408232 0.0447260984818781 0.374324365071628
-0.0107481702522399 -0.0127594429998331 0.249030809870633 0.103117534668748
-0.00370628389768613 -0.00216861973490241 0.151807588848765 -0.100250333270964
-0.0035009872947783 0.00693390350526226 -0.00700295644079673 -0.146197923394449
-0.00170960440652519 0.0120216842525607 -0.0121479013473329 0.111021266907362
0.00300241522049408 0.00124441241907363 -0.113402539994731 0.0500349187496663
-0.00909033440983406 -0.0091786790116772 -0.192128679970308 -0.106709932607394
-0.0104268146724169 -0.0097409446560101 0.0048744381711496 -0.290560566034602
0.00181232663833156 0.000272783672237448 0.362330825617253 -0.129855405164037
0.00547683089355843 0.00508011266292562 0.291229285981438 0.269464768396527
-0.00649267886843944 0.00928225289255963 -0.0335588980091404 0.290135786736926
-0.00566218990472693 -0.00147011244211715 0.0176036929397549 0.0441765966880769
-0.00302221943645379 0.000474361483750777 0.0743331896534243 -0.240613968527686
0.00875222908434587 0.0103636014161492 -0.319712050140541 -0.286155080900994
0.0103792915053625 0.00799519381475993 -0.423057711415246 0.20820885943893
-0.00447436726477637 -0.00601781658946044 0.0509706465842373 0.3743236128795
-0.00762404588043573 -0.0123435561247419 0.251176325863438 0.0978811838807482
0.00030065369675634 -0.00232242395451932 0.152432566707395 -0.103191155009345
-0.00274543398913755 0.0077909347940849 -0.00764405442179852 -0.146242673786872
-0.000649100690700287 0.0113712705307734 -0.0128531123501452 0.111286469845059
0.00599033633491421 0.00194479729091583 -0.110616513839198 0.0493830574039988
-0.00594658031332129 -0.00628362631578294 -0.19089617237979 -0.109194998266031
-0.00984809557629192 -0.00722520131826994 0.00556047974409973 -0.289119369328508
-0.000472374056095006 -0.000496959841725415 0.363624977600792 -0.124583105955104
0.00446637404525477 0.00154581388937573 0.289922994995069 0.274088661135034
-0.00524889042508419 0.00704686486239924 -0.0330028450402562 0.290258406397211
-0.00559261016447312 -0.00259297205276922 0.0185129408337968 0.0443157169020545
-0.00223417180270867 -0.0020785669198778 0.0733848288338885 -0.240147176673315
0.00730112654845863 0.00737817183110493 -0.320637854354224 -0.280895463525467
0.00828579448330826 0.00837621172843721 -0.418388416499796 0.21478094672252
-0.00335223439632091 -0.00320151555750991 0.052500232147138 0.375298282876676
-0.00295916542961333 -0.0106707110305071 0.251759831428671 0.0933686913234472
0.0037361811692266 -0.00251275043985366 0.154334424007069 -0.104989079547466
-0.0013209901292452 0.00654929452553698 -0.00738616989375779 -0.145469855169915
0.00180610561340462 0.00995507900466498 -0.0136584342891963 0.112036056605649
0.00811320175144877 0.00326887550442789 -0.108264121985167 0.0502298244217832
-0.00204186690338741 -0.00224191386352143 -0.191305257641383 -0.109888492209397
-0.00830683115100534 -0.00338205946320611 0.000706166757386728 -0.288237212219412
-0.00298454217859434 -0.00164785576815033 0.362457698977099 -0.124586973645459
0.00268387363740143 -0.00231910130087502 0.295919807278914 0.270830475010277
-0.00514150780412633 0.00487920076017965 -0.0290493522340077 0.289790347940343
-0.00508465278958381 -0.00349414960405631 0.0189859122128071 0.043649550223663
-0.00243688779646383 -0.00466583096368479 0.0759501517700419 -0.239976140408112
0.00511018813389946 0.00309594464993288 -0.317282457442712 -0.283127772414572
0.00527307892985658 0.00798485574688962 -0.420326631543855 0.214576889702999
-0.000449426450898739 -0.000374843121198217 0.0479737568177685 0.376554857524769
0.00265493385076838 -0.00810409117649838 0.250606416393107 0.0941946119256748
0.00718556483154436 -0.0023900306175321 0.156430132974591 -0.104569709802525
0.000228120368621249 0.00452080162498465 -0.0074898115932897 -0.143870163423185
0.00266991346839007 0.00276000881161405 -0.00991421324010076 0.120992366962775
-0.00475431002156516 0.00383989515886237 -0.118749110804654 0.0688710329069185
-0.00816868620751524 0.00287782417548656 -0.210454397584537 -0.0782997597397392
-0.00381835281198394 -0.00790827853918097 -0.0408177418182102 -0.29307394860733
-0.00211322120651874 -0.00599081952038008 0.331072837333871 -0.19407087581239
-0.00354735783389087 0.000298680574664464 0.317267964870851 0.208705230451018
-0.0120437520499756 0.00939768819182677 -0.00662605564255976 0.276989346772666
-0.00970365816937244 0.000537782502945502 0.0197574263592444 0.0380257947150448
-0.00926706087762727 -0.00125565736359608 0.0993675923222359 -0.248940088738184
-0.00223563938108446 0.00488677329605986 -0.286562668317886 -0.348637650119423
0.00607800277944606 0.00181060349970243 -0.460983015646748 0.133155581849416
0.00561774103857911 -0.00746287032192686 -0.0065817645427357 0.378894961782774
-0.00426949458875403 -0.00268482780835116 0.234826788028343 0.131130516367426
-0.00884520021125772 -0.00149478583841185 0.153672131938513 -0.0839714281569116
0.000678646524253242 -0.00385879312078488 -0.00466335316230934 -0.14120536438387
0.00092347496162917 0.00557794419821409 -0.0100300063663126 0.11832730322716
-0.00513984205524029 0.00316110916251046 -0.120453541452751 0.0658053008202228
-0.0118346647314722 -0.00127664412688265 -0.207424069970775 -0.0833750647324085
-0.00636403477541362 -0.0106794682103065 -0.0302959395620918 -0.294681880643163
0.000601525542251855 -0.00415984677829085 0.337786909790788 -0.184155706445485
-0.000538708720890107 0.00405885606141774 0.311979715739201 0.22135247735214
-0.0108633064394275 0.0113836205296543 -0.012588188485649 0.280115604230598
-0.00952563360766597 0.00142474102374771 0.0185932413354708 0.0397050189112858
-0.00866510828625562 0.000220685504726879 0.0936642030945395 -0.247577784470896
0.00106461712477551 0.00841125467884575 -0.295766795930185 -0.339194951855012
0.00922087708020285 0.00319512753823668 -0.456024141902165 0.146715239136227
0.00254298856955839 -0.00924685177345118 0.00646576910159321 0.377536670573858
-0.00819350046187485 -0.00690789216303319 0.238561153451634 0.125793575019411
-0.00982176658350678 -0.00186230769792671 0.151870787162848 -0.0871980055514505
-0.00150889877106987 -0.000434627517221002 -0.00518979677867052 -0.143817165218434
-0.000645777627157633 0.00816053613291074 -0.0100404226826911 0.116199154911596
-0.00488727803269126 0.00265417986510043 -0.120200181458476 0.0616636591447593
-0.0136878733773063 -0.00486303533189589 -0.204097718046676 -0.0895760812142323
-0.00813807937891091 -0.0119843145336586 -0.0188873696586469 -0.294828277852924
0.00242892321051747 -0.00260510571678743 0.346561881680562 -0.169348865933854
0.00202755234783156 0.00620331080358396 0.3053105260069 0.235548176059059
-0.00978841700043603 0.0121890234290193 -0.0197771012367733 0.283621871526861
-0.00849789670536281 0.00146370120009856 0.017970139650382 0.0412954700840627
-0.00724350043699249 0.00172319412946734 0.0871918546775626 -0.246616861935978
0.00425099103600836 0.011793913549455 -0.306216856588023 -0.325686616949303
0.0115133360719113 0.00455206624755439 -0.447051936255972 0.164296407568446
-2.39052440866982E-06 -0.0103070264647497 0.0200649689456586 0.377395275643058
-0.0113175372430613 -0.00971408403425537 0.24287435209778 0.118966981862522
-0.00853713984073446 -0.00197033851038123 0.151682633702519 -0.09184154073155
-0.00287309428709046 0.00258161447302814 -0.00576440595415528 -0.144817523021233
-0.00199584397281284 0.0101674930231316 -0.0106422515129114 0.114302945702533
-0.00285495035787744 0.00184121117065025 -0.11942966052683 0.0574610060088212
-0.013770870054337 -0.00832767740750291 -0.199797651073266 -0.0960466466285645
-0.00998938375056178 -0.0124577240597042 -0.00839457335971102 -0.294657407039093
0.00307172670758595 -0.00121031699097519 0.353709301507747 -0.15559365225381
0.00412195589918415 0.00730627860616909 0.299044214977834 0.249697673798728
-0.00913741479994272 0.0120600173850194 -0.025962976197613 0.287152252048372
-0.00773878423830668 0.0011322046292359 0.0178751654371725 0.0422654194359007
-0.00569343045597983 0.00271739265811998 0.0821474557245389 -0.245113524903961
0.00749354779608237 0.0126918604013257 -0.312444217167065 -0.309762347621496
0.012326912020108 0.00595769973118807 -0.438795876011121 0.182235374506119
-0.00297945145320988 -0.0101553653796228 0.0336638787289595 0.377402854125738
-0.0124564672466264 -0.0120436093287831 0.246425827586 0.111500966843793
-0.0062171676159211 -0.00209437856052604 0.151672954563626 -0.0961207899466589
-0.00346417084111708 0.00610672435712133 -0.00642692889163836 -0.146435801311783
-0.00227544538645606 0.0118228621268469 -0.011134920996253 0.112866483725561
-0.000292671220878821 0.0017513923201495 -0.116991692783542 0.0529466337524609
-0.0125214490702257 -0.00977716233644353 -0.195811553616547 -0.102181074446393
-0.0107524197534637 -0.0116163055173212 0.00127266678923664 -0.293443123229989
0.00323483704622539 0.000318862654452628 0.359233404132868 -0.139973096905005
0.00523805767666258 0.0067501321242547 0.294121942996255 0.263266587343217
-0.00794225107828641 0.0110262533805811 -0.0315312700568176 0.289692351252768
-0.00694629887532443 -0.000314416128155983 0.0178860714610218 0.0439385344111442
-0.00396701287231179 0.00155824156237134 0.077486891550299 -0.243317134724611
0.00945053415880659 0.0121945796210516 -0.318749157345561 -0.298423362382854
0.011798441830733 0.00684631482138364 -0.430778681605383 0.198712969032909
-0.00452811653066176 -0.00851776833443989 0.0443904538581316 0.376731525344237
-0.0110146783314268 -0.0131906592300706 0.250041140621157 0.103745509170331
-0.00333964711475041 -0.00253794409057926 0.151971544622226 -0.100664306211205
-0.00329693500864448 0.00730356692087004 -0.00713539512177695 -0.147386103248535
-0.0015759705453248 0.0121523416429123 -0.0121704152726814 0.11188905117152
0.00257006487927178 0.0016989284631657 -0.113719924142691 0.0506641913476052
-0.0096971016972215 -0.00898196575287476 -0.193280201262842 -0.108051257510372
-0.0109514808069657 -0.00985909431920404 0.00631737009000693 -0.292259335521847
0.00165965988105006 0.000456048822658962 0.3637876406318 -0.129119315685933
0.00522609131049269 0.00490104827194206 0.291691490291449 0.272798586304347
-0.00703597636282578 0.00945944391771025 -0.0346213486838707 0.290957293320288
-0.00557307643864461 -0.00150176608736737 0.0178485089518354 0.0444636818714521
-0.00276378290149054 -0.0001171409083044 0.0756885082562589 -0.241122534292571
0.00895164719249784 0.0102934712328693 -0.32016323771238 -0.288327204994076
0.01063777874662 0.00823699874165617 -0.425262662252013 0.208764009816978
-0.00434767311082315 -0.00605665841878987 0.0505316291392496 0.375546120889398
-0.0076318777876466 -0.0128428188663679 0.251800362048905 0.0991487631052461
0.000269415732017933 -0.0027922157739361 0.153829450444377 -0.103451098994547
-0.00317375339179899 0.00789570494606655 -0.00780955277644695 -0.147295308605675
2.29611763148821E-05 0.0112647466931822 -0.0127384942640685 0.11204813034494
0.00562326621108307 0.00234253250304055 -0.110842727918926 0.0495376906184021
-0.00566681096505893 -0.00666881445949279 -0.192279275874121 -0.110406824509372
-0.00988321892698576 -0.00730432607044507 0.00638887086549037 -0.290852567812706
-0.000340660153103405 -0.000229801979294473 0.365438362649114 -0.123774199926053
0.0045860990832779 0.0018864560063542 0.290836219668949 0.27489694345081
-0.00590289242135298 0.00717327703952363 -0.0339489028227021 0.291831473612068
-0.00516011612155188 -0.00253884141163994 0.0186809269925607 0.0436796537777798
-0.00259311080488543 -0.00216294582718037 0.0750987721123909 -0.241194175665755
0.00772387148673594 0.00709975293279848 -0.320445795998075 -0.282635596285952
0.00811394336699378 0.00829743315690902 -0.423005933383084 0.214016704725376
-0.00307428867803178 -0.00351473039903477 0.0521595656279107 0.377515628623767
-0.00334501041561621 -0.0110243195483431 0.252940354021702 0.0943674007271602
0.00391404004211991 -0.00256532810973255 0.155457416607867 -0.105837001305045
-0.0011824506745485 0.00642145619915687 -0.00728072782077656 -0.147032328865938
0.00177145117074396 0.00998432157833232 -0.0131306936977065 0.112631915045092
0.00786757013022054 0.00354749450794856 -0.107971311833768 0.0496016328620692
-0.00184083310017998 -0.00208934324495453 -0.19267482080475 -0.110753827164722
-0.00850097592495157 -0.00362628637454486 0.00183217898113018 -0.290144689055894
-0.00344661209115861 -0.00154283847086927 0.364209168848967 -0.123131856028523
0.00244388898342216 -0.00221825334193906 0.295186742588674 0.273903589003768
-0.00556066936881852 0.00500024139582634 -0.0313822474212736 0.290890343024629
-0.00525856381538484 -0.00388747252143368 0.0189772442464854 0.0438853470454336
-0.00233360921928609 -0.0045322286053827 0.0775956000618426 -0.240296753693809
0.00503007331007358 0.00292326699681368 -0.317148947416708 -0.284866652846216
0.00494929713481609 0.00808953126569732 -0.42335554826454 0.214257160276809
-9.97506170096734E-05 -0.000455312835174383 0.0468982634681453 0.379755871782846
0.00275314397807189 -0.00832068287555014 0.251699289543235 0.0949324178119407
0.00712056225555097 -0.00266015059778028 0.15769647042971 -0.10471220490873
2.51448926066164E-05 0.00450434167885622 -0.00702821325166714 -0.144939564256941
0.00290495722054511 0.00317135229325785 -0.00999056488888968 0.121794310802806
-0.00486080722233785 0.0039067799478651 -0.119935482884147 0.0697236484270463
-0.00822146609436502 0.00315317366803448 -0.211999081929795 -0.0789205777307455
-0.00384358567079704 -0.00813345015447583 -0.0409445140751368 -0.295284240082226
-0.00188007418645905 -0.00598625800948105 0.333007603914803 -0.195328731486755
-0.00361206044442067 0.000249309247407227 0.318298178893476 0.211779249262433
-0.0115528277488313 0.00949086273510516 -0.0068560860417887 0.277801040794401
-0.0098006477087766 0.0009130555181714 0.0197114424717808 0.0387128302211609
-0.00915844662688249 -0.00135542814071262 0.101452186858154 -0.249579222926347
-0.00253260469709289 0.00501191583792065 -0.287574632713065 -0.35093338388227
0.00628992205022265 0.00198045833416196 -0.464299720164561 0.133864608237402
0.00588542586080262 -0.0070470072844289 -0.00754968903583781 0.38081078026657
-0.00473759622312397 -0.00229115851497452 0.236274455298801 0.132269980037876
-0.00865909830873379 -0.000888575263350941 0.154436990578057 -0.0845180854561928
0.000652975757338486 -0.00393346786954889 -0.0041568015745785 -0.142654072603549
0.00055242094753962 0.0056949491210307 -0.00985613382051838 0.119494783614229
-0.00562796092959315 0.0032739411243838 -0.120738946530101 0.0659246403096865
-0.0117426769617498 -0.00129527386741041 -0.208859544814024 -0.0841049427850534
-0.00584645707107671 -0.0103902541994255 -0.030335263378751 -0.29620670201552
0.000246675439633462 -0.00430299836888664 0.340079154347741 -0.184567486878919
-0.000647360861730541 0.00364070894487676 0.313173205228309 0.222379754321488
-0.0108788052782353 0.0112401697556348 -0.0135669894403308 0.281773406975272
-0.00922456908931377 0.00158782890725344 0.019171785729116 0.040268992877199
-0.00855399578951374 2.44462299917429E-05 0.095970863891298 -0.249128545135264
0.00119050954199456 0.0090648008090358 -0.296892462975288 -0.341755950705078
0.0094169365430176 0.00345903944857048 -0.459400309808011 0.146970778176656
0.00279544602346624 -0.00945054225926047 0.00560579796184073 0.380122027315493
-0.00857993093090104 -0.00645621965471028 0.240495001933358 0.12722036519634
-0.00954112749620198 -0.00179009979792323 0.153081266467559 -0.0883647058735345
-0.00135432181008274 -0.000563722304280061 -0.00504974626477289 -0.144866900526125
-0.000504761952648568 0.00850752352003371 -0.00999718491655433 0.117231210151598
-0.00500160216276729 0.00250141997470176 -0.121102690796196 0.0619864894956994
-0.013614004843683 -0.00552030502681326 -0.205177528616127 -0.089868211126661
-0.00827620325818697 -0.0122999974954466 -0.0188473596894125 -0.296410493879936
0.00255020196379573 -0.00217383193848014 0.348754977435134 -0.169955262814773
0.00197712711296523 0.0063178279245097 0.306620678415311 0.237153191125478
-0.010356779004908 0.0127545249553463 -0.0206924125552342 0.284978729364004
-0.00868682662322342 0.00169982158150883 0.0185968547739397 0.0416472735086362
-0.007122118894569 0.00185641481235106 0.0892262963825365 -0.24735091897239
0.00436951216860797 0.0118708990989022 -0.306757739985219 -0.327819366889165
0.0119549648483649 0.00436062651455045 -0.450419854248005 0.165374340342864
-0.00021300260534534 -0.010250776744152 0.0195724083442271 0.380039976682882
-0.0116149932123115 -0.0100829617270648 0.244158973179313 0.120596017537662
-0.00898094483973768 -0.00209025406639335 0.152524067464408 -0.0923905392936246
-0.00303772338909811 0.00257949805406594 -0.0059823774604525 -0.146015248758509
-0.00170294277598034 0.0103102885298087 -0.0103856653051948 0.115217477007664
-0.00302979923835537 0.00147695272193796 -0.119550932340858 0.0569023386947278
-0.0142672739594722 -0.00868757650061851 -0.20064866383731 -0.0969275867395292
-0.0096315173120634 -0.0127372396046134 -0.00738434624219437 -0.295204470784025
0.00308692794185488 -0.000740236349213956 0.355743098056455 -0.155779503435052
0.00384583223890291 0.00729451907790878 0.300154864190381 0.250705019805494
-0.00886114496836484 0.0124135152306995 -0.0265461388351237 0.288452218047548
-0.00779239413640743 0.00113210752055473 0.0177451770616308 0.0424787998020593
-0.00562917852318014 0.00237926297447274 0.0839762895664758 -0.246060132576653
0.00708188509193547 0.0125650083881702 -0.313419597861251 -0.313384730344538
0.0126978332982589 0.00599328245411906 -0.4418661619252 0.182881658579482
-0.00274505820033047 -0.00997924024527978 0.0331328691152733 0.379840336155499
-0.0122932590715538 -0.0123793802436367 0.248309158057246 0.112718474340873
-0.00670680796583938 -0.00210943226964552 0.152282081900755 -0.0971540368328277
-0.0031500366423828 0.00554450903783633 -0.00625860568168613 -0.147705577390345
-0.00225623791047247 0.0120738363916634 -0.0113007776192243 0.113799640456633
-0.000387373244112314 0.00151709080017955 -0.117406909883416 0.0532852767887975
-0.0126897745091388 -0.0101813975745655 -0.197117671262899 -0.103464387045458
-0.0103732796295803 -0.0118251674369829 0.00152528459746759 -0.295112598146075
0.00292199467108045 0.000317312761577847 0.36229223187553 -0.140775226093186
0.00510360850610451 0.00695867920212898 0.293785017735684 0.26490439764047
-0.0080183771642099 0.0117314259432623 -0.0324677961995041 0.290912031183024
-0.0065869543022772 0.00016322827958268 0.0179091334188945 0.043371185293796
-0.00427243790742483 0.00151315778196685 0.0788490947778879 -0.244680168179996
0.00899063195601498 0.0123168810475497 -0.318902516930692 -0.299415115045422
0.0121467643815282 0.00714299809525994 -0.433816833633043 0.198227376532105
-0.00467385964402332 -0.00849970334118181 0.0447380869195322 0.379189017634958
-0.0112395897044997 -0.0134074921241708 0.251604959186481 0.105638209958063
-0.00342460961623172 -0.00223670221961637 0.153809675334664 -0.101262081307803
-0.00343691516895524 0.0074376784279007 -0.00670769928076551 -0.14876722642164
-0.00177612437760559 0.0122490916198327 -0.0116600662572791 0.113064943688072
0.00295369121289588 0.00186658842192563 -0.114763306647658 0.0503576463381576
-0.00995763707774154 -0.00907406675866164 -0.19427279228407 -0.108726362176436
-0.0105097348665386 -0.0098563445564871 0.00711279695030934 -0.293431315561201
0.00206181857654742 -3.8134166428084E-05 0.366182374108298 -0.129087382848987
0.00536355513765975 0.00463961302994215 0.292459412456271 0.274365709427991
-0.00688510233276848 0.00982303522796978 -0.0353443644075915 0.29212297675297
-0.00600297504046333 -0.00141546363472279 0.0179293042251543 0.0444032895086478
-0.00318106604719703 -0.00024540665595006 0.0775583485698977 -0.242282890107532
0.00879057653311664 0.0102145898276939 -0.321529205295882 -0.289933961008056
0.010497680098098 0.00806732651397074 -0.428918647926527 0.20967992109548
-0.00446242741416523 -0.00616671873149121 0.0504783449294322 0.379301492649504
-0.00811682158696533 -0.012722829224512 0.253633802318056 0.100083269457877
1.25199850708763E-05 -0.00232996370846213 0.154749074685259 -0.104294810193136
-0.00290346384393844 0.00736968847829155 -0.00739297595648394 -0.148724875094013
-0.000429363364545072 0.0116839109628852 -0.0127955818237928 0.113101380862452
0.00576805140359037 0.00250617083576637 -0.112190560054726 0.0500144436875373
-0.00624011395504422 -0.00628115350646858 -0.193303503190161 -0.1108685007211
-0.0096676761945484 -0.00699201081394489 0.00727532480872182 -0.292424642290007
-0.000198245628124915 -0.000357134383283145 0.368180958928461 -0.123760217478746
0.00416248154161488 0.00181799088909077 0.29252135087434 0.277461393244523
-0.00583830441685633 0.00761249648554667 -0.035371620623216 0.292795178666106
-0.00540506806064213 -0.00281759190097443 0.0186934107788885 0.0443904782299083
-0.00209871356587559 -0.00242770595674964 0.0763117275633167 -0.242162888704073
0.00804046089049629 0.00679952507591337 -0.322081888270146 -0.284680347976856
0.00875553719738386 0.00850380418371974 -0.424912899515914 0.214763605980087
-0.00308179636425607 -0.00370513154247299 0.0526754923302691 0.379987285321911
-0.00304987687564847 -0.0109624751562401 0.254090834856258 0.095345551047413
0.00353708155760506 -0.00249785856736573 0.155950750648884 -0.106117820989638
-0.00151561943982094 0.00648071526165793 -0.00775379975296421 -0.147623751310945
0.00183883868699144 0.00996370144376098 -0.0134715079524297 0.114149003707381
0.00762008931476648 0.00379207904378039 -0.109282352338828 0.0496720569198095
-0.00169750419194049 -0.00231287806725117 -0.19375883652676 -0.111868913283062
-0.00836325936151324 -0.00376107637099694 0.00312743804716049 -0.292104191214462
-0.00317983395859042 -0.0018382412450739 0.366670828336962 -0.124021221534308
0.00255971181549717 -0.0023616688532595 0.296597904496603 0.275501585824672
-0.00550998580730896 0.00507335559355723 -0.0324341286634397 0.292419342737517
-0.00504871484525011 -0.00388592444988817 0.0191628293101266 0.0444226309989663
-0.00237679707367403 -0.00516274644028861 0.0786216792239759 -0.241616815698147
0.0050178070768385 0.00286848780096845 -0.317719364364501 -0.288618375696446
0.00505925986027725 0.00797364670822552 -0.426090840679444 0.214636749637998
-0.000533337254747476 -0.00071545779527396 0.0475991004799959 0.382476145081322
0.00252694398233349 -0.00812510927289107 0.253025577766034 0.0960043894982262
0.00709845149738806 -0.00242477732162006 0.159096473984262 -0.105630315818441
-1.0817624308466E-05 0.00431331649165916 -0.00700757153721308 -0.146549874724624
0.00300465345769509 0.00258078004157685 -0.0101733752187302 0.123329012088844
-0.0051379123813816 0.00377436378062511 -0.11998961596686 0.0698494139194705
-0.00836765698571368 0.00318943274508857 -0.213326783789985 -0.079287791295375
-0.00337185461046259 -0.00773339505240643 -0.0407508997747115 -0.297169650980626
-0.00219105188079216 -0.00579470138807277 0.335484098772401 -0.195505312817305
-0.00343797784431213 0.000337933539604583 0.319906181806133 0.212342900368931
-0.0119851598119412 0.00984030145080116 -0.00797849273565052 0.279936479765086
-0.00988666073779431 0.000345365303004677 0.0204106109460566 0.039420589848436
-0.00913451214295188 -0.00204170662135193 0.102929096031602 -0.251323738153207
-0.0023609355178443 0.00527249610851414 -0.28850695267245 -0.3556277762288
0.00607564982172171 0.00161487937039953 -0.467914928594468 0.133706652957429
0.00586342500957719 -0.00682192732579277 -0.00668828751296047 0.383657465757031
-0.0044222771646731 -0.0022990881141091 0.238032614582659 0.133188262783492
-0.00909861276548449 -0.00137099201539799 0.155454087498874 -0.0849385398366854
0.000437198174833779 -0.00443899387934383 -0.00448341832200883 -0.143857714435589
0.000840175670120622 0.00538725322523035 -0.00974020517445467 0.120526942829959
-0.00543790460045071 0.00319172342548442 -0.121505906970747 0.06659144559128
-0.0119819666749068 -0.000754590831632092 -0.210303721447941 -0.0835743748738063
-0.00604831732037258 -0.0106405395751566 -0.0300929504209409 -0.298301258105573
0.000574967871326498 -0.00385383989926392 0.342274861856987 -0.18472567200081
-0.000607439176182546 0.00394013049327052 0.315172571867942 0.223935670092377
-0.0112125161936572 0.0117451082746415 -0.0141622895771001 0.283046939251855
-0.00953191321389469 0.00147244498697036 0.0195368362830234 0.0403007770569957
-0.00851811882028099 0.000448656958527505 0.0968444114711126 -0.250733745207699
0.0010605574020628 0.0091718198318073 -0.299170402479411 -0.343179896037281
0.00952167120772653 0.00283217377447703 -0.462201796038848 0.147266970742868
0.00272268996094138 -0.00917925108346877 0.00570229982217865 0.383755722922458
-0.00920381074989856 -0.00683595243593505 0.241927261864865 0.128220080454332
-0.00946987268749654 -0.00155229183256521 0.154178552105765 -0.088814966801281
-0.00122336438414436 -0.000657220166218389 -0.00550800824315535 -0.145997007892707
-0.000952433840260405 0.00847839446072651 -0.00946549403341373 0.118905352382525
-0.0048410712739688 0.00237854012326566 -0.122195318734119 0.0620739087939988
-0.0140980826887331 -0.00551889246901424 -0.207097239243131 -0.090189375141505
-0.00810733660836238 -0.0122086041479694 -0.0177490641552336 -0.29852959946576
0.00214047893803822 -0.00227969823845172 0.351212062084988 -0.171134052569628
0.00220973161845663 0.00607947872491564 0.307988201199076 0.239523639339471
-0.0102886206112988 0.0127158287755902 -0.02160943025338 0.286628682345083
-0.00905886545722046 0.0017093373980487 0.0186278414931134 0.0414989455689666
-0.00761952427775355 0.00195719446777816 0.0908663983008963 -0.248952716473379
0.00429138238125129 0.0116170066786486 -0.309303486170419 -0.329513910631131
0.0118135134350219 0.00473962781805162 -0.454524119626462 0.165387121199001
-7.28645753648232E-05 -0.0105059558506511 0.0194065553923137 0.383324151218983
-0.0118204123181422 -0.010160218482611 0.246626969203535 0.121282805688466
-0.00880104972702457 -0.00208491490310464 0.153591739338112 -0.0939610975776411
-0.00317143775397583 0.00253416571272609 -0.00542190412099872 -0.148072666931237
-0.00194562917815729 0.010233023137697 -0.00976970508494193 0.116339056817891
-0.00320802180662868 0.00183793625927034 -0.120411706927183 0.0574885485502286
-0.0138922870893052 -0.00868325471855045 -0.202944689592216 -0.0968226555671195
-0.00980733036103974 -0.0125895992499689 -0.00736465051440678 -0.297896964348091
0.00309484680315962 -0.000822289689348742 0.358091776459398 -0.157002037926834
0.0039800001214387 0.00731199113217022 0.30181129385568 0.253242411370372
-0.00879330750120948 0.0129489290174674 -0.0281595229768861 0.290225052583361
-0.00799448592543466 0.000817777971098105 0.0183370507411926 0.0431397880192093
-0.00587390086258838 0.0025808525553609 0.0848637099069997 -0.247433404748059
0.00707763698232411 0.0127797318873618 -0.315680066244487 -0.315224321096498
0.0125190163082409 0.00616119227463409 -0.444454924559469 0.182391347721852
-0.00338295771426838 -0.010033312279727 0.0339874641987762 0.382163487964273
-0.0126321690382201 -0.0127625817755198 0.250250349867951 0.113313779727129
-0.00674594613132116 -0.00225678441371596 0.153486985919492 -0.0981455369051099
-0.00312075456058008 0.00540345861605708 -0.00643299063578432 -0.149312297491251
-0.00192761706059983 0.0119291446155502 -0.0105683627926445 0.11484793808198
-0.000344427585730493 0.00129770517483686 -0.11854493821555 0.0538368410990412
-0.0131189042997093 -0.00974592929967495 -0.198998611959693 -0.103802211474324
-0.0106207502013014 -0.011473542986842 0.00149325272875158 -0.296897753201516
0.00289220786513618 0.000129414251011318 0.364816425127849 -0.140883138183568
0.00463802342994897 0.00659836167657388 0.295605030590292 0.267763230724838
-0.00778102984587552 0.0118517395114467 -0.0338050380218597 0.292338104977649
-0.00663359122447399 -0.000121573868001524 0.0179908108514969 0.0436916684460776
-0.00417917654538473 0.00147304873558503 0.0809216997420123 -0.245893023309874
0.00918417032860527 0.0124459548524957 -0.321369542650063 -0.302530393130086
0.0123273331497082 0.00754660551568092 -0.437740816533384 0.199769035660715
-0.00453364572682209 -0.00846752743971503 0.0440596640340393 0.382078487795509
-0.0113339550462551 -0.013400697777263 0.253730005420243 0.10630768054357
-0.00338716695589238 -0.0022752692327529 0.154244864281813 -0.102542581418128
-0.00327510564095587 0.00707719056159248 -0.00651768492696514 -0.150123503027596
-0.00170110345803273 0.0120888476680505 -0.0112802267266348 0.114357163658571
0.00232103009922273 0.00159169231572936 -0.115717426136777 0.0506398915754294
-0.00986194719415893 -0.00905170831764951 -0.196256494151264 -0.109113691695963
-0.0107610890987733 -0.00991707823215204 0.0077449148125797 -0.295169110848793
0.00166183913138933 0.000300659939119347 0.368561500020971 -0.129539262262503
0.00472970195360674 0.00462431137596626 0.293996485770639 0.276601904033964
-0.00692384498208425 0.00993334510099922 -0.0365580615451011 0.294104506028708
-0.00588718649994238 -0.00154044839098954 0.0185105657419221 0.0442729376020938
-0.00342119738663256 -0.000472519563844667 0.0784376313731527 -0.244326387734451
0.00884546204928143 0.010162365881397 -0.32257300877848 -0.292908022065965
0.0108096291776388 0.00826889618975072 -0.43215626938152 0.210769012120954
-0.00430875738124069 -0.0063514287715098 0.0503571422515392 0.381574211527096
-0.00807353244644555 -0.0131166591883421 0.255578566259006 0.10028564284741
0.000267961217651666 -0.00265788322639731 0.155720007834024 -0.105748462315304
-0.00268991228105946 0.00734916329601956 -0.00737996289494034 -0.150263287897467
-0.000437489408242579 0.0117597523860996 -0.0115249498371325 0.114608759713223
0.00571278448939539 0.00230083694213251 -0.112897816314101 0.0492308606603477
-0.00611733525933924 -0.00654431630128723 -0.194999965187502 -0.111653747408624
-0.00993039074188968 -0.00714251368953673 0.0075861711577939 -0.294506389722434
-0.00029287089430585 6.54159661614678E-06 0.370184401835279 -0.124509180935307
0.00444985962068454 0.00110158817707287 0.293045309383278 0.280071110619156
-0.00615744114669964 0.00793833141779524 -0.036526784367435 0.294524372712925
-0.0053271113782115 -0.00266252112713646 0.0186298497105548 0.0448223229249746
-0.00257975308045308 -0.00276165263942545 0.0777643553772569 -0.243369092771899
0.00754650911959302 0.0070061331737151 -0.324502364743578 -0.288028175268359
0.00822810556384052 0.00859825870316398 -0.429030361206214 0.217638109949614
-0.00303012372730068 -0.0036432177541327 0.0524779253269748 0.382875392789156
-0.00368820782609288 -0.0108048858432197 0.255924656500238 0.0961782056182434
0.00382293290512397 -0.00273365177977846 0.157428983110544 -0.107228761260807
-0.00148586131396627 0.00635362892587922 -0.00789597000701229 -0.149092100716705
0.00182688384140347 0.00983393211861694 -0.0132283304092694 0.115353039279103
0.00791574873288013 0.00340108226494726 -0.10982164303435 0.0501145951690443
-0.00194071184455123 -0.00249810919467567 -0.194831317384412 -0.112053995582607
-0.00827582550383296 -0.00377626668779508 0.00304489238715422 -0.293835038561245
-0.00329956794864704 -0.00156854289447248 0.369177895381843 -0.124246946930975
0.0027951599698055 -0.00234625012607539 0.297762266495891 0.277399886903571
-0.00572419198073109 0.0055886014564595 -0.0331026347999859 0.293316589229893
-0.00525025408774812 -0.00382965704348586 0.0192959174804844 0.0441412988031117
-0.00231793784289525 -0.00501557350501215 0.0801209957244061 -0.243592701479409
0.00519655584303956 0.00269989290287998 -0.31883902611959 -0.288775954837496
0.00559192124056959 0.00799958908610762 -0.428966054629903 0.215437548785262
-0.000497762503127695 -0.000608603187946585 0.046764122728375 0.384937904078225
0.00218689105927659 -0.0086724184615679 0.255742016664733 0.0969671982406036
0.00701190625123957 -0.00237440760469156 0.159630170987448 -0.106998818416651
0.000443835740386225 0.00436764974036758 -0.00723311459266418 -0.148183554899838
0.00301506878087786 0.00248550752936558 -0.00907123825745957 0.124225758709239
-0.00506635702460524 0.00376228407581053 -0.121100751771084 0.0705109973535714
-0.00830078636804414 0.00323018100047792 -0.215403427631265 -0.079124698998919
-0.00321121646803449 -0.00806814774402338 -0.0413938151581639 -0.298951898377815
-0.00173760732298131 -0.005721271043626 0.337234366548837 -0.196924169384806
-0.00369121913978223 0.000167152684768153 0.321727877986154 0.2136689883033
-0.0119035806650234 0.0102292139876013 -0.00845022503575306 0.281919375372064
-0.00983861102512198 0.00103130770556252 0.0207233206780874 0.0395964553550224
-0.00925422337398643 -0.00147351781189632 0.103449163370664 -0.252901524082247
-0.00282200560714713 0.00504351139737169 -0.290459860179452 -0.358409613818804
0.00646428136852755 0.00169007408935067 -0.470518404507253 0.136457048028809
0.00571807590096969 -0.00719220090191447 -0.0070082979371073 0.386585714556187
-0.00471254571973078 -0.00246312352362802 0.240090120583413 0.133709030101927
-0.00880596288547873 -0.000748334067047082 0.156553084203633 -0.086598493776253
0.00036146553560073 -0.00433548926971769 -0.00557860938165492 -0.145073400907918
0.000963193401038307 0.00556905902441146 -0.00884103817233225 0.122323556075146
-0.00547192978713819 0.00319955335492877 -0.12280664955227 0.0672006560277196
-0.0121447533753331 -0.00115098093595017 -0.212435326475734 -0.0838602876859275
-0.00611089974706143 -0.0102201321627862 -0.0304576967754993 -0.300204027983726
0.000239725609884475 -0.00414115655830694 0.344605287031906 -0.186755584556718
-0.00062544045565585 0.00405531359714727 0.316453282667387 0.225765683732095
-0.0110234634439979 0.0121106671828226 -0.0144795814311352 0.285115076495513
-0.00962295224897283 0.00118915950914485 0.0193618317842772 0.0405089969812896
-0.00841224526690309 0.000584033720369242 0.0978702687150006 -0.252170571238488
0.000723650256147204 0.00887006028011185 -0.301151625245836 -0.347642226570979
0.00970789712195857 0.00303202498923168 -0.464223062773347 0.15000133650053
0.00243099733967757 -0.00943141969941875 0.00614020779323728 0.38505626784369
-0.00902166429301452 -0.00663138535429807 0.244149941471505 0.128684518048176
-0.00942957679798732 -0.00108516294800851 0.155317688192965 -0.089779161567928
-0.00114305350587274 -0.000585681682041202 -0.0056924092131643 -0.147303890090783
-0.000711273494385063 0.00802789075868692 -0.0084618001468302 0.119393455898681
-0.00532023925269376 0.00241346765454279 -0.122942757363076 0.0624284026036377
-0.0140149658872222 -0.00512980712917032 -0.208451329091893 -0.0900561854199749
-0.00851491925184008 -0.0119735317022065 -0.0186769396783011 -0.300324969207926
0.00210830119416179 -0.00231042376269315 0.353304904213912 -0.173361174912297
0.00187720434845402 0.00609500564381869 0.309962606644022 0.240069890040614
-0.0101691699549988 0.0133078801733444 -0.0221975200888894 0.288313619731479
-0.00876207067660416 0.00151319629631344 0.018989808908917 0.0414558744899537
-0.00775276531360859 0.00183163211193587 0.0915631582636356 -0.250884166485915
0.00432530996272751 0.0114093375977381 -0.309750066640535 -0.331783387830989
0.0117486118586246 0.004255776572692 -0.456308551597663 0.167274969175836
-0.000314153399087774 -0.0102524634718753 0.0209953464977765 0.385754354533474
-0.0123945888659715 -0.0100442669535087 0.247890875926634 0.121310231044482
-0.00900044907042593 -0.00154094791391951 0.15459415465873 -0.0946015578172019
-0.00274738018763747 0.00229525852644929 -0.00609972609892496 -0.149045246533673
-0.00159051168452471 0.0102587923091634 -0.0092716241660096 0.117842989237143
-0.00366249717080921 0.00181284068182492 -0.120789489751848 0.0582467142732898
-0.0143488315612685 -0.00851040101597457 -0.204355183730694 -0.0970793113055462
-0.0100105393109643 -0.0127536637375064 -0.00813123722321685 -0.299704280742261
0.00311470042500363 -0.000565634769426077 0.360818558837237 -0.157868940136657
0.00363427895110473 0.00741564986658467 0.303717470596343 0.254024366631204
-0.0093935504350985 0.0131812477130536 -0.0282508728789655 0.291548959566988
-0.00795782394416399 0.00113645929440593 0.0180466763355565 0.0436325393602234
-0.00618457202537895 0.00240534807739048 0.0866132368471123 -0.248850648720927
0.00711416806701945 0.0125656582563246 -0.31842054228039 -0.316770827709792
0.0129474396653382 0.0057845235282176 -0.448368222278709 0.185280566158633
-0.00324138408883932 -0.0100389856638065 0.0350735374295608 0.38555815450177
-0.0128986433817465 -0.0128130244940659 0.252454988861481 0.113622334443912
-0.00646629116780385 -0.00241143669303934 0.154046931602708 -0.0998524971203295
-0.00353348866236528 0.00566612702373152 -0.00710855265627188 -0.150346865656507
-0.0021442327119226 0.0116867090110984 -0.0105049216804321 0.116156567482851
-0.00035020756184234 0.00148012236668585 -0.118881073548115 0.0541076558636378
-0.012994093790756 -0.00972377511554916 -0.201084690186803 -0.103387699018409
-0.0106126323433048 -0.0118574763871575 0.0013183034756003 -0.298306459979645
0.00311082984790506 0.000342613725066029 0.367352329287146 -0.142780465547667
0.00527769353718885 0.00650642784761289 0.298413194005465 0.268095544117299
-0.00762308822400014 0.0121629251653013 -0.033371675141287 0.294019258626505
-0.00677376069369796 0.000571605953612009 0.0184911642336928 0.0442540986512968
-0.00454181739115688 0.00134868684990445 0.0812867646736264 -0.247154474148639
0.00872882081130135 0.0119478321680798 -0.324235845420268 -0.304453387003205
0.0124191443226069 0.00739282430576879 -0.439837619887317 0.201534177908762
-0.00433508409068594 -0.00854655834887584 0.045607701125962 0.384279838613974
-0.0114974217209164 -0.0136880979096563 0.255615190592765 0.106039610256922
-0.00399766937199712 -0.00272541160853787 0.155162266778402 -0.10342946514284
-0.00387925706646933 0.00718631560534673 -0.00734482543670528 -0.151718540409683
-0.00173277573023747 0.0121439860016468 -0.0108232470936046 0.115484465653737
0.00251163819306977 0.00181056582184201 -0.116136901368514 0.050825032471821
-0.00983356279303799 -0.00909310166880381 -0.197678012638025 -0.108706037445929
-0.0107214556345484 -0.00982945085448915 0.00695593971918375 -0.296656341270843
0.00163609094361776 0.000666066186830151 0.371723748254287 -0.13098924418408
0.00493368809932071 0.00462318497665792 0.295521813410966 0.27736097765727
-0.00728434075355029 0.0104451025443666 -0.0374931859935984 0.295729458251406
-0.0061336477177912 -0.00132563167801806 0.0184500613075505 0.0447602784905826
-0.00376102327356086 -0.0005083204684964 0.0799308206708894 -0.245553152625787
0.00897922955693386 0.0103064995551754 -0.325979884878544 -0.294511243162042
0.0111963739488566 0.00843236557431498 -0.434216355760114 0.213464577249167
-0.00479541523629728 -0.00617955012073737 0.0517297820817973 0.384410342603764
-0.00811233039381118 -0.0132463272304586 0.257796735486966 0.101167817830448
0.000258539564901661 -0.00263110184880025 0.156463828415642 -0.107025405957684
-0.00315740992121747 0.00746373683059608 -0.00804066869163999 -0.151439749894259
-0.000118571732680917 0.0113201889340711 -0.011314256632449 0.11601898493724
0.00552525658851287 0.00272821736122165 -0.113216116819229 0.0503292034987264
-0.0060917463774274 -0.00656480645300613 -0.196929085800369 -0.111591532894534
-0.00981550101556183 -0.0069589465146896 0.00694829117978605 -0.296448504109835
-0.000327196829413577 -0.000580867595948754 0.372723097567019 -0.126475141422338
0.00448770972532623 0.00102204988994416 0.296494979907751 0.2812768721383
-0.0058691250321558 0.0082669681889057 -0.0365808172951087 0.296108579235566
-0.00569620653298357 -0.00245379474041352 0.0190984704048011 0.0447565193654785
-0.00262576697946056 -0.00291727517560555 0.0784067561053223 -0.245692878644867
0.00748401513476579 0.0071401948798188 -0.325356110084499 -0.288690732801275
0.0081837774771248 0.00871637705403566 -0.431327941870062 0.218731684311571
-0.00278569298889356 -0.00347691094251356 0.0534643325670283 0.385895475606361
-0.00332687464971231 -0.0114349308759895 0.258364157995162 0.0962576674575546
0.00419982823906489 -0.00205599571601313 0.157948579371123 -0.109257265327701
-0.00143225587119049 0.00636169559023858 -0.00820998380039695 -0.150605893136293
0.00141063724936589 0.00957635226064005 -0.0120040464299728 0.11645943581309
0.00796247881053625 0.00304363421883567 -0.110952746394809 0.0508121816228054
-0.00169405677110265 -0.00211557825585928 -0.19696772047918 -0.11193669603485
-0.00870690856731645 -0.00330337725465853 0.00318797768134215 -0.295884409114896
-0.00341422997881537 -0.00178893944418805 0.371490588078218 -0.126260014136217
0.00261787989489327 -0.00286395079261843 0.300048759204191 0.278867577049881
-0.00556360573132544 0.00607269377539707 -0.033566283975348 0.29481210451032
-0.00564731447252951 -0.00374732662481849 0.0198251540284505 0.0447840399417311
-0.00252740363210489 -0.00559327090910478 0.0814965176741445 -0.244922172712366
0.00480845905913342 0.0025865768153559 -0.321651084619646 -0.291548436361097
0.00596622917941942 0.00768716251681611 -0.431577349102689 0.218119700730895
-0.000632681714010138 -0.000410702704963648 0.048539355357479 0.387632596243994
0.00226588869863651 -0.00839036731150521 0.25706643235614 0.0967155713284504
0.00726789882975341 -0.00235543807242297 0.160306490902708 -0.107832937311955
0.000217871450632089 0.00434465082823503 -0.00756356041393245 -0.14887810646289
0.00297059945690366 0.00275853908431069 -0.00776650321538779 0.124839320832979
-0.00530489228719266 0.00427469904235883 -0.12174118726692 0.0716419706044874
-0.00837089689008526 0.00335634697126762 -0.217549232171119 -0.0783114232224385
-0.00312929008383076 -0.00784243737180533 -0.0422344805534831 -0.300402085234089
-0.00258224669504588 -0.0056716062309762 0.339275761940785 -0.199643213954832
-0.00417960912975913 -3.2458377776344E-07 0.324007585361177 0.214991467078261
-0.0119378149194025 0.0105179089879502 -0.0080560510301928 0.282591864879823
-0.00988727230346359 0.00119511746772455 0.0214835413844997 0.0398615432501982
-0.009653012940425 -0.00185812799405054 0.104543250933643 -0.255033329068762
-0.00279995276381072 0.00563044541615277 -0.294022744352959 -0.358219442370775
0.00656174647295915 0.00184415263920864 -0.473567325627949 0.138083368844454
0.00585842565339449 -0.00733639781661744 -0.00576010901647212 0.390501073625677
-0.00505901938674143 -0.00250890512947214 0.241885897438488 0.134389202127582
-0.00883812350078769 -0.000966087048583211 0.1569474153202 -0.0883214423127533
0.000116203010921442 -0.00467397622611093 -0.0060573344391503 -0.146740605600167
0.000701546186605748 0.00553986947670113 -0.00783690983955165 0.122734868459501
-0.00586512245785245 0.00362358035254315 -0.123275363390078 0.0673023129387842
-0.0121719386430477 -0.00117033434498956 -0.214177951219912 -0.0831886840603265
-0.00604591349611666 -0.0103188789314563 -0.0311472884878295 -0.301477946918939
0.000529059034923636 -0.00412543301591 0.346276176555467 -0.188934811855281
-0.000749221786913466 0.00341006718164794 0.318886145530828 0.225864273953787
-0.0113319491239226 0.0129251687582656 -0.0137985250768344 0.286151794218636
-0.00939608533853839 0.00204475800379056 0.0198670609134224 0.0406936998376211
-0.00868670866743589 0.000167329451537862 0.0994737755868777 -0.253495499377488
0.000616249764633862 0.00933501656803776 -0.302628344947072 -0.348414385573884
0.0100981014049741 0.00246414559430505 -0.467921549277555 0.152246281016828
0.00266980898681721 -0.00930140807014497 0.00770698784181561 0.389657826015851
-0.00952132232547348 -0.00680226626850168 0.246472896988781 0.128948421523919
-0.00925768650739418 -0.00112609301913237 0.155546238010332 -0.0910206085709964
-0.00149111383110384 -0.0015869587066251 -0.00678365611324739 -0.148706027378233
-0.000504663664676239 0.00796210188648453 -0.0079619107617673 0.120912750396626
-0.0050971786896612 0.00251887103222516 -0.123063462993881 0.0635480558264591
-0.0144129233846493 -0.00533700994866997 -0.210939278096727 -0.0895232457517623
-0.00821248180874188 -0.0124600141089804 -0.0191290656321832 -0.302376028716483
0.00223501504053738 -0.00206975182259683 0.354650965311091 -0.175480522631859
0.0016761678228971 0.00625696523691715 0.312480248605193 0.241105551085935
-0.0104893372564979 0.013734042828696 -0.0210351633255669 0.290517270366916
-0.00873728918336194 0.00185967238335723 0.0190852548377518 0.0421128340552732
-0.00811030934281828 0.00158347712205184 0.0920637681017217 -0.251951279883194
0.00413090329408127 0.0117227821519661 -0.313025902331527 -0.335106467555052
0.0123320565627244 0.00466080767164177 -0.458783287094656 0.170736059053929
-0.000662428578461237 -0.0104143295602017 0.0220067224983505 0.388554466130464
-0.012138679494572 -0.0104549560239773 0.250559512496209 0.122018685855213
-0.0087586370388806 -0.00166462771398299 0.155477745197093 -0.0963302581484736
-0.00252168478252463 0.00261061380871047 -0.00674594797231901 -0.150948414778217
-0.00171623088693454 0.0102445629679428 -0.00845289796627696 0.118557768407774
-0.00325437681907094 0.00187808678183533 -0.122063187689711 0.0591525601283885
-0.0145612222784537 -0.00885324647768191 -0.206325525520314 -0.0966077055373167
-0.0097518646765499 -0.0126851864439588 -0.00820416701321026 -0.301716905492274
0.00318646508928279 -0.000408378320965119 0.362825498464314 -0.160059910538854
0.00385491032487427 0.00732704503251543 0.306007980737744 0.25530629496589
-0.00928768876028667 0.0136314783148639 -0.0285499057558596 0.293866898016124
-0.00777676722552713 0.00106123774508937 0.0187156270879505 0.0433981433822036
-0.00605828038790673 0.0018180136486885 0.0863842432705513 -0.250636390764189
0.00711765034617857 0.0131410086273505 -0.320616200729762 -0.318159804327286
0.0129766867879284 0.00623926879253948 -0.451236781287523 0.188558710181306
-0.00304615853290354 -0.0100145628958204 0.0367787232746957 0.388474105395326
-0.0130934391878057 -0.0129641575350106 0.255030137865853 0.113885813027892
-0.00657463546190599 -0.00221361506132668 0.155071092136014 -0.101395521016127
-0.00365859822534484 0.00554191263055454 -0.00747264304820111 -0.152161165866894
-0.0016633481068651 0.0118633090713494 -0.0091290458843134 0.11726034094731
-0.000549377614369882 0.00190907096971755 -0.119662935324339 0.0548894453366399
-0.0133127192542761 -0.010088494090962 -0.202405663703764 -0.103643637869597
-0.0105789818498779 -0.0119761469480998 0.000768192630543922 -0.301112818704576
0.00310359831670881 0.000477825791064941 0.369419079448232 -0.143980754124909
0.00489090605598855 0.00678343972539235 0.300748758180124 0.268920031439174
-0.0081001772909522 0.0124597685876607 -0.0337249912794648 0.295478147819352
-0.00689677626750696 0.000413324835969187 0.0185245434389403 0.044525930160717
-0.00461724095897106 0.00134305049842059 0.081657827252365 -0.249606598486577
0.00904666566246707 0.0119655021514916 -0.325787477583942 -0.304842945026685
0.012938957303661 0.00697606757024474 -0.442415778074589 0.203440178536598
-0.00458740921255498 -0.00800910365742732 0.0463875378765624 0.387754597507982
-0.0114067971065088 -0.014002224580602 0.257870514433005 0.106189323176203
-0.00362298228128395 -0.0024574595206184 0.156236728214871 -0.1056729314438
-0.00354940033714334 0.00675920507293905 -0.00799543029273649 -0.152631354978568
-0.00148741977152381 0.0124181691277672 -0.00966120829602811 0.116498859872198
0.00236487666962796 0.00201367147190707 -0.11675469044273 0.0517848289498629
-0.0100462402353142 -0.00910853432900987 -0.199439933486065 -0.108629719028339
-0.0107159595409519 -0.0100435998888478 0.00651661840134664 -0.299299051196944
0.00185607640546895 0.00062995707466958 0.373457064186405 -0.133345855965492
0.0048170440166954 0.00480878258036068 0.297558731654623 0.27856204178826
-0.00696692885196135 0.0108855254073995 -0.03732532983075 0.297255133874896
-0.00602216574064317 -0.00116653416671664 0.018620840420573 0.045001855024335
-0.00359930452792823 -0.000355800492883024 0.0805724564151471 -0.247034457806465
0.00918377418759257 0.0100505074410746 -0.328633238145333 -0.297015025288253
0.0114514325316771 0.00812629199173639 -0.438178308189877 0.21571177277701
-0.00481281767464962 -0.00616689486020769 0.0535499153475049 0.387580465454911
-0.00877994143909437 -0.0131599299575466 0.260382744106419 0.100396614659673
-0.000157643430537957 -0.00247280837398094 0.157078735820044 -0.10840565544927
-0.00285371425218743 0.00739461779764657 -0.00861091723679571 -0.152362633680103
-0.00016551831920092 0.0117062768218828 -0.010366600849354 0.116783551688725
0.00576639782365477 0.00275947192635003 -0.113812559749363 0.0506808229163336
-0.00594015557411883 -0.00625766715454437 -0.198526980572994 -0.111347564675435
-0.00998012665817045 -0.00723446045500937 0.00654182466870962 -0.298110586410836
-0.000526198772268249 -0.00018668823638633 0.374987213851385 -0.128244368484999
0.00448402053346071 0.00130470586976568 0.297677065062507 0.282455164756794
-0.00620426049918491 0.00863761598262848 -0.0371864143988364 0.297304773233924
-0.00543259209433175 -0.00274277166298582 0.0194599222295792 0.044983760511674
-0.00263769379124592 -0.00300176984330812 0.0796011471291763 -0.247083588851888
0.00782277953159649 0.00675095224388218 -0.328112668086108 -0.290455352298944
0.00927140502431007 0.00873766128940451 -0.433544149203137 0.22282451806715
-0.00327861431691186 -0.00352433271943558 0.0546511854515371 0.388168508571816
-0.00386238953158903 -0.0113134941148417 0.259960646601525 0.0964937678030452
0.00433736670515823 -0.0022369487601947 0.158663037515409 -0.110804579157651
-0.00158943060838809 0.00660611398272124 -0.00951750889684744 -0.151753722463195
0.00218384606500861 0.0093666885299325 -0.0112055430759783 0.117659112312899
0.00769339833075712 0.00317387230110667 -0.111456413703893 0.0509929318405024
-0.00183120225266796 -0.00223917162616568 -0.198914657609597 -0.112336363907628
-0.00856967389850729 -0.0035558064547497 0.0023001384388132 -0.298050712702553
-0.00330130994856809 -0.00133818637019717 0.374223703253953 -0.127539656186661
0.00191792713525416 -0.0026887386270676 0.302401324005363 0.279847654862036
-0.00536998291215434 0.00638532572457927 -0.0339875026425745 0.296853188217252
-0.00561138734329415 -0.00377089681936948 0.0200461190720752 0.0448796363671105
-0.0026500150280115 -0.00550993323018217 0.0820885120944569 -0.246671422947647
0.00483220644807716 0.00245580358255726 -0.324755882821657 -0.29272981280572
0.00608334437486832 0.008294640854205 -0.434020428346917 0.221464185480277
-0.000688271391834288 -0.000669044542268302 0.0497954885230156 0.390224263038038
0.00171939414813257 -0.00860764459930432 0.259730979772898 0.096592898121644
0.00712966058535222 -0.00243849262588844 0.161060463132825 -0.110491526705765
0.000302838229254172 0.00441956721781034 -0.00904353018881069 -0.150002868748386
0.00323490374562007 0.00260265244514107 -0.00655048111230818 0.12657593171936
-0.00540951052586842 0.00418222007773604 -0.122634309100626 0.0721808614864864
-0.00855790311357567 0.00344706629489154 -0.219286934881456 -0.0778076668186508
-0.00337068639490844 -0.00801650820892065 -0.0429986807535901 -0.302032742705772
-0.00197097267051639 -0.00574926150752992 0.34101686728667 -0.202110614075088
-0.00420114987092917 0.000287446510960415 0.327686813039765 0.214174988402503
-0.011690363987073 0.0114507283389418 -0.0075890489945823 0.284851036163849
-0.0100165141237402 0.00124011235984834 0.0215079626872816 0.039778037114458
-0.00969319676778772 -0.00183455896816994 0.105084779720253 -0.256649053047089
-0.00299872982645541 0.00475791711825563 -0.297275576122334 -0.360495780777773
0.00669174823506031 0.00181858774253923 -0.477010869470665 0.141158362896849
0.00580475435958429 -0.00690105256125905 -0.00344112640568218 0.391846019386544
-0.00511343250256002 -0.00215791809060176 0.244980068124768 0.133440110413342
-0.00933441131013994 -0.000777642764275253 0.157866398124078 -0.0898296663098679
0.00013999937116417 -0.00448090120122322 -0.0070087918258856 -0.147571162316087
0.000738095635272963 0.00555460299091635 -0.00705538416979327 0.124214024195901
-0.005796699702853 0.0034501378456873 -0.123506921606115 0.0684911038951962
-0.0123147696391706 -0.000719526131512535 -0.216314444830148 -0.0830053222840757
-0.00625345147826274 -0.0103615373988127 -0.0326210082847818 -0.303792695525357
0.000422667320564358 -0.00414885434371395 0.347191146220799 -0.192373995262035
-0.00110583093473312 0.00370418646612349 0.321634593425389 0.227105315428362
-0.0109418581764995 0.0134289118177654 -0.0135840258106801 0.287985214042494
-0.00977272833705512 0.00181675492560053 0.0202302041749554 0.0414843926191536
-0.00871522068218635 0.000275470263692925 0.0991756823188483 -0.25575575568505
0.000675141951219753 0.00905340030435562 -0.306365546846911 -0.349444915153486
0.00980329925261826 0.00274237683577571 -0.47061622720834 0.155021420507109
0.00257833296854571 -0.00937156944061191 0.00944057346249381 0.392100727125209
-0.00992729694549595 -0.00721988552207667 0.248479153570931 0.12807449154688
-0.00971877337397662 -0.00141811460950483 0.156616899601007 -0.0931516294395233
-0.00147226243553942 -0.00112069999362956 -0.00763853832550284 -0.150589444775636
-0.000396481918324101 0.00820311199560689 -0.00687610918705783 0.121770666963514
-0.00521981043586655 0.00234596287222903 -0.123798817287783 0.063659023966434
-0.0143606962367861 -0.0052231903702606 -0.212635027332152 -0.0890504967937156
-0.00814213016757954 -0.0123260541207197 -0.0202162246191302 -0.304394793945689
0.00229834000509844 -0.00217917320446155 0.356131903417374 -0.177204886937661
0.00184298848291055 0.0060489612924008 0.315226887703847 0.241202777834862
-0.0105468569568265 0.0138081669339644 -0.0218338319456429 0.291395911952159
-0.00901073529920356 0.00192900733843772 0.0199036891339366 0.0425468137742941
-0.00807798209253519 0.00196344301605958 0.0923228569858811 -0.254240678584602
0.00409493114518145 0.0113929340528641 -0.315776846191882 -0.334199241834101
0.012326351087216 0.00452141317692837 -0.461376596372397 0.17393595710037
-0.000765039558801778 -0.0102593843225021 0.0237022849737897 0.391430886466681
-0.0126893919025558 -0.00994046935343638 0.253143579384789 0.121496929774805
-0.00870233074670572 -0.00162810019911027 0.156161839932343 -0.0979877932572155
-0.00246228390238572 0.00215841537386649 -0.00765154556853178 -0.151663026751069
-0.00128050536647117 0.0105843176266681 -0.00728295356483018 0.119796740724049
-0.00341840040586909 0.00205456662031747 -0.122535280837486 0.0596363021396842
-0.0151226672985338 -0.00870708911444883 -0.208911338378225 -0.0963269042883558
-0.0097561448055154 -0.0126935199362522 -0.00949354163315234 -0.303321016977191
0.00315547749740429 -0.000443315796401472 0.364587166884081 -0.162449105039643
0.00369205075304876 0.00697766646622999 0.309003851798245 0.256634175051064
-0.00888434989572118 0.0137587960597193 -0.027425413365029 0.294801404327803
-0.0074989294551423 0.00134786934722897 0.0190950439094208 0.0433619341153485
-0.006258690665484 0.00213645032140592 0.0869619474259245 -0.252771293978727
0.00722190590107441 0.0130085102109289 -0.324284985722363 -0.319693870472107
0.0132808895266115 0.00585484492039787 -0.454060543693774 0.191316866163581
-0.00350512902717279 -0.0098537288964822 0.0380487428442015 0.390542365593087
-0.0137906185106716 -0.0128205027600103 0.257242501759674 0.1131653047716
-0.00682419374637473 -0.00227749393369574 0.155566180508112 -0.102421295942572
-0.00366959361448288 0.00500656605766574 -0.00848176534643459 -0.152933214899995
-0.00189302310434566 0.0120728100828459 -0.00820803338999007 0.118699819711758
-0.000746181131303281 0.00155612674361923 -0.120008335361584 0.0558289881892494
-0.0136315892632997 -0.00987016070976574 -0.204771259604826 -0.102808726641315
-0.010599356690611 -0.0120410343503427 -0.000293932152098076 -0.302933892645399
0.0029748175887246 2.44597502818025E-05 0.370243849287353 -0.146840569985497
0.00475850014859555 0.00638545594372462 0.30326171121821 0.270240796941324
-0.00857993592549437 0.0128561578257617 -0.0333168083711623 0.297593303364841
-0.00730485905385353 0.000441036572514026 0.0192017414525282 0.0447507664465387
-0.00470578451452214 0.00110648222933729 0.0820974257222509 -0.250873364148221
0.00884550021376602 0.0123428179149127 -0.32914865068237 -0.306010808668686
0.0125630745151105 0.00754406215842252 -0.444350656026903 0.208177638224983
-0.00463393397079093 -0.00839539698525928 0.0483003845221123 0.390233948587033
-0.0123861102421561 -0.0140816062467342 0.260964119007247 0.105092020922765
-0.00337974334526144 -0.00234662265269356 0.156124116825126 -0.107164079431549
-0.00383377518876066 0.00676035993191226 -0.00880765842984088 -0.153873517806986
-0.00141687311243517 0.0129427544937616 -0.00926935236560878 0.117868500336295
0.00244977972553307 0.00200729237431526 -0.117289297036445 0.0520227850825237
-0.0103509938618882 -0.00916722730217807 -0.201977547506386 -0.108457171977407
-0.0109009452024845 -0.0103035380845746 0.00573291317999448 -0.301006203773988
0.00144465844312599 0.000701981516547018 0.375548097641545 -0.135673024763738
0.00482455144035862 0.00474418939159476 0.30056231518728 0.279643277017937
-0.00687023017614246 0.0110858969524696 -0.0365820037480383 0.298634830451397
-0.00636355193450193 -0.00112386411140315 0.0192947159688136 0.0447947071774828
-0.00369634277930689 -0.000426897425047039 0.0806342301343576 -0.249382802947198
0.00903267958692768 0.0101534758813159 -0.331107666458088 -0.296123940614584
0.01147265521923 0.00815249451694926 -0.438351762039411 0.21922169409249
-0.00463026893241612 -0.00607422623928347 0.0561983627012632 0.39074414016384
-0.00882251674055681 -0.0131815782443583 0.262279145008989 0.0996425409602133
2.66402990987437E-05 -0.00237096817120299 0.157109243114806 -0.110462387310435
-0.00334913477699235 0.00743130653264028 -0.00902403403416968 -0.154114167682404
3.42800503385773E-05 0.0113499734453991 -0.00994116085540172 0.117387149122387
0.00557660075276406 0.00267932203724877 -0.114010707072392 0.051215087079374
-0.00639700107010877 -0.00640921828949654 -0.200829456703701 -0.110918889703205
-0.00998357458267382 -0.00713499369753746 0.00573442867599871 -0.300233300545535
-0.000687785698417275 -1.2434586197695E-06 0.37674086339605 -0.130103904824461
0.00398261633131134 0.00100518146500474 0.299653513888345 0.282525748886749
-0.00583686955771302 0.00872234265977939 -0.0364680256480288 0.299920052576088
-0.00570352591696035 -0.00241307433007444 0.0196449810788801 0.0452852805927156
-0.00276566209600677 -0.0029309539276287 0.0798644925589043 -0.249015986787348
0.00731513510921713 0.00668258267169234 -0.332220187247923 -0.291833356067187
0.0088555000767363 0.00846439539474589 -0.436089886548112 0.225702340604712
-0.00373567865602373 -0.00322076454394664 0.0574709057955594 0.390584745843277
-0.00422348042386852 -0.0114694303014446 0.26308589695384 0.0954945677726569
0.00382352851007543 -0.00275798274022664 0.159600080714183 -0.112640476634443
-0.00182560347068881 0.00656423196329448 -0.00978280274480778 -0.15298409200326
0.00164698169908499 0.0096608116897434 -0.0104009368704058 0.118818489978083
0.0076723401427039 0.00345927492357558 -0.111667149997827 0.0516403868499602
-0.00184105687227266 -0.00214243182137474 -0.200782843191864 -0.111263329609156
-0.00813345306442131 -0.0039838035256841 0.0014001560281699 -0.299194209784058
-0.00354083920819703 -0.000986800877343742 0.375609059913387 -0.129934099740057
0.0020663696510853 -0.00276741039475519 0.304685408986777 0.280085723662124
-0.00552868871152341 0.00641156891084121 -0.0334554959619453 0.298328717446807
-0.00575753235033558 -0.00394899987687482 0.0209429663081122 0.0447438827526203
-0.00291204098511728 -0.00601808732600981 0.0817504732344005 -0.24899539674989
0.00503455926669078 0.00240649732456489 -0.328594083054651 -0.293548231012177
0.00568958049062344 0.00800158109564354 -0.436369009342817 0.226123773417054
-0.000607510312560354 -0.000580259091521694 0.052563138465585 0.393580186887091
0.00193462238547581 -0.0088328780988607 0.262247267225474 0.0954611052918883
0.00738466581425024 -0.00299252711174627 0.161255137307065 -0.111844054497831
0.000388925163217904 0.00413797942851443 -0.00994558028603833 -0.151349434271487
0.00308804790281912 0.00249216182250134 -0.00520688888918698 0.12721772475706
-0.0051598800706493 0.00454000337578515 -0.122573349966215 0.0734030355590161
-0.00864118735152756 0.00362769721065847 -0.220892694397297 -0.0764711858626723
-0.00322665037746621 -0.00846335694105186 -0.0449276104740272 -0.303966924548172
-0.00253388972375851 -0.00555560489735068 0.340874741519047 -0.205696037432522
-0.00441380157972792 0.000418616859582571 0.329656493815024 0.213846856632676
-0.0116756018510356 0.0120983459351102 -0.00651528257628919 0.286566107084466
-0.00988755626841449 0.00157217732152993 0.0213550005850231 0.0396455955157974
-0.0098998053273996 -0.00230874554328259 0.104912090989071 -0.258910284303737
-0.00287702366586273 0.00533631729232665 -0.299307564478485 -0.363055617636745
0.00689250283978623 0.00157307109170568 -0.479732905703617 0.144912211846528
0.00551793621132013 -0.00712788530899854 -0.00106621834004505 0.395471552551516
-0.00544715555025207 -0.00216587698184637 0.247516464769906 0.133032056173441
-0.00884628462865052 -0.000873543301326163 0.158236180160338 -0.0910725815510326
0.00043390995223457 -0.00493441180349944 -0.00761751587724728 -0.148703661295099
0.00126559966342713 0.00555806395985192 -0.00599479630841009 0.124985277249689
-0.00595386355448185 0.0033761777180001 -0.123974078445706 0.0696453361438289
-0.0124859363365639 -0.000878992553945185 -0.218016596462751 -0.0813049688419923
-0.00627436660780554 -0.0107300925377078 -0.0340955010399089 -0.305104347936455
0.000416382750597216 -0.00373940115284769 0.348800780744063 -0.194907732697542
-0.00139254529421585 0.00362818155118052 0.324545016140818 0.2247704436483
-0.0113935655404905 0.0141706587001732 -0.0120164303886076 0.289095035356752
-0.0093926101882352 0.00237079482992006 0.0207742793331177 0.041168851158824
-0.00943071860421855 0.000321798568077129 0.0990367571855282 -0.257615810200323
0.000594233897793641 0.00934565226910745 -0.309420978189793 -0.350266357795013
0.00984948621236192 0.00309789122267659 -0.474095161334778 0.158060897075255
0.00265212236450243 -0.00952869632887296 0.0118419131819079 0.394833405976638
-0.010096782489762 -0.00693853538585328 0.251011244832686 0.127719939301911
-0.00968025638329522 -0.0013106007696021 0.156399180369854 -0.0952780172045361
-0.00155070133536809 -0.000765879976860204 -0.00823033840335716 -0.151381920825552
-0.000236865752614872 0.00829077559042481 -0.00604846896196294 0.122683769406554
-0.00503191779320193 0.0026634869451785 -0.123993207872512 0.0651277157920437
-0.0143934765546753 -0.00554045328146201 -0.214544630060158 -0.088163245356447
-0.00821340659510661 -0.0120677868559854 -0.0215429101913598 -0.306010533364626
0.0021297044397833 -0.00207659689553772 0.357698339395999 -0.180678916826714
0.00144572672986156 0.00630040085914682 0.317724180498423 0.240284454585309
-0.00976514956891112 0.0146951659882419 -0.0205985010651472 0.292944311827028
-0.00926244699473418 0.00194346383830123 0.0203256886756673 0.0425066911668108
-0.00802121615821014 0.00191672644828318 0.0921357639504745 -0.25637232238169
0.00429490020909375 0.0117214655317802 -0.318921399202147 -0.336419861946058
0.0124954020169751 0.00446649198007652 -0.464950199312133 0.178359925374106
-0.000870847503434222 -0.0100927480669709 0.026048668577525 0.395190133287438
-0.0130073003042509 -0.0107236475951432 0.255364344505246 0.120785561916474
-0.00877615672719315 -0.00187640742845438 0.155933632631791 -0.0996634711236707
-0.00292782977602272 0.00190155746687301 -0.00903057444923937 -0.153172399819266
-0.00167132345910166 0.0106349001466606 -0.00611403181193963 0.120683033325527
-0.00368243502423775 0.00207543760145195 -0.122281528764134 0.0606146017815445
-0.0151102762447133 -0.00863665288732638 -0.210507957407332 -0.0949796297232193
-0.0101229308510164 -0.0127402467569363 -0.0111430474298677 -0.305439069917694
0.00307981655567286 -0.000387730492797331 0.365748644321997 -0.165052050483393
0.00357049656168542 0.00687164297769042 0.311764122291244 0.255839564458082
-0.00901273477267454 0.0145077809790543 -0.0266639900177351 0.296579707419228
-0.00799298911691503 0.00178075411522613 0.0196075627698103 0.0439463652960704
-0.00632233317011081 0.00199454067814339 0.0865787075986315 -0.254961782310185
0.00733871996327651 0.0129998640583015 -0.327363601368143 -0.320134365149447
0.013527309253084 0.00565508338170913 -0.455844691848689 0.195384401906113
-0.00340539907384533 -0.0101420955137784 0.040687504453013 0.393305495442594
-0.0138559159177334 -0.0129729505712838 0.25964939546324 0.112050464457489
-0.00690828216790129 -0.00231258045391664 0.15567203747384 -0.104350065598036
-0.00378666278157433 0.00521290004768927 -0.00948403984009921 -0.15405997758428
-0.0016557302745146 0.0118832747291952 -0.00675606012700329 0.119312177263771
-0.000477740992750015 0.00189474255494938 -0.120689882032967 0.0565437508480553
-0.0135464787197522 -0.00992866477470284 -0.20719874984095 -0.101717261435478
-0.010786500883885 -0.0119863202149132 -0.00147399456205934 -0.304135059144397
0.00315340754502952 0.000653459319579418 0.372258443672823 -0.148830705229122
0.00463524331248725 0.006494680313521 0.30555875091676 0.27000102077947
-0.00792581985237462 0.0133152804110274 -0.0331258568663012 0.299488694389225
-0.00700137714974774 0.00036151511129621 0.0197070141892203 0.0448049614137113
-0.00465367070256378 0.000857037082615093 0.0823894244164213 -0.253264129416877
0.00904007213329846 0.0120808552047214 -0.331856496181698 -0.306686607472776
0.0134657027162308 0.00722873776520021 -0.447042993390962 0.212415908430906
-0.00487284719263943 -0.00856497596807633 0.0514772115817014 0.392805906726968
-0.0124295582568388 -0.0142009388048738 0.262850252532471 0.10446568744644
-0.00344906816547346 -0.00208158085550589 0.156695058966236 -0.108866424025129
-0.0035522591162164 0.00690477980530332 -0.010413910275611 -0.155138746896087
-0.00112102385092152 0.0120654505934899 -0.00750179022918338 0.118827252179549
0.00240124737296568 0.00182798295606869 -0.117605800885985 0.0535727907652407
-0.0105470320555529 -0.00912825711913966 -0.203638444774128 -0.107618540436585
-0.0109798695157199 -0.0100064540525453 0.00422689576404309 -0.303250964919158
0.00156662023039822 0.00105244202275421 0.376600471673367 -0.138031625701232
0.00452166227861128 0.00419079080754276 0.303703294340283 0.278668908949048
-0.0068614545027063 0.0116728141334468 -0.0361291004622236 0.300372007513295
-0.00595254519210466 -0.000866863497221932 0.0196999523446189 0.0456949114547289
-0.00363000865076141 -0.000622376424669797 0.0805454570710451 -0.251725635900864
0.00888863624742766 0.00977147093417403 -0.334992633160344 -0.296880263917093
0.0121139485656484 0.00812722887160953 -0.440922161401232 0.223878700215733
-0.00492314223710577 -0.00597987511439095 0.058370976159647 0.39226046461803
-0.00925906275852782 -0.0140048143342455 0.265355781696545 0.0989781316073475
9.86974706685788E-05 -0.00203468509951009 0.157706602236031 -0.112898428809743
-0.00309132619508377 0.0073138710673897 -0.0104807398986083 -0.154890307915712
0.000523423129563921 0.0115609758023931 -0.0083698428830278 0.119426079163539
0.0054947169675113 0.00254124416559358 -0.114897232480383 0.0522962262498566
-0.00651241830349137 -0.00655616615783695 -0.201972552425178 -0.109757577887305
-0.00972249196738224 -0.00712111123778628 0.00452423877467605 -0.302380602862375
-0.000192926565875814 0.000318379673487973 0.378010069475464 -0.133407934336706
0.00385131315337245 0.00079324916616054 0.304307395722596 0.283927494433171
-0.00609488795343243 0.00921589129406165 -0.0361089554612704 0.301585840571572
-0.00614335464412447 -0.00259426881116107 0.0200401600319971 0.04526211715327
-0.00327719992916251 -0.00310765573261947 0.0795894382217492 -0.251484692396168
0.00788411350684279 0.00657149396084075 -0.335465643294575 -0.291272667301569
0.00908484060827541 0.00818680230777297 -0.436224625629809 0.229063139186536
-0.00323090757609361 -0.00288752103585777 0.0606487974068291 0.393298199060386
-0.00470609308632365 -0.0117806095124411 0.265132785064163 0.0943057515524721
0.00416221887679708 -0.00291230834578005 0.159370764864597 -0.114111511454885
-0.00159383097822056 0.00613593074678843 -0.0106160551955285 -0.154497551388244
0.00195774768340441 0.00998848593467609 -0.00927100005591653 0.119308840633809
0.00793015252837972 0.00369878926939269 -0.112031511320767 0.052359198473386
-0.00174787720063598 -0.0019932951593945 -0.20284780958409 -0.110479186103647
-0.00865000785538579 -0.00365056594132088 -0.000286165300619011 -0.300491087690175
-0.00330674945737428 -0.00119417244183253 0.377387067793731 -0.132925907812874
0.00229632344638792 -0.00311540494141569 0.307534186497964 0.28135550218888
-0.00554785484869204 0.00675513964665732 -0.0336617355972854 0.300257709211466
-0.00562163130784432 -0.00359003994100308 0.0212225624455225 0.0448752080029871
-0.00335028572717795 -0.00557752774322551 0.0819010459471238 -0.250687455841242
0.00509108154805338 0.00247359536164436 -0.33101552609101 -0.295205822997895
0.00579452269208429 0.00808801961140462 -0.437691896688141 0.227865222063243
-0.000868777757366743 -0.000349575627634631 0.0544514054984586 0.394928139590229
0.00126195058232017 -0.00879145272530145 0.263870685270017 0.0943874637864005
0.00714583056248131 -0.00292623487889014 0.161689832307854 -0.114034187313922
0.00031107285566009 0.00402715703859568 -0.0104345168202091 -0.153096607405077
0.00316294649830962 0.00255357091532807 -0.00389319844323079 0.128198919215287
-0.00533100597939656 0.00470055973206525 -0.123040108855801 0.0740036008458035
-0.00863615479875223 0.00341620426413282 -0.222657661045704 -0.0751101566808526
-0.00313283456993927 -0.00835965045876387 -0.0468590816575661 -0.304794777969109
-0.00225743028162444 -0.00571375085718593 0.341900027937695 -0.208566729441324
-0.00461546829964133 0.000219691110529198 0.33326674123395 0.213140969038926
-0.0120181088418838 0.012018706555682 -0.00518961804649704 0.287489976278755
-0.00997944264918531 0.00189776562189937 0.0228815466045664 0.0400288931970624
-0.0103539003351487 -0.00180473373064305 0.104849022716972 -0.260819579614168
-0.00315945971663072 0.00523541463580193 -0.303933984229062 -0.3616709930457
0.00676668712782104 0.00139410232639497 -0.481374929398455 0.148728853360145
0.00559214932246778 -0.00751752004420907 0.0017007833658303 0.397756614807853
-0.00556642350524139 -0.00204087598261851 0.249845404387464 0.131557284885508
-0.00939800091030844 -0.000510525064643382 0.15786353898944 -0.0933762712920016
-1.54208197504673E-05 -0.0050829688813122 -0.00895461696622596 -0.149543883440716
0.00135865860737144 0.00538905003354385 -0.00434675709220474 0.12614145102518
-0.00609743009181767 0.00359504168075138 -0.124211983037204 0.0704165542602481
-0.0120381044830043 -0.000689174978411272 -0.219738981124351 -0.079625462456709
-0.00618172352754368 -0.0104358294902566 -0.0354869621484474 -0.306565592474866
0.00025513432076963 -0.00381180023289282 0.348985926917116 -0.19803266133264
-0.00132265822029366 0.00412366743723024 0.327845530480207 0.225008549896547
-0.0109770844988766 0.0140606334366368 -0.0111277220386148 0.290510596988978
-0.00970807389569224 0.00267428926142275 0.0213428824221192 0.0412585858863849
-0.00942754228903286 0.00043664096755358 0.0992230679738285 -0.259575265812336
0.000662294940234518 0.00895080823716595 -0.313467930451222 -0.351022090497073
0.0103247981036889 0.00317926857645934 -0.475218004617504 0.163578594901914
0.00219323249514494 -0.00987122662307127 0.0149971253038894 0.396503514836692
-0.0102373499564439 -0.00687499303492292 0.253909454557083 0.126201091684657
-0.0100517697931335 -0.00120788199787787 0.157103215825453 -0.0968636313632625
-0.00170672178757352 -0.000978914747149484 -0.0097427857107359 -0.151877981099347
-0.000188814137408479 0.00808298637370006 -0.00403951466982033 0.123707097361353
-0.00520970942995939 0.00276647808169381 -0.124136524340832 0.0665682453153128
-0.0148186015593464 -0.00515963768243974 -0.216425282490365 -0.0864577730726996
-0.00851521539762256 -0.0123128279344593 -0.0237537818417657 -0.307315166708581
0.00252975674309426 -0.00194973186454118 0.358543221374159 -0.184172307122587
0.00164579427631663 0.00622522061016027 0.319813683522224 0.239851580495351
-0.0100223338049682 0.0149097574182699 -0.0194707236014757 0.294332714437613
-0.00914540604265732 0.0023946492403357 0.0205410502624549 0.0424269194172054
-0.00809064850138934 0.00169628132654254 0.0925043023973462 -0.258898187423092
0.00444058904591459 0.0113834119607821 -0.322804590884413 -0.335938450052477
0.0127888195769459 0.00467140293245766 -0.466230017943476 0.18134958086724
-0.000703955354710235 -0.0103546821493813 0.0287100604395867 0.396702631057094
-0.0133895630430661 -0.010517382120712 0.257794779570109 0.119150817724589
-0.00916781241785564 -0.00111888361949002 0.155676677525109 -0.102210156726403
-0.0032470890337934 0.0023962155165519 -0.0105936668734014 -0.153983212847526
-0.00140287506549159 0.0101979914784724 -0.00477883877095415 0.122075745387968
-0.00329842173289082 0.00199115244309666 -0.12320506652219 0.0617148668983426
-0.0146846796601446 -0.00827432179744728 -0.212589810362851 -0.093719129744791
-0.0101395152627523 -0.0127339326433975 -0.0121596347434988 -0.306422809073641
0.00343644178744509 -0.000508641588026292 0.3661217839679 -0.16859674178728
0.00345065387871425 0.00680367434189492 0.314473689659425 0.25501421221337
-0.00891366971865493 0.0150884111987476 -0.025742569244867 0.298475689486957
-0.00799249799501594 0.00177271280443055 0.0198552487142539 0.0436325677572407
-0.00659867295707857 0.00167332112984378 0.0868285568323292 -0.256442015755752
0.00764997806984291 0.0127933813742498 -0.330453641635385 -0.319883847066894
0.013715573184743 0.00582078800204405 -0.456386235950662 0.199732524707063
-0.00332427513155569 -0.00992269484061224 0.0438479384197317 0.395442600267865
-0.0143298755733069 -0.01304647969761 0.262004954243296 0.111353653950054
-0.00691693098210656 -0.00165014674499754 0.15601519424431 -0.10650531221634
-0.00356566746291893 0.00478398863650543 -0.0104869247018097 -0.155272168876198
-0.00168208540789151 0.0119471058237303 -0.00545302809855859 0.120419362617306
-0.000679648390394589 0.00137645365018705 -0.120958126414796 0.0574051254288934
-0.0137865579565952 -0.00970456299702118 -0.208816625624459 -0.100481812831937
-0.0108002227084384 -0.0119299062741137 -0.00361476098662326 -0.306488418576539
0.00331086888712659 0.000479361827655433 0.372806705948574 -0.152953809949081
0.00469194670612087 0.00648602340246336 0.308704285303641 0.270019185978449
-0.00777137469861312 0.0134720935338527 -0.0319912974333441 0.300231842487252
-0.00685187459804061 0.000278806970471801 0.0199612898264549 0.0445895505232994
-0.00489321484086258 0.00126540565285719 0.0825278962527339 -0.254969857690507
0.00933779882835137 0.0118344549624859 -0.336044936027637 -0.306747076529192
0.0132950966411388 0.00747583986069339 -0.446237684944535 0.216333698148869
-0.00570086497712521 -0.00850237368948933 0.0551862610148896 0.394681062369901
-0.0131395431096556 -0.013764558139774 0.265655660888002 0.103151592392769
-0.00336398865337679 -0.00208520239919354 0.156811438514969 -0.11062599649802
-0.00393752065515264 0.00653868429836606 -0.0111803072293971 -0.156128762728293
-0.000983870585006553 0.012349622486274 -0.00657416850901326 0.11911574778591
0.00251937536278362 0.00210056096804592 -0.118137395505096 0.0541656137578402
-0.0104510667302388 -0.00925220570914637 -0.206479616420809 -0.106162301269158
-0.0109405554623357 -0.00988103574838084 0.00320743548276388 -0.304835030643734
0.00156167440504275 0.00122428795496788 0.377443677626025 -0.141586052697275
0.00463190608001088 0.00410400375583274 0.307497001343607 0.279348266157392
-0.00688386162344644 0.011900868644062 -0.0351934687289255 0.301985062013709
-0.00628998801925215 -0.00129185077039583 0.0201079422733348 0.0453790720005668
-0.00414761875876687 -0.000662678571909121 0.0801084468418566 -0.253693380551136
0.00939244933827869 0.00985944543877973 -0.3378008592121 -0.297942073742998
0.011913259731442 0.00783590331337435 -0.443102995546792 0.227415614547299
-0.00513758836478664 -0.0059375958032081 0.0607514669393812 0.394744004686412
-0.00954970144852835 -0.0134495332046147 0.267359759123995 0.098004671634188
0.000347936248597991 -0.00260302813647141 0.157797080771914 -0.114299042647345
-0.00332482605525814 0.0073684079272524 -0.0121096635573166 -0.156605397353792
-2.98116102465888E-05 0.0116566918668457 -0.00740561035053365 0.119644412609523
0.00558845853768353 0.00240415009111058 -0.115090692741855 0.0529757257861333
-0.00620102859973016 -0.00639277028407122 -0.204586524486155 -0.108919585889292
-0.0100675141924581 -0.00688252460029508 0.0026741784046986 -0.303826625695838
-0.000331784096425143 0.000199899681977318 0.379736896100433 -0.13618882856932
0.00435058518644527 0.00125441968961125 0.306656312697388 0.28276505189906
-0.00598798165839596 0.00958385107166241 -0.0348762691098499 0.303167386699111
-0.00580768507547251 -0.00177482519054516 0.0208543410793729 0.0452167579571856
-0.0032630800982891 -0.00298123026727558 0.0791304420903164 -0.252591846665929
0.00801102370469435 0.00645498760696738 -0.338640091216242 -0.290209506807628
0.00954838090593591 0.00849123496691882 -0.437679424919229 0.233854224405173
-0.00351288445397325 -0.00306719949024668 0.063228188951956 0.395566711961036
-0.0050906406619819 -0.0114824362936214 0.267526562468594 0.0931748509876471
0.00411199457933181 -0.00321530849498292 0.16015223828931 -0.116005914875546
-0.0015750296920496 0.0061604132971347 -0.0122160468211194 -0.155187797854678
0.00189705514102161 0.00972841653713759 -0.00844995181621848 0.12073101869241
0.00769349668625203 0.00361381478635558 -0.11246380012655 0.0536928777382609
-0.00195437323995488 -0.00178297785891428 -0.204232219961389 -0.109682698717732
-0.00837873565100304 -0.00345025966631262 -0.0015676150990821 -0.302734306582217
-0.00313744763418266 -0.00107908092033982 0.378275489688422 -0.1364101758938
0.00215414575111671 -0.00346168236513495 0.310713158349141 0.281021544181792
-0.00544414968918623 0.00716554522751624 -0.0314081135742789 0.30185148808848
-0.00561979490045101 -0.003670828828347 0.0218560384090946 0.0445631798638081
-0.00312503344248335 -0.00533520037429639 0.0815690697855758 -0.252451099874421
0.00465281970213431 0.00238016058655854 -0.334133228716408 -0.293727290370364
0.00622133794468434 0.00763505777065794 -0.438966514105628 0.232361672411209
-0.000910676472668944 -0.000446968902224128 0.0574195741483578 0.396907404397087
0.00122562528996023 -0.00880949814502597 0.266636641637841 0.0924951482443875
0.00775651131814729 -0.00274649128861908 0.161732557452477 -0.11591363033358
-0.000220072528611926 0.00366878046145301 -0.011331138612635 -0.153940103004131
0.00321837888257566 0.00203764318743065 -0.0020592700926927 0.12941069691937
-0.00526700281154631 0.00473069364575736 -0.122978195021574 0.0755169731641054
-0.00843426187517765 0.00339700278086628 -0.225079535230855 -0.0728138596734393
-0.0033460817651279 -0.00839700745507679 -0.0490100600356998 -0.305507168184331
-0.0022048196683415 -0.00571924420951119 0.341900818065659 -0.21185229405978
-0.00480980621548836 8.95256695271759E-05 0.336265419207752 0.21123961270639
-0.0116970970868058 0.0126193761829447 -0.00396812370059442 0.28839601156681
-0.01006980771618 0.00187534068947151 0.0226500319763691 0.0403956852104235
-0.01029868156318 -0.00192171306329966 0.103462173582877 -0.26262655780016
-0.00326969499168226 0.00540649933051639 -0.306091315009881 -0.360868380923819
0.00664009028036966 0.00107262504434293 -0.482348032808217 0.154370428831476
0.00571087510076195 -0.00740905282473022 0.00445756269466984 0.399084942428514
-0.00564960637516545 -0.00244671941389363 0.252115978801088 0.130478901282249
-0.00931210690994152 -0.000310668985962133 0.158236636154905 -0.0951648874766024
3.52188667522926E-06 -0.00548462572139937 -0.0103704207984898 -0.150516323332592
0.00102766064710299 0.00522333624878195 -0.00306841372076563 0.127097479806751
-0.00599746060891103 0.00396622769982428 -0.123945343406496 0.0710322750411391
-0.012565547140417 -0.000685500081412942 -0.221449007919966 -0.0778489849180237
-0.00625722093571116 -0.0105064341128934 -0.0381591036802307 -0.307081216290836
6.90116074911137E-05 -0.00372310800215821 0.34868977843348 -0.201481147026025
-0.00167460717659232 0.00408822556367962 0.329753170385212 0.223434794422042
-0.0109618963922376 0.0144396798510037 -0.010867563845292 0.29172812501442
-0.00977394556942023 0.00256388021321971 0.0222664761998731 0.0410920958588156
-0.00973594452896761 0.000532829735961988 0.0979355387037015 -0.261400409007968
0.000708206862772904 0.00924314774877395 -0.317728938446156 -0.349159479075612
0.0101875359083147 0.0024893945237288 -0.475091316283837 0.167773041245535
0.00206424323367152 -0.00938640296812407 0.0174213834949468 0.398925320656058
-0.0102765369438846 -0.00653892280199297 0.255847132546921 0.12502706025032
-0.00982586898974849 -0.0011594030161386 0.156756600424154 -0.098976282669113
-0.00212319111700641 -0.00149148259781294 -0.0110585676852202 -0.152608037107692
-0.000304889811754529 0.00837643906670471 -0.00311539474119423 0.124469529116146
-0.00549732881948388 0.00308241373441803 -0.124386784855087 0.0670260822670599
-0.0147792412325321 -0.00529382730555504 -0.218390727046013 -0.0846241565667864
-0.00864421414187882 -0.0119683425282408 -0.0254992610540765 -0.307849294837776
0.00237432679335555 -0.0017914816652559 0.359083345613227 -0.187294904103299
0.00170600056863439 0.00591823511543009 0.323524719062484 0.238787097484842
-0.0102379644519092 0.0155746883535938 -0.0179116001049078 0.295719557180697
-0.00880180074901047 0.00211477382592566 0.020903235198074 0.0425484453267921
-0.00824856605224054 0.0014657148976442 0.0914503436934787 -0.259764171588446
0.00433084871952824 0.0115335803333392 -0.326432631753796 -0.334377257121254
0.0127957766746876 0.00377151390100012 -0.466233799118456 0.186477102860697
-0.00116511426312586 -0.0102706592943655 0.0322386265843101 0.39830765631667
-0.0136353718295451 -0.010335637363856 0.259859285848761 0.117782341153347
-0.00936160492445764 -0.0015607625766969 0.15597841517114 -0.103447811931736
-0.00306521723220714 0.00195831558237152 -0.0115730111285126 -0.154706259473743
-0.00131635515396511 0.0103542134853269 -0.0033192438753549 0.122379887036838
-0.0033723971569 0.00241163765653573 -0.122906864351334 0.0625137959608219
-0.0150145567949843 -0.00811403225169439 -0.213750631690868 -0.092273530142106
-0.010415830127363 -0.0129961220014871 -0.0147413848390743 -0.307577382697181
0.00326985550190738 -0.000528910861946007 0.366923633819169 -0.171769275643001
0.00371430615169464 0.00675689742952533 0.317728786644766 0.25419259964769
-0.00851623864273558 0.0152300867728512 -0.0240240501543082 0.299192066243018
-0.00808344417679537 0.00183660852326343 0.0206331153081861 0.0437822396392755
-0.0067687711073408 0.00186531049793168 0.0859150937846842 -0.258000960015495
0.00749676667335236 0.0126784880431132 -0.334183741589611 -0.318909324816894
0.0139307762073867 0.0055553869007052 -0.456829168755757 0.20422643275969
-0.00364646490938631 -0.00990513242080705 0.0470728846734815 0.397298637486489
-0.0148022230101864 -0.0130074856620443 0.264370516400931 0.10975413662205
-0.0071263026100221 -0.00164774976850658 0.155326066208006 -0.108843758550049
-0.00365706379061093 0.00497254103201267 -0.0123266645430331 -0.156502173935879
-0.00179629092349127 0.0118325582705706 -0.00371893675565643 0.12078134306987
-0.000885778147909312 0.00186877411953232 -0.120760914343324 0.0584193897869225
-0.0137474430475868 -0.00957367117597727 -0.209598881851529 -0.0992296933605912
-0.0111078879435429 -0.0121961888491703 -0.00516457191950292 -0.307399597592037
0.00320011273539901 0.00053002377651862 0.37348513742631 -0.156046180091415
0.00458003521728081 0.00627679922863307 0.312245724104034 0.269132726434793
-0.00785464433467312 0.0141405031491249 -0.0300757145844332 0.302464926812337
-0.00725957460634623 0.000173207758729268 0.0200428876713558 0.0448014678436743
-0.00494105933523831 0.00135615498237293 0.0814518940761025 -0.256747266514441
0.00920499254245898 0.0119221300584477 -0.339608577073787 -0.305988070909301
0.0135626039547906 0.00659129084753967 -0.448285463710128 0.220495944566721
-0.00548957495973924 -0.00825315915376582 0.0584614911227501 0.396482062499949
-0.0134640546046356 -0.0137854863929067 0.267220577026182 0.10138068003155
-0.00339098671029028 -0.0026099648144375 0.155774594048145 -0.112757970268187
-0.00404700751030111 0.0066295571515303 -0.012736397474532 -0.156946364328305
-0.000988183952468167 0.0125898052087681 -0.0050903801378778 0.120175210726075
0.00261714173942434 0.00176704759583945 -0.117904114284516 0.0556088835502145
-0.0109455401088695 -0.00881387321775332 -0.207903245051745 -0.104488866933814
-0.0111190907840026 -0.0101988912548344 0.000924579147887445 -0.306435486822755
0.00167973738875468 0.000878911573967996 0.378325931381332 -0.144241979727675
0.00430101927968214 0.00416590719783333 0.309332850674556 0.27825029891506
-0.00636166922881995 0.0123102254207267 -0.0336864321129266 0.303944015009403
-0.00632068416305779 -0.000796445325041379 0.0204755854569478 0.0455763256506547
-0.00425019479651949 -0.000690568144885621 0.0797220848377436 -0.255071609283398
0.00925993816022481 0.0100695480575922 -0.340830195708136 -0.295908407391305
0.0124137494432114 0.00808852866510302 -0.441508020321156 0.232547279395469
-0.00518304219972725 -0.00618851702458407 0.0641869305321972 0.396146906625572
-0.00999966920954426 -0.0133297772507477 0.269491844669667 0.0951961430667011
-1.78764763531965E-05 -0.00278836105794761 0.157495858574429 -0.116676404114591
-0.00315292550208762 0.00727004630383648 -0.0131710712980464 -0.157520359702196
0.000199052097119816 0.0115954782917712 -0.00517992722744904 0.120907059956094
0.00566961626716668 0.00266194478597085 -0.115335586509163 0.0539072190918193
-0.00640827858799045 -0.00607541690089848 -0.20634427430463 -0.107835777625316
-0.0100888885187048 -0.00682591636387607 0.00133276804777975 -0.305319437907203
-0.000856415916154529 0.000239981687840504 0.37987337243164 -0.139347954969553
0.00364247575715324 0.000842044858975636 0.308498961848167 0.282831388837433
-0.00582719850740797 0.00964945458856741 -0.0334466814340114 0.303212767120594
-0.00583629569411785 -0.00198685448168884 0.0210422917912463 0.0453743876905633
-0.00335532416985492 -0.0032166445175941 0.0786146063592843 -0.254431418549739
0.0076142575502795 0.00664679136431119 -0.341627270271718 -0.290057727916912
0.00911493092108151 0.00806595336688857 -0.439021433565825 0.23943768961063
-0.00394349330116855 -0.00337620552667558 0.0662944648713468 0.396889772341526
-0.00495450393623964 -0.0114487216524903 0.269348747132561 0.0909209679997387
0.0042407665066271 -0.00297790599189017 0.158858926246246 -0.118445404506432
-0.00161081516462746 0.00602095146964454 -0.0135715711398891 -0.156395724855179
0.00236224567900037 0.00981785767859105 -0.00612493719448931 0.121312043160321
0.00809081740312772 0.00322604014592894 -0.113070315139438 0.0544655475909119
-0.00202794089831885 -0.00180024208203071 -0.206573708753734 -0.107819792271947
-0.0082212194951733 -0.0033447645235986 -0.00391989730117157 -0.304204488456279
-0.00343570846900567 -0.00126748388236355 0.379876552218047 -0.13916748831595
0.00184703740996817 -0.00320128181995871 0.31309178019349 0.280066294704475
-0.00551921928198312 0.00780547667616577 -0.0302772129552575 0.303346318623465
-0.00592482994539483 -0.00357404269120155 0.0224121686664075 0.0451010400322701
-0.00358500587523028 -0.00604079065559549 0.080922949400873 -0.254009020933138
0.00507575937871744 0.00207372705944632 -0.337941978634205 -0.292215605295233
0.00628074420276051 0.00777662005573042 -0.439490271941176 0.237196033246394
-0.000843027640167095 -2.71625517906E-05 0.0607062761197061 0.39933455273023
0.000892750606687914 -0.00886718349584559 0.268468174412866 0.0912405336817747
0.00769298719133546 -0.00296686268852514 0.161721920811588 -0.118023373375019
-0.000193764885202227 0.0038122404781235 -0.0134425454508767 -0.155084965846508
0.00335688640255834 0.00261645544687782 -0.000863570216040162 0.129369558391871
-0.00550987546856456 0.00469397510895764 -0.122790186642123 0.0762024018368247
-0.00859393491009064 0.0033843201104537 -0.225602403328672 -0.0708352790705206
-0.00333300218326571 -0.00815276509645491 -0.0516548376772595 -0.306322146427427
-0.00226723427719922 -0.00569031132755922 0.342098071385274 -0.214770905904411
-0.00496510690702976 0.000463852139852024 0.338267451195829 0.210508434456685
-0.0109723939122311 0.013318743843875 -0.00242879240227743 0.289443083667878
-0.00998930531847682 0.00227668396704145 0.0231904181111767 0.0397666437849038
-0.010443422158166 -0.00181685725646679 0.103273809386365 -0.263860394927348
-0.00356044761585213 0.00533534363022691 -0.311827800709584 -0.360192874880321
0.00706501452147944 0.00081181396732869 -0.482834427306277 0.158409844501399
0.00580735309085749 -0.00732505844217475 0.00712443377297467 0.40135411479627
-0.00539419359053451 -0.00230932584507591 0.254044715297821 0.128865191551593
-0.00923504943990727 -0.000497772507027434 0.157545265083266 -0.0969815077653725
4.07673756114327E-05 -0.00542633379237613 -0.0119111923838223 -0.151469930877088
0.00146008584715495 0.00515766978493458 -0.000833716143909924 0.127206629328655
-0.00597058895238295 0.00409812428825848 -0.124182319011691 0.0725137830678876
-0.0124405882227586 -0.000676933327279642 -0.223246810375859 -0.0761682052183541
-0.00628923043008411 -0.0110518820063305 -0.0404495097748141 -0.308155724877772
0.000290821916198468 -0.00356596846113439 0.349238204724549 -0.204751098449081
-0.00147194515066337 0.0038318587493223 0.333098008344132 0.222046768792282
-0.0108722554585849 0.0151599976221495 -0.00937096283943047 0.292556934561507
-0.00957693217919756 0.00256705728386868 0.0220546718262479 0.041042029783737
-0.00972713252809033 0.00027791250203784 0.097552986479 -0.262880593903359
0.00040116595776801 0.00889960742681972 -0.320284858633267 -0.348096429732882
0.010554572685354 0.00268885156741996 -0.475804292654355 0.172186847313139
0.00255345308313242 -0.00964300338043067 0.0216279850794234 0.40060277031415
-0.0103742604713685 -0.00676095545537471 0.258045035968384 0.123883510662218
-0.00990893357640633 -0.00115068541111688 0.15658355366929 -0.100911073720074
-0.00240494758714355 -0.00201627901805077 -0.0122680884735177 -0.153734992826407
-0.000292432286327621 0.00825867352119434 -0.00141896272058904 0.125199900243781
-0.0052895503536321 0.00298724705767803 -0.124657245119227 0.0684501297009997
-0.0150572667670469 -0.00459305639859543 -0.219356605317002 -0.0830800792673692
-0.00863171596626013 -0.0125940024995605 -0.028100961556622 -0.308829245305555
0.00233395187953918 -0.00183768207473726 0.358425783145327 -0.190024630189432
0.00108996030331724 0.00624232965942734 0.325320213832544 0.237421387048539
-0.00927682054474598 0.015652893869712 -0.016143618649765 0.296562897436566
-0.00875814072474131 0.00230082025648604 0.021164377527945 0.0425123114422751
-0.0081137651605966 0.00206543764081629 0.0904662777526837 -0.261513248632964
0.00455822150090677 0.0116309993885014 -0.331199364742642 -0.332706683591084
0.0129502618225556 0.00368062560158991 -0.466658089564254 0.189468372603148
-0.000877376699941986 -0.0101956644128685 0.0364386654677956 0.399804286494433
-0.0140167356912075 -0.00980204341117628 0.262278135020852 0.115304247317428
-0.00921885248538211 -0.00154497895284786 0.154945517127269 -0.105446397566634
-0.00350599340952436 0.00169887567382849 -0.0133732300502152 -0.155419205160239
-0.00127641014478902 0.0105699130148514 -0.00197738008368688 0.122734605451169
-0.00335424630961065 0.00232199846949902 -0.123023792147102 0.0634555181165367
-0.0153390705596662 -0.00798941351609241 -0.215214863984715 -0.090533100129112
-0.010633823265537 -0.0130084876923034 -0.0159896908258044 -0.308424907030239
0.00323386355556216 -0.000390426760692578 0.366857239979192 -0.174879981530622
0.00328500840570654 0.00684384481113791 0.320413507279224 0.252660119467845
-0.00856953364991377 0.0154256601333514 -0.0231679696269535 0.30018924020014
-0.00787739069632947 0.00186118469103315 0.0212100988050431 0.0435160688385958
-0.00682587183393207 0.00207736057484821 0.0849765925731206 -0.259976968183706
0.00760293188436477 0.0127262711334135 -0.338275135471794 -0.31812164186517
0.0140665100131449 0.00515698508466042 -0.458103645485163 0.207394384249148
-0.00385932684491466 -0.00969510057774459 0.0505334945079583 0.39853207742646
-0.0151639115469873 -0.0125822062685762 0.26597239386582 0.107181386214895
-0.0070133950357739 -0.00195568588164263 0.155166202125867 -0.109943296919913
-0.00430784821239752 0.00439823037392949 -0.0142623344919109 -0.156735254406254
-0.00102082239788308 0.0121082808858553 -0.00277190674862612 0.121398493804649
-0.000999975107394137 0.0019454272927703 -0.121300199815735 0.0594016125583566
-0.0138714476383524 -0.00945603780790393 -0.212011629379077 -0.0972657521511282
-0.011033480753034 -0.0119822684859029 -0.0070773585544974 -0.308222999421911
0.0033038256296199 0.000595845303559627 0.373391080776135 -0.159396212341238
0.0046701953595877 0.00638131474979249 0.314900857949397 0.268337983301344
-0.00759143419601323 0.014636159519019 -0.028623874433704 0.302832890470466
-0.00745937542587704 0.000482597125379873 0.0210986192828336 0.0442975311179321
-0.00501493189224647 0.000836444460462651 0.0801880900512824 -0.258169581270302
0.00900483619673457 0.0119264016123729 -0.343353245926718 -0.30430085658134
0.0139915764741638 0.00645027117553513 -0.448204243967123 0.223040763929456
-0.00527841167985338 -0.00774297000985688 0.061528837785439 0.398023284504931
-0.0136833808176894 -0.013698532901078 0.269473448428939 0.0991329001418871
-0.00363579259684583 -0.00232602681526784 0.15578658342965 -0.114689688520684
-0.00391894850251893 0.00630119050856031 -0.0142639904347869 -0.158057279932175
-0.000745298539943435 0.0125702629057921 -0.00381876769980139 0.121141483653163
0.0021642739123878 0.00193246226420572 -0.118533083803694 0.0557702576267111
-0.0106778719667801 -0.00900290446405907 -0.208816172162415 -0.102597631877414
-0.0109023995273308 -0.0100314323922382 -0.000976043370899974 -0.307584958469625
0.00207335860474934 0.000961830662980486 0.378601765163881 -0.147195304157086
0.00460555108362422 0.0039333616548808 0.312168686742562 0.276663726147265
-0.00637522402114837 0.0124286819551347 -0.0323229116917918 0.30416564738072
-0.00609334931648191 -0.000652278889431159 0.0209335369655142 0.0448878388288169
-0.0040969897833508 -0.000808337979107314 0.0778997932586784 -0.256006393942541
0.00929629903674812 0.00984281840346518 -0.345037620651694 -0.295329835215601
0.0120270453648035 0.00737743942491455 -0.441406445889819 0.236155404768556
-0.00551759547901338 -0.00562787900834064 0.0683725510152038 0.397047222856395
-0.0102842665355478 -0.0133438100207987 0.270983950438499 0.0936788559363503
1.30285444852208E-05 -0.00268273434041361 0.156912576372523 -0.118689206934743
-0.00285910025500621 0.00684878621856108 -0.0149974382312098 -0.157316751600204
0.000858356561043151 0.0120045500571369 -0.00440995167138241 0.12124186604504
0.00539791337944336 0.00253081079880708 -0.115209198133403 0.0548219269200826
-0.0067167009752826 -0.00627642631381104 -0.208038277726816 -0.105729635322807
-0.010144227741542 -0.00690295754469171 -0.00142238321091045 -0.306380777931571
-0.000641016438265223 0.000311626810310736 0.381290746583861 -0.142652302238575
0.00357987346333617 0.000760070965833312 0.312431693615235 0.281166478045602
-0.00557454285572492 0.010220874150634 -0.0319103024418196 0.304459708589386
-0.00620039678884987 -0.00214226711120406 0.0221439950337895 0.0448729518799171
-0.00369625269036669 -0.00317765516987821 0.077410398691768 -0.256007416299385
0.00769553048299335 0.00645901564500059 -0.346029874610251 -0.288284737491894
0.00995812782455686 0.008140174731519 -0.437340533009073 0.242061398357777
-0.00333525214597391 -0.00324319352615785 0.0700224705320014 0.397822411261841
-0.00512334877727891 -0.0111866230391218 0.271955714705165 0.0888408054747109
0.00418441195477776 -0.0029706715084036 0.158430884125561 -0.120588574061257
-0.00154012749877376 0.00582304286961731 -0.0152665431351548 -0.156568325388063
0.00243547906458999 0.0095289535437967 -0.00534494616978374 0.122083164304434
0.00780442649975289 0.00364916567678431 -0.113232481907488 0.0550264988671929
-0.00190401230690338 -0.00230109620549479 -0.207504631254918 -0.106490201809558
-0.00849382599834508 -0.00347450551411179 -0.00598502917036667 -0.305269860825682
-0.00301359155003556 -0.00104191338450195 0.380051455884466 -0.142523223042642
0.00154467159510935 -0.00282336001819645 0.315763640813767 0.278206149093001
-0.00476555985973292 0.00804631788394551 -0.0292816236947906 0.303933808386551
-0.00601175159918154 -0.00337377963276744 0.0222014215275851 0.0449321321183492
-0.00351128661398932 -0.00571754494031004 0.0801139865065697 -0.255448347424576
0.00483502273384121 0.00224281815006805 -0.340863800413812 -0.28995377203198
0.00672947035134053 0.00780448929762336 -0.438242632706348 0.239825116849445
-0.000828518669645916 -9.6448394175868E-05 0.0641463933519834 0.400077394701335
0.000802505653483373 -0.00882100928452188 0.270235157104157 0.0892987861609434
0.00771482322547669 -0.00334242957513396 0.16113618450625 -0.120340145244286
-0.000189443041281427 0.00391362329314793 -0.0147885558893748 -0.15534305617229
0.0034462171337321 0.00214703783413016 0.000674592707535312 0.130118713229239
-0.00567555967650946 0.00467421038004845 -0.12291699455274 0.0767594109378341
-0.00793949030977886 0.00377116464617279 -0.22699101472405 -0.0687108905182541
-0.00307691089655995 -0.00840343798729735 -0.0539289907199176 -0.306729868267903
-0.00230377618385704 -0.00518012900935691 0.340774568882183 -0.217858057137666
-0.00516615540741493 0.000395396519002014 0.339477081518924 0.206820603124391
-0.0110824743263432 0.0135134383343296 -0.00147817181210542 0.29010331238107
-0.00982344558048014 0.00282688548351927 0.0230922237412085 0.0400799031645021
-0.0106803850826705 -0.00154987827570961 0.101652497392185 -0.265483848133504
-0.00312850739788036 0.00537960829042694 -0.314123746765844 -0.359697631963931
0.00721457575595731 0.00117759228599323 -0.483922836126087 0.162511819226869
0.00532274710864531 -0.00696997061515754 0.0105373762569445 0.403660619694926
-0.00615918122687615 -0.0021124570899386 0.256596292691952 0.126849942098471
-0.00925811735922926 -0.000256037591962177 0.156893442008374 -0.0990280851457871
-0.000148872619689915 -0.00525312244258999 -0.0135418226556779 -0.152041466775791
0.00153562906229526 0.00478073034695272 0.000694540424767134 0.128016679038011
-0.0063101687450812 0.00417025357517996 -0.124288337275601 0.0733295507362616
-0.0125756410269142 -0.000672383513489394 -0.224250160469981 -0.0737366753053742
-0.00636138974964457 -0.0112810850390464 -0.042364621646717 -0.308660258607251
-0.000144320672997651 -0.00357440202410624 0.348578081920217 -0.208380782128556
-0.00176098033522254 0.00350507142965369 0.334319044108 0.221390961898465
-0.010445579499299 0.0152107480042547 -0.00764891548896593 0.293261914810664
-0.00950287784155923 0.00258988866066846 0.0224174671328912 0.0408461494100636
-0.0100189119500325 0.000450026012355365 0.0968758361538126 -0.264393153846719
0.000576606656456179 0.0093868182389005 -0.323629413718744 -0.347530964331788
0.0106349450801422 0.00235297137920099 -0.475426186462582 0.176784680206475
0.00232382105827566 -0.00975769381373719 0.0247184409535398 0.4017325640888
-0.0109438382511247 -0.00616316931273566 0.259816125719046 0.121472865396569
-0.0100976737051509 -0.000717987543901194 0.155562634602296 -0.10234012873466
-0.00218627041371834 -0.0015381951908392 -0.0143071595256786 -0.1542781537363
-0.000419414628101629 0.00813525101312405 7.87228533752641E-05 0.12547786210998
-0.00524948834591036 0.00352394782356757 -0.124589870903394 0.069099805051196
-0.0151204378543443 -0.00479016031512425 -0.221312894062571 -0.0806748588763858
-0.00874544103570894 -0.0123393963620072 -0.0298808167125717 -0.310368981619143
0.00268304720516096 -0.00179565772225306 0.357505099982093 -0.193235419091205
0.00118472595748242 0.00624426514649652 0.328496916188637 0.236034548193466
-0.00920059932673205 0.0159114690964961 -0.0153396526006483 0.297153664633608
-0.00876879133016747 0.00293485258484872 0.0221456946883363 0.0420666758339497
-0.00850306647138845 0.00181242393585187 0.0897839747216422 -0.262967094666951
0.00430280435476231 0.0114072447487096 -0.333566843952316 -0.331487380373481
0.0126701878535437 0.00353800236913689 -0.467995322030041 0.194621455549498
-0.00111973523283816 -0.0100891580367481 0.0392484519493311 0.400674562016124
-0.0139055390627708 -0.0106627276684164 0.263105750094816 0.114692323434213
-0.00919215394775747 -0.00147547019521312 0.154823355445973 -0.107332050270969
-0.00364680668747743 0.00210555786481142 -0.0146638392497433 -0.155677738142773
-0.000988720490663705 0.0105041344215846 0.000115413382066973 0.12311209884231
-0.00354468844479699 0.00250683859242881 -0.123329257957564 0.0643449752771562
-0.0154788995041871 -0.00804744368012816 -0.216915179524252 -0.0881254987291214
-0.0105169930974323 -0.0129944811441925 -0.0189387415876236 -0.30985031248185
0.00355730377998697 -5.78771708318673E-05 0.365719877900524 -0.177572057551766
0.00358362772461389 0.00690728209588058 0.320981182951055 0.250456671920822
-0.00845157802222158 0.0161299508810044 -0.0206633365063561 0.300984897584225
-0.00799831397327371 0.00235940233870815 0.0214812507615534 0.043357867147927
-0.0070176455957173 0.00212888657208994 0.084366228878311 -0.260890306594556
0.00749825716983533 0.0126434989531061 -0.340214518821393 -0.316620754751662
0.0142444809006444 0.00536426249364528 -0.456289203595727 0.211919672554182
-0.00378518246554242 -0.00992079262775847 0.0534789186230883 0.400109400780657
-0.0151156298372118 -0.0125651542752564 0.267709356835597 0.1058022265917
-0.00719841545585792 -0.00159910024157596 0.154577523457563 -0.112433284492479
-0.00379886224179756 0.00451611884614562 -0.0156825177523198 -0.15666413412074
-0.00167443937258895 0.0123236158955756 -0.000908560526733438 0.121996270934597
-0.00105171390299968 0.00225840529722209 -0.121174294283815 0.0601473197796319
-0.0140512033674921 -0.00939570527413216 -0.213084307076758 -0.0956212822819373
-0.0112005466341936 -0.0122665403603177 -0.00897707585237383 -0.308645614344679
0.0035575005768082 0.000561013999966112 0.374338375325198 -0.162796440626429
0.00460536688745653 0.00612297008275893 0.316676622816072 0.267207009277739
-0.00757817653140787 0.0148151782725818 -0.0277120958279087 0.304210788639401
-0.00684750373507999 0.00065473826403142 0.0216135686996731 0.0443203618897618
-0.00526561827202889 0.000836977071905434 0.0794880492219558 -0.25892360684348
0.00949598110769619 0.0119653089437846 -0.345815415211798 -0.302941111894648
0.0140119495748395 0.00660604072755706 -0.44773435067955 0.229219742425503
-0.00515388971675528 -0.00795538279801113 0.0646338432581612 0.39906153837528
-0.0139305190268925 -0.0131799203598893 0.270758219373221 0.0973791007404617
-0.00394552553230782 -0.00240900369326003 0.155082201415524 -0.116559381695946
-0.00400476987630605 0.00672067682428966 -0.0159404740913736 -0.158634474994966
-0.000683093754237396 0.0125775455766922 -0.00218369952642609 0.121029049967891
0.00251270730838017 0.00225424752739102 -0.118254292860518 0.0569011577292091
-0.0109742910795758 -0.00873824173401439 -0.210480451401627 -0.101407602499957
-0.011017247412115 -0.0103456438903462 -0.00353635037519464 -0.308016363471683
0.00201989207264591 0.000994602420518172 0.3786419770463 -0.150794566095436
0.00446742962470354 0.00380723263762173 0.31445271427281 0.27520680649136
-0.0062830118645463 0.0127883020947194 -0.0303501982578306 0.304905493890328
-0.00655736208024115 -0.00075537430330164 0.0212450247569419 0.0449670923460321
-0.0046811899729775 -0.000742035590878204 0.0775859464848783 -0.257951451458708
0.00911671364980792 0.00928367135225089 -0.34699676591513 -0.293722947804041
0.0125442004109862 0.00761843113577184 -0.441554131278624 0.240097085404908
-0.00551642487144933 -0.00567516342711454 0.0717991529421778 0.397599890848701
-0.0105560712936249 -0.0133219589347985 0.271961225562535 0.0916495189425024
0.000130414849829942 -0.00279387598736929 0.155802951993221 -0.120290101469102
-0.00340997879455809 0.0068289914798109 -0.0166210010744127 -0.158687704132755
0.00057053236627259 0.0119730226688839 -0.00246098949346058 0.12141031481262
0.00540918883598262 0.0027752067900962 -0.115836922522236 0.0556872788499465
-0.00692267253443923 -0.00578324223117167 -0.209341129020781 -0.104137111128543
-0.0102069420069302 -0.00703256069449804 -0.00285624266033617 -0.306690076194834
-0.000506301057679384 0.000125312821321469 0.379967793818383 -0.145530566307767
0.0037861583176441 0.000752040237565718 0.315645924056402 0.280182013144115
-0.00508884971070565 0.0102730171328711 -0.030964635182071 0.306142246817537
-0.00618401525852128 -0.00209926837893062 0.0222212756658763 0.0450555940235602
-0.00377271568607493 -0.00325820841396081 0.0766656896755167 -0.257523393740935
0.00787049721864357 0.00632967790575734 -0.34829469293247 -0.288259735682271
0.00983466426723473 0.00780090010408452 -0.4386134551909 0.246876116284947
-0.00386816587053998 -0.00291971312782739 0.0731569184724862 0.399232710726603
-0.0054885271686405 -0.011482918006053 0.273143618952962 0.086973070452563
0.0042041052509807 -0.00304694676377901 0.15769671834963 -0.122231244189374
-0.00193171665352239 0.00602506699815579 -0.0167445987064853 -0.157610247266032
0.00294238712835165 0.00992885044395166 -0.00377089639426441 0.122320500716196
0.00850205533837008 0.00331869718208214 -0.112792083128416 0.0564497323525266
-0.00201246498134868 -0.00192672098189899 -0.208928345261117 -0.104609854674467
-0.008511064440322 -0.00342622678103113 -0.00724684955439308 -0.305713469002197
-0.00347819172054351 -0.00120606718395986 0.379720029095102 -0.145353131567951
0.00173763504348226 -0.00330859794455104 0.318748667554859 0.277304344335285
-0.00503445857404401 0.0082254135622271 -0.0271552153490474 0.304337508893929
-0.00608855887809174 -0.00312444614700116 0.0225834272941532 0.0448663917116039
-0.00403590467717372 -0.00616840768916191 0.078870727737812 -0.257388288402677
0.00477776426615589 0.0017460306315098 -0.342586891051068 -0.289942055913873
0.0067908013967362 0.00714541355327078 -0.437941505309344 0.245795680205324
-0.000842681185944809 -9.8161216028154E-05 0.0676788988279072 0.401100688556625
0.000379969741299891 -0.00869719517156914 0.271050713937856 0.0867790716340163
0.00736720180911095 -0.00352468287358416 0.160517498066383 -0.121887708136901
-0.000456567624479731 0.00345496816231076 -0.0163267539674221 -0.1556149905991
0.00332691874784588 0.00195307787447945 0.00234855268770428 0.13081963837424
-0.00509949299230753 0.00514333231594744 -0.122702043899143 0.0776742071740604
-0.00788281345096387 0.00378597662524896 -0.228375645860846 -0.0665366784230595
-0.00327714029651237 -0.00818612344693693 -0.055968810135526 -0.307016994709752
-0.00258943070097773 -0.00527737903464544 0.33986319707587 -0.220618679048992
-0.00505227971469433 0.000662696294687994 0.341027022490501 0.206549193634179
-0.0105998092657258 0.0139704743031596 1.52445210415864E-05 0.289973709788956
-0.00990650728112761 0.00284098746641489 0.0237504265764446 0.039320823234236
-0.0107363738281779 -0.00137944368900876 0.10057439049538 -0.266577984063299
-0.00318314500308318 0.00501996831969702 -0.317144345674073 -0.357910300372631
0.00685203308862155 0.000770619154970111 -0.483219561991567 0.165365196583924
0.00591703940882664 -0.00758032275395916 0.014728480499428 0.403191571392494
-0.0060176309625597 -0.00156168732845594 0.257352859245859 0.12522041585849
-0.00945738900855505 -0.000215726585014545 0.157065828639324 -0.100817858034872
-0.00115323547359825 -0.00549581095193257 -0.0151886588929438 -0.152866604490837
0.00102552728442964 0.00530046851239261 0.00184149768695534 0.128147097952153
-0.00611567680766036 0.00444852122596312 -0.123794126915748 0.074502353574384
-0.0127327386358032 -0.00053902616906908 -0.224727592921292 -0.0720501270164518
-0.00607996056690388 -0.0106689456521333 -0.0443158142920285 -0.308585262444813
0.000222905265227307 -0.00341941731407872 0.347128660457413 -0.21053673735391
-0.00186750213001904 0.0037546785240685 0.336488446164473 0.218609135915304
-0.00973383578864167 0.0159804144153079 -0.00531486660268381 0.293801131319717
-0.00929029275384054 0.00313693039353662 0.0228105763670382 0.0407015136909438
-0.00986883324069799 0.000370483231559036 0.09466307025121 -0.265477826718655
0.000550959087653796 0.00900040248610387 -0.325744619417383 -0.345943233936
0.0104137520673361 0.0020466020207909 -0.476343436629682 0.181369749408722
0.00197672987000809 -0.00974273818491145 0.0281736719219495 0.401571296882059
-0.011361299411011 -0.00662802570383258 0.261144904201514 0.119129595966966
-0.00994595233781363 -0.00105057022132929 0.154606955446948 -0.104653427910037
-0.00283197379570856 -0.00133948396778857 -0.0162357085518611 -0.154347735003242
0.000266429989081237 0.00850621365000502 0.00146954970725284 0.125966753061564
-0.00572233456929388 0.00336072191156141 -0.123959143887944 0.0699058154389717
-0.0148864951133364 -0.00460106339684557 -0.22182847357133 -0.0784063109481715
-0.00895889766503064 -0.0128418903308576 -0.0317124522134756 -0.309545537516496
0.00245002748725526 -0.00153010188208776 0.357068488529578 -0.196264632237699
0.00127271916194144 0.00578746050536018 0.32906425101858 0.234295652005617
-0.0093886766980321 0.0160653668484396 -0.0134882539017467 0.297771888765224
-0.00886053154007919 0.00287552577494713 0.0215944998374772 0.0418837717197473
-0.00868863021196327 0.00195375646464157 0.0885673765031025 -0.264092157563645
0.00436159623071639 0.0117600923667976 -0.336538478781226 -0.32872852828239
0.0131592406305256 0.00365348028143279 -0.466530235905902 0.197656155560939
-0.00129802146420122 -0.0101765906176238 0.0427807319359591 0.400867913714627
-0.0150978999229355 -0.00964949253995806 0.265765245848065 0.11198393210059
-0.00944203005388796 -0.00169702333300512 0.153571657322101 -0.108994979306484
-0.0036912759881558 0.00191003966972587 -0.016769081593212 -0.156994894059437
-0.00098496098315426 0.010407040447919 0.00139529906264684 0.123479247383651
-0.00321100090724283 0.00232700633878811 -0.122851534673046 0.0658448117369427
-0.015595603905516 -0.00789610203429078 -0.218010390476529 -0.0862415437326633
-0.0107017245042528 -0.0131394853666274 -0.0209932261464853 -0.309483784577923
0.00359237730617651 -0.000122161891055181 0.364950446613891 -0.181015855509584
0.00342379155230457 0.00685841606226302 0.324108769325854 0.249219161825499
-0.0081414097225477 0.0163787904710991 -0.020115704006643 0.301012157363043
-0.00793600513400054 0.00209878542261138 0.0220243894124295 0.0434336289796252
-0.00678520922296193 0.00195767518993211 0.0824502251723241 -0.262181763324659
0.00759078198101727 0.0121862589615209 -0.342621194496988 -0.315027454787428
0.0148817080564248 0.0049871513518629 -0.457795222072615 0.21637243448398
-0.004055764357047 -0.00962359651195697 0.0572695507601097 0.400044382951196
-0.0154990520400586 -0.012279660886684 0.269041316832027 0.103745572958172
-0.00707034042419385 -0.00230379399980224 0.153685697257536 -0.113447208094153
-0.00397707538794941 0.00469269762201674 -0.0172046877610704 -0.15743520919821
-0.00117670719028823 0.011864762887865 0.000408823404259295 0.121886018299411
-0.000886967432571996 0.00231851508803993 -0.121531888552273 0.0605935533683251
-0.0142358661659929 -0.00961883797031974 -0.214086988805679 -0.0934892653857201
-0.011145072855165 -0.0122836601118214 -0.01143061748199 -0.3095476562753
0.00357982074683125 0.000755983963328345 0.372992890639757 -0.165702574498463
0.00444661813459921 0.00618446817846035 0.318991185533955 0.264411410612588
-0.00698191655045387 0.015482473223723 -0.0259756563478188 0.303926886804359
-0.00688376268867695 0.000661375696606274 0.0223017098110216 0.044253206994268
-0.00541215729447188 0.00109949272507547 0.0775384316489017 -0.260841942946612
0.00906385514336673 0.0116187540550184 -0.348497025184076 -0.300093024885092
0.0138526984988894 0.0065008064178159 -0.447060381268216 0.232108818599101
-0.0053537237929926 -0.00810305783438404 0.0682766883360219 0.398446101100395
-0.0146984983959366 -0.0134929397761125 0.272093369344267 0.0955451793746419
-0.00426587442185182 -0.00216285555612858 0.154160738263739 -0.117496282240442
-0.00432034455460841 0.00618432463924042 -0.0178506239059526 -0.158887311542324
-0.000487361099878768 0.0123725547330371 -0.00053485768528823 0.121850945668961
0.00260761303809798 0.0020907358135466 -0.118521945685441 0.0581734453807426
-0.0107633736248243 -0.00898149625885658 -0.212027310390309 -0.0991430426044535
-0.0112983317289357 -0.0101972489743032 -0.00554528150472522 -0.307969880993446
0.00196711030283507 0.00117317887076131 0.378306641399891 -0.154164381335103
0.00437594997088952 0.00419127205664399 0.317113596886752 0.273475682000355
-0.0059661441134639 0.0131824828493719 -0.0292401277865808 0.305791344443927
-0.00641918559949548 -0.000655027976122116 0.0221976795956485 0.0448978035828732
-0.00424098335328811 -0.000405725422917167 0.0765957863502236 -0.258947259483139
0.00895630088510975 0.00937812290885706 -0.350868989009457 -0.290497436024887
0.0126889938416815 0.0071984104416281 -0.440773342348694 0.244702649863164
-0.00541017905639814 -0.00534530790004544 0.0743472280741325 0.398471173574733
-0.0112232253595728 -0.0133408791862945 0.273378703750153 0.0892843971074027
0.000210692240203689 -0.00327118543033686 0.155356832311023 -0.122026676480589
-0.00332467521511875 0.00737842932380605 -0.0184058603204641 -0.15868525567755
0.00102924146783423 0.0118900110060169 -0.00102738931382224 0.121311368397133
0.0056701368655919 0.00288808343053248 -0.115417710331238 0.0564859834130611
-0.00712809748252932 -0.00594152468757624 -0.210808790802755 -0.10151000004972
-0.0104056143957559 -0.00706898591242777 -0.00530561987863335 -0.307827136982528
-0.000302441840717701 0.00068941516463213 0.38048421077856 -0.14841747728037
0.00340763385504814 0.000270387122177999 0.317598418217943 0.277464427710007
-0.00520747226445818 0.0109916190572252 -0.0288520744205589 0.306390740287149
-0.00596934567373642 -0.00245830890872403 0.022663716813166 0.0443082175866728
-0.00372453308013458 -0.00348594157545174 0.0756154103451746 -0.258743732370359
0.00802502626805923 0.00585631835063747 -0.350583610194862 -0.286496284205738
0.0102531578809215 0.00770941672891392 -0.436405627050821 0.250997887184962
-0.00385598667890574 -0.00264638350253949 0.0770316738234006 0.398384067060284
-0.00559847633717665 -0.0113868665760837 0.274060492662754 0.0848707233390607
0.00447094722508736 -0.00316901053177179 0.157175833959767 -0.124016564382519
-0.00218852528892173 0.00643755595634649 -0.0181376340969564 -0.158157852656109
0.00320123364368319 0.00972991999321994 -0.00199455255798491 0.122965275534203
0.00793775100471384 0.00394844231102601 -0.112866654632011 0.0567982582589523
-0.00192900595259409 -0.0020119611539507 -0.210343512482856 -0.102447186815814
-0.00882234548760272 -0.0035721697414916 -0.00936940902858745 -0.306979377601539
-0.00342387522410947 -0.000819597642861266 0.379108971264632 -0.14849145729495
0.00145213169825658 -0.00306982382261855 0.322012568411461 0.274790186234653
-0.0050675935301821 0.00807225961021991 -0.0259464655109683 0.305159662098281
-0.00604097496120711 -0.00283623107878075 0.0229368542968454 0.0441835204764602
-0.00391999770102071 -0.00605590147324884 0.077993873125521 -0.258709284165039
0.00495291850454155 0.00188817050830701 -0.346035323795461 -0.28844783158746
0.00690714123674772 0.00733294764126454 -0.437319738045221 0.250275281492105
-0.000896123192355482 6.67988076118193E-05 0.0723641425605854 0.401068065289286
0.00064505765478104 -0.00893356545911774 0.27266564926945 0.0851772464933895
0.00733701667526477 -0.0031854557487231 0.159603570808116 -0.123791357863268
-0.00031375231822817 0.0035684870729829 -0.0179894644206556 -0.156285133308206
0.00346143911402272 0.00213106951124971 0.00366580361626116 0.13045578016077
-0.00528214447244115 0.00531160548326903 -0.121753347991745 0.0792743479426217
-0.00810847282508557 0.0040599680679701 -0.22880600108334 -0.0643218154122413
-0.0035335172742299 -0.00868362777327363 -0.0574911262364846 -0.306929968467811
-0.00248628873776948 -0.00512373651892882 0.337972052703981 -0.223728550617283
-0.00555410775459521 0.000403001818671521 0.343599963567238 0.203848444304915
-0.0100881535246853 0.0141158179741636 0.00163710585948545 0.289995939473089
-0.0094739713863884 0.00330086136394813 0.0239448568019972 0.039043417301355
-0.0108209021768507 -0.00151312863200692 0.0991740972619995 -0.267434466838065
-0.00340328115036369 0.00550098765475415 -0.319209083306896 -0.354963484111891
0.0069359837366701 0.000344185132497948 -0.481590449847243 0.169789381631198
0.00544899016569865 -0.00728574681766204 0.017997338948246 0.404431581414582
-0.00632254189936077 -0.00154195554630366 0.259567053270676 0.123097648350578
-0.00953263776092632 -0.000147252395528165 0.156016182130656 -0.102118169387113
-0.000729223940788917 -0.00555376219869333 -0.0166490596464394 -0.152475418977048
0.00130295968436687 0.00507439779506637 0.00335503413791197 0.128142997124549
-0.00581355401714297 0.00467666728469105 -0.123799591914219 0.0756433745461346
-0.0125476950443087 -0.000144378222998647 -0.226009473739793 -0.0694725737858733
-0.0067119339808879 -0.0110702042454428 -0.046184716581127 -0.3088896100546
0.000225962050050743 -0.00357167397853514 0.346178702107723 -0.213249889277922
-0.0019198585320767 0.00326769940418264 0.337053948951047 0.216524891086881
-0.010116921047925 0.0159774171490057 -0.00462455387230415 0.293719394128623
-0.00941969284675982 0.00326251676945544 0.0231455616904709 0.0405305799622433
-0.0102533491319637 0.000532362913429369 0.0937415891561816 -0.266142819248678
0.000883064081130862 0.009207675056184 -0.328616544442294 -0.343558301818067
0.0108794452682837 0.00206237143200427 -0.475386779549324 0.183845869112706
0.00217637587042983 -0.009565066118479 0.0311768860070874 0.4029252941579
-0.0111834345100415 -0.00557095518111829 0.262415085525522 0.117139123956615
-0.00997004514470631 -0.00116411409300093 0.154386243360737 -0.105485505389757
-0.00224120703881791 -0.00190880365523646 -0.0173632830124833 -0.155077103592577
0.000154775344573802 0.0078344020934301 0.00339054214069061 0.125742787485128
-0.00533129343351349 0.0037333478557501 -0.123726048901721 0.0715157236657053
-0.0149419843016283 -0.00442073962671552 -0.222804851300158 -0.0764777345303194
-0.0090615481543021 -0.0124893755746676 -0.0339633516000206 -0.310188030028513
0.00233022470066851 -0.00184113818607077 0.355739945081293 -0.198746367868833
0.00131554776858328 0.00558709261374417 0.33011154795951 0.231517197495427
-0.00916104241813088 0.0169029781386801 -0.0115910209988656 0.29829912783317
-0.0086711386215107 0.00266297777034441 0.0227366321655742 0.0414088043809885
-0.00855830891922651 0.00175339077904566 0.0875361860834461 -0.264644497161057
0.00412354055655162 0.0113060173924334 -0.338777436096862 -0.328083769763638
0.0132810080414622 0.00342861912539878 -0.466093271453635 0.201494265881658
-0.00121128201794207 -0.00998425674774528 0.0463287994179869 0.401202342428639
-0.0149284415788792 -0.00970296393403951 0.266828813519537 0.109271523389657
-0.00957997706733909 -0.00152004637275807 0.153299026761539 -0.11035482742117
-0.00392602364959455 0.00168875773436414 -0.0182799439862738 -0.156839499509658
-0.000845358290248428 0.0106058412484016 0.00319941570868995 0.123720256849629
-0.00370210727080147 0.00277743676445721 -0.122750948991503 0.0661853731423544
-0.0155971760482588 -0.00801824493325548 -0.218784865649381 -0.0840085068852619
-0.010623508902605 -0.0129812763190724 -0.0229078436132934 -0.31027075195527
0.00344912649703365 0.000100909316397482 0.364516019094127 -0.183904642556528
0.00348025000168485 0.00702105925009792 0.326116053515335 0.246410292932417
-0.00795407496805248 0.0165856364712681 -0.018466460481476 0.301620207078471
-0.0081453345962971 0.00258161013395614 0.0226136847366356 0.0428481444472997
-0.00690015157755529 0.00193576504445161 0.0813936132021825 -0.262569447694611
0.00750178467309875 0.0120076627720378 -0.343889672060595 -0.312018428453967
0.014449783117356 0.00473863320752719 -0.455949870548272 0.220072221509316
-0.00410132228210741 -0.00963098132840842 0.0603531631560326 0.398883965729264
-0.0160248645812202 -0.0124217758005056 0.269842543845747 0.101500858935311
-0.00713563596784867 -0.00195880280446982 0.152708392570214 -0.114777114457047
-0.00449187099637863 0.00458104613840909 -0.0182864175063517 -0.158691033076532
-0.00130102801551597 0.0119664100488495 0.00243763360866381 0.122385536334689
-0.000646080161952238 0.00206965718690088 -0.120671070566666 0.062308602839258
-0.0143163533882116 -0.00977537166427877 -0.214888813163153 -0.090687008420629
-0.0114589258678841 -0.0120343360626416 -0.0133191916081118 -0.309846897756944
0.00372060957140583 0.000797510762226735 0.372882670143219 -0.168902176460613
0.00422884151421521 0.0059394090357579 0.321278170599654 0.262890440333129
-0.00655544024747706 0.0152689636366963 -0.0243976369448918 0.304069512259298
-0.00682920530815943 0.000911873017067424 0.0218719145417269 0.0440139130463953
-0.00561598887659014 0.00126980386215331 0.0768592849019474 -0.261060026078687
0.00927426902029345 0.011554918517354 -0.349925403840661 -0.298631511941602
0.0142402867176759 0.00607726700324511 -0.444937350718405 0.237413583299866
-0.00540645584628054 -0.00775665510904031 0.0720221846966272 0.398660185030817
-0.0149043162231321 -0.0130631309243202 0.272997293985565 0.0932245150793089
-0.00410177260031569 -0.00200347175849831 0.152860366196146 -0.119908625932183
-0.0046059470105709 0.00643766496078379 -0.0190912753543719 -0.159455096134549
-0.00020722315534449 0.0121449221226374 0.00100649734515053 0.122091324923269
0.00254629460981043 0.00189938752194144 -0.118182910446742 0.0590796074753063
-0.0111816804687457 -0.0086768261705292 -0.212188202591005 -0.0967689950369344
-0.0115378971373818 -0.0100622218169832 -0.0078289640759672 -0.307935941491875
0.00224229194127014 0.000976686480290913 0.377824417566687 -0.156067172304484
0.00423095207346284 0.00389271924827156 0.318990610021839 0.270706310382102
-0.00541285636427291 0.0131911148478276 -0.0277930623511361 0.30582412393436
-0.00630076069490767 -0.000454267977965294 0.0224369564780363 0.0445010929224328
-0.00429427875660537 -0.000895484445781602 0.0753904455205167 -0.259256414728739
0.00952133835683349 0.00947398192359609 -0.35069346586147 -0.288426172940877
0.0126974482249455 0.00692512777324671 -0.439189019037863 0.248929591424305
-0.00542014799739061 -0.00540795986662513 0.0777465168358308 0.398094877292779
-0.0109979417327239 -0.0127856214342005 0.274625055903562 0.0869114510137794
-1.88795875530742E-05 -0.0027877351208067 0.154197944082319 -0.123401331941254
-0.00359406652423711 0.0070845730064841 -0.0193102601066639 -0.158745876048496
0.00135952922680617 0.0116722088147423 0.000181145227681217 0.122122850151403
0.00538399888629073 0.002779119423379 -0.114805607904559 0.0574265590859211
-0.00671705927146504 -0.00585304676871001 -0.211157079993655 -0.100384660573688
-0.0102245374572437 -0.00720563018506736 -0.00721247090711764 -0.307083902688925
-6.65663292720321E-05 0.00058402510762553 0.379119968765365 -0.151688256885937
0.00348650008763879 0.000720491847646127 0.319078431725904 0.276142298544251
-0.00486982550008021 0.0111761670266414 -0.0274474934721801 0.306809011993614
-0.00624615048777458 -0.00143855157766062 0.0228228839908758 0.0444508992486289
-0.00362917503123903 -0.00333780180975589 0.0734115809351221 -0.259446089057764
0.00781212857279577 0.00631095787068224 -0.352978442995555 -0.282418977308788
0.0102697930058857 0.00743388429757172 -0.435243473384215 0.25455387906435
-0.00373579223950694 -0.00277952887328623 0.0797276572103916 0.398687004618213
-0.00581631763987155 -0.0115675702690454 0.274888033938096 0.0823276905673445
0.0039204297256281 -0.00328885546838135 0.156160654531578 -0.125909259775118
-0.00279136518718468 0.00625884041682678 -0.0201350330686066 -0.158330471083808
0.0031465946074482 0.00944431515299494 -0.000769199759553645 0.123036397239217
0.00811458381310195 0.00339934402646448 -0.112577041859993 0.0576484945811565
-0.00215489271382253 -0.00206059234288014 -0.211349778615779 -0.100580474655522
-0.00847604133663278 -0.00379162412263299 -0.0119878805762658 -0.306653121670911
-0.00301989072108495 -0.000708076231157067 0.378375585634908 -0.151573475231827
0.00167053353841756 -0.00309917589212197 0.323308675185662 0.272881258224757
-0.00416605258790982 0.00834471580908522 -0.025161200804896 0.30527445925687
-0.00637413428175689 -0.00289108235552814 0.0240139266346905 0.0444728680384378
-0.00399544138922849 -0.0059324089719284 0.0763754743939628 -0.258861745701178
0.00489711918335545 0.00201050808919685 -0.347989568347091 -0.285712968356826
0.00712437534361748 0.00716003186738224 -0.437005118201927 0.252784948232747
-0.000550508688231897 0.000470572799276569 0.0752468116685424 0.401361988808874
0.000526993834032023 -0.00874715374940872 0.274038964540333 0.0824618105213893
0.00739139701767363 -0.00361623240568042 0.158775122250003 -0.125622753043525
-0.00087326363900698 0.00377763266832008 -0.0195630428807826 -0.156323626283761
0.00366891631062653 0.0018841732194352 0.00522140483715791 0.130428929059385
-0.0052776198075763 0.0047622860598554 -0.121442139207382 0.0796583893178144
-0.00802090856071626 0.00405516212147648 -0.228799841635913 -0.0623315122098393
-0.00328797819907759 -0.0086952395713621 -0.0590254912656989 -0.307057102238461
-0.00247805767199247 -0.00546204602175128 0.336619601430888 -0.22489520153712
-0.00554769463375015 0.000247564171233032 0.344697502901932 0.200752320373868
-0.0106822971558106 0.0140635912147123 0.00257932782658019 0.289833593631533
-0.00979645616292636 0.00287976869345394 0.0245437170268865 0.0390141266878266
-0.0112520909199464 -0.00144949936216086 0.0984548418901579 -0.267849869934166
-0.00376315082501991 0.00528474353691834 -0.320591010504436 -0.355314441591271
0.00728449837584153 0.000814604424157614 -0.480457259375916 0.173706666083224
0.0054432206705493 -0.0072549929441154 0.0208347007518748 0.40460338071789
-0.00664999244601077 -0.0012130027694728 0.259303301605958 0.12135452923722
-0.0095872417234701 -6.86828076561005E-05 0.154448176014142 -0.104010216512339
-0.000905138096811765 -0.00583327956308307 -0.0183617097545374 -0.152435810960082
0.00162113924327164 0.00486770238455778 0.00450168037254042 0.128403820759696
-0.00592030808579062 0.00427672148370071 -0.123253018506289 0.0760640159821388
-0.0126006519986359 -0.000229698658444623 -0.225942706296027 -0.0676843707727815
-0.00659395263866502 -0.0113484657698294 -0.0480764158087931 -0.308392174338907
0.00013823831274491 -0.00366900798666021 0.344603890195408 -0.21595707180447
-0.0019807554189961 0.00387684417125159 0.338912129932388 0.213690089818926
-0.00969974900825378 0.0164001471486337 -0.0036054375025726 0.29328846765778
-0.0091451564962984 0.00362494680072448 0.0237654280155866 0.0398839270896135
-0.0100834720003339 0.000736550001945811 0.0923908855517318 -0.267244547456592
0.000614338863997455 0.00895802163144855 -0.330316975235325 -0.341787132200464
0.0109908031223222 0.00220619519886059 -0.474524963227583 0.188161751989674
0.00210478390564808 -0.00945146261923931 0.0340171375382323 0.402168748659428
-0.0111694996220262 -0.00633869051032801 0.263328374056876 0.11580861843813
-0.0102129318255829 -0.000774423709523787 0.153100896626555 -0.107114308161031
-0.00260808226573133 -0.00204068246455865 -0.0184872848477258 -0.155229344153226
0.000221025697859417 0.00789993436363757 0.00470787462846013 0.125612972830191
-0.00508706797821933 0.0036295064556833 -0.123605007768473 0.0716410919337599
-0.0151839625217966 -0.00431986573465779 -0.222974650056944 -0.0743708385998729
-0.00919874271395437 -0.0125470556197412 -0.0352111238495872 -0.309833426082638
0.00239950226542433 -0.0013926271273043 0.354793063137744 -0.201354064441569
0.00127801431185676 0.0060776326249625 0.332590259571849 0.228391680601366
-0.00874342538541283 0.0170350764108226 -0.0106587948574297 0.297750274848952
-0.00834011618590273 0.00296205453876679 0.0230212673739368 0.0417320299994678
-0.00889872088552856 0.00158674432255746 0.0865208258580993 -0.264673682469553
0.00437650773301268 0.0114263397747632 -0.341115818174894 -0.325002113389336
0.0134924975522582 0.00354216644057484 -0.464819363822048 0.205298544941937
-0.00151707106710111 -0.00991418345003423 0.0486289744408553 0.400746153111495
-0.0150851243393336 -0.00963507085015961 0.26704075490186 0.107231504024937
-0.00926010931453695 -0.00113927549425979 0.152149973632885 -0.11199977319349
-0.00370251548433761 0.00167210699931213 -0.0191958458593178 -0.156854795655458
-0.000755672311729866 0.0104275635851158 0.0045969466694737 0.123815680473129
-0.00368380062782056 0.00262759406655343 -0.12287596500043 0.0672497662756952
-0.0156840079728212 -0.00768659430232785 -0.218722869962831 -0.0818412653232874
-0.0110258614392009 -0.0130689245728373 -0.0244991219147851 -0.309902163747034
0.0036216717200332 -0.000471390168483082 0.362851574262059 -0.186073076308723
0.0032041850186218 0.00704237385172144 0.326562717067284 0.244665319689178
-0.00714414652611114 0.016372579817 -0.0171742047935783 0.301578165696099
-0.00786224720613364 0.00222690180746155 0.0223255251181538 0.0430043376585917
-0.00721743110788991 0.00195308985155264 0.0805434345379465 -0.263537162027078
0.00768698930568428 0.0118906975519405 -0.347109121038837 -0.311360057664205
0.0147035676929883 0.00430607402358208 -0.453457489532032 0.224302606268883
-0.00385013641445344 -0.00924941377916532 0.0633568717359017 0.398738513782539
-0.0166048126874546 -0.0121607597993171 0.271284291565391 0.0996535397247851
-0.00718112040526068 -0.0016794125317725 0.151407525488402 -0.116544632972782
-0.00443425149463459 0.00456806018090446 -0.0200916234238681 -0.158007032895391
-0.000668998609314624 0.0119270584755846 0.00340752481995839 0.122609776037153
-0.000562983144684642 0.00224994772567867 -0.120706298379055 0.0627636375822572
-0.0140609676599183 -0.00888075074306484 -0.215619657482776 -0.0894946689056857
-0.011914472896151 -0.012029915606575 -0.0152757498146278 -0.309398431981034
0.0038937928698468 0.000519197321118559 0.370830207473219 -0.170802508006191
0.00438656450970362 0.0060092908487207 0.322690040752136 0.260320127449952
-0.00650620250445997 0.0154617982923722 -0.0223705648588839 0.304054099770438
-0.00706712527229924 0.000848128435701869 0.0226481750422101 0.0433514142290009
-0.00583977610797762 0.0011331824944758 0.0758200179537787 -0.261602875191634
0.00936340710307716 0.0115289892013848 -0.352434022068547 -0.296540553584929
0.0143434748828429 0.00590759958239006 -0.443733470710102 0.240093135098055
-0.00548544658263379 -0.00768727605993874 0.0742476503607312 0.398055117659964
-0.0149630246407097 -0.0130971940274199 0.273757759858396 0.0912142465320667
-0.00381735414963053 -0.00248733538709191 0.15216611376348 -0.121275990096835
-0.00451115478397329 0.00628321983912015 -0.0205973127646985 -0.159494040300795
-0.000252511269271598 0.0120978240051067 0.0024859674754382 0.121401103785215
0.00271754080407949 0.00201582163532873 -0.118122290315932 0.0589031057681629
-0.0108441917116579 -0.00881598064514819 -0.213167529396303 -0.0948966723561145
-0.0115556010062496 -0.010064018526337 -0.00909161723032264 -0.3082731315459
0.00248972619004576 0.00109309290123458 0.376132721777789 -0.158655274438242
0.00448097319920508 0.00372221377653127 0.319990131795167 0.268589890707862
-0.00543936865255481 0.0134064082326731 -0.0270735247766074 0.306342414492012
-0.00653140615517279 -0.000481206031078328 0.0227054459864213 0.0443437364337305
-0.00452877562224076 -0.00101044515589516 0.0740434520315158 -0.259800054203809
0.00959240101527286 0.00883829504676918 -0.353196761051689 -0.286619391835105
0.0130599035241643 0.00667148594096546 -0.43756342356156 0.250563584039002
-0.00525024017645321 -0.00531518888077898 0.0814429646787654 0.397441895735277
-0.0116414526544162 -0.0127713030700931 0.27497135820884 0.0847041127984334
0.000117356662235495 -0.00269447023136183 0.152850197185928 -0.125021613920642
-0.00369908725682257 0.00666074501231592 -0.0209707340249251 -0.159111968645002
0.0010969589929532 0.0116812281179923 0.00153463118587328 0.122298219891629
0.00563314333994707 0.00258182325182284 -0.115034744641418 0.0579874955636398
-0.00653030245940955 -0.00590131862723773 -0.211999346298921 -0.0982805722301533
-0.0108760205799877 -0.00737324394606866 -0.00894829050028892 -0.307612324914669
-9.01531675889071E-05 0.000222754102605836 0.378495157553302 -0.154037069448389
0.00353717912470115 0.000116237843997112 0.321353414854364 0.273507128217377
-0.00486503128108445 0.0108816439986782 -0.0261660262709655 0.306723458156635
-0.00623362951536405 -0.00172516212581126 0.0233046362397281 0.0438736149219769
-0.00436870601369526 -0.00330815494977916 0.0732540769819289 -0.2604303814077
0.00806542363023648 0.00601019730749685 -0.353310650839693 -0.280686850066616
0.0106237826125296 0.00716069067497736 -0.432947280758362 0.258480845457323
-0.00345129095815828 -0.0027009763406659 0.082641189203471 0.398105126140778
-0.0061000614904228 -0.0110215098557722 0.275649424137212 0.0806534232691816
0.00377226735692342 -0.00291245262625458 0.154764803675503 -0.127319315722797
-0.00220993117120529 0.00568971904394055 -0.0216315165925713 -0.157892482517008
0.00343147986774789 0.00965399392584662 0.000589030155871649 0.12300518478874
0.00838634437413974 0.0039563981312017 -0.112814127535873 0.0585773513335748
-0.0018180794464821 -0.00168490317937972 -0.212168938725457 -0.0988462503856966
-0.00869090327230354 -0.00377158817983544 -0.0135491917206733 -0.306679770927599
-0.00325661626224176 -0.000998152992844119 0.377448426962584 -0.153038758532036
0.00139972855122339 -0.00338058267250283 0.32439806849955 0.270862673890507
-0.00436370576711775 0.00868860621059117 -0.0231663582399069 0.30557355698735
-0.00620757105899932 -0.00302247125098038 0.0233798550897879 0.0434880940087936
-0.00440260142629093 -0.00589569458693502 0.0751626031887954 -0.259944926947237
0.00477564505612445 0.00148814139468169 -0.348489466655458 -0.284168680667159
0.00732383210810846 0.00716461625448706 -0.434239690141129 0.256805566504254
-0.000581651234255864 0.00043079425129632 0.0782932129063216 0.401396537368783
1.74070754133714E-05 -0.00847989158352121 0.274087865268484 0.0808221009952157
0.00713909105098852 -0.00352525911906244 0.157497979498745 -0.127034467831857
-0.00102875440051789 0.00361234310916602 -0.0209526525695584 -0.156477239438096
0.00353976453503952 0.00199454918106943 0.00704934401002424 0.130177567960984
-0.00506941588216312 0.005004160923088 -0.121766994650543 0.080651657782865
-0.00817258089408816 0.00425937054322584 -0.228854335431501 -0.0605858202057056
-0.00357901897655771 -0.00892020658626975 -0.0603996417247865 -0.306543893376054
-0.00271095956330998 -0.00513035500779532 0.335836013840943 -0.22720626078187
-0.00542873380517127 0.000399071732106696 0.345717342839612 0.198261678491149
-0.00971744113660926 0.0147915080883222 0.00386009608522297 0.289586800979827
-0.00954143425264192 0.00324499141502915 0.0249901719686414 0.0387926200776362
-0.0110882855566625 -0.00135653515299983 0.0975686666506411 -0.26847833704852
-0.00395250937174798 0.00529242525450624 -0.323093200861273 -0.3520137117852
0.00761905809335765 0.00063466411805108 -0.47846585487756 0.176528474425971
0.00578374945946022 -0.00743916016380531 0.0234036272718133 0.404056319459582
-0.00639145634275715 -0.00152701030599397 0.260664475899576 0.119356585846752
-0.00948008958891537 -4.28490601558809E-05 0.153942857854687 -0.104495050061591
-0.00155559139375477 -0.00560277219606299 -0.0194207899527579 -0.153188805420441
0.00175689197882589 0.00493372725432769 0.00615419260808537 0.128269504476264
-0.00566860577742612 0.00458079013596481 -0.122767028064833 0.0766851638860635
-0.0121196356112734 -0.000100404986465747 -0.226353989996462 -0.0656647161202734
-0.00677780176182907 -0.011339687757604 -0.0498029328016511 -0.308726049209391
0.000444779952193095 -0.00365069920284186 0.343355885410961 -0.217456395115414
-0.00200426508582846 0.00358440833209906 0.339314146053155 0.21188660040911
-0.00903207926416081 0.0163499984016943 -0.00209254372261223 0.29332807056131
-0.00910169314351184 0.00363442238195011 0.0242076605247972 0.0397117807562646
-0.00955942644750482 0.00113954038369981 0.091648941458681 -0.266856539062127
0.000572395806861472 0.00873147914775128 -0.332798322184362 -0.339563358907764
0.0105442229347591 0.00141603365271626 -0.473769435338297 0.190155898513077
0.00198239866116132 -0.00931752058265156 0.0370663827470928 0.401958171342156
-0.0110581746801168 -0.00564754444867425 0.264264165380513 0.114325426708269
-0.0103986222920311 -0.000474859866449019 0.152355056435991 -0.108271647967792
-0.00324649608997392 -0.00193790821834238 -0.0197184620606787 -0.155223654771356
0.000450750473652475 0.00751324090283168 0.00619056364304648 0.125660635199564
-0.00517316941923737 0.00362817782183289 -0.123405062260875 0.0724787731517356
-0.0149349298206326 -0.00449035132962794 -0.222823537253088 -0.0724579174664798
-0.00905408594516863 -0.0125432628032199 -0.0374918188672266 -0.309313179741112
0.00228128552611684 -0.00192127486548168 0.353341237876822 -0.202130398141086
0.00100623764223367 0.00613448980075801 0.333437609657192 0.227437753906333
-0.00831671673327325 0.0173003528669853 -0.00962050944846918 0.297666963439136
-0.00807895561627487 0.00298126520260334 0.0235102331593334 0.0414062800634868
-0.00909841370667819 0.00201932300996808 0.0846646625474594 -0.266093048350108
0.00436847347099584 0.0109247519184176 -0.341451521707548 -0.322774886396616
0.0134366374682576 0.00293854252935842 -0.462013808560805 0.208692075603031
-0.00171462760420239 -0.010326728161262 0.0511335481139835 0.400384204805273
-0.01503637785081 -0.00940786479828987 0.268593947285337 0.105793066367274
-0.00930678549421657 -0.00108257120190016 0.151877866104952 -0.113428636431377
-0.00444362620441187 0.00173648412330605 -0.0208363448462963 -0.157362833335707
-0.000550755931653473 0.0103380699066687 0.00582831236626942 0.12349303801068
-0.00363940204710585 0.00247621457145344 -0.122591423212716 0.0680106893488002
-0.0156103660637927 -0.0077085712593153 -0.219564998619322 -0.079830461893329
-0.0109901817044794 -0.012826262135755 -0.025848367507925 -0.309841412684091
0.00386938571633602 -0.000209076539201574 0.362327991967206 -0.188245983075668
0.00306791306266419 0.00699118094004699 0.328105833059764 0.243289726471023
-0.00711090605158754 0.0171421415069909 -0.0158915938394426 0.301551972548968
-0.00783432923782497 0.00243738181633015 0.0226461024823387 0.0430418020194361
-0.00727902754262084 0.00223895670893491 0.0795258767341618 -0.263990167328218
0.00757140611769597 0.0124105208573413 -0.347525468436725 -0.308307110184269
0.0142344967920762 0.00451998663384053 -0.451889187772001 0.225341095092098
-0.00384823934602828 -0.00915553509089068 0.0660285438952177 0.399010653630904
-0.0164295053171073 -0.0116228023937594 0.271122822473239 0.0972121506722432
-0.00723726247872126 -0.00136417720702412 0.150782564321961 -0.118424054712356
-0.00437726158363609 0.00442472411647991 -0.0213252432448897 -0.158077028077126
-0.000315027383779555 0.0115037531876841 0.00458755588232716 0.122426023030022
-0.000553552643395252 0.00237198118241971 -0.120802452292956 0.0636525080875297
-0.0144064390851448 -0.00915367957475691 -0.216080326609612 -0.0869990314747557
-0.0117566086535862 -0.0120579042740257 -0.0160459180504325 -0.309585140044814
0.00355162708087602 0.000631143209234073 0.370829012392106 -0.172266688337447
0.00430962548153128 0.00605730337716476 0.323811312286026 0.25848429534396
-0.00590729778405676 0.0160848230963299 -0.0212390951388848 0.305031482953305
-0.00652183843349786 0.00120962693858211 0.0226530421336528 0.0435909265326491
-0.0055271640381861 0.00138895890331382 0.0749688757005121 -0.262047173918943
0.00932196959306774 0.0111823144307 -0.352291713047777 -0.294368091067537
0.014672814403649 0.00569044995862192 -0.441221738031714 0.242157187962331
-0.00574672930702215 -0.00736716050020226 0.0768117794786659 0.397553783840223
-0.0151103437880587 -0.0127994863613195 0.274989840251097 0.0891319959692753
-0.00381826520252761 -0.00227162997696438 0.151062972262992 -0.122515259188733
-0.00479281858999256 0.00629699813848747 -0.0217367261273411 -0.159224733980862
-0.000403488215760712 0.0121824974196301 0.00337607870614838 0.122086251799682
0.00251523582518235 0.00185786956464615 -0.11801162315176 0.0602338030511366
-0.0114494514051634 -0.00856822485402951 -0.213450403267176 -0.0938442376599763
-0.0116456758574007 -0.00999971390040498 -0.0108403446115326 -0.308674832372173
0.00245360114596842 0.000602591822193948 0.375687614687512 -0.161022722754035
0.00380315373132021 0.00405140982671027 0.321657626206228 0.267149403248296
-0.00512629115440484 0.0136344071999977 -0.0255334135068806 0.306185670542204
-0.00654340438817711 -0.000607320360698435 0.0228858108010566 0.0442589195314729
-0.0048093135150378 -0.000689981723860386 0.0730502629982041 -0.261158139731859
0.009439253792295 0.00896539970326444 -0.355019560036667 -0.285153931412184
0.0129992278021788 0.00648440001171609 -0.4359959895861 0.253576579215514
-0.00533343071868744 -0.00525688464934703 0.0831311624715571 0.397684862419479
-0.0114095195245049 -0.0123847267194096 0.275127636704534 0.0831314164670678
-7.84092484925831E-05 -0.00284098848690074 0.151660857283355 -0.12614043276099
-0.00403958552748035 0.007282205478457 -0.0223146833322391 -0.159361512764763
0.00126498893112126 0.0112602802804616 0.00322052927928662 0.121887458478766
0.00587262477406233 0.00280996481571509 -0.114971025235918 0.0583197414810954
-0.00681627918311979 -0.00578687976570951 -0.212131985472613 -0.0964099028702951
-0.0104549452980922 -0.00706625521974528 -0.0102769746179832 -0.307448921615121
4.84662590383763E-05 0.000308406063741303 0.377604626597003 -0.15544873526849
0.00303766398139557 0.000578876227907464 0.322228232674246 0.27211356304584
-0.00417559905847021 0.0108912827149903 -0.0251107096966002 0.306665607600504
-0.0060596930344016 -0.00180949252644869 0.0230377945140165 0.0441443276167014
-0.00442172335659328 -0.00347513532147906 0.0722479006197225 -0.260401529736608
0.0076871030574206 0.00508144379146216 -0.355439702627718 -0.279558717793248
0.0106942326511375 0.00729366697984213 -0.432233715377752 0.260932120648416
-0.00348376788060511 -0.00237433974490415 0.0854621310245515 0.397463387167574
-0.00635553615885874 -0.0113264845756749 0.275954418019517 0.0782568189623445
0.00365367748254145 -0.00338130212177028 0.152999806125327 -0.128482136394876
-0.0024572603343339 0.00587536771338263 -0.0226586182835453 -0.158303421870745
0.00340845982551792 0.00972949957842095 0.00202896197972251 0.122958332816154
0.00828274116976149 0.00372796233119892 -0.1123312032964 0.0598623519169563
-0.00199809879085388 -0.00176508092960911 -0.211971268956165 -0.0971898590078898
-0.00898377550408491 -0.00363830141013481 -0.0151498200299457 -0.306363356979114
-0.00336785262118864 -0.000823594069373133 0.376536821297528 -0.155522918973129
0.00105597860126498 -0.00347218666671891 0.325289529094638 0.268481555025345
-0.00374375004810226 0.00891546926896511 -0.0221273110371068 0.305025712838808
-0.00590180681417593 -0.0027703127336613 0.0244240324380616 0.0434417976960119
-0.00468502668818415 -0.006046526299553 0.0751022732112094 -0.260345228049341
0.00449196178077784 0.0015378466088267 -0.350356539783953 -0.282374713289541
0.00751950545458555 0.0068869894765312 -0.432700938331984 0.25864407254806
-0.000637442954849595 0.000413579463407158 0.0803084650200342 0.401040898504091
0.000108513943333433 -0.00882074714050172 0.275658901593438 0.077881214999068
0.00764217285401926 -0.00331544811001475 0.156323630754885 -0.128228532077774
-0.00109088741909707 0.00377756733924542 -0.0223344423033514 -0.156788146517883
0.00390633384880076 0.00162890661211756 0.00781767549516921 0.129903219769942
-0.00522244094713646 0.00520702082315251 -0.121019912300553 0.0815708158338605
-0.00822644495306599 0.00399877836507905 -0.230008105532578 -0.059169403346284
-0.00367849230649935 -0.00886334400696554 -0.0621649599761986 -0.306482928195899
-0.00283494818292051 -0.00517419632745817 0.334635384646199 -0.229402321882212
-0.0057524195972522 0.000640708218480074 0.345718867302767 0.197395095709614
-0.00909152409426095 0.0152661359142788 0.00470590244432034 0.289915229679016
-0.00937451640274176 0.00298407946634422 0.0253598067401763 0.038905066353636
-0.0111982535975601 -0.00106986670219678 0.0969373482415019 -0.268270511609791
-0.00359475182556664 0.0052354027923264 -0.323937701897811 -0.350492425172548
0.00719236346087158 0.000422413491094316 -0.479327384423187 0.178961396482748
0.00555880702655201 -0.00745214367228833 0.0251486420503071 0.403185853177661
-0.00663295857013106 -0.000741688971688495 0.260909191000179 0.117434240531286
-0.00961571198042678 7.43941823124167E-05 0.153633262748955 -0.105368337110952
-0.00186785057576265 -0.00583561739419961 -0.0204923699242768 -0.153288464586266
0.00189817020839185 0.00530006228124188 0.00761173178106383 0.127664822742596
-0.00551390708302822 0.00473617701830772 -0.122967349916956 0.0775721637407179
-0.012249819969116 -2.95304331019202E-05 -0.226843394379083 -0.0641272424680911
-0.00678941383265619 -0.0108057145607631 -0.0508998324503278 -0.307701226867717
0.000372811521691134 -0.00323438964257917 0.34221109308633 -0.21951562379649
-0.00197686883407735 0.00365016762715729 0.340285368245281 0.210654185126968
-0.0087537419747731 0.0166110373450723 -0.00206793696389557 0.292975902121285
-0.00908603098957636 0.00396254059143576 0.0240119386179893 0.039578927421896
-0.00998015514103065 0.00115634454563427 0.0909007733124111 -0.267534689721991
0.000273995761527872 0.00874325554988795 -0.334064802747292 -0.337635326663077
0.0109932517517434 0.00148484725616691 -0.472101362872691 0.192410315658011
0.00202809648010965 -0.00922256171116231 0.038874982253518 0.401748293188341
-0.0117770678596775 -0.00560559039548044 0.264629893662968 0.111696334895499
-0.0101148969064353 -0.000124244002576649 0.151313896028225 -0.109738244966848
-0.00335879760966172 -0.00204303157361995 -0.0212002437891115 -0.154956920037954
0.000627512646713446 0.00795061140990909 0.0070794842573827 0.125751987974217
-0.00517500863705831 0.00370647695948697 -0.123182134726252 0.072936212431297
-0.0151471009551727 -0.00426004548656812 -0.223115169190044 -0.0708772970755901
-0.00924408398633461 -0.0123774050291241 -0.0388065100446517 -0.309662164870766
0.00246942454492888 -0.00195052790277017 0.352567881183979 -0.205582451166639
0.00112062657478231 0.00591093479999767 0.334980883664475 0.225402710390636
-0.00762318562296766 0.0170262913363378 -0.00840709338295205 0.297457156053666
-0.00819806529847033 0.00336479711343033 0.0237356768856184 0.0413021533045782
-0.00905549509618672 0.00233240001285307 0.0839566225667742 -0.266506552329632
0.00432397473610005 0.0111623758874448 -0.343430246611467 -0.322549903975682
0.0133842428055361 0.00290930619861538 -0.461504031820534 0.210116657164159
-0.00126455369086185 -0.0100902043181545 0.0543181243869313 0.400521165866982
-0.0152768487929821 -0.00956765389002828 0.268427633073328 0.104562551320388
-0.009533927718291 -0.00123165279519564 0.150573688180684 -0.113941266816011
-0.00447774879953964 0.0015460716516142 -0.0212968697371894 -0.157396306749869
-0.000410080017756245 0.0103074094487283 0.00741548467327407 0.123979509846457
-0.00326141349916626 0.00317675967595114 -0.121849719428441 0.0682909155730711
-0.0155996049119035 -0.00750993661568552 -0.219968500258485 -0.078433696786918
-0.0112763104354945 -0.0131244676806298 -0.0272538239743027 -0.309375028037183
0.0033329447988597 -3.52927974838413E-05 0.360811341962455 -0.189811347653895
0.00323233539082432 0.00690332729320262 0.328305763964175 0.241533415717056
-0.00652226025121727 0.0171618372956269 -0.0153834848355911 0.301744911427425
-0.00750359677812255 0.00251695391415041 0.0228262872637608 0.0425077272364271
-0.00734552801681453 0.00239741824330273 0.0791423347089722 -0.264055809851051
0.00793062211562751 0.0117255807881618 -0.349290855086168 -0.306628498134685
0.0149775723636755 0.00430730846933328 -0.451532236215457 0.229737445580458
-0.00440906165454387 -0.00942643933990774 0.0685505551049493 0.399130387309225
-0.0165230235275443 -0.0113692346452564 0.272216274362383 0.0956786668874745
-0.00705300552690211 -0.00185117698719551 0.149437409276933 -0.118891702427926
-0.00512175788379951 0.00443933853844799 -0.0226243199785095 -0.158248994479294
-0.000540812069309736 0.0116317115656834 0.00533603300334548 0.122546799836913
-0.000277649274834927 0.00184071513123361 -0.120642636407142 0.0643764677334964
-0.014328363829717 -0.00902617452473303 -0.216654291151364 -0.0857989264649852
-0.0120336252594931 -0.0118294387655826 -0.017668088663321 -0.309649737822308
0.00388120690973257 0.000959116953300256 0.369282433897474 -0.174823128278159
0.00431138681768752 0.00621056568894221 0.325178169106406 0.25564516338955
-0.00600328641982115 0.0157378795396045 -0.0208211912239541 0.304157818295822
-0.00685451134555581 0.00138319221998792 0.0229819379398806 0.0433422953827096
-0.00617181588288808 0.000990263605034181 0.0744713049558794 -0.262341872219881
0.0099623912760644 0.0112209338602511 -0.353748510543369 -0.293363231591557
0.0147623637304964 0.00550560253678137 -0.441333768729985 0.245842811757661
-0.00560714629989099 -0.00736026476674067 0.0778563784079375 0.397508698564109
-0.0155178782161269 -0.0126351628070451 0.274122816372853 0.0873623512106521
-0.00420925485887257 -0.0021833785698763 0.150061997696647 -0.123463463359953
-0.00466888765488315 0.00633349214655731 -0.0229144429718399 -0.159098677938936
0.000200212298901029 0.0120324414057828 0.00499426063848789 0.121544822385656
0.00297297818902561 0.00198645283564349 -0.118306229323498 0.0607140956042737
-0.0113112657385348 -0.00851777084603293 -0.213638667391193 -0.0916320318057615
-0.0120214462353377 -0.0102590495775982 -0.0126267428079239 -0.308202564484776
0.00213528415642214 0.00115644195727732 0.374629492576132 -0.163079347906208
0.0045644311894346 0.00380040490209022 0.322175572871695 0.265887548504248
-0.00474730999251343 0.0139470358521949 -0.024690907061238 0.306247622126269
-0.00634765053466739 -0.000434998380631256 0.022982728385612 0.0440463770454137
-0.00464971552102627 -0.00085650544914682 0.0721716119525044 -0.260751071968486
0.00957688022161766 0.00889306708918427 -0.356526223056558 -0.283385301675868
0.0135193042863397 0.00627077056796815 -0.434103632752803 0.258072426891278
-0.00515546145980187 -0.00500644313722552 0.0855543291024587 0.3973114807971
-0.0120138960216943 -0.0125258052003059 0.275959928333728 0.0817729007162837
-6.93492774690866E-05 -0.00261317957396416 0.150857447160626 -0.126962788156364
-0.00405512604478377 0.00656669084050507 -0.024067484085629 -0.159348684628129
0.00139768452970355 0.0108216513519686 0.00407412416708848 0.1222083835877
0.00585587906637019 0.00250873669969181 -0.11515172971233 0.0593674632157486
-0.00657804033343014 -0.00574108370750572 -0.212812059200875 -0.0947511962480064
-0.0107001473598533 -0.00690108135743654 -0.0123053837966939 -0.30793599975156
-0.000129558742776515 0.000181330404552649 0.376911763527833 -0.157765931292956
0.00329755701854599 0.000510415989389983 0.323152378537639 0.269187052242156
-0.00414871919555884 0.0114533669416076 -0.0247799800133429 0.306727822157891
-0.00583156526297756 -0.00191386608115603 0.0233591767051369 0.0433479360517502
-0.0042720755919756 -0.00346439786793942 0.0712768958805114 -0.260572965492711
0.00775840338949145 0.00532679571309945 -0.355278654060451 -0.277923018547163
0.0110152237960267 0.00676030995371102 -0.431349358588413 0.262610170324228
-0.00334769602118178 -0.0024579254361099 0.0869126361810388 0.397039902494167
-0.00685224663764912 -0.011353239068737 0.276097080026182 0.076349265423333
0.00352435036140884 -0.00329826935894475 0.152890185513728 -0.129460221555079
-0.00269370236752166 0.00575663961300403 -0.0239029065805999 -0.158372441039278
0.00380240985668588 0.00901109120009991 0.00286403604917818 0.123312792086829
0.0085041286495651 0.00355732451543348 -0.112521255817543 0.0593427889100669
-0.00176702863470515 -0.00170632512917904 -0.212687182208881 -0.0952594658566024
-0.00848039083299493 -0.00352665705832158 -0.0164810104168163 -0.30692543255681
-0.0028443017143355 -0.000620630139127804 0.375473494453387 -0.157779494427255
0.00119903335172172 -0.00327445061993317 0.3267311639578 0.266863310252857
-0.00373407231169456 0.00935883156584185 -0.0212054136211002 0.304958969961369
-0.00600899514209943 -0.00254124632206786 0.0241386247311386 0.043023396180119
-0.00466433635124983 -0.00618637609775955 0.0744154028604253 -0.2603493717602
0.00467652195926292 0.00135051112816875 -0.351428476617719 -0.279669669815159
0.0072577181533934 0.00680152883488379 -0.431187654444048 0.261860875417752
-0.000507756024415264 0.00033804274772458 0.0830269662883184 0.400340277166339
-8.77195379378269E-05 -0.00908725431594334 0.275307942293649 0.0776252066289602
0.00735299902584247 -0.00356719629592648 0.15525058284589 -0.129588162998744
-0.00109252926858954 0.00361195411450821 -0.0234516899005546 -0.157129664276072
0.00411113580488282 0.00159584063679456 0.0092104790817731 0.129801729760746
-0.00520454408573787 0.00538348884003979 -0.121248840120391 0.0817943859890452
-0.00804840596003885 0.00456279438223249 -0.229622329522937 -0.0575657734736344
-0.00371812947332089 -0.00867380929717554 -0.06391872139451 -0.305553115959261
-0.00246540332799827 -0.00528506019150758 0.332986929084383 -0.230721947213597
-0.00583747824838877 0.000610449654277018 0.345005294346331 0.194963028286129
-0.00897991001659528 0.0150105022591164 0.00540139647739594 0.288998674866674
-0.00943475621229991 0.00363233562568853 0.025508185372665 0.0387578054222676
-0.0115880546851328 -0.000731357351932789 0.0959468389384979 -0.269210169588241
-0.00369631149743057 0.00503439617986119 -0.326763687952036 -0.349850701733249
0.00712778965191628 2.03405633788399E-05 -0.478632445327536 0.18127397933335
0.00555718363428336 -0.00720931791001952 0.0269265358937259 0.403772677147535
-0.00640572623645635 -0.000874256374045605 0.261397705053733 0.116255719685648
-0.00937441481710754 0.000459495009805166 0.152421291193956 -0.106941920046785
-0.00198432295114154 -0.00587261181348546 -0.0214359045926831 -0.152927243409717
0.00209051516400183 0.00425344542065698 0.00829547713882806 0.127717913663674
-0.00594459505140787 0.00458816756730157 -0.122587547175244 0.0785652797637382
-0.0124375068473716 0.000122390963842914 -0.22644876455044 -0.0619570208270051
-0.0072334957600943 -0.0112585675422738 -0.0528980271540649 -0.308331845246299
7.49534636095353E-05 -0.00388831914878817 0.340912043353243 -0.220946569309144
-0.00227711608776246 0.00401319056555691 0.341260464497098 0.2087290010044
-0.00841827969623899 0.0171128716057086 -0.00106668087596241 0.293052609458032
-0.00877266424710235 0.00384391609699214 0.0243284129584395 0.0396187611202738
-0.0104057726988995 0.00108086091692209 0.0902810182712321 -0.268007630899384
0.000550590495820363 0.00878520975562799 -0.334712029580375 -0.337113851214499
0.0109154305839699 0.00148849809180419 -0.471328027545098 0.195010438359752
0.0017398798827422 -0.00944438567927861 0.0414653309575569 0.401762474468503
-0.0113990651223434 -0.00506078589994152 0.265530460993183 0.1109514630887
-0.0103051426659058 -0.000481170408882332 0.150861353891492 -0.110489847209885
-0.00330851809621805 -0.0021015455076472 -0.0223271337467236 -0.155416502812326
0.000766824658217722 0.00766494109341449 0.00819577927250228 0.12537356691627
-0.00519659398355555 0.00361160470862622 -0.123245522774565 0.073925382469186
-0.0152194029188934 -0.00399782133955711 -0.223521896458916 -0.0697410047150085
-0.00967240652514049 -0.0125948628004998 -0.0399728786468596 -0.309810972571407
0.00248498577710658 -0.00146840848867923 0.351740404618094 -0.206216351064016
0.00077182724938338 0.00588387975760141 0.334471931773122 0.223338278498239
-0.00762375257097112 0.0174716536618062 -0.00792720902400645 0.297389449426785
-0.00769516732741781 0.00360250946551316 0.0238576300812937 0.0409648811553755
-0.00867510941481799 0.00226732111442075 0.0839871620503716 -0.266307991294221
0.00490051532793837 0.0114149195835916 -0.344964429052101 -0.31968484420978
0.013605442391367 0.00260424715654346 -0.461396363731197 0.213238419547223
-0.0013503766429339 -0.0100876657475609 0.0558294473296703 0.400529664166509
-0.0152457657544769 -0.009155911053747 0.268880446154616 0.102778543609225
-0.00972041053007746 -0.00113430485683227 0.149770779677015 -0.114847088218134
-0.00466015163443804 0.00175619011251636 -0.0231086063282698 -0.157056505449395
-0.000240810171086597 0.0102356091794346 0.00806950800332068 0.12353988568507
-0.00359542482775259 0.00244630647532522 -0.121992458487288 0.0687472456311086
-0.0151925474547404 -0.00769594316638232 -0.219817445483419 -0.0770105494818545
-0.0112230760015342 -0.0128403737452138 -0.0288982073479081 -0.310279166138624
0.00377420750920629 -0.000455986189184104 0.359772980448439 -0.191757509097038
0.00286061008125117 0.00697834880503171 0.328663143525766 0.239944247846867
-0.0065498888557568 0.0173567862561965 -0.0146772397775255 0.301812159816148
-0.00735407745101893 0.0025478092183741 0.0234580010389459 0.0422957365412951
-0.00726783499678751 0.00237839457430851 0.0781969079852642 -0.264751186028885
0.00789610494858827 0.0119006477732066 -0.350677326412288 -0.305499462608822
0.0149756762072592 0.00422249927987521 -0.449731696875878 0.229856748193009
-0.00368502495942682 -0.00929063300267269 0.0705215357220067 0.398271466338551
-0.0167512847571633 -0.0116159661724565 0.271520666895892 0.0942929950231842
-0.00748018082629734 -0.00161901137968777 0.148508698003398 -0.119511482657851
-0.00546249111392959 0.0047636955900376 -0.0236425235007365 -0.158596229331535
-0.000195211215116426 0.0119304764838326 0.00700292793345875 0.122357894111738
-0.000501601295053475 0.00190888348705181 -0.120132156980415 0.0648925672046831
-0.0145539932819669 -0.00916521486574107 -0.21634318623077 -0.0840431615256259
-0.012036877202429 -0.0123970802496831 -0.0186429697542896 -0.309855358227129
0.00349386634255574 0.000317870238651453 0.368407149988302 -0.175612565140566
0.00419349904294809 0.00593719527375001 0.325891416347913 0.254963379512959
-0.00560004046234794 0.016233112013853 -0.0212576907237595 0.30429481479494
-0.00681071540571926 0.00118026345103293 0.0228927606155766 0.0426609761960826
-0.00601058819735321 0.00124877460137069 0.0742240820104278 -0.262862954696986
0.00959813584653313 0.0112042491726565 -0.355161651160918 -0.291405514844262
0.014764015171992 0.00542142519499372 -0.439171576587528 0.246118661860587
-0.00575842439490826 -0.00744998301010132 0.0813940052501639 0.397232624608699
-0.0153644688567919 -0.0127180527270034 0.275169089289896 0.086718963830324
-0.00407641325423545 -0.00228518315444602 0.149181678405795 -0.124458374521792
-0.00513571584256598 0.00629766171675578 -0.023906268316345 -0.159492443808015
0.000400722525939012 0.0121499056910952 0.00569740868695026 0.121846417200683
0.00299260749438943 0.00192655669998706 -0.117680571891082 0.0612041470743999
-0.0115141695981792 -0.00850191089680569 -0.214242153666824 -0.0900444649462916
-0.0116632127353387 -0.00987805040019212 -0.0134628352313675 -0.308967503930633
0.00227751836890148 0.000567414385151601 0.373961233159951 -0.163447590760112
0.00389029648220622 0.0038301850099889 0.32374573601682 0.263840399128797
-0.00438941479544084 0.0142533393688664 -0.0242492796802196 0.306337732042236
-0.00597257015381377 -0.000458518508108231 0.0228044778768726 0.0435825217198677
-0.00503042960652555 -0.000441264487912333 0.0721113850211144 -0.261488826916661
0.00946348225660036 0.0090116356895725 -0.358561977749615 -0.281990212325458
0.0133425413944482 0.00674600171011895 -0.432559084562148 0.25960702668841
-0.00525812891128542 -0.00487754025374597 0.0874536536236971 0.396394191398429
-0.0121333583642393 -0.0125166637839202 0.275851936669011 0.0801724411315393
-0.000441536965532715 -0.00314053116147609 0.150168972153291 -0.128308517356042
-0.00460725270530206 0.00687926984398717 -0.0245275328420941 -0.159828066729939
0.0016097211981229 0.0115115769479293 0.00524216502575118 0.121822046373954
0.00570755629079705 0.0025179358861923 -0.114762065886548 0.0602473178862159
-0.00701779612329718 -0.00544951256009685 -0.212882216840439 -0.0932938624726645
-0.010856365314563 -0.00683751703391049 -0.0124516335194553 -0.307832585754743
0.000105842783735984 0.000317644708192457 0.376560783800347 -0.159541450279457
0.00334108908656669 0.000398163139796641 0.323783554998885 0.26970025274265
-0.00421559305357847 0.0118294458573368 -0.0234294837093952 0.306659810692537
-0.00574860584707634 -0.00152434362821283 0.0238101154626745 0.0431061569792567
-0.00449983455820396 -0.00333963205891932 0.0711899285238264 -0.260805807579324
0.00778051520753105 0.0052111375246981 -0.357170044115555 -0.275301818871904
0.0107698652371168 0.00648106158819479 -0.428725843308218 0.264885804313893
-0.0038628700278271 -0.00191094029601543 0.0893578516005428 0.396871758286764
-0.00655793527191407 -0.0110633623030103 0.276571851302501 0.0752893481650888
0.00355892892521569 -0.00311966988567222 0.151939545775804 -0.131062388282339
-0.00258613069270239 0.00650240254276893 -0.0255784094332586 -0.158278840560486
0.0037499566174671 0.00914687165221624 0.00440595945112159 0.122954469833709
0.00865233836124152 0.00353510567537825 -0.112757201002484 0.0601878089125124
-0.00176676739112793 -0.00178399558948986 -0.212660845070015 -0.0944219530602732
-0.00894527188187666 -0.00377541917244522 -0.0180776434267739 -0.305941015936471
-0.00323278004643772 -0.000544884209250336 0.375437645035815 -0.15852160933584
0.00138978108853796 -0.00315175997517771 0.327416927610587 0.26587507165239
-0.00331329557683655 0.00908879568669458 -0.0212532063510627 0.304796369176576
-0.00589993324045017 -0.00285751595561215 0.0242958917168713 0.0430503608428794
-0.00493508556148919 -0.00566509778381821 0.0739263536112013 -0.261262895216932
0.00465910393109136 0.00127747624157747 -0.35297273148849 -0.278138764872269
0.00745230228347871 0.00640452126461847 -0.429589673492245 0.263188529521421
-0.000722247818618789 0.000475370056630128 0.0843216578165936 0.400156309505647
-0.000347397792159289 -0.00871340442097416 0.275092894332732 0.0755685968514609
0.00686140532551615 -0.00381311002840857 0.154347564921809 -0.130560861357501
-0.00128141778961549 0.0038280795745477 -0.0251236021132888 -0.156635777735075
0.00316948934934193 0.00205822113090331 0.0109029995504219 0.128738578641473
-0.00591370904379792 0.00490422079020827 -0.11970712719807 0.0841616589711616
-0.00807456497814778 0.00291836535291649 -0.229197303866501 -0.053084272309406
-0.00209617075656806 -0.00997029450175576 -0.0653213404801113 -0.304411364211327
-0.00132150515274343 -0.00270533690938786 0.330667762628256 -0.23470905551141
-0.00677843943591516 0.00357952526184628 0.346166863082943 0.190906463981096
-0.00965885928068743 0.0156858959779745 0.0103064717916999 0.287388016326489
-0.00879156175628808 0.00359642241479143 0.0259038751579282 0.0376439023030836
-0.0110895207725566 -0.000643908551628919 0.0916717940855405 -0.268019302283813
-0.00427843441856452 0.00351504359077661 -0.326120171763088 -0.342960038381001
0.00512162817477724 -0.000290076023313766 -0.471640515197737 0.184150811392026
0.00285006068666197 -0.00618411083724235 0.0361020852236098 0.397793984372448
-0.00707640619442548 0.000519185931327554 0.26100467162811 0.108655733626213
-0.00924868618276 0.000956487398176721 0.147973305946612 -0.107973420389673
-0.0019072080601644 -0.0055993756201014 -0.0239031534230506 -0.151272645631117
0.000968256580263336 0.00519283924248132 0.0101293765294852 0.125943051682753
-0.00687366547242495 0.00398227878963576 -0.121781702327607 0.0802521310225635
-0.0125491753463215 -0.00164722899860292 -0.226748913780802 -0.0580717549622263
-0.00513987846510104 -0.0120253167594806 -0.0543605515944757 -0.305880925252084
0.00158489215669725 -0.000672558183711606 0.338654365539004 -0.224865877578937
-0.00348862069152716 0.00661022842541973 0.34240547103824 0.203806632009445
-0.00811577171315503 0.0173470510409805 0.00438822472539201 0.290690317037007
-0.00841890135024172 0.00409239239623963 0.0250233214712125 0.0387194411086492
-0.0101984791024296 0.00124673175291012 0.085950751579102 -0.266947953690905
-0.00048755824182411 0.00771372375728309 -0.3357472830164 -0.32918807141378
0.00898076836308941 0.00102732008746072 -0.463348399798821 0.198202913053089
-0.000829078945158641 -0.00796864901237654 0.0489697684287388 0.395768220801366
-0.0126491942430281 -0.0031904180391395 0.265105857111193 0.102894257226453
-0.010024080879841 0.000590638807858027 0.145880544722422 -0.111081054354395
-0.00356365045419456 -0.00180977854589325 -0.0253743566494898 -0.15411778957086
-0.000351623264417746 0.00833244769763628 0.0099807604947013 0.123904250111331
-0.00586531803350637 0.00315059471183796 -0.121766505626043 0.0759186625536756
-0.0156404414234907 -0.00582571072990508 -0.223562390116454 -0.0648431565836274
-0.0077531266006257 -0.01377196279577 -0.0422926937761021 -0.308175288131251
0.00367634245122808 0.000669144074476282 0.349010061375546 -0.211273480768022
6.56152656385266E-05 0.00850678427924646 0.336684679280098 0.21888061637947
-0.0077429802297191 0.0184474746107016 -0.00247624126657351 0.29538163808984
-0.00753038315924687 0.00410735597097071 0.024078401623316 0.0400747917389725
-0.00873104782762198 0.00257697188037237 0.0796828136345282 -0.264968662373938
0.00369952659268811 0.00974636716497823 -0.343442373265412 -0.313649083064444
0.011398887257587 0.00195876609540584 -0.454242024573008 0.215846881082698
-0.00421912243064945 -0.00854777048903997 0.0637147634138916 0.393293546615611
-0.0163427606893591 -0.00657383182539289 0.268032762722771 0.0948193259923854
-0.00938677847921928 -0.000133364359079677 0.144418676046192 -0.115981957761958
-0.00456793427256281 0.00146343902382666 -0.0257931134620301 -0.15560546123084
-0.0011211387599423 0.0106341200022217 0.00952734344311369 0.12185785784839
-0.00352496931960718 0.00193491034137772 -0.12140556344384 0.071180523244288
-0.0159832632107253 -0.00939541802932684 -0.220012778833883 -0.072748476560619
-0.00961285762373732 -0.0138593239751507 -0.0314990038069138 -0.308581122513984
0.00486174825087916 0.00247036831735055 0.358047090717431 -0.196742878484438
0.00150337606313019 0.00956962206400955 0.331007274430607 0.235659553464947
-0.00666856594429252 0.0178931538582057 -0.00864012038242415 0.299278894831828
-0.00758766714286871 0.0032436292937327 0.0237131975165449 0.0413366454084271
-0.00720807847471885 0.00222971848745916 0.0730948088197205 -0.262993999685267
0.00724307450012526 0.0102811910988047 -0.35032451953933 -0.297989082751634
0.012952333214929 0.0037576383366086 -0.440920821817796 0.23388610238383
-0.00653492873479029 -0.00702150369092473 0.0776935135419026 0.391416395862344
-0.0173358135577763 -0.00878144826690322 0.271258539645179 0.0862311759241561
-0.00781231626302133 -0.000468861867449736 0.144156274481242 -0.120834147097501
-0.0041424386727617 0.00449060823787707 -0.0263044029459181 -0.156410125888254
-0.00141892912948453 0.0121104793590221 0.00889143951984823 0.120443548035241
-0.00100646080200283 0.00130653247171806 -0.119232751640383 0.0665064289258444
-0.0147102096704621 -0.0106957326750442 -0.217342380013248 -0.079949283203
-0.0103056029197241 -0.0133079231519814 -0.0217266023759314 -0.308215779636288
0.00481291179761849 0.00363202798145852 0.366701851994027 -0.181643532634057
0.00276865133975489 0.00872438435668597 0.326771753941248 0.251059227267849
-0.00560734873479007 0.0166682181154573 -0.0145762887357754 0.302983385976575
-0.00658919878206797 0.00183440545148409 0.023987698950378 0.042338690491791
-0.00576108643564893 0.00158490417682017 0.0696519418240217 -0.261484692697189
0.00826090574145981 0.00947770068481134 -0.354747476017328 -0.28553243303873
0.0130412505629426 0.00497687845181555 -0.432497109813086 0.249432803442196
-0.0081520211868301 -0.00560474889158705 0.0886083121130096 0.390472416363546
-0.0165216289287663 -0.00988624228576209 0.273507326534971 0.0776573935886006
-0.00391241260669026 -0.00123797030238251 0.144625175872152 -0.125057665327074
-0.00409456845781752 0.00679230394389921 -0.0266695522102109 -0.157218837441464
-0.000490468822052349 0.0124563792952631 0.00732327844448089 0.120606941310281
0.0018635016877679 0.00143474186876962 -0.116956529721331 0.0636131419469223
-0.0116297368160795 -0.0102828207982207 -0.21507859974502 -0.0860475565279238
-0.0103120922007943 -0.0109626345661676 -0.0158700347477536 -0.307280139222636
0.00351017642142491 0.00387177533106153 0.371860508096858 -0.169476006209447
0.00285507141918566 0.00653198912436869 0.325153724575099 0.259779244475272
-0.00458423914050391 0.0144172104991142 -0.0178908282894926 0.304094267143429
-0.00585728131646926 7.30245634223466E-05 0.0237254787750792 0.0428349275653103
-0.00493419721950292 -0.000441243105985338 0.0679829280265109 -0.25970947654681
0.00870412098182672 0.00709311149107378 -0.356743688712241 -0.274105361182798
0.0115095901772127 0.00596825503271336 -0.42629149035077 0.260708450544155
-0.00733136485153158 -0.00277677548236234 0.0939181499549837 0.389337698915329
-0.0130105043574572 -0.0100656598146073 0.27502000508082 0.0710647173225041
-0.000377836950694747 -0.00182902958235483 0.145412579661847 -0.1281943162711
-0.00359908599436406 0.00697269241007958 -0.0273818441153329 -0.156911728634156
0.000815678872182348 0.0118733677556938 0.00696056648214104 0.120529887779827
0.00566479358341314 0.0020662236175783 -0.114063401779154 0.0616437491122913
-0.00665004481614081 -0.00762157558537285 -0.213611649675283 -0.0887415307239516
-0.00911424150926192 -0.008044366966581 -0.0155042017259283 -0.306119150456419
0.00115599372776223 0.00328365643757323 0.37455627806808 -0.16448274283997
0.00142672551096489 0.00353102722014758 0.325736491366341 0.263834377042755
-0.00432169511508004 0.0120227404984145 -0.017887126596847 0.30478734976323
-0.00590740181962163 -0.00131963979021198 0.02474800532523 0.0425964635166827
-0.00457956549652186 -0.00283743180062024 0.0661655805929805 -0.259685192264442
0.00686676162174514 0.00375222775037437 -0.356350709183421 -0.269208602368001
0.00901985327614118 0.00683219334973089 -0.420721945087799 0.266548190221742
-0.00570628199416707 -5.22004812904976E-05 0.0967444823326817 0.389741478880634
-0.00780189565372646 -0.0088130645102909 0.275103477344132 0.0666684186945596
0.00373918730991998 -0.00225224241163305 0.147695846226994 -0.131480452367007
-0.00229519353008878 0.00633623274851873 -0.027688051110184 -0.156535711581578
0.00260866763009329 0.00951692454532954 0.00571907208262354 0.121316174661398
0.00791525280703332 0.0032896362924483 -0.112259164944204 0.0620986990254851
-0.00196745364142865 -0.00340772143680279 -0.213480081803808 -0.0901390995588051
-0.0071471349787986 -0.00437506568942717 -0.0198869283637596 -0.305250771798135
-0.00229443509141129 0.0021775803404878 0.374235254214297 -0.163857761706357
-5.33110970901314E-05 -0.000646280717863403 0.328401558757418 0.260928379605936
-0.00398894189990874 0.00966978285087044 -0.0154519510661567 0.303387677631189
-0.00571378338830967 -0.00225807638433565 0.0249826236698065 0.0424758776922062
-0.00504895327012822 -0.0056612673591075 0.0689955254342361 -0.25995253446928
0.00356847229042203 0.000102159207406862 -0.350918456887814 -0.271437936514314
0.00588665003779206 0.00625533847482892 -0.423062865628568 0.265217961376783
-0.00265170513205572 0.00287668290169785 0.0920651843116595 0.393451382902935
-0.00127958061359136 -0.00627111053931688 0.27414060818616 0.0675646892451859
0.00689094540240512 -0.00339382218958493 0.14995968832511 -0.131179399445954
-0.0004448471378647 0.00350030559522208 -0.0274305888631356 -0.154943891365058
0.00295327430211278 0.00206799684195301 0.0112920779856906 0.127764592503041
-0.006190444655972 0.00497052951801887 -0.119684262144282 0.0850837891767742
-0.00831764718465542 0.00307190060948156 -0.22950493315527 -0.0520055468821887
-0.00203489549677722 -0.0101385105875561 -0.0666776410527041 -0.304138879762848
-0.00134709797157753 -0.00291426747962502 0.330623196065445 -0.236660895409795
-0.00709454096851552 0.00342260494257413 0.346760392314117 0.189959449044545
-0.00905592712689873 0.0159000101144363 0.0102402384763126 0.287606608740023
-0.00867000036628868 0.0041331366197127 0.0259950168214852 0.0374907078953592
-0.0105755712148612 -0.000377482991236816 0.0917980122820405 -0.268580077057786
-0.00491522478082959 0.0036725956996062 -0.327495604537241 -0.341596200182941
0.00585733202309164 -0.000236636314136118 -0.470730575393989 0.185574097338184
0.0031762225884801 -0.00594264268615538 0.037986390068208 0.398319676474799
-0.00743050789136951 0.00164637623951301 0.262183810529906 0.107353720166672
-0.00936380779150192 0.00140335666974151 0.147461936185244 -0.108766538918961
-0.00210162070053578 -0.00564179713146957 -0.0249043413587735 -0.152098782593462
0.00142958900441648 0.00517098905122822 0.0112434944980424 0.126124178253487
-0.00626287734648861 0.00385274201069831 -0.121919562642495 0.080898526611686
-0.0125053240366041 -0.00109036249851371 -0.226806887272938 -0.0572252383750958
-0.00571701817893464 -0.012312933721466 -0.0551148926095937 -0.306871800763995
0.00192532229272321 -0.00102457424981419 0.338666094778419 -0.226624328592107
-0.00393867871616086 0.00665857201969659 0.342553664819645 0.203765714679384
-0.00797270240819186 0.0173045727251337 0.00467944337896109 0.29145607708695
-0.00848847755428396 0.00448601708626968 0.0249109120138722 0.0382311970368543
-0.00987751243911685 0.00175818617817025 0.0855758048831655 -0.267332929525909
-0.000672293486168461 0.00735794484481743 -0.335279945304016 -0.32935671497812
0.00868195449742546 0.000995044307023936 -0.463905315160987 0.201110292843739
-0.000396903030366095 -0.00804023057633623 0.0507660479346356 0.395610600488727
-0.0125346335383107 -0.00276574237929289 0.265066493147782 0.101294855476226
-0.00996035446166044 0.000687410550738273 0.145424009601673 -0.112170795201635
-0.00358250970461222 -0.00190403134327383 -0.0257674369086868 -0.153919106849259
-0.000282478634349256 0.0077643244398122 0.0104983003523034 0.124287621348289
-0.00574527302119696 0.00293111495386366 -0.122129259915726 0.0768784578198507
-0.0158369567502074 -0.005771389566595 -0.224414028887704 -0.0641868200319111
-0.00812982898249003 -0.0135333949458688 -0.0428399277208848 -0.308250031699085
0.00412461861219207 0.0011042641164268 0.349185962090789 -0.213028910735025
-0.00018302947250454 0.00892735282834968 0.33723163466178 0.219874733885318
-0.00726698271291128 0.0183217501102263 -0.00211677986017999 0.295852923257586
-0.00828126254814712 0.00403609080165996 0.0247222491409501 0.0404414180321239
-0.00872225472768272 0.00271196968876712 0.0796542097122129 -0.265186616468015
0.00377341421164585 0.00974206471086618 -0.346363801060222 -0.313206616322162
0.0117580456515036 0.00233655210984391 -0.453411434841428 0.218599016749547
-0.00391500894871085 -0.00801612687830184 0.0652018603177801 0.394251771158194
-0.0167696062525013 -0.00614679315731869 0.268970027630962 0.0934881240220211
-0.00933070003562115 7.9243760755382E-05 0.144487407569326 -0.116984507275146
-0.00434926808441874 0.00177846175598693 -0.0270008915701287 -0.155601703724712
-0.0009994877004007 0.0104923029437138 0.0109018052185356 0.121344398091373
-0.00396098297767945 0.00204971800365459 -0.12085627382406 0.0721324649176365
-0.016128325307415 -0.00926963558563459 -0.221082388924713 -0.0711635919097093
-0.00948934300457618 -0.0139856823431847 -0.0320964870268883 -0.308415635115371
0.00514679757375686 0.00252530158597091 0.358056012491451 -0.197626728195134
0.00159339376004616 0.00938869795187055 0.331151611392787 0.23533586788353
-0.00603831751858207 0.0178321006807091 -0.00777067850928852 0.299861106053139
-0.00762753406830453 0.00329481166332281 0.0243979817926423 0.0413267928679561
-0.00682649052390693 0.00273101491113355 0.0739106294955465 -0.263697053940141
0.00699104997649269 0.0100340074150925 -0.350463258938288 -0.297022310596306
0.0130313784626385 0.00334347618616493 -0.441514690165253 0.234931115732684
-0.00630560230034927 -0.00739531252960143 0.0790316657996734 0.391590355009298
-0.0176943906804997 -0.0083982904176193 0.27180837211571 0.0852750933197846
-0.00742005751577939 -0.000497908312511623 0.143466363866104 -0.121896893773673
-0.00493658153038162 0.00484963705550757 -0.0277091919932846 -0.157059056883955
-0.00119297703126909 0.0121321161854879 0.0096610990650502 0.120555084782904
-0.000820114483493372 0.00104347186577518 -0.119417617145351 0.0674858057676067
-0.014560648062101 -0.0108085896548095 -0.217589271211045 -0.0786064286284917
-0.0106714126903521 -0.0128286517949002 -0.0225853080458491 -0.308269537469012
0.00465653089864288 0.00366900702565371 0.36660601623261 -0.182446749497672
0.0024179181234757 0.00886913990215002 0.327834607965004 0.249202485498959
-0.00560251367743885 0.0169707606507408 -0.0145228221223929 0.303034994718089
-0.00634516092995772 0.00138358505539522 0.0238585245655096 0.0423683316996637
-0.00593480268610073 0.00177845513165081 0.0695563347921219 -0.261758964426592
0.00888394810089648 0.0091092148101762 -0.354458732320158 -0.283729920194426
0.0129469251252902 0.00514981061682123 -0.431730560819724 0.252198972496192
-0.00784726842672287 -0.00523460173243161 0.0901997166715838 0.389857699988265
-0.0163949901124309 -0.00999807910050751 0.274581319210265 0.0772090965523229
-0.0041316145002686 -0.00121349629024691 0.144207928772014 -0.125903886612678
-0.0042783426569326 0.0066562966467411 -0.0275588150393645 -0.156921131798608
-0.000607038709024334 0.012630500325752 0.00854155343157557 0.120236077951929
0.00230158783500805 0.00117217181001696 -0.117366475682747 0.0643165517898452
-0.0114206793494013 -0.0103871379590883 -0.215433937182051 -0.0844375022519535
-0.0102582383746591 -0.010836711560214 -0.0167318984325403 -0.307535586862882
0.00332877092512204 0.00335265265479201 0.372393655860918 -0.170418328265312
0.00284084422529681 0.00643776933229891 0.325601755906783 0.259596566199484
-0.00415090736192742 0.014086691869744 -0.0175749579524287 0.303881070253112
-0.0058279574530339 -0.000134657988795962 0.0238484531411038 0.0429463789976388
-0.00469017571990753 -0.000490101374684948 0.0682133923680129 -0.260498407546035
0.00872278548593104 0.00749923757039355 -0.356480884824483 -0.272964045868366
0.0117333864768237 0.00600938472938374 -0.425729759116072 0.263075437527464
-0.00735478083768749 -0.00254490926649912 0.0961049901955519 0.389545923041494
-0.0129650679647759 -0.00946356188265871 0.274940794882853 0.0706095947728492
-0.00067505538324738 -0.00185278121653764 0.144761030231712 -0.130487467536035
-0.00327615559870459 0.00740424776326474 -0.0285130557871027 -0.157233292014118
0.000620151305204356 0.0120854187921738 0.00790643974635256 0.120513705323479
0.00577504998284305 0.001594186603067 -0.11499721465555 0.0624554151934181
-0.00701643197003063 -0.00757343892034379 -0.214209855768264 -0.0880939373906322
-0.00945360603058834 -0.00761088420165929 -0.0161775528993676 -0.307102702274739
0.000837991482158815 0.0030409575806604 0.374171896974607 -0.165832683517337
0.00174073072727933 0.00325571063360061 0.325407330329232 0.262407902014956
-0.00404835637693091 0.012358896058589 -0.0171872700639311 0.305296488693179
-0.00585064907912127 -0.00143297675954495 0.0245481473670774 0.0421877369396581
-0.00439581660244589 -0.00297351086029157 0.066467857858124 -0.260199442444718
0.00683609748664984 0.00380431050376094 -0.356709297566774 -0.268495602637825
0.00904005562317679 0.00652481134825366 -0.421293182667375 0.268581503141529
-0.00575156809826283 -0.000107315649367808 0.0985547771269822 0.389866883972446
-0.0081258560403298 -0.00857364298093961 0.27572564317528 0.0659058127030174
0.00367545486040593 -0.00289218412629616 0.146790647492078 -0.132223765199324
-0.0026996933458879 0.00592591826991028 -0.0284560298687373 -0.156265031028078
0.00259717038516824 0.00896799114244252 0.0070427798229 0.121441815313702
0.00837535572488941 0.00288459925962046 -0.11235053816611 0.0626435600638287
-0.00202261955703374 -0.00332320373378958 -0.214068599777218 -0.0885898216360612
-0.00763078195332232 -0.00430976509688291 -0.0208202351542058 -0.305493775843826
-0.00213371985862142 0.00172094821974176 0.373693508157856 -0.166010475113501
-0.000267076328664587 -0.000799759074575945 0.330014291362748 0.260707473809524
-0.00355922518638701 0.00962835608419237 -0.0151811980055825 0.304151121714055
-0.00570998246520868 -0.00229780725901135 0.0250457792413737 0.0419710126713897
-0.0049112095827464 -0.00562122963081344 0.0687827915504705 -0.261004132331203
0.00329156210962902 -0.000376949785566955 -0.352858205169751 -0.271047918469668
0.00604357888225068 0.00580891857762131 -0.422336471124044 0.268546469206124
-0.00235746810035694 0.00263931654724954 0.0932629318217574 0.39398278786917
-0.00128228752380711 -0.00654980696183387 0.274182659695012 0.0671115707671632
0.00703661862266156 -0.0030683109073582 0.149359176057077 -0.132176157575727
-0.000868968659476837 0.00388110292114728 -0.0281262638162649 -0.155372404946809
0.00275224836985295 0.0013841390175556 0.012485297865468 0.128693248221535
-0.00579322252213306 0.00489230011830332 -0.119971555814335 0.0856327118208678
-0.00820924593702416 0.0029530172532253 -0.229581417312608 -0.0504637319950639
-0.00209042246451889 -0.0100070551657108 -0.0674973915243819 -0.304750269129873
-0.00138956155656168 -0.00278896008459763 0.329326796324911 -0.238824641613918
-0.00739347444554886 0.00353864899732831 0.347465751045394 0.18823906574418
-0.00863632305531076 0.0162377543441582 0.0115506123481708 0.287685159695135
-0.00851894612076614 0.00417460856593552 0.0259391700139592 0.0375680123048554
-0.0111940214192487 -0.000319643274943689 0.091515908541065 -0.269094733792331
-0.00515814058239072 0.00410909070584569 -0.328910677552203 -0.341280886789211
0.00511265663065593 -0.000735329305288795 -0.470781189752437 0.18808432650073
0.00307925623693275 -0.00579019723338305 0.0391899511756109 0.398216345339142
-0.00717093475656161 0.0011644253438694 0.262433208262959 0.106683576019909
-0.00940768551781545 0.00175619972254137 0.147036440372886 -0.109417392984783
-0.00229212868522905 -0.00552692193382878 -0.0262797875128679 -0.152170113436183
0.00115534798202896 0.00516230609477442 0.0123359103656354 0.126228264740092
-0.00629190172005726 0.00388896730109153 -0.121895813904594 0.0815040471361351
-0.0126446032026881 -0.00103764048304303 -0.227774058357506 -0.0559427160633208
-0.00554133817098432 -0.0128064234385608 -0.0559408219444345 -0.307137238903694
0.00178252158636746 -0.00107554695948599 0.338856379124711 -0.228761878626201
-0.00420336765200519 0.00640455096306272 0.343307231481063 0.201882219812821
-0.00799385571946511 0.0176510209860097 0.00501558450338808 0.291593541463896
-0.00847263392545266 0.00465708573004321 0.0252792963650163 0.0388632653449692
-0.0102985215915219 0.00194453561145202 0.0849561442097552 -0.268051051960954
-0.000385052414634461 0.00711122466174029 -0.337562868312651 -0.329219391421997
0.00901243924050842 0.000815566350906472 -0.464269532646732 0.202684742537192
-0.000573985315318973 -0.00817805538025842 0.0525071729043783 0.396965056639435
-0.012652130897327 -0.00313993656285224 0.265702824019935 0.100412304313855
-0.0103347285103621 0.00115632044522142 0.144894445822462 -0.113452599413144
-0.00384168449352781 -0.00168201567043622 -0.0270070901115452 -0.154271844585078
-0.000271574740806088 0.0079636801782765 0.0118587404869629 0.123990688099369
-0.00542373159413457 0.00299790083403444 -0.122349071907724 0.077296576712872
-0.0156918737433779 -0.00572304999474524 -0.224151609565159 -0.0624635445121392
-0.00803136836364483 -0.0139987052844536 -0.0443683093672071 -0.308766871911108
0.00374056472299918 0.000783317203318672 0.349312528402932 -0.214674040779701
-0.000329132219191784 0.00919339008255786 0.338006322251314 0.218149212633475
-0.00647196371884485 0.0188803458778255 -0.00231842713872877 0.295791359471142
-0.00780229412045927 0.00385835079850289 0.0248837695207348 0.0401426697917241
-0.00898263828799141 0.00270458387740191 0.0788760568467912 -0.265803543993813
0.00359491370894918 0.00950994869787058 -0.346232649549597 -0.312377042535456
0.01163541520532 0.00173431003858159 -0.452158483388229 0.219332646947792
-0.00413221135033437 -0.00859436248533268 0.0662747214531515 0.394140072653117
-0.0166161690608195 -0.00661663221461677 0.269558473979462 0.0922673911497926
-0.00980857105236776 0.000407000225248123 0.144301453037503 -0.118420079204762
-0.00454261771621578 0.00159821312298036 -0.0282338618737607 -0.155996368311253
-0.0012458093020381 0.0103931230540198 0.0111815077348872 0.121736150245781
-0.00377958679455296 0.00182946519091377 -0.121685814116244 0.0716045928373102
-0.0162747258639621 -0.00903423359632516 -0.221365382772867 -0.0699716081197409
-0.00972861439025993 -0.0139600976043058 -0.0327922785383514 -0.309192878889993
0.00489884152789768 0.00244053326268995 0.35785554549832 -0.198669924692245
0.00172003690951271 0.00993687958981717 0.332811265593644 0.234034958753892
-0.0062609222045071 0.0181336442174342 -0.00811430818506367 0.300269517781905
-0.00690425161595508 0.00327222574089565 0.0240089391144021 0.0413845108516461
-0.00717488529623301 0.00312845444138909 0.0730492217966903 -0.264139922848011
0.00687824956834642 0.0100845177400295 -0.350455614633938 -0.296546051959386
0.0128892201681351 0.00351565841355565 -0.441150126268128 0.239020431793278
-0.00635471835503936 -0.00664392422061999 0.0807275471492586 0.392016397131786
-0.0183912699954142 -0.00830773674385232 0.272396114546213 0.0837010370555528
-0.0070421978910301 -0.000401651988925962 0.143004064773494 -0.122576196840774
-0.00514781582305929 0.00469924014948258 -0.0286770828377689 -0.157354312744979
-0.000900146790135314 0.0120812756874747 0.0107741830656408 0.120591593161625
-0.000889165318319096 0.00139934556173097 -0.120030171614741 0.0678355376028177
-0.0147153687806986 -0.0100493094169089 -0.217495486362522 -0.0778745218045507
-0.0106947946766274 -0.0132694490976638 -0.0231250415894406 -0.309413124617998
0.00478844659133025 0.00329751149333273 0.366627440512555 -0.183946521734628
0.00281726534165873 0.00895486900695738 0.328405937309067 0.24914045948067
-0.00524931845515107 0.0167381160746337 -0.0137401281520012 0.303145858620918
-0.006285818999185 0.00156581086184487 0.024017015810068 0.0420859824961412
-0.00586369516942437 0.00148403701332664 0.0692732604713101 -0.262808606768683
0.00866002760842592 0.00929220538791695 -0.355909881596106 -0.28337925063944
0.0133593324938266 0.00453615378354772 -0.430941369725266 0.253873557220955
-0.00733204657744463 -0.00507527092884505 0.0910215097211809 0.390595228399529
-0.0164641690271851 -0.00928197348355721 0.274421250669944 0.0756201580091024
-0.00424194290492952 -0.00175976638407222 0.143323439387994 -0.127026859046318
-0.00471964939477732 0.00687788416429898 -0.0285955848893668 -0.158281273865171
-0.000710364544061165 0.0126554787564457 0.00990971751120234 0.119855983369996
0.00291140736182347 0.00162313275758825 -0.117583976701295 0.0650799758622796
-0.0115056857899115 -0.0100708997306193 -0.215350302235435 -0.0836761599075314
-0.0108214472560686 -0.0111574460690813 -0.0184599847829511 -0.308129259617248
0.00338101289195266 0.00365281931028981 0.371924834444243 -0.172072596493728
0.00292130200465057 0.00654851610430751 0.327173018769723 0.256888717227585
-0.00419026198936907 0.0149838505872977 -0.0166972463355074 0.30492918706594
-0.0062388690814131 0.000188445378360091 0.0244713960832221 0.0424280000072542
-0.00504491714994796 -0.000762575736571457 0.0668298933844648 -0.260857123266568
0.00853883486951531 0.0069542317797037 -0.358232807650986 -0.273021788166046
0.011584374717765 0.00555647398802022 -0.425100393961954 0.265592175239119
-0.00696114798735306 -0.00266005043485396 0.0978221646724179 0.389905027233955
-0.0130961097137178 -0.00980928373008232 0.2757500217126 0.0697225858749296
-0.000425829061534078 -0.00215610251661529 0.144298334540303 -0.131609470541487
-0.00357440428519996 0.00724571059318228 -0.0294593385313091 -0.157659930223661
0.000875177994935662 0.0118374547117378 0.00875927077571059 0.120094133649346
0.00558684234451586 0.00184749647365961 -0.114432884187174 0.0629012516320548
-0.00696959743665149 -0.00729518181328373 -0.214796614212817 -0.0864887132713395
-0.00945687295003996 -0.0075540487340478 -0.0175703228787174 -0.307260389936618
0.000683352779730573 0.00327120689605259 0.374159534620035 -0.167138089946236
0.00166837138537874 0.0035319229960521 0.327785026436204 0.262539193606119
-0.00390198278815983 0.0118920323380987 -0.0171405750870178 0.305635955648453
-0.0061572337573374 -0.00137683805271578 0.0249164874598338 0.0423905540291699
-0.00458069536746164 -0.00279912582426399 0.0660897944960812 -0.260472790112256
0.00667282610542261 0.00385806703203739 -0.357954557052955 -0.268339629937195
0.00917135534028569 0.0064069738255518 -0.420195405100514 0.271015501493653
-0.00556744443933438 -0.000207108267357625 0.0995881242224913 0.389917251439817
-0.00798115424398851 -0.00905157037836216 0.27618608267714 0.0649286693941412
0.00374154737051781 -0.00280683807372531 0.146469184224174 -0.132854427949332
-0.00249771920649468 0.00653765706467353 -0.029689478943412 -0.156704811697982
0.00294466616751277 0.0095224173344492 0.00808985749263506 0.121675285342401
0.00866908413219413 0.00295807013457302 -0.112475170626266 0.0631934703815411
-0.00168205378442908 -0.00334583858915321 -0.214114024605762 -0.0884182867086916
-0.00760075947384056 -0.00479805340752171 -0.0215865474413189 -0.30596645872365
-0.00228010466610105 0.00173329265131564 0.373604809695245 -0.166182194048743
-0.000721831148111687 -0.00118094224773798 0.331006724748041 0.259902609559425
-0.00323387833000659 0.00967743579818328 -0.0148930632555954 0.304546351519842
-0.00593229366189078 -0.00213773647455609 0.025466042741632 0.0421372648635519
-0.00502801333633042 -0.00571713438657451 0.0683549389916782 -0.26114724130975
0.00345911671390071 -0.000231499715953371 -0.353305514112557 -0.269439260459501
0.006215840686255 0.00643245401584272 -0.421776929570748 0.269506484495099
-0.00253159470128531 0.00221341201956306 0.0944083791692404 0.393834679829697
-0.00139619859161165 -0.00649847371701324 0.274705582323741 0.0656800873406994
0.00668344356136665 -0.00284502280073121 0.149073019961078 -0.132826236056492
-0.00152924269451077 0.00386384626126523 -0.0291842983086258 -0.155532520545538
0.00317050367439267 0.00118378974671537 0.0135947461910961 0.128704660779803
-0.00581310381878112 0.00468935356149853 -0.12016921808877 0.0859854400620938
-0.00841666821956039 0.00300198742435396 -0.230169007428492 -0.0493428298773455
-0.00251898074075341 -0.010175012270117 -0.0686227640634255 -0.304949508726388
-0.00162716711317878 -0.00303510045143494 0.329861597260487 -0.238427024370079
-0.00689302966016692 0.0035652837664212 0.348255050176956 0.188028026870952
-0.00854352426467487 0.0163104654745758 0.0117696926937209 0.289107880346387
-0.00820688216134874 0.0042328796017292 0.0261730505233685 0.037484750780617
-0.0112746182546718 -1.79653814362897E-05 0.0906652104339819 -0.269961394779598
-0.0049411105068158 0.00366768048919465 -0.329912401399059 -0.339663984684923
0.00525945301040431 -0.00099946001620116 -0.471330223470215 0.191090753590251
0.0029863363321814 -0.0057952848716751 0.0407673891988662 0.39882863031527
-0.00705062895681841 0.00121705684245897 0.26407107711999 0.10599631580245
-0.00973371724270617 0.00177898767192085 0.146700711173862 -0.110707033894301
-0.00272497561785308 -0.00544373512408378 -0.0272563904119809 -0.152402919738235
0.00141687633778194 0.00472456830199035 0.0130284290162346 0.126204533475014
-0.00656266083759999 0.00408770835365645 -0.121793048492905 0.0827126758804387
-0.0126400149063862 -0.00148577247431839 -0.227391960956692 -0.0544761121502324
-0.0058253096483596 -0.0125209794706869 -0.0573700840256459 -0.307403645617819
0.00197715717229719 -0.00123867647004775 0.337770848483391 -0.229290679227717
-0.00374591957290153 0.00688998375840755 0.344136676450957 0.201331411593738
-0.0076828023490856 0.0181126555491736 0.00573037459276044 0.292200732638219
-0.00785537956119642 0.00454953015058903 0.0251874144469449 0.038571446278556
-0.0104962621256014 0.00174871746923471 0.0849674805066402 -0.268398355217077
-0.000511017370509823 0.00762736576764242 -0.338230119483222 -0.328699719775787
0.0088770020105102 0.000832050578045526 -0.463724293410219 0.204792327804109
-0.000544578330758954 -0.00810560361631663 0.0536997367092958 0.397111564254918
-0.0128233650824046 -0.0029625426506217 0.266872551210446 0.0998771390087879
-0.0107680150135211 0.00112395719090395 0.144448271680049 -0.11451250701705
-0.00430675538338285 -0.00189497219791063 -0.0283863296184082 -0.154913724440515
-0.000160568981550579 0.00772417838840467 0.0132146792083131 0.124372773559649
-0.00568928414703846 0.00299105931413165 -0.122287900729376 0.0784703368441589
-0.0159826473583743 -0.00545969580667911 -0.224381837019106 -0.0612800320125953
-0.00856826765670769 -0.0140869086655025 -0.0450806373468853 -0.309079313625484
0.00378947673421742 0.000656061807467355 0.348295719862016 -0.215169919610758
-0.000351999376141591 0.00878592211706877 0.339236065982027 0.216782812886284
-0.00672919406551194 0.0187041421322554 -0.00121345900522384 0.296742745164775
-0.00761464474533468 0.00411158440888517 0.0245098393006553 0.0399192989588331
-0.00848399513215461 0.00276122061473146 0.0787515378342245 -0.26736908928578
0.00351157943919511 0.0095417133441068 -0.348851865373741 -0.311969315648566
0.0117391530134568 0.0016852101927305 -0.452999474999655 0.222861016350223
-0.00406255397564251 -0.00796621023028974 0.0684368405750659 0.395095851608959
-0.0168805714068575 -0.00545564506907131 0.269878944623458 0.091379747885284
-0.00950144586152064 0.000340842202808166 0.143250595489888 -0.118986837199102
-0.00469141944693781 0.00174715827394769 -0.0288943814703033 -0.155710801963312
-0.000596765752712318 0.0103419917244045 0.0123527427033237 0.122059689378
-0.0036893152810212 0.00212189178674538 -0.121397016702286 0.0735826132443551
-0.0165182718366056 -0.00901686728988869 -0.221915191333215 -0.0689182323960126
-0.0102392074790812 -0.0140845900576815 -0.0344319332649184 -0.309744026755999
0.00501454094316869 0.00273339692020357 0.357462111953974 -0.200921163229053
0.00173350956328162 0.00953956040657463 0.333183285703827 0.233373461428552
-0.0057927556985644 0.0183266372714475 -0.00739220044583958 0.301312995753947
-0.00694772312738305 0.00281141187071241 0.023835180557548 0.0414285837380252
-0.00730710062704728 0.00289284099648525 0.0732016091624978 -0.265322483171649
0.00699612188242315 0.0101454168498061 -0.352539709253823 -0.296134839068129
0.0133287762268855 0.00319605627019904 -0.440069047995392 0.239949256451392
-0.00680895139224812 -0.0066369225414625 0.082393492037875 0.39226984131063
-0.0182709249020685 -0.00804822370461908 0.272798559742638 0.0830417171125125
-0.0073916658770995 -0.00076285434235725 0.142941604161725 -0.123975125963815
-0.00519447055019259 0.00503077764536242 -0.0296873984749382 -0.157512966351583
-0.00118540947741844 0.0118424302196134 0.0119792207199002 0.120761793844723
-0.000503976149365015 0.00132911687187466 -0.119503810397009 0.0690104454838312
-0.0148549537339849 -0.0108239561346285 -0.218488501908937 -0.0756701083223345
-0.0114385025634187 -0.0127057494733638 -0.0241460688801842 -0.310209547954507
0.00506746367158706 0.00339178138841219 0.366032523562994 -0.18561348727647
0.00280317926077454 0.00876998573892322 0.330561832107039 0.248026288513072
-0.0046688578745972 0.0167526695926061 -0.0131833257625751 0.304208857962036
-0.00663053943581868 0.00156059430420205 0.0246076642767507 0.0420840589859139
-0.00599701080293522 0.00161908326902682 0.0688186916610657 -0.263178451509229
0.00852012801639145 0.00910290603843482 -0.358436425690582 -0.28153165104903
0.0131176373992185 0.00409032737722869 -0.431717438424282 0.256078794630107
-0.00815358412716633 -0.00482598210301402 0.0939890193136523 0.391162528180523
-0.0171067443279142 -0.00943899944472412 0.275482654634828 0.074246761374907
-0.00421020537950988 -0.00140035209916489 0.142892275204713 -0.128429877593642
-0.00493363851183953 0.00727461464025295 -0.0302962279028115 -0.158449285831886
-0.000210288674866467 0.0121573089954712 0.0105238152677467 0.120338233176763
0.00273026772109746 0.00121636480102349 -0.117452197784121 0.0655690476205298
-0.0117344810086944 -0.0102018614316474 -0.2155034763266 -0.0820052429790167
-0.0108968439898202 -0.0110487310872246 -0.0183126880880645 -0.308339988854199
0.00343271885255134 0.00386064309082043 0.372749158566372 -0.174072985463592
0.00247980050332403 0.00625414316575791 0.32743513547554 0.257582509059513
-0.0041939745115725 0.0149023614189844 -0.0169979594806871 0.305290123121616
-0.0059164281524991 0.000129746611066639 0.0243913153976915 0.0426262926963004
-0.00492056380882254 -0.00056062233294037 0.0670488941244089 -0.262041792877903
0.00825572518517408 0.00697697276975607 -0.35961978387376 -0.272079141780003
0.0116807032338443 0.0058279710566459 -0.424933325691125 0.267574785094088
-0.00726260512635544 -0.00244334660641638 0.0995923664833879 0.389648523717546
-0.0135633049369153 -0.00970854200841075 0.276455473435185 0.0684358350355004
-0.000676884885180517 -0.00193270260160147 0.143591534315697 -0.132457678812605
-0.00413205758490862 0.00715594723065794 -0.0311495673577292 -0.158153321945278
0.00126277051517442 0.0113166603490249 0.00962622955561014 0.120956260766382
0.00607240113416028 0.00191397399292841 -0.115338550988584 0.0643231066855142
-0.00700368259390614 -0.00789886983938685 -0.2146236584044 -0.0855888174313835
-0.0096285607452517 -0.00763555041151882 -0.0185673802109055 -0.307901060382216
0.000858238399653378 0.00335284502294592 0.375650802020409 -0.169023305311659
0.00183184515682308 0.00303962241597206 0.327676962371993 0.261977433392744
-0.00322577446679974 0.012360694739918 -0.016650088638376 0.306300760068468
-0.00559635992640242 -0.00164929417402271 0.0248992249304134 0.0420562567506838
-0.00507931197373873 -0.00320270725455349 0.0660314748100141 -0.261675707757997
0.00636502856241766 0.003814292761901 -0.359048227769586 -0.26638339411169
0.00942060191396378 0.00620982381767587 -0.420062668725623 0.274092975371912
-0.00551560551710209 0.000151625667736056 0.102435322759562 0.391194014955626
-0.00789571117714325 -0.00836619414628597 0.276363793252081 0.0639677609866275
0.0033635861994049 -0.00306859473099566 0.145606104530865 -0.134535850262309
-0.00309539827761968 0.00615221403119775 -0.0318092091253477 -0.156510256927181
0.00282495030830435 0.00925787107731894 0.00914542158604026 0.121670621478287
0.00834957132411685 0.00256508281125088 -0.112372453511584 0.0645639442526107
-0.0017190551648461 -0.00353229546227496 -0.214827581918171 -0.0866414688438566
-0.00775872653696003 -0.00461227952508321 -0.0226386474029718 -0.306828050182944
-0.00226951417924962 0.00199839174577524 0.373593585986978 -0.168333074026765
-0.000626466111796146 -0.000849010189623705 0.331720444072997 0.259749002197736
-0.00263694415839198 0.00992391002534836 -0.0133979676052605 0.304709570109085
-0.00629191932920046 -0.00204573517348443 0.02523163822075 0.0420100574625727
-0.00511994392470383 -0.0055794477918885 0.0680117797040519 -0.26195884324878
0.0025697632523964 -0.000154702944208364 -0.354449568752749 -0.26945707165663
0.0058068132288952 0.00610840119263826 -0.422122902613543 0.272427682846439
-0.00225039492661966 0.00228712552518258 0.0964769751567157 0.394537056421638
-0.00145966825520756 -0.00674602650279077 0.275416720609567 0.0646170630318364
0.00676724140489976 -0.00343652279456005 0.148118976322151 -0.134245663737709
-0.00100654914565812 0.00446002104513577 -0.0304752090261882 -0.15547210042845
0.00364399878743162 0.00119772858702666 0.0142790987418735 0.128429214942108
-0.00510925605364941 0.00512516443037762 -0.120269990088984 0.0869204952690555
-0.00825570608094101 0.00322248086623179 -0.230541835279509 -0.048165486820611
-0.00219206496734486 -0.0103639502029754 -0.0695604178505602 -0.305766882790571
-0.00119293158650104 -0.00284742622995317 0.329950089394419 -0.240408544261474
-0.00754131302252141 0.00375902689407563 0.348618200928923 0.187698235350621
-0.00836945535236011 0.0166962853646758 0.0122688718057032 0.289008341404054
-0.00823072698489174 0.00437992364121914 0.0261339306883908 0.0378039944102741
-0.0113674240014267 0.000101787658353984 0.0904072451407783 -0.271382723588845
-0.0050075260798468 0.00387482299067131 -0.331058611702948 -0.340637081182627
0.00509539812966934 -0.00100149824086977 -0.471726787632994 0.191379781313086
0.00330849341388479 -0.00625396364265554 0.0434471143946836 0.400666199940217
-0.00713811353603639 0.00162411274622249 0.26426223150772 0.104989730284462
-0.00928541854587542 0.00175689131618201 0.145629062073432 -0.112208127633168
-0.00273208779266294 -0.00517058855175457 -0.0286852145291297 -0.152816967334362
0.00150343407374755 0.00458389207695672 0.0144189584844736 0.126164262602086
-0.00610810327410548 0.00393039604330435 -0.122165475734736 0.0827881907261617
-0.0126084441826155 -0.00128088850789863 -0.228163753033796 -0.0526902328477277
-0.00599900740326482 -0.0125606541808278 -0.0582842380449131 -0.308319065135791
0.00142036479791753 -0.000921518667804451 0.338250466359647 -0.231420092031485
-0.00402311811742344 0.00651485658403826 0.344307175647747 0.200388224750941
-0.00733832614122487 0.0180323892486578 0.00684564245594594 0.293667943851411
-0.00792703697057058 0.00451640075152951 0.0252635600865865 0.0386922920063341
-0.00969424352277039 0.00142724525539177 0.0847488220036558 -0.26934485498784
-0.000726700842152727 0.00726364325336745 -0.339156783133335 -0.326838617426532
0.0090189612021936 0.000186509301480783 -0.46286748414783 0.205967264825295
-0.000631706073164557 -0.00766384698676468 0.0562272592793208 0.397566808213399
-0.012712771720844 -0.00297158652658151 0.267614487039271 0.0986200852462599
-0.0104807658784767 0.00120971543622213 0.14419846865931 -0.11544717324963
-0.00445003821759193 -0.00211705350393905 -0.0294151425822955 -0.155013179960559
0.000158721120914523 0.00765293797925326 0.0142524691129031 0.124232384827928
-0.00566894183657365 0.00292957504814976 -0.122160116104137 0.0786725044914586
-0.0155227980221593 -0.00532567473438279 -0.225392864506175 -0.0596930242639
-0.00826092372134394 -0.0134406348412232 -0.0464460240623849 -0.30971638318246
0.00403235191703132 0.000592491255134434 0.347990157454561 -0.217361022484795
-0.00049780567295591 0.0088181545381894 0.339584653211064 0.2155428117446
-0.0064964772113705 0.0187166309343257 -0.000708106502022967 0.297386413032895
-0.00753970184989207 0.00409617867971846 0.024977807039437 0.0399315510179452
-0.00899892640221434 0.00300384492284352 0.0787431025761348 -0.267993775110319
0.0034703967366656 0.00962043317951393 -0.34850559781569 -0.311424116035373
0.0119201343368342 0.00158921188626029 -0.453272373716009 0.223437207083699
-0.00415608879167782 -0.00799343719883809 0.0701980300302237 0.395127671383056
-0.0164703315847275 -0.00603389216501396 0.271163145789808 0.0901780859069506
-0.00980072243249782 0.000302898525891683 0.142979203933411 -0.119771990888386
-0.00502362112824487 0.00232502723972702 -0.030343725747308 -0.156354765097531
-0.000639364896456908 0.0103192649369262 0.0136085123030287 0.12233319087612
-0.00348262840939128 0.00207322174959247 -0.121660150217511 0.0744041550527968
-0.0167316312715073 -0.00937245159555299 -0.2218578323493 -0.0672095636254591
-0.0106722124532647 -0.0135454130872346 -0.0344311804114022 -0.310700003144563
0.00515634402447889 0.00273899976736864 0.358231778778112 -0.202096926604347
0.00159321419185117 0.00938699225130257 0.333712902620313 0.233175489999254
-0.00537386391818544 0.0184941809183527 -0.00733001745147294 0.301625715718843
-0.0066080055268267 0.00291426652469993 0.0244551293509452 0.0413091824092144
-0.00728383029698846 0.00304614595447473 0.0729594914650212 -0.266257031441747
0.00720950370206165 0.010105939398527 -0.355277826991112 -0.296417719542268
0.0132881724950112 0.00297913028697229 -0.44214998633732 0.241502501612907
-0.00644988773449376 -0.00674159603164697 0.08506880847872 0.393262496757797
-0.0183210422856961 -0.00812655114674897 0.27440900911649 0.0822510546110742
-0.00759451057966678 -0.000329942833138874 0.142683446165331 -0.124517640671781
-0.00535084085173887 0.00548241904620898 -0.0308335051246177 -0.157952596924167
-0.000917540195599444 0.011704197535004 0.0125976650984699 0.121122296011063
-0.000335518188854433 0.00147013888422117 -0.120217551242429 0.0696664777135451
-0.0155751280430655 -0.0104702665940881 -0.218690169358654 -0.0752318591656209
-0.0113805776547 -0.0129521373603416 -0.025572480181346 -0.311124946881064
0.00498234326213726 0.00343762444961691 0.367341069591119 -0.187597258280324
0.00293392948216772 0.00903734132506898 0.330290091165856 0.247371364730132
-0.00431080481544745 0.0166234028045698 -0.0128882393062242 0.30458187536903
-0.00644642932579901 0.00204630846487375 0.0243025358293831 0.0420729377016896
-0.00596534598143968 0.00177424576502154 0.0686930844354239 -0.264307408936077
0.00864939882257711 0.00934962271241915 -0.358799465034028 -0.281341591860676
0.0130404462218861 0.00434218184773157 -0.432714335738667 0.257725535229758
-0.00772733676917507 -0.00516125012637033 0.0948006563831233 0.391137251939963
-0.0174167506740125 -0.00964378911710381 0.275971587203275 0.0733353362833023
-0.00467959751186537 -0.000857721101912905 0.142388991501039 -0.129299432563887
-0.00503110481450055 0.00686252069887235 -0.0319360125632319 -0.158530206846459
-9.59617907657275E-05 0.0121570521994006 0.0119622778473144 0.120408555307853
0.0030383762673403 0.00110023421564206 -0.117583100680121 0.066473323443822
-0.0113936440124875 -0.0101212075411463 -0.216195849804848 -0.0811135000537569
-0.0111805844659271 -0.010682043098708 -0.0200086843273569 -0.309659270180645
0.00359763828843697 0.00394067003491574 0.372225991495623 -0.176051462075553
0.00256233454352972 0.00625868123841693 0.328756063193428 0.257968165205006
-0.00371803760573335 0.0148928269618579 -0.016109128617543 0.306340760817691
-0.00602246674629253 -6.68159015500727E-05 0.0245065589166004 0.0425637958296182
-0.00537493988035508 -8.47339801542959E-05 0.066728972989331 -0.262966125741047
0.00811018802819895 0.00690393555247916 -0.361042888405353 -0.2715530721629
0.0116279874722441 0.00526863361717371 -0.423994960201913 0.269025162394281
-0.00784587400359629 -0.00248835754543381 0.101669710357157 0.390419280603247
-0.0139711413208712 -0.00940646415482192 0.277197594841077 0.0671403367864205
-0.000343604844952186 -0.00198425170277504 0.14332546716568 -0.133170595827836
-0.00426296023352104 0.00761320204468612 -0.0320542019832483 -0.158517426792609
0.00107925746677556 0.0111381358014976 0.0110005254823249 0.120757642830581
0.00598349110661596 0.00196098498642233 -0.11473078197355 0.0647106789243781
-0.00747425580268479 -0.00720271392212332 -0.21542138055113 -0.0846623100469618
-0.00971923200277917 -0.00784097407452209 -0.0192760619216195 -0.309020017225021
0.00073413395243078 0.00309844409922235 0.375660241915521 -0.169864415140756
0.00120276948440199 0.00309341059505372 0.328972262497472 0.26264157281543
-0.00311857586371276 0.0124935225496433 -0.0161320719248299 0.307303348710591
-0.00597018682059097 -0.00163891611914998 0.0246610519819783 0.0424471974547859
-0.00502884049516285 -0.00298341404551298 0.0658544001378716 -0.263010669775278
0.00646558954504713 0.00290686745500737 -0.360358330582297 -0.265795032107224
0.00929911406497727 0.00587699028547068 -0.420217830142169 0.276335190360325
-0.00552086642142393 0.000146522802021494 0.104019892312728 0.3920379756164
-0.00799644000654892 -0.00853140411477846 0.277034476804095 0.0631754942131692
0.00350877430999751 -0.00281068116591757 0.144809216563195 -0.135401728610283
-0.00296593834017535 0.00675150464628254 -0.0323665973066668 -0.1571584022813
0.00318557048043583 0.00919546430658637 0.0100227041318431 0.121665778836007
0.00923343001116972 0.00272427136799786 -0.112813620821688 0.0648333975478123
-0.0015860350682758 -0.00321604352585318 -0.215604772449728 -0.0853756559955111
-0.00834197231302894 -0.00470186968741979 -0.0242589997871088 -0.307905968284335
-0.00231643585329854 0.00198476940156948 0.374332561039862 -0.170382855223952
-0.000613953703339014 -0.000983500363550024 0.333357347683876 0.258640279671052
-0.00234780346914284 0.00978214080424315 -0.0137621672924374 0.305756353872343
-0.00592909256063202 -0.00228327841384304 0.0259824081242913 0.0415888479334722
-0.00508515974279409 -0.00579287740427473 0.0684450445791074 -0.26366453382436
0.00310640052326861 -0.000795973674262649 -0.356673339641963 -0.269211018626402
0.00560761115323944 0.00633538829688653 -0.422380645958028 0.274015805607791
-0.00194529054852008 0.00263414249877056 0.0986315058319199 0.395145066419785
-0.0014012601176376 -0.00603392831104587 0.275870047536401 0.0636560830268176
0.00661736462558844 -0.0032240675350476 0.148234279377057 -0.135087199400995
-0.00171507585126086 0.00380534177093537 -0.0320956891929019 -0.155794954572818
0.00307995992618722 0.000704500532530153 0.0159021986010582 0.129002245771868
-0.00538131893700935 0.00457418529116661 -0.120556578101239 0.087626026206089
-0.00851805674704802 0.00329028744516387 -0.23062719351602 -0.0472344679639514
-0.00270033563670708 -0.010107020507774 -0.0708140437753912 -0.306507233365677
-0.0016626493600163 -0.00293755240663622 0.329489161815686 -0.243085274244726
-0.00720814740235551 0.00396648207339771 0.351449245241449 0.185710105350385
-0.00767500067839815 0.0164864674724244 0.0122562707407337 0.290459503608495
-0.00823459705597764 0.00501261388990453 0.0264853524328581 0.0375435092817814
-0.0112192295225066 -9.87046583838264E-05 0.0903642236146173 -0.272442651694191
-0.00532204170080036 0.00381552168294061 -0.333489972532297 -0.340766834077228
0.00505603315284518 -0.000891858291436571 -0.472102558793496 0.195825342814387
0.00317889267868978 -0.00619927950068487 0.0448469153738066 0.40144650428829
-0.00712899251085069 0.00168384518106713 0.26577093857294 0.104381553005884
-0.00955241675492087 0.00213012800068406 0.146065516975777 -0.113304194566352
-0.00337094582833116 -0.00584677830624927 -0.0305665150077449 -0.153632076207031
0.0013930480175825 0.00408042459454911 0.01556520602118 0.126831307929113
-0.00590529165855479 0.00398198840601194 -0.122085191728352 0.0845934621674979
-0.013233839638506 -0.000847065245233665 -0.228700411412367 -0.0520736263705136
-0.00587478952362887 -0.0125631942665069 -0.0594485996348944 -0.309441346249977
0.00155988607345163 -0.00105955742207884 0.33823590123598 -0.233302350017643
-0.00364762932187846 0.00694575387702444 0.345724613150231 0.199598528368683
-0.00716950075287979 0.0182881764314607 0.00625934224873173 0.293887693286986
-0.00776455399627995 0.00456128345260753 0.0265024015896516 0.0387360469975188
-0.00997910166403752 0.00192104888654182 0.0853179544409665 -0.27167428749047
-0.0006710823494131 0.00740842647262854 -0.342452746231079 -0.327942827328194
0.00884000305529718 0.000192865827102335 -0.46503619405385 0.207737760294325
-0.00064086789847308 -0.00791297890085285 0.0577905435630406 0.39869829747717
-0.012755636915374 -0.00241980357669188 0.268924811449062 0.0978539849396646
-0.010417642448103 0.00111559563500733 0.143786512637036 -0.117065099596717
-0.00409738730318946 -0.00141034195022558 -0.0307456833999889 -0.155100673553796
0.000505506018615325 0.00750521482607347 0.0153376319155381 0.12430101140968
-0.00578982869247804 0.00264445533359544 -0.122523577742919 0.0802025398960807
-0.0158224588628379 -0.00568866135147863 -0.226092201688085 -0.059048092904741
-0.00890525515278024 -0.0136774645725673 -0.0472019929750131 -0.311297563677775
0.00332506588241889 0.000769475117107415 0.347954504083157 -0.219901688108558
-0.000606007861084229 0.00884384112406201 0.340213871759879 0.215772341071997
-0.006396413991367 0.0191400002583006 -0.000457547249384634 0.298209376018099
-0.007398564932698 0.00426785419065346 0.0251080193623161 0.0396021152868611
-0.00882043672308219 0.00309920566969671 0.0780970328519288 -0.26959343620557
0.00345500270241357 0.00924367407800247 -0.351271425475881 -0.310676766446406
0.0116475967388439 0.00158922521817402 -0.453813645492358 0.227415955575162
-0.00391041078307133 -0.00808385906729051 0.0716737181517169 0.396752175572634
-0.0165625181684261 -0.00608305764126172 0.271614231232671 0.0895715844698026
-0.00962579618771104 0.00037692738600018 0.14248465490186 -0.121460757671139
-0.0055449723370848 0.00263567740656163 -0.0317534660272369 -0.157015335554983
-0.000441075150017637 0.0103262618131482 0.0145232495932628 0.122033215609621
-0.00356834758013415 0.00191597885292463 -0.122129375382256 0.0748669234429364
-0.0165804762197098 -0.0086908726451499 -0.222850466738469 -0.0662493019091711
-0.0108834355773558 -0.0140625612167339 -0.035531886034557 -0.311771037602875
0.0052158538245034 0.00225913256789863 0.358185876746 -0.204170954550884
0.00132031519519483 0.00963192950299669 0.335527983115168 0.232333613578461
-0.00533569258026768 0.0185306176464739 -0.00585849369204757 0.30277524168221
-0.00661249898305182 0.00302569848113192 0.0240959834295772 0.0413371849359345
-0.00694460095631272 0.00297244232881894 0.0732379747492722 -0.267387871677237
0.00699875454639051 0.00971505426017862 -0.355913288936614 -0.295617831568859
0.0136120119304609 0.00296208963209133 -0.441890449050344 0.244089999265463
-0.00696597630930753 -0.00701101839466686 0.0863784524993484 0.393787959836992
-0.0182091190637223 -0.00777225532356054 0.274733677813909 0.0811071301173369
-0.00737704653157468 -0.000447527751244934 0.141576153751496 -0.126325311345769
-0.00565635538222677 0.00514874085455213 -0.0324226229224307 -0.157842210204239
-0.0004940457189002 0.0117218314089559 0.0141231911719478 0.121154185423516
-0.000611235673218155 0.0015351224094322 -0.120694683100884 0.0707647975710828
-0.0151829301045255 -0.0100623196607214 -0.219723964368992 -0.0738587848194435
-0.0114679671978681 -0.0126102444774573 -0.02603521746953 -0.311768993036143
0.0046934301673543 0.00371272299589444 0.367770809138005 -0.189582289414382
0.00266080136784172 0.00888165867409989 0.33298074365358 0.247846692701498
-0.00387087341203596 0.0171110581202621 -0.0124672318522588 0.306155664051209
-0.00632644466189464 0.00149848954811869 0.024910197758179 0.0423864811500972
-0.00624427238140601 0.00157571801052009 0.0686174299761594 -0.265753111867793
0.00870740720870136 0.00881883260335185 -0.361055032656559 -0.281946835394381
0.0132793147556068 0.00381717040249821 -0.430864194189075 0.260524659873378
-0.00760443730754276 -0.00472847151149306 0.0969952137427669 0.392086313017549
-0.0172744139738968 -0.00889910543170269 0.277112189061539 0.0719207029648059
-0.00459999164681313 -0.00125528648314702 0.141919178928819 -0.130798606333644
-0.00494313181555384 0.00743727442807092 -0.032909931715136 -0.158949511154661
0.000476412933271944 0.0120956379249275 0.0127425017022041 0.120902861349035
0.00280480971617419 0.00129537717660274 -0.118259349885684 0.0671846693714143
-0.0116996883846974 -0.00999858422129888 -0.217868965306834 -0.080113226594932
-0.0110763454012069 -0.0104516090098293 -0.0205134367044627 -0.310687600556715
0.0035040974620777 0.00371735105868846 0.373273289103098 -0.178020604100753
0.00241489695954401 0.00674604022689054 0.329647721840756 0.256644873226547
-0.00353880989302394 0.0147965637088055 -0.0156608131007946 0.307668706420857
-0.00590617988395634 5.41507566633453E-05 0.0246015912901371 0.0422674800905791
-0.00500209833702082 -0.000636659105882593 0.0667831120881839 -0.263715040116838
0.00820243573636386 0.00627320244251612 -0.362249312079518 -0.271070728835848
0.0117418382936522 0.00511562123778368 -0.425287662609303 0.272800382546728
-0.00677127309061019 -0.0024378031851757 0.103077438090067 0.391722747989066
-0.0139559585653641 -0.00931638793254582 0.278264944550302 0.0662389106166916
-0.000643158490762059 -0.0018492796597623 0.143580176977718 -0.133924679114103
-0.00446528733730346 0.0076270725248026 -0.0330226754678278 -0.158041347234571
0.00169722507319671 0.0112615747144807 0.0124213180356962 0.12052031050932
0.006376874828158 0.00165080574105553 -0.11513243313247 0.0654803275586229
-0.00753941021375639 -0.00752312258375623 -0.216562703272057 -0.0828630406081587
-0.0095960264886033 -0.00756644067760267 -0.0199785067477832 -0.310390559739611
0.0010277408593358 0.0033953518341048 0.375565497333655 -0.17178730298615
0.00117239683928176 0.00255111141862322 0.331067410019853 0.260785842161422
-0.00268178935730612 0.0122024947290934 -0.0150614699670343 0.308101626476249
-0.00584993913018542 -0.00143068084556643 0.0250446091753557 0.0420674946016552
-0.00491297637024463 -0.00308804183415533 0.0658555325060241 -0.264054270006977
0.00647986237642868 0.00354759414068134 -0.360141382268569 -0.2670772697297
0.00942933935763356 0.00599599683596391 -0.419957218011436 0.278162014718667
-0.00540740571585019 0.000286207493818089 0.105335523056712 0.392827047116119
-0.0085698509108053 -0.00826013120221995 0.278235291543488 0.0613043952240663
0.00357632352342708 -0.00254095053609393 0.144397423818363 -0.136552547265208
-0.00271258022352075 0.00680683787079033 -0.0338467937417128 -0.157538411490577
0.00279074945170643 0.00933947944015785 0.0111984576067128 0.122319515461105
0.00909842209943028 0.00267082573000847 -0.112606885553183 0.0661312035643467
-0.00207429297391166 -0.00362773674260796 -0.215921755031445 -0.0843968159289298
-0.00767054059967208 -0.00386985572911126 -0.0248656384438195 -0.308934892860262
-0.00237442795876394 0.00198778643298983 0.3746528193296 -0.172263942307949
-0.00066038061287726 -0.00094621043976247 0.333725878100511 0.258544200742149
-0.00233424473825914 0.00937665623885408 -0.0126849565864195 0.306857234587009
-0.00596108639486182 -0.0020101957677948 0.0257149100920927 0.0415863362827234
-0.00500294863240031 -0.00562187413420939 0.0681491225030409 -0.264175245046316
0.0033002891243428 -0.000725049833481373 -0.357672937613789 -0.268286616136521
0.00561659185382342 0.0058417272968621 -0.422003559527802 0.277479924305865
-0.00244178064185891 0.00239052007151804 0.100629532574749 0.396184402729922
-0.0016132112776239 -0.00590532279877729 0.277095281565625 0.0621921601211505
0.00700331926813921 -0.00323243334198339 0.147823445158598 -0.136926672221543
-0.00113789392068222 0.00448733912218963 -0.032887152879375 -0.155997241584105
0.00336437463894782 0.000942682456312179 0.0168615460581081 0.128997498768372
-0.005270706968261 0.00491373570447286 -0.120942641407097 0.0892379044011732
-0.00803814954551858 0.00352584846786927 -0.230913356858974 -0.0458914771749978
-0.0029643473400586 -0.0105057829398237 -0.0717357674329054 -0.308000588575538
-0.00174077514844138 -0.00282525537356344 0.330170497044198 -0.245307580634344
-0.00744773028146568 0.00393571732295104 0.352455561247396 0.184822899565112
-0.00740758998870204 0.0170617526408086 0.013403780261904 0.290811966616348
-0.00793862482549362 0.00469255713982198 0.0266609358338617 0.0370745584795734
-0.0114299031333374 0.000116014939281892 0.0902772880720632 -0.273700274467706
-0.00539240701642797 0.0040567881009111 -0.335798005819488 -0.340735132800231
0.00489523379711373 -0.000983495568634136 -0.473191374608079 0.19868877033444
0.00315627986148718 -0.00630592526245475 0.0467071845358372 0.402850099061451
-0.00755038052877883 0.00180609833654377 0.267268519111966 0.103801800976332
-0.00971516713117708 0.00205664670830775 0.146068659289389 -0.11474118535921
-0.00358533763703225 -0.00521932598946256 -0.0316257034568039 -0.153761388899973
0.00147946910722232 0.00412902577061337 0.0169566984023908 0.126556824430572
-0.00602489942548456 0.0037507096525057 -0.122499158352915 0.0856530985761696
-0.0133514914899879 -0.00110321399596534 -0.229508592762107 -0.0505203382353285
-0.00650531779078608 -0.0127912130995563 -0.0609442365566166 -0.310030591914895
0.0012738652437547 -0.000882523065711427 0.338520343276451 -0.235202460735623
-0.00370741078160334 0.00705107234890233 0.347737157984415 0.198630502536162
-0.00691529496933504 0.0183292985251008 0.00770108444574774 0.295564642860533
-0.00751045330286186 0.0044999691295309 0.026083219599289 0.0384118607462626
-0.0103518604918661 0.00193315102027829 0.0846095362842909 -0.272768644982378
-0.00103937492881515 0.00732451447611542 -0.344229975052127 -0.327574199048594
0.00869259696625108 0.000122067360782613 -0.465789674736815 0.21107125768521
-0.00062876855932772 -0.00780481115884446 0.060333933871224 0.399927960234349
-0.0128421895552417 -0.00223146143345683 0.270166219358492 0.0970763336251587
-0.0108179692880529 0.00147503960318289 0.143777674950253 -0.117836337773544
-0.00454085427601196 -0.00167137843289691 -0.0321142423245729 -0.155695707564275
0.000909512529159585 0.00706946270777636 0.0167855487361665 0.124425860159598
-0.00503590026406941 0.00286021583712696 -0.123327683417625 0.0814405792609315
-0.0158136534375821 -0.00525470460124623 -0.226616232121816 -0.057621019537259
-0.00894791512961166 -0.0136283465569196 -0.0482646565962298 -0.311882069444748
0.00400330894541132 0.000924791643649572 0.349379246107963 -0.221390527758115
-0.000772638654115703 0.0091300429434212 0.342622886988782 0.215442370798389
-0.0059582350728361 0.0190457753100512 0.000469912548793249 0.299530625028447
-0.00705608433136331 0.00418357639400741 0.0250221827888582 0.0402869073267908
-0.0090754446336863 0.00314552853763463 0.0786586448127955 -0.270428424214343
0.00298332183865647 0.00924547073183016 -0.352447334421143 -0.311782140556096
0.0119170640961395 0.00123019298565512 -0.454674830748104 0.22976261740993
-0.00411642342826652 -0.0082282667128536 0.0740605608239614 0.398318191399734
-0.0169452730843627 -0.00560469794466538 0.273882068400074 0.0885331134127563
-0.00977065999688932 0.000858234510542858 0.142057766140512 -0.122563312862371
-0.00573940159200973 0.00279290462664064 -0.0332801463858039 -0.157984729872836
-0.000355227832615552 0.00987448421794438 0.016413461293437 0.122494554326422
-0.00319658909627206 0.00168922035689415 -0.122830113986212 0.0756997727931282
-0.0164916065283613 -0.00886651688963347 -0.223328659968207 -0.0643883074840851
-0.0108936119084213 -0.0137694168746229 -0.0370392350622678 -0.312850396537899
0.00487732135904314 0.00248479551017734 0.358803566411324 -0.20659208811483
0.0015074343626931 0.00947170406816854 0.337310524521128 0.231374391286673
-0.00452520065327492 0.0186463080346225 -0.00588485623098878 0.30424818800366
-0.00646038311865305 0.00350609789423805 0.0245107756370825 0.0410074047404908
-0.00737647605169795 0.00269765709142106 0.0725627545378981 -0.269065257404511
0.00653991314247273 0.00990866563407716 -0.359403595825139 -0.295510783635974
0.0132479430399064 0.0025353746331034 -0.443974348209996 0.246911568115265
-0.00654418022521629 -0.00679462430698785 0.0886305957035446 0.394997111992929
-0.0185486157810542 -0.00804464179231263 0.276614690695378 0.0798738570892931
-0.00791007846007947 5.38865880425352E-05 0.142031103024692 -0.127539372866606
-0.00594095118977612 0.00566199735557621 -0.033987961425144 -0.158899409435321
-0.000290030527187745 0.0115785126747287 0.0155516799443196 0.121416932584811
-0.00051995741384939 0.0013345084490092 -0.120771757157988 0.0718861571122456
-0.0156321535188473 -0.0104870478280043 -0.219872725643631 -0.0728275969209318
-0.01178609515019 -0.0130293487507419 -0.0270754994008322 -0.313332870107664
0.00484948385038824 0.00333686611945836 0.368025727270972 -0.191470707030462
0.00277052990046993 0.00876286821608496 0.3336093281085 0.246630957298519
-0.00387113294557599 0.0169959014565868 -0.0118301557765064 0.307397874247376
-0.00626435068380055 0.00209862084357691 0.0251931725343944 0.0420313115405876
-0.00607501302067302 0.00152139668292766 0.0682773483387821 -0.266871438806781
0.00864845562734791 0.00892114668978765 -0.363650922390547 -0.281046913872768
0.0135579570209445 0.00383169041738979 -0.431798814711788 0.264124549679666
-0.00795101129918589 -0.00496032451575945 0.0994095236823395 0.393706564451972
-0.0175551493997209 -0.00917978859211958 0.278177786595527 0.0708248252006719
-0.00433317229682593 -0.000650049730495405 0.141386484887133 -0.131748953476587
-0.00548816569931112 0.00791483725854884 -0.0343173603622223 -0.159374016381929
0.000465961855176392 0.0116713544860885 0.0139549251830639 0.120885068791388
0.00333788362737143 0.0011022607825802 -0.118229940264871 0.0684933647627138
-0.0122208751846704 -0.00999962904776219 -0.217984668521526 -0.0788445836084459
-0.0112744957901046 -0.0101713088467942 -0.0221753568206943 -0.312386027935582
0.00380425654987582 0.0035718396529645 0.374621722412722 -0.179536378480367
0.00267186701982836 0.00665236935417691 0.332615385491162 0.256368578424923
-0.0029951333550131 0.01496612545165 -0.0146493072187825 0.309101408887034
-0.005990265193352 -0.000117886521787347 0.0254438614813985 0.042192613232972
-0.00539208576709097 -0.000287471932249238 0.0660575012229601 -0.265626701096845
0.00811591586638471 0.00646230804847718 -0.364126363556342 -0.270924318116328
0.0117627821656778 0.00490320695090222 -0.426012504666344 0.275038628663565
-0.00738875205225092 -0.00272635078214535 0.105736338823423 0.393319142779288
-0.0139705242491801 -0.00926082619771225 0.279011791714333 0.0651952972265663
-0.000388643274477056 -0.0015469731353221 0.142238059227216 -0.13567825087183
-0.00414529585569072 0.00804711793627178 -0.0354654861063869 -0.159317556787498
0.00167038646763782 0.0110283819780965 0.0132690981612379 0.12130794664499
0.00635639439279868 0.00150378690909593 -0.115467887539397 0.0671753808667903
-0.00724700058317521 -0.0075587560352403 -0.21696834045638 -0.082480315927248
-0.010863546284754 -0.00733915805281773 -0.0220600464238134 -0.311198988763503
0.00078875680129538 0.00330651070740351 0.376602594089129 -0.174670620560737
0.00157414965701427 0.00318561168260015 0.332230329524971 0.2605612224817
-0.00236998933157459 0.0126654353433374 -0.014990690107805 0.308993956072182
-0.00518025209998702 -0.00118235551882598 0.0254860208354635 0.0419945885355007
-0.00511461846073619 -0.0034514330590625 0.0655044174460705 -0.265666159316248
0.00634026523947051 0.00311071318309997 -0.364414396231243 -0.267158329736654
0.00945618280489738 0.00572627536944109 -0.419680989821225 0.280457447910365
-0.00511769091119307 0.000278779808248747 0.10822631251459 0.394079011356868
-0.00830957627103787 -0.00826869875584388 0.279744730760424 0.0607193173420306
0.00303006787222548 -0.00266795825445558 0.144743608688997 -0.138287253449847
-0.00309289445401346 0.00730896174441934 -0.0356117657291119 -0.158276774443885
0.00331868263112518 0.00859820798337869 0.0126973090535817 0.122542250158594
0.00920173961602322 0.00269294469468763 -0.113116864073215 0.0675022023423333
-0.00172552705160714 -0.00358576724686231 -0.216803622665136 -0.0834565831762379
-0.00829118371120243 -0.00468181988875499 -0.0266383596698501 -0.310011894100841
-0.00228172498976291 0.00205742834182602 0.375273305864826 -0.173645627320002
-0.000604956783719067 -0.0010526298120043 0.335864438660695 0.257517745749549
-0.00230891172871622 0.00986944320916109 -0.0122715755270346 0.307864121221972
-0.00550924976160739 -0.00221213958389682 0.0259378793275278 0.041641301769113
-0.00532676023016506 -0.00548525502152681 0.068167257989882 -0.2654260239854
0.00307367876622746 -0.000588793529731034 -0.359715898307043 -0.26902398910273
0.00609543993500743 0.00573113043227733 -0.421936617252519 0.279107031426206
-0.00177514407522625 0.00269575855627902 0.102670108238625 0.397527656171752
-0.0018014206720047 -0.00655221716569847 0.278103556864847 0.0613933860624295
0.00691320242024652 -0.00296557964444702 0.146607675019928 -0.137955068956325
-0.00162738412727959 0.0044724376800368 -0.0350466509772651 -0.157135252176406
0.00328513243901957 0.000784458669422435 0.0183186896353794 0.129134656899769
-0.00522444016171023 0.00451118974653183 -0.120998516734541 0.0905804080358782
-0.00820404404326184 0.00374059834907024 -0.232221053690617 -0.0439496783782695
-0.00330911876940239 -0.010679769130714 -0.0737838848107751 -0.309099322607949
-0.00174200402424534 -0.00277245714518771 0.330649353255592 -0.248381275714425
-0.0078090611049138 0.00368672344917421 0.35351459272538 0.184495476552246
-0.0071528723114974 0.0169661720688107 0.0146866866426726 0.292394122144086
-0.00820361505219873 0.00489423784847788 0.0267948306617275 0.0372373726596216
-0.0116114616618549 0.000314810878442306 0.089911519490508 -0.275596450897151
-0.00590409211150979 0.0039550880896544 -0.338640089327385 -0.340908520448682
0.00536632092914691 -0.00160329085500936 -0.474553536519536 0.201652281751979
0.00275608238541574 -0.00630189455923588 0.0491870209252721 0.404178770063263
-0.00753384183964681 0.00198358664817094 0.268560834510826 0.101947337875065
-0.0099375876685696 0.00245786661109519 0.14516769515729 -0.116081280190921
-0.00368677063853309 -0.00533321114941591 -0.0331091970266689 -0.15437196310408
0.00188176892115411 0.00422404057896555 0.0185620094779575 0.127235683289001
-0.00580155025726414 0.00402499424528031 -0.122546079687327 0.0867708438111799
-0.012966192667326 -0.000868867693451668 -0.230307940238559 -0.0486665490661356
-0.00657069408297899 -0.0126216245622803 -0.0627273974191789 -0.311975745035308
0.00128585133588641 -0.00110652020610068 0.339018693489379 -0.237863368895625
-0.00407477299732159 0.00718877253741358 0.349912675776863 0.198177278834148
-0.00671372972003856 0.0182286339983453 0.00878815541022616 0.296761779619821
-0.00715480768923732 0.00462346462270553 0.0260223444499434 0.0388424974165244
-0.010438325042149 0.00223360119119354 0.0843478747987444 -0.27435918565618
-0.000915036289145831 0.00761758180993487 -0.347646966207059 -0.327638920798735
0.00886715474991437 -0.000277329827315018 -0.467223541989431 0.214869622905676
-0.000567312257968501 -0.00795794415380164 0.062276225132949 0.401974824406094
-0.0128248336083085 -0.00224866148106675 0.272092367019672 0.0951843479327476
-0.0109446978768701 0.00132311638403321 0.142956978096017 -0.119350977287906
-0.00522298145863532 -0.00164309983683896 -0.0343792486777152 -0.156165353674696
0.000237659250232409 0.00706363889342641 0.018206908440979 0.124807888055831
-0.00496858068126283 0.00300784463020453 -0.122855377132237 0.0827445377776552
-0.01600257071531 -0.00511123802940005 -0.227424932738175 -0.0552488894645941
-0.00928936207716581 -0.0136347779767777 -0.0503308878146105 -0.313608637141681
0.00389887384043066 0.00105635822433781 0.349578929841641 -0.224027828113507
-0.000803010140939173 0.00945410803540178 0.344948184035886 0.213647605196806
-0.00522892886140328 0.0189456875882534 0.000828491871668321 0.30119858459537
-0.00710719895902489 0.00421077239669899 0.0259368873754239 0.0401860344150672
-0.00894409711914755 0.00284673617407364 0.0781925377377913 -0.272625987242088
0.0032791255451813 0.00973607849466626 -0.35581562295749 -0.31082233519161
0.0121233590919097 0.000810979077305033 -0.45607802543067 0.232738363562265
-0.00391517876610282 -0.00790260580649607 0.0768499844443389 0.398595087113281
-0.0169163793668923 -0.0053458681371593 0.27529261250638 0.087601927371624
-0.00998737533258976 0.000803029600449147 0.141689362200898 -0.124212204588322
-0.00571908263784811 0.00261947108869522 -0.0347071864872496 -0.157923974874845
-0.000486113840256854 0.0097842961441259 0.0175320120885444 0.122864834240035
-0.00313410038975449 0.00157599490995313 -0.122686207300457 0.0772780297950529
-0.0168902458741984 -0.00836941804544115 -0.224124097846439 -0.063897947583712
-0.0110586237693825 -0.0138693601686664 -0.0389066379708173 -0.314308756964191
0.00451116148211133 0.00220687220132184 0.359120724980878 -0.208682487614748
0.00163388105396521 0.00993566424151718 0.340021962405516 0.230687664989725
-0.00426440126472818 0.0187950829493583 -0.00424079181540213 0.30589252485292
-0.00646897784191345 0.00323905567134065 0.0255361485062766 0.0415404238239917
-0.00736145232367986 0.00270346955989513 0.0726649445490213 -0.270366425235733
0.0065447371159512 0.0095551803265428 -0.362240101357605 -0.295801034108119
0.0137730440270392 0.00233430535901737 -0.443498423898751 0.250965586093898
-0.0064186789563798 -0.00664051468299745 0.0914548292681312 0.396298819883836
-0.0186561513047032 -0.00776531384133327 0.277973788791729 0.0789111581147879
-0.00798104438290395 -0.000209250889009035 0.141400764123817 -0.129333885383253
-0.00599718820560836 0.0056746170248948 -0.0361145120213394 -0.159208164289928
-0.000630505231342469 0.011166749172411 0.016751103927343 0.122136637599579
-0.000161146608986756 0.00103750054097385 -0.120755787398705 0.0732582207136959
-0.015573219182517 -0.0105308063879371 -0.221074644299638 -0.0713377694273955
-0.0120945295386726 -0.0125692058391763 -0.0292783022302267 -0.314522107205417
0.00500655497306478 0.00354921095324413 0.368503700451786 -0.193902615380055
0.00259828469283684 0.00890684100128946 0.335661576916777 0.246375599020285
-0.00333536185203626 0.0171433758600733 -0.0110490434062452 0.308521533282307
-0.00613815854940657 0.00157139989559771 0.0253685536751654 0.0420645372190484
-0.00631245680528014 0.00212906755831319 0.06780078058694 -0.268741188517319
0.00873310014815744 0.00867576695345191 -0.365571382353794 -0.281329492483896
0.0137622821766719 0.00371378381819318 -0.432496022595082 0.266753413867229
-0.00733435496077424 -0.00472074001754187 0.10228802692505 0.39417742298241
-0.0179336352903772 -0.00889426781864086 0.280777901932898 0.0692348330600884
-0.0047402412907875 -0.000922195921812776 0.141294425235937 -0.134128479213455
-0.00549472289839336 0.00771002403063691 -0.0361779783166252 -0.160015224707053
0.000213800627880009 0.0116873832870332 0.0154318798059292 0.120944876558001
0.00308135654510413 0.000462250824907996 -0.118627460675519 0.0692647162697492
-0.0120285784085671 -0.0100891642469908 -0.218926545846227 -0.0775969405224774
-0.0122827315468352 -0.0102563107703084 -0.0233234933913433 -0.313441482654725
0.00338020570025482 0.00379471418268965 0.374414090351669 -0.182619375354542
0.00266492358022227 0.00668574924414291 0.333643619721969 0.255725477921965
-0.00287830634303223 0.015134671643349 -0.0142153589917416 0.310559572919439
-0.0059995669951491 -2.11084758316733E-06 0.0252192161949913 0.0425455536798914
-0.00540623602359827 -0.000729931679035103 0.0661422000205564 -0.266976473245641
0.00798695017704896 0.00636484909691546 -0.367179665816571 -0.271488332797677
0.0122151775718197 0.00472860988575991 -0.425888005057357 0.278861699253712
-0.0074956201449058 -0.00241054784909357 0.108085362099232 0.393210819588078
-0.0139135058688905 -0.00971026907639949 0.281073925607426 0.064279074561635
-0.000587418337518792 -0.00172386262110129 0.142184989489314 -0.137716055712964
-0.00454306094396168 0.00833106602410127 -0.036891125806855 -0.160249001850979
0.00172795638173802 0.0111884068940227 0.0148425530929159 0.121711671937914
0.00681633495396553 0.00121187554319996 -0.115933654439684 0.0679095973160566
-0.00734062916879614 -0.00778263994785474 -0.217758158160774 -0.081137515711616
-0.010516508870329 -0.00741019352759863 -0.0232080889742439 -0.31314964874442
0.000872199004472825 0.00295239713724027 0.377463095198403 -0.177309069998922
0.00156880292793652 0.00282918408181921 0.334589321395457 0.260570024912419
-0.00233606243521197 0.0123020065522721 -0.0137346147563107 0.311436045908126
-0.00544517961940554 -0.00118496660727647 0.0261043492239714 0.0421773111246134
-0.00479499456544741 -0.0027660607566121 0.0643247701043402 -0.266836274900927
0.00654121206356589 0.00291199854100516 -0.366679120685789 -0.264913554318745
0.00975808457071664 0.00586798133889027 -0.421732586503553 0.285036063982109
-0.00534244481096978 0.000574029933688965 0.110132702365182 0.39472376560209
-0.00856076874526189 -0.00805711967288572 0.280927151701275 0.0595768514788023
0.0033313111569379 -0.00263671913116477 0.144274951097963 -0.140236622473241
-0.00311874234115881 0.00784721006508658 -0.0373502743641339 -0.15890949542758
0.00391206040312355 0.00868584648125463 0.0135073575576132 0.12305661329796
0.00924159616682463 0.0024640160767328 -0.112810689432592 0.0685042847545665
-0.00156822681277942 -0.0036994945226211 -0.218108338603872 -0.0823059963501593
-0.00865999932179752 -0.0043749899338072 -0.0273323945382423 -0.311461872863727
-0.0023894284320326 0.00185930658439164 0.376325962385865 -0.176519433053901
-0.000774054948836356 -0.000966843047824027 0.338659716640721 0.257283249839785
-0.00186056745756255 0.00983602513353455 -0.011336646236535 0.309145784266593
-0.00583547062151799 -0.00215572088996326 0.0260913299662668 0.0417972991312262
-0.00531776989854569 -0.00570351846722861 0.0674878155193691 -0.267009288498402
0.00280297790931936 -0.00111333046234686 -0.362414776824544 -0.268630555287248
0.00579980863509457 0.00538951276905484 -0.422657439607484 0.283418297992728
-0.00212839500209043 0.00294816380511362 0.105431535907699 0.399087156768444
-0.00166508396262953 -0.00680349915146819 0.279486648275159 0.0601750644432558
0.00686955309346019 -0.00289689668207204 0.146695189326246 -0.139943827673692
-0.00150455274710167 0.00505300476435237 -0.036898011971348 -0.157142060012545
0.00338469170516315 0.000133935865243017 0.01978478975797 0.12984001780264
-0.00545395190929086 0.0046379328508192 -0.120478000348626 0.0923349838848582
-0.00832329314061569 0.00339757355567383 -0.233412391368952 -0.0420472530298351
-0.0031995101244392 -0.0104989210376077 -0.0757898023303757 -0.31000093949863
-0.00197667686361085 -0.00296333840016798 0.330939711087956 -0.250913763264586
-0.00767225473926786 0.00417572670107547 0.35564317337595 0.183331431468753
-0.00657394762257294 0.0170382840104374 0.01557322862884 0.294126298511673
-0.00710983392161614 0.00505756407607913 0.0275102341225553 0.0375051712488564
-0.0119251961704325 0.000441071990234017 0.0895297429472562 -0.277314343773601
-0.00550475125646613 0.00404401039912416 -0.34167401042662 -0.340437287971979
0.00507277411511199 -0.00141657240163741 -0.475703629254987 0.205366495549873
0.00355720597781014 -0.00678608643949046 0.0513980177246854 0.405641596913911
-0.00711720114564325 0.00184695297731061 0.270776597476788 0.100170050779033
-0.00954448435790519 0.00238645568214967 0.144808143763974 -0.117622597492946
-0.00401847978478771 -0.00542992289499672 -0.035197163567453 -0.154713745670993
0.00180074014756184 0.00385279451778132 0.0197033810976795 0.1277708664607
-0.00579049517822348 0.00384219976219777 -0.122242332250953 0.0885040350127022
-0.0133041327016093 -0.000885447033412318 -0.23116422886909 -0.0471181069693697
-0.00664350674325141 -0.0125265477283494 -0.0646755798712583 -0.312366866144668
0.00109709761382547 -0.0011252785397087 0.339450440324148 -0.242022981133953
-0.00401811524801959 0.00724123813840459 0.351842044791324 0.198467422682117
-0.00604614791300973 0.0188060006880062 0.0101002359469954 0.297864175699557
-0.0073894853777226 0.00513680079681703 0.0265411264600585 0.038293915707684
-0.0102655962690261 0.00227446653870144 0.083394131030438 -0.276007590249786
-0.000897565762602208 0.00756200064797809 -0.350617306702848 -0.327566806056754
0.0089669395670131 -0.000153839296529487 -0.467773489654762 0.219344721679916
-0.000335730929846444 -0.00799450638915733 0.0653198898830283 0.40281538885334
-0.0132094963189458 -0.00207773575219186 0.273882394637097 0.0944594437015791
-0.0107096792452303 0.00154557346250223 0.142937457936592 -0.122087999794362
-0.00507104840288785 -0.00112315531856988 -0.036477455706072 -0.156717820880268
0.000381690144123792 0.00666321242172501 0.0196678593646586 0.125204005057598
-0.00523513024360731 0.00255480147934416 -0.123357679983152 0.0843747304845701
-0.0160855326515941 -0.00529902907402291 -0.228077149062572 -0.0543075059385799
-0.00932698132281046 -0.0133906495025917 -0.0519557953739603 -0.315484341870192
0.00354031908211118 0.00080487635688138 0.350333705587272 -0.226978710816234
-0.00100115943114991 0.00942466174726728 0.346557336209426 0.213556330592164
-0.00513395358043244 0.0192117790099756 0.0028374666092641 0.302704821300618
-0.00733165389107616 0.00448891854826006 0.0262327565803459 0.0405229398284535
-0.00908992249461614 0.00337960609773337 0.0774781810854892 -0.273794239254439
0.00317441049523355 0.00972566832572575 -0.359136189052674 -0.310868098435697
0.0118091412555965 0.000816908678109294 -0.456457015453541 0.23676194640032
-0.00430987990117887 -0.00808387041362659 0.0801401806209567 0.400060972195782
-0.0177324583584261 -0.00569929472328896 0.277207605794053 0.0860039752100604
-0.0101513421281117 0.000858131175074683 0.141333155688372 -0.126000257070681
-0.00622416251554121 0.00262349668150257 -0.036972611958434 -0.159135470182815
-0.000430228208322497 0.0095748660540808 0.0193889668901507 0.122891221571028
-0.00314002170910204 0.00182411103518498 -0.122348225011741 0.0795112706893296
-0.0168498279832766 -0.00843375374016746 -0.224595776670549 -0.0623493345688967
-0.011883325605513 -0.0137132341587753 -0.0408702348330918 -0.314936794924878
0.00487232688691622 0.00235391542646595 0.359464479862027 -0.212394574922342
0.00149284908573167 0.00969097752729333 0.342722655144641 0.22982714184147
-0.0040304823376789 0.0187109244118451 -0.00346861416688618 0.307472166797832
-0.00635604189399791 0.00321299666958715 0.0256208898031002 0.0415608741617951
-0.00806232862159921 0.00304858577035544 0.0717554146221323 -0.271990478100522
0.0064708042041065 0.00961312642274939 -0.364032402950724 -0.29463478724785
0.0139044007268286 0.00223814162236228 -0.444218582758514 0.252950783336556
-0.00670825261630506 -0.00641075393649394 0.0942606928117549 0.398029458839309
-0.0187426998242139 -0.00730077345075804 0.279689820218187 0.0767668938186262
-0.00777035093089169 4.50873994943626E-05 0.140825342651273 -0.130813131163481
-0.00654642734147515 0.00569923871312189 -0.0374638362312139 -0.160310795200865
-0.000249872219752054 0.0110557709326333 0.0181619307484641 0.121930006514115
-0.000259649811342337 0.000773245889423658 -0.120914931090256 0.0747304041473366
-0.0155274113313301 -0.010410256861926 -0.222178337416571 -0.069682945188647
-0.0121918223986509 -0.0125606444229822 -0.031038473474469 -0.316632775678165
0.0046926487205203 0.00350666137700329 0.368554982415737 -0.196824073091856
0.002521939456936 0.00857327691422595 0.338793952727546 0.245354830434508
-0.00305487517635374 0.0171315197716978 -0.00845686788010825 0.31096435637564
-0.00621191156932874 0.00184239160821916 0.0256036244900917 0.0420488456292953
-0.00628266815329131 0.00157878762580039 0.0671750799321115 -0.269788261544306
0.00850086427621274 0.00874932770585868 -0.368981131046809 -0.280294357079412
0.0142830433039167 0.0036392129616878 -0.431732071629002 0.271976036792253
-0.00803253636009447 -0.00466141693072164 0.104573385093019 0.396149875896958
-0.0179352006668613 -0.0083748398148819 0.28207795349991 0.0687631070147633
-0.00451121384500687 -0.000880263296031714 0.140896533197319 -0.135513106591385
-0.00563576703268995 0.00829469047148965 -0.0381056010053294 -0.161065897861174
0.000716617466614024 0.0118147689142276 0.0170887450066112 0.121822063487229
0.00353503452387634 0.000410667908174825 -0.119151041119552 0.0709313841556559
-0.012760918919425 -0.0096913370392385 -0.220030675382397 -0.0759160089859911
-0.0121359390735767 -0.0101166829849431 -0.0256851087917691 -0.315050320786091
0.00302500858327735 0.00358377284405277 0.376105465872892 -0.185313042714737
0.00259243246457476 0.00648562994184952 0.337023027500468 0.255530215975321
-0.00267893777532296 0.0147194133870763 -0.0130538957765995 0.311929175482221
-0.00537310188817595 0.000221663607347359 0.026006708575615 0.0424505754991365
-0.00493167646203 -0.000725556844403793 0.0649976715701675 -0.268756972920722
0.0085331114220545 0.00623464278083287 -0.36940484953776 -0.270690367799156
0.0120293315936144 0.00458042992465645 -0.426187458041185 0.282950767583783
-0.00755788444965951 -0.00189071350245295 0.110812541991549 0.395489253080691
-0.0143852741665258 -0.0092726564081449 0.282266938079632 0.0625596739380632
-0.000488393698688007 -0.00161858545681695 0.141419072239586 -0.139123424475884
-0.00487094504295369 0.00910668073339213 -0.0386064450453357 -0.160179274897503
0.00180016379013064 0.0109274611732722 0.0162678466202085 0.122133798225802
0.00699205081708669 0.00113019293647547 -0.115907581095502 0.0691244500620118
-0.00723404242099527 -0.00732654321622005 -0.218834326507695 -0.0795688031017669
-0.0108589854899554 -0.00724813192327469 -0.0249698016682621 -0.313841545580388
0.000814952322213012 0.00280290315099016 0.378188682400869 -0.179910635039113
0.00127748025071567 0.00281827430784643 0.337437913952082 0.259892535281792
-0.00197409420929108 0.0119432433478456 -0.0119639083348742 0.312705807073835
-0.00557185331340596 -0.00110544597687533 0.0264959408510821 0.0420673676259446
-0.00526539708766527 -0.00280650896411516 0.0641578036012168 -0.269498268419649
0.00651012277829302 0.00274925379628491 -0.369959731663303 -0.265580140695473
0.00948706078815175 0.00554644737099468 -0.422913033811973 0.287712054452379
-0.00505289678461867 0.000545226873202285 0.113707794024112 0.396583122346545
-0.00829955490085997 -0.00827682764959227 0.282012103186341 0.0579918151113859
0.00360254093661638 -0.00241090162426295 0.143126888899861 -0.141805683285915
-0.0031944633249866 0.00779067464605814 -0.0392888703712187 -0.159200942574032
0.00384617933767525 0.00825951857992497 0.0148465743479562 0.123796700449083
0.00907733564121932 0.00221310749159433 -0.113636005928089 0.0697223745617701
-0.00196948875909922 -0.00381365239709318 -0.218551106962692 -0.0810567053278721
-0.00907609437843116 -0.00416997662206437 -0.0295152491837475 -0.312807345467275
-0.00281710638964745 0.00183394038994034 0.377502323569943 -0.179932112505306
-0.00132570668929194 -0.00130052989794791 0.340306136797689 0.256961849430626
-0.00142342937635013 0.0105290067410922 -0.0103065740743038 0.311839530136715
-0.00597754344376785 -0.00233786004279695 0.0265250622096281 0.0414218084575472
-0.00621883453433577 -0.00582784125882813 0.0665079778789478 -0.269100690965407
0.00293988568219348 -0.000731687930718563 -0.365089407284565 -0.268397824836863
0.00636963914477758 0.00559911089647588 -0.421013345267421 0.286155617402902
-0.00188444458445033 0.00279917807991091 0.108833872947445 0.399836841980572
-0.00190650918406867 -0.00646374791163987 0.281326117982572 0.058781090525695
0.00719722392110371 -0.00269207397532382 0.145839873302608 -0.141841371986726
-0.00201666473865525 0.00547859560526638 -0.0384324702446359 -0.157277801782202
0.00308959364773169 0.000332180194332024 0.0220812759038765 0.130332927120742
-0.00461974206817145 0.00485635202589467 -0.120983778365755 0.0936107873545509
-0.00749821374684798 0.00406119293158727 -0.234025673958008 -0.0397398774890704
-0.00354156768893631 -0.0105299760385965 -0.0777412857228498 -0.310856295402923
-0.00195334983871971 -0.00280624203412945 0.330312659944782 -0.254817279731712
-0.00774987760641532 0.00437355899796132 0.359055155542396 0.181795832161581
-0.00642707889519392 0.0171633523181184 0.0170347720929496 0.296446107898371
-0.00763944283773822 0.00452083374381195 0.0278259002539292 0.0375014278500945
-0.0117937255982227 0.000558054487929764 0.0895650965660022 -0.279567606821748
-0.00568352074948061 0.00413629862131048 -0.345971890584418 -0.34088112857493
0.00466624259366641 -0.0015510057394946 -0.476211420946469 0.209324413953919
0.00316414650603585 -0.00647390554390218 0.0546845355130321 0.407829694142008
-0.00700515740606693 0.0018925489101741 0.272805139301166 0.0990125475651332
-0.00968444957351238 0.00314691114666454 0.143909100974822 -0.12025344712833
-0.00384520895982861 -0.00477142110580945 -0.0375659663727009 -0.155456718678633
0.0016346431010034 0.00344827214177546 0.0217465789625564 0.127612037847476
-0.00589702523204742 0.00399868265789748 -0.122491183525355 0.0904238774919262
-0.0132227663262829 -0.00103244863105188 -0.232025352870309 -0.0453875088462155
-0.00718453976884319 -0.0120416884234495 -0.0665322001301537 -0.314089873310377
0.00111489083235915 -0.00126848534750575 0.339343105825788 -0.245297446929743
-0.00400353721862193 0.00746377619825187 0.354691066325256 0.196532547403658
-0.00566712116723276 0.0187413568455456 0.0113810195656114 0.299854301893271
-0.00722775264540357 0.00475879023149516 0.0271101435716675 0.0385621198682726
-0.0104297564592352 0.00256798082935177 0.0833630783644725 -0.278030888092387
-0.00148498323210888 0.00737122949700109 -0.35376842758592 -0.32772128128847
0.008948037780082 -0.000525569873182769 -0.46855686134202 0.224016989199569
-0.000665975540074049 -0.0079249825188177 0.0688502700687608 0.404336457438025
-0.0130030444568359 -0.00178299077387982 0.276129616593772 0.0922762997062095
-0.0105987578192209 0.00171109010487169 0.142336152016386 -0.123278329280369
-0.00587879684634952 -0.000448569257773285 -0.0382876095301126 -0.157689367467885
0.000470345260362971 0.00669450175597184 0.0216442152997229 0.1252287986481
-0.00511191008440639 0.0028555348779658 -0.123577939868927 0.085692248489004
-0.0162335151320841 -0.00500200483045191 -0.228935217349373 -0.0524990002573299
-0.00984777187564513 -0.0132393037879712 -0.0544378500763482 -0.316844179233132
0.00317073785971396 0.00100210836302836 0.350898141600609 -0.231230124141917
-0.00123713992357302 0.00940886214019365 0.348915790367186 0.213659589643182
-0.00461354978571033 0.0191266017439084 0.0043962344742145 0.305153569204851
-0.00676145902727326 0.00472832332711622 0.0267404141350853 0.0399594065257652
-0.00899694784361276 0.00308958682813566 0.076646331414471 -0.276196679406228
0.00331829172554192 0.00928699652118762 -0.362700450711454 -0.310954538066359
0.0118936497479502 0.000709007096902034 -0.456485326310645 0.241748947892491
-0.00471354679275261 -0.00826552353610759 0.083127124074091 0.40190512491104
-0.0175035615317941 -0.00466092645247527 0.279164309571314 0.0845524222822618
-0.00964468898201642 0.00144394564199667 0.140476552346271 -0.12860357433737
-0.00673242385743441 0.00311793882506422 -0.039078674804982 -0.159115448958539
1.69971004512328E-05 0.00914590696945197 0.0209978887301117 0.123492901949249
-0.00295143834346356 0.00151385644858857 -0.122864673744248 0.0807013900942548
-0.0173662108620979 -0.0085586421708964 -0.22592417719565 -0.0605661138860032
-0.0116649864242976 -0.0132670545244932 -0.0433465417198925 -0.317580297173857
0.00486960291299274 0.00236928900686236 0.360663533129542 -0.216098154409631
0.00157874572088354 0.0099548446565273 0.346055301738603 0.229545356044703
-0.00360867603717876 0.0192456759219496 -0.00248957256593929 0.309551242188621
-0.00639007901187382 0.00340013455662502 0.0261368345865395 0.0415257455938091
-0.00767409679889486 0.00288120057590655 0.0711181319694718 -0.274174228381027
0.00666549162701233 0.0100520942087334 -0.366837965120242 -0.294087556510914
0.0138871131563269 0.00183968082664331 -0.445336891139331 0.25902476114415
-0.00714233677199118 -0.00634298050529442 0.0974828455067002 0.399658284076267
-0.0186888069263679 -0.0073206296033017 0.281566936549203 0.0749969575696294
-0.00761770394679522 0.000198386284875738 0.139995737535188 -0.132931625841653
-0.0060232207254799 0.00673324508765588 -0.0401045669335772 -0.160395690465206
-0.000121235861938125 0.0113242487372379 0.019836641747725 0.122306984733435
-0.000334598815822187 0.000448817412510937 -0.121474783620741 0.0763235384083986
-0.0156776663962129 -0.0103261605524832 -0.22319616781896 -0.068266491728766
-0.012932054291924 -0.0123196359263307 -0.03377705044897 -0.317489868519211
0.00488878506058534 0.00342258514615 0.369556603535891 -0.200438686048433
0.00245875913198792 0.00895527738729948 0.341070274012087 0.245250325516686
-0.00309774836534178 0.0176198649302506 -0.00743615531099817 0.312435517012733
-0.00569984860915052 0.00195946369593998 0.026078478281465 0.0419141057097263
-0.0063372720694403 0.00186645335858031 0.0662169196214529 -0.272894412414835
0.00878852513274029 0.00877500754737662 -0.371823521461716 -0.281147118001402
0.0141160630787133 0.00354482158195544 -0.434133232895538 0.274549086414727
-0.00837784815184125 -0.00412388854598373 0.108019633048268 0.397335307036044
-0.0180650192265706 -0.00872263085708361 0.284191271556384 0.0662068611415063
-0.0047213480157939 -0.000557368466025131 0.140179329981211 -0.137557470479106
-0.00538747108862771 0.00823924422562257 -0.040394869613023 -0.161365896343089
0.000622458310145276 0.0112853122467882 0.0186710654945131 0.121784997227735
0.00331852334043076 0.000386293531350135 -0.119011936014992 0.0725846166823131
-0.0123210210421524 -0.0100280056263801 -0.220912824905166 -0.0746210794042858
-0.0119585519568886 -0.00981755988483589 -0.0276449577224725 -0.317050133782414
0.00368449891070456 0.00373432037224534 0.376418665341492 -0.188111186516171
0.0024430686397845 0.00598620551118251 0.33981652901881 0.254735031851876
-0.00169670711905708 0.014954349535077 -0.0112913638870056 0.313762620844688
-0.00605287886089997 0.000183706821394904 0.0254773652908077 0.0423952045815368
-0.00549554166805786 -0.000531162670929366 0.0640108911703195 -0.270822902044838
0.00827563305227316 0.00605496774836097 -0.372501186621051 -0.270242578195371
0.0122123215616976 0.00446303021749793 -0.426961012802414 0.288433610916528
-0.00741524348436132 -0.0020365049906686 0.114934221286848 0.396031351437131
-0.0146520149744173 -0.00883291965162442 0.283885117590391 0.0602957650077983
-0.000714071196401072 -0.00176488135982954 0.140864869233263 -0.14141174516024
-0.00518312862549517 0.00887735548261045 -0.0410096126099583 -0.160585997385236
0.00171932119130823 0.0106624220037181 0.0180022612877065 0.12240910079134
0.00673775458441847 0.000929844007858527 -0.115881757070741 0.0712449439467814
-0.00773574268235598 -0.0078008677638051 -0.220660306052449 -0.0777467551912131
-0.0111433499029014 -0.0070531797581839 -0.0269729949864461 -0.315867463311052
0.000761299496322585 0.00320519157971368 0.378898122430283 -0.183886481811882
0.00167018988430743 0.00319694622769674 0.339935424621078 0.259490690710005
-0.00138524275580844 0.0125638852257053 -0.0109139967904537 0.314602731522286
-0.00560645648198557 -0.00135352019453612 0.0262665785132189 0.0419469399570646
-0.00544811379173109 -0.0031373778705316 0.0631566038006798 -0.270917390846149
0.00625917989633692 0.00236016018416499 -0.373935525723551 -0.26445224492761
0.0100573760920212 0.00471428674831216 -0.421940808423355 0.292594017272651
-0.0053900042731197 0.000683661567056114 0.116436268224057 0.397877753685561
-0.00906486202838512 -0.00842403795993263 0.284494748856027 0.0559514297400509
0.00318043285875235 -0.00242146871857372 0.14271634804496 -0.144021673294807
-0.00340772268882516 0.00803583215839578 -0.0417156062687453 -0.159787766953518
0.00392187128131455 0.00829489969597746 0.0172645279522856 0.123517289753179
0.00948021032011346 0.00185643873925935 -0.113879055160662 0.0708388725132938
-0.00179049937488362 -0.00374214554978513 -0.220301471997969 -0.0794673920422793
-0.00887126426452142 -0.00371709716100168 -0.0314827581142628 -0.315031736222749
-0.00294967436259928 0.00172340109655063 0.378296881034169 -0.182921955887417
-0.000862857757565059 -0.0013649041116319 0.344102390297958 0.255955099914771
-0.00154041285005235 0.00974499819189191 -0.00893817271869356 0.313245499459916
-0.00580774932999116 -0.00239343822376187 0.0267333323436017 0.0416013259761277
-0.00569783760805754 -0.00549745067078398 0.0661679128343289 -0.271311379808604
0.00270356146416785 -0.00114309786593153 -0.369078393164679 -0.269036089412203
0.00579738912890253 0.00482896594778895 -0.423067782493769 0.291786485004618
-0.00224725295239852 0.00278797699002376 0.1120198762054 0.401693164934599
-0.00216354155493373 -0.00612552993214882 0.282961402543239 0.0568923486082604
0.00669899730436524 -0.00295172862166566 0.145479082360479 -0.143938914831921
-0.0016747190288449 0.00563318066756627 -0.0401065003537067 -0.157940544533922
0.00361234428564027 -0.000166504995419126 0.0233796523091629 0.130238010787057
-0.00513421752042602 0.00500185368036947 -0.120699150759838 0.0955460642571144
-0.0080072723552846 0.00338443700517994 -0.235388002039674 -0.0382555064942903
-0.00397673457415052 -0.010545779278291 -0.0809873774335662 -0.312420596195877
-0.00201175075574541 -0.00263790737094372 0.330098653144224 -0.258611390688364
-0.00815140798136947 0.00466515507087868 0.361811891221195 0.180469923374183
-0.00616285985354498 0.0175125872450099 0.0192046901277513 0.297335497698278
-0.00728152572596169 0.00533268093553058 0.028306908212779 0.0375135162990565
-0.0115858131547427 0.000642826636958687 0.0877999984882199 -0.28157505164384
-0.00609670813937133 0.00408460655409944 -0.349515025590626 -0.340020268840225
0.0049891919744599 -0.00174331618551953 -0.477343944671349 0.213536205185534
0.0027657360895807 -0.00662744604780687 0.0581548655803142 0.4093144870861
-0.0069356425571345 0.00214833251089637 0.27523927459862 0.0973077968148587
-0.00993274193292861 0.00288725370752679 0.143640521768613 -0.121830906451465
-0.00433690516267143 -0.0043611578242574 -0.0403663375527863 -0.155522148230682
0.00198693404067711 0.00301125190239243 0.0239171034710553 0.127822597886938
-0.00582284698897173 0.00393693118037936 -0.122695308598417 0.0927063816744503
-0.0130621299099916 -0.000522750682901138 -0.232904705777589 -0.0432686281509702
-0.00755710218571238 -0.0120975828010463 -0.0697233618442488 -0.315315778021525
0.00100913175212542 -0.000972142656799575 0.339277975420855 -0.249662982380178
-0.00439408728506652 0.00784842052558301 0.356700849841619 0.194837497832781
-0.00532589799910562 0.0189571795943241 0.0132555729257983 0.301980189088429
-0.00647725524587067 0.00485499839171342 0.0273893248017719 0.039080024176797
-0.0101879909840359 0.00262747585198021 0.0817144167132422 -0.279982767397079
-0.00167508367893956 0.00789896297439039 -0.357456282925728 -0.327234059768017
0.00860439120113281 -0.000380830267976669 -0.468816758909853 0.228420132694685
-0.000799918010338874 -0.00784488625444395 0.0721764023295564 0.406360376151329
-0.0134931106887363 -0.00134800739600839 0.277991919268107 0.0909707897576735
-0.0105551166606807 0.00254678188951241 0.142082940413798 -0.125545635309285
-0.00528837215212232 -0.000776819773237254 -0.0409978130854925 -0.157555426010713
0.000385321646354212 0.00622371681468751 0.0234779033735892 0.125619040062913
-0.00508920603519482 0.00261862190095977 -0.123247097984028 0.0878838460647824
-0.0163495076750218 -0.00465678160565625 -0.230566287930695 -0.0507379490018781
-0.00983405779366962 -0.0131575538290401 -0.0567194721518956 -0.3173128299618
0.00337905180376593 0.000617866253610466 0.350625518778853 -0.235156582161357
-0.00117726286028865 0.00949678573703742 0.352604303234916 0.211631702798647
-0.00449119594515795 0.0194662495470255 0.00607375572521421 0.306413855900063
-0.00648866028380343 0.00440463458555786 0.0265152546706067 0.040340327047077
-0.00946301873454093 0.00308274701585834 0.0758243329392495 -0.278404773342999
0.00325612385638831 0.00921689724763702 -0.365913907762807 -0.308797410778842
0.0119197340924799 0.000613234553656064 -0.457485104906708 0.245666564443177
-0.00389754333553171 -0.00760027308641852 0.0868165006962267 0.402933025398193
-0.0174891786201855 -0.00466923939393829 0.281225963377337 0.0824878819597037
-0.0102673194138698 0.0012013500297592 0.140114529950696 -0.129616073596693
-0.00637605107242325 0.00362180734428853 -0.0418859387643589 -0.160017857217761
-0.000129498151675939 0.0090374650395573 0.0227099688233349 0.123896120885123
-0.00320799312129338 0.00140182167950014 -0.122688011207905 0.0827295234407463
-0.0175731942281801 -0.008363484638782 -0.226876181274162 -0.0583995788489017
-0.0120759634893542 -0.0133326814310558 -0.0456826828763145 -0.318563702702058
0.0047554741534946 0.00269769635100577 0.360828012150187 -0.220507145299635
0.00168955551691255 0.0103623188554067 0.347591705874872 0.228213974684314
-0.00351899706723637 0.0190523331038464 3.29946750874869E-05 0.31085971121107
-0.00625928995313931 0.00297890319044252 0.0267855236184356 0.0412628894402821
-0.00783705953069203 0.00290769846890719 0.0698192816254903 -0.276768903189504
0.00695851829473274 0.0095525426765839 -0.370482304586733 -0.293750426107194
0.0141603370441079 0.00171024038951829 -0.445010130985457 0.264218126328799
-0.00667073476477537 -0.00674895098572647 0.101323078841568 0.400164888446394
-0.0193287946015733 -0.00693540644761776 0.283869616378929 0.0733871749335189
-0.00802871844819492 0.000639915549175823 0.139037889094339 -0.135005762819382
-0.00651254448647343 0.00665555941458563 -0.042776845968797 -0.160533225806167
0.000128554900053097 0.0110133242197248 0.0218533246260378 0.122560393329737
-0.00031603907224961 0.00039390138861887 -0.120821065882549 0.0778832428855669
-0.0160507596956219 -0.00997067977794967 -0.224354453031165 -0.0664353964557383
-0.0129866511777755 -0.0122230569966522 -0.0361907549707246 -0.319249732292459
0.00454676505818008 0.00382649152692657 0.370887278994123 -0.203858071256442
0.00254805492292765 0.00895821173028805 0.345457898467235 0.243493493386024
-0.00246069945570009 0.0170970229216071 -0.00640776516601679 0.313830967063041
-0.00614294911465129 0.00179372438284206 0.0266067519961696 0.0422197801793137
-0.00636755113668272 0.0017075085403976 0.0655590589223522 -0.275078049362054
0.00841118566677904 0.00863248951084738 -0.374691053192158 -0.279006223367673
0.0139508452183157 0.002898628343827 -0.435113287363338 0.280078415403048
-0.00786697204851361 -0.00446337770613709 0.112337590908018 0.398729309392277
-0.0183380058204124 -0.00888867330340039 0.285919457314748 0.0644477643130299
-0.00437514806781349 -0.000333413664138934 0.139197414308669 -0.139421444801522
-0.00573081985096594 0.0084843265820536 -0.0432564812896043 -0.161119654070684
0.000659036993527804 0.0116014198854006 0.0208675101988775 0.121960332091259
0.00361744950874686 0.000299012315360138 -0.118710893027687 0.0739471160859962
-0.0125607832600279 -0.0099784185220159 -0.222179287723407 -0.0723717306904056
-0.0125671876714363 -0.00965838768333259 -0.0298869609541946 -0.317996130105792
0.0032350209223095 0.00371591921036525 0.376757492059306 -0.193065273943303
0.00226909772332962 0.00664374720939824 0.342183303370713 0.253607441752503
-0.0017441667476031 0.0147901662253244 -0.00896565918622226 0.31577324074571
-0.0060236073037012 -0.000199483552398392 0.0267996348039445 0.0421086968521692
-0.00561447576365057 -0.000617948503499043 0.063156231789956 -0.273458764054538
0.00830070003218374 0.00611585056419219 -0.375586511197998 -0.269268167520202
0.0125744835969597 0.00419085411658291 -0.426762239520715 0.29145198701269
-0.00754523942891829 -0.00230004950355386 0.118648588079153 0.398083883952897
-0.0148108085409133 -0.00851774636494492 0.286089591880143 0.0582222778461522
-0.000570574875822077 -0.00136964024902044 0.14033449579498 -0.14317430673761
-0.00478070963509943 0.00910541065885931 -0.0432323119700299 -0.160840840204504
0.00203699108189611 0.0103718546405335 0.0196654622837855 0.122551175449874
0.00652078413262636 0.000779397508734181 -0.115551720974615 0.0727760451800772
-0.00773644788705656 -0.00747919353361235 -0.221577671840099 -0.0758470462759796
-0.0114461054821945 -0.00654503721495001 -0.0302247387996255 -0.317498209880849
0.000556636195485898 0.00317604865396421 0.379026794846691 -0.188313292489077
0.00132420449297507 0.00300058055554775 0.343549348385632 0.257133961608336
-0.00165809644660636 0.012467007813862 -0.00859935072588773 0.316271200418107
-0.00566807663375481 -0.00141546278871438 0.0269762465190164 0.0421683705089169
-0.0059175472705271 -0.00282326791000844 0.0623223161184584 -0.273104511474832
0.00632005498317945 0.00263476213384145 -0.376808284147406 -0.264005622490168
0.0102381312073612 0.00500805098936726 -0.420725573121746 0.297226054378095
-0.00567118331321377 0.00086663434812397 0.121448887274978 0.398323036995248
-0.00914170756250559 -0.00794954892787464 0.286104976149435 0.054387934236779
0.00341163143281722 -0.00225090968007848 0.141719672013904 -0.145865848778229
-0.00337589260761744 0.00794676220848633 -0.0442719972307525 -0.159789522405589
0.00392415447598407 0.0083532577346423 0.0190559780348509 0.124213422207273
0.0100884409672753 0.00142775913502626 -0.11346538622796 0.0725082375513928
-0.00207750137473826 -0.00359898455474923 -0.222502009730919 -0.077496989108995
-0.00889118014175578 -0.00362813154701992 -0.0346919558601865 -0.315653188437881
-0.00291146180174731 0.00185336486710967 0.378309764410853 -0.18759565255444
-0.00146481316486889 -0.00116258493451956 0.347938761972529 0.254439721884833
-0.000810690771160318 0.00971045791136596 -0.00711396731056935 0.314376487112348
-0.00565534072899549 -0.0019429470970305 0.0273851494667007 0.0409472557198341
-0.00588102393985993 -0.00573737748621 0.0649231086625449 -0.273245319208732
0.00255642054855062 -0.0010695107525509 -0.371142172552846 -0.266699010462211
0.00558421976542127 0.0043852221125324 -0.421886307884968 0.298401209854818
-0.00193017946567943 0.00349282452386377 0.115838538435858 0.401894963136945
-0.00171530905506538 -0.00627480602669141 0.284649053746689 0.0542052392165167
0.00714336382619699 -0.00293011468413863 0.144645278621855 -0.145893844888928
-0.00167589225458993 0.00569604884019761 -0.0433778926417424 -0.158387417619469
0.00294545208081876 -0.000685038980492828 0.0260627839975233 0.130617023580388
-0.00442141946090843 0.0048165151201039 -0.119874635401667 0.0978608531384873
-0.00788723692742408 0.00425476163276045 -0.236431657008598 -0.0359436665637694
-0.00402580543711456 -0.0100780067538935 -0.0838369415287897 -0.313207708338539
-0.00224296483692963 -0.00271753938008082 0.32954381320108 -0.263150718229367
-0.00807037358885948 0.00495321283553351 0.363192894306813 0.178572775475195
-0.00552804349001968 0.0173198920063012 0.0210795953137694 0.298811775122999
-0.00720164804730334 0.00526874282694186 0.0283042897005768 0.0372732548375418
-0.0118228276071736 0.000786431010394519 0.086200031102301 -0.283608795381237
-0.00604370485221805 0.00444667982871304 -0.352348122386339 -0.339525833620453
0.00475402879937412 -0.00190195291797288 -0.47749918720501 0.22048408748007
0.00284677465469626 -0.00651109238080034 0.0635852998758144 0.410454986467781
-0.00702413878206153 0.00238343337073878 0.276876592416249 0.0948337509381611
-0.00954462013647261 0.00307614677956737 0.142321773135011 -0.124021823191476
-0.00464911478459605 -0.00403593748729812 -0.0427664596541734 -0.156027185345583
0.00186486605530627 0.00313264267024782 0.0256405146320088 0.128056837525344
-0.00592313466010172 0.0038677627804259 -0.121515059797211 0.0943586244770841
-0.0129231877303893 -0.000329603869465381 -0.233255866581415 -0.0409556618599463
-0.00761926864497882 -0.012014268796088 -0.0725717483482316 -0.316176078982915
0.000934067936124991 -0.00118568153061595 0.338370705209824 -0.253582801416749
-0.00421640707476788 0.00786766970796044 0.359296571084639 0.192071799846295
-0.00500776543674617 0.01910915521244 0.0154052518671357 0.303661012327922
-0.00675489915107148 0.00541644141076681 0.0277261996512119 0.0390691475842654
-0.0103899281100059 0.00242986680555487 0.0798854256954835 -0.282236312469651
-0.00115147767970416 0.00721219973254184 -0.361419138120033 -0.326060143809892
0.00832960177256876 -0.000841057897666847 -0.468926546909811 0.234714976172893
-0.000929481214175971 -0.00822819117731885 0.076590729987883 0.406735192766981
-0.0134076634860996 -0.00133312570208894 0.280052355786646 0.0888064621504641
-0.0108218458787455 0.00262986524668088 0.140009529000331 -0.127477899705443
-0.00561752939022473 -0.000306490382986287 -0.0436707698871106 -0.157734360148541
0.000780630914367443 0.00652397640245762 0.025798919904483 0.125538438413853
-0.00524865359634529 0.00242886383031407 -0.122710874461471 0.0899151056252782
-0.0164563906859121 -0.00522748274120762 -0.230866239408875 -0.0476448196103972
-0.010677029001776 -0.0133360023910803 -0.0604815236192321 -0.318835237813173
0.00333563963346725 0.00101111995624178 0.350122688366646 -0.238987988602864
-0.000899743571314079 0.00975258960839049 0.354747900142861 0.210241804820905
-0.00413369422795673 0.0194724095486335 0.00842897895196323 0.308221191014409
-0.00644322128282261 0.00433502987708159 0.0274328010758749 0.0399950664345686
-0.00907832385298942 0.00346845394346521 0.073889684743485 -0.279621815985965
0.00303569554216711 0.00954968870994722 -0.371031996786626 -0.306458348268719
0.0117241226050696 -0.000171141094307694 -0.457266471716349 0.251800329487913
-0.00445255916700189 -0.0078024873041882 0.0906879780626767 0.403990813565119
-0.0175872705917498 -0.00439949709828745 0.28292294409096 0.0798100202891612
-0.0100217642620426 0.00195364332410865 0.138551790129163 -0.131784711474836
-0.006335736972409 0.00385253868630264 -0.044656388678263 -0.159936963838691
0.000417514162877854 0.00951343882461035 0.024824774382195 0.124182669694648
-0.00289294156104757 0.00107884935961825 -0.122321821005284 0.0845064922004551
-0.0175983082897062 -0.00822246718705871 -0.228392665346876 -0.0558759497415402
-0.0123768592860647 -0.013203004715025 -0.0491423597308661 -0.319729141330889
0.00484980425388483 0.00233950611639891 0.359729780507589 -0.224678658192078
0.00145497579875943 0.0104111778232938 0.351455491517632 0.224956093058687
-0.0030129359936846 0.0189786986865652 0.0029823932260117 0.313003308716525
-0.00607855953300956 0.00331403536862088 0.0269008662865968 0.0412914084821989
-0.00776793631999527 0.00341337488972085 0.0674533775842047 -0.27880551008087
0.00672032878577601 0.00961265185357606 -0.37578550529581 -0.290449879794311
0.0138115056236459 0.00161857277609878 -0.444479319259937 0.269386608918903
-0.00686806675282233 -0.00653906415971985 0.105412915697841 0.401326019399989
-0.0191067671577008 -0.00684384545897301 0.285757872975342 0.070610086719626
-0.00828248954518145 0.00064216835579206 0.138284260340133 -0.137324001881028
-0.0066929475122984 0.00720728317610113 -0.0451881785836472 -0.160117581352905
8.69133317019611E-05 0.0108431675440771 0.023686546096682 0.122514778951568
-9.25755777824058E-05 0.000127921226899779 -0.120478582548114 0.0799134893477935
-0.0161216001405398 -0.0105689565291984 -0.225583944723442 -0.0644064228782893
-0.0134963811530434 -0.0118331473698342 -0.0392767111571747 -0.321058724977677
0.00512179100299743 0.00351907146705652 0.369858207969769 -0.209662265017673
0.00305923109844515 0.00953389332214626 0.34786536760925 0.242476824957775
-0.00206127060073918 0.0173888432098072 -0.00334197253896102 0.316066336381199
-0.00618621117350288 0.0015287745477716 0.0271800003515083 0.0421718007146744
-0.00649998991987368 0.00202494665017565 0.0635109404183813 -0.276558377039022
0.0087408235267655 0.00807710255861015 -0.379774619070307 -0.277379591045317
0.0139766492274282 0.00268889911534161 -0.432867556454426 0.286269264872018
-0.00785607901751828 -0.0043347281155249 0.116422738547364 0.399338992876987
-0.0184976503711494 -0.00813346719733079 0.287376027029014 0.0620787304332054
-0.00454268203364122 -0.000259876695008101 0.137901345065467 -0.141367681161823
-0.005870862116241 0.0088186419994943 -0.0460383393965408 -0.161089885131949
0.00108504942011978 0.011260540395028 0.0230416327912998 0.122161423263187
0.0033745692498492 -0.000272069204731861 -0.118580762892475 0.0761628412644092
-0.0130161947305533 -0.00989019128145408 -0.223576388581419 -0.0704256368556526
-0.0128442961948986 -0.00946559697887658 -0.0332503344000223 -0.319501941360096
0.00341137440816118 0.00388446832067118 0.376715219109925 -0.197876151727214
0.00266199447829348 0.00624977907019816 0.345661871574978 0.250884559111811
-0.00151168026127501 0.0151303245057454 -0.00654030326843369 0.31786224382996
-0.00564063141744547 0.00033921191385197 0.0267578989110206 0.0425247623238926
-0.00576668392331903 -0.000235520098067873 0.0613693149760548 -0.275375233714466
0.00807663296035504 0.00570628342358544 -0.379412126932571 -0.267958125373234
0.012618290304254 0.00433078837624989 -0.426213882675746 0.297600831908061
-0.00737608509544056 -0.0016677438486962 0.122748824397937 0.398262747864914
-0.0153363056459027 -0.00855322961631581 0.287983634127864 0.0557762604468303
-0.000480950584073304 -0.00146185941710169 0.138698626938999 -0.145832818284821
-0.00430906786749858 0.00964475153288559 -0.0456675199286607 -0.160733163405915
0.00222752151802948 0.010130359530705 0.0222778422640738 0.122631849931788
0.00709097533099315 0.000442782815895765 -0.115736662599987 0.0744774493316837
-0.00814769229554223 -0.00748548382651387 -0.222676730162858 -0.0737198167244938
-0.0115996328808956 -0.00632191299023365 -0.0330493642891543 -0.318630575544569
0.000522124762321421 0.00357419094185341 0.379532738727143 -0.192550689747734
0.00124548731250845 0.0030359071193873 0.346858492059525 0.255649090669059
-0.00130277498850848 0.0121945573933254 -0.00666696177432225 0.317958207366579
-0.00540578269430915 -0.00134867850243239 0.0273566827793784 0.0418658150825733
-0.00582411926162919 -0.0031308967141184 0.0608734001305671 -0.275518136124944
0.00599177151052213 0.0025539697611226 -0.380454800647653 -0.262532194264712
0.0100500804850774 0.00464604876449062 -0.420214936283222 0.304398937968388
-0.00481916346473675 0.000863341691842301 0.125573345554304 0.399634557668006
-0.0091674583940658 -0.00799965888269973 0.287703667156402 0.0518837561374981
0.00329681721005751 -0.00236902734429389 0.140311365338219 -0.148081068365518
-0.00348190851079403 0.00860777869550635 -0.046870074026532 -0.159748670235405
0.0042822254122475 0.00853783867484363 0.020996595255511 0.123747334092521
0.00959793809070936 0.0014455405265698 -0.112635425223583 0.0744820898598122
-0.00201048743783277 -0.00385061490076261 -0.222780280493267 -0.0745658986433366
-0.00932949476886465 -0.00313852590709243 -0.0384262503799704 -0.316695516263846
-0.00291116297919566 0.00222794556454227 0.378858056865433 -0.192267427082637
-0.001433931205488 -0.000686496373033055 0.350603519643006 0.252833531277545
-0.000910542147920746 0.0103902936768706 -0.00370457187068618 0.316705822862393
-0.00585356661770412 -0.00204393175452091 0.0280033279839019 0.0410321459484438
-0.00595595825354581 -0.005469265213188 0.0629651922069351 -0.276007774979691
0.00257734342322031 -0.00124220055758107 -0.375533757046217 -0.264946368340034
0.00657643909160695 0.00422172987349614 -0.420589932093994 0.301938318443365
-0.00165563812230476 0.00295622355100522 0.121414058834473 0.403301799825398
-0.00209403172089277 -0.0064642437365121 0.285777782590558 0.0517403419126082
0.00749599080301492 -0.00318092673187892 0.143146832009903 -0.148452279168467
-0.0014612153059054 0.00588861225860524 -0.0460104612847568 -0.157411270629153
0.00333088194959992 -0.000725838272950392 0.0284672625665596 0.130111846842071
-0.00491816279661374 0.00462570882067499 -0.119398163703493 0.0997916789452584
-0.00833846948127055 0.00389513180040653 -0.235848461088296 -0.0328879731876747
-0.00398124173351202 -0.0100698328756355 -0.0874495939918253 -0.313657258005761
-0.00273107030100565 -0.0022140302821994 0.328565168527179 -0.267731697160123
-0.00855919871032081 0.00514652547179411 0.366841182874413 0.175534754233103
-0.00546372826201477 0.0174569063915265 0.0241203981609833 0.300221517144137
-0.00695025937976726 0.00502561419570433 0.0289850853098816 0.0375181215594048
-0.0115698723734764 0.000666546676290974 0.0841444475107482 -0.286282169842987
-0.00618266094861251 0.00469269833058359 -0.357056698763093 -0.336348103631316
0.00460946496013653 -0.00226200602967351 -0.477559084655907 0.225746234452896
0.00298763303417561 -0.00666019001340594 0.0683266450538246 0.410575686943082
-0.00717630368193413 0.0022702916971203 0.279086240727386 0.0918522612808712
-0.00968049736708886 0.00326859169079279 0.140991574798801 -0.125806434717936
-0.00465882791239244 -0.00450912941109546 -0.0453556828971244 -0.155591445179657
0.00191390295263541 0.00261531070107104 0.0278598337883572 0.127887765618085
-0.00568405509158851 0.00370855470687209 -0.121057250338262 0.0958655481779128
-0.0131103686570079 -0.000465584928556415 -0.234244487999116 -0.0380762206973411
-0.00813386521963811 -0.0122699521837367 -0.0762860104960604 -0.316853567045848
0.000578236302449995 -0.000650799245818873 0.337243383161183 -0.258897342390854
-0.00438335848806827 0.00788967317624036 0.362628402366433 0.189605421348796
-0.00440066707004664 0.0190737323480236 0.0183398857688962 0.304384389911145
-0.00707016076946834 0.00530179759524299 0.0287608289276378 0.038785556657831
-0.0105435563529416 0.00303003066366131 0.078723966791977 -0.284457119512157
-0.00145449231016447 0.0079825994035987 -0.367012428753775 -0.323304090026506
0.00866444116971445 -0.00133323483406522 -0.468872211220043 0.238881273661662
-0.000526021810472292 -0.00803185234069458 0.0805541597153924 0.407240245525681
-0.0133270277607655 -0.000827386413989497 0.28125697825867 0.0853694132977945
-0.0107263763573146 0.00273792987975948 0.138897300470473 -0.129710553656646
-0.00607794106023015 2.26112741044324E-05 -0.0469847955571149 -0.157495505450996
0.00110342883439139 0.00614142033593619 0.0278900695003471 0.125365240110422
-0.00500131292199875 0.00257127355952051 -0.122312526256974 0.0916558257888634
-0.0172181545899725 -0.0040626587933516 -0.231627807375618 -0.0451043355846216
-0.010971924193429 -0.0131172324265961 -0.0636144295092738 -0.31998843814715
0.00348835159784052 0.00109715966983865 0.348486695958467 -0.243496510081057
-0.000996248567952635 0.00962177602557249 0.357422028091167 0.207295204152132
-0.00320746752083701 0.0192709813521169 0.0109411067173927 0.309656953016007
-0.00638713412675685 0.00433954436047782 0.02817659828701 0.0399077256760185
-0.00896308681423738 0.00375305415595499 0.0719178894672108 -0.282610130137937
0.00328337105269266 0.00938289978460486 -0.374584812035 -0.306412521633591
0.0122210091397486 1.98602531702634E-05 -0.454450734398439 0.25760777531958
-0.00405874956500608 -0.00755638457281017 0.096151320258445 0.404551560424624
-0.0174620156753665 -0.00419291984298191 0.285086923189693 0.0764014313546733
-0.0101874747082115 0.00173313689126884 0.137144164412722 -0.133891227263645
-0.00684556503642496 0.00410698119994397 -0.0475108443962022 -0.159186535984994
-0.000106307403771943 0.0088370933734196 0.0271373623992645 0.123776190254875
-0.00279085019003467 0.000725550586592722 -0.121729017436335 0.0867311097380929
-0.0178302597735422 -0.00788937028289435 -0.229392316765386 -0.0530576421671384
-0.0128725738677018 -0.0123762908171056 -0.05237774504814 -0.320830686725429
0.00462669911631081 0.00247414108980118 0.359446162962274 -0.22852739552512
0.00139279473238475 0.0101543296696978 0.353549715650001 0.223948297085553
-0.00253625576434419 0.0189414114610665 0.00533814037833994 0.314256922627385
-0.00651177220848653 0.00329062075939851 0.0279543319782362 0.0412557442658545
-0.00772355052651388 0.00317366097871703 0.0664299104887288 -0.280762887602298
0.00701474843641603 0.00989372855097054 -0.380018755375073 -0.288837798032953
0.0139844636706558 0.000674517526660416 -0.443672188360412 0.275143733866799
-0.00659615450975289 -0.00627778968889917 0.11003597548249 0.402323913155448
-0.0198923002214883 -0.00626653481410983 0.287045151701117 0.0675492043797176
-0.00776703303017525 0.000860643729215454 0.136372114004142 -0.139501924932184
-0.00687045551689074 0.00742714967781258 -0.0487003824536052 -0.16048681726856
0.000159054091884219 0.0105953651414496 0.0264838899356818 0.122731824684631
-0.000511182788394385 0.00023864652525734 -0.120266201847249 0.0816002788346739
-0.0164953687476742 -0.0101841906223941 -0.226480518208838 -0.0611741735955919
-0.0134406467417385 -0.0114856978324987 -0.0430093035178468 -0.3212291700301
0.0050683411974712 0.00414999366170006 0.370043815249076 -0.214019200304669
0.002657119410695 0.00908608107595723 0.351642863846528 0.239711631626761
-0.00181746240009726 0.0175718382549738 -0.00054818059282491 0.31744199214937
-0.005953035666521 0.0015692627476402 0.0277305759108395 0.0419695174506379
-0.00636960835104075 0.00186057838587093 0.0618661778532029 -0.278949178613039
0.00822779519964472 0.00849436581897209 -0.382991256802644 -0.275841763539318
0.0139133083703609 0.00266216435863961 -0.430482973466591 0.291484816880411
-0.00787424566498915 -0.00418872605318872 0.121271015730618 0.399581134091152
-0.0188390881433286 -0.00787345865191202 0.288572795097889 0.0590330972073608
-0.00493874937950153 -0.00024525322256457 0.136272044114014 -0.143649374896232
-0.00622853400469031 0.00923568584936434 -0.0488003502324229 -0.161072162923309
0.00110157361768404 0.0109301724312995 0.0253053386995101 0.121973233106114
0.00347740807673014 -0.000211958848361281 -0.117976500090765 0.0784857911394214
-0.0131023674882459 -0.0096804358937795 -0.224718457942696 -0.0676381117689694
-0.0134330968175175 -0.00903604529274927 -0.0362336069069024 -0.320360259721354
0.00344650497682536 0.00442866118041864 0.375843618874988 -0.201984910521932
0.00287649336032032 0.00665278585174503 0.349399192888466 0.250139725169612
-0.000901795274950692 0.0149562142640808 -0.00402025496971237 0.318697243207422
-0.00555333447333698 4.91967306955143E-05 0.0272171118802292 0.0417600407291329
-0.00531781080696648 -0.000584848940646933 0.0591477953848989 -0.277340815237085
0.008158029285778 0.00560714376930663 -0.384267395276559 -0.265160255724622
0.0127734021708117 0.00365895795437281 -0.424444981122724 0.303366964517301
-0.00751766528223275 -0.00172343273338538 0.127543871698693 0.398774476283007
-0.014818845406901 -0.0087718363530321 0.289289090793096 0.0532777449732439
-0.000459285346762909 -0.00140384625477145 0.136859871984355 -0.147914074710335
-0.00479535895795417 0.00984950026643933 -0.0491964330397013 -0.160516056872181
0.00233276637629978 0.0101076114109579 0.0247632440006714 0.122764299036488
0.0068750500670871 -0.000117718277915926 -0.114805743434338 0.0763039425870287
-0.00805513073311911 -0.00726973535359257 -0.223370357930064 -0.0716777618871166
-0.0116412757987441 -0.00617252193942453 -0.0368409347200678 -0.318861725423029
0.000425720765692801 0.00402189522065324 0.37882137600418 -0.196612428285658
0.0016195329244356 0.00291599060856213 0.349481972265055 0.253347325156892
-0.000758700896319237 0.0122945435809127 -0.00297916999024747 0.31952834869658
-0.00618955282092641 -0.000930243515053362 0.0279034628251563 0.0416166544431306
-0.00562292304385378 -0.00306730985165255 0.0585914058381758 -0.277324933698417
0.00605474691788847 0.00217981175782403 -0.383919568936823 -0.259503803969649
0.0102854185279991 0.00458005655512133 -0.418472793785322 0.309891800563083
-0.00494520773402902 0.00116375475297644 0.129595138525579 0.399676778058652
-0.0094246805825112 -0.00821859868558297 0.288791115854121 0.0481359707344877
0.00374175265140252 -0.00256334029509557 0.138636469782393 -0.150117653646264
-0.00320617721604184 0.00894872199152739 -0.0496651078324404 -0.159016823120109
0.00472592532435383 0.0080402527008769 0.0230375839095123 0.123852717967064
0.0102546806025344 0.00118508676231638 -0.111954053668569 0.0765190806733576
-0.00200744186346493 -0.00372012257481644 -0.224140682661296 -0.0728285384007796
-0.00971396018537874 -0.00298065496695816 -0.0410820282862445 -0.317609338096899
-0.00280067045922231 0.00185839301165177 0.378419273274018 -0.195948212506216
-0.00154007545156536 -0.000933359371663869 0.353142137494958 0.250708231867616
-0.000448066371252951 0.0101484615027216 -0.00162253848570934 0.317141339194253
-0.00584169215469066 -0.00227384906936513 0.0283007499771105 0.0414295815017971
-0.00611788542032861 -0.00545782038923993 0.0609288856331349 -0.277285404304402
0.00205792375036217 -0.00147643004384895 -0.380280189976635 -0.262126102295191
0.00642156329423326 0.00457780063814469 -0.418878819150612 0.307127042123301
-0.00172885557374521 0.00345565178048501 0.12458878857872 0.403409565727635
-0.00236621778382602 -0.00662700459057979 0.287956676282259 0.0487747463345431
0.00704286158898734 -0.00339682023766487 0.141234156558663 -0.15080200410268
-0.00226308909492601 0.00682695472229888 -0.0489210536402932 -0.157699166429382
0.00334028218271066 -0.00108427094433226 0.0311675424254852 0.129571923343859
-0.00476780779937117 0.00460460238480685 -0.117793469488669 0.101379493984454
-0.00799446346379756 0.00451088394780961 -0.236990903875311 -0.0296701031350186
-0.00448737216953309 -0.0102864644743352 -0.0915180807425713 -0.313885918179907
-0.00269689590217276 -0.00283971979740463 0.326149551734509 -0.271118313428632
-0.00824806594152081 0.00538866628406777 0.367373470657592 0.171523384936443
-0.00460859603150062 0.017615566049465 0.0265449036662809 0.301336234335134
-0.0069373958819354 0.0053262432245426 0.0297902446521297 0.037742989097235
-0.0116338454854236 0.00120787837580459 0.0817949127090972 -0.287922241427474
-0.00635068103802569 0.00493834425422976 -0.362507921324931 -0.334580854837573
0.00439298501357738 -0.00216864612212181 -0.476410836761218 0.231568692864772
0.00301959065944498 -0.00674310920791391 0.072151485354867 0.410722536983263
-0.00697966359031263 0.00258643951951885 0.281010356429487 0.0893864661326341
-0.00974580799538376 0.00334511380244292 0.13951378849902 -0.127842327795811
-0.0050732047483672 -0.00354048922440755 -0.0484761144429063 -0.155484054589706
0.00174785207719824 0.00295996708384266 0.0307926402344536 0.127250695822641
-0.00541554625798141 0.0034594815560586 -0.120014234835551 0.0979401089977369
-0.0135474919092028 0.000215591887672961 -0.233993492338831 -0.0354961482279856
-0.00814267056955064 -0.011949312264421 -0.0799357074882138 -0.317152058500015
0.00086511472330743 -0.000561627140001488 0.334925165975362 -0.262240446468745
-0.00443120790556473 0.00801866803661418 0.364711114598657 0.187094054806189
-0.0040844792770305 0.0190748372369955 0.0212208407831634 0.305612067480525
-0.00659929758006222 0.00528800575376584 0.0289975227622604 0.0384110426667681
-0.0101577005312075 0.0030931386062713 0.0759134397473112 -0.286136604901405
-0.00138334776977751 0.00787562534788706 -0.370443416622353 -0.320794994344968
0.00877267004520062 -0.00128693494955045 -0.467977093865937 0.245629617481521
-0.00102307801869747 -0.00807255836940582 0.0858460290858234 0.407285704857935
-0.0135278833368468 -0.000593392982857938 0.283083010538666 0.0827355566139307
-0.0105219366499606 0.00283667472238912 0.137526147951107 -0.131741906806821
-0.00630943247122167 0.00019068743843596 -0.0496454937412585 -0.157282665042362
0.000710679014978425 0.00583095383895785 0.0308599823790179 0.125031963167598
-0.00517470163487374 0.00216763295634361 -0.120770265096037 0.0936147482791426
-0.0167363786410259 -0.00420565655957963 -0.232454012386605 -0.0418787171214748
-0.0109149928646914 -0.0124654879075897 -0.0676003033048207 -0.319283050030258
0.00330823189113593 0.000887110479431017 0.347323190951881 -0.248183150056169
-0.000839607250241188 0.00997047471712962 0.360495481462256 0.204139138713428
-0.00273762767288671 0.0193880081639946 0.0143648527721912 0.310202324768968
-0.00598254269651179 0.00446919159355326 0.0285583017774722 0.0395560082084333
-0.00914032277833549 0.00361241326654832 0.0699552731278832 -0.284682823905976
0.00296948556619882 0.00971182677185208 -0.378272156182647 -0.303881298076029
0.0117053367484242 -0.000123657266911188 -0.454260713640466 0.264564791328705
-0.00451717216575623 -0.00769704346879825 0.100712471929629 0.404071503155788
-0.0181159286848274 -0.00347480178021325 0.286713848347595 0.0733544459079915
-0.00986767546896541 0.00193877833994301 0.135241920666694 -0.136500094909753
-0.00702294335013662 0.00404210532550556 -0.0505619051826029 -0.158974859134477
-3.59006834477959E-05 0.00865265666222201 0.0295276629152586 0.122560917021104
-0.00267527857205961 0.00107379936901206 -0.120860314183048 0.0883521720661196
-0.0178142653747211 -0.00786378481267904 -0.229765123204187 -0.0499986790122018
-0.0132462220328127 -0.0126551685009213 -0.0561163591019591 -0.321195710216326
0.0048023046047435 0.00230420294693071 0.357833186030533 -0.233773092144546
0.00152232664264387 0.0105543726590982 0.355614002784321 0.221409227130074
-0.00174193701736368 0.0187501948221154 0.0078315117920935 0.315050334151173
-0.00592627859007758 0.00337056502718105 0.0283688877989873 0.0411161469364391
-0.00746028000583064 0.00332866115100809 0.0635036675961031 -0.281959494685054
0.00662890641862416 0.00936610252993613 -0.38230811982941 -0.28731410586273
0.0139274487642175 0.00139508794071191 -0.442520321049552 0.280897834504978
-0.00699864571903793 -0.00585829962583526 0.11545960447275 0.401098233461449
-0.0199744045695478 -0.00618919043821996 0.288513200574128 0.0638956850268728
-0.00801733400170392 0.000918888029233052 0.134951156655055 -0.140881888782419
-0.00652919280812426 0.00734183037404961 -0.0511969861785363 -0.159624453254243
0.00039057301396438 0.0101050635640115 0.0293168231811191 0.121780725088631
-0.000317893807764095 -0.000451659029644289 -0.118958088833104 0.0835994151902437
-0.0167373042004023 -0.00960825897534567 -0.226968840805549 -0.0586322220535855
-0.0134461584855579 -0.0108219845062765 -0.0459140886682481 -0.321280821471948
0.00479047810318674 0.00400447200230325 0.368061704659626 -0.218150576278552
0.00322805104539714 0.00908519270984699 0.354095035206728 0.236095361873391
-0.00147833191258907 0.0174994337125625 0.00309997321742937 0.318431475354809
-0.00613276831578028 0.00139377674095248 0.0283014367537105 0.0416338521127369
-0.00645226132422329 0.00186816616084143 0.0589718284419148 -0.280133900188261
0.00834649598904626 0.00832003025204714 -0.387792602325605 -0.272594487227613
0.0140067223108541 0.00255800431896614 -0.430173760905799 0.296247371949372
-0.00796192612297448 -0.00352309636167648 0.125626713129826 0.399118516855222
-0.0189026638993487 -0.00726771874197177 0.28976423160345 0.0555401932696611
-0.00480977364231818 -0.000150228318877381 0.134819453077912 -0.145888097539173
-0.00553056027246031 0.00972240787104818 -0.0520311192096532 -0.16103560626308
0.0011728999868109 0.0109791952234835 0.0274358987991662 0.121562113372926
0.00323611713423708 -0.000423716673438939 -0.116824777938554 0.0799831263162799
-0.0130189276978751 -0.00927095144645075 -0.225093676209013 -0.0648839758249118
-0.0135278596085246 -0.00868623137580443 -0.0409979565257842 -0.32048561485282
0.0035198789812758 0.00390342614021206 0.374743730797715 -0.206247471449837
0.0025892282693364 0.00690286063999627 0.351701389927887 0.245555239997168
-0.000426409823120182 0.0148328958011025 -0.000922490008758099 0.320469143660217
-0.00599501221406333 0.000192417491540538 0.028480434041057 0.0424351542444134
-0.00576242069304399 -0.000446630156722973 0.057299829491301 -0.279403454365915
0.0079838849701759 0.00552208033754084 -0.388149337099273 -0.261237023333128
0.0126671428523827 0.00346013369120292 -0.420939199027729 0.308230931096675
-0.00752011531864545 -0.00123938702238026 0.132585040328711 0.398315426820186
-0.0155782883378683 -0.00815714337367201 0.290467905133666 0.0493288043430406
-0.000525401550958925 -0.00211957543265506 0.135047158270062 -0.150292366312579
-0.00468835998616444 0.0102522440702998 -0.0525835357680074 -0.160370924610978
0.00209548506049647 0.0101189692677418 0.0275317011019489 0.122013971296096
0.0070028096936061 -0.000416412294188309 -0.114392822982366 0.0781975426946176
-0.00815776690094983 -0.00724281357601798 -0.224843037900948 -0.068469381630448
-0.0119460421657954 -0.00598387661049071 -0.0397042945834929 -0.320072390276906
0.000602952539933701 0.00370556845884916 0.37832244406248 -0.201301290255613
0.00120203457679363 0.00314109610526417 0.353579296164425 0.251013772023139
-0.000163648718704487 0.0120482519757508 -0.00108839808676549 0.320624796686991
-0.0057910581477552 -0.0015340621170861 0.0285542953821629 0.0413097358989317
-0.0058942422371604 -0.00323967982748503 0.0556991290956743 -0.278844477884366
0.00603072449730825 0.00230666692706568 -0.38758416874279 -0.256685321248422
0.0097827133562397 0.00434693944612042 -0.416236309623482 0.314931729559937
-0.00441759420860226 0.00117359337524324 0.135557028180435 0.398669135330449
-0.00949498562901666 -0.00796669652891903 0.289712745194452 0.0454537589685539
0.00348357737875713 -0.00235063682129512 0.136178355438934 -0.152862375154938
-0.00293955642621768 0.00937512692258099 -0.052979926693704 -0.158787588298311
0.00436955701368989 0.00746333867812171 0.0259563818711973 0.123225655268361
0.00981509525252502 0.000674131544439265 -0.111029526658978 0.078096904085429
-0.00197526011540001 -0.00354794766170128 -0.225273643115571 -0.0702160363456258
-0.00952632706611293 -0.00278278886213732 -0.0450957156612148 -0.318308511421618
-0.00332696183411087 0.00239989436057247 0.377322275120333 -0.201138330083643
-0.00141000174221056 -0.00126661336205181 0.357450334749632 0.247645937436735
-0.000266274497673234 0.00983662564256783 0.00111952754471848 0.318878643894779
-0.00621205778300994 -0.00238116695728841 0.0286981363759459 0.0409106470860703
-0.00629693334488478 -0.0056418106212993 0.0580892398658711 -0.279751287725496
0.00211975982719367 -0.00155514218756321 -0.382522488059195 -0.260406278261643
0.00612847747764039 0.00466512596486399 -0.417881860725553 0.314219573431446
-0.00154552926818279 0.00337482433338992 0.130298203656891 0.402875248970019
-0.00224911170950867 -0.00625798925178953 0.28885012647619 0.0460727730131777
0.00721592722235226 -0.00333657751274988 0.139079011806078 -0.153317293768265
-0.0017567504277774 0.00665409467243739 -0.0515230977412149 -0.157499454281766
0.00305174975370288 -0.00135813411055062 0.0334807147945017 0.128964062696301
-0.00477425464307031 0.00440699640656796 -0.116541753380412 0.103529414942899
-0.00785857690796439 0.0045720678506576 -0.237309405599495 -0.0267322585669735
-0.00486683274263096 -0.0101542748324133 -0.095150825136474 -0.313676980614981
-0.00302646577895828 -0.00216135199481717 0.323906901347169 -0.276747425648809
-0.00844207257082185 0.0055666944010688 0.370348630294591 0.169325567430733
-0.00436724594841002 0.0176118865675197 0.029614775272441 0.302078471467051
-0.0065543771938336 0.00558442826510806 0.0302960723426222 0.036578691881488
-0.011677909889663 0.00176005585993421 0.0793851479937957 -0.289560587702223
-0.00630412298370865 0.00512348534344069 -0.365586137128019 -0.331433286902794
0.00391599218918109 -0.0022558752702822 -0.473938686639714 0.238007439319306
0.00257364009988795 -0.0067754542212321 0.0784007069847183 0.410363434279883
-0.00647348903055565 0.00291548349657982 0.282434395039133 0.085541085232732
-0.00925953619098332 0.00388187476625608 0.137120184584637 -0.130620865088983
-0.00556644001175948 -0.00349405639134872 -0.0519802318988082 -0.154307937410219
0.00178576737004117 0.00259412037670896 0.0334488799837195 0.126054545612542
-0.00573917583485759 0.00375412584393242 -0.118542803108289 0.0999249456501996
-0.0134181948853953 0.000502781502808557 -0.234320117473737 -0.0315676041934788
-0.00786365866959999 -0.0113093672811356 -0.0837151068992809 -0.316910436197992
0.00046120414477807 -0.000280055987656628 0.333708810605475 -0.266874226270563
-0.00411032729766034 0.00886168537565271 0.368113969231644 0.182967292147318
-0.00345496564233062 0.0194449854790983 0.0244842316145017 0.306541313754776
-0.00649739736583114 0.00512092660946433 0.0298443189443068 0.0383322084020006
-0.0102227596524414 0.0027731353183932 0.0727410749208368 -0.287364656052496
-0.00144281151001185 0.00793863776940028 -0.374324439257571 -0.317875627096363
0.00837394642642366 -0.000840220535108012 -0.466128436430141 0.250092023579717
-0.00114902874931772 -0.00778681134763139 0.0913437090981098 0.407159973427098
-0.0132304281284947 -0.000854254828226335 0.284715197263023 0.0788986910443377
-0.0104194045651528 0.00325861508343063 0.134799030380403 -0.13355327733636
-0.00655444554583663 0.000456960107024072 -0.0530913687029657 -0.15601387224081
0.000668630041422786 0.00572548934175381 0.0334387357847404 0.124116604801434
-0.00518734026986849 0.0021918735627988 -0.11947749064558 0.0960960495063115
-0.017026642599846 -0.00411926917744386 -0.232697769282367 -0.0392586998675032
-0.011212684647299 -0.0121817646966501 -0.071301767752115 -0.319503707409308
0.00337993886528357 0.00116317317956434 0.344454630213474 -0.252706958257913
-0.000504756340956295 0.0101442121566759 0.362779622159656 0.201490959611975
-0.00219869619343123 0.0194610694630989 0.0171954092892352 0.311483407091504
-0.00605331031191083 0.00463083286939564 0.0293555010761506 0.0391449240468229
-0.0091312053519766 0.00367082250392864 0.0672909435348972 -0.285670965198011
0.00304451555228578 0.00945073319605897 -0.382018298778899 -0.299480589553698
0.0120394164247416 -0.000472508323650884 -0.453093564454926 0.269931180784506
-0.00443380160200817 -0.00757075781176904 0.105859169479645 0.403908888755024
-0.0178494383920559 -0.00393745127089518 0.288030297178795 0.070197217240804
-0.00977074925387683 0.00239080896532162 0.133275478597898 -0.138364712266335
-0.00660194652902001 0.00479057890343613 -0.0539994745678321 -0.157758239057291
0.000336732934622056 0.00850705227597205 0.0325818042596257 0.121975146099072
-0.00331850551229788 0.000582351597993477 -0.119156873672489 0.0905208809336267
-0.018139472862674 -0.00776361422032784 -0.230019767400318 -0.047041166489379
-0.0131444824434377 -0.0119884565653572 -0.0596783907796064 -0.321050665988176
0.00455342189595398 0.00274744567679543 0.355319699574577 -0.238562369156448
0.00145538828880557 0.0101205360469722 0.359878996528298 0.218194283332286
-0.001649044910245 0.0190525400083101 0.0112996279330815 0.315879152174323
-0.00608701155642726 0.00337410171361902 0.0287636067554609 0.040994874809066
-0.0076870033158838 0.00342649124692289 0.061225952702062 -0.283432121070091
0.00646060316291358 0.00985458056702012 -0.386731675096064 -0.282872254511813
0.0140522954615053 0.000580784911532743 -0.439532567129234 0.287022763531939
-0.00685759022574329 -0.00589654087799428 0.119991300532477 0.400964856336723
-0.0202706675075304 -0.00578469341505105 0.289792803147696 0.0606020354087133
-0.00786858825551556 0.00113328489843684 0.132216779210404 -0.1435455644667
-0.00640732201389065 0.0080312195625767 -0.0545058167215563 -0.159185440796632
0.000508270635856628 0.00989991832883595 0.0313007797901293 0.121066637859093
-0.00028595520638052 -0.000354952967502261 -0.11805078457659 0.0857832639063384
-0.0169450069759562 -0.0094971611359074 -0.227310101397349 -0.0552162894842116
-0.0139061114675987 -0.0105269824007407 -0.0498865208988942 -0.321487198342224
0.00470423930716881 0.00417224291147254 0.365820671490139 -0.222739220843154
0.00298033425064189 0.00930592911989549 0.35605761277674 0.232862201888532
-0.000713610858013978 0.0171215645548792 0.00611050271595701 0.319424653694437
-0.00598473368609641 0.00189458353438728 0.028852509548757 0.0419829476550506
-0.00665205960232761 0.00172178232473628 0.0567099601847919 -0.281801116593915
0.00864357851210045 0.0081549376353768 -0.389915580007409 -0.268443198154325
0.014015954440037 0.00178529394220471 -0.42725100998761 0.301811011067224
-0.00782346235727899 -0.00373103307118722 0.130574925901123 0.398127227741675
-0.0193880597855395 -0.00747167464077162 0.291241452474483 0.0521498273453884
-0.00476677059508492 -0.000148078196011556 0.13212534455309 -0.148298654867015
-0.00567998112558003 0.00977160358689078 -0.0552739565031144 -0.159349082358526
0.00101167992346352 0.010672006179811 0.0306191033403513 0.120779018609041
0.00358611286260249 -0.00110451083928899 -0.115872908766843 0.0821160118045276
-0.0134347805913257 -0.00938612831827364 -0.225506527056309 -0.0617552213696164
-0.0136034214668366 -0.0083510088338556 -0.0438293201666186 -0.320888886007118
0.00345121688046595 0.00406101169219576 0.372538200439308 -0.21141303607651
0.00256044686786273 0.00655832643378459 0.354688532422838 0.243417121218051
-0.000464753193717364 0.014922387044264 0.00258529228925644 0.321542303331387
-0.00586508647155965 1.88016243037742E-05 0.0287770298424676 0.0416539108140012
-0.00583368068403761 -0.000565582364776761 0.0541135636232404 -0.28075260255213
0.00801939203780341 0.00533807386842327 -0.390856416305828 -0.259329901361771
0.012538743557053 0.00321438783995145 -0.418984204202815 0.313890330917758
-0.00714519210748266 -0.000989309715635732 0.137622620922395 0.39755088770878
-0.0154597742117759 -0.00781872924095643 0.291709075357642 0.0460037323926548
-0.000700407054086102 -0.00142068341612606 0.132711012461545 -0.151845567893066
-0.00433917011956215 0.010703310134101 -0.0557338776197217 -0.158705623686175
0.00298446384807623 0.00958418235326083 0.0299895727680632 0.121286105348572
0.00681065152680626 -0.000684855580395454 -0.112824709556931 0.0798183184852871
-0.0081670786365655 -0.00708540633213748 -0.225308396049188 -0.0654329759391225
-0.0123417444178077 -0.0050830764722188 -0.0436831426196419 -0.32000238094767
0.000597899904914154 0.00392853883393123 0.375129918335555 -0.20619964407082
0.00123262925746797 0.00302474191902247 0.355750173018761 0.249043847699129
-0.000403418528184572 0.0125271505302293 0.00309400279553991 0.32170572235717
-0.00558023470777769 -0.00109125803705798 0.0294060838534913 0.041406668580575
-0.00562507976976629 -0.0028925775656252 0.0537622279916866 -0.280444949775991
0.00606526032831141 0.00201908100997405 -0.390468464179294 -0.253996073274114
0.0102205940212869 0.00352244957970114 -0.413522013430414 0.320281472335606
-0.00523657089565076 0.00134433883910417 0.140435211914548 0.398432069870068
-0.00967346746489407 -0.00776873653005984 0.29047650697123 0.0418241123600163
0.00374834796199913 -0.00259896348288972 0.133785167621076 -0.154791278394471
-0.00275226080350584 0.00974139698975771 -0.0562025204750275 -0.157587824246636
0.00457128559872621 0.00693744325877952 0.0285162583135157 0.122694781924792
0.00987454412425809 0.000385421032899171 -0.110524986942131 0.0800833087068353
-0.002098424718804 -0.00363924184729108 -0.225839945102911 -0.0666315713366433
-0.00954901348277035 -0.00276270568037835 -0.0487185036098745 -0.317721790288667
-0.00308441512982719 0.00284948296845638 0.376455039070872 -0.205142383492669
-0.00141161597208431 -0.000849387270555133 0.359152480654137 0.243489006468628
2.52664582465717E-05 0.00984107577262622 0.00465976163145358 0.319950342895742
-0.00592544400903869 -0.00233635571101039 0.0290817528481018 0.0404451820417573
-0.00675195414617724 -0.00545182537110053 0.0567020508147165 -0.281294796850625
0.00188198945124457 -0.00147369942310995 -0.386458481869103 -0.257217069469914
0.00634220405663974 0.00420282750377654 -0.414536422184344 0.319524678140963
-0.00161648855967006 0.00361258124652197 0.135922858976512 0.402420097173977
-0.0024424558249571 -0.00607436928878262 0.289815657161705 0.0424174265973581
0.00737074224418915 -0.00366886270104017 0.137152408677734 -0.155564389115727
-0.00161860186869515 0.00708094971851483 -0.0554644023282123 -0.156503370313925
0.00304655629358303 -0.00122932043727245 0.036414296160697 0.127394738385139
-0.0049774967907839 0.00472736719462914 -0.114531171527417 0.105362851812176
-0.00789322296270424 0.0045651756832637 -0.23645849914967 -0.0227213416336497
-0.00482801030249557 -0.0097724341804868 -0.0983472169020886 -0.312585877790073
-0.00386720812453011 -0.00196699723494552 0.320701206648913 -0.281055036709555
-0.00827559615487199 0.00565756490885988 0.372466768827751 0.166142213065108
-0.00352917292432305 0.0182982692617612 0.0334611423218514 0.301998741345834
-0.00649752550252734 0.00565918713523445 0.030695006535009 0.0366058231463029
-0.011260178379717 0.00174971774676891 0.076577799275596 -0.291305560484131
-0.00634772949944258 0.00518033247634184 -0.369081698294406 -0.328181128656423
0.00404144763433503 -0.00257415786021843 -0.472872472560369 0.242895944436496
0.00292112511195639 -0.00686870083103215 0.083068239172167 0.409306429072133
-0.00663684951851592 0.00297652326284378 0.28322184119862 0.0813417245569171
-0.00906207946514793 0.00417529986895362 0.134937158386778 -0.132221415139468
-0.00540734967663847 -0.00321296989326143 -0.0555633836975682 -0.153091070544134
0.00125271078877775 0.00247805490162489 0.0364282713003652 0.125080672272705
-0.00566993754043902 0.00384104418632049 -0.117325879821263 0.101986279237575
-0.0131822998205261 0.000377473555669588 -0.234507528531785 -0.0283486036754834
-0.00841883647513021 -0.0112666735127444 -0.0872026538370396 -0.315871713888346
-3.95296930748223E-05 -0.000445267210163322 0.329860305049981 -0.271407974792871
-0.00408524517031054 0.00843619019434949 0.369452124061495 0.180046155244651
-0.00300394317000755 0.0195017805671933 0.0273707837106402 0.307269897402655
-0.00598808979695467 0.00522026378682831 0.030317216852126 0.0377629110923343
-0.0103289669108847 0.00342159284342668 0.0708677420464641 -0.289107834819075
-0.00178268266635389 0.00820063293627704 -0.37709761100953 -0.312948818131545
0.00851368384743786 -0.001442437175111 -0.462882768008111 0.257841438098874
-0.00127106520025892 -0.00804492737944807 0.0961679966666995 0.406139937246957
-0.013155005897165 -0.000520852462230092 0.286142932153228 0.0742098468880552
-0.0103008663905992 0.00377730408508564 0.132752699328808 -0.135419521749299
-0.00673733156756634 0.000949127067167068 -0.0561652818311185 -0.155223005879583
0.000531720500285787 0.00547182789209424 0.0359251501161063 0.123309994855069
-0.00539401664130873 0.00219592666291201 -0.118233108985373 0.0972791310941426
-0.017139202374579 -0.00352474612998396 -0.2322825850076 -0.0351796968470148
-0.0114110810777636 -0.0119165035868441 -0.0753634672281004 -0.319139719179676
0.00303091269052868 0.00132013555089077 0.341587792560988 -0.256679613525099
-0.000386272826332298 0.0102772592158435 0.365053781000035 0.196918204517817
-0.00159341377662721 0.0201221252008825 0.0203791893826006 0.312100854612382
-0.00593252561212728 0.00451991391274541 0.0301315966618659 0.039614878053336
-0.00916749858432794 0.00358402407095291 0.0647768651243732 -0.287012719077013
0.00283011361498645 0.00935217962062546 -0.385979249561563 -0.295806081338629
0.0121419809362729 -0.000688635222461523 -0.449912992112971 0.276146758000808
-0.00449571863363418 -0.00763194321709669 0.110779750268283 0.402866608975271
-0.0179959960919271 -0.00363438109703344 0.288633176032981 0.0664676848123112
-0.00994547123085415 0.00251859381837483 0.130685471959834 -0.140650542502077
-0.00690326183599978 0.00516057638027054 -0.0574315027305048 -0.156371622040836
0.000600860548674212 0.0080734680055519 0.0354138534236135 0.120747068830417
-0.00358670389217802 0.000788134742413528 -0.117649524071902 0.0923094125409387
-0.0184313141784795 -0.00702923313807963 -0.230288364094073 -0.0438353023342793
-0.0131614474769196 -0.0117672430614729 -0.0636755105130711 -0.320781738424922
0.00470522856681425 0.00309704496597258 0.35247837539806 -0.242178319065222
0.00169373460101784 0.0108253100948491 0.3599988414242 0.213202671332332
-0.00136330850647279 0.0188829185353912 0.0149291628377306 0.316271882010536
-0.00602503701172886 0.00306966355337989 0.0298120407114093 0.0408612603973146
-0.00739928570409596 0.00367932633471261 0.058136068499843 -0.28471574189404
0.00643801610679822 0.00921631408636793 -0.390237286520803 -0.279921032091319
0.0138915094992317 0.000258788075097058 -0.435528837128814 0.290834460248983
-0.00719451971960314 -0.00567319464074545 0.124972978750941 0.398852834144916
-0.0200636168709103 -0.00534211657720907 0.290642075043374 0.0566083578774586
-0.00789645979741768 0.00131860120851728 0.129991680811708 -0.145039498599933
-0.0066834294645389 0.00821794255123132 -0.0584407761971719 -0.157393769537993
-7.27636657277646E-05 0.0100730160047899 0.0338856445523246 0.120243934106098
-0.000657961702702152 -0.000924516121773021 -0.116463572499628 0.0877679041768814
-0.0172953251235954 -0.00947055972973782 -0.227597107246518 -0.0517808781170551
-0.0141273938783492 -0.0101030053018537 -0.0542050755108234 -0.321396969995908
0.00512418745501476 0.0039544838301989 0.362742595504194 -0.22680627786292
0.00288522809587909 0.00919786541685557 0.35954720224649 0.231179198807957
-0.000365247770546786 0.0171284629185693 0.00949170221551605 0.319953869026965
-0.00593869945994838 0.00191123592588183 0.0294098257632297 0.0414963116761474
-0.00646107670210855 0.001710002607615 0.0543891797115813 -0.283189827651935
0.00875865310378378 0.00802252457014353 -0.393447222166466 -0.264494022724393
0.0141800143521785 0.00144413120625835 -0.422820649906411 0.308518705670972
-0.00764170241434102 -0.00379664674785211 0.135801313822314 0.396725366440021
-0.0192877621928261 -0.00712387407014779 0.291459876530085 0.0487021890733373
-0.00456718640870104 2.58814380552027E-05 0.12976972215082 -0.150205198668861
-0.00520326075683408 0.010979772720917 -0.0591858597755641 -0.158035728360033
0.00151298921098076 0.0102576353688208 0.0333897551808709 0.1199976713298
0.00341222181330265 -0.00148071373873754 -0.114506437208286 0.0838147739737847
-0.0139921546151561 -0.00900069372270868 -0.226017395943392 -0.057883824679989
-0.0137483880997093 -0.00753162869551751 -0.0484575812987482 -0.32070516313043
0.00309790474317845 0.00422867700684161 0.370905287287226 -0.214929170160903
0.0029388189833562 0.00701642771970169 0.35814032215402 0.239953408672887
5.5850219416538E-05 0.0144428679462659 0.00556908019019388 0.32128650417016
-0.0059128275151047 0.000219580179613066 0.0289862406587462 0.0416323924355799
-0.00614533744880721 -0.000913252723910257 0.0517132168440113 -0.281621341166866
0.00805655106010207 0.00565381555185677 -0.393703392926772 -0.255005125125209
0.0129372471764179 0.00274256169594542 -0.41490955112735 0.319524856341849
-0.00728601645666322 -0.000853355988377815 0.142942479394286 0.396260060903349
-0.0161442837791088 -0.00752504509895153 0.291543289513107 0.041969479071701
-0.000504713734468445 -0.00128431242095327 0.13077278262319 -0.154065653641987
-0.00481940288451211 0.0108714916423756 -0.0590910189109019 -0.157804342412092
0.00283973781775278 0.00915669454304458 0.0323843846499173 0.120427909600984
0.00625139919696274 -0.000780236896526971 -0.111546512512073 0.082154394339606
-0.00873220466809596 -0.00713413448915315 -0.225046488723805 -0.0621165969391809
-0.0121102440867911 -0.00509505867789551 -0.0476697931194431 -0.319566192928406
0.000796581449530675 0.00397194315075293 0.373366960905555 -0.210586874387698
0.00126152053297025 0.00276681093895526 0.358455962264378 0.243537195992454
5.49835957094956E-05 0.0122102595919045 0.00597202475999928 0.322041735126915
-0.00590656181144651 -0.000921313170480837 0.029743557474254 0.0408824286248176
-0.00602755399500031 -0.00324493327307356 0.0514501607904182 -0.282136272713548
0.00585809421913533 0.00217699677062932 -0.393746654248904 -0.249789555445121
0.00996285016879466 0.00358539767394983 -0.409310888984108 0.324897661674575
-0.00510728455494287 0.00158905677081428 0.145714966845157 0.396632481602484
-0.0104023419832162 -0.00733578775640186 0.290532224323462 0.0381761010464129
0.0033688395047086 -0.00292870236522885 0.131395627541364 -0.156748222251557
-0.00263294659677703 0.00988158955573026 -0.0595701494097358 -0.156919710342771
0.00430538549691742 0.00726432035119065 0.0314512186467907 0.121790458243607
0.00977017728990622 0.000179450682412056 -0.10862320527239 0.0819114366075722
-0.00222810846268016 -0.00331242729881879 -0.226505657861846 -0.0639832540467702
-0.00933518348135512 -0.00205961513524606 -0.0522836498125766 -0.317118726487449
-0.00302698809814205 0.00237883884671888 0.373536372040946 -0.210846885560865
-0.00161006564382789 -0.000497427103797253 0.361811521202132 0.239414266365612
0.000349462400068898 0.00982112216878278 0.00767414333688416 0.320318313413499
-0.00617540837253612 -0.00217514811995156 0.0301390567251643 0.040345143790779
-0.00662616945911312 -0.00562930741950297 0.0535730967304405 -0.28257369198124
0.00186648066409152 -0.00163507283957759 -0.388638664581518 -0.252839859427813
0.00612249414340776 0.00422726386563583 -0.411296597988956 0.324037417390205
-0.00134303416220964 0.00300669139039946 0.141392413199384 0.40143538271045
-0.00255731454463849 -0.0058715796518144 0.289909505223957 0.0386360208556263
0.00750565940643441 -0.00351405113331591 0.133643404377871 -0.157658611208453
-0.00102104153739484 0.00714486150099797 -0.0591154610710742 -0.155115660851652
0.00308712963701389 -0.00161583326917657 0.0396420049263439 0.12612424583756
-0.00472032482223943 0.00441650376203893 -0.11281692871482 0.107476647088162
-0.00765557700845131 0.00454679551969996 -0.235341718505543 -0.0192259618952808
-0.00503318634758472 -0.00997340498905911 -0.10205993212976 -0.311411086459842
-0.00332857589528737 -0.00210973409326332 0.316448925442385 -0.28483351403338
-0.00857930011926955 0.00640604334719843 0.37346036739251 0.161051944416738
-0.00335714469954305 0.0176480202676918 0.0362397425980563 0.302085315313564
-0.00608267294948179 0.00518565943831992 0.0313682733714824 0.0363884542779967
-0.0115252341573956 0.001804426263821 0.073763966401937 -0.291566651568411
-0.00661715371394293 0.00564015218262537 -0.373481135689915 -0.325356096128705
0.00395041435034495 -0.00235790280829523 -0.46926118372702 0.248041844851272
0.00245414371156326 -0.00718069096021381 0.0876089168777505 0.408877721750817
-0.00658059007067611 0.00294535798933039 0.28436212857021 0.0776462488655566
-0.00927119023489198 0.00491088140818319 0.132312083907325 -0.134452804123042
-0.00556589713606417 -0.00301126572209959 -0.0591036444496521 -0.151220478661568
0.00151486079474647 0.00160864072681572 0.0386391890227512 0.124122170860281
-0.00608240987480699 0.00349811870223268 -0.114993254863827 0.103361732991877
-0.0133674427475818 0.00103449302462689 -0.234070493648192 -0.0250580889367752
-0.00847104190611312 -0.0110942310426624 -0.0916443157554492 -0.314825185596747
0.000157784081397978 -4.12286084805653E-05 0.326452566740156 -0.274923777450943
-0.00411425300140403 0.00878213776798172 0.370414779329474 0.175739191958004
-0.00243523639648285 0.0192771353610227 0.0307368695570769 0.306831079875264
-0.00613692294139661 0.00511345657244488 0.0309342030736015 0.0378201630065021
-0.0100355826680708 0.00335773436315325 0.0683216438436824 -0.29069770214651
-0.0012624266991681 0.00796574978727909 -0.38165389103234 -0.310307007407927
0.00857006024140235 -0.00178964476572336 -0.46014736056581 0.262361217029641
-0.00110334425895599 -0.00780817015929591 0.101139654187247 0.404548423008837
-0.0134217529032536 -0.000109140347366408 0.286402839788255 0.0702460704726555
-0.0103230953269261 0.00339486886248137 0.129575948886815 -0.137025098041446
-0.00670814996368956 0.00144465843370257 -0.0604851450503243 -0.153262531836814
0.000797757431735959 0.00507585618203843 0.0389960673397277 0.121826989031271
-0.00571470943915342 0.0020799902850913 -0.115711312978235 0.0990031281567266
-0.0170020312460137 -0.00313113904104929 -0.231398723583192 -0.0321094302937121
-0.011762749786504 -0.0116352174215284 -0.0783712219301317 -0.318243279284107
0.00310277621072029 0.0013909347870578 0.337864949903716 -0.26085532263974
-0.000384450996335862 0.0106102179928214 0.365833503536722 0.192745602893255
-0.00122004676349138 0.0193914988737983 0.0244848263443166 0.312038649613474
-0.00564571429179065 0.00456376198723254 0.030018341635952 0.0391080588939614
-0.00868099919168783 0.00377900444326516 0.0615079718597387 -0.288274033525982
0.00312138209689166 0.00968030930071032 -0.388529559477597 -0.291972503333669
0.0119219911664928 -0.00114938127001652 -0.445789337821225 0.280943620152763
-0.00474456268221228 -0.00719386191208672 0.115326841214438 0.400699688046479
-0.0182429551384999 -0.00270548824376938 0.288480102682061 0.0624396005710927
-0.0094376272144877 0.00271330687621752 0.127787796352587 -0.142518539375068
-0.0069192677280917 0.00509571486328657 -0.0608832690824011 -0.154655094935592
0.000336859685755158 0.00805410313832756 0.0379733156147503 0.11955143243305
-0.00339106284074054 0.000715795813675034 -0.115845304909495 0.094320878909152
-0.0183025053278997 -0.00651023362065595 -0.228903379463767 -0.0404040324151583
-0.0135013329845598 -0.0112524600179266 -0.0672470132585049 -0.319916430668131
0.00491730976687626 0.00269807955865586 0.348914383062553 -0.246882129075169
0.00185803418426681 0.0110297260528078 0.36328531883091 0.209316238289796
-0.00037131214529068 0.0182249379741315 0.0183624740915138 0.317006240063757
-0.00608522831677675 0.00336983963243384 0.0300944000590397 0.0401261191877949
-0.00738099679831861 0.00390609158555571 0.0556052546883482 -0.286319158439521
0.0070859936209245 0.00955510458873484 -0.393011671589342 -0.27500106163118
0.0139033843655673 0.000346124288360053 -0.432418413094651 0.297421425364089
-0.00676192693712884 -0.00536327116991193 0.130086083178561 0.396501505755901
-0.0203197171935515 -0.00503628246817022 0.290122342673528 0.0528489417595378
-0.0081190831979623 0.00156524130759839 0.126996772002601 -0.147052388235516
-0.0067173032895377 0.00862872587546035 -0.0619728896160533 -0.155527275690568
0.000521916861275105 0.00984053944918153 0.0371764699736478 0.118500188526112
-0.000367098987310093 -0.00082098467518627 -0.114469325926978 0.0893502479650839
-0.0172406261108493 -0.00865954425437596 -0.226959086711876 -0.0484919118711099
-0.014274026087763 -0.0098056649819737 -0.0575329292914576 -0.320908383359824
0.00482963639754697 0.00386876100494448 0.360491200276827 -0.231439758062392
0.0033917340757883 0.00934010017993373 0.361804552030807 0.22630997478944
0.000127390978311038 0.0168379107262539 0.0131300356307279 0.320691918524933
-0.00556708637995218 0.00148301530978781 0.0299793269861187 0.0409773967362499
-0.00660534370981412 0.00185437489412441 0.0516993526878474 -0.284153128090509
0.00854694460085035 0.00770543884161956 -0.39595137149976 -0.261352917901246
0.0142152031704569 0.00135716598991976 -0.419223261451609 0.313655302765346
-0.00761713677262846 -0.00336486271100643 0.140710434599298 0.394701379967396
-0.0198194886058475 -0.00606357869129882 0.291762467928876 0.0440453400517249
-0.0045343338505769 0.000422487665363953 0.127130605813459 -0.151640081158894
-0.00527531834161451 0.0107265479699386 -0.0625383399277279 -0.156580513558227
0.0018595585758755 0.0100164559787309 0.0363934659006854 0.118419291788898
0.00294188163689799 -0.00109618399194403 -0.113185125109255 0.0851365521935834
-0.0139521942163239 -0.00898897265836727 -0.226319205986563 -0.0552754251534912
-0.014012661507742 -0.00748648853108604 -0.0513866203107417 -0.319219821726844
0.00333549511304499 0.00437697939716395 0.367858639730931 -0.220466618555587
0.0029993252765971 0.006775542891001 0.359555576057412 0.23589806066575
0.000369773437508471 0.0146607169977614 0.00911987659386547 0.322170105352596
-0.0061545749572921 -7.17188001813584E-05 0.030156335490986 0.040573357579128
-0.00573876117290813 4.81839269012973E-06 0.0491441553006835 -0.283191129993973
0.00812903068077071 0.00511612213866709 -0.396889058109064 -0.25065021661709
0.0129041965972118 0.00229561082215364 -0.41132327362269 0.3248236338479
-0.00700557577216153 -0.00082143131285623 0.14781793108278 0.393005122813648
-0.0160338355395062 -0.00725080790504474 0.291555251762072 0.0382217813461488
-0.000538624754125308 -0.00140546615955873 0.127179437211743 -0.155371565378985
-0.0040687750760441 0.0115709679142224 -0.0628916428500227 -0.155591628437487
0.00298708777557588 0.00883588890350665 0.0357472216526726 0.11900268001319
0.00669336994550553 -0.00153489574561561 -0.110091963984091 0.0833826140863654
-0.00882509710902067 -0.00708500057887456 -0.225521545899697 -0.059328435970041
-0.011905083498912 -0.00460055655638321 -0.0520853384820311 -0.318942014675006
0.000794103992955555 0.00394116887150843 0.371208868849037 -0.215650526936297
0.00146423379101326 0.00295933653332286 0.360901050366569 0.239437093224676
0.000712567916299582 0.0118205677032882 0.00965243881880953 0.322513706010645
-0.00572567113404019 -0.00118895953179658 0.0296446206668729 0.0402911510844336
-0.00617159369703449 -0.00279051949631424 0.0482736647724971 -0.282511777861259
0.00575918711800695 0.00165048170749637 -0.396503208644564 -0.24647616634311
0.010016357237969 0.00350921170423115 -0.403736388769538 0.33100627435477
-0.00436123350282823 0.00139460465320022 0.149634515790143 0.39531083380305
-0.0102916407569111 -0.00685471562543624 0.290821748794606 0.0336277292928513
0.00372983329326104 -0.00282994198148882 0.128295990984764 -0.158646547723514
-0.00257647107111883 0.010030231501041 -0.0624662561303443 -0.154421514613185
0.00446358330637313 0.00691163128840022 0.0346912569471227 0.120439583435309
0.00995192717561875 -0.000355678688888701 -0.106972362182654 0.0828719515007347
-0.00240544984278779 -0.00369319771995298 -0.226209413767472 -0.0602845344783819
-0.0100232135025161 -0.00175300839285866 -0.0557428645215553 -0.316773045328131
-0.00286829015783597 0.00300066119058442 0.371108509089563 -0.214099179983581
-0.00144990243020622 -0.000345998053860503 0.364021865585935 0.236075501256249
0.000413332398805494 0.00956358326530286 0.0111834395331828 0.320466603058915
-0.00630250073136275 -0.00232098598763 0.0304533603541366 0.0393817054131498
-0.00661638736760587 -0.00542202586781973 0.0508884548991999 -0.283511407070323
0.00172437442354032 -0.00180771278023932 -0.39213401477871 -0.248922024142736
0.00564833966300818 0.00373486320302545 -0.406829487885675 0.329545011036036
-0.00091074578095668 0.00348463927850241 0.146004786983642 0.399097579033898
-0.00270592565716031 -0.00568194867133345 0.289988493572746 0.0342771268864961
0.00738988734815355 -0.00337741541882295 0.131457902834681 -0.158979094460599
-0.00105396905786489 0.00721134423420219 -0.0617251739854578 -0.152906062914172
0.00242407391011632 -0.00235041277428839 0.0427142727086718 0.124196868015703
-0.00500135742323925 0.00434446329434554 -0.11095728048626 0.108178460293768
-0.00729419772888363 0.0049761336831742 -0.234450061487776 -0.0167913584405016
-0.0052133931920569 -0.00984240544270341 -0.105821608184322 -0.309784448178272
-0.00352592893901598 -0.00152709109924975 0.312951621998991 -0.28796635011415
-0.00776662035417965 0.00659773680587633 0.373950398655956 0.157072792290386
-0.00257867558274487 0.0177333595254292 0.0395706599939728 0.302226197962857
-0.00624700580419315 0.00539316623584202 0.0321003823687201 0.0358140857475965
-0.0111136752047044 0.00210573198787456 0.0704725535779605 -0.293480122302698
-0.00612268276754747 0.00557272466580972 -0.3767010530579 -0.32084903795647
0.00339873682806815 -0.00269347436002202 -0.464987368144809 0.254454794821281
0.00256869926942944 -0.00733971424448031 0.0934663167526257 0.406313644266875
-0.00632661598046886 0.0029738685221037 0.284685085485661 0.0734385193044363
-0.00917678133601134 0.00471024526991707 0.129121990967836 -0.135611027714818
-0.0060229889571664 -0.00281549984685145 -0.0629834762360276 -0.149248423202084
0.00111992501139131 0.00155225873375575 0.0425731599430319 0.121786859527559
-0.00628428754457219 0.00332086428349945 -0.112676917886726 0.104725860000019
-0.013046933717225 0.00148620103940454 -0.232634611332458 -0.0216520927529631
-0.00857975097617135 -0.0105337840209121 -0.0946758781194691 -0.313747879597258
0.000688551159456504 -0.000125498164799599 0.322473977544432 -0.278520021116398
-0.00401830472924275 0.00932276383616982 0.372197306024905 0.172687281885118
-0.00184710742013862 0.0189702629598772 0.0341352824383076 0.306815076663402
-0.0059217732676963 0.00575345823220031 0.0313918318601217 0.0376114177344633
-0.0100878997803066 0.00354893029284813 0.0654167606915813 -0.29135406153358
-0.00158817157713786 0.0082913196944973 -0.38426420208307 -0.305371158692081
0.0084018314248759 -0.00201375169351114 -0.455583775761119 0.268220273864202
-0.00177836176076089 -0.00777253440555735 0.105708023804995 0.401482991741882
-0.0133279942610429 1.88412880478012E-05 0.2871549694719 0.0664465010853813
-0.010493282627532 0.0039303749161312 0.127517039625283 -0.138713101401336
-0.00682251850425447 0.00124433372003853 -0.0637187620861952 -0.151018084713181
0.00075912950750196 0.00530837429508928 0.0415705965948397 0.119569485630579
-0.00509659005166903 0.00181478206870304 -0.11410418958484 0.100455480576857
-0.0168268212560708 -0.00244544185306331 -0.231051195820799 -0.0292900733387652
-0.0116855349775659 -0.0110667344889205 -0.0819295532479005 -0.316892962893604
0.00314011364015894 0.001581693954378 0.334833313248263 -0.264918039476863
-0.000163108953233085 0.0106108254996176 0.367703529359019 0.188973379603041
-0.00103914169115405 0.0191688882432591 0.0275118096109899 0.312395210243361
-0.00543291103318241 0.00465650042632231 0.030990399456937 0.0385755640365044
-0.00891871534647972 0.00363320666244316 0.058927566359251 -0.28909446364666
0.00334620517093567 0.00931524691269678 -0.390764844852127 -0.288594173324139
0.0119924325498268 -0.000789192380037807 -0.442626127013432 0.285709777347809
-0.00421989546273072 -0.00726011351677282 0.119474877977643 0.398685428636961
-0.0179349393993972 -0.00240123361591298 0.289148654304203 0.0577690198145469
-0.00961303792368177 0.00285329729460381 0.12547273158147 -0.143309466263918
-0.00684354833102802 0.00524913503825017 -0.0643983736596889 -0.15262764995462
0.000289481505732285 0.00747145940617279 0.0411537948906547 0.118185182303052
-0.0035254153415687 0.000504014341399159 -0.113827262175619 0.095704996474188
-0.0188872420787638 -0.00624697393393352 -0.228651686556077 -0.0368827571866038
-0.0135787726770697 -0.0108808817860254 -0.0708885139471634 -0.319570993620817
0.0050500192426428 0.00323782824444164 0.34571285180911 -0.250039147422169
0.00238440774365502 0.011065961670981 0.364418558979682 0.206792015165656
-0.000331412126208962 0.0187129987830575 0.0220022659286794 0.317500940804669
-0.00556265033094452 0.00292538788913507 0.0312088964944549 0.0400152744913948
-0.00723728124414414 0.00396553736145161 0.0526886959986353 -0.286940533157739
0.00704357513453811 0.00891308134321401 -0.395009932374458 -0.271606927085449
0.013853059547014 0.000248257361775417 -0.428384496015826 0.302231784991247
-0.0068866328936403 -0.00522898412158718 0.135100447435863 0.394521100678624
-0.0208414613082336 -0.00484535092740942 0.290404640953386 0.0491272377486909
-0.00786026439100652 0.00129039505106047 0.123895238764394 -0.147931821087539
-0.00625498986706082 0.00916474890381105 -0.0653178121895858 -0.153534405443381
0.000804951615675308 0.00977004914778563 0.0403044684288625 0.117552306172898
-0.00044315296622256 -0.000958268494801938 -0.113532878993494 0.090923842811821
-0.0177049521432061 -0.00856181235533466 -0.226771212022953 -0.0450106996018105
-0.0145405992372981 -0.00919686228932169 -0.060504888140963 -0.319781336639495
0.00498867595369787 0.00407637656487108 0.357624269763383 -0.234359117289065
0.00333775825079777 0.00918337018444697 0.362687630754653 0.222117330382988
0.000268072172951418 0.0167814857491447 0.015763618092632 0.320340919787432
-0.00597956897638622 0.0012315274568879 0.0306736442584371 0.0407748154722228
-0.00669789449213802 0.00167412460516774 0.0489216722998091 -0.284664546048082
0.008613224953351 0.00757509501028389 -0.398705992900213 -0.256465252363308
0.0143842578367215 0.00129976246966096 -0.415997007769227 0.317249225402191
-0.00772085751590922 -0.00283160183943063 0.144915154206769 0.392698268411039
-0.0200043936926782 -0.00563407797496483 0.291156764256919 0.0405625179765557
-0.00473789582273351 0.000273565964763874 0.123892377121936 -0.152945791207216
-0.00510154484397589 0.0109296794752769 -0.0662535649496646 -0.154014432534527
0.00160426224083478 0.00991132873178273 0.0392252223052618 0.117119909950584
0.00283285642259101 -0.00197334272344205 -0.110745740286247 0.0873980528285439
-0.0139643380571372 -0.00845986689432396 -0.225603791801744 -0.0512345127657298
-0.0141420166738878 -0.007018493405733 -0.0548128391356586 -0.318048088259009
0.00362176101916521 0.00438376094806497 0.364853153142661 -0.224166270772972
0.00310370045870266 0.0064155446457561 0.36024467939316 0.232491842762962
0.000594668206443089 0.0141192671675921 0.0125333891403083 0.322192850025801
-0.00559001627719018 7.52273858271907E-05 0.0302566128682931 0.0407223146280097
-0.00598557761712763 -0.000405699332410464 0.0464962929248724 -0.284029546886912
0.00810579198939124 0.00469541541532351 -0.398494637442224 -0.24683155229867
0.0127790646182982 0.00243925480908842 -0.406861089575749 0.328515113610597
-0.00719042144882404 -0.000591645450235313 0.151664106450909 0.390822967241822
-0.0160567114776288 -0.00673308894914672 0.292046953889214 0.0342749905927869
-0.000529329654347887 -0.00125901721036865 0.123934713736628 -0.156998181216973
-0.00374204514689421 0.0114151348126521 -0.0661910339610806 -0.153667990564993
0.00310116885978628 0.00884187663706982 0.0384333316958975 0.117637296482295
0.00630608109580824 -0.00163410250807361 -0.107881505744673 0.0846865589399289
-0.00871449905938204 -0.00688272347377413 -0.225630631581624 -0.0556767959969593
-0.0122307390914527 -0.00406687683287321 -0.054483262226679 -0.317459827620079
0.000702666521724636 0.00371267245701478 0.368438877219255 -0.219040211927288
0.0014626196115558 0.00319643089291381 0.363638868387983 0.237162245062904
0.000572039110975265 0.0110740109470601 0.0127572644690658 0.322259463129716
-0.00614072972040257 -0.00115266161200551 0.030986802663754 0.0397884436192292
-0.00629173929442529 -0.00296671829354305 0.0459314409102197 -0.283803659234378
0.00539915760292226 0.00184793965153431 -0.3985963699798 -0.24096382541301
0.0102999862670126 0.00325615956456325 -0.401514623174745 0.334644855065401
-0.00427654220477978 0.0019603724499287 0.153570456203742 0.392352507170468
-0.0104440615760048 -0.00677892367012006 0.290509723357673 0.0302103856790143
0.00377360317545829 -0.00293340003222574 0.125405226189598 -0.159607523927629
-0.00211697697021471 0.0104744204256275 -0.0665046322765887 -0.152095781026937
0.00457690227147908 0.00663615613695584 0.0372632815021966 0.118861787036425
0.00987788006783107 -0.00104449469074252 -0.105711073767949 0.0847293421487976
-0.00221956594390109 -0.00345168323358627 -0.22554961572287 -0.0568677965563302
-0.00938609970017311 -0.00142631522100936 -0.0592790118448557 -0.314899993596554
-0.00310878986744585 0.00298136031871308 0.36807755562376 -0.217888922047086
-0.00122593783636401 -0.000893776126227134 0.366328950774345 0.233716463433772
0.000425024203945313 0.00889141470780877 0.0144566985433172 0.320630313441603
-0.00638659282550374 -0.00217940296986373 0.0308129284230512 0.0390259680909155
-0.00681711746064527 -0.00506408002526057 0.0475448749519611 -0.284815709510461
0.00135210931904804 -0.00164932574238718 -0.393546608172628 -0.245589180800606
0.00607908766922443 0.00332081848306183 -0.40281054686218 0.3335354784709
-0.000931800053092494 0.00372053328995487 0.149718244973117 0.396790541028987
-0.00272083541153351 -0.00571786987136249 0.289049012136019 0.0310124045569702
0.00740630093113526 -0.00404936791335757 0.128232622468116 -0.160532180076305
-0.000592587653975293 0.00782119821059779 -0.0654148972956013 -0.150384942926829
0.00224549561986653 -0.00248574184977185 0.0456426531287691 0.121935304061
-0.00453843621918012 0.00447280886221244 -0.108229302701286 0.109268768745468
-0.00711865923374959 0.00532170500136735 -0.232983094032373 -0.0133219521753598
-0.00536246884519642 -0.0094392933702291 -0.108730210951771 -0.307716025522144
-0.00351068882350334 -0.00124627381883706 0.308650024887998 -0.290835948280416
-0.00751430336720457 0.00695788067718516 0.375081322492743 0.152751631096042
-0.00248093053442703 0.0179838872698819 0.0427627861207755 0.301886816198359
-0.0056018401344024 0.00536192751600095 0.0321921015482395 0.0353096986510228
-0.0110632529400505 0.00202421665413166 0.0677360246241622 -0.293588302636583
-0.0063058044356093 0.00589269088451608 -0.380400491843508 -0.31617205383763
0.00335459209100164 -0.002489903616284 -0.461931227692367 0.257662855648251
0.00251285103299408 -0.00740922742547524 0.0972864035364327 0.403543492835381
-0.00614691197330781 0.00348488216991402 0.284075928452562 0.0693221249709954
-0.00862910079946778 0.0050209801845913 0.12685136127798 -0.136907546235605
-0.00614924603874742 -0.00265340676911872 -0.0662785153767338 -0.146653897887387
0.000903551461949178 0.00138350106574677 0.0454418634068328 0.119888475600253
-0.00616494204086144 0.00317871259362851 -0.110099296451811 0.106736748713275
-0.0131943372012316 0.00146623883187858 -0.230796295421063 -0.0183694659845203
-0.00906550402859014 -0.0107616353123217 -0.0971388853171382 -0.311677095186228
0.000261280130722963 5.04492145433581E-05 0.318065593814473 -0.281720883829227
-0.00372172589456662 0.00912211347717531 0.371988124940451 0.168747187764735
-0.00114990447678245 0.0188323078347044 0.0371888476170943 0.305881703101836
-0.00593010857557819 0.00527646207959153 0.0319973221535447 0.0370515504668292
-0.00997327114131226 0.003234016846943 0.0625952700421937 -0.291621777701319
-0.00149568063463193 0.00829645463842438 -0.38741041748521 -0.30213835417657
0.00773929513412719 -0.00223796509209645 -0.453220129263324 0.272139012066121
-0.00145676264123263 -0.00767508094532374 0.11085659237954 0.399490826582735
-0.0129793942106944 0.000638316237852586 0.286231991244287 0.0625610954672517
-0.00991823781148837 0.00416217185191341 0.124241272373472 -0.139845977568177
-0.00721937747182081 0.00188304373596575 -0.0675143665012111 -0.148448812442475
0.000167906980699736 0.00483276411833837 0.0443671706429262 0.117577212644468
-0.00538570967500548 0.00198183928342273 -0.111428758169398 0.102373721061971
-0.0171871401576934 -0.00224940161986637 -0.22927869951131 -0.0255312968642424
-0.0121220661303122 -0.0109079437743392 -0.0854562709044998 -0.315350806465336
0.00357753608461753 0.00190177506716939 0.331345227274017 -0.268054118661074
5.08415464974127E-05 0.011238724319233 0.368504323366801 0.186066981579925
-0.000759228126645999 0.019321992479777 0.0311978579391699 0.311673197375306
-0.00593901151290851 0.00429738389149596 0.031266536532583 0.0382300069912355
-0.0090492186403726 0.00391184636480804 0.0564509399131466 -0.289390978524204
0.00307480303875669 0.00891222981599959 -0.393843124255459 -0.283734831903381
0.0115344998469526 -0.00152831742555046 -0.43771718621518 0.290004700347351
-0.00448992804708524 -0.0067603905724138 0.123807196203053 0.395967892307174
-0.0181434467208515 -0.00205657414417219 0.288520179369501 0.0538309460987173
-0.0099972205012163 0.0030044343295489 0.122115358540408 -0.144363214420776
-0.00694496356525941 0.00576643858773618 -0.0683752369781841 -0.149712913977749
0.00024313941985226 0.00741274387463242 0.0441805856865875 0.115481969748164
-0.00390774246563917 4.11478440559706E-05 -0.11157327633898 0.0968020214044632
-0.0187543899725191 -0.00638097875145124 -0.227086738039443 -0.0339195356269366
-0.0139348535588486 -0.00993070648847081 -0.0736446158346708 -0.316872537925583
0.00472260879224171 0.00337272166265516 0.341329765181495 -0.253648318762936
0.00253351674358337 0.0110170052919137 0.365276979372551 0.202987391471556
-0.00026746188322183 0.0182812721133146 0.0255138425596375 0.317011324025316
-0.00536323327681115 0.00341917104344519 0.0316704970303378 0.0395309075832915
-0.00755366843895792 0.00359318676003611 0.0498966881192193 -0.287721938118439
0.0070712901606217 0.00869749065194624 -0.396487262918745 -0.267734720622434
0.0134495898095827 -0.000265867868840548 -0.42415163761048 0.306927129754468
-0.00683635715806108 -0.00505309003905449 0.138999227988205 0.390887743891972
-0.0204861569824485 -0.00431482955480264 0.290043090972337 0.0451021956333326
-0.0078755224106585 0.00167556635946542 0.121083093493987 -0.14881875018025
-0.00616100652262746 0.00944610487096549 -0.0691302157755199 -0.150692812573311
0.000801250901634387 0.00911083643057805 0.0430755845848082 0.114457902088242
-0.000966385346611166 -0.00155720469998476 -0.110568105676379 0.0922489929695839
-0.0178764022680849 -0.00787758749409916 -0.224849093231211 -0.0413789813411816
-0.0142446230778105 -0.00875841570610109 -0.0642832738035376 -0.31787952330185
0.0051626203375111 0.00420937959790774 0.353912226452635 -0.23906208850693
0.00368893561387499 0.00933924458194084 0.363673812815848 0.218028006603444
0.000649401000072816 0.0167385974097822 0.0199118442678679 0.320214287245253
-0.00585191168266646 0.00132124147341082 0.0310840039210637 0.0402870294704707
-0.00638241456915325 0.00195355991074503 0.0457079961128014 -0.28534198846287
0.00862374997773255 0.00723923963302591 -0.400855400302406 -0.252818867644828
0.0140375915333701 0.000978182017248789 -0.412094157682944 0.321833946728269
-0.00761492428903987 -0.00245225903365286 0.149514153128109 0.389254301723823
-0.0202043960963649 -0.00544093604705581 0.290659304823491 0.036493754038263
-0.00433118495188041 7.97738238790236E-05 0.120470637960152 -0.154031337879352
-0.00487408464267009 0.0110417631745179 -0.0695812874295799 -0.15130371090985
0.00165681846890942 0.00977548234522711 0.0423756089661381 0.114388107953734
0.00267512199717838 -0.00218703956686612 -0.108618056381785 0.0881102968103448
-0.0141720536800951 -0.0080997765578433 -0.224412506690683 -0.0482843973525609
-0.013939880100948 -0.00628466390745107 -0.0587301653872077 -0.316352943395246
0.00367592110574788 0.00468334209023336 0.360616671809322 -0.228090998204695
0.00340711777464537 0.00661679021733357 0.362920574468278 0.228935320996607
0.00109454866044607 0.0142830295219786 0.0164773445216222 0.321772962513554
-0.0058958210456571 -0.000468923260348341 0.0308556863829593 0.0397265863317395
-0.00628045099328941 -0.000368896709983157 0.0437184845465345 -0.284250135635325
0.00785174687357718 0.00446902890282781 -0.400058716964839 -0.243090599934598
0.0128943223809239 0.00188885156985109 -0.400708840203836 0.333394447746532
-0.00697636021053564 -0.000263299850214461 0.156153834752567 0.387766131402072
-0.0165961416331143 -0.00622737653614007 0.290346068720617 0.0315100548649111
-0.000288433167440674 -0.0014532805805739 0.120532928400816 -0.157551678492815
-0.00321014942839246 0.0118138384555193 -0.0699008365359561 -0.150674492335594
0.00329048493757173 0.00878075428273889 0.0415875986332391 0.115283377702589
0.00618540786485347 -0.00175469820906563 -0.106136315751169 0.0855952042735614
-0.00871809938807066 -0.00654123230612251 -0.224165131859146 -0.0515897979093713
-0.0124556741840753 -0.00391780269304442 -0.0585353040661515 -0.315366737922063
0.000575389061348273 0.00409941605620148 0.363965173261565 -0.222856151742977
0.00155871381773382 0.00340085906693254 0.363769656684217 0.232375136241231
0.00122237491570062 0.0112530423574998 0.0168982262286783 0.322182155086843
-0.00599651795235245 -0.00135807234595198 0.0311211433964357 0.0395017866158455
-0.00621668358291313 -0.00291103817777834 0.0427974697145872 -0.28499545645642
0.0053694085162517 0.00146398540169208 -0.399110472793358 -0.237879865248497
0.00971162599273626 0.00295205067610364 -0.395052032619713 0.339898689169719
-0.00482204492070279 0.0015550231953903 0.158487887551149 0.388694129773766
-0.0104272948681917 -0.00671790663410822 0.289267390390195 0.0257896161762085
0.00347483926595879 -0.00284689297550607 0.122038058715241 -0.160634741959403
-0.00187657969584959 0.0106591057399475 -0.0696615310920442 -0.149581382969139
0.00481732673735234 0.00648638720742814 0.0409159040821625 0.116901488562537
0.00971001931163013 -0.00157753220934444 -0.102858156324623 0.0859016816411576
-0.00256628901696543 -0.0033161740899023 -0.224825174308926 -0.0532190658388087
-0.0098170886676551 -0.000989827554227105 -0.0627145963795612 -0.313162231176384
-0.00297630749557277 0.00310894680842288 0.364376210858102 -0.222201939458193
-0.00118069556990364 -0.00111610835953377 0.367723482734901 0.228513302673485
0.000804909915716957 0.00893238129347218 0.0182974198734108 0.320016498575926
-0.00635977822012324 -0.0019629063871915 0.0316219793416382 0.0383484499417225
-0.00727635482041554 -0.00531474571903562 0.0448723973022757 -0.285127506205366
0.00166898888310842 -0.00176086710142493 -0.396474830852786 -0.240254202757188
0.00612872859839236 0.00312149416400748 -0.396471018765943 0.3374543489404
-0.000833439221000039 0.00338394033736651 0.154403879511766 0.392714687843596
-0.00336700998926702 -0.00584227628815064 0.288473038002225 0.0272231116609731
0.00729002057739684 -0.00377894760606507 0.124638338432244 -0.161562865139023
-0.000361557949786882 0.00764421138027903 -0.0688559164029613 -0.147992190947095
0.00209118273859167 -0.00272809070505625 0.0487087783078491 0.118860573653139
-0.00520023804443011 0.00396614024767039 -0.10576409301392 0.110434759799754
-0.00709302380538078 0.00490835003842065 -0.230792093517608 -0.00968080878236254
-0.00505517880755735 -0.00921040274376655 -0.111474189126859 -0.305575897625292
-0.00365374925914603 -0.00114972297650999 0.304186488864146 -0.292255433101812
-0.00776807244836539 0.0068661510786609 0.374278881525425 0.150473641452426
-0.00221402877975589 0.0176760375876426 0.0462302468232179 0.300699648124221
-0.00510156738345581 0.0054201758948267 0.0329508068552094 0.0351561332222442
-0.011082133959285 0.00238751056040448 0.0644990926689361 -0.294155330847441
-0.00660206476455348 0.00619176871054631 -0.381589405286967 -0.311384182790985
0.00287064457455248 -0.00209697988530637 -0.457390339368624 0.262810710687474
0.00269069845975445 -0.00762022406288431 0.101898385753886 0.400525915664108
-0.00602168916725792 0.00343118663737455 0.28374634790331 0.0654942829576633
-0.00843866409832374 0.0051151172364529 0.122785880830854 -0.137730348079308
-0.00627214722493825 -0.00232378022384938 -0.0699672617327246 -0.143267821787922
0.000894654645184715 0.000935843936640898 0.0486335891190682 0.117038193906719
-0.00587614724029582 0.0032202663521905 -0.107721022301104 0.106859567857819
-0.0129703913817951 0.00191777591764731 -0.228936458733576 -0.0151016782441366
-0.00877659304043051 -0.00986631875933141 -0.10032428179918 -0.310025688193886
0.000110792511484875 0.000217489266980846 0.313861618888286 -0.284636980855306
-0.00321902562867808 0.00938823656105131 0.373085963414913 0.164162991380873
-0.000775532538575918 0.0187150434775832 0.0403037001589566 0.30555077635463
-0.00532842418176834 0.00513160952063988 0.0327236125087428 0.0366583774177906
-0.00952651765808073 0.0033321205059679 0.0594296276473186 -0.292568444875864
-0.00134764009383043 0.00827621097425581 -0.38807506917938 -0.296966002332906
0.00793798970089845 -0.0021023919793728 -0.448020703797744 0.275846705857527
-0.00129765010422884 -0.0076151398021704 0.113439076385012 0.395763759383895
-0.0131161118775108 0.000736700556127251 0.285511063016508 0.0579663776614067
-0.0102377160832928 0.00428400567742881 0.120698186633544 -0.140849204003329
-0.00714714051255368 0.00170632379198058 -0.0714343964790898 -0.145454007058872
0.00029937054101417 0.00465654282634927 0.0472776242102973 0.114560090416044
-0.00590630702500072 0.00183640013581331 -0.108633980676621 0.10329004838748
-0.0170054601509624 -0.00193749155944609 -0.227360680719054 -0.0221305823874213
-0.0120430985761337 -0.0109458024686862 -0.0881216777493037 -0.312968451608143
0.00327035363091139 0.00157830410308195 0.326461225558037 -0.270622710739894
0.000621075896044602 0.0106436913914727 0.368753159884061 0.181060479298849
4.56847933453532E-05 0.0188378045616876 0.0341510590818708 0.311131934875308
-0.00549746198291502 0.00440712474881031 0.0322476604396765 0.0379323843584941
-0.00836950106250421 0.00432074358331489 0.0534268356111549 -0.290322636625698
0.00351711405137576 0.00917434718083607 -0.39615618951589 -0.278869096343182
0.0115216092576788 -0.00154696764503599 -0.43390256328267 0.294586546852397
-0.00397249547964493 -0.00671812008508813 0.128072264681523 0.391852250811553
-0.018021738249706 -0.00148262705778894 0.287724981274895 0.0492548049666974
-0.00917899124646834 0.00342019858635047 0.118495710910624 -0.145131211216638
-0.00715642382026704 0.00594778649963626 -0.072074852612057 -0.146619866556573
0.000146725566924263 0.0069821833136763 0.0471638113861767 0.112876730722292
-0.00424886780596398 -7.64477507728409E-05 -0.108621067885255 0.0984178359035748
-0.0189136522752721 -0.00558214023351923 -0.22543451163622 -0.0301853698403086
-0.0139661160370028 -0.00961212467124757 -0.077297145660799 -0.314868176906766
0.00511799137820456 0.00299219203292372 0.337242255223737 -0.256913345637583
0.00284257604552724 0.0106488261025645 0.365665112683031 0.199194578952084
0.000562844685887871 0.0183241526620975 0.0285133902516654 0.316301268113654
-0.00591608906885688 0.00340969501380196 0.0322339309099918 0.0387813725856758
-0.00716069372616708 0.00335914605099612 0.0472348289336524 -0.28758110553573
0.00744728517871678 0.00910475704669107 -0.398578166693238 -0.262288629847841
0.0134216730444112 -0.000983349315082305 -0.420788313907341 0.311652721994075
-0.00678856152703143 -0.00471776081444472 0.142326164161193 0.387793552520343
-0.0207005029777942 -0.00359299436834056 0.288661001618466 0.0408519184993964
-0.00749786917430998 0.00190338075435038 0.117428131421468 -0.149964992901434
-0.00607471676097853 0.00949771107341317 -0.0724584378041761 -0.147672454905018
0.000880893266487884 0.00887753704835325 0.0459120277765979 0.112381719012705
-0.00125077914984874 -0.00178869910250353 -0.108067264107301 0.0932845717120244
-0.0180025941651576 -0.00755760776479268 -0.223363437066989 -0.0380375609698178
-0.0145653129009671 -0.0080450428286905 -0.0679589274496868 -0.315349090947503
0.00513959804571583 0.00434559022025245 0.349077421240611 -0.241832741223899
0.00425020066051325 0.00900346112142169 0.364583581946536 0.214563744842252
0.000751741318136874 0.0167289563060746 0.0236495874968503 0.319069518531494
-0.00577988645127587 0.00120755196085554 0.0316902088727756 0.0392525604534817
-0.00674905065411985 0.00201699937564327 0.0429907205038032 -0.286062737928102
0.00864272472619038 0.0073400263064172 -0.401747131490463 -0.24822671177545
0.0138726247359352 0.000719150076621728 -0.40626027360697 0.32605737444639
-0.00745659077632778 -0.00254620819198069 0.153442855910455 0.384923033821682
-0.0203385051058291 -0.00501732506395054 0.289455695845862 0.0324550179351808
-0.00486977764016703 0.000417922358384286 0.11679851808688 -0.154101272854444
-0.00470428509693842 0.0116748475941347 -0.0728677244110092 -0.14856707080379
0.0017991290746715 0.00945132240345907 0.0452436571816688 0.112008479280911
0.00217278589728056 -0.00255493343404433 -0.106339003498304 0.0895559708237449
-0.0145408855029791 -0.00807124848754849 -0.222796640433009 -0.0445758619069219
-0.0138693022117669 -0.00598021750488334 -0.0620105171142823 -0.314276300028586
0.0040441277669704 0.00482911206444361 0.35720504729878 -0.231003430192278
0.00349522955828319 0.00659360136398208 0.363635154919588 0.224910189017726
0.00113017614855381 0.0140150970548095 0.0197156957562592 0.321288300617032
-0.00612618553881956 -0.000119003832462966 0.0319488928361498 0.039083834920828
-0.00616101365593111 -0.000559114476872367 0.04053210891433 -0.284616261410484
0.00812045737140351 0.00433805058387925 -0.402000949200233 -0.238542143311886
0.0126022280085088 0.00174647914704328 -0.396125595121255 0.336166784311639
-0.00641437084154394 -0.000241433598828413 0.159703911265763 0.385000582367395
-0.0162278725710857 -0.00633454413414613 0.289142040093728 0.0266217944225318
-0.00014326017956371 -0.0018063282662264 0.116681801669842 -0.158653673759104
-0.00283581997509752 0.0118536971305651 -0.0730862221555822 -0.147218412707309
0.00303088697554221 0.00814174109589278 0.0446599359785036 0.112821637057096
0.00573756067473463 -0.00223651495137142 -0.103324291820452 0.0869498923114991
-0.00940180725385311 -0.00663117227199583 -0.223140547110785 -0.0489180306760218
-0.0123855169541704 -0.00319821007330157 -0.0619566022753681 -0.312922532624504
0.00120571201196933 0.00414337258762317 0.360696976651478 -0.226163622976503
0.00171865769703042 0.00309126106163635 0.36537498168943 0.227329307119984
0.000910430618051651 0.0116510803808153 0.0195421654326122 0.321440579418349
-0.00618733141372856 -0.00144140065038487 0.0315357615779627 0.0383889707454982
-0.00640074084301148 -0.0031283289596275 0.0394802493408616 -0.285380285766261
0.00513525188249703 0.00158072127921418 -0.400825404361513 -0.23181828871769
0.00984585028813173 0.00237391095553044 -0.389722564346804 0.34134092400896
-0.00448920191392297 0.00213488367968014 0.16235082953405 0.385422808221191
-0.0107078568321139 -0.00612311393350685 0.288476776994527 0.0221846918159384
0.00299219552585464 -0.00340016541777354 0.117960900345771 -0.160995054546912
-0.00198496832518754 0.0109573030216443 -0.0735889677061999 -0.145684434319863
0.00477955098049942 0.005905385009258 0.0439093726226652 0.114121560300276
0.00947149044286794 -0.00165571140589095 -0.101238258771377 0.0861089230708351
-0.00242184460485296 -0.00347369814514252 -0.2237669687352 -0.0500853343267724
-0.00951138012704417 -0.00138584740464501 -0.0663061212436701 -0.310725540839681
-0.00264741589774357 0.00337769620378391 0.360250448762457 -0.225705926722059
-0.00110275108401139 -0.000901245253950651 0.368626442199214 0.224828141131306
0.00124361469986705 0.00898389386211669 0.0213502680330853 0.319570256847685
-0.00642020174362303 -0.0019099645156147 0.0319133140253104 0.037552447942007
-0.00733853423408866 -0.00543804355420523 0.0420220946045468 -0.285591316584623
0.000962268729702917 -0.00202660498762969 -0.39660427044116 -0.237378011218988
0.00528536820124313 0.00271418554414666 -0.392361207588384 0.340276801116611
-0.00128946624249265 0.00385618198699722 0.158319428356768 0.389780680251949
-0.00353704006455221 -0.00535111577927665 0.287022887842224 0.0234105379900197
0.00737084714097835 -0.00437393605981133 0.120607136233478 -0.162163066311732
-0.000112417409113489 0.00794991037631087 -0.072236378882777 -0.143806562898944
-0.000314254321461037 -0.00309217951082347 0.0440001391577276 0.118753130756849
-0.00591261732943023 0.00210328683793671 -0.109593972521925 0.105103637055381
-0.00493376701818567 0.00284921604513079 -0.228045221042765 -0.0223333146622472
-0.00109897166361704 -0.00901490295591656 -0.0924188658152487 -0.311056250462974
-0.00235211363543877 0.00368246346472221 0.317404498544242 -0.276109434500872
-0.0110635851809077 0.0105784347130863 0.364635761376892 0.172270288122531
-0.00443518951099519 0.016498436872457 0.0291599932052427 0.301253624053834
-0.00573672129456018 0.00521348967607201 0.0305440376231167 0.0366391033077549
-0.0101335563621239 0.0034038224374485 0.082688529748054 -0.289398887568531
-0.00441598336707106 0.00709879651092884 -0.361201325633808 -0.334781801383482
0.00553979605810358 -0.00238336393190477 -0.474162107132163 0.234890822334157
0.00301517704431592 -0.00810275139260133 0.079188914805424 0.40159655496649
-0.00761533524151775 0.00364703709719539 0.276318799746698 0.0783433014482754
-0.00900023267641693 0.00619759247805441 0.128084538211153 -0.129039468609581
-0.00559022857668896 -0.000694782542028391 -0.0643720531049297 -0.144829108154054
-0.00152190999012022 0.00106403034728711 0.0434523337036407 0.116390083223185
-0.00732662287411319 0.000839138288299546 -0.111446551854568 0.101982194161042
-0.0113386162741754 -0.000685735135391679 -0.22541239407872 -0.0272438565966321
-0.00441202046174191 -0.00974829546733053 -0.0814620442510233 -0.314836864482762
0.00193692863991023 0.00527448886657658 0.326267248747646 -0.266389316001451
-0.0071026901950554 0.0129907508511031 0.360961893162428 0.185855997618324
-0.00361228782715828 0.0177757323397474 0.0244824199683042 0.305918514680677
-0.00540560067071031 0.00471054016662005 0.0303428167660591 0.0380757317358508
-0.00890666063720048 0.00492263716503328 0.0767219351933919 -0.287319356877785
0.000565146523522634 0.00945369719319321 -0.37010154391972 -0.321004522690785
0.00998401266917859 -0.00122363230810408 -0.462447674242853 0.248768422877204
-0.000637928687892727 -0.00834375154187554 0.092145844927649 0.397255882009169
-0.014107616399448 0.000844541773969767 0.278026484358148 0.0716637190530795
-0.0100480938567694 0.00543035336680798 0.125894043863614 -0.131831227673751
-0.00554965207412733 0.00383318954319237 -0.0650942006912675 -0.146679200973628
-0.00207064102600608 0.00421792070632458 0.043143868823089 0.114072870553209
-0.00725502445828326 -0.000551948700819496 -0.112214130980096 0.0981710092589366
-0.0152099806164618 -0.00485533859474435 -0.223728869626191 -0.0343351378462232
-0.00736164037449447 -0.00988115396487974 -0.069233333425911 -0.317263330109203
0.00503454087805953 0.00748169335836687 0.338012525646591 -0.252778783486517
-0.00346693054697574 0.0141944806640848 0.356578900936716 0.202747491040618
-0.00290341051238942 0.017696935516147 0.0174630964717055 0.311017471141982
-0.00565622246545387 0.00349307316802318 0.0297536655139761 0.0397037634167038
-0.00778135725526145 0.00590528149679371 0.0706650538062078 -0.285829579620216
0.00475952054166171 0.0107869577370984 -0.377477209302759 -0.30263400639024
0.0136422050301208 -0.000799333092507582 -0.451158307983601 0.265250979600644
-0.00366397445418421 -0.00776552201956817 0.10591523278985 0.394465457238508
-0.0190421985774689 -0.00107528601737431 0.280648923187472 0.0634844736126095
-0.00953896805018116 0.00407965557977908 0.124326703228718 -0.136428854653513
-0.00607494639480529 0.00757179600995538 -0.0660707092865536 -0.147788431871292
-0.00218721773347602 0.00746764779929715 0.042299943900052 0.112094674712591
-0.0049338794594106 -0.00205386381550558 -0.112469155132055 0.0927632543858038
-0.0169439130050296 -0.00815954264235923 -0.221281604260521 -0.0423091722767245
-0.00906340513013329 -0.00948118940810731 -0.0569176518171173 -0.318401091250094
0.00676712677461777 0.00874457997232409 0.348581859989426 -0.238228827212272
-0.00141573431101354 0.0144771689505434 0.353091517748594 0.21889115309558
-0.00218710052605018 0.0167613448067369 0.0116761212459192 0.315236647152653
-0.00567773562219949 0.00267519894215825 0.0296157004856154 0.0405807566146339
-0.00652586854059247 0.00487133585176788 0.0650767578801374 -0.28384216683363
0.00885522983145653 0.00967921219478182 -0.381811079026872 -0.286156993192275
0.0159941132745758 2.9630960681197E-05 -0.437954161139082 0.285491591672744
-0.00626539808677563 -0.00592359505172408 0.119954199809219 0.391192779500525
-0.0216492823619302 -0.0031417207889608 0.282237651614775 0.0551039689252516
-0.00772840147108919 0.00334534652231065 0.123248152327794 -0.14104996246324
-0.00523993590322851 0.0109330853322411 -0.066087843315733 -0.148490816913884
-0.00156129859735813 0.00867693465988412 0.0421900187550963 0.111104449050022
-0.00200443163089345 -0.00381329139293861 -0.111675037812138 0.0889110293609137
-0.0159489034647166 -0.0107601077406071 -0.219376860679841 -0.0499201958737463
-0.0100140028121316 -0.0078476959102696 -0.0487901943227454 -0.318462261587248
0.0060858693203399 0.00953614883398306 0.360275865584932 -0.222647108468904
-0.000518102960925311 0.0128526626537055 0.350039178708723 0.235441947970699
-0.00243838736726614 0.01489444373802 0.00607091637891844 0.318233002396287
-0.00610040760528092 0.00115730352300303 0.0293141686469174 0.0406247549513164
-0.00578412966312704 0.00310983278494562 0.0606948050591642 -0.281666937051985
0.0102555990900919 0.00831235403960661 -0.386153975581341 -0.27261824707779
0.0163176755129681 0.000978662250623499 -0.426699337774458 0.29947083890702
-0.00705360256677439 -0.00342051413864779 0.130817482974598 0.389761249093621
-0.0211078276975137 -0.00402361821831303 0.283148939199381 0.0463981643107737
-0.00478003719673768 0.00147189841405664 0.123152327476911 -0.145656732934328
-0.00408025414286987 0.0130086299726077 -0.0664638825424829 -0.148955625570644
-0.000949444292881525 0.00945671855097039 0.0410505836605326 0.110986348686233
0.00206124045479888 -0.00464069709883349 -0.109902546254894 0.0841506891648249
-0.0121413331626326 -0.0101779802536286 -0.218440778190209 -0.0562193669596769
-0.00974760307761907 -0.00497160179411383 -0.0420551970396542 -0.316848192221922
0.00468656359357917 0.00965465999891326 0.367523853817627 -0.211656338242601
-0.000558088643436316 0.00992854458159961 0.348575647277685 0.245028840816171
-0.00149787007244815 0.0126628046220601 0.00263975749941088 0.319597182518896
-0.00594717716766781 -0.000508204862310758 0.0294727635784451 0.0408208933843749
-0.0052661269904418 0.00017244535957274 0.0582577471955223 -0.280750431867783
0.00941746815544931 0.00588630628987 -0.385406140667027 -0.262889715731915
0.0147194999199405 0.00174090546812672 -0.416967605691814 0.311090345454644
-0.00626894522718455 -0.000907365797388676 0.136788322163549 0.389202599695306
-0.0176768151587155 -0.00530131945795298 0.283050141576998 0.0406178700189054
-0.000790195933364301 0.000261554903687759 0.123637903179921 -0.149909589882524
-0.00249712006429302 0.0132185477880826 -0.0666032931825538 -0.148610892439822
0.00118993378434242 0.00882296692873419 0.04019515845326 0.112276830633756
0.00583444631593567 -0.00436852610915714 -0.107279984291609 0.0824011006084729
-0.00740968064136503 -0.00861890485256373 -0.219105371630223 -0.0596431957789742
-0.00831261421612176 -0.0022661943831474 -0.0418791189051158 -0.315710393066202
0.00189315356959831 0.00934200617735652 0.370365046195176 -0.206036017147991
-0.00219818977566409 0.00638886884398663 0.349140759343485 0.248837299646114
-0.00139812194429026 0.0100531991807647 0.00187685249295638 0.320398399923365
-0.00677302247276049 -0.00153789492420588 0.0295030991391148 0.0400148777363404
-0.00570273861448389 -0.0016096081786365 0.0564742462950828 -0.282000843630367
0.00739229492500493 0.00243827706950362 -0.386418532753069 -0.257031121620002
0.0119941698207708 0.00266244927353809 -0.411937671392231 0.318152623698264
-0.00359611993200873 0.000807754965327215 0.140116230397352 0.391020337309843
-0.0123019215146151 -0.00562480235708975 0.282911933702745 0.0369644292738049
0.00318571052446216 -0.0010471310779597 0.124587637223686 -0.152494248273402
-0.000664043489389191 0.0119133234581583 -0.0671360724191787 -0.147180536736867
0.00257473604385128 0.00598919331296674 0.0395380656865242 0.11356091266004
0.00894110377361507 -0.00334525035271398 -0.104423651969261 0.0817562815627034
-0.000283987347265503 -0.00580918010708625 -0.219976449214501 -0.0612833657591816
-0.00581039312274523 0.000464862164417921 -0.0466674836378115 -0.313648413276732
-0.0022858156734921 0.00829144261969765 0.370931258859268 -0.20618749485956
-0.00547656959224838 0.0023073968366404 0.354247687017149 0.24479049502567
-0.00163938602978217 0.00769518840078545 0.00439125966480171 0.318700674155398
-0.00648658070813401 -0.00208046802259579 0.0295115809608564 0.0392284034638203
-0.00653212697009897 -0.00381935435917918 0.0588316105839933 -0.282409903725138
0.00319525025698933 -0.000664647140251251 -0.381061754297286 -0.260539634981571
0.00780862079454086 0.00299441715258806 -0.412084553824687 0.316081900426737
-0.000732038037829485 0.00267861987350152 0.135659238767739 0.394718087606904
-0.00523967666290199 -0.00469622629770165 0.281551524824685 0.037637136704924
0.00695478156865302 -0.00226764743624579 0.127884540182046 -0.153304714138899
0.000734597254053596 0.00945101940094283 -0.0655203478018563 -0.145877706717257
-0.000721212107690909 -0.0029196833995755 0.0469474439736346 0.115295354651069
-0.0063761534578704 0.00223965207462066 -0.106207212967401 0.105536693354409
-0.00469324882399694 0.00317080117993274 -0.225403082729662 -0.0206563993065368
-0.00104888480701758 -0.00931297962394579 -0.0950823194404622 -0.308294751151578
-0.00224204662925345 0.00352196692110563 0.313047400848183 -0.277535546694859
-0.0109697629065898 0.0109201881582003 0.36470391879613 0.16849057043323
-0.00406038009941889 0.0162563585540835 0.0324333954119175 0.300912365495551
-0.00526703817605223 0.00504897888762656 0.0314489618846475 0.036245248472943
-0.0100047646288265 0.0038950912183713 0.0796694118747395 -0.28911660109572
-0.00415550113516239 0.00739823399744956 -0.362077519591746 -0.330141974163034
0.00492626804041695 -0.00198704903479848 -0.468231507585673 0.238346415666281
0.00255992450637712 -0.00809622073093886 0.0819135592295218 0.397141020840814
-0.00745303342995587 0.00359909601416427 0.27439175906648 0.0741765751983638
-0.00844745818028002 0.00659077113366555 0.124303578898084 -0.129199204429004
-0.00574409854676438 -0.000440004657669963 -0.0682867033790126 -0.140434251853352
-0.00194899095608318 0.000647475589818414 0.046563730867289 0.112876970069432
-0.00694551862478277 0.00112373820671494 -0.108747472108756 0.102989008286695
-0.0110681659204344 -0.000859680246367402 -0.223075576123613 -0.0246356688864845
-0.00453137605898734 -0.0099248382293586 -0.0840883857687164 -0.312225762544319
0.0020406838280693 0.00556495337845074 0.321936824028553 -0.267347237718581
-0.00666294959656185 0.0130992346902315 0.359741614132487 0.182405072300439
-0.00318278280501894 0.0175058838941164 0.0273492354810982 0.305290544080495
-0.00527470552126314 0.00493711941874695 0.0303455635210181 0.0375052516288691
-0.00910811645254761 0.00481248056941745 0.0745992370132435 -0.287676544203563
5.55257716090603E-05 0.00955949984512411 -0.370036471161249 -0.316541959643846
0.0101188336933638 -0.00161654688055417 -0.458786446189621 0.250895218223804
-0.000970128644405367 -0.00854216062245581 0.0956058912514212 0.394084392802489
-0.0145727683353493 0.00136951337009991 0.27687338947879 0.0677687946392968
-0.00958789699754462 0.00529659224263807 0.121914260547298 -0.132416505566965
-0.00588037462217718 0.00376866009471907 -0.0689727350873045 -0.14164041236427
-0.0025029575435781 0.00427217923287882 0.0462378789395574 0.110108647504705
-0.00703627537636113 -0.000819773466291553 -0.109725948203938 0.0985954168057502
-0.0154995940112893 -0.00409452607071727 -0.2206265299591 -0.0315846300743519
-0.00717692644852677 -0.00930432548590129 -0.071191455541806 -0.314364128136228
0.00494913972743391 0.00730690533985296 0.333896603385686 -0.25350318229677
-0.00366479583398595 0.0141434983138131 0.356046849962695 0.199778085451922
-0.00254397839007986 0.0172608993362138 0.0211124369129537 0.310939453128221
-0.00562655620259085 0.00367955701933676 0.0305490656900572 0.0391669698358934
-0.00766257485511437 0.00511316937017193 0.0679608271913757 -0.286189431768899
0.00549200325188655 0.0104790418243055 -0.378053671636101 -0.298694227394881
0.0133011933354035 -0.00123261962911419 -0.446154418251464 0.269252888004031
-0.00316460750036399 -0.00754540119153692 0.10893936049936 0.39043484831668
-0.0191367969563589 -0.000932762858526535 0.277956532482533 0.059117373700377
-0.00943947530715675 0.0045963207036218 0.120624608952848 -0.136537422147953
-0.005858433081373 0.00771954977273667 -0.0697221781086258 -0.143569877933235
-0.00251850104306984 0.00686115394823652 0.0460315686296008 0.107824443919369
-0.00532837917597121 -0.00289580583781022 -0.109487890513425 0.093939854703795
-0.0172932525506912 -0.00777528915180477 -0.219142561621623 -0.0391404416074495
-0.0094899597170957 -0.00820893720126379 -0.0593665000818106 -0.315684616376474
0.00633503210355485 0.00870184124305145 0.344887234987381 -0.238998128869873
-0.000867472289931642 0.0141420486309004 0.352536492054252 0.2164568904567
-0.00161416382697048 0.0164759275653711 0.0152013778921269 0.314592723207963
-0.00602321863524791 0.00266899557633305 0.0298477288686866 0.0396728346677545
-0.00680448599696614 0.00416763080241859 0.0626957174444387 -0.284069933181147
0.00887437782699448 0.0099699590924955 -0.382743441657597 -0.283045406040403
0.0157435698750906 -0.000616491334126955 -0.432579153072276 0.287394793946317
-0.00551821991591634 -0.00570119115678028 0.122871384918551 0.388141163248779
-0.0219320878848021 -0.00280368161593371 0.280095903944416 0.0510827061184301
-0.00764943723086417 0.00292410452222671 0.119176229635396 -0.140955128277386
-0.00532765048676041 0.0110420180456883 -0.0704860971551821 -0.144041843302478
-0.00186291155310076 0.00900149536232965 0.0453004881403729 0.107254264703483
-0.00231449637340822 -0.00431477970870423 -0.109154997620287 0.0889441584928684
-0.0159869738580915 -0.00936483799362159 -0.21683027842646 -0.0467540937481193
-0.0102080753316563 -0.00710847168995147 -0.0507539591179246 -0.316097704732737
0.00662463852637208 0.00924051407582634 0.355306997593512 -0.22480765199678
4.37794545279334E-05 0.0124651324720141 0.350175796693686 0.230860134904538
-0.00204508895222891 0.0147642401662932 0.00891536510089265 0.318483087169382
-0.00636563962882593 0.000396951088273567 0.0303878205222364 0.0400876999215944
-0.00574030531419558 0.00250293039225727 0.0574922190923837 -0.282119539418282
0.0103794156282324 0.00793127616838164 -0.386794722564815 -0.267247244927522
0.0165794983637504 0.000335583334279982 -0.421546640740076 0.301090274685658
-0.00669543810248299 -0.00329668224263828 0.133544489815228 0.385577532310159
-0.021282576739819 -0.0033832068664839 0.281186383347286 0.0431179461032727
-0.0048979900049223 0.00171541175053548 0.119501558965434 -0.145494066304879
-0.00335779481878171 0.0131840008028223 -0.0705353398472308 -0.144587224566799
-0.000568608354796736 0.00951193461296714 0.0442530420679745 0.107974273805572
0.00144016928239832 -0.00510342184801289 -0.106797507493932 0.0847541307732358
-0.0128671074554128 -0.00999340532523868 -0.216153170469706 -0.0525988024431066
-0.00971374417816674 -0.00431529320678496 -0.0449444418919307 -0.314398258784819
0.00488255843296998 0.0097313239763334 0.36330457271722 -0.21336316162493
-0.00028048369191324 0.00941475403737272 0.348788530337543 0.241693438272031
-0.00155487488545356 0.0121284174512862 0.00563509836107499 0.319099743216813
-0.00656595589888624 -0.000309728110573616 0.0297699030569667 0.0401490085864209
-0.00539851232168538 0.000388206631870438 0.0554206404705161 -0.282916294237123
0.00962855953288744 0.00513882980413232 -0.387169280633149 -0.2585604791977
0.0147968844739046 0.00146368971996496 -0.409897729724286 0.314575548067829
-0.00598181170837016 -0.000760434475986154 0.140394371947361 0.385404608731896
-0.0179566020676428 -0.00425915970327234 0.280794714197912 0.0369950805538178
-0.000551975307140682 -0.000382805152176902 0.119641322659462 -0.149642456464944
-0.00194595687674554 0.0133706907945828 -0.070495692127737 -0.144312119030857
0.000998231250121743 0.00803783580643099 0.043994519880872 0.108585785312747
0.00512645325722684 -0.00496194925568301 -0.103962844987612 0.0828535837868452
-0.00731236783003081 -0.00823243628603667 -0.216935875705644 -0.0559040926780431
-0.00842668786150872 -0.00183383718417936 -0.0439665353680374 -0.312878477971819
0.0019759296410209 0.00932452440224287 0.366837572062513 -0.20809953833337
-0.00239312532300942 0.00605610097898672 0.35114241922003 0.24476227463178
-0.00180530888459321 0.00969366298397901 0.00584297150795653 0.31943131997693
-0.00681627047915184 -0.0015758485454198 0.0297317811221102 0.0395021255166953
-0.00593273385874446 -0.00126740098806998 0.054325735630301 -0.281834720054607
0.00693029077891632 0.00190526851296777 -0.38590772790986 -0.253969535011218
0.0117507425760017 0.0020697343182377 -0.405993502906073 0.32079624694355
-0.00356036337251232 0.00131268312253007 0.14313365559165 0.387349055022457
-0.0123900297212564 -0.00513757340885179 0.280450438379224 0.0333367905489524
0.00296849468957869 -0.001540223200352 0.121253476947611 -0.152157773494328
-0.000105984263169046 0.0122753283012676 -0.0701241046828807 -0.142982906919587
0.00263641597277226 0.00613120549328764 0.0432424836984772 0.1101005395758
0.00904813562376028 -0.00387587922282223 -0.101314326530706 0.0819087805015461
-0.000674436861293019 -0.0051355305972855 -0.218006345676915 -0.057403802274359
-0.00551252359496918 0.000379212580857385 -0.0493930182386821 -0.310755520955723
-0.00231471836923881 0.00821267057009129 0.36686288396663 -0.207940122299302
-0.00560559542915191 0.00208406652786123 0.353150701009607 0.240520439489436
-0.0019830742105613 0.00734353800874552 0.00743221610233747 0.318617048868903
-0.00702849975243628 -0.00229253765120212 0.0299036302536252 0.038317427285948
-0.00657094706639283 -0.00420368180523564 0.0565632372394788 -0.283135897603195
0.00306975961897645 -0.00129370658413199 -0.381668225615755 -0.257607425149816
0.007898646863996 0.00247575524686054 -0.407070576119663 0.3187099700592
-8.53094987022423E-05 0.00237130726730421 0.139315447493149 0.390908844188774
-0.00561919545555725 -0.00444177376486188 0.279184345794019 0.0344580985855256
0.00686290309174054 -0.00266841337898301 0.124185874690624 -0.152763839182387
0.000913796956353081 0.00970209037812965 -0.068814597244237 -0.141141015185405
-0.00111498179920276 -0.00325384291406236 0.0500871912696788 0.11052080119294
-0.00576356034153874 0.00201418919122784 -0.1032204542165 0.105656534772828
-0.00437508477392819 0.00333523928892304 -0.222838489421794 -0.0175715859515229
-0.00141905283590678 -0.00892872504952189 -0.0969074578007626 -0.305461991147412
-0.00221161538979542 0.0039217933472143 0.307669610453158 -0.278887223261806
-0.0107104229358583 0.0110396869631727 0.363506366458496 0.165557880463932
-0.00305511116108476 0.0159990651656002 0.035945336880408 0.300042522603814
-0.00471574644443229 0.00524498608693636 0.0313980474516 0.0360560985076979
-0.00949972017501601 0.00376086525417983 0.0774801814167447 -0.289444951405028
-0.00450536850968486 0.00755778343404312 -0.364835521628573 -0.32579526865039
0.0049351420183055 -0.00234477013674515 -0.462670895370639 0.240266257127812
0.00246613593887103 -0.00834885649071965 0.0843228165500515 0.392853819660887
-0.00679744088833645 0.00405136205156516 0.271810703602017 0.0693129552281753
-0.00781208898152904 0.00658687742453801 0.120024483372322 -0.128850932124478
-0.0059403817622782 -0.000423671276791382 -0.0718474136983605 -0.134920897040853
-0.0020065949303007 0.000401004607779884 0.0501169582217714 0.107583335254328
-0.0074154230197482 0.00115388627310516 -0.105378102302084 0.102396909015253
-0.0105737536042059 -0.000807166953253072 -0.220397536038132 -0.0221082621155127
-0.00445918821575121 -0.00935257129842689 -0.0852059573307758 -0.309291424280796
0.00162478445900548 0.00548734408828996 0.316848742259889 -0.268204885182918
-0.00632536257839056 0.0127189361482417 0.360730407267542 0.179510116486241
-0.00233912673014279 0.017256781574888 0.0304861601182177 0.304880067209619
-0.00503965642897719 0.00452080334178722 0.0317664956899992 0.0367064980832101
-0.00869829354035822 0.00438122095864954 0.0726242277782713 -0.287424833479801
0.00096163505608812 0.00966952252957356 -0.371771425197023 -0.312535531638671
0.00957502341826595 -0.00139117458451585 -0.454320241386124 0.255175338142345
-0.000606029963015529 -0.00823704136580052 0.0969279508820319 0.389018118943636
-0.0141563474847932 0.00172773212312165 0.274274880049925 0.0630393323158062
-0.00977284097916408 0.0055965387610041 0.118130315318927 -0.132017086502183
-0.00617723561762763 0.00368268800708692 -0.0729124617007891 -0.136243959320889
-0.00290686019169266 0.00394594679660764 0.0495042270706813 0.105700519871699
-0.00737381469310296 -0.000592847811571719 -0.106068167296338 0.098546102592576
-0.0153915384599786 -0.00391605910039266 -0.21749609896674 -0.0283644755099937
-0.00739848376198177 -0.00914030311304834 -0.0740677149819008 -0.31162632326693
0.0052519524292652 0.00740127390841034 0.329011371265654 -0.255334431773299
-0.00280101450227473 0.0139722882481875 0.35666194380485 0.195893981291347
-0.00173709330002263 0.0169283396162111 0.0244742767051269 0.309883247295876
-0.00538096037661994 0.0038548292633795 0.0310802175694554 0.0383488877076877
-0.0070560588996928 0.00489275052540375 0.0656390048130708 -0.286161884981823
0.00515743725960791 0.0102658936920065 -0.378453058146772 -0.295058292494732
0.0133479463922177 -0.00116497621702067 -0.441591613626157 0.272576634503901
-0.003554430715705 -0.00724109155986759 0.110783482581147 0.385422532758063
-0.0187621799592345 -0.000135009725162319 0.27643362113202 0.0552330144012207
-0.00963434538072106 0.00465031752545492 0.116480855811806 -0.136218674950102
-0.00581109118554752 0.00791932510624369 -0.0739710552442294 -0.137779826533285
-0.0026176941989145 0.00668204358563463 0.0493130986902057 0.104050015896297
-0.00516912283655924 -0.00280647898601961 -0.106131907392198 0.0935257587807284
-0.0172305533215065 -0.00694149516567664 -0.215773985596578 -0.0358167762607413
-0.00914243481954504 -0.00819415610242594 -0.0623891739809668 -0.31293918044252
0.00688134260789374 0.0086267315440418 0.339900844487468 -0.24054510458579
-0.000736591751622998 0.0139452374615269 0.352636504921098 0.213203279399621
-0.00171788156346495 0.0165119405156662 0.0180782306571311 0.314323064065077
-0.00619884035195003 0.0025767894844665 0.0308914329666305 0.0390839017470551
-0.006753300277169 0.00412889280909036 0.0606365617264213 -0.284605410172383
0.00885233799407653 0.00984417716009195 -0.382941039606606 -0.278080545892138
0.0158130383558582 -0.000575643136603644 -0.427761780602584 0.288842583573607
-0.0055275315076578 -0.00537852580484488 0.125041858642967 0.382950833906141
-0.0214876262389552 -0.00174617089491639 0.277599510431341 0.0473129049075978
-0.00802509869246925 0.00340442351321426 0.115276420885282 -0.140473030548828
-0.0050091113574889 0.0108984868053089 -0.0741098583028487 -0.138071577949224
-0.00187355006554775 0.0086807213914174 0.0484396828002028 0.103127626438295
-0.00273446709556049 -0.004186796711344 -0.105488977139481 0.0893878431981258
-0.0164675087977015 -0.00912656275808976 -0.214332091565451 -0.0433109223052209
-0.00928700538636011 -0.00605139553806916 -0.052562930096798 -0.31308053373242
0.0069343641360888 0.00970352476146139 0.351415277792197 -0.22553188084578
0.000112266549437173 0.0121052954929998 0.350549898418674 0.228162005194226
-0.000913603690905104 0.014620601690308 0.0130165888083043 0.316851870892701
-0.00634187107958618 0.000953214023419936 0.0310504413623891 0.0392395380978266
-0.00595294193226126 0.00224320995617756 0.0554821843542289 -0.282843524768159
0.0100540776000661 0.00789240588095185 -0.387517247188039 -0.264061015317045
0.016218985034311 0.000383103119129717 -0.415406445448307 0.304865166610121
-0.0062044765841501 -0.00263424881463624 0.135269686864443 0.381324433851383
-0.0210611525156858 -0.00285607549018837 0.278988120899129 0.0391761183482637
-0.00533231311370517 0.00156458291183014 0.114874403974061 -0.145235066687212
-0.00329564613399466 0.0134011010577725 -0.0744076291281893 -0.139159443077655
-0.000697042101898409 0.00937955649499715 0.0477666255149151 0.103104946624652
0.00103388485463014 -0.00495878472052238 -0.1035281450517 0.0853231104608553
-0.0130580371531712 -0.00942459584469586 -0.213797266063995 -0.0493559196188064
-0.00924615083371435 -0.00401163669836354 -0.0466681756852871 -0.311160404190028
0.00527172059905024 0.0102394079785399 0.35868142432198 -0.215072408993712
-3.86770710295997E-05 0.00935489029288439 0.349154835812148 0.238034493985636
-0.000929623791306262 0.0120855392706272 0.00889487267396784 0.318993443048639
-0.00664934134852753 -0.00075660984009647 0.0305030824459996 0.0396297183870224
-0.00632950556494272 0.000385671465441547 0.0533204942180022 -0.282152235865479
0.00949979122219508 0.00485124799330362 -0.38679747519247 -0.254952857312204
0.0148105150762229 0.00125754504793071 -0.405498332509801 0.315686573746652
-0.00583705154914775 -0.000156720932811833 0.142572482253584 0.380939433749825
-0.0184363514278057 -0.00409917875112027 0.278774788565792 0.0336180905794943
-0.000493822497580957 -0.000163915601155516 0.114895222939521 -0.148938718006313
-0.00154598343098128 0.0130455439054024 -0.0740734361979739 -0.137887623652107
0.00119401341636411 0.00786069461862873 0.0473666671661007 0.104611799632798
0.00543291782363369 -0.00498527819316158 -0.101440519756765 0.0826040282391876
-0.00755410801308087 -0.00791029783861333 -0.213824670644896 -0.0529242828279287
-0.00807556987639466 -0.00135697638292075 -0.0459791219370792 -0.309985560217666
0.00227168901193405 0.00921595094921866 0.3619400253102 -0.209771778976511
-0.00195844251049679 0.00568516434644014 0.350594008244924 0.241690968131452
-0.00123421131460335 0.00936939032030507 0.00838032850116845 0.318349500126273
-0.00719914912799237 -0.00127106970555426 0.0303429339397036 0.038549000188681
-0.0061247402955998 -0.00180380774878086 0.0516769258061271 -0.282355229006818
0.00680454566838197 0.00197712922390642 -0.386208451919442 -0.249153205046546
0.0120024682566038 0.00148612601950155 -0.399850236813525 0.321072311897217
-0.0033510238468087 0.00127065055401695 0.145347023307705 0.381842272060174
-0.0126706251602911 -0.00461705254936453 0.277585932746336 0.0301956600496212
0.00286041758541212 -0.00183194443422557 0.116274332850087 -0.151440060972979
6.69973502858069E-05 0.0117966845372544 -0.0737479057802585 -0.136669364645104
0.00297468326183106 0.00567786039825959 0.0465358050007846 0.105491281301299
0.00910168726475441 -0.0043497547723865 -0.0985615181103497 0.0824645728771897
-0.000716824181311627 -0.00494624055286472 -0.21561798432094 -0.0542067493996966
-0.00580298942767521 0.000782651878576413 -0.0512222282229685 -0.307207951596251
-0.00207033171955733 0.00794196001276572 0.362344791375727 -0.209079926681159
-0.00580227238651673 0.00153001407269465 0.353109541227742 0.237559511504546
-0.00176475428031656 0.006967918353861 0.00996711180872922 0.316821710200853
-0.00734115223463172 -0.0017147380669599 0.0306383294659 0.0376018043062264
-0.00691562598727676 -0.0038105557784479 0.0534889458680403 -0.283476968754721
0.00300939265808113 -0.00114886992779055 -0.382448549491483 -0.254910509729987
0.00785281657348557 0.0021870275924773 -0.401217319832133 0.318498388594215
-0.000409170109066867 0.00288623972116838 0.141697148857457 0.386497511169809
-0.0055097921258717 -0.00409939076521269 0.276395649113162 0.0314006343458103
0.0066577580500385 -0.0027338858541984 0.118943714092391 -0.152835810101776
0.00137054119693827 0.00920957342811767 -0.0722387354509072 -0.135362022591403
-0.0020270225696058 -0.00337817554926225 0.0533175315843431 0.104238860915065
-0.00638419383731168 0.00225333323457541 -0.0989384370576209 0.104329341340777
-0.00426697913251141 0.00312083831141833 -0.218429343146302 -0.0151065356621827
-0.00149240175220832 -0.00895588168421977 -0.0977341460606029 -0.302594074454401
-0.00242003233412639 0.00442202565414892 0.303671861184695 -0.278221226203102
-0.0103853864087997 0.0114227157026905 0.363420433152274 0.162887868007569
-0.00300881740650715 0.0160559627469419 0.0383650262210243 0.300328706869441
-0.004706259540214 0.00458802922506639 0.0318243668036237 0.0357147350371931
-0.00923785906357877 0.0033607412342705 0.0748391441651998 -0.289894706997489
-0.00388763578478431 0.00783463916746493 -0.364568269763526 -0.32419527207571
0.00488730414478635 -0.0018671941935891 -0.459142132499132 0.242728511257302
0.00255474016302617 -0.00844393225815643 0.0866659444686188 0.387529793184794
-0.0068784094211325 0.00393714361513827 0.269111407634548 0.0652289570379765
-0.00783135259311154 0.00664533824322322 0.115876536392801 -0.128256049506824
-0.00598722529654039 8.1585819491508E-05 -0.0759214159546773 -0.127808411133838
-0.00303596134554182 0.000954174661737175 0.0532293338533962 0.101666776064476
-0.00766012883265829 0.0014054107941924 -0.10131041748936 0.101274795885762
-0.0107017054876519 -2.85260631197916E-06 -0.216314178392071 -0.019326933288263
-0.00474642781062072 -0.00904818408761269 -0.0872582933184237 -0.306491949438234
0.00229399573898151 0.00592165388420207 0.312456242347105 -0.269294340468893
-0.00571471220411526 0.0132617025182303 0.36003560101021 0.176917495616786
-0.00188230095768846 0.0167276719852141 0.0340237222026581 0.304745011359735
-0.00501259094204068 0.0044115210049583 0.0320762594082465 0.0369706066612494
-0.0083287535725184 0.00455316789615777 0.0701251283730161 -0.287923880343931
0.00078231131497895 0.00949704746373414 -0.372971392613675 -0.307383108002502
0.0095609985579769 -0.00198404527380084 -0.449180334261335 0.256759435458018
-0.00124301248307861 -0.00861944653210276 0.0995953243298738 0.384322133731792
-0.0138719255941329 0.00198761086330182 0.271440613612529 0.0592154648050691
-0.00975822502121811 0.00573361614489594 0.11397321135796 -0.130940635446549
-0.00630197020528341 0.0038171998358082 -0.0769756233831989 -0.12944739564532
-0.00307437255568026 0.0037324173453217 0.0531794089549686 0.100115660895353
-0.00763821804747212 -0.000788061513678437 -0.10229050439711 0.0979311559502097
-0.0153107410215766 -0.0033857617749488 -0.214631263492361 -0.0257279827619698
-0.00727093634782341 -0.00856615651089865 -0.0746684538904602 -0.309100606567705
0.0057239548730679 0.00742206864311084 0.324764457664432 -0.255835623634519
-0.00237059251966292 0.0141521692428438 0.355920404341911 0.194875351642789
-0.00132680173066907 0.0167098558762406 0.0277502608404642 0.309561780566458
-0.00562214733237365 0.00368886791433044 0.0317658758927616 0.0376396241102934
-0.00739134337919004 0.0045968897037844 0.0630167206497177 -0.286255237267389
0.00544538810479229 0.00988214798013545 -0.378797021510569 -0.29104755711577
0.0138946964109011 -0.00155493834688897 -0.436620745143947 0.272716635085117
-0.00361886424483401 -0.00699560244582447 0.112035591858323 0.38169655740163
-0.0190228722764342 0.000485480906050005 0.273642940970619 0.0513851553406392
-0.00953275286855172 0.00490467838069093 0.111958330674103 -0.134905317419651
-0.00561152227218637 0.00786224027665897 -0.0769546960814942 -0.130890567567874
-0.00290235114053237 0.00656952115570804 0.0526238820009714 0.0985816343615
-0.00607209440291174 -0.00269867663445104 -0.102755596694488 0.0934572340016007
-0.017570357121884 -0.00686428033794057 -0.21154114071114 -0.0336883910582829
-0.00911319781934856 -0.00771388372137711 -0.063728652273836 -0.310336869812689
0.00724139073413987 0.00901139452986022 0.335541299487611 -0.241067173827369
-0.000392983678762882 0.0137638827542931 0.353082598434453 0.211649143164706
-0.00113072665945346 0.0159584774758867 0.0219727511150303 0.313593155741725
-0.00613283944875136 0.00220752328954334 0.0320060544383181 0.0381386254918075
-0.00663045775421962 0.00399617954714721 0.0573749068787772 -0.283798618667272
0.00872199857075628 0.00940859931183325 -0.384665383903172 -0.275170805083972
0.0156544337687884 -0.00103029186759969 -0.421975889321089 0.291775439512896
-0.00549554666298655 -0.00537848721563308 0.126660546018559 0.378393293066792
-0.0215042831171442 -0.000901931602737435 0.274359527079004 0.0440483819165421
-0.00767919733032078 0.00365727990606565 0.111275101438157 -0.139131482257325
-0.00443906001141029 0.0112246698908729 -0.0781072562015875 -0.131715737146562
-0.00173355694996454 0.0082508662238074 0.0518178402690986 0.0974826112436174
-0.00305079889424626 -0.0040714060952571 -0.10179572767161 0.0884820440819511
-0.0168022251765329 -0.00853837716725393 -0.210494943936392 -0.040391675713863
-0.00947160090968596 -0.00547910860804502 -0.0541404242268637 -0.310204646738698
0.00725684269261039 0.00949469152511651 0.346823239450361 -0.226609654597745
0.000336887864419762 0.012052235640664 0.351510402241045 0.226444289953718
-0.00136162728004552 0.0140048426587089 0.0161016761687623 0.316663502784229
-0.00627383249584503 0.000623066891628667 0.0313528844285467 0.0386235702805695
-0.00650412829100773 0.00238492974776202 0.0527220635483906 -0.283021086407143
0.0104250176783 0.00745344541359721 -0.388141740737842 -0.261397048528548
0.0164241650498242 -9.30505728987117E-05 -0.408634202174348 0.305412514722828
-0.00620938487910576 -0.00266139806309799 0.136866187338852 0.376201426718409
-0.0214288463396313 -0.00249019643875497 0.275257684515526 0.0361396351668614
-0.00519198623176104 0.00159544877211273 0.1110199781875 -0.143327810801568
-0.00338215837056073 0.0126290259218284 -0.0779711491183569 -0.131650625952947
-0.000348780571386146 0.00903624024839549 0.0512318858760656 0.0979178540790005
0.000277710397108917 -0.00514099159643593 -0.0998329618053075 0.0847884784789603
-0.0134471088000627 -0.00895387104413174 -0.20999121184952 -0.0464041598227262
-0.00932698775918361 -0.00353804929550841 -0.047222688215162 -0.308049585939169
0.00565369359566042 0.00974499207612834 0.354525845459881 -0.216045068772705
0.000239652789721764 0.00906083629120745 0.350182037725922 0.235303154063801
-0.00134393459759956 0.011461270909128 0.0129416937369235 0.318566884332248
-0.007032790155259 -0.000224129448504611 0.0310105891309119 0.0388858467711161
-0.00588635489860963 0.000296360523169668 0.0504533419124432 -0.282332950633286
0.0095800444936682 0.00467701629463867 -0.38644384914953 -0.251524485533632
0.0150649209038872 0.000794659694550772 -0.401072413059921 0.316536728865697
-0.00509075068722462 -4.79289721760749E-06 0.143764540468649 0.375883785566189
-0.018041846217885 -0.00333512335933747 0.274866576898478 0.0311862489001712
-0.00141872375797296 -0.000221180997716589 0.110488145057395 -0.147269606413438
-0.00129246395225888 0.0130173023589021 -0.0778082916165838 -0.130936046782171
0.00146999564424879 0.00836242566014649 0.0509797718395926 0.0984683982824441
0.00473005897111975 -0.00547253058965736 -0.0976861967824022 0.0820044832283547
-0.00855701223391124 -0.00749033633637588 -0.211570192412376 -0.0495064030303497
-0.00748618967425337 -0.000849002482483731 -0.048265600165548 -0.306033380080585
0.0024316382645712 0.00958017757012509 0.358413476571988 -0.21105172792708
-0.00219171034890891 0.00553022643177468 0.351276308603111 0.237718853661208
-0.00173669500949115 0.00906020434296708 0.0120537404058211 0.319137175651547
-0.00702216695772342 -0.0018070016578186 0.0306408083541944 0.037406478322268
-0.00667720731550927 -0.00199359021672313 0.0487008363094067 -0.282920300621837
0.00658521016262454 0.00144704585682801 -0.386843340055546 -0.246969138340692
0.0117451030525562 0.0015933287917071 -0.39543143864734 0.323468463948137
-0.00314136484032938 0.00134401473585832 0.146590192289917 0.378347757094595
-0.0127248078618558 -0.00392956276922883 0.274282600312819 0.0268653622144985
0.00292357036284182 -0.00183295768797067 0.112146570842991 -0.150359206133954
0.000948968012487009 0.0116268180130094 -0.0772439394141771 -0.12957825871296
0.00328622070502234 0.00536472646799383 0.0506807005296501 0.100054774172479
0.0081630272029014 -0.00463731724820655 -0.0955824294895251 0.0816271652283916
-0.000520408538393381 -0.00488942162630314 -0.21225790045736 -0.0510379749075316
-0.00564940164958963 0.00084237443293347 -0.0514780305464083 -0.303144747099151
-0.00211843277592719 0.00787519300749433 0.358149264905062 -0.210717979874527
-0.00502334681855028 0.0017591250382909 0.353872677687084 0.234535615103728
-0.00167525449858236 0.00702669296008658 0.0137848010395936 0.316973311637992
-0.00745152536835037 -0.00178390720398917 0.0305659279966045 0.0369237877930238
-0.00721124142499784 -0.00396969488236211 0.0509984039411946 -0.284196729992868
0.00251426756959893 -0.00158105650300309 -0.382599947244975 -0.252140042614079
0.00761599920447779 0.00171150807876579 -0.395435250589916 0.321075998623206
-0.000612956171915657 0.0027102888847345 0.143740054534175 0.381903694537938
-0.00557443112063389 -0.00438036906044769 0.273031988484674 0.0285819064691109
0.00643187848234937 -0.00346419059826429 0.114482948061617 -0.151375593816119
0.00205951435870229 0.00876130003435995 -0.0758515665358388 -0.128254556721441
-0.00226041415569085 -0.00308216152150218 0.0567484342832906 0.0974562735170693
-0.00613354890380554 0.00272228754036048 -0.0949997693816077 0.102114122505347
-0.00366628338855673 0.00325834949742657 -0.214100113575555 -0.0134464693974884
-0.00182994783403983 -0.00898850781401268 -0.0985868779559222 -0.299282174390245
-0.00250057254233734 0.00437815667373607 0.29915873670531 -0.277724220750285
-0.00942280360692263 0.0106296179754324 0.362233864414002 0.162351554441418
-0.00223041454235404 0.0151998881317759 0.0420677318414856 0.30020080926538
-0.00433906728145457 0.00491242213349122 0.0329715561055766 0.0348774675737309
-0.0089467253754172 0.00326534010467586 0.0721190363472252 -0.290577209697258
-0.0039055516815374 0.00771178797711032 -0.365443152364035 -0.31966806070598
0.00433521241536254 -0.00174153173914446 -0.453417299628776 0.245261271234595
0.00214542587318202 -0.00816812111432154 0.0875880872192724 0.383341283191747
-0.0063022154589239 0.0040088067599417 0.265541416775575 0.0617574764780275
-0.00727233239116914 0.00698327467749009 0.111250692061598 -0.126507022561015
-0.00662631244958309 0.000790340384889311 -0.0798538004177125 -0.119418381938722
-0.00353872772875278 0.000417050351395983 0.0559728918014483 0.0949485246384229
-0.0080109614756768 0.00148085885750178 -0.0977056521323625 0.0996512715467649
-0.0104126039762089 0.000240460105994147 -0.212097656300826 -0.0182239813616586
-0.00440618590667977 -0.00893583956356157 -0.0875018405013558 -0.304056494380862
0.00246748656274262 0.00606233373758484 0.30820575939739 -0.268152308241713
-0.00529167417581652 0.0127487403694388 0.361754628025019 0.174630491017699
-0.00151113403557064 0.0162047044284148 0.0375782288346354 0.304272875718826
-0.00493850722945943 0.00408198646345255 0.0330759925068764 0.0361801152023471
-0.00820983140472271 0.00445972978772986 0.0661248072781475 -0.288572439054937
0.00134730014823528 0.00959067913765372 -0.373301448964352 -0.306206672620189
0.00932834179659729 -0.00152250434358872 -0.44416201867391 0.25771542880105
-0.000558996961465055 -0.00816541246093771 0.0994132012948586 0.379829999258492
-0.0134702748215899 0.00253635224919868 0.267659500592508 0.0555570149992106
-0.00948081646995099 0.0061752769002944 0.109132134198375 -0.129114911169362
-0.00639281150988334 0.00421812645873189 -0.0801277132738969 -0.120697285702716
-0.0036998604924279 0.00395541609779585 0.0558587353290509 0.0924795504307315
-0.00832614326676789 -0.000628076271371271 -0.0983890991556996 0.0968765038030078
-0.015478535409461 -0.00290276807080442 -0.209674913349485 -0.0238650688902196
-0.00694411546209926 -0.00825373376740422 -0.0759787613718822 -0.306145698131438
0.00578838129176034 0.00748055821039404 0.320133441567481 -0.255842854782256
-0.00186387549726236 0.0133161847511193 0.355753040742234 0.192021862057395
-0.00113168739504568 0.0165600365665736 0.0315309645025849 0.309228915991385
-0.00562855402630887 0.00361136179570129 0.0331742573071274 0.0372214513659207
-0.00700523851162844 0.00457108796279984 0.0609517967430043 -0.286254851873465
0.00548844667453022 0.00971130136067223 -0.380361859808502 -0.288147991975791
0.0136600163586706 -0.00122268036956216 -0.432445532816057 0.273994001077195
-0.00328483523526385 -0.00695041619390638 0.113628398381862 0.376646076886719
-0.0185839481143339 0.00117181575473028 0.269496289497337 0.048034596120352
-0.00949653886725592 0.00505810895741281 0.107003510483086 -0.132192185161097
-0.00548084245800265 0.00876299405822242 -0.0811676774846394 -0.122317400490603
-0.00296708738890517 0.00618313120474287 0.0558487353176215 0.0911611522058391
-0.00659973296719618 -0.00244807050285041 -0.0983810045179659 0.0926617455140335
-0.0175823969629961 -0.00524161836091675 -0.207792927962596 -0.0317210364738768
-0.00867977976688184 -0.00703165658159842 -0.0643240434237133 -0.307468257372236
0.00788098219771694 0.00894710084209238 0.331490974073506 -0.241356627372199
0.000359270815978641 0.0127496591546894 0.353103289085824 0.208753414926024
-0.00118986453988943 0.0152285614888923 0.0264807685157663 0.313707365836772
-0.0060552679295595 0.00244474066657039 0.0324938271510427 0.0379279897271926
-0.00652201873428713 0.00387227444409994 0.0547580929919244 -0.285252338202464
0.00919282731147866 0.0088333655771849 -0.383740670327356 -0.272799724712118
0.0158802867658886 -0.00126388950429996 -0.417558139422551 0.290764832845716
-0.00536219762313013 -0.00464503150105345 0.127145207247161 0.373544012898149
-0.0210375313186263 -9.08998638697979E-05 0.270943289065949 0.0404731761992647
-0.00807029236426827 0.00372670160282731 0.106736024622838 -0.136606784523816
-0.00439243457279553 0.0113412319087686 -0.081659387125075 -0.122728636808938
-0.00178679484245528 0.00822912186235208 0.054984970905644 0.0905678011010172
-0.00377956447648348 -0.00427480974338881 -0.0977435279453197 0.0871496123293156
-0.0174585335751162 -0.00737731436936795 -0.206651753390767 -0.0376737307391582
-0.00904482763861628 -0.00478006224463158 -0.0549368709509664 -0.306857902811002
0.00774059598838478 0.00978423201858727 0.343593617569727 -0.226555544301332
0.00122950115770059 0.0114580882613219 0.35144564230181 0.222921427732832
-0.00116736284933777 0.0137397361610264 0.0206108210354835 0.31648281384974
-0.00684647324912018 0.000889239903342819 0.0322702308382099 0.0377411861903057
-0.00636130231700402 0.00230485497299261 0.04994378410716 -0.283440142019151
0.00988040998570662 0.00688613671371154 -0.387261460062789 -0.257977161850653
0.0164183927314098 -0.00054359038591222 -0.405733330118141 0.306435915096654
-0.00544926956894265 -0.00206567049275507 0.13811339148887 0.372289291676744
-0.0212676787993668 -0.00102539695491568 0.271747876338991 0.0328970827086844
-0.00518714416637636 0.00176453490880642 0.106071960808166 -0.140800696826957
-0.00294013577070592 0.0128796507575416 -0.080818340070519 -0.123005636391254
-0.000153927337196276 0.00897163574076441 0.0545736401066161 0.090472591841001
-0.000293562196226183 -0.00539565233575988 -0.0965821683342561 0.083825217843115
-0.0135787665430762 -0.00785841785200755 -0.206165221951905 -0.0432682799640606
-0.00857484970577918 -0.00254816054826384 -0.0487141666212485 -0.304549105221591
0.005959617803853 0.00949280983270136 0.350360966285995 -0.216615671778306
-1.65136012098346E-05 0.00804367260111742 0.350591411367832 0.233109915937885
-0.00158186534994851 0.0112399590007026 0.0157851100297261 0.318298383299908
-0.00754829595691854 -0.000287964445412291 0.0318583570879799 0.0378052217605987
-0.00670109943213068 -0.000262027699626133 0.0478503177306809 -0.283164698962605
0.0088687002065844 0.00427690723477805 -0.386273917577864 -0.249589628331575
0.0150815825775484 0.000197867393364495 -0.396777430695477 0.318363460492463
-0.00481561442451355 2.79416687346129E-05 0.144654133677042 0.372133305091713
-0.0184032588195141 -0.00231415699404918 0.271235316479581 0.0281360635619086
-0.00176559842404825 -0.000481572057310519 0.105938904106039 -0.145318235197452
-0.000749093486847283 0.0127527787227295 -0.0815857700184214 -0.122204610761693
0.0014667344071219 0.00725408547426066 0.0542692998837149 0.0918322508920287
0.0037337015363302 -0.00565817348288095 -0.0939462521517621 0.0809059243798759
-0.00834906375916191 -0.00640334243922567 -0.206537203112385 -0.0462498647879025
-0.00769558709726689 -0.000437584602209955 -0.0473667928557153 -0.302131734409143
0.00301173733205184 0.00894093521298686 0.354332594909562 -0.211366023011705
-0.00218636978646038 0.00477342004836095 0.350985970253676 0.236753633482673
-0.00164522326803679 0.00883335576886599 0.015377034688659 0.318114778029876
-0.00791828672713425 -0.000975084821098429 0.0313361728346687 0.0366415670233098
-0.00654430833600787 -0.0016474352799642 0.0460691047206878 -0.283760907815823
0.00650641889754087 0.00119538418960387 -0.387421152601455 -0.244318706614295
0.0119596710984653 0.000921997295498827 -0.389614580073649 0.322500630814352
-0.00286049984114301 0.00208335122896825 0.147951154410739 0.372664464553582
-0.0130555490204162 -0.00313105317722199 0.270526894318487 0.0248388685510997
0.00205280853754038 -0.00246854047049366 0.107003736805119 -0.148087516556124
0.00128619578413942 0.0112011968485459 -0.0800906610397669 -0.121025692959026
0.00329824614747313 0.0050690616136299 0.0543984209872638 0.0932611576183416
0.00781787404928068 -0.00523105037762279 -0.0915941698568625 0.0799471790521365
-0.00179107316356791 -0.00465507954025083 -0.208505347006235 -0.0477585060221631
-0.00511785174069884 0.0014775824142258 -0.052434090941751 -0.299921227169944
-0.00157770425072988 0.00790926743938223 0.354587690025553 -0.211810088434591
-0.00518169458928612 0.00151923927009149 0.353406333237358 0.233165190652164
-0.00190263438001709 0.00680164322605994 0.0169037119201203 0.316151104806193
-0.00778339109812789 -0.00188451970353106 0.0309664223219705 0.0364564443555265
-0.00801097120230123 -0.00376339589741063 0.0478559513526788 -0.2848261159917
0.00222556398428191 -0.00139000771106088 -0.383580405301801 -0.249400857492323
0.00769180961571855 0.00164473120210049 -0.38984357431027 0.320936004302779
5.37982686977939E-05 0.00268941879890741 0.144468778966946 0.376979420847755
-0.00621641956961352 -0.00312205687329407 0.269253446805651 0.025969466892127
0.0059207286925997 -0.00329031416806309 0.109400399154715 -0.149066649620401
0.00260953380378555 0.00874835859403894 -0.0792999124552058 -0.119698481118559
-0.00332393748569856 -0.00263854929176553 0.059123706042646 0.0876233787937927
-0.0061449198797422 0.00314625156787006 -0.091577571852554 0.0990894101525562
-0.00365112032916155 0.00313183231221766 -0.208841484884965 -0.0127201296633534
-0.00185910008022299 -0.00902462419629632 -0.098194861543517 -0.296472562934033
-0.0018444915673265 0.00522378576483432 0.294946082029227 -0.27743862969877
-0.00944351748208103 0.0112620949269728 0.363421088579207 0.161026142253225
-0.00199474250345984 0.0151231908130599 0.0458932728536527 0.299832549694494
-0.00436405878305047 0.00454647067251689 0.033875318391068 0.0347184091177496
-0.00872701638393474 0.00351489684892858 0.0690520312425671 -0.290602437708937
-0.00295133843065346 0.0081167259047243 -0.36661734592051 -0.317497640344936
0.00454589937767294 -0.00117434870247282 -0.449365244528515 0.243303866376618
0.00193374033850924 -0.0085946034285804 0.0880739305346564 0.378112957588978
-0.00598450722598963 0.00374797334270306 0.260837362178879 0.0582023686186532
-0.00718033288694375 0.00728553915353129 0.106027894492604 -0.124290195751589
-0.00685414690472035 0.00116513515290979 -0.0824488285010321 -0.108640266680788
-0.0036517176292952 0.000856603305034272 0.0583146400569011 0.0855445887056055
-0.00740684672226409 0.00168987027533969 -0.0927968626576448 0.0974311728058081
-0.0104488773313503 0.000495840175995532 -0.206657135371242 -0.017112035290923
-0.00455184776261863 -0.00852258427039204 -0.0879323669823649 -0.300522996777546
0.00283200709335647 0.005836237123635 0.304622148378968 -0.267465434182176
-0.00498137019479043 0.0127477443832301 0.359651770614159 0.175111420745346
-0.00121584422807296 0.0159680695288272 0.0416552442177566 0.304295754447087
-0.00498454475953632 0.00427516896629227 0.0340975182892314 0.0356175362405822
-0.00796519231951724 0.00392930205473423 0.0643875724804719 -0.289248406424457
0.00140269192580843 0.00945262575027013 -0.374908117504542 -0.302755871389836
0.00961830079080577 -0.00172961520842236 -0.440963800251914 0.257907179197117
-0.000786978898436601 -0.00806927968313611 0.0990577667854678 0.375578956025978
-0.0132990889598105 0.00310167688869084 0.262720660554579 0.0524552467880149
-0.00959849926148196 0.00666798750883034 0.104293996907612 -0.126228918225813
-0.0072561047163611 0.00526239407392527 -0.0835254323684239 -0.110358605453526
-0.00414984841207578 0.00372595813382476 0.0580876412498873 0.083397495979086
-0.00880358106942607 -0.000466548552257182 -0.0939415605897461 0.0943887574277392
-0.0149881247847231 -0.00212622862886453 -0.204733330816384 -0.0234385470545777
-0.0066132205627188 -0.00767042314451881 -0.0756048484560735 -0.303409971764187
0.00616638006511072 0.00706792058616087 0.31652051638773 -0.25425416066624
-0.00156451729432751 0.0133386567194614 0.357170393454223 0.191322466782609
-0.00114636039609504 0.0156932692095474 0.0352271942388518 0.309398440819747
-0.00533292179896864 0.00260273130601456 0.0335644747307414 0.0368633671981894
-0.00751230524039827 0.00434197697380487 0.0578179247166686 -0.287578831711434
0.00550728985559919 0.00970846178322143 -0.381637934304352 -0.284905141181746
0.0135776555273179 -0.00164579434031222 -0.427338423097802 0.275853772799078
-0.00283742579803041 -0.00637967691547543 0.113210708459085 0.371750960944024
-0.0182146801280063 0.00212016418572393 0.265611981547397 0.0452568980147964
-0.00934327810524559 0.0054256712718063 0.10290361925608 -0.12962123060267
-0.00628342097432141 0.00833307701442444 -0.0838069945528385 -0.110871159142855
-0.00303614190904289 0.00695300738401998 0.0579364642877565 0.0816969678851914
-0.0074588402248862 -0.00219711458596554 -0.0938688577742052 0.0896231684567645
-0.0172675769586229 -0.00502409985289178 -0.202962562618035 -0.0293129183235416
-0.00824589356930343 -0.00645235353430485 -0.0643895347715366 -0.304427920711901
0.00795590416330257 0.0083258301059578 0.327718727542674 -0.240680195914714
0.000366493506898949 0.0123639457479117 0.35397309248784 0.20804056078864
-0.00061367719211955 0.0148311442367021 0.0300926434334357 0.313408097294667
-0.00682535903306096 0.00198248366717784 0.033483770743688 0.0373656926389038
-0.00688677404391026 0.0040322107156146 0.0516836899502987 -0.28601498998206
0.00900242044079099 0.008439504414183 -0.384148049488441 -0.268286268469817
0.0161655682566896 -0.00191121963782503 -0.413770454197097 0.291800263973294
-0.00441876088403794 -0.00421368608855221 0.127042869007787 0.36920183500444
-0.0206873399402617 0.00114111854800227 0.26680916015552 0.037998418900163
-0.00864521864385628 0.00352589891601095 0.10179080305471 -0.134205017566343
-0.00455748419346084 0.0110001028438949 -0.084158528425864 -0.111432660165192
-0.00162191569863255 0.0081331279132601 0.0578999048833947 0.0812235459821217
-0.00469266868972237 -0.00465202094228025 -0.0933851076185359 0.0853163942950121
-0.0168143672543755 -0.00644041520578382 -0.20161095845184 -0.0364867038270169
-0.00841461335855903 -0.00447132363598416 -0.0548505047313333 -0.303506150276509
0.00815093586200622 0.00924347399307934 0.340060794877438 -0.226492648344362
0.000852331995854088 0.0105988321262205 0.352832973795919 0.222272669911384
-0.00143412251261552 0.0135537357596509 0.0245711592864817 0.316730491432229
-0.0073672416528592 0.00066498280680443 0.0331931864740637 0.0367390234849906
-0.00666292457610201 0.00190333655280049 0.0475898065603049 -0.284859697187875
0.00951146415849639 0.0058228267610114 -0.388199727283128 -0.255568222867293
0.0166601068563752 -0.00118718853864855 -0.401028701608636 0.305580362034885
-0.00470317647288004 -0.00178992379551896 0.137682445140463 0.368045617519438
-0.0210522972346956 0.000197114299916587 0.267029429379882 0.0310764118985263
-0.00559607462104748 0.001874575606327 0.101944484784208 -0.137943120934043
-0.00233178264206732 0.0125459806188151 -0.0835078818165694 -0.111961597109194
3.52188539871319E-05 0.00845744274330408 0.0575327856225045 0.0815350504811638
-0.00116875238593027 -0.00561383859081343 -0.0924512387965634 0.0812340602170515
-0.0141661169672321 -0.00694827438528274 -0.201634288356168 -0.0410042826486274
-0.00796864153095772 -0.00197683301180897 -0.0482081590635763 -0.300968110816914
0.0060715091508381 0.00936595569655227 0.347631951053857 -0.215287723119455
-7.35184833513675E-05 0.0076678366981751 0.35198741021329 0.231675864862106
-0.00140859008892157 0.0108814217987715 0.020509901045878 0.317671928496291
-0.007586040583513 -0.00013919558046002 0.0324972687074033 0.0368586159321133
-0.00667399918840503 0.000299438089513936 0.0447852007766751 -0.283600998107509
0.0088524769242617 0.00356127813663363 -0.388405978197118 -0.246146143617872
0.0151833872996485 -0.000194676815497897 -0.39028720462389 0.316837282190075
-0.00400791551694423 0.000255043008007185 0.144055469017508 0.367851429084084
-0.0181908613201102 -0.00113733857824073 0.267139002685259 0.0266931758610217
-0.00188513333839404 -0.000395458317704308 0.101212547942063 -0.141396387870088
-0.000606809380420549 0.0129432295633745 -0.0831600104236067 -0.111168257141078
0.00098873862996188 0.00739445706778032 0.0573069268878526 0.0821781778372762
0.00248539996825635 -0.00588751300037734 -0.0900977463100633 0.0789072548098961
-0.00930969887322864 -0.00638405815690733 -0.202038270660612 -0.0439382859799025
-0.00675625865804602 -0.000368637406238993 -0.0477952084221809 -0.299182601470667
0.00297887347988593 0.00897534709884646 0.351612373747036 -0.21087270027272
-0.0016239202891182 0.0043733902334436 0.35153860619888 0.234854644366585
-0.0019912005573153 0.00868121957766927 0.019687565059807 0.318482312304455
-0.00785633540892429 -0.000945637415499755 0.0323678972496488 0.0358374557348064
-0.00731937250940051 -0.00199067768207607 0.0425206371180841 -0.285132828346823
0.00614369715974962 0.00085086191743783 -0.388013608255349 -0.241370877505206
0.0118316141141109 0.000521188358220913 -0.384243804528137 0.322097668483468
-0.00250428901125906 0.00167321481700253 0.14781293552746 0.368419406354968
-0.0132710772832182 -0.00212215690204088 0.265914281889234 0.0232145103765591
0.00163800051117256 -0.00211666459499052 0.101945362107571 -0.144212267809152
0.00130092635630453 0.0113529898057677 -0.082601519612271 -0.109782896977603
0.00325721213071519 0.00471840190864651 0.0573605242797092 0.0838815661346705
0.00680300200844298 -0.00567451603702913 -0.088539614651307 0.0774151121314597
-0.00208098103740685 -0.00407325488668252 -0.204023757887621 -0.0448208635258292
-0.00501702413702181 0.00171642278020363 -0.0516860400560463 -0.295607712045899
-0.00151079464898588 0.00806597929537075 0.351695712916213 -0.211418556608662
-0.0053645897845324 0.00112724025812264 0.354495736802158 0.231347933317709
-0.00265391763211567 0.00690223634797492 0.0206677195888784 0.315610969276815
-0.00889094767188988 -0.00131443681876729 0.0311403507835737 0.0356822313486964
-0.00869059216358348 -0.00374338894690935 0.0446535886654587 -0.285951310293481
0.00171730316676466 -0.00212178395727939 -0.384290316325347 -0.247167642919075
0.00704484784917001 0.00170853901671098 -0.38554914266785 0.320180597175995
-4.04961174815663E-05 0.00309341719862166 0.14458205113641 0.373259466164002
-0.00647274703007088 -0.00287540347996232 0.264347818931823 0.0243379536051612
0.00515386125588108 -0.00378138002533106 0.104418518706795 -0.145097181250173
0.0026239121641499 0.00814245663075649 -0.0809787275692251 -0.109267818647222
-0.00424260524615564 -0.00199169392981374 0.0595304307816764 0.0754293419045735
-0.00593181296470172 0.00299217821832565 -0.0870577055713404 0.094563528643084
-0.00333321998096868 0.00243532446805934 -0.203338086665152 -0.012413740384831
-0.00236785094136204 -0.00875486710674168 -0.0975377859629183 -0.294579135667686
-0.00171576623174012 0.00535648862154601 0.291772051845588 -0.275788512307271
-0.00879714996183452 0.0108268682821931 0.364114537627754 0.15965382494688
-0.00126107510299377 0.014375383002309 0.0521285492681263 0.299474907871158
-0.00390000017651648 0.004287152705803 0.0349112019700445 0.0342165108105326
-0.00872126991988433 0.0028501705586443 0.0650307136317934 -0.291849779189434
-0.00342165139058704 0.00862260390013641 -0.368592291844412 -0.314689694679267
0.00444197309525554 -0.000999848100479091 -0.444987820663265 0.245994134204681
0.00156077086338382 -0.00852742488713138 0.08530532594675 0.372510931209624
-0.00555105988712502 0.00372683290717449 0.254453724870805 0.0543842050196494
-0.00691587877324585 0.00733494270225585 0.100615305180411 -0.119006449717568
-0.00731558350317623 0.00173416867243169 -0.0834233523892578 -0.0943320792797221
-0.00481937828652837 0.0013157498743405 0.0589164783333825 0.0735141745619751
-0.00823455966155948 0.00237045925647433 -0.088639573764891 0.0930926265080631
-0.00984085519713354 0.000736749315045967 -0.200757471937093 -0.0169386437057836
-0.00464810640010459 -0.00777965603404998 -0.0870143349569822 -0.296850179825276
0.00319640010323648 0.00631384164592062 0.30084876713812 -0.265585043337598
-0.00418546485756623 0.012275712136388 0.361735667223712 0.172668951791049
-0.000902058253140832 0.0148432649520813 0.0475193537390226 0.303141339079475
-0.0046489588570712 0.00372160595324537 0.035313853102923 0.0343294713252196
-0.00797498104608356 0.00419307404699685 0.0601084672898131 -0.290623148109334
0.00153497244563747 0.00957216656889812 -0.375282862197299 -0.299658640079508
0.00923578475996908 -0.0011636137623995 -0.436158009752323 0.257905139784485
-0.000741108958760369 -0.00767288716969189 0.097647720807994 0.369179734505936
-0.0123906485057523 0.0032011329035968 0.256868746855784 0.0488297266918542
-0.0090821186444501 0.00709017671150407 0.0993223280383319 -0.12152475556506
-0.00721802414948331 0.00530827556529166 -0.0840570484994293 -0.0958069731367059
-0.00450305917160045 0.00434162951465767 0.059214596831688 0.071294200301533
-0.00846477792422778 0.000418431874854609 -0.0899719686913389 0.0897036283022351
-0.0147404827178394 -0.00116197858784632 -0.198547146461596 -0.0230865712075083
-0.00627600472653694 -0.0069898983835306 -0.0745317410732739 -0.299689019528613
0.00677937897208016 0.00688874952036549 0.312560939182865 -0.252942052056984
-0.00132991117324352 0.0125402050031007 0.358936808447933 0.190631456254669
-0.000824278236731546 0.0153618071310035 0.041634624981367 0.308168926107517
-0.00598047548520678 0.00296613953999125 0.0350082357042165 0.0354985539091708
-0.00734584879955699 0.00383356651482774 0.0540472703181134 -0.288568288983239
0.00569578513924277 0.0088852310465828 -0.38205394914431 -0.283017483502006
0.013584336675621 -0.00210551086790785 -0.422235952763425 0.275758547211337
-0.00237598663694839 -0.00646183061963973 0.110493573873053 0.366727303892486
-0.0178934838844756 0.00329414657964345 0.25843428340783 0.0428837981466102
-0.00974762669271582 0.00575497530801438 0.0977198942293051 -0.124825216450717
-0.00607837361952723 0.00881798021342045 -0.0845316263344722 -0.0968512897396139
-0.00352623349960078 0.00678383934575494 0.0585918737921537 0.0697386383816538
-0.0081523181291666 -0.00161134723631014 -0.0894208620442233 0.0855895596369639
-0.0174879140902904 -0.00338856954482954 -0.196075738750995 -0.0291276623391415
-0.00750918446022006 -0.005235835277579 -0.0636760366056701 -0.300354995999265
0.0090264164192092 0.00815716825864522 0.324712930036105 -0.238863745492714
0.00106563207962896 0.0118691568156928 0.356058949432209 0.205924689532745
-0.000832205170669483 0.0143313228202232 0.0360823314294203 0.312710745237983
-0.00662452070817952 0.00182410160582564 0.034695482377027 0.0360977714160706
-0.0073367130645558 0.00354150306586887 0.0484747614570715 -0.287349953551233
0.00895124082629141 0.00783370974987157 -0.385263410494385 -0.267236154748862
0.0163313479476614 -0.00226855940700775 -0.409665636653518 0.292476178030465
-0.00383331954506492 -0.00403796656461469 0.124602895520273 0.363495047157643
-0.0204521895376448 0.00223793145733547 0.260103135549456 0.0355743261161447
-0.00865802241425564 0.00412438885815869 0.0969643839340456 -0.128378791996488
-0.00452128098230765 0.0113908309354791 -0.0848250768513117 -0.0971635005360855
-0.00188119112633662 0.0084881213982 0.0592006429608396 0.0693432871089228
-0.00583765820499637 -0.00402254922762045 -0.0891197307893722 0.0816219635591209
-0.0169158817218689 -0.00489008329345688 -0.195144472042004 -0.0346209095693572
-0.00771064437276443 -0.00332852463104529 -0.0538222051760267 -0.300072913339288
0.00913664924119154 0.00881900958238539 0.336001762284448 -0.225500455577831
0.00082031912386249 0.00949291879346909 0.353718998515987 0.221049750062474
-0.00134169593141068 0.0125828457903393 0.0301548120082883 0.315351703199928
-0.00775879685441834 0.000807754512605956 0.0340174899946491 0.0359167507523123
-0.00706421795323652 0.00186988064144608 0.043250420797078 -0.285910510327895
0.00932323151748783 0.00578051975064608 -0.3886567997555 -0.252898356299102
0.0165887799680039 -0.00181541226116296 -0.395909688878355 0.306223985601982
-0.00425719108565359 -0.00185410718302321 0.136235932269211 0.362635278222272
-0.0207269768552344 0.00157494556804824 0.261054645059592 0.0293488390327565
-0.00620386674337151 0.00216608434706695 0.0966371226905891 -0.132563393407773
-0.00187142946765198 0.01243093832432 -0.0843257183388174 -0.0979521302518094
-8.10046436187919E-05 0.00805322773043915 0.058929871610881 0.0699572575104249
-0.00215070168059797 -0.00536302974105075 -0.0879967455276797 0.0779926849117741
-0.0138974996785723 -0.00573277486103451 -0.194953119848465 -0.0390948802001528
-0.0071025321402085 -0.00159907019956449 -0.0470571783175575 -0.297849587419532
0.00679640772545636 0.00857466529913747 0.343901174300037 -0.214767063752907
-0.000194048307910481 0.00705064283012589 0.352488986647884 0.229550182044464
-0.00169228233977717 0.0106290540544688 0.0261596204723197 0.316838021214917
-0.00879036053047712 -0.000156199273223216 0.0330241651581859 0.0355094178262489
-0.00776447787606574 0.000117341080856326 0.0406021531856829 -0.284762668999584
0.00837103454459226 0.00304768652649254 -0.389200661109276 -0.245013998058301
0.0148324157847225 -0.00110384309345447 -0.386506061997628 0.316970705592613
-0.00338535494991807 0.000598163926706611 0.143004691268428 0.363097710828375
-0.0179090296448957 0.000123087946473172 0.261019298072495 0.0253729469585852
-0.00288138848421892 -0.000212445516412511 0.0966958514127795 -0.136034437815386
-0.000466573282333601 0.0122322142094768 -0.0832415511029533 -0.0970763101827991
0.00199106288085513 0.00703842241941243 0.0593751139103555 0.0702550732077566
0.00197929873273008 -0.0060238966880801 -0.0861100845926946 0.0745890421024264
-0.00894091298096417 -0.00531379812160103 -0.195744452999894 -0.0413221056910903
-0.0063013840797222 0.000851588093107118 -0.045318294671061 -0.2947936331757
0.00333614891512863 0.00846219249684662 0.348529033975771 -0.210621021297323
-0.00229635975550436 0.00409903396290287 0.354453789901507 0.232829317719515
-0.00259022189414697 0.00862746319084643 0.0256119463934078 0.31705933102072
-0.00909999676028751 -0.000654634053730897 0.0327434155478037 0.0346748010258504
-0.00838119120168298 -0.00153344780954514 0.0386659350090812 -0.28590592727492
0.00465115489227943 0.000668864137150107 -0.389080292115519 -0.240669555805064
0.0121439306859941 -0.000165463146469498 -0.379740463156718 0.320277702441442
-0.00158694514921425 0.00188503687480201 0.146985801761514 0.365017664519934
-0.0127421021474164 -0.000829602697230801 0.259921676874036 0.022483170850477
0.000958765038109996 -0.00254988952938883 0.0975030535249724 -0.138265112757389
0.00177850075466752 0.0106416058473978 -0.0821220740208988 -0.0959295212721828
0.00374231432402503 0.00399833901411817 0.0590418768154094 0.0719299680510749
0.00588410260337177 -0.00617379805528681 -0.0837294074065922 0.0734245064977055
-0.00222232960466365 -0.00365552538198509 -0.197869504291939 -0.0425744470939946
-0.00482654840993931 0.00173504625735161 -0.0492426425377277 -0.291416550022634
-0.00164992645384808 0.00768878624964788 0.348570879459953 -0.210759913438831
-0.00565611398604776 0.000393898008500406 0.356279775624618 0.228984642053043
-0.00288224623314763 0.00720826963620635 0.0260897425095723 0.315705325626222
-0.00901203534756688 -0.000786631681721193 0.0317562917226885 0.0343275501650335
-0.00857360836630205 -0.00350653617648945 0.0400831324861518 -0.286866380174484
0.00104372124882028 -0.00200725395821596 -0.38760919840113 -0.244581480059118
0.00727655034048677 0.00121710759946486 -0.379494532007622 0.319358022788333
0.000198415394908419 0.00318549542689232 0.144131754839451 0.3690600136868
-0.00635092054496851 -0.00253205550250756 0.258872304148902 0.0240217406527784
0.00455205960472738 -0.0042552926223213 0.0991730298491836 -0.14034165317726
0.00300157737713723 0.00727821463044148 -0.0806231720788296 -0.0947772531657554
-0.0051582215218629 -0.00120238893308109 0.0570198649072088 0.060067994640902
-0.00547156598367923 0.00388147901688372 -0.0843579117650049 0.0874854355429978
-0.00278965857206666 0.00245131003074427 -0.196160382323691 -0.0146791504988317
-0.00280573005156342 -0.00769007792383362 -0.0952427468663579 -0.291586780861311
-0.00160366354116508 0.0058137219739136 0.287941018006845 -0.27260132258639
-0.00834718175124053 0.0104592217369778 0.366055330485909 0.158580772281371
-0.000687772010458381 0.0133410921418382 0.0590280835328822 0.297877783391323
-0.00361355813310502 0.00349786198780545 0.0363371427736155 0.0326398237164294
-0.0082204651244613 0.00283450070890138 0.0600442370209758 -0.29142700349091
-0.0020936633461031 0.00810184858894296 -0.371684060709129 -0.310892184376113
0.00439151504296275 -0.000841090245636997 -0.442790084537443 0.243939125060765
0.000734565029358487 -0.00793335725962975 0.0818319833074729 0.367038454658445
-0.00516252555969563 0.00340490762659127 0.246141943478885 0.0531295668259772
-0.00600908667538358 0.00798566643317737 0.0965446488719954 -0.111932929288669
-0.00774382138133937 0.00289923220570491 -0.0807152902888288 -0.0758764778446857
-0.00536330181879243 0.00203132551525867 0.0565810083349375 0.057933828193502
-0.00779115802078044 0.00299989452442691 -0.0843594333945993 0.0854418986073287
-0.00912331521417928 0.00186496437021875 -0.193436406047677 -0.0192122122200145
-0.00433515700455175 -0.00790287252732755 -0.084667409736653 -0.294848072211168
0.00372843631325949 0.00596347997890314 0.297599204259892 -0.263464727283391
-0.00401926719725607 0.0120007006851595 0.363764366737872 0.170432471784515
-0.000523795266484467 0.0143471986228898 0.0543865654895352 0.301079551756223
-0.00476157435621834 0.00328065981765236 0.0365927904845633 0.0333792469352908
-0.00812121751516797 0.00335822953793859 0.0554472830434237 -0.29034125506905
0.00178614344351147 0.00920499894612461 -0.376155808526868 -0.296577535705746
0.00977751584670321 -0.00186641750505468 -0.431760176106042 0.257656370659352
-0.000912640178623173 -0.00737869964044479 0.0932639845028735 0.364046203804353
-0.0116323663868139 0.00343556729503853 0.248926330783785 0.0480503195831531
-0.00853311577657559 0.00785994042143663 0.0946433086530864 -0.11382277555637
-0.00755133484556808 0.00611736534357983 -0.0815471475773096 -0.077927125092696
-0.00464788080699884 0.00463789958252673 0.056800322000789 0.0556714315876416
-0.00950846828715507 0.00119521393460044 -0.0863458332537817 0.0830017727789721
-0.0142260922669457 0.000124435281367671 -0.190776743205058 -0.0248225796055838
-0.00532957335931412 -0.00683145646383348 -0.0735380319271093 -0.29761177819854
0.00733013011864919 0.00700080987880984 0.309751233281715 -0.249896080455886
-0.000985995324738195 0.0116924263822726 0.360504869210017 0.188518811045529
-0.000778682718619282 0.0144379442131414 0.048442654269119 0.306190580823729
-0.00572521199065767 0.00247498904833756 0.0364566402810401 0.0339109100640196
-0.00763809382282397 0.00355207352430397 0.049290021684313 -0.289235049227328
0.00529705518015914 0.00843540916968666 -0.38391722219431 -0.278336920842185
0.0141108319747867 -0.00282318161117185 -0.41917461640164 0.273901889333706
-0.00210070851996662 -0.00618619649370417 0.106877391091781 0.362228657783674
-0.016619828384963 0.00374328614888441 0.251267973334363 0.0408062051391545
-0.00926151393381551 0.006950957467668 0.0936052034755166 -0.11686718454952
-0.00585075928135874 0.00877087823848834 -0.081751098759659 -0.0785218228389574
-0.0035147597844136 0.0069679696858639 0.0563779434684445 0.0545422248116823
-0.0084633748743857 -0.000993944912957589 -0.0855948644269218 0.0791188530527003
-0.0167014850499552 -0.00209618289828052 -0.188814396371403 -0.0296249520276465
-0.00604290059568718 -0.00484746456692699 -0.0616064435063768 -0.297448613789188
0.00946788787661061 0.00712950041405715 0.321614020939926 -0.236342475930171
0.000582693235494924 0.0107383371873528 0.358857758753668 0.203666011739227
-0.00126577048204211 0.0140481301217615 0.0427599739439835 0.310352965104516
-0.00694181749298093 0.00191484729796104 0.0361762311817966 0.0340900692861924
-0.00800474233675122 0.00313397551333612 0.043359395216746 -0.287992657156876
0.00792146650894917 0.00734227217995915 -0.388152183139925 -0.263210449109334
0.0161682844939343 -0.00336929966655566 -0.404274022294453 0.290796185416429
-0.00248586976734516 -0.00394750357442734 0.121477719166064 0.359222625973555
-0.0190955649737932 0.00366510174463992 0.25215751633889 0.0350537481348158
-0.00852007000813175 0.00506650106555693 0.0932695648524376 -0.12005597429354
-0.00448206088580281 0.0115850928292186 -0.080899813311309 -0.0794684166869113
-0.00159111160517286 0.00788413362103813 0.0571254457947987 0.0538803128057212
-0.00648968005807642 -0.00353649845785674 -0.0854159372002092 0.0754187650447918
-0.0166694895146636 -0.00322768215983278 -0.1875063504766 -0.0351074042145937
-0.00654708991597444 -0.00313352743541766 -0.0506214126077223 -0.296414342970592
0.00972798373492002 0.00785595583387433 0.332752222077638 -0.222993630793703
0.000686155678686788 0.00876618439442232 0.35603818016369 0.217395671518345
-0.00217964338329906 0.0119993762793306 0.0371046494103001 0.313792826631159
-0.00841308950593765 0.00166982787655073 0.0354052121512192 0.0337709304020401
-0.00801781364289531 0.0016565471260507 0.038331952254995 -0.286489038244703
0.00887966256620956 0.00498049727238757 -0.389772182853965 -0.249673490664542
0.0164939055464587 -0.00268397803728197 -0.391861121283537 0.304317045825197
-0.00256796329276002 -0.00175143852951576 0.132496881178501 0.35871255163777
-0.0192893627613718 0.00258370376326514 0.253680928923783 0.0295990574953853
-0.00646272110577492 0.00266641974800258 0.0933200439590678 -0.124207949153151
-0.00259178370495588 0.012033715905117 -0.080294954863872 -0.0796857919111535
0.000477604444336918 0.00740581345252322 0.0565028346173252 0.0539323560244316
-0.003458360749578 -0.00503833712546565 -0.0844010246542298 0.0715155770162457
-0.013966242957749 -0.00385024866977594 -0.187069822728813 -0.0391208723285338
-0.00589692661191447 -0.000873441627180473 -0.0440999005670148 -0.294032474348108
0.0074229519205199 0.00764133416984052 0.341127337420363 -0.213495958536559
-0.000687622906071845 0.00606386102046686 0.355794519148757 0.227873299024665
-0.00271762891759897 0.0107498675386228 0.0332317756591107 0.315617600299381
-0.00898718654921414 0.000770999162084307 0.0341355729112037 0.0340626721804363
-0.00835006422645637 0.000631782216156937 0.0353805679586672 -0.285615915317959
0.00760292110992856 0.00267201924251954 -0.391167965424324 -0.241722810818899
0.0151549945541142 -0.00216894385625387 -0.381354514108267 0.315338494250849
-0.00178656903103216 0.000980431410859552 0.140358081040683 0.358492355704174
-0.0170689534216054 0.00208668030614875 0.253571150136028 0.0253043208160596
-0.00345404258442834 0.000358341526000363 0.0927927221343271 -0.127564188502372
-4.35345706155921E-05 0.0117289289429357 -0.079135709596685 -0.0796561967178599
0.00247321505600824 0.00618813461773783 0.0570012738477042 0.0545557481235075
0.000747197323245301 -0.00600435875283615 -0.082863534925282 0.0690041094201713
-0.00931508149408835 -0.00383344072066339 -0.188223975880396 -0.0410899228836957
-0.00524724811672951 0.00101127873248047 -0.0425696083335676 -0.291207068023194
0.0034890318172726 0.00741460010711 0.345813214440868 -0.20958456644206
-0.00339189204471789 0.00334618772183795 0.354888550905142 0.230320045932381
-0.0032004572032917 0.00915693122512895 0.0323858618217799 0.315834974524998
-0.00958888001545629 0.000392873087893688 0.032737567038952 0.0330284888740412
-0.00926050177065291 -0.00106248694332586 0.0318879413506076 -0.286569845032095
0.00451981334265715 0.000491976918352378 -0.391517534014489 -0.238048470451272
0.0112796249594147 -0.00065816785317034 -0.37583378857473 0.319313960416741
-0.000711793925747752 0.0021316763467685 0.144990372454406 0.360265124528778
-0.0127766458412421 0.000596235239125497 0.252829046315377 0.0233509508887637
-0.000202674640659148 -0.00247335671439783 0.0934882510459551 -0.129720456009643
0.00188755286242856 0.00973849834948451 -0.0777006830057923 -0.0784772660891862
0.00426714965114348 0.00339232392718728 0.0571369237465642 0.0560795020721988
0.00491121247949287 -0.00567913498940918 -0.0811215929081622 0.0668986276790211
-0.00280328372057706 -0.00300919967755494 -0.189978295446041 -0.0406743095933257
-0.00397945520551922 0.00236683289821445 -0.0454905541585147 -0.288727939944041
-0.00119831418642021 0.00691839504125217 0.34632204165384 -0.209560561440801
-0.00669996268882981 0.000535703898031551 0.357468499295307 0.227706333548215
-0.00310175737568133 0.00728700431757292 0.0323118193003922 0.31352044233496
-0.00963948245429869 0.000371529891029724 0.0321923092594229 0.0323145975794545
-0.00974887635272327 -0.00269734503648793 0.0333040956335997 -0.287537176169151
0.000305472287824626 -0.00179306082505484 -0.388243766672644 -0.242824829749142
0.00704437633450437 0.000782991443845755 -0.376587496656855 0.315286733342662
0.000928029856290208 0.00307006827394067 0.142191111133348 0.364427058649657
-0.00711591108414449 -0.000917002871038139 0.252130163413021 0.0249964461593936
0.00343500961349521 -0.00426080741631749 0.0944549165861758 -0.131688782992171
0.00345134503192699 0.00672476632633128 -0.0757686703522948 -0.0773440428258276
-0.00572318709053221 0.000168604761241966 0.0470922565165011 0.0423889279803477
-0.00521842144466065 0.00462371157081979 -0.0834058288255687 0.0773770321589985
-0.00238275289350571 0.00200898146423545 -0.189881601062261 -0.0206521066876091
-0.00297255576245233 -0.00757237509298239 -0.0918820055216332 -0.289702778914622
-0.000952586833083969 0.00605057729736022 0.286317869962532 -0.268435126162061
-0.00779771086967247 0.00987599585249739 0.368487502853009 0.155379655677741
-0.00064400674213689 0.0129621896026555 0.0674214455095105 0.293690096589228
-0.00417460939115336 0.00288841654284846 0.0377729311618193 0.0306373129396863
-0.00823040272498868 0.00243460292410907 0.0534765704906238 -0.29181639685479
-0.0021513226706182 0.00821325103480738 -0.3726200137349 -0.306593125774568
0.00468205663988025 -0.000252039974594891 -0.438583472453311 0.243200789315666
0.000305762110959217 -0.00787434803421212 0.074575382395837 0.363868889681203
-0.00488856265462087 0.00330219155824964 0.235719696740202 0.0544839646422237
-0.00548532773084649 0.0081200265532341 0.0933461261783603 -0.101658616355643
-0.00812227163294705 0.00441435137844734 -0.0691996963960732 -0.0551982385927174
-0.00601460170050337 0.00291907650936704 0.0464317423695617 0.0402845184963265
-0.0078786687069562 0.00387024751412912 -0.0836200599820095 0.07567531144417
-0.00818416579906873 0.00231429594432823 -0.185708318124284 -0.0244949076211762
-0.00370746778077144 -0.00744043877422208 -0.0820038993725134 -0.292866896283124
0.00414738788749038 0.00589203922673632 0.295703368225996 -0.259648936039357
-0.00398349105680365 0.0106966989100187 0.366435755892856 0.169529117308601
-0.000980038723296845 0.0131923646642512 0.0631399601388051 0.29757733747833
-0.00530513492722787 0.00291305581668436 0.0378008508946333 0.0309664210733153
-0.00813953891537815 0.00297546859588908 0.0489469240535335 -0.289872761803007
0.00189884583781376 0.00863462933663745 -0.378718384218914 -0.292556621356557
0.0099806118997396 -0.00155262696918775 -0.428191829336456 0.256018009795628
-0.00054136673208726 -0.00737763777009921 0.0865526708034413 0.361160990400438
-0.0103498571175359 0.00407438851259782 0.238067137132679 0.0497090380421681
-0.00811165370219815 0.00775729697759139 0.0925311357260812 -0.103700857249808
-0.00812633455555757 0.00749982056259791 -0.0706847896518745 -0.0564453026025133
-0.00466259271115002 0.0059438272551003 0.0466160760557258 0.038087711064275
-0.00921692801479194 0.00219731100670867 -0.0835026411333277 0.0736240327460439
-0.0125421113124224 0.000812793367766387 -0.183431926083767 -0.0293233964936469
-0.00463275045499244 -0.00638807508856911 -0.0692942954534398 -0.295318566621878
0.00790398235071242 0.00585592083579281 0.308021823126917 -0.24606579875783
-0.00121408277631638 0.0105489383397264 0.36404413329343 0.185824936183607
-0.00146673288280446 0.0135689263562698 0.0574193269780635 0.302483871719046
-0.00629673550561602 0.00247146535156165 0.037493410581094 0.0312270597229244
-0.00859969185914185 0.00341260452699942 0.0424839518207434 -0.288774275313433
0.00509669448054086 0.00807052514361675 -0.384941004850041 -0.275884036145777
0.0142167365858761 -0.0029918848888991 -0.414441989872592 0.272998553062325
-0.00127247888250915 -0.00581117161246292 0.100477243138123 0.359362728585973
-0.014554884880066 0.0043329130098042 0.241205722294298 0.0435115499576494
-0.00886979277661662 0.00726098743706037 0.0919654740941288 -0.106610089552344
-0.00629579512840892 0.010059783183142 -0.0697621671853936 -0.0576618394642438
-0.00355743624095388 0.00648481190591045 0.0469225042742451 0.0363608032848497
-0.00933020645273859 3.09105545698053E-05 -0.0836126633045612 0.0699556637643577
-0.0150484519373335 8.92699192571846E-06 -0.180089329454777 -0.0343592922384013
-0.00477424650813697 -0.00482833986988239 -0.0570740064993977 -0.295479656534956
0.00964685948058619 0.0060132747840156 0.320018774079294 -0.233335541166503
0.000238754882635386 0.0100949411580715 0.361121384450359 0.200544218908135
-0.00194816566257672 0.0130423632323295 0.0517398283168213 0.305960131082858
-0.0078612057821203 0.00267139642484896 0.0367049299524429 0.0313942732475138
-0.00877238270307984 0.00307834957022214 0.0365389769530507 -0.287651647311697
0.00745557690293107 0.00639678199307053 -0.390059203609231 -0.261424083364894
0.0161968994155876 -0.0040672787390406 -0.400922112672256 0.288189846411824
-0.00102302432664296 -0.00400061481799956 0.11494728661593 0.356576829689372
-0.0173361378827518 0.00486851380932333 0.243951141315491 0.0378157851985137
-0.00891384275778087 0.00557758877794368 0.0918102603173418 -0.109373215823472
-0.00438254095502283 0.0114459541148982 -0.0694012934932356 -0.058600354907777
-0.0015280836234726 0.00792258729111333 0.0476402839023973 0.0354599601098235
-0.00747193713580848 -0.00214269122828111 -0.0835450207209888 0.0664050340251741
-0.0153104723404814 -0.00145659756111431 -0.177986759257131 -0.0390713117956053
-0.0048421657225163 -0.00301925479897948 -0.0462410738101175 -0.29448361012161
0.00940299962981893 0.00657049242609911 0.331597996791021 -0.219196577319335
4.75055070297409E-05 0.00790725270964659 0.359689572621812 0.214796759950433
-0.00316248900249742 0.012783223878199 0.0465167228244527 0.308634792092461
-0.00883990371530733 0.00203249180320289 0.0353615695495932 0.0310762603180838
-0.00840079993603222 0.00257469949438795 0.0311984408000904 -0.286128278747056
0.00769774065495032 0.00451983514083655 -0.393292703192301 -0.247188017356114
0.0160125269651167 -0.00361427753836457 -0.387076253145184 0.302183416795356
-0.000926821596581314 -0.0018927388866294 0.126973597595609 0.355942185600218
-0.0172163010377531 0.00438521819298182 0.245343263372072 0.0318575601026011
-0.00721516954779273 0.00368374211638203 0.0915344845677399 -0.112647361446022
-0.0021342556550142 0.0117731087069931 -0.068064403015133 -0.0591590023327851
0.00096216134557996 0.00660195550226475 0.0482447580017577 0.0356007246530551
-0.00423943243018063 -0.00396110666989885 -0.0823473765036071 0.06295299086221
-0.013368507023234 -0.00186985733201091 -0.177220798960787 -0.0413477307745946
-0.00391897420882195 -0.00060256088108658 -0.0391382467232795 -0.292533333663269
0.00695017419018497 0.0064000790757356 0.339488933036443 -0.210984617376193
-0.0014399954188191 0.00554642262162029 0.357703631048159 0.224472044209815
-0.0031945213943166 0.0107006255795461 0.0406861929654433 0.310837326270264
-0.00961318997317689 0.00137668597459385 0.0344801862034402 0.0316485662616423
-0.00912753234896597 0.00119410871465302 0.0277789486182479 -0.286086926282363
0.00626747829850778 0.00205177315158028 -0.393536144474501 -0.238235150561912
0.0146066453474054 -0.00310774931696949 -0.379529863577462 0.311304997024698
-0.000398466328504145 0.000143994210616451 0.135617192615113 0.355849806904946
-0.0151424884446736 0.00366929496455954 0.246193033934051 0.0294480460127033
-0.00447778194080674 0.000889091379648606 0.0914322040420361 -0.115950577232871
0.000370092124121261 0.0107714090949575 -0.0664471988934429 -0.0595317913125726
0.00209043019350771 0.00504879884456367 0.0492478486015821 0.0359958450258875
-0.00069010745731533 -0.00534793987113575 -0.0807828587790359 0.0598181004832248
-0.00854710797264388 -0.0019314989444 -0.178544607487714 -0.0423329406672101
-0.00360135776772855 0.00113243332648722 -0.0367167398985926 -0.289566740563162
0.00340943299186245 0.00657312398771663 0.343352398798894 -0.207000673676319
-0.0041725041881622 0.003163126623694 0.358228992080455 0.227356722166874
-0.00372097724694256 0.00987617718702564 0.0394318867872313 0.311558965833227
-0.0102082012305831 0.00201650161040285 0.0331087525182032 0.0306905225770471
-0.00980951952646808 0.000229178530940059 0.0257003645712004 -0.285777735000784
0.00334176219656359 8.13156107103384E-05 -0.394371521350714 -0.234628802261068
0.0109494782172689 -0.00165374807893778 -0.371926767338675 0.315453928817291
0.000745435863351822 0.0020332642579145 0.139809307697928 0.356837794818941
-0.0113219341864827 0.00240437863563005 0.24527530146533 0.0276581325087275
-0.000990980318940922 -0.00175387544537325 0.0924668848428307 -0.118721767828841
0.00188328080315228 0.00842914368493518 -0.0655271564891479 -0.0589752839935015
0.00431521427060173 0.00280601142629618 0.0494333522764383 0.0368358006071508
0.00303471828252134 -0.00613380342628837 -0.0804940868347564 0.0586528942212241
-0.00306799978187484 -0.00172764123239825 -0.18019584653388 -0.0424872010015209
-0.00362382747451516 0.00270819921856371 -0.0384723593005807 -0.286679004068155
-0.00179056364945644 0.00658946594854907 0.344534737073697 -0.207541037837393
-0.0077987060999828 0.000363481024211594 0.359851545273685 0.222738653264953
-0.00360512362527303 0.00838709999723823 0.0395999070758643 0.309474515386142
-0.010229388770078 0.00203334052622223 0.0318441784991672 0.0302456165976612
-0.0103792534275447 -0.00127956086517405 0.0255356352687386 -0.286251252070364
-0.000494984432848206 -0.00114318106959806 -0.390173153866768 -0.239119824504469
0.0060100561298232 3.72364319767735E-05 -0.373341473585869 0.312477476049159
0.00144897871382634 0.0026123326745891 0.1373739198487 0.361315232495353
-0.00635855808175381 0.000487134286270239 0.244294242819657 0.0297256752970842
0.00256037202796261 -0.00404547569021189 0.0931791973676067 -0.119319721481415
0.00322076928164707 0.00552808656438801 -0.0634706661086801 -0.0580270397899296
-0.00538150773121172 0.00230695478039526 0.0272145577363742 0.0263812350024828
-0.00409772523724744 0.00397733023546852 -0.0883632673006783 0.0647856826299575
-0.0017086131641404 0.00130173388063853 -0.184137133111757 -0.0301477820577942
-0.00352008514089022 -0.00678901105744888 -0.0874875013198729 -0.290610978779007
-0.000693115048901171 0.00626250758429903 0.286545580307611 -0.265155207168435
-0.00756011505311797 0.0090427242482179 0.371649693994893 0.150325436110251
-0.00056721647521401 0.0114820303621816 0.0757617761566958 0.285501952441345
-0.00424097366770979 0.00242256217875614 0.0383845179263627 0.0276046993614368
-0.00834257115820402 0.00195954669503845 0.0459584267613625 -0.288342967260416
-0.00162947479513812 0.00717305918818447 -0.374236121172082 -0.301097411261299
0.00529870323167563 0.000324400374018733 -0.437099306967989 0.240594692770745
-0.000196872986188854 -0.00675758884309883 0.0658370805257565 0.363763898139957
-0.00432115662676471 0.00219256468794479 0.224534555241544 0.0616949456695203
-0.00423793820062483 0.00817655664026102 0.0958152227568504 -0.0880366055305032
-0.00804158918533067 0.00651465615431144 -0.046646261753751 -0.0367683360666343
-0.00518979362358859 0.00476942128514614 0.0269696727056103 0.0241670948669112
-0.00651081483045584 0.00420901412990809 -0.0885250253051525 0.0637267941937976
-0.00647807880064686 0.00187152980981207 -0.181129948837109 -0.0343311258851093
-0.00333417221482273 -0.00676023922446304 -0.0777293822436559 -0.293316381163405
0.00408854214177402 0.00526818175290958 0.29568529123559 -0.255069008735799
-0.00424670396456491 0.00995707799061196 0.371729273483504 0.164080084028205
-0.00113405526151141 0.0132447786948109 0.0707946801992196 0.288045037572829
-0.00578350371346875 0.00250028235045842 0.0386548859497173 0.0282625241438764
-0.00885484696675245 0.00245865931003491 0.0415122291706304 -0.286819805361876
0.00197825328934788 0.00758230066370789 -0.38010694724225 -0.286382752760724
0.00965110963804297 -0.00204119408303033 -0.426735322078966 0.253414665534272
-3.95379172328245E-05 -0.00730602387254626 0.0771478916165556 0.361211381666839
-0.00926878732147267 0.00351415499148742 0.228275031406257 0.0565579216480852
-0.00683750246389519 0.00873500737909166 0.0959415535484273 -0.0904740055626506
-0.00769401208038029 0.00892394841779167 -0.0464046422109511 -0.0371912112983865
-0.00397030324422866 0.00659582284947945 0.0266824794194083 0.0218282040803488
-0.00859937754853845 0.00364121534996952 -0.0875036595844101 0.06162161720069
-0.0103781482838775 0.00179711771649552 -0.176921945090068 -0.0387874270746756
-0.00331631452947793 -0.00660133033985915 -0.0647144405196403 -0.296092956082846
0.00764255168786935 0.00492990582696716 0.30922206958047 -0.242593965202562
-0.00208917401887072 0.00948164908829364 0.367957651121382 0.180516364928222
-0.00177514989389017 0.0135540297773356 0.065073674688298 0.293187062374281
-0.0067635634586553 0.00259894105740177 0.0376123101082961 0.0278142305106687
-0.00918803365951424 0.00360051142610251 0.0350346367717863 -0.285452827333858
0.00441640868601804 0.00737893133049171 -0.386082045996204 -0.270246993002078
0.0133259831801079 -0.00367500057610033 -0.414110207971396 0.270220429290459
-0.000114757326263345 -0.00685747364322862 0.0919858746269675 0.359968900654642
-0.0123877075238145 0.00458163800593836 0.231614748884041 0.0511781986169486
-0.00779809989735502 0.00835210611950921 0.0954830841422937 -0.0932354143734841
-0.00572156972201298 0.0104116962553904 -0.0463167816704846 -0.0390533169808294
-0.00321364904389855 0.00752372703835476 0.0273435851444292 0.0203788673953813
-0.00932467059073749 0.0021087628040681 -0.086315195740598 0.0585437993325707
-0.0129155989492337 0.00128684806106007 -0.172767919246973 -0.043758708723058
-0.00252984194337381 -0.00536313209500932 -0.0528429555962922 -0.296100073817817
0.0096422675288753 0.00510434730591637 0.320782731936282 -0.229050572661382
-0.00115860744528373 0.0084929371462595 0.36564823845598 0.195011626398076
-0.00293321788123388 0.0134760797002914 0.0595463515948096 0.296747027103948
-0.00878855697615458 0.00287674212297161 0.0368266416050013 0.0282411731589975
-0.00898331186433519 0.00336027926602536 0.0288253322399636 -0.283384778017254
0.00633707156980927 0.00588465218432605 -0.390885737702588 -0.255280289077172
0.0152709909225418 -0.00485111041807519 -0.399032244424863 0.285888008762055
0.000129537453253448 -0.00541893161785966 0.106977615688374 0.357881893262082
-0.014241236159096 0.00487031810329532 0.235419896269073 0.0457638852804309
-0.00848322341444802 0.00762526152655803 0.0957621250117863 -0.096475965960985
-0.00465813063215794 0.0117114403804723 -0.0455135237008618 -0.0409608299671419
-0.00149857415959602 0.00715498904861777 0.0283982950942447 0.0186972646660238
-0.00831061801749585 -0.000651797665411733 -0.0856118653720444 0.0553278835631701
-0.0127465539755994 0.000765073552249903 -0.170148525119598 -0.0472259448518096
-0.00219689041540472 -0.00343410405741635 -0.040072258478639 -0.295820643762027
0.0091305482206233 0.00520551559579267 0.332000498984129 -0.216510321256705
-0.00151674664546827 0.00747121705904947 0.363118833127169 0.210557422347792
-0.00363474163322023 0.0131910757690334 0.0530274272601088 0.299813158183799
-0.00985050612808072 0.00287988519271068 0.0357829126691619 0.0281976167143316
-0.00945630276399715 0.00342178183374009 0.0230675705124948 -0.282120598173262
0.00651487932021925 0.00386957599815405 -0.3946366871394 -0.243368148199507
0.0151307663568038 -0.00496806384221827 -0.385498229497823 0.298130339604081
0.000474610562023268 -0.00321586357397394 0.120006363938015 0.35600776913786
-0.014468590023811 0.00529450956714189 0.237596213630065 0.0407170088911988
-0.00672032797237265 0.00515833175058893 0.0967364564170541 -0.0998380044336636
-0.00216964585906305 0.0109881760210913 -0.0441943679498438 -0.0413675496235562
0.000527420391040976 0.0059303790919356 0.0294636217022256 0.0182731355150003
-0.00591050511901847 -0.00268536529302374 -0.0851160329467099 0.0518494516084154
-0.0111554745606851 0.000487708280043884 -0.168505119428594 -0.0502499815264544
-0.00213716433213978 -0.00175465835903162 -0.031861810622197 -0.293053348891518
0.00683619265619541 0.00506961546020481 0.339906589609317 -0.207006233016839
-0.00312910266045103 0.00485845746863416 0.361300749693987 0.218608716290992
-0.0041563381883214 0.0123799376041326 0.0480194820953878 0.302486658836829
-0.00994031597696048 0.00337479071343871 0.0339549777434351 0.0281335940004636
-0.0097742246393835 0.00276218907604561 0.0196008323258792 -0.281456634007462
0.00478174100319063 0.00235347173158852 -0.395734986909348 -0.233684438718895
0.0135823102156096 -0.00411832567632937 -0.377142762354363 0.307389300873567
0.0012312686945392 -0.00122518775444973 0.128920707640281 0.355958792949994
-0.0124436420373273 0.00475125902697223 0.239514735009468 0.0378808976964405
-0.00485240597427808 0.00260788884644938 0.0964062161184109 -0.102517978530444
-0.000678278335274621 0.00975506292199282 -0.0425645127803004 -0.0422341292098406
0.00235139288244903 0.0039619249429589 0.0302404704073376 0.0185787131055536
-0.0027022021286917 -0.00390265751332219 -0.0849137045092523 0.0496892177624016
-0.00707219236213003 0.000517372864115242 -0.168379089166639 -0.0504968618244328
-0.0028788559691008 0.000553165955208499 -0.0283541096592992 -0.291015412470178
0.00296132059589373 0.00545562129999617 0.343827117602826 -0.204623121111717
-0.00549593890502935 0.00306784140539463 0.361867432850403 0.221295270776414
-0.00391646596126225 0.0105068895902894 0.0468918052529846 0.302897048690037
-0.0100665924143509 0.00357915667118971 0.0322413551693068 0.0276905705966029
-0.010152274276589 0.00202685968032419 0.0161474071696633 -0.281555324106455
0.0018269266389346 0.000964960502504605 -0.395889966125736 -0.230022654755915
0.0100133539711791 -0.00278876583651357 -0.371171848951681 0.311027183451808
0.00176169031288699 0.000660812553049279 0.13314846781269 0.357077018452161
-0.00954834442255668 0.00355706421910845 0.239780042800042 0.0365189533853456
-0.00197645380386452 -0.000264995414329892 0.0973431328386158 -0.104105145707722
0.00114259229533134 0.0078393841019363 -0.0410802388383289 -0.0421006749270093
0.00414642800212327 0.00136754760736736 0.0307138776366906 0.0193295115485397
0.00141075529087819 -0.00431511857123637 -0.0839665377827 0.0480798108912245
-0.00240277526915366 -0.000323277200920372 -0.17006813413292 -0.0493647088176198
-0.00246463842730791 0.0022158163573446 -0.0304981035187986 -0.287723322704936
-0.00242376228736104 0.00619636589575628 0.343838665026464 -0.206471418558038
-0.00856774086178078 0.000704912911681383 0.361266166497391 0.218010354268417
-0.00386017495977805 0.00973392159133493 0.0471079196867779 0.302019882177901
-0.00973332113964991 0.00335572888083449 0.0308400365191637 0.0280423189653638
-0.0101236651384653 0.00074704798216813 0.0176833536864612 -0.281630095062838
-0.00201200699688889 -0.000621182806500593 -0.394478810989234 -0.233776490431966
0.00556402413215165 -0.000590337845820348 -0.372126164986639 0.307523904772441
0.00223304182121725 0.00216903699292653 0.131246529746599 0.360601457205959
-0.0049449335392466 0.0015282586190978 0.23852347299672 0.0390156225311859
0.00104173905517149 -0.00276202284286134 0.0980488726256469 -0.105409044308037
0.00209881618456528 0.00456993251686782 -0.0395265740488445 -0.0426559614246352
-0.00365926165684143 0.00380244724231284 -0.00278960804830463 0.0206130730788164
-0.00309099002651924 0.00417339494985023 -0.0999953383296176 0.0554091947323183
-0.00190624775777363 0.000647953384722272 -0.184725643625022 -0.0416507582888945
-0.00324954938958361 -0.00541823627548569 -0.0835925826758485 -0.294367841394734
-0.000143151360404928 0.00604574049841286 0.291153970729746 -0.26174790535902
-0.00731969580634421 0.00850506461458841 0.374872920946025 0.143534318155782
-0.00162972103885393 0.0108285511993448 0.0794423444282042 0.271771096079575
-0.00501191427614962 0.00222278784151242 0.0381805563774696 0.024552219741301
-0.00905518347994213 0.000979563732627033 0.0404718488326266 -0.280337477475516
-0.00173098443273211 0.00630390783793591 -0.374559264090392 -0.294059912841229
0.00594570882582589 -0.000199409710209525 -0.437766938304565 0.23667554235819
0.00030088706700784 -0.00599923679545632 0.0565655891776204 0.370440838046424
-0.00411142243956369 0.000673243426922519 0.217788254533144 0.0758727633065728
-0.00277674998463744 0.00692362476390599 0.106775373095921 -0.0762627037626321
-0.00660252715488266 0.00837903484190377 -0.0122774886128976 -0.0293554598839373
-0.00424439050622505 0.00629072490836613 -0.00246849571650209 0.0191060947269136
-0.00545107984863184 0.00426064640303983 -0.098846311108477 0.0531190916835833
-0.00550505150557349 0.000962396064818005 -0.181117117277816 -0.0468590008535009
-0.00265129661025468 -0.00709487676052555 -0.0741218905473548 -0.296926357147103
0.00480229101032857 0.00449446110515587 0.29928715557394 -0.251718657543021
-0.00511096035763324 0.00872313793499509 0.373328454215303 0.156508237238839
-0.00231237051783127 0.012538424285562 0.0755373838022697 0.27512855798326
-0.00635444347973604 0.00273857402851494 0.0374676883254093 0.0236612326889573
-0.00883165275813698 0.00237858457275371 0.0354628208160042 -0.279533075912766
0.00151426482885124 0.00670330529906028 -0.379456809693785 -0.281568674714282
0.0105008079285472 -0.00254927156140498 -0.426677726952804 0.249737809887066
0.000105139565604861 -0.00751997698463693 0.0693445464761638 0.367759035796383
-0.00692937529394961 0.00230175524693133 0.221900074976152 0.0696852241812839
-0.00513416994222052 0.00839862817448542 0.106577626795296 -0.0785031964409224
-0.00658548855713406 0.0105381911717077 -0.0123567124059091 -0.0306790072984989
-0.00378681771457968 0.00738391392629581 -0.00245872174533602 0.0164655073369747
-0.00764936395454646 0.00401863145210797 -0.097891227369033 0.0513031365089663
-0.00791195974265471 0.00115375670913799 -0.176282394475779 -0.0524228523215713
-0.00196898025424828 -0.00768519207462532 -0.0601443590181302 -0.299695596366415
0.00746691014312796 0.00367962276078277 0.311859208244713 -0.239514529977378
-0.00361210783157809 0.00835776626314871 0.36921756459506 0.173467708545565
-0.00285065987722928 0.0130168847038458 0.0689543926859791 0.27957689026612
-0.00772199870717858 0.00345107419543014 0.0367685708825481 0.0240969930648947
-0.00949904574356689 0.00395966143641826 0.0290063602246174 -0.278127514933552
0.00338370508517027 0.00679603722104923 -0.387432024240392 -0.266313722881718
0.0135952794352789 -0.00457316568914029 -0.41314125961886 0.266341315349668
0.000229037612439943 -0.00793761968098652 0.083700036770202 0.366066811518674
-0.00997745475805408 0.0030010832876736 0.226498703951774 0.0643881896850906
-0.00683227052922732 0.00878276242354657 0.107679917346896 -0.0822174585593259
-0.00576179886849031 0.0113873522378915 -0.0119114759114851 -0.0326177369707415
-0.0026277669443662 0.0075900512819105 -0.00177781266655314 0.0140078697911589
-0.00839718520642901 0.00322627578247611 -0.0963923481540856 0.0478608609506512
-0.00918096816089144 0.00146293079745041 -0.170916838408466 -0.0575705621605132
-0.00126078033620951 -0.0069221178174977 -0.0469239524822087 -0.300080010829812
0.00861103920428166 0.00346944576771249 0.324222324808089 -0.226618665106776
-0.00285125063849787 0.00806634165609163 0.366764415850824 0.187566488983061
-0.00346775365008818 0.0139671640200217 0.0633832341475754 0.28312103334891
-0.00884674672306308 0.004479520902587 0.035152839998837 0.0241585698505914
-0.010102894702416 0.00443123684099306 0.0227162554817928 -0.276702513612462
0.00490338012263511 0.00585616479352568 -0.391530717915851 -0.248998853018109
0.0144175960209889 -0.00625082532798922 -0.400251850035964 0.282008527612596
0.00117006048038101 -0.00703132902244549 0.100133608516237 0.364072055209991
-0.0107913416209165 0.00433286263849466 0.231324938267113 0.058295637203605
-0.00719869113239063 0.0082418306594054 0.10856315397465 -0.0855852184656122
-0.00454717950120684 0.0118551591873423 -0.0105826137003632 -0.034821076675551
-0.00134658345771199 0.00656738465314778 -0.00070151045573444 0.0116983700954564
-0.00772289619498751 0.00159657850288851 -0.095525301587643 0.0447885391007616
-0.00920735073903558 0.00100896840738571 -0.166577018871814 -0.06078677726627
-0.00052379641475927 -0.00581209981566549 -0.0345741532240653 -0.30031953726214
0.00793478620588725 0.00391486608628271 0.334914822506521 -0.214196117933535
-0.00346926689086285 0.00709487198506921 0.364607063569409 0.202322241648233
-0.00412156428813598 0.0134229797155285 0.0568111570265355 0.286707050368918
-0.00908740329452283 0.00485662343301653 0.0332817308004366 0.0247935839861195
-0.00981260813663288 0.00477220275753391 0.0163743337805599 -0.275612804379901
0.00449072112670284 0.00463288649406117 -0.394949709767316 -0.236496096025072
0.0137511618923578 -0.00652640626276149 -0.38650027646408 0.294688832377205
0.00142231331017147 -0.00559710982030899 0.113065131663233 0.361608410781439
-0.0105591100100222 0.00437967921129963 0.235459934871417 0.0527676368855232
-0.00641618825747692 0.00650232732579862 0.108974104758433 -0.0888045606607628
-0.00264709943862044 0.0110261209440133 -0.00944139712782148 -0.0367081023731111
0.000161126278274753 0.00523385603730216 0.000231163411836849 0.0110383734489142
-0.0057029280666232 1.04336751184713E-05 -0.0948469106499751 0.0422146098563116
-0.00763749476993602 0.000974193398378588 -0.163579824598541 -0.0630297041784443
-0.000421196478227477 -0.00321619151286533 -0.0253104296542465 -0.298660221181463
0.00577542754254862 0.00428295492374488 0.342270976741731 -0.20567146789567
-0.0047772339728652 0.00547984882395088 0.363101787342438 0.210903061729954
-0.00442707008703507 0.0128909195762041 0.0519282948483435 0.288950566789177
-0.00931174433985429 0.00530155176298582 0.0314381669036582 0.0254556766537936
-0.00973146412005116 0.00399712571805026 0.0128260407731107 -0.273343463746711
0.00340064019157443 0.0030060392458251 -0.396252592346207 -0.228861893658248
0.0116507383366481 -0.00549179218853653 -0.379672643873414 0.302702231117323
0.00196383331638632 -0.00368901309674622 0.122430301335181 0.360154728321376
-0.00893685980029705 0.00466675417288262 0.237837134111814 0.0499998608991452
-0.00471197706356715 0.00454357088562461 0.109926031139675 -0.0918574809608557
-0.0015955590578929 0.00916851498338618 -0.00779228964668336 -0.0381724312510609
0.00210396438603799 0.00260535866967357 0.00069218304276662 0.0101387647672358
-0.0030910696950895 -0.00167965149453114 -0.0942106454000118 0.0405826813862402
-0.00443994806859178 0.00130931930020701 -0.162759234643509 -0.062820853495393
-0.00121937437039487 -0.000675063939784614 -0.0218845236156575 -0.296802857864145
0.00162111712455596 0.00483976875014868 0.345634383311003 -0.20297040376699
-0.0071225425063127 0.0038690180839929 0.361987703439353 0.214595561558303
-0.00392610592495993 0.0119855903813292 0.0501926135264453 0.290473697881846
-0.0086338996369866 0.0055658634530713 0.0300433298349996 0.0253933431728235
-0.0100450151271327 0.00376810982364463 0.00996427839513614 -0.272994607881816
0.000587800200533843 0.00210168307685369 -0.396900803204179 -0.222618378885361
0.00870396933782947 -0.00303653185455405 -0.373522386462654 0.306592600728258
0.00246848806132339 -0.00106849555098552 0.127568760018049 0.360643722088526
-0.00646135876391042 0.00387343251642529 0.238934985588831 0.0486541148715861
-0.00250586187054208 0.00161976460370802 0.110339226948454 -0.0931714743859531
-0.000420708554333912 0.00662927897689825 -0.00641680817723907 -0.0384661563845989
0.00326618856832494 -0.000326083798952212 0.00113879845211551 0.0113808510403623
3.88609082922478E-05 -0.00316482471044759 -0.0934821305956273 0.03991430125197
-0.000853643106394921 0.00103034026725377 -0.163669234693032 -0.0617053550634323
-0.0019300723904513 0.00148848178980806 -0.0228905834730561 -0.296185485974287
-0.0031425102707797 0.0057719279645344 0.345682653369101 -0.204870951086661
-0.00935746598958893 0.00185692792108727 0.362476381456418 0.21125767002602
-0.00295712816255068 0.0110523150091037 0.0505074424395028 0.290353269630303
-0.00810543030429689 0.00539284436208874 0.0291925065900044 0.0265998978085488
-0.00921600629086225 0.00248136647670196 0.0109590763219799 -0.272378974092602
-0.00220722819804304 0.000791512589798961 -0.395116860727444 -0.227162652509661
0.00447002939000135 -0.000708127738662638 -0.374983328707197 0.302211155540769
0.00268315945817597 0.00159782480036259 0.125178388173486 0.363561097780222
-0.00275248773330061 0.00230748741424864 0.238289280093472 0.0511517633147383
0.000638073093860365 -0.00150233722896217 0.11092726545319 -0.0935291804518928
0.000705368747510812 0.00405897525767909 -0.00511325973316381 -0.039346255608494
